Aggregate  (cost=53473.43..53473.44 rows=1 width=64) (actual time=147.299..147.299 rows=1 loops=1)
  ->  Nested Loop  (cost=1.85..53473.31 rows=24 width=33) (actual time=147.294..147.294 rows=0 loops=1)
        Join Filter: (mc.company_type_id = ct.id)
        ->  Nested Loop  (cost=1.85..53471.03 rows=24 width=37) (actual time=147.293..147.293 rows=0 loops=1)
              ->  Nested Loop  (cost=1.42..53445.05 rows=44 width=25) (actual time=147.293..147.293 rows=0 loops=1)
                    Join Filter: (ci.role_id = rt.id)
                    Rows Removed by Join Filter: 2614
                    ->  Seq Scan on role_type rt  (cost=0.00..1.15 rows=1 width=4) (actual time=0.007..0.012 rows=1 loops=1)
                          Filter: ((role)::text = 'actor'::text)
                          Rows Removed by Filter: 11
                    ->  Nested Loop  (cost=1.42..53437.30 rows=528 width=29) (actual time=2.523..146.960 rows=2614 loops=1)
                          Join Filter: (t.id = ci.movie_id)
                          ->  Nested Loop  (cost=0.86..52829.98 rows=327 width=29) (actual time=2.504..91.629 rows=1259 loops=1)
                                ->  Nested Loop  (cost=0.43..51715.75 rows=2147 width=8) (actual time=0.026..56.307 rows=8790 loops=1)
                                      ->  Seq Scan on company_name cn  (cost=0.00..5932.46 rows=230 width=4) (actual time=0.015..41.486 rows=1361 loops=1)
                                            Filter: ((country_code)::text = '[ru]'::text)
                                            Rows Removed by Filter: 233636
                                      ->  Index Scan using company_id_movie_companies on movie_companies mc  (cost=0.43..197.74 rows=132 width=12) (actual time=0.004..0.009 rows=6 loops=1361)
                                            Index Cond: (company_id = cn.id)
                                ->  Index Scan using title_pkey on title t  (cost=0.43..0.52 rows=1 width=21) (actual time=0.004..0.004 rows=0 loops=8790)
                                      Index Cond: (id = mc.movie_id)
                                      Filter: (production_year > 2010)
                                      Rows Removed by Filter: 1
                          ->  Index Scan using movie_id_cast_info on cast_info ci  (cost=0.56..1.84 rows=1 width=12) (actual time=0.024..0.043 rows=2 loops=1259)
                                Index Cond: (movie_id = mc.movie_id)
                                Filter: (note ~~ '%(producer)%'::text)
                                Rows Removed by Filter: 44
              ->  Index Scan using char_name_pkey on char_name chn  (cost=0.43..0.59 rows=1 width=20) (never executed)
                    Index Cond: (id = ci.person_role_id)
        ->  Materialize  (cost=0.00..1.06 rows=4 width=4) (never executed)
              ->  Seq Scan on company_type ct  (cost=0.00..1.04 rows=4 width=4) (never executed)
Planning time: 2.930 ms
Execution time: 147.388 ms
