Aggregate  (cost=1041368.33..1041368.34 rows=1 width=64) (actual time=11514.549..11514.550 rows=1 loops=1)
  ->  Hash Join  (cost=302844.03..1038977.17 rows=478232 width=33) (actual time=4863.462..11514.483 rows=10 loops=1)
        Hash Cond: (ci.role_id = rt.id)
        ->  Hash Join  (cost=302842.76..1033291.92 rows=478232 width=37) (actual time=4863.434..11514.449 rows=10 loops=1)
              Hash Cond: (mc.company_type_id = ct.id)
              ->  Hash Join  (cost=302841.67..1028314.23 rows=478232 width=41) (actual time=4863.423..11514.431 rows=10 loops=1)
                    Hash Cond: (ci.person_role_id = chn.id)
                    ->  Hash Join  (cost=195737.01..910155.32 rows=875584 width=29) (actual time=3186.320..9783.506 rows=782104 loops=1)
                          Hash Cond: (ci.movie_id = t.id)
                          ->  Seq Scan on cast_info ci  (cost=0.00..705746.65 rows=1333173 width=12) (actual time=394.784..6462.896 rows=1435439 loops=1)
                                Filter: (note ~~ '%(producer)%'::text)
                                Rows Removed by Filter: 34808905
                          ->  Hash  (cost=187030.96..187030.96 rows=696484 width=29) (actual time=2788.295..2788.295 rows=596250 loops=1)
                                Buckets: 1048576  Batches: 1  Memory Usage: 46113kB
                                ->  Hash Join  (cost=96570.58..187030.96 rows=696484 width=29) (actual time=1181.768..2588.370 rows=596250 loops=1)
                                      Hash Cond: (mc.movie_id = t.id)
                                      ->  Hash Join  (cost=6977.22..84798.67 rows=1001104 width=8) (actual time=67.781..1051.011 rows=1153798 loops=1)
                                            Hash Cond: (mc.company_id = cn.id)
                                            ->  Seq Scan on movie_companies mc  (cost=0.00..44881.29 rows=2609129 width=12) (actual time=0.014..381.182 rows=2609129 loops=1)
                                            ->  Hash  (cost=5932.46..5932.46 rows=83581 width=4) (actual time=67.150..67.150 rows=84843 loops=1)
                                                  Buckets: 131072  Batches: 1  Memory Usage: 4007kB
                                                  ->  Seq Scan on company_name cn  (cost=0.00..5932.46 rows=83581 width=4) (actual time=0.021..51.752 rows=84843 loops=1)
                                                        Filter: ((country_code)::text = '[us]'::text)
                                                        Rows Removed by Filter: 150154
                                      ->  Hash  (cost=67604.32..67604.32 rows=1759122 width=21) (actual time=1108.070..1108.070 rows=1749032 loops=1)
                                            Buckets: 2097152  Batches: 1  Memory Usage: 110019kB
                                            ->  Seq Scan on title t  (cost=0.00..67604.32 rows=1759122 width=21) (actual time=0.031..605.326 rows=1749032 loops=1)
                                                  Filter: (production_year > 1990)
                                                  Rows Removed by Filter: 779280
                    ->  Hash  (cost=67850.96..67850.96 rows=3140296 width=20) (actual time=1666.016..1666.016 rows=3140339 loops=1)
                          Buckets: 4194304  Batches: 1  Memory Usage: 198037kB
                          ->  Seq Scan on char_name chn  (cost=0.00..67850.96 rows=3140296 width=20) (actual time=0.053..744.562 rows=3140339 loops=1)
              ->  Hash  (cost=1.04..1.04 rows=4 width=4) (actual time=0.004..0.004 rows=4 loops=1)
                    Buckets: 1024  Batches: 1  Memory Usage: 9kB
                    ->  Seq Scan on company_type ct  (cost=0.00..1.04 rows=4 width=4) (actual time=0.002..0.003 rows=4 loops=1)
        ->  Hash  (cost=1.12..1.12 rows=12 width=4) (actual time=0.016..0.016 rows=12 loops=1)
              Buckets: 1024  Batches: 1  Memory Usage: 9kB
              ->  Seq Scan on role_type rt  (cost=0.00..1.12 rows=12 width=4) (actual time=0.007..0.010 rows=12 loops=1)
Planning time: 3.053 ms
Execution time: 11516.536 ms
