Aggregate  (cost=53235.17..53235.18 rows=1 width=96) (actual time=382.580..382.580 rows=1 loops=1)
  ->  Nested Loop  (cost=7788.00..53235.16 rows=1 width=42) (actual time=51.432..382.224 rows=372 loops=1)
        ->  Nested Loop  (cost=7787.86..53234.33 rows=5 width=46) (actual time=51.396..378.885 rows=2122 loops=1)
              Join Filter: (t.id = mi.movie_id)
              ->  Nested Loop  (cost=7787.42..53232.35 rows=1 width=54) (actual time=51.371..375.348 rows=61 loops=1)
                    ->  Hash Join  (cost=7787.00..53231.91 rows=1 width=39) (actual time=50.683..373.615 rows=117 loops=1)
                          Hash Cond: (mc.company_type_id = ct.id)
                          ->  Nested Loop  (cost=7785.94..53230.15 rows=67 width=43) (actual time=50.656..373.480 rows=313 loops=1)
                                Join Filter: (t.id = mc.movie_id)
                                ->  Nested Loop  (cost=7785.51..53222.29 rows=12 width=31) (actual time=50.627..371.962 rows=90 loops=1)
                                      Join Filter: (miidx.info_type_id = it.id)
                                      Rows Removed by Join Filter: 180
                                      ->  Seq Scan on info_type it  (cost=0.00..2.41 rows=1 width=4) (actual time=0.012..0.014 rows=1 loops=1)
                                            Filter: ((info)::text = 'rating'::text)
                                            Rows Removed by Filter: 112
                                      ->  Nested Loop  (cost=7785.51..53219.04 rows=67 width=35) (actual time=50.612..371.885 rows=270 loops=1)
                                            ->  Nested Loop  (cost=7785.08..52213.31 rows=123 width=21) (actual time=50.207..369.287 rows=395 loops=1)
                                                  ->  Seq Scan on kind_type kt  (cost=0.00..1.09 rows=1 width=4) (actual time=0.002..0.007 rows=1 loops=1)
                                                        Filter: ((kind)::text = 'movie'::text)
                                                        Rows Removed by Filter: 6
                                                  ->  Bitmap Heap Scan on title t  (cost=7785.08..52211.44 rows=78 width=25) (actual time=50.202..369.169 rows=395 loops=1)
                                                        Recheck Cond: (kind_id = kt.id)
                                                        Filter: ((title <> ''::text) AND ((title ~~ '%Champion%'::text) OR (title ~~ '%Loser%'::text)))
                                                        Rows Removed by Filter: 662430
                                                        Heap Blocks: exact=12863
                                                        ->  Bitmap Index Scan on kind_id_title  (cost=0.00..7785.07 rows=421418 width=0) (actual time=45.533..45.533 rows=662825 loops=1)
                                                              Index Cond: (kind_id = kt.id)
                                            ->  Index Scan using movie_id_movie_info_idx on movie_info_idx miidx  (cost=0.43..8.15 rows=3 width=14) (actual time=0.005..0.006 rows=1 loops=395)
                                                  Index Cond: (movie_id = t.id)
                                ->  Index Scan using movie_id_movie_companies on movie_companies mc  (cost=0.43..0.59 rows=5 width=12) (actual time=0.012..0.015 rows=3 loops=90)
                                      Index Cond: (movie_id = miidx.movie_id)
                          ->  Hash  (cost=1.05..1.05 rows=1 width=4) (actual time=0.009..0.009 rows=1 loops=1)
                                Buckets: 1024  Batches: 1  Memory Usage: 9kB
                                ->  Seq Scan on company_type ct  (cost=0.00..1.05 rows=1 width=4) (actual time=0.006..0.007 rows=1 loops=1)
                                      Filter: ((kind)::text = 'production companies'::text)
                                      Rows Removed by Filter: 3
                    ->  Index Scan using company_name_pkey on company_name cn  (cost=0.42..0.45 rows=1 width=23) (actual time=0.014..0.014 rows=1 loops=117)
                          Index Cond: (id = mc.company_id)
                          Filter: ((country_code)::text = '[us]'::text)
                          Rows Removed by Filter: 0
              ->  Index Scan using movie_id_movie_info on movie_info mi  (cost=0.43..1.46 rows=41 width=8) (actual time=0.010..0.048 rows=35 loops=61)
                    Index Cond: (movie_id = mc.movie_id)
        ->  Index Scan using info_type_pkey on info_type it2  (cost=0.14..0.16 rows=1 width=4) (actual time=0.001..0.001 rows=0 loops=2122)
              Index Cond: (id = mi.info_type_id)
              Filter: ((info)::text = 'release dates'::text)
              Rows Removed by Filter: 1
Planning time: 7.832 ms
Execution time: 382.682 ms
