Aggregate  (cost=132105.41..132105.42 rows=1 width=96) (actual time=6487.133..6487.133 rows=1 loops=1)
  ->  Nested Loop  (cost=93013.72..132103.47 rows=258 width=42) (actual time=1790.337..6079.755 rows=670390 loops=1)
        Join Filter: (mi.info_type_id = it2.id)
        Rows Removed by Join Filter: 3646194
        ->  Seq Scan on info_type it2  (cost=0.00..2.41 rows=1 width=4) (actual time=0.010..0.022 rows=1 loops=1)
              Filter: ((info)::text = 'release dates'::text)
              Rows Removed by Filter: 112
        ->  Nested Loop  (cost=93013.72..131736.87 rows=29135 width=46) (actual time=1790.294..5679.613 rows=4316584 loops=1)
              ->  Hash Join  (cost=93013.29..130017.58 rows=913 width=54) (actual time=1790.260..2689.482 rows=87293 loops=1)
                    Hash Cond: (t.kind_id = kt.id)
                    ->  Nested Loop  (cost=93012.19..129943.87 rows=6393 width=58) (actual time=1136.706..2617.976 rows=248554 loops=1)
                          ->  Hash Join  (cost=93011.76..126642.06 rows=6393 width=33) (actual time=1136.651..1602.552 rows=248554 loops=1)
                                Hash Cond: (miidx.movie_id = mc.movie_id)
                                ->  Nested Loop  (cost=6462.25..22162.36 rows=459925 width=10) (actual time=33.406..250.415 rows=459925 loops=1)
                                      ->  Seq Scan on info_type it  (cost=0.00..2.41 rows=1 width=4) (actual time=0.011..0.017 rows=1 loops=1)
                                            Filter: ((info)::text = 'rating'::text)
                                            Rows Removed by Filter: 112
                                      ->  Bitmap Heap Scan on movie_info_idx miidx  (cost=6462.25..18709.86 rows=345009 width=14) (actual time=33.391..167.676 rows=459925 loops=1)
                                            Recheck Cond: (info_type_id = it.id)
                                            Heap Blocks: exact=7934
                                            ->  Bitmap Index Scan on info_type_id_movie_info_idx  (cost=0.00..6375.99 rows=345009 width=0) (actual time=31.917..31.917 rows=459925 loops=1)
                                                  Index Cond: (info_type_id = it.id)
                                ->  Hash  (cost=83421.06..83421.06 rows=250276 width=23) (actual time=1102.962..1102.962 rows=552328 loops=1)
                                      Buckets: 1048576 (originally 262144)  Batches: 1 (originally 1)  Memory Usage: 40120kB
                                      ->  Hash Join  (cost=6977.65..83421.06 rows=250276 width=23) (actual time=76.596..932.894 rows=552328 loops=1)
                                            Hash Cond: (mc.company_id = cn.id)
                                            ->  Nested Loop  (cost=0.43..59590.99 rows=1334883 width=8) (actual time=0.052..562.210 rows=1334883 loops=1)
                                                  ->  Seq Scan on company_type ct  (cost=0.00..1.05 rows=1 width=4) (actual time=0.008..0.012 rows=1 loops=1)
                                                        Filter: ((kind)::text = 'production companies'::text)
                                                        Rows Removed by Filter: 3
                                                  ->  Index Scan using company_type_id_movie_companies on movie_companies mc  (cost=0.43..46544.30 rows=1304564 width=12) (actual time=0.041..351.576 rows=1334883 loops=1)
                                                        Index Cond: (company_type_id = ct.id)
                                            ->  Hash  (cost=5932.46..5932.46 rows=83581 width=23) (actual time=76.402..76.402 rows=84843 loops=1)
                                                  Buckets: 131072  Batches: 1  Memory Usage: 5810kB
                                                  ->  Seq Scan on company_name cn  (cost=0.00..5932.46 rows=83581 width=23) (actual time=0.014..58.687 rows=84843 loops=1)
                                                        Filter: ((country_code)::text = '[us]'::text)
                                                        Rows Removed by Filter: 150154
                          ->  Index Scan using title_pkey on title t  (cost=0.43..0.52 rows=1 width=25) (actual time=0.003..0.003 rows=1 loops=248554)
                                Index Cond: (id = mc.movie_id)
                    ->  Hash  (cost=1.09..1.09 rows=1 width=4) (actual time=0.006..0.006 rows=1 loops=1)
                          Buckets: 1024  Batches: 1  Memory Usage: 9kB
                          ->  Seq Scan on kind_type kt  (cost=0.00..1.09 rows=1 width=4) (actual time=0.003..0.004 rows=1 loops=1)
                                Filter: ((kind)::text = 'movie'::text)
                                Rows Removed by Filter: 6
              ->  Index Scan using movie_id_movie_info on movie_info mi  (cost=0.43..1.47 rows=41 width=8) (actual time=0.005..0.026 rows=49 loops=87293)
                    Index Cond: (movie_id = t.id)
Planning time: 8.544 ms
Execution time: 6490.516 ms
