Aggregate  (cost=89817.48..89817.49 rows=1 width=64) (actual time=1206.885..1206.885 rows=1 loops=1)
  ->  Nested Loop  (cost=21304.34..89817.40 rows=17 width=61) (actual time=247.334..1206.530 rows=328 loops=1)
        ->  Nested Loop  (cost=21303.92..89809.94 rows=17 width=65) (actual time=247.294..1204.487 rows=328 loops=1)
              ->  Nested Loop  (cost=21303.48..89808.13 rows=1 width=77) (actual time=243.017..1203.656 rows=57 loops=1)
                    ->  Nested Loop  (cost=21303.35..89807.98 rows=1 width=81) (actual time=242.970..1203.426 rows=57 loops=1)
                          ->  Nested Loop  (cost=21303.21..89807.47 rows=2 width=85) (actual time=242.954..1203.209 rows=57 loops=1)
                                ->  Nested Loop  (cost=21302.78..84745.68 rows=2596 width=33) (actual time=233.769..934.968 rows=5134 loops=1)
                                      ->  Hash Join  (cost=21302.35..80276.55 rows=4715 width=12) (actual time=233.721..861.719 rows=13699 loops=1)
                                            Hash Cond: (mc.movie_id = at.movie_id)
                                            ->  Hash Join  (cost=6977.22..65125.53 rows=8254 width=8) (actual time=71.466..677.575 rows=43837 loops=1)
                                                  Hash Cond: (mc.company_id = cn.id)
                                                  ->  Seq Scan on movie_companies mc  (cost=0.00..57926.93 rows=17534 width=12) (actual time=0.012..583.139 rows=61664 loops=1)
                                                        Filter: ((note ~~ '%(200%)%'::text) AND (note ~~ '%(worldwide)%'::text))
                                                        Rows Removed by Filter: 2547465
                                                  ->  Hash  (cost=5932.46..5932.46 rows=83581 width=4) (actual time=71.300..71.300 rows=84843 loops=1)
                                                        Buckets: 131072  Batches: 1  Memory Usage: 4007kB
                                                        ->  Seq Scan on company_name cn  (cost=0.00..5932.46 rows=83581 width=4) (actual time=0.015..56.863 rows=84843 loops=1)
                                                              Filter: ((country_code)::text = '[us]'::text)
                                                              Rows Removed by Filter: 150154
                                            ->  Hash  (cost=9806.72..9806.72 rows=361472 width=4) (actual time=161.259..161.259 rows=361472 loops=1)
                                                  Buckets: 524288  Batches: 1  Memory Usage: 16804kB
                                                  ->  Seq Scan on aka_title at  (cost=0.00..9806.72 rows=361472 width=4) (actual time=0.016..90.910 rows=361472 loops=1)
                                      ->  Index Scan using title_pkey on title t  (cost=0.43..0.95 rows=1 width=21) (actual time=0.005..0.005 rows=0 loops=13699)
                                            Index Cond: (id = at.movie_id)
                                            Filter: (production_year > 2000)
                                            Rows Removed by Filter: 1
                                ->  Index Scan using movie_id_movie_info on movie_info mi  (cost=0.43..1.94 rows=1 width=52) (actual time=0.052..0.052 rows=0 loops=5134)
                                      Index Cond: (movie_id = t.id)
                                      Filter: ((note ~~ '%internet%'::text) AND (info ~~ 'USA:% 200%'::text))
                                      Rows Removed by Filter: 72
                          ->  Index Scan using info_type_pkey on info_type it1  (cost=0.14..0.22 rows=1 width=4) (actual time=0.003..0.003 rows=1 loops=57)
                                Index Cond: (id = mi.info_type_id)
                                Filter: ((info)::text = 'release dates'::text)
                    ->  Index Only Scan using company_type_pkey on company_type ct  (cost=0.13..0.15 rows=1 width=4) (actual time=0.003..0.003 rows=1 loops=57)
                          Index Cond: (id = mc.company_type_id)
                          Heap Fetches: 57
              ->  Index Scan using movie_id_movie_keyword on movie_keyword mk  (cost=0.43..1.34 rows=46 width=8) (actual time=0.010..0.013 rows=6 loops=57)
                    Index Cond: (movie_id = t.id)
        ->  Index Only Scan using keyword_pkey on keyword k  (cost=0.42..0.44 rows=1 width=4) (actual time=0.006..0.006 rows=1 loops=328)
              Index Cond: (id = mk.keyword_id)
              Heap Fetches: 328
Planning time: 12.091 ms
Execution time: 1207.075 ms
