Aggregate  (cost=6910.19..6910.20 rows=1 width=64) (actual time=52.640..52.640 rows=1 loops=1)
  ->  Nested Loop  (cost=2.57..6910.14 rows=9 width=61) (actual time=14.037..52.610 rows=37 loops=1)
        ->  Nested Loop  (cost=2.15..6906.20 rows=9 width=65) (actual time=14.025..52.416 rows=37 loops=1)
              ->  Nested Loop  (cost=1.72..6904.30 rows=1 width=77) (actual time=10.053..52.364 rows=3 loops=1)
                    Join Filter: (mi.info_type_id = it1.id)
                    ->  Nested Loop  (cost=1.72..6901.87 rows=1 width=81) (actual time=10.044..52.343 rows=3 loops=1)
                          ->  Nested Loop  (cost=1.28..6899.39 rows=1 width=29) (actual time=7.121..51.729 rows=26 loops=1)
                                ->  Nested Loop  (cost=0.85..6898.44 rows=1 width=8) (actual time=7.108..51.496 rows=27 loops=1)
                                      Join Filter: (mc.company_type_id = ct.id)
                                      ->  Nested Loop  (cost=0.85..6897.35 rows=1 width=12) (actual time=7.105..51.447 rows=27 loops=1)
                                            ->  Nested Loop  (cost=0.43..6871.62 rows=12 width=8) (actual time=6.471..49.648 rows=278 loops=1)
                                                  ->  Seq Scan on company_name cn  (cost=0.00..6519.95 rows=1 width=4) (actual time=6.411..42.503 rows=1 loops=1)
                                                        Filter: (((country_code)::text = '[us]'::text) AND (name = 'YouTube'::text))
                                                        Rows Removed by Filter: 234996
                                                  ->  Index Scan using company_id_movie_companies on movie_companies mc  (cost=0.43..351.66 rows=1 width=12) (actual time=0.057..7.080 rows=278 loops=1)
                                                        Index Cond: (company_id = cn.id)
                                                        Filter: ((note ~~ '%(200%)%'::text) AND (note ~~ '%(worldwide)%'::text))
                                                        Rows Removed by Filter: 1180
                                            ->  Index Only Scan using movie_id_aka_title on aka_title at  (cost=0.42..2.11 rows=3 width=4) (actual time=0.006..0.006 rows=0 loops=278)
                                                  Index Cond: (movie_id = mc.movie_id)
                                                  Heap Fetches: 27
                                      ->  Seq Scan on company_type ct  (cost=0.00..1.04 rows=4 width=4) (actual time=0.001..0.001 rows=1 loops=27)
                                ->  Index Scan using title_pkey on title t  (cost=0.43..0.95 rows=1 width=21) (actual time=0.008..0.008 rows=1 loops=27)
                                      Index Cond: (id = at.movie_id)
                                      Filter: ((production_year >= 2005) AND (production_year <= 2010))
                                      Rows Removed by Filter: 0
                          ->  Index Scan using movie_id_movie_info on movie_info mi  (cost=0.43..2.47 rows=1 width=52) (actual time=0.022..0.023 rows=0 loops=26)
                                Index Cond: (movie_id = t.id)
                                Filter: ((note ~~ '%internet%'::text) AND (info ~~ 'USA:% 200%'::text))
                                Rows Removed by Filter: 19
                    ->  Seq Scan on info_type it1  (cost=0.00..2.41 rows=1 width=4) (actual time=0.006..0.006 rows=1 loops=3)
                          Filter: ((info)::text = 'release dates'::text)
                          Rows Removed by Filter: 15
              ->  Index Scan using movie_id_movie_keyword on movie_keyword mk  (cost=0.43..1.44 rows=46 width=8) (actual time=0.010..0.014 rows=12 loops=3)
                    Index Cond: (movie_id = t.id)
        ->  Index Only Scan using keyword_pkey on keyword k  (cost=0.42..0.44 rows=1 width=4) (actual time=0.005..0.005 rows=1 loops=37)
              Index Cond: (id = mk.keyword_id)
              Heap Fetches: 37
Planning time: 12.196 ms
Execution time: 52.730 ms
