Aggregate  (cost=179633.39..179633.40 rows=1 width=64) (actual time=938.713..938.714 rows=1 loops=1)
  ->  Nested Loop  (cost=3921.26..179632.85 rows=109 width=61) (actual time=211.013..936.831 rows=2271 loops=1)
        ->  Nested Loop  (cost=3920.84..179585.02 rows=109 width=65) (actual time=210.998..927.828 rows=2271 loops=1)
              ->  Nested Loop  (cost=3920.41..179579.68 rows=3 width=77) (actual time=210.972..924.985 rows=284 loops=1)
                    ->  Nested Loop  (cost=3920.28..179579.24 rows=3 width=81) (actual time=210.963..924.362 rows=284 loops=1)
                          ->  Nested Loop  (cost=3919.86..179575.23 rows=9 width=85) (actual time=210.947..921.483 rows=400 loops=1)
                                ->  Nested Loop  (cost=3919.43..179574.60 rows=1 width=73) (actual time=210.928..919.189 rows=120 loops=1)
                                      ->  Nested Loop  (cost=3919.01..179543.32 rows=60 width=69) (actual time=208.911..909.783 rows=1782 loops=1)
                                            ->  Nested Loop  (cost=3918.58..178820.50 rows=86 width=48) (actual time=208.873..884.968 rows=1783 loops=1)
                                                  ->  Seq Scan on info_type it1  (cost=0.00..2.41 rows=1 width=4) (actual time=0.009..0.024 rows=1 loops=1)
                                                        Filter: ((info)::text = 'release dates'::text)
                                                        Rows Removed by Filter: 112
                                                  ->  Bitmap Heap Scan on movie_info mi  (cost=3918.58..178818.05 rows=4 width=52) (actual time=208.861..884.530 rows=1783 loops=1)
                                                        Recheck Cond: (info_type_id = it1.id)
                                                        Filter: ((info IS NOT NULL) AND (note ~~ '%internet%'::text) AND ((info ~~ 'USA:% 199%'::text) OR (info ~~ 'USA:% 200%'::text)))
                                                        Rows Removed by Filter: 3034936
                                                        Heap Blocks: exact=25448
                                                        ->  Bitmap Index Scan on info_type_id_movie_info  (cost=0.00..3918.58 rows=212019 width=0) (actual time=203.109..203.109 rows=3036719 loops=1)
                                                              Index Cond: (info_type_id = it1.id)
                                            ->  Index Scan using title_pkey on title t  (cost=0.43..8.40 rows=1 width=21) (actual time=0.013..0.013 rows=1 loops=1783)
                                                  Index Cond: (id = mi.movie_id)
                                                  Filter: (production_year > 1990)
                                                  Rows Removed by Filter: 0
                                      ->  Index Only Scan using movie_id_aka_title on aka_title at  (cost=0.42..0.49 rows=3 width=4) (actual time=0.005..0.005 rows=0 loops=1782)
                                            Index Cond: (movie_id = t.id)
                                            Heap Fetches: 120
                                ->  Index Scan using movie_id_movie_companies on movie_companies mc  (cost=0.43..0.58 rows=5 width=12) (actual time=0.012..0.017 rows=3 loops=120)
                                      Index Cond: (movie_id = t.id)
                          ->  Index Scan using company_name_pkey on company_name cn  (cost=0.42..0.45 rows=1 width=4) (actual time=0.007..0.007 rows=1 loops=400)
                                Index Cond: (id = mc.company_id)
                                Filter: ((country_code)::text = '[us]'::text)
                                Rows Removed by Filter: 0
                    ->  Index Only Scan using company_type_pkey on company_type ct  (cost=0.13..0.15 rows=1 width=4) (actual time=0.001..0.001 rows=1 loops=284)
                          Index Cond: (id = mc.company_type_id)
                          Heap Fetches: 284
              ->  Index Scan using movie_id_movie_keyword on movie_keyword mk  (cost=0.43..1.32 rows=46 width=8) (actual time=0.006..0.008 rows=8 loops=284)
                    Index Cond: (movie_id = t.id)
        ->  Index Only Scan using keyword_pkey on keyword k  (cost=0.42..0.44 rows=1 width=4) (actual time=0.003..0.003 rows=1 loops=2271)
              Index Cond: (id = mk.keyword_id)
              Heap Fetches: 2271
Planning time: 12.017 ms
Execution time: 938.811 ms
