Aggregate  (cost=189170.83..189170.84 rows=1 width=64) (actual time=889.226..889.226 rows=1 loops=1)
  ->  Nested Loop  (cost=3922.25..189154.72 rows=3222 width=38) (actual time=168.174..882.295 rows=11347 loops=1)
        ->  Nested Loop  (cost=3921.83..187740.99 rows=3222 width=42) (actual time=168.157..848.122 rows=11347 loops=1)
              ->  Hash Join  (cost=3921.40..187557.51 rows=103 width=54) (actual time=168.143..838.124 rows=875 loops=1)
                    Hash Cond: (mc.company_type_id = ct.id)
                    ->  Nested Loop  (cost=3920.31..187555.35 rows=103 width=58) (actual time=168.124..837.587 rows=875 loops=1)
                          ->  Nested Loop  (cost=3919.89..187426.49 rows=289 width=62) (actual time=168.108..824.458 rows=2099 loops=1)
                                ->  Nested Loop  (cost=3919.46..187393.28 rows=53 width=50) (actual time=166.385..815.859 rows=584 loops=1)
                                      ->  Nested Loop  (cost=3919.03..187321.25 rows=76 width=29) (actual time=166.357..809.597 rows=591 loops=1)
                                            ->  Nested Loop  (cost=3918.61..177761.61 rows=2749 width=4) (actual time=166.085..777.128 rows=10679 loops=1)
                                                  ->  Seq Scan on info_type it1  (cost=0.00..2.41 rows=1 width=4) (actual time=0.006..0.019 rows=1 loops=1)
                                                        Filter: ((info)::text = 'release dates'::text)
                                                        Rows Removed by Filter: 112
                                                  ->  Bitmap Heap Scan on movie_info mi  (cost=3918.61..177757.98 rows=121 width=8) (actual time=166.075..775.414 rows=10679 loops=1)
                                                        Recheck Cond: (info_type_id = it1.id)
                                                        Filter: (note ~~ '%internet%'::text)
                                                        Rows Removed by Filter: 3026040
                                                        Heap Blocks: exact=25448
                                                        ->  Bitmap Index Scan on info_type_id_movie_info  (cost=0.00..3918.58 rows=212019 width=0) (actual time=160.558..160.558 rows=3036719 loops=1)
                                                              Index Cond: (info_type_id = it1.id)
                                            ->  Index Scan using movie_id_aka_title on aka_title at  (cost=0.42..3.45 rows=3 width=25) (actual time=0.003..0.003 rows=0 loops=10679)
                                                  Index Cond: (movie_id = mi.movie_id)
                                      ->  Index Scan using title_pkey on title t  (cost=0.43..0.95 rows=1 width=21) (actual time=0.010..0.010 rows=1 loops=591)
                                            Index Cond: (id = at.movie_id)
                                            Filter: (production_year > 1990)
                                            Rows Removed by Filter: 0
                                ->  Index Scan using movie_id_movie_companies on movie_companies mc  (cost=0.43..0.58 rows=5 width=12) (actual time=0.010..0.013 rows=4 loops=584)
                                      Index Cond: (movie_id = t.id)
                          ->  Index Scan using company_name_pkey on company_name cn  (cost=0.42..0.45 rows=1 width=4) (actual time=0.006..0.006 rows=0 loops=2099)
                                Index Cond: (id = mc.company_id)
                                Filter: ((country_code)::text = '[us]'::text)
                                Rows Removed by Filter: 1
                    ->  Hash  (cost=1.04..1.04 rows=4 width=4) (actual time=0.009..0.009 rows=4 loops=1)
                          Buckets: 1024  Batches: 1  Memory Usage: 9kB
                          ->  Seq Scan on company_type ct  (cost=0.00..1.04 rows=4 width=4) (actual time=0.005..0.006 rows=4 loops=1)
              ->  Index Scan using movie_id_movie_keyword on movie_keyword mk  (cost=0.43..1.32 rows=46 width=8) (actual time=0.005..0.009 rows=13 loops=875)
                    Index Cond: (movie_id = t.id)
        ->  Index Only Scan using keyword_pkey on keyword k  (cost=0.42..0.44 rows=1 width=4) (actual time=0.003..0.003 rows=1 loops=11347)
              Index Cond: (id = mk.keyword_id)
              Heap Fetches: 11347
Planning time: 11.889 ms
Execution time: 889.321 ms
