Aggregate  (cost=4536.08..4536.09 rows=1 width=64) (actual time=20755.183..20755.183 rows=1 loops=1)
  ->  Nested Loop  (cost=9.04..4535.60 rows=95 width=15) (actual time=7.987..20575.914 rows=258289 loops=1)
        ->  Nested Loop  (cost=8.61..3998.13 rows=1174 width=4) (actual time=7.956..7734.095 rows=2832555 loops=1)
              Join Filter: (t.id = ci.movie_id)
              ->  Nested Loop  (cost=8.05..3857.11 rows=71 width=12) (actual time=7.542..1838.713 rows=68316 loops=1)
                    ->  Nested Loop  (cost=7.63..3775.96 rows=182 width=16) (actual time=7.487..948.188 rows=148552 loops=1)
                          Join Filter: (t.id = mc.movie_id)
                          ->  Nested Loop  (cost=7.20..3756.06 rows=33 width=8) (actual time=7.435..586.473 rows=41840 loops=1)
                                ->  Nested Loop  (cost=6.77..3739.98 rows=33 width=4) (actual time=7.411..158.702 rows=41840 loops=1)
                                      ->  Seq Scan on keyword k  (cost=0.00..2626.12 rows=1 width=4) (actual time=0.835..19.511 rows=1 loops=1)
                                            Filter: (keyword = 'character-name-in-title'::text)
                                            Rows Removed by Filter: 134169
                                      ->  Bitmap Heap Scan on movie_keyword mk  (cost=6.77..1110.84 rows=301 width=8) (actual time=6.574..129.860 rows=41840 loops=1)
                                            Recheck Cond: (keyword_id = k.id)
                                            Heap Blocks: exact=11541
                                            ->  Bitmap Index Scan on keyword_id_movie_keyword  (cost=0.00..6.69 rows=301 width=0) (actual time=4.431..4.431 rows=41840 loops=1)
                                                  Index Cond: (keyword_id = k.id)
                                ->  Index Only Scan using title_pkey on title t  (cost=0.43..0.49 rows=1 width=4) (actual time=0.009..0.009 rows=1 loops=41840)
                                      Index Cond: (id = mk.movie_id)
                                      Heap Fetches: 41840
                          ->  Index Scan using movie_id_movie_companies on movie_companies mc  (cost=0.43..0.54 rows=5 width=8) (actual time=0.005..0.007 rows=4 loops=41840)
                                Index Cond: (movie_id = mk.movie_id)
                    ->  Index Scan using company_name_pkey on company_name cn  (cost=0.42..0.45 rows=1 width=4) (actual time=0.005..0.005 rows=0 loops=148552)
                          Index Cond: (id = mc.company_id)
                          Filter: ((country_code)::text = '[us]'::text)
                          Rows Removed by Filter: 1
              ->  Index Scan using movie_id_cast_info on cast_info ci  (cost=0.56..1.52 rows=37 width=8) (actual time=0.007..0.076 rows=41 loops=68316)
                    Index Cond: (movie_id = mk.movie_id)
        ->  Index Scan using name_pkey on name n  (cost=0.43..0.46 rows=1 width=19) (actual time=0.004..0.004 rows=0 loops=2832555)
              Index Cond: (id = ci.person_id)
              Filter: (name ~~ 'B%'::text)
              Rows Removed by Filter: 1
Planning time: 4.456 ms
Execution time: 20755.295 ms
