Aggregate  (cost=4373.00..4373.01 rows=1 width=64) (actual time=15322.008..15322.008 rows=1 loops=1)
  ->  Nested Loop  (cost=9.04..4372.99 rows=1 width=15) (actual time=12.807..15288.144 rows=52306 loops=1)
        ->  Nested Loop  (cost=8.61..4372.54 rows=1 width=27) (actual time=12.785..15111.640 rows=52306 loops=1)
              ->  Nested Loop  (cost=8.19..4372.10 rows=1 width=31) (actual time=12.760..14815.925 rows=52306 loops=1)
                    ->  Nested Loop  (cost=7.76..4371.53 rows=1 width=23) (actual time=12.741..14711.734 rows=6642 loops=1)
                          ->  Nested Loop  (cost=7.33..3802.47 rows=1243 width=12) (actual time=7.357..5760.253 rows=1038393 loops=1)
                                ->  Nested Loop  (cost=6.77..3739.98 rows=33 width=4) (actual time=7.331..143.254 rows=41840 loops=1)
                                      ->  Seq Scan on keyword k  (cost=0.00..2626.12 rows=1 width=4) (actual time=0.846..19.606 rows=1 loops=1)
                                            Filter: (keyword = 'character-name-in-title'::text)
                                            Rows Removed by Filter: 134169
                                      ->  Bitmap Heap Scan on movie_keyword mk  (cost=6.77..1110.84 rows=301 width=8) (actual time=6.482..112.870 rows=41840 loops=1)
                                            Recheck Cond: (keyword_id = k.id)
                                            Heap Blocks: exact=11541
                                            ->  Bitmap Index Scan on keyword_id_movie_keyword  (cost=0.00..6.69 rows=301 width=0) (actual time=4.348..4.348 rows=41840 loops=1)
                                                  Index Cond: (keyword_id = k.id)
                                ->  Index Scan using movie_id_cast_info on cast_info ci  (cost=0.56..1.52 rows=37 width=8) (actual time=0.010..0.128 rows=25 loops=41840)
                                      Index Cond: (movie_id = mk.movie_id)
                          ->  Index Scan using name_pkey on name n  (cost=0.43..0.46 rows=1 width=19) (actual time=0.008..0.008 rows=0 loops=1038393)
                                Index Cond: (id = ci.person_id)
                                Filter: (name ~~ 'Z%'::text)
                                Rows Removed by Filter: 1
                    ->  Index Scan using movie_id_movie_companies on movie_companies mc  (cost=0.43..0.52 rows=5 width=8) (actual time=0.008..0.013 rows=8 loops=6642)
                          Index Cond: (movie_id = ci.movie_id)
              ->  Index Only Scan using company_name_pkey on company_name cn  (cost=0.42..0.44 rows=1 width=4) (actual time=0.005..0.005 rows=1 loops=52306)
                    Index Cond: (id = mc.company_id)
                    Heap Fetches: 52306
        ->  Index Only Scan using title_pkey on title t  (cost=0.43..0.45 rows=1 width=4) (actual time=0.003..0.003 rows=1 loops=52306)
              Index Cond: (id = ci.movie_id)
              Heap Fetches: 52306
Planning time: 3.512 ms
Execution time: 15322.097 ms
