Aggregate  (cost=4655.59..4655.60 rows=1 width=32) (actual time=20624.220..20624.220 rows=1 loops=1)
  ->  Nested Loop  (cost=9.04..4654.59 rows=401 width=15) (actual time=8.644..20082.972 rows=1113120 loops=1)
        ->  Nested Loop  (cost=8.62..4476.78 rows=401 width=19) (actual time=8.634..16911.246 rows=1113120 loops=1)
              ->  Nested Loop  (cost=8.19..4390.66 rows=151 width=27) (actual time=7.402..15752.307 rows=149494 loops=1)
                    ->  Nested Loop  (cost=7.76..3821.61 rows=1243 width=16) (actual time=7.386..6535.196 rows=1038393 loops=1)
                          Join Filter: (t.id = ci.movie_id)
                          ->  Nested Loop  (cost=7.20..3756.06 rows=33 width=8) (actual time=7.365..549.073 rows=41840 loops=1)
                                ->  Nested Loop  (cost=6.77..3739.98 rows=33 width=4) (actual time=7.338..147.843 rows=41840 loops=1)
                                      ->  Seq Scan on keyword k  (cost=0.00..2626.12 rows=1 width=4) (actual time=0.829..19.485 rows=1 loops=1)
                                            Filter: (keyword = 'character-name-in-title'::text)
                                            Rows Removed by Filter: 134169
                                      ->  Bitmap Heap Scan on movie_keyword mk  (cost=6.77..1110.84 rows=301 width=8) (actual time=6.507..117.786 rows=41840 loops=1)
                                            Recheck Cond: (keyword_id = k.id)
                                            Heap Blocks: exact=11541
                                            ->  Bitmap Index Scan on keyword_id_movie_keyword  (cost=0.00..6.69 rows=301 width=0) (actual time=4.379..4.379 rows=41840 loops=1)
                                                  Index Cond: (keyword_id = k.id)
                                ->  Index Only Scan using title_pkey on title t  (cost=0.43..0.49 rows=1 width=4) (actual time=0.009..0.009 rows=1 loops=41840)
                                      Index Cond: (id = mk.movie_id)
                                      Heap Fetches: 41840
                          ->  Index Scan using movie_id_cast_info on cast_info ci  (cost=0.56..1.52 rows=37 width=8) (actual time=0.011..0.135 rows=25 loops=41840)
                                Index Cond: (movie_id = mk.movie_id)
                    ->  Index Scan using name_pkey on name n  (cost=0.43..0.46 rows=1 width=19) (actual time=0.008..0.008 rows=0 loops=1038393)
                          Index Cond: (id = ci.person_id)
                          Filter: (name ~~ '%B%'::text)
                          Rows Removed by Filter: 1
              ->  Index Scan using movie_id_movie_companies on movie_companies mc  (cost=0.43..0.52 rows=5 width=8) (actual time=0.003..0.006 rows=7 loops=149494)
                    Index Cond: (movie_id = ci.movie_id)
        ->  Index Only Scan using company_name_pkey on company_name cn  (cost=0.42..0.44 rows=1 width=4) (actual time=0.002..0.002 rows=1 loops=1113120)
              Index Cond: (id = mc.company_id)
              Heap Fetches: 1113120
Planning time: 3.513 ms
Execution time: 20624.323 ms
