Aggregate  (cost=205945.88..205945.89 rows=1 width=96) (actual time=15492.496..15492.496 rows=1 loops=1)
  ->  Nested Loop  (cost=3921.03..205945.73 rows=20 width=67) (actual time=108.773..15451.525 rows=28073 loops=1)
        Join Filter: (mi.movie_id = t.id)
        ->  Nested Loop  (cost=3920.60..205933.92 rows=20 width=62) (actual time=108.748..15239.576 rows=28073 loops=1)
              ->  Nested Loop  (cost=3920.17..205898.28 rows=47 width=66) (actual time=105.785..14587.705 rows=54155 loops=1)
                    Join Filter: (mi.movie_id = ci.movie_id)
                    ->  Nested Loop  (cost=3919.60..194146.40 rows=485 width=58) (actual time=102.732..1497.311 rows=102516 loops=1)
                          Join Filter: (mi_idx.info_type_id = it2.id)
                          Rows Removed by Join Filter: 205269
                          ->  Seq Scan on info_type it2  (cost=0.00..2.41 rows=1 width=4) (actual time=0.015..0.017 rows=1 loops=1)
                                Filter: ((info)::text = 'votes'::text)
                                Rows Removed by Filter: 112
                          ->  Nested Loop  (cost=3919.60..193459.14 rows=54788 width=62) (actual time=102.713..1440.713 rows=307785 loops=1)
                                ->  Nested Loop  (cost=3919.17..178844.88 rows=18470 width=48) (actual time=102.689..728.279 rows=186594 loops=1)
                                      ->  Seq Scan on info_type it1  (cost=0.00..2.41 rows=1 width=4) (actual time=0.003..0.029 rows=1 loops=1)
                                            Filter: ((info)::text = 'genres'::text)
                                            Rows Removed by Filter: 112
                                      ->  Bitmap Heap Scan on movie_info mi  (cost=3919.17..178818.64 rows=2382 width=52) (actual time=102.682..693.234 rows=186594 loops=1)
                                            Recheck Cond: (info_type_id = it1.id)
                                            Filter: (info = ANY ('{Horror,Action,Sci-Fi,Thriller,Crime,War}'::text[]))
                                            Rows Removed by Filter: 1347315
                                            Heap Blocks: exact=9770
                                            ->  Bitmap Index Scan on info_type_id_movie_info  (cost=0.00..3918.58 rows=212019 width=0) (actual time=100.835..100.835 rows=1533909 loops=1)
                                                  Index Cond: (info_type_id = it1.id)
                                ->  Index Scan using movie_id_movie_info_idx on movie_info_idx mi_idx  (cost=0.43..0.76 rows=3 width=14) (actual time=0.003..0.003 rows=2 loops=186594)
                                      Index Cond: (movie_id = mi.movie_id)
                    ->  Index Scan using movie_id_cast_info on cast_info ci  (cost=0.56..24.22 rows=1 width=8) (actual time=0.109..0.127 rows=1 loops=102516)
                          Index Cond: (movie_id = mi_idx.movie_id)
                          Filter: (note = ANY ('{(writer),"(head writer)","(written by)",(story),"(story editor)"}'::text[]))
                          Rows Removed by Filter: 39
              ->  Index Scan using name_pkey on name n  (cost=0.43..0.76 rows=1 width=4) (actual time=0.011..0.011 rows=1 loops=54155)
                    Index Cond: (id = ci.person_id)
                    Filter: ((gender)::text = 'm'::text)
                    Rows Removed by Filter: 0
        ->  Index Scan using title_pkey on title t  (cost=0.43..0.58 rows=1 width=21) (actual time=0.007..0.007 rows=1 loops=28073)
              Index Cond: (id = mi_idx.movie_id)
Planning time: 4.092 ms
Execution time: 15492.597 ms
