Aggregate  (cost=418719.64..418719.65 rows=1 width=64) (actual time=24385.124..24385.124 rows=1 loops=1)
  ->  Nested Loop  (cost=119884.30..418705.49 rows=2829 width=32) (actual time=1059.034..23567.760 rows=1760645 loops=1)
        ->  Nested Loop  (cost=119883.87..416793.33 rows=1163 width=40) (actual time=1058.992..21005.180 rows=787043 loops=1)
              ->  Nested Loop  (cost=119883.45..412966.90 rows=3269 width=44) (actual time=1058.972..12474.495 rows=3229056 loops=1)
                    Join Filter: (t.id = mc.movie_id)
                    ->  Nested Loop  (cost=119883.02..411365.75 rows=599 width=52) (actual time=1058.945..9553.540 rows=341836 loops=1)
                          Join Filter: (mi.info_type_id = it.id)
                          Rows Removed by Join Filter: 1281158
                          ->  Seq Scan on info_type it  (cost=0.00..2.41 rows=1 width=4) (actual time=0.011..0.022 rows=1 loops=1)
                                Filter: ((info)::text = 'release dates'::text)
                                Rows Removed by Filter: 112
                          ->  Nested Loop  (cost=119883.02..410517.31 rows=67682 width=56) (actual time=1058.918..9355.314 rows=1622994 loops=1)
                                ->  Nested Loop  (cost=119882.59..290342.81 rows=4483 width=48) (actual time=1058.885..6668.387 rows=159307 loops=1)
                                      ->  Nested Loop  (cost=119882.16..278708.55 rows=8143 width=27) (actual time=1058.343..4742.600 rows=255493 loops=1)
                                            ->  Hash Join  (cost=119881.73..256066.65 rows=15505 width=31) (actual time=1058.282..3475.535 rows=276005 loops=1)
                                                  Hash Cond: (ci.person_id = n.id)
                                                  ->  Nested Loop  (cost=0.56..134050.03 rows=169145 width=12) (actual time=0.216..2253.446 rows=276166 loops=1)
                                                        ->  Seq Scan on role_type rt  (cost=0.00..1.15 rows=1 width=4) (actual time=0.002..0.012 rows=1 loops=1)
                                                              Filter: ((role)::text = 'actress'::text)
                                                              Rows Removed by Filter: 11
                                                        ->  Index Scan using role_id_cast_info on cast_info ci  (cost=0.56..133252.59 rows=79629 width=16) (actual time=0.212..2201.721 rows=276166 loops=1)
                                                              Index Cond: (role_id = rt.id)
                                                              Filter: (note = ANY ('{(voice),"(voice: Japanese version)","(voice) (uncredited)","(voice: English version)"}'::text[]))
                                                              Rows Removed by Filter: 7175807
                                                  ->  Hash  (cost=107708.24..107708.24 rows=973834 width=19) (actual time=1056.090..1056.090 rows=961555 loops=1)
                                                        Buckets: 1048576  Batches: 1  Memory Usage: 58170kB
                                                        ->  Seq Scan on name n  (cost=0.00..107708.24 rows=973834 width=19) (actual time=322.578..798.312 rows=961555 loops=1)
                                                              Filter: ((gender)::text = 'f'::text)
                                                              Rows Removed by Filter: 3205936
                                            ->  Index Only Scan using char_name_pkey on char_name chn  (cost=0.43..1.46 rows=1 width=4) (actual time=0.004..0.004 rows=1 loops=276005)
                                                  Index Cond: (id = ci.person_role_id)
                                                  Heap Fetches: 255493
                                      ->  Index Scan using title_pkey on title t  (cost=0.43..1.43 rows=1 width=21) (actual time=0.007..0.007 rows=1 loops=255493)
                                            Index Cond: (id = ci.movie_id)
                                            Filter: (production_year > 2000)
                                            Rows Removed by Filter: 0
                                ->  Index Scan using movie_id_movie_info on movie_info mi  (cost=0.43..26.40 rows=41 width=8) (actual time=0.005..0.014 rows=10 loops=159307)
                                      Index Cond: (movie_id = t.id)
                    ->  Index Scan using movie_id_movie_companies on movie_companies mc  (cost=0.43..2.61 rows=5 width=8) (actual time=0.003..0.005 rows=9 loops=341836)
                          Index Cond: (movie_id = mi.movie_id)
              ->  Index Scan using company_name_pkey on company_name cn  (cost=0.42..1.17 rows=1 width=4) (actual time=0.002..0.002 rows=0 loops=3229056)
                    Index Cond: (id = mc.company_id)
                    Filter: ((country_code)::text = '[us]'::text)
                    Rows Removed by Filter: 1
        ->  Index Only Scan using person_id_aka_name on aka_name an  (cost=0.42..1.62 rows=2 width=4) (actual time=0.002..0.003 rows=2 loops=787043)
              Index Cond: (person_id = n.id)
              Heap Fetches: 1760645
Planning time: 18.469 ms
Execution time: 24385.892 ms
