Aggregate  (cost=22329.32..22329.33 rows=1 width=68) (actual time=17.304..17.304 rows=1 loops=1)
  ->  Nested Loop  (cost=6463.24..22327.62 rows=226 width=45) (actual time=0.247..17.105 rows=142 loops=1)
        ->  Nested Loop  (cost=6463.11..22326.55 rows=7 width=49) (actual time=0.239..16.770 rows=147 loops=1)
              Join Filter: (mc.movie_id = t.id)
              ->  Nested Loop  (cost=6462.68..22322.41 rows=7 width=36) (actual time=0.206..14.405 rows=147 loops=1)
                    ->  Nested Loop  (cost=6462.25..22162.36 rows=250 width=4) (actual time=0.107..0.236 rows=250 loops=1)
                          ->  Seq Scan on info_type it  (cost=0.00..2.41 rows=1 width=4) (actual time=0.017..0.019 rows=1 loops=1)
                                Filter: ((info)::text = 'top 250 rank'::text)
                                Rows Removed by Filter: 112
                          ->  Bitmap Heap Scan on movie_info_idx mi_idx  (cost=6462.25..18709.86 rows=345009 width=8) (actual time=0.088..0.156 rows=250 loops=1)
                                Recheck Cond: (info_type_id = it.id)
                                Heap Blocks: exact=2
                                ->  Bitmap Index Scan on info_type_id_movie_info_idx  (cost=0.00..6375.99 rows=345009 width=0) (actual time=0.065..0.065 rows=250 loops=1)
                                      Index Cond: (info_type_id = it.id)
                    ->  Index Scan using movie_id_movie_companies on movie_companies mc  (cost=0.43..0.63 rows=1 width=32) (actual time=0.055..0.056 rows=1 loops=250)
                          Index Cond: (movie_id = mi_idx.movie_id)
                          Filter: ((note !~~ '%(as Metro-Goldwyn-Mayer Pictures)%'::text) AND ((note ~~ '%(co-production)%'::text) OR (note ~~ '%(presents)%'::text)))
                          Rows Removed by Filter: 33
              ->  Index Scan using title_pkey on title t  (cost=0.43..0.58 rows=1 width=25) (actual time=0.015..0.015 rows=1 loops=147)
                    Index Cond: (id = mi_idx.movie_id)
        ->  Index Scan using company_type_pkey on company_type ct  (cost=0.13..0.15 rows=1 width=4) (actual time=0.002..0.002 rows=1 loops=147)
              Index Cond: (id = mc.company_type_id)
              Filter: ((kind)::text = 'production companies'::text)
              Rows Removed by Filter: 0
Planning time: 1.391 ms
Execution time: 17.401 ms
