Aggregate  (cost=22208.93..22208.94 rows=1 width=68) (actual time=0.492..0.493 rows=1 loops=1)
  ->  Hash Join  (cost=6464.17..22171.27 rows=5022 width=45) (actual time=0.476..0.480 rows=3 loops=1)
        Hash Cond: (mc.company_type_id = ct.id)
        ->  Nested Loop  (cost=6463.11..22170.12 rows=8 width=49) (actual time=0.186..0.435 rows=66 loops=1)
              Join Filter: (t.id = mc.movie_id)
              ->  Nested Loop  (cost=6462.68..22168.19 rows=3 width=29) (actual time=0.157..0.247 rows=4 loops=1)
                    ->  Nested Loop  (cost=6462.25..22162.36 rows=10 width=4) (actual time=0.023..0.028 rows=10 loops=1)
                          ->  Seq Scan on info_type it  (cost=0.00..2.41 rows=1 width=4) (actual time=0.013..0.013 rows=1 loops=1)
                                Filter: ((info)::text = 'bottom 10 rank'::text)
                                Rows Removed by Filter: 112
                          ->  Bitmap Heap Scan on movie_info_idx mi_idx  (cost=6462.25..18709.86 rows=345009 width=8) (actual time=0.007..0.010 rows=10 loops=1)
                                Recheck Cond: (info_type_id = it.id)
                                Heap Blocks: exact=1
                                ->  Bitmap Index Scan on info_type_id_movie_info_idx  (cost=0.00..6375.99 rows=345009 width=0) (actual time=0.004..0.004 rows=10 loops=1)
                                      Index Cond: (info_type_id = it.id)
                    ->  Index Scan using title_pkey on title t  (cost=0.43..0.58 rows=1 width=25) (actual time=0.021..0.021 rows=0 loops=10)
                          Index Cond: (id = mi_idx.movie_id)
                          Filter: ((production_year >= 2005) AND (production_year <= 2010))
                          Rows Removed by Filter: 1
              ->  Index Scan using movie_id_movie_companies on movie_companies mc  (cost=0.43..0.61 rows=3 width=32) (actual time=0.024..0.042 rows=16 loops=4)
                    Index Cond: (movie_id = mi_idx.movie_id)
                    Filter: (note !~~ '%(as Metro-Goldwyn-Mayer Pictures)%'::text)
                    Rows Removed by Filter: 2
        ->  Hash  (cost=1.05..1.05 rows=1 width=4) (actual time=0.009..0.009 rows=1 loops=1)
              Buckets: 1024  Batches: 1  Memory Usage: 9kB
              ->  Seq Scan on company_type ct  (cost=0.00..1.05 rows=1 width=4) (actual time=0.005..0.006 rows=1 loops=1)
                    Filter: ((kind)::text = 'production companies'::text)
                    Rows Removed by Filter: 3
Planning time: 1.264 ms
Execution time: 0.580 ms
