Aggregate  (cost=12341.13..12341.14 rows=1 width=32) (actual time=4196.525..4196.525 rows=1 loops=1)
  ->  Nested Loop  (cost=9.04..12341.12 rows=1 width=17) (actual time=55.343..4196.453 rows=17 loops=1)
        ->  Nested Loop  (cost=8.61..12340.66 rows=1 width=21) (actual time=55.323..4195.877 rows=27 loops=1)
              ->  Nested Loop  (cost=8.18..12332.88 rows=17 width=25) (actual time=7.574..2192.284 rows=222518 loops=1)
                    Join Filter: (t.id = ci.movie_id)
                    ->  Nested Loop  (cost=7.62..12322.95 rows=5 width=29) (actual time=7.551..1106.232 rows=1472 loops=1)
                          Join Filter: (cc.status_id = cct2.id)
                          Rows Removed by Join Filter: 1472
                          ->  Seq Scan on comp_cast_type cct2  (cost=0.00..1.05 rows=1 width=4) (actual time=0.006..0.008 rows=2 loops=1)
                                Filter: ((kind)::text ~~ '%complete%'::text)
                                Rows Removed by Filter: 2
                          ->  Nested Loop  (cost=7.62..12321.66 rows=19 width=33) (actual time=7.276..552.652 rows=1472 loops=2)
                                Join Filter: (cc.subject_id = cct1.id)
                                Rows Removed by Join Filter: 243
                                ->  Seq Scan on comp_cast_type cct1  (cost=0.00..1.05 rows=1 width=4) (actual time=0.002..0.004 rows=1 loops=2)
                                      Filter: ((kind)::text = 'cast'::text)
                                      Rows Removed by Filter: 3
                                ->  Nested Loop  (cost=7.62..12320.25 rows=29 width=37) (actual time=7.272..552.058 rows=1715 loops=2)
                                      ->  Nested Loop  (cost=7.20..12310.21 rows=21 width=25) (actual time=7.171..526.217 rows=6043 loops=2)
                                            Join Filter: (t.kind_id = kt.id)
                                            Rows Removed by Join Filter: 8122
                                            ->  Seq Scan on kind_type kt  (cost=0.00..1.09 rows=1 width=4) (actual time=0.001..0.005 rows=1 loops=2)
                                                  Filter: ((kind)::text = 'movie'::text)
                                                  Rows Removed by Filter: 6
                                            ->  Nested Loop  (cost=7.20..12307.31 rows=145 width=29) (actual time=0.758..523.175 rows=14165 loops=2)
                                                  ->  Nested Loop  (cost=6.77..12178.50 rows=263 width=4) (actual time=0.736..220.574 rows=35548 loops=2)
                                                        ->  Seq Scan on keyword k  (cost=0.00..3632.40 rows=8 width=4) (actual time=0.166..50.199 rows=8 loops=2)
                                                              Filter: (keyword = ANY ('{superhero,sequel,second-part,marvel-comics,based-on-comic,tv-special,fight,violence}'::text[]))
                                                              Rows Removed by Filter: 134162
                                                        ->  Bitmap Heap Scan on movie_keyword mk  (cost=6.77..1065.25 rows=301 width=8) (actual time=1.182..20.415 rows=4444 loops=16)
                                                              Recheck Cond: (keyword_id = k.id)
                                                              Heap Blocks: exact=46976
                                                              ->  Bitmap Index Scan on keyword_id_movie_keyword  (cost=0.00..6.69 rows=301 width=0) (actual time=0.673..0.673 rows=4444 loops=16)
                                                                    Index Cond: (keyword_id = k.id)
                                                  ->  Index Scan using title_pkey on title t  (cost=0.43..0.49 rows=1 width=25) (actual time=0.008..0.008 rows=0 loops=71096)
                                                        Index Cond: (id = mk.movie_id)
                                                        Filter: (production_year > 2000)
                                                        Rows Removed by Filter: 1
                                      ->  Index Scan using movie_id_complete_cast on complete_cast cc  (cost=0.42..0.46 rows=2 width=12) (actual time=0.004..0.004 rows=0 loops=12086)
                                            Index Cond: (movie_id = t.id)
                    ->  Index Scan using movie_id_cast_info on cast_info ci  (cost=0.56..1.52 rows=37 width=12) (actual time=0.019..0.687 rows=151 loops=1472)
                          Index Cond: (movie_id = mk.movie_id)
              ->  Index Scan using name_pkey on name n  (cost=0.43..0.46 rows=1 width=4) (actual time=0.009..0.009 rows=0 loops=222518)
                    Index Cond: (id = ci.person_id)
                    Filter: (name ~~ '%Downey%Robert%'::text)
                    Rows Removed by Filter: 1
        ->  Index Scan using char_name_pkey on char_name chn  (cost=0.43..0.46 rows=1 width=4) (actual time=0.019..0.019 rows=1 loops=27)
              Index Cond: (id = ci.person_role_id)
              Filter: ((name !~~ '%Sherlock%'::text) AND ((name ~~ '%Tony%Stark%'::text) OR (name ~~ '%Iron%Man%'::text)))
              Rows Removed by Filter: 0
Planning time: 11.883 ms
Execution time: 4196.621 ms
