Aggregate  (cost=14746.79..14746.80 rows=1 width=64) (actual time=2479.970..2479.971 rows=1 loops=1)
  ->  Nested Loop  (cost=9.04..14746.79 rows=1 width=32) (actual time=7.322..2473.811 rows=5406 loops=1)
        ->  Nested Loop  (cost=8.61..14746.33 rows=1 width=21) (actual time=7.310..2394.880 rows=5406 loops=1)
              ->  Nested Loop  (cost=8.18..14736.72 rows=21 width=25) (actual time=7.004..1683.807 rows=189844 loops=1)
                    Join Filter: (t.id = ci.movie_id)
                    ->  Nested Loop  (cost=7.62..14724.80 rows=6 width=29) (actual time=6.979..818.679 rows=1267 loops=1)
                          Join Filter: (cc.status_id = cct2.id)
                          Rows Removed by Join Filter: 1267
                          ->  Seq Scan on comp_cast_type cct2  (cost=0.00..1.05 rows=1 width=4) (actual time=0.007..0.008 rows=2 loops=1)
                                Filter: ((kind)::text ~~ '%complete%'::text)
                                Rows Removed by Filter: 2
                          ->  Nested Loop  (cost=7.62..14723.46 rows=23 width=33) (actual time=6.972..408.948 rows=1267 loops=2)
                                Join Filter: (cc.subject_id = cct1.id)
                                Rows Removed by Join Filter: 218
                                ->  Seq Scan on comp_cast_type cct1  (cost=0.00..1.05 rows=1 width=4) (actual time=0.002..0.004 rows=1 loops=2)
                                      Filter: ((kind)::text = 'cast'::text)
                                      Rows Removed by Filter: 3
                                ->  Nested Loop  (cost=7.62..14721.95 rows=37 width=37) (actual time=6.968..408.420 rows=1485 loops=2)
                                      ->  Nested Loop  (cost=7.20..14709.52 rows=26 width=25) (actual time=6.887..387.634 rows=5032 loops=2)
                                            Join Filter: (t.kind_id = kt.id)
                                            Rows Removed by Join Filter: 5581
                                            ->  Seq Scan on kind_type kt  (cost=0.00..1.09 rows=1 width=4) (actual time=0.001..0.006 rows=1 loops=2)
                                                  Filter: ((kind)::text = 'movie'::text)
                                                  Rows Removed by Filter: 6
                                            ->  Nested Loop  (cost=7.20..14706.17 rows=181 width=29) (actual time=0.754..385.459 rows=10613 loops=2)
                                                  ->  Nested Loop  (cost=6.77..14545.03 rows=329 width=4) (actual time=0.739..179.250 rows=24091 loops=2)
                                                        ->  Seq Scan on keyword k  (cost=0.00..3967.82 rows=10 width=4) (actual time=0.189..56.228 rows=10 loops=2)
                                                              Filter: (keyword = ANY ('{superhero,marvel-comics,based-on-comic,tv-special,fight,violence,magnet,web,claw,laser}'::text[]))
                                                              Rows Removed by Filter: 134160
                                                        ->  Bitmap Heap Scan on movie_keyword mk  (cost=6.77..1054.71 rows=301 width=8) (actual time=0.688..11.823 rows=2409 loops=20)
                                                              Recheck Cond: (keyword_id = k.id)
                                                              Heap Blocks: exact=34254
                                                              ->  Bitmap Index Scan on keyword_id_movie_keyword  (cost=0.00..6.69 rows=301 width=0) (actual time=0.387..0.387 rows=2409 loops=20)
                                                                    Index Cond: (keyword_id = k.id)
                                                  ->  Index Scan using title_pkey on title t  (cost=0.43..0.49 rows=1 width=25) (actual time=0.008..0.008 rows=0 loops=48182)
                                                        Index Cond: (id = mk.movie_id)
                                                        Filter: (production_year > 2000)
                                                        Rows Removed by Filter: 1
                                      ->  Index Scan using movie_id_complete_cast on complete_cast cc  (cost=0.42..0.46 rows=2 width=12) (actual time=0.003..0.004 rows=0 loops=10064)
                                            Index Cond: (movie_id = t.id)
                    ->  Index Scan using movie_id_cast_info on cast_info ci  (cost=0.56..1.52 rows=37 width=12) (actual time=0.018..0.636 rows=150 loops=1267)
                          Index Cond: (movie_id = mk.movie_id)
              ->  Index Scan using char_name_pkey on char_name chn  (cost=0.43..0.46 rows=1 width=4) (actual time=0.003..0.003 rows=0 loops=189844)
                    Index Cond: (id = ci.person_role_id)
                    Filter: ((name IS NOT NULL) AND ((name ~~ '%man%'::text) OR (name ~~ '%Man%'::text)))
                    Rows Removed by Filter: 0
        ->  Index Scan using name_pkey on name n  (cost=0.43..0.46 rows=1 width=19) (actual time=0.014..0.014 rows=1 loops=5406)
              Index Cond: (id = ci.person_id)
Planning time: 11.738 ms
Execution time: 2480.071 ms
