Aggregate  (cost=3759.72..3759.73 rows=1 width=96) (actual time=145.302..145.302 rows=1 loops=1)
  ->  Nested Loop  (cost=8.77..3759.72 rows=1 width=48) (actual time=4.020..144.027 rows=1410 loops=1)
        Join Filter: (ml.movie_id = t.id)
        ->  Nested Loop  (cost=8.34..3759.21 rows=1 width=47) (actual time=3.998..138.401 rows=1816 loops=1)
              Join Filter: (mc.company_type_id = ct.id)
              Rows Removed by Join Filter: 95
              ->  Nested Loop  (cost=8.34..3758.15 rows=1 width=51) (actual time=3.995..135.284 rows=1911 loops=1)
                    ->  Nested Loop  (cost=7.92..3757.69 rows=1 width=36) (actual time=3.976..122.332 rows=4365 loops=1)
                          Join Filter: (ml.movie_id = mc.movie_id)
                          ->  Nested Loop  (cost=7.49..3757.11 rows=1 width=24) (actual time=3.957..117.192 rows=684 loops=1)
                                Join Filter: (ml.movie_id = mi.movie_id)
                                ->  Nested Loop  (cost=7.05..3755.36 rows=1 width=20) (actual time=3.423..112.352 rows=199 loops=1)
                                      Join Filter: (ml.link_type_id = lt.id)
                                      Rows Removed by Join Filter: 303
                                      ->  Seq Scan on link_type lt  (cost=0.00..1.23 rows=1 width=16) (actual time=0.006..0.012 rows=2 loops=1)
                                            Filter: ((link)::text ~~ '%follow%'::text)
                                            Rows Removed by Filter: 16
                                      ->  Nested Loop  (cost=7.05..3754.01 rows=10 width=12) (actual time=3.255..56.124 rows=251 loops=2)
                                            ->  Nested Loop  (cost=6.77..3739.98 rows=33 width=4) (actual time=3.247..40.912 rows=10544 loops=2)
                                                  ->  Seq Scan on keyword k  (cost=0.00..2626.12 rows=1 width=4) (actual time=0.993..15.493 rows=1 loops=2)
                                                        Filter: (keyword = 'sequel'::text)
                                                        Rows Removed by Filter: 134169
                                                  ->  Bitmap Heap Scan on movie_keyword mk  (cost=6.77..1110.84 rows=301 width=8) (actual time=2.250..23.524 rows=10544 loops=2)
                                                        Recheck Cond: (keyword_id = k.id)
                                                        Heap Blocks: exact=11140
                                                        ->  Bitmap Index Scan on keyword_id_movie_keyword  (cost=0.00..6.69 rows=301 width=0) (actual time=1.297..1.297 rows=10544 loops=2)
                                                              Index Cond: (keyword_id = k.id)
                                            ->  Index Scan using movie_id_movie_link on movie_link ml  (cost=0.29..0.38 rows=5 width=8) (actual time=0.001..0.001 rows=0 loops=21088)
                                                  Index Cond: (movie_id = mk.movie_id)
                                ->  Index Scan using movie_id_movie_info on movie_info mi  (cost=0.43..1.74 rows=1 width=4) (actual time=0.019..0.023 rows=3 loops=199)
                                      Index Cond: (movie_id = mk.movie_id)
                                      Filter: (info = ANY ('{Sweden,Norway,Germany,Denmark,Swedish,Denish,Norwegian,German}'::text[]))
                                      Rows Removed by Filter: 17
                          ->  Index Scan using movie_id_movie_companies on movie_companies mc  (cost=0.43..0.54 rows=3 width=12) (actual time=0.003..0.005 rows=6 loops=684)
                                Index Cond: (movie_id = mk.movie_id)
                                Filter: (note IS NULL)
                                Rows Removed by Filter: 2
                    ->  Index Scan using company_name_pkey on company_name cn  (cost=0.42..0.46 rows=1 width=23) (actual time=0.003..0.003 rows=0 loops=4365)
                          Index Cond: (id = mc.company_id)
                          Filter: (((country_code)::text <> '[pl]'::text) AND ((name ~~ '%Film%'::text) OR (name ~~ '%Warner%'::text)))
                          Rows Removed by Filter: 1
              ->  Seq Scan on company_type ct  (cost=0.00..1.05 rows=1 width=4) (actual time=0.001..0.001 rows=1 loops=1911)
                    Filter: ((kind)::text = 'production companies'::text)
                    Rows Removed by Filter: 1
        ->  Index Scan using title_pkey on title t  (cost=0.43..0.49 rows=1 width=21) (actual time=0.002..0.002 rows=1 loops=1816)
              Index Cond: (id = mk.movie_id)
              Filter: ((production_year >= 1950) AND (production_year <= 2000))
              Rows Removed by Filter: 0
Planning time: 11.464 ms
Execution time: 145.399 ms
