Aggregate  (cost=7414.60..7414.61 rows=1 width=96) (actual time=1017.217..1017.217 rows=1 loops=1)
  ->  Nested Loop  (cost=8.91..7414.59 rows=1 width=42) (actual time=15.851..1014.818 rows=2851 loops=1)
        Join Filter: (mi_idx.info_type_id = it2.id)
        Rows Removed by Join Filter: 7729
        ->  Nested Loop  (cost=8.91..7412.17 rows=1 width=46) (actual time=10.538..887.559 rows=10580 loops=1)
              Join Filter: (t.id = mi_idx.movie_id)
              ->  Nested Loop  (cost=8.48..7411.63 rows=1 width=52) (actual time=10.512..861.683 rows=3994 loops=1)
                    Join Filter: (mi.info_type_id = it1.id)
                    Rows Removed by Join Filter: 380
                    ->  Seq Scan on info_type it1  (cost=0.00..2.41 rows=1 width=4) (actual time=0.010..0.020 rows=1 loops=1)
                          Filter: ((info)::text = 'countries'::text)
                          Rows Removed by Filter: 112
                    ->  Nested Loop  (cost=8.48..7409.18 rows=3 width=56) (actual time=10.500..860.417 rows=4374 loops=1)
                          Join Filter: (t.id = mi.movie_id)
                          ->  Nested Loop  (cost=8.05..7407.62 rows=1 width=48) (actual time=7.102..523.680 rows=4302 loops=1)
                                Join Filter: (mc.company_type_id = ct.id)
                                ->  Nested Loop  (cost=8.05..7406.53 rows=1 width=52) (actual time=7.099..517.143 rows=4302 loops=1)
                                      ->  Nested Loop  (cost=7.63..7404.87 rows=3 width=37) (actual time=7.085..483.307 rows=4808 loops=1)
                                            Join Filter: (t.id = mc.movie_id)
                                            ->  Nested Loop  (cost=7.20..7399.09 rows=10 width=25) (actual time=5.176..393.992 rows=4832 loops=1)
                                                  Join Filter: (t.kind_id = kt.id)
                                                  Rows Removed by Join Filter: 2286
                                                  ->  Nested Loop  (cost=7.20..7397.03 rows=34 width=29) (actual time=5.167..390.094 rows=5606 loops=1)
                                                        ->  Nested Loop  (cost=6.77..7332.86 rows=131 width=4) (actual time=5.101..163.096 rows=37091 loops=1)
                                                              ->  Seq Scan on keyword k  (cost=0.00..2961.55 rows=4 width=4) (actual time=1.351..30.139 rows=3 loops=1)
                                                                    Filter: (keyword = ANY ('{murder,murder-in-title,blood,violence}'::text[]))
                                                                    Rows Removed by Filter: 134167
                                                              ->  Bitmap Heap Scan on movie_keyword mk  (cost=6.77..1089.82 rows=301 width=8) (actual time=3.779..41.991 rows=12364 loops=3)
                                                                    Recheck Cond: (keyword_id = k.id)
                                                                    Heap Blocks: exact=26312
                                                                    ->  Bitmap Index Scan on keyword_id_movie_keyword  (cost=0.00..6.69 rows=301 width=0) (actual time=2.185..2.185 rows=12364 loops=3)
                                                                          Index Cond: (keyword_id = k.id)
                                                        ->  Index Scan using title_pkey on title t  (cost=0.43..0.49 rows=1 width=25) (actual time=0.006..0.006 rows=0 loops=37091)
                                                              Index Cond: (id = mk.movie_id)
                                                              Filter: (production_year > 2008)
                                                              Rows Removed by Filter: 1
                                                  ->  Materialize  (cost=0.00..1.10 rows=2 width=4) (actual time=0.000..0.000 rows=1 loops=5606)
                                                        ->  Seq Scan on kind_type kt  (cost=0.00..1.09 rows=2 width=4) (actual time=0.004..0.006 rows=2 loops=1)
                                                              Filter: ((kind)::text = ANY ('{movie,episode}'::text[]))
                                                              Rows Removed by Filter: 5
                                            ->  Index Scan using movie_id_movie_companies on movie_companies mc  (cost=0.43..0.57 rows=1 width=12) (actual time=0.015..0.018 rows=1 loops=4832)
                                                  Index Cond: (movie_id = mk.movie_id)
                                                  Filter: ((note !~~ '%(USA)%'::text) AND (note ~~ '%(200%)%'::text))
                                                  Rows Removed by Filter: 8
                                      ->  Index Scan using company_name_pkey on company_name cn  (cost=0.42..0.56 rows=1 width=23) (actual time=0.006..0.006 rows=1 loops=4808)
                                            Index Cond: (id = mc.company_id)
                                            Filter: ((country_code)::text <> '[us]'::text)
                                            Rows Removed by Filter: 0
                                ->  Seq Scan on company_type ct  (cost=0.00..1.04 rows=4 width=4) (actual time=0.001..0.001 rows=1 loops=4302)
                          ->  Index Scan using movie_id_movie_info on movie_info mi  (cost=0.43..1.54 rows=2 width=8) (actual time=0.067..0.077 rows=1 loops=4302)
                                Index Cond: (movie_id = mk.movie_id)
                                Filter: (info = ANY ('{Germany,German,USA,American}'::text[]))
                                Rows Removed by Filter: 185
              ->  Index Scan using movie_id_movie_info_idx on movie_info_idx mi_idx  (cost=0.43..0.50 rows=3 width=14) (actual time=0.004..0.005 rows=3 loops=3994)
                    Index Cond: (movie_id = mk.movie_id)
                    Filter: (info < '7.0'::text)
                    Rows Removed by Filter: 0
        ->  Seq Scan on info_type it2  (cost=0.00..2.41 rows=1 width=4) (actual time=0.011..0.011 rows=1 loops=10580)
              Filter: ((info)::text = 'rating'::text)
              Rows Removed by Filter: 109
Planning time: 29.663 ms
Execution time: 1017.344 ms
