Aggregate  (cost=6974.57..6974.58 rows=1 width=96) (actual time=58.521..58.522 rows=1 loops=1)
  ->  Nested Loop  (cost=4.00..6974.57 rows=1 width=48) (actual time=16.166..58.475 rows=45 loops=1)
        Join Filter: (n.id = an.person_id)
        ->  Nested Loop  (cost=3.57..6972.46 rows=1 width=56) (actual time=16.156..58.414 rows=9 loops=1)
              ->  Nested Loop  (cost=3.14..6970.61 rows=1 width=37) (actual time=14.199..58.101 rows=61 loops=1)
                    Join Filter: (mi.info_type_id = it.id)
                    ->  Nested Loop  (cost=3.14..6968.18 rows=1 width=41) (actual time=14.191..57.785 rows=61 loops=1)
                          ->  Nested Loop  (cost=2.71..6966.44 rows=1 width=29) (actual time=14.181..57.547 rows=62 loops=1)
                                ->  Nested Loop  (cost=2.29..6963.08 rows=2 width=33) (actual time=14.005..54.064 rows=1176 loops=1)
                                      Join Filter: (t.id = mk.movie_id)
                                      ->  Nested Loop  (cost=1.86..6960.05 rows=1 width=45) (actual time=13.984..53.331 rows=32 loops=1)
                                            Join Filter: (t.id = mi.movie_id)
                                            ->  Nested Loop  (cost=1.42..6928.04 rows=1 width=37) (actual time=13.960..52.467 rows=16 loops=1)
                                                  Join Filter: (ci.role_id = rt.id)
                                                  Rows Removed by Join Filter: 41
                                                  ->  Nested Loop  (cost=1.42..6926.87 rows=1 width=41) (actual time=13.848..52.325 rows=57 loops=1)
                                                        Join Filter: (t.id = ci.movie_id)
                                                        ->  Nested Loop  (cost=0.86..6886.96 rows=1 width=25) (actual time=13.345..51.923 rows=4 loops=1)
                                                              ->  Nested Loop  (cost=0.43..6872.27 rows=9 width=4) (actual time=13.138..51.165 rows=99 loops=1)
                                                                    ->  Seq Scan on company_name cn  (cost=0.00..6519.95 rows=1 width=4) (actual time=13.104..50.662 rows=1 loops=1)
                                                                          Filter: (((country_code)::text = '[us]'::text) AND (name = 'DreamWorks Animation'::text))
                                                                          Rows Removed by Filter: 234996
                                                                    ->  Index Scan using company_id_movie_companies on movie_companies mc  (cost=0.43..351.00 rows=132 width=8) (actual time=0.032..0.477 rows=99 loops=1)
                                                                          Index Cond: (company_id = cn.id)
                                                              ->  Index Scan using title_pkey on title t  (cost=0.43..1.62 rows=1 width=21) (actual time=0.007..0.007 rows=0 loops=99)
                                                                    Index Cond: (id = mc.movie_id)
                                                                    Filter: ((production_year > 2010) AND (title ~~ 'Kung Fu Panda%'::text))
                                                                    Rows Removed by Filter: 1
                                                        ->  Index Scan using movie_id_cast_info on cast_info ci  (cost=0.56..39.90 rows=1 width=16) (actual time=0.030..0.096 rows=14 loops=4)
                                                              Index Cond: (movie_id = mc.movie_id)
                                                              Filter: (note = ANY ('{(voice),"(voice: Japanese version)","(voice) (uncredited)","(voice: English version)"}'::text[]))
                                                              Rows Removed by Filter: 45
                                                  ->  Seq Scan on role_type rt  (cost=0.00..1.15 rows=1 width=4) (actual time=0.001..0.002 rows=1 loops=57)
                                                        Filter: ((role)::text = 'actress'::text)
                                                        Rows Removed by Filter: 8
                                            ->  Index Scan using movie_id_movie_info on movie_info mi  (cost=0.43..32.00 rows=1 width=8) (actual time=0.010..0.052 rows=2 loops=16)
                                                  Index Cond: (movie_id = mc.movie_id)
                                                  Filter: ((info IS NOT NULL) AND ((info ~~ 'Japan:%201%'::text) OR (info ~~ 'USA:%201%'::text)))
                                                  Rows Removed by Filter: 127
                                      ->  Index Scan using movie_id_movie_keyword on movie_keyword mk  (cost=0.43..2.46 rows=46 width=8) (actual time=0.004..0.011 rows=37 loops=32)
                                            Index Cond: (movie_id = mc.movie_id)
                                ->  Index Scan using keyword_pkey on keyword k  (cost=0.42..1.47 rows=1 width=4) (actual time=0.003..0.003 rows=0 loops=1176)
                                      Index Cond: (id = mk.keyword_id)
                                      Filter: (keyword = ANY ('{hero,martial-arts,hand-to-hand-combat,computer-animated-movie}'::text[]))
                                      Rows Removed by Filter: 1
                          ->  Index Scan using char_name_pkey on char_name chn  (cost=0.43..1.74 rows=1 width=20) (actual time=0.003..0.003 rows=1 loops=62)
                                Index Cond: (id = ci.person_role_id)
                    ->  Seq Scan on info_type it  (cost=0.00..2.41 rows=1 width=4) (actual time=0.004..0.004 rows=1 loops=61)
                          Filter: ((info)::text = 'release dates'::text)
                          Rows Removed by Filter: 15
              ->  Index Scan using name_pkey on name n  (cost=0.43..1.85 rows=1 width=19) (actual time=0.005..0.005 rows=0 loops=61)
                    Index Cond: (id = ci.person_id)
                    Filter: ((name ~~ '%An%'::text) AND ((gender)::text = 'f'::text))
                    Rows Removed by Filter: 1
        ->  Index Only Scan using person_id_aka_name on aka_name an  (cost=0.42..2.08 rows=2 width=4) (actual time=0.004..0.005 rows=5 loops=9)
              Index Cond: (person_id = ci.person_id)
              Heap Fetches: 45
Planning time: 73.228 ms
Execution time: 58.648 ms
