Aggregate  (cost=11491.02..11491.03 rows=1 width=128) (actual time=6824.824..6824.824 rows=1 loops=1)
  ->  Nested Loop  (cost=9.05..11491.01 rows=1 width=82) (actual time=22.041..6816.699 rows=4407 loops=1)
        Join Filter: (mi.movie_id = t.id)
        ->  Nested Loop  (cost=8.62..11490.16 rows=1 width=81) (actual time=22.021..6760.957 rows=4407 loops=1)
              ->  Nested Loop  (cost=8.19..11489.07 rows=1 width=70) (actual time=15.093..6638.458 rows=7112 loops=1)
                    Join Filter: (mi.movie_id = ci.movie_id)
                    ->  Nested Loop  (cost=7.63..11460.15 rows=1 width=62) (actual time=4.380..3860.788 rows=11389 loops=1)
                          Join Filter: (mi_idx.info_type_id = it2.id)
                          Rows Removed by Join Filter: 22801
                          ->  Seq Scan on info_type it2  (cost=0.00..2.41 rows=1 width=4) (actual time=0.016..0.019 rows=1 loops=1)
                                Filter: ((info)::text = 'votes'::text)
                                Rows Removed by Filter: 112
                          ->  Nested Loop  (cost=7.63..11457.67 rows=5 width=66) (actual time=4.361..3853.481 rows=34190 loops=1)
                                Join Filter: (mi.movie_id = mi_idx.movie_id)
                                ->  Nested Loop  (cost=7.20..11456.06 rows=2 width=52) (actual time=4.340..3703.310 rows=12438 loops=1)
                                      Join Filter: (mi.info_type_id = it1.id)
                                      Rows Removed by Join Filter: 871
                                      ->  Seq Scan on info_type it1  (cost=0.00..2.41 rows=1 width=4) (actual time=0.003..0.016 rows=1 loops=1)
                                            Filter: ((info)::text = 'genres'::text)
                                            Rows Removed by Filter: 112
                                      ->  Nested Loop  (cost=7.20..11453.48 rows=13 width=56) (actual time=4.336..3698.441 rows=13309 loops=1)
                                            ->  Nested Loop  (cost=6.77..8575.87 rows=165 width=4) (actual time=4.263..384.679 rows=62096 loops=1)
                                                  ->  Seq Scan on keyword k  (cost=0.00..3129.26 rows=5 width=4) (actual time=0.874..35.988 rows=5 loops=1)
                                                        Filter: (keyword = ANY ('{murder,blood,gore,death,female-nudity}'::text[]))
                                                        Rows Removed by Filter: 134165
                                                  ->  Bitmap Heap Scan on movie_keyword mk  (cost=6.77..1086.31 rows=301 width=8) (actual time=3.326..66.757 rows=12419 loops=5)
                                                        Recheck Cond: (keyword_id = k.id)
                                                        Heap Blocks: exact=41331
                                                        ->  Bitmap Index Scan on keyword_id_movie_keyword  (cost=0.00..6.69 rows=301 width=0) (actual time=1.823..1.823 rows=12419 loops=5)
                                                              Index Cond: (keyword_id = k.id)
                                            ->  Index Scan using movie_id_movie_info on movie_info mi  (cost=0.43..17.43 rows=1 width=52) (actual time=0.052..0.053 rows=0 loops=62096)
                                                  Index Cond: (movie_id = mk.movie_id)
                                                  Filter: (info = 'Horror'::text)
                                                  Rows Removed by Filter: 47
                                ->  Index Scan using movie_id_movie_info_idx on movie_info_idx mi_idx  (cost=0.43..0.77 rows=3 width=14) (actual time=0.010..0.010 rows=3 loops=12438)
                                      Index Cond: (movie_id = mk.movie_id)
                    ->  Index Scan using movie_id_cast_info on cast_info ci  (cost=0.56..28.91 rows=1 width=8) (actual time=0.200..0.243 rows=1 loops=11389)
                          Index Cond: (movie_id = mk.movie_id)
                          Filter: (note = ANY ('{(writer),"(head writer)","(written by)",(story),"(story editor)"}'::text[]))
                          Rows Removed by Filter: 46
              ->  Index Scan using name_pkey on name n  (cost=0.43..1.09 rows=1 width=19) (actual time=0.016..0.016 rows=1 loops=7112)
                    Index Cond: (id = ci.person_id)
                    Filter: ((gender)::text = 'm'::text)
                    Rows Removed by Filter: 0
        ->  Index Scan using title_pkey on title t  (cost=0.43..0.84 rows=1 width=21) (actual time=0.012..0.012 rows=1 loops=4407)
              Index Cond: (id = mk.movie_id)
Planning time: 10.757 ms
Execution time: 6824.927 ms
