Aggregate  (cost=14729.30..14729.31 rows=1 width=128) (actual time=2667.202..2667.202 rows=1 loops=1)
  ->  Nested Loop  (cost=9.47..14729.29 rows=1 width=54) (actual time=13.884..2664.362 rows=1728 loops=1)
        Join Filter: (cct1.id = cc.subject_id)
        Rows Removed by Join Filter: 471
        ->  Seq Scan on comp_cast_type cct1  (cost=0.00..1.05 rows=1 width=4) (actual time=0.005..0.007 rows=1 loops=1)
              Filter: ((kind)::text = 'cast'::text)
              Rows Removed by Filter: 3
        ->  Nested Loop  (cost=9.47..14728.22 rows=1 width=58) (actual time=13.877..2663.684 rows=2199 loops=1)
              Join Filter: (cct2.id = cc.status_id)
              Rows Removed by Join Filter: 2199
              ->  Seq Scan on comp_cast_type cct2  (cost=0.00..1.05 rows=1 width=4) (actual time=0.002..0.005 rows=2 loops=1)
                    Filter: ((kind)::text ~~ '%complete%'::text)
                    Rows Removed by Filter: 2
              ->  Nested Loop  (cost=9.47..14727.16 rows=1 width=62) (actual time=13.139..1331.240 rows=2199 loops=2)
                    ->  Nested Loop  (cost=9.05..14726.68 rows=1 width=70) (actual time=9.959..1319.081 rows=2929 loops=2)
                          ->  Nested Loop  (cost=8.62..14726.23 rows=1 width=59) (actual time=9.939..1277.112 rows=2929 loops=2)
                                ->  Nested Loop  (cost=8.19..14719.82 rows=14 width=47) (actual time=9.756..884.184 rows=105632 loops=2)
                                      Join Filter: (t.id = ci.movie_id)
                                      ->  Nested Loop  (cost=7.62..14717.83 rows=1 width=35) (actual time=9.727..415.610 rows=884 loops=2)
                                            Join Filter: (kt.id = t.kind_id)
                                            Rows Removed by Join Filter: 1016
                                            ->  Seq Scan on kind_type kt  (cost=0.00..1.09 rows=1 width=4) (actual time=0.002..0.004 rows=1 loops=2)
                                                  Filter: ((kind)::text = 'movie'::text)
                                                  Rows Removed by Filter: 6
                                            ->  Nested Loop  (cost=7.62..14716.73 rows=1 width=39) (actual time=0.880..415.063 rows=1900 loops=2)
                                                  ->  Nested Loop  (cost=7.19..14716.24 rows=1 width=14) (actual time=0.862..361.774 rows=3908 loops=2)
                                                        Join Filter: (mi_idx.info_type_id = it2.id)
                                                        Rows Removed by Join Filter: 2673
                                                        ->  Seq Scan on info_type it2  (cost=0.00..2.41 rows=1 width=4) (actual time=0.013..0.018 rows=1 loops=2)
                                                              Filter: ((info)::text = 'rating'::text)
                                                              Rows Removed by Filter: 112
                                                        ->  Nested Loop  (cost=7.19..14712.12 rows=137 width=18) (actual time=0.849..360.127 rows=6581 loops=2)
                                                              ->  Nested Loop  (cost=6.77..14545.03 rows=329 width=4) (actual time=0.743..186.331 rows=24091 loops=2)
                                                                    ->  Seq Scan on keyword k  (cost=0.00..3967.82 rows=10 width=4) (actual time=0.192..55.723 rows=10 loops=2)
                                                                          Filter: (keyword = ANY ('{superhero,marvel-comics,based-on-comic,tv-special,fight,violence,magnet,web,claw,laser}'::text[]))
                                                                          Rows Removed by Filter: 134160
                                                                    ->  Bitmap Heap Scan on movie_keyword mk  (cost=6.77..1054.71 rows=301 width=8) (actual time=0.686..12.547 rows=2409 loops=20)
                                                                          Recheck Cond: (keyword_id = k.id)
                                                                          Heap Blocks: exact=34254
                                                                          ->  Bitmap Index Scan on keyword_id_movie_keyword  (cost=0.00..6.69 rows=301 width=0) (actual time=0.385..0.385 rows=2409 loops=20)
                                                                                Index Cond: (keyword_id = k.id)
                                                              ->  Index Scan using movie_id_movie_info_idx on movie_info_idx mi_idx  (cost=0.43..0.50 rows=1 width=14) (actual time=0.007..0.007 rows=0 loops=48182)
                                                                    Index Cond: (movie_id = mk.movie_id)
                                                                    Filter: (info > '7.0'::text)
                                                                    Rows Removed by Filter: 2
                                                  ->  Index Scan using title_pkey on title t  (cost=0.43..0.49 rows=1 width=25) (actual time=0.013..0.013 rows=0 loops=7816)
                                                        Index Cond: (id = mk.movie_id)
                                                        Filter: (production_year > 2000)
                                                        Rows Removed by Filter: 1
                                      ->  Index Scan using movie_id_cast_info on cast_info ci  (cost=0.56..1.52 rows=37 width=12) (actual time=0.017..0.488 rows=119 loops=1768)
                                            Index Cond: (movie_id = mk.movie_id)
                                ->  Index Scan using char_name_pkey on char_name chn  (cost=0.43..0.46 rows=1 width=20) (actual time=0.003..0.003 rows=0 loops=211264)
                                      Index Cond: (id = ci.person_role_id)
                                      Filter: ((name IS NOT NULL) AND ((name ~~ '%man%'::text) OR (name ~~ '%Man%'::text)))
                                      Rows Removed by Filter: 0
                          ->  Index Scan using name_pkey on name n  (cost=0.43..0.46 rows=1 width=19) (actual time=0.014..0.014 rows=1 loops=5858)
                                Index Cond: (id = ci.person_id)
                    ->  Index Scan using movie_id_complete_cast on complete_cast cc  (cost=0.42..0.46 rows=2 width=12) (actual time=0.003..0.003 rows=1 loops=5858)
                          Index Cond: (movie_id = t.id)
Planning time: 67.221 ms
Execution time: 2667.320 ms
