Aggregate  (cost=3762.18..3762.19 rows=1 width=96) (actual time=90.222..90.222 rows=1 loops=1)
  ->  Nested Loop  (cost=9.19..3762.17 rows=1 width=48) (actual time=4.056..89.790 rows=477 loops=1)
        ->  Nested Loop  (cost=8.77..3761.71 rows=1 width=33) (actual time=4.045..86.446 rows=1106 loops=1)
              Join Filter: (ct.id = mc.company_type_id)
              Rows Removed by Join Filter: 57
              ->  Seq Scan on company_type ct  (cost=0.00..1.05 rows=1 width=4) (actual time=0.005..0.006 rows=1 loops=1)
                    Filter: ((kind)::text = 'production companies'::text)
                    Rows Removed by Filter: 3
              ->  Nested Loop  (cost=8.77..3760.62 rows=3 width=37) (actual time=4.037..86.201 rows=1163 loops=1)
                    Join Filter: (ml.movie_id = mc.movie_id)
                    ->  Nested Loop  (cost=8.34..3760.05 rows=1 width=49) (actual time=4.030..84.949 rows=154 loops=1)
                          Join Filter: (cct1.id = cc.subject_id)
                          Rows Removed by Join Filter: 57
                          ->  Nested Loop  (cost=8.34..3758.97 rows=1 width=53) (actual time=4.025..84.645 rows=154 loops=1)
                                Join Filter: (cct2.id = cc.status_id)
                                Rows Removed by Join Filter: 57
                                ->  Seq Scan on comp_cast_type cct2  (cost=0.00..1.05 rows=1 width=4) (actual time=0.002..0.002 rows=1 loops=1)
                                      Filter: ((kind)::text = 'complete'::text)
                                      Rows Removed by Filter: 3
                                ->  Nested Loop  (cost=8.34..3757.90 rows=2 width=57) (actual time=4.023..84.589 rows=211 loops=1)
                                      Join Filter: (ml.movie_id = cc.movie_id)
                                      ->  Nested Loop  (cost=7.92..3757.41 rows=1 width=45) (actual time=3.057..83.716 rows=327 loops=1)
                                            Join Filter: (ml.movie_id = t.id)
                                            ->  Nested Loop  (cost=7.49..3756.91 rows=1 width=24) (actual time=3.051..82.512 rows=420 loops=1)
                                                  Join Filter: (ml.movie_id = mi.movie_id)
                                                  ->  Nested Loop  (cost=7.05..3755.36 rows=1 width=20) (actual time=2.864..79.655 rows=199 loops=1)
                                                        Join Filter: (lt.id = ml.link_type_id)
                                                        Rows Removed by Join Filter: 303
                                                        ->  Seq Scan on link_type lt  (cost=0.00..1.23 rows=1 width=16) (actual time=0.002..0.007 rows=2 loops=1)
                                                              Filter: ((link)::text ~~ '%follow%'::text)
                                                              Rows Removed by Filter: 16
                                                        ->  Nested Loop  (cost=7.05..3754.01 rows=10 width=12) (actual time=2.845..39.783 rows=251 loops=2)
                                                              ->  Nested Loop  (cost=6.77..3739.98 rows=33 width=4) (actual time=2.839..25.542 rows=10544 loops=2)
                                                                    ->  Seq Scan on keyword k  (cost=0.00..2626.12 rows=1 width=4) (actual time=0.767..13.704 rows=1 loops=2)
                                                                          Filter: (keyword = 'sequel'::text)
                                                                          Rows Removed by Filter: 134169
                                                                    ->  Bitmap Heap Scan on movie_keyword mk  (cost=6.77..1110.84 rows=301 width=8) (actual time=2.069..10.021 rows=10544 loops=2)
                                                                          Recheck Cond: (keyword_id = k.id)
                                                                          Heap Blocks: exact=11140
                                                                          ->  Bitmap Index Scan on keyword_id_movie_keyword  (cost=0.00..6.69 rows=301 width=0) (actual time=1.117..1.117 rows=10544 loops=2)
                                                                                Index Cond: (keyword_id = k.id)
                                                              ->  Index Scan using movie_id_movie_link on movie_link ml  (cost=0.29..0.38 rows=5 width=8) (actual time=0.001..0.001 rows=0 loops=21088)
                                                                    Index Cond: (movie_id = mk.movie_id)
                                                  ->  Index Scan using movie_id_movie_info on movie_info mi  (cost=0.43..1.54 rows=1 width=4) (actual time=0.011..0.013 rows=2 loops=199)
                                                        Index Cond: (movie_id = mk.movie_id)
                                                        Filter: (info = ANY ('{Sweden,Germany,Swedish,German}'::text[]))
                                                        Rows Removed by Filter: 18
                                            ->  Index Scan using title_pkey on title t  (cost=0.43..0.49 rows=1 width=21) (actual time=0.002..0.002 rows=1 loops=420)
                                                  Index Cond: (id = mk.movie_id)
                                                  Filter: ((production_year >= 1950) AND (production_year <= 2000))
                                                  Rows Removed by Filter: 0
                                      ->  Index Scan using movie_id_complete_cast on complete_cast cc  (cost=0.42..0.46 rows=2 width=12) (actual time=0.002..0.002 rows=1 loops=327)
                                            Index Cond: (movie_id = mk.movie_id)
                          ->  Seq Scan on comp_cast_type cct1  (cost=0.00..1.05 rows=2 width=4) (actual time=0.001..0.001 rows=1 loops=154)
                                Filter: ((kind)::text = ANY ('{cast,crew}'::text[]))
                    ->  Index Scan using movie_id_movie_companies on movie_companies mc  (cost=0.43..0.54 rows=3 width=12) (actual time=0.003..0.006 rows=8 loops=154)
                          Index Cond: (movie_id = mk.movie_id)
                          Filter: (note IS NULL)
                          Rows Removed by Filter: 1
        ->  Index Scan using company_name_pkey on company_name cn  (cost=0.42..0.46 rows=1 width=23) (actual time=0.003..0.003 rows=0 loops=1106)
              Index Cond: (id = mc.company_id)
              Filter: (((country_code)::text <> '[pl]'::text) AND ((name ~~ '%Film%'::text) OR (name ~~ '%Warner%'::text)))
              Rows Removed by Filter: 1
Planning time: 70.105 ms
Execution time: 90.343 ms
