Aggregate  (cost=7420.89..7420.90 rows=1 width=96) (actual time=710.914..710.914 rows=1 loops=1)
  ->  Nested Loop  (cost=9.33..7420.89 rows=1 width=42) (actual time=5.694..706.588 rows=4803 loops=1)
        Join Filter: (ct.id = mc.company_type_id)
        ->  Nested Loop  (cost=9.33..7419.80 rows=1 width=46) (actual time=5.692..700.471 rows=4803 loops=1)
              ->  Nested Loop  (cost=8.91..7419.24 rows=1 width=31) (actual time=5.680..676.518 rows=4955 loops=1)
                    Join Filter: (t.id = mc.movie_id)
                    ->  Nested Loop  (cost=8.48..7418.66 rows=1 width=43) (actual time=5.659..662.525 rows=432 loops=1)
                          Join Filter: (it1.id = mi.info_type_id)
                          Rows Removed by Join Filter: 49
                          ->  Seq Scan on info_type it1  (cost=0.00..2.41 rows=1 width=4) (actual time=0.010..0.022 rows=1 loops=1)
                                Filter: ((info)::text = 'countries'::text)
                                Rows Removed by Filter: 112
                          ->  Nested Loop  (cost=8.48..7416.24 rows=1 width=47) (actual time=5.647..662.325 rows=481 loops=1)
                                Join Filter: (t.id = mi.movie_id)
                                ->  Nested Loop  (cost=8.04..7414.37 rows=1 width=39) (actual time=5.593..591.366 rows=473 loops=1)
                                      Join Filter: (kt.id = t.kind_id)
                                      Rows Removed by Join Filter: 236
                                      ->  Nested Loop  (cost=8.04..7413.26 rows=1 width=43) (actual time=5.588..589.861 rows=525 loops=1)
                                            ->  Nested Loop  (cost=7.61..7412.77 rows=1 width=18) (actual time=5.569..551.475 rows=3662 loops=1)
                                                  Join Filter: (cc.status_id = cct2.id)
                                                  Rows Removed by Join Filter: 14257
                                                  ->  Nested Loop  (cost=7.61..7411.68 rows=1 width=22) (actual time=5.565..538.052 rows=5973 loops=1)
                                                        Join Filter: (cct1.id = cc.subject_id)
                                                        Rows Removed by Join Filter: 13371
                                                        ->  Seq Scan on comp_cast_type cct1  (cost=0.00..1.05 rows=1 width=4) (actual time=0.002..0.003 rows=1 loops=1)
                                                              Filter: ((kind)::text = 'crew'::text)
                                                              Rows Removed by Filter: 3
                                                        ->  Nested Loop  (cost=7.61..7410.58 rows=4 width=26) (actual time=5.080..534.770 rows=19344 loops=1)
                                                              ->  Nested Loop  (cost=7.19..7409.15 rows=3 width=14) (actual time=4.310..436.505 rows=31800 loops=1)
                                                                    Join Filter: (it2.id = mi_idx.info_type_id)
                                                                    Rows Removed by Join Filter: 62852
                                                                    ->  Seq Scan on info_type it2  (cost=0.00..2.41 rows=1 width=4) (actual time=0.011..0.015 rows=1 loops=1)
                                                                          Filter: ((info)::text = 'rating'::text)
                                                                          Rows Removed by Filter: 112
                                                                    ->  Nested Loop  (cost=7.19..7402.01 rows=378 width=18) (actual time=4.295..421.643 rows=94652 loops=1)
                                                                          ->  Nested Loop  (cost=6.77..7332.86 rows=131 width=4) (actual time=4.271..174.547 rows=37091 loops=1)
                                                                                ->  Seq Scan on keyword k  (cost=0.00..2961.55 rows=4 width=4) (actual time=1.267..30.081 rows=3 loops=1)
                                                                                      Filter: (keyword = ANY ('{murder,murder-in-title,blood,violence}'::text[]))
                                                                                      Rows Removed by Filter: 134167
                                                                                ->  Bitmap Heap Scan on movie_keyword mk  (cost=6.77..1089.82 rows=301 width=8) (actual time=3.520..45.579 rows=12364 loops=3)
                                                                                      Recheck Cond: (keyword_id = k.id)
                                                                                      Heap Blocks: exact=26312
                                                                                      ->  Bitmap Index Scan on keyword_id_movie_keyword  (cost=0.00..6.69 rows=301 width=0) (actual time=1.922..1.922 rows=12364 loops=3)
                                                                                            Index Cond: (keyword_id = k.id)
                                                                          ->  Index Scan using movie_id_movie_info_idx on movie_info_idx mi_idx  (cost=0.43..0.50 rows=3 width=14) (actual time=0.005..0.006 rows=3 loops=37091)
                                                                                Index Cond: (movie_id = mk.movie_id)
                                                                                Filter: (info < '8.5'::text)
                                                                                Rows Removed by Filter: 0
                                                              ->  Index Scan using movie_id_complete_cast on complete_cast cc  (cost=0.42..0.46 rows=2 width=12) (actual time=0.002..0.003 rows=1 loops=31800)
                                                                    Index Cond: (movie_id = mk.movie_id)
                                                  ->  Seq Scan on comp_cast_type cct2  (cost=0.00..1.05 rows=3 width=4) (actual time=0.001..0.001 rows=3 loops=5973)
                                                        Filter: ((kind)::text <> 'complete+verified'::text)
                                                        Rows Removed by Filter: 0
                                            ->  Index Scan using title_pkey on title t  (cost=0.43..0.49 rows=1 width=25) (actual time=0.010..0.010 rows=0 loops=3662)
                                                  Index Cond: (id = mk.movie_id)
                                                  Filter: (production_year > 2000)
                                                  Rows Removed by Filter: 1
                                      ->  Seq Scan on kind_type kt  (cost=0.00..1.09 rows=2 width=4) (actual time=0.001..0.002 rows=1 loops=525)
                                            Filter: ((kind)::text = ANY ('{movie,episode}'::text[]))
                                            Rows Removed by Filter: 2
                                ->  Index Scan using movie_id_movie_info on movie_info mi  (cost=0.43..1.84 rows=2 width=8) (actual time=0.130..0.149 rows=1 loops=473)
                                      Index Cond: (movie_id = mk.movie_id)
                                      Filter: (info = ANY ('{Sweden,Norway,Germany,Denmark,Swedish,Danish,Norwegian,German,USA,American}'::text[]))
                                      Rows Removed by Filter: 139
                    ->  Index Scan using movie_id_movie_companies on movie_companies mc  (cost=0.43..0.57 rows=1 width=12) (actual time=0.013..0.029 rows=11 loops=432)
                          Index Cond: (movie_id = mk.movie_id)
                          Filter: ((note !~~ '%(USA)%'::text) AND (note ~~ '%(200%)%'::text))
                          Rows Removed by Filter: 10
              ->  Index Scan using company_name_pkey on company_name cn  (cost=0.42..0.56 rows=1 width=23) (actual time=0.004..0.004 rows=1 loops=4955)
                    Index Cond: (id = mc.company_id)
                    Filter: ((country_code)::text <> '[us]'::text)
                    Rows Removed by Filter: 0
        ->  Seq Scan on company_type ct  (cost=0.00..1.04 rows=4 width=4) (actual time=0.000..0.000 rows=1 loops=4803)
Planning time: 87.445 ms
Execution time: 711.040 ms
