Aggregate  (cost=7436.24..7436.25 rows=1 width=96) (actual time=618.230..618.230 rows=1 loops=1)
  ->  Nested Loop  (cost=9.33..7436.23 rows=1 width=42) (actual time=5.425..610.681 rows=8373 loops=1)
        Join Filter: (mi.info_type_id = it1.id)
        Rows Removed by Join Filter: 1116
        ->  Nested Loop  (cost=9.33..7433.80 rows=1 width=46) (actual time=5.420..564.336 rows=9489 loops=1)
              Join Filter: (cc.subject_id = cct1.id)
              Rows Removed by Join Filter: 1554
              ->  Nested Loop  (cost=9.33..7432.74 rows=1 width=50) (actual time=5.418..548.853 rows=11043 loops=1)
                    ->  Nested Loop  (cost=8.91..7432.19 rows=1 width=35) (actual time=5.412..504.357 rows=11524 loops=1)
                          Join Filter: (mc.company_type_id = ct.id)
                          ->  Nested Loop  (cost=8.91..7431.10 rows=1 width=39) (actual time=5.409..490.873 rows=11524 loops=1)
                                Join Filter: (t.id = mc.movie_id)
                                ->  Nested Loop  (cost=8.48..7430.52 rows=1 width=51) (actual time=5.398..461.300 rows=1092 loops=1)
                                      Join Filter: (t.id = mi.movie_id)
                                      ->  Nested Loop  (cost=8.04..7428.65 rows=1 width=43) (actual time=5.375..354.002 rows=1069 loops=1)
                                            Join Filter: (t.kind_id = kt.id)
                                            Rows Removed by Join Filter: 543
                                            ->  Nested Loop  (cost=8.04..7427.54 rows=1 width=47) (actual time=5.370..351.195 rows=1215 loops=1)
                                                  Join Filter: (cc.status_id = cct2.id)
                                                  Rows Removed by Join Filter: 350
                                                  ->  Nested Loop  (cost=8.04..7426.47 rows=1 width=51) (actual time=5.367..347.352 rows=1565 loops=1)
                                                        Join Filter: (it2.id = mi_idx.info_type_id)
                                                        Rows Removed by Join Filter: 3276
                                                        ->  Seq Scan on info_type it2  (cost=0.00..2.41 rows=1 width=4) (actual time=0.016..0.019 rows=1 loops=1)
                                                              Filter: ((info)::text = 'rating'::text)
                                                              Rows Removed by Filter: 112
                                                        ->  Nested Loop  (cost=8.04..7424.04 rows=2 width=55) (actual time=5.347..346.373 rows=4841 loops=1)
                                                              Join Filter: (t.id = mi_idx.movie_id)
                                                              ->  Nested Loop  (cost=7.62..7422.43 rows=3 width=41) (actual time=5.337..332.227 rows=1723 loops=1)
                                                                    ->  Nested Loop  (cost=7.20..7397.03 rows=53 width=29) (actual time=4.448..303.962 rows=9739 loops=1)
                                                                          ->  Nested Loop  (cost=6.77..7332.86 rows=131 width=4) (actual time=4.434..119.531 rows=37091 loops=1)
                                                                                ->  Seq Scan on keyword k  (cost=0.00..2961.55 rows=4 width=4) (actual time=1.412..30.008 rows=3 loops=1)
                                                                                      Filter: (keyword = ANY ('{murder,murder-in-title,blood,violence}'::text[]))
                                                                                      Rows Removed by Filter: 134167
                                                                                ->  Bitmap Heap Scan on movie_keyword mk  (cost=6.77..1089.82 rows=301 width=8) (actual time=3.548..27.613 rows=12364 loops=3)
                                                                                      Recheck Cond: (keyword_id = k.id)
                                                                                      Heap Blocks: exact=26312
                                                                                      ->  Bitmap Index Scan on keyword_id_movie_keyword  (cost=0.00..6.69 rows=301 width=0) (actual time=1.959..1.959 rows=12364 loops=3)
                                                                                            Index Cond: (keyword_id = k.id)
                                                                          ->  Index Scan using title_pkey on title t  (cost=0.43..0.49 rows=1 width=25) (actual time=0.005..0.005 rows=0 loops=37091)
                                                                                Index Cond: (id = mk.movie_id)
                                                                                Filter: (production_year > 2005)
                                                                                Rows Removed by Filter: 1
                                                                    ->  Index Scan using movie_id_complete_cast on complete_cast cc  (cost=0.42..0.46 rows=2 width=12) (actual time=0.002..0.003 rows=0 loops=9739)
                                                                          Index Cond: (movie_id = t.id)
                                                              ->  Index Scan using movie_id_movie_info_idx on movie_info_idx mi_idx  (cost=0.43..0.50 rows=3 width=14) (actual time=0.005..0.007 rows=3 loops=1723)
                                                                    Index Cond: (movie_id = mk.movie_id)
                                                                    Filter: (info < '8.5'::text)
                                                                    Rows Removed by Filter: 0
                                                  ->  Seq Scan on comp_cast_type cct2  (cost=0.00..1.05 rows=1 width=4) (actual time=0.001..0.001 rows=1 loops=1565)
                                                        Filter: ((kind)::text = 'complete'::text)
                                                        Rows Removed by Filter: 2
                                            ->  Seq Scan on kind_type kt  (cost=0.00..1.09 rows=2 width=4) (actual time=0.001..0.001 rows=1 loops=1215)
                                                  Filter: ((kind)::text = ANY ('{movie,episode}'::text[]))
                                                  Rows Removed by Filter: 2
                                      ->  Index Scan using movie_id_movie_info on movie_info mi  (cost=0.43..1.84 rows=2 width=8) (actual time=0.084..0.099 rows=1 loops=1069)
                                            Index Cond: (movie_id = mk.movie_id)
                                            Filter: (info = ANY ('{Sweden,Norway,Germany,Denmark,Swedish,Danish,Norwegian,German,USA,American}'::text[]))
                                            Rows Removed by Filter: 130
                                ->  Index Scan using movie_id_movie_companies on movie_companies mc  (cost=0.43..0.57 rows=1 width=12) (actual time=0.010..0.024 rows=11 loops=1092)
                                      Index Cond: (movie_id = mk.movie_id)
                                      Filter: ((note !~~ '%(USA)%'::text) AND (note ~~ '%(200%)%'::text))
                                      Rows Removed by Filter: 13
                          ->  Seq Scan on company_type ct  (cost=0.00..1.04 rows=4 width=4) (actual time=0.000..0.000 rows=1 loops=11524)
                    ->  Index Scan using company_name_pkey on company_name cn  (cost=0.42..0.56 rows=1 width=23) (actual time=0.003..0.003 rows=1 loops=11524)
                          Index Cond: (id = mc.company_id)
                          Filter: ((country_code)::text <> '[us]'::text)
                          Rows Removed by Filter: 0
              ->  Seq Scan on comp_cast_type cct1  (cost=0.00..1.05 rows=1 width=4) (actual time=0.001..0.001 rows=1 loops=11043)
                    Filter: ((kind)::text = 'cast'::text)
                    Rows Removed by Filter: 0
        ->  Seq Scan on info_type it1  (cost=0.00..2.41 rows=1 width=4) (actual time=0.003..0.004 rows=1 loops=9489)
              Filter: ((info)::text = 'countries'::text)
              Rows Removed by Filter: 19
Planning time: 88.102 ms
Execution time: 618.371 ms
