Aggregate  (cost=3971.07..3971.08 rows=1 width=96) (actual time=654.571..654.571 rows=1 loops=1)
  ->  Nested Loop  (cost=11.18..3971.07 rows=1 width=48) (actual time=6.153..645.717 rows=16308 loops=1)
        Join Filter: (it.id = mi.info_type_id)
        ->  Seq Scan on info_type it  (cost=0.00..2.41 rows=1 width=4) (actual time=0.010..0.018 rows=1 loops=1)
              Filter: ((info)::text = 'release dates'::text)
              Rows Removed by Filter: 112
        ->  Nested Loop  (cost=11.18..3968.64 rows=1 width=52) (actual time=6.142..642.286 rows=16308 loops=1)
              Join Filter: (t.id = mi.movie_id)
              ->  Nested Loop  (cost=10.75..3926.59 rows=1 width=68) (actual time=6.083..60.153 rows=5706 loops=1)
                    Join Filter: (n.id = an.person_id)
                    ->  Nested Loop  (cost=10.32..3923.69 rows=1 width=80) (actual time=6.056..52.687 rows=1364 loops=1)
                          ->  Nested Loop  (cost=9.90..3921.67 rows=1 width=84) (actual time=6.021..34.930 rows=6188 loops=1)
                                Join Filter: (t.id = mc.movie_id)
                                ->  Nested Loop  (cost=9.47..3916.81 rows=1 width=76) (actual time=5.996..30.563 rows=240 loops=1)
                                      Join Filter: (ci.role_id = rt.id)
                                      ->  Nested Loop  (cost=9.47..3915.65 rows=1 width=80) (actual time=5.992..29.879 rows=240 loops=1)
                                            Join Filter: (it3.id = pi.info_type_id)
                                            Rows Removed by Join Filter: 730
                                            ->  Seq Scan on info_type it3  (cost=0.00..2.41 rows=1 width=4) (actual time=0.005..0.015 rows=1 loops=1)
                                                  Filter: ((info)::text = 'trivia'::text)
                                                  Rows Removed by Filter: 112
                                            ->  Nested Loop  (cost=9.47..3913.22 rows=1 width=84) (actual time=5.927..29.724 rows=970 loops=1)
                                                  Join Filter: (n.id = pi.person_id)
                                                  ->  Nested Loop  (cost=9.04..3893.69 rows=1 width=76) (actual time=5.897..28.879 rows=3 loops=1)
                                                        ->  Nested Loop  (cost=8.61..3891.44 rows=1 width=64) (actual time=3.552..28.827 rows=4 loops=1)
                                                              ->  Nested Loop  (cost=8.18..3889.10 rows=1 width=45) (actual time=0.739..22.066 rows=541 loops=1)
                                                                    Join Filter: (t.id = ci.movie_id)
                                                                    ->  Nested Loop  (cost=7.62..3841.49 rows=1 width=29) (actual time=0.717..18.759 rows=18 loops=1)
                                                                          ->  Nested Loop  (cost=7.19..3835.07 rows=3 width=8) (actual time=0.535..18.598 rows=23 loops=1)
                                                                                Join Filter: (cct1.id = cc.subject_id)
                                                                                Rows Removed by Join Filter: 2
                                                                                ->  Seq Scan on comp_cast_type cct1  (cost=0.00..1.05 rows=1 width=4) (actual time=0.002..0.004 rows=1 loops=1)
                                                                                      Filter: ((kind)::text = 'cast'::text)
                                                                                      Rows Removed by Filter: 3
                                                                                ->  Nested Loop  (cost=7.19..3833.87 rows=12 width=12) (actual time=0.533..18.585 rows=25 loops=1)
                                                                                      Join Filter: (cct2.id = cc.status_id)
                                                                                      Rows Removed by Join Filter: 65
                                                                                      ->  Seq Scan on comp_cast_type cct2  (cost=0.00..1.05 rows=1 width=4) (actual time=0.002..0.002 rows=1 loops=1)
                                                                                            Filter: ((kind)::text = 'complete+verified'::text)
                                                                                            Rows Removed by Filter: 3
                                                                                      ->  Nested Loop  (cost=7.19..3832.25 rows=46 width=16) (actual time=0.265..18.564 rows=90 loops=1)
                                                                                            ->  Nested Loop  (cost=6.77..3739.98 rows=33 width=4) (actual time=0.159..16.894 rows=414 loops=1)
                                                                                                  ->  Seq Scan on keyword k  (cost=0.00..2626.12 rows=1 width=4) (actual time=0.044..16.135 rows=1 loops=1)
                                                                                                        Filter: (keyword = 'computer-animation'::text)
                                                                                                        Rows Removed by Filter: 134169
                                                                                                  ->  Bitmap Heap Scan on movie_keyword mk  (cost=6.77..1110.84 rows=301 width=8) (actual time=0.113..0.678 rows=414 loops=1)
                                                                                                        Recheck Cond: (keyword_id = k.id)
                                                                                                        Heap Blocks: exact=358
                                                                                                        ->  Bitmap Index Scan on keyword_id_movie_keyword  (cost=0.00..6.69 rows=301 width=0) (actual time=0.062..0.062 rows=414 loops=1)
                                                                                                              Index Cond: (keyword_id = k.id)
                                                                                            ->  Index Scan using movie_id_complete_cast on complete_cast cc  (cost=0.42..2.78 rows=2 width=12) (actual time=0.003..0.004 rows=0 loops=414)
                                                                                                  Index Cond: (movie_id = mk.movie_id)
                                                                          ->  Index Scan using title_pkey on title t  (cost=0.43..2.14 rows=1 width=21) (actual time=0.006..0.006 rows=1 loops=23)
                                                                                Index Cond: (id = mk.movie_id)
                                                                                Filter: ((production_year >= 2000) AND (production_year <= 2010))
                                                                                Rows Removed by Filter: 0
                                                                    ->  Index Scan using movie_id_cast_info on cast_info ci  (cost=0.56..47.60 rows=1 width=16) (actual time=0.026..0.174 rows=30 loops=18)
                                                                          Index Cond: (movie_id = mk.movie_id)
                                                                          Filter: (note = ANY ('{(voice),"(voice: Japanese version)","(voice) (uncredited)","(voice: English version)"}'::text[]))
                                                                          Rows Removed by Filter: 124
                                                              ->  Index Scan using name_pkey on name n  (cost=0.43..2.34 rows=1 width=19) (actual time=0.012..0.012 rows=0 loops=541)
                                                                    Index Cond: (id = ci.person_id)
                                                                    Filter: ((name ~~ '%An%'::text) AND ((gender)::text = 'f'::text))
                                                                    Rows Removed by Filter: 1
                                                        ->  Index Scan using char_name_pkey on char_name chn  (cost=0.43..2.25 rows=1 width=20) (actual time=0.012..0.012 rows=1 loops=4)
                                                              Index Cond: (id = ci.person_role_id)
                                                  ->  Index Scan using person_id_person_info on person_info pi  (cost=0.43..19.22 rows=25 width=8) (actual time=0.021..0.179 rows=323 loops=3)
                                                        Index Cond: (person_id = ci.person_id)
                                      ->  Seq Scan on role_type rt  (cost=0.00..1.15 rows=1 width=4) (actual time=0.001..0.001 rows=1 loops=240)
                                            Filter: ((role)::text = 'actress'::text)
                                            Rows Removed by Filter: 1
                                ->  Index Scan using movie_id_movie_companies on movie_companies mc  (cost=0.43..4.79 rows=5 width=8) (actual time=0.004..0.010 rows=26 loops=240)
                                      Index Cond: (movie_id = mk.movie_id)
                          ->  Index Scan using company_name_pkey on company_name cn  (cost=0.42..2.03 rows=1 width=4) (actual time=0.002..0.002 rows=0 loops=6188)
                                Index Cond: (id = mc.company_id)
                                Filter: ((country_code)::text = '[us]'::text)
                                Rows Removed by Filter: 1
                    ->  Index Only Scan using person_id_aka_name on aka_name an  (cost=0.42..2.87 rows=2 width=4) (actual time=0.002..0.004 rows=4 loops=1364)
                          Index Cond: (person_id = pi.person_id)
                          Heap Fetches: 5706
              ->  Index Scan using movie_id_movie_info on movie_info mi  (cost=0.43..42.04 rows=1 width=8) (actual time=0.014..0.101 rows=3 loops=5706)
                    Index Cond: (movie_id = mk.movie_id)
                    Filter: ((info IS NOT NULL) AND ((info ~~ 'Japan:%200%'::text) OR (info ~~ 'USA:%200%'::text)))
                    Rows Removed by Filter: 302
Planning time: 115.897 ms
Execution time: 654.721 ms
