Aggregate  (cost=12807.53..12807.54 rows=1 width=128) (actual time=3644.704..3644.704 rows=1 loops=1)
  ->  Nested Loop  (cost=9.90..12807.52 rows=1 width=82) (actual time=30.112..3640.805 rows=2825 loops=1)
        ->  Nested Loop  (cost=9.47..12806.17 rows=1 width=71) (actual time=30.091..3623.987 rows=2825 loops=1)
              Join Filter: (mi_idx.info_type_id = it2.id)
              Rows Removed by Join Filter: 5782
              ->  Nested Loop  (cost=9.47..12803.74 rows=1 width=75) (actual time=30.063..3522.641 rows=8607 loops=1)
                    ->  Nested Loop  (cost=9.05..12802.64 rows=1 width=85) (actual time=30.048..3506.413 rows=2827 loops=1)
                          Join Filter: (mi.info_type_id = it1.id)
                          Rows Removed by Join Filter: 182
                          ->  Nested Loop  (cost=9.05..12800.21 rows=1 width=89) (actual time=30.036..3492.635 rows=3009 loops=1)
                                Join Filter: (t.id = mi.movie_id)
                                ->  Nested Loop  (cost=8.61..12777.14 rows=1 width=37) (actual time=11.740..3355.607 rows=1472 loops=1)
                                      Join Filter: (t.id = ci.movie_id)
                                      ->  Nested Loop  (cost=8.05..12744.13 rows=1 width=29) (actual time=11.628..3036.475 rows=1551 loops=1)
                                            ->  Nested Loop  (cost=7.62..12743.00 rows=1 width=8) (actual time=11.612..3022.057 rows=1551 loops=1)
                                                  ->  Nested Loop  (cost=7.20..11497.32 rows=1267 width=12) (actual time=4.634..1206.335 rows=619597 loops=1)
                                                        ->  Nested Loop  (cost=6.77..10991.68 rows=230 width=4) (actual time=4.612..428.993 rows=76714 loops=1)
                                                              ->  Seq Scan on keyword k  (cost=0.00..3464.69 rows=7 width=4) (actual time=1.239..46.118 rows=7 loops=1)
                                                                    Filter: (keyword = ANY ('{murder,violence,blood,gore,death,female-nudity,hospital}'::text[]))
                                                                    Rows Removed by Filter: 134163
                                                              ->  Bitmap Heap Scan on movie_keyword mk  (cost=6.77..1072.28 rows=301 width=8) (actual time=3.055..52.426 rows=10959 loops=7)
                                                                    Recheck Cond: (keyword_id = k.id)
                                                                    Heap Blocks: exact=53234
                                                                    ->  Bitmap Index Scan on keyword_id_movie_keyword  (cost=0.00..6.69 rows=301 width=0) (actual time=1.671..1.671 rows=10959 loops=7)
                                                                          Index Cond: (keyword_id = k.id)
                                                        ->  Index Scan using movie_id_movie_companies on movie_companies mc  (cost=0.43..2.15 rows=5 width=8) (actual time=0.005..0.008 rows=8 loops=76714)
                                                              Index Cond: (movie_id = mk.movie_id)
                                                  ->  Index Scan using company_name_pkey on company_name cn  (cost=0.42..0.98 rows=1 width=4) (actual time=0.003..0.003 rows=0 loops=619597)
                                                        Index Cond: (id = mc.company_id)
                                                        Filter: (name ~~ 'Lionsgate%'::text)
                                                        Rows Removed by Filter: 1
                                            ->  Index Scan using title_pkey on title t  (cost=0.43..1.13 rows=1 width=21) (actual time=0.008..0.008 rows=1 loops=1551)
                                                  Index Cond: (id = mk.movie_id)
                                      ->  Index Scan using movie_id_cast_info on cast_info ci  (cost=0.56..33.00 rows=1 width=8) (actual time=0.149..0.205 rows=1 loops=1551)
                                            Index Cond: (movie_id = mk.movie_id)
                                            Filter: (note = ANY ('{(writer),"(head writer)","(written by)",(story),"(story editor)"}'::text[]))
                                            Rows Removed by Filter: 119
                                ->  Index Scan using movie_id_movie_info on movie_info mi  (cost=0.43..23.05 rows=1 width=52) (actual time=0.088..0.092 rows=2 loops=1472)
                                      Index Cond: (movie_id = mk.movie_id)
                                      Filter: (info = ANY ('{Horror,Action,Sci-Fi,Thriller,Crime,War}'::text[]))
                                      Rows Removed by Filter: 172
                          ->  Seq Scan on info_type it1  (cost=0.00..2.41 rows=1 width=4) (actual time=0.003..0.004 rows=1 loops=3009)
                                Filter: ((info)::text = 'genres'::text)
                                Rows Removed by Filter: 9
                    ->  Index Scan using movie_id_movie_info_idx on movie_info_idx mi_idx  (cost=0.43..1.07 rows=3 width=14) (actual time=0.004..0.004 rows=3 loops=2827)
                          Index Cond: (movie_id = t.id)
              ->  Seq Scan on info_type it2  (cost=0.00..2.41 rows=1 width=4) (actual time=0.010..0.011 rows=1 loops=8607)
                    Filter: ((info)::text = 'votes'::text)
                    Rows Removed by Filter: 108
        ->  Index Scan using name_pkey on name n  (cost=0.43..1.35 rows=1 width=19) (actual time=0.005..0.005 rows=1 loops=2825)
              Index Cond: (id = ci.person_id)
Planning time: 45.409 ms
Execution time: 3644.841 ms
