Aggregate  (cost=3807.34..3807.35 rows=1 width=96) (actual time=157.176..157.176 rows=1 loops=1)
  ->  Nested Loop  (cost=7.91..3807.27 rows=10 width=46) (actual time=6.506..153.636 rows=4388 loops=1)
        ->  Nested Loop  (cost=7.48..3762.57 rows=10 width=33) (actual time=6.497..133.146 rows=4388 loops=1)
              ->  Nested Loop  (cost=7.05..3757.69 rows=10 width=24) (actual time=6.487..121.761 rows=4388 loops=1)
                    Join Filter: (ml.link_type_id = lt.id)
                    Rows Removed by Join Filter: 30206
                    ->  Nested Loop  (cost=7.05..3754.01 rows=10 width=16) (actual time=6.476..115.080 rows=4388 loops=1)
                          ->  Nested Loop  (cost=6.77..3739.98 rows=33 width=4) (actual time=6.414..60.316 rows=41840 loops=1)
                                ->  Seq Scan on keyword k  (cost=0.00..2626.12 rows=1 width=4) (actual time=0.702..15.992 rows=1 loops=1)
                                      Filter: (keyword = 'character-name-in-title'::text)
                                      Rows Removed by Filter: 134169
                                ->  Bitmap Heap Scan on movie_keyword mk  (cost=6.77..1110.84 rows=301 width=8) (actual time=5.710..37.168 rows=41840 loops=1)
                                      Recheck Cond: (keyword_id = k.id)
                                      Heap Blocks: exact=11541
                                      ->  Bitmap Index Scan on keyword_id_movie_keyword  (cost=0.00..6.69 rows=301 width=0) (actual time=3.587..3.587 rows=41840 loops=1)
                                            Index Cond: (keyword_id = k.id)
                          ->  Index Scan using movie_id_movie_link on movie_link ml  (cost=0.29..0.38 rows=5 width=12) (actual time=0.001..0.001 rows=0 loops=41840)
                                Index Cond: (movie_id = mk.movie_id)
                    ->  Materialize  (cost=0.00..1.27 rows=18 width=16) (actual time=0.000..0.000 rows=8 loops=4388)
                          ->  Seq Scan on link_type lt  (cost=0.00..1.18 rows=18 width=16) (actual time=0.003..0.006 rows=17 loops=1)
              ->  Index Scan using title_pkey on title t1  (cost=0.43..0.49 rows=1 width=21) (actual time=0.002..0.002 rows=1 loops=4388)
                    Index Cond: (id = mk.movie_id)
        ->  Index Scan using title_pkey on title t2  (cost=0.43..4.47 rows=1 width=21) (actual time=0.004..0.004 rows=1 loops=4388)
              Index Cond: (id = ml.linked_movie_id)
Planning time: 1.913 ms
Execution time: 157.262 ms
