Aggregate  (cost=3947.19..3947.20 rows=1 width=192) (actual time=85.013..85.013 rows=1 loops=1)
  ->  Nested Loop  (cost=745.83..3947.17 rows=1 width=84) (actual time=14.567..84.996 rows=8 loops=1)
        Join Filter: ((t2.id = mi_idx2.movie_id) AND (it2.id = mi_idx2.info_type_id))
        Rows Removed by Join Filter: 807
        ->  Nested Loop  (cost=745.40..3946.65 rows=1 width=94) (actual time=3.574..82.935 rows=465 loops=1)
              ->  Nested Loop  (cost=745.27..3946.03 rows=4 width=98) (actual time=3.570..82.132 rows=465 loops=1)
                    Join Filter: (ml.movie_id = t1.id)
                    ->  Nested Loop  (cost=744.84..3943.91 rows=4 width=89) (actual time=3.564..80.824 rows=465 loops=1)
                          ->  Nested Loop  (cost=744.42..3942.14 rows=4 width=74) (actual time=3.560..79.436 rows=465 loops=1)
                                ->  Nested Loop  (cost=743.99..3938.95 rows=4 width=66) (actual time=3.551..78.857 rows=58 loops=1)
                                      Join Filter: (kt2.id = t2.kind_id)
                                      Rows Removed by Join Filter: 89
                                      ->  Nested Loop  (cost=743.99..3937.49 rows=25 width=70) (actual time=2.125..78.769 rows=147 loops=1)
                                            ->  Nested Loop  (cost=743.56..3302.01 rows=142 width=45) (actual time=2.115..68.959 rows=2083 loops=1)
                                                  ->  Index Scan using info_type_pkey on info_type it2  (cost=0.14..14.12 rows=1 width=4) (actual time=0.026..0.031 rows=1 loops=1)
                                                        Filter: ((info)::text = 'rating'::text)
                                                        Rows Removed by Filter: 112
                                                  ->  Nested Loop  (cost=743.42..3286.47 rows=142 width=41) (actual time=2.088..68.461 rows=2083 loops=1)
                                                        ->  Nested Loop  (cost=743.00..3108.56 rows=399 width=26) (actual time=2.039..42.750 rows=9674 loops=1)
                                                              Join Filter: (ml.movie_id = mc1.movie_id)
                                                              ->  Nested Loop  (cost=742.57..3068.60 rows=61 width=18) (actual time=2.026..28.877 rows=2064 loops=1)
                                                                    Join Filter: (mi_idx1.info_type_id = it1.id)
                                                                    Rows Removed by Join Filter: 4128
                                                                    ->  Merge Join  (cost=742.57..2963.34 rows=6856 width=22) (actual time=2.002..26.283 rows=6192 loops=1)
                                                                          Merge Cond: (mi_idx1.movie_id = ml.movie_id)
                                                                          ->  Index Scan using movie_id_movie_info_idx on movie_info_idx mi_idx1  (cost=0.43..43810.54 rows=1380035 width=14) (actual time=0.010..15.312 rows=63901 loops=1)
                                                                          ->  Sort  (cost=742.10..747.89 rows=2315 width=8) (actual time=1.952..2.674 rows=6443 loops=1)
                                                                                Sort Key: ml.movie_id
                                                                                Sort Method: quicksort  Memory: 205kB
                                                                                ->  Nested Loop  (cost=37.49..612.73 rows=2315 width=8) (actual time=0.116..1.388 rows=2315 loops=1)
                                                                                      ->  Seq Scan on link_type lt  (cost=0.00..1.25 rows=3 width=4) (actual time=0.005..0.010 rows=2 loops=1)
                                                                                            Filter: ((link)::text = ANY ('{sequel,follows,"followed by"}'::text[]))
                                                                                            Rows Removed by Filter: 16
                                                                                      ->  Bitmap Heap Scan on movie_link ml  (cost=37.49..185.08 rows=1875 width=12) (actual time=0.101..0.500 rows=1158 loops=2)
                                                                                            Recheck Cond: (link_type_id = lt.id)
                                                                                            Heap Blocks: exact=191
                                                                                            ->  Bitmap Index Scan on link_type_id_movie_link  (cost=0.00..37.02 rows=1875 width=0) (actual time=0.084..0.084 rows=1158 loops=2)
                                                                                                  Index Cond: (link_type_id = lt.id)
                                                                    ->  Materialize  (cost=0.00..2.42 rows=1 width=4) (actual time=0.000..0.000 rows=1 loops=6192)
                                                                          ->  Seq Scan on info_type it1  (cost=0.00..2.41 rows=1 width=4) (actual time=0.013..0.015 rows=1 loops=1)
                                                                                Filter: ((info)::text = 'rating'::text)
                                                                                Rows Removed by Filter: 112
                                                              ->  Index Scan using movie_id_movie_companies on movie_companies mc1  (cost=0.43..0.59 rows=5 width=8) (actual time=0.003..0.005 rows=5 loops=2064)
                                                                    Index Cond: (movie_id = mi_idx1.movie_id)
                                                        ->  Index Scan using company_name_pkey on company_name cn1  (cost=0.42..0.45 rows=1 width=23) (actual time=0.002..0.002 rows=0 loops=9674)
                                                              Index Cond: (id = mc1.company_id)
                                                              Filter: ((country_code)::text = '[us]'::text)
                                                              Rows Removed by Filter: 1
                                            ->  Index Scan using title_pkey on title t2  (cost=0.43..4.48 rows=1 width=25) (actual time=0.004..0.004 rows=0 loops=2083)
                                                  Index Cond: (id = ml.linked_movie_id)
                                                  Filter: ((production_year >= 2005) AND (production_year <= 2008))
                                                  Rows Removed by Filter: 1
                                      ->  Materialize  (cost=0.00..1.09 rows=1 width=4) (actual time=0.000..0.000 rows=1 loops=147)
                                            ->  Seq Scan on kind_type kt2  (cost=0.00..1.09 rows=1 width=4) (actual time=0.002..0.003 rows=1 loops=1)
                                                  Filter: ((kind)::text = 'tv series'::text)
                                                  Rows Removed by Filter: 6
                                ->  Index Scan using movie_id_movie_companies on movie_companies mc2  (cost=0.43..0.75 rows=5 width=8) (actual time=0.004..0.007 rows=8 loops=58)
                                      Index Cond: (movie_id = t2.id)
                          ->  Index Scan using company_name_pkey on company_name cn2  (cost=0.42..0.44 rows=1 width=23) (actual time=0.002..0.002 rows=1 loops=465)
                                Index Cond: (id = mc2.company_id)
                    ->  Index Scan using title_pkey on title t1  (cost=0.43..0.52 rows=1 width=25) (actual time=0.002..0.002 rows=1 loops=465)
                          Index Cond: (id = mc1.movie_id)
              ->  Index Scan using kind_type_pkey on kind_type kt1  (cost=0.13..0.15 rows=1 width=4) (actual time=0.001..0.001 rows=1 loops=465)
                    Index Cond: (id = t1.kind_id)
                    Filter: ((kind)::text = 'tv series'::text)
        ->  Index Scan using movie_id_movie_info_idx on movie_info_idx mi_idx2  (cost=0.43..0.51 rows=1 width=14) (actual time=0.003..0.004 rows=2 loops=465)
              Index Cond: (movie_id = mc2.movie_id)
              Filter: (info < '3.0'::text)
              Rows Removed by Filter: 1
Planning time: 88.357 ms
Execution time: 85.151 ms
