Aggregate  (cost=16450.97..16450.98 rows=1 width=64) (actual time=113.018..113.018 rows=1 loops=1)
  ->  Nested Loop  (cost=7.62..16450.63 rows=68 width=23) (actual time=4.293..112.524 rows=740 loops=1)
        Join Filter: (mi_idx.info_type_id = it.id)
        Rows Removed by Join Filter: 405
        ->  Seq Scan on info_type it  (cost=0.00..2.41 rows=1 width=4) (actual time=0.016..0.023 rows=1 loops=1)
              Filter: ((info)::text = 'rating'::text)
              Rows Removed by Filter: 112
        ->  Nested Loop  (cost=7.62..16445.79 rows=194 width=27) (actual time=4.276..112.236 rows=1145 loops=1)
              Join Filter: (t.id = mi_idx.movie_id)
              ->  Nested Loop  (cost=7.20..16357.50 rows=173 width=25) (actual time=4.242..94.465 rows=2235 loops=1)
                    ->  Nested Loop  (cost=6.77..16147.88 rows=428 width=4) (actual time=3.689..45.681 rows=12951 loops=1)
                          ->  Seq Scan on keyword k  (cost=0.00..2626.12 rows=13 width=4) (actual time=1.423..27.080 rows=30 loops=1)
                                Filter: (keyword ~~ '%sequel%'::text)
                                Rows Removed by Filter: 134140
                          ->  Bitmap Heap Scan on movie_keyword mk  (cost=6.77..1037.12 rows=301 width=8) (actual time=0.097..0.543 rows=432 loops=30)
                                Recheck Cond: (keyword_id = k.id)
                                Heap Blocks: exact=6979
                                ->  Bitmap Index Scan on keyword_id_movie_keyword  (cost=0.00..6.69 rows=301 width=0) (actual time=0.057..0.057 rows=432 loops=30)
                                      Index Cond: (keyword_id = k.id)
                    ->  Index Scan using title_pkey on title t  (cost=0.43..0.49 rows=1 width=21) (actual time=0.003..0.003 rows=0 loops=12951)
                          Index Cond: (id = mk.movie_id)
                          Filter: (production_year > 2005)
                          Rows Removed by Filter: 1
              ->  Index Scan using movie_id_movie_info_idx on movie_info_idx mi_idx  (cost=0.43..0.50 rows=1 width=14) (actual time=0.007..0.007 rows=1 loops=2235)
                    Index Cond: (movie_id = mk.movie_id)
                    Filter: (info > '5.0'::text)
                    Rows Removed by Filter: 1
Planning time: 1.257 ms
Execution time: 113.085 ms
