Aggregate  (cost=61278.47..61278.48 rows=1 width=32) (actual time=353.710..353.711 rows=1 loops=1)
  ->  Nested Loop  (cost=1.29..61278.22 rows=99 width=17) (actual time=353.696..353.696 rows=0 loops=1)
        Join Filter: (mi.info_type_id = it.id)
        ->  Nested Loop  (cost=1.29..61109.67 rows=99 width=21) (actual time=353.685..353.685 rows=0 loops=1)
              ->  Nested Loop  (cost=0.86..60270.09 rows=355 width=25) (actual time=353.679..353.679 rows=0 loops=1)
                    ->  Nested Loop  (cost=0.43..53072.99 rows=878 width=4) (actual time=353.673..353.673 rows=0 loops=1)
                          ->  Seq Scan on company_type ct  (cost=0.00..1.05 rows=1 width=4) (actual time=0.006..0.012 rows=1 loops=1)
                                Filter: ((kind)::text = 'production companies'::text)
                                Rows Removed by Filter: 3
                          ->  Index Scan using company_type_id_movie_companies on movie_companies mc  (cost=0.43..53067.12 rows=482 width=8) (actual time=353.640..353.640 rows=0 loops=1)
                                Index Cond: (company_type_id = ct.id)
                                Filter: ((note ~~ '%(theatrical)%'::text) AND (note ~~ '%(France)%'::text))
                                Rows Removed by Filter: 1334883
                    ->  Index Scan using title_pkey on title t  (cost=0.43..8.20 rows=1 width=21) (never executed)
                          Index Cond: (id = mc.movie_id)
                          Filter: (production_year > 2005)
              ->  Index Scan using movie_id_movie_info on movie_info mi  (cost=0.43..2.36 rows=1 width=8) (never executed)
                    Index Cond: (movie_id = t.id)
                    Filter: (info = ANY ('{Sweden,Norway,Germany,Denmark,Swedish,Denish,Norwegian,German}'::text[]))
        ->  Materialize  (cost=0.00..2.69 rows=113 width=4) (never executed)
              ->  Seq Scan on info_type it  (cost=0.00..2.13 rows=113 width=4) (never executed)
Planning time: 1.345 ms
Execution time: 353.823 ms
