Aggregate  (cost=56470.50..56470.51 rows=1 width=32) (actual time=283.183..283.183 rows=1 loops=1)
  ->  Nested Loop  (cost=1.29..56470.49 rows=3 width=17) (actual time=283.178..283.178 rows=0 loops=1)
        Join Filter: (mi.info_type_id = it.id)
        ->  Seq Scan on info_type it  (cost=0.00..2.13 rows=113 width=4) (actual time=0.009..0.021 rows=113 loops=1)
        ->  Materialize  (cost=1.29..56463.28 rows=3 width=21) (actual time=2.506..2.506 rows=0 loops=113)
              ->  Nested Loop  (cost=1.29..56463.27 rows=3 width=21) (actual time=283.128..283.128 rows=0 loops=1)
                    ->  Nested Loop  (cost=0.86..56456.51 rows=2 width=25) (actual time=283.127..283.127 rows=0 loops=1)
                          ->  Nested Loop  (cost=0.43..56329.76 rows=15 width=4) (actual time=283.127..283.127 rows=0 loops=1)
                                ->  Seq Scan on company_type ct  (cost=0.00..1.05 rows=1 width=4) (actual time=0.003..0.008 rows=1 loops=1)
                                      Filter: ((kind)::text = 'production companies'::text)
                                      Rows Removed by Filter: 3
                                ->  Index Scan using company_type_id_movie_companies on movie_companies mc  (cost=0.43..56328.53 rows=18 width=8) (actual time=283.116..283.116 rows=0 loops=1)
                                      Index Cond: (company_type_id = ct.id)
                                      Filter: ((note ~~ '%(VHS)%'::text) AND (note ~~ '%(USA)%'::text) AND (note ~~ '%(1994)%'::text))
                                      Rows Removed by Filter: 1334883
                          ->  Index Scan using title_pkey on title t  (cost=0.43..8.45 rows=1 width=21) (never executed)
                                Index Cond: (id = mc.movie_id)
                                Filter: (production_year > 2010)
                    ->  Index Scan using movie_id_movie_info on movie_info mi  (cost=0.43..3.36 rows=2 width=8) (never executed)
                          Index Cond: (movie_id = t.id)
                          Filter: (info = ANY ('{USA,America}'::text[]))
Planning time: 1.658 ms
Execution time: 283.288 ms
