Aggregate  (cost=3852.61..3852.62 rows=1 width=96) (actual time=41.281..41.281 rows=1 loops=1)
  ->  Nested Loop  (cost=8.19..3852.60 rows=1 width=48) (actual time=5.198..41.249 rows=6 loops=1)
        ->  Nested Loop  (cost=7.76..3766.07 rows=189 width=37) (actual time=0.540..24.499 rows=1224 loops=1)
              Join Filter: (t.id = ci.movie_id)
              ->  Nested Loop  (cost=7.20..3756.14 rows=5 width=41) (actual time=0.489..16.689 rows=11 loops=1)
                    ->  Nested Loop  (cost=6.77..3739.98 rows=33 width=20) (actual time=0.462..16.538 rows=14 loops=1)
                          ->  Seq Scan on keyword k  (cost=0.00..2626.12 rows=1 width=20) (actual time=0.411..16.423 rows=1 loops=1)
                                Filter: (keyword = 'marvel-cinematic-universe'::text)
                                Rows Removed by Filter: 134169
                          ->  Bitmap Heap Scan on movie_keyword mk  (cost=6.77..1110.84 rows=301 width=8) (actual time=0.048..0.107 rows=14 loops=1)
                                Recheck Cond: (keyword_id = k.id)
                                Heap Blocks: exact=12
                                ->  Bitmap Index Scan on keyword_id_movie_keyword  (cost=0.00..6.69 rows=301 width=0) (actual time=0.032..0.032 rows=14 loops=1)
                                      Index Cond: (keyword_id = k.id)
                    ->  Index Scan using title_pkey on title t  (cost=0.43..0.49 rows=1 width=21) (actual time=0.010..0.010 rows=1 loops=14)
                          Index Cond: (id = mk.movie_id)
                          Filter: (production_year > 2010)
                          Rows Removed by Filter: 0
              ->  Index Scan using movie_id_cast_info on cast_info ci  (cost=0.56..1.52 rows=37 width=8) (actual time=0.023..0.672 rows=111 loops=11)
                    Index Cond: (movie_id = mk.movie_id)
        ->  Index Scan using name_pkey on name n  (cost=0.43..0.46 rows=1 width=19) (actual time=0.013..0.013 rows=0 loops=1224)
              Index Cond: (id = ci.person_id)
              Filter: (name ~~ '%Downey%Robert%'::text)
              Rows Removed by Filter: 1
Planning time: 1.281 ms
Execution time: 41.363 ms
