Aggregate  (cost=15129.19..15129.20 rows=1 width=96) (actual time=11757.894..11757.894 rows=1 loops=1)
  ->  Nested Loop  (cost=8.19..15088.12 rows=5475 width=48) (actual time=0.759..11100.697 rows=785477 loops=1)
        ->  Nested Loop  (cost=7.76..12595.32 rows=5475 width=37) (actual time=0.741..4711.690 rows=785477 loops=1)
              Join Filter: (t.id = ci.movie_id)
              ->  Nested Loop  (cost=7.20..12307.31 rows=145 width=41) (actual time=0.721..634.235 rows=14165 loops=1)
                    ->  Nested Loop  (cost=6.77..12178.50 rows=263 width=20) (actual time=0.700..250.213 rows=35548 loops=1)
                          ->  Seq Scan on keyword k  (cost=0.00..3632.40 rows=8 width=20) (actual time=0.143..50.325 rows=8 loops=1)
                                Filter: (keyword = ANY ('{superhero,sequel,second-part,marvel-comics,based-on-comic,tv-special,fight,violence}'::text[]))
                                Rows Removed by Filter: 134162
                          ->  Bitmap Heap Scan on movie_keyword mk  (cost=6.77..1065.25 rows=301 width=8) (actual time=1.213..23.858 rows=4444 loops=8)
                                Recheck Cond: (keyword_id = k.id)
                                Heap Blocks: exact=23488
                                ->  Bitmap Index Scan on keyword_id_movie_keyword  (cost=0.00..6.69 rows=301 width=0) (actual time=0.700..0.700 rows=4444 loops=8)
                                      Index Cond: (keyword_id = k.id)
                    ->  Index Scan using title_pkey on title t  (cost=0.43..0.49 rows=1 width=21) (actual time=0.010..0.010 rows=0 loops=35548)
                          Index Cond: (id = mk.movie_id)
                          Filter: (production_year > 2000)
                          Rows Removed by Filter: 1
              ->  Index Scan using movie_id_cast_info on cast_info ci  (cost=0.56..1.52 rows=37 width=8) (actual time=0.013..0.270 rows=55 loops=14165)
                    Index Cond: (movie_id = mk.movie_id)
        ->  Index Scan using name_pkey on name n  (cost=0.43..0.46 rows=1 width=19) (actual time=0.007..0.007 rows=1 loops=785477)
              Index Cond: (id = ci.person_id)
Planning time: 1.264 ms
Execution time: 11757.970 ms
