Aggregate  (cost=32087.08..32087.09 rows=1 width=64) (actual time=1405.750..1405.750 rows=1 loops=1)
  ->  Nested Loop  (cost=41.24..32087.08 rows=1 width=32) (actual time=37.142..1405.692 rows=32 loops=1)
        ->  Nested Loop  (cost=41.10..32086.00 rows=1 width=36) (actual time=37.135..1405.567 rows=32 loops=1)
              Join Filter: (n.id = an.person_id)
              ->  Nested Loop  (cost=40.67..32085.51 rows=1 width=48) (actual time=37.119..1405.338 rows=14 loops=1)
                    Join Filter: (n.id = pi.person_id)
                    ->  Nested Loop  (cost=40.24..31206.71 rows=926 width=40) (actual time=0.423..1202.130 rows=17559 loops=1)
                          ->  Nested Loop  (cost=39.81..27421.22 rows=8092 width=21) (actual time=0.413..436.146 rows=105262 loops=1)
                                ->  Nested Loop  (cost=39.25..23453.46 rows=683 width=25) (actual time=0.401..64.823 rows=1467 loops=1)
                                      ->  Nested Loop  (cost=38.82..245.23 rows=5186 width=4) (actual time=0.390..3.985 rows=5186 loops=1)
                                            ->  Seq Scan on link_type lt  (cost=0.00..1.23 rows=1 width=4) (actual time=0.007..0.012 rows=1 loops=1)
                                                  Filter: ((link)::text = 'features'::text)
                                                  Rows Removed by Filter: 17
                                            ->  Bitmap Heap Scan on movie_link ml  (cost=38.82..225.26 rows=1875 width=8) (actual time=0.381..2.718 rows=5186 loops=1)
                                                  Recheck Cond: (link_type_id = lt.id)
                                                  Heap Blocks: exact=132
                                                  ->  Bitmap Index Scan on link_type_id_movie_link  (cost=0.00..38.35 rows=1875 width=0) (actual time=0.350..0.350 rows=5186 loops=1)
                                                        Index Cond: (link_type_id = lt.id)
                                      ->  Index Scan using title_pkey on title t  (cost=0.43..4.48 rows=1 width=21) (actual time=0.011..0.011 rows=0 loops=5186)
                                            Index Cond: (id = ml.linked_movie_id)
                                            Filter: ((production_year >= 1980) AND (production_year <= 1995))
                                            Rows Removed by Filter: 1
                                ->  Index Scan using movie_id_cast_info on cast_info ci  (cost=0.56..5.44 rows=37 width=8) (actual time=0.014..0.237 rows=72 loops=1467)
                                      Index Cond: (movie_id = t.id)
                          ->  Index Scan using name_pkey on name n  (cost=0.43..0.47 rows=1 width=19) (actual time=0.007..0.007 rows=0 loops=105262)
                                Index Cond: (id = ci.person_id)
                                Filter: (((name_pcode_cf)::text >= 'A'::text) AND ((name_pcode_cf)::text <= 'F'::text) AND (((gender)::text = 'm'::text) OR (((gender)::text = 'f'::text) AND (name ~~ 'B%'::text))))
                                Rows Removed by Filter: 1
                    ->  Index Scan using person_id_person_info on person_info pi  (cost=0.43..0.94 rows=1 width=8) (actual time=0.011..0.011 rows=0 loops=17559)
                          Index Cond: (person_id = ci.person_id)
                          Filter: (note = 'Volker Boehm'::text)
                          Rows Removed by Filter: 20
              ->  Index Scan using person_id_aka_name on aka_name an  (cost=0.42..0.47 rows=2 width=4) (actual time=0.011..0.014 rows=2 loops=14)
                    Index Cond: (person_id = ci.person_id)
                    Filter: (name ~~ '%a%'::text)
                    Rows Removed by Filter: 1
        ->  Index Scan using info_type_pkey on info_type it  (cost=0.14..0.61 rows=1 width=4) (actual time=0.003..0.003 rows=1 loops=32)
              Index Cond: (id = pi.info_type_id)
              Filter: ((info)::text = 'mini biography'::text)
Planning time: 6.256 ms
Execution time: 1405.861 ms
