Aggregate  (cost=73101.72..73101.73 rows=1 width=64) (actual time=639.636..639.636 rows=1 loops=1)
  ->  Nested Loop  (cost=2.27..73101.72 rows=1 width=33) (actual time=233.369..639.606 rows=6 loops=1)
        Join Filter: (ci.role_id = rt.id)
        ->  Nested Loop  (cost=2.27..73100.55 rows=1 width=37) (actual time=233.361..639.580 rows=6 loops=1)
              ->  Nested Loop  (cost=1.84..73099.79 rows=1 width=45) (actual time=232.583..638.664 rows=171 loops=1)
                    ->  Nested Loop  (cost=1.42..73091.96 rows=1 width=49) (actual time=232.556..638.199 rows=171 loops=1)
                          ->  Nested Loop  (cost=0.99..73090.81 rows=1 width=29) (actual time=232.528..637.295 rows=104 loops=1)
                                Join Filter: (t.id = ci.movie_id)
                                ->  Nested Loop  (cost=0.43..72939.99 rows=0 width=29) (actual time=232.493..636.749 rows=4 loops=1)
                                      ->  Seq Scan on movie_companies mc  (cost=0.00..70972.58 rows=234 width=8) (actual time=0.137..562.304 rows=8569 loops=1)
                                            Filter: ((note ~~ '%(Japan)%'::text) AND (note !~~ '%(USA)%'::text) AND ((note ~~ '%(2006)%'::text) OR (note ~~ '%(2007)%'::text)))
                                            Rows Removed by Filter: 2600560
                                      ->  Index Scan using title_pkey on title t  (cost=0.43..8.41 rows=1 width=21) (actual time=0.008..0.008 rows=0 loops=8569)
                                            Index Cond: (id = mc.movie_id)
                                            Filter: ((production_year >= 2006) AND (production_year <= 2007) AND ((title ~~ 'One Piece%'::text) OR (title ~~ 'Dragon Ball Z%'::text)))
                                            Rows Removed by Filter: 1
                                ->  Index Scan using movie_id_cast_info on cast_info ci  (cost=0.56..150.81 rows=1 width=12) (actual time=0.033..0.128 rows=26 loops=4)
                                      Index Cond: (movie_id = mc.movie_id)
                                      Filter: (note = '(voice: English version)'::text)
                                      Rows Removed by Filter: 17
                          ->  Index Scan using person_id_aka_name on aka_name an  (cost=0.42..1.13 rows=2 width=20) (actual time=0.007..0.008 rows=2 loops=104)
                                Index Cond: (person_id = ci.person_id)
                    ->  Index Scan using company_name_pkey on company_name cn  (cost=0.42..7.82 rows=1 width=4) (actual time=0.002..0.002 rows=1 loops=171)
                          Index Cond: (id = mc.company_id)
                          Filter: ((country_code)::text = '[jp]'::text)
              ->  Index Scan using name_pkey on name n  (cost=0.43..0.77 rows=1 width=4) (actual time=0.005..0.005 rows=0 loops=171)
                    Index Cond: (id = an.person_id)
                    Filter: ((name ~~ '%Yo%'::text) AND (name !~~ '%Yu%'::text))
                    Rows Removed by Filter: 1
        ->  Seq Scan on role_type rt  (cost=0.00..1.15 rows=1 width=4) (actual time=0.002..0.002 rows=1 loops=6)
              Filter: ((role)::text = 'actress'::text)
              Rows Removed by Filter: 1
Planning time: 3.220 ms
Execution time: 639.724 ms
