Aggregate  (cost=660445.77..660445.78 rows=1 width=64) (actual time=10328.691..10328.691 rows=1 loops=1)
  ->  Hash Join  (cost=594629.27..626838.69 rows=6721416 width=33) (actual time=8541.824..9398.010 rows=2487611 loops=1)
        Hash Cond: (a1.person_id = n1.id)
        ->  Seq Scan on aka_name a1  (cost=0.00..20409.43 rows=901343 width=20) (actual time=0.011..175.336 rows=901343 loops=1)
        ->  Hash  (cost=558987.96..558987.96 rows=2851305 width=25) (actual time=8530.762..8530.762 rows=1970658 loops=1)
              Buckets: 4194304  Batches: 1  Memory Usage: 145567kB
              ->  Hash Join  (cost=352225.79..558987.96 rows=2851305 width=25) (actual time=5069.100..8038.973 rows=1970658 loops=1)
                    Hash Cond: (ci.person_id = n1.id)
                    ->  Hash Join  (cost=202841.36..373605.81 rows=2851305 width=21) (actual time=3251.010..5587.170 rows=1970658 loops=1)
                          Hash Cond: (ci.movie_id = t.id)
                          ->  Nested Loop  (cost=0.56..149728.64 rows=2728712 width=8) (actual time=0.074..1179.119 rows=2728943 loops=1)
                                ->  Seq Scan on role_type rt  (cost=0.00..1.15 rows=1 width=4) (actual time=0.012..0.023 rows=1 loops=1)
                                      Filter: ((role)::text = 'writer'::text)
                                      Rows Removed by Filter: 11
                                ->  Index Scan using role_id_cast_info on cast_info ci  (cost=0.56..116777.70 rows=3294979 width=12) (actual time=0.057..726.683 rows=2728943 loops=1)
                                      Index Cond: (role_id = rt.id)
                          ->  Hash  (cost=190326.99..190326.99 rows=1001104 width=25) (actual time=3247.703..3247.703 rows=1153798 loops=1)
                                Buckets: 2097152 (originally 1048576)  Batches: 1 (originally 1)  Memory Usage: 84892kB
                                ->  Hash Join  (cost=99866.61..190326.99 rows=1001104 width=25) (actual time=1388.390..2854.895 rows=1153798 loops=1)
                                      Hash Cond: (mc.movie_id = t.id)
                                      ->  Hash Join  (cost=6977.22..84798.67 rows=1001104 width=4) (actual time=73.660..1022.110 rows=1153798 loops=1)
                                            Hash Cond: (mc.company_id = cn.id)
                                            ->  Seq Scan on movie_companies mc  (cost=0.00..44881.29 rows=2609129 width=8) (actual time=0.012..366.929 rows=2609129 loops=1)
                                            ->  Hash  (cost=5932.46..5932.46 rows=83581 width=4) (actual time=73.032..73.032 rows=84843 loops=1)
                                                  Buckets: 131072  Batches: 1  Memory Usage: 4007kB
                                                  ->  Seq Scan on company_name cn  (cost=0.00..5932.46 rows=83581 width=4) (actual time=0.020..56.862 rows=84843 loops=1)
                                                        Filter: ((country_code)::text = '[us]'::text)
                                                        Rows Removed by Filter: 150154
                                      ->  Hash  (cost=61283.06..61283.06 rows=2528506 width=21) (actual time=1303.693..1303.693 rows=2528312 loops=1)
                                            Buckets: 4194304  Batches: 1  Memory Usage: 168637kB
                                            ->  Seq Scan on title t  (cost=0.00..61283.06 rows=2528506 width=21) (actual time=0.030..555.802 rows=2528312 loops=1)
                    ->  Hash  (cost=97289.19..97289.19 rows=4167619 width=4) (actual time=1806.859..1806.859 rows=4167491 loops=1)
                          Buckets: 4194304  Batches: 1  Memory Usage: 179282kB
                          ->  Seq Scan on name n1  (cost=0.00..97289.19 rows=4167619 width=4) (actual time=0.039..786.445 rows=4167491 loops=1)
Planning time: 3.407 ms
Execution time: 10332.265 ms
