Aggregate  (cost=603147.31..603147.32 rows=1 width=64) (actual time=4810.092..4810.092 rows=1 loops=1)
  ->  Hash Join  (cost=537330.81..569540.23 rows=6721416 width=33) (actual time=4330.507..4688.888 rows=323005 loops=1)
        Hash Cond: (an1.person_id = n1.id)
        ->  Seq Scan on aka_name an1  (cost=0.00..20409.43 rows=901343 width=20) (actual time=0.010..138.712 rows=901343 loops=1)
        ->  Hash  (cost=501689.49..501689.49 rows=2851305 width=25) (actual time=4319.400..4319.400 rows=285538 loops=1)
              Buckets: 4194304  Batches: 1  Memory Usage: 48720kB
              ->  Hash Join  (cost=202841.79..501689.49 rows=2851305 width=25) (actual time=3227.545..4245.451 rows=285538 loops=1)
                    Hash Cond: (ci.movie_id = t.id)
                    ->  Nested Loop  (cost=0.99..275565.88 rows=3020107 width=12) (actual time=0.145..845.999 rows=276403 loops=1)
                          ->  Nested Loop  (cost=0.56..149728.64 rows=276379 width=8) (actual time=0.082..119.614 rows=276403 loops=1)
                                ->  Seq Scan on role_type rt  (cost=0.00..1.15 rows=1 width=4) (actual time=0.017..0.022 rows=1 loops=1)
                                      Filter: ((role)::text = 'costume designer'::text)
                                      Rows Removed by Filter: 11
                                ->  Index Scan using role_id_cast_info on cast_info ci  (cost=0.56..116777.70 rows=3294979 width=12) (actual time=0.060..76.229 rows=276403 loops=1)
                                      Index Cond: (role_id = rt.id)
                          ->  Index Only Scan using name_pkey on name n1  (cost=0.43..0.46 rows=1 width=4) (actual time=0.002..0.002 rows=1 loops=276403)
                                Index Cond: (id = ci.person_id)
                                Heap Fetches: 276403
                    ->  Hash  (cost=190326.99..190326.99 rows=1001104 width=25) (actual time=3224.090..3224.090 rows=1153798 loops=1)
                          Buckets: 2097152 (originally 1048576)  Batches: 1 (originally 1)  Memory Usage: 84892kB
                          ->  Hash Join  (cost=99866.61..190326.99 rows=1001104 width=25) (actual time=1377.471..2825.769 rows=1153798 loops=1)
                                Hash Cond: (mc.movie_id = t.id)
                                ->  Hash Join  (cost=6977.22..84798.67 rows=1001104 width=4) (actual time=66.969..1011.416 rows=1153798 loops=1)
                                      Hash Cond: (mc.company_id = cn.id)
                                      ->  Seq Scan on movie_companies mc  (cost=0.00..44881.29 rows=2609129 width=8) (actual time=0.015..364.859 rows=2609129 loops=1)
                                      ->  Hash  (cost=5932.46..5932.46 rows=83581 width=4) (actual time=66.778..66.778 rows=84843 loops=1)
                                            Buckets: 131072  Batches: 1  Memory Usage: 4007kB
                                            ->  Seq Scan on company_name cn  (cost=0.00..5932.46 rows=83581 width=4) (actual time=0.013..51.358 rows=84843 loops=1)
                                                  Filter: ((country_code)::text = '[us]'::text)
                                                  Rows Removed by Filter: 150154
                                ->  Hash  (cost=61283.06..61283.06 rows=2528506 width=21) (actual time=1299.355..1299.355 rows=2528312 loops=1)
                                      Buckets: 4194304  Batches: 1  Memory Usage: 168637kB
                                      ->  Seq Scan on title t  (cost=0.00..61283.06 rows=2528506 width=21) (actual time=0.031..548.234 rows=2528312 loops=1)
Planning time: 3.001 ms
Execution time: 4811.964 ms
