Aggregate  (cost=119834.83..119834.84 rows=1 width=128) (actual time=1068.605..1068.605 rows=1 loops=1)
  ->  Nested Loop  (cost=2.70..119834.82 rows=1 width=64) (actual time=458.118..1068.529 rows=40 loops=1)
        ->  Nested Loop  (cost=2.28..119834.23 rows=1 width=68) (actual time=458.104..1068.341 rows=40 loops=1)
              ->  Nested Loop  (cost=1.85..119833.52 rows=1 width=72) (actual time=458.074..1067.804 rows=60 loops=1)
                    ->  Nested Loop  (cost=1.42..119832.81 rows=1 width=60) (actual time=446.465..1067.542 rows=65 loops=1)
                          ->  Nested Loop  (cost=0.99..119830.71 rows=3 width=39) (actual time=445.201..1066.231 rows=265 loops=1)
                                Join Filter: (ci.role_id = rt.id)
                                ->  Seq Scan on role_type rt  (cost=0.00..1.15 rows=1 width=4) (actual time=0.007..0.012 rows=1 loops=1)
                                      Filter: ((role)::text = 'actress'::text)
                                      Rows Removed by Filter: 11
                                ->  Nested Loop  (cost=0.99..119829.06 rows=40 width=43) (actual time=445.193..1066.157 rows=265 loops=1)
                                      Join Filter: (n.id = ci.person_id)
                                      ->  Nested Loop  (cost=0.42..119329.37 rows=40 width=39) (actual time=436.220..1047.514 rows=1296 loops=1)
                                            ->  Seq Scan on name n  (cost=0.00..118127.29 rows=97 width=19) (actual time=435.123..1028.112 rows=5409 loops=1)
                                                  Filter: ((name ~~ '%Angel%'::text) AND ((gender)::text = 'f'::text))
                                                  Rows Removed by Filter: 4162082
                                            ->  Index Scan using person_id_aka_name on aka_name an  (cost=0.42..12.37 rows=2 width=20) (actual time=0.003..0.003 rows=0 loops=5409)
                                                  Index Cond: (person_id = n.id)
                                      ->  Index Scan using person_id_cast_info on cast_info ci  (cost=0.56..12.37 rows=10 width=16) (actual time=0.013..0.014 rows=0 loops=1296)
                                            Index Cond: (person_id = an.person_id)
                                            Filter: (note = '(voice)'::text)
                                            Rows Removed by Filter: 43
                          ->  Index Scan using title_pkey on title t  (cost=0.43..0.70 rows=1 width=21) (actual time=0.005..0.005 rows=0 loops=265)
                                Index Cond: (id = ci.movie_id)
                                Filter: ((production_year >= 2007) AND (production_year <= 2010))
                                Rows Removed by Filter: 1
                    ->  Index Scan using char_name_pkey on char_name chn  (cost=0.43..0.71 rows=1 width=20) (actual time=0.003..0.003 rows=1 loops=65)
                          Index Cond: (id = ci.person_role_id)
              ->  Index Scan using movie_id_movie_companies on movie_companies mc  (cost=0.43..0.70 rows=1 width=8) (actual time=0.006..0.008 rows=1 loops=60)
                    Index Cond: (movie_id = ci.movie_id)
                    Filter: ((note ~~ '%(200%)%'::text) AND ((note ~~ '%(USA)%'::text) OR (note ~~ '%(worldwide)%'::text)))
                    Rows Removed by Filter: 7
        ->  Index Scan using company_name_pkey on company_name cn  (cost=0.42..0.59 rows=1 width=4) (actual time=0.004..0.004 rows=1 loops=40)
              Index Cond: (id = mc.company_id)
              Filter: ((country_code)::text = '[us]'::text)
Planning time: 5.868 ms
Execution time: 1068.720 ms
