Aggregate  (cost=289982.89..289982.90 rows=1 width=128) (actual time=8805.568..8805.568 rows=1 loops=1)
  ->  Nested Loop  (cost=119883.86..289795.83 rows=18706 width=64) (actual time=1049.558..8416.559 rows=483082 loops=1)
        ->  Nested Loop  (cost=119883.44..285668.14 rows=7687 width=56) (actual time=1049.523..7778.564 rows=173567 loops=1)
              Join Filter: (ci.movie_id = t.id)
              ->  Nested Loop  (cost=119883.01..281601.92 rows=7687 width=47) (actual time=1049.494..6979.347 rows=173567 loops=1)
                    ->  Nested Loop  (cost=119882.59..271965.28 rows=21612 width=51) (actual time=1048.982..5667.080 rows=426400 loops=1)
                          ->  Nested Loop  (cost=119882.16..266379.25 rows=8143 width=43) (actual time=1048.953..4510.571 rows=255493 loops=1)
                                ->  Hash Join  (cost=119881.73..256066.65 rows=15505 width=31) (actual time=1048.913..3427.244 rows=276005 loops=1)
                                      Hash Cond: (ci.person_id = n.id)
                                      ->  Nested Loop  (cost=0.56..134050.03 rows=169145 width=12) (actual time=0.221..2244.711 rows=276166 loops=1)
                                            ->  Seq Scan on role_type rt  (cost=0.00..1.15 rows=1 width=4) (actual time=0.007..0.013 rows=1 loops=1)
                                                  Filter: ((role)::text = 'actress'::text)
                                                  Rows Removed by Filter: 11
                                            ->  Index Scan using role_id_cast_info on cast_info ci  (cost=0.56..133252.59 rows=79629 width=16) (actual time=0.212..2197.573 rows=276166 loops=1)
                                                  Index Cond: (role_id = rt.id)
                                                  Filter: (note = ANY ('{(voice),"(voice: Japanese version)","(voice) (uncredited)","(voice: English version)"}'::text[]))
                                                  Rows Removed by Filter: 7175807
                                      ->  Hash  (cost=107708.24..107708.24 rows=973834 width=19) (actual time=1045.613..1045.613 rows=961555 loops=1)
                                            Buckets: 1048576  Batches: 1  Memory Usage: 58170kB
                                            ->  Seq Scan on name n  (cost=0.00..107708.24 rows=973834 width=19) (actual time=322.513..795.094 rows=961555 loops=1)
                                                  Filter: ((gender)::text = 'f'::text)
                                                  Rows Removed by Filter: 3205936
                                ->  Index Scan using char_name_pkey on char_name chn  (cost=0.43..0.67 rows=1 width=20) (actual time=0.003..0.003 rows=1 loops=276005)
                                      Index Cond: (id = ci.person_role_id)
                          ->  Index Scan using movie_id_movie_companies on movie_companies mc  (cost=0.43..0.64 rows=5 width=8) (actual time=0.003..0.004 rows=2 loops=255493)
                                Index Cond: (movie_id = ci.movie_id)
                    ->  Index Scan using company_name_pkey on company_name cn  (cost=0.42..0.45 rows=1 width=4) (actual time=0.003..0.003 rows=0 loops=426400)
                          Index Cond: (id = mc.company_id)
                          Filter: ((country_code)::text = '[us]'::text)
                          Rows Removed by Filter: 1
              ->  Index Scan using title_pkey on title t  (cost=0.43..0.52 rows=1 width=21) (actual time=0.004..0.004 rows=1 loops=173567)
                    Index Cond: (id = mc.movie_id)
        ->  Index Scan using person_id_aka_name on aka_name an  (cost=0.42..0.52 rows=2 width=20) (actual time=0.002..0.003 rows=3 loops=173567)
              Index Cond: (person_id = n.id)
Planning time: 6.029 ms
Execution time: 8805.916 ms
