Aggregate  (cost=831367.44..831367.45 rows=1 width=64) (actual time=4643.628..4643.629 rows=1 loops=1)
  ->  Nested Loop  (cost=107108.31..831367.40 rows=8 width=33) (actual time=1550.967..4643.599 rows=10 loops=1)
        ->  Nested Loop  (cost=107108.18..831366.23 rows=8 width=37) (actual time=1550.953..4643.567 rows=10 loops=1)
              ->  Nested Loop  (cost=107107.76..831356.87 rows=21 width=41) (actual time=1550.940..4643.426 rows=23 loops=1)
                    ->  Hash Join  (cost=107107.33..831350.60 rows=10 width=41) (actual time=1550.928..4643.306 rows=12 loops=1)
                          Hash Cond: (ci.role_id = rt.id)
                          ->  Nested Loop  (cost=107106.06..831349.19 rows=12 width=45) (actual time=1550.913..4643.277 rows=12 loops=1)
                                ->  Hash Join  (cost=107105.63..831340.60 rows=15 width=24) (actual time=1550.890..4643.092 rows=15 loops=1)
                                      Hash Cond: (ci.person_role_id = chn.id)
                                      ->  Seq Scan on cast_info ci  (cost=0.00..705741.30 rows=1464845 width=12) (actual time=193.472..3192.758 rows=1435439 loops=1)
                                            Filter: (note ~~ '%(producer)%'::text)
                                            Rows Removed by Filter: 34808905
                                      ->  Hash  (cost=67851.39..67851.39 rows=3140339 width=20) (actual time=1348.850..1348.850 rows=3140339 loops=1)
                                            Buckets: 4194304  Batches: 1  Memory Usage: 198037kB
                                            ->  Seq Scan on char_name chn  (cost=0.00..67851.39 rows=3140339 width=20) (actual time=0.010..489.506 rows=3140339 loops=1)
                                ->  Index Scan using title_pkey on title t  (cost=0.43..0.57 rows=1 width=21) (actual time=0.010..0.010 rows=1 loops=15)
                                      Index Cond: (id = ci.movie_id)
                                      Filter: (production_year > 1990)
                                      Rows Removed by Filter: 0
                          ->  Hash  (cost=1.12..1.12 rows=12 width=4) (actual time=0.009..0.009 rows=12 loops=1)
                                Buckets: 1024  Batches: 1  Memory Usage: 9kB
                                ->  Seq Scan on role_type rt  (cost=0.00..1.12 rows=12 width=4) (actual time=0.003..0.005 rows=12 loops=1)
                    ->  Index Scan using movie_id_movie_companies on movie_companies mc  (cost=0.43..0.58 rows=5 width=12) (actual time=0.007..0.008 rows=2 loops=12)
                          Index Cond: (movie_id = t.id)
              ->  Index Scan using company_name_pkey on company_name cn  (cost=0.42..0.45 rows=1 width=4) (actual time=0.005..0.005 rows=0 loops=23)
                    Index Cond: (id = mc.company_id)
                    Filter: ((country_code)::text = '[us]'::text)
                    Rows Removed by Filter: 1
        ->  Index Only Scan using company_type_pkey on company_type ct  (cost=0.13..0.15 rows=1 width=4) (actual time=0.002..0.002 rows=1 loops=10)
              Index Cond: (id = mc.company_type_id)
              Heap Fetches: 0
Planning time: 1.753 ms
Execution time: 4644.637 ms
