Aggregate  (cost=831368.86..831368.87 rows=1 width=64) (actual time=4507.633..4507.633 rows=1 loops=1)
  ->  Nested Loop  (cost=107109.27..831368.81 rows=10 width=33) (actual time=1424.081..4507.607 rows=10 loops=1)
        ->  Hash Join  (cost=107108.85..831359.45 rows=21 width=37) (actual time=1424.067..4507.476 rows=23 loops=1)
              Hash Cond: (mc.company_type_id = ct.id)
              ->  Nested Loop  (cost=107107.76..831358.12 rows=23 width=41) (actual time=1424.055..4507.449 rows=23 loops=1)
                    ->  Hash Join  (cost=107107.33..831350.60 rows=12 width=41) (actual time=1424.046..4507.333 rows=12 loops=1)
                          Hash Cond: (ci.role_id = rt.id)
                          ->  Nested Loop  (cost=107106.06..831349.19 rows=12 width=45) (actual time=1424.036..4507.311 rows=12 loops=1)
                                ->  Hash Join  (cost=107105.63..831340.60 rows=15 width=24) (actual time=1424.017..4507.129 rows=15 loops=1)
                                      Hash Cond: (ci.person_role_id = chn.id)
                                      ->  Seq Scan on cast_info ci  (cost=0.00..705741.30 rows=1464845 width=12) (actual time=193.173..3183.401 rows=1435439 loops=1)
                                            Filter: (note ~~ '%(producer)%'::text)
                                            Rows Removed by Filter: 34808905
                                      ->  Hash  (cost=67851.39..67851.39 rows=3140339 width=20) (actual time=1222.470..1222.470 rows=3140339 loops=1)
                                            Buckets: 4194304  Batches: 1  Memory Usage: 198037kB
                                            ->  Seq Scan on char_name chn  (cost=0.00..67851.39 rows=3140339 width=20) (actual time=0.009..435.344 rows=3140339 loops=1)
                                ->  Index Scan using title_pkey on title t  (cost=0.43..0.57 rows=1 width=21) (actual time=0.010..0.010 rows=1 loops=15)
                                      Index Cond: (id = ci.movie_id)
                                      Filter: (production_year > 1990)
                                      Rows Removed by Filter: 0
                          ->  Hash  (cost=1.12..1.12 rows=12 width=4) (actual time=0.005..0.005 rows=12 loops=1)
                                Buckets: 1024  Batches: 1  Memory Usage: 9kB
                                ->  Seq Scan on role_type rt  (cost=0.00..1.12 rows=12 width=4) (actual time=0.001..0.003 rows=12 loops=1)
                    ->  Index Scan using movie_id_movie_companies on movie_companies mc  (cost=0.43..0.58 rows=5 width=12) (actual time=0.006..0.007 rows=2 loops=12)
                          Index Cond: (movie_id = t.id)
              ->  Hash  (cost=1.04..1.04 rows=4 width=4) (actual time=0.007..0.007 rows=4 loops=1)
                    Buckets: 1024  Batches: 1  Memory Usage: 9kB
                    ->  Seq Scan on company_type ct  (cost=0.00..1.04 rows=4 width=4) (actual time=0.004..0.005 rows=4 loops=1)
        ->  Index Scan using company_name_pkey on company_name cn  (cost=0.42..0.45 rows=1 width=4) (actual time=0.005..0.005 rows=0 loops=23)
              Index Cond: (id = mc.company_id)
              Filter: ((country_code)::text = '[us]'::text)
              Rows Removed by Filter: 1
Planning time: 1.664 ms
Execution time: 4508.675 ms
