Aggregate  (cost=4273.46..4273.47 rows=1 width=96) (actual time=27.174..27.174 rows=1 loops=1)
  ->  Nested Loop  (cost=3902.34..4273.46 rows=1 width=48) (actual time=22.452..27.049 rows=310 loops=1)
        Join Filter: (ml.movie_id = t.id)
        ->  Nested Loop  (cost=3901.91..4272.95 rows=1 width=43) (actual time=22.441..26.343 rows=402 loops=1)
              ->  Hash Join  (cost=3901.49..4272.49 rows=1 width=28) (actual time=22.185..24.551 rows=962 loops=1)
                    Hash Cond: (mc.company_type_id = ct.id)
                    ->  Nested Loop  (cost=3900.43..4266.75 rows=450 width=32) (actual time=22.173..24.298 rows=1021 loops=1)
                          Join Filter: (ml.movie_id = mc.movie_id)
                          ->  Hash Join  (cost=3900.00..4163.87 rows=178 width=20) (actual time=22.155..23.419 rows=199 loops=1)
                                Hash Cond: (ml.movie_id = mk.movie_id)
                                ->  Nested Loop  (cost=38.82..245.23 rows=2315 width=16) (actual time=0.063..0.995 rows=2315 loops=1)
                                      ->  Seq Scan on link_type lt  (cost=0.00..1.23 rows=1 width=16) (actual time=0.002..0.005 rows=2 loops=1)
                                            Filter: ((link)::text ~~ '%follow%'::text)
                                            Rows Removed by Filter: 16
                                      ->  Bitmap Heap Scan on movie_link ml  (cost=38.82..225.26 rows=1875 width=8) (actual time=0.059..0.315 rows=1158 loops=2)
                                            Recheck Cond: (link_type_id = lt.id)
                                            Heap Blocks: exact=191
                                            ->  Bitmap Index Scan on link_type_id_movie_link  (cost=0.00..38.35 rows=1875 width=0) (actual time=0.046..0.046 rows=1158 loops=2)
                                                  Index Cond: (link_type_id = lt.id)
                                ->  Hash  (cost=3729.38..3729.38 rows=10544 width=4) (actual time=22.064..22.064 rows=10544 loops=1)
                                      Buckets: 16384  Batches: 1  Memory Usage: 499kB
                                      ->  Nested Loop  (cost=6.74..3729.38 rows=10544 width=4) (actual time=2.139..20.095 rows=10544 loops=1)
                                            ->  Seq Scan on keyword k  (cost=0.00..2626.12 rows=1 width=4) (actual time=0.513..8.519 rows=1 loops=1)
                                                  Filter: (keyword = 'sequel'::text)
                                                  Rows Removed by Filter: 134169
                                            ->  Bitmap Heap Scan on movie_keyword mk  (cost=6.74..1100.27 rows=298 width=8) (actual time=1.625..9.830 rows=10544 loops=1)
                                                  Recheck Cond: (keyword_id = k.id)
                                                  Heap Blocks: exact=5570
                                                  ->  Bitmap Index Scan on keyword_id_movie_keyword  (cost=0.00..6.67 rows=298 width=0) (actual time=0.925..0.925 rows=10544 loops=1)
                                                        Index Cond: (keyword_id = k.id)
                          ->  Index Scan using movie_id_movie_companies on movie_companies mc  (cost=0.43..0.54 rows=3 width=12) (actual time=0.002..0.003 rows=5 loops=199)
                                Index Cond: (movie_id = mk.movie_id)
                                Filter: (note IS NULL)
                                Rows Removed by Filter: 2
                    ->  Hash  (cost=1.05..1.05 rows=1 width=4) (actual time=0.006..0.006 rows=1 loops=1)
                          Buckets: 1024  Batches: 1  Memory Usage: 9kB
                          ->  Seq Scan on company_type ct  (cost=0.00..1.05 rows=1 width=4) (actual time=0.004..0.005 rows=1 loops=1)
                                Filter: ((kind)::text = 'production companies'::text)
                                Rows Removed by Filter: 3
              ->  Index Scan using company_name_pkey on company_name cn  (cost=0.42..0.46 rows=1 width=23) (actual time=0.002..0.002 rows=0 loops=962)
                    Index Cond: (id = mc.company_id)
                    Filter: (((country_code)::text <> '[pl]'::text) AND ((name ~~ '%Film%'::text) OR (name ~~ '%Warner%'::text)))
                    Rows Removed by Filter: 1
        ->  Index Scan using title_pkey on title t  (cost=0.43..0.49 rows=1 width=21) (actual time=0.001..0.001 rows=1 loops=402)
              Index Cond: (id = mk.movie_id)
              Filter: ((production_year >= 1950) AND (production_year <= 2000))
              Rows Removed by Filter: 0
Planning time: 3.325 ms
Execution time: 27.248 ms
