Aggregate  (cost=19334.49..19334.50 rows=1 width=64) (actual time=2.655..2.655 rows=1 loops=1)
  ->  Nested Loop  (cost=5174.28..19334.48 rows=1 width=59) (actual time=0.112..2.647 rows=10 loops=1)
        ->  Nested Loop  (cost=5173.86..19334.04 rows=1 width=63) (actual time=0.107..2.556 rows=33 loops=1)
              Join Filter: (mi.info_type_id = it1.id)
              Rows Removed by Join Filter: 4926
              ->  Seq Scan on info_type it1  (cost=0.00..2.41 rows=1 width=4) (actual time=0.010..0.011 rows=1 loops=1)
                    Filter: ((info)::text = 'budget'::text)
                    Rows Removed by Filter: 112
              ->  Nested Loop  (cost=5173.86..19329.62 rows=160 width=67) (actual time=0.066..2.130 rows=4959 loops=1)
                    Join Filter: (t.id = mi.movie_id)
                    ->  Hash Join  (cost=5173.43..19327.65 rows=1 width=33) (actual time=0.060..0.104 rows=33 loops=1)
                          Hash Cond: (mc.company_type_id = ct.id)
                          ->  Nested Loop  (cost=5172.34..19326.22 rows=33 width=37) (actual time=0.050..0.085 rows=33 loops=1)
                                Join Filter: (t.id = mc.movie_id)
                                ->  Nested Loop  (cost=5171.91..19324.91 rows=2 width=25) (actual time=0.045..0.059 rows=2 loops=1)
                                      ->  Nested Loop  (cost=5171.48..19319.05 rows=10 width=4) (actual time=0.015..0.018 rows=10 loops=1)
                                            ->  Seq Scan on info_type it2  (cost=0.00..2.41 rows=1 width=4) (actual time=0.008..0.008 rows=1 loops=1)
                                                  Filter: ((info)::text = 'bottom 10 rank'::text)
                                                  Rows Removed by Filter: 112
                                            ->  Bitmap Heap Scan on movie_info_idx mi_idx  (cost=5171.48..16556.57 rows=276007 width=8) (actual time=0.006..0.008 rows=10 loops=1)
                                                  Recheck Cond: (info_type_id = it2.id)
                                                  Heap Blocks: exact=1
                                                  ->  Bitmap Index Scan on info_type_id_movie_info_idx  (cost=0.00..5102.48 rows=276007 width=0) (actual time=0.004..0.004 rows=10 loops=1)
                                                        Index Cond: (info_type_id = it2.id)
                                      ->  Index Scan using title_pkey on title t  (cost=0.43..0.59 rows=1 width=21) (actual time=0.004..0.004 rows=0 loops=10)
                                            Index Cond: (id = mi_idx.movie_id)
                                            Filter: ((production_year > 2000) AND ((title ~~ 'Birdemic%'::text) OR (title ~~ '%Movie%'::text)))
                                            Rows Removed by Filter: 1
                                ->  Index Scan using movie_id_movie_companies on movie_companies mc  (cost=0.43..0.59 rows=5 width=12) (actual time=0.004..0.008 rows=16 loops=2)
                                      Index Cond: (movie_id = mi_idx.movie_id)
                          ->  Hash  (cost=1.06..1.06 rows=2 width=4) (actual time=0.005..0.005 rows=2 loops=1)
                                Buckets: 1024  Batches: 1  Memory Usage: 9kB
                                ->  Seq Scan on company_type ct  (cost=0.00..1.06 rows=2 width=4) (actual time=0.002..0.003 rows=2 loops=1)
                                      Filter: ((kind IS NOT NULL) AND (((kind)::text = 'production companies'::text) OR ((kind)::text = 'distributors'::text)))
                                      Rows Removed by Filter: 2
                    ->  Index Scan using movie_id_movie_info on movie_info mi  (cost=0.43..1.46 rows=41 width=50) (actual time=0.002..0.031 rows=150 loops=33)
                          Index Cond: (movie_id = mc.movie_id)
        ->  Index Scan using company_name_pkey on company_name cn  (cost=0.42..0.45 rows=1 width=4) (actual time=0.002..0.002 rows=0 loops=33)
              Index Cond: (id = mc.company_id)
              Filter: ((country_code)::text = '[us]'::text)
              Rows Removed by Filter: 1
Planning time: 3.472 ms
Execution time: 2.716 ms
