Aggregate  (cost=221841.83..221841.84 rows=1 width=96) (actual time=1612.788..1612.788 rows=1 loops=1)
  ->  Nested Loop  (cost=99141.73..221841.17 rows=88 width=42) (actual time=754.382..1610.691 rows=4711 loops=1)
        Join Filter: (mi.info_type_id = it1.id)
        ->  Seq Scan on info_type it1  (cost=0.00..2.41 rows=1 width=4) (actual time=0.005..0.013 rows=1 loops=1)
              Filter: ((info)::text = 'genres'::text)
              Rows Removed by Filter: 112
        ->  Nested Loop  (cost=99141.73..221766.22 rows=5803 width=46) (actual time=754.375..1609.690 rows=4711 loops=1)
              Join Filter: (t.id = mi.movie_id)
              ->  Hash Join  (cost=99141.29..150618.25 rows=42332 width=54) (actual time=753.765..1149.494 rows=42332 loops=1)
                    Hash Cond: (mc.company_id = cn.id)
                    ->  Hash Join  (cost=92139.21..142751.78 rows=68466 width=39) (actual time=697.474..1072.505 rows=68466 loops=1)
                          Hash Cond: (mc.company_type_id = ct.id)
                          ->  Nested Loop  (cost=92138.14..140990.42 rows=169157 width=43) (actual time=697.452..1044.430 rows=169157 loops=1)
                                ->  Hash Join  (cost=92137.71..106129.23 rows=52304 width=31) (actual time=697.434..873.247 rows=52304 loops=1)
                                      Hash Cond: (mi_idx.movie_id = t.id)
                                      ->  Nested Loop  (cost=5111.96..17568.63 rows=121572 width=10) (actual time=16.108..138.490 rows=121572 loops=1)
                                            ->  Seq Scan on info_type it2  (cost=0.00..2.41 rows=1 width=4) (actual time=0.010..0.014 rows=1 loops=1)
                                                  Filter: ((info)::text = 'rating'::text)
                                                  Rows Removed by Filter: 112
                                            ->  Bitmap Heap Scan on movie_info_idx mi_idx  (cost=5111.96..17187.06 rows=37915 width=14) (actual time=16.093..120.987 rows=121572 loops=1)
                                                  Recheck Cond: (info_type_id = it2.id)
                                                  Filter: (info > '7.0'::text)
                                                  Rows Removed by Filter: 338353
                                                  Heap Blocks: exact=7934
                                                  ->  Bitmap Index Scan on info_type_id_movie_info_idx  (cost=0.00..5102.48 rows=276007 width=0) (actual time=15.105..15.105 rows=459925 loops=1)
                                                        Index Cond: (info_type_id = it2.id)
                                      ->  Hash  (cost=73922.68..73922.68 rows=1048246 width=21) (actual time=678.852..678.852 rows=1042800 loops=1)
                                            Buckets: 1048576  Batches: 1  Memory Usage: 63852kB
                                            ->  Seq Scan on title t  (cost=0.00..73922.68 rows=1048246 width=21) (actual time=0.009..397.965 rows=1042800 loops=1)
                                                  Filter: ((production_year >= 2000) AND (production_year <= 2010))
                                                  Rows Removed by Filter: 1485512
                                ->  Index Scan using movie_id_movie_companies on movie_companies mc  (cost=0.43..0.62 rows=5 width=12) (actual time=0.002..0.002 rows=3 loops=52304)
                                      Index Cond: (movie_id = t.id)
                          ->  Hash  (cost=1.05..1.05 rows=1 width=4) (actual time=0.009..0.009 rows=1 loops=1)
                                Buckets: 1024  Batches: 1  Memory Usage: 9kB
                                ->  Seq Scan on company_type ct  (cost=0.00..1.05 rows=1 width=4) (actual time=0.005..0.006 rows=1 loops=1)
                                      Filter: ((kind)::text = 'production companies'::text)
                                      Rows Removed by Filter: 3
                    ->  Hash  (cost=5932.46..5932.46 rows=85570 width=23) (actual time=55.846..55.846 rows=84843 loops=1)
                          Buckets: 131072  Batches: 1  Memory Usage: 5810kB
                          ->  Seq Scan on company_name cn  (cost=0.00..5932.46 rows=85570 width=23) (actual time=0.004..36.248 rows=84843 loops=1)
                                Filter: ((country_code)::text = '[us]'::text)
                                Rows Removed by Filter: 150154
              ->  Index Scan using movie_id_movie_info on movie_info mi  (cost=0.43..1.67 rows=1 width=8) (actual time=0.011..0.011 rows=0 loops=42332)
                    Index Cond: (movie_id = mc.movie_id)
                    Filter: (info = ANY ('{Drama,Horror,Western,Family}'::text[]))
                    Rows Removed by Filter: 29
Planning time: 3.525 ms
Execution time: 1613.125 ms
