Aggregate  (cost=53011.59..53011.60 rows=1 width=96) (actual time=152.256..152.256 rows=1 loops=1)
  ->  Nested Loop  (cost=7787.61..53011.51 rows=11 width=42) (actual time=34.534..152.215 rows=53 loops=1)
        Join Filter: (mi.info_type_id = it2.id)
        Rows Removed by Join Filter: 165
        ->  Seq Scan on info_type it2  (cost=0.00..2.41 rows=1 width=4) (actual time=0.006..0.014 rows=1 loops=1)
              Filter: ((info)::text = 'release dates'::text)
              Rows Removed by Filter: 112
        ->  Nested Loop  (cost=7787.61..53006.37 rows=218 width=46) (actual time=34.518..152.173 rows=218 loops=1)
              Join Filter: (t.id = mi.movie_id)
              ->  Nested Loop  (cost=7787.18..52978.71 rows=14 width=54) (actual time=34.505..151.953 rows=14 loops=1)
                    ->  Hash Join  (cost=7786.76..52964.44 rows=32 width=39) (actual time=34.497..151.794 rows=32 loops=1)
                          Hash Cond: (mc.company_type_id = ct.id)
                          ->  Nested Loop  (cost=7785.69..52962.39 rows=95 width=43) (actual time=34.479..151.759 rows=95 loops=1)
                                Join Filter: (t.id = mc.movie_id)
                                ->  Nested Loop  (cost=7785.26..52943.39 rows=29 width=31) (actual time=34.469..151.612 rows=29 loops=1)
                                      Join Filter: (miidx.info_type_id = it.id)
                                      Rows Removed by Join Filter: 58
                                      ->  Seq Scan on info_type it  (cost=0.00..2.41 rows=1 width=4) (actual time=0.007..0.009 rows=1 loops=1)
                                            Filter: ((info)::text = 'rating'::text)
                                            Rows Removed by Filter: 112
                                      ->  Nested Loop  (cost=7785.26..52939.89 rows=87 width=35) (actual time=34.459..151.585 rows=87 loops=1)
                                            ->  Nested Loop  (cost=7784.84..52212.40 rows=89 width=21) (actual time=34.256..151.341 rows=89 loops=1)
                                                  ->  Seq Scan on kind_type kt  (cost=0.00..1.09 rows=1 width=4) (actual time=0.002..0.004 rows=1 loops=1)
                                                        Filter: ((kind)::text = 'movie'::text)
                                                        Rows Removed by Filter: 6
                                                  ->  Bitmap Heap Scan on title t  (cost=7784.84..52210.54 rows=78 width=25) (actual time=34.252..151.314 rows=89 loops=1)
                                                        Recheck Cond: (kind_id = kt.id)
                                                        Filter: ((title <> ''::text) AND ((title ~~ 'Champion%'::text) OR (title ~~ 'Loser%'::text)))
                                                        Rows Removed by Filter: 662736
                                                        Heap Blocks: exact=12863
                                                        ->  Bitmap Index Scan on kind_id_title  (cost=0.00..7784.82 rows=421385 width=0) (actual time=21.355..21.355 rows=662825 loops=1)
                                                              Index Cond: (kind_id = kt.id)
                                            ->  Index Scan using movie_id_movie_info_idx on movie_info_idx miidx  (cost=0.43..8.14 rows=3 width=14) (actual time=0.002..0.002 rows=1 loops=89)
                                                  Index Cond: (movie_id = t.id)
                                ->  Index Scan using movie_id_movie_companies on movie_companies mc  (cost=0.43..0.59 rows=5 width=12) (actual time=0.003..0.004 rows=3 loops=29)
                                      Index Cond: (movie_id = miidx.movie_id)
                          ->  Hash  (cost=1.05..1.05 rows=1 width=4) (actual time=0.004..0.004 rows=1 loops=1)
                                Buckets: 1024  Batches: 1  Memory Usage: 9kB
                                ->  Seq Scan on company_type ct  (cost=0.00..1.05 rows=1 width=4) (actual time=0.002..0.003 rows=1 loops=1)
                                      Filter: ((kind)::text = 'production companies'::text)
                                      Rows Removed by Filter: 3
                    ->  Index Scan using company_name_pkey on company_name cn  (cost=0.42..0.45 rows=1 width=23) (actual time=0.004..0.004 rows=0 loops=32)
                          Index Cond: (id = mc.company_id)
                          Filter: ((country_code)::text = '[us]'::text)
                          Rows Removed by Filter: 1
              ->  Index Scan using movie_id_movie_info on movie_info mi  (cost=0.43..1.46 rows=41 width=8) (actual time=0.004..0.012 rows=16 loops=14)
                    Index Cond: (movie_id = mc.movie_id)
Planning time: 5.192 ms
Execution time: 152.345 ms
