Aggregate  (cost=4860.27..4860.28 rows=1 width=64) (actual time=78.804..78.804 rows=1 loops=1)
  ->  Nested Loop  (cost=8.03..4860.26 rows=1 width=23) (actual time=43.058..78.795 rows=1 loops=1)
        Join Filter: (t.kind_id = kt.id)
        Rows Removed by Join Filter: 1
        ->  Nested Loop  (cost=8.03..4859.16 rows=1 width=27) (actual time=4.491..78.787 rows=2 loops=1)
              Join Filter: (mi_idx.info_type_id = it2.id)
              Rows Removed by Join Filter: 1
              ->  Nested Loop  (cost=8.03..4856.74 rows=1 width=31) (actual time=4.473..78.761 rows=3 loops=1)
                    Join Filter: (t.id = mi_idx.movie_id)
                    ->  Nested Loop  (cost=7.61..4856.23 rows=1 width=33) (actual time=4.462..78.706 rows=8 loops=1)
                          Join Filter: (mi.info_type_id = it1.id)
                          ->  Nested Loop  (cost=7.61..4853.80 rows=1 width=37) (actual time=4.455..78.660 rows=8 loops=1)
                                Join Filter: (t.id = mi.movie_id)
                                ->  Nested Loop  (cost=7.17..4851.93 rows=1 width=29) (actual time=4.421..78.403 rows=15 loops=1)
                                      ->  Nested Loop  (cost=6.74..4818.61 rows=67 width=4) (actual time=3.880..33.376 rows=19528 loops=1)
                                            ->  Seq Scan on keyword k  (cost=0.00..2626.12 rows=2 width=4) (actual time=0.772..11.983 rows=1 loops=1)
                                                  Filter: (keyword = ANY ('{murder,murder-in-title}'::text[]))
                                                  Rows Removed by Filter: 134169
                                            ->  Bitmap Heap Scan on movie_keyword mk  (cost=6.74..1093.26 rows=298 width=8) (actual time=3.105..18.679 rows=19528 loops=1)
                                                  Recheck Cond: (keyword_id = k.id)
                                                  Heap Blocks: exact=12389
                                                  ->  Bitmap Index Scan on keyword_id_movie_keyword  (cost=0.00..6.67 rows=298 width=0) (actual time=1.537..1.537 rows=19528 loops=1)
                                                        Index Cond: (keyword_id = k.id)
                                      ->  Index Scan using title_pkey on title t  (cost=0.43..0.50 rows=1 width=25) (actual time=0.002..0.002 rows=0 loops=19528)
                                            Index Cond: (id = mk.movie_id)
                                            Filter: ((production_year > 2010) AND ((title ~~ '%murder%'::text) OR (title ~~ '%Murder%'::text) OR (title ~~ '%Mord%'::text)))
                                            Rows Removed by Filter: 1
                                ->  Index Scan using movie_id_movie_info on movie_info mi  (cost=0.43..1.84 rows=2 width=8) (actual time=0.015..0.016 rows=1 loops=15)
                                      Index Cond: (movie_id = mk.movie_id)
                                      Filter: (info = ANY ('{Sweden,Norway,Germany,Denmark,Swedish,Denish,Norwegian,German,USA,American}'::text[]))
                                      Rows Removed by Filter: 12
                          ->  Seq Scan on info_type it1  (cost=0.00..2.41 rows=1 width=4) (actual time=0.003..0.003 rows=1 loops=8)
                                Filter: ((info)::text = 'countries'::text)
                                Rows Removed by Filter: 7
                    ->  Index Scan using movie_id_movie_info_idx on movie_info_idx mi_idx  (cost=0.43..0.50 rows=1 width=14) (actual time=0.006..0.006 rows=0 loops=8)
                          Index Cond: (movie_id = mk.movie_id)
                          Filter: (info > '6.0'::text)
                          Rows Removed by Filter: 1
              ->  Seq Scan on info_type it2  (cost=0.00..2.41 rows=1 width=4) (actual time=0.007..0.007 rows=1 loops=3)
                    Filter: ((info)::text = 'rating'::text)
                    Rows Removed by Filter: 104
        ->  Seq Scan on kind_type kt  (cost=0.00..1.09 rows=1 width=4) (actual time=0.002..0.002 rows=1 loops=2)
              Filter: ((kind)::text = 'movie'::text)
              Rows Removed by Filter: 3
Planning time: 3.272 ms
Execution time: 78.878 ms
