Aggregate  (cost=41485.96..41485.97 rows=1 width=64) (actual time=423.438..423.439 rows=1 loops=1)
  ->  Nested Loop  (cost=8.03..41465.38 rows=4115 width=23) (actual time=2.901..422.185 rows=4115 loops=1)
        Join Filter: (mi.info_type_id = it1.id)
        Rows Removed by Join Filter: 594
        ->  Seq Scan on info_type it1  (cost=0.00..2.41 rows=1 width=4) (actual time=0.005..0.012 rows=1 loops=1)
              Filter: ((info)::text = 'countries'::text)
              Rows Removed by Filter: 112
        ->  Nested Loop  (cost=8.03..41404.11 rows=4709 width=27) (actual time=2.894..421.269 rows=4709 loops=1)
              Join Filter: (t.id = mi.movie_id)
              ->  Nested Loop  (cost=7.60..30284.23 rows=5949 width=35) (actual time=2.875..203.936 rows=5949 loops=1)
                    Join Filter: (mi_idx.info_type_id = it2.id)
                    Rows Removed by Join Filter: 11943
                    ->  Seq Scan on info_type it2  (cost=0.00..2.41 rows=1 width=4) (actual time=0.007..0.010 rows=1 loops=1)
                          Filter: ((info)::text = 'rating'::text)
                          Rows Removed by Filter: 112
                    ->  Nested Loop  (cost=7.60..30058.17 rows=17892 width=39) (actual time=2.864..201.526 rows=17892 loops=1)
                          Join Filter: (t.id = mi_idx.movie_id)
                          ->  Nested Loop  (cost=7.17..25736.17 rows=8073 width=25) (actual time=2.856..168.917 rows=8073 loops=1)
                                Join Filter: (t.kind_id = kt.id)
                                Rows Removed by Join Filter: 4332
                                ->  Nested Loop  (cost=7.17..25456.82 rows=9739 width=29) (actual time=2.823..164.803 rows=9739 loops=1)
                                      ->  Nested Loop  (cost=6.74..7290.41 rows=37091 width=4) (actual time=2.813..64.359 rows=37091 loops=1)
                                            ->  Seq Scan on keyword k  (cost=0.00..2961.55 rows=4 width=4) (actual time=0.853..16.377 rows=3 loops=1)
                                                  Filter: ((keyword IS NOT NULL) AND (keyword = ANY ('{murder,murder-in-title,blood,violence}'::text[])))
                                                  Rows Removed by Filter: 134167
                                            ->  Bitmap Heap Scan on movie_keyword mk  (cost=6.74..1079.23 rows=298 width=8) (actual time=2.288..14.023 rows=12364 loops=3)
                                                  Recheck Cond: (keyword_id = k.id)
                                                  Heap Blocks: exact=26312
                                                  ->  Bitmap Index Scan on keyword_id_movie_keyword  (cost=0.00..6.67 rows=298 width=0) (actual time=1.181..1.181 rows=12364 loops=3)
                                                        Index Cond: (keyword_id = k.id)
                                      ->  Index Scan using title_pkey on title t  (cost=0.43..0.49 rows=1 width=25) (actual time=0.002..0.002 rows=0 loops=37091)
                                            Index Cond: (id = mk.movie_id)
                                            Filter: (production_year > 2005)
                                            Rows Removed by Filter: 1
                                ->  Materialize  (cost=0.00..1.10 rows=2 width=4) (actual time=0.000..0.000 rows=1 loops=9739)
                                      ->  Seq Scan on kind_type kt  (cost=0.00..1.09 rows=2 width=4) (actual time=0.004..0.005 rows=2 loops=1)
                                            Filter: ((kind)::text = ANY ('{movie,episode}'::text[]))
                                            Rows Removed by Filter: 5
                          ->  Index Scan using movie_id_movie_info_idx on movie_info_idx mi_idx  (cost=0.43..0.50 rows=3 width=14) (actual time=0.003..0.003 rows=2 loops=8073)
                                Index Cond: (movie_id = mk.movie_id)
                                Filter: (info < '8.5'::text)
                                Rows Removed by Filter: 0
              ->  Index Scan using movie_id_movie_info on movie_info mi  (cost=0.43..1.84 rows=2 width=8) (actual time=0.031..0.036 rows=1 loops=5949)
                    Index Cond: (movie_id = mk.movie_id)
                    Filter: (info = ANY ('{Sweden,Norway,Germany,Denmark,Swedish,Danish,Norwegian,German,USA,American}'::text[]))
                    Rows Removed by Filter: 71
Planning time: 3.166 ms
Execution time: 423.511 ms
