Aggregate  (cost=4242.88..4242.89 rows=1 width=64) (actual time=1546.460..1546.460 rows=1 loops=1)
  ->  Nested Loop  (cost=9.44..4237.73 rows=1030 width=33) (actual time=4.641..1459.323 rows=319932 loops=1)
        Join Filter: (n.id = an.person_id)
        ->  Nested Loop  (cost=9.02..4026.08 rows=435 width=25) (actual time=4.631..864.390 rows=221609 loops=1)
              ->  Nested Loop  (cost=8.59..3830.70 rows=435 width=21) (actual time=4.622..392.810 rows=221609 loops=1)
                    Join Filter: (t.id = ci.movie_id)
                    ->  Nested Loop  (cost=8.02..3783.74 rows=24 width=29) (actual time=4.611..185.019 rows=8538 loops=1)
                          ->  Nested Loop  (cost=7.60..3753.87 rows=67 width=33) (actual time=4.465..158.139 rows=11406 loops=1)
                                Join Filter: (t.id = mc.movie_id)
                                ->  Nested Loop  (cost=7.17..3746.03 rows=13 width=25) (actual time=4.429..136.892 rows=6926 loops=1)
                                      ->  Nested Loop  (cost=6.74..3729.38 rows=34 width=4) (actual time=4.417..39.806 rows=41840 loops=1)
                                            ->  Seq Scan on keyword k  (cost=0.00..2626.12 rows=1 width=4) (actual time=0.399..8.468 rows=1 loops=1)
                                                  Filter: (keyword = 'character-name-in-title'::text)
                                                  Rows Removed by Filter: 134169
                                            ->  Bitmap Heap Scan on movie_keyword mk  (cost=6.74..1100.27 rows=298 width=8) (actual time=4.016..25.079 rows=41840 loops=1)
                                                  Recheck Cond: (keyword_id = k.id)
                                                  Heap Blocks: exact=11541
                                                  ->  Bitmap Index Scan on keyword_id_movie_keyword  (cost=0.00..6.67 rows=298 width=0) (actual time=2.475..2.475 rows=41840 loops=1)
                                                        Index Cond: (keyword_id = k.id)
                                      ->  Index Scan using title_pkey on title t  (cost=0.43..0.49 rows=1 width=21) (actual time=0.002..0.002 rows=0 loops=41840)
                                            Index Cond: (id = mk.movie_id)
                                            Filter: (episode_nr < 100)
                                            Rows Removed by Filter: 1
                                ->  Index Scan using movie_id_movie_companies on movie_companies mc  (cost=0.43..0.54 rows=5 width=8) (actual time=0.002..0.002 rows=2 loops=6926)
                                      Index Cond: (movie_id = mk.movie_id)
                          ->  Index Scan using company_name_pkey on company_name cn  (cost=0.42..0.45 rows=1 width=4) (actual time=0.002..0.002 rows=1 loops=11406)
                                Index Cond: (id = mc.company_id)
                                Filter: ((country_code)::text = '[us]'::text)
                                Rows Removed by Filter: 0
                    ->  Index Scan using movie_id_cast_info on cast_info ci  (cost=0.56..1.51 rows=36 width=8) (actual time=0.003..0.019 rows=26 loops=8538)
                          Index Cond: (movie_id = mk.movie_id)
              ->  Index Only Scan using name_pkey on name n  (cost=0.43..0.45 rows=1 width=4) (actual time=0.002..0.002 rows=1 loops=221609)
                    Index Cond: (id = ci.person_id)
                    Heap Fetches: 0
        ->  Index Scan using person_id_aka_name on aka_name an  (cost=0.42..0.46 rows=2 width=20) (actual time=0.002..0.002 rows=1 loops=221609)
              Index Cond: (person_id = ci.person_id)
Planning time: 3.674 ms
Execution time: 1546.538 ms
