Aggregate  (cost=4114.32..4114.33 rows=1 width=64) (actual time=1215.557..1215.557 rows=1 loops=1)
  ->  Nested Loop  (cost=9.44..4110.50 rows=764 width=33) (actual time=4.573..1147.657 rows=249455 loops=1)
        Join Filter: (n.id = an.person_id)
        ->  Nested Loop  (cost=9.02..3953.84 rows=322 width=25) (actual time=4.563..690.690 rows=169273 loops=1)
              ->  Nested Loop  (cost=8.59..3809.21 rows=322 width=21) (actual time=4.554..332.819 rows=169273 loops=1)
                    Join Filter: (t.id = ci.movie_id)
                    ->  Nested Loop  (cost=8.02..3773.99 rows=18 width=29) (actual time=4.543..173.604 rows=6766 loops=1)
                          ->  Nested Loop  (cost=7.60..3752.15 rows=49 width=33) (actual time=4.417..153.109 rows=8661 loops=1)
                                Join Filter: (t.id = mc.movie_id)
                                ->  Nested Loop  (cost=7.17..3746.12 rows=10 width=25) (actual time=4.381..136.475 rows=5385 loops=1)
                                      ->  Nested Loop  (cost=6.74..3729.38 rows=34 width=4) (actual time=4.368..39.533 rows=41840 loops=1)
                                            ->  Seq Scan on keyword k  (cost=0.00..2626.12 rows=1 width=4) (actual time=0.397..8.380 rows=1 loops=1)
                                                  Filter: (keyword = 'character-name-in-title'::text)
                                                  Rows Removed by Filter: 134169
                                            ->  Bitmap Heap Scan on movie_keyword mk  (cost=6.74..1100.27 rows=298 width=8) (actual time=3.970..24.987 rows=41840 loops=1)
                                                  Recheck Cond: (keyword_id = k.id)
                                                  Heap Blocks: exact=11541
                                                  ->  Bitmap Index Scan on keyword_id_movie_keyword  (cost=0.00..6.67 rows=298 width=0) (actual time=2.465..2.465 rows=41840 loops=1)
                                                        Index Cond: (keyword_id = k.id)
                                      ->  Index Scan using title_pkey on title t  (cost=0.43..0.49 rows=1 width=21) (actual time=0.002..0.002 rows=0 loops=41840)
                                            Index Cond: (id = mk.movie_id)
                                            Filter: ((episode_nr >= 5) AND (episode_nr < 100))
                                            Rows Removed by Filter: 1
                                ->  Index Scan using movie_id_movie_companies on movie_companies mc  (cost=0.43..0.54 rows=5 width=8) (actual time=0.002..0.002 rows=2 loops=5385)
                                      Index Cond: (movie_id = mk.movie_id)
                          ->  Index Scan using company_name_pkey on company_name cn  (cost=0.42..0.45 rows=1 width=4) (actual time=0.002..0.002 rows=1 loops=8661)
                                Index Cond: (id = mc.company_id)
                                Filter: ((country_code)::text = '[us]'::text)
                                Rows Removed by Filter: 0
                    ->  Index Scan using movie_id_cast_info on cast_info ci  (cost=0.56..1.51 rows=36 width=8) (actual time=0.003..0.018 rows=25 loops=6766)
                          Index Cond: (movie_id = mk.movie_id)
              ->  Index Only Scan using name_pkey on name n  (cost=0.43..0.45 rows=1 width=4) (actual time=0.002..0.002 rows=1 loops=169273)
                    Index Cond: (id = ci.person_id)
                    Heap Fetches: 0
        ->  Index Scan using person_id_aka_name on aka_name an  (cost=0.42..0.46 rows=2 width=20) (actual time=0.002..0.002 rows=1 loops=169273)
              Index Cond: (person_id = ci.person_id)
Planning time: 3.686 ms
Execution time: 1215.633 ms
