Aggregate  (cost=300055.97..300055.98 rows=1 width=64) (actual time=2751.773..2751.773 rows=1 loops=1)
  ->  Hash Join  (cost=118929.25..298764.52 rows=258289 width=15) (actual time=531.443..2702.147 rows=258289 loops=1)
        Hash Cond: (mc.company_id = cn.id)
        ->  Nested Loop  (cost=111927.17..282889.00 rows=702849 width=19) (actual time=483.615..2532.797 rows=702849 loops=1)
              ->  Hash Join  (cost=111926.74..229665.52 rows=93315 width=27) (actual time=483.243..2109.799 rows=93315 loops=1)
                    Hash Cond: (ci.person_id = n.id)
                    ->  Nested Loop  (cost=7.74..104636.81 rows=1038393 width=16) (actual time=3.998..1372.748 rows=1038393 loops=1)
                          Join Filter: (t.id = ci.movie_id)
                          ->  Nested Loop  (cost=7.17..22785.43 rows=41840 width=8) (actual time=3.975..122.053 rows=41840 loops=1)
                                ->  Nested Loop  (cost=6.74..3729.38 rows=41840 width=4) (actual time=3.962..42.253 rows=41840 loops=1)
                                      ->  Seq Scan on keyword k  (cost=0.00..2626.12 rows=1 width=4) (actual time=0.369..8.450 rows=1 loops=1)
                                            Filter: (keyword = 'character-name-in-title'::text)
                                            Rows Removed by Filter: 134169
                                      ->  Bitmap Heap Scan on movie_keyword mk  (cost=6.74..1100.27 rows=298 width=8) (actual time=3.587..26.352 rows=41840 loops=1)
                                            Recheck Cond: (keyword_id = k.id)
                                            Heap Blocks: exact=11541
                                            ->  Bitmap Index Scan on keyword_id_movie_keyword  (cost=0.00..6.67 rows=298 width=0) (actual time=2.222..2.222 rows=41840 loops=1)
                                                  Index Cond: (keyword_id = k.id)
                                ->  Index Only Scan using title_pkey on title t  (cost=0.43..0.46 rows=1 width=4) (actual time=0.002..0.002 rows=1 loops=41840)
                                      Index Cond: (id = mk.movie_id)
                                      Heap Fetches: 0
                          ->  Index Scan using movie_id_cast_info on cast_info ci  (cost=0.56..1.51 rows=36 width=8) (actual time=0.003..0.025 rows=25 loops=41840)
                                Index Cond: (movie_id = mk.movie_id)
                    ->  Hash  (cost=107706.64..107706.64 rows=336989 width=19) (actual time=478.642..478.642 rows=343399 loops=1)
                          Buckets: 524288  Batches: 1  Memory Usage: 21878kB
                          ->  Seq Scan on name n  (cost=0.00..107706.64 rows=336989 width=19) (actual time=6.623..404.227 rows=343399 loops=1)
                                Filter: (name ~~ 'B%'::text)
                                Rows Removed by Filter: 3824092
              ->  Index Scan using movie_id_movie_companies on movie_companies mc  (cost=0.43..0.52 rows=5 width=8) (actual time=0.002..0.003 rows=8 loops=93315)
                    Index Cond: (movie_id = ci.movie_id)
        ->  Hash  (cost=5932.46..5932.46 rows=85570 width=4) (actual time=47.531..47.531 rows=84843 loops=1)
              Buckets: 131072  Batches: 1  Memory Usage: 4007kB
              ->  Seq Scan on company_name cn  (cost=0.00..5932.46 rows=85570 width=4) (actual time=0.005..31.968 rows=84843 loops=1)
                    Filter: ((country_code)::text = '[us]'::text)
                    Rows Removed by Filter: 150154
Planning time: 2.258 ms
Execution time: 2751.920 ms
