Aggregate  (cost=80957.82..80957.83 rows=1 width=64) (actual time=261.492..261.492 rows=1 loops=1)
  ->  Nested Loop  (cost=3.14..80957.81 rows=1 width=32) (actual time=209.380..261.480 rows=15 loops=1)
        Join Filter: (ci.person_id = n.id)
        ->  Nested Loop  (cost=2.71..80956.22 rows=1 width=25) (actual time=209.370..261.382 rows=36 loops=1)
              Join Filter: (mi.info_type_id = it.id)
              ->  Nested Loop  (cost=2.71..80953.80 rows=1 width=29) (actual time=209.347..261.274 rows=36 loops=1)
                    Join Filter: (t.id = mi.movie_id)
                    ->  Nested Loop  (cost=2.27..80926.80 rows=1 width=37) (actual time=209.321..259.157 rows=36 loops=1)
                          ->  Nested Loop  (cost=1.84..80925.88 rows=1 width=41) (actual time=209.312..259.070 rows=36 loops=1)
                                ->  Nested Loop  (cost=1.42..80905.15 rows=24 width=37) (actual time=209.288..258.986 rows=24 loops=1)
                                      Join Filter: (ci.role_id = rt.id)
                                      Rows Removed by Join Filter: 76
                                      ->  Seq Scan on role_type rt  (cost=0.00..1.15 rows=1 width=4) (actual time=0.007..0.010 rows=1 loops=1)
                                            Filter: ((role)::text = 'actress'::text)
                                            Rows Removed by Filter: 11
                                      ->  Nested Loop  (cost=1.42..80902.75 rows=100 width=41) (actual time=209.250..258.962 rows=100 loops=1)
                                            Join Filter: (t.id = ci.movie_id)
                                            ->  Nested Loop  (cost=0.85..80739.17 rows=4 width=25) (actual time=209.236..258.509 rows=4 loops=1)
                                                  ->  Nested Loop  (cost=0.43..80734.06 rows=4 width=29) (actual time=209.225..258.482 rows=4 loops=1)
                                                        ->  Seq Scan on title t  (cost=0.00..80243.46 rows=23 width=21) (actual time=20.999..258.373 rows=7 loops=1)
                                                              Filter: ((production_year >= 2007) AND (production_year <= 2008) AND (title ~~ '%Kung%Fu%Panda%'::text))
                                                              Rows Removed by Filter: 2528305
                                                        ->  Index Scan using movie_id_movie_companies on movie_companies mc  (cost=0.43..21.32 rows=1 width=8) (actual time=0.011..0.013 rows=1 loops=7)
                                                              Index Cond: (movie_id = t.id)
                                                              Filter: ((note ~~ '%(200%)%'::text) AND ((note ~~ '%(USA)%'::text) OR (note ~~ '%(worldwide)%'::text)))
                                                              Rows Removed by Filter: 6
                                                  ->  Index Scan using company_name_pkey on company_name cn  (cost=0.42..1.28 rows=1 width=4) (actual time=0.006..0.006 rows=1 loops=4)
                                                        Index Cond: (id = mc.company_id)
                                                        Filter: ((country_code)::text = '[us]'::text)
                                            ->  Index Scan using movie_id_cast_info on cast_info ci  (cost=0.56..40.88 rows=1 width=16) (actual time=0.007..0.107 rows=25 loops=4)
                                                  Index Cond: (movie_id = mc.movie_id)
                                                  Filter: (note = '(voice)'::text)
                                                  Rows Removed by Filter: 127
                                ->  Index Only Scan using person_id_aka_name on aka_name an  (cost=0.42..0.84 rows=2 width=4) (actual time=0.003..0.003 rows=2 loops=24)
                                      Index Cond: (person_id = ci.person_id)
                                      Heap Fetches: 0
                          ->  Index Only Scan using char_name_pkey on char_name chn  (cost=0.43..0.92 rows=1 width=4) (actual time=0.002..0.002 rows=1 loops=36)
                                Index Cond: (id = ci.person_role_id)
                                Heap Fetches: 0
                    ->  Index Scan using movie_id_movie_info on movie_info mi  (cost=0.43..26.98 rows=1 width=8) (actual time=0.010..0.058 rows=1 loops=36)
                          Index Cond: (movie_id = ci.movie_id)
                          Filter: ((info IS NOT NULL) AND ((info ~~ 'Japan:%2007%'::text) OR (info ~~ 'USA:%2008%'::text)))
                          Rows Removed by Filter: 258
              ->  Seq Scan on info_type it  (cost=0.00..2.41 rows=1 width=4) (actual time=0.002..0.002 rows=1 loops=36)
                    Filter: ((info)::text = 'release dates'::text)
                    Rows Removed by Filter: 15
        ->  Index Scan using name_pkey on name n  (cost=0.43..1.58 rows=1 width=19) (actual time=0.002..0.002 rows=0 loops=36)
              Index Cond: (id = an.person_id)
              Filter: ((name ~~ '%Angel%'::text) AND ((gender)::text = 'f'::text))
              Rows Removed by Filter: 1
Planning time: 12.809 ms
Execution time: 261.587 ms
