Aggregate  (cost=277597.80..277597.81 rows=1 width=64) (actual time=2009.480..2009.480 rows=1 loops=1)
  ->  Nested Loop  (cost=118742.77..277597.75 rows=9 width=32) (actual time=575.326..2008.354 rows=3575 loops=1)
        ->  Nested Loop  (cost=118742.35..277568.49 rows=25 width=36) (actual time=575.306..1984.845 rows=11692 loops=1)
              ->  Nested Loop  (cost=118741.92..277557.63 rows=4 width=44) (actual time=575.296..1973.412 rows=3628 loops=1)
                    Join Filter: (mi.info_type_id = it.id)
                    ->  Seq Scan on info_type it  (cost=0.00..2.41 rows=1 width=4) (actual time=0.009..0.015 rows=1 loops=1)
                          Filter: ((info)::text = 'release dates'::text)
                          Rows Removed by Filter: 112
                    ->  Nested Loop  (cost=118741.92..277549.40 rows=465 width=48) (actual time=575.286..1972.593 rows=3628 loops=1)
                          ->  Nested Loop  (cost=118741.49..268113.51 rows=354 width=40) (actual time=571.375..1937.136 rows=4703 loops=1)
                                ->  Nested Loop  (cost=118741.06..267195.73 rows=644 width=19) (actual time=571.363..1917.941 rows=7726 loops=1)
                                      Join Filter: (n.id = an.person_id)
                                      ->  Nested Loop  (cost=118740.63..262267.25 rows=5686 width=27) (actual time=564.235..1906.259 rows=5686 loops=1)
                                            ->  Hash Join  (cost=118740.20..256295.15 rows=6552 width=31) (actual time=564.220..1892.193 rows=6552 loops=1)
                                                  Hash Cond: (ci.person_id = n.id)
                                                  ->  Nested Loop  (cost=0.56..134068.91 rows=276166 width=12) (actual time=0.122..1297.924 rows=276166 loops=1)
                                                        ->  Seq Scan on role_type rt  (cost=0.00..1.15 rows=1 width=4) (actual time=0.002..0.006 rows=1 loops=1)
                                                              Filter: ((role)::text = 'actress'::text)
                                                              Rows Removed by Filter: 11
                                                        ->  Index Scan using role_id_cast_info on cast_info ci  (cost=0.56..133251.71 rows=81605 width=16) (actual time=0.118..1258.115 rows=276166 loops=1)
                                                              Index Cond: (role_id = rt.id)
                                                              Filter: (note = ANY ('{(voice),"(voice: Japanese version)","(voice) (uncredited)","(voice: English version)"}'::text[]))
                                                              Rows Removed by Filter: 7175807
                                                  ->  Hash  (cost=118125.36..118125.36 rows=49142 width=19) (actual time=559.827..559.827 rows=50011 loops=1)
                                                        Buckets: 65536  Batches: 1  Memory Usage: 3135kB
                                                        ->  Seq Scan on name n  (cost=0.00..118125.36 rows=49142 width=19) (actual time=222.378..548.346 rows=50011 loops=1)
                                                              Filter: ((name ~~ '%An%'::text) AND ((gender)::text = 'f'::text))
                                                              Rows Removed by Filter: 4117480
                                            ->  Index Only Scan using char_name_pkey on char_name chn  (cost=0.43..0.91 rows=1 width=4) (actual time=0.002..0.002 rows=1 loops=6552)
                                                  Index Cond: (id = ci.person_role_id)
                                                  Heap Fetches: 0
                                      ->  Index Only Scan using person_id_aka_name on aka_name an  (cost=0.42..0.84 rows=2 width=4) (actual time=0.001..0.002 rows=1 loops=5686)
                                            Index Cond: (person_id = ci.person_id)
                                            Heap Fetches: 0
                                ->  Index Scan using title_pkey on title t  (cost=0.43..1.43 rows=1 width=21) (actual time=0.002..0.002 rows=1 loops=7726)
                                      Index Cond: (id = ci.movie_id)
                                      Filter: (production_year > 2000)
                                      Rows Removed by Filter: 0
                          ->  Index Scan using movie_id_movie_info on movie_info mi  (cost=0.43..26.64 rows=2 width=8) (actual time=0.005..0.007 rows=1 loops=4703)
                                Index Cond: (movie_id = t.id)
                                Filter: ((info IS NOT NULL) AND ((info ~~ 'Japan:%200%'::text) OR (info ~~ 'USA:%200%'::text)))
                                Rows Removed by Filter: 14
              ->  Index Scan using movie_id_movie_companies on movie_companies mc  (cost=0.43..2.67 rows=5 width=8) (actual time=0.002..0.002 rows=3 loops=3628)
                    Index Cond: (movie_id = t.id)
        ->  Index Scan using company_name_pkey on company_name cn  (cost=0.42..1.17 rows=1 width=4) (actual time=0.002..0.002 rows=0 loops=11692)
              Index Cond: (id = mc.company_id)
              Filter: ((country_code)::text = '[us]'::text)
              Rows Removed by Filter: 1
Planning time: 12.500 ms
Execution time: 2009.578 ms
