Aggregate  (cost=19479.62..19479.63 rows=1 width=68) (actual time=4.016..4.016 rows=1 loops=1)
  ->  Nested Loop  (cost=5172.47..19479.12 rows=67 width=45) (actual time=1.194..4.005 rows=3 loops=1)
        ->  Nested Loop  (cost=5172.34..19478.94 rows=1 width=49) (actual time=1.189..3.998 rows=3 loops=1)
              Join Filter: (mc.movie_id = t.id)
              ->  Nested Loop  (cost=5171.91..19475.98 rows=5 width=36) (actual time=0.150..3.938 rows=23 loops=1)
                    ->  Nested Loop  (cost=5171.48..19319.05 rows=250 width=4) (actual time=0.038..0.103 rows=250 loops=1)
                          ->  Seq Scan on info_type it  (cost=0.00..2.41 rows=1 width=4) (actual time=0.011..0.012 rows=1 loops=1)
                                Filter: ((info)::text = 'top 250 rank'::text)
                                Rows Removed by Filter: 112
                          ->  Bitmap Heap Scan on movie_info_idx mi_idx  (cost=5171.48..16556.57 rows=276007 width=8) (actual time=0.025..0.051 rows=250 loops=1)
                                Recheck Cond: (info_type_id = it.id)
                                Heap Blocks: exact=2
                                ->  Bitmap Index Scan on info_type_id_movie_info_idx  (cost=0.00..5102.48 rows=276007 width=0) (actual time=0.016..0.016 rows=250 loops=1)
                                      Index Cond: (info_type_id = it.id)
                    ->  Index Scan using movie_id_movie_companies on movie_companies mc  (cost=0.43..0.62 rows=1 width=32) (actual time=0.015..0.015 rows=0 loops=250)
                          Index Cond: (movie_id = mi_idx.movie_id)
                          Filter: ((note !~~ '%(as Metro-Goldwyn-Mayer Pictures)%'::text) AND (note ~~ '%(co-production)%'::text))
                          Rows Removed by Filter: 33
              ->  Index Scan using title_pkey on title t  (cost=0.43..0.58 rows=1 width=25) (actual time=0.002..0.002 rows=0 loops=23)
                    Index Cond: (id = mi_idx.movie_id)
                    Filter: (production_year > 2010)
                    Rows Removed by Filter: 1
        ->  Index Scan using company_type_pkey on company_type ct  (cost=0.13..0.15 rows=1 width=4) (actual time=0.002..0.002 rows=1 loops=3)
              Index Cond: (id = mc.company_type_id)
              Filter: ((kind)::text = 'production companies'::text)
Planning time: 0.875 ms
Execution time: 4.085 ms
