Aggregate  (cost=131293.23..131293.24 rows=1 width=32) (actual time=1535.297..1535.297 rows=1 loops=1)
  ->  Nested Loop  (cost=95193.61..131293.22 rows=4 width=17) (actual time=787.208..1535.256 rows=33 loops=1)
        ->  Hash Join  (cost=95193.18..131290.97 rows=5 width=21) (actual time=787.196..1535.108 rows=33 loops=1)
              Hash Cond: (cc.status_id = cct2.id)
              ->  Hash Join  (cost=95192.12..131289.56 rows=33 width=25) (actual time=787.181..1535.076 rows=33 loops=1)
                    Hash Cond: (ci.person_role_id = chn.id)
                    ->  Nested Loop  (cost=3780.33..33151.07 rows=532809 width=29) (actual time=41.284..752.375 rows=532809 loops=1)
                          Join Filter: (t.id = ci.movie_id)
                          ->  Hash Join  (cost=3779.77..21382.00 rows=6016 width=33) (actual time=41.271..153.905 rows=6016 loops=1)
                                Hash Cond: (t.kind_id = kt.id)
                                ->  Nested Loop  (cost=3778.67..21297.27 rows=7363 width=37) (actual time=40.682..152.158 rows=7363 loops=1)
                                      ->  Hash Join  (cost=3778.24..17004.36 rows=8765 width=12) (actual time=40.667..121.694 rows=8765 loops=1)
                                            Hash Cond: (cc.subject_id = cct1.id)
                                            ->  Hash Join  (cost=3777.18..16869.99 rows=12810 width=16) (actual time=40.661..119.063 rows=12810 loops=1)
                                                  Hash Cond: (mk.movie_id = cc.movie_id)
                                                  ->  Nested Loop  (cost=6.74..12121.56 rows=35548 width=4) (actual time=0.463..66.621 rows=35548 loops=1)
                                                        ->  Seq Scan on keyword k  (cost=0.00..3632.40 rows=8 width=4) (actual time=0.090..23.502 rows=8 loops=1)
                                                              Filter: (keyword = ANY ('{superhero,sequel,second-part,marvel-comics,based-on-comic,tv-special,fight,violence}'::text[]))
                                                              Rows Removed by Filter: 134162
                                                        ->  Bitmap Heap Scan on movie_keyword mk  (cost=6.74..1058.16 rows=298 width=8) (actual time=0.799..4.705 rows=4444 loops=8)
                                                              Recheck Cond: (keyword_id = k.id)
                                                              Heap Blocks: exact=23488
                                                              ->  Bitmap Index Scan on keyword_id_movie_keyword  (cost=0.00..6.67 rows=298 width=0) (actual time=0.429..0.429 rows=4444 loops=8)
                                                                    Index Cond: (keyword_id = k.id)
                                                  ->  Hash  (cost=2081.86..2081.86 rows=135086 width=12) (actual time=39.861..39.861 rows=135086 loops=1)
                                                        Buckets: 262144  Batches: 1  Memory Usage: 7853kB
                                                        ->  Seq Scan on complete_cast cc  (cost=0.00..2081.86 rows=135086 width=12) (actual time=0.003..18.189 rows=135086 loops=1)
                                            ->  Hash  (cost=1.05..1.05 rows=1 width=4) (actual time=0.002..0.002 rows=1 loops=1)
                                                  Buckets: 1024  Batches: 1  Memory Usage: 9kB
                                                  ->  Seq Scan on comp_cast_type cct1  (cost=0.00..1.05 rows=1 width=4) (actual time=0.001..0.001 rows=1 loops=1)
                                                        Filter: ((kind)::text = 'cast'::text)
                                                        Rows Removed by Filter: 3
                                      ->  Index Scan using title_pkey on title t  (cost=0.43..0.49 rows=1 width=25) (actual time=0.003..0.003 rows=1 loops=8765)
                                            Index Cond: (id = mk.movie_id)
                                            Filter: (production_year > 1950)
                                            Rows Removed by Filter: 0
                                ->  Hash  (cost=1.09..1.09 rows=1 width=4) (actual time=0.005..0.005 rows=1 loops=1)
                                      Buckets: 1024  Batches: 1  Memory Usage: 9kB
                                      ->  Seq Scan on kind_type kt  (cost=0.00..1.09 rows=1 width=4) (actual time=0.003..0.004 rows=1 loops=1)
                                            Filter: ((kind)::text = 'movie'::text)
                                            Rows Removed by Filter: 6
                          ->  Index Scan using movie_id_cast_info on cast_info ci  (cost=0.56..1.51 rows=36 width=12) (actual time=0.005..0.081 rows=89 loops=6016)
                                Index Cond: (movie_id = mk.movie_id)
                    ->  Hash  (cost=91403.93..91403.93 rows=628 width=4) (actual time=736.589..736.589 rows=30 loops=1)
                          Buckets: 1024  Batches: 1  Memory Usage: 10kB
                          ->  Seq Scan on char_name chn  (cost=0.00..91403.93 rows=628 width=4) (actual time=20.824..736.550 rows=30 loops=1)
                                Filter: ((name !~~ '%Sherlock%'::text) AND ((name ~~ '%Tony%Stark%'::text) OR (name ~~ '%Iron%Man%'::text)))
                                Rows Removed by Filter: 3140309
              ->  Hash  (cost=1.05..1.05 rows=1 width=4) (actual time=0.009..0.009 rows=2 loops=1)
                    Buckets: 1024  Batches: 1  Memory Usage: 9kB
                    ->  Seq Scan on comp_cast_type cct2  (cost=0.00..1.05 rows=1 width=4) (actual time=0.006..0.007 rows=2 loops=1)
                          Filter: ((kind)::text ~~ '%complete%'::text)
                          Rows Removed by Filter: 2
        ->  Index Only Scan using name_pkey on name n  (cost=0.43..0.45 rows=1 width=4) (actual time=0.004..0.004 rows=1 loops=33)
              Index Cond: (id = ci.person_id)
              Heap Fetches: 0
Planning time: 7.784 ms
Execution time: 1535.405 ms
