Aggregate  (cost=26266.20..26266.21 rows=1 width=96) (actual time=194.743..194.744 rows=1 loops=1)
  ->  Nested Loop  (cost=8.88..26266.19 rows=1 width=42) (actual time=6.445..194.705 rows=31 loops=1)
        Join Filter: (mi.info_type_id = it1.id)
        Rows Removed by Join Filter: 3
        ->  Nested Loop  (cost=8.88..26263.77 rows=1 width=46) (actual time=6.437..194.547 rows=34 loops=1)
              Join Filter: (t.id = mi.movie_id)
              ->  Nested Loop  (cost=8.45..26262.21 rows=1 width=58) (actual time=6.409..193.061 rows=50 loops=1)
                    ->  Nested Loop  (cost=8.03..26261.66 rows=1 width=43) (actual time=6.400..192.662 rows=78 loops=1)
                          Join Filter: (mc.company_type_id = ct.id)
                          Rows Removed by Join Filter: 234
                          ->  Seq Scan on company_type ct  (cost=0.00..1.04 rows=4 width=4) (actual time=0.005..0.007 rows=4 loops=1)
                          ->  Materialize  (cost=8.03..26260.50 rows=2 width=47) (actual time=1.598..48.149 rows=78 loops=4)
                                ->  Nested Loop  (cost=8.03..26260.49 rows=2 width=47) (actual time=6.391..192.521 rows=78 loops=1)
                                      Join Filter: (t.id = mc.movie_id)
                                      ->  Nested Loop  (cost=7.60..26258.18 rows=4 width=35) (actual time=3.677..179.202 rows=1615 loops=1)
                                            Join Filter: (mi_idx.info_type_id = it2.id)
                                            Rows Removed by Join Filter: 4362
                                            ->  Seq Scan on info_type it2  (cost=0.00..2.41 rows=1 width=4) (actual time=0.011..0.013 rows=1 loops=1)
                                                  Filter: ((info)::text = 'rating'::text)
                                                  Rows Removed by Filter: 112
                                            ->  Nested Loop  (cost=7.60..26191.15 rows=5169 width=39) (actual time=2.729..178.442 rows=5977 loops=1)
                                                  Join Filter: (t.id = mi_idx.movie_id)
                                                  ->  Nested Loop  (cost=7.17..25573.34 rows=1154 width=25) (actual time=2.718..164.450 rows=3517 loops=1)
                                                        Join Filter: (t.kind_id = kt.id)
                                                        Rows Removed by Join Filter: 1618
                                                        ->  Nested Loop  (cost=7.17..25456.82 rows=4040 width=29) (actual time=2.708..162.782 rows=4040 loops=1)
                                                              ->  Nested Loop  (cost=6.74..7290.41 rows=37091 width=4) (actual time=2.674..63.212 rows=37091 loops=1)
                                                                    ->  Seq Scan on keyword k  (cost=0.00..2961.55 rows=4 width=4) (actual time=0.798..15.566 rows=3 loops=1)
                                                                          Filter: (keyword = ANY ('{murder,murder-in-title,blood,violence}'::text[]))
                                                                          Rows Removed by Filter: 134167
                                                                    ->  Bitmap Heap Scan on movie_keyword mk  (cost=6.74..1079.23 rows=298 width=8) (actual time=2.284..13.951 rows=12364 loops=3)
                                                                          Recheck Cond: (keyword_id = k.id)
                                                                          Heap Blocks: exact=26312
                                                                          ->  Bitmap Index Scan on keyword_id_movie_keyword  (cost=0.00..6.67 rows=298 width=0) (actual time=1.196..1.196 rows=12364 loops=3)
                                                                                Index Cond: (keyword_id = k.id)
                                                              ->  Index Scan using title_pkey on title t  (cost=0.43..0.49 rows=1 width=25) (actual time=0.002..0.002 rows=0 loops=37091)
                                                                    Index Cond: (id = mk.movie_id)
                                                                    Filter: (production_year > 2009)
                                                                    Rows Removed by Filter: 1
                                                        ->  Materialize  (cost=0.00..1.10 rows=2 width=4) (actual time=0.000..0.000 rows=1 loops=4040)
                                                              ->  Seq Scan on kind_type kt  (cost=0.00..1.09 rows=2 width=4) (actual time=0.005..0.006 rows=2 loops=1)
                                                                    Filter: ((kind)::text = ANY ('{movie,episode}'::text[]))
                                                                    Rows Removed by Filter: 5
                                                  ->  Index Scan using movie_id_movie_info_idx on movie_info_idx mi_idx  (cost=0.43..0.50 rows=3 width=14) (actual time=0.003..0.003 rows=2 loops=3517)
                                                        Index Cond: (movie_id = mk.movie_id)
                                                        Filter: (info < '7.0'::text)
                                                        Rows Removed by Filter: 0
                                      ->  Index Scan using movie_id_movie_companies on movie_companies mc  (cost=0.43..0.57 rows=1 width=12) (actual time=0.008..0.008 rows=0 loops=1615)
                                            Index Cond: (movie_id = mk.movie_id)
                                            Filter: ((note !~~ '%(USA)%'::text) AND (note ~~ '%(200%)%'::text))
                                            Rows Removed by Filter: 12
                    ->  Index Scan using company_name_pkey on company_name cn  (cost=0.42..0.55 rows=1 width=23) (actual time=0.004..0.004 rows=1 loops=78)
                          Index Cond: (id = mc.company_id)
                          Filter: ((country_code)::text <> '[us]'::text)
                          Rows Removed by Filter: 0
              ->  Index Scan using movie_id_movie_info on movie_info mi  (cost=0.43..1.54 rows=2 width=8) (actual time=0.027..0.029 rows=1 loops=50)
                    Index Cond: (movie_id = mk.movie_id)
                    Filter: (info = ANY ('{Germany,German,USA,American}'::text[]))
                    Rows Removed by Filter: 53
        ->  Seq Scan on info_type it1  (cost=0.00..2.41 rows=1 width=4) (actual time=0.002..0.003 rows=1 loops=34)
              Filter: ((info)::text = 'countries'::text)
              Rows Removed by Filter: 16
Planning time: 20.058 ms
Execution time: 194.855 ms
