Aggregate  (cost=31906.52..31906.53 rows=1 width=96) (actual time=628.073..628.073 rows=1 loops=1)
  ->  Nested Loop  (cost=7012.25..31906.52 rows=1 width=48) (actual time=106.307..627.933 rows=275 loops=1)
        ->  Nested Loop  (cost=7012.12..31906.34 rows=1 width=52) (actual time=106.300..627.565 rows=275 loops=1)
              ->  Nested Loop  (cost=7011.69..31904.50 rows=1 width=45) (actual time=47.446..556.874 rows=36578 loops=1)
                    ->  Nested Loop  (cost=7011.26..31902.76 rows=1 width=33) (actual time=47.435..486.692 rows=36786 loops=1)
                          ->  Nested Loop  (cost=7010.83..31901.75 rows=1 width=29) (actual time=47.423..450.077 rows=13758 loops=1)
                                Join Filter: (t.id = ci.movie_id)
                                ->  Nested Loop  (cost=7010.27..31862.96 rows=1 width=33) (actual time=47.195..171.007 rows=3406 loops=1)
                                      ->  Nested Loop  (cost=7010.12..31861.31 rows=10 width=37) (actual time=47.189..166.650 rows=3406 loops=1)
                                            Join Filter: (t.id = mi.movie_id)
                                            ->  Hash Join  (cost=7009.69..30518.17 rows=42 width=29) (actual time=47.173..110.558 rows=1576 loops=1)
                                                  Hash Cond: (mc.company_id = cn.id)
                                                  ->  Nested Loop  (cost=7.60..23321.99 rows=15374 width=33) (actual time=0.713..62.321 rows=5566 loops=1)
                                                        Join Filter: (t.id = mc.movie_id)
                                                        ->  Nested Loop  (cost=7.17..21605.69 rows=495 width=25) (actual time=0.705..57.630 rows=495 loops=1)
                                                              ->  Nested Loop  (cost=6.74..6061.53 rows=9696 width=4) (actual time=0.657..27.702 rows=9696 loops=1)
                                                                    ->  Seq Scan on keyword k  (cost=0.00..2793.84 rows=3 width=4) (actual time=0.014..14.031 rows=3 loops=1)
                                                                          Filter: (keyword = ANY ('{hero,martial-arts,hand-to-hand-combat}'::text[]))
                                                                          Rows Removed by Filter: 134167
                                                                    ->  Bitmap Heap Scan on movie_keyword mk  (cost=6.74..1086.25 rows=298 width=8) (actual time=0.636..4.042 rows=3232 loops=3)
                                                                          Recheck Cond: (keyword_id = k.id)
                                                                          Heap Blocks: exact=7446
                                                                          ->  Bitmap Index Scan on keyword_id_movie_keyword  (cost=0.00..6.67 rows=298 width=0) (actual time=0.334..0.334 rows=3232 loops=3)
                                                                                Index Cond: (keyword_id = k.id)
                                                              ->  Index Scan using title_pkey on title t  (cost=0.43..1.60 rows=1 width=21) (actual time=0.003..0.003 rows=0 loops=9696)
                                                                    Index Cond: (id = mk.movie_id)
                                                                    Filter: (production_year > 2010)
                                                                    Rows Removed by Filter: 1
                                                        ->  Index Scan using movie_id_movie_companies on movie_companies mc  (cost=0.43..3.40 rows=5 width=8) (actual time=0.004..0.007 rows=11 loops=495)
                                                              Index Cond: (movie_id = mk.movie_id)
                                                  ->  Hash  (cost=5932.46..5932.46 rows=85570 width=4) (actual time=46.303..46.303 rows=84843 loops=1)
                                                        Buckets: 131072  Batches: 1  Memory Usage: 4007kB
                                                        ->  Seq Scan on company_name cn  (cost=0.00..5932.46 rows=85570 width=4) (actual time=0.004..32.163 rows=84843 loops=1)
                                                              Filter: ((country_code)::text = '[us]'::text)
                                                              Rows Removed by Filter: 150154
                                            ->  Index Scan using movie_id_movie_info on movie_info mi  (cost=0.43..31.97 rows=1 width=8) (actual time=0.009..0.035 rows=2 loops=1576)
                                                  Index Cond: (movie_id = mk.movie_id)
                                                  Filter: ((info IS NOT NULL) AND ((info ~~ 'Japan:%201%'::text) OR (info ~~ 'USA:%201%'::text)))
                                                  Rows Removed by Filter: 131
                                      ->  Index Scan using info_type_pkey on info_type it  (cost=0.14..0.16 rows=1 width=4) (actual time=0.001..0.001 rows=1 loops=3406)
                                            Index Cond: (id = mi.info_type_id)
                                            Filter: ((info)::text = 'release dates'::text)
                                ->  Index Scan using movie_id_cast_info on cast_info ci  (cost=0.56..38.78 rows=1 width=16) (actual time=0.052..0.081 rows=4 loops=3406)
                                      Index Cond: (movie_id = mk.movie_id)
                                      Filter: (note = ANY ('{(voice),"(voice: Japanese version)","(voice) (uncredited)","(voice: English version)"}'::text[]))
                                      Rows Removed by Filter: 169
                          ->  Index Only Scan using person_id_aka_name on aka_name an  (cost=0.42..0.99 rows=2 width=4) (actual time=0.002..0.002 rows=3 loops=13758)
                                Index Cond: (person_id = ci.person_id)
                                Heap Fetches: 0
                    ->  Index Scan using char_name_pkey on char_name chn  (cost=0.43..1.74 rows=1 width=20) (actual time=0.002..0.002 rows=1 loops=36786)
                          Index Cond: (id = ci.person_role_id)
              ->  Index Scan using name_pkey on name n  (cost=0.43..1.85 rows=1 width=19) (actual time=0.002..0.002 rows=0 loops=36578)
                    Index Cond: (id = ci.person_id)
                    Filter: ((name ~~ '%An%'::text) AND ((gender)::text = 'f'::text))
                    Rows Removed by Filter: 1
        ->  Index Scan using role_type_pkey on role_type rt  (cost=0.14..0.16 rows=1 width=4) (actual time=0.001..0.001 rows=1 loops=275)
              Index Cond: (id = ci.role_id)
              Filter: ((role)::text = 'actress'::text)
Planning time: 52.598 ms
Execution time: 628.220 ms
