Aggregate  (cost=6787.20..6787.21 rows=1 width=96) (actual time=451.706..451.706 rows=1 loops=1)
  ->  Nested Loop  (cost=10.31..6787.20 rows=1 width=48) (actual time=55.255..451.579 rows=275 loops=1)
        Join Filter: (ci.role_id = rt.id)
        ->  Nested Loop  (cost=10.31..6786.03 rows=1 width=52) (actual time=55.246..451.296 rows=275 loops=1)
              ->  Nested Loop  (cost=9.88..6784.19 rows=1 width=45) (actual time=1.188..381.191 rows=36578 loops=1)
                    ->  Nested Loop  (cost=9.46..6782.71 rows=1 width=49) (actual time=1.169..241.976 rows=78291 loops=1)
                          Join Filter: (t.id = mc.movie_id)
                          ->  Nested Loop  (cost=9.03..6779.25 rows=1 width=61) (actual time=1.160..186.136 rows=12691 loops=1)
                                ->  Nested Loop  (cost=8.60..6777.51 rows=1 width=49) (actual time=1.151..157.416 rows=12761 loops=1)
                                      ->  Nested Loop  (cost=8.17..6776.50 rows=1 width=45) (actual time=1.142..142.623 rows=4439 loops=1)
                                            Join Filter: (t.id = ci.movie_id)
                                            ->  Nested Loop  (cost=7.61..6737.71 rows=1 width=29) (actual time=0.919..74.705 rows=738 loops=1)
                                                  Join Filter: (mi.info_type_id = it.id)
                                                  ->  Seq Scan on info_type it  (cost=0.00..2.41 rows=1 width=4) (actual time=0.010..0.017 rows=1 loops=1)
                                                        Filter: ((info)::text = 'release dates'::text)
                                                        Rows Removed by Filter: 112
                                                  ->  Nested Loop  (cost=7.61..6735.12 rows=14 width=33) (actual time=0.908..74.520 rows=738 loops=1)
                                                        Join Filter: (t.id = mi.movie_id)
                                                        ->  Nested Loop  (cost=7.17..6223.45 rows=16 width=25) (actual time=0.896..58.371 rows=495 loops=1)
                                                              ->  Nested Loop  (cost=6.74..6061.53 rows=101 width=4) (actual time=0.847..28.454 rows=9696 loops=1)
                                                                    ->  Seq Scan on keyword k  (cost=0.00..2793.84 rows=3 width=4) (actual time=0.011..14.030 rows=3 loops=1)
                                                                          Filter: (keyword = ANY ('{hero,martial-arts,hand-to-hand-combat}'::text[]))
                                                                          Rows Removed by Filter: 134167
                                                                    ->  Bitmap Heap Scan on movie_keyword mk  (cost=6.74..1086.25 rows=298 width=8) (actual time=0.756..4.288 rows=3232 loops=3)
                                                                          Recheck Cond: (keyword_id = k.id)
                                                                          Heap Blocks: exact=7446
                                                                          ->  Bitmap Index Scan on keyword_id_movie_keyword  (cost=0.00..6.67 rows=298 width=0) (actual time=0.457..0.457 rows=3232 loops=3)
                                                                                Index Cond: (keyword_id = k.id)
                                                              ->  Index Scan using title_pkey on title t  (cost=0.43..1.60 rows=1 width=21) (actual time=0.003..0.003 rows=0 loops=9696)
                                                                    Index Cond: (id = mk.movie_id)
                                                                    Filter: (production_year > 2010)
                                                                    Rows Removed by Filter: 1
                                                        ->  Index Scan using movie_id_movie_info on movie_info mi  (cost=0.43..31.97 rows=1 width=8) (actual time=0.012..0.032 rows=1 loops=495)
                                                              Index Cond: (movie_id = mk.movie_id)
                                                              Filter: ((info IS NOT NULL) AND ((info ~~ 'Japan:%201%'::text) OR (info ~~ 'USA:%201%'::text)))
                                                              Rows Removed by Filter: 70
                                            ->  Index Scan using movie_id_cast_info on cast_info ci  (cost=0.56..38.78 rows=1 width=16) (actual time=0.058..0.090 rows=6 loops=738)
                                                  Index Cond: (movie_id = mk.movie_id)
                                                  Filter: (note = ANY ('{(voice),"(voice: Japanese version)","(voice) (uncredited)","(voice: English version)"}'::text[]))
                                                  Rows Removed by Filter: 128
                                      ->  Index Only Scan using person_id_aka_name on aka_name an  (cost=0.42..0.99 rows=2 width=4) (actual time=0.002..0.003 rows=3 loops=4439)
                                            Index Cond: (person_id = ci.person_id)
                                            Heap Fetches: 0
                                ->  Index Scan using char_name_pkey on char_name chn  (cost=0.43..1.74 rows=1 width=20) (actual time=0.002..0.002 rows=1 loops=12761)
                                      Index Cond: (id = ci.person_role_id)
                          ->  Index Scan using movie_id_movie_companies on movie_companies mc  (cost=0.43..3.40 rows=5 width=8) (actual time=0.002..0.003 rows=6 loops=12691)
                                Index Cond: (movie_id = mk.movie_id)
                    ->  Index Scan using company_name_pkey on company_name cn  (cost=0.42..1.47 rows=1 width=4) (actual time=0.001..0.001 rows=0 loops=78291)
                          Index Cond: (id = mc.company_id)
                          Filter: ((country_code)::text = '[us]'::text)
                          Rows Removed by Filter: 1
              ->  Index Scan using name_pkey on name n  (cost=0.43..1.85 rows=1 width=19) (actual time=0.002..0.002 rows=0 loops=36578)
                    Index Cond: (id = ci.person_id)
                    Filter: ((name ~~ '%An%'::text) AND ((gender)::text = 'f'::text))
                    Rows Removed by Filter: 1
        ->  Seq Scan on role_type rt  (cost=0.00..1.15 rows=1 width=4) (actual time=0.000..0.000 rows=1 loops=275)
              Filter: ((role)::text = 'actress'::text)
              Rows Removed by Filter: 1
Planning time: 52.638 ms
Execution time: 451.850 ms
