Aggregate  (cost=60986.44..60986.45 rows=1 width=128) (actual time=232.434..232.434 rows=1 loops=1)
  ->  Nested Loop  (cost=9.03..60986.43 rows=1 width=80) (actual time=37.795..232.413 rows=6 loops=1)
        ->  Nested Loop  (cost=8.60..60985.36 rows=1 width=69) (actual time=37.786..232.372 rows=6 loops=1)
              Join Filter: (mi_idx.info_type_id = it2.id)
              Rows Removed by Join Filter: 12
              ->  Nested Loop  (cost=8.60..60982.93 rows=1 width=73) (actual time=37.748..232.222 rows=18 loops=1)
                    Join Filter: (t.id = ci.movie_id)
                    ->  Nested Loop  (cost=8.03..60954.75 rows=1 width=85) (actual time=37.712..231.744 rows=27 loops=1)
                          Join Filter: (t.id = mi_idx.movie_id)
                          ->  Nested Loop  (cost=7.61..60947.48 rows=9 width=71) (actual time=37.703..231.686 rows=9 loops=1)
                                Join Filter: (mi.info_type_id = it1.id)
                                ->  Seq Scan on info_type it1  (cost=0.00..2.41 rows=1 width=4) (actual time=0.016..0.023 rows=1 loops=1)
                                      Filter: ((info)::text = 'genres'::text)
                                      Rows Removed by Filter: 112
                                ->  Nested Loop  (cost=7.61..60944.95 rows=9 width=75) (actual time=37.684..231.656 rows=9 loops=1)
                                      Join Filter: (t.id = mi.movie_id)
                                      ->  Nested Loop  (cost=7.17..60787.78 rows=9 width=25) (actual time=37.657..231.504 rows=9 loops=1)
                                            ->  Nested Loop  (cost=6.74..8522.79 rows=62096 width=4) (actual time=2.796..85.476 rows=62096 loops=1)
                                                  ->  Seq Scan on keyword k  (cost=0.00..3129.26 rows=5 width=4) (actual time=0.528..16.840 rows=5 loops=1)
                                                        Filter: (keyword = ANY ('{murder,blood,gore,death,female-nudity}'::text[]))
                                                        Rows Removed by Filter: 134165
                                                  ->  Bitmap Heap Scan on movie_keyword mk  (cost=6.74..1075.72 rows=298 width=8) (actual time=2.107..12.018 rows=12419 loops=5)
                                                        Recheck Cond: (keyword_id = k.id)
                                                        Heap Blocks: exact=41331
                                                        ->  Bitmap Index Scan on keyword_id_movie_keyword  (cost=0.00..6.67 rows=298 width=0) (actual time=1.087..1.087 rows=12419 loops=5)
                                                              Index Cond: (keyword_id = k.id)
                                            ->  Index Scan using title_pkey on title t  (cost=0.43..0.84 rows=1 width=21) (actual time=0.002..0.002 rows=0 loops=62096)
                                                  Index Cond: (id = mk.movie_id)
                                                  Filter: ((production_year > 2010) AND (title ~~ 'Vampire%'::text))
                                                  Rows Removed by Filter: 1
                                      ->  Index Scan using movie_id_movie_info on movie_info mi  (cost=0.43..17.45 rows=1 width=50) (actual time=0.015..0.016 rows=1 loops=9)
                                            Index Cond: (movie_id = mk.movie_id)
                                            Filter: (info = 'Horror'::text)
                                            Rows Removed by Filter: 17
                          ->  Index Scan using movie_id_movie_info_idx on movie_info_idx mi_idx  (cost=0.43..0.77 rows=3 width=14) (actual time=0.004..0.005 rows=3 loops=9)
                                Index Cond: (movie_id = mk.movie_id)
                    ->  Index Scan using movie_id_cast_info on cast_info ci  (cost=0.56..28.17 rows=1 width=8) (actual time=0.014..0.017 rows=1 loops=27)
                          Index Cond: (movie_id = mk.movie_id)
                          Filter: (note = ANY ('{(writer),"(head writer)","(written by)",(story),"(story editor)"}'::text[]))
                          Rows Removed by Filter: 21
              ->  Seq Scan on info_type it2  (cost=0.00..2.41 rows=1 width=4) (actual time=0.007..0.007 rows=1 loops=18)
                    Filter: ((info)::text = 'votes'::text)
                    Rows Removed by Filter: 108
        ->  Index Scan using name_pkey on name n  (cost=0.43..1.07 rows=1 width=19) (actual time=0.005..0.005 rows=1 loops=6)
              Index Cond: (id = ci.person_id)
              Filter: ((gender)::text = 'm'::text)
Planning time: 7.300 ms
Execution time: 232.526 ms
