Aggregate  (cost=12533.62..12533.63 rows=1 width=96) (actual time=123.776..123.776 rows=1 loops=1)
  ->  Nested Loop  (cost=9.44..12533.61 rows=1 width=39) (actual time=8.065..123.720 rows=93 loops=1)
        ->  Nested Loop  (cost=9.01..12533.16 rows=1 width=43) (actual time=8.055..123.322 rows=93 loops=1)
              ->  Nested Loop  (cost=8.58..12532.71 rows=1 width=31) (actual time=8.008..119.536 rows=2300 loops=1)
                    Join Filter: (t.id = ci.movie_id)
                    ->  Nested Loop  (cost=8.02..12530.75 rows=1 width=39) (actual time=7.995..116.790 rows=6 loops=1)
                          Join Filter: (t.kind_id = kt.id)
                          Rows Removed by Join Filter: 23
                          ->  Nested Loop  (cost=8.02..12529.65 rows=1 width=43) (actual time=7.988..116.710 rows=29 loops=1)
                                ->  Nested Loop  (cost=7.59..12528.67 rows=2 width=18) (actual time=0.623..116.304 rows=84 loops=1)
                                      Join Filter: (cc.status_id = cct2.id)
                                      Rows Removed by Join Filter: 84
                                      ->  Seq Scan on comp_cast_type cct2  (cost=0.00..1.05 rows=1 width=4) (actual time=0.008..0.010 rows=2 loops=1)
                                            Filter: ((kind)::text ~~ '%complete%'::text)
                                            Rows Removed by Filter: 2
                                      ->  Nested Loop  (cost=7.59..12526.57 rows=84 width=22) (actual time=0.609..58.128 rows=84 loops=2)
                                            Join Filter: (cc.subject_id = cct1.id)
                                            Rows Removed by Join Filter: 60
                                            ->  Seq Scan on comp_cast_type cct1  (cost=0.00..1.05 rows=1 width=4) (actual time=0.001..0.003 rows=1 loops=2)
                                                  Filter: ((kind)::text = 'cast'::text)
                                                  Rows Removed by Filter: 3
                                            ->  Nested Loop  (cost=7.59..12523.72 rows=144 width=26) (actual time=0.607..58.099 rows=144 loops=2)
                                                  ->  Nested Loop  (cost=7.17..12374.74 rows=313 width=14) (actual time=0.521..57.242 rows=313 loops=2)
                                                        Join Filter: (mi_idx.info_type_id = it2.id)
                                                        Rows Removed by Join Filter: 599
                                                        ->  Seq Scan on info_type it2  (cost=0.00..2.41 rows=1 width=4) (actual time=0.009..0.011 rows=1 loops=2)
                                                              Filter: ((info)::text = 'rating'::text)
                                                              Rows Removed by Filter: 112
                                                        ->  Nested Loop  (cost=7.17..12360.93 rows=912 width=18) (actual time=0.473..57.112 rows=912 loops=2)
                                                              ->  Nested Loop  (cost=6.74..7290.41 rows=9984 width=4) (actual time=0.435..28.524 rows=9984 loops=2)
                                                                    ->  Seq Scan on keyword k  (cost=0.00..2961.55 rows=4 width=4) (actual time=0.058..15.771 rows=4 loops=2)
                                                                          Filter: (keyword = ANY ('{superhero,marvel-comics,based-on-comic,fight}'::text[]))
                                                                          Rows Removed by Filter: 134166
                                                                    ->  Bitmap Heap Scan on movie_keyword mk  (cost=6.74..1079.23 rows=298 width=8) (actual time=0.465..2.825 rows=2496 loops=8)
                                                                          Recheck Cond: (keyword_id = k.id)
                                                                          Heap Blocks: exact=15372
                                                                          ->  Bitmap Index Scan on keyword_id_movie_keyword  (cost=0.00..6.67 rows=298 width=0) (actual time=0.242..0.242 rows=2496 loops=8)
                                                                                Index Cond: (keyword_id = k.id)
                                                              ->  Index Scan using movie_id_movie_info_idx on movie_info_idx mi_idx  (cost=0.43..0.50 rows=1 width=14) (actual time=0.003..0.003 rows=0 loops=19968)
                                                                    Index Cond: (movie_id = mk.movie_id)
                                                                    Filter: (info > '8.0'::text)
                                                                    Rows Removed by Filter: 2
                                                  ->  Index Scan using movie_id_complete_cast on complete_cast cc  (cost=0.42..0.46 rows=2 width=12) (actual time=0.002..0.002 rows=0 loops=626)
                                                        Index Cond: (movie_id = mk.movie_id)
                                ->  Index Scan using title_pkey on title t  (cost=0.43..0.49 rows=1 width=25) (actual time=0.004..0.004 rows=0 loops=84)
                                      Index Cond: (id = mk.movie_id)
                                      Filter: (production_year > 2005)
                                      Rows Removed by Filter: 1
                          ->  Seq Scan on kind_type kt  (cost=0.00..1.09 rows=1 width=4) (actual time=0.001..0.002 rows=1 loops=29)
                                Filter: ((kind)::text = 'movie'::text)
                                Rows Removed by Filter: 5
                    ->  Index Scan using movie_id_cast_info on cast_info ci  (cost=0.56..1.51 rows=36 width=12) (actual time=0.010..0.376 rows=383 loops=6)
                          Index Cond: (movie_id = mk.movie_id)
              ->  Index Scan using char_name_pkey on char_name chn  (cost=0.43..0.46 rows=1 width=20) (actual time=0.001..0.001 rows=0 loops=2300)
                    Index Cond: (id = ci.person_role_id)
                    Filter: ((name IS NOT NULL) AND ((name ~~ '%man%'::text) OR (name ~~ '%Man%'::text)))
                    Rows Removed by Filter: 0
        ->  Index Only Scan using name_pkey on name n  (cost=0.43..0.45 rows=1 width=4) (actual time=0.004..0.004 rows=1 loops=93)
              Index Cond: (id = ci.person_id)
              Heap Fetches: 0
Planning time: 33.705 ms
Execution time: 123.891 ms
