Aggregate  (cost=13655.24..13655.25 rows=1 width=96) (actual time=124.584..124.584 rows=1 loops=1)
  ->  Nested Loop  (cost=9.44..13655.12 rows=16 width=39) (actual time=7.962..124.518 rows=93 loops=1)
        ->  Nested Loop  (cost=9.01..13613.34 rows=93 width=43) (actual time=7.953..124.139 rows=93 loops=1)
              ->  Nested Loop  (cost=8.58..12560.50 rows=2300 width=31) (actual time=7.919..120.398 rows=2300 loops=1)
                    Join Filter: (t.id = ci.movie_id)
                    ->  Nested Loop  (cost=8.02..12548.76 rows=6 width=39) (actual time=7.907..117.683 rows=6 loops=1)
                          Join Filter: (cc.status_id = cct2.id)
                          Rows Removed by Join Filter: 6
                          ->  Seq Scan on comp_cast_type cct2  (cost=0.00..1.05 rows=1 width=4) (actual time=0.007..0.009 rows=2 loops=1)
                                Filter: ((kind)::text ~~ '%complete%'::text)
                                Rows Removed by Filter: 2
                          ->  Nested Loop  (cost=8.02..12547.64 rows=6 width=43) (actual time=7.851..58.832 rows=6 loops=2)
                                Join Filter: (cc.subject_id = cct1.id)
                                Rows Removed by Join Filter: 4
                                ->  Seq Scan on comp_cast_type cct1  (cost=0.00..1.05 rows=1 width=4) (actual time=0.002..0.003 rows=1 loops=2)
                                      Filter: ((kind)::text = 'cast'::text)
                                      Rows Removed by Filter: 3
                                ->  Nested Loop  (cost=8.02..12546.46 rows=10 width=47) (actual time=7.848..58.822 rows=10 loops=2)
                                      ->  Nested Loop  (cost=7.60..12531.60 rows=31 width=35) (actual time=7.727..58.690 rows=31 loops=2)
                                            Join Filter: (t.kind_id = kt.id)
                                            Rows Removed by Join Filter: 167
                                            ->  Seq Scan on kind_type kt  (cost=0.00..1.09 rows=1 width=4) (actual time=0.001..0.003 rows=1 loops=2)
                                                  Filter: ((kind)::text = 'movie'::text)
                                                  Rows Removed by Filter: 6
                                            ->  Nested Loop  (cost=7.60..12528.04 rows=198 width=39) (actual time=0.544..58.654 rows=198 loops=2)
                                                  ->  Nested Loop  (cost=7.17..12374.74 rows=313 width=14) (actual time=0.536..57.459 rows=313 loops=2)
                                                        Join Filter: (mi_idx.info_type_id = it2.id)
                                                        Rows Removed by Join Filter: 599
                                                        ->  Seq Scan on info_type it2  (cost=0.00..2.41 rows=1 width=4) (actual time=0.008..0.011 rows=1 loops=2)
                                                              Filter: ((info)::text = 'rating'::text)
                                                              Rows Removed by Filter: 112
                                                        ->  Nested Loop  (cost=7.17..12360.93 rows=912 width=18) (actual time=0.488..57.334 rows=912 loops=2)
                                                              ->  Nested Loop  (cost=6.74..7290.41 rows=9984 width=4) (actual time=0.449..28.548 rows=9984 loops=2)
                                                                    ->  Seq Scan on keyword k  (cost=0.00..2961.55 rows=4 width=4) (actual time=0.059..15.791 rows=4 loops=2)
                                                                          Filter: (keyword = ANY ('{superhero,marvel-comics,based-on-comic,fight}'::text[]))
                                                                          Rows Removed by Filter: 134166
                                                                    ->  Bitmap Heap Scan on movie_keyword mk  (cost=6.74..1079.23 rows=298 width=8) (actual time=0.454..2.820 rows=2496 loops=8)
                                                                          Recheck Cond: (keyword_id = k.id)
                                                                          Heap Blocks: exact=15372
                                                                          ->  Bitmap Index Scan on keyword_id_movie_keyword  (cost=0.00..6.67 rows=298 width=0) (actual time=0.239..0.239 rows=2496 loops=8)
                                                                                Index Cond: (keyword_id = k.id)
                                                              ->  Index Scan using movie_id_movie_info_idx on movie_info_idx mi_idx  (cost=0.43..0.50 rows=1 width=14) (actual time=0.003..0.003 rows=0 loops=19968)
                                                                    Index Cond: (movie_id = mk.movie_id)
                                                                    Filter: (info > '8.0'::text)
                                                                    Rows Removed by Filter: 2
                                                  ->  Index Scan using title_pkey on title t  (cost=0.43..0.49 rows=1 width=25) (actual time=0.003..0.003 rows=1 loops=626)
                                                        Index Cond: (id = mk.movie_id)
                                                        Filter: (production_year > 2005)
                                                        Rows Removed by Filter: 0
                                      ->  Index Scan using movie_id_complete_cast on complete_cast cc  (cost=0.42..0.46 rows=2 width=12) (actual time=0.003..0.004 rows=0 loops=62)
                                            Index Cond: (movie_id = t.id)
                    ->  Index Scan using movie_id_cast_info on cast_info ci  (cost=0.56..1.51 rows=36 width=12) (actual time=0.010..0.371 rows=383 loops=6)
                          Index Cond: (movie_id = mk.movie_id)
              ->  Index Scan using char_name_pkey on char_name chn  (cost=0.43..0.46 rows=1 width=20) (actual time=0.001..0.001 rows=0 loops=2300)
                    Index Cond: (id = ci.person_role_id)
                    Filter: ((name IS NOT NULL) AND ((name ~~ '%man%'::text) OR (name ~~ '%Man%'::text)))
                    Rows Removed by Filter: 0
        ->  Index Only Scan using name_pkey on name n  (cost=0.43..0.45 rows=1 width=4) (actual time=0.004..0.004 rows=1 loops=93)
              Index Cond: (id = ci.person_id)
              Heap Fetches: 0
Planning time: 33.661 ms
Execution time: 124.698 ms
