Aggregate  (cost=11358.71..11358.72 rows=1 width=96) (actual time=120.348..120.348 rows=1 loops=1)
  ->  Nested Loop  (cost=3781.86..11358.71 rows=1 width=39) (actual time=49.176..120.295 rows=93 loops=1)
        ->  Nested Loop  (cost=3781.73..11358.53 rows=1 width=43) (actual time=49.168..120.146 rows=111 loops=1)
              Join Filter: (mk.movie_id = t.id)
              ->  Nested Loop  (cost=3781.30..11358.07 rows=1 width=38) (actual time=44.892..119.273 rows=365 loops=1)
                    ->  Nested Loop  (cost=3780.87..11357.62 rows=1 width=42) (actual time=44.882..117.831 rows=365 loops=1)
                          ->  Nested Loop  (cost=3780.44..11357.16 rows=1 width=30) (actual time=43.829..100.143 rows=10367 loops=1)
                                ->  Nested Loop  (cost=3779.87..11355.29 rows=1 width=18) (actual time=43.818..88.174 rows=84 loops=1)
                                      ->  Nested Loop  (cost=3779.73..11354.79 rows=3 width=22) (actual time=43.812..87.783 rows=297 loops=1)
                                            ->  Hash Join  (cost=3779.30..11339.55 rows=30 width=8) (actual time=43.784..77.489 rows=2667 loops=1)
                                                  Hash Cond: (cc.status_id = cct2.id)
                                                  ->  Hash Join  (cost=3778.24..11337.26 rows=118 width=12) (actual time=43.767..76.831 rows=2667 loops=1)
                                                        Hash Cond: (cc.subject_id = cct1.id)
                                                        ->  Hash Join  (cost=3777.18..11335.52 rows=65 width=16) (actual time=43.761..75.991 rows=3974 loops=1)
                                                              Hash Cond: (mk.movie_id = cc.movie_id)
                                                              ->  Nested Loop  (cost=6.74..7290.41 rows=9984 width=4) (actual time=0.455..29.209 rows=9984 loops=1)
                                                                    ->  Seq Scan on keyword k  (cost=0.00..2961.55 rows=4 width=4) (actual time=0.063..15.898 rows=4 loops=1)
                                                                          Filter: (keyword = ANY ('{superhero,marvel-comics,based-on-comic,fight}'::text[]))
                                                                          Rows Removed by Filter: 134166
                                                                    ->  Bitmap Heap Scan on movie_keyword mk  (cost=6.74..1079.23 rows=298 width=8) (actual time=0.497..2.922 rows=2496 loops=4)
                                                                          Recheck Cond: (keyword_id = k.id)
                                                                          Heap Blocks: exact=7686
                                                                          ->  Bitmap Index Scan on keyword_id_movie_keyword  (cost=0.00..6.67 rows=298 width=0) (actual time=0.259..0.259 rows=2496 loops=4)
                                                                                Index Cond: (keyword_id = k.id)
                                                              ->  Hash  (cost=2081.86..2081.86 rows=135086 width=12) (actual time=42.966..42.966 rows=135086 loops=1)
                                                                    Buckets: 262144  Batches: 1  Memory Usage: 7853kB
                                                                    ->  Seq Scan on complete_cast cc  (cost=0.00..2081.86 rows=135086 width=12) (actual time=0.004..17.774 rows=135086 loops=1)
                                                        ->  Hash  (cost=1.05..1.05 rows=1 width=4) (actual time=0.002..0.002 rows=1 loops=1)
                                                              Buckets: 1024  Batches: 1  Memory Usage: 9kB
                                                              ->  Seq Scan on comp_cast_type cct1  (cost=0.00..1.05 rows=1 width=4) (actual time=0.001..0.002 rows=1 loops=1)
                                                                    Filter: ((kind)::text = 'cast'::text)
                                                                    Rows Removed by Filter: 3
                                                  ->  Hash  (cost=1.05..1.05 rows=1 width=4) (actual time=0.010..0.010 rows=2 loops=1)
                                                        Buckets: 1024  Batches: 1  Memory Usage: 9kB
                                                        ->  Seq Scan on comp_cast_type cct2  (cost=0.00..1.05 rows=1 width=4) (actual time=0.007..0.008 rows=2 loops=1)
                                                              Filter: ((kind)::text ~~ '%complete%'::text)
                                                              Rows Removed by Filter: 2
                                            ->  Index Scan using movie_id_movie_info_idx on movie_info_idx mi_idx  (cost=0.43..0.50 rows=1 width=14) (actual time=0.004..0.004 rows=0 loops=2667)
                                                  Index Cond: (movie_id = mk.movie_id)
                                                  Filter: (info > '8.0'::text)
                                                  Rows Removed by Filter: 3
                                      ->  Index Scan using info_type_pkey on info_type it2  (cost=0.14..0.16 rows=1 width=4) (actual time=0.001..0.001 rows=0 loops=297)
                                            Index Cond: (id = mi_idx.info_type_id)
                                            Filter: ((info)::text = 'rating'::text)
                                            Rows Removed by Filter: 1
                                ->  Index Scan using movie_id_cast_info on cast_info ci  (cost=0.56..1.51 rows=36 width=12) (actual time=0.006..0.119 rows=123 loops=84)
                                      Index Cond: (movie_id = mk.movie_id)
                          ->  Index Scan using char_name_pkey on char_name chn  (cost=0.43..0.46 rows=1 width=20) (actual time=0.001..0.001 rows=0 loops=10367)
                                Index Cond: (id = ci.person_role_id)
                                Filter: ((name IS NOT NULL) AND ((name ~~ '%man%'::text) OR (name ~~ '%Man%'::text)))
                                Rows Removed by Filter: 0
                    ->  Index Only Scan using name_pkey on name n  (cost=0.43..0.45 rows=1 width=4) (actual time=0.003..0.003 rows=1 loops=365)
                          Index Cond: (id = ci.person_id)
                          Heap Fetches: 0
              ->  Index Scan using title_pkey on title t  (cost=0.43..0.45 rows=1 width=25) (actual time=0.002..0.002 rows=0 loops=365)
                    Index Cond: (id = ci.movie_id)
                    Filter: (production_year > 2005)
                    Rows Removed by Filter: 1
        ->  Index Scan using kind_type_pkey on kind_type kt  (cost=0.13..0.15 rows=1 width=4) (actual time=0.001..0.001 rows=1 loops=111)
              Index Cond: (id = t.kind_id)
              Filter: ((kind)::text = 'movie'::text)
              Rows Removed by Filter: 0
Planning time: 33.558 ms
Execution time: 120.489 ms
