Aggregate  (cost=11433.18..11433.19 rows=1 width=96) (actual time=106.273..106.274 rows=1 loops=1)
  ->  Nested Loop  (cost=3782.83..11433.17 rows=1 width=39) (actual time=49.368..106.220 rows=93 loops=1)
        ->  Nested Loop  (cost=3782.40..11432.72 rows=1 width=43) (actual time=49.358..105.859 rows=93 loops=1)
              ->  Nested Loop  (cost=3782.25..11432.54 rows=1 width=47) (actual time=47.944..105.570 rows=226 loops=1)
                    ->  Nested Loop  (cost=3781.82..11432.08 rows=1 width=35) (actual time=44.705..95.161 rows=7041 loops=1)
                          Join Filter: (t.id = ci.movie_id)
                          ->  Nested Loop  (cost=3781.26..11430.13 rows=1 width=43) (actual time=44.692..87.480 rows=31 loops=1)
                                Join Filter: (t.id = mi_idx.movie_id)
                                ->  Hash Join  (cost=3780.83..11429.11 rows=2 width=29) (actual time=44.678..86.165 rows=269 loops=1)
                                      Hash Cond: (t.kind_id = kt.id)
                                      ->  Nested Loop  (cost=3779.73..11427.81 rows=17 width=33) (actual time=44.661..86.064 rows=367 loops=1)
                                            ->  Hash Join  (cost=3779.30..11406.75 rows=43 width=8) (actual time=44.001..77.045 rows=2667 loops=1)
                                                  Hash Cond: (cc.status_id = cct2.id)
                                                  ->  Hash Join  (cost=3778.24..11377.93 rows=2667 width=12) (actual time=43.993..76.403 rows=2667 loops=1)
                                                        Hash Cond: (cc.subject_id = cct1.id)
                                                        ->  Hash Join  (cost=3777.18..11335.52 rows=3974 width=16) (actual time=43.987..75.584 rows=3974 loops=1)
                                                              Hash Cond: (mk.movie_id = cc.movie_id)
                                                              ->  Nested Loop  (cost=6.74..7290.41 rows=9984 width=4) (actual time=0.438..28.679 rows=9984 loops=1)
                                                                    ->  Seq Scan on keyword k  (cost=0.00..2961.55 rows=4 width=4) (actual time=0.062..15.648 rows=4 loops=1)
                                                                          Filter: (keyword = ANY ('{superhero,marvel-comics,based-on-comic,fight}'::text[]))
                                                                          Rows Removed by Filter: 134166
                                                                    ->  Bitmap Heap Scan on movie_keyword mk  (cost=6.74..1079.23 rows=298 width=8) (actual time=0.488..2.862 rows=2496 loops=4)
                                                                          Recheck Cond: (keyword_id = k.id)
                                                                          Heap Blocks: exact=7686
                                                                          ->  Bitmap Index Scan on keyword_id_movie_keyword  (cost=0.00..6.67 rows=298 width=0) (actual time=0.254..0.254 rows=2496 loops=4)
                                                                                Index Cond: (keyword_id = k.id)
                                                              ->  Hash  (cost=2081.86..2081.86 rows=135086 width=12) (actual time=43.211..43.211 rows=135086 loops=1)
                                                                    Buckets: 262144  Batches: 1  Memory Usage: 7853kB
                                                                    ->  Seq Scan on complete_cast cc  (cost=0.00..2081.86 rows=135086 width=12) (actual time=0.004..17.999 rows=135086 loops=1)
                                                        ->  Hash  (cost=1.05..1.05 rows=1 width=4) (actual time=0.002..0.002 rows=1 loops=1)
                                                              Buckets: 1024  Batches: 1  Memory Usage: 9kB
                                                              ->  Seq Scan on comp_cast_type cct1  (cost=0.00..1.05 rows=1 width=4) (actual time=0.001..0.002 rows=1 loops=1)
                                                                    Filter: ((kind)::text = 'cast'::text)
                                                                    Rows Removed by Filter: 3
                                                  ->  Hash  (cost=1.05..1.05 rows=1 width=4) (actual time=0.005..0.005 rows=2 loops=1)
                                                        Buckets: 1024  Batches: 1  Memory Usage: 9kB
                                                        ->  Seq Scan on comp_cast_type cct2  (cost=0.00..1.05 rows=1 width=4) (actual time=0.003..0.004 rows=2 loops=1)
                                                              Filter: ((kind)::text ~~ '%complete%'::text)
                                                              Rows Removed by Filter: 2
                                            ->  Index Scan using title_pkey on title t  (cost=0.43..0.49 rows=1 width=25) (actual time=0.003..0.003 rows=0 loops=2667)
                                                  Index Cond: (id = mk.movie_id)
                                                  Filter: (production_year > 2005)
                                                  Rows Removed by Filter: 1
                                      ->  Hash  (cost=1.09..1.09 rows=1 width=4) (actual time=0.010..0.010 rows=1 loops=1)
                                            Buckets: 1024  Batches: 1  Memory Usage: 9kB
                                            ->  Seq Scan on kind_type kt  (cost=0.00..1.09 rows=1 width=4) (actual time=0.007..0.008 rows=1 loops=1)
                                                  Filter: ((kind)::text = 'movie'::text)
                                                  Rows Removed by Filter: 6
                                ->  Index Scan using movie_id_movie_info_idx on movie_info_idx mi_idx  (cost=0.43..0.50 rows=1 width=14) (actual time=0.004..0.005 rows=0 loops=269)
                                      Index Cond: (movie_id = mk.movie_id)
                                      Filter: (info > '8.0'::text)
                                      Rows Removed by Filter: 3
                          ->  Index Scan using movie_id_cast_info on cast_info ci  (cost=0.56..1.51 rows=36 width=12) (actual time=0.007..0.199 rows=227 loops=31)
                                Index Cond: (movie_id = mk.movie_id)
                    ->  Index Scan using char_name_pkey on char_name chn  (cost=0.43..0.46 rows=1 width=20) (actual time=0.001..0.001 rows=0 loops=7041)
                          Index Cond: (id = ci.person_role_id)
                          Filter: ((name IS NOT NULL) AND ((name ~~ '%man%'::text) OR (name ~~ '%Man%'::text)))
                          Rows Removed by Filter: 0
              ->  Index Scan using info_type_pkey on info_type it2  (cost=0.14..0.16 rows=1 width=4) (actual time=0.001..0.001 rows=0 loops=226)
                    Index Cond: (id = mi_idx.info_type_id)
                    Filter: ((info)::text = 'rating'::text)
                    Rows Removed by Filter: 1
        ->  Index Only Scan using name_pkey on name n  (cost=0.43..0.45 rows=1 width=4) (actual time=0.003..0.003 rows=1 loops=93)
              Index Cond: (id = ci.person_id)
              Heap Fetches: 0
Planning time: 33.370 ms
Execution time: 106.414 ms
