Aggregate  (cost=1501.81..1501.82 rows=1 width=96) (actual time=23.154..23.154 rows=1 loops=1)
  ->  Nested Loop  (cost=377.61..1501.80 rows=1 width=48) (actual time=2.337..22.988 rows=477 loops=1)
        ->  Nested Loop  (cost=377.19..1357.05 rows=328 width=52) (actual time=2.323..13.407 rows=6483 loops=1)
              Join Filter: (ml.movie_id = mk.movie_id)
              ->  Nested Loop  (cost=376.76..1331.97 rows=13 width=68) (actual time=2.315..10.243 rows=705 loops=1)
                    Join Filter: (ml.movie_id = mi.movie_id)
                    ->  Nested Loop  (cost=376.32..1235.42 rows=48 width=64) (actual time=1.938..7.555 rows=269 loops=1)
                          Join Filter: (ml.movie_id = t.id)
                          ->  Nested Loop  (cost=375.89..1154.03 rows=134 width=43) (actual time=1.930..7.047 rows=273 loops=1)
                                ->  Nested Loop  (cost=375.47..1006.82 rows=322 width=28) (actual time=1.769..5.694 rows=705 loops=1)
                                      Join Filter: (mc.company_type_id = ct.id)
                                      Rows Removed by Join Filter: 89
                                      ->  Nested Loop  (cost=375.47..993.86 rows=794 width=32) (actual time=1.766..5.434 rows=794 loops=1)
                                            Join Filter: (ml.movie_id = mc.movie_id)
                                            ->  Nested Loop  (cost=375.04..743.75 rows=189 width=20) (actual time=1.752..4.589 rows=189 loops=1)
                                                  Join Filter: (cc.subject_id = cct1.id)
                                                  Rows Removed by Join Filter: 29
                                                  ->  Nested Loop  (cost=375.04..737.50 rows=189 width=24) (actual time=1.750..4.517 rows=189 loops=1)
                                                        Join Filter: (cc.status_id = cct2.id)
                                                        Rows Removed by Join Filter: 68
                                                        ->  Merge Join  (cost=375.04..732.59 rows=257 width=28) (actual time=1.744..4.420 rows=257 loops=1)
                                                              Merge Cond: (cc.movie_id = ml.movie_id)
                                                              ->  Index Scan using movie_id_complete_cast on complete_cast cc  (cost=0.42..6332.07 rows=135086 width=12) (actual time=0.013..1.907 rows=5993 loops=1)
                                                              ->  Sort  (cost=374.60..380.39 rows=2315 width=16) (actual time=1.516..1.679 rows=2341 loops=1)
                                                                    Sort Key: ml.movie_id
                                                                    Sort Method: quicksort  Memory: 205kB
                                                                    ->  Nested Loop  (cost=38.82..245.23 rows=2315 width=16) (actual time=0.067..0.999 rows=2315 loops=1)
                                                                          ->  Seq Scan on link_type lt  (cost=0.00..1.23 rows=1 width=16) (actual time=0.004..0.008 rows=2 loops=1)
                                                                                Filter: ((link)::text ~~ '%follow%'::text)
                                                                                Rows Removed by Filter: 16
                                                                          ->  Bitmap Heap Scan on movie_link ml  (cost=38.82..225.26 rows=1875 width=8) (actual time=0.062..0.310 rows=1158 loops=2)
                                                                                Recheck Cond: (link_type_id = lt.id)
                                                                                Heap Blocks: exact=191
                                                                                ->  Bitmap Index Scan on link_type_id_movie_link  (cost=0.00..38.35 rows=1875 width=0) (actual time=0.050..0.050 rows=1158 loops=2)
                                                                                      Index Cond: (link_type_id = lt.id)
                                                        ->  Materialize  (cost=0.00..1.05 rows=1 width=4) (actual time=0.000..0.000 rows=1 loops=257)
                                                              ->  Seq Scan on comp_cast_type cct2  (cost=0.00..1.05 rows=1 width=4) (actual time=0.003..0.004 rows=1 loops=1)
                                                                    Filter: ((kind)::text = 'complete'::text)
                                                                    Rows Removed by Filter: 3
                                                  ->  Materialize  (cost=0.00..1.06 rows=2 width=4) (actual time=0.000..0.000 rows=1 loops=189)
                                                        ->  Seq Scan on comp_cast_type cct1  (cost=0.00..1.05 rows=2 width=4) (actual time=0.002..0.002 rows=2 loops=1)
                                                              Filter: ((kind)::text = ANY ('{cast,crew}'::text[]))
                                            ->  Index Scan using movie_id_movie_companies on movie_companies mc  (cost=0.43..1.29 rows=3 width=12) (actual time=0.002..0.003 rows=4 loops=189)
                                                  Index Cond: (movie_id = cc.movie_id)
                                                  Filter: (note IS NULL)
                                                  Rows Removed by Filter: 3
                                      ->  Materialize  (cost=0.00..1.05 rows=1 width=4) (actual time=0.000..0.000 rows=1 loops=794)
                                            ->  Seq Scan on company_type ct  (cost=0.00..1.05 rows=1 width=4) (actual time=0.002..0.003 rows=1 loops=1)
                                                  Filter: ((kind)::text = 'production companies'::text)
                                                  Rows Removed by Filter: 3
                                ->  Index Scan using company_name_pkey on company_name cn  (cost=0.42..0.46 rows=1 width=23) (actual time=0.002..0.002 rows=0 loops=705)
                                      Index Cond: (id = mc.company_id)
                                      Filter: (((country_code)::text <> '[pl]'::text) AND ((name ~~ '%Film%'::text) OR (name ~~ '%Warner%'::text)))
                                      Rows Removed by Filter: 1
                          ->  Index Scan using title_pkey on title t  (cost=0.43..0.59 rows=1 width=21) (actual time=0.001..0.001 rows=1 loops=273)
                                Index Cond: (id = mc.movie_id)
                                Filter: ((production_year >= 1950) AND (production_year <= 2000))
                                Rows Removed by Filter: 0
                    ->  Index Scan using movie_id_movie_info on movie_info mi  (cost=0.43..2.00 rows=1 width=4) (actual time=0.008..0.009 rows=3 loops=269)
                          Index Cond: (movie_id = mc.movie_id)
                          Filter: (info = ANY ('{Sweden,Germany,Swedish,German}'::text[]))
                          Rows Removed by Filter: 23
              ->  Index Scan using movie_id_movie_keyword on movie_keyword mk  (cost=0.43..1.35 rows=46 width=8) (actual time=0.001..0.003 rows=9 loops=705)
                    Index Cond: (movie_id = mc.movie_id)
        ->  Index Scan using keyword_pkey on keyword k  (cost=0.42..0.44 rows=1 width=4) (actual time=0.001..0.001 rows=0 loops=6483)
              Index Cond: (id = mk.keyword_id)
              Filter: (keyword = 'sequel'::text)
              Rows Removed by Filter: 1
Planning time: 53.185 ms
Execution time: 23.267 ms
