Aggregate  (cost=1337.16..1337.17 rows=1 width=96) (actual time=6.718..6.718 rows=1 loops=1)
  ->  Nested Loop  (cost=377.61..1337.15 rows=1 width=48) (actual time=3.962..6.620 rows=247 loops=1)
        Join Filter: (ml.movie_id = mi.movie_id)
        ->  Nested Loop  (cost=377.17..1335.60 rows=1 width=68) (actual time=3.933..5.933 rows=95 loops=1)
              ->  Nested Loop  (cost=376.75..1332.40 rows=7 width=53) (actual time=3.923..5.548 rows=190 loops=1)
                    Join Filter: (mc.company_type_id = ct.id)
                    ->  Nested Loop  (cost=376.75..1328.50 rows=190 width=57) (actual time=3.919..5.478 rows=190 loops=1)
                          Join Filter: (ml.movie_id = mc.movie_id)
                          ->  Nested Loop  (cost=376.32..1306.54 rows=38 width=45) (actual time=3.910..5.309 rows=38 loops=1)
                                ->  Nested Loop  (cost=375.90..1189.14 rows=266 width=49) (actual time=3.892..4.844 rows=266 loops=1)
                                      Join Filter: (ml.movie_id = mk.movie_id)
                                      ->  Nested Loop  (cost=375.47..1078.79 rows=38 width=41) (actual time=3.884..4.672 rows=38 loops=1)
                                            Join Filter: (cc.subject_id = cct1.id)
                                            Rows Removed by Join Filter: 19
                                            ->  Nested Loop  (cost=375.47..1076.69 rows=38 width=45) (actual time=3.880..4.650 rows=38 loops=1)
                                                  Join Filter: (ml.movie_id = t.id)
                                                  ->  Nested Loop  (cost=375.04..737.50 rows=189 width=24) (actual time=1.720..4.253 rows=189 loops=1)
                                                        Join Filter: (cc.status_id = cct2.id)
                                                        Rows Removed by Join Filter: 68
                                                        ->  Merge Join  (cost=375.04..732.59 rows=257 width=28) (actual time=1.714..4.162 rows=257 loops=1)
                                                              Merge Cond: (cc.movie_id = ml.movie_id)
                                                              ->  Index Scan using movie_id_complete_cast on complete_cast cc  (cost=0.42..6332.07 rows=135086 width=12) (actual time=0.014..1.737 rows=5993 loops=1)
                                                              ->  Sort  (cost=374.60..380.39 rows=2315 width=16) (actual time=1.486..1.638 rows=2341 loops=1)
                                                                    Sort Key: ml.movie_id
                                                                    Sort Method: quicksort  Memory: 205kB
                                                                    ->  Nested Loop  (cost=38.82..245.23 rows=2315 width=16) (actual time=0.069..0.987 rows=2315 loops=1)
                                                                          ->  Seq Scan on link_type lt  (cost=0.00..1.23 rows=1 width=16) (actual time=0.005..0.008 rows=2 loops=1)
                                                                                Filter: ((link)::text ~~ '%follow%'::text)
                                                                                Rows Removed by Filter: 16
                                                                          ->  Bitmap Heap Scan on movie_link ml  (cost=38.82..225.26 rows=1875 width=8) (actual time=0.057..0.304 rows=1158 loops=2)
                                                                                Recheck Cond: (link_type_id = lt.id)
                                                                                Heap Blocks: exact=191
                                                                                ->  Bitmap Index Scan on link_type_id_movie_link  (cost=0.00..38.35 rows=1875 width=0) (actual time=0.044..0.044 rows=1158 loops=2)
                                                                                      Index Cond: (link_type_id = lt.id)
                                                        ->  Materialize  (cost=0.00..1.05 rows=1 width=4) (actual time=0.000..0.000 rows=1 loops=257)
                                                              ->  Seq Scan on comp_cast_type cct2  (cost=0.00..1.05 rows=1 width=4) (actual time=0.003..0.003 rows=1 loops=1)
                                                                    Filter: ((kind)::text = 'complete'::text)
                                                                    Rows Removed by Filter: 3
                                                  ->  Index Scan using title_pkey on title t  (cost=0.43..1.78 rows=1 width=21) (actual time=0.002..0.002 rows=0 loops=189)
                                                        Index Cond: (id = cc.movie_id)
                                                        Filter: (production_year = 1998)
                                                        Rows Removed by Filter: 1
                                            ->  Materialize  (cost=0.00..1.06 rows=2 width=4) (actual time=0.000..0.000 rows=2 loops=38)
                                                  ->  Seq Scan on comp_cast_type cct1  (cost=0.00..1.05 rows=2 width=4) (actual time=0.003..0.003 rows=2 loops=1)
                                                        Filter: ((kind)::text = ANY ('{cast,crew}'::text[]))
                                      ->  Index Scan using movie_id_movie_keyword on movie_keyword mk  (cost=0.43..2.33 rows=46 width=8) (actual time=0.002..0.003 rows=7 loops=38)
                                            Index Cond: (movie_id = cc.movie_id)
                                ->  Index Scan using keyword_pkey on keyword k  (cost=0.42..0.44 rows=1 width=4) (actual time=0.002..0.002 rows=0 loops=266)
                                      Index Cond: (id = mk.keyword_id)
                                      Filter: (keyword = 'sequel'::text)
                                      Rows Removed by Filter: 1
                          ->  Index Scan using movie_id_movie_companies on movie_companies mc  (cost=0.43..0.54 rows=3 width=12) (actual time=0.002..0.003 rows=5 loops=38)
                                Index Cond: (movie_id = mk.movie_id)
                                Filter: (note IS NULL)
                                Rows Removed by Filter: 1
                    ->  Materialize  (cost=0.00..1.05 rows=1 width=4) (actual time=0.000..0.000 rows=1 loops=190)
                          ->  Seq Scan on company_type ct  (cost=0.00..1.05 rows=1 width=4) (actual time=0.003..0.003 rows=1 loops=1)
                                Filter: ((kind)::text = 'production companies'::text)
                                Rows Removed by Filter: 1
              ->  Index Scan using company_name_pkey on company_name cn  (cost=0.42..0.46 rows=1 width=23) (actual time=0.002..0.002 rows=0 loops=190)
                    Index Cond: (id = mc.company_id)
                    Filter: (((country_code)::text <> '[pl]'::text) AND ((name ~~ '%Film%'::text) OR (name ~~ '%Warner%'::text)))
                    Rows Removed by Filter: 0
        ->  Index Scan using movie_id_movie_info on movie_info mi  (cost=0.43..1.54 rows=1 width=4) (actual time=0.005..0.007 rows=3 loops=95)
              Index Cond: (movie_id = mk.movie_id)
              Filter: (info = ANY ('{Sweden,Germany,Swedish,German}'::text[]))
              Rows Removed by Filter: 10
Planning time: 53.358 ms
Execution time: 6.845 ms
