Aggregate  (cost=940.12..940.13 rows=1 width=96) (actual time=31.871..31.871 rows=1 loops=1)
  ->  Nested Loop  (cost=337.38..940.11 rows=1 width=48) (actual time=6.001..31.649 rows=743 loops=1)
        Join Filter: (ml.movie_id = t.id)
        ->  Nested Loop  (cost=336.95..939.61 rows=1 width=51) (actual time=5.992..30.530 rows=743 loops=1)
              Join Filter: (ml.movie_id = mi.movie_id)
              ->  Nested Loop  (cost=336.52..937.78 rows=1 width=47) (actual time=5.966..28.860 rows=172 loops=1)
                    ->  Merge Join  (cost=336.10..875.54 rows=141 width=51) (actual time=3.981..24.285 rows=3296 loops=1)
                          Merge Cond: (mk.movie_id = ml.movie_id)
                          ->  Nested Loop  (cost=1.70..24409.20 rows=8347 width=35) (actual time=1.289..21.530 rows=890 loops=1)
                                ->  Nested Loop  (cost=1.27..22732.91 rows=924 width=27) (actual time=1.282..20.873 rows=166 loops=1)
                                      ->  Nested Loop  (cost=0.85..20297.13 rows=5328 width=12) (actual time=0.282..14.986 rows=3244 loops=1)
                                            Join Filter: (mc.company_type_id = ct.id)
                                            Rows Removed by Join Filter: 131
                                            ->  Nested Loop  (cost=0.85..19976.43 rows=21310 width=16) (actual time=0.279..13.899 rows=3375 loops=1)
                                                  ->  Nested Loop  (cost=0.42..8867.04 rows=8443 width=4) (actual time=0.025..5.506 rows=3834 loops=1)
                                                        Join Filter: (cc.status_id = cct2.id)
                                                        Rows Removed by Join Filter: 372
                                                        ->  Nested Loop  (cost=0.42..8359.41 rows=33772 width=8) (actual time=0.022..4.250 rows=3834 loops=1)
                                                              Join Filter: (cc.subject_id = cct1.id)
                                                              Rows Removed by Join Filter: 2385
                                                              ->  Index Scan using movie_id_complete_cast on complete_cast cc  (cost=0.42..6332.07 rows=135086 width=12) (actual time=0.015..1.998 rows=6219 loops=1)
                                                              ->  Materialize  (cost=0.00..1.05 rows=1 width=4) (actual time=0.000..0.000 rows=1 loops=6219)
                                                                    ->  Seq Scan on comp_cast_type cct1  (cost=0.00..1.05 rows=1 width=4) (actual time=0.005..0.006 rows=1 loops=1)
                                                                          Filter: ((kind)::text = 'cast'::text)
                                                                          Rows Removed by Filter: 3
                                                        ->  Materialize  (cost=0.00..1.05 rows=1 width=4) (actual time=0.000..0.000 rows=1 loops=3834)
                                                              ->  Seq Scan on comp_cast_type cct2  (cost=0.00..1.05 rows=1 width=4) (actual time=0.002..0.002 rows=2 loops=1)
                                                                    Filter: ((kind)::text ~~ 'complete%'::text)
                                                                    Rows Removed by Filter: 2
                                                  ->  Index Scan using movie_id_movie_companies on movie_companies mc  (cost=0.43..1.29 rows=3 width=12) (actual time=0.002..0.002 rows=1 loops=3834)
                                                        Index Cond: (movie_id = cc.movie_id)
                                                        Filter: (note IS NULL)
                                                        Rows Removed by Filter: 2
                                            ->  Materialize  (cost=0.00..1.05 rows=1 width=4) (actual time=0.000..0.000 rows=1 loops=3375)
                                                  ->  Seq Scan on company_type ct  (cost=0.00..1.05 rows=1 width=4) (actual time=0.002..0.003 rows=1 loops=1)
                                                        Filter: ((kind)::text = 'production companies'::text)
                                                        Rows Removed by Filter: 3
                                      ->  Index Scan using company_name_pkey on company_name cn  (cost=0.42..0.46 rows=1 width=23) (actual time=0.002..0.002 rows=0 loops=3244)
                                            Index Cond: (id = mc.company_id)
                                            Filter: (((country_code)::text <> '[pl]'::text) AND ((name ~~ '%Film%'::text) OR (name ~~ '%Warner%'::text)))
                                            Rows Removed by Filter: 1
                                ->  Index Scan using movie_id_movie_keyword on movie_keyword mk  (cost=0.43..1.35 rows=46 width=8) (actual time=0.002..0.003 rows=5 loops=166)
                                      Index Cond: (movie_id = mc.movie_id)
                          ->  Sort  (cost=334.38..338.55 rows=1666 width=16) (actual time=1.511..1.897 rows=5516 loops=1)
                                Sort Key: ml.movie_id
                                Sort Method: quicksort  Memory: 205kB
                                ->  Nested Loop  (cost=38.82..245.23 rows=1666 width=16) (actual time=0.071..1.011 rows=2315 loops=1)
                                      ->  Seq Scan on link_type lt  (cost=0.00..1.23 rows=1 width=16) (actual time=0.002..0.005 rows=2 loops=1)
                                            Filter: ((link)::text ~~ '%follow%'::text)
                                            Rows Removed by Filter: 16
                                      ->  Bitmap Heap Scan on movie_link ml  (cost=38.82..225.26 rows=1875 width=8) (actual time=0.059..0.309 rows=1158 loops=2)
                                            Recheck Cond: (link_type_id = lt.id)
                                            Heap Blocks: exact=191
                                            ->  Bitmap Index Scan on link_type_id_movie_link  (cost=0.00..38.35 rows=1875 width=0) (actual time=0.047..0.047 rows=1158 loops=2)
                                                  Index Cond: (link_type_id = lt.id)
                    ->  Index Scan using keyword_pkey on keyword k  (cost=0.42..0.44 rows=1 width=4) (actual time=0.001..0.001 rows=0 loops=3296)
                          Index Cond: (id = mk.keyword_id)
                          Filter: (keyword = 'sequel'::text)
                          Rows Removed by Filter: 1
              ->  Index Scan using movie_id_movie_info on movie_info mi  (cost=0.43..1.79 rows=3 width=4) (actual time=0.007..0.009 rows=4 loops=172)
                    Index Cond: (movie_id = mk.movie_id)
                    Filter: (info = ANY ('{Sweden,Norway,Germany,Denmark,Swedish,Denish,Norwegian,German,English}'::text[]))
                    Rows Removed by Filter: 15
        ->  Index Scan using title_pkey on title t  (cost=0.43..0.49 rows=1 width=21) (actual time=0.001..0.001 rows=1 loops=743)
              Index Cond: (id = mk.movie_id)
              Filter: ((production_year >= 1950) AND (production_year <= 2010))
Planning time: 53.311 ms
Execution time: 31.989 ms
