Aggregate  (cost=14219.41..14219.42 rows=1 width=96) (actual time=136.402..136.402 rows=1 loops=1)
  ->  Nested Loop  (cost=4115.14..14218.33 rows=143 width=42) (actual time=41.216..136.325 rows=148 loops=1)
        ->  Hash Join  (cost=4114.72..14192.53 rows=47 width=27) (actual time=41.193..135.749 rows=150 loops=1)
              Hash Cond: (mc.company_type_id = ct.id)
              ->  Nested Loop  (cost=4113.63..14189.88 rows=150 width=31) (actual time=41.172..135.680 rows=150 loops=1)
                    Join Filter: (t.id = mc.movie_id)
                    ->  Nested Loop  (cost=4113.20..14182.37 rows=13 width=43) (actual time=41.158..135.362 rows=13 loops=1)
                          Join Filter: (mi.info_type_id = it1.id)
                          Rows Removed by Join Filter: 7
                          ->  Seq Scan on info_type it1  (cost=0.00..2.41 rows=1 width=4) (actual time=0.005..0.013 rows=1 loops=1)
                                Filter: ((info)::text = 'countries'::text)
                                Rows Removed by Filter: 112
                          ->  Nested Loop  (cost=4113.20..14179.70 rows=20 width=47) (actual time=41.151..135.338 rows=20 loops=1)
                                Join Filter: (t.id = mi.movie_id)
                                ->  Nested Loop  (cost=4112.77..13902.40 rows=179 width=39) (actual time=40.966..126.910 rows=179 loops=1)
                                      Join Filter: (mi_idx.info_type_id = it2.id)
                                      Rows Removed by Join Filter: 18
                                      ->  Seq Scan on info_type it2  (cost=0.00..2.41 rows=1 width=4) (actual time=0.009..0.011 rows=1 loops=1)
                                            Filter: ((info)::text = 'rating'::text)
                                            Rows Removed by Filter: 112
                                      ->  Nested Loop  (cost=4112.77..13897.52 rows=197 width=43) (actual time=40.956..126.848 rows=197 loops=1)
                                            Join Filter: (t.id = mi_idx.movie_id)
                                            ->  Hash Join  (cost=4112.34..13758.19 rows=273 width=29) (actual time=40.940..125.503 rows=273 loops=1)
                                                  Hash Cond: (t.kind_id = kt.id)
                                                  ->  Nested Loop  (cost=4111.23..13753.50 rows=315 width=33) (actual time=40.926..125.397 rows=315 loops=1)
                                                        ->  Hash Join  (cost=4110.80..11876.67 rows=3832 width=8) (actual time=40.909..112.294 rows=3832 loops=1)
                                                              Hash Cond: (cc.status_id = cct2.id)
                                                              ->  Hash Join  (cost=4109.71..11810.90 rows=6216 width=12) (actual time=40.884..111.044 rows=6216 loops=1)
                                                                    Hash Cond: (mk.movie_id = cc.movie_id)
                                                                    ->  Nested Loop  (cost=6.74..7290.41 rows=37091 width=4) (actual time=3.426..63.188 rows=37091 loops=1)
                                                                          ->  Seq Scan on keyword k  (cost=0.00..2961.55 rows=4 width=4) (actual time=0.802..15.379 rows=3 loops=1)
                                                                                Filter: (keyword = ANY ('{murder,murder-in-title,blood,violence}'::text[]))
                                                                                Rows Removed by Filter: 134167
                                                                          ->  Bitmap Heap Scan on movie_keyword mk  (cost=6.74..1079.23 rows=298 width=8) (actual time=2.585..13.991 rows=12364 loops=3)
                                                                                Recheck Cond: (keyword_id = k.id)
                                                                                Heap Blocks: exact=26312
                                                                                ->  Bitmap Index Scan on keyword_id_movie_keyword  (cost=0.00..6.67 rows=298 width=0) (actual time=1.483..1.483 rows=12364 loops=3)
                                                                                      Index Cond: (keyword_id = k.id)
                                                                    ->  Hash  (cost=3488.66..3488.66 rows=49145 width=8) (actual time=37.322..37.322 rows=49145 loops=1)
                                                                          Buckets: 65536  Batches: 1  Memory Usage: 2432kB
                                                                          ->  Hash Join  (cost=1.06..3488.66 rows=49145 width=8) (actual time=14.684..29.921 rows=49145 loops=1)
                                                                                Hash Cond: (cc.subject_id = cct1.id)
                                                                                ->  Seq Scan on complete_cast cc  (cost=0.00..2081.86 rows=135086 width=12) (actual time=0.005..10.587 rows=135086 loops=1)
                                                                                ->  Hash  (cost=1.05..1.05 rows=1 width=4) (actual time=0.005..0.005 rows=1 loops=1)
                                                                                      Buckets: 1024  Batches: 1  Memory Usage: 9kB
                                                                                      ->  Seq Scan on comp_cast_type cct1  (cost=0.00..1.05 rows=1 width=4) (actual time=0.003..0.003 rows=1 loops=1)
                                                                                            Filter: ((kind)::text = 'crew'::text)
                                                                                            Rows Removed by Filter: 3
                                                              ->  Hash  (cost=1.05..1.05 rows=3 width=4) (actual time=0.017..0.017 rows=3 loops=1)
                                                                    Buckets: 1024  Batches: 1  Memory Usage: 9kB
                                                                    ->  Seq Scan on comp_cast_type cct2  (cost=0.00..1.05 rows=3 width=4) (actual time=0.003..0.004 rows=3 loops=1)
                                                                          Filter: ((kind)::text <> 'complete+verified'::text)
                                                                          Rows Removed by Filter: 1
                                                        ->  Index Scan using title_pkey on title t  (cost=0.43..0.49 rows=1 width=25) (actual time=0.003..0.003 rows=0 loops=3832)
                                                              Index Cond: (id = mk.movie_id)
                                                              Filter: (production_year > 2005)
                                                              Rows Removed by Filter: 1
                                                  ->  Hash  (cost=1.09..1.09 rows=2 width=4) (actual time=0.006..0.006 rows=2 loops=1)
                                                        Buckets: 1024  Batches: 1  Memory Usage: 9kB
                                                        ->  Seq Scan on kind_type kt  (cost=0.00..1.09 rows=2 width=4) (actual time=0.003..0.004 rows=2 loops=1)
                                                              Filter: ((kind)::text = ANY ('{movie,episode}'::text[]))
                                                              Rows Removed by Filter: 5
                                            ->  Index Scan using movie_id_movie_info_idx on movie_info_idx mi_idx  (cost=0.43..0.50 rows=1 width=14) (actual time=0.004..0.004 rows=1 loops=273)
                                                  Index Cond: (movie_id = mk.movie_id)
                                                  Filter: (info > '6.5'::text)
                                                  Rows Removed by Filter: 2
                                ->  Index Scan using movie_id_movie_info on movie_info mi  (cost=0.43..1.54 rows=1 width=8) (actual time=0.045..0.047 rows=0 loops=179)
                                      Index Cond: (movie_id = mk.movie_id)
                                      Filter: (info = ANY ('{Sweden,Germany,Swedish,German}'::text[]))
                                      Rows Removed by Filter: 130
                    ->  Index Scan using movie_id_movie_companies on movie_companies mc  (cost=0.43..0.57 rows=1 width=12) (actual time=0.009..0.021 rows=12 loops=13)
                          Index Cond: (movie_id = mk.movie_id)
                          Filter: ((note !~~ '%(USA)%'::text) AND (note ~~ '%(200%)%'::text))
                          Rows Removed by Filter: 17
              ->  Hash  (cost=1.04..1.04 rows=4 width=4) (actual time=0.011..0.011 rows=4 loops=1)
                    Buckets: 1024  Batches: 1  Memory Usage: 9kB
                    ->  Seq Scan on company_type ct  (cost=0.00..1.04 rows=4 width=4) (actual time=0.006..0.008 rows=4 loops=1)
        ->  Index Scan using company_name_pkey on company_name cn  (cost=0.42..0.55 rows=1 width=23) (actual time=0.003..0.003 rows=1 loops=150)
              Index Cond: (id = mc.company_id)
              Filter: ((country_code)::text <> '[us]'::text)
              Rows Removed by Filter: 0
Planning time: 188.802 ms
Execution time: 136.602 ms
