Aggregate  (cost=7376.25..7376.26 rows=1 width=96) (actual time=986.375..986.375 rows=1 loops=1)
  ->  Nested Loop  (cost=9.30..7376.25 rows=1 width=42) (actual time=3.646..983.289 rows=8373 loops=1)
        Join Filter: (mi_idx.info_type_id = it2.id)
        Rows Removed by Join Filter: 16479
        ->  Nested Loop  (cost=9.30..7373.82 rows=1 width=46) (actual time=3.620..814.789 rows=24852 loops=1)
              Join Filter: (t.id = mi_idx.movie_id)
              ->  Nested Loop  (cost=8.88..7373.29 rows=1 width=56) (actual time=3.609..787.488 rows=8493 loops=1)
                    Join Filter: (mi.info_type_id = it1.id)
                    Rows Removed by Join Filter: 1116
                    ->  Nested Loop  (cost=8.88..7370.86 rows=1 width=60) (actual time=3.604..762.675 rows=9609 loops=1)
                          Join Filter: (t.id = mi.movie_id)
                          ->  Nested Loop  (cost=8.44..7368.99 rows=1 width=52) (actual time=3.585..206.455 rows=8286 loops=1)
                                Join Filter: (mc.company_type_id = ct.id)
                                ->  Nested Loop  (cost=8.44..7367.90 rows=1 width=56) (actual time=3.579..200.032 rows=8286 loops=1)
                                      ->  Nested Loop  (cost=8.02..7367.35 rows=1 width=41) (actual time=3.571..176.369 rows=8705 loops=1)
                                            Join Filter: (t.id = mc.movie_id)
                                            ->  Nested Loop  (cost=7.59..7366.77 rows=1 width=29) (actual time=3.559..162.739 rows=922 loops=1)
                                                  Join Filter: (t.kind_id = kt.id)
                                                  Rows Removed by Join Filter: 440
                                                  ->  Nested Loop  (cost=7.59..7365.54 rows=5 width=33) (actual time=3.548..162.182 rows=1041 loops=1)
                                                        ->  Nested Loop  (cost=7.16..7359.66 rows=12 width=8) (actual time=3.431..138.859 rows=6704 loops=1)
                                                              Join Filter: (cc.status_id = cct2.id)
                                                              Rows Removed by Join Filter: 7104
                                                              ->  Seq Scan on comp_cast_type cct2  (cost=0.00..1.05 rows=1 width=4) (actual time=0.008..0.009 rows=1 loops=1)
                                                                    Filter: ((kind)::text = 'complete'::text)
                                                                    Rows Removed by Filter: 3
                                                              ->  Nested Loop  (cost=7.16..7358.04 rows=46 width=12) (actual time=3.418..136.740 rows=13808 loops=1)
                                                                    Join Filter: (cc.subject_id = cct1.id)
                                                                    Rows Removed by Join Filter: 6216
                                                                    ->  Seq Scan on comp_cast_type cct1  (cost=0.00..1.05 rows=1 width=4) (actual time=0.002..0.004 rows=1 loops=1)
                                                                          Filter: ((kind)::text = 'cast'::text)
                                                                          Rows Removed by Filter: 3
                                                                    ->  Nested Loop  (cost=7.16..7354.66 rows=186 width=16) (actual time=3.414..133.642 rows=20024 loops=1)
                                                                          ->  Nested Loop  (cost=6.74..7290.41 rows=135 width=4) (actual time=3.263..66.638 rows=37091 loops=1)
                                                                                ->  Seq Scan on keyword k  (cost=0.00..2961.55 rows=4 width=4) (actual time=0.813..15.523 rows=3 loops=1)
                                                                                      Filter: (keyword = ANY ('{murder,murder-in-title,blood,violence}'::text[]))
                                                                                      Rows Removed by Filter: 134167
                                                                                ->  Bitmap Heap Scan on movie_keyword mk  (cost=6.74..1079.23 rows=298 width=8) (actual time=2.501..15.043 rows=12364 loops=3)
                                                                                      Recheck Cond: (keyword_id = k.id)
                                                                                      Heap Blocks: exact=26312
                                                                                      ->  Bitmap Index Scan on keyword_id_movie_keyword  (cost=0.00..6.67 rows=298 width=0) (actual time=1.353..1.353 rows=12364 loops=3)
                                                                                            Index Cond: (keyword_id = k.id)
                                                                          ->  Index Scan using movie_id_complete_cast on complete_cast cc  (cost=0.42..0.46 rows=2 width=12) (actual time=0.001..0.001 rows=1 loops=37091)
                                                                                Index Cond: (movie_id = mk.movie_id)
                                                        ->  Index Scan using title_pkey on title t  (cost=0.43..0.49 rows=1 width=25) (actual time=0.003..0.003 rows=0 loops=6704)
                                                              Index Cond: (id = mk.movie_id)
                                                              Filter: (production_year > 2005)
                                                              Rows Removed by Filter: 1
                                                  ->  Materialize  (cost=0.00..1.10 rows=2 width=4) (actual time=0.000..0.000 rows=1 loops=1041)
                                                        ->  Seq Scan on kind_type kt  (cost=0.00..1.09 rows=2 width=4) (actual time=0.006..0.008 rows=2 loops=1)
                                                              Filter: ((kind)::text = ANY ('{movie,episode}'::text[]))
                                                              Rows Removed by Filter: 5
                                            ->  Index Scan using movie_id_movie_companies on movie_companies mc  (cost=0.43..0.57 rows=1 width=12) (actual time=0.006..0.012 rows=9 loops=922)
                                                  Index Cond: (movie_id = mk.movie_id)
                                                  Filter: ((note !~~ '%(USA)%'::text) AND (note ~~ '%(200%)%'::text))
                                                  Rows Removed by Filter: 11
                                      ->  Index Scan using company_name_pkey on company_name cn  (cost=0.42..0.55 rows=1 width=23) (actual time=0.002..0.002 rows=1 loops=8705)
                                            Index Cond: (id = mc.company_id)
                                            Filter: ((country_code)::text <> '[us]'::text)
                                            Rows Removed by Filter: 0
                                ->  Seq Scan on company_type ct  (cost=0.00..1.04 rows=4 width=4) (actual time=0.000..0.000 rows=1 loops=8286)
                          ->  Index Scan using movie_id_movie_info on movie_info mi  (cost=0.43..1.84 rows=2 width=8) (actual time=0.056..0.067 rows=1 loops=8286)
                                Index Cond: (movie_id = mk.movie_id)
                                Filter: (info = ANY ('{Sweden,Norway,Germany,Denmark,Swedish,Danish,Norwegian,German,USA,American}'::text[]))
                                Rows Removed by Filter: 213
                    ->  Seq Scan on info_type it1  (cost=0.00..2.41 rows=1 width=4) (actual time=0.001..0.002 rows=1 loops=9609)
                          Filter: ((info)::text = 'countries'::text)
                          Rows Removed by Filter: 19
              ->  Index Scan using movie_id_movie_info_idx on movie_info_idx mi_idx  (cost=0.43..0.50 rows=3 width=14) (actual time=0.002..0.002 rows=3 loops=8493)
                    Index Cond: (movie_id = mk.movie_id)
                    Filter: (info < '8.5'::text)
                    Rows Removed by Filter: 0
        ->  Seq Scan on info_type it2  (cost=0.00..2.41 rows=1 width=4) (actual time=0.006..0.006 rows=1 loops=24852)
              Filter: ((info)::text = 'rating'::text)
              Rows Removed by Filter: 108
Planning time: 189.902 ms
Execution time: 986.561 ms
