Aggregate  (cost=4754.21..4754.22 rows=1 width=96) (actual time=61.285..61.285 rows=1 loops=1)
  ->  Nested Loop  (cost=11.16..4754.20 rows=1 width=48) (actual time=2.150..60.849 rows=1620 loops=1)
        Join Filter: (ci.role_id = rt.id)
        ->  Nested Loop  (cost=11.16..4753.04 rows=1 width=52) (actual time=2.146..59.486 rows=1620 loops=1)
              Join Filter: (pi.info_type_id = it3.id)
              Rows Removed by Join Filter: 3270
              ->  Nested Loop  (cost=11.16..4750.61 rows=1 width=56) (actual time=2.125..34.304 rows=4890 loops=1)
                    Join Filter: (ci.person_id = n.id)
                    ->  Nested Loop  (cost=10.73..4748.37 rows=1 width=53) (actual time=2.111..26.102 rows=4890 loops=1)
                          ->  Nested Loop  (cost=10.30..4728.88 rows=1 width=45) (actual time=2.099..24.318 rows=30 loops=1)
                                ->  Nested Loop  (cost=9.88..4726.85 rows=1 width=49) (actual time=2.089..24.031 rows=132 loops=1)
                                      ->  Nested Loop  (cost=9.45..4722.78 rows=1 width=37) (actual time=1.818..19.095 rows=2904 loops=1)
                                            ->  Nested Loop  (cost=9.02..4721.50 rows=1 width=33) (actual time=1.792..15.823 rows=1672 loops=1)
                                                  Join Filter: (t.id = ci.movie_id)
                                                  ->  Nested Loop  (cost=8.46..4675.16 rows=1 width=41) (actual time=1.776..11.039 rows=44 loops=1)
                                                        Join Filter: (t.id = mc.movie_id)
                                                        ->  Nested Loop  (cost=8.03..4665.42 rows=2 width=33) (actual time=1.765..10.997 rows=2 loops=1)
                                                              Join Filter: (mi.info_type_id = it.id)
                                                              ->  Seq Scan on info_type it  (cost=0.00..2.41 rows=1 width=4) (actual time=0.010..0.016 rows=1 loops=1)
                                                                    Filter: ((info)::text = 'release dates'::text)
                                                                    Rows Removed by Filter: 112
                                                              ->  Nested Loop  (cost=8.03..4662.98 rows=2 width=37) (actual time=1.753..10.978 rows=2 loops=1)
                                                                    Join Filter: (t.id = mi.movie_id)
                                                                    ->  Nested Loop  (cost=7.59..4620.87 rows=1 width=29) (actual time=1.719..10.830 rows=1 loops=1)
                                                                          Join Filter: (cc.status_id = cct2.id)
                                                                          ->  Nested Loop  (cost=7.59..4619.80 rows=1 width=33) (actual time=1.717..10.827 rows=1 loops=1)
                                                                                Join Filter: (cc.subject_id = cct1.id)
                                                                                ->  Nested Loop  (cost=7.59..4618.74 rows=1 width=37) (actual time=1.712..10.821 rows=1 loops=1)
                                                                                      Join Filter: (t.id = cc.movie_id)
                                                                                      ->  Nested Loop  (cost=7.17..4615.95 rows=1 width=25) (actual time=1.699..10.807 rows=1 loops=1)
                                                                                            ->  Nested Loop  (cost=6.74..3729.38 rows=414 width=4) (actual time=0.134..9.239 rows=414 loops=1)
                                                                                                  ->  Seq Scan on keyword k  (cost=0.00..2626.12 rows=1 width=4) (actual time=0.031..8.592 rows=1 loops=1)
                                                                                                        Filter: (keyword = 'computer-animation'::text)
                                                                                                        Rows Removed by Filter: 134169
                                                                                                  ->  Bitmap Heap Scan on movie_keyword mk  (cost=6.74..1100.27 rows=298 width=8) (actual time=0.100..0.578 rows=414 loops=1)
                                                                                                        Recheck Cond: (keyword_id = k.id)
                                                                                                        Heap Blocks: exact=358
                                                                                                        ->  Bitmap Index Scan on keyword_id_movie_keyword  (cost=0.00..6.67 rows=298 width=0) (actual time=0.060..0.060 rows=414 loops=1)
                                                                                                              Index Cond: (keyword_id = k.id)
                                                                                            ->  Index Scan using title_pkey on title t  (cost=0.43..2.14 rows=1 width=21) (actual time=0.004..0.004 rows=0 loops=414)
                                                                                                  Index Cond: (id = mk.movie_id)
                                                                                                  Filter: ((production_year >= 2000) AND (production_year <= 2010) AND (title = 'Shrek 2'::text))
                                                                                                  Rows Removed by Filter: 1
                                                                                      ->  Index Scan using movie_id_complete_cast on complete_cast cc  (cost=0.42..2.77 rows=2 width=12) (actual time=0.011..0.012 rows=1 loops=1)
                                                                                            Index Cond: (movie_id = mk.movie_id)
                                                                                ->  Seq Scan on comp_cast_type cct1  (cost=0.00..1.05 rows=1 width=4) (actual time=0.004..0.004 rows=1 loops=1)
                                                                                      Filter: ((kind)::text = 'cast'::text)
                                                                          ->  Seq Scan on comp_cast_type cct2  (cost=0.00..1.05 rows=1 width=4) (actual time=0.001..0.001 rows=1 loops=1)
                                                                                Filter: ((kind)::text = 'complete+verified'::text)
                                                                                Rows Removed by Filter: 3
                                                                    ->  Index Scan using movie_id_movie_info on movie_info mi  (cost=0.43..42.09 rows=2 width=8) (actual time=0.033..0.146 rows=2 loops=1)
                                                                          Index Cond: (movie_id = mk.movie_id)
                                                                          Filter: ((info IS NOT NULL) AND ((info ~~ 'Japan:%200%'::text) OR (info ~~ 'USA:%200%'::text)))
                                                                          Rows Removed by Filter: 455
                                                        ->  Index Scan using movie_id_movie_companies on movie_companies mc  (cost=0.43..4.80 rows=5 width=8) (actual time=0.007..0.013 rows=22 loops=2)
                                                              Index Cond: (movie_id = mk.movie_id)
                                                  ->  Index Scan using movie_id_cast_info on cast_info ci  (cost=0.56..46.33 rows=1 width=16) (actual time=0.003..0.101 rows=38 loops=44)
                                                        Index Cond: (movie_id = mk.movie_id)
                                                        Filter: (note = ANY ('{(voice),"(voice) (uncredited)","(voice: English version)"}'::text[]))
                                                        Rows Removed by Filter: 191
                                            ->  Index Only Scan using person_id_aka_name on aka_name an  (cost=0.42..1.27 rows=2 width=4) (actual time=0.001..0.001 rows=2 loops=1672)
                                                  Index Cond: (person_id = ci.person_id)
                                                  Heap Fetches: 0
                                      ->  Index Scan using char_name_pkey on char_name chn  (cost=0.43..2.25 rows=1 width=20) (actual time=0.001..0.001 rows=0 loops=2904)
                                            Index Cond: (id = ci.person_role_id)
                                            Filter: (name = 'Queen'::text)
                                            Rows Removed by Filter: 1
                                ->  Index Scan using company_name_pkey on company_name cn  (cost=0.42..2.03 rows=1 width=4) (actual time=0.002..0.002 rows=0 loops=132)
                                      Index Cond: (id = mc.company_id)
                                      Filter: ((country_code)::text = '[us]'::text)
                                      Rows Removed by Filter: 1
                          ->  Index Scan using person_id_person_info on person_info pi  (cost=0.43..19.24 rows=25 width=8) (actual time=0.002..0.030 rows=163 loops=30)
                                Index Cond: (person_id = ci.person_id)
                    ->  Index Scan using name_pkey on name n  (cost=0.43..2.22 rows=1 width=19) (actual time=0.001..0.001 rows=1 loops=4890)
                          Index Cond: (id = pi.person_id)
                          Filter: ((name ~~ '%An%'::text) AND ((gender)::text = 'f'::text))
              ->  Seq Scan on info_type it3  (cost=0.00..2.41 rows=1 width=4) (actual time=0.002..0.005 rows=1 loops=4890)
                    Filter: ((info)::text = 'trivia'::text)
                    Rows Removed by Filter: 80
        ->  Seq Scan on role_type rt  (cost=0.00..1.15 rows=1 width=4) (actual time=0.000..0.000 rows=1 loops=1620)
              Filter: ((role)::text = 'actress'::text)
              Rows Removed by Filter: 1
Planning time: 2509.165 ms
Execution time: 61.533 ms
