Aggregate  (cost=4796.09..4796.10 rows=1 width=96) (actual time=28.010..28.010 rows=1 loops=1)
  ->  Nested Loop  (cost=11.16..4796.09 rows=1 width=48) (actual time=1.899..27.570 rows=1620 loops=1)
        ->  Nested Loop  (cost=10.74..4794.06 rows=1 width=52) (actual time=1.886..15.101 rows=7128 loops=1)
              Join Filter: (t.id = mc.movie_id)
              ->  Nested Loop  (cost=10.31..4789.19 rows=1 width=68) (actual time=1.875..11.720 rows=324 loops=1)
                    Join Filter: (n.id = an.person_id)
                    ->  Nested Loop  (cost=9.88..4787.91 rows=1 width=80) (actual time=1.860..11.413 rows=108 loops=1)
                          Join Filter: (pi.info_type_id = it3.id)
                          Rows Removed by Join Filter: 218
                          ->  Seq Scan on info_type it3  (cost=0.00..2.41 rows=1 width=4) (actual time=0.010..0.016 rows=1 loops=1)
                                Filter: ((info)::text = 'trivia'::text)
                                Rows Removed by Filter: 112
                          ->  Nested Loop  (cost=9.88..4781.42 rows=326 width=84) (actual time=1.843..11.351 rows=326 loops=1)
                                Join Filter: (n.id = pi.person_id)
                                ->  Nested Loop  (cost=9.45..4742.30 rows=2 width=76) (actual time=1.831..11.189 rows=2 loops=1)
                                      Join Filter: (mi.info_type_id = it.id)
                                      ->  Seq Scan on info_type it  (cost=0.00..2.41 rows=1 width=4) (actual time=0.002..0.008 rows=1 loops=1)
                                            Filter: ((info)::text = 'release dates'::text)
                                            Rows Removed by Filter: 112
                                      ->  Nested Loop  (cost=9.45..4739.87 rows=2 width=80) (actual time=1.827..11.179 rows=2 loops=1)
                                            Join Filter: (t.id = mi.movie_id)
                                            ->  Nested Loop  (cost=9.02..4697.75 rows=1 width=72) (actual time=1.803..11.034 rows=1 loops=1)
                                                  ->  Nested Loop  (cost=8.59..4695.41 rows=1 width=53) (actual time=1.786..11.017 rows=1 loops=1)
                                                        ->  Nested Loop  (cost=8.16..4668.83 rows=11 width=41) (actual time=1.775..10.948 rows=11 loops=1)
                                                              Join Filter: (ci.role_id = rt.id)
                                                              Rows Removed by Join Filter: 27
                                                              ->  Seq Scan on role_type rt  (cost=0.00..1.15 rows=1 width=4) (actual time=0.003..0.006 rows=1 loops=1)
                                                                    Filter: ((role)::text = 'actress'::text)
                                                                    Rows Removed by Filter: 11
                                                              ->  Nested Loop  (cost=8.16..4667.21 rows=38 width=45) (actual time=1.726..10.936 rows=38 loops=1)
                                                                    Join Filter: (t.id = ci.movie_id)
                                                                    ->  Nested Loop  (cost=7.59..4620.87 rows=1 width=29) (actual time=1.711..10.633 rows=1 loops=1)
                                                                          Join Filter: (cc.status_id = cct2.id)
                                                                          ->  Nested Loop  (cost=7.59..4619.80 rows=1 width=33) (actual time=1.709..10.631 rows=1 loops=1)
                                                                                Join Filter: (cc.subject_id = cct1.id)
                                                                                ->  Nested Loop  (cost=7.59..4618.74 rows=1 width=37) (actual time=1.706..10.627 rows=1 loops=1)
                                                                                      Join Filter: (t.id = cc.movie_id)
                                                                                      ->  Nested Loop  (cost=7.17..4615.95 rows=1 width=25) (actual time=1.693..10.613 rows=1 loops=1)
                                                                                            ->  Nested Loop  (cost=6.74..3729.38 rows=414 width=4) (actual time=0.131..9.066 rows=414 loops=1)
                                                                                                  ->  Seq Scan on keyword k  (cost=0.00..2626.12 rows=1 width=4) (actual time=0.031..8.432 rows=1 loops=1)
                                                                                                        Filter: (keyword = 'computer-animation'::text)
                                                                                                        Rows Removed by Filter: 134169
                                                                                                  ->  Bitmap Heap Scan on movie_keyword mk  (cost=6.74..1100.27 rows=298 width=8) (actual time=0.099..0.569 rows=414 loops=1)
                                                                                                        Recheck Cond: (keyword_id = k.id)
                                                                                                        Heap Blocks: exact=358
                                                                                                        ->  Bitmap Index Scan on keyword_id_movie_keyword  (cost=0.00..6.67 rows=298 width=0) (actual time=0.058..0.058 rows=414 loops=1)
                                                                                                              Index Cond: (keyword_id = k.id)
                                                                                            ->  Index Scan using title_pkey on title t  (cost=0.43..2.14 rows=1 width=21) (actual time=0.004..0.004 rows=0 loops=414)
                                                                                                  Index Cond: (id = mk.movie_id)
                                                                                                  Filter: ((production_year >= 2000) AND (production_year <= 2010) AND (title = 'Shrek 2'::text))
                                                                                                  Rows Removed by Filter: 1
                                                                                      ->  Index Scan using movie_id_complete_cast on complete_cast cc  (cost=0.42..2.77 rows=2 width=12) (actual time=0.012..0.012 rows=1 loops=1)
                                                                                            Index Cond: (movie_id = mk.movie_id)
                                                                                ->  Seq Scan on comp_cast_type cct1  (cost=0.00..1.05 rows=1 width=4) (actual time=0.003..0.003 rows=1 loops=1)
                                                                                      Filter: ((kind)::text = 'cast'::text)
                                                                          ->  Seq Scan on comp_cast_type cct2  (cost=0.00..1.05 rows=1 width=4) (actual time=0.001..0.001 rows=1 loops=1)
                                                                                Filter: ((kind)::text = 'complete+verified'::text)
                                                                                Rows Removed by Filter: 3
                                                                    ->  Index Scan using movie_id_cast_info on cast_info ci  (cost=0.56..46.33 rows=1 width=16) (actual time=0.014..0.294 rows=38 loops=1)
                                                                          Index Cond: (movie_id = mk.movie_id)
                                                                          Filter: (note = ANY ('{(voice),"(voice) (uncredited)","(voice: English version)"}'::text[]))
                                                                          Rows Removed by Filter: 191
                                                        ->  Index Scan using char_name_pkey on char_name chn  (cost=0.43..2.25 rows=1 width=20) (actual time=0.006..0.006 rows=0 loops=11)
                                                              Index Cond: (id = ci.person_role_id)
                                                              Filter: (name = 'Queen'::text)
                                                              Rows Removed by Filter: 1
                                                  ->  Index Scan using name_pkey on name n  (cost=0.43..2.34 rows=1 width=19) (actual time=0.016..0.016 rows=1 loops=1)
                                                        Index Cond: (id = ci.person_id)
                                                        Filter: ((name ~~ '%An%'::text) AND ((gender)::text = 'f'::text))
                                            ->  Index Scan using movie_id_movie_info on movie_info mi  (cost=0.43..42.09 rows=2 width=8) (actual time=0.023..0.143 rows=2 loops=1)
                                                  Index Cond: (movie_id = mk.movie_id)
                                                  Filter: ((info IS NOT NULL) AND ((info ~~ 'Japan:%200%'::text) OR (info ~~ 'USA:%200%'::text)))
                                                  Rows Removed by Filter: 455
                                ->  Index Scan using person_id_person_info on person_info pi  (cost=0.43..19.24 rows=25 width=8) (actual time=0.006..0.041 rows=163 loops=2)
                                      Index Cond: (person_id = ci.person_id)
                    ->  Index Only Scan using person_id_aka_name on aka_name an  (cost=0.42..1.26 rows=2 width=4) (actual time=0.001..0.002 rows=3 loops=108)
                          Index Cond: (person_id = pi.person_id)
                          Heap Fetches: 0
              ->  Index Scan using movie_id_movie_companies on movie_companies mc  (cost=0.43..4.80 rows=5 width=8) (actual time=0.002..0.006 rows=22 loops=324)
                    Index Cond: (movie_id = mk.movie_id)
        ->  Index Scan using company_name_pkey on company_name cn  (cost=0.42..2.03 rows=1 width=4) (actual time=0.001..0.001 rows=0 loops=7128)
              Index Cond: (id = mc.company_id)
              Filter: ((country_code)::text = '[us]'::text)
              Rows Removed by Filter: 1
Planning time: 2494.941 ms
Execution time: 28.246 ms
