Aggregate  (cost=4750.11..4750.12 rows=1 width=96) (actual time=32.403..32.403 rows=1 loops=1)
  ->  Nested Loop  (cost=11.16..4750.11 rows=1 width=48) (actual time=2.891..32.385 rows=15 loops=1)
        Join Filter: (pi.info_type_id = it3.id)
        Rows Removed by Join Filter: 2430
        ->  Nested Loop  (cost=11.16..4747.68 rows=1 width=52) (actual time=1.869..16.340 rows=2445 loops=1)
              Join Filter: (ci.person_id = n.id)
              ->  Nested Loop  (cost=10.73..4745.44 rows=1 width=49) (actual time=1.854..12.354 rows=2445 loops=1)
                    ->  Nested Loop  (cost=10.30..4725.95 rows=1 width=41) (actual time=1.843..11.502 rows=15 loops=1)
                          ->  Nested Loop  (cost=9.88..4723.92 rows=1 width=45) (actual time=1.831..11.339 rows=66 loops=1)
                                Join Filter: (t.id = mc.movie_id)
                                ->  Nested Loop  (cost=9.45..4719.06 rows=1 width=61) (actual time=1.820..11.298 rows=3 loops=1)
                                      ->  Nested Loop  (cost=9.02..4714.99 rows=1 width=49) (actual time=1.809..11.245 rows=16 loops=1)
                                            ->  Nested Loop  (cost=8.59..4713.70 rows=1 width=45) (actual time=1.794..11.195 rows=11 loops=1)
                                                  Join Filter: (ci.role_id = rt.id)
                                                  Rows Removed by Join Filter: 27
                                                  ->  Seq Scan on role_type rt  (cost=0.00..1.15 rows=1 width=4) (actual time=0.010..0.012 rows=1 loops=1)
                                                        Filter: ((role)::text = 'actress'::text)
                                                        Rows Removed by Filter: 11
                                                  ->  Nested Loop  (cost=8.59..4712.07 rows=38 width=49) (actual time=1.748..11.176 rows=38 loops=1)
                                                        Join Filter: (t.id = ci.movie_id)
                                                        ->  Nested Loop  (cost=8.03..4665.73 rows=1 width=33) (actual time=1.733..10.877 rows=1 loops=1)
                                                              Join Filter: (mi.info_type_id = it.id)
                                                              ->  Nested Loop  (cost=8.03..4663.31 rows=1 width=37) (actual time=1.728..10.871 rows=1 loops=1)
                                                                    Join Filter: (t.id = mi.movie_id)
                                                                    ->  Nested Loop  (cost=7.59..4621.29 rows=1 width=29) (actual time=1.693..10.727 rows=1 loops=1)
                                                                          Join Filter: (cc.status_id = cct2.id)
                                                                          ->  Nested Loop  (cost=7.59..4620.23 rows=1 width=33) (actual time=1.691..10.725 rows=1 loops=1)
                                                                                Join Filter: (cc.subject_id = cct1.id)
                                                                                ->  Nested Loop  (cost=7.59..4619.17 rows=1 width=37) (actual time=1.687..10.721 rows=1 loops=1)
                                                                                      Join Filter: (t.id = cc.movie_id)
                                                                                      ->  Nested Loop  (cost=7.17..4616.37 rows=1 width=25) (actual time=1.675..10.707 rows=1 loops=1)
                                                                                            ->  Nested Loop  (cost=6.74..3729.38 rows=414 width=4) (actual time=0.130..9.182 rows=414 loops=1)
                                                                                                  ->  Seq Scan on keyword k  (cost=0.00..2626.12 rows=1 width=4) (actual time=0.030..8.539 rows=1 loops=1)
                                                                                                        Filter: (keyword = 'computer-animation'::text)
                                                                                                        Rows Removed by Filter: 134169
                                                                                                  ->  Bitmap Heap Scan on movie_keyword mk  (cost=6.74..1100.27 rows=298 width=8) (actual time=0.098..0.577 rows=414 loops=1)
                                                                                                        Recheck Cond: (keyword_id = k.id)
                                                                                                        Heap Blocks: exact=358
                                                                                                        ->  Bitmap Index Scan on keyword_id_movie_keyword  (cost=0.00..6.67 rows=298 width=0) (actual time=0.058..0.058 rows=414 loops=1)
                                                                                                              Index Cond: (keyword_id = k.id)
                                                                                            ->  Index Scan using title_pkey on title t  (cost=0.43..2.14 rows=1 width=21) (actual time=0.003..0.003 rows=0 loops=414)
                                                                                                  Index Cond: (id = mk.movie_id)
                                                                                                  Filter: ((production_year >= 2000) AND (production_year <= 2005) AND (title = 'Shrek 2'::text))
                                                                                                  Rows Removed by Filter: 1
                                                                                      ->  Index Scan using movie_id_complete_cast on complete_cast cc  (cost=0.42..2.77 rows=2 width=12) (actual time=0.011..0.012 rows=1 loops=1)
                                                                                            Index Cond: (movie_id = mk.movie_id)
                                                                                ->  Seq Scan on comp_cast_type cct1  (cost=0.00..1.05 rows=1 width=4) (actual time=0.003..0.003 rows=1 loops=1)
                                                                                      Filter: ((kind)::text = 'cast'::text)
                                                                          ->  Seq Scan on comp_cast_type cct2  (cost=0.00..1.05 rows=1 width=4) (actual time=0.001..0.001 rows=1 loops=1)
                                                                                Filter: ((kind)::text = 'complete+verified'::text)
                                                                                Rows Removed by Filter: 3
                                                                    ->  Index Scan using movie_id_movie_info on movie_info mi  (cost=0.43..41.99 rows=2 width=8) (actual time=0.034..0.143 rows=1 loops=1)
                                                                          Index Cond: (movie_id = mk.movie_id)
                                                                          Filter: (info ~~ 'USA:%200%'::text)
                                                                          Rows Removed by Filter: 456
                                                              ->  Seq Scan on info_type it  (cost=0.00..2.41 rows=1 width=4) (actual time=0.004..0.004 rows=1 loops=1)
                                                                    Filter: ((info)::text = 'release dates'::text)
                                                                    Rows Removed by Filter: 15
                                                        ->  Index Scan using movie_id_cast_info on cast_info ci  (cost=0.56..46.33 rows=1 width=16) (actual time=0.015..0.290 rows=38 loops=1)
                                                              Index Cond: (movie_id = mk.movie_id)
                                                              Filter: (note = ANY ('{(voice),"(voice) (uncredited)","(voice: English version)"}'::text[]))
                                                              Rows Removed by Filter: 191
                                            ->  Index Only Scan using person_id_aka_name on aka_name an  (cost=0.42..1.27 rows=2 width=4) (actual time=0.004..0.004 rows=1 loops=11)
                                                  Index Cond: (person_id = ci.person_id)
                                                  Heap Fetches: 0
                                      ->  Index Scan using char_name_pkey on char_name chn  (cost=0.43..2.25 rows=1 width=20) (actual time=0.003..0.003 rows=0 loops=16)
                                            Index Cond: (id = ci.person_role_id)
                                            Filter: (name = 'Queen'::text)
                                            Rows Removed by Filter: 1
                                ->  Index Scan using movie_id_movie_companies on movie_companies mc  (cost=0.43..4.80 rows=5 width=8) (actual time=0.005..0.009 rows=22 loops=3)
                                      Index Cond: (movie_id = mk.movie_id)
                          ->  Index Scan using company_name_pkey on company_name cn  (cost=0.42..2.03 rows=1 width=4) (actual time=0.002..0.002 rows=0 loops=66)
                                Index Cond: (id = mc.company_id)
                                Filter: ((country_code)::text = '[us]'::text)
                                Rows Removed by Filter: 1
                    ->  Index Scan using person_id_person_info on person_info pi  (cost=0.43..19.24 rows=25 width=8) (actual time=0.002..0.029 rows=163 loops=15)
                          Index Cond: (person_id = ci.person_id)
              ->  Index Scan using name_pkey on name n  (cost=0.43..2.22 rows=1 width=19) (actual time=0.001..0.001 rows=1 loops=2445)
                    Index Cond: (id = pi.person_id)
                    Filter: ((name ~~ '%An%'::text) AND ((gender)::text = 'f'::text))
        ->  Seq Scan on info_type it3  (cost=0.00..2.41 rows=1 width=4) (actual time=0.002..0.006 rows=1 loops=2445)
              Filter: ((info)::text = 'height'::text)
              Rows Removed by Filter: 111
Planning time: 2505.658 ms
Execution time: 32.645 ms
