Aggregate  (cost=5042.66..5042.67 rows=1 width=96) (actual time=1258.919..1258.919 rows=1 loops=1)
  ->  Nested Loop  (cost=11.16..5042.65 rows=1 width=48) (actual time=166.379..1254.089 rows=16308 loops=1)
        Join Filter: (pi.info_type_id = it3.id)
        Rows Removed by Join Filter: 51519
        ->  Nested Loop  (cost=11.16..5040.22 rows=1 width=52) (actual time=165.606..882.927 rows=67827 loops=1)
              Join Filter: (ci.person_id = n.id)
              ->  Nested Loop  (cost=10.73..5037.99 rows=1 width=49) (actual time=1.774..473.302 rows=268249 loops=1)
                    ->  Nested Loop  (cost=10.30..5018.50 rows=1 width=41) (actual time=1.739..380.800 rows=3501 loops=1)
                          Join Filter: (ci.role_id = rt.id)
                          Rows Removed by Join Filter: 9751
                          ->  Nested Loop  (cost=10.30..5017.34 rows=1 width=45) (actual time=0.703..363.466 rows=13252 loops=1)
                                Join Filter: (mi.info_type_id = it.id)
                                ->  Nested Loop  (cost=10.30..5014.91 rows=1 width=49) (actual time=0.698..335.481 rows=13252 loops=1)
                                      Join Filter: (t.id = mi.movie_id)
                                      ->  Nested Loop  (cost=9.86..4972.79 rows=1 width=65) (actual time=0.668..39.072 rows=4083 loops=1)
                                            ->  Nested Loop  (cost=9.43..4970.55 rows=1 width=53) (actual time=0.656..29.736 rows=5059 loops=1)
                                                  ->  Nested Loop  (cost=9.01..4969.27 rows=1 width=49) (actual time=0.643..22.635 rows=2666 loops=1)
                                                        Join Filter: (t.id = ci.movie_id)
                                                        ->  Nested Loop  (cost=8.44..4922.88 rows=1 width=33) (actual time=0.615..12.232 rows=92 loops=1)
                                                              ->  Nested Loop  (cost=8.02..4916.80 rows=3 width=37) (actual time=0.580..10.812 rows=415 loops=1)
                                                                    Join Filter: (t.id = mc.movie_id)
                                                                    ->  Nested Loop  (cost=7.59..4902.20 rows=3 width=29) (actual time=0.568..10.445 rows=18 loops=1)
                                                                          ->  Nested Loop  (cost=7.16..4887.23 rows=7 width=8) (actual time=0.425..10.277 rows=23 loops=1)
                                                                                Join Filter: (cc.subject_id = cct1.id)
                                                                                Rows Removed by Join Filter: 2
                                                                                ->  Seq Scan on comp_cast_type cct1  (cost=0.00..1.05 rows=1 width=4) (actual time=0.007..0.009 rows=1 loops=1)
                                                                                      Filter: ((kind)::text = 'cast'::text)
                                                                                      Rows Removed by Filter: 3
                                                                                ->  Nested Loop  (cost=7.16..4886.08 rows=8 width=12) (actual time=0.416..10.257 rows=25 loops=1)
                                                                                      Join Filter: (cc.status_id = cct2.id)
                                                                                      Rows Removed by Join Filter: 65
                                                                                      ->  Seq Scan on comp_cast_type cct2  (cost=0.00..1.05 rows=1 width=4) (actual time=0.003..0.003 rows=1 loops=1)
                                                                                            Filter: ((kind)::text = 'complete+verified'::text)
                                                                                            Rows Removed by Filter: 3
                                                                                      ->  Nested Loop  (cost=7.16..4884.83 rows=16 width=16) (actual time=0.214..10.234 rows=90 loops=1)
                                                                                            ->  Nested Loop  (cost=6.74..3729.38 rows=414 width=4) (actual time=0.133..9.192 rows=414 loops=1)
                                                                                                  ->  Seq Scan on keyword k  (cost=0.00..2626.12 rows=1 width=4) (actual time=0.031..8.464 rows=1 loops=1)
                                                                                                        Filter: (keyword = 'computer-animation'::text)
                                                                                                        Rows Removed by Filter: 134169
                                                                                                  ->  Bitmap Heap Scan on movie_keyword mk  (cost=6.74..1100.27 rows=298 width=8) (actual time=0.101..0.655 rows=414 loops=1)
                                                                                                        Recheck Cond: (keyword_id = k.id)
                                                                                                        Heap Blocks: exact=358
                                                                                                        ->  Bitmap Index Scan on keyword_id_movie_keyword  (cost=0.00..6.67 rows=298 width=0) (actual time=0.059..0.059 rows=414 loops=1)
                                                                                                              Index Cond: (keyword_id = k.id)
                                                                                            ->  Index Scan using movie_id_complete_cast on complete_cast cc  (cost=0.42..2.77 rows=2 width=12) (actual time=0.002..0.002 rows=0 loops=414)
                                                                                                  Index Cond: (movie_id = mk.movie_id)
                                                                          ->  Index Scan using title_pkey on title t  (cost=0.43..2.14 rows=1 width=21) (actual time=0.006..0.006 rows=1 loops=23)
                                                                                Index Cond: (id = mk.movie_id)
                                                                                Filter: ((production_year >= 2000) AND (production_year <= 2010))
                                                                                Rows Removed by Filter: 0
                                                                    ->  Index Scan using movie_id_movie_companies on movie_companies mc  (cost=0.43..4.80 rows=5 width=8) (actual time=0.006..0.014 rows=23 loops=18)
                                                                          Index Cond: (movie_id = mk.movie_id)
                                                              ->  Index Scan using company_name_pkey on company_name cn  (cost=0.42..2.03 rows=1 width=4) (actual time=0.003..0.003 rows=0 loops=415)
                                                                    Index Cond: (id = mc.company_id)
                                                                    Filter: ((country_code)::text = '[us]'::text)
                                                                    Rows Removed by Filter: 1
                                                        ->  Index Scan using movie_id_cast_info on cast_info ci  (cost=0.56..46.37 rows=1 width=16) (actual time=0.013..0.106 rows=29 loops=92)
                                                              Index Cond: (movie_id = mk.movie_id)
                                                              Filter: (note = ANY ('{(voice),"(voice: Japanese version)","(voice) (uncredited)","(voice: English version)"}'::text[]))
                                                              Rows Removed by Filter: 130
                                                  ->  Index Only Scan using person_id_aka_name on aka_name an  (cost=0.42..1.27 rows=2 width=4) (actual time=0.002..0.002 rows=2 loops=2666)
                                                        Index Cond: (person_id = ci.person_id)
                                                        Heap Fetches: 0
                                            ->  Index Scan using char_name_pkey on char_name chn  (cost=0.43..2.24 rows=1 width=20) (actual time=0.001..0.001 rows=1 loops=5059)
                                                  Index Cond: (id = ci.person_role_id)
                                      ->  Index Scan using movie_id_movie_info on movie_info mi  (cost=0.43..42.09 rows=2 width=8) (actual time=0.008..0.072 rows=3 loops=4083)
                                            Index Cond: (movie_id = mk.movie_id)
                                            Filter: ((info IS NOT NULL) AND ((info ~~ 'Japan:%200%'::text) OR (info ~~ 'USA:%200%'::text)))
                                            Rows Removed by Filter: 355
                                ->  Seq Scan on info_type it  (cost=0.00..2.41 rows=1 width=4) (actual time=0.002..0.002 rows=1 loops=13252)
                                      Filter: ((info)::text = 'release dates'::text)
                                      Rows Removed by Filter: 15
                          ->  Seq Scan on role_type rt  (cost=0.00..1.15 rows=1 width=4) (actual time=0.000..0.001 rows=1 loops=13252)
                                Filter: ((role)::text = 'actress'::text)
                                Rows Removed by Filter: 8
                    ->  Index Scan using person_id_person_info on person_info pi  (cost=0.43..19.24 rows=25 width=8) (actual time=0.002..0.014 rows=77 loops=3501)
                          Index Cond: (person_id = ci.person_id)
              ->  Index Scan using name_pkey on name n  (cost=0.43..2.22 rows=1 width=19) (actual time=0.001..0.001 rows=0 loops=268249)
                    Index Cond: (id = pi.person_id)
                    Filter: ((name ~~ '%An%'::text) AND ((gender)::text = 'f'::text))
                    Rows Removed by Filter: 1
        ->  Seq Scan on info_type it3  (cost=0.00..2.41 rows=1 width=4) (actual time=0.002..0.005 rows=1 loops=67827)
              Filter: ((info)::text = 'trivia'::text)
              Rows Removed by Filter: 89
Planning time: 2497.814 ms
Execution time: 1259.148 ms
