Aggregate  (cost=40291.69..40291.70 rows=1 width=32) (actual time=250.990..250.990 rows=1 loops=1)
  ->  Nested Loop  (cost=6055.50..40272.11 rows=7834 width=17) (actual time=30.188..249.521 rows=7834 loops=1)
        Join Filter: (mc.movie_id = t.id)
        ->  Hash Join  (cost=6055.07..36356.83 rows=7834 width=8) (actual time=30.178..230.461 rows=7834 loops=1)
              Hash Cond: (mc.company_id = cn.id)
              ->  Nested Loop  (cost=7.17..28433.47 rows=148552 width=12) (actual time=4.793..183.846 rows=148552 loops=1)
                    ->  Nested Loop  (cost=6.74..3729.38 rows=41840 width=4) (actual time=4.778..41.261 rows=41840 loops=1)
                          ->  Seq Scan on keyword k  (cost=0.00..2626.12 rows=1 width=4) (actual time=0.395..8.501 rows=1 loops=1)
                                Filter: (keyword = 'character-name-in-title'::text)
                                Rows Removed by Filter: 134169
                          ->  Bitmap Heap Scan on movie_keyword mk  (cost=6.74..1100.27 rows=298 width=8) (actual time=4.381..25.830 rows=41840 loops=1)
                                Recheck Cond: (keyword_id = k.id)
                                Heap Blocks: exact=11541
                                ->  Bitmap Index Scan on keyword_id_movie_keyword  (cost=0.00..6.67 rows=298 width=0) (actual time=2.950..2.950 rows=41840 loops=1)
                                      Index Cond: (keyword_id = k.id)
                    ->  Index Scan using movie_id_movie_companies on movie_companies mc  (cost=0.43..0.54 rows=5 width=8) (actual time=0.002..0.003 rows=4 loops=41840)
                          Index Cond: (movie_id = mk.movie_id)
              ->  Hash  (cost=5932.46..5932.46 rows=9235 width=4) (actual time=25.204..25.204 rows=9775 loops=1)
                    Buckets: 16384  Batches: 1  Memory Usage: 472kB
                    ->  Seq Scan on company_name cn  (cost=0.00..5932.46 rows=9235 width=4) (actual time=0.006..23.695 rows=9775 loops=1)
                          Filter: ((country_code)::text = '[de]'::text)
                          Rows Removed by Filter: 225222
        ->  Index Scan using title_pkey on title t  (cost=0.43..0.49 rows=1 width=21) (actual time=0.002..0.002 rows=1 loops=7834)
              Index Cond: (id = mk.movie_id)
Planning time: 0.776 ms
Execution time: 251.035 ms
