Aggregate  (cost=15388.12..15388.13 rows=1 width=128) (actual time=1994.962..1994.963 rows=1 loops=1)
  ->  Nested Loop  (cost=3805.36..15388.11 rows=1 width=80) (actual time=37.279..1993.906 rows=757 loops=1)
        Join Filter: (mi.movie_id = t.id)
        ->  Nested Loop  (cost=3804.93..15387.25 rows=1 width=83) (actual time=35.054..1978.773 rows=4394 loops=1)
              ->  Nested Loop  (cost=3804.50..15386.16 rows=1 width=72) (actual time=34.362..1951.462 rows=6488 loops=1)
                    ->  Nested Loop  (cost=3804.36..15385.98 rows=1 width=76) (actual time=34.354..1940.927 rows=7769 loops=1)
                          Join Filter: (mi_idx.movie_id = mi.movie_id)
                          ->  Nested Loop  (cost=3803.92..15368.33 rows=1 width=26) (actual time=34.322..1437.250 rows=11002 loops=1)
                                Join Filter: (mi_idx.movie_id = ci.movie_id)
                                ->  Nested Loop  (cost=3803.36..15340.01 rows=1 width=18) (actual time=33.963..278.523 rows=16283 loops=1)
                                      ->  Nested Loop  (cost=3803.23..15339.85 rows=1 width=22) (actual time=33.953..258.744 rows=16283 loops=1)
                                            Join Filter: (mi_idx.info_type_id = it2.id)
                                            Rows Removed by Join Filter: 33372
                                            ->  Seq Scan on info_type it2  (cost=0.00..2.41 rows=1 width=4) (actual time=0.014..0.016 rows=1 loops=1)
                                                  Filter: ((info)::text = 'votes'::text)
                                                  Rows Removed by Filter: 112
                                            ->  Nested Loop  (cost=3803.23..15336.96 rows=38 width=26) (actual time=33.935..251.786 rows=49655 loops=1)
                                                  ->  Hash Join  (cost=3802.80..15289.11 rows=59 width=12) (actual time=33.917..183.576 rows=16336 loops=1)
                                                        Hash Cond: (mk.movie_id = cc.movie_id)
                                                        ->  Nested Loop  (cost=6.74..10917.30 rows=76714 width=4) (actual time=2.942..125.319 rows=76714 loops=1)
                                                              ->  Seq Scan on keyword k  (cost=0.00..3464.69 rows=7 width=4) (actual time=0.643..20.892 rows=7 loops=1)
                                                                    Filter: (keyword = ANY ('{murder,violence,blood,gore,death,female-nudity,hospital}'::text[]))
                                                                    Rows Removed by Filter: 134163
                                                              ->  Bitmap Heap Scan on movie_keyword mk  (cost=6.74..1061.68 rows=298 width=8) (actual time=2.099..13.097 rows=10959 loops=7)
                                                                    Recheck Cond: (keyword_id = k.id)
                                                                    Heap Blocks: exact=53234
                                                                    ->  Bitmap Index Scan on keyword_id_movie_keyword  (cost=0.00..6.67 rows=298 width=0) (actual time=1.086..1.086 rows=10959 loops=7)
                                                                          Index Cond: (keyword_id = k.id)
                                                        ->  Hash  (cost=3488.66..3488.66 rows=24592 width=8) (actual time=30.916..30.916 rows=24592 loops=1)
                                                              Buckets: 32768  Batches: 1  Memory Usage: 1217kB
                                                              ->  Hash Join  (cost=1.06..3488.66 rows=24592 width=8) (actual time=0.015..27.193 rows=24592 loops=1)
                                                                    Hash Cond: (cc.status_id = cct2.id)
                                                                    ->  Seq Scan on complete_cast cc  (cost=0.00..2081.86 rows=135086 width=12) (actual time=0.005..10.654 rows=135086 loops=1)
                                                                    ->  Hash  (cost=1.05..1.05 rows=1 width=4) (actual time=0.006..0.006 rows=1 loops=1)
                                                                          Buckets: 1024  Batches: 1  Memory Usage: 9kB
                                                                          ->  Seq Scan on comp_cast_type cct2  (cost=0.00..1.05 rows=1 width=4) (actual time=0.004..0.004 rows=1 loops=1)
                                                                                Filter: ((kind)::text = 'complete+verified'::text)
                                                                                Rows Removed by Filter: 3
                                                  ->  Index Scan using movie_id_movie_info_idx on movie_info_idx mi_idx  (cost=0.43..0.78 rows=3 width=14) (actual time=0.003..0.003 rows=3 loops=16336)
                                                        Index Cond: (movie_id = mk.movie_id)
                                      ->  Index Scan using comp_cast_type_pkey on comp_cast_type cct1  (cost=0.13..0.15 rows=1 width=4) (actual time=0.001..0.001 rows=1 loops=16283)
                                            Index Cond: (id = cc.subject_id)
                                            Filter: ((kind)::text = ANY ('{cast,crew}'::text[]))
                                ->  Index Scan using movie_id_cast_info on cast_info ci  (cost=0.56..28.31 rows=1 width=8) (actual time=0.055..0.071 rows=1 loops=16283)
                                      Index Cond: (movie_id = mk.movie_id)
                                      Filter: (note = ANY ('{(writer),"(head writer)","(written by)",(story),"(story editor)"}'::text[]))
                                      Rows Removed by Filter: 76
                          ->  Index Scan using movie_id_movie_info on movie_info mi  (cost=0.43..17.64 rows=1 width=50) (actual time=0.044..0.045 rows=1 loops=11002)
                                Index Cond: (movie_id = mk.movie_id)
                                Filter: (info = ANY ('{Horror,Thriller}'::text[]))
                                Rows Removed by Filter: 156
                    ->  Index Scan using info_type_pkey on info_type it1  (cost=0.14..0.16 rows=1 width=4) (actual time=0.001..0.001 rows=1 loops=7769)
                          Index Cond: (id = mi.info_type_id)
                          Filter: ((info)::text = 'genres'::text)
                          Rows Removed by Filter: 0
              ->  Index Scan using name_pkey on name n  (cost=0.43..1.08 rows=1 width=19) (actual time=0.004..0.004 rows=1 loops=6488)
                    Index Cond: (id = ci.person_id)
                    Filter: ((gender)::text = 'm'::text)
                    Rows Removed by Filter: 0
        ->  Index Scan using title_pkey on title t  (cost=0.43..0.85 rows=1 width=21) (actual time=0.003..0.003 rows=0 loops=4394)
              Index Cond: (id = mk.movie_id)
              Filter: (production_year > 2000)
              Rows Removed by Filter: 1
Planning time: 50.694 ms
Execution time: 1995.097 ms
