Aggregate  (cost=11177.39..11177.40 rows=1 width=128) (actual time=2298.730..2298.730 rows=1 loops=1)
  ->  Nested Loop  (cost=9.45..11177.38 rows=1 width=80) (actual time=10.573..2297.683 rows=757 loops=1)
        Join Filter: (mi.movie_id = t.id)
        ->  Nested Loop  (cost=9.02..11176.51 rows=1 width=83) (actual time=6.460..2282.406 rows=4394 loops=1)
              ->  Nested Loop  (cost=8.59..11175.43 rows=1 width=72) (actual time=4.673..2254.516 rows=6488 loops=1)
                    Join Filter: (mi.info_type_id = it1.id)
                    Rows Removed by Join Filter: 1281
                    ->  Nested Loop  (cost=8.59..11173.00 rows=1 width=76) (actual time=4.669..2233.006 rows=7769 loops=1)
                          Join Filter: (mi_idx.movie_id = mi.movie_id)
                          ->  Nested Loop  (cost=8.15..11155.35 rows=1 width=26) (actual time=4.640..1725.107 rows=11002 loops=1)
                                Join Filter: (mi_idx.movie_id = ci.movie_id)
                                ->  Nested Loop  (cost=7.59..11127.03 rows=1 width=18) (actual time=3.683..550.043 rows=16283 loops=1)
                                      Join Filter: (cc.subject_id = cct1.id)
                                      Rows Removed by Join Filter: 3807
                                      ->  Nested Loop  (cost=7.59..11125.96 rows=1 width=22) (actual time=3.677..533.620 rows=16283 loops=1)
                                            Join Filter: (cc.status_id = cct2.id)
                                            Rows Removed by Join Filter: 19063
                                            ->  Seq Scan on comp_cast_type cct2  (cost=0.00..1.05 rows=1 width=4) (actual time=0.009..0.009 rows=1 loops=1)
                                                  Filter: ((kind)::text = 'complete+verified'::text)
                                                  Rows Removed by Filter: 3
                                            ->  Nested Loop  (cost=7.59..11124.88 rows=2 width=26) (actual time=3.578..527.896 rows=35346 loops=1)
                                                  ->  Nested Loop  (cost=7.17..11119.90 rows=6 width=14) (actual time=3.500..402.340 rows=63701 loops=1)
                                                        Join Filter: (mi_idx.info_type_id = it2.id)
                                                        Rows Removed by Join Filter: 127988
                                                        ->  Seq Scan on info_type it2  (cost=0.00..2.41 rows=1 width=4) (actual time=0.010..0.013 rows=1 loops=1)
                                                              Filter: ((info)::text = 'votes'::text)
                                                              Rows Removed by Filter: 112
                                                        ->  Nested Loop  (cost=7.17..11108.68 rows=705 width=18) (actual time=3.488..377.382 rows=191689 loops=1)
                                                              ->  Nested Loop  (cost=6.74..10917.30 rows=236 width=4) (actual time=3.472..130.594 rows=76714 loops=1)
                                                                    ->  Seq Scan on keyword k  (cost=0.00..3464.69 rows=7 width=4) (actual time=0.644..20.931 rows=7 loops=1)
                                                                          Filter: (keyword = ANY ('{murder,violence,blood,gore,death,female-nudity,hospital}'::text[]))
                                                                          Rows Removed by Filter: 134163
                                                                    ->  Bitmap Heap Scan on movie_keyword mk  (cost=6.74..1061.68 rows=298 width=8) (actual time=2.098..13.640 rows=10959 loops=7)
                                                                          Recheck Cond: (keyword_id = k.id)
                                                                          Heap Blocks: exact=53234
                                                                          ->  Bitmap Index Scan on keyword_id_movie_keyword  (cost=0.00..6.67 rows=298 width=0) (actual time=1.113..1.113 rows=10959 loops=7)
                                                                                Index Cond: (keyword_id = k.id)
                                                              ->  Index Scan using movie_id_movie_info_idx on movie_info_idx mi_idx  (cost=0.43..0.78 rows=3 width=14) (actual time=0.002..0.003 rows=2 loops=76714)
                                                                    Index Cond: (movie_id = mk.movie_id)
                                                  ->  Index Scan using movie_id_complete_cast on complete_cast cc  (cost=0.42..0.81 rows=2 width=12) (actual time=0.001..0.002 rows=1 loops=63701)
                                                        Index Cond: (movie_id = mi_idx.movie_id)
                                      ->  Seq Scan on comp_cast_type cct1  (cost=0.00..1.05 rows=2 width=4) (actual time=0.000..0.000 rows=1 loops=16283)
                                            Filter: ((kind)::text = ANY ('{cast,crew}'::text[]))
                                ->  Index Scan using movie_id_cast_info on cast_info ci  (cost=0.56..28.31 rows=1 width=8) (actual time=0.056..0.072 rows=1 loops=16283)
                                      Index Cond: (movie_id = mk.movie_id)
                                      Filter: (note = ANY ('{(writer),"(head writer)","(written by)",(story),"(story editor)"}'::text[]))
                                      Rows Removed by Filter: 76
                          ->  Index Scan using movie_id_movie_info on movie_info mi  (cost=0.43..17.64 rows=1 width=50) (actual time=0.044..0.046 rows=1 loops=11002)
                                Index Cond: (movie_id = mk.movie_id)
                                Filter: (info = ANY ('{Horror,Thriller}'::text[]))
                                Rows Removed by Filter: 156
                    ->  Seq Scan on info_type it1  (cost=0.00..2.41 rows=1 width=4) (actual time=0.001..0.002 rows=1 loops=7769)
                          Filter: ((info)::text = 'genres'::text)
                          Rows Removed by Filter: 20
              ->  Index Scan using name_pkey on name n  (cost=0.43..1.08 rows=1 width=19) (actual time=0.004..0.004 rows=1 loops=6488)
                    Index Cond: (id = ci.person_id)
                    Filter: ((gender)::text = 'm'::text)
                    Rows Removed by Filter: 0
        ->  Index Scan using title_pkey on title t  (cost=0.43..0.85 rows=1 width=21) (actual time=0.003..0.003 rows=0 loops=4394)
              Index Cond: (id = mk.movie_id)
              Filter: (production_year > 2000)
              Rows Removed by Filter: 1
Planning time: 50.745 ms
Execution time: 2298.862 ms
