Aggregate  (cost=14450.34..14450.35 rows=1 width=128) (actual time=33.429..33.430 rows=1 loops=1)
  ->  Nested Loop  (cost=3.57..14450.33 rows=1 width=80) (actual time=1.070..33.376 rows=84 loops=1)
        ->  Nested Loop  (cost=3.15..14449.22 rows=1 width=84) (actual time=1.013..28.036 rows=2686 loops=1)
              Join Filter: (t.id = mk.movie_id)
              ->  Nested Loop  (cost=2.72..14446.63 rows=1 width=100) (actual time=1.001..27.005 rows=19 loops=1)
                    Join Filter: (mi.info_type_id = it1.id)
                    ->  Seq Scan on info_type it1  (cost=0.00..2.41 rows=1 width=4) (actual time=0.023..0.030 rows=1 loops=1)
                          Filter: ((info)::text = 'genres'::text)
                          Rows Removed by Filter: 112
                    ->  Nested Loop  (cost=2.72..14443.98 rows=19 width=104) (actual time=0.976..26.968 rows=19 loops=1)
                          Join Filter: (t.id = mi.movie_id)
                          ->  Nested Loop  (cost=2.28..14166.00 rows=12 width=54) (actual time=0.900..26.065 rows=12 loops=1)
                                ->  Nested Loop  (cost=1.85..14149.91 rows=12 width=43) (actual time=0.891..26.003 rows=12 loops=1)
                                      Join Filter: (t.id = ci.movie_id)
                                      ->  Nested Loop  (cost=1.29..13922.15 rows=7 width=35) (actual time=0.788..25.391 rows=7 loops=1)
                                            ->  Nested Loop  (cost=0.86..13760.51 rows=134 width=14) (actual time=0.542..24.813 rows=134 loops=1)
                                                  Join Filter: (mi_idx.info_type_id = it2.id)
                                                  Rows Removed by Join Filter: 278
                                                  ->  Seq Scan on info_type it2  (cost=0.00..2.41 rows=1 width=4) (actual time=0.008..0.011 rows=1 loops=1)
                                                        Filter: ((info)::text = 'votes'::text)
                                                        Rows Removed by Filter: 112
                                                  ->  Nested Loop  (cost=0.86..13752.95 rows=412 width=18) (actual time=0.533..24.752 rows=412 loops=1)
                                                        ->  Nested Loop  (cost=0.43..13336.32 rows=135 width=4) (actual time=0.525..24.093 rows=135 loops=1)
                                                              ->  Seq Scan on company_name cn  (cost=0.00..5932.46 rows=23 width=4) (actual time=0.503..22.549 rows=10 loops=1)
                                                                    Filter: (name ~~ 'Lionsgate%'::text)
                                                                    Rows Removed by Filter: 234987
                                                              ->  Index Scan using company_id_movie_companies on movie_companies mc  (cost=0.43..321.90 rows=1 width=8) (actual time=0.044..0.151 rows=14 loops=10)
                                                                    Index Cond: (company_id = cn.id)
                                                                    Filter: (note ~~ '%(Blu-ray)%'::text)
                                                                    Rows Removed by Filter: 168
                                                        ->  Index Scan using movie_id_movie_info_idx on movie_info_idx mi_idx  (cost=0.43..3.06 rows=3 width=14) (actual time=0.003..0.004 rows=3 loops=135)
                                                              Index Cond: (movie_id = mc.movie_id)
                                            ->  Index Scan using title_pkey on title t  (cost=0.43..1.21 rows=1 width=21) (actual time=0.004..0.004 rows=0 loops=134)
                                                  Index Cond: (id = mi_idx.movie_id)
                                                  Filter: ((production_year > 2000) AND ((title ~~ '%Freddy%'::text) OR (title ~~ '%Jason%'::text) OR (title ~~ 'Saw%'::text)))
                                                  Rows Removed by Filter: 1
                                      ->  Index Scan using movie_id_cast_info on cast_info ci  (cost=0.56..32.53 rows=1 width=8) (actual time=0.063..0.086 rows=2 loops=7)
                                            Index Cond: (movie_id = mi_idx.movie_id)
                                            Filter: (note = ANY ('{(writer),"(head writer)","(written by)",(story),"(story editor)"}'::text[]))
                                            Rows Removed by Filter: 84
                                ->  Index Scan using name_pkey on name n  (cost=0.43..1.34 rows=1 width=19) (actual time=0.005..0.005 rows=1 loops=12)
                                      Index Cond: (id = ci.person_id)
                                      Filter: ((gender)::text = 'm'::text)
                          ->  Index Scan using movie_id_movie_info on movie_info mi  (cost=0.43..23.15 rows=1 width=50) (actual time=0.074..0.074 rows=2 loops=12)
                                Index Cond: (movie_id = mi_idx.movie_id)
                                Filter: (info = ANY ('{Horror,Thriller}'::text[]))
                                Rows Removed by Filter: 294
              ->  Index Scan using movie_id_movie_keyword on movie_keyword mk  (cost=0.43..2.02 rows=46 width=8) (actual time=0.004..0.027 rows=141 loops=19)
                    Index Cond: (movie_id = mi_idx.movie_id)
        ->  Index Scan using keyword_pkey on keyword k  (cost=0.42..0.97 rows=1 width=4) (actual time=0.002..0.002 rows=0 loops=2686)
              Index Cond: (id = mk.keyword_id)
              Filter: (keyword = ANY ('{murder,violence,blood,gore,death,female-nudity,hospital}'::text[]))
              Rows Removed by Filter: 1
Planning time: 29.003 ms
Execution time: 33.538 ms
