Aggregate  (cost=22713.57..22713.58 rows=1 width=128) (actual time=289.573..289.573 rows=1 loops=1)
  ->  Nested Loop  (cost=3468.07..22713.56 rows=1 width=80) (actual time=21.705..288.206 rows=2825 loops=1)
        Join Filter: (mi.movie_id = t.id)
        ->  Nested Loop  (cost=3467.64..22712.42 rows=1 width=83) (actual time=21.694..282.519 rows=2825 loops=1)
              ->  Nested Loop  (cost=3467.21..22711.08 rows=1 width=72) (actual time=21.684..276.194 rows=2825 loops=1)
                    ->  Nested Loop  (cost=3467.07..22710.90 rows=1 width=76) (actual time=21.679..272.617 rows=3007 loops=1)
                          Join Filter: (mi_idx.movie_id = mi.movie_id)
                          ->  Nested Loop  (cost=3466.63..22687.81 rows=1 width=26) (actual time=21.474..198.934 rows=1471 loops=1)
                                Join Filter: (mi_idx.movie_id = ci.movie_id)
                                ->  Hash Join  (cost=3466.07..22655.64 rows=1 width=18) (actual time=21.425..86.985 rows=1547 loops=1)
                                      Hash Cond: (mk.keyword_id = k.id)
                                      ->  Nested Loop  (cost=1.29..19011.84 rows=14180 width=22) (actual time=0.531..58.885 rows=72391 loops=1)
                                            ->  Nested Loop  (cost=0.86..15417.83 rows=1449 width=14) (actual time=0.523..30.595 rows=1449 loops=1)
                                                  Join Filter: (mi_idx.info_type_id = it2.id)
                                                  Rows Removed by Join Filter: 2921
                                                  ->  Seq Scan on info_type it2  (cost=0.00..2.41 rows=1 width=4) (actual time=0.016..0.019 rows=1 loops=1)
                                                        Filter: ((info)::text = 'votes'::text)
                                                        Rows Removed by Filter: 112
                                                  ->  Nested Loop  (cost=0.86..15360.80 rows=4370 width=18) (actual time=0.504..30.008 rows=4370 loops=1)
                                                        ->  Nested Loop  (cost=0.43..13358.86 rows=1814 width=4) (actual time=0.496..23.282 rows=1814 loops=1)
                                                              ->  Seq Scan on company_name cn  (cost=0.00..5932.46 rows=23 width=4) (actual time=0.479..21.463 rows=10 loops=1)
                                                                    Filter: (name ~~ 'Lionsgate%'::text)
                                                                    Rows Removed by Filter: 234987
                                                              ->  Index Scan using company_id_movie_companies on movie_companies mc  (cost=0.43..321.57 rows=132 width=8) (actual time=0.009..0.146 rows=181 loops=10)
                                                                    Index Cond: (company_id = cn.id)
                                                        ->  Index Scan using movie_id_movie_info_idx on movie_info_idx mi_idx  (cost=0.43..1.07 rows=3 width=14) (actual time=0.003..0.003 rows=2 loops=1814)
                                                              Index Cond: (movie_id = mc.movie_id)
                                            ->  Index Scan using movie_id_movie_keyword on movie_keyword mk  (cost=0.43..2.02 rows=46 width=8) (actual time=0.003..0.011 rows=50 loops=1449)
                                                  Index Cond: (movie_id = mi_idx.movie_id)
                                      ->  Hash  (cost=3464.69..3464.69 rows=7 width=4) (actual time=20.839..20.839 rows=7 loops=1)
                                            Buckets: 1024  Batches: 1  Memory Usage: 9kB
                                            ->  Seq Scan on keyword k  (cost=0.00..3464.69 rows=7 width=4) (actual time=0.642..20.836 rows=7 loops=1)
                                                  Filter: (keyword = ANY ('{murder,violence,blood,gore,death,female-nudity,hospital}'::text[]))
                                                  Rows Removed by Filter: 134163
                                ->  Index Scan using movie_id_cast_info on cast_info ci  (cost=0.56..32.16 rows=1 width=8) (actual time=0.051..0.072 rows=1 loops=1547)
                                      Index Cond: (movie_id = mk.movie_id)
                                      Filter: (note = ANY ('{(writer),"(head writer)","(written by)",(story),"(story editor)"}'::text[]))
                                      Rows Removed by Filter: 119
                          ->  Index Scan using movie_id_movie_info on movie_info mi  (cost=0.43..23.08 rows=1 width=50) (actual time=0.048..0.049 rows=2 loops=1471)
                                Index Cond: (movie_id = mk.movie_id)
                                Filter: (info = ANY ('{Horror,Action,Sci-Fi,Thriller,Crime,War}'::text[]))
                                Rows Removed by Filter: 172
                    ->  Index Scan using info_type_pkey on info_type it1  (cost=0.14..0.16 rows=1 width=4) (actual time=0.001..0.001 rows=1 loops=3007)
                          Index Cond: (id = mi.info_type_id)
                          Filter: ((info)::text = 'genres'::text)
                          Rows Removed by Filter: 0
              ->  Index Scan using name_pkey on name n  (cost=0.43..1.34 rows=1 width=19) (actual time=0.002..0.002 rows=1 loops=2825)
                    Index Cond: (id = ci.person_id)
        ->  Index Scan using title_pkey on title t  (cost=0.43..1.13 rows=1 width=21) (actual time=0.002..0.002 rows=1 loops=2825)
              Index Cond: (id = mk.movie_id)
Planning time: 28.731 ms
Execution time: 289.704 ms
