Aggregate  (cost=96340.12..96340.13 rows=1 width=128) (actual time=252.636..252.636 rows=1 loops=1)
  ->  Nested Loop  (cost=3467.93..96340.06 rows=6 width=80) (actual time=21.709..251.294 rows=2825 loops=1)
        Join Filter: (mi.movie_id = t.id)
        ->  Nested Loop  (cost=3467.50..96333.23 rows=6 width=83) (actual time=21.700..245.766 rows=2825 loops=1)
              ->  Hash Join  (cost=3467.07..96325.20 rows=6 width=72) (actual time=21.687..239.430 rows=2825 loops=1)
                    Hash Cond: (mk.keyword_id = k.id)
                    ->  Nested Loop  (cost=2.29..91504.43 rows=107406 width=76) (actual time=0.712..207.429 rows=107406 loops=1)
                          Join Filter: (mi.movie_id = mk.movie_id)
                          ->  Nested Loop  (cost=1.86..88904.32 rows=1017 width=68) (actual time=0.700..165.822 rows=1017 loops=1)
                                Join Filter: (mi.movie_id = ci.movie_id)
                                ->  Nested Loop  (cost=1.29..49029.48 rows=1235 width=60) (actual time=0.546..77.970 rows=1235 loops=1)
                                      Join Filter: (mi.info_type_id = it1.id)
                                      Rows Removed by Join Filter: 60
                                      ->  Seq Scan on info_type it1  (cost=0.00..2.41 rows=1 width=4) (actual time=0.009..0.017 rows=1 loops=1)
                                            Filter: ((info)::text = 'genres'::text)
                                            Rows Removed by Filter: 112
                                      ->  Nested Loop  (cost=1.29..49010.88 rows=1295 width=64) (actual time=0.536..77.694 rows=1295 loops=1)
                                            Join Filter: (mi_idx.movie_id = mi.movie_id)
                                            ->  Nested Loop  (cost=0.86..15417.83 rows=1449 width=14) (actual time=0.510..30.812 rows=1449 loops=1)
                                                  Join Filter: (mi_idx.info_type_id = it2.id)
                                                  Rows Removed by Join Filter: 2921
                                                  ->  Seq Scan on info_type it2  (cost=0.00..2.41 rows=1 width=4) (actual time=0.009..0.012 rows=1 loops=1)
                                                        Filter: ((info)::text = 'votes'::text)
                                                        Rows Removed by Filter: 112
                                                  ->  Nested Loop  (cost=0.86..15360.80 rows=4370 width=18) (actual time=0.500..30.238 rows=4370 loops=1)
                                                        ->  Nested Loop  (cost=0.43..13358.86 rows=1814 width=4) (actual time=0.492..23.402 rows=1814 loops=1)
                                                              ->  Seq Scan on company_name cn  (cost=0.00..5932.46 rows=23 width=4) (actual time=0.475..21.524 rows=10 loops=1)
                                                                    Filter: (name ~~ 'Lionsgate%'::text)
                                                                    Rows Removed by Filter: 234987
                                                              ->  Index Scan using company_id_movie_companies on movie_companies mc  (cost=0.43..321.57 rows=132 width=8) (actual time=0.009..0.150 rows=181 loops=10)
                                                                    Index Cond: (company_id = cn.id)
                                                        ->  Index Scan using movie_id_movie_info_idx on movie_info_idx mi_idx  (cost=0.43..1.07 rows=3 width=14) (actual time=0.003..0.003 rows=2 loops=1814)
                                                              Index Cond: (movie_id = mc.movie_id)
                                            ->  Index Scan using movie_id_movie_info on movie_info mi  (cost=0.43..23.17 rows=1 width=50) (actual time=0.031..0.032 rows=1 loops=1449)
                                                  Index Cond: (movie_id = mc.movie_id)
                                                  Filter: (info = ANY ('{Horror,Action,Sci-Fi,Thriller,Crime,War}'::text[]))
                                                  Rows Removed by Filter: 75
                                ->  Index Scan using movie_id_cast_info on cast_info ci  (cost=0.56..32.27 rows=1 width=8) (actual time=0.052..0.071 rows=1 loops=1235)
                                      Index Cond: (movie_id = mc.movie_id)
                                      Filter: (note = ANY ('{(writer),"(head writer)","(written by)",(story),"(story editor)"}'::text[]))
                                      Rows Removed by Filter: 102
                          ->  Index Scan using movie_id_movie_keyword on movie_keyword mk  (cost=0.43..1.98 rows=46 width=8) (actual time=0.003..0.020 rows=106 loops=1017)
                                Index Cond: (movie_id = mc.movie_id)
                    ->  Hash  (cost=3464.69..3464.69 rows=7 width=4) (actual time=20.959..20.959 rows=7 loops=1)
                          Buckets: 1024  Batches: 1  Memory Usage: 9kB
                          ->  Seq Scan on keyword k  (cost=0.00..3464.69 rows=7 width=4) (actual time=0.648..20.955 rows=7 loops=1)
                                Filter: (keyword = ANY ('{murder,violence,blood,gore,death,female-nudity,hospital}'::text[]))
                                Rows Removed by Filter: 134163
              ->  Index Scan using name_pkey on name n  (cost=0.43..1.34 rows=1 width=19) (actual time=0.002..0.002 rows=1 loops=2825)
                    Index Cond: (id = ci.person_id)
        ->  Index Scan using title_pkey on title t  (cost=0.43..1.13 rows=1 width=21) (actual time=0.002..0.002 rows=1 loops=2825)
              Index Cond: (id = mk.movie_id)
Planning time: 28.963 ms
Execution time: 252.745 ms
