Aggregate  (cost=5573.95..5573.96 rows=1 width=192) (actual time=8.095..8.095 rows=1 loops=1)
  ->  Nested Loop  (cost=41.18..5573.94 rows=1 width=84) (actual time=0.824..8.076 rows=8 loops=1)
        ->  Nested Loop  (cost=40.76..5573.50 rows=1 width=69) (actual time=0.818..8.052 rows=8 loops=1)
              Join Filter: (t2.id = mc2.movie_id)
              ->  Nested Loop  (cost=40.33..5572.76 rows=1 width=77) (actual time=0.809..8.035 rows=2 loops=1)
                    ->  Nested Loop  (cost=39.91..5572.31 rows=1 width=62) (actual time=0.794..7.984 rows=14 loops=1)
                          ->  Nested Loop  (cost=39.48..5571.70 rows=1 width=70) (actual time=0.783..7.950 rows=5 loops=1)
                                ->  Nested Loop  (cost=39.34..5571.38 rows=2 width=74) (actual time=0.777..7.935 rows=5 loops=1)
                                      Join Filter: (ml.movie_id = t1.id)
                                      ->  Nested Loop  (cost=38.91..5570.20 rows=2 width=49) (actual time=0.767..7.910 rows=5 loops=1)
                                            ->  Nested Loop  (cost=38.77..5567.90 rows=14 width=53) (actual time=0.755..7.882 rows=15 loops=1)
                                                  ->  Nested Loop  (cost=38.34..5557.54 rows=5 width=39) (actual time=0.747..7.856 rows=6 loops=1)
                                                        Join Filter: (t2.kind_id = kt2.id)
                                                        ->  Seq Scan on kind_type kt2  (cost=0.00..1.09 rows=1 width=4) (actual time=0.008..0.009 rows=1 loops=1)
                                                              Filter: ((kind)::text = 'tv series'::text)
                                                              Rows Removed by Filter: 6
                                                        ->  Nested Loop  (cost=38.34..5556.05 rows=32 width=43) (actual time=0.738..7.844 rows=6 loops=1)
                                                              Join Filter: (ml.linked_movie_id = t2.id)
                                                              ->  Nested Loop  (cost=37.91..5422.21 rows=181 width=18) (actual time=0.728..7.718 rows=34 loops=1)
                                                                    Join Filter: (mi_idx2.info_type_id = it2.id)
                                                                    Rows Removed by Join Filter: 2910
                                                                    ->  Seq Scan on info_type it2  (cost=0.00..2.41 rows=1 width=4) (actual time=0.009..0.011 rows=1 loops=1)
                                                                          Filter: ((info)::text = 'rating'::text)
                                                                          Rows Removed by Filter: 112
                                                                    ->  Nested Loop  (cost=37.91..5382.99 rows=2944 width=22) (actual time=0.088..7.443 rows=2944 loops=1)
                                                                          ->  Nested Loop  (cost=37.49..612.73 rows=2315 width=8) (actual time=0.073..1.034 rows=2315 loops=1)
                                                                                ->  Seq Scan on link_type lt  (cost=0.00..1.25 rows=3 width=4) (actual time=0.003..0.008 rows=2 loops=1)
                                                                                      Filter: ((link)::text = ANY ('{sequel,follows,"followed by"}'::text[]))
                                                                                      Rows Removed by Filter: 16
                                                                                ->  Bitmap Heap Scan on movie_link ml  (cost=37.49..185.08 rows=1875 width=12) (actual time=0.064..0.336 rows=1158 loops=2)
                                                                                      Recheck Cond: (link_type_id = lt.id)
                                                                                      Heap Blocks: exact=191
                                                                                      ->  Bitmap Index Scan on link_type_id_movie_link  (cost=0.00..37.02 rows=1875 width=0) (actual time=0.051..0.051 rows=1158 loops=2)
                                                                                            Index Cond: (link_type_id = lt.id)
                                                                          ->  Index Scan using movie_id_movie_info_idx on movie_info_idx mi_idx2  (cost=0.43..2.05 rows=1 width=14) (actual time=0.002..0.002 rows=1 loops=2315)
                                                                                Index Cond: (movie_id = ml.linked_movie_id)
                                                                                Filter: (info < '3.0'::text)
                                                                                Rows Removed by Filter: 1
                                                              ->  Index Scan using title_pkey on title t2  (cost=0.43..0.73 rows=1 width=25) (actual time=0.003..0.003 rows=0 loops=34)
                                                                    Index Cond: (id = mi_idx2.movie_id)
                                                                    Filter: ((production_year >= 2005) AND (production_year <= 2008))
                                                                    Rows Removed by Filter: 1
                                                  ->  Index Scan using movie_id_movie_info_idx on movie_info_idx mi_idx1  (cost=0.43..2.04 rows=3 width=14) (actual time=0.003..0.003 rows=2 loops=6)
                                                        Index Cond: (movie_id = ml.movie_id)
                                            ->  Index Scan using info_type_pkey on info_type it1  (cost=0.14..0.16 rows=1 width=4) (actual time=0.001..0.001 rows=0 loops=15)
                                                  Index Cond: (id = mi_idx1.info_type_id)
                                                  Filter: ((info)::text = 'rating'::text)
                                                  Rows Removed by Filter: 1
                                      ->  Index Scan using title_pkey on title t1  (cost=0.43..0.58 rows=1 width=25) (actual time=0.004..0.004 rows=1 loops=5)
                                            Index Cond: (id = mi_idx1.movie_id)
                                ->  Index Scan using kind_type_pkey on kind_type kt1  (cost=0.13..0.15 rows=1 width=4) (actual time=0.002..0.002 rows=1 loops=5)
                                      Index Cond: (id = t1.kind_id)
                                      Filter: ((kind)::text = 'tv series'::text)
                          ->  Index Scan using movie_id_movie_companies on movie_companies mc1  (cost=0.43..0.56 rows=5 width=8) (actual time=0.005..0.006 rows=3 loops=5)
                                Index Cond: (movie_id = t1.id)
                    ->  Index Scan using company_name_pkey on company_name cn1  (cost=0.42..0.45 rows=1 width=23) (actual time=0.003..0.003 rows=0 loops=14)
                          Index Cond: (id = mc1.company_id)
                          Filter: ((country_code)::text = '[us]'::text)
                          Rows Removed by Filter: 1
              ->  Index Scan using movie_id_movie_companies on movie_companies mc2  (cost=0.43..0.68 rows=5 width=8) (actual time=0.005..0.007 rows=4 loops=2)
                    Index Cond: (movie_id = mi_idx2.movie_id)
        ->  Index Scan using company_name_pkey on company_name cn2  (cost=0.42..0.44 rows=1 width=23) (actual time=0.003..0.003 rows=1 loops=8)
              Index Cond: (id = mc2.company_id)
Planning time: 252.072 ms
Execution time: 8.299 ms
