Aggregate  (cost=3711.93..3711.94 rows=1 width=192) (actual time=29.979..29.980 rows=1 loops=1)
  ->  Nested Loop  (cost=378.16..3711.91 rows=1 width=84) (actual time=5.844..29.963 rows=4 loops=1)
        ->  Nested Loop  (cost=378.03..3711.74 rows=1 width=88) (actual time=5.836..29.950 rows=4 loops=1)
              ->  Nested Loop  (cost=377.61..3711.30 rows=1 width=73) (actual time=5.826..29.929 rows=4 loops=1)
                    Join Filter: (t2.id = mc2.movie_id)
                    ->  Nested Loop  (cost=377.18..3710.56 rows=1 width=81) (actual time=5.818..29.917 rows=1 loops=1)
                          ->  Nested Loop  (cost=376.76..3710.11 rows=1 width=66) (actual time=5.808..29.895 rows=4 loops=1)
                                ->  Nested Loop  (cost=376.33..3709.50 rows=1 width=74) (actual time=5.796..29.873 rows=2 loops=1)
                                      Join Filter: (ml.linked_movie_id = t2.id)
                                      ->  Nested Loop  (cost=375.90..3707.29 rows=3 width=49) (actual time=5.790..29.781 rows=28 loops=1)
                                            Join Filter: (mi_idx2.info_type_id = it2.id)
                                            Rows Removed by Join Filter: 1581
                                            ->  Nested Loop  (cost=375.90..3701.35 rows=235 width=53) (actual time=1.616..29.168 rows=1609 loops=1)
                                                  ->  Nested Loop  (cost=375.47..3359.30 rows=166 width=39) (actual time=1.607..25.403 rows=1220 loops=1)
                                                        Join Filter: (t1.kind_id = kt1.id)
                                                        Rows Removed by Join Filter: 844
                                                        ->  Nested Loop  (cost=375.47..3340.79 rows=1161 width=43) (actual time=1.603..24.670 rows=2064 loops=1)
                                                              Join Filter: (ml.movie_id = t1.id)
                                                              ->  Nested Loop  (cost=375.04..2655.33 rows=1161 width=18) (actual time=1.594..20.757 rows=2064 loops=1)
                                                                    Join Filter: (mi_idx1.info_type_id = it1.id)
                                                                    Rows Removed by Join Filter: 4128
                                                                    ->  Merge Join  (cost=375.04..2560.04 rows=6192 width=22) (actual time=1.574..18.634 rows=6192 loops=1)
                                                                          Merge Cond: (mi_idx1.movie_id = ml.movie_id)
                                                                          ->  Index Scan using movie_id_movie_info_idx on movie_info_idx mi_idx1  (cost=0.43..43804.18 rows=1380035 width=14) (actual time=0.018..9.530 rows=63901 loops=1)
                                                                          ->  Sort  (cost=374.60..380.39 rows=2315 width=8) (actual time=1.527..2.010 rows=6443 loops=1)
                                                                                Sort Key: ml.movie_id
                                                                                Sort Method: quicksort  Memory: 205kB
                                                                                ->  Nested Loop  (cost=38.82..245.23 rows=2315 width=8) (actual time=0.073..1.021 rows=2315 loops=1)
                                                                                      ->  Seq Scan on link_type lt  (cost=0.00..1.23 rows=1 width=4) (actual time=0.005..0.009 rows=2 loops=1)
                                                                                            Filter: ((link)::text ~~ '%follow%'::text)
                                                                                            Rows Removed by Filter: 16
                                                                                      ->  Bitmap Heap Scan on movie_link ml  (cost=38.82..225.26 rows=1875 width=12) (actual time=0.058..0.318 rows=1158 loops=2)
                                                                                            Recheck Cond: (link_type_id = lt.id)
                                                                                            Heap Blocks: exact=191
                                                                                            ->  Bitmap Index Scan on link_type_id_movie_link  (cost=0.00..38.35 rows=1875 width=0) (actual time=0.046..0.046 rows=1158 loops=2)
                                                                                                  Index Cond: (link_type_id = lt.id)
                                                                    ->  Materialize  (cost=0.00..2.42 rows=1 width=4) (actual time=0.000..0.000 rows=1 loops=6192)
                                                                          ->  Seq Scan on info_type it1  (cost=0.00..2.41 rows=1 width=4) (actual time=0.010..0.011 rows=1 loops=1)
                                                                                Filter: ((info)::text = 'rating'::text)
                                                                                Rows Removed by Filter: 112
                                                              ->  Index Scan using title_pkey on title t1  (cost=0.43..0.58 rows=1 width=25) (actual time=0.001..0.001 rows=1 loops=2064)
                                                                    Index Cond: (id = mi_idx1.movie_id)
                                                        ->  Materialize  (cost=0.00..1.09 rows=1 width=4) (actual time=0.000..0.000 rows=1 loops=2064)
                                                              ->  Seq Scan on kind_type kt1  (cost=0.00..1.09 rows=1 width=4) (actual time=0.003..0.005 rows=1 loops=1)
                                                                    Filter: ((kind)::text = 'tv series'::text)
                                                                    Rows Removed by Filter: 6
                                                  ->  Index Scan using movie_id_movie_info_idx on movie_info_idx mi_idx2  (cost=0.43..2.05 rows=1 width=14) (actual time=0.002..0.003 rows=1 loops=1220)
                                                        Index Cond: (movie_id = ml.linked_movie_id)
                                                        Filter: (info < '3.0'::text)
                                                        Rows Removed by Filter: 1
                                            ->  Materialize  (cost=0.00..2.42 rows=1 width=4) (actual time=0.000..0.000 rows=1 loops=1609)
                                                  ->  Seq Scan on info_type it2  (cost=0.00..2.41 rows=1 width=4) (actual time=0.009..0.010 rows=1 loops=1)
                                                        Filter: ((info)::text = 'rating'::text)
                                                        Rows Removed by Filter: 112
                                      ->  Index Scan using title_pkey on title t2  (cost=0.43..0.72 rows=1 width=25) (actual time=0.003..0.003 rows=0 loops=28)
                                            Index Cond: (id = mi_idx2.movie_id)
                                            Filter: (production_year = 2007)
                                            Rows Removed by Filter: 1
                                ->  Index Scan using movie_id_movie_companies on movie_companies mc1  (cost=0.43..0.56 rows=5 width=8) (actual time=0.008..0.009 rows=2 loops=2)
                                      Index Cond: (movie_id = t1.id)
                          ->  Index Scan using company_name_pkey on company_name cn1  (cost=0.42..0.45 rows=1 width=23) (actual time=0.005..0.005 rows=0 loops=4)
                                Index Cond: (id = mc1.company_id)
                                Filter: ((country_code)::text = '[nl]'::text)
                                Rows Removed by Filter: 1
                    ->  Index Scan using movie_id_movie_companies on movie_companies mc2  (cost=0.43..0.68 rows=5 width=8) (actual time=0.006..0.008 rows=4 loops=1)
                          Index Cond: (movie_id = mi_idx2.movie_id)
              ->  Index Scan using company_name_pkey on company_name cn2  (cost=0.42..0.44 rows=1 width=23) (actual time=0.004..0.004 rows=1 loops=4)
                    Index Cond: (id = mc2.company_id)
        ->  Index Scan using kind_type_pkey on kind_type kt2  (cost=0.13..0.15 rows=1 width=4) (actual time=0.002..0.002 rows=1 loops=4)
              Index Cond: (id = t2.kind_id)
              Filter: ((kind)::text = 'tv series'::text)
Planning time: 253.070 ms
Execution time: 30.195 ms
