Aggregate  (cost=5089.60..5089.61 rows=1 width=192) (actual time=8.152..8.153 rows=1 loops=1)
  ->  Nested Loop  (cost=42.64..5089.58 rows=1 width=84) (actual time=0.809..8.133 rows=4 loops=1)
        ->  Nested Loop  (cost=42.22..5089.14 rows=1 width=69) (actual time=0.801..8.113 rows=4 loops=1)
              Join Filter: (t2.id = mc2.movie_id)
              ->  Nested Loop  (cost=41.79..5088.40 rows=1 width=77) (actual time=0.793..8.101 rows=1 loops=1)
                    ->  Nested Loop  (cost=41.37..5087.95 rows=1 width=62) (actual time=0.783..8.080 rows=4 loops=1)
                          ->  Nested Loop  (cost=40.94..5086.74 rows=2 width=70) (actual time=0.773..8.062 rows=2 loops=1)
                                ->  Nested Loop  (cost=40.81..5086.41 rows=2 width=74) (actual time=0.768..8.055 rows=2 loops=1)
                                      ->  Nested Loop  (cost=40.68..5086.09 rows=2 width=78) (actual time=0.761..8.044 rows=2 loops=1)
                                            Join Filter: (ml.movie_id = t1.id)
                                            ->  Nested Loop  (cost=40.25..5084.91 rows=2 width=53) (actual time=0.752..8.031 rows=2 loops=1)
                                                  ->  Nested Loop  (cost=40.10..5083.91 rows=6 width=57) (actual time=0.741..8.014 rows=6 loops=1)
                                                        ->  Nested Loop  (cost=39.68..5079.77 rows=2 width=43) (actual time=0.733..7.999 rows=2 loops=1)
                                                              Join Filter: (ml.linked_movie_id = t2.id)
                                                              ->  Nested Loop  (cost=39.25..5054.71 rows=34 width=18) (actual time=0.721..7.872 rows=34 loops=1)
                                                                    Join Filter: (mi_idx2.info_type_id = it2.id)
                                                                    Rows Removed by Join Filter: 2910
                                                                    ->  Seq Scan on info_type it2  (cost=0.00..2.41 rows=1 width=4) (actual time=0.016..0.017 rows=1 loops=1)
                                                                          Filter: ((info)::text = 'rating'::text)
                                                                          Rows Removed by Filter: 112
                                                                    ->  Nested Loop  (cost=39.25..5015.50 rows=2944 width=22) (actual time=0.087..7.602 rows=2944 loops=1)
                                                                          ->  Nested Loop  (cost=38.82..245.23 rows=2315 width=8) (actual time=0.074..1.077 rows=2315 loops=1)
                                                                                ->  Seq Scan on link_type lt  (cost=0.00..1.23 rows=1 width=4) (actual time=0.003..0.008 rows=2 loops=1)
                                                                                      Filter: ((link)::text ~~ '%follow%'::text)
                                                                                      Rows Removed by Filter: 16
                                                                                ->  Bitmap Heap Scan on movie_link ml  (cost=38.82..225.26 rows=1875 width=12) (actual time=0.062..0.343 rows=1158 loops=2)
                                                                                      Recheck Cond: (link_type_id = lt.id)
                                                                                      Heap Blocks: exact=191
                                                                                      ->  Bitmap Index Scan on link_type_id_movie_link  (cost=0.00..38.35 rows=1875 width=0) (actual time=0.048..0.048 rows=1158 loops=2)
                                                                                            Index Cond: (link_type_id = lt.id)
                                                                          ->  Index Scan using movie_id_movie_info_idx on movie_info_idx mi_idx2  (cost=0.43..2.05 rows=1 width=14) (actual time=0.002..0.002 rows=1 loops=2315)
                                                                                Index Cond: (movie_id = ml.linked_movie_id)
                                                                                Filter: (info < '3.0'::text)
                                                                                Rows Removed by Filter: 1
                                                              ->  Index Scan using title_pkey on title t2  (cost=0.43..0.72 rows=1 width=25) (actual time=0.003..0.003 rows=0 loops=34)
                                                                    Index Cond: (id = mi_idx2.movie_id)
                                                                    Filter: (production_year = 2007)
                                                                    Rows Removed by Filter: 1
                                                        ->  Index Scan using movie_id_movie_info_idx on movie_info_idx mi_idx1  (cost=0.43..2.04 rows=3 width=14) (actual time=0.005..0.006 rows=3 loops=2)
                                                              Index Cond: (movie_id = ml.movie_id)
                                                  ->  Index Scan using info_type_pkey on info_type it1  (cost=0.14..0.16 rows=1 width=4) (actual time=0.002..0.002 rows=0 loops=6)
                                                        Index Cond: (id = mi_idx1.info_type_id)
                                                        Filter: ((info)::text = 'rating'::text)
                                                        Rows Removed by Filter: 1
                                            ->  Index Scan using title_pkey on title t1  (cost=0.43..0.58 rows=1 width=25) (actual time=0.005..0.005 rows=1 loops=2)
                                                  Index Cond: (id = mi_idx1.movie_id)
                                      ->  Index Scan using kind_type_pkey on kind_type kt1  (cost=0.13..0.15 rows=1 width=4) (actual time=0.004..0.004 rows=1 loops=2)
                                            Index Cond: (id = t1.kind_id)
                                            Filter: ((kind)::text = 'tv series'::text)
                                ->  Index Scan using kind_type_pkey on kind_type kt2  (cost=0.13..0.15 rows=1 width=4) (actual time=0.003..0.003 rows=1 loops=2)
                                      Index Cond: (id = t2.kind_id)
                                      Filter: ((kind)::text = 'tv series'::text)
                          ->  Index Scan using movie_id_movie_companies on movie_companies mc1  (cost=0.43..0.56 rows=5 width=8) (actual time=0.007..0.008 rows=2 loops=2)
                                Index Cond: (movie_id = t1.id)
                    ->  Index Scan using company_name_pkey on company_name cn1  (cost=0.42..0.45 rows=1 width=23) (actual time=0.005..0.005 rows=0 loops=4)
                          Index Cond: (id = mc1.company_id)
                          Filter: ((country_code)::text = '[nl]'::text)
                          Rows Removed by Filter: 1
              ->  Index Scan using movie_id_movie_companies on movie_companies mc2  (cost=0.43..0.68 rows=5 width=8) (actual time=0.007..0.010 rows=4 loops=1)
                    Index Cond: (movie_id = mi_idx2.movie_id)
        ->  Index Scan using company_name_pkey on company_name cn2  (cost=0.42..0.44 rows=1 width=23) (actual time=0.004..0.004 rows=1 loops=4)
              Index Cond: (id = mc2.company_id)
Planning time: 253.450 ms
Execution time: 8.365 ms
