Aggregate  (cost=4445.77..4445.78 rows=1 width=192) (actual time=27.587..27.587 rows=1 loops=1)
  ->  Nested Loop  (cost=384.11..4445.75 rows=1 width=84) (actual time=5.211..27.566 rows=4 loops=1)
        ->  Nested Loop  (cost=383.98..4445.58 rows=1 width=88) (actual time=5.202..27.554 rows=4 loops=1)
              ->  Nested Loop  (cost=383.56..4445.14 rows=1 width=73) (actual time=5.198..27.537 rows=4 loops=1)
                    Join Filter: (t2.id = mc2.movie_id)
                    ->  Nested Loop  (cost=383.13..4444.40 rows=1 width=81) (actual time=5.190..27.526 rows=1 loops=1)
                          ->  Nested Loop  (cost=382.71..4443.95 rows=1 width=66) (actual time=5.183..27.508 rows=4 loops=1)
                                ->  Nested Loop  (cost=382.28..4443.35 rows=1 width=74) (actual time=5.177..27.493 rows=2 loops=1)
                                      Join Filter: (ml.linked_movie_id = t2.id)
                                      ->  Nested Loop  (cost=381.85..4440.40 rows=4 width=49) (actual time=5.172..27.399 rows=28 loops=1)
                                            Join Filter: (it2.id = mi_idx2.info_type_id)
                                            Rows Removed by Join Filter: 1581
                                            ->  Hash Join  (cost=381.42..3831.79 rows=295 width=43) (actual time=1.602..23.697 rows=1220 loops=1)
                                                  Hash Cond: (t1.kind_id = kt1.id)
                                                  ->  Nested Loop  (cost=380.32..3807.25 rows=2064 width=47) (actual time=1.579..23.291 rows=2064 loops=1)
                                                        Join Filter: (ml.movie_id = t1.id)
                                                        ->  Hash Join  (cost=379.89..2588.66 rows=2064 width=22) (actual time=1.570..19.289 rows=2064 loops=1)
                                                              Hash Cond: (mi_idx1.info_type_id = it1.id)
                                                              ->  Merge Join  (cost=375.04..2560.04 rows=6192 width=22) (actual time=1.537..18.364 rows=6192 loops=1)
                                                                    Merge Cond: (mi_idx1.movie_id = ml.movie_id)
                                                                    ->  Index Scan using movie_id_movie_info_idx on movie_info_idx mi_idx1  (cost=0.43..43804.18 rows=1380035 width=14) (actual time=0.015..9.414 rows=63901 loops=1)
                                                                    ->  Sort  (cost=374.60..380.39 rows=2315 width=8) (actual time=1.493..1.988 rows=6443 loops=1)
                                                                          Sort Key: ml.movie_id
                                                                          Sort Method: quicksort  Memory: 205kB
                                                                          ->  Nested Loop  (cost=38.82..245.23 rows=2315 width=8) (actual time=0.069..0.983 rows=2315 loops=1)
                                                                                ->  Seq Scan on link_type lt  (cost=0.00..1.23 rows=1 width=4) (actual time=0.003..0.006 rows=2 loops=1)
                                                                                      Filter: ((link)::text ~~ '%follow%'::text)
                                                                                      Rows Removed by Filter: 16
                                                                                ->  Bitmap Heap Scan on movie_link ml  (cost=38.82..225.26 rows=1875 width=12) (actual time=0.058..0.306 rows=1158 loops=2)
                                                                                      Recheck Cond: (link_type_id = lt.id)
                                                                                      Heap Blocks: exact=191
                                                                                      ->  Bitmap Index Scan on link_type_id_movie_link  (cost=0.00..38.35 rows=1875 width=0) (actual time=0.046..0.046 rows=1158 loops=2)
                                                                                            Index Cond: (link_type_id = lt.id)
                                                              ->  Hash  (cost=4.83..4.83 rows=1 width=8) (actual time=0.022..0.022 rows=1 loops=1)
                                                                    Buckets: 1024  Batches: 1  Memory Usage: 9kB
                                                                    ->  Nested Loop  (cost=0.00..4.83 rows=1 width=8) (actual time=0.017..0.019 rows=1 loops=1)
                                                                          ->  Seq Scan on info_type it1  (cost=0.00..2.41 rows=1 width=4) (actual time=0.010..0.011 rows=1 loops=1)
                                                                                Filter: ((info)::text = 'rating'::text)
                                                                                Rows Removed by Filter: 112
                                                                          ->  Seq Scan on info_type it2  (cost=0.00..2.41 rows=1 width=4) (actual time=0.006..0.007 rows=1 loops=1)
                                                                                Filter: ((info)::text = 'rating'::text)
                                                                                Rows Removed by Filter: 112
                                                        ->  Index Scan using title_pkey on title t1  (cost=0.43..0.58 rows=1 width=25) (actual time=0.002..0.002 rows=1 loops=2064)
                                                              Index Cond: (id = mi_idx1.movie_id)
                                                  ->  Hash  (cost=1.09..1.09 rows=1 width=4) (actual time=0.012..0.012 rows=1 loops=1)
                                                        Buckets: 1024  Batches: 1  Memory Usage: 9kB
                                                        ->  Seq Scan on kind_type kt1  (cost=0.00..1.09 rows=1 width=4) (actual time=0.008..0.009 rows=1 loops=1)
                                                              Filter: ((kind)::text = 'tv series'::text)
                                                              Rows Removed by Filter: 6
                                            ->  Index Scan using movie_id_movie_info_idx on movie_info_idx mi_idx2  (cost=0.43..2.05 rows=1 width=14) (actual time=0.002..0.003 rows=1 loops=1220)
                                                  Index Cond: (movie_id = ml.linked_movie_id)
                                                  Filter: (info < '3.0'::text)
                                                  Rows Removed by Filter: 1
                                      ->  Index Scan using title_pkey on title t2  (cost=0.43..0.72 rows=1 width=25) (actual time=0.003..0.003 rows=0 loops=28)
                                            Index Cond: (id = mi_idx2.movie_id)
                                            Filter: (production_year = 2007)
                                            Rows Removed by Filter: 1
                                ->  Index Scan using movie_id_movie_companies on movie_companies mc1  (cost=0.43..0.56 rows=5 width=8) (actual time=0.005..0.006 rows=2 loops=2)
                                      Index Cond: (movie_id = t1.id)
                          ->  Index Scan using company_name_pkey on company_name cn1  (cost=0.42..0.45 rows=1 width=23) (actual time=0.004..0.004 rows=0 loops=4)
                                Index Cond: (id = mc1.company_id)
                                Filter: ((country_code)::text = '[nl]'::text)
                                Rows Removed by Filter: 1
                    ->  Index Scan using movie_id_movie_companies on movie_companies mc2  (cost=0.43..0.68 rows=5 width=8) (actual time=0.006..0.008 rows=4 loops=1)
                          Index Cond: (movie_id = mi_idx2.movie_id)
              ->  Index Scan using company_name_pkey on company_name cn2  (cost=0.42..0.44 rows=1 width=23) (actual time=0.003..0.003 rows=1 loops=4)
                    Index Cond: (id = mc2.company_id)
        ->  Index Scan using kind_type_pkey on kind_type kt2  (cost=0.13..0.15 rows=1 width=4) (actual time=0.002..0.002 rows=1 loops=4)
              Index Cond: (id = t2.kind_id)
              Filter: ((kind)::text = 'tv series'::text)
Planning time: 253.408 ms
Execution time: 27.803 ms
