Aggregate  (cost=5523.89..5523.90 rows=1 width=192) (actual time=9.207..9.207 rows=1 loops=1)
  ->  Nested Loop  (cost=40.90..5523.62 rows=18 width=84) (actual time=0.829..9.123 rows=114 loops=1)
        ->  Nested Loop  (cost=40.48..5515.64 rows=18 width=69) (actual time=0.822..8.894 rows=114 loops=1)
              ->  Nested Loop  (cost=40.05..5513.64 rows=3 width=77) (actual time=0.814..8.743 rows=46 loops=1)
                    ->  Nested Loop  (cost=39.63..5510.52 rows=7 width=62) (actual time=0.804..8.617 rows=51 loops=1)
                          Join Filter: (mi_idx1.info_type_id = it1.id)
                          Rows Removed by Join Filter: 102
                          ->  Seq Scan on info_type it1  (cost=0.00..2.41 rows=1 width=4) (actual time=0.015..0.016 rows=1 loops=1)
                                Filter: ((info)::text = 'rating'::text)
                                Rows Removed by Filter: 112
                          ->  Nested Loop  (cost=39.63..5507.53 rows=46 width=66) (actual time=0.773..8.580 rows=153 loops=1)
                                ->  Nested Loop  (cost=39.20..5504.49 rows=5 width=74) (actual time=0.763..8.391 rows=57 loops=1)
                                      Join Filter: (t1.kind_id = kt1.id)
                                      ->  Nested Loop  (cost=39.20..5502.91 rows=17 width=78) (actual time=0.758..8.364 rows=57 loops=1)
                                            Join Filter: (ml.movie_id = t1.id)
                                            ->  Nested Loop  (cost=38.77..5492.87 rows=17 width=53) (actual time=0.749..8.238 rows=57 loops=1)
                                                  ->  Nested Loop  (cost=38.34..5482.51 rows=5 width=39) (actual time=0.741..8.165 rows=21 loops=1)
                                                        Join Filter: (t2.kind_id = kt2.id)
                                                        Rows Removed by Join Filter: 16
                                                        ->  Nested Loop  (cost=38.34..5480.87 rows=19 width=43) (actual time=0.733..8.140 rows=29 loops=1)
                                                              Join Filter: (ml.linked_movie_id = t2.id)
                                                              ->  Nested Loop  (cost=37.91..5447.06 rows=47 width=18) (actual time=0.714..7.968 rows=47 loops=1)
                                                                    Join Filter: (mi_idx2.info_type_id = it2.id)
                                                                    Rows Removed by Join Filter: 3033
                                                                    ->  Seq Scan on info_type it2  (cost=0.00..2.41 rows=1 width=4) (actual time=0.007..0.008 rows=1 loops=1)
                                                                          Filter: ((info)::text = 'rating'::text)
                                                                          Rows Removed by Filter: 112
                                                                    ->  Nested Loop  (cost=37.91..5406.14 rows=3080 width=22) (actual time=0.090..7.699 rows=3080 loops=1)
                                                                          ->  Nested Loop  (cost=37.49..612.73 rows=2315 width=8) (actual time=0.075..1.080 rows=2315 loops=1)
                                                                                ->  Seq Scan on link_type lt  (cost=0.00..1.25 rows=3 width=4) (actual time=0.004..0.007 rows=2 loops=1)
                                                                                      Filter: ((link)::text = ANY ('{sequel,follows,"followed by"}'::text[]))
                                                                                      Rows Removed by Filter: 16
                                                                                ->  Bitmap Heap Scan on movie_link ml  (cost=37.49..185.08 rows=1875 width=12) (actual time=0.059..0.337 rows=1158 loops=2)
                                                                                      Recheck Cond: (link_type_id = lt.id)
                                                                                      Heap Blocks: exact=191
                                                                                      ->  Bitmap Index Scan on link_type_id_movie_link  (cost=0.00..37.02 rows=1875 width=0) (actual time=0.046..0.046 rows=1158 loops=2)
                                                                                            Index Cond: (link_type_id = lt.id)
                                                                          ->  Index Scan using movie_id_movie_info_idx on movie_info_idx mi_idx2  (cost=0.43..2.05 rows=2 width=14) (actual time=0.002..0.002 rows=1 loops=2315)
                                                                                Index Cond: (movie_id = ml.linked_movie_id)
                                                                                Filter: (info < '3.5'::text)
                                                                                Rows Removed by Filter: 1
                                                              ->  Index Scan using title_pkey on title t2  (cost=0.43..0.71 rows=1 width=25) (actual time=0.003..0.003 rows=1 loops=47)
                                                                    Index Cond: (id = mi_idx2.movie_id)
                                                                    Filter: ((production_year >= 2000) AND (production_year <= 2010))
                                                                    Rows Removed by Filter: 0
                                                        ->  Materialize  (cost=0.00..1.10 rows=2 width=4) (actual time=0.000..0.000 rows=1 loops=29)
                                                              ->  Seq Scan on kind_type kt2  (cost=0.00..1.09 rows=2 width=4) (actual time=0.003..0.005 rows=2 loops=1)
                                                                    Filter: ((kind)::text = ANY ('{"tv series",episode}'::text[]))
                                                                    Rows Removed by Filter: 5
                                                  ->  Index Scan using movie_id_movie_info_idx on movie_info_idx mi_idx1  (cost=0.43..2.04 rows=3 width=14) (actual time=0.002..0.003 rows=3 loops=21)
                                                        Index Cond: (movie_id = ml.movie_id)
                                            ->  Index Scan using title_pkey on title t1  (cost=0.43..0.58 rows=1 width=25) (actual time=0.002..0.002 rows=1 loops=57)
                                                  Index Cond: (id = mi_idx1.movie_id)
                                      ->  Materialize  (cost=0.00..1.10 rows=2 width=4) (actual time=0.000..0.000 rows=1 loops=57)
                                            ->  Seq Scan on kind_type kt1  (cost=0.00..1.09 rows=2 width=4) (actual time=0.001..0.001 rows=1 loops=1)
                                                  Filter: ((kind)::text = ANY ('{"tv series",episode}'::text[]))
                                                  Rows Removed by Filter: 1
                                ->  Index Scan using movie_id_movie_companies on movie_companies mc1  (cost=0.43..0.56 rows=5 width=8) (actual time=0.002..0.003 rows=3 loops=57)
                                      Index Cond: (movie_id = t1.id)
                    ->  Index Scan using company_name_pkey on company_name cn1  (cost=0.42..0.45 rows=1 width=23) (actual time=0.002..0.002 rows=1 loops=51)
                          Index Cond: (id = mc1.company_id)
                          Filter: ((country_code)::text <> '[us]'::text)
                          Rows Removed by Filter: 0
              ->  Index Scan using movie_id_movie_companies on movie_companies mc2  (cost=0.43..0.62 rows=5 width=8) (actual time=0.002..0.003 rows=2 loops=46)
                    Index Cond: (movie_id = t2.id)
        ->  Index Scan using company_name_pkey on company_name cn2  (cost=0.42..0.44 rows=1 width=23) (actual time=0.002..0.002 rows=1 loops=114)
              Index Cond: (id = mc2.company_id)
Planning time: 158.419 ms
Execution time: 9.404 ms
