Aggregate  (cost=23567.49..23567.50 rows=1 width=64) (actual time=67.086..67.086 rows=1 loops=1)
  ->  Nested Loop  (cost=7.60..23555.70 rows=2358 width=23) (actual time=2.671..66.849 rows=740 loops=1)
        Join Filter: (mi_idx.info_type_id = it.id)
        Rows Removed by Join Filter: 405
        ->  Seq Scan on info_type it  (cost=0.00..2.41 rows=1 width=4) (actual time=0.009..0.011 rows=1 loops=1)
              Filter: ((info)::text = 'rating'::text)
              Rows Removed by Filter: 112
        ->  Nested Loop  (cost=7.60..23538.97 rows=1145 width=27) (actual time=2.660..66.646 rows=1145 loops=1)
              Join Filter: (t.id = mi_idx.movie_id)
              ->  Nested Loop  (cost=7.17..22398.31 rows=2235 width=25) (actual time=2.652..60.200 rows=2235 loops=1)
                    ->  Nested Loop  (cost=6.74..16055.17 rows=12951 width=4) (actual time=2.269..29.019 rows=12951 loops=1)
                          ->  Seq Scan on keyword k  (cost=0.00..2626.12 rows=13 width=4) (actual time=0.905..16.171 rows=30 loops=1)
                                Filter: (keyword ~~ '%sequel%'::text)
                                Rows Removed by Filter: 134140
                          ->  Bitmap Heap Scan on movie_keyword mk  (cost=6.74..1030.02 rows=298 width=8) (actual time=0.059..0.363 rows=432 loops=30)
                                Recheck Cond: (keyword_id = k.id)
                                Heap Blocks: exact=6979
                                ->  Bitmap Index Scan on keyword_id_movie_keyword  (cost=0.00..6.67 rows=298 width=0) (actual time=0.032..0.032 rows=432 loops=30)
                                      Index Cond: (keyword_id = k.id)
                    ->  Index Scan using title_pkey on title t  (cost=0.43..0.49 rows=1 width=21) (actual time=0.002..0.002 rows=0 loops=12951)
                          Index Cond: (id = mk.movie_id)
                          Filter: (production_year > 2005)
                          Rows Removed by Filter: 1
              ->  Index Scan using movie_id_movie_info_idx on movie_info_idx mi_idx  (cost=0.43..0.50 rows=1 width=14) (actual time=0.002..0.003 rows=1 loops=2235)
                    Index Cond: (movie_id = mk.movie_id)
                    Filter: (info > '5.0'::text)
                    Rows Removed by Filter: 1
Planning time: 0.900 ms
Execution time: 67.128 ms
