Aggregate  (cost=175857.97..175857.98 rows=1 width=96) (actual time=1788.181..1788.181 rows=1 loops=1)
  ->  Hash Join  (cost=67985.79..175857.33 rows=85 width=48) (actual time=1355.512..1788.143 rows=88 loops=1)
        Hash Cond: (n.id = ci.person_id)
        ->  Seq Scan on name n  (cost=0.00..107706.64 rows=414 width=19) (actual time=52.595..485.199 rows=2 loops=1)
              Filter: (name ~~ '%Downey%Robert%'::text)
              Rows Removed by Filter: 4167489
        ->  Hash  (cost=57243.16..57243.16 rows=859411 width=37) (actual time=1300.354..1300.354 rows=785477 loops=1)
              Buckets: 1048576  Batches: 1  Memory Usage: 57614kB
              ->  Nested Loop  (cost=7.74..57243.16 rows=859411 width=37) (actual time=0.568..1068.343 rows=785477 loops=1)
                    Join Filter: (t.id = ci.movie_id)
                    ->  Nested Loop  (cost=7.17..29532.24 rows=14165 width=41) (actual time=0.557..179.325 rows=14165 loops=1)
                          ->  Nested Loop  (cost=6.74..12121.56 rows=35548 width=20) (actual time=0.545..71.974 rows=35548 loops=1)
                                ->  Seq Scan on keyword k  (cost=0.00..3632.40 rows=8 width=20) (actual time=0.097..23.563 rows=8 loops=1)
                                      Filter: (keyword = ANY ('{superhero,sequel,second-part,marvel-comics,based-on-comic,tv-special,fight,violence}'::text[]))
                                      Rows Removed by Filter: 134162
                                ->  Bitmap Heap Scan on movie_keyword mk  (cost=6.74..1058.16 rows=298 width=8) (actual time=0.924..5.228 rows=4444 loops=8)
                                      Recheck Cond: (keyword_id = k.id)
                                      Heap Blocks: exact=23488
                                      ->  Bitmap Index Scan on keyword_id_movie_keyword  (cost=0.00..6.67 rows=298 width=0) (actual time=0.547..0.547 rows=4444 loops=8)
                                            Index Cond: (keyword_id = k.id)
                          ->  Index Scan using title_pkey on title t  (cost=0.43..0.49 rows=1 width=21) (actual time=0.003..0.003 rows=0 loops=35548)
                                Index Cond: (id = mk.movie_id)
                                Filter: (production_year > 2000)
                                Rows Removed by Filter: 1
                    ->  Index Scan using movie_id_cast_info on cast_info ci  (cost=0.56..1.51 rows=36 width=8) (actual time=0.004..0.052 rows=55 loops=14165)
                          Index Cond: (movie_id = mk.movie_id)
Planning time: 0.912 ms
Execution time: 1789.023 ms
