Aggregate  (cost=71009.80..71009.81 rows=1 width=96) (actual time=3981.287..3981.287 rows=1 loops=1)
  ->  Nested Loop  (cost=8.17..70956.79 rows=7068 width=48) (actual time=0.475..3727.095 rows=785477 loops=1)
        ->  Nested Loop  (cost=7.74..67738.68 rows=7068 width=37) (actual time=0.469..1091.714 rows=785477 loops=1)
              Join Filter: (t.id = ci.movie_id)
              ->  Nested Loop  (cost=7.17..29532.24 rows=19530 width=41) (actual time=0.464..184.012 rows=14165 loops=1)
                    ->  Nested Loop  (cost=6.74..12121.56 rows=35548 width=20) (actual time=0.457..72.667 rows=35548 loops=1)
                          ->  Seq Scan on keyword k  (cost=0.00..3632.40 rows=8 width=20) (actual time=0.088..23.304 rows=8 loops=1)
                                Filter: (keyword = ANY ('{superhero,sequel,second-part,marvel-comics,based-on-comic,tv-special,fight,violence}'::text[]))
                                Rows Removed by Filter: 134162
                          ->  Bitmap Heap Scan on movie_keyword mk  (cost=6.74..1058.16 rows=298 width=8) (actual time=0.794..5.313 rows=4444 loops=8)
                                Recheck Cond: (keyword_id = k.id)
                                Heap Blocks: exact=23488
                                ->  Bitmap Index Scan on keyword_id_movie_keyword  (cost=0.00..6.67 rows=298 width=0) (actual time=0.418..0.418 rows=4444 loops=8)
                                      Index Cond: (keyword_id = k.id)
                    ->  Index Scan using title_pkey on title t  (cost=0.43..0.49 rows=1 width=21) (actual time=0.003..0.003 rows=0 loops=35548)
                          Index Cond: (id = mk.movie_id)
                          Filter: (production_year > 2000)
                          Rows Removed by Filter: 1
              ->  Index Scan using movie_id_cast_info on cast_info ci  (cost=0.56..1.51 rows=36 width=8) (actual time=0.004..0.052 rows=55 loops=14165)
                    Index Cond: (movie_id = mk.movie_id)
        ->  Index Scan using name_pkey on name n  (cost=0.43..0.46 rows=1 width=19) (actual time=0.003..0.003 rows=1 loops=785477)
              Index Cond: (id = ci.person_id)
Planning time: 0.780 ms
Execution time: 3981.335 ms
