Aggregate  (cost=222432.43..222432.44 rows=1 width=96) (actual time=3485.274..3485.274 rows=1 loops=1)
  ->  Hash Join  (cost=149389.28..216541.35 rows=785477 width=48) (actual time=1795.690..3237.794 rows=785477 loops=1)
        Hash Cond: (ci.person_id = n.id)
        ->  Nested Loop  (cost=7.74..57243.16 rows=785477 width=37) (actual time=0.470..1050.541 rows=785477 loops=1)
              Join Filter: (t.id = ci.movie_id)
              ->  Nested Loop  (cost=7.17..29532.24 rows=14165 width=41) (actual time=0.464..178.643 rows=14165 loops=1)
                    ->  Nested Loop  (cost=6.74..12121.56 rows=35548 width=20) (actual time=0.458..71.335 rows=35548 loops=1)
                          ->  Seq Scan on keyword k  (cost=0.00..3632.40 rows=8 width=20) (actual time=0.089..23.484 rows=8 loops=1)
                                Filter: (keyword = ANY ('{superhero,sequel,second-part,marvel-comics,based-on-comic,tv-special,fight,violence}'::text[]))
                                Rows Removed by Filter: 134162
                          ->  Bitmap Heap Scan on movie_keyword mk  (cost=6.74..1058.16 rows=298 width=8) (actual time=0.876..5.166 rows=4444 loops=8)
                                Recheck Cond: (keyword_id = k.id)
                                Heap Blocks: exact=23488
                                ->  Bitmap Index Scan on keyword_id_movie_keyword  (cost=0.00..6.67 rows=298 width=0) (actual time=0.494..0.494 rows=4444 loops=8)
                                      Index Cond: (keyword_id = k.id)
                    ->  Index Scan using title_pkey on title t  (cost=0.43..0.49 rows=1 width=21) (actual time=0.003..0.003 rows=0 loops=35548)
                          Index Cond: (id = mk.movie_id)
                          Filter: (production_year > 2000)
                          Rows Removed by Filter: 1
              ->  Index Scan using movie_id_cast_info on cast_info ci  (cost=0.56..1.51 rows=36 width=8) (actual time=0.004..0.051 rows=55 loops=14165)
                    Index Cond: (movie_id = mk.movie_id)
        ->  Hash  (cost=97287.91..97287.91 rows=4167491 width=19) (actual time=1786.658..1786.658 rows=4167491 loops=1)
              Buckets: 4194304  Batches: 1  Memory Usage: 248744kB
              ->  Seq Scan on name n  (cost=0.00..97287.91 rows=4167491 width=19) (actual time=0.009..653.494 rows=4167491 loops=1)
Planning time: 0.888 ms
Execution time: 3492.815 ms
