Aggregate  (cost=175791.37..175791.38 rows=1 width=64) (actual time=3317.412..3317.412 rows=1 loops=1)
  ->  Nested Loop  (cost=35800.82..175791.35 rows=4 width=109) (actual time=316.582..3051.469 rows=68185 loops=1)
        ->  Hash Join  (cost=35800.39..175788.15 rows=7 width=117) (actual time=316.566..2825.768 rows=109842 loops=1)
              Hash Cond: (ml.link_type_id = lt.id)
              ->  Nested Loop  (cost=35799.07..175786.44 rows=32 width=121) (actual time=316.550..2796.164 rows=127027 loops=1)
                    ->  Nested Loop  (cost=35798.79..175491.18 rows=862 width=113) (actual time=316.515..1216.372 rows=1618304 loops=1)
                          ->  Nested Loop  (cost=35798.22..173545.37 rows=111 width=121) (actual time=316.503..624.147 rows=12595 loops=1)
                                ->  Hash Join  (cost=35797.79..109209.33 rows=72979 width=102) (actual time=316.455..441.108 rows=72979 loops=1)
                                      Hash Cond: (pi.person_id = an.person_id)
                                      ->  Nested Loop  (cost=2491.68..55265.51 rows=84183 width=98) (actual time=14.198..97.815 rows=84183 loops=1)
                                            ->  Seq Scan on info_type it  (cost=0.00..2.41 rows=1 width=4) (actual time=0.004..0.013 rows=1 loops=1)
                                                  Filter: ((info)::text = 'mini biography'::text)
                                                  Rows Removed by Filter: 112
                                            ->  Bitmap Heap Scan on person_info pi  (cost=2491.68..55226.58 rows=3651 width=102) (actual time=14.192..85.613 rows=84183 loops=1)
                                                  Recheck Cond: (info_type_id = it.id)
                                                  Filter: (note IS NOT NULL)
                                                  Rows Removed by Filter: 1
                                                  Heap Blocks: exact=40387
                                                  ->  Bitmap Index Scan on info_type_id_person_info  (cost=0.00..2490.77 rows=134712 width=0) (actual time=8.411..8.411 rows=84184 loops=1)
                                                        Index Cond: (info_type_id = it.id)
                                      ->  Hash  (cost=24916.14..24916.14 rows=671197 width=4) (actual time=299.782..299.782 rows=686095 loops=1)
                                            Buckets: 1048576  Batches: 1  Memory Usage: 32313kB
                                            ->  Seq Scan on aka_name an  (cost=0.00..24916.14 rows=671197 width=4) (actual time=0.010..170.733 rows=686095 loops=1)
                                                  Filter: ((name IS NOT NULL) AND ((name ~~ '%a%'::text) OR (name ~~ 'A%'::text)))
                                                  Rows Removed by Filter: 215248
                                ->  Index Scan using name_pkey on name n  (cost=0.43..0.88 rows=1 width=19) (actual time=0.002..0.002 rows=0 loops=72979)
                                      Index Cond: (id = an.person_id)
                                      Filter: (((name_pcode_cf)::text >= 'A'::text) AND ((name_pcode_cf)::text <= 'F'::text) AND (((gender)::text = 'm'::text) OR (((gender)::text = 'f'::text) AND (name ~~ 'A%'::text))))
                                      Rows Removed by Filter: 1
                          ->  Index Scan using person_id_cast_info on cast_info ci  (cost=0.56..12.44 rows=509 width=8) (actual time=0.003..0.026 rows=128 loops=12595)
                                Index Cond: (person_id = n.id)
                    ->  Index Scan using linked_movie_id_movie_link on movie_link ml  (cost=0.29..0.32 rows=2 width=8) (actual time=0.001..0.001 rows=0 loops=1618304)
                          Index Cond: (linked_movie_id = ci.movie_id)
              ->  Hash  (cost=1.27..1.27 rows=4 width=4) (actual time=0.010..0.010 rows=4 loops=1)
                    Buckets: 1024  Batches: 1  Memory Usage: 9kB
                    ->  Seq Scan on link_type lt  (cost=0.00..1.27 rows=4 width=4) (actual time=0.005..0.008 rows=4 loops=1)
                          Filter: ((link)::text = ANY ('{references,"referenced in",features,"featured in"}'::text[]))
                          Rows Removed by Filter: 14
        ->  Index Scan using title_pkey on title t  (cost=0.43..0.46 rows=1 width=4) (actual time=0.002..0.002 rows=1 loops=109842)
              Index Cond: (id = ci.movie_id)
              Filter: ((production_year >= 1980) AND (production_year <= 2010))
              Rows Removed by Filter: 0
Planning time: 3.647 ms
Execution time: 3317.600 ms
