Aggregate  (cost=619623.05..619623.06 rows=1 width=64) (actual time=8067.298..8067.298 rows=1 loops=1)
  ->  Hash Join  (cost=578006.72..607184.99 rows=2487611 width=33) (actual time=6974.197..7572.915 rows=2487611 loops=1)
        Hash Cond: (a1.person_id = n1.id)
        ->  Seq Scan on aka_name a1  (cost=0.00..20409.43 rows=901343 width=20) (actual time=0.004..76.398 rows=901343 loops=1)
        ->  Hash  (cost=553373.49..553373.49 rows=1970658 width=25) (actual time=6969.768..6969.768 rows=1970658 loops=1)
              Buckets: 2097152  Batches: 1  Memory Usage: 129183kB
              ->  Hash Join  (cost=356079.84..553373.49 rows=1970658 width=25) (actual time=4092.224..6571.545 rows=1970658 loops=1)
                    Hash Cond: (ci.person_id = n1.id)
                    ->  Hash Join  (cost=206698.29..379112.39 rows=1970658 width=21) (actual time=2648.750..4650.713 rows=1970658 loops=1)
                          Hash Cond: (ci.movie_id = t.id)
                          ->  Nested Loop  (cost=0.56..149727.57 rows=2728943 width=8) (actual time=0.032..949.828 rows=2728943 loops=1)
                                ->  Seq Scan on role_type rt  (cost=0.00..1.15 rows=1 width=4) (actual time=0.008..0.012 rows=1 loops=1)
                                      Filter: ((role)::text = 'writer'::text)
                                      Rows Removed by Filter: 11
                                ->  Index Scan using role_id_cast_info on cast_info ci  (cost=0.56..116777.02 rows=3294940 width=12) (actual time=0.020..506.545 rows=2728943 loops=1)
                                      Index Cond: (role_id = rt.id)
                          ->  Hash  (cost=192275.25..192275.25 rows=1153798 width=25) (actual time=2644.360..2644.360 rows=1153798 loops=1)
                                Buckets: 2097152  Batches: 1  Memory Usage: 84892kB
                                ->  Hash Join  (cost=99887.11..192275.25 rows=1153798 width=25) (actual time=1056.088..2361.116 rows=1153798 loops=1)
                                      Hash Cond: (mc.movie_id = t.id)
                                      ->  Hash Join  (cost=7002.09..84823.53 rows=1153798 width=4) (actual time=47.676..915.696 rows=1153798 loops=1)
                                            Hash Cond: (mc.company_id = cn.id)
                                            ->  Seq Scan on movie_companies mc  (cost=0.00..44881.29 rows=2609129 width=8) (actual time=0.005..240.241 rows=2609129 loops=1)
                                            ->  Hash  (cost=5932.46..5932.46 rows=85570 width=4) (actual time=47.228..47.228 rows=84843 loops=1)
                                                  Buckets: 131072  Batches: 1  Memory Usage: 4007kB
                                                  ->  Seq Scan on company_name cn  (cost=0.00..5932.46 rows=85570 width=4) (actual time=0.005..31.661 rows=84843 loops=1)
                                                        Filter: ((country_code)::text = '[us]'::text)
                                                        Rows Removed by Filter: 150154
                                      ->  Hash  (cost=61281.12..61281.12 rows=2528312 width=21) (actual time=1000.164..1000.164 rows=2528312 loops=1)
                                            Buckets: 4194304  Batches: 1  Memory Usage: 168637kB
                                            ->  Seq Scan on title t  (cost=0.00..61281.12 rows=2528312 width=21) (actual time=0.007..367.699 rows=2528312 loops=1)
                    ->  Hash  (cost=97287.91..97287.91 rows=4167491 width=4) (actual time=1434.950..1434.950 rows=4167491 loops=1)
                          Buckets: 4194304  Batches: 1  Memory Usage: 179282kB
                          ->  Seq Scan on name n1  (cost=0.00..97287.91 rows=4167491 width=4) (actual time=0.009..550.969 rows=4167491 loops=1)
Planning time: 1.922 ms
Execution time: 8069.799 ms
