Aggregate  (cost=580689.17..580689.18 rows=1 width=64) (actual time=3847.701..3847.701 rows=1 loops=1)
  ->  Hash Join  (cost=536135.24..566319.67 rows=2873900 width=33) (actual time=3509.797..3784.956 rows=323005 loops=1)
        Hash Cond: (an1.person_id = n1.id)
        ->  Seq Scan on aka_name an1  (cost=0.00..20409.43 rows=901343 width=20) (actual time=0.003..75.116 rows=901343 loops=1)
        ->  Hash  (cost=505686.86..505686.86 rows=2435870 width=25) (actual time=3501.248..3501.248 rows=285538 loops=1)
              Buckets: 4194304  Batches: 1  Memory Usage: 48720kB
              ->  Hash Join  (cost=206698.72..505686.86 rows=2435870 width=25) (actual time=2810.510..3442.718 rows=285538 loops=1)
                    Hash Cond: (ci.movie_id = t.id)
                    ->  Nested Loop  (cost=0.99..273879.32 rows=3020362 width=12) (actual time=0.100..500.061 rows=276403 loops=1)
                          ->  Nested Loop  (cost=0.56..149727.57 rows=276403 width=8) (actual time=0.032..111.162 rows=276403 loops=1)
                                ->  Seq Scan on role_type rt  (cost=0.00..1.15 rows=1 width=4) (actual time=0.009..0.013 rows=1 loops=1)
                                      Filter: ((role)::text = 'costume designer'::text)
                                      Rows Removed by Filter: 11
                                ->  Index Scan using role_id_cast_info on cast_info ci  (cost=0.56..116777.02 rows=3294940 width=12) (actual time=0.020..64.553 rows=276403 loops=1)
                                      Index Cond: (role_id = rt.id)
                          ->  Index Only Scan using name_pkey on name n1  (cost=0.43..0.45 rows=1 width=4) (actual time=0.001..0.001 rows=1 loops=276403)
                                Index Cond: (id = ci.person_id)
                                Heap Fetches: 0
                    ->  Hash  (cost=192275.25..192275.25 rows=1153798 width=25) (actual time=2805.853..2805.853 rows=1153798 loops=1)
                          Buckets: 2097152  Batches: 1  Memory Usage: 84892kB
                          ->  Hash Join  (cost=99887.11..192275.25 rows=1153798 width=25) (actual time=1163.364..2510.513 rows=1153798 loops=1)
                                Hash Cond: (mc.movie_id = t.id)
                                ->  Hash Join  (cost=7002.09..84823.53 rows=1153798 width=4) (actual time=53.472..956.633 rows=1153798 loops=1)
                                      Hash Cond: (mc.company_id = cn.id)
                                      ->  Seq Scan on movie_companies mc  (cost=0.00..44881.29 rows=2609129 width=8) (actual time=0.007..247.521 rows=2609129 loops=1)
                                      ->  Hash  (cost=5932.46..5932.46 rows=85570 width=4) (actual time=53.313..53.313 rows=84843 loops=1)
                                            Buckets: 131072  Batches: 1  Memory Usage: 4007kB
                                            ->  Seq Scan on company_name cn  (cost=0.00..5932.46 rows=85570 width=4) (actual time=0.005..34.895 rows=84843 loops=1)
                                                  Filter: ((country_code)::text = '[us]'::text)
                                                  Rows Removed by Filter: 150154
                                ->  Hash  (cost=61281.12..61281.12 rows=2528312 width=21) (actual time=1101.349..1101.349 rows=2528312 loops=1)
                                      Buckets: 4194304  Batches: 1  Memory Usage: 168637kB
                                      ->  Seq Scan on title t  (cost=0.00..61281.12 rows=2528312 width=21) (actual time=0.009..407.697 rows=2528312 loops=1)
Planning time: 1.927 ms
Execution time: 3849.161 ms
