Aggregate  (cost=546885.31..546885.32 rows=1 width=64) (actual time=3592.361..3592.361 rows=1 loops=1)
  ->  Hash Join  (cost=484032.08..533649.12 rows=2647238 width=33) (actual time=3163.829..3528.491 rows=323005 loops=1)
        Hash Cond: (ci.movie_id = t.id)
        ->  Hash Join  (cost=277334.35..301721.62 rows=3034791 width=20) (actual time=559.208..831.596 rows=218966 loops=1)
              Hash Cond: (an1.person_id = n1.id)
              ->  Seq Scan on aka_name an1  (cost=0.00..20409.43 rows=901343 width=20) (actual time=0.008..76.714 rows=901343 loops=1)
              ->  Hash  (cost=273879.32..273879.32 rows=276403 width=12) (actual time=557.777..557.777 rows=276403 loops=1)
                    Buckets: 524288  Batches: 1  Memory Usage: 15973kB
                    ->  Nested Loop  (cost=0.99..273879.32 rows=276403 width=12) (actual time=0.045..504.771 rows=276403 loops=1)
                          ->  Nested Loop  (cost=0.56..149727.57 rows=276403 width=8) (actual time=0.029..104.382 rows=276403 loops=1)
                                ->  Seq Scan on role_type rt  (cost=0.00..1.15 rows=1 width=4) (actual time=0.006..0.009 rows=1 loops=1)
                                      Filter: ((role)::text = 'costume designer'::text)
                                      Rows Removed by Filter: 11
                                ->  Index Scan using role_id_cast_info on cast_info ci  (cost=0.56..116777.02 rows=3294940 width=12) (actual time=0.020..59.479 rows=276403 loops=1)
                                      Index Cond: (role_id = rt.id)
                          ->  Index Only Scan using name_pkey on name n1  (cost=0.43..0.45 rows=1 width=4) (actual time=0.001..0.001 rows=1 loops=276403)
                                Index Cond: (id = ci.person_id)
                                Heap Fetches: 0
        ->  Hash  (cost=192275.25..192275.25 rows=1153798 width=25) (actual time=2600.154..2600.154 rows=1153798 loops=1)
              Buckets: 2097152  Batches: 1  Memory Usage: 84892kB
              ->  Hash Join  (cost=99887.11..192275.25 rows=1153798 width=25) (actual time=1057.670..2326.885 rows=1153798 loops=1)
                    Hash Cond: (mc.movie_id = t.id)
                    ->  Hash Join  (cost=7002.09..84823.53 rows=1153798 width=4) (actual time=48.656..889.319 rows=1153798 loops=1)
                          Hash Cond: (mc.company_id = cn.id)
                          ->  Seq Scan on movie_companies mc  (cost=0.00..44881.29 rows=2609129 width=8) (actual time=0.010..226.599 rows=2609129 loops=1)
                          ->  Hash  (cost=5932.46..5932.46 rows=85570 width=4) (actual time=48.495..48.495 rows=84843 loops=1)
                                Buckets: 131072  Batches: 1  Memory Usage: 4007kB
                                ->  Seq Scan on company_name cn  (cost=0.00..5932.46 rows=85570 width=4) (actual time=0.005..31.809 rows=84843 loops=1)
                                      Filter: ((country_code)::text = '[us]'::text)
                                      Rows Removed by Filter: 150154
                    ->  Hash  (cost=61281.12..61281.12 rows=2528312 width=21) (actual time=1000.694..1000.694 rows=2528312 loops=1)
                          Buckets: 4194304  Batches: 1  Memory Usage: 168637kB
                          ->  Seq Scan on title t  (cost=0.00..61281.12 rows=2528312 width=21) (actual time=0.010..367.261 rows=2528312 loops=1)
Planning time: 1.917 ms
Execution time: 3593.571 ms
