Aggregate  (cost=166353.19..166353.20 rows=1 width=128) (actual time=742.269..742.269 rows=1 loops=1)
  ->  Nested Loop  (cost=118251.16..166353.16 rows=3 width=64) (actual time=585.608..742.222 rows=40 loops=1)
        ->  Nested Loop  (cost=118250.74..166347.29 rows=10 width=68) (actual time=585.599..742.067 rows=40 loops=1)
              ->  Nested Loop  (cost=118250.31..166345.86 rows=2 width=56) (actual time=585.590..741.930 rows=41 loops=1)
                    ->  Hash Join  (cost=118249.88..166339.53 rows=9 width=47) (actual time=537.052..741.544 rows=103 loops=1)
                          Hash Cond: (ci.role_id = rt.id)
                          ->  Nested Loop  (cost=118248.72..166337.14 rows=103 width=51) (actual time=537.038..741.485 rows=103 loops=1)
                                ->  Nested Loop  (cost=118248.29..166149.03 rows=265 width=43) (actual time=537.023..740.156 rows=265 loops=1)
                                      Join Filter: (n.id = ci.person_id)
                                      ->  Hash Join  (cost=118247.73..150036.61 rows=1296 width=39) (actual time=531.710..727.273 rows=1296 loops=1)
                                            Hash Cond: (an.person_id = n.id)
                                            ->  Seq Scan on aka_name an  (cost=0.00..20409.43 rows=901343 width=20) (actual time=0.002..75.669 rows=901343 loops=1)
                                            ->  Hash  (cost=118125.36..118125.36 rows=9789 width=19) (actual time=530.778..530.778 rows=5409 loops=1)
                                                  Buckets: 16384  Batches: 1  Memory Usage: 413kB
                                                  ->  Seq Scan on name n  (cost=0.00..118125.36 rows=9789 width=19) (actual time=224.007..529.402 rows=5409 loops=1)
                                                        Filter: ((name ~~ '%Angel%'::text) AND ((gender)::text = 'f'::text))
                                                        Rows Removed by Filter: 4162082
                                      ->  Index Scan using person_id_cast_info on cast_info ci  (cost=0.56..12.31 rows=10 width=16) (actual time=0.009..0.010 rows=0 loops=1296)
                                            Index Cond: (person_id = an.person_id)
                                            Filter: (note = '(voice)'::text)
                                            Rows Removed by Filter: 43
                                ->  Index Scan using movie_id_movie_companies on movie_companies mc  (cost=0.43..0.70 rows=1 width=8) (actual time=0.004..0.005 rows=0 loops=265)
                                      Index Cond: (movie_id = ci.movie_id)
                                      Filter: ((note ~~ '%(200%)%'::text) AND ((note ~~ '%(USA)%'::text) OR (note ~~ '%(worldwide)%'::text)))
                                      Rows Removed by Filter: 4
                          ->  Hash  (cost=1.15..1.15 rows=1 width=4) (actual time=0.009..0.009 rows=1 loops=1)
                                Buckets: 1024  Batches: 1  Memory Usage: 9kB
                                ->  Seq Scan on role_type rt  (cost=0.00..1.15 rows=1 width=4) (actual time=0.005..0.007 rows=1 loops=1)
                                      Filter: ((role)::text = 'actress'::text)
                                      Rows Removed by Filter: 11
                    ->  Index Scan using title_pkey on title t  (cost=0.43..0.70 rows=1 width=21) (actual time=0.003..0.003 rows=0 loops=103)
                          Index Cond: (id = ci.movie_id)
                          Filter: ((production_year >= 2007) AND (production_year <= 2010))
                          Rows Removed by Filter: 1
              ->  Index Scan using char_name_pkey on char_name chn  (cost=0.43..0.71 rows=1 width=20) (actual time=0.003..0.003 rows=1 loops=41)
                    Index Cond: (id = ci.person_role_id)
        ->  Index Scan using company_name_pkey on company_name cn  (cost=0.42..0.59 rows=1 width=4) (actual time=0.003..0.003 rows=1 loops=40)
              Index Cond: (id = mc.company_id)
              Filter: ((country_code)::text = '[us]'::text)
Planning time: 3.518 ms
Execution time: 742.346 ms
