Aggregate  (cost=166421.66..166421.67 rows=1 width=128) (actual time=757.932..757.932 rows=1 loops=1)
  ->  Nested Loop  (cost=118251.16..166421.64 rows=2 width=64) (actual time=600.666..757.883 rows=40 loops=1)
        ->  Hash Join  (cost=118250.73..166407.37 rows=20 width=52) (actual time=600.658..757.759 rows=40 loops=1)
              Hash Cond: (ci.role_id = rt.id)
              ->  Nested Loop  (cost=118249.57..166405.73 rows=40 width=56) (actual time=600.643..757.725 rows=40 loops=1)
                    ->  Nested Loop  (cost=118249.15..166381.65 rows=41 width=60) (actual time=600.632..757.566 rows=41 loops=1)
                          ->  Nested Loop  (cost=118248.72..166335.51 rows=65 width=64) (actual time=559.419..757.163 rows=65 loops=1)
                                ->  Nested Loop  (cost=118248.29..166149.03 rows=265 width=43) (actual time=552.199..756.149 rows=265 loops=1)
                                      Join Filter: (n.id = ci.person_id)
                                      ->  Hash Join  (cost=118247.73..150036.61 rows=1296 width=39) (actual time=547.128..743.301 rows=1296 loops=1)
                                            Hash Cond: (an.person_id = n.id)
                                            ->  Seq Scan on aka_name an  (cost=0.00..20409.43 rows=901343 width=20) (actual time=0.002..75.368 rows=901343 loops=1)
                                            ->  Hash  (cost=118125.36..118125.36 rows=9789 width=19) (actual time=546.184..546.184 rows=5409 loops=1)
                                                  Buckets: 16384  Batches: 1  Memory Usage: 413kB
                                                  ->  Seq Scan on name n  (cost=0.00..118125.36 rows=9789 width=19) (actual time=223.832..544.681 rows=5409 loops=1)
                                                        Filter: ((name ~~ '%Angel%'::text) AND ((gender)::text = 'f'::text))
                                                        Rows Removed by Filter: 4162082
                                      ->  Index Scan using person_id_cast_info on cast_info ci  (cost=0.56..12.31 rows=10 width=16) (actual time=0.009..0.010 rows=0 loops=1296)
                                            Index Cond: (person_id = an.person_id)
                                            Filter: (note = '(voice)'::text)
                                            Rows Removed by Filter: 43
                                ->  Index Scan using title_pkey on title t  (cost=0.43..0.70 rows=1 width=21) (actual time=0.003..0.003 rows=0 loops=265)
                                      Index Cond: (id = ci.movie_id)
                                      Filter: ((production_year >= 2007) AND (production_year <= 2010))
                                      Rows Removed by Filter: 1
                          ->  Index Scan using movie_id_movie_companies on movie_companies mc  (cost=0.43..0.70 rows=1 width=8) (actual time=0.004..0.006 rows=1 loops=65)
                                Index Cond: (movie_id = ci.movie_id)
                                Filter: ((note ~~ '%(200%)%'::text) AND ((note ~~ '%(USA)%'::text) OR (note ~~ '%(worldwide)%'::text)))
                                Rows Removed by Filter: 7
                    ->  Index Scan using company_name_pkey on company_name cn  (cost=0.42..0.59 rows=1 width=4) (actual time=0.003..0.003 rows=1 loops=41)
                          Index Cond: (id = mc.company_id)
                          Filter: ((country_code)::text = '[us]'::text)
                          Rows Removed by Filter: 0
              ->  Hash  (cost=1.15..1.15 rows=1 width=4) (actual time=0.009..0.009 rows=1 loops=1)
                    Buckets: 1024  Batches: 1  Memory Usage: 9kB
                    ->  Seq Scan on role_type rt  (cost=0.00..1.15 rows=1 width=4) (actual time=0.006..0.007 rows=1 loops=1)
                          Filter: ((role)::text = 'actress'::text)
                          Rows Removed by Filter: 11
        ->  Index Scan using char_name_pkey on char_name chn  (cost=0.43..0.71 rows=1 width=20) (actual time=0.002..0.002 rows=1 loops=40)
              Index Cond: (id = ci.person_role_id)
Planning time: 3.508 ms
Execution time: 758.012 ms
