Aggregate  (cost=224759.24..224759.25 rows=1 width=128) (actual time=4236.556..4236.556 rows=1 loops=1)
  ->  Nested Loop  (cost=7004.80..224567.97 rows=19127 width=64) (actual time=47.144..4063.742 rows=483082 loops=1)
        ->  Nested Loop  (cost=7004.37..220236.59 rows=8068 width=56) (actual time=47.135..3645.921 rows=173567 loops=1)
              Join Filter: (ci.movie_id = t.id)
              ->  Hash Join  (cost=7003.94..215968.83 rows=8068 width=47) (actual time=47.124..3243.441 rows=173567 loops=1)
                    Hash Cond: (mc.company_id = cn.id)
                    ->  Nested Loop  (cost=1.85..208687.00 rows=22158 width=51) (actual time=0.140..3086.404 rows=426400 loops=1)
                          ->  Nested Loop  (cost=1.42..202866.80 rows=8520 width=43) (actual time=0.135..2390.447 rows=255493 loops=1)
                                ->  Nested Loop  (cost=0.99..191310.28 rows=17514 width=31) (actual time=0.129..1822.920 rows=276005 loops=1)
                                      ->  Nested Loop  (cost=0.56..134068.91 rows=74804 width=12) (actual time=0.121..1330.119 rows=276166 loops=1)
                                            ->  Seq Scan on role_type rt  (cost=0.00..1.15 rows=1 width=4) (actual time=0.005..0.008 rows=1 loops=1)
                                                  Filter: ((role)::text = 'actress'::text)
                                                  Rows Removed by Filter: 11
                                            ->  Index Scan using role_id_cast_info on cast_info ci  (cost=0.56..133251.71 rows=81605 width=16) (actual time=0.115..1286.949 rows=276166 loops=1)
                                                  Index Cond: (role_id = rt.id)
                                                  Filter: (note = ANY ('{(voice),"(voice: Japanese version)","(voice) (uncredited)","(voice: English version)"}'::text[]))
                                                  Rows Removed by Filter: 7175807
                                      ->  Index Scan using name_pkey on name n  (cost=0.43..0.77 rows=1 width=19) (actual time=0.001..0.001 rows=1 loops=276166)
                                            Index Cond: (id = ci.person_id)
                                            Filter: ((gender)::text = 'f'::text)
                                            Rows Removed by Filter: 0
                                ->  Index Scan using char_name_pkey on char_name chn  (cost=0.43..0.66 rows=1 width=20) (actual time=0.002..0.002 rows=1 loops=276005)
                                      Index Cond: (id = ci.person_role_id)
                          ->  Index Scan using movie_id_movie_companies on movie_companies mc  (cost=0.43..0.63 rows=5 width=8) (actual time=0.002..0.002 rows=2 loops=255493)
                                Index Cond: (movie_id = ci.movie_id)
                    ->  Hash  (cost=5932.46..5932.46 rows=85570 width=4) (actual time=46.536..46.536 rows=84843 loops=1)
                          Buckets: 131072  Batches: 1  Memory Usage: 4007kB
                          ->  Seq Scan on company_name cn  (cost=0.00..5932.46 rows=85570 width=4) (actual time=0.003..32.065 rows=84843 loops=1)
                                Filter: ((country_code)::text = '[us]'::text)
                                Rows Removed by Filter: 150154
              ->  Index Scan using title_pkey on title t  (cost=0.43..0.52 rows=1 width=21) (actual time=0.002..0.002 rows=1 loops=173567)
                    Index Cond: (id = mc.movie_id)
        ->  Index Scan using person_id_aka_name on aka_name an  (cost=0.42..0.52 rows=2 width=20) (actual time=0.001..0.002 rows=3 loops=173567)
              Index Cond: (person_id = n.id)
Planning time: 3.483 ms
Execution time: 4236.645 ms
