Aggregate  (cost=352367.87..352367.88 rows=1 width=128) (actual time=5852.994..5852.994 rows=1 loops=1)
  ->  Nested Loop  (cost=267912.45..352047.80 rows=32007 width=64) (actual time=2191.031..5663.112 rows=483082 loops=1)
        ->  Nested Loop  (cost=267912.02..335269.92 rows=25427 width=52) (actual time=2191.017..4810.206 rows=505134 loops=1)
              Join Filter: (ci.movie_id = t.id)
              ->  Hash Join  (cost=267911.59..321819.72 rows=25427 width=43) (actual time=2191.004..3879.416 rows=505134 loops=1)
                    Hash Cond: (mc.company_id = cn.id)
                    ->  Nested Loop  (cost=260909.50..313936.04 rows=69829 width=47) (actual time=2143.627..3627.600 rows=960723 loops=1)
                          ->  Hash Join  (cost=260909.07..285295.48 rows=41926 width=39) (actual time=2143.608..2482.840 rows=503022 loops=1)
                                Hash Cond: (an.person_id = n.id)
                                ->  Seq Scan on aka_name an  (cost=0.00..20409.43 rows=901343 width=20) (actual time=0.005..78.716 rows=901343 loops=1)
                                ->  Hash  (cost=257459.01..257459.01 rows=276005 width=31) (actual time=2142.006..2142.006 rows=276005 loops=1)
                                      Buckets: 524288  Batches: 1  Memory Usage: 21476kB
                                      ->  Hash Join  (cost=119904.07..257459.01 rows=276005 width=31) (actual time=697.366..2079.614 rows=276005 loops=1)
                                            Hash Cond: (ci.person_id = n.id)
                                            ->  Nested Loop  (cost=0.56..134068.91 rows=276166 width=12) (actual time=0.132..1305.403 rows=276166 loops=1)
                                                  ->  Seq Scan on role_type rt  (cost=0.00..1.15 rows=1 width=4) (actual time=0.005..0.009 rows=1 loops=1)
                                                        Filter: ((role)::text = 'actress'::text)
                                                        Rows Removed by Filter: 11
                                                  ->  Index Scan using role_id_cast_info on cast_info ci  (cost=0.56..133251.71 rows=81605 width=16) (actual time=0.124..1265.365 rows=276166 loops=1)
                                                        Index Cond: (role_id = rt.id)
                                                        Filter: (note = ANY ('{(voice),"(voice: Japanese version)","(voice) (uncredited)","(voice: English version)"}'::text[]))
                                                        Rows Removed by Filter: 7175807
                                            ->  Hash  (cost=107706.64..107706.64 rows=975749 width=19) (actual time=694.727..694.727 rows=961555 loops=1)
                                                  Buckets: 1048576  Batches: 1  Memory Usage: 58170kB
                                                  ->  Seq Scan on name n  (cost=0.00..107706.64 rows=975749 width=19) (actual time=171.111..461.707 rows=961555 loops=1)
                                                        Filter: ((gender)::text = 'f'::text)
                                                        Rows Removed by Filter: 3205936
                          ->  Index Scan using movie_id_movie_companies on movie_companies mc  (cost=0.43..0.63 rows=5 width=8) (actual time=0.001..0.002 rows=2 loops=503022)
                                Index Cond: (movie_id = ci.movie_id)
                    ->  Hash  (cost=5932.46..5932.46 rows=85570 width=4) (actual time=46.911..46.911 rows=84843 loops=1)
                          Buckets: 131072  Batches: 1  Memory Usage: 4007kB
                          ->  Seq Scan on company_name cn  (cost=0.00..5932.46 rows=85570 width=4) (actual time=0.008..31.670 rows=84843 loops=1)
                                Filter: ((country_code)::text = '[us]'::text)
                                Rows Removed by Filter: 150154
              ->  Index Scan using title_pkey on title t  (cost=0.43..0.52 rows=1 width=21) (actual time=0.001..0.001 rows=1 loops=505134)
                    Index Cond: (id = mc.movie_id)
        ->  Index Scan using char_name_pkey on char_name chn  (cost=0.43..0.66 rows=1 width=20) (actual time=0.001..0.001 rows=1 loops=505134)
              Index Cond: (id = ci.person_role_id)
Planning time: 3.409 ms
Execution time: 5853.399 ms
