Aggregate  (cost=605822.49..605822.50 rows=1 width=128) (actual time=6734.251..6734.251 rows=1 loops=1)
  ->  Hash Join  (cost=576826.81..600991.67 rows=483082 width=64) (actual time=6278.945..6584.675 rows=483082 loops=1)
        Hash Cond: (an.person_id = n.id)
        ->  Seq Scan on aka_name an  (cost=0.00..20409.43 rows=901343 width=20) (actual time=0.005..75.358 rows=901343 loops=1)
        ->  Hash  (cost=574657.22..574657.22 rows=173567 width=56) (actual time=6277.822..6277.822 rows=173567 loops=1)
              Buckets: 262144  Batches: 1  Memory Usage: 18048kB
              ->  Hash Join  (cost=433707.42..574657.22 rows=173567 width=56) (actual time=4697.749..6228.838 rows=173567 loops=1)
                    Hash Cond: (ci.person_id = n.id)
                    ->  Hash Join  (cost=313803.92..452561.30 rows=173657 width=37) (actual time=4002.633..5487.344 rows=173657 loops=1)
                          Hash Cond: (ci.person_role_id = chn.id)
                          ->  Hash Join  (cost=206698.29..343062.56 rows=189554 width=25) (actual time=2772.589..4199.073 rows=189554 loops=1)
                                Hash Cond: (ci.movie_id = t.id)
                                ->  Nested Loop  (cost=0.56..134068.91 rows=276166 width=12) (actual time=0.132..1316.210 rows=276166 loops=1)
                                      ->  Seq Scan on role_type rt  (cost=0.00..1.15 rows=1 width=4) (actual time=0.007..0.011 rows=1 loops=1)
                                            Filter: ((role)::text = 'actress'::text)
                                            Rows Removed by Filter: 11
                                      ->  Index Scan using role_id_cast_info on cast_info ci  (cost=0.56..133251.71 rows=81605 width=16) (actual time=0.123..1275.365 rows=276166 loops=1)
                                            Index Cond: (role_id = rt.id)
                                            Filter: (note = ANY ('{(voice),"(voice: Japanese version)","(voice) (uncredited)","(voice: English version)"}'::text[]))
                                            Rows Removed by Filter: 7175807
                                ->  Hash  (cost=192275.25..192275.25 rows=1153798 width=25) (actual time=2767.768..2767.768 rows=1153798 loops=1)
                                      Buckets: 2097152  Batches: 1  Memory Usage: 84892kB
                                      ->  Hash Join  (cost=99887.11..192275.25 rows=1153798 width=25) (actual time=1164.337..2478.974 rows=1153798 loops=1)
                                            Hash Cond: (mc.movie_id = t.id)
                                            ->  Hash Join  (cost=7002.09..84823.53 rows=1153798 width=4) (actual time=52.137..925.495 rows=1153798 loops=1)
                                                  Hash Cond: (mc.company_id = cn.id)
                                                  ->  Seq Scan on movie_companies mc  (cost=0.00..44881.29 rows=2609129 width=8) (actual time=0.005..244.672 rows=2609129 loops=1)
                                                  ->  Hash  (cost=5932.46..5932.46 rows=85570 width=4) (actual time=51.645..51.645 rows=84843 loops=1)
                                                        Buckets: 131072  Batches: 1  Memory Usage: 4007kB
                                                        ->  Seq Scan on company_name cn  (cost=0.00..5932.46 rows=85570 width=4) (actual time=0.005..34.964 rows=84843 loops=1)
                                                              Filter: ((country_code)::text = '[us]'::text)
                                                              Rows Removed by Filter: 150154
                                            ->  Hash  (cost=61281.12..61281.12 rows=2528312 width=21) (actual time=1103.645..1103.645 rows=2528312 loops=1)
                                                  Buckets: 4194304  Batches: 1  Memory Usage: 168637kB
                                                  ->  Seq Scan on title t  (cost=0.00..61281.12 rows=2528312 width=21) (actual time=0.009..409.798 rows=2528312 loops=1)
                          ->  Hash  (cost=67851.39..67851.39 rows=3140339 width=20) (actual time=1221.672..1221.672 rows=3140339 loops=1)
                                Buckets: 4194304  Batches: 1  Memory Usage: 198037kB
                                ->  Seq Scan on char_name chn  (cost=0.00..67851.39 rows=3140339 width=20) (actual time=0.009..434.955 rows=3140339 loops=1)
                    ->  Hash  (cost=107706.64..107706.64 rows=975749 width=19) (actual time=692.631..692.631 rows=961555 loops=1)
                          Buckets: 1048576  Batches: 1  Memory Usage: 58170kB
                          ->  Seq Scan on name n  (cost=0.00..107706.64 rows=975749 width=19) (actual time=171.514..462.055 rows=961555 loops=1)
                                Filter: ((gender)::text = 'f'::text)
                                Rows Removed by Filter: 3205936
Planning time: 3.422 ms
Execution time: 6736.631 ms
