Aggregate  (cost=399260.80..399261.80 rows=1 width=64) (actual time=266.639..266.639 rows=1 loops=1)
  ->  Nested Loop  (cost=0.00..399260.80 rows=1 width=33) (actual time=1.869..266.562 rows=104 loops=1)
        ->  Nested Loop  (cost=0.00..399258.00 rows=1 width=37) (actual time=1.865..266.374 rows=104 loops=1)
              ->  Nested Loop  (cost=0.00..399254.00 rows=2 width=25) (actual time=1.858..265.800 rows=112 loops=1)
                    Join Filter: (ci.role_id = rt.id)
                    Rows Removed by Join Filter: 39
                    ->  Nested Loop  (cost=0.00..399220.00 rows=22 width=29) (actual time=1.851..265.702 rows=151 loops=1)
                          ->  Nested Loop  (cost=0.00..327899.00 rows=977 width=29) (actual time=0.077..68.888 rows=4539 loops=1)
                                ->  Nested Loop  (cost=0.00..323035.00 rows=2432 width=8) (actual time=0.020..38.396 rows=8790 loops=1)
                                      ->  Seq Scan on company_name cn  (cost=0.00..234997.00 rows=219 width=4) (actual time=0.011..25.051 rows=1361 loops=1)
                                            Filter: ((country_code)::text = '[ru]'::text)
                                            Rows Removed by Filter: 233636
                                      ->  Index Scan using company_id_movie_companies on movie_companies mc  (cost=0.00..268.00 rows=134 width=12) (actual time=0.004..0.008 rows=6 loops=1361)
                                            Index Cond: (company_id = cn.id)
                                ->  Index Scan using title_pkey on title t  (cost=0.00..2.00 rows=1 width=21) (actual time=0.003..0.003 rows=1 loops=8790)
                                      Index Cond: (id = mc.movie_id)
                                      Filter: (production_year > 2005)
                                      Rows Removed by Filter: 0
                          ->  Index Scan using movie_id_cast_info on cast_info ci  (cost=0.00..72.00 rows=1 width=12) (actual time=0.041..0.043 rows=0 loops=4539)
                                Index Cond: (movie_id = t.id)
                                Filter: ((note ~~ '%(voice)%'::text) AND (note ~~ '%(uncredited)%'::text))
                                Rows Removed by Filter: 50
                    ->  Materialize  (cost=0.00..12.00 rows=1 width=4) (actual time=0.000..0.000 rows=1 loops=151)
                          ->  Seq Scan on role_type rt  (cost=0.00..12.00 rows=1 width=4) (actual time=0.004..0.006 rows=1 loops=1)
                                Filter: ((role)::text = 'actor'::text)
                                Rows Removed by Filter: 11
              ->  Index Scan using char_name_pkey on char_name chn  (cost=0.00..2.00 rows=1 width=20) (actual time=0.004..0.004 rows=1 loops=112)
                    Index Cond: (id = ci.person_role_id)
        ->  Index Only Scan using company_type_pkey on company_type ct  (cost=0.00..2.00 rows=1 width=4) (actual time=0.001..0.001 rows=1 loops=104)
              Index Cond: (id = mc.company_type_id)
              Heap Fetches: 104
Planning time: 1.728 ms
Execution time: 266.700 ms
