Aggregate  (cost=1043814.02..1043815.02 rows=1 width=64) (actual time=325.138..325.139 rows=1 loops=1)
  ->  Nested Loop  (cost=170.00..1043814.02 rows=21 width=33) (actual time=2.255..325.065 rows=104 loops=1)
        ->  Nested Loop  (cost=170.00..1043814.02 rows=12 width=21) (actual time=2.250..324.550 rows=112 loops=1)
              Join Filter: (ci.role_id = rt.id)
              Rows Removed by Join Filter: 39
              ->  Nested Loop  (cost=170.00..1043651.02 rows=151 width=25) (actual time=2.244..324.451 rows=151 loops=1)
                    ->  Nested Loop  (cost=134.00..786545.02 rows=3522 width=25) (actual time=0.079..75.786 rows=4539 loops=1)
                          ->  Nested Loop  (cost=134.00..782119.02 rows=4539 width=29) (actual time=0.075..70.421 rows=4539 loops=1)
                                ->  Nested Loop  (cost=134.00..782119.00 rows=8790 width=8) (actual time=0.023..41.382 rows=8790 loops=1)
                                      ->  Seq Scan on company_name cn  (cost=0.00..234997.00 rows=1361 width=4) (actual time=0.010..25.161 rows=1361 loops=1)
                                            Filter: ((country_code)::text = '[ru]'::text)
                                            Rows Removed by Filter: 233636
                                      ->  Bitmap Heap Scan on movie_companies mc  (cost=134.00..268.00 rows=134 width=12) (actual time=0.005..0.010 rows=6 loops=1361)
                                            Recheck Cond: (company_id = cn.id)
                                            Heap Blocks: exact=7158
                                            ->  Bitmap Index Scan on company_id_movie_companies  (cost=0.00..134.00 rows=134 width=0) (actual time=0.003..0.003 rows=6 loops=1361)
                                                  Index Cond: (company_id = cn.id)
                                ->  Index Scan using title_pkey on title t  (cost=0.00..2.00 rows=1012920 width=21) (actual time=0.003..0.003 rows=1 loops=8790)
                                      Index Cond: (id = mc.movie_id)
                                      Filter: (production_year > 2005)
                                      Rows Removed by Filter: 0
                          ->  Index Only Scan using company_type_pkey on company_type ct  (cost=0.00..2.00 rows=4 width=4) (actual time=0.001..0.001 rows=1 loops=4539)
                                Index Cond: (id = mc.company_type_id)
                                Heap Fetches: 4539
                    ->  Bitmap Heap Scan on cast_info ci  (cost=36.00..72.00 rows=1 width=12) (actual time=0.052..0.054 rows=0 loops=4539)
                          Recheck Cond: (movie_id = t.id)
                          Filter: ((note ~~ '%(voice)%'::text) AND (note ~~ '%(uncredited)%'::text))
                          Rows Removed by Filter: 50
                          Heap Blocks: exact=221183
                          ->  Bitmap Index Scan on movie_id_cast_info  (cost=0.00..36.00 rows=36 width=0) (actual time=0.006..0.006 rows=50 loops=4539)
                                Index Cond: (movie_id = t.id)
              ->  Materialize  (cost=0.00..12.00 rows=1 width=4) (actual time=0.000..0.000 rows=1 loops=151)
                    ->  Seq Scan on role_type rt  (cost=0.00..12.00 rows=1 width=4) (actual time=0.003..0.005 rows=1 loops=1)
                          Filter: ((role)::text = 'actor'::text)
                          Rows Removed by Filter: 11
        ->  Index Scan using char_name_pkey on char_name chn  (cost=0.00..2.00 rows=3140339 width=20) (actual time=0.004..0.004 rows=1 loops=112)
              Index Cond: (id = ci.person_role_id)
Planning time: 1.879 ms
Execution time: 325.200 ms
