Aggregate  (cost=1039444.62..1039445.62 rows=1 width=64) (actual time=343.040..343.040 rows=1 loops=1)
  ->  Nested Loop  (cost=170.00..1039444.62 rows=16 width=33) (actual time=2.534..342.956 rows=104 loops=1)
        ->  Nested Loop  (cost=170.00..1039429.02 rows=16 width=37) (actual time=2.529..342.737 rows=104 loops=1)
              Join Filter: (ci.role_id = rt.id)
              Rows Removed by Join Filter: 31
              ->  Nested Loop  (cost=170.00..1039225.02 rows=192 width=41) (actual time=2.524..342.641 rows=135 loops=1)
                    ->  Nested Loop  (cost=170.00..1039225.02 rows=267 width=29) (actual time=2.517..341.926 rows=151 loops=1)
                          ->  Nested Loop  (cost=134.00..782119.02 rows=3522 width=29) (actual time=0.089..74.992 rows=4539 loops=1)
                                ->  Nested Loop  (cost=134.00..782119.00 rows=8790 width=8) (actual time=0.027..43.089 rows=8790 loops=1)
                                      ->  Seq Scan on company_name cn  (cost=0.00..234997.00 rows=1361 width=4) (actual time=0.011..25.778 rows=1361 loops=1)
                                            Filter: ((country_code)::text = '[ru]'::text)
                                            Rows Removed by Filter: 233636
                                      ->  Bitmap Heap Scan on movie_companies mc  (cost=134.00..268.00 rows=134 width=12) (actual time=0.005..0.011 rows=6 loops=1361)
                                            Recheck Cond: (company_id = cn.id)
                                            Heap Blocks: exact=7158
                                            ->  Bitmap Index Scan on company_id_movie_companies  (cost=0.00..134.00 rows=134 width=0) (actual time=0.003..0.003 rows=6 loops=1361)
                                                  Index Cond: (company_id = cn.id)
                                ->  Index Scan using title_pkey on title t  (cost=0.00..2.00 rows=1012920 width=21) (actual time=0.003..0.003 rows=1 loops=8790)
                                      Index Cond: (id = mc.movie_id)
                                      Filter: (production_year > 2005)
                                      Rows Removed by Filter: 0
                          ->  Bitmap Heap Scan on cast_info ci  (cost=36.00..72.00 rows=1 width=12) (actual time=0.056..0.058 rows=0 loops=4539)
                                Recheck Cond: (movie_id = t.id)
                                Filter: ((note ~~ '%(voice)%'::text) AND (note ~~ '%(uncredited)%'::text))
                                Rows Removed by Filter: 50
                                Heap Blocks: exact=221183
                                ->  Bitmap Index Scan on movie_id_cast_info  (cost=0.00..36.00 rows=36 width=0) (actual time=0.006..0.006 rows=50 loops=4539)
                                      Index Cond: (movie_id = t.id)
                    ->  Index Scan using char_name_pkey on char_name chn  (cost=0.00..2.00 rows=3140339 width=20) (actual time=0.004..0.004 rows=1 loops=151)
                          Index Cond: (id = ci.person_role_id)
              ->  Materialize  (cost=0.00..12.00 rows=1 width=4) (actual time=0.000..0.000 rows=1 loops=135)
                    ->  Seq Scan on role_type rt  (cost=0.00..12.00 rows=1 width=4) (actual time=0.003..0.006 rows=1 loops=1)
                          Filter: ((role)::text = 'actor'::text)
                          Rows Removed by Filter: 11
        ->  Index Only Scan using company_type_pkey on company_type ct  (cost=0.00..2.00 rows=4 width=4) (actual time=0.001..0.001 rows=1 loops=104)
              Index Cond: (id = mc.company_type_id)
              Heap Fetches: 104
Planning time: 1.814 ms
Execution time: 343.101 ms
