Aggregate  (cost=875290.35..875291.35 rows=1 width=64) (actual time=127.729..127.729 rows=1 loops=1)
  ->  Nested Loop  (cost=170.00..875290.35 rows=1 width=33) (actual time=127.726..127.726 rows=0 loops=1)
        ->  Nested Loop  (cost=170.00..875286.35 rows=1 width=37) (actual time=127.726..127.726 rows=0 loops=1)
              ->  Nested Loop  (cost=170.00..875285.05 rows=1 width=41) (actual time=127.726..127.726 rows=0 loops=1)
                    ->  Nested Loop  (cost=170.00..875285.04 rows=2614 width=29) (actual time=1.725..126.764 rows=2614 loops=1)
                          ->  Nested Loop  (cost=134.00..782119.04 rows=1259 width=29) (actual time=1.703..64.101 rows=1259 loops=1)
                                ->  Nested Loop  (cost=134.00..782119.00 rows=8790 width=8) (actual time=0.020..39.710 rows=8790 loops=1)
                                      ->  Seq Scan on company_name cn  (cost=0.00..234997.00 rows=1361 width=4) (actual time=0.009..24.901 rows=1361 loops=1)
                                            Filter: ((country_code)::text = '[ru]'::text)
                                            Rows Removed by Filter: 233636
                                      ->  Bitmap Heap Scan on movie_companies mc  (cost=134.00..268.00 rows=134 width=12) (actual time=0.004..0.009 rows=6 loops=1361)
                                            Recheck Cond: (company_id = cn.id)
                                            Heap Blocks: exact=7158
                                            ->  Bitmap Index Scan on company_id_movie_companies  (cost=0.00..134.00 rows=134 width=0) (actual time=0.003..0.003 rows=6 loops=1361)
                                                  Index Cond: (company_id = cn.id)
                                ->  Index Scan using title_pkey on title t  (cost=0.00..2.00 rows=391666 width=21) (actual time=0.003..0.003 rows=0 loops=8790)
                                      Index Cond: (id = mc.movie_id)
                                      Filter: (production_year > 2010)
                                      Rows Removed by Filter: 1
                          ->  Bitmap Heap Scan on cast_info ci  (cost=36.00..72.00 rows=2 width=12) (actual time=0.029..0.049 rows=2 loops=1259)
                                Recheck Cond: (movie_id = t.id)
                                Filter: (note ~~ '%(producer)%'::text)
                                Rows Removed by Filter: 44
                                Heap Blocks: exact=56225
                                ->  Bitmap Index Scan on movie_id_cast_info  (cost=0.00..36.00 rows=36 width=0) (actual time=0.005..0.005 rows=46 loops=1259)
                                      Index Cond: (movie_id = t.id)
                    ->  Index Scan using char_name_pkey on char_name chn  (cost=0.00..2.00 rows=3140339 width=20) (actual time=0.000..0.000 rows=0 loops=2614)
                          Index Cond: (id = ci.person_role_id)
              ->  Index Only Scan using company_type_pkey on company_type ct  (cost=0.00..2.00 rows=4 width=4) (never executed)
                    Index Cond: (id = mc.company_type_id)
                    Heap Fetches: 0
        ->  Index Scan using role_type_pkey on role_type rt  (cost=0.00..2.00 rows=1 width=4) (never executed)
              Index Cond: (id = ci.role_id)
              Filter: ((role)::text = 'actor'::text)
Planning time: 1.821 ms
Execution time: 127.786 ms
