Aggregate  (cost=36244537.37..36244538.37 rows=1 width=64) (actual time=3589.216..3589.216 rows=1 loops=1)
  ->  Nested Loop  (cost=5.00..36244537.37 rows=10 width=33) (actual time=192.068..3589.194 rows=10 loops=1)
        ->  Nested Loop  (cost=5.00..36244533.71 rows=10 width=37) (actual time=192.062..3589.160 rows=10 loops=1)
              ->  Nested Loop  (cost=5.00..36244524.91 rows=10 width=41) (actual time=192.056..3589.117 rows=10 loops=1)
                    ->  Nested Loop  (cost=5.00..36244524.91 rows=23 width=45) (actual time=192.046..3588.976 rows=23 loops=1)
                          ->  Nested Loop  (cost=0.00..36244344.91 rows=12 width=45) (actual time=192.027..3588.759 rows=12 loops=1)
                                ->  Nested Loop  (cost=0.00..36244344.91 rows=15 width=24) (actual time=192.016..3588.621 rows=15 loops=1)
                                      ->  Seq Scan on cast_info ci  (cost=0.00..36244344.00 rows=1435439 width=12) (actual time=191.998..3201.173 rows=1435439 loops=1)
                                            Filter: (note ~~ '%(producer)%'::text)
                                            Rows Removed by Filter: 34808905
                                      ->  Index Scan using char_name_pkey on char_name chn  (cost=0.00..2.00 rows=3140339 width=20) (actual time=0.000..0.000 rows=0 loops=1435439)
                                            Index Cond: (id = ci.person_role_id)
                                ->  Index Scan using title_pkey on title t  (cost=0.00..2.00 rows=1749032 width=21) (actual time=0.008..0.008 rows=1 loops=15)
                                      Index Cond: (id = ci.movie_id)
                                      Filter: (production_year > 1990)
                                      Rows Removed by Filter: 0
                          ->  Bitmap Heap Scan on movie_companies mc  (cost=5.00..10.00 rows=5 width=12) (actual time=0.012..0.014 rows=2 loops=12)
                                Recheck Cond: (movie_id = t.id)
                                Heap Blocks: exact=18
                                ->  Bitmap Index Scan on movie_id_movie_companies  (cost=0.00..5.00 rows=5 width=0) (actual time=0.010..0.010 rows=2 loops=12)
                                      Index Cond: (movie_id = t.id)
                    ->  Index Scan using company_name_pkey on company_name cn  (cost=0.00..2.00 rows=84843 width=4) (actual time=0.005..0.005 rows=0 loops=23)
                          Index Cond: (id = mc.company_id)
                          Filter: ((country_code)::text = '[us]'::text)
                          Rows Removed by Filter: 1
              ->  Index Only Scan using company_type_pkey on company_type ct  (cost=0.00..2.00 rows=4 width=4) (actual time=0.003..0.003 rows=1 loops=10)
                    Index Cond: (id = mc.company_type_id)
                    Heap Fetches: 10
        ->  Index Only Scan using role_type_pkey on role_type rt  (cost=0.00..2.00 rows=12 width=4) (actual time=0.002..0.002 rows=1 loops=10)
              Index Cond: (id = ci.role_id)
              Heap Fetches: 10
Planning time: 1.835 ms
Execution time: 3589.285 ms
