Aggregate  (cost=31698.00..31699.00 rows=1 width=96) (actual time=41.796..41.796 rows=1 loops=1)
  ->  Nested Loop  (cost=16714.00..31698.00 rows=1 width=118) (actual time=12.512..41.670 rows=310 loops=1)
        ->  Nested Loop  (cost=16714.00..26306.00 rows=2695 width=122) (actual time=11.769..20.591 rows=6863 loops=1)
              ->  Nested Loop  (cost=16714.00..17888.00 rows=61 width=130) (actual time=11.762..17.475 rows=698 loops=1)
                    ->  Merge Join  (cost=16714.00..17106.00 rows=391 width=115) (actual time=11.742..12.614 rows=2794 loops=1)
                          Merge Cond: (mc.company_type_id = ct.id)
                          ->  Sort  (cost=16710.00..16710.00 rows=1566 width=119) (actual time=11.632..11.892 rows=3313 loops=1)
                                Sort Key: mc.company_type_id
                                Sort Method: quicksort  Memory: 445kB
                                ->  Nested Loop  (cost=0.00..16710.00 rows=1566 width=119) (actual time=0.125..10.592 rows=3313 loops=1)
                                      ->  Nested Loop  (cost=0.00..8975.00 rows=595 width=107) (actual time=0.099..6.135 rows=1332 loops=1)
                                            ->  Nested Loop  (cost=0.00..5643.00 rows=1666 width=86) (actual time=0.049..1.214 rows=2315 loops=1)
                                                  ->  Seq Scan on link_type lt  (cost=0.00..18.00 rows=1 width=86) (actual time=0.007..0.011 rows=2 loops=1)
                                                        Filter: ((link)::text ~~ '%follow%'::text)
                                                        Rows Removed by Filter: 16
                                                  ->  Index Scan using link_type_id_movie_link on movie_link ml  (cost=0.00..3750.00 rows=1875 width=8) (actual time=0.024..0.391 rows=1158 loops=2)
                                                        Index Cond: (link_type_id = lt.id)
                                            ->  Index Scan using title_pkey on title t  (cost=0.00..2.00 rows=1 width=21) (actual time=0.002..0.002 rows=1 loops=2315)
                                                  Index Cond: (id = ml.movie_id)
                                                  Filter: ((production_year >= 1950) AND (production_year <= 2000))
                                                  Rows Removed by Filter: 0
                                      ->  Index Scan using movie_id_movie_companies on movie_companies mc  (cost=0.00..10.00 rows=3 width=12) (actual time=0.002..0.003 rows=2 loops=1332)
                                            Index Cond: (movie_id = ml.movie_id)
                                            Filter: (note IS NULL)
                                            Rows Removed by Filter: 2
                          ->  Sort  (cost=4.00..4.00 rows=1 width=4) (actual time=0.011..0.011 rows=1 loops=1)
                                Sort Key: ct.id
                                Sort Method: quicksort  Memory: 25kB
                                ->  Seq Scan on company_type ct  (cost=0.00..4.00 rows=1 width=4) (actual time=0.005..0.005 rows=1 loops=1)
                                      Filter: ((kind)::text = 'production companies'::text)
                                      Rows Removed by Filter: 3
                    ->  Index Scan using company_name_pkey on company_name cn  (cost=0.00..2.00 rows=1 width=23) (actual time=0.001..0.001 rows=0 loops=2794)
                          Index Cond: (id = mc.company_id)
                          Filter: (((country_code)::text <> '[pl]'::text) AND ((name ~~ '%Film%'::text) OR (name ~~ '%Warner%'::text)))
                          Rows Removed by Filter: 1
              ->  Index Scan using movie_id_movie_keyword on movie_keyword mk  (cost=0.00..92.00 rows=46 width=8) (actual time=0.001..0.003 rows=10 loops=698)
                    Index Cond: (movie_id = ml.movie_id)
        ->  Index Scan using keyword_pkey on keyword k  (cost=0.00..2.00 rows=1 width=4) (actual time=0.003..0.003 rows=0 loops=6863)
              Index Cond: (id = mk.keyword_id)
              Filter: (keyword = 'sequel'::text)
              Rows Removed by Filter: 1
Planning time: 3.414 ms
Execution time: 41.880 ms
