Aggregate  (cost=6837.44..6838.44 rows=1 width=96) (actual time=3.148..3.148 rows=1 loops=1)
  ->  Hash Join  (cost=1931.00..6837.44 rows=14 width=118) (actual time=2.264..3.136 rows=14 loops=1)
        Hash Cond: (mc.company_type_id = ct.id)
        ->  Nested Loop  (cost=1926.00..6822.44 rows=14 width=122) (actual time=2.248..3.116 rows=14 loops=1)
              ->  Nested Loop  (cost=1926.00..6822.44 rows=21 width=107) (actual time=2.239..3.052 rows=21 loops=1)
                    ->  Nested Loop  (cost=1921.00..6731.44 rows=7 width=111) (actual time=2.226..3.005 rows=7 loops=1)
                          ->  Nested Loop  (cost=1921.00..6673.44 rows=28 width=115) (actual time=2.207..2.945 rows=28 loops=1)
                                ->  Nested Loop  (cost=1875.00..5707.44 rows=7 width=107) (actual time=2.196..2.909 rows=7 loops=1)
                                      ->  Nested Loop  (cost=1875.00..5643.00 rows=1158 width=86) (actual time=0.068..0.527 rows=1158 loops=1)
                                            ->  Seq Scan on link_type lt  (cost=0.00..18.00 rows=1 width=86) (actual time=0.003..0.006 rows=1 loops=1)
                                                  Filter: ((link)::text ~~ '%follows%'::text)
                                                  Rows Removed by Filter: 17
                                            ->  Bitmap Heap Scan on movie_link ml  (cost=1875.00..3750.00 rows=1875 width=8) (actual time=0.064..0.342 rows=1158 loops=1)
                                                  Recheck Cond: (link_type_id = lt.id)
                                                  Heap Blocks: exact=95
                                                  ->  Bitmap Index Scan on link_type_id_movie_link  (cost=0.00..1875.00 rows=1875 width=0) (actual time=0.050..0.050 rows=1158 loops=1)
                                                        Index Cond: (link_type_id = lt.id)
                                      ->  Index Scan using title_pkey on title t  (cost=0.00..2.00 rows=36 width=21) (actual time=0.002..0.002 rows=0 loops=1158)
                                            Index Cond: (id = ml.movie_id)
                                            Filter: ((title ~~ '%Money%'::text) AND (production_year = 1998))
                                            Rows Removed by Filter: 1
                                ->  Bitmap Heap Scan on movie_keyword mk  (cost=46.00..92.00 rows=46 width=8) (actual time=0.003..0.003 rows=4 loops=7)
                                      Recheck Cond: (movie_id = ml.movie_id)
                                      Heap Blocks: exact=7
                                      ->  Bitmap Index Scan on movie_id_movie_keyword  (cost=0.00..46.00 rows=46 width=0) (actual time=0.002..0.002 rows=4 loops=7)
                                            Index Cond: (movie_id = ml.movie_id)
                          ->  Index Scan using keyword_pkey on keyword k  (cost=0.00..2.00 rows=1 width=4) (actual time=0.002..0.002 rows=0 loops=28)
                                Index Cond: (id = mk.keyword_id)
                                Filter: (keyword = 'sequel'::text)
                                Rows Removed by Filter: 1
                    ->  Bitmap Heap Scan on movie_companies mc  (cost=5.00..10.00 rows=3 width=12) (actual time=0.005..0.005 rows=3 loops=7)
                          Recheck Cond: (movie_id = ml.movie_id)
                          Filter: (note IS NULL)
                          Rows Removed by Filter: 1
                          Heap Blocks: exact=14
                          ->  Bitmap Index Scan on movie_id_movie_companies  (cost=0.00..5.00 rows=5 width=0) (actual time=0.003..0.003 rows=4 loops=7)
                                Index Cond: (movie_id = ml.movie_id)
              ->  Index Scan using company_name_pkey on company_name cn  (cost=0.00..2.00 rows=48302 width=23) (actual time=0.002..0.002 rows=1 loops=21)
                    Index Cond: (id = mc.company_id)
                    Filter: (((country_code)::text <> '[pl]'::text) AND ((name ~~ '%Film%'::text) OR (name ~~ '%Warner%'::text)))
                    Rows Removed by Filter: 0
        ->  Hash  (cost=4.00..4.00 rows=1 width=4) (actual time=0.009..0.009 rows=1 loops=1)
              Buckets: 1024  Batches: 1  Memory Usage: 9kB
              ->  Seq Scan on company_type ct  (cost=0.00..4.00 rows=1 width=4) (actual time=0.007..0.007 rows=1 loops=1)
                    Filter: ((kind)::text = 'production companies'::text)
                    Rows Removed by Filter: 3
Planning time: 3.860 ms
Execution time: 3.234 ms
