Aggregate  (cost=9136.80..9137.80 rows=1 width=96) (actual time=2.858..2.858 rows=1 loops=1)
  ->  Nested Loop  (cost=0.00..9136.80 rows=1 width=118) (actual time=1.987..2.849 rows=14 loops=1)
        ->  Nested Loop  (cost=0.00..9132.80 rows=1 width=122) (actual time=1.975..2.745 rows=56 loops=1)
              ->  Nested Loop  (cost=0.00..8994.80 rows=1 width=130) (actual time=1.970..2.697 rows=14 loops=1)
                    ->  Nested Loop  (cost=0.00..8990.80 rows=1 width=134) (actual time=1.967..2.678 rows=14 loops=1)
                          ->  Nested Loop  (cost=0.00..8988.80 rows=1 width=119) (actual time=1.962..2.630 rows=21 loops=1)
                                ->  Nested Loop  (cost=0.00..8975.80 rows=1 width=107) (actual time=1.957..2.601 rows=7 loops=1)
                                      ->  Nested Loop  (cost=0.00..5643.00 rows=1666 width=86) (actual time=0.015..0.473 rows=1158 loops=1)
                                            ->  Seq Scan on link_type lt  (cost=0.00..18.00 rows=1 width=86) (actual time=0.004..0.007 rows=1 loops=1)
                                                  Filter: ((link)::text ~~ '%follows%'::text)
                                                  Rows Removed by Filter: 17
                                            ->  Index Scan using link_type_id_movie_link on movie_link ml  (cost=0.00..3750.00 rows=1875 width=8) (actual time=0.010..0.270 rows=1158 loops=1)
                                                  Index Cond: (link_type_id = lt.id)
                                      ->  Index Scan using title_pkey on title t  (cost=0.00..2.00 rows=1 width=21) (actual time=0.002..0.002 rows=0 loops=1158)
                                            Index Cond: (id = ml.movie_id)
                                            Filter: ((title ~~ '%Money%'::text) AND (production_year = 1998))
                                            Rows Removed by Filter: 1
                                ->  Index Scan using movie_id_movie_companies on movie_companies mc  (cost=0.00..10.00 rows=3 width=12) (actual time=0.003..0.003 rows=3 loops=7)
                                      Index Cond: (movie_id = ml.movie_id)
                                      Filter: (note IS NULL)
                                      Rows Removed by Filter: 1
                          ->  Index Scan using company_name_pkey on company_name cn  (cost=0.00..2.00 rows=1 width=23) (actual time=0.002..0.002 rows=1 loops=21)
                                Index Cond: (id = mc.company_id)
                                Filter: (((country_code)::text <> '[pl]'::text) AND ((name ~~ '%Film%'::text) OR (name ~~ '%Warner%'::text)))
                                Rows Removed by Filter: 0
                    ->  Index Scan using company_type_pkey on company_type ct  (cost=0.00..2.00 rows=1 width=4) (actual time=0.001..0.001 rows=1 loops=14)
                          Index Cond: (id = mc.company_type_id)
                          Filter: ((kind)::text = 'production companies'::text)
              ->  Index Scan using movie_id_movie_keyword on movie_keyword mk  (cost=0.00..92.00 rows=46 width=8) (actual time=0.002..0.002 rows=4 loops=14)
                    Index Cond: (movie_id = ml.movie_id)
        ->  Index Scan using keyword_pkey on keyword k  (cost=0.00..2.00 rows=1 width=4) (actual time=0.002..0.002 rows=0 loops=56)
              Index Cond: (id = mk.keyword_id)
              Filter: (keyword = 'sequel'::text)
              Rows Removed by Filter: 1
Planning time: 3.363 ms
Execution time: 2.909 ms
