Aggregate  (cost=186202.14..186203.14 rows=1 width=96) (actual time=242.019..242.019 rows=1 loops=1)
  ->  Hash Join  (cost=166942.04..186202.14 rows=5 width=60) (actual time=193.665..238.997 rows=6946 loops=1)
        Hash Cond: (mc.company_type_id = ct.id)
        ->  Nested Loop  (cost=166935.04..185170.14 rows=1367 width=64) (actual time=193.652..237.345 rows=6946 loops=1)
              ->  Nested Loop  (cost=166935.04..184854.79 rows=14031 width=49) (actual time=192.871..210.466 rows=15510 loops=1)
                    ->  Nested Loop  (cost=166930.04..167681.79 rows=1321 width=29) (actual time=192.856..199.877 rows=1460 loops=1)
                          ->  Merge Join  (cost=166930.04..167358.04 rows=1460 width=33) (actual time=192.846..198.188 rows=1460 loops=1)
                                Merge Cond: (t.id = ml.movie_id)
                                ->  Sort  (cost=136933.04..136933.04 rows=36063 width=25) (actual time=184.834..184.879 rows=478 loops=1)
                                      Sort Key: mk.movie_id
                                      Sort Method: quicksort  Memory: 4346kB
                                      ->  Nested Loop  (cost=307.00..136933.04 rows=36063 width=25) (actual time=2.085..174.436 rows=36063 loops=1)
                                            ->  Nested Loop  (cost=307.00..136933.00 rows=47403 width=4) (actual time=2.076..58.819 rows=47403 loops=1)
                                                  ->  Seq Scan on keyword k  (cost=0.00..134170.00 rows=3 width=4) (actual time=0.579..12.939 rows=3 loops=1)
                                                        Filter: (keyword = ANY ('{sequel,revenge,based-on-novel}'::text[]))
                                                        Rows Removed by Filter: 134167
                                                  ->  Bitmap Heap Scan on movie_keyword mk  (cost=307.00..614.00 rows=307 width=8) (actual time=2.156..12.654 rows=15801 loops=3)
                                                        Recheck Cond: (keyword_id = k.id)
                                                        Heap Blocks: exact=23953
                                                        ->  Bitmap Index Scan on keyword_id_movie_keyword  (cost=0.00..307.00 rows=307 width=0) (actual time=1.153..1.153 rows=15801 loops=3)
                                                              Index Cond: (keyword_id = k.id)
                                            ->  Index Scan using title_pkey on title t  (cost=0.00..2.00 rows=2287271 width=21) (actual time=0.002..0.002 rows=1 loops=47403)
                                                  Index Cond: (id = mk.movie_id)
                                                  Filter: (production_year > 1950)
                                                  Rows Removed by Filter: 0
                                ->  Sort  (cost=29997.00..29997.00 rows=29997 width=8) (actual time=7.984..10.210 rows=30043 loops=1)
                                      Sort Key: ml.movie_id
                                      Sort Method: quicksort  Memory: 2175kB
                                      ->  Seq Scan on movie_link ml  (cost=0.00..29997.00 rows=29997 width=8) (actual time=0.007..3.457 rows=29997 loops=1)
                          ->  Index Only Scan using link_type_pkey on link_type lt  (cost=0.00..2.00 rows=18 width=4) (actual time=0.001..0.001 rows=1 loops=1460)
                                Index Cond: (id = ml.link_type_id)
                                Heap Fetches: 1460
                    ->  Bitmap Heap Scan on movie_companies mc  (cost=5.00..10.00 rows=3 width=36) (actual time=0.003..0.005 rows=11 loops=1460)
                          Recheck Cond: (movie_id = ml.movie_id)
                          Filter: (note IS NOT NULL)
                          Rows Removed by Filter: 2
                          Heap Blocks: exact=2554
                          ->  Bitmap Index Scan on movie_id_movie_companies  (cost=0.00..5.00 rows=5 width=0) (actual time=0.002..0.002 rows=13 loops=1460)
                                Index Cond: (movie_id = ml.movie_id)
              ->  Index Scan using company_name_pkey on company_name cn  (cost=0.00..2.00 rows=89 width=23) (actual time=0.001..0.001 rows=0 loops=15510)
                    Index Cond: (id = mc.company_id)
                    Filter: (((country_code)::text <> '[pl]'::text) AND ((name ~~ '20th Century Fox%'::text) OR (name ~~ 'Twentieth Century Fox%'::text)))
                    Rows Removed by Filter: 1
        ->  Hash  (cost=4.00..4.00 rows=3 width=4) (actual time=0.007..0.007 rows=3 loops=1)
              Buckets: 1024  Batches: 1  Memory Usage: 9kB
              ->  Seq Scan on company_type ct  (cost=0.00..4.00 rows=3 width=4) (actual time=0.004..0.005 rows=3 loops=1)
                    Filter: (((kind)::text <> 'production companies'::text) AND (kind IS NOT NULL))
                    Rows Removed by Filter: 1
Planning time: 3.690 ms
Execution time: 242.104 ms
