Aggregate  (cost=185593.81..185594.81 rows=1 width=96) (actual time=260.249..260.249 rows=1 loops=1)
  ->  Nested Loop  (cost=166935.04..185593.81 rows=1 width=60) (actual time=198.295..256.911 rows=6946 loops=1)
        ->  Nested Loop  (cost=166935.04..185593.49 rows=1 width=64) (actual time=198.288..249.143 rows=6946 loops=1)
              ->  Nested Loop  (cost=166935.04..185588.32 rows=5 width=68) (actual time=198.283..241.650 rows=6946 loops=1)
                    ->  Nested Loop  (cost=166935.04..184531.04 rows=47047 width=53) (actual time=197.543..213.755 rows=15510 loops=1)
                          ->  Merge Join  (cost=166930.04..167358.04 rows=1321 width=33) (actual time=197.522..202.940 rows=1460 loops=1)
                                Merge Cond: (t.id = ml.movie_id)
                                ->  Sort  (cost=136933.04..136933.04 rows=36063 width=25) (actual time=188.373..188.420 rows=478 loops=1)
                                      Sort Key: mk.movie_id
                                      Sort Method: quicksort  Memory: 4346kB
                                      ->  Nested Loop  (cost=307.00..136933.04 rows=36063 width=25) (actual time=2.121..177.532 rows=36063 loops=1)
                                            ->  Nested Loop  (cost=307.00..136933.00 rows=47403 width=4) (actual time=2.113..59.487 rows=47403 loops=1)
                                                  ->  Seq Scan on keyword k  (cost=0.00..134170.00 rows=3 width=4) (actual time=0.593..13.097 rows=3 loops=1)
                                                        Filter: (keyword = ANY ('{sequel,revenge,based-on-novel}'::text[]))
                                                        Rows Removed by Filter: 134167
                                                  ->  Bitmap Heap Scan on movie_keyword mk  (cost=307.00..614.00 rows=307 width=8) (actual time=2.215..12.851 rows=15801 loops=3)
                                                        Recheck Cond: (keyword_id = k.id)
                                                        Heap Blocks: exact=23953
                                                        ->  Bitmap Index Scan on keyword_id_movie_keyword  (cost=0.00..307.00 rows=307 width=0) (actual time=1.198..1.198 rows=15801 loops=3)
                                                              Index Cond: (keyword_id = k.id)
                                            ->  Index Scan using title_pkey on title t  (cost=0.00..2.00 rows=2287271 width=21) (actual time=0.002..0.002 rows=1 loops=47403)
                                                  Index Cond: (id = mk.movie_id)
                                                  Filter: (production_year > 1950)
                                                  Rows Removed by Filter: 0
                                ->  Sort  (cost=29997.00..29997.00 rows=29997 width=8) (actual time=9.111..11.385 rows=30043 loops=1)
                                      Sort Key: ml.movie_id
                                      Sort Method: quicksort  Memory: 2175kB
                                      ->  Seq Scan on movie_link ml  (cost=0.00..29997.00 rows=29997 width=8) (actual time=0.008..3.736 rows=29997 loops=1)
                          ->  Bitmap Heap Scan on movie_companies mc  (cost=5.00..10.00 rows=3 width=36) (actual time=0.003..0.005 rows=11 loops=1460)
                                Recheck Cond: (movie_id = ml.movie_id)
                                Filter: (note IS NOT NULL)
                                Rows Removed by Filter: 2
                                Heap Blocks: exact=2554
                                ->  Bitmap Index Scan on movie_id_movie_companies  (cost=0.00..5.00 rows=5 width=0) (actual time=0.002..0.002 rows=13 loops=1460)
                                      Index Cond: (movie_id = ml.movie_id)
                    ->  Index Scan using company_name_pkey on company_name cn  (cost=0.00..2.00 rows=89 width=23) (actual time=0.001..0.001 rows=0 loops=15510)
                          Index Cond: (id = mc.company_id)
                          Filter: (((country_code)::text <> '[pl]'::text) AND ((name ~~ '20th Century Fox%'::text) OR (name ~~ 'Twentieth Century Fox%'::text)))
                          Rows Removed by Filter: 1
              ->  Index Scan using company_type_pkey on company_type ct  (cost=0.00..2.00 rows=3 width=4) (actual time=0.001..0.001 rows=1 loops=6946)
                    Index Cond: (id = mc.company_type_id)
                    Filter: (((kind)::text <> 'production companies'::text) AND (kind IS NOT NULL))
        ->  Index Only Scan using link_type_pkey on link_type lt  (cost=0.00..2.00 rows=18 width=4) (actual time=0.001..0.001 rows=1 loops=6946)
              Index Cond: (id = ml.link_type_id)
              Heap Fetches: 6946
Planning time: 3.628 ms
Execution time: 260.321 ms
