Aggregate  (cost=138744.93..138745.93 rows=1 width=96) (actual time=284.432..284.432 rows=1 loops=1)
  ->  Nested Loop  (cost=317.00..138744.93 rows=50 width=60) (actual time=2.058..277.707 rows=14899 loops=1)
        ->  Nested Loop  (cost=317.00..138669.10 rows=67 width=64) (actual time=2.054..261.123 rows=15493 loops=1)
              ->  Nested Loop  (cost=317.00..138669.10 rows=74 width=49) (actual time=2.049..232.112 rows=15510 loops=1)
                    ->  Nested Loop  (cost=312.00..138305.10 rows=28 width=29) (actual time=2.040..221.096 rows=1460 loops=1)
                          ->  Nested Loop  (cost=312.00..138298.00 rows=28 width=33) (actual time=2.035..219.283 rows=1460 loops=1)
                                ->  Nested Loop  (cost=307.00..136933.00 rows=91 width=25) (actual time=2.030..172.724 rows=36063 loops=1)
                                      ->  Nested Loop  (cost=307.00..136933.00 rows=101 width=4) (actual time=2.023..59.320 rows=47403 loops=1)
                                            ->  Seq Scan on keyword k  (cost=0.00..134170.00 rows=3 width=4) (actual time=0.574..12.935 rows=3 loops=1)
                                                  Filter: (keyword = ANY ('{sequel,revenge,based-on-novel}'::text[]))
                                                  Rows Removed by Filter: 134167
                                            ->  Bitmap Heap Scan on movie_keyword mk  (cost=307.00..614.00 rows=307 width=8) (actual time=2.078..12.915 rows=15801 loops=3)
                                                  Recheck Cond: (keyword_id = k.id)
                                                  Heap Blocks: exact=23953
                                                  ->  Bitmap Index Scan on keyword_id_movie_keyword  (cost=0.00..307.00 rows=307 width=0) (actual time=1.079..1.079 rows=15801 loops=3)
                                                        Index Cond: (keyword_id = k.id)
                                      ->  Index Scan using title_pkey on title t  (cost=0.00..2.00 rows=2287271 width=21) (actual time=0.002..0.002 rows=1 loops=47403)
                                            Index Cond: (id = mk.movie_id)
                                            Filter: (production_year > 1950)
                                            Rows Removed by Filter: 0
                                ->  Bitmap Heap Scan on movie_link ml  (cost=5.00..10.00 rows=5 width=8) (actual time=0.001..0.001 rows=0 loops=36063)
                                      Recheck Cond: (movie_id = t.id)
                                      Heap Blocks: exact=198
                                      ->  Bitmap Index Scan on movie_id_movie_link  (cost=0.00..5.00 rows=5 width=0) (actual time=0.001..0.001 rows=0 loops=36063)
                                            Index Cond: (movie_id = t.id)
                          ->  Index Only Scan using link_type_pkey on link_type lt  (cost=0.00..2.00 rows=18 width=4) (actual time=0.001..0.001 rows=1 loops=1460)
                                Index Cond: (id = ml.link_type_id)
                                Heap Fetches: 1460
                    ->  Bitmap Heap Scan on movie_companies mc  (cost=5.00..10.00 rows=3 width=36) (actual time=0.003..0.005 rows=11 loops=1460)
                          Recheck Cond: (movie_id = ml.movie_id)
                          Filter: (note IS NOT NULL)
                          Rows Removed by Filter: 2
                          Heap Blocks: exact=2554
                          ->  Bitmap Index Scan on movie_id_movie_companies  (cost=0.00..5.00 rows=5 width=0) (actual time=0.002..0.002 rows=13 loops=1460)
                                Index Cond: (movie_id = ml.movie_id)
              ->  Index Scan using company_name_pkey on company_name cn  (cost=0.00..2.00 rows=210031 width=23) (actual time=0.001..0.001 rows=1 loops=15510)
                    Index Cond: (id = mc.company_id)
                    Filter: ((country_code)::text <> '[pl]'::text)
                    Rows Removed by Filter: 0
        ->  Index Scan using company_type_pkey on company_type ct  (cost=0.00..2.00 rows=3 width=4) (actual time=0.001..0.001 rows=1 loops=15493)
              Index Cond: (id = mc.company_type_id)
              Filter: (((kind)::text <> 'production companies'::text) AND (kind IS NOT NULL))
              Rows Removed by Filter: 0
Planning time: 3.674 ms
Execution time: 284.513 ms
