Aggregate  (cost=704176.27..704177.27 rows=1 width=96) (actual time=921.263..921.263 rows=1 loops=1)
  ->  Hash Join  (cost=215137.00..704176.27 rows=231 width=42) (actual time=57.842..921.053 rows=397 loops=1)
        Hash Cond: (mc.company_type_id = ct.id)
        ->  Nested Loop  (cost=215132.00..703641.27 rows=707 width=46) (actual time=57.787..920.867 rows=707 loops=1)
              ->  Nested Loop  (cost=215132.00..703641.22 rows=1934 width=31) (actual time=56.711..915.363 rows=1934 loops=1)
                    ->  Hash Join  (cost=215127.00..695286.22 rows=557 width=35) (actual time=56.701..911.602 rows=557 loops=1)
                          Hash Cond: (mi_idx.info_type_id = it2.id)
                          ->  Nested Loop  (cost=215013.00..693017.22 rows=2174 width=39) (actual time=50.478..911.157 rows=2174 loops=1)
                                ->  Nested Loop  (cost=215010.00..434269.22 rows=36964 width=25) (actual time=49.909..815.373 rows=36964 loops=1)
                                      ->  Nested Loop  (cost=215010.00..434268.00 rows=272720 width=4) (actual time=49.884..308.534 rows=272720 loops=1)
                                            ->  Seq Scan on info_type it1  (cost=0.00..113.00 rows=1 width=4) (actual time=0.002..0.009 rows=1 loops=1)
                                                  Filter: ((info)::text = 'genres'::text)
                                                  Rows Removed by Filter: 112
                                            ->  Bitmap Heap Scan on movie_info mi  (cost=215010.00..430020.00 rows=4135 width=8) (actual time=49.880..272.251 rows=272720 loops=1)
                                                  Recheck Cond: (info_type_id = it1.id)
                                                  Filter: (info = ANY ('{Drama,Horror}'::text[]))
                                                  Rows Removed by Filter: 1261189
                                                  Heap Blocks: exact=9770
                                                  ->  Bitmap Index Scan on info_type_id_movie_info  (cost=0.00..215010.00 rows=215010 width=0) (actual time=48.668..48.668 rows=1533909 loops=1)
                                                        Index Cond: (info_type_id = it1.id)
                                      ->  Index Scan using title_pkey on title t  (cost=0.00..2.00 rows=445860 width=21) (actual time=0.002..0.002 rows=0 loops=272720)
                                            Index Cond: (id = mi.movie_id)
                                            Filter: ((production_year >= 2005) AND (production_year <= 2008))
                                            Rows Removed by Filter: 1
                                ->  Bitmap Heap Scan on movie_info_idx mi_idx  (cost=3.00..6.00 rows=1 width=14) (actual time=0.002..0.002 rows=0 loops=36964)
                                      Recheck Cond: (movie_id = t.id)
                                      Filter: (info > '8.0'::text)
                                      Rows Removed by Filter: 2
                                      Heap Blocks: exact=19849
                                      ->  Bitmap Index Scan on movie_id_movie_info_idx  (cost=0.00..3.00 rows=3 width=0) (actual time=0.001..0.001 rows=2 loops=36964)
                                            Index Cond: (movie_id = t.id)
                          ->  Hash  (cost=113.00..113.00 rows=1 width=4) (actual time=0.009..0.009 rows=1 loops=1)
                                Buckets: 1024  Batches: 1  Memory Usage: 9kB
                                ->  Seq Scan on info_type it2  (cost=0.00..113.00 rows=1 width=4) (actual time=0.008..0.009 rows=1 loops=1)
                                      Filter: ((info)::text = 'rating'::text)
                                      Rows Removed by Filter: 112
                    ->  Bitmap Heap Scan on movie_companies mc  (cost=5.00..10.00 rows=5 width=12) (actual time=0.005..0.005 rows=3 loops=557)
                          Recheck Cond: (movie_id = t.id)
                          Heap Blocks: exact=682
                          ->  Bitmap Index Scan on movie_id_movie_companies  (cost=0.00..5.00 rows=5 width=0) (actual time=0.003..0.003 rows=3 loops=557)
                                Index Cond: (movie_id = t.id)
              ->  Index Scan using company_name_pkey on company_name cn  (cost=0.00..2.00 rows=84843 width=23) (actual time=0.003..0.003 rows=0 loops=1934)
                    Index Cond: (id = mc.company_id)
                    Filter: ((country_code)::text = '[us]'::text)
                    Rows Removed by Filter: 1
        ->  Hash  (cost=4.00..4.00 rows=1 width=4) (actual time=0.006..0.006 rows=1 loops=1)
              Buckets: 1024  Batches: 1  Memory Usage: 9kB
              ->  Seq Scan on company_type ct  (cost=0.00..4.00 rows=1 width=4) (actual time=0.004..0.004 rows=1 loops=1)
                    Filter: ((kind)::text = 'production companies'::text)
                    Rows Removed by Filter: 3
Planning time: 3.817 ms
Execution time: 921.343 ms
