Aggregate  (cost=442602.00..442603.00 rows=1 width=96) (actual time=908.866..908.866 rows=1 loops=1)
  ->  Nested Loop  (cost=0.00..442602.00 rows=1 width=42) (actual time=8.351..908.644 rows=397 loops=1)
        ->  Nested Loop  (cost=0.00..442598.00 rows=1 width=46) (actual time=8.299..907.774 rows=707 loops=1)
              ->  Nested Loop  (cost=0.00..442594.00 rows=2 width=31) (actual time=7.204..902.219 rows=1934 loops=1)
                    ->  Nested Loop  (cost=0.00..442579.00 rows=1 width=35) (actual time=7.196..899.120 rows=557 loops=1)
                          ->  Nested Loop  (cost=0.00..442475.00 rows=51 width=39) (actual time=0.663..896.726 rows=2174 loops=1)
                                ->  Nested Loop  (cost=0.00..439318.00 rows=451 width=25) (actual time=0.048..819.414 rows=36964 loops=1)
                                      ->  Nested Loop  (cost=0.00..434268.00 rows=2525 width=4) (actual time=0.023..324.450 rows=272720 loops=1)
                                            ->  Seq Scan on info_type it1  (cost=0.00..113.00 rows=1 width=4) (actual time=0.008..0.015 rows=1 loops=1)
                                                  Filter: ((info)::text = 'genres'::text)
                                                  Rows Removed by Filter: 112
                                            ->  Index Scan using info_type_id_movie_info on movie_info mi  (cost=0.00..430020.00 rows=4135 width=8) (actual time=0.014..290.622 rows=272720 loops=1)
                                                  Index Cond: (info_type_id = it1.id)
                                                  Filter: (info = ANY ('{Drama,Horror}'::text[]))
                                                  Rows Removed by Filter: 1261189
                                      ->  Index Scan using title_pkey on title t  (cost=0.00..2.00 rows=1 width=21) (actual time=0.002..0.002 rows=0 loops=272720)
                                            Index Cond: (id = mi.movie_id)
                                            Filter: ((production_year >= 2005) AND (production_year <= 2008))
                                            Rows Removed by Filter: 1
                                ->  Index Scan using movie_id_movie_info_idx on movie_info_idx mi_idx  (cost=0.00..6.00 rows=1 width=14) (actual time=0.002..0.002 rows=0 loops=36964)
                                      Index Cond: (movie_id = t.id)
                                      Filter: (info > '8.0'::text)
                                      Rows Removed by Filter: 2
                          ->  Index Scan using info_type_pkey on info_type it2  (cost=0.00..2.00 rows=1 width=4) (actual time=0.001..0.001 rows=0 loops=2174)
                                Index Cond: (id = mi_idx.info_type_id)
                                Filter: ((info)::text = 'rating'::text)
                                Rows Removed by Filter: 1
                    ->  Index Scan using movie_id_movie_companies on movie_companies mc  (cost=0.00..10.00 rows=5 width=12) (actual time=0.003..0.005 rows=3 loops=557)
                          Index Cond: (movie_id = t.id)
              ->  Index Scan using company_name_pkey on company_name cn  (cost=0.00..2.00 rows=1 width=23) (actual time=0.003..0.003 rows=0 loops=1934)
                    Index Cond: (id = mc.company_id)
                    Filter: ((country_code)::text = '[us]'::text)
                    Rows Removed by Filter: 1
        ->  Index Scan using company_type_pkey on company_type ct  (cost=0.00..2.00 rows=1 width=4) (actual time=0.001..0.001 rows=1 loops=707)
              Index Cond: (id = mc.company_type_id)
              Filter: ((kind)::text = 'production companies'::text)
              Rows Removed by Filter: 0
Planning time: 3.550 ms
Execution time: 908.936 ms
