Aggregate  (cost=649410.44..649411.44 rows=1 width=64) (actual time=347.351..347.351 rows=1 loops=1)
  ->  Nested Loop  (cost=215018.00..649410.44 rows=8 width=59) (actual time=128.257..347.337 rows=10 loops=1)
        ->  Nested Loop  (cost=215018.00..649401.11 rows=6 width=63) (actual time=128.252..347.318 rows=10 loops=1)
              ->  Nested Loop  (cost=215018.00..649401.11 rows=9 width=67) (actual time=128.212..347.209 rows=33 loops=1)
                    ->  Nested Loop  (cost=215013.00..649386.11 rows=1 width=71) (actual time=128.197..347.172 rows=2 loops=1)
                          Join Filter: (mi_idx.info_type_id = it2.id)
                          Rows Removed by Join Filter: 618
                          ->  Nested Loop  (cost=215013.00..649136.11 rows=137 width=75) (actual time=28.296..346.891 rows=620 loops=1)
                                ->  Nested Loop  (cost=215010.00..645239.11 rows=433 width=67) (actual time=28.287..344.712 rows=433 loops=1)
                                      ->  Nested Loop  (cost=215010.00..645143.00 rows=121863 width=46) (actual time=5.075..44.566 rows=121863 loops=1)
                                            ->  Seq Scan on info_type it1  (cost=0.00..113.00 rows=1 width=4) (actual time=0.010..0.013 rows=1 loops=1)
                                                  Filter: ((info)::text = 'budget'::text)
                                                  Rows Removed by Filter: 112
                                            ->  Bitmap Heap Scan on movie_info mi  (cost=215010.00..430020.00 rows=215010 width=50) (actual time=5.063..25.278 rows=121863 loops=1)
                                                  Recheck Cond: (info_type_id = it1.id)
                                                  Heap Blocks: exact=4741
                                                  ->  Bitmap Index Scan on info_type_id_movie_info  (cost=0.00..215010.00 rows=215010 width=0) (actual time=4.444..4.444 rows=121863 loops=1)
                                                        Index Cond: (info_type_id = it1.id)
                                      ->  Index Scan using title_pkey on title t  (cost=0.00..2.00 rows=2536 width=21) (actual time=0.002..0.002 rows=0 loops=121863)
                                            Index Cond: (id = mi.movie_id)
                                            Filter: ((production_year > 2000) AND ((title ~~ 'Birdemic%'::text) OR (title ~~ '%Movie%'::text)))
                                            Rows Removed by Filter: 1
                                ->  Bitmap Heap Scan on movie_info_idx mi_idx  (cost=3.00..6.00 rows=3 width=8) (actual time=0.004..0.004 rows=1 loops=433)
                                      Recheck Cond: (movie_id = t.id)
                                      Heap Blocks: exact=212
                                      ->  Bitmap Index Scan on movie_id_movie_info_idx  (cost=0.00..3.00 rows=3 width=0) (actual time=0.003..0.003 rows=1 loops=433)
                                            Index Cond: (movie_id = t.id)
                          ->  Materialize  (cost=0.00..113.00 rows=1 width=4) (actual time=0.000..0.000 rows=1 loops=620)
                                ->  Seq Scan on info_type it2  (cost=0.00..113.00 rows=1 width=4) (actual time=0.010..0.010 rows=1 loops=1)
                                      Filter: ((info)::text = 'bottom 10 rank'::text)
                                      Rows Removed by Filter: 112
                    ->  Bitmap Heap Scan on movie_companies mc  (cost=5.00..10.00 rows=5 width=12) (actual time=0.010..0.012 rows=16 loops=2)
                          Recheck Cond: (movie_id = t.id)
                          Heap Blocks: exact=4
                          ->  Bitmap Index Scan on movie_id_movie_companies  (cost=0.00..5.00 rows=5 width=0) (actual time=0.007..0.007 rows=16 loops=2)
                                Index Cond: (movie_id = t.id)
              ->  Index Scan using company_name_pkey on company_name cn  (cost=0.00..2.00 rows=84843 width=4) (actual time=0.003..0.003 rows=0 loops=33)
                    Index Cond: (id = mc.company_id)
                    Filter: ((country_code)::text = '[us]'::text)
                    Rows Removed by Filter: 1
        ->  Index Scan using company_type_pkey on company_type ct  (cost=0.00..2.00 rows=2 width=4) (actual time=0.001..0.001 rows=1 loops=10)
              Index Cond: (id = mc.company_type_id)
              Filter: ((kind IS NOT NULL) AND (((kind)::text = 'production companies'::text) OR ((kind)::text = 'distributors'::text)))
Planning time: 3.846 ms
Execution time: 347.429 ms
