Aggregate  (cost=907944.35..907945.35 rows=1 width=64) (actual time=386.411..386.411 rows=1 loops=1)
  ->  Nested Loop  (cost=0.00..907944.35 rows=1 width=59) (actual time=153.544..386.396 rows=10 loops=1)
        ->  Nested Loop  (cost=0.00..907941.02 rows=1 width=63) (actual time=153.539..386.376 rows=10 loops=1)
              ->  Nested Loop  (cost=0.00..907937.02 rows=2 width=67) (actual time=153.485..386.254 rows=33 loops=1)
                    ->  Nested Loop  (cost=0.00..907922.02 rows=1 width=71) (actual time=153.474..386.220 rows=2 loops=1)
                          ->  Nested Loop  (cost=0.00..907840.02 rows=40 width=75) (actual time=23.644..385.496 rows=620 loops=1)
                                ->  Nested Loop  (cost=0.00..907723.02 rows=13 width=67) (actual time=23.637..383.587 rows=433 loops=1)
                                      ->  Nested Loop  (cost=0.00..645143.00 rows=131290 width=46) (actual time=0.022..50.046 rows=121863 loops=1)
                                            ->  Seq Scan on info_type it1  (cost=0.00..113.00 rows=1 width=4) (actual time=0.012..0.014 rows=1 loops=1)
                                                  Filter: ((info)::text = 'budget'::text)
                                                  Rows Removed by Filter: 112
                                            ->  Index Scan using info_type_id_movie_info on movie_info mi  (cost=0.00..430020.00 rows=215010 width=50) (actual time=0.010..30.148 rows=121863 loops=1)
                                                  Index Cond: (info_type_id = it1.id)
                                      ->  Index Scan using title_pkey on title t  (cost=0.00..2.00 rows=1 width=21) (actual time=0.003..0.003 rows=0 loops=121863)
                                            Index Cond: (id = mi.movie_id)
                                            Filter: ((production_year > 2000) AND ((title ~~ 'Birdemic%'::text) OR (title ~~ '%Movie%'::text)))
                                            Rows Removed by Filter: 1
                                ->  Index Scan using movie_id_movie_info_idx on movie_info_idx mi_idx  (cost=0.00..6.00 rows=3 width=8) (actual time=0.004..0.004 rows=1 loops=433)
                                      Index Cond: (movie_id = t.id)
                          ->  Index Scan using info_type_pkey on info_type it2  (cost=0.00..2.00 rows=1 width=4) (actual time=0.001..0.001 rows=0 loops=620)
                                Index Cond: (id = mi_idx.info_type_id)
                                Filter: ((info)::text = 'bottom 10 rank'::text)
                                Rows Removed by Filter: 1
                    ->  Index Scan using movie_id_movie_companies on movie_companies mc  (cost=0.00..10.00 rows=5 width=12) (actual time=0.007..0.012 rows=16 loops=2)
                          Index Cond: (movie_id = t.id)
              ->  Index Scan using company_name_pkey on company_name cn  (cost=0.00..2.00 rows=1 width=4) (actual time=0.003..0.003 rows=0 loops=33)
                    Index Cond: (id = mc.company_id)
                    Filter: ((country_code)::text = '[us]'::text)
                    Rows Removed by Filter: 1
        ->  Index Scan using company_type_pkey on company_type ct  (cost=0.00..2.00 rows=1 width=4) (actual time=0.001..0.001 rows=1 loops=10)
              Index Cond: (id = mc.company_type_id)
              Filter: ((kind IS NOT NULL) AND (((kind)::text = 'production companies'::text) OR ((kind)::text = 'distributors'::text)))
Planning time: 3.573 ms
Execution time: 386.479 ms
