Aggregate  (cost=444023.01..444024.01 rows=1 width=96) (actual time=1423.061..1423.061 rows=1 loops=1)
  ->  Hash Join  (cost=215137.00..444023.01 rows=2 width=42) (actual time=51.807..1421.103 rows=4711 loops=1)
        Hash Cond: (mc.company_type_id = ct.id)
        ->  Nested Loop  (cost=215132.00..444012.01 rows=8 width=46) (actual time=51.782..1419.133 rows=10112 loops=1)
              ->  Nested Loop  (cost=215132.00..444012.01 rows=23 width=31) (actual time=51.770..1317.289 rows=45006 loops=1)
                    ->  Hash Join  (cost=215127.00..443937.01 rows=5 width=35) (actual time=51.760..1264.806 rows=7964 loops=1)
                          Hash Cond: (mi_idx.info_type_id = it2.id)
                          ->  Nested Loop  (cost=215013.00..443336.01 rows=491 width=39) (actual time=51.674..1261.166 rows=15916 loops=1)
                                ->  Nested Loop  (cost=215010.00..434971.01 rows=1195 width=25) (actual time=51.625..997.414 rows=108173 loops=1)
                                      ->  Nested Loop  (cost=215010.00..434971.00 rows=2897 width=4) (actual time=51.611..365.673 rows=325255 loops=1)
                                            ->  Seq Scan on info_type it1  (cost=0.00..113.00 rows=1 width=4) (actual time=0.002..0.010 rows=1 loops=1)
                                                  Filter: ((info)::text = 'genres'::text)
                                                  Rows Removed by Filter: 112
                                            ->  Bitmap Heap Scan on movie_info mi  (cost=215010.00..430020.00 rows=4838 width=8) (actual time=51.607..321.303 rows=325255 loops=1)
                                                  Recheck Cond: (info_type_id = it1.id)
                                                  Filter: (info = ANY ('{Drama,Horror,Western,Family}'::text[]))
                                                  Rows Removed by Filter: 1208654
                                                  Heap Blocks: exact=9770
                                                  ->  Bitmap Index Scan on info_type_id_movie_info  (cost=0.00..215010.00 rows=215010 width=0) (actual time=50.255..50.255 rows=1533909 loops=1)
                                                        Index Cond: (info_type_id = it1.id)
                                      ->  Index Scan using title_pkey on title t  (cost=0.00..2.00 rows=1042800 width=21) (actual time=0.002..0.002 rows=0 loops=325255)
                                            Index Cond: (id = mi.movie_id)
                                            Filter: ((production_year >= 2000) AND (production_year <= 2010))
                                            Rows Removed by Filter: 1
                                ->  Bitmap Heap Scan on movie_info_idx mi_idx  (cost=3.00..6.00 rows=1 width=14) (actual time=0.002..0.002 rows=0 loops=108173)
                                      Recheck Cond: (movie_id = t.id)
                                      Filter: (info > '7.0'::text)
                                      Rows Removed by Filter: 1
                                      Heap Blocks: exact=53128
                                      ->  Bitmap Index Scan on movie_id_movie_info_idx  (cost=0.00..3.00 rows=3 width=0) (actual time=0.001..0.001 rows=1 loops=108173)
                                            Index Cond: (movie_id = t.id)
                          ->  Hash  (cost=113.00..113.00 rows=1 width=4) (actual time=0.010..0.010 rows=1 loops=1)
                                Buckets: 1024  Batches: 1  Memory Usage: 9kB
                                ->  Seq Scan on info_type it2  (cost=0.00..113.00 rows=1 width=4) (actual time=0.008..0.009 rows=1 loops=1)
                                      Filter: ((info)::text = 'rating'::text)
                                      Rows Removed by Filter: 112
                    ->  Bitmap Heap Scan on movie_companies mc  (cost=5.00..10.00 rows=5 width=12) (actual time=0.004..0.005 rows=6 loops=7964)
                          Recheck Cond: (movie_id = t.id)
                          Heap Blocks: exact=11868
                          ->  Bitmap Index Scan on movie_id_movie_companies  (cost=0.00..5.00 rows=5 width=0) (actual time=0.002..0.002 rows=6 loops=7964)
                                Index Cond: (movie_id = t.id)
              ->  Index Scan using company_name_pkey on company_name cn  (cost=0.00..2.00 rows=84843 width=23) (actual time=0.002..0.002 rows=0 loops=45006)
                    Index Cond: (id = mc.company_id)
                    Filter: ((country_code)::text = '[us]'::text)
                    Rows Removed by Filter: 1
        ->  Hash  (cost=4.00..4.00 rows=1 width=4) (actual time=0.007..0.007 rows=1 loops=1)
              Buckets: 1024  Batches: 1  Memory Usage: 9kB
              ->  Seq Scan on company_type ct  (cost=0.00..4.00 rows=1 width=4) (actual time=0.005..0.005 rows=1 loops=1)
                    Filter: ((kind)::text = 'production companies'::text)
                    Rows Removed by Filter: 3
Planning time: 3.739 ms
Execution time: 1423.132 ms
