Aggregate  (cost=450219.00..450220.00 rows=1 width=96) (actual time=1273.497..1273.497 rows=1 loops=1)
  ->  Nested Loop  (cost=0.00..450219.00 rows=2 width=42) (actual time=0.164..1271.698 rows=4711 loops=1)
        ->  Nested Loop  (cost=0.00..450207.00 rows=6 width=27) (actual time=0.159..1229.437 rows=15537 loops=1)
              Join Filter: (mc.company_type_id = ct.id)
              Rows Removed by Join Filter: 29469
              ->  Nested Loop  (cost=0.00..450180.00 rows=23 width=31) (actual time=0.150..1214.271 rows=45006 loops=1)
                    ->  Nested Loop  (cost=0.00..450105.00 rows=5 width=35) (actual time=0.144..1174.009 rows=7964 loops=1)
                          Join Filter: (mi_idx.info_type_id = it2.id)
                          Rows Removed by Join Filter: 7952
                          ->  Nested Loop  (cost=0.00..449496.00 rows=496 width=39) (actual time=0.066..1168.287 rows=15916 loops=1)
                                ->  Nested Loop  (cost=0.00..440879.00 rows=1231 width=25) (actual time=0.034..965.380 rows=108173 loops=1)
                                      ->  Nested Loop  (cost=0.00..434971.00 rows=2954 width=4) (actual time=0.022..374.468 rows=325255 loops=1)
                                            ->  Seq Scan on info_type it1  (cost=0.00..113.00 rows=1 width=4) (actual time=0.007..0.015 rows=1 loops=1)
                                                  Filter: ((info)::text = 'genres'::text)
                                                  Rows Removed by Filter: 112
                                            ->  Index Scan using info_type_id_movie_info on movie_info mi  (cost=0.00..430020.00 rows=4838 width=8) (actual time=0.014..332.260 rows=325255 loops=1)
                                                  Index Cond: (info_type_id = it1.id)
                                                  Filter: (info = ANY ('{Drama,Horror,Western,Family}'::text[]))
                                                  Rows Removed by Filter: 1208654
                                      ->  Index Scan using title_pkey on title t  (cost=0.00..2.00 rows=1 width=21) (actual time=0.002..0.002 rows=0 loops=325255)
                                            Index Cond: (id = mi.movie_id)
                                            Filter: ((production_year >= 2000) AND (production_year <= 2010))
                                            Rows Removed by Filter: 1
                                ->  Index Scan using movie_id_movie_info_idx on movie_info_idx mi_idx  (cost=0.00..6.00 rows=1 width=14) (actual time=0.002..0.002 rows=0 loops=108173)
                                      Index Cond: (movie_id = t.id)
                                      Filter: (info > '7.0'::text)
                                      Rows Removed by Filter: 1
                          ->  Materialize  (cost=0.00..113.00 rows=1 width=4) (actual time=0.000..0.000 rows=1 loops=15916)
                                ->  Seq Scan on info_type it2  (cost=0.00..113.00 rows=1 width=4) (actual time=0.008..0.009 rows=1 loops=1)
                                      Filter: ((info)::text = 'rating'::text)
                                      Rows Removed by Filter: 112
                    ->  Index Scan using movie_id_movie_companies on movie_companies mc  (cost=0.00..10.00 rows=5 width=12) (actual time=0.002..0.004 rows=6 loops=7964)
                          Index Cond: (movie_id = t.id)
              ->  Materialize  (cost=0.00..4.00 rows=1 width=4) (actual time=0.000..0.000 rows=1 loops=45006)
                    ->  Seq Scan on company_type ct  (cost=0.00..4.00 rows=1 width=4) (actual time=0.002..0.002 rows=1 loops=1)
                          Filter: ((kind)::text = 'production companies'::text)
                          Rows Removed by Filter: 3
        ->  Index Scan using company_name_pkey on company_name cn  (cost=0.00..2.00 rows=1 width=23) (actual time=0.002..0.002 rows=0 loops=15537)
              Index Cond: (id = mc.company_id)
              Filter: ((country_code)::text = '[us]'::text)
              Rows Removed by Filter: 1
Planning time: 3.430 ms
Execution time: 1273.554 ms
