Aggregate  (cost=3626515.95..3626516.95 rows=1 width=96) (actual time=6576.478..6576.478 rows=1 loops=1)
  ->  Hash Join  (cost=3176600.95..3626515.95 rows=19170 width=65) (actual time=6039.607..6546.020 rows=111101 loops=1)
        Hash Cond: (mi.movie_id = t.id)
        ->  Nested Loop  (cost=215010.00..645143.00 rows=3036719 width=46) (actual time=103.289..894.695 rows=3036719 loops=1)
              ->  Seq Scan on info_type it2  (cost=0.00..113.00 rows=1 width=4) (actual time=0.014..0.022 rows=1 loops=1)
                    Filter: ((info)::text = 'release dates'::text)
                    Rows Removed by Filter: 112
              ->  Bitmap Heap Scan on movie_info mi  (cost=215010.00..430020.00 rows=215010 width=50) (actual time=103.273..442.696 rows=3036719 loops=1)
                    Recheck Cond: (info_type_id = it2.id)
                    Heap Blocks: exact=25448
                    ->  Bitmap Index Scan on info_type_id_movie_info  (cost=0.00..215010.00 rows=215010 width=0) (actual time=99.513..99.513 rows=3036719 loops=1)
                          Index Cond: (info_type_id = it2.id)
        ->  Hash  (cost=2945120.95..2945120.95 rows=16470 width=35) (actual time=5316.667..5316.667 rows=16470 loops=1)
              Buckets: 32768  Batches: 1  Memory Usage: 1368kB
              ->  Merge Join  (cost=2944682.95..2945120.95 rows=16470 width=35) (actual time=5307.976..5313.172 rows=16470 loops=1)
                    Merge Cond: (miidx.info_type_id = it.id)
                    ->  Sort  (cost=2944569.95..2944569.95 rows=49448 width=39) (actual time=5301.271..5306.182 rows=49411 loops=1)
                          Sort Key: miidx.info_type_id
                          Sort Method: quicksort  Memory: 6141kB
                          ->  Nested Loop  (cost=2630860.95..2944569.95 rows=49448 width=39) (actual time=5196.395..5287.891 rows=49448 loops=1)
                                ->  Merge Join  (cost=2630857.95..2648892.95 rows=32853 width=25) (actual time=5196.351..5206.763 rows=32853 loops=1)
                                      Merge Cond: (mc.company_type_id = ct.id)
                                      ->  Sort  (cost=2630853.95..2630853.95 rows=72141 width=29) (actual time=5190.712..5196.300 rows=72141 loops=1)
                                            Sort Key: mc.company_type_id
                                            Sort Method: quicksort  Memory: 8994kB
                                            ->  Merge Join  (cost=2609691.95..2630853.95 rows=72141 width=29) (actual time=5159.496..5177.466 rows=72141 loops=1)
                                                  Merge Cond: (t.kind_id = kt.id)
                                                  ->  Sort  (cost=2609684.95..2609684.95 rows=148132 width=33) (actual time=5159.473..5164.467 rows=72142 loops=1)
                                                        Sort Key: t.kind_id
                                                        Sort Method: quicksort  Memory: 18953kB
                                                        ->  Nested Loop  (cost=0.00..2609684.95 rows=148132 width=33) (actual time=0.254..5113.430 rows=148132 loops=1)
                                                              ->  Nested Loop  (cost=0.00..2609684.84 rows=148132 width=8) (actual time=0.246..4774.501 rows=148132 loops=1)
                                                                    ->  Seq Scan on movie_companies mc  (cost=0.00..2609129.00 rows=2609129 width=12) (actual time=0.007..271.777 rows=2609129 loops=1)
                                                                    ->  Index Scan using company_name_pkey on company_name cn  (cost=0.00..2.00 rows=9775 width=4) (actual time=0.001..0.001 rows=0 loops=2609129)
                                                                          Index Cond: (id = mc.company_id)
                                                                          Filter: ((country_code)::text = '[de]'::text)
                                                                          Rows Removed by Filter: 1
                                                              ->  Index Scan using title_pkey on title t  (cost=0.00..2.00 rows=2528312 width=25) (actual time=0.002..0.002 rows=1 loops=148132)
                                                                    Index Cond: (id = mc.movie_id)
                                                  ->  Sort  (cost=7.00..7.00 rows=1 width=4) (actual time=0.020..0.020 rows=1 loops=1)
                                                        Sort Key: kt.id
                                                        Sort Method: quicksort  Memory: 25kB
                                                        ->  Seq Scan on kind_type kt  (cost=0.00..7.00 rows=1 width=4) (actual time=0.008..0.008 rows=1 loops=1)
                                                              Filter: ((kind)::text = 'movie'::text)
                                                              Rows Removed by Filter: 6
                                      ->  Sort  (cost=4.00..4.00 rows=1 width=4) (actual time=0.019..0.019 rows=1 loops=1)
                                            Sort Key: ct.id
                                            Sort Method: quicksort  Memory: 25kB
                                            ->  Seq Scan on company_type ct  (cost=0.00..4.00 rows=1 width=4) (actual time=0.009..0.010 rows=1 loops=1)
                                                  Filter: ((kind)::text = 'production companies'::text)
                                                  Rows Removed by Filter: 3
                                ->  Bitmap Heap Scan on movie_info_idx miidx  (cost=3.00..6.00 rows=3 width=14) (actual time=0.002..0.002 rows=2 loops=32853)
                                      Recheck Cond: (movie_id = t.id)
                                      Heap Blocks: exact=16659
                                      ->  Bitmap Index Scan on movie_id_movie_info_idx  (cost=0.00..3.00 rows=3 width=0) (actual time=0.001..0.001 rows=2 loops=32853)
                                            Index Cond: (movie_id = t.id)
                    ->  Sort  (cost=113.00..113.00 rows=1 width=4) (actual time=0.026..0.027 rows=1 loops=1)
                          Sort Key: it.id
                          Sort Method: quicksort  Memory: 25kB
                          ->  Seq Scan on info_type it  (cost=0.00..113.00 rows=1 width=4) (actual time=0.015..0.016 rows=1 loops=1)
                                Filter: ((info)::text = 'rating'::text)
                                Rows Removed by Filter: 112
Planning time: 5.426 ms
Execution time: 6576.581 ms
