Aggregate  (cost=3513197.95..3513198.95 rows=1 width=96) (actual time=5961.826..5961.826 rows=1 loops=1)
  ->  Merge Join  (cost=3512359.95..3513197.95 rows=511 width=65) (actual time=5902.500..5933.484 rows=111101 loops=1)
        Merge Cond: (mi.info_type_id = it2.id)
        ->  Sort  (cost=3512246.95..3512246.95 rows=94678 width=69) (actual time=5838.324..5881.294 rows=370744 loops=1)
              Sort Key: mi.info_type_id
              Sort Method: quicksort  Memory: 88871kB
              ->  Nested Loop  (cost=2944724.95..3512246.95 rows=94678 width=69) (actual time=5345.697..5697.464 rows=516327 loops=1)
                    ->  Merge Join  (cost=2944682.95..2945120.95 rows=4501 width=35) (actual time=5345.677..5352.751 rows=16470 loops=1)
                          Merge Cond: (miidx.info_type_id = it.id)
                          ->  Sort  (cost=2944569.95..2944569.95 rows=49448 width=39) (actual time=5339.014..5344.857 rows=49411 loops=1)
                                Sort Key: miidx.info_type_id
                                Sort Method: quicksort  Memory: 6141kB
                                ->  Nested Loop  (cost=2630860.95..2944569.95 rows=49448 width=39) (actual time=5234.139..5327.390 rows=49448 loops=1)
                                      ->  Merge Join  (cost=2630857.95..2648892.95 rows=32853 width=25) (actual time=5234.109..5244.515 rows=32853 loops=1)
                                            Merge Cond: (mc.company_type_id = ct.id)
                                            ->  Sort  (cost=2630853.95..2630853.95 rows=72141 width=29) (actual time=5228.392..5233.934 rows=72141 loops=1)
                                                  Sort Key: mc.company_type_id
                                                  Sort Method: quicksort  Memory: 8994kB
                                                  ->  Merge Join  (cost=2609691.95..2630853.95 rows=72141 width=29) (actual time=5199.465..5217.232 rows=72141 loops=1)
                                                        Merge Cond: (t.kind_id = kt.id)
                                                        ->  Sort  (cost=2609684.95..2609684.95 rows=148132 width=33) (actual time=5199.442..5204.359 rows=72142 loops=1)
                                                              Sort Key: t.kind_id
                                                              Sort Method: quicksort  Memory: 18953kB
                                                              ->  Nested Loop  (cost=0.00..2609684.95 rows=148132 width=33) (actual time=0.256..5159.474 rows=148132 loops=1)
                                                                    ->  Nested Loop  (cost=0.00..2609684.84 rows=148132 width=8) (actual time=0.249..4817.149 rows=148132 loops=1)
                                                                          ->  Seq Scan on movie_companies mc  (cost=0.00..2609129.00 rows=2609129 width=12) (actual time=0.006..273.067 rows=2609129 loops=1)
                                                                          ->  Index Scan using company_name_pkey on company_name cn  (cost=0.00..2.00 rows=9775 width=4) (actual time=0.001..0.001 rows=0 loops=2609129)
                                                                                Index Cond: (id = mc.company_id)
                                                                                Filter: ((country_code)::text = '[de]'::text)
                                                                                Rows Removed by Filter: 1
                                                                    ->  Index Scan using title_pkey on title t  (cost=0.00..2.00 rows=2528312 width=25) (actual time=0.002..0.002 rows=1 loops=148132)
                                                                          Index Cond: (id = mc.movie_id)
                                                        ->  Sort  (cost=7.00..7.00 rows=1 width=4) (actual time=0.019..0.020 rows=1 loops=1)
                                                              Sort Key: kt.id
                                                              Sort Method: quicksort  Memory: 25kB
                                                              ->  Seq Scan on kind_type kt  (cost=0.00..7.00 rows=1 width=4) (actual time=0.007..0.008 rows=1 loops=1)
                                                                    Filter: ((kind)::text = 'movie'::text)
                                                                    Rows Removed by Filter: 6
                                            ->  Sort  (cost=4.00..4.00 rows=1 width=4) (actual time=0.015..0.015 rows=1 loops=1)
                                                  Sort Key: ct.id
                                                  Sort Method: quicksort  Memory: 25kB
                                                  ->  Seq Scan on company_type ct  (cost=0.00..4.00 rows=1 width=4) (actual time=0.007..0.007 rows=1 loops=1)
                                                        Filter: ((kind)::text = 'production companies'::text)
                                                        Rows Removed by Filter: 3
                                      ->  Bitmap Heap Scan on movie_info_idx miidx  (cost=3.00..6.00 rows=3 width=14) (actual time=0.002..0.002 rows=2 loops=32853)
                                            Recheck Cond: (movie_id = t.id)
                                            Heap Blocks: exact=16659
                                            ->  Bitmap Index Scan on movie_id_movie_info_idx  (cost=0.00..3.00 rows=3 width=0) (actual time=0.001..0.001 rows=2 loops=32853)
                                                  Index Cond: (movie_id = t.id)
                          ->  Sort  (cost=113.00..113.00 rows=1 width=4) (actual time=0.023..0.023 rows=1 loops=1)
                                Sort Key: it.id
                                Sort Method: quicksort  Memory: 25kB
                                ->  Seq Scan on info_type it  (cost=0.00..113.00 rows=1 width=4) (actual time=0.013..0.015 rows=1 loops=1)
                                      Filter: ((info)::text = 'rating'::text)
                                      Rows Removed by Filter: 112
                    ->  Bitmap Heap Scan on movie_info mi  (cost=42.00..84.00 rows=42 width=50) (actual time=0.005..0.015 rows=31 loops=16470)
                          Recheck Cond: (movie_id = t.id)
                          Heap Blocks: exact=176074
                          ->  Bitmap Index Scan on movie_id_movie_info  (cost=0.00..42.00 rows=42 width=0) (actual time=0.003..0.003 rows=31 loops=16470)
                                Index Cond: (movie_id = t.id)
        ->  Sort  (cost=113.00..113.00 rows=1 width=4) (actual time=0.041..0.041 rows=1 loops=1)
              Sort Key: it2.id
              Sort Method: quicksort  Memory: 25kB
              ->  Seq Scan on info_type it2  (cost=0.00..113.00 rows=1 width=4) (actual time=0.012..0.018 rows=1 loops=1)
                    Filter: ((info)::text = 'release dates'::text)
                    Rows Removed by Filter: 112
Planning time: 5.456 ms
Execution time: 5963.242 ms
