Aggregate  (cost=1956441.80..1956442.80 rows=1 width=96) (actual time=23059.709..23059.709 rows=1 loops=1)
  ->  Hash Join  (cost=1746004.36..1956441.80 rows=70 width=65) (actual time=3358.580..23018.750 rows=111101 loops=1)
        Hash Cond: (mc.company_type_id = ct.id)
        ->  Nested Loop  (cost=1745999.36..1956335.80 rows=135 width=69) (actual time=3357.374..22927.428 rows=556310 loops=1)
              ->  Nested Loop  (cost=1745999.36..1956325.36 rows=50987 width=73) (actual time=3356.932..9007.019 rows=8123586 loops=1)
                    ->  Merge Join  (cost=1745994.36..1824910.36 rows=8761 width=77) (actual time=3356.883..3927.672 rows=724731 loops=1)
                          Merge Cond: (mi.movie_id = t.id)
                          ->  Sort  (cost=645143.00..645143.00 rows=3036719 width=46) (actual time=1776.370..2013.796 rows=3036530 loops=1)
                                Sort Key: mi.movie_id
                                Sort Method: quicksort  Memory: 330598kB
                                ->  Nested Loop  (cost=215010.00..645143.00 rows=3036719 width=46) (actual time=100.715..963.785 rows=3036719 loops=1)
                                      ->  Seq Scan on info_type it2  (cost=0.00..113.00 rows=1 width=4) (actual time=0.004..0.013 rows=1 loops=1)
                                            Filter: ((info)::text = 'release dates'::text)
                                            Rows Removed by Filter: 112
                                      ->  Bitmap Heap Scan on movie_info mi  (cost=215010.00..430020.00 rows=215010 width=50) (actual time=100.707..456.506 rows=3036719 loops=1)
                                            Recheck Cond: (info_type_id = it2.id)
                                            Heap Blocks: exact=25448
                                            ->  Bitmap Index Scan on info_type_id_movie_info  (cost=0.00..215010.00 rows=215010 width=0) (actual time=96.821..96.821 rows=3036719 loops=1)
                                                  Index Cond: (info_type_id = it2.id)
                          ->  Sort  (cost=1100851.36..1100851.36 rows=65704 width=31) (actual time=1330.003..1406.502 rows=760260 loops=1)
                                Sort Key: miidx.movie_id
                                Sort Method: quicksort  Memory: 23056kB
                                ->  Merge Join  (cost=1035147.36..1100851.36 rows=65704 width=31) (actual time=1219.454..1272.405 rows=209880 loops=1)
                                      Merge Cond: (t.kind_id = kt.id)
                                      ->  Sort  (cost=1035140.36..1035140.36 rows=459925 width=35) (actual time=1219.430..1233.910 rows=209881 loops=1)
                                            Sort Key: t.kind_id
                                            Sort Method: quicksort  Memory: 50930kB
                                            ->  Nested Loop  (cost=345009.00..1035140.36 rows=459925 width=35) (actual time=16.700..1093.604 rows=459925 loops=1)
                                                  ->  Nested Loop  (cost=345009.00..1035140.00 rows=459925 width=10) (actual time=16.687..164.911 rows=459925 loops=1)
                                                        ->  Seq Scan on info_type it  (cost=0.00..113.00 rows=1 width=4) (actual time=0.019..0.023 rows=1 loops=1)
                                                              Filter: ((info)::text = 'rating'::text)
                                                              Rows Removed by Filter: 112
                                                        ->  Bitmap Heap Scan on movie_info_idx miidx  (cost=345009.00..690018.00 rows=345009 width=14) (actual time=16.663..84.430 rows=459925 loops=1)
                                                              Recheck Cond: (info_type_id = it.id)
                                                              Heap Blocks: exact=7934
                                                              ->  Bitmap Index Scan on info_type_id_movie_info_idx  (cost=0.00..345009.00 rows=345009 width=0) (actual time=15.537..15.537 rows=459925 loops=1)
                                                                    Index Cond: (info_type_id = it.id)
                                                  ->  Index Scan using title_pkey on title t  (cost=0.00..2.00 rows=2528312 width=25) (actual time=0.002..0.002 rows=1 loops=459925)
                                                        Index Cond: (id = miidx.movie_id)
                                      ->  Sort  (cost=7.00..7.00 rows=1 width=4) (actual time=0.020..0.020 rows=1 loops=1)
                                            Sort Key: kt.id
                                            Sort Method: quicksort  Memory: 25kB
                                            ->  Seq Scan on kind_type kt  (cost=0.00..7.00 rows=1 width=4) (actual time=0.009..0.010 rows=1 loops=1)
                                                  Filter: ((kind)::text = 'movie'::text)
                                                  Rows Removed by Filter: 6
                    ->  Bitmap Heap Scan on movie_companies mc  (cost=5.00..10.00 rows=5 width=12) (actual time=0.003..0.004 rows=11 loops=724731)
                          Recheck Cond: (movie_id = mi.movie_id)
                          Heap Blocks: exact=1358442
                          ->  Bitmap Index Scan on movie_id_movie_companies  (cost=0.00..5.00 rows=5 width=0) (actual time=0.002..0.002 rows=11 loops=724731)
                                Index Cond: (movie_id = mi.movie_id)
              ->  Index Scan using company_name_pkey on company_name cn  (cost=0.00..2.00 rows=9775 width=4) (actual time=0.001..0.001 rows=0 loops=8123586)
                    Index Cond: (id = mc.company_id)
                    Filter: ((country_code)::text = '[de]'::text)
                    Rows Removed by Filter: 1
        ->  Hash  (cost=4.00..4.00 rows=1 width=4) (actual time=0.008..0.008 rows=1 loops=1)
              Buckets: 1024  Batches: 1  Memory Usage: 9kB
              ->  Seq Scan on company_type ct  (cost=0.00..4.00 rows=1 width=4) (actual time=0.006..0.006 rows=1 loops=1)
                    Filter: ((kind)::text = 'production companies'::text)
                    Rows Removed by Filter: 3
Planning time: 5.456 ms
Execution time: 23064.912 ms
