Aggregate  (cost=645629.39..645630.39 rows=1 width=96) (actual time=6000.036..6000.036 rows=1 loops=1)
  ->  Nested Loop  (cost=215026.00..645629.39 rows=1 width=42) (actual time=3542.935..5999.835 rows=372 loops=1)
        ->  Nested Loop  (cost=215026.00..645625.39 rows=1 width=46) (actual time=3542.922..5998.720 rows=978 loops=1)
              ->  Nested Loop  (cost=215026.00..645625.39 rows=2 width=31) (actual time=3526.887..5993.962 rows=2474 loops=1)
                    ->  Nested Loop  (cost=215021.00..645610.39 rows=1 width=35) (actual time=3526.862..5991.774 rows=272 loops=1)
                          ->  Nested Loop  (cost=215021.00..645512.39 rows=48 width=39) (actual time=3526.851..5990.752 rows=816 loops=1)
                                ->  Hash Join  (cost=215018.00..645368.39 rows=16 width=25) (actual time=3517.375..5988.804 rows=510 loops=1)
                                      Hash Cond: (t.kind_id = kt.id)
                                      ->  Nested Loop  (cost=215010.00..645261.39 rows=115 width=29) (actual time=110.380..5988.316 rows=2361 loops=1)
                                            ->  Nested Loop  (cost=215010.00..645143.00 rows=131290 width=4) (actual time=108.594..906.787 rows=3036719 loops=1)
                                                  ->  Seq Scan on info_type it2  (cost=0.00..113.00 rows=1 width=4) (actual time=0.004..0.011 rows=1 loops=1)
                                                        Filter: ((info)::text = 'release dates'::text)
                                                        Rows Removed by Filter: 112
                                                  ->  Bitmap Heap Scan on movie_info mi  (cost=215010.00..430020.00 rows=215010 width=8) (actual time=108.587..466.945 rows=3036719 loops=1)
                                                        Recheck Cond: (info_type_id = it2.id)
                                                        Heap Blocks: exact=25448
                                                        ->  Bitmap Index Scan on info_type_id_movie_info  (cost=0.00..215010.00 rows=215010 width=0) (actual time=104.742..104.742 rows=3036719 loops=1)
                                                              Index Cond: (info_type_id = it2.id)
                                            ->  Index Scan using title_pkey on title t  (cost=0.00..2.00 rows=2218 width=25) (actual time=0.001..0.001 rows=0 loops=3036719)
                                                  Index Cond: (id = mi.movie_id)
                                                  Filter: ((title <> ''::text) AND ((title ~~ '%Champion%'::text) OR (title ~~ '%Loser%'::text)))
                                                  Rows Removed by Filter: 1
                                      ->  Hash  (cost=7.00..7.00 rows=1 width=4) (actual time=0.007..0.007 rows=1 loops=1)
                                            Buckets: 1024  Batches: 1  Memory Usage: 9kB
                                            ->  Seq Scan on kind_type kt  (cost=0.00..7.00 rows=1 width=4) (actual time=0.005..0.006 rows=1 loops=1)
                                                  Filter: ((kind)::text = 'movie'::text)
                                                  Rows Removed by Filter: 6
                                ->  Bitmap Heap Scan on movie_info_idx miidx  (cost=3.00..6.00 rows=3 width=14) (actual time=0.003..0.003 rows=2 loops=510)
                                      Recheck Cond: (movie_id = mi.movie_id)
                                      Heap Blocks: exact=279
                                      ->  Bitmap Index Scan on movie_id_movie_info_idx  (cost=0.00..3.00 rows=3 width=0) (actual time=0.002..0.002 rows=2 loops=510)
                                            Index Cond: (movie_id = mi.movie_id)
                          ->  Index Scan using info_type_pkey on info_type it  (cost=0.00..2.00 rows=1 width=4) (actual time=0.001..0.001 rows=0 loops=816)
                                Index Cond: (id = miidx.info_type_id)
                                Filter: ((info)::text = 'rating'::text)
                                Rows Removed by Filter: 1
                    ->  Bitmap Heap Scan on movie_companies mc  (cost=5.00..10.00 rows=5 width=12) (actual time=0.004..0.006 rows=9 loops=272)
                          Recheck Cond: (movie_id = mi.movie_id)
                          Heap Blocks: exact=489
                          ->  Bitmap Index Scan on movie_id_movie_companies  (cost=0.00..5.00 rows=5 width=0) (actual time=0.003..0.003 rows=9 loops=272)
                                Index Cond: (movie_id = mi.movie_id)
              ->  Index Scan using company_name_pkey on company_name cn  (cost=0.00..2.00 rows=84843 width=23) (actual time=0.002..0.002 rows=0 loops=2474)
                    Index Cond: (id = mc.company_id)
                    Filter: ((country_code)::text = '[us]'::text)
                    Rows Removed by Filter: 1
        ->  Index Scan using company_type_pkey on company_type ct  (cost=0.00..2.00 rows=1 width=4) (actual time=0.001..0.001 rows=0 loops=978)
              Index Cond: (id = mc.company_type_id)
              Filter: ((kind)::text = 'production companies'::text)
              Rows Removed by Filter: 1
Planning time: 5.477 ms
Execution time: 6000.111 ms
