Aggregate  (cost=843695.00..843696.00 rows=1 width=96) (actual time=205.417..205.417 rows=1 loops=1)
  ->  Nested Loop  (cost=0.00..843695.00 rows=1 width=42) (actual time=1.626..205.250 rows=372 loops=1)
        ->  Nested Loop  (cost=0.00..843683.00 rows=5 width=46) (actual time=1.606..203.090 rows=2122 loops=1)
              ->  Nested Loop  (cost=0.00..843557.00 rows=1 width=54) (actual time=1.595..201.495 rows=61 loops=1)
                    ->  Nested Loop  (cost=0.00..843553.00 rows=1 width=58) (actual time=1.586..201.264 rows=161 loops=1)
                          ->  Nested Loop  (cost=0.00..843549.00 rows=2 width=43) (actual time=1.181..200.058 rows=313 loops=1)
                                ->  Nested Loop  (cost=0.00..843534.00 rows=1 width=31) (actual time=1.174..199.444 rows=90 loops=1)
                                      ->  Nested Loop  (cost=0.00..843458.00 rows=37 width=35) (actual time=1.168..199.084 rows=270 loops=1)
                                            ->  Nested Loop  (cost=0.00..842855.00 rows=67 width=21) (actual time=0.938..197.775 rows=395 loops=1)
                                                  ->  Seq Scan on kind_type kt  (cost=0.00..7.00 rows=1 width=4) (actual time=0.005..0.009 rows=1 loops=1)
                                                        Filter: ((kind)::text = 'movie'::text)
                                                        Rows Removed by Filter: 6
                                                  ->  Index Scan using kind_id_title on title t  (cost=0.00..842770.00 rows=78 width=25) (actual time=0.931..197.682 rows=395 loops=1)
                                                        Index Cond: (kind_id = kt.id)
                                                        Filter: ((title <> ''::text) AND ((title ~~ '%Champion%'::text) OR (title ~~ '%Loser%'::text)))
                                                        Rows Removed by Filter: 662430
                                            ->  Index Scan using movie_id_movie_info_idx on movie_info_idx miidx  (cost=0.00..6.00 rows=3 width=14) (actual time=0.003..0.003 rows=1 loops=395)
                                                  Index Cond: (movie_id = t.id)
                                      ->  Index Scan using info_type_pkey on info_type it  (cost=0.00..2.00 rows=1 width=4) (actual time=0.001..0.001 rows=0 loops=270)
                                            Index Cond: (id = miidx.info_type_id)
                                            Filter: ((info)::text = 'rating'::text)
                                            Rows Removed by Filter: 1
                                ->  Index Scan using movie_id_movie_companies on movie_companies mc  (cost=0.00..10.00 rows=5 width=12) (actual time=0.004..0.006 rows=3 loops=90)
                                      Index Cond: (movie_id = t.id)
                          ->  Index Scan using company_name_pkey on company_name cn  (cost=0.00..2.00 rows=1 width=23) (actual time=0.003..0.003 rows=1 loops=313)
                                Index Cond: (id = mc.company_id)
                                Filter: ((country_code)::text = '[us]'::text)
                                Rows Removed by Filter: 0
                    ->  Index Scan using company_type_pkey on company_type ct  (cost=0.00..2.00 rows=1 width=4) (actual time=0.001..0.001 rows=0 loops=161)
                          Index Cond: (id = mc.company_type_id)
                          Filter: ((kind)::text = 'production companies'::text)
                          Rows Removed by Filter: 1
              ->  Index Scan using movie_id_movie_info on movie_info mi  (cost=0.00..84.00 rows=42 width=8) (actual time=0.005..0.019 rows=35 loops=61)
                    Index Cond: (movie_id = t.id)
        ->  Index Scan using info_type_pkey on info_type it2  (cost=0.00..2.00 rows=1 width=4) (actual time=0.001..0.001 rows=0 loops=2122)
              Index Cond: (id = mi.info_type_id)
              Filter: ((info)::text = 'release dates'::text)
              Rows Removed by Filter: 1
Planning time: 5.097 ms
Execution time: 205.479 ms
