Aggregate  (cost=843695.00..843696.00 rows=1 width=96) (actual time=143.817..143.817 rows=1 loops=1)
  ->  Nested Loop  (cost=0.00..843695.00 rows=1 width=42) (actual time=12.668..143.782 rows=53 loops=1)
        ->  Nested Loop  (cost=0.00..843683.00 rows=5 width=46) (actual time=12.647..143.537 rows=218 loops=1)
              ->  Nested Loop  (cost=0.00..843557.00 rows=1 width=54) (actual time=12.638..143.316 rows=14 loops=1)
                    ->  Nested Loop  (cost=0.00..843553.00 rows=1 width=58) (actual time=12.589..143.251 rows=47 loops=1)
                          ->  Nested Loop  (cost=0.00..843549.00 rows=2 width=43) (actual time=12.583..142.889 rows=95 loops=1)
                                ->  Nested Loop  (cost=0.00..843534.00 rows=1 width=31) (actual time=12.576..142.747 rows=29 loops=1)
                                      ->  Nested Loop  (cost=0.00..843458.00 rows=37 width=35) (actual time=12.569..142.641 rows=87 loops=1)
                                            ->  Nested Loop  (cost=0.00..842855.00 rows=67 width=21) (actual time=12.338..142.426 rows=89 loops=1)
                                                  ->  Seq Scan on kind_type kt  (cost=0.00..7.00 rows=1 width=4) (actual time=0.005..0.009 rows=1 loops=1)
                                                        Filter: ((kind)::text = 'movie'::text)
                                                        Rows Removed by Filter: 6
                                                  ->  Index Scan using kind_id_title on title t  (cost=0.00..842770.00 rows=78 width=25) (actual time=12.332..142.398 rows=89 loops=1)
                                                        Index Cond: (kind_id = kt.id)
                                                        Filter: ((title <> ''::text) AND ((title ~~ 'Champion%'::text) OR (title ~~ 'Loser%'::text)))
                                                        Rows Removed by Filter: 662736
                                            ->  Index Scan using movie_id_movie_info_idx on movie_info_idx miidx  (cost=0.00..6.00 rows=3 width=14) (actual time=0.002..0.002 rows=1 loops=89)
                                                  Index Cond: (movie_id = t.id)
                                      ->  Index Scan using info_type_pkey on info_type it  (cost=0.00..2.00 rows=1 width=4) (actual time=0.001..0.001 rows=0 loops=87)
                                            Index Cond: (id = miidx.info_type_id)
                                            Filter: ((info)::text = 'rating'::text)
                                            Rows Removed by Filter: 1
                                ->  Index Scan using movie_id_movie_companies on movie_companies mc  (cost=0.00..10.00 rows=5 width=12) (actual time=0.003..0.004 rows=3 loops=29)
                                      Index Cond: (movie_id = t.id)
                          ->  Index Scan using company_name_pkey on company_name cn  (cost=0.00..2.00 rows=1 width=23) (actual time=0.003..0.003 rows=0 loops=95)
                                Index Cond: (id = mc.company_id)
                                Filter: ((country_code)::text = '[us]'::text)
                                Rows Removed by Filter: 1
                    ->  Index Scan using company_type_pkey on company_type ct  (cost=0.00..2.00 rows=1 width=4) (actual time=0.001..0.001 rows=0 loops=47)
                          Index Cond: (id = mc.company_type_id)
                          Filter: ((kind)::text = 'production companies'::text)
                          Rows Removed by Filter: 1
              ->  Index Scan using movie_id_movie_info on movie_info mi  (cost=0.00..84.00 rows=42 width=8) (actual time=0.004..0.012 rows=16 loops=14)
                    Index Cond: (movie_id = t.id)
        ->  Index Scan using info_type_pkey on info_type it2  (cost=0.00..2.00 rows=1 width=4) (actual time=0.001..0.001 rows=0 loops=218)
              Index Cond: (id = mi.info_type_id)
              Filter: ((info)::text = 'release dates'::text)
              Rows Removed by Filter: 1
Planning time: 5.058 ms
Execution time: 143.887 ms
