Aggregate  (cost=669065.97..669066.97 rows=1 width=96) (actual time=5806.418..5806.418 rows=1 loops=1)
  ->  Nested Loop  (cost=215031.00..669065.97 rows=53 width=42) (actual time=3764.882..5806.380 rows=53 loops=1)
        Join Filter: (miidx.info_type_id = it.id)
        Rows Removed by Join Filter: 106
        ->  Nested Loop  (cost=215031.00..668793.97 rows=159 width=46) (actual time=3764.863..5806.297 rows=159 loops=1)
              ->  Hash Join  (cost=215028.00..668181.97 rows=68 width=48) (actual time=3764.797..5806.077 rows=68 loops=1)
                    Hash Cond: (mc.company_type_id = ct.id)
                    ->  Nested Loop  (cost=215023.00..667992.97 rows=246 width=52) (actual time=3764.778..5806.022 rows=246 loops=1)
                          ->  Nested Loop  (cost=215023.00..667992.95 rows=690 width=37) (actual time=3764.757..5804.621 rows=690 loops=1)
                                ->  Hash Join  (cost=215018.00..666087.95 rows=127 width=25) (actual time=3764.737..5803.880 rows=127 loops=1)
                                      Hash Cond: (t.kind_id = kt.id)
                                      ->  Nested Loop  (cost=215010.00..665802.95 rows=323 width=29) (actual time=115.330..5803.742 rows=323 loops=1)
                                            ->  Nested Loop  (cost=215010.00..645143.00 rows=3036719 width=4) (actual time=100.704..897.324 rows=3036719 loops=1)
                                                  ->  Seq Scan on info_type it2  (cost=0.00..113.00 rows=1 width=4) (actual time=0.005..0.013 rows=1 loops=1)
                                                        Filter: ((info)::text = 'release dates'::text)
                                                        Rows Removed by Filter: 112
                                                  ->  Bitmap Heap Scan on movie_info mi  (cost=215010.00..430020.00 rows=215010 width=8) (actual time=100.698..464.232 rows=3036719 loops=1)
                                                        Recheck Cond: (info_type_id = it2.id)
                                                        Heap Blocks: exact=25448
                                                        ->  Bitmap Index Scan on info_type_id_movie_info  (cost=0.00..215010.00 rows=215010 width=0) (actual time=97.154..97.154 rows=3036719 loops=1)
                                                              Index Cond: (info_type_id = it2.id)
                                            ->  Index Scan using title_pkey on title t  (cost=0.00..2.00 rows=294 width=25) (actual time=0.001..0.001 rows=0 loops=3036719)
                                                  Index Cond: (id = mi.movie_id)
                                                  Filter: ((title <> ''::text) AND ((title ~~ 'Champion%'::text) OR (title ~~ 'Loser%'::text)))
                                                  Rows Removed by Filter: 1
                                      ->  Hash  (cost=7.00..7.00 rows=1 width=4) (actual time=0.004..0.004 rows=1 loops=1)
                                            Buckets: 1024  Batches: 1  Memory Usage: 9kB
                                            ->  Seq Scan on kind_type kt  (cost=0.00..7.00 rows=1 width=4) (actual time=0.003..0.003 rows=1 loops=1)
                                                  Filter: ((kind)::text = 'movie'::text)
                                                  Rows Removed by Filter: 6
                                ->  Bitmap Heap Scan on movie_companies mc  (cost=5.00..10.00 rows=5 width=12) (actual time=0.003..0.004 rows=5 loops=127)
                                      Recheck Cond: (movie_id = mi.movie_id)
                                      Heap Blocks: exact=227
                                      ->  Bitmap Index Scan on movie_id_movie_companies  (cost=0.00..5.00 rows=5 width=0) (actual time=0.002..0.002 rows=5 loops=127)
                                            Index Cond: (movie_id = mi.movie_id)
                          ->  Index Scan using company_name_pkey on company_name cn  (cost=0.00..2.00 rows=84843 width=23) (actual time=0.002..0.002 rows=0 loops=690)
                                Index Cond: (id = mc.company_id)
                                Filter: ((country_code)::text = '[us]'::text)
                                Rows Removed by Filter: 1
                    ->  Hash  (cost=4.00..4.00 rows=1 width=4) (actual time=0.007..0.007 rows=1 loops=1)
                          Buckets: 1024  Batches: 1  Memory Usage: 9kB
                          ->  Seq Scan on company_type ct  (cost=0.00..4.00 rows=1 width=4) (actual time=0.005..0.006 rows=1 loops=1)
                                Filter: ((kind)::text = 'production companies'::text)
                                Rows Removed by Filter: 3
              ->  Bitmap Heap Scan on movie_info_idx miidx  (cost=3.00..6.00 rows=3 width=14) (actual time=0.002..0.002 rows=2 loops=68)
                    Recheck Cond: (movie_id = mi.movie_id)
                    Heap Blocks: exact=53
                    ->  Bitmap Index Scan on movie_id_movie_info_idx  (cost=0.00..3.00 rows=3 width=0) (actual time=0.001..0.001 rows=2 loops=68)
                          Index Cond: (movie_id = mi.movie_id)
        ->  Materialize  (cost=0.00..113.00 rows=1 width=4) (actual time=0.000..0.000 rows=1 loops=159)
              ->  Seq Scan on info_type it  (cost=0.00..113.00 rows=1 width=4) (actual time=0.011..0.012 rows=1 loops=1)
                    Filter: ((info)::text = 'rating'::text)
                    Rows Removed by Filter: 112
Planning time: 5.542 ms
Execution time: 5806.509 ms
