Aggregate  (cost=667631.95..667632.95 rows=1 width=96) (actual time=5744.566..5744.567 rows=1 loops=1)
  ->  Nested Loop  (cost=215026.00..667631.95 rows=1 width=42) (actual time=3720.013..5744.532 rows=53 loops=1)
        ->  Nested Loop  (cost=215026.00..667627.95 rows=1 width=46) (actual time=3719.964..5744.312 rows=213 loops=1)
              ->  Nested Loop  (cost=215026.00..667627.95 rows=9 width=31) (actual time=3719.954..5743.146 rows=615 loops=1)
                    ->  Nested Loop  (cost=215021.00..667342.95 rows=19 width=35) (actual time=3719.940..5742.594 rows=90 loops=1)
                          ->  Nested Loop  (cost=215021.00..667230.95 rows=55 width=39) (actual time=3719.930..5742.303 rows=270 loops=1)
                                ->  Hash Join  (cost=215018.00..666087.95 rows=127 width=25) (actual time=3719.911..5741.929 rows=127 loops=1)
                                      Hash Cond: (t.kind_id = kt.id)
                                      ->  Nested Loop  (cost=215010.00..665802.95 rows=323 width=29) (actual time=124.294..5741.817 rows=323 loops=1)
                                            ->  Nested Loop  (cost=215010.00..645143.00 rows=3036719 width=4) (actual time=109.137..898.079 rows=3036719 loops=1)
                                                  ->  Seq Scan on info_type it2  (cost=0.00..113.00 rows=1 width=4) (actual time=0.005..0.012 rows=1 loops=1)
                                                        Filter: ((info)::text = 'release dates'::text)
                                                        Rows Removed by Filter: 112
                                                  ->  Bitmap Heap Scan on movie_info mi  (cost=215010.00..430020.00 rows=215010 width=8) (actual time=109.129..464.774 rows=3036719 loops=1)
                                                        Recheck Cond: (info_type_id = it2.id)
                                                        Heap Blocks: exact=25448
                                                        ->  Bitmap Index Scan on info_type_id_movie_info  (cost=0.00..215010.00 rows=215010 width=0) (actual time=105.486..105.486 rows=3036719 loops=1)
                                                              Index Cond: (info_type_id = it2.id)
                                            ->  Index Scan using title_pkey on title t  (cost=0.00..2.00 rows=294 width=25) (actual time=0.001..0.001 rows=0 loops=3036719)
                                                  Index Cond: (id = mi.movie_id)
                                                  Filter: ((title <> ''::text) AND ((title ~~ 'Champion%'::text) OR (title ~~ 'Loser%'::text)))
                                                  Rows Removed by Filter: 1
                                      ->  Hash  (cost=7.00..7.00 rows=1 width=4) (actual time=0.010..0.010 rows=1 loops=1)
                                            Buckets: 1024  Batches: 1  Memory Usage: 9kB
                                            ->  Seq Scan on kind_type kt  (cost=0.00..7.00 rows=1 width=4) (actual time=0.007..0.008 rows=1 loops=1)
                                                  Filter: ((kind)::text = 'movie'::text)
                                                  Rows Removed by Filter: 6
                                ->  Bitmap Heap Scan on movie_info_idx miidx  (cost=3.00..6.00 rows=3 width=14) (actual time=0.002..0.002 rows=2 loops=127)
                                      Recheck Cond: (movie_id = mi.movie_id)
                                      Heap Blocks: exact=90
                                      ->  Bitmap Index Scan on movie_id_movie_info_idx  (cost=0.00..3.00 rows=3 width=0) (actual time=0.001..0.001 rows=2 loops=127)
                                            Index Cond: (movie_id = mi.movie_id)
                          ->  Index Scan using info_type_pkey on info_type it  (cost=0.00..2.00 rows=1 width=4) (actual time=0.001..0.001 rows=0 loops=270)
                                Index Cond: (id = miidx.info_type_id)
                                Filter: ((info)::text = 'rating'::text)
                                Rows Removed by Filter: 1
                    ->  Bitmap Heap Scan on movie_companies mc  (cost=5.00..10.00 rows=5 width=12) (actual time=0.003..0.004 rows=7 loops=90)
                          Recheck Cond: (movie_id = mi.movie_id)
                          Heap Blocks: exact=172
                          ->  Bitmap Index Scan on movie_id_movie_companies  (cost=0.00..5.00 rows=5 width=0) (actual time=0.002..0.002 rows=7 loops=90)
                                Index Cond: (movie_id = mi.movie_id)
              ->  Index Scan using company_name_pkey on company_name cn  (cost=0.00..2.00 rows=84843 width=23) (actual time=0.002..0.002 rows=0 loops=615)
                    Index Cond: (id = mc.company_id)
                    Filter: ((country_code)::text = '[us]'::text)
                    Rows Removed by Filter: 1
        ->  Index Scan using company_type_pkey on company_type ct  (cost=0.00..2.00 rows=1 width=4) (actual time=0.001..0.001 rows=0 loops=213)
              Index Cond: (id = mc.company_type_id)
              Filter: ((kind)::text = 'production companies'::text)
              Rows Removed by Filter: 1
Planning time: 5.618 ms
Execution time: 5744.669 ms
