Aggregate  (cost=4404127.68..4404128.68 rows=1 width=96) (actual time=23337.042..23337.042 rows=1 loops=1)
  ->  Hash Join  (cost=1746004.36..4404127.68 rows=5034 width=42) (actual time=3093.201..23098.970 rows=670390 loops=1)
        Hash Cond: (mc.company_type_id = ct.id)
        ->  Nested Loop  (cost=1745999.36..4395947.68 rows=10900 width=46) (actual time=3093.183..22756.907 rows=2131169 loops=1)
              ->  Nested Loop  (cost=1745999.36..4395903.36 rows=1370822 width=31) (actual time=3093.168..8653.974 rows=8123586 loops=1)
                    ->  Merge Join  (cost=1745994.36..1998078.36 rows=159855 width=35) (actual time=3093.129..3633.837 rows=724731 loops=1)
                          Merge Cond: (mi.movie_id = t.id)
                          ->  Sort  (cost=645143.00..645143.00 rows=3036719 width=4) (actual time=1529.510..1755.658 rows=3036530 loops=1)
                                Sort Key: mi.movie_id
                                Sort Method: quicksort  Memory: 240651kB
                                ->  Nested Loop  (cost=215010.00..645143.00 rows=3036719 width=4) (actual time=106.213..883.890 rows=3036719 loops=1)
                                      ->  Seq Scan on info_type it2  (cost=0.00..113.00 rows=1 width=4) (actual time=0.004..0.013 rows=1 loops=1)
                                            Filter: ((info)::text = 'release dates'::text)
                                            Rows Removed by Filter: 112
                                      ->  Bitmap Heap Scan on movie_info mi  (cost=215010.00..430020.00 rows=215010 width=8) (actual time=106.206..449.182 rows=3036719 loops=1)
                                            Recheck Cond: (info_type_id = it2.id)
                                            Heap Blocks: exact=25448
                                            ->  Bitmap Index Scan on info_type_id_movie_info  (cost=0.00..215010.00 rows=215010 width=0) (actual time=102.445..102.445 rows=3036719 loops=1)
                                                  Index Cond: (info_type_id = it2.id)
                          ->  Sort  (cost=1100851.36..1100851.36 rows=209880 width=31) (actual time=1323.952..1397.414 rows=760260 loops=1)
                                Sort Key: miidx.movie_id
                                Sort Method: quicksort  Memory: 23056kB
                                ->  Merge Join  (cost=1035147.36..1100851.36 rows=209880 width=31) (actual time=1202.406..1262.609 rows=209880 loops=1)
                                      Merge Cond: (t.kind_id = kt.id)
                                      ->  Sort  (cost=1035140.36..1035140.36 rows=459925 width=35) (actual time=1202.383..1218.497 rows=209881 loops=1)
                                            Sort Key: t.kind_id
                                            Sort Method: quicksort  Memory: 50930kB
                                            ->  Nested Loop  (cost=345009.00..1035140.36 rows=459925 width=35) (actual time=16.623..1076.340 rows=459925 loops=1)
                                                  ->  Nested Loop  (cost=345009.00..1035140.00 rows=459925 width=10) (actual time=16.610..162.657 rows=459925 loops=1)
                                                        ->  Seq Scan on info_type it  (cost=0.00..113.00 rows=1 width=4) (actual time=0.018..0.022 rows=1 loops=1)
                                                              Filter: ((info)::text = 'rating'::text)
                                                              Rows Removed by Filter: 112
                                                        ->  Bitmap Heap Scan on movie_info_idx miidx  (cost=345009.00..690018.00 rows=345009 width=14) (actual time=16.588..85.027 rows=459925 loops=1)
                                                              Recheck Cond: (info_type_id = it.id)
                                                              Heap Blocks: exact=7934
                                                              ->  Bitmap Index Scan on info_type_id_movie_info_idx  (cost=0.00..345009.00 rows=345009 width=0) (actual time=15.514..15.514 rows=459925 loops=1)
                                                                    Index Cond: (info_type_id = it.id)
                                                  ->  Index Scan using title_pkey on title t  (cost=0.00..2.00 rows=2528312 width=25) (actual time=0.002..0.002 rows=1 loops=459925)
                                                        Index Cond: (id = miidx.movie_id)
                                      ->  Sort  (cost=7.00..7.00 rows=1 width=4) (actual time=0.019..0.019 rows=1 loops=1)
                                            Sort Key: kt.id
                                            Sort Method: quicksort  Memory: 25kB
                                            ->  Seq Scan on kind_type kt  (cost=0.00..7.00 rows=1 width=4) (actual time=0.008..0.008 rows=1 loops=1)
                                                  Filter: ((kind)::text = 'movie'::text)
                                                  Rows Removed by Filter: 6
                    ->  Bitmap Heap Scan on movie_companies mc  (cost=5.00..10.00 rows=5 width=12) (actual time=0.003..0.004 rows=11 loops=724731)
                          Recheck Cond: (movie_id = mi.movie_id)
                          Heap Blocks: exact=1358442
                          ->  Bitmap Index Scan on movie_id_movie_companies  (cost=0.00..5.00 rows=5 width=0) (actual time=0.002..0.002 rows=11 loops=724731)
                                Index Cond: (movie_id = mi.movie_id)
              ->  Index Scan using company_name_pkey on company_name cn  (cost=0.00..2.00 rows=84843 width=23) (actual time=0.001..0.001 rows=0 loops=8123586)
                    Index Cond: (id = mc.company_id)
                    Filter: ((country_code)::text = '[us]'::text)
                    Rows Removed by Filter: 1
        ->  Hash  (cost=4.00..4.00 rows=1 width=4) (actual time=0.007..0.007 rows=1 loops=1)
              Buckets: 1024  Batches: 1  Memory Usage: 9kB
              ->  Seq Scan on company_type ct  (cost=0.00..4.00 rows=1 width=4) (actual time=0.005..0.005 rows=1 loops=1)
                    Filter: ((kind)::text = 'production companies'::text)
                    Rows Removed by Filter: 3
Planning time: 5.304 ms
Execution time: 23340.612 ms
