Aggregate  (cost=174250.19..174251.19 rows=1 width=64) (actual time=210.725..210.725 rows=1 loops=1)
  ->  Hash Join  (cost=155272.19..174250.19 rows=1 width=23) (actual time=164.833..210.483 rows=761 loops=1)
        Hash Cond: (mi.info_type_id = it1.id)
        ->  Nested Loop  (cost=155158.19..173464.19 rows=678 width=27) (actual time=164.810..210.221 rows=878 loops=1)
              ->  Merge Join  (cost=155116.19..155146.19 rows=213 width=35) (actual time=164.708..165.301 rows=1147 loops=1)
                    Merge Cond: (mi_idx.info_type_id = it2.id)
                    ->  Sort  (cost=155003.19..155003.19 rows=3403 width=39) (actual time=164.264..164.673 rows=3395 loops=1)
                          Sort Key: mi_idx.info_type_id
                          Sort Method: quicksort  Memory: 390kB
                          ->  Nested Loop  (cost=136943.19..155003.19 rows=3403 width=39) (actual time=154.602..163.387 rows=3403 loops=1)
                                ->  Merge Join  (cost=136940.19..137309.19 rows=1966 width=25) (actual time=154.574..155.319 rows=1966 loops=1)
                                      Merge Cond: (t.kind_id = kt.id)
                                      ->  Sort  (cost=136933.19..136933.19 rows=2582 width=29) (actual time=154.553..154.787 rows=1967 loops=1)
                                            Sort Key: t.kind_id
                                            Sort Method: quicksort  Memory: 303kB
                                            ->  Nested Loop  (cost=307.00..136933.19 rows=2582 width=29) (actual time=2.853..153.925 rows=2582 loops=1)
                                                  ->  Nested Loop  (cost=307.00..136933.00 rows=37091 width=4) (actual time=2.787..60.183 rows=37091 loops=1)
                                                        ->  Seq Scan on keyword k  (cost=0.00..134170.00 rows=3 width=4) (actual time=0.744..14.254 rows=3 loops=1)
                                                              Filter: (keyword = ANY ('{murder,murder-in-title,blood,violence}'::text[]))
                                                              Rows Removed by Filter: 134167
                                                        ->  Bitmap Heap Scan on movie_keyword mk  (cost=307.00..614.00 rows=307 width=8) (actual time=2.339..13.273 rows=12364 loops=3)
                                                              Recheck Cond: (keyword_id = k.id)
                                                              Heap Blocks: exact=26312
                                                              ->  Bitmap Index Scan on keyword_id_movie_keyword  (cost=0.00..307.00 rows=307 width=0) (actual time=1.196..1.196 rows=12364 loops=3)
                                                                    Index Cond: (keyword_id = k.id)
                                                  ->  Index Scan using title_pkey on title t  (cost=0.00..2.00 rows=391666 width=25) (actual time=0.002..0.002 rows=0 loops=37091)
                                                        Index Cond: (id = mk.movie_id)
                                                        Filter: (production_year > 2010)
                                                        Rows Removed by Filter: 1
                                      ->  Sort  (cost=7.00..7.00 rows=1 width=4) (actual time=0.016..0.017 rows=1 loops=1)
                                            Sort Key: kt.id
                                            Sort Method: quicksort  Memory: 25kB
                                            ->  Seq Scan on kind_type kt  (cost=0.00..7.00 rows=1 width=4) (actual time=0.007..0.008 rows=1 loops=1)
                                                  Filter: ((kind)::text = 'movie'::text)
                                                  Rows Removed by Filter: 6
                                ->  Bitmap Heap Scan on movie_info_idx mi_idx  (cost=3.00..6.00 rows=3 width=14) (actual time=0.003..0.003 rows=2 loops=1966)
                                      Recheck Cond: (movie_id = t.id)
                                      Filter: (info < '8.5'::text)
                                      Rows Removed by Filter: 0
                                      Heap Blocks: exact=1180
                                      ->  Bitmap Index Scan on movie_id_movie_info_idx  (cost=0.00..3.00 rows=3 width=0) (actual time=0.002..0.002 rows=2 loops=1966)
                                            Index Cond: (movie_id = t.id)
                    ->  Sort  (cost=113.00..113.00 rows=1 width=4) (actual time=0.020..0.021 rows=1 loops=1)
                          Sort Key: it2.id
                          Sort Method: quicksort  Memory: 25kB
                          ->  Seq Scan on info_type it2  (cost=0.00..113.00 rows=1 width=4) (actual time=0.012..0.013 rows=1 loops=1)
                                Filter: ((info)::text = 'rating'::text)
                                Rows Removed by Filter: 112
              ->  Bitmap Heap Scan on movie_info mi  (cost=42.00..84.00 rows=2 width=8) (actual time=0.033..0.038 rows=1 loops=1147)
                    Recheck Cond: (movie_id = t.id)
                    Filter: (info = ANY ('{Sweden,Norway,Germany,Denmark,Swedish,Denish,Norwegian,German,USA,American}'::text[]))
                    Rows Removed by Filter: 69
                    Heap Blocks: exact=16030
                    ->  Bitmap Index Scan on movie_id_movie_info  (cost=0.00..42.00 rows=42 width=0) (actual time=0.006..0.006 rows=69 loops=1147)
                          Index Cond: (movie_id = t.id)
        ->  Hash  (cost=113.00..113.00 rows=1 width=4) (actual time=0.015..0.015 rows=1 loops=1)
              Buckets: 1024  Batches: 1  Memory Usage: 9kB
              ->  Seq Scan on info_type it1  (cost=0.00..113.00 rows=1 width=4) (actual time=0.008..0.014 rows=1 loops=1)
                    Filter: ((info)::text = 'countries'::text)
                    Rows Removed by Filter: 112
Planning time: 3.435 ms
Execution time: 210.823 ms
