Aggregate  (cost=135196.16..135197.16 rows=1 width=64) (actual time=76.046..76.047 rows=1 loops=1)
  ->  Nested Loop  (cost=352.00..135196.16 rows=1 width=23) (actual time=41.871..76.042 rows=1 loops=1)
        ->  Nested Loop  (cost=352.00..135192.16 rows=1 width=27) (actual time=4.417..76.033 rows=2 loops=1)
              ->  Nested Loop  (cost=352.00..135188.16 rows=1 width=31) (actual time=4.411..76.025 rows=3 loops=1)
                    ->  Nested Loop  (cost=349.00..135181.16 rows=1 width=33) (actual time=4.402..75.974 rows=8 loops=1)
                          ->  Nested Loop  (cost=349.00..135177.16 rows=1 width=37) (actual time=4.399..75.955 rows=8 loops=1)
                                ->  Nested Loop  (cost=307.00..135091.16 rows=1 width=29) (actual time=4.358..75.628 rows=15 loops=1)
                                      ->  Nested Loop  (cost=307.00..135091.00 rows=34 width=4) (actual time=3.843..31.852 rows=19528 loops=1)
                                            ->  Seq Scan on keyword k  (cost=0.00..134170.00 rows=1 width=4) (actual time=0.745..11.639 rows=1 loops=1)
                                                  Filter: (keyword = ANY ('{murder,murder-in-title}'::text[]))
                                                  Rows Removed by Filter: 134169
                                            ->  Bitmap Heap Scan on movie_keyword mk  (cost=307.00..614.00 rows=307 width=8) (actual time=3.096..17.218 rows=19528 loops=1)
                                                  Recheck Cond: (keyword_id = k.id)
                                                  Heap Blocks: exact=12389
                                                  ->  Bitmap Index Scan on keyword_id_movie_keyword  (cost=0.00..307.00 rows=307 width=0) (actual time=1.489..1.489 rows=19528 loops=1)
                                                        Index Cond: (keyword_id = k.id)
                                      ->  Index Scan using title_pkey on title t  (cost=0.00..2.00 rows=455 width=25) (actual time=0.002..0.002 rows=0 loops=19528)
                                            Index Cond: (id = mk.movie_id)
                                            Filter: ((production_year > 2010) AND ((title ~~ '%murder%'::text) OR (title ~~ '%Murder%'::text) OR (title ~~ '%Mord%'::text)))
                                            Rows Removed by Filter: 1
                                ->  Bitmap Heap Scan on movie_info mi  (cost=42.00..84.00 rows=2 width=8) (actual time=0.019..0.020 rows=1 loops=15)
                                      Recheck Cond: (movie_id = t.id)
                                      Filter: (info = ANY ('{Sweden,Norway,Germany,Denmark,Swedish,Denish,Norwegian,German,USA,American}'::text[]))
                                      Rows Removed by Filter: 12
                                      Heap Blocks: exact=119
                                      ->  Bitmap Index Scan on movie_id_movie_info  (cost=0.00..42.00 rows=42 width=0) (actual time=0.006..0.006 rows=12 loops=15)
                                            Index Cond: (movie_id = t.id)
                          ->  Index Scan using info_type_pkey on info_type it1  (cost=0.00..2.00 rows=1 width=4) (actual time=0.002..0.002 rows=1 loops=8)
                                Index Cond: (id = mi.info_type_id)
                                Filter: ((info)::text = 'countries'::text)
                    ->  Bitmap Heap Scan on movie_info_idx mi_idx  (cost=3.00..6.00 rows=1 width=14) (actual time=0.005..0.005 rows=0 loops=8)
                          Recheck Cond: (movie_id = t.id)
                          Filter: (info > '6.0'::text)
                          Rows Removed by Filter: 1
                          Heap Blocks: exact=4
                          ->  Bitmap Index Scan on movie_id_movie_info_idx  (cost=0.00..3.00 rows=3 width=0) (actual time=0.004..0.004 rows=2 loops=8)
                                Index Cond: (movie_id = t.id)
              ->  Index Scan using info_type_pkey on info_type it2  (cost=0.00..2.00 rows=1 width=4) (actual time=0.002..0.002 rows=1 loops=3)
                    Index Cond: (id = mi_idx.info_type_id)
                    Filter: ((info)::text = 'rating'::text)
                    Rows Removed by Filter: 0
        ->  Index Scan using kind_type_pkey on kind_type kt  (cost=0.00..2.00 rows=1 width=4) (actual time=0.003..0.003 rows=0 loops=2)
              Index Cond: (id = t.kind_id)
              Filter: ((kind)::text = 'movie'::text)
              Rows Removed by Filter: 0
Planning time: 3.455 ms
Execution time: 76.117 ms
