Aggregate  (cost=136251.04..136252.04 rows=1 width=64) (actual time=71.693..71.693 rows=1 loops=1)
  ->  Nested Loop  (cost=0.00..136251.04 rows=1 width=23) (actual time=37.816..71.685 rows=1 loops=1)
        ->  Nested Loop  (cost=0.00..136247.04 rows=1 width=27) (actual time=1.294..71.675 rows=2 loops=1)
              ->  Nested Loop  (cost=0.00..136243.04 rows=1 width=31) (actual time=1.289..71.667 rows=3 loops=1)
                    ->  Nested Loop  (cost=0.00..136236.04 rows=1 width=33) (actual time=1.281..71.618 rows=8 loops=1)
                          ->  Nested Loop  (cost=0.00..136232.04 rows=1 width=37) (actual time=1.278..71.595 rows=8 loops=1)
                                ->  Nested Loop  (cost=0.00..136146.04 rows=1 width=29) (actual time=1.247..71.345 rows=15 loops=1)
                                      ->  Nested Loop  (cost=0.00..136012.00 rows=67 width=4) (actual time=0.760..27.005 rows=19528 loops=1)
                                            ->  Seq Scan on keyword k  (cost=0.00..134170.00 rows=2 width=4) (actual time=0.750..11.475 rows=1 loops=1)
                                                  Filter: (keyword = ANY ('{murder,murder-in-title}'::text[]))
                                                  Rows Removed by Filter: 134169
                                            ->  Index Scan using keyword_id_movie_keyword on movie_keyword mk  (cost=0.00..614.00 rows=307 width=8) (actual time=0.009..12.539 rows=19528 loops=1)
                                                  Index Cond: (keyword_id = k.id)
                                      ->  Index Scan using title_pkey on title t  (cost=0.00..2.00 rows=1 width=25) (actual time=0.002..0.002 rows=0 loops=19528)
                                            Index Cond: (id = mk.movie_id)
                                            Filter: ((production_year > 2010) AND ((title ~~ '%murder%'::text) OR (title ~~ '%Murder%'::text) OR (title ~~ '%Mord%'::text)))
                                            Rows Removed by Filter: 1
                                ->  Index Scan using movie_id_movie_info on movie_info mi  (cost=0.00..84.00 rows=2 width=8) (actual time=0.015..0.016 rows=1 loops=15)
                                      Index Cond: (movie_id = t.id)
                                      Filter: (info = ANY ('{Sweden,Norway,Germany,Denmark,Swedish,Denish,Norwegian,German,USA,American}'::text[]))
                                      Rows Removed by Filter: 12
                          ->  Index Scan using info_type_pkey on info_type it1  (cost=0.00..2.00 rows=1 width=4) (actual time=0.002..0.002 rows=1 loops=8)
                                Index Cond: (id = mi.info_type_id)
                                Filter: ((info)::text = 'countries'::text)
                    ->  Index Scan using movie_id_movie_info_idx on movie_info_idx mi_idx  (cost=0.00..6.00 rows=1 width=14) (actual time=0.005..0.005 rows=0 loops=8)
                          Index Cond: (movie_id = t.id)
                          Filter: (info > '6.0'::text)
                          Rows Removed by Filter: 1
              ->  Index Scan using info_type_pkey on info_type it2  (cost=0.00..2.00 rows=1 width=4) (actual time=0.002..0.002 rows=1 loops=3)
                    Index Cond: (id = mi_idx.info_type_id)
                    Filter: ((info)::text = 'rating'::text)
                    Rows Removed by Filter: 0
        ->  Index Scan using kind_type_pkey on kind_type kt  (cost=0.00..2.00 rows=1 width=4) (actual time=0.004..0.004 rows=0 loops=2)
              Index Cond: (id = t.kind_id)
              Filter: ((kind)::text = 'movie'::text)
              Rows Removed by Filter: 0
Planning time: 3.244 ms
Execution time: 71.765 ms
