Aggregate  (cost=135286.85..135287.85 rows=1 width=64) (actual time=74.046..74.046 rows=1 loops=1)
  ->  Nested Loop  (cost=352.00..135286.85 rows=1 width=23) (actual time=40.444..74.042 rows=1 loops=1)
        ->  Nested Loop  (cost=352.00..135282.85 rows=1 width=27) (actual time=40.441..74.038 rows=1 loops=1)
              ->  Nested Loop  (cost=349.00..135275.85 rows=1 width=29) (actual time=12.359..74.001 rows=6 loops=1)
                    ->  Nested Loop  (cost=349.00..135271.85 rows=1 width=33) (actual time=12.356..73.989 rows=6 loops=1)
                          ->  Nested Loop  (cost=307.00..135185.85 rows=1 width=25) (actual time=12.336..73.776 rows=10 loops=1)
                                ->  Nested Loop  (cost=307.00..135176.85 rows=4 width=29) (actual time=4.154..73.744 rows=15 loops=1)
                                      ->  Nested Loop  (cost=307.00..135091.00 rows=19528 width=4) (actual time=3.692..31.025 rows=19528 loops=1)
                                            ->  Seq Scan on keyword k  (cost=0.00..134170.00 rows=1 width=4) (actual time=0.750..11.546 rows=1 loops=1)
                                                  Filter: (keyword = ANY ('{murder,murder-in-title}'::text[]))
                                                  Rows Removed by Filter: 134169
                                            ->  Bitmap Heap Scan on movie_keyword mk  (cost=307.00..614.00 rows=307 width=8) (actual time=2.941..16.647 rows=19528 loops=1)
                                                  Recheck Cond: (keyword_id = k.id)
                                                  Heap Blocks: exact=12389
                                                  ->  Bitmap Index Scan on keyword_id_movie_keyword  (cost=0.00..307.00 rows=307 width=0) (actual time=1.432..1.432 rows=19528 loops=1)
                                                        Index Cond: (keyword_id = k.id)
                                      ->  Index Scan using title_pkey on title t  (cost=0.00..2.00 rows=455 width=25) (actual time=0.002..0.002 rows=0 loops=19528)
                                            Index Cond: (id = mk.movie_id)
                                            Filter: ((production_year > 2010) AND ((title ~~ '%murder%'::text) OR (title ~~ '%Murder%'::text) OR (title ~~ '%Mord%'::text)))
                                            Rows Removed by Filter: 1
                                ->  Index Scan using kind_type_pkey on kind_type kt  (cost=0.00..2.00 rows=1 width=4) (actual time=0.002..0.002 rows=1 loops=15)
                                      Index Cond: (id = t.kind_id)
                                      Filter: ((kind)::text = 'movie'::text)
                                      Rows Removed by Filter: 0
                          ->  Bitmap Heap Scan on movie_info mi  (cost=42.00..84.00 rows=2 width=8) (actual time=0.018..0.019 rows=1 loops=10)
                                Recheck Cond: (movie_id = t.id)
                                Filter: (info = ANY ('{Sweden,Norway,Germany,Denmark,Swedish,Denish,Norwegian,German,USA,American}'::text[]))
                                Rows Removed by Filter: 12
                                Heap Blocks: exact=85
                                ->  Bitmap Index Scan on movie_id_movie_info  (cost=0.00..42.00 rows=42 width=0) (actual time=0.006..0.006 rows=13 loops=10)
                                      Index Cond: (movie_id = t.id)
                    ->  Index Scan using info_type_pkey on info_type it1  (cost=0.00..2.00 rows=1 width=4) (actual time=0.001..0.001 rows=1 loops=6)
                          Index Cond: (id = mi.info_type_id)
                          Filter: ((info)::text = 'countries'::text)
              ->  Bitmap Heap Scan on movie_info_idx mi_idx  (cost=3.00..6.00 rows=1 width=14) (actual time=0.005..0.005 rows=0 loops=6)
                    Recheck Cond: (movie_id = t.id)
                    Filter: (info > '6.0'::text)
                    Rows Removed by Filter: 1
                    Heap Blocks: exact=3
                    ->  Bitmap Index Scan on movie_id_movie_info_idx  (cost=0.00..3.00 rows=3 width=0) (actual time=0.004..0.004 rows=2 loops=6)
                          Index Cond: (movie_id = t.id)
        ->  Index Scan using info_type_pkey on info_type it2  (cost=0.00..2.00 rows=1 width=4) (actual time=0.002..0.002 rows=1 loops=1)
              Index Cond: (id = mi_idx.info_type_id)
              Filter: ((info)::text = 'rating'::text)
Planning time: 3.423 ms
Execution time: 74.108 ms
