Aggregate  (cost=180614.07..180615.07 rows=1 width=64) (actual time=434.216..434.216 rows=1 loops=1)
  ->  Nested Loop  (cost=179555.07..180614.07 rows=1 width=23) (actual time=197.903..432.899 rows=4115 loops=1)
        ->  Nested Loop  (cost=179555.07..180566.07 rows=23 width=27) (actual time=197.886..427.279 rows=4709 loops=1)
              ->  Merge Join  (cost=179513.07..179620.07 rows=11 width=35) (actual time=197.856..200.737 rows=5949 loops=1)
                    Merge Cond: (mi_idx.info_type_id = it2.id)
                    ->  Sort  (cost=179400.07..179400.07 rows=12143 width=39) (actual time=195.654..197.784 rows=17835 loops=1)
                          Sort Key: mi_idx.info_type_id
                          Sort Method: quicksort  Memory: 2300kB
                          ->  Nested Loop  (cost=136943.07..179400.07 rows=12143 width=39) (actual time=156.092..191.169 rows=17892 loops=1)
                                ->  Merge Join  (cost=136940.07..141186.07 rows=4246 width=25) (actual time=156.066..159.386 rows=8073 loops=1)
                                      Merge Cond: (t.kind_id = kt.id)
                                      ->  Sort  (cost=136933.07..136933.07 rows=14860 width=29) (actual time=156.046..157.103 rows=9739 loops=1)
                                            Sort Key: t.kind_id
                                            Sort Method: quicksort  Memory: 1168kB
                                            ->  Nested Loop  (cost=307.00..136933.07 rows=14860 width=29) (actual time=2.814..153.782 rows=9739 loops=1)
                                                  ->  Nested Loop  (cost=307.00..136933.00 rows=37091 width=4) (actual time=2.801..60.094 rows=37091 loops=1)
                                                        ->  Seq Scan on keyword k  (cost=0.00..134170.00 rows=3 width=4) (actual time=0.791..15.093 rows=3 loops=1)
                                                              Filter: ((keyword IS NOT NULL) AND (keyword = ANY ('{murder,murder-in-title,blood,violence}'::text[])))
                                                              Rows Removed by Filter: 134167
                                                        ->  Bitmap Heap Scan on movie_keyword mk  (cost=307.00..614.00 rows=307 width=8) (actual time=2.322..12.896 rows=12364 loops=3)
                                                              Recheck Cond: (keyword_id = k.id)
                                                              Heap Blocks: exact=26312
                                                              ->  Bitmap Index Scan on keyword_id_movie_keyword  (cost=0.00..307.00 rows=307 width=0) (actual time=1.170..1.170 rows=12364 loops=3)
                                                                    Index Cond: (keyword_id = k.id)
                                                  ->  Index Scan using title_pkey on title t  (cost=0.00..2.00 rows=1012920 width=25) (actual time=0.002..0.002 rows=0 loops=37091)
                                                        Index Cond: (id = mk.movie_id)
                                                        Filter: (production_year > 2005)
                                                        Rows Removed by Filter: 1
                                      ->  Sort  (cost=7.00..7.00 rows=2 width=4) (actual time=0.017..0.017 rows=2 loops=1)
                                            Sort Key: kt.id
                                            Sort Method: quicksort  Memory: 25kB
                                            ->  Seq Scan on kind_type kt  (cost=0.00..7.00 rows=2 width=4) (actual time=0.007..0.008 rows=2 loops=1)
                                                  Filter: ((kind)::text = ANY ('{movie,episode}'::text[]))
                                                  Rows Removed by Filter: 5
                                ->  Bitmap Heap Scan on movie_info_idx mi_idx  (cost=3.00..6.00 rows=3 width=14) (actual time=0.003..0.003 rows=2 loops=8073)
                                      Recheck Cond: (movie_id = t.id)
                                      Filter: (info < '8.5'::text)
                                      Rows Removed by Filter: 0
                                      Heap Blocks: exact=6245
                                      ->  Bitmap Index Scan on movie_id_movie_info_idx  (cost=0.00..3.00 rows=3 width=0) (actual time=0.002..0.002 rows=2 loops=8073)
                                            Index Cond: (movie_id = t.id)
                    ->  Sort  (cost=113.00..113.00 rows=1 width=4) (actual time=0.020..0.021 rows=1 loops=1)
                          Sort Key: it2.id
                          Sort Method: quicksort  Memory: 25kB
                          ->  Seq Scan on info_type it2  (cost=0.00..113.00 rows=1 width=4) (actual time=0.012..0.013 rows=1 loops=1)
                                Filter: ((info)::text = 'rating'::text)
                                Rows Removed by Filter: 112
              ->  Bitmap Heap Scan on movie_info mi  (cost=42.00..84.00 rows=2 width=8) (actual time=0.033..0.037 rows=1 loops=5949)
                    Recheck Cond: (movie_id = t.id)
                    Filter: (info = ANY ('{Sweden,Norway,Germany,Denmark,Swedish,Danish,Norwegian,German,USA,American}'::text[]))
                    Rows Removed by Filter: 71
                    Heap Blocks: exact=84804
                    ->  Bitmap Index Scan on movie_id_movie_info  (cost=0.00..42.00 rows=42 width=0) (actual time=0.005..0.005 rows=72 loops=5949)
                          Index Cond: (movie_id = t.id)
        ->  Index Scan using info_type_pkey on info_type it1  (cost=0.00..2.00 rows=1 width=4) (actual time=0.001..0.001 rows=1 loops=4709)
              Index Cond: (id = mi.info_type_id)
              Filter: ((info)::text = 'countries'::text)
              Rows Removed by Filter: 0
Planning time: 3.360 ms
Execution time: 434.297 ms
