Aggregate  (cost=137240.00..137241.00 rows=1 width=64) (actual time=473.266..473.266 rows=1 loops=1)
  ->  Nested Loop  (cost=352.00..137240.00 rows=1 width=23) (actual time=2.856..471.953 rows=4115 loops=1)
        ->  Nested Loop  (cost=352.00..137236.00 rows=1 width=27) (actual time=2.853..465.984 rows=4709 loops=1)
              ->  Nested Loop  (cost=310.00..137150.00 rows=1 width=35) (actual time=2.832..233.864 rows=5949 loops=1)
                    ->  Nested Loop  (cost=310.00..137082.00 rows=33 width=39) (actual time=2.825..213.735 rows=17892 loops=1)
                          ->  Nested Loop  (cost=307.00..136983.00 rows=11 width=25) (actual time=2.817..175.785 rows=8073 loops=1)
                                ->  Nested Loop  (cost=307.00..136933.00 rows=40 width=29) (actual time=2.798..164.080 rows=9739 loops=1)
                                      ->  Nested Loop  (cost=307.00..136933.00 rows=101 width=4) (actual time=2.790..62.891 rows=37091 loops=1)
                                            ->  Seq Scan on keyword k  (cost=0.00..134170.00 rows=3 width=4) (actual time=0.787..14.843 rows=3 loops=1)
                                                  Filter: ((keyword IS NOT NULL) AND (keyword = ANY ('{murder,murder-in-title,blood,violence}'::text[])))
                                                  Rows Removed by Filter: 134167
                                            ->  Bitmap Heap Scan on movie_keyword mk  (cost=307.00..614.00 rows=307 width=8) (actual time=2.358..13.920 rows=12364 loops=3)
                                                  Recheck Cond: (keyword_id = k.id)
                                                  Heap Blocks: exact=26312
                                                  ->  Bitmap Index Scan on keyword_id_movie_keyword  (cost=0.00..307.00 rows=307 width=0) (actual time=1.193..1.193 rows=12364 loops=3)
                                                        Index Cond: (keyword_id = k.id)
                                      ->  Index Scan using title_pkey on title t  (cost=0.00..2.00 rows=1012920 width=25) (actual time=0.002..0.002 rows=0 loops=37091)
                                            Index Cond: (id = mk.movie_id)
                                            Filter: (production_year > 2005)
                                            Rows Removed by Filter: 1
                                ->  Index Scan using kind_type_pkey on kind_type kt  (cost=0.00..2.00 rows=2 width=4) (actual time=0.001..0.001 rows=1 loops=9739)
                                      Index Cond: (id = t.kind_id)
                                      Filter: ((kind)::text = ANY ('{movie,episode}'::text[]))
                                      Rows Removed by Filter: 0
                          ->  Bitmap Heap Scan on movie_info_idx mi_idx  (cost=3.00..6.00 rows=3 width=14) (actual time=0.003..0.004 rows=2 loops=8073)
                                Recheck Cond: (movie_id = t.id)
                                Filter: (info < '8.5'::text)
                                Rows Removed by Filter: 0
                                Heap Blocks: exact=6245
                                ->  Bitmap Index Scan on movie_id_movie_info_idx  (cost=0.00..3.00 rows=3 width=0) (actual time=0.002..0.002 rows=2 loops=8073)
                                      Index Cond: (movie_id = t.id)
                    ->  Index Scan using info_type_pkey on info_type it2  (cost=0.00..2.00 rows=1 width=4) (actual time=0.001..0.001 rows=0 loops=17892)
                          Index Cond: (id = mi_idx.info_type_id)
                          Filter: ((info)::text = 'rating'::text)
                          Rows Removed by Filter: 1
              ->  Bitmap Heap Scan on movie_info mi  (cost=42.00..84.00 rows=2 width=8) (actual time=0.034..0.038 rows=1 loops=5949)
                    Recheck Cond: (movie_id = t.id)
                    Filter: (info = ANY ('{Sweden,Norway,Germany,Denmark,Swedish,Danish,Norwegian,German,USA,American}'::text[]))
                    Rows Removed by Filter: 71
                    Heap Blocks: exact=84804
                    ->  Bitmap Index Scan on movie_id_movie_info  (cost=0.00..42.00 rows=42 width=0) (actual time=0.005..0.005 rows=72 loops=5949)
                          Index Cond: (movie_id = t.id)
        ->  Index Scan using info_type_pkey on info_type it1  (cost=0.00..2.00 rows=1 width=4) (actual time=0.001..0.001 rows=1 loops=4709)
              Index Cond: (id = mi.info_type_id)
              Filter: ((info)::text = 'countries'::text)
              Rows Removed by Filter: 0
Planning time: 3.424 ms
Execution time: 473.341 ms
