Aggregate  (cost=430353.80..430354.80 rows=1 width=64) (actual time=653.564..653.565 rows=1 loops=1)
  ->  Nested Loop  (cost=0.00..430353.80 rows=18 width=59) (actual time=21.915..653.419 rows=328 loops=1)
        ->  Nested Loop  (cost=0.00..430317.80 rows=18 width=63) (actual time=21.897..633.607 rows=328 loops=1)
              ->  Nested Loop  (cost=0.00..430179.80 rows=1 width=75) (actual time=13.439..633.065 rows=57 loops=1)
                    ->  Nested Loop  (cost=0.00..430177.00 rows=1 width=79) (actual time=13.434..632.919 rows=57 loops=1)
                          ->  Nested Loop  (cost=0.00..430175.00 rows=1 width=83) (actual time=13.425..632.583 rows=59 loops=1)
                                ->  Nested Loop  (cost=0.00..430166.00 rows=1 width=79) (actual time=0.171..503.149 rows=688 loops=1)
                                      ->  Nested Loop  (cost=0.00..430144.00 rows=2 width=67) (actual time=0.165..495.784 rows=1749 loops=1)
                                            ->  Nested Loop  (cost=0.00..430138.00 rows=3 width=46) (actual time=0.159..489.080 rows=1771 loops=1)
                                                  ->  Seq Scan on info_type it1  (cost=0.00..113.00 rows=1 width=4) (actual time=0.007..0.015 rows=1 loops=1)
                                                        Filter: ((info)::text = 'release dates'::text)
                                                        Rows Removed by Filter: 112
                                                  ->  Index Scan using info_type_id_movie_info on movie_info mi  (cost=0.00..430020.00 rows=5 width=50) (actual time=0.151..488.711 rows=1771 loops=1)
                                                        Index Cond: (info_type_id = it1.id)
                                                        Filter: ((note ~~ '%internet%'::text) AND (info ~~ 'USA:% 200%'::text))
                                                        Rows Removed by Filter: 3034948
                                            ->  Index Scan using title_pkey on title t  (cost=0.00..2.00 rows=1 width=21) (actual time=0.003..0.003 rows=1 loops=1771)
                                                  Index Cond: (id = mi.movie_id)
                                                  Filter: (production_year > 2000)
                                                  Rows Removed by Filter: 0
                                      ->  Index Scan using movie_id_movie_companies on movie_companies mc  (cost=0.00..10.00 rows=1 width=12) (actual time=0.003..0.004 rows=0 loops=1749)
                                            Index Cond: (movie_id = t.id)
                                            Filter: ((note ~~ '%(200%)%'::text) AND (note ~~ '%(worldwide)%'::text))
                                            Rows Removed by Filter: 1
                                ->  Index Only Scan using movie_id_aka_title on aka_title at  (cost=0.00..6.00 rows=3 width=4) (actual time=0.175..0.188 rows=0 loops=688)
                                      Index Cond: (movie_id = t.id)
                                      Heap Fetches: 59
                          ->  Index Scan using company_name_pkey on company_name cn  (cost=0.00..2.00 rows=1 width=4) (actual time=0.005..0.005 rows=1 loops=59)
                                Index Cond: (id = mc.company_id)
                                Filter: ((country_code)::text = '[us]'::text)
                                Rows Removed by Filter: 0
                    ->  Index Only Scan using company_type_pkey on company_type ct  (cost=0.00..2.00 rows=1 width=4) (actual time=0.002..0.002 rows=1 loops=57)
                          Index Cond: (id = mc.company_type_id)
                          Heap Fetches: 57
              ->  Index Scan using movie_id_movie_keyword on movie_keyword mk  (cost=0.00..92.00 rows=46 width=8) (actual time=0.007..0.008 rows=6 loops=57)
                    Index Cond: (movie_id = t.id)
        ->  Index Only Scan using keyword_pkey on keyword k  (cost=0.00..2.00 rows=1 width=4) (actual time=0.060..0.060 rows=1 loops=328)
              Index Cond: (id = mk.keyword_id)
              Heap Fetches: 328
Planning time: 7.822 ms
Execution time: 653.633 ms
