Aggregate  (cost=237273.30..237274.30 rows=1 width=64) (actual time=25.828..25.828 rows=1 loops=1)
  ->  Nested Loop  (cost=183.00..237273.30 rows=9 width=59) (actual time=5.963..25.813 rows=37 loops=1)
        ->  Nested Loop  (cost=183.00..237273.30 rows=9 width=63) (actual time=5.955..25.696 rows=37 loops=1)
              ->  Nested Loop  (cost=137.00..237135.30 rows=1 width=75) (actual time=4.835..25.662 rows=3 loops=1)
                    ->  Nested Loop  (cost=137.00..237135.30 rows=1 width=54) (actual time=4.827..25.640 rows=3 loops=1)
                          ->  Nested Loop  (cost=137.00..237131.30 rows=1 width=58) (actual time=4.823..25.632 rows=3 loops=1)
                                ->  Nested Loop  (cost=137.00..235276.30 rows=1 width=8) (actual time=3.948..25.209 rows=27 loops=1)
                                      ->  Nested Loop  (cost=137.00..235275.00 rows=1 width=12) (actual time=3.943..25.170 rows=27 loops=1)
                                            ->  Nested Loop  (cost=134.00..235266.00 rows=1 width=8) (actual time=3.729..24.412 rows=278 loops=1)
                                                  ->  Seq Scan on company_name cn  (cost=0.00..234997.00 rows=1 width=4) (actual time=3.442..22.661 rows=1 loops=1)
                                                        Filter: (((country_code)::text = '[us]'::text) AND (name = 'YouTube'::text))
                                                        Rows Removed by Filter: 234996
                                                  ->  Bitmap Heap Scan on movie_companies mc  (cost=134.00..268.00 rows=1 width=12) (actual time=0.284..1.703 rows=278 loops=1)
                                                        Recheck Cond: (company_id = cn.id)
                                                        Filter: ((note ~~ '%(200%)%'::text) AND (note ~~ '%(worldwide)%'::text))
                                                        Rows Removed by Filter: 1180
                                                        Heap Blocks: exact=1021
                                                        ->  Bitmap Index Scan on company_id_movie_companies  (cost=0.00..134.00 rows=134 width=0) (actual time=0.157..0.157 rows=1458 loops=1)
                                                              Index Cond: (company_id = cn.id)
                                            ->  Bitmap Heap Scan on aka_title at  (cost=3.00..6.00 rows=3 width=4) (actual time=0.002..0.002 rows=0 loops=278)
                                                  Recheck Cond: (movie_id = mc.movie_id)
                                                  Heap Blocks: exact=27
                                                  ->  Bitmap Index Scan on movie_id_aka_title  (cost=0.00..3.00 rows=3 width=0) (actual time=0.002..0.002 rows=0 loops=278)
                                                        Index Cond: (movie_id = mc.movie_id)
                                      ->  Index Only Scan using company_type_pkey on company_type ct  (cost=0.00..2.00 rows=4 width=4) (actual time=0.001..0.001 rows=1 loops=27)
                                            Index Cond: (id = mc.company_type_id)
                                            Heap Fetches: 27
                                ->  Index Scan using movie_id_movie_info on movie_info mi  (cost=0.00..84.00 rows=1771 width=50) (actual time=0.014..0.015 rows=0 loops=27)
                                      Index Cond: (movie_id = at.movie_id)
                                      Filter: ((note ~~ '%internet%'::text) AND (info ~~ 'USA:% 200%'::text))
                                      Rows Removed by Filter: 19
                          ->  Index Scan using info_type_pkey on info_type it1  (cost=0.00..2.00 rows=1 width=4) (actual time=0.002..0.002 rows=1 loops=3)
                                Index Cond: (id = mi.info_type_id)
                                Filter: ((info)::text = 'release dates'::text)
                    ->  Index Scan using title_pkey on title t  (cost=0.00..2.00 rows=716259 width=21) (actual time=0.006..0.006 rows=1 loops=3)
                          Index Cond: (id = at.movie_id)
                          Filter: ((production_year >= 2005) AND (production_year <= 2010))
              ->  Bitmap Heap Scan on movie_keyword mk  (cost=46.00..92.00 rows=46 width=8) (actual time=0.007..0.008 rows=12 loops=3)
                    Recheck Cond: (movie_id = t.id)
                    Heap Blocks: exact=2
                    ->  Bitmap Index Scan on movie_id_movie_keyword  (cost=0.00..46.00 rows=46 width=0) (actual time=0.005..0.005 rows=12 loops=3)
                          Index Cond: (movie_id = t.id)
        ->  Index Only Scan using keyword_pkey on keyword k  (cost=0.00..2.00 rows=134170 width=4) (actual time=0.003..0.003 rows=1 loops=37)
              Index Cond: (id = mk.keyword_id)
              Heap Fetches: 37
Planning time: 8.978 ms
Execution time: 25.902 ms
