Aggregate  (cost=235524.80..235525.80 rows=1 width=64) (actual time=26.269..26.269 rows=1 loops=1)
  ->  Nested Loop  (cost=0.00..235524.80 rows=9 width=59) (actual time=6.358..26.254 rows=37 loops=1)
        ->  Nested Loop  (cost=0.00..235506.80 rows=9 width=63) (actual time=6.352..26.143 rows=37 loops=1)
              ->  Nested Loop  (cost=0.00..235368.80 rows=1 width=75) (actual time=5.357..26.110 rows=3 loops=1)
                    ->  Nested Loop  (cost=0.00..235366.80 rows=1 width=54) (actual time=5.349..26.090 rows=3 loops=1)
                          ->  Nested Loop  (cost=0.00..235362.80 rows=1 width=58) (actual time=5.346..26.082 rows=3 loops=1)
                                ->  Nested Loop  (cost=0.00..235277.80 rows=1 width=8) (actual time=3.720..25.623 rows=27 loops=1)
                                      ->  Nested Loop  (cost=0.00..235275.00 rows=1 width=12) (actual time=3.716..25.592 rows=27 loops=1)
                                            ->  Nested Loop  (cost=0.00..235266.00 rows=1 width=8) (actual time=3.534..24.992 rows=278 loops=1)
                                                  ->  Seq Scan on company_name cn  (cost=0.00..234997.00 rows=1 width=4) (actual time=3.500..22.822 rows=1 loops=1)
                                                        Filter: (((country_code)::text = '[us]'::text) AND (name = 'YouTube'::text))
                                                        Rows Removed by Filter: 234996
                                                  ->  Index Scan using company_id_movie_companies on movie_companies mc  (cost=0.00..268.00 rows=1 width=12) (actual time=0.033..2.126 rows=278 loops=1)
                                                        Index Cond: (company_id = cn.id)
                                                        Filter: ((note ~~ '%(200%)%'::text) AND (note ~~ '%(worldwide)%'::text))
                                                        Rows Removed by Filter: 1180
                                            ->  Index Only Scan using movie_id_aka_title on aka_title at  (cost=0.00..6.00 rows=3 width=4) (actual time=0.002..0.002 rows=0 loops=278)
                                                  Index Cond: (movie_id = mc.movie_id)
                                                  Heap Fetches: 27
                                      ->  Index Only Scan using company_type_pkey on company_type ct  (cost=0.00..2.00 rows=1 width=4) (actual time=0.001..0.001 rows=1 loops=27)
                                            Index Cond: (id = mc.company_type_id)
                                            Heap Fetches: 27
                                ->  Index Scan using movie_id_movie_info on movie_info mi  (cost=0.00..84.00 rows=1 width=50) (actual time=0.016..0.017 rows=0 loops=27)
                                      Index Cond: (movie_id = at.movie_id)
                                      Filter: ((note ~~ '%internet%'::text) AND (info ~~ 'USA:% 200%'::text))
                                      Rows Removed by Filter: 19
                          ->  Index Scan using info_type_pkey on info_type it1  (cost=0.00..2.00 rows=1 width=4) (actual time=0.002..0.002 rows=1 loops=3)
                                Index Cond: (id = mi.info_type_id)
                                Filter: ((info)::text = 'release dates'::text)
                    ->  Index Scan using title_pkey on title t  (cost=0.00..2.00 rows=1 width=21) (actual time=0.006..0.006 rows=1 loops=3)
                          Index Cond: (id = at.movie_id)
                          Filter: ((production_year >= 2005) AND (production_year <= 2010))
              ->  Index Scan using movie_id_movie_keyword on movie_keyword mk  (cost=0.00..92.00 rows=46 width=8) (actual time=0.006..0.008 rows=12 loops=3)
                    Index Cond: (movie_id = t.id)
        ->  Index Only Scan using keyword_pkey on keyword k  (cost=0.00..2.00 rows=1 width=4) (actual time=0.003..0.003 rows=1 loops=37)
              Index Cond: (id = mk.keyword_id)
              Heap Fetches: 37
Planning time: 7.971 ms
Execution time: 26.331 ms
