Aggregate  (cost=431045.20..431046.20 rows=1 width=64) (actual time=519.286..519.286 rows=1 loops=1)
  ->  Nested Loop  (cost=0.00..431045.20 rows=135 width=59) (actual time=1.688..518.519 rows=2271 loops=1)
        ->  Nested Loop  (cost=0.00..430775.20 rows=135 width=63) (actual time=1.683..513.520 rows=2271 loops=1)
              ->  Nested Loop  (cost=0.00..430223.20 rows=4 width=75) (actual time=1.677..511.848 rows=284 loops=1)
                    ->  Nested Loop  (cost=0.00..430216.00 rows=4 width=79) (actual time=1.674..511.405 rows=284 loops=1)
                          ->  Nested Loop  (cost=0.00..430192.00 rows=12 width=83) (actual time=1.669..510.099 rows=400 loops=1)
                                ->  Nested Loop  (cost=0.00..430162.00 rows=2 width=71) (actual time=1.663..509.324 rows=120 loops=1)
                                      ->  Nested Loop  (cost=0.00..430144.00 rows=2 width=67) (actual time=0.165..505.478 rows=1782 loops=1)
                                            ->  Nested Loop  (cost=0.00..430138.00 rows=3 width=46) (actual time=0.159..498.869 rows=1783 loops=1)
                                                  ->  Seq Scan on info_type it1  (cost=0.00..113.00 rows=1 width=4) (actual time=0.007..0.026 rows=1 loops=1)
                                                        Filter: ((info)::text = 'release dates'::text)
                                                        Rows Removed by Filter: 112
                                                  ->  Index Scan using info_type_id_movie_info on movie_info mi  (cost=0.00..430020.00 rows=5 width=50) (actual time=0.151..498.472 rows=1783 loops=1)
                                                        Index Cond: (info_type_id = it1.id)
                                                        Filter: ((note ~~ '%internet%'::text) AND (info IS NOT NULL) AND ((info ~~ 'USA:% 199%'::text) OR (info ~~ 'USA:% 200%'::text)))
                                                        Rows Removed by Filter: 3034936
                                            ->  Index Scan using title_pkey on title t  (cost=0.00..2.00 rows=1 width=21) (actual time=0.003..0.003 rows=1 loops=1783)
                                                  Index Cond: (id = mi.movie_id)
                                                  Filter: (production_year > 1990)
                                                  Rows Removed by Filter: 0
                                      ->  Index Only Scan using movie_id_aka_title on aka_title at  (cost=0.00..6.00 rows=3 width=4) (actual time=0.002..0.002 rows=0 loops=1782)
                                            Index Cond: (movie_id = t.id)
                                            Heap Fetches: 120
                                ->  Index Scan using movie_id_movie_companies on movie_companies mc  (cost=0.00..10.00 rows=5 width=12) (actual time=0.004..0.005 rows=3 loops=120)
                                      Index Cond: (movie_id = t.id)
                          ->  Index Scan using company_name_pkey on company_name cn  (cost=0.00..2.00 rows=1 width=4) (actual time=0.003..0.003 rows=1 loops=400)
                                Index Cond: (id = mc.company_id)
                                Filter: ((country_code)::text = '[us]'::text)
                                Rows Removed by Filter: 0
                    ->  Index Only Scan using company_type_pkey on company_type ct  (cost=0.00..2.00 rows=1 width=4) (actual time=0.001..0.001 rows=1 loops=284)
                          Index Cond: (id = mc.company_type_id)
                          Heap Fetches: 284
              ->  Index Scan using movie_id_movie_keyword on movie_keyword mk  (cost=0.00..92.00 rows=46 width=8) (actual time=0.003..0.004 rows=8 loops=284)
                    Index Cond: (movie_id = t.id)
        ->  Index Only Scan using keyword_pkey on keyword k  (cost=0.00..2.00 rows=1 width=4) (actual time=0.002..0.002 rows=1 loops=2271)
              Index Cond: (id = mk.keyword_id)
              Heap Fetches: 2271
Planning time: 7.830 ms
Execution time: 519.348 ms
