Aggregate  (cost=456317.80..456318.80 rows=1 width=64) (actual time=600.371..600.371 rows=1 loops=1)
  ->  Nested Loop  (cost=0.00..456317.80 rows=3754 width=38) (actual time=1.743..597.466 rows=11347 loops=1)
        ->  Nested Loop  (cost=0.00..448809.80 rows=3754 width=42) (actual time=1.739..575.264 rows=11347 loops=1)
              ->  Nested Loop  (cost=0.00..432801.80 rows=116 width=54) (actual time=1.733..569.055 rows=875 loops=1)
                    ->  Nested Loop  (cost=0.00..432593.00 rows=116 width=58) (actual time=1.730..567.785 rows=875 loops=1)
                          ->  Nested Loop  (cost=0.00..431947.00 rows=323 width=62) (actual time=1.725..561.698 rows=2099 loops=1)
                                ->  Nested Loop  (cost=0.00..431002.00 rows=63 width=50) (actual time=0.240..558.412 rows=584 loops=1)
                                      ->  Nested Loop  (cost=0.00..430453.00 rows=61 width=25) (actual time=0.029..540.493 rows=10662 loops=1)
                                            ->  Nested Loop  (cost=0.00..430277.00 rows=88 width=4) (actual time=0.024..507.082 rows=10679 loops=1)
                                                  ->  Seq Scan on info_type it1  (cost=0.00..113.00 rows=1 width=4) (actual time=0.008..0.017 rows=1 loops=1)
                                                        Filter: ((info)::text = 'release dates'::text)
                                                        Rows Removed by Filter: 112
                                                  ->  Index Scan using info_type_id_movie_info on movie_info mi  (cost=0.00..430020.00 rows=144 width=8) (actual time=0.015..505.180 rows=10679 loops=1)
                                                        Index Cond: (info_type_id = it1.id)
                                                        Filter: (note ~~ '%internet%'::text)
                                                        Rows Removed by Filter: 3026040
                                            ->  Index Scan using title_pkey on title t  (cost=0.00..2.00 rows=1 width=21) (actual time=0.003..0.003 rows=1 loops=10679)
                                                  Index Cond: (id = mi.movie_id)
                                                  Filter: (production_year > 1990)
                                                  Rows Removed by Filter: 0
                                      ->  Index Scan using movie_id_aka_title on aka_title at  (cost=0.00..6.00 rows=3 width=25) (actual time=0.001..0.001 rows=0 loops=10662)
                                            Index Cond: (movie_id = t.id)
                                ->  Index Scan using movie_id_movie_companies on movie_companies mc  (cost=0.00..10.00 rows=5 width=12) (actual time=0.003..0.004 rows=4 loops=584)
                                      Index Cond: (movie_id = t.id)
                          ->  Index Scan using company_name_pkey on company_name cn  (cost=0.00..2.00 rows=1 width=4) (actual time=0.003..0.003 rows=0 loops=2099)
                                Index Cond: (id = mc.company_id)
                                Filter: ((country_code)::text = '[us]'::text)
                                Rows Removed by Filter: 1
                    ->  Index Only Scan using company_type_pkey on company_type ct  (cost=0.00..2.00 rows=1 width=4) (actual time=0.001..0.001 rows=1 loops=875)
                          Index Cond: (id = mc.company_type_id)
                          Heap Fetches: 875
              ->  Index Scan using movie_id_movie_keyword on movie_keyword mk  (cost=0.00..92.00 rows=46 width=8) (actual time=0.002..0.004 rows=13 loops=875)
                    Index Cond: (movie_id = t.id)
        ->  Index Only Scan using keyword_pkey on keyword k  (cost=0.00..2.00 rows=1 width=4) (actual time=0.002..0.002 rows=1 loops=11347)
              Index Cond: (id = mk.keyword_id)
              Heap Fetches: 11347
Planning time: 8.176 ms
Execution time: 600.439 ms
