Aggregate  (cost=135648.00..135649.00 rows=1 width=64) (actual time=129.885..129.885 rows=1 loops=1)
  ->  Nested Loop  (cost=0.00..135648.00 rows=74 width=33) (actual time=3.238..129.774 rows=385 loops=1)
        ->  Nested Loop  (cost=0.00..135462.00 rows=31 width=25) (actual time=3.227..128.375 rows=323 loops=1)
              ->  Nested Loop  (cost=0.00..135400.00 rows=31 width=21) (actual time=3.220..127.113 rows=323 loops=1)
                    ->  Nested Loop  (cost=0.00..135184.00 rows=2 width=29) (actual time=3.206..126.646 rows=25 loops=1)
                          ->  Nested Loop  (cost=0.00..135174.00 rows=5 width=33) (actual time=3.148..126.493 rows=54 loops=1)
                                ->  Nested Loop  (cost=0.00..135159.00 rows=1 width=25) (actual time=2.345..126.202 rows=146 loops=1)
                                      ->  Nested Loop  (cost=0.00..135091.00 rows=34 width=4) (actual time=0.395..33.557 rows=41840 loops=1)
                                            ->  Seq Scan on keyword k  (cost=0.00..134170.00 rows=1 width=4) (actual time=0.384..9.197 rows=1 loops=1)
                                                  Filter: (keyword = 'character-name-in-title'::text)
                                                  Rows Removed by Filter: 134169
                                            ->  Index Scan using keyword_id_movie_keyword on movie_keyword mk  (cost=0.00..614.00 rows=307 width=8) (actual time=0.010..18.214 rows=41840 loops=1)
                                                  Index Cond: (keyword_id = k.id)
                                      ->  Index Scan using title_pkey on title t  (cost=0.00..2.00 rows=1 width=21) (actual time=0.002..0.002 rows=0 loops=41840)
                                            Index Cond: (id = mk.movie_id)
                                            Filter: ((episode_nr >= 50) AND (episode_nr < 100))
                                            Rows Removed by Filter: 1
                                ->  Index Scan using movie_id_movie_companies on movie_companies mc  (cost=0.00..10.00 rows=5 width=8) (actual time=0.002..0.002 rows=0 loops=146)
                                      Index Cond: (movie_id = t.id)
                          ->  Index Scan using company_name_pkey on company_name cn  (cost=0.00..2.00 rows=1 width=4) (actual time=0.002..0.002 rows=0 loops=54)
                                Index Cond: (id = mc.company_id)
                                Filter: ((country_code)::text = '[us]'::text)
                                Rows Removed by Filter: 1
                    ->  Index Scan using movie_id_cast_info on cast_info ci  (cost=0.00..72.00 rows=36 width=8) (actual time=0.006..0.016 rows=13 loops=25)
                          Index Cond: (movie_id = t.id)
              ->  Index Only Scan using name_pkey on name n  (cost=0.00..2.00 rows=1 width=4) (actual time=0.004..0.004 rows=1 loops=323)
                    Index Cond: (id = ci.person_id)
                    Heap Fetches: 323
        ->  Index Scan using person_id_aka_name on aka_name an  (cost=0.00..4.00 rows=2 width=20) (actual time=0.004..0.004 rows=1 loops=323)
              Index Cond: (person_id = n.id)
Planning time: 3.825 ms
Execution time: 129.949 ms
