Aggregate  (cost=152009.00..152010.00 rows=1 width=64) (actual time=19592.044..19592.044 rows=1 loops=1)
  ->  Nested Loop  (cost=0.00..152009.00 rows=2714 width=33) (actual time=0.626..18599.976 rows=3710592 loops=1)
        ->  Nested Loop  (cost=0.00..145121.00 rows=1148 width=25) (actual time=0.622..10921.593 rows=2832555 loops=1)
              ->  Nested Loop  (cost=0.00..142825.00 rows=1148 width=21) (actual time=0.617..3339.972 rows=2832555 loops=1)
                    ->  Nested Loop  (cost=0.00..136021.00 rows=63 width=29) (actual time=0.451..794.281 rows=68316 loops=1)
                          ->  Nested Loop  (cost=0.00..135669.00 rows=176 width=33) (actual time=0.436..357.000 rows=148552 loops=1)
                                ->  Nested Loop  (cost=0.00..135159.00 rows=34 width=25) (actual time=0.423..172.374 rows=41840 loops=1)
                                      ->  Nested Loop  (cost=0.00..135091.00 rows=34 width=4) (actual time=0.417..39.778 rows=41840 loops=1)
                                            ->  Seq Scan on keyword k  (cost=0.00..134170.00 rows=1 width=4) (actual time=0.406..8.323 rows=1 loops=1)
                                                  Filter: (keyword = 'character-name-in-title'::text)
                                                  Rows Removed by Filter: 134169
                                            ->  Index Scan using keyword_id_movie_keyword on movie_keyword mk  (cost=0.00..614.00 rows=307 width=8) (actual time=0.011..23.157 rows=41840 loops=1)
                                                  Index Cond: (keyword_id = k.id)
                                      ->  Index Scan using title_pkey on title t  (cost=0.00..2.00 rows=1 width=21) (actual time=0.003..0.003 rows=1 loops=41840)
                                            Index Cond: (id = mk.movie_id)
                                ->  Index Scan using movie_id_movie_companies on movie_companies mc  (cost=0.00..10.00 rows=5 width=8) (actual time=0.002..0.003 rows=4 loops=41840)
                                      Index Cond: (movie_id = t.id)
                          ->  Index Scan using company_name_pkey on company_name cn  (cost=0.00..2.00 rows=1 width=4) (actual time=0.003..0.003 rows=0 loops=148552)
                                Index Cond: (id = mc.company_id)
                                Filter: ((country_code)::text = '[us]'::text)
                                Rows Removed by Filter: 1
                    ->  Index Scan using movie_id_cast_info on cast_info ci  (cost=0.00..72.00 rows=36 width=8) (actual time=0.003..0.029 rows=41 loops=68316)
                          Index Cond: (movie_id = t.id)
              ->  Index Only Scan using name_pkey on name n  (cost=0.00..2.00 rows=1 width=4) (actual time=0.002..0.002 rows=1 loops=2832555)
                    Index Cond: (id = ci.person_id)
                    Heap Fetches: 2832555
        ->  Index Scan using person_id_aka_name on aka_name an  (cost=0.00..4.00 rows=2 width=20) (actual time=0.002..0.002 rows=1 loops=2832555)
              Index Cond: (person_id = n.id)
Planning time: 3.989 ms
Execution time: 19592.109 ms
