Aggregate  (cost=7777876.42..7777877.42 rows=1 width=64) (actual time=27159.902..27159.902 rows=1 loops=1)
  ->  Nested Loop  (cost=7263026.42..7777876.42 rows=1394 width=33) (actual time=9652.699..26166.093 rows=3710592 loops=1)
        ->  Nested Loop  (cost=7263026.42..7777876.42 rows=1394 width=41) (actual time=9652.685..19230.497 rows=3710592 loops=1)
              ->  Merge Join  (cost=7263024.42..7736896.42 rows=6830 width=21) (actual time=9652.656..10960.310 rows=2832555 loops=1)
                    Merge Cond: (ci.movie_id = t.id)
                    ->  Sort  (cost=4653811.00..4653811.00 rows=1038393 width=12) (actual time=1756.243..1867.666 rows=1038381 loops=1)
                          Sort Key: ci.movie_id
                          Sort Method: quicksort  Memory: 73251kB
                          ->  Nested Loop  (cost=343.00..4653811.00 rows=1038393 width=12) (actual time=4.377..1532.344 rows=1038393 loops=1)
                                ->  Nested Loop  (cost=307.00..135091.00 rows=41840 width=4) (actual time=4.362..41.215 rows=41840 loops=1)
                                      ->  Seq Scan on keyword k  (cost=0.00..134170.00 rows=1 width=4) (actual time=0.407..8.164 rows=1 loops=1)
                                            Filter: (keyword = 'character-name-in-title'::text)
                                            Rows Removed by Filter: 134169
                                      ->  Bitmap Heap Scan on movie_keyword mk  (cost=307.00..614.00 rows=307 width=8) (actual time=3.954..25.207 rows=41840 loops=1)
                                            Recheck Cond: (keyword_id = k.id)
                                            Heap Blocks: exact=11541
                                            ->  Bitmap Index Scan on keyword_id_movie_keyword  (cost=0.00..307.00 rows=307 width=0) (actual time=2.484..2.484 rows=41840 loops=1)
                                                  Index Cond: (keyword_id = k.id)
                                ->  Bitmap Heap Scan on cast_info ci  (cost=36.00..72.00 rows=36 width=8) (actual time=0.007..0.030 rows=25 loops=41840)
                                      Recheck Cond: (movie_id = mk.movie_id)
                                      Heap Blocks: exact=1006094
                                      ->  Bitmap Index Scan on movie_id_cast_info  (cost=0.00..36.00 rows=36 width=0) (actual time=0.003..0.003 rows=25 loops=41840)
                                            Index Cond: (movie_id = mk.movie_id)
                    ->  Sort  (cost=2609213.42..2609213.42 rows=1153798 width=25) (actual time=7896.245..8205.821 rows=3918908 loops=1)
                          Sort Key: mc.movie_id
                          Sort Method: quicksort  Memory: 139536kB
                          ->  Nested Loop  (cost=0.00..2609213.42 rows=1153798 width=25) (actual time=0.031..7495.449 rows=1153798 loops=1)
                                ->  Nested Loop  (cost=0.00..2609212.50 rows=1153798 width=4) (actual time=0.021..5222.311 rows=1153798 loops=1)
                                      ->  Seq Scan on movie_companies mc  (cost=0.00..2609129.00 rows=2609129 width=8) (actual time=0.008..298.473 rows=2609129 loops=1)
                                      ->  Index Scan using company_name_pkey on company_name cn  (cost=0.00..2.00 rows=84843 width=4) (actual time=0.002..0.002 rows=0 loops=2609129)
                                            Index Cond: (id = mc.company_id)
                                            Filter: ((country_code)::text = '[us]'::text)
                                            Rows Removed by Filter: 1
                                ->  Index Scan using title_pkey on title t  (cost=0.00..2.00 rows=2528312 width=21) (actual time=0.002..0.002 rows=1 loops=1153798)
                                      Index Cond: (id = mc.movie_id)
              ->  Bitmap Heap Scan on aka_name an  (cost=2.00..4.00 rows=2 width=20) (actual time=0.002..0.002 rows=1 loops=2832555)
                    Recheck Cond: (person_id = ci.person_id)
                    Heap Blocks: exact=2100939
                    ->  Bitmap Index Scan on person_id_aka_name  (cost=0.00..2.00 rows=2 width=0) (actual time=0.001..0.001 rows=1 loops=2832555)
                          Index Cond: (person_id = ci.person_id)
        ->  Index Only Scan using name_pkey on name n  (cost=0.00..2.00 rows=4167491 width=4) (actual time=0.001..0.001 rows=1 loops=3710592)
              Index Cond: (id = an.person_id)
              Heap Fetches: 3710592
Planning time: 4.231 ms
Execution time: 27163.087 ms
