Aggregate  (cost=8979873.92..8979874.92 rows=1 width=64) (actual time=16405.177..16405.177 rows=1 loops=1)
  ->  Merge Join  (cost=8388950.92..8979873.92 rows=3710592 width=33) (actual time=14520.596..15685.148 rows=3710592 loops=1)
        Merge Cond: (t.id = ci.movie_id)
        ->  Sort  (cost=2609213.42..2609213.42 rows=1153798 width=25) (actual time=7947.208..8027.408 rows=1153798 loops=1)
              Sort Key: mc.movie_id
              Sort Method: quicksort  Memory: 139536kB
              ->  Nested Loop  (cost=0.00..2609213.42 rows=1153798 width=25) (actual time=0.019..7546.843 rows=1153798 loops=1)
                    ->  Nested Loop  (cost=0.00..2609212.50 rows=1153798 width=4) (actual time=0.012..5256.303 rows=1153798 loops=1)
                          ->  Seq Scan on movie_companies mc  (cost=0.00..2609129.00 rows=2609129 width=8) (actual time=0.005..294.025 rows=2609129 loops=1)
                          ->  Index Scan using company_name_pkey on company_name cn  (cost=0.00..2.00 rows=84843 width=4) (actual time=0.002..0.002 rows=0 loops=2609129)
                                Index Cond: (id = mc.company_id)
                                Filter: ((country_code)::text = '[us]'::text)
                                Rows Removed by Filter: 1
                    ->  Index Scan using title_pkey on title t  (cost=0.00..2.00 rows=2528312 width=21) (actual time=0.002..0.002 rows=1 loops=1153798)
                          Index Cond: (id = mc.movie_id)
        ->  Sort  (cost=5779737.50..5779737.50 rows=1294886 width=24) (actual time=6573.200..6909.962 rows=4015029 loops=1)
              Sort Key: ci.movie_id
              Sort Method: quicksort  Memory: 147877kB
              ->  Merge Join  (cost=5555154.50..5779737.50 rows=1294886 width=24) (actual time=5537.436..6213.792 rows=1294886 loops=1)
                    Merge Cond: (n.id = an.person_id)
                    ->  Sort  (cost=4653811.50..4653811.50 rows=1038393 width=16) (actual time=5123.837..5242.904 rows=1038393 loops=1)
                          Sort Key: ci.person_id
                          Sort Method: quicksort  Memory: 73251kB
                          ->  Nested Loop  (cost=343.00..4653811.50 rows=1038393 width=16) (actual time=4.479..4787.733 rows=1038393 loops=1)
                                ->  Nested Loop  (cost=343.00..4653811.00 rows=1038393 width=12) (actual time=4.457..1601.019 rows=1038393 loops=1)
                                      ->  Nested Loop  (cost=307.00..135091.00 rows=41840 width=4) (actual time=4.437..43.272 rows=41840 loops=1)
                                            ->  Seq Scan on keyword k  (cost=0.00..134170.00 rows=1 width=4) (actual time=0.366..8.209 rows=1 loops=1)
                                                  Filter: (keyword = 'character-name-in-title'::text)
                                                  Rows Removed by Filter: 134169
                                            ->  Bitmap Heap Scan on movie_keyword mk  (cost=307.00..614.00 rows=307 width=8) (actual time=4.066..26.981 rows=41840 loops=1)
                                                  Recheck Cond: (keyword_id = k.id)
                                                  Heap Blocks: exact=11541
                                                  ->  Bitmap Index Scan on keyword_id_movie_keyword  (cost=0.00..307.00 rows=307 width=0) (actual time=2.519..2.519 rows=41840 loops=1)
                                                        Index Cond: (keyword_id = k.id)
                                      ->  Bitmap Heap Scan on cast_info ci  (cost=36.00..72.00 rows=36 width=8) (actual time=0.007..0.032 rows=25 loops=41840)
                                            Recheck Cond: (movie_id = mk.movie_id)
                                            Heap Blocks: exact=1006094
                                            ->  Bitmap Index Scan on movie_id_cast_info  (cost=0.00..36.00 rows=36 width=0) (actual time=0.004..0.004 rows=25 loops=41840)
                                                  Index Cond: (movie_id = mk.movie_id)
                                ->  Index Only Scan using name_pkey on name n  (cost=0.00..2.00 rows=4167491 width=4) (actual time=0.003..0.003 rows=1 loops=1038393)
                                      Index Cond: (id = ci.person_id)
                                      Heap Fetches: 1038393
                    ->  Sort  (cost=901343.00..901343.00 rows=901343 width=20) (actual time=413.590..563.913 rows=1780476 loops=1)
                          Sort Key: an.person_id
                          Sort Method: quicksort  Memory: 89764kB
                          ->  Seq Scan on aka_name an  (cost=0.00..901343.00 rows=901343 width=20) (actual time=0.010..131.447 rows=901343 loops=1)
Planning time: 4.191 ms
Execution time: 16409.927 ms
