Aggregate  (cost=779064.50..779065.50 rows=1 width=64) (actual time=23178.508..23178.509 rows=1 loops=1)
  ->  Nested Loop  (cost=350.00..779064.50 rows=1063 width=33) (actual time=4.567..22188.253 rows=3710592 loops=1)
        ->  Nested Loop  (cost=350.00..779064.50 rows=1063 width=41) (actual time=4.561..14185.284 rows=3710592 loops=1)
              ->  Nested Loop  (cost=348.00..772524.50 rows=1090 width=21) (actual time=4.554..4420.732 rows=2832555 loops=1)
                    ->  Nested Loop  (cost=312.00..762696.50 rows=91 width=29) (actual time=4.404..916.939 rows=68316 loops=1)
                          ->  Nested Loop  (cost=312.00..762696.50 rows=91 width=8) (actual time=4.387..730.628 rows=68316 loops=1)
                                ->  Nested Loop  (cost=312.00..762691.00 rows=148552 width=12) (actual time=4.371..283.632 rows=148552 loops=1)
                                      ->  Nested Loop  (cost=307.00..135091.00 rows=41840 width=4) (actual time=4.358..46.196 rows=41840 loops=1)
                                            ->  Seq Scan on keyword k  (cost=0.00..134170.00 rows=1 width=4) (actual time=0.400..8.294 rows=1 loops=1)
                                                  Filter: (keyword = 'character-name-in-title'::text)
                                                  Rows Removed by Filter: 134169
                                            ->  Bitmap Heap Scan on movie_keyword mk  (cost=307.00..614.00 rows=307 width=8) (actual time=3.957..29.258 rows=41840 loops=1)
                                                  Recheck Cond: (keyword_id = k.id)
                                                  Heap Blocks: exact=11541
                                                  ->  Bitmap Index Scan on keyword_id_movie_keyword  (cost=0.00..307.00 rows=307 width=0) (actual time=2.467..2.467 rows=41840 loops=1)
                                                        Index Cond: (keyword_id = k.id)
                                      ->  Bitmap Heap Scan on movie_companies mc  (cost=5.00..10.00 rows=5 width=8) (actual time=0.003..0.004 rows=4 loops=41840)
                                            Recheck Cond: (movie_id = mk.movie_id)
                                            Heap Blocks: exact=62781
                                            ->  Bitmap Index Scan on movie_id_movie_companies  (cost=0.00..5.00 rows=5 width=0) (actual time=0.002..0.002 rows=4 loops=41840)
                                                  Index Cond: (movie_id = mk.movie_id)
                                ->  Index Scan using company_name_pkey on company_name cn  (cost=0.00..2.00 rows=84843 width=4) (actual time=0.003..0.003 rows=0 loops=148552)
                                      Index Cond: (id = mc.company_id)
                                      Filter: ((country_code)::text = '[us]'::text)
                                      Rows Removed by Filter: 1
                          ->  Index Scan using title_pkey on title t  (cost=0.00..2.00 rows=2528312 width=21) (actual time=0.002..0.002 rows=1 loops=68316)
                                Index Cond: (id = mk.movie_id)
                    ->  Bitmap Heap Scan on cast_info ci  (cost=36.00..72.00 rows=36 width=8) (actual time=0.008..0.043 rows=41 loops=68316)
                          Recheck Cond: (movie_id = t.id)
                          Heap Blocks: exact=2743332
                          ->  Bitmap Index Scan on movie_id_cast_info  (cost=0.00..36.00 rows=36 width=0) (actual time=0.004..0.004 rows=41 loops=68316)
                                Index Cond: (movie_id = t.id)
              ->  Bitmap Heap Scan on aka_name an  (cost=2.00..4.00 rows=2 width=20) (actual time=0.002..0.003 rows=1 loops=2832555)
                    Recheck Cond: (person_id = ci.person_id)
                    Heap Blocks: exact=2100939
                    ->  Bitmap Index Scan on person_id_aka_name  (cost=0.00..2.00 rows=2 width=0) (actual time=0.002..0.002 rows=1 loops=2832555)
                          Index Cond: (person_id = ci.person_id)
        ->  Index Only Scan using name_pkey on name n  (cost=0.00..2.00 rows=4167491 width=4) (actual time=0.002..0.002 rows=1 loops=3710592)
              Index Cond: (id = an.person_id)
              Heap Fetches: 3710592
Planning time: 4.181 ms
Execution time: 23178.581 ms
