Aggregate  (cost=149329.00..149330.00 rows=1 width=64) (actual time=22801.860..22801.860 rows=1 loops=1)
  ->  Nested Loop  (cost=350.00..149329.00 rows=2728 width=33) (actual time=4.558..21830.443 rows=3710592 loops=1)
        ->  Nested Loop  (cost=348.00..142405.00 rows=1154 width=25) (actual time=4.551..12049.352 rows=2832555 loops=1)
              ->  Nested Loop  (cost=348.00..142405.00 rows=1154 width=21) (actual time=4.546..4394.612 rows=2832555 loops=1)
                    ->  Nested Loop  (cost=312.00..135601.00 rows=63 width=29) (actual time=4.382..870.370 rows=68316 loops=1)
                          ->  Nested Loop  (cost=312.00..135601.00 rows=176 width=33) (actual time=4.364..422.228 rows=148552 loops=1)
                                ->  Nested Loop  (cost=307.00..135091.00 rows=34 width=25) (actual time=4.348..180.850 rows=41840 loops=1)
                                      ->  Nested Loop  (cost=307.00..135091.00 rows=34 width=4) (actual time=4.340..46.463 rows=41840 loops=1)
                                            ->  Seq Scan on keyword k  (cost=0.00..134170.00 rows=1 width=4) (actual time=0.400..8.271 rows=1 loops=1)
                                                  Filter: (keyword = 'character-name-in-title'::text)
                                                  Rows Removed by Filter: 134169
                                            ->  Bitmap Heap Scan on movie_keyword mk  (cost=307.00..614.00 rows=307 width=8) (actual time=3.939..29.413 rows=41840 loops=1)
                                                  Recheck Cond: (keyword_id = k.id)
                                                  Heap Blocks: exact=11541
                                                  ->  Bitmap Index Scan on keyword_id_movie_keyword  (cost=0.00..307.00 rows=307 width=0) (actual time=2.481..2.481 rows=41840 loops=1)
                                                        Index Cond: (keyword_id = k.id)
                                      ->  Index Scan using title_pkey on title t  (cost=0.00..2.00 rows=2528312 width=21) (actual time=0.003..0.003 rows=1 loops=41840)
                                            Index Cond: (id = mk.movie_id)
                                ->  Bitmap Heap Scan on movie_companies mc  (cost=5.00..10.00 rows=5 width=8) (actual time=0.003..0.004 rows=4 loops=41840)
                                      Recheck Cond: (movie_id = t.id)
                                      Heap Blocks: exact=62781
                                      ->  Bitmap Index Scan on movie_id_movie_companies  (cost=0.00..5.00 rows=5 width=0) (actual time=0.002..0.002 rows=4 loops=41840)
                                            Index Cond: (movie_id = t.id)
                          ->  Index Scan using company_name_pkey on company_name cn  (cost=0.00..2.00 rows=84843 width=4) (actual time=0.003..0.003 rows=0 loops=148552)
                                Index Cond: (id = mc.company_id)
                                Filter: ((country_code)::text = '[us]'::text)
                                Rows Removed by Filter: 1
                    ->  Bitmap Heap Scan on cast_info ci  (cost=36.00..72.00 rows=36 width=8) (actual time=0.008..0.043 rows=41 loops=68316)
                          Recheck Cond: (movie_id = t.id)
                          Heap Blocks: exact=2743332
                          ->  Bitmap Index Scan on movie_id_cast_info  (cost=0.00..36.00 rows=36 width=0) (actual time=0.004..0.004 rows=41 loops=68316)
                                Index Cond: (movie_id = t.id)
              ->  Index Only Scan using name_pkey on name n  (cost=0.00..2.00 rows=4167491 width=4) (actual time=0.002..0.002 rows=1 loops=2832555)
                    Index Cond: (id = ci.person_id)
                    Heap Fetches: 2832555
        ->  Bitmap Heap Scan on aka_name an  (cost=2.00..4.00 rows=2 width=20) (actual time=0.002..0.003 rows=1 loops=2832555)
              Recheck Cond: (person_id = n.id)
              Heap Blocks: exact=2100939
              ->  Bitmap Index Scan on person_id_aka_name  (cost=0.00..2.00 rows=2 width=0) (actual time=0.002..0.002 rows=1 loops=2832555)
                    Index Cond: (person_id = n.id)
Planning time: 4.232 ms
Execution time: 22801.931 ms
