Aggregate  (cost=140470.00..140471.00 rows=1 width=64) (actual time=1920.062..1920.063 rows=1 loops=1)
  ->  Nested Loop  (cost=350.00..140470.00 rows=1022 width=33) (actual time=4.522..1835.074 rows=319932 loops=1)
        ->  Nested Loop  (cost=348.00..137878.00 rows=432 width=25) (actual time=4.513..1041.286 rows=221609 loops=1)
              ->  Nested Loop  (cost=348.00..137878.00 rows=432 width=21) (actual time=4.506..473.184 rows=221609 loops=1)
                    ->  Nested Loop  (cost=312.00..135286.00 rows=24 width=29) (actual time=4.494..194.938 rows=8538 loops=1)
                          ->  Nested Loop  (cost=312.00..135286.00 rows=66 width=33) (actual time=4.333..165.774 rows=11406 loops=1)
                                ->  Nested Loop  (cost=307.00..135091.00 rows=13 width=25) (actual time=4.309..136.379 rows=6926 loops=1)
                                      ->  Nested Loop  (cost=307.00..135091.00 rows=34 width=4) (actual time=4.301..38.036 rows=41840 loops=1)
                                            ->  Seq Scan on keyword k  (cost=0.00..134170.00 rows=1 width=4) (actual time=0.405..8.447 rows=1 loops=1)
                                                  Filter: (keyword = 'character-name-in-title'::text)
                                                  Rows Removed by Filter: 134169
                                            ->  Bitmap Heap Scan on movie_keyword mk  (cost=307.00..614.00 rows=307 width=8) (actual time=3.895..22.984 rows=41840 loops=1)
                                                  Recheck Cond: (keyword_id = k.id)
                                                  Heap Blocks: exact=11541
                                                  ->  Bitmap Index Scan on keyword_id_movie_keyword  (cost=0.00..307.00 rows=307 width=0) (actual time=2.435..2.435 rows=41840 loops=1)
                                                        Index Cond: (keyword_id = k.id)
                                      ->  Index Scan using title_pkey on title t  (cost=0.00..2.00 rows=946906 width=21) (actual time=0.002..0.002 rows=0 loops=41840)
                                            Index Cond: (id = mk.movie_id)
                                            Filter: (episode_nr < 100)
                                            Rows Removed by Filter: 1
                                ->  Bitmap Heap Scan on movie_companies mc  (cost=5.00..10.00 rows=5 width=8) (actual time=0.003..0.003 rows=2 loops=6926)
                                      Recheck Cond: (movie_id = t.id)
                                      Heap Blocks: exact=7786
                                      ->  Bitmap Index Scan on movie_id_movie_companies  (cost=0.00..5.00 rows=5 width=0) (actual time=0.002..0.002 rows=2 loops=6926)
                                            Index Cond: (movie_id = t.id)
                          ->  Index Scan using company_name_pkey on company_name cn  (cost=0.00..2.00 rows=84843 width=4) (actual time=0.002..0.002 rows=1 loops=11406)
                                Index Cond: (id = mc.company_id)
                                Filter: ((country_code)::text = '[us]'::text)
                                Rows Removed by Filter: 0
                    ->  Bitmap Heap Scan on cast_info ci  (cost=36.00..72.00 rows=36 width=8) (actual time=0.006..0.027 rows=26 loops=8538)
                          Recheck Cond: (movie_id = t.id)
                          Heap Blocks: exact=215475
                          ->  Bitmap Index Scan on movie_id_cast_info  (cost=0.00..36.00 rows=36 width=0) (actual time=0.003..0.003 rows=26 loops=8538)
                                Index Cond: (movie_id = t.id)
              ->  Index Only Scan using name_pkey on name n  (cost=0.00..2.00 rows=4167491 width=4) (actual time=0.002..0.002 rows=1 loops=221609)
                    Index Cond: (id = ci.person_id)
                    Heap Fetches: 221609
        ->  Bitmap Heap Scan on aka_name an  (cost=2.00..4.00 rows=2 width=20) (actual time=0.003..0.003 rows=1 loops=221609)
              Recheck Cond: (person_id = n.id)
              Heap Blocks: exact=202911
              ->  Bitmap Index Scan on person_id_aka_name  (cost=0.00..2.00 rows=2 width=0) (actual time=0.002..0.002 rows=1 loops=221609)
                    Index Cond: (person_id = n.id)
Planning time: 4.245 ms
Execution time: 1920.141 ms
