Aggregate  (cost=245102.40..245103.40 rows=1 width=64) (actual time=2041.103..2041.104 rows=1 loops=1)
  ->  Nested Loop  (cost=350.00..245102.40 rows=398 width=33) (actual time=4.605..1955.374 rows=319932 loops=1)
        ->  Nested Loop  (cost=350.00..245102.40 rows=398 width=41) (actual time=4.595..1276.881 rows=319932 loops=1)
              ->  Nested Loop  (cost=348.00..242654.40 rows=408 width=21) (actual time=4.584..477.120 rows=221609 loops=1)
                    ->  Nested Loop  (cost=312.00..238982.40 rows=34 width=29) (actual time=4.572..196.979 rows=8538 loops=1)
                          ->  Nested Loop  (cost=312.00..238981.09 rows=55636 width=33) (actual time=4.412..167.889 rows=11406 loops=1)
                                ->  Nested Loop  (cost=307.00..135091.09 rows=6926 width=25) (actual time=4.373..138.465 rows=6926 loops=1)
                                      ->  Nested Loop  (cost=307.00..135091.00 rows=41840 width=4) (actual time=4.364..38.518 rows=41840 loops=1)
                                            ->  Seq Scan on keyword k  (cost=0.00..134170.00 rows=1 width=4) (actual time=0.399..8.238 rows=1 loops=1)
                                                  Filter: (keyword = 'character-name-in-title'::text)
                                                  Rows Removed by Filter: 134169
                                            ->  Bitmap Heap Scan on movie_keyword mk  (cost=307.00..614.00 rows=307 width=8) (actual time=3.964..23.418 rows=41840 loops=1)
                                                  Recheck Cond: (keyword_id = k.id)
                                                  Heap Blocks: exact=11541
                                                  ->  Bitmap Index Scan on keyword_id_movie_keyword  (cost=0.00..307.00 rows=307 width=0) (actual time=2.483..2.483 rows=41840 loops=1)
                                                        Index Cond: (keyword_id = k.id)
                                      ->  Index Scan using title_pkey on title t  (cost=0.00..2.00 rows=946906 width=21) (actual time=0.002..0.002 rows=0 loops=41840)
                                            Index Cond: (id = mk.movie_id)
                                            Filter: (episode_nr < 100)
                                            Rows Removed by Filter: 1
                                ->  Bitmap Heap Scan on movie_companies mc  (cost=5.00..10.00 rows=5 width=8) (actual time=0.003..0.003 rows=2 loops=6926)
                                      Recheck Cond: (movie_id = t.id)
                                      Heap Blocks: exact=7786
                                      ->  Bitmap Index Scan on movie_id_movie_companies  (cost=0.00..5.00 rows=5 width=0) (actual time=0.002..0.002 rows=2 loops=6926)
                                            Index Cond: (movie_id = t.id)
                          ->  Index Scan using company_name_pkey on company_name cn  (cost=0.00..2.00 rows=84843 width=4) (actual time=0.002..0.002 rows=1 loops=11406)
                                Index Cond: (id = mc.company_id)
                                Filter: ((country_code)::text = '[us]'::text)
                                Rows Removed by Filter: 0
                    ->  Bitmap Heap Scan on cast_info ci  (cost=36.00..72.00 rows=36 width=8) (actual time=0.006..0.027 rows=26 loops=8538)
                          Recheck Cond: (movie_id = t.id)
                          Heap Blocks: exact=215475
                          ->  Bitmap Index Scan on movie_id_cast_info  (cost=0.00..36.00 rows=36 width=0) (actual time=0.003..0.003 rows=26 loops=8538)
                                Index Cond: (movie_id = t.id)
              ->  Bitmap Heap Scan on aka_name an  (cost=2.00..4.00 rows=2 width=20) (actual time=0.003..0.003 rows=1 loops=221609)
                    Recheck Cond: (person_id = ci.person_id)
                    Heap Blocks: exact=202911
                    ->  Bitmap Index Scan on person_id_aka_name  (cost=0.00..2.00 rows=2 width=0) (actual time=0.002..0.002 rows=1 loops=221609)
                          Index Cond: (person_id = ci.person_id)
        ->  Index Only Scan using name_pkey on name n  (cost=0.00..2.00 rows=4167491 width=4) (actual time=0.002..0.002 rows=1 loops=319932)
              Index Cond: (id = an.person_id)
              Heap Fetches: 319932
Planning time: 4.127 ms
Execution time: 2041.179 ms
