Aggregate  (cost=1486269.92..1486270.92 rows=1 width=64) (actual time=2702.444..2702.444 rows=1 loops=1)
  ->  Nested Loop  (cost=350.00..1486269.92 rows=522 width=33) (actual time=6.210..2612.091 rows=319932 loops=1)
        ->  Nested Loop  (cost=350.00..1486269.92 rows=522 width=41) (actual time=6.197..1932.122 rows=319932 loops=1)
              ->  Nested Loop  (cost=348.00..1470921.92 rows=2558 width=21) (actual time=6.183..1124.609 rows=221609 loops=1)
                    ->  Nested Loop  (cost=348.00..1470829.09 rows=2920113 width=25) (actual time=4.487..549.306 rows=329808 loops=1)
                          ->  Nested Loop  (cost=312.00..238981.09 rows=11406 width=33) (actual time=4.469..167.086 rows=11406 loops=1)
                                ->  Nested Loop  (cost=307.00..135091.09 rows=6926 width=25) (actual time=4.427..137.442 rows=6926 loops=1)
                                      ->  Nested Loop  (cost=307.00..135091.00 rows=41840 width=4) (actual time=4.417..38.645 rows=41840 loops=1)
                                            ->  Seq Scan on keyword k  (cost=0.00..134170.00 rows=1 width=4) (actual time=0.398..8.981 rows=1 loops=1)
                                                  Filter: (keyword = 'character-name-in-title'::text)
                                                  Rows Removed by Filter: 134169
                                            ->  Bitmap Heap Scan on movie_keyword mk  (cost=307.00..614.00 rows=307 width=8) (actual time=4.016..22.939 rows=41840 loops=1)
                                                  Recheck Cond: (keyword_id = k.id)
                                                  Heap Blocks: exact=11541
                                                  ->  Bitmap Index Scan on keyword_id_movie_keyword  (cost=0.00..307.00 rows=307 width=0) (actual time=2.503..2.503 rows=41840 loops=1)
                                                        Index Cond: (keyword_id = k.id)
                                      ->  Index Scan using title_pkey on title t  (cost=0.00..2.00 rows=946906 width=21) (actual time=0.002..0.002 rows=0 loops=41840)
                                            Index Cond: (id = mk.movie_id)
                                            Filter: (episode_nr < 100)
                                            Rows Removed by Filter: 1
                                ->  Bitmap Heap Scan on movie_companies mc  (cost=5.00..10.00 rows=5 width=8) (actual time=0.003..0.003 rows=2 loops=6926)
                                      Recheck Cond: (movie_id = t.id)
                                      Heap Blocks: exact=7786
                                      ->  Bitmap Index Scan on movie_id_movie_companies  (cost=0.00..5.00 rows=5 width=0) (actual time=0.002..0.002 rows=2 loops=6926)
                                            Index Cond: (movie_id = t.id)
                          ->  Bitmap Heap Scan on cast_info ci  (cost=36.00..72.00 rows=36 width=8) (actual time=0.006..0.027 rows=29 loops=11406)
                                Recheck Cond: (movie_id = t.id)
                                Heap Blocks: exact=320435
                                ->  Bitmap Index Scan on movie_id_cast_info  (cost=0.00..36.00 rows=36 width=0) (actual time=0.003..0.003 rows=29 loops=11406)
                                      Index Cond: (movie_id = t.id)
                    ->  Index Scan using company_name_pkey on company_name cn  (cost=0.00..2.00 rows=84843 width=4) (actual time=0.001..0.001 rows=1 loops=329808)
                          Index Cond: (id = mc.company_id)
                          Filter: ((country_code)::text = '[us]'::text)
                          Rows Removed by Filter: 0
              ->  Bitmap Heap Scan on aka_name an  (cost=2.00..4.00 rows=2 width=20) (actual time=0.003..0.003 rows=1 loops=221609)
                    Recheck Cond: (person_id = ci.person_id)
                    Heap Blocks: exact=202911
                    ->  Bitmap Index Scan on person_id_aka_name  (cost=0.00..2.00 rows=2 width=0) (actual time=0.002..0.002 rows=1 loops=221609)
                          Index Cond: (person_id = ci.person_id)
        ->  Index Only Scan using name_pkey on name n  (cost=0.00..2.00 rows=4167491 width=4) (actual time=0.002..0.002 rows=1 loops=319932)
              Index Cond: (id = an.person_id)
              Heap Fetches: 319932
Planning time: 4.183 ms
Execution time: 2702.516 ms
