Aggregate  (cost=141384.00..141385.00 rows=1 width=64) (actual time=1607.115..1607.115 rows=1 loops=1)
  ->  Nested Loop  (cost=0.00..141384.00 rows=1009 width=33) (actual time=0.596..1519.843 rows=319932 loops=1)
        ->  Nested Loop  (cost=0.00..138822.00 rows=427 width=25) (actual time=0.591..929.243 rows=221609 loops=1)
              ->  Nested Loop  (cost=0.00..137968.00 rows=427 width=21) (actual time=0.585..376.736 rows=221609 loops=1)
                    ->  Nested Loop  (cost=0.00..135484.00 rows=23 width=29) (actual time=0.578..179.914 rows=8538 loops=1)
                          ->  Nested Loop  (cost=0.00..135354.00 rows=65 width=33) (actual time=0.432..152.725 rows=11406 loops=1)
                                ->  Nested Loop  (cost=0.00..135159.00 rows=13 width=25) (actual time=0.411..131.468 rows=6926 loops=1)
                                      ->  Nested Loop  (cost=0.00..135091.00 rows=34 width=4) (actual time=0.405..33.718 rows=41840 loops=1)
                                            ->  Seq Scan on keyword k  (cost=0.00..134170.00 rows=1 width=4) (actual time=0.391..9.106 rows=1 loops=1)
                                                  Filter: (keyword = 'character-name-in-title'::text)
                                                  Rows Removed by Filter: 134169
                                            ->  Index Scan using keyword_id_movie_keyword on movie_keyword mk  (cost=0.00..614.00 rows=307 width=8) (actual time=0.012..18.276 rows=41840 loops=1)
                                                  Index Cond: (keyword_id = k.id)
                                      ->  Index Scan using title_pkey on title t  (cost=0.00..2.00 rows=1 width=21) (actual time=0.002..0.002 rows=0 loops=41840)
                                            Index Cond: (id = mk.movie_id)
                                            Filter: (episode_nr < 100)
                                            Rows Removed by Filter: 1
                                ->  Index Scan using movie_id_movie_companies on movie_companies mc  (cost=0.00..10.00 rows=5 width=8) (actual time=0.002..0.002 rows=2 loops=6926)
                                      Index Cond: (movie_id = t.id)
                          ->  Index Scan using company_name_pkey on company_name cn  (cost=0.00..2.00 rows=1 width=4) (actual time=0.002..0.002 rows=1 loops=11406)
                                Index Cond: (id = mc.company_id)
                                Filter: ((country_code)::text = '[us]'::text)
                                Rows Removed by Filter: 0
                    ->  Index Scan using movie_id_cast_info on cast_info ci  (cost=0.00..72.00 rows=36 width=8) (actual time=0.003..0.018 rows=26 loops=8538)
                          Index Cond: (movie_id = t.id)
              ->  Index Only Scan using name_pkey on name n  (cost=0.00..2.00 rows=1 width=4) (actual time=0.002..0.002 rows=1 loops=221609)
                    Index Cond: (id = ci.person_id)
                    Heap Fetches: 221609
        ->  Index Scan using person_id_aka_name on aka_name an  (cost=0.00..4.00 rows=2 width=20) (actual time=0.002..0.002 rows=1 loops=221609)
              Index Cond: (person_id = n.id)
Planning time: 3.985 ms
Execution time: 1607.180 ms
