Aggregate  (cost=138958.00..138959.00 rows=1 width=64) (actual time=1479.011..1479.011 rows=1 loops=1)
  ->  Nested Loop  (cost=350.00..138958.00 rows=747 width=33) (actual time=4.594..1412.800 rows=249455 loops=1)
        ->  Nested Loop  (cost=348.00..137062.00 rows=316 width=25) (actual time=4.582..811.124 rows=169273 loops=1)
              ->  Nested Loop  (cost=348.00..137062.00 rows=316 width=21) (actual time=4.573..388.717 rows=169273 loops=1)
                    ->  Nested Loop  (cost=312.00..135226.00 rows=17 width=29) (actual time=4.562..178.643 rows=6766 loops=1)
                          ->  Nested Loop  (cost=312.00..135226.00 rows=48 width=33) (actual time=4.430..156.885 rows=8661 loops=1)
                                ->  Nested Loop  (cost=307.00..135091.00 rows=9 width=25) (actual time=4.391..133.954 rows=5385 loops=1)
                                      ->  Nested Loop  (cost=307.00..135091.00 rows=34 width=4) (actual time=4.383..37.412 rows=41840 loops=1)
                                            ->  Seq Scan on keyword k  (cost=0.00..134170.00 rows=1 width=4) (actual time=0.403..8.407 rows=1 loops=1)
                                                  Filter: (keyword = 'character-name-in-title'::text)
                                                  Rows Removed by Filter: 134169
                                            ->  Bitmap Heap Scan on movie_keyword mk  (cost=307.00..614.00 rows=307 width=8) (actual time=3.977..22.646 rows=41840 loops=1)
                                                  Recheck Cond: (keyword_id = k.id)
                                                  Heap Blocks: exact=11541
                                                  ->  Bitmap Index Scan on keyword_id_movie_keyword  (cost=0.00..307.00 rows=307 width=0) (actual time=2.500..2.500 rows=41840 loops=1)
                                                        Index Cond: (keyword_id = k.id)
                                      ->  Index Scan using title_pkey on title t  (cost=0.00..2.00 rows=692556 width=21) (actual time=0.002..0.002 rows=0 loops=41840)
                                            Index Cond: (id = mk.movie_id)
                                            Filter: ((episode_nr >= 5) AND (episode_nr < 100))
                                            Rows Removed by Filter: 1
                                ->  Bitmap Heap Scan on movie_companies mc  (cost=5.00..10.00 rows=5 width=8) (actual time=0.003..0.003 rows=2 loops=5385)
                                      Recheck Cond: (movie_id = t.id)
                                      Heap Blocks: exact=6132
                                      ->  Bitmap Index Scan on movie_id_movie_companies  (cost=0.00..5.00 rows=5 width=0) (actual time=0.002..0.002 rows=2 loops=5385)
                                            Index Cond: (movie_id = t.id)
                          ->  Index Scan using company_name_pkey on company_name cn  (cost=0.00..2.00 rows=84843 width=4) (actual time=0.002..0.002 rows=1 loops=8661)
                                Index Cond: (id = mc.company_id)
                                Filter: ((country_code)::text = '[us]'::text)
                                Rows Removed by Filter: 0
                    ->  Bitmap Heap Scan on cast_info ci  (cost=36.00..72.00 rows=36 width=8) (actual time=0.006..0.026 rows=25 loops=6766)
                          Recheck Cond: (movie_id = t.id)
                          Heap Blocks: exact=164595
                          ->  Bitmap Index Scan on movie_id_cast_info  (cost=0.00..36.00 rows=36 width=0) (actual time=0.003..0.003 rows=25 loops=6766)
                                Index Cond: (movie_id = t.id)
              ->  Index Only Scan using name_pkey on name n  (cost=0.00..2.00 rows=4167491 width=4) (actual time=0.002..0.002 rows=1 loops=169273)
                    Index Cond: (id = ci.person_id)
                    Heap Fetches: 169273
        ->  Bitmap Heap Scan on aka_name an  (cost=2.00..4.00 rows=2 width=20) (actual time=0.002..0.003 rows=1 loops=169273)
              Recheck Cond: (person_id = n.id)
              Heap Blocks: exact=158160
              ->  Bitmap Index Scan on person_id_aka_name  (cost=0.00..2.00 rows=2 width=0) (actual time=0.002..0.002 rows=1 loops=169273)
                    Index Cond: (person_id = n.id)
Planning time: 4.172 ms
Execution time: 1479.080 ms
