Aggregate  (cost=220361.08..220362.08 rows=1 width=64) (actual time=1601.954..1601.955 rows=1 loops=1)
  ->  Nested Loop  (cost=350.00..220361.08 rows=291 width=33) (actual time=4.750..1534.864 rows=249455 loops=1)
        ->  Nested Loop  (cost=350.00..220361.08 rows=291 width=41) (actual time=4.738..1007.282 rows=249455 loops=1)
              ->  Nested Loop  (cost=348.00..218567.08 rows=299 width=21) (actual time=4.726..393.677 rows=169273 loops=1)
                    ->  Nested Loop  (cost=312.00..215867.08 rows=25 width=29) (actual time=4.711..180.067 rows=6766 loops=1)
                          ->  Nested Loop  (cost=312.00..215866.12 rows=40691 width=33) (actual time=4.581..158.210 rows=8661 loops=1)
                                ->  Nested Loop  (cost=307.00..135091.12 rows=5385 width=25) (actual time=4.549..135.272 rows=5385 loops=1)
                                      ->  Nested Loop  (cost=307.00..135091.00 rows=41840 width=4) (actual time=4.536..37.694 rows=41840 loops=1)
                                            ->  Seq Scan on keyword k  (cost=0.00..134170.00 rows=1 width=4) (actual time=0.405..8.212 rows=1 loops=1)
                                                  Filter: (keyword = 'character-name-in-title'::text)
                                                  Rows Removed by Filter: 134169
                                            ->  Bitmap Heap Scan on movie_keyword mk  (cost=307.00..614.00 rows=307 width=8) (actual time=4.129..23.054 rows=41840 loops=1)
                                                  Recheck Cond: (keyword_id = k.id)
                                                  Heap Blocks: exact=11541
                                                  ->  Bitmap Index Scan on keyword_id_movie_keyword  (cost=0.00..307.00 rows=307 width=0) (actual time=2.534..2.534 rows=41840 loops=1)
                                                        Index Cond: (keyword_id = k.id)
                                      ->  Index Scan using title_pkey on title t  (cost=0.00..2.00 rows=692556 width=21) (actual time=0.002..0.002 rows=0 loops=41840)
                                            Index Cond: (id = mk.movie_id)
                                            Filter: ((episode_nr >= 5) AND (episode_nr < 100))
                                            Rows Removed by Filter: 1
                                ->  Bitmap Heap Scan on movie_companies mc  (cost=5.00..10.00 rows=5 width=8) (actual time=0.003..0.003 rows=2 loops=5385)
                                      Recheck Cond: (movie_id = t.id)
                                      Heap Blocks: exact=6132
                                      ->  Bitmap Index Scan on movie_id_movie_companies  (cost=0.00..5.00 rows=5 width=0) (actual time=0.002..0.002 rows=2 loops=5385)
                                            Index Cond: (movie_id = t.id)
                          ->  Index Scan using company_name_pkey on company_name cn  (cost=0.00..2.00 rows=84843 width=4) (actual time=0.002..0.002 rows=1 loops=8661)
                                Index Cond: (id = mc.company_id)
                                Filter: ((country_code)::text = '[us]'::text)
                                Rows Removed by Filter: 0
                    ->  Bitmap Heap Scan on cast_info ci  (cost=36.00..72.00 rows=36 width=8) (actual time=0.006..0.026 rows=25 loops=6766)
                          Recheck Cond: (movie_id = t.id)
                          Heap Blocks: exact=164595
                          ->  Bitmap Index Scan on movie_id_cast_info  (cost=0.00..36.00 rows=36 width=0) (actual time=0.003..0.003 rows=25 loops=6766)
                                Index Cond: (movie_id = t.id)
              ->  Bitmap Heap Scan on aka_name an  (cost=2.00..4.00 rows=2 width=20) (actual time=0.003..0.003 rows=1 loops=169273)
                    Recheck Cond: (person_id = ci.person_id)
                    Heap Blocks: exact=158160
                    ->  Bitmap Index Scan on person_id_aka_name  (cost=0.00..2.00 rows=2 width=0) (actual time=0.002..0.002 rows=1 loops=169273)
                          Index Cond: (person_id = ci.person_id)
        ->  Index Only Scan using name_pkey on name n  (cost=0.00..2.00 rows=4167491 width=4) (actual time=0.002..0.002 rows=1 loops=249455)
              Index Cond: (id = an.person_id)
              Heap Fetches: 249455
Planning time: 4.253 ms
Execution time: 1602.043 ms
