Aggregate  (cost=139714.00..139715.00 rows=1 width=64) (actual time=1243.908..1243.908 rows=1 loops=1)
  ->  Nested Loop  (cost=0.00..139714.00 rows=736 width=33) (actual time=0.584..1176.260 rows=249455 loops=1)
        ->  Nested Loop  (cost=0.00..137848.00 rows=311 width=25) (actual time=0.578..729.227 rows=169273 loops=1)
              ->  Nested Loop  (cost=0.00..137226.00 rows=311 width=21) (actual time=0.573..316.202 rows=169273 loops=1)
                    ->  Nested Loop  (cost=0.00..135390.00 rows=17 width=29) (actual time=0.565..166.059 rows=6766 loops=1)
                          ->  Nested Loop  (cost=0.00..135294.00 rows=48 width=33) (actual time=0.442..145.581 rows=8661 loops=1)
                                ->  Nested Loop  (cost=0.00..135159.00 rows=9 width=25) (actual time=0.419..129.091 rows=5385 loops=1)
                                      ->  Nested Loop  (cost=0.00..135091.00 rows=34 width=4) (actual time=0.414..32.667 rows=41840 loops=1)
                                            ->  Seq Scan on keyword k  (cost=0.00..134170.00 rows=1 width=4) (actual time=0.401..8.380 rows=1 loops=1)
                                                  Filter: (keyword = 'character-name-in-title'::text)
                                                  Rows Removed by Filter: 134169
                                            ->  Index Scan using keyword_id_movie_keyword on movie_keyword mk  (cost=0.00..614.00 rows=307 width=8) (actual time=0.012..17.926 rows=41840 loops=1)
                                                  Index Cond: (keyword_id = k.id)
                                      ->  Index Scan using title_pkey on title t  (cost=0.00..2.00 rows=1 width=21) (actual time=0.002..0.002 rows=0 loops=41840)
                                            Index Cond: (id = mk.movie_id)
                                            Filter: ((episode_nr >= 5) AND (episode_nr < 100))
                                            Rows Removed by Filter: 1
                                ->  Index Scan using movie_id_movie_companies on movie_companies mc  (cost=0.00..10.00 rows=5 width=8) (actual time=0.002..0.002 rows=2 loops=5385)
                                      Index Cond: (movie_id = t.id)
                          ->  Index Scan using company_name_pkey on company_name cn  (cost=0.00..2.00 rows=1 width=4) (actual time=0.002..0.002 rows=1 loops=8661)
                                Index Cond: (id = mc.company_id)
                                Filter: ((country_code)::text = '[us]'::text)
                                Rows Removed by Filter: 0
                    ->  Index Scan using movie_id_cast_info on cast_info ci  (cost=0.00..72.00 rows=36 width=8) (actual time=0.003..0.017 rows=25 loops=6766)
                          Index Cond: (movie_id = t.id)
              ->  Index Only Scan using name_pkey on name n  (cost=0.00..2.00 rows=1 width=4) (actual time=0.002..0.002 rows=1 loops=169273)
                    Index Cond: (id = ci.person_id)
                    Heap Fetches: 169273
        ->  Index Scan using person_id_aka_name on aka_name an  (cost=0.00..4.00 rows=2 width=20) (actual time=0.002..0.002 rows=1 loops=169273)
              Index Cond: (person_id = n.id)
Planning time: 3.976 ms
Execution time: 1243.972 ms
