Aggregate  (cost=772524.51..772525.51 rows=1 width=64) (actual time=11779.155..11779.155 rows=1 loops=1)
  ->  Nested Loop  (cost=348.00..772524.51 rows=90 width=15) (actual time=4.615..11718.019 rows=258289 loops=1)
        ->  Nested Loop  (cost=348.00..772524.51 rows=90 width=27) (actual time=4.606..11209.553 rows=258289 loops=1)
              ->  Nested Loop  (cost=348.00..772524.50 rows=1090 width=16) (actual time=4.586..3973.205 rows=2832555 loops=1)
                    ->  Nested Loop  (cost=312.00..762696.50 rows=91 width=8) (actual time=4.432..703.507 rows=68316 loops=1)
                          ->  Nested Loop  (cost=312.00..762691.00 rows=148552 width=12) (actual time=4.412..278.664 rows=148552 loops=1)
                                ->  Nested Loop  (cost=307.00..135091.00 rows=41840 width=4) (actual time=4.396..44.481 rows=41840 loops=1)
                                      ->  Seq Scan on keyword k  (cost=0.00..134170.00 rows=1 width=4) (actual time=0.404..8.341 rows=1 loops=1)
                                            Filter: (keyword = 'character-name-in-title'::text)
                                            Rows Removed by Filter: 134169
                                      ->  Bitmap Heap Scan on movie_keyword mk  (cost=307.00..614.00 rows=307 width=8) (actual time=3.990..27.515 rows=41840 loops=1)
                                            Recheck Cond: (keyword_id = k.id)
                                            Heap Blocks: exact=11541
                                            ->  Bitmap Index Scan on keyword_id_movie_keyword  (cost=0.00..307.00 rows=307 width=0) (actual time=2.528..2.528 rows=41840 loops=1)
                                                  Index Cond: (keyword_id = k.id)
                                ->  Bitmap Heap Scan on movie_companies mc  (cost=5.00..10.00 rows=5 width=8) (actual time=0.003..0.004 rows=4 loops=41840)
                                      Recheck Cond: (movie_id = mk.movie_id)
                                      Heap Blocks: exact=62781
                                      ->  Bitmap Index Scan on movie_id_movie_companies  (cost=0.00..5.00 rows=5 width=0) (actual time=0.002..0.002 rows=4 loops=41840)
                                            Index Cond: (movie_id = mk.movie_id)
                          ->  Index Scan using company_name_pkey on company_name cn  (cost=0.00..2.00 rows=84843 width=4) (actual time=0.003..0.003 rows=0 loops=148552)
                                Index Cond: (id = mc.company_id)
                                Filter: ((country_code)::text = '[us]'::text)
                                Rows Removed by Filter: 1
                    ->  Bitmap Heap Scan on cast_info ci  (cost=36.00..72.00 rows=36 width=8) (actual time=0.008..0.039 rows=41 loops=68316)
                          Recheck Cond: (movie_id = mk.movie_id)
                          Heap Blocks: exact=2743332
                          ->  Bitmap Index Scan on movie_id_cast_info  (cost=0.00..36.00 rows=36 width=0) (actual time=0.004..0.004 rows=41 loops=68316)
                                Index Cond: (movie_id = mk.movie_id)
              ->  Index Scan using name_pkey on name n  (cost=0.00..2.00 rows=343399 width=19) (actual time=0.002..0.002 rows=0 loops=2832555)
                    Index Cond: (id = ci.person_id)
                    Filter: (name ~~ 'B%'::text)
                    Rows Removed by Filter: 1
        ->  Index Only Scan using title_pkey on title t  (cost=0.00..2.00 rows=2528312 width=4) (actual time=0.002..0.002 rows=1 loops=258289)
              Index Cond: (id = ci.movie_id)
              Heap Fetches: 258289
Planning time: 2.455 ms
Execution time: 11779.215 ms
