Aggregate  (cost=6053564.65..6053565.65 rows=1 width=64) (actual time=7463.908..7463.908 rows=1 loops=1)
  ->  Nested Loop  (cost=348.00..6053564.65 rows=258289 width=15) (actual time=5.937..7405.186 rows=258289 loops=1)
        ->  Nested Loop  (cost=348.00..6053542.08 rows=702849 width=19) (actual time=5.480..6017.413 rows=702849 loops=1)
              ->  Nested Loop  (cost=343.00..4653817.08 rows=93315 width=27) (actual time=4.414..5426.659 rows=93315 loops=1)
                    ->  Nested Loop  (cost=343.00..4653811.03 rows=1038393 width=16) (actual time=4.406..1830.984 rows=1038393 loops=1)
                          ->  Nested Loop  (cost=307.00..135091.03 rows=41840 width=8) (actual time=4.381..168.833 rows=41840 loops=1)
                                ->  Nested Loop  (cost=307.00..135091.00 rows=41840 width=4) (actual time=4.372..44.249 rows=41840 loops=1)
                                      ->  Seq Scan on keyword k  (cost=0.00..134170.00 rows=1 width=4) (actual time=0.401..8.260 rows=1 loops=1)
                                            Filter: (keyword = 'character-name-in-title'::text)
                                            Rows Removed by Filter: 134169
                                      ->  Bitmap Heap Scan on movie_keyword mk  (cost=307.00..614.00 rows=307 width=8) (actual time=3.969..27.426 rows=41840 loops=1)
                                            Recheck Cond: (keyword_id = k.id)
                                            Heap Blocks: exact=11541
                                            ->  Bitmap Index Scan on keyword_id_movie_keyword  (cost=0.00..307.00 rows=307 width=0) (actual time=2.481..2.481 rows=41840 loops=1)
                                                  Index Cond: (keyword_id = k.id)
                                ->  Index Only Scan using title_pkey on title t  (cost=0.00..2.00 rows=2528312 width=4) (actual time=0.003..0.003 rows=1 loops=41840)
                                      Index Cond: (id = mk.movie_id)
                                      Heap Fetches: 41840
                          ->  Bitmap Heap Scan on cast_info ci  (cost=36.00..72.00 rows=36 width=8) (actual time=0.007..0.034 rows=25 loops=41840)
                                Recheck Cond: (movie_id = t.id)
                                Heap Blocks: exact=1006094
                                ->  Bitmap Index Scan on movie_id_cast_info  (cost=0.00..36.00 rows=36 width=0) (actual time=0.004..0.004 rows=25 loops=41840)
                                      Index Cond: (movie_id = t.id)
                    ->  Index Scan using name_pkey on name n  (cost=0.00..2.00 rows=343399 width=19) (actual time=0.003..0.003 rows=0 loops=1038393)
                          Index Cond: (id = ci.person_id)
                          Filter: (name ~~ 'B%'::text)
                          Rows Removed by Filter: 1
              ->  Bitmap Heap Scan on movie_companies mc  (cost=5.00..10.00 rows=5 width=8) (actual time=0.003..0.004 rows=8 loops=93315)
                    Recheck Cond: (movie_id = ci.movie_id)
                    Heap Blocks: exact=166193
                    ->  Bitmap Index Scan on movie_id_movie_companies  (cost=0.00..5.00 rows=5 width=0) (actual time=0.002..0.002 rows=8 loops=93315)
                          Index Cond: (movie_id = ci.movie_id)
        ->  Index Scan using company_name_pkey on company_name cn  (cost=0.00..2.00 rows=84843 width=4) (actual time=0.002..0.002 rows=0 loops=702849)
              Index Cond: (id = mc.company_id)
              Filter: ((country_code)::text = '[us]'::text)
              Rows Removed by Filter: 1
Planning time: 2.530 ms
Execution time: 7463.972 ms
