Aggregate  (cost=141230.01..141231.01 rows=1 width=64) (actual time=4750.398..4750.399 rows=1 loops=1)
  ->  Nested Loop  (cost=0.00..141230.01 rows=1 width=15) (actual time=2.373..4738.232 rows=52306 loops=1)
        ->  Nested Loop  (cost=0.00..141228.01 rows=1 width=27) (actual time=2.366..4641.115 rows=52306 loops=1)
              ->  Nested Loop  (cost=0.00..141226.01 rows=1 width=31) (actual time=2.342..4511.977 rows=52306 loops=1)
                    ->  Nested Loop  (cost=0.00..141211.01 rows=1 width=23) (actual time=2.335..4466.830 rows=6642 loops=1)
                          ->  Nested Loop  (cost=0.00..138763.00 rows=1224 width=12) (actual time=0.415..1269.895 rows=1038393 loops=1)
                                ->  Nested Loop  (cost=0.00..135091.00 rows=34 width=4) (actual time=0.407..36.624 rows=41840 loops=1)
                                      ->  Seq Scan on keyword k  (cost=0.00..134170.00 rows=1 width=4) (actual time=0.394..8.305 rows=1 loops=1)
                                            Filter: (keyword = 'character-name-in-title'::text)
                                            Rows Removed by Filter: 134169
                                      ->  Index Scan using keyword_id_movie_keyword on movie_keyword mk  (cost=0.00..614.00 rows=307 width=8) (actual time=0.012..20.572 rows=41840 loops=1)
                                            Index Cond: (keyword_id = k.id)
                                ->  Index Scan using movie_id_cast_info on cast_info ci  (cost=0.00..72.00 rows=36 width=8) (actual time=0.003..0.024 rows=25 loops=41840)
                                      Index Cond: (movie_id = mk.movie_id)
                          ->  Index Scan using name_pkey on name n  (cost=0.00..2.00 rows=1 width=19) (actual time=0.003..0.003 rows=0 loops=1038393)
                                Index Cond: (id = ci.person_id)
                                Filter: (name ~~ 'Z%'::text)
                                Rows Removed by Filter: 1
                    ->  Index Scan using movie_id_movie_companies on movie_companies mc  (cost=0.00..10.00 rows=5 width=8) (actual time=0.003..0.005 rows=8 loops=6642)
                          Index Cond: (movie_id = ci.movie_id)
              ->  Index Only Scan using company_name_pkey on company_name cn  (cost=0.00..2.00 rows=1 width=4) (actual time=0.002..0.002 rows=1 loops=52306)
                    Index Cond: (id = mc.company_id)
                    Heap Fetches: 52306
        ->  Index Only Scan using title_pkey on title t  (cost=0.00..2.00 rows=1 width=4) (actual time=0.001..0.001 rows=1 loops=52306)
              Index Cond: (id = ci.movie_id)
              Heap Fetches: 52306
Planning time: 2.277 ms
Execution time: 4750.453 ms
