Aggregate  (cost=138778.92..138779.92 rows=1 width=64) (actual time=4827.212..4827.212 rows=1 loops=1)
  ->  Nested Loop  (cost=348.00..138778.92 rows=2 width=15) (actual time=42.714..4826.611 rows=1918 loops=1)
        ->  Nested Loop  (cost=348.00..138778.92 rows=2 width=27) (actual time=42.706..4822.456 rows=1918 loops=1)
              ->  Nested Loop  (cost=348.00..138778.92 rows=2 width=31) (actual time=42.698..4815.947 rows=1918 loops=1)
                    ->  Nested Loop  (cost=343.00..138763.92 rows=1 width=23) (actual time=42.691..4813.047 rows=250 loops=1)
                          ->  Nested Loop  (cost=343.00..138763.00 rows=1224 width=12) (actual time=4.326..1584.109 rows=1038393 loops=1)
                                ->  Nested Loop  (cost=307.00..135091.00 rows=34 width=4) (actual time=4.313..42.581 rows=41840 loops=1)
                                      ->  Seq Scan on keyword k  (cost=0.00..134170.00 rows=1 width=4) (actual time=0.388..8.379 rows=1 loops=1)
                                            Filter: (keyword = 'character-name-in-title'::text)
                                            Rows Removed by Filter: 134169
                                      ->  Bitmap Heap Scan on movie_keyword mk  (cost=307.00..614.00 rows=307 width=8) (actual time=3.923..26.255 rows=41840 loops=1)
                                            Recheck Cond: (keyword_id = k.id)
                                            Heap Blocks: exact=11541
                                            ->  Bitmap Index Scan on keyword_id_movie_keyword  (cost=0.00..307.00 rows=307 width=0) (actual time=2.501..2.501 rows=41840 loops=1)
                                                  Index Cond: (keyword_id = k.id)
                                ->  Bitmap Heap Scan on cast_info ci  (cost=36.00..72.00 rows=36 width=8) (actual time=0.007..0.032 rows=25 loops=41840)
                                      Recheck Cond: (movie_id = mk.movie_id)
                                      Heap Blocks: exact=1006094
                                      ->  Bitmap Index Scan on movie_id_cast_info  (cost=0.00..36.00 rows=36 width=0) (actual time=0.004..0.004 rows=25 loops=41840)
                                            Index Cond: (movie_id = mk.movie_id)
                          ->  Index Scan using name_pkey on name n  (cost=0.00..2.00 rows=2664 width=19) (actual time=0.003..0.003 rows=0 loops=1038393)
                                Index Cond: (id = ci.person_id)
                                Filter: (name ~~ 'X%'::text)
                                Rows Removed by Filter: 1
                    ->  Bitmap Heap Scan on movie_companies mc  (cost=5.00..10.00 rows=5 width=8) (actual time=0.007..0.008 rows=8 loops=250)
                          Recheck Cond: (movie_id = ci.movie_id)
                          Heap Blocks: exact=426
                          ->  Bitmap Index Scan on movie_id_movie_companies  (cost=0.00..5.00 rows=5 width=0) (actual time=0.005..0.005 rows=8 loops=250)
                                Index Cond: (movie_id = ci.movie_id)
              ->  Index Only Scan using company_name_pkey on company_name cn  (cost=0.00..2.00 rows=234997 width=4) (actual time=0.003..0.003 rows=1 loops=1918)
                    Index Cond: (id = mc.company_id)
                    Heap Fetches: 1918
        ->  Index Only Scan using title_pkey on title t  (cost=0.00..2.00 rows=2528312 width=4) (actual time=0.002..0.002 rows=1 loops=1918)
              Index Cond: (id = ci.movie_id)
              Heap Fetches: 1918
Planning time: 2.506 ms
Execution time: 4827.277 ms
