Aggregate  (cost=790776.30..790777.30 rows=1 width=64) (actual time=25566.730..25566.730 rows=1 loops=1)
  ->  Nested Loop  (cost=348.00..790776.30 rows=2 width=15) (actual time=77.338..25565.719 rows=1918 loops=1)
        ->  Nested Loop  (cost=348.00..790776.30 rows=2 width=27) (actual time=77.328..25559.884 rows=1918 loops=1)
              ->  Nested Loop  (cost=348.00..790774.26 rows=2710 width=16) (actual time=4.480..8337.633 rows=7796926 loops=1)
                    ->  Nested Loop  (cost=312.00..762694.26 rows=260 width=8) (actual time=4.397..712.568 rows=148552 loops=1)
                          ->  Nested Loop  (cost=312.00..762691.00 rows=148552 width=12) (actual time=4.390..285.489 rows=148552 loops=1)
                                ->  Nested Loop  (cost=307.00..135091.00 rows=41840 width=4) (actual time=4.375..44.439 rows=41840 loops=1)
                                      ->  Seq Scan on keyword k  (cost=0.00..134170.00 rows=1 width=4) (actual time=0.398..8.376 rows=1 loops=1)
                                            Filter: (keyword = 'character-name-in-title'::text)
                                            Rows Removed by Filter: 134169
                                      ->  Bitmap Heap Scan on movie_keyword mk  (cost=307.00..614.00 rows=307 width=8) (actual time=3.975..27.414 rows=41840 loops=1)
                                            Recheck Cond: (keyword_id = k.id)
                                            Heap Blocks: exact=11541
                                            ->  Bitmap Index Scan on keyword_id_movie_keyword  (cost=0.00..307.00 rows=307 width=0) (actual time=2.517..2.517 rows=41840 loops=1)
                                                  Index Cond: (keyword_id = k.id)
                                ->  Bitmap Heap Scan on movie_companies mc  (cost=5.00..10.00 rows=5 width=8) (actual time=0.003..0.004 rows=4 loops=41840)
                                      Recheck Cond: (movie_id = mk.movie_id)
                                      Heap Blocks: exact=62781
                                      ->  Bitmap Index Scan on movie_id_movie_companies  (cost=0.00..5.00 rows=5 width=0) (actual time=0.002..0.002 rows=4 loops=41840)
                                            Index Cond: (movie_id = mk.movie_id)
                          ->  Index Only Scan using company_name_pkey on company_name cn  (cost=0.00..2.00 rows=234997 width=4) (actual time=0.002..0.002 rows=1 loops=148552)
                                Index Cond: (id = mc.company_id)
                                Heap Fetches: 148552
                    ->  Bitmap Heap Scan on cast_info ci  (cost=36.00..72.00 rows=36 width=8) (actual time=0.008..0.041 rows=52 loops=148552)
                          Recheck Cond: (movie_id = mk.movie_id)
                          Heap Blocks: exact=7561137
                          ->  Bitmap Index Scan on movie_id_cast_info  (cost=0.00..36.00 rows=36 width=0) (actual time=0.004..0.004 rows=52 loops=148552)
                                Index Cond: (movie_id = mk.movie_id)
              ->  Index Scan using name_pkey on name n  (cost=0.00..2.00 rows=2664 width=19) (actual time=0.002..0.002 rows=0 loops=7796926)
                    Index Cond: (id = ci.person_id)
                    Filter: (name ~~ 'X%'::text)
                    Rows Removed by Filter: 1
        ->  Index Only Scan using title_pkey on title t  (cost=0.00..2.00 rows=2528312 width=4) (actual time=0.002..0.002 rows=1 loops=1918)
              Index Cond: (id = ci.movie_id)
              Heap Fetches: 1918
Planning time: 2.482 ms
Execution time: 25566.787 ms
