Aggregate  (cost=138793.47..138794.47 rows=1 width=32) (actual time=5055.641..5055.642 rows=1 loops=1)
  ->  Nested Loop  (cost=348.00..138793.47 rows=4 width=15) (actual time=31.009..5052.870 rows=11538 loops=1)
        ->  Nested Loop  (cost=348.00..138793.47 rows=4 width=27) (actual time=31.001..5027.818 rows=11538 loops=1)
              ->  Nested Loop  (cost=348.00..138793.47 rows=4 width=31) (actual time=30.994..4991.668 rows=11538 loops=1)
                    ->  Nested Loop  (cost=343.00..138763.47 rows=2 width=23) (actual time=30.983..4974.041 rows=1972 loops=1)
                          ->  Nested Loop  (cost=343.00..138763.00 rows=1224 width=12) (actual time=4.384..1609.389 rows=1038393 loops=1)
                                ->  Nested Loop  (cost=307.00..135091.00 rows=34 width=4) (actual time=4.369..43.073 rows=41840 loops=1)
                                      ->  Seq Scan on keyword k  (cost=0.00..134170.00 rows=1 width=4) (actual time=0.400..8.253 rows=1 loops=1)
                                            Filter: (keyword = 'character-name-in-title'::text)
                                            Rows Removed by Filter: 134169
                                      ->  Bitmap Heap Scan on movie_keyword mk  (cost=307.00..614.00 rows=307 width=8) (actual time=3.967..26.710 rows=41840 loops=1)
                                            Recheck Cond: (keyword_id = k.id)
                                            Heap Blocks: exact=11541
                                            ->  Bitmap Index Scan on keyword_id_movie_keyword  (cost=0.00..307.00 rows=307 width=0) (actual time=2.507..2.507 rows=41840 loops=1)
                                                  Index Cond: (keyword_id = k.id)
                                ->  Bitmap Heap Scan on cast_info ci  (cost=36.00..72.00 rows=36 width=8) (actual time=0.007..0.032 rows=25 loops=41840)
                                      Recheck Cond: (movie_id = mk.movie_id)
                                      Heap Blocks: exact=1006094
                                      ->  Bitmap Index Scan on movie_id_cast_info  (cost=0.00..36.00 rows=36 width=0) (actual time=0.004..0.004 rows=25 loops=41840)
                                            Index Cond: (movie_id = mk.movie_id)
                          ->  Index Scan using name_pkey on name n  (cost=0.00..2.00 rows=5216 width=19) (actual time=0.003..0.003 rows=0 loops=1038393)
                                Index Cond: (id = ci.person_id)
                                Filter: (name ~~ '%Bert%'::text)
                                Rows Removed by Filter: 1
                    ->  Bitmap Heap Scan on movie_companies mc  (cost=5.00..10.00 rows=5 width=8) (actual time=0.005..0.007 rows=6 loops=1972)
                          Recheck Cond: (movie_id = ci.movie_id)
                          Heap Blocks: exact=3419
                          ->  Bitmap Index Scan on movie_id_movie_companies  (cost=0.00..5.00 rows=5 width=0) (actual time=0.003..0.003 rows=6 loops=1972)
                                Index Cond: (movie_id = ci.movie_id)
              ->  Index Only Scan using company_name_pkey on company_name cn  (cost=0.00..2.00 rows=234997 width=4) (actual time=0.003..0.003 rows=1 loops=11538)
                    Index Cond: (id = mc.company_id)
                    Heap Fetches: 11538
        ->  Index Only Scan using title_pkey on title t  (cost=0.00..2.00 rows=2528312 width=4) (actual time=0.002..0.002 rows=1 loops=11538)
              Index Cond: (id = ci.movie_id)
              Heap Fetches: 11538
Planning time: 2.444 ms
Execution time: 5055.699 ms
