Aggregate  (cost=4683789.26..4683790.26 rows=1 width=32) (actual time=4996.096..4996.096 rows=1 loops=1)
  ->  Nested Loop  (cost=348.00..4683789.26 rows=11538 width=15) (actual time=30.828..4993.312 rows=11538 loops=1)
        ->  Nested Loop  (cost=348.00..4683789.16 rows=11538 width=19) (actual time=30.820..4959.125 rows=11538 loops=1)
              ->  Nested Loop  (cost=343.00..4654209.16 rows=1972 width=27) (actual time=30.809..4941.998 rows=1972 loops=1)
                    ->  Nested Loop  (cost=343.00..4654209.16 rows=1972 width=23) (actual time=30.799..4933.154 rows=1972 loops=1)
                          ->  Nested Loop  (cost=343.00..4653811.00 rows=1038393 width=12) (actual time=4.405..1613.532 rows=1038393 loops=1)
                                ->  Nested Loop  (cost=307.00..135091.00 rows=41840 width=4) (actual time=4.388..43.085 rows=41840 loops=1)
                                      ->  Seq Scan on keyword k  (cost=0.00..134170.00 rows=1 width=4) (actual time=0.395..8.340 rows=1 loops=1)
                                            Filter: (keyword = 'character-name-in-title'::text)
                                            Rows Removed by Filter: 134169
                                      ->  Bitmap Heap Scan on movie_keyword mk  (cost=307.00..614.00 rows=307 width=8) (actual time=3.992..26.649 rows=41840 loops=1)
                                            Recheck Cond: (keyword_id = k.id)
                                            Heap Blocks: exact=11541
                                            ->  Bitmap Index Scan on keyword_id_movie_keyword  (cost=0.00..307.00 rows=307 width=0) (actual time=2.509..2.509 rows=41840 loops=1)
                                                  Index Cond: (keyword_id = k.id)
                                ->  Bitmap Heap Scan on cast_info ci  (cost=36.00..72.00 rows=36 width=8) (actual time=0.007..0.032 rows=25 loops=41840)
                                      Recheck Cond: (movie_id = mk.movie_id)
                                      Heap Blocks: exact=1006094
                                      ->  Bitmap Index Scan on movie_id_cast_info  (cost=0.00..36.00 rows=36 width=0) (actual time=0.004..0.004 rows=25 loops=41840)
                                            Index Cond: (movie_id = mk.movie_id)
                          ->  Index Scan using name_pkey on name n  (cost=0.00..2.00 rows=5216 width=19) (actual time=0.003..0.003 rows=0 loops=1038393)
                                Index Cond: (id = ci.person_id)
                                Filter: (name ~~ '%Bert%'::text)
                                Rows Removed by Filter: 1
                    ->  Index Only Scan using title_pkey on title t  (cost=0.00..2.00 rows=2528312 width=4) (actual time=0.004..0.004 rows=1 loops=1972)
                          Index Cond: (id = ci.movie_id)
                          Heap Fetches: 1972
              ->  Bitmap Heap Scan on movie_companies mc  (cost=5.00..10.00 rows=5 width=8) (actual time=0.005..0.007 rows=6 loops=1972)
                    Recheck Cond: (movie_id = ci.movie_id)
                    Heap Blocks: exact=3419
                    ->  Bitmap Index Scan on movie_id_movie_companies  (cost=0.00..5.00 rows=5 width=0) (actual time=0.003..0.003 rows=6 loops=1972)
                          Index Cond: (movie_id = ci.movie_id)
        ->  Index Only Scan using company_name_pkey on company_name cn  (cost=0.00..2.00 rows=234997 width=4) (actual time=0.003..0.003 rows=1 loops=11538)
              Index Cond: (id = mc.company_id)
              Heap Fetches: 11538
Planning time: 2.531 ms
Execution time: 4996.157 ms
