Aggregate  (cost=772524.50..772525.50 rows=1 width=32) (actual time=11513.109..11513.110 rows=1 loops=1)
  ->  Nested Loop  (cost=348.00..772524.50 rows=1090 width=15) (actual time=4.604..11030.967 rows=2832555 loops=1)
        ->  Nested Loop  (cost=348.00..772524.50 rows=1090 width=4) (actual time=4.598..3978.817 rows=2832555 loops=1)
              ->  Nested Loop  (cost=312.00..762696.50 rows=91 width=12) (actual time=4.437..856.138 rows=68316 loops=1)
                    ->  Nested Loop  (cost=312.00..762696.50 rows=91 width=8) (actual time=4.430..685.315 rows=68316 loops=1)
                          ->  Nested Loop  (cost=312.00..762691.00 rows=148552 width=12) (actual time=4.413..273.530 rows=148552 loops=1)
                                ->  Nested Loop  (cost=307.00..135091.00 rows=41840 width=4) (actual time=4.399..44.422 rows=41840 loops=1)
                                      ->  Seq Scan on keyword k  (cost=0.00..134170.00 rows=1 width=4) (actual time=0.391..8.936 rows=1 loops=1)
                                            Filter: (keyword = 'character-name-in-title'::text)
                                            Rows Removed by Filter: 134169
                                      ->  Bitmap Heap Scan on movie_keyword mk  (cost=307.00..614.00 rows=307 width=8) (actual time=4.006..26.991 rows=41840 loops=1)
                                            Recheck Cond: (keyword_id = k.id)
                                            Heap Blocks: exact=11541
                                            ->  Bitmap Index Scan on keyword_id_movie_keyword  (cost=0.00..307.00 rows=307 width=0) (actual time=2.559..2.559 rows=41840 loops=1)
                                                  Index Cond: (keyword_id = k.id)
                                ->  Bitmap Heap Scan on movie_companies mc  (cost=5.00..10.00 rows=5 width=8) (actual time=0.003..0.004 rows=4 loops=41840)
                                      Recheck Cond: (movie_id = mk.movie_id)
                                      Heap Blocks: exact=62781
                                      ->  Bitmap Index Scan on movie_id_movie_companies  (cost=0.00..5.00 rows=5 width=0) (actual time=0.002..0.002 rows=4 loops=41840)
                                            Index Cond: (movie_id = mk.movie_id)
                          ->  Index Scan using company_name_pkey on company_name cn  (cost=0.00..2.00 rows=84843 width=4) (actual time=0.002..0.002 rows=0 loops=148552)
                                Index Cond: (id = mc.company_id)
                                Filter: ((country_code)::text = '[us]'::text)
                                Rows Removed by Filter: 1
                    ->  Index Only Scan using title_pkey on title t  (cost=0.00..2.00 rows=2528312 width=4) (actual time=0.002..0.002 rows=1 loops=68316)
                          Index Cond: (id = mk.movie_id)
                          Heap Fetches: 68316
              ->  Bitmap Heap Scan on cast_info ci  (cost=36.00..72.00 rows=36 width=8) (actual time=0.008..0.038 rows=41 loops=68316)
                    Recheck Cond: (movie_id = t.id)
                    Heap Blocks: exact=2743332
                    ->  Bitmap Index Scan on movie_id_cast_info  (cost=0.00..36.00 rows=36 width=0) (actual time=0.004..0.004 rows=41 loops=68316)
                          Index Cond: (movie_id = t.id)
        ->  Index Scan using name_pkey on name n  (cost=0.00..2.00 rows=4167491 width=19) (actual time=0.002..0.002 rows=1 loops=2832555)
              Index Cond: (id = ci.person_id)
Planning time: 2.505 ms
Execution time: 11513.171 ms
