Aggregate  (cost=145121.00..145122.00 rows=1 width=32) (actual time=10589.834..10589.834 rows=1 loops=1)
  ->  Nested Loop  (cost=0.00..145121.00 rows=1148 width=15) (actual time=0.637..10100.503 rows=2832555 loops=1)
        ->  Nested Loop  (cost=0.00..142825.00 rows=1148 width=4) (actual time=0.632..3018.249 rows=2832555 loops=1)
              ->  Nested Loop  (cost=0.00..136021.00 rows=63 width=12) (actual time=0.445..726.267 rows=68316 loops=1)
                    ->  Nested Loop  (cost=0.00..135669.00 rows=176 width=16) (actual time=0.430..332.889 rows=148552 loops=1)
                          ->  Nested Loop  (cost=0.00..135159.00 rows=34 width=8) (actual time=0.416..157.428 rows=41840 loops=1)
                                ->  Nested Loop  (cost=0.00..135091.00 rows=34 width=4) (actual time=0.411..37.476 rows=41840 loops=1)
                                      ->  Seq Scan on keyword k  (cost=0.00..134170.00 rows=1 width=4) (actual time=0.400..8.356 rows=1 loops=1)
                                            Filter: (keyword = 'character-name-in-title'::text)
                                            Rows Removed by Filter: 134169
                                      ->  Index Scan using keyword_id_movie_keyword on movie_keyword mk  (cost=0.00..614.00 rows=307 width=8) (actual time=0.011..21.192 rows=41840 loops=1)
                                            Index Cond: (keyword_id = k.id)
                                ->  Index Only Scan using title_pkey on title t  (cost=0.00..2.00 rows=1 width=4) (actual time=0.002..0.002 rows=1 loops=41840)
                                      Index Cond: (id = mk.movie_id)
                                      Heap Fetches: 41840
                          ->  Index Scan using movie_id_movie_companies on movie_companies mc  (cost=0.00..10.00 rows=5 width=8) (actual time=0.002..0.003 rows=4 loops=41840)
                                Index Cond: (movie_id = t.id)
                    ->  Index Scan using company_name_pkey on company_name cn  (cost=0.00..2.00 rows=1 width=4) (actual time=0.002..0.002 rows=0 loops=148552)
                          Index Cond: (id = mc.company_id)
                          Filter: ((country_code)::text = '[us]'::text)
                          Rows Removed by Filter: 1
              ->  Index Scan using movie_id_cast_info on cast_info ci  (cost=0.00..72.00 rows=36 width=8) (actual time=0.003..0.026 rows=41 loops=68316)
                    Index Cond: (movie_id = t.id)
        ->  Index Scan using name_pkey on name n  (cost=0.00..2.00 rows=1 width=19) (actual time=0.002..0.002 rows=1 loops=2832555)
              Index Cond: (id = ci.person_id)
Planning time: 2.285 ms
Execution time: 10589.883 ms
