Aggregate  (cost=7736896.42..7736897.42 rows=1 width=32) (actual time=16361.116..16361.116 rows=1 loops=1)
  ->  Nested Loop  (cost=7263024.42..7736896.42 rows=6830 width=15) (actual time=9648.089..15946.371 rows=2832555 loops=1)
        ->  Merge Join  (cost=7263024.42..7736896.42 rows=6830 width=4) (actual time=9648.069..10681.343 rows=2832555 loops=1)
              Merge Cond: (ci.movie_id = t.id)
              ->  Sort  (cost=4653811.00..4653811.00 rows=1038393 width=12) (actual time=1763.561..1871.662 rows=1038381 loops=1)
                    Sort Key: ci.movie_id
                    Sort Method: quicksort  Memory: 73251kB
                    ->  Nested Loop  (cost=343.00..4653811.00 rows=1038393 width=12) (actual time=4.458..1541.088 rows=1038393 loops=1)
                          ->  Nested Loop  (cost=307.00..135091.00 rows=41840 width=4) (actual time=4.441..42.634 rows=41840 loops=1)
                                ->  Seq Scan on keyword k  (cost=0.00..134170.00 rows=1 width=4) (actual time=0.393..8.289 rows=1 loops=1)
                                      Filter: (keyword = 'character-name-in-title'::text)
                                      Rows Removed by Filter: 134169
                                ->  Bitmap Heap Scan on movie_keyword mk  (cost=307.00..614.00 rows=307 width=8) (actual time=4.046..26.314 rows=41840 loops=1)
                                      Recheck Cond: (keyword_id = k.id)
                                      Heap Blocks: exact=11541
                                      ->  Bitmap Index Scan on keyword_id_movie_keyword  (cost=0.00..307.00 rows=307 width=0) (actual time=2.545..2.545 rows=41840 loops=1)
                                            Index Cond: (keyword_id = k.id)
                          ->  Bitmap Heap Scan on cast_info ci  (cost=36.00..72.00 rows=36 width=8) (actual time=0.007..0.030 rows=25 loops=41840)
                                Recheck Cond: (movie_id = mk.movie_id)
                                Heap Blocks: exact=1006094
                                ->  Bitmap Index Scan on movie_id_cast_info  (cost=0.00..36.00 rows=36 width=0) (actual time=0.003..0.003 rows=25 loops=41840)
                                      Index Cond: (movie_id = mk.movie_id)
              ->  Sort  (cost=2609213.42..2609213.42 rows=1153798 width=8) (actual time=7884.351..8147.996 rows=3918908 loops=1)
                    Sort Key: mc.movie_id
                    Sort Method: quicksort  Memory: 103237kB
                    ->  Nested Loop  (cost=0.00..2609213.42 rows=1153798 width=8) (actual time=0.033..7567.702 rows=1153798 loops=1)
                          ->  Nested Loop  (cost=0.00..2609212.50 rows=1153798 width=4) (actual time=0.022..5319.724 rows=1153798 loops=1)
                                ->  Seq Scan on movie_companies mc  (cost=0.00..2609129.00 rows=2609129 width=8) (actual time=0.008..297.726 rows=2609129 loops=1)
                                ->  Index Scan using company_name_pkey on company_name cn  (cost=0.00..2.00 rows=84843 width=4) (actual time=0.002..0.002 rows=0 loops=2609129)
                                      Index Cond: (id = mc.company_id)
                                      Filter: ((country_code)::text = '[us]'::text)
                                      Rows Removed by Filter: 1
                          ->  Index Only Scan using title_pkey on title t  (cost=0.00..2.00 rows=2528312 width=4) (actual time=0.002..0.002 rows=1 loops=1153798)
                                Index Cond: (id = mc.movie_id)
                                Heap Fetches: 1153798
        ->  Index Scan using name_pkey on name n  (cost=0.00..2.00 rows=4167491 width=19) (actual time=0.002..0.002 rows=1 loops=2832555)
              Index Cond: (id = ci.person_id)
Planning time: 2.522 ms
Execution time: 16363.665 ms
