Aggregate  (cost=142405.00..142406.00 rows=1 width=32) (actual time=11493.384..11493.384 rows=1 loops=1)
  ->  Nested Loop  (cost=348.00..142405.00 rows=1154 width=15) (actual time=4.485..11007.108 rows=2832555 loops=1)
        ->  Nested Loop  (cost=348.00..142405.00 rows=1154 width=4) (actual time=4.480..3932.712 rows=2832555 loops=1)
              ->  Nested Loop  (cost=312.00..135601.00 rows=63 width=12) (actual time=4.317..808.593 rows=68316 loops=1)
                    ->  Nested Loop  (cost=312.00..135601.00 rows=176 width=16) (actual time=4.298..400.228 rows=148552 loops=1)
                          ->  Nested Loop  (cost=307.00..135091.00 rows=34 width=8) (actual time=4.281..167.727 rows=41840 loops=1)
                                ->  Nested Loop  (cost=307.00..135091.00 rows=34 width=4) (actual time=4.274..43.652 rows=41840 loops=1)
                                      ->  Seq Scan on keyword k  (cost=0.00..134170.00 rows=1 width=4) (actual time=0.395..8.209 rows=1 loops=1)
                                            Filter: (keyword = 'character-name-in-title'::text)
                                            Rows Removed by Filter: 134169
                                      ->  Bitmap Heap Scan on movie_keyword mk  (cost=307.00..614.00 rows=307 width=8) (actual time=3.878..26.919 rows=41840 loops=1)
                                            Recheck Cond: (keyword_id = k.id)
                                            Heap Blocks: exact=11541
                                            ->  Bitmap Index Scan on keyword_id_movie_keyword  (cost=0.00..307.00 rows=307 width=0) (actual time=2.497..2.497 rows=41840 loops=1)
                                                  Index Cond: (keyword_id = k.id)
                                ->  Index Only Scan using title_pkey on title t  (cost=0.00..2.00 rows=2528312 width=4) (actual time=0.002..0.002 rows=1 loops=41840)
                                      Index Cond: (id = mk.movie_id)
                                      Heap Fetches: 41840
                          ->  Bitmap Heap Scan on movie_companies mc  (cost=5.00..10.00 rows=5 width=8) (actual time=0.003..0.004 rows=4 loops=41840)
                                Recheck Cond: (movie_id = t.id)
                                Heap Blocks: exact=62781
                                ->  Bitmap Index Scan on movie_id_movie_companies  (cost=0.00..5.00 rows=5 width=0) (actual time=0.002..0.002 rows=4 loops=41840)
                                      Index Cond: (movie_id = t.id)
                    ->  Index Scan using company_name_pkey on company_name cn  (cost=0.00..2.00 rows=84843 width=4) (actual time=0.002..0.002 rows=0 loops=148552)
                          Index Cond: (id = mc.company_id)
                          Filter: ((country_code)::text = '[us]'::text)
                          Rows Removed by Filter: 1
              ->  Bitmap Heap Scan on cast_info ci  (cost=36.00..72.00 rows=36 width=8) (actual time=0.008..0.038 rows=41 loops=68316)
                    Recheck Cond: (movie_id = t.id)
                    Heap Blocks: exact=2743332
                    ->  Bitmap Index Scan on movie_id_cast_info  (cost=0.00..36.00 rows=36 width=0) (actual time=0.004..0.004 rows=41 loops=68316)
                          Index Cond: (movie_id = t.id)
        ->  Index Scan using name_pkey on name n  (cost=0.00..2.00 rows=4167491 width=19) (actual time=0.002..0.002 rows=1 loops=2832555)
              Index Cond: (id = ci.person_id)
Planning time: 2.510 ms
Execution time: 11493.444 ms
