Aggregate  (cost=6896244.38..6896245.38 rows=1 width=32) (actual time=8774.597..8774.597 rows=1 loops=1)
  ->  Nested Loop  (cost=348.00..6896244.38 rows=1113120 width=15) (actual time=4.861..8579.419 rows=1113120 loops=1)
        ->  Nested Loop  (cost=348.00..6896224.90 rows=1113120 width=19) (actual time=4.855..6528.907 rows=1113120 loops=1)
              ->  Nested Loop  (cost=343.00..4653814.90 rows=149494 width=27) (actual time=4.449..5577.682 rows=149494 loops=1)
                    ->  Nested Loop  (cost=343.00..4653811.03 rows=1038393 width=16) (actual time=4.443..1871.894 rows=1038393 loops=1)
                          ->  Nested Loop  (cost=307.00..135091.03 rows=41840 width=8) (actual time=4.430..175.383 rows=41840 loops=1)
                                ->  Nested Loop  (cost=307.00..135091.00 rows=41840 width=4) (actual time=4.423..46.737 rows=41840 loops=1)
                                      ->  Seq Scan on keyword k  (cost=0.00..134170.00 rows=1 width=4) (actual time=0.391..8.881 rows=1 loops=1)
                                            Filter: (keyword = 'character-name-in-title'::text)
                                            Rows Removed by Filter: 134169
                                      ->  Bitmap Heap Scan on movie_keyword mk  (cost=307.00..614.00 rows=307 width=8) (actual time=4.030..29.241 rows=41840 loops=1)
                                            Recheck Cond: (keyword_id = k.id)
                                            Heap Blocks: exact=11541
                                            ->  Bitmap Index Scan on keyword_id_movie_keyword  (cost=0.00..307.00 rows=307 width=0) (actual time=2.477..2.477 rows=41840 loops=1)
                                                  Index Cond: (keyword_id = k.id)
                                ->  Index Only Scan using title_pkey on title t  (cost=0.00..2.00 rows=2528312 width=4) (actual time=0.003..0.003 rows=1 loops=41840)
                                      Index Cond: (id = mk.movie_id)
                                      Heap Fetches: 41840
                          ->  Bitmap Heap Scan on cast_info ci  (cost=36.00..72.00 rows=36 width=8) (actual time=0.007..0.034 rows=25 loops=41840)
                                Recheck Cond: (movie_id = t.id)
                                Heap Blocks: exact=1006094
                                ->  Bitmap Index Scan on movie_id_cast_info  (cost=0.00..36.00 rows=36 width=0) (actual time=0.004..0.004 rows=25 loops=41840)
                                      Index Cond: (movie_id = t.id)
                    ->  Index Scan using name_pkey on name n  (cost=0.00..2.00 rows=536716 width=19) (actual time=0.003..0.003 rows=0 loops=1038393)
                          Index Cond: (id = ci.person_id)
                          Filter: (name ~~ '%B%'::text)
                          Rows Removed by Filter: 1
              ->  Bitmap Heap Scan on movie_companies mc  (cost=5.00..10.00 rows=5 width=8) (actual time=0.003..0.004 rows=7 loops=149494)
                    Recheck Cond: (movie_id = ci.movie_id)
                    Heap Blocks: exact=266329
                    ->  Bitmap Index Scan on movie_id_movie_companies  (cost=0.00..5.00 rows=5 width=0) (actual time=0.002..0.002 rows=7 loops=149494)
                          Index Cond: (movie_id = ci.movie_id)
        ->  Index Only Scan using company_name_pkey on company_name cn  (cost=0.00..2.00 rows=234997 width=4) (actual time=0.001..0.001 rows=1 loops=1113120)
              Index Cond: (id = mc.company_id)
              Heap Fetches: 1113120
Planning time: 2.517 ms
Execution time: 8774.661 ms
