Aggregate  (cost=1965325.01..1965326.01 rows=1 width=96) (actual time=2476.077..2476.077 rows=1 loops=1)
  ->  Nested Loop  (cost=1047353.00..1965325.01 rows=1 width=65) (actual time=299.236..2475.556 rows=410 loops=1)
        ->  Nested Loop  (cost=1047353.00..1965323.01 rows=1 width=60) (actual time=299.225..2473.063 rows=410 loops=1)
              ->  Nested Loop  (cost=1047353.00..1948471.00 rows=8426 width=64) (actual time=226.602..2077.518 rows=107339 loops=1)
                    ->  Hash Join  (cost=1047353.00..1695909.00 rows=3413 width=56) (actual time=226.556..331.593 rows=45431 loops=1)
                          Hash Cond: (mi.movie_id = mi_idx.movie_id)
                          ->  Nested Loop  (cost=0.00..645143.00 rows=131290 width=46) (actual time=0.024..52.224 rows=121863 loops=1)
                                ->  Seq Scan on info_type it1  (cost=0.00..113.00 rows=1 width=4) (actual time=0.013..0.016 rows=1 loops=1)
                                      Filter: ((info)::text = 'budget'::text)
                                      Rows Removed by Filter: 112
                                ->  Index Scan using info_type_id_movie_info on movie_info mi  (cost=0.00..430020.00 rows=215010 width=50) (actual time=0.010..29.959 rows=121863 loops=1)
                                      Index Cond: (info_type_id = it1.id)
                          ->  Hash  (cost=1035140.00..1035140.00 rows=12213 width=10) (actual time=226.507..226.507 rows=459925 loops=1)
                                Buckets: 524288 (originally 16384)  Batches: 1 (originally 1)  Memory Usage: 22143kB
                                ->  Nested Loop  (cost=0.00..1035140.00 rows=12213 width=10) (actual time=0.016..155.526 rows=459925 loops=1)
                                      ->  Seq Scan on info_type it2  (cost=0.00..113.00 rows=1 width=4) (actual time=0.007..0.011 rows=1 loops=1)
                                            Filter: ((info)::text = 'votes'::text)
                                            Rows Removed by Filter: 112
                                      ->  Index Scan using info_type_id_movie_info_idx on movie_info_idx mi_idx  (cost=0.00..690018.00 rows=345009 width=14) (actual time=0.008..78.109 rows=459925 loops=1)
                                            Index Cond: (info_type_id = it2.id)
                    ->  Index Scan using movie_id_cast_info on cast_info ci  (cost=0.00..72.00 rows=2 width=8) (actual time=0.023..0.038 rows=2 loops=45431)
                          Index Cond: (movie_id = mi.movie_id)
                          Filter: (note = ANY ('{(producer),"(executive producer)"}'::text[]))
                          Rows Removed by Filter: 38
              ->  Index Scan using name_pkey on name n  (cost=0.00..2.00 rows=1 width=4) (actual time=0.003..0.003 rows=0 loops=107339)
                    Index Cond: (id = ci.person_id)
                    Filter: ((name ~~ '%Tim%'::text) AND ((gender)::text = 'm'::text))
                    Rows Removed by Filter: 1
        ->  Index Scan using title_pkey on title t  (cost=0.00..2.00 rows=1 width=21) (actual time=0.005..0.005 rows=1 loops=410)
              Index Cond: (id = mi.movie_id)
Planning time: 2.342 ms
Execution time: 2476.204 ms
