Aggregate  (cost=433618.00..433619.00 rows=1 width=96) (actual time=509.829..509.829 rows=1 loops=1)
  ->  Nested Loop  (cost=0.00..433618.00 rows=1 width=65) (actual time=53.149..509.808 rows=11 loops=1)
        ->  Nested Loop  (cost=0.00..433616.00 rows=1 width=69) (actual time=10.066..508.533 rows=268 loops=1)
              ->  Nested Loop  (cost=0.00..433543.00 rows=1 width=77) (actual time=1.692..495.461 rows=358 loops=1)
                    ->  Nested Loop  (cost=0.00..433499.00 rows=21 width=81) (actual time=0.178..493.963 rows=1347 loops=1)
                          ->  Nested Loop  (cost=0.00..432239.00 rows=180 width=67) (actual time=0.087..430.047 rows=34901 loops=1)
                                ->  Nested Loop  (cost=0.00..431081.00 rows=579 width=46) (actual time=0.028..277.816 rows=72258 loops=1)
                                      ->  Seq Scan on info_type it1  (cost=0.00..113.00 rows=1 width=4) (actual time=0.006..0.013 rows=1 loops=1)
                                            Filter: ((info)::text = 'genres'::text)
                                            Rows Removed by Filter: 112
                                      ->  Index Scan using info_type_id_movie_info on movie_info mi  (cost=0.00..430020.00 rows=948 width=50) (actual time=0.021..267.979 rows=72258 loops=1)
                                            Index Cond: (info_type_id = it1.id)
                                            Filter: ((info = ANY ('{Horror,Thriller}'::text[])) AND (note IS NULL))
                                            Rows Removed by Filter: 1461651
                                ->  Index Scan using title_pkey on title t  (cost=0.00..2.00 rows=1 width=21) (actual time=0.002..0.002 rows=0 loops=72258)
                                      Index Cond: (id = mi.movie_id)
                                      Filter: ((production_year >= 2008) AND (production_year <= 2014))
                                      Rows Removed by Filter: 1
                          ->  Index Scan using movie_id_movie_info_idx on movie_info_idx mi_idx  (cost=0.00..6.00 rows=1 width=14) (actual time=0.002..0.002 rows=0 loops=34901)
                                Index Cond: (movie_id = t.id)
                                Filter: (info > '8.0'::text)
                                Rows Removed by Filter: 1
                    ->  Index Scan using info_type_pkey on info_type it2  (cost=0.00..2.00 rows=1 width=4) (actual time=0.001..0.001 rows=0 loops=1347)
                          Index Cond: (id = mi_idx.info_type_id)
                          Filter: ((info)::text = 'rating'::text)
                          Rows Removed by Filter: 1
              ->  Index Scan using movie_id_cast_info on cast_info ci  (cost=0.00..72.00 rows=1 width=8) (actual time=0.028..0.036 rows=1 loops=358)
                    Index Cond: (movie_id = t.id)
                    Filter: (note = ANY ('{(writer),"(head writer)","(written by)",(story),"(story editor)"}'::text[]))
                    Rows Removed by Filter: 34
        ->  Index Scan using name_pkey on name n  (cost=0.00..2.00 rows=1 width=4) (actual time=0.004..0.004 rows=0 loops=268)
              Index Cond: (id = ci.person_id)
              Filter: ((gender IS NOT NULL) AND ((gender)::text = 'f'::text))
              Rows Removed by Filter: 1
Planning time: 2.090 ms
Execution time: 509.883 ms
