Aggregate  (cost=449913.00..449914.00 rows=1 width=96) (actual time=4245.153..4245.153 rows=1 loops=1)
  ->  Nested Loop  (cost=446809.00..449913.00 rows=21 width=65) (actual time=883.759..4232.478 rows=28073 loops=1)
        ->  Nested Loop  (cost=446809.00..449871.00 rows=21 width=60) (actual time=883.749..4161.689 rows=28073 loops=1)
              ->  Nested Loop  (cost=446809.00..449769.00 rows=51 width=64) (actual time=883.727..3968.644 rows=54155 loops=1)
                    ->  Merge Join  (cost=446809.00..446849.00 rows=40 width=56) (actual time=883.695..929.625 rows=102516 loops=1)
                          Merge Cond: (mi_idx.info_type_id = it2.id)
                          ->  Sort  (cost=446696.00..446696.00 rows=4574 width=60) (actual time=866.172..891.652 rows=205033 loops=1)
                                Sort Key: mi_idx.info_type_id
                                Sort Method: quicksort  Memory: 36334kB
                                ->  Nested Loop  (cost=0.00..446696.00 rows=4574 width=60) (actual time=0.034..786.702 rows=307785 loops=1)
                                      ->  Nested Loop  (cost=0.00..432683.00 rows=1557 width=46) (actual time=0.029..404.732 rows=186594 loops=1)
                                            ->  Seq Scan on info_type it1  (cost=0.00..113.00 rows=1 width=4) (actual time=0.007..0.015 rows=1 loops=1)
                                                  Filter: ((info)::text = 'genres'::text)
                                                  Rows Removed by Filter: 112
                                            ->  Index Scan using info_type_id_movie_info on movie_info mi  (cost=0.00..430020.00 rows=2550 width=50) (actual time=0.021..377.584 rows=186594 loops=1)
                                                  Index Cond: (info_type_id = it1.id)
                                                  Filter: (info = ANY ('{Horror,Action,Sci-Fi,Thriller,Crime,War}'::text[]))
                                                  Rows Removed by Filter: 1347315
                                      ->  Index Scan using movie_id_movie_info_idx on movie_info_idx mi_idx  (cost=0.00..6.00 rows=3 width=14) (actual time=0.001..0.001 rows=2 loops=186594)
                                            Index Cond: (movie_id = mi.movie_id)
                          ->  Sort  (cost=113.00..113.00 rows=1 width=4) (actual time=0.023..0.024 rows=1 loops=1)
                                Sort Key: it2.id
                                Sort Method: quicksort  Memory: 25kB
                                ->  Seq Scan on info_type it2  (cost=0.00..113.00 rows=1 width=4) (actual time=0.013..0.014 rows=1 loops=1)
                                      Filter: ((info)::text = 'votes'::text)
                                      Rows Removed by Filter: 112
                    ->  Index Scan using movie_id_cast_info on cast_info ci  (cost=0.00..72.00 rows=1 width=8) (actual time=0.025..0.029 rows=1 loops=102516)
                          Index Cond: (movie_id = mi.movie_id)
                          Filter: (note = ANY ('{(writer),"(head writer)","(written by)",(story),"(story editor)"}'::text[]))
                          Rows Removed by Filter: 39
              ->  Index Scan using name_pkey on name n  (cost=0.00..2.00 rows=1 width=4) (actual time=0.003..0.003 rows=1 loops=54155)
                    Index Cond: (id = ci.person_id)
                    Filter: ((gender)::text = 'm'::text)
                    Rows Removed by Filter: 0
        ->  Index Scan using title_pkey on title t  (cost=0.00..2.00 rows=1 width=21) (actual time=0.002..0.002 rows=1 loops=28073)
              Index Cond: (id = mi.movie_id)
Planning time: 2.270 ms
Execution time: 4245.224 ms
