Aggregate  (cost=451026.00..451027.00 rows=1 width=96) (actual time=5606.809..5606.809 rows=1 loops=1)
  ->  Nested Loop  (cost=447880.00..451026.00 rows=23 width=65) (actual time=947.360..5593.177 rows=28073 loops=1)
        ->  Nested Loop  (cost=447880.00..451026.00 rows=23 width=60) (actual time=947.349..5518.199 rows=28073 loops=1)
              ->  Nested Loop  (cost=447880.00..451026.00 rows=54 width=64) (actual time=947.328..5313.801 rows=54155 loops=1)
                    ->  Merge Join  (cost=447844.00..447887.00 rows=43 width=56) (actual time=947.289..993.694 rows=102516 loops=1)
                          Merge Cond: (mi_idx.info_type_id = it2.id)
                          ->  Sort  (cost=447731.00..447731.00 rows=4912 width=60) (actual time=930.203..955.595 rows=205033 loops=1)
                                Sort Key: mi_idx.info_type_id
                                Sort Method: quicksort  Memory: 36334kB
                                ->  Nested Loop  (cost=215013.00..447731.00 rows=4912 width=60) (actual time=53.485..849.574 rows=307785 loops=1)
                                      ->  Nested Loop  (cost=215010.00..432683.00 rows=1672 width=46) (actual time=53.463..378.980 rows=186594 loops=1)
                                            ->  Seq Scan on info_type it1  (cost=0.00..113.00 rows=1 width=4) (actual time=0.005..0.014 rows=1 loops=1)
                                                  Filter: ((info)::text = 'genres'::text)
                                                  Rows Removed by Filter: 112
                                            ->  Bitmap Heap Scan on movie_info mi  (cost=215010.00..430020.00 rows=2550 width=50) (actual time=53.456..350.813 rows=186594 loops=1)
                                                  Recheck Cond: (info_type_id = it1.id)
                                                  Filter: (info = ANY ('{Horror,Action,Sci-Fi,Thriller,Crime,War}'::text[]))
                                                  Rows Removed by Filter: 1347315
                                                  Heap Blocks: exact=9770
                                                  ->  Bitmap Index Scan on info_type_id_movie_info  (cost=0.00..215010.00 rows=215010 width=0) (actual time=52.086..52.086 rows=1533909 loops=1)
                                                        Index Cond: (info_type_id = it1.id)
                                      ->  Bitmap Heap Scan on movie_info_idx mi_idx  (cost=3.00..6.00 rows=3 width=14) (actual time=0.002..0.002 rows=2 loops=186594)
                                            Recheck Cond: (movie_id = mi.movie_id)
                                            Heap Blocks: exact=103618
                                            ->  Bitmap Index Scan on movie_id_movie_info_idx  (cost=0.00..3.00 rows=3 width=0) (actual time=0.001..0.001 rows=2 loops=186594)
                                                  Index Cond: (movie_id = mi.movie_id)
                          ->  Sort  (cost=113.00..113.00 rows=1 width=4) (actual time=0.021..0.022 rows=1 loops=1)
                                Sort Key: it2.id
                                Sort Method: quicksort  Memory: 25kB
                                ->  Seq Scan on info_type it2  (cost=0.00..113.00 rows=1 width=4) (actual time=0.011..0.012 rows=1 loops=1)
                                      Filter: ((info)::text = 'votes'::text)
                                      Rows Removed by Filter: 112
                    ->  Bitmap Heap Scan on cast_info ci  (cost=36.00..72.00 rows=1 width=8) (actual time=0.036..0.042 rows=1 loops=102516)
                          Recheck Cond: (movie_id = mi.movie_id)
                          Filter: (note = ANY ('{(writer),"(head writer)","(written by)",(story),"(story editor)"}'::text[]))
                          Rows Removed by Filter: 39
                          Heap Blocks: exact=3901490
                          ->  Bitmap Index Scan on movie_id_cast_info  (cost=0.00..36.00 rows=36 width=0) (actual time=0.004..0.004 rows=39 loops=102516)
                                Index Cond: (movie_id = mi.movie_id)
              ->  Index Scan using name_pkey on name n  (cost=0.00..2.00 rows=1739579 width=4) (actual time=0.003..0.003 rows=1 loops=54155)
                    Index Cond: (id = ci.person_id)
                    Filter: ((gender)::text = 'm'::text)
                    Rows Removed by Filter: 0
        ->  Index Scan using title_pkey on title t  (cost=0.00..2.00 rows=2528312 width=21) (actual time=0.002..0.002 rows=1 loops=28073)
              Index Cond: (id = mi.movie_id)
Planning time: 2.483 ms
Execution time: 5606.888 ms
