Aggregate  (cost=1700618.15..1700619.15 rows=1 width=96) (actual time=5825.439..5825.439 rows=1 loops=1)
  ->  Nested Loop  (cost=1467859.15..1700618.15 rows=1012 width=65) (actual time=1061.599..5811.921 rows=28073 loops=1)
        ->  Nested Loop  (cost=1467859.15..1700618.15 rows=2424 width=69) (actual time=1060.645..5602.140 rows=54155 loops=1)
              ->  Merge Join  (cost=1467823.15..1501766.15 rows=2724 width=77) (actual time=1059.639..1221.781 rows=102516 loops=1)
                    Merge Cond: (mi_idx.movie_id = t.id)
                    ->  Sort  (cost=1035140.00..1035140.00 rows=459925 width=10) (actual time=249.135..288.455 rows=459925 loops=1)
                          Sort Key: mi_idx.movie_id
                          Sort Method: quicksort  Memory: 33847kB
                          ->  Nested Loop  (cost=345009.00..1035140.00 rows=459925 width=10) (actual time=17.109..141.792 rows=459925 loops=1)
                                ->  Seq Scan on info_type it2  (cost=0.00..113.00 rows=1 width=4) (actual time=0.010..0.014 rows=1 loops=1)
                                      Filter: ((info)::text = 'votes'::text)
                                      Rows Removed by Filter: 112
                                ->  Bitmap Heap Scan on movie_info_idx mi_idx  (cost=345009.00..690018.00 rows=345009 width=14) (actual time=17.097..74.099 rows=459925 loops=1)
                                      Recheck Cond: (info_type_id = it2.id)
                                      Heap Blocks: exact=7934
                                      ->  Bitmap Index Scan on info_type_id_movie_info_idx  (cost=0.00..345009.00 rows=345009 width=0) (actual time=15.979..15.979 rows=459925 loops=1)
                                            Index Cond: (info_type_id = it2.id)
                    ->  Sort  (cost=432683.15..432683.15 rows=186594 width=67) (actual time=810.491..833.214 rows=186591 loops=1)
                          Sort Key: mi.movie_id
                          Sort Method: quicksort  Memory: 21538kB
                          ->  Nested Loop  (cost=215010.00..432683.15 rows=186594 width=67) (actual time=50.167..746.848 rows=186594 loops=1)
                                ->  Nested Loop  (cost=215010.00..432683.00 rows=186594 width=46) (actual time=50.154..375.587 rows=186594 loops=1)
                                      ->  Seq Scan on info_type it1  (cost=0.00..113.00 rows=1 width=4) (actual time=0.009..0.018 rows=1 loops=1)
                                            Filter: ((info)::text = 'genres'::text)
                                            Rows Removed by Filter: 112
                                      ->  Bitmap Heap Scan on movie_info mi  (cost=215010.00..430020.00 rows=2550 width=50) (actual time=50.139..347.434 rows=186594 loops=1)
                                            Recheck Cond: (info_type_id = it1.id)
                                            Filter: (info = ANY ('{Horror,Action,Sci-Fi,Thriller,Crime,War}'::text[]))
                                            Rows Removed by Filter: 1347315
                                            Heap Blocks: exact=9770
                                            ->  Bitmap Index Scan on info_type_id_movie_info  (cost=0.00..215010.00 rows=215010 width=0) (actual time=48.897..48.897 rows=1533909 loops=1)
                                                  Index Cond: (info_type_id = it1.id)
                                ->  Index Scan using title_pkey on title t  (cost=0.00..2.00 rows=2528312 width=21) (actual time=0.002..0.002 rows=1 loops=186594)
                                      Index Cond: (id = mi.movie_id)
              ->  Bitmap Heap Scan on cast_info ci  (cost=36.00..72.00 rows=1 width=8) (actual time=0.036..0.042 rows=1 loops=102516)
                    Recheck Cond: (movie_id = t.id)
                    Filter: (note = ANY ('{(writer),"(head writer)","(written by)",(story),"(story editor)"}'::text[]))
                    Rows Removed by Filter: 39
                    Heap Blocks: exact=3901490
                    ->  Bitmap Index Scan on movie_id_cast_info  (cost=0.00..36.00 rows=36 width=0) (actual time=0.004..0.004 rows=39 loops=102516)
                          Index Cond: (movie_id = t.id)
        ->  Index Scan using name_pkey on name n  (cost=0.00..2.00 rows=1739579 width=4) (actual time=0.004..0.004 rows=1 loops=54155)
              Index Cond: (id = ci.person_id)
              Filter: ((gender)::text = 'm'::text)
              Rows Removed by Filter: 0
Planning time: 2.470 ms
Execution time: 5826.433 ms
