Aggregate  (cost=1637588.50..1637589.50 rows=1 width=64) (actual time=8082.455..8082.456 rows=1 loops=1)
  ->  Nested Loop  (cost=215053.00..1637588.50 rows=1 width=32) (actual time=793.765..8082.336 rows=184 loops=1)
        ->  Nested Loop  (cost=215053.00..1637584.50 rows=1 width=36) (actual time=793.758..8082.000 rows=184 loops=1)
              ->  Nested Loop  (cost=215053.00..1637584.50 rows=1 width=40) (actual time=793.746..8081.437 rows=189 loops=1)
                    ->  Nested Loop  (cost=215051.00..1637578.50 rows=1 width=48) (actual time=793.734..8080.589 rows=170 loops=1)
                          ->  Nested Loop  (cost=215051.00..1637578.44 rows=205 width=29) (actual time=100.780..7757.001 rows=130077 loops=1)
                                ->  Nested Loop  (cost=215015.00..1565527.44 rows=987 width=29) (actual time=98.913..2993.461 rows=116277 loops=1)
                                      ->  Nested Loop  (cost=215015.00..1565522.57 rows=121542 width=33) (actual time=98.895..2684.702 rows=124224 loops=1)
                                            ->  Nested Loop  (cost=215010.00..438044.57 rows=102498 width=25) (actual time=98.883..1736.641 rows=298255 loops=1)
                                                  ->  Nested Loop  (cost=215010.00..438043.00 rows=451039 width=4) (actual time=98.871..732.735 rows=451039 loops=1)
                                                        ->  Seq Scan on info_type it  (cost=0.00..113.00 rows=1 width=4) (actual time=0.007..0.015 rows=1 loops=1)
                                                              Filter: ((info)::text = 'release dates'::text)
                                                              Rows Removed by Filter: 112
                                                        ->  Bitmap Heap Scan on movie_info mi  (cost=215010.00..430020.00 rows=7910 width=8) (actual time=98.862..666.700 rows=451039 loops=1)
                                                              Recheck Cond: (info_type_id = it.id)
                                                              Filter: ((info IS NOT NULL) AND ((info ~~ 'Japan:%200%'::text) OR (info ~~ 'USA:%200%'::text)))
                                                              Rows Removed by Filter: 2585680
                                                              Heap Blocks: exact=25448
                                                              ->  Bitmap Index Scan on info_type_id_movie_info  (cost=0.00..215010.00 rows=215010 width=0) (actual time=95.222..95.222 rows=3036719 loops=1)
                                                                    Index Cond: (info_type_id = it.id)
                                                  ->  Index Scan using title_pkey on title t  (cost=0.00..2.00 rows=574556 width=21) (actual time=0.002..0.002 rows=1 loops=451039)
                                                        Index Cond: (id = mi.movie_id)
                                                        Filter: ((production_year >= 2005) AND (production_year <= 2009))
                                                        Rows Removed by Filter: 0
                                            ->  Bitmap Heap Scan on movie_companies mc  (cost=5.00..10.00 rows=1 width=8) (actual time=0.002..0.003 rows=0 loops=298255)
                                                  Recheck Cond: (movie_id = t.id)
                                                  Filter: ((note IS NOT NULL) AND ((note ~~ '%(USA)%'::text) OR (note ~~ '%(worldwide)%'::text)))
                                                  Rows Removed by Filter: 1
                                                  Heap Blocks: exact=226844
                                                  ->  Bitmap Index Scan on movie_id_movie_companies  (cost=0.00..5.00 rows=5 width=0) (actual time=0.001..0.001 rows=2 loops=298255)
                                                        Index Cond: (movie_id = t.id)
                                      ->  Index Scan using company_name_pkey on company_name cn  (cost=0.00..2.00 rows=84843 width=4) (actual time=0.002..0.002 rows=1 loops=124224)
                                            Index Cond: (id = mc.company_id)
                                            Filter: ((country_code)::text = '[us]'::text)
                                            Rows Removed by Filter: 0
                                ->  Bitmap Heap Scan on cast_info ci  (cost=36.00..72.00 rows=1 width=16) (actual time=0.034..0.040 rows=1 loops=116277)
                                      Recheck Cond: (movie_id = t.id)
                                      Filter: (note = ANY ('{(voice),"(voice: Japanese version)","(voice) (uncredited)","(voice: English version)"}'::text[]))
                                      Rows Removed by Filter: 46
                                      Heap Blocks: exact=5257094
                                      ->  Bitmap Index Scan on movie_id_cast_info  (cost=0.00..36.00 rows=36 width=0) (actual time=0.004..0.004 rows=47 loops=116277)
                                            Index Cond: (movie_id = t.id)
                          ->  Index Scan using name_pkey on name n  (cost=0.00..2.00 rows=6768 width=19) (actual time=0.002..0.002 rows=0 loops=130077)
                                Index Cond: (id = ci.person_id)
                                Filter: ((name ~~ '%Ang%'::text) AND ((gender)::text = 'f'::text))
                                Rows Removed by Filter: 1
                    ->  Bitmap Heap Scan on aka_name an  (cost=2.00..4.00 rows=2 width=4) (actual time=0.004..0.004 rows=1 loops=170)
                          Recheck Cond: (person_id = n.id)
                          Heap Blocks: exact=121
                          ->  Bitmap Index Scan on person_id_aka_name  (cost=0.00..2.00 rows=2 width=0) (actual time=0.003..0.003 rows=1 loops=170)
                                Index Cond: (person_id = n.id)
              ->  Index Only Scan using char_name_pkey on char_name chn  (cost=0.00..2.00 rows=3140339 width=4) (actual time=0.002..0.002 rows=1 loops=189)
                    Index Cond: (id = ci.person_role_id)
                    Heap Fetches: 184
        ->  Index Scan using role_type_pkey on role_type rt  (cost=0.00..2.00 rows=1 width=4) (actual time=0.001..0.001 rows=1 loops=184)
              Index Cond: (id = ci.role_id)
              Filter: ((role)::text = 'actress'::text)
Planning time: 14.248 ms
Execution time: 8082.563 ms
