Aggregate  (cost=3280836.45..3280837.45 rows=1 width=64) (actual time=24814.101..24814.101 rows=1 loops=1)
  ->  Nested Loop  (cost=3047266.36..3280836.45 rows=7 width=32) (actual time=8496.434..24812.697 rows=3575 loops=1)
        ->  Hash Join  (cost=3047264.36..3280824.45 rows=2 width=40) (actual time=8496.420..24801.522 rows=2632 loops=1)
              Hash Cond: (ci.role_id = rt.id)
              ->  Nested Loop  (cost=3047251.36..3280786.45 rows=27 width=44) (actual time=8496.405..24800.228 rows=2632 loops=1)
                    ->  Nested Loop  (cost=3047251.36..3280786.36 rows=2221 width=25) (actual time=8356.119..23873.626 rows=405598 loops=1)
                          ->  Nested Loop  (cost=3047251.36..3280786.36 rows=2940 width=29) (actual time=8356.108..22959.206 rows=436929 loops=1)
                                ->  Merge Join  (cost=3047215.36..3130844.36 rows=2054 width=29) (actual time=8354.412..8654.927 rows=391371 loops=1)
                                      Merge Cond: (mi.movie_id = t.id)
                                      ->  Sort  (cost=438043.00..438043.00 rows=451039 width=4) (actual time=765.261..808.308 rows=451028 loops=1)
                                            Sort Key: mi.movie_id
                                            Sort Method: quicksort  Memory: 33431kB
                                            ->  Nested Loop  (cost=215010.00..438043.00 rows=451039 width=4) (actual time=103.756..665.835 rows=451039 loops=1)
                                                  ->  Seq Scan on info_type it  (cost=0.00..113.00 rows=1 width=4) (actual time=0.005..0.013 rows=1 loops=1)
                                                        Filter: ((info)::text = 'release dates'::text)
                                                        Rows Removed by Filter: 112
                                                  ->  Bitmap Heap Scan on movie_info mi  (cost=215010.00..430020.00 rows=7910 width=8) (actual time=103.749..608.050 rows=451039 loops=1)
                                                        Recheck Cond: (info_type_id = it.id)
                                                        Filter: ((info IS NOT NULL) AND ((info ~~ 'Japan:%200%'::text) OR (info ~~ 'USA:%200%'::text)))
                                                        Rows Removed by Filter: 2585680
                                                        Heap Blocks: exact=25448
                                                        ->  Bitmap Index Scan on info_type_id_movie_info  (cost=0.00..215010.00 rows=215010 width=0) (actual time=99.988..99.988 rows=3036719 loops=1)
                                                              Index Cond: (info_type_id = it.id)
                                      ->  Sort  (cost=2609172.36..2609172.36 rows=468787 width=25) (actual time=7589.145..7654.958 rows=594886 loops=1)
                                            Sort Key: mc.movie_id
                                            Sort Method: quicksort  Memory: 49170kB
                                            ->  Nested Loop  (cost=0.00..2609172.36 rows=468787 width=25) (actual time=0.045..7431.726 rows=468787 loops=1)
                                                  ->  Nested Loop  (cost=0.00..2609134.78 rows=1170186 width=29) (actual time=0.036..5104.558 rows=1170186 loops=1)
                                                        ->  Seq Scan on movie_companies mc  (cost=0.00..2609129.00 rows=2609129 width=8) (actual time=0.009..288.727 rows=2609129 loops=1)
                                                        ->  Index Scan using title_pkey on title t  (cost=0.00..2.00 rows=1381453 width=21) (actual time=0.002..0.002 rows=0 loops=2609129)
                                                              Index Cond: (id = mc.movie_id)
                                                              Filter: (production_year > 2000)
                                                              Rows Removed by Filter: 1
                                                  ->  Index Scan using company_name_pkey on company_name cn  (cost=0.00..2.00 rows=84843 width=4) (actual time=0.002..0.002 rows=0 loops=1170186)
                                                        Index Cond: (id = mc.company_id)
                                                        Filter: ((country_code)::text = '[us]'::text)
                                                        Rows Removed by Filter: 1
                                ->  Bitmap Heap Scan on cast_info ci  (cost=36.00..72.00 rows=1 width=16) (actual time=0.031..0.036 rows=1 loops=391371)
                                      Recheck Cond: (movie_id = t.id)
                                      Filter: (note = ANY ('{(voice),"(voice: Japanese version)","(voice) (uncredited)","(voice: English version)"}'::text[]))
                                      Rows Removed by Filter: 48
                                      Heap Blocks: exact=18432331
                                      ->  Bitmap Index Scan on movie_id_cast_info  (cost=0.00..36.00 rows=36 width=0) (actual time=0.004..0.004 rows=49 loops=391371)
                                            Index Cond: (movie_id = t.id)
                          ->  Index Only Scan using char_name_pkey on char_name chn  (cost=0.00..2.00 rows=3140339 width=4) (actual time=0.002..0.002 rows=1 loops=436929)
                                Index Cond: (id = ci.person_role_id)
                                Heap Fetches: 405598
                    ->  Index Scan using name_pkey on name n  (cost=0.00..2.00 rows=50011 width=19) (actual time=0.002..0.002 rows=0 loops=405598)
                          Index Cond: (id = ci.person_id)
                          Filter: ((name ~~ '%An%'::text) AND ((gender)::text = 'f'::text))
                          Rows Removed by Filter: 1
              ->  Hash  (cost=12.00..12.00 rows=1 width=4) (actual time=0.008..0.008 rows=1 loops=1)
                    Buckets: 1024  Batches: 1  Memory Usage: 9kB
                    ->  Seq Scan on role_type rt  (cost=0.00..12.00 rows=1 width=4) (actual time=0.006..0.007 rows=1 loops=1)
                          Filter: ((role)::text = 'actress'::text)
                          Rows Removed by Filter: 11
        ->  Bitmap Heap Scan on aka_name an  (cost=2.00..4.00 rows=2 width=4) (actual time=0.003..0.003 rows=1 loops=2632)
              Recheck Cond: (person_id = n.id)
              Heap Blocks: exact=2145
              ->  Bitmap Index Scan on person_id_aka_name  (cost=0.00..2.00 rows=2 width=0) (actual time=0.002..0.002 rows=1 loops=2632)
                    Index Cond: (person_id = n.id)
Planning time: 14.221 ms
Execution time: 24816.094 ms
