Aggregate  (cost=6715236.88..6715237.88 rows=1 width=64) (actual time=2651.373..2651.373 rows=1 loops=1)
  ->  Nested Loop  (cost=3295103.00..6715236.88 rows=5 width=32) (actual time=272.083..2650.256 rows=3575 loops=1)
        ->  Nested Loop  (cost=3295103.00..6715236.88 rows=15 width=36) (actual time=272.062..2626.100 rows=11692 loops=1)
              ->  Hash Join  (cost=3295098.00..6715176.88 rows=4 width=44) (actual time=272.048..2611.308 rows=3628 loops=1)
                    Hash Cond: (mi.info_type_id = it.id)
                    ->  Nested Loop  (cost=3294984.00..6714596.88 rows=470 width=48) (actual time=272.028..2610.135 rows=3628 loops=1)
                          ->  Nested Loop  (cost=3294942.00..6684324.88 rows=352 width=40) (actual time=265.950..2565.672 rows=4703 loops=1)
                                ->  Nested Loop  (cost=3294940.00..6665682.88 rows=3107 width=48) (actual time=255.369..2553.303 rows=3349 loops=1)
                                      ->  Nested Loop  (cost=3294940.00..6665676.51 rows=159449 width=29) (actual time=250.986..2236.561 rows=159449 loops=1)
                                            ->  Nested Loop  (cost=3294940.00..6665676.40 rows=168407 width=33) (actual time=250.974..1857.488 rows=168407 loops=1)
                                                  ->  Nested Loop  (cost=3294940.00..6665676.00 rows=276166 width=12) (actual time=250.817..1095.783 rows=276166 loops=1)
                                                        ->  Seq Scan on role_type rt  (cost=0.00..12.00 rows=1 width=4) (actual time=0.002..0.006 rows=1 loops=1)
                                                              Filter: ((role)::text = 'actress'::text)
                                                              Rows Removed by Filter: 11
                                                        ->  Bitmap Heap Scan on cast_info ci  (cost=3294940.00..6589880.00 rows=75784 width=16) (actual time=250.812..1049.634 rows=276166 loops=1)
                                                              Recheck Cond: (role_id = rt.id)
                                                              Filter: (note = ANY ('{(voice),"(voice: Japanese version)","(voice) (uncredited)","(voice: English version)"}'::text[]))
                                                              Rows Removed by Filter: 7175807
                                                              Heap Blocks: exact=49087
                                                              ->  Bitmap Index Scan on role_id_cast_info  (cost=0.00..3294940.00 rows=3294940 width=0) (actual time=243.489..243.489 rows=7451973 loops=1)
                                                                    Index Cond: (role_id = rt.id)
                                                  ->  Index Scan using title_pkey on title t  (cost=0.00..2.00 rows=1381453 width=21) (actual time=0.002..0.002 rows=1 loops=276166)
                                                        Index Cond: (id = ci.movie_id)
                                                        Filter: (production_year > 2000)
                                                        Rows Removed by Filter: 0
                                            ->  Index Only Scan using char_name_pkey on char_name chn  (cost=0.00..2.00 rows=3140339 width=4) (actual time=0.002..0.002 rows=1 loops=168407)
                                                  Index Cond: (id = ci.person_role_id)
                                                  Heap Fetches: 159449
                                      ->  Index Scan using name_pkey on name n  (cost=0.00..2.00 rows=50011 width=19) (actual time=0.002..0.002 rows=0 loops=159449)
                                            Index Cond: (id = ci.person_id)
                                            Filter: ((name ~~ '%An%'::text) AND ((gender)::text = 'f'::text))
                                            Rows Removed by Filter: 1
                                ->  Bitmap Heap Scan on aka_name an  (cost=2.00..4.00 rows=2 width=4) (actual time=0.002..0.003 rows=1 loops=3349)
                                      Recheck Cond: (person_id = n.id)
                                      Heap Blocks: exact=2719
                                      ->  Bitmap Index Scan on person_id_aka_name  (cost=0.00..2.00 rows=2 width=0) (actual time=0.002..0.002 rows=1 loops=3349)
                                            Index Cond: (person_id = n.id)
                          ->  Bitmap Heap Scan on movie_info mi  (cost=42.00..84.00 rows=2 width=8) (actual time=0.006..0.009 rows=1 loops=4703)
                                Recheck Cond: (movie_id = t.id)
                                Filter: ((info IS NOT NULL) AND ((info ~~ 'Japan:%200%'::text) OR (info ~~ 'USA:%200%'::text)))
                                Rows Removed by Filter: 14
                                Heap Blocks: exact=22105
                                ->  Bitmap Index Scan on movie_id_movie_info  (cost=0.00..42.00 rows=42 width=0) (actual time=0.002..0.002 rows=15 loops=4703)
                                      Index Cond: (movie_id = t.id)
                    ->  Hash  (cost=113.00..113.00 rows=1 width=4) (actual time=0.014..0.014 rows=1 loops=1)
                          Buckets: 1024  Batches: 1  Memory Usage: 9kB
                          ->  Seq Scan on info_type it  (cost=0.00..113.00 rows=1 width=4) (actual time=0.007..0.012 rows=1 loops=1)
                                Filter: ((info)::text = 'release dates'::text)
                                Rows Removed by Filter: 112
              ->  Bitmap Heap Scan on movie_companies mc  (cost=5.00..10.00 rows=5 width=8) (actual time=0.002..0.003 rows=3 loops=3628)
                    Recheck Cond: (movie_id = t.id)
                    Heap Blocks: exact=2805
                    ->  Bitmap Index Scan on movie_id_movie_companies  (cost=0.00..5.00 rows=5 width=0) (actual time=0.002..0.002 rows=3 loops=3628)
                          Index Cond: (movie_id = t.id)
        ->  Index Scan using company_name_pkey on company_name cn  (cost=0.00..2.00 rows=84843 width=4) (actual time=0.002..0.002 rows=0 loops=11692)
              Index Cond: (id = mc.company_id)
              Filter: ((country_code)::text = '[us]'::text)
              Rows Removed by Filter: 1
Planning time: 14.232 ms
Execution time: 2651.463 ms
