Aggregate  (cost=597306.04..597307.04 rows=1 width=64) (actual time=13410.802..13410.802 rows=1 loops=1)
  ->  Nested Loop  (cost=215053.00..597306.04 rows=4 width=32) (actual time=264.208..13409.422 rows=3575 loops=1)
        ->  Nested Loop  (cost=215051.00..597294.04 rows=2 width=40) (actual time=264.193..13398.802 rows=2632 loops=1)
              ->  Nested Loop  (cost=215051.00..597294.04 rows=5 width=44) (actual time=131.036..13375.874 rows=8585 loops=1)
                    ->  Nested Loop  (cost=215046.00..597279.04 rows=1 width=52) (actual time=131.021..13362.175 rows=2129 loops=1)
                          ->  Nested Loop  (cost=215046.00..597256.04 rows=11 width=56) (actual time=131.016..13357.712 rows=2129 loops=1)
                                ->  Nested Loop  (cost=215046.00..597256.01 rows=913 width=37) (actual time=99.640..12426.934 rows=356113 loops=1)
                                      ->  Nested Loop  (cost=215046.00..597256.01 rows=1894 width=41) (actual time=99.631..11506.262 rows=374134 loops=1)
                                            ->  Nested Loop  (cost=215010.00..438043.01 rows=2181 width=25) (actual time=97.751..1883.644 rows=424568 loops=1)
                                                  ->  Nested Loop  (cost=215010.00..438043.00 rows=3992 width=4) (actual time=97.740..757.460 rows=451039 loops=1)
                                                        ->  Seq Scan on info_type it  (cost=0.00..113.00 rows=1 width=4) (actual time=0.007..0.016 rows=1 loops=1)
                                                              Filter: ((info)::text = 'release dates'::text)
                                                              Rows Removed by Filter: 112
                                                        ->  Bitmap Heap Scan on movie_info mi  (cost=215010.00..430020.00 rows=7910 width=8) (actual time=97.730..684.116 rows=451039 loops=1)
                                                              Recheck Cond: (info_type_id = it.id)
                                                              Filter: ((info IS NOT NULL) AND ((info ~~ 'Japan:%200%'::text) OR (info ~~ 'USA:%200%'::text)))
                                                              Rows Removed by Filter: 2585680
                                                              Heap Blocks: exact=25448
                                                              ->  Bitmap Index Scan on info_type_id_movie_info  (cost=0.00..215010.00 rows=215010 width=0) (actual time=94.197..94.197 rows=3036719 loops=1)
                                                                    Index Cond: (info_type_id = it.id)
                                                  ->  Index Scan using title_pkey on title t  (cost=0.00..2.00 rows=1381453 width=21) (actual time=0.002..0.002 rows=1 loops=451039)
                                                        Index Cond: (id = mi.movie_id)
                                                        Filter: (production_year > 2000)
                                                        Rows Removed by Filter: 0
                                            ->  Bitmap Heap Scan on cast_info ci  (cost=36.00..72.00 rows=1 width=16) (actual time=0.019..0.022 rows=1 loops=424568)
                                                  Recheck Cond: (movie_id = t.id)
                                                  Filter: (note = ANY ('{(voice),"(voice: Japanese version)","(voice) (uncredited)","(voice: English version)"}'::text[]))
                                                  Rows Removed by Filter: 21
                                                  Heap Blocks: exact=8921479
                                                  ->  Bitmap Index Scan on movie_id_cast_info  (cost=0.00..36.00 rows=36 width=0) (actual time=0.003..0.003 rows=22 loops=424568)
                                                        Index Cond: (movie_id = t.id)
                                      ->  Index Only Scan using char_name_pkey on char_name chn  (cost=0.00..2.00 rows=3140339 width=4) (actual time=0.002..0.002 rows=1 loops=374134)
                                            Index Cond: (id = ci.person_role_id)
                                            Heap Fetches: 356113
                                ->  Index Scan using name_pkey on name n  (cost=0.00..2.00 rows=50011 width=19) (actual time=0.002..0.002 rows=0 loops=356113)
                                      Index Cond: (id = ci.person_id)
                                      Filter: ((name ~~ '%An%'::text) AND ((gender)::text = 'f'::text))
                                      Rows Removed by Filter: 1
                          ->  Index Scan using role_type_pkey on role_type rt  (cost=0.00..2.00 rows=1 width=4) (actual time=0.001..0.001 rows=1 loops=2129)
                                Index Cond: (id = ci.role_id)
                                Filter: ((role)::text = 'actress'::text)
                    ->  Bitmap Heap Scan on movie_companies mc  (cost=5.00..10.00 rows=5 width=8) (actual time=0.004..0.005 rows=4 loops=2129)
                          Recheck Cond: (movie_id = t.id)
                          Heap Blocks: exact=2003
                          ->  Bitmap Index Scan on movie_id_movie_companies  (cost=0.00..5.00 rows=5 width=0) (actual time=0.003..0.003 rows=4 loops=2129)
                                Index Cond: (movie_id = t.id)
              ->  Index Scan using company_name_pkey on company_name cn  (cost=0.00..2.00 rows=84843 width=4) (actual time=0.002..0.002 rows=0 loops=8585)
                    Index Cond: (id = mc.company_id)
                    Filter: ((country_code)::text = '[us]'::text)
                    Rows Removed by Filter: 1
        ->  Bitmap Heap Scan on aka_name an  (cost=2.00..4.00 rows=2 width=4) (actual time=0.003..0.003 rows=1 loops=2632)
              Recheck Cond: (person_id = n.id)
              Heap Blocks: exact=2145
              ->  Bitmap Index Scan on person_id_aka_name  (cost=0.00..2.00 rows=2 width=0) (actual time=0.002..0.002 rows=1 loops=2632)
                    Index Cond: (person_id = n.id)
Planning time: 13.954 ms
Execution time: 13410.894 ms
