Aggregate  (cost=644217.00..644218.00 rows=1 width=64) (actual time=8564.034..8564.034 rows=1 loops=1)
  ->  Nested Loop  (cost=0.00..644217.00 rows=2 width=32) (actual time=111.173..8562.774 rows=3575 loops=1)
        ->  Nested Loop  (cost=0.00..644211.00 rows=1 width=40) (actual time=111.162..8555.150 rows=2632 loops=1)
              ->  Nested Loop  (cost=0.00..644207.00 rows=2 width=44) (actual time=19.983..8533.809 rows=8585 loops=1)
                    ->  Nested Loop  (cost=0.00..644192.00 rows=1 width=52) (actual time=19.975..8524.205 rows=2129 loops=1)
                          ->  Nested Loop  (cost=0.00..644190.00 rows=1 width=56) (actual time=19.964..8516.302 rows=2265 loops=1)
                                ->  Nested Loop  (cost=0.00..643820.00 rows=185 width=37) (actual time=2.728..8208.499 rows=134654 loops=1)
                                      Join Filter: (ci.role_id = rt.id)
                                      Rows Removed by Join Filter: 239480
                                      ->  Nested Loop  (cost=0.00..641591.00 rows=2217 width=41) (actual time=1.465..8074.321 rows=374134 loops=1)
                                            ->  Nested Loop  (cost=0.00..447703.00 rows=2656 width=25) (actual time=0.031..1780.807 rows=424568 loops=1)
                                                  ->  Nested Loop  (cost=0.00..438043.00 rows=4830 width=4) (actual time=0.026..781.665 rows=451039 loops=1)
                                                        ->  Seq Scan on info_type it  (cost=0.00..113.00 rows=1 width=4) (actual time=0.009..0.016 rows=1 loops=1)
                                                              Filter: ((info)::text = 'release dates'::text)
                                                              Rows Removed by Filter: 112
                                                        ->  Index Scan using info_type_id_movie_info on movie_info mi  (cost=0.00..430020.00 rows=7910 width=8) (actual time=0.016..717.541 rows=451039 loops=1)
                                                              Index Cond: (info_type_id = it.id)
                                                              Filter: ((info IS NOT NULL) AND ((info ~~ 'Japan:%200%'::text) OR (info ~~ 'USA:%200%'::text)))
                                                              Rows Removed by Filter: 2585680
                                                  ->  Index Scan using title_pkey on title t  (cost=0.00..2.00 rows=1 width=21) (actual time=0.002..0.002 rows=1 loops=451039)
                                                        Index Cond: (id = mi.movie_id)
                                                        Filter: (production_year > 2000)
                                                        Rows Removed by Filter: 0
                                            ->  Index Scan using movie_id_cast_info on cast_info ci  (cost=0.00..72.00 rows=1 width=16) (actual time=0.013..0.014 rows=1 loops=424568)
                                                  Index Cond: (movie_id = t.id)
                                                  Filter: (note = ANY ('{(voice),"(voice: Japanese version)","(voice) (uncredited)","(voice: English version)"}'::text[]))
                                                  Rows Removed by Filter: 21
                                      ->  Materialize  (cost=0.00..12.00 rows=1 width=4) (actual time=0.000..0.000 rows=1 loops=374134)
                                            ->  Seq Scan on role_type rt  (cost=0.00..12.00 rows=1 width=4) (actual time=0.004..0.005 rows=1 loops=1)
                                                  Filter: ((role)::text = 'actress'::text)
                                                  Rows Removed by Filter: 11
                                ->  Index Scan using name_pkey on name n  (cost=0.00..2.00 rows=1 width=19) (actual time=0.002..0.002 rows=0 loops=134654)
                                      Index Cond: (id = ci.person_id)
                                      Filter: ((name ~~ '%An%'::text) AND ((gender)::text = 'f'::text))
                                      Rows Removed by Filter: 1
                          ->  Index Only Scan using char_name_pkey on char_name chn  (cost=0.00..2.00 rows=1 width=4) (actual time=0.003..0.003 rows=1 loops=2265)
                                Index Cond: (id = ci.person_role_id)
                                Heap Fetches: 2129
                    ->  Index Scan using movie_id_movie_companies on movie_companies mc  (cost=0.00..10.00 rows=5 width=8) (actual time=0.002..0.003 rows=4 loops=2129)
                          Index Cond: (movie_id = t.id)
              ->  Index Scan using company_name_pkey on company_name cn  (cost=0.00..2.00 rows=1 width=4) (actual time=0.002..0.002 rows=0 loops=8585)
                    Index Cond: (id = mc.company_id)
                    Filter: ((country_code)::text = '[us]'::text)
                    Rows Removed by Filter: 1
        ->  Index Only Scan using person_id_aka_name on aka_name an  (cost=0.00..4.00 rows=2 width=4) (actual time=0.002..0.002 rows=1 loops=2632)
              Index Cond: (person_id = n.id)
              Heap Fetches: 3575
Planning time: 12.263 ms
Execution time: 8564.115 ms
