Aggregate  (cost=7357913.83..7357914.83 rows=1 width=64) (actual time=14797.340..14797.340 rows=1 loops=1)
  ->  Nested Loop  (cost=6892326.74..7357913.83 rows=4521 width=32) (actual time=3038.352..14390.382 rows=1760645 loops=1)
        ->  Nested Loop  (cost=6892324.74..7349489.83 rows=1404 width=40) (actual time=3037.641..12004.695 rows=787043 loops=1)
              ->  Nested Loop  (cost=6892324.74..7349489.74 rows=3889 width=44) (actual time=3037.624..6396.617 rows=3229056 loops=1)
                    ->  Hash Join  (cost=6892319.74..7336424.74 rows=871 width=52) (actual time=3037.604..4414.702 rows=341836 loops=1)
                          Hash Cond: (mi.movie_id = t.id)
                          ->  Nested Loop  (cost=215010.00..645143.00 rows=3036719 width=4) (actual time=107.990..891.128 rows=3036719 loops=1)
                                ->  Seq Scan on info_type it  (cost=0.00..113.00 rows=1 width=4) (actual time=0.010..0.018 rows=1 loops=1)
                                      Filter: ((info)::text = 'release dates'::text)
                                      Rows Removed by Filter: 112
                                ->  Bitmap Heap Scan on movie_info mi  (cost=215010.00..430020.00 rows=215010 width=8) (actual time=107.977..459.080 rows=3036719 loops=1)
                                      Recheck Cond: (info_type_id = it.id)
                                      Heap Blocks: exact=25448
                                      ->  Bitmap Index Scan on info_type_id_movie_info  (cost=0.00..215010.00 rows=215010 width=0) (actual time=104.255..104.255 rows=3036719 loops=1)
                                            Index Cond: (info_type_id = it.id)
                          ->  Hash  (cost=6665676.74..6665676.74 rows=11633 width=48) (actual time=2929.531..2929.531 rows=159307 loops=1)
                                Buckets: 262144 (originally 16384)  Batches: 1 (originally 1)  Memory Usage: 16144kB
                                ->  Nested Loop  (cost=3294940.00..6665676.74 rows=11633 width=48) (actual time=237.852..2875.904 rows=159307 loops=1)
                                      ->  Nested Loop  (cost=3294940.00..6665676.71 rows=21291 width=27) (actual time=237.647..2169.114 rows=255493 loops=1)
                                            ->  Nested Loop  (cost=3294940.00..6665676.18 rows=255651 width=8) (actual time=237.636..1677.950 rows=255651 loops=1)
                                                  ->  Nested Loop  (cost=3294940.00..6665676.00 rows=276166 width=12) (actual time=237.620..1083.819 rows=276166 loops=1)
                                                        ->  Seq Scan on role_type rt  (cost=0.00..12.00 rows=1 width=4) (actual time=0.008..0.011 rows=1 loops=1)
                                                              Filter: ((role)::text = 'actress'::text)
                                                              Rows Removed by Filter: 11
                                                        ->  Bitmap Heap Scan on cast_info ci  (cost=3294940.00..6589880.00 rows=75784 width=16) (actual time=237.608..1038.045 rows=276166 loops=1)
                                                              Recheck Cond: (role_id = rt.id)
                                                              Filter: (note = ANY ('{(voice),"(voice: Japanese version)","(voice) (uncredited)","(voice: English version)"}'::text[]))
                                                              Rows Removed by Filter: 7175807
                                                              Heap Blocks: exact=49087
                                                              ->  Bitmap Index Scan on role_id_cast_info  (cost=0.00..3294940.00 rows=3294940 width=0) (actual time=230.388..230.388 rows=7451973 loops=1)
                                                                    Index Cond: (role_id = rt.id)
                                                  ->  Index Only Scan using char_name_pkey on char_name chn  (cost=0.00..2.00 rows=3140339 width=4) (actual time=0.002..0.002 rows=1 loops=276166)
                                                        Index Cond: (id = ci.person_role_id)
                                                        Heap Fetches: 255651
                                            ->  Index Scan using name_pkey on name n  (cost=0.00..2.00 rows=961555 width=19) (actual time=0.002..0.002 rows=1 loops=255651)
                                                  Index Cond: (id = ci.person_id)
                                                  Filter: ((gender)::text = 'f'::text)
                                                  Rows Removed by Filter: 0
                                      ->  Index Scan using title_pkey on title t  (cost=0.00..2.00 rows=1381453 width=21) (actual time=0.002..0.002 rows=1 loops=255493)
                                            Index Cond: (id = ci.movie_id)
                                            Filter: (production_year > 2000)
                                            Rows Removed by Filter: 0
                    ->  Bitmap Heap Scan on movie_companies mc  (cost=5.00..10.00 rows=5 width=8) (actual time=0.003..0.004 rows=9 loops=341836)
                          Recheck Cond: (movie_id = t.id)
                          Heap Blocks: exact=466302
                          ->  Bitmap Index Scan on movie_id_movie_companies  (cost=0.00..5.00 rows=5 width=0) (actual time=0.002..0.002 rows=9 loops=341836)
                                Index Cond: (movie_id = t.id)
              ->  Index Scan using company_name_pkey on company_name cn  (cost=0.00..2.00 rows=84843 width=4) (actual time=0.001..0.001 rows=0 loops=3229056)
                    Index Cond: (id = mc.company_id)
                    Filter: ((country_code)::text = '[us]'::text)
                    Rows Removed by Filter: 1
        ->  Bitmap Heap Scan on aka_name an  (cost=2.00..4.00 rows=2 width=4) (actual time=0.002..0.002 rows=2 loops=787043)
              Recheck Cond: (person_id = n.id)
              Heap Blocks: exact=653820
              ->  Bitmap Index Scan on person_id_aka_name  (cost=0.00..2.00 rows=2 width=0) (actual time=0.001..0.001 rows=2 loops=787043)
                    Index Cond: (person_id = n.id)
Planning time: 14.111 ms
Execution time: 14797.508 ms
