Aggregate  (cost=5903435.36..5903436.36 rows=1 width=64) (actual time=70504.960..70504.960 rows=1 loops=1)
  ->  Nested Loop  (cost=215066.00..5903435.36 rows=2580 width=32) (actual time=126.031..70084.150 rows=1760645 loops=1)
        ->  Nested Loop  (cost=215064.00..5896889.36 rows=1091 width=40) (actual time=102.796..67546.187 rows=787043 loops=1)
              ->  Nested Loop  (cost=215064.00..5896889.29 rows=3022 width=44) (actual time=102.779..61577.190 rows=3229056 loops=1)
                    ->  Hash Join  (cost=215059.00..5888234.29 rows=577 width=52) (actual time=102.766..59393.096 rows=341836 loops=1)
                          Hash Cond: (ci.role_id = rt.id)
                          ->  Nested Loop  (cost=215046.00..5881871.29 rows=6927 width=56) (actual time=102.752..59283.003 rows=341836 loops=1)
                                ->  Nested Loop  (cost=215046.00..5881871.23 rows=30022 width=37) (actual time=102.741..56578.506 rows=1083725 loops=1)
                                      ->  Nested Loop  (cost=215046.00..5881871.19 rows=62304 width=41) (actual time=102.730..53925.731 rows=1170967 loops=1)
                                            ->  Nested Loop  (cost=215010.00..645143.19 rows=71736 width=25) (actual time=100.845..7582.978 rows=1798330 loops=1)
                                                  ->  Nested Loop  (cost=215010.00..645143.00 rows=131290 width=4) (actual time=100.825..1039.948 rows=3036719 loops=1)
                                                        ->  Seq Scan on info_type it  (cost=0.00..113.00 rows=1 width=4) (actual time=0.004..0.012 rows=1 loops=1)
                                                              Filter: ((info)::text = 'release dates'::text)
                                                              Rows Removed by Filter: 112
                                                        ->  Bitmap Heap Scan on movie_info mi  (cost=215010.00..430020.00 rows=215010 width=8) (actual time=100.819..522.620 rows=3036719 loops=1)
                                                              Recheck Cond: (info_type_id = it.id)
                                                              Heap Blocks: exact=25448
                                                              ->  Bitmap Index Scan on info_type_id_movie_info  (cost=0.00..215010.00 rows=215010 width=0) (actual time=97.212..97.212 rows=3036719 loops=1)
                                                                    Index Cond: (info_type_id = it.id)
                                                  ->  Index Scan using title_pkey on title t  (cost=0.00..2.00 rows=1381453 width=21) (actual time=0.002..0.002 rows=1 loops=3036719)
                                                        Index Cond: (id = mi.movie_id)
                                                        Filter: (production_year > 2000)
                                                        Rows Removed by Filter: 0
                                            ->  Bitmap Heap Scan on cast_info ci  (cost=36.00..72.00 rows=1 width=16) (actual time=0.022..0.025 rows=1 loops=1798330)
                                                  Recheck Cond: (movie_id = t.id)
                                                  Filter: (note = ANY ('{(voice),"(voice: Japanese version)","(voice) (uncredited)","(voice: English version)"}'::text[]))
                                                  Rows Removed by Filter: 30
                                                  Heap Blocks: exact=53178173
                                                  ->  Bitmap Index Scan on movie_id_cast_info  (cost=0.00..36.00 rows=36 width=0) (actual time=0.003..0.003 rows=30 loops=1798330)
                                                        Index Cond: (movie_id = t.id)
                                      ->  Index Only Scan using char_name_pkey on char_name chn  (cost=0.00..2.00 rows=3140339 width=4) (actual time=0.002..0.002 rows=1 loops=1170967)
                                            Index Cond: (id = ci.person_role_id)
                                            Heap Fetches: 1083725
                                ->  Index Scan using name_pkey on name n  (cost=0.00..2.00 rows=961555 width=19) (actual time=0.002..0.002 rows=0 loops=1083725)
                                      Index Cond: (id = ci.person_id)
                                      Filter: ((gender)::text = 'f'::text)
                                      Rows Removed by Filter: 1
                          ->  Hash  (cost=12.00..12.00 rows=1 width=4) (actual time=0.007..0.007 rows=1 loops=1)
                                Buckets: 1024  Batches: 1  Memory Usage: 9kB
                                ->  Seq Scan on role_type rt  (cost=0.00..12.00 rows=1 width=4) (actual time=0.005..0.006 rows=1 loops=1)
                                      Filter: ((role)::text = 'actress'::text)
                                      Rows Removed by Filter: 11
                    ->  Bitmap Heap Scan on movie_companies mc  (cost=5.00..10.00 rows=5 width=8) (actual time=0.003..0.004 rows=9 loops=341836)
                          Recheck Cond: (movie_id = t.id)
                          Heap Blocks: exact=466302
                          ->  Bitmap Index Scan on movie_id_movie_companies  (cost=0.00..5.00 rows=5 width=0) (actual time=0.002..0.002 rows=9 loops=341836)
                                Index Cond: (movie_id = t.id)
              ->  Index Scan using company_name_pkey on company_name cn  (cost=0.00..2.00 rows=84843 width=4) (actual time=0.002..0.002 rows=0 loops=3229056)
                    Index Cond: (id = mc.company_id)
                    Filter: ((country_code)::text = '[us]'::text)
                    Rows Removed by Filter: 1
        ->  Bitmap Heap Scan on aka_name an  (cost=2.00..4.00 rows=2 width=4) (actual time=0.002..0.002 rows=2 loops=787043)
              Recheck Cond: (person_id = n.id)
              Heap Blocks: exact=653820
              ->  Bitmap Index Scan on person_id_aka_name  (cost=0.00..2.00 rows=2 width=0) (actual time=0.001..0.001 rows=2 loops=787043)
                    Index Cond: (person_id = n.id)
Planning time: 14.146 ms
Execution time: 70505.046 ms
