Aggregate  (cost=6272131.00..6272132.00 rows=1 width=64) (actual time=48433.450..48433.450 rows=1 loops=1)
  ->  Nested Loop  (cost=0.00..6272131.00 rows=2496 width=32) (actual time=16.212..48007.203 rows=1760645 loops=1)
        ->  Nested Loop  (cost=0.00..6265795.00 rows=1056 width=40) (actual time=1.359..46029.237 rows=787043 loops=1)
              ->  Nested Loop  (cost=0.00..6259915.00 rows=2940 width=44) (actual time=1.337..40285.499 rows=3229056 loops=1)
                    ->  Nested Loop  (cost=0.00..6251485.00 rows=562 width=52) (actual time=1.331..38515.738 rows=341836 loops=1)
                          ->  Nested Loop  (cost=0.00..6249155.00 rows=1165 width=56) (actual time=1.324..37678.955 rows=371543 loops=1)
                                ->  Nested Loop  (cost=0.00..6239111.00 rows=5022 width=37) (actual time=1.316..36756.394 rows=371852 loops=1)
                                      Join Filter: (ci.role_id = rt.id)
                                      Rows Removed by Join Filter: 799115
                                      ->  Nested Loop  (cost=0.00..6178834.00 rows=60265 width=41) (actual time=1.311..36316.791 rows=1170967 loops=1)
                                            ->  Nested Loop  (cost=0.00..907723.00 rows=72207 width=25) (actual time=0.032..7160.320 rows=1798330 loops=1)
                                                  ->  Nested Loop  (cost=0.00..645143.00 rows=131290 width=4) (actual time=0.023..1194.978 rows=3036719 loops=1)
                                                        ->  Seq Scan on info_type it  (cost=0.00..113.00 rows=1 width=4) (actual time=0.008..0.017 rows=1 loops=1)
                                                              Filter: ((info)::text = 'release dates'::text)
                                                              Rows Removed by Filter: 112
                                                        ->  Index Scan using info_type_id_movie_info on movie_info mi  (cost=0.00..430020.00 rows=215010 width=8) (actual time=0.013..716.430 rows=3036719 loops=1)
                                                              Index Cond: (info_type_id = it.id)
                                                  ->  Index Scan using title_pkey on title t  (cost=0.00..2.00 rows=1 width=21) (actual time=0.002..0.002 rows=1 loops=3036719)
                                                        Index Cond: (id = mi.movie_id)
                                                        Filter: (production_year > 2000)
                                                        Rows Removed by Filter: 0
                                            ->  Index Scan using movie_id_cast_info on cast_info ci  (cost=0.00..72.00 rows=1 width=16) (actual time=0.014..0.016 rows=1 loops=1798330)
                                                  Index Cond: (movie_id = t.id)
                                                  Filter: (note = ANY ('{(voice),"(voice: Japanese version)","(voice) (uncredited)","(voice: English version)"}'::text[]))
                                                  Rows Removed by Filter: 30
                                      ->  Materialize  (cost=0.00..12.00 rows=1 width=4) (actual time=0.000..0.000 rows=1 loops=1170967)
                                            ->  Seq Scan on role_type rt  (cost=0.00..12.00 rows=1 width=4) (actual time=0.003..0.005 rows=1 loops=1)
                                                  Filter: ((role)::text = 'actress'::text)
                                                  Rows Removed by Filter: 11
                                ->  Index Scan using name_pkey on name n  (cost=0.00..2.00 rows=1 width=19) (actual time=0.002..0.002 rows=1 loops=371852)
                                      Index Cond: (id = ci.person_id)
                                      Filter: ((gender)::text = 'f'::text)
                                      Rows Removed by Filter: 0
                          ->  Index Only Scan using char_name_pkey on char_name chn  (cost=0.00..2.00 rows=1 width=4) (actual time=0.002..0.002 rows=1 loops=371543)
                                Index Cond: (id = ci.person_role_id)
                                Heap Fetches: 341836
                    ->  Index Scan using movie_id_movie_companies on movie_companies mc  (cost=0.00..10.00 rows=5 width=8) (actual time=0.002..0.003 rows=9 loops=341836)
                          Index Cond: (movie_id = t.id)
              ->  Index Scan using company_name_pkey on company_name cn  (cost=0.00..2.00 rows=1 width=4) (actual time=0.002..0.002 rows=0 loops=3229056)
                    Index Cond: (id = mc.company_id)
                    Filter: ((country_code)::text = '[us]'::text)
                    Rows Removed by Filter: 1
        ->  Index Only Scan using person_id_aka_name on aka_name an  (cost=0.00..4.00 rows=2 width=4) (actual time=0.001..0.002 rows=2 loops=787043)
              Index Cond: (person_id = n.id)
              Heap Fetches: 1760645
Planning time: 12.546 ms
Execution time: 48433.531 ms
