Aggregate  (cost=1170343.00..1170344.00 rows=1 width=68) (actual time=5.891..5.891 rows=1 loops=1)
  ->  Nested Loop  (cost=0.00..1170343.00 rows=143 width=45) (actual time=0.075..5.817 rows=142 loops=1)
        ->  Nested Loop  (cost=0.00..1170057.00 rows=143 width=32) (actual time=0.067..5.334 rows=142 loops=1)
              Join Filter: (mc.company_type_id = ct.id)
              Rows Removed by Join Filter: 5
              ->  Nested Loop  (cost=0.00..1169483.00 rows=570 width=36) (actual time=0.062..5.274 rows=147 loops=1)
                    ->  Nested Loop  (cost=0.00..1035140.00 rows=12213 width=4) (actual time=0.025..0.123 rows=250 loops=1)
                          ->  Seq Scan on info_type it  (cost=0.00..113.00 rows=1 width=4) (actual time=0.012..0.013 rows=1 loops=1)
                                Filter: ((info)::text = 'top 250 rank'::text)
                                Rows Removed by Filter: 112
                          ->  Index Scan using info_type_id_movie_info_idx on movie_info_idx mi_idx  (cost=0.00..690018.00 rows=345009 width=8) (actual time=0.010..0.066 rows=250 loops=1)
                                Index Cond: (info_type_id = it.id)
                    ->  Index Scan using movie_id_movie_companies on movie_companies mc  (cost=0.00..10.00 rows=1 width=32) (actual time=0.020..0.020 rows=1 loops=250)
                          Index Cond: (movie_id = mi_idx.movie_id)
                          Filter: ((note !~~ '%(as Metro-Goldwyn-Mayer Pictures)%'::text) AND ((note ~~ '%(co-production)%'::text) OR (note ~~ '%(presents)%'::text)))
                          Rows Removed by Filter: 33
              ->  Materialize  (cost=0.00..4.00 rows=1 width=4) (actual time=0.000..0.000 rows=1 loops=147)
                    ->  Seq Scan on company_type ct  (cost=0.00..4.00 rows=1 width=4) (actual time=0.002..0.003 rows=1 loops=1)
                          Filter: ((kind)::text = 'production companies'::text)
                          Rows Removed by Filter: 3
        ->  Index Scan using title_pkey on title t  (cost=0.00..2.00 rows=1 width=25) (actual time=0.003..0.003 rows=1 loops=142)
              Index Cond: (id = mc.movie_id)
Planning time: 0.888 ms
Execution time: 5.959 ms
