Aggregate  (cost=1038005.00..1038006.00 rows=1 width=68) (actual time=5.925..5.925 rows=1 loops=1)
  ->  Nested Loop  (cost=345019.00..1038005.00 rows=142 width=45) (actual time=0.122..5.862 rows=142 loops=1)
        ->  Hash Join  (cost=345019.00..1038005.00 rows=142 width=32) (actual time=0.114..5.436 rows=142 loops=1)
              Hash Cond: (mc.company_type_id = ct.id)
              ->  Nested Loop  (cost=345014.00..1037890.00 rows=147 width=36) (actual time=0.095..5.377 rows=147 loops=1)
                    ->  Nested Loop  (cost=345009.00..1035140.00 rows=250 width=4) (actual time=0.035..0.111 rows=250 loops=1)
                          ->  Seq Scan on info_type it  (cost=0.00..113.00 rows=1 width=4) (actual time=0.009..0.010 rows=1 loops=1)
                                Filter: ((info)::text = 'top 250 rank'::text)
                                Rows Removed by Filter: 112
                          ->  Bitmap Heap Scan on movie_info_idx mi_idx  (cost=345009.00..690018.00 rows=345009 width=8) (actual time=0.025..0.054 rows=250 loops=1)
                                Recheck Cond: (info_type_id = it.id)
                                Heap Blocks: exact=2
                                ->  Bitmap Index Scan on info_type_id_movie_info_idx  (cost=0.00..345009.00 rows=345009 width=0) (actual time=0.018..0.018 rows=250 loops=1)
                                      Index Cond: (info_type_id = it.id)
                    ->  Bitmap Heap Scan on movie_companies mc  (cost=5.00..10.00 rows=1 width=32) (actual time=0.020..0.020 rows=1 loops=250)
                          Recheck Cond: (movie_id = mi_idx.movie_id)
                          Filter: ((note !~~ '%(as Metro-Goldwyn-Mayer Pictures)%'::text) AND ((note ~~ '%(co-production)%'::text) OR (note ~~ '%(presents)%'::text)))
                          Rows Removed by Filter: 33
                          Heap Blocks: exact=595
                          ->  Bitmap Index Scan on movie_id_movie_companies  (cost=0.00..5.00 rows=5 width=0) (actual time=0.004..0.004 rows=33 loops=250)
                                Index Cond: (movie_id = mi_idx.movie_id)
              ->  Hash  (cost=4.00..4.00 rows=1 width=4) (actual time=0.009..0.009 rows=1 loops=1)
                    Buckets: 1024  Batches: 1  Memory Usage: 9kB
                    ->  Seq Scan on company_type ct  (cost=0.00..4.00 rows=1 width=4) (actual time=0.004..0.004 rows=1 loops=1)
                          Filter: ((kind)::text = 'production companies'::text)
                          Rows Removed by Filter: 3
        ->  Index Scan using title_pkey on title t  (cost=0.00..2.00 rows=2528312 width=25) (actual time=0.003..0.003 rows=1 loops=142)
              Index Cond: (id = mc.movie_id)
Planning time: 0.869 ms
Execution time: 5.992 ms
