Aggregate  (cost=1114154.00..1114155.00 rows=1 width=68) (actual time=1.703..1.703 rows=1 loops=1)
  ->  Nested Loop  (cost=0.00..1114154.00 rows=2313 width=45) (actual time=1.694..1.697 rows=3 loops=1)
        Join Filter: (mc.company_type_id = ct.id)
        Rows Removed by Join Filter: 63
        ->  Nested Loop  (cost=0.00..1104897.00 rows=9253 width=49) (actual time=0.813..1.656 rows=66 loops=1)
              ->  Nested Loop  (cost=0.00..1059566.00 rows=3487 width=29) (actual time=0.147..0.231 rows=4 loops=1)
                    ->  Nested Loop  (cost=0.00..1035140.00 rows=12213 width=4) (actual time=0.017..0.022 rows=10 loops=1)
                          ->  Seq Scan on info_type it  (cost=0.00..113.00 rows=1 width=4) (actual time=0.010..0.010 rows=1 loops=1)
                                Filter: ((info)::text = 'bottom 10 rank'::text)
                                Rows Removed by Filter: 112
                          ->  Index Scan using info_type_id_movie_info_idx on movie_info_idx mi_idx  (cost=0.00..690018.00 rows=345009 width=8) (actual time=0.006..0.008 rows=10 loops=1)
                                Index Cond: (info_type_id = it.id)
                    ->  Index Scan using title_pkey on title t  (cost=0.00..2.00 rows=1 width=25) (actual time=0.020..0.020 rows=0 loops=10)
                          Index Cond: (id = mi_idx.movie_id)
                          Filter: ((production_year >= 2005) AND (production_year <= 2010))
                          Rows Removed by Filter: 1
              ->  Index Scan using movie_id_movie_companies on movie_companies mc  (cost=0.00..10.00 rows=3 width=32) (actual time=0.343..0.353 rows=16 loops=4)
                    Index Cond: (movie_id = t.id)
                    Filter: (note !~~ '%(as Metro-Goldwyn-Mayer Pictures)%'::text)
                    Rows Removed by Filter: 2
        ->  Materialize  (cost=0.00..4.00 rows=1 width=4) (actual time=0.000..0.000 rows=1 loops=66)
              ->  Seq Scan on company_type ct  (cost=0.00..4.00 rows=1 width=4) (actual time=0.003..0.003 rows=1 loops=1)
                    Filter: ((kind)::text = 'production companies'::text)
                    Rows Removed by Filter: 3
Planning time: 0.755 ms
Execution time: 1.757 ms
