Aggregate  (cost=1080427.00..1080428.00 rows=1 width=68) (actual time=1.149..1.149 rows=1 loops=1)
  ->  Nested Loop  (cost=0.00..1080427.00 rows=14 width=45) (actual time=0.308..1.143 rows=3 loops=1)
        Join Filter: (mc.company_type_id = ct.id)
        ->  Nested Loop  (cost=0.00..1080367.00 rows=56 width=49) (actual time=0.302..1.136 rows=3 loops=1)
              ->  Nested Loop  (cost=0.00..1059566.00 rows=1891 width=29) (actual time=0.186..0.942 rows=12 loops=1)
                    ->  Nested Loop  (cost=0.00..1035140.00 rows=12213 width=4) (actual time=0.018..0.108 rows=250 loops=1)
                          ->  Seq Scan on info_type it  (cost=0.00..113.00 rows=1 width=4) (actual time=0.010..0.011 rows=1 loops=1)
                                Filter: ((info)::text = 'top 250 rank'::text)
                                Rows Removed by Filter: 112
                          ->  Index Scan using info_type_id_movie_info_idx on movie_info_idx mi_idx  (cost=0.00..690018.00 rows=345009 width=8) (actual time=0.007..0.057 rows=250 loops=1)
                                Index Cond: (info_type_id = it.id)
                    ->  Index Scan using title_pkey on title t  (cost=0.00..2.00 rows=1 width=25) (actual time=0.003..0.003 rows=0 loops=250)
                          Index Cond: (id = mi_idx.movie_id)
                          Filter: (production_year > 2010)
                          Rows Removed by Filter: 1
              ->  Index Scan using movie_id_movie_companies on movie_companies mc  (cost=0.00..10.00 rows=1 width=32) (actual time=0.016..0.016 rows=0 loops=12)
                    Index Cond: (movie_id = t.id)
                    Filter: ((note !~~ '%(as Metro-Goldwyn-Mayer Pictures)%'::text) AND (note ~~ '%(co-production)%'::text))
                    Rows Removed by Filter: 31
        ->  Materialize  (cost=0.00..4.00 rows=1 width=4) (actual time=0.002..0.002 rows=1 loops=3)
              ->  Seq Scan on company_type ct  (cost=0.00..4.00 rows=1 width=4) (actual time=0.003..0.003 rows=1 loops=1)
                    Filter: ((kind)::text = 'production companies'::text)
                    Rows Removed by Filter: 1
Planning time: 0.790 ms
Execution time: 1.205 ms
