Aggregate  (cost=1056007.06..1056008.06 rows=1 width=68) (actual time=1.302..1.302 rows=1 loops=1)
  ->  Hash Join  (cost=345019.00..1056007.06 rows=17 width=45) (actual time=0.388..1.291 rows=3 loops=1)
        Hash Cond: (mc.company_type_id = ct.id)
        ->  Nested Loop  (cost=345014.00..1055952.06 rows=67 width=49) (actual time=0.372..1.274 rows=3 loops=1)
              ->  Nested Loop  (cost=345009.00..1035140.06 rows=1892 width=29) (actual time=0.240..1.046 rows=12 loops=1)
                    ->  Nested Loop  (cost=345009.00..1035140.00 rows=12213 width=4) (actual time=0.040..0.107 rows=250 loops=1)
                          ->  Seq Scan on info_type it  (cost=0.00..113.00 rows=1 width=4) (actual time=0.009..0.010 rows=1 loops=1)
                                Filter: ((info)::text = 'top 250 rank'::text)
                                Rows Removed by Filter: 112
                          ->  Bitmap Heap Scan on movie_info_idx mi_idx  (cost=345009.00..690018.00 rows=345009 width=8) (actual time=0.030..0.055 rows=250 loops=1)
                                Recheck Cond: (info_type_id = it.id)
                                Heap Blocks: exact=2
                                ->  Bitmap Index Scan on info_type_id_movie_info_idx  (cost=0.00..345009.00 rows=345009 width=0) (actual time=0.019..0.019 rows=250 loops=1)
                                      Index Cond: (info_type_id = it.id)
                    ->  Index Scan using title_pkey on title t  (cost=0.00..2.00 rows=391666 width=25) (actual time=0.003..0.003 rows=0 loops=250)
                          Index Cond: (id = mi_idx.movie_id)
                          Filter: (production_year > 2010)
                          Rows Removed by Filter: 1
              ->  Bitmap Heap Scan on movie_companies mc  (cost=5.00..10.00 rows=1 width=32) (actual time=0.018..0.018 rows=0 loops=12)
                    Recheck Cond: (movie_id = t.id)
                    Filter: ((note !~~ '%(as Metro-Goldwyn-Mayer Pictures)%'::text) AND (note ~~ '%(co-production)%'::text))
                    Rows Removed by Filter: 31
                    Heap Blocks: exact=28
                    ->  Bitmap Index Scan on movie_id_movie_companies  (cost=0.00..5.00 rows=5 width=0) (actual time=0.005..0.005 rows=32 loops=12)
                          Index Cond: (movie_id = t.id)
        ->  Hash  (cost=4.00..4.00 rows=1 width=4) (actual time=0.008..0.008 rows=1 loops=1)
              Buckets: 1024  Batches: 1  Memory Usage: 9kB
              ->  Seq Scan on company_type ct  (cost=0.00..4.00 rows=1 width=4) (actual time=0.004..0.005 rows=1 loops=1)
                    Filter: ((kind)::text = 'production companies'::text)
                    Rows Removed by Filter: 3
Planning time: 0.843 ms
Execution time: 1.370 ms
