Aggregate  (cost=1035573.00..1035574.00 rows=1 width=68) (actual time=1.366..1.366 rows=1 loops=1)
  ->  Nested Loop  (cost=345014.00..1035573.00 rows=67 width=45) (actual time=0.433..1.357 rows=3 loops=1)
        ->  Nested Loop  (cost=345014.00..1035569.00 rows=1 width=49) (actual time=0.378..1.299 rows=3 loops=1)
              ->  Nested Loop  (cost=345009.00..1035140.00 rows=39 width=29) (actual time=0.246..1.070 rows=12 loops=1)
                    ->  Nested Loop  (cost=345009.00..1035140.00 rows=250 width=4) (actual time=0.042..0.108 rows=250 loops=1)
                          ->  Seq Scan on info_type it  (cost=0.00..113.00 rows=1 width=4) (actual time=0.012..0.013 rows=1 loops=1)
                                Filter: ((info)::text = 'top 250 rank'::text)
                                Rows Removed by Filter: 112
                          ->  Bitmap Heap Scan on movie_info_idx mi_idx  (cost=345009.00..690018.00 rows=345009 width=8) (actual time=0.028..0.054 rows=250 loops=1)
                                Recheck Cond: (info_type_id = it.id)
                                Heap Blocks: exact=2
                                ->  Bitmap Index Scan on info_type_id_movie_info_idx  (cost=0.00..345009.00 rows=345009 width=0) (actual time=0.019..0.019 rows=250 loops=1)
                                      Index Cond: (info_type_id = it.id)
                    ->  Index Scan using title_pkey on title t  (cost=0.00..2.00 rows=391666 width=25) (actual time=0.004..0.004 rows=0 loops=250)
                          Index Cond: (id = mi_idx.movie_id)
                          Filter: (production_year > 2010)
                          Rows Removed by Filter: 1
              ->  Bitmap Heap Scan on movie_companies mc  (cost=5.00..10.00 rows=1 width=32) (actual time=0.018..0.018 rows=0 loops=12)
                    Recheck Cond: (movie_id = t.id)
                    Filter: ((note !~~ '%(as Metro-Goldwyn-Mayer Pictures)%'::text) AND (note ~~ '%(co-production)%'::text))
                    Rows Removed by Filter: 31
                    Heap Blocks: exact=28
                    ->  Bitmap Index Scan on movie_id_movie_companies  (cost=0.00..5.00 rows=5 width=0) (actual time=0.005..0.005 rows=32 loops=12)
                          Index Cond: (movie_id = t.id)
        ->  Index Scan using company_type_pkey on company_type ct  (cost=0.00..2.00 rows=1 width=4) (actual time=0.019..0.019 rows=1 loops=3)
              Index Cond: (id = mc.company_type_id)
              Filter: ((kind)::text = 'production companies'::text)
Planning time: 0.845 ms
Execution time: 1.433 ms
