Aggregate  (cost=135967.00..135968.00 rows=1 width=32) (actual time=446.403..446.403 rows=1 loops=1)
  ->  Nested Loop  (cost=0.00..135967.00 rows=7 width=17) (actual time=0.683..444.885 rows=7834 loops=1)
        ->  Nested Loop  (cost=0.00..135953.00 rows=7 width=8) (actual time=0.676..426.370 rows=7834 loops=1)
              ->  Nested Loop  (cost=0.00..135601.00 rows=176 width=12) (actual time=0.417..170.445 rows=148552 loops=1)
                    ->  Nested Loop  (cost=0.00..135091.00 rows=34 width=4) (actual time=0.405..32.119 rows=41840 loops=1)
                          ->  Seq Scan on keyword k  (cost=0.00..134170.00 rows=1 width=4) (actual time=0.394..8.127 rows=1 loops=1)
                                Filter: (keyword = 'character-name-in-title'::text)
                                Rows Removed by Filter: 134169
                          ->  Index Scan using keyword_id_movie_keyword on movie_keyword mk  (cost=0.00..614.00 rows=307 width=8) (actual time=0.010..17.168 rows=41840 loops=1)
                                Index Cond: (keyword_id = k.id)
                    ->  Index Scan using movie_id_movie_companies on movie_companies mc  (cost=0.00..10.00 rows=5 width=8) (actual time=0.002..0.002 rows=4 loops=41840)
                          Index Cond: (movie_id = mk.movie_id)
              ->  Index Scan using company_name_pkey on company_name cn  (cost=0.00..2.00 rows=1 width=4) (actual time=0.002..0.002 rows=0 loops=148552)
                    Index Cond: (id = mc.company_id)
                    Filter: ((country_code)::text = '[de]'::text)
                    Rows Removed by Filter: 1
        ->  Index Scan using title_pkey on title t  (cost=0.00..2.00 rows=1 width=21) (actual time=0.002..0.002 rows=1 loops=7834)
              Index Cond: (id = mc.movie_id)
Planning time: 0.868 ms
Execution time: 446.447 ms
