Aggregate  (cost=135967.00..135968.00 rows=1 width=32) (actual time=3106.652..3106.652 rows=1 loops=1)
  ->  Nested Loop  (cost=0.00..135967.00 rows=7 width=17) (actual time=26.867..3104.760 rows=7834 loops=1)
        ->  Nested Loop  (cost=0.00..135953.00 rows=7 width=8) (actual time=26.843..2939.566 rows=7834 loops=1)
              ->  Nested Loop  (cost=0.00..135601.00 rows=176 width=12) (actual time=4.990..1304.729 rows=148552 loops=1)
                    ->  Nested Loop  (cost=0.00..135091.00 rows=34 width=4) (actual time=4.961..1146.410 rows=41840 loops=1)
                          ->  Seq Scan on keyword k  (cost=0.00..134170.00 rows=1 width=4) (actual time=3.725..48.866 rows=1 loops=1)
                                Filter: (keyword = 'character-name-in-title'::text)
                                Rows Removed by Filter: 134169
                          ->  Index Scan using keyword_id_movie_keyword on movie_keyword mk  (cost=0.00..614.00 rows=307 width=8) (actual time=1.233..1090.302 rows=41840 loops=1)
                                Index Cond: (keyword_id = k.id)
                    ->  Index Scan using movie_id_movie_companies on movie_companies mc  (cost=0.00..10.00 rows=5 width=8) (actual time=0.002..0.003 rows=4 loops=41840)
                          Index Cond: (movie_id = mk.movie_id)
              ->  Index Scan using company_name_pkey on company_name cn  (cost=0.00..2.00 rows=1 width=4) (actual time=0.011..0.011 rows=0 loops=148552)
                    Index Cond: (id = mc.company_id)
                    Filter: ((country_code)::text = '[de]'::text)
                    Rows Removed by Filter: 1
        ->  Index Scan using title_pkey on title t  (cost=0.00..2.00 rows=1 width=21) (actual time=0.021..0.021 rows=1 loops=7834)
              Index Cond: (id = mc.movie_id)
Planning time: 0.813 ms
Execution time: 3106.694 ms
