Aggregate  (cost=762737.34..762738.34 rows=1 width=32) (actual time=550.726..550.727 rows=1 loops=1)
  ->  Nested Loop  (cost=312.00..762737.34 rows=10 width=17) (actual time=5.265..549.005 rows=7834 loops=1)
        ->  Nested Loop  (cost=312.00..762737.34 rows=10 width=8) (actual time=5.256..528.688 rows=7834 loops=1)
              ->  Nested Loop  (cost=312.00..762691.00 rows=216697 width=12) (actual time=4.947..240.666 rows=148552 loops=1)
                    ->  Nested Loop  (cost=307.00..135091.00 rows=41840 width=4) (actual time=4.929..40.977 rows=41840 loops=1)
                          ->  Seq Scan on keyword k  (cost=0.00..134170.00 rows=1 width=4) (actual time=0.391..8.198 rows=1 loops=1)
                                Filter: (keyword = 'character-name-in-title'::text)
                                Rows Removed by Filter: 134169
                          ->  Bitmap Heap Scan on movie_keyword mk  (cost=307.00..614.00 rows=307 width=8) (actual time=4.536..24.851 rows=41840 loops=1)
                                Recheck Cond: (keyword_id = k.id)
                                Heap Blocks: exact=11541
                                ->  Bitmap Index Scan on keyword_id_movie_keyword  (cost=0.00..307.00 rows=307 width=0) (actual time=3.015..3.015 rows=41840 loops=1)
                                      Index Cond: (keyword_id = k.id)
                    ->  Bitmap Heap Scan on movie_companies mc  (cost=5.00..10.00 rows=5 width=8) (actual time=0.003..0.004 rows=4 loops=41840)
                          Recheck Cond: (movie_id = mk.movie_id)
                          Heap Blocks: exact=62781
                          ->  Bitmap Index Scan on movie_id_movie_companies  (cost=0.00..5.00 rows=5 width=0) (actual time=0.002..0.002 rows=4 loops=41840)
                                Index Cond: (movie_id = mk.movie_id)
              ->  Index Scan using company_name_pkey on company_name cn  (cost=0.00..2.00 rows=9775 width=4) (actual time=0.002..0.002 rows=0 loops=148552)
                    Index Cond: (id = mc.company_id)
                    Filter: ((country_code)::text = '[de]'::text)
                    Rows Removed by Filter: 1
        ->  Index Scan using title_pkey on title t  (cost=0.00..2.00 rows=2528312 width=21) (actual time=0.002..0.002 rows=1 loops=7834)
              Index Cond: (id = mc.movie_id)
Planning time: 0.832 ms
Execution time: 550.770 ms
