Aggregate  (cost=762723.40..762724.40 rows=1 width=32) (actual time=552.798..552.798 rows=1 loops=1)
  ->  Nested Loop  (cost=312.00..762723.40 rows=7834 width=17) (actual time=5.162..551.088 rows=7834 loops=1)
        ->  Nested Loop  (cost=312.00..762723.39 rows=7834 width=8) (actual time=5.155..530.761 rows=7834 loops=1)
              ->  Nested Loop  (cost=312.00..762691.00 rows=148552 width=12) (actual time=4.873..240.445 rows=148552 loops=1)
                    ->  Nested Loop  (cost=307.00..135091.00 rows=41840 width=4) (actual time=4.857..41.491 rows=41840 loops=1)
                          ->  Seq Scan on keyword k  (cost=0.00..134170.00 rows=1 width=4) (actual time=0.385..8.454 rows=1 loops=1)
                                Filter: (keyword = 'character-name-in-title'::text)
                                Rows Removed by Filter: 134169
                          ->  Bitmap Heap Scan on movie_keyword mk  (cost=307.00..614.00 rows=307 width=8) (actual time=4.471..25.078 rows=41840 loops=1)
                                Recheck Cond: (keyword_id = k.id)
                                Heap Blocks: exact=11541
                                ->  Bitmap Index Scan on keyword_id_movie_keyword  (cost=0.00..307.00 rows=307 width=0) (actual time=2.974..2.974 rows=41840 loops=1)
                                      Index Cond: (keyword_id = k.id)
                    ->  Bitmap Heap Scan on movie_companies mc  (cost=5.00..10.00 rows=5 width=8) (actual time=0.003..0.004 rows=4 loops=41840)
                          Recheck Cond: (movie_id = mk.movie_id)
                          Heap Blocks: exact=62781
                          ->  Bitmap Index Scan on movie_id_movie_companies  (cost=0.00..5.00 rows=5 width=0) (actual time=0.002..0.002 rows=4 loops=41840)
                                Index Cond: (movie_id = mk.movie_id)
              ->  Index Scan using company_name_pkey on company_name cn  (cost=0.00..2.00 rows=9775 width=4) (actual time=0.002..0.002 rows=0 loops=148552)
                    Index Cond: (id = mc.company_id)
                    Filter: ((country_code)::text = '[de]'::text)
                    Rows Removed by Filter: 1
        ->  Index Scan using title_pkey on title t  (cost=0.00..2.00 rows=2528312 width=21) (actual time=0.002..0.002 rows=1 loops=7834)
              Index Cond: (id = mc.movie_id)
Planning time: 0.881 ms
Execution time: 552.844 ms
