Aggregate  (cost=135957.00..135958.00 rows=1 width=32) (actual time=435.080..435.080 rows=1 loops=1)
  ->  Nested Loop  (cost=0.00..135957.00 rows=2 width=17) (actual time=1.799..434.088 rows=5228 loops=1)
        ->  Nested Loop  (cost=0.00..135953.00 rows=2 width=8) (actual time=1.770..420.149 rows=5228 loops=1)
              ->  Nested Loop  (cost=0.00..135601.00 rows=176 width=12) (actual time=0.407..169.441 rows=148552 loops=1)
                    ->  Nested Loop  (cost=0.00..135091.00 rows=34 width=4) (actual time=0.398..31.977 rows=41840 loops=1)
                          ->  Seq Scan on keyword k  (cost=0.00..134170.00 rows=1 width=4) (actual time=0.387..8.100 rows=1 loops=1)
                                Filter: (keyword = 'character-name-in-title'::text)
                                Rows Removed by Filter: 134169
                          ->  Index Scan using keyword_id_movie_keyword on movie_keyword mk  (cost=0.00..614.00 rows=307 width=8) (actual time=0.009..17.102 rows=41840 loops=1)
                                Index Cond: (keyword_id = k.id)
                    ->  Index Scan using movie_id_movie_companies on movie_companies mc  (cost=0.00..10.00 rows=5 width=8) (actual time=0.002..0.002 rows=4 loops=41840)
                          Index Cond: (movie_id = mk.movie_id)
              ->  Index Scan using company_name_pkey on company_name cn  (cost=0.00..2.00 rows=1 width=4) (actual time=0.001..0.001 rows=0 loops=148552)
                    Index Cond: (id = mc.company_id)
                    Filter: ((country_code)::text = '[nl]'::text)
                    Rows Removed by Filter: 1
        ->  Index Scan using title_pkey on title t  (cost=0.00..2.00 rows=1 width=21) (actual time=0.002..0.002 rows=1 loops=5228)
              Index Cond: (id = mc.movie_id)
Planning time: 0.765 ms
Execution time: 435.118 ms
