Aggregate  (cost=135955.00..135956.00 rows=1 width=32) (actual time=519.396..519.396 rows=1 loops=1)
  ->  Nested Loop  (cost=312.00..135955.00 rows=1 width=17) (actual time=519.393..519.393 rows=0 loops=1)
        ->  Nested Loop  (cost=312.00..135955.00 rows=1 width=8) (actual time=519.393..519.393 rows=0 loops=1)
              ->  Nested Loop  (cost=312.00..135601.00 rows=176 width=12) (actual time=4.853..237.123 rows=148552 loops=1)
                    ->  Nested Loop  (cost=307.00..135091.00 rows=34 width=4) (actual time=4.837..41.283 rows=41840 loops=1)
                          ->  Seq Scan on keyword k  (cost=0.00..134170.00 rows=1 width=4) (actual time=0.385..8.645 rows=1 loops=1)
                                Filter: (keyword = 'character-name-in-title'::text)
                                Rows Removed by Filter: 134169
                          ->  Bitmap Heap Scan on movie_keyword mk  (cost=307.00..614.00 rows=307 width=8) (actual time=4.450..24.780 rows=41840 loops=1)
                                Recheck Cond: (keyword_id = k.id)
                                Heap Blocks: exact=11541
                                ->  Bitmap Index Scan on keyword_id_movie_keyword  (cost=0.00..307.00 rows=307 width=0) (actual time=2.876..2.876 rows=41840 loops=1)
                                      Index Cond: (keyword_id = k.id)
                    ->  Bitmap Heap Scan on movie_companies mc  (cost=5.00..10.00 rows=5 width=8) (actual time=0.003..0.004 rows=4 loops=41840)
                          Recheck Cond: (movie_id = mk.movie_id)
                          Heap Blocks: exact=62781
                          ->  Bitmap Index Scan on movie_id_movie_companies  (cost=0.00..5.00 rows=5 width=0) (actual time=0.002..0.002 rows=4 loops=41840)
                                Index Cond: (movie_id = mk.movie_id)
              ->  Index Scan using company_name_pkey on company_name cn  (cost=0.00..2.00 rows=1 width=4) (actual time=0.002..0.002 rows=0 loops=148552)
                    Index Cond: (id = mc.company_id)
                    Filter: ((country_code)::text = '[sm]'::text)
                    Rows Removed by Filter: 1
        ->  Index Scan using title_pkey on title t  (cost=0.00..2.00 rows=2528312 width=21) (never executed)
              Index Cond: (id = mc.movie_id)
Planning time: 0.910 ms
Execution time: 519.443 ms
