Aggregate  (cost=235713.00..235714.00 rows=1 width=32) (actual time=21.930..21.930 rows=1 loops=1)
  ->  Nested Loop  (cost=180.00..235713.00 rows=1 width=17) (actual time=21.928..21.928 rows=0 loops=1)
        ->  Nested Loop  (cost=180.00..235713.00 rows=1 width=8) (actual time=21.928..21.928 rows=0 loops=1)
              ->  Nested Loop  (cost=180.00..235675.00 rows=18 width=12) (actual time=4.149..21.149 rows=2 loops=1)
                    ->  Nested Loop  (cost=134.00..235399.00 rows=2 width=4) (actual time=4.085..21.085 rows=2 loops=1)
                          ->  Seq Scan on company_name cn  (cost=0.00..234997.00 rows=1 width=4) (actual time=4.045..21.042 rows=1 loops=1)
                                Filter: ((country_code)::text = '[sm]'::text)
                                Rows Removed by Filter: 234996
                          ->  Bitmap Heap Scan on movie_companies mc  (cost=134.00..268.00 rows=134 width=8) (actual time=0.036..0.038 rows=2 loops=1)
                                Recheck Cond: (company_id = cn.id)
                                Heap Blocks: exact=2
                                ->  Bitmap Index Scan on company_id_movie_companies  (cost=0.00..134.00 rows=134 width=0) (actual time=0.031..0.031 rows=2 loops=1)
                                      Index Cond: (company_id = cn.id)
                    ->  Bitmap Heap Scan on movie_keyword mk  (cost=46.00..92.00 rows=46 width=8) (actual time=0.030..0.030 rows=1 loops=2)
                          Recheck Cond: (movie_id = mc.movie_id)
                          Heap Blocks: exact=1
                          ->  Bitmap Index Scan on movie_id_movie_keyword  (cost=0.00..46.00 rows=46 width=0) (actual time=0.024..0.024 rows=1 loops=2)
                                Index Cond: (movie_id = mc.movie_id)
              ->  Index Scan using keyword_pkey on keyword k  (cost=0.00..2.00 rows=1 width=4) (actual time=0.388..0.388 rows=0 loops=2)
                    Index Cond: (id = mk.keyword_id)
                    Filter: (keyword = 'character-name-in-title'::text)
                    Rows Removed by Filter: 1
        ->  Index Scan using title_pkey on title t  (cost=0.00..2.00 rows=2528312 width=21) (never executed)
              Index Cond: (id = mc.movie_id)
Planning time: 0.845 ms
Execution time: 21.970 ms
