Aggregate  (cost=762696.53..762697.53 rows=1 width=32) (actual time=673.863..673.863 rows=1 loops=1)
  ->  Nested Loop  (cost=312.00..762696.53 rows=68316 width=17) (actual time=5.028..660.676 rows=68316 loops=1)
        ->  Nested Loop  (cost=312.00..762691.03 rows=148552 width=21) (actual time=4.991..356.158 rows=148552 loops=1)
              ->  Nested Loop  (cost=307.00..135091.03 rows=41840 width=25) (actual time=4.969..150.282 rows=41840 loops=1)
                    ->  Nested Loop  (cost=307.00..135091.00 rows=41840 width=4) (actual time=4.956..42.197 rows=41840 loops=1)
                          ->  Seq Scan on keyword k  (cost=0.00..134170.00 rows=1 width=4) (actual time=0.400..8.351 rows=1 loops=1)
                                Filter: (keyword = 'character-name-in-title'::text)
                                Rows Removed by Filter: 134169
                          ->  Bitmap Heap Scan on movie_keyword mk  (cost=307.00..614.00 rows=307 width=8) (actual time=4.554..25.741 rows=41840 loops=1)
                                Recheck Cond: (keyword_id = k.id)
                                Heap Blocks: exact=11541
                                ->  Bitmap Index Scan on keyword_id_movie_keyword  (cost=0.00..307.00 rows=307 width=0) (actual time=3.040..3.040 rows=41840 loops=1)
                                      Index Cond: (keyword_id = k.id)
                    ->  Index Scan using title_pkey on title t  (cost=0.00..2.00 rows=2528312 width=21) (actual time=0.002..0.002 rows=1 loops=41840)
                          Index Cond: (id = mk.movie_id)
              ->  Bitmap Heap Scan on movie_companies mc  (cost=5.00..10.00 rows=5 width=8) (actual time=0.003..0.004 rows=4 loops=41840)
                    Recheck Cond: (movie_id = t.id)
                    Heap Blocks: exact=62781
                    ->  Bitmap Index Scan on movie_id_movie_companies  (cost=0.00..5.00 rows=5 width=0) (actual time=0.002..0.002 rows=4 loops=41840)
                          Index Cond: (movie_id = t.id)
        ->  Index Scan using company_name_pkey on company_name cn  (cost=0.00..2.00 rows=84843 width=4) (actual time=0.002..0.002 rows=0 loops=148552)
              Index Cond: (id = mc.company_id)
              Filter: ((country_code)::text = '[us]'::text)
              Rows Removed by Filter: 1
Planning time: 0.865 ms
Execution time: 673.906 ms
