Aggregate  (cost=602865.03..602866.03 rows=1 width=32) (actual time=118.152..118.152 rows=1 loops=1)
  ->  Nested Loop  (cost=349.00..602865.03 rows=2275 width=17) (actual time=3.353..118.085 rows=206 loops=1)
        ->  Nested Loop  (cost=307.00..161800.03 rows=5189 width=25) (actual time=2.857..64.601 rows=2235 loops=1)
              ->  Nested Loop  (cost=307.00..161800.00 rows=12951 width=4) (actual time=2.412..30.422 rows=12951 loops=1)
                    ->  Seq Scan on keyword k  (cost=0.00..134170.00 rows=30 width=4) (actual time=0.888..16.365 rows=30 loops=1)
                          Filter: (keyword ~~ '%sequel%'::text)
                          Rows Removed by Filter: 134140
                    ->  Bitmap Heap Scan on movie_keyword mk  (cost=307.00..614.00 rows=307 width=8) (actual time=0.064..0.393 rows=432 loops=30)
                          Recheck Cond: (keyword_id = k.id)
                          Heap Blocks: exact=6979
                          ->  Bitmap Index Scan on keyword_id_movie_keyword  (cost=0.00..307.00 rows=307 width=0) (actual time=0.034..0.034 rows=432 loops=30)
                                Index Cond: (keyword_id = k.id)
              ->  Index Scan using title_pkey on title t  (cost=0.00..2.00 rows=1012920 width=21) (actual time=0.002..0.002 rows=0 loops=12951)
                    Index Cond: (id = mk.movie_id)
                    Filter: (production_year > 2005)
                    Rows Removed by Filter: 1
        ->  Bitmap Heap Scan on movie_info mi  (cost=42.00..84.00 rows=1 width=4) (actual time=0.022..0.023 rows=0 loops=2235)
              Recheck Cond: (movie_id = t.id)
              Filter: (info = ANY ('{Sweden,Norway,Germany,Denmark,Swedish,Denish,Norwegian,German}'::text[]))
              Rows Removed by Filter: 45
              Heap Blocks: exact=23084
              ->  Bitmap Index Scan on movie_id_movie_info  (cost=0.00..42.00 rows=42 width=0) (actual time=0.004..0.004 rows=45 loops=2235)
                    Index Cond: (movie_id = t.id)
Planning time: 0.757 ms
Execution time: 118.189 ms
