Aggregate  (cost=175145.01..175146.01 rows=1 width=32) (actual time=69.956..69.956 rows=1 loops=1)
  ->  Nested Loop  (cost=349.00..175145.01 rows=1 width=17) (actual time=4.175..69.945 rows=5 loops=1)
        ->  Nested Loop  (cost=307.00..161800.01 rows=157 width=25) (actual time=2.797..60.030 rows=405 loops=1)
              ->  Nested Loop  (cost=307.00..161800.00 rows=1012 width=4) (actual time=2.394..28.787 rows=12951 loops=1)
                    ->  Seq Scan on keyword k  (cost=0.00..134170.00 rows=30 width=4) (actual time=0.895..16.022 rows=30 loops=1)
                          Filter: (keyword ~~ '%sequel%'::text)
                          Rows Removed by Filter: 134140
                    ->  Bitmap Heap Scan on movie_keyword mk  (cost=307.00..614.00 rows=307 width=8) (actual time=0.063..0.357 rows=432 loops=30)
                          Recheck Cond: (keyword_id = k.id)
                          Heap Blocks: exact=6979
                          ->  Bitmap Index Scan on keyword_id_movie_keyword  (cost=0.00..307.00 rows=307 width=0) (actual time=0.033..0.033 rows=432 loops=30)
                                Index Cond: (keyword_id = k.id)
              ->  Index Scan using title_pkey on title t  (cost=0.00..2.00 rows=391666 width=21) (actual time=0.002..0.002 rows=0 loops=12951)
                    Index Cond: (id = mk.movie_id)
                    Filter: (production_year > 2010)
                    Rows Removed by Filter: 1
        ->  Bitmap Heap Scan on movie_info mi  (cost=42.00..84.00 rows=1 width=4) (actual time=0.024..0.024 rows=0 loops=405)
              Recheck Cond: (movie_id = t.id)
              Filter: (info = 'Bulgaria'::text)
              Rows Removed by Filter: 63
              Heap Blocks: exact=4954
              ->  Bitmap Index Scan on movie_id_movie_info  (cost=0.00..42.00 rows=42 width=0) (actual time=0.005..0.005 rows=63 loops=405)
                    Index Cond: (movie_id = t.id)
Planning time: 0.653 ms
Execution time: 69.989 ms
