Aggregate  (cost=173249.00..173250.00 rows=1 width=32) (actual time=236.748..236.749 rows=1 loops=1)
  ->  Nested Loop  (cost=0.00..173249.00 rows=608 width=17) (actual time=1.212..235.427 rows=7250 loops=1)
        ->  Nested Loop  (cost=0.00..147019.00 rows=305 width=25) (actual time=0.920..63.090 rows=7874 loops=1)
              ->  Nested Loop  (cost=0.00..146143.00 rows=438 width=4) (actual time=0.914..27.242 rows=12951 loops=1)
                    ->  Seq Scan on keyword k  (cost=0.00..134170.00 rows=13 width=4) (actual time=0.904..16.456 rows=30 loops=1)
                          Filter: (keyword ~~ '%sequel%'::text)
                          Rows Removed by Filter: 134140
                    ->  Index Scan using keyword_id_movie_keyword on movie_keyword mk  (cost=0.00..614.00 rows=307 width=8) (actual time=0.004..0.286 rows=432 loops=30)
                          Index Cond: (keyword_id = k.id)
              ->  Index Scan using title_pkey on title t  (cost=0.00..2.00 rows=1 width=21) (actual time=0.002..0.002 rows=1 loops=12951)
                    Index Cond: (id = mk.movie_id)
                    Filter: (production_year > 1990)
                    Rows Removed by Filter: 0
        ->  Index Scan using movie_id_movie_info on movie_info mi  (cost=0.00..84.00 rows=2 width=4) (actual time=0.019..0.021 rows=1 loops=7874)
              Index Cond: (movie_id = t.id)
              Filter: (info = ANY ('{Sweden,Norway,Germany,Denmark,Swedish,Denish,Norwegian,German,USA,American}'::text[]))
              Rows Removed by Filter: 35
Planning time: 0.637 ms
Execution time: 236.780 ms
