Aggregate  (cost=932274.01..932275.01 rows=1 width=32) (actual time=237.748..237.748 rows=1 loops=1)
  ->  Nested Loop  (cost=349.00..932274.01 rows=18035 width=17) (actual time=2.523..236.370 rows=7250 loops=1)
        ->  Nested Loop  (cost=307.00..161800.01 rows=8959 width=25) (actual time=2.441..66.320 rows=7874 loops=1)
              ->  Nested Loop  (cost=307.00..161800.00 rows=12951 width=4) (actual time=2.432..30.304 rows=12951 loops=1)
                    ->  Seq Scan on keyword k  (cost=0.00..134170.00 rows=30 width=4) (actual time=0.890..16.309 rows=30 loops=1)
                          Filter: (keyword ~~ '%sequel%'::text)
                          Rows Removed by Filter: 134140
                    ->  Bitmap Heap Scan on movie_keyword mk  (cost=307.00..614.00 rows=307 width=8) (actual time=0.065..0.387 rows=432 loops=30)
                          Recheck Cond: (keyword_id = k.id)
                          Heap Blocks: exact=6979
                          ->  Bitmap Index Scan on keyword_id_movie_keyword  (cost=0.00..307.00 rows=307 width=0) (actual time=0.036..0.036 rows=432 loops=30)
                                Index Cond: (keyword_id = k.id)
              ->  Index Scan using title_pkey on title t  (cost=0.00..2.00 rows=1749032 width=21) (actual time=0.002..0.002 rows=1 loops=12951)
                    Index Cond: (id = mk.movie_id)
                    Filter: (production_year > 1990)
                    Rows Removed by Filter: 0
        ->  Bitmap Heap Scan on movie_info mi  (cost=42.00..84.00 rows=2 width=4) (actual time=0.019..0.021 rows=1 loops=7874)
              Recheck Cond: (movie_id = t.id)
              Filter: (info = ANY ('{Sweden,Norway,Germany,Denmark,Swedish,Denish,Norwegian,German,USA,American}'::text[]))
              Rows Removed by Filter: 35
              Heap Blocks: exact=77026
              ->  Bitmap Index Scan on movie_id_movie_info  (cost=0.00..42.00 rows=42 width=0) (actual time=0.003..0.003 rows=36 loops=7874)
                    Index Cond: (movie_id = t.id)
Planning time: 0.740 ms
Execution time: 237.784 ms
