Aggregate  (cost=838964.01..838965.01 rows=1 width=32) (actual time=235.614..235.614 rows=1 loops=1)
  ->  Nested Loop  (cost=349.00..838964.01 rows=7250 width=17) (actual time=2.445..234.243 rows=7250 loops=1)
        ->  Nested Loop  (cost=307.00..161800.01 rows=7874 width=25) (actual time=2.373..65.506 rows=7874 loops=1)
              ->  Nested Loop  (cost=307.00..161800.00 rows=12951 width=4) (actual time=2.363..29.771 rows=12951 loops=1)
                    ->  Seq Scan on keyword k  (cost=0.00..134170.00 rows=30 width=4) (actual time=0.877..15.870 rows=30 loops=1)
                          Filter: (keyword ~~ '%sequel%'::text)
                          Rows Removed by Filter: 134140
                    ->  Bitmap Heap Scan on movie_keyword mk  (cost=307.00..614.00 rows=307 width=8) (actual time=0.063..0.385 rows=432 loops=30)
                          Recheck Cond: (keyword_id = k.id)
                          Heap Blocks: exact=6979
                          ->  Bitmap Index Scan on keyword_id_movie_keyword  (cost=0.00..307.00 rows=307 width=0) (actual time=0.033..0.033 rows=432 loops=30)
                                Index Cond: (keyword_id = k.id)
              ->  Index Scan using title_pkey on title t  (cost=0.00..2.00 rows=1749032 width=21) (actual time=0.002..0.002 rows=1 loops=12951)
                    Index Cond: (id = mk.movie_id)
                    Filter: (production_year > 1990)
                    Rows Removed by Filter: 0
        ->  Bitmap Heap Scan on movie_info mi  (cost=42.00..84.00 rows=2 width=4) (actual time=0.018..0.021 rows=1 loops=7874)
              Recheck Cond: (movie_id = t.id)
              Filter: (info = ANY ('{Sweden,Norway,Germany,Denmark,Swedish,Denish,Norwegian,German,USA,American}'::text[]))
              Rows Removed by Filter: 35
              Heap Blocks: exact=77026
              ->  Bitmap Index Scan on movie_id_movie_info  (cost=0.00..42.00 rows=42 width=0) (actual time=0.003..0.003 rows=36 loops=7874)
                    Index Cond: (movie_id = t.id)
Planning time: 0.739 ms
Execution time: 235.651 ms
