Aggregate  (cost=148560.00..148561.00 rows=1 width=64) (actual time=58.920..58.920 rows=1 loops=1)
  ->  Nested Loop  (cost=0.00..148560.00 rows=2 width=23) (actual time=1.279..58.715 rows=740 loops=1)
        Join Filter: (mi_idx.info_type_id = it.id)
        Rows Removed by Join Filter: 405
        ->  Nested Loop  (cost=0.00..148251.00 rows=196 width=27) (actual time=1.268..58.305 rows=1145 loops=1)
              ->  Nested Loop  (cost=0.00..147019.00 rows=176 width=25) (actual time=1.260..52.569 rows=2235 loops=1)
                    ->  Nested Loop  (cost=0.00..146143.00 rows=438 width=4) (actual time=0.904..24.417 rows=12951 loops=1)
                          ->  Seq Scan on keyword k  (cost=0.00..134170.00 rows=13 width=4) (actual time=0.895..15.320 rows=30 loops=1)
                                Filter: (keyword ~~ '%sequel%'::text)
                                Rows Removed by Filter: 134140
                          ->  Index Scan using keyword_id_movie_keyword on movie_keyword mk  (cost=0.00..614.00 rows=307 width=8) (actual time=0.004..0.238 rows=432 loops=30)
                                Index Cond: (keyword_id = k.id)
                    ->  Index Scan using title_pkey on title t  (cost=0.00..2.00 rows=1 width=21) (actual time=0.002..0.002 rows=0 loops=12951)
                          Index Cond: (id = mk.movie_id)
                          Filter: (production_year > 2005)
                          Rows Removed by Filter: 1
              ->  Index Scan using movie_id_movie_info_idx on movie_info_idx mi_idx  (cost=0.00..6.00 rows=1 width=14) (actual time=0.002..0.002 rows=1 loops=2235)
                    Index Cond: (movie_id = t.id)
                    Filter: (info > '5.0'::text)
                    Rows Removed by Filter: 1
        ->  Materialize  (cost=0.00..113.00 rows=1 width=4) (actual time=0.000..0.000 rows=1 loops=1145)
              ->  Seq Scan on info_type it  (cost=0.00..113.00 rows=1 width=4) (actual time=0.009..0.011 rows=1 loops=1)
                    Filter: ((info)::text = 'rating'::text)
                    Rows Removed by Filter: 112
Planning time: 0.811 ms
Execution time: 58.954 ms
