Aggregate  (cost=165198.00..165199.00 rows=1 width=64) (actual time=67.251..67.251 rows=1 loops=1)
  ->  Nested Loop  (cost=310.00..165198.00 rows=4 width=23) (actual time=2.869..67.032 rows=740 loops=1)
        Join Filter: (mi_idx.info_type_id = it.id)
        Rows Removed by Join Filter: 405
        ->  Nested Loop  (cost=310.00..164635.00 rows=450 width=27) (actual time=2.855..66.612 rows=1145 loops=1)
              ->  Nested Loop  (cost=307.00..161800.00 rows=405 width=25) (actual time=2.840..59.155 rows=2235 loops=1)
                    ->  Nested Loop  (cost=307.00..161800.00 rows=1012 width=4) (actual time=2.409..28.156 rows=12951 loops=1)
                          ->  Seq Scan on keyword k  (cost=0.00..134170.00 rows=30 width=4) (actual time=0.871..15.364 rows=30 loops=1)
                                Filter: (keyword ~~ '%sequel%'::text)
                                Rows Removed by Filter: 134140
                          ->  Bitmap Heap Scan on movie_keyword mk  (cost=307.00..614.00 rows=307 width=8) (actual time=0.064..0.358 rows=432 loops=30)
                                Recheck Cond: (keyword_id = k.id)
                                Heap Blocks: exact=6979
                                ->  Bitmap Index Scan on keyword_id_movie_keyword  (cost=0.00..307.00 rows=307 width=0) (actual time=0.034..0.034 rows=432 loops=30)
                                      Index Cond: (keyword_id = k.id)
                    ->  Index Scan using title_pkey on title t  (cost=0.00..2.00 rows=1012920 width=21) (actual time=0.002..0.002 rows=0 loops=12951)
                          Index Cond: (id = mk.movie_id)
                          Filter: (production_year > 2005)
                          Rows Removed by Filter: 1
              ->  Bitmap Heap Scan on movie_info_idx mi_idx  (cost=3.00..6.00 rows=1 width=14) (actual time=0.003..0.003 rows=1 loops=2235)
                    Recheck Cond: (movie_id = t.id)
                    Filter: (info > '5.0'::text)
                    Rows Removed by Filter: 1
                    Heap Blocks: exact=1249
                    ->  Bitmap Index Scan on movie_id_movie_info_idx  (cost=0.00..3.00 rows=3 width=0) (actual time=0.002..0.002 rows=2 loops=2235)
                          Index Cond: (movie_id = t.id)
        ->  Materialize  (cost=0.00..113.00 rows=1 width=4) (actual time=0.000..0.000 rows=1 loops=1145)
              ->  Seq Scan on info_type it  (cost=0.00..113.00 rows=1 width=4) (actual time=0.011..0.012 rows=1 loops=1)
                    Filter: ((info)::text = 'rating'::text)
                    Rows Removed by Filter: 112
Planning time: 0.837 ms
Execution time: 67.292 ms
