Aggregate  (cost=177588.03..177589.03 rows=1 width=64) (actual time=70.680..70.680 rows=1 loops=1)
  ->  Merge Join  (cost=177558.03..177588.03 rows=258 width=23) (actual time=70.281..70.492 rows=740 loops=1)
        Merge Cond: (mi_idx.info_type_id = it.id)
        ->  Sort  (cost=177445.03..177445.03 rows=3377 width=27) (actual time=70.179..70.279 rows=1141 loops=1)
              Sort Key: mi_idx.info_type_id
              Sort Method: quicksort  Memory: 145kB
              ->  Nested Loop  (cost=310.00..177445.03 rows=3377 width=27) (actual time=2.689..69.918 rows=1145 loops=1)
                    ->  Nested Loop  (cost=307.00..161800.03 rows=2235 width=25) (actual time=2.674..62.078 rows=2235 loops=1)
                          ->  Nested Loop  (cost=307.00..161800.00 rows=12951 width=4) (actual time=2.265..29.261 rows=12951 loops=1)
                                ->  Seq Scan on keyword k  (cost=0.00..134170.00 rows=30 width=4) (actual time=0.869..16.224 rows=30 loops=1)
                                      Filter: (keyword ~~ '%sequel%'::text)
                                      Rows Removed by Filter: 134140
                                ->  Bitmap Heap Scan on movie_keyword mk  (cost=307.00..614.00 rows=307 width=8) (actual time=0.059..0.364 rows=432 loops=30)
                                      Recheck Cond: (keyword_id = k.id)
                                      Heap Blocks: exact=6979
                                      ->  Bitmap Index Scan on keyword_id_movie_keyword  (cost=0.00..307.00 rows=307 width=0) (actual time=0.033..0.033 rows=432 loops=30)
                                            Index Cond: (keyword_id = k.id)
                          ->  Index Scan using title_pkey on title t  (cost=0.00..2.00 rows=1012920 width=21) (actual time=0.002..0.002 rows=0 loops=12951)
                                Index Cond: (id = mk.movie_id)
                                Filter: (production_year > 2005)
                                Rows Removed by Filter: 1
                    ->  Bitmap Heap Scan on movie_info_idx mi_idx  (cost=3.00..6.00 rows=1 width=14) (actual time=0.003..0.003 rows=1 loops=2235)
                          Recheck Cond: (movie_id = t.id)
                          Filter: (info > '5.0'::text)
                          Rows Removed by Filter: 1
                          Heap Blocks: exact=1249
                          ->  Bitmap Index Scan on movie_id_movie_info_idx  (cost=0.00..3.00 rows=3 width=0) (actual time=0.002..0.002 rows=2 loops=2235)
                                Index Cond: (movie_id = t.id)
        ->  Sort  (cost=113.00..113.00 rows=1 width=4) (actual time=0.016..0.016 rows=1 loops=1)
              Sort Key: it.id
              Sort Method: quicksort  Memory: 25kB
              ->  Seq Scan on info_type it  (cost=0.00..113.00 rows=1 width=4) (actual time=0.009..0.010 rows=1 loops=1)
                    Filter: ((info)::text = 'rating'::text)
                    Rows Removed by Filter: 112
Planning time: 0.859 ms
Execution time: 70.722 ms
