Aggregate  (cost=147499.00..147500.00 rows=1 width=64) (actual time=54.958..54.958 rows=1 loops=1)
  ->  Nested Loop  (cost=0.00..147499.00 rows=1 width=23) (actual time=5.132..54.950 rows=6 loops=1)
        ->  Nested Loop  (cost=0.00..147495.00 rows=1 width=27) (actual time=2.514..54.868 rows=20 loops=1)
              ->  Nested Loop  (cost=0.00..147019.00 rows=68 width=25) (actual time=1.296..53.553 rows=405 loops=1)
                    ->  Nested Loop  (cost=0.00..146143.00 rows=438 width=4) (actual time=0.903..24.641 rows=12951 loops=1)
                          ->  Seq Scan on keyword k  (cost=0.00..134170.00 rows=13 width=4) (actual time=0.893..15.343 rows=30 loops=1)
                                Filter: (keyword ~~ '%sequel%'::text)
                                Rows Removed by Filter: 134140
                          ->  Index Scan using keyword_id_movie_keyword on movie_keyword mk  (cost=0.00..614.00 rows=307 width=8) (actual time=0.004..0.246 rows=432 loops=30)
                                Index Cond: (keyword_id = k.id)
                    ->  Index Scan using title_pkey on title t  (cost=0.00..2.00 rows=1 width=21) (actual time=0.002..0.002 rows=0 loops=12951)
                          Index Cond: (id = mk.movie_id)
                          Filter: (production_year > 2010)
                          Rows Removed by Filter: 1
              ->  Index Scan using movie_id_movie_info_idx on movie_info_idx mi_idx  (cost=0.00..6.00 rows=1 width=14) (actual time=0.003..0.003 rows=0 loops=405)
                    Index Cond: (movie_id = t.id)
                    Filter: (info > '9.0'::text)
                    Rows Removed by Filter: 2
        ->  Index Scan using info_type_pkey on info_type it  (cost=0.00..2.00 rows=1 width=4) (actual time=0.004..0.004 rows=0 loops=20)
              Index Cond: (id = mi_idx.info_type_id)
              Filter: ((info)::text = 'rating'::text)
              Rows Removed by Filter: 1
Planning time: 0.767 ms
Execution time: 54.993 ms
