Aggregate  (cost=162907.01..162908.01 rows=1 width=64) (actual time=57.875..57.875 rows=1 loops=1)
  ->  Nested Loop  (cost=310.00..162907.01 rows=1 width=23) (actual time=6.706..57.866 rows=6 loops=1)
        ->  Nested Loop  (cost=310.00..162899.01 rows=3 width=27) (actual time=3.990..57.828 rows=20 loops=1)
              ->  Nested Loop  (cost=307.00..161800.01 rows=157 width=25) (actual time=2.799..56.241 rows=405 loops=1)
                    ->  Nested Loop  (cost=307.00..161800.00 rows=1012 width=4) (actual time=2.389..27.495 rows=12951 loops=1)
                          ->  Seq Scan on keyword k  (cost=0.00..134170.00 rows=30 width=4) (actual time=0.871..15.385 rows=30 loops=1)
                                Filter: (keyword ~~ '%sequel%'::text)
                                Rows Removed by Filter: 134140
                          ->  Bitmap Heap Scan on movie_keyword mk  (cost=307.00..614.00 rows=307 width=8) (actual time=0.063..0.336 rows=432 loops=30)
                                Recheck Cond: (keyword_id = k.id)
                                Heap Blocks: exact=6979
                                ->  Bitmap Index Scan on keyword_id_movie_keyword  (cost=0.00..307.00 rows=307 width=0) (actual time=0.034..0.034 rows=432 loops=30)
                                      Index Cond: (keyword_id = k.id)
                    ->  Index Scan using title_pkey on title t  (cost=0.00..2.00 rows=391666 width=21) (actual time=0.002..0.002 rows=0 loops=12951)
                          Index Cond: (id = mk.movie_id)
                          Filter: (production_year > 2010)
                          Rows Removed by Filter: 1
              ->  Bitmap Heap Scan on movie_info_idx mi_idx  (cost=3.00..6.00 rows=1 width=14) (actual time=0.003..0.003 rows=0 loops=405)
                    Recheck Cond: (movie_id = t.id)
                    Filter: (info > '9.0'::text)
                    Rows Removed by Filter: 2
                    Heap Blocks: exact=270
                    ->  Bitmap Index Scan on movie_id_movie_info_idx  (cost=0.00..3.00 rows=3 width=0) (actual time=0.002..0.002 rows=2 loops=405)
                          Index Cond: (movie_id = t.id)
        ->  Index Scan using info_type_pkey on info_type it  (cost=0.00..2.00 rows=1 width=4) (actual time=0.001..0.001 rows=0 loops=20)
              Index Cond: (id = mi_idx.info_type_id)
              Filter: ((info)::text = 'rating'::text)
              Rows Removed by Filter: 1
Planning time: 0.851 ms
Execution time: 57.915 ms
