Aggregate  (cost=150123.00..150124.00 rows=1 width=64) (actual time=83.216..83.216 rows=1 loops=1)
  ->  Nested Loop  (cost=0.00..150123.00 rows=5 width=23) (actual time=0.916..82.072 rows=4700 loops=1)
        Join Filter: (mi_idx.info_type_id = it.id)
        Rows Removed by Join Filter: 4097
        ->  Nested Loop  (cost=0.00..149459.00 rows=551 width=27) (actual time=0.906..79.032 rows=8797 loops=1)
              ->  Nested Loop  (cost=0.00..147019.00 rows=305 width=25) (actual time=0.898..58.230 rows=7874 loops=1)
                    ->  Nested Loop  (cost=0.00..146143.00 rows=438 width=4) (actual time=0.893..26.189 rows=12951 loops=1)
                          ->  Seq Scan on keyword k  (cost=0.00..134170.00 rows=13 width=4) (actual time=0.882..15.933 rows=30 loops=1)
                                Filter: (keyword ~~ '%sequel%'::text)
                                Rows Removed by Filter: 134140
                          ->  Index Scan using keyword_id_movie_keyword on movie_keyword mk  (cost=0.00..614.00 rows=307 width=8) (actual time=0.004..0.273 rows=432 loops=30)
                                Index Cond: (keyword_id = k.id)
                    ->  Index Scan using title_pkey on title t  (cost=0.00..2.00 rows=1 width=21) (actual time=0.002..0.002 rows=1 loops=12951)
                          Index Cond: (id = mk.movie_id)
                          Filter: (production_year > 1990)
                          Rows Removed by Filter: 0
              ->  Index Scan using movie_id_movie_info_idx on movie_info_idx mi_idx  (cost=0.00..6.00 rows=2 width=14) (actual time=0.002..0.002 rows=1 loops=7874)
                    Index Cond: (movie_id = t.id)
                    Filter: (info > '2.0'::text)
                    Rows Removed by Filter: 1
        ->  Materialize  (cost=0.00..113.00 rows=1 width=4) (actual time=0.000..0.000 rows=1 loops=8797)
              ->  Seq Scan on info_type it  (cost=0.00..113.00 rows=1 width=4) (actual time=0.009..0.010 rows=1 loops=1)
                    Filter: ((info)::text = 'rating'::text)
                    Rows Removed by Filter: 112
Planning time: 0.863 ms
Execution time: 83.260 ms
