Aggregate  (cost=168788.00..168789.00 rows=1 width=64) (actual time=92.714..92.714 rows=1 loops=1)
  ->  Nested Loop  (cost=310.00..168788.00 rows=11 width=23) (actual time=2.502..91.510 rows=4700 loops=1)
        Join Filter: (mi_idx.info_type_id = it.id)
        Rows Removed by Join Filter: 4097
        ->  Nested Loop  (cost=310.00..167400.00 rows=1275 width=27) (actual time=2.480..88.353 rows=8797 loops=1)
              ->  Nested Loop  (cost=307.00..161800.00 rows=700 width=25) (actual time=2.470..63.333 rows=7874 loops=1)
                    ->  Nested Loop  (cost=307.00..161800.00 rows=1012 width=4) (actual time=2.462..29.866 rows=12951 loops=1)
                          ->  Seq Scan on keyword k  (cost=0.00..134170.00 rows=30 width=4) (actual time=0.885..16.028 rows=30 loops=1)
                                Filter: (keyword ~~ '%sequel%'::text)
                                Rows Removed by Filter: 134140
                          ->  Bitmap Heap Scan on movie_keyword mk  (cost=307.00..614.00 rows=307 width=8) (actual time=0.067..0.388 rows=432 loops=30)
                                Recheck Cond: (keyword_id = k.id)
                                Heap Blocks: exact=6979
                                ->  Bitmap Index Scan on keyword_id_movie_keyword  (cost=0.00..307.00 rows=307 width=0) (actual time=0.037..0.037 rows=432 loops=30)
                                      Index Cond: (keyword_id = k.id)
                    ->  Index Scan using title_pkey on title t  (cost=0.00..2.00 rows=1749032 width=21) (actual time=0.002..0.002 rows=1 loops=12951)
                          Index Cond: (id = mk.movie_id)
                          Filter: (production_year > 1990)
                          Rows Removed by Filter: 0
              ->  Bitmap Heap Scan on movie_info_idx mi_idx  (cost=3.00..6.00 rows=2 width=14) (actual time=0.002..0.003 rows=1 loops=7874)
                    Recheck Cond: (movie_id = t.id)
                    Filter: (info > '2.0'::text)
                    Rows Removed by Filter: 1
                    Heap Blocks: exact=4826
                    ->  Bitmap Index Scan on movie_id_movie_info_idx  (cost=0.00..3.00 rows=3 width=0) (actual time=0.002..0.002 rows=2 loops=7874)
                          Index Cond: (movie_id = t.id)
        ->  Materialize  (cost=0.00..113.00 rows=1 width=4) (actual time=0.000..0.000 rows=1 loops=8797)
              ->  Seq Scan on info_type it  (cost=0.00..113.00 rows=1 width=4) (actual time=0.020..0.021 rows=1 loops=1)
                    Filter: ((info)::text = 'rating'::text)
                    Rows Removed by Filter: 112
Planning time: 0.888 ms
Execution time: 92.778 ms
