Aggregate  (cost=233729.01..233730.01 rows=1 width=64) (actual time=93.665..93.665 rows=1 loops=1)
  ->  Merge Join  (cost=233585.01..233729.01 rows=669 width=23) (actual time=91.557..92.731 rows=4700 loops=1)
        Merge Cond: (mi_idx.info_type_id = it.id)
        ->  Sort  (cost=233472.01..233472.01 rows=16314 width=27) (actual time=90.763..91.442 rows=8784 loops=1)
              Sort Key: mi_idx.info_type_id
              Sort Method: quicksort  Memory: 1139kB
              ->  Nested Loop  (cost=310.00..233472.01 rows=16314 width=27) (actual time=2.596..88.590 rows=8797 loops=1)
                    ->  Nested Loop  (cost=307.00..161800.01 rows=8959 width=25) (actual time=2.586..62.974 rows=7874 loops=1)
                          ->  Nested Loop  (cost=307.00..161800.00 rows=12951 width=4) (actual time=2.578..29.892 rows=12951 loops=1)
                                ->  Seq Scan on keyword k  (cost=0.00..134170.00 rows=30 width=4) (actual time=0.899..16.466 rows=30 loops=1)
                                      Filter: (keyword ~~ '%sequel%'::text)
                                      Rows Removed by Filter: 134140
                                ->  Bitmap Heap Scan on movie_keyword mk  (cost=307.00..614.00 rows=307 width=8) (actual time=0.069..0.373 rows=432 loops=30)
                                      Recheck Cond: (keyword_id = k.id)
                                      Heap Blocks: exact=6979
                                      ->  Bitmap Index Scan on keyword_id_movie_keyword  (cost=0.00..307.00 rows=307 width=0) (actual time=0.039..0.039 rows=432 loops=30)
                                            Index Cond: (keyword_id = k.id)
                          ->  Index Scan using title_pkey on title t  (cost=0.00..2.00 rows=1749032 width=21) (actual time=0.002..0.002 rows=1 loops=12951)
                                Index Cond: (id = mk.movie_id)
                                Filter: (production_year > 1990)
                                Rows Removed by Filter: 0
                    ->  Bitmap Heap Scan on movie_info_idx mi_idx  (cost=3.00..6.00 rows=2 width=14) (actual time=0.002..0.003 rows=1 loops=7874)
                          Recheck Cond: (movie_id = t.id)
                          Filter: (info > '2.0'::text)
                          Rows Removed by Filter: 1
                          Heap Blocks: exact=4826
                          ->  Bitmap Index Scan on movie_id_movie_info_idx  (cost=0.00..3.00 rows=3 width=0) (actual time=0.002..0.002 rows=2 loops=7874)
                                Index Cond: (movie_id = t.id)
        ->  Sort  (cost=113.00..113.00 rows=1 width=4) (actual time=0.016..0.016 rows=1 loops=1)
              Sort Key: it.id
              Sort Method: quicksort  Memory: 25kB
              ->  Seq Scan on info_type it  (cost=0.00..113.00 rows=1 width=4) (actual time=0.009..0.010 rows=1 loops=1)
                    Filter: ((info)::text = 'rating'::text)
                    Rows Removed by Filter: 112
Planning time: 0.888 ms
Execution time: 93.783 ms
