Aggregate  (cost=2649176.05..2649177.05 rows=1 width=32) (actual time=191.186..191.186 rows=1 loops=1)
  ->  Nested Loop  (cost=0.00..2649176.05 rows=129 width=17) (actual time=191.183..191.183 rows=0 loops=1)
        ->  Nested Loop  (cost=0.00..2648920.00 rows=129 width=21) (actual time=191.182..191.182 rows=0 loops=1)
              ->  Nested Loop  (cost=0.00..2613305.00 rows=419 width=25) (actual time=191.182..191.182 rows=0 loops=1)
                    ->  Nested Loop  (cost=0.00..2611219.00 rows=1043 width=4) (actual time=191.182..191.182 rows=0 loops=1)
                          ->  Seq Scan on company_type ct  (cost=0.00..4.00 rows=1 width=4) (actual time=0.004..0.006 rows=1 loops=1)
                                Filter: ((kind)::text = 'production companies'::text)
                                Rows Removed by Filter: 3
                          ->  Index Scan using company_type_id_movie_companies on movie_companies mc  (cost=0.00..2609128.00 rows=2087 width=8) (actual time=191.174..191.174 rows=0 loops=1)
                                Index Cond: (company_type_id = ct.id)
                                Filter: ((note ~~ '%(theatrical)%'::text) AND (note ~~ '%(France)%'::text))
                                Rows Removed by Filter: 1334883
                    ->  Index Scan using title_pkey on title t  (cost=0.00..2.00 rows=1 width=21) (never executed)
                          Index Cond: (id = mc.movie_id)
                          Filter: (production_year > 2005)
              ->  Index Scan using movie_id_movie_info on movie_info mi  (cost=0.00..84.00 rows=1 width=8) (never executed)
                    Index Cond: (movie_id = t.id)
                    Filter: (info = ANY ('{Sweden,Norway,Germany,Denmark,Swedish,Denish,Norwegian,German}'::text[]))
        ->  Index Only Scan using info_type_pkey on info_type it  (cost=0.00..2.00 rows=1 width=4) (never executed)
              Index Cond: (id = mi.info_type_id)
              Heap Fetches: 0
Planning time: 0.867 ms
Execution time: 191.225 ms
