Aggregate  (cost=2613147.10..2613148.10 rows=1 width=32) (actual time=374.346..374.347 rows=1 loops=1)
  ->  Nested Loop  (cost=42.00..2613147.10 rows=1 width=17) (actual time=374.344..374.344 rows=0 loops=1)
        ->  Nested Loop  (cost=42.00..2613147.05 rows=1 width=21) (actual time=374.344..374.344 rows=0 loops=1)
              ->  Nested Loop  (cost=0.00..2613062.05 rows=0 width=25) (actual time=374.343..374.343 rows=0 loops=1)
                    Join Filter: (mc.company_type_id = ct.id)
                    Rows Removed by Join Filter: 3929
                    ->  Nested Loop  (cost=0.00..2609129.05 rows=3929 width=29) (actual time=2.823..372.743 rows=3929 loops=1)
                          ->  Seq Scan on movie_companies mc  (cost=0.00..2609129.00 rows=24025 width=8) (actual time=2.804..317.171 rows=24025 loops=1)
                                Filter: ((note ~~ '%(theatrical)%'::text) AND (note ~~ '%(France)%'::text))
                                Rows Removed by Filter: 2585104
                          ->  Index Scan using title_pkey on title t  (cost=0.00..2.00 rows=1012920 width=21) (actual time=0.002..0.002 rows=0 loops=24025)
                                Index Cond: (id = mc.movie_id)
                                Filter: (production_year > 2005)
                                Rows Removed by Filter: 1
                    ->  Materialize  (cost=0.00..4.00 rows=1 width=4) (actual time=0.000..0.000 rows=1 loops=3929)
                          ->  Seq Scan on company_type ct  (cost=0.00..4.00 rows=1 width=4) (actual time=0.014..0.014 rows=1 loops=1)
                                Filter: ((kind)::text = 'production companies'::text)
                                Rows Removed by Filter: 3
              ->  Bitmap Heap Scan on movie_info mi  (cost=42.00..84.00 rows=1 width=8) (never executed)
                    Recheck Cond: (movie_id = t.id)
                    Filter: (info = ANY ('{Sweden,Norway,Germany,Denmark,Swedish,Denish,Norwegian,German}'::text[]))
                    ->  Bitmap Index Scan on movie_id_movie_info  (cost=0.00..42.00 rows=42 width=0) (never executed)
                          Index Cond: (movie_id = t.id)
        ->  Index Only Scan using info_type_pkey on info_type it  (cost=0.00..2.00 rows=113 width=4) (never executed)
              Index Cond: (id = mi.info_type_id)
              Heap Fetches: 0
Planning time: 0.935 ms
Execution time: 374.389 ms
