Aggregate  (cost=2609364.04..2609365.04 rows=1 width=32) (actual time=187.646..187.646 rows=1 loops=1)
  ->  Nested Loop  (cost=0.00..2609364.04 rows=2 width=17) (actual time=187.644..187.644 rows=0 loops=1)
        ->  Nested Loop  (cost=0.00..2609360.00 rows=2 width=21) (actual time=187.644..187.644 rows=0 loops=1)
              ->  Nested Loop  (cost=0.00..2609188.00 rows=2 width=25) (actual time=187.644..187.644 rows=0 loops=1)
                    ->  Nested Loop  (cost=0.00..2609160.00 rows=14 width=4) (actual time=187.643..187.643 rows=0 loops=1)
                          ->  Seq Scan on company_type ct  (cost=0.00..4.00 rows=1 width=4) (actual time=0.004..0.007 rows=1 loops=1)
                                Filter: ((kind)::text = 'production companies'::text)
                                Rows Removed by Filter: 3
                          ->  Index Scan using company_type_id_movie_companies on movie_companies mc  (cost=0.00..2609128.00 rows=28 width=8) (actual time=187.635..187.635 rows=0 loops=1)
                                Index Cond: (company_type_id = ct.id)
                                Filter: ((note ~~ '%(VHS)%'::text) AND (note ~~ '%(USA)%'::text) AND (note ~~ '%(1994)%'::text))
                                Rows Removed by Filter: 1334883
                    ->  Index Scan using title_pkey on title t  (cost=0.00..2.00 rows=1 width=21) (never executed)
                          Index Cond: (id = mc.movie_id)
                          Filter: (production_year > 2010)
              ->  Index Scan using movie_id_movie_info on movie_info mi  (cost=0.00..84.00 rows=2 width=8) (never executed)
                    Index Cond: (movie_id = t.id)
                    Filter: (info = ANY ('{USA,America}'::text[]))
        ->  Index Only Scan using info_type_pkey on info_type it  (cost=0.00..2.00 rows=1 width=4) (never executed)
              Index Cond: (id = mi.info_type_id)
              Heap Fetches: 0
Planning time: 0.864 ms
Execution time: 187.683 ms
