Aggregate  (cost=2609219.06..2609220.06 rows=1 width=32) (actual time=286.894..286.894 rows=1 loops=1)
  ->  Nested Loop  (cost=42.00..2609219.06 rows=1 width=17) (actual time=286.892..286.892 rows=0 loops=1)
        ->  Nested Loop  (cost=42.00..2609219.01 rows=0 width=21) (actual time=286.891..286.891 rows=0 loops=1)
              ->  Nested Loop  (cost=0.00..2609133.01 rows=0 width=25) (actual time=286.891..286.891 rows=0 loops=1)
                    ->  Nested Loop  (cost=0.00..2609129.01 rows=0 width=29) (actual time=286.891..286.891 rows=0 loops=1)
                          ->  Seq Scan on movie_companies mc  (cost=0.00..2609129.00 rows=1418 width=8) (actual time=1.275..282.481 rows=1418 loops=1)
                                Filter: ((note ~~ '%(VHS)%'::text) AND (note ~~ '%(USA)%'::text) AND (note ~~ '%(1994)%'::text))
                                Rows Removed by Filter: 2607711
                          ->  Index Scan using title_pkey on title t  (cost=0.00..2.00 rows=391666 width=21) (actual time=0.003..0.003 rows=0 loops=1418)
                                Index Cond: (id = mc.movie_id)
                                Filter: (production_year > 2010)
                                Rows Removed by Filter: 1
                    ->  Index Scan using company_type_pkey on company_type ct  (cost=0.00..2.00 rows=1 width=4) (never executed)
                          Index Cond: (id = mc.company_type_id)
                          Filter: ((kind)::text = 'production companies'::text)
              ->  Bitmap Heap Scan on movie_info mi  (cost=42.00..84.00 rows=2 width=8) (never executed)
                    Recheck Cond: (movie_id = t.id)
                    Filter: (info = ANY ('{USA,America}'::text[]))
                    ->  Bitmap Index Scan on movie_id_movie_info  (cost=0.00..42.00 rows=42 width=0) (never executed)
                          Index Cond: (movie_id = t.id)
        ->  Index Only Scan using info_type_pkey on info_type it  (cost=0.00..2.00 rows=113 width=4) (never executed)
              Index Cond: (id = mi.info_type_id)
              Heap Fetches: 0
Planning time: 0.984 ms
Execution time: 286.940 ms
