Aggregate  (cost=136079.01..136080.01 rows=1 width=96) (actual time=649.568..649.569 rows=1 loops=1)
  ->  Nested Loop  (cost=0.00..136079.01 rows=1 width=48) (actual time=141.087..649.548 rows=6 loops=1)
        ->  Nested Loop  (cost=0.00..135699.00 rows=190 width=37) (actual time=4.279..29.332 rows=1224 loops=1)
              ->  Nested Loop  (cost=0.00..135159.00 rows=5 width=41) (actual time=2.447..10.592 rows=11 loops=1)
                    ->  Nested Loop  (cost=0.00..135091.00 rows=34 width=20) (actual time=2.435..10.493 rows=14 loops=1)
                          ->  Seq Scan on keyword k  (cost=0.00..134170.00 rows=1 width=20) (actual time=0.249..8.280 rows=1 loops=1)
                                Filter: (keyword = 'marvel-cinematic-universe'::text)
                                Rows Removed by Filter: 134169
                          ->  Index Scan using keyword_id_movie_keyword on movie_keyword mk  (cost=0.00..614.00 rows=307 width=8) (actual time=2.185..2.205 rows=14 loops=1)
                                Index Cond: (keyword_id = k.id)
                    ->  Index Scan using title_pkey on title t  (cost=0.00..2.00 rows=1 width=21) (actual time=0.006..0.006 rows=1 loops=14)
                          Index Cond: (id = mk.movie_id)
                          Filter: (production_year > 2010)
                          Rows Removed by Filter: 0
              ->  Index Scan using movie_id_cast_info on cast_info ci  (cost=0.00..72.00 rows=36 width=8) (actual time=0.997..1.677 rows=111 loops=11)
                    Index Cond: (movie_id = t.id)
        ->  Index Scan using name_pkey on name n  (cost=0.00..2.00 rows=1 width=19) (actual time=0.506..0.506 rows=0 loops=1224)
              Index Cond: (id = ci.person_id)
              Filter: (name ~~ '%Downey%Robert%'::text)
              Rows Removed by Filter: 1
Planning time: 0.795 ms
Execution time: 649.610 ms
