Aggregate  (cost=135557.33..135558.33 rows=1 width=96) (actual time=12.967..12.967 rows=1 loops=1)
  ->  Nested Loop  (cost=343.00..135557.33 rows=1 width=48) (actual time=1.215..12.959 rows=6 loops=1)
        ->  Nested Loop  (cost=343.00..135307.00 rows=249 width=37) (actual time=0.257..9.665 rows=1224 loops=1)
              ->  Nested Loop  (cost=307.00..135091.00 rows=2 width=41) (actual time=0.246..8.125 rows=11 loops=1)
                    ->  Nested Loop  (cost=307.00..135091.00 rows=14 width=20) (actual time=0.240..8.064 rows=14 loops=1)
                          ->  Seq Scan on keyword k  (cost=0.00..134170.00 rows=1 width=20) (actual time=0.229..8.035 rows=1 loops=1)
                                Filter: (keyword = 'marvel-cinematic-universe'::text)
                                Rows Removed by Filter: 134169
                          ->  Bitmap Heap Scan on movie_keyword mk  (cost=307.00..614.00 rows=307 width=8) (actual time=0.010..0.024 rows=14 loops=1)
                                Recheck Cond: (keyword_id = k.id)
                                Heap Blocks: exact=12
                                ->  Bitmap Index Scan on keyword_id_movie_keyword  (cost=0.00..307.00 rows=307 width=0) (actual time=0.007..0.007 rows=14 loops=1)
                                      Index Cond: (keyword_id = k.id)
                    ->  Index Scan using title_pkey on title t  (cost=0.00..2.00 rows=391666 width=21) (actual time=0.004..0.004 rows=1 loops=14)
                          Index Cond: (id = mk.movie_id)
                          Filter: (production_year > 2010)
                          Rows Removed by Filter: 0
              ->  Bitmap Heap Scan on cast_info ci  (cost=36.00..72.00 rows=36 width=8) (actual time=0.021..0.119 rows=111 loops=11)
                    Recheck Cond: (movie_id = t.id)
                    Heap Blocks: exact=1165
                    ->  Bitmap Index Scan on movie_id_cast_info  (cost=0.00..36.00 rows=36 width=0) (actual time=0.010..0.010 rows=111 loops=11)
                          Index Cond: (movie_id = t.id)
        ->  Index Scan using name_pkey on name n  (cost=0.00..2.00 rows=2 width=19) (actual time=0.002..0.002 rows=0 loops=1224)
              Index Cond: (id = ci.person_id)
              Filter: (name ~~ '%Downey%Robert%'::text)
              Rows Removed by Filter: 1
Planning time: 0.868 ms
Execution time: 13.007 ms
