Aggregate  (cost=135557.33..135558.33 rows=1 width=96) (actual time=15.061..15.061 rows=1 loops=1)
  ->  Nested Loop  (cost=343.00..135557.33 rows=1 width=48) (actual time=1.454..15.051 rows=6 loops=1)
        ->  Nested Loop  (cost=343.00..135307.00 rows=249 width=37) (actual time=0.274..10.973 rows=1224 loops=1)
              ->  Nested Loop  (cost=307.00..135091.00 rows=2 width=41) (actual time=0.259..9.140 rows=11 loops=1)
                    ->  Nested Loop  (cost=307.00..135091.00 rows=14 width=20) (actual time=0.252..9.065 rows=14 loops=1)
                          ->  Seq Scan on keyword k  (cost=0.00..134170.00 rows=1 width=20) (actual time=0.236..9.026 rows=1 loops=1)
                                Filter: (keyword = 'marvel-cinematic-universe'::text)
                                Rows Removed by Filter: 134169
                          ->  Bitmap Heap Scan on movie_keyword mk  (cost=307.00..614.00 rows=307 width=8) (actual time=0.015..0.033 rows=14 loops=1)
                                Recheck Cond: (keyword_id = k.id)
                                Heap Blocks: exact=12
                                ->  Bitmap Index Scan on keyword_id_movie_keyword  (cost=0.00..307.00 rows=307 width=0) (actual time=0.009..0.009 rows=14 loops=1)
                                      Index Cond: (keyword_id = k.id)
                    ->  Index Scan using title_pkey on title t  (cost=0.00..2.00 rows=391666 width=21) (actual time=0.005..0.005 rows=1 loops=14)
                          Index Cond: (id = mk.movie_id)
                          Filter: (production_year > 2010)
                          Rows Removed by Filter: 0
              ->  Bitmap Heap Scan on cast_info ci  (cost=36.00..72.00 rows=36 width=8) (actual time=0.023..0.145 rows=111 loops=11)
                    Recheck Cond: (movie_id = t.id)
                    Heap Blocks: exact=1165
                    ->  Bitmap Index Scan on movie_id_cast_info  (cost=0.00..36.00 rows=36 width=0) (actual time=0.011..0.011 rows=111 loops=11)
                          Index Cond: (movie_id = t.id)
        ->  Index Scan using name_pkey on name n  (cost=0.00..2.00 rows=2 width=19) (actual time=0.003..0.003 rows=0 loops=1224)
              Index Cond: (id = ci.person_id)
              Filter: (name ~~ '%Downey%Robert%'::text)
              Rows Removed by Filter: 1
Planning time: 0.878 ms
Execution time: 15.107 ms
