Aggregate  (cost=141650.58..141651.58 rows=1 width=96) (actual time=136.778..136.778 rows=1 loops=1)
  ->  Nested Loop  (cost=343.00..141650.58 rows=1 width=48) (actual time=6.919..136.763 rows=12 loops=1)
        ->  Nested Loop  (cost=343.00..141647.24 rows=2 width=37) (actual time=2.247..135.605 rows=383 loops=1)
              ->  Nested Loop  (cost=307.00..141539.24 rows=1 width=41) (actual time=2.237..134.903 rows=36 loops=1)
                    ->  Nested Loop  (cost=307.00..141538.00 rows=270 width=20) (actual time=0.438..56.832 rows=35548 loops=1)
                          ->  Seq Scan on keyword k  (cost=0.00..134170.00 rows=8 width=20) (actual time=0.081..21.207 rows=8 loops=1)
                                Filter: (keyword = ANY ('{superhero,sequel,second-part,marvel-comics,based-on-comic,tv-special,fight,violence}'::text[]))
                                Rows Removed by Filter: 134162
                          ->  Bitmap Heap Scan on movie_keyword mk  (cost=307.00..614.00 rows=307 width=8) (actual time=0.681..3.743 rows=4444 loops=8)
                                Recheck Cond: (keyword_id = k.id)
                                Heap Blocks: exact=23488
                                ->  Bitmap Index Scan on keyword_id_movie_keyword  (cost=0.00..307.00 rows=307 width=0) (actual time=0.346..0.346 rows=4444 loops=8)
                                      Index Cond: (keyword_id = k.id)
                    ->  Index Scan using title_pkey on title t  (cost=0.00..2.00 rows=438 width=21) (actual time=0.002..0.002 rows=0 loops=35548)
                          Index Cond: (id = mk.movie_id)
                          Filter: (production_year > 2014)
                          Rows Removed by Filter: 1
              ->  Bitmap Heap Scan on cast_info ci  (cost=36.00..72.00 rows=36 width=8) (actual time=0.007..0.016 rows=11 loops=36)
                    Recheck Cond: (movie_id = t.id)
                    Heap Blocks: exact=340
                    ->  Bitmap Index Scan on movie_id_cast_info  (cost=0.00..36.00 rows=36 width=0) (actual time=0.005..0.005 rows=11 loops=36)
                          Index Cond: (movie_id = t.id)
        ->  Index Scan using name_pkey on name n  (cost=0.00..2.00 rows=2 width=19) (actual time=0.003..0.003 rows=0 loops=383)
              Index Cond: (id = ci.person_id)
              Filter: (name ~~ '%Downey%Robert%'::text)
              Rows Removed by Filter: 1
Planning time: 0.909 ms
Execution time: 136.827 ms
