Aggregate  (cost=145972.66..145973.66 rows=1 width=96) (actual time=144.197..144.197 rows=1 loops=1)
  ->  Nested Loop  (cost=343.00..145972.66 rows=12 width=48) (actual time=7.562..144.178 rows=12 loops=1)
        ->  Nested Loop  (cost=343.00..145588.33 rows=383 width=37) (actual time=2.482..142.864 rows=383 loops=1)
              ->  Nested Loop  (cost=307.00..141700.33 rows=36 width=41) (actual time=2.470..142.112 rows=36 loops=1)
                    ->  Nested Loop  (cost=307.00..141538.00 rows=35548 width=20) (actual time=0.468..59.003 rows=35548 loops=1)
                          ->  Seq Scan on keyword k  (cost=0.00..134170.00 rows=8 width=20) (actual time=0.082..21.179 rows=8 loops=1)
                                Filter: (keyword = ANY ('{superhero,sequel,second-part,marvel-comics,based-on-comic,tv-special,fight,violence}'::text[]))
                                Rows Removed by Filter: 134162
                          ->  Bitmap Heap Scan on movie_keyword mk  (cost=307.00..614.00 rows=307 width=8) (actual time=0.745..3.998 rows=4444 loops=8)
                                Recheck Cond: (keyword_id = k.id)
                                Heap Blocks: exact=23488
                                ->  Bitmap Index Scan on keyword_id_movie_keyword  (cost=0.00..307.00 rows=307 width=0) (actual time=0.379..0.379 rows=4444 loops=8)
                                      Index Cond: (keyword_id = k.id)
                    ->  Index Scan using title_pkey on title t  (cost=0.00..2.00 rows=438 width=21) (actual time=0.002..0.002 rows=0 loops=35548)
                          Index Cond: (id = mk.movie_id)
                          Filter: (production_year > 2014)
                          Rows Removed by Filter: 1
              ->  Bitmap Heap Scan on cast_info ci  (cost=36.00..72.00 rows=36 width=8) (actual time=0.008..0.018 rows=11 loops=36)
                    Recheck Cond: (movie_id = t.id)
                    Heap Blocks: exact=340
                    ->  Bitmap Index Scan on movie_id_cast_info  (cost=0.00..36.00 rows=36 width=0) (actual time=0.005..0.005 rows=11 loops=36)
                          Index Cond: (movie_id = t.id)
        ->  Index Scan using name_pkey on name n  (cost=0.00..2.00 rows=2 width=19) (actual time=0.003..0.003 rows=0 loops=383)
              Index Cond: (id = ci.person_id)
              Filter: (name ~~ '%Downey%Robert%'::text)
              Rows Removed by Filter: 1
Planning time: 0.885 ms
Execution time: 144.243 ms
