Aggregate  (cost=135269.02..135270.02 rows=1 width=96) (actual time=8.033..8.033 rows=1 loops=1)
  ->  Nested Loop  (cost=0.00..135269.02 rows=1 width=48) (actual time=0.326..8.028 rows=2 loops=1)
        ->  Nested Loop  (cost=0.00..135267.01 rows=1 width=37) (actual time=0.243..7.941 rows=33 loops=1)
              ->  Nested Loop  (cost=0.00..135159.01 rows=1 width=41) (actual time=0.238..7.906 rows=2 loops=1)
                    ->  Nested Loop  (cost=0.00..135091.00 rows=34 width=20) (actual time=0.229..7.865 rows=14 loops=1)
                          ->  Seq Scan on keyword k  (cost=0.00..134170.00 rows=1 width=20) (actual time=0.223..7.848 rows=1 loops=1)
                                Filter: (keyword = 'marvel-cinematic-universe'::text)
                                Rows Removed by Filter: 134169
                          ->  Index Scan using keyword_id_movie_keyword on movie_keyword mk  (cost=0.00..614.00 rows=307 width=8) (actual time=0.005..0.013 rows=14 loops=1)
                                Index Cond: (keyword_id = k.id)
                    ->  Index Scan using title_pkey on title t  (cost=0.00..2.00 rows=1 width=21) (actual time=0.003..0.003 rows=0 loops=14)
                          Index Cond: (id = mk.movie_id)
                          Filter: (production_year > 2014)
                          Rows Removed by Filter: 1
              ->  Index Scan using movie_id_cast_info on cast_info ci  (cost=0.00..72.00 rows=36 width=8) (actual time=0.004..0.014 rows=16 loops=2)
                    Index Cond: (movie_id = t.id)
        ->  Index Scan using name_pkey on name n  (cost=0.00..2.00 rows=1 width=19) (actual time=0.002..0.002 rows=0 loops=33)
              Index Cond: (id = ci.person_id)
              Filter: (name ~~ '%Downey%Robert%'::text)
              Rows Removed by Filter: 1
Planning time: 0.802 ms
Execution time: 8.069 ms
