Aggregate  (cost=135201.50..135202.50 rows=1 width=96) (actual time=8.443..8.443 rows=1 loops=1)
  ->  Nested Loop  (cost=343.00..135201.50 rows=1 width=48) (actual time=0.392..8.439 rows=2 loops=1)
        ->  Nested Loop  (cost=343.00..135199.16 rows=1 width=37) (actual time=0.264..8.319 rows=33 loops=1)
              ->  Nested Loop  (cost=307.00..135091.16 rows=1 width=41) (actual time=0.254..8.258 rows=2 loops=1)
                    ->  Nested Loop  (cost=307.00..135091.00 rows=34 width=20) (actual time=0.240..8.197 rows=14 loops=1)
                          ->  Seq Scan on keyword k  (cost=0.00..134170.00 rows=1 width=20) (actual time=0.227..8.164 rows=1 loops=1)
                                Filter: (keyword = 'marvel-cinematic-universe'::text)
                                Rows Removed by Filter: 134169
                          ->  Bitmap Heap Scan on movie_keyword mk  (cost=307.00..614.00 rows=307 width=8) (actual time=0.012..0.028 rows=14 loops=1)
                                Recheck Cond: (keyword_id = k.id)
                                Heap Blocks: exact=12
                                ->  Bitmap Index Scan on keyword_id_movie_keyword  (cost=0.00..307.00 rows=307 width=0) (actual time=0.007..0.007 rows=14 loops=1)
                                      Index Cond: (keyword_id = k.id)
                    ->  Index Scan using title_pkey on title t  (cost=0.00..2.00 rows=438 width=21) (actual time=0.004..0.004 rows=0 loops=14)
                          Index Cond: (id = mk.movie_id)
                          Filter: (production_year > 2014)
                          Rows Removed by Filter: 1
              ->  Bitmap Heap Scan on cast_info ci  (cost=36.00..72.00 rows=36 width=8) (actual time=0.010..0.027 rows=16 loops=2)
                    Recheck Cond: (movie_id = t.id)
                    Heap Blocks: exact=27
                    ->  Bitmap Index Scan on movie_id_cast_info  (cost=0.00..36.00 rows=36 width=0) (actual time=0.006..0.006 rows=16 loops=2)
                          Index Cond: (movie_id = t.id)
        ->  Index Scan using name_pkey on name n  (cost=0.00..2.00 rows=2 width=19) (actual time=0.003..0.003 rows=0 loops=33)
              Index Cond: (id = ci.person_id)
              Filter: (name ~~ '%Downey%Robert%'::text)
              Rows Removed by Filter: 1
Planning time: 0.862 ms
Execution time: 8.486 ms
