Aggregate  (cost=135341.41..135342.41 rows=1 width=96) (actual time=7.935..7.935 rows=1 loops=1)
  ->  Nested Loop  (cost=343.00..135341.41 rows=2 width=48) (actual time=0.338..7.931 rows=2 loops=1)
        ->  Nested Loop  (cost=343.00..135307.07 rows=33 width=37) (actual time=0.246..7.844 rows=33 loops=1)
              ->  Nested Loop  (cost=307.00..135091.07 rows=2 width=41) (actual time=0.238..7.797 rows=2 loops=1)
                    ->  Nested Loop  (cost=307.00..135091.00 rows=14 width=20) (actual time=0.228..7.751 rows=14 loops=1)
                          ->  Seq Scan on keyword k  (cost=0.00..134170.00 rows=1 width=20) (actual time=0.217..7.726 rows=1 loops=1)
                                Filter: (keyword = 'marvel-cinematic-universe'::text)
                                Rows Removed by Filter: 134169
                          ->  Bitmap Heap Scan on movie_keyword mk  (cost=307.00..614.00 rows=307 width=8) (actual time=0.010..0.021 rows=14 loops=1)
                                Recheck Cond: (keyword_id = k.id)
                                Heap Blocks: exact=12
                                ->  Bitmap Index Scan on keyword_id_movie_keyword  (cost=0.00..307.00 rows=307 width=0) (actual time=0.006..0.006 rows=14 loops=1)
                                      Index Cond: (keyword_id = k.id)
                    ->  Index Scan using title_pkey on title t  (cost=0.00..2.00 rows=438 width=21) (actual time=0.003..0.003 rows=0 loops=14)
                          Index Cond: (id = mk.movie_id)
                          Filter: (production_year > 2014)
                          Rows Removed by Filter: 1
              ->  Bitmap Heap Scan on cast_info ci  (cost=36.00..72.00 rows=36 width=8) (actual time=0.007..0.019 rows=16 loops=2)
                    Recheck Cond: (movie_id = t.id)
                    Heap Blocks: exact=27
                    ->  Bitmap Index Scan on movie_id_cast_info  (cost=0.00..36.00 rows=36 width=0) (actual time=0.004..0.004 rows=16 loops=2)
                          Index Cond: (movie_id = t.id)
        ->  Index Scan using name_pkey on name n  (cost=0.00..2.00 rows=2 width=19) (actual time=0.002..0.002 rows=0 loops=33)
              Index Cond: (id = ci.person_id)
              Filter: (name ~~ '%Downey%Robert%'::text)
              Rows Removed by Filter: 1
Planning time: 0.822 ms
Execution time: 7.972 ms
