Aggregate  (cost=137813.33..137814.33 rows=1 width=96) (actual time=14.086..14.086 rows=1 loops=1)
  ->  Nested Loop  (cost=343.00..137813.33 rows=1 width=48) (actual time=1.458..14.075 rows=6 loops=1)
        ->  Nested Loop  (cost=343.00..137143.00 rows=669 width=37) (actual time=0.269..10.079 rows=1224 loops=1)
              ->  Nested Loop  (cost=307.00..135091.00 rows=19 width=41) (actual time=0.255..8.262 rows=11 loops=1)
                    ->  Nested Loop  (cost=307.00..135091.00 rows=34 width=20) (actual time=0.249..8.187 rows=14 loops=1)
                          ->  Seq Scan on keyword k  (cost=0.00..134170.00 rows=1 width=20) (actual time=0.233..8.150 rows=1 loops=1)
                                Filter: (keyword = 'marvel-cinematic-universe'::text)
                                Rows Removed by Filter: 134169
                          ->  Bitmap Heap Scan on movie_keyword mk  (cost=307.00..614.00 rows=307 width=8) (actual time=0.014..0.032 rows=14 loops=1)
                                Recheck Cond: (keyword_id = k.id)
                                Heap Blocks: exact=12
                                ->  Bitmap Index Scan on keyword_id_movie_keyword  (cost=0.00..307.00 rows=307 width=0) (actual time=0.009..0.009 rows=14 loops=1)
                                      Index Cond: (keyword_id = k.id)
                    ->  Index Scan using title_pkey on title t  (cost=0.00..2.00 rows=1381453 width=21) (actual time=0.005..0.005 rows=1 loops=14)
                          Index Cond: (id = mk.movie_id)
                          Filter: (production_year > 2000)
                          Rows Removed by Filter: 0
              ->  Bitmap Heap Scan on cast_info ci  (cost=36.00..72.00 rows=36 width=8) (actual time=0.022..0.144 rows=111 loops=11)
                    Recheck Cond: (movie_id = t.id)
                    Heap Blocks: exact=1165
                    ->  Bitmap Index Scan on movie_id_cast_info  (cost=0.00..36.00 rows=36 width=0) (actual time=0.011..0.011 rows=111 loops=11)
                          Index Cond: (movie_id = t.id)
        ->  Index Scan using name_pkey on name n  (cost=0.00..2.00 rows=2 width=19) (actual time=0.003..0.003 rows=0 loops=1224)
              Index Cond: (id = ci.person_id)
              Filter: (name ~~ '%Downey%Robert%'::text)
              Rows Removed by Filter: 1
Planning time: 0.851 ms
Execution time: 14.132 ms
