Aggregate  (cost=137504.33..137505.33 rows=1 width=96) (actual time=11.620..11.620 rows=1 loops=1)
  ->  Nested Loop  (cost=343.00..137504.33 rows=6 width=48) (actual time=1.019..11.613 rows=6 loops=1)
        ->  Nested Loop  (cost=343.00..136279.00 rows=1224 width=37) (actual time=0.240..8.903 rows=1224 loops=1)
              ->  Nested Loop  (cost=307.00..135091.00 rows=11 width=41) (actual time=0.231..7.619 rows=11 loops=1)
                    ->  Nested Loop  (cost=307.00..135091.00 rows=14 width=20) (actual time=0.226..7.574 rows=14 loops=1)
                          ->  Seq Scan on keyword k  (cost=0.00..134170.00 rows=1 width=20) (actual time=0.216..7.549 rows=1 loops=1)
                                Filter: (keyword = 'marvel-cinematic-universe'::text)
                                Rows Removed by Filter: 134169
                          ->  Bitmap Heap Scan on movie_keyword mk  (cost=307.00..614.00 rows=307 width=8) (actual time=0.009..0.021 rows=14 loops=1)
                                Recheck Cond: (keyword_id = k.id)
                                Heap Blocks: exact=12
                                ->  Bitmap Index Scan on keyword_id_movie_keyword  (cost=0.00..307.00 rows=307 width=0) (actual time=0.006..0.006 rows=14 loops=1)
                                      Index Cond: (keyword_id = k.id)
                    ->  Index Scan using title_pkey on title t  (cost=0.00..2.00 rows=1381453 width=21) (actual time=0.003..0.003 rows=1 loops=14)
                          Index Cond: (id = mk.movie_id)
                          Filter: (production_year > 2000)
                          Rows Removed by Filter: 0
              ->  Bitmap Heap Scan on cast_info ci  (cost=36.00..72.00 rows=36 width=8) (actual time=0.019..0.096 rows=111 loops=11)
                    Recheck Cond: (movie_id = t.id)
                    Heap Blocks: exact=1165
                    ->  Bitmap Index Scan on movie_id_cast_info  (cost=0.00..36.00 rows=36 width=0) (actual time=0.009..0.009 rows=111 loops=11)
                          Index Cond: (movie_id = t.id)
        ->  Index Scan using name_pkey on name n  (cost=0.00..2.00 rows=2 width=19) (actual time=0.002..0.002 rows=0 loops=1224)
              Index Cond: (id = ci.person_id)
              Filter: (name ~~ '%Downey%Robert%'::text)
              Rows Removed by Filter: 1
Planning time: 0.838 ms
Execution time: 11.659 ms
