Aggregate  (cost=157522.00..157523.00 rows=1 width=96) (actual time=3867.114..3867.114 rows=1 loops=1)
  ->  Nested Loop  (cost=343.00..157522.00 rows=5348 width=48) (actual time=0.484..3619.400 rows=785477 loops=1)
        ->  Nested Loop  (cost=343.00..157522.00 rows=5348 width=37) (actual time=0.477..1270.941 rows=785477 loops=1)
              ->  Nested Loop  (cost=307.00..141538.00 rows=148 width=41) (actual time=0.469..172.118 rows=14165 loops=1)
                    ->  Nested Loop  (cost=307.00..141538.00 rows=270 width=20) (actual time=0.461..67.570 rows=35548 loops=1)
                          ->  Seq Scan on keyword k  (cost=0.00..134170.00 rows=8 width=20) (actual time=0.083..21.528 rows=8 loops=1)
                                Filter: (keyword = ANY ('{superhero,sequel,second-part,marvel-comics,based-on-comic,tv-special,fight,violence}'::text[]))
                                Rows Removed by Filter: 134162
                          ->  Bitmap Heap Scan on movie_keyword mk  (cost=307.00..614.00 rows=307 width=8) (actual time=0.798..4.903 rows=4444 loops=8)
                                Recheck Cond: (keyword_id = k.id)
                                Heap Blocks: exact=23488
                                ->  Bitmap Index Scan on keyword_id_movie_keyword  (cost=0.00..307.00 rows=307 width=0) (actual time=0.422..0.422 rows=4444 loops=8)
                                      Index Cond: (keyword_id = k.id)
                    ->  Index Scan using title_pkey on title t  (cost=0.00..2.00 rows=1381453 width=21) (actual time=0.003..0.003 rows=0 loops=35548)
                          Index Cond: (id = mk.movie_id)
                          Filter: (production_year > 2000)
                          Rows Removed by Filter: 1
              ->  Bitmap Heap Scan on cast_info ci  (cost=36.00..72.00 rows=36 width=8) (actual time=0.011..0.067 rows=55 loops=14165)
                    Recheck Cond: (movie_id = t.id)
                    Heap Blocks: exact=750456
                    ->  Bitmap Index Scan on movie_id_cast_info  (cost=0.00..36.00 rows=36 width=0) (actual time=0.006..0.006 rows=55 loops=14165)
                          Index Cond: (movie_id = t.id)
        ->  Index Scan using name_pkey on name n  (cost=0.00..2.00 rows=4167491 width=19) (actual time=0.003..0.003 rows=1 loops=785477)
              Index Cond: (id = ci.person_id)
Planning time: 0.854 ms
Execution time: 3867.160 ms
