Aggregate  (cost=133901.08..133902.08 rows=1 width=64) (actual time=801.723..801.723 rows=1 loops=1)
  ->  Nested Loop  (cost=1939.00..133901.08 rows=1 width=32) (actual time=23.791..801.689 rows=32 loops=1)
        ->  Nested Loop  (cost=1939.00..133897.08 rows=1 width=36) (actual time=23.785..801.594 rows=32 loops=1)
              ->  Nested Loop  (cost=1913.00..91815.08 rows=794 width=44) (actual time=0.288..631.529 rows=19250 loops=1)
                    ->  Nested Loop  (cost=1911.00..81027.08 rows=1798 width=40) (actual time=0.252..553.047 rows=17559 loops=1)
                          ->  Nested Loop  (cost=1911.00..81027.03 rows=13795 width=21) (actual time=0.244..179.321 rows=105262 loops=1)
                                ->  Nested Loop  (cost=1875.00..5643.03 rows=698 width=25) (actual time=0.220..22.872 rows=1467 loops=1)
                                      ->  Nested Loop  (cost=1875.00..5643.00 rows=5186 width=4) (actual time=0.212..2.210 rows=5186 loops=1)
                                            ->  Seq Scan on link_type lt  (cost=0.00..18.00 rows=1 width=4) (actual time=0.004..0.007 rows=1 loops=1)
                                                  Filter: ((link)::text = 'features'::text)
                                                  Rows Removed by Filter: 17
                                            ->  Bitmap Heap Scan on movie_link ml  (cost=1875.00..3750.00 rows=1875 width=8) (actual time=0.207..1.167 rows=5186 loops=1)
                                                  Recheck Cond: (link_type_id = lt.id)
                                                  Heap Blocks: exact=132
                                                  ->  Bitmap Index Scan on link_type_id_movie_link  (cost=0.00..1875.00 rows=1875 width=0) (actual time=0.192..0.192 rows=5186 loops=1)
                                                        Index Cond: (link_type_id = lt.id)
                                      ->  Index Scan using title_pkey on title t  (cost=0.00..2.00 rows=340186 width=21) (actual time=0.004..0.004 rows=0 loops=5186)
                                            Index Cond: (id = ml.linked_movie_id)
                                            Filter: ((production_year >= 1980) AND (production_year <= 1995))
                                            Rows Removed by Filter: 1
                                ->  Bitmap Heap Scan on cast_info ci  (cost=36.00..72.00 rows=36 width=8) (actual time=0.015..0.093 rows=72 loops=1467)
                                      Recheck Cond: (movie_id = t.id)
                                      Heap Blocks: exact=102016
                                      ->  Bitmap Index Scan on movie_id_cast_info  (cost=0.00..36.00 rows=36 width=0) (actual time=0.008..0.008 rows=72 loops=1467)
                                            Index Cond: (movie_id = t.id)
                          ->  Index Scan using name_pkey on name n  (cost=0.00..2.00 rows=543291 width=19) (actual time=0.003..0.003 rows=0 loops=105262)
                                Index Cond: (id = ci.person_id)
                                Filter: (((name_pcode_cf)::text >= 'A'::text) AND ((name_pcode_cf)::text <= 'F'::text) AND (((gender)::text = 'm'::text) OR (((gender)::text = 'f'::text) AND (name ~~ 'B%'::text))))
                                Rows Removed by Filter: 1
                    ->  Bitmap Heap Scan on aka_name an  (cost=2.00..4.00 rows=2 width=4) (actual time=0.003..0.004 rows=1 loops=17559)
                          Recheck Cond: (person_id = n.id)
                          Filter: (name ~~ '%a%'::text)
                          Rows Removed by Filter: 0
                          Heap Blocks: exact=14528
                          ->  Bitmap Index Scan on person_id_aka_name  (cost=0.00..2.00 rows=2 width=0) (actual time=0.002..0.002 rows=2 loops=17559)
                                Index Cond: (person_id = n.id)
              ->  Bitmap Heap Scan on person_info pi  (cost=26.00..52.00 rows=1 width=8) (actual time=0.008..0.008 rows=0 loops=19250)
                    Recheck Cond: (person_id = n.id)
                    Filter: (note = 'Volker Boehm'::text)
                    Rows Removed by Filter: 40
                    Heap Blocks: exact=43461
                    ->  Bitmap Index Scan on person_id_person_info  (cost=0.00..26.00 rows=26 width=0) (actual time=0.003..0.003 rows=40 loops=19250)
                          Index Cond: (person_id = n.id)
        ->  Index Scan using info_type_pkey on info_type it  (cost=0.00..2.00 rows=1 width=4) (actual time=0.002..0.002 rows=1 loops=32)
              Index Cond: (id = pi.info_type_id)
              Filter: ((info)::text = 'mini biography'::text)
Planning time: 3.945 ms
Execution time: 801.795 ms
