Aggregate  (cost=297724.02..297725.02 rows=1 width=64) (actual time=59.931..59.931 rows=1 loops=1)
  ->  Nested Loop  (cost=513.00..297724.02 rows=1 width=32) (actual time=1.987..59.915 rows=32 loops=1)
        ->  Nested Loop  (cost=513.00..297720.02 rows=1 width=36) (actual time=1.983..59.791 rows=110 loops=1)
              ->  Nested Loop  (cost=511.00..297714.02 rows=1 width=48) (actual time=1.976..59.516 rows=54 loops=1)
                    ->  Nested Loop  (cost=509.00..295560.02 rows=359 width=52) (actual time=1.518..58.670 rows=390 loops=1)
                          ->  Nested Loop  (cost=509.00..295560.00 rows=2670 width=31) (actual time=1.491..51.281 rows=2670 loops=1)
                                ->  Nested Loop  (cost=0.00..269601.00 rows=17 width=23) (actual time=1.468..50.179 rows=17 loops=1)
                                      ->  Nested Loop  (cost=0.00..269601.00 rows=64 width=4) (actual time=0.508..49.785 rows=64 loops=1)
                                            ->  Seq Scan on info_type it  (cost=0.00..113.00 rows=1 width=4) (actual time=0.006..0.014 rows=1 loops=1)
                                                  Filter: ((info)::text = 'mini biography'::text)
                                                  Rows Removed by Filter: 112
                                            ->  Index Scan using info_type_id_person_info on person_info pi  (cost=0.00..269424.00 rows=64 width=8) (actual time=0.500..49.757 rows=64 loops=1)
                                                  Index Cond: (info_type_id = it.id)
                                                  Filter: (note = 'Volker Boehm'::text)
                                                  Rows Removed by Filter: 84120
                                      ->  Index Scan using name_pkey on name n  (cost=0.00..2.00 rows=543291 width=19) (actual time=0.006..0.006 rows=0 loops=64)
                                            Index Cond: (id = pi.person_id)
                                            Filter: (((name_pcode_cf)::text >= 'A'::text) AND ((name_pcode_cf)::text <= 'F'::text) AND (((gender)::text = 'm'::text) OR (((gender)::text = 'f'::text) AND (name ~~ 'B%'::text))))
                                            Rows Removed by Filter: 1
                                ->  Bitmap Heap Scan on cast_info ci  (cost=509.00..1018.00 rows=509 width=8) (actual time=0.015..0.037 rows=157 loops=17)
                                      Recheck Cond: (person_id = n.id)
                                      Heap Blocks: exact=87
                                      ->  Bitmap Index Scan on person_id_cast_info  (cost=0.00..509.00 rows=509 width=0) (actual time=0.011..0.011 rows=157 loops=17)
                                            Index Cond: (person_id = n.id)
                          ->  Index Scan using title_pkey on title t  (cost=0.00..2.00 rows=340186 width=21) (actual time=0.003..0.003 rows=0 loops=2670)
                                Index Cond: (id = ci.movie_id)
                                Filter: ((production_year >= 1980) AND (production_year <= 1995))
                                Rows Removed by Filter: 1
                    ->  Bitmap Heap Scan on movie_link ml  (cost=2.00..4.00 rows=2 width=8) (actual time=0.002..0.002 rows=0 loops=390)
                          Recheck Cond: (linked_movie_id = t.id)
                          Heap Blocks: exact=48
                          ->  Bitmap Index Scan on linked_movie_id_movie_link  (cost=0.00..2.00 rows=2 width=0) (actual time=0.001..0.001 rows=0 loops=390)
                                Index Cond: (linked_movie_id = t.id)
              ->  Bitmap Heap Scan on aka_name an  (cost=2.00..4.00 rows=2 width=4) (actual time=0.003..0.004 rows=2 loops=54)
                    Recheck Cond: (person_id = n.id)
                    Filter: (name ~~ '%a%'::text)
                    Rows Removed by Filter: 1
                    Heap Blocks: exact=98
                    ->  Bitmap Index Scan on person_id_aka_name  (cost=0.00..2.00 rows=2 width=0) (actual time=0.002..0.002 rows=3 loops=54)
                          Index Cond: (person_id = n.id)
        ->  Index Scan using link_type_pkey on link_type lt  (cost=0.00..2.00 rows=1 width=4) (actual time=0.001..0.001 rows=0 loops=110)
              Index Cond: (id = ml.link_type_id)
              Filter: ((link)::text = 'features'::text)
              Rows Removed by Filter: 1
Planning time: 3.986 ms
Execution time: 59.998 ms
