Aggregate  (cost=298056.02..298057.02 rows=1 width=64) (actual time=59.865..59.865 rows=1 loops=1)
  ->  Nested Loop  (cost=513.00..298056.02 rows=32 width=32) (actual time=2.006..59.850 rows=32 loops=1)
        ->  Nested Loop  (cost=511.00..297972.02 rows=14 width=44) (actual time=1.998..59.768 rows=14 loops=1)
              Join Filter: (ml.link_type_id = lt.id)
              Rows Removed by Join Filter: 40
              ->  Nested Loop  (cost=511.00..297900.02 rows=54 width=48) (actual time=1.981..59.724 rows=54 loops=1)
                    ->  Nested Loop  (cost=509.00..295560.02 rows=390 width=52) (actual time=1.481..58.877 rows=390 loops=1)
                          ->  Nested Loop  (cost=509.00..295560.00 rows=2670 width=31) (actual time=1.453..51.120 rows=2670 loops=1)
                                ->  Nested Loop  (cost=0.00..269601.00 rows=17 width=23) (actual time=1.435..50.031 rows=17 loops=1)
                                      ->  Nested Loop  (cost=0.00..269601.00 rows=64 width=4) (actual time=0.483..49.673 rows=64 loops=1)
                                            ->  Seq Scan on info_type it  (cost=0.00..113.00 rows=1 width=4) (actual time=0.007..0.014 rows=1 loops=1)
                                                  Filter: ((info)::text = 'mini biography'::text)
                                                  Rows Removed by Filter: 112
                                            ->  Index Scan using info_type_id_person_info on person_info pi  (cost=0.00..269424.00 rows=64 width=8) (actual time=0.475..49.644 rows=64 loops=1)
                                                  Index Cond: (info_type_id = it.id)
                                                  Filter: (note = 'Volker Boehm'::text)
                                                  Rows Removed by Filter: 84120
                                      ->  Index Scan using name_pkey on name n  (cost=0.00..2.00 rows=543291 width=19) (actual time=0.005..0.005 rows=0 loops=64)
                                            Index Cond: (id = pi.person_id)
                                            Filter: (((name_pcode_cf)::text >= 'A'::text) AND ((name_pcode_cf)::text <= 'F'::text) AND (((gender)::text = 'm'::text) OR (((gender)::text = 'f'::text) AND (name ~~ 'B%'::text))))
                                            Rows Removed by Filter: 1
                                ->  Bitmap Heap Scan on cast_info ci  (cost=509.00..1018.00 rows=509 width=8) (actual time=0.014..0.036 rows=157 loops=17)
                                      Recheck Cond: (person_id = n.id)
                                      Heap Blocks: exact=87
                                      ->  Bitmap Index Scan on person_id_cast_info  (cost=0.00..509.00 rows=509 width=0) (actual time=0.010..0.010 rows=157 loops=17)
                                            Index Cond: (person_id = n.id)
                          ->  Index Scan using title_pkey on title t  (cost=0.00..2.00 rows=340186 width=21) (actual time=0.003..0.003 rows=0 loops=2670)
                                Index Cond: (id = ci.movie_id)
                                Filter: ((production_year >= 1980) AND (production_year <= 1995))
                                Rows Removed by Filter: 1
                    ->  Bitmap Heap Scan on movie_link ml  (cost=2.00..4.00 rows=2 width=8) (actual time=0.002..0.002 rows=0 loops=390)
                          Recheck Cond: (linked_movie_id = t.id)
                          Heap Blocks: exact=48
                          ->  Bitmap Index Scan on linked_movie_id_movie_link  (cost=0.00..2.00 rows=2 width=0) (actual time=0.001..0.001 rows=0 loops=390)
                                Index Cond: (linked_movie_id = t.id)
              ->  Materialize  (cost=0.00..18.00 rows=1 width=4) (actual time=0.000..0.000 rows=1 loops=54)
                    ->  Seq Scan on link_type lt  (cost=0.00..18.00 rows=1 width=4) (actual time=0.015..0.016 rows=1 loops=1)
                          Filter: ((link)::text = 'features'::text)
                          Rows Removed by Filter: 17
        ->  Bitmap Heap Scan on aka_name an  (cost=2.00..4.00 rows=2 width=4) (actual time=0.004..0.005 rows=2 loops=14)
              Recheck Cond: (person_id = n.id)
              Filter: (name ~~ '%a%'::text)
              Rows Removed by Filter: 1
              Heap Blocks: exact=26
              ->  Bitmap Index Scan on person_id_aka_name  (cost=0.00..2.00 rows=2 width=0) (actual time=0.002..0.002 rows=3 loops=14)
                    Index Cond: (person_id = n.id)
Planning time: 4.037 ms
Execution time: 59.940 ms
