Aggregate  (cost=57498.41..57499.41 rows=1 width=64) (actual time=182.272..182.272 rows=1 loops=1)
  ->  Nested Loop  (cost=1939.00..57498.41 rows=1 width=32) (actual time=4.059..182.250 rows=16 loops=1)
        ->  Nested Loop  (cost=1939.00..57494.41 rows=1 width=36) (actual time=4.055..182.207 rows=16 loops=1)
              ->  Nested Loop  (cost=1913.00..54261.41 rows=61 width=44) (actual time=0.787..175.118 rows=992 loops=1)
                    ->  Nested Loop  (cost=1911.00..52623.41 rows=273 width=40) (actual time=0.283..170.477 rows=1076 loops=1)
                          ->  Nested Loop  (cost=1911.00..52623.14 rows=12388 width=21) (actual time=0.239..64.269 rows=33415 loops=1)
                                ->  Nested Loop  (cost=1875.00..5643.14 rows=435 width=25) (actual time=0.219..19.598 rows=435 loops=1)
                                      ->  Nested Loop  (cost=1875.00..5643.00 rows=5186 width=4) (actual time=0.213..1.859 rows=5186 loops=1)
                                            ->  Seq Scan on link_type lt  (cost=0.00..18.00 rows=1 width=4) (actual time=0.005..0.009 rows=1 loops=1)
                                                  Filter: ((link)::text = 'features'::text)
                                                  Rows Removed by Filter: 17
                                            ->  Bitmap Heap Scan on movie_link ml  (cost=1875.00..3750.00 rows=1875 width=8) (actual time=0.207..1.033 rows=5186 loops=1)
                                                  Recheck Cond: (link_type_id = lt.id)
                                                  Heap Blocks: exact=132
                                                  ->  Bitmap Index Scan on link_type_id_movie_link  (cost=0.00..1875.00 rows=1875 width=0) (actual time=0.192..0.192 rows=5186 loops=1)
                                                        Index Cond: (link_type_id = lt.id)
                                      ->  Index Scan using title_pkey on title t  (cost=0.00..2.00 rows=76065 width=21) (actual time=0.003..0.003 rows=0 loops=5186)
                                            Index Cond: (id = ml.linked_movie_id)
                                            Filter: ((production_year >= 1980) AND (production_year <= 1984))
                                            Rows Removed by Filter: 1
                                ->  Bitmap Heap Scan on cast_info ci  (cost=36.00..72.00 rows=36 width=8) (actual time=0.015..0.090 rows=77 loops=435)
                                      Recheck Cond: (movie_id = t.id)
                                      Heap Blocks: exact=32211
                                      ->  Bitmap Index Scan on movie_id_cast_info  (cost=0.00..36.00 rows=36 width=0) (actual time=0.008..0.008 rows=77 loops=435)
                                            Index Cond: (movie_id = t.id)
                          ->  Index Scan using name_pkey on name n  (cost=0.00..2.00 rows=91976 width=19) (actual time=0.003..0.003 rows=0 loops=33415)
                                Index Cond: (id = ci.person_id)
                                Filter: (((name_pcode_cf)::text ~~ 'D%'::text) AND ((gender)::text = 'm'::text))
                                Rows Removed by Filter: 1
                    ->  Bitmap Heap Scan on aka_name an  (cost=2.00..4.00 rows=2 width=4) (actual time=0.003..0.004 rows=1 loops=1076)
                          Recheck Cond: (person_id = n.id)
                          Filter: (name ~~ '%a%'::text)
                          Rows Removed by Filter: 1
                          Heap Blocks: exact=892
                          ->  Bitmap Index Scan on person_id_aka_name  (cost=0.00..2.00 rows=2 width=0) (actual time=0.002..0.002 rows=2 loops=1076)
                                Index Cond: (person_id = n.id)
              ->  Bitmap Heap Scan on person_info pi  (cost=26.00..52.00 rows=1 width=8) (actual time=0.007..0.007 rows=0 loops=992)
                    Recheck Cond: (person_id = n.id)
                    Filter: (note = 'Volker Boehm'::text)
                    Rows Removed by Filter: 26
                    Heap Blocks: exact=1628
                    ->  Bitmap Index Scan on person_id_person_info  (cost=0.00..26.00 rows=26 width=0) (actual time=0.003..0.003 rows=26 loops=992)
                          Index Cond: (person_id = n.id)
        ->  Index Scan using info_type_pkey on info_type it  (cost=0.00..2.00 rows=1 width=4) (actual time=0.002..0.002 rows=1 loops=16)
              Index Cond: (id = pi.info_type_id)
              Filter: ((info)::text = 'mini biography'::text)
Planning time: 3.978 ms
Execution time: 182.348 ms
