Aggregate  (cost=361478.73..361479.73 rows=1 width=64) (actual time=6439.374..6439.375 rows=1 loops=1)
  ->  Nested Loop  (cost=135225.00..361478.73 rows=2 width=110) (actual time=12.759..6125.646 rows=68185 loops=1)
        ->  Nested Loop  (cost=135225.00..361471.33 rows=11 width=114) (actual time=12.753..6032.669 rows=77651 loops=1)
              ->  Nested Loop  (cost=135223.00..359251.33 rows=370 width=118) (actual time=12.689..4558.306 rows=934459 loops=1)
                    ->  Nested Loop  (cost=135223.00..359251.33 rows=601 width=114) (actual time=12.680..962.821 rows=1618304 loops=1)
                          ->  Nested Loop  (cost=134714.00..334819.33 rows=16 width=122) (actual time=12.657..374.234 rows=12595 loops=1)
                                ->  Nested Loop  (cost=134712.00..273295.33 rows=10254 width=118) (actual time=12.645..324.910 rows=13063 loops=1)
                                      ->  Nested Loop  (cost=134712.00..273295.00 rows=84183 width=99) (actual time=12.575..95.252 rows=84183 loops=1)
                                            ->  Seq Scan on info_type it  (cost=0.00..113.00 rows=1 width=4) (actual time=0.007..0.016 rows=1 loops=1)
                                                  Filter: ((info)::text = 'mini biography'::text)
                                                  Rows Removed by Filter: 112
                                            ->  Bitmap Heap Scan on person_info pi  (cost=134712.00..269424.00 rows=3758 width=103) (actual time=12.567..83.410 rows=84183 loops=1)
                                                  Recheck Cond: (info_type_id = it.id)
                                                  Filter: (note IS NOT NULL)
                                                  Rows Removed by Filter: 1
                                                  Heap Blocks: exact=40387
                                                  ->  Bitmap Index Scan on info_type_id_person_info  (cost=0.00..134712.00 rows=134712 width=0) (actual time=6.930..6.930 rows=84184 loops=1)
                                                        Index Cond: (info_type_id = it.id)
                                      ->  Index Scan using name_pkey on name n  (cost=0.00..2.00 rows=507621 width=19) (actual time=0.002..0.002 rows=0 loops=84183)
                                            Index Cond: (id = pi.person_id)
                                            Filter: (((name_pcode_cf)::text >= 'A'::text) AND ((name_pcode_cf)::text <= 'F'::text) AND (((gender)::text = 'm'::text) OR (((gender)::text = 'f'::text) AND (name ~~ 'A%'::text))))
                                            Rows Removed by Filter: 1
                                ->  Bitmap Heap Scan on aka_name an  (cost=2.00..4.00 rows=2 width=4) (actual time=0.003..0.003 rows=1 loops=13063)
                                      Recheck Cond: (person_id = n.id)
                                      Filter: ((name IS NOT NULL) AND ((name ~~ '%a%'::text) OR (name ~~ 'A%'::text)))
                                      Rows Removed by Filter: 0
                                      Heap Blocks: exact=10840
                                      ->  Bitmap Index Scan on person_id_aka_name  (cost=0.00..2.00 rows=2 width=0) (actual time=0.002..0.002 rows=1 loops=13063)
                                            Index Cond: (person_id = n.id)
                          ->  Bitmap Heap Scan on cast_info ci  (cost=509.00..1018.00 rows=509 width=8) (actual time=0.008..0.024 rows=128 loops=12595)
                                Recheck Cond: (person_id = n.id)
                                Heap Blocks: exact=43049
                                ->  Bitmap Index Scan on person_id_cast_info  (cost=0.00..509.00 rows=509 width=0) (actual time=0.006..0.006 rows=128 loops=12595)
                                      Index Cond: (person_id = n.id)
                    ->  Index Scan using title_pkey on title t  (cost=0.00..2.00 rows=1555597 width=4) (actual time=0.002..0.002 rows=1 loops=1618304)
                          Index Cond: (id = ci.movie_id)
                          Filter: ((production_year >= 1980) AND (production_year <= 2010))
                          Rows Removed by Filter: 0
              ->  Bitmap Heap Scan on movie_link ml  (cost=2.00..4.00 rows=2 width=8) (actual time=0.001..0.001 rows=0 loops=934459)
                    Recheck Cond: (linked_movie_id = t.id)
                    Heap Blocks: exact=70357
                    ->  Bitmap Index Scan on linked_movie_id_movie_link  (cost=0.00..2.00 rows=2 width=0) (actual time=0.001..0.001 rows=0 loops=934459)
                          Index Cond: (linked_movie_id = t.id)
        ->  Index Scan using link_type_pkey on link_type lt  (cost=0.00..2.00 rows=4 width=4) (actual time=0.001..0.001 rows=1 loops=77651)
              Index Cond: (id = ml.link_type_id)
              Filter: ((link)::text = ANY ('{references,"referenced in",features,"featured in"}'::text[]))
              Rows Removed by Filter: 0
Planning time: 3.852 ms
Execution time: 6439.461 ms
