Aggregate  (cost=1847343.36..1847344.36 rows=1 width=64) (actual time=2585.822..2585.822 rows=1 loops=1)
  ->  Nested Loop  (cost=288271.33..1847343.36 rows=30 width=110) (actual time=301.015..2182.690 rows=68185 loops=1)
        ->  Hash Join  (cost=288269.33..1845267.36 rows=346 width=122) (actual time=301.004..1987.468 rows=40157 loops=1)
              Hash Cond: (ci.person_id = n.id)
              ->  Nested Loop  (cost=1911.00..1555470.03 rows=1097209 width=4) (actual time=0.323..1509.020 rows=1097209 loops=1)
                    ->  Nested Loop  (cost=1875.00..22518.03 rows=14194 width=8) (actual time=0.311..94.076 rows=14194 loops=1)
                          ->  Nested Loop  (cost=1875.00..22518.00 rows=21505 width=4) (actual time=0.303..9.392 rows=21505 loops=1)
                                ->  Seq Scan on link_type lt  (cost=0.00..18.00 rows=4 width=4) (actual time=0.006..0.019 rows=4 loops=1)
                                      Filter: ((link)::text = ANY ('{references,"referenced in",features,"featured in"}'::text[]))
                                      Rows Removed by Filter: 14
                                ->  Bitmap Heap Scan on movie_link ml  (cost=1875.00..3750.00 rows=1875 width=8) (actual time=0.194..1.224 rows=5376 loops=4)
                                      Recheck Cond: (link_type_id = lt.id)
                                      Heap Blocks: exact=542
                                      ->  Bitmap Index Scan on link_type_id_movie_link  (cost=0.00..1875.00 rows=1875 width=0) (actual time=0.178..0.178 rows=5376 loops=4)
                                            Index Cond: (link_type_id = lt.id)
                          ->  Index Scan using title_pkey on title t  (cost=0.00..2.00 rows=1555597 width=4) (actual time=0.004..0.004 rows=1 loops=21505)
                                Index Cond: (id = ml.linked_movie_id)
                                Filter: ((production_year >= 1980) AND (production_year <= 2010))
                                Rows Removed by Filter: 0
                    ->  Bitmap Heap Scan on cast_info ci  (cost=36.00..72.00 rows=36 width=8) (actual time=0.015..0.086 rows=77 loops=14194)
                          Recheck Cond: (movie_id = t.id)
                          Heap Blocks: exact=1054882
                          ->  Bitmap Index Scan on movie_id_cast_info  (cost=0.00..36.00 rows=36 width=0) (actual time=0.008..0.008 rows=77 loops=14194)
                                Index Cond: (movie_id = t.id)
              ->  Hash  (cost=273295.33..273295.33 rows=13063 width=118) (actual time=300.536..300.536 rows=13063 loops=1)
                    Buckets: 16384  Batches: 1  Memory Usage: 10993kB
                    ->  Nested Loop  (cost=134712.00..273295.33 rows=13063 width=118) (actual time=12.179..294.378 rows=13063 loops=1)
                          ->  Nested Loop  (cost=134712.00..273295.00 rows=84183 width=99) (actual time=12.110..88.025 rows=84183 loops=1)
                                ->  Seq Scan on info_type it  (cost=0.00..113.00 rows=1 width=4) (actual time=0.005..0.012 rows=1 loops=1)
                                      Filter: ((info)::text = 'mini biography'::text)
                                      Rows Removed by Filter: 112
                                ->  Bitmap Heap Scan on person_info pi  (cost=134712.00..269424.00 rows=3758 width=103) (actual time=12.104..76.360 rows=84183 loops=1)
                                      Recheck Cond: (info_type_id = it.id)
                                      Filter: (note IS NOT NULL)
                                      Rows Removed by Filter: 1
                                      Heap Blocks: exact=40387
                                      ->  Bitmap Index Scan on info_type_id_person_info  (cost=0.00..134712.00 rows=134712 width=0) (actual time=6.442..6.442 rows=84184 loops=1)
                                            Index Cond: (info_type_id = it.id)
                          ->  Index Scan using name_pkey on name n  (cost=0.00..2.00 rows=507621 width=19) (actual time=0.002..0.002 rows=0 loops=84183)
                                Index Cond: (id = pi.person_id)
                                Filter: (((name_pcode_cf)::text >= 'A'::text) AND ((name_pcode_cf)::text <= 'F'::text) AND (((gender)::text = 'm'::text) OR (((gender)::text = 'f'::text) AND (name ~~ 'A%'::text))))
                                Rows Removed by Filter: 1
        ->  Bitmap Heap Scan on aka_name an  (cost=2.00..4.00 rows=2 width=4) (actual time=0.003..0.004 rows=2 loops=40157)
              Recheck Cond: (person_id = n.id)
              Filter: ((name IS NOT NULL) AND ((name ~~ '%a%'::text) OR (name ~~ 'A%'::text)))
              Rows Removed by Filter: 1
              Heap Blocks: exact=50276
              ->  Bitmap Index Scan on person_id_aka_name  (cost=0.00..2.00 rows=2 width=0) (actual time=0.002..0.002 rows=2 loops=40157)
                    Index Cond: (person_id = n.id)
Planning time: 3.945 ms
Execution time: 2585.929 ms
