Aggregate  (cost=2115185.01..2115186.01 rows=1 width=64) (actual time=2055.517..2055.517 rows=1 loops=1)
  ->  Nested Loop  (cost=0.00..2115185.01 rows=1 width=33) (actual time=157.875..2055.415 rows=62 loops=1)
        ->  Nested Loop  (cost=0.00..2115183.01 rows=1 width=24) (actual time=157.865..2055.089 rows=62 loops=1)
              ->  Nested Loop  (cost=0.00..2115177.01 rows=1 width=16) (actual time=157.832..2054.768 rows=38 loops=1)
                    ->  Nested Loop  (cost=0.00..2115167.00 rows=5 width=12) (actual time=1.361..2032.048 rows=7438 loops=1)
                          Join Filter: (ci.role_id = rt.id)
                          Rows Removed by Join Filter: 12162
                          ->  Nested Loop  (cost=0.00..2115098.00 rows=57 width=16) (actual time=0.704..2023.892 rows=19600 loops=1)
                                ->  Nested Loop  (cost=0.00..2068232.00 rows=642 width=4) (actual time=0.680..781.350 rows=48328 loops=1)
                                      ->  Seq Scan on company_name cn  (cost=0.00..234997.00 rows=6815 width=4) (actual time=0.008..26.422 rows=6752 loops=1)
                                            Filter: ((country_code)::text = '[jp]'::text)
                                            Rows Removed by Filter: 228245
                                      ->  Index Scan using company_id_movie_companies on movie_companies mc  (cost=0.00..268.00 rows=1 width=8) (actual time=0.092..0.110 rows=7 loops=6752)
                                            Index Cond: (company_id = cn.id)
                                            Filter: ((note ~~ '%(Japan)%'::text) AND (note !~~ '%(USA)%'::text))
                                            Rows Removed by Filter: 8
                                ->  Index Scan using movie_id_cast_info on cast_info ci  (cost=0.00..72.00 rows=1 width=12) (actual time=0.024..0.025 rows=0 loops=48328)
                                      Index Cond: (movie_id = mc.movie_id)
                                      Filter: (note = '(voice: English version)'::text)
                                      Rows Removed by Filter: 32
                          ->  Materialize  (cost=0.00..12.00 rows=1 width=4) (actual time=0.000..0.000 rows=1 loops=19600)
                                ->  Seq Scan on role_type rt  (cost=0.00..12.00 rows=1 width=4) (actual time=0.655..0.656 rows=1 loops=1)
                                      Filter: ((role)::text = 'actress'::text)
                                      Rows Removed by Filter: 11
                    ->  Index Scan using name_pkey on name n1  (cost=0.00..2.00 rows=1 width=4) (actual time=0.003..0.003 rows=0 loops=7438)
                          Index Cond: (id = ci.person_id)
                          Filter: ((name ~~ '%Yo%'::text) AND (name !~~ '%Yu%'::text))
                          Rows Removed by Filter: 1
              ->  Index Scan using person_id_aka_name on aka_name an1  (cost=0.00..4.00 rows=2 width=20) (actual time=0.006..0.007 rows=2 loops=38)
                    Index Cond: (person_id = n1.id)
        ->  Index Scan using title_pkey on title t  (cost=0.00..2.00 rows=1 width=21) (actual time=0.004..0.004 rows=1 loops=62)
              Index Cond: (id = ci.movie_id)
Planning time: 2.044 ms
Execution time: 2055.578 ms
