Aggregate  (cost=2054014.64..2054015.64 rows=1 width=64) (actual time=152.195..152.195 rows=1 loops=1)
  ->  Nested Loop  (cost=172.00..2054014.64 rows=1 width=33) (actual time=40.880..152.182 rows=6 loops=1)
        ->  Nested Loop  (cost=172.00..2054010.64 rows=1 width=37) (actual time=40.875..152.167 rows=6 loops=1)
              ->  Nested Loop  (cost=172.00..2054010.64 rows=1 width=45) (actual time=40.605..151.735 rows=171 loops=1)
                    ->  Nested Loop  (cost=170.00..2054004.64 rows=1 width=25) (actual time=40.594..151.222 rows=104 loops=1)
                          ->  Nested Loop  (cost=134.00..2053712.64 rows=4 width=25) (actual time=40.577..150.973 rows=4 loops=1)
                                ->  Nested Loop  (cost=134.00..2051285.00 rows=8495 width=4) (actual time=0.026..127.517 rows=8495 loops=1)
                                      ->  Seq Scan on company_name cn  (cost=0.00..234997.00 rows=6752 width=4) (actual time=0.007..25.792 rows=6752 loops=1)
                                            Filter: ((country_code)::text = '[jp]'::text)
                                            Rows Removed by Filter: 228245
                                      ->  Bitmap Heap Scan on movie_companies mc  (cost=134.00..268.00 rows=1 width=8) (actual time=0.008..0.014 rows=1 loops=6752)
                                            Recheck Cond: (company_id = cn.id)
                                            Filter: ((note ~~ '%(Japan)%'::text) AND (note !~~ '%(USA)%'::text) AND ((note ~~ '%(2006)%'::text) OR (note ~~ '%(2007)%'::text)))
                                            Rows Removed by Filter: 14
                                            Heap Blocks: exact=62528
                                            ->  Bitmap Index Scan on company_id_movie_companies  (cost=0.00..134.00 rows=134 width=0) (actual time=0.003..0.003 rows=16 loops=6752)
                                                  Index Cond: (company_id = cn.id)
                                ->  Index Scan using title_pkey on title t  (cost=0.00..2.00 rows=7 width=21) (actual time=0.003..0.003 rows=0 loops=8495)
                                      Index Cond: (id = mc.movie_id)
                                      Filter: ((production_year >= 2006) AND (production_year <= 2007) AND ((title ~~ 'One Piece%'::text) OR (title ~~ 'Dragon Ball Z%'::text)))
                                      Rows Removed by Filter: 1
                          ->  Bitmap Heap Scan on cast_info ci  (cost=36.00..72.00 rows=1 width=12) (actual time=0.021..0.056 rows=26 loops=4)
                                Recheck Cond: (movie_id = t.id)
                                Filter: (note = '(voice: English version)'::text)
                                Rows Removed by Filter: 17
                                Heap Blocks: exact=134
                                ->  Bitmap Index Scan on movie_id_cast_info  (cost=0.00..36.00 rows=36 width=0) (actual time=0.007..0.007 rows=43 loops=4)
                                      Index Cond: (movie_id = t.id)
                    ->  Bitmap Heap Scan on aka_name an  (cost=2.00..4.00 rows=2 width=20) (actual time=0.004..0.004 rows=2 loops=104)
                          Recheck Cond: (person_id = ci.person_id)
                          Heap Blocks: exact=105
                          ->  Bitmap Index Scan on person_id_aka_name  (cost=0.00..2.00 rows=2 width=0) (actual time=0.003..0.003 rows=2 loops=104)
                                Index Cond: (person_id = ci.person_id)
              ->  Index Scan using name_pkey on name n  (cost=0.00..2.00 rows=20911 width=4) (actual time=0.002..0.002 rows=0 loops=171)
                    Index Cond: (id = an.person_id)
                    Filter: ((name ~~ '%Yo%'::text) AND (name !~~ '%Yu%'::text))
                    Rows Removed by Filter: 1
        ->  Index Scan using role_type_pkey on role_type rt  (cost=0.00..2.00 rows=1 width=4) (actual time=0.002..0.002 rows=1 loops=6)
              Index Cond: (id = ci.role_id)
              Filter: ((role)::text = 'actress'::text)
Planning time: 2.327 ms
Execution time: 152.267 ms
