Aggregate  (cost=23840882.00..23840883.00 rows=1 width=64) (actual time=6945.559..6945.559 rows=1 loops=1)
  ->  Merge Join  (cost=23228024.00..23840882.00 rows=6698972 width=33) (actual time=6615.966..6880.848 rows=323005 loops=1)
        Merge Cond: (n1.id = an1.person_id)
        ->  Sort  (cost=22326681.00..22326681.00 rows=2833639 width=25) (actual time=6205.223..6237.489 rows=285538 loops=1)
              Sort Key: ci.person_id
              Sort Method: quicksort  Memory: 33955kB
              ->  Nested Loop  (cost=15540024.00..22326681.00 rows=2833639 width=25) (actual time=5203.776..6128.724 rows=285538 loops=1)
                    ->  Merge Join  (cost=15540024.00..16659405.00 rows=2833639 width=21) (actual time=5203.755..5618.514 rows=285538 loops=1)
                          Merge Cond: (ci.movie_id = t.id)
                          ->  Sort  (cost=9884832.00..9884832.00 rows=3020362 width=8) (actual time=150.461..183.704 rows=276395 loops=1)
                                Sort Key: ci.movie_id
                                Sort Method: quicksort  Memory: 25245kB
                                ->  Nested Loop  (cost=0.00..9884832.00 rows=3020362 width=8) (actual time=0.024..85.867 rows=276403 loops=1)
                                      ->  Seq Scan on role_type rt  (cost=0.00..12.00 rows=1 width=4) (actual time=0.007..0.009 rows=1 loops=1)
                                            Filter: ((role)::text = 'costume designer'::text)
                                            Rows Removed by Filter: 11
                                      ->  Index Scan using role_id_cast_info on cast_info ci  (cost=0.00..6589880.00 rows=3294940 width=12) (actual time=0.016..44.029 rows=276403 loops=1)
                                            Index Cond: (role_id = rt.id)
                          ->  Sort  (cost=5655192.00..5655192.00 rows=937022 width=25) (actual time=5053.288..5210.882 rows=1172443 loops=1)
                                Sort Key: mc.movie_id
                                Sort Method: quicksort  Memory: 139536kB
                                ->  Nested Loop  (cost=2844126.00..5655192.00 rows=937022 width=25) (actual time=927.195..4595.161 rows=1153798 loops=1)
                                      ->  Merge Join  (cost=2844126.00..3781148.00 rows=937022 width=4) (actual time=927.170..1747.080 rows=1153798 loops=1)
                                            Merge Cond: (cn.id = mc.company_id)
                                            ->  Sort  (cost=234997.00..234997.00 rows=84395 width=4) (actual time=47.900..62.721 rows=84843 loops=1)
                                                  Sort Key: cn.id
                                                  Sort Method: quicksort  Memory: 7050kB
                                                  ->  Seq Scan on company_name cn  (cost=0.00..234997.00 rows=84395 width=4) (actual time=0.010..28.666 rows=84843 loops=1)
                                                        Filter: ((country_code)::text = '[us]'::text)
                                                        Rows Removed by Filter: 150154
                                            ->  Sort  (cost=2609129.00..2609129.00 rows=2609129 width=8) (actual time=879.262..1277.056 rows=2609129 loops=1)
                                                  Sort Key: mc.company_id
                                                  Sort Method: quicksort  Memory: 220607kB
                                                  ->  Seq Scan on movie_companies mc  (cost=0.00..2609129.00 rows=2609129 width=8) (actual time=0.009..309.759 rows=2609129 loops=1)
                                      ->  Index Scan using title_pkey on title t  (cost=0.00..2.00 rows=1 width=21) (actual time=0.002..0.002 rows=1 loops=1153798)
                                            Index Cond: (id = mc.movie_id)
                    ->  Index Only Scan using name_pkey on name n1  (cost=0.00..2.00 rows=1 width=4) (actual time=0.001..0.001 rows=1 loops=285538)
                          Index Cond: (id = ci.person_id)
                          Heap Fetches: 285538
        ->  Sort  (cost=901343.00..901343.00 rows=901343 width=20) (actual time=410.730..494.930 rows=1003872 loops=1)
              Sort Key: an1.person_id
              Sort Method: quicksort  Memory: 89764kB
              ->  Seq Scan on aka_name an1  (cost=0.00..901343.00 rows=901343 width=20) (actual time=0.009..131.056 rows=901343 loops=1)
Planning time: 2.105 ms
Execution time: 6948.593 ms
