Aggregate  (cost=15136826.62..15136827.62 rows=1 width=64) (actual time=9723.048..9723.048 rows=1 loops=1)
  ->  Merge Join  (cost=14520715.62..15136826.62 rows=6734533 width=33) (actual time=9396.218..9658.223 rows=323005 loops=1)
        Merge Cond: (n1.id = an1.person_id)
        ->  Sort  (cost=13619372.62..13619372.62 rows=2848681 width=25) (actual time=8978.272..9009.787 rows=285538 loops=1)
              Sort Key: ci.person_id
              Sort Method: quicksort  Memory: 33955kB
              ->  Nested Loop  (cost=12494045.25..13619372.62 rows=2848681 width=25) (actual time=8109.218..8907.649 rows=285538 loops=1)
                    ->  Merge Join  (cost=12494045.25..13619369.25 rows=2848681 width=21) (actual time=8109.199..8415.394 rows=285538 loops=1)
                          Merge Cond: (ci.movie_id = t.id)
                          ->  Sort  (cost=9884832.00..9884832.00 rows=3020362 width=8) (actual time=143.752..175.915 rows=276395 loops=1)
                                Sort Key: ci.movie_id
                                Sort Method: quicksort  Memory: 25245kB
                                ->  Nested Loop  (cost=3294940.00..9884832.00 rows=3020362 width=8) (actual time=9.299..78.515 rows=276403 loops=1)
                                      ->  Seq Scan on role_type rt  (cost=0.00..12.00 rows=1 width=4) (actual time=0.006..0.009 rows=1 loops=1)
                                            Filter: ((role)::text = 'costume designer'::text)
                                            Rows Removed by Filter: 11
                                      ->  Bitmap Heap Scan on cast_info ci  (cost=3294940.00..6589880.00 rows=3294940 width=12) (actual time=9.292..38.161 rows=276403 loops=1)
                                            Recheck Cond: (role_id = rt.id)
                                            Heap Blocks: exact=1576
                                            ->  Bitmap Index Scan on role_id_cast_info  (cost=0.00..3294940.00 rows=3294940 width=0) (actual time=9.110..9.110 rows=276403 loops=1)
                                                  Index Cond: (role_id = rt.id)
                          ->  Sort  (cost=2609213.25..2609213.25 rows=941996 width=25) (actual time=7965.438..8054.671 rows=1172443 loops=1)
                                Sort Key: mc.movie_id
                                Sort Method: quicksort  Memory: 139536kB
                                ->  Nested Loop  (cost=0.00..2609213.25 rows=941996 width=25) (actual time=0.049..7563.157 rows=1153798 loops=1)
                                      ->  Nested Loop  (cost=0.00..2609212.50 rows=941996 width=4) (actual time=0.038..5278.226 rows=1153798 loops=1)
                                            ->  Seq Scan on movie_companies mc  (cost=0.00..2609129.00 rows=2609129 width=8) (actual time=0.010..294.403 rows=2609129 loops=1)
                                            ->  Index Scan using company_name_pkey on company_name cn  (cost=0.00..2.00 rows=84843 width=4) (actual time=0.002..0.002 rows=0 loops=2609129)
                                                  Index Cond: (id = mc.company_id)
                                                  Filter: ((country_code)::text = '[us]'::text)
                                                  Rows Removed by Filter: 1
                                      ->  Index Scan using title_pkey on title t  (cost=0.00..2.00 rows=2528312 width=21) (actual time=0.002..0.002 rows=1 loops=1153798)
                                            Index Cond: (id = mc.movie_id)
                    ->  Index Only Scan using name_pkey on name n1  (cost=0.00..2.00 rows=4167491 width=4) (actual time=0.001..0.001 rows=1 loops=285538)
                          Index Cond: (id = ci.person_id)
                          Heap Fetches: 285538
        ->  Sort  (cost=901343.00..901343.00 rows=901343 width=20) (actual time=417.933..500.933 rows=1003872 loops=1)
              Sort Key: an1.person_id
              Sort Method: quicksort  Memory: 89764kB
              ->  Seq Scan on aka_name an1  (cost=0.00..901343.00 rows=901343 width=20) (actual time=0.012..133.748 rows=901343 loops=1)
Planning time: 2.108 ms
Execution time: 9725.956 ms
