Aggregate  (cost=14043881.58..14043882.58 rows=1 width=64) (actual time=9583.401..9583.401 rows=1 loops=1)
  ->  Merge Join  (cost=13521528.58..14043881.58 rows=2862290 width=33) (actual time=9255.557..9518.489 rows=323005 loops=1)
        Merge Cond: (n1.id = an1.person_id)
        ->  Sort  (cost=12620185.58..12620185.58 rows=2415175 width=25) (actual time=8841.568..8873.419 rows=285538 loops=1)
              Sort Key: ci.person_id
              Sort Method: quicksort  Memory: 33955kB
              ->  Nested Loop  (cost=12494045.42..12620185.58 rows=2415175 width=25) (actual time=8013.285..8773.122 rows=285538 loops=1)
                    ->  Merge Join  (cost=12494045.42..12620182.42 rows=2415175 width=21) (actual time=8013.266..8306.067 rows=285538 loops=1)
                          Merge Cond: (ci.movie_id = t.id)
                          ->  Sort  (cost=9884832.00..9884832.00 rows=276403 width=8) (actual time=155.134..186.898 rows=276395 loops=1)
                                Sort Key: ci.movie_id
                                Sort Method: quicksort  Memory: 25245kB
                                ->  Nested Loop  (cost=3294940.00..9884832.00 rows=276403 width=8) (actual time=9.581..81.054 rows=276403 loops=1)
                                      ->  Seq Scan on role_type rt  (cost=0.00..12.00 rows=1 width=4) (actual time=0.005..0.007 rows=1 loops=1)
                                            Filter: ((role)::text = 'costume designer'::text)
                                            Rows Removed by Filter: 11
                                      ->  Bitmap Heap Scan on cast_info ci  (cost=3294940.00..6589880.00 rows=3294940 width=12) (actual time=9.574..39.428 rows=276403 loops=1)
                                            Recheck Cond: (role_id = rt.id)
                                            Heap Blocks: exact=1576
                                            ->  Bitmap Index Scan on role_id_cast_info  (cost=0.00..3294940.00 rows=3294940 width=0) (actual time=9.383..9.383 rows=276403 loops=1)
                                                  Index Cond: (role_id = rt.id)
                          ->  Sort  (cost=2609213.42..2609213.42 rows=1153798 width=25) (actual time=7858.124..7943.575 rows=1172443 loops=1)
                                Sort Key: mc.movie_id
                                Sort Method: quicksort  Memory: 139536kB
                                ->  Nested Loop  (cost=0.00..2609213.42 rows=1153798 width=25) (actual time=0.042..7458.255 rows=1153798 loops=1)
                                      ->  Nested Loop  (cost=0.00..2609212.50 rows=1153798 width=4) (actual time=0.022..5190.706 rows=1153798 loops=1)
                                            ->  Seq Scan on movie_companies mc  (cost=0.00..2609129.00 rows=2609129 width=8) (actual time=0.007..295.449 rows=2609129 loops=1)
                                            ->  Index Scan using company_name_pkey on company_name cn  (cost=0.00..2.00 rows=84843 width=4) (actual time=0.002..0.002 rows=0 loops=2609129)
                                                  Index Cond: (id = mc.company_id)
                                                  Filter: ((country_code)::text = '[us]'::text)
                                                  Rows Removed by Filter: 1
                                      ->  Index Scan using title_pkey on title t  (cost=0.00..2.00 rows=2528312 width=21) (actual time=0.002..0.002 rows=1 loops=1153798)
                                            Index Cond: (id = mc.movie_id)
                    ->  Index Only Scan using name_pkey on name n1  (cost=0.00..2.00 rows=4167491 width=4) (actual time=0.001..0.001 rows=1 loops=285538)
                          Index Cond: (id = ci.person_id)
                          Heap Fetches: 285538
        ->  Sort  (cost=901343.00..901343.00 rows=901343 width=20) (actual time=413.975..497.119 rows=1003872 loops=1)
              Sort Key: an1.person_id
              Sort Method: quicksort  Memory: 89764kB
              ->  Seq Scan on aka_name an1  (cost=0.00..901343.00 rows=901343 width=20) (actual time=0.011..130.684 rows=901343 loops=1)
Planning time: 2.132 ms
Execution time: 9586.674 ms
