Aggregate  (cost=14103483.55..14103484.55 rows=1 width=64) (actual time=9697.445..9697.445 rows=1 loops=1)
  ->  Merge Join  (cost=13521525.55..14103483.55 rows=2624747 width=33) (actual time=9371.298..9632.592 rows=323005 loops=1)
        Merge Cond: (n1.id = an1.person_id)
        ->  Sort  (cost=12620182.55..12620182.55 rows=2690769 width=25) (actual time=8953.326..8984.516 rows=285538 loops=1)
              Sort Key: ci.person_id
              Sort Method: quicksort  Memory: 33955kB
              ->  Merge Join  (cost=12494045.55..12620182.55 rows=2690769 width=25) (actual time=8614.893..8889.878 rows=285538 loops=1)
                    Merge Cond: (ci.movie_id = t.id)
                    ->  Sort  (cost=9884832.13..9884832.13 rows=276403 width=12) (actual time=629.559..657.379 rows=276395 loops=1)
                          Sort Key: ci.movie_id
                          Sort Method: quicksort  Memory: 25245kB
                          ->  Nested Loop  (cost=3294940.00..9884832.13 rows=276403 width=12) (actual time=9.593..547.594 rows=276403 loops=1)
                                ->  Nested Loop  (cost=3294940.00..9884832.00 rows=276403 width=8) (actual time=9.582..89.760 rows=276403 loops=1)
                                      ->  Seq Scan on role_type rt  (cost=0.00..12.00 rows=1 width=4) (actual time=0.005..0.009 rows=1 loops=1)
                                            Filter: ((role)::text = 'costume designer'::text)
                                            Rows Removed by Filter: 11
                                      ->  Bitmap Heap Scan on cast_info ci  (cost=3294940.00..6589880.00 rows=3294940 width=12) (actual time=9.575..42.827 rows=276403 loops=1)
                                            Recheck Cond: (role_id = rt.id)
                                            Heap Blocks: exact=1576
                                            ->  Bitmap Index Scan on role_id_cast_info  (cost=0.00..3294940.00 rows=3294940 width=0) (actual time=9.394..9.394 rows=276403 loops=1)
                                                  Index Cond: (role_id = rt.id)
                                ->  Index Only Scan using name_pkey on name n1  (cost=0.00..2.00 rows=4167491 width=4) (actual time=0.001..0.001 rows=1 loops=276403)
                                      Index Cond: (id = ci.person_id)
                                      Heap Fetches: 276403
                    ->  Sort  (cost=2609213.42..2609213.42 rows=1153798 width=25) (actual time=7985.326..8065.531 rows=1172443 loops=1)
                          Sort Key: mc.movie_id
                          Sort Method: quicksort  Memory: 139536kB
                          ->  Nested Loop  (cost=0.00..2609213.42 rows=1153798 width=25) (actual time=0.031..7578.779 rows=1153798 loops=1)
                                ->  Nested Loop  (cost=0.00..2609212.50 rows=1153798 width=4) (actual time=0.023..5270.935 rows=1153798 loops=1)
                                      ->  Seq Scan on movie_companies mc  (cost=0.00..2609129.00 rows=2609129 width=8) (actual time=0.009..298.626 rows=2609129 loops=1)
                                      ->  Index Scan using company_name_pkey on company_name cn  (cost=0.00..2.00 rows=84843 width=4) (actual time=0.002..0.002 rows=0 loops=2609129)
                                            Index Cond: (id = mc.company_id)
                                            Filter: ((country_code)::text = '[us]'::text)
                                            Rows Removed by Filter: 1
                                ->  Index Scan using title_pkey on title t  (cost=0.00..2.00 rows=2528312 width=21) (actual time=0.002..0.002 rows=1 loops=1153798)
                                      Index Cond: (id = mc.movie_id)
        ->  Sort  (cost=901343.00..901343.00 rows=901343 width=20) (actual time=417.960..500.681 rows=1003872 loops=1)
              Sort Key: an1.person_id
              Sort Method: quicksort  Memory: 89764kB
              ->  Seq Scan on aka_name an1  (cost=0.00..901343.00 rows=901343 width=20) (actual time=0.014..133.565 rows=901343 loops=1)
Planning time: 2.118 ms
Execution time: 9700.595 ms
