Aggregate  (cost=14103483.55..14103484.55 rows=1 width=64) (actual time=9694.085..9694.085 rows=1 loops=1)
  ->  Merge Join  (cost=13521525.55..14103483.55 rows=2624747 width=33) (actual time=9367.349..9629.122 rows=323005 loops=1)
        Merge Cond: (n1.id = an1.person_id)
        ->  Sort  (cost=12620182.55..12620182.55 rows=2690769 width=25) (actual time=8950.135..8981.328 rows=285538 loops=1)
              Sort Key: ci.person_id
              Sort Method: quicksort  Memory: 33955kB
              ->  Merge Join  (cost=12494045.55..12620182.55 rows=2690769 width=25) (actual time=8621.503..8888.202 rows=285538 loops=1)
                    Merge Cond: (ci.movie_id = t.id)
                    ->  Sort  (cost=9884832.13..9884832.13 rows=276403 width=12) (actual time=626.313..653.848 rows=276395 loops=1)
                          Sort Key: ci.movie_id
                          Sort Method: quicksort  Memory: 25245kB
                          ->  Nested Loop  (cost=3294940.00..9884832.13 rows=276403 width=12) (actual time=9.277..544.510 rows=276403 loops=1)
                                ->  Nested Loop  (cost=3294940.00..9884832.00 rows=276403 width=8) (actual time=9.265..89.390 rows=276403 loops=1)
                                      ->  Seq Scan on role_type rt  (cost=0.00..12.00 rows=1 width=4) (actual time=0.006..0.010 rows=1 loops=1)
                                            Filter: ((role)::text = 'costume designer'::text)
                                            Rows Removed by Filter: 11
                                      ->  Bitmap Heap Scan on cast_info ci  (cost=3294940.00..6589880.00 rows=3294940 width=12) (actual time=9.257..42.533 rows=276403 loops=1)
                                            Recheck Cond: (role_id = rt.id)
                                            Heap Blocks: exact=1576
                                            ->  Bitmap Index Scan on role_id_cast_info  (cost=0.00..3294940.00 rows=3294940 width=0) (actual time=9.068..9.068 rows=276403 loops=1)
                                                  Index Cond: (role_id = rt.id)
                                ->  Index Only Scan using name_pkey on name n1  (cost=0.00..2.00 rows=4167491 width=4) (actual time=0.001..0.001 rows=1 loops=276403)
                                      Index Cond: (id = ci.person_id)
                                      Heap Fetches: 276403
                    ->  Sort  (cost=2609213.42..2609213.42 rows=1153798 width=25) (actual time=7995.182..8072.785 rows=1172443 loops=1)
                          Sort Key: mc.movie_id
                          Sort Method: quicksort  Memory: 139536kB
                          ->  Nested Loop  (cost=0.00..2609213.42 rows=1153798 width=25) (actual time=0.029..7588.113 rows=1153798 loops=1)
                                ->  Nested Loop  (cost=0.00..2609212.50 rows=1153798 width=4) (actual time=0.020..5261.045 rows=1153798 loops=1)
                                      ->  Seq Scan on movie_companies mc  (cost=0.00..2609129.00 rows=2609129 width=8) (actual time=0.008..299.964 rows=2609129 loops=1)
                                      ->  Index Scan using company_name_pkey on company_name cn  (cost=0.00..2.00 rows=84843 width=4) (actual time=0.002..0.002 rows=0 loops=2609129)
                                            Index Cond: (id = mc.company_id)
                                            Filter: ((country_code)::text = '[us]'::text)
                                            Rows Removed by Filter: 1
                                ->  Index Scan using title_pkey on title t  (cost=0.00..2.00 rows=2528312 width=21) (actual time=0.002..0.002 rows=1 loops=1153798)
                                      Index Cond: (id = mc.movie_id)
        ->  Sort  (cost=901343.00..901343.00 rows=901343 width=20) (actual time=417.200..500.035 rows=1003872 loops=1)
              Sort Key: an1.person_id
              Sort Method: quicksort  Memory: 89764kB
              ->  Seq Scan on aka_name an1  (cost=0.00..901343.00 rows=901343 width=20) (actual time=0.019..132.326 rows=901343 loops=1)
Planning time: 2.184 ms
Execution time: 9697.431 ms
