Aggregate  (cost=2506670.36..2506671.36 rows=1 width=96) (actual time=1791.656..1791.656 rows=1 loops=1)
  ->  Nested Loop  (cost=514.00..2506670.36 rows=15 width=49) (actual time=35.311..1791.547 rows=121 loops=1)
        ->  Nested Loop  (cost=514.00..2506670.36 rows=43 width=53) (actual time=35.301..1791.118 rows=123 loops=1)
              ->  Nested Loop  (cost=509.00..2506516.36 rows=14 width=57) (actual time=35.225..1790.010 rows=139 loops=1)
                    ->  Nested Loop  (cost=509.00..2506516.36 rows=186 width=45) (actual time=35.218..1789.499 rows=155 loops=1)
                          Join Filter: (ci.role_id = rt.id)
                          ->  Nested Loop  (cost=509.00..2506349.36 rows=155 width=49) (actual time=35.211..1789.399 rows=155 loops=1)
                                ->  Nested Loop  (cost=509.00..2506349.35 rows=425 width=28) (actual time=35.193..1787.770 rows=425 loops=1)
                                      ->  Nested Loop  (cost=0.00..901609.35 rows=1558 width=24) (actual time=6.675..1769.703 rows=1558 loops=1)
                                            ->  Seq Scan on aka_name an  (cost=0.00..901343.00 rows=901343 width=20) (actual time=0.004..97.715 rows=901343 loops=1)
                                            ->  Index Scan using name_pkey on name n  (cost=0.00..2.00 rows=6768 width=4) (actual time=0.002..0.002 rows=0 loops=901343)
                                                  Index Cond: (id = an.person_id)
                                                  Filter: ((name ~~ '%Ang%'::text) AND ((gender)::text = 'f'::text))
                                                  Rows Removed by Filter: 1
                                      ->  Bitmap Heap Scan on cast_info ci  (cost=509.00..1018.00 rows=12 width=16) (actual time=0.010..0.011 rows=0 loops=1558)
                                            Recheck Cond: (person_id = n.id)
                                            Filter: (note = ANY ('{(voice),"(voice: Japanese version)","(voice) (uncredited)","(voice: English version)"}'::text[]))
                                            Rows Removed by Filter: 44
                                            Heap Blocks: exact=2629
                                            ->  Bitmap Index Scan on person_id_cast_info  (cost=0.00..509.00 rows=509 width=0) (actual time=0.004..0.004 rows=45 loops=1558)
                                                  Index Cond: (person_id = n.id)
                                ->  Index Scan using title_pkey on title t  (cost=0.00..2.00 rows=1107888 width=21) (actual time=0.003..0.003 rows=0 loops=425)
                                      Index Cond: (id = ci.movie_id)
                                      Filter: ((production_year >= 2005) AND (production_year <= 2015))
                                      Rows Removed by Filter: 1
                          ->  Materialize  (cost=0.00..12.00 rows=1 width=4) (actual time=0.000..0.000 rows=1 loops=155)
                                ->  Seq Scan on role_type rt  (cost=0.00..12.00 rows=1 width=4) (actual time=0.004..0.004 rows=1 loops=1)
                                      Filter: ((role)::text = 'actress'::text)
                                      Rows Removed by Filter: 1
                    ->  Index Scan using char_name_pkey on char_name chn  (cost=0.00..2.00 rows=3140339 width=20) (actual time=0.003..0.003 rows=1 loops=155)
                          Index Cond: (id = ci.person_role_id)
              ->  Bitmap Heap Scan on movie_companies mc  (cost=5.00..10.00 rows=1 width=8) (actual time=0.006..0.007 rows=1 loops=139)
                    Recheck Cond: (movie_id = ci.movie_id)
                    Filter: ((note IS NOT NULL) AND ((note ~~ '%(USA)%'::text) OR (note ~~ '%(worldwide)%'::text)))
                    Rows Removed by Filter: 5
                    Heap Blocks: exact=219
                    ->  Bitmap Index Scan on movie_id_movie_companies  (cost=0.00..5.00 rows=5 width=0) (actual time=0.003..0.003 rows=6 loops=139)
                          Index Cond: (movie_id = ci.movie_id)
        ->  Index Scan using company_name_pkey on company_name cn  (cost=0.00..2.00 rows=84843 width=4) (actual time=0.003..0.003 rows=1 loops=123)
              Index Cond: (id = mc.company_id)
              Filter: ((country_code)::text = '[us]'::text)
              Rows Removed by Filter: 0
Planning time: 3.987 ms
Execution time: 1791.732 ms
