Aggregate  (cost=2725688.04..2725689.04 rows=1 width=128) (actual time=1757.472..1757.472 rows=1 loops=1)
  ->  Nested Loop  (cost=0.00..2725688.04 rows=1 width=64) (actual time=423.686..1757.418 rows=40 loops=1)
        ->  Nested Loop  (cost=0.00..2725686.04 rows=1 width=68) (actual time=423.675..1757.244 rows=40 loops=1)
              ->  Nested Loop  (cost=0.00..2725675.04 rows=1 width=72) (actual time=90.406..1756.833 rows=60 loops=1)
                    ->  Nested Loop  (cost=0.00..2725673.04 rows=1 width=60) (actual time=90.396..1756.617 rows=65 loops=1)
                          ->  Nested Loop  (cost=0.00..2725667.04 rows=3 width=39) (actual time=34.208..1755.550 rows=265 loops=1)
                                Join Filter: (ci.role_id = rt.id)
                                ->  Nested Loop  (cost=0.00..2725617.04 rows=38 width=43) (actual time=34.201..1755.413 rows=265 loops=1)
                                      ->  Nested Loop  (cost=0.00..2704029.04 rows=21 width=39) (actual time=6.861..1742.725 rows=1296 loops=1)
                                            ->  Seq Scan on aka_name an  (cost=0.00..901343.00 rows=901343 width=20) (actual time=0.006..97.723 rows=901343 loops=1)
                                            ->  Index Scan using name_pkey on name n  (cost=0.00..2.00 rows=1 width=19) (actual time=0.002..0.002 rows=0 loops=901343)
                                                  Index Cond: (id = an.person_id)
                                                  Filter: ((name ~~ '%Angel%'::text) AND ((gender)::text = 'f'::text))
                                                  Rows Removed by Filter: 1
                                      ->  Index Scan using person_id_cast_info on cast_info ci  (cost=0.00..1018.00 rows=10 width=16) (actual time=0.009..0.009 rows=0 loops=1296)
                                            Index Cond: (person_id = n.id)
                                            Filter: (note = '(voice)'::text)
                                            Rows Removed by Filter: 43
                                ->  Materialize  (cost=0.00..12.00 rows=1 width=4) (actual time=0.000..0.000 rows=1 loops=265)
                                      ->  Seq Scan on role_type rt  (cost=0.00..12.00 rows=1 width=4) (actual time=0.004..0.004 rows=1 loops=1)
                                            Filter: ((role)::text = 'actress'::text)
                                            Rows Removed by Filter: 1
                          ->  Index Scan using title_pkey on title t  (cost=0.00..2.00 rows=1 width=21) (actual time=0.004..0.004 rows=0 loops=265)
                                Index Cond: (id = ci.movie_id)
                                Filter: ((production_year >= 2007) AND (production_year <= 2010))
                                Rows Removed by Filter: 1
                    ->  Index Scan using char_name_pkey on char_name chn  (cost=0.00..2.00 rows=1 width=20) (actual time=0.003..0.003 rows=1 loops=65)
                          Index Cond: (id = ci.person_role_id)
              ->  Index Scan using movie_id_movie_companies on movie_companies mc  (cost=0.00..10.00 rows=1 width=8) (actual time=0.005..0.006 rows=1 loops=60)
                    Index Cond: (movie_id = ci.movie_id)
                    Filter: ((note ~~ '%(200%)%'::text) AND ((note ~~ '%(USA)%'::text) OR (note ~~ '%(worldwide)%'::text)))
                    Rows Removed by Filter: 7
        ->  Index Scan using company_name_pkey on company_name cn  (cost=0.00..2.00 rows=1 width=4) (actual time=0.003..0.003 rows=1 loops=40)
              Index Cond: (id = mc.company_id)
              Filter: ((country_code)::text = '[us]'::text)
Planning time: 3.599 ms
Execution time: 1757.551 ms
