Aggregate  (cost=6677231.08..6677232.08 rows=1 width=128) (actual time=1620.467..1620.467 rows=1 loops=1)
  ->  Nested Loop  (cost=3294947.00..6677231.08 rows=821 width=64) (actual time=248.704..1616.739 rows=8144 loops=1)
        ->  Nested Loop  (cost=3294947.00..6677231.08 rows=821 width=55) (actual time=248.695..1600.178 rows=8144 loops=1)
              ->  Nested Loop  (cost=3294947.00..6677231.08 rows=1704 width=43) (actual time=248.686..1583.376 rows=8514 loops=1)
                    ->  Nested Loop  (cost=3294945.00..6673877.08 rows=559 width=35) (actual time=238.835..1566.216 rows=4938 loops=1)
                          ->  Nested Loop  (cost=3294945.00..6673877.04 rows=1548 width=39) (actual time=238.825..1527.875 rows=14547 loops=1)
                                ->  Nested Loop  (cost=3294940.00..6665687.04 rows=546 width=31) (actual time=238.812..1497.702 rows=6552 loops=1)
                                      ->  Nested Loop  (cost=3294940.00..6665676.00 rows=276166 width=12) (actual time=235.740..1040.020 rows=276166 loops=1)
                                            ->  Seq Scan on role_type rt  (cost=0.00..12.00 rows=1 width=4) (actual time=0.006..0.009 rows=1 loops=1)
                                                  Filter: ((role)::text = 'actress'::text)
                                                  Rows Removed by Filter: 11
                                            ->  Bitmap Heap Scan on cast_info ci  (cost=3294940.00..6589880.00 rows=75784 width=16) (actual time=235.733..1001.792 rows=276166 loops=1)
                                                  Recheck Cond: (role_id = rt.id)
                                                  Filter: (note = ANY ('{(voice),"(voice: Japanese version)","(voice) (uncredited)","(voice: English version)"}'::text[]))
                                                  Rows Removed by Filter: 7175807
                                                  Heap Blocks: exact=49087
                                                  ->  Bitmap Index Scan on role_id_cast_info  (cost=0.00..3294940.00 rows=3294940 width=0) (actual time=228.643..228.643 rows=7451973 loops=1)
                                                        Index Cond: (role_id = rt.id)
                                      ->  Index Scan using name_pkey on name n  (cost=0.00..2.00 rows=50011 width=19) (actual time=0.001..0.001 rows=0 loops=276166)
                                            Index Cond: (id = ci.person_id)
                                            Filter: ((name ~~ '%An%'::text) AND ((gender)::text = 'f'::text))
                                            Rows Removed by Filter: 1
                                ->  Bitmap Heap Scan on movie_companies mc  (cost=5.00..10.00 rows=5 width=8) (actual time=0.003..0.004 rows=2 loops=6552)
                                      Recheck Cond: (movie_id = ci.movie_id)
                                      Heap Blocks: exact=5288
                                      ->  Bitmap Index Scan on movie_id_movie_companies  (cost=0.00..5.00 rows=5 width=0) (actual time=0.002..0.002 rows=2 loops=6552)
                                            Index Cond: (movie_id = ci.movie_id)
                          ->  Index Scan using company_name_pkey on company_name cn  (cost=0.00..2.00 rows=84843 width=4) (actual time=0.002..0.002 rows=0 loops=14547)
                                Index Cond: (id = mc.company_id)
                                Filter: ((country_code)::text = '[us]'::text)
                                Rows Removed by Filter: 1
                    ->  Bitmap Heap Scan on aka_name an  (cost=2.00..4.00 rows=2 width=20) (actual time=0.002..0.003 rows=2 loops=4938)
                          Recheck Cond: (person_id = n.id)
                          Heap Blocks: exact=4923
                          ->  Bitmap Index Scan on person_id_aka_name  (cost=0.00..2.00 rows=2 width=0) (actual time=0.002..0.002 rows=2 loops=4938)
                                Index Cond: (person_id = n.id)
              ->  Index Scan using char_name_pkey on char_name chn  (cost=0.00..2.00 rows=3140339 width=20) (actual time=0.002..0.002 rows=1 loops=8514)
                    Index Cond: (id = ci.person_role_id)
        ->  Index Scan using title_pkey on title t  (cost=0.00..2.00 rows=2528312 width=21) (actual time=0.002..0.002 rows=1 loops=8144)
              Index Cond: (id = ci.movie_id)
Planning time: 3.890 ms
Execution time: 1620.549 ms
