Aggregate  (cost=6709462.48..6709463.48 rows=1 width=128) (actual time=2075.286..2075.286 rows=1 loops=1)
  ->  Nested Loop  (cost=3294947.00..6709462.48 rows=1230 width=64) (actual time=266.915..2071.700 rows=8144 loops=1)
        ->  Nested Loop  (cost=3294947.00..6709462.48 rows=1230 width=55) (actual time=266.904..2055.745 rows=8144 loops=1)
              ->  Nested Loop  (cost=3294947.00..6709462.40 rows=3405 width=59) (actual time=261.691..2017.723 rows=18345 loops=1)
                    ->  Nested Loop  (cost=3294942.00..6699802.40 rows=644 width=51) (actual time=261.678..1989.033 rows=7726 loops=1)
                          ->  Nested Loop  (cost=3294940.00..6665686.40 rows=5686 width=43) (actual time=253.344..1971.128 rows=5686 loops=1)
                                ->  Nested Loop  (cost=3294940.00..6665676.18 rows=255651 width=24) (actual time=249.452..1554.154 rows=255651 loops=1)
                                      ->  Nested Loop  (cost=3294940.00..6665676.00 rows=276166 width=12) (actual time=249.432..1035.158 rows=276166 loops=1)
                                            ->  Seq Scan on role_type rt  (cost=0.00..12.00 rows=1 width=4) (actual time=0.005..0.008 rows=1 loops=1)
                                                  Filter: ((role)::text = 'actress'::text)
                                                  Rows Removed by Filter: 11
                                            ->  Bitmap Heap Scan on cast_info ci  (cost=3294940.00..6589880.00 rows=75784 width=16) (actual time=249.426..994.984 rows=276166 loops=1)
                                                  Recheck Cond: (role_id = rt.id)
                                                  Filter: (note = ANY ('{(voice),"(voice: Japanese version)","(voice) (uncredited)","(voice: English version)"}'::text[]))
                                                  Rows Removed by Filter: 7175807
                                                  Heap Blocks: exact=49087
                                                  ->  Bitmap Index Scan on role_id_cast_info  (cost=0.00..3294940.00 rows=3294940 width=0) (actual time=242.070..242.070 rows=7451973 loops=1)
                                                        Index Cond: (role_id = rt.id)
                                      ->  Index Scan using char_name_pkey on char_name chn  (cost=0.00..2.00 rows=3140339 width=20) (actual time=0.002..0.002 rows=1 loops=276166)
                                            Index Cond: (id = ci.person_role_id)
                                ->  Index Scan using name_pkey on name n  (cost=0.00..2.00 rows=50011 width=19) (actual time=0.001..0.001 rows=0 loops=255651)
                                      Index Cond: (id = ci.person_id)
                                      Filter: ((name ~~ '%An%'::text) AND ((gender)::text = 'f'::text))
                                      Rows Removed by Filter: 1
                          ->  Bitmap Heap Scan on aka_name an  (cost=2.00..4.00 rows=2 width=20) (actual time=0.002..0.002 rows=1 loops=5686)
                                Recheck Cond: (person_id = n.id)
                                Heap Blocks: exact=4587
                                ->  Bitmap Index Scan on person_id_aka_name  (cost=0.00..2.00 rows=2 width=0) (actual time=0.002..0.002 rows=1 loops=5686)
                                      Index Cond: (person_id = n.id)
                    ->  Bitmap Heap Scan on movie_companies mc  (cost=5.00..10.00 rows=5 width=8) (actual time=0.002..0.003 rows=2 loops=7726)
                          Recheck Cond: (movie_id = ci.movie_id)
                          Heap Blocks: exact=6722
                          ->  Bitmap Index Scan on movie_id_movie_companies  (cost=0.00..5.00 rows=5 width=0) (actual time=0.002..0.002 rows=2 loops=7726)
                                Index Cond: (movie_id = ci.movie_id)
              ->  Index Scan using company_name_pkey on company_name cn  (cost=0.00..2.00 rows=84843 width=4) (actual time=0.002..0.002 rows=0 loops=18345)
                    Index Cond: (id = mc.company_id)
                    Filter: ((country_code)::text = '[us]'::text)
                    Rows Removed by Filter: 1
        ->  Index Scan using title_pkey on title t  (cost=0.00..2.00 rows=2528312 width=21) (actual time=0.002..0.002 rows=1 loops=8144)
              Index Cond: (id = ci.movie_id)
Planning time: 3.897 ms
Execution time: 2075.361 ms
