Aggregate  (cost=7043578.35..7043579.35 rows=1 width=128) (actual time=5214.757..5214.757 rows=1 loops=1)
  ->  Nested Loop  (cost=3294947.00..7043578.35 rows=31414 width=64) (actual time=243.669..5036.617 rows=483082 loops=1)
        ->  Nested Loop  (cost=3294945.00..6985042.35 rows=9756 width=56) (actual time=243.658..4453.136 rows=173567 loops=1)
              ->  Nested Loop  (cost=3294945.00..6985042.34 rows=9756 width=47) (actual time=243.648..4029.344 rows=173567 loops=1)
                    ->  Nested Loop  (cost=3294945.00..6985041.71 rows=27021 width=51) (actual time=243.401..3072.086 rows=426400 loops=1)
                          ->  Nested Loop  (cost=3294940.00..6665676.71 rows=21291 width=43) (actual time=243.386..2155.268 rows=255493 loops=1)
                                ->  Nested Loop  (cost=3294940.00..6665676.18 rows=255651 width=24) (actual time=243.376..1689.987 rows=255651 loops=1)
                                      ->  Nested Loop  (cost=3294940.00..6665676.00 rows=276166 width=12) (actual time=243.360..1086.424 rows=276166 loops=1)
                                            ->  Seq Scan on role_type rt  (cost=0.00..12.00 rows=1 width=4) (actual time=0.007..0.010 rows=1 loops=1)
                                                  Filter: ((role)::text = 'actress'::text)
                                                  Rows Removed by Filter: 11
                                            ->  Bitmap Heap Scan on cast_info ci  (cost=3294940.00..6589880.00 rows=75784 width=16) (actual time=243.350..1042.194 rows=276166 loops=1)
                                                  Recheck Cond: (role_id = rt.id)
                                                  Filter: (note = ANY ('{(voice),"(voice: Japanese version)","(voice) (uncredited)","(voice: English version)"}'::text[]))
                                                  Rows Removed by Filter: 7175807
                                                  Heap Blocks: exact=49087
                                                  ->  Bitmap Index Scan on role_id_cast_info  (cost=0.00..3294940.00 rows=3294940 width=0) (actual time=236.174..236.174 rows=7451973 loops=1)
                                                        Index Cond: (role_id = rt.id)
                                      ->  Index Scan using char_name_pkey on char_name chn  (cost=0.00..2.00 rows=3140339 width=20) (actual time=0.002..0.002 rows=1 loops=276166)
                                            Index Cond: (id = ci.person_role_id)
                                ->  Index Scan using name_pkey on name n  (cost=0.00..2.00 rows=961555 width=19) (actual time=0.001..0.001 rows=1 loops=255651)
                                      Index Cond: (id = ci.person_id)
                                      Filter: ((gender)::text = 'f'::text)
                                      Rows Removed by Filter: 0
                          ->  Bitmap Heap Scan on movie_companies mc  (cost=5.00..10.00 rows=5 width=8) (actual time=0.002..0.003 rows=2 loops=255493)
                                Recheck Cond: (movie_id = ci.movie_id)
                                Heap Blocks: exact=176609
                                ->  Bitmap Index Scan on movie_id_movie_companies  (cost=0.00..5.00 rows=5 width=0) (actual time=0.002..0.002 rows=2 loops=255493)
                                      Index Cond: (movie_id = ci.movie_id)
                    ->  Index Scan using company_name_pkey on company_name cn  (cost=0.00..2.00 rows=84843 width=4) (actual time=0.002..0.002 rows=0 loops=426400)
                          Index Cond: (id = mc.company_id)
                          Filter: ((country_code)::text = '[us]'::text)
                          Rows Removed by Filter: 1
              ->  Index Scan using title_pkey on title t  (cost=0.00..2.00 rows=2528312 width=21) (actual time=0.002..0.002 rows=1 loops=173567)
                    Index Cond: (id = ci.movie_id)
        ->  Bitmap Heap Scan on aka_name an  (cost=2.00..4.00 rows=2 width=20) (actual time=0.002..0.002 rows=3 loops=173567)
              Recheck Cond: (person_id = n.id)
              Heap Blocks: exact=166239
              ->  Bitmap Index Scan on person_id_aka_name  (cost=0.00..2.00 rows=2 width=0) (actual time=0.001..0.001 rows=3 loops=173567)
                    Index Cond: (person_id = n.id)
Planning time: 3.915 ms
Execution time: 5214.845 ms
