Aggregate  (cost=84564.02..84564.03 rows=1 width=64) (actual time=247.960..247.960 rows=1 loops=1)
  ->  Nested Loop  (cost=1.85..84563.97 rows=10 width=33) (actual time=1.734..247.863 rows=104 loops=1)
        ->  Nested Loop  (cost=1.42..84529.71 rows=8 width=21) (actual time=1.728..247.376 rows=112 loops=1)
              Join Filter: (mc.company_type_id = ct.id)
              Rows Removed by Join Filter: 20
              ->  Nested Loop  (cost=1.42..84528.26 rows=8 width=25) (actual time=1.722..247.318 rows=112 loops=1)
                    Join Filter: (ci.role_id = rt.id)
                    Rows Removed by Join Filter: 39
                    ->  Seq Scan on role_type rt  (cost=0.00..1.15 rows=1 width=4) (actual time=0.005..0.007 rows=1 loops=1)
                          Filter: ((role)::text = 'actor'::text)
                          Rows Removed by Filter: 11
                    ->  Nested Loop  (cost=1.42..84525.88 rows=98 width=29) (actual time=1.716..247.283 rows=151 loops=1)
                          Join Filter: (t.id = ci.movie_id)
                          ->  Nested Loop  (cost=0.86..73704.37 rows=5425 width=29) (actual time=0.069..65.143 rows=4539 loops=1)
                                ->  Nested Loop  (cost=0.43..66871.56 rows=13166 width=8) (actual time=0.017..37.092 rows=8790 loops=1)
                                      ->  Seq Scan on company_name cn  (cost=0.00..5932.46 rows=1330 width=4) (actual time=0.009..25.675 rows=1361 loops=1)
                                            Filter: ((country_code)::text = '[ru]'::text)
                                            Rows Removed by Filter: 233636
                                      ->  Index Scan using company_id_movie_companies on movie_companies mc  (cost=0.43..44.50 rows=132 width=12) (actual time=0.003..0.007 rows=6 loops=1361)
                                            Index Cond: (company_id = cn.id)
                                ->  Index Scan using title_pkey on title t  (cost=0.43..0.52 rows=1 width=21) (actual time=0.003..0.003 rows=1 loops=8790)
                                      Index Cond: (id = mc.movie_id)
                                      Filter: (production_year > 2005)
                                      Rows Removed by Filter: 0
                          ->  Index Scan using movie_id_cast_info on cast_info ci  (cost=0.56..1.98 rows=1 width=12) (actual time=0.038..0.040 rows=0 loops=4539)
                                Index Cond: (movie_id = mc.movie_id)
                                Filter: ((note ~~ '%(voice)%'::text) AND (note ~~ '%(uncredited)%'::text))
                                Rows Removed by Filter: 50
              ->  Materialize  (cost=0.00..1.06 rows=4 width=4) (actual time=0.000..0.000 rows=1 loops=112)
                    ->  Seq Scan on company_type ct  (cost=0.00..1.04 rows=4 width=4) (actual time=0.004..0.005 rows=2 loops=1)
        ->  Index Scan using char_name_pkey on char_name chn  (cost=0.43..4.28 rows=1 width=20) (actual time=0.004..0.004 rows=1 loops=112)
              Index Cond: (id = ci.person_role_id)
Planning time: 1.682 ms
Execution time: 248.010 ms
