Aggregate  (cost=51508.87..51508.88 rows=1 width=64) (actual time=287.856..287.856 rows=1 loops=1)
  ->  Nested Loop  (cost=1.85..51508.86 rows=1 width=33) (actual time=2.252..287.769 rows=104 loops=1)
        Join Filter: (mc.company_type_id = ct.id)
        Rows Removed by Join Filter: 18
        ->  Nested Loop  (cost=1.85..51507.77 rows=1 width=37) (actual time=2.249..287.563 rows=104 loops=1)
              ->  Nested Loop  (cost=1.42..51501.77 rows=1 width=25) (actual time=2.241..286.761 rows=112 loops=1)
                    Join Filter: (ci.role_id = rt.id)
                    Rows Removed by Join Filter: 39
                    ->  Seq Scan on role_type rt  (cost=0.00..1.15 rows=1 width=4) (actual time=0.004..0.007 rows=1 loops=1)
                          Filter: ((role)::text = 'actor'::text)
                          Rows Removed by Filter: 11
                    ->  Nested Loop  (cost=1.42..51500.42 rows=16 width=29) (actual time=2.236..286.722 rows=151 loops=1)
                          Join Filter: (t.id = ci.movie_id)
                          ->  Nested Loop  (cost=0.86..49701.15 rows=902 width=29) (actual time=0.136..75.225 rows=4539 loops=1)
                                ->  Nested Loop  (cost=0.43..48531.39 rows=2254 width=8) (actual time=0.058..44.665 rows=8790 loops=1)
                                      ->  Seq Scan on company_name cn  (cost=0.00..5932.46 rows=203 width=4) (actual time=0.010..26.628 rows=1361 loops=1)
                                            Filter: ((country_code)::text = '[ru]'::text)
                                            Rows Removed by Filter: 233636
                                      ->  Index Scan using company_id_movie_companies on movie_companies mc  (cost=0.43..208.53 rows=132 width=12) (actual time=0.008..0.012 rows=6 loops=1361)
                                            Index Cond: (company_id = cn.id)
                                ->  Index Scan using title_pkey on title t  (cost=0.43..0.52 rows=1 width=21) (actual time=0.003..0.003 rows=1 loops=8790)
                                      Index Cond: (id = mc.movie_id)
                                      Filter: (production_year > 2005)
                                      Rows Removed by Filter: 0
                          ->  Index Scan using movie_id_cast_info on cast_info ci  (cost=0.56..1.98 rows=1 width=12) (actual time=0.044..0.046 rows=0 loops=4539)
                                Index Cond: (movie_id = mc.movie_id)
                                Filter: ((note ~~ '%(voice)%'::text) AND (note ~~ '%(uncredited)%'::text))
                                Rows Removed by Filter: 50
              ->  Index Scan using char_name_pkey on char_name chn  (cost=0.43..6.00 rows=1 width=20) (actual time=0.007..0.007 rows=1 loops=112)
                    Index Cond: (id = ci.person_role_id)
        ->  Seq Scan on company_type ct  (cost=0.00..1.04 rows=4 width=4) (actual time=0.001..0.001 rows=1 loops=104)
Planning time: 1.665 ms
Execution time: 287.907 ms
