Aggregate  (cost=1032257.93..1032257.94 rows=1 width=64) (actual time=7875.209..7875.209 rows=1 loops=1)
  ->  Hash Join  (cost=299612.67..1029610.55 rows=529476 width=33) (actual time=3611.152..7875.176 rows=10 loops=1)
        Hash Cond: (ci.person_role_id = chn.id)
        ->  Hash Join  (cost=192505.33..917069.99 rows=430354 width=21) (actual time=2337.526..6562.260 rows=782104 loops=1)
              Hash Cond: (ci.role_id = rt.id)
              ->  Hash Join  (cost=192504.06..911953.79 rows=430354 width=25) (actual time=2337.493..6440.916 rows=782104 loops=1)
                    Hash Cond: (mc.company_type_id = ct.id)
                    ->  Hash Join  (cost=192502.97..907474.32 rows=430354 width=29) (actual time=2337.472..6312.029 rows=782104 loops=1)
                          Hash Cond: (ci.movie_id = t.id)
                          ->  Seq Scan on cast_info ci  (cost=0.00..705717.40 rows=1524260 width=12) (actual time=239.030..3763.627 rows=1435439 loops=1)
                                Filter: (note ~~ '%(producer)%'::text)
                                Rows Removed by Filter: 34808905
                          ->  Hash  (cost=185166.61..185166.61 rows=586909 width=29) (actual time=2095.679..2095.679 rows=596250 loops=1)
                                Buckets: 1048576  Batches: 1  Memory Usage: 46113kB
                                ->  Hash Join  (cost=96798.54..185166.61 rows=586909 width=29) (actual time=906.984..1932.436 rows=596250 loops=1)
                                      Hash Cond: (mc.movie_id = t.id)
                                      ->  Hash Join  (cost=6987.36..84808.81 rows=835376 width=8) (actual time=49.018..733.524 rows=1153798 loops=1)
                                            Hash Cond: (mc.company_id = cn.id)
                                            ->  Seq Scan on movie_companies mc  (cost=0.00..44881.29 rows=2609129 width=12) (actual time=0.010..230.367 rows=2609129 loops=1)
                                            ->  Hash  (cost=5932.46..5932.46 rows=84392 width=4) (actual time=48.379..48.379 rows=84843 loops=1)
                                                  Buckets: 131072  Batches: 1  Memory Usage: 4007kB
                                                  ->  Seq Scan on company_name cn  (cost=0.00..5932.46 rows=84392 width=4) (actual time=0.007..33.476 rows=84843 loops=1)
                                                        Filter: ((country_code)::text = '[us]'::text)
                                                        Rows Removed by Filter: 150154
                                      ->  Hash  (cost=67605.05..67605.05 rows=1776490 width=21) (actual time=853.929..853.929 rows=1749032 loops=1)
                                            Buckets: 2097152  Batches: 1  Memory Usage: 110019kB
                                            ->  Seq Scan on title t  (cost=0.00..67605.05 rows=1776490 width=21) (actual time=0.009..398.971 rows=1749032 loops=1)
                                                  Filter: (production_year > 1990)
                                                  Rows Removed by Filter: 779280
                    ->  Hash  (cost=1.04..1.04 rows=4 width=4) (actual time=0.010..0.010 rows=4 loops=1)
                          Buckets: 1024  Batches: 1  Memory Usage: 9kB
                          ->  Seq Scan on company_type ct  (cost=0.00..1.04 rows=4 width=4) (actual time=0.004..0.005 rows=4 loops=1)
              ->  Hash  (cost=1.12..1.12 rows=12 width=4) (actual time=0.015..0.015 rows=12 loops=1)
                    Buckets: 1024  Batches: 1  Memory Usage: 9kB
                    ->  Seq Scan on role_type rt  (cost=0.00..1.12 rows=12 width=4) (actual time=0.008..0.009 rows=12 loops=1)
        ->  Hash  (cost=67853.10..67853.10 rows=3140339 width=20) (actual time=1264.990..1264.990 rows=3140339 loops=1)
              Buckets: 4194304  Batches: 1  Memory Usage: 198037kB
              ->  Seq Scan on char_name chn  (cost=0.00..67853.10 rows=3140339 width=20) (actual time=0.012..428.340 rows=3140339 loops=1)
Planning time: 1.648 ms
Execution time: 7876.811 ms
