Aggregate  (cost=1025046.77..1025046.78 rows=1 width=64) (actual time=7613.600..7613.601 rows=1 loops=1)
  ->  Hash Join  (cost=299601.12..1024116.71 rows=186012 width=33) (actual time=3603.946..7613.567 rows=10 loops=1)
        Hash Cond: (ci.role_id = rt.id)
        ->  Hash Join  (cost=299599.85..1021904.61 rows=186012 width=37) (actual time=3603.921..7613.537 rows=10 loops=1)
              Hash Cond: (mc.company_type_id = ct.id)
              ->  Hash Join  (cost=299598.76..1019808.14 rows=201357 width=41) (actual time=3603.906..7613.516 rows=10 loops=1)
                    Hash Cond: (ci.person_role_id = chn.id)
                    ->  Hash Join  (cost=192491.42..907457.20 rows=415335 width=29) (actual time=2340.115..6311.443 rows=782104 loops=1)
                          Hash Cond: (ci.movie_id = t.id)
                          ->  Seq Scan on cast_info ci  (cost=0.00..705717.40 rows=1524260 width=12) (actual time=239.045..3776.068 rows=1435439 loops=1)
                                Filter: (note ~~ '%(producer)%'::text)
                                Rows Removed by Filter: 34808905
                          ->  Hash  (cost=185166.61..185166.61 rows=585985 width=29) (actual time=2098.306..2098.306 rows=596250 loops=1)
                                Buckets: 1048576  Batches: 1  Memory Usage: 46113kB
                                ->  Hash Join  (cost=96798.54..185166.61 rows=585985 width=29) (actual time=904.580..1934.532 rows=596250 loops=1)
                                      Hash Cond: (mc.movie_id = t.id)
                                      ->  Hash Join  (cost=6987.36..84808.81 rows=835376 width=8) (actual time=48.946..737.391 rows=1153798 loops=1)
                                            Hash Cond: (mc.company_id = cn.id)
                                            ->  Seq Scan on movie_companies mc  (cost=0.00..44881.29 rows=2609129 width=12) (actual time=0.010..231.631 rows=2609129 loops=1)
                                            ->  Hash  (cost=5932.46..5932.46 rows=84392 width=4) (actual time=48.302..48.302 rows=84843 loops=1)
                                                  Buckets: 131072  Batches: 1  Memory Usage: 4007kB
                                                  ->  Seq Scan on company_name cn  (cost=0.00..5932.46 rows=84392 width=4) (actual time=0.007..33.651 rows=84843 loops=1)
                                                        Filter: ((country_code)::text = '[us]'::text)
                                                        Rows Removed by Filter: 150154
                                      ->  Hash  (cost=67605.05..67605.05 rows=1776490 width=21) (actual time=851.480..851.480 rows=1749032 loops=1)
                                            Buckets: 2097152  Batches: 1  Memory Usage: 110019kB
                                            ->  Seq Scan on title t  (cost=0.00..67605.05 rows=1776490 width=21) (actual time=0.009..399.708 rows=1749032 loops=1)
                                                  Filter: (production_year > 1990)
                                                  Rows Removed by Filter: 779280
                    ->  Hash  (cost=67853.10..67853.10 rows=3140339 width=20) (actual time=1255.161..1255.161 rows=3140339 loops=1)
                          Buckets: 4194304  Batches: 1  Memory Usage: 198037kB
                          ->  Seq Scan on char_name chn  (cost=0.00..67853.10 rows=3140339 width=20) (actual time=0.007..425.773 rows=3140339 loops=1)
              ->  Hash  (cost=1.04..1.04 rows=4 width=4) (actual time=0.005..0.005 rows=4 loops=1)
                    Buckets: 1024  Batches: 1  Memory Usage: 9kB
                    ->  Seq Scan on company_type ct  (cost=0.00..1.04 rows=4 width=4) (actual time=0.002..0.002 rows=4 loops=1)
        ->  Hash  (cost=1.12..1.12 rows=12 width=4) (actual time=0.010..0.010 rows=12 loops=1)
              Buckets: 1024  Batches: 1  Memory Usage: 9kB
              ->  Seq Scan on role_type rt  (cost=0.00..1.12 rows=12 width=4) (actual time=0.004..0.006 rows=12 loops=1)
Planning time: 1.732 ms
Execution time: 7615.226 ms
