Aggregate  (cost=3772.70..3772.71 rows=1 width=96) (actual time=26.104..26.104 rows=1 loops=1)
  ->  Nested Loop  (cost=8.36..3772.70 rows=1 width=48) (actual time=2.346..26.093 rows=14 loops=1)
        Join Filter: (mc.company_type_id = ct.id)
        ->  Nested Loop  (cost=8.36..3771.63 rows=1 width=52) (actual time=2.343..26.071 rows=14 loops=1)
              ->  Nested Loop  (cost=7.94..3771.18 rows=1 width=37) (actual time=2.338..26.027 rows=21 loops=1)
                    Join Filter: (ml.movie_id = mc.movie_id)
                    ->  Nested Loop  (cost=7.51..3770.61 rows=1 width=41) (actual time=2.333..26.001 rows=7 loops=1)
                          Join Filter: (ml.movie_id = t.id)
                          ->  Nested Loop  (cost=7.08..3770.11 rows=1 width=20) (actual time=2.037..25.836 rows=64 loops=1)
                                Join Filter: (ml.link_type_id = lt.id)
                                Rows Removed by Join Filter: 187
                                ->  Nested Loop  (cost=7.08..3768.56 rows=11 width=12) (actual time=2.026..25.759 rows=251 loops=1)
                                      ->  Nested Loop  (cost=6.80..3754.10 rows=34 width=4) (actual time=2.020..17.546 rows=10544 loops=1)
                                            ->  Seq Scan on keyword k  (cost=0.00..2626.12 rows=1 width=4) (actual time=0.548..9.668 rows=1 loops=1)
                                                  Filter: (keyword = 'sequel'::text)
                                                  Rows Removed by Filter: 134169
                                            ->  Bitmap Heap Scan on movie_keyword mk  (cost=6.80..1124.92 rows=305 width=8) (actual time=1.470..6.801 rows=10544 loops=1)
                                                  Recheck Cond: (keyword_id = k.id)
                                                  Heap Blocks: exact=5570
                                                  ->  Bitmap Index Scan on keyword_id_movie_keyword  (cost=0.00..6.72 rows=305 width=0) (actual time=0.778..0.778 rows=10544 loops=1)
                                                        Index Cond: (keyword_id = k.id)
                                      ->  Index Scan using movie_id_movie_link on movie_link ml  (cost=0.29..0.38 rows=5 width=8) (actual time=0.001..0.001 rows=0 loops=10544)
                                            Index Cond: (movie_id = mk.movie_id)
                                ->  Materialize  (cost=0.00..1.24 rows=2 width=16) (actual time=0.000..0.000 rows=1 loops=251)
                                      ->  Seq Scan on link_type lt  (cost=0.00..1.23 rows=2 width=16) (actual time=0.003..0.006 rows=1 loops=1)
                                            Filter: ((link)::text ~~ '%follows%'::text)
                                            Rows Removed by Filter: 17
                          ->  Index Scan using title_pkey on title t  (cost=0.43..0.49 rows=1 width=21) (actual time=0.002..0.002 rows=0 loops=64)
                                Index Cond: (id = mk.movie_id)
                                Filter: ((title ~~ '%Money%'::text) AND (production_year = 1998))
                                Rows Removed by Filter: 1
                    ->  Index Scan using movie_id_movie_companies on movie_companies mc  (cost=0.43..0.54 rows=2 width=12) (actual time=0.002..0.003 rows=3 loops=7)
                          Index Cond: (movie_id = mk.movie_id)
                          Filter: (note IS NULL)
                          Rows Removed by Filter: 1
              ->  Index Scan using company_name_pkey on company_name cn  (cost=0.42..0.46 rows=1 width=23) (actual time=0.002..0.002 rows=1 loops=21)
                    Index Cond: (id = mc.company_id)
                    Filter: (((country_code)::text <> '[pl]'::text) AND ((name ~~ '%Film%'::text) OR (name ~~ '%Warner%'::text)))
                    Rows Removed by Filter: 0
        ->  Seq Scan on company_type ct  (cost=0.00..1.05 rows=1 width=4) (actual time=0.001..0.001 rows=1 loops=14)
              Filter: ((kind)::text = 'production companies'::text)
              Rows Removed by Filter: 1
Planning time: 3.386 ms
Execution time: 26.161 ms
