Aggregate  (cost=6199.74..6199.75 rows=1 width=96) (actual time=136.297..136.297 rows=1 loops=1)
  ->  Nested Loop  (cost=8.36..6199.42 rows=43 width=60) (actual time=2.126..131.637 rows=14899 loops=1)
        ->  Nested Loop  (cost=7.94..6187.68 rows=26 width=45) (actual time=2.122..110.056 rows=14916 loops=1)
              Join Filter: (mc.company_type_id = ct.id)
              Rows Removed by Join Filter: 1782
              ->  Nested Loop  (cost=7.94..6185.25 rows=35 width=49) (actual time=2.119..106.397 rows=15510 loops=1)
                    Join Filter: (ml.movie_id = mc.movie_id)
                    ->  Nested Loop  (cost=7.51..6182.99 rows=4 width=29) (actual time=2.113..98.641 rows=1460 loops=1)
                          Join Filter: (ml.movie_id = t.id)
                          ->  Nested Loop  (cost=7.08..6180.98 rows=4 width=8) (actual time=2.108..96.003 rows=1460 loops=1)
                                Join Filter: (ml.link_type_id = lt.id)
                                Rows Removed by Join Filter: 24820
                                ->  Seq Scan on link_type lt  (cost=0.00..1.18 rows=18 width=4) (actual time=0.003..0.006 rows=18 loops=1)
                                ->  Materialize  (cost=7.08..6178.73 rows=4 width=12) (actual time=0.117..5.237 rows=1460 loops=18)
                                      ->  Nested Loop  (cost=7.08..6178.71 rows=4 width=12) (actual time=2.101..92.907 rows=1460 loops=1)
                                            ->  Nested Loop  (cost=6.80..6135.76 rows=101 width=4) (actual time=2.096..55.840 rows=47403 loops=1)
                                                  ->  Seq Scan on keyword k  (cost=0.00..2793.84 rows=3 width=4) (actual time=0.656..16.073 rows=3 loops=1)
                                                        Filter: (keyword = ANY ('{sequel,revenge,based-on-novel}'::text[]))
                                                        Rows Removed by Filter: 134167
                                                  ->  Bitmap Heap Scan on movie_keyword mk  (cost=6.80..1110.92 rows=305 width=8) (actual time=2.088..11.638 rows=15801 loops=3)
                                                        Recheck Cond: (keyword_id = k.id)
                                                        Heap Blocks: exact=23953
                                                        ->  Bitmap Index Scan on keyword_id_movie_keyword  (cost=0.00..6.72 rows=305 width=0) (actual time=1.062..1.062 rows=15801 loops=3)
                                                              Index Cond: (keyword_id = k.id)
                                            ->  Index Scan using movie_id_movie_link on movie_link ml  (cost=0.29..0.38 rows=5 width=8) (actual time=0.001..0.001 rows=0 loops=47403)
                                                  Index Cond: (movie_id = mk.movie_id)
                          ->  Index Scan using title_pkey on title t  (cost=0.43..0.49 rows=1 width=21) (actual time=0.002..0.002 rows=1 loops=1460)
                                Index Cond: (id = mk.movie_id)
                                Filter: (production_year > 1950)
                    ->  Index Scan using movie_id_movie_companies on movie_companies mc  (cost=0.43..0.54 rows=2 width=36) (actual time=0.002..0.004 rows=11 loops=1460)
                          Index Cond: (movie_id = mk.movie_id)
                          Filter: (note IS NOT NULL)
                          Rows Removed by Filter: 2
              ->  Materialize  (cost=0.00..1.06 rows=3 width=4) (actual time=0.000..0.000 rows=1 loops=15510)
                    ->  Seq Scan on company_type ct  (cost=0.00..1.05 rows=3 width=4) (actual time=0.003..0.004 rows=3 loops=1)
                          Filter: ((kind IS NOT NULL) AND ((kind)::text <> 'production companies'::text))
                          Rows Removed by Filter: 1
        ->  Index Scan using company_name_pkey on company_name cn  (cost=0.42..0.45 rows=1 width=23) (actual time=0.001..0.001 rows=1 loops=14916)
              Index Cond: (id = mc.company_id)
              Filter: ((country_code)::text <> '[pl]'::text)
              Rows Removed by Filter: 0
Planning time: 3.293 ms
Execution time: 136.360 ms
