Aggregate  (cost=6190.73..6190.74 rows=1 width=96) (actual time=147.018..147.018 rows=1 loops=1)
  ->  Nested Loop  (cost=8.36..6190.57 rows=21 width=60) (actual time=2.143..141.527 rows=14899 loops=1)
        Join Filter: (mc.company_type_id = ct.id)
        Rows Removed by Join Filter: 1782
        ->  Nested Loop  (cost=8.36..6188.41 rows=28 width=64) (actual time=2.139..137.354 rows=15493 loops=1)
              ->  Nested Loop  (cost=7.94..6185.25 rows=7 width=49) (actual time=2.135..110.770 rows=15510 loops=1)
                    Join Filter: (ml.movie_id = mc.movie_id)
                    ->  Nested Loop  (cost=7.51..6182.99 rows=4 width=29) (actual time=2.130..102.204 rows=1460 loops=1)
                          Join Filter: (ml.movie_id = t.id)
                          ->  Nested Loop  (cost=7.08..6180.98 rows=4 width=8) (actual time=2.125..99.293 rows=1460 loops=1)
                                Join Filter: (ml.link_type_id = lt.id)
                                Rows Removed by Join Filter: 24820
                                ->  Seq Scan on link_type lt  (cost=0.00..1.18 rows=18 width=4) (actual time=0.003..0.007 rows=18 loops=1)
                                ->  Materialize  (cost=7.08..6178.73 rows=4 width=12) (actual time=0.118..5.411 rows=1460 loops=18)
                                      ->  Nested Loop  (cost=7.08..6178.71 rows=4 width=12) (actual time=2.117..95.954 rows=1460 loops=1)
                                            ->  Nested Loop  (cost=6.80..6135.76 rows=101 width=4) (actual time=2.104..56.290 rows=47403 loops=1)
                                                  ->  Seq Scan on keyword k  (cost=0.00..2793.84 rows=3 width=4) (actual time=0.638..15.904 rows=3 loops=1)
                                                        Filter: (keyword = ANY ('{sequel,revenge,based-on-novel}'::text[]))
                                                        Rows Removed by Filter: 134167
                                                  ->  Bitmap Heap Scan on movie_keyword mk  (cost=6.80..1110.92 rows=305 width=8) (actual time=2.037..11.859 rows=15801 loops=3)
                                                        Recheck Cond: (keyword_id = k.id)
                                                        Heap Blocks: exact=23953
                                                        ->  Bitmap Index Scan on keyword_id_movie_keyword  (cost=0.00..6.72 rows=305 width=0) (actual time=1.037..1.037 rows=15801 loops=3)
                                                              Index Cond: (keyword_id = k.id)
                                            ->  Index Scan using movie_id_movie_link on movie_link ml  (cost=0.29..0.38 rows=5 width=8) (actual time=0.001..0.001 rows=0 loops=47403)
                                                  Index Cond: (movie_id = mk.movie_id)
                          ->  Index Scan using title_pkey on title t  (cost=0.43..0.49 rows=1 width=21) (actual time=0.002..0.002 rows=1 loops=1460)
                                Index Cond: (id = mk.movie_id)
                                Filter: (production_year > 1950)
                    ->  Index Scan using movie_id_movie_companies on movie_companies mc  (cost=0.43..0.54 rows=2 width=36) (actual time=0.002..0.004 rows=11 loops=1460)
                          Index Cond: (movie_id = mk.movie_id)
                          Filter: (note IS NOT NULL)
                          Rows Removed by Filter: 2
              ->  Index Scan using company_name_pkey on company_name cn  (cost=0.42..0.45 rows=1 width=23) (actual time=0.001..0.001 rows=1 loops=15510)
                    Index Cond: (id = mc.company_id)
                    Filter: ((country_code)::text <> '[pl]'::text)
                    Rows Removed by Filter: 0
        ->  Materialize  (cost=0.00..1.06 rows=3 width=4) (actual time=0.000..0.000 rows=1 loops=15493)
              ->  Seq Scan on company_type ct  (cost=0.00..1.05 rows=3 width=4) (actual time=0.003..0.004 rows=3 loops=1)
                    Filter: ((kind IS NOT NULL) AND ((kind)::text <> 'production companies'::text))
                    Rows Removed by Filter: 1
Planning time: 3.301 ms
Execution time: 147.080 ms
