Aggregate  (cost=56065.27..56065.28 rows=1 width=96) (actual time=316.037..316.037 rows=1 loops=1)
  ->  Nested Loop  (cost=6382.16..56065.27 rows=1 width=41) (actual time=31.140..315.836 rows=397 loops=1)
        ->  Nested Loop  (cost=6382.02..56064.60 rows=4 width=45) (actual time=31.136..315.333 rows=397 loops=1)
              Join Filter: (t.id = mi.movie_id)
              ->  Nested Loop  (cost=6381.58..54900.61 rows=747 width=53) (actual time=18.129..257.391 rows=5674 loops=1)
                    Join Filter: (mi_idx.movie_id = t.id)
                    ->  Nested Loop  (cost=6381.15..52665.40 rows=4186 width=32) (actual time=16.850..216.812 rows=19791 loops=1)
                          ->  Hash Join  (cost=6380.73..46836.24 rows=13073 width=17) (actual time=16.608..169.248 rows=24233 loops=1)
                                Hash Cond: (mc.company_type_id = ct.id)
                                ->  Nested Loop  (cost=6379.67..46563.09 rows=26146 width=21) (actual time=16.582..161.157 rows=64707 loops=1)
                                      ->  Nested Loop  (cost=6379.24..19621.63 rows=10896 width=9) (actual time=16.575..105.562 rows=15849 loops=1)
                                            ->  Seq Scan on info_type it2  (cost=0.00..2.41 rows=1 width=4) (actual time=0.009..0.011 rows=1 loops=1)
                                                  Filter: ((info)::text = 'rating'::text)
                                                  Rows Removed by Filter: 112
                                            ->  Bitmap Heap Scan on movie_info_idx mi_idx  (cost=6379.24..19489.38 rows=12984 width=13) (actual time=16.564..103.849 rows=15849 loops=1)
                                                  Recheck Cond: (info_type_id = it2.id)
                                                  Filter: (info > '8.0'::text)
                                                  Rows Removed by Filter: 444076
                                                  Heap Blocks: exact=7934
                                                  ->  Bitmap Index Scan on info_type_id_movie_info_idx  (cost=0.00..6375.99 rows=345009 width=0) (actual time=15.570..15.570 rows=459925 loops=1)
                                                        Index Cond: (info_type_id = it2.id)
                                      ->  Index Scan using movie_id_movie_companies on movie_companies mc  (cost=0.43..2.42 rows=5 width=12) (actual time=0.002..0.003 rows=4 loops=15849)
                                            Index Cond: (movie_id = mi_idx.movie_id)
                                ->  Hash  (cost=1.05..1.05 rows=1 width=4) (actual time=0.006..0.006 rows=1 loops=1)
                                      Buckets: 1024  Batches: 1  Memory Usage: 9kB
                                      ->  Seq Scan on company_type ct  (cost=0.00..1.05 rows=1 width=4) (actual time=0.004..0.005 rows=1 loops=1)
                                            Filter: ((kind)::text = 'production companies'::text)
                                            Rows Removed by Filter: 3
                          ->  Index Scan using company_name_pkey on company_name cn  (cost=0.42..0.45 rows=1 width=23) (actual time=0.002..0.002 rows=1 loops=24233)
                                Index Cond: (id = mc.company_id)
                                Filter: ((country_code)::text = '[us]'::text)
                                Rows Removed by Filter: 0
                    ->  Index Scan using title_pkey on title t  (cost=0.43..0.52 rows=1 width=21) (actual time=0.002..0.002 rows=0 loops=19791)
                          Index Cond: (id = mc.movie_id)
                          Filter: ((production_year >= 2005) AND (production_year <= 2008))
                          Rows Removed by Filter: 1
              ->  Index Scan using movie_id_movie_info on movie_info mi  (cost=0.43..1.55 rows=1 width=8) (actual time=0.010..0.010 rows=0 loops=5674)
                    Index Cond: (movie_id = mc.movie_id)
                    Filter: (info = ANY ('{Drama,Horror}'::text[]))
                    Rows Removed by Filter: 28
        ->  Index Scan using info_type_pkey on info_type it1  (cost=0.14..0.16 rows=1 width=4) (actual time=0.001..0.001 rows=1 loops=397)
              Index Cond: (id = mi.info_type_id)
              Filter: ((info)::text = 'genres'::text)
Planning time: 3.355 ms
Execution time: 316.102 ms
