Aggregate  (cost=59199.26..59199.27 rows=1 width=96) (actual time=425.326..425.326 rows=1 loops=1)
  ->  Nested Loop  (cost=6382.02..59199.25 rows=1 width=41) (actual time=36.590..425.121 rows=397 loops=1)
        Join Filter: (mi.movie_id = t.id)
        ->  Nested Loop  (cost=6381.59..59196.04 rows=6 width=36) (actual time=16.191..420.959 rows=1311 loops=1)
              Join Filter: (mi.info_type_id = it1.id)
              Rows Removed by Join Filter: 268
              ->  Seq Scan on info_type it1  (cost=0.00..2.41 rows=1 width=4) (actual time=0.007..0.014 rows=1 loops=1)
                    Filter: ((info)::text = 'genres'::text)
                    Rows Removed by Filter: 112
              ->  Nested Loop  (cost=6381.59..59188.08 rows=444 width=40) (actual time=16.183..420.675 rows=1579 loops=1)
                    Join Filter: (mi_idx.movie_id = mi.movie_id)
                    ->  Nested Loop  (cost=6381.15..52665.40 rows=4186 width=32) (actual time=15.996..214.366 rows=19791 loops=1)
                          ->  Hash Join  (cost=6380.73..46836.24 rows=13073 width=17) (actual time=15.748..166.942 rows=24233 loops=1)
                                Hash Cond: (mc.company_type_id = ct.id)
                                ->  Nested Loop  (cost=6379.67..46563.09 rows=26146 width=21) (actual time=15.732..158.753 rows=64707 loops=1)
                                      ->  Nested Loop  (cost=6379.24..19621.63 rows=10896 width=9) (actual time=15.725..104.059 rows=15849 loops=1)
                                            ->  Seq Scan on info_type it2  (cost=0.00..2.41 rows=1 width=4) (actual time=0.008..0.011 rows=1 loops=1)
                                                  Filter: ((info)::text = 'rating'::text)
                                                  Rows Removed by Filter: 112
                                            ->  Bitmap Heap Scan on movie_info_idx mi_idx  (cost=6379.24..19489.38 rows=12984 width=13) (actual time=15.715..102.252 rows=15849 loops=1)
                                                  Recheck Cond: (info_type_id = it2.id)
                                                  Filter: (info > '8.0'::text)
                                                  Rows Removed by Filter: 444076
                                                  Heap Blocks: exact=7934
                                                  ->  Bitmap Index Scan on info_type_id_movie_info_idx  (cost=0.00..6375.99 rows=345009 width=0) (actual time=14.731..14.731 rows=459925 loops=1)
                                                        Index Cond: (info_type_id = it2.id)
                                      ->  Index Scan using movie_id_movie_companies on movie_companies mc  (cost=0.43..2.42 rows=5 width=12) (actual time=0.002..0.003 rows=4 loops=15849)
                                            Index Cond: (movie_id = mi_idx.movie_id)
                                ->  Hash  (cost=1.05..1.05 rows=1 width=4) (actual time=0.005..0.005 rows=1 loops=1)
                                      Buckets: 1024  Batches: 1  Memory Usage: 9kB
                                      ->  Seq Scan on company_type ct  (cost=0.00..1.05 rows=1 width=4) (actual time=0.003..0.003 rows=1 loops=1)
                                            Filter: ((kind)::text = 'production companies'::text)
                                            Rows Removed by Filter: 3
                          ->  Index Scan using company_name_pkey on company_name cn  (cost=0.42..0.45 rows=1 width=23) (actual time=0.002..0.002 rows=1 loops=24233)
                                Index Cond: (id = mc.company_id)
                                Filter: ((country_code)::text = '[us]'::text)
                                Rows Removed by Filter: 0
                    ->  Index Scan using movie_id_movie_info on movie_info mi  (cost=0.43..1.55 rows=1 width=8) (actual time=0.010..0.010 rows=0 loops=19791)
                          Index Cond: (movie_id = mc.movie_id)
                          Filter: (info = ANY ('{Drama,Horror}'::text[]))
                          Rows Removed by Filter: 31
        ->  Index Scan using title_pkey on title t  (cost=0.43..0.52 rows=1 width=21) (actual time=0.003..0.003 rows=0 loops=1311)
              Index Cond: (id = mc.movie_id)
              Filter: ((production_year >= 2005) AND (production_year <= 2008))
              Rows Removed by Filter: 1
Planning time: 3.448 ms
Execution time: 425.401 ms
