Aggregate  (cost=93312.29..93312.30 rows=1 width=64) (actual time=354.823..354.823 rows=1 loops=1)
  ->  Nested Loop  (cost=1.71..93312.23 rows=11 width=59) (actual time=245.891..354.810 rows=10 loops=1)
        Join Filter: (mc.company_type_id = ct.id)
        Rows Removed by Join Filter: 5
        ->  Nested Loop  (cost=1.71..93310.87 rows=11 width=63) (actual time=245.879..354.792 rows=10 loops=1)
              Join Filter: (mi.info_type_id = it1.id)
              Rows Removed by Join Filter: 1200
              ->  Seq Scan on info_type it1  (cost=0.00..2.41 rows=1 width=4) (actual time=0.014..0.015 rows=1 loops=1)
                    Filter: ((info)::text = 'budget'::text)
                    Rows Removed by Filter: 112
              ->  Nested Loop  (cost=1.71..93298.64 rows=785 width=67) (actual time=245.838..354.700 rows=1210 loops=1)
                    Join Filter: (t.id = mi.movie_id)
                    ->  Nested Loop  (cost=1.28..92722.71 rows=296 width=33) (actual time=245.828..354.224 rows=10 loops=1)
                          ->  Nested Loop  (cost=0.86..92310.26 rows=925 width=37) (actual time=245.819..354.103 rows=33 loops=1)
                                Join Filter: (t.id = mc.movie_id)
                                ->  Nested Loop  (cost=0.43..91713.37 rows=911 width=25) (actual time=245.807..354.067 rows=2 loops=1)
                                      Join Filter: (mi_idx.info_type_id = it2.id)
                                      Rows Removed by Join Filter: 2643
                                      ->  Seq Scan on info_type it2  (cost=0.00..2.41 rows=1 width=4) (actual time=0.009..0.009 rows=1 loops=1)
                                            Filter: ((info)::text = 'bottom 10 rank'::text)
                                            Rows Removed by Filter: 112
                                      ->  Nested Loop  (cost=0.43..91654.00 rows=4556 width=29) (actual time=3.649..353.887 rows=2645 loops=1)
                                            ->  Seq Scan on title t  (cost=0.00..80247.87 rows=1521 width=21) (actual time=0.109..346.829 rows=2536 loops=1)
                                                  Filter: ((production_year > 2000) AND ((title ~~ 'Birdemic%'::text) OR (title ~~ '%Movie%'::text)))
                                                  Rows Removed by Filter: 2525776
                                            ->  Index Scan using movie_id_movie_info_idx on movie_info_idx mi_idx  (cost=0.43..7.47 rows=3 width=8) (actual time=0.002..0.002 rows=1 loops=2536)
                                                  Index Cond: (movie_id = t.id)
                                ->  Index Scan using movie_id_movie_companies on movie_companies mc  (cost=0.43..0.59 rows=5 width=12) (actual time=0.007..0.012 rows=16 loops=2)
                                      Index Cond: (movie_id = mi_idx.movie_id)
                          ->  Index Scan using company_name_pkey on company_name cn  (cost=0.42..0.45 rows=1 width=4) (actual time=0.003..0.003 rows=0 loops=33)
                                Index Cond: (id = mc.company_id)
                                Filter: ((country_code)::text = '[us]'::text)
                                Rows Removed by Filter: 1
                    ->  Index Scan using movie_id_movie_info on movie_info mi  (cost=0.43..1.45 rows=40 width=50) (actual time=0.003..0.027 rows=121 loops=10)
                          Index Cond: (movie_id = mc.movie_id)
        ->  Materialize  (cost=0.00..1.07 rows=2 width=4) (actual time=0.001..0.001 rows=2 loops=10)
              ->  Seq Scan on company_type ct  (cost=0.00..1.06 rows=2 width=4) (actual time=0.007..0.008 rows=2 loops=1)
                    Filter: ((kind IS NOT NULL) AND (((kind)::text = 'production companies'::text) OR ((kind)::text = 'distributors'::text)))
Planning time: 3.551 ms
Execution time: 354.896 ms
