Aggregate  (cost=67795.71..67795.72 rows=1 width=96) (actual time=1420.258..1420.258 rows=1 loops=1)
  ->  Nested Loop  (cost=6390.85..67795.70 rows=2 width=41) (actual time=16.302..1418.209 rows=4711 loops=1)
        Join Filter: (mi.info_type_id = it1.id)
        ->  Seq Scan on info_type it1  (cost=0.00..2.41 rows=1 width=4) (actual time=0.007..0.014 rows=1 loops=1)
              Filter: ((info)::text = 'genres'::text)
              Rows Removed by Filter: 112
        ->  Nested Loop  (cost=6390.85..67790.86 rows=194 width=45) (actual time=16.294..1417.483 rows=4711 loops=1)
              Join Filter: (t.id = mi.movie_id)
              ->  Nested Loop  (cost=6390.42..67319.93 rows=284 width=53) (actual time=15.610..976.205 rows=42332 loops=1)
                    Join Filter: (mi_idx.movie_id = t.id)
                    ->  Nested Loop  (cost=6389.99..66957.36 rows=679 width=32) (actual time=15.604..793.439 rows=91314 loops=1)
                          ->  Hash Join  (cost=6389.57..65067.22 rows=4239 width=17) (actual time=15.599..503.586 rows=154495 loops=1)
                                Hash Cond: (mc.company_type_id = ct.id)
                                ->  Nested Loop  (cost=6388.51..63072.18 rows=191614 width=21) (actual time=15.587..456.942 rows=383016 loops=1)
                                      ->  Nested Loop  (cost=6388.08..19983.91 rows=39349 width=9) (actual time=15.580..128.848 rows=121572 loops=1)
                                            ->  Seq Scan on info_type it2  (cost=0.00..2.41 rows=1 width=4) (actual time=0.008..0.011 rows=1 loops=1)
                                                  Filter: ((info)::text = 'rating'::text)
                                                  Rows Removed by Filter: 112
                                            ->  Bitmap Heap Scan on movie_info_idx mi_idx  (cost=6388.08..19498.21 rows=48329 width=13) (actual time=15.570..116.890 rows=121572 loops=1)
                                                  Recheck Cond: (info_type_id = it2.id)
                                                  Filter: (info > '7.0'::text)
                                                  Rows Removed by Filter: 338353
                                                  Heap Blocks: exact=7934
                                                  ->  Bitmap Index Scan on info_type_id_movie_info_idx  (cost=0.00..6375.99 rows=345009 width=0) (actual time=14.482..14.482 rows=459925 loops=1)
                                                        Index Cond: (info_type_id = it2.id)
                                      ->  Index Scan using movie_id_movie_companies on movie_companies mc  (cost=0.43..1.05 rows=5 width=12) (actual time=0.001..0.002 rows=3 loops=121572)
                                            Index Cond: (movie_id = mi_idx.movie_id)
                                ->  Hash  (cost=1.05..1.05 rows=1 width=4) (actual time=0.005..0.005 rows=1 loops=1)
                                      Buckets: 1024  Batches: 1  Memory Usage: 9kB
                                      ->  Seq Scan on company_type ct  (cost=0.00..1.05 rows=1 width=4) (actual time=0.003..0.003 rows=1 loops=1)
                                            Filter: ((kind)::text = 'production companies'::text)
                                            Rows Removed by Filter: 3
                          ->  Index Scan using company_name_pkey on company_name cn  (cost=0.42..0.45 rows=1 width=23) (actual time=0.002..0.002 rows=1 loops=154495)
                                Index Cond: (id = mc.company_id)
                                Filter: ((country_code)::text = '[us]'::text)
                                Rows Removed by Filter: 0
                    ->  Index Scan using title_pkey on title t  (cost=0.43..0.52 rows=1 width=21) (actual time=0.002..0.002 rows=0 loops=91314)
                          Index Cond: (id = mc.movie_id)
                          Filter: ((production_year >= 2000) AND (production_year <= 2010))
                          Rows Removed by Filter: 1
              ->  Index Scan using movie_id_movie_info on movie_info mi  (cost=0.43..1.65 rows=1 width=8) (actual time=0.010..0.010 rows=0 loops=42332)
                    Index Cond: (movie_id = mc.movie_id)
                    Filter: (info = ANY ('{Drama,Horror,Western,Family}'::text[]))
                    Rows Removed by Filter: 29
Planning time: 3.464 ms
Execution time: 1420.333 ms
