Aggregate  (cost=23817.43..23817.44 rows=1 width=96) (actual time=1151.853..1151.853 rows=1 loops=1)
  ->  Nested Loop  (cost=6390.85..23817.42 rows=2 width=41) (actual time=16.744..1149.796 rows=4711 loops=1)
        Join Filter: (mi.info_type_id = it1.id)
        ->  Seq Scan on info_type it1  (cost=0.00..2.41 rows=1 width=4) (actual time=0.006..0.013 rows=1 loops=1)
              Filter: ((info)::text = 'genres'::text)
              Rows Removed by Filter: 112
        ->  Nested Loop  (cost=6390.85..23812.28 rows=218 width=45) (actual time=16.738..1149.052 rows=4711 loops=1)
              Join Filter: (t.id = mi.movie_id)
              ->  Nested Loop  (cost=6390.42..23283.31 rows=319 width=53) (actual time=15.880..708.480 rows=42332 loops=1)
                    ->  Hash Join  (cost=6390.00..22887.36 rows=888 width=38) (actual time=15.875..567.365 rows=68466 loops=1)
                          Hash Cond: (mc.company_type_id = ct.id)
                          ->  Nested Loop  (cost=6388.94..22849.33 rows=3552 width=42) (actual time=15.854..545.443 rows=169157 loops=1)
                                ->  Nested Loop  (cost=6388.51..22364.19 rows=729 width=30) (actual time=15.849..389.846 rows=52304 loops=1)
                                      ->  Nested Loop  (cost=6388.08..19983.91 rows=1741 width=9) (actual time=15.841..126.752 rows=121572 loops=1)
                                            ->  Seq Scan on info_type it2  (cost=0.00..2.41 rows=1 width=4) (actual time=0.008..0.011 rows=1 loops=1)
                                                  Filter: ((info)::text = 'rating'::text)
                                                  Rows Removed by Filter: 112
                                            ->  Bitmap Heap Scan on movie_info_idx mi_idx  (cost=6388.08..19498.21 rows=48329 width=13) (actual time=15.831..114.883 rows=121572 loops=1)
                                                  Recheck Cond: (info_type_id = it2.id)
                                                  Filter: (info > '7.0'::text)
                                                  Rows Removed by Filter: 338353
                                                  Heap Blocks: exact=7934
                                                  ->  Bitmap Index Scan on info_type_id_movie_info_idx  (cost=0.00..6375.99 rows=345009 width=0) (actual time=14.860..14.860 rows=459925 loops=1)
                                                        Index Cond: (info_type_id = it2.id)
                                      ->  Index Scan using title_pkey on title t  (cost=0.43..1.37 rows=1 width=21) (actual time=0.002..0.002 rows=0 loops=121572)
                                            Index Cond: (id = mi_idx.movie_id)
                                            Filter: ((production_year >= 2000) AND (production_year <= 2010))
                                            Rows Removed by Filter: 1
                                ->  Index Scan using movie_id_movie_companies on movie_companies mc  (cost=0.43..0.62 rows=5 width=12) (actual time=0.002..0.002 rows=3 loops=52304)
                                      Index Cond: (movie_id = t.id)
                          ->  Hash  (cost=1.05..1.05 rows=1 width=4) (actual time=0.004..0.004 rows=1 loops=1)
                                Buckets: 1024  Batches: 1  Memory Usage: 9kB
                                ->  Seq Scan on company_type ct  (cost=0.00..1.05 rows=1 width=4) (actual time=0.002..0.003 rows=1 loops=1)
                                      Filter: ((kind)::text = 'production companies'::text)
                                      Rows Removed by Filter: 3
                    ->  Index Scan using company_name_pkey on company_name cn  (cost=0.42..0.45 rows=1 width=23) (actual time=0.002..0.002 rows=1 loops=68466)
                          Index Cond: (id = mc.company_id)
                          Filter: ((country_code)::text = '[us]'::text)
                          Rows Removed by Filter: 0
              ->  Index Scan using movie_id_movie_info on movie_info mi  (cost=0.43..1.65 rows=1 width=8) (actual time=0.010..0.010 rows=0 loops=42332)
                    Index Cond: (movie_id = mc.movie_id)
                    Filter: (info = ANY ('{Drama,Horror,Western,Family}'::text[]))
                    Rows Removed by Filter: 29
Planning time: 3.387 ms
Execution time: 1151.917 ms
