Aggregate  (cost=117034.43..117034.44 rows=1 width=96) (actual time=937.655..937.655 rows=1 loops=1)
  ->  Nested Loop  (cost=6053.22..117034.39 rows=6 width=64) (actual time=224.309..908.566 rows=111101 loops=1)
        Join Filter: (mi.info_type_id = it2.id)
        Rows Removed by Join Filter: 405226
        ->  Seq Scan on info_type it2  (cost=0.00..2.41 rows=1 width=4) (actual time=0.008..0.013 rows=1 loops=1)
              Filter: ((info)::text = 'release dates'::text)
              Rows Removed by Filter: 112
        ->  Nested Loop  (cost=6053.22..116904.79 rows=10175 width=68) (actual time=224.294..873.610 rows=516327 loops=1)
              ->  Hash Join  (cost=6052.79..113768.75 rows=1690 width=34) (actual time=224.284..647.923 rows=16470 loops=1)
                    Hash Cond: (t.kind_id = kt.id)
                    ->  Nested Loop  (cost=6051.69..113633.29 rows=11830 width=38) (actual time=27.943..643.019 rows=31510 loops=1)
                          ->  Nested Loop  (cost=6051.26..107510.50 rows=11855 width=13) (actual time=27.937..577.580 rows=31510 loops=1)
                                Join Filter: (miidx.info_type_id = it.id)
                                Rows Removed by Join Filter: 63058
                                ->  Seq Scan on info_type it  (cost=0.00..2.41 rows=1 width=4) (actual time=0.008..0.010 rows=1 loops=1)
                                      Filter: ((info)::text = 'rating'::text)
                                      Rows Removed by Filter: 112
                                ->  Nested Loop  (cost=6051.26..106767.18 rows=59273 width=17) (actual time=27.927..569.522 rows=94568 loops=1)
                                      ->  Hash Join  (cost=6050.83..82111.47 rows=46699 width=4) (actual time=27.804..449.265 rows=71294 loops=1)
                                            Hash Cond: (mc.company_id = cn.id)
                                            ->  Nested Loop  (cost=0.43..59590.99 rows=1304565 width=8) (actual time=0.013..311.958 rows=1334883 loops=1)
                                                  ->  Seq Scan on company_type ct  (cost=0.00..1.05 rows=1 width=4) (actual time=0.002..0.005 rows=1 loops=1)
                                                        Filter: ((kind)::text = 'production companies'::text)
                                                        Rows Removed by Filter: 3
                                                  ->  Index Scan using company_type_id_movie_companies on movie_companies mc  (cost=0.43..46544.30 rows=1304564 width=12) (actual time=0.010..172.354 rows=1334883 loops=1)
                                                        Index Cond: (company_type_id = ct.id)
                                            ->  Hash  (cost=5932.46..5932.46 rows=9435 width=4) (actual time=27.683..27.683 rows=9775 loops=1)
                                                  Buckets: 16384  Batches: 1  Memory Usage: 472kB
                                                  ->  Seq Scan on company_name cn  (cost=0.00..5932.46 rows=9435 width=4) (actual time=0.004..26.244 rows=9775 loops=1)
                                                        Filter: ((country_code)::text = '[de]'::text)
                                                        Rows Removed by Filter: 225222
                                      ->  Index Scan using movie_id_movie_info_idx on movie_info_idx miidx  (cost=0.43..0.50 rows=3 width=13) (actual time=0.001..0.001 rows=1 loops=71294)
                                            Index Cond: (movie_id = mc.movie_id)
                          ->  Index Scan using title_pkey on title t  (cost=0.43..0.52 rows=1 width=25) (actual time=0.002..0.002 rows=1 loops=31510)
                                Index Cond: (id = mc.movie_id)
                    ->  Hash  (cost=1.09..1.09 rows=1 width=4) (actual time=0.004..0.004 rows=1 loops=1)
                          Buckets: 1024  Batches: 1  Memory Usage: 9kB
                          ->  Seq Scan on kind_type kt  (cost=0.00..1.09 rows=1 width=4) (actual time=0.002..0.003 rows=1 loops=1)
                                Filter: ((kind)::text = 'movie'::text)
                                Rows Removed by Filter: 6
              ->  Index Scan using movie_id_movie_info on movie_info mi  (cost=0.43..1.46 rows=40 width=50) (actual time=0.002..0.010 rows=31 loops=16470)
                    Index Cond: (movie_id = t.id)
Planning time: 4.877 ms
Execution time: 937.717 ms
