Aggregate  (cost=53612.24..53612.25 rows=1 width=96) (actual time=206.588..206.588 rows=1 loops=1)
  ->  Nested Loop  (cost=7788.07..53612.23 rows=1 width=41) (actual time=24.274..206.435 rows=372 loops=1)
        ->  Nested Loop  (cost=7787.65..53611.79 rows=1 width=26) (actual time=23.900..205.219 rows=626 loops=1)
              ->  Nested Loop  (cost=7787.51..53609.82 rows=12 width=30) (actual time=23.898..201.916 rows=3429 loops=1)
                    Join Filter: (t.id = mi.movie_id)
                    ->  Hash Join  (cost=7787.07..53607.87 rows=1 width=38) (actual time=23.891..199.833 rows=117 loops=1)
                          Hash Cond: (mc.company_type_id = ct.id)
                          ->  Nested Loop  (cost=7786.01..53606.42 rows=38 width=42) (actual time=23.878..199.760 rows=313 loops=1)
                                Join Filter: (t.id = mc.movie_id)
                                ->  Nested Loop  (cost=7785.58..53549.41 rows=87 width=30) (actual time=23.871..199.215 rows=90 loops=1)
                                      Join Filter: (miidx.info_type_id = it.id)
                                      Rows Removed by Join Filter: 180
                                      ->  Seq Scan on info_type it  (cost=0.00..2.41 rows=1 width=4) (actual time=0.010..0.012 rows=1 loops=1)
                                            Filter: ((info)::text = 'rating'::text)
                                            Rows Removed by Filter: 112
                                      ->  Nested Loop  (cost=7785.58..53540.65 rows=508 width=34) (actual time=23.859..199.165 rows=270 loops=1)
                                            ->  Nested Loop  (cost=7785.15..52213.56 rows=170 width=21) (actual time=23.650..197.975 rows=395 loops=1)
                                                  ->  Seq Scan on kind_type kt  (cost=0.00..1.09 rows=1 width=4) (actual time=0.002..0.004 rows=1 loops=1)
                                                        Filter: ((kind)::text = 'movie'::text)
                                                        Rows Removed by Filter: 6
                                                  ->  Bitmap Heap Scan on title t  (cost=7785.15..52211.69 rows=78 width=25) (actual time=23.646..197.912 rows=395 loops=1)
                                                        Recheck Cond: (kind_id = kt.id)
                                                        Filter: ((title <> ''::text) AND ((title ~~ '%Champion%'::text) OR (title ~~ '%Loser%'::text)))
                                                        Rows Removed by Filter: 662430
                                                        Heap Blocks: exact=12863
                                                        ->  Bitmap Index Scan on kind_id_title  (cost=0.00..7785.13 rows=421427 width=0) (actual time=21.273..21.273 rows=662825 loops=1)
                                                              Index Cond: (kind_id = kt.id)
                                            ->  Index Scan using movie_id_movie_info_idx on movie_info_idx miidx  (cost=0.43..7.78 rows=3 width=13) (actual time=0.002..0.003 rows=1 loops=395)
                                                  Index Cond: (movie_id = t.id)
                                ->  Index Scan using movie_id_movie_companies on movie_companies mc  (cost=0.43..0.59 rows=5 width=12) (actual time=0.004..0.005 rows=3 loops=90)
                                      Index Cond: (movie_id = miidx.movie_id)
                          ->  Hash  (cost=1.05..1.05 rows=1 width=4) (actual time=0.006..0.006 rows=1 loops=1)
                                Buckets: 1024  Batches: 1  Memory Usage: 9kB
                                ->  Seq Scan on company_type ct  (cost=0.00..1.05 rows=1 width=4) (actual time=0.004..0.005 rows=1 loops=1)
                                      Filter: ((kind)::text = 'production companies'::text)
                                      Rows Removed by Filter: 3
                    ->  Index Scan using movie_id_movie_info on movie_info mi  (cost=0.43..1.45 rows=40 width=8) (actual time=0.004..0.013 rows=29 loops=117)
                          Index Cond: (movie_id = mc.movie_id)
              ->  Index Scan using info_type_pkey on info_type it2  (cost=0.14..0.16 rows=1 width=4) (actual time=0.001..0.001 rows=0 loops=3429)
                    Index Cond: (id = mi.info_type_id)
                    Filter: ((info)::text = 'release dates'::text)
                    Rows Removed by Filter: 1
        ->  Index Scan using company_name_pkey on company_name cn  (cost=0.42..0.45 rows=1 width=23) (actual time=0.002..0.002 rows=1 loops=626)
              Index Cond: (id = mc.company_id)
              Filter: ((country_code)::text = '[us]'::text)
              Rows Removed by Filter: 0
Planning time: 5.218 ms
Execution time: 206.667 ms
