Aggregate  (cost=52976.70..52976.71 rows=1 width=96) (actual time=140.639..140.639 rows=1 loops=1)
  ->  Nested Loop  (cost=7787.93..52976.69 rows=1 width=41) (actual time=33.054..140.607 rows=53 loops=1)
        Join Filter: (mi.info_type_id = it2.id)
        Rows Removed by Join Filter: 165
        ->  Seq Scan on info_type it2  (cost=0.00..2.41 rows=1 width=4) (actual time=0.007..0.013 rows=1 loops=1)
              Filter: ((info)::text = 'release dates'::text)
              Rows Removed by Filter: 112
        ->  Nested Loop  (cost=7787.93..52974.01 rows=22 width=45) (actual time=33.039..140.574 rows=218 loops=1)
              Join Filter: (t.id = mi.movie_id)
              ->  Nested Loop  (cost=7787.49..52958.44 rows=8 width=53) (actual time=33.032..140.391 rows=14 loops=1)
                    ->  Hash Join  (cost=7787.07..52946.85 rows=26 width=38) (actual time=33.025..140.248 rows=32 loops=1)
                          Hash Cond: (mc.company_type_id = ct.id)
                          ->  Nested Loop  (cost=7786.01..52945.24 rows=52 width=42) (actual time=33.011..140.221 rows=95 loops=1)
                                Join Filter: (t.id = mc.movie_id)
                                ->  Nested Loop  (cost=7785.58..52911.83 rows=51 width=30) (actual time=33.005..140.091 rows=29 loops=1)
                                      Join Filter: (miidx.info_type_id = it.id)
                                      Rows Removed by Join Filter: 58
                                      ->  Seq Scan on info_type it  (cost=0.00..2.41 rows=1 width=4) (actual time=0.008..0.010 rows=1 loops=1)
                                            Filter: ((info)::text = 'rating'::text)
                                            Rows Removed by Filter: 112
                                      ->  Nested Loop  (cost=7785.58..52906.24 rows=254 width=34) (actual time=32.996..140.069 rows=87 loops=1)
                                            ->  Nested Loop  (cost=7785.15..52213.56 rows=85 width=21) (actual time=32.813..139.856 rows=89 loops=1)
                                                  ->  Seq Scan on kind_type kt  (cost=0.00..1.09 rows=1 width=4) (actual time=0.002..0.004 rows=1 loops=1)
                                                        Filter: ((kind)::text = 'movie'::text)
                                                        Rows Removed by Filter: 6
                                                  ->  Bitmap Heap Scan on title t  (cost=7785.15..52211.69 rows=78 width=25) (actual time=32.809..139.837 rows=89 loops=1)
                                                        Recheck Cond: (kind_id = kt.id)
                                                        Filter: ((title <> ''::text) AND ((title ~~ 'Champion%'::text) OR (title ~~ 'Loser%'::text)))
                                                        Rows Removed by Filter: 662736
                                                        Heap Blocks: exact=12863
                                                        ->  Bitmap Index Scan on kind_id_title  (cost=0.00..7785.13 rows=421427 width=0) (actual time=20.924..20.924 rows=662825 loops=1)
                                                              Index Cond: (kind_id = kt.id)
                                            ->  Index Scan using movie_id_movie_info_idx on movie_info_idx miidx  (cost=0.43..8.12 rows=3 width=13) (actual time=0.002..0.002 rows=1 loops=89)
                                                  Index Cond: (movie_id = t.id)
                                ->  Index Scan using movie_id_movie_companies on movie_companies mc  (cost=0.43..0.59 rows=5 width=12) (actual time=0.003..0.004 rows=3 loops=29)
                                      Index Cond: (movie_id = miidx.movie_id)
                          ->  Hash  (cost=1.05..1.05 rows=1 width=4) (actual time=0.004..0.004 rows=1 loops=1)
                                Buckets: 1024  Batches: 1  Memory Usage: 9kB
                                ->  Seq Scan on company_type ct  (cost=0.00..1.05 rows=1 width=4) (actual time=0.002..0.002 rows=1 loops=1)
                                      Filter: ((kind)::text = 'production companies'::text)
                                      Rows Removed by Filter: 3
                    ->  Index Scan using company_name_pkey on company_name cn  (cost=0.42..0.45 rows=1 width=23) (actual time=0.004..0.004 rows=0 loops=32)
                          Index Cond: (id = mc.company_id)
                          Filter: ((country_code)::text = '[us]'::text)
                          Rows Removed by Filter: 1
              ->  Index Scan using movie_id_movie_info on movie_info mi  (cost=0.43..1.45 rows=40 width=8) (actual time=0.003..0.010 rows=16 loops=14)
                    Index Cond: (movie_id = mc.movie_id)
Planning time: 5.095 ms
Execution time: 140.704 ms
