Aggregate  (cost=111721.47..111721.48 rows=1 width=96) (actual time=4032.411..4032.411 rows=1 loops=1)
  ->  Nested Loop  (cost=65103.59..111720.02 rows=194 width=41) (actual time=455.122..3855.793 rows=670390 loops=1)
        Join Filter: (mi.info_type_id = it2.id)
        Rows Removed by Join Filter: 3646194
        ->  Seq Scan on info_type it2  (cost=0.00..2.41 rows=1 width=4) (actual time=0.006..0.013 rows=1 loops=1)
              Filter: ((info)::text = 'release dates'::text)
              Rows Removed by Filter: 112
        ->  Nested Loop  (cost=65103.59..111443.53 rows=21926 width=45) (actual time=455.106..3579.142 rows=4316584 loops=1)
              ->  Nested Loop  (cost=65103.16..110181.69 rows=680 width=53) (actual time=455.095..1987.701 rows=87293 loops=1)
                    ->  Hash Join  (cost=65102.74..108287.98 rows=4247 width=38) (actual time=455.071..1332.073 rows=302610 loops=1)
                          Hash Cond: (mc.company_type_id = ct.id)
                          ->  Nested Loop  (cost=65101.67..106289.06 rows=191987 width=42) (actual time=455.051..1242.956 rows=773084 loops=1)
                                ->  Hash Join  (cost=65101.24..82296.36 rows=39426 width=30) (actual time=455.028..656.841 rows=209880 loops=1)
                                      Hash Cond: (miidx.movie_id = t.id)
                                      ->  Nested Loop  (cost=6462.25..22162.36 rows=276007 width=9) (actual time=15.996..132.432 rows=459925 loops=1)
                                            ->  Seq Scan on info_type it  (cost=0.00..2.41 rows=1 width=4) (actual time=0.008..0.011 rows=1 loops=1)
                                                  Filter: ((info)::text = 'rating'::text)
                                                  Rows Removed by Filter: 112
                                            ->  Bitmap Heap Scan on movie_info_idx miidx  (cost=6462.25..18709.86 rows=345009 width=13) (actual time=15.986..79.133 rows=459925 loops=1)
                                                  Recheck Cond: (info_type_id = it.id)
                                                  Heap Blocks: exact=7934
                                                  ->  Bitmap Index Scan on info_type_id_movie_info_idx  (cost=0.00..6375.99 rows=345009 width=0) (actual time=14.940..14.940 rows=459925 loops=1)
                                                        Index Cond: (info_type_id = it.id)
                                      ->  Hash  (cost=53371.68..53371.68 rows=421385 width=21) (actual time=363.293..363.293 rows=662825 loops=1)
                                            Buckets: 1048576 (originally 524288)  Batches: 1 (originally 1)  Memory Usage: 44421kB
                                            ->  Nested Loop  (cost=7890.49..53371.68 rows=421385 width=21) (actual time=22.711..195.953 rows=662825 loops=1)
                                                  ->  Seq Scan on kind_type kt  (cost=0.00..1.09 rows=1 width=4) (actual time=0.006..0.010 rows=1 loops=1)
                                                        Filter: ((kind)::text = 'movie'::text)
                                                        Rows Removed by Filter: 6
                                                  ->  Bitmap Heap Scan on title t  (cost=7890.49..49156.33 rows=421427 width=25) (actual time=22.702..118.258 rows=662825 loops=1)
                                                        Recheck Cond: (kind_id = kt.id)
                                                        Heap Blocks: exact=12863
                                                        ->  Bitmap Index Scan on kind_id_title  (cost=0.00..7785.13 rows=421427 width=0) (actual time=21.162..21.162 rows=662825 loops=1)
                                                              Index Cond: (kind_id = kt.id)
                                ->  Index Scan using movie_id_movie_companies on movie_companies mc  (cost=0.43..0.56 rows=5 width=12) (actual time=0.001..0.002 rows=4 loops=209880)
                                      Index Cond: (movie_id = t.id)
                          ->  Hash  (cost=1.05..1.05 rows=1 width=4) (actual time=0.004..0.004 rows=1 loops=1)
                                Buckets: 1024  Batches: 1  Memory Usage: 9kB
                                ->  Seq Scan on company_type ct  (cost=0.00..1.05 rows=1 width=4) (actual time=0.002..0.003 rows=1 loops=1)
                                      Filter: ((kind)::text = 'production companies'::text)
                                      Rows Removed by Filter: 3
                    ->  Index Scan using company_name_pkey on company_name cn  (cost=0.42..0.45 rows=1 width=23) (actual time=0.002..0.002 rows=0 loops=302610)
                          Index Cond: (id = mc.company_id)
                          Filter: ((country_code)::text = '[us]'::text)
                          Rows Removed by Filter: 1
              ->  Index Scan using movie_id_movie_info on movie_info mi  (cost=0.43..1.46 rows=40 width=8) (actual time=0.002..0.012 rows=49 loops=87293)
                    Index Cond: (movie_id = t.id)
Planning time: 5.051 ms
Execution time: 4033.568 ms
