Aggregate  (cost=7488.80..7488.81 rows=1 width=64) (actual time=402.856..402.856 rows=1 loops=1)
  ->  Nested Loop  (cost=8.09..7488.80 rows=1 width=22) (actual time=3.076..401.722 rows=4115 loops=1)
        Join Filter: (mi.info_type_id = it1.id)
        Rows Removed by Join Filter: 594
        ->  Seq Scan on info_type it1  (cost=0.00..2.41 rows=1 width=4) (actual time=0.006..0.013 rows=1 loops=1)
              Filter: ((info)::text = 'countries'::text)
              Rows Removed by Filter: 112
        ->  Nested Loop  (cost=8.09..7486.33 rows=4 width=26) (actual time=3.069..401.024 rows=4709 loops=1)
              Join Filter: (t.id = mi.movie_id)
              ->  Nested Loop  (cost=7.65..7469.78 rows=9 width=34) (actual time=3.053..189.916 rows=5949 loops=1)
                    Join Filter: (mi_idx.info_type_id = it2.id)
                    Rows Removed by Join Filter: 11943
                    ->  Seq Scan on info_type it2  (cost=0.00..2.41 rows=1 width=4) (actual time=0.008..0.010 rows=1 loops=1)
                          Filter: ((info)::text = 'rating'::text)
                          Rows Removed by Filter: 112
                    ->  Nested Loop  (cost=7.65..7466.81 rows=45 width=38) (actual time=3.042..188.079 rows=17892 loops=1)
                          Join Filter: (t.id = mi_idx.movie_id)
                          ->  Nested Loop  (cost=7.23..7458.24 rows=16 width=25) (actual time=3.036..158.149 rows=8073 loops=1)
                                Join Filter: (t.kind_id = kt.id)
                                Rows Removed by Join Filter: 4332
                                ->  Nested Loop  (cost=7.23..7455.55 rows=56 width=29) (actual time=3.016..155.161 rows=9739 loops=1)
                                      ->  Nested Loop  (cost=6.80..7389.43 rows=135 width=4) (actual time=3.007..59.987 rows=37091 loops=1)
                                            ->  Seq Scan on keyword k  (cost=0.00..2961.55 rows=4 width=4) (actual time=0.937..18.230 rows=3 loops=1)
                                                  Filter: ((keyword IS NOT NULL) AND (keyword = ANY ('{murder,murder-in-title,blood,violence}'::text[])))
                                                  Rows Removed by Filter: 134167
                                            ->  Bitmap Heap Scan on movie_keyword mk  (cost=6.80..1103.92 rows=305 width=8) (actual time=2.302..12.599 rows=12364 loops=3)
                                                  Recheck Cond: (keyword_id = k.id)
                                                  Heap Blocks: exact=26312
                                                  ->  Bitmap Index Scan on keyword_id_movie_keyword  (cost=0.00..6.72 rows=305 width=0) (actual time=1.168..1.168 rows=12364 loops=3)
                                                        Index Cond: (keyword_id = k.id)
                                      ->  Index Scan using title_pkey on title t  (cost=0.43..0.49 rows=1 width=25) (actual time=0.002..0.002 rows=0 loops=37091)
                                            Index Cond: (id = mk.movie_id)
                                            Filter: (production_year > 2005)
                                            Rows Removed by Filter: 1
                                ->  Materialize  (cost=0.00..1.10 rows=2 width=4) (actual time=0.000..0.000 rows=1 loops=9739)
                                      ->  Seq Scan on kind_type kt  (cost=0.00..1.09 rows=2 width=4) (actual time=0.003..0.004 rows=2 loops=1)
                                            Filter: ((kind)::text = ANY ('{movie,episode}'::text[]))
                                            Rows Removed by Filter: 5
                          ->  Index Scan using movie_id_movie_info_idx on movie_info_idx mi_idx  (cost=0.43..0.50 rows=3 width=13) (actual time=0.003..0.003 rows=2 loops=8073)
                                Index Cond: (movie_id = mk.movie_id)
                                Filter: (info < '8.5'::text)
                                Rows Removed by Filter: 0
              ->  Index Scan using movie_id_movie_info on movie_info mi  (cost=0.43..1.81 rows=2 width=8) (actual time=0.030..0.035 rows=1 loops=5949)
                    Index Cond: (movie_id = mk.movie_id)
                    Filter: (info = ANY ('{Sweden,Norway,Germany,Denmark,Swedish,Danish,Norwegian,German,USA,American}'::text[]))
                    Rows Removed by Filter: 71
Planning time: 3.070 ms
Execution time: 402.918 ms
