Aggregate  (cost=6884.45..6884.46 rows=1 width=64) (actual time=33.734..33.734 rows=1 loops=1)
  ->  Nested Loop  (cost=2.57..6884.41 rows=9 width=59) (actual time=10.516..33.718 rows=37 loops=1)
        Join Filter: (t.id = at.movie_id)
        ->  Nested Loop  (cost=2.15..6882.85 rows=3 width=75) (actual time=3.984..33.444 rows=151 loops=1)
              Join Filter: (mi.info_type_id = it1.id)
              ->  Seq Scan on info_type it1  (cost=0.00..2.41 rows=1 width=4) (actual time=0.007..0.014 rows=1 loops=1)
                    Filter: ((info)::text = 'release dates'::text)
                    Rows Removed by Filter: 112
              ->  Nested Loop  (cost=2.15..6880.40 rows=3 width=79) (actual time=3.975..33.403 rows=151 loops=1)
                    Join Filter: (mc.company_type_id = ct.id)
                    ->  Nested Loop  (cost=2.15..6879.21 rows=3 width=83) (actual time=3.970..33.353 rows=151 loops=1)
                          Join Filter: (t.id = mi.movie_id)
                          ->  Nested Loop  (cost=1.71..6877.68 rows=1 width=33) (actual time=3.964..29.962 rows=431 loops=1)
                                ->  Nested Loop  (cost=1.29..6877.24 rows=1 width=37) (actual time=3.959..28.867 rows=431 loops=1)
                                      ->  Nested Loop  (cost=0.86..6875.31 rows=1 width=29) (actual time=3.953..28.081 rows=254 loops=1)
                                            ->  Nested Loop  (cost=0.43..6872.10 rows=1 width=8) (actual time=3.947..27.020 rows=278 loops=1)
                                                  ->  Seq Scan on company_name cn  (cost=0.00..6519.95 rows=1 width=4) (actual time=3.928..25.814 rows=1 loops=1)
                                                        Filter: (((country_code)::text = '[us]'::text) AND (name = 'YouTube'::text))
                                                        Rows Removed by Filter: 234996
                                                  ->  Index Scan using company_id_movie_companies on movie_companies mc  (cost=0.43..352.14 rows=1 width=12) (actual time=0.017..1.172 rows=278 loops=1)
                                                        Index Cond: (company_id = cn.id)
                                                        Filter: ((note ~~ '%(200%)%'::text) AND (note ~~ '%(worldwide)%'::text))
                                                        Rows Removed by Filter: 1180
                                            ->  Index Scan using title_pkey on title t  (cost=0.43..3.21 rows=1 width=21) (actual time=0.004..0.004 rows=1 loops=278)
                                                  Index Cond: (id = mc.movie_id)
                                                  Filter: ((production_year >= 2005) AND (production_year <= 2010))
                                                  Rows Removed by Filter: 0
                                      ->  Index Scan using movie_id_movie_keyword on movie_keyword mk  (cost=0.43..1.46 rows=47 width=8) (actual time=0.002..0.003 rows=2 loops=254)
                                            Index Cond: (movie_id = t.id)
                                ->  Index Only Scan using keyword_pkey on keyword k  (cost=0.42..0.44 rows=1 width=4) (actual time=0.002..0.002 rows=1 loops=431)
                                      Index Cond: (id = mk.keyword_id)
                                      Heap Fetches: 431
                          ->  Index Scan using movie_id_movie_info on movie_info mi  (cost=0.43..1.51 rows=1 width=50) (actual time=0.007..0.008 rows=0 loops=431)
                                Index Cond: (movie_id = mk.movie_id)
                                Filter: ((note ~~ '%internet%'::text) AND (info ~~ 'USA:% 200%'::text))
                                Rows Removed by Filter: 18
                    ->  Materialize  (cost=0.00..1.06 rows=4 width=4) (actual time=0.000..0.000 rows=1 loops=151)
                          ->  Seq Scan on company_type ct  (cost=0.00..1.04 rows=4 width=4) (actual time=0.004..0.004 rows=1 loops=1)
        ->  Index Only Scan using movie_id_aka_title on aka_title at  (cost=0.42..0.48 rows=3 width=4) (actual time=0.002..0.002 rows=0 loops=151)
              Index Cond: (movie_id = mk.movie_id)
              Heap Fetches: 37
Planning time: 8.123 ms
Execution time: 33.795 ms
