Aggregate  (cost=179028.15..179028.16 rows=1 width=64) (actual time=699.184..699.184 rows=1 loops=1)
  ->  Nested Loop  (cost=3974.69..179027.37 rows=155 width=59) (actual time=163.224..698.348 rows=2271 loops=1)
        Join Filter: (t.id = at.movie_id)
        ->  Nested Loop  (cost=3974.27..178996.76 rows=59 width=75) (actual time=161.540..686.537 rows=7964 loops=1)
              ->  Nested Loop  (cost=3973.85..178970.87 rows=59 width=79) (actual time=161.530..667.298 rows=7964 loops=1)
                    ->  Nested Loop  (cost=3973.42..178961.82 rows=5 width=71) (actual time=161.513..650.317 rows=2647 loops=1)
                          ->  Nested Loop  (cost=3973.29..178961.09 rows=5 width=75) (actual time=161.507..647.228 rows=2647 loops=1)
                                ->  Nested Loop  (cost=3972.87..178955.30 rows=13 width=79) (actual time=161.498..637.916 rows=2884 loops=1)
                                      ->  Nested Loop  (cost=3972.44..178953.42 rows=3 width=67) (actual time=161.489..630.080 rows=1782 loops=1)
                                            ->  Nested Loop  (cost=3972.01..178920.10 rows=4 width=46) (actual time=161.472..622.869 rows=1783 loops=1)
                                                  ->  Seq Scan on info_type it1  (cost=0.00..2.41 rows=1 width=4) (actual time=0.007..0.015 rows=1 loops=1)
                                                        Filter: ((info)::text = 'release dates'::text)
                                                        Rows Removed by Filter: 112
                                                  ->  Bitmap Heap Scan on movie_info mi  (cost=3972.01..178917.61 rows=7 width=50) (actual time=161.462..622.592 rows=1783 loops=1)
                                                        Recheck Cond: (info_type_id = it1.id)
                                                        Filter: ((info IS NOT NULL) AND (note ~~ '%internet%'::text) AND ((info ~~ 'USA:% 199%'::text) OR (info ~~ 'USA:% 200%'::text)))
                                                        Rows Removed by Filter: 3034936
                                                        Heap Blocks: exact=25448
                                                        ->  Bitmap Index Scan on info_type_id_movie_info  (cost=0.00..3972.00 rows=214876 width=0) (actual time=157.744..157.744 rows=3036719 loops=1)
                                                              Index Cond: (info_type_id = it1.id)
                                            ->  Index Scan using title_pkey on title t  (cost=0.43..8.33 rows=1 width=21) (actual time=0.004..0.004 rows=1 loops=1783)
                                                  Index Cond: (id = mi.movie_id)
                                                  Filter: (production_year > 1990)
                                                  Rows Removed by Filter: 0
                                      ->  Index Scan using movie_id_movie_companies on movie_companies mc  (cost=0.43..0.58 rows=5 width=12) (actual time=0.003..0.004 rows=2 loops=1782)
                                            Index Cond: (movie_id = t.id)
                                ->  Index Scan using company_name_pkey on company_name cn  (cost=0.42..0.45 rows=1 width=4) (actual time=0.003..0.003 rows=1 loops=2884)
                                      Index Cond: (id = mc.company_id)
                                      Filter: ((country_code)::text = '[us]'::text)
                                      Rows Removed by Filter: 0
                          ->  Index Only Scan using company_type_pkey on company_type ct  (cost=0.13..0.15 rows=1 width=4) (actual time=0.001..0.001 rows=1 loops=2647)
                                Index Cond: (id = mc.company_type_id)
                                Heap Fetches: 2647
                    ->  Index Scan using movie_id_movie_keyword on movie_keyword mk  (cost=0.43..1.34 rows=47 width=8) (actual time=0.005..0.006 rows=3 loops=2647)
                          Index Cond: (movie_id = t.id)
              ->  Index Only Scan using keyword_pkey on keyword k  (cost=0.42..0.44 rows=1 width=4) (actual time=0.002..0.002 rows=1 loops=7964)
                    Index Cond: (id = mk.keyword_id)
                    Heap Fetches: 7964
        ->  Index Only Scan using movie_id_aka_title on aka_title at  (cost=0.42..0.48 rows=3 width=4) (actual time=0.001..0.001 rows=0 loops=7964)
              Index Cond: (movie_id = mk.movie_id)
              Heap Fetches: 2271
Planning time: 7.868 ms
Execution time: 699.249 ms
