Aggregate  (cost=179292.21..179292.22 rows=1 width=64) (actual time=549.835..549.835 rows=1 loops=1)
  ->  Nested Loop  (cost=3975.65..179289.63 rows=516 width=59) (actual time=100.766..549.031 rows=2271 loops=1)
        Join Filter: (t.id = at.movie_id)
        ->  Nested Loop  (cost=3975.23..179182.75 rows=206 width=75) (actual time=99.480..537.450 rows=7964 loops=1)
              ->  Nested Loop  (cost=3974.81..179092.36 rows=206 width=79) (actual time=99.473..520.142 rows=7964 loops=1)
                    ->  Nested Loop  (cost=3974.38..179061.62 rows=17 width=71) (actual time=99.465..511.453 rows=2647 loops=1)
                          ->  Hash Join  (cost=3973.96..179040.67 rows=47 width=75) (actual time=99.457..502.704 rows=2884 loops=1)
                                Hash Cond: (mc.company_type_id = ct.id)
                                ->  Nested Loop  (cost=3972.87..179039.08 rows=48 width=79) (actual time=99.444..501.971 rows=2884 loops=1)
                                      ->  Nested Loop  (cost=3972.44..179032.82 rows=10 width=67) (actual time=99.436..494.550 rows=1782 loops=1)
                                            ->  Nested Loop  (cost=3972.01..178920.10 rows=14 width=46) (actual time=99.423..487.740 rows=1783 loops=1)
                                                  ->  Seq Scan on info_type it1  (cost=0.00..2.41 rows=1 width=4) (actual time=0.006..0.013 rows=1 loops=1)
                                                        Filter: ((info)::text = 'release dates'::text)
                                                        Rows Removed by Filter: 112
                                                  ->  Bitmap Heap Scan on movie_info mi  (cost=3972.01..178917.61 rows=7 width=50) (actual time=99.416..487.463 rows=1783 loops=1)
                                                        Recheck Cond: (info_type_id = it1.id)
                                                        Filter: ((info IS NOT NULL) AND (note ~~ '%internet%'::text) AND ((info ~~ 'USA:% 199%'::text) OR (info ~~ 'USA:% 200%'::text)))
                                                        Rows Removed by Filter: 3034936
                                                        Heap Blocks: exact=25448
                                                        ->  Bitmap Index Scan on info_type_id_movie_info  (cost=0.00..3972.00 rows=214876 width=0) (actual time=95.744..95.744 rows=3036719 loops=1)
                                                              Index Cond: (info_type_id = it1.id)
                                            ->  Index Scan using title_pkey on title t  (cost=0.43..8.05 rows=1 width=21) (actual time=0.003..0.003 rows=1 loops=1783)
                                                  Index Cond: (id = mi.movie_id)
                                                  Filter: (production_year > 1990)
                                                  Rows Removed by Filter: 0
                                      ->  Index Scan using movie_id_movie_companies on movie_companies mc  (cost=0.43..0.58 rows=5 width=12) (actual time=0.003..0.004 rows=2 loops=1782)
                                            Index Cond: (movie_id = t.id)
                                ->  Hash  (cost=1.04..1.04 rows=4 width=4) (actual time=0.007..0.007 rows=4 loops=1)
                                      Buckets: 1024  Batches: 1  Memory Usage: 9kB
                                      ->  Seq Scan on company_type ct  (cost=0.00..1.04 rows=4 width=4) (actual time=0.004..0.005 rows=4 loops=1)
                          ->  Index Scan using company_name_pkey on company_name cn  (cost=0.42..0.45 rows=1 width=4) (actual time=0.003..0.003 rows=1 loops=2884)
                                Index Cond: (id = mc.company_id)
                                Filter: ((country_code)::text = '[us]'::text)
                                Rows Removed by Filter: 0
                    ->  Index Scan using movie_id_movie_keyword on movie_keyword mk  (cost=0.43..1.34 rows=47 width=8) (actual time=0.002..0.003 rows=3 loops=2647)
                          Index Cond: (movie_id = t.id)
              ->  Index Only Scan using keyword_pkey on keyword k  (cost=0.42..0.44 rows=1 width=4) (actual time=0.002..0.002 rows=1 loops=7964)
                    Index Cond: (id = mk.keyword_id)
                    Heap Fetches: 7964
        ->  Index Only Scan using movie_id_aka_title on aka_title at  (cost=0.42..0.48 rows=3 width=4) (actual time=0.001..0.001 rows=0 loops=7964)
              Index Cond: (movie_id = mk.movie_id)
              Heap Fetches: 2271
Planning time: 8.069 ms
Execution time: 549.912 ms
