Aggregate  (cost=179115.25..179115.26 rows=1 width=64) (actual time=494.461..494.461 rows=1 loops=1)
  ->  Nested Loop  (cost=3974.69..179115.03 rows=45 width=59) (actual time=96.694..493.673 rows=2271 loops=1)
        ->  Nested Loop  (cost=3974.27..179095.28 rows=45 width=63) (actual time=96.685..488.770 rows=2271 loops=1)
              ->  Nested Loop  (cost=3973.84..179093.47 rows=1 width=75) (actual time=96.677..487.340 rows=284 loops=1)
                    ->  Nested Loop  (cost=3973.71..179093.32 rows=1 width=79) (actual time=96.671..486.949 rows=284 loops=1)
                          ->  Nested Loop  (cost=3973.29..179090.64 rows=6 width=83) (actual time=96.662..485.655 rows=400 loops=1)
                                ->  Nested Loop  (cost=3972.86..179089.39 rows=2 width=71) (actual time=96.653..484.901 rows=120 loops=1)
                                      ->  Nested Loop  (cost=3972.43..179086.55 rows=3 width=50) (actual time=96.644..484.321 rows=120 loops=1)
                                            ->  Nested Loop  (cost=3972.01..178920.10 rows=22 width=46) (actual time=95.532..480.452 rows=1783 loops=1)
                                                  ->  Seq Scan on info_type it1  (cost=0.00..2.41 rows=1 width=4) (actual time=0.007..0.014 rows=1 loops=1)
                                                        Filter: ((info)::text = 'release dates'::text)
                                                        Rows Removed by Filter: 112
                                                  ->  Bitmap Heap Scan on movie_info mi  (cost=3972.01..178917.61 rows=7 width=50) (actual time=95.523..480.215 rows=1783 loops=1)
                                                        Recheck Cond: (info_type_id = it1.id)
                                                        Filter: ((info IS NOT NULL) AND (note ~~ '%internet%'::text) AND ((info ~~ 'USA:% 199%'::text) OR (info ~~ 'USA:% 200%'::text)))
                                                        Rows Removed by Filter: 3034936
                                                        Heap Blocks: exact=25448
                                                        ->  Bitmap Index Scan on info_type_id_movie_info  (cost=0.00..3972.00 rows=214876 width=0) (actual time=91.953..91.953 rows=3036719 loops=1)
                                                              Index Cond: (info_type_id = it1.id)
                                            ->  Index Only Scan using movie_id_aka_title on aka_title at  (cost=0.42..7.54 rows=3 width=4) (actual time=0.002..0.002 rows=0 loops=1783)
                                                  Index Cond: (movie_id = mi.movie_id)
                                                  Heap Fetches: 120
                                      ->  Index Scan using title_pkey on title t  (cost=0.43..0.95 rows=1 width=21) (actual time=0.004..0.004 rows=1 loops=120)
                                            Index Cond: (id = at.movie_id)
                                            Filter: (production_year > 1990)
                                ->  Index Scan using movie_id_movie_companies on movie_companies mc  (cost=0.43..0.58 rows=5 width=12) (actual time=0.004..0.005 rows=3 loops=120)
                                      Index Cond: (movie_id = t.id)
                          ->  Index Scan using company_name_pkey on company_name cn  (cost=0.42..0.45 rows=1 width=4) (actual time=0.003..0.003 rows=1 loops=400)
                                Index Cond: (id = mc.company_id)
                                Filter: ((country_code)::text = '[us]'::text)
                                Rows Removed by Filter: 0
                    ->  Index Only Scan using company_type_pkey on company_type ct  (cost=0.13..0.15 rows=1 width=4) (actual time=0.001..0.001 rows=1 loops=284)
                          Index Cond: (id = mc.company_type_id)
                          Heap Fetches: 284
              ->  Index Scan using movie_id_movie_keyword on movie_keyword mk  (cost=0.43..1.34 rows=47 width=8) (actual time=0.002..0.004 rows=8 loops=284)
                    Index Cond: (movie_id = t.id)
        ->  Index Only Scan using keyword_pkey on keyword k  (cost=0.42..0.44 rows=1 width=4) (actual time=0.002..0.002 rows=1 loops=2271)
              Index Cond: (id = mk.keyword_id)
              Heap Fetches: 2271
Planning time: 7.944 ms
Execution time: 494.528 ms
