Aggregate  (cost=179224.12..179224.13 rows=1 width=64) (actual time=494.573..494.573 rows=1 loops=1)
  ->  Nested Loop  (cost=3974.69..179222.89 rows=247 width=59) (actual time=96.720..493.762 rows=2271 loops=1)
        ->  Nested Loop  (cost=3974.27..179114.51 rows=247 width=63) (actual time=96.712..488.894 rows=2271 loops=1)
              ->  Nested Loop  (cost=3973.84..179100.05 rows=8 width=75) (actual time=96.704..487.469 rows=284 loops=1)
                    ->  Nested Loop  (cost=3973.71..179098.88 rows=8 width=79) (actual time=96.698..487.080 rows=284 loops=1)
                          ->  Nested Loop  (cost=3973.29..179089.07 rows=22 width=83) (actual time=96.690..485.784 rows=400 loops=1)
                                ->  Nested Loop  (cost=3972.86..179088.44 rows=1 width=71) (actual time=96.682..485.041 rows=120 loops=1)
                                      ->  Nested Loop  (cost=3972.43..179086.55 rows=2 width=50) (actual time=96.672..484.455 rows=120 loops=1)
                                            ->  Nested Loop  (cost=3972.01..178920.10 rows=22 width=46) (actual time=95.578..480.568 rows=1783 loops=1)
                                                  ->  Seq Scan on info_type it1  (cost=0.00..2.41 rows=1 width=4) (actual time=0.007..0.015 rows=1 loops=1)
                                                        Filter: ((info)::text = 'release dates'::text)
                                                        Rows Removed by Filter: 112
                                                  ->  Bitmap Heap Scan on movie_info mi  (cost=3972.01..178917.61 rows=7 width=50) (actual time=95.568..480.331 rows=1783 loops=1)
                                                        Recheck Cond: (info_type_id = it1.id)
                                                        Filter: ((info IS NOT NULL) AND (note ~~ '%internet%'::text) AND ((info ~~ 'USA:% 199%'::text) OR (info ~~ 'USA:% 200%'::text)))
                                                        Rows Removed by Filter: 3034936
                                                        Heap Blocks: exact=25448
                                                        ->  Bitmap Index Scan on info_type_id_movie_info  (cost=0.00..3972.00 rows=214876 width=0) (actual time=91.988..91.988 rows=3036719 loops=1)
                                                              Index Cond: (info_type_id = it1.id)
                                            ->  Index Only Scan using movie_id_aka_title on aka_title at  (cost=0.42..7.54 rows=3 width=4) (actual time=0.002..0.002 rows=0 loops=1783)
                                                  Index Cond: (movie_id = mi.movie_id)
                                                  Heap Fetches: 120
                                      ->  Index Scan using title_pkey on title t  (cost=0.43..0.95 rows=1 width=21) (actual time=0.004..0.004 rows=1 loops=120)
                                            Index Cond: (id = at.movie_id)
                                            Filter: (production_year > 1990)
                                ->  Index Scan using movie_id_movie_companies on movie_companies mc  (cost=0.43..0.58 rows=5 width=12) (actual time=0.004..0.005 rows=3 loops=120)
                                      Index Cond: (movie_id = t.id)
                          ->  Index Scan using company_name_pkey on company_name cn  (cost=0.42..0.45 rows=1 width=4) (actual time=0.003..0.003 rows=1 loops=400)
                                Index Cond: (id = mc.company_id)
                                Filter: ((country_code)::text = '[us]'::text)
                                Rows Removed by Filter: 0
                    ->  Index Only Scan using company_type_pkey on company_type ct  (cost=0.13..0.15 rows=1 width=4) (actual time=0.001..0.001 rows=1 loops=284)
                          Index Cond: (id = mc.company_type_id)
                          Heap Fetches: 284
              ->  Index Scan using movie_id_movie_keyword on movie_keyword mk  (cost=0.43..1.34 rows=47 width=8) (actual time=0.002..0.004 rows=8 loops=284)
                    Index Cond: (movie_id = t.id)
        ->  Index Only Scan using keyword_pkey on keyword k  (cost=0.42..0.44 rows=1 width=4) (actual time=0.002..0.002 rows=1 loops=2271)
              Index Cond: (id = mk.keyword_id)
              Heap Fetches: 2271
Planning time: 7.925 ms
Execution time: 494.639 ms
