Aggregate  (cost=179167.33..179167.34 rows=1 width=64) (actual time=550.925..550.925 rows=1 loops=1)
  ->  Hash Join  (cost=3975.65..179166.21 rows=224 width=59) (actual time=100.956..550.132 rows=2271 loops=1)
        Hash Cond: (mc.company_type_id = ct.id)
        ->  Nested Loop  (cost=3974.56..179162.79 rows=224 width=63) (actual time=100.943..549.602 rows=2271 loops=1)
              Join Filter: (t.id = at.movie_id)
              ->  Nested Loop  (cost=3974.14..179140.48 rows=43 width=79) (actual time=99.643..537.933 rows=7964 loops=1)
                    ->  Nested Loop  (cost=3973.72..179121.61 rows=43 width=83) (actual time=99.634..520.258 rows=7964 loops=1)
                          ->  Nested Loop  (cost=3973.29..179114.38 rows=4 width=75) (actual time=99.626..511.555 rows=2647 loops=1)
                                ->  Nested Loop  (cost=3972.87..179107.24 rows=16 width=79) (actual time=99.617..502.654 rows=2884 loops=1)
                                      ->  Nested Loop  (cost=3972.44..179097.23 rows=16 width=67) (actual time=99.609..495.170 rows=1782 loops=1)
                                            ->  Nested Loop  (cost=3972.01..178920.10 rows=22 width=46) (actual time=99.594..488.343 rows=1783 loops=1)
                                                  ->  Seq Scan on info_type it1  (cost=0.00..2.41 rows=1 width=4) (actual time=0.006..0.015 rows=1 loops=1)
                                                        Filter: ((info)::text = 'release dates'::text)
                                                        Rows Removed by Filter: 112
                                                  ->  Bitmap Heap Scan on movie_info mi  (cost=3972.01..178917.61 rows=7 width=50) (actual time=99.585..488.065 rows=1783 loops=1)
                                                        Recheck Cond: (info_type_id = it1.id)
                                                        Filter: ((info IS NOT NULL) AND (note ~~ '%internet%'::text) AND ((info ~~ 'USA:% 199%'::text) OR (info ~~ 'USA:% 200%'::text)))
                                                        Rows Removed by Filter: 3034936
                                                        Heap Blocks: exact=25448
                                                        ->  Bitmap Index Scan on info_type_id_movie_info  (cost=0.00..3972.00 rows=214876 width=0) (actual time=96.013..96.013 rows=3036719 loops=1)
                                                              Index Cond: (info_type_id = it1.id)
                                            ->  Index Scan using title_pkey on title t  (cost=0.43..8.05 rows=1 width=21) (actual time=0.003..0.003 rows=1 loops=1783)
                                                  Index Cond: (id = mi.movie_id)
                                                  Filter: (production_year > 1990)
                                                  Rows Removed by Filter: 0
                                      ->  Index Scan using movie_id_movie_companies on movie_companies mc  (cost=0.43..0.58 rows=5 width=12) (actual time=0.003..0.004 rows=2 loops=1782)
                                            Index Cond: (movie_id = t.id)
                                ->  Index Scan using company_name_pkey on company_name cn  (cost=0.42..0.45 rows=1 width=4) (actual time=0.003..0.003 rows=1 loops=2884)
                                      Index Cond: (id = mc.company_id)
                                      Filter: ((country_code)::text = '[us]'::text)
                                      Rows Removed by Filter: 0
                          ->  Index Scan using movie_id_movie_keyword on movie_keyword mk  (cost=0.43..1.34 rows=47 width=8) (actual time=0.002..0.003 rows=3 loops=2647)
                                Index Cond: (movie_id = t.id)
                    ->  Index Only Scan using keyword_pkey on keyword k  (cost=0.42..0.44 rows=1 width=4) (actual time=0.002..0.002 rows=1 loops=7964)
                          Index Cond: (id = mk.keyword_id)
                          Heap Fetches: 7964
              ->  Index Only Scan using movie_id_aka_title on aka_title at  (cost=0.42..0.48 rows=3 width=4) (actual time=0.001..0.001 rows=0 loops=7964)
                    Index Cond: (movie_id = mk.movie_id)
                    Heap Fetches: 2271
        ->  Hash  (cost=1.04..1.04 rows=4 width=4) (actual time=0.007..0.007 rows=4 loops=1)
              Buckets: 1024  Batches: 1  Memory Usage: 9kB
              ->  Seq Scan on company_type ct  (cost=0.00..1.04 rows=4 width=4) (actual time=0.004..0.005 rows=4 loops=1)
Planning time: 8.094 ms
Execution time: 551.003 ms
