Aggregate  (cost=179105.44..179105.45 rows=1 width=64) (actual time=499.428..499.428 rows=1 loops=1)
  ->  Hash Join  (cost=3975.65..179105.21 rows=45 width=59) (actual time=100.963..498.609 rows=2271 loops=1)
        Hash Cond: (mc.company_type_id = ct.id)
        ->  Nested Loop  (cost=3974.56..179103.95 rows=16 width=63) (actual time=100.951..498.129 rows=2271 loops=1)
              ->  Nested Loop  (cost=3974.14..179096.93 rows=16 width=67) (actual time=100.941..493.214 rows=2271 loops=1)
                    ->  Nested Loop  (cost=3973.71..179093.32 rows=2 width=79) (actual time=100.933..491.809 rows=284 loops=1)
                          ->  Nested Loop  (cost=3973.29..179090.64 rows=6 width=83) (actual time=100.924..490.505 rows=400 loops=1)
                                ->  Nested Loop  (cost=3972.86..179089.39 rows=2 width=71) (actual time=100.915..489.754 rows=120 loops=1)
                                      ->  Nested Loop  (cost=3972.43..179086.55 rows=3 width=50) (actual time=100.905..489.168 rows=120 loops=1)
                                            ->  Nested Loop  (cost=3972.01..178920.10 rows=22 width=46) (actual time=99.806..485.346 rows=1783 loops=1)
                                                  ->  Seq Scan on info_type it1  (cost=0.00..2.41 rows=1 width=4) (actual time=0.006..0.014 rows=1 loops=1)
                                                        Filter: ((info)::text = 'release dates'::text)
                                                        Rows Removed by Filter: 112
                                                  ->  Bitmap Heap Scan on movie_info mi  (cost=3972.01..178917.61 rows=7 width=50) (actual time=99.798..485.110 rows=1783 loops=1)
                                                        Recheck Cond: (info_type_id = it1.id)
                                                        Filter: ((info IS NOT NULL) AND (note ~~ '%internet%'::text) AND ((info ~~ 'USA:% 199%'::text) OR (info ~~ 'USA:% 200%'::text)))
                                                        Rows Removed by Filter: 3034936
                                                        Heap Blocks: exact=25448
                                                        ->  Bitmap Index Scan on info_type_id_movie_info  (cost=0.00..3972.00 rows=214876 width=0) (actual time=96.224..96.224 rows=3036719 loops=1)
                                                              Index Cond: (info_type_id = it1.id)
                                            ->  Index Only Scan using movie_id_aka_title on aka_title at  (cost=0.42..7.54 rows=3 width=4) (actual time=0.002..0.002 rows=0 loops=1783)
                                                  Index Cond: (movie_id = mi.movie_id)
                                                  Heap Fetches: 120
                                      ->  Index Scan using title_pkey on title t  (cost=0.43..0.95 rows=1 width=21) (actual time=0.004..0.004 rows=1 loops=120)
                                            Index Cond: (id = at.movie_id)
                                            Filter: (production_year > 1990)
                                ->  Index Scan using movie_id_movie_companies on movie_companies mc  (cost=0.43..0.58 rows=5 width=12) (actual time=0.004..0.005 rows=3 loops=120)
                                      Index Cond: (movie_id = t.id)
                          ->  Index Scan using company_name_pkey on company_name cn  (cost=0.42..0.45 rows=1 width=4) (actual time=0.003..0.003 rows=1 loops=400)
                                Index Cond: (id = mc.company_id)
                                Filter: ((country_code)::text = '[us]'::text)
                                Rows Removed by Filter: 0
                    ->  Index Scan using movie_id_movie_keyword on movie_keyword mk  (cost=0.43..1.34 rows=47 width=8) (actual time=0.002..0.004 rows=8 loops=284)
                          Index Cond: (movie_id = t.id)
              ->  Index Only Scan using keyword_pkey on keyword k  (cost=0.42..0.44 rows=1 width=4) (actual time=0.002..0.002 rows=1 loops=2271)
                    Index Cond: (id = mk.keyword_id)
                    Heap Fetches: 2271
        ->  Hash  (cost=1.04..1.04 rows=4 width=4) (actual time=0.006..0.006 rows=4 loops=1)
              Buckets: 1024  Batches: 1  Memory Usage: 9kB
              ->  Seq Scan on company_type ct  (cost=0.00..1.04 rows=4 width=4) (actual time=0.003..0.004 rows=4 loops=1)
Planning time: 7.939 ms
Execution time: 499.497 ms
