Aggregate  (cost=3819.59..3819.60 rows=1 width=64) (actual time=129.760..129.760 rows=1 loops=1)
  ->  Nested Loop  (cost=9.50..3819.53 rows=11 width=33) (actual time=7.015..129.648 rows=385 loops=1)
        Join Filter: (an.person_id = n.id)
        ->  Nested Loop  (cost=9.07..3814.39 rows=11 width=41) (actual time=7.008..128.710 rows=385 loops=1)
              ->  Nested Loop  (cost=8.64..3786.94 rows=57 width=21) (actual time=7.001..127.724 rows=323 loops=1)
                    Join Filter: (t.id = ci.movie_id)
                    ->  Nested Loop  (cost=8.08..3778.76 rows=4 width=29) (actual time=6.993..127.288 rows=25 loops=1)
                          ->  Nested Loop  (cost=7.66..3773.85 rows=11 width=33) (actual time=6.939..127.128 rows=54 loops=1)
                                Join Filter: (t.id = mc.movie_id)
                                ->  Nested Loop  (cost=7.23..3770.84 rows=5 width=25) (actual time=6.156..126.817 rows=146 loops=1)
                                      ->  Nested Loop  (cost=6.80..3754.10 rows=34 width=4) (actual time=4.221..35.917 rows=41840 loops=1)
                                            ->  Seq Scan on keyword k  (cost=0.00..2626.12 rows=1 width=4) (actual time=0.432..10.170 rows=1 loops=1)
                                                  Filter: (keyword = 'character-name-in-title'::text)
                                                  Rows Removed by Filter: 134169
                                            ->  Bitmap Heap Scan on movie_keyword mk  (cost=6.80..1124.92 rows=305 width=8) (actual time=3.787..21.592 rows=41840 loops=1)
                                                  Recheck Cond: (keyword_id = k.id)
                                                  Heap Blocks: exact=11541
                                                  ->  Bitmap Index Scan on keyword_id_movie_keyword  (cost=0.00..6.72 rows=305 width=0) (actual time=2.341..2.341 rows=41840 loops=1)
                                                        Index Cond: (keyword_id = k.id)
                                      ->  Index Scan using title_pkey on title t  (cost=0.43..0.49 rows=1 width=21) (actual time=0.002..0.002 rows=0 loops=41840)
                                            Index Cond: (id = mk.movie_id)
                                            Filter: ((episode_nr >= 50) AND (episode_nr < 100))
                                            Rows Removed by Filter: 1
                                ->  Index Scan using movie_id_movie_companies on movie_companies mc  (cost=0.43..0.54 rows=5 width=8) (actual time=0.002..0.002 rows=0 loops=146)
                                      Index Cond: (movie_id = mk.movie_id)
                          ->  Index Scan using company_name_pkey on company_name cn  (cost=0.42..0.45 rows=1 width=4) (actual time=0.003..0.003 rows=0 loops=54)
                                Index Cond: (id = mc.company_id)
                                Filter: ((country_code)::text = '[us]'::text)
                                Rows Removed by Filter: 1
                    ->  Index Scan using movie_id_cast_info on cast_info ci  (cost=0.56..1.56 rows=39 width=8) (actual time=0.005..0.015 rows=13 loops=25)
                          Index Cond: (movie_id = mk.movie_id)
              ->  Index Scan using person_id_aka_name on aka_name an  (cost=0.42..0.46 rows=2 width=20) (actual time=0.002..0.003 rows=1 loops=323)
                    Index Cond: (person_id = ci.person_id)
        ->  Index Only Scan using name_pkey on name n  (cost=0.43..0.46 rows=1 width=4) (actual time=0.002..0.002 rows=1 loops=385)
              Index Cond: (id = ci.person_id)
              Heap Fetches: 385
Planning time: 3.703 ms
Execution time: 129.826 ms
