Aggregate  (cost=4076.82..4076.83 rows=1 width=64) (actual time=4469.807..4469.807 rows=1 loops=1)
  ->  Nested Loop  (cost=9.07..4076.72 rows=21 width=15) (actual time=6.091..4459.703 rows=52306 loops=1)
        ->  Nested Loop  (cost=8.65..4067.41 rows=21 width=19) (actual time=6.086..4341.827 rows=52306 loops=1)
              ->  Nested Loop  (cost=8.22..4063.42 rows=7 width=27) (actual time=6.082..4303.789 rows=6642 loops=1)
                    ->  Nested Loop  (cost=7.79..4060.25 rows=7 width=23) (actual time=6.075..4281.840 rows=6642 loops=1)
                          ->  Nested Loop  (cost=7.36..3820.36 rows=524 width=12) (actual time=4.331..1134.266 rows=1038393 loops=1)
                                ->  Nested Loop  (cost=6.80..3754.10 rows=34 width=4) (actual time=4.321..41.529 rows=41840 loops=1)
                                      ->  Seq Scan on keyword k  (cost=0.00..2626.12 rows=1 width=4) (actual time=0.440..10.240 rows=1 loops=1)
                                            Filter: (keyword = 'character-name-in-title'::text)
                                            Rows Removed by Filter: 134169
                                      ->  Bitmap Heap Scan on movie_keyword mk  (cost=6.80..1124.92 rows=305 width=8) (actual time=3.880..25.925 rows=41840 loops=1)
                                            Recheck Cond: (keyword_id = k.id)
                                            Heap Blocks: exact=11541
                                            ->  Bitmap Index Scan on keyword_id_movie_keyword  (cost=0.00..6.72 rows=305 width=0) (actual time=2.429..2.429 rows=41840 loops=1)
                                                  Index Cond: (keyword_id = k.id)
                                ->  Index Scan using movie_id_cast_info on cast_info ci  (cost=0.56..1.56 rows=39 width=8) (actual time=0.003..0.023 rows=25 loops=41840)
                                      Index Cond: (movie_id = mk.movie_id)
                          ->  Index Scan using name_pkey on name n  (cost=0.43..0.46 rows=1 width=19) (actual time=0.003..0.003 rows=0 loops=1038393)
                                Index Cond: (id = ci.person_id)
                                Filter: (name ~~ 'Z%'::text)
                                Rows Removed by Filter: 1
                    ->  Index Only Scan using title_pkey on title t  (cost=0.43..0.45 rows=1 width=4) (actual time=0.003..0.003 rows=1 loops=6642)
                          Index Cond: (id = ci.movie_id)
                          Heap Fetches: 6642
              ->  Index Scan using movie_id_movie_companies on movie_companies mc  (cost=0.43..0.52 rows=5 width=8) (actual time=0.003..0.004 rows=8 loops=6642)
                    Index Cond: (movie_id = ci.movie_id)
        ->  Index Only Scan using company_name_pkey on company_name cn  (cost=0.42..0.44 rows=1 width=4) (actual time=0.002..0.002 rows=1 loops=52306)
              Index Cond: (id = mc.company_id)
              Heap Fetches: 52306
Planning time: 2.215 ms
Execution time: 4469.858 ms
