Aggregate  (cost=4075.44..4075.45 rows=1 width=32) (actual time=4343.007..4343.007 rows=1 loops=1)
  ->  Nested Loop  (cost=9.07..4075.39 rows=19 width=15) (actual time=24.935..4340.643 rows=11538 loops=1)
        ->  Nested Loop  (cost=8.65..4067.41 rows=18 width=19) (actual time=24.930..4308.954 rows=11538 loops=1)
              ->  Nested Loop  (cost=8.22..4063.42 rows=7 width=27) (actual time=24.925..4297.260 rows=1972 loops=1)
                    ->  Nested Loop  (cost=7.79..4060.25 rows=7 width=23) (actual time=24.918..4289.248 rows=1972 loops=1)
                          ->  Nested Loop  (cost=7.36..3820.36 rows=524 width=12) (actual time=4.330..1125.207 rows=1038393 loops=1)
                                ->  Nested Loop  (cost=6.80..3754.10 rows=34 width=4) (actual time=4.320..41.255 rows=41840 loops=1)
                                      ->  Seq Scan on keyword k  (cost=0.00..2626.12 rows=1 width=4) (actual time=0.435..10.325 rows=1 loops=1)
                                            Filter: (keyword = 'character-name-in-title'::text)
                                            Rows Removed by Filter: 134169
                                      ->  Bitmap Heap Scan on movie_keyword mk  (cost=6.80..1124.92 rows=305 width=8) (actual time=3.883..25.712 rows=41840 loops=1)
                                            Recheck Cond: (keyword_id = k.id)
                                            Heap Blocks: exact=11541
                                            ->  Bitmap Index Scan on keyword_id_movie_keyword  (cost=0.00..6.72 rows=305 width=0) (actual time=2.432..2.432 rows=41840 loops=1)
                                                  Index Cond: (keyword_id = k.id)
                                ->  Index Scan using movie_id_cast_info on cast_info ci  (cost=0.56..1.56 rows=39 width=8) (actual time=0.003..0.023 rows=25 loops=41840)
                                      Index Cond: (movie_id = mk.movie_id)
                          ->  Index Scan using name_pkey on name n  (cost=0.43..0.46 rows=1 width=19) (actual time=0.003..0.003 rows=0 loops=1038393)
                                Index Cond: (id = ci.person_id)
                                Filter: (name ~~ '%Bert%'::text)
                                Rows Removed by Filter: 1
                    ->  Index Only Scan using title_pkey on title t  (cost=0.43..0.45 rows=1 width=4) (actual time=0.003..0.003 rows=1 loops=1972)
                          Index Cond: (id = ci.movie_id)
                          Heap Fetches: 1972
              ->  Index Scan using movie_id_movie_companies on movie_companies mc  (cost=0.43..0.52 rows=5 width=8) (actual time=0.003..0.005 rows=6 loops=1972)
                    Index Cond: (movie_id = ci.movie_id)
        ->  Index Only Scan using company_name_pkey on company_name cn  (cost=0.42..0.44 rows=1 width=4) (actual time=0.002..0.002 rows=1 loops=11538)
              Index Cond: (id = mc.company_id)
              Heap Fetches: 11538
Planning time: 2.331 ms
Execution time: 4343.067 ms
