Aggregate  (cost=4272.51..4272.52 rows=1 width=32) (actual time=7676.922..7676.922 rows=1 loops=1)
  ->  Nested Loop  (cost=9.07..4271.90 rows=245 width=15) (actual time=4.706..7497.176 rows=1113120 loops=1)
        ->  Nested Loop  (cost=8.65..4146.86 rows=282 width=19) (actual time=4.701..5578.666 rows=1113120 loops=1)
              ->  Nested Loop  (cost=8.22..4080.13 rows=117 width=27) (actual time=4.344..4923.178 rows=149494 loops=1)
                    ->  Nested Loop  (cost=7.79..3840.24 rows=524 width=16) (actual time=4.328..1396.530 rows=1038393 loops=1)
                          Join Filter: (t.id = ci.movie_id)
                          ->  Nested Loop  (cost=7.23..3770.67 rows=34 width=8) (actual time=4.321..165.296 rows=41840 loops=1)
                                ->  Nested Loop  (cost=6.80..3754.10 rows=34 width=4) (actual time=4.313..43.764 rows=41840 loops=1)
                                      ->  Seq Scan on keyword k  (cost=0.00..2626.12 rows=1 width=4) (actual time=0.435..10.215 rows=1 loops=1)
                                            Filter: (keyword = 'character-name-in-title'::text)
                                            Rows Removed by Filter: 134169
                                      ->  Bitmap Heap Scan on movie_keyword mk  (cost=6.80..1124.92 rows=305 width=8) (actual time=3.876..27.585 rows=41840 loops=1)
                                            Recheck Cond: (keyword_id = k.id)
                                            Heap Blocks: exact=11541
                                            ->  Bitmap Index Scan on keyword_id_movie_keyword  (cost=0.00..6.72 rows=305 width=0) (actual time=2.443..2.443 rows=41840 loops=1)
                                                  Index Cond: (keyword_id = k.id)
                                ->  Index Only Scan using title_pkey on title t  (cost=0.43..0.49 rows=1 width=4) (actual time=0.003..0.003 rows=1 loops=41840)
                                      Index Cond: (id = mk.movie_id)
                                      Heap Fetches: 41840
                          ->  Index Scan using movie_id_cast_info on cast_info ci  (cost=0.56..1.56 rows=39 width=8) (actual time=0.003..0.025 rows=25 loops=41840)
                                Index Cond: (movie_id = mk.movie_id)
                    ->  Index Scan using name_pkey on name n  (cost=0.43..0.46 rows=1 width=19) (actual time=0.003..0.003 rows=0 loops=1038393)
                          Index Cond: (id = ci.person_id)
                          Filter: (name ~~ '%B%'::text)
                          Rows Removed by Filter: 1
              ->  Index Scan using movie_id_movie_companies on movie_companies mc  (cost=0.43..0.52 rows=5 width=8) (actual time=0.002..0.003 rows=7 loops=149494)
                    Index Cond: (movie_id = ci.movie_id)
        ->  Index Only Scan using company_name_pkey on company_name cn  (cost=0.42..0.44 rows=1 width=4) (actual time=0.001..0.001 rows=1 loops=1113120)
              Index Cond: (id = mc.company_id)
              Heap Fetches: 1113120
Planning time: 2.220 ms
Execution time: 7676.970 ms
