Aggregate  (cost=194272.85..194272.86 rows=1 width=64) (actual time=5648.339..5648.339 rows=1 loops=1)
  ->  Nested Loop  (cost=3977.99..194272.85 rows=1 width=32) (actual time=636.073..5648.231 rows=184 loops=1)
        ->  Nested Loop  (cost=3977.56..194271.39 rows=1 width=36) (actual time=636.063..5647.781 rows=189 loops=1)
              Join Filter: (n.id = an.person_id)
              ->  Nested Loop  (cost=3977.14..194269.74 rows=1 width=44) (actual time=636.050..5647.178 rows=170 loops=1)
                    ->  Hash Join  (cost=3976.71..194258.67 rows=7 width=25) (actual time=96.525..5560.655 rows=40272 loops=1)
                          Hash Cond: (ci.role_id = rt.id)
                          ->  Nested Loop  (cost=3975.54..194256.50 rows=85 width=29) (actual time=95.764..5545.486 rows=130077 loops=1)
                                ->  Nested Loop  (cost=3974.98..192413.30 rows=48 width=29) (actual time=94.313..2521.554 rows=116277 loops=1)
                                      ->  Nested Loop  (cost=3974.56..192126.70 rows=240 width=33) (actual time=94.305..2261.820 rows=124224 loops=1)
                                            ->  Nested Loop  (cost=3974.13..188091.26 rows=1461 width=25) (actual time=94.296..1612.269 rows=298255 loops=1)
                                                  ->  Nested Loop  (cost=3973.70..178452.30 rows=6081 width=4) (actual time=94.285..699.977 rows=451039 loops=1)
                                                        ->  Seq Scan on info_type it  (cost=0.00..2.41 rows=1 width=4) (actual time=0.005..0.012 rows=1 loops=1)
                                                              Filter: ((info)::text = 'release dates'::text)
                                                              Rows Removed by Filter: 112
                                                        ->  Bitmap Heap Scan on movie_info mi  (cost=3973.70..178382.12 rows=6777 width=8) (actual time=94.278..658.366 rows=451039 loops=1)
                                                              Recheck Cond: (info_type_id = it.id)
                                                              Filter: ((info IS NOT NULL) AND ((info ~~ 'Japan:%200%'::text) OR (info ~~ 'USA:%200%'::text)))
                                                              Rows Removed by Filter: 2585680
                                                              Heap Blocks: exact=25448
                                                              ->  Bitmap Index Scan on info_type_id_movie_info  (cost=0.00..3972.00 rows=214876 width=0) (actual time=90.817..90.817 rows=3036719 loops=1)
                                                                    Index Cond: (info_type_id = it.id)
                                                  ->  Index Scan using title_pkey on title t  (cost=0.43..1.59 rows=1 width=21) (actual time=0.002..0.002 rows=1 loops=451039)
                                                        Index Cond: (id = mi.movie_id)
                                                        Filter: ((production_year >= 2005) AND (production_year <= 2009))
                                                        Rows Removed by Filter: 0
                                            ->  Index Scan using movie_id_movie_companies on movie_companies mc  (cost=0.43..2.75 rows=1 width=8) (actual time=0.002..0.002 rows=0 loops=298255)
                                                  Index Cond: (movie_id = t.id)
                                                  Filter: ((note IS NOT NULL) AND ((note ~~ '%(USA)%'::text) OR (note ~~ '%(worldwide)%'::text)))
                                                  Rows Removed by Filter: 1
                                      ->  Index Scan using company_name_pkey on company_name cn  (cost=0.42..1.19 rows=1 width=4) (actual time=0.002..0.002 rows=1 loops=124224)
                                            Index Cond: (id = mc.company_id)
                                            Filter: ((country_code)::text = '[us]'::text)
                                            Rows Removed by Filter: 0
                                ->  Index Scan using movie_id_cast_info on cast_info ci  (cost=0.56..38.39 rows=1 width=16) (actual time=0.021..0.026 rows=1 loops=116277)
                                      Index Cond: (movie_id = t.id)
                                      Filter: (note = ANY ('{(voice),"(voice: Japanese version)","(voice) (uncredited)","(voice: English version)"}'::text[]))
                                      Rows Removed by Filter: 46
                          ->  Hash  (cost=1.15..1.15 rows=1 width=4) (actual time=0.008..0.008 rows=1 loops=1)
                                Buckets: 1024  Batches: 1  Memory Usage: 9kB
                                ->  Seq Scan on role_type rt  (cost=0.00..1.15 rows=1 width=4) (actual time=0.005..0.006 rows=1 loops=1)
                                      Filter: ((role)::text = 'actress'::text)
                                      Rows Removed by Filter: 11
                    ->  Index Scan using name_pkey on name n  (cost=0.43..1.58 rows=1 width=19) (actual time=0.002..0.002 rows=0 loops=40272)
                          Index Cond: (id = ci.person_id)
                          Filter: ((name ~~ '%Ang%'::text) AND ((gender)::text = 'f'::text))
                          Rows Removed by Filter: 1
              ->  Index Only Scan using person_id_aka_name on aka_name an  (cost=0.42..1.63 rows=2 width=4) (actual time=0.003..0.003 rows=1 loops=170)
                    Index Cond: (person_id = ci.person_id)
                    Heap Fetches: 189
        ->  Index Only Scan using char_name_pkey on char_name chn  (cost=0.43..1.46 rows=1 width=4) (actual time=0.002..0.002 rows=1 loops=189)
              Index Cond: (id = ci.person_role_id)
              Heap Fetches: 184
Planning time: 12.659 ms
Execution time: 5648.430 ms
