Aggregate  (cost=80666.35..80666.36 rows=1 width=64) (actual time=293.956..293.956 rows=1 loops=1)
  ->  Nested Loop  (cost=3.14..80666.34 rows=1 width=32) (actual time=227.635..293.943 rows=15 loops=1)
        Join Filter: (ci.role_id = rt.id)
        ->  Nested Loop  (cost=3.14..80665.18 rows=1 width=36) (actual time=227.630..293.914 rows=15 loops=1)
              Join Filter: (ci.person_id = n.id)
              ->  Nested Loop  (cost=2.71..80663.59 rows=1 width=29) (actual time=221.873..293.264 rows=275 loops=1)
                    Join Filter: (mi.info_type_id = it.id)
                    ->  Nested Loop  (cost=2.71..80661.16 rows=1 width=33) (actual time=221.862..292.286 rows=275 loops=1)
                          Join Filter: (t.id = mi.movie_id)
                          ->  Nested Loop  (cost=2.27..80634.76 rows=1 width=41) (actual time=221.825..274.563 rows=275 loops=1)
                                ->  Nested Loop  (cost=1.84..80633.25 rows=1 width=45) (actual time=221.816..273.911 rows=275 loops=1)
                                      ->  Nested Loop  (cost=1.42..80631.59 rows=1 width=41) (actual time=221.806..273.488 rows=100 loops=1)
                                            Join Filter: (t.id = ci.movie_id)
                                            ->  Nested Loop  (cost=0.85..80590.98 rows=1 width=25) (actual time=221.791..273.017 rows=4 loops=1)
                                                  ->  Nested Loop  (cost=0.43..80587.31 rows=3 width=29) (actual time=221.779..272.988 rows=4 loops=1)
                                                        ->  Seq Scan on title t  (cost=0.00..80247.87 rows=16 width=21) (actual time=21.819..272.898 rows=7 loops=1)
                                                              Filter: ((production_year >= 2007) AND (production_year <= 2008) AND (title ~~ '%Kung%Fu%Panda%'::text))
                                                              Rows Removed by Filter: 2528305
                                                        ->  Index Scan using movie_id_movie_companies on movie_companies mc  (cost=0.43..21.21 rows=1 width=8) (actual time=0.010..0.011 rows=1 loops=7)
                                                              Index Cond: (movie_id = t.id)
                                                              Filter: ((note ~~ '%(200%)%'::text) AND ((note ~~ '%(USA)%'::text) OR (note ~~ '%(worldwide)%'::text)))
                                                              Rows Removed by Filter: 6
                                                  ->  Index Scan using company_name_pkey on company_name cn  (cost=0.42..1.22 rows=1 width=4) (actual time=0.006..0.006 rows=1 loops=4)
                                                        Index Cond: (id = mc.company_id)
                                                        Filter: ((country_code)::text = '[us]'::text)
                                            ->  Index Scan using movie_id_cast_info on cast_info ci  (cost=0.56..40.59 rows=1 width=16) (actual time=0.008..0.112 rows=25 loops=4)
                                                  Index Cond: (movie_id = mc.movie_id)
                                                  Filter: (note = '(voice)'::text)
                                                  Rows Removed by Filter: 127
                                      ->  Index Only Scan using person_id_aka_name on aka_name an  (cost=0.42..1.64 rows=2 width=4) (actual time=0.003..0.004 rows=3 loops=100)
                                            Index Cond: (person_id = ci.person_id)
                                            Heap Fetches: 275
                                ->  Index Only Scan using char_name_pkey on char_name chn  (cost=0.43..1.51 rows=1 width=4) (actual time=0.002..0.002 rows=1 loops=275)
                                      Index Cond: (id = ci.person_role_id)
                                      Heap Fetches: 275
                          ->  Index Scan using movie_id_movie_info on movie_info mi  (cost=0.43..26.39 rows=1 width=8) (actual time=0.010..0.064 rows=1 loops=275)
                                Index Cond: (movie_id = ci.movie_id)
                                Filter: ((info IS NOT NULL) AND ((info ~~ 'Japan:%2007%'::text) OR (info ~~ 'USA:%2008%'::text)))
                                Rows Removed by Filter: 295
                    ->  Seq Scan on info_type it  (cost=0.00..2.41 rows=1 width=4) (actual time=0.003..0.003 rows=1 loops=275)
                          Filter: ((info)::text = 'release dates'::text)
                          Rows Removed by Filter: 15
              ->  Index Scan using name_pkey on name n  (cost=0.43..1.58 rows=1 width=19) (actual time=0.002..0.002 rows=0 loops=275)
                    Index Cond: (id = an.person_id)
                    Filter: ((name ~~ '%Angel%'::text) AND ((gender)::text = 'f'::text))
                    Rows Removed by Filter: 1
        ->  Seq Scan on role_type rt  (cost=0.00..1.15 rows=1 width=4) (actual time=0.001..0.001 rows=1 loops=15)
              Filter: ((role)::text = 'actress'::text)
              Rows Removed by Filter: 1
Planning time: 12.850 ms
Execution time: 294.036 ms
