Aggregate  (cost=80663.90..80663.91 rows=1 width=64) (actual time=291.231..291.232 rows=1 loops=1)
  ->  Nested Loop  (cost=3.14..80663.89 rows=1 width=32) (actual time=227.256..291.220 rows=15 loops=1)
        Join Filter: (ci.role_id = rt.id)
        ->  Nested Loop  (cost=3.14..80662.73 rows=1 width=36) (actual time=227.251..291.194 rows=15 loops=1)
              Join Filter: (ci.person_id = n.id)
              ->  Nested Loop  (cost=2.71..80661.14 rows=1 width=29) (actual time=221.992..290.609 rows=275 loops=1)
                    Join Filter: (mi.info_type_id = it.id)
                    ->  Nested Loop  (cost=2.71..80658.72 rows=1 width=33) (actual time=221.981..289.741 rows=275 loops=1)
                          Join Filter: (t.id = mi.movie_id)
                          ->  Nested Loop  (cost=2.27..80632.31 rows=1 width=41) (actual time=221.954..274.153 rows=275 loops=1)
                                ->  Nested Loop  (cost=1.85..80631.09 rows=1 width=45) (actual time=221.934..273.699 rows=275 loops=1)
                                      ->  Nested Loop  (cost=1.42..80629.42 rows=1 width=41) (actual time=221.925..273.327 rows=99 loops=1)
                                            ->  Nested Loop  (cost=0.99..80627.92 rows=1 width=45) (actual time=221.915..272.983 rows=100 loops=1)
                                                  Join Filter: (t.id = ci.movie_id)
                                                  ->  Nested Loop  (cost=0.43..80587.31 rows=1 width=29) (actual time=221.898..272.549 rows=4 loops=1)
                                                        ->  Seq Scan on title t  (cost=0.00..80247.87 rows=16 width=21) (actual time=21.886..272.464 rows=7 loops=1)
                                                              Filter: ((production_year >= 2007) AND (production_year <= 2008) AND (title ~~ '%Kung%Fu%Panda%'::text))
                                                              Rows Removed by Filter: 2528305
                                                        ->  Index Scan using movie_id_movie_companies on movie_companies mc  (cost=0.43..21.21 rows=1 width=8) (actual time=0.009..0.011 rows=1 loops=7)
                                                              Index Cond: (movie_id = t.id)
                                                              Filter: ((note ~~ '%(200%)%'::text) AND ((note ~~ '%(USA)%'::text) OR (note ~~ '%(worldwide)%'::text)))
                                                              Rows Removed by Filter: 6
                                                  ->  Index Scan using movie_id_cast_info on cast_info ci  (cost=0.56..40.59 rows=1 width=16) (actual time=0.008..0.104 rows=25 loops=4)
                                                        Index Cond: (movie_id = mc.movie_id)
                                                        Filter: (note = '(voice)'::text)
                                                        Rows Removed by Filter: 127
                                            ->  Index Only Scan using char_name_pkey on char_name chn  (cost=0.43..1.51 rows=1 width=4) (actual time=0.003..0.003 rows=1 loops=100)
                                                  Index Cond: (id = ci.person_role_id)
                                                  Heap Fetches: 99
                                      ->  Index Only Scan using person_id_aka_name on aka_name an  (cost=0.42..1.64 rows=2 width=4) (actual time=0.002..0.003 rows=3 loops=99)
                                            Index Cond: (person_id = ci.person_id)
                                            Heap Fetches: 275
                                ->  Index Scan using company_name_pkey on company_name cn  (cost=0.42..1.22 rows=1 width=4) (actual time=0.001..0.001 rows=1 loops=275)
                                      Index Cond: (id = mc.company_id)
                                      Filter: ((country_code)::text = '[us]'::text)
                          ->  Index Scan using movie_id_movie_info on movie_info mi  (cost=0.43..26.39 rows=1 width=8) (actual time=0.009..0.056 rows=1 loops=275)
                                Index Cond: (movie_id = ci.movie_id)
                                Filter: ((info IS NOT NULL) AND ((info ~~ 'Japan:%2007%'::text) OR (info ~~ 'USA:%2008%'::text)))
                                Rows Removed by Filter: 295
                    ->  Seq Scan on info_type it  (cost=0.00..2.41 rows=1 width=4) (actual time=0.002..0.002 rows=1 loops=275)
                          Filter: ((info)::text = 'release dates'::text)
                          Rows Removed by Filter: 15
              ->  Index Scan using name_pkey on name n  (cost=0.43..1.58 rows=1 width=19) (actual time=0.002..0.002 rows=0 loops=275)
                    Index Cond: (id = an.person_id)
                    Filter: ((name ~~ '%Angel%'::text) AND ((gender)::text = 'f'::text))
                    Rows Removed by Filter: 1
        ->  Seq Scan on role_type rt  (cost=0.00..1.15 rows=1 width=4) (actual time=0.001..0.001 rows=1 loops=15)
              Filter: ((role)::text = 'actress'::text)
              Rows Removed by Filter: 1
Planning time: 13.166 ms
Execution time: 291.325 ms
