Aggregate  (cost=213970.64..213970.65 rows=1 width=64) (actual time=2474.988..2474.988 rows=1 loops=1)
  ->  Nested Loop  (cost=31679.36..213970.63 rows=1 width=32) (actual time=302.856..2473.924 rows=3575 loops=1)
        Join Filter: (mi.info_type_id = it.id)
        ->  Seq Scan on info_type it  (cost=0.00..2.41 rows=1 width=4) (actual time=0.009..0.016 rows=1 loops=1)
              Filter: ((info)::text = 'release dates'::text)
              Rows Removed by Filter: 112
        ->  Nested Loop  (cost=31679.36..213967.89 rows=26 width=36) (actual time=302.845..2473.367 rows=3575 loops=1)
              Join Filter: (t.id = mi.movie_id)
              ->  Nested Loop  (cost=31678.92..210038.54 rows=152 width=44) (actual time=302.817..2405.057 rows=4111 loops=1)
                    ->  Nested Loop  (cost=31678.50..209429.87 rows=520 width=48) (actual time=297.644..2381.033 rows=11303 loops=1)
                          ->  Nested Loop  (cost=31678.07..208070.37 rows=503 width=40) (actual time=297.620..2367.746 rows=4703 loops=1)
                                ->  Nested Loop  (cost=31677.64..206882.16 rows=833 width=19) (actual time=297.610..2349.400 rows=7726 loops=1)
                                      ->  Nested Loop  (cost=31677.21..204379.00 rows=1717 width=23) (actual time=297.595..2332.877 rows=8204 loops=1)
                                            ->  Hash Join  (cost=31676.78..179920.80 rows=15472 width=16) (actual time=281.366..1572.172 rows=503508 loops=1)
                                                  Hash Cond: (ci.person_id = an.person_id)
                                                  ->  Nested Loop  (cost=0.56..134033.12 rows=80881 width=12) (actual time=0.113..1206.419 rows=276166 loops=1)
                                                        ->  Seq Scan on role_type rt  (cost=0.00..1.15 rows=1 width=4) (actual time=0.003..0.005 rows=1 loops=1)
                                                              Filter: ((role)::text = 'actress'::text)
                                                              Rows Removed by Filter: 11
                                                        ->  Index Scan using role_id_cast_info on cast_info ci  (cost=0.56..133247.82 rows=78415 width=16) (actual time=0.110..1179.618 rows=276166 loops=1)
                                                              Index Cond: (role_id = rt.id)
                                                              Filter: (note = ANY ('{(voice),"(voice: Japanese version)","(voice) (uncredited)","(voice: English version)"}'::text[]))
                                                              Rows Removed by Filter: 7175807
                                                  ->  Hash  (cost=20409.43..20409.43 rows=901343 width=4) (actual time=278.420..278.420 rows=901343 loops=1)
                                                        Buckets: 1048576  Batches: 1  Memory Usage: 39880kB
                                                        ->  Seq Scan on aka_name an  (cost=0.00..20409.43 rows=901343 width=4) (actual time=0.005..114.968 rows=901343 loops=1)
                                            ->  Index Scan using name_pkey on name n  (cost=0.43..1.58 rows=1 width=19) (actual time=0.001..0.001 rows=0 loops=503508)
                                                  Index Cond: (id = ci.person_id)
                                                  Filter: ((name ~~ '%An%'::text) AND ((gender)::text = 'f'::text))
                                                  Rows Removed by Filter: 1
                                      ->  Index Only Scan using char_name_pkey on char_name chn  (cost=0.43..1.46 rows=1 width=4) (actual time=0.002..0.002 rows=1 loops=8204)
                                            Index Cond: (id = ci.person_role_id)
                                            Heap Fetches: 7726
                                ->  Index Scan using title_pkey on title t  (cost=0.43..1.43 rows=1 width=21) (actual time=0.002..0.002 rows=1 loops=7726)
                                      Index Cond: (id = ci.movie_id)
                                      Filter: (production_year > 2000)
                                      Rows Removed by Filter: 0
                          ->  Index Scan using movie_id_movie_companies on movie_companies mc  (cost=0.43..2.65 rows=5 width=8) (actual time=0.002..0.002 rows=2 loops=4703)
                                Index Cond: (movie_id = t.id)
                    ->  Index Scan using company_name_pkey on company_name cn  (cost=0.42..1.17 rows=1 width=4) (actual time=0.002..0.002 rows=0 loops=11303)
                          Index Cond: (id = mc.company_id)
                          Filter: ((country_code)::text = '[us]'::text)
                          Rows Removed by Filter: 1
              ->  Index Scan using movie_id_movie_info on movie_info mi  (cost=0.43..25.84 rows=1 width=8) (actual time=0.009..0.016 rows=1 loops=4111)
                    Index Cond: (movie_id = mc.movie_id)
                    Filter: ((info IS NOT NULL) AND ((info ~~ 'Japan:%200%'::text) OR (info ~~ 'USA:%200%'::text)))
                    Rows Removed by Filter: 55
Planning time: 12.566 ms
Execution time: 2475.215 ms
