Aggregate  (cost=265390.12..265390.13 rows=1 width=64) (actual time=8328.413..8328.413 rows=1 loops=1)
  ->  Nested Loop  (cost=3977.99..265389.94 rows=36 width=32) (actual time=203.160..8327.282 rows=3575 loops=1)
        Join Filter: (n.id = an.person_id)
        ->  Nested Loop  (cost=3977.57..265363.49 rows=16 width=40) (actual time=203.147..8320.531 rows=2632 loops=1)
              ->  Nested Loop  (cost=3977.15..265311.99 rows=44 width=44) (actual time=113.361..8300.593 rows=8585 loops=1)
                    ->  Nested Loop  (cost=3976.72..265287.66 rows=9 width=52) (actual time=113.353..8292.384 rows=2129 loops=1)
                          ->  Nested Loop  (cost=3976.29..265261.42 rows=18 width=56) (actual time=113.344..8285.483 rows=2265 loops=1)
                                ->  Hash Join  (cost=3975.86..264989.52 rows=172 width=37) (actual time=96.741..7994.362 rows=134654 loops=1)
                                      Hash Cond: (ci.role_id = rt.id)
                                      ->  Nested Loop  (cost=3974.69..264963.80 rows=2066 width=41) (actual time=95.506..7947.247 rows=374134 loops=1)
                                            ->  Nested Loop  (cost=3974.13..184499.39 rows=2133 width=25) (actual time=94.147..1653.356 rows=424568 loops=1)
                                                  ->  Nested Loop  (cost=3973.70..178452.30 rows=3821 width=4) (actual time=94.135..699.211 rows=451039 loops=1)
                                                        ->  Seq Scan on info_type it  (cost=0.00..2.41 rows=1 width=4) (actual time=0.005..0.013 rows=1 loops=1)
                                                              Filter: ((info)::text = 'release dates'::text)
                                                              Rows Removed by Filter: 112
                                                        ->  Bitmap Heap Scan on movie_info mi  (cost=3973.70..178382.12 rows=6777 width=8) (actual time=94.127..655.343 rows=451039 loops=1)
                                                              Recheck Cond: (info_type_id = it.id)
                                                              Filter: ((info IS NOT NULL) AND ((info ~~ 'Japan:%200%'::text) OR (info ~~ 'USA:%200%'::text)))
                                                              Rows Removed by Filter: 2585680
                                                              Heap Blocks: exact=25448
                                                              ->  Bitmap Index Scan on info_type_id_movie_info  (cost=0.00..3972.00 rows=214876 width=0) (actual time=90.677..90.677 rows=3036719 loops=1)
                                                                    Index Cond: (info_type_id = it.id)
                                                  ->  Index Scan using title_pkey on title t  (cost=0.43..1.58 rows=1 width=21) (actual time=0.002..0.002 rows=1 loops=451039)
                                                        Index Cond: (id = mi.movie_id)
                                                        Filter: (production_year > 2000)
                                                        Rows Removed by Filter: 0
                                            ->  Index Scan using movie_id_cast_info on cast_info ci  (cost=0.56..37.71 rows=1 width=16) (actual time=0.013..0.015 rows=1 loops=424568)
                                                  Index Cond: (movie_id = t.id)
                                                  Filter: (note = ANY ('{(voice),"(voice: Japanese version)","(voice) (uncredited)","(voice: English version)"}'::text[]))
                                                  Rows Removed by Filter: 21
                                      ->  Hash  (cost=1.15..1.15 rows=1 width=4) (actual time=0.007..0.007 rows=1 loops=1)
                                            Buckets: 1024  Batches: 1  Memory Usage: 9kB
                                            ->  Seq Scan on role_type rt  (cost=0.00..1.15 rows=1 width=4) (actual time=0.005..0.006 rows=1 loops=1)
                                                  Filter: ((role)::text = 'actress'::text)
                                                  Rows Removed by Filter: 11
                                ->  Index Scan using name_pkey on name n  (cost=0.43..1.58 rows=1 width=19) (actual time=0.002..0.002 rows=0 loops=134654)
                                      Index Cond: (id = ci.person_id)
                                      Filter: ((name ~~ '%An%'::text) AND ((gender)::text = 'f'::text))
                                      Rows Removed by Filter: 1
                          ->  Index Only Scan using char_name_pkey on char_name chn  (cost=0.43..1.46 rows=1 width=4) (actual time=0.002..0.002 rows=1 loops=2265)
                                Index Cond: (id = ci.person_role_id)
                                Heap Fetches: 2129
                    ->  Index Scan using movie_id_movie_companies on movie_companies mc  (cost=0.43..2.65 rows=5 width=8) (actual time=0.002..0.003 rows=4 loops=2129)
                          Index Cond: (movie_id = t.id)
              ->  Index Scan using company_name_pkey on company_name cn  (cost=0.42..1.17 rows=1 width=4) (actual time=0.002..0.002 rows=0 loops=8585)
                    Index Cond: (id = mc.company_id)
                    Filter: ((country_code)::text = '[us]'::text)
                    Rows Removed by Filter: 1
        ->  Index Only Scan using person_id_aka_name on aka_name an  (cost=0.42..1.63 rows=2 width=4) (actual time=0.002..0.002 rows=1 loops=2632)
              Index Cond: (person_id = ci.person_id)
              Heap Fetches: 3575
Planning time: 12.456 ms
Execution time: 8328.493 ms
