Aggregate  (cost=350810.68..350810.69 rows=1 width=64) (actual time=15577.546..15577.546 rows=1 loops=1)
  ->  Nested Loop  (cost=181154.15..350797.77 rows=2582 width=32) (actual time=1322.972..15187.376 rows=1760645 loops=1)
        ->  Nested Loop  (cost=181153.73..348968.68 rows=1112 width=40) (actual time=1322.961..13485.232 rows=787043 loops=1)
              ->  Nested Loop  (cost=181153.31..345414.98 rows=3036 width=44) (actual time=1322.948..7804.321 rows=3229056 loops=1)
                    Join Filter: (t.id = mc.movie_id)
                    ->  Nested Loop  (cost=181152.88..343753.81 rows=623 width=52) (actual time=1322.938..6024.727 rows=341836 loops=1)
                          ->  Nested Loop  (cost=181152.45..342290.64 rows=1136 width=31) (actual time=1322.630..4872.430 rows=498048 loops=1)
                                ->  Nested Loop  (cost=181152.02..338838.61 rows=2360 width=35) (actual time=1322.607..3822.898 rows=546726 loops=1)
                                      ->  Hash Join  (cost=181151.59..322564.74 rows=10265 width=16) (actual time=1322.583..2810.973 rows=547117 loops=1)
                                            Hash Cond: (ci.movie_id = mi.movie_id)
                                            ->  Nested Loop  (cost=0.56..134033.12 rows=71881 width=12) (actual time=0.118..1304.936 rows=276166 loops=1)
                                                  ->  Seq Scan on role_type rt  (cost=0.00..1.15 rows=1 width=4) (actual time=0.005..0.008 rows=1 loops=1)
                                                        Filter: ((role)::text = 'actress'::text)
                                                        Rows Removed by Filter: 11
                                                  ->  Index Scan using role_id_cast_info on cast_info ci  (cost=0.56..133247.82 rows=78415 width=16) (actual time=0.112..1273.004 rows=276166 loops=1)
                                                        Index Cond: (role_id = rt.id)
                                                        Filter: (note = ANY ('{(voice),"(voice: Japanese version)","(voice) (uncredited)","(voice: English version)"}'::text[]))
                                                        Rows Removed by Filter: 7175807
                                            ->  Hash  (cost=179510.93..179510.93 rows=131207 width=4) (actual time=1321.261..1321.261 rows=3036719 loops=1)
                                                  Buckets: 4194304 (originally 262144)  Batches: 1 (originally 1)  Memory Usage: 139528kB
                                                  ->  Nested Loop  (cost=4025.72..179510.93 rows=131207 width=4) (actual time=97.876..761.903 rows=3036719 loops=1)
                                                        ->  Seq Scan on info_type it  (cost=0.00..2.41 rows=1 width=4) (actual time=0.006..0.016 rows=1 loops=1)
                                                              Filter: ((info)::text = 'release dates'::text)
                                                              Rows Removed by Filter: 112
                                                        ->  Bitmap Heap Scan on movie_info mi  (cost=4025.72..177359.76 rows=214876 width=8) (actual time=97.867..436.118 rows=3036719 loops=1)
                                                              Recheck Cond: (info_type_id = it.id)
                                                              Heap Blocks: exact=25448
                                                              ->  Bitmap Index Scan on info_type_id_movie_info  (cost=0.00..3972.00 rows=214876 width=0) (actual time=94.260..94.260 rows=3036719 loops=1)
                                                                    Index Cond: (info_type_id = it.id)
                                      ->  Index Scan using name_pkey on name n  (cost=0.43..1.59 rows=1 width=19) (actual time=0.002..0.002 rows=1 loops=547117)
                                            Index Cond: (id = ci.person_id)
                                            Filter: ((gender)::text = 'f'::text)
                                            Rows Removed by Filter: 0
                                ->  Index Only Scan using char_name_pkey on char_name chn  (cost=0.43..1.46 rows=1 width=4) (actual time=0.002..0.002 rows=1 loops=546726)
                                      Index Cond: (id = ci.person_role_id)
                                      Heap Fetches: 498048
                          ->  Index Scan using title_pkey on title t  (cost=0.43..1.29 rows=1 width=21) (actual time=0.002..0.002 rows=1 loops=498048)
                                Index Cond: (id = mi.movie_id)
                                Filter: (production_year > 2000)
                                Rows Removed by Filter: 0
                    ->  Index Scan using movie_id_movie_companies on movie_companies mc  (cost=0.43..2.60 rows=5 width=8) (actual time=0.002..0.003 rows=9 loops=341836)
                          Index Cond: (movie_id = mi.movie_id)
              ->  Index Scan using company_name_pkey on company_name cn  (cost=0.42..1.17 rows=1 width=4) (actual time=0.002..0.002 rows=0 loops=3229056)
                    Index Cond: (id = mc.company_id)
                    Filter: ((country_code)::text = '[us]'::text)
                    Rows Removed by Filter: 1
        ->  Index Only Scan using person_id_aka_name on aka_name an  (cost=0.42..1.62 rows=2 width=4) (actual time=0.001..0.002 rows=2 loops=787043)
              Index Cond: (person_id = n.id)
              Heap Fetches: 1760645
Planning time: 12.321 ms
Execution time: 15580.854 ms
