Aggregate  (cost=82875.63..82875.64 rows=1 width=68) (actual time=301.513..301.513 rows=1 loops=1)
  ->  Nested Loop  (cost=25613.31..82873.13 rows=334 width=45) (actual time=112.760..301.408 rows=142 loops=1)
        Join Filter: (mc.movie_id = t.id)
        ->  Hash Join  (cost=25612.88..82675.93 rows=334 width=32) (actual time=112.741..300.850 rows=142 loops=1)
              Hash Cond: (mc.movie_id = mi_idx.movie_id)
              ->  Nested Loop  (cost=0.43..56437.92 rows=14667 width=28) (actual time=0.151..294.749 rows=28657 loops=1)
                    ->  Seq Scan on company_type ct  (cost=0.00..1.05 rows=1 width=4) (actual time=0.005..0.007 rows=1 loops=1)
                          Filter: ((kind)::text = 'production companies'::text)
                          Rows Removed by Filter: 3
                    ->  Index Scan using company_type_id_movie_companies on movie_companies mc  (cost=0.43..56328.53 rows=10834 width=32) (actual time=0.146..291.558 rows=28657 loops=1)
                          Index Cond: (company_type_id = ct.id)
                          Filter: ((note !~~ '%(as Metro-Goldwyn-Mayer Pictures)%'::text) AND ((note ~~ '%(co-production)%'::text) OR (note ~~ '%(presents)%'::text)))
                          Rows Removed by Filter: 1306226
              ->  Hash  (cost=22162.36..22162.36 rows=276007 width=4) (actual time=0.130..0.130 rows=250 loops=1)
                    Buckets: 524288  Batches: 1  Memory Usage: 4105kB
                    ->  Nested Loop  (cost=6462.25..22162.36 rows=276007 width=4) (actual time=0.039..0.084 rows=250 loops=1)
                          ->  Seq Scan on info_type it  (cost=0.00..2.41 rows=1 width=4) (actual time=0.010..0.010 rows=1 loops=1)
                                Filter: ((info)::text = 'top 250 rank'::text)
                                Rows Removed by Filter: 112
                          ->  Bitmap Heap Scan on movie_info_idx mi_idx  (cost=6462.25..18709.86 rows=345009 width=8) (actual time=0.027..0.045 rows=250 loops=1)
                                Recheck Cond: (info_type_id = it.id)
                                Heap Blocks: exact=2
                                ->  Bitmap Index Scan on info_type_id_movie_info_idx  (cost=0.00..6375.99 rows=345009 width=0) (actual time=0.018..0.018 rows=250 loops=1)
                                      Index Cond: (info_type_id = it.id)
        ->  Index Scan using title_pkey on title t  (cost=0.43..0.58 rows=1 width=25) (actual time=0.003..0.003 rows=1 loops=142)
              Index Cond: (id = mi_idx.movie_id)
Planning time: 0.842 ms
Execution time: 301.690 ms
