Aggregate  (cost=162270.56..162270.57 rows=1 width=68) (actual time=527.238..527.238 rows=1 loops=1)
  ->  Hash Join  (cost=89550.40..161417.87 rows=113692 width=45) (actual time=527.221..527.225 rows=3 loops=1)
        Hash Cond: (mc.company_type_id = ct.id)
        ->  Nested Loop  (cost=89549.34..159050.58 rows=227385 width=49) (actual time=527.150..527.206 rows=66 loops=1)
              Join Filter: (t.id = mc.movie_id)
              ->  Hash Join  (cost=89548.91..108733.61 rows=79842 width=29) (actual time=527.128..527.132 rows=4 loops=1)
                    Hash Cond: (mi_idx.movie_id = t.id)
                    ->  Nested Loop  (cost=6462.25..22162.36 rows=276007 width=4) (actual time=0.022..0.027 rows=10 loops=1)
                          ->  Seq Scan on info_type it  (cost=0.00..2.41 rows=1 width=4) (actual time=0.011..0.012 rows=1 loops=1)
                                Filter: ((info)::text = 'bottom 10 rank'::text)
                                Rows Removed by Filter: 112
                          ->  Bitmap Heap Scan on movie_info_idx mi_idx  (cost=6462.25..18709.86 rows=345009 width=8) (actual time=0.009..0.011 rows=10 loops=1)
                                Recheck Cond: (info_type_id = it.id)
                                Heap Blocks: exact=1
                                ->  Bitmap Index Scan on info_type_id_movie_info_idx  (cost=0.00..6375.99 rows=345009 width=0) (actual time=0.005..0.005 rows=10 loops=1)
                                      Index Cond: (info_type_id = it.id)
                    ->  Hash  (cost=73926.46..73926.46 rows=732816 width=25) (actual time=524.700..524.700 rows=716259 loops=1)
                          Buckets: 1048576  Batches: 1  Memory Usage: 49244kB
                          ->  Seq Scan on title t  (cost=0.00..73926.46 rows=732816 width=25) (actual time=0.005..342.428 rows=716259 loops=1)
                                Filter: ((production_year >= 2005) AND (production_year <= 2010))
                                Rows Removed by Filter: 1812053
              ->  Index Scan using movie_id_movie_companies on movie_companies mc  (cost=0.43..0.61 rows=2 width=32) (actual time=0.009..0.015 rows=16 loops=4)
                    Index Cond: (movie_id = mi_idx.movie_id)
                    Filter: (note !~~ '%(as Metro-Goldwyn-Mayer Pictures)%'::text)
                    Rows Removed by Filter: 2
        ->  Hash  (cost=1.05..1.05 rows=1 width=4) (actual time=0.009..0.009 rows=1 loops=1)
              Buckets: 1024  Batches: 1  Memory Usage: 9kB
              ->  Seq Scan on company_type ct  (cost=0.00..1.05 rows=1 width=4) (actual time=0.004..0.004 rows=1 loops=1)
                    Filter: ((kind)::text = 'production companies'::text)
                    Rows Removed by Filter: 3
Planning time: 0.798 ms
Execution time: 527.459 ms
