Aggregate  (cost=119441.36..119441.37 rows=1 width=68) (actual time=230.174..230.175 rows=1 loops=1)
  ->  Nested Loop  (cost=25613.31..119377.81 rows=8473 width=45) (actual time=117.359..230.161 rows=4 loops=1)
        ->  Hash Join  (cost=25612.88..110496.72 rows=15178 width=32) (actual time=117.347..230.126 rows=5 loops=1)
              Hash Cond: (mc.movie_id = mi_idx.movie_id)
              ->  Nested Loop  (cost=0.43..56483.49 rows=665883 width=28) (actual time=0.023..214.416 rows=140904 loops=1)
                    ->  Seq Scan on company_type ct  (cost=0.00..1.05 rows=1 width=4) (actual time=0.003..0.005 rows=1 loops=1)
                          Filter: ((kind)::text = 'production companies'::text)
                          Rows Removed by Filter: 3
                    ->  Index Scan using company_type_id_movie_companies on movie_companies mc  (cost=0.43..49805.71 rows=667673 width=32) (actual time=0.020..199.675 rows=140904 loops=1)
                          Index Cond: (company_type_id = ct.id)
                          Filter: (note !~~ '%(as Metro-Goldwyn-Mayer Pictures)%'::text)
                          Rows Removed by Filter: 1193979
              ->  Hash  (cost=22162.36..22162.36 rows=276007 width=4) (actual time=0.022..0.022 rows=10 loops=1)
                    Buckets: 524288  Batches: 1  Memory Usage: 4097kB
                    ->  Nested Loop  (cost=6462.25..22162.36 rows=276007 width=4) (actual time=0.016..0.019 rows=10 loops=1)
                          ->  Seq Scan on info_type it  (cost=0.00..2.41 rows=1 width=4) (actual time=0.009..0.010 rows=1 loops=1)
                                Filter: ((info)::text = 'bottom 10 rank'::text)
                                Rows Removed by Filter: 112
                          ->  Bitmap Heap Scan on movie_info_idx mi_idx  (cost=6462.25..18709.86 rows=345009 width=8) (actual time=0.005..0.006 rows=10 loops=1)
                                Recheck Cond: (info_type_id = it.id)
                                Heap Blocks: exact=1
                                ->  Bitmap Index Scan on info_type_id_movie_info_idx  (cost=0.00..6375.99 rows=345009 width=0) (actual time=0.003..0.003 rows=10 loops=1)
                                      Index Cond: (info_type_id = it.id)
        ->  Index Scan using title_pkey on title t  (cost=0.43..0.59 rows=1 width=25) (actual time=0.005..0.005 rows=1 loops=5)
              Index Cond: (id = mc.movie_id)
              Filter: (production_year > 2000)
              Rows Removed by Filter: 0
Planning time: 0.761 ms
Execution time: 230.217 ms
