Aggregate  (cost=12457.30..12457.31 rows=1 width=32) (actual time=1083.304..1083.304 rows=1 loops=1)
  ->  Nested Loop  (cost=9.07..12457.30 rows=1 width=17) (actual time=19.741..1083.266 rows=17 loops=1)
        ->  Nested Loop  (cost=8.64..12456.84 rows=1 width=21) (actual time=19.734..1083.068 rows=27 loops=1)
              Join Filter: (cc.status_id = cct2.id)
              Rows Removed by Join Filter: 13
              ->  Nested Loop  (cost=8.64..12455.76 rows=1 width=25) (actual time=19.729..1082.933 rows=27 loops=1)
                    ->  Nested Loop  (cost=8.21..12444.32 rows=25 width=29) (actual time=2.080..393.640 rows=222518 loops=1)
                          Join Filter: (t.id = ci.movie_id)
                          ->  Nested Loop  (cost=7.65..12438.18 rows=3 width=33) (actual time=2.072..175.576 rows=1472 loops=1)
                                Join Filter: (cc.subject_id = cct1.id)
                                Rows Removed by Join Filter: 243
                                ->  Seq Scan on comp_cast_type cct1  (cost=0.00..1.05 rows=1 width=4) (actual time=0.004..0.005 rows=1 loops=1)
                                      Filter: ((kind)::text = 'cast'::text)
                                      Rows Removed by Filter: 3
                                ->  Nested Loop  (cost=7.65..12437.05 rows=6 width=37) (actual time=2.067..175.281 rows=1715 loops=1)
                                      ->  Nested Loop  (cost=7.23..12427.01 rows=21 width=25) (actual time=2.041..162.820 rows=6043 loops=1)
                                            Join Filter: (t.kind_id = kt.id)
                                            Rows Removed by Join Filter: 8122
                                            ->  Seq Scan on kind_type kt  (cost=0.00..1.09 rows=1 width=4) (actual time=0.002..0.004 rows=1 loops=1)
                                                  Filter: ((kind)::text = 'movie'::text)
                                                  Rows Removed by Filter: 6
                                            ->  Nested Loop  (cost=7.23..12424.05 rows=150 width=29) (actual time=0.459..161.431 rows=14165 loops=1)
                                                  ->  Nested Loop  (cost=6.80..12291.81 rows=270 width=4) (actual time=0.453..64.955 rows=35548 loops=1)
                                                        ->  Seq Scan on keyword k  (cost=0.00..3632.40 rows=8 width=4) (actual time=0.094..25.798 rows=8 loops=1)
                                                              Filter: (keyword = ANY ('{superhero,sequel,second-part,marvel-comics,based-on-comic,tv-special,fight,violence}'::text[]))
                                                              Rows Removed by Filter: 134162
                                                        ->  Bitmap Heap Scan on movie_keyword mk  (cost=6.80..1079.38 rows=305 width=8) (actual time=0.773..4.447 rows=4444 loops=8)
                                                              Recheck Cond: (keyword_id = k.id)
                                                              Heap Blocks: exact=23488
                                                              ->  Bitmap Index Scan on keyword_id_movie_keyword  (cost=0.00..6.72 rows=305 width=0) (actual time=0.410..0.410 rows=4444 loops=8)
                                                                    Index Cond: (keyword_id = k.id)
                                                  ->  Index Scan using title_pkey on title t  (cost=0.43..0.49 rows=1 width=25) (actual time=0.003..0.003 rows=0 loops=35548)
                                                        Index Cond: (id = mk.movie_id)
                                                        Filter: (production_year > 2000)
                                                        Rows Removed by Filter: 1
                                      ->  Index Scan using movie_id_complete_cast on complete_cast cc  (cost=0.42..0.46 rows=2 width=12) (actual time=0.002..0.002 rows=0 loops=6043)
                                            Index Cond: (movie_id = t.id)
                          ->  Index Scan using movie_id_cast_info on cast_info ci  (cost=0.56..1.56 rows=39 width=12) (actual time=0.006..0.125 rows=151 loops=1472)
                                Index Cond: (movie_id = mk.movie_id)
                    ->  Index Scan using name_pkey on name n  (cost=0.43..0.46 rows=1 width=4) (actual time=0.003..0.003 rows=0 loops=222518)
                          Index Cond: (id = ci.person_id)
                          Filter: (name ~~ '%Downey%Robert%'::text)
                          Rows Removed by Filter: 1
              ->  Seq Scan on comp_cast_type cct2  (cost=0.00..1.05 rows=2 width=4) (actual time=0.002..0.002 rows=1 loops=27)
                    Filter: ((kind)::text ~~ '%complete%'::text)
                    Rows Removed by Filter: 2
        ->  Index Scan using char_name_pkey on char_name chn  (cost=0.43..0.46 rows=1 width=4) (actual time=0.006..0.006 rows=1 loops=27)
              Index Cond: (id = ci.person_role_id)
              Filter: ((name !~~ '%Sherlock%'::text) AND ((name ~~ '%Tony%Stark%'::text) OR (name ~~ '%Iron%Man%'::text)))
              Rows Removed by Filter: 0
Planning time: 7.941 ms
Execution time: 1083.374 ms
