Aggregate  (cost=14893.23..14893.24 rows=1 width=64) (actual time=590.322..590.323 rows=1 loops=1)
  ->  Nested Loop  (cost=9.07..14893.22 rows=2 width=32) (actual time=2.447..588.752 rows=5406 loops=1)
        Join Filter: (cc.status_id = cct2.id)
        Rows Removed by Join Filter: 2065
        ->  Nested Loop  (cost=9.07..14892.15 rows=1 width=36) (actual time=2.443..580.329 rows=5406 loops=1)
              ->  Nested Loop  (cost=8.64..14891.69 rows=1 width=25) (actual time=2.438..559.374 rows=5406 loops=1)
                    ->  Nested Loop  (cost=8.21..14877.50 rows=31 width=29) (actual time=2.091..318.769 rows=189844 loops=1)
                          Join Filter: (t.id = ci.movie_id)
                          ->  Nested Loop  (cost=7.65..14869.32 rows=4 width=33) (actual time=2.083..133.040 rows=1267 loops=1)
                                Join Filter: (cc.subject_id = cct1.id)
                                Rows Removed by Join Filter: 218
                                ->  Seq Scan on comp_cast_type cct1  (cost=0.00..1.05 rows=1 width=4) (actual time=0.004..0.005 rows=1 loops=1)
                                      Filter: ((kind)::text = 'cast'::text)
                                      Rows Removed by Filter: 3
                                ->  Nested Loop  (cost=7.65..14868.18 rows=7 width=37) (actual time=2.078..132.813 rows=1485 loops=1)
                                      ->  Nested Loop  (cost=7.23..14855.27 rows=27 width=25) (actual time=2.052..123.192 rows=5032 loops=1)
                                            Join Filter: (t.kind_id = kt.id)
                                            Rows Removed by Join Filter: 5581
                                            ->  Seq Scan on kind_type kt  (cost=0.00..1.09 rows=1 width=4) (actual time=0.002..0.004 rows=1 loops=1)
                                                  Filter: ((kind)::text = 'movie'::text)
                                                  Rows Removed by Filter: 6
                                            ->  Nested Loop  (cost=7.23..14851.83 rows=188 width=29) (actual time=0.480..122.123 rows=10613 loops=1)
                                                  ->  Nested Loop  (cost=6.80..14686.77 rows=337 width=4) (actual time=0.473..56.112 rows=24091 loops=1)
                                                        ->  Seq Scan on keyword k  (cost=0.00..3967.82 rows=10 width=4) (actual time=0.105..28.719 rows=10 loops=1)
                                                              Filter: (keyword = ANY ('{superhero,marvel-comics,based-on-comic,tv-special,fight,violence,magnet,web,claw,laser}'::text[]))
                                                              Rows Removed by Filter: 134160
                                                        ->  Bitmap Heap Scan on movie_keyword mk  (cost=6.80..1068.84 rows=305 width=8) (actual time=0.447..2.500 rows=2409 loops=10)
                                                              Recheck Cond: (keyword_id = k.id)
                                                              Heap Blocks: exact=17127
                                                              ->  Bitmap Index Scan on keyword_id_movie_keyword  (cost=0.00..6.72 rows=305 width=0) (actual time=0.236..0.236 rows=2409 loops=10)
                                                                    Index Cond: (keyword_id = k.id)
                                                  ->  Index Scan using title_pkey on title t  (cost=0.43..0.49 rows=1 width=25) (actual time=0.003..0.003 rows=0 loops=24091)
                                                        Index Cond: (id = mk.movie_id)
                                                        Filter: (production_year > 2000)
                                                        Rows Removed by Filter: 1
                                      ->  Index Scan using movie_id_complete_cast on complete_cast cc  (cost=0.42..0.46 rows=2 width=12) (actual time=0.002..0.002 rows=0 loops=5032)
                                            Index Cond: (movie_id = t.id)
                          ->  Index Scan using movie_id_cast_info on cast_info ci  (cost=0.56..1.56 rows=39 width=12) (actual time=0.006..0.125 rows=150 loops=1267)
                                Index Cond: (movie_id = mk.movie_id)
                    ->  Index Scan using char_name_pkey on char_name chn  (cost=0.43..0.46 rows=1 width=4) (actual time=0.001..0.001 rows=0 loops=189844)
                          Index Cond: (id = ci.person_role_id)
                          Filter: ((name IS NOT NULL) AND ((name ~~ '%man%'::text) OR (name ~~ '%Man%'::text)))
                          Rows Removed by Filter: 0
              ->  Index Scan using name_pkey on name n  (cost=0.43..0.46 rows=1 width=19) (actual time=0.004..0.004 rows=1 loops=5406)
                    Index Cond: (id = ci.person_id)
        ->  Seq Scan on comp_cast_type cct2  (cost=0.00..1.05 rows=2 width=4) (actual time=0.001..0.001 rows=1 loops=5406)
              Filter: ((kind)::text ~~ '%complete%'::text)
              Rows Removed by Filter: 2
Planning time: 7.981 ms
Execution time: 590.403 ms
