Aggregate  (cost=14890.84..14890.85 rows=1 width=64) (actual time=589.943..589.943 rows=1 loops=1)
  ->  Nested Loop  (cost=9.07..14890.84 rows=1 width=32) (actual time=2.480..588.342 rows=5406 loops=1)
        ->  Nested Loop  (cost=8.64..14890.38 rows=1 width=21) (actual time=2.475..567.131 rows=5406 loops=1)
              ->  Nested Loop  (cost=8.21..14881.23 rows=20 width=25) (actual time=2.125..323.184 rows=189844 loops=1)
                    Join Filter: (t.id = ci.movie_id)
                    ->  Nested Loop  (cost=7.65..14871.00 rows=5 width=29) (actual time=2.117..133.939 rows=1267 loops=1)
                          Join Filter: (cc.status_id = cct2.id)
                          Rows Removed by Join Filter: 488
                          ->  Nested Loop  (cost=7.65..14869.69 rows=9 width=33) (actual time=2.109..133.452 rows=1267 loops=1)
                                Join Filter: (cc.subject_id = cct1.id)
                                Rows Removed by Join Filter: 218
                                ->  Seq Scan on comp_cast_type cct1  (cost=0.00..1.05 rows=1 width=4) (actual time=0.004..0.006 rows=1 loops=1)
                                      Filter: ((kind)::text = 'cast'::text)
                                      Rows Removed by Filter: 3
                                ->  Nested Loop  (cost=7.65..14868.18 rows=37 width=37) (actual time=2.103..133.226 rows=1485 loops=1)
                                      ->  Nested Loop  (cost=7.23..14855.27 rows=27 width=25) (actual time=2.077..123.484 rows=5032 loops=1)
                                            Join Filter: (t.kind_id = kt.id)
                                            Rows Removed by Join Filter: 5581
                                            ->  Seq Scan on kind_type kt  (cost=0.00..1.09 rows=1 width=4) (actual time=0.002..0.004 rows=1 loops=1)
                                                  Filter: ((kind)::text = 'movie'::text)
                                                  Rows Removed by Filter: 6
                                            ->  Nested Loop  (cost=7.23..14851.83 rows=188 width=29) (actual time=0.470..122.433 rows=10613 loops=1)
                                                  ->  Nested Loop  (cost=6.80..14686.77 rows=337 width=4) (actual time=0.463..55.950 rows=24091 loops=1)
                                                        ->  Seq Scan on keyword k  (cost=0.00..3967.82 rows=10 width=4) (actual time=0.105..28.465 rows=10 loops=1)
                                                              Filter: (keyword = ANY ('{superhero,marvel-comics,based-on-comic,tv-special,fight,violence,magnet,web,claw,laser}'::text[]))
                                                              Rows Removed by Filter: 134160
                                                        ->  Bitmap Heap Scan on movie_keyword mk  (cost=6.80..1068.84 rows=305 width=8) (actual time=0.444..2.507 rows=2409 loops=10)
                                                              Recheck Cond: (keyword_id = k.id)
                                                              Heap Blocks: exact=17127
                                                              ->  Bitmap Index Scan on keyword_id_movie_keyword  (cost=0.00..6.72 rows=305 width=0) (actual time=0.234..0.234 rows=2409 loops=10)
                                                                    Index Cond: (keyword_id = k.id)
                                                  ->  Index Scan using title_pkey on title t  (cost=0.43..0.49 rows=1 width=25) (actual time=0.003..0.003 rows=0 loops=24091)
                                                        Index Cond: (id = mk.movie_id)
                                                        Filter: (production_year > 2000)
                                                        Rows Removed by Filter: 1
                                      ->  Index Scan using movie_id_complete_cast on complete_cast cc  (cost=0.42..0.46 rows=2 width=12) (actual time=0.002..0.002 rows=0 loops=5032)
                                            Index Cond: (movie_id = t.id)
                          ->  Materialize  (cost=0.00..1.06 rows=2 width=4) (actual time=0.000..0.000 rows=1 loops=1267)
                                ->  Seq Scan on comp_cast_type cct2  (cost=0.00..1.05 rows=2 width=4) (actual time=0.005..0.005 rows=2 loops=1)
                                      Filter: ((kind)::text ~~ '%complete%'::text)
                                      Rows Removed by Filter: 2
                    ->  Index Scan using movie_id_cast_info on cast_info ci  (cost=0.56..1.56 rows=39 width=12) (actual time=0.006..0.126 rows=150 loops=1267)
                          Index Cond: (movie_id = mk.movie_id)
              ->  Index Scan using char_name_pkey on char_name chn  (cost=0.43..0.46 rows=1 width=4) (actual time=0.001..0.001 rows=0 loops=189844)
                    Index Cond: (id = ci.person_role_id)
                    Filter: ((name IS NOT NULL) AND ((name ~~ '%man%'::text) OR (name ~~ '%Man%'::text)))
                    Rows Removed by Filter: 0
        ->  Index Scan using name_pkey on name n  (cost=0.43..0.46 rows=1 width=19) (actual time=0.004..0.004 rows=1 loops=5406)
              Index Cond: (id = ci.person_id)
Planning time: 7.878 ms
Execution time: 590.024 ms
