Aggregate  (cost=3773.94..3773.95 rows=1 width=96) (actual time=59.801..59.801 rows=1 loops=1)
  ->  Nested Loop  (cost=8.80..3773.94 rows=1 width=48) (actual time=2.423..59.779 rows=38 loops=1)
        Join Filter: (ml.movie_id = t.id)
        ->  Nested Loop  (cost=8.37..3773.43 rows=1 width=47) (actual time=2.212..59.269 rows=308 loops=1)
              Join Filter: (ml.movie_id = mi.movie_id)
              ->  Nested Loop  (cost=7.93..3772.00 rows=1 width=43) (actual time=2.203..56.315 rows=402 loops=1)
                    Join Filter: (mc.company_type_id = ct.id)
                    Rows Removed by Join Filter: 20
                    ->  Nested Loop  (cost=7.93..3770.94 rows=1 width=47) (actual time=2.199..55.776 rows=422 loops=1)
                          ->  Nested Loop  (cost=7.51..3770.48 rows=1 width=32) (actual time=2.066..53.982 rows=1021 loops=1)
                                Join Filter: (ml.movie_id = mc.movie_id)
                                ->  Nested Loop  (cost=7.08..3769.92 rows=1 width=20) (actual time=2.059..53.207 rows=199 loops=1)
                                      Join Filter: (ml.link_type_id = lt.id)
                                      Rows Removed by Join Filter: 303
                                      ->  Seq Scan on link_type lt  (cost=0.00..1.23 rows=1 width=16) (actual time=0.015..0.020 rows=2 loops=1)
                                            Filter: ((link)::text ~~ '%follow%'::text)
                                            Rows Removed by Filter: 16
                                      ->  Nested Loop  (cost=7.08..3768.56 rows=11 width=12) (actual time=2.012..26.568 rows=251 loops=2)
                                            ->  Nested Loop  (cost=6.80..3754.10 rows=34 width=4) (actual time=2.008..18.063 rows=10544 loops=2)
                                                  ->  Seq Scan on keyword k  (cost=0.00..2626.12 rows=1 width=4) (actual time=0.543..9.809 rows=1 loops=2)
                                                        Filter: (keyword = 'sequel'::text)
                                                        Rows Removed by Filter: 134169
                                                  ->  Bitmap Heap Scan on movie_keyword mk  (cost=6.80..1124.92 rows=305 width=8) (actual time=1.463..7.162 rows=10544 loops=2)
                                                        Recheck Cond: (keyword_id = k.id)
                                                        Heap Blocks: exact=11140
                                                        ->  Bitmap Index Scan on keyword_id_movie_keyword  (cost=0.00..6.72 rows=305 width=0) (actual time=0.770..0.770 rows=10544 loops=2)
                                                              Index Cond: (keyword_id = k.id)
                                            ->  Index Scan using movie_id_movie_link on movie_link ml  (cost=0.29..0.38 rows=5 width=8) (actual time=0.001..0.001 rows=0 loops=21088)
                                                  Index Cond: (movie_id = mk.movie_id)
                                ->  Index Scan using movie_id_movie_companies on movie_companies mc  (cost=0.43..0.54 rows=2 width=12) (actual time=0.002..0.003 rows=5 loops=199)
                                      Index Cond: (movie_id = mk.movie_id)
                                      Filter: (note IS NULL)
                                      Rows Removed by Filter: 2
                          ->  Index Scan using company_name_pkey on company_name cn  (cost=0.42..0.46 rows=1 width=23) (actual time=0.002..0.002 rows=0 loops=1021)
                                Index Cond: (id = mc.company_id)
                                Filter: (((country_code)::text <> '[pl]'::text) AND ((name ~~ '%Film%'::text) OR (name ~~ '%Warner%'::text)))
                                Rows Removed by Filter: 1
                    ->  Seq Scan on company_type ct  (cost=0.00..1.05 rows=1 width=4) (actual time=0.000..0.000 rows=1 loops=422)
                          Filter: ((kind)::text = 'production companies'::text)
                          Rows Removed by Filter: 1
              ->  Index Scan using movie_id_movie_info on movie_info mi  (cost=0.43..1.41 rows=1 width=4) (actual time=0.006..0.007 rows=1 loops=402)
                    Index Cond: (movie_id = mk.movie_id)
                    Filter: (info = ANY ('{Germany,German}'::text[]))
                    Rows Removed by Filter: 20
        ->  Index Scan using title_pkey on title t  (cost=0.43..0.49 rows=1 width=21) (actual time=0.001..0.001 rows=0 loops=308)
              Index Cond: (id = mk.movie_id)
              Filter: ((production_year >= 2000) AND (production_year <= 2010))
              Rows Removed by Filter: 1
Planning time: 7.590 ms
Execution time: 59.868 ms
