Aggregate  (cost=3773.83..3773.84 rows=1 width=96) (actual time=31.878..31.878 rows=1 loops=1)
  ->  Nested Loop  (cost=8.80..3773.82 rows=1 width=48) (actual time=2.899..31.856 rows=38 loops=1)
        Join Filter: (ml.movie_id = t.id)
        ->  Nested Loop  (cost=8.37..3773.32 rows=1 width=47) (actual time=2.222..31.348 rows=308 loops=1)
              Join Filter: (ml.link_type_id = lt.id)
              Rows Removed by Join Filter: 242
              ->  Nested Loop  (cost=8.37..3772.07 rows=1 width=39) (actual time=2.219..30.884 rows=308 loops=1)
                    Join Filter: (mc.company_type_id = ct.id)
                    Rows Removed by Join Filter: 19
                    ->  Nested Loop  (cost=8.37..3771.01 rows=1 width=43) (actual time=2.215..30.455 rows=327 loops=1)
                          ->  Nested Loop  (cost=7.95..3770.55 rows=1 width=28) (actual time=2.210..29.224 rows=749 loops=1)
                                Join Filter: (ml.movie_id = mc.movie_id)
                                ->  Nested Loop  (cost=7.52..3769.98 rows=1 width=16) (actual time=2.205..28.755 rows=118 loops=1)
                                      Join Filter: (ml.movie_id = mi.movie_id)
                                      ->  Nested Loop  (cost=7.08..3768.56 rows=1 width=12) (actual time=2.033..26.675 rows=251 loops=1)
                                            ->  Nested Loop  (cost=6.80..3754.10 rows=34 width=4) (actual time=2.028..18.204 rows=10544 loops=1)
                                                  ->  Seq Scan on keyword k  (cost=0.00..2626.12 rows=1 width=4) (actual time=0.546..9.885 rows=1 loops=1)
                                                        Filter: (keyword = 'sequel'::text)
                                                        Rows Removed by Filter: 134169
                                                  ->  Bitmap Heap Scan on movie_keyword mk  (cost=6.80..1124.92 rows=305 width=8) (actual time=1.479..7.248 rows=10544 loops=1)
                                                        Recheck Cond: (keyword_id = k.id)
                                                        Heap Blocks: exact=5570
                                                        ->  Bitmap Index Scan on keyword_id_movie_keyword  (cost=0.00..6.72 rows=305 width=0) (actual time=0.759..0.759 rows=10544 loops=1)
                                                              Index Cond: (keyword_id = k.id)
                                            ->  Index Scan using movie_id_movie_link on movie_link ml  (cost=0.29..0.38 rows=5 width=8) (actual time=0.001..0.001 rows=0 loops=10544)
                                                  Index Cond: (movie_id = mk.movie_id)
                                      ->  Index Scan using movie_id_movie_info on movie_info mi  (cost=0.43..1.41 rows=1 width=4) (actual time=0.007..0.008 rows=0 loops=251)
                                            Index Cond: (movie_id = mk.movie_id)
                                            Filter: (info = ANY ('{Germany,German}'::text[]))
                                            Rows Removed by Filter: 24
                                ->  Index Scan using movie_id_movie_companies on movie_companies mc  (cost=0.43..0.54 rows=2 width=12) (actual time=0.002..0.003 rows=6 loops=118)
                                      Index Cond: (movie_id = mk.movie_id)
                                      Filter: (note IS NULL)
                                      Rows Removed by Filter: 2
                          ->  Index Scan using company_name_pkey on company_name cn  (cost=0.42..0.46 rows=1 width=23) (actual time=0.001..0.001 rows=0 loops=749)
                                Index Cond: (id = mc.company_id)
                                Filter: (((country_code)::text <> '[pl]'::text) AND ((name ~~ '%Film%'::text) OR (name ~~ '%Warner%'::text)))
                                Rows Removed by Filter: 1
                    ->  Seq Scan on company_type ct  (cost=0.00..1.05 rows=1 width=4) (actual time=0.000..0.000 rows=1 loops=327)
                          Filter: ((kind)::text = 'production companies'::text)
                          Rows Removed by Filter: 1
              ->  Seq Scan on link_type lt  (cost=0.00..1.23 rows=2 width=16) (actual time=0.001..0.001 rows=2 loops=308)
                    Filter: ((link)::text ~~ '%follow%'::text)
        ->  Index Scan using title_pkey on title t  (cost=0.43..0.49 rows=1 width=21) (actual time=0.001..0.001 rows=0 loops=308)
              Index Cond: (id = mk.movie_id)
              Filter: ((production_year >= 2000) AND (production_year <= 2010))
              Rows Removed by Filter: 1
Planning time: 7.556 ms
Execution time: 31.941 ms
