Aggregate  (cost=7488.39..7488.40 rows=1 width=96) (actual time=325.904..325.904 rows=1 loops=1)
  ->  Nested Loop  (cost=8.94..7488.38 rows=1 width=41) (actual time=5.902..324.897 rows=2851 loops=1)
        Join Filter: (mi.info_type_id = it1.id)
        Rows Removed by Join Filter: 191
        ->  Nested Loop  (cost=8.94..7485.96 rows=1 width=45) (actual time=5.897..315.196 rows=3042 loops=1)
              Join Filter: (t.id = mi.movie_id)
              ->  Nested Loop  (cost=8.50..7484.42 rows=1 width=57) (actual time=3.532..205.117 rows=2958 loops=1)
                    Join Filter: (mc.company_type_id = ct.id)
                    ->  Nested Loop  (cost=8.50..7483.33 rows=1 width=61) (actual time=3.528..201.414 rows=2958 loops=1)
                          ->  Nested Loop  (cost=8.08..7482.84 rows=1 width=46) (actual time=3.524..192.711 rows=3374 loops=1)
                                Join Filter: (t.id = mc.movie_id)
                                ->  Nested Loop  (cost=7.65..7479.95 rows=5 width=34) (actual time=3.516..173.218 rows=2378 loops=1)
                                      Join Filter: (t.kind_id = kt.id)
                                      Rows Removed by Join Filter: 848
                                      ->  Nested Loop  (cost=7.65..7478.35 rows=18 width=38) (actual time=2.971..172.335 rows=2781 loops=1)
                                            Join Filter: (mi_idx.info_type_id = it2.id)
                                            Rows Removed by Join Filter: 7394
                                            ->  Seq Scan on info_type it2  (cost=0.00..2.41 rows=1 width=4) (actual time=0.011..0.012 rows=1 loops=1)
                                                  Filter: ((info)::text = 'rating'::text)
                                                  Rows Removed by Filter: 112
                                            ->  Nested Loop  (cost=7.65..7474.82 rows=89 width=42) (actual time=2.945..171.362 rows=10175 loops=1)
                                                  Join Filter: (t.id = mi_idx.movie_id)
                                                  ->  Nested Loop  (cost=7.23..7455.55 rows=36 width=29) (actual time=2.928..151.447 rows=5606 loops=1)
                                                        ->  Nested Loop  (cost=6.80..7389.43 rows=135 width=4) (actual time=2.910..58.451 rows=37091 loops=1)
                                                              ->  Seq Scan on keyword k  (cost=0.00..2961.55 rows=4 width=4) (actual time=0.825..17.228 rows=3 loops=1)
                                                                    Filter: (keyword = ANY ('{murder,murder-in-title,blood,violence}'::text[]))
                                                                    Rows Removed by Filter: 134167
                                                              ->  Bitmap Heap Scan on movie_keyword mk  (cost=6.80..1103.92 rows=305 width=8) (actual time=2.160..12.507 rows=12364 loops=3)
                                                                    Recheck Cond: (keyword_id = k.id)
                                                                    Heap Blocks: exact=26312
                                                                    ->  Bitmap Index Scan on keyword_id_movie_keyword  (cost=0.00..6.72 rows=305 width=0) (actual time=1.079..1.079 rows=12364 loops=3)
                                                                          Index Cond: (keyword_id = k.id)
                                                        ->  Index Scan using title_pkey on title t  (cost=0.43..0.49 rows=1 width=25) (actual time=0.002..0.002 rows=0 loops=37091)
                                                              Index Cond: (id = mk.movie_id)
                                                              Filter: (production_year > 2008)
                                                              Rows Removed by Filter: 1
                                                  ->  Index Scan using movie_id_movie_info_idx on movie_info_idx mi_idx  (cost=0.43..0.50 rows=3 width=13) (actual time=0.003..0.003 rows=2 loops=5606)
                                                        Index Cond: (movie_id = mk.movie_id)
                                                        Filter: (info < '7.0'::text)
                                                        Rows Removed by Filter: 0
                                      ->  Materialize  (cost=0.00..1.10 rows=2 width=4) (actual time=0.000..0.000 rows=1 loops=2781)
                                            ->  Seq Scan on kind_type kt  (cost=0.00..1.09 rows=2 width=4) (actual time=0.005..0.006 rows=2 loops=1)
                                                  Filter: ((kind)::text = ANY ('{movie,episode}'::text[]))
                                                  Rows Removed by Filter: 5
                                ->  Index Scan using movie_id_movie_companies on movie_companies mc  (cost=0.43..0.57 rows=1 width=12) (actual time=0.006..0.008 rows=1 loops=2378)
                                      Index Cond: (movie_id = mk.movie_id)
                                      Filter: ((note !~~ '%(USA)%'::text) AND (note ~~ '%(200%)%'::text))
                                      Rows Removed by Filter: 10
                          ->  Index Scan using company_name_pkey on company_name cn  (cost=0.42..0.49 rows=1 width=23) (actual time=0.002..0.002 rows=1 loops=3374)
                                Index Cond: (id = mc.company_id)
                                Filter: ((country_code)::text <> '[us]'::text)
                                Rows Removed by Filter: 0
                    ->  Seq Scan on company_type ct  (cost=0.00..1.04 rows=4 width=4) (actual time=0.000..0.000 rows=1 loops=2958)
              ->  Index Scan using movie_id_movie_info on movie_info mi  (cost=0.43..1.51 rows=2 width=8) (actual time=0.033..0.037 rows=1 loops=2958)
                    Index Cond: (movie_id = mk.movie_id)
                    Filter: (info = ANY ('{Germany,German,USA,American}'::text[]))
                    Rows Removed by Filter: 155
        ->  Seq Scan on info_type it1  (cost=0.00..2.41 rows=1 width=4) (actual time=0.002..0.002 rows=1 loops=3042)
              Filter: ((info)::text = 'countries'::text)
              Rows Removed by Filter: 14
Planning time: 20.201 ms
Execution time: 325.993 ms
