Aggregate  (cost=7472.94..7472.95 rows=1 width=96) (actual time=496.883..496.883 rows=1 loops=1)
  ->  Nested Loop  (cost=8.94..7472.94 rows=1 width=41) (actual time=5.801..495.927 rows=2851 loops=1)
        Join Filter: (mi_idx.info_type_id = it2.id)
        Rows Removed by Join Filter: 7729
        ->  Nested Loop  (cost=8.94..7470.51 rows=1 width=45) (actual time=4.273..414.764 rows=10580 loops=1)
              Join Filter: (t.id = mi_idx.movie_id)
              ->  Nested Loop  (cost=8.51..7469.97 rows=1 width=52) (actual time=4.263..402.677 rows=3994 loops=1)
                    Join Filter: (mc.company_type_id = ct.id)
                    ->  Nested Loop  (cost=8.51..7468.88 rows=1 width=56) (actual time=4.261..397.911 rows=3994 loops=1)
                          Join Filter: (mi.info_type_id = it1.id)
                          Rows Removed by Join Filter: 380
                          ->  Nested Loop  (cost=8.51..7466.46 rows=1 width=60) (actual time=4.253..383.152 rows=4374 loops=1)
                                Join Filter: (t.id = mi.movie_id)
                                ->  Nested Loop  (cost=8.08..7464.92 rows=1 width=52) (actual time=3.269..198.821 rows=4302 loops=1)
                                      ->  Nested Loop  (cost=7.66..7463.45 rows=3 width=37) (actual time=3.264..186.673 rows=4808 loops=1)
                                            Join Filter: (t.id = mc.movie_id)
                                            ->  Nested Loop  (cost=7.23..7457.67 rows=10 width=25) (actual time=2.734..154.676 rows=4832 loops=1)
                                                  Join Filter: (t.kind_id = kt.id)
                                                  Rows Removed by Join Filter: 2286
                                                  ->  Nested Loop  (cost=7.23..7455.55 rows=36 width=29) (actual time=2.726..153.002 rows=5606 loops=1)
                                                        ->  Nested Loop  (cost=6.80..7389.43 rows=135 width=4) (actual time=2.696..59.397 rows=37091 loops=1)
                                                              ->  Seq Scan on keyword k  (cost=0.00..2961.55 rows=4 width=4) (actual time=0.837..17.340 rows=3 loops=1)
                                                                    Filter: (keyword = ANY ('{murder,murder-in-title,blood,violence}'::text[]))
                                                                    Rows Removed by Filter: 134167
                                                              ->  Bitmap Heap Scan on movie_keyword mk  (cost=6.80..1103.92 rows=305 width=8) (actual time=2.244..12.733 rows=12364 loops=3)
                                                                    Recheck Cond: (keyword_id = k.id)
                                                                    Heap Blocks: exact=26312
                                                                    ->  Bitmap Index Scan on keyword_id_movie_keyword  (cost=0.00..6.72 rows=305 width=0) (actual time=1.155..1.155 rows=12364 loops=3)
                                                                          Index Cond: (keyword_id = k.id)
                                                        ->  Index Scan using title_pkey on title t  (cost=0.43..0.49 rows=1 width=25) (actual time=0.002..0.002 rows=0 loops=37091)
                                                              Index Cond: (id = mk.movie_id)
                                                              Filter: (production_year > 2008)
                                                              Rows Removed by Filter: 1
                                                  ->  Materialize  (cost=0.00..1.10 rows=2 width=4) (actual time=0.000..0.000 rows=1 loops=5606)
                                                        ->  Seq Scan on kind_type kt  (cost=0.00..1.09 rows=2 width=4) (actual time=0.004..0.005 rows=2 loops=1)
                                                              Filter: ((kind)::text = ANY ('{movie,episode}'::text[]))
                                                              Rows Removed by Filter: 5
                                            ->  Index Scan using movie_id_movie_companies on movie_companies mc  (cost=0.43..0.57 rows=1 width=12) (actual time=0.005..0.006 rows=1 loops=4832)
                                                  Index Cond: (movie_id = mk.movie_id)
                                                  Filter: ((note !~~ '%(USA)%'::text) AND (note ~~ '%(200%)%'::text))
                                                  Rows Removed by Filter: 8
                                      ->  Index Scan using company_name_pkey on company_name cn  (cost=0.42..0.49 rows=1 width=23) (actual time=0.002..0.002 rows=1 loops=4808)
                                            Index Cond: (id = mc.company_id)
                                            Filter: ((country_code)::text <> '[us]'::text)
                                            Rows Removed by Filter: 0
                                ->  Index Scan using movie_id_movie_info on movie_info mi  (cost=0.43..1.51 rows=2 width=8) (actual time=0.037..0.042 rows=1 loops=4302)
                                      Index Cond: (movie_id = mk.movie_id)
                                      Filter: (info = ANY ('{Germany,German,USA,American}'::text[]))
                                      Rows Removed by Filter: 185
                          ->  Seq Scan on info_type it1  (cost=0.00..2.41 rows=1 width=4) (actual time=0.002..0.002 rows=1 loops=4374)
                                Filter: ((info)::text = 'countries'::text)
                                Rows Removed by Filter: 16
                    ->  Seq Scan on company_type ct  (cost=0.00..1.04 rows=4 width=4) (actual time=0.000..0.000 rows=1 loops=3994)
              ->  Index Scan using movie_id_movie_info_idx on movie_info_idx mi_idx  (cost=0.43..0.50 rows=3 width=13) (actual time=0.002..0.003 rows=3 loops=3994)
                    Index Cond: (movie_id = mk.movie_id)
                    Filter: (info < '7.0'::text)
                    Rows Removed by Filter: 0
        ->  Seq Scan on info_type it2  (cost=0.00..2.41 rows=1 width=4) (actual time=0.006..0.007 rows=1 loops=10580)
              Filter: ((info)::text = 'rating'::text)
              Rows Removed by Filter: 109
Planning time: 19.850 ms
Execution time: 496.970 ms
