Aggregate  (cost=7499.71..7499.72 rows=1 width=96) (actual time=1985.141..1985.141 rows=1 loops=1)
  ->  Nested Loop  (cost=8.94..7499.70 rows=1 width=41) (actual time=3.955..1977.923 rows=21489 loops=1)
        Join Filter: (mi.info_type_id = it1.id)
        Rows Removed by Join Filter: 3123
        ->  Nested Loop  (cost=8.94..7497.27 rows=1 width=45) (actual time=3.950..1891.227 rows=24612 loops=1)
              Join Filter: (t.id = mi.movie_id)
              ->  Nested Loop  (cost=8.50..7495.43 rows=1 width=57) (actual time=3.933..591.329 rows=23425 loops=1)
                    Join Filter: (mi_idx.info_type_id = it2.id)
                    Rows Removed by Join Filter: 46775
                    ->  Seq Scan on info_type it2  (cost=0.00..2.41 rows=1 width=4) (actual time=0.011..0.013 rows=1 loops=1)
                          Filter: ((info)::text = 'rating'::text)
                          Rows Removed by Filter: 112
                    ->  Nested Loop  (cost=8.50..7492.95 rows=6 width=61) (actual time=3.598..583.785 rows=70200 loops=1)
                          Join Filter: (t.id = mi_idx.movie_id)
                          ->  Nested Loop  (cost=8.08..7491.88 rows=2 width=48) (actual time=3.591..512.669 rows=23902 loops=1)
                                ->  Nested Loop  (cost=7.66..7489.42 rows=5 width=33) (actual time=3.586..450.465 rows=25853 loops=1)
                                      Join Filter: (mc.company_type_id = ct.id)
                                      ->  Nested Loop  (cost=7.66..7487.85 rows=10 width=37) (actual time=3.582..443.776 rows=25853 loops=1)
                                            Join Filter: (t.kind_id = kt.id)
                                            Rows Removed by Join Filter: 6302
                                            ->  Nested Loop  (cost=7.66..7485.72 rows=36 width=41) (actual time=3.001..435.652 rows=28679 loops=1)
                                                  ->  Nested Loop  (cost=7.23..7467.11 rows=38 width=16) (actual time=2.961..277.919 rows=86022 loops=1)
                                                        ->  Nested Loop  (cost=6.80..7389.43 rows=135 width=4) (actual time=2.944..63.182 rows=37091 loops=1)
                                                              ->  Seq Scan on keyword k  (cost=0.00..2961.55 rows=4 width=4) (actual time=0.834..17.794 rows=3 loops=1)
                                                                    Filter: (keyword = ANY ('{murder,murder-in-title,blood,violence}'::text[]))
                                                                    Rows Removed by Filter: 134167
                                                              ->  Bitmap Heap Scan on movie_keyword mk  (cost=6.80..1103.92 rows=305 width=8) (actual time=2.253..13.752 rows=12364 loops=3)
                                                                    Recheck Cond: (keyword_id = k.id)
                                                                    Heap Blocks: exact=26312
                                                                    ->  Bitmap Index Scan on keyword_id_movie_keyword  (cost=0.00..6.72 rows=305 width=0) (actual time=1.154..1.154 rows=12364 loops=3)
                                                                          Index Cond: (keyword_id = k.id)
                                                        ->  Index Scan using movie_id_movie_companies on movie_companies mc  (cost=0.43..0.57 rows=1 width=12) (actual time=0.004..0.005 rows=2 loops=37091)
                                                              Index Cond: (movie_id = mk.movie_id)
                                                              Filter: ((note !~~ '%(USA)%'::text) AND (note ~~ '%(200%)%'::text))
                                                              Rows Removed by Filter: 7
                                                  ->  Index Scan using title_pkey on title t  (cost=0.43..0.49 rows=1 width=25) (actual time=0.002..0.002 rows=0 loops=86022)
                                                        Index Cond: (id = mk.movie_id)
                                                        Filter: (production_year > 2005)
                                                        Rows Removed by Filter: 1
                                            ->  Materialize  (cost=0.00..1.10 rows=2 width=4) (actual time=0.000..0.000 rows=1 loops=28679)
                                                  ->  Seq Scan on kind_type kt  (cost=0.00..1.09 rows=2 width=4) (actual time=0.005..0.006 rows=2 loops=1)
                                                        Filter: ((kind)::text = ANY ('{movie,episode}'::text[]))
                                                        Rows Removed by Filter: 5
                                      ->  Materialize  (cost=0.00..1.06 rows=4 width=4) (actual time=0.000..0.000 rows=1 loops=25853)
                                            ->  Seq Scan on company_type ct  (cost=0.00..1.04 rows=4 width=4) (actual time=0.003..0.003 rows=1 loops=1)
                                ->  Index Scan using company_name_pkey on company_name cn  (cost=0.42..0.49 rows=1 width=23) (actual time=0.002..0.002 rows=1 loops=25853)
                                      Index Cond: (id = mc.company_id)
                                      Filter: ((country_code)::text <> '[us]'::text)
                                      Rows Removed by Filter: 0
                          ->  Index Scan using movie_id_movie_info_idx on movie_info_idx mi_idx  (cost=0.43..0.50 rows=3 width=13) (actual time=0.002..0.002 rows=3 loops=23902)
                                Index Cond: (movie_id = mk.movie_id)
                                Filter: (info < '8.5'::text)
                                Rows Removed by Filter: 0
              ->  Index Scan using movie_id_movie_info on movie_info mi  (cost=0.43..1.81 rows=2 width=8) (actual time=0.046..0.055 rows=1 loops=23425)
                    Index Cond: (movie_id = mk.movie_id)
                    Filter: (info = ANY ('{Sweden,Norway,Germany,Denmark,Swedish,Danish,Norwegian,German,USA,American}'::text[]))
                    Rows Removed by Filter: 180
        ->  Seq Scan on info_type it1  (cost=0.00..2.41 rows=1 width=4) (actual time=0.002..0.003 rows=1 loops=24612)
              Filter: ((info)::text = 'countries'::text)
              Rows Removed by Filter: 20
Planning time: 20.153 ms
Execution time: 1985.235 ms
