Aggregate  (cost=7478.69..7478.70 rows=1 width=96) (actual time=1775.479..1775.479 rows=1 loops=1)
  ->  Nested Loop  (cost=8.94..7478.69 rows=1 width=41) (actual time=3.445..1768.207 rows=21489 loops=1)
        Join Filter: (mi.info_type_id = it1.id)
        Rows Removed by Join Filter: 3123
        ->  Nested Loop  (cost=8.94..7476.26 rows=1 width=45) (actual time=3.440..1680.733 rows=24612 loops=1)
              Join Filter: (t.id = mi.movie_id)
              ->  Nested Loop  (cost=8.50..7474.42 rows=1 width=57) (actual time=3.423..376.483 rows=23425 loops=1)
                    ->  Nested Loop  (cost=8.08..7473.93 rows=1 width=42) (actual time=3.417..315.895 rows=25316 loops=1)
                          Join Filter: (mc.company_type_id = ct.id)
                          ->  Nested Loop  (cost=8.08..7472.74 rows=3 width=46) (actual time=3.412..308.723 rows=25316 loops=1)
                                Join Filter: (mi_idx.info_type_id = it2.id)
                                Rows Removed by Join Filter: 50544
                                ->  Seq Scan on info_type it2  (cost=0.00..2.41 rows=1 width=4) (actual time=0.012..0.013 rows=1 loops=1)
                                      Filter: ((info)::text = 'rating'::text)
                                      Rows Removed by Filter: 112
                                ->  Nested Loop  (cost=8.08..7470.16 rows=13 width=50) (actual time=3.312..300.432 rows=75860 loops=1)
                                      Join Filter: (t.id = mi_idx.movie_id)
                                      ->  Nested Loop  (cost=7.66..7467.49 rows=5 width=37) (actual time=3.304..221.628 rows=25853 loops=1)
                                            Join Filter: (t.id = mc.movie_id)
                                            ->  Nested Loop  (cost=7.23..7458.24 rows=16 width=25) (actual time=2.978..162.419 rows=8073 loops=1)
                                                  Join Filter: (t.kind_id = kt.id)
                                                  Rows Removed by Join Filter: 4332
                                                  ->  Nested Loop  (cost=7.23..7455.55 rows=56 width=29) (actual time=2.957..159.452 rows=9739 loops=1)
                                                        ->  Nested Loop  (cost=6.80..7389.43 rows=135 width=4) (actual time=2.948..62.292 rows=37091 loops=1)
                                                              ->  Seq Scan on keyword k  (cost=0.00..2961.55 rows=4 width=4) (actual time=0.834..17.472 rows=3 loops=1)
                                                                    Filter: (keyword = ANY ('{murder,murder-in-title,blood,violence}'::text[]))
                                                                    Rows Removed by Filter: 134167
                                                              ->  Bitmap Heap Scan on movie_keyword mk  (cost=6.80..1103.92 rows=305 width=8) (actual time=2.364..13.644 rows=12364 loops=3)
                                                                    Recheck Cond: (keyword_id = k.id)
                                                                    Heap Blocks: exact=26312
                                                                    ->  Bitmap Index Scan on keyword_id_movie_keyword  (cost=0.00..6.72 rows=305 width=0) (actual time=1.199..1.199 rows=12364 loops=3)
                                                                          Index Cond: (keyword_id = k.id)
                                                        ->  Index Scan using title_pkey on title t  (cost=0.43..0.49 rows=1 width=25) (actual time=0.002..0.002 rows=0 loops=37091)
                                                              Index Cond: (id = mk.movie_id)
                                                              Filter: (production_year > 2005)
                                                              Rows Removed by Filter: 1
                                                  ->  Materialize  (cost=0.00..1.10 rows=2 width=4) (actual time=0.000..0.000 rows=1 loops=9739)
                                                        ->  Seq Scan on kind_type kt  (cost=0.00..1.09 rows=2 width=4) (actual time=0.004..0.005 rows=2 loops=1)
                                                              Filter: ((kind)::text = ANY ('{movie,episode}'::text[]))
                                                              Rows Removed by Filter: 5
                                            ->  Index Scan using movie_id_movie_companies on movie_companies mc  (cost=0.43..0.57 rows=1 width=12) (actual time=0.004..0.007 rows=3 loops=8073)
                                                  Index Cond: (movie_id = mk.movie_id)
                                                  Filter: ((note !~~ '%(USA)%'::text) AND (note ~~ '%(200%)%'::text))
                                                  Rows Removed by Filter: 7
                                      ->  Index Scan using movie_id_movie_info_idx on movie_info_idx mi_idx  (cost=0.43..0.50 rows=3 width=13) (actual time=0.002..0.002 rows=3 loops=25853)
                                            Index Cond: (movie_id = mk.movie_id)
                                            Filter: (info < '8.5'::text)
                                            Rows Removed by Filter: 0
                          ->  Materialize  (cost=0.00..1.06 rows=4 width=4) (actual time=0.000..0.000 rows=1 loops=25316)
                                ->  Seq Scan on company_type ct  (cost=0.00..1.04 rows=4 width=4) (actual time=0.003..0.003 rows=1 loops=1)
                    ->  Index Scan using company_name_pkey on company_name cn  (cost=0.42..0.49 rows=1 width=23) (actual time=0.002..0.002 rows=1 loops=25316)
                          Index Cond: (id = mc.company_id)
                          Filter: ((country_code)::text <> '[us]'::text)
                          Rows Removed by Filter: 0
              ->  Index Scan using movie_id_movie_info on movie_info mi  (cost=0.43..1.81 rows=2 width=8) (actual time=0.046..0.055 rows=1 loops=23425)
                    Index Cond: (movie_id = mk.movie_id)
                    Filter: (info = ANY ('{Sweden,Norway,Germany,Denmark,Swedish,Danish,Norwegian,German,USA,American}'::text[]))
                    Rows Removed by Filter: 180
        ->  Seq Scan on info_type it1  (cost=0.00..2.41 rows=1 width=4) (actual time=0.002..0.003 rows=1 loops=24612)
              Filter: ((info)::text = 'countries'::text)
              Rows Removed by Filter: 20
Planning time: 19.789 ms
Execution time: 1775.567 ms
