Aggregate  (cost=7512.54..7512.55 rows=1 width=96) (actual time=3285.953..3285.953 rows=1 loops=1)
  ->  Nested Loop  (cost=8.94..7512.53 rows=1 width=41) (actual time=3.346..3270.675 rows=46281 loops=1)
        Join Filter: (mi.info_type_id = it1.id)
        Rows Removed by Join Filter: 8297
        ->  Nested Loop  (cost=8.94..7510.10 rows=1 width=45) (actual time=3.341..3075.567 rows=54578 loops=1)
              Join Filter: (t.id = mi.movie_id)
              ->  Nested Loop  (cost=8.50..7508.27 rows=1 width=57) (actual time=3.324..436.663 rows=56448 loops=1)
                    Join Filter: (mc.company_type_id = ct.id)
                    Rows Removed by Join Filter: 9734
                    ->  Nested Loop  (cost=8.50..7506.66 rows=11 width=61) (actual time=3.319..421.332 rows=56448 loops=1)
                          ->  Nested Loop  (cost=8.08..7497.30 rows=21 width=46) (actual time=2.871..247.569 rows=75603 loops=1)
                                Join Filter: (t.id = mc.movie_id)
                                ->  Nested Loop  (cost=7.65..7491.87 rows=9 width=34) (actual time=2.865..197.956 rows=5949 loops=1)
                                      Join Filter: (t.kind_id = kt.id)
                                      Rows Removed by Join Filter: 3227
                                      ->  Nested Loop  (cost=7.65..7489.89 rows=31 width=38) (actual time=2.827..195.702 rows=7271 loops=1)
                                            Join Filter: (mi_idx.info_type_id = it2.id)
                                            Rows Removed by Join Filter: 14646
                                            ->  Seq Scan on info_type it2  (cost=0.00..2.41 rows=1 width=4) (actual time=0.011..0.012 rows=1 loops=1)
                                                  Filter: ((info)::text = 'rating'::text)
                                                  Rows Removed by Filter: 112
                                            ->  Nested Loop  (cost=7.65..7485.53 rows=156 width=42) (actual time=2.814..193.495 rows=21917 loops=1)
                                                  Join Filter: (t.id = mi_idx.movie_id)
                                                  ->  Nested Loop  (cost=7.23..7455.55 rows=56 width=29) (actual time=2.805..158.124 rows=9739 loops=1)
                                                        ->  Nested Loop  (cost=6.80..7389.43 rows=135 width=4) (actual time=2.797..62.118 rows=37091 loops=1)
                                                              ->  Seq Scan on keyword k  (cost=0.00..2961.55 rows=4 width=4) (actual time=0.837..17.754 rows=3 loops=1)
                                                                    Filter: (keyword = ANY ('{murder,murder-in-title,blood,violence}'::text[]))
                                                                    Rows Removed by Filter: 134167
                                                              ->  Bitmap Heap Scan on movie_keyword mk  (cost=6.80..1103.92 rows=305 width=8) (actual time=2.312..13.554 rows=12364 loops=3)
                                                                    Recheck Cond: (keyword_id = k.id)
                                                                    Heap Blocks: exact=26312
                                                                    ->  Bitmap Index Scan on keyword_id_movie_keyword  (cost=0.00..6.72 rows=305 width=0) (actual time=1.185..1.185 rows=12364 loops=3)
                                                                          Index Cond: (keyword_id = k.id)
                                                        ->  Index Scan using title_pkey on title t  (cost=0.43..0.49 rows=1 width=25) (actual time=0.002..0.002 rows=0 loops=37091)
                                                              Index Cond: (id = mk.movie_id)
                                                              Filter: (production_year > 2005)
                                                              Rows Removed by Filter: 1
                                                  ->  Index Scan using movie_id_movie_info_idx on movie_info_idx mi_idx  (cost=0.43..0.50 rows=3 width=13) (actual time=0.003..0.003 rows=2 loops=9739)
                                                        Index Cond: (movie_id = mk.movie_id)
                                                        Filter: (info < '8.5'::text)
                                                        Rows Removed by Filter: 0
                                      ->  Materialize  (cost=0.00..1.10 rows=2 width=4) (actual time=0.000..0.000 rows=1 loops=7271)
                                            ->  Seq Scan on kind_type kt  (cost=0.00..1.09 rows=2 width=4) (actual time=0.003..0.005 rows=2 loops=1)
                                                  Filter: ((kind)::text = ANY ('{movie,episode}'::text[]))
                                                  Rows Removed by Filter: 5
                                ->  Index Scan using movie_id_movie_companies on movie_companies mc  (cost=0.43..0.54 rows=5 width=12) (actual time=0.003..0.006 rows=13 loops=5949)
                                      Index Cond: (movie_id = mk.movie_id)
                          ->  Index Scan using company_name_pkey on company_name cn  (cost=0.42..0.45 rows=1 width=23) (actual time=0.002..0.002 rows=1 loops=75603)
                                Index Cond: (id = mc.company_id)
                                Filter: ((country_code)::text <> '[us]'::text)
                                Rows Removed by Filter: 0
                    ->  Materialize  (cost=0.00..1.06 rows=4 width=4) (actual time=0.000..0.000 rows=1 loops=56448)
                          ->  Seq Scan on company_type ct  (cost=0.00..1.04 rows=4 width=4) (actual time=0.003..0.004 rows=2 loops=1)
              ->  Index Scan using movie_id_movie_info on movie_info mi  (cost=0.43..1.81 rows=2 width=8) (actual time=0.038..0.046 rows=1 loops=56448)
                    Index Cond: (movie_id = mk.movie_id)
                    Filter: (info = ANY ('{Sweden,Norway,Germany,Denmark,Swedish,Danish,Norwegian,German,USA,American}'::text[]))
                    Rows Removed by Filter: 154
        ->  Seq Scan on info_type it1  (cost=0.00..2.41 rows=1 width=4) (actual time=0.002..0.003 rows=1 loops=54578)
              Filter: ((info)::text = 'countries'::text)
              Rows Removed by Filter: 23
Planning time: 19.903 ms
Execution time: 3286.039 ms
