Aggregate  (cost=69124.79..69124.80 rows=1 width=64) (actual time=330.592..330.592 rows=1 loops=1)
  ->  Nested Loop  (cost=55420.57..69124.78 rows=1 width=27) (actual time=290.614..330.384 rows=618 loops=1)
        ->  Nested Loop  (cost=55420.15..69124.34 rows=1 width=31) (actual time=290.605..328.820 rows=618 loops=1)
              ->  Nested Loop  (cost=55419.72..69122.52 rows=1 width=43) (actual time=290.595..328.603 rows=6 loops=1)
                    ->  Nested Loop  (cost=55419.59..69122.36 rows=1 width=47) (actual time=290.590..328.586 rows=6 loops=1)
                          ->  Nested Loop  (cost=55419.17..69121.91 rows=1 width=51) (actual time=290.580..328.551 rows=6 loops=1)
                                ->  Nested Loop  (cost=55418.74..69121.27 rows=1 width=39) (actual time=290.571..328.517 rows=5 loops=1)
                                      ->  Nested Loop  (cost=55418.60..69120.74 rows=3 width=43) (actual time=290.563..328.496 rows=5 loops=1)
                                            ->  Hash Join  (cost=55418.16..58262.83 rows=5377 width=35) (actual time=232.566..268.510 rows=1033 loops=1)
                                                  Hash Cond: (cc.status_id = cct1.id)
                                                  ->  Hash Join  (cost=55417.10..58131.22 rows=12545 width=39) (actual time=232.554..267.894 rows=6234 loops=1)
                                                        Hash Cond: (cc.movie_id = t.id)
                                                        ->  Seq Scan on complete_cast cc  (cost=0.00..2081.86 rows=135086 width=8) (actual time=0.006..10.391 rows=135086 loops=1)
                                                        ->  Hash  (cost=52476.35..52476.35 rows=235260 width=31) (actual time=232.267..232.267 rows=274015 loops=1)
                                                              Buckets: 524288 (originally 262144)  Batches: 1 (originally 1)  Memory Usage: 20317kB
                                                              ->  Nested Loop  (cost=7842.95..52476.35 rows=235260 width=31) (actual time=22.628..167.728 rows=274015 loops=1)
                                                                    ->  Seq Scan on kind_type kt  (cost=0.00..1.09 rows=1 width=14) (actual time=0.002..0.005 rows=1 loops=1)
                                                                          Filter: ((kind)::text = 'movie'::text)
                                                                          Rows Removed by Filter: 6
                                                                    ->  Bitmap Heap Scan on title t  (cost=7842.95..50162.36 rows=231290 width=25) (actual time=22.624..137.476 rows=274015 loops=1)
                                                                          Recheck Cond: (kind_id = kt.id)
                                                                          Filter: (production_year > 2000)
                                                                          Rows Removed by Filter: 388810
                                                                          Heap Blocks: exact=12863
                                                                          ->  Bitmap Index Scan on kind_id_title  (cost=0.00..7785.13 rows=421427 width=0) (actual time=21.079..21.079 rows=662825 loops=1)
                                                                                Index Cond: (kind_id = kt.id)
                                                  ->  Hash  (cost=1.05..1.05 rows=1 width=4) (actual time=0.006..0.006 rows=1 loops=1)
                                                        Buckets: 1024  Batches: 1  Memory Usage: 9kB
                                                        ->  Seq Scan on comp_cast_type cct1  (cost=0.00..1.05 rows=1 width=4) (actual time=0.004..0.005 rows=1 loops=1)
                                                              Filter: ((kind)::text = 'complete+verified'::text)
                                                              Rows Removed by Filter: 3
                                            ->  Index Scan using movie_id_movie_info on movie_info mi  (cost=0.43..2.01 rows=1 width=8) (actual time=0.058..0.058 rows=0 loops=1033)
                                                  Index Cond: (movie_id = t.id)
                                                  Filter: ((info IS NOT NULL) AND (note ~~ '%internet%'::text) AND ((info ~~ 'USA:% 199%'::text) OR (info ~~ 'USA:% 200%'::text)))
                                                  Rows Removed by Filter: 211
                                      ->  Index Scan using info_type_pkey on info_type it1  (cost=0.14..0.17 rows=1 width=4) (actual time=0.003..0.003 rows=1 loops=5)
                                            Index Cond: (id = mi.info_type_id)
                                            Filter: ((info)::text = 'release dates'::text)
                                ->  Index Scan using movie_id_movie_companies on movie_companies mc  (cost=0.43..0.59 rows=5 width=12) (actual time=0.005..0.005 rows=1 loops=5)
                                      Index Cond: (movie_id = t.id)
                          ->  Index Scan using company_name_pkey on company_name cn  (cost=0.42..0.45 rows=1 width=4) (actual time=0.005..0.005 rows=1 loops=6)
                                Index Cond: (id = mc.company_id)
                                Filter: ((country_code)::text = '[us]'::text)
                    ->  Index Only Scan using company_type_pkey on company_type ct  (cost=0.13..0.15 rows=1 width=4) (actual time=0.002..0.002 rows=1 loops=6)
                          Index Cond: (id = mc.company_type_id)
                          Heap Fetches: 6
              ->  Index Scan using movie_id_movie_keyword on movie_keyword mk  (cost=0.43..1.36 rows=47 width=8) (actual time=0.005..0.021 rows=103 loops=6)
                    Index Cond: (movie_id = t.id)
        ->  Index Only Scan using keyword_pkey on keyword k  (cost=0.42..0.44 rows=1 width=4) (actual time=0.002..0.002 rows=1 loops=618)
              Index Cond: (id = mk.keyword_id)
              Heap Fetches: 618
Planning time: 19.411 ms
Execution time: 330.739 ms
