Aggregate  (cost=7472.87..7472.88 rows=1 width=64) (actual time=43.205..43.205 rows=1 loops=1)
  ->  Nested Loop  (cost=8.93..7472.86 rows=1 width=27) (actual time=8.793..43.193 rows=16 loops=1)
        Join Filter: (mi.info_type_id = it1.id)
        ->  Nested Loop  (cost=8.93..7470.44 rows=1 width=31) (actual time=8.787..43.135 rows=16 loops=1)
              Join Filter: (t.id = mi.movie_id)
              ->  Nested Loop  (cost=8.50..7468.91 rows=1 width=43) (actual time=1.365..27.980 rows=315 loops=1)
                    Join Filter: (mc.company_type_id = ct.id)
                    Rows Removed by Join Filter: 140
                    ->  Nested Loop  (cost=8.50..7467.82 rows=1 width=47) (actual time=1.361..27.560 rows=315 loops=1)
                          ->  Nested Loop  (cost=8.08..7466.48 rows=3 width=51) (actual time=1.332..24.747 rows=1218 loops=1)
                                Join Filter: (t.id = mc.movie_id)
                                ->  Nested Loop  (cost=7.65..7464.07 rows=4 width=39) (actual time=1.326..23.981 rows=60 loops=1)
                                      Join Filter: (cc.status_id = cct1.id)
                                      Rows Removed by Join Filter: 81
                                      ->  Seq Scan on comp_cast_type cct1  (cost=0.00..1.05 rows=1 width=4) (actual time=0.004..0.004 rows=1 loops=1)
                                            Filter: ((kind)::text = 'complete+verified'::text)
                                            Rows Removed by Filter: 3
                                      ->  Nested Loop  (cost=7.65..7462.83 rows=15 width=43) (actual time=1.319..23.958 rows=141 loops=1)
                                            ->  Nested Loop  (cost=7.23..7457.57 rows=11 width=35) (actual time=1.268..22.981 rows=401 loops=1)
                                                  Join Filter: (t.kind_id = kt.id)
                                                  Rows Removed by Join Filter: 156
                                                  ->  Seq Scan on kind_type kt  (cost=0.00..1.09 rows=1 width=14) (actual time=0.002..0.003 rows=1 loops=1)
                                                        Filter: ((kind)::text = 'movie'::text)
                                                        Rows Removed by Filter: 6
                                                  ->  Nested Loop  (cost=7.23..7455.55 rows=75 width=29) (actual time=0.626..22.909 rows=557 loops=1)
                                                        ->  Nested Loop  (cost=6.80..7389.43 rows=135 width=4) (actual time=0.619..18.901 rows=1133 loops=1)
                                                              ->  Seq Scan on keyword k  (cost=0.00..2961.55 rows=4 width=4) (actual time=0.501..17.245 rows=4 loops=1)
                                                                    Filter: (keyword = ANY ('{nerd,loner,alienation,dignity}'::text[]))
                                                                    Rows Removed by Filter: 134166
                                                              ->  Bitmap Heap Scan on movie_keyword mk  (cost=6.80..1103.92 rows=305 width=8) (actual time=0.059..0.377 rows=283 loops=4)
                                                                    Recheck Cond: (keyword_id = k.id)
                                                                    Heap Blocks: exact=1083
                                                                    ->  Bitmap Index Scan on keyword_id_movie_keyword  (cost=0.00..6.72 rows=305 width=0) (actual time=0.032..0.032 rows=283 loops=4)
                                                                          Index Cond: (keyword_id = k.id)
                                                        ->  Index Scan using title_pkey on title t  (cost=0.43..0.49 rows=1 width=25) (actual time=0.003..0.003 rows=0 loops=1133)
                                                              Index Cond: (id = mk.movie_id)
                                                              Filter: (production_year > 2000)
                                                              Rows Removed by Filter: 1
                                            ->  Index Scan using movie_id_complete_cast on complete_cast cc  (cost=0.42..0.46 rows=2 width=8) (actual time=0.002..0.002 rows=0 loops=401)
                                                  Index Cond: (movie_id = t.id)
                                ->  Index Scan using movie_id_movie_companies on movie_companies mc  (cost=0.43..0.54 rows=5 width=12) (actual time=0.004..0.009 rows=20 loops=60)
                                      Index Cond: (movie_id = mk.movie_id)
                          ->  Index Scan using company_name_pkey on company_name cn  (cost=0.42..0.45 rows=1 width=4) (actual time=0.002..0.002 rows=0 loops=1218)
                                Index Cond: (id = mc.company_id)
                                Filter: ((country_code)::text = '[us]'::text)
                                Rows Removed by Filter: 1
                    ->  Seq Scan on company_type ct  (cost=0.00..1.04 rows=4 width=4) (actual time=0.000..0.000 rows=1 loops=315)
              ->  Index Scan using movie_id_movie_info on movie_info mi  (cost=0.43..1.51 rows=1 width=8) (actual time=0.048..0.048 rows=0 loops=315)
                    Index Cond: (movie_id = mk.movie_id)
                    Filter: ((note ~~ '%internet%'::text) AND (info ~~ 'USA:% 200%'::text))
                    Rows Removed by Filter: 268
        ->  Seq Scan on info_type it1  (cost=0.00..2.41 rows=1 width=4) (actual time=0.003..0.003 rows=1 loops=16)
              Filter: ((info)::text = 'release dates'::text)
              Rows Removed by Filter: 15
Planning time: 19.641 ms
Execution time: 43.283 ms
