Aggregate  (cost=7473.04..7473.05 rows=1 width=64) (actual time=31.262..31.262 rows=1 loops=1)
  ->  Nested Loop  (cost=8.93..7473.04 rows=1 width=27) (actual time=5.150..31.252 rows=16 loops=1)
        Join Filter: (mi.info_type_id = it1.id)
        ->  Nested Loop  (cost=8.93..7470.61 rows=1 width=31) (actual time=5.145..31.196 rows=16 loops=1)
              Join Filter: (mc.company_type_id = ct.id)
              Rows Removed by Join Filter: 16
              ->  Nested Loop  (cost=8.93..7469.52 rows=1 width=35) (actual time=5.142..31.169 rows=16 loops=1)
                    ->  Nested Loop  (cost=8.51..7469.08 rows=1 width=39) (actual time=5.136..31.131 rows=16 loops=1)
                          Join Filter: (t.id = mc.movie_id)
                          ->  Nested Loop  (cost=8.08..7468.47 rows=1 width=47) (actual time=5.132..31.089 rows=16 loops=1)
                                Join Filter: (cc.status_id = cct1.id)
                                ->  Nested Loop  (cost=8.08..7467.41 rows=1 width=51) (actual time=5.126..31.053 rows=16 loops=1)
                                      Join Filter: (t.id = mi.movie_id)
                                      ->  Nested Loop  (cost=7.65..7462.83 rows=3 width=43) (actual time=1.295..24.140 rows=141 loops=1)
                                            ->  Nested Loop  (cost=7.23..7457.57 rows=11 width=35) (actual time=1.246..23.185 rows=401 loops=1)
                                                  Join Filter: (t.kind_id = kt.id)
                                                  Rows Removed by Join Filter: 156
                                                  ->  Seq Scan on kind_type kt  (cost=0.00..1.09 rows=1 width=14) (actual time=0.004..0.005 rows=1 loops=1)
                                                        Filter: ((kind)::text = 'movie'::text)
                                                        Rows Removed by Filter: 6
                                                  ->  Nested Loop  (cost=7.23..7455.55 rows=75 width=29) (actual time=0.626..23.098 rows=557 loops=1)
                                                        ->  Nested Loop  (cost=6.80..7389.43 rows=135 width=4) (actual time=0.620..19.212 rows=1133 loops=1)
                                                              ->  Seq Scan on keyword k  (cost=0.00..2961.55 rows=4 width=4) (actual time=0.504..17.614 rows=4 loops=1)
                                                                    Filter: (keyword = ANY ('{nerd,loner,alienation,dignity}'::text[]))
                                                                    Rows Removed by Filter: 134166
                                                              ->  Bitmap Heap Scan on movie_keyword mk  (cost=6.80..1103.92 rows=305 width=8) (actual time=0.057..0.364 rows=283 loops=4)
                                                                    Recheck Cond: (keyword_id = k.id)
                                                                    Heap Blocks: exact=1083
                                                                    ->  Bitmap Index Scan on keyword_id_movie_keyword  (cost=0.00..6.72 rows=305 width=0) (actual time=0.029..0.029 rows=283 loops=4)
                                                                          Index Cond: (keyword_id = k.id)
                                                        ->  Index Scan using title_pkey on title t  (cost=0.43..0.49 rows=1 width=25) (actual time=0.003..0.003 rows=0 loops=1133)
                                                              Index Cond: (id = mk.movie_id)
                                                              Filter: (production_year > 2000)
                                                              Rows Removed by Filter: 1
                                            ->  Index Scan using movie_id_complete_cast on complete_cast cc  (cost=0.42..0.46 rows=2 width=8) (actual time=0.002..0.002 rows=0 loops=401)
                                                  Index Cond: (movie_id = t.id)
                                      ->  Index Scan using movie_id_movie_info on movie_info mi  (cost=0.43..1.51 rows=1 width=8) (actual time=0.048..0.049 rows=0 loops=141)
                                            Index Cond: (movie_id = mk.movie_id)
                                            Filter: ((note ~~ '%internet%'::text) AND (info ~~ 'USA:% 200%'::text))
                                            Rows Removed by Filter: 187
                                ->  Seq Scan on comp_cast_type cct1  (cost=0.00..1.05 rows=1 width=4) (actual time=0.001..0.001 rows=1 loops=16)
                                      Filter: ((kind)::text = 'complete+verified'::text)
                                      Rows Removed by Filter: 3
                          ->  Index Scan using movie_id_movie_companies on movie_companies mc  (cost=0.43..0.54 rows=5 width=12) (actual time=0.002..0.002 rows=1 loops=16)
                                Index Cond: (movie_id = mk.movie_id)
                    ->  Index Scan using company_name_pkey on company_name cn  (cost=0.42..0.45 rows=1 width=4) (actual time=0.002..0.002 rows=1 loops=16)
                          Index Cond: (id = mc.company_id)
                          Filter: ((country_code)::text = '[us]'::text)
              ->  Seq Scan on company_type ct  (cost=0.00..1.04 rows=4 width=4) (actual time=0.000..0.001 rows=2 loops=16)
        ->  Seq Scan on info_type it1  (cost=0.00..2.41 rows=1 width=4) (actual time=0.003..0.003 rows=1 loops=16)
              Filter: ((info)::text = 'release dates'::text)
              Rows Removed by Filter: 15
Planning time: 19.562 ms
Execution time: 31.331 ms
