Aggregate  (cost=139967.95..139967.96 rows=1 width=64) (actual time=732.160..732.160 rows=1 loops=1)
  ->  Nested Loop  (cost=4336.37..139967.93 rows=5 width=27) (actual time=458.173..731.986 rows=628 loops=1)
        ->  Nested Loop  (cost=4335.95..139965.73 rows=5 width=31) (actual time=458.163..730.647 rows=628 loops=1)
              ->  Nested Loop  (cost=4335.51..139963.93 rows=1 width=43) (actual time=458.154..730.413 rows=7 loops=1)
                    ->  Nested Loop  (cost=4335.38..139963.77 rows=1 width=47) (actual time=458.148..730.392 rows=7 loops=1)
                          ->  Nested Loop  (cost=4334.96..139962.88 rows=2 width=51) (actual time=458.138..730.351 rows=7 loops=1)
                                ->  Nested Loop  (cost=4334.53..139962.25 rows=1 width=39) (actual time=458.127..730.310 rows=6 loops=1)
                                      Join Filter: (mi.info_type_id = it1.id)
                                      ->  Seq Scan on info_type it1  (cost=0.00..2.41 rows=1 width=4) (actual time=0.010..0.017 rows=1 loops=1)
                                            Filter: ((info)::text = 'release dates'::text)
                                            Rows Removed by Filter: 112
                                      ->  Nested Loop  (cost=4334.53..139959.63 rows=17 width=43) (actual time=458.115..730.288 rows=6 loops=1)
                                            ->  Hash Join  (cost=4334.10..88495.93 rows=27067 width=35) (actual time=320.341..541.446 rows=5053 loops=1)
                                                  Hash Cond: (t.kind_id = kt.id)
                                                  ->  Hash Join  (cost=4332.94..87956.82 rows=47367 width=29) (actual time=26.889..540.292 rows=6424 loops=1)
                                                        Hash Cond: (t.id = cc.movie_id)
                                                        ->  Seq Scan on title t  (cost=0.00..67605.05 rows=1776490 width=25) (actual time=0.005..341.259 rows=1749032 loops=1)
                                                              Filter: (production_year > 1990)
                                                              Rows Removed by Filter: 779280
                                                        ->  Hash  (cost=3488.66..3488.66 rows=67543 width=4) (actual time=26.710..26.710 rows=24592 loops=1)
                                                              Buckets: 131072  Batches: 1  Memory Usage: 1889kB
                                                              ->  Hash Join  (cost=1.06..3488.66 rows=67543 width=4) (actual time=0.012..23.447 rows=24592 loops=1)
                                                                    Hash Cond: (cc.status_id = cct1.id)
                                                                    ->  Seq Scan on complete_cast cc  (cost=0.00..2081.86 rows=135086 width=8) (actual time=0.006..10.043 rows=135086 loops=1)
                                                                    ->  Hash  (cost=1.05..1.05 rows=1 width=4) (actual time=0.003..0.003 rows=1 loops=1)
                                                                          Buckets: 1024  Batches: 1  Memory Usage: 9kB
                                                                          ->  Seq Scan on comp_cast_type cct1  (cost=0.00..1.05 rows=1 width=4) (actual time=0.002..0.002 rows=1 loops=1)
                                                                                Filter: ((kind)::text = 'complete+verified'::text)
                                                                                Rows Removed by Filter: 3
                                                  ->  Hash  (cost=1.10..1.10 rows=4 width=14) (actual time=0.006..0.006 rows=4 loops=1)
                                                        Buckets: 1024  Batches: 1  Memory Usage: 9kB
                                                        ->  Seq Scan on kind_type kt  (cost=0.00..1.10 rows=4 width=14) (actual time=0.003..0.004 rows=4 loops=1)
                                                              Filter: ((kind)::text = ANY ('{movie,"tv movie","video movie","video game"}'::text[]))
                                                              Rows Removed by Filter: 3
                                            ->  Index Scan using movie_id_movie_info on movie_info mi  (cost=0.43..1.89 rows=1 width=8) (actual time=0.037..0.037 rows=0 loops=5053)
                                                  Index Cond: (movie_id = t.id)
                                                  Filter: ((info IS NOT NULL) AND (note ~~ '%internet%'::text) AND ((info ~~ 'USA:% 199%'::text) OR (info ~~ 'USA:% 200%'::text)))
                                                  Rows Removed by Filter: 123
                                ->  Index Scan using movie_id_movie_companies on movie_companies mc  (cost=0.43..0.58 rows=5 width=12) (actual time=0.005..0.005 rows=1 loops=6)
                                      Index Cond: (movie_id = t.id)
                          ->  Index Scan using company_name_pkey on company_name cn  (cost=0.42..0.45 rows=1 width=4) (actual time=0.005..0.005 rows=1 loops=7)
                                Index Cond: (id = mc.company_id)
                                Filter: ((country_code)::text = '[us]'::text)
                    ->  Index Only Scan using company_type_pkey on company_type ct  (cost=0.13..0.15 rows=1 width=4) (actual time=0.002..0.002 rows=1 loops=7)
                          Index Cond: (id = mc.company_type_id)
                          Heap Fetches: 7
              ->  Index Scan using movie_id_movie_keyword on movie_keyword mk  (cost=0.43..1.34 rows=47 width=8) (actual time=0.005..0.020 rows=90 loops=7)
                    Index Cond: (movie_id = t.id)
        ->  Index Only Scan using keyword_pkey on keyword k  (cost=0.42..0.44 rows=1 width=4) (actual time=0.002..0.002 rows=1 loops=628)
              Index Cond: (id = mk.keyword_id)
              Heap Fetches: 628
Planning time: 19.256 ms
Execution time: 732.253 ms
