Aggregate  (cost=6796.70..6796.71 rows=1 width=96) (actual time=661.078..661.078 rows=1 loops=1)
  ->  Nested Loop  (cost=10.36..6796.69 rows=1 width=48) (actual time=86.342..660.948 rows=275 loops=1)
        Join Filter: (mi.info_type_id = it.id)
        ->  Nested Loop  (cost=10.36..6794.27 rows=1 width=52) (actual time=86.334..659.990 rows=275 loops=1)
              ->  Nested Loop  (cost=9.93..6792.42 rows=1 width=45) (actual time=1.356..647.682 rows=6518 loops=1)
                    ->  Nested Loop  (cost=9.50..6790.68 rows=1 width=33) (actual time=1.348..635.524 rows=6532 loops=1)
                          Join Filter: (ci.role_id = rt.id)
                          Rows Removed by Join Filter: 30254
                          ->  Nested Loop  (cost=9.50..6789.52 rows=1 width=37) (actual time=0.921..564.910 rows=36786 loops=1)
                                Join Filter: (t.id = mi.movie_id)
                                ->  Nested Loop  (cost=9.07..6633.42 rows=5 width=49) (actual time=0.908..211.061 rows=21111 loops=1)
                                      ->  Nested Loop  (cost=8.64..6629.23 rows=2 width=45) (actual time=0.901..187.890 rows=7316 loops=1)
                                            Join Filter: (t.id = ci.movie_id)
                                            ->  Nested Loop  (cost=8.08..6377.96 rows=6 width=29) (actual time=0.699..73.219 rows=1576 loops=1)
                                                  ->  Nested Loop  (cost=7.66..6352.90 rows=17 width=33) (actual time=0.693..59.212 rows=5566 loops=1)
                                                        Join Filter: (t.id = mc.movie_id)
                                                        ->  Nested Loop  (cost=7.23..6297.68 rows=16 width=25) (actual time=0.688..54.935 rows=495 loops=1)
                                                              ->  Nested Loop  (cost=6.80..6135.76 rows=101 width=4) (actual time=0.648..27.353 rows=9696 loops=1)
                                                                    ->  Seq Scan on keyword k  (cost=0.00..2793.84 rows=3 width=4) (actual time=0.013..15.656 rows=3 loops=1)
                                                                          Filter: (keyword = ANY ('{hero,martial-arts,hand-to-hand-combat}'::text[]))
                                                                          Rows Removed by Filter: 134167
                                                                    ->  Bitmap Heap Scan on movie_keyword mk  (cost=6.80..1110.92 rows=305 width=8) (actual time=0.579..3.579 rows=3232 loops=3)
                                                                          Recheck Cond: (keyword_id = k.id)
                                                                          Heap Blocks: exact=7446
                                                                          ->  Bitmap Index Scan on keyword_id_movie_keyword  (cost=0.00..6.72 rows=305 width=0) (actual time=0.309..0.309 rows=3232 loops=3)
                                                                                Index Cond: (keyword_id = k.id)
                                                              ->  Index Scan using title_pkey on title t  (cost=0.43..1.60 rows=1 width=21) (actual time=0.003..0.003 rows=0 loops=9696)
                                                                    Index Cond: (id = mk.movie_id)
                                                                    Filter: (production_year > 2010)
                                                                    Rows Removed by Filter: 1
                                                        ->  Index Scan using movie_id_movie_companies on movie_companies mc  (cost=0.43..3.39 rows=5 width=8) (actual time=0.004..0.007 rows=11 loops=495)
                                                              Index Cond: (movie_id = mk.movie_id)
                                                  ->  Index Scan using company_name_pkey on company_name cn  (cost=0.42..1.47 rows=1 width=4) (actual time=0.002..0.002 rows=0 loops=5566)
                                                        Index Cond: (id = mc.company_id)
                                                        Filter: ((country_code)::text = '[us]'::text)
                                                        Rows Removed by Filter: 1
                                            ->  Index Scan using movie_id_cast_info on cast_info ci  (cost=0.56..41.86 rows=1 width=16) (actual time=0.047..0.072 rows=5 loops=1576)
                                                  Index Cond: (movie_id = mk.movie_id)
                                                  Filter: (note = ANY ('{(voice),"(voice: Japanese version)","(voice) (uncredited)","(voice: English version)"}'::text[]))
                                                  Rows Removed by Filter: 136
                                      ->  Index Only Scan using person_id_aka_name on aka_name an  (cost=0.42..2.08 rows=2 width=4) (actual time=0.002..0.003 rows=3 loops=7316)
                                            Index Cond: (person_id = ci.person_id)
                                            Heap Fetches: 21111
                                ->  Index Scan using movie_id_movie_info on movie_info mi  (cost=0.43..31.21 rows=1 width=8) (actual time=0.004..0.016 rows=2 loops=21111)
                                      Index Cond: (movie_id = mk.movie_id)
                                      Filter: ((info IS NOT NULL) AND ((info ~~ 'Japan:%201%'::text) OR (info ~~ 'USA:%201%'::text)))
                                      Rows Removed by Filter: 62
                          ->  Seq Scan on role_type rt  (cost=0.00..1.15 rows=1 width=4) (actual time=0.001..0.001 rows=1 loops=36786)
                                Filter: ((role)::text = 'actress'::text)
                                Rows Removed by Filter: 9
                    ->  Index Scan using char_name_pkey on char_name chn  (cost=0.43..1.74 rows=1 width=20) (actual time=0.002..0.002 rows=1 loops=6532)
                          Index Cond: (id = ci.person_role_id)
              ->  Index Scan using name_pkey on name n  (cost=0.43..1.85 rows=1 width=19) (actual time=0.002..0.002 rows=0 loops=6518)
                    Index Cond: (id = ci.person_id)
                    Filter: ((name ~~ '%An%'::text) AND ((gender)::text = 'f'::text))
                    Rows Removed by Filter: 1
        ->  Seq Scan on info_type it  (cost=0.00..2.41 rows=1 width=4) (actual time=0.002..0.002 rows=1 loops=275)
              Filter: ((info)::text = 'release dates'::text)
              Rows Removed by Filter: 15
Planning time: 51.332 ms
Execution time: 661.177 ms
