Aggregate  (cost=7512.03..7512.04 rows=1 width=96) (actual time=752.038..752.038 rows=1 loops=1)
  ->  Nested Loop  (cost=10.36..7512.02 rows=1 width=48) (actual time=86.781..751.905 rows=275 loops=1)
        Join Filter: (mi.info_type_id = it.id)
        ->  Nested Loop  (cost=10.36..7509.59 rows=1 width=52) (actual time=86.769..750.895 rows=275 loops=1)
              ->  Nested Loop  (cost=9.93..7507.75 rows=1 width=45) (actual time=1.913..738.782 rows=6518 loops=1)
                    Join Filter: (rt.id = ci.role_id)
                    Rows Removed by Join Filter: 30060
                    ->  Seq Scan on role_type rt  (cost=0.00..1.15 rows=1 width=4) (actual time=0.005..0.006 rows=1 loops=1)
                          Filter: ((role)::text = 'actress'::text)
                          Rows Removed by Filter: 11
                    ->  Nested Loop  (cost=9.93..7506.57 rows=2 width=49) (actual time=1.842..735.944 rows=36578 loops=1)
                          ->  Nested Loop  (cost=9.51..7504.47 rows=1 width=45) (actual time=1.834..698.744 rows=13608 loops=1)
                                ->  Nested Loop  (cost=9.08..7502.73 rows=1 width=33) (actual time=1.827..668.019 rows=13758 loops=1)
                                      Join Filter: (t.id = ci.movie_id)
                                      ->  Nested Loop  (cost=8.51..7418.98 rows=2 width=37) (actual time=1.004..394.322 rows=3406 loops=1)
                                            Join Filter: (t.id = mi.movie_id)
                                            ->  Nested Loop  (cost=8.08..6981.91 rows=14 width=29) (actual time=0.996..339.651 rows=1576 loops=1)
                                                  Join Filter: (mc.movie_id = t.id)
                                                  ->  Nested Loop  (cost=7.65..6841.35 rows=87 width=8) (actual time=0.692..275.929 rows=33449 loops=1)
                                                        ->  Nested Loop  (cost=7.23..6483.08 rows=243 width=12) (actual time=0.661..89.854 rows=98921 loops=1)
                                                              ->  Nested Loop  (cost=6.80..6135.76 rows=101 width=4) (actual time=0.647..28.563 rows=9696 loops=1)
                                                                    ->  Seq Scan on keyword k  (cost=0.00..2793.84 rows=3 width=4) (actual time=0.011..16.089 rows=3 loops=1)
                                                                          Filter: (keyword = ANY ('{hero,martial-arts,hand-to-hand-combat}'::text[]))
                                                                          Rows Removed by Filter: 134167
                                                                    ->  Bitmap Heap Scan on movie_keyword mk  (cost=6.80..1110.92 rows=305 width=8) (actual time=0.604..3.756 rows=3232 loops=3)
                                                                          Recheck Cond: (keyword_id = k.id)
                                                                          Heap Blocks: exact=7446
                                                                          ->  Bitmap Index Scan on keyword_id_movie_keyword  (cost=0.00..6.72 rows=305 width=0) (actual time=0.323..0.323 rows=3232 loops=3)
                                                                                Index Cond: (keyword_id = k.id)
                                                              ->  Index Scan using movie_id_movie_companies on movie_companies mc  (cost=0.43..3.39 rows=5 width=8) (actual time=0.003..0.005 rows=10 loops=9696)
                                                                    Index Cond: (movie_id = mk.movie_id)
                                                        ->  Index Scan using company_name_pkey on company_name cn  (cost=0.42..1.47 rows=1 width=4) (actual time=0.002..0.002 rows=0 loops=98921)
                                                              Index Cond: (id = mc.company_id)
                                                              Filter: ((country_code)::text = '[us]'::text)
                                                              Rows Removed by Filter: 1
                                                  ->  Index Scan using title_pkey on title t  (cost=0.43..1.60 rows=1 width=21) (actual time=0.002..0.002 rows=0 loops=33449)
                                                        Index Cond: (id = mk.movie_id)
                                                        Filter: (production_year > 2010)
                                                        Rows Removed by Filter: 1
                                            ->  Index Scan using movie_id_movie_info on movie_info mi  (cost=0.43..31.21 rows=1 width=8) (actual time=0.009..0.034 rows=2 loops=1576)
                                                  Index Cond: (movie_id = mk.movie_id)
                                                  Filter: ((info IS NOT NULL) AND ((info ~~ 'Japan:%201%'::text) OR (info ~~ 'USA:%201%'::text)))
                                                  Rows Removed by Filter: 131
                                      ->  Index Scan using movie_id_cast_info on cast_info ci  (cost=0.56..41.86 rows=1 width=16) (actual time=0.051..0.080 rows=4 loops=3406)
                                            Index Cond: (movie_id = mk.movie_id)
                                            Filter: (note = ANY ('{(voice),"(voice: Japanese version)","(voice) (uncredited)","(voice: English version)"}'::text[]))
                                            Rows Removed by Filter: 169
                                ->  Index Scan using char_name_pkey on char_name chn  (cost=0.43..1.74 rows=1 width=20) (actual time=0.002..0.002 rows=1 loops=13758)
                                      Index Cond: (id = ci.person_role_id)
                          ->  Index Only Scan using person_id_aka_name on aka_name an  (cost=0.42..2.08 rows=2 width=4) (actual time=0.002..0.002 rows=3 loops=13608)
                                Index Cond: (person_id = ci.person_id)
                                Heap Fetches: 36578
              ->  Index Scan using name_pkey on name n  (cost=0.43..1.85 rows=1 width=19) (actual time=0.002..0.002 rows=0 loops=6518)
                    Index Cond: (id = ci.person_id)
                    Filter: ((name ~~ '%An%'::text) AND ((gender)::text = 'f'::text))
                    Rows Removed by Filter: 1
        ->  Seq Scan on info_type it  (cost=0.00..2.41 rows=1 width=4) (actual time=0.003..0.003 rows=1 loops=275)
              Filter: ((info)::text = 'release dates'::text)
              Rows Removed by Filter: 15
Planning time: 51.359 ms
Execution time: 752.129 ms
