Aggregate  (cost=6978.09..6978.10 rows=1 width=96) (actual time=29.614..29.614 rows=1 loops=1)
  ->  Nested Loop  (cost=4.00..6978.08 rows=1 width=48) (actual time=7.845..29.589 rows=45 loops=1)
        ->  Nested Loop  (cost=3.58..6974.72 rows=2 width=52) (actual time=7.734..28.115 rows=810 loops=1)
              Join Filter: (t.id = mk.movie_id)
              ->  Nested Loop  (cost=3.15..6971.66 rows=1 width=64) (actual time=7.725..27.832 rows=25 loops=1)
                    Join Filter: (n.id = an.person_id)
                    ->  Nested Loop  (cost=2.72..6969.56 rows=1 width=72) (actual time=7.717..27.802 rows=5 loops=1)
                          ->  Nested Loop  (cost=2.29..6967.82 rows=1 width=60) (actual time=7.708..27.783 rows=5 loops=1)
                                Join Filter: (mi.info_type_id = it.id)
                                ->  Nested Loop  (cost=2.29..6965.39 rows=1 width=64) (actual time=7.702..27.762 rows=5 loops=1)
                                      ->  Nested Loop  (cost=1.86..6963.55 rows=1 width=45) (actual time=7.673..27.655 rows=32 loops=1)
                                            Join Filter: (ci.role_id = rt.id)
                                            Rows Removed by Join Filter: 93
                                            ->  Nested Loop  (cost=1.86..6962.38 rows=1 width=49) (actual time=7.577..27.408 rows=125 loops=1)
                                                  Join Filter: (t.id = ci.movie_id)
                                                  ->  Nested Loop  (cost=1.29..6920.40 rows=1 width=33) (actual time=7.562..26.972 rows=5 loops=1)
                                                        Join Filter: (t.id = mi.movie_id)
                                                        ->  Nested Loop  (cost=0.86..6889.11 rows=1 width=25) (actual time=7.390..26.856 rows=4 loops=1)
                                                              ->  Nested Loop  (cost=0.43..6872.75 rows=10 width=4) (actual time=7.295..26.497 rows=99 loops=1)
                                                                    ->  Seq Scan on company_name cn  (cost=0.00..6519.95 rows=1 width=4) (actual time=7.282..26.386 rows=1 loops=1)
                                                                          Filter: (((country_code)::text = '[us]'::text) AND (name = 'DreamWorks Animation'::text))
                                                                          Rows Removed by Filter: 234996
                                                                    ->  Index Scan using company_id_movie_companies on movie_companies mc  (cost=0.43..351.48 rows=132 width=8) (actual time=0.011..0.098 rows=99 loops=1)
                                                                          Index Cond: (company_id = cn.id)
                                                              ->  Index Scan using title_pkey on title t  (cost=0.43..1.62 rows=1 width=21) (actual time=0.003..0.003 rows=0 loops=99)
                                                                    Index Cond: (id = mc.movie_id)
                                                                    Filter: ((production_year > 2010) AND (title ~~ 'Kung Fu Panda%'::text))
                                                                    Rows Removed by Filter: 1
                                                        ->  Index Scan using movie_id_movie_info on movie_info mi  (cost=0.43..31.28 rows=1 width=8) (actual time=0.011..0.028 rows=1 loops=4)
                                                              Index Cond: (movie_id = mc.movie_id)
                                                              Filter: ((info IS NOT NULL) AND ((info ~~ 'Japan:%201%'::text) OR (info ~~ 'USA:%201%'::text)))
                                                              Rows Removed by Filter: 70
                                                  ->  Index Scan using movie_id_cast_info on cast_info ci  (cost=0.56..41.97 rows=1 width=16) (actual time=0.006..0.083 rows=25 loops=5)
                                                        Index Cond: (movie_id = mc.movie_id)
                                                        Filter: (note = ANY ('{(voice),"(voice: Japanese version)","(voice) (uncredited)","(voice: English version)"}'::text[]))
                                                        Rows Removed by Filter: 83
                                            ->  Seq Scan on role_type rt  (cost=0.00..1.15 rows=1 width=4) (actual time=0.001..0.001 rows=1 loops=125)
                                                  Filter: ((role)::text = 'actress'::text)
                                                  Rows Removed by Filter: 8
                                      ->  Index Scan using name_pkey on name n  (cost=0.43..1.85 rows=1 width=19) (actual time=0.003..0.003 rows=0 loops=32)
                                            Index Cond: (id = ci.person_id)
                                            Filter: ((name ~~ '%An%'::text) AND ((gender)::text = 'f'::text))
                                            Rows Removed by Filter: 1
                                ->  Seq Scan on info_type it  (cost=0.00..2.41 rows=1 width=4) (actual time=0.003..0.003 rows=1 loops=5)
                                      Filter: ((info)::text = 'release dates'::text)
                                      Rows Removed by Filter: 15
                          ->  Index Scan using char_name_pkey on char_name chn  (cost=0.43..1.74 rows=1 width=20) (actual time=0.003..0.003 rows=1 loops=5)
                                Index Cond: (id = ci.person_role_id)
                    ->  Index Only Scan using person_id_aka_name on aka_name an  (cost=0.42..2.08 rows=2 width=4) (actual time=0.003..0.005 rows=5 loops=5)
                          Index Cond: (person_id = ci.person_id)
                          Heap Fetches: 25
              ->  Index Scan using movie_id_movie_keyword on movie_keyword mk  (cost=0.43..2.47 rows=47 width=8) (actual time=0.002..0.006 rows=32 loops=25)
                    Index Cond: (movie_id = mc.movie_id)
        ->  Index Scan using keyword_pkey on keyword k  (cost=0.42..1.47 rows=1 width=4) (actual time=0.002..0.002 rows=0 loops=810)
              Index Cond: (id = mk.keyword_id)
              Filter: (keyword = ANY ('{hero,martial-arts,hand-to-hand-combat,computer-animated-movie}'::text[]))
              Rows Removed by Filter: 1
Planning time: 51.253 ms
Execution time: 29.699 ms
