Aggregate  (cost=6979.71..6979.72 rows=1 width=96) (actual time=28.695..28.695 rows=1 loops=1)
  ->  Nested Loop  (cost=4.00..6979.70 rows=1 width=48) (actual time=7.777..28.670 rows=45 loops=1)
        ->  Nested Loop  (cost=3.58..6976.34 rows=2 width=52) (actual time=7.685..27.200 rows=810 loops=1)
              Join Filter: (t.id = mk.movie_id)
              ->  Nested Loop  (cost=3.14..6973.29 rows=1 width=64) (actual time=7.676..26.912 rows=25 loops=1)
                    Join Filter: (n.id = an.person_id)
                    ->  Nested Loop  (cost=2.72..6971.18 rows=1 width=72) (actual time=7.668..26.884 rows=5 loops=1)
                          Join Filter: (it.id = mi.info_type_id)
                          ->  Seq Scan on info_type it  (cost=0.00..2.41 rows=1 width=4) (actual time=0.008..0.014 rows=1 loops=1)
                                Filter: ((info)::text = 'release dates'::text)
                                Rows Removed by Filter: 112
                          ->  Nested Loop  (cost=2.72..6968.76 rows=1 width=76) (actual time=7.658..26.868 rows=5 loops=1)
                                Join Filter: (t.id = mi.movie_id)
                                ->  Nested Loop  (cost=2.28..6937.46 rows=1 width=68) (actual time=7.637..26.768 rows=3 loops=1)
                                      ->  Nested Loop  (cost=1.85..6935.61 rows=1 width=49) (actual time=7.598..26.704 rows=15 loops=1)
                                            Join Filter: (rt.id = ci.role_id)
                                            Rows Removed by Join Filter: 39
                                            ->  Seq Scan on role_type rt  (cost=0.00..1.15 rows=1 width=4) (actual time=0.002..0.004 rows=1 loops=1)
                                                  Filter: ((role)::text = 'actress'::text)
                                                  Rows Removed by Filter: 11
                                            ->  Nested Loop  (cost=1.85..6934.45 rows=1 width=53) (actual time=7.426..26.695 rows=54 loops=1)
                                                  ->  Nested Loop  (cost=1.42..6932.71 rows=1 width=41) (actual time=7.418..26.451 rows=57 loops=1)
                                                        Join Filter: (t.id = ci.movie_id)
                                                        ->  Nested Loop  (cost=0.86..6890.74 rows=1 width=25) (actual time=7.241..26.158 rows=4 loops=1)
                                                              ->  Nested Loop  (cost=0.43..6872.75 rows=11 width=4) (actual time=7.157..25.804 rows=99 loops=1)
                                                                    ->  Seq Scan on company_name cn  (cost=0.00..6519.95 rows=1 width=4) (actual time=7.142..25.702 rows=1 loops=1)
                                                                          Filter: (((country_code)::text = '[us]'::text) AND (name = 'DreamWorks Animation'::text))
                                                                          Rows Removed by Filter: 234996
                                                                    ->  Index Scan using company_id_movie_companies on movie_companies mc  (cost=0.43..351.48 rows=132 width=8) (actual time=0.012..0.089 rows=99 loops=1)
                                                                          Index Cond: (company_id = cn.id)
                                                              ->  Index Scan using title_pkey on title t  (cost=0.43..1.62 rows=1 width=21) (actual time=0.003..0.003 rows=0 loops=99)
                                                                    Index Cond: (id = mc.movie_id)
                                                                    Filter: ((production_year > 2010) AND (title ~~ 'Kung Fu Panda%'::text))
                                                                    Rows Removed by Filter: 1
                                                        ->  Index Scan using movie_id_cast_info on cast_info ci  (cost=0.56..41.97 rows=1 width=16) (actual time=0.012..0.070 rows=14 loops=4)
                                                              Index Cond: (movie_id = mc.movie_id)
                                                              Filter: (note = ANY ('{(voice),"(voice: Japanese version)","(voice) (uncredited)","(voice: English version)"}'::text[]))
                                                              Rows Removed by Filter: 45
                                                  ->  Index Scan using char_name_pkey on char_name chn  (cost=0.43..1.74 rows=1 width=20) (actual time=0.004..0.004 rows=1 loops=57)
                                                        Index Cond: (id = ci.person_role_id)
                                      ->  Index Scan using name_pkey on name n  (cost=0.43..1.85 rows=1 width=19) (actual time=0.004..0.004 rows=0 loops=15)
                                            Index Cond: (id = ci.person_id)
                                            Filter: ((name ~~ '%An%'::text) AND ((gender)::text = 'f'::text))
                                            Rows Removed by Filter: 1
                                ->  Index Scan using movie_id_movie_info on movie_info mi  (cost=0.43..31.28 rows=1 width=8) (actual time=0.008..0.032 rows=2 loops=3)
                                      Index Cond: (movie_id = mc.movie_id)
                                      Filter: ((info IS NOT NULL) AND ((info ~~ 'Japan:%201%'::text) OR (info ~~ 'USA:%201%'::text)))
                                      Rows Removed by Filter: 88
                    ->  Index Only Scan using person_id_aka_name on aka_name an  (cost=0.42..2.08 rows=2 width=4) (actual time=0.003..0.004 rows=5 loops=5)
                          Index Cond: (person_id = ci.person_id)
                          Heap Fetches: 25
              ->  Index Scan using movie_id_movie_keyword on movie_keyword mk  (cost=0.43..2.47 rows=47 width=8) (actual time=0.002..0.006 rows=32 loops=25)
                    Index Cond: (movie_id = mc.movie_id)
        ->  Index Scan using keyword_pkey on keyword k  (cost=0.42..1.47 rows=1 width=4) (actual time=0.002..0.002 rows=0 loops=810)
              Index Cond: (id = mk.keyword_id)
              Filter: (keyword = ANY ('{hero,martial-arts,hand-to-hand-combat,computer-animated-movie}'::text[]))
              Rows Removed by Filter: 1
Planning time: 50.994 ms
Execution time: 28.778 ms
