Aggregate  (cost=6976.45..6976.46 rows=1 width=96) (actual time=28.739..28.739 rows=1 loops=1)
  ->  Nested Loop  (cost=4.00..6976.44 rows=1 width=48) (actual time=7.784..28.713 rows=45 loops=1)
        ->  Nested Loop  (cost=3.57..6974.59 rows=1 width=41) (actual time=7.777..28.481 rows=109 loops=1)
              ->  Nested Loop  (cost=3.14..6972.85 rows=1 width=29) (actual time=7.770..28.253 rows=110 loops=1)
                    Join Filter: (rt.id = ci.role_id)
                    Rows Removed by Join Filter: 533
                    ->  Seq Scan on role_type rt  (cost=0.00..1.15 rows=1 width=4) (actual time=0.005..0.006 rows=1 loops=1)
                          Filter: ((role)::text = 'actress'::text)
                          Rows Removed by Filter: 11
                    ->  Nested Loop  (cost=3.14..6971.68 rows=2 width=33) (actual time=7.586..28.195 rows=643 loops=1)
                          ->  Nested Loop  (cost=2.71..6969.58 rows=1 width=29) (actual time=7.574..27.452 rows=244 loops=1)
                                Join Filter: (t.id = ci.movie_id)
                                ->  Nested Loop  (cost=2.15..6927.70 rows=1 width=33) (actual time=7.562..26.759 rows=9 loops=1)
                                      Join Filter: (it.id = mi.info_type_id)
                                      ->  Seq Scan on info_type it  (cost=0.00..2.41 rows=1 width=4) (actual time=0.004..0.011 rows=1 loops=1)
                                            Filter: ((info)::text = 'release dates'::text)
                                            Rows Removed by Filter: 112
                                      ->  Nested Loop  (cost=2.15..6925.28 rows=1 width=37) (actual time=7.557..26.746 rows=9 loops=1)
                                            Join Filter: (t.id = mi.movie_id)
                                            ->  Nested Loop  (cost=1.71..6894.06 rows=1 width=29) (actual time=7.292..26.564 rows=6 loops=1)
                                                  ->  Nested Loop  (cost=1.29..6892.17 rows=1 width=33) (actual time=7.266..26.321 rows=83 loops=1)
                                                        Join Filter: (t.id = mk.movie_id)
                                                        ->  Nested Loop  (cost=0.86..6889.11 rows=1 width=25) (actual time=7.259..26.271 rows=4 loops=1)
                                                              ->  Nested Loop  (cost=0.43..6872.75 rows=10 width=4) (actual time=7.179..25.917 rows=99 loops=1)
                                                                    ->  Seq Scan on company_name cn  (cost=0.00..6519.95 rows=1 width=4) (actual time=7.166..25.817 rows=1 loops=1)
                                                                          Filter: (((country_code)::text = '[us]'::text) AND (name = 'DreamWorks Animation'::text))
                                                                          Rows Removed by Filter: 234996
                                                                    ->  Index Scan using company_id_movie_companies on movie_companies mc  (cost=0.43..351.48 rows=132 width=8) (actual time=0.012..0.086 rows=99 loops=1)
                                                                          Index Cond: (company_id = cn.id)
                                                              ->  Index Scan using title_pkey on title t  (cost=0.43..1.62 rows=1 width=21) (actual time=0.003..0.003 rows=0 loops=99)
                                                                    Index Cond: (id = mc.movie_id)
                                                                    Filter: ((production_year > 2010) AND (title ~~ 'Kung Fu Panda%'::text))
                                                                    Rows Removed by Filter: 1
                                                        ->  Index Scan using movie_id_movie_keyword on movie_keyword mk  (cost=0.43..2.47 rows=47 width=8) (actual time=0.005..0.009 rows=21 loops=4)
                                                              Index Cond: (movie_id = mc.movie_id)
                                                  ->  Index Scan using keyword_pkey on keyword k  (cost=0.42..1.47 rows=1 width=4) (actual time=0.003..0.003 rows=0 loops=83)
                                                        Index Cond: (id = mk.keyword_id)
                                                        Filter: (keyword = ANY ('{hero,martial-arts,hand-to-hand-combat,computer-animated-movie}'::text[]))
                                                        Rows Removed by Filter: 1
                                            ->  Index Scan using movie_id_movie_info on movie_info mi  (cost=0.43..31.21 rows=1 width=8) (actual time=0.009..0.030 rows=2 loops=6)
                                                  Index Cond: (movie_id = mk.movie_id)
                                                  Filter: ((info IS NOT NULL) AND ((info ~~ 'Japan:%201%'::text) OR (info ~~ 'USA:%201%'::text)))
                                                  Rows Removed by Filter: 89
                                ->  Index Scan using movie_id_cast_info on cast_info ci  (cost=0.56..41.86 rows=1 width=16) (actual time=0.005..0.073 rows=27 loops=9)
                                      Index Cond: (movie_id = mk.movie_id)
                                      Filter: (note = ANY ('{(voice),"(voice: Japanese version)","(voice) (uncredited)","(voice: English version)"}'::text[]))
                                      Rows Removed by Filter: 91
                          ->  Index Only Scan using person_id_aka_name on aka_name an  (cost=0.42..2.08 rows=2 width=4) (actual time=0.002..0.003 rows=3 loops=244)
                                Index Cond: (person_id = ci.person_id)
                                Heap Fetches: 643
              ->  Index Scan using char_name_pkey on char_name chn  (cost=0.43..1.74 rows=1 width=20) (actual time=0.002..0.002 rows=1 loops=110)
                    Index Cond: (id = ci.person_role_id)
        ->  Index Scan using name_pkey on name n  (cost=0.43..1.85 rows=1 width=19) (actual time=0.002..0.002 rows=0 loops=109)
              Index Cond: (id = ci.person_id)
              Filter: ((name ~~ '%An%'::text) AND ((gender)::text = 'f'::text))
              Rows Removed by Filter: 1
Planning time: 51.064 ms
Execution time: 28.812 ms
