Aggregate  (cost=6976.43..6976.44 rows=1 width=96) (actual time=50.680..50.680 rows=1 loops=1)
  ->  Nested Loop  (cost=4.00..6976.43 rows=1 width=48) (actual time=17.909..50.653 rows=45 loops=1)
        Join Filter: (it.id = mi.info_type_id)
        ->  Seq Scan on info_type it  (cost=0.00..2.41 rows=1 width=4) (actual time=0.007..0.014 rows=1 loops=1)
              Filter: ((info)::text = 'release dates'::text)
              Rows Removed by Filter: 112
        ->  Nested Loop  (cost=4.00..6974.00 rows=1 width=52) (actual time=17.900..50.631 rows=45 loops=1)
              Join Filter: (t.id = mi.movie_id)
              ->  Nested Loop  (cost=3.56..6942.78 rows=1 width=64) (actual time=17.882..49.948 rows=25 loops=1)
                    ->  Nested Loop  (cost=3.14..6940.89 rows=1 width=68) (actual time=7.923..49.169 rows=370 loops=1)
                          ->  Nested Loop  (cost=2.71..6939.04 rows=1 width=61) (actual time=7.916..47.514 rows=842 loops=1)
                                ->  Nested Loop  (cost=2.28..6937.31 rows=1 width=49) (actual time=7.910..45.888 rows=857 loops=1)
                                      Join Filter: (ci.role_id = rt.id)
                                      Rows Removed by Join Filter: 3998
                                      ->  Nested Loop  (cost=2.28..6936.14 rows=1 width=53) (actual time=7.561..36.058 rows=4855 loops=1)
                                            ->  Nested Loop  (cost=1.86..6934.04 rows=1 width=49) (actual time=7.550..31.100 rows=1841 loops=1)
                                                  Join Filter: (t.id = ci.movie_id)
                                                  ->  Nested Loop  (cost=1.29..6892.17 rows=1 width=33) (actual time=7.308..26.728 rows=83 loops=1)
                                                        Join Filter: (t.id = mk.movie_id)
                                                        ->  Nested Loop  (cost=0.86..6889.11 rows=1 width=25) (actual time=7.301..26.673 rows=4 loops=1)
                                                              ->  Nested Loop  (cost=0.43..6872.75 rows=10 width=4) (actual time=7.224..26.314 rows=99 loops=1)
                                                                    ->  Seq Scan on company_name cn  (cost=0.00..6519.95 rows=1 width=4) (actual time=7.210..26.215 rows=1 loops=1)
                                                                          Filter: (((country_code)::text = '[us]'::text) AND (name = 'DreamWorks Animation'::text))
                                                                          Rows Removed by Filter: 234996
                                                                    ->  Index Scan using company_id_movie_companies on movie_companies mc  (cost=0.43..351.48 rows=132 width=8) (actual time=0.012..0.085 rows=99 loops=1)
                                                                          Index Cond: (company_id = cn.id)
                                                              ->  Index Scan using title_pkey on title t  (cost=0.43..1.62 rows=1 width=21) (actual time=0.003..0.003 rows=0 loops=99)
                                                                    Index Cond: (id = mc.movie_id)
                                                                    Filter: ((production_year > 2010) AND (title ~~ 'Kung Fu Panda%'::text))
                                                                    Rows Removed by Filter: 1
                                                        ->  Index Scan using movie_id_movie_keyword on movie_keyword mk  (cost=0.43..2.47 rows=47 width=8) (actual time=0.004..0.009 rows=21 loops=4)
                                                              Index Cond: (movie_id = mc.movie_id)
                                                  ->  Index Scan using movie_id_cast_info on cast_info ci  (cost=0.56..41.86 rows=1 width=16) (actual time=0.005..0.049 rows=22 loops=83)
                                                        Index Cond: (movie_id = mk.movie_id)
                                                        Filter: (note = ANY ('{(voice),"(voice: Japanese version)","(voice) (uncredited)","(voice: English version)"}'::text[]))
                                                        Rows Removed by Filter: 75
                                            ->  Index Only Scan using person_id_aka_name on aka_name an  (cost=0.42..2.08 rows=2 width=4) (actual time=0.002..0.002 rows=3 loops=1841)
                                                  Index Cond: (person_id = ci.person_id)
                                                  Heap Fetches: 4855
                                      ->  Seq Scan on role_type rt  (cost=0.00..1.15 rows=1 width=4) (actual time=0.001..0.001 rows=1 loops=4855)
                                            Filter: ((role)::text = 'actress'::text)
                                            Rows Removed by Filter: 9
                                ->  Index Scan using char_name_pkey on char_name chn  (cost=0.43..1.74 rows=1 width=20) (actual time=0.002..0.002 rows=1 loops=857)
                                      Index Cond: (id = ci.person_role_id)
                          ->  Index Scan using name_pkey on name n  (cost=0.43..1.85 rows=1 width=19) (actual time=0.002..0.002 rows=0 loops=842)
                                Index Cond: (id = ci.person_id)
                                Filter: ((name ~~ '%An%'::text) AND ((gender)::text = 'f'::text))
                                Rows Removed by Filter: 1
                    ->  Index Scan using keyword_pkey on keyword k  (cost=0.42..1.47 rows=1 width=4) (actual time=0.002..0.002 rows=0 loops=370)
                          Index Cond: (id = mk.keyword_id)
                          Filter: (keyword = ANY ('{hero,martial-arts,hand-to-hand-combat,computer-animated-movie}'::text[]))
                          Rows Removed by Filter: 1
              ->  Index Scan using movie_id_movie_info on movie_info mi  (cost=0.43..31.21 rows=1 width=8) (actual time=0.005..0.027 rows=2 loops=25)
                    Index Cond: (movie_id = mk.movie_id)
                    Filter: ((info IS NOT NULL) AND ((info ~~ 'Japan:%201%'::text) OR (info ~~ 'USA:%201%'::text)))
                    Rows Removed by Filter: 104
Planning time: 51.221 ms
Execution time: 50.761 ms
