Aggregate  (cost=6981.31..6981.32 rows=1 width=96) (actual time=28.694..28.694 rows=1 loops=1)
  ->  Nested Loop  (cost=4.00..6981.30 rows=1 width=48) (actual time=7.712..28.667 rows=45 loops=1)
        ->  Nested Loop  (cost=3.57..6979.45 rows=1 width=41) (actual time=7.703..28.436 rows=109 loops=1)
              ->  Nested Loop  (cost=3.14..6975.96 rows=2 width=29) (actual time=7.697..28.207 rows=110 loops=1)
                    ->  Nested Loop  (cost=2.71..6973.86 rows=1 width=25) (actual time=7.677..28.023 rows=62 loops=1)
                          Join Filter: (rt.id = ci.role_id)
                          Rows Removed by Join Filter: 182
                          ->  Seq Scan on role_type rt  (cost=0.00..1.15 rows=1 width=4) (actual time=0.006..0.007 rows=1 loops=1)
                                Filter: ((role)::text = 'actress'::text)
                                Rows Removed by Filter: 11
                          ->  Nested Loop  (cost=2.71..6972.70 rows=1 width=29) (actual time=7.636..27.994 rows=244 loops=1)
                                Join Filter: (t.id = ci.movie_id)
                                ->  Nested Loop  (cost=2.15..6930.82 rows=1 width=33) (actual time=7.621..27.295 rows=9 loops=1)
                                      ->  Nested Loop  (cost=1.73..6927.46 rows=2 width=37) (actual time=7.528..26.882 rows=162 loops=1)
                                            Join Filter: (t.id = mk.movie_id)
                                            ->  Nested Loop  (cost=1.29..6924.40 rows=1 width=29) (actual time=7.495..26.786 rows=5 loops=1)
                                                  Join Filter: (it.id = mi.info_type_id)
                                                  ->  Seq Scan on info_type it  (cost=0.00..2.41 rows=1 width=4) (actual time=0.005..0.012 rows=1 loops=1)
                                                        Filter: ((info)::text = 'release dates'::text)
                                                        Rows Removed by Filter: 112
                                                  ->  Nested Loop  (cost=1.29..6921.98 rows=1 width=33) (actual time=7.489..26.773 rows=5 loops=1)
                                                        Join Filter: (t.id = mi.movie_id)
                                                        ->  Nested Loop  (cost=0.86..6890.69 rows=1 width=25) (actual time=7.317..26.648 rows=4 loops=1)
                                                              ->  Nested Loop  (cost=0.43..6872.75 rows=11 width=4) (actual time=7.233..26.280 rows=99 loops=1)
                                                                    ->  Seq Scan on company_name cn  (cost=0.00..6519.95 rows=1 width=4) (actual time=7.220..26.177 rows=1 loops=1)
                                                                          Filter: (((country_code)::text = '[us]'::text) AND (name = 'DreamWorks Animation'::text))
                                                                          Rows Removed by Filter: 234996
                                                                    ->  Index Scan using company_id_movie_companies on movie_companies mc  (cost=0.43..351.48 rows=132 width=8) (actual time=0.011..0.089 rows=99 loops=1)
                                                                          Index Cond: (company_id = cn.id)
                                                              ->  Index Scan using title_pkey on title t  (cost=0.43..1.62 rows=1 width=21) (actual time=0.004..0.004 rows=0 loops=99)
                                                                    Index Cond: (id = mc.movie_id)
                                                                    Filter: ((production_year > 2010) AND (title ~~ 'Kung Fu Panda%'::text))
                                                                    Rows Removed by Filter: 1
                                                        ->  Index Scan using movie_id_movie_info on movie_info mi  (cost=0.43..31.28 rows=1 width=8) (actual time=0.011..0.030 rows=1 loops=4)
                                                              Index Cond: (movie_id = mc.movie_id)
                                                              Filter: ((info IS NOT NULL) AND ((info ~~ 'Japan:%201%'::text) OR (info ~~ 'USA:%201%'::text)))
                                                              Rows Removed by Filter: 70
                                            ->  Index Scan using movie_id_movie_keyword on movie_keyword mk  (cost=0.43..2.47 rows=47 width=8) (actual time=0.008..0.013 rows=32 loops=5)
                                                  Index Cond: (movie_id = mc.movie_id)
                                      ->  Index Scan using keyword_pkey on keyword k  (cost=0.42..1.47 rows=1 width=4) (actual time=0.002..0.002 rows=0 loops=162)
                                            Index Cond: (id = mk.keyword_id)
                                            Filter: (keyword = ANY ('{hero,martial-arts,hand-to-hand-combat,computer-animated-movie}'::text[]))
                                            Rows Removed by Filter: 1
                                ->  Index Scan using movie_id_cast_info on cast_info ci  (cost=0.56..41.86 rows=1 width=16) (actual time=0.006..0.073 rows=27 loops=9)
                                      Index Cond: (movie_id = mk.movie_id)
                                      Filter: (note = ANY ('{(voice),"(voice: Japanese version)","(voice) (uncredited)","(voice: English version)"}'::text[]))
                                      Rows Removed by Filter: 91
                    ->  Index Only Scan using person_id_aka_name on aka_name an  (cost=0.42..2.08 rows=2 width=4) (actual time=0.002..0.003 rows=2 loops=62)
                          Index Cond: (person_id = ci.person_id)
                          Heap Fetches: 110
              ->  Index Scan using char_name_pkey on char_name chn  (cost=0.43..1.74 rows=1 width=20) (actual time=0.002..0.002 rows=1 loops=110)
                    Index Cond: (id = ci.person_role_id)
        ->  Index Scan using name_pkey on name n  (cost=0.43..1.85 rows=1 width=19) (actual time=0.002..0.002 rows=0 loops=109)
              Index Cond: (id = ci.person_id)
              Filter: ((name ~~ '%An%'::text) AND ((gender)::text = 'f'::text))
              Rows Removed by Filter: 1
Planning time: 50.833 ms
Execution time: 28.777 ms
