Aggregate  (cost=13776.51..13776.52 rows=1 width=128) (actual time=5302.888..5302.888 rows=1 loops=1)
  ->  Nested Loop  (cost=9.08..13776.50 rows=1 width=79) (actual time=3.089..5288.504 rows=26153 loops=1)
        Join Filter: (mi.movie_id = t.id)
        ->  Nested Loop  (cost=8.65..13775.65 rows=1 width=78) (actual time=3.082..5219.842 rows=26153 loops=1)
              ->  Nested Loop  (cost=8.22..13774.58 rows=1 width=67) (actual time=3.077..5077.996 rows=42900 loops=1)
                    Join Filter: (mi.movie_id = ci.movie_id)
                    ->  Nested Loop  (cost=7.66..13744.17 rows=1 width=59) (actual time=2.978..2027.578 rows=63386 loops=1)
                          Join Filter: (mi.info_type_id = it1.id)
                          Rows Removed by Join Filter: 4346
                          ->  Seq Scan on info_type it1  (cost=0.00..2.41 rows=1 width=4) (actual time=0.006..0.014 rows=1 loops=1)
                                Filter: ((info)::text = 'genres'::text)
                                Rows Removed by Filter: 112
                          ->  Nested Loop  (cost=7.66..13741.26 rows=40 width=63) (actual time=2.971..2016.796 rows=67732 loops=1)
                                Join Filter: (mi_idx.movie_id = mi.movie_id)
                                ->  Nested Loop  (cost=7.22..11291.03 rows=142 width=13) (actual time=2.954..375.449 rows=63701 loops=1)
                                      Join Filter: (mi_idx.info_type_id = it2.id)
                                      Rows Removed by Join Filter: 127988
                                      ->  Seq Scan on info_type it2  (cost=0.00..2.41 rows=1 width=4) (actual time=0.008..0.017 rows=1 loops=1)
                                            Filter: ((info)::text = 'votes'::text)
                                            Rows Removed by Filter: 112
                                      ->  Nested Loop  (cost=7.22..11279.77 rows=708 width=17) (actual time=2.945..356.071 rows=191689 loops=1)
                                            ->  Nested Loop  (cost=6.80..11090.79 rows=236 width=4) (actual time=2.937..120.903 rows=76714 loops=1)
                                                  ->  Seq Scan on keyword k  (cost=0.00..3464.69 rows=7 width=4) (actual time=0.658..23.000 rows=7 loops=1)
                                                        Filter: (keyword = ANY ('{murder,violence,blood,gore,death,female-nudity,hospital}'::text[]))
                                                        Rows Removed by Filter: 134163
                                                  ->  Bitmap Heap Scan on movie_keyword mk  (cost=6.80..1086.39 rows=305 width=8) (actual time=2.015..12.541 rows=10959 loops=7)
                                                        Recheck Cond: (keyword_id = k.id)
                                                        Heap Blocks: exact=53234
                                                        ->  Bitmap Index Scan on keyword_id_movie_keyword  (cost=0.00..6.72 rows=305 width=0) (actual time=1.048..1.048 rows=10959 loops=7)
                                                              Index Cond: (keyword_id = k.id)
                                            ->  Index Scan using movie_id_movie_info_idx on movie_info_idx mi_idx  (cost=0.43..0.77 rows=3 width=13) (actual time=0.002..0.003 rows=2 loops=76714)
                                                  Index Cond: (movie_id = mk.movie_id)
                                ->  Index Scan using movie_id_movie_info on movie_info mi  (cost=0.43..17.24 rows=1 width=50) (actual time=0.024..0.025 rows=1 loops=63701)
                                      Index Cond: (movie_id = mk.movie_id)
                                      Filter: (info = ANY ('{Horror,Action,Sci-Fi,Thriller,Crime,War}'::text[]))
                                      Rows Removed by Filter: 58
                    ->  Index Scan using movie_id_cast_info on cast_info ci  (cost=0.56..30.39 rows=1 width=8) (actual time=0.038..0.048 rows=1 loops=63386)
                          Index Cond: (movie_id = mk.movie_id)
                          Filter: (note = ANY ('{(writer),"(head writer)","(written by)",(story),"(story editor)"}'::text[]))
                          Rows Removed by Filter: 63
              ->  Index Scan using name_pkey on name n  (cost=0.43..1.07 rows=1 width=19) (actual time=0.003..0.003 rows=1 loops=42900)
                    Index Cond: (id = ci.person_id)
                    Filter: ((gender)::text = 'm'::text)
                    Rows Removed by Filter: 0
        ->  Index Scan using title_pkey on title t  (cost=0.43..0.84 rows=1 width=21) (actual time=0.002..0.002 rows=1 loops=26153)
              Index Cond: (id = mk.movie_id)
Planning time: 7.246 ms
Execution time: 5302.967 ms
