Aggregate  (cost=11158.91..11158.92 rows=1 width=128) (actual time=24500.635..24500.635 rows=1 loops=1)
  ->  Nested Loop  (cost=5.26..11158.90 rows=1 width=53) (actual time=140.777..24499.361 rows=1728 loops=1)
        ->  Nested Loop  (cost=4.83..11158.44 rows=1 width=41) (actual time=0.743..24413.450 rows=58947 loops=1)
              ->  Nested Loop  (cost=4.41..11134.97 rows=52 width=45) (actual time=0.329..3798.585 rows=12681608 loops=1)
                    ->  Nested Loop  (cost=3.98..11081.86 rows=29 width=57) (actual time=0.285..690.048 rows=77466 loops=1)
                          ->  Nested Loop  (cost=3.55..11068.66 rows=29 width=46) (actual time=0.278..379.684 rows=77466 loops=1)
                                ->  Nested Loop  (cost=2.98..11063.35 rows=2 width=34) (actual time=0.268..281.582 rows=647 loops=1)
                                      Join Filter: (kt.id = t.kind_id)
                                      Rows Removed by Join Filter: 5355
                                      ->  Seq Scan on kind_type kt  (cost=0.00..1.09 rows=1 width=4) (actual time=0.006..0.008 rows=1 loops=1)
                                            Filter: ((kind)::text = 'movie'::text)
                                            Rows Removed by Filter: 6
                                      ->  Nested Loop  (cost=2.98..11062.05 rows=17 width=38) (actual time=0.199..281.028 rows=6002 loops=1)
                                            Join Filter: (cc.movie_id = t.id)
                                            ->  Nested Loop  (cost=2.55..11018.86 rows=31 width=13) (actual time=0.145..231.060 rows=17898 loops=1)
                                                  Join Filter: (it2.id = mi_idx.info_type_id)
                                                  Rows Removed by Join Filter: 8859
                                                  ->  Seq Scan on info_type it2  (cost=0.00..2.41 rows=1 width=4) (actual time=0.011..0.014 rows=1 loops=1)
                                                        Filter: ((info)::text = 'rating'::text)
                                                        Rows Removed by Filter: 112
                                                  ->  Nested Loop  (cost=2.55..10972.10 rows=3548 width=17) (actual time=0.054..227.926 rows=26757 loops=1)
                                                        ->  Hash Join  (cost=2.12..3841.16 rows=8443 width=4) (actual time=0.024..49.717 rows=85941 loops=1)
                                                              Hash Cond: (cc.status_id = cct2.id)
                                                              ->  Hash Join  (cost=1.06..3488.66 rows=33772 width=8) (actual time=0.013..35.686 rows=85941 loops=1)
                                                                    Hash Cond: (cc.subject_id = cct1.id)
                                                                    ->  Seq Scan on complete_cast cc  (cost=0.00..2081.86 rows=135086 width=12) (actual time=0.007..12.115 rows=135086 loops=1)
                                                                    ->  Hash  (cost=1.05..1.05 rows=1 width=4) (actual time=0.003..0.003 rows=1 loops=1)
                                                                          Buckets: 1024  Batches: 1  Memory Usage: 9kB
                                                                          ->  Seq Scan on comp_cast_type cct1  (cost=0.00..1.05 rows=1 width=4) (actual time=0.001..0.002 rows=1 loops=1)
                                                                                Filter: ((kind)::text = 'cast'::text)
                                                                                Rows Removed by Filter: 3
                                                              ->  Hash  (cost=1.05..1.05 rows=1 width=4) (actual time=0.006..0.006 rows=2 loops=1)
                                                                    Buckets: 1024  Batches: 1  Memory Usage: 9kB
                                                                    ->  Seq Scan on comp_cast_type cct2  (cost=0.00..1.05 rows=1 width=4) (actual time=0.003..0.004 rows=2 loops=1)
                                                                          Filter: ((kind)::text ~~ '%complete%'::text)
                                                                          Rows Removed by Filter: 2
                                                        ->  Index Scan using movie_id_movie_info_idx on movie_info_idx mi_idx  (cost=0.43..0.83 rows=1 width=13) (actual time=0.002..0.002 rows=0 loops=85941)
                                                              Index Cond: (movie_id = cc.movie_id)
                                                              Filter: (info > '7.0'::text)
                                                              Rows Removed by Filter: 2
                                            ->  Index Scan using title_pkey on title t  (cost=0.43..1.38 rows=1 width=25) (actual time=0.003..0.003 rows=0 loops=17898)
                                                  Index Cond: (id = mi_idx.movie_id)
                                                  Filter: (production_year > 2000)
                                                  Rows Removed by Filter: 1
                                ->  Index Scan using movie_id_cast_info on cast_info ci  (cost=0.56..2.26 rows=39 width=12) (actual time=0.007..0.133 rows=120 loops=647)
                                      Index Cond: (movie_id = t.id)
                          ->  Index Scan using name_pkey on name n  (cost=0.43..0.46 rows=1 width=19) (actual time=0.004..0.004 rows=1 loops=77466)
                                Index Cond: (id = ci.person_id)
                    ->  Index Scan using movie_id_movie_keyword on movie_keyword mk  (cost=0.43..1.36 rows=47 width=8) (actual time=0.003..0.022 rows=164 loops=77466)
                          Index Cond: (movie_id = t.id)
              ->  Index Scan using keyword_pkey on keyword k  (cost=0.42..0.45 rows=1 width=4) (actual time=0.001..0.001 rows=0 loops=12681608)
                    Index Cond: (id = mk.keyword_id)
                    Filter: (keyword = ANY ('{superhero,marvel-comics,based-on-comic,tv-special,fight,violence,magnet,web,claw,laser}'::text[]))
                    Rows Removed by Filter: 1
        ->  Index Scan using char_name_pkey on char_name chn  (cost=0.43..0.46 rows=1 width=20) (actual time=0.001..0.001 rows=0 loops=58947)
              Index Cond: (id = ci.person_role_id)
              Filter: ((name IS NOT NULL) AND ((name ~~ '%man%'::text) OR (name ~~ '%Man%'::text)))
              Rows Removed by Filter: 0
Planning time: 46.576 ms
Execution time: 24500.729 ms
