Aggregate  (cost=14888.18..14888.19 rows=1 width=128) (actual time=282.002..282.002 rows=1 loops=1)
  ->  Nested Loop  (cost=9.50..14888.17 rows=1 width=53) (actual time=3.122..281.151 rows=1728 loops=1)
        ->  Nested Loop  (cost=9.07..14887.71 rows=1 width=42) (actual time=3.115..274.268 rows=1728 loops=1)
              ->  Nested Loop  (cost=8.64..14881.30 rows=14 width=30) (actual time=2.917..196.517 rows=58947 loops=1)
                    Join Filter: (t.id = ci.movie_id)
                    ->  Nested Loop  (cost=8.07..14879.26 rows=1 width=38) (actual time=2.906..137.862 rows=326 loops=1)
                          Join Filter: (kt.id = t.kind_id)
                          Rows Removed by Join Filter: 119
                          ->  Seq Scan on kind_type kt  (cost=0.00..1.09 rows=1 width=4) (actual time=0.005..0.008 rows=1 loops=1)
                                Filter: ((kind)::text = 'movie'::text)
                                Rows Removed by Filter: 6
                          ->  Nested Loop  (cost=8.07..14878.16 rows=1 width=42) (actual time=2.900..137.785 rows=445 loops=1)
                                ->  Nested Loop  (cost=7.64..14877.67 rows=1 width=17) (actual time=0.683..132.393 rows=1423 loops=1)
                                      Join Filter: (cct2.id = cc.status_id)
                                      Rows Removed by Join Filter: 1423
                                      ->  Seq Scan on comp_cast_type cct2  (cost=0.00..1.05 rows=2 width=4) (actual time=0.003..0.006 rows=2 loops=1)
                                            Filter: ((kind)::text ~~ '%complete%'::text)
                                            Rows Removed by Filter: 2
                                      ->  Materialize  (cost=7.64..14876.56 rows=2 width=21) (actual time=0.335..66.003 rows=1423 loops=2)
                                            ->  Nested Loop  (cost=7.64..14876.55 rows=2 width=21) (actual time=0.668..131.611 rows=1423 loops=1)
                                                  Join Filter: (cct1.id = cc.subject_id)
                                                  Rows Removed by Join Filter: 820
                                                  ->  Seq Scan on comp_cast_type cct1  (cost=0.00..1.05 rows=1 width=4) (actual time=0.001..0.003 rows=1 loops=1)
                                                        Filter: ((kind)::text = 'cast'::text)
                                                        Rows Removed by Filter: 3
                                                  ->  Nested Loop  (cost=7.64..14875.40 rows=8 width=25) (actual time=0.666..131.342 rows=2243 loops=1)
                                                        ->  Nested Loop  (cost=7.22..14862.08 rows=28 width=13) (actual time=0.518..122.542 rows=3908 loops=1)
                                                              Join Filter: (it2.id = mi_idx.info_type_id)
                                                              Rows Removed by Join Filter: 2673
                                                              ->  Seq Scan on info_type it2  (cost=0.00..2.41 rows=1 width=4) (actual time=0.010..0.012 rows=1 loops=1)
                                                                    Filter: ((info)::text = 'rating'::text)
                                                                    Rows Removed by Filter: 112
                                                              ->  Nested Loop  (cost=7.22..14857.93 rows=139 width=17) (actual time=0.507..121.820 rows=6581 loops=1)
                                                                    ->  Nested Loop  (cost=6.80..14686.77 rows=337 width=4) (actual time=0.476..55.855 rows=24091 loops=1)
                                                                          ->  Seq Scan on keyword k  (cost=0.00..3967.82 rows=10 width=4) (actual time=0.107..29.448 rows=10 loops=1)
                                                                                Filter: (keyword = ANY ('{superhero,marvel-comics,based-on-comic,tv-special,fight,violence,magnet,web,claw,laser}'::text[]))
                                                                                Rows Removed by Filter: 134160
                                                                          ->  Bitmap Heap Scan on movie_keyword mk  (cost=6.80..1068.84 rows=305 width=8) (actual time=0.409..2.398 rows=2409 loops=10)
                                                                                Recheck Cond: (keyword_id = k.id)
                                                                                Heap Blocks: exact=17127
                                                                                ->  Bitmap Index Scan on keyword_id_movie_keyword  (cost=0.00..6.72 rows=305 width=0) (actual time=0.216..0.216 rows=2409 loops=10)
                                                                                      Index Cond: (keyword_id = k.id)
                                                                    ->  Index Scan using movie_id_movie_info_idx on movie_info_idx mi_idx  (cost=0.43..0.50 rows=1 width=13) (actual time=0.002..0.003 rows=0 loops=24091)
                                                                          Index Cond: (movie_id = mk.movie_id)
                                                                          Filter: (info > '7.0'::text)
                                                                          Rows Removed by Filter: 2
                                                        ->  Index Scan using movie_id_complete_cast on complete_cast cc  (cost=0.42..0.46 rows=2 width=12) (actual time=0.002..0.002 rows=1 loops=3908)
                                                              Index Cond: (movie_id = mk.movie_id)
                                ->  Index Scan using title_pkey on title t  (cost=0.43..0.49 rows=1 width=25) (actual time=0.004..0.004 rows=0 loops=1423)
                                      Index Cond: (id = mk.movie_id)
                                      Filter: (production_year > 2000)
                                      Rows Removed by Filter: 1
                    ->  Index Scan using movie_id_cast_info on cast_info ci  (cost=0.56..1.56 rows=39 width=12) (actual time=0.006..0.153 rows=181 loops=326)
                          Index Cond: (movie_id = mk.movie_id)
              ->  Index Scan using char_name_pkey on char_name chn  (cost=0.43..0.46 rows=1 width=20) (actual time=0.001..0.001 rows=0 loops=58947)
                    Index Cond: (id = ci.person_role_id)
                    Filter: ((name IS NOT NULL) AND ((name ~~ '%man%'::text) OR (name ~~ '%Man%'::text)))
                    Rows Removed by Filter: 0
        ->  Index Scan using name_pkey on name n  (cost=0.43..0.46 rows=1 width=19) (actual time=0.004..0.004 rows=1 loops=1728)
              Index Cond: (id = ci.person_id)
Planning time: 46.620 ms
Execution time: 282.112 ms
