Aggregate  (cost=14875.26..14875.27 rows=1 width=128) (actual time=413.909..413.909 rows=1 loops=1)
  ->  Nested Loop  (cost=9.50..14875.25 rows=1 width=53) (actual time=3.762..413.018 rows=1728 loops=1)
        Join Filter: (cct1.id = cc.subject_id)
        Rows Removed by Join Filter: 471
        ->  Seq Scan on comp_cast_type cct1  (cost=0.00..1.05 rows=1 width=4) (actual time=0.004..0.005 rows=1 loops=1)
              Filter: ((kind)::text = 'cast'::text)
              Rows Removed by Filter: 3
        ->  Nested Loop  (cost=9.50..14874.19 rows=1 width=57) (actual time=3.757..412.702 rows=2199 loops=1)
              Join Filter: (cct2.id = cc.status_id)
              Rows Removed by Join Filter: 909
              ->  Nested Loop  (cost=9.50..14873.12 rows=1 width=61) (actual time=3.751..409.024 rows=2199 loops=1)
                    ->  Nested Loop  (cost=9.08..14872.64 rows=1 width=69) (actual time=2.953..403.261 rows=2929 loops=1)
                          ->  Nested Loop  (cost=8.65..14872.18 rows=1 width=58) (actual time=2.947..391.303 rows=2929 loops=1)
                                ->  Nested Loop  (cost=8.22..14865.77 rows=14 width=46) (actual time=2.893..245.961 rows=105632 loops=1)
                                      Join Filter: (t.id = ci.movie_id)
                                      ->  Nested Loop  (cost=7.65..14863.73 rows=1 width=34) (actual time=2.884..138.844 rows=884 loops=1)
                                            Join Filter: (kt.id = t.kind_id)
                                            Rows Removed by Join Filter: 1016
                                            ->  Seq Scan on kind_type kt  (cost=0.00..1.09 rows=1 width=4) (actual time=0.002..0.004 rows=1 loops=1)
                                                  Filter: ((kind)::text = 'movie'::text)
                                                  Rows Removed by Filter: 6
                                            ->  Nested Loop  (cost=7.65..14862.63 rows=1 width=38) (actual time=0.533..138.608 rows=1900 loops=1)
                                                  ->  Nested Loop  (cost=7.22..14862.14 rows=1 width=13) (actual time=0.526..124.799 rows=3908 loops=1)
                                                        Join Filter: (mi_idx.info_type_id = it2.id)
                                                        Rows Removed by Join Filter: 2673
                                                        ->  Seq Scan on info_type it2  (cost=0.00..2.41 rows=1 width=4) (actual time=0.010..0.012 rows=1 loops=1)
                                                              Filter: ((info)::text = 'rating'::text)
                                                              Rows Removed by Filter: 112
                                                        ->  Nested Loop  (cost=7.22..14857.93 rows=144 width=17) (actual time=0.516..124.057 rows=6581 loops=1)
                                                              ->  Nested Loop  (cost=6.80..14686.77 rows=337 width=4) (actual time=0.484..56.161 rows=24091 loops=1)
                                                                    ->  Seq Scan on keyword k  (cost=0.00..3967.82 rows=10 width=4) (actual time=0.105..28.739 rows=10 loops=1)
                                                                          Filter: (keyword = ANY ('{superhero,marvel-comics,based-on-comic,tv-special,fight,violence,magnet,web,claw,laser}'::text[]))
                                                                          Rows Removed by Filter: 134160
                                                                    ->  Bitmap Heap Scan on movie_keyword mk  (cost=6.80..1068.84 rows=305 width=8) (actual time=0.447..2.493 rows=2409 loops=10)
                                                                          Recheck Cond: (keyword_id = k.id)
                                                                          Heap Blocks: exact=17127
                                                                          ->  Bitmap Index Scan on keyword_id_movie_keyword  (cost=0.00..6.72 rows=305 width=0) (actual time=0.239..0.239 rows=2409 loops=10)
                                                                                Index Cond: (keyword_id = k.id)
                                                              ->  Index Scan using movie_id_movie_info_idx on movie_info_idx mi_idx  (cost=0.43..0.50 rows=1 width=13) (actual time=0.003..0.003 rows=0 loops=24091)
                                                                    Index Cond: (movie_id = mk.movie_id)
                                                                    Filter: (info > '7.0'::text)
                                                                    Rows Removed by Filter: 2
                                                  ->  Index Scan using title_pkey on title t  (cost=0.43..0.49 rows=1 width=25) (actual time=0.003..0.003 rows=0 loops=3908)
                                                        Index Cond: (id = mk.movie_id)
                                                        Filter: (production_year > 2000)
                                                        Rows Removed by Filter: 1
                                      ->  Index Scan using movie_id_cast_info on cast_info ci  (cost=0.56..1.56 rows=39 width=12) (actual time=0.006..0.102 rows=119 loops=884)
                                            Index Cond: (movie_id = mk.movie_id)
                                ->  Index Scan using char_name_pkey on char_name chn  (cost=0.43..0.46 rows=1 width=20) (actual time=0.001..0.001 rows=0 loops=105632)
                                      Index Cond: (id = ci.person_role_id)
                                      Filter: ((name IS NOT NULL) AND ((name ~~ '%man%'::text) OR (name ~~ '%Man%'::text)))
                                      Rows Removed by Filter: 0
                          ->  Index Scan using name_pkey on name n  (cost=0.43..0.46 rows=1 width=19) (actual time=0.004..0.004 rows=1 loops=2929)
                                Index Cond: (id = ci.person_id)
                    ->  Index Scan using movie_id_complete_cast on complete_cast cc  (cost=0.42..0.46 rows=2 width=12) (actual time=0.002..0.002 rows=1 loops=2929)
                          Index Cond: (movie_id = t.id)
              ->  Seq Scan on comp_cast_type cct2  (cost=0.00..1.05 rows=2 width=4) (actual time=0.001..0.001 rows=1 loops=2199)
                    Filter: ((kind)::text ~~ '%complete%'::text)
                    Rows Removed by Filter: 2
Planning time: 46.560 ms
Execution time: 413.998 ms
