Aggregate  (cost=7468.74..7468.75 rows=1 width=96) (actual time=80.226..80.226 rows=1 loops=1)
  ->  Nested Loop  (cost=9.50..7468.73 rows=1 width=38) (actual time=7.507..80.180 rows=93 loops=1)
        Join Filter: (cc.subject_id = cct1.id)
        Rows Removed by Join Filter: 87
        ->  Nested Loop  (cost=9.50..7467.67 rows=1 width=42) (actual time=7.504..79.916 rows=180 loops=1)
              ->  Nested Loop  (cost=9.07..7467.21 rows=1 width=30) (actual time=7.463..74.313 rows=4052 loops=1)
                    ->  Nested Loop  (cost=8.64..7466.76 rows=1 width=34) (actual time=7.457..62.471 rows=4052 loops=1)
                          Join Filter: (t.id = ci.movie_id)
                          ->  Nested Loop  (cost=8.07..7464.71 rows=1 width=42) (actual time=7.449..58.955 rows=10 loops=1)
                                Join Filter: (cct2.id = cc.status_id)
                                Rows Removed by Join Filter: 2
                                ->  Nested Loop  (cost=8.07..7463.64 rows=1 width=46) (actual time=7.446..58.924 rows=10 loops=1)
                                      ->  Nested Loop  (cost=7.65..7463.16 rows=1 width=34) (actual time=7.323..58.810 rows=31 loops=1)
                                            Join Filter: (t.kind_id = kt.id)
                                            Rows Removed by Join Filter: 167
                                            ->  Nested Loop  (cost=7.65..7462.06 rows=1 width=38) (actual time=0.522..58.432 rows=198 loops=1)
                                                  ->  Nested Loop  (cost=7.22..7460.59 rows=3 width=13) (actual time=0.514..57.279 rows=313 loops=1)
                                                        Join Filter: (it2.id = mi_idx.info_type_id)
                                                        Rows Removed by Join Filter: 599
                                                        ->  Seq Scan on info_type it2  (cost=0.00..2.41 rows=1 width=4) (actual time=0.012..0.014 rows=1 loops=1)
                                                              Filter: ((info)::text = 'rating'::text)
                                                              Rows Removed by Filter: 112
                                                        ->  Nested Loop  (cost=7.22..7457.99 rows=15 width=17) (actual time=0.465..57.173 rows=912 loops=1)
                                                              ->  Nested Loop  (cost=6.80..7389.43 rows=135 width=4) (actual time=0.430..29.151 rows=9984 loops=1)
                                                                    ->  Seq Scan on keyword k  (cost=0.00..2961.55 rows=4 width=4) (actual time=0.064..17.709 rows=4 loops=1)
                                                                          Filter: (keyword = ANY ('{superhero,marvel-comics,based-on-comic,fight}'::text[]))
                                                                          Rows Removed by Filter: 134166
                                                                    ->  Bitmap Heap Scan on movie_keyword mk  (cost=6.80..1103.92 rows=305 width=8) (actual time=0.465..2.609 rows=2496 loops=4)
                                                                          Recheck Cond: (keyword_id = k.id)
                                                                          Heap Blocks: exact=7686
                                                                          ->  Bitmap Index Scan on keyword_id_movie_keyword  (cost=0.00..6.72 rows=305 width=0) (actual time=0.237..0.237 rows=2496 loops=4)
                                                                                Index Cond: (keyword_id = k.id)
                                                              ->  Index Scan using movie_id_movie_info_idx on movie_info_idx mi_idx  (cost=0.43..0.50 rows=1 width=13) (actual time=0.003..0.003 rows=0 loops=9984)
                                                                    Index Cond: (movie_id = mk.movie_id)
                                                                    Filter: (info > '8.0'::text)
                                                                    Rows Removed by Filter: 2
                                                  ->  Index Scan using title_pkey on title t  (cost=0.43..0.49 rows=1 width=25) (actual time=0.003..0.003 rows=1 loops=313)
                                                        Index Cond: (id = mk.movie_id)
                                                        Filter: (production_year > 2005)
                                                        Rows Removed by Filter: 0
                                            ->  Seq Scan on kind_type kt  (cost=0.00..1.09 rows=1 width=4) (actual time=0.000..0.001 rows=1 loops=198)
                                                  Filter: ((kind)::text = 'movie'::text)
                                                  Rows Removed by Filter: 5
                                      ->  Index Scan using movie_id_complete_cast on complete_cast cc  (cost=0.42..0.46 rows=2 width=12) (actual time=0.003..0.003 rows=0 loops=31)
                                            Index Cond: (movie_id = t.id)
                                ->  Seq Scan on comp_cast_type cct2  (cost=0.00..1.05 rows=2 width=4) (actual time=0.001..0.001 rows=1 loops=10)
                                      Filter: ((kind)::text ~~ '%complete%'::text)
                                      Rows Removed by Filter: 2
                          ->  Index Scan using movie_id_cast_info on cast_info ci  (cost=0.56..1.56 rows=39 width=12) (actual time=0.005..0.275 rows=405 loops=10)
                                Index Cond: (movie_id = mk.movie_id)
                    ->  Index Only Scan using name_pkey on name n  (cost=0.43..0.46 rows=1 width=4) (actual time=0.003..0.003 rows=1 loops=4052)
                          Index Cond: (id = ci.person_id)
                          Heap Fetches: 4052
              ->  Index Scan using char_name_pkey on char_name chn  (cost=0.43..0.46 rows=1 width=20) (actual time=0.001..0.001 rows=0 loops=4052)
                    Index Cond: (id = ci.person_role_id)
                    Filter: ((name IS NOT NULL) AND ((name ~~ '%man%'::text) OR (name ~~ '%Man%'::text)))
                    Rows Removed by Filter: 0
        ->  Seq Scan on comp_cast_type cct1  (cost=0.00..1.05 rows=1 width=4) (actual time=0.000..0.001 rows=1 loops=180)
              Filter: ((kind)::text = 'cast'::text)
              Rows Removed by Filter: 1
Planning time: 46.539 ms
Execution time: 80.307 ms
