Aggregate  (cost=14882.18..14882.19 rows=1 width=96) (actual time=646.043..646.043 rows=1 loops=1)
  ->  Nested Loop  (cost=9.50..14882.17 rows=1 width=38) (actual time=2.707..643.889 rows=5400 loops=1)
        Join Filter: (it2.id = mi_idx.info_type_id)
        Rows Removed by Join Filter: 11196
        ->  Seq Scan on info_type it2  (cost=0.00..2.41 rows=1 width=4) (actual time=0.012..0.015 rows=1 loops=1)
              Filter: ((info)::text = 'rating'::text)
              Rows Removed by Filter: 112
        ->  Nested Loop  (cost=9.50..14879.74 rows=1 width=42) (actual time=2.692..642.319 rows=16596 loops=1)
              Join Filter: (t.id = mi_idx.movie_id)
              ->  Nested Loop  (cost=9.07..14879.23 rows=1 width=49) (actual time=2.684..625.734 rows=5406 loops=1)
                    ->  Nested Loop  (cost=8.64..14878.77 rows=1 width=53) (actual time=2.676..603.032 rows=5406 loops=1)
                          ->  Nested Loop  (cost=8.21..14872.36 rows=14 width=41) (actual time=2.196..341.273 rows=189844 loops=1)
                                Join Filter: (t.id = ci.movie_id)
                                ->  Nested Loop  (cost=7.65..14870.32 rows=1 width=29) (actual time=2.185..141.536 rows=1267 loops=1)
                                      Join Filter: (cc.status_id = cct2.id)
                                      Rows Removed by Join Filter: 488
                                      ->  Nested Loop  (cost=7.65..14869.24 rows=1 width=33) (actual time=2.178..138.769 rows=1267 loops=1)
                                            Join Filter: (cct1.id = cc.subject_id)
                                            Rows Removed by Join Filter: 218
                                            ->  Seq Scan on comp_cast_type cct1  (cost=0.00..1.05 rows=1 width=4) (actual time=0.002..0.004 rows=1 loops=1)
                                                  Filter: ((kind)::text = 'cast'::text)
                                                  Rows Removed by Filter: 3
                                            ->  Nested Loop  (cost=7.65..14868.18 rows=1 width=37) (actual time=2.175..138.518 rows=1485 loops=1)
                                                  ->  Nested Loop  (cost=7.23..14855.27 rows=27 width=25) (actual time=2.146..128.114 rows=5032 loops=1)
                                                        Join Filter: (kt.id = t.kind_id)
                                                        Rows Removed by Join Filter: 5581
                                                        ->  Seq Scan on kind_type kt  (cost=0.00..1.09 rows=1 width=4) (actual time=0.002..0.005 rows=1 loops=1)
                                                              Filter: ((kind)::text = 'movie'::text)
                                                              Rows Removed by Filter: 6
                                                        ->  Nested Loop  (cost=7.23..14851.83 rows=188 width=29) (actual time=0.485..127.010 rows=10613 loops=1)
                                                              ->  Nested Loop  (cost=6.80..14686.77 rows=337 width=4) (actual time=0.478..57.715 rows=24091 loops=1)
                                                                    ->  Seq Scan on keyword k  (cost=0.00..3967.82 rows=10 width=4) (actual time=0.105..29.057 rows=10 loops=1)
                                                                          Filter: (keyword = ANY ('{superhero,marvel-comics,based-on-comic,tv-special,fight,violence,magnet,web,claw,laser}'::text[]))
                                                                          Rows Removed by Filter: 134160
                                                                    ->  Bitmap Heap Scan on movie_keyword mk  (cost=6.80..1068.84 rows=305 width=8) (actual time=0.437..2.608 rows=2409 loops=10)
                                                                          Recheck Cond: (keyword_id = k.id)
                                                                          Heap Blocks: exact=17127
                                                                          ->  Bitmap Index Scan on keyword_id_movie_keyword  (cost=0.00..6.72 rows=305 width=0) (actual time=0.234..0.234 rows=2409 loops=10)
                                                                                Index Cond: (keyword_id = k.id)
                                                              ->  Index Scan using title_pkey on title t  (cost=0.43..0.49 rows=1 width=25) (actual time=0.003..0.003 rows=0 loops=24091)
                                                                    Index Cond: (id = mk.movie_id)
                                                                    Filter: (production_year > 2000)
                                                                    Rows Removed by Filter: 1
                                                  ->  Index Scan using movie_id_complete_cast on complete_cast cc  (cost=0.42..0.46 rows=2 width=12) (actual time=0.002..0.002 rows=0 loops=5032)
                                                        Index Cond: (movie_id = t.id)
                                      ->  Seq Scan on comp_cast_type cct2  (cost=0.00..1.05 rows=2 width=4) (actual time=0.001..0.001 rows=1 loops=1267)
                                            Filter: ((kind)::text ~~ '%complete%'::text)
                                            Rows Removed by Filter: 2
                                ->  Index Scan using movie_id_cast_info on cast_info ci  (cost=0.56..1.56 rows=39 width=12) (actual time=0.006..0.132 rows=150 loops=1267)
                                      Index Cond: (movie_id = mk.movie_id)
                          ->  Index Scan using char_name_pkey on char_name chn  (cost=0.43..0.46 rows=1 width=20) (actual time=0.001..0.001 rows=0 loops=189844)
                                Index Cond: (id = ci.person_role_id)
                                Filter: ((name IS NOT NULL) AND ((name ~~ '%man%'::text) OR (name ~~ '%Man%'::text)))
                                Rows Removed by Filter: 0
                    ->  Index Only Scan using name_pkey on name n  (cost=0.43..0.46 rows=1 width=4) (actual time=0.004..0.004 rows=1 loops=5406)
                          Index Cond: (id = ci.person_id)
                          Heap Fetches: 5406
              ->  Index Scan using movie_id_movie_info_idx on movie_info_idx mi_idx  (cost=0.43..0.48 rows=3 width=13) (actual time=0.002..0.002 rows=3 loops=5406)
                    Index Cond: (movie_id = ci.movie_id)
Planning time: 46.400 ms
Execution time: 646.136 ms
