Aggregate  (cost=14888.38..14888.39 rows=1 width=96) (actual time=608.590..608.590 rows=1 loops=1)
  ->  Nested Loop  (cost=9.50..14888.37 rows=1 width=38) (actual time=2.166..606.475 rows=5400 loops=1)
        ->  Nested Loop  (cost=9.07..14887.92 rows=1 width=42) (actual time=2.159..584.211 rows=5400 loops=1)
              ->  Nested Loop  (cost=8.64..14881.51 rows=14 width=30) (actual time=1.707..326.779 rows=189738 loops=1)
                    Join Filter: (t.id = ci.movie_id)
                    ->  Nested Loop  (cost=8.07..14879.46 rows=1 width=38) (actual time=1.697..131.197 rows=1261 loops=1)
                          Join Filter: (cc.status_id = cct2.id)
                          Rows Removed by Join Filter: 488
                          ->  Nested Loop  (cost=8.07..14878.39 rows=1 width=42) (actual time=1.690..128.428 rows=1261 loops=1)
                                Join Filter: (it2.id = mi_idx.info_type_id)
                                Rows Removed by Join Filter: 2570
                                ->  Seq Scan on info_type it2  (cost=0.00..2.41 rows=1 width=4) (actual time=0.012..0.014 rows=1 loops=1)
                                      Filter: ((info)::text = 'rating'::text)
                                      Rows Removed by Filter: 112
                                ->  Nested Loop  (cost=8.07..14875.95 rows=2 width=46) (actual time=1.676..128.000 rows=3831 loops=1)
                                      Join Filter: (t.id = mi_idx.movie_id)
                                      ->  Nested Loop  (cost=7.65..14873.84 rows=4 width=33) (actual time=1.668..121.734 rows=1267 loops=1)
                                            Join Filter: (kt.id = t.kind_id)
                                            Rows Removed by Join Filter: 328
                                            ->  Seq Scan on kind_type kt  (cost=0.00..1.09 rows=1 width=4) (actual time=0.002..0.004 rows=1 loops=1)
                                                  Filter: ((kind)::text = 'movie'::text)
                                                  Rows Removed by Filter: 6
                                            ->  Nested Loop  (cost=7.65..14872.42 rows=26 width=37) (actual time=1.080..121.473 rows=1595 loops=1)
                                                  ->  Nested Loop  (cost=7.22..14849.40 rows=47 width=12) (actual time=0.562..99.774 rows=6396 loops=1)
                                                        Join Filter: (cct1.id = cc.subject_id)
                                                        Rows Removed by Join Filter: 2996
                                                        ->  Seq Scan on comp_cast_type cct1  (cost=0.00..1.05 rows=1 width=4) (actual time=0.002..0.003 rows=1 loops=1)
                                                              Filter: ((kind)::text = 'cast'::text)
                                                              Rows Removed by Filter: 3
                                                        ->  Nested Loop  (cost=7.22..14847.18 rows=94 width=16) (actual time=0.560..98.664 rows=9392 loops=1)
                                                              ->  Nested Loop  (cost=6.80..14686.77 rows=337 width=4) (actual time=0.473..57.967 rows=24091 loops=1)
                                                                    ->  Seq Scan on keyword k  (cost=0.00..3967.82 rows=10 width=4) (actual time=0.104..29.087 rows=10 loops=1)
                                                                          Filter: (keyword = ANY ('{superhero,marvel-comics,based-on-comic,tv-special,fight,violence,magnet,web,claw,laser}'::text[]))
                                                                          Rows Removed by Filter: 134160
                                                                    ->  Bitmap Heap Scan on movie_keyword mk  (cost=6.80..1068.84 rows=305 width=8) (actual time=0.437..2.618 rows=2409 loops=10)
                                                                          Recheck Cond: (keyword_id = k.id)
                                                                          Heap Blocks: exact=17127
                                                                          ->  Bitmap Index Scan on keyword_id_movie_keyword  (cost=0.00..6.72 rows=305 width=0) (actual time=0.233..0.233 rows=2409 loops=10)
                                                                                Index Cond: (keyword_id = k.id)
                                                              ->  Index Scan using movie_id_complete_cast on complete_cast cc  (cost=0.42..0.46 rows=2 width=12) (actual time=0.001..0.001 rows=0 loops=24091)
                                                                    Index Cond: (movie_id = mk.movie_id)
                                                  ->  Index Scan using title_pkey on title t  (cost=0.43..0.49 rows=1 width=25) (actual time=0.003..0.003 rows=0 loops=6396)
                                                        Index Cond: (id = mk.movie_id)
                                                        Filter: (production_year > 2000)
                                                        Rows Removed by Filter: 1
                                      ->  Index Scan using movie_id_movie_info_idx on movie_info_idx mi_idx  (cost=0.43..0.49 rows=3 width=13) (actual time=0.004..0.004 rows=3 loops=1267)
                                            Index Cond: (movie_id = mk.movie_id)
                          ->  Seq Scan on comp_cast_type cct2  (cost=0.00..1.05 rows=2 width=4) (actual time=0.001..0.001 rows=1 loops=1261)
                                Filter: ((kind)::text ~~ '%complete%'::text)
                                Rows Removed by Filter: 2
                    ->  Index Scan using movie_id_cast_info on cast_info ci  (cost=0.56..1.56 rows=39 width=12) (actual time=0.006..0.131 rows=150 loops=1261)
                          Index Cond: (movie_id = mk.movie_id)
              ->  Index Scan using char_name_pkey on char_name chn  (cost=0.43..0.46 rows=1 width=20) (actual time=0.001..0.001 rows=0 loops=189738)
                    Index Cond: (id = ci.person_role_id)
                    Filter: ((name IS NOT NULL) AND ((name ~~ '%man%'::text) OR (name ~~ '%Man%'::text)))
                    Rows Removed by Filter: 0
        ->  Index Only Scan using name_pkey on name n  (cost=0.43..0.46 rows=1 width=4) (actual time=0.004..0.004 rows=1 loops=5400)
              Index Cond: (id = ci.person_id)
              Heap Fetches: 5400
Planning time: 46.601 ms
Execution time: 608.677 ms
