Aggregate  (cost=14883.65..14883.66 rows=1 width=96) (actual time=640.697..640.697 rows=1 loops=1)
  ->  Nested Loop  (cost=9.50..14883.65 rows=1 width=38) (actual time=2.660..638.551 rows=5400 loops=1)
        ->  Nested Loop  (cost=9.07..14883.19 rows=1 width=42) (actual time=2.653..616.228 rows=5400 loops=1)
              ->  Nested Loop  (cost=8.64..14876.78 rows=14 width=30) (actual time=2.225..357.113 rows=189738 loops=1)
                    Join Filter: (t.id = ci.movie_id)
                    ->  Nested Loop  (cost=8.07..14874.74 rows=1 width=38) (actual time=2.214..161.510 rows=1261 loops=1)
                          Join Filter: (cct1.id = cc.subject_id)
                          Rows Removed by Join Filter: 212
                          ->  Seq Scan on comp_cast_type cct1  (cost=0.00..1.05 rows=1 width=4) (actual time=0.004..0.005 rows=1 loops=1)
                                Filter: ((kind)::text = 'cast'::text)
                                Rows Removed by Filter: 3
                          ->  Nested Loop  (cost=8.07..14873.67 rows=1 width=42) (actual time=2.209..161.248 rows=1473 loops=1)
                                Join Filter: (cct2.id = cc.status_id)
                                Rows Removed by Join Filter: 519
                                ->  Nested Loop  (cost=8.07..14872.60 rows=1 width=46) (actual time=2.204..158.143 rows=1473 loops=1)
                                      ->  Nested Loop  (cost=7.65..14872.12 rows=1 width=34) (actual time=2.168..148.903 rows=4186 loops=1)
                                            Join Filter: (it2.id = mi_idx.info_type_id)
                                            Rows Removed by Join Filter: 8443
                                            ->  Seq Scan on info_type it2  (cost=0.00..2.41 rows=1 width=4) (actual time=0.009..0.011 rows=1 loops=1)
                                                  Filter: ((info)::text = 'rating'::text)
                                                  Rows Removed by Filter: 112
                                            ->  Nested Loop  (cost=7.65..14869.52 rows=15 width=38) (actual time=2.157..147.651 rows=12629 loops=1)
                                                  Join Filter: (t.id = mi_idx.movie_id)
                                                  ->  Nested Loop  (cost=7.23..14855.27 rows=27 width=25) (actual time=2.150..128.042 rows=5032 loops=1)
                                                        Join Filter: (t.kind_id = kt.id)
                                                        Rows Removed by Join Filter: 5581
                                                        ->  Seq Scan on kind_type kt  (cost=0.00..1.09 rows=1 width=4) (actual time=0.003..0.005 rows=1 loops=1)
                                                              Filter: ((kind)::text = 'movie'::text)
                                                              Rows Removed by Filter: 6
                                                        ->  Nested Loop  (cost=7.23..14851.83 rows=188 width=29) (actual time=0.480..126.897 rows=10613 loops=1)
                                                              ->  Nested Loop  (cost=6.80..14686.77 rows=337 width=4) (actual time=0.474..57.696 rows=24091 loops=1)
                                                                    ->  Seq Scan on keyword k  (cost=0.00..3967.82 rows=10 width=4) (actual time=0.105..29.087 rows=10 loops=1)
                                                                          Filter: (keyword = ANY ('{superhero,marvel-comics,based-on-comic,tv-special,fight,violence,magnet,web,claw,laser}'::text[]))
                                                                          Rows Removed by Filter: 134160
                                                                    ->  Bitmap Heap Scan on movie_keyword mk  (cost=6.80..1068.84 rows=305 width=8) (actual time=0.451..2.601 rows=2409 loops=10)
                                                                          Recheck Cond: (keyword_id = k.id)
                                                                          Heap Blocks: exact=17127
                                                                          ->  Bitmap Index Scan on keyword_id_movie_keyword  (cost=0.00..6.72 rows=305 width=0) (actual time=0.238..0.238 rows=2409 loops=10)
                                                                                Index Cond: (keyword_id = k.id)
                                                              ->  Index Scan using title_pkey on title t  (cost=0.43..0.49 rows=1 width=25) (actual time=0.003..0.003 rows=0 loops=24091)
                                                                    Index Cond: (id = mk.movie_id)
                                                                    Filter: (production_year > 2000)
                                                                    Rows Removed by Filter: 1
                                                  ->  Index Scan using movie_id_movie_info_idx on movie_info_idx mi_idx  (cost=0.43..0.49 rows=3 width=13) (actual time=0.003..0.003 rows=3 loops=5032)
                                                        Index Cond: (movie_id = mk.movie_id)
                                      ->  Index Scan using movie_id_complete_cast on complete_cast cc  (cost=0.42..0.46 rows=2 width=12) (actual time=0.002..0.002 rows=0 loops=4186)
                                            Index Cond: (movie_id = t.id)
                                ->  Seq Scan on comp_cast_type cct2  (cost=0.00..1.05 rows=2 width=4) (actual time=0.001..0.001 rows=1 loops=1473)
                                      Filter: ((kind)::text ~~ '%complete%'::text)
                                      Rows Removed by Filter: 2
                    ->  Index Scan using movie_id_cast_info on cast_info ci  (cost=0.56..1.56 rows=39 width=12) (actual time=0.006..0.131 rows=150 loops=1261)
                          Index Cond: (movie_id = mk.movie_id)
              ->  Index Scan using char_name_pkey on char_name chn  (cost=0.43..0.46 rows=1 width=20) (actual time=0.001..0.001 rows=0 loops=189738)
                    Index Cond: (id = ci.person_role_id)
                    Filter: ((name IS NOT NULL) AND ((name ~~ '%man%'::text) OR (name ~~ '%Man%'::text)))
                    Rows Removed by Filter: 0
        ->  Index Only Scan using name_pkey on name n  (cost=0.43..0.46 rows=1 width=4) (actual time=0.004..0.004 rows=1 loops=5400)
              Index Cond: (id = ci.person_id)
              Heap Fetches: 5400
Planning time: 46.274 ms
Execution time: 640.781 ms
