Aggregate  (cost=3776.55..3776.56 rows=1 width=96) (actual time=35.429..35.429 rows=1 loops=1)
  ->  Nested Loop  (cost=9.22..3776.54 rows=1 width=48) (actual time=2.196..35.233 rows=477 loops=1)
        Join Filter: (ml.movie_id = t.id)
        ->  Nested Loop  (cost=8.79..3776.04 rows=1 width=51) (actual time=2.189..34.366 rows=477 loops=1)
              Join Filter: (cc.subject_id = cct1.id)
              Rows Removed by Join Filter: 171
              ->  Nested Loop  (cost=8.79..3774.96 rows=1 width=55) (actual time=2.187..33.671 rows=477 loops=1)
                    Join Filter: (ml.link_type_id = lt.id)
                    Rows Removed by Join Filter: 417
                    ->  Nested Loop  (cost=8.79..3773.71 rows=1 width=47) (actual time=2.183..32.846 rows=477 loops=1)
                          ->  Nested Loop  (cost=8.37..3773.25 rows=1 width=32) (actual time=2.176..30.798 rows=1106 loops=1)
                                Join Filter: (ct.id = mc.company_type_id)
                                Rows Removed by Join Filter: 57
                                ->  Seq Scan on company_type ct  (cost=0.00..1.05 rows=1 width=4) (actual time=0.004..0.005 rows=1 loops=1)
                                      Filter: ((kind)::text = 'production companies'::text)
                                      Rows Removed by Filter: 3
                                ->  Nested Loop  (cost=8.37..3772.19 rows=1 width=36) (actual time=2.170..30.619 rows=1163 loops=1)
                                      Join Filter: (ml.movie_id = mc.movie_id)
                                      ->  Nested Loop  (cost=7.94..3771.63 rows=1 width=24) (actual time=2.164..29.861 rows=154 loops=1)
                                            Join Filter: (ml.movie_id = mi.movie_id)
                                            ->  Nested Loop  (cost=7.50..3770.10 rows=1 width=20) (actual time=2.115..28.932 rows=98 loops=1)
                                                  Join Filter: (cct2.id = cc.status_id)
                                                  Rows Removed by Join Filter: 21
                                                  ->  Seq Scan on comp_cast_type cct2  (cost=0.00..1.05 rows=1 width=4) (actual time=0.002..0.002 rows=1 loops=1)
                                                        Filter: ((kind)::text = 'complete'::text)
                                                        Rows Removed by Filter: 3
                                                  ->  Nested Loop  (cost=7.50..3769.04 rows=1 width=24) (actual time=2.113..28.911 rows=119 loops=1)
                                                        Join Filter: (ml.movie_id = cc.movie_id)
                                                        ->  Nested Loop  (cost=7.08..3768.56 rows=1 width=12) (actual time=2.077..28.505 rows=251 loops=1)
                                                              ->  Nested Loop  (cost=6.80..3754.10 rows=34 width=4) (actual time=2.072..19.861 rows=10544 loops=1)
                                                                    ->  Seq Scan on keyword k  (cost=0.00..2626.12 rows=1 width=4) (actual time=0.568..10.056 rows=1 loops=1)
                                                                          Filter: (keyword = 'sequel'::text)
                                                                          Rows Removed by Filter: 134169
                                                                    ->  Bitmap Heap Scan on movie_keyword mk  (cost=6.80..1124.92 rows=305 width=8) (actual time=1.502..8.718 rows=10544 loops=1)
                                                                          Recheck Cond: (keyword_id = k.id)
                                                                          Heap Blocks: exact=5570
                                                                          ->  Bitmap Index Scan on keyword_id_movie_keyword  (cost=0.00..6.72 rows=305 width=0) (actual time=0.781..0.781 rows=10544 loops=1)
                                                                                Index Cond: (keyword_id = k.id)
                                                              ->  Index Scan using movie_id_movie_link on movie_link ml  (cost=0.29..0.38 rows=5 width=8) (actual time=0.001..0.001 rows=0 loops=10544)
                                                                    Index Cond: (movie_id = mk.movie_id)
                                                        ->  Index Scan using movie_id_complete_cast on complete_cast cc  (cost=0.42..0.46 rows=2 width=12) (actual time=0.001..0.001 rows=0 loops=251)
                                                              Index Cond: (movie_id = mk.movie_id)
                                            ->  Index Scan using movie_id_movie_info on movie_info mi  (cost=0.43..1.51 rows=1 width=4) (actual time=0.008..0.009 rows=2 loops=98)
                                                  Index Cond: (movie_id = mk.movie_id)
                                                  Filter: (info = ANY ('{Sweden,Germany,Swedish,German}'::text[]))
                                                  Rows Removed by Filter: 19
                                      ->  Index Scan using movie_id_movie_companies on movie_companies mc  (cost=0.43..0.54 rows=2 width=12) (actual time=0.002..0.003 rows=8 loops=154)
                                            Index Cond: (movie_id = mk.movie_id)
                                            Filter: (note IS NULL)
                                            Rows Removed by Filter: 1
                          ->  Index Scan using company_name_pkey on company_name cn  (cost=0.42..0.46 rows=1 width=23) (actual time=0.002..0.002 rows=0 loops=1106)
                                Index Cond: (id = mc.company_id)
                                Filter: (((country_code)::text <> '[pl]'::text) AND ((name ~~ '%Film%'::text) OR (name ~~ '%Warner%'::text)))
                                Rows Removed by Filter: 1
                    ->  Seq Scan on link_type lt  (cost=0.00..1.23 rows=2 width=16) (actual time=0.001..0.001 rows=2 loops=477)
                          Filter: ((link)::text ~~ '%follow%'::text)
              ->  Seq Scan on comp_cast_type cct1  (cost=0.00..1.05 rows=2 width=4) (actual time=0.000..0.000 rows=1 loops=477)
                    Filter: ((kind)::text = ANY ('{cast,crew}'::text[]))
        ->  Index Scan using title_pkey on title t  (cost=0.43..0.49 rows=1 width=21) (actual time=0.001..0.001 rows=1 loops=477)
              Index Cond: (id = mk.movie_id)
              Filter: ((production_year >= 1950) AND (production_year <= 2000))
Planning time: 48.724 ms
Execution time: 35.506 ms
