Aggregate  (cost=3776.56..3776.57 rows=1 width=96) (actual time=39.942..39.942 rows=1 loops=1)
  ->  Nested Loop  (cost=9.22..3776.55 rows=1 width=48) (actual time=2.346..39.774 rows=477 loops=1)
        Join Filter: (ml.link_type_id = lt.id)
        Rows Removed by Join Filter: 417
        ->  Nested Loop  (cost=9.22..3775.30 rows=1 width=40) (actual time=2.342..39.023 rows=477 loops=1)
              Join Filter: (cc.status_id = cct2.id)
              Rows Removed by Join Filter: 171
              ->  Nested Loop  (cost=9.22..3774.24 rows=1 width=44) (actual time=2.339..38.150 rows=648 loops=1)
                    ->  Nested Loop  (cost=8.80..3773.78 rows=1 width=29) (actual time=2.333..35.630 rows=1562 loops=1)
                          Join Filter: (ml.movie_id = mi.movie_id)
                          ->  Nested Loop  (cost=8.36..3772.26 rows=1 width=49) (actual time=2.192..30.805 rows=584 loops=1)
                                Join Filter: (ct.id = mc.company_type_id)
                                Rows Removed by Join Filter: 55
                                ->  Seq Scan on company_type ct  (cost=0.00..1.05 rows=1 width=4) (actual time=0.004..0.005 rows=1 loops=1)
                                      Filter: ((kind)::text = 'production companies'::text)
                                      Rows Removed by Filter: 3
                                ->  Nested Loop  (cost=8.36..3771.18 rows=2 width=53) (actual time=2.187..30.704 rows=639 loops=1)
                                      Join Filter: (ml.movie_id = mc.movie_id)
                                      ->  Nested Loop  (cost=7.93..3770.62 rows=1 width=41) (actual time=2.177..30.204 rows=119 loops=1)
                                            Join Filter: (cct1.id = cc.subject_id)
                                            Rows Removed by Join Filter: 21
                                            ->  Nested Loop  (cost=7.93..3769.54 rows=1 width=45) (actual time=2.173..30.043 rows=119 loops=1)
                                                  Join Filter: (ml.movie_id = cc.movie_id)
                                                  ->  Nested Loop  (cost=7.51..3769.06 rows=1 width=33) (actual time=2.138..29.711 rows=199 loops=1)
                                                        Join Filter: (ml.movie_id = t.id)
                                                        ->  Nested Loop  (cost=7.08..3768.56 rows=1 width=12) (actual time=2.103..29.233 rows=251 loops=1)
                                                              ->  Nested Loop  (cost=6.80..3754.10 rows=34 width=4) (actual time=2.098..20.379 rows=10544 loops=1)
                                                                    ->  Seq Scan on keyword k  (cost=0.00..2626.12 rows=1 width=4) (actual time=0.571..10.295 rows=1 loops=1)
                                                                          Filter: (keyword = 'sequel'::text)
                                                                          Rows Removed by Filter: 134169
                                                                    ->  Bitmap Heap Scan on movie_keyword mk  (cost=6.80..1124.92 rows=305 width=8) (actual time=1.525..8.990 rows=10544 loops=1)
                                                                          Recheck Cond: (keyword_id = k.id)
                                                                          Heap Blocks: exact=5570
                                                                          ->  Bitmap Index Scan on keyword_id_movie_keyword  (cost=0.00..6.72 rows=305 width=0) (actual time=0.823..0.823 rows=10544 loops=1)
                                                                                Index Cond: (keyword_id = k.id)
                                                              ->  Index Scan using movie_id_movie_link on movie_link ml  (cost=0.29..0.38 rows=5 width=8) (actual time=0.001..0.001 rows=0 loops=10544)
                                                                    Index Cond: (movie_id = mk.movie_id)
                                                        ->  Index Scan using title_pkey on title t  (cost=0.43..0.49 rows=1 width=21) (actual time=0.002..0.002 rows=1 loops=251)
                                                              Index Cond: (id = mk.movie_id)
                                                              Filter: ((production_year >= 1950) AND (production_year <= 2000))
                                                              Rows Removed by Filter: 0
                                                  ->  Index Scan using movie_id_complete_cast on complete_cast cc  (cost=0.42..0.46 rows=2 width=12) (actual time=0.001..0.001 rows=1 loops=199)
                                                        Index Cond: (movie_id = mk.movie_id)
                                            ->  Seq Scan on comp_cast_type cct1  (cost=0.00..1.05 rows=2 width=4) (actual time=0.000..0.000 rows=1 loops=119)
                                                  Filter: ((kind)::text = ANY ('{cast,crew}'::text[]))
                                      ->  Index Scan using movie_id_movie_companies on movie_companies mc  (cost=0.43..0.54 rows=2 width=12) (actual time=0.002..0.003 rows=5 loops=119)
                                            Index Cond: (movie_id = mk.movie_id)
                                            Filter: (note IS NULL)
                                            Rows Removed by Filter: 1
                          ->  Index Scan using movie_id_movie_info on movie_info mi  (cost=0.43..1.51 rows=1 width=4) (actual time=0.006..0.008 rows=3 loops=584)
                                Index Cond: (movie_id = mk.movie_id)
                                Filter: (info = ANY ('{Sweden,Germany,Swedish,German}'::text[]))
                                Rows Removed by Filter: 17
                    ->  Index Scan using company_name_pkey on company_name cn  (cost=0.42..0.46 rows=1 width=23) (actual time=0.001..0.001 rows=0 loops=1562)
                          Index Cond: (id = mc.company_id)
                          Filter: (((country_code)::text <> '[pl]'::text) AND ((name ~~ '%Film%'::text) OR (name ~~ '%Warner%'::text)))
                          Rows Removed by Filter: 1
              ->  Seq Scan on comp_cast_type cct2  (cost=0.00..1.05 rows=1 width=4) (actual time=0.000..0.000 rows=1 loops=648)
                    Filter: ((kind)::text = 'complete'::text)
                    Rows Removed by Filter: 2
        ->  Seq Scan on link_type lt  (cost=0.00..1.23 rows=2 width=16) (actual time=0.001..0.001 rows=2 loops=477)
              Filter: ((link)::text ~~ '%follow%'::text)
Planning time: 48.777 ms
Execution time: 40.029 ms
