Aggregate  (cost=3112.42..3112.43 rows=1 width=96) (actual time=73.366..73.366 rows=1 loops=1)
  ->  Nested Loop  (cost=3.55..3112.41 rows=1 width=48) (actual time=11.373..73.184 rows=477 loops=1)
        Join Filter: (ml.movie_id = t.id)
        ->  Nested Loop  (cost=3.12..3111.90 rows=1 width=51) (actual time=11.367..72.413 rows=477 loops=1)
              ->  Nested Loop  (cost=2.70..3049.22 rows=142 width=55) (actual time=11.355..63.023 rows=6483 loops=1)
                    Join Filter: (ml.movie_id = mk.movie_id)
                    ->  Nested Loop  (cost=2.27..3043.35 rows=3 width=47) (actual time=11.338..60.205 rows=705 loops=1)
                          Join Filter: (lt.id = ml.link_type_id)
                          Rows Removed by Join Filter: 739
                          ->  Merge Join  (cost=2.27..3041.33 rows=27 width=39) (actual time=11.332..59.906 rows=752 loops=1)
                                Merge Cond: (mc.movie_id = ml.movie_id)
                                ->  Nested Loop  (cost=1.70..54576.89 rows=490 width=31) (actual time=7.548..52.964 rows=151 loops=1)
                                      ->  Nested Loop  (cost=1.28..53579.52 rows=2182 width=16) (actual time=2.058..51.031 rows=1109 loops=1)
                                            ->  Nested Loop  (cost=0.85..33715.41 rows=10020 width=12) (actual time=0.367..18.942 rows=4943 loops=1)
                                                  Join Filter: (ct.id = mc.company_type_id)
                                                  Rows Removed by Join Filter: 112
                                                  ->  Nested Loop  (cost=0.85..33113.14 rows=40081 width=16) (actual time=0.364..17.773 rows=5055 loops=1)
                                                        ->  Nested Loop  (cost=0.42..11063.23 rows=16886 width=4) (actual time=0.015..5.502 rows=5765 loops=1)
                                                              Join Filter: (cct2.id = cc.status_id)
                                                              Rows Removed by Join Filter: 454
                                                              ->  Nested Loop  (cost=0.42..10049.03 rows=67543 width=8) (actual time=0.012..4.066 rows=6219 loops=1)
                                                                    Join Filter: (cct1.id = cc.subject_id)
                                                                    Rows Removed by Join Filter: 2385
                                                                    ->  Index Scan using movie_id_complete_cast on complete_cast cc  (cost=0.42..6333.11 rows=135086 width=12) (actual time=0.006..2.061 rows=6219 loops=1)
                                                                    ->  Materialize  (cost=0.00..1.06 rows=2 width=4) (actual time=0.000..0.000 rows=1 loops=6219)
                                                                          ->  Seq Scan on comp_cast_type cct1  (cost=0.00..1.05 rows=2 width=4) (actual time=0.004..0.005 rows=2 loops=1)
                                                                                Filter: ((kind)::text = ANY ('{cast,crew}'::text[]))
                                                              ->  Materialize  (cost=0.00..1.05 rows=1 width=4) (actual time=0.000..0.000 rows=1 loops=6219)
                                                                    ->  Seq Scan on comp_cast_type cct2  (cost=0.00..1.05 rows=1 width=4) (actual time=0.002..0.002 rows=1 loops=1)
                                                                          Filter: ((kind)::text = 'complete'::text)
                                                                          Rows Removed by Filter: 3
                                                        ->  Index Scan using movie_id_movie_companies on movie_companies mc  (cost=0.43..1.29 rows=2 width=12) (actual time=0.002..0.002 rows=1 loops=5765)
                                                              Index Cond: (movie_id = cc.movie_id)
                                                              Filter: (note IS NULL)
                                                              Rows Removed by Filter: 2
                                                  ->  Materialize  (cost=0.00..1.05 rows=1 width=4) (actual time=0.000..0.000 rows=1 loops=5055)
                                                        ->  Seq Scan on company_type ct  (cost=0.00..1.05 rows=1 width=4) (actual time=0.002..0.002 rows=1 loops=1)
                                                              Filter: ((kind)::text = 'production companies'::text)
                                                              Rows Removed by Filter: 3
                                            ->  Index Scan using movie_id_movie_info on movie_info mi  (cost=0.43..1.97 rows=1 width=4) (actual time=0.006..0.006 rows=0 loops=4943)
                                                  Index Cond: (movie_id = mc.movie_id)
                                                  Filter: (info = ANY ('{Sweden,Germany,Swedish,German}'::text[]))
                                                  Rows Removed by Filter: 14
                                      ->  Index Scan using company_name_pkey on company_name cn  (cost=0.42..0.46 rows=1 width=23) (actual time=0.002..0.002 rows=0 loops=1109)
                                            Index Cond: (id = mc.company_id)
                                            Filter: (((country_code)::text <> '[pl]'::text) AND ((name ~~ '%Film%'::text) OR (name ~~ '%Warner%'::text)))
                                            Rows Removed by Filter: 1
                                ->  Index Scan using movie_id_movie_link on movie_link ml  (cost=0.29..959.51 rows=29997 width=8) (actual time=0.006..4.780 rows=30658 loops=1)
                          ->  Materialize  (cost=0.00..1.24 rows=2 width=16) (actual time=0.000..0.000 rows=2 loops=752)
                                ->  Seq Scan on link_type lt  (cost=0.00..1.23 rows=2 width=16) (actual time=0.004..0.007 rows=2 loops=1)
                                      Filter: ((link)::text ~~ '%follow%'::text)
                                      Rows Removed by Filter: 16
                    ->  Index Scan using movie_id_movie_keyword on movie_keyword mk  (cost=0.43..1.37 rows=47 width=8) (actual time=0.001..0.002 rows=9 loops=705)
                          Index Cond: (movie_id = mc.movie_id)
              ->  Index Scan using keyword_pkey on keyword k  (cost=0.42..0.44 rows=1 width=4) (actual time=0.001..0.001 rows=0 loops=6483)
                    Index Cond: (id = mk.keyword_id)
                    Filter: (keyword = 'sequel'::text)
                    Rows Removed by Filter: 1
        ->  Index Scan using title_pkey on title t  (cost=0.43..0.49 rows=1 width=21) (actual time=0.001..0.001 rows=1 loops=477)
              Index Cond: (id = mk.movie_id)
              Filter: ((production_year >= 1950) AND (production_year <= 2000))
Planning time: 48.744 ms
Execution time: 73.442 ms
