Aggregate  (cost=3776.55..3776.56 rows=1 width=96) (actual time=35.594..35.594 rows=1 loops=1)
  ->  Nested Loop  (cost=9.22..3776.54 rows=1 width=48) (actual time=2.360..35.415 rows=477 loops=1)
        Join Filter: (ct.id = mc.company_type_id)
        Rows Removed by Join Filter: 57
        ->  Seq Scan on company_type ct  (cost=0.00..1.05 rows=1 width=4) (actual time=0.004..0.005 rows=1 loops=1)
              Filter: ((kind)::text = 'production companies'::text)
              Rows Removed by Filter: 3
        ->  Nested Loop  (cost=9.22..3775.48 rows=1 width=52) (actual time=2.355..35.330 rows=534 loops=1)
              ->  Nested Loop  (cost=8.80..3775.02 rows=1 width=37) (actual time=2.349..33.235 rows=1163 loops=1)
                    Join Filter: (ml.movie_id = mc.movie_id)
                    ->  Nested Loop  (cost=8.37..3774.46 rows=1 width=49) (actual time=2.343..32.517 rows=154 loops=1)
                          Join Filter: (ml.movie_id = t.id)
                          ->  Nested Loop  (cost=7.94..3773.95 rows=1 width=28) (actual time=2.335..32.221 rows=154 loops=1)
                                Join Filter: (cct1.id = cc.subject_id)
                                Rows Removed by Join Filter: 57
                                ->  Nested Loop  (cost=7.94..3772.88 rows=1 width=32) (actual time=2.332..31.996 rows=154 loops=1)
                                      Join Filter: (cct2.id = cc.status_id)
                                      Rows Removed by Join Filter: 57
                                      ->  Seq Scan on comp_cast_type cct2  (cost=0.00..1.05 rows=1 width=4) (actual time=0.002..0.003 rows=1 loops=1)
                                            Filter: ((kind)::text = 'complete'::text)
                                            Rows Removed by Filter: 3
                                      ->  Nested Loop  (cost=7.94..3771.81 rows=1 width=36) (actual time=2.330..31.961 rows=211 loops=1)
                                            Join Filter: (ml.movie_id = cc.movie_id)
                                            ->  Nested Loop  (cost=7.52..3771.33 rows=1 width=24) (actual time=2.311..31.308 rows=420 loops=1)
                                                  Join Filter: (ml.movie_id = mi.movie_id)
                                                  ->  Nested Loop  (cost=7.08..3769.81 rows=1 width=20) (actual time=2.089..29.418 rows=199 loops=1)
                                                        Join Filter: (lt.id = ml.link_type_id)
                                                        Rows Removed by Join Filter: 239
                                                        ->  Nested Loop  (cost=7.08..3768.56 rows=1 width=12) (actual time=2.085..28.909 rows=251 loops=1)
                                                              ->  Nested Loop  (cost=6.80..3754.10 rows=34 width=4) (actual time=2.080..20.188 rows=10544 loops=1)
                                                                    ->  Seq Scan on keyword k  (cost=0.00..2626.12 rows=1 width=4) (actual time=0.590..10.315 rows=1 loops=1)
                                                                          Filter: (keyword = 'sequel'::text)
                                                                          Rows Removed by Filter: 134169
                                                                    ->  Bitmap Heap Scan on movie_keyword mk  (cost=6.80..1124.92 rows=305 width=8) (actual time=1.488..8.763 rows=10544 loops=1)
                                                                          Recheck Cond: (keyword_id = k.id)
                                                                          Heap Blocks: exact=5570
                                                                          ->  Bitmap Index Scan on keyword_id_movie_keyword  (cost=0.00..6.72 rows=305 width=0) (actual time=0.802..0.802 rows=10544 loops=1)
                                                                                Index Cond: (keyword_id = k.id)
                                                              ->  Index Scan using movie_id_movie_link on movie_link ml  (cost=0.29..0.38 rows=5 width=8) (actual time=0.001..0.001 rows=0 loops=10544)
                                                                    Index Cond: (movie_id = mk.movie_id)
                                                        ->  Seq Scan on link_type lt  (cost=0.00..1.23 rows=2 width=16) (actual time=0.001..0.001 rows=2 loops=251)
                                                              Filter: ((link)::text ~~ '%follow%'::text)
                                                              Rows Removed by Filter: 3
                                                  ->  Index Scan using movie_id_movie_info on movie_info mi  (cost=0.43..1.51 rows=1 width=4) (actual time=0.008..0.009 rows=2 loops=199)
                                                        Index Cond: (movie_id = mk.movie_id)
                                                        Filter: (info = ANY ('{Sweden,Germany,Swedish,German}'::text[]))
                                                        Rows Removed by Filter: 18
                                            ->  Index Scan using movie_id_complete_cast on complete_cast cc  (cost=0.42..0.46 rows=2 width=12) (actual time=0.001..0.001 rows=1 loops=420)
                                                  Index Cond: (movie_id = mk.movie_id)
                                ->  Seq Scan on comp_cast_type cct1  (cost=0.00..1.05 rows=2 width=4) (actual time=0.000..0.000 rows=1 loops=154)
                                      Filter: ((kind)::text = ANY ('{cast,crew}'::text[]))
                          ->  Index Scan using title_pkey on title t  (cost=0.43..0.49 rows=1 width=21) (actual time=0.002..0.002 rows=1 loops=154)
                                Index Cond: (id = mk.movie_id)
                                Filter: ((production_year >= 1950) AND (production_year <= 2000))
                    ->  Index Scan using movie_id_movie_companies on movie_companies mc  (cost=0.43..0.54 rows=2 width=12) (actual time=0.002..0.003 rows=8 loops=154)
                          Index Cond: (movie_id = mk.movie_id)
                          Filter: (note IS NULL)
                          Rows Removed by Filter: 1
              ->  Index Scan using company_name_pkey on company_name cn  (cost=0.42..0.46 rows=1 width=23) (actual time=0.002..0.002 rows=0 loops=1163)
                    Index Cond: (id = mc.company_id)
                    Filter: (((country_code)::text <> '[pl]'::text) AND ((name ~~ '%Film%'::text) OR (name ~~ '%Warner%'::text)))
                    Rows Removed by Filter: 1
Planning time: 48.797 ms
Execution time: 35.674 ms
