Aggregate  (cost=3776.56..3776.57 rows=1 width=96) (actual time=41.590..41.590 rows=1 loops=1)
  ->  Nested Loop  (cost=9.22..3776.55 rows=1 width=48) (actual time=10.512..41.468 rows=247 loops=1)
        Join Filter: (cc.subject_id = cct1.id)
        Rows Removed by Join Filter: 171
        ->  Nested Loop  (cost=9.22..3775.48 rows=1 width=52) (actual time=10.508..41.092 rows=247 loops=1)
              Join Filter: (ml.link_type_id = lt.id)
              Rows Removed by Join Filter: 199
              ->  Nested Loop  (cost=9.22..3774.23 rows=1 width=44) (actual time=10.501..40.666 rows=247 loops=1)
                    Join Filter: (ml.movie_id = t.id)
                    ->  Nested Loop  (cost=8.79..3773.72 rows=1 width=47) (actual time=2.380..39.879 rows=477 loops=1)
                          Join Filter: (cct2.id = cc.status_id)
                          Rows Removed by Join Filter: 171
                          ->  Seq Scan on comp_cast_type cct2  (cost=0.00..1.05 rows=1 width=4) (actual time=0.005..0.006 rows=1 loops=1)
                                Filter: ((kind)::text = 'complete'::text)
                                Rows Removed by Filter: 3
                          ->  Nested Loop  (cost=8.79..3772.65 rows=2 width=51) (actual time=2.373..39.779 rows=648 loops=1)
                                Join Filter: (ml.movie_id = cc.movie_id)
                                ->  Nested Loop  (cost=8.37..3772.17 rows=1 width=39) (actual time=2.333..38.079 rows=1100 loops=1)
                                      ->  Nested Loop  (cost=7.95..3771.71 rows=1 width=24) (actual time=2.323..33.875 rows=2502 loops=1)
                                            Join Filter: (ct.id = mc.company_type_id)
                                            Rows Removed by Join Filter: 93
                                            ->  Seq Scan on company_type ct  (cost=0.00..1.05 rows=1 width=4) (actual time=0.002..0.004 rows=1 loops=1)
                                                  Filter: ((kind)::text = 'production companies'::text)
                                                  Rows Removed by Filter: 3
                                            ->  Nested Loop  (cost=7.95..3770.65 rows=1 width=28) (actual time=2.320..33.516 rows=2595 loops=1)
                                                  Join Filter: (ml.movie_id = mc.movie_id)
                                                  ->  Nested Loop  (cost=7.52..3770.08 rows=1 width=16) (actual time=2.313..31.775 rows=420 loops=1)
                                                        Join Filter: (ml.movie_id = mi.movie_id)
                                                        ->  Nested Loop  (cost=7.08..3768.56 rows=1 width=12) (actual time=2.106..29.216 rows=251 loops=1)
                                                              ->  Nested Loop  (cost=6.80..3754.10 rows=34 width=4) (actual time=2.099..20.500 rows=10544 loops=1)
                                                                    ->  Seq Scan on keyword k  (cost=0.00..2626.12 rows=1 width=4) (actual time=0.577..10.243 rows=1 loops=1)
                                                                          Filter: (keyword = 'sequel'::text)
                                                                          Rows Removed by Filter: 134169
                                                                    ->  Bitmap Heap Scan on movie_keyword mk  (cost=6.80..1124.92 rows=305 width=8) (actual time=1.521..9.174 rows=10544 loops=1)
                                                                          Recheck Cond: (keyword_id = k.id)
                                                                          Heap Blocks: exact=5570
                                                                          ->  Bitmap Index Scan on keyword_id_movie_keyword  (cost=0.00..6.72 rows=305 width=0) (actual time=0.845..0.845 rows=10544 loops=1)
                                                                                Index Cond: (keyword_id = k.id)
                                                              ->  Index Scan using movie_id_movie_link on movie_link ml  (cost=0.29..0.38 rows=5 width=8) (actual time=0.001..0.001 rows=0 loops=10544)
                                                                    Index Cond: (movie_id = mk.movie_id)
                                                        ->  Index Scan using movie_id_movie_info on movie_info mi  (cost=0.43..1.51 rows=1 width=4) (actual time=0.009..0.010 rows=2 loops=251)
                                                              Index Cond: (movie_id = mk.movie_id)
                                                              Filter: (info = ANY ('{Sweden,Germany,Swedish,German}'::text[]))
                                                              Rows Removed by Filter: 23
                                                  ->  Index Scan using movie_id_movie_companies on movie_companies mc  (cost=0.43..0.54 rows=2 width=12) (actual time=0.002..0.003 rows=6 loops=420)
                                                        Index Cond: (movie_id = mk.movie_id)
                                                        Filter: (note IS NULL)
                                                        Rows Removed by Filter: 2
                                      ->  Index Scan using company_name_pkey on company_name cn  (cost=0.42..0.46 rows=1 width=23) (actual time=0.001..0.001 rows=0 loops=2502)
                                            Index Cond: (id = mc.company_id)
                                            Filter: (((country_code)::text <> '[pl]'::text) AND ((name ~~ '%Film%'::text) OR (name ~~ '%Warner%'::text)))
                                            Rows Removed by Filter: 1
                                ->  Index Scan using movie_id_complete_cast on complete_cast cc  (cost=0.42..0.46 rows=2 width=12) (actual time=0.001..0.001 rows=1 loops=1100)
                                      Index Cond: (movie_id = mk.movie_id)
                    ->  Index Scan using title_pkey on title t  (cost=0.43..0.49 rows=1 width=21) (actual time=0.001..0.001 rows=1 loops=477)
                          Index Cond: (id = mk.movie_id)
                          Filter: (production_year = 1998)
                          Rows Removed by Filter: 0
              ->  Seq Scan on link_type lt  (cost=0.00..1.23 rows=2 width=16) (actual time=0.001..0.001 rows=2 loops=247)
                    Filter: ((link)::text ~~ '%follow%'::text)
        ->  Seq Scan on comp_cast_type cct1  (cost=0.00..1.05 rows=2 width=4) (actual time=0.000..0.001 rows=2 loops=247)
              Filter: ((kind)::text = ANY ('{cast,crew}'::text[]))
Planning time: 48.757 ms
Execution time: 41.694 ms
