Aggregate  (cost=3776.87..3776.88 rows=1 width=96) (actual time=34.958..34.958 rows=1 loops=1)
  ->  Nested Loop  (cost=9.22..3776.86 rows=1 width=48) (actual time=5.396..34.857 rows=247 loops=1)
        Join Filter: (cc.subject_id = cct1.id)
        Rows Removed by Join Filter: 171
        ->  Nested Loop  (cost=9.22..3775.79 rows=1 width=52) (actual time=5.392..34.526 rows=247 loops=1)
              Join Filter: (cct2.id = cc.status_id)
              Rows Removed by Join Filter: 171
              ->  Seq Scan on comp_cast_type cct2  (cost=0.00..1.05 rows=1 width=4) (actual time=0.012..0.013 rows=1 loops=1)
                    Filter: ((kind)::text = 'complete'::text)
                    Rows Removed by Filter: 3
              ->  Nested Loop  (cost=9.22..3774.71 rows=2 width=56) (actual time=5.379..34.463 rows=418 loops=1)
                    Join Filter: (ml.movie_id = cc.movie_id)
                    ->  Nested Loop  (cost=8.80..3774.23 rows=1 width=68) (actual time=3.218..33.677 rows=475 loops=1)
                          ->  Nested Loop  (cost=8.38..3773.78 rows=1 width=53) (actual time=3.211..32.227 rows=874 loops=1)
                                Join Filter: (ct.id = mc.company_type_id)
                                ->  Seq Scan on company_type ct  (cost=0.00..1.05 rows=1 width=4) (actual time=0.002..0.003 rows=1 loops=1)
                                      Filter: ((kind)::text = 'production companies'::text)
                                      Rows Removed by Filter: 3
                                ->  Nested Loop  (cost=8.38..3772.70 rows=2 width=57) (actual time=3.209..32.093 rows=874 loops=1)
                                      Join Filter: (ml.movie_id = mc.movie_id)
                                      ->  Nested Loop  (cost=7.95..3772.14 rows=1 width=45) (actual time=3.201..31.415 rows=209 loops=1)
                                            Join Filter: (ml.movie_id = t.id)
                                            ->  Nested Loop  (cost=7.52..3771.63 rows=1 width=24) (actual time=2.317..30.747 rows=420 loops=1)
                                                  Join Filter: (ml.movie_id = mi.movie_id)
                                                  ->  Nested Loop  (cost=7.08..3770.11 rows=1 width=20) (actual time=2.116..28.957 rows=199 loops=1)
                                                        Join Filter: (ml.link_type_id = lt.id)
                                                        Rows Removed by Join Filter: 239
                                                        ->  Nested Loop  (cost=7.08..3768.56 rows=11 width=12) (actual time=2.109..28.858 rows=251 loops=1)
                                                              ->  Nested Loop  (cost=6.80..3754.10 rows=34 width=4) (actual time=2.104..20.175 rows=10544 loops=1)
                                                                    ->  Seq Scan on keyword k  (cost=0.00..2626.12 rows=1 width=4) (actual time=0.572..10.129 rows=1 loops=1)
                                                                          Filter: (keyword = 'sequel'::text)
                                                                          Rows Removed by Filter: 134169
                                                                    ->  Bitmap Heap Scan on movie_keyword mk  (cost=6.80..1124.92 rows=305 width=8) (actual time=1.530..8.947 rows=10544 loops=1)
                                                                          Recheck Cond: (keyword_id = k.id)
                                                                          Heap Blocks: exact=5570
                                                                          ->  Bitmap Index Scan on keyword_id_movie_keyword  (cost=0.00..6.72 rows=305 width=0) (actual time=0.842..0.842 rows=10544 loops=1)
                                                                                Index Cond: (keyword_id = k.id)
                                                              ->  Index Scan using movie_id_movie_link on movie_link ml  (cost=0.29..0.38 rows=5 width=8) (actual time=0.001..0.001 rows=0 loops=10544)
                                                                    Index Cond: (movie_id = mk.movie_id)
                                                        ->  Materialize  (cost=0.00..1.24 rows=2 width=16) (actual time=0.000..0.000 rows=2 loops=251)
                                                              ->  Seq Scan on link_type lt  (cost=0.00..1.23 rows=2 width=16) (actual time=0.003..0.006 rows=2 loops=1)
                                                                    Filter: ((link)::text ~~ '%follow%'::text)
                                                                    Rows Removed by Filter: 16
                                                  ->  Index Scan using movie_id_movie_info on movie_info mi  (cost=0.43..1.51 rows=1 width=4) (actual time=0.007..0.009 rows=2 loops=199)
                                                        Index Cond: (movie_id = mk.movie_id)
                                                        Filter: (info = ANY ('{Sweden,Germany,Swedish,German}'::text[]))
                                                        Rows Removed by Filter: 18
                                            ->  Index Scan using title_pkey on title t  (cost=0.43..0.49 rows=1 width=21) (actual time=0.001..0.001 rows=0 loops=420)
                                                  Index Cond: (id = mk.movie_id)
                                                  Filter: (production_year = 1998)
                                                  Rows Removed by Filter: 1
                                      ->  Index Scan using movie_id_movie_companies on movie_companies mc  (cost=0.43..0.54 rows=2 width=12) (actual time=0.002..0.002 rows=4 loops=209)
                                            Index Cond: (movie_id = mk.movie_id)
                                            Filter: (note IS NULL)
                                            Rows Removed by Filter: 1
                          ->  Index Scan using company_name_pkey on company_name cn  (cost=0.42..0.46 rows=1 width=23) (actual time=0.001..0.001 rows=1 loops=874)
                                Index Cond: (id = mc.company_id)
                                Filter: (((country_code)::text <> '[pl]'::text) AND ((name ~~ '%Film%'::text) OR (name ~~ '%Warner%'::text)))
                                Rows Removed by Filter: 0
                    ->  Index Scan using movie_id_complete_cast on complete_cast cc  (cost=0.42..0.46 rows=2 width=12) (actual time=0.001..0.001 rows=1 loops=475)
                          Index Cond: (movie_id = mk.movie_id)
        ->  Seq Scan on comp_cast_type cct1  (cost=0.00..1.05 rows=2 width=4) (actual time=0.000..0.000 rows=2 loops=247)
              Filter: ((kind)::text = ANY ('{cast,crew}'::text[]))
Planning time: 49.078 ms
Execution time: 35.037 ms
