Aggregate  (cost=3776.55..3776.56 rows=1 width=96) (actual time=33.964..33.964 rows=1 loops=1)
  ->  Nested Loop  (cost=9.22..3776.54 rows=1 width=48) (actual time=4.653..33.853 rows=247 loops=1)
        ->  Nested Loop  (cost=8.80..3776.08 rows=1 width=33) (actual time=4.647..32.938 rows=532 loops=1)
              Join Filter: (ct.id = mc.company_type_id)
              ->  Seq Scan on company_type ct  (cost=0.00..1.05 rows=1 width=4) (actual time=0.004..0.005 rows=1 loops=1)
                    Filter: ((kind)::text = 'production companies'::text)
                    Rows Removed by Filter: 3
              ->  Nested Loop  (cost=8.80..3775.02 rows=1 width=37) (actual time=4.642..32.866 rows=532 loops=1)
                    Join Filter: (ml.movie_id = mc.movie_id)
                    ->  Nested Loop  (cost=8.37..3774.45 rows=1 width=49) (actual time=4.634..32.474 rows=95 loops=1)
                          Join Filter: (cc.status_id = cct2.id)
                          Rows Removed by Join Filter: 57
                          ->  Nested Loop  (cost=8.37..3773.39 rows=1 width=53) (actual time=4.632..32.250 rows=152 loops=1)
                                Join Filter: (ml.link_type_id = lt.id)
                                Rows Removed by Join Filter: 122
                                ->  Nested Loop  (cost=8.37..3772.14 rows=1 width=45) (actual time=4.627..31.998 rows=152 loops=1)
                                      Join Filter: (cct1.id = cc.subject_id)
                                      Rows Removed by Join Filter: 57
                                      ->  Nested Loop  (cost=8.37..3771.07 rows=1 width=49) (actual time=4.623..31.789 rows=152 loops=1)
                                            Join Filter: (ml.movie_id = cc.movie_id)
                                            ->  Nested Loop  (cost=7.95..3770.59 rows=1 width=37) (actual time=3.476..31.423 rows=209 loops=1)
                                                  Join Filter: (ml.movie_id = t.id)
                                                  ->  Nested Loop  (cost=7.52..3770.08 rows=1 width=16) (actual time=2.238..30.754 rows=420 loops=1)
                                                        Join Filter: (ml.movie_id = mi.movie_id)
                                                        ->  Nested Loop  (cost=7.08..3768.56 rows=1 width=12) (actual time=2.060..28.265 rows=251 loops=1)
                                                              ->  Nested Loop  (cost=6.80..3754.10 rows=34 width=4) (actual time=2.056..19.725 rows=10544 loops=1)
                                                                    ->  Seq Scan on keyword k  (cost=0.00..2626.12 rows=1 width=4) (actual time=0.565..10.014 rows=1 loops=1)
                                                                          Filter: (keyword = 'sequel'::text)
                                                                          Rows Removed by Filter: 134169
                                                                    ->  Bitmap Heap Scan on movie_keyword mk  (cost=6.80..1124.92 rows=305 width=8) (actual time=1.489..8.650 rows=10544 loops=1)
                                                                          Recheck Cond: (keyword_id = k.id)
                                                                          Heap Blocks: exact=5570
                                                                          ->  Bitmap Index Scan on keyword_id_movie_keyword  (cost=0.00..6.72 rows=305 width=0) (actual time=0.780..0.780 rows=10544 loops=1)
                                                                                Index Cond: (keyword_id = k.id)
                                                              ->  Index Scan using movie_id_movie_link on movie_link ml  (cost=0.29..0.38 rows=5 width=8) (actual time=0.001..0.001 rows=0 loops=10544)
                                                                    Index Cond: (movie_id = mk.movie_id)
                                                        ->  Index Scan using movie_id_movie_info on movie_info mi  (cost=0.43..1.51 rows=1 width=4) (actual time=0.008..0.010 rows=2 loops=251)
                                                              Index Cond: (movie_id = mk.movie_id)
                                                              Filter: (info = ANY ('{Sweden,Germany,Swedish,German}'::text[]))
                                                              Rows Removed by Filter: 23
                                                  ->  Index Scan using title_pkey on title t  (cost=0.43..0.49 rows=1 width=21) (actual time=0.001..0.001 rows=0 loops=420)
                                                        Index Cond: (id = mk.movie_id)
                                                        Filter: (production_year = 1998)
                                                        Rows Removed by Filter: 1
                                            ->  Index Scan using movie_id_complete_cast on complete_cast cc  (cost=0.42..0.46 rows=2 width=12) (actual time=0.001..0.001 rows=1 loops=209)
                                                  Index Cond: (movie_id = mk.movie_id)
                                      ->  Seq Scan on comp_cast_type cct1  (cost=0.00..1.05 rows=2 width=4) (actual time=0.000..0.000 rows=1 loops=152)
                                            Filter: ((kind)::text = ANY ('{cast,crew}'::text[]))
                                ->  Seq Scan on link_type lt  (cost=0.00..1.23 rows=2 width=16) (actual time=0.001..0.001 rows=2 loops=152)
                                      Filter: ((link)::text ~~ '%follow%'::text)
                          ->  Seq Scan on comp_cast_type cct2  (cost=0.00..1.05 rows=1 width=4) (actual time=0.000..0.001 rows=1 loops=152)
                                Filter: ((kind)::text = 'complete'::text)
                                Rows Removed by Filter: 2
                    ->  Index Scan using movie_id_movie_companies on movie_companies mc  (cost=0.43..0.54 rows=2 width=12) (actual time=0.002..0.003 rows=6 loops=95)
                          Index Cond: (movie_id = mk.movie_id)
                          Filter: (note IS NULL)
                          Rows Removed by Filter: 1
        ->  Index Scan using company_name_pkey on company_name cn  (cost=0.42..0.46 rows=1 width=23) (actual time=0.001..0.001 rows=0 loops=532)
              Index Cond: (id = mc.company_id)
              Filter: (((country_code)::text <> '[pl]'::text) AND ((name ~~ '%Film%'::text) OR (name ~~ '%Warner%'::text)))
              Rows Removed by Filter: 1
Planning time: 49.251 ms
Execution time: 34.045 ms
