Aggregate  (cost=3776.55..3776.56 rows=1 width=96) (actual time=31.165..31.165 rows=1 loops=1)
  ->  Nested Loop  (cost=9.22..3776.54 rows=1 width=48) (actual time=3.151..31.069 rows=247 loops=1)
        Join Filter: (ml.movie_id = mi.movie_id)
        ->  Nested Loop  (cost=8.78..3775.01 rows=1 width=68) (actual time=3.136..30.421 rows=95 loops=1)
              ->  Nested Loop  (cost=8.36..3774.55 rows=1 width=53) (actual time=3.130..30.033 rows=190 loops=1)
                    Join Filter: (cct1.id = cc.subject_id)
                    Rows Removed by Join Filter: 152
                    ->  Nested Loop  (cost=8.36..3773.48 rows=1 width=57) (actual time=3.127..29.752 rows=190 loops=1)
                          Join Filter: (cct2.id = cc.status_id)
                          Rows Removed by Join Filter: 152
                          ->  Seq Scan on comp_cast_type cct2  (cost=0.00..1.05 rows=1 width=4) (actual time=0.004..0.005 rows=1 loops=1)
                                Filter: ((kind)::text = 'complete'::text)
                                Rows Removed by Filter: 3
                          ->  Nested Loop  (cost=8.36..3772.42 rows=1 width=61) (actual time=3.121..29.701 rows=342 loops=1)
                                Join Filter: (ml.movie_id = cc.movie_id)
                                ->  Nested Loop  (cost=7.94..3771.94 rows=1 width=49) (actual time=2.173..29.142 rows=305 loops=1)
                                      Join Filter: (ct.id = mc.company_type_id)
                                      ->  Seq Scan on company_type ct  (cost=0.00..1.05 rows=1 width=4) (actual time=0.002..0.003 rows=1 loops=1)
                                            Filter: ((kind)::text = 'production companies'::text)
                                            Rows Removed by Filter: 3
                                      ->  Nested Loop  (cost=7.94..3770.87 rows=1 width=53) (actual time=2.170..29.092 rows=305 loops=1)
                                            Join Filter: (ml.movie_id = mc.movie_id)
                                            ->  Nested Loop  (cost=7.51..3770.31 rows=1 width=41) (actual time=2.162..28.811 rows=77 loops=1)
                                                  Join Filter: (ml.movie_id = t.id)
                                                  ->  Nested Loop  (cost=7.08..3769.81 rows=1 width=20) (actual time=2.028..28.421 rows=199 loops=1)
                                                        Join Filter: (lt.id = ml.link_type_id)
                                                        Rows Removed by Join Filter: 239
                                                        ->  Nested Loop  (cost=7.08..3768.56 rows=1 width=12) (actual time=2.024..27.893 rows=251 loops=1)
                                                              ->  Nested Loop  (cost=6.80..3754.10 rows=34 width=4) (actual time=2.019..19.709 rows=10544 loops=1)
                                                                    ->  Seq Scan on keyword k  (cost=0.00..2626.12 rows=1 width=4) (actual time=0.566..10.152 rows=1 loops=1)
                                                                          Filter: (keyword = 'sequel'::text)
                                                                          Rows Removed by Filter: 134169
                                                                    ->  Bitmap Heap Scan on movie_keyword mk  (cost=6.80..1124.92 rows=305 width=8) (actual time=1.451..8.532 rows=10544 loops=1)
                                                                          Recheck Cond: (keyword_id = k.id)
                                                                          Heap Blocks: exact=5570
                                                                          ->  Bitmap Index Scan on keyword_id_movie_keyword  (cost=0.00..6.72 rows=305 width=0) (actual time=0.776..0.776 rows=10544 loops=1)
                                                                                Index Cond: (keyword_id = k.id)
                                                              ->  Index Scan using movie_id_movie_link on movie_link ml  (cost=0.29..0.38 rows=5 width=8) (actual time=0.001..0.001 rows=0 loops=10544)
                                                                    Index Cond: (movie_id = mk.movie_id)
                                                        ->  Seq Scan on link_type lt  (cost=0.00..1.23 rows=2 width=16) (actual time=0.001..0.001 rows=2 loops=251)
                                                              Filter: ((link)::text ~~ '%follow%'::text)
                                                              Rows Removed by Filter: 3
                                                  ->  Index Scan using title_pkey on title t  (cost=0.43..0.49 rows=1 width=21) (actual time=0.002..0.002 rows=0 loops=199)
                                                        Index Cond: (id = mk.movie_id)
                                                        Filter: (production_year = 1998)
                                                        Rows Removed by Filter: 1
                                            ->  Index Scan using movie_id_movie_companies on movie_companies mc  (cost=0.43..0.54 rows=2 width=12) (actual time=0.002..0.003 rows=4 loops=77)
                                                  Index Cond: (movie_id = mk.movie_id)
                                                  Filter: (note IS NULL)
                                                  Rows Removed by Filter: 1
                                ->  Index Scan using movie_id_complete_cast on complete_cast cc  (cost=0.42..0.46 rows=2 width=12) (actual time=0.001..0.001 rows=1 loops=305)
                                      Index Cond: (movie_id = mk.movie_id)
                    ->  Seq Scan on comp_cast_type cct1  (cost=0.00..1.05 rows=2 width=4) (actual time=0.000..0.000 rows=2 loops=190)
                          Filter: ((kind)::text = ANY ('{cast,crew}'::text[]))
              ->  Index Scan using company_name_pkey on company_name cn  (cost=0.42..0.46 rows=1 width=23) (actual time=0.002..0.002 rows=0 loops=190)
                    Index Cond: (id = mc.company_id)
                    Filter: (((country_code)::text <> '[pl]'::text) AND ((name ~~ '%Film%'::text) OR (name ~~ '%Warner%'::text)))
                    Rows Removed by Filter: 0
        ->  Index Scan using movie_id_movie_info on movie_info mi  (cost=0.43..1.51 rows=1 width=4) (actual time=0.005..0.006 rows=3 loops=95)
              Index Cond: (movie_id = mk.movie_id)
              Filter: (info = ANY ('{Sweden,Germany,Swedish,German}'::text[]))
              Rows Removed by Filter: 10
Planning time: 48.984 ms
Execution time: 31.243 ms
