Aggregate  (cost=3776.57..3776.58 rows=1 width=96) (actual time=32.515..32.516 rows=1 loops=1)
  ->  Nested Loop  (cost=9.22..3776.56 rows=1 width=48) (actual time=2.723..32.415 rows=247 loops=1)
        ->  Nested Loop  (cost=8.80..3776.11 rows=1 width=33) (actual time=2.716..31.473 rows=532 loops=1)
              Join Filter: (ml.movie_id = mi.movie_id)
              ->  Nested Loop  (cost=8.36..3774.58 rows=1 width=53) (actual time=2.701..30.129 rows=190 loops=1)
                    Join Filter: (ml.link_type_id = lt.id)
                    Rows Removed by Join Filter: 152
                    ->  Nested Loop  (cost=8.36..3773.33 rows=1 width=45) (actual time=2.696..29.811 rows=190 loops=1)
                          Join Filter: (ct.id = mc.company_type_id)
                          ->  Seq Scan on company_type ct  (cost=0.00..1.05 rows=1 width=4) (actual time=0.004..0.005 rows=1 loops=1)
                                Filter: ((kind)::text = 'production companies'::text)
                                Rows Removed by Filter: 3
                          ->  Nested Loop  (cost=8.36..3772.25 rows=2 width=49) (actual time=2.692..29.774 rows=190 loops=1)
                                Join Filter: (ml.movie_id = mc.movie_id)
                                ->  Nested Loop  (cost=7.93..3771.69 rows=1 width=37) (actual time=2.682..29.614 rows=38 loops=1)
                                      Join Filter: (cct1.id = cc.subject_id)
                                      Rows Removed by Join Filter: 19
                                      ->  Nested Loop  (cost=7.93..3770.61 rows=1 width=41) (actual time=2.678..29.539 rows=38 loops=1)
                                            Join Filter: (cct2.id = cc.status_id)
                                            Rows Removed by Join Filter: 19
                                            ->  Seq Scan on comp_cast_type cct2  (cost=0.00..1.05 rows=1 width=4) (actual time=0.002..0.003 rows=1 loops=1)
                                                  Filter: ((kind)::text = 'complete'::text)
                                                  Rows Removed by Filter: 3
                                            ->  Nested Loop  (cost=7.93..3769.54 rows=2 width=45) (actual time=2.675..29.527 rows=57 loops=1)
                                                  Join Filter: (ml.movie_id = cc.movie_id)
                                                  ->  Nested Loop  (cost=7.51..3769.06 rows=1 width=33) (actual time=2.247..29.379 rows=77 loops=1)
                                                        Join Filter: (ml.movie_id = t.id)
                                                        ->  Nested Loop  (cost=7.08..3768.56 rows=1 width=12) (actual time=2.137..28.925 rows=251 loops=1)
                                                              ->  Nested Loop  (cost=6.80..3754.10 rows=34 width=4) (actual time=2.132..20.491 rows=10544 loops=1)
                                                                    ->  Seq Scan on keyword k  (cost=0.00..2626.12 rows=1 width=4) (actual time=0.586..10.359 rows=1 loops=1)
                                                                          Filter: (keyword = 'sequel'::text)
                                                                          Rows Removed by Filter: 134169
                                                                    ->  Bitmap Heap Scan on movie_keyword mk  (cost=6.80..1124.92 rows=305 width=8) (actual time=1.545..9.065 rows=10544 loops=1)
                                                                          Recheck Cond: (keyword_id = k.id)
                                                                          Heap Blocks: exact=5570
                                                                          ->  Bitmap Index Scan on keyword_id_movie_keyword  (cost=0.00..6.72 rows=305 width=0) (actual time=0.842..0.842 rows=10544 loops=1)
                                                                                Index Cond: (keyword_id = k.id)
                                                              ->  Index Scan using movie_id_movie_link on movie_link ml  (cost=0.29..0.38 rows=5 width=8) (actual time=0.001..0.001 rows=0 loops=10544)
                                                                    Index Cond: (movie_id = mk.movie_id)
                                                        ->  Index Scan using title_pkey on title t  (cost=0.43..0.49 rows=1 width=21) (actual time=0.002..0.002 rows=0 loops=251)
                                                              Index Cond: (id = mk.movie_id)
                                                              Filter: (production_year = 1998)
                                                              Rows Removed by Filter: 1
                                                  ->  Index Scan using movie_id_complete_cast on complete_cast cc  (cost=0.42..0.46 rows=2 width=12) (actual time=0.001..0.001 rows=1 loops=77)
                                                        Index Cond: (movie_id = mk.movie_id)
                                      ->  Seq Scan on comp_cast_type cct1  (cost=0.00..1.05 rows=2 width=4) (actual time=0.001..0.001 rows=2 loops=38)
                                            Filter: ((kind)::text = ANY ('{cast,crew}'::text[]))
                                ->  Index Scan using movie_id_movie_companies on movie_companies mc  (cost=0.43..0.54 rows=2 width=12) (actual time=0.002..0.003 rows=5 loops=38)
                                      Index Cond: (movie_id = mk.movie_id)
                                      Filter: (note IS NULL)
                                      Rows Removed by Filter: 1
                    ->  Seq Scan on link_type lt  (cost=0.00..1.23 rows=2 width=16) (actual time=0.001..0.001 rows=2 loops=190)
                          Filter: ((link)::text ~~ '%follow%'::text)
              ->  Index Scan using movie_id_movie_info on movie_info mi  (cost=0.43..1.51 rows=1 width=4) (actual time=0.005..0.007 rows=3 loops=190)
                    Index Cond: (movie_id = mk.movie_id)
                    Filter: (info = ANY ('{Sweden,Germany,Swedish,German}'::text[]))
                    Rows Removed by Filter: 11
        ->  Index Scan using company_name_pkey on company_name cn  (cost=0.42..0.46 rows=1 width=23) (actual time=0.002..0.002 rows=0 loops=532)
              Index Cond: (id = mc.company_id)
              Filter: (((country_code)::text <> '[pl]'::text) AND ((name ~~ '%Film%'::text) OR (name ~~ '%Warner%'::text)))
              Rows Removed by Filter: 1
Planning time: 49.194 ms
Execution time: 32.599 ms
