Aggregate  (cost=3776.55..3776.56 rows=1 width=96) (actual time=32.169..32.169 rows=1 loops=1)
  ->  Nested Loop  (cost=9.22..3776.54 rows=1 width=48) (actual time=3.519..32.079 rows=247 loops=1)
        Join Filter: (ml.movie_id = mi.movie_id)
        ->  Nested Loop  (cost=8.78..3775.01 rows=1 width=68) (actual time=3.505..31.453 rows=95 loops=1)
              Join Filter: (ml.movie_id = t.id)
              ->  Nested Loop  (cost=8.35..3774.51 rows=1 width=47) (actual time=2.209..31.157 rows=172 loops=1)
                    Join Filter: (mc.company_type_id = ct.id)
                    Rows Removed by Join Filter: 19
                    ->  Nested Loop  (cost=8.35..3773.45 rows=1 width=51) (actual time=2.206..30.886 rows=191 loops=1)
                          ->  Nested Loop  (cost=7.93..3772.99 rows=1 width=36) (actual time=2.158..30.094 rows=427 loops=1)
                                Join Filter: (ml.movie_id = mc.movie_id)
                                ->  Nested Loop  (cost=7.50..3772.42 rows=1 width=24) (actual time=2.150..29.773 rows=77 loops=1)
                                      Join Filter: (ml.link_type_id = lt.id)
                                      Rows Removed by Join Filter: 104
                                      ->  Nested Loop  (cost=7.50..3771.17 rows=1 width=16) (actual time=2.137..29.566 rows=98 loops=1)
                                            Join Filter: (cct1.id = cc.subject_id)
                                            Rows Removed by Join Filter: 21
                                            ->  Nested Loop  (cost=7.50..3770.10 rows=1 width=20) (actual time=2.133..29.427 rows=98 loops=1)
                                                  Join Filter: (cct2.id = cc.status_id)
                                                  Rows Removed by Join Filter: 21
                                                  ->  Seq Scan on comp_cast_type cct2  (cost=0.00..1.05 rows=1 width=4) (actual time=0.004..0.005 rows=1 loops=1)
                                                        Filter: ((kind)::text = 'complete'::text)
                                                        Rows Removed by Filter: 3
                                                  ->  Nested Loop  (cost=7.50..3769.04 rows=1 width=24) (actual time=2.128..29.403 rows=119 loops=1)
                                                        Join Filter: (ml.movie_id = cc.movie_id)
                                                        ->  Nested Loop  (cost=7.08..3768.56 rows=1 width=12) (actual time=2.080..29.014 rows=251 loops=1)
                                                              ->  Nested Loop  (cost=6.80..3754.10 rows=34 width=4) (actual time=2.076..20.161 rows=10544 loops=1)
                                                                    ->  Seq Scan on keyword k  (cost=0.00..2626.12 rows=1 width=4) (actual time=0.578..10.210 rows=1 loops=1)
                                                                          Filter: (keyword = 'sequel'::text)
                                                                          Rows Removed by Filter: 134169
                                                                    ->  Bitmap Heap Scan on movie_keyword mk  (cost=6.80..1124.92 rows=305 width=8) (actual time=1.496..8.848 rows=10544 loops=1)
                                                                          Recheck Cond: (keyword_id = k.id)
                                                                          Heap Blocks: exact=5570
                                                                          ->  Bitmap Index Scan on keyword_id_movie_keyword  (cost=0.00..6.72 rows=305 width=0) (actual time=0.785..0.785 rows=10544 loops=1)
                                                                                Index Cond: (keyword_id = k.id)
                                                              ->  Index Scan using movie_id_movie_link on movie_link ml  (cost=0.29..0.38 rows=5 width=8) (actual time=0.001..0.001 rows=0 loops=10544)
                                                                    Index Cond: (movie_id = mk.movie_id)
                                                        ->  Index Scan using movie_id_complete_cast on complete_cast cc  (cost=0.42..0.46 rows=2 width=12) (actual time=0.001..0.001 rows=0 loops=251)
                                                              Index Cond: (movie_id = mk.movie_id)
                                            ->  Seq Scan on comp_cast_type cct1  (cost=0.00..1.05 rows=2 width=4) (actual time=0.000..0.000 rows=1 loops=98)
                                                  Filter: ((kind)::text = ANY ('{cast,crew}'::text[]))
                                      ->  Seq Scan on link_type lt  (cost=0.00..1.23 rows=2 width=16) (actual time=0.001..0.001 rows=2 loops=98)
                                            Filter: ((link)::text ~~ '%follow%'::text)
                                            Rows Removed by Filter: 3
                                ->  Index Scan using movie_id_movie_companies on movie_companies mc  (cost=0.43..0.54 rows=2 width=12) (actual time=0.002..0.003 rows=6 loops=77)
                                      Index Cond: (movie_id = mk.movie_id)
                                      Filter: (note IS NULL)
                                      Rows Removed by Filter: 1
                          ->  Index Scan using company_name_pkey on company_name cn  (cost=0.42..0.46 rows=1 width=23) (actual time=0.002..0.002 rows=0 loops=427)
                                Index Cond: (id = mc.company_id)
                                Filter: (((country_code)::text <> '[pl]'::text) AND ((name ~~ '%Film%'::text) OR (name ~~ '%Warner%'::text)))
                                Rows Removed by Filter: 1
                    ->  Seq Scan on company_type ct  (cost=0.00..1.05 rows=1 width=4) (actual time=0.000..0.000 rows=1 loops=191)
                          Filter: ((kind)::text = 'production companies'::text)
                          Rows Removed by Filter: 1
              ->  Index Scan using title_pkey on title t  (cost=0.43..0.49 rows=1 width=21) (actual time=0.001..0.001 rows=1 loops=172)
                    Index Cond: (id = mk.movie_id)
                    Filter: (production_year = 1998)
                    Rows Removed by Filter: 0
        ->  Index Scan using movie_id_movie_info on movie_info mi  (cost=0.43..1.51 rows=1 width=4) (actual time=0.005..0.006 rows=3 loops=95)
              Index Cond: (movie_id = mk.movie_id)
              Filter: (info = ANY ('{Sweden,Germany,Swedish,German}'::text[]))
              Rows Removed by Filter: 10
Planning time: 49.051 ms
Execution time: 32.248 ms
