Aggregate  (cost=3776.82..3776.83 rows=1 width=96) (actual time=43.376..43.376 rows=1 loops=1)
  ->  Nested Loop  (cost=9.22..3776.82 rows=1 width=48) (actual time=2.407..43.111 rows=743 loops=1)
        Join Filter: (ml.movie_id = t.id)
        ->  Nested Loop  (cost=8.79..3776.31 rows=1 width=51) (actual time=2.401..41.875 rows=743 loops=1)
              Join Filter: (mc.company_type_id = ct.id)
              Rows Removed by Join Filter: 95
              ->  Nested Loop  (cost=8.79..3775.25 rows=1 width=55) (actual time=2.397..40.730 rows=838 loops=1)
                    Join Filter: (cc.status_id = cct2.id)
                    Rows Removed by Join Filter: 285
                    ->  Nested Loop  (cost=8.79..3774.17 rows=1 width=59) (actual time=2.394..39.487 rows=838 loops=1)
                          Join Filter: (cct1.id = cc.subject_id)
                          Rows Removed by Join Filter: 285
                          ->  Seq Scan on comp_cast_type cct1  (cost=0.00..1.05 rows=1 width=4) (actual time=0.005..0.006 rows=1 loops=1)
                                Filter: ((kind)::text = 'cast'::text)
                                Rows Removed by Filter: 3
                          ->  Nested Loop  (cost=8.79..3773.11 rows=1 width=63) (actual time=2.388..39.326 rows=1123 loops=1)
                                Join Filter: (ml.movie_id = cc.movie_id)
                                ->  Nested Loop  (cost=8.37..3772.63 rows=1 width=51) (actual time=2.358..36.448 rows=1970 loops=1)
                                      Join Filter: (ml.movie_id = mi.movie_id)
                                      ->  Nested Loop  (cost=7.93..3770.83 rows=1 width=47) (actual time=2.344..32.136 rows=422 loops=1)
                                            ->  Nested Loop  (cost=7.51..3770.37 rows=1 width=32) (actual time=2.126..30.289 rows=1021 loops=1)
                                                  Join Filter: (ml.movie_id = mc.movie_id)
                                                  ->  Nested Loop  (cost=7.08..3769.81 rows=1 width=20) (actual time=2.118..29.482 rows=199 loops=1)
                                                        Join Filter: (lt.id = ml.link_type_id)
                                                        Rows Removed by Join Filter: 239
                                                        ->  Nested Loop  (cost=7.08..3768.56 rows=1 width=12) (actual time=2.113..28.984 rows=251 loops=1)
                                                              ->  Nested Loop  (cost=6.80..3754.10 rows=34 width=4) (actual time=2.107..20.236 rows=10544 loops=1)
                                                                    ->  Seq Scan on keyword k  (cost=0.00..2626.12 rows=1 width=4) (actual time=0.574..10.239 rows=1 loops=1)
                                                                          Filter: (keyword = 'sequel'::text)
                                                                          Rows Removed by Filter: 134169
                                                                    ->  Bitmap Heap Scan on movie_keyword mk  (cost=6.80..1124.92 rows=305 width=8) (actual time=1.532..8.889 rows=10544 loops=1)
                                                                          Recheck Cond: (keyword_id = k.id)
                                                                          Heap Blocks: exact=5570
                                                                          ->  Bitmap Index Scan on keyword_id_movie_keyword  (cost=0.00..6.72 rows=305 width=0) (actual time=0.823..0.823 rows=10544 loops=1)
                                                                                Index Cond: (keyword_id = k.id)
                                                              ->  Index Scan using movie_id_movie_link on movie_link ml  (cost=0.29..0.38 rows=5 width=8) (actual time=0.001..0.001 rows=0 loops=10544)
                                                                    Index Cond: (movie_id = mk.movie_id)
                                                        ->  Seq Scan on link_type lt  (cost=0.00..1.23 rows=2 width=16) (actual time=0.001..0.001 rows=2 loops=251)
                                                              Filter: ((link)::text ~~ '%follow%'::text)
                                                              Rows Removed by Filter: 3
                                                  ->  Index Scan using movie_id_movie_companies on movie_companies mc  (cost=0.43..0.54 rows=2 width=12) (actual time=0.002..0.003 rows=5 loops=199)
                                                        Index Cond: (movie_id = mk.movie_id)
                                                        Filter: (note IS NULL)
                                                        Rows Removed by Filter: 2
                                            ->  Index Scan using company_name_pkey on company_name cn  (cost=0.42..0.46 rows=1 width=23) (actual time=0.002..0.002 rows=0 loops=1021)
                                                  Index Cond: (id = mc.company_id)
                                                  Filter: (((country_code)::text <> '[pl]'::text) AND ((name ~~ '%Film%'::text) OR (name ~~ '%Warner%'::text)))
                                                  Rows Removed by Filter: 1
                                      ->  Index Scan using movie_id_movie_info on movie_info mi  (cost=0.43..1.76 rows=3 width=4) (actual time=0.007..0.009 rows=5 loops=422)
                                            Index Cond: (movie_id = mk.movie_id)
                                            Filter: (info = ANY ('{Sweden,Norway,Germany,Denmark,Swedish,Denish,Norwegian,German,English}'::text[]))
                                            Rows Removed by Filter: 17
                                ->  Index Scan using movie_id_complete_cast on complete_cast cc  (cost=0.42..0.46 rows=2 width=12) (actual time=0.001..0.001 rows=1 loops=1970)
                                      Index Cond: (movie_id = mk.movie_id)
                    ->  Seq Scan on comp_cast_type cct2  (cost=0.00..1.05 rows=2 width=4) (actual time=0.001..0.001 rows=1 loops=838)
                          Filter: ((kind)::text ~~ 'complete%'::text)
                          Rows Removed by Filter: 2
              ->  Seq Scan on company_type ct  (cost=0.00..1.05 rows=1 width=4) (actual time=0.000..0.000 rows=1 loops=838)
                    Filter: ((kind)::text = 'production companies'::text)
                    Rows Removed by Filter: 1
        ->  Index Scan using title_pkey on title t  (cost=0.43..0.49 rows=1 width=21) (actual time=0.001..0.001 rows=1 loops=743)
              Index Cond: (id = mk.movie_id)
              Filter: ((production_year >= 1950) AND (production_year <= 2010))
Planning time: 48.552 ms
Execution time: 43.464 ms
