Aggregate  (cost=3776.82..3776.83 rows=1 width=96) (actual time=42.284..42.284 rows=1 loops=1)
  ->  Nested Loop  (cost=9.22..3776.82 rows=1 width=48) (actual time=2.371..42.018 rows=743 loops=1)
        Join Filter: (ml.movie_id = t.id)
        ->  Nested Loop  (cost=8.79..3776.31 rows=1 width=51) (actual time=2.364..40.798 rows=743 loops=1)
              Join Filter: (mc.company_type_id = ct.id)
              Rows Removed by Join Filter: 95
              ->  Nested Loop  (cost=8.79..3775.25 rows=1 width=55) (actual time=2.360..39.673 rows=838 loops=1)
                    Join Filter: (cc.subject_id = cct1.id)
                    Rows Removed by Join Filter: 285
                    ->  Nested Loop  (cost=8.79..3774.19 rows=1 width=59) (actual time=2.358..38.347 rows=1123 loops=1)
                          Join Filter: (cc.status_id = cct2.id)
                          Rows Removed by Join Filter: 285
                          ->  Nested Loop  (cost=8.79..3773.11 rows=1 width=63) (actual time=2.353..36.762 rows=1123 loops=1)
                                ->  Nested Loop  (cost=8.37..3772.65 rows=1 width=48) (actual time=2.239..32.341 rows=2673 loops=1)
                                      Join Filter: (ml.movie_id = mc.movie_id)
                                      ->  Nested Loop  (cost=7.94..3772.09 rows=1 width=36) (actual time=2.230..30.815 rows=346 loops=1)
                                            Join Filter: (ml.movie_id = mi.movie_id)
                                            ->  Nested Loop  (cost=7.50..3770.29 rows=1 width=32) (actual time=2.212..29.826 rows=98 loops=1)
                                                  Join Filter: (ml.movie_id = cc.movie_id)
                                                  ->  Nested Loop  (cost=7.08..3769.81 rows=1 width=20) (actual time=2.137..29.502 rows=199 loops=1)
                                                        Join Filter: (lt.id = ml.link_type_id)
                                                        Rows Removed by Join Filter: 239
                                                        ->  Nested Loop  (cost=7.08..3768.56 rows=1 width=12) (actual time=2.132..28.994 rows=251 loops=1)
                                                              ->  Nested Loop  (cost=6.80..3754.10 rows=34 width=4) (actual time=2.127..20.231 rows=10544 loops=1)
                                                                    ->  Seq Scan on keyword k  (cost=0.00..2626.12 rows=1 width=4) (actual time=0.588..10.237 rows=1 loops=1)
                                                                          Filter: (keyword = 'sequel'::text)
                                                                          Rows Removed by Filter: 134169
                                                                    ->  Bitmap Heap Scan on movie_keyword mk  (cost=6.80..1124.92 rows=305 width=8) (actual time=1.537..8.900 rows=10544 loops=1)
                                                                          Recheck Cond: (keyword_id = k.id)
                                                                          Heap Blocks: exact=5570
                                                                          ->  Bitmap Index Scan on keyword_id_movie_keyword  (cost=0.00..6.72 rows=305 width=0) (actual time=0.827..0.827 rows=10544 loops=1)
                                                                                Index Cond: (keyword_id = k.id)
                                                              ->  Index Scan using movie_id_movie_link on movie_link ml  (cost=0.29..0.38 rows=5 width=8) (actual time=0.001..0.001 rows=0 loops=10544)
                                                                    Index Cond: (movie_id = mk.movie_id)
                                                        ->  Seq Scan on link_type lt  (cost=0.00..1.23 rows=2 width=16) (actual time=0.001..0.001 rows=2 loops=251)
                                                              Filter: ((link)::text ~~ '%follow%'::text)
                                                              Rows Removed by Filter: 3
                                                  ->  Index Scan using movie_id_complete_cast on complete_cast cc  (cost=0.42..0.46 rows=2 width=12) (actual time=0.001..0.001 rows=0 loops=199)
                                                        Index Cond: (movie_id = mk.movie_id)
                                            ->  Index Scan using movie_id_movie_info on movie_info mi  (cost=0.43..1.76 rows=3 width=4) (actual time=0.008..0.009 rows=4 loops=98)
                                                  Index Cond: (movie_id = mk.movie_id)
                                                  Filter: (info = ANY ('{Sweden,Norway,Germany,Denmark,Swedish,Denish,Norwegian,German,English}'::text[]))
                                                  Rows Removed by Filter: 15
                                      ->  Index Scan using movie_id_movie_companies on movie_companies mc  (cost=0.43..0.54 rows=2 width=12) (actual time=0.002..0.003 rows=8 loops=346)
                                            Index Cond: (movie_id = mk.movie_id)
                                            Filter: (note IS NULL)
                                            Rows Removed by Filter: 1
                                ->  Index Scan using company_name_pkey on company_name cn  (cost=0.42..0.46 rows=1 width=23) (actual time=0.001..0.001 rows=0 loops=2673)
                                      Index Cond: (id = mc.company_id)
                                      Filter: (((country_code)::text <> '[pl]'::text) AND ((name ~~ '%Film%'::text) OR (name ~~ '%Warner%'::text)))
                                      Rows Removed by Filter: 1
                          ->  Seq Scan on comp_cast_type cct2  (cost=0.00..1.05 rows=2 width=4) (actual time=0.000..0.000 rows=1 loops=1123)
                                Filter: ((kind)::text ~~ 'complete%'::text)
                                Rows Removed by Filter: 2
                    ->  Seq Scan on comp_cast_type cct1  (cost=0.00..1.05 rows=1 width=4) (actual time=0.000..0.000 rows=1 loops=1123)
                          Filter: ((kind)::text = 'cast'::text)
                          Rows Removed by Filter: 1
              ->  Seq Scan on company_type ct  (cost=0.00..1.05 rows=1 width=4) (actual time=0.000..0.000 rows=1 loops=838)
                    Filter: ((kind)::text = 'production companies'::text)
                    Rows Removed by Filter: 1
        ->  Index Scan using title_pkey on title t  (cost=0.43..0.49 rows=1 width=21) (actual time=0.001..0.001 rows=1 loops=743)
              Index Cond: (id = mk.movie_id)
              Filter: ((production_year >= 1950) AND (production_year <= 2010))
Planning time: 48.555 ms
Execution time: 42.372 ms
