Aggregate  (cost=3777.36..3777.37 rows=1 width=96) (actual time=51.161..51.161 rows=1 loops=1)
  ->  Nested Loop  (cost=9.22..3777.35 rows=1 width=48) (actual time=2.538..50.875 rows=743 loops=1)
        Join Filter: (ml.movie_id = t.id)
        ->  Nested Loop  (cost=8.79..3776.85 rows=1 width=51) (actual time=2.532..49.587 rows=743 loops=1)
              Join Filter: (mc.company_type_id = ct.id)
              Rows Removed by Join Filter: 95
              ->  Nested Loop  (cost=8.79..3775.79 rows=1 width=55) (actual time=2.529..48.381 rows=838 loops=1)
                    Join Filter: (cc.subject_id = cct1.id)
                    Rows Removed by Join Filter: 285
                    ->  Nested Loop  (cost=8.79..3774.72 rows=1 width=59) (actual time=2.525..46.873 rows=1123 loops=1)
                          Join Filter: (cct2.id = cc.status_id)
                          Rows Removed by Join Filter: 1123
                          ->  Seq Scan on comp_cast_type cct2  (cost=0.00..1.05 rows=2 width=4) (actual time=0.004..0.005 rows=2 loops=1)
                                Filter: ((kind)::text ~~ 'complete%'::text)
                                Rows Removed by Filter: 2
                          ->  Materialize  (cost=8.79..3773.62 rows=2 width=63) (actual time=1.260..23.281 rows=1123 loops=2)
                                ->  Nested Loop  (cost=8.79..3773.61 rows=2 width=63) (actual time=2.519..46.217 rows=1123 loops=1)
                                      Join Filter: (ml.movie_id = cc.movie_id)
                                      ->  Nested Loop  (cost=8.37..3773.13 rows=1 width=51) (actual time=2.487..43.196 rows=1970 loops=1)
                                            ->  Nested Loop  (cost=7.95..3772.21 rows=2 width=36) (actual time=2.121..35.195 rows=4602 loops=1)
                                                  Join Filter: (ml.movie_id = mc.movie_id)
                                                  ->  Nested Loop  (cost=7.52..3771.65 rows=1 width=24) (actual time=2.112..32.083 rows=746 loops=1)
                                                        Join Filter: (ml.link_type_id = lt.id)
                                                        Rows Removed by Join Filter: 646
                                                        ->  Nested Loop  (cost=7.52..3770.36 rows=2 width=16) (actual time=2.106..31.792 rows=805 loops=1)
                                                              Join Filter: (ml.movie_id = mi.movie_id)
                                                              ->  Nested Loop  (cost=7.08..3768.56 rows=1 width=12) (actual time=2.072..28.827 rows=251 loops=1)
                                                                    ->  Nested Loop  (cost=6.80..3754.10 rows=34 width=4) (actual time=2.068..20.069 rows=10544 loops=1)
                                                                          ->  Seq Scan on keyword k  (cost=0.00..2626.12 rows=1 width=4) (actual time=0.578..10.203 rows=1 loops=1)
                                                                                Filter: (keyword = 'sequel'::text)
                                                                                Rows Removed by Filter: 134169
                                                                          ->  Bitmap Heap Scan on movie_keyword mk  (cost=6.80..1124.92 rows=305 width=8) (actual time=1.487..8.763 rows=10544 loops=1)
                                                                                Recheck Cond: (keyword_id = k.id)
                                                                                Heap Blocks: exact=5570
                                                                                ->  Bitmap Index Scan on keyword_id_movie_keyword  (cost=0.00..6.72 rows=305 width=0) (actual time=0.802..0.802 rows=10544 loops=1)
                                                                                      Index Cond: (keyword_id = k.id)
                                                                    ->  Index Scan using movie_id_movie_link on movie_link ml  (cost=0.29..0.38 rows=5 width=8) (actual time=0.001..0.001 rows=0 loops=10544)
                                                                          Index Cond: (movie_id = mk.movie_id)
                                                              ->  Index Scan using movie_id_movie_info on movie_info mi  (cost=0.43..1.76 rows=3 width=4) (actual time=0.010..0.011 rows=3 loops=251)
                                                                    Index Cond: (movie_id = mk.movie_id)
                                                                    Filter: (info = ANY ('{Sweden,Norway,Germany,Denmark,Swedish,Denish,Norwegian,German,English}'::text[]))
                                                                    Rows Removed by Filter: 21
                                                        ->  Materialize  (cost=0.00..1.24 rows=2 width=16) (actual time=0.000..0.000 rows=2 loops=805)
                                                              ->  Seq Scan on link_type lt  (cost=0.00..1.23 rows=2 width=16) (actual time=0.004..0.006 rows=2 loops=1)
                                                                    Filter: ((link)::text ~~ '%follow%'::text)
                                                                    Rows Removed by Filter: 16
                                                  ->  Index Scan using movie_id_movie_companies on movie_companies mc  (cost=0.43..0.54 rows=2 width=12) (actual time=0.002..0.003 rows=6 loops=746)
                                                        Index Cond: (movie_id = mk.movie_id)
                                                        Filter: (note IS NULL)
                                                        Rows Removed by Filter: 2
                                            ->  Index Scan using company_name_pkey on company_name cn  (cost=0.42..0.46 rows=1 width=23) (actual time=0.002..0.002 rows=0 loops=4602)
                                                  Index Cond: (id = mc.company_id)
                                                  Filter: (((country_code)::text <> '[pl]'::text) AND ((name ~~ '%Film%'::text) OR (name ~~ '%Warner%'::text)))
                                                  Rows Removed by Filter: 1
                                      ->  Index Scan using movie_id_complete_cast on complete_cast cc  (cost=0.42..0.46 rows=2 width=12) (actual time=0.001..0.001 rows=1 loops=1970)
                                            Index Cond: (movie_id = mk.movie_id)
                    ->  Seq Scan on comp_cast_type cct1  (cost=0.00..1.05 rows=1 width=4) (actual time=0.000..0.000 rows=1 loops=1123)
                          Filter: ((kind)::text = 'cast'::text)
                          Rows Removed by Filter: 1
              ->  Seq Scan on company_type ct  (cost=0.00..1.05 rows=1 width=4) (actual time=0.000..0.000 rows=1 loops=838)
                    Filter: ((kind)::text = 'production companies'::text)
                    Rows Removed by Filter: 1
        ->  Index Scan using title_pkey on title t  (cost=0.43..0.49 rows=1 width=21) (actual time=0.001..0.001 rows=1 loops=743)
              Index Cond: (id = mk.movie_id)
              Filter: ((production_year >= 1950) AND (production_year <= 2010))
Planning time: 48.710 ms
Execution time: 51.246 ms
