Aggregate  (cost=3776.82..3776.83 rows=1 width=96) (actual time=62.437..62.437 rows=1 loops=1)
  ->  Nested Loop  (cost=9.22..3776.82 rows=1 width=48) (actual time=2.780..62.154 rows=743 loops=1)
        Join Filter: (cct2.id = cc.status_id)
        Rows Removed by Join Filter: 285
        ->  Nested Loop  (cost=9.22..3775.74 rows=1 width=52) (actual time=2.776..61.060 rows=743 loops=1)
              Join Filter: (cct1.id = cc.subject_id)
              Rows Removed by Join Filter: 285
              ->  Seq Scan on comp_cast_type cct1  (cost=0.00..1.05 rows=1 width=4) (actual time=0.004..0.005 rows=1 loops=1)
                    Filter: ((kind)::text = 'cast'::text)
                    Rows Removed by Filter: 3
              ->  Nested Loop  (cost=9.22..3774.68 rows=1 width=56) (actual time=2.772..60.921 rows=1028 loops=1)
                    Join Filter: (ml.movie_id = cc.movie_id)
                    ->  Nested Loop  (cost=8.80..3774.20 rows=1 width=68) (actual time=2.722..58.018 rows=1874 loops=1)
                          ->  Nested Loop  (cost=8.38..3773.74 rows=1 width=53) (actual time=2.127..50.254 rows=4395 loops=1)
                                Join Filter: (ml.link_type_id = lt.id)
                                Rows Removed by Join Filter: 3447
                                ->  Nested Loop  (cost=8.38..3772.49 rows=1 width=45) (actual time=2.121..43.096 rows=4501 loops=1)
                                      Join Filter: (ml.movie_id = t.id)
                                      ->  Nested Loop  (cost=7.95..3771.99 rows=1 width=24) (actual time=2.115..35.951 rows=4501 loops=1)
                                            Join Filter: (ct.id = mc.company_type_id)
                                            Rows Removed by Join Filter: 269
                                            ->  Seq Scan on company_type ct  (cost=0.00..1.05 rows=1 width=4) (actual time=0.002..0.003 rows=1 loops=1)
                                                  Filter: ((kind)::text = 'production companies'::text)
                                                  Rows Removed by Filter: 3
                                            ->  Nested Loop  (cost=7.95..3770.92 rows=1 width=28) (actual time=2.112..35.266 rows=4770 loops=1)
                                                  Join Filter: (ml.movie_id = mc.movie_id)
                                                  ->  Nested Loop  (cost=7.52..3770.36 rows=1 width=16) (actual time=2.105..31.934 rows=805 loops=1)
                                                        Join Filter: (ml.movie_id = mi.movie_id)
                                                        ->  Nested Loop  (cost=7.08..3768.56 rows=1 width=12) (actual time=2.073..28.910 rows=251 loops=1)
                                                              ->  Nested Loop  (cost=6.80..3754.10 rows=34 width=4) (actual time=2.068..20.078 rows=10544 loops=1)
                                                                    ->  Seq Scan on keyword k  (cost=0.00..2626.12 rows=1 width=4) (actual time=0.571..10.056 rows=1 loops=1)
                                                                          Filter: (keyword = 'sequel'::text)
                                                                          Rows Removed by Filter: 134169
                                                                    ->  Bitmap Heap Scan on movie_keyword mk  (cost=6.80..1124.92 rows=305 width=8) (actual time=1.495..8.918 rows=10544 loops=1)
                                                                          Recheck Cond: (keyword_id = k.id)
                                                                          Heap Blocks: exact=5570
                                                                          ->  Bitmap Index Scan on keyword_id_movie_keyword  (cost=0.00..6.72 rows=305 width=0) (actual time=0.785..0.785 rows=10544 loops=1)
                                                                                Index Cond: (keyword_id = k.id)
                                                              ->  Index Scan using movie_id_movie_link on movie_link ml  (cost=0.29..0.38 rows=5 width=8) (actual time=0.001..0.001 rows=0 loops=10544)
                                                                    Index Cond: (movie_id = mk.movie_id)
                                                        ->  Index Scan using movie_id_movie_info on movie_info mi  (cost=0.43..1.76 rows=3 width=4) (actual time=0.010..0.011 rows=3 loops=251)
                                                              Index Cond: (movie_id = mk.movie_id)
                                                              Filter: (info = ANY ('{Sweden,Norway,Germany,Denmark,Swedish,Denish,Norwegian,German,English}'::text[]))
                                                              Rows Removed by Filter: 21
                                                  ->  Index Scan using movie_id_movie_companies on movie_companies mc  (cost=0.43..0.54 rows=2 width=12) (actual time=0.002..0.003 rows=6 loops=805)
                                                        Index Cond: (movie_id = mk.movie_id)
                                                        Filter: (note IS NULL)
                                                        Rows Removed by Filter: 2
                                      ->  Index Scan using title_pkey on title t  (cost=0.43..0.49 rows=1 width=21) (actual time=0.001..0.001 rows=1 loops=4501)
                                            Index Cond: (id = mk.movie_id)
                                            Filter: ((production_year >= 1950) AND (production_year <= 2010))
                                ->  Seq Scan on link_type lt  (cost=0.00..1.23 rows=2 width=16) (actual time=0.001..0.001 rows=2 loops=4501)
                                      Filter: ((link)::text ~~ '%follow%'::text)
                                      Rows Removed by Filter: 0
                          ->  Index Scan using company_name_pkey on company_name cn  (cost=0.42..0.46 rows=1 width=23) (actual time=0.002..0.002 rows=0 loops=4395)
                                Index Cond: (id = mc.company_id)
                                Filter: (((country_code)::text <> '[pl]'::text) AND ((name ~~ '%Film%'::text) OR (name ~~ '%Warner%'::text)))
                                Rows Removed by Filter: 1
                    ->  Index Scan using movie_id_complete_cast on complete_cast cc  (cost=0.42..0.46 rows=2 width=12) (actual time=0.001..0.001 rows=1 loops=1874)
                          Index Cond: (movie_id = mk.movie_id)
        ->  Seq Scan on comp_cast_type cct2  (cost=0.00..1.05 rows=2 width=4) (actual time=0.001..0.001 rows=1 loops=743)
              Filter: ((kind)::text ~~ 'complete%'::text)
              Rows Removed by Filter: 2
Planning time: 48.660 ms
Execution time: 62.520 ms
