Aggregate  (cost=7478.85..7478.86 rows=1 width=96) (actual time=205.398..205.398 rows=1 loops=1)
  ->  Nested Loop  (cost=9.36..7478.84 rows=1 width=41) (actual time=3.068..203.641 rows=4803 loops=1)
        Join Filter: (ct.id = mc.company_type_id)
        ->  Nested Loop  (cost=9.36..7477.75 rows=1 width=45) (actual time=3.066..197.704 rows=4803 loops=1)
              ->  Nested Loop  (cost=8.94..7477.26 rows=1 width=30) (actual time=3.060..186.364 rows=4955 loops=1)
                    Join Filter: (t.id = mc.movie_id)
                    ->  Nested Loop  (cost=8.51..7476.69 rows=1 width=42) (actual time=3.052..180.390 rows=432 loops=1)
                          Join Filter: (it2.id = mi_idx.info_type_id)
                          Rows Removed by Join Filter: 940
                          ->  Seq Scan on info_type it2  (cost=0.00..2.41 rows=1 width=4) (actual time=0.011..0.013 rows=1 loops=1)
                                Filter: ((info)::text = 'rating'::text)
                                Rows Removed by Filter: 112
                          ->  Nested Loop  (cost=8.51..7474.26 rows=1 width=46) (actual time=3.037..180.221 rows=1372 loops=1)
                                Join Filter: (t.id = mi_idx.movie_id)
                                ->  Nested Loop  (cost=8.08..7473.73 rows=1 width=33) (actual time=3.029..177.831 rows=488 loops=1)
                                      Join Filter: (it1.id = mi.info_type_id)
                                      Rows Removed by Join Filter: 55
                                      ->  Seq Scan on info_type it1  (cost=0.00..2.41 rows=1 width=4) (actual time=0.003..0.012 rows=1 loops=1)
                                            Filter: ((info)::text = 'countries'::text)
                                            Rows Removed by Filter: 112
                                      ->  Nested Loop  (cost=8.08..7471.30 rows=1 width=37) (actual time=3.025..177.727 rows=543 loops=1)
                                            Join Filter: (t.id = mi.movie_id)
                                            ->  Nested Loop  (cost=7.65..7465.78 rows=3 width=29) (actual time=3.009..144.701 rows=549 loops=1)
                                                  Join Filter: (kt.id = t.kind_id)
                                                  Rows Removed by Join Filter: 301
                                                  ->  Nested Loop  (cost=7.65..7464.46 rows=8 width=33) (actual time=3.003..144.476 rows=609 loops=1)
                                                        ->  Nested Loop  (cost=7.22..7457.60 rows=14 width=8) (actual time=2.995..131.642 rows=3832 loops=1)
                                                              Join Filter: (cct1.id = cc.subject_id)
                                                              Rows Removed by Join Filter: 6704
                                                              ->  Seq Scan on comp_cast_type cct1  (cost=0.00..1.05 rows=1 width=4) (actual time=0.002..0.004 rows=1 loops=1)
                                                                    Filter: ((kind)::text = 'crew'::text)
                                                                    Rows Removed by Filter: 3
                                                              ->  Nested Loop  (cost=7.22..7456.20 rows=28 width=12) (actual time=2.922..130.545 rows=10536 loops=1)
                                                                    Join Filter: (cct2.id = cc.status_id)
                                                                    Rows Removed by Join Filter: 49536
                                                                    ->  Nested Loop  (cost=7.22..7453.68 rows=37 width=16) (actual time=2.908..120.477 rows=20024 loops=1)
                                                                          ->  Nested Loop  (cost=6.80..7389.43 rows=135 width=4) (actual time=2.776..60.237 rows=37091 loops=1)
                                                                                ->  Seq Scan on keyword k  (cost=0.00..2961.55 rows=4 width=4) (actual time=0.829..17.525 rows=3 loops=1)
                                                                                      Filter: (keyword = ANY ('{murder,murder-in-title,blood,violence}'::text[]))
                                                                                      Rows Removed by Filter: 134167
                                                                                ->  Bitmap Heap Scan on movie_keyword mk  (cost=6.80..1103.92 rows=305 width=8) (actual time=2.231..12.841 rows=12364 loops=3)
                                                                                      Recheck Cond: (keyword_id = k.id)
                                                                                      Heap Blocks: exact=26312
                                                                                      ->  Bitmap Index Scan on keyword_id_movie_keyword  (cost=0.00..6.72 rows=305 width=0) (actual time=1.119..1.119 rows=12364 loops=3)
                                                                                            Index Cond: (keyword_id = k.id)
                                                                          ->  Index Scan using movie_id_complete_cast on complete_cast cc  (cost=0.42..0.46 rows=2 width=12) (actual time=0.001..0.001 rows=1 loops=37091)
                                                                                Index Cond: (movie_id = mk.movie_id)
                                                                    ->  Materialize  (cost=0.00..1.06 rows=3 width=4) (actual time=0.000..0.000 rows=3 loops=20024)
                                                                          ->  Seq Scan on comp_cast_type cct2  (cost=0.00..1.05 rows=3 width=4) (actual time=0.004..0.005 rows=3 loops=1)
                                                                                Filter: ((kind)::text <> 'complete+verified'::text)
                                                                                Rows Removed by Filter: 1
                                                        ->  Index Scan using title_pkey on title t  (cost=0.43..0.49 rows=1 width=25) (actual time=0.003..0.003 rows=0 loops=3832)
                                                              Index Cond: (id = mk.movie_id)
                                                              Filter: (production_year > 2000)
                                                              Rows Removed by Filter: 1
                                                  ->  Materialize  (cost=0.00..1.10 rows=2 width=4) (actual time=0.000..0.000 rows=1 loops=609)
                                                        ->  Seq Scan on kind_type kt  (cost=0.00..1.09 rows=2 width=4) (actual time=0.004..0.005 rows=2 loops=1)
                                                              Filter: ((kind)::text = ANY ('{movie,episode}'::text[]))
                                                              Rows Removed by Filter: 5
                                            ->  Index Scan using movie_id_movie_info on movie_info mi  (cost=0.43..1.81 rows=2 width=8) (actual time=0.052..0.060 rows=1 loops=549)
                                                  Index Cond: (movie_id = mk.movie_id)
                                                  Filter: (info = ANY ('{Sweden,Norway,Germany,Denmark,Swedish,Danish,Norwegian,German,USA,American}'::text[]))
                                                  Rows Removed by Filter: 133
                                ->  Index Scan using movie_id_movie_info_idx on movie_info_idx mi_idx  (cost=0.43..0.50 rows=3 width=13) (actual time=0.003..0.004 rows=3 loops=488)
                                      Index Cond: (movie_id = mk.movie_id)
                                      Filter: (info < '8.5'::text)
                                      Rows Removed by Filter: 0
                    ->  Index Scan using movie_id_movie_companies on movie_companies mc  (cost=0.43..0.57 rows=1 width=12) (actual time=0.005..0.012 rows=11 loops=432)
                          Index Cond: (movie_id = mk.movie_id)
                          Filter: ((note !~~ '%(USA)%'::text) AND (note ~~ '%(200%)%'::text))
                          Rows Removed by Filter: 10
              ->  Index Scan using company_name_pkey on company_name cn  (cost=0.42..0.49 rows=1 width=23) (actual time=0.002..0.002 rows=1 loops=4955)
                    Index Cond: (id = mc.company_id)
                    Filter: ((country_code)::text <> '[us]'::text)
                    Rows Removed by Filter: 0
        ->  Seq Scan on company_type ct  (cost=0.00..1.04 rows=4 width=4) (actual time=0.000..0.000 rows=1 loops=4803)
Planning time: 60.174 ms
Execution time: 205.500 ms
