Aggregate  (cost=7480.27..7480.28 rows=1 width=96) (actual time=466.445..466.445 rows=1 loops=1)
  ->  Nested Loop  (cost=9.36..7480.27 rows=1 width=41) (actual time=3.403..464.578 rows=4803 loops=1)
        Join Filter: (mi.info_type_id = it1.id)
        Rows Removed by Join Filter: 492
        ->  Nested Loop  (cost=9.36..7477.84 rows=1 width=45) (actual time=3.399..446.047 rows=5295 loops=1)
              ->  Nested Loop  (cost=8.94..7477.35 rows=1 width=30) (actual time=3.394..432.825 rows=5453 loops=1)
                    Join Filter: (ct.id = mc.company_type_id)
                    ->  Nested Loop  (cost=8.94..7476.26 rows=1 width=34) (actual time=3.391..425.733 rows=5453 loops=1)
                          Join Filter: (t.id = mc.movie_id)
                          ->  Nested Loop  (cost=8.51..7475.68 rows=1 width=46) (actual time=3.383..418.881 rows=481 loops=1)
                                Join Filter: (kt.id = t.kind_id)
                                Rows Removed by Join Filter: 234
                                ->  Nested Loop  (cost=8.51..7474.57 rows=1 width=50) (actual time=3.379..417.671 rows=550 loops=1)
                                      Join Filter: (mi.movie_id = t.id)
                                      ->  Nested Loop  (cost=8.08..7473.57 rows=2 width=25) (actual time=3.372..404.173 rows=4691 loops=1)
                                            ->  Nested Loop  (cost=7.64..7471.73 rows=1 width=17) (actual time=3.357..255.747 rows=3662 loops=1)
                                                  Join Filter: (cct1.id = cc.subject_id)
                                                  Rows Removed by Join Filter: 6409
                                                  ->  Seq Scan on comp_cast_type cct1  (cost=0.00..1.05 rows=1 width=4) (actual time=0.004..0.005 rows=1 loops=1)
                                                        Filter: ((kind)::text = 'crew'::text)
                                                        Rows Removed by Filter: 3
                                                  ->  Nested Loop  (cost=7.64..7470.64 rows=3 width=21) (actual time=3.212..254.562 rows=10071 loops=1)
                                                        Join Filter: (cct2.id = cc.status_id)
                                                        Rows Removed by Join Filter: 47961
                                                        ->  Nested Loop  (cost=7.64..7469.43 rows=4 width=25) (actual time=3.188..244.293 rows=19344 loops=1)
                                                              ->  Nested Loop  (cost=7.22..7468.00 rows=3 width=13) (actual time=2.902..187.580 rows=31800 loops=1)
                                                                    Join Filter: (it2.id = mi_idx.info_type_id)
                                                                    Rows Removed by Join Filter: 62852
                                                                    ->  Seq Scan on info_type it2  (cost=0.00..2.41 rows=1 width=4) (actual time=0.009..0.011 rows=1 loops=1)
                                                                          Filter: ((info)::text = 'rating'::text)
                                                                          Rows Removed by Filter: 112
                                                                    ->  Nested Loop  (cost=7.22..7460.69 rows=392 width=17) (actual time=2.890..179.077 rows=94652 loops=1)
                                                                          ->  Nested Loop  (cost=6.80..7389.43 rows=135 width=4) (actual time=2.881..63.014 rows=37091 loops=1)
                                                                                ->  Seq Scan on keyword k  (cost=0.00..2961.55 rows=4 width=4) (actual time=0.836..17.222 rows=3 loops=1)
                                                                                      Filter: (keyword = ANY ('{murder,murder-in-title,blood,violence}'::text[]))
                                                                                      Rows Removed by Filter: 134167
                                                                                ->  Bitmap Heap Scan on movie_keyword mk  (cost=6.80..1103.92 rows=305 width=8) (actual time=2.267..13.647 rows=12364 loops=3)
                                                                                      Recheck Cond: (keyword_id = k.id)
                                                                                      Heap Blocks: exact=26312
                                                                                      ->  Bitmap Index Scan on keyword_id_movie_keyword  (cost=0.00..6.72 rows=305 width=0) (actual time=1.181..1.181 rows=12364 loops=3)
                                                                                            Index Cond: (keyword_id = k.id)
                                                                          ->  Index Scan using movie_id_movie_info_idx on movie_info_idx mi_idx  (cost=0.43..0.50 rows=3 width=13) (actual time=0.002..0.003 rows=3 loops=37091)
                                                                                Index Cond: (movie_id = mk.movie_id)
                                                                                Filter: (info < '8.5'::text)
                                                                                Rows Removed by Filter: 0
                                                              ->  Index Scan using movie_id_complete_cast on complete_cast cc  (cost=0.42..0.46 rows=2 width=12) (actual time=0.001..0.002 rows=1 loops=31800)
                                                                    Index Cond: (movie_id = mk.movie_id)
                                                        ->  Materialize  (cost=0.00..1.06 rows=3 width=4) (actual time=0.000..0.000 rows=3 loops=19344)
                                                              ->  Seq Scan on comp_cast_type cct2  (cost=0.00..1.05 rows=3 width=4) (actual time=0.003..0.004 rows=3 loops=1)
                                                                    Filter: ((kind)::text <> 'complete+verified'::text)
                                                                    Rows Removed by Filter: 1
                                            ->  Index Scan using movie_id_movie_info on movie_info mi  (cost=0.43..1.81 rows=2 width=8) (actual time=0.032..0.040 rows=1 loops=3662)
                                                  Index Cond: (movie_id = mk.movie_id)
                                                  Filter: (info = ANY ('{Sweden,Norway,Germany,Denmark,Swedish,Danish,Norwegian,German,USA,American}'::text[]))
                                                  Rows Removed by Filter: 77
                                      ->  Index Scan using title_pkey on title t  (cost=0.43..0.49 rows=1 width=25) (actual time=0.003..0.003 rows=0 loops=4691)
                                            Index Cond: (id = mk.movie_id)
                                            Filter: (production_year > 2000)
                                            Rows Removed by Filter: 1
                                ->  Seq Scan on kind_type kt  (cost=0.00..1.09 rows=2 width=4) (actual time=0.001..0.001 rows=1 loops=550)
                                      Filter: ((kind)::text = ANY ('{movie,episode}'::text[]))
                                      Rows Removed by Filter: 2
                          ->  Index Scan using movie_id_movie_companies on movie_companies mc  (cost=0.43..0.57 rows=1 width=12) (actual time=0.005..0.012 rows=11 loops=481)
                                Index Cond: (movie_id = mk.movie_id)
                                Filter: ((note !~~ '%(USA)%'::text) AND (note ~~ '%(200%)%'::text))
                                Rows Removed by Filter: 11
                    ->  Seq Scan on company_type ct  (cost=0.00..1.04 rows=4 width=4) (actual time=0.000..0.000 rows=1 loops=5453)
              ->  Index Scan using company_name_pkey on company_name cn  (cost=0.42..0.49 rows=1 width=23) (actual time=0.002..0.002 rows=1 loops=5453)
                    Index Cond: (id = mc.company_id)
                    Filter: ((country_code)::text <> '[us]'::text)
                    Rows Removed by Filter: 0
        ->  Seq Scan on info_type it1  (cost=0.00..2.41 rows=1 width=4) (actual time=0.002..0.003 rows=1 loops=5295)
              Filter: ((info)::text = 'countries'::text)
              Rows Removed by Filter: 17
Planning time: 61.025 ms
Execution time: 466.542 ms
