Aggregate  (cost=7480.84..7480.85 rows=1 width=96) (actual time=647.457..647.457 rows=1 loops=1)
  ->  Nested Loop  (cost=9.36..7480.83 rows=1 width=41) (actual time=7.465..645.683 rows=4803 loops=1)
        Join Filter: (it1.id = mi.info_type_id)
        Rows Removed by Join Filter: 492
        ->  Seq Scan on info_type it1  (cost=0.00..2.41 rows=1 width=4) (actual time=0.007..0.013 rows=1 loops=1)
              Filter: ((info)::text = 'countries'::text)
              Rows Removed by Filter: 112
        ->  Nested Loop  (cost=9.36..7478.40 rows=1 width=45) (actual time=7.457..644.881 rows=5295 loops=1)
              Join Filter: (t.id = mi.movie_id)
              ->  Nested Loop  (cost=8.92..7476.57 rows=1 width=61) (actual time=7.365..295.194 rows=4410 loops=1)
                    Join Filter: (cc.status_id = cct2.id)
                    Rows Removed by Join Filter: 12414
                    ->  Nested Loop  (cost=8.92..7475.48 rows=1 width=65) (actual time=7.360..285.375 rows=5608 loops=1)
                          Join Filter: (it2.id = mi_idx.info_type_id)
                          Rows Removed by Join Filter: 12169
                          ->  Seq Scan on info_type it2  (cost=0.00..2.41 rows=1 width=4) (actual time=0.008..0.010 rows=1 loops=1)
                                Filter: ((info)::text = 'rating'::text)
                                Rows Removed by Filter: 112
                          ->  Nested Loop  (cost=8.92..7473.05 rows=1 width=69) (actual time=7.350..283.456 rows=17777 loops=1)
                                Join Filter: (t.id = mi_idx.movie_id)
                                ->  Nested Loop  (cost=8.50..7472.52 rows=1 width=56) (actual time=7.342..264.438 rows=5927 loops=1)
                                      Join Filter: (kt.id = t.kind_id)
                                      Rows Removed by Join Filter: 6231
                                      ->  Seq Scan on kind_type kt  (cost=0.00..1.09 rows=2 width=4) (actual time=0.003..0.005 rows=2 loops=1)
                                            Filter: ((kind)::text = ANY ('{movie,episode}'::text[]))
                                            Rows Removed by Filter: 5
                                      ->  Materialize  (cost=8.50..7471.38 rows=2 width=60) (actual time=1.495..131.409 rows=6079 loops=2)
                                            ->  Nested Loop  (cost=8.50..7471.37 rows=2 width=60) (actual time=2.988..260.763 rows=6079 loops=1)
                                                  ->  Nested Loop  (cost=8.07..7469.90 rows=3 width=35) (actual time=2.980..225.520 rows=17193 loops=1)
                                                        ->  Nested Loop  (cost=7.65..7467.44 rows=5 width=20) (actual time=2.975..184.788 rows=18311 loops=1)
                                                              Join Filter: (ct.id = mc.company_type_id)
                                                              Rows Removed by Join Filter: 2
                                                              ->  Nested Loop  (cost=7.65..7466.13 rows=5 width=24) (actual time=2.969..179.902 rows=18311 loops=1)
                                                                    ->  Nested Loop  (cost=7.22..7455.20 rows=19 width=12) (actual time=2.962..126.035 rows=6216 loops=1)
                                                                          Join Filter: (cct1.id = cc.subject_id)
                                                                          Rows Removed by Join Filter: 13808
                                                                          ->  Seq Scan on comp_cast_type cct1  (cost=0.00..1.05 rows=1 width=4) (actual time=0.002..0.003 rows=1 loops=1)
                                                                                Filter: ((kind)::text = 'crew'::text)
                                                                                Rows Removed by Filter: 3
                                                                          ->  Nested Loop  (cost=7.22..7453.68 rows=37 width=16) (actual time=2.891..124.243 rows=20024 loops=1)
                                                                                ->  Nested Loop  (cost=6.80..7389.43 rows=135 width=4) (actual time=2.760..61.868 rows=37091 loops=1)
                                                                                      ->  Seq Scan on keyword k  (cost=0.00..2961.55 rows=4 width=4) (actual time=0.844..17.743 rows=3 loops=1)
                                                                                            Filter: (keyword = ANY ('{murder,murder-in-title,blood,violence}'::text[]))
                                                                                            Rows Removed by Filter: 134167
                                                                                      ->  Bitmap Heap Scan on movie_keyword mk  (cost=6.80..1103.92 rows=305 width=8) (actual time=2.221..13.265 rows=12364 loops=3)
                                                                                            Recheck Cond: (keyword_id = k.id)
                                                                                            Heap Blocks: exact=26312
                                                                                            ->  Bitmap Index Scan on keyword_id_movie_keyword  (cost=0.00..6.72 rows=305 width=0) (actual time=1.121..1.121 rows=12364 loops=3)
                                                                                                  Index Cond: (keyword_id = k.id)
                                                                                ->  Index Scan using movie_id_complete_cast on complete_cast cc  (cost=0.42..0.46 rows=2 width=12) (actual time=0.001..0.001 rows=1 loops=37091)
                                                                                      Index Cond: (movie_id = mk.movie_id)
                                                                    ->  Index Scan using movie_id_movie_companies on movie_companies mc  (cost=0.43..0.57 rows=1 width=12) (actual time=0.005..0.008 rows=3 loops=6216)
                                                                          Index Cond: (movie_id = mk.movie_id)
                                                                          Filter: ((note !~~ '%(USA)%'::text) AND (note ~~ '%(200%)%'::text))
                                                                          Rows Removed by Filter: 11
                                                              ->  Materialize  (cost=0.00..1.06 rows=4 width=4) (actual time=0.000..0.000 rows=1 loops=18311)
                                                                    ->  Seq Scan on company_type ct  (cost=0.00..1.04 rows=4 width=4) (actual time=0.003..0.004 rows=2 loops=1)
                                                        ->  Index Scan using company_name_pkey on company_name cn  (cost=0.42..0.49 rows=1 width=23) (actual time=0.002..0.002 rows=1 loops=18311)
                                                              Index Cond: (id = mc.company_id)
                                                              Filter: ((country_code)::text <> '[us]'::text)
                                                              Rows Removed by Filter: 0
                                                  ->  Index Scan using title_pkey on title t  (cost=0.43..0.49 rows=1 width=25) (actual time=0.002..0.002 rows=0 loops=17193)
                                                        Index Cond: (id = mk.movie_id)
                                                        Filter: (production_year > 2000)
                                                        Rows Removed by Filter: 1
                                ->  Index Scan using movie_id_movie_info_idx on movie_info_idx mi_idx  (cost=0.43..0.50 rows=3 width=13) (actual time=0.002..0.003 rows=3 loops=5927)
                                      Index Cond: (movie_id = mk.movie_id)
                                      Filter: (info < '8.5'::text)
                                      Rows Removed by Filter: 0
                    ->  Seq Scan on comp_cast_type cct2  (cost=0.00..1.05 rows=3 width=4) (actual time=0.000..0.001 rows=3 loops=5608)
                          Filter: ((kind)::text <> 'complete+verified'::text)
                          Rows Removed by Filter: 0
              ->  Index Scan using movie_id_movie_info on movie_info mi  (cost=0.43..1.81 rows=2 width=8) (actual time=0.069..0.079 rows=1 loops=4410)
                    Index Cond: (movie_id = mk.movie_id)
                    Filter: (info = ANY ('{Sweden,Norway,Germany,Denmark,Swedish,Danish,Norwegian,German,USA,American}'::text[]))
                    Rows Removed by Filter: 247
Planning time: 60.696 ms
Execution time: 647.616 ms
