Aggregate  (cost=7479.51..7479.52 rows=1 width=96) (actual time=719.475..719.475 rows=1 loops=1)
  ->  Nested Loop  (cost=9.36..7479.50 rows=1 width=41) (actual time=15.377..717.591 rows=4803 loops=1)
        Join Filter: (ct.id = mc.company_type_id)
        ->  Nested Loop  (cost=9.36..7478.41 rows=1 width=45) (actual time=15.374..711.492 rows=4803 loops=1)
              ->  Nested Loop  (cost=8.94..7477.92 rows=1 width=30) (actual time=15.365..698.661 rows=4955 loops=1)
                    Join Filter: (t.id = mc.movie_id)
                    ->  Nested Loop  (cost=8.51..7477.34 rows=1 width=42) (actual time=12.888..692.246 rows=432 loops=1)
                          Join Filter: (cct1.id = cc.subject_id)
                          Rows Removed by Join Filter: 1449
                          ->  Seq Scan on comp_cast_type cct1  (cost=0.00..1.05 rows=1 width=4) (actual time=0.005..0.006 rows=1 loops=1)
                                Filter: ((kind)::text = 'crew'::text)
                                Rows Removed by Filter: 3
                          ->  Nested Loop  (cost=8.51..7476.28 rows=1 width=46) (actual time=7.279..691.993 rows=1881 loops=1)
                                Join Filter: (cct2.id = cc.status_id)
                                Rows Removed by Join Filter: 6990
                                ->  Nested Loop  (cost=8.51..7475.19 rows=1 width=50) (actual time=7.186..686.401 rows=2957 loops=1)
                                      ->  Nested Loop  (cost=8.09..7474.71 rows=1 width=38) (actual time=6.824..672.294 rows=6425 loops=1)
                                            Join Filter: (it1.id = mi.info_type_id)
                                            Rows Removed by Join Filter: 1032
                                            ->  Seq Scan on info_type it1  (cost=0.00..2.41 rows=1 width=4) (actual time=0.005..0.011 rows=1 loops=1)
                                                  Filter: ((info)::text = 'countries'::text)
                                                  Rows Removed by Filter: 112
                                            ->  Nested Loop  (cost=8.09..7472.29 rows=1 width=42) (actual time=6.818..671.070 rows=7457 loops=1)
                                                  Join Filter: (t.id = mi.movie_id)
                                                  ->  Nested Loop  (cost=7.65..7470.45 rows=1 width=34) (actual time=6.797..295.765 rows=9301 loops=1)
                                                        Join Filter: (kt.id = t.kind_id)
                                                        Rows Removed by Join Filter: 14503
                                                        ->  Seq Scan on kind_type kt  (cost=0.00..1.09 rows=2 width=4) (actual time=0.003..0.006 rows=2 loops=1)
                                                              Filter: ((kind)::text = ANY ('{movie,episode}'::text[]))
                                                              Rows Removed by Filter: 5
                                                        ->  Materialize  (cost=7.65..7469.31 rows=2 width=38) (actual time=1.487..146.430 rows=11902 loops=2)
                                                              ->  Nested Loop  (cost=7.65..7469.30 rows=2 width=38) (actual time=2.972..289.163 rows=11902 loops=1)
                                                                    ->  Nested Loop  (cost=7.22..7467.83 rows=3 width=13) (actual time=2.965..195.426 rows=31800 loops=1)
                                                                          Join Filter: (it2.id = mi_idx.info_type_id)
                                                                          Rows Removed by Join Filter: 62852
                                                                          ->  Seq Scan on info_type it2  (cost=0.00..2.41 rows=1 width=4) (actual time=0.008..0.010 rows=1 loops=1)
                                                                                Filter: ((info)::text = 'rating'::text)
                                                                                Rows Removed by Filter: 112
                                                                          ->  Nested Loop  (cost=7.22..7460.69 rows=378 width=17) (actual time=2.955..186.415 rows=94652 loops=1)
                                                                                ->  Nested Loop  (cost=6.80..7389.43 rows=135 width=4) (actual time=2.943..63.747 rows=37091 loops=1)
                                                                                      ->  Seq Scan on keyword k  (cost=0.00..2961.55 rows=4 width=4) (actual time=0.834..17.188 rows=3 loops=1)
                                                                                            Filter: (keyword = ANY ('{murder,murder-in-title,blood,violence}'::text[]))
                                                                                            Rows Removed by Filter: 134167
                                                                                      ->  Bitmap Heap Scan on movie_keyword mk  (cost=6.80..1103.92 rows=305 width=8) (actual time=2.330..13.845 rows=12364 loops=3)
                                                                                            Recheck Cond: (keyword_id = k.id)
                                                                                            Heap Blocks: exact=26312
                                                                                            ->  Bitmap Index Scan on keyword_id_movie_keyword  (cost=0.00..6.72 rows=305 width=0) (actual time=1.211..1.211 rows=12364 loops=3)
                                                                                                  Index Cond: (keyword_id = k.id)
                                                                                ->  Index Scan using movie_id_movie_info_idx on movie_info_idx mi_idx  (cost=0.43..0.50 rows=3 width=13) (actual time=0.002..0.003 rows=3 loops=37091)
                                                                                      Index Cond: (movie_id = mk.movie_id)
                                                                                      Filter: (info < '8.5'::text)
                                                                                      Rows Removed by Filter: 0
                                                                    ->  Index Scan using title_pkey on title t  (cost=0.43..0.49 rows=1 width=25) (actual time=0.003..0.003 rows=0 loops=31800)
                                                                          Index Cond: (id = mk.movie_id)
                                                                          Filter: (production_year > 2000)
                                                                          Rows Removed by Filter: 1
                                                  ->  Index Scan using movie_id_movie_info on movie_info mi  (cost=0.43..1.81 rows=2 width=8) (actual time=0.034..0.040 rows=1 loops=9301)
                                                        Index Cond: (movie_id = mk.movie_id)
                                                        Filter: (info = ANY ('{Sweden,Norway,Germany,Denmark,Swedish,Danish,Norwegian,German,USA,American}'::text[]))
                                                        Rows Removed by Filter: 82
                                      ->  Index Scan using movie_id_complete_cast on complete_cast cc  (cost=0.42..0.46 rows=2 width=12) (actual time=0.002..0.002 rows=0 loops=6425)
                                            Index Cond: (movie_id = t.id)
                                ->  Seq Scan on comp_cast_type cct2  (cost=0.00..1.05 rows=3 width=4) (actual time=0.000..0.001 rows=3 loops=2957)
                                      Filter: ((kind)::text <> 'complete+verified'::text)
                                      Rows Removed by Filter: 0
                    ->  Index Scan using movie_id_movie_companies on movie_companies mc  (cost=0.43..0.57 rows=1 width=12) (actual time=0.005..0.013 rows=11 loops=432)
                          Index Cond: (movie_id = mk.movie_id)
                          Filter: ((note !~~ '%(USA)%'::text) AND (note ~~ '%(200%)%'::text))
                          Rows Removed by Filter: 10
              ->  Index Scan using company_name_pkey on company_name cn  (cost=0.42..0.49 rows=1 width=23) (actual time=0.002..0.002 rows=1 loops=4955)
                    Index Cond: (id = mc.company_id)
                    Filter: ((country_code)::text <> '[us]'::text)
                    Rows Removed by Filter: 0
        ->  Seq Scan on company_type ct  (cost=0.00..1.04 rows=4 width=4) (actual time=0.000..0.000 rows=1 loops=4803)
Planning time: 60.481 ms
Execution time: 719.663 ms
