Aggregate  (cost=7483.98..7483.99 rows=1 width=96) (actual time=3543.051..3543.051 rows=1 loops=1)
  ->  Nested Loop  (cost=9.36..7483.97 rows=1 width=41) (actual time=3.464..3541.092 rows=4803 loops=1)
        Join Filter: (cct2.id = cc.status_id)
        Rows Removed by Join Filter: 13665
        ->  Nested Loop  (cost=9.36..7482.88 rows=1 width=45) (actual time=3.461..3531.031 rows=6156 loops=1)
              Join Filter: (cct1.id = cc.subject_id)
              Rows Removed by Join Filter: 34878
              ->  Seq Scan on comp_cast_type cct1  (cost=0.00..1.05 rows=1 width=4) (actual time=0.004..0.005 rows=1 loops=1)
                    Filter: ((kind)::text = 'crew'::text)
                    Rows Removed by Filter: 3
              ->  Nested Loop  (cost=9.36..7481.82 rows=1 width=49) (actual time=3.454..3527.517 rows=41034 loops=1)
                    ->  Nested Loop  (cost=8.94..7481.34 rows=1 width=61) (actual time=3.448..3450.701 rows=45102 loops=1)
                          Join Filter: (it1.id = mi.info_type_id)
                          Rows Removed by Join Filter: 6931
                          ->  Seq Scan on info_type it1  (cost=0.00..2.41 rows=1 width=4) (actual time=0.005..0.014 rows=1 loops=1)
                                Filter: ((info)::text = 'countries'::text)
                                Rows Removed by Filter: 112
                          ->  Nested Loop  (cost=8.94..7478.92 rows=1 width=65) (actual time=3.442..3442.852 rows=52033 loops=1)
                                Join Filter: (t.id = mi.movie_id)
                                ->  Nested Loop  (cost=8.50..7477.08 rows=1 width=57) (actual time=3.426..539.225 rows=48571 loops=1)
                                      Join Filter: (it2.id = mi_idx.info_type_id)
                                      Rows Removed by Join Filter: 96923
                                      ->  Seq Scan on info_type it2  (cost=0.00..2.41 rows=1 width=4) (actual time=0.008..0.011 rows=1 loops=1)
                                            Filter: ((info)::text = 'rating'::text)
                                            Rows Removed by Filter: 112
                                      ->  Nested Loop  (cost=8.50..7474.65 rows=1 width=61) (actual time=3.311..524.984 rows=145494 loops=1)
                                            Join Filter: (t.id = mi_idx.movie_id)
                                            ->  Nested Loop  (cost=8.08..7473.58 rows=2 width=48) (actual time=3.303..383.012 rows=49419 loops=1)
                                                  ->  Nested Loop  (cost=7.66..7472.11 rows=3 width=33) (actual time=3.297..266.963 rows=52456 loops=1)
                                                        Join Filter: (ct.id = mc.company_type_id)
                                                        Rows Removed by Join Filter: 1
                                                        ->  Nested Loop  (cost=7.66..7470.92 rows=3 width=37) (actual time=3.293..253.606 rows=52456 loops=1)
                                                              Join Filter: (t.id = mc.movie_id)
                                                              ->  Nested Loop  (cost=7.23..7458.78 rows=21 width=25) (actual time=2.976..164.665 rows=11686 loops=1)
                                                                    Join Filter: (kt.id = t.kind_id)
                                                                    Rows Removed by Join Filter: 7484
                                                                    ->  Nested Loop  (cost=7.23..7455.55 rows=75 width=29) (actual time=2.943..160.165 rows=14771 loops=1)
                                                                          ->  Nested Loop  (cost=6.80..7389.43 rows=135 width=4) (actual time=2.935..62.029 rows=37091 loops=1)
                                                                                ->  Seq Scan on keyword k  (cost=0.00..2961.55 rows=4 width=4) (actual time=0.844..17.411 rows=3 loops=1)
                                                                                      Filter: (keyword = ANY ('{murder,murder-in-title,blood,violence}'::text[]))
                                                                                      Rows Removed by Filter: 134167
                                                                                ->  Bitmap Heap Scan on movie_keyword mk  (cost=6.80..1103.92 rows=305 width=8) (actual time=2.279..13.601 rows=12364 loops=3)
                                                                                      Recheck Cond: (keyword_id = k.id)
                                                                                      Heap Blocks: exact=26312
                                                                                      ->  Bitmap Index Scan on keyword_id_movie_keyword  (cost=0.00..6.72 rows=305 width=0) (actual time=1.186..1.186 rows=12364 loops=3)
                                                                                            Index Cond: (keyword_id = k.id)
                                                                          ->  Index Scan using title_pkey on title t  (cost=0.43..0.49 rows=1 width=25) (actual time=0.002..0.002 rows=0 loops=37091)
                                                                                Index Cond: (id = mk.movie_id)
                                                                                Filter: (production_year > 2000)
                                                                                Rows Removed by Filter: 1
                                                                    ->  Materialize  (cost=0.00..1.10 rows=2 width=4) (actual time=0.000..0.000 rows=1 loops=14771)
                                                                          ->  Seq Scan on kind_type kt  (cost=0.00..1.09 rows=2 width=4) (actual time=0.005..0.006 rows=2 loops=1)
                                                                                Filter: ((kind)::text = ANY ('{movie,episode}'::text[]))
                                                                                Rows Removed by Filter: 5
                                                              ->  Index Scan using movie_id_movie_companies on movie_companies mc  (cost=0.43..0.57 rows=1 width=12) (actual time=0.004..0.007 rows=4 loops=11686)
                                                                    Index Cond: (movie_id = mk.movie_id)
                                                                    Filter: ((note !~~ '%(USA)%'::text) AND (note ~~ '%(200%)%'::text))
                                                                    Rows Removed by Filter: 6
                                                        ->  Materialize  (cost=0.00..1.06 rows=4 width=4) (actual time=0.000..0.000 rows=1 loops=52456)
                                                              ->  Seq Scan on company_type ct  (cost=0.00..1.04 rows=4 width=4) (actual time=0.003..0.004 rows=2 loops=1)
                                                  ->  Index Scan using company_name_pkey on company_name cn  (cost=0.42..0.49 rows=1 width=23) (actual time=0.002..0.002 rows=1 loops=52456)
                                                        Index Cond: (id = mc.company_id)
                                                        Filter: ((country_code)::text <> '[us]'::text)
                                                        Rows Removed by Filter: 0
                                            ->  Index Scan using movie_id_movie_info_idx on movie_info_idx mi_idx  (cost=0.43..0.50 rows=3 width=13) (actual time=0.002..0.002 rows=3 loops=49419)
                                                  Index Cond: (movie_id = mk.movie_id)
                                                  Filter: (info < '8.5'::text)
                                                  Rows Removed by Filter: 0
                                ->  Index Scan using movie_id_movie_info on movie_info mi  (cost=0.43..1.81 rows=2 width=8) (actual time=0.050..0.059 rows=1 loops=48571)
                                      Index Cond: (movie_id = mk.movie_id)
                                      Filter: (info = ANY ('{Sweden,Norway,Germany,Denmark,Swedish,Danish,Norwegian,German,USA,American}'::text[]))
                                      Rows Removed by Filter: 198
                    ->  Index Scan using movie_id_complete_cast on complete_cast cc  (cost=0.42..0.46 rows=2 width=12) (actual time=0.001..0.001 rows=1 loops=45102)
                          Index Cond: (movie_id = t.id)
        ->  Seq Scan on comp_cast_type cct2  (cost=0.00..1.05 rows=3 width=4) (actual time=0.000..0.001 rows=3 loops=6156)
              Filter: ((kind)::text <> 'complete+verified'::text)
              Rows Removed by Filter: 0
Planning time: 60.715 ms
Execution time: 3543.154 ms
