Aggregate  (cost=7483.05..7483.06 rows=1 width=96) (actual time=365.793..365.793 rows=1 loops=1)
  ->  Nested Loop  (cost=9.36..7483.04 rows=1 width=41) (actual time=3.851..365.715 rows=148 loops=1)
        Join Filter: (cc.status_id = cct2.id)
        Rows Removed by Join Filter: 572
        ->  Nested Loop  (cost=9.36..7481.95 rows=1 width=45) (actual time=3.847..365.292 rows=240 loops=1)
              Join Filter: (kt.id = t.kind_id)
              Rows Removed by Join Filter: 36
              ->  Nested Loop  (cost=9.36..7480.84 rows=1 width=49) (actual time=3.842..364.893 rows=253 loops=1)
                    Join Filter: (mi.movie_id = t.id)
                    ->  Nested Loop  (cost=8.93..7480.34 rows=1 width=48) (actual time=3.834..361.967 rows=1516 loops=1)
                          Join Filter: (ct.id = mc.company_type_id)
                          ->  Nested Loop  (cost=8.93..7479.25 rows=1 width=52) (actual time=3.830..359.929 rows=1516 loops=1)
                                ->  Nested Loop  (cost=8.51..7478.76 rows=1 width=37) (actual time=3.824..355.454 rows=1559 loops=1)
                                      Join Filter: (mi.movie_id = mc.movie_id)
                                      ->  Nested Loop  (cost=8.08..7478.18 rows=1 width=25) (actual time=3.815..353.072 rows=140 loops=1)
                                            Join Filter: (it1.id = mi.info_type_id)
                                            Rows Removed by Join Filter: 454
                                            ->  Seq Scan on info_type it1  (cost=0.00..2.41 rows=1 width=4) (actual time=0.007..0.015 rows=1 loops=1)
                                                  Filter: ((info)::text = 'countries'::text)
                                                  Rows Removed by Filter: 112
                                            ->  Nested Loop  (cost=8.08..7475.75 rows=1 width=29) (actual time=3.807..352.990 rows=594 loops=1)
                                                  ->  Nested Loop  (cost=7.64..7471.18 rows=3 width=21) (actual time=3.325..193.773 rows=3041 loops=1)
                                                        Join Filter: (cct1.id = cc.subject_id)
                                                        Rows Removed by Join Filter: 5491
                                                        ->  Seq Scan on comp_cast_type cct1  (cost=0.00..1.05 rows=1 width=4) (actual time=0.002..0.003 rows=1 loops=1)
                                                              Filter: ((kind)::text = 'crew'::text)
                                                              Rows Removed by Filter: 3
                                                        ->  Nested Loop  (cost=7.64..7470.07 rows=5 width=25) (actual time=3.169..192.937 rows=8532 loops=1)
                                                              ->  Nested Loop  (cost=7.22..7461.50 rows=18 width=13) (actual time=2.906..168.266 rows=11708 loops=1)
                                                                    Join Filter: (it2.id = mi_idx.info_type_id)
                                                                    Rows Removed by Join Filter: 5851
                                                                    ->  Seq Scan on info_type it2  (cost=0.00..2.41 rows=1 width=4) (actual time=0.008..0.010 rows=1 loops=1)
                                                                          Filter: ((info)::text = 'rating'::text)
                                                                          Rows Removed by Filter: 112
                                                                    ->  Nested Loop  (cost=7.22..7457.99 rows=88 width=17) (actual time=2.897..166.127 rows=17559 loops=1)
                                                                          ->  Nested Loop  (cost=6.80..7389.43 rows=135 width=4) (actual time=2.885..60.376 rows=37091 loops=1)
                                                                                ->  Seq Scan on keyword k  (cost=0.00..2961.55 rows=4 width=4) (actual time=0.828..17.244 rows=3 loops=1)
                                                                                      Filter: (keyword = ANY ('{murder,murder-in-title,blood,violence}'::text[]))
                                                                                      Rows Removed by Filter: 134167
                                                                                ->  Bitmap Heap Scan on movie_keyword mk  (cost=6.80..1103.92 rows=305 width=8) (actual time=2.199..13.018 rows=12364 loops=3)
                                                                                      Recheck Cond: (keyword_id = k.id)
                                                                                      Heap Blocks: exact=26312
                                                                                      ->  Bitmap Index Scan on keyword_id_movie_keyword  (cost=0.00..6.72 rows=305 width=0) (actual time=1.110..1.110 rows=12364 loops=3)
                                                                                            Index Cond: (keyword_id = k.id)
                                                                          ->  Index Scan using movie_id_movie_info_idx on movie_info_idx mi_idx  (cost=0.43..0.50 rows=1 width=13) (actual time=0.003..0.003 rows=0 loops=37091)
                                                                                Index Cond: (movie_id = mk.movie_id)
                                                                                Filter: (info > '6.5'::text)
                                                                                Rows Removed by Filter: 2
                                                              ->  Index Scan using movie_id_complete_cast on complete_cast cc  (cost=0.42..0.46 rows=2 width=12) (actual time=0.002..0.002 rows=1 loops=11708)
                                                                    Index Cond: (movie_id = mk.movie_id)
                                                  ->  Index Scan using movie_id_movie_info on movie_info mi  (cost=0.43..1.51 rows=1 width=8) (actual time=0.047..0.052 rows=0 loops=3041)
                                                        Index Cond: (movie_id = mk.movie_id)
                                                        Filter: (info = ANY ('{Sweden,Germany,Swedish,German}'::text[]))
                                                        Rows Removed by Filter: 144
                                      ->  Index Scan using movie_id_movie_companies on movie_companies mc  (cost=0.43..0.57 rows=1 width=12) (actual time=0.006..0.015 rows=11 loops=140)
                                            Index Cond: (movie_id = mk.movie_id)
                                            Filter: ((note !~~ '%(USA)%'::text) AND (note ~~ '%(200%)%'::text))
                                            Rows Removed by Filter: 13
                                ->  Index Scan using company_name_pkey on company_name cn  (cost=0.42..0.49 rows=1 width=23) (actual time=0.003..0.003 rows=1 loops=1559)
                                      Index Cond: (id = mc.company_id)
                                      Filter: ((country_code)::text <> '[us]'::text)
                                      Rows Removed by Filter: 0
                          ->  Seq Scan on company_type ct  (cost=0.00..1.04 rows=4 width=4) (actual time=0.000..0.000 rows=1 loops=1516)
                    ->  Index Scan using title_pkey on title t  (cost=0.43..0.49 rows=1 width=25) (actual time=0.002..0.002 rows=0 loops=1516)
                          Index Cond: (id = mk.movie_id)
                          Filter: (production_year > 2005)
                          Rows Removed by Filter: 1
              ->  Seq Scan on kind_type kt  (cost=0.00..1.09 rows=2 width=4) (actual time=0.000..0.001 rows=1 loops=253)
                    Filter: ((kind)::text = ANY ('{movie,episode}'::text[]))
                    Rows Removed by Filter: 0
        ->  Seq Scan on comp_cast_type cct2  (cost=0.00..1.05 rows=3 width=4) (actual time=0.000..0.001 rows=3 loops=240)
              Filter: ((kind)::text <> 'complete+verified'::text)
              Rows Removed by Filter: 0
Planning time: 60.470 ms
Execution time: 365.896 ms
