Aggregate  (cost=7477.22..7477.23 rows=1 width=96) (actual time=249.526..249.526 rows=1 loops=1)
  ->  Nested Loop  (cost=9.36..7477.21 rows=1 width=41) (actual time=3.416..249.447 rows=148 loops=1)
        Join Filter: (t.kind_id = kt.id)
        Rows Removed by Join Filter: 36
        ->  Nested Loop  (cost=9.36..7476.10 rows=1 width=45) (actual time=3.412..249.187 rows=161 loops=1)
              Join Filter: (it1.id = mi.info_type_id)
              Rows Removed by Join Filter: 14
              ->  Seq Scan on info_type it1  (cost=0.00..2.41 rows=1 width=4) (actual time=0.007..0.014 rows=1 loops=1)
                    Filter: ((info)::text = 'countries'::text)
                    Rows Removed by Filter: 112
              ->  Nested Loop  (cost=9.36..7473.67 rows=1 width=49) (actual time=3.404..249.143 rows=175 loops=1)
                    Join Filter: (t.id = mi.movie_id)
                    ->  Nested Loop  (cost=8.92..7472.14 rows=1 width=65) (actual time=3.053..149.921 rows=1404 loops=1)
                          ->  Nested Loop  (cost=8.50..7471.65 rows=1 width=50) (actual time=3.047..146.002 rows=1439 loops=1)
                                Join Filter: (ct.id = mc.company_type_id)
                                ->  Nested Loop  (cost=8.50..7470.56 rows=1 width=54) (actual time=3.043..144.180 rows=1439 loops=1)
                                      Join Filter: (t.id = mc.movie_id)
                                      ->  Nested Loop  (cost=8.07..7469.99 rows=1 width=42) (actual time=3.033..141.774 rows=187 loops=1)
                                            Join Filter: (it2.id = mi_idx.info_type_id)
                                            Rows Removed by Join Filter: 35
                                            ->  Seq Scan on info_type it2  (cost=0.00..2.41 rows=1 width=4) (actual time=0.008..0.010 rows=1 loops=1)
                                                  Filter: ((info)::text = 'rating'::text)
                                                  Rows Removed by Filter: 112
                                            ->  Nested Loop  (cost=8.07..7467.52 rows=4 width=46) (actual time=3.024..141.722 rows=222 loops=1)
                                                  Join Filter: (t.id = mi_idx.movie_id)
                                                  ->  Nested Loop  (cost=7.65..7464.46 rows=6 width=33) (actual time=3.015..140.276 rows=315 loops=1)
                                                        ->  Nested Loop  (cost=7.22..7457.60 rows=14 width=8) (actual time=3.007..127.718 rows=3832 loops=1)
                                                              Join Filter: (cc.subject_id = cct1.id)
                                                              Rows Removed by Join Filter: 6704
                                                              ->  Seq Scan on comp_cast_type cct1  (cost=0.00..1.05 rows=1 width=4) (actual time=0.002..0.003 rows=1 loops=1)
                                                                    Filter: ((kind)::text = 'crew'::text)
                                                                    Rows Removed by Filter: 3
                                                              ->  Nested Loop  (cost=7.22..7456.20 rows=28 width=12) (actual time=2.934..126.718 rows=10536 loops=1)
                                                                    Join Filter: (cc.status_id = cct2.id)
                                                                    Rows Removed by Join Filter: 49536
                                                                    ->  Nested Loop  (cost=7.22..7453.68 rows=37 width=16) (actual time=2.923..117.205 rows=20024 loops=1)
                                                                          ->  Nested Loop  (cost=6.80..7389.43 rows=135 width=4) (actual time=2.788..59.532 rows=37091 loops=1)
                                                                                ->  Seq Scan on keyword k  (cost=0.00..2961.55 rows=4 width=4) (actual time=0.829..17.804 rows=3 loops=1)
                                                                                      Filter: (keyword = ANY ('{murder,murder-in-title,blood,violence}'::text[]))
                                                                                      Rows Removed by Filter: 134167
                                                                                ->  Bitmap Heap Scan on movie_keyword mk  (cost=6.80..1103.92 rows=305 width=8) (actual time=2.223..12.619 rows=12364 loops=3)
                                                                                      Recheck Cond: (keyword_id = k.id)
                                                                                      Heap Blocks: exact=26312
                                                                                      ->  Bitmap Index Scan on keyword_id_movie_keyword  (cost=0.00..6.72 rows=305 width=0) (actual time=1.117..1.117 rows=12364 loops=3)
                                                                                            Index Cond: (keyword_id = k.id)
                                                                          ->  Index Scan using movie_id_complete_cast on complete_cast cc  (cost=0.42..0.46 rows=2 width=12) (actual time=0.001..0.001 rows=1 loops=37091)
                                                                                Index Cond: (movie_id = mk.movie_id)
                                                                    ->  Materialize  (cost=0.00..1.06 rows=3 width=4) (actual time=0.000..0.000 rows=3 loops=20024)
                                                                          ->  Seq Scan on comp_cast_type cct2  (cost=0.00..1.05 rows=3 width=4) (actual time=0.003..0.004 rows=3 loops=1)
                                                                                Filter: ((kind)::text <> 'complete+verified'::text)
                                                                                Rows Removed by Filter: 1
                                                        ->  Index Scan using title_pkey on title t  (cost=0.43..0.49 rows=1 width=25) (actual time=0.003..0.003 rows=0 loops=3832)
                                                              Index Cond: (id = mk.movie_id)
                                                              Filter: (production_year > 2005)
                                                              Rows Removed by Filter: 1
                                                  ->  Index Scan using movie_id_movie_info_idx on movie_info_idx mi_idx  (cost=0.43..0.50 rows=1 width=13) (actual time=0.004..0.004 rows=1 loops=315)
                                                        Index Cond: (movie_id = mk.movie_id)
                                                        Filter: (info > '6.5'::text)
                                                        Rows Removed by Filter: 2
                                      ->  Index Scan using movie_id_movie_companies on movie_companies mc  (cost=0.43..0.57 rows=1 width=12) (actual time=0.006..0.011 rows=8 loops=187)
                                            Index Cond: (movie_id = mk.movie_id)
                                            Filter: ((note !~~ '%(USA)%'::text) AND (note ~~ '%(200%)%'::text))
                                            Rows Removed by Filter: 11
                                ->  Seq Scan on company_type ct  (cost=0.00..1.04 rows=4 width=4) (actual time=0.000..0.000 rows=1 loops=1439)
                          ->  Index Scan using company_name_pkey on company_name cn  (cost=0.42..0.49 rows=1 width=23) (actual time=0.002..0.002 rows=1 loops=1439)
                                Index Cond: (id = mc.company_id)
                                Filter: ((country_code)::text <> '[us]'::text)
                                Rows Removed by Filter: 0
                    ->  Index Scan using movie_id_movie_info on movie_info mi  (cost=0.43..1.51 rows=1 width=8) (actual time=0.070..0.070 rows=0 loops=1404)
                          Index Cond: (movie_id = mk.movie_id)
                          Filter: (info = ANY ('{Sweden,Germany,Swedish,German}'::text[]))
                          Rows Removed by Filter: 332
        ->  Seq Scan on kind_type kt  (cost=0.00..1.09 rows=2 width=4) (actual time=0.000..0.001 rows=1 loops=161)
              Filter: ((kind)::text = ANY ('{movie,episode}'::text[]))
              Rows Removed by Filter: 1
Planning time: 60.537 ms
Execution time: 249.625 ms
