Aggregate  (cost=7477.72..7477.73 rows=1 width=96) (actual time=596.392..596.392 rows=1 loops=1)
  ->  Nested Loop  (cost=9.36..7477.72 rows=1 width=41) (actual time=3.512..596.313 rows=148 loops=1)
        Join Filter: (mc.company_type_id = ct.id)
        ->  Nested Loop  (cost=9.36..7476.63 rows=1 width=45) (actual time=3.509..596.106 rows=148 loops=1)
              Join Filter: (kt.id = t.kind_id)
              Rows Removed by Join Filter: 36
              ->  Nested Loop  (cost=9.36..7475.51 rows=1 width=49) (actual time=3.504..595.815 rows=161 loops=1)
                    Join Filter: (mi.movie_id = t.id)
                    ->  Nested Loop  (cost=8.93..7475.01 rows=1 width=48) (actual time=3.497..593.343 rows=1233 loops=1)
                          Join Filter: (it1.id = mi.info_type_id)
                          Rows Removed by Join Filter: 992
                          ->  Seq Scan on info_type it1  (cost=0.00..2.41 rows=1 width=4) (actual time=0.007..0.014 rows=1 loops=1)
                                Filter: ((info)::text = 'countries'::text)
                                Rows Removed by Filter: 112
                          ->  Nested Loop  (cost=8.93..7472.59 rows=1 width=52) (actual time=3.489..593.018 rows=2225 loops=1)
                                ->  Nested Loop  (cost=8.49..7471.06 rows=1 width=44) (actual time=3.132..215.590 rows=6376 loops=1)
                                      Join Filter: (it2.id = mi_idx.info_type_id)
                                      Rows Removed by Join Filter: 1718
                                      ->  Seq Scan on info_type it2  (cost=0.00..2.41 rows=1 width=4) (actual time=0.008..0.010 rows=1 loops=1)
                                            Filter: ((info)::text = 'rating'::text)
                                            Rows Removed by Filter: 112
                                      ->  Nested Loop  (cost=8.49..7468.64 rows=1 width=48) (actual time=3.124..214.400 rows=8094 loops=1)
                                            ->  Nested Loop  (cost=8.07..7467.62 rows=2 width=35) (actual time=3.115..187.999 rows=9291 loops=1)
                                                  ->  Nested Loop  (cost=7.65..7465.66 rows=4 width=20) (actual time=3.110..164.692 rows=9908 loops=1)
                                                        ->  Nested Loop  (cost=7.22..7457.60 rows=14 width=8) (actual time=3.103..133.828 rows=3832 loops=1)
                                                              Join Filter: (cct1.id = cc.subject_id)
                                                              Rows Removed by Join Filter: 6704
                                                              ->  Seq Scan on comp_cast_type cct1  (cost=0.00..1.05 rows=1 width=4) (actual time=0.002..0.004 rows=1 loops=1)
                                                                    Filter: ((kind)::text = 'crew'::text)
                                                                    Rows Removed by Filter: 3
                                                              ->  Nested Loop  (cost=7.22..7456.20 rows=28 width=12) (actual time=3.030..132.733 rows=10536 loops=1)
                                                                    Join Filter: (cct2.id = cc.status_id)
                                                                    Rows Removed by Join Filter: 49536
                                                                    ->  Nested Loop  (cost=7.22..7453.68 rows=37 width=16) (actual time=3.018..122.526 rows=20024 loops=1)
                                                                          ->  Nested Loop  (cost=6.80..7389.43 rows=135 width=4) (actual time=2.886..61.466 rows=37091 loops=1)
                                                                                ->  Seq Scan on keyword k  (cost=0.00..2961.55 rows=4 width=4) (actual time=0.835..17.665 rows=3 loops=1)
                                                                                      Filter: (keyword = ANY ('{murder,murder-in-title,blood,violence}'::text[]))
                                                                                      Rows Removed by Filter: 134167
                                                                                ->  Bitmap Heap Scan on movie_keyword mk  (cost=6.80..1103.92 rows=305 width=8) (actual time=2.306..13.233 rows=12364 loops=3)
                                                                                      Recheck Cond: (keyword_id = k.id)
                                                                                      Heap Blocks: exact=26312
                                                                                      ->  Bitmap Index Scan on keyword_id_movie_keyword  (cost=0.00..6.72 rows=305 width=0) (actual time=1.200..1.200 rows=12364 loops=3)
                                                                                            Index Cond: (keyword_id = k.id)
                                                                          ->  Index Scan using movie_id_complete_cast on complete_cast cc  (cost=0.42..0.46 rows=2 width=12) (actual time=0.001..0.001 rows=1 loops=37091)
                                                                                Index Cond: (movie_id = mk.movie_id)
                                                                    ->  Materialize  (cost=0.00..1.06 rows=3 width=4) (actual time=0.000..0.000 rows=3 loops=20024)
                                                                          ->  Seq Scan on comp_cast_type cct2  (cost=0.00..1.05 rows=3 width=4) (actual time=0.003..0.004 rows=3 loops=1)
                                                                                Filter: ((kind)::text <> 'complete+verified'::text)
                                                                                Rows Removed by Filter: 1
                                                        ->  Index Scan using movie_id_movie_companies on movie_companies mc  (cost=0.43..0.57 rows=1 width=12) (actual time=0.005..0.008 rows=3 loops=3832)
                                                              Index Cond: (movie_id = mk.movie_id)
                                                              Filter: ((note !~~ '%(USA)%'::text) AND (note ~~ '%(200%)%'::text))
                                                              Rows Removed by Filter: 9
                                                  ->  Index Scan using company_name_pkey on company_name cn  (cost=0.42..0.49 rows=1 width=23) (actual time=0.002..0.002 rows=1 loops=9908)
                                                        Index Cond: (id = mc.company_id)
                                                        Filter: ((country_code)::text <> '[us]'::text)
                                                        Rows Removed by Filter: 0
                                            ->  Index Scan using movie_id_movie_info_idx on movie_info_idx mi_idx  (cost=0.43..0.50 rows=1 width=13) (actual time=0.002..0.003 rows=1 loops=9291)
                                                  Index Cond: (movie_id = mk.movie_id)
                                                  Filter: (info > '6.5'::text)
                                                  Rows Removed by Filter: 2
                                ->  Index Scan using movie_id_movie_info on movie_info mi  (cost=0.43..1.51 rows=1 width=8) (actual time=0.052..0.059 rows=0 loops=6376)
                                      Index Cond: (movie_id = mk.movie_id)
                                      Filter: (info = ANY ('{Sweden,Germany,Swedish,German}'::text[]))
                                      Rows Removed by Filter: 254
                    ->  Index Scan using title_pkey on title t  (cost=0.43..0.49 rows=1 width=25) (actual time=0.002..0.002 rows=0 loops=1233)
                          Index Cond: (id = mk.movie_id)
                          Filter: (production_year > 2005)
                          Rows Removed by Filter: 1
              ->  Seq Scan on kind_type kt  (cost=0.00..1.09 rows=2 width=4) (actual time=0.001..0.001 rows=1 loops=161)
                    Filter: ((kind)::text = ANY ('{movie,episode}'::text[]))
                    Rows Removed by Filter: 1
        ->  Seq Scan on company_type ct  (cost=0.00..1.04 rows=4 width=4) (actual time=0.000..0.000 rows=1 loops=148)
Planning time: 60.633 ms
Execution time: 596.486 ms
