Aggregate  (cost=7471.92..7471.93 rows=1 width=96) (actual time=407.079..407.080 rows=1 loops=1)
  ->  Nested Loop  (cost=9.36..7471.92 rows=1 width=41) (actual time=4.046..407.006 rows=148 loops=1)
        Join Filter: (mi.info_type_id = it1.id)
        Rows Removed by Join Filter: 1
        ->  Nested Loop  (cost=9.36..7469.49 rows=1 width=45) (actual time=4.039..406.534 rows=149 loops=1)
              Join Filter: (t.id = mi.movie_id)
              ->  Nested Loop  (cost=8.92..7467.97 rows=1 width=61) (actual time=3.461..308.051 rows=1387 loops=1)
                    Join Filter: (cct1.id = cc.subject_id)
                    Rows Removed by Join Filter: 4197
                    ->  Seq Scan on comp_cast_type cct1  (cost=0.00..1.05 rows=1 width=4) (actual time=0.005..0.005 rows=1 loops=1)
                          Filter: ((kind)::text = 'crew'::text)
                          Rows Removed by Filter: 3
                    ->  Nested Loop  (cost=8.92..7466.90 rows=1 width=65) (actual time=3.451..307.450 rows=5584 loops=1)
                          Join Filter: (cct2.id = cc.status_id)
                          Rows Removed by Join Filter: 22925
                          ->  Nested Loop  (cost=8.92..7465.82 rows=1 width=69) (actual time=3.447..292.640 rows=9503 loops=1)
                                ->  Nested Loop  (cost=8.50..7465.34 rows=1 width=57) (actual time=3.279..272.092 rows=12460 loops=1)
                                      ->  Nested Loop  (cost=8.08..7464.78 rows=1 width=42) (actual time=3.272..242.724 rows=13108 loops=1)
                                            Join Filter: (ct.id = mc.company_type_id)
                                            ->  Nested Loop  (cost=8.08..7463.69 rows=1 width=46) (actual time=3.268..227.218 rows=13108 loops=1)
                                                  Join Filter: (t.id = mc.movie_id)
                                                  ->  Nested Loop  (cost=7.65..7463.12 rows=1 width=34) (actual time=2.886..203.938 rows=2312 loops=1)
                                                        Join Filter: (kt.id = t.kind_id)
                                                        Rows Removed by Join Filter: 1695
                                                        ->  Nested Loop  (cost=7.65..7462.00 rows=1 width=38) (actual time=2.853..199.191 rows=2835 loops=1)
                                                              ->  Nested Loop  (cost=7.22..7461.51 rows=1 width=13) (actual time=2.846..162.861 rows=11708 loops=1)
                                                                    Join Filter: (mi_idx.info_type_id = it2.id)
                                                                    Rows Removed by Join Filter: 5851
                                                                    ->  Seq Scan on info_type it2  (cost=0.00..2.41 rows=1 width=4) (actual time=0.010..0.012 rows=1 loops=1)
                                                                          Filter: ((info)::text = 'rating'::text)
                                                                          Rows Removed by Filter: 112
                                                                    ->  Nested Loop  (cost=7.22..7457.99 rows=89 width=17) (actual time=2.836..160.781 rows=17559 loops=1)
                                                                          ->  Nested Loop  (cost=6.80..7389.43 rows=135 width=4) (actual time=2.824..59.678 rows=37091 loops=1)
                                                                                ->  Seq Scan on keyword k  (cost=0.00..2961.55 rows=4 width=4) (actual time=0.830..17.646 rows=3 loops=1)
                                                                                      Filter: (keyword = ANY ('{murder,murder-in-title,blood,violence}'::text[]))
                                                                                      Rows Removed by Filter: 134167
                                                                                ->  Bitmap Heap Scan on movie_keyword mk  (cost=6.80..1103.92 rows=305 width=8) (actual time=2.196..12.724 rows=12364 loops=3)
                                                                                      Recheck Cond: (keyword_id = k.id)
                                                                                      Heap Blocks: exact=26312
                                                                                      ->  Bitmap Index Scan on keyword_id_movie_keyword  (cost=0.00..6.72 rows=305 width=0) (actual time=1.128..1.128 rows=12364 loops=3)
                                                                                            Index Cond: (keyword_id = k.id)
                                                                          ->  Index Scan using movie_id_movie_info_idx on movie_info_idx mi_idx  (cost=0.43..0.50 rows=1 width=13) (actual time=0.002..0.003 rows=0 loops=37091)
                                                                                Index Cond: (movie_id = mk.movie_id)
                                                                                Filter: (info > '6.5'::text)
                                                                                Rows Removed by Filter: 2
                                                              ->  Index Scan using title_pkey on title t  (cost=0.43..0.49 rows=1 width=25) (actual time=0.003..0.003 rows=0 loops=11708)
                                                                    Index Cond: (id = mk.movie_id)
                                                                    Filter: (production_year > 2005)
                                                                    Rows Removed by Filter: 1
                                                        ->  Seq Scan on kind_type kt  (cost=0.00..1.09 rows=2 width=4) (actual time=0.000..0.001 rows=1 loops=2835)
                                                              Filter: ((kind)::text = ANY ('{movie,episode}'::text[]))
                                                              Rows Removed by Filter: 2
                                                  ->  Index Scan using movie_id_movie_companies on movie_companies mc  (cost=0.43..0.57 rows=1 width=12) (actual time=0.005..0.009 rows=6 loops=2312)
                                                        Index Cond: (movie_id = mk.movie_id)
                                                        Filter: ((note !~~ '%(USA)%'::text) AND (note ~~ '%(200%)%'::text))
                                                        Rows Removed by Filter: 10
                                            ->  Seq Scan on company_type ct  (cost=0.00..1.04 rows=4 width=4) (actual time=0.000..0.000 rows=1 loops=13108)
                                      ->  Index Scan using company_name_pkey on company_name cn  (cost=0.42..0.55 rows=1 width=23) (actual time=0.002..0.002 rows=1 loops=13108)
                                            Index Cond: (id = mc.company_id)
                                            Filter: ((country_code)::text <> '[us]'::text)
                                            Rows Removed by Filter: 0
                                ->  Index Scan using movie_id_complete_cast on complete_cast cc  (cost=0.42..0.46 rows=2 width=12) (actual time=0.001..0.001 rows=1 loops=12460)
                                      Index Cond: (movie_id = t.id)
                          ->  Seq Scan on comp_cast_type cct2  (cost=0.00..1.05 rows=3 width=4) (actual time=0.000..0.001 rows=3 loops=9503)
                                Filter: ((kind)::text <> 'complete+verified'::text)
                                Rows Removed by Filter: 0
              ->  Index Scan using movie_id_movie_info on movie_info mi  (cost=0.43..1.51 rows=1 width=8) (actual time=0.071..0.071 rows=0 loops=1387)
                    Index Cond: (movie_id = mk.movie_id)
                    Filter: (info = ANY ('{Sweden,Germany,Swedish,German}'::text[]))
                    Rows Removed by Filter: 336
        ->  Seq Scan on info_type it1  (cost=0.00..2.41 rows=1 width=4) (actual time=0.002..0.002 rows=1 loops=149)
              Filter: ((info)::text = 'countries'::text)
              Rows Removed by Filter: 8
Planning time: 60.239 ms
Execution time: 407.183 ms
