Aggregate  (cost=7477.71..7477.72 rows=1 width=96) (actual time=267.261..267.261 rows=1 loops=1)
  ->  Nested Loop  (cost=9.36..7477.70 rows=1 width=41) (actual time=3.466..267.179 rows=148 loops=1)
        Join Filter: (cc.status_id = cct2.id)
        Rows Removed by Join Filter: 572
        ->  Nested Loop  (cost=9.36..7476.61 rows=1 width=45) (actual time=3.462..266.743 rows=240 loops=1)
              ->  Nested Loop  (cost=8.94..7476.12 rows=1 width=30) (actual time=3.456..265.967 rows=242 loops=1)
                    Join Filter: (it1.id = mi.info_type_id)
                    Rows Removed by Join Filter: 93
                    ->  Seq Scan on info_type it1  (cost=0.00..2.41 rows=1 width=4) (actual time=0.006..0.013 rows=1 loops=1)
                          Filter: ((info)::text = 'countries'::text)
                          Rows Removed by Filter: 112
                    ->  Nested Loop  (cost=8.94..7473.70 rows=1 width=34) (actual time=3.449..265.901 rows=335 loops=1)
                          Join Filter: (t.id = mi.movie_id)
                          ->  Nested Loop  (cost=8.50..7472.17 rows=1 width=50) (actual time=3.138..148.519 rows=1520 loops=1)
                                Join Filter: (it2.id = mi_idx.info_type_id)
                                Rows Removed by Join Filter: 268
                                ->  Seq Scan on info_type it2  (cost=0.00..2.41 rows=1 width=4) (actual time=0.008..0.009 rows=1 loops=1)
                                      Filter: ((info)::text = 'rating'::text)
                                      Rows Removed by Filter: 112
                                ->  Nested Loop  (cost=8.50..7469.74 rows=1 width=54) (actual time=3.129..148.209 rows=1788 loops=1)
                                      Join Filter: (t.id = mi_idx.movie_id)
                                      ->  Nested Loop  (cost=8.08..7468.72 rows=2 width=41) (actual time=3.120..142.973 rows=1833 loops=1)
                                            Join Filter: (ct.id = mc.company_type_id)
                                            Rows Removed by Join Filter: 5499
                                            ->  Seq Scan on company_type ct  (cost=0.00..1.04 rows=4 width=4) (actual time=0.002..0.003 rows=4 loops=1)
                                            ->  Materialize  (cost=8.08..7467.57 rows=2 width=45) (actual time=0.779..35.559 rows=1833 loops=4)
                                                  ->  Nested Loop  (cost=8.08..7467.56 rows=2 width=45) (actual time=3.116..141.569 rows=1833 loops=1)
                                                        Join Filter: (t.id = mc.movie_id)
                                                        ->  Nested Loop  (cost=7.65..7465.82 rows=3 width=33) (actual time=3.109..138.253 rows=287 loops=1)
                                                              Join Filter: (kt.id = t.kind_id)
                                                              Rows Removed by Join Filter: 217
                                                              ->  Nested Loop  (cost=7.65..7464.50 rows=8 width=37) (actual time=3.101..138.105 rows=329 loops=1)
                                                                    ->  Nested Loop  (cost=7.22..7455.20 rows=19 width=12) (actual time=3.094..119.165 rows=6216 loops=1)
                                                                          Join Filter: (cct1.id = cc.subject_id)
                                                                          Rows Removed by Join Filter: 13808
                                                                          ->  Seq Scan on comp_cast_type cct1  (cost=0.00..1.05 rows=1 width=4) (actual time=0.002..0.003 rows=1 loops=1)
                                                                                Filter: ((kind)::text = 'crew'::text)
                                                                                Rows Removed by Filter: 3
                                                                          ->  Nested Loop  (cost=7.22..7453.68 rows=37 width=16) (actual time=3.026..117.563 rows=20024 loops=1)
                                                                                ->  Nested Loop  (cost=6.80..7389.43 rows=135 width=4) (actual time=2.903..59.381 rows=37091 loops=1)
                                                                                      ->  Seq Scan on keyword k  (cost=0.00..2961.55 rows=4 width=4) (actual time=0.835..17.568 rows=3 loops=1)
                                                                                            Filter: (keyword = ANY ('{murder,murder-in-title,blood,violence}'::text[]))
                                                                                            Rows Removed by Filter: 134167
                                                                                      ->  Bitmap Heap Scan on movie_keyword mk  (cost=6.80..1103.92 rows=305 width=8) (actual time=2.171..12.584 rows=12364 loops=3)
                                                                                            Recheck Cond: (keyword_id = k.id)
                                                                                            Heap Blocks: exact=26312
                                                                                            ->  Bitmap Index Scan on keyword_id_movie_keyword  (cost=0.00..6.72 rows=305 width=0) (actual time=1.082..1.082 rows=12364 loops=3)
                                                                                                  Index Cond: (keyword_id = k.id)
                                                                                ->  Index Scan using movie_id_complete_cast on complete_cast cc  (cost=0.42..0.46 rows=2 width=12) (actual time=0.001..0.001 rows=1 loops=37091)
                                                                                      Index Cond: (movie_id = mk.movie_id)
                                                                    ->  Index Scan using title_pkey on title t  (cost=0.43..0.49 rows=1 width=25) (actual time=0.003..0.003 rows=0 loops=6216)
                                                                          Index Cond: (id = mk.movie_id)
                                                                          Filter: (production_year > 2005)
                                                                          Rows Removed by Filter: 1
                                                              ->  Materialize  (cost=0.00..1.10 rows=2 width=4) (actual time=0.000..0.000 rows=2 loops=329)
                                                                    ->  Seq Scan on kind_type kt  (cost=0.00..1.09 rows=2 width=4) (actual time=0.005..0.006 rows=2 loops=1)
                                                                          Filter: ((kind)::text = ANY ('{movie,episode}'::text[]))
                                                                          Rows Removed by Filter: 5
                                                        ->  Index Scan using movie_id_movie_companies on movie_companies mc  (cost=0.43..0.57 rows=1 width=12) (actual time=0.005..0.010 rows=6 loops=287)
                                                              Index Cond: (movie_id = mk.movie_id)
                                                              Filter: ((note !~~ '%(USA)%'::text) AND (note ~~ '%(200%)%'::text))
                                                              Rows Removed by Filter: 10
                                      ->  Index Scan using movie_id_movie_info_idx on movie_info_idx mi_idx  (cost=0.43..0.50 rows=1 width=13) (actual time=0.002..0.002 rows=1 loops=1833)
                                            Index Cond: (movie_id = mk.movie_id)
                                            Filter: (info > '6.5'::text)
                                            Rows Removed by Filter: 2
                          ->  Index Scan using movie_id_movie_info on movie_info mi  (cost=0.43..1.51 rows=1 width=8) (actual time=0.069..0.077 rows=0 loops=1520)
                                Index Cond: (movie_id = mk.movie_id)
                                Filter: (info = ANY ('{Sweden,Germany,Swedish,German}'::text[]))
                                Rows Removed by Filter: 348
              ->  Index Scan using company_name_pkey on company_name cn  (cost=0.42..0.49 rows=1 width=23) (actual time=0.003..0.003 rows=1 loops=242)
                    Index Cond: (id = mc.company_id)
                    Filter: ((country_code)::text <> '[us]'::text)
                    Rows Removed by Filter: 0
        ->  Seq Scan on comp_cast_type cct2  (cost=0.00..1.05 rows=3 width=4) (actual time=0.000..0.001 rows=3 loops=240)
              Filter: ((kind)::text <> 'complete+verified'::text)
              Rows Removed by Filter: 0
Planning time: 60.603 ms
Execution time: 267.365 ms
