Aggregate  (cost=7477.43..7477.44 rows=1 width=96) (actual time=1760.661..1760.661 rows=1 loops=1)
  ->  Nested Loop  (cost=9.36..7477.42 rows=1 width=41) (actual time=6.572..1757.540 rows=8373 loops=1)
        Join Filter: (kt.id = t.kind_id)
        Rows Removed by Join Filter: 692
        ->  Nested Loop  (cost=9.36..7476.31 rows=1 width=45) (actual time=6.569..1745.592 rows=8668 loops=1)
              Join Filter: (mi.movie_id = t.id)
              ->  Nested Loop  (cost=8.93..7475.80 rows=1 width=44) (actual time=3.169..1704.159 rows=22138 loops=1)
                    Join Filter: (it1.id = mi.info_type_id)
                    Rows Removed by Join Filter: 4782
                    ->  Seq Scan on info_type it1  (cost=0.00..2.41 rows=1 width=4) (actual time=0.007..0.014 rows=1 loops=1)
                          Filter: ((info)::text = 'countries'::text)
                          Rows Removed by Filter: 112
                    ->  Nested Loop  (cost=8.93..7473.37 rows=2 width=48) (actual time=3.161..1700.466 rows=26920 loops=1)
                          ->  Nested Loop  (cost=8.49..7471.53 rows=1 width=40) (actual time=3.094..319.740 rows=22516 loops=1)
                                ->  Nested Loop  (cost=8.07..7471.04 rows=1 width=25) (actual time=3.088..263.047 rows=23844 loops=1)
                                      Join Filter: (ct.id = mc.company_type_id)
                                      Rows Removed by Join Filter: 7
                                      ->  Nested Loop  (cost=8.07..7469.95 rows=1 width=29) (actual time=3.085..234.387 rows=23844 loops=1)
                                            ->  Nested Loop  (cost=7.64..7469.38 rows=1 width=17) (actual time=3.077..182.209 rows=6409 loops=1)
                                                  Join Filter: (cc.subject_id = cct1.id)
                                                  Rows Removed by Join Filter: 3662
                                                  ->  Nested Loop  (cost=7.64..7468.31 rows=1 width=21) (actual time=3.073..167.969 rows=10071 loops=1)
                                                        Join Filter: (it2.id = mi_idx.info_type_id)
                                                        Rows Removed by Join Filter: 19864
                                                        ->  Seq Scan on info_type it2  (cost=0.00..2.41 rows=1 width=4) (actual time=0.008..0.010 rows=1 loops=1)
                                                              Filter: ((info)::text = 'rating'::text)
                                                              Rows Removed by Filter: 112
                                                        ->  Nested Loop  (cost=7.64..7465.23 rows=54 width=25) (actual time=3.052..165.166 rows=29935 loops=1)
                                                              ->  Nested Loop  (cost=7.22..7455.20 rows=19 width=12) (actual time=3.045..125.741 rows=10536 loops=1)
                                                                    Join Filter: (cct2.id = cc.status_id)
                                                                    Rows Removed by Join Filter: 9488
                                                                    ->  Seq Scan on comp_cast_type cct2  (cost=0.00..1.05 rows=1 width=4) (actual time=0.002..0.003 rows=1 loops=1)
                                                                          Filter: ((kind)::text = 'complete'::text)
                                                                          Rows Removed by Filter: 3
                                                                    ->  Nested Loop  (cost=7.22..7453.68 rows=37 width=16) (actual time=3.038..123.529 rows=20024 loops=1)
                                                                          ->  Nested Loop  (cost=6.80..7389.43 rows=135 width=4) (actual time=2.899..63.041 rows=37091 loops=1)
                                                                                ->  Seq Scan on keyword k  (cost=0.00..2961.55 rows=4 width=4) (actual time=0.836..17.330 rows=3 loops=1)
                                                                                      Filter: (keyword = ANY ('{murder,murder-in-title,blood,violence}'::text[]))
                                                                                      Rows Removed by Filter: 134167
                                                                                ->  Bitmap Heap Scan on movie_keyword mk  (cost=6.80..1103.92 rows=305 width=8) (actual time=2.319..13.886 rows=12364 loops=3)
                                                                                      Recheck Cond: (keyword_id = k.id)
                                                                                      Heap Blocks: exact=26312
                                                                                      ->  Bitmap Index Scan on keyword_id_movie_keyword  (cost=0.00..6.72 rows=305 width=0) (actual time=1.222..1.222 rows=12364 loops=3)
                                                                                            Index Cond: (keyword_id = k.id)
                                                                          ->  Index Scan using movie_id_complete_cast on complete_cast cc  (cost=0.42..0.46 rows=2 width=12) (actual time=0.001..0.001 rows=1 loops=37091)
                                                                                Index Cond: (movie_id = mk.movie_id)
                                                              ->  Index Scan using movie_id_movie_info_idx on movie_info_idx mi_idx  (cost=0.43..0.50 rows=3 width=13) (actual time=0.003..0.003 rows=3 loops=10536)
                                                                    Index Cond: (movie_id = mk.movie_id)
                                                                    Filter: (info < '8.5'::text)
                                                                    Rows Removed by Filter: 0
                                                  ->  Seq Scan on comp_cast_type cct1  (cost=0.00..1.05 rows=1 width=4) (actual time=0.000..0.000 rows=1 loops=10071)
                                                        Filter: ((kind)::text = 'cast'::text)
                                                        Rows Removed by Filter: 1
                                            ->  Index Scan using movie_id_movie_companies on movie_companies mc  (cost=0.43..0.57 rows=1 width=12) (actual time=0.005..0.007 rows=4 loops=6409)
                                                  Index Cond: (movie_id = mk.movie_id)
                                                  Filter: ((note !~~ '%(USA)%'::text) AND (note ~~ '%(200%)%'::text))
                                                  Rows Removed by Filter: 8
                                      ->  Seq Scan on company_type ct  (cost=0.00..1.04 rows=4 width=4) (actual time=0.000..0.000 rows=1 loops=23844)
                                ->  Index Scan using company_name_pkey on company_name cn  (cost=0.42..0.49 rows=1 width=23) (actual time=0.002..0.002 rows=1 loops=23844)
                                      Index Cond: (id = mc.company_id)
                                      Filter: ((country_code)::text <> '[us]'::text)
                                      Rows Removed by Filter: 0
                          ->  Index Scan using movie_id_movie_info on movie_info mi  (cost=0.43..1.81 rows=2 width=8) (actual time=0.051..0.061 rows=1 loops=22516)
                                Index Cond: (movie_id = mk.movie_id)
                                Filter: (info = ANY ('{Sweden,Norway,Germany,Denmark,Swedish,Danish,Norwegian,German,USA,American}'::text[]))
                                Rows Removed by Filter: 199
              ->  Index Scan using title_pkey on title t  (cost=0.43..0.49 rows=1 width=25) (actual time=0.002..0.002 rows=0 loops=22138)
                    Index Cond: (id = mk.movie_id)
                    Filter: (production_year > 2005)
                    Rows Removed by Filter: 1
        ->  Seq Scan on kind_type kt  (cost=0.00..1.09 rows=2 width=4) (actual time=0.000..0.000 rows=1 loops=8668)
              Filter: ((kind)::text = ANY ('{movie,episode}'::text[]))
              Rows Removed by Filter: 0
Planning time: 60.869 ms
Execution time: 1760.759 ms
