Aggregate  (cost=7473.06..7473.07 rows=1 width=96) (actual time=1108.959..1108.959 rows=1 loops=1)
  ->  Nested Loop  (cost=9.36..7473.05 rows=1 width=41) (actual time=3.529..1106.097 rows=8373 loops=1)
        Join Filter: (mi.info_type_id = it1.id)
        Rows Removed by Join Filter: 1116
        ->  Nested Loop  (cost=9.36..7470.63 rows=1 width=45) (actual time=3.525..1074.349 rows=9489 loops=1)
              Join Filter: (mi_idx.info_type_id = it2.id)
              Rows Removed by Join Filter: 18780
              ->  Nested Loop  (cost=9.36..7468.20 rows=1 width=49) (actual time=3.497..861.382 rows=28269 loops=1)
                    Join Filter: (t.id = mi_idx.movie_id)
                    ->  Nested Loop  (cost=8.93..7467.67 rows=1 width=60) (actual time=3.490..833.781 rows=9609 loops=1)
                          Join Filter: (t.id = mi.movie_id)
                          ->  Nested Loop  (cost=8.50..7465.83 rows=1 width=52) (actual time=3.473..307.630 rows=8286 loops=1)
                                Join Filter: (kt.id = t.kind_id)
                                Rows Removed by Join Filter: 859
                                ->  Nested Loop  (cost=8.50..7464.71 rows=1 width=56) (actual time=3.468..295.681 rows=8621 loops=1)
                                      ->  Nested Loop  (cost=8.07..7464.22 rows=1 width=31) (actual time=3.059..253.738 rows=22725 loops=1)
                                            Join Filter: (ct.id = mc.company_type_id)
                                            ->  Nested Loop  (cost=8.07..7463.13 rows=1 width=35) (actual time=3.056..227.323 rows=22725 loops=1)
                                                  ->  Nested Loop  (cost=7.65..7461.66 rows=3 width=20) (actual time=3.051..175.597 rows=24082 loops=1)
                                                        ->  Nested Loop  (cost=7.22..7456.48 rows=9 width=8) (actual time=3.031..123.833 rows=6704 loops=1)
                                                              Join Filter: (cc.subject_id = cct1.id)
                                                              Rows Removed by Join Filter: 3832
                                                              ->  Seq Scan on comp_cast_type cct1  (cost=0.00..1.05 rows=1 width=4) (actual time=0.004..0.005 rows=1 loops=1)
                                                                    Filter: ((kind)::text = 'cast'::text)
                                                                    Rows Removed by Filter: 3
                                                              ->  Nested Loop  (cost=7.22..7455.20 rows=19 width=12) (actual time=3.026..122.590 rows=10536 loops=1)
                                                                    Join Filter: (cct2.id = cc.status_id)
                                                                    Rows Removed by Join Filter: 9488
                                                                    ->  Seq Scan on comp_cast_type cct2  (cost=0.00..1.05 rows=1 width=4) (actual time=0.002..0.003 rows=1 loops=1)
                                                                          Filter: ((kind)::text = 'complete'::text)
                                                                          Rows Removed by Filter: 3
                                                                    ->  Nested Loop  (cost=7.22..7453.68 rows=37 width=16) (actual time=3.020..120.455 rows=20024 loops=1)
                                                                          ->  Nested Loop  (cost=6.80..7389.43 rows=135 width=4) (actual time=2.888..61.628 rows=37091 loops=1)
                                                                                ->  Seq Scan on keyword k  (cost=0.00..2961.55 rows=4 width=4) (actual time=0.832..17.742 rows=3 loops=1)
                                                                                      Filter: (keyword = ANY ('{murder,murder-in-title,blood,violence}'::text[]))
                                                                                      Rows Removed by Filter: 134167
                                                                                ->  Bitmap Heap Scan on movie_keyword mk  (cost=6.80..1103.92 rows=305 width=8) (actual time=2.317..13.297 rows=12364 loops=3)
                                                                                      Recheck Cond: (keyword_id = k.id)
                                                                                      Heap Blocks: exact=26312
                                                                                      ->  Bitmap Index Scan on keyword_id_movie_keyword  (cost=0.00..6.72 rows=305 width=0) (actual time=1.215..1.215 rows=12364 loops=3)
                                                                                            Index Cond: (keyword_id = k.id)
                                                                          ->  Index Scan using movie_id_complete_cast on complete_cast cc  (cost=0.42..0.46 rows=2 width=12) (actual time=0.001..0.001 rows=1 loops=37091)
                                                                                Index Cond: (movie_id = mk.movie_id)
                                                        ->  Index Scan using movie_id_movie_companies on movie_companies mc  (cost=0.43..0.57 rows=1 width=12) (actual time=0.004..0.007 rows=4 loops=6704)
                                                              Index Cond: (movie_id = mk.movie_id)
                                                              Filter: ((note !~~ '%(USA)%'::text) AND (note ~~ '%(200%)%'::text))
                                                              Rows Removed by Filter: 8
                                                  ->  Index Scan using company_name_pkey on company_name cn  (cost=0.42..0.49 rows=1 width=23) (actual time=0.002..0.002 rows=1 loops=24082)
                                                        Index Cond: (id = mc.company_id)
                                                        Filter: ((country_code)::text <> '[us]'::text)
                                                        Rows Removed by Filter: 0
                                            ->  Seq Scan on company_type ct  (cost=0.00..1.04 rows=4 width=4) (actual time=0.000..0.000 rows=1 loops=22725)
                                      ->  Index Scan using title_pkey on title t  (cost=0.43..0.49 rows=1 width=25) (actual time=0.002..0.002 rows=0 loops=22725)
                                            Index Cond: (id = mk.movie_id)
                                            Filter: (production_year > 2005)
                                            Rows Removed by Filter: 1
                                ->  Seq Scan on kind_type kt  (cost=0.00..1.09 rows=2 width=4) (actual time=0.000..0.000 rows=1 loops=8621)
                                      Filter: ((kind)::text = ANY ('{movie,episode}'::text[]))
                                      Rows Removed by Filter: 0
                          ->  Index Scan using movie_id_movie_info on movie_info mi  (cost=0.43..1.81 rows=2 width=8) (actual time=0.053..0.063 rows=1 loops=8286)
                                Index Cond: (movie_id = mk.movie_id)
                                Filter: (info = ANY ('{Sweden,Norway,Germany,Denmark,Swedish,Danish,Norwegian,German,USA,American}'::text[]))
                                Rows Removed by Filter: 213
                    ->  Index Scan using movie_id_movie_info_idx on movie_info_idx mi_idx  (cost=0.43..0.50 rows=3 width=13) (actual time=0.002..0.002 rows=3 loops=9609)
                          Index Cond: (movie_id = mk.movie_id)
                          Filter: (info < '8.5'::text)
                          Rows Removed by Filter: 0
              ->  Seq Scan on info_type it2  (cost=0.00..2.41 rows=1 width=4) (actual time=0.006..0.007 rows=1 loops=28269)
                    Filter: ((info)::text = 'rating'::text)
                    Rows Removed by Filter: 108
        ->  Seq Scan on info_type it1  (cost=0.00..2.41 rows=1 width=4) (actual time=0.002..0.003 rows=1 loops=9489)
              Filter: ((info)::text = 'countries'::text)
              Rows Removed by Filter: 19
Planning time: 60.722 ms
Execution time: 1109.065 ms
