Aggregate  (cost=4188.60..4188.61 rows=1 width=96) (actual time=64.129..64.129 rows=1 loops=1)
  ->  Nested Loop  (cost=11.21..4188.59 rows=1 width=48) (actual time=5.823..63.691 rows=1620 loops=1)
        ->  Nested Loop  (cost=10.79..4186.57 rows=1 width=52) (actual time=5.816..52.321 rows=7128 loops=1)
              Join Filter: (mi.movie_id = t.id)
              ->  Nested Loop  (cost=10.36..4184.42 rows=1 width=55) (actual time=5.808..41.094 rows=7128 loops=1)
                    Join Filter: (ci.person_id = n.id)
                    ->  Nested Loop  (cost=9.93..4182.18 rows=1 width=52) (actual time=5.800..29.501 rows=7128 loops=1)
                          Join Filter: (cc.subject_id = cct1.id)
                          ->  Nested Loop  (cost=9.93..4181.12 rows=1 width=56) (actual time=5.797..20.840 rows=7128 loops=1)
                                Join Filter: (mi.movie_id = mc.movie_id)
                                ->  Nested Loop  (cost=9.50..4176.27 rows=1 width=48) (actual time=5.790..18.143 rows=324 loops=1)
                                      Join Filter: (it3.id = pi.info_type_id)
                                      Rows Removed by Join Filter: 654
                                      ->  Seq Scan on info_type it3  (cost=0.00..2.41 rows=1 width=4) (actual time=0.009..0.014 rows=1 loops=1)
                                            Filter: ((info)::text = 'trivia'::text)
                                            Rows Removed by Filter: 112
                                      ->  Nested Loop  (cost=9.50..4173.85 rows=1 width=52) (actual time=5.774..18.045 rows=978 loops=1)
                                            ->  Nested Loop  (cost=9.07..4154.30 rows=1 width=44) (actual time=5.767..17.748 rows=6 loops=1)
                                                  ->  Nested Loop  (cost=8.65..4151.38 rows=1 width=40) (actual time=5.757..17.732 rows=2 loops=1)
                                                        Join Filter: (it.id = mi.info_type_id)
                                                        ->  Seq Scan on info_type it  (cost=0.00..2.41 rows=1 width=4) (actual time=0.004..0.011 rows=1 loops=1)
                                                              Filter: ((info)::text = 'release dates'::text)
                                                              Rows Removed by Filter: 112
                                                        ->  Nested Loop  (cost=8.65..4148.96 rows=1 width=44) (actual time=5.753..17.719 rows=2 loops=1)
                                                              Join Filter: (ci.movie_id = mi.movie_id)
                                                              ->  Nested Loop  (cost=8.21..4107.86 rows=1 width=36) (actual time=0.567..17.345 rows=3 loops=1)
                                                                    Join Filter: (ci.role_id = rt.id)
                                                                    ->  Nested Loop  (cost=8.21..4106.69 rows=1 width=40) (actual time=0.563..17.332 rows=3 loops=1)
                                                                          ->  Nested Loop  (cost=7.78..4100.37 rows=2 width=28) (actual time=0.391..15.291 rows=732 loops=1)
                                                                                ->  Nested Loop  (cost=7.22..3850.17 rows=5 width=12) (actual time=0.378..11.750 rows=25 loops=1)
                                                                                      Join Filter: (cct2.id = cc.status_id)
                                                                                      Rows Removed by Join Filter: 65
                                                                                      ->  Seq Scan on comp_cast_type cct2  (cost=0.00..1.05 rows=1 width=4) (actual time=0.003..0.003 rows=1 loops=1)
                                                                                            Filter: ((kind)::text = 'complete+verified'::text)
                                                                                            Rows Removed by Filter: 3
                                                                                      ->  Nested Loop  (cost=7.22..3849.00 rows=9 width=16) (actual time=0.187..11.737 rows=90 loops=1)
                                                                                            ->  Nested Loop  (cost=6.80..3754.10 rows=34 width=4) (actual time=0.115..10.848 rows=414 loops=1)
                                                                                                  ->  Seq Scan on keyword k  (cost=0.00..2626.12 rows=1 width=4) (actual time=0.033..10.245 rows=1 loops=1)
                                                                                                        Filter: (keyword = 'computer-animation'::text)
                                                                                                        Rows Removed by Filter: 134169
                                                                                                  ->  Bitmap Heap Scan on movie_keyword mk  (cost=6.80..1124.92 rows=305 width=8) (actual time=0.080..0.557 rows=414 loops=1)
                                                                                                        Recheck Cond: (keyword_id = k.id)
                                                                                                        Heap Blocks: exact=358
                                                                                                        ->  Bitmap Index Scan on keyword_id_movie_keyword  (cost=0.00..6.72 rows=305 width=0) (actual time=0.043..0.043 rows=414 loops=1)
                                                                                                              Index Cond: (keyword_id = k.id)
                                                                                            ->  Index Scan using movie_id_complete_cast on complete_cast cc  (cost=0.42..2.77 rows=2 width=12) (actual time=0.002..0.002 rows=0 loops=414)
                                                                                                  Index Cond: (movie_id = mk.movie_id)
                                                                                ->  Index Scan using movie_id_cast_info on cast_info ci  (cost=0.56..50.03 rows=1 width=16) (actual time=0.016..0.138 rows=29 loops=25)
                                                                                      Index Cond: (movie_id = mk.movie_id)
                                                                                      Filter: (note = ANY ('{(voice),"(voice) (uncredited)","(voice: English version)"}'::text[]))
                                                                                      Rows Removed by Filter: 116
                                                                          ->  Index Scan using char_name_pkey on char_name chn  (cost=0.43..2.25 rows=1 width=20) (actual time=0.003..0.003 rows=0 loops=732)
                                                                                Index Cond: (id = ci.person_role_id)
                                                                                Filter: (name = 'Queen'::text)
                                                                                Rows Removed by Filter: 1
                                                                    ->  Seq Scan on role_type rt  (cost=0.00..1.15 rows=1 width=4) (actual time=0.002..0.002 rows=1 loops=3)
                                                                          Filter: ((role)::text = 'actress'::text)
                                                                          Rows Removed by Filter: 1
                                                              ->  Index Scan using movie_id_movie_info on movie_info mi  (cost=0.43..41.09 rows=1 width=8) (actual time=0.082..0.124 rows=1 loops=3)
                                                                    Index Cond: (movie_id = mk.movie_id)
                                                                    Filter: ((info IS NOT NULL) AND ((info ~~ 'Japan:%200%'::text) OR (info ~~ 'USA:%200%'::text)))
                                                                    Rows Removed by Filter: 351
                                                  ->  Index Only Scan using person_id_aka_name on aka_name an  (cost=0.42..2.90 rows=2 width=4) (actual time=0.005..0.007 rows=3 loops=2)
                                                        Index Cond: (person_id = ci.person_id)
                                                        Heap Fetches: 6
                                            ->  Index Scan using person_id_person_info on person_info pi  (cost=0.43..19.30 rows=25 width=8) (actual time=0.002..0.026 rows=163 loops=6)
                                                  Index Cond: (person_id = ci.person_id)
                                ->  Index Scan using movie_id_movie_companies on movie_companies mc  (cost=0.43..4.78 rows=5 width=8) (actual time=0.002..0.004 rows=22 loops=324)
                                      Index Cond: (movie_id = mk.movie_id)
                          ->  Seq Scan on comp_cast_type cct1  (cost=0.00..1.05 rows=1 width=4) (actual time=0.000..0.000 rows=1 loops=7128)
                                Filter: ((kind)::text = 'cast'::text)
                    ->  Index Scan using name_pkey on name n  (cost=0.43..2.22 rows=1 width=19) (actual time=0.001..0.001 rows=1 loops=7128)
                          Index Cond: (id = pi.person_id)
                          Filter: ((name ~~ '%An%'::text) AND ((gender)::text = 'f'::text))
              ->  Index Scan using title_pkey on title t  (cost=0.43..2.14 rows=1 width=21) (actual time=0.001..0.001 rows=1 loops=7128)
                    Index Cond: (id = mk.movie_id)
                    Filter: ((production_year >= 2000) AND (production_year <= 2010) AND (title = 'Shrek 2'::text))
        ->  Index Scan using company_name_pkey on company_name cn  (cost=0.42..2.03 rows=1 width=4) (actual time=0.001..0.001 rows=0 loops=7128)
              Index Cond: (id = mc.company_id)
              Filter: ((country_code)::text = '[us]'::text)
              Rows Removed by Filter: 1
Planning time: 80.642 ms
Execution time: 64.257 ms
