Aggregate  (cost=4191.38..4191.39 rows=1 width=96) (actual time=617.281..617.281 rows=1 loops=1)
  ->  Nested Loop  (cost=11.21..4191.38 rows=1 width=48) (actual time=521.673..616.822 rows=1620 loops=1)
        ->  Nested Loop  (cost=10.78..4187.30 rows=1 width=36) (actual time=521.662..614.334 rows=1620 loops=1)
              Join Filter: (mi.info_type_id = it.id)
              ->  Nested Loop  (cost=10.78..4184.88 rows=1 width=40) (actual time=521.657..609.222 rows=1620 loops=1)
                    Join Filter: (n.id = an.person_id)
                    ->  Nested Loop  (cost=10.36..4181.98 rows=1 width=52) (actual time=521.645..607.810 rows=540 loops=1)
                          Join Filter: (mi.movie_id = t.id)
                          ->  Nested Loop  (cost=9.93..4179.83 rows=1 width=55) (actual time=29.701..601.544 rows=4026 loops=1)
                                ->  Nested Loop  (cost=9.51..4177.80 rows=1 width=59) (actual time=8.912..574.216 rows=18572 loops=1)
                                      Join Filter: (pi.info_type_id = it3.id)
                                      Rows Removed by Join Filter: 58896
                                      ->  Nested Loop  (cost=9.51..4175.38 rows=1 width=63) (actual time=8.895..72.774 rows=77468 loops=1)
                                            Join Filter: (n.id = pi.person_id)
                                            ->  Nested Loop  (cost=9.08..4155.76 rows=1 width=55) (actual time=8.887..50.185 rows=316 loops=1)
                                                  Join Filter: (mc.movie_id = mi.movie_id)
                                                  ->  Nested Loop  (cost=8.64..4114.67 rows=1 width=47) (actual time=2.635..36.422 rows=167 loops=1)
                                                        ->  Nested Loop  (cost=8.21..4112.32 rows=1 width=28) (actual time=0.815..29.038 rows=4501 loops=1)
                                                              Join Filter: (cc.subject_id = cct1.id)
                                                              Rows Removed by Join Filter: 92
                                                              ->  Nested Loop  (cost=8.21..4111.26 rows=1 width=32) (actual time=0.813..23.759 rows=4593 loops=1)
                                                                    Join Filter: (ci.role_id = rt.id)
                                                                    Rows Removed by Join Filter: 14471
                                                                    ->  Seq Scan on role_type rt  (cost=0.00..1.15 rows=1 width=4) (actual time=0.006..0.008 rows=1 loops=1)
                                                                          Filter: ((role)::text = 'actress'::text)
                                                                          Rows Removed by Filter: 11
                                                                    ->  Nested Loop  (cost=8.21..4110.06 rows=4 width=36) (actual time=0.403..22.335 rows=19064 loops=1)
                                                                          Join Filter: (ci.movie_id = mc.movie_id)
                                                                          ->  Nested Loop  (cost=7.78..4100.37 rows=2 width=28) (actual time=0.395..15.590 rows=732 loops=1)
                                                                                ->  Nested Loop  (cost=7.22..3850.17 rows=5 width=12) (actual time=0.381..11.732 rows=25 loops=1)
                                                                                      Join Filter: (cct2.id = cc.status_id)
                                                                                      Rows Removed by Join Filter: 65
                                                                                      ->  Seq Scan on comp_cast_type cct2  (cost=0.00..1.05 rows=1 width=4) (actual time=0.003..0.004 rows=1 loops=1)
                                                                                            Filter: ((kind)::text = 'complete+verified'::text)
                                                                                            Rows Removed by Filter: 3
                                                                                      ->  Nested Loop  (cost=7.22..3849.00 rows=9 width=16) (actual time=0.192..11.718 rows=90 loops=1)
                                                                                            ->  Nested Loop  (cost=6.80..3754.10 rows=34 width=4) (actual time=0.117..10.795 rows=414 loops=1)
                                                                                                  ->  Seq Scan on keyword k  (cost=0.00..2626.12 rows=1 width=4) (actual time=0.033..10.154 rows=1 loops=1)
                                                                                                        Filter: (keyword = 'computer-animation'::text)
                                                                                                        Rows Removed by Filter: 134169
                                                                                                  ->  Bitmap Heap Scan on movie_keyword mk  (cost=6.80..1124.92 rows=305 width=8) (actual time=0.082..0.593 rows=414 loops=1)
                                                                                                        Recheck Cond: (keyword_id = k.id)
                                                                                                        Heap Blocks: exact=358
                                                                                                        ->  Bitmap Index Scan on keyword_id_movie_keyword  (cost=0.00..6.72 rows=305 width=0) (actual time=0.045..0.045 rows=414 loops=1)
                                                                                                              Index Cond: (keyword_id = k.id)
                                                                                            ->  Index Scan using movie_id_complete_cast on complete_cast cc  (cost=0.42..2.77 rows=2 width=12) (actual time=0.002..0.002 rows=0 loops=414)
                                                                                                  Index Cond: (movie_id = mk.movie_id)
                                                                                ->  Index Scan using movie_id_cast_info on cast_info ci  (cost=0.56..50.03 rows=1 width=16) (actual time=0.018..0.150 rows=29 loops=25)
                                                                                      Index Cond: (movie_id = mk.movie_id)
                                                                                      Filter: (note = ANY ('{(voice),"(voice) (uncredited)","(voice: English version)"}'::text[]))
                                                                                      Rows Removed by Filter: 116
                                                                          ->  Index Scan using movie_id_movie_companies on movie_companies mc  (cost=0.43..4.78 rows=5 width=8) (actual time=0.002..0.005 rows=26 loops=732)
                                                                                Index Cond: (movie_id = mk.movie_id)
                                                              ->  Seq Scan on comp_cast_type cct1  (cost=0.00..1.05 rows=1 width=4) (actual time=0.000..0.000 rows=1 loops=4593)
                                                                    Filter: ((kind)::text = 'cast'::text)
                                                                    Rows Removed by Filter: 0
                                                        ->  Index Scan using name_pkey on name n  (cost=0.43..2.34 rows=1 width=19) (actual time=0.001..0.001 rows=0 loops=4501)
                                                              Index Cond: (id = ci.person_id)
                                                              Filter: ((name ~~ '%An%'::text) AND ((gender)::text = 'f'::text))
                                                              Rows Removed by Filter: 1
                                                  ->  Index Scan using movie_id_movie_info on movie_info mi  (cost=0.43..41.09 rows=1 width=8) (actual time=0.017..0.082 rows=2 loops=167)
                                                        Index Cond: (movie_id = mk.movie_id)
                                                        Filter: ((info IS NOT NULL) AND ((info ~~ 'Japan:%200%'::text) OR (info ~~ 'USA:%200%'::text)))
                                                        Rows Removed by Filter: 422
                                            ->  Index Scan using person_id_person_info on person_info pi  (cost=0.43..19.30 rows=25 width=8) (actual time=0.003..0.034 rows=245 loops=316)
                                                  Index Cond: (person_id = ci.person_id)
                                      ->  Seq Scan on info_type it3  (cost=0.00..2.41 rows=1 width=4) (actual time=0.002..0.006 rows=1 loops=77468)
                                            Filter: ((info)::text = 'trivia'::text)
                                            Rows Removed by Filter: 89
                                ->  Index Scan using company_name_pkey on company_name cn  (cost=0.42..2.03 rows=1 width=4) (actual time=0.001..0.001 rows=0 loops=18572)
                                      Index Cond: (id = mc.company_id)
                                      Filter: ((country_code)::text = '[us]'::text)
                                      Rows Removed by Filter: 1
                          ->  Index Scan using title_pkey on title t  (cost=0.43..2.14 rows=1 width=21) (actual time=0.001..0.001 rows=0 loops=4026)
                                Index Cond: (id = mk.movie_id)
                                Filter: ((production_year >= 2000) AND (production_year <= 2010) AND (title = 'Shrek 2'::text))
                                Rows Removed by Filter: 1
                    ->  Index Only Scan using person_id_aka_name on aka_name an  (cost=0.42..2.87 rows=2 width=4) (actual time=0.001..0.002 rows=3 loops=540)
                          Index Cond: (person_id = pi.person_id)
                          Heap Fetches: 1620
              ->  Seq Scan on info_type it  (cost=0.00..2.41 rows=1 width=4) (actual time=0.002..0.002 rows=1 loops=1620)
                    Filter: ((info)::text = 'release dates'::text)
                    Rows Removed by Filter: 15
        ->  Index Scan using char_name_pkey on char_name chn  (cost=0.43..2.25 rows=1 width=20) (actual time=0.001..0.001 rows=1 loops=1620)
              Index Cond: (id = ci.person_role_id)
              Filter: (name = 'Queen'::text)
Planning time: 80.669 ms
Execution time: 617.420 ms
