Aggregate  (cost=3965.26..3965.27 rows=1 width=96) (actual time=18.382..18.382 rows=1 loops=1)
  ->  Nested Loop  (cost=11.21..3965.25 rows=1 width=48) (actual time=1.900..17.922 rows=1620 loops=1)
        Join Filter: (ci.role_id = rt.id)
        ->  Nested Loop  (cost=11.21..3964.09 rows=1 width=52) (actual time=1.895..15.606 rows=1620 loops=1)
              Join Filter: (it3.id = pi.info_type_id)
              Rows Removed by Join Filter: 3270
              ->  Seq Scan on info_type it3  (cost=0.00..2.41 rows=1 width=4) (actual time=0.008..0.014 rows=1 loops=1)
                    Filter: ((info)::text = 'trivia'::text)
                    Rows Removed by Filter: 112
              ->  Nested Loop  (cost=11.21..3961.66 rows=1 width=56) (actual time=1.879..15.184 rows=4890 loops=1)
                    Join Filter: (n.id = pi.person_id)
                    ->  Nested Loop  (cost=10.78..3942.06 rows=1 width=64) (actual time=1.871..13.551 rows=30 loops=1)
                          Join Filter: (n.id = an.person_id)
                          ->  Nested Loop  (cost=10.36..3939.14 rows=1 width=60) (actual time=1.864..13.511 rows=10 loops=1)
                                ->  Nested Loop  (cost=9.93..3935.06 rows=1 width=48) (actual time=1.856..13.486 rows=10 loops=1)
                                      Join Filter: (cct2.id = cc.status_id)
                                      ->  Seq Scan on comp_cast_type cct2  (cost=0.00..1.05 rows=1 width=4) (actual time=0.002..0.003 rows=1 loops=1)
                                            Filter: ((kind)::text = 'complete+verified'::text)
                                            Rows Removed by Filter: 3
                                      ->  Nested Loop  (cost=9.93..3934.00 rows=1 width=52) (actual time=1.853..13.481 rows=10 loops=1)
                                            Join Filter: (cct1.id = cc.subject_id)
                                            ->  Seq Scan on comp_cast_type cct1  (cost=0.00..1.05 rows=1 width=4) (actual time=0.002..0.003 rows=1 loops=1)
                                                  Filter: ((kind)::text = 'cast'::text)
                                                  Rows Removed by Filter: 3
                                            ->  Nested Loop  (cost=9.93..3932.94 rows=1 width=56) (actual time=1.851..13.475 rows=10 loops=1)
                                                  Join Filter: (t.id = cc.movie_id)
                                                  ->  Nested Loop  (cost=9.51..3930.14 rows=1 width=68) (actual time=1.833..13.438 rows=10 loops=1)
                                                        ->  Nested Loop  (cost=9.09..3928.12 rows=1 width=72) (actual time=1.827..13.319 rows=44 loops=1)
                                                              Join Filter: (t.id = mc.movie_id)
                                                              ->  Nested Loop  (cost=8.66..3923.27 rows=1 width=64) (actual time=1.819..13.292 rows=2 loops=1)
                                                                    Join Filter: (it.id = mi.info_type_id)
                                                                    ->  Seq Scan on info_type it  (cost=0.00..2.41 rows=1 width=4) (actual time=0.004..0.010 rows=1 loops=1)
                                                                          Filter: ((info)::text = 'release dates'::text)
                                                                          Rows Removed by Filter: 112
                                                                    ->  Nested Loop  (cost=8.66..3920.85 rows=1 width=68) (actual time=1.814..13.280 rows=2 loops=1)
                                                                          Join Filter: (t.id = mi.movie_id)
                                                                          ->  Nested Loop  (cost=8.22..3879.75 rows=1 width=60) (actual time=1.792..13.136 rows=1 loops=1)
                                                                                ->  Nested Loop  (cost=7.79..3877.41 rows=1 width=41) (actual time=1.668..12.993 rows=38 loops=1)
                                                                                      Join Filter: (t.id = ci.movie_id)
                                                                                      ->  Nested Loop  (cost=7.23..3827.36 rows=1 width=25) (actual time=1.657..12.722 rows=1 loops=1)
                                                                                            ->  Nested Loop  (cost=6.80..3754.10 rows=34 width=4) (actual time=0.113..11.185 rows=414 loops=1)
                                                                                                  ->  Seq Scan on keyword k  (cost=0.00..2626.12 rows=1 width=4) (actual time=0.032..10.599 rows=1 loops=1)
                                                                                                        Filter: (keyword = 'computer-animation'::text)
                                                                                                        Rows Removed by Filter: 134169
                                                                                                  ->  Bitmap Heap Scan on movie_keyword mk  (cost=6.80..1124.92 rows=305 width=8) (actual time=0.080..0.542 rows=414 loops=1)
                                                                                                        Recheck Cond: (keyword_id = k.id)
                                                                                                        Heap Blocks: exact=358
                                                                                                        ->  Bitmap Index Scan on keyword_id_movie_keyword  (cost=0.00..6.72 rows=305 width=0) (actual time=0.043..0.043 rows=414 loops=1)
                                                                                                              Index Cond: (keyword_id = k.id)
                                                                                            ->  Index Scan using title_pkey on title t  (cost=0.43..2.14 rows=1 width=21) (actual time=0.004..0.004 rows=0 loops=414)
                                                                                                  Index Cond: (id = mk.movie_id)
                                                                                                  Filter: ((production_year >= 2000) AND (production_year <= 2010) AND (title = 'Shrek 2'::text))
                                                                                                  Rows Removed by Filter: 1
                                                                                      ->  Index Scan using movie_id_cast_info on cast_info ci  (cost=0.56..50.03 rows=1 width=16) (actual time=0.009..0.265 rows=38 loops=1)
                                                                                            Index Cond: (movie_id = mk.movie_id)
                                                                                            Filter: (note = ANY ('{(voice),"(voice) (uncredited)","(voice: English version)"}'::text[]))
                                                                                            Rows Removed by Filter: 191
                                                                                ->  Index Scan using name_pkey on name n  (cost=0.43..2.34 rows=1 width=19) (actual time=0.004..0.004 rows=0 loops=38)
                                                                                      Index Cond: (id = ci.person_id)
                                                                                      Filter: ((name ~~ '%An%'::text) AND ((gender)::text = 'f'::text))
                                                                                      Rows Removed by Filter: 1
                                                                          ->  Index Scan using movie_id_movie_info on movie_info mi  (cost=0.43..41.09 rows=1 width=8) (actual time=0.021..0.143 rows=2 loops=1)
                                                                                Index Cond: (movie_id = mk.movie_id)
                                                                                Filter: ((info IS NOT NULL) AND ((info ~~ 'Japan:%200%'::text) OR (info ~~ 'USA:%200%'::text)))
                                                                                Rows Removed by Filter: 455
                                                              ->  Index Scan using movie_id_movie_companies on movie_companies mc  (cost=0.43..4.78 rows=5 width=8) (actual time=0.004..0.009 rows=22 loops=2)
                                                                    Index Cond: (movie_id = mk.movie_id)
                                                        ->  Index Scan using company_name_pkey on company_name cn  (cost=0.42..2.03 rows=1 width=4) (actual time=0.002..0.002 rows=0 loops=44)
                                                              Index Cond: (id = mc.company_id)
                                                              Filter: ((country_code)::text = '[us]'::text)
                                                              Rows Removed by Filter: 1
                                                  ->  Index Scan using movie_id_complete_cast on complete_cast cc  (cost=0.42..2.77 rows=2 width=12) (actual time=0.002..0.002 rows=1 loops=10)
                                                        Index Cond: (movie_id = mk.movie_id)
                                ->  Index Scan using char_name_pkey on char_name chn  (cost=0.43..2.25 rows=1 width=20) (actual time=0.002..0.002 rows=1 loops=10)
                                      Index Cond: (id = ci.person_role_id)
                                      Filter: (name = 'Queen'::text)
                          ->  Index Only Scan using person_id_aka_name on aka_name an  (cost=0.42..2.90 rows=2 width=4) (actual time=0.002..0.003 rows=3 loops=10)
                                Index Cond: (person_id = ci.person_id)
                                Heap Fetches: 30
                    ->  Index Scan using person_id_person_info on person_info pi  (cost=0.43..19.29 rows=25 width=8) (actual time=0.002..0.027 rows=163 loops=30)
                          Index Cond: (person_id = an.person_id)
        ->  Seq Scan on role_type rt  (cost=0.00..1.15 rows=1 width=4) (actual time=0.001..0.001 rows=1 loops=1620)
              Filter: ((role)::text = 'actress'::text)
              Rows Removed by Filter: 1
Planning time: 81.064 ms
Execution time: 18.503 ms
