Aggregate  (cost=3965.08..3965.09 rows=1 width=96) (actual time=28.270..28.270 rows=1 loops=1)
  ->  Nested Loop  (cost=11.21..3965.08 rows=1 width=48) (actual time=1.809..27.822 rows=1620 loops=1)
        Join Filter: (cct2.id = cc.status_id)
        ->  Seq Scan on comp_cast_type cct2  (cost=0.00..1.05 rows=1 width=4) (actual time=0.005..0.005 rows=1 loops=1)
              Filter: ((kind)::text = 'complete+verified'::text)
              Rows Removed by Filter: 3
        ->  Nested Loop  (cost=11.21..3964.01 rows=1 width=52) (actual time=1.802..27.600 rows=1620 loops=1)
              Join Filter: (cct1.id = cc.subject_id)
              ->  Seq Scan on comp_cast_type cct1  (cost=0.00..1.05 rows=1 width=4) (actual time=0.001..0.002 rows=1 loops=1)
                    Filter: ((kind)::text = 'cast'::text)
                    Rows Removed by Filter: 3
              ->  Nested Loop  (cost=11.21..3962.95 rows=1 width=56) (actual time=1.800..27.364 rows=1620 loops=1)
                    Join Filter: (t.id = cc.movie_id)
                    ->  Nested Loop  (cost=10.79..3960.16 rows=1 width=68) (actual time=1.793..24.730 rows=1620 loops=1)
                          Join Filter: (ci.person_id = n.id)
                          ->  Nested Loop  (cost=10.36..3957.92 rows=1 width=65) (actual time=1.786..22.158 rows=1620 loops=1)
                                Join Filter: (mi.info_type_id = it.id)
                                ->  Seq Scan on info_type it  (cost=0.00..2.41 rows=1 width=4) (actual time=0.006..0.011 rows=1 loops=1)
                                      Filter: ((info)::text = 'release dates'::text)
                                      Rows Removed by Filter: 112
                                ->  Nested Loop  (cost=10.36..3955.48 rows=2 width=69) (actual time=1.779..21.901 rows=1620 loops=1)
                                      Join Filter: (ci.person_id = an.person_id)
                                      ->  Nested Loop  (cost=9.94..3952.59 rows=1 width=65) (actual time=1.771..20.426 rows=540 loops=1)
                                            Join Filter: (ci.role_id = rt.id)
                                            ->  Nested Loop  (cost=9.94..3951.42 rows=1 width=69) (actual time=1.768..19.676 rows=540 loops=1)
                                                  ->  Nested Loop  (cost=9.52..3949.40 rows=1 width=73) (actual time=1.761..15.957 rows=2376 loops=1)
                                                        Join Filter: (t.id = mc.movie_id)
                                                        ->  Nested Loop  (cost=9.09..3944.55 rows=1 width=65) (actual time=1.754..15.050 rows=108 loops=1)
                                                              Join Filter: (pi.info_type_id = it3.id)
                                                              Rows Removed by Join Filter: 218
                                                              ->  Nested Loop  (cost=9.09..3942.13 rows=1 width=69) (actual time=1.734..13.062 rows=326 loops=1)
                                                                    ->  Nested Loop  (cost=8.66..3922.58 rows=1 width=61) (actual time=1.727..12.948 rows=2 loops=1)
                                                                          ->  Nested Loop  (cost=8.23..3918.50 rows=1 width=49) (actual time=1.593..12.708 rows=76 loops=1)
                                                                                Join Filter: (t.id = ci.movie_id)
                                                                                ->  Nested Loop  (cost=7.66..3868.46 rows=1 width=33) (actual time=1.584..12.350 rows=2 loops=1)
                                                                                      Join Filter: (t.id = mi.movie_id)
                                                                                      ->  Nested Loop  (cost=7.23..3827.36 rows=1 width=25) (actual time=1.565..12.218 rows=1 loops=1)
                                                                                            ->  Nested Loop  (cost=6.80..3754.10 rows=34 width=4) (actual time=0.111..10.759 rows=414 loops=1)
                                                                                                  ->  Seq Scan on keyword k  (cost=0.00..2626.12 rows=1 width=4) (actual time=0.033..10.210 rows=1 loops=1)
                                                                                                        Filter: (keyword = 'computer-animation'::text)
                                                                                                        Rows Removed by Filter: 134169
                                                                                                  ->  Bitmap Heap Scan on movie_keyword mk  (cost=6.80..1124.92 rows=305 width=8) (actual time=0.076..0.506 rows=414 loops=1)
                                                                                                        Recheck Cond: (keyword_id = k.id)
                                                                                                        Heap Blocks: exact=358
                                                                                                        ->  Bitmap Index Scan on keyword_id_movie_keyword  (cost=0.00..6.72 rows=305 width=0) (actual time=0.039..0.039 rows=414 loops=1)
                                                                                                              Index Cond: (keyword_id = k.id)
                                                                                            ->  Index Scan using title_pkey on title t  (cost=0.43..2.14 rows=1 width=21) (actual time=0.003..0.003 rows=0 loops=414)
                                                                                                  Index Cond: (id = mk.movie_id)
                                                                                                  Filter: ((production_year >= 2000) AND (production_year <= 2010) AND (title = 'Shrek 2'::text))
                                                                                                  Rows Removed by Filter: 1
                                                                                      ->  Index Scan using movie_id_movie_info on movie_info mi  (cost=0.43..41.09 rows=1 width=8) (actual time=0.018..0.130 rows=2 loops=1)
                                                                                            Index Cond: (movie_id = mk.movie_id)
                                                                                            Filter: ((info IS NOT NULL) AND ((info ~~ 'Japan:%200%'::text) OR (info ~~ 'USA:%200%'::text)))
                                                                                            Rows Removed by Filter: 455
                                                                                ->  Index Scan using movie_id_cast_info on cast_info ci  (cost=0.56..50.03 rows=1 width=16) (actual time=0.006..0.173 rows=38 loops=2)
                                                                                      Index Cond: (movie_id = mk.movie_id)
                                                                                      Filter: (note = ANY ('{(voice),"(voice) (uncredited)","(voice: English version)"}'::text[]))
                                                                                      Rows Removed by Filter: 191
                                                                          ->  Index Scan using char_name_pkey on char_name chn  (cost=0.43..2.25 rows=1 width=20) (actual time=0.003..0.003 rows=0 loops=76)
                                                                                Index Cond: (id = ci.person_role_id)
                                                                                Filter: (name = 'Queen'::text)
                                                                                Rows Removed by Filter: 1
                                                                    ->  Index Scan using person_id_person_info on person_info pi  (cost=0.43..19.30 rows=25 width=8) (actual time=0.004..0.033 rows=163 loops=2)
                                                                          Index Cond: (person_id = ci.person_id)
                                                              ->  Seq Scan on info_type it3  (cost=0.00..2.41 rows=1 width=4) (actual time=0.002..0.005 rows=1 loops=326)
                                                                    Filter: ((info)::text = 'trivia'::text)
                                                                    Rows Removed by Filter: 80
                                                        ->  Index Scan using movie_id_movie_companies on movie_companies mc  (cost=0.43..4.78 rows=5 width=8) (actual time=0.002..0.005 rows=22 loops=108)
                                                              Index Cond: (movie_id = mk.movie_id)
                                                  ->  Index Scan using company_name_pkey on company_name cn  (cost=0.42..2.03 rows=1 width=4) (actual time=0.001..0.001 rows=0 loops=2376)
                                                        Index Cond: (id = mc.company_id)
                                                        Filter: ((country_code)::text = '[us]'::text)
                                                        Rows Removed by Filter: 1
                                            ->  Seq Scan on role_type rt  (cost=0.00..1.15 rows=1 width=4) (actual time=0.000..0.000 rows=1 loops=540)
                                                  Filter: ((role)::text = 'actress'::text)
                                                  Rows Removed by Filter: 1
                                      ->  Index Only Scan using person_id_aka_name on aka_name an  (cost=0.42..2.87 rows=2 width=4) (actual time=0.001..0.002 rows=3 loops=540)
                                            Index Cond: (person_id = pi.person_id)
                                            Heap Fetches: 1620
                          ->  Index Scan using name_pkey on name n  (cost=0.43..2.22 rows=1 width=19) (actual time=0.001..0.001 rows=1 loops=1620)
                                Index Cond: (id = pi.person_id)
                                Filter: ((name ~~ '%An%'::text) AND ((gender)::text = 'f'::text))
                    ->  Index Scan using movie_id_complete_cast on complete_cast cc  (cost=0.42..2.77 rows=2 width=12) (actual time=0.001..0.001 rows=1 loops=1620)
                          Index Cond: (movie_id = mk.movie_id)
Planning time: 80.802 ms
Execution time: 28.389 ms
