Aggregate  (cost=3965.26..3965.27 rows=1 width=96) (actual time=60.676..60.676 rows=1 loops=1)
  ->  Nested Loop  (cost=11.21..3965.25 rows=1 width=48) (actual time=1.704..60.282 rows=1620 loops=1)
        Join Filter: (pi.info_type_id = it3.id)
        Rows Removed by Join Filter: 3270
        ->  Nested Loop  (cost=11.21..3962.83 rows=1 width=52) (actual time=1.683..31.000 rows=4890 loops=1)
              Join Filter: (mi.info_type_id = it.id)
              ->  Nested Loop  (cost=11.21..3960.40 rows=1 width=56) (actual time=1.677..16.408 rows=4890 loops=1)
                    Join Filter: (n.id = pi.person_id)
                    ->  Nested Loop  (cost=10.78..3940.79 rows=1 width=64) (actual time=1.670..14.966 rows=30 loops=1)
                          ->  Nested Loop  (cost=10.36..3938.77 rows=1 width=68) (actual time=1.664..14.719 rows=132 loops=1)
                                Join Filter: (n.id = an.person_id)
                                ->  Nested Loop  (cost=9.94..3935.85 rows=1 width=64) (actual time=1.656..14.598 rows=44 loops=1)
                                      ->  Nested Loop  (cost=9.51..3931.78 rows=1 width=52) (actual time=1.649..14.521 rows=44 loops=1)
                                            Join Filter: (cc.subject_id = cct1.id)
                                            ->  Nested Loop  (cost=9.51..3930.71 rows=1 width=56) (actual time=1.647..14.468 rows=44 loops=1)
                                                  ->  Nested Loop  (cost=9.08..3928.37 rows=1 width=37) (actual time=1.639..13.682 rows=484 loops=1)
                                                        Join Filter: (cc.status_id = cct2.id)
                                                        ->  Nested Loop  (cost=9.08..3927.31 rows=1 width=41) (actual time=1.635..13.040 rows=484 loops=1)
                                                              Join Filter: (t.id = mc.movie_id)
                                                              ->  Nested Loop  (cost=8.65..3922.46 rows=1 width=57) (actual time=1.629..12.855 rows=22 loops=1)
                                                                    Join Filter: (rt.id = ci.role_id)
                                                                    Rows Removed by Join Filter: 54
                                                                    ->  Seq Scan on role_type rt  (cost=0.00..1.15 rows=1 width=4) (actual time=0.005..0.006 rows=1 loops=1)
                                                                          Filter: ((role)::text = 'actress'::text)
                                                                          Rows Removed by Filter: 11
                                                                    ->  Nested Loop  (cost=8.65..3921.30 rows=1 width=61) (actual time=1.598..12.841 rows=76 loops=1)
                                                                          Join Filter: (t.id = ci.movie_id)
                                                                          ->  Nested Loop  (cost=8.08..3871.26 rows=1 width=45) (actual time=1.589..12.477 rows=2 loops=1)
                                                                                Join Filter: (t.id = cc.movie_id)
                                                                                ->  Nested Loop  (cost=7.66..3868.46 rows=1 width=33) (actual time=1.583..12.466 rows=2 loops=1)
                                                                                      Join Filter: (t.id = mi.movie_id)
                                                                                      ->  Nested Loop  (cost=7.23..3827.36 rows=1 width=25) (actual time=1.564..12.337 rows=1 loops=1)
                                                                                            ->  Nested Loop  (cost=6.80..3754.10 rows=34 width=4) (actual time=0.110..10.883 rows=414 loops=1)
                                                                                                  ->  Seq Scan on keyword k  (cost=0.00..2626.12 rows=1 width=4) (actual time=0.032..10.340 rows=1 loops=1)
                                                                                                        Filter: (keyword = 'computer-animation'::text)
                                                                                                        Rows Removed by Filter: 134169
                                                                                                  ->  Bitmap Heap Scan on movie_keyword mk  (cost=6.80..1124.92 rows=305 width=8) (actual time=0.077..0.501 rows=414 loops=1)
                                                                                                        Recheck Cond: (keyword_id = k.id)
                                                                                                        Heap Blocks: exact=358
                                                                                                        ->  Bitmap Index Scan on keyword_id_movie_keyword  (cost=0.00..6.72 rows=305 width=0) (actual time=0.040..0.040 rows=414 loops=1)
                                                                                                              Index Cond: (keyword_id = k.id)
                                                                                            ->  Index Scan using title_pkey on title t  (cost=0.43..2.14 rows=1 width=21) (actual time=0.003..0.003 rows=0 loops=414)
                                                                                                  Index Cond: (id = mk.movie_id)
                                                                                                  Filter: ((production_year >= 2000) AND (production_year <= 2010) AND (title = 'Shrek 2'::text))
                                                                                                  Rows Removed by Filter: 1
                                                                                      ->  Index Scan using movie_id_movie_info on movie_info mi  (cost=0.43..41.09 rows=1 width=8) (actual time=0.018..0.128 rows=2 loops=1)
                                                                                            Index Cond: (movie_id = mk.movie_id)
                                                                                            Filter: ((info IS NOT NULL) AND ((info ~~ 'Japan:%200%'::text) OR (info ~~ 'USA:%200%'::text)))
                                                                                            Rows Removed by Filter: 455
                                                                                ->  Index Scan using movie_id_complete_cast on complete_cast cc  (cost=0.42..2.77 rows=2 width=12) (actual time=0.004..0.004 rows=1 loops=2)
                                                                                      Index Cond: (movie_id = mk.movie_id)
                                                                          ->  Index Scan using movie_id_cast_info on cast_info ci  (cost=0.56..50.03 rows=1 width=16) (actual time=0.005..0.175 rows=38 loops=2)
                                                                                Index Cond: (movie_id = mk.movie_id)
                                                                                Filter: (note = ANY ('{(voice),"(voice) (uncredited)","(voice: English version)"}'::text[]))
                                                                                Rows Removed by Filter: 191
                                                              ->  Index Scan using movie_id_movie_companies on movie_companies mc  (cost=0.43..4.78 rows=5 width=8) (actual time=0.002..0.005 rows=22 loops=22)
                                                                    Index Cond: (movie_id = mk.movie_id)
                                                        ->  Seq Scan on comp_cast_type cct2  (cost=0.00..1.05 rows=1 width=4) (actual time=0.000..0.000 rows=1 loops=484)
                                                              Filter: ((kind)::text = 'complete+verified'::text)
                                                              Rows Removed by Filter: 3
                                                  ->  Index Scan using name_pkey on name n  (cost=0.43..2.34 rows=1 width=19) (actual time=0.001..0.001 rows=0 loops=484)
                                                        Index Cond: (id = ci.person_id)
                                                        Filter: ((name ~~ '%An%'::text) AND ((gender)::text = 'f'::text))
                                                        Rows Removed by Filter: 1
                                            ->  Seq Scan on comp_cast_type cct1  (cost=0.00..1.05 rows=1 width=4) (actual time=0.000..0.000 rows=1 loops=44)
                                                  Filter: ((kind)::text = 'cast'::text)
                                      ->  Index Scan using char_name_pkey on char_name chn  (cost=0.43..2.25 rows=1 width=20) (actual time=0.001..0.001 rows=1 loops=44)
                                            Index Cond: (id = ci.person_role_id)
                                            Filter: (name = 'Queen'::text)
                                ->  Index Only Scan using person_id_aka_name on aka_name an  (cost=0.42..2.90 rows=2 width=4) (actual time=0.001..0.002 rows=3 loops=44)
                                      Index Cond: (person_id = ci.person_id)
                                      Heap Fetches: 132
                          ->  Index Scan using company_name_pkey on company_name cn  (cost=0.42..2.03 rows=1 width=4) (actual time=0.002..0.002 rows=0 loops=132)
                                Index Cond: (id = mc.company_id)
                                Filter: ((country_code)::text = '[us]'::text)
                                Rows Removed by Filter: 1
                    ->  Index Scan using person_id_person_info on person_info pi  (cost=0.43..19.29 rows=25 width=8) (actual time=0.001..0.025 rows=163 loops=30)
                          Index Cond: (person_id = an.person_id)
              ->  Seq Scan on info_type it  (cost=0.00..2.41 rows=1 width=4) (actual time=0.002..0.002 rows=1 loops=4890)
                    Filter: ((info)::text = 'release dates'::text)
                    Rows Removed by Filter: 15
        ->  Seq Scan on info_type it3  (cost=0.00..2.41 rows=1 width=4) (actual time=0.002..0.005 rows=1 loops=4890)
              Filter: ((info)::text = 'trivia'::text)
              Rows Removed by Filter: 80
Planning time: 81.062 ms
Execution time: 60.791 ms
