Aggregate  (cost=3965.08..3965.09 rows=1 width=96) (actual time=109.794..109.794 rows=1 loops=1)
  ->  Nested Loop  (cost=11.21..3965.08 rows=1 width=48) (actual time=3.799..109.320 rows=1620 loops=1)
        Join Filter: (it.id = mi.info_type_id)
        ->  Seq Scan on info_type it  (cost=0.00..2.41 rows=1 width=4) (actual time=0.010..0.016 rows=1 loops=1)
              Filter: ((info)::text = 'release dates'::text)
              Rows Removed by Filter: 112
        ->  Nested Loop  (cost=11.21..3962.65 rows=1 width=52) (actual time=3.788..109.068 rows=1620 loops=1)
              Join Filter: (t.id = mi.movie_id)
              ->  Nested Loop  (cost=10.78..3921.55 rows=1 width=68) (actual time=3.764..29.562 rows=810 loops=1)
                    Join Filter: (ci.person_id = n.id)
                    ->  Nested Loop  (cost=10.35..3919.32 rows=1 width=65) (actual time=3.754..27.982 rows=810 loops=1)
                          Join Filter: (pi.info_type_id = it3.id)
                          Rows Removed by Join Filter: 1635
                          ->  Seq Scan on info_type it3  (cost=0.00..2.41 rows=1 width=4) (actual time=0.003..0.011 rows=1 loops=1)
                                Filter: ((info)::text = 'trivia'::text)
                                Rows Removed by Filter: 112
                          ->  Nested Loop  (cost=10.35..3916.88 rows=2 width=69) (actual time=3.619..27.705 rows=2445 loops=1)
                                Join Filter: (ci.person_id = an.person_id)
                                ->  Nested Loop  (cost=9.92..3913.98 rows=1 width=65) (actual time=3.609..25.320 rows=815 loops=1)
                                      ->  Nested Loop  (cost=9.50..3911.96 rows=1 width=69) (actual time=3.602..18.957 rows=3586 loops=1)
                                            Join Filter: (t.id = mc.movie_id)
                                            ->  Nested Loop  (cost=9.07..3907.11 rows=1 width=61) (actual time=3.593..17.411 rows=163 loops=1)
                                                  Join Filter: (cc.status_id = cct2.id)
                                                  ->  Nested Loop  (cost=9.07..3906.05 rows=1 width=65) (actual time=3.590..17.143 rows=163 loops=1)
                                                        Join Filter: (cct1.id = cc.subject_id)
                                                        ->  Seq Scan on comp_cast_type cct1  (cost=0.00..1.05 rows=1 width=4) (actual time=0.003..0.004 rows=1 loops=1)
                                                              Filter: ((kind)::text = 'cast'::text)
                                                              Rows Removed by Filter: 3
                                                        ->  Nested Loop  (cost=9.07..3904.99 rows=1 width=69) (actual time=3.586..17.105 rows=163 loops=1)
                                                              Join Filter: (t.id = cc.movie_id)
                                                              ->  Nested Loop  (cost=8.65..3902.19 rows=1 width=57) (actual time=3.579..16.760 rows=163 loops=1)
                                                                    Join Filter: (ci.role_id = rt.id)
                                                                    ->  Nested Loop  (cost=8.65..3901.03 rows=1 width=61) (actual time=3.574..16.486 rows=163 loops=1)
                                                                          ->  Nested Loop  (cost=8.22..3896.96 rows=1 width=49) (actual time=1.704..13.982 rows=1667 loops=1)
                                                                                ->  Nested Loop  (cost=7.79..3877.41 rows=1 width=41) (actual time=1.697..13.009 rows=38 loops=1)
                                                                                      Join Filter: (t.id = ci.movie_id)
                                                                                      ->  Nested Loop  (cost=7.23..3827.36 rows=1 width=25) (actual time=1.687..12.710 rows=1 loops=1)
                                                                                            ->  Nested Loop  (cost=6.80..3754.10 rows=34 width=4) (actual time=0.117..11.125 rows=414 loops=1)
                                                                                                  ->  Seq Scan on keyword k  (cost=0.00..2626.12 rows=1 width=4) (actual time=0.033..10.526 rows=1 loops=1)
                                                                                                        Filter: (keyword = 'computer-animation'::text)
                                                                                                        Rows Removed by Filter: 134169
                                                                                                  ->  Bitmap Heap Scan on movie_keyword mk  (cost=6.80..1124.92 rows=305 width=8) (actual time=0.082..0.553 rows=414 loops=1)
                                                                                                        Recheck Cond: (keyword_id = k.id)
                                                                                                        Heap Blocks: exact=358
                                                                                                        ->  Bitmap Index Scan on keyword_id_movie_keyword  (cost=0.00..6.72 rows=305 width=0) (actual time=0.045..0.045 rows=414 loops=1)
                                                                                                              Index Cond: (keyword_id = k.id)
                                                                                            ->  Index Scan using title_pkey on title t  (cost=0.43..2.14 rows=1 width=21) (actual time=0.004..0.004 rows=0 loops=414)
                                                                                                  Index Cond: (id = mk.movie_id)
                                                                                                  Filter: ((production_year >= 2000) AND (production_year <= 2010) AND (title = 'Shrek 2'::text))
                                                                                                  Rows Removed by Filter: 1
                                                                                      ->  Index Scan using movie_id_cast_info on cast_info ci  (cost=0.56..50.03 rows=1 width=16) (actual time=0.009..0.291 rows=38 loops=1)
                                                                                            Index Cond: (movie_id = mk.movie_id)
                                                                                            Filter: (note = ANY ('{(voice),"(voice) (uncredited)","(voice: English version)"}'::text[]))
                                                                                            Rows Removed by Filter: 191
                                                                                ->  Index Scan using person_id_person_info on person_info pi  (cost=0.43..19.30 rows=25 width=8) (actual time=0.009..0.020 rows=44 loops=38)
                                                                                      Index Cond: (person_id = ci.person_id)
                                                                          ->  Index Scan using char_name_pkey on char_name chn  (cost=0.43..2.25 rows=1 width=20) (actual time=0.001..0.001 rows=0 loops=1667)
                                                                                Index Cond: (id = ci.person_role_id)
                                                                                Filter: (name = 'Queen'::text)
                                                                                Rows Removed by Filter: 1
                                                                    ->  Seq Scan on role_type rt  (cost=0.00..1.15 rows=1 width=4) (actual time=0.001..0.001 rows=1 loops=163)
                                                                          Filter: ((role)::text = 'actress'::text)
                                                                          Rows Removed by Filter: 1
                                                              ->  Index Scan using movie_id_complete_cast on complete_cast cc  (cost=0.42..2.77 rows=2 width=12) (actual time=0.001..0.002 rows=1 loops=163)
                                                                    Index Cond: (movie_id = mk.movie_id)
                                                  ->  Seq Scan on comp_cast_type cct2  (cost=0.00..1.05 rows=1 width=4) (actual time=0.001..0.001 rows=1 loops=163)
                                                        Filter: ((kind)::text = 'complete+verified'::text)
                                                        Rows Removed by Filter: 3
                                            ->  Index Scan using movie_id_movie_companies on movie_companies mc  (cost=0.43..4.78 rows=5 width=8) (actual time=0.002..0.005 rows=22 loops=163)
                                                  Index Cond: (movie_id = mk.movie_id)
                                      ->  Index Scan using company_name_pkey on company_name cn  (cost=0.42..2.03 rows=1 width=4) (actual time=0.002..0.002 rows=0 loops=3586)
                                            Index Cond: (id = mc.company_id)
                                            Filter: ((country_code)::text = '[us]'::text)
                                            Rows Removed by Filter: 1
                                ->  Index Only Scan using person_id_aka_name on aka_name an  (cost=0.42..2.87 rows=2 width=4) (actual time=0.001..0.002 rows=3 loops=815)
                                      Index Cond: (person_id = pi.person_id)
                                      Heap Fetches: 2445
                    ->  Index Scan using name_pkey on name n  (cost=0.43..2.22 rows=1 width=19) (actual time=0.002..0.002 rows=1 loops=810)
                          Index Cond: (id = pi.person_id)
                          Filter: ((name ~~ '%An%'::text) AND ((gender)::text = 'f'::text))
              ->  Index Scan using movie_id_movie_info on movie_info mi  (cost=0.43..41.09 rows=1 width=8) (actual time=0.009..0.098 rows=2 loops=810)
                    Index Cond: (movie_id = mk.movie_id)
                    Filter: ((info IS NOT NULL) AND ((info ~~ 'Japan:%200%'::text) OR (info ~~ 'USA:%200%'::text)))
                    Rows Removed by Filter: 455
Planning time: 81.028 ms
Execution time: 109.928 ms
