Aggregate  (cost=4192.82..4192.83 rows=1 width=96) (actual time=20.489..20.489 rows=1 loops=1)
  ->  Nested Loop  (cost=11.21..4192.81 rows=1 width=48) (actual time=6.498..20.478 rows=15 loops=1)
        Join Filter: (it3.id = pi.info_type_id)
        Rows Removed by Join Filter: 2430
        ->  Seq Scan on info_type it3  (cost=0.00..2.41 rows=1 width=4) (actual time=0.009..0.014 rows=1 loops=1)
              Filter: ((info)::text = 'height'::text)
              Rows Removed by Filter: 112
        ->  Nested Loop  (cost=11.21..4190.38 rows=1 width=52) (actual time=6.437..20.315 rows=2445 loops=1)
              Join Filter: (n.id = pi.person_id)
              ->  Nested Loop  (cost=10.78..4170.78 rows=1 width=60) (actual time=6.430..19.558 rows=15 loops=1)
                    Join Filter: (ci.role_id = rt.id)
                    ->  Nested Loop  (cost=10.78..4169.61 rows=1 width=64) (actual time=6.425..19.532 rows=15 loops=1)
                          Join Filter: (it.id = mi.info_type_id)
                          ->  Seq Scan on info_type it  (cost=0.00..2.41 rows=1 width=4) (actual time=0.004..0.011 rows=1 loops=1)
                                Filter: ((info)::text = 'release dates'::text)
                                Rows Removed by Filter: 112
                          ->  Nested Loop  (cost=10.78..4167.19 rows=1 width=68) (actual time=6.420..19.518 rows=15 loops=1)
                                Join Filter: (t.id = mi.movie_id)
                                ->  Nested Loop  (cost=10.35..4126.19 rows=1 width=84) (actual time=6.399..18.295 rows=15 loops=1)
                                      Join Filter: (mc.movie_id = t.id)
                                      ->  Nested Loop  (cost=9.92..4124.04 rows=1 width=63) (actual time=1.069..18.187 rows=55 loops=1)
                                            ->  Nested Loop  (cost=9.50..4117.96 rows=3 width=67) (actual time=1.047..17.805 rows=181 loops=1)
                                                  Join Filter: (ci.movie_id = mc.movie_id)
                                                  ->  Nested Loop  (cost=9.07..4113.11 rows=1 width=59) (actual time=1.040..17.709 rows=8 loops=1)
                                                        Join Filter: (cc.subject_id = cct1.id)
                                                        ->  Nested Loop  (cost=9.07..4112.05 rows=1 width=63) (actual time=1.036..17.690 rows=8 loops=1)
                                                              Join Filter: (n.id = an.person_id)
                                                              ->  Nested Loop  (cost=8.64..4109.13 rows=1 width=59) (actual time=1.027..17.668 rows=2 loops=1)
                                                                    ->  Nested Loop  (cost=8.21..4105.06 rows=1 width=47) (actual time=1.019..17.637 rows=6 loops=1)
                                                                          ->  Nested Loop  (cost=7.78..4100.37 rows=2 width=28) (actual time=0.384..15.137 rows=732 loops=1)
                                                                                ->  Nested Loop  (cost=7.22..3850.17 rows=5 width=12) (actual time=0.370..11.673 rows=25 loops=1)
                                                                                      Join Filter: (cct2.id = cc.status_id)
                                                                                      Rows Removed by Join Filter: 65
                                                                                      ->  Seq Scan on comp_cast_type cct2  (cost=0.00..1.05 rows=1 width=4) (actual time=0.003..0.003 rows=1 loops=1)
                                                                                            Filter: ((kind)::text = 'complete+verified'::text)
                                                                                            Rows Removed by Filter: 3
                                                                                      ->  Nested Loop  (cost=7.22..3849.00 rows=9 width=16) (actual time=0.184..11.660 rows=90 loops=1)
                                                                                            ->  Nested Loop  (cost=6.80..3754.10 rows=34 width=4) (actual time=0.113..10.778 rows=414 loops=1)
                                                                                                  ->  Seq Scan on keyword k  (cost=0.00..2626.12 rows=1 width=4) (actual time=0.033..10.177 rows=1 loops=1)
                                                                                                        Filter: (keyword = 'computer-animation'::text)
                                                                                                        Rows Removed by Filter: 134169
                                                                                                  ->  Bitmap Heap Scan on movie_keyword mk  (cost=6.80..1124.92 rows=305 width=8) (actual time=0.079..0.544 rows=414 loops=1)
                                                                                                        Recheck Cond: (keyword_id = k.id)
                                                                                                        Heap Blocks: exact=358
                                                                                                        ->  Bitmap Index Scan on keyword_id_movie_keyword  (cost=0.00..6.72 rows=305 width=0) (actual time=0.041..0.041 rows=414 loops=1)
                                                                                                              Index Cond: (keyword_id = k.id)
                                                                                            ->  Index Scan using movie_id_complete_cast on complete_cast cc  (cost=0.42..2.77 rows=2 width=12) (actual time=0.002..0.002 rows=0 loops=414)
                                                                                                  Index Cond: (movie_id = mk.movie_id)
                                                                                ->  Index Scan using movie_id_cast_info on cast_info ci  (cost=0.56..50.03 rows=1 width=16) (actual time=0.017..0.134 rows=29 loops=25)
                                                                                      Index Cond: (movie_id = mk.movie_id)
                                                                                      Filter: (note = ANY ('{(voice),"(voice) (uncredited)","(voice: English version)"}'::text[]))
                                                                                      Rows Removed by Filter: 116
                                                                          ->  Index Scan using name_pkey on name n  (cost=0.43..2.34 rows=1 width=19) (actual time=0.003..0.003 rows=0 loops=732)
                                                                                Index Cond: (id = ci.person_id)
                                                                                Filter: ((name ~~ '%An%'::text) AND ((gender)::text = 'f'::text))
                                                                                Rows Removed by Filter: 1
                                                                    ->  Index Scan using char_name_pkey on char_name chn  (cost=0.43..2.25 rows=1 width=20) (actual time=0.005..0.005 rows=0 loops=6)
                                                                          Index Cond: (id = ci.person_role_id)
                                                                          Filter: (name = 'Queen'::text)
                                                                          Rows Removed by Filter: 0
                                                              ->  Index Only Scan using person_id_aka_name on aka_name an  (cost=0.42..2.90 rows=2 width=4) (actual time=0.007..0.009 rows=4 loops=2)
                                                                    Index Cond: (person_id = ci.person_id)
                                                                    Heap Fetches: 8
                                                        ->  Seq Scan on comp_cast_type cct1  (cost=0.00..1.05 rows=1 width=4) (actual time=0.001..0.001 rows=1 loops=8)
                                                              Filter: ((kind)::text = 'cast'::text)
                                                  ->  Index Scan using movie_id_movie_companies on movie_companies mc  (cost=0.43..4.78 rows=5 width=8) (actual time=0.003..0.007 rows=23 loops=8)
                                                        Index Cond: (movie_id = mk.movie_id)
                                            ->  Index Scan using company_name_pkey on company_name cn  (cost=0.42..2.03 rows=1 width=4) (actual time=0.002..0.002 rows=0 loops=181)
                                                  Index Cond: (id = mc.company_id)
                                                  Filter: ((country_code)::text = '[us]'::text)
                                                  Rows Removed by Filter: 1
                                      ->  Index Scan using title_pkey on title t  (cost=0.43..2.14 rows=1 width=21) (actual time=0.002..0.002 rows=0 loops=55)
                                            Index Cond: (id = mk.movie_id)
                                            Filter: ((production_year >= 2000) AND (production_year <= 2005) AND (title = 'Shrek 2'::text))
                                            Rows Removed by Filter: 1
                                ->  Index Scan using movie_id_movie_info on movie_info mi  (cost=0.43..40.99 rows=1 width=8) (actual time=0.009..0.081 rows=1 loops=15)
                                      Index Cond: (movie_id = mk.movie_id)
                                      Filter: (info ~~ 'USA:%200%'::text)
                                      Rows Removed by Filter: 456
                    ->  Seq Scan on role_type rt  (cost=0.00..1.15 rows=1 width=4) (actual time=0.001..0.001 rows=1 loops=15)
                          Filter: ((role)::text = 'actress'::text)
                          Rows Removed by Filter: 1
              ->  Index Scan using person_id_person_info on person_info pi  (cost=0.43..19.29 rows=25 width=8) (actual time=0.002..0.026 rows=163 loops=15)
                    Index Cond: (person_id = an.person_id)
Planning time: 80.728 ms
Execution time: 20.615 ms
