Aggregate  (cost=5258.09..5258.10 rows=1 width=96) (actual time=46.349..46.349 rows=1 loops=1)
  ->  Nested Loop  (cost=11.21..5258.08 rows=1 width=48) (actual time=24.581..46.337 rows=15 loops=1)
        Join Filter: (it3.id = pi.info_type_id)
        Rows Removed by Join Filter: 2430
        ->  Seq Scan on info_type it3  (cost=0.00..2.41 rows=1 width=4) (actual time=0.008..0.013 rows=1 loops=1)
              Filter: ((info)::text = 'height'::text)
              Rows Removed by Filter: 112
        ->  Nested Loop  (cost=11.21..5255.66 rows=1 width=52) (actual time=24.521..46.177 rows=2445 loops=1)
              Join Filter: (n.id = pi.person_id)
              ->  Nested Loop  (cost=10.78..5236.05 rows=1 width=60) (actual time=24.513..45.402 rows=15 loops=1)
                    ->  Nested Loop  (cost=10.36..5234.02 rows=1 width=64) (actual time=24.505..45.245 rows=66 loops=1)
                          Join Filter: (t.id = mc.movie_id)
                          ->  Nested Loop  (cost=9.93..5229.18 rows=1 width=80) (actual time=24.497..45.208 rows=3 loops=1)
                                Join Filter: (cc.status_id = cct2.id)
                                ->  Nested Loop  (cost=9.93..5228.12 rows=1 width=84) (actual time=24.494..45.201 rows=3 loops=1)
                                      ->  Nested Loop  (cost=9.50..5224.04 rows=1 width=72) (actual time=24.485..45.188 rows=3 loops=1)
                                            Join Filter: (mi.movie_id = t.id)
                                            ->  Nested Loop  (cost=9.07..5221.89 rows=1 width=51) (actual time=2.427..45.000 rows=69 loops=1)
                                                  Join Filter: (mi.info_type_id = it.id)
                                                  ->  Nested Loop  (cost=9.07..5219.47 rows=1 width=55) (actual time=2.420..44.737 rows=69 loops=1)
                                                        ->  Nested Loop  (cost=8.64..5217.12 rows=1 width=36) (actual time=2.282..41.016 rows=1691 loops=1)
                                                              ->  Nested Loop  (cost=8.22..5214.21 rows=1 width=32) (actual time=2.265..38.019 rows=903 loops=1)
                                                                    Join Filter: (cc.subject_id = cct1.id)
                                                                    Rows Removed by Join Filter: 84
                                                                    ->  Nested Loop  (cost=8.22..5213.14 rows=1 width=36) (actual time=2.260..36.681 rows=987 loops=1)
                                                                          Join Filter: (rt.id = ci.role_id)
                                                                          Rows Removed by Join Filter: 2702
                                                                          ->  Seq Scan on role_type rt  (cost=0.00..1.15 rows=1 width=4) (actual time=0.003..0.005 rows=1 loops=1)
                                                                                Filter: ((role)::text = 'actress'::text)
                                                                                Rows Removed by Filter: 11
                                                                          ->  Nested Loop  (cost=8.22..5211.98 rows=1 width=40) (actual time=2.207..36.362 rows=3689 loops=1)
                                                                                Join Filter: (mi.movie_id = ci.movie_id)
                                                                                ->  Nested Loop  (cost=7.65..5161.94 rows=1 width=24) (actual time=1.394..22.581 rows=131 loops=1)
                                                                                      Join Filter: (mi.movie_id = cc.movie_id)
                                                                                      ->  Nested Loop  (cost=7.23..5147.96 rows=5 width=12) (actual time=0.332..21.858 rows=285 loops=1)
                                                                                            ->  Nested Loop  (cost=6.80..3754.10 rows=34 width=4) (actual time=0.115..10.875 rows=414 loops=1)
                                                                                                  ->  Seq Scan on keyword k  (cost=0.00..2626.12 rows=1 width=4) (actual time=0.033..10.257 rows=1 loops=1)
                                                                                                        Filter: (keyword = 'computer-animation'::text)
                                                                                                        Rows Removed by Filter: 134169
                                                                                                  ->  Bitmap Heap Scan on movie_keyword mk  (cost=6.80..1124.92 rows=305 width=8) (actual time=0.081..0.567 rows=414 loops=1)
                                                                                                        Recheck Cond: (keyword_id = k.id)
                                                                                                        Heap Blocks: exact=358
                                                                                                        ->  Bitmap Index Scan on keyword_id_movie_keyword  (cost=0.00..6.72 rows=305 width=0) (actual time=0.043..0.043 rows=414 loops=1)
                                                                                                              Index Cond: (keyword_id = k.id)
                                                                                            ->  Index Scan using movie_id_movie_info on movie_info mi  (cost=0.43..40.99 rows=1 width=8) (actual time=0.014..0.026 rows=1 loops=414)
                                                                                                  Index Cond: (movie_id = mk.movie_id)
                                                                                                  Filter: (info ~~ 'USA:%200%'::text)
                                                                                                  Rows Removed by Filter: 70
                                                                                      ->  Index Scan using movie_id_complete_cast on complete_cast cc  (cost=0.42..2.77 rows=2 width=12) (actual time=0.002..0.002 rows=0 loops=285)
                                                                                            Index Cond: (movie_id = mk.movie_id)
                                                                                ->  Index Scan using movie_id_cast_info on cast_info ci  (cost=0.56..50.03 rows=1 width=16) (actual time=0.010..0.100 rows=28 loops=131)
                                                                                      Index Cond: (movie_id = mk.movie_id)
                                                                                      Filter: (note = ANY ('{(voice),"(voice) (uncredited)","(voice: English version)"}'::text[]))
                                                                                      Rows Removed by Filter: 124
                                                                    ->  Seq Scan on comp_cast_type cct1  (cost=0.00..1.05 rows=1 width=4) (actual time=0.000..0.000 rows=1 loops=987)
                                                                          Filter: ((kind)::text = 'cast'::text)
                                                                          Rows Removed by Filter: 0
                                                              ->  Index Only Scan using person_id_aka_name on aka_name an  (cost=0.42..2.90 rows=2 width=4) (actual time=0.002..0.003 rows=2 loops=903)
                                                                    Index Cond: (person_id = ci.person_id)
                                                                    Heap Fetches: 1691
                                                        ->  Index Scan using name_pkey on name n  (cost=0.43..2.34 rows=1 width=19) (actual time=0.002..0.002 rows=0 loops=1691)
                                                              Index Cond: (id = ci.person_id)
                                                              Filter: ((name ~~ '%An%'::text) AND ((gender)::text = 'f'::text))
                                                              Rows Removed by Filter: 1
                                                  ->  Seq Scan on info_type it  (cost=0.00..2.41 rows=1 width=4) (actual time=0.003..0.003 rows=1 loops=69)
                                                        Filter: ((info)::text = 'release dates'::text)
                                                        Rows Removed by Filter: 15
                                            ->  Index Scan using title_pkey on title t  (cost=0.43..2.14 rows=1 width=21) (actual time=0.002..0.002 rows=0 loops=69)
                                                  Index Cond: (id = mk.movie_id)
                                                  Filter: ((production_year >= 2000) AND (production_year <= 2005) AND (title = 'Shrek 2'::text))
                                                  Rows Removed by Filter: 1
                                      ->  Index Scan using char_name_pkey on char_name chn  (cost=0.43..2.25 rows=1 width=20) (actual time=0.004..0.004 rows=1 loops=3)
                                            Index Cond: (id = ci.person_role_id)
                                            Filter: (name = 'Queen'::text)
                                ->  Seq Scan on comp_cast_type cct2  (cost=0.00..1.05 rows=1 width=4) (actual time=0.001..0.001 rows=1 loops=3)
                                      Filter: ((kind)::text = 'complete+verified'::text)
                                      Rows Removed by Filter: 3
                          ->  Index Scan using movie_id_movie_companies on movie_companies mc  (cost=0.43..4.78 rows=5 width=8) (actual time=0.004..0.008 rows=22 loops=3)
                                Index Cond: (movie_id = mk.movie_id)
                    ->  Index Scan using company_name_pkey on company_name cn  (cost=0.42..2.03 rows=1 width=4) (actual time=0.002..0.002 rows=0 loops=66)
                          Index Cond: (id = mc.company_id)
                          Filter: ((country_code)::text = '[us]'::text)
                          Rows Removed by Filter: 1
              ->  Index Scan using person_id_person_info on person_info pi  (cost=0.43..19.29 rows=25 width=8) (actual time=0.002..0.027 rows=163 loops=15)
                    Index Cond: (person_id = an.person_id)
Planning time: 80.753 ms
Execution time: 46.474 ms
