Aggregate  (cost=4155.15..4155.16 rows=1 width=96) (actual time=238.028..238.028 rows=1 loops=1)
  ->  Nested Loop  (cost=11.21..4155.14 rows=1 width=48) (actual time=103.944..238.015 rows=15 loops=1)
        Join Filter: (pi.info_type_id = it3.id)
        Rows Removed by Join Filter: 2430
        ->  Nested Loop  (cost=11.21..4152.72 rows=1 width=52) (actual time=102.531..219.574 rows=2445 loops=1)
              Join Filter: (cc.status_id = cct2.id)
              ->  Nested Loop  (cost=11.21..4151.65 rows=1 width=56) (actual time=102.525..216.119 rows=2445 loops=1)
                    Join Filter: (mi.movie_id = t.id)
                    ->  Nested Loop  (cost=10.78..4145.19 rows=3 width=59) (actual time=102.517..205.018 rows=7335 loops=1)
                          Join Filter: (ci.person_id = n.id)
                          ->  Nested Loop  (cost=10.35..4089.28 rows=25 width=56) (actual time=102.509..189.241 rows=10095 loops=1)
                                ->  Nested Loop  (cost=9.92..4069.73 rows=1 width=48) (actual time=102.500..186.245 rows=55 loops=1)
                                      Join Filter: (rt.id = ci.role_id)
                                      ->  Seq Scan on role_type rt  (cost=0.00..1.15 rows=1 width=4) (actual time=0.005..0.007 rows=1 loops=1)
                                            Filter: ((role)::text = 'actress'::text)
                                            Rows Removed by Filter: 11
                                      ->  Nested Loop  (cost=9.92..4068.57 rows=1 width=52) (actual time=102.494..186.227 rows=55 loops=1)
                                            ->  Nested Loop  (cost=9.49..4055.49 rows=5 width=40) (actual time=0.945..128.127 rows=36436 loops=1)
                                                  ->  Nested Loop  (cost=9.07..4049.66 rows=2 width=36) (actual time=0.930..81.020 rows=19023 loops=1)
                                                        Join Filter: (mi.movie_id = ci.movie_id)
                                                        ->  Nested Loop  (cost=8.50..3949.57 rows=2 width=20) (actual time=0.530..24.988 rows=660 loops=1)
                                                              ->  Nested Loop  (cost=8.08..3939.44 rows=5 width=24) (actual time=0.520..18.626 rows=2824 loops=1)
                                                                    Join Filter: (mi.movie_id = mc.movie_id)
                                                                    ->  Nested Loop  (cost=7.65..3934.60 rows=1 width=16) (actual time=0.512..17.122 rows=110 loops=1)
                                                                          Join Filter: (it.id = mi.info_type_id)
                                                                          ->  Seq Scan on info_type it  (cost=0.00..2.41 rows=1 width=4) (actual time=0.005..0.012 rows=1 loops=1)
                                                                                Filter: ((info)::text = 'release dates'::text)
                                                                                Rows Removed by Filter: 112
                                                                          ->  Nested Loop  (cost=7.65..3932.16 rows=2 width=20) (actual time=0.506..17.090 rows=110 loops=1)
                                                                                ->  Nested Loop  (cost=7.22..3850.17 rows=2 width=12) (actual time=0.184..11.955 rows=74 loops=1)
                                                                                      Join Filter: (cc.subject_id = cct1.id)
                                                                                      Rows Removed by Join Filter: 16
                                                                                      ->  Seq Scan on comp_cast_type cct1  (cost=0.00..1.05 rows=1 width=4) (actual time=0.002..0.003 rows=1 loops=1)
                                                                                            Filter: ((kind)::text = 'cast'::text)
                                                                                            Rows Removed by Filter: 3
                                                                                      ->  Nested Loop  (cost=7.22..3849.00 rows=9 width=16) (actual time=0.181..11.934 rows=90 loops=1)
                                                                                            ->  Nested Loop  (cost=6.80..3754.10 rows=34 width=4) (actual time=0.110..10.954 rows=414 loops=1)
                                                                                                  ->  Seq Scan on keyword k  (cost=0.00..2626.12 rows=1 width=4) (actual time=0.031..10.325 rows=1 loops=1)
                                                                                                        Filter: (keyword = 'computer-animation'::text)
                                                                                                        Rows Removed by Filter: 134169
                                                                                                  ->  Bitmap Heap Scan on movie_keyword mk  (cost=6.80..1124.92 rows=305 width=8) (actual time=0.077..0.577 rows=414 loops=1)
                                                                                                        Recheck Cond: (keyword_id = k.id)
                                                                                                        Heap Blocks: exact=358
                                                                                                        ->  Bitmap Index Scan on keyword_id_movie_keyword  (cost=0.00..6.72 rows=305 width=0) (actual time=0.041..0.041 rows=414 loops=1)
                                                                                                              Index Cond: (keyword_id = k.id)
                                                                                            ->  Index Scan using movie_id_complete_cast on complete_cast cc  (cost=0.42..2.77 rows=2 width=12) (actual time=0.002..0.002 rows=0 loops=414)
                                                                                                  Index Cond: (movie_id = mk.movie_id)
                                                                                ->  Index Scan using movie_id_movie_info on movie_info mi  (cost=0.43..40.99 rows=1 width=8) (actual time=0.019..0.069 rows=1 loops=74)
                                                                                      Index Cond: (movie_id = mk.movie_id)
                                                                                      Filter: (info ~~ 'USA:%200%'::text)
                                                                                      Rows Removed by Filter: 235
                                                                    ->  Index Scan using movie_id_movie_companies on movie_companies mc  (cost=0.43..4.78 rows=5 width=8) (actual time=0.004..0.009 rows=26 loops=110)
                                                                          Index Cond: (movie_id = mk.movie_id)
                                                              ->  Index Scan using company_name_pkey on company_name cn  (cost=0.42..2.03 rows=1 width=4) (actual time=0.002..0.002 rows=0 loops=2824)
                                                                    Index Cond: (id = mc.company_id)
                                                                    Filter: ((country_code)::text = '[us]'::text)
                                                                    Rows Removed by Filter: 1
                                                        ->  Index Scan using movie_id_cast_info on cast_info ci  (cost=0.56..50.03 rows=1 width=16) (actual time=0.007..0.080 rows=29 loops=660)
                                                              Index Cond: (movie_id = mk.movie_id)
                                                              Filter: (note = ANY ('{(voice),"(voice) (uncredited)","(voice: English version)"}'::text[]))
                                                              Rows Removed by Filter: 129
                                                  ->  Index Only Scan using person_id_aka_name on aka_name an  (cost=0.42..2.90 rows=2 width=4) (actual time=0.002..0.002 rows=2 loops=19023)
                                                        Index Cond: (person_id = ci.person_id)
                                                        Heap Fetches: 36436
                                            ->  Index Scan using char_name_pkey on char_name chn  (cost=0.43..2.25 rows=1 width=20) (actual time=0.001..0.001 rows=0 loops=36436)
                                                  Index Cond: (id = ci.person_role_id)
                                                  Filter: (name = 'Queen'::text)
                                                  Rows Removed by Filter: 1
                                ->  Index Scan using person_id_person_info on person_info pi  (cost=0.43..19.30 rows=25 width=8) (actual time=0.003..0.029 rows=184 loops=55)
                                      Index Cond: (person_id = ci.person_id)
                          ->  Index Scan using name_pkey on name n  (cost=0.43..2.22 rows=1 width=19) (actual time=0.001..0.001 rows=1 loops=10095)
                                Index Cond: (id = pi.person_id)
                                Filter: ((name ~~ '%An%'::text) AND ((gender)::text = 'f'::text))
                                Rows Removed by Filter: 0
                    ->  Index Scan using title_pkey on title t  (cost=0.43..2.14 rows=1 width=21) (actual time=0.001..0.001 rows=0 loops=7335)
                          Index Cond: (id = mk.movie_id)
                          Filter: ((production_year >= 2000) AND (production_year <= 2005) AND (title = 'Shrek 2'::text))
                          Rows Removed by Filter: 1
              ->  Seq Scan on comp_cast_type cct2  (cost=0.00..1.05 rows=1 width=4) (actual time=0.001..0.001 rows=1 loops=2445)
                    Filter: ((kind)::text = 'complete+verified'::text)
                    Rows Removed by Filter: 3
        ->  Seq Scan on info_type it3  (cost=0.00..2.41 rows=1 width=4) (actual time=0.002..0.007 rows=1 loops=2445)
              Filter: ((info)::text = 'height'::text)
              Rows Removed by Filter: 111
Planning time: 81.284 ms
Execution time: 238.138 ms
