Aggregate  (cost=4250.55..4250.56 rows=1 width=96) (actual time=40.673..40.673 rows=1 loops=1)
  ->  Nested Loop  (cost=11.21..4250.54 rows=1 width=48) (actual time=18.307..40.661 rows=15 loops=1)
        Join Filter: (mi.movie_id = t.id)
        ->  Nested Loop  (cost=10.78..4248.39 rows=1 width=51) (actual time=18.297..40.622 rows=15 loops=1)
              Join Filter: (cc.status_id = cct2.id)
              Rows Removed by Join Filter: 30
              ->  Nested Loop  (cost=10.78..4247.33 rows=1 width=55) (actual time=18.293..40.546 rows=45 loops=1)
                    Join Filter: (it3.id = pi.info_type_id)
                    Rows Removed by Join Filter: 7290
                    ->  Seq Scan on info_type it3  (cost=0.00..2.41 rows=1 width=4) (actual time=0.009..0.014 rows=1 loops=1)
                          Filter: ((info)::text = 'height'::text)
                          Rows Removed by Filter: 112
                    ->  Nested Loop  (cost=10.78..4244.90 rows=1 width=59) (actual time=18.232..40.091 rows=7335 loops=1)
                          Join Filter: (n.id = pi.person_id)
                          ->  Nested Loop  (cost=10.35..4205.69 rows=2 width=67) (actual time=18.224..37.779 rows=45 loops=1)
                                ->  Nested Loop  (cost=9.93..4195.56 rows=5 width=71) (actual time=18.217..37.260 rows=252 loops=1)
                                      Join Filter: (mi.movie_id = mc.movie_id)
                                      ->  Nested Loop  (cost=9.50..4190.71 rows=1 width=63) (actual time=18.208..37.141 rows=9 loops=1)
                                            Join Filter: (ci.role_id = rt.id)
                                            ->  Nested Loop  (cost=9.50..4189.55 rows=1 width=67) (actual time=18.200..37.118 rows=9 loops=1)
                                                  ->  Nested Loop  (cost=9.07..4187.21 rows=1 width=48) (actual time=18.192..37.081 rows=11 loops=1)
                                                        Join Filter: (it.id = mi.info_type_id)
                                                        ->  Seq Scan on info_type it  (cost=0.00..2.41 rows=1 width=4) (actual time=0.004..0.010 rows=1 loops=1)
                                                              Filter: ((info)::text = 'release dates'::text)
                                                              Rows Removed by Filter: 112
                                                        ->  Nested Loop  (cost=9.07..4184.78 rows=1 width=52) (actual time=18.187..37.067 rows=11 loops=1)
                                                              Join Filter: (ci.movie_id = mi.movie_id)
                                                              ->  Nested Loop  (cost=8.64..4143.78 rows=1 width=44) (actual time=1.042..35.963 rows=15 loops=1)
                                                                    ->  Nested Loop  (cost=8.21..4114.95 rows=12 width=32) (actual time=0.207..28.246 rows=3968 loops=1)
                                                                          ->  Nested Loop  (cost=7.78..4100.37 rows=5 width=28) (actual time=0.200..20.986 rows=2067 loops=1)
                                                                                ->  Nested Loop  (cost=7.22..3850.17 rows=5 width=12) (actual time=0.191..11.774 rows=74 loops=1)
                                                                                      Join Filter: (cct1.id = cc.subject_id)
                                                                                      Rows Removed by Join Filter: 16
                                                                                      ->  Seq Scan on comp_cast_type cct1  (cost=0.00..1.05 rows=1 width=4) (actual time=0.003..0.004 rows=1 loops=1)
                                                                                            Filter: ((kind)::text = 'cast'::text)
                                                                                            Rows Removed by Filter: 3
                                                                                      ->  Nested Loop  (cost=7.22..3849.00 rows=9 width=16) (actual time=0.187..11.754 rows=90 loops=1)
                                                                                            ->  Nested Loop  (cost=6.80..3754.10 rows=34 width=4) (actual time=0.115..10.794 rows=414 loops=1)
                                                                                                  ->  Seq Scan on keyword k  (cost=0.00..2626.12 rows=1 width=4) (actual time=0.032..10.174 rows=1 loops=1)
                                                                                                        Filter: (keyword = 'computer-animation'::text)
                                                                                                        Rows Removed by Filter: 134169
                                                                                                  ->  Bitmap Heap Scan on movie_keyword mk  (cost=6.80..1124.92 rows=305 width=8) (actual time=0.081..0.569 rows=414 loops=1)
                                                                                                        Recheck Cond: (keyword_id = k.id)
                                                                                                        Heap Blocks: exact=358
                                                                                                        ->  Bitmap Index Scan on keyword_id_movie_keyword  (cost=0.00..6.72 rows=305 width=0) (actual time=0.044..0.044 rows=414 loops=1)
                                                                                                              Index Cond: (keyword_id = k.id)
                                                                                            ->  Index Scan using movie_id_complete_cast on complete_cast cc  (cost=0.42..2.77 rows=2 width=12) (actual time=0.002..0.002 rows=0 loops=414)
                                                                                                  Index Cond: (movie_id = mk.movie_id)
                                                                                ->  Index Scan using movie_id_cast_info on cast_info ci  (cost=0.56..50.03 rows=1 width=16) (actual time=0.014..0.120 rows=28 loops=74)
                                                                                      Index Cond: (movie_id = mk.movie_id)
                                                                                      Filter: (note = ANY ('{(voice),"(voice) (uncredited)","(voice: English version)"}'::text[]))
                                                                                      Rows Removed by Filter: 94
                                                                          ->  Index Only Scan using person_id_aka_name on aka_name an  (cost=0.42..2.90 rows=2 width=4) (actual time=0.003..0.003 rows=2 loops=2067)
                                                                                Index Cond: (person_id = ci.person_id)
                                                                                Heap Fetches: 3968
                                                                    ->  Index Scan using char_name_pkey on char_name chn  (cost=0.43..2.25 rows=1 width=20) (actual time=0.002..0.002 rows=0 loops=3968)
                                                                          Index Cond: (id = ci.person_role_id)
                                                                          Filter: (name = 'Queen'::text)
                                                                          Rows Removed by Filter: 1
                                                              ->  Index Scan using movie_id_movie_info on movie_info mi  (cost=0.43..40.99 rows=1 width=8) (actual time=0.042..0.073 rows=1 loops=15)
                                                                    Index Cond: (movie_id = mk.movie_id)
                                                                    Filter: (info ~~ 'USA:%200%'::text)
                                                                    Rows Removed by Filter: 328
                                                  ->  Index Scan using name_pkey on name n  (cost=0.43..2.34 rows=1 width=19) (actual time=0.003..0.003 rows=1 loops=11)
                                                        Index Cond: (id = ci.person_id)
                                                        Filter: ((name ~~ '%An%'::text) AND ((gender)::text = 'f'::text))
                                                        Rows Removed by Filter: 0
                                            ->  Seq Scan on role_type rt  (cost=0.00..1.15 rows=1 width=4) (actual time=0.001..0.001 rows=1 loops=9)
                                                  Filter: ((role)::text = 'actress'::text)
                                                  Rows Removed by Filter: 1
                                      ->  Index Scan using movie_id_movie_companies on movie_companies mc  (cost=0.43..4.78 rows=5 width=8) (actual time=0.003..0.008 rows=28 loops=9)
                                            Index Cond: (movie_id = mk.movie_id)
                                ->  Index Scan using company_name_pkey on company_name cn  (cost=0.42..2.03 rows=1 width=4) (actual time=0.002..0.002 rows=0 loops=252)
                                      Index Cond: (id = mc.company_id)
                                      Filter: ((country_code)::text = '[us]'::text)
                                      Rows Removed by Filter: 1
                          ->  Index Scan using person_id_person_info on person_info pi  (cost=0.43..19.29 rows=25 width=8) (actual time=0.002..0.025 rows=163 loops=45)
                                Index Cond: (person_id = an.person_id)
              ->  Seq Scan on comp_cast_type cct2  (cost=0.00..1.05 rows=1 width=4) (actual time=0.001..0.001 rows=1 loops=45)
                    Filter: ((kind)::text = 'complete+verified'::text)
                    Rows Removed by Filter: 3
        ->  Index Scan using title_pkey on title t  (cost=0.43..2.14 rows=1 width=21) (actual time=0.002..0.002 rows=1 loops=15)
              Index Cond: (id = mk.movie_id)
              Filter: ((production_year >= 2000) AND (production_year <= 2005) AND (title = 'Shrek 2'::text))
Planning time: 81.079 ms
Execution time: 40.810 ms
