Aggregate  (cost=4335.55..4335.56 rows=1 width=96) (actual time=49.725..49.725 rows=1 loops=1)
  ->  Nested Loop  (cost=11.21..4335.54 rows=1 width=48) (actual time=24.689..49.713 rows=15 loops=1)
        Join Filter: (it3.id = pi.info_type_id)
        Rows Removed by Join Filter: 2430
        ->  Seq Scan on info_type it3  (cost=0.00..2.41 rows=1 width=4) (actual time=0.008..0.014 rows=1 loops=1)
              Filter: ((info)::text = 'height'::text)
              Rows Removed by Filter: 112
        ->  Nested Loop  (cost=11.21..4333.12 rows=1 width=52) (actual time=24.634..49.554 rows=2445 loops=1)
              Join Filter: (n.id = pi.person_id)
              ->  Nested Loop  (cost=10.78..4313.51 rows=1 width=60) (actual time=24.627..48.764 rows=15 loops=1)
                    Join Filter: (it.id = mi.info_type_id)
                    ->  Seq Scan on info_type it  (cost=0.00..2.41 rows=1 width=4) (actual time=0.004..0.010 rows=1 loops=1)
                          Filter: ((info)::text = 'release dates'::text)
                          Rows Removed by Filter: 112
                    ->  Nested Loop  (cost=10.78..4311.08 rows=1 width=64) (actual time=24.622..48.750 rows=15 loops=1)
                          Join Filter: (t.id = mi.movie_id)
                          ->  Nested Loop  (cost=10.35..4270.09 rows=1 width=80) (actual time=24.602..47.423 rows=15 loops=1)
                                Join Filter: (mc.movie_id = t.id)
                                ->  Nested Loop  (cost=9.92..4267.93 rows=1 width=59) (actual time=3.630..47.319 rows=55 loops=1)
                                      ->  Nested Loop  (cost=9.49..4265.59 rows=1 width=40) (actual time=1.819..47.177 rows=70 loops=1)
                                            ->  Nested Loop  (cost=9.06..4261.52 rows=1 width=28) (actual time=1.780..43.451 rows=2632 loops=1)
                                                  Join Filter: (rt.id = ci.role_id)
                                                  Rows Removed by Join Filter: 6373
                                                  ->  Seq Scan on role_type rt  (cost=0.00..1.15 rows=1 width=4) (actual time=0.003..0.005 rows=1 loops=1)
                                                        Filter: ((role)::text = 'actress'::text)
                                                        Rows Removed by Filter: 11
                                                  ->  Nested Loop  (cost=9.06..4260.34 rows=2 width=32) (actual time=1.578..42.730 rows=9005 loops=1)
                                                        ->  Nested Loop  (cost=8.63..4257.43 rows=1 width=28) (actual time=1.570..32.671 rows=4128 loops=1)
                                                              Join Filter: (mc.movie_id = ci.movie_id)
                                                              ->  Nested Loop  (cost=8.07..4157.34 rows=2 width=12) (actual time=1.557..21.873 rows=129 loops=1)
                                                                    Join Filter: (cc.status_id = cct2.id)
                                                                    Rows Removed by Join Filter: 234
                                                                    ->  Seq Scan on comp_cast_type cct2  (cost=0.00..1.05 rows=1 width=4) (actual time=0.002..0.003 rows=1 loops=1)
                                                                          Filter: ((kind)::text = 'complete+verified'::text)
                                                                          Rows Removed by Filter: 3
                                                                    ->  Nested Loop  (cost=8.07..4156.24 rows=4 width=16) (actual time=0.504..21.832 rows=363 loops=1)
                                                                          Join Filter: (cct1.id = cc.subject_id)
                                                                          Rows Removed by Join Filter: 68
                                                                          ->  Seq Scan on comp_cast_type cct1  (cost=0.00..1.05 rows=1 width=4) (actual time=0.001..0.003 rows=1 loops=1)
                                                                                Filter: ((kind)::text = 'cast'::text)
                                                                                Rows Removed by Filter: 3
                                                                          ->  Nested Loop  (cost=8.07..4155.10 rows=7 width=20) (actual time=0.502..21.769 rows=431 loops=1)
                                                                                ->  Nested Loop  (cost=7.65..4082.52 rows=26 width=8) (actual time=0.127..20.065 rows=981 loops=1)
                                                                                      ->  Nested Loop  (cost=7.23..3918.36 rows=81 width=12) (actual time=0.118..13.339 rows=3218 loops=1)
                                                                                            ->  Nested Loop  (cost=6.80..3754.10 rows=34 width=4) (actual time=0.112..10.756 rows=414 loops=1)
                                                                                                  ->  Seq Scan on keyword k  (cost=0.00..2626.12 rows=1 width=4) (actual time=0.033..10.168 rows=1 loops=1)
                                                                                                        Filter: (keyword = 'computer-animation'::text)
                                                                                                        Rows Removed by Filter: 134169
                                                                                                  ->  Bitmap Heap Scan on movie_keyword mk  (cost=6.80..1124.92 rows=305 width=8) (actual time=0.077..0.534 rows=414 loops=1)
                                                                                                        Recheck Cond: (keyword_id = k.id)
                                                                                                        Heap Blocks: exact=358
                                                                                                        ->  Bitmap Index Scan on keyword_id_movie_keyword  (cost=0.00..6.72 rows=305 width=0) (actual time=0.040..0.040 rows=414 loops=1)
                                                                                                              Index Cond: (keyword_id = k.id)
                                                                                            ->  Index Scan using movie_id_movie_companies on movie_companies mc  (cost=0.43..4.78 rows=5 width=8) (actual time=0.003..0.005 rows=8 loops=414)
                                                                                                  Index Cond: (movie_id = mk.movie_id)
                                                                                      ->  Index Scan using company_name_pkey on company_name cn  (cost=0.42..2.03 rows=1 width=4) (actual time=0.002..0.002 rows=0 loops=3218)
                                                                                            Index Cond: (id = mc.company_id)
                                                                                            Filter: ((country_code)::text = '[us]'::text)
                                                                                            Rows Removed by Filter: 1
                                                                                ->  Index Scan using movie_id_complete_cast on complete_cast cc  (cost=0.42..2.77 rows=2 width=12) (actual time=0.001..0.002 rows=0 loops=981)
                                                                                      Index Cond: (movie_id = mc.movie_id)
                                                              ->  Index Scan using movie_id_cast_info on cast_info ci  (cost=0.56..50.03 rows=1 width=16) (actual time=0.009..0.079 rows=32 loops=129)
                                                                    Index Cond: (movie_id = mk.movie_id)
                                                                    Filter: (note = ANY ('{(voice),"(voice) (uncredited)","(voice: English version)"}'::text[]))
                                                                    Rows Removed by Filter: 121
                                                        ->  Index Only Scan using person_id_aka_name on aka_name an  (cost=0.42..2.90 rows=2 width=4) (actual time=0.002..0.002 rows=2 loops=4128)
                                                              Index Cond: (person_id = ci.person_id)
                                                              Heap Fetches: 9005
                                            ->  Index Scan using char_name_pkey on char_name chn  (cost=0.43..2.25 rows=1 width=20) (actual time=0.001..0.001 rows=0 loops=2632)
                                                  Index Cond: (id = ci.person_role_id)
                                                  Filter: (name = 'Queen'::text)
                                                  Rows Removed by Filter: 1
                                      ->  Index Scan using name_pkey on name n  (cost=0.43..2.34 rows=1 width=19) (actual time=0.002..0.002 rows=1 loops=70)
                                            Index Cond: (id = ci.person_id)
                                            Filter: ((name ~~ '%An%'::text) AND ((gender)::text = 'f'::text))
                                            Rows Removed by Filter: 0
                                ->  Index Scan using title_pkey on title t  (cost=0.43..2.14 rows=1 width=21) (actual time=0.002..0.002 rows=0 loops=55)
                                      Index Cond: (id = mk.movie_id)
                                      Filter: ((production_year >= 2000) AND (production_year <= 2005) AND (title = 'Shrek 2'::text))
                                      Rows Removed by Filter: 1
                          ->  Index Scan using movie_id_movie_info on movie_info mi  (cost=0.43..40.99 rows=1 width=8) (actual time=0.010..0.088 rows=1 loops=15)
                                Index Cond: (movie_id = mk.movie_id)
                                Filter: (info ~~ 'USA:%200%'::text)
                                Rows Removed by Filter: 456
              ->  Index Scan using person_id_person_info on person_info pi  (cost=0.43..19.29 rows=25 width=8) (actual time=0.002..0.027 rows=163 loops=15)
                    Index Cond: (person_id = an.person_id)
Planning time: 80.475 ms
Execution time: 49.839 ms
