Aggregate  (cost=4205.78..4205.79 rows=1 width=96) (actual time=41.276..41.276 rows=1 loops=1)
  ->  Nested Loop  (cost=11.21..4205.78 rows=1 width=48) (actual time=23.923..41.265 rows=15 loops=1)
        Join Filter: (n.id = an.person_id)
        ->  Nested Loop  (cost=10.79..4202.88 rows=1 width=60) (actual time=23.914..41.240 rows=5 loops=1)
              Join Filter: (mi.info_type_id = it.id)
              ->  Nested Loop  (cost=10.79..4200.45 rows=1 width=64) (actual time=23.909..41.221 rows=5 loops=1)
                    Join Filter: (cc.subject_id = cct1.id)
                    ->  Nested Loop  (cost=10.79..4199.39 rows=1 width=68) (actual time=23.906..41.211 rows=5 loops=1)
                          Join Filter: (t.id = mi.movie_id)
                          ->  Nested Loop  (cost=10.35..4158.39 rows=1 width=84) (actual time=23.884..40.747 rows=5 loops=1)
                                ->  Nested Loop  (cost=9.93..4156.37 rows=1 width=88) (actual time=23.867..40.658 rows=22 loops=1)
                                      Join Filter: (t.id = mc.movie_id)
                                      ->  Nested Loop  (cost=9.50..4151.52 rows=1 width=80) (actual time=23.859..40.640 rows=1 loops=1)
                                            Join Filter: (ci.person_id = n.id)
                                            ->  Nested Loop  (cost=9.07..4149.29 rows=1 width=61) (actual time=23.851..40.632 rows=1 loops=1)
                                                  Join Filter: (pi.info_type_id = it3.id)
                                                  Rows Removed by Join Filter: 162
                                                  ->  Nested Loop  (cost=9.07..4146.86 rows=1 width=65) (actual time=22.520..39.229 rows=163 loops=1)
                                                        ->  Nested Loop  (cost=8.64..4142.79 rows=1 width=53) (actual time=22.510..38.139 rows=708 loops=1)
                                                              Join Filter: (ci.movie_id = t.id)
                                                              ->  Nested Loop  (cost=8.21..4140.64 rows=1 width=32) (actual time=0.992..27.219 rows=7821 loops=1)
                                                                    Join Filter: (rt.id = ci.role_id)
                                                                    Rows Removed by Join Filter: 17333
                                                                    ->  Seq Scan on role_type rt  (cost=0.00..1.15 rows=1 width=4) (actual time=0.007..0.009 rows=1 loops=1)
                                                                          Filter: ((role)::text = 'actress'::text)
                                                                          Rows Removed by Filter: 11
                                                                    ->  Nested Loop  (cost=8.21..4139.47 rows=1 width=36) (actual time=0.395..25.269 rows=25154 loops=1)
                                                                          ->  Nested Loop  (cost=7.78..4100.37 rows=2 width=28) (actual time=0.388..15.153 rows=732 loops=1)
                                                                                ->  Nested Loop  (cost=7.22..3850.17 rows=5 width=12) (actual time=0.376..11.726 rows=25 loops=1)
                                                                                      Join Filter: (cct2.id = cc.status_id)
                                                                                      Rows Removed by Join Filter: 65
                                                                                      ->  Seq Scan on comp_cast_type cct2  (cost=0.00..1.05 rows=1 width=4) (actual time=0.003..0.003 rows=1 loops=1)
                                                                                            Filter: ((kind)::text = 'complete+verified'::text)
                                                                                            Rows Removed by Filter: 3
                                                                                      ->  Nested Loop  (cost=7.22..3849.00 rows=9 width=16) (actual time=0.187..11.713 rows=90 loops=1)
                                                                                            ->  Nested Loop  (cost=6.80..3754.10 rows=34 width=4) (actual time=0.115..10.853 rows=414 loops=1)
                                                                                                  ->  Seq Scan on keyword k  (cost=0.00..2626.12 rows=1 width=4) (actual time=0.033..10.255 rows=1 loops=1)
                                                                                                        Filter: (keyword = 'computer-animation'::text)
                                                                                                        Rows Removed by Filter: 134169
                                                                                                  ->  Bitmap Heap Scan on movie_keyword mk  (cost=6.80..1124.92 rows=305 width=8) (actual time=0.081..0.553 rows=414 loops=1)
                                                                                                        Recheck Cond: (keyword_id = k.id)
                                                                                                        Heap Blocks: exact=358
                                                                                                        ->  Bitmap Index Scan on keyword_id_movie_keyword  (cost=0.00..6.72 rows=305 width=0) (actual time=0.043..0.043 rows=414 loops=1)
                                                                                                              Index Cond: (keyword_id = k.id)
                                                                                            ->  Index Scan using movie_id_complete_cast on complete_cast cc  (cost=0.42..2.77 rows=2 width=12) (actual time=0.002..0.002 rows=0 loops=414)
                                                                                                  Index Cond: (movie_id = mk.movie_id)
                                                                                ->  Index Scan using movie_id_cast_info on cast_info ci  (cost=0.56..50.03 rows=1 width=16) (actual time=0.017..0.133 rows=29 loops=25)
                                                                                      Index Cond: (movie_id = mk.movie_id)
                                                                                      Filter: (note = ANY ('{(voice),"(voice) (uncredited)","(voice: English version)"}'::text[]))
                                                                                      Rows Removed by Filter: 116
                                                                          ->  Index Scan using person_id_person_info on person_info pi  (cost=0.43..19.30 rows=25 width=8) (actual time=0.003..0.009 rows=34 loops=732)
                                                                                Index Cond: (person_id = ci.person_id)
                                                              ->  Index Scan using title_pkey on title t  (cost=0.43..2.14 rows=1 width=21) (actual time=0.001..0.001 rows=0 loops=7821)
                                                                    Index Cond: (id = mk.movie_id)
                                                                    Filter: ((production_year >= 2000) AND (production_year <= 2005) AND (title = 'Shrek 2'::text))
                                                                    Rows Removed by Filter: 1
                                                        ->  Index Scan using char_name_pkey on char_name chn  (cost=0.43..2.25 rows=1 width=20) (actual time=0.001..0.001 rows=0 loops=708)
                                                              Index Cond: (id = ci.person_role_id)
                                                              Filter: (name = 'Queen'::text)
                                                              Rows Removed by Filter: 1
                                                  ->  Seq Scan on info_type it3  (cost=0.00..2.41 rows=1 width=4) (actual time=0.003..0.008 rows=1 loops=163)
                                                        Filter: ((info)::text = 'height'::text)
                                                        Rows Removed by Filter: 111
                                            ->  Index Scan using name_pkey on name n  (cost=0.43..2.22 rows=1 width=19) (actual time=0.007..0.007 rows=1 loops=1)
                                                  Index Cond: (id = pi.person_id)
                                                  Filter: ((name ~~ '%An%'::text) AND ((gender)::text = 'f'::text))
                                      ->  Index Scan using movie_id_movie_companies on movie_companies mc  (cost=0.43..4.78 rows=5 width=8) (actual time=0.006..0.012 rows=22 loops=1)
                                            Index Cond: (movie_id = mk.movie_id)
                                ->  Index Scan using company_name_pkey on company_name cn  (cost=0.42..2.03 rows=1 width=4) (actual time=0.003..0.003 rows=0 loops=22)
                                      Index Cond: (id = mc.company_id)
                                      Filter: ((country_code)::text = '[us]'::text)
                                      Rows Removed by Filter: 1
                          ->  Index Scan using movie_id_movie_info on movie_info mi  (cost=0.43..40.99 rows=1 width=8) (actual time=0.012..0.092 rows=1 loops=5)
                                Index Cond: (movie_id = mk.movie_id)
                                Filter: (info ~~ 'USA:%200%'::text)
                                Rows Removed by Filter: 456
                    ->  Seq Scan on comp_cast_type cct1  (cost=0.00..1.05 rows=1 width=4) (actual time=0.001..0.001 rows=1 loops=5)
                          Filter: ((kind)::text = 'cast'::text)
              ->  Seq Scan on info_type it  (cost=0.00..2.41 rows=1 width=4) (actual time=0.003..0.003 rows=1 loops=5)
                    Filter: ((info)::text = 'release dates'::text)
                    Rows Removed by Filter: 15
        ->  Index Only Scan using person_id_aka_name on aka_name an  (cost=0.42..2.87 rows=2 width=4) (actual time=0.003..0.004 rows=3 loops=5)
              Index Cond: (person_id = pi.person_id)
              Heap Fetches: 15
Planning time: 80.758 ms
Execution time: 41.403 ms
