Aggregate  (cost=4225.53..4225.54 rows=1 width=96) (actual time=31.675..31.675 rows=1 loops=1)
  ->  Nested Loop  (cost=11.21..4225.52 rows=1 width=48) (actual time=6.614..31.662 rows=15 loops=1)
        Join Filter: (it.id = mi.info_type_id)
        ->  Seq Scan on info_type it  (cost=0.00..2.41 rows=1 width=4) (actual time=0.009..0.014 rows=1 loops=1)
              Filter: ((info)::text = 'release dates'::text)
              Rows Removed by Filter: 112
        ->  Nested Loop  (cost=11.21..4223.10 rows=1 width=52) (actual time=6.604..31.644 rows=15 loops=1)
              Join Filter: (t.id = mi.movie_id)
              ->  Nested Loop  (cost=10.78..4182.10 rows=1 width=68) (actual time=6.583..30.348 rows=15 loops=1)
                    Join Filter: (cc.subject_id = cct1.id)
                    ->  Nested Loop  (cost=10.78..4181.04 rows=1 width=72) (actual time=6.580..30.322 rows=15 loops=1)
                          Join Filter: (cct2.id = cc.status_id)
                          ->  Seq Scan on comp_cast_type cct2  (cost=0.00..1.05 rows=1 width=4) (actual time=0.003..0.003 rows=1 loops=1)
                                Filter: ((kind)::text = 'complete+verified'::text)
                                Rows Removed by Filter: 3
                          ->  Nested Loop  (cost=10.78..4179.97 rows=1 width=76) (actual time=6.576..30.315 rows=15 loops=1)
                                Join Filter: (t.id = cc.movie_id)
                                ->  Nested Loop  (cost=10.36..4177.18 rows=1 width=64) (actual time=6.570..30.275 rows=15 loops=1)
                                      ->  Nested Loop  (cost=9.94..4175.15 rows=1 width=68) (actual time=6.563..30.104 rows=66 loops=1)
                                            Join Filter: (ci.person_id = n.id)
                                            ->  Nested Loop  (cost=9.51..4172.92 rows=1 width=65) (actual time=6.553..29.946 rows=66 loops=1)
                                                  Join Filter: (ci.role_id = rt.id)
                                                  ->  Nested Loop  (cost=9.51..4171.75 rows=1 width=69) (actual time=6.547..29.824 rows=66 loops=1)
                                                        Join Filter: (it3.id = pi.info_type_id)
                                                        Rows Removed by Join Filter: 10692
                                                        ->  Seq Scan on info_type it3  (cost=0.00..2.41 rows=1 width=4) (actual time=0.005..0.011 rows=1 loops=1)
                                                              Filter: ((info)::text = 'height'::text)
                                                              Rows Removed by Filter: 112
                                                        ->  Nested Loop  (cost=9.51..4169.33 rows=1 width=73) (actual time=6.497..29.157 rows=10758 loops=1)
                                                              ->  Nested Loop  (cost=9.08..4149.78 rows=1 width=65) (actual time=6.491..26.031 rows=66 loops=1)
                                                                    ->  Nested Loop  (cost=8.65..4145.70 rows=1 width=53) (actual time=6.238..23.356 rows=1452 loops=1)
                                                                          ->  Nested Loop  (cost=8.22..4142.79 rows=1 width=49) (actual time=6.219..21.353 rows=836 loops=1)
                                                                                Join Filter: (t.id = ci.movie_id)
                                                                                ->  Nested Loop  (cost=7.66..4092.74 rows=1 width=33) (actual time=6.208..18.677 rows=22 loops=1)
                                                                                      Join Filter: (mc.movie_id = t.id)
                                                                                      ->  Nested Loop  (cost=7.23..3918.36 rows=81 width=12) (actual time=0.123..13.335 rows=3218 loops=1)
                                                                                            ->  Nested Loop  (cost=6.80..3754.10 rows=34 width=4) (actual time=0.115..10.828 rows=414 loops=1)
                                                                                                  ->  Seq Scan on keyword k  (cost=0.00..2626.12 rows=1 width=4) (actual time=0.033..10.241 rows=1 loops=1)
                                                                                                        Filter: (keyword = 'computer-animation'::text)
                                                                                                        Rows Removed by Filter: 134169
                                                                                                  ->  Bitmap Heap Scan on movie_keyword mk  (cost=6.80..1124.92 rows=305 width=8) (actual time=0.080..0.538 rows=414 loops=1)
                                                                                                        Recheck Cond: (keyword_id = k.id)
                                                                                                        Heap Blocks: exact=358
                                                                                                        ->  Bitmap Index Scan on keyword_id_movie_keyword  (cost=0.00..6.72 rows=305 width=0) (actual time=0.043..0.043 rows=414 loops=1)
                                                                                                              Index Cond: (keyword_id = k.id)
                                                                                            ->  Index Scan using movie_id_movie_companies on movie_companies mc  (cost=0.43..4.78 rows=5 width=8) (actual time=0.003..0.005 rows=8 loops=414)
                                                                                                  Index Cond: (movie_id = mk.movie_id)
                                                                                      ->  Index Scan using title_pkey on title t  (cost=0.43..2.14 rows=1 width=21) (actual time=0.002..0.002 rows=0 loops=3218)
                                                                                            Index Cond: (id = mk.movie_id)
                                                                                            Filter: ((production_year >= 2000) AND (production_year <= 2005) AND (title = 'Shrek 2'::text))
                                                                                            Rows Removed by Filter: 1
                                                                                ->  Index Scan using movie_id_cast_info on cast_info ci  (cost=0.56..50.03 rows=1 width=16) (actual time=0.003..0.115 rows=38 loops=22)
                                                                                      Index Cond: (movie_id = mk.movie_id)
                                                                                      Filter: (note = ANY ('{(voice),"(voice) (uncredited)","(voice: English version)"}'::text[]))
                                                                                      Rows Removed by Filter: 191
                                                                          ->  Index Only Scan using person_id_aka_name on aka_name an  (cost=0.42..2.90 rows=2 width=4) (actual time=0.002..0.002 rows=2 loops=836)
                                                                                Index Cond: (person_id = ci.person_id)
                                                                                Heap Fetches: 1452
                                                                    ->  Index Scan using char_name_pkey on char_name chn  (cost=0.43..2.25 rows=1 width=20) (actual time=0.002..0.002 rows=0 loops=1452)
                                                                          Index Cond: (id = ci.person_role_id)
                                                                          Filter: (name = 'Queen'::text)
                                                                          Rows Removed by Filter: 1
                                                              ->  Index Scan using person_id_person_info on person_info pi  (cost=0.43..19.30 rows=25 width=8) (actual time=0.002..0.025 rows=163 loops=66)
                                                                    Index Cond: (person_id = ci.person_id)
                                                  ->  Seq Scan on role_type rt  (cost=0.00..1.15 rows=1 width=4) (actual time=0.001..0.001 rows=1 loops=66)
                                                        Filter: ((role)::text = 'actress'::text)
                                                        Rows Removed by Filter: 1
                                            ->  Index Scan using name_pkey on name n  (cost=0.43..2.22 rows=1 width=19) (actual time=0.002..0.002 rows=1 loops=66)
                                                  Index Cond: (id = pi.person_id)
                                                  Filter: ((name ~~ '%An%'::text) AND ((gender)::text = 'f'::text))
                                      ->  Index Scan using company_name_pkey on company_name cn  (cost=0.42..2.03 rows=1 width=4) (actual time=0.002..0.002 rows=0 loops=66)
                                            Index Cond: (id = mc.company_id)
                                            Filter: ((country_code)::text = '[us]'::text)
                                            Rows Removed by Filter: 1
                                ->  Index Scan using movie_id_complete_cast on complete_cast cc  (cost=0.42..2.77 rows=2 width=12) (actual time=0.002..0.002 rows=1 loops=15)
                                      Index Cond: (movie_id = mk.movie_id)
                    ->  Seq Scan on comp_cast_type cct1  (cost=0.00..1.05 rows=1 width=4) (actual time=0.001..0.001 rows=1 loops=15)
                          Filter: ((kind)::text = 'cast'::text)
              ->  Index Scan using movie_id_movie_info on movie_info mi  (cost=0.43..40.99 rows=1 width=8) (actual time=0.011..0.085 rows=1 loops=15)
                    Index Cond: (movie_id = mk.movie_id)
                    Filter: (info ~~ 'USA:%200%'::text)
                    Rows Removed by Filter: 456
Planning time: 80.859 ms
Execution time: 31.798 ms
