Aggregate  (cost=3999.25..3999.26 rows=1 width=96) (actual time=72.718..72.718 rows=1 loops=1)
  ->  Nested Loop  (cost=11.21..3999.25 rows=1 width=48) (actual time=6.473..68.364 rows=16308 loops=1)
        ->  Nested Loop  (cost=10.78..3997.00 rows=1 width=36) (actual time=2.720..46.576 rows=16740 loops=1)
              Join Filter: (it3.id = pi.info_type_id)
              Rows Removed by Join Filter: 53004
              ->  Seq Scan on info_type it3  (cost=0.00..2.41 rows=1 width=4) (actual time=0.008..0.014 rows=1 loops=1)
                    Filter: ((info)::text = 'trivia'::text)
                    Rows Removed by Filter: 112
              ->  Nested Loop  (cost=10.78..3994.58 rows=1 width=40) (actual time=2.709..41.977 rows=69744 loops=1)
                    Join Filter: (n.id = pi.person_id)
                    ->  Nested Loop  (cost=10.35..3974.97 rows=1 width=48) (actual time=2.701..23.302 rows=216 loops=1)
                          Join Filter: (n.id = an.person_id)
                          ->  Nested Loop  (cost=9.93..3972.05 rows=1 width=44) (actual time=2.694..23.102 rows=55 loops=1)
                                ->  Nested Loop  (cost=9.51..3970.02 rows=1 width=48) (actual time=2.643..22.520 rows=269 loops=1)
                                      Join Filter: (t.id = mc.movie_id)
                                      ->  Nested Loop  (cost=9.08..3965.18 rows=1 width=64) (actual time=2.636..22.387 rows=11 loops=1)
                                            ->  Nested Loop  (cost=8.65..3962.84 rows=1 width=45) (actual time=0.935..21.298 rows=417 loops=1)
                                                  Join Filter: (rt.id = ci.role_id)
                                                  Rows Removed by Join Filter: 1375
                                                  ->  Seq Scan on role_type rt  (cost=0.00..1.15 rows=1 width=4) (actual time=0.003..0.004 rows=1 loops=1)
                                                        Filter: ((role)::text = 'actress'::text)
                                                        Rows Removed by Filter: 11
                                                  ->  Nested Loop  (cost=8.65..3961.68 rows=1 width=49) (actual time=0.890..21.158 rows=1792 loops=1)
                                                        Join Filter: (t.id = ci.movie_id)
                                                        ->  Nested Loop  (cost=8.08..3911.59 rows=1 width=33) (actual time=0.870..14.962 rows=61 loops=1)
                                                              Join Filter: (it.id = mi.info_type_id)
                                                              ->  Seq Scan on info_type it  (cost=0.00..2.41 rows=1 width=4) (actual time=0.004..0.012 rows=1 loops=1)
                                                                    Filter: ((info)::text = 'release dates'::text)
                                                                    Rows Removed by Filter: 112
                                                              ->  Nested Loop  (cost=8.08..3909.16 rows=1 width=37) (actual time=0.865..14.940 rows=61 loops=1)
                                                                    Join Filter: (t.id = mi.movie_id)
                                                                    ->  Nested Loop  (cost=7.65..3868.07 rows=1 width=29) (actual time=0.838..13.070 rows=18 loops=1)
                                                                          Join Filter: (cct1.id = cc.subject_id)
                                                                          Rows Removed by Join Filter: 1
                                                                          ->  Seq Scan on comp_cast_type cct1  (cost=0.00..1.05 rows=1 width=4) (actual time=0.002..0.003 rows=1 loops=1)
                                                                                Filter: ((kind)::text = 'cast'::text)
                                                                                Rows Removed by Filter: 3
                                                                          ->  Nested Loop  (cost=7.65..3866.99 rows=2 width=33) (actual time=0.835..13.062 rows=19 loops=1)
                                                                                Join Filter: (cct2.id = cc.status_id)
                                                                                Rows Removed by Join Filter: 42
                                                                                ->  Seq Scan on comp_cast_type cct2  (cost=0.00..1.05 rows=1 width=4) (actual time=0.001..0.002 rows=1 loops=1)
                                                                                      Filter: ((kind)::text = 'complete+verified'::text)
                                                                                      Rows Removed by Filter: 3
                                                                                ->  Nested Loop  (cost=7.65..3865.89 rows=4 width=37) (actual time=0.797..13.051 rows=61 loops=1)
                                                                                      ->  Nested Loop  (cost=7.23..3826.79 rows=14 width=25) (actual time=0.118..12.423 rows=249 loops=1)
                                                                                            ->  Nested Loop  (cost=6.80..3754.10 rows=34 width=4) (actual time=0.111..10.842 rows=414 loops=1)
                                                                                                  ->  Seq Scan on keyword k  (cost=0.00..2626.12 rows=1 width=4) (actual time=0.031..10.217 rows=1 loops=1)
                                                                                                        Filter: (keyword = 'computer-animation'::text)
                                                                                                        Rows Removed by Filter: 134169
                                                                                                  ->  Bitmap Heap Scan on movie_keyword mk  (cost=6.80..1124.92 rows=305 width=8) (actual time=0.078..0.574 rows=414 loops=1)
                                                                                                        Recheck Cond: (keyword_id = k.id)
                                                                                                        Heap Blocks: exact=358
                                                                                                        ->  Bitmap Index Scan on keyword_id_movie_keyword  (cost=0.00..6.72 rows=305 width=0) (actual time=0.041..0.041 rows=414 loops=1)
                                                                                                              Index Cond: (keyword_id = k.id)
                                                                                            ->  Index Scan using title_pkey on title t  (cost=0.43..2.14 rows=1 width=21) (actual time=0.004..0.004 rows=1 loops=414)
                                                                                                  Index Cond: (id = mk.movie_id)
                                                                                                  Filter: ((production_year >= 2000) AND (production_year <= 2010))
                                                                                                  Rows Removed by Filter: 0
                                                                                      ->  Index Scan using movie_id_complete_cast on complete_cast cc  (cost=0.42..2.77 rows=2 width=12) (actual time=0.002..0.002 rows=0 loops=249)
                                                                                            Index Cond: (movie_id = t.id)
                                                                    ->  Index Scan using movie_id_movie_info on movie_info mi  (cost=0.43..41.09 rows=1 width=8) (actual time=0.016..0.103 rows=3 loops=18)
                                                                          Index Cond: (movie_id = mk.movie_id)
                                                                          Filter: ((info IS NOT NULL) AND ((info ~~ 'Japan:%200%'::text) OR (info ~~ 'USA:%200%'::text)))
                                                                          Rows Removed by Filter: 315
                                                        ->  Index Scan using movie_id_cast_info on cast_info ci  (cost=0.56..50.08 rows=1 width=16) (actual time=0.013..0.097 rows=29 loops=61)
                                                              Index Cond: (movie_id = mk.movie_id)
                                                              Filter: (note = ANY ('{(voice),"(voice: Japanese version)","(voice) (uncredited)","(voice: English version)"}'::text[]))
                                                              Rows Removed by Filter: 134
                                            ->  Index Scan using name_pkey on name n  (cost=0.43..2.34 rows=1 width=19) (actual time=0.002..0.002 rows=0 loops=417)
                                                  Index Cond: (id = ci.person_id)
                                                  Filter: ((name ~~ '%An%'::text) AND ((gender)::text = 'f'::text))
                                                  Rows Removed by Filter: 1
                                      ->  Index Scan using movie_id_movie_companies on movie_companies mc  (cost=0.43..4.78 rows=5 width=8) (actual time=0.004..0.008 rows=24 loops=11)
                                            Index Cond: (movie_id = mk.movie_id)
                                ->  Index Scan using company_name_pkey on company_name cn  (cost=0.42..2.03 rows=1 width=4) (actual time=0.002..0.002 rows=0 loops=269)
                                      Index Cond: (id = mc.company_id)
                                      Filter: ((country_code)::text = '[us]'::text)
                                      Rows Removed by Filter: 1
                          ->  Index Only Scan using person_id_aka_name on aka_name an  (cost=0.42..2.89 rows=2 width=4) (actual time=0.002..0.003 rows=4 loops=55)
                                Index Cond: (person_id = ci.person_id)
                                Heap Fetches: 216
                    ->  Index Scan using person_id_person_info on person_info pi  (cost=0.43..19.29 rows=25 width=8) (actual time=0.003..0.043 rows=323 loops=216)
                          Index Cond: (person_id = an.person_id)
        ->  Index Scan using char_name_pkey on char_name chn  (cost=0.43..2.24 rows=1 width=20) (actual time=0.001..0.001 rows=1 loops=16740)
              Index Cond: (id = ci.person_role_id)
Planning time: 80.770 ms
Execution time: 72.833 ms
