Aggregate  (cost=4254.82..4254.83 rows=1 width=96) (actual time=212.173..212.173 rows=1 loops=1)
  ->  Nested Loop  (cost=11.21..4254.81 rows=1 width=48) (actual time=44.192..207.539 rows=16308 loops=1)
        Join Filter: (cct1.id = cc.subject_id)
        ->  Seq Scan on comp_cast_type cct1  (cost=0.00..1.05 rows=1 width=4) (actual time=0.005..0.006 rows=1 loops=1)
              Filter: ((kind)::text = 'cast'::text)
              Rows Removed by Filter: 3
        ->  Nested Loop  (cost=11.21..4253.75 rows=1 width=52) (actual time=44.186..205.596 rows=16308 loops=1)
              Join Filter: (cct2.id = cc.status_id)
              Rows Removed by Join Filter: 11714
              ->  Seq Scan on comp_cast_type cct2  (cost=0.00..1.05 rows=1 width=4) (actual time=0.002..0.002 rows=1 loops=1)
                    Filter: ((kind)::text = 'complete+verified'::text)
                    Rows Removed by Filter: 3
              ->  Nested Loop  (cost=11.21..4252.69 rows=1 width=56) (actual time=9.085..202.853 rows=28022 loops=1)
                    ->  Nested Loop  (cost=10.79..4249.89 rows=1 width=68) (actual time=5.974..156.288 rows=33206 loops=1)
                          Join Filter: (it3.id = pi.info_type_id)
                          Rows Removed by Join Filter: 100645
                          ->  Seq Scan on info_type it3  (cost=0.00..2.41 rows=1 width=4) (actual time=0.006..0.011 rows=1 loops=1)
                                Filter: ((info)::text = 'trivia'::text)
                                Rows Removed by Filter: 112
                          ->  Nested Loop  (cost=10.79..4247.47 rows=1 width=72) (actual time=5.968..146.853 rows=133851 loops=1)
                                Join Filter: (n.id = pi.person_id)
                                ->  Nested Loop  (cost=10.36..4227.86 rows=1 width=80) (actual time=5.960..109.102 rows=665 loops=1)
                                      Join Filter: (it.id = mi.info_type_id)
                                      ->  Seq Scan on info_type it  (cost=0.00..2.41 rows=1 width=4) (actual time=0.003..0.010 rows=1 loops=1)
                                            Filter: ((info)::text = 'release dates'::text)
                                            Rows Removed by Filter: 112
                                      ->  Nested Loop  (cost=10.36..4225.44 rows=1 width=84) (actual time=5.956..108.981 rows=665 loops=1)
                                            Join Filter: (t.id = mi.movie_id)
                                            ->  Nested Loop  (cost=9.93..4184.34 rows=1 width=76) (actual time=5.942..93.878 rows=296 loops=1)
                                                  Join Filter: (n.id = an.person_id)
                                                  ->  Nested Loop  (cost=9.50..4181.42 rows=1 width=72) (actual time=5.934..93.345 rows=161 loops=1)
                                                        ->  Nested Loop  (cost=9.07..4179.08 rows=1 width=53) (actual time=1.201..84.990 rows=3703 loops=1)
                                                              Join Filter: (rt.id = ci.role_id)
                                                              Rows Removed by Join Filter: 9505
                                                              ->  Seq Scan on role_type rt  (cost=0.00..1.15 rows=1 width=4) (actual time=0.003..0.005 rows=1 loops=1)
                                                                    Filter: ((role)::text = 'actress'::text)
                                                                    Rows Removed by Filter: 11
                                                              ->  Nested Loop  (cost=9.07..4177.92 rows=1 width=57) (actual time=0.152..83.899 rows=13208 loops=1)
                                                                    ->  Nested Loop  (cost=8.64..4173.43 rows=2 width=45) (actual time=0.145..55.936 rows=15390 loops=1)
                                                                          Join Filter: (t.id = ci.movie_id)
                                                                          ->  Nested Loop  (cost=8.08..3922.97 rows=5 width=29) (actual time=0.137..20.154 rows=669 loops=1)
                                                                                ->  Nested Loop  (cost=7.66..3894.60 rows=14 width=33) (actual time=0.127..14.385 rows=2435 loops=1)
                                                                                      Join Filter: (t.id = mc.movie_id)
                                                                                      ->  Nested Loop  (cost=7.23..3826.79 rows=14 width=25) (actual time=0.122..12.426 rows=249 loops=1)
                                                                                            ->  Nested Loop  (cost=6.80..3754.10 rows=34 width=4) (actual time=0.114..10.881 rows=414 loops=1)
                                                                                                  ->  Seq Scan on keyword k  (cost=0.00..2626.12 rows=1 width=4) (actual time=0.033..10.275 rows=1 loops=1)
                                                                                                        Filter: (keyword = 'computer-animation'::text)
                                                                                                        Rows Removed by Filter: 134169
                                                                                                  ->  Bitmap Heap Scan on movie_keyword mk  (cost=6.80..1124.92 rows=305 width=8) (actual time=0.079..0.556 rows=414 loops=1)
                                                                                                        Recheck Cond: (keyword_id = k.id)
                                                                                                        Heap Blocks: exact=358
                                                                                                        ->  Bitmap Index Scan on keyword_id_movie_keyword  (cost=0.00..6.72 rows=305 width=0) (actual time=0.043..0.043 rows=414 loops=1)
                                                                                                              Index Cond: (keyword_id = k.id)
                                                                                            ->  Index Scan using title_pkey on title t  (cost=0.43..2.14 rows=1 width=21) (actual time=0.003..0.003 rows=1 loops=414)
                                                                                                  Index Cond: (id = mk.movie_id)
                                                                                                  Filter: ((production_year >= 2000) AND (production_year <= 2010))
                                                                                                  Rows Removed by Filter: 0
                                                                                      ->  Index Scan using movie_id_movie_companies on movie_companies mc  (cost=0.43..4.78 rows=5 width=8) (actual time=0.003..0.006 rows=10 loops=249)
                                                                                            Index Cond: (movie_id = mk.movie_id)
                                                                                ->  Index Scan using company_name_pkey on company_name cn  (cost=0.42..2.03 rows=1 width=4) (actual time=0.002..0.002 rows=0 loops=2435)
                                                                                      Index Cond: (id = mc.company_id)
                                                                                      Filter: ((country_code)::text = '[us]'::text)
                                                                                      Rows Removed by Filter: 1
                                                                          ->  Index Scan using movie_id_cast_info on cast_info ci  (cost=0.56..50.08 rows=1 width=16) (actual time=0.007..0.050 rows=23 loops=669)
                                                                                Index Cond: (movie_id = mk.movie_id)
                                                                                Filter: (note = ANY ('{(voice),"(voice: Japanese version)","(voice) (uncredited)","(voice: English version)"}'::text[]))
                                                                                Rows Removed by Filter: 68
                                                                    ->  Index Scan using char_name_pkey on char_name chn  (cost=0.43..2.24 rows=1 width=20) (actual time=0.002..0.002 rows=1 loops=15390)
                                                                          Index Cond: (id = ci.person_role_id)
                                                        ->  Index Scan using name_pkey on name n  (cost=0.43..2.34 rows=1 width=19) (actual time=0.002..0.002 rows=0 loops=3703)
                                                              Index Cond: (id = ci.person_id)
                                                              Filter: ((name ~~ '%An%'::text) AND ((gender)::text = 'f'::text))
                                                              Rows Removed by Filter: 1
                                                  ->  Index Only Scan using person_id_aka_name on aka_name an  (cost=0.42..2.89 rows=2 width=4) (actual time=0.002..0.003 rows=2 loops=161)
                                                        Index Cond: (person_id = ci.person_id)
                                                        Heap Fetches: 296
                                            ->  Index Scan using movie_id_movie_info on movie_info mi  (cost=0.43..41.09 rows=1 width=8) (actual time=0.015..0.050 rows=2 loops=296)
                                                  Index Cond: (movie_id = mk.movie_id)
                                                  Filter: ((info IS NOT NULL) AND ((info ~~ 'Japan:%200%'::text) OR (info ~~ 'USA:%200%'::text)))
                                                  Rows Removed by Filter: 231
                                ->  Index Scan using person_id_person_info on person_info pi  (cost=0.43..19.29 rows=25 width=8) (actual time=0.003..0.027 rows=201 loops=665)
                                      Index Cond: (person_id = an.person_id)
                    ->  Index Scan using movie_id_complete_cast on complete_cast cc  (cost=0.42..2.77 rows=2 width=12) (actual time=0.001..0.001 rows=1 loops=33206)
                          Index Cond: (movie_id = t.id)
Planning time: 80.998 ms
Execution time: 212.291 ms
