Aggregate  (cost=4315.20..4315.21 rows=1 width=96) (actual time=6835.810..6835.810 rows=1 loops=1)
  ->  Nested Loop  (cost=11.21..4315.19 rows=1 width=48) (actual time=1143.225..6830.810 rows=16308 loops=1)
        Join Filter: (pi.info_type_id = it3.id)
        Rows Removed by Join Filter: 51519
        ->  Nested Loop  (cost=11.21..4312.76 rows=1 width=52) (actual time=1076.168..6379.359 rows=67827 loops=1)
              ->  Nested Loop  (cost=10.78..4310.52 rows=1 width=40) (actual time=291.453..6272.991 rows=69744 loops=1)
                    Join Filter: (ci.person_id = n.id)
                    ->  Nested Loop  (cost=10.35..4308.28 rows=1 width=37) (actual time=1.450..5799.565 rows=275244 loops=1)
                          Join Filter: (mi.info_type_id = it.id)
                          ->  Nested Loop  (cost=10.35..4305.86 rows=1 width=41) (actual time=1.443..4919.336 rows=275244 loops=1)
                                ->  Nested Loop  (cost=9.93..4303.83 rows=1 width=45) (actual time=1.406..2815.772 rows=1287680 loops=1)
                                      Join Filter: (cc.subject_id = cct1.id)
                                      Rows Removed by Join Filter: 131215
                                      ->  Nested Loop  (cost=9.93..4302.77 rows=1 width=49) (actual time=1.404..1089.261 rows=1418895 loops=1)
                                            Join Filter: (t.id = mc.movie_id)
                                            ->  Nested Loop  (cost=9.50..4297.93 rows=1 width=65) (actual time=1.396..563.802 rows=57296 loops=1)
                                                  Join Filter: (ci.role_id = rt.id)
                                                  Rows Removed by Join Filter: 128408
                                                  ->  Nested Loop  (cost=9.50..4296.76 rows=1 width=69) (actual time=1.136..222.606 rows=185704 loops=1)
                                                        Join Filter: (ci.person_id = an.person_id)
                                                        ->  Nested Loop  (cost=9.08..4293.87 rows=1 width=65) (actual time=1.125..58.465 rows=64038 loops=1)
                                                              ->  Nested Loop  (cost=8.65..4274.32 rows=1 width=57) (actual time=1.117..30.341 rows=1988 loops=1)
                                                                    Join Filter: (t.id = ci.movie_id)
                                                                    ->  Nested Loop  (cost=8.08..4224.23 rows=1 width=41) (actual time=1.097..19.909 rows=68 loops=1)
                                                                          Join Filter: (cc.status_id = cct2.id)
                                                                          Rows Removed by Join Filter: 117
                                                                          ->  Nested Loop  (cost=8.08..4223.17 rows=1 width=45) (actual time=0.901..19.561 rows=185 loops=1)
                                                                                Join Filter: (mi.movie_id = t.id)
                                                                                ->  Nested Loop  (cost=7.65..4218.87 rows=2 width=24) (actual time=0.535..18.847 rows=196 loops=1)
                                                                                      ->  Nested Loop  (cost=7.22..3849.00 rows=9 width=16) (actual time=0.188..11.953 rows=90 loops=1)
                                                                                            ->  Nested Loop  (cost=6.80..3754.10 rows=34 width=4) (actual time=0.117..10.918 rows=414 loops=1)
                                                                                                  ->  Seq Scan on keyword k  (cost=0.00..2626.12 rows=1 width=4) (actual time=0.036..10.190 rows=1 loops=1)
                                                                                                        Filter: (keyword = 'computer-animation'::text)
                                                                                                        Rows Removed by Filter: 134169
                                                                                                  ->  Bitmap Heap Scan on movie_keyword mk  (cost=6.80..1124.92 rows=305 width=8) (actual time=0.079..0.668 rows=414 loops=1)
                                                                                                        Recheck Cond: (keyword_id = k.id)
                                                                                                        Heap Blocks: exact=358
                                                                                                        ->  Bitmap Index Scan on keyword_id_movie_keyword  (cost=0.00..6.72 rows=305 width=0) (actual time=0.042..0.042 rows=414 loops=1)
                                                                                                              Index Cond: (keyword_id = k.id)
                                                                                            ->  Index Scan using movie_id_complete_cast on complete_cast cc  (cost=0.42..2.77 rows=2 width=12) (actual time=0.002..0.002 rows=0 loops=414)
                                                                                                  Index Cond: (movie_id = mk.movie_id)
                                                                                      ->  Index Scan using movie_id_movie_info on movie_info mi  (cost=0.43..41.09 rows=1 width=8) (actual time=0.018..0.076 rows=2 loops=90)
                                                                                            Index Cond: (movie_id = mk.movie_id)
                                                                                            Filter: ((info IS NOT NULL) AND ((info ~~ 'Japan:%200%'::text) OR (info ~~ 'USA:%200%'::text)))
                                                                                            Rows Removed by Filter: 228
                                                                                ->  Index Scan using title_pkey on title t  (cost=0.43..2.14 rows=1 width=21) (actual time=0.003..0.003 rows=1 loops=196)
                                                                                      Index Cond: (id = mk.movie_id)
                                                                                      Filter: ((production_year >= 2000) AND (production_year <= 2010))
                                                                                      Rows Removed by Filter: 0
                                                                          ->  Seq Scan on comp_cast_type cct2  (cost=0.00..1.05 rows=1 width=4) (actual time=0.001..0.001 rows=1 loops=185)
                                                                                Filter: ((kind)::text = 'complete+verified'::text)
                                                                                Rows Removed by Filter: 3
                                                                    ->  Index Scan using movie_id_cast_info on cast_info ci  (cost=0.56..50.08 rows=1 width=16) (actual time=0.015..0.148 rows=29 loops=68)
                                                                          Index Cond: (movie_id = mk.movie_id)
                                                                          Filter: (note = ANY ('{(voice),"(voice: Japanese version)","(voice) (uncredited)","(voice: English version)"}'::text[]))
                                                                          Rows Removed by Filter: 141
                                                              ->  Index Scan using person_id_person_info on person_info pi  (cost=0.43..19.30 rows=25 width=8) (actual time=0.003..0.009 rows=32 loops=1988)
                                                                    Index Cond: (person_id = ci.person_id)
                                                        ->  Index Only Scan using person_id_aka_name on aka_name an  (cost=0.42..2.87 rows=2 width=4) (actual time=0.001..0.002 rows=3 loops=64038)
                                                              Index Cond: (person_id = pi.person_id)
                                                              Heap Fetches: 185704
                                                  ->  Seq Scan on role_type rt  (cost=0.00..1.15 rows=1 width=4) (actual time=0.001..0.001 rows=1 loops=185704)
                                                        Filter: ((role)::text = 'actress'::text)
                                                        Rows Removed by Filter: 8
                                            ->  Index Scan using movie_id_movie_companies on movie_companies mc  (cost=0.43..4.78 rows=5 width=8) (actual time=0.002..0.005 rows=25 loops=57296)
                                                  Index Cond: (movie_id = mk.movie_id)
                                      ->  Seq Scan on comp_cast_type cct1  (cost=0.00..1.05 rows=1 width=4) (actual time=0.000..0.000 rows=1 loops=1418895)
                                            Filter: ((kind)::text = 'cast'::text)
                                            Rows Removed by Filter: 0
                                ->  Index Scan using company_name_pkey on company_name cn  (cost=0.42..2.03 rows=1 width=4) (actual time=0.001..0.001 rows=0 loops=1287680)
                                      Index Cond: (id = mc.company_id)
                                      Filter: ((country_code)::text = '[us]'::text)
                                      Rows Removed by Filter: 1
                          ->  Seq Scan on info_type it  (cost=0.00..2.41 rows=1 width=4) (actual time=0.002..0.002 rows=1 loops=275244)
                                Filter: ((info)::text = 'release dates'::text)
                                Rows Removed by Filter: 15
                    ->  Index Scan using name_pkey on name n  (cost=0.43..2.22 rows=1 width=19) (actual time=0.002..0.002 rows=0 loops=275244)
                          Index Cond: (id = pi.person_id)
                          Filter: ((name ~~ '%An%'::text) AND ((gender)::text = 'f'::text))
                          Rows Removed by Filter: 1
              ->  Index Scan using char_name_pkey on char_name chn  (cost=0.43..2.24 rows=1 width=20) (actual time=0.001..0.001 rows=1 loops=69744)
                    Index Cond: (id = ci.person_role_id)
        ->  Seq Scan on info_type it3  (cost=0.00..2.41 rows=1 width=4) (actual time=0.002..0.006 rows=1 loops=67827)
              Filter: ((info)::text = 'trivia'::text)
              Rows Removed by Filter: 89
Planning time: 81.076 ms
Execution time: 6835.943 ms
