Aggregate  (cost=4045.69..4045.70 rows=1 width=96) (actual time=95.997..95.998 rows=1 loops=1)
  ->  Nested Loop  (cost=11.21..4045.68 rows=1 width=48) (actual time=3.744..91.337 rows=16308 loops=1)
        Join Filter: (mi.movie_id = t.id)
        ->  Nested Loop  (cost=10.78..4043.53 rows=1 width=51) (actual time=3.735..66.291 rows=16368 loops=1)
              Join Filter: (n.id = an.person_id)
              ->  Nested Loop  (cost=10.36..4037.73 rows=2 width=63) (actual time=3.727..54.626 rows=3882 loops=1)
                    ->  Nested Loop  (cost=9.94..4027.60 rows=5 width=67) (actual time=3.702..26.156 rows=17564 loops=1)
                          Join Filter: (mi.movie_id = mc.movie_id)
                          ->  Nested Loop  (cost=9.51..4022.76 rows=1 width=59) (actual time=3.694..19.489 rows=670 loops=1)
                                Join Filter: (it3.id = pi.info_type_id)
                                Rows Removed by Join Filter: 2104
                                ->  Seq Scan on info_type it3  (cost=0.00..2.41 rows=1 width=4) (actual time=0.008..0.013 rows=1 loops=1)
                                      Filter: ((info)::text = 'trivia'::text)
                                      Rows Removed by Filter: 112
                                ->  Nested Loop  (cost=9.51..4020.33 rows=1 width=63) (actual time=3.648..19.251 rows=2774 loops=1)
                                      Join Filter: (n.id = pi.person_id)
                                      ->  Nested Loop  (cost=9.08..4000.72 rows=1 width=55) (actual time=3.638..18.337 rows=9 loops=1)
                                            Join Filter: (mi.info_type_id = it.id)
                                            ->  Nested Loop  (cost=9.08..3998.30 rows=1 width=59) (actual time=3.633..18.301 rows=9 loops=1)
                                                  Join Filter: (ci.role_id = rt.id)
                                                  ->  Nested Loop  (cost=9.08..3997.14 rows=1 width=63) (actual time=3.625..18.273 rows=9 loops=1)
                                                        Join Filter: (ci.movie_id = mi.movie_id)
                                                        ->  Nested Loop  (cost=8.64..3956.04 rows=1 width=55) (actual time=1.060..17.630 rows=5 loops=1)
                                                              ->  Nested Loop  (cost=8.21..3953.80 rows=1 width=43) (actual time=1.053..17.595 rows=6 loops=1)
                                                                    ->  Nested Loop  (cost=7.78..3951.46 rows=1 width=24) (actual time=0.401..15.075 rows=703 loops=1)
                                                                          ->  Nested Loop  (cost=7.22..3851.28 rows=2 width=8) (actual time=0.386..11.642 rows=23 loops=1)
                                                                                Join Filter: (cct1.id = cc.subject_id)
                                                                                Rows Removed by Join Filter: 2
                                                                                ->  Seq Scan on comp_cast_type cct1  (cost=0.00..1.05 rows=1 width=4) (actual time=0.002..0.004 rows=1 loops=1)
                                                                                      Filter: ((kind)::text = 'cast'::text)
                                                                                      Rows Removed by Filter: 3
                                                                                ->  Nested Loop  (cost=7.22..3850.17 rows=5 width=12) (actual time=0.384..11.634 rows=25 loops=1)
                                                                                      Join Filter: (cct2.id = cc.status_id)
                                                                                      Rows Removed by Join Filter: 65
                                                                                      ->  Seq Scan on comp_cast_type cct2  (cost=0.00..1.05 rows=1 width=4) (actual time=0.002..0.002 rows=1 loops=1)
                                                                                            Filter: ((kind)::text = 'complete+verified'::text)
                                                                                            Rows Removed by Filter: 3
                                                                                      ->  Nested Loop  (cost=7.22..3849.00 rows=9 width=16) (actual time=0.182..11.622 rows=90 loops=1)
                                                                                            ->  Nested Loop  (cost=6.80..3754.10 rows=34 width=4) (actual time=0.112..10.703 rows=414 loops=1)
                                                                                                  ->  Seq Scan on keyword k  (cost=0.00..2626.12 rows=1 width=4) (actual time=0.032..10.102 rows=1 loops=1)
                                                                                                        Filter: (keyword = 'computer-animation'::text)
                                                                                                        Rows Removed by Filter: 134169
                                                                                                  ->  Bitmap Heap Scan on movie_keyword mk  (cost=6.80..1124.92 rows=305 width=8) (actual time=0.078..0.554 rows=414 loops=1)
                                                                                                        Recheck Cond: (keyword_id = k.id)
                                                                                                        Heap Blocks: exact=358
                                                                                                        ->  Bitmap Index Scan on keyword_id_movie_keyword  (cost=0.00..6.72 rows=305 width=0) (actual time=0.042..0.042 rows=414 loops=1)
                                                                                                              Index Cond: (keyword_id = k.id)
                                                                                            ->  Index Scan using movie_id_complete_cast on complete_cast cc  (cost=0.42..2.77 rows=2 width=12) (actual time=0.002..0.002 rows=0 loops=414)
                                                                                                  Index Cond: (movie_id = mk.movie_id)
                                                                          ->  Index Scan using movie_id_cast_info on cast_info ci  (cost=0.56..50.08 rows=1 width=16) (actual time=0.018..0.145 rows=31 loops=23)
                                                                                Index Cond: (movie_id = mk.movie_id)
                                                                                Filter: (note = ANY ('{(voice),"(voice: Japanese version)","(voice) (uncredited)","(voice: English version)"}'::text[]))
                                                                                Rows Removed by Filter: 116
                                                                    ->  Index Scan using name_pkey on name n  (cost=0.43..2.34 rows=1 width=19) (actual time=0.003..0.003 rows=0 loops=703)
                                                                          Index Cond: (id = ci.person_id)
                                                                          Filter: ((name ~~ '%An%'::text) AND ((gender)::text = 'f'::text))
                                                                          Rows Removed by Filter: 1
                                                              ->  Index Scan using char_name_pkey on char_name chn  (cost=0.43..2.24 rows=1 width=20) (actual time=0.005..0.005 rows=1 loops=6)
                                                                    Index Cond: (id = ci.person_role_id)
                                                        ->  Index Scan using movie_id_movie_info on movie_info mi  (cost=0.43..41.09 rows=1 width=8) (actual time=0.041..0.128 rows=2 loops=5)
                                                              Index Cond: (movie_id = mk.movie_id)
                                                              Filter: ((info IS NOT NULL) AND ((info ~~ 'Japan:%200%'::text) OR (info ~~ 'USA:%200%'::text)))
                                                              Rows Removed by Filter: 398
                                                  ->  Seq Scan on role_type rt  (cost=0.00..1.15 rows=1 width=4) (actual time=0.001..0.001 rows=1 loops=9)
                                                        Filter: ((role)::text = 'actress'::text)
                                                        Rows Removed by Filter: 1
                                            ->  Seq Scan on info_type it  (cost=0.00..2.41 rows=1 width=4) (actual time=0.003..0.003 rows=1 loops=9)
                                                  Filter: ((info)::text = 'release dates'::text)
                                                  Rows Removed by Filter: 15
                                      ->  Index Scan using person_id_person_info on person_info pi  (cost=0.43..19.30 rows=25 width=8) (actual time=0.005..0.051 rows=308 loops=9)
                                            Index Cond: (person_id = ci.person_id)
                          ->  Index Scan using movie_id_movie_companies on movie_companies mc  (cost=0.43..4.78 rows=5 width=8) (actual time=0.002..0.005 rows=26 loops=670)
                                Index Cond: (movie_id = mk.movie_id)
                    ->  Index Scan using company_name_pkey on company_name cn  (cost=0.42..2.03 rows=1 width=4) (actual time=0.001..0.001 rows=0 loops=17564)
                          Index Cond: (id = mc.company_id)
                          Filter: ((country_code)::text = '[us]'::text)
                          Rows Removed by Filter: 1
              ->  Index Only Scan using person_id_aka_name on aka_name an  (cost=0.42..2.87 rows=2 width=4) (actual time=0.001..0.002 rows=4 loops=3882)
                    Index Cond: (person_id = pi.person_id)
                    Heap Fetches: 16368
        ->  Index Scan using title_pkey on title t  (cost=0.43..2.14 rows=1 width=21) (actual time=0.001..0.001 rows=1 loops=16368)
              Index Cond: (id = mk.movie_id)
              Filter: ((production_year >= 2000) AND (production_year <= 2010))
              Rows Removed by Filter: 0
Planning time: 81.105 ms
Execution time: 96.115 ms
