Aggregate  (cost=3986.72..3986.73 rows=1 width=96) (actual time=80.590..80.590 rows=1 loops=1)
  ->  Nested Loop  (cost=11.21..3986.71 rows=1 width=48) (actual time=4.042..76.499 rows=16308 loops=1)
        Join Filter: (n.id = an.person_id)
        ->  Nested Loop  (cost=10.79..3983.82 rows=1 width=60) (actual time=4.033..66.270 rows=3822 loops=1)
              ->  Nested Loop  (cost=10.37..3981.79 rows=1 width=64) (actual time=3.142..42.310 rows=17376 loops=1)
                    Join Filter: (it3.id = pi.info_type_id)
                    Rows Removed by Join Filter: 54350
                    ->  Seq Scan on info_type it3  (cost=0.00..2.41 rows=1 width=4) (actual time=0.007..0.012 rows=1 loops=1)
                          Filter: ((info)::text = 'trivia'::text)
                          Rows Removed by Filter: 112
                    ->  Nested Loop  (cost=10.37..3979.37 rows=1 width=68) (actual time=3.097..37.364 rows=71726 loops=1)
                          Join Filter: (n.id = pi.person_id)
                          ->  Nested Loop  (cost=9.94..3959.76 rows=1 width=60) (actual time=3.087..17.699 rows=206 loops=1)
                                Join Filter: (t.id = mc.movie_id)
                                ->  Nested Loop  (cost=9.51..3954.91 rows=1 width=76) (actual time=3.079..17.601 rows=8 loops=1)
                                      Join Filter: (it.id = mi.info_type_id)
                                      ->  Seq Scan on info_type it  (cost=0.00..2.41 rows=1 width=4) (actual time=0.004..0.010 rows=1 loops=1)
                                            Filter: ((info)::text = 'release dates'::text)
                                            Rows Removed by Filter: 112
                                      ->  Nested Loop  (cost=9.51..3952.49 rows=1 width=80) (actual time=3.075..17.588 rows=8 loops=1)
                                            Join Filter: (t.id = mi.movie_id)
                                            ->  Nested Loop  (cost=9.07..3911.39 rows=1 width=72) (actual time=3.055..17.280 rows=3 loops=1)
                                                  ->  Nested Loop  (cost=8.64..3909.05 rows=1 width=53) (actual time=0.595..16.879 rows=94 loops=1)
                                                        Join Filter: (rt.id = ci.role_id)
                                                        Rows Removed by Join Filter: 335
                                                        ->  Seq Scan on role_type rt  (cost=0.00..1.15 rows=1 width=4) (actual time=0.003..0.005 rows=1 loops=1)
                                                              Filter: ((role)::text = 'actress'::text)
                                                              Rows Removed by Filter: 11
                                                        ->  Nested Loop  (cost=8.64..3907.89 rows=1 width=57) (actual time=0.537..16.836 rows=429 loops=1)
                                                              ->  Nested Loop  (cost=8.21..3905.65 rows=1 width=45) (actual time=0.529..15.117 rows=541 loops=1)
                                                                    Join Filter: (t.id = ci.movie_id)
                                                                    ->  Nested Loop  (cost=7.65..3855.55 rows=1 width=29) (actual time=0.509..12.087 rows=18 loops=1)
                                                                          ->  Nested Loop  (cost=7.22..3851.28 rows=2 width=8) (actual time=0.378..11.965 rows=23 loops=1)
                                                                                Join Filter: (cct2.id = cc.status_id)
                                                                                Rows Removed by Join Filter: 51
                                                                                ->  Seq Scan on comp_cast_type cct2  (cost=0.00..1.05 rows=1 width=4) (actual time=0.002..0.002 rows=1 loops=1)
                                                                                      Filter: ((kind)::text = 'complete+verified'::text)
                                                                                      Rows Removed by Filter: 3
                                                                                ->  Nested Loop  (cost=7.22..3850.17 rows=5 width=12) (actual time=0.188..11.954 rows=74 loops=1)
                                                                                      Join Filter: (cct1.id = cc.subject_id)
                                                                                      Rows Removed by Join Filter: 16
                                                                                      ->  Seq Scan on comp_cast_type cct1  (cost=0.00..1.05 rows=1 width=4) (actual time=0.001..0.003 rows=1 loops=1)
                                                                                            Filter: ((kind)::text = 'cast'::text)
                                                                                            Rows Removed by Filter: 3
                                                                                      ->  Nested Loop  (cost=7.22..3849.00 rows=9 width=16) (actual time=0.186..11.938 rows=90 loops=1)
                                                                                            ->  Nested Loop  (cost=6.80..3754.10 rows=34 width=4) (actual time=0.114..11.029 rows=414 loops=1)
                                                                                                  ->  Seq Scan on keyword k  (cost=0.00..2626.12 rows=1 width=4) (actual time=0.032..10.408 rows=1 loops=1)
                                                                                                        Filter: (keyword = 'computer-animation'::text)
                                                                                                        Rows Removed by Filter: 134169
                                                                                                  ->  Bitmap Heap Scan on movie_keyword mk  (cost=6.80..1124.92 rows=305 width=8) (actual time=0.080..0.576 rows=414 loops=1)
                                                                                                        Recheck Cond: (keyword_id = k.id)
                                                                                                        Heap Blocks: exact=358
                                                                                                        ->  Bitmap Index Scan on keyword_id_movie_keyword  (cost=0.00..6.72 rows=305 width=0) (actual time=0.043..0.043 rows=414 loops=1)
                                                                                                              Index Cond: (keyword_id = k.id)
                                                                                            ->  Index Scan using movie_id_complete_cast on complete_cast cc  (cost=0.42..2.77 rows=2 width=12) (actual time=0.002..0.002 rows=0 loops=414)
                                                                                                  Index Cond: (movie_id = mk.movie_id)
                                                                          ->  Index Scan using title_pkey on title t  (cost=0.43..2.14 rows=1 width=21) (actual time=0.005..0.005 rows=1 loops=23)
                                                                                Index Cond: (id = mk.movie_id)
                                                                                Filter: ((production_year >= 2000) AND (production_year <= 2010))
                                                                                Rows Removed by Filter: 0
                                                                    ->  Index Scan using movie_id_cast_info on cast_info ci  (cost=0.56..50.08 rows=1 width=16) (actual time=0.023..0.163 rows=30 loops=18)
                                                                          Index Cond: (movie_id = mk.movie_id)
                                                                          Filter: (note = ANY ('{(voice),"(voice: Japanese version)","(voice) (uncredited)","(voice: English version)"}'::text[]))
                                                                          Rows Removed by Filter: 124
                                                              ->  Index Scan using char_name_pkey on char_name chn  (cost=0.43..2.24 rows=1 width=20) (actual time=0.003..0.003 rows=1 loops=541)
                                                                    Index Cond: (id = ci.person_role_id)
                                                  ->  Index Scan using name_pkey on name n  (cost=0.43..2.34 rows=1 width=19) (actual time=0.004..0.004 rows=0 loops=94)
                                                        Index Cond: (id = ci.person_id)
                                                        Filter: ((name ~~ '%An%'::text) AND ((gender)::text = 'f'::text))
                                                        Rows Removed by Filter: 1
                                            ->  Index Scan using movie_id_movie_info on movie_info mi  (cost=0.43..41.09 rows=1 width=8) (actual time=0.019..0.102 rows=3 loops=3)
                                                  Index Cond: (movie_id = mk.movie_id)
                                                  Filter: ((info IS NOT NULL) AND ((info ~~ 'Japan:%200%'::text) OR (info ~~ 'USA:%200%'::text)))
                                                  Rows Removed by Filter: 336
                                ->  Index Scan using movie_id_movie_companies on movie_companies mc  (cost=0.43..4.78 rows=5 width=8) (actual time=0.003..0.007 rows=26 loops=8)
                                      Index Cond: (movie_id = mk.movie_id)
                          ->  Index Scan using person_id_person_info on person_info pi  (cost=0.43..19.30 rows=25 width=8) (actual time=0.003..0.045 rows=348 loops=206)
                                Index Cond: (person_id = ci.person_id)
              ->  Index Scan using company_name_pkey on company_name cn  (cost=0.42..2.03 rows=1 width=4) (actual time=0.001..0.001 rows=0 loops=17376)
                    Index Cond: (id = mc.company_id)
                    Filter: ((country_code)::text = '[us]'::text)
                    Rows Removed by Filter: 1
        ->  Index Only Scan using person_id_aka_name on aka_name an  (cost=0.42..2.87 rows=2 width=4) (actual time=0.001..0.002 rows=4 loops=3822)
              Index Cond: (person_id = pi.person_id)
              Heap Fetches: 16308
Planning time: 81.148 ms
Execution time: 80.719 ms
