Aggregate  (cost=5314.94..5314.95 rows=1 width=96) (actual time=86.355..86.355 rows=1 loops=1)
  ->  Nested Loop  (cost=11.21..5314.93 rows=1 width=48) (actual time=16.322..82.553 rows=16308 loops=1)
        Join Filter: (it3.id = pi.info_type_id)
        Rows Removed by Join Filter: 51519
        ->  Seq Scan on info_type it3  (cost=0.00..2.41 rows=1 width=4) (actual time=0.010..0.016 rows=1 loops=1)
              Filter: ((info)::text = 'trivia'::text)
              Rows Removed by Filter: 112
        ->  Nested Loop  (cost=11.21..5312.50 rows=1 width=52) (actual time=16.275..78.162 rows=67827 loops=1)
              Join Filter: (n.id = pi.person_id)
              ->  Nested Loop  (cost=10.78..5292.90 rows=1 width=60) (actual time=16.264..59.840 rows=189 loops=1)
                    ->  Nested Loop  (cost=10.36..5290.87 rows=1 width=64) (actual time=16.238..58.363 rows=858 loops=1)
                          Join Filter: (t.id = mc.movie_id)
                          ->  Nested Loop  (cost=9.93..5286.03 rows=1 width=80) (actual time=16.230..58.032 rows=33 loops=1)
                                Join Filter: (cc.status_id = cct2.id)
                                Rows Removed by Join Filter: 57
                                ->  Nested Loop  (cost=9.93..5284.96 rows=1 width=84) (actual time=2.658..57.876 rows=90 loops=1)
                                      ->  Nested Loop  (cost=9.50..5282.72 rows=1 width=72) (actual time=2.649..57.647 rows=108 loops=1)
                                            Join Filter: (mi.movie_id = t.id)
                                            ->  Nested Loop  (cost=9.07..5280.57 rows=1 width=51) (actual time=2.640..57.352 rows=112 loops=1)
                                                  Join Filter: (mi.info_type_id = it.id)
                                                  ->  Nested Loop  (cost=9.07..5278.14 rows=1 width=55) (actual time=2.633..56.934 rows=112 loops=1)
                                                        ->  Nested Loop  (cost=8.64..5273.47 rows=2 width=36) (actual time=2.494..51.157 rows=2842 loops=1)
                                                              ->  Nested Loop  (cost=8.22..5270.56 rows=1 width=32) (actual time=2.475..46.788 rows=1465 loops=1)
                                                                    Join Filter: (cc.subject_id = cct1.id)
                                                                    Rows Removed by Join Filter: 141
                                                                    ->  Nested Loop  (cost=8.22..5269.49 rows=1 width=36) (actual time=2.469..44.611 rows=1606 loops=1)
                                                                          Join Filter: (rt.id = ci.role_id)
                                                                          Rows Removed by Join Filter: 4347
                                                                          ->  Seq Scan on role_type rt  (cost=0.00..1.15 rows=1 width=4) (actual time=0.003..0.005 rows=1 loops=1)
                                                                                Filter: ((role)::text = 'actress'::text)
                                                                                Rows Removed by Filter: 11
                                                                          ->  Nested Loop  (cost=8.22..5268.32 rows=2 width=40) (actual time=2.416..44.097 rows=5953 loops=1)
                                                                                Join Filter: (mi.movie_id = ci.movie_id)
                                                                                ->  Nested Loop  (cost=7.65..5168.13 rows=2 width=24) (actual time=1.526..23.991 rows=196 loops=1)
                                                                                      Join Filter: (mi.movie_id = cc.movie_id)
                                                                                      ->  Nested Loop  (cost=7.23..5151.36 rows=6 width=12) (actual time=0.358..23.045 rows=374 loops=1)
                                                                                            ->  Nested Loop  (cost=6.80..3754.10 rows=34 width=4) (actual time=0.119..10.878 rows=414 loops=1)
                                                                                                  ->  Seq Scan on keyword k  (cost=0.00..2626.12 rows=1 width=4) (actual time=0.033..10.251 rows=1 loops=1)
                                                                                                        Filter: (keyword = 'computer-animation'::text)
                                                                                                        Rows Removed by Filter: 134169
                                                                                                  ->  Bitmap Heap Scan on movie_keyword mk  (cost=6.80..1124.92 rows=305 width=8) (actual time=0.084..0.574 rows=414 loops=1)
                                                                                                        Recheck Cond: (keyword_id = k.id)
                                                                                                        Heap Blocks: exact=358
                                                                                                        ->  Bitmap Index Scan on keyword_id_movie_keyword  (cost=0.00..6.72 rows=305 width=0) (actual time=0.047..0.047 rows=414 loops=1)
                                                                                                              Index Cond: (keyword_id = k.id)
                                                                                            ->  Index Scan using movie_id_movie_info on movie_info mi  (cost=0.43..41.09 rows=1 width=8) (actual time=0.014..0.029 rows=1 loops=414)
                                                                                                  Index Cond: (movie_id = mk.movie_id)
                                                                                                  Filter: ((info IS NOT NULL) AND ((info ~~ 'Japan:%200%'::text) OR (info ~~ 'USA:%200%'::text)))
                                                                                                  Rows Removed by Filter: 70
                                                                                      ->  Index Scan using movie_id_complete_cast on complete_cast cc  (cost=0.42..2.77 rows=2 width=12) (actual time=0.002..0.002 rows=1 loops=374)
                                                                                            Index Cond: (movie_id = mk.movie_id)
                                                                                ->  Index Scan using movie_id_cast_info on cast_info ci  (cost=0.56..50.08 rows=1 width=16) (actual time=0.009..0.098 rows=30 loops=196)
                                                                                      Index Cond: (movie_id = mk.movie_id)
                                                                                      Filter: (note = ANY ('{(voice),"(voice: Japanese version)","(voice) (uncredited)","(voice: English version)"}'::text[]))
                                                                                      Rows Removed by Filter: 133
                                                                    ->  Seq Scan on comp_cast_type cct1  (cost=0.00..1.05 rows=1 width=4) (actual time=0.000..0.000 rows=1 loops=1606)
                                                                          Filter: ((kind)::text = 'cast'::text)
                                                                          Rows Removed by Filter: 0
                                                              ->  Index Only Scan using person_id_aka_name on aka_name an  (cost=0.42..2.89 rows=2 width=4) (actual time=0.002..0.003 rows=2 loops=1465)
                                                                    Index Cond: (person_id = ci.person_id)
                                                                    Heap Fetches: 2842
                                                        ->  Index Scan using name_pkey on name n  (cost=0.43..2.34 rows=1 width=19) (actual time=0.002..0.002 rows=0 loops=2842)
                                                              Index Cond: (id = ci.person_id)
                                                              Filter: ((name ~~ '%An%'::text) AND ((gender)::text = 'f'::text))
                                                              Rows Removed by Filter: 1
                                                  ->  Seq Scan on info_type it  (cost=0.00..2.41 rows=1 width=4) (actual time=0.003..0.003 rows=1 loops=112)
                                                        Filter: ((info)::text = 'release dates'::text)
                                                        Rows Removed by Filter: 15
                                            ->  Index Scan using title_pkey on title t  (cost=0.43..2.14 rows=1 width=21) (actual time=0.002..0.002 rows=1 loops=112)
                                                  Index Cond: (id = mk.movie_id)
                                                  Filter: ((production_year >= 2000) AND (production_year <= 2010))
                                                  Rows Removed by Filter: 0
                                      ->  Index Scan using char_name_pkey on char_name chn  (cost=0.43..2.24 rows=1 width=20) (actual time=0.002..0.002 rows=1 loops=108)
                                            Index Cond: (id = ci.person_role_id)
                                ->  Seq Scan on comp_cast_type cct2  (cost=0.00..1.05 rows=1 width=4) (actual time=0.001..0.001 rows=1 loops=90)
                                      Filter: ((kind)::text = 'complete+verified'::text)
                                      Rows Removed by Filter: 3
                          ->  Index Scan using movie_id_movie_companies on movie_companies mc  (cost=0.43..4.78 rows=5 width=8) (actual time=0.002..0.006 rows=26 loops=33)
                                Index Cond: (movie_id = mk.movie_id)
                    ->  Index Scan using company_name_pkey on company_name cn  (cost=0.42..2.03 rows=1 width=4) (actual time=0.002..0.002 rows=0 loops=858)
                          Index Cond: (id = mc.company_id)
                          Filter: ((country_code)::text = '[us]'::text)
                          Rows Removed by Filter: 1
              ->  Index Scan using person_id_person_info on person_info pi  (cost=0.43..19.29 rows=25 width=8) (actual time=0.003..0.047 rows=359 loops=189)
                    Index Cond: (person_id = an.person_id)
Planning time: 81.046 ms
Execution time: 86.484 ms
