Aggregate  (cost=4635.23..4635.24 rows=1 width=96) (actual time=2016.424..2016.424 rows=1 loops=1)
  ->  Nested Loop  (cost=11.21..4635.23 rows=1 width=48) (actual time=282.858..2010.795 rows=16308 loops=1)
        ->  Nested Loop  (cost=10.78..4632.98 rows=1 width=36) (actual time=87.383..1983.327 rows=16740 loops=1)
              Join Filter: (cc.subject_id = cct1.id)
              ->  Nested Loop  (cost=10.78..4631.92 rows=1 width=40) (actual time=87.377..1960.733 rows=16740 loops=1)
                    Join Filter: (ci.person_id = n.id)
                    ->  Nested Loop  (cost=10.35..4629.68 rows=1 width=37) (actual time=2.610..1823.957 rows=79235 loops=1)
                          Join Filter: (it.id = mi.info_type_id)
                          ->  Seq Scan on info_type it  (cost=0.00..2.41 rows=1 width=4) (actual time=0.008..0.015 rows=1 loops=1)
                                Filter: ((info)::text = 'release dates'::text)
                                Rows Removed by Filter: 112
                          ->  Nested Loop  (cost=10.35..4627.26 rows=1 width=41) (actual time=2.601..1811.805 rows=79235 loops=1)
                                Join Filter: (t.id = mi.movie_id)
                                ->  Nested Loop  (cost=9.92..4545.06 rows=2 width=57) (actual time=2.565..75.456 rows=24878 loops=1)
                                      Join Filter: (ci.person_id = an.person_id)
                                      ->  Nested Loop  (cost=9.49..4542.17 rows=1 width=53) (actual time=2.556..52.074 rows=7473 loops=1)
                                            Join Filter: (it3.id = pi.info_type_id)
                                            Rows Removed by Join Filter: 22822
                                            ->  Seq Scan on info_type it3  (cost=0.00..2.41 rows=1 width=4) (actual time=0.003..0.010 rows=1 loops=1)
                                                  Filter: ((info)::text = 'trivia'::text)
                                                  Rows Removed by Filter: 112
                                            ->  Nested Loop  (cost=9.49..4539.44 rows=25 width=57) (actual time=2.550..49.350 rows=30295 loops=1)
                                                  ->  Nested Loop  (cost=9.06..4519.90 rows=1 width=49) (actual time=2.543..38.808 rows=679 loops=1)
                                                        ->  Nested Loop  (cost=8.64..4517.87 rows=1 width=53) (actual time=2.507..32.515 rows=3275 loops=1)
                                                              Join Filter: (mc.movie_id = t.id)
                                                              ->  Nested Loop  (cost=8.21..4511.42 rows=3 width=32) (actual time=0.809..25.016 rows=4593 loops=1)
                                                                    Join Filter: (ci.role_id = rt.id)
                                                                    Rows Removed by Join Filter: 14471
                                                                    ->  Seq Scan on role_type rt  (cost=0.00..1.15 rows=1 width=4) (actual time=0.003..0.005 rows=1 loops=1)
                                                                          Filter: ((role)::text = 'actress'::text)
                                                                          Rows Removed by Filter: 11
                                                                    ->  Nested Loop  (cost=8.21..4509.84 rows=34 width=36) (actual time=0.401..23.517 rows=19064 loops=1)
                                                                          Join Filter: (ci.movie_id = mc.movie_id)
                                                                          ->  Nested Loop  (cost=7.78..4451.72 rows=12 width=28) (actual time=0.392..16.371 rows=732 loops=1)
                                                                                ->  Nested Loop  (cost=7.22..3850.64 rows=12 width=12) (actual time=0.379..12.007 rows=25 loops=1)
                                                                                      Join Filter: (cct2.id = cc.status_id)
                                                                                      Rows Removed by Join Filter: 65
                                                                                      ->  Seq Scan on comp_cast_type cct2  (cost=0.00..1.05 rows=1 width=4) (actual time=0.002..0.003 rows=1 loops=1)
                                                                                            Filter: ((kind)::text = 'complete+verified'::text)
                                                                                            Rows Removed by Filter: 3
                                                                                      ->  Nested Loop  (cost=7.22..3849.00 rows=47 width=16) (actual time=0.188..11.991 rows=90 loops=1)
                                                                                            ->  Nested Loop  (cost=6.80..3754.10 rows=34 width=4) (actual time=0.115..11.004 rows=414 loops=1)
                                                                                                  ->  Seq Scan on keyword k  (cost=0.00..2626.12 rows=1 width=4) (actual time=0.033..10.339 rows=1 loops=1)
                                                                                                        Filter: (keyword = 'computer-animation'::text)
                                                                                                        Rows Removed by Filter: 134169
                                                                                                  ->  Bitmap Heap Scan on movie_keyword mk  (cost=6.80..1124.92 rows=305 width=8) (actual time=0.080..0.613 rows=414 loops=1)
                                                                                                        Recheck Cond: (keyword_id = k.id)
                                                                                                        Heap Blocks: exact=358
                                                                                                        ->  Bitmap Index Scan on keyword_id_movie_keyword  (cost=0.00..6.72 rows=305 width=0) (actual time=0.043..0.043 rows=414 loops=1)
                                                                                                              Index Cond: (keyword_id = k.id)
                                                                                            ->  Index Scan using movie_id_complete_cast on complete_cast cc  (cost=0.42..2.77 rows=2 width=12) (actual time=0.002..0.002 rows=0 loops=414)
                                                                                                  Index Cond: (movie_id = mk.movie_id)
                                                                                ->  Index Scan using movie_id_cast_info on cast_info ci  (cost=0.56..50.08 rows=1 width=16) (actual time=0.019..0.170 rows=29 loops=25)
                                                                                      Index Cond: (movie_id = mk.movie_id)
                                                                                      Filter: (note = ANY ('{(voice),"(voice: Japanese version)","(voice) (uncredited)","(voice: English version)"}'::text[]))
                                                                                      Rows Removed by Filter: 116
                                                                          ->  Index Scan using movie_id_movie_companies on movie_companies mc  (cost=0.43..4.78 rows=5 width=8) (actual time=0.002..0.005 rows=26 loops=732)
                                                                                Index Cond: (movie_id = mk.movie_id)
                                                              ->  Index Scan using title_pkey on title t  (cost=0.43..2.14 rows=1 width=21) (actual time=0.001..0.001 rows=1 loops=4593)
                                                                    Index Cond: (id = mk.movie_id)
                                                                    Filter: ((production_year >= 2000) AND (production_year <= 2010))
                                                                    Rows Removed by Filter: 0
                                                        ->  Index Scan using company_name_pkey on company_name cn  (cost=0.42..2.03 rows=1 width=4) (actual time=0.002..0.002 rows=0 loops=3275)
                                                              Index Cond: (id = mc.company_id)
                                                              Filter: ((country_code)::text = '[us]'::text)
                                                              Rows Removed by Filter: 1
                                                  ->  Index Scan using person_id_person_info on person_info pi  (cost=0.43..19.30 rows=25 width=8) (actual time=0.002..0.009 rows=45 loops=679)
                                                        Index Cond: (person_id = ci.person_id)
                                      ->  Index Only Scan using person_id_aka_name on aka_name an  (cost=0.42..2.87 rows=2 width=4) (actual time=0.002..0.002 rows=3 loops=7473)
                                            Index Cond: (person_id = pi.person_id)
                                            Heap Fetches: 24878
                                ->  Index Scan using movie_id_movie_info on movie_info mi  (cost=0.43..41.09 rows=1 width=8) (actual time=0.008..0.069 rows=3 loops=24878)
                                      Index Cond: (movie_id = mk.movie_id)
                                      Filter: ((info IS NOT NULL) AND ((info ~~ 'Japan:%200%'::text) OR (info ~~ 'USA:%200%'::text)))
                                      Rows Removed by Filter: 326
                    ->  Index Scan using name_pkey on name n  (cost=0.43..2.22 rows=1 width=19) (actual time=0.001..0.001 rows=0 loops=79235)
                          Index Cond: (id = pi.person_id)
                          Filter: ((name ~~ '%An%'::text) AND ((gender)::text = 'f'::text))
                          Rows Removed by Filter: 1
              ->  Seq Scan on comp_cast_type cct1  (cost=0.00..1.05 rows=1 width=4) (actual time=0.000..0.000 rows=1 loops=16740)
                    Filter: ((kind)::text = 'cast'::text)
        ->  Index Scan using char_name_pkey on char_name chn  (cost=0.43..2.24 rows=1 width=20) (actual time=0.001..0.001 rows=1 loops=16740)
              Index Cond: (id = ci.person_role_id)
Planning time: 80.716 ms
Execution time: 2016.551 ms
