Aggregate  (cost=4151.28..4151.29 rows=1 width=96) (actual time=143.773..143.773 rows=1 loops=1)
  ->  Nested Loop  (cost=11.21..4151.27 rows=1 width=48) (actual time=17.456..139.031 rows=16308 loops=1)
        Join Filter: (cc.subject_id = cct1.id)
        ->  Nested Loop  (cost=11.21..4150.21 rows=1 width=52) (actual time=17.450..120.273 rows=16308 loops=1)
              ->  Nested Loop  (cost=10.78..4147.97 rows=1 width=40) (actual time=8.102..96.513 rows=16740 loops=1)
                    Join Filter: (it3.id = pi.info_type_id)
                    Rows Removed by Join Filter: 53004
                    ->  Seq Scan on info_type it3  (cost=0.00..2.41 rows=1 width=4) (actual time=0.008..0.014 rows=1 loops=1)
                          Filter: ((info)::text = 'trivia'::text)
                          Rows Removed by Filter: 112
                    ->  Nested Loop  (cost=10.78..4145.54 rows=1 width=44) (actual time=8.090..91.483 rows=69744 loops=1)
                          Join Filter: (n.id = pi.person_id)
                          ->  Nested Loop  (cost=10.35..4125.93 rows=1 width=52) (actual time=8.082..71.666 rows=216 loops=1)
                                Join Filter: (mi.movie_id = t.id)
                                ->  Nested Loop  (cost=9.92..4123.78 rows=1 width=55) (actual time=8.074..71.190 rows=231 loops=1)
                                      ->  Nested Loop  (cost=9.49..4119.11 rows=2 width=36) (actual time=0.827..60.888 rows=5677 loops=1)
                                            ->  Nested Loop  (cost=9.07..4116.20 rows=1 width=32) (actual time=0.818..54.343 rows=2530 loops=1)
                                                  Join Filter: (rt.id = ci.role_id)
                                                  Rows Removed by Join Filter: 8846
                                                  ->  Seq Scan on role_type rt  (cost=0.00..1.15 rows=1 width=4) (actual time=0.003..0.005 rows=1 loops=1)
                                                        Filter: ((role)::text = 'actress'::text)
                                                        Rows Removed by Filter: 11
                                                  ->  Nested Loop  (cost=9.07..4115.03 rows=1 width=36) (actual time=0.770..53.430 rows=11376 loops=1)
                                                        Join Filter: (mi.movie_id = ci.movie_id)
                                                        ->  Nested Loop  (cost=8.50..4064.94 rows=1 width=20) (actual time=0.751..18.680 rows=410 loops=1)
                                                              ->  Nested Loop  (cost=8.08..4062.91 rows=1 width=24) (actual time=0.722..15.079 rows=1725 loops=1)
                                                                    Join Filter: (mi.movie_id = mc.movie_id)
                                                                    ->  Nested Loop  (cost=7.65..4058.07 rows=1 width=16) (actual time=0.714..14.253 rows=70 loops=1)
                                                                          Join Filter: (it.id = mi.info_type_id)
                                                                          ->  Seq Scan on info_type it  (cost=0.00..2.41 rows=1 width=4) (actual time=0.004..0.011 rows=1 loops=1)
                                                                                Filter: ((info)::text = 'release dates'::text)
                                                                                Rows Removed by Filter: 112
                                                                          ->  Nested Loop  (cost=7.65..4055.65 rows=1 width=20) (actual time=0.710..14.231 rows=70 loops=1)
                                                                                ->  Nested Loop  (cost=7.22..3850.17 rows=5 width=12) (actual time=0.370..11.758 rows=25 loops=1)
                                                                                      Join Filter: (cct2.id = cc.status_id)
                                                                                      Rows Removed by Join Filter: 65
                                                                                      ->  Seq Scan on comp_cast_type cct2  (cost=0.00..1.05 rows=1 width=4) (actual time=0.003..0.003 rows=1 loops=1)
                                                                                            Filter: ((kind)::text = 'complete+verified'::text)
                                                                                            Rows Removed by Filter: 3
                                                                                      ->  Nested Loop  (cost=7.22..3849.00 rows=9 width=16) (actual time=0.184..11.744 rows=90 loops=1)
                                                                                            ->  Nested Loop  (cost=6.80..3754.10 rows=34 width=4) (actual time=0.112..10.796 rows=414 loops=1)
                                                                                                  ->  Seq Scan on keyword k  (cost=0.00..2626.12 rows=1 width=4) (actual time=0.033..10.181 rows=1 loops=1)
                                                                                                        Filter: (keyword = 'computer-animation'::text)
                                                                                                        Rows Removed by Filter: 134169
                                                                                                  ->  Bitmap Heap Scan on movie_keyword mk  (cost=6.80..1124.92 rows=305 width=8) (actual time=0.078..0.565 rows=414 loops=1)
                                                                                                        Recheck Cond: (keyword_id = k.id)
                                                                                                        Heap Blocks: exact=358
                                                                                                        ->  Bitmap Index Scan on keyword_id_movie_keyword  (cost=0.00..6.72 rows=305 width=0) (actual time=0.041..0.041 rows=414 loops=1)
                                                                                                              Index Cond: (keyword_id = k.id)
                                                                                            ->  Index Scan using movie_id_complete_cast on complete_cast cc  (cost=0.42..2.77 rows=2 width=12) (actual time=0.002..0.002 rows=0 loops=414)
                                                                                                  Index Cond: (movie_id = mk.movie_id)
                                                                                ->  Index Scan using movie_id_movie_info on movie_info mi  (cost=0.43..41.09 rows=1 width=8) (actual time=0.022..0.098 rows=3 loops=25)
                                                                                      Index Cond: (movie_id = mk.movie_id)
                                                                                      Filter: ((info IS NOT NULL) AND ((info ~~ 'Japan:%200%'::text) OR (info ~~ 'USA:%200%'::text)))
                                                                                      Rows Removed by Filter: 311
                                                                    ->  Index Scan using movie_id_movie_companies on movie_companies mc  (cost=0.43..4.78 rows=5 width=8) (actual time=0.003..0.007 rows=25 loops=70)
                                                                          Index Cond: (movie_id = mk.movie_id)
                                                              ->  Index Scan using company_name_pkey on company_name cn  (cost=0.42..2.03 rows=1 width=4) (actual time=0.002..0.002 rows=0 loops=1725)
                                                                    Index Cond: (id = mc.company_id)
                                                                    Filter: ((country_code)::text = '[us]'::text)
                                                                    Rows Removed by Filter: 1
                                                        ->  Index Scan using movie_id_cast_info on cast_info ci  (cost=0.56..50.08 rows=1 width=16) (actual time=0.010..0.080 rows=28 loops=410)
                                                              Index Cond: (movie_id = mk.movie_id)
                                                              Filter: (note = ANY ('{(voice),"(voice: Japanese version)","(voice) (uncredited)","(voice: English version)"}'::text[]))
                                                              Rows Removed by Filter: 142
                                            ->  Index Only Scan using person_id_aka_name on aka_name an  (cost=0.42..2.89 rows=2 width=4) (actual time=0.002..0.002 rows=2 loops=2530)
                                                  Index Cond: (person_id = ci.person_id)
                                                  Heap Fetches: 5677
                                      ->  Index Scan using name_pkey on name n  (cost=0.43..2.34 rows=1 width=19) (actual time=0.002..0.002 rows=0 loops=5677)
                                            Index Cond: (id = ci.person_id)
                                            Filter: ((name ~~ '%An%'::text) AND ((gender)::text = 'f'::text))
                                            Rows Removed by Filter: 1
                                ->  Index Scan using title_pkey on title t  (cost=0.43..2.14 rows=1 width=21) (actual time=0.002..0.002 rows=1 loops=231)
                                      Index Cond: (id = mk.movie_id)
                                      Filter: ((production_year >= 2000) AND (production_year <= 2010))
                                      Rows Removed by Filter: 0
                          ->  Index Scan using person_id_person_info on person_info pi  (cost=0.43..19.29 rows=25 width=8) (actual time=0.003..0.045 rows=323 loops=216)
                                Index Cond: (person_id = an.person_id)
              ->  Index Scan using char_name_pkey on char_name chn  (cost=0.43..2.24 rows=1 width=20) (actual time=0.001..0.001 rows=1 loops=16740)
                    Index Cond: (id = ci.person_role_id)
        ->  Seq Scan on comp_cast_type cct1  (cost=0.00..1.05 rows=1 width=4) (actual time=0.000..0.000 rows=1 loops=16308)
              Filter: ((kind)::text = 'cast'::text)
Planning time: 81.187 ms
Execution time: 143.886 ms
