Aggregate  (cost=3810.79..3810.80 rows=1 width=32) (actual time=422.059..422.059 rows=1 loops=1)
  ->  Nested Loop  (cost=8.08..3810.79 rows=1 width=17) (actual time=5.625..421.131 rows=5228 loops=1)
        Join Filter: (mc.movie_id = t.id)
        ->  Nested Loop  (cost=7.65..3810.29 rows=1 width=8) (actual time=5.618..409.107 rows=5228 loops=1)
              ->  Nested Loop  (cost=7.23..3774.17 rows=81 width=12) (actual time=4.346..163.484 rows=148552 loops=1)
                    ->  Nested Loop  (cost=6.80..3754.10 rows=34 width=4) (actual time=4.334..36.790 rows=41840 loops=1)
                          ->  Seq Scan on keyword k  (cost=0.00..2626.12 rows=1 width=4) (actual time=0.433..9.886 rows=1 loops=1)
                                Filter: (keyword = 'character-name-in-title'::text)
                                Rows Removed by Filter: 134169
                          ->  Bitmap Heap Scan on movie_keyword mk  (cost=6.80..1124.92 rows=305 width=8) (actual time=3.899..22.142 rows=41840 loops=1)
                                Recheck Cond: (keyword_id = k.id)
                                Heap Blocks: exact=11541
                                ->  Bitmap Index Scan on keyword_id_movie_keyword  (cost=0.00..6.72 rows=305 width=0) (actual time=2.406..2.406 rows=41840 loops=1)
                                      Index Cond: (keyword_id = k.id)
                    ->  Index Scan using movie_id_movie_companies on movie_companies mc  (cost=0.43..0.54 rows=5 width=8) (actual time=0.002..0.002 rows=4 loops=41840)
                          Index Cond: (movie_id = mk.movie_id)
              ->  Index Scan using company_name_pkey on company_name cn  (cost=0.42..0.45 rows=1 width=4) (actual time=0.001..0.001 rows=0 loops=148552)
                    Index Cond: (id = mc.company_id)
                    Filter: ((country_code)::text = '[nl]'::text)
                    Rows Removed by Filter: 1
        ->  Index Scan using title_pkey on title t  (cost=0.43..0.49 rows=1 width=21) (actual time=0.002..0.002 rows=1 loops=5228)
              Index Cond: (id = mk.movie_id)
Planning time: 0.876 ms
Execution time: 422.106 ms
