Aggregate  (cost=3823.35..3823.36 rows=1 width=32) (actual time=567.504..567.504 rows=1 loops=1)
  ->  Nested Loop  (cost=8.08..3823.29 rows=26 width=17) (actual time=4.386..557.086 rows=68316 loops=1)
        Join Filter: (mc.movie_id = t.id)
        ->  Nested Loop  (cost=7.65..3810.29 rows=26 width=8) (actual time=4.379..432.561 rows=68316 loops=1)
              ->  Nested Loop  (cost=7.23..3774.17 rows=81 width=12) (actual time=4.357..171.095 rows=148552 loops=1)
                    ->  Nested Loop  (cost=6.80..3754.10 rows=34 width=4) (actual time=4.345..38.129 rows=41840 loops=1)
                          ->  Seq Scan on keyword k  (cost=0.00..2626.12 rows=1 width=4) (actual time=0.433..10.287 rows=1 loops=1)
                                Filter: (keyword = 'character-name-in-title'::text)
                                Rows Removed by Filter: 134169
                          ->  Bitmap Heap Scan on movie_keyword mk  (cost=6.80..1124.92 rows=305 width=8) (actual time=3.911..22.941 rows=41840 loops=1)
                                Recheck Cond: (keyword_id = k.id)
                                Heap Blocks: exact=11541
                                ->  Bitmap Index Scan on keyword_id_movie_keyword  (cost=0.00..6.72 rows=305 width=0) (actual time=2.421..2.421 rows=41840 loops=1)
                                      Index Cond: (keyword_id = k.id)
                    ->  Index Scan using movie_id_movie_companies on movie_companies mc  (cost=0.43..0.54 rows=5 width=8) (actual time=0.002..0.003 rows=4 loops=41840)
                          Index Cond: (movie_id = mk.movie_id)
              ->  Index Scan using company_name_pkey on company_name cn  (cost=0.42..0.45 rows=1 width=4) (actual time=0.002..0.002 rows=0 loops=148552)
                    Index Cond: (id = mc.company_id)
                    Filter: ((country_code)::text = '[us]'::text)
                    Rows Removed by Filter: 1
        ->  Index Scan using title_pkey on title t  (cost=0.43..0.49 rows=1 width=21) (actual time=0.001..0.001 rows=1 loops=68316)
              Index Cond: (id = mk.movie_id)
Planning time: 0.772 ms
Execution time: 567.544 ms
