Aggregate  (cost=11561.41..11561.42 rows=1 width=128) (actual time=631.217..631.217 rows=1 loops=1)
  ->  Nested Loop  (cost=9.50..11561.40 rows=1 width=79) (actual time=5.580..630.662 rows=757 loops=1)
        ->  Nested Loop  (cost=9.07..11560.31 rows=1 width=68) (actual time=5.572..626.221 rows=1021 loops=1)
              Join Filter: (t.id = ci.movie_id)
              ->  Nested Loop  (cost=8.51..11529.76 rows=1 width=84) (actual time=5.430..490.730 rows=1161 loops=1)
                    Join Filter: (it1.id = mi.info_type_id)
                    ->  Seq Scan on info_type it1  (cost=0.00..2.41 rows=1 width=4) (actual time=0.006..0.012 rows=1 loops=1)
                          Filter: ((info)::text = 'genres'::text)
                          Rows Removed by Filter: 112
                    ->  Nested Loop  (cost=8.51..11527.33 rows=1 width=88) (actual time=5.423..490.503 rows=1161 loops=1)
                          Join Filter: (t.id = mi.movie_id)
                          ->  Nested Loop  (cost=8.07..11337.69 rows=11 width=38) (actual time=3.117..352.568 rows=2023 loops=1)
                                Join Filter: (mi_idx.movie_id = t.id)
                                ->  Nested Loop  (cost=7.64..11320.45 rows=20 width=17) (actual time=2.956..305.273 rows=16283 loops=1)
                                      Join Filter: (it2.id = mi_idx.info_type_id)
                                      Rows Removed by Join Filter: 33372
                                      ->  Seq Scan on info_type it2  (cost=0.00..2.41 rows=1 width=4) (actual time=0.008..0.011 rows=1 loops=1)
                                            Filter: ((info)::text = 'votes'::text)
                                            Rows Removed by Filter: 112
                                      ->  Nested Loop  (cost=7.64..11316.81 rows=98 width=21) (actual time=2.947..300.474 rows=49655 loops=1)
                                            ->  Nested Loop  (cost=7.22..11290.05 rows=33 width=8) (actual time=2.939..242.217 rows=16336 loops=1)
                                                  Join Filter: (cc.subject_id = cct1.id)
                                                  Rows Removed by Join Filter: 3815
                                                  ->  Nested Loop  (cost=7.22..11288.08 rows=33 width=12) (actual time=2.933..237.502 rows=16336 loops=1)
                                                        Join Filter: (cc.status_id = cct2.id)
                                                        Rows Removed by Join Filter: 19674
                                                        ->  Seq Scan on comp_cast_type cct2  (cost=0.00..1.05 rows=1 width=4) (actual time=0.002..0.003 rows=1 loops=1)
                                                              Filter: ((kind)::text = 'complete+verified'::text)
                                                              Rows Removed by Filter: 3
                                                        ->  Nested Loop  (cost=7.22..11286.21 rows=66 width=16) (actual time=2.874..233.561 rows=36010 loops=1)
                                                              ->  Nested Loop  (cost=6.80..11090.79 rows=236 width=4) (actual time=2.843..111.874 rows=76714 loops=1)
                                                                    ->  Seq Scan on keyword k  (cost=0.00..3464.69 rows=7 width=4) (actual time=0.657..23.264 rows=7 loops=1)
                                                                          Filter: (keyword = ANY ('{murder,violence,blood,gore,death,female-nudity,hospital}'::text[]))
                                                                          Rows Removed by Filter: 134163
                                                                    ->  Bitmap Heap Scan on movie_keyword mk  (cost=6.80..1086.39 rows=305 width=8) (actual time=1.940..11.443 rows=10959 loops=7)
                                                                          Recheck Cond: (keyword_id = k.id)
                                                                          Heap Blocks: exact=53234
                                                                          ->  Bitmap Index Scan on keyword_id_movie_keyword  (cost=0.00..6.72 rows=305 width=0) (actual time=0.999..0.999 rows=10959 loops=7)
                                                                                Index Cond: (keyword_id = k.id)
                                                              ->  Index Scan using movie_id_complete_cast on complete_cast cc  (cost=0.42..0.81 rows=2 width=12) (actual time=0.001..0.001 rows=0 loops=76714)
                                                                    Index Cond: (movie_id = mk.movie_id)
                                                  ->  Materialize  (cost=0.00..1.06 rows=2 width=4) (actual time=0.000..0.000 rows=1 loops=16336)
                                                        ->  Seq Scan on comp_cast_type cct1  (cost=0.00..1.05 rows=2 width=4) (actual time=0.003..0.003 rows=2 loops=1)
                                                              Filter: ((kind)::text = ANY ('{cast,crew}'::text[]))
                                            ->  Index Scan using movie_id_movie_info_idx on movie_info_idx mi_idx  (cost=0.43..0.78 rows=3 width=13) (actual time=0.002..0.003 rows=3 loops=16336)
                                                  Index Cond: (movie_id = mk.movie_id)
                                ->  Index Scan using title_pkey on title t  (cost=0.43..0.85 rows=1 width=21) (actual time=0.003..0.003 rows=0 loops=16283)
                                      Index Cond: (id = mk.movie_id)
                                      Filter: (production_year > 2000)
                                      Rows Removed by Filter: 1
                          ->  Index Scan using movie_id_movie_info on movie_info mi  (cost=0.43..17.23 rows=1 width=50) (actual time=0.068..0.068 rows=1 loops=2023)
                                Index Cond: (movie_id = mk.movie_id)
                                Filter: (info = ANY ('{Horror,Thriller}'::text[]))
                                Rows Removed by Filter: 224
              ->  Index Scan using movie_id_cast_info on cast_info ci  (cost=0.56..30.54 rows=1 width=8) (actual time=0.075..0.116 rows=1 loops=1161)
                    Index Cond: (movie_id = mk.movie_id)
                    Filter: (note = ANY ('{(writer),"(head writer)","(written by)",(story),"(story editor)"}'::text[]))
                    Rows Removed by Filter: 126
        ->  Index Scan using name_pkey on name n  (cost=0.43..1.08 rows=1 width=19) (actual time=0.004..0.004 rows=1 loops=1021)
              Index Cond: (id = ci.person_id)
              Filter: ((gender)::text = 'm'::text)
              Rows Removed by Filter: 0
Planning time: 48.982 ms
Execution time: 631.307 ms
