Aggregate  (cost=11434.81..11434.82 rows=1 width=128) (actual time=2363.364..2363.364 rows=1 loops=1)
  ->  Nested Loop  (cost=9.50..11434.80 rows=1 width=79) (actual time=16.647..2362.636 rows=757 loops=1)
        Join Filter: (cc.status_id = cct2.id)
        Rows Removed by Join Filter: 1735
        ->  Nested Loop  (cost=9.50..11433.74 rows=1 width=83) (actual time=16.290..2358.349 rows=2492 loops=1)
              ->  Nested Loop  (cost=9.07..11432.66 rows=1 width=72) (actual time=15.339..2344.128 rows=3478 loops=1)
                    Join Filter: (t.id = ci.movie_id)
                    ->  Nested Loop  (cost=8.51..11402.10 rows=1 width=88) (actual time=4.883..1943.960 rows=3983 loops=1)
                          Join Filter: (mi.movie_id = t.id)
                          ->  Nested Loop  (cost=8.08..11401.24 rows=1 width=67) (actual time=3.579..1892.719 rows=17384 loops=1)
                                Join Filter: (cct1.id = cc.subject_id)
                                Rows Removed by Join Filter: 4282
                                ->  Nested Loop  (cost=8.08..11400.16 rows=1 width=71) (actual time=3.575..1866.729 rows=17384 loops=1)
                                      Join Filter: (mi.movie_id = cc.movie_id)
                                      ->  Nested Loop  (cost=7.66..11399.33 rows=1 width=59) (actual time=3.003..1803.308 rows=31514 loops=1)
                                            Join Filter: (it1.id = mi.info_type_id)
                                            Rows Removed by Join Filter: 1792
                                            ->  Seq Scan on info_type it1  (cost=0.00..2.41 rows=1 width=4) (actual time=0.006..0.014 rows=1 loops=1)
                                                  Filter: ((info)::text = 'genres'::text)
                                                  Rows Removed by Filter: 112
                                            ->  Nested Loop  (cost=7.66..11396.90 rows=1 width=63) (actual time=2.996..1798.181 rows=33306 loops=1)
                                                  Join Filter: (mi_idx.movie_id = mi.movie_id)
                                                  ->  Nested Loop  (cost=7.22..11293.46 rows=6 width=13) (actual time=2.970..364.199 rows=63701 loops=1)
                                                        Join Filter: (it2.id = mi_idx.info_type_id)
                                                        Rows Removed by Join Filter: 127988
                                                        ->  Seq Scan on info_type it2  (cost=0.00..2.41 rows=1 width=4) (actual time=0.008..0.010 rows=1 loops=1)
                                                              Filter: ((info)::text = 'votes'::text)
                                                              Rows Removed by Filter: 112
                                                        ->  Nested Loop  (cost=7.22..11282.20 rows=708 width=17) (actual time=2.960..346.326 rows=191689 loops=1)
                                                              ->  Nested Loop  (cost=6.80..11090.79 rows=236 width=4) (actual time=2.952..118.434 rows=76714 loops=1)
                                                                    ->  Seq Scan on keyword k  (cost=0.00..3464.69 rows=7 width=4) (actual time=0.667..23.373 rows=7 loops=1)
                                                                          Filter: (keyword = ANY ('{murder,violence,blood,gore,death,female-nudity,hospital}'::text[]))
                                                                          Rows Removed by Filter: 134163
                                                                    ->  Bitmap Heap Scan on movie_keyword mk  (cost=6.80..1086.39 rows=305 width=8) (actual time=2.011..12.177 rows=10959 loops=7)
                                                                          Recheck Cond: (keyword_id = k.id)
                                                                          Heap Blocks: exact=53234
                                                                          ->  Bitmap Index Scan on keyword_id_movie_keyword  (cost=0.00..6.72 rows=305 width=0) (actual time=1.050..1.050 rows=10959 loops=7)
                                                                                Index Cond: (keyword_id = k.id)
                                                              ->  Index Scan using movie_id_movie_info_idx on movie_info_idx mi_idx  (cost=0.43..0.78 rows=3 width=13) (actual time=0.002..0.002 rows=2 loops=76714)
                                                                    Index Cond: (movie_id = mk.movie_id)
                                                  ->  Index Scan using movie_id_movie_info on movie_info mi  (cost=0.43..17.23 rows=1 width=50) (actual time=0.022..0.022 rows=1 loops=63701)
                                                        Index Cond: (movie_id = mk.movie_id)
                                                        Filter: (info = ANY ('{Horror,Thriller}'::text[]))
                                                        Rows Removed by Filter: 58
                                      ->  Index Scan using movie_id_complete_cast on complete_cast cc  (cost=0.42..0.81 rows=2 width=12) (actual time=0.002..0.002 rows=1 loops=31514)
                                            Index Cond: (movie_id = mk.movie_id)
                                ->  Seq Scan on comp_cast_type cct1  (cost=0.00..1.05 rows=2 width=4) (actual time=0.000..0.000 rows=1 loops=17384)
                                      Filter: ((kind)::text = ANY ('{cast,crew}'::text[]))
                          ->  Index Scan using title_pkey on title t  (cost=0.43..0.85 rows=1 width=21) (actual time=0.003..0.003 rows=0 loops=17384)
                                Index Cond: (id = mk.movie_id)
                                Filter: (production_year > 2000)
                                Rows Removed by Filter: 1
                    ->  Index Scan using movie_id_cast_info on cast_info ci  (cost=0.56..30.54 rows=1 width=8) (actual time=0.068..0.100 rows=1 loops=3983)
                          Index Cond: (movie_id = mk.movie_id)
                          Filter: (note = ANY ('{(writer),"(head writer)","(written by)",(story),"(story editor)"}'::text[]))
                          Rows Removed by Filter: 115
              ->  Index Scan using name_pkey on name n  (cost=0.43..1.08 rows=1 width=19) (actual time=0.004..0.004 rows=1 loops=3478)
                    Index Cond: (id = ci.person_id)
                    Filter: ((gender)::text = 'm'::text)
                    Rows Removed by Filter: 0
        ->  Seq Scan on comp_cast_type cct2  (cost=0.00..1.05 rows=1 width=4) (actual time=0.001..0.001 rows=1 loops=2492)
              Filter: ((kind)::text = 'complete+verified'::text)
              Rows Removed by Filter: 3
Planning time: 49.106 ms
Execution time: 2363.458 ms
