Aggregate  (cost=11350.57..11350.58 rows=1 width=128) (actual time=289.805..289.805 rows=1 loops=1)
  ->  Nested Loop  (cost=9.50..11350.56 rows=1 width=79) (actual time=116.326..289.771 rows=28 loops=1)
        Join Filter: (mi_idx.info_type_id = it2.id)
        Rows Removed by Join Filter: 56
        ->  Nested Loop  (cost=9.50..11348.13 rows=1 width=83) (actual time=116.176..289.045 rows=84 loops=1)
              ->  Nested Loop  (cost=9.07..11347.05 rows=1 width=72) (actual time=116.168..288.810 rows=84 loops=1)
                    Join Filter: (t.id = ci.movie_id)
                    ->  Nested Loop  (cost=8.51..11316.49 rows=1 width=88) (actual time=116.097..286.548 rows=36 loops=1)
                          Join Filter: (t.id = mi_idx.movie_id)
                          ->  Nested Loop  (cost=8.08..11315.67 rows=1 width=75) (actual time=116.087..286.468 rows=12 loops=1)
                                Join Filter: (cct2.id = cc.status_id)
                                Rows Removed by Join Filter: 47
                                ->  Seq Scan on comp_cast_type cct2  (cost=0.00..1.05 rows=1 width=4) (actual time=0.004..0.004 rows=1 loops=1)
                                      Filter: ((kind)::text = 'complete+verified'::text)
                                      Rows Removed by Filter: 3
                                ->  Nested Loop  (cost=8.08..11314.61 rows=1 width=79) (actual time=27.765..286.444 rows=59 loops=1)
                                      Join Filter: (cct1.id = cc.subject_id)
                                      ->  Nested Loop  (cost=8.08..11313.54 rows=1 width=83) (actual time=27.761..286.326 rows=59 loops=1)
                                            Join Filter: (t.id = cc.movie_id)
                                            ->  Nested Loop  (cost=7.66..11312.70 rows=1 width=71) (actual time=27.755..286.144 rows=65 loops=1)
                                                  Join Filter: (it1.id = mi.info_type_id)
                                                  ->  Seq Scan on info_type it1  (cost=0.00..2.41 rows=1 width=4) (actual time=0.003..0.010 rows=1 loops=1)
                                                        Filter: ((info)::text = 'genres'::text)
                                                        Rows Removed by Filter: 112
                                                  ->  Nested Loop  (cost=7.66..11310.28 rows=1 width=75) (actual time=27.752..286.120 rows=65 loops=1)
                                                        Join Filter: (t.id = mi.movie_id)
                                                        ->  Nested Loop  (cost=7.23..11293.04 rows=1 width=25) (actual time=17.034..282.972 rows=49 loops=1)
                                                              ->  Nested Loop  (cost=6.80..11090.79 rows=236 width=4) (actual time=2.757..101.931 rows=76714 loops=1)
                                                                    ->  Seq Scan on keyword k  (cost=0.00..3464.69 rows=7 width=4) (actual time=0.663..23.278 rows=7 loops=1)
                                                                          Filter: (keyword = ANY ('{murder,violence,blood,gore,death,female-nudity,hospital}'::text[]))
                                                                          Rows Removed by Filter: 134163
                                                                    ->  Bitmap Heap Scan on movie_keyword mk  (cost=6.80..1086.39 rows=305 width=8) (actual time=1.876..10.188 rows=10959 loops=7)
                                                                          Recheck Cond: (keyword_id = k.id)
                                                                          Heap Blocks: exact=53234
                                                                          ->  Bitmap Index Scan on keyword_id_movie_keyword  (cost=0.00..6.72 rows=305 width=0) (actual time=0.936..0.936 rows=10959 loops=7)
                                                                                Index Cond: (keyword_id = k.id)
                                                              ->  Index Scan using title_pkey on title t  (cost=0.43..0.86 rows=1 width=21) (actual time=0.002..0.002 rows=0 loops=76714)
                                                                    Index Cond: (id = mk.movie_id)
                                                                    Filter: ((production_year > 2000) AND ((title ~~ '%Freddy%'::text) OR (title ~~ '%Jason%'::text) OR (title ~~ 'Saw%'::text)))
                                                                    Rows Removed by Filter: 1
                                                        ->  Index Scan using movie_id_movie_info on movie_info mi  (cost=0.43..17.23 rows=1 width=50) (actual time=0.063..0.064 rows=1 loops=49)
                                                              Index Cond: (movie_id = mk.movie_id)
                                                              Filter: (info = ANY ('{Horror,Thriller}'::text[]))
                                                              Rows Removed by Filter: 230
                                            ->  Index Scan using movie_id_complete_cast on complete_cast cc  (cost=0.42..0.81 rows=2 width=12) (actual time=0.002..0.002 rows=1 loops=65)
                                                  Index Cond: (movie_id = mk.movie_id)
                                      ->  Seq Scan on comp_cast_type cct1  (cost=0.00..1.05 rows=2 width=4) (actual time=0.001..0.001 rows=1 loops=59)
                                            Filter: ((kind)::text = ANY ('{cast,crew}'::text[]))
                          ->  Index Scan using movie_id_movie_info_idx on movie_info_idx mi_idx  (cost=0.43..0.78 rows=3 width=13) (actual time=0.005..0.005 rows=3 loops=12)
                                Index Cond: (movie_id = mk.movie_id)
                    ->  Index Scan using movie_id_cast_info on cast_info ci  (cost=0.56..30.54 rows=1 width=8) (actual time=0.027..0.062 rows=2 loops=36)
                          Index Cond: (movie_id = mk.movie_id)
                          Filter: (note = ANY ('{(writer),"(head writer)","(written by)",(story),"(story editor)"}'::text[]))
                          Rows Removed by Filter: 107
              ->  Index Scan using name_pkey on name n  (cost=0.43..1.08 rows=1 width=19) (actual time=0.002..0.002 rows=1 loops=84)
                    Index Cond: (id = ci.person_id)
                    Filter: ((gender)::text = 'm'::text)
        ->  Seq Scan on info_type it2  (cost=0.00..2.41 rows=1 width=4) (actual time=0.007..0.008 rows=1 loops=84)
              Filter: ((info)::text = 'votes'::text)
              Rows Removed by Filter: 108
Planning time: 48.969 ms
Execution time: 289.896 ms
