Aggregate  (cost=11350.57..11350.58 rows=1 width=128) (actual time=294.866..294.866 rows=1 loops=1)
  ->  Nested Loop  (cost=9.50..11350.56 rows=1 width=79) (actual time=118.954..294.831 rows=28 loops=1)
        Join Filter: (cct2.id = cc.status_id)
        Rows Removed by Join Filter: 80
        ->  Seq Scan on comp_cast_type cct2  (cost=0.00..1.05 rows=1 width=4) (actual time=0.005..0.005 rows=1 loops=1)
              Filter: ((kind)::text = 'complete+verified'::text)
              Rows Removed by Filter: 3
        ->  Nested Loop  (cost=9.50..11349.50 rows=1 width=83) (actual time=28.622..294.811 rows=108 loops=1)
              Join Filter: (cct1.id = cc.subject_id)
              ->  Nested Loop  (cost=9.50..11348.42 rows=1 width=87) (actual time=28.619..294.646 rows=108 loops=1)
                    Join Filter: (t.id = cc.movie_id)
                    ->  Nested Loop  (cost=9.08..11347.59 rows=1 width=99) (actual time=28.613..294.383 rows=108 loops=1)
                          Join Filter: (it2.id = mi_idx.info_type_id)
                          Rows Removed by Join Filter: 216
                          ->  Seq Scan on info_type it2  (cost=0.00..2.41 rows=1 width=4) (actual time=0.009..0.011 rows=1 loops=1)
                                Filter: ((info)::text = 'votes'::text)
                                Rows Removed by Filter: 112
                          ->  Nested Loop  (cost=9.08..11345.16 rows=1 width=103) (actual time=28.602..294.335 rows=324 loops=1)
                                Join Filter: (t.id = mi_idx.movie_id)
                                ->  Nested Loop  (cost=8.66..11344.34 rows=1 width=90) (actual time=28.595..293.990 rows=108 loops=1)
                                      ->  Nested Loop  (cost=8.23..11343.26 rows=1 width=79) (actual time=28.586..293.627 rows=108 loops=1)
                                            Join Filter: (mi.info_type_id = it1.id)
                                            ->  Nested Loop  (cost=8.23..11340.83 rows=1 width=83) (actual time=28.579..293.290 rows=108 loops=1)
                                                  Join Filter: (t.id = mi.movie_id)
                                                  ->  Nested Loop  (cost=7.79..11323.59 rows=1 width=33) (actual time=17.026..288.205 rows=77 loops=1)
                                                        Join Filter: (t.id = ci.movie_id)
                                                        ->  Nested Loop  (cost=7.23..11293.04 rows=1 width=25) (actual time=16.901..284.556 rows=49 loops=1)
                                                              ->  Nested Loop  (cost=6.80..11090.79 rows=236 width=4) (actual time=2.787..102.461 rows=76714 loops=1)
                                                                    ->  Seq Scan on keyword k  (cost=0.00..3464.69 rows=7 width=4) (actual time=0.660..23.141 rows=7 loops=1)
                                                                          Filter: (keyword = ANY ('{murder,violence,blood,gore,death,female-nudity,hospital}'::text[]))
                                                                          Rows Removed by Filter: 134163
                                                                    ->  Bitmap Heap Scan on movie_keyword mk  (cost=6.80..1086.39 rows=305 width=8) (actual time=1.901..10.279 rows=10959 loops=7)
                                                                          Recheck Cond: (keyword_id = k.id)
                                                                          Heap Blocks: exact=53234
                                                                          ->  Bitmap Index Scan on keyword_id_movie_keyword  (cost=0.00..6.72 rows=305 width=0) (actual time=0.951..0.951 rows=10959 loops=7)
                                                                                Index Cond: (keyword_id = k.id)
                                                              ->  Index Scan using title_pkey on title t  (cost=0.43..0.86 rows=1 width=21) (actual time=0.002..0.002 rows=0 loops=76714)
                                                                    Index Cond: (id = mk.movie_id)
                                                                    Filter: ((production_year > 2000) AND ((title ~~ '%Freddy%'::text) OR (title ~~ '%Jason%'::text) OR (title ~~ 'Saw%'::text)))
                                                                    Rows Removed by Filter: 1
                                                        ->  Index Scan using movie_id_cast_info on cast_info ci  (cost=0.56..30.54 rows=1 width=8) (actual time=0.050..0.074 rows=2 loops=49)
                                                              Index Cond: (movie_id = mk.movie_id)
                                                              Filter: (note = ANY ('{(writer),"(head writer)","(written by)",(story),"(story editor)"}'::text[]))
                                                              Rows Removed by Filter: 82
                                                  ->  Index Scan using movie_id_movie_info on movie_info mi  (cost=0.43..17.23 rows=1 width=50) (actual time=0.065..0.065 rows=1 loops=77)
                                                        Index Cond: (movie_id = mk.movie_id)
                                                        Filter: (info = ANY ('{Horror,Thriller}'::text[]))
                                                        Rows Removed by Filter: 279
                                            ->  Seq Scan on info_type it1  (cost=0.00..2.41 rows=1 width=4) (actual time=0.002..0.002 rows=1 loops=108)
                                                  Filter: ((info)::text = 'genres'::text)
                                                  Rows Removed by Filter: 2
                                      ->  Index Scan using name_pkey on name n  (cost=0.43..1.08 rows=1 width=19) (actual time=0.003..0.003 rows=1 loops=108)
                                            Index Cond: (id = ci.person_id)
                                            Filter: ((gender)::text = 'm'::text)
                                ->  Index Scan using movie_id_movie_info_idx on movie_info_idx mi_idx  (cost=0.43..0.78 rows=3 width=13) (actual time=0.002..0.002 rows=3 loops=108)
                                      Index Cond: (movie_id = mk.movie_id)
                    ->  Index Scan using movie_id_complete_cast on complete_cast cc  (cost=0.42..0.81 rows=2 width=12) (actual time=0.002..0.002 rows=1 loops=108)
                          Index Cond: (movie_id = mk.movie_id)
              ->  Seq Scan on comp_cast_type cct1  (cost=0.00..1.05 rows=2 width=4) (actual time=0.000..0.000 rows=1 loops=108)
                    Filter: ((kind)::text = ANY ('{cast,crew}'::text[]))
Planning time: 48.972 ms
Execution time: 294.961 ms
