Aggregate  (cost=11350.57..11350.58 rows=1 width=128) (actual time=306.727..306.728 rows=1 loops=1)
  ->  Nested Loop  (cost=9.50..11350.56 rows=1 width=79) (actual time=118.867..306.691 rows=28 loops=1)
        Join Filter: (mi_idx.info_type_id = it2.id)
        Rows Removed by Join Filter: 56
        ->  Nested Loop  (cost=9.50..11348.13 rows=1 width=83) (actual time=118.736..305.967 rows=84 loops=1)
              Join Filter: (cc.status_id = cct2.id)
              Rows Removed by Join Filter: 240
              ->  Nested Loop  (cost=9.50..11347.07 rows=1 width=87) (actual time=27.902..305.464 rows=324 loops=1)
                    Join Filter: (it1.id = mi.info_type_id)
                    ->  Seq Scan on info_type it1  (cost=0.00..2.41 rows=1 width=4) (actual time=0.005..0.012 rows=1 loops=1)
                          Filter: ((info)::text = 'genres'::text)
                          Rows Removed by Filter: 112
                    ->  Nested Loop  (cost=9.50..11344.65 rows=1 width=91) (actual time=27.895..305.399 rows=324 loops=1)
                          Join Filter: (t.id = mi.movie_id)
                          ->  Nested Loop  (cost=9.07..11327.41 rows=1 width=65) (actual time=27.819..291.664 rows=207 loops=1)
                                Join Filter: (cct1.id = cc.subject_id)
                                ->  Nested Loop  (cost=9.07..11326.33 rows=1 width=69) (actual time=27.813..291.327 rows=207 loops=1)
                                      Join Filter: (t.id = cc.movie_id)
                                      ->  Nested Loop  (cost=8.65..11325.50 rows=1 width=57) (actual time=17.097..290.845 rows=219 loops=1)
                                            Join Filter: (t.id = mi_idx.movie_id)
                                            ->  Nested Loop  (cost=8.22..11324.68 rows=1 width=44) (actual time=17.092..290.569 rows=73 loops=1)
                                                  ->  Nested Loop  (cost=7.79..11323.59 rows=1 width=33) (actual time=17.078..290.240 rows=77 loops=1)
                                                        Join Filter: (t.id = ci.movie_id)
                                                        ->  Nested Loop  (cost=7.23..11293.04 rows=1 width=25) (actual time=16.951..286.546 rows=49 loops=1)
                                                              ->  Nested Loop  (cost=6.80..11090.79 rows=236 width=4) (actual time=2.779..102.419 rows=76714 loops=1)
                                                                    ->  Seq Scan on keyword k  (cost=0.00..3464.69 rows=7 width=4) (actual time=0.655..22.743 rows=7 loops=1)
                                                                          Filter: (keyword = ANY ('{murder,violence,blood,gore,death,female-nudity,hospital}'::text[]))
                                                                          Rows Removed by Filter: 134163
                                                                    ->  Bitmap Heap Scan on movie_keyword mk  (cost=6.80..1086.39 rows=305 width=8) (actual time=1.855..10.305 rows=10959 loops=7)
                                                                          Recheck Cond: (keyword_id = k.id)
                                                                          Heap Blocks: exact=53234
                                                                          ->  Bitmap Index Scan on keyword_id_movie_keyword  (cost=0.00..6.72 rows=305 width=0) (actual time=0.924..0.924 rows=10959 loops=7)
                                                                                Index Cond: (keyword_id = k.id)
                                                              ->  Index Scan using title_pkey on title t  (cost=0.43..0.86 rows=1 width=21) (actual time=0.002..0.002 rows=0 loops=76714)
                                                                    Index Cond: (id = mk.movie_id)
                                                                    Filter: ((production_year > 2000) AND ((title ~~ '%Freddy%'::text) OR (title ~~ '%Jason%'::text) OR (title ~~ 'Saw%'::text)))
                                                                    Rows Removed by Filter: 1
                                                        ->  Index Scan using movie_id_cast_info on cast_info ci  (cost=0.56..30.54 rows=1 width=8) (actual time=0.050..0.075 rows=2 loops=49)
                                                              Index Cond: (movie_id = mk.movie_id)
                                                              Filter: (note = ANY ('{(writer),"(head writer)","(written by)",(story),"(story editor)"}'::text[]))
                                                              Rows Removed by Filter: 82
                                                  ->  Index Scan using name_pkey on name n  (cost=0.43..1.08 rows=1 width=19) (actual time=0.004..0.004 rows=1 loops=77)
                                                        Index Cond: (id = ci.person_id)
                                                        Filter: ((gender)::text = 'm'::text)
                                                        Rows Removed by Filter: 0
                                            ->  Index Scan using movie_id_movie_info_idx on movie_info_idx mi_idx  (cost=0.43..0.78 rows=3 width=13) (actual time=0.002..0.003 rows=3 loops=73)
                                                  Index Cond: (movie_id = mk.movie_id)
                                      ->  Index Scan using movie_id_complete_cast on complete_cast cc  (cost=0.42..0.81 rows=2 width=12) (actual time=0.002..0.002 rows=1 loops=219)
                                            Index Cond: (movie_id = mk.movie_id)
                                ->  Seq Scan on comp_cast_type cct1  (cost=0.00..1.05 rows=2 width=4) (actual time=0.001..0.001 rows=1 loops=207)
                                      Filter: ((kind)::text = ANY ('{cast,crew}'::text[]))
                          ->  Index Scan using movie_id_movie_info on movie_info mi  (cost=0.43..17.23 rows=1 width=50) (actual time=0.065..0.066 rows=2 loops=207)
                                Index Cond: (movie_id = mk.movie_id)
                                Filter: (info = ANY ('{Horror,Thriller}'::text[]))
                                Rows Removed by Filter: 308
              ->  Seq Scan on comp_cast_type cct2  (cost=0.00..1.05 rows=1 width=4) (actual time=0.001..0.001 rows=1 loops=324)
                    Filter: ((kind)::text = 'complete+verified'::text)
                    Rows Removed by Filter: 3
        ->  Seq Scan on info_type it2  (cost=0.00..2.41 rows=1 width=4) (actual time=0.007..0.008 rows=1 loops=84)
              Filter: ((info)::text = 'votes'::text)
              Rows Removed by Filter: 108
Planning time: 49.042 ms
Execution time: 306.818 ms
