Aggregate  (cost=11350.57..11350.58 rows=1 width=128) (actual time=285.920..285.920 rows=1 loops=1)
  ->  Nested Loop  (cost=9.50..11350.56 rows=1 width=79) (actual time=116.233..285.884 rows=28 loops=1)
        ->  Nested Loop  (cost=9.07..11349.47 rows=1 width=68) (actual time=116.225..285.767 rows=28 loops=1)
              Join Filter: (t.id = ci.movie_id)
              ->  Nested Loop  (cost=8.51..11318.92 rows=1 width=84) (actual time=116.154..284.676 rows=12 loops=1)
                    Join Filter: (cc.subject_id = cct1.id)
                    ->  Nested Loop  (cost=8.51..11317.84 rows=1 width=88) (actual time=116.151..284.651 rows=12 loops=1)
                          Join Filter: (it1.id = mi.info_type_id)
                          ->  Seq Scan on info_type it1  (cost=0.00..2.41 rows=1 width=4) (actual time=0.005..0.012 rows=1 loops=1)
                                Filter: ((info)::text = 'genres'::text)
                                Rows Removed by Filter: 112
                          ->  Nested Loop  (cost=8.51..11315.42 rows=1 width=92) (actual time=116.145..284.633 rows=12 loops=1)
                                Join Filter: (t.id = mi.movie_id)
                                ->  Nested Loop  (cost=8.07..11298.18 rows=1 width=42) (actual time=116.003..283.630 rows=8 loops=1)
                                      Join Filter: (cc.status_id = cct2.id)
                                      Rows Removed by Join Filter: 28
                                      ->  Nested Loop  (cost=8.07..11297.12 rows=1 width=46) (actual time=28.063..283.558 rows=36 loops=1)
                                            Join Filter: (mi_idx.info_type_id = it2.id)
                                            Rows Removed by Join Filter: 72
                                            ->  Nested Loop  (cost=8.07..11294.69 rows=1 width=50) (actual time=28.041..282.638 rows=108 loops=1)
                                                  Join Filter: (t.id = cc.movie_id)
                                                  ->  Nested Loop  (cost=7.65..11293.86 rows=1 width=38) (actual time=17.266..282.332 rows=141 loops=1)
                                                        Join Filter: (t.id = mi_idx.movie_id)
                                                        ->  Nested Loop  (cost=7.23..11293.04 rows=1 width=25) (actual time=17.259..282.122 rows=49 loops=1)
                                                              ->  Nested Loop  (cost=6.80..11090.79 rows=236 width=4) (actual time=2.891..101.637 rows=76714 loops=1)
                                                                    ->  Seq Scan on keyword k  (cost=0.00..3464.69 rows=7 width=4) (actual time=0.656..23.002 rows=7 loops=1)
                                                                          Filter: (keyword = ANY ('{murder,violence,blood,gore,death,female-nudity,hospital}'::text[]))
                                                                          Rows Removed by Filter: 134163
                                                                    ->  Bitmap Heap Scan on movie_keyword mk  (cost=6.80..1086.39 rows=305 width=8) (actual time=1.901..10.190 rows=10959 loops=7)
                                                                          Recheck Cond: (keyword_id = k.id)
                                                                          Heap Blocks: exact=53234
                                                                          ->  Bitmap Index Scan on keyword_id_movie_keyword  (cost=0.00..6.72 rows=305 width=0) (actual time=0.953..0.953 rows=10959 loops=7)
                                                                                Index Cond: (keyword_id = k.id)
                                                              ->  Index Scan using title_pkey on title t  (cost=0.43..0.86 rows=1 width=21) (actual time=0.002..0.002 rows=0 loops=76714)
                                                                    Index Cond: (id = mk.movie_id)
                                                                    Filter: ((production_year > 2000) AND ((title ~~ '%Freddy%'::text) OR (title ~~ '%Jason%'::text) OR (title ~~ 'Saw%'::text)))
                                                                    Rows Removed by Filter: 1
                                                        ->  Index Scan using movie_id_movie_info_idx on movie_info_idx mi_idx  (cost=0.43..0.78 rows=3 width=13) (actual time=0.003..0.003 rows=3 loops=49)
                                                              Index Cond: (movie_id = mk.movie_id)
                                                  ->  Index Scan using movie_id_complete_cast on complete_cast cc  (cost=0.42..0.81 rows=2 width=12) (actual time=0.002..0.002 rows=1 loops=141)
                                                        Index Cond: (movie_id = mk.movie_id)
                                            ->  Seq Scan on info_type it2  (cost=0.00..2.41 rows=1 width=4) (actual time=0.007..0.007 rows=1 loops=108)
                                                  Filter: ((info)::text = 'votes'::text)
                                                  Rows Removed by Filter: 108
                                      ->  Seq Scan on comp_cast_type cct2  (cost=0.00..1.05 rows=1 width=4) (actual time=0.001..0.001 rows=1 loops=36)
                                            Filter: ((kind)::text = 'complete+verified'::text)
                                            Rows Removed by Filter: 3
                                ->  Index Scan using movie_id_movie_info on movie_info mi  (cost=0.43..17.23 rows=1 width=50) (actual time=0.123..0.124 rows=2 loops=8)
                                      Index Cond: (movie_id = mk.movie_id)
                                      Filter: (info = ANY ('{Horror,Thriller}'::text[]))
                                      Rows Removed by Filter: 452
                    ->  Seq Scan on comp_cast_type cct1  (cost=0.00..1.05 rows=2 width=4) (actual time=0.001..0.001 rows=1 loops=12)
                          Filter: ((kind)::text = ANY ('{cast,crew}'::text[]))
              ->  Index Scan using movie_id_cast_info on cast_info ci  (cost=0.56..30.54 rows=1 width=8) (actual time=0.039..0.090 rows=2 loops=12)
                    Index Cond: (movie_id = mk.movie_id)
                    Filter: (note = ANY ('{(writer),"(head writer)","(written by)",(story),"(story editor)"}'::text[]))
                    Rows Removed by Filter: 107
        ->  Index Scan using name_pkey on name n  (cost=0.43..1.08 rows=1 width=19) (actual time=0.004..0.004 rows=1 loops=28)
              Index Cond: (id = ci.person_id)
              Filter: ((gender)::text = 'm'::text)
Planning time: 49.156 ms
Execution time: 286.015 ms
