Aggregate  (cost=11436.02..11436.03 rows=1 width=128) (actual time=4009.330..4009.330 rows=1 loops=1)
  ->  Nested Loop  (cost=9.50..11436.01 rows=1 width=79) (actual time=11.266..4004.343 rows=8024 loops=1)
        Join Filter: (cc.status_id = cct2.id)
        Rows Removed by Join Filter: 6099
        ->  Nested Loop  (cost=9.50..11434.95 rows=1 width=83) (actual time=6.250..3978.364 rows=14123 loops=1)
              ->  Nested Loop  (cost=9.07..11433.85 rows=1 width=72) (actual time=6.242..3905.007 rows=21829 loops=1)
                    Join Filter: (t.id = ci.movie_id)
                    ->  Nested Loop  (cost=8.51..11403.30 rows=1 width=88) (actual time=3.590..2221.888 rows=27522 loops=1)
                          Join Filter: (mi.movie_id = t.id)
                          ->  Nested Loop  (cost=8.08..11402.44 rows=1 width=67) (actual time=3.584..2143.613 rows=27522 loops=1)
                                Join Filter: (cct1.id = cc.subject_id)
                                Rows Removed by Join Filter: 10147
                                ->  Seq Scan on comp_cast_type cct1  (cost=0.00..1.05 rows=1 width=4) (actual time=0.004..0.005 rows=1 loops=1)
                                      Filter: ((kind)::text = 'cast'::text)
                                      Rows Removed by Filter: 3
                                ->  Nested Loop  (cost=8.08..11401.37 rows=1 width=71) (actual time=3.579..2138.058 rows=37669 loops=1)
                                      Join Filter: (mi.movie_id = cc.movie_id)
                                      ->  Nested Loop  (cost=7.66..11400.54 rows=1 width=59) (actual time=2.959..2017.901 rows=63386 loops=1)
                                            Join Filter: (it1.id = mi.info_type_id)
                                            Rows Removed by Join Filter: 4346
                                            ->  Seq Scan on info_type it1  (cost=0.00..2.41 rows=1 width=4) (actual time=0.004..0.011 rows=1 loops=1)
                                                  Filter: ((info)::text = 'genres'::text)
                                                  Rows Removed by Filter: 112
                                            ->  Nested Loop  (cost=7.66..11398.10 rows=2 width=63) (actual time=2.954..2007.844 rows=67732 loops=1)
                                                  Join Filter: (mi_idx.movie_id = mi.movie_id)
                                                  ->  Nested Loop  (cost=7.22..11293.46 rows=6 width=13) (actual time=2.926..369.497 rows=63701 loops=1)
                                                        Join Filter: (it2.id = mi_idx.info_type_id)
                                                        Rows Removed by Join Filter: 127988
                                                        ->  Seq Scan on info_type it2  (cost=0.00..2.41 rows=1 width=4) (actual time=0.008..0.010 rows=1 loops=1)
                                                              Filter: ((info)::text = 'votes'::text)
                                                              Rows Removed by Filter: 112
                                                        ->  Nested Loop  (cost=7.22..11282.20 rows=708 width=17) (actual time=2.916..351.549 rows=191689 loops=1)
                                                              ->  Nested Loop  (cost=6.80..11090.79 rows=236 width=4) (actual time=2.908..119.685 rows=76714 loops=1)
                                                                    ->  Seq Scan on keyword k  (cost=0.00..3464.69 rows=7 width=4) (actual time=0.655..22.467 rows=7 loops=1)
                                                                          Filter: (keyword = ANY ('{murder,violence,blood,gore,death,female-nudity,hospital}'::text[]))
                                                                          Rows Removed by Filter: 134163
                                                                    ->  Bitmap Heap Scan on movie_keyword mk  (cost=6.80..1086.39 rows=305 width=8) (actual time=1.987..12.465 rows=10959 loops=7)
                                                                          Recheck Cond: (keyword_id = k.id)
                                                                          Heap Blocks: exact=53234
                                                                          ->  Bitmap Index Scan on keyword_id_movie_keyword  (cost=0.00..6.72 rows=305 width=0) (actual time=1.036..1.036 rows=10959 loops=7)
                                                                                Index Cond: (keyword_id = k.id)
                                                              ->  Index Scan using movie_id_movie_info_idx on movie_info_idx mi_idx  (cost=0.43..0.78 rows=3 width=13) (actual time=0.002..0.002 rows=2 loops=76714)
                                                                    Index Cond: (movie_id = mk.movie_id)
                                                  ->  Index Scan using movie_id_movie_info on movie_info mi  (cost=0.43..17.43 rows=1 width=50) (actual time=0.024..0.025 rows=1 loops=63701)
                                                        Index Cond: (movie_id = mk.movie_id)
                                                        Filter: (info = ANY ('{Horror,Action,Sci-Fi,Thriller,Crime,War}'::text[]))
                                                        Rows Removed by Filter: 58
                                      ->  Index Scan using movie_id_complete_cast on complete_cast cc  (cost=0.42..0.81 rows=2 width=12) (actual time=0.001..0.002 rows=1 loops=63386)
                                            Index Cond: (movie_id = mk.movie_id)
                          ->  Index Scan using title_pkey on title t  (cost=0.43..0.85 rows=1 width=21) (actual time=0.002..0.002 rows=1 loops=27522)
                                Index Cond: (id = mk.movie_id)
                    ->  Index Scan using movie_id_cast_info on cast_info ci  (cost=0.56..30.54 rows=1 width=8) (actual time=0.045..0.061 rows=1 loops=27522)
                          Index Cond: (movie_id = mk.movie_id)
                          Filter: (note = ANY ('{(writer),"(head writer)","(written by)",(story),"(story editor)"}'::text[]))
                          Rows Removed by Filter: 80
              ->  Index Scan using name_pkey on name n  (cost=0.43..1.09 rows=1 width=19) (actual time=0.003..0.003 rows=1 loops=21829)
                    Index Cond: (id = ci.person_id)
                    Filter: ((gender)::text = 'm'::text)
                    Rows Removed by Filter: 0
        ->  Seq Scan on comp_cast_type cct2  (cost=0.00..1.05 rows=1 width=4) (actual time=0.001..0.001 rows=1 loops=14123)
              Filter: ((kind)::text = 'complete+verified'::text)
              Rows Removed by Filter: 3
Planning time: 49.228 ms
Execution time: 4009.418 ms
