Aggregate  (cost=11399.99..11400.00 rows=1 width=128) (actual time=2275.586..2275.586 rows=1 loops=1)
  ->  Nested Loop  (cost=9.50..11399.98 rows=1 width=79) (actual time=4.961..2271.102 rows=8024 loops=1)
        ->  Nested Loop  (cost=9.07..11398.89 rows=1 width=68) (actual time=3.687..2232.124 rows=11863 loops=1)
              Join Filter: (t.id = ci.movie_id)
              ->  Nested Loop  (cost=8.51..11368.34 rows=1 width=84) (actual time=3.453..1299.237 rows=14655 loops=1)
                    Join Filter: (cc.subject_id = cct1.id)
                    Rows Removed by Join Filter: 3888
                    ->  Nested Loop  (cost=8.51..11367.27 rows=1 width=88) (actual time=3.449..1271.748 rows=18543 loops=1)
                          Join Filter: (it1.id = mi.info_type_id)
                          Rows Removed by Join Filter: 5161
                          ->  Seq Scan on info_type it1  (cost=0.00..2.41 rows=1 width=4) (actual time=0.006..0.013 rows=1 loops=1)
                                Filter: ((info)::text = 'genres'::text)
                                Rows Removed by Filter: 112
                          ->  Nested Loop  (cost=8.51..11364.85 rows=1 width=92) (actual time=3.442..1268.176 rows=23704 loops=1)
                                Join Filter: (t.id = mi.movie_id)
                                ->  Nested Loop  (cost=8.07..11347.41 rows=1 width=42) (actual time=3.001..477.847 rows=16283 loops=1)
                                      Join Filter: (cc.status_id = cct2.id)
                                      Rows Removed by Join Filter: 19063
                                      ->  Seq Scan on comp_cast_type cct2  (cost=0.00..1.05 rows=1 width=4) (actual time=0.002..0.002 rows=1 loops=1)
                                            Filter: ((kind)::text = 'complete+verified'::text)
                                            Rows Removed by Filter: 3
                                      ->  Nested Loop  (cost=8.07..11346.33 rows=2 width=46) (actual time=2.921..472.872 rows=35346 loops=1)
                                            Join Filter: (mi_idx.movie_id = t.id)
                                            ->  Nested Loop  (cost=7.64..11344.62 rows=2 width=25) (actual time=2.915..373.734 rows=35346 loops=1)
                                                  Join Filter: (it2.id = mi_idx.info_type_id)
                                                  Rows Removed by Join Filter: 71655
                                                  ->  Seq Scan on info_type it2  (cost=0.00..2.41 rows=1 width=4) (actual time=0.008..0.010 rows=1 loops=1)
                                                        Filter: ((info)::text = 'votes'::text)
                                                        Rows Removed by Filter: 112
                                                  ->  Nested Loop  (cost=7.64..11339.74 rows=197 width=29) (actual time=2.905..363.414 rows=107001 loops=1)
                                                        ->  Nested Loop  (cost=7.22..11286.21 rows=66 width=16) (actual time=2.898..244.769 rows=36010 loops=1)
                                                              ->  Nested Loop  (cost=6.80..11090.79 rows=236 width=4) (actual time=2.857..117.287 rows=76714 loops=1)
                                                                    ->  Seq Scan on keyword k  (cost=0.00..3464.69 rows=7 width=4) (actual time=0.656..23.533 rows=7 loops=1)
                                                                          Filter: (keyword = ANY ('{murder,violence,blood,gore,death,female-nudity,hospital}'::text[]))
                                                                          Rows Removed by Filter: 134163
                                                                    ->  Bitmap Heap Scan on movie_keyword mk  (cost=6.80..1086.39 rows=305 width=8) (actual time=1.972..12.089 rows=10959 loops=7)
                                                                          Recheck Cond: (keyword_id = k.id)
                                                                          Heap Blocks: exact=53234
                                                                          ->  Bitmap Index Scan on keyword_id_movie_keyword  (cost=0.00..6.72 rows=305 width=0) (actual time=1.010..1.010 rows=10959 loops=7)
                                                                                Index Cond: (keyword_id = k.id)
                                                              ->  Index Scan using movie_id_complete_cast on complete_cast cc  (cost=0.42..0.81 rows=2 width=12) (actual time=0.001..0.001 rows=0 loops=76714)
                                                                    Index Cond: (movie_id = mk.movie_id)
                                                        ->  Index Scan using movie_id_movie_info_idx on movie_info_idx mi_idx  (cost=0.43..0.78 rows=3 width=13) (actual time=0.002..0.003 rows=3 loops=36010)
                                                              Index Cond: (movie_id = mk.movie_id)
                                            ->  Index Scan using title_pkey on title t  (cost=0.43..0.85 rows=1 width=21) (actual time=0.002..0.002 rows=1 loops=35346)
                                                  Index Cond: (id = mk.movie_id)
                                ->  Index Scan using movie_id_movie_info on movie_info mi  (cost=0.43..17.43 rows=1 width=50) (actual time=0.044..0.048 rows=1 loops=16283)
                                      Index Cond: (movie_id = mk.movie_id)
                                      Filter: (info = ANY ('{Horror,Action,Sci-Fi,Thriller,Crime,War}'::text[]))
                                      Rows Removed by Filter: 134
                    ->  Seq Scan on comp_cast_type cct1  (cost=0.00..1.05 rows=1 width=4) (actual time=0.000..0.000 rows=1 loops=18543)
                          Filter: ((kind)::text = 'cast'::text)
                          Rows Removed by Filter: 1
              ->  Index Scan using movie_id_cast_info on cast_info ci  (cost=0.56..30.54 rows=1 width=8) (actual time=0.047..0.063 rows=1 loops=14655)
                    Index Cond: (movie_id = mk.movie_id)
                    Filter: (note = ANY ('{(writer),"(head writer)","(written by)",(story),"(story editor)"}'::text[]))
                    Rows Removed by Filter: 83
        ->  Index Scan using name_pkey on name n  (cost=0.43..1.08 rows=1 width=19) (actual time=0.003..0.003 rows=1 loops=11863)
              Index Cond: (id = ci.person_id)
              Filter: ((gender)::text = 'm'::text)
              Rows Removed by Filter: 0
Planning time: 49.404 ms
Execution time: 2275.681 ms
