Aggregate  (cost=11606.72..11606.73 rows=1 width=128) (actual time=1913.795..1913.795 rows=1 loops=1)
  ->  Nested Loop  (cost=9.50..11606.71 rows=1 width=79) (actual time=4.485..1909.393 rows=8024 loops=1)
        Join Filter: (it2.id = mi_idx.info_type_id)
        Rows Removed by Join Filter: 16368
        ->  Seq Scan on info_type it2  (cost=0.00..2.41 rows=1 width=4) (actual time=0.011..0.012 rows=1 loops=1)
              Filter: ((info)::text = 'votes'::text)
              Rows Removed by Filter: 112
        ->  Nested Loop  (cost=9.50..11604.29 rows=1 width=83) (actual time=4.473..1906.992 rows=24392 loops=1)
              ->  Nested Loop  (cost=9.08..11603.47 rows=1 width=94) (actual time=4.465..1879.771 rows=8024 loops=1)
                    ->  Nested Loop  (cost=8.65..11602.39 rows=1 width=83) (actual time=3.549..1841.285 rows=11866 loops=1)
                          Join Filter: (mi.movie_id = t.id)
                          ->  Nested Loop  (cost=8.22..11601.53 rows=1 width=62) (actual time=3.542..1810.188 rows=11866 loops=1)
                                Join Filter: (mi.movie_id = ci.movie_id)
                                ->  Nested Loop  (cost=7.65..11570.97 rows=1 width=54) (actual time=3.326..892.913 rows=14666 loops=1)
                                      Join Filter: (it1.id = mi.info_type_id)
                                      Rows Removed by Join Filter: 3678
                                      ->  Seq Scan on info_type it1  (cost=0.00..2.41 rows=1 width=4) (actual time=0.003..0.010 rows=1 loops=1)
                                            Filter: ((info)::text = 'genres'::text)
                                            Rows Removed by Filter: 112
                                      ->  Nested Loop  (cost=7.65..11568.55 rows=1 width=58) (actual time=3.323..890.388 rows=18344 loops=1)
                                            ->  Nested Loop  (cost=7.22..11289.55 rows=16 width=8) (actual time=3.044..248.785 rows=12521 loops=1)
                                                  Join Filter: (cct2.id = cc.status_id)
                                                  Rows Removed by Join Filter: 12810
                                                  ->  Seq Scan on comp_cast_type cct2  (cost=0.00..1.05 rows=1 width=4) (actual time=0.002..0.002 rows=1 loops=1)
                                                        Filter: ((kind)::text = 'complete+verified'::text)
                                                        Rows Removed by Filter: 3
                                                  ->  Nested Loop  (cost=7.22..11288.08 rows=33 width=12) (actual time=2.992..245.910 rows=25331 loops=1)
                                                        Join Filter: (cct1.id = cc.subject_id)
                                                        Rows Removed by Join Filter: 10679
                                                        ->  Seq Scan on comp_cast_type cct1  (cost=0.00..1.05 rows=1 width=4) (actual time=0.001..0.003 rows=1 loops=1)
                                                              Filter: ((kind)::text = 'cast'::text)
                                                              Rows Removed by Filter: 3
                                                        ->  Nested Loop  (cost=7.22..11286.21 rows=66 width=16) (actual time=2.990..241.552 rows=36010 loops=1)
                                                              ->  Nested Loop  (cost=6.80..11090.79 rows=236 width=4) (actual time=2.949..115.088 rows=76714 loops=1)
                                                                    ->  Seq Scan on keyword k  (cost=0.00..3464.69 rows=7 width=4) (actual time=0.659..23.019 rows=7 loops=1)
                                                                          Filter: (keyword = ANY ('{murder,violence,blood,gore,death,female-nudity,hospital}'::text[]))
                                                                          Rows Removed by Filter: 134163
                                                                    ->  Bitmap Heap Scan on movie_keyword mk  (cost=6.80..1086.39 rows=305 width=8) (actual time=1.975..11.929 rows=10959 loops=7)
                                                                          Recheck Cond: (keyword_id = k.id)
                                                                          Heap Blocks: exact=53234
                                                                          ->  Bitmap Index Scan on keyword_id_movie_keyword  (cost=0.00..6.72 rows=305 width=0) (actual time=1.022..1.022 rows=10959 loops=7)
                                                                                Index Cond: (keyword_id = k.id)
                                                              ->  Index Scan using movie_id_complete_cast on complete_cast cc  (cost=0.42..0.81 rows=2 width=12) (actual time=0.001..0.001 rows=0 loops=76714)
                                                                    Index Cond: (movie_id = mk.movie_id)
                                            ->  Index Scan using movie_id_movie_info on movie_info mi  (cost=0.43..17.43 rows=1 width=50) (actual time=0.047..0.051 rows=1 loops=12521)
                                                  Index Cond: (movie_id = mk.movie_id)
                                                  Filter: (info = ANY ('{Horror,Action,Sci-Fi,Thriller,Crime,War}'::text[]))
                                                  Rows Removed by Filter: 130
                                ->  Index Scan using movie_id_cast_info on cast_info ci  (cost=0.56..30.54 rows=1 width=8) (actual time=0.046..0.062 rows=1 loops=14666)
                                      Index Cond: (movie_id = mk.movie_id)
                                      Filter: (note = ANY ('{(writer),"(head writer)","(written by)",(story),"(story editor)"}'::text[]))
                                      Rows Removed by Filter: 83
                          ->  Index Scan using title_pkey on title t  (cost=0.43..0.85 rows=1 width=21) (actual time=0.002..0.002 rows=1 loops=11866)
                                Index Cond: (id = mk.movie_id)
                    ->  Index Scan using name_pkey on name n  (cost=0.43..1.08 rows=1 width=19) (actual time=0.003..0.003 rows=1 loops=11866)
                          Index Cond: (id = ci.person_id)
                          Filter: ((gender)::text = 'm'::text)
                          Rows Removed by Filter: 0
              ->  Index Scan using movie_id_movie_info_idx on movie_info_idx mi_idx  (cost=0.43..0.79 rows=3 width=13) (actual time=0.002..0.003 rows=3 loops=8024)
                    Index Cond: (movie_id = t.id)
Planning time: 49.526 ms
Execution time: 1913.881 ms
