Aggregate  (cost=7935.66..7935.67 rows=1 width=128) (actual time=366.616..366.616 rows=1 loops=1)
  ->  Nested Loop  (cost=3.57..7935.65 rows=1 width=79) (actual time=2.765..365.982 rows=1273 loops=1)
        Join Filter: (mi.movie_id = t.id)
        ->  Nested Loop  (cost=3.14..7934.51 rows=1 width=82) (actual time=2.759..363.318 rows=1273 loops=1)
              ->  Nested Loop  (cost=2.71..7933.17 rows=1 width=71) (actual time=2.624..359.445 rows=1556 loops=1)
                    Join Filter: (mi.info_type_id = it1.id)
                    Rows Removed by Join Filter: 60
                    ->  Nested Loop  (cost=2.71..7930.74 rows=1 width=75) (actual time=2.619..354.699 rows=1616 loops=1)
                          Join Filter: (mi_idx.movie_id = mi.movie_id)
                          ->  Nested Loop  (cost=2.27..7908.39 rows=1 width=25) (actual time=0.672..297.748 rows=1471 loops=1)
                                Join Filter: (mi_idx.movie_id = ci.movie_id)
                                ->  Nested Loop  (cost=1.71..7873.67 rows=1 width=17) (actual time=0.634..191.270 rows=1547 loops=1)
                                      ->  Nested Loop  (cost=1.29..7757.69 rows=119 width=21) (actual time=0.512..56.528 rows=72391 loops=1)
                                            ->  Nested Loop  (cost=0.86..7725.13 rows=13 width=13) (actual time=0.506..30.775 rows=1449 loops=1)
                                                  Join Filter: (mi_idx.info_type_id = it2.id)
                                                  Rows Removed by Join Filter: 2921
                                                  ->  Seq Scan on info_type it2  (cost=0.00..2.41 rows=1 width=4) (actual time=0.012..0.014 rows=1 loops=1)
                                                        Filter: ((info)::text = 'votes'::text)
                                                        Rows Removed by Filter: 112
                                                  ->  Nested Loop  (cost=0.86..7721.93 rows=63 width=17) (actual time=0.492..30.350 rows=4370 loops=1)
                                                        ->  Nested Loop  (cost=0.43..7667.84 rows=49 width=4) (actual time=0.485..24.258 rows=1814 loops=1)
                                                              ->  Seq Scan on company_name cn  (cost=0.00..5932.46 rows=5 width=4) (actual time=0.473..22.696 rows=10 loops=1)
                                                                    Filter: (name ~~ 'Lionsgate%'::text)
                                                                    Rows Removed by Filter: 234987
                                                              ->  Index Scan using company_id_movie_companies on movie_companies mc  (cost=0.43..345.75 rows=132 width=8) (actual time=0.007..0.131 rows=181 loops=10)
                                                                    Index Cond: (company_id = cn.id)
                                                        ->  Index Scan using movie_id_movie_info_idx on movie_info_idx mi_idx  (cost=0.43..1.07 rows=3 width=13) (actual time=0.002..0.003 rows=2 loops=1814)
                                                              Index Cond: (movie_id = mc.movie_id)
                                            ->  Index Scan using movie_id_movie_keyword on movie_keyword mk  (cost=0.43..2.03 rows=47 width=8) (actual time=0.003..0.012 rows=50 loops=1449)
                                                  Index Cond: (movie_id = mi_idx.movie_id)
                                      ->  Index Scan using keyword_pkey on keyword k  (cost=0.42..0.97 rows=1 width=4) (actual time=0.002..0.002 rows=0 loops=72391)
                                            Index Cond: (id = mk.keyword_id)
                                            Filter: (keyword = ANY ('{murder,violence,blood,gore,death,female-nudity,hospital}'::text[]))
                                            Rows Removed by Filter: 1
                                ->  Index Scan using movie_id_cast_info on cast_info ci  (cost=0.56..34.71 rows=1 width=8) (actual time=0.048..0.068 rows=1 loops=1547)
                                      Index Cond: (movie_id = mk.movie_id)
                                      Filter: (note = ANY ('{(writer),"(head writer)","(written by)",(story),"(story editor)"}'::text[]))
                                      Rows Removed by Filter: 119
                          ->  Index Scan using movie_id_movie_info on movie_info mi  (cost=0.43..22.34 rows=1 width=50) (actual time=0.038..0.038 rows=1 loops=1471)
                                Index Cond: (movie_id = mk.movie_id)
                                Filter: (info = ANY ('{Horror,Thriller}'::text[]))
                                Rows Removed by Filter: 173
                    ->  Seq Scan on info_type it1  (cost=0.00..2.41 rows=1 width=4) (actual time=0.002..0.002 rows=1 loops=1616)
                          Filter: ((info)::text = 'genres'::text)
                          Rows Removed by Filter: 6
              ->  Index Scan using name_pkey on name n  (cost=0.43..1.34 rows=1 width=19) (actual time=0.002..0.002 rows=1 loops=1556)
                    Index Cond: (id = ci.person_id)
                    Filter: ((gender)::text = 'm'::text)
                    Rows Removed by Filter: 0
        ->  Index Scan using title_pkey on title t  (cost=0.43..1.13 rows=1 width=21) (actual time=0.002..0.002 rows=1 loops=1273)
              Index Cond: (id = mk.movie_id)
Planning time: 29.175 ms
Execution time: 366.705 ms
