Aggregate  (cost=7793.75..7793.76 rows=1 width=128) (actual time=296.600..296.600 rows=1 loops=1)
  ->  Nested Loop  (cost=3.57..7793.74 rows=1 width=79) (actual time=2.373..295.999 rows=1273 loops=1)
        Join Filter: (mi.info_type_id = it1.id)
        Rows Removed by Join Filter: 60
        ->  Nested Loop  (cost=3.57..7791.32 rows=1 width=83) (actual time=2.367..292.161 rows=1333 loops=1)
              Join Filter: (t.id = mi.movie_id)
              ->  Nested Loop  (cost=3.13..7768.97 rows=1 width=57) (actual time=0.732..244.096 rows=1157 loops=1)
                    ->  Nested Loop  (cost=2.71..7764.93 rows=4 width=61) (actual time=0.587..150.299 rows=50677 loops=1)
                          ->  Nested Loop  (cost=2.28..7762.47 rows=1 width=53) (actual time=0.580..133.843 rows=754 loops=1)
                                Join Filter: (mi_idx.movie_id = t.id)
                                ->  Nested Loop  (cost=1.85..7761.30 rows=1 width=32) (actual time=0.574..131.430 rows=754 loops=1)
                                      ->  Nested Loop  (cost=1.42..7759.96 rows=1 width=21) (actual time=0.568..126.812 rows=1381 loops=1)
                                            Join Filter: (mi_idx.movie_id = ci.movie_id)
                                            ->  Nested Loop  (cost=0.86..7725.13 rows=1 width=13) (actual time=0.509..31.550 rows=1449 loops=1)
                                                  Join Filter: (mi_idx.info_type_id = it2.id)
                                                  Rows Removed by Join Filter: 2921
                                                  ->  Seq Scan on info_type it2  (cost=0.00..2.41 rows=1 width=4) (actual time=0.012..0.014 rows=1 loops=1)
                                                        Filter: ((info)::text = 'votes'::text)
                                                        Rows Removed by Filter: 112
                                                  ->  Nested Loop  (cost=0.86..7721.93 rows=63 width=17) (actual time=0.495..31.102 rows=4370 loops=1)
                                                        ->  Nested Loop  (cost=0.43..7667.84 rows=49 width=4) (actual time=0.488..24.830 rows=1814 loops=1)
                                                              ->  Seq Scan on company_name cn  (cost=0.00..5932.46 rows=5 width=4) (actual time=0.476..23.291 rows=10 loops=1)
                                                                    Filter: (name ~~ 'Lionsgate%'::text)
                                                                    Rows Removed by Filter: 234987
                                                              ->  Index Scan using company_id_movie_companies on movie_companies mc  (cost=0.43..345.75 rows=132 width=8) (actual time=0.007..0.129 rows=181 loops=10)
                                                                    Index Cond: (company_id = cn.id)
                                                        ->  Index Scan using movie_id_movie_info_idx on movie_info_idx mi_idx  (cost=0.43..1.07 rows=3 width=13) (actual time=0.003..0.003 rows=2 loops=1814)
                                                              Index Cond: (movie_id = mc.movie_id)
                                            ->  Index Scan using movie_id_cast_info on cast_info ci  (cost=0.56..34.83 rows=1 width=8) (actual time=0.049..0.065 rows=1 loops=1449)
                                                  Index Cond: (movie_id = mc.movie_id)
                                                  Filter: (note = ANY ('{(writer),"(head writer)","(written by)",(story),"(story editor)"}'::text[]))
                                                  Rows Removed by Filter: 80
                                      ->  Index Scan using name_pkey on name n  (cost=0.43..1.34 rows=1 width=19) (actual time=0.003..0.003 rows=1 loops=1381)
                                            Index Cond: (id = ci.person_id)
                                            Filter: ((gender)::text = 'm'::text)
                                            Rows Removed by Filter: 0
                                ->  Index Scan using title_pkey on title t  (cost=0.43..1.15 rows=1 width=21) (actual time=0.003..0.003 rows=1 loops=754)
                                      Index Cond: (id = mc.movie_id)
                          ->  Index Scan using movie_id_movie_keyword on movie_keyword mk  (cost=0.43..2.00 rows=47 width=8) (actual time=0.003..0.013 rows=67 loops=754)
                                Index Cond: (movie_id = t.id)
                    ->  Index Scan using keyword_pkey on keyword k  (cost=0.42..0.97 rows=1 width=4) (actual time=0.002..0.002 rows=0 loops=50677)
                          Index Cond: (id = mk.keyword_id)
                          Filter: (keyword = ANY ('{murder,violence,blood,gore,death,female-nudity,hospital}'::text[]))
                          Rows Removed by Filter: 1
              ->  Index Scan using movie_id_movie_info on movie_info mi  (cost=0.43..22.34 rows=1 width=50) (actual time=0.040..0.041 rows=1 loops=1157)
                    Index Cond: (movie_id = mk.movie_id)
                    Filter: (info = ANY ('{Horror,Thriller}'::text[]))
                    Rows Removed by Filter: 190
        ->  Seq Scan on info_type it1  (cost=0.00..2.41 rows=1 width=4) (actual time=0.002..0.002 rows=1 loops=1333)
              Filter: ((info)::text = 'genres'::text)
              Rows Removed by Filter: 7
Planning time: 29.167 ms
Execution time: 296.691 ms
