Aggregate  (cost=7802.49..7802.50 rows=1 width=128) (actual time=298.208..298.208 rows=1 loops=1)
  ->  Nested Loop  (cost=3.57..7802.48 rows=1 width=79) (actual time=2.502..297.614 rows=1273 loops=1)
        Join Filter: (mi.info_type_id = it1.id)
        Rows Removed by Join Filter: 60
        ->  Nested Loop  (cost=3.57..7800.06 rows=1 width=83) (actual time=2.496..293.737 rows=1333 loops=1)
              Join Filter: (t.id = mi.movie_id)
              ->  Nested Loop  (cost=3.13..7777.70 rows=1 width=57) (actual time=0.763..245.779 rows=1157 loops=1)
                    ->  Nested Loop  (cost=2.71..7773.67 rows=4 width=61) (actual time=0.602..150.713 rows=50677 loops=1)
                          ->  Nested Loop  (cost=2.28..7771.21 rows=1 width=53) (actual time=0.595..134.108 rows=754 loops=1)
                                Join Filter: (mi_idx.movie_id = t.id)
                                ->  Nested Loop  (cost=1.85..7770.04 rows=1 width=32) (actual time=0.586..131.672 rows=754 loops=1)
                                      ->  Nested Loop  (cost=1.42..7768.70 rows=1 width=21) (actual time=0.580..127.025 rows=1381 loops=1)
                                            Join Filter: (mi_idx.movie_id = ci.movie_id)
                                            ->  Nested Loop  (cost=0.86..7733.87 rows=1 width=13) (actual time=0.507..31.695 rows=1449 loops=1)
                                                  Join Filter: (mi_idx.info_type_id = it2.id)
                                                  Rows Removed by Join Filter: 2921
                                                  ->  Seq Scan on info_type it2  (cost=0.00..2.41 rows=1 width=4) (actual time=0.013..0.015 rows=1 loops=1)
                                                        Filter: ((info)::text = 'votes'::text)
                                                        Rows Removed by Filter: 112
                                                  ->  Nested Loop  (cost=0.86..7729.65 rows=144 width=17) (actual time=0.492..31.249 rows=4370 loops=1)
                                                        ->  Nested Loop  (cost=0.43..7667.84 rows=56 width=4) (actual time=0.485..25.054 rows=1814 loops=1)
                                                              ->  Seq Scan on company_name cn  (cost=0.00..5932.46 rows=5 width=4) (actual time=0.472..23.491 rows=10 loops=1)
                                                                    Filter: (name ~~ 'Lionsgate%'::text)
                                                                    Rows Removed by Filter: 234987
                                                              ->  Index Scan using company_id_movie_companies on movie_companies mc  (cost=0.43..345.75 rows=132 width=8) (actual time=0.007..0.130 rows=181 loops=10)
                                                                    Index Cond: (company_id = cn.id)
                                                        ->  Index Scan using movie_id_movie_info_idx on movie_info_idx mi_idx  (cost=0.43..1.07 rows=3 width=13) (actual time=0.002..0.003 rows=2 loops=1814)
                                                              Index Cond: (movie_id = mc.movie_id)
                                            ->  Index Scan using movie_id_cast_info on cast_info ci  (cost=0.56..34.83 rows=1 width=8) (actual time=0.049..0.065 rows=1 loops=1449)
                                                  Index Cond: (movie_id = mc.movie_id)
                                                  Filter: (note = ANY ('{(writer),"(head writer)","(written by)",(story),"(story editor)"}'::text[]))
                                                  Rows Removed by Filter: 80
                                      ->  Index Scan using name_pkey on name n  (cost=0.43..1.34 rows=1 width=19) (actual time=0.003..0.003 rows=1 loops=1381)
                                            Index Cond: (id = ci.person_id)
                                            Filter: ((gender)::text = 'm'::text)
                                            Rows Removed by Filter: 0
                                ->  Index Scan using title_pkey on title t  (cost=0.43..1.15 rows=1 width=21) (actual time=0.003..0.003 rows=1 loops=754)
                                      Index Cond: (id = mc.movie_id)
                          ->  Index Scan using movie_id_movie_keyword on movie_keyword mk  (cost=0.43..2.00 rows=47 width=8) (actual time=0.003..0.014 rows=67 loops=754)
                                Index Cond: (movie_id = t.id)
                    ->  Index Scan using keyword_pkey on keyword k  (cost=0.42..0.97 rows=1 width=4) (actual time=0.002..0.002 rows=0 loops=50677)
                          Index Cond: (id = mk.keyword_id)
                          Filter: (keyword = ANY ('{murder,violence,blood,gore,death,female-nudity,hospital}'::text[]))
                          Rows Removed by Filter: 1
              ->  Index Scan using movie_id_movie_info on movie_info mi  (cost=0.43..22.34 rows=1 width=50) (actual time=0.040..0.041 rows=1 loops=1157)
                    Index Cond: (movie_id = mk.movie_id)
                    Filter: (info = ANY ('{Horror,Thriller}'::text[]))
                    Rows Removed by Filter: 190
        ->  Seq Scan on info_type it1  (cost=0.00..2.41 rows=1 width=4) (actual time=0.002..0.002 rows=1 loops=1333)
              Filter: ((info)::text = 'genres'::text)
              Rows Removed by Filter: 7
Planning time: 29.052 ms
Execution time: 298.310 ms
