Aggregate  (cost=7935.85..7935.86 rows=1 width=128) (actual time=390.169..390.169 rows=1 loops=1)
  ->  Nested Loop  (cost=3.57..7935.84 rows=1 width=79) (actual time=0.959..388.872 rows=2825 loops=1)
        Join Filter: (mi.movie_id = t.id)
        ->  Nested Loop  (cost=3.14..7934.71 rows=1 width=82) (actual time=0.952..383.665 rows=2825 loops=1)
              ->  Nested Loop  (cost=2.71..7933.37 rows=1 width=71) (actual time=0.945..377.507 rows=2825 loops=1)
                    Join Filter: (mi.info_type_id = it1.id)
                    Rows Removed by Join Filter: 182
                    ->  Nested Loop  (cost=2.71..7930.94 rows=1 width=75) (actual time=0.940..368.634 rows=3007 loops=1)
                          Join Filter: (mi_idx.movie_id = mi.movie_id)
                          ->  Nested Loop  (cost=2.27..7908.39 rows=1 width=25) (actual time=0.678..299.631 rows=1471 loops=1)
                                Join Filter: (mi_idx.movie_id = ci.movie_id)
                                ->  Nested Loop  (cost=1.71..7873.67 rows=1 width=17) (actual time=0.639..192.370 rows=1547 loops=1)
                                      ->  Nested Loop  (cost=1.29..7757.69 rows=119 width=21) (actual time=0.511..56.802 rows=72391 loops=1)
                                            ->  Nested Loop  (cost=0.86..7725.13 rows=13 width=13) (actual time=0.505..31.254 rows=1449 loops=1)
                                                  Join Filter: (mi_idx.info_type_id = it2.id)
                                                  Rows Removed by Join Filter: 2921
                                                  ->  Seq Scan on info_type it2  (cost=0.00..2.41 rows=1 width=4) (actual time=0.012..0.013 rows=1 loops=1)
                                                        Filter: ((info)::text = 'votes'::text)
                                                        Rows Removed by Filter: 112
                                                  ->  Nested Loop  (cost=0.86..7721.93 rows=63 width=17) (actual time=0.491..30.836 rows=4370 loops=1)
                                                        ->  Nested Loop  (cost=0.43..7667.84 rows=49 width=4) (actual time=0.485..24.714 rows=1814 loops=1)
                                                              ->  Seq Scan on company_name cn  (cost=0.00..5932.46 rows=5 width=4) (actual time=0.472..23.162 rows=10 loops=1)
                                                                    Filter: (name ~~ 'Lionsgate%'::text)
                                                                    Rows Removed by Filter: 234987
                                                              ->  Index Scan using company_id_movie_companies on movie_companies mc  (cost=0.43..345.75 rows=132 width=8) (actual time=0.007..0.131 rows=181 loops=10)
                                                                    Index Cond: (company_id = cn.id)
                                                        ->  Index Scan using movie_id_movie_info_idx on movie_info_idx mi_idx  (cost=0.43..1.07 rows=3 width=13) (actual time=0.002..0.003 rows=2 loops=1814)
                                                              Index Cond: (movie_id = mc.movie_id)
                                            ->  Index Scan using movie_id_movie_keyword on movie_keyword mk  (cost=0.43..2.03 rows=47 width=8) (actual time=0.003..0.012 rows=50 loops=1449)
                                                  Index Cond: (movie_id = mi_idx.movie_id)
                                      ->  Index Scan using keyword_pkey on keyword k  (cost=0.42..0.97 rows=1 width=4) (actual time=0.002..0.002 rows=0 loops=72391)
                                            Index Cond: (id = mk.keyword_id)
                                            Filter: (keyword = ANY ('{murder,violence,blood,gore,death,female-nudity,hospital}'::text[]))
                                            Rows Removed by Filter: 1
                                ->  Index Scan using movie_id_cast_info on cast_info ci  (cost=0.56..34.71 rows=1 width=8) (actual time=0.049..0.069 rows=1 loops=1547)
                                      Index Cond: (movie_id = mk.movie_id)
                                      Filter: (note = ANY ('{(writer),"(head writer)","(written by)",(story),"(story editor)"}'::text[]))
                                      Rows Removed by Filter: 119
                          ->  Index Scan using movie_id_movie_info on movie_info mi  (cost=0.43..22.54 rows=1 width=50) (actual time=0.045..0.046 rows=2 loops=1471)
                                Index Cond: (movie_id = mk.movie_id)
                                Filter: (info = ANY ('{Horror,Action,Sci-Fi,Thriller,Crime,War}'::text[]))
                                Rows Removed by Filter: 172
                    ->  Seq Scan on info_type it1  (cost=0.00..2.41 rows=1 width=4) (actual time=0.002..0.002 rows=1 loops=3007)
                          Filter: ((info)::text = 'genres'::text)
                          Rows Removed by Filter: 9
              ->  Index Scan using name_pkey on name n  (cost=0.43..1.34 rows=1 width=19) (actual time=0.002..0.002 rows=1 loops=2825)
                    Index Cond: (id = ci.person_id)
        ->  Index Scan using title_pkey on title t  (cost=0.43..1.13 rows=1 width=21) (actual time=0.002..0.002 rows=1 loops=2825)
              Index Cond: (id = mk.movie_id)
Planning time: 29.180 ms
Execution time: 390.256 ms
