Aggregate  (cost=3827.12..3827.13 rows=1 width=96) (actual time=10.338..10.339 rows=1 loops=1)
  ->  Nested Loop  (cost=7.94..3827.04 rows=11 width=46) (actual time=10.337..10.337 rows=0 loops=1)
        ->  Nested Loop  (cost=7.51..3777.87 rows=11 width=33) (actual time=10.337..10.337 rows=0 loops=1)
              ->  Nested Loop  (cost=7.08..3772.51 rows=11 width=24) (actual time=10.337..10.337 rows=0 loops=1)
                    Join Filter: (ml.link_type_id = lt.id)
                    ->  Nested Loop  (cost=7.08..3768.56 rows=11 width=16) (actual time=10.336..10.336 rows=0 loops=1)
                          ->  Nested Loop  (cost=6.80..3754.10 rows=34 width=4) (actual time=10.104..10.332 rows=1 loops=1)
                                ->  Seq Scan on keyword k  (cost=0.00..2626.12 rows=1 width=4) (actual time=10.060..10.288 rows=1 loops=1)
                                      Filter: (keyword = '10,000-mile-club'::text)
                                      Rows Removed by Filter: 134169
                                ->  Bitmap Heap Scan on movie_keyword mk  (cost=6.80..1124.92 rows=305 width=8) (actual time=0.040..0.041 rows=1 loops=1)
                                      Recheck Cond: (keyword_id = k.id)
                                      Heap Blocks: exact=1
                                      ->  Bitmap Index Scan on keyword_id_movie_keyword  (cost=0.00..6.72 rows=305 width=0) (actual time=0.036..0.036 rows=1 loops=1)
                                            Index Cond: (keyword_id = k.id)
                          ->  Index Scan using movie_id_movie_link on movie_link ml  (cost=0.29..0.38 rows=5 width=12) (actual time=0.004..0.004 rows=0 loops=1)
                                Index Cond: (movie_id = mk.movie_id)
                    ->  Materialize  (cost=0.00..1.27 rows=18 width=16) (never executed)
                          ->  Seq Scan on link_type lt  (cost=0.00..1.18 rows=18 width=16) (never executed)
              ->  Index Scan using title_pkey on title t1  (cost=0.43..0.49 rows=1 width=21) (never executed)
                    Index Cond: (id = mk.movie_id)
        ->  Index Scan using title_pkey on title t2  (cost=0.43..4.47 rows=1 width=21) (never executed)
              Index Cond: (id = ml.linked_movie_id)
Planning time: 1.022 ms
Execution time: 10.380 ms
