Aggregate  (cost=11380.05..11380.06 rows=1 width=96) (actual time=10.154..10.154 rows=1 loops=1)
  ->  Nested Loop  (cost=7.94..3795.79 rows=1011234 width=46) (actual time=10.153..10.153 rows=0 loops=1)
        Join Filter: (ml.link_type_id = lt.id)
        ->  Seq Scan on link_type lt  (cost=0.00..1.18 rows=18 width=16) (actual time=0.002..0.004 rows=18 loops=1)
        ->  Materialize  (cost=7.94..3794.08 rows=2 width=38) (actual time=0.564..0.564 rows=0 loops=18)
              ->  Nested Loop  (cost=7.94..3794.07 rows=2 width=38) (actual time=10.144..10.144 rows=0 loops=1)
                    ->  Nested Loop  (cost=7.51..3785.13 rows=2 width=25) (actual time=10.144..10.144 rows=0 loops=1)
                          ->  Nested Loop  (cost=7.23..3770.67 rows=34 width=25) (actual time=9.919..10.142 rows=1 loops=1)
                                ->  Nested Loop  (cost=6.80..3754.10 rows=34 width=4) (actual time=9.912..10.134 rows=1 loops=1)
                                      ->  Seq Scan on keyword k  (cost=0.00..2626.12 rows=1 width=4) (actual time=9.899..10.121 rows=1 loops=1)
                                            Filter: (keyword = '10,000-mile-club'::text)
                                            Rows Removed by Filter: 134169
                                      ->  Bitmap Heap Scan on movie_keyword mk  (cost=6.80..1124.92 rows=305 width=8) (actual time=0.010..0.010 rows=1 loops=1)
                                            Recheck Cond: (keyword_id = k.id)
                                            Heap Blocks: exact=1
                                            ->  Bitmap Index Scan on keyword_id_movie_keyword  (cost=0.00..6.72 rows=305 width=0) (actual time=0.006..0.006 rows=1 loops=1)
                                                  Index Cond: (keyword_id = k.id)
                                ->  Index Scan using title_pkey on title t1  (cost=0.43..0.49 rows=1 width=21) (actual time=0.006..0.006 rows=1 loops=1)
                                      Index Cond: (id = mk.movie_id)
                          ->  Index Scan using movie_id_movie_link on movie_link ml  (cost=0.29..0.38 rows=5 width=12) (actual time=0.002..0.002 rows=0 loops=1)
                                Index Cond: (movie_id = t1.id)
                    ->  Index Scan using title_pkey on title t2  (cost=0.43..4.47 rows=1 width=21) (never executed)
                          Index Cond: (id = ml.linked_movie_id)
Planning time: 1.050 ms
Execution time: 10.193 ms
