Aggregate  (cost=3827.12..3827.13 rows=1 width=96) (actual time=98.023..98.023 rows=1 loops=1)
  ->  Nested Loop  (cost=7.94..3827.04 rows=11 width=46) (actual time=4.345..96.470 rows=4388 loops=1)
        ->  Nested Loop  (cost=7.51..3777.87 rows=11 width=33) (actual time=4.338..83.239 rows=4388 loops=1)
              ->  Nested Loop  (cost=7.08..3772.51 rows=11 width=24) (actual time=4.331..76.058 rows=4388 loops=1)
                    Join Filter: (ml.link_type_id = lt.id)
                    Rows Removed by Join Filter: 30206
                    ->  Nested Loop  (cost=7.08..3768.56 rows=11 width=16) (actual time=4.320..71.306 rows=4388 loops=1)
                          ->  Nested Loop  (cost=6.80..3754.10 rows=34 width=4) (actual time=4.273..36.868 rows=41840 loops=1)
                                ->  Seq Scan on keyword k  (cost=0.00..2626.12 rows=1 width=4) (actual time=0.434..10.117 rows=1 loops=1)
                                      Filter: (keyword = 'character-name-in-title'::text)
                                      Rows Removed by Filter: 134169
                                ->  Bitmap Heap Scan on movie_keyword mk  (cost=6.80..1124.92 rows=305 width=8) (actual time=3.837..22.637 rows=41840 loops=1)
                                      Recheck Cond: (keyword_id = k.id)
                                      Heap Blocks: exact=11541
                                      ->  Bitmap Index Scan on keyword_id_movie_keyword  (cost=0.00..6.72 rows=305 width=0) (actual time=2.389..2.389 rows=41840 loops=1)
                                            Index Cond: (keyword_id = k.id)
                          ->  Index Scan using movie_id_movie_link on movie_link ml  (cost=0.29..0.38 rows=5 width=12) (actual time=0.001..0.001 rows=0 loops=41840)
                                Index Cond: (movie_id = mk.movie_id)
                    ->  Materialize  (cost=0.00..1.27 rows=18 width=16) (actual time=0.000..0.000 rows=8 loops=4388)
                          ->  Seq Scan on link_type lt  (cost=0.00..1.18 rows=18 width=16) (actual time=0.004..0.007 rows=17 loops=1)
              ->  Index Scan using title_pkey on title t1  (cost=0.43..0.49 rows=1 width=21) (actual time=0.001..0.001 rows=1 loops=4388)
                    Index Cond: (id = mk.movie_id)
        ->  Index Scan using title_pkey on title t2  (cost=0.43..4.47 rows=1 width=21) (actual time=0.003..0.003 rows=1 loops=4388)
              Index Cond: (id = ml.linked_movie_id)
Planning time: 1.113 ms
Execution time: 98.081 ms
