Aggregate  (cost=3795.81..3795.82 rows=1 width=96) (actual time=183.857..183.857 rows=1 loops=1)
  ->  Nested Loop  (cost=7.94..3795.79 rows=2 width=46) (actual time=4.424..182.541 rows=4388 loops=1)
        ->  Nested Loop  (cost=7.51..3786.85 rows=2 width=33) (actual time=4.420..170.631 rows=4388 loops=1)
              Join Filter: (ml.link_type_id = lt.id)
              Rows Removed by Join Filter: 74596
              ->  Seq Scan on link_type lt  (cost=0.00..1.18 rows=18 width=16) (actual time=0.003..0.006 rows=18 loops=1)
              ->  Materialize  (cost=7.51..3785.14 rows=2 width=25) (actual time=0.243..9.186 rows=4388 loops=18)
                    ->  Nested Loop  (cost=7.51..3785.13 rows=2 width=25) (actual time=4.378..161.266 rows=4388 loops=1)
                          ->  Nested Loop  (cost=7.23..3770.67 rows=34 width=25) (actual time=4.279..125.439 rows=41840 loops=1)
                                ->  Nested Loop  (cost=6.80..3754.10 rows=34 width=4) (actual time=4.272..37.050 rows=41840 loops=1)
                                      ->  Seq Scan on keyword k  (cost=0.00..2626.12 rows=1 width=4) (actual time=0.453..10.160 rows=1 loops=1)
                                            Filter: (keyword = 'character-name-in-title'::text)
                                            Rows Removed by Filter: 134169
                                      ->  Bitmap Heap Scan on movie_keyword mk  (cost=6.80..1124.92 rows=305 width=8) (actual time=3.817..22.345 rows=41840 loops=1)
                                            Recheck Cond: (keyword_id = k.id)
                                            Heap Blocks: exact=11541
                                            ->  Bitmap Index Scan on keyword_id_movie_keyword  (cost=0.00..6.72 rows=305 width=0) (actual time=2.357..2.357 rows=41840 loops=1)
                                                  Index Cond: (keyword_id = k.id)
                                ->  Index Scan using title_pkey on title t1  (cost=0.43..0.49 rows=1 width=21) (actual time=0.002..0.002 rows=1 loops=41840)
                                      Index Cond: (id = mk.movie_id)
                          ->  Index Scan using movie_id_movie_link on movie_link ml  (cost=0.29..0.38 rows=5 width=12) (actual time=0.001..0.001 rows=0 loops=41840)
                                Index Cond: (movie_id = t1.id)
        ->  Index Scan using title_pkey on title t2  (cost=0.43..4.47 rows=1 width=21) (actual time=0.002..0.002 rows=1 loops=4388)
              Index Cond: (id = ml.linked_movie_id)
Planning time: 1.050 ms
Execution time: 183.919 ms
