Aggregate  (cost=3294.74..3294.75 rows=1 width=192) (actual time=25.271..25.271 rows=1 loops=1)
  ->  Nested Loop  (cost=668.78..3294.72 rows=1 width=82) (actual time=4.291..25.259 rows=8 loops=1)
        ->  Nested Loop  (cost=668.36..3294.28 rows=1 width=67) (actual time=4.284..25.185 rows=28 loops=1)
              ->  Nested Loop  (cost=667.93..3293.67 rows=1 width=75) (actual time=4.278..25.141 rows=10 loops=1)
                    ->  Nested Loop  (cost=667.51..3293.23 rows=1 width=60) (actual time=4.272..25.104 rows=10 loops=1)
                          Join Filter: (t2.id = mc2.movie_id)
                          ->  Nested Loop  (cost=667.08..3292.49 rows=1 width=68) (actual time=4.266..25.074 rows=5 loops=1)
                                Join Filter: ((ml.linked_movie_id = t2.id) AND (kt2.id = t2.kind_id))
                                ->  Nested Loop  (cost=666.65..3291.76 rows=1 width=51) (actual time=4.260..24.964 rows=28 loops=1)
                                      Join Filter: (kt1.id = t1.kind_id)
                                      Rows Removed by Join Filter: 2
                                      ->  Nested Loop  (cost=666.65..3289.56 rows=1 width=51) (actual time=4.254..24.836 rows=30 loops=1)
                                            Join Filter: (ml.movie_id = t1.id)
                                            ->  Nested Loop  (cost=666.22..3288.97 rows=1 width=26) (actual time=4.247..24.724 rows=30 loops=1)
                                                  Join Filter: (mi_idx2.info_type_id = it2.id)
                                                  Rows Removed by Join Filter: 2756
                                                  ->  Nested Loop  (cost=666.22..3284.55 rows=134 width=30) (actual time=1.222..23.954 rows=2786 loops=1)
                                                        ->  Nested Loop  (cost=665.79..3097.03 rows=91 width=17) (actual time=1.214..18.103 rows=2064 loops=1)
                                                              Join Filter: (it1.id = mi_idx1.info_type_id)
                                                              Rows Removed by Join Filter: 4128
                                                              ->  Merge Join  (cost=665.79..2939.71 rows=10327 width=21) (actual time=1.196..16.486 rows=6192 loops=1)
                                                                    Merge Cond: (mi_idx1.movie_id = ml.movie_id)
                                                                    ->  Index Scan using movie_id_movie_info_idx on movie_info_idx mi_idx1  (cost=0.43..43815.71 rows=1380035 width=13) (actual time=0.007..9.411 rows=63901 loops=1)
                                                                    ->  Sort  (cost=665.32..673.65 rows=3333 width=8) (actual time=1.166..1.497 rows=6443 loops=1)
                                                                          Sort Key: ml.movie_id
                                                                          Sort Method: quicksort  Memory: 205kB
                                                                          ->  Nested Loop  (cost=38.82..470.30 rows=3333 width=8) (actual time=0.065..0.813 rows=2315 loops=1)
                                                                                ->  Seq Scan on link_type lt  (cost=0.00..1.25 rows=2 width=4) (actual time=0.004..0.007 rows=2 loops=1)
                                                                                      Filter: ((link)::text = ANY ('{sequel,follows,"followed by"}'::text[]))
                                                                                      Rows Removed by Filter: 16
                                                                                ->  Bitmap Heap Scan on movie_link ml  (cost=38.82..215.78 rows=1875 width=12) (actual time=0.054..0.276 rows=1158 loops=2)
                                                                                      Recheck Cond: (link_type_id = lt.id)
                                                                                      Heap Blocks: exact=191
                                                                                      ->  Bitmap Index Scan on link_type_id_movie_link  (cost=0.00..38.35 rows=1875 width=0) (actual time=0.043..0.043 rows=1158 loops=2)
                                                                                            Index Cond: (link_type_id = lt.id)
                                                              ->  Materialize  (cost=0.00..2.42 rows=1 width=4) (actual time=0.000..0.000 rows=1 loops=6192)
                                                                    ->  Seq Scan on info_type it1  (cost=0.00..2.41 rows=1 width=4) (actual time=0.011..0.012 rows=1 loops=1)
                                                                          Filter: ((info)::text = 'rating'::text)
                                                                          Rows Removed by Filter: 112
                                                        ->  Index Scan using movie_id_movie_info_idx on movie_info_idx mi_idx2  (cost=0.43..2.05 rows=1 width=13) (actual time=0.002..0.002 rows=1 loops=2064)
                                                              Index Cond: (movie_id = ml.linked_movie_id)
                                                              Filter: (info < '3.0'::text)
                                                              Rows Removed by Filter: 1
                                                  ->  Materialize  (cost=0.00..2.42 rows=1 width=4) (actual time=0.000..0.000 rows=1 loops=2786)
                                                        ->  Seq Scan on info_type it2  (cost=0.00..2.41 rows=1 width=4) (actual time=0.008..0.009 rows=1 loops=1)
                                                              Filter: ((info)::text = 'rating'::text)
                                                              Rows Removed by Filter: 112
                                            ->  Index Scan using title_pkey on title t1  (cost=0.43..0.58 rows=1 width=25) (actual time=0.003..0.003 rows=1 loops=30)
                                                  Index Cond: (id = mi_idx1.movie_id)
                                      ->  Nested Loop  (cost=0.00..2.18 rows=1 width=8) (actual time=0.002..0.003 rows=1 loops=30)
                                            ->  Seq Scan on kind_type kt1  (cost=0.00..1.09 rows=1 width=4) (actual time=0.001..0.001 rows=1 loops=30)
                                                  Filter: ((kind)::text = 'tv series'::text)
                                                  Rows Removed by Filter: 6
                                            ->  Seq Scan on kind_type kt2  (cost=0.00..1.09 rows=1 width=4) (actual time=0.000..0.001 rows=1 loops=30)
                                                  Filter: ((kind)::text = 'tv series'::text)
                                                  Rows Removed by Filter: 6
                                ->  Index Scan using title_pkey on title t2  (cost=0.43..0.72 rows=1 width=25) (actual time=0.004..0.004 rows=0 loops=28)
                                      Index Cond: (id = mi_idx2.movie_id)
                                      Filter: ((production_year >= 2005) AND (production_year <= 2008))
                                      Rows Removed by Filter: 1
                          ->  Index Scan using movie_id_movie_companies on movie_companies mc2  (cost=0.43..0.67 rows=5 width=8) (actual time=0.004..0.005 rows=2 loops=5)
                                Index Cond: (movie_id = mi_idx2.movie_id)
                    ->  Index Scan using company_name_pkey on company_name cn2  (cost=0.42..0.44 rows=1 width=23) (actual time=0.003..0.003 rows=1 loops=10)
                          Index Cond: (id = mc2.company_id)
              ->  Index Scan using movie_id_movie_companies on movie_companies mc1  (cost=0.43..0.56 rows=5 width=8) (actual time=0.003..0.004 rows=3 loops=10)
                    Index Cond: (movie_id = t1.id)
        ->  Index Scan using company_name_pkey on company_name cn1  (cost=0.42..0.45 rows=1 width=23) (actual time=0.002..0.002 rows=0 loops=28)
              Index Cond: (id = mc1.company_id)
              Filter: ((country_code)::text = '[us]'::text)
              Rows Removed by Filter: 1
Planning time: 61.833 ms
Execution time: 25.375 ms
