Aggregate  (cost=6770.25..6770.26 rows=1 width=192) (actual time=42.150..42.150 rows=1 loops=1)
  ->  Nested Loop  (cost=671.93..6770.24 rows=1 width=82) (actual time=6.800..42.140 rows=4 loops=1)
        ->  Nested Loop  (cost=671.51..6769.79 rows=1 width=67) (actual time=6.797..42.131 rows=4 loops=1)
              Join Filter: (t2.id = mc2.movie_id)
              ->  Nested Loop  (cost=671.08..6769.06 rows=1 width=75) (actual time=6.791..42.122 rows=1 loops=1)
                    ->  Nested Loop  (cost=670.93..6768.88 rows=1 width=79) (actual time=6.782..42.117 rows=2 loops=1)
                          ->  Nested Loop  (cost=670.80..6768.70 rows=1 width=83) (actual time=6.779..42.112 rows=2 loops=1)
                                Join Filter: (ml.movie_id = t1.id)
                                ->  Nested Loop  (cost=670.37..6768.18 rows=1 width=74) (actual time=6.773..42.104 rows=2 loops=1)
                                      ->  Nested Loop  (cost=669.94..6767.27 rows=1 width=61) (actual time=6.766..42.096 rows=1 loops=1)
                                            ->  Nested Loop  (cost=669.81..6766.95 rows=2 width=65) (actual time=1.228..42.085 rows=6 loops=1)
                                                  ->  Nested Loop  (cost=669.38..6592.51 rows=39 width=40) (actual time=1.221..40.947 rows=477 loops=1)
                                                        ->  Nested Loop  (cost=668.96..4425.47 rows=4860 width=25) (actual time=1.203..25.223 rows=9674 loops=1)
                                                              Join Filter: (ml.movie_id = mc1.movie_id)
                                                              ->  Nested Loop  (cost=668.53..3098.68 rows=2025 width=17) (actual time=1.197..18.251 rows=2064 loops=1)
                                                                    Join Filter: (mi_idx1.info_type_id = it1.id)
                                                                    Rows Removed by Join Filter: 4128
                                                                    ->  Merge Join  (cost=668.53..2944.40 rows=10124 width=21) (actual time=1.181..16.647 rows=6192 loops=1)
                                                                          Merge Cond: (mi_idx1.movie_id = ml.movie_id)
                                                                          ->  Index Scan using movie_id_movie_info_idx on movie_info_idx mi_idx1  (cost=0.43..43815.71 rows=1380035 width=13) (actual time=0.007..9.582 rows=63901 loops=1)
                                                                          ->  Sort  (cost=668.06..676.50 rows=3375 width=8) (actual time=1.150..1.496 rows=6443 loops=1)
                                                                                Sort Key: ml.movie_id
                                                                                Sort Method: quicksort  Memory: 205kB
                                                                                ->  Nested Loop  (cost=38.82..470.28 rows=3375 width=8) (actual time=0.063..0.805 rows=2315 loops=1)
                                                                                      ->  Seq Scan on link_type lt  (cost=0.00..1.23 rows=2 width=4) (actual time=0.004..0.007 rows=2 loops=1)
                                                                                            Filter: ((link)::text ~~ '%follow%'::text)
                                                                                            Rows Removed by Filter: 16
                                                                                      ->  Bitmap Heap Scan on movie_link ml  (cost=38.82..215.78 rows=1875 width=12) (actual time=0.054..0.269 rows=1158 loops=2)
                                                                                            Recheck Cond: (link_type_id = lt.id)
                                                                                            Heap Blocks: exact=191
                                                                                            ->  Bitmap Index Scan on link_type_id_movie_link  (cost=0.00..38.35 rows=1875 width=0) (actual time=0.043..0.043 rows=1158 loops=2)
                                                                                                  Index Cond: (link_type_id = lt.id)
                                                                    ->  Materialize  (cost=0.00..2.42 rows=1 width=4) (actual time=0.000..0.000 rows=1 loops=6192)
                                                                          ->  Seq Scan on info_type it1  (cost=0.00..2.41 rows=1 width=4) (actual time=0.011..0.011 rows=1 loops=1)
                                                                                Filter: ((info)::text = 'rating'::text)
                                                                                Rows Removed by Filter: 112
                                                              ->  Index Scan using movie_id_movie_companies on movie_companies mc1  (cost=0.43..0.59 rows=5 width=8) (actual time=0.002..0.002 rows=5 loops=2064)
                                                                    Index Cond: (movie_id = mi_idx1.movie_id)
                                                        ->  Index Scan using company_name_pkey on company_name cn1  (cost=0.42..0.45 rows=1 width=23) (actual time=0.001..0.001 rows=0 loops=9674)
                                                              Index Cond: (id = mc1.company_id)
                                                              Filter: ((country_code)::text = '[nl]'::text)
                                                              Rows Removed by Filter: 1
                                                  ->  Index Scan using title_pkey on title t2  (cost=0.43..4.47 rows=1 width=25) (actual time=0.002..0.002 rows=0 loops=477)
                                                        Index Cond: (id = ml.linked_movie_id)
                                                        Filter: (production_year = 2007)
                                                        Rows Removed by Filter: 1
                                            ->  Index Scan using kind_type_pkey on kind_type kt2  (cost=0.13..0.15 rows=1 width=4) (actual time=0.001..0.001 rows=0 loops=6)
                                                  Index Cond: (id = t2.kind_id)
                                                  Filter: ((kind)::text = 'tv series'::text)
                                                  Rows Removed by Filter: 1
                                      ->  Index Scan using movie_id_movie_info_idx on movie_info_idx mi_idx2  (cost=0.43..0.89 rows=1 width=13) (actual time=0.006..0.007 rows=2 loops=1)
                                            Index Cond: (movie_id = t2.id)
                                            Filter: (info < '3.0'::text)
                                            Rows Removed by Filter: 1
                                ->  Index Scan using title_pkey on title t1  (cost=0.43..0.52 rows=1 width=25) (actual time=0.003..0.003 rows=1 loops=2)
                                      Index Cond: (id = mc1.movie_id)
                          ->  Index Scan using kind_type_pkey on kind_type kt1  (cost=0.13..0.15 rows=1 width=4) (actual time=0.002..0.002 rows=1 loops=2)
                                Index Cond: (id = t1.kind_id)
                                Filter: ((kind)::text = 'tv series'::text)
                    ->  Index Scan using info_type_pkey on info_type it2  (cost=0.14..0.16 rows=1 width=4) (actual time=0.002..0.002 rows=0 loops=2)
                          Index Cond: (id = mi_idx2.info_type_id)
                          Filter: ((info)::text = 'rating'::text)
                          Rows Removed by Filter: 0
              ->  Index Scan using movie_id_movie_companies on movie_companies mc2  (cost=0.43..0.67 rows=5 width=8) (actual time=0.005..0.007 rows=4 loops=1)
                    Index Cond: (movie_id = mi_idx2.movie_id)
        ->  Index Scan using company_name_pkey on company_name cn2  (cost=0.42..0.44 rows=1 width=23) (actual time=0.002..0.002 rows=1 loops=4)
              Index Cond: (id = mc2.company_id)
Planning time: 62.430 ms
Execution time: 42.251 ms
