Aggregate  (cost=3387.87..3387.88 rows=1 width=192) (actual time=42.327..42.327 rows=1 loops=1)
  ->  Nested Loop  (cost=671.93..3387.86 rows=1 width=82) (actual time=6.702..42.318 rows=4 loops=1)
        Join Filter: ((t2.id = mi_idx2.movie_id) AND (it2.id = mi_idx2.info_type_id))
        Rows Removed by Join Filter: 4
        ->  Nested Loop  (cost=671.50..3387.34 rows=1 width=93) (actual time=6.693..42.300 rows=4 loops=1)
              ->  Nested Loop  (cost=671.37..3387.16 rows=1 width=97) (actual time=6.690..42.294 rows=4 loops=1)
                    Join Filter: (ml.movie_id = t1.id)
                    ->  Nested Loop  (cost=670.94..3386.64 rows=1 width=88) (actual time=6.685..42.282 rows=4 loops=1)
                          ->  Nested Loop  (cost=670.52..3386.19 rows=1 width=73) (actual time=6.682..42.272 rows=4 loops=1)
                                ->  Nested Loop  (cost=670.09..3384.72 rows=1 width=65) (actual time=6.677..42.264 rows=1 loops=1)
                                      ->  Nested Loop  (cost=669.95..3384.55 rows=1 width=69) (actual time=1.251..42.254 rows=6 loops=1)
                                            ->  Nested Loop  (cost=669.52..3366.66 rows=4 width=44) (actual time=1.245..41.105 rows=477 loops=1)
                                                  ->  Index Scan using info_type_pkey on info_type it2  (cost=0.14..14.12 rows=1 width=4) (actual time=0.017..0.020 rows=1 loops=1)
                                                        Filter: ((info)::text = 'rating'::text)
                                                        Rows Removed by Filter: 112
                                                  ->  Nested Loop  (cost=669.38..3352.50 rows=4 width=40) (actual time=1.227..41.018 rows=477 loops=1)
                                                        ->  Nested Loop  (cost=668.96..3157.65 rows=437 width=25) (actual time=1.209..25.151 rows=9674 loops=1)
                                                              Join Filter: (ml.movie_id = mc1.movie_id)
                                                              ->  Nested Loop  (cost=668.53..3098.68 rows=90 width=17) (actual time=1.204..18.195 rows=2064 loops=1)
                                                                    Join Filter: (mi_idx1.info_type_id = it1.id)
                                                                    Rows Removed by Join Filter: 4128
                                                                    ->  Merge Join  (cost=668.53..2944.40 rows=10124 width=21) (actual time=1.188..16.545 rows=6192 loops=1)
                                                                          Merge Cond: (mi_idx1.movie_id = ml.movie_id)
                                                                          ->  Index Scan using movie_id_movie_info_idx on movie_info_idx mi_idx1  (cost=0.43..43815.71 rows=1380035 width=13) (actual time=0.005..9.509 rows=63901 loops=1)
                                                                          ->  Sort  (cost=668.06..676.50 rows=3375 width=8) (actual time=1.160..1.500 rows=6443 loops=1)
                                                                                Sort Key: ml.movie_id
                                                                                Sort Method: quicksort  Memory: 205kB
                                                                                ->  Nested Loop  (cost=38.82..470.28 rows=3375 width=8) (actual time=0.063..0.811 rows=2315 loops=1)
                                                                                      ->  Seq Scan on link_type lt  (cost=0.00..1.23 rows=2 width=4) (actual time=0.004..0.007 rows=2 loops=1)
                                                                                            Filter: ((link)::text ~~ '%follow%'::text)
                                                                                            Rows Removed by Filter: 16
                                                                                      ->  Bitmap Heap Scan on movie_link ml  (cost=38.82..215.78 rows=1875 width=12) (actual time=0.054..0.275 rows=1158 loops=2)
                                                                                            Recheck Cond: (link_type_id = lt.id)
                                                                                            Heap Blocks: exact=191
                                                                                            ->  Bitmap Index Scan on link_type_id_movie_link  (cost=0.00..38.35 rows=1875 width=0) (actual time=0.042..0.042 rows=1158 loops=2)
                                                                                                  Index Cond: (link_type_id = lt.id)
                                                                    ->  Materialize  (cost=0.00..2.42 rows=1 width=4) (actual time=0.000..0.000 rows=1 loops=6192)
                                                                          ->  Seq Scan on info_type it1  (cost=0.00..2.41 rows=1 width=4) (actual time=0.009..0.010 rows=1 loops=1)
                                                                                Filter: ((info)::text = 'rating'::text)
                                                                                Rows Removed by Filter: 112
                                                              ->  Index Scan using movie_id_movie_companies on movie_companies mc1  (cost=0.43..0.59 rows=5 width=8) (actual time=0.002..0.002 rows=5 loops=2064)
                                                                    Index Cond: (movie_id = mi_idx1.movie_id)
                                                        ->  Index Scan using company_name_pkey on company_name cn1  (cost=0.42..0.45 rows=1 width=23) (actual time=0.001..0.001 rows=0 loops=9674)
                                                              Index Cond: (id = mc1.company_id)
                                                              Filter: ((country_code)::text = '[nl]'::text)
                                                              Rows Removed by Filter: 1
                                            ->  Index Scan using title_pkey on title t2  (cost=0.43..4.47 rows=1 width=25) (actual time=0.002..0.002 rows=0 loops=477)
                                                  Index Cond: (id = ml.linked_movie_id)
                                                  Filter: (production_year = 2007)
                                                  Rows Removed by Filter: 1
                                      ->  Index Scan using kind_type_pkey on kind_type kt2  (cost=0.13..0.15 rows=1 width=4) (actual time=0.001..0.001 rows=0 loops=6)
                                            Index Cond: (id = t2.kind_id)
                                            Filter: ((kind)::text = 'tv series'::text)
                                            Rows Removed by Filter: 1
                                ->  Index Scan using movie_id_movie_companies on movie_companies mc2  (cost=0.43..1.42 rows=5 width=8) (actual time=0.004..0.006 rows=4 loops=1)
                                      Index Cond: (movie_id = t2.id)
                          ->  Index Scan using company_name_pkey on company_name cn2  (cost=0.42..0.44 rows=1 width=23) (actual time=0.002..0.002 rows=1 loops=4)
                                Index Cond: (id = mc2.company_id)
                    ->  Index Scan using title_pkey on title t1  (cost=0.43..0.52 rows=1 width=25) (actual time=0.002..0.002 rows=1 loops=4)
                          Index Cond: (id = mc1.movie_id)
              ->  Index Scan using kind_type_pkey on kind_type kt1  (cost=0.13..0.15 rows=1 width=4) (actual time=0.001..0.001 rows=1 loops=4)
                    Index Cond: (id = t1.kind_id)
                    Filter: ((kind)::text = 'tv series'::text)
        ->  Index Scan using movie_id_movie_info_idx on movie_info_idx mi_idx2  (cost=0.43..0.51 rows=1 width=13) (actual time=0.003..0.004 rows=2 loops=4)
              Index Cond: (movie_id = mc2.movie_id)
              Filter: (info < '3.0'::text)
              Rows Removed by Filter: 1
Planning time: 62.894 ms
Execution time: 42.428 ms
