Aggregate  (cost=10784.91..10784.92 rows=1 width=192) (actual time=8.796..8.796 rows=1 loops=1)
  ->  Nested Loop  (cost=42.38..10784.86 rows=3 width=82) (actual time=0.715..8.724 rows=114 loops=1)
        Join Filter: (kt2.id = t2.kind_id)
        Rows Removed by Join Filter: 38
        ->  Nested Loop  (cost=42.38..10783.43 rows=12 width=86) (actual time=0.712..8.684 rows=133 loops=1)
              Join Filter: (ml.linked_movie_id = t2.id)
              ->  Nested Loop  (cost=41.95..10768.48 rows=28 width=77) (actual time=0.708..8.286 rows=218 loops=1)
                    ->  Nested Loop  (cost=41.53..10745.74 rows=51 width=62) (actual time=0.679..7.744 rows=293 loops=1)
                          ->  Nested Loop  (cost=41.10..10715.92 rows=49 width=70) (actual time=0.675..7.467 rows=84 loops=1)
                                ->  Nested Loop  (cost=40.68..10694.20 rows=49 width=55) (actual time=0.671..7.264 rows=84 loops=1)
                                      Join Filter: (ml.linked_movie_id = mc2.movie_id)
                                      ->  Nested Loop  (cost=40.25..10687.62 rows=9 width=47) (actual time=0.665..7.090 rows=41 loops=1)
                                            Join Filter: (kt1.id = t1.kind_id)
                                            Rows Removed by Join Filter: 2
                                            ->  Nested Loop  (cost=40.25..10685.64 rows=31 width=51) (actual time=0.660..7.071 rows=41 loops=1)
                                                  Join Filter: (ml.movie_id = t1.id)
                                                  ->  Nested Loop  (cost=39.82..10667.33 rows=31 width=26) (actual time=0.655..6.945 rows=41 loops=1)
                                                        Join Filter: (it1.id = mi_idx1.info_type_id)
                                                        Rows Removed by Join Filter: 82
                                                        ->  Nested Loop  (cost=39.39..8332.91 rows=1122 width=21) (actual time=0.652..6.817 rows=47 loops=1)
                                                              ->  Index Scan using info_type_pkey on info_type it1  (cost=0.14..14.12 rows=1 width=4) (actual time=0.017..0.019 rows=1 loops=1)
                                                                    Filter: ((info)::text = 'rating'::text)
                                                                    Rows Removed by Filter: 112
                                                              ->  Nested Loop  (cost=39.25..8307.57 rows=1122 width=17) (actual time=0.634..6.791 rows=47 loops=1)
                                                                    Join Filter: (mi_idx2.info_type_id = it2.id)
                                                                    Rows Removed by Join Filter: 3033
                                                                    ->  Seq Scan on info_type it2  (cost=0.00..2.41 rows=1 width=4) (actual time=0.009..0.010 rows=1 loops=1)
                                                                          Filter: ((info)::text = 'rating'::text)
                                                                          Rows Removed by Filter: 112
                                                                    ->  Nested Loop  (cost=39.25..8235.01 rows=5612 width=21) (actual time=0.067..6.602 rows=3080 loops=1)
                                                                          ->  Nested Loop  (cost=38.82..470.30 rows=3750 width=8) (actual time=0.060..0.812 rows=2315 loops=1)
                                                                                ->  Seq Scan on link_type lt  (cost=0.00..1.25 rows=2 width=4) (actual time=0.002..0.006 rows=2 loops=1)
                                                                                      Filter: ((link)::text = ANY ('{sequel,follows,"followed by"}'::text[]))
                                                                                      Rows Removed by Filter: 16
                                                                                ->  Bitmap Heap Scan on movie_link ml  (cost=38.82..215.78 rows=1875 width=12) (actual time=0.051..0.279 rows=1158 loops=2)
                                                                                      Recheck Cond: (link_type_id = lt.id)
                                                                                      Heap Blocks: exact=191
                                                                                      ->  Bitmap Index Scan on link_type_id_movie_link  (cost=0.00..38.35 rows=1875 width=0) (actual time=0.040..0.040 rows=1158 loops=2)
                                                                                            Index Cond: (link_type_id = lt.id)
                                                                          ->  Index Scan using movie_id_movie_info_idx on movie_info_idx mi_idx2  (cost=0.43..2.05 rows=2 width=13) (actual time=0.002..0.002 rows=1 loops=2315)
                                                                                Index Cond: (movie_id = ml.linked_movie_id)
                                                                                Filter: (info < '3.5'::text)
                                                                                Rows Removed by Filter: 1
                                                        ->  Index Scan using movie_id_movie_info_idx on movie_info_idx mi_idx1  (cost=0.43..2.04 rows=3 width=13) (actual time=0.002..0.002 rows=3 loops=47)
                                                              Index Cond: (movie_id = ml.movie_id)
                                                  ->  Index Scan using title_pkey on title t1  (cost=0.43..0.58 rows=1 width=25) (actual time=0.003..0.003 rows=1 loops=41)
                                                        Index Cond: (id = mi_idx1.movie_id)
                                            ->  Materialize  (cost=0.00..1.10 rows=2 width=4) (actual time=0.000..0.000 rows=1 loops=41)
                                                  ->  Seq Scan on kind_type kt1  (cost=0.00..1.09 rows=2 width=4) (actual time=0.003..0.004 rows=2 loops=1)
                                                        Filter: ((kind)::text = ANY ('{"tv series",episode}'::text[]))
                                                        Rows Removed by Filter: 5
                                      ->  Index Scan using movie_id_movie_companies on movie_companies mc2  (cost=0.43..0.67 rows=5 width=8) (actual time=0.003..0.004 rows=2 loops=41)
                                            Index Cond: (movie_id = mi_idx2.movie_id)
                                ->  Index Scan using company_name_pkey on company_name cn2  (cost=0.42..0.44 rows=1 width=23) (actual time=0.002..0.002 rows=1 loops=84)
                                      Index Cond: (id = mc2.company_id)
                          ->  Index Scan using movie_id_movie_companies on movie_companies mc1  (cost=0.43..0.56 rows=5 width=8) (actual time=0.002..0.003 rows=3 loops=84)
                                Index Cond: (movie_id = t1.id)
                    ->  Index Scan using company_name_pkey on company_name cn1  (cost=0.42..0.45 rows=1 width=23) (actual time=0.002..0.002 rows=1 loops=293)
                          Index Cond: (id = mc1.company_id)
                          Filter: ((country_code)::text <> '[us]'::text)
                          Rows Removed by Filter: 0
              ->  Index Scan using title_pkey on title t2  (cost=0.43..0.52 rows=1 width=25) (actual time=0.002..0.002 rows=1 loops=218)
                    Index Cond: (id = mc2.movie_id)
                    Filter: ((production_year >= 2000) AND (production_year <= 2010))
                    Rows Removed by Filter: 0
        ->  Materialize  (cost=0.00..1.10 rows=2 width=4) (actual time=0.000..0.000 rows=1 loops=133)
              ->  Seq Scan on kind_type kt2  (cost=0.00..1.09 rows=2 width=4) (actual time=0.002..0.003 rows=2 loops=1)
                    Filter: ((kind)::text = ANY ('{"tv series",episode}'::text[]))
                    Rows Removed by Filter: 5
Planning time: 60.351 ms
Execution time: 8.889 ms
