Aggregate  (cost=16449.15..16449.16 rows=1 width=192) (actual time=25.616..25.616 rows=1 loops=1)
  ->  Nested Loop  (cost=42.38..16448.17 rows=65 width=82) (actual time=1.813..25.546 rows=114 loops=1)
        ->  Nested Loop  (cost=41.96..16415.81 rows=73 width=67) (actual time=1.811..25.351 rows=114 loops=1)
              ->  Nested Loop  (cost=41.53..16395.84 rows=30 width=75) (actual time=1.807..25.215 rows=46 loops=1)
                    Join Filter: (t1.kind_id = kt1.id)
                    ->  Nested Loop  (cost=41.53..16392.15 rows=91 width=79) (actual time=1.802..25.197 rows=46 loops=1)
                          Join Filter: (ml.movie_id = t1.id)
                          ->  Nested Loop  (cost=41.10..16340.31 rows=98 width=70) (actual time=1.798..25.104 rows=46 loops=1)
                                Join Filter: ((ml.movie_id = mi_idx1.movie_id) AND (it1.id = mi_idx1.info_type_id))
                                Rows Removed by Join Filter: 92
                                ->  Nested Loop  (cost=40.67..16251.81 rows=163 width=65) (actual time=1.793..24.981 rows=49 loops=1)
                                      ->  Index Scan using info_type_pkey on info_type it1  (cost=0.14..14.12 rows=1 width=4) (actual time=0.017..0.019 rows=1 loops=1)
                                            Filter: ((info)::text = 'rating'::text)
                                            Rows Removed by Filter: 112
                                      ->  Nested Loop  (cost=40.53..16236.06 rows=163 width=61) (actual time=1.775..24.953 rows=49 loops=1)
                                            Join Filter: (mi_idx2.info_type_id = it2.id)
                                            Rows Removed by Join Filter: 4124
                                            ->  Seq Scan on info_type it2  (cost=0.00..2.41 rows=1 width=4) (actual time=0.009..0.011 rows=1 loops=1)
                                                  Filter: ((info)::text = 'rating'::text)
                                                  Rows Removed by Filter: 112
                                            ->  Nested Loop  (cost=40.53..16223.44 rows=816 width=65) (actual time=0.102..24.680 rows=4173 loops=1)
                                                  ->  Nested Loop  (cost=40.11..15467.21 rows=1696 width=50) (actual time=0.098..17.174 rows=4644 loops=1)
                                                        ->  Nested Loop  (cost=39.68..12379.64 rows=778 width=42) (actual time=0.093..13.874 rows=1130 loops=1)
                                                              Join Filter: (kt2.id = t2.kind_id)
                                                              Rows Removed by Join Filter: 1112
                                                              ->  Nested Loop  (cost=39.68..12311.84 rows=2335 width=46) (actual time=0.071..13.419 rows=1318 loops=1)
                                                                    Join Filter: (ml.linked_movie_id = t2.id)
                                                                    ->  Nested Loop  (cost=39.25..8235.01 rows=5612 width=21) (actual time=0.066..7.084 rows=3080 loops=1)
                                                                          ->  Nested Loop  (cost=38.82..470.30 rows=3750 width=8) (actual time=0.059..0.847 rows=2315 loops=1)
                                                                                ->  Seq Scan on link_type lt  (cost=0.00..1.25 rows=2 width=4) (actual time=0.003..0.006 rows=2 loops=1)
                                                                                      Filter: ((link)::text = ANY ('{sequel,follows,"followed by"}'::text[]))
                                                                                      Rows Removed by Filter: 16
                                                                                ->  Bitmap Heap Scan on movie_link ml  (cost=38.82..215.78 rows=1875 width=12) (actual time=0.052..0.290 rows=1158 loops=2)
                                                                                      Recheck Cond: (link_type_id = lt.id)
                                                                                      Heap Blocks: exact=191
                                                                                      ->  Bitmap Index Scan on link_type_id_movie_link  (cost=0.00..38.35 rows=1875 width=0) (actual time=0.040..0.040 rows=1158 loops=2)
                                                                                            Index Cond: (link_type_id = lt.id)
                                                                          ->  Index Scan using movie_id_movie_info_idx on movie_info_idx mi_idx2  (cost=0.43..2.05 rows=2 width=13) (actual time=0.002..0.002 rows=1 loops=2315)
                                                                                Index Cond: (movie_id = ml.linked_movie_id)
                                                                                Filter: (info < '3.5'::text)
                                                                                Rows Removed by Filter: 1
                                                                    ->  Index Scan using title_pkey on title t2  (cost=0.43..0.71 rows=1 width=25) (actual time=0.002..0.002 rows=0 loops=3080)
                                                                          Index Cond: (id = mi_idx2.movie_id)
                                                                          Filter: ((production_year >= 2000) AND (production_year <= 2010))
                                                                          Rows Removed by Filter: 1
                                                              ->  Materialize  (cost=0.00..1.10 rows=2 width=4) (actual time=0.000..0.000 rows=2 loops=1318)
                                                                    ->  Seq Scan on kind_type kt2  (cost=0.00..1.09 rows=2 width=4) (actual time=0.002..0.003 rows=2 loops=1)
                                                                          Filter: ((kind)::text = ANY ('{"tv series",episode}'::text[]))
                                                                          Rows Removed by Filter: 5
                                                        ->  Index Scan using movie_id_movie_companies on movie_companies mc1  (cost=0.43..3.92 rows=5 width=8) (actual time=0.001..0.002 rows=4 loops=1130)
                                                              Index Cond: (movie_id = ml.movie_id)
                                                  ->  Index Scan using company_name_pkey on company_name cn1  (cost=0.42..0.45 rows=1 width=23) (actual time=0.001..0.001 rows=1 loops=4644)
                                                        Index Cond: (id = mc1.company_id)
                                                        Filter: ((country_code)::text <> '[us]'::text)
                                                        Rows Removed by Filter: 0
                                ->  Index Scan using movie_id_movie_info_idx on movie_info_idx mi_idx1  (cost=0.43..0.50 rows=3 width=13) (actual time=0.002..0.002 rows=3 loops=49)
                                      Index Cond: (movie_id = mc1.movie_id)
                          ->  Index Scan using title_pkey on title t1  (cost=0.43..0.52 rows=1 width=25) (actual time=0.002..0.002 rows=1 loops=46)
                                Index Cond: (id = mc1.movie_id)
                    ->  Materialize  (cost=0.00..1.10 rows=2 width=4) (actual time=0.000..0.000 rows=1 loops=46)
                          ->  Seq Scan on kind_type kt1  (cost=0.00..1.09 rows=2 width=4) (actual time=0.004..0.004 rows=1 loops=1)
                                Filter: ((kind)::text = ANY ('{"tv series",episode}'::text[]))
                                Rows Removed by Filter: 1
              ->  Index Scan using movie_id_movie_companies on movie_companies mc2  (cost=0.43..0.62 rows=5 width=8) (actual time=0.002..0.002 rows=2 loops=46)
                    Index Cond: (movie_id = t2.id)
        ->  Index Scan using company_name_pkey on company_name cn2  (cost=0.42..0.44 rows=1 width=23) (actual time=0.001..0.001 rows=1 loops=114)
              Index Cond: (id = mc2.company_id)
Planning time: 59.847 ms
Execution time: 25.708 ms
