Aggregate  (cost=4271.65..4271.66 rows=1 width=192) (actual time=52.765..52.765 rows=1 loops=1)
  ->  Nested Loop  (cost=4.81..4271.64 rows=1 width=82) (actual time=7.482..52.685 rows=114 loops=1)
        ->  Nested Loop  (cost=4.39..4271.19 rows=1 width=67) (actual time=7.479..52.401 rows=131 loops=1)
              ->  Nested Loop  (cost=3.96..4270.58 rows=1 width=75) (actual time=7.473..52.244 rows=44 loops=1)
                    Join Filter: (kt1.id = t1.kind_id)
                    ->  Nested Loop  (cost=3.96..4269.47 rows=1 width=79) (actual time=7.471..52.172 rows=44 loops=1)
                          Join Filter: (ml.movie_id = t1.id)
                          ->  Nested Loop  (cost=3.53..4268.88 rows=1 width=54) (actual time=7.465..52.065 rows=44 loops=1)
                                ->  Nested Loop  (cost=3.11..4268.44 rows=1 width=39) (actual time=7.460..51.959 rows=44 loops=1)
                                      ->  Nested Loop  (cost=2.68..4267.77 rows=1 width=47) (actual time=7.454..51.870 rows=19 loops=1)
                                            Join Filter: (t2.kind_id = kt2.id)
                                            Rows Removed by Join Filter: 16
                                            ->  Nested Loop  (cost=2.68..4266.66 rows=1 width=51) (actual time=5.997..51.809 rows=27 loops=1)
                                                  Join Filter: (ml.linked_movie_id = t2.id)
                                                  ->  Nested Loop  (cost=2.25..4265.22 rows=2 width=26) (actual time=5.990..51.633 rows=41 loops=1)
                                                        Join Filter: (it2.id = mi_idx2.info_type_id)
                                                        Rows Removed by Join Filter: 2863
                                                        ->  Nested Loop  (cost=1.82..3980.86 rows=137 width=21) (actual time=0.117..45.905 rows=2064 loops=1)
                                                              ->  Nested Loop  (cost=1.82..3976.73 rows=137 width=17) (actual time=0.108..45.234 rows=2064 loops=1)
                                                                    Join Filter: (lt.id = ml.link_type_id)
                                                                    Rows Removed by Join Filter: 38685
                                                                    ->  Merge Join  (cost=1.82..3939.48 rows=823 width=21) (actual time=0.029..37.396 rows=20890 loops=1)
                                                                          Merge Cond: (mi_idx1.movie_id = ml.movie_id)
                                                                          ->  Nested Loop  (cost=0.43..64518.65 rows=12213 width=9) (actual time=0.023..27.440 rows=21301 loops=1)
                                                                                Join Filter: (mi_idx1.info_type_id = it1.id)
                                                                                Rows Removed by Join Filter: 42602
                                                                                ->  Index Scan using movie_id_movie_info_idx on movie_info_idx mi_idx1  (cost=0.43..43815.71 rows=1380035 width=13) (actual time=0.006..9.555 rows=63903 loops=1)
                                                                                ->  Materialize  (cost=0.00..2.42 rows=1 width=4) (actual time=0.000..0.000 rows=1 loops=63903)
                                                                                      ->  Seq Scan on info_type it1  (cost=0.00..2.41 rows=1 width=4) (actual time=0.012..0.013 rows=1 loops=1)
                                                                                            Filter: ((info)::text = 'rating'::text)
                                                                                            Rows Removed by Filter: 112
                                                                          ->  Index Scan using movie_id_movie_link on movie_link ml  (cost=0.29..959.51 rows=29997 width=12) (actual time=0.005..4.487 rows=29997 loops=1)
                                                                    ->  Materialize  (cost=0.00..1.26 rows=3 width=4) (actual time=0.000..0.000 rows=2 loops=20890)
                                                                          ->  Seq Scan on link_type lt  (cost=0.00..1.25 rows=3 width=4) (actual time=0.003..0.006 rows=2 loops=1)
                                                                                Filter: ((link)::text = ANY ('{sequel,follows,"followed by"}'::text[]))
                                                                                Rows Removed by Filter: 16
                                                              ->  Materialize  (cost=0.00..2.42 rows=1 width=4) (actual time=0.000..0.000 rows=1 loops=2064)
                                                                    ->  Seq Scan on info_type it2  (cost=0.00..2.41 rows=1 width=4) (actual time=0.008..0.009 rows=1 loops=1)
                                                                          Filter: ((info)::text = 'rating'::text)
                                                                          Rows Removed by Filter: 112
                                                        ->  Index Scan using movie_id_movie_info_idx on movie_info_idx mi_idx2  (cost=0.43..2.05 rows=2 width=13) (actual time=0.002..0.003 rows=1 loops=2064)
                                                              Index Cond: (movie_id = ml.linked_movie_id)
                                                              Filter: (info < '3.5'::text)
                                                              Rows Removed by Filter: 1
                                                  ->  Index Scan using title_pkey on title t2  (cost=0.43..0.71 rows=1 width=25) (actual time=0.004..0.004 rows=1 loops=41)
                                                        Index Cond: (id = mi_idx2.movie_id)
                                                        Filter: ((production_year >= 2000) AND (production_year <= 2010))
                                                        Rows Removed by Filter: 0
                                            ->  Seq Scan on kind_type kt2  (cost=0.00..1.09 rows=2 width=4) (actual time=0.001..0.001 rows=1 loops=27)
                                                  Filter: ((kind)::text = ANY ('{"tv series",episode}'::text[]))
                                                  Rows Removed by Filter: 2
                                      ->  Index Scan using movie_id_movie_companies on movie_companies mc2  (cost=0.43..0.62 rows=5 width=8) (actual time=0.003..0.004 rows=2 loops=19)
                                            Index Cond: (movie_id = t2.id)
                                ->  Index Scan using company_name_pkey on company_name cn2  (cost=0.42..0.44 rows=1 width=23) (actual time=0.002..0.002 rows=1 loops=44)
                                      Index Cond: (id = mc2.company_id)
                          ->  Index Scan using title_pkey on title t1  (cost=0.43..0.58 rows=1 width=25) (actual time=0.002..0.002 rows=1 loops=44)
                                Index Cond: (id = mi_idx1.movie_id)
                    ->  Seq Scan on kind_type kt1  (cost=0.00..1.09 rows=2 width=4) (actual time=0.001..0.001 rows=1 loops=44)
                          Filter: ((kind)::text = ANY ('{"tv series",episode}'::text[]))
                          Rows Removed by Filter: 1
              ->  Index Scan using movie_id_movie_companies on movie_companies mc1  (cost=0.43..0.56 rows=5 width=8) (actual time=0.002..0.003 rows=3 loops=44)
                    Index Cond: (movie_id = t1.id)
        ->  Index Scan using company_name_pkey on company_name cn1  (cost=0.42..0.45 rows=1 width=23) (actual time=0.002..0.002 rows=1 loops=131)
              Index Cond: (id = mc1.company_id)
              Filter: ((country_code)::text <> '[us]'::text)
              Rows Removed by Filter: 0
Planning time: 60.195 ms
Execution time: 52.860 ms
