Aggregate  (cost=16642.48..16642.49 rows=1 width=32) (actual time=65.799..65.799 rows=1 loops=1)
  ->  Nested Loop  (cost=7.66..16642.48 rows=1 width=17) (actual time=4.074..65.791 rows=5 loops=1)
        Join Filter: (t.id = mi.movie_id)
        ->  Nested Loop  (cost=7.23..16546.89 rows=67 width=25) (actual time=2.789..58.160 rows=405 loops=1)
              ->  Nested Loop  (cost=6.80..16332.36 rows=438 width=4) (actual time=2.392..28.850 rows=12951 loops=1)
                    ->  Seq Scan on keyword k  (cost=0.00..2626.12 rows=13 width=4) (actual time=0.934..17.599 rows=30 loops=1)
                          Filter: (keyword ~~ '%sequel%'::text)
                          Rows Removed by Filter: 134140
                    ->  Bitmap Heap Scan on movie_keyword mk  (cost=6.80..1051.28 rows=305 width=8) (actual time=0.062..0.327 rows=432 loops=30)
                          Recheck Cond: (keyword_id = k.id)
                          Heap Blocks: exact=6979
                          ->  Bitmap Index Scan on keyword_id_movie_keyword  (cost=0.00..6.72 rows=305 width=0) (actual time=0.033..0.033 rows=432 loops=30)
                                Index Cond: (keyword_id = k.id)
              ->  Index Scan using title_pkey on title t  (cost=0.43..0.49 rows=1 width=21) (actual time=0.002..0.002 rows=0 loops=12951)
                    Index Cond: (id = mk.movie_id)
                    Filter: (production_year > 2010)
                    Rows Removed by Filter: 1
        ->  Index Scan using movie_id_movie_info on movie_info mi  (cost=0.43..1.41 rows=1 width=4) (actual time=0.018..0.019 rows=0 loops=405)
              Index Cond: (movie_id = mk.movie_id)
              Filter: (info = 'Bulgaria'::text)
              Rows Removed by Filter: 63
Planning time: 0.616 ms
Execution time: 65.830 ms
