Aggregate  (cost=6102.43..6102.44 rows=1 width=32) (actual time=486.433..486.434 rows=1 loops=1)
  ->  Nested Loop  (cost=7.66..6102.42 rows=1 width=17) (actual time=21.810..486.417 rows=5 loops=1)
        Join Filter: (mi.movie_id = t.id)
        ->  Nested Loop  (cost=7.23..6101.92 rows=1 width=8) (actual time=21.803..486.264 rows=21 loops=1)
              ->  Nested Loop  (cost=6.80..5968.05 rows=94 width=4) (actual time=2.405..31.684 rows=12951 loops=1)
                    ->  Seq Scan on keyword k  (cost=0.00..2626.12 rows=3 width=4) (actual time=0.942..17.924 rows=30 loops=1)
                          Filter: (keyword ~~ '%sequel%'::text)
                          Rows Removed by Filter: 134140
                    ->  Bitmap Heap Scan on movie_keyword mk  (cost=6.80..1110.92 rows=305 width=8) (actual time=0.064..0.403 rows=432 loops=30)
                          Recheck Cond: (keyword_id = k.id)
                          Heap Blocks: exact=6979
                          ->  Bitmap Index Scan on keyword_id_movie_keyword  (cost=0.00..6.72 rows=305 width=0) (actual time=0.035..0.035 rows=432 loops=30)
                                Index Cond: (keyword_id = k.id)
              ->  Index Scan using movie_id_movie_info on movie_info mi  (cost=0.43..1.41 rows=1 width=4) (actual time=0.035..0.035 rows=0 loops=12951)
                    Index Cond: (movie_id = mk.movie_id)
                    Filter: (info = 'Bulgaria'::text)
                    Rows Removed by Filter: 35
        ->  Index Scan using title_pkey on title t  (cost=0.43..0.49 rows=1 width=21) (actual time=0.006..0.006 rows=0 loops=21)
              Index Cond: (id = mk.movie_id)
              Filter: (production_year > 2010)
              Rows Removed by Filter: 1
Planning time: 0.609 ms
Execution time: 486.467 ms
