Aggregate  (cost=16565.49..16565.50 rows=1 width=64) (actual time=115.084..115.084 rows=1 loops=1)
  ->  Nested Loop  (cost=7.65..16565.48 rows=2 width=22) (actual time=3.730..114.839 rows=740 loops=1)
        Join Filter: (mi_idx.movie_id = t.id)
        ->  Nested Loop  (cost=7.22..16563.47 rows=4 width=13) (actual time=2.333..97.392 rows=5820 loops=1)
              Join Filter: (mi_idx.info_type_id = it.id)
              Rows Removed by Join Filter: 2609
              ->  Seq Scan on info_type it  (cost=0.00..2.41 rows=1 width=4) (actual time=0.010..0.013 rows=1 loops=1)
                    Filter: ((info)::text = 'rating'::text)
                    Rows Removed by Filter: 112
              ->  Nested Loop  (cost=7.22..16554.81 rows=500 width=17) (actual time=2.322..96.312 rows=8429 loops=1)
                    ->  Nested Loop  (cost=6.80..16332.36 rows=438 width=4) (actual time=2.277..29.901 rows=12951 loops=1)
                          ->  Seq Scan on keyword k  (cost=0.00..2626.12 rows=13 width=4) (actual time=0.935..17.155 rows=30 loops=1)
                                Filter: (keyword ~~ '%sequel%'::text)
                                Rows Removed by Filter: 134140
                          ->  Bitmap Heap Scan on movie_keyword mk  (cost=6.80..1051.28 rows=305 width=8) (actual time=0.058..0.372 rows=432 loops=30)
                                Recheck Cond: (keyword_id = k.id)
                                Heap Blocks: exact=6979
                                ->  Bitmap Index Scan on keyword_id_movie_keyword  (cost=0.00..6.72 rows=305 width=0) (actual time=0.032..0.032 rows=432 loops=30)
                                      Index Cond: (keyword_id = k.id)
                    ->  Index Scan using movie_id_movie_info_idx on movie_info_idx mi_idx  (cost=0.43..0.50 rows=1 width=13) (actual time=0.005..0.005 rows=1 loops=12951)
                          Index Cond: (movie_id = mk.movie_id)
                          Filter: (info > '5.0'::text)
                          Rows Removed by Filter: 1
        ->  Index Scan using title_pkey on title t  (cost=0.43..0.49 rows=1 width=21) (actual time=0.003..0.003 rows=0 loops=5820)
              Index Cond: (id = mk.movie_id)
              Filter: (production_year > 2005)
              Rows Removed by Filter: 1
Planning time: 0.791 ms
Execution time: 115.122 ms
