Aggregate  (cost=16557.83..16557.84 rows=1 width=64) (actual time=55.557..55.558 rows=1 loops=1)
  ->  Nested Loop  (cost=7.65..16557.82 rows=1 width=22) (actual time=6.026..55.548 rows=6 loops=1)
        Join Filter: (mi_idx.movie_id = t.id)
        ->  Nested Loop  (cost=7.22..16557.32 rows=1 width=13) (actual time=5.312..55.458 rows=21 loops=1)
              Join Filter: (mi_idx.info_type_id = it.id)
              Rows Removed by Join Filter: 277
              ->  Seq Scan on info_type it  (cost=0.00..2.41 rows=1 width=4) (actual time=0.011..0.013 rows=1 loops=1)
                    Filter: ((info)::text = 'rating'::text)
                    Rows Removed by Filter: 112
              ->  Nested Loop  (cost=7.22..16554.81 rows=8 width=17) (actual time=2.463..55.420 rows=298 loops=1)
                    ->  Nested Loop  (cost=6.80..16332.36 rows=438 width=4) (actual time=2.381..28.780 rows=12951 loops=1)
                          ->  Seq Scan on keyword k  (cost=0.00..2626.12 rows=13 width=4) (actual time=0.933..17.876 rows=30 loops=1)
                                Filter: (keyword ~~ '%sequel%'::text)
                                Rows Removed by Filter: 134140
                          ->  Bitmap Heap Scan on movie_keyword mk  (cost=6.80..1051.28 rows=305 width=8) (actual time=0.061..0.318 rows=432 loops=30)
                                Recheck Cond: (keyword_id = k.id)
                                Heap Blocks: exact=6979
                                ->  Bitmap Index Scan on keyword_id_movie_keyword  (cost=0.00..6.72 rows=305 width=0) (actual time=0.033..0.033 rows=432 loops=30)
                                      Index Cond: (keyword_id = k.id)
                    ->  Index Scan using movie_id_movie_info_idx on movie_info_idx mi_idx  (cost=0.43..0.50 rows=1 width=13) (actual time=0.002..0.002 rows=0 loops=12951)
                          Index Cond: (movie_id = mk.movie_id)
                          Filter: (info > '9.0'::text)
                          Rows Removed by Filter: 2
        ->  Index Scan using title_pkey on title t  (cost=0.43..0.49 rows=1 width=21) (actual time=0.004..0.004 rows=0 loops=21)
              Index Cond: (id = mk.movie_id)
              Filter: (production_year > 2010)
              Rows Removed by Filter: 1
Planning time: 0.790 ms
Execution time: 55.593 ms
