Aggregate  (cost=89595.27..89595.28 rows=1 width=32) (actual time=190.834..190.834 rows=1 loops=1)
  ->  Nested Loop  (cost=1.44..89593.63 rows=656 width=17) (actual time=190.832..190.832 rows=0 loops=1)
        ->  Nested Loop  (cost=1.29..89488.72 rows=656 width=21) (actual time=190.832..190.832 rows=0 loops=1)
              ->  Nested Loop  (cost=0.86..83490.41 rows=2582 width=25) (actual time=190.831..190.831 rows=0 loops=1)
                    ->  Nested Loop  (cost=0.43..53083.16 rows=6267 width=4) (actual time=190.831..190.831 rows=0 loops=1)
                          ->  Seq Scan on company_type ct  (cost=0.00..1.05 rows=1 width=4) (actual time=0.004..0.006 rows=1 loops=1)
                                Filter: ((kind)::text = 'production companies'::text)
                                Rows Removed by Filter: 3
                          ->  Index Scan using company_type_id_movie_companies on movie_companies mc  (cost=0.43..53067.12 rows=1499 width=8) (actual time=190.823..190.823 rows=0 loops=1)
                                Index Cond: (company_type_id = ct.id)
                                Filter: ((note ~~ '%(theatrical)%'::text) AND (note ~~ '%(France)%'::text))
                                Rows Removed by Filter: 1334883
                    ->  Index Scan using title_pkey on title t  (cost=0.43..4.85 rows=1 width=21) (never executed)
                          Index Cond: (id = mc.movie_id)
                          Filter: (production_year > 2005)
              ->  Index Scan using movie_id_movie_info on movie_info mi  (cost=0.43..2.31 rows=1 width=8) (never executed)
                    Index Cond: (movie_id = t.id)
                    Filter: (info = ANY ('{Sweden,Norway,Germany,Denmark,Swedish,Denish,Norwegian,German}'::text[]))
        ->  Index Only Scan using info_type_pkey on info_type it  (cost=0.14..0.16 rows=1 width=4) (never executed)
              Index Cond: (id = mi.info_type_id)
              Heap Fetches: 0
Planning time: 0.922 ms
Execution time: 190.876 ms
