Aggregate  (cost=142245.02..142245.03 rows=1 width=32) (actual time=191.637..191.637 rows=1 loops=1)
  ->  Nested Loop  (cost=1.29..142244.29 rows=292 width=17) (actual time=191.634..191.634 rows=0 loops=1)
        Join Filter: (mi.info_type_id = it.id)
        ->  Nested Loop  (cost=1.29..141751.93 rows=292 width=21) (actual time=191.634..191.634 rows=0 loops=1)
              ->  Nested Loop  (cost=0.86..113897.66 rows=11990 width=25) (actual time=191.634..191.634 rows=0 loops=1)
                    ->  Nested Loop  (cost=0.43..53083.16 rows=12534 width=4) (actual time=191.633..191.633 rows=0 loops=1)
                          ->  Seq Scan on company_type ct  (cost=0.00..1.05 rows=1 width=4) (actual time=0.003..0.005 rows=1 loops=1)
                                Filter: ((kind)::text = 'production companies'::text)
                                Rows Removed by Filter: 3
                          ->  Index Scan using company_type_id_movie_companies on movie_companies mc  (cost=0.43..53067.12 rows=1499 width=8) (actual time=191.626..191.626 rows=0 loops=1)
                                Index Cond: (company_type_id = ct.id)
                                Filter: ((note ~~ '%(theatrical)%'::text) AND (note ~~ '%(France)%'::text))
                                Rows Removed by Filter: 1334883
                    ->  Index Scan using title_pkey on title t  (cost=0.43..4.85 rows=1 width=21) (never executed)
                          Index Cond: (id = mc.movie_id)
                          Filter: (production_year > 2005)
              ->  Index Scan using movie_id_movie_info on movie_info mi  (cost=0.43..2.31 rows=1 width=8) (never executed)
                    Index Cond: (movie_id = t.id)
                    Filter: (info = ANY ('{Sweden,Norway,Germany,Denmark,Swedish,Denish,Norwegian,German}'::text[]))
        ->  Materialize  (cost=0.00..2.69 rows=113 width=4) (never executed)
              ->  Seq Scan on info_type it  (cost=0.00..2.13 rows=113 width=4) (never executed)
Planning time: 0.927 ms
Execution time: 191.679 ms
