Aggregate  (cost=56477.33..56477.34 rows=1 width=32) (actual time=192.703..192.703 rows=1 loops=1)
  ->  Nested Loop  (cost=1.29..56477.33 rows=2 width=17) (actual time=192.701..192.701 rows=0 loops=1)
        Join Filter: (mi.info_type_id = it.id)
        ->  Seq Scan on info_type it  (cost=0.00..2.13 rows=113 width=4) (actual time=0.005..0.012 rows=113 loops=1)
        ->  Materialize  (cost=1.29..56471.81 rows=2 width=21) (actual time=1.705..1.705 rows=0 loops=113)
              ->  Nested Loop  (cost=1.29..56471.80 rows=2 width=21) (actual time=192.668..192.668 rows=0 loops=1)
                    ->  Nested Loop  (cost=0.86..56465.09 rows=2 width=25) (actual time=192.668..192.668 rows=0 loops=1)
                          ->  Nested Loop  (cost=0.43..56329.89 rows=16 width=4) (actual time=192.668..192.668 rows=0 loops=1)
                                ->  Seq Scan on company_type ct  (cost=0.00..1.05 rows=1 width=4) (actual time=0.002..0.004 rows=1 loops=1)
                                      Filter: ((kind)::text = 'production companies'::text)
                                      Rows Removed by Filter: 3
                                ->  Index Scan using company_type_id_movie_companies on movie_companies mc  (cost=0.43..56328.53 rows=31 width=8) (actual time=192.662..192.662 rows=0 loops=1)
                                      Index Cond: (company_type_id = ct.id)
                                      Filter: ((note ~~ '%(VHS)%'::text) AND (note ~~ '%(USA)%'::text) AND (note ~~ '%(1994)%'::text))
                                      Rows Removed by Filter: 1334883
                          ->  Index Scan using title_pkey on title t  (cost=0.43..8.45 rows=1 width=21) (never executed)
                                Index Cond: (id = mc.movie_id)
                                Filter: (production_year > 2010)
                    ->  Index Scan using movie_id_movie_info on movie_info mi  (cost=0.43..3.35 rows=1 width=8) (never executed)
                          Index Cond: (movie_id = t.id)
                          Filter: (info = ANY ('{USA,America}'::text[]))
Planning time: 0.850 ms
Execution time: 192.741 ms
