Aggregate  (cost=63870.02..63870.03 rows=1 width=32) (actual time=192.214..192.214 rows=1 loops=1)
  ->  Nested Loop  (cost=1.29..63869.81 rows=84 width=17) (actual time=192.212..192.212 rows=0 loops=1)
        Join Filter: (mi.info_type_id = it.id)
        ->  Nested Loop  (cost=1.29..63726.68 rows=84 width=21) (actual time=192.212..192.212 rows=0 loops=1)
              ->  Nested Loop  (cost=0.86..62761.89 rows=296 width=25) (actual time=192.211..192.211 rows=0 loops=1)
                    ->  Nested Loop  (cost=0.43..56329.89 rows=800 width=4) (actual time=192.211..192.211 rows=0 loops=1)
                          ->  Seq Scan on company_type ct  (cost=0.00..1.05 rows=1 width=4) (actual time=0.004..0.006 rows=1 loops=1)
                                Filter: ((kind)::text = 'production companies'::text)
                                Rows Removed by Filter: 3
                          ->  Index Scan using company_type_id_movie_companies on movie_companies mc  (cost=0.43..56328.53 rows=31 width=8) (actual time=192.203..192.203 rows=0 loops=1)
                                Index Cond: (company_type_id = ct.id)
                                Filter: ((note ~~ '%(VHS)%'::text) AND (note ~~ '%(USA)%'::text) AND (note ~~ '%(1994)%'::text))
                                Rows Removed by Filter: 1334883
                    ->  Index Scan using title_pkey on title t  (cost=0.43..8.04 rows=1 width=21) (never executed)
                          Index Cond: (id = mc.movie_id)
                          Filter: (production_year > 2010)
              ->  Index Scan using movie_id_movie_info on movie_info mi  (cost=0.43..3.25 rows=1 width=8) (never executed)
                    Index Cond: (movie_id = t.id)
                    Filter: (info = ANY ('{USA,America}'::text[]))
        ->  Materialize  (cost=0.00..2.69 rows=113 width=4) (never executed)
              ->  Seq Scan on info_type it  (cost=0.00..2.13 rows=113 width=4) (never executed)
Planning time: 0.861 ms
Execution time: 192.251 ms
