Aggregate  (cost=191122.73..191122.74 rows=1 width=32) (actual time=240.362..240.362 rows=1 loops=1)
  ->  Hash Join  (cost=4.84..191016.68 rows=42422 width=17) (actual time=2.715..240.204 rows=669 loops=1)
        Hash Cond: (mi.info_type_id = it.id)
        ->  Nested Loop  (cost=1.29..190480.89 rows=42422 width=21) (actual time=2.671..239.993 rows=669 loops=1)
              ->  Nested Loop  (cost=0.86..120465.19 rows=33070 width=25) (actual time=2.621..205.413 rows=767 loops=1)
                    ->  Nested Loop  (cost=0.43..54021.65 rows=47674 width=4) (actual time=2.612..202.225 rows=798 loops=1)
                          ->  Seq Scan on company_type ct  (cost=0.00..1.05 rows=1 width=4) (actual time=0.003..0.005 rows=1 loops=1)
                                Filter: ((kind)::text = 'production companies'::text)
                                Rows Removed by Filter: 3
                          ->  Index Scan using company_type_id_movie_companies on movie_companies mc  (cost=0.43..53067.12 rows=95348 width=8) (actual time=2.607..202.114 rows=798 loops=1)
                                Index Cond: (company_type_id = ct.id)
                                Filter: ((note !~~ '%(TV)%'::text) AND (note ~~ '%(USA)%'::text))
                                Rows Removed by Filter: 1334085
                    ->  Index Scan using title_pkey on title t  (cost=0.43..1.39 rows=1 width=21) (actual time=0.004..0.004 rows=1 loops=798)
                          Index Cond: (id = mc.movie_id)
                          Filter: (production_year > 1990)
                          Rows Removed by Filter: 0
              ->  Index Scan using movie_id_movie_info on movie_info mi  (cost=0.43..2.10 rows=2 width=8) (actual time=0.040..0.045 rows=1 loops=767)
                    Index Cond: (movie_id = t.id)
                    Filter: (info = ANY ('{Sweden,Norway,Germany,Denmark,Swedish,Denish,Norwegian,German,USA,American}'::text[]))
                    Rows Removed by Filter: 10
        ->  Hash  (cost=2.13..2.13 rows=113 width=4) (actual time=0.031..0.031 rows=113 loops=1)
              Buckets: 1024  Batches: 1  Memory Usage: 12kB
              ->  Seq Scan on info_type it  (cost=0.00..2.13 rows=113 width=4) (actual time=0.004..0.016 rows=113 loops=1)
Planning time: 0.836 ms
Execution time: 240.401 ms
