Aggregate  (cost=238366.44..238366.45 rows=1 width=32) (actual time=212.223..212.223 rows=1 loops=1)
  ->  Hash Join  (cost=4.84..238170.68 rows=78306 width=17) (actual time=2.670..212.062 rows=669 loops=1)
        Hash Cond: (mi.info_type_id = it.id)
        ->  Nested Loop  (cost=1.29..237184.67 rows=78306 width=21) (actual time=2.632..211.863 rows=669 loops=1)
              ->  Nested Loop  (cost=0.86..131171.94 rows=50211 width=25) (actual time=2.624..203.039 rows=767 loops=1)
                    ->  Nested Loop  (cost=0.43..54021.65 rows=71468 width=4) (actual time=2.617..200.139 rows=798 loops=1)
                          ->  Seq Scan on company_type ct  (cost=0.00..1.05 rows=1 width=4) (actual time=0.004..0.006 rows=1 loops=1)
                                Filter: ((kind)::text = 'production companies'::text)
                                Rows Removed by Filter: 3
                          ->  Index Scan using company_type_id_movie_companies on movie_companies mc  (cost=0.43..53067.12 rows=95348 width=8) (actual time=2.612..200.032 rows=798 loops=1)
                                Index Cond: (company_type_id = ct.id)
                                Filter: ((note !~~ '%(TV)%'::text) AND (note ~~ '%(USA)%'::text))
                                Rows Removed by Filter: 1334085
                    ->  Index Scan using title_pkey on title t  (cost=0.43..1.08 rows=1 width=21) (actual time=0.003..0.003 rows=1 loops=798)
                          Index Cond: (id = mc.movie_id)
                          Filter: (production_year > 1990)
                          Rows Removed by Filter: 0
              ->  Index Scan using movie_id_movie_info on movie_info mi  (cost=0.43..2.09 rows=2 width=8) (actual time=0.010..0.011 rows=1 loops=767)
                    Index Cond: (movie_id = t.id)
                    Filter: (info = ANY ('{Sweden,Norway,Germany,Denmark,Swedish,Denish,Norwegian,German,USA,American}'::text[]))
                    Rows Removed by Filter: 10
        ->  Hash  (cost=2.13..2.13 rows=113 width=4) (actual time=0.031..0.031 rows=113 loops=1)
              Buckets: 1024  Batches: 1  Memory Usage: 12kB
              ->  Seq Scan on info_type it  (cost=0.00..2.13 rows=113 width=4) (actual time=0.005..0.015 rows=113 loops=1)
Planning time: 0.916 ms
Execution time: 212.264 ms
