Aggregate  (cost=357858.76..357858.77 rows=1 width=32) (actual time=1075.171..1075.171 rows=1 loops=1)
  ->  Hash Join  (cost=89815.58..357771.73 rows=34814 width=17) (actual time=864.618..1074.993 rows=669 loops=1)
        Hash Cond: (mi.info_type_id = it.id)
        ->  Nested Loop  (cost=89812.04..357331.39 rows=34814 width=21) (actual time=864.579..1074.795 rows=669 loops=1)
              ->  Hash Join  (cost=89811.60..145637.40 rows=100265 width=25) (actual time=864.553..1065.854 rows=767 loops=1)
                    Hash Cond: (mc.movie_id = t.id)
                    ->  Nested Loop  (cost=0.43..54021.65 rows=142937 width=4) (actual time=2.597..203.456 rows=798 loops=1)
                          ->  Seq Scan on company_type ct  (cost=0.00..1.05 rows=1 width=4) (actual time=0.002..0.004 rows=1 loops=1)
                                Filter: ((kind)::text = 'production companies'::text)
                                Rows Removed by Filter: 3
                          ->  Index Scan using company_type_id_movie_companies on movie_companies mc  (cost=0.43..53067.12 rows=95348 width=8) (actual time=2.594..203.353 rows=798 loops=1)
                                Index Cond: (company_type_id = ct.id)
                                Filter: ((note !~~ '%(TV)%'::text) AND (note ~~ '%(USA)%'::text))
                                Rows Removed by Filter: 1334085
                    ->  Hash  (cost=67605.05..67605.05 rows=1776490 width=21) (actual time=857.250..857.250 rows=1749032 loops=1)
                          Buckets: 2097152  Batches: 1  Memory Usage: 110019kB
                          ->  Seq Scan on title t  (cost=0.00..67605.05 rows=1776490 width=21) (actual time=0.007..399.286 rows=1749032 loops=1)
                                Filter: (production_year > 1990)
                                Rows Removed by Filter: 779280
              ->  Index Scan using movie_id_movie_info on movie_info mi  (cost=0.43..2.09 rows=2 width=8) (actual time=0.010..0.011 rows=1 loops=767)
                    Index Cond: (movie_id = t.id)
                    Filter: (info = ANY ('{Sweden,Norway,Germany,Denmark,Swedish,Denish,Norwegian,German,USA,American}'::text[]))
                    Rows Removed by Filter: 10
        ->  Hash  (cost=2.13..2.13 rows=113 width=4) (actual time=0.035..0.035 rows=113 loops=1)
              Buckets: 1024  Batches: 1  Memory Usage: 12kB
              ->  Seq Scan on info_type it  (cost=0.00..2.13 rows=113 width=4) (actual time=0.005..0.014 rows=113 loops=1)
Planning time: 0.835 ms
Execution time: 1075.634 ms
