Aggregate  (cost=3875.76..3875.77 rows=1 width=96) (actual time=37.681..37.681 rows=1 loops=1)
  ->  Nested Loop  (cost=8.22..3875.75 rows=1 width=48) (actual time=5.467..37.663 rows=6 loops=1)
        ->  Nested Loop  (cost=7.79..3780.98 rows=207 width=37) (actual time=0.345..19.166 rows=1224 loops=1)
              Join Filter: (t.id = ci.movie_id)
              ->  Nested Loop  (cost=7.23..3770.75 rows=5 width=41) (actual time=0.312..10.201 rows=11 loops=1)
                    ->  Nested Loop  (cost=6.80..3754.10 rows=34 width=20) (actual time=0.301..10.112 rows=14 loops=1)
                          ->  Seq Scan on keyword k  (cost=0.00..2626.12 rows=1 width=20) (actual time=0.261..10.033 rows=1 loops=1)
                                Filter: (keyword = 'marvel-cinematic-universe'::text)
                                Rows Removed by Filter: 134169
                          ->  Bitmap Heap Scan on movie_keyword mk  (cost=6.80..1124.92 rows=305 width=8) (actual time=0.038..0.073 rows=14 loops=1)
                                Recheck Cond: (keyword_id = k.id)
                                Heap Blocks: exact=12
                                ->  Bitmap Index Scan on keyword_id_movie_keyword  (cost=0.00..6.72 rows=305 width=0) (actual time=0.032..0.032 rows=14 loops=1)
                                      Index Cond: (keyword_id = k.id)
                    ->  Index Scan using title_pkey on title t  (cost=0.43..0.49 rows=1 width=21) (actual time=0.006..0.006 rows=1 loops=14)
                          Index Cond: (id = mk.movie_id)
                          Filter: (production_year > 2010)
                          Rows Removed by Filter: 0
              ->  Index Scan using movie_id_cast_info on cast_info ci  (cost=0.56..1.56 rows=39 width=8) (actual time=0.023..0.791 rows=111 loops=11)
                    Index Cond: (movie_id = mk.movie_id)
        ->  Index Scan using name_pkey on name n  (cost=0.43..0.46 rows=1 width=19) (actual time=0.015..0.015 rows=0 loops=1224)
              Index Cond: (id = ci.person_id)
              Filter: (name ~~ '%Downey%Robert%'::text)
              Rows Removed by Filter: 1
Planning time: 0.796 ms
Execution time: 37.736 ms
