Aggregate  (cost=12428.85..12428.86 rows=1 width=96) (actual time=203.348..203.348 rows=1 loops=1)
  ->  Nested Loop  (cost=8.22..12428.84 rows=1 width=48) (actual time=10.904..203.326 rows=12 loops=1)
        ->  Nested Loop  (cost=7.79..12426.10 rows=6 width=37) (actual time=3.401..200.143 rows=383 loops=1)
              Join Filter: (t.id = ci.movie_id)
              ->  Nested Loop  (cost=7.23..12424.05 rows=1 width=41) (actual time=3.396..198.169 rows=36 loops=1)
                    ->  Nested Loop  (cost=6.80..12291.81 rows=270 width=20) (actual time=0.602..103.250 rows=35548 loops=1)
                          ->  Seq Scan on keyword k  (cost=0.00..3632.40 rows=8 width=20) (actual time=0.102..25.714 rows=8 loops=1)
                                Filter: (keyword = ANY ('{superhero,sequel,second-part,marvel-comics,based-on-comic,tv-special,fight,violence}'::text[]))
                                Rows Removed by Filter: 134162
                          ->  Bitmap Heap Scan on movie_keyword mk  (cost=6.80..1079.38 rows=305 width=8) (actual time=0.916..9.125 rows=4444 loops=8)
                                Recheck Cond: (keyword_id = k.id)
                                Heap Blocks: exact=23488
                                ->  Bitmap Index Scan on keyword_id_movie_keyword  (cost=0.00..6.72 rows=305 width=0) (actual time=0.551..0.551 rows=4444 loops=8)
                                      Index Cond: (keyword_id = k.id)
                    ->  Index Scan using title_pkey on title t  (cost=0.43..0.49 rows=1 width=21) (actual time=0.002..0.002 rows=0 loops=35548)
                          Index Cond: (id = mk.movie_id)
                          Filter: (production_year > 2014)
                          Rows Removed by Filter: 1
              ->  Index Scan using movie_id_cast_info on cast_info ci  (cost=0.56..1.56 rows=39 width=8) (actual time=0.017..0.052 rows=11 loops=36)
                    Index Cond: (movie_id = mk.movie_id)
        ->  Index Scan using name_pkey on name n  (cost=0.43..0.46 rows=1 width=19) (actual time=0.008..0.008 rows=0 loops=383)
              Index Cond: (id = ci.person_id)
              Filter: (name ~~ '%Downey%Robert%'::text)
              Rows Removed by Filter: 1
Planning time: 0.783 ms
Execution time: 203.391 ms
