Aggregate  (cost=12249.07..12249.08 rows=1 width=64) (actual time=801.097..801.097 rows=1 loops=1)
  ->  Nested Loop  (cost=41.24..12249.07 rows=1 width=32) (actual time=19.467..801.068 rows=32 loops=1)
        ->  Nested Loop  (cost=41.10..12248.58 rows=1 width=36) (actual time=19.462..800.996 rows=32 loops=1)
              Join Filter: (n.id = pi.person_id)
              ->  Nested Loop  (cost=40.67..12166.02 rows=87 width=44) (actual time=0.216..647.069 rows=19250 loops=1)
                    Join Filter: (an.person_id = n.id)
                    ->  Nested Loop  (cost=40.24..11921.54 rows=509 width=25) (actual time=0.210..399.981 rows=96434 loops=1)
                          ->  Nested Loop  (cost=39.81..10071.27 rows=3803 width=21) (actual time=0.206..126.762 rows=105262 loops=1)
                                ->  Nested Loop  (cost=39.25..8636.17 rows=243 width=25) (actual time=0.199..20.542 rows=1467 loops=1)
                                      ->  Nested Loop  (cost=38.82..245.23 rows=1875 width=4) (actual time=0.193..1.746 rows=5186 loops=1)
                                            ->  Seq Scan on link_type lt  (cost=0.00..1.23 rows=1 width=4) (actual time=0.005..0.008 rows=1 loops=1)
                                                  Filter: ((link)::text = 'features'::text)
                                                  Rows Removed by Filter: 17
                                            ->  Bitmap Heap Scan on movie_link ml  (cost=38.82..225.26 rows=1875 width=8) (actual time=0.187..1.026 rows=5186 loops=1)
                                                  Recheck Cond: (link_type_id = lt.id)
                                                  Heap Blocks: exact=132
                                                  ->  Bitmap Index Scan on link_type_id_movie_link  (cost=0.00..38.35 rows=1875 width=0) (actual time=0.171..0.171 rows=5186 loops=1)
                                                        Index Cond: (link_type_id = lt.id)
                                      ->  Index Scan using title_pkey on title t  (cost=0.43..4.48 rows=1 width=21) (actual time=0.003..0.003 rows=0 loops=5186)
                                            Index Cond: (id = ml.linked_movie_id)
                                            Filter: ((production_year >= 1980) AND (production_year <= 1995))
                                            Rows Removed by Filter: 1
                                ->  Index Scan using movie_id_cast_info on cast_info ci  (cost=0.56..5.52 rows=39 width=8) (actual time=0.005..0.064 rows=72 loops=1467)
                                      Index Cond: (movie_id = t.id)
                          ->  Index Scan using person_id_aka_name on aka_name an  (cost=0.42..0.47 rows=2 width=4) (actual time=0.002..0.002 rows=1 loops=105262)
                                Index Cond: (person_id = ci.person_id)
                                Filter: (name ~~ '%a%'::text)
                                Rows Removed by Filter: 0
                    ->  Index Scan using name_pkey on name n  (cost=0.43..0.47 rows=1 width=19) (actual time=0.002..0.002 rows=0 loops=96434)
                          Index Cond: (id = ci.person_id)
                          Filter: (((name_pcode_cf)::text >= 'A'::text) AND ((name_pcode_cf)::text <= 'F'::text) AND (((gender)::text = 'm'::text) OR (((gender)::text = 'f'::text) AND (name ~~ 'B%'::text))))
                          Rows Removed by Filter: 1
              ->  Index Scan using person_id_person_info on person_info pi  (cost=0.43..0.94 rows=1 width=8) (actual time=0.008..0.008 rows=0 loops=19250)
                    Index Cond: (person_id = ci.person_id)
                    Filter: (note = 'Volker Boehm'::text)
                    Rows Removed by Filter: 40
        ->  Index Scan using info_type_pkey on info_type it  (cost=0.14..0.31 rows=1 width=4) (actual time=0.002..0.002 rows=1 loops=32)
              Index Cond: (id = pi.info_type_id)
              Filter: ((info)::text = 'mini biography'::text)
Planning time: 3.713 ms
Execution time: 801.175 ms
