Aggregate  (cost=80926.77..80926.78 rows=1 width=64) (actual time=1588.946..1588.946 rows=1 loops=1)
  ->  Nested Loop  (cost=3308.90..80926.77 rows=1 width=110) (actual time=20.750..1286.687 rows=68185 loops=1)
        ->  Hash Join  (cost=3308.47..80926.31 rows=1 width=118) (actual time=20.742..1071.553 rows=109842 loops=1)
              Hash Cond: (ci.movie_id = ml.linked_movie_id)
              ->  Nested Loop  (cost=2492.19..79492.95 rows=7361 width=114) (actual time=12.127..901.209 rows=1618304 loops=1)
                    ->  Nested Loop  (cost=2491.63..64503.87 rows=896 width=122) (actual time=12.118..440.591 rows=12595 loops=1)
                          ->  Nested Loop  (cost=2491.20..59943.88 rows=5308 width=103) (actual time=12.075..263.904 rows=72979 loops=1)
                                ->  Nested Loop  (cost=2490.77..55264.72 rows=4403 width=99) (actual time=12.061..87.412 rows=84183 loops=1)
                                      ->  Seq Scan on info_type it  (cost=0.00..2.41 rows=1 width=4) (actual time=0.008..0.017 rows=1 loops=1)
                                            Filter: ((info)::text = 'mini biography'::text)
                                            Rows Removed by Filter: 112
                                      ->  Bitmap Heap Scan on person_info pi  (cost=2490.77..55224.09 rows=3822 width=103) (actual time=12.051..79.593 rows=84183 loops=1)
                                            Recheck Cond: (info_type_id = it.id)
                                            Filter: (note IS NOT NULL)
                                            Rows Removed by Filter: 1
                                            Heap Blocks: exact=40387
                                            ->  Bitmap Index Scan on info_type_id_person_info  (cost=0.00..2489.82 rows=134585 width=0) (actual time=6.327..6.327 rows=84184 loops=1)
                                                  Index Cond: (info_type_id = it.id)
                                ->  Index Scan using person_id_aka_name on aka_name an  (cost=0.42..1.04 rows=2 width=4) (actual time=0.002..0.002 rows=1 loops=84183)
                                      Index Cond: (person_id = pi.person_id)
                                      Filter: ((name IS NOT NULL) AND ((name ~~ '%a%'::text) OR (name ~~ 'A%'::text)))
                                      Rows Removed by Filter: 0
                          ->  Index Scan using name_pkey on name n  (cost=0.43..0.86 rows=1 width=19) (actual time=0.002..0.002 rows=0 loops=72979)
                                Index Cond: (id = an.person_id)
                                Filter: (((name_pcode_cf)::text >= 'A'::text) AND ((name_pcode_cf)::text <= 'F'::text) AND (((gender)::text = 'm'::text) OR (((gender)::text = 'f'::text) AND (name ~~ 'A%'::text))))
                                Rows Removed by Filter: 1
                    ->  Index Scan using person_id_cast_info on cast_info ci  (cost=0.56..11.58 rows=515 width=8) (actual time=0.003..0.022 rows=128 loops=12595)
                          Index Cond: (person_id = n.id)
              ->  Hash  (cost=722.54..722.54 rows=7499 width=4) (actual time=8.596..8.596 rows=21505 loops=1)
                    Buckets: 32768 (originally 8192)  Batches: 1 (originally 1)  Memory Usage: 1013kB
                    ->  Nested Loop  (cost=35.82..722.54 rows=7499 width=4) (actual time=0.295..5.791 rows=21505 loops=1)
                          ->  Seq Scan on link_type lt  (cost=0.00..1.27 rows=4 width=4) (actual time=0.005..0.010 rows=4 loops=1)
                                Filter: ((link)::text = ANY ('{references,"referenced in",features,"featured in"}'::text[]))
                                Rows Removed by Filter: 14
                          ->  Bitmap Heap Scan on movie_link ml  (cost=35.82..161.57 rows=1875 width=8) (actual time=0.184..0.842 rows=5376 loops=4)
                                Recheck Cond: (link_type_id = lt.id)
                                Heap Blocks: exact=542
                                ->  Bitmap Index Scan on link_type_id_movie_link  (cost=0.00..35.35 rows=1875 width=0) (actual time=0.169..0.169 rows=5376 loops=4)
                                      Index Cond: (link_type_id = lt.id)
        ->  Index Scan using title_pkey on title t  (cost=0.43..0.46 rows=1 width=4) (actual time=0.002..0.002 rows=1 loops=109842)
              Index Cond: (id = ci.movie_id)
              Filter: ((production_year >= 1980) AND (production_year <= 2010))
              Rows Removed by Filter: 0
Planning time: 3.657 ms
Execution time: 1589.032 ms
