Aggregate  (cost=67411.27..67411.28 rows=1 width=64) (actual time=1947.339..1947.339 rows=1 loops=1)
  ->  Nested Loop  (cost=6023.80..67411.27 rows=1 width=33) (actual time=176.113..1947.260 rows=62 loops=1)
        ->  Nested Loop  (cost=6023.37..67404.37 rows=9 width=41) (actual time=27.504..1915.407 rows=17379 loops=1)
              ->  Hash Join  (cost=6022.94..67400.26 rows=4 width=21) (actual time=27.497..1893.363 rows=7438 loops=1)
                    Hash Cond: (ci.role_id = rt.id)
                    ->  Nested Loop  (cost=6021.78..67398.57 rows=45 width=25) (actual time=27.487..1890.562 rows=19600 loops=1)
                          ->  Nested Loop  (cost=6021.22..66614.67 rows=410 width=25) (actual time=27.430..487.196 rows=48328 loops=1)
                                ->  Hash Join  (cost=6020.79..64120.05 rows=410 width=4) (actual time=27.420..367.014 rows=48328 loops=1)
                                      Hash Cond: (mc.company_id = cn.id)
                                      ->  Seq Scan on movie_companies mc  (cost=0.00..57926.93 rows=13650 width=8) (actual time=0.072..326.232 rows=48897 loops=1)
                                            Filter: ((note ~~ '%(Japan)%'::text) AND (note !~~ '%(USA)%'::text))
                                            Rows Removed by Filter: 2560232
                                      ->  Hash  (cost=5932.46..5932.46 rows=7066 width=4) (actual time=27.336..27.336 rows=6752 loops=1)
                                            Buckets: 8192  Batches: 1  Memory Usage: 302kB
                                            ->  Seq Scan on company_name cn  (cost=0.00..5932.46 rows=7066 width=4) (actual time=0.007..26.245 rows=6752 loops=1)
                                                  Filter: ((country_code)::text = '[jp]'::text)
                                                  Rows Removed by Filter: 228245
                                ->  Index Scan using title_pkey on title t  (cost=0.43..6.08 rows=1 width=21) (actual time=0.002..0.002 rows=1 loops=48328)
                                      Index Cond: (id = mc.movie_id)
                          ->  Index Scan using movie_id_cast_info on cast_info ci  (cost=0.56..1.90 rows=1 width=12) (actual time=0.028..0.029 rows=0 loops=48328)
                                Index Cond: (movie_id = t.id)
                                Filter: (note = '(voice: English version)'::text)
                                Rows Removed by Filter: 32
                    ->  Hash  (cost=1.15..1.15 rows=1 width=4) (actual time=0.007..0.007 rows=1 loops=1)
                          Buckets: 1024  Batches: 1  Memory Usage: 9kB
                          ->  Seq Scan on role_type rt  (cost=0.00..1.15 rows=1 width=4) (actual time=0.005..0.006 rows=1 loops=1)
                                Filter: ((role)::text = 'actress'::text)
                                Rows Removed by Filter: 11
              ->  Index Scan using person_id_aka_name on aka_name an1  (cost=0.42..1.01 rows=2 width=20) (actual time=0.002..0.002 rows=2 loops=7438)
                    Index Cond: (person_id = ci.person_id)
        ->  Index Scan using name_pkey on name n1  (cost=0.43..0.77 rows=1 width=4) (actual time=0.002..0.002 rows=0 loops=17379)
              Index Cond: (id = an1.person_id)
              Filter: ((name ~~ '%Yo%'::text) AND (name !~~ '%Yu%'::text))
              Rows Removed by Filter: 1
Planning time: 2.012 ms
Execution time: 1947.395 ms
