Aggregate  (cost=71824.98..71824.99 rows=1 width=64) (actual time=1556.639..1556.640 rows=1 loops=1)
  ->  Nested Loop  (cost=6019.60..71824.98 rows=1 width=33) (actual time=137.692..1556.565 rows=62 loops=1)
        ->  Nested Loop  (cost=6019.17..71824.21 rows=1 width=41) (actual time=26.987..1526.126 rows=17379 loops=1)
              ->  Hash Join  (cost=6018.74..71818.03 rows=7 width=21) (actual time=26.978..1505.269 rows=7438 loops=1)
                    Hash Cond: (ci.role_id = rt.id)
                    ->  Nested Loop  (cost=6017.58..71815.93 rows=79 width=25) (actual time=26.966..1502.707 rows=19600 loops=1)
                          ->  Nested Loop  (cost=6017.02..69242.38 rows=1346 width=25) (actual time=26.914..469.104 rows=48328 loops=1)
                                ->  Hash Join  (cost=6016.59..64610.14 rows=1348 width=4) (actual time=26.901..357.599 rows=48328 loops=1)
                                      Hash Cond: (mc.company_id = cn.id)
                                      ->  Seq Scan on movie_companies mc  (cost=0.00..57926.93 rows=52801 width=8) (actual time=0.087..318.616 rows=48897 loops=1)
                                            Filter: ((note ~~ '%(Japan)%'::text) AND (note !~~ '%(USA)%'::text))
                                            Rows Removed by Filter: 2560232
                                      ->  Hash  (cost=5932.46..5932.46 rows=6730 width=4) (actual time=26.802..26.802 rows=6752 loops=1)
                                            Buckets: 8192  Batches: 1  Memory Usage: 302kB
                                            ->  Seq Scan on company_name cn  (cost=0.00..5932.46 rows=6730 width=4) (actual time=0.007..25.735 rows=6752 loops=1)
                                                  Filter: ((country_code)::text = '[jp]'::text)
                                                  Rows Removed by Filter: 228245
                                ->  Index Scan using title_pkey on title t  (cost=0.43..3.44 rows=1 width=21) (actual time=0.002..0.002 rows=1 loops=48328)
                                      Index Cond: (id = mc.movie_id)
                          ->  Index Scan using movie_id_cast_info on cast_info ci  (cost=0.56..1.90 rows=1 width=12) (actual time=0.020..0.021 rows=0 loops=48328)
                                Index Cond: (movie_id = t.id)
                                Filter: (note = '(voice: English version)'::text)
                                Rows Removed by Filter: 32
                    ->  Hash  (cost=1.15..1.15 rows=1 width=4) (actual time=0.007..0.007 rows=1 loops=1)
                          Buckets: 1024  Batches: 1  Memory Usage: 9kB
                          ->  Seq Scan on role_type rt  (cost=0.00..1.15 rows=1 width=4) (actual time=0.005..0.006 rows=1 loops=1)
                                Filter: ((role)::text = 'actress'::text)
                                Rows Removed by Filter: 11
              ->  Index Scan using person_id_aka_name on aka_name an1  (cost=0.42..0.86 rows=2 width=20) (actual time=0.002..0.002 rows=2 loops=7438)
                    Index Cond: (person_id = ci.person_id)
        ->  Index Scan using name_pkey on name n1  (cost=0.43..0.77 rows=1 width=4) (actual time=0.002..0.002 rows=0 loops=17379)
              Index Cond: (id = an1.person_id)
              Filter: ((name ~~ '%Yo%'::text) AND (name !~~ '%Yu%'::text))
              Rows Removed by Filter: 1
Planning time: 2.103 ms
Execution time: 1556.705 ms
