Aggregate  (cost=670314.97..670314.98 rows=1 width=64) (actual time=7762.224..7762.224 rows=1 loops=1)
  ->  Hash Join  (cost=601009.45..633848.34 rows=7293326 width=33) (actual time=6801.578..7317.596 rows=2487611 loops=1)
        Hash Cond: (a1.person_id = n1.id)
        ->  Seq Scan on aka_name a1  (cost=0.00..20409.43 rows=901343 width=20) (actual time=0.007..82.555 rows=901343 loops=1)
        ->  Hash  (cost=561727.51..561727.51 rows=3142555 width=25) (actual time=6792.937..6792.937 rows=1970658 loops=1)
              Buckets: 4194304  Batches: 1  Memory Usage: 145567kB
              ->  Hash Join  (cost=351130.83..561727.51 rows=3142555 width=25) (actual time=3997.597..6392.999 rows=1970658 loops=1)
                    Hash Cond: (ci.movie_id = t.id)
                    ->  Hash Join  (cost=149390.80..337243.09 rows=3020203 width=12) (actual time=1486.283..2935.895 rows=2728943 loops=1)
                          Hash Cond: (ci.person_id = n1.id)
                          ->  Nested Loop  (cost=0.56..149722.81 rows=3020203 width=8) (actual time=0.025..864.941 rows=2728943 loops=1)
                                ->  Seq Scan on role_type rt  (cost=0.00..1.15 rows=1 width=4) (actual time=0.006..0.010 rows=1 loops=1)
                                      Filter: ((role)::text = 'writer'::text)
                                      Rows Removed by Filter: 11
                                ->  Index Scan using role_id_cast_info on cast_info ci  (cost=0.56..116773.99 rows=3294767 width=12) (actual time=0.017..532.970 rows=2728943 loops=1)
                                      Index Cond: (role_id = rt.id)
                          ->  Hash  (cost=97291.77..97291.77 rows=4167877 width=4) (actual time=1477.604..1477.604 rows=4167491 loops=1)
                                Buckets: 4194304  Batches: 1  Memory Usage: 179282kB
                                ->  Seq Scan on name n1  (cost=0.00..97291.77 rows=4167877 width=4) (actual time=0.008..543.671 rows=4167491 loops=1)
                    ->  Hash  (cost=189790.21..189790.21 rows=955986 width=25) (actual time=2508.568..2508.568 rows=1153798 loops=1)
                          Buckets: 2097152 (originally 1048576)  Batches: 1 (originally 1)  Memory Usage: 84892kB
                          ->  Hash Join  (cost=99899.44..189790.21 rows=955986 width=25) (actual time=1088.735..2178.060 rows=1153798 loops=1)
                                Hash Cond: (mc.movie_id = t.id)
                                ->  Hash Join  (cost=7008.75..84830.20 rows=955986 width=4) (actual time=49.381..738.233 rows=1153798 loops=1)
                                      Hash Cond: (mc.company_id = cn.id)
                                      ->  Seq Scan on movie_companies mc  (cost=0.00..44881.29 rows=2609129 width=8) (actual time=0.010..234.545 rows=2609129 loops=1)
                                      ->  Hash  (cost=5932.46..5932.46 rows=86103 width=4) (actual time=48.734..48.734 rows=84843 loops=1)
                                            Buckets: 131072  Batches: 1  Memory Usage: 4007kB
                                            ->  Seq Scan on company_name cn  (cost=0.00..5932.46 rows=86103 width=4) (actual time=0.008..33.821 rows=84843 loops=1)
                                                  Filter: ((country_code)::text = '[us]'::text)
                                                  Rows Removed by Filter: 150154
                                ->  Hash  (cost=61283.64..61283.64 rows=2528564 width=21) (actual time=1030.704..1030.704 rows=2528312 loops=1)
                                      Buckets: 4194304  Batches: 1  Memory Usage: 168637kB
                                      ->  Seq Scan on title t  (cost=0.00..61283.64 rows=2528564 width=21) (actual time=0.011..353.077 rows=2528312 loops=1)
Planning time: 2.046 ms
Execution time: 7764.986 ms
