Aggregate  (cost=576588.21..576588.22 rows=1 width=64) (actual time=7460.369..7460.369 rows=1 loops=1)
  ->  Hash Join  (cost=549424.44..575553.40 rows=206962 width=33) (actual time=6490.360..7015.642 rows=2487611 loops=1)
        Hash Cond: (a1.person_id = n1.id)
        ->  Seq Scan on aka_name a1  (cost=0.00..20409.43 rows=901343 width=20) (actual time=0.007..82.002 rows=901343 loops=1)
        ->  Hash  (cost=535901.91..535901.91 rows=1081802 width=25) (actual time=6485.666..6485.666 rows=1970658 loops=1)
              Buckets: 2097152  Batches: 1  Memory Usage: 129183kB
              ->  Hash Join  (cost=348053.66..535901.91 rows=1081802 width=25) (actual time=3953.113..6085.801 rows=1970658 loops=1)
                    Hash Cond: (ci.person_id = n1.id)
                    ->  Hash Join  (cost=198668.25..371613.97 rows=1180399 width=21) (actual time=2506.328..4243.196 rows=1970658 loops=1)
                          Hash Cond: (ci.movie_id = t.id)
                          ->  Nested Loop  (cost=0.56..149722.81 rows=3294940 width=8) (actual time=0.034..825.474 rows=2728943 loops=1)
                                ->  Seq Scan on role_type rt  (cost=0.00..1.15 rows=1 width=4) (actual time=0.009..0.014 rows=1 loops=1)
                                      Filter: ((role)::text = 'writer'::text)
                                      Rows Removed by Filter: 11
                                ->  Index Scan using role_id_cast_info on cast_info ci  (cost=0.56..116773.99 rows=3294767 width=12) (actual time=0.022..497.325 rows=2728943 loops=1)
                                      Index Cond: (role_id = rt.id)
                          ->  Hash  (cost=188242.97..188242.97 rows=833977 width=25) (actual time=2503.538..2503.538 rows=1153798 loops=1)
                                Buckets: 2097152 (originally 1048576)  Batches: 1 (originally 1)  Memory Usage: 84892kB
                                ->  Hash Join  (cost=99874.90..188242.97 rows=833977 width=25) (actual time=1085.638..2170.456 rows=1153798 loops=1)
                                      Hash Cond: (mc.movie_id = t.id)
                                      ->  Hash Join  (cost=6987.36..84808.81 rows=835376 width=4) (actual time=49.119..730.813 rows=1153798 loops=1)
                                            Hash Cond: (mc.company_id = cn.id)
                                            ->  Seq Scan on movie_companies mc  (cost=0.00..44881.29 rows=2609129 width=8) (actual time=0.008..234.115 rows=2609129 loops=1)
                                            ->  Hash  (cost=5932.46..5932.46 rows=84392 width=4) (actual time=48.483..48.483 rows=84843 loops=1)
                                                  Buckets: 131072  Batches: 1  Memory Usage: 4007kB
                                                  ->  Seq Scan on company_name cn  (cost=0.00..5932.46 rows=84392 width=4) (actual time=0.007..33.743 rows=84843 loops=1)
                                                        Filter: ((country_code)::text = '[us]'::text)
                                                        Rows Removed by Filter: 150154
                                      ->  Hash  (cost=61283.64..61283.64 rows=2528312 width=21) (actual time=1027.861..1027.861 rows=2528312 loops=1)
                                            Buckets: 4194304  Batches: 1  Memory Usage: 168637kB
                                            ->  Seq Scan on title t  (cost=0.00..61283.64 rows=2528312 width=21) (actual time=0.009..351.680 rows=2528312 loops=1)
                    ->  Hash  (cost=97291.77..97291.77 rows=4167491 width=4) (actual time=1438.137..1438.137 rows=4167491 loops=1)
                          Buckets: 4194304  Batches: 1  Memory Usage: 179282kB
                          ->  Seq Scan on name n1  (cost=0.00..97291.77 rows=4167491 width=4) (actual time=0.010..530.710 rows=4167491 loops=1)
Planning time: 2.026 ms
Execution time: 7462.966 ms
