Aggregate  (cost=578004.32..578004.33 rows=1 width=64) (actual time=7437.514..7437.514 rows=1 loops=1)
  ->  Hash Join  (cost=550628.01..576969.65 rows=206933 width=33) (actual time=6464.974..6991.321 rows=2487611 loops=1)
        Hash Cond: (a1.person_id = n1.id)
        ->  Seq Scan on aka_name a1  (cost=0.00..20409.43 rows=901343 width=20) (actual time=0.006..82.418 rows=901343 loops=1)
        ->  Hash  (cost=535876.17..535876.17 rows=1180147 width=25) (actual time=6460.289..6460.289 rows=1970658 loops=1)
              Buckets: 2097152  Batches: 1  Memory Usage: 129183kB
              ->  Hash Join  (cost=348053.66..535876.17 rows=1180147 width=25) (actual time=3927.041..6060.590 rows=1970658 loops=1)
                    Hash Cond: (ci.person_id = n1.id)
                    ->  Hash Join  (cost=198668.25..371613.97 rows=1178360 width=21) (actual time=2492.111..4230.240 rows=1970658 loops=1)
                          Hash Cond: (ci.movie_id = t.id)
                          ->  Nested Loop  (cost=0.56..149722.81 rows=3294940 width=8) (actual time=0.035..823.347 rows=2728943 loops=1)
                                ->  Seq Scan on role_type rt  (cost=0.00..1.15 rows=1 width=4) (actual time=0.009..0.013 rows=1 loops=1)
                                      Filter: ((role)::text = 'writer'::text)
                                      Rows Removed by Filter: 11
                                ->  Index Scan using role_id_cast_info on cast_info ci  (cost=0.56..116773.99 rows=3294767 width=12) (actual time=0.023..495.560 rows=2728943 loops=1)
                                      Index Cond: (role_id = rt.id)
                          ->  Hash  (cost=188242.97..188242.97 rows=833977 width=25) (actual time=2489.327..2489.327 rows=1153798 loops=1)
                                Buckets: 2097152 (originally 1048576)  Batches: 1 (originally 1)  Memory Usage: 84892kB
                                ->  Hash Join  (cost=99874.90..188242.97 rows=833977 width=25) (actual time=1073.250..2157.878 rows=1153798 loops=1)
                                      Hash Cond: (mc.movie_id = t.id)
                                      ->  Hash Join  (cost=6987.36..84808.81 rows=835376 width=4) (actual time=48.331..729.668 rows=1153798 loops=1)
                                            Hash Cond: (mc.company_id = cn.id)
                                            ->  Seq Scan on movie_companies mc  (cost=0.00..44881.29 rows=2609129 width=8) (actual time=0.007..233.703 rows=2609129 loops=1)
                                            ->  Hash  (cost=5932.46..5932.46 rows=84392 width=4) (actual time=47.692..47.692 rows=84843 loops=1)
                                                  Buckets: 131072  Batches: 1  Memory Usage: 4007kB
                                                  ->  Seq Scan on company_name cn  (cost=0.00..5932.46 rows=84392 width=4) (actual time=0.008..33.595 rows=84843 loops=1)
                                                        Filter: ((country_code)::text = '[us]'::text)
                                                        Rows Removed by Filter: 150154
                                      ->  Hash  (cost=61283.64..61283.64 rows=2528312 width=21) (actual time=1016.274..1016.274 rows=2528312 loops=1)
                                            Buckets: 4194304  Batches: 1  Memory Usage: 168637kB
                                            ->  Seq Scan on title t  (cost=0.00..61283.64 rows=2528312 width=21) (actual time=0.010..353.835 rows=2528312 loops=1)
                    ->  Hash  (cost=97291.77..97291.77 rows=4167491 width=4) (actual time=1426.267..1426.267 rows=4167491 loops=1)
                          Buckets: 4194304  Batches: 1  Memory Usage: 179282kB
                          ->  Seq Scan on name n1  (cost=0.00..97291.77 rows=4167491 width=4) (actual time=0.010..529.368 rows=4167491 loops=1)
Planning time: 1.915 ms
Execution time: 7440.020 ms
