Aggregate  (cost=670314.97..670314.98 rows=1 width=64) (actual time=4592.440..4592.440 rows=1 loops=1)
  ->  Hash Join  (cost=601009.45..633848.34 rows=7293326 width=33) (actual time=4286.863..4533.832 rows=323005 loops=1)
        Hash Cond: (an1.person_id = n1.id)
        ->  Seq Scan on aka_name an1  (cost=0.00..20409.43 rows=901343 width=20) (actual time=0.007..83.808 rows=901343 loops=1)
        ->  Hash  (cost=561727.51..561727.51 rows=3142555 width=25) (actual time=4278.216..4278.216 rows=285538 loops=1)
              Buckets: 4194304  Batches: 1  Memory Usage: 48720kB
              ->  Hash Join  (cost=351130.83..561727.51 rows=3142555 width=25) (actual time=3970.320..4224.949 rows=285538 loops=1)
                    Hash Cond: (ci.movie_id = t.id)
                    ->  Hash Join  (cost=149390.80..337243.09 rows=3020203 width=12) (actual time=1490.428..1634.524 rows=276403 loops=1)
                          Hash Cond: (ci.person_id = n1.id)
                          ->  Nested Loop  (cost=0.56..149722.81 rows=3020203 width=8) (actual time=0.029..86.438 rows=276403 loops=1)
                                ->  Seq Scan on role_type rt  (cost=0.00..1.15 rows=1 width=4) (actual time=0.007..0.010 rows=1 loops=1)
                                      Filter: ((role)::text = 'costume designer'::text)
                                      Rows Removed by Filter: 11
                                ->  Index Scan using role_id_cast_info on cast_info ci  (cost=0.56..116773.99 rows=3294767 width=12) (actual time=0.020..52.802 rows=276403 loops=1)
                                      Index Cond: (role_id = rt.id)
                          ->  Hash  (cost=97291.77..97291.77 rows=4167877 width=4) (actual time=1481.752..1481.752 rows=4167491 loops=1)
                                Buckets: 4194304  Batches: 1  Memory Usage: 179282kB
                                ->  Seq Scan on name n1  (cost=0.00..97291.77 rows=4167877 width=4) (actual time=0.009..543.905 rows=4167491 loops=1)
                    ->  Hash  (cost=189790.21..189790.21 rows=955986 width=25) (actual time=2477.138..2477.138 rows=1153798 loops=1)
                          Buckets: 2097152 (originally 1048576)  Batches: 1 (originally 1)  Memory Usage: 84892kB
                          ->  Hash Join  (cost=99899.44..189790.21 rows=955986 width=25) (actual time=1066.899..2154.039 rows=1153798 loops=1)
                                Hash Cond: (mc.movie_id = t.id)
                                ->  Hash Join  (cost=7008.75..84830.20 rows=955986 width=4) (actual time=49.145..736.865 rows=1153798 loops=1)
                                      Hash Cond: (mc.company_id = cn.id)
                                      ->  Seq Scan on movie_companies mc  (cost=0.00..44881.29 rows=2609129 width=8) (actual time=0.010..234.176 rows=2609129 loops=1)
                                      ->  Hash  (cost=5932.46..5932.46 rows=86103 width=4) (actual time=48.504..48.504 rows=84843 loops=1)
                                            Buckets: 131072  Batches: 1  Memory Usage: 4007kB
                                            ->  Seq Scan on company_name cn  (cost=0.00..5932.46 rows=86103 width=4) (actual time=0.008..33.665 rows=84843 loops=1)
                                                  Filter: ((country_code)::text = '[us]'::text)
                                                  Rows Removed by Filter: 150154
                                ->  Hash  (cost=61283.64..61283.64 rows=2528564 width=21) (actual time=1009.110..1009.110 rows=2528312 loops=1)
                                      Buckets: 4194304  Batches: 1  Memory Usage: 168637kB
                                      ->  Seq Scan on title t  (cost=0.00..61283.64 rows=2528564 width=21) (actual time=0.009..353.568 rows=2528312 loops=1)
Planning time: 2.039 ms
Execution time: 4594.810 ms
