Aggregate  (cost=667928.67..667928.68 rows=1 width=64) (actual time=4593.077..4593.077 rows=1 loops=1)
  ->  Hash Join  (cost=599488.75..632191.68 rows=7147399 width=33) (actual time=4285.828..4534.406 rows=323005 loops=1)
        Hash Cond: (an1.person_id = n1.id)
        ->  Seq Scan on aka_name an1  (cost=0.00..20409.43 rows=901343 width=20) (actual time=0.007..83.928 rows=901343 loops=1)
        ->  Hash  (cost=560992.78..560992.78 rows=3079678 width=25) (actual time=4277.184..4277.184 rows=285538 loops=1)
              Buckets: 4194304  Batches: 1  Memory Usage: 48720kB
              ->  Hash Join  (cost=350623.01..560992.78 rows=3079678 width=25) (actual time=3970.695..4226.273 rows=285538 loops=1)
                    Hash Cond: (ci.movie_id = t.id)
                    ->  Hash Join  (cost=149385.97..337240.28 rows=3020082 width=12) (actual time=1490.116..1634.387 rows=276403 loops=1)
                          Hash Cond: (ci.person_id = n1.id)
                          ->  Nested Loop  (cost=0.56..149722.81 rows=3020362 width=8) (actual time=0.030..86.565 rows=276403 loops=1)
                                ->  Seq Scan on role_type rt  (cost=0.00..1.15 rows=1 width=4) (actual time=0.008..0.011 rows=1 loops=1)
                                      Filter: ((role)::text = 'costume designer'::text)
                                      Rows Removed by Filter: 11
                                ->  Index Scan using role_id_cast_info on cast_info ci  (cost=0.56..116773.99 rows=3294767 width=12) (actual time=0.019..52.848 rows=276403 loops=1)
                                      Index Cond: (role_id = rt.id)
                          ->  Hash  (cost=97291.77..97291.77 rows=4167491 width=4) (actual time=1481.420..1481.420 rows=4167491 loops=1)
                                Buckets: 4194304  Batches: 1  Memory Usage: 179282kB
                                ->  Seq Scan on name n1  (cost=0.00..97291.77 rows=4167491 width=4) (actual time=0.008..544.456 rows=4167491 loops=1)
                    ->  Hash  (cost=189525.83..189525.83 rows=936896 width=25) (actual time=2477.825..2477.825 rows=1153798 loops=1)
                          Buckets: 2097152 (originally 1048576)  Batches: 1 (originally 1)  Memory Usage: 84892kB
                          ->  Hash Join  (cost=99874.90..189525.83 rows=936896 width=25) (actual time=1071.460..2156.609 rows=1153798 loops=1)
                                Hash Cond: (mc.movie_id = t.id)
                                ->  Hash Join  (cost=6987.36..84808.81 rows=936989 width=4) (actual time=49.377..735.056 rows=1153798 loops=1)
                                      Hash Cond: (mc.company_id = cn.id)
                                      ->  Seq Scan on movie_companies mc  (cost=0.00..44881.29 rows=2609129 width=8) (actual time=0.010..234.754 rows=2609129 loops=1)
                                      ->  Hash  (cost=5932.46..5932.46 rows=84392 width=4) (actual time=48.726..48.726 rows=84843 loops=1)
                                            Buckets: 131072  Batches: 1  Memory Usage: 4007kB
                                            ->  Seq Scan on company_name cn  (cost=0.00..5932.46 rows=84392 width=4) (actual time=0.008..33.812 rows=84843 loops=1)
                                                  Filter: ((country_code)::text = '[us]'::text)
                                                  Rows Removed by Filter: 150154
                                ->  Hash  (cost=61283.64..61283.64 rows=2528312 width=21) (actual time=1013.428..1013.428 rows=2528312 loops=1)
                                      Buckets: 4194304  Batches: 1  Memory Usage: 168637kB
                                      ->  Seq Scan on title t  (cost=0.00..61283.64 rows=2528312 width=21) (actual time=0.010..355.697 rows=2528312 loops=1)
Planning time: 2.051 ms
Execution time: 4595.462 ms
