Aggregate  (cost=575474.11..575474.12 rows=1 width=64) (actual time=4600.063..4600.063 rows=1 loops=1)
  ->  Hash Join  (cost=548184.18..574313.42 rows=232137 width=33) (actual time=4296.004..4541.591 rows=323005 loops=1)
        Hash Cond: (an1.person_id = n1.id)
        ->  Seq Scan on aka_name an1  (cost=0.00..20409.43 rows=901343 width=20) (actual time=0.006..83.542 rows=901343 loops=1)
        ->  Hash  (cost=534660.03..534660.03 rows=1081932 width=25) (actual time=4291.319..4291.319 rows=285538 loops=1)
              Buckets: 2097152  Batches: 1  Memory Usage: 32336kB
              ->  Hash Join  (cost=348053.66..534660.03 rows=1081932 width=25) (actual time=3990.466..4237.953 rows=285538 loops=1)
                    Hash Cond: (ci.person_id = n1.id)
                    ->  Hash Join  (cost=198668.25..371613.97 rows=1082032 width=21) (actual time=2505.271..2695.447 rows=285538 loops=1)
                          Hash Cond: (ci.movie_id = t.id)
                          ->  Nested Loop  (cost=0.56..149722.81 rows=3294940 width=8) (actual time=0.037..82.671 rows=276403 loops=1)
                                ->  Seq Scan on role_type rt  (cost=0.00..1.15 rows=1 width=4) (actual time=0.010..0.014 rows=1 loops=1)
                                      Filter: ((role)::text = 'costume designer'::text)
                                      Rows Removed by Filter: 11
                                ->  Index Scan using role_id_cast_info on cast_info ci  (cost=0.56..116773.99 rows=3294767 width=12) (actual time=0.023..49.262 rows=276403 loops=1)
                                      Index Cond: (role_id = rt.id)
                          ->  Hash  (cost=188242.97..188242.97 rows=833977 width=25) (actual time=2502.469..2502.469 rows=1153798 loops=1)
                                Buckets: 2097152 (originally 1048576)  Batches: 1 (originally 1)  Memory Usage: 84892kB
                                ->  Hash Join  (cost=99874.90..188242.97 rows=833977 width=25) (actual time=1088.420..2171.375 rows=1153798 loops=1)
                                      Hash Cond: (mc.movie_id = t.id)
                                      ->  Hash Join  (cost=6987.36..84808.81 rows=835376 width=4) (actual time=49.077..729.167 rows=1153798 loops=1)
                                            Hash Cond: (mc.company_id = cn.id)
                                            ->  Seq Scan on movie_companies mc  (cost=0.00..44881.29 rows=2609129 width=8) (actual time=0.007..233.125 rows=2609129 loops=1)
                                            ->  Hash  (cost=5932.46..5932.46 rows=84392 width=4) (actual time=48.439..48.439 rows=84843 loops=1)
                                                  Buckets: 131072  Batches: 1  Memory Usage: 4007kB
                                                  ->  Seq Scan on company_name cn  (cost=0.00..5932.46 rows=84392 width=4) (actual time=0.007..33.631 rows=84843 loops=1)
                                                        Filter: ((country_code)::text = '[us]'::text)
                                                        Rows Removed by Filter: 150154
                                      ->  Hash  (cost=61283.64..61283.64 rows=2528312 width=21) (actual time=1030.698..1030.698 rows=2528312 loops=1)
                                            Buckets: 4194304  Batches: 1  Memory Usage: 168637kB
                                            ->  Seq Scan on title t  (cost=0.00..61283.64 rows=2528312 width=21) (actual time=0.009..352.544 rows=2528312 loops=1)
                    ->  Hash  (cost=97291.77..97291.77 rows=4167491 width=4) (actual time=1476.563..1476.563 rows=4167491 loops=1)
                          Buckets: 4194304  Batches: 1  Memory Usage: 179282kB
                          ->  Seq Scan on name n1  (cost=0.00..97291.77 rows=4167491 width=4) (actual time=0.010..537.786 rows=4167491 loops=1)
Planning time: 1.918 ms
Execution time: 4602.216 ms
