Aggregate  (cost=180943.56..180943.57 rows=1 width=96) (actual time=978.015..978.016 rows=1 loops=1)
  ->  Nested Loop  (cost=31679.65..180943.48 rows=10 width=49) (actual time=601.833..977.925 rows=121 loops=1)
        ->  Nested Loop  (cost=31679.22..180929.44 rows=21 width=37) (actual time=601.794..977.155 rows=127 loops=1)
              ->  Nested Loop  (cost=31678.79..180897.05 rows=49 width=28) (actual time=599.421..976.162 rows=359 loops=1)
                    ->  Nested Loop  (cost=31678.38..180832.00 rows=133 width=32) (actual time=599.406..975.171 rows=373 loops=1)
                          ->  Hash Join  (cost=31677.94..180569.59 rows=390 width=24) (actual time=598.968..973.062 rows=425 loops=1)
                                Hash Cond: (ci.role_id = rt.id)
                                ->  Nested Loop  (cost=31676.78..180512.85 rows=4677 width=28) (actual time=598.955..972.936 rows=425 loops=1)
                                      Join Filter: (n.id = ci.person_id)
                                      ->  Hash Join  (cost=31676.22..151313.33 rows=2106 width=24) (actual time=593.479..949.205 rows=1558 loops=1)
                                            Hash Cond: (n.id = an.person_id)
                                            ->  Seq Scan on name n  (cost=0.00..118131.15 rows=9737 width=4) (actual time=256.576..610.325 rows=6768 loops=1)
                                                  Filter: ((name ~~ '%Ang%'::text) AND ((gender)::text = 'f'::text))
                                                  Rows Removed by Filter: 4160723
                                            ->  Hash  (cost=20409.43..20409.43 rows=901343 width=20) (actual time=333.476..333.476 rows=901343 loops=1)
                                                  Buckets: 1048576  Batches: 1  Memory Usage: 55917kB
                                                  ->  Seq Scan on aka_name an  (cost=0.00..20409.43 rows=901343 width=20) (actual time=0.010..129.385 rows=901343 loops=1)
                                      ->  Index Scan using person_id_cast_info on cast_info ci  (cost=0.56..13.71 rows=12 width=16) (actual time=0.014..0.015 rows=0 loops=1558)
                                            Index Cond: (person_id = an.person_id)
                                            Filter: (note = ANY ('{(voice),"(voice: Japanese version)","(voice) (uncredited)","(voice: English version)"}'::text[]))
                                            Rows Removed by Filter: 44
                                ->  Hash  (cost=1.15..1.15 rows=1 width=4) (actual time=0.008..0.008 rows=1 loops=1)
                                      Buckets: 1024  Batches: 1  Memory Usage: 9kB
                                      ->  Seq Scan on role_type rt  (cost=0.00..1.15 rows=1 width=4) (actual time=0.005..0.007 rows=1 loops=1)
                                            Filter: ((role)::text = 'actress'::text)
                                            Rows Removed by Filter: 11
                          ->  Index Scan using movie_id_movie_companies on movie_companies mc  (cost=0.43..0.66 rows=1 width=8) (actual time=0.003..0.005 rows=1 loops=425)
                                Index Cond: (movie_id = ci.movie_id)
                                Filter: ((note IS NOT NULL) AND ((note ~~ '%(USA)%'::text) OR (note ~~ '%(worldwide)%'::text)))
                                Rows Removed by Filter: 4
                    ->  Index Scan using company_name_pkey on company_name cn  (cost=0.42..0.49 rows=1 width=4) (actual time=0.002..0.002 rows=1 loops=373)
                          Index Cond: (id = mc.company_id)
                          Filter: ((country_code)::text = '[us]'::text)
                          Rows Removed by Filter: 0
              ->  Index Scan using title_pkey on title t  (cost=0.43..0.66 rows=1 width=21) (actual time=0.002..0.002 rows=0 loops=359)
                    Index Cond: (id = ci.movie_id)
                    Filter: ((production_year >= 2005) AND (production_year <= 2015))
                    Rows Removed by Filter: 1
        ->  Index Scan using char_name_pkey on char_name chn  (cost=0.43..0.67 rows=1 width=20) (actual time=0.006..0.006 rows=1 loops=127)
              Index Cond: (id = ci.person_role_id)
Planning time: 3.514 ms
Execution time: 978.323 ms
