Aggregate  (cost=191756.82..191756.83 rows=1 width=96) (actual time=1629.773..1629.774 rows=1 loops=1)
  ->  Nested Loop  (cost=3.13..191756.47 rows=46 width=49) (actual time=40.108..1629.681 rows=121 loops=1)
        Join Filter: (n.id = an.person_id)
        ->  Nested Loop  (cost=2.71..191745.52 rows=20 width=41) (actual time=39.501..1629.290 rows=115 loops=1)
              ->  Nested Loop  (cost=2.27..191718.39 rows=41 width=29) (actual time=39.493..1628.840 rows=125 loops=1)
                    ->  Nested Loop  (cost=1.84..191658.81 rows=91 width=20) (actual time=33.964..1627.643 rows=329 loops=1)
                          ->  Nested Loop  (cost=1.42..191537.63 rows=254 width=24) (actual time=33.957..1626.456 rows=351 loops=1)
                                ->  Nested Loop  (cost=0.99..191161.57 rows=562 width=16) (actual time=33.947..1623.312 rows=727 loops=1)
                                      ->  Nested Loop  (cost=0.56..134033.12 rows=74141 width=12) (actual time=0.130..1174.724 rows=276166 loops=1)
                                            ->  Seq Scan on role_type rt  (cost=0.00..1.15 rows=1 width=4) (actual time=0.006..0.009 rows=1 loops=1)
                                                  Filter: ((role)::text = 'actress'::text)
                                                  Rows Removed by Filter: 11
                                            ->  Index Scan using role_id_cast_info on cast_info ci  (cost=0.56..133247.82 rows=78415 width=16) (actual time=0.124..1148.221 rows=276166 loops=1)
                                                  Index Cond: (role_id = rt.id)
                                                  Filter: (note = ANY ('{(voice),"(voice: Japanese version)","(voice) (uncredited)","(voice: English version)"}'::text[]))
                                                  Rows Removed by Filter: 7175807
                                      ->  Index Scan using name_pkey on name n  (cost=0.43..0.77 rows=1 width=4) (actual time=0.001..0.001 rows=0 loops=276166)
                                            Index Cond: (id = ci.person_id)
                                            Filter: ((name ~~ '%Ang%'::text) AND ((gender)::text = 'f'::text))
                                            Rows Removed by Filter: 1
                                ->  Index Scan using movie_id_movie_companies on movie_companies mc  (cost=0.43..0.66 rows=1 width=8) (actual time=0.003..0.004 rows=0 loops=727)
                                      Index Cond: (movie_id = ci.movie_id)
                                      Filter: ((note IS NOT NULL) AND ((note ~~ '%(USA)%'::text) OR (note ~~ '%(worldwide)%'::text)))
                                      Rows Removed by Filter: 2
                          ->  Index Scan using company_name_pkey on company_name cn  (cost=0.42..0.48 rows=1 width=4) (actual time=0.003..0.003 rows=1 loops=351)
                                Index Cond: (id = mc.company_id)
                                Filter: ((country_code)::text = '[us]'::text)
                                Rows Removed by Filter: 0
                    ->  Index Scan using title_pkey on title t  (cost=0.43..0.65 rows=1 width=21) (actual time=0.003..0.003 rows=0 loops=329)
                          Index Cond: (id = ci.movie_id)
                          Filter: ((production_year >= 2005) AND (production_year <= 2015))
                          Rows Removed by Filter: 1
              ->  Index Scan using char_name_pkey on char_name chn  (cost=0.43..0.66 rows=1 width=20) (actual time=0.003..0.003 rows=1 loops=125)
                    Index Cond: (id = ci.person_role_id)
        ->  Index Scan using person_id_aka_name on aka_name an  (cost=0.42..0.52 rows=2 width=20) (actual time=0.002..0.003 rows=1 loops=115)
              Index Cond: (person_id = ci.person_id)
Planning time: 3.648 ms
Execution time: 1629.848 ms
