Aggregate  (cost=189911.33..189911.34 rows=1 width=96) (actual time=2509.018..2509.018 rows=1 loops=1)
  ->  Nested Loop  (cost=3.13..189911.30 rows=4 width=49) (actual time=50.447..2508.919 rows=121 loops=1)
        ->  Nested Loop  (cost=2.70..189909.31 rows=3 width=37) (actual time=50.440..2508.582 rows=127 loops=1)
              ->  Nested Loop  (cost=2.27..189904.73 rows=7 width=28) (actual time=49.193..2507.558 rows=359 loops=1)
                    ->  Nested Loop  (cost=1.85..189895.66 rows=19 width=32) (actual time=49.187..2506.521 rows=373 loops=1)
                          ->  Nested Loop  (cost=1.42..189821.39 rows=111 width=24) (actual time=49.177..2504.435 rows=425 loops=1)
                                ->  Nested Loop  (cost=0.99..177899.63 rows=15472 width=32) (actual time=0.290..1744.119 rows=503508 loops=1)
                                      ->  Nested Loop  (cost=0.56..134033.12 rows=80881 width=12) (actual time=0.119..1242.889 rows=276166 loops=1)
                                            ->  Seq Scan on role_type rt  (cost=0.00..1.15 rows=1 width=4) (actual time=0.005..0.009 rows=1 loops=1)
                                                  Filter: ((role)::text = 'actress'::text)
                                                  Rows Removed by Filter: 11
                                            ->  Index Scan using role_id_cast_info on cast_info ci  (cost=0.56..133247.82 rows=78415 width=16) (actual time=0.113..1214.583 rows=276166 loops=1)
                                                  Index Cond: (role_id = rt.id)
                                                  Filter: (note = ANY ('{(voice),"(voice: Japanese version)","(voice) (uncredited)","(voice: English version)"}'::text[]))
                                                  Rows Removed by Filter: 7175807
                                      ->  Index Scan using person_id_aka_name on aka_name an  (cost=0.42..0.52 rows=2 width=20) (actual time=0.001..0.001 rows=2 loops=276166)
                                            Index Cond: (person_id = ci.person_id)
                                ->  Index Scan using name_pkey on name n  (cost=0.43..0.77 rows=1 width=4) (actual time=0.001..0.001 rows=0 loops=503508)
                                      Index Cond: (id = ci.person_id)
                                      Filter: ((name ~~ '%Ang%'::text) AND ((gender)::text = 'f'::text))
                                      Rows Removed by Filter: 1
                          ->  Index Scan using movie_id_movie_companies on movie_companies mc  (cost=0.43..0.66 rows=1 width=8) (actual time=0.003..0.004 rows=1 loops=425)
                                Index Cond: (movie_id = ci.movie_id)
                                Filter: ((note IS NOT NULL) AND ((note ~~ '%(USA)%'::text) OR (note ~~ '%(worldwide)%'::text)))
                                Rows Removed by Filter: 4
                    ->  Index Scan using company_name_pkey on company_name cn  (cost=0.42..0.48 rows=1 width=4) (actual time=0.002..0.002 rows=1 loops=373)
                          Index Cond: (id = mc.company_id)
                          Filter: ((country_code)::text = '[us]'::text)
                          Rows Removed by Filter: 0
              ->  Index Scan using title_pkey on title t  (cost=0.43..0.65 rows=1 width=21) (actual time=0.002..0.002 rows=0 loops=359)
                    Index Cond: (id = ci.movie_id)
                    Filter: ((production_year >= 2005) AND (production_year <= 2015))
                    Rows Removed by Filter: 1
        ->  Index Scan using char_name_pkey on char_name chn  (cost=0.43..0.66 rows=1 width=20) (actual time=0.002..0.002 rows=1 loops=127)
              Index Cond: (id = ci.person_role_id)
Planning time: 3.503 ms
Execution time: 2509.080 ms
