Aggregate  (cost=189918.30..189918.31 rows=1 width=96) (actual time=2528.133..2528.134 rows=1 loops=1)
  ->  Nested Loop  (cost=3.13..189918.29 rows=1 width=49) (actual time=51.145..2528.031 rows=121 loops=1)
        ->  Nested Loop  (cost=2.70..189916.30 rows=3 width=37) (actual time=51.138..2527.702 rows=127 loops=1)
              ->  Nested Loop  (cost=2.27..189912.37 rows=6 width=28) (actual time=49.905..2526.687 rows=359 loops=1)
                    ->  Nested Loop  (cost=1.85..189902.36 rows=21 width=32) (actual time=49.897..2525.639 rows=373 loops=1)
                          ->  Nested Loop  (cost=1.42..189821.39 rows=121 width=24) (actual time=49.885..2523.550 rows=425 loops=1)
                                ->  Nested Loop  (cost=0.99..177899.63 rows=15472 width=32) (actual time=0.287..1757.423 rows=503508 loops=1)
                                      ->  Nested Loop  (cost=0.56..134033.12 rows=80881 width=12) (actual time=0.120..1250.168 rows=276166 loops=1)
                                            ->  Seq Scan on role_type rt  (cost=0.00..1.15 rows=1 width=4) (actual time=0.006..0.009 rows=1 loops=1)
                                                  Filter: ((role)::text = 'actress'::text)
                                                  Rows Removed by Filter: 11
                                            ->  Index Scan using role_id_cast_info on cast_info ci  (cost=0.56..133247.82 rows=78415 width=16) (actual time=0.113..1221.402 rows=276166 loops=1)
                                                  Index Cond: (role_id = rt.id)
                                                  Filter: (note = ANY ('{(voice),"(voice: Japanese version)","(voice) (uncredited)","(voice: English version)"}'::text[]))
                                                  Rows Removed by Filter: 7175807
                                      ->  Index Scan using person_id_aka_name on aka_name an  (cost=0.42..0.52 rows=2 width=20) (actual time=0.001..0.001 rows=2 loops=276166)
                                            Index Cond: (person_id = ci.person_id)
                                ->  Index Scan using name_pkey on name n  (cost=0.43..0.77 rows=1 width=4) (actual time=0.001..0.001 rows=0 loops=503508)
                                      Index Cond: (id = ci.person_id)
                                      Filter: ((name ~~ '%Ang%'::text) AND ((gender)::text = 'f'::text))
                                      Rows Removed by Filter: 1
                          ->  Index Scan using movie_id_movie_companies on movie_companies mc  (cost=0.43..0.66 rows=1 width=8) (actual time=0.003..0.004 rows=1 loops=425)
                                Index Cond: (movie_id = ci.movie_id)
                                Filter: ((note IS NOT NULL) AND ((note ~~ '%(USA)%'::text) OR (note ~~ '%(worldwide)%'::text)))
                                Rows Removed by Filter: 4
                    ->  Index Scan using company_name_pkey on company_name cn  (cost=0.42..0.48 rows=1 width=4) (actual time=0.002..0.002 rows=1 loops=373)
                          Index Cond: (id = mc.company_id)
                          Filter: ((country_code)::text = '[us]'::text)
                          Rows Removed by Filter: 0
              ->  Index Scan using title_pkey on title t  (cost=0.43..0.65 rows=1 width=21) (actual time=0.003..0.003 rows=0 loops=359)
                    Index Cond: (id = ci.movie_id)
                    Filter: ((production_year >= 2005) AND (production_year <= 2015))
                    Rows Removed by Filter: 1
        ->  Index Scan using char_name_pkey on char_name chn  (cost=0.43..0.66 rows=1 width=20) (actual time=0.002..0.002 rows=1 loops=127)
              Index Cond: (id = ci.person_role_id)
Planning time: 3.607 ms
Execution time: 2528.210 ms
