Aggregate  (cost=163389.44..163389.45 rows=1 width=128) (actual time=956.953..956.953 rows=1 loops=1)
  ->  Nested Loop  (cost=31679.65..163389.43 rows=1 width=64) (actual time=601.643..956.898 rows=40 loops=1)
        ->  Nested Loop  (cost=31679.22..163387.97 rows=2 width=52) (actual time=601.621..956.768 rows=40 loops=1)
              ->  Nested Loop  (cost=31678.79..163379.37 rows=12 width=43) (actual time=594.272..956.448 rows=97 loops=1)
                    ->  Nested Loop  (cost=31678.38..163362.83 rows=32 width=47) (actual time=594.245..956.095 rows=103 loops=1)
                          ->  Hash Join  (cost=31677.94..163256.60 rows=148 width=39) (actual time=594.226..954.818 rows=265 loops=1)
                                Hash Cond: (ci.role_id = rt.id)
                                ->  Nested Loop  (cost=31676.78..163234.39 rows=1771 width=43) (actual time=594.213..954.730 rows=265 loops=1)
                                      Join Filter: (n.id = ci.person_id)
                                      ->  Hash Join  (cost=31676.22..150531.34 rows=1012 width=39) (actual time=589.279..942.383 rows=1296 loops=1)
                                            Hash Cond: (n.id = an.person_id)
                                            ->  Seq Scan on name n  (cost=0.00..118131.15 rows=4681 width=19) (actual time=256.684..608.336 rows=5409 loops=1)
                                                  Filter: ((name ~~ '%Angel%'::text) AND ((gender)::text = 'f'::text))
                                                  Rows Removed by Filter: 4162082
                                            ->  Hash  (cost=20409.43..20409.43 rows=901343 width=20) (actual time=329.236..329.236 rows=901343 loops=1)
                                                  Buckets: 1048576  Batches: 1  Memory Usage: 55917kB
                                                  ->  Seq Scan on aka_name an  (cost=0.00..20409.43 rows=901343 width=20) (actual time=0.009..129.211 rows=901343 loops=1)
                                      ->  Index Scan using person_id_cast_info on cast_info ci  (cost=0.56..12.43 rows=10 width=16) (actual time=0.009..0.009 rows=0 loops=1296)
                                            Index Cond: (person_id = an.person_id)
                                            Filter: (note = '(voice)'::text)
                                            Rows Removed by Filter: 43
                                ->  Hash  (cost=1.15..1.15 rows=1 width=4) (actual time=0.008..0.008 rows=1 loops=1)
                                      Buckets: 1024  Batches: 1  Memory Usage: 9kB
                                      ->  Seq Scan on role_type rt  (cost=0.00..1.15 rows=1 width=4) (actual time=0.005..0.006 rows=1 loops=1)
                                            Filter: ((role)::text = 'actress'::text)
                                            Rows Removed by Filter: 11
                          ->  Index Scan using movie_id_movie_companies on movie_companies mc  (cost=0.43..0.71 rows=1 width=8) (actual time=0.004..0.004 rows=0 loops=265)
                                Index Cond: (movie_id = ci.movie_id)
                                Filter: ((note ~~ '%(200%)%'::text) AND ((note ~~ '%(USA)%'::text) OR (note ~~ '%(worldwide)%'::text)))
                                Rows Removed by Filter: 4
                    ->  Index Scan using company_name_pkey on company_name cn  (cost=0.42..0.52 rows=1 width=4) (actual time=0.003..0.003 rows=1 loops=103)
                          Index Cond: (id = mc.company_id)
                          Filter: ((country_code)::text = '[us]'::text)
                          Rows Removed by Filter: 0
              ->  Index Scan using title_pkey on title t  (cost=0.43..0.72 rows=1 width=21) (actual time=0.003..0.003 rows=0 loops=97)
                    Index Cond: (id = ci.movie_id)
                    Filter: ((production_year >= 2007) AND (production_year <= 2010))
                    Rows Removed by Filter: 1
        ->  Index Scan using char_name_pkey on char_name chn  (cost=0.43..0.73 rows=1 width=20) (actual time=0.003..0.003 rows=1 loops=40)
              Index Cond: (id = ci.person_role_id)
Planning time: 3.543 ms
Execution time: 957.241 ms
