Aggregate  (cost=168777.45..168777.46 rows=1 width=128) (actual time=2193.865..2193.866 rows=1 loops=1)
  ->  Nested Loop  (cost=3.13..168777.44 rows=1 width=64) (actual time=112.673..2193.805 rows=40 loops=1)
        ->  Nested Loop  (cost=2.71..168776.92 rows=1 width=68) (actual time=112.653..2193.651 rows=40 loops=1)
              ->  Nested Loop  (cost=2.28..168776.20 rows=1 width=56) (actual time=46.796..2193.519 rows=41 loops=1)
                    ->  Nested Loop  (cost=1.85..168774.76 rows=2 width=60) (actual time=46.788..2193.102 rows=65 loops=1)
                          ->  Nested Loop  (cost=1.42..168766.15 rows=12 width=39) (actual time=46.381..2192.088 rows=265 loops=1)
                                Join Filter: (ci.person_id = n.id)
                                ->  Nested Loop  (cost=0.99..160328.81 rows=10832 width=32) (actual time=0.260..1562.787 rows=408470 loops=1)
                                      ->  Nested Loop  (cost=0.56..125633.66 rows=61774 width=12) (actual time=0.102..1149.889 rows=222686 loops=1)
                                            ->  Seq Scan on role_type rt  (cost=0.00..1.15 rows=1 width=4) (actual time=0.005..0.009 rows=1 loops=1)
                                                  Filter: ((role)::text = 'actress'::text)
                                                  Rows Removed by Filter: 11
                                            ->  Index Scan using role_id_cast_info on cast_info ci  (cost=0.56..125010.90 rows=62161 width=16) (actual time=0.096..1126.734 rows=222686 loops=1)
                                                  Index Cond: (role_id = rt.id)
                                                  Filter: (note = '(voice)'::text)
                                                  Rows Removed by Filter: 7229287
                                      ->  Index Scan using person_id_aka_name on aka_name an  (cost=0.42..0.54 rows=2 width=20) (actual time=0.001..0.001 rows=2 loops=222686)
                                            Index Cond: (person_id = ci.person_id)
                                ->  Index Scan using name_pkey on name n  (cost=0.43..0.77 rows=1 width=19) (actual time=0.001..0.001 rows=0 loops=408470)
                                      Index Cond: (id = an.person_id)
                                      Filter: ((name ~~ '%Angel%'::text) AND ((gender)::text = 'f'::text))
                                      Rows Removed by Filter: 1
                          ->  Index Scan using title_pkey on title t  (cost=0.43..0.72 rows=1 width=21) (actual time=0.003..0.003 rows=0 loops=265)
                                Index Cond: (id = ci.movie_id)
                                Filter: ((production_year >= 2007) AND (production_year <= 2010))
                                Rows Removed by Filter: 1
                    ->  Index Scan using movie_id_movie_companies on movie_companies mc  (cost=0.43..0.71 rows=1 width=8) (actual time=0.005..0.006 rows=1 loops=65)
                          Index Cond: (movie_id = ci.movie_id)
                          Filter: ((note ~~ '%(200%)%'::text) AND ((note ~~ '%(USA)%'::text) OR (note ~~ '%(worldwide)%'::text)))
                          Rows Removed by Filter: 7
              ->  Index Scan using char_name_pkey on char_name chn  (cost=0.43..0.73 rows=1 width=20) (actual time=0.003..0.003 rows=1 loops=41)
                    Index Cond: (id = ci.person_role_id)
        ->  Index Scan using company_name_pkey on company_name cn  (cost=0.42..0.52 rows=1 width=4) (actual time=0.003..0.003 rows=1 loops=40)
              Index Cond: (id = mc.company_id)
              Filter: ((country_code)::text = '[us]'::text)
Planning time: 3.514 ms
Execution time: 2193.934 ms
