Aggregate  (cost=192010.32..192010.33 rows=1 width=128) (actual time=2553.221..2553.221 rows=1 loops=1)
  ->  Nested Loop  (cost=3.13..192007.34 rows=298 width=64) (actual time=24.071..2549.657 rows=8144 loops=1)
        Join Filter: (ci.movie_id = t.id)
        ->  Nested Loop  (cost=2.70..191849.71 rows=298 width=55) (actual time=24.065..2534.209 rows=8144 loops=1)
              ->  Nested Loop  (cost=2.28..191479.61 rows=830 width=59) (actual time=18.232..2497.599 rows=18345 loops=1)
                    ->  Nested Loop  (cost=1.85..190957.60 rows=763 width=51) (actual time=18.225..2476.832 rows=7726 loops=1)
                          ->  Nested Loop  (cost=1.42..189821.39 rows=1717 width=39) (actual time=18.219..2461.270 rows=8204 loops=1)
                                ->  Nested Loop  (cost=0.99..177899.63 rows=15472 width=32) (actual time=0.281..1696.548 rows=503508 loops=1)
                                      ->  Nested Loop  (cost=0.56..134033.12 rows=80881 width=12) (actual time=0.115..1192.342 rows=276166 loops=1)
                                            ->  Seq Scan on role_type rt  (cost=0.00..1.15 rows=1 width=4) (actual time=0.006..0.009 rows=1 loops=1)
                                                  Filter: ((role)::text = 'actress'::text)
                                                  Rows Removed by Filter: 11
                                            ->  Index Scan using role_id_cast_info on cast_info ci  (cost=0.56..133247.82 rows=78415 width=16) (actual time=0.108..1164.972 rows=276166 loops=1)
                                                  Index Cond: (role_id = rt.id)
                                                  Filter: (note = ANY ('{(voice),"(voice: Japanese version)","(voice) (uncredited)","(voice: English version)"}'::text[]))
                                                  Rows Removed by Filter: 7175807
                                      ->  Index Scan using person_id_aka_name on aka_name an  (cost=0.42..0.52 rows=2 width=20) (actual time=0.001..0.001 rows=2 loops=276166)
                                            Index Cond: (person_id = ci.person_id)
                                ->  Index Scan using name_pkey on name n  (cost=0.43..0.77 rows=1 width=19) (actual time=0.001..0.001 rows=0 loops=503508)
                                      Index Cond: (id = ci.person_id)
                                      Filter: ((name ~~ '%An%'::text) AND ((gender)::text = 'f'::text))
                                      Rows Removed by Filter: 1
                          ->  Index Scan using char_name_pkey on char_name chn  (cost=0.43..0.66 rows=1 width=20) (actual time=0.002..0.002 rows=1 loops=8204)
                                Index Cond: (id = ci.person_role_id)
                    ->  Index Scan using movie_id_movie_companies on movie_companies mc  (cost=0.43..0.63 rows=5 width=8) (actual time=0.002..0.002 rows=2 loops=7726)
                          Index Cond: (movie_id = ci.movie_id)
              ->  Index Scan using company_name_pkey on company_name cn  (cost=0.42..0.45 rows=1 width=4) (actual time=0.002..0.002 rows=0 loops=18345)
                    Index Cond: (id = mc.company_id)
                    Filter: ((country_code)::text = '[us]'::text)
                    Rows Removed by Filter: 1
        ->  Index Scan using title_pkey on title t  (cost=0.43..0.52 rows=1 width=21) (actual time=0.002..0.002 rows=1 loops=8144)
              Index Cond: (id = mc.movie_id)
Planning time: 3.426 ms
Execution time: 2553.282 ms
