Aggregate  (cost=222791.09..222791.10 rows=1 width=128) (actual time=3906.305..3906.305 rows=1 loops=1)
  ->  Nested Loop  (cost=7011.46..222599.01 rows=19208 width=64) (actual time=46.792..3746.682 rows=483082 loops=1)
        ->  Nested Loop  (cost=7011.03..218147.27 rows=8276 width=56) (actual time=46.784..3380.208 rows=173567 loops=1)
              Join Filter: (ci.movie_id = t.id)
              ->  Hash Join  (cost=7010.60..213769.49 rows=8276 width=47) (actual time=46.777..3010.622 rows=173567 loops=1)
                    Hash Cond: (mc.company_id = cn.id)
                    ->  Nested Loop  (cost=1.85..206475.57 rows=22588 width=51) (actual time=0.137..2875.713 rows=426400 loops=1)
                          ->  Nested Loop  (cost=1.42..201004.61 rows=7954 width=43) (actual time=0.132..2255.630 rows=255493 loops=1)
                                ->  Nested Loop  (cost=0.99..189959.29 rows=16523 width=31) (actual time=0.127..1743.183 rows=276005 loops=1)
                                      ->  Nested Loop  (cost=0.56..134033.12 rows=71881 width=12) (actual time=0.120..1282.754 rows=276166 loops=1)
                                            ->  Seq Scan on role_type rt  (cost=0.00..1.15 rows=1 width=4) (actual time=0.006..0.008 rows=1 loops=1)
                                                  Filter: ((role)::text = 'actress'::text)
                                                  Rows Removed by Filter: 11
                                            ->  Index Scan using role_id_cast_info on cast_info ci  (cost=0.56..133247.82 rows=78415 width=16) (actual time=0.113..1252.724 rows=276166 loops=1)
                                                  Index Cond: (role_id = rt.id)
                                                  Filter: (note = ANY ('{(voice),"(voice: Japanese version)","(voice) (uncredited)","(voice: English version)"}'::text[]))
                                                  Rows Removed by Filter: 7175807
                                      ->  Index Scan using name_pkey on name n  (cost=0.43..0.78 rows=1 width=19) (actual time=0.001..0.001 rows=1 loops=276166)
                                            Index Cond: (id = ci.person_id)
                                            Filter: ((gender)::text = 'f'::text)
                                            Rows Removed by Filter: 0
                                ->  Index Scan using char_name_pkey on char_name chn  (cost=0.43..0.67 rows=1 width=20) (actual time=0.002..0.002 rows=1 loops=276005)
                                      Index Cond: (id = ci.person_role_id)
                          ->  Index Scan using movie_id_movie_companies on movie_companies mc  (cost=0.43..0.64 rows=5 width=8) (actual time=0.002..0.002 rows=2 loops=255493)
                                Index Cond: (movie_id = ci.movie_id)
                    ->  Hash  (cost=5932.46..5932.46 rows=86103 width=4) (actual time=46.235..46.235 rows=84843 loops=1)
                          Buckets: 131072  Batches: 1  Memory Usage: 4007kB
                          ->  Seq Scan on company_name cn  (cost=0.00..5932.46 rows=86103 width=4) (actual time=0.006..33.655 rows=84843 loops=1)
                                Filter: ((country_code)::text = '[us]'::text)
                                Rows Removed by Filter: 150154
              ->  Index Scan using title_pkey on title t  (cost=0.43..0.52 rows=1 width=21) (actual time=0.002..0.002 rows=1 loops=173567)
                    Index Cond: (id = mc.movie_id)
        ->  Index Scan using person_id_aka_name on aka_name an  (cost=0.42..0.52 rows=2 width=20) (actual time=0.001..0.002 rows=3 loops=173567)
              Index Cond: (person_id = n.id)
Planning time: 3.570 ms
Execution time: 3906.390 ms
