Aggregate  (cost=56130.90..56130.91 rows=1 width=64) (actual time=2656.156..2656.157 rows=1 loops=1)
  ->  Nested Loop  (cost=1.85..56130.89 rows=1 width=33) (actual time=93.286..2655.817 rows=104 loops=1)
        Join Filter: (mc.company_type_id = ct.id)
        Rows Removed by Join Filter: 18
        ->  Nested Loop  (cost=1.85..56129.80 rows=1 width=37) (actual time=93.281..2655.425 rows=104 loops=1)
              ->  Nested Loop  (cost=1.42..56118.53 rows=2 width=25) (actual time=93.267..2642.364 rows=112 loops=1)
                    Join Filter: (ci.role_id = rt.id)
                    Rows Removed by Join Filter: 39
                    ->  Seq Scan on role_type rt  (cost=0.00..1.15 rows=1 width=4) (actual time=0.007..0.009 rows=1 loops=1)
                          Filter: ((role)::text = 'actor'::text)
                          Rows Removed by Filter: 11
                    ->  Nested Loop  (cost=1.42..56117.12 rows=21 width=29) (actual time=93.259..2642.283 rows=151 loops=1)
                          Join Filter: (t.id = ci.movie_id)
                          ->  Nested Loop  (cost=0.86..54117.13 rows=1050 width=29) (actual time=26.010..1258.613 rows=4539 loops=1)
                                ->  Nested Loop  (cost=0.43..52763.13 rows=2609 width=8) (actual time=17.898..1111.508 rows=8790 loops=1)
                                      ->  Seq Scan on company_name cn  (cost=0.00..5932.46 rows=235 width=4) (actual time=0.014..47.581 rows=1361 loops=1)
                                            Filter: ((country_code)::text = '[ru]'::text)
                                            Rows Removed by Filter: 233636
                                      ->  Index Scan using company_id_movie_companies on movie_companies mc  (cost=0.43..197.95 rows=133 width=12) (actual time=0.745..0.779 rows=6 loops=1361)
                                            Index Cond: (company_id = cn.id)
                                ->  Index Scan using title_pkey on title t  (cost=0.43..0.52 rows=1 width=21) (actual time=0.016..0.016 rows=1 loops=8790)
                                      Index Cond: (id = mc.movie_id)
                                      Filter: (production_year > 2005)
                                      Rows Removed by Filter: 0
                          ->  Index Scan using movie_id_cast_info on cast_info ci  (cost=0.56..1.89 rows=1 width=12) (actual time=0.295..0.304 rows=0 loops=4539)
                                Index Cond: (movie_id = mc.movie_id)
                                Filter: ((note ~~ '%(voice)%'::text) AND (note ~~ '%(uncredited)%'::text))
                                Rows Removed by Filter: 50
              ->  Index Scan using char_name_pkey on char_name chn  (cost=0.43..5.64 rows=1 width=20) (actual time=0.115..0.115 rows=1 loops=112)
                    Index Cond: (id = ci.person_role_id)
        ->  Seq Scan on company_type ct  (cost=0.00..1.04 rows=4 width=4) (actual time=0.001..0.001 rows=1 loops=104)
Planning time: 2.571 ms
Execution time: 2656.236 ms
