Aggregate  (cost=54900.04..54900.05 rows=1 width=64) (actual time=241.473..241.473 rows=1 loops=1)
  ->  Nested Loop  (cost=1.85..54899.92 rows=24 width=33) (actual time=241.469..241.469 rows=0 loops=1)
        Join Filter: (mc.company_type_id = ct.id)
        ->  Nested Loop  (cost=1.85..54897.65 rows=24 width=37) (actual time=241.469..241.469 rows=0 loops=1)
              ->  Nested Loop  (cost=1.42..54868.99 rows=50 width=25) (actual time=241.469..241.469 rows=0 loops=1)
                    Join Filter: (ci.role_id = rt.id)
                    Rows Removed by Join Filter: 2614
                    ->  Seq Scan on role_type rt  (cost=0.00..1.15 rows=1 width=4) (actual time=0.007..0.010 rows=1 loops=1)
                          Filter: ((role)::text = 'actor'::text)
                          Rows Removed by Filter: 11
                    ->  Nested Loop  (cost=1.42..54860.39 rows=596 width=29) (actual time=4.838..241.126 rows=2614 loops=1)
                          Join Filter: (t.id = ci.movie_id)
                          ->  Nested Loop  (cost=0.86..54117.13 rows=409 width=29) (actual time=4.803..128.983 rows=1259 loops=1)
                                ->  Nested Loop  (cost=0.43..52763.13 rows=2609 width=8) (actual time=0.032..70.824 rows=8790 loops=1)
                                      ->  Seq Scan on company_name cn  (cost=0.00..5932.46 rows=235 width=4) (actual time=0.020..40.610 rows=1361 loops=1)
                                            Filter: ((country_code)::text = '[ru]'::text)
                                            Rows Removed by Filter: 233636
                                      ->  Index Scan using company_id_movie_companies on movie_companies mc  (cost=0.43..197.95 rows=133 width=12) (actual time=0.006..0.020 rows=6 loops=1361)
                                            Index Cond: (company_id = cn.id)
                                ->  Index Scan using title_pkey on title t  (cost=0.43..0.52 rows=1 width=21) (actual time=0.006..0.006 rows=0 loops=8790)
                                      Index Cond: (id = mc.movie_id)
                                      Filter: (production_year > 2010)
                                      Rows Removed by Filter: 1
                          ->  Index Scan using movie_id_cast_info on cast_info ci  (cost=0.56..1.80 rows=1 width=12) (actual time=0.049..0.088 rows=2 loops=1259)
                                Index Cond: (movie_id = mc.movie_id)
                                Filter: (note ~~ '%(producer)%'::text)
                                Rows Removed by Filter: 44
              ->  Index Scan using char_name_pkey on char_name chn  (cost=0.43..0.57 rows=1 width=20) (never executed)
                    Index Cond: (id = ci.person_role_id)
        ->  Materialize  (cost=0.00..1.06 rows=4 width=4) (never executed)
              ->  Seq Scan on company_type ct  (cost=0.00..1.04 rows=4 width=4) (never executed)
Planning time: 2.547 ms
Execution time: 241.545 ms
