Aggregate  (cost=1041430.38..1041430.39 rows=1 width=64) (actual time=11058.826..11058.826 rows=1 loops=1)
  ->  Hash Join  (cost=301539.44..1039130.64 rows=459948 width=33) (actual time=4714.756..11058.752 rows=10 loops=1)
        Hash Cond: (ci.role_id = rt.id)
        ->  Hash Join  (cost=301538.17..1033662.70 rows=459948 width=37) (actual time=4714.713..11058.698 rows=10 loops=1)
              Hash Cond: (mc.company_type_id = ct.id)
              ->  Hash Join  (cost=301537.08..1028875.27 rows=459948 width=41) (actual time=4714.693..11058.666 rows=10 loops=1)
                    Hash Cond: (ci.person_role_id = chn.id)
                    ->  Hash Join  (cost=194432.71..909741.00 rows=952864 width=29) (actual time=3131.528..9421.882 rows=782104 loops=1)
                          Hash Cond: (ci.movie_id = t.id)
                          ->  Seq Scan on cast_info ci  (cost=0.00..705698.60 rows=1515920 width=12) (actual time=381.080..6129.375 rows=1435439 loops=1)
                                Filter: (note ~~ '%(producer)%'::text)
                                Rows Removed by Filter: 34808905
                          ->  Hash  (cost=186250.33..186250.33 rows=654590 width=29) (actual time=2747.199..2747.199 rows=596250 loops=1)
                                Buckets: 1048576  Batches: 1  Memory Usage: 46113kB
                                ->  Hash Join  (cost=96513.34..186250.33 rows=654590 width=29) (actual time=1181.171..2542.329 rows=596250 loops=1)
                                      Hash Cond: (mc.movie_id = t.id)
                                      ->  Hash Join  (cost=6995.04..84816.48 rows=943806 width=8) (actual time=63.460..1002.921 rows=1153798 loops=1)
                                            Hash Cond: (mc.company_id = cn.id)
                                            ->  Seq Scan on movie_companies mc  (cost=0.00..44881.29 rows=2609129 width=12) (actual time=0.015..336.299 rows=2609129 loops=1)
                                            ->  Hash  (cost=5932.46..5932.46 rows=85006 width=4) (actual time=62.847..62.847 rows=84843 loops=1)
                                                  Buckets: 131072  Batches: 1  Memory Usage: 4007kB
                                                  ->  Seq Scan on company_name cn  (cost=0.00..5932.46 rows=85006 width=4) (actual time=0.012..47.313 rows=84843 loops=1)
                                                        Filter: ((country_code)::text = '[us]'::text)
                                                        Rows Removed by Filter: 150154
                                      ->  Hash  (cost=67600.18..67600.18 rows=1753450 width=21) (actual time=1111.802..1111.802 rows=1749032 loops=1)
                                            Buckets: 2097152  Batches: 1  Memory Usage: 110019kB
                                            ->  Seq Scan on title t  (cost=0.00..67600.18 rows=1753450 width=21) (actual time=0.045..599.803 rows=1749032 loops=1)
                                                  Filter: (production_year > 1990)
                                                  Rows Removed by Filter: 779280
                    ->  Hash  (cost=67850.83..67850.83 rows=3140283 width=20) (actual time=1572.005..1572.005 rows=3140339 loops=1)
                          Buckets: 4194304  Batches: 1  Memory Usage: 198037kB
                          ->  Seq Scan on char_name chn  (cost=0.00..67850.83 rows=3140283 width=20) (actual time=0.060..635.710 rows=3140339 loops=1)
              ->  Hash  (cost=1.04..1.04 rows=4 width=4) (actual time=0.006..0.006 rows=4 loops=1)
                    Buckets: 1024  Batches: 1  Memory Usage: 9kB
                    ->  Seq Scan on company_type ct  (cost=0.00..1.04 rows=4 width=4) (actual time=0.002..0.003 rows=4 loops=1)
        ->  Hash  (cost=1.12..1.12 rows=12 width=4) (actual time=0.019..0.019 rows=12 loops=1)
              Buckets: 1024  Batches: 1  Memory Usage: 9kB
              ->  Seq Scan on role_type rt  (cost=0.00..1.12 rows=12 width=4) (actual time=0.009..0.012 rows=12 loops=1)
Planning time: 3.094 ms
Execution time: 11067.852 ms
