Aggregate  (cost=21261.87..21261.88 rows=1 width=96) (actual time=1677.897..1677.897 rows=1 loops=1)
  ->  Nested Loop  (cost=6382.01..21261.86 rows=1 width=41) (actual time=119.952..1677.104 rows=397 loops=1)
        Join Filter: (mi.info_type_id = it1.id)
        ->  Seq Scan on info_type it1  (cost=0.00..2.41 rows=1 width=4) (actual time=0.008..0.018 rows=1 loops=1)
              Filter: ((info)::text = 'genres'::text)
              Rows Removed by Filter: 112
        ->  Nested Loop  (cost=6382.01..21259.16 rows=23 width=45) (actual time=119.941..1676.914 rows=397 loops=1)
              Join Filter: (t.id = mi.movie_id)
              ->  Nested Loop  (cost=6381.58..21197.61 rows=39 width=53) (actual time=87.532..654.373 rows=5674 loops=1)
                    ->  Nested Loop  (cost=6381.16..21149.90 rows=107 width=38) (actual time=87.521..617.472 rows=6610 loops=1)
                          Join Filter: (mi_idx.movie_id = t.id)
                          ->  Hash Join  (cost=6380.73..20826.85 rows=605 width=17) (actual time=85.174..445.996 rows=24233 loops=1)
                                Hash Cond: (mc.company_type_id = ct.id)
                                ->  Nested Loop  (cost=6379.67..20800.60 rows=2420 width=21) (actual time=85.135..427.796 rows=64707 loops=1)
                                      ->  Nested Loop  (cost=6379.24..19621.41 rows=459 width=9) (actual time=85.117..287.163 rows=15849 loops=1)
                                            ->  Seq Scan on info_type it2  (cost=0.00..2.41 rows=1 width=4) (actual time=0.011..0.016 rows=1 loops=1)
                                                  Filter: ((info)::text = 'rating'::text)
                                                  Rows Removed by Filter: 112
                                            ->  Bitmap Heap Scan on movie_info_idx mi_idx  (cost=6379.24..19489.37 rows=12963 width=13) (actual time=85.102..283.799 rows=15849 loops=1)
                                                  Recheck Cond: (info_type_id = it2.id)
                                                  Filter: (info > '8.0'::text)
                                                  Rows Removed by Filter: 444076
                                                  Heap Blocks: exact=7934
                                                  ->  Bitmap Index Scan on info_type_id_movie_info_idx  (cost=0.00..6375.99 rows=345009 width=0) (actual time=83.607..83.607 rows=459925 loops=1)
                                                        Index Cond: (info_type_id = it2.id)
                                      ->  Index Scan using movie_id_movie_companies on movie_companies mc  (cost=0.43..2.52 rows=5 width=12) (actual time=0.005..0.007 rows=4 loops=15849)
                                            Index Cond: (movie_id = mi_idx.movie_id)
                                ->  Hash  (cost=1.05..1.05 rows=1 width=4) (actual time=0.005..0.005 rows=1 loops=1)
                                      Buckets: 1024  Batches: 1  Memory Usage: 9kB
                                      ->  Seq Scan on company_type ct  (cost=0.00..1.05 rows=1 width=4) (actual time=0.003..0.003 rows=1 loops=1)
                                            Filter: ((kind)::text = 'production companies'::text)
                                            Rows Removed by Filter: 3
                          ->  Index Scan using title_pkey on title t  (cost=0.43..0.52 rows=1 width=21) (actual time=0.007..0.007 rows=0 loops=24233)
                                Index Cond: (id = mc.movie_id)
                                Filter: ((production_year >= 2005) AND (production_year <= 2008))
                                Rows Removed by Filter: 1
                    ->  Index Scan using company_name_pkey on company_name cn  (cost=0.42..0.45 rows=1 width=23) (actual time=0.005..0.005 rows=1 loops=6610)
                          Index Cond: (id = mc.company_id)
                          Filter: ((country_code)::text = '[us]'::text)
                          Rows Removed by Filter: 0
              ->  Index Scan using movie_id_movie_info on movie_info mi  (cost=0.43..1.57 rows=1 width=8) (actual time=0.180..0.180 rows=0 loops=5674)
                    Index Cond: (movie_id = mc.movie_id)
                    Filter: (info = ANY ('{Drama,Horror}'::text[]))
                    Rows Removed by Filter: 28
Planning time: 5.233 ms
Execution time: 1677.995 ms
