Aggregate  (cost=87938.23..87938.24 rows=1 width=64) (actual time=982.504..982.504 rows=1 loops=1)
  ->  Nested Loop  (cost=6997.45..87938.14 rows=18 width=60) (actual time=74.287..982.193 rows=328 loops=1)
        ->  Nested Loop  (cost=6997.03..87930.24 rows=18 width=64) (actual time=74.275..980.913 rows=328 loops=1)
              ->  Nested Loop  (cost=6996.60..87928.47 rows=1 width=76) (actual time=70.477..980.441 rows=57 loops=1)
                    ->  Nested Loop  (cost=6996.45..87928.12 rows=1 width=80) (actual time=70.470..980.270 rows=57 loops=1)
                          ->  Nested Loop  (cost=6996.32..87927.97 rows=1 width=84) (actual time=70.463..980.113 rows=57 loops=1)
                                ->  Nested Loop  (cost=6995.89..83026.36 rows=2513 width=33) (actual time=61.985..832.505 rows=5134 loops=1)
                                      ->  Nested Loop  (cost=6995.46..78696.57 rows=4568 width=12) (actual time=61.971..782.454 rows=13699 loops=1)
                                            ->  Hash Join  (cost=6995.04..65140.28 rows=6255 width=8) (actual time=61.577..668.304 rows=43837 loops=1)
                                                  Hash Cond: (mc.company_id = cn.id)
                                                  ->  Seq Scan on movie_companies mc  (cost=0.00..57926.93 rows=17292 width=12) (actual time=0.014..584.094 rows=61664 loops=1)
                                                        Filter: ((note ~~ '%(200%)%'::text) AND (note ~~ '%(worldwide)%'::text))
                                                        Rows Removed by Filter: 2547465
                                                  ->  Hash  (cost=5932.46..5932.46 rows=85006 width=4) (actual time=61.410..61.410 rows=84843 loops=1)
                                                        Buckets: 131072  Batches: 1  Memory Usage: 4007kB
                                                        ->  Seq Scan on company_name cn  (cost=0.00..5932.46 rows=85006 width=4) (actual time=0.009..46.984 rows=84843 loops=1)
                                                              Filter: ((country_code)::text = '[us]'::text)
                                                              Rows Removed by Filter: 150154
                                            ->  Index Only Scan using movie_id_aka_title on aka_title at  (cost=0.42..2.14 rows=3 width=4) (actual time=0.002..0.002 rows=0 loops=43837)
                                                  Index Cond: (movie_id = mc.movie_id)
                                                  Heap Fetches: 13699
                                      ->  Index Scan using title_pkey on title t  (cost=0.43..0.95 rows=1 width=21) (actual time=0.003..0.003 rows=0 loops=13699)
                                            Index Cond: (id = at.movie_id)
                                            Filter: (production_year > 2000)
                                            Rows Removed by Filter: 1
                                ->  Index Scan using movie_id_movie_info on movie_info mi  (cost=0.43..1.94 rows=1 width=51) (actual time=0.028..0.028 rows=0 loops=5134)
                                      Index Cond: (movie_id = t.id)
                                      Filter: ((note ~~ '%internet%'::text) AND (info ~~ 'USA:% 200%'::text))
                                      Rows Removed by Filter: 72
                          ->  Index Only Scan using company_type_pkey on company_type ct  (cost=0.13..0.15 rows=1 width=4) (actual time=0.002..0.002 rows=1 loops=57)
                                Index Cond: (id = mc.company_type_id)
                                Heap Fetches: 57
                    ->  Index Scan using info_type_pkey on info_type it1  (cost=0.14..0.24 rows=1 width=4) (actual time=0.002..0.002 rows=1 loops=57)
                          Index Cond: (id = mi.info_type_id)
                          Filter: ((info)::text = 'release dates'::text)
              ->  Index Scan using movie_id_movie_keyword on movie_keyword mk  (cost=0.43..1.33 rows=45 width=8) (actual time=0.005..0.007 rows=6 loops=57)
                    Index Cond: (movie_id = t.id)
        ->  Index Only Scan using keyword_pkey on keyword k  (cost=0.42..0.44 rows=1 width=4) (actual time=0.003..0.003 rows=1 loops=328)
              Index Cond: (id = mk.keyword_id)
              Heap Fetches: 328
Planning time: 15.142 ms
Execution time: 982.639 ms
