Aggregate  (cost=6891.53..6891.54 rows=1 width=64) (actual time=47.229..47.229 rows=1 loops=1)
  ->  Nested Loop  (cost=2.57..6891.49 rows=9 width=60) (actual time=12.384..47.199 rows=37 loops=1)
        ->  Nested Loop  (cost=2.15..6887.54 rows=9 width=64) (actual time=12.374..47.022 rows=37 loops=1)
              ->  Nested Loop  (cost=1.72..6885.66 rows=1 width=76) (actual time=9.162..46.972 rows=3 loops=1)
                    Join Filter: (mi.info_type_id = it1.id)
                    ->  Nested Loop  (cost=1.72..6883.24 rows=1 width=80) (actual time=9.154..46.953 rows=3 loops=1)
                          ->  Nested Loop  (cost=1.28..6880.74 rows=1 width=29) (actual time=6.505..46.438 rows=26 loops=1)
                                ->  Nested Loop  (cost=0.85..6879.79 rows=1 width=8) (actual time=6.494..46.242 rows=27 loops=1)
                                      Join Filter: (mc.company_type_id = ct.id)
                                      ->  Nested Loop  (cost=0.85..6878.70 rows=1 width=12) (actual time=6.491..46.193 rows=27 loops=1)
                                            ->  Nested Loop  (cost=0.43..6876.53 rows=1 width=8) (actual time=5.928..45.174 rows=278 loops=1)
                                                  ->  Seq Scan on company_name cn  (cost=0.00..6519.95 rows=1 width=4) (actual time=5.862..38.630 rows=1 loops=1)
                                                        Filter: (((country_code)::text = '[us]'::text) AND (name = 'YouTube'::text))
                                                        Rows Removed by Filter: 234996
                                                  ->  Index Scan using company_id_movie_companies on movie_companies mc  (cost=0.43..356.57 rows=1 width=12) (actual time=0.064..6.483 rows=278 loops=1)
                                                        Index Cond: (company_id = cn.id)
                                                        Filter: ((note ~~ '%(200%)%'::text) AND (note ~~ '%(worldwide)%'::text))
                                                        Rows Removed by Filter: 1180
                                            ->  Index Only Scan using movie_id_aka_title on aka_title at  (cost=0.42..2.14 rows=3 width=4) (actual time=0.003..0.003 rows=0 loops=278)
                                                  Index Cond: (movie_id = mc.movie_id)
                                                  Heap Fetches: 27
                                      ->  Seq Scan on company_type ct  (cost=0.00..1.04 rows=4 width=4) (actual time=0.001..0.001 rows=1 loops=27)
                                ->  Index Scan using title_pkey on title t  (cost=0.43..0.95 rows=1 width=21) (actual time=0.007..0.007 rows=1 loops=27)
                                      Index Cond: (id = at.movie_id)
                                      Filter: ((production_year >= 2005) AND (production_year <= 2010))
                                      Rows Removed by Filter: 0
                          ->  Index Scan using movie_id_movie_info on movie_info mi  (cost=0.43..2.49 rows=1 width=51) (actual time=0.018..0.019 rows=0 loops=26)
                                Index Cond: (movie_id = t.id)
                                Filter: ((note ~~ '%internet%'::text) AND (info ~~ 'USA:% 200%'::text))
                                Rows Removed by Filter: 19
                    ->  Seq Scan on info_type it1  (cost=0.00..2.41 rows=1 width=4) (actual time=0.005..0.005 rows=1 loops=3)
                          Filter: ((info)::text = 'release dates'::text)
                          Rows Removed by Filter: 15
              ->  Index Scan using movie_id_movie_keyword on movie_keyword mk  (cost=0.43..1.43 rows=45 width=8) (actual time=0.009..0.014 rows=12 loops=3)
                    Index Cond: (movie_id = t.id)
        ->  Index Only Scan using keyword_pkey on keyword k  (cost=0.42..0.44 rows=1 width=4) (actual time=0.004..0.004 rows=1 loops=37)
              Index Cond: (id = mk.keyword_id)
              Heap Fetches: 37
Planning time: 12.274 ms
Execution time: 47.314 ms
