Aggregate  (cost=178870.83..178870.84 rows=1 width=64) (actual time=1975.561..1975.561 rows=1 loops=1)
  ->  Nested Loop  (cost=3921.07..178870.49 rows=68 width=60) (actual time=356.681..1973.571 rows=2271 loops=1)
        Join Filter: (t.id = at.movie_id)
        ->  Nested Loop  (cost=3920.65..178856.48 rows=27 width=76) (actual time=354.516..1955.106 rows=7964 loops=1)
              ->  Nested Loop  (cost=3920.23..178844.63 rows=27 width=80) (actual time=354.501..1874.200 rows=7964 loops=1)
                    ->  Nested Loop  (cost=3919.79..178841.13 rows=2 width=72) (actual time=354.482..1089.372 rows=2647 loops=1)
                          ->  Nested Loop  (cost=3919.37..178838.45 rows=6 width=76) (actual time=354.468..1067.624 rows=2884 loops=1)
                                ->  Nested Loop  (cost=3919.24..178837.28 rows=8 width=80) (actual time=354.458..1059.933 rows=2884 loops=1)
                                      ->  Nested Loop  (cost=3918.81..178836.66 rows=1 width=68) (actual time=354.430..1031.744 rows=1782 loops=1)
                                            ->  Nested Loop  (cost=3918.38..178819.80 rows=2 width=47) (actual time=354.387..1007.839 rows=1783 loops=1)
                                                  ->  Seq Scan on info_type it1  (cost=0.00..2.41 rows=1 width=4) (actual time=0.009..0.027 rows=1 loops=1)
                                                        Filter: ((info)::text = 'release dates'::text)
                                                        Rows Removed by Filter: 112
                                                  ->  Bitmap Heap Scan on movie_info mi  (cost=3918.38..178817.36 rows=3 width=51) (actual time=354.375..1007.272 rows=1783 loops=1)
                                                        Recheck Cond: (info_type_id = it1.id)
                                                        Filter: ((info IS NOT NULL) AND (note ~~ '%internet%'::text) AND ((info ~~ 'USA:% 199%'::text) OR (info ~~ 'USA:% 200%'::text)))
                                                        Rows Removed by Filter: 3034936
                                                        Heap Blocks: exact=25448
                                                        ->  Bitmap Index Scan on info_type_id_movie_info  (cost=0.00..3918.38 rows=211993 width=0) (actual time=348.662..348.662 rows=3036719 loops=1)
                                                              Index Cond: (info_type_id = it1.id)
                                            ->  Index Scan using title_pkey on title t  (cost=0.43..8.43 rows=1 width=21) (actual time=0.012..0.012 rows=1 loops=1783)
                                                  Index Cond: (id = mi.movie_id)
                                                  Filter: (production_year > 1990)
                                                  Rows Removed by Filter: 0
                                      ->  Index Scan using movie_id_movie_companies on movie_companies mc  (cost=0.43..0.58 rows=5 width=12) (actual time=0.011..0.015 rows=2 loops=1782)
                                            Index Cond: (movie_id = t.id)
                                ->  Index Only Scan using company_type_pkey on company_type ct  (cost=0.13..0.15 rows=1 width=4) (actual time=0.002..0.002 rows=1 loops=2884)
                                      Index Cond: (id = mc.company_type_id)
                                      Heap Fetches: 2884
                          ->  Index Scan using company_name_pkey on company_name cn  (cost=0.42..0.45 rows=1 width=4) (actual time=0.007..0.007 rows=1 loops=2884)
                                Index Cond: (id = mc.company_id)
                                Filter: ((country_code)::text = '[us]'::text)
                                Rows Removed by Filter: 0
                    ->  Index Scan using movie_id_movie_keyword on movie_keyword mk  (cost=0.43..1.30 rows=45 width=8) (actual time=0.294..0.295 rows=3 loops=2647)
                          Index Cond: (movie_id = t.id)
              ->  Index Only Scan using keyword_pkey on keyword k  (cost=0.42..0.44 rows=1 width=4) (actual time=0.010..0.010 rows=1 loops=7964)
                    Index Cond: (id = mk.keyword_id)
                    Heap Fetches: 7964
        ->  Index Only Scan using movie_id_aka_title on aka_title at  (cost=0.42..0.48 rows=3 width=4) (actual time=0.002..0.002 rows=0 loops=7964)
              Index Cond: (movie_id = mk.movie_id)
              Heap Fetches: 2271
Planning time: 12.108 ms
Execution time: 1975.656 ms
