Aggregate  (cost=3807.78..3807.79 rows=1 width=64) (actual time=409.196..409.196 rows=1 loops=1)
  ->  Nested Loop  (cost=9.50..3807.42 rows=71 width=33) (actual time=28.975..408.863 rows=385 loops=1)
        Join Filter: (n.id = an.person_id)
        ->  Nested Loop  (cost=9.08..3793.80 rows=28 width=25) (actual time=28.945..406.042 rows=323 loops=1)
              ->  Nested Loop  (cost=8.65..3781.05 rows=28 width=21) (actual time=28.889..402.646 rows=323 loops=1)
                    Join Filter: (t.id = ci.movie_id)
                    ->  Nested Loop  (cost=8.08..3777.20 rows=2 width=29) (actual time=18.095..346.779 rows=25 loops=1)
                          ->  Nested Loop  (cost=7.66..3774.97 rows=5 width=33) (actual time=17.940..346.473 rows=54 loops=1)
                                Join Filter: (t.id = mc.movie_id)
                                ->  Nested Loop  (cost=7.23..3774.36 rows=1 width=25) (actual time=15.117..345.732 rows=146 loops=1)
                                      ->  Nested Loop  (cost=6.80..3757.63 rows=34 width=4) (actual time=7.987..104.839 rows=41840 loops=1)
                                            ->  Seq Scan on keyword k  (cost=0.00..2626.12 rows=1 width=4) (actual time=0.667..16.019 rows=1 loops=1)
                                                  Filter: (keyword = 'character-name-in-title'::text)
                                                  Rows Removed by Filter: 134169
                                            ->  Bitmap Heap Scan on movie_keyword mk  (cost=6.80..1128.44 rows=306 width=8) (actual time=7.317..80.929 rows=41840 loops=1)
                                                  Recheck Cond: (keyword_id = k.id)
                                                  Heap Blocks: exact=11541
                                                  ->  Bitmap Index Scan on keyword_id_movie_keyword  (cost=0.00..6.73 rows=306 width=0) (actual time=5.180..5.180 rows=41840 loops=1)
                                                        Index Cond: (keyword_id = k.id)
                                      ->  Index Scan using title_pkey on title t  (cost=0.43..0.49 rows=1 width=21) (actual time=0.005..0.005 rows=0 loops=41840)
                                            Index Cond: (id = mk.movie_id)
                                            Filter: ((episode_nr >= 50) AND (episode_nr < 100))
                                            Rows Removed by Filter: 1
                                ->  Index Scan using movie_id_movie_companies on movie_companies mc  (cost=0.43..0.54 rows=5 width=8) (actual time=0.004..0.004 rows=0 loops=146)
                                      Index Cond: (movie_id = mk.movie_id)
                          ->  Index Scan using company_name_pkey on company_name cn  (cost=0.42..0.45 rows=1 width=4) (actual time=0.005..0.005 rows=0 loops=54)
                                Index Cond: (id = mc.company_id)
                                Filter: ((country_code)::text = '[us]'::text)
                                Rows Removed by Filter: 1
                    ->  Index Scan using movie_id_cast_info on cast_info ci  (cost=0.56..1.49 rows=35 width=8) (actual time=2.183..2.228 rows=13 loops=25)
                          Index Cond: (movie_id = mk.movie_id)
              ->  Index Only Scan using name_pkey on name n  (cost=0.43..0.46 rows=1 width=4) (actual time=0.010..0.010 rows=1 loops=323)
                    Index Cond: (id = ci.person_id)
                    Heap Fetches: 323
        ->  Index Scan using person_id_aka_name on aka_name an  (cost=0.42..0.46 rows=2 width=20) (actual time=0.007..0.008 rows=1 loops=323)
              Index Cond: (person_id = ci.person_id)
Planning time: 5.688 ms
Execution time: 409.337 ms
