Aggregate  (cost=5012.35..5012.36 rows=1 width=64) (actual time=36517.348..36517.349 rows=1 loops=1)
  ->  Nested Loop  (cost=9.50..4998.97 rows=2677 width=33) (actual time=6.666..34457.486 rows=3710592 loops=1)
        Join Filter: (n.id = an.person_id)
        ->  Nested Loop  (cost=9.08..4481.78 rows=1063 width=25) (actual time=6.648..23026.997 rows=2832555 loops=1)
              ->  Nested Loop  (cost=8.65..3997.79 rows=1063 width=21) (actual time=6.629..10085.781 rows=2832555 loops=1)
                    Join Filter: (t.id = ci.movie_id)
                    ->  Nested Loop  (cost=8.08..3874.51 rows=64 width=29) (actual time=6.355..1778.499 rows=68316 loops=1)
                          ->  Nested Loop  (cost=7.66..3794.69 rows=179 width=33) (actual time=6.323..902.598 rows=148552 loops=1)
                                Join Filter: (t.id = mc.movie_id)
                                ->  Nested Loop  (cost=7.23..3774.19 rows=34 width=25) (actual time=6.289..538.667 rows=41840 loops=1)
                                      ->  Nested Loop  (cost=6.80..3757.63 rows=34 width=4) (actual time=6.277..148.220 rows=41840 loops=1)
                                            ->  Seq Scan on keyword k  (cost=0.00..2626.12 rows=1 width=4) (actual time=0.636..17.607 rows=1 loops=1)
                                                  Filter: (keyword = 'character-name-in-title'::text)
                                                  Rows Removed by Filter: 134169
                                            ->  Bitmap Heap Scan on movie_keyword mk  (cost=6.80..1128.44 rows=306 width=8) (actual time=5.639..120.706 rows=41840 loops=1)
                                                  Recheck Cond: (keyword_id = k.id)
                                                  Heap Blocks: exact=11541
                                                  ->  Bitmap Index Scan on keyword_id_movie_keyword  (cost=0.00..6.73 rows=306 width=0) (actual time=3.492..3.492 rows=41840 loops=1)
                                                        Index Cond: (keyword_id = k.id)
                                      ->  Index Scan using title_pkey on title t  (cost=0.43..0.49 rows=1 width=21) (actual time=0.009..0.009 rows=1 loops=41840)
                                            Index Cond: (id = mk.movie_id)
                                ->  Index Scan using movie_id_movie_companies on movie_companies mc  (cost=0.43..0.54 rows=5 width=8) (actual time=0.005..0.007 rows=4 loops=41840)
                                      Index Cond: (movie_id = mk.movie_id)
                          ->  Index Scan using company_name_pkey on company_name cn  (cost=0.42..0.45 rows=1 width=4) (actual time=0.005..0.005 rows=0 loops=148552)
                                Index Cond: (id = mc.company_id)
                                Filter: ((country_code)::text = '[us]'::text)
                                Rows Removed by Filter: 1
                    ->  Index Scan using movie_id_cast_info on cast_info ci  (cost=0.56..1.49 rows=35 width=8) (actual time=0.033..0.109 rows=41 loops=68316)
                          Index Cond: (movie_id = mk.movie_id)
              ->  Index Only Scan using name_pkey on name n  (cost=0.43..0.46 rows=1 width=4) (actual time=0.004..0.004 rows=1 loops=2832555)
                    Index Cond: (id = ci.person_id)
                    Heap Fetches: 2832555
        ->  Index Scan using person_id_aka_name on aka_name an  (cost=0.42..0.46 rows=2 width=20) (actual time=0.003..0.003 rows=1 loops=2832555)
              Index Cond: (person_id = ci.person_id)
Planning time: 5.702 ms
Execution time: 36517.455 ms
