Aggregate  (cost=4231.92..4231.93 rows=1 width=64) (actual time=3026.171..3026.171 rows=1 loops=1)
  ->  Nested Loop  (cost=9.50..4226.98 rows=988 width=33) (actual time=7.279..2845.916 rows=319932 loops=1)
        Join Filter: (n.id = an.person_id)
        ->  Nested Loop  (cost=9.08..4036.26 rows=392 width=25) (actual time=7.263..1934.017 rows=221609 loops=1)
              ->  Nested Loop  (cost=8.65..3857.78 rows=392 width=21) (actual time=7.247..976.202 rows=221609 loops=1)
                    Join Filter: (t.id = ci.movie_id)
                    ->  Nested Loop  (cost=8.08..3811.55 rows=24 width=29) (actual time=7.228..490.874 rows=8538 loops=1)
                          ->  Nested Loop  (cost=7.66..3782.12 rows=66 width=33) (actual time=6.850..441.207 rows=11406 loops=1)
                                Join Filter: (t.id = mc.movie_id)
                                ->  Nested Loop  (cost=7.23..3774.28 rows=13 width=25) (actual time=6.773..397.389 rows=6926 loops=1)
                                      ->  Nested Loop  (cost=6.80..3757.63 rows=34 width=4) (actual time=6.750..117.203 rows=41840 loops=1)
                                            ->  Seq Scan on keyword k  (cost=0.00..2626.12 rows=1 width=4) (actual time=0.760..18.260 rows=1 loops=1)
                                                  Filter: (keyword = 'character-name-in-title'::text)
                                                  Rows Removed by Filter: 134169
                                            ->  Bitmap Heap Scan on movie_keyword mk  (cost=6.80..1128.44 rows=306 width=8) (actual time=5.988..90.810 rows=41840 loops=1)
                                                  Recheck Cond: (keyword_id = k.id)
                                                  Heap Blocks: exact=11541
                                                  ->  Bitmap Index Scan on keyword_id_movie_keyword  (cost=0.00..6.73 rows=306 width=0) (actual time=3.860..3.860 rows=41840 loops=1)
                                                        Index Cond: (keyword_id = k.id)
                                      ->  Index Scan using title_pkey on title t  (cost=0.43..0.49 rows=1 width=21) (actual time=0.006..0.006 rows=0 loops=41840)
                                            Index Cond: (id = mk.movie_id)
                                            Filter: (episode_nr < 100)
                                            Rows Removed by Filter: 1
                                ->  Index Scan using movie_id_movie_companies on movie_companies mc  (cost=0.43..0.54 rows=5 width=8) (actual time=0.004..0.005 rows=2 loops=6926)
                                      Index Cond: (movie_id = mk.movie_id)
                          ->  Index Scan using company_name_pkey on company_name cn  (cost=0.42..0.45 rows=1 width=4) (actual time=0.004..0.004 rows=1 loops=11406)
                                Index Cond: (id = mc.company_id)
                                Filter: ((country_code)::text = '[us]'::text)
                                Rows Removed by Filter: 0
                    ->  Index Scan using movie_id_cast_info on cast_info ci  (cost=0.56..1.49 rows=35 width=8) (actual time=0.006..0.049 rows=26 loops=8538)
                          Index Cond: (movie_id = mk.movie_id)
              ->  Index Only Scan using name_pkey on name n  (cost=0.43..0.46 rows=1 width=4) (actual time=0.004..0.004 rows=1 loops=221609)
                    Index Cond: (id = ci.person_id)
                    Heap Fetches: 221609
        ->  Index Scan using person_id_aka_name on aka_name an  (cost=0.42..0.46 rows=2 width=20) (actual time=0.003..0.003 rows=1 loops=221609)
              Index Cond: (person_id = ci.person_id)
Planning time: 6.454 ms
Execution time: 3026.281 ms
