Aggregate  (cost=4358.63..4358.64 rows=1 width=64) (actual time=14592.121..14592.121 rows=1 loops=1)
  ->  Nested Loop  (cost=9.08..4358.62 rows=1 width=15) (actual time=12.742..14557.106 rows=52306 loops=1)
        ->  Nested Loop  (cost=8.65..4358.17 rows=1 width=27) (actual time=12.714..14384.430 rows=52306 loops=1)
              ->  Nested Loop  (cost=8.23..4357.72 rows=1 width=31) (actual time=12.692..14100.770 rows=52306 loops=1)
                    ->  Nested Loop  (cost=7.80..4357.15 rows=1 width=23) (actual time=12.664..13997.088 rows=6642 loops=1)
                          ->  Nested Loop  (cost=7.37..3820.15 rows=1173 width=12) (actual time=7.031..5537.730 rows=1038393 loops=1)
                                ->  Nested Loop  (cost=6.80..3757.63 rows=34 width=4) (actual time=7.002..137.347 rows=41840 loops=1)
                                      ->  Seq Scan on keyword k  (cost=0.00..2626.12 rows=1 width=4) (actual time=0.787..18.556 rows=1 loops=1)
                                            Filter: (keyword = 'character-name-in-title'::text)
                                            Rows Removed by Filter: 134169
                                      ->  Bitmap Heap Scan on movie_keyword mk  (cost=6.80..1128.44 rows=306 width=8) (actual time=6.212..107.459 rows=41840 loops=1)
                                            Recheck Cond: (keyword_id = k.id)
                                            Heap Blocks: exact=11541
                                            ->  Bitmap Index Scan on keyword_id_movie_keyword  (cost=0.00..6.73 rows=306 width=0) (actual time=4.083..4.083 rows=41840 loops=1)
                                                  Index Cond: (keyword_id = k.id)
                                ->  Index Scan using movie_id_cast_info on cast_info ci  (cost=0.56..1.49 rows=35 width=8) (actual time=0.010..0.122 rows=25 loops=41840)
                                      Index Cond: (movie_id = mk.movie_id)
                          ->  Index Scan using name_pkey on name n  (cost=0.43..0.46 rows=1 width=19) (actual time=0.008..0.008 rows=0 loops=1038393)
                                Index Cond: (id = ci.person_id)
                                Filter: (name ~~ 'Z%'::text)
                                Rows Removed by Filter: 1
                    ->  Index Scan using movie_id_movie_companies on movie_companies mc  (cost=0.43..0.52 rows=5 width=8) (actual time=0.008..0.013 rows=8 loops=6642)
                          Index Cond: (movie_id = ci.movie_id)
              ->  Index Only Scan using company_name_pkey on company_name cn  (cost=0.42..0.44 rows=1 width=4) (actual time=0.005..0.005 rows=1 loops=52306)
                    Index Cond: (id = mc.company_id)
                    Heap Fetches: 52306
        ->  Index Only Scan using title_pkey on title t  (cost=0.43..0.45 rows=1 width=4) (actual time=0.003..0.003 rows=1 loops=52306)
              Index Cond: (id = ci.movie_id)
              Heap Fetches: 52306
Planning time: 4.232 ms
Execution time: 14592.232 ms
