Aggregate  (cost=4358.63..4358.64 rows=1 width=64) (actual time=13733.217..13733.217 rows=1 loops=1)
  ->  Nested Loop  (cost=9.08..4358.62 rows=1 width=15) (actual time=99.854..13731.166 rows=1918 loops=1)
        ->  Nested Loop  (cost=8.65..4358.17 rows=1 width=27) (actual time=99.830..13722.571 rows=1918 loops=1)
              ->  Nested Loop  (cost=8.23..4357.72 rows=1 width=31) (actual time=99.816..13702.909 rows=1918 loops=1)
                    ->  Nested Loop  (cost=7.80..4357.15 rows=1 width=23) (actual time=99.790..13696.161 rows=250 loops=1)
                          ->  Nested Loop  (cost=7.37..3820.15 rows=1173 width=12) (actual time=7.032..5423.268 rows=1038393 loops=1)
                                ->  Nested Loop  (cost=6.80..3757.63 rows=34 width=4) (actual time=7.007..134.139 rows=41840 loops=1)
                                      ->  Seq Scan on keyword k  (cost=0.00..2626.12 rows=1 width=4) (actual time=0.771..18.165 rows=1 loops=1)
                                            Filter: (keyword = 'character-name-in-title'::text)
                                            Rows Removed by Filter: 134169
                                      ->  Bitmap Heap Scan on movie_keyword mk  (cost=6.80..1128.44 rows=306 width=8) (actual time=6.233..104.733 rows=41840 loops=1)
                                            Recheck Cond: (keyword_id = k.id)
                                            Heap Blocks: exact=11541
                                            ->  Bitmap Index Scan on keyword_id_movie_keyword  (cost=0.00..6.73 rows=306 width=0) (actual time=4.086..4.086 rows=41840 loops=1)
                                                  Index Cond: (keyword_id = k.id)
                                ->  Index Scan using movie_id_cast_info on cast_info ci  (cost=0.56..1.49 rows=35 width=8) (actual time=0.010..0.120 rows=25 loops=41840)
                                      Index Cond: (movie_id = mk.movie_id)
                          ->  Index Scan using name_pkey on name n  (cost=0.43..0.46 rows=1 width=19) (actual time=0.008..0.008 rows=0 loops=1038393)
                                Index Cond: (id = ci.person_id)
                                Filter: (name ~~ 'X%'::text)
                                Rows Removed by Filter: 1
                    ->  Index Scan using movie_id_movie_companies on movie_companies mc  (cost=0.43..0.52 rows=5 width=8) (actual time=0.016..0.023 rows=8 loops=250)
                          Index Cond: (movie_id = ci.movie_id)
              ->  Index Only Scan using company_name_pkey on company_name cn  (cost=0.42..0.44 rows=1 width=4) (actual time=0.009..0.009 rows=1 loops=1918)
                    Index Cond: (id = mc.company_id)
                    Heap Fetches: 1918
        ->  Index Only Scan using title_pkey on title t  (cost=0.43..0.45 rows=1 width=4) (actual time=0.004..0.004 rows=1 loops=1918)
              Index Cond: (id = ci.movie_id)
              Heap Fetches: 1918
Planning time: 3.499 ms
Execution time: 13733.298 ms
