Aggregate  (cost=4358.62..4358.63 rows=1 width=32) (actual time=13729.106..13729.106 rows=1 loops=1)
  ->  Nested Loop  (cost=9.08..4358.62 rows=1 width=15) (actual time=60.886..13719.741 rows=11538 loops=1)
        ->  Nested Loop  (cost=8.65..4358.17 rows=1 width=27) (actual time=60.860..13669.570 rows=11538 loops=1)
              ->  Nested Loop  (cost=8.23..4357.72 rows=1 width=31) (actual time=60.846..13577.086 rows=11538 loops=1)
                    ->  Nested Loop  (cost=7.80..4357.15 rows=1 width=23) (actual time=60.818..13539.297 rows=1972 loops=1)
                          ->  Nested Loop  (cost=7.37..3820.15 rows=1173 width=12) (actual time=7.027..5331.527 rows=1038393 loops=1)
                                ->  Nested Loop  (cost=6.80..3757.63 rows=34 width=4) (actual time=7.003..132.734 rows=41840 loops=1)
                                      ->  Seq Scan on keyword k  (cost=0.00..2626.12 rows=1 width=4) (actual time=0.799..18.106 rows=1 loops=1)
                                            Filter: (keyword = 'character-name-in-title'::text)
                                            Rows Removed by Filter: 134169
                                      ->  Bitmap Heap Scan on movie_keyword mk  (cost=6.80..1128.44 rows=306 width=8) (actual time=6.201..103.995 rows=41840 loops=1)
                                            Recheck Cond: (keyword_id = k.id)
                                            Heap Blocks: exact=11541
                                            ->  Bitmap Index Scan on keyword_id_movie_keyword  (cost=0.00..6.73 rows=306 width=0) (actual time=4.077..4.077 rows=41840 loops=1)
                                                  Index Cond: (keyword_id = k.id)
                                ->  Index Scan using movie_id_cast_info on cast_info ci  (cost=0.56..1.49 rows=35 width=8) (actual time=0.010..0.118 rows=25 loops=41840)
                                      Index Cond: (movie_id = mk.movie_id)
                          ->  Index Scan using name_pkey on name n  (cost=0.43..0.46 rows=1 width=19) (actual time=0.008..0.008 rows=0 loops=1038393)
                                Index Cond: (id = ci.person_id)
                                Filter: (name ~~ '%Bert%'::text)
                                Rows Removed by Filter: 1
                    ->  Index Scan using movie_id_movie_companies on movie_companies mc  (cost=0.43..0.52 rows=5 width=8) (actual time=0.011..0.017 rows=6 loops=1972)
                          Index Cond: (movie_id = ci.movie_id)
              ->  Index Only Scan using company_name_pkey on company_name cn  (cost=0.42..0.44 rows=1 width=4) (actual time=0.007..0.007 rows=1 loops=11538)
                    Index Cond: (id = mc.company_id)
                    Heap Fetches: 11538
        ->  Index Only Scan using title_pkey on title t  (cost=0.43..0.45 rows=1 width=4) (actual time=0.004..0.004 rows=1 loops=11538)
              Index Cond: (id = ci.movie_id)
              Heap Fetches: 11538
Planning time: 4.277 ms
Execution time: 13729.206 ms
