Aggregate  (cost=4484.44..4484.45 rows=1 width=32) (actual time=21596.720..21596.720 rows=1 loops=1)
  ->  Nested Loop  (cost=9.08..4481.78 rows=1063 width=15) (actual time=7.532..20260.726 rows=2832555 loops=1)
        ->  Nested Loop  (cost=8.65..3997.79 rows=1063 width=4) (actual time=7.516..7872.065 rows=2832555 loops=1)
              Join Filter: (t.id = ci.movie_id)
              ->  Nested Loop  (cost=8.08..3874.51 rows=64 width=12) (actual time=7.097..1678.345 rows=68316 loops=1)
                    ->  Nested Loop  (cost=7.66..3794.69 rows=179 width=16) (actual time=7.041..872.007 rows=148552 loops=1)
                          Join Filter: (t.id = mc.movie_id)
                          ->  Nested Loop  (cost=7.23..3774.19 rows=34 width=8) (actual time=6.993..514.752 rows=41840 loops=1)
                                ->  Nested Loop  (cost=6.80..3757.63 rows=34 width=4) (actual time=6.969..139.865 rows=41840 loops=1)
                                      ->  Seq Scan on keyword k  (cost=0.00..2626.12 rows=1 width=4) (actual time=0.773..18.170 rows=1 loops=1)
                                            Filter: (keyword = 'character-name-in-title'::text)
                                            Rows Removed by Filter: 134169
                                      ->  Bitmap Heap Scan on movie_keyword mk  (cost=6.80..1128.44 rows=306 width=8) (actual time=6.193..112.535 rows=41840 loops=1)
                                            Recheck Cond: (keyword_id = k.id)
                                            Heap Blocks: exact=11541
                                            ->  Bitmap Index Scan on keyword_id_movie_keyword  (cost=0.00..6.73 rows=306 width=0) (actual time=4.048..4.048 rows=41840 loops=1)
                                                  Index Cond: (keyword_id = k.id)
                                ->  Index Only Scan using title_pkey on title t  (cost=0.43..0.49 rows=1 width=4) (actual time=0.008..0.008 rows=1 loops=41840)
                                      Index Cond: (id = mk.movie_id)
                                      Heap Fetches: 41840
                          ->  Index Scan using movie_id_movie_companies on movie_companies mc  (cost=0.43..0.54 rows=5 width=8) (actual time=0.005..0.007 rows=4 loops=41840)
                                Index Cond: (movie_id = mk.movie_id)
                    ->  Index Scan using company_name_pkey on company_name cn  (cost=0.42..0.45 rows=1 width=4) (actual time=0.005..0.005 rows=0 loops=148552)
                          Index Cond: (id = mc.company_id)
                          Filter: ((country_code)::text = '[us]'::text)
                          Rows Removed by Filter: 1
              ->  Index Scan using movie_id_cast_info on cast_info ci  (cost=0.56..1.49 rows=35 width=8) (actual time=0.006..0.080 rows=41 loops=68316)
                    Index Cond: (movie_id = mk.movie_id)
        ->  Index Scan using name_pkey on name n  (cost=0.43..0.46 rows=1 width=19) (actual time=0.004..0.004 rows=1 loops=2832555)
              Index Cond: (id = ci.person_id)
Planning time: 3.499 ms
Execution time: 21596.806 ms
