Aggregate  (cost=4616.87..4616.88 rows=1 width=32) (actual time=19632.068..19632.068 rows=1 loops=1)
  ->  Nested Loop  (cost=9.08..4615.98 rows=357 width=15) (actual time=8.121..19063.239 rows=1113120 loops=1)
        ->  Nested Loop  (cost=8.66..4457.69 rows=357 width=19) (actual time=8.113..15866.798 rows=1113120 loops=1)
              ->  Nested Loop  (cost=8.23..4376.70 rows=142 width=27) (actual time=7.039..14667.426 rows=149494 loops=1)
                    ->  Nested Loop  (cost=7.80..3839.69 rows=1173 width=16) (actual time=7.026..5992.015 rows=1038393 loops=1)
                          Join Filter: (t.id = ci.movie_id)
                          ->  Nested Loop  (cost=7.23..3774.19 rows=34 width=8) (actual time=7.007..507.793 rows=41840 loops=1)
                                ->  Nested Loop  (cost=6.80..3757.63 rows=34 width=4) (actual time=6.984..139.334 rows=41840 loops=1)
                                      ->  Seq Scan on keyword k  (cost=0.00..2626.12 rows=1 width=4) (actual time=0.759..17.745 rows=1 loops=1)
                                            Filter: (keyword = 'character-name-in-title'::text)
                                            Rows Removed by Filter: 134169
                                      ->  Bitmap Heap Scan on movie_keyword mk  (cost=6.80..1128.44 rows=306 width=8) (actual time=6.222..110.759 rows=41840 loops=1)
                                            Recheck Cond: (keyword_id = k.id)
                                            Heap Blocks: exact=11541
                                            ->  Bitmap Index Scan on keyword_id_movie_keyword  (cost=0.00..6.73 rows=306 width=0) (actual time=4.074..4.074 rows=41840 loops=1)
                                                  Index Cond: (keyword_id = k.id)
                                ->  Index Only Scan using title_pkey on title t  (cost=0.43..0.49 rows=1 width=4) (actual time=0.008..0.008 rows=1 loops=41840)
                                      Index Cond: (id = mk.movie_id)
                                      Heap Fetches: 41840
                          ->  Index Scan using movie_id_cast_info on cast_info ci  (cost=0.56..1.49 rows=35 width=8) (actual time=0.010..0.123 rows=25 loops=41840)
                                Index Cond: (movie_id = mk.movie_id)
                    ->  Index Scan using name_pkey on name n  (cost=0.43..0.46 rows=1 width=19) (actual time=0.008..0.008 rows=0 loops=1038393)
                          Index Cond: (id = ci.person_id)
                          Filter: (name ~~ '%B%'::text)
                          Rows Removed by Filter: 1
              ->  Index Scan using movie_id_movie_companies on movie_companies mc  (cost=0.43..0.52 rows=5 width=8) (actual time=0.003..0.006 rows=7 loops=149494)
                    Index Cond: (movie_id = ci.movie_id)
        ->  Index Only Scan using company_name_pkey on company_name cn  (cost=0.42..0.44 rows=1 width=4) (actual time=0.002..0.002 rows=1 loops=1113120)
              Index Cond: (id = mc.company_id)
              Heap Fetches: 1113120
Planning time: 3.527 ms
Execution time: 19632.184 ms
