Aggregate  (cost=249869.41..249869.42 rows=1 width=96) (actual time=18321.039..18321.040 rows=1 loops=1)
  ->  Nested Loop  (cost=6464.11..249869.40 rows=1 width=65) (actual time=213.849..18318.720 rows=410 loops=1)
        ->  Nested Loop  (cost=6463.68..249868.94 rows=1 width=60) (actual time=213.816..18310.363 rows=410 loops=1)
              ->  Nested Loop  (cost=6463.25..244376.56 rows=8593 width=64) (actual time=94.432..16986.437 rows=107339 loops=1)
                    ->  Nested Loop  (cost=6462.68..164272.58 rows=3591 width=56) (actual time=94.366..7561.238 rows=45431 loops=1)
                          Join Filter: (mi.info_type_id = it1.id)
                          Rows Removed by Join Filter: 6884903
                          ->  Seq Scan on info_type it1  (cost=0.00..2.41 rows=1 width=4) (actual time=0.016..0.017 rows=1 loops=1)
                                Filter: ((info)::text = 'budget'::text)
                                Rows Removed by Filter: 112
                          ->  Nested Loop  (cost=6462.68..159197.83 rows=405787 width=60) (actual time=94.291..7003.160 rows=6930334 loops=1)
                                ->  Nested Loop  (cost=6462.25..22162.36 rows=12213 width=9) (actual time=94.258..342.992 rows=459925 loops=1)
                                      ->  Seq Scan on info_type it2  (cost=0.00..2.41 rows=1 width=4) (actual time=0.013..0.022 rows=1 loops=1)
                                            Filter: ((info)::text = 'votes'::text)
                                            Rows Removed by Filter: 112
                                      ->  Bitmap Heap Scan on movie_info_idx mi_idx  (cost=6462.25..18709.86 rows=345009 width=13) (actual time=94.241..248.087 rows=459925 loops=1)
                                            Recheck Cond: (info_type_id = it2.id)
                                            Heap Blocks: exact=7934
                                            ->  Bitmap Index Scan on info_type_id_movie_info_idx  (cost=0.00..6375.99 rows=345009 width=0) (actual time=92.734..92.734 rows=459925 loops=1)
                                                  Index Cond: (info_type_id = it2.id)
                                ->  Index Scan using movie_id_movie_info on movie_info mi  (cost=0.43..10.81 rows=41 width=51) (actual time=0.003..0.011 rows=15 loops=459925)
                                      Index Cond: (movie_id = mi_idx.movie_id)
                    ->  Index Scan using movie_id_cast_info on cast_info ci  (cost=0.56..22.29 rows=2 width=8) (actual time=0.131..0.206 rows=2 loops=45431)
                          Index Cond: (movie_id = mi.movie_id)
                          Filter: (note = ANY ('{(producer),"(executive producer)"}'::text[]))
                          Rows Removed by Filter: 38
              ->  Index Scan using name_pkey on name n  (cost=0.43..0.64 rows=1 width=4) (actual time=0.012..0.012 rows=0 loops=107339)
                    Index Cond: (id = ci.person_id)
                    Filter: ((name ~~ '%Tim%'::text) AND ((gender)::text = 'm'::text))
                    Rows Removed by Filter: 1
        ->  Index Scan using title_pkey on title t  (cost=0.43..0.46 rows=1 width=21) (actual time=0.018..0.018 rows=1 loops=410)
              Index Cond: (id = mi.movie_id)
Planning time: 3.495 ms
Execution time: 18321.142 ms
