Aggregate  (cost=195144.79..195144.80 rows=1 width=64) (actual time=12581.382..12581.382 rows=1 loops=1)
  ->  Nested Loop  (cost=3924.33..195144.78 rows=1 width=32) (actual time=1267.594..12581.096 rows=184 loops=1)
        ->  Nested Loop  (cost=3923.90..195143.31 rows=1 width=36) (actual time=1267.560..12580.025 rows=189 loops=1)
              Join Filter: (n.id = an.person_id)
              ->  Nested Loop  (cost=3923.48..195141.66 rows=1 width=44) (actual time=1267.525..12578.622 rows=170 loops=1)
                    ->  Hash Join  (cost=3923.05..195120.85 rows=13 width=25) (actual time=204.213..12376.213 rows=40272 loops=1)
                          Hash Cond: (ci.role_id = rt.id)
                          ->  Nested Loop  (cost=3921.89..195117.79 rows=159 width=29) (actual time=202.777..12348.219 rows=130077 loops=1)
                                ->  Nested Loop  (cost=3921.32..188060.51 rows=203 width=29) (actual time=198.830..4711.563 rows=116277 loops=1)
                                      ->  Nested Loop  (cost=3920.90..187384.12 rows=561 width=33) (actual time=198.818..4194.221 rows=124224 loops=1)
                                            ->  Nested Loop  (cost=3920.47..184784.79 rows=939 width=25) (actual time=198.805..3044.794 rows=298255 loops=1)
                                                  ->  Nested Loop  (cost=3920.04..178357.80 rows=4110 width=4) (actual time=198.776..1292.581 rows=451039 loops=1)
                                                        ->  Seq Scan on info_type it  (cost=0.00..2.41 rows=1 width=4) (actual time=0.006..0.017 rows=1 loops=1)
                                                              Filter: ((info)::text = 'release dates'::text)
                                                              Rows Removed by Filter: 112
                                                        ->  Bitmap Heap Scan on movie_info mi  (cost=3920.04..178289.03 rows=6635 width=8) (actual time=198.767..1217.494 rows=451039 loops=1)
                                                              Recheck Cond: (info_type_id = it.id)
                                                              Filter: ((info IS NOT NULL) AND ((info ~~ 'Japan:%200%'::text) OR (info ~~ 'USA:%200%'::text)))
                                                              Rows Removed by Filter: 2585680
                                                              Heap Blocks: exact=25448
                                                              ->  Bitmap Index Scan on info_type_id_movie_info  (cost=0.00..3918.38 rows=211993 width=0) (actual time=193.241..193.241 rows=3036719 loops=1)
                                                                    Index Cond: (info_type_id = it.id)
                                                  ->  Index Scan using title_pkey on title t  (cost=0.43..1.56 rows=1 width=21) (actual time=0.003..0.003 rows=1 loops=451039)
                                                        Index Cond: (id = mi.movie_id)
                                                        Filter: ((production_year >= 2005) AND (production_year <= 2009))
                                                        Rows Removed by Filter: 0
                                            ->  Index Scan using movie_id_movie_companies on movie_companies mc  (cost=0.43..2.76 rows=1 width=8) (actual time=0.003..0.003 rows=0 loops=298255)
                                                  Index Cond: (movie_id = t.id)
                                                  Filter: ((note IS NOT NULL) AND ((note ~~ '%(USA)%'::text) OR (note ~~ '%(worldwide)%'::text)))
                                                  Rows Removed by Filter: 1
                                      ->  Index Scan using company_name_pkey on company_name cn  (cost=0.42..1.21 rows=1 width=4) (actual time=0.004..0.004 rows=1 loops=124224)
                                            Index Cond: (id = mc.company_id)
                                            Filter: ((country_code)::text = '[us]'::text)
                                            Rows Removed by Filter: 0
                                ->  Index Scan using movie_id_cast_info on cast_info ci  (cost=0.56..34.75 rows=1 width=16) (actual time=0.055..0.065 rows=1 loops=116277)
                                      Index Cond: (movie_id = t.id)
                                      Filter: (note = ANY ('{(voice),"(voice: Japanese version)","(voice) (uncredited)","(voice: English version)"}'::text[]))
                                      Rows Removed by Filter: 46
                          ->  Hash  (cost=1.15..1.15 rows=1 width=4) (actual time=0.012..0.012 rows=1 loops=1)
                                Buckets: 1024  Batches: 1  Memory Usage: 9kB
                                ->  Seq Scan on role_type rt  (cost=0.00..1.15 rows=1 width=4) (actual time=0.008..0.009 rows=1 loops=1)
                                      Filter: ((role)::text = 'actress'::text)
                                      Rows Removed by Filter: 11
                    ->  Index Scan using name_pkey on name n  (cost=0.43..1.60 rows=1 width=19) (actual time=0.005..0.005 rows=0 loops=40272)
                          Index Cond: (id = ci.person_id)
                          Filter: ((name ~~ '%Ang%'::text) AND ((gender)::text = 'f'::text))
                          Rows Removed by Filter: 1
              ->  Index Only Scan using person_id_aka_name on aka_name an  (cost=0.42..1.63 rows=2 width=4) (actual time=0.006..0.007 rows=1 loops=170)
                    Index Cond: (person_id = ci.person_id)
                    Heap Fetches: 189
        ->  Index Only Scan using char_name_pkey on char_name chn  (cost=0.43..1.47 rows=1 width=4) (actual time=0.005..0.005 rows=1 loops=189)
              Index Cond: (id = ci.person_role_id)
              Heap Fetches: 184
Planning time: 20.120 ms
Execution time: 12581.520 ms
