Aggregate  (cost=251815.03..251815.04 rows=1 width=64) (actual time=3216.450..3216.450 rows=1 loops=1)
  ->  Nested Loop  (cost=3.56..251815.00 rows=5 width=32) (actual time=31.465..3214.035 rows=3575 loops=1)
        Join Filter: (n.id = an.person_id)
        ->  Nested Loop  (cost=3.14..251811.69 rows=2 width=40) (actual time=8.206..3203.602 rows=2632 loops=1)
              ->  Nested Loop  (cost=2.72..251804.66 rows=6 width=44) (actual time=8.186..3169.569 rows=8585 loops=1)
                    ->  Nested Loop  (cost=2.29..251801.96 rows=1 width=52) (actual time=8.164..3151.321 rows=2129 loops=1)
                          Join Filter: (mi.info_type_id = it.id)
                          ->  Seq Scan on info_type it  (cost=0.00..2.41 rows=1 width=4) (actual time=0.012..0.022 rows=1 loops=1)
                                Filter: ((info)::text = 'release dates'::text)
                                Rows Removed by Filter: 112
                          ->  Nested Loop  (cost=2.29..251798.15 rows=112 width=56) (actual time=8.151..3150.546 rows=2129 loops=1)
                                ->  Nested Loop  (cost=1.85..245123.75 rows=251 width=48) (actual time=8.085..3014.327 rows=3349 loops=1)
                                      ->  Nested Loop  (cost=1.42..244465.96 rows=457 width=27) (actual time=8.065..2956.595 rows=5686 loops=1)
                                            ->  Nested Loop  (cost=0.99..243072.52 rows=947 width=31) (actual time=8.046..2916.858 rows=6552 loops=1)
                                                  ->  Nested Loop  (cost=0.56..133989.38 rows=68153 width=12) (actual time=0.218..2096.532 rows=276166 loops=1)
                                                        ->  Seq Scan on role_type rt  (cost=0.00..1.15 rows=1 width=4) (actual time=0.002..0.029 rows=1 loops=1)
                                                              Filter: ((role)::text = 'actress'::text)
                                                              Rows Removed by Filter: 11
                                                        ->  Index Scan using role_id_cast_info on cast_info ci  (cost=0.56..133244.74 rows=74349 width=16) (actual time=0.214..2048.828 rows=276166 loops=1)
                                                              Index Cond: (role_id = rt.id)
                                                              Filter: (note = ANY ('{(voice),"(voice: Japanese version)","(voice) (uncredited)","(voice: English version)"}'::text[]))
                                                              Rows Removed by Filter: 7175807
                                                  ->  Index Scan using name_pkey on name n  (cost=0.43..1.60 rows=1 width=19) (actual time=0.003..0.003 rows=0 loops=276166)
                                                        Index Cond: (id = ci.person_id)
                                                        Filter: ((name ~~ '%An%'::text) AND ((gender)::text = 'f'::text))
                                                        Rows Removed by Filter: 1
                                            ->  Index Only Scan using char_name_pkey on char_name chn  (cost=0.43..1.47 rows=1 width=4) (actual time=0.005..0.005 rows=1 loops=6552)
                                                  Index Cond: (id = ci.person_role_id)
                                                  Heap Fetches: 5686
                                      ->  Index Scan using title_pkey on title t  (cost=0.43..1.44 rows=1 width=21) (actual time=0.010..0.010 rows=1 loops=5686)
                                            Index Cond: (id = ci.movie_id)
                                            Filter: (production_year > 2000)
                                            Rows Removed by Filter: 0
                                ->  Index Scan using movie_id_movie_info on movie_info mi  (cost=0.43..26.58 rows=1 width=8) (actual time=0.024..0.040 rows=1 loops=3349)
                                      Index Cond: (movie_id = t.id)
                                      Filter: ((info IS NOT NULL) AND ((info ~~ 'Japan:%200%'::text) OR (info ~~ 'USA:%200%'::text)))
                                      Rows Removed by Filter: 15
                    ->  Index Scan using movie_id_movie_companies on movie_companies mc  (cost=0.43..2.66 rows=5 width=8) (actual time=0.005..0.007 rows=4 loops=2129)
                          Index Cond: (movie_id = t.id)
              ->  Index Scan using company_name_pkey on company_name cn  (cost=0.42..1.17 rows=1 width=4) (actual time=0.004..0.004 rows=0 loops=8585)
                    Index Cond: (id = mc.company_id)
                    Filter: ((country_code)::text = '[us]'::text)
                    Rows Removed by Filter: 1
        ->  Index Only Scan using person_id_aka_name on aka_name an  (cost=0.42..1.63 rows=2 width=4) (actual time=0.003..0.003 rows=1 loops=2632)
              Index Cond: (person_id = ci.person_id)
              Heap Fetches: 3575
Planning time: 18.556 ms
Execution time: 3216.575 ms
