Aggregate  (cost=344663.17..344663.18 rows=1 width=64) (actual time=24927.421..24927.421 rows=1 loops=1)
  ->  Nested Loop  (cost=181047.42..344650.53 rows=2527 width=32) (actual time=2008.527..24085.307 rows=1760645 loops=1)
        ->  Nested Loop  (cost=181046.99..342999.12 rows=1004 width=40) (actual time=2008.478..21541.293 rows=787043 loops=1)
              ->  Nested Loop  (cost=181046.57..339750.93 rows=2775 width=44) (actual time=2008.415..13004.765 rows=3229056 loops=1)
                    Join Filter: (t.id = mc.movie_id)
                    ->  Nested Loop  (cost=181046.14..338352.46 rows=524 width=52) (actual time=2008.366..10054.368 rows=341836 loops=1)
                          ->  Nested Loop  (cost=181045.71..337125.00 rows=953 width=31) (actual time=2007.680..7933.571 rows=498048 loops=1)
                                ->  Nested Loop  (cost=181045.28..334220.41 rows=1974 width=35) (actual time=2007.612..6182.203 rows=546726 loops=1)
                                      ->  Hash Join  (cost=181044.85..320486.66 rows=8594 width=16) (actual time=2007.498..4485.981 rows=547117 loops=1)
                                            Hash Cond: (ci.movie_id = mi.movie_id)
                                            ->  Nested Loop  (cost=0.56..133989.38 rows=68153 width=12) (actual time=0.214..2158.969 rows=276166 loops=1)
                                                  ->  Seq Scan on role_type rt  (cost=0.00..1.15 rows=1 width=4) (actual time=0.006..0.016 rows=1 loops=1)
                                                        Filter: ((role)::text = 'actress'::text)
                                                        Rows Removed by Filter: 11
                                                  ->  Index Scan using role_id_cast_info on cast_info ci  (cost=0.56..133244.74 rows=74349 width=16) (actual time=0.206..2103.578 rows=276166 loops=1)
                                                        Index Cond: (role_id = rt.id)
                                                        Filter: (note = ANY ('{(voice),"(voice: Japanese version)","(voice) (uncredited)","(voice: English version)"}'::text[]))
                                                        Rows Removed by Filter: 7175807
                                            ->  Hash  (cost=179402.75..179402.75 rows=131323 width=4) (actual time=2006.973..2006.973 rows=3036719 loops=1)
                                                  Buckets: 4194304 (originally 262144)  Batches: 1 (originally 1)  Memory Usage: 139528kB
                                                  ->  Nested Loop  (cost=3971.38..179402.75 rows=131323 width=4) (actual time=202.982..1317.117 rows=3036719 loops=1)
                                                        ->  Seq Scan on info_type it  (cost=0.00..2.41 rows=1 width=4) (actual time=0.008..0.048 rows=1 loops=1)
                                                              Filter: ((info)::text = 'release dates'::text)
                                                              Rows Removed by Filter: 112
                                                        ->  Bitmap Heap Scan on movie_info mi  (cost=3971.38..177280.41 rows=211993 width=8) (actual time=202.970..801.690 rows=3036719 loops=1)
                                                              Recheck Cond: (info_type_id = it.id)
                                                              Heap Blocks: exact=25448
                                                              ->  Bitmap Index Scan on info_type_id_movie_info  (cost=0.00..3918.38 rows=211993 width=0) (actual time=197.240..197.240 rows=3036719 loops=1)
                                                                    Index Cond: (info_type_id = it.id)
                                      ->  Index Scan using name_pkey on name n  (cost=0.43..1.60 rows=1 width=19) (actual time=0.003..0.003 rows=1 loops=547117)
                                            Index Cond: (id = ci.person_id)
                                            Filter: ((gender)::text = 'f'::text)
                                            Rows Removed by Filter: 0
                                ->  Index Only Scan using char_name_pkey on char_name chn  (cost=0.43..1.47 rows=1 width=4) (actual time=0.003..0.003 rows=1 loops=546726)
                                      Index Cond: (id = ci.person_role_id)
                                      Heap Fetches: 498048
                          ->  Index Scan using title_pkey on title t  (cost=0.43..1.29 rows=1 width=21) (actual time=0.004..0.004 rows=1 loops=498048)
                                Index Cond: (id = mi.movie_id)
                                Filter: (production_year > 2000)
                                Rows Removed by Filter: 0
                    ->  Index Scan using movie_id_movie_companies on movie_companies mc  (cost=0.43..2.61 rows=5 width=8) (actual time=0.003..0.005 rows=9 loops=341836)
                          Index Cond: (movie_id = mi.movie_id)
              ->  Index Scan using company_name_pkey on company_name cn  (cost=0.42..1.17 rows=1 width=4) (actual time=0.002..0.002 rows=0 loops=3229056)
                    Index Cond: (id = mc.company_id)
                    Filter: ((country_code)::text = '[us]'::text)
                    Rows Removed by Filter: 1
        ->  Index Only Scan using person_id_aka_name on aka_name an  (cost=0.42..1.62 rows=2 width=4) (actual time=0.002..0.003 rows=2 loops=787043)
              Index Cond: (person_id = n.id)
              Heap Fetches: 1760645
Planning time: 19.879 ms
Execution time: 24938.445 ms
