Aggregate  (cost=12479.90..12479.91 rows=1 width=32) (actual time=4903.283..4903.283 rows=1 loops=1)
  ->  Nested Loop  (cost=9.08..12479.90 rows=1 width=17) (actual time=39.845..4903.170 rows=33 loops=1)
        ->  Nested Loop  (cost=8.65..12479.44 rows=1 width=21) (actual time=39.825..4902.655 rows=33 loops=1)
              ->  Nested Loop  (cost=8.22..12474.84 rows=10 width=25) (actual time=4.465..2937.413 rows=532809 loops=1)
                    Join Filter: (t.id = ci.movie_id)
                    ->  Nested Loop  (cost=7.65..12469.06 rows=3 width=29) (actual time=4.442..742.643 rows=6016 loops=1)
                          Join Filter: (t.kind_id = kt.id)
                          Rows Removed by Join Filter: 1347
                          ->  Seq Scan on kind_type kt  (cost=0.00..1.09 rows=1 width=4) (actual time=0.006..0.009 rows=1 loops=1)
                                Filter: ((kind)::text = 'movie'::text)
                                Rows Removed by Filter: 6
                          ->  Nested Loop  (cost=7.65..12467.71 rows=21 width=33) (actual time=1.051..739.974 rows=7363 loops=1)
                                ->  Nested Loop  (cost=7.22..12456.45 rows=23 width=8) (actual time=1.025..630.162 rows=8765 loops=1)
                                      Join Filter: (cc.status_id = cct2.id)
                                      Rows Removed by Join Filter: 8765
                                      ->  Seq Scan on comp_cast_type cct2  (cost=0.00..1.05 rows=1 width=4) (actual time=0.003..0.005 rows=2 loops=1)
                                            Filter: ((kind)::text ~~ '%complete%'::text)
                                            Rows Removed by Filter: 2
                                      ->  Nested Loop  (cost=7.22..12454.26 rows=91 width=12) (actual time=0.977..313.092 rows=8765 loops=2)
                                            Join Filter: (cc.subject_id = cct1.id)
                                            Rows Removed by Join Filter: 4045
                                            ->  Seq Scan on comp_cast_type cct1  (cost=0.00..1.05 rows=1 width=4) (actual time=0.001..0.004 rows=1 loops=2)
                                                  Filter: ((kind)::text = 'cast'::text)
                                                  Rows Removed by Filter: 3
                                            ->  Nested Loop  (cost=7.22..12448.63 rows=366 width=16) (actual time=0.974..309.839 rows=12810 loops=2)
                                                  ->  Nested Loop  (cost=6.80..12320.12 rows=270 width=4) (actual time=0.721..203.968 rows=35548 loops=2)
                                                        ->  Seq Scan on keyword k  (cost=0.00..3632.40 rows=8 width=4) (actual time=0.153..44.456 rows=8 loops=2)
                                                              Filter: (keyword = ANY ('{superhero,sequel,second-part,marvel-comics,based-on-comic,tv-special,fight,violence}'::text[]))
                                                              Rows Removed by Filter: 134162
                                                        ->  Bitmap Heap Scan on movie_keyword mk  (cost=6.80..1082.91 rows=306 width=8) (actual time=1.167..19.014 rows=4444 loops=16)
                                                              Recheck Cond: (keyword_id = k.id)
                                                              Heap Blocks: exact=46976
                                                              ->  Bitmap Index Scan on keyword_id_movie_keyword  (cost=0.00..6.73 rows=306 width=0) (actual time=0.658..0.658 rows=4444 loops=16)
                                                                    Index Cond: (keyword_id = k.id)
                                                  ->  Index Scan using movie_id_complete_cast on complete_cast cc  (cost=0.42..0.46 rows=2 width=12) (actual time=0.002..0.003 rows=0 loops=71096)
                                                        Index Cond: (movie_id = mk.movie_id)
                                ->  Index Scan using title_pkey on title t  (cost=0.43..0.49 rows=1 width=25) (actual time=0.012..0.012 rows=1 loops=8765)
                                      Index Cond: (id = mk.movie_id)
                                      Filter: (production_year > 1950)
                                      Rows Removed by Filter: 0
                    ->  Index Scan using movie_id_cast_info on cast_info ci  (cost=0.56..1.49 rows=35 width=12) (actual time=0.014..0.336 rows=89 loops=6016)
                          Index Cond: (movie_id = mk.movie_id)
              ->  Index Scan using char_name_pkey on char_name chn  (cost=0.43..0.46 rows=1 width=4) (actual time=0.003..0.003 rows=0 loops=532809)
                    Index Cond: (id = ci.person_role_id)
                    Filter: ((name !~~ '%Sherlock%'::text) AND ((name ~~ '%Tony%Stark%'::text) OR (name ~~ '%Iron%Man%'::text)))
                    Rows Removed by Filter: 0
        ->  Index Only Scan using name_pkey on name n  (cost=0.43..0.46 rows=1 width=4) (actual time=0.014..0.014 rows=1 loops=33)
              Index Cond: (id = ci.person_id)
              Heap Fetches: 33
Planning time: 14.223 ms
Execution time: 4903.416 ms
