Aggregate  (cost=3777.49..3777.50 rows=1 width=96) (actual time=93.241..93.241 rows=1 loops=1)
  ->  Nested Loop  (cost=8.81..3777.48 rows=1 width=48) (actual time=3.433..93.191 rows=38 loops=1)
        Join Filter: (ml.movie_id = t.id)
        ->  Nested Loop  (cost=8.38..3776.98 rows=1 width=47) (actual time=3.115..92.285 rows=308 loops=1)
              Join Filter: (ml.movie_id = mi.movie_id)
              ->  Nested Loop  (cost=7.94..3775.53 rows=1 width=43) (actual time=3.102..87.289 rows=402 loops=1)
                    Join Filter: (mc.company_type_id = ct.id)
                    Rows Removed by Join Filter: 20
                    ->  Nested Loop  (cost=7.94..3774.47 rows=1 width=47) (actual time=3.098..86.582 rows=422 loops=1)
                          ->  Nested Loop  (cost=7.52..3774.01 rows=1 width=32) (actual time=2.922..83.512 rows=1021 loops=1)
                                Join Filter: (ml.movie_id = mc.movie_id)
                                ->  Nested Loop  (cost=7.09..3773.43 rows=1 width=20) (actual time=2.913..82.157 rows=199 loops=1)
                                      Join Filter: (ml.link_type_id = lt.id)
                                      Rows Removed by Join Filter: 303
                                      ->  Seq Scan on link_type lt  (cost=0.00..1.23 rows=1 width=16) (actual time=0.006..0.011 rows=2 loops=1)
                                            Filter: ((link)::text ~~ '%follow%'::text)
                                            Rows Removed by Filter: 16
                                      ->  Nested Loop  (cost=7.09..3772.08 rows=10 width=12) (actual time=2.866..41.031 rows=251 loops=2)
                                            ->  Nested Loop  (cost=6.80..3757.63 rows=34 width=4) (actual time=2.859..26.985 rows=10544 loops=2)
                                                  ->  Seq Scan on keyword k  (cost=0.00..2626.12 rows=1 width=4) (actual time=0.805..14.049 rows=1 loops=2)
                                                        Filter: (keyword = 'sequel'::text)
                                                        Rows Removed by Filter: 134169
                                                  ->  Bitmap Heap Scan on movie_keyword mk  (cost=6.80..1128.44 rows=306 width=8) (actual time=2.051..11.077 rows=10544 loops=2)
                                                        Recheck Cond: (keyword_id = k.id)
                                                        Heap Blocks: exact=11140
                                                        ->  Bitmap Index Scan on keyword_id_movie_keyword  (cost=0.00..6.73 rows=306 width=0) (actual time=1.103..1.103 rows=10544 loops=2)
                                                              Index Cond: (keyword_id = k.id)
                                            ->  Index Scan using movie_id_movie_link on movie_link ml  (cost=0.29..0.38 rows=5 width=8) (actual time=0.001..0.001 rows=0 loops=21088)
                                                  Index Cond: (movie_id = mk.movie_id)
                                ->  Index Scan using movie_id_movie_companies on movie_companies mc  (cost=0.43..0.54 rows=3 width=12) (actual time=0.003..0.005 rows=5 loops=199)
                                      Index Cond: (movie_id = mk.movie_id)
                                      Filter: (note IS NULL)
                                      Rows Removed by Filter: 2
                          ->  Index Scan using company_name_pkey on company_name cn  (cost=0.42..0.46 rows=1 width=23) (actual time=0.003..0.003 rows=0 loops=1021)
                                Index Cond: (id = mc.company_id)
                                Filter: (((country_code)::text <> '[pl]'::text) AND ((name ~~ '%Film%'::text) OR (name ~~ '%Warner%'::text)))
                                Rows Removed by Filter: 1
                    ->  Seq Scan on company_type ct  (cost=0.00..1.05 rows=1 width=4) (actual time=0.001..0.001 rows=1 loops=422)
                          Filter: ((kind)::text = 'production companies'::text)
                          Rows Removed by Filter: 1
              ->  Index Scan using movie_id_movie_info on movie_info mi  (cost=0.43..1.43 rows=1 width=4) (actual time=0.010..0.012 rows=1 loops=402)
                    Index Cond: (movie_id = mk.movie_id)
                    Filter: (info = ANY ('{Germany,German}'::text[]))
                    Rows Removed by Filter: 20
        ->  Index Scan using title_pkey on title t  (cost=0.43..0.49 rows=1 width=21) (actual time=0.003..0.003 rows=0 loops=308)
              Index Cond: (id = mk.movie_id)
              Filter: ((production_year >= 2000) AND (production_year <= 2010))
              Rows Removed by Filter: 1
Planning time: 11.971 ms
Execution time: 93.347 ms
