Aggregate  (cost=6870.92..6870.93 rows=1 width=96) (actual time=386.942..386.942 rows=1 loops=1)
  ->  Nested Loop  (cost=10.37..6870.91 rows=1 width=48) (actual time=66.583..386.709 rows=275 loops=1)
        Join Filter: (n.id = an.person_id)
        ->  Nested Loop  (cost=9.94..6868.80 rows=1 width=56) (actual time=38.098..386.035 rows=141 loops=1)
              ->  Nested Loop  (cost=9.51..6867.05 rows=1 width=44) (actual time=38.065..385.338 rows=143 loops=1)
                    ->  Nested Loop  (cost=9.09..6865.58 rows=1 width=48) (actual time=38.028..383.779 rows=303 loops=1)
                          Join Filter: (t.id = mc.movie_id)
                          ->  Nested Loop  (cost=8.66..6862.12 rows=1 width=60) (actual time=37.998..383.154 rows=37 loops=1)
                                ->  Nested Loop  (cost=8.23..6860.26 rows=1 width=41) (actual time=18.370..376.594 rows=984 loops=1)
                                      Join Filter: (rt.id = ci.role_id)
                                      Rows Removed by Join Filter: 3455
                                      ->  Seq Scan on role_type rt  (cost=0.00..1.15 rows=1 width=4) (actual time=0.007..0.011 rows=1 loops=1)
                                            Filter: ((role)::text = 'actress'::text)
                                            Rows Removed by Filter: 11
                                      ->  Nested Loop  (cost=8.23..6859.09 rows=1 width=45) (actual time=18.344..376.037 rows=4439 loops=1)
                                            Join Filter: (t.id = ci.movie_id)
                                            ->  Nested Loop  (cost=7.67..6821.34 rows=1 width=29) (actual time=17.636..213.571 rows=738 loops=1)
                                                  Join Filter: (it.id = mi.info_type_id)
                                                  ->  Seq Scan on info_type it  (cost=0.00..2.41 rows=1 width=4) (actual time=0.007..0.019 rows=1 loops=1)
                                                        Filter: ((info)::text = 'release dates'::text)
                                                        Rows Removed by Filter: 112
                                                  ->  Nested Loop  (cost=7.67..6818.90 rows=2 width=33) (actual time=17.628..213.275 rows=738 loops=1)
                                                        Join Filter: (t.id = mi.movie_id)
                                                        ->  Nested Loop  (cost=7.23..6308.27 rows=16 width=25) (actual time=17.602..177.321 rows=495 loops=1)
                                                              ->  Nested Loop  (cost=6.80..6146.35 rows=101 width=4) (actual time=17.444..118.541 rows=9696 loops=1)
                                                                    ->  Seq Scan on keyword k  (cost=0.00..2793.84 rows=3 width=4) (actual time=0.014..29.749 rows=3 loops=1)
                                                                          Filter: (keyword = ANY ('{hero,martial-arts,hand-to-hand-combat}'::text[]))
                                                                          Rows Removed by Filter: 134167
                                                                    ->  Bitmap Heap Scan on movie_keyword mk  (cost=6.80..1114.45 rows=306 width=8) (actual time=17.783..28.957 rows=3232 loops=3)
                                                                          Recheck Cond: (keyword_id = k.id)
                                                                          Heap Blocks: exact=7446
                                                                          ->  Bitmap Index Scan on keyword_id_movie_keyword  (cost=0.00..6.73 rows=306 width=0) (actual time=17.386..17.386 rows=3232 loops=3)
                                                                                Index Cond: (keyword_id = k.id)
                                                              ->  Index Scan using title_pkey on title t  (cost=0.43..1.60 rows=1 width=21) (actual time=0.006..0.006 rows=0 loops=9696)
                                                                    Index Cond: (id = mk.movie_id)
                                                                    Filter: (production_year > 2010)
                                                                    Rows Removed by Filter: 1
                                                        ->  Index Scan using movie_id_movie_info on movie_info mi  (cost=0.43..31.90 rows=1 width=8) (actual time=0.029..0.072 rows=1 loops=495)
                                                              Index Cond: (movie_id = mk.movie_id)
                                                              Filter: ((info IS NOT NULL) AND ((info ~~ 'Japan:%201%'::text) OR (info ~~ 'USA:%201%'::text)))
                                                              Rows Removed by Filter: 70
                                            ->  Index Scan using movie_id_cast_info on cast_info ci  (cost=0.56..37.75 rows=1 width=16) (actual time=0.148..0.218 rows=6 loops=738)
                                                  Index Cond: (movie_id = mk.movie_id)
                                                  Filter: (note = ANY ('{(voice),"(voice: Japanese version)","(voice) (uncredited)","(voice: English version)"}'::text[]))
                                                  Rows Removed by Filter: 128
                                ->  Index Scan using name_pkey on name n  (cost=0.43..1.87 rows=1 width=19) (actual time=0.006..0.006 rows=0 loops=984)
                                      Index Cond: (id = ci.person_id)
                                      Filter: ((name ~~ '%An%'::text) AND ((gender)::text = 'f'::text))
                                      Rows Removed by Filter: 1
                          ->  Index Scan using movie_id_movie_companies on movie_companies mc  (cost=0.43..3.39 rows=5 width=8) (actual time=0.009..0.013 rows=8 loops=37)
                                Index Cond: (movie_id = mk.movie_id)
                    ->  Index Scan using company_name_pkey on company_name cn  (cost=0.42..1.47 rows=1 width=4) (actual time=0.005..0.005 rows=0 loops=303)
                          Index Cond: (id = mc.company_id)
                          Filter: ((country_code)::text = '[us]'::text)
                          Rows Removed by Filter: 1
              ->  Index Scan using char_name_pkey on char_name chn  (cost=0.43..1.75 rows=1 width=20) (actual time=0.004..0.004 rows=1 loops=143)
                    Index Cond: (id = ci.person_role_id)
        ->  Index Only Scan using person_id_aka_name on aka_name an  (cost=0.42..2.08 rows=2 width=4) (actual time=0.003..0.004 rows=2 loops=141)
              Index Cond: (person_id = ci.person_id)
              Heap Fetches: 275
Planning time: 73.363 ms
Execution time: 387.098 ms
