Aggregate  (cost=7487.72..7487.73 rows=1 width=96) (actual time=191.484..191.484 rows=1 loops=1)
  ->  Nested Loop  (cost=9.51..7487.71 rows=1 width=38) (actual time=11.271..191.370 rows=93 loops=1)
        ->  Nested Loop  (cost=9.08..7487.26 rows=1 width=42) (actual time=11.261..190.887 rows=93 loops=1)
              ->  Nested Loop  (cost=8.65..7480.85 rows=14 width=30) (actual time=11.226..186.547 rows=2300 loops=1)
                    Join Filter: (t.id = ci.movie_id)
                    ->  Nested Loop  (cost=8.08..7478.92 rows=1 width=38) (actual time=11.214..183.451 rows=6 loops=1)
                          Join Filter: (kt.id = t.kind_id)
                          Rows Removed by Join Filter: 23
                          ->  Seq Scan on kind_type kt  (cost=0.00..1.09 rows=1 width=4) (actual time=0.010..0.014 rows=1 loops=1)
                                Filter: ((kind)::text = 'movie'::text)
                                Rows Removed by Filter: 6
                          ->  Nested Loop  (cost=8.08..7477.82 rows=1 width=42) (actual time=11.202..183.427 rows=29 loops=1)
                                ->  Nested Loop  (cost=7.65..7477.33 rows=1 width=17) (actual time=0.827..182.902 rows=84 loops=1)
                                      Join Filter: (cct2.id = cc.status_id)
                                      Rows Removed by Join Filter: 84
                                      ->  Seq Scan on comp_cast_type cct2  (cost=0.00..1.05 rows=1 width=4) (actual time=0.003..0.006 rows=2 loops=1)
                                            Filter: ((kind)::text ~~ '%complete%'::text)
                                            Rows Removed by Filter: 2
                                      ->  Nested Loop  (cost=7.65..7476.27 rows=1 width=21) (actual time=0.828..91.424 rows=84 loops=2)
                                            Join Filter: (cct1.id = cc.subject_id)
                                            Rows Removed by Join Filter: 60
                                            ->  Seq Scan on comp_cast_type cct1  (cost=0.00..1.05 rows=1 width=4) (actual time=0.001..0.004 rows=1 loops=2)
                                                  Filter: ((kind)::text = 'cast'::text)
                                                  Rows Removed by Filter: 3
                                            ->  Nested Loop  (cost=7.65..7475.21 rows=1 width=25) (actual time=0.825..91.381 rows=144 loops=2)
                                                  ->  Nested Loop  (cost=7.23..7474.73 rows=1 width=13) (actual time=0.712..90.248 rows=313 loops=2)
                                                        Join Filter: (it2.id = mi_idx.info_type_id)
                                                        Rows Removed by Join Filter: 599
                                                        ->  Seq Scan on info_type it2  (cost=0.00..2.41 rows=1 width=4) (actual time=0.014..0.019 rows=1 loops=2)
                                                              Filter: ((info)::text = 'rating'::text)
                                                              Rows Removed by Filter: 112
                                                        ->  Nested Loop  (cost=7.23..7472.12 rows=16 width=17) (actual time=0.648..90.065 rows=912 loops=2)
                                                              ->  Nested Loop  (cost=6.80..7403.56 rows=135 width=4) (actual time=0.596..45.400 rows=9984 loops=2)
                                                                    ->  Seq Scan on keyword k  (cost=0.00..2961.55 rows=4 width=4) (actual time=0.096..28.422 rows=4 loops=2)
                                                                          Filter: (keyword = ANY ('{superhero,marvel-comics,based-on-comic,fight}'::text[]))
                                                                          Rows Removed by Filter: 134166
                                                                    ->  Bitmap Heap Scan on movie_keyword mk  (cost=6.80..1107.44 rows=306 width=8) (actual time=0.640..3.789 rows=2496 loops=8)
                                                                          Recheck Cond: (keyword_id = k.id)
                                                                          Heap Blocks: exact=15372
                                                                          ->  Bitmap Index Scan on keyword_id_movie_keyword  (cost=0.00..6.73 rows=306 width=0) (actual time=0.328..0.328 rows=2496 loops=8)
                                                                                Index Cond: (keyword_id = k.id)
                                                              ->  Index Scan using movie_id_movie_info_idx on movie_info_idx mi_idx  (cost=0.43..0.50 rows=1 width=13) (actual time=0.004..0.004 rows=0 loops=19968)
                                                                    Index Cond: (movie_id = mk.movie_id)
                                                                    Filter: (info > '8.0'::text)
                                                                    Rows Removed by Filter: 2
                                                  ->  Index Scan using movie_id_complete_cast on complete_cast cc  (cost=0.42..0.46 rows=2 width=12) (actual time=0.003..0.003 rows=0 loops=626)
                                                        Index Cond: (movie_id = mk.movie_id)
                                ->  Index Scan using title_pkey on title t  (cost=0.43..0.49 rows=1 width=25) (actual time=0.006..0.006 rows=0 loops=84)
                                      Index Cond: (id = mk.movie_id)
                                      Filter: (production_year > 2005)
                                      Rows Removed by Filter: 1
                    ->  Index Scan using movie_id_cast_info on cast_info ci  (cost=0.56..1.49 rows=35 width=12) (actual time=0.010..0.414 rows=383 loops=6)
                          Index Cond: (movie_id = mk.movie_id)
              ->  Index Scan using char_name_pkey on char_name chn  (cost=0.43..0.46 rows=1 width=20) (actual time=0.002..0.002 rows=0 loops=2300)
                    Index Cond: (id = ci.person_role_id)
                    Filter: ((name IS NOT NULL) AND ((name ~~ '%man%'::text) OR (name ~~ '%Man%'::text)))
                    Rows Removed by Filter: 0
        ->  Index Only Scan using name_pkey on name n  (cost=0.43..0.46 rows=1 width=4) (actual time=0.005..0.005 rows=1 loops=93)
              Index Cond: (id = ci.person_id)
              Heap Fetches: 93
Planning time: 67.268 ms
Execution time: 191.651 ms
