Aggregate  (cost=14883.25..14883.26 rows=1 width=96) (actual time=2245.854..2245.854 rows=1 loops=1)
  ->  Nested Loop  (cost=9.51..14883.24 rows=1 width=38) (actual time=6.900..2237.944 rows=5400 loops=1)
        ->  Nested Loop  (cost=9.08..14882.78 rows=1 width=42) (actual time=6.874..2165.426 rows=5400 loops=1)
              ->  Nested Loop  (cost=8.65..14876.37 rows=14 width=30) (actual time=6.696..1545.550 rows=189738 loops=1)
                    Join Filter: (t.id = ci.movie_id)
                    ->  Nested Loop  (cost=8.08..14874.45 rows=1 width=38) (actual time=6.668..821.905 rows=1261 loops=1)
                          Join Filter: (cct1.id = cc.subject_id)
                          Rows Removed by Join Filter: 212
                          ->  Seq Scan on comp_cast_type cct1  (cost=0.00..1.05 rows=1 width=4) (actual time=0.014..0.017 rows=1 loops=1)
                                Filter: ((kind)::text = 'cast'::text)
                                Rows Removed by Filter: 3
                          ->  Nested Loop  (cost=8.08..14873.39 rows=1 width=42) (actual time=6.652..821.274 rows=1473 loops=1)
                                Join Filter: (cct2.id = cc.status_id)
                                Rows Removed by Join Filter: 1473
                                ->  Seq Scan on comp_cast_type cct2  (cost=0.00..1.05 rows=1 width=4) (actual time=0.003..0.007 rows=2 loops=1)
                                      Filter: ((kind)::text ~~ '%complete%'::text)
                                      Rows Removed by Filter: 2
                                ->  Nested Loop  (cost=8.08..14872.32 rows=1 width=46) (actual time=6.383..410.178 rows=1473 loops=2)
                                      ->  Nested Loop  (cost=7.66..14871.85 rows=1 width=34) (actual time=6.289..393.578 rows=4186 loops=2)
                                            Join Filter: (it2.id = mi_idx.info_type_id)
                                            Rows Removed by Join Filter: 8443
                                            ->  Seq Scan on info_type it2  (cost=0.00..2.41 rows=1 width=4) (actual time=0.015..0.019 rows=1 loops=2)
                                                  Filter: ((info)::text = 'rating'::text)
                                                  Rows Removed by Filter: 112
                                            ->  Nested Loop  (cost=7.66..14869.26 rows=14 width=38) (actual time=6.270..391.347 rows=12629 loops=2)
                                                  Join Filter: (t.id = mi_idx.movie_id)
                                                  ->  Nested Loop  (cost=7.23..14855.53 rows=26 width=25) (actual time=6.251..343.640 rows=5032 loops=2)
                                                        Join Filter: (kt.id = t.kind_id)
                                                        Rows Removed by Join Filter: 5581
                                                        ->  Seq Scan on kind_type kt  (cost=0.00..1.09 rows=1 width=4) (actual time=0.003..0.009 rows=1 loops=2)
                                                              Filter: ((kind)::text = 'movie'::text)
                                                              Rows Removed by Filter: 6
                                                        ->  Nested Loop  (cost=7.23..14852.13 rows=185 width=29) (actual time=0.741..341.441 rows=10613 loops=2)
                                                              ->  Nested Loop  (cost=6.80..14687.08 rows=337 width=4) (actual time=0.715..159.950 rows=24091 loops=2)
                                                                    ->  Seq Scan on keyword k  (cost=0.00..3967.82 rows=10 width=4) (actual time=0.173..50.142 rows=10 loops=2)
                                                                          Filter: (keyword = ANY ('{superhero,marvel-comics,based-on-comic,tv-special,fight,violence,magnet,web,claw,laser}'::text[]))
                                                                          Rows Removed by Filter: 134160
                                                                    ->  Bitmap Heap Scan on movie_keyword mk  (cost=6.80..1068.87 rows=306 width=8) (actual time=0.676..10.495 rows=2409 loops=20)
                                                                          Recheck Cond: (keyword_id = k.id)
                                                                          Heap Blocks: exact=34254
                                                                          ->  Bitmap Index Scan on keyword_id_movie_keyword  (cost=0.00..6.73 rows=306 width=0) (actual time=0.377..0.377 rows=2409 loops=20)
                                                                                Index Cond: (keyword_id = k.id)
                                                              ->  Index Scan using title_pkey on title t  (cost=0.43..0.49 rows=1 width=25) (actual time=0.007..0.007 rows=0 loops=48182)
                                                                    Index Cond: (id = mk.movie_id)
                                                                    Filter: (production_year > 2000)
                                                                    Rows Removed by Filter: 1
                                                  ->  Index Scan using movie_id_movie_info_idx on movie_info_idx mi_idx  (cost=0.43..0.49 rows=3 width=13) (actual time=0.008..0.008 rows=3 loops=10064)
                                                        Index Cond: (movie_id = mk.movie_id)
                                      ->  Index Scan using movie_id_complete_cast on complete_cast cc  (cost=0.42..0.46 rows=2 width=12) (actual time=0.003..0.003 rows=0 loops=8372)
                                            Index Cond: (movie_id = t.id)
                    ->  Index Scan using movie_id_cast_info on cast_info ci  (cost=0.56..1.49 rows=35 width=12) (actual time=0.016..0.526 rows=150 loops=1261)
                          Index Cond: (movie_id = mk.movie_id)
              ->  Index Scan using char_name_pkey on char_name chn  (cost=0.43..0.46 rows=1 width=20) (actual time=0.003..0.003 rows=0 loops=189738)
                    Index Cond: (id = ci.person_role_id)
                    Filter: ((name IS NOT NULL) AND ((name ~~ '%man%'::text) OR (name ~~ '%Man%'::text)))
                    Rows Removed by Filter: 0
        ->  Index Only Scan using name_pkey on name n  (cost=0.43..0.46 rows=1 width=4) (actual time=0.013..0.013 rows=1 loops=5400)
              Index Cond: (id = ci.person_id)
              Heap Fetches: 5400
Planning time: 68.204 ms
Execution time: 2246.033 ms
