Aggregate  (cost=2850.96..2850.97 rows=1 width=96) (actual time=66.341..66.341 rows=1 loops=1)
  ->  Nested Loop  (cost=3.45..2850.96 rows=1 width=48) (actual time=9.697..65.790 rows=743 loops=1)
        Join Filter: (mc.company_type_id = ct.id)
        Rows Removed by Join Filter: 95
        ->  Seq Scan on company_type ct  (cost=0.00..1.05 rows=1 width=4) (actual time=0.017..0.022 rows=1 loops=1)
              Filter: ((kind)::text = 'production companies'::text)
              Rows Removed by Filter: 3
        ->  Nested Loop  (cost=3.45..2849.87 rows=3 width=52) (actual time=9.676..65.586 rows=838 loops=1)
              Join Filter: (ml.movie_id = mi.movie_id)
              ->  Nested Loop  (cost=3.01..2848.04 rows=1 width=72) (actual time=9.654..62.060 rows=191 loops=1)
                    ->  Nested Loop  (cost=2.59..2788.00 rows=136 width=76) (actual time=5.353..53.020 rows=3396 loops=1)
                          Join Filter: (ml.movie_id = mk.movie_id)
                          ->  Nested Loop  (cost=2.16..2782.42 rows=3 width=68) (actual time=5.315..50.160 rows=298 loops=1)
                                ->  Nested Loop  (cost=1.74..2777.85 rows=10 width=53) (actual time=2.928..47.008 rows=864 loops=1)
                                      Join Filter: (ml.movie_id = mc.movie_id)
                                      ->  Nested Loop  (cost=1.31..2775.42 rows=4 width=41) (actual time=2.909..45.107 rows=228 loops=1)
                                            Join Filter: (lt.id = ml.link_type_id)
                                            Rows Removed by Join Filter: 6472
                                            ->  Merge Join  (cost=1.31..2773.06 rows=75 width=33) (actual time=0.128..43.131 rows=3387 loops=1)
                                                  Merge Cond: (t.id = ml.movie_id)
                                                  ->  Nested Loop  (cost=0.85..23939.93 rows=6344 width=25) (actual time=0.064..32.859 rows=3469 loops=1)
                                                        ->  Nested Loop  (cost=0.42..8871.80 rows=8443 width=4) (actual time=0.031..8.409 rows=3688 loops=1)
                                                              Join Filter: (cc.subject_id = cct1.id)
                                                              Rows Removed by Join Filter: 2305
                                                              ->  Nested Loop  (cost=0.42..8364.17 rows=33772 width=8) (actual time=0.028..6.239 rows=5993 loops=1)
                                                                    Join Filter: (cc.status_id = cct2.id)
                                                                    Rows Removed by Join Filter: 432
                                                                    ->  Index Scan using movie_id_complete_cast on complete_cast cc  (cost=0.42..6336.83 rows=135086 width=12) (actual time=0.018..3.490 rows=5993 loops=1)
                                                                    ->  Materialize  (cost=0.00..1.05 rows=1 width=4) (actual time=0.000..0.000 rows=1 loops=5993)
                                                                          ->  Seq Scan on comp_cast_type cct2  (cost=0.00..1.05 rows=1 width=4) (actual time=0.006..0.007 rows=2 loops=1)
                                                                                Filter: ((kind)::text ~~ 'complete%'::text)
                                                                                Rows Removed by Filter: 2
                                                              ->  Materialize  (cost=0.00..1.05 rows=1 width=4) (actual time=0.000..0.000 rows=1 loops=5993)
                                                                    ->  Seq Scan on comp_cast_type cct1  (cost=0.00..1.05 rows=1 width=4) (actual time=0.001..0.002 rows=1 loops=1)
                                                                          Filter: ((kind)::text = 'cast'::text)
                                                                          Rows Removed by Filter: 3
                                                        ->  Index Scan using title_pkey on title t  (cost=0.43..1.78 rows=1 width=21) (actual time=0.006..0.006 rows=1 loops=3688)
                                                              Index Cond: (id = cc.movie_id)
                                                              Filter: ((production_year >= 1950) AND (production_year <= 2010))
                                                              Rows Removed by Filter: 0
                                                  ->  Index Scan using movie_id_movie_link on movie_link ml  (cost=0.29..959.51 rows=29997 width=8) (actual time=0.012..6.063 rows=29997 loops=1)
                                            ->  Materialize  (cost=0.00..1.23 rows=1 width=16) (actual time=0.000..0.000 rows=2 loops=3387)
                                                  ->  Seq Scan on link_type lt  (cost=0.00..1.23 rows=1 width=16) (actual time=0.005..0.008 rows=2 loops=1)
                                                        Filter: ((link)::text ~~ '%follow%'::text)
                                                        Rows Removed by Filter: 16
                                      ->  Index Scan using movie_id_movie_companies on movie_companies mc  (cost=0.43..0.57 rows=3 width=12) (actual time=0.005..0.007 rows=4 loops=228)
                                            Index Cond: (movie_id = t.id)
                                            Filter: (note IS NULL)
                                            Rows Removed by Filter: 3
                                ->  Index Scan using company_name_pkey on company_name cn  (cost=0.42..0.46 rows=1 width=23) (actual time=0.003..0.003 rows=0 loops=864)
                                      Index Cond: (id = mc.company_id)
                                      Filter: (((country_code)::text <> '[pl]'::text) AND ((name ~~ '%Film%'::text) OR (name ~~ '%Warner%'::text)))
                                      Rows Removed by Filter: 1
                          ->  Index Scan using movie_id_movie_keyword on movie_keyword mk  (cost=0.43..1.30 rows=45 width=8) (actual time=0.003..0.006 rows=11 loops=298)
                                Index Cond: (movie_id = t.id)
                    ->  Index Scan using keyword_pkey on keyword k  (cost=0.42..0.44 rows=1 width=4) (actual time=0.002..0.002 rows=0 loops=3396)
                          Index Cond: (id = mk.keyword_id)
                          Filter: (keyword = 'sequel'::text)
                          Rows Removed by Filter: 1
              ->  Index Scan using movie_id_movie_info on movie_info mi  (cost=0.43..1.79 rows=3 width=4) (actual time=0.013..0.017 rows=4 loops=191)
                    Index Cond: (movie_id = mk.movie_id)
                    Filter: (info = ANY ('{Sweden,Norway,Germany,Denmark,Swedish,Denish,Norwegian,German,English}'::text[]))
                    Rows Removed by Filter: 16
Planning time: 73.084 ms
Execution time: 66.520 ms
