Aggregate  (cost=7486.10..7486.11 rows=1 width=96) (actual time=718.812..718.812 rows=1 loops=1)
  ->  Nested Loop  (cost=9.37..7486.09 rows=1 width=41) (actual time=7.677..718.626 rows=148 loops=1)
        Join Filter: (cct1.id = cc.subject_id)
        Rows Removed by Join Filter: 720
        ->  Seq Scan on comp_cast_type cct1  (cost=0.00..1.05 rows=1 width=4) (actual time=0.014..0.016 rows=1 loops=1)
              Filter: ((kind)::text = 'crew'::text)
              Rows Removed by Filter: 3
        ->  Nested Loop  (cost=9.37..7485.03 rows=1 width=45) (actual time=7.652..718.454 rows=868 loops=1)
              Join Filter: (cct2.id = cc.status_id)
              Rows Removed by Join Filter: 5300
              ->  Nested Loop  (cost=9.37..7483.94 rows=1 width=49) (actual time=7.647..714.372 rows=2056 loops=1)
                    ->  Nested Loop  (cost=8.95..7483.46 rows=1 width=61) (actual time=7.631..705.881 rows=2661 loops=1)
                          Join Filter: (mi.info_type_id = it1.id)
                          Rows Removed by Join Filter: 1646
                          ->  Nested Loop  (cost=8.95..7481.04 rows=1 width=65) (actual time=7.623..673.722 rows=4307 loops=1)
                                ->  Nested Loop  (cost=8.53..7480.49 rows=1 width=50) (actual time=7.611..652.979 rows=4483 loops=1)
                                      Join Filter: (t.kind_id = kt.id)
                                      Rows Removed by Join Filter: 399
                                      ->  Nested Loop  (cost=8.53..7479.38 rows=1 width=54) (actual time=7.604..646.154 rows=4666 loops=1)
                                            Join Filter: (ct.id = mc.company_type_id)
                                            Rows Removed by Join Filter: 18
                                            ->  Nested Loop  (cost=8.53..7478.29 rows=1 width=58) (actual time=7.598..640.111 rows=4666 loops=1)
                                                  Join Filter: (t.id = mc.movie_id)
                                                  ->  Nested Loop  (cost=8.10..7477.71 rows=1 width=46) (actual time=7.575..627.760 rows=425 loops=1)
                                                        Join Filter: (t.id = mi.movie_id)
                                                        ->  Nested Loop  (cost=7.66..7476.16 rows=1 width=38) (actual time=4.353..434.778 rows=2835 loops=1)
                                                              ->  Nested Loop  (cost=7.23..7475.67 rows=1 width=13) (actual time=4.341..354.770 rows=11708 loops=1)
                                                                    Join Filter: (it2.id = mi_idx.info_type_id)
                                                                    Rows Removed by Join Filter: 5851
                                                                    ->  Seq Scan on info_type it2  (cost=0.00..2.41 rows=1 width=4) (actual time=0.016..0.019 rows=1 loops=1)
                                                                          Filter: ((info)::text = 'rating'::text)
                                                                          Rows Removed by Filter: 112
                                                                    ->  Nested Loop  (cost=7.23..7472.12 rows=91 width=17) (actual time=4.324..350.777 rows=17559 loops=1)
                                                                          ->  Nested Loop  (cost=6.80..7403.56 rows=135 width=4) (actual time=4.305..156.410 rows=37091 loops=1)
                                                                                ->  Seq Scan on keyword k  (cost=0.00..2961.55 rows=4 width=4) (actual time=1.388..30.551 rows=3 loops=1)
                                                                                      Filter: (keyword = ANY ('{murder,murder-in-title,blood,violence}'::text[]))
                                                                                      Rows Removed by Filter: 134167
                                                                                ->  Bitmap Heap Scan on movie_keyword mk  (cost=6.80..1107.44 rows=306 width=8) (actual time=3.387..39.358 rows=12364 loops=3)
                                                                                      Recheck Cond: (keyword_id = k.id)
                                                                                      Heap Blocks: exact=26312
                                                                                      ->  Bitmap Index Scan on keyword_id_movie_keyword  (cost=0.00..6.73 rows=306 width=0) (actual time=1.769..1.769 rows=12364 loops=3)
                                                                                            Index Cond: (keyword_id = k.id)
                                                                          ->  Index Scan using movie_id_movie_info_idx on movie_info_idx mi_idx  (cost=0.43..0.50 rows=1 width=13) (actual time=0.005..0.005 rows=0 loops=37091)
                                                                                Index Cond: (movie_id = mk.movie_id)
                                                                                Filter: (info > '6.5'::text)
                                                                                Rows Removed by Filter: 2
                                                              ->  Index Scan using title_pkey on title t  (cost=0.43..0.49 rows=1 width=25) (actual time=0.006..0.006 rows=0 loops=11708)
                                                                    Index Cond: (id = mk.movie_id)
                                                                    Filter: (production_year > 2005)
                                                                    Rows Removed by Filter: 1
                                                        ->  Index Scan using movie_id_movie_info on movie_info mi  (cost=0.43..1.54 rows=1 width=8) (actual time=0.062..0.068 rows=0 loops=2835)
                                                              Index Cond: (movie_id = mk.movie_id)
                                                              Filter: (info = ANY ('{Sweden,Germany,Swedish,German}'::text[]))
                                                              Rows Removed by Filter: 87
                                                  ->  Index Scan using movie_id_movie_companies on movie_companies mc  (cost=0.43..0.57 rows=1 width=12) (actual time=0.012..0.025 rows=11 loops=425)
                                                        Index Cond: (movie_id = mk.movie_id)
                                                        Filter: ((note !~~ '%(USA)%'::text) AND (note ~~ '%(200%)%'::text))
                                                        Rows Removed by Filter: 14
                                            ->  Seq Scan on company_type ct  (cost=0.00..1.04 rows=4 width=4) (actual time=0.001..0.001 rows=1 loops=4666)
                                      ->  Seq Scan on kind_type kt  (cost=0.00..1.09 rows=2 width=4) (actual time=0.001..0.001 rows=1 loops=4666)
                                            Filter: ((kind)::text = ANY ('{movie,episode}'::text[]))
                                            Rows Removed by Filter: 0
                                ->  Index Scan using company_name_pkey on company_name cn  (cost=0.42..0.55 rows=1 width=23) (actual time=0.004..0.004 rows=1 loops=4483)
                                      Index Cond: (id = mc.company_id)
                                      Filter: ((country_code)::text <> '[us]'::text)
                                      Rows Removed by Filter: 0
                          ->  Seq Scan on info_type it1  (cost=0.00..2.41 rows=1 width=4) (actual time=0.004..0.007 rows=1 loops=4307)
                                Filter: ((info)::text = 'countries'::text)
                                Rows Removed by Filter: 47
                    ->  Index Scan using movie_id_complete_cast on complete_cast cc  (cost=0.42..0.46 rows=2 width=12) (actual time=0.002..0.003 rows=1 loops=2661)
                          Index Cond: (movie_id = t.id)
              ->  Seq Scan on comp_cast_type cct2  (cost=0.00..1.05 rows=3 width=4) (actual time=0.001..0.001 rows=3 loops=2056)
                    Filter: ((kind)::text <> 'complete+verified'::text)
                    Rows Removed by Filter: 1
Planning time: 88.665 ms
Execution time: 719.007 ms
