Aggregate  (cost=5438.63..5438.64 rows=1 width=96) (actual time=211.530..211.531 rows=1 loops=1)
  ->  Nested Loop  (cost=11.22..5438.63 rows=1 width=48) (actual time=44.675..210.627 rows=1620 loops=1)
        Join Filter: (it.id = mi.info_type_id)
        ->  Seq Scan on info_type it  (cost=0.00..2.41 rows=1 width=4) (actual time=0.018..0.028 rows=1 loops=1)
              Filter: ((info)::text = 'release dates'::text)
              Rows Removed by Filter: 112
        ->  Nested Loop  (cost=11.22..5436.20 rows=1 width=52) (actual time=44.654..210.226 rows=1620 loops=1)
              Join Filter: (t.id = mi.movie_id)
              ->  Nested Loop  (cost=10.78..5394.18 rows=1 width=68) (actual time=44.624..89.083 rows=810 loops=1)
                    ->  Nested Loop  (cost=10.36..5392.16 rows=1 width=72) (actual time=44.613..78.967 rows=3564 loops=1)
                          Join Filter: (t.id = mc.movie_id)
                          ->  Nested Loop  (cost=9.93..5387.31 rows=1 width=64) (actual time=44.602..76.281 rows=162 loops=1)
                                Join Filter: (cc.status_id = cct2.id)
                                ->  Nested Loop  (cost=9.93..5386.25 rows=1 width=68) (actual time=44.596..75.878 rows=162 loops=1)
                                      Join Filter: (n.id = an.person_id)
                                      ->  Nested Loop  (cost=9.51..5383.35 rows=1 width=80) (actual time=44.579..75.485 rows=54 loops=1)
                                            Join Filter: (pi.info_type_id = it3.id)
                                            Rows Removed by Join Filter: 109
                                            ->  Nested Loop  (cost=9.51..5380.93 rows=1 width=84) (actual time=44.534..73.839 rows=163 loops=1)
                                                  Join Filter: (ci.movie_id = t.id)
                                                  ->  Nested Loop  (cost=9.08..5378.77 rows=1 width=63) (actual time=7.473..72.647 rows=419 loops=1)
                                                        Join Filter: (cct1.id = cc.subject_id)
                                                        ->  Seq Scan on comp_cast_type cct1  (cost=0.00..1.05 rows=1 width=4) (actual time=0.004..0.006 rows=1 loops=1)
                                                              Filter: ((kind)::text = 'cast'::text)
                                                              Rows Removed by Filter: 3
                                                        ->  Nested Loop  (cost=9.08..5377.71 rows=1 width=67) (actual time=7.468..72.514 rows=419 loops=1)
                                                              ->  Nested Loop  (cost=8.66..5374.92 rows=1 width=55) (actual time=7.456..71.315 rows=419 loops=1)
                                                                    Join Filter: (n.id = pi.person_id)
                                                                    ->  Nested Loop  (cost=8.23..5355.26 rows=1 width=47) (actual time=7.426..70.963 rows=3 loops=1)
                                                                          ->  Nested Loop  (cost=7.80..5352.90 rows=1 width=28) (actual time=5.885..70.887 rows=5 loops=1)
                                                                                Join Filter: (rt.id = ci.role_id)
                                                                                ->  Seq Scan on role_type rt  (cost=0.00..1.15 rows=1 width=4) (actual time=0.006..0.009 rows=1 loops=1)
                                                                                      Filter: ((role)::text = 'actress'::text)
                                                                                      Rows Removed by Filter: 11
                                                                                ->  Nested Loop  (cost=7.80..5351.74 rows=1 width=32) (actual time=5.878..70.873 rows=5 loops=1)
                                                                                      ->  Nested Loop  (cost=7.37..5291.15 rows=26 width=20) (actual time=0.232..50.713 rows=4371 loops=1)
                                                                                            ->  Nested Loop  (cost=6.80..3757.63 rows=34 width=4) (actual time=0.197..16.486 rows=414 loops=1)
                                                                                                  ->  Seq Scan on keyword k  (cost=0.00..2626.12 rows=1 width=4) (actual time=0.052..15.315 rows=1 loops=1)
                                                                                                        Filter: (keyword = 'computer-animation'::text)
                                                                                                        Rows Removed by Filter: 134169
                                                                                                  ->  Bitmap Heap Scan on movie_keyword mk  (cost=6.80..1128.44 rows=306 width=8) (actual time=0.143..1.072 rows=414 loops=1)
                                                                                                        Recheck Cond: (keyword_id = k.id)
                                                                                                        Heap Blocks: exact=358
                                                                                                        ->  Bitmap Index Scan on keyword_id_movie_keyword  (cost=0.00..6.73 rows=306 width=0) (actual time=0.090..0.090 rows=414 loops=1)
                                                                                                              Index Cond: (keyword_id = k.id)
                                                                                            ->  Index Scan using movie_id_cast_info on cast_info ci  (cost=0.56..45.09 rows=1 width=16) (actual time=0.024..0.080 rows=11 loops=414)
                                                                                                  Index Cond: (movie_id = mk.movie_id)
                                                                                                  Filter: (note = ANY ('{(voice),"(voice) (uncredited)","(voice: English version)"}'::text[]))
                                                                                                  Rows Removed by Filter: 33
                                                                                      ->  Index Scan using char_name_pkey on char_name chn  (cost=0.43..2.26 rows=1 width=20) (actual time=0.004..0.004 rows=0 loops=4371)
                                                                                            Index Cond: (id = ci.person_role_id)
                                                                                            Filter: (name = 'Queen'::text)
                                                                                            Rows Removed by Filter: 1
                                                                          ->  Index Scan using name_pkey on name n  (cost=0.43..2.36 rows=1 width=19) (actual time=0.014..0.014 rows=1 loops=5)
                                                                                Index Cond: (id = ci.person_id)
                                                                                Filter: ((name ~~ '%An%'::text) AND ((gender)::text = 'f'::text))
                                                                                Rows Removed by Filter: 0
                                                                    ->  Index Scan using person_id_person_info on person_info pi  (cost=0.43..19.34 rows=25 width=8) (actual time=0.015..0.067 rows=140 loops=3)
                                                                          Index Cond: (person_id = ci.person_id)
                                                              ->  Index Scan using movie_id_complete_cast on complete_cast cc  (cost=0.42..2.78 rows=2 width=12) (actual time=0.002..0.002 rows=1 loops=419)
                                                                    Index Cond: (movie_id = ci.movie_id)
                                                  ->  Index Scan using title_pkey on title t  (cost=0.43..2.14 rows=1 width=21) (actual time=0.002..0.002 rows=0 loops=419)
                                                        Index Cond: (id = mk.movie_id)
                                                        Filter: ((production_year >= 2000) AND (production_year <= 2010) AND (title = 'Shrek 2'::text))
                                                        Rows Removed by Filter: 1
                                            ->  Seq Scan on info_type it3  (cost=0.00..2.41 rows=1 width=4) (actual time=0.004..0.009 rows=1 loops=163)
                                                  Filter: ((info)::text = 'trivia'::text)
                                                  Rows Removed by Filter: 80
                                      ->  Index Only Scan using person_id_aka_name on aka_name an  (cost=0.42..2.87 rows=2 width=4) (actual time=0.004..0.005 rows=3 loops=54)
                                            Index Cond: (person_id = pi.person_id)
                                            Heap Fetches: 162
                                ->  Seq Scan on comp_cast_type cct2  (cost=0.00..1.05 rows=1 width=4) (actual time=0.001..0.001 rows=1 loops=162)
                                      Filter: ((kind)::text = 'complete+verified'::text)
                                      Rows Removed by Filter: 3
                          ->  Index Scan using movie_id_movie_companies on movie_companies mc  (cost=0.43..4.79 rows=5 width=8) (actual time=0.004..0.009 rows=22 loops=162)
                                Index Cond: (movie_id = mk.movie_id)
                    ->  Index Scan using company_name_pkey on company_name cn  (cost=0.42..2.03 rows=1 width=4) (actual time=0.002..0.002 rows=0 loops=3564)
                          Index Cond: (id = mc.company_id)
                          Filter: ((country_code)::text = '[us]'::text)
                          Rows Removed by Filter: 1
              ->  Index Scan using movie_id_movie_info on movie_info mi  (cost=0.43..42.00 rows=1 width=8) (actual time=0.015..0.149 rows=2 loops=810)
                    Index Cond: (movie_id = mk.movie_id)
                    Filter: ((info IS NOT NULL) AND ((info ~~ 'Japan:%200%'::text) OR (info ~~ 'USA:%200%'::text)))
                    Rows Removed by Filter: 455
Planning time: 118.076 ms
Execution time: 211.765 ms
