Aggregate  (cost=4010.72..4010.73 rows=1 width=96) (actual time=19.135..19.135 rows=1 loops=1)
  ->  Nested Loop  (cost=11.22..4010.71 rows=1 width=48) (actual time=2.132..19.113 rows=15 loops=1)
        Join Filter: (cc.subject_id = cct1.id)
        ->  Nested Loop  (cost=11.22..4009.65 rows=1 width=52) (actual time=2.128..19.088 rows=15 loops=1)
              ->  Nested Loop  (cost=10.80..4007.62 rows=1 width=56) (actual time=2.118..18.861 rows=66 loops=1)
                    Join Filter: (t.id = mc.movie_id)
                    ->  Nested Loop  (cost=10.37..4002.77 rows=1 width=72) (actual time=2.108..18.804 rows=3 loops=1)
                          Join Filter: (it.id = mi.info_type_id)
                          ->  Seq Scan on info_type it  (cost=0.00..2.41 rows=1 width=4) (actual time=0.018..0.026 rows=1 loops=1)
                                Filter: ((info)::text = 'release dates'::text)
                                Rows Removed by Filter: 112
                          ->  Nested Loop  (cost=10.37..4000.35 rows=1 width=76) (actual time=2.089..18.775 rows=3 loops=1)
                                Join Filter: (t.id = mi.movie_id)
                                ->  Nested Loop  (cost=9.93..3958.43 rows=1 width=68) (actual time=2.061..18.362 rows=3 loops=1)
                                      Join Filter: (n.id = an.person_id)
                                      ->  Nested Loop  (cost=9.51..3955.54 rows=1 width=80) (actual time=2.049..18.345 rows=1 loops=1)
                                            Join Filter: (it3.id = pi.info_type_id)
                                            Rows Removed by Join Filter: 162
                                            ->  Seq Scan on info_type it3  (cost=0.00..2.41 rows=1 width=4) (actual time=0.005..0.014 rows=1 loops=1)
                                                  Filter: ((info)::text = 'height'::text)
                                                  Rows Removed by Filter: 112
                                            ->  Nested Loop  (cost=9.51..3953.11 rows=1 width=84) (actual time=1.967..18.317 rows=163 loops=1)
                                                  Join Filter: (n.id = pi.person_id)
                                                  ->  Nested Loop  (cost=9.08..3933.46 rows=1 width=76) (actual time=1.956..18.207 rows=1 loops=1)
                                                        ->  Nested Loop  (cost=8.65..3931.10 rows=1 width=57) (actual time=1.942..18.194 rows=1 loops=1)
                                                              ->  Nested Loop  (cost=8.22..3927.01 rows=1 width=45) (actual time=1.930..18.107 rows=11 loops=1)
                                                                    Join Filter: (rt.id = ci.role_id)
                                                                    Rows Removed by Join Filter: 27
                                                                    ->  Seq Scan on role_type rt  (cost=0.00..1.15 rows=1 width=4) (actual time=0.005..0.008 rows=1 loops=1)
                                                                          Filter: ((role)::text = 'actress'::text)
                                                                          Rows Removed by Filter: 11
                                                                    ->  Nested Loop  (cost=8.22..3925.85 rows=1 width=49) (actual time=1.885..18.093 rows=38 loops=1)
                                                                          Join Filter: (t.id = ci.movie_id)
                                                                          ->  Nested Loop  (cost=7.65..3880.74 rows=1 width=33) (actual time=1.870..17.777 rows=1 loops=1)
                                                                                ->  Nested Loop  (cost=7.22..3854.20 rows=12 width=12) (actual time=0.535..17.495 rows=25 loops=1)
                                                                                      Join Filter: (cct2.id = cc.status_id)
                                                                                      Rows Removed by Join Filter: 65
                                                                                      ->  Seq Scan on comp_cast_type cct2  (cost=0.00..1.05 rows=1 width=4) (actual time=0.004..0.005 rows=1 loops=1)
                                                                                            Filter: ((kind)::text = 'complete+verified'::text)
                                                                                            Rows Removed by Filter: 3
                                                                                      ->  Nested Loop  (cost=7.22..3852.58 rows=46 width=16) (actual time=0.277..17.474 rows=90 loops=1)
                                                                                            ->  Nested Loop  (cost=6.80..3757.63 rows=34 width=4) (actual time=0.171..16.217 rows=414 loops=1)
                                                                                                  ->  Seq Scan on keyword k  (cost=0.00..2626.12 rows=1 width=4) (actual time=0.051..15.421 rows=1 loops=1)
                                                                                                        Filter: (keyword = 'computer-animation'::text)
                                                                                                        Rows Removed by Filter: 134169
                                                                                                  ->  Bitmap Heap Scan on movie_keyword mk  (cost=6.80..1128.44 rows=306 width=8) (actual time=0.117..0.720 rows=414 loops=1)
                                                                                                        Recheck Cond: (keyword_id = k.id)
                                                                                                        Heap Blocks: exact=358
                                                                                                        ->  Bitmap Index Scan on keyword_id_movie_keyword  (cost=0.00..6.73 rows=306 width=0) (actual time=0.065..0.065 rows=414 loops=1)
                                                                                                              Index Cond: (keyword_id = k.id)
                                                                                            ->  Index Scan using movie_id_complete_cast on complete_cast cc  (cost=0.42..2.77 rows=2 width=12) (actual time=0.003..0.003 rows=0 loops=414)
                                                                                                  Index Cond: (movie_id = mk.movie_id)
                                                                                ->  Index Scan using title_pkey on title t  (cost=0.43..2.14 rows=1 width=21) (actual time=0.011..0.011 rows=0 loops=25)
                                                                                      Index Cond: (id = mk.movie_id)
                                                                                      Filter: ((production_year >= 2000) AND (production_year <= 2005) AND (title = 'Shrek 2'::text))
                                                                                      Rows Removed by Filter: 1
                                                                          ->  Index Scan using movie_id_cast_info on cast_info ci  (cost=0.56..45.09 rows=1 width=16) (actual time=0.015..0.305 rows=38 loops=1)
                                                                                Index Cond: (movie_id = mk.movie_id)
                                                                                Filter: (note = ANY ('{(voice),"(voice) (uncredited)","(voice: English version)"}'::text[]))
                                                                                Rows Removed by Filter: 191
                                                              ->  Index Scan using char_name_pkey on char_name chn  (cost=0.43..2.26 rows=1 width=20) (actual time=0.007..0.007 rows=0 loops=11)
                                                                    Index Cond: (id = ci.person_role_id)
                                                                    Filter: (name = 'Queen'::text)
                                                                    Rows Removed by Filter: 1
                                                        ->  Index Scan using name_pkey on name n  (cost=0.43..2.36 rows=1 width=19) (actual time=0.013..0.013 rows=1 loops=1)
                                                              Index Cond: (id = ci.person_id)
                                                              Filter: ((name ~~ '%An%'::text) AND ((gender)::text = 'f'::text))
                                                  ->  Index Scan using person_id_person_info on person_info pi  (cost=0.43..19.34 rows=25 width=8) (actual time=0.011..0.065 rows=163 loops=1)
                                                        Index Cond: (person_id = ci.person_id)
                                      ->  Index Only Scan using person_id_aka_name on aka_name an  (cost=0.42..2.87 rows=2 width=4) (actual time=0.011..0.014 rows=3 loops=1)
                                            Index Cond: (person_id = pi.person_id)
                                            Heap Fetches: 3
                                ->  Index Scan using movie_id_movie_info on movie_info mi  (cost=0.43..41.90 rows=1 width=8) (actual time=0.019..0.137 rows=1 loops=3)
                                      Index Cond: (movie_id = mk.movie_id)
                                      Filter: (info ~~ 'USA:%200%'::text)
                                      Rows Removed by Filter: 456
                    ->  Index Scan using movie_id_movie_companies on movie_companies mc  (cost=0.43..4.79 rows=5 width=8) (actual time=0.005..0.012 rows=22 loops=3)
                          Index Cond: (movie_id = mk.movie_id)
              ->  Index Scan using company_name_pkey on company_name cn  (cost=0.42..2.03 rows=1 width=4) (actual time=0.003..0.003 rows=0 loops=66)
                    Index Cond: (id = mc.company_id)
                    Filter: ((country_code)::text = '[us]'::text)
                    Rows Removed by Filter: 1
        ->  Seq Scan on comp_cast_type cct1  (cost=0.00..1.05 rows=1 width=4) (actual time=0.001..0.001 rows=1 loops=15)
              Filter: ((kind)::text = 'cast'::text)
Planning time: 117.112 ms
Execution time: 19.365 ms
