Aggregate  (cost=4350.73..4350.74 rows=1 width=96) (actual time=202.947..202.947 rows=1 loops=1)
  ->  Nested Loop  (cost=11.22..4350.73 rows=1 width=48) (actual time=56.883..194.303 rows=16308 loops=1)
        Join Filter: (it3.id = pi.info_type_id)
        Rows Removed by Join Filter: 51519
        ->  Seq Scan on info_type it3  (cost=0.00..2.41 rows=1 width=4) (actual time=0.019..0.029 rows=1 loops=1)
              Filter: ((info)::text = 'trivia'::text)
              Rows Removed by Filter: 112
        ->  Nested Loop  (cost=11.22..4348.30 rows=1 width=52) (actual time=56.804..187.782 rows=67827 loops=1)
              Join Filter: (n.id = pi.person_id)
              ->  Nested Loop  (cost=10.79..4328.67 rows=1 width=60) (actual time=47.459..145.408 rows=189 loops=1)
                    Join Filter: (mi.info_type_id = it.id)
                    ->  Nested Loop  (cost=10.79..4326.24 rows=1 width=64) (actual time=47.448..144.431 rows=189 loops=1)
                          ->  Nested Loop  (cost=10.37..4324.21 rows=1 width=68) (actual time=46.052..141.816 rows=858 loops=1)
                                Join Filter: (n.id = an.person_id)
                                ->  Nested Loop  (cost=9.94..4321.29 rows=1 width=64) (actual time=46.019..140.482 rows=206 loops=1)
                                      Join Filter: (t.id = mi.movie_id)
                                      ->  Nested Loop  (cost=9.51..4279.28 rows=1 width=80) (actual time=45.944..131.228 rows=76 loops=1)
                                            Join Filter: (cc.subject_id = cct1.id)
                                            ->  Nested Loop  (cost=9.51..4278.21 rows=1 width=84) (actual time=45.935..131.068 rows=76 loops=1)
                                                  Join Filter: (ci.role_id = rt.id)
                                                  ->  Nested Loop  (cost=9.51..4277.05 rows=1 width=88) (actual time=45.926..130.817 rows=76 loops=1)
                                                        ->  Nested Loop  (cost=9.08..4274.80 rows=1 width=76) (actual time=23.714..130.467 rows=97 loops=1)
                                                              ->  Nested Loop  (cost=8.65..4270.10 rows=2 width=57) (actual time=0.965..80.800 rows=14014 loops=1)
                                                                    Join Filter: (t.id = ci.movie_id)
                                                                    ->  Nested Loop  (cost=8.08..4044.35 rows=5 width=41) (actual time=0.939..20.497 rows=438 loops=1)
                                                                          Join Filter: (cc.status_id = cct2.id)
                                                                          Rows Removed by Join Filter: 963
                                                                          ->  Seq Scan on comp_cast_type cct2  (cost=0.00..1.05 rows=1 width=4) (actual time=0.004..0.005 rows=1 loops=1)
                                                                                Filter: ((kind)::text = 'complete+verified'::text)
                                                                                Rows Removed by Filter: 3
                                                                          ->  Nested Loop  (cost=8.08..4043.05 rows=20 width=45) (actual time=0.815..20.258 rows=1401 loops=1)
                                                                                Join Filter: (t.id = mc.movie_id)
                                                                                ->  Nested Loop  (cost=7.65..3950.92 rows=19 width=37) (actual time=0.792..18.287 rows=61 loops=1)
                                                                                      ->  Nested Loop  (cost=7.22..3852.58 rows=46 width=16) (actual time=0.277..17.520 rows=90 loops=1)
                                                                                            ->  Nested Loop  (cost=6.80..3757.63 rows=34 width=4) (actual time=0.169..16.158 rows=414 loops=1)
                                                                                                  ->  Seq Scan on keyword k  (cost=0.00..2626.12 rows=1 width=4) (actual time=0.051..15.293 rows=1 loops=1)
                                                                                                        Filter: (keyword = 'computer-animation'::text)
                                                                                                        Rows Removed by Filter: 134169
                                                                                                  ->  Bitmap Heap Scan on movie_keyword mk  (cost=6.80..1128.44 rows=306 width=8) (actual time=0.116..0.780 rows=414 loops=1)
                                                                                                        Recheck Cond: (keyword_id = k.id)
                                                                                                        Heap Blocks: exact=358
                                                                                                        ->  Bitmap Index Scan on keyword_id_movie_keyword  (cost=0.00..6.73 rows=306 width=0) (actual time=0.064..0.064 rows=414 loops=1)
                                                                                                              Index Cond: (keyword_id = k.id)
                                                                                            ->  Index Scan using movie_id_complete_cast on complete_cast cc  (cost=0.42..2.77 rows=2 width=12) (actual time=0.003..0.003 rows=0 loops=414)
                                                                                                  Index Cond: (movie_id = mk.movie_id)
                                                                                      ->  Index Scan using title_pkey on title t  (cost=0.43..2.14 rows=1 width=21) (actual time=0.008..0.008 rows=1 loops=90)
                                                                                            Index Cond: (id = mk.movie_id)
                                                                                            Filter: ((production_year >= 2000) AND (production_year <= 2010))
                                                                                            Rows Removed by Filter: 0
                                                                                ->  Index Scan using movie_id_movie_companies on movie_companies mc  (cost=0.43..4.79 rows=5 width=8) (actual time=0.012..0.024 rows=23 loops=61)
                                                                                      Index Cond: (movie_id = mk.movie_id)
                                                                    ->  Index Scan using movie_id_cast_info on cast_info ci  (cost=0.56..45.14 rows=1 width=16) (actual time=0.013..0.125 rows=32 loops=438)
                                                                          Index Cond: (movie_id = mk.movie_id)
                                                                          Filter: (note = ANY ('{(voice),"(voice: Japanese version)","(voice) (uncredited)","(voice: English version)"}'::text[]))
                                                                          Rows Removed by Filter: 141
                                                              ->  Index Scan using name_pkey on name n  (cost=0.43..2.35 rows=1 width=19) (actual time=0.003..0.003 rows=0 loops=14014)
                                                                    Index Cond: (id = ci.person_id)
                                                                    Filter: ((name ~~ '%An%'::text) AND ((gender)::text = 'f'::text))
                                                                    Rows Removed by Filter: 1
                                                        ->  Index Scan using char_name_pkey on char_name chn  (cost=0.43..2.25 rows=1 width=20) (actual time=0.003..0.003 rows=1 loops=97)
                                                              Index Cond: (id = ci.person_role_id)
                                                  ->  Seq Scan on role_type rt  (cost=0.00..1.15 rows=1 width=4) (actual time=0.002..0.002 rows=1 loops=76)
                                                        Filter: ((role)::text = 'actress'::text)
                                                        Rows Removed by Filter: 1
                                            ->  Seq Scan on comp_cast_type cct1  (cost=0.00..1.05 rows=1 width=4) (actual time=0.001..0.001 rows=1 loops=76)
                                                  Filter: ((kind)::text = 'cast'::text)
                                      ->  Index Scan using movie_id_movie_info on movie_info mi  (cost=0.43..42.00 rows=1 width=8) (actual time=0.018..0.120 rows=3 loops=76)
                                            Index Cond: (movie_id = mk.movie_id)
                                            Filter: ((info IS NOT NULL) AND ((info ~~ 'Japan:%200%'::text) OR (info ~~ 'USA:%200%'::text)))
                                            Rows Removed by Filter: 327
                                ->  Index Only Scan using person_id_aka_name on aka_name an  (cost=0.42..2.90 rows=2 width=4) (actual time=0.003..0.005 rows=4 loops=206)
                                      Index Cond: (person_id = ci.person_id)
                                      Heap Fetches: 858
                          ->  Index Scan using company_name_pkey on company_name cn  (cost=0.42..2.03 rows=1 width=4) (actual time=0.003..0.003 rows=0 loops=858)
                                Index Cond: (id = mc.company_id)
                                Filter: ((country_code)::text = '[us]'::text)
                                Rows Removed by Filter: 1
                    ->  Seq Scan on info_type it  (cost=0.00..2.41 rows=1 width=4) (actual time=0.004..0.004 rows=1 loops=189)
                          Filter: ((info)::text = 'release dates'::text)
                          Rows Removed by Filter: 15
              ->  Index Scan using person_id_person_info on person_info pi  (cost=0.43..19.32 rows=25 width=8) (actual time=0.059..0.137 rows=359 loops=189)
                    Index Cond: (person_id = an.person_id)
Planning time: 117.873 ms
Execution time: 203.181 ms
