Aggregate  (cost=3861.54..3861.55 rows=1 width=32) (actual time=686.308..686.309 rows=1 loops=1)
  ->  Nested Loop  (cost=8.08..3861.52 rows=8 width=17) (actual time=7.449..681.799 rows=7834 loops=1)
        Join Filter: (mc.movie_id = t.id)
        ->  Nested Loop  (cost=7.65..3857.52 rows=8 width=8) (actual time=7.441..653.944 rows=7834 loops=1)
              ->  Nested Loop  (cost=7.23..3777.70 rows=179 width=12) (actual time=7.093..267.807 rows=148552 loops=1)
                    ->  Nested Loop  (cost=6.80..3757.63 rows=34 width=4) (actual time=7.076..61.091 rows=41840 loops=1)
                          ->  Seq Scan on keyword k  (cost=0.00..2626.12 rows=1 width=4) (actual time=0.705..15.718 rows=1 loops=1)
                                Filter: (keyword = 'character-name-in-title'::text)
                                Rows Removed by Filter: 134169
                          ->  Bitmap Heap Scan on movie_keyword mk  (cost=6.80..1128.44 rows=306 width=8) (actual time=6.369..37.387 rows=41840 loops=1)
                                Recheck Cond: (keyword_id = k.id)
                                Heap Blocks: exact=11541
                                ->  Bitmap Index Scan on keyword_id_movie_keyword  (cost=0.00..6.73 rows=306 width=0) (actual time=4.246..4.246 rows=41840 loops=1)
                                      Index Cond: (keyword_id = k.id)
                    ->  Index Scan using movie_id_movie_companies on movie_companies mc  (cost=0.43..0.54 rows=5 width=8) (actual time=0.003..0.004 rows=4 loops=41840)
                          Index Cond: (movie_id = mk.movie_id)
              ->  Index Scan using company_name_pkey on company_name cn  (cost=0.42..0.45 rows=1 width=4) (actual time=0.002..0.002 rows=0 loops=148552)
                    Index Cond: (id = mc.company_id)
                    Filter: ((country_code)::text = '[de]'::text)
                    Rows Removed by Filter: 1
        ->  Index Scan using title_pkey on title t  (cost=0.43..0.49 rows=1 width=21) (actual time=0.003..0.003 rows=1 loops=7834)
              Index Cond: (id = mk.movie_id)
Planning time: 1.701 ms
Execution time: 686.390 ms
