Aggregate  (cost=11456.02..11456.03 rows=1 width=128) (actual time=863.140..863.140 rows=1 loops=1)
  ->  Nested Loop  (cost=9.94..11456.01 rows=1 width=80) (actual time=149.970..862.933 rows=84 loops=1)
        ->  Nested Loop  (cost=9.51..11454.65 rows=1 width=69) (actual time=149.951..862.390 rows=84 loops=1)
              Join Filter: (mi_idx.info_type_id = it2.id)
              Rows Removed by Join Filter: 168
              ->  Nested Loop  (cost=9.51..11452.23 rows=1 width=73) (actual time=149.903..858.679 rows=252 loops=1)
                    Join Filter: (t.id = mi_idx.movie_id)
                    ->  Nested Loop  (cost=9.08..11451.12 rows=1 width=84) (actual time=149.883..858.079 rows=84 loops=1)
                          Join Filter: (mi.info_type_id = it1.id)
                          ->  Nested Loop  (cost=9.08..11448.70 rows=1 width=88) (actual time=149.867..857.622 rows=84 loops=1)
                                Join Filter: (t.id = mi.movie_id)
                                ->  Nested Loop  (cost=8.65..11425.85 rows=1 width=37) (actual time=149.692..850.933 rows=53 loops=1)
                                      ->  Nested Loop  (cost=8.23..11416.98 rows=1 width=41) (actual time=149.660..850.368 rows=119 loops=1)
                                            Join Filter: (t.id = mc.movie_id)
                                            ->  Nested Loop  (cost=7.80..11414.81 rows=1 width=33) (actual time=87.074..848.788 rows=77 loops=1)
                                                  Join Filter: (t.id = ci.movie_id)
                                                  ->  Nested Loop  (cost=7.23..11383.49 rows=1 width=25) (actual time=86.293..839.982 rows=49 loops=1)
                                                        ->  Nested Loop  (cost=6.80..11115.55 rows=236 width=4) (actual time=6.106..338.677 rows=76714 loops=1)
                                                              ->  Seq Scan on keyword k  (cost=0.00..3464.69 rows=7 width=4) (actual time=1.872..53.684 rows=7 loops=1)
                                                                    Filter: (keyword = ANY ('{murder,violence,blood,gore,death,female-nudity,hospital}'::text[]))
                                                                    Rows Removed by Filter: 134163
                                                              ->  Bitmap Heap Scan on movie_keyword mk  (cost=6.80..1089.92 rows=306 width=8) (actual time=3.160..38.006 rows=10959 loops=7)
                                                                    Recheck Cond: (keyword_id = k.id)
                                                                    Heap Blocks: exact=53234
                                                                    ->  Bitmap Index Scan on keyword_id_movie_keyword  (cost=0.00..6.73 rows=306 width=0) (actual time=1.728..1.728 rows=10959 loops=7)
                                                                          Index Cond: (keyword_id = k.id)
                                                        ->  Index Scan using title_pkey on title t  (cost=0.43..1.14 rows=1 width=21) (actual time=0.006..0.006 rows=0 loops=76714)
                                                              Index Cond: (id = mk.movie_id)
                                                              Filter: ((production_year > 2000) AND ((title ~~ '%Freddy%'::text) OR (title ~~ '%Jason%'::text) OR (title ~~ 'Saw%'::text)))
                                                              Rows Removed by Filter: 1
                                                  ->  Index Scan using movie_id_cast_info on cast_info ci  (cost=0.56..31.31 rows=1 width=8) (actual time=0.121..0.178 rows=2 loops=49)
                                                        Index Cond: (movie_id = mk.movie_id)
                                                        Filter: (note = ANY ('{(writer),"(head writer)","(written by)",(story),"(story editor)"}'::text[]))
                                                        Rows Removed by Filter: 82
                                            ->  Index Scan using movie_id_movie_companies on movie_companies mc  (cost=0.43..2.16 rows=1 width=8) (actual time=0.012..0.019 rows=2 loops=77)
                                                  Index Cond: (movie_id = mk.movie_id)
                                                  Filter: (note ~~ '%(Blu-ray)%'::text)
                                                  Rows Removed by Filter: 24
                                      ->  Index Scan using company_name_pkey on company_name cn  (cost=0.42..8.22 rows=1 width=4) (actual time=0.004..0.004 rows=0 loops=119)
                                            Index Cond: (id = mc.company_id)
                                            Filter: (name ~~ 'Lionsgate%'::text)
                                            Rows Removed by Filter: 1
                                ->  Index Scan using movie_id_movie_info on movie_info mi  (cost=0.43..22.83 rows=1 width=51) (actual time=0.124..0.125 rows=2 loops=53)
                                      Index Cond: (movie_id = mk.movie_id)
                                      Filter: (info = ANY ('{Horror,Thriller}'::text[]))
                                      Rows Removed by Filter: 292
                          ->  Seq Scan on info_type it1  (cost=0.00..2.41 rows=1 width=4) (actual time=0.004..0.004 rows=1 loops=84)
                                Filter: ((info)::text = 'genres'::text)
                                Rows Removed by Filter: 2
                    ->  Index Scan using movie_id_movie_info_idx on movie_info_idx mi_idx  (cost=0.43..1.07 rows=3 width=13) (actual time=0.004..0.005 rows=3 loops=84)
                          Index Cond: (movie_id = mk.movie_id)
              ->  Seq Scan on info_type it2  (cost=0.00..2.41 rows=1 width=4) (actual time=0.013..0.014 rows=1 loops=252)
                    Filter: ((info)::text = 'votes'::text)
                    Rows Removed by Filter: 108
        ->  Index Scan using name_pkey on name n  (cost=0.43..1.35 rows=1 width=19) (actual time=0.005..0.005 rows=1 loops=84)
              Index Cond: (id = ci.person_id)
              Filter: ((gender)::text = 'm'::text)
Planning time: 49.019 ms
Execution time: 863.369 ms
