Aggregate  (cost=3825.42..3825.43 rows=1 width=96) (actual time=162.343..162.343 rows=1 loops=1)
  ->  Nested Loop  (cost=7.95..3825.34 rows=10 width=46) (actual time=9.132..157.994 rows=4388 loops=1)
        ->  Nested Loop  (cost=7.52..3780.64 rows=10 width=33) (actual time=9.117..136.617 rows=4388 loops=1)
              ->  Nested Loop  (cost=7.09..3775.77 rows=10 width=24) (actual time=9.100..122.959 rows=4388 loops=1)
                    Join Filter: (ml.link_type_id = lt.id)
                    Rows Removed by Join Filter: 30206
                    ->  Nested Loop  (cost=7.09..3772.08 rows=10 width=16) (actual time=9.076..115.020 rows=4388 loops=1)
                          ->  Nested Loop  (cost=6.80..3757.63 rows=34 width=4) (actual time=8.963..58.970 rows=41840 loops=1)
                                ->  Seq Scan on keyword k  (cost=0.00..2626.12 rows=1 width=4) (actual time=1.264..15.484 rows=1 loops=1)
                                      Filter: (keyword = 'character-name-in-title'::text)
                                      Rows Removed by Filter: 134169
                                ->  Bitmap Heap Scan on movie_keyword mk  (cost=6.80..1128.44 rows=306 width=8) (actual time=7.694..36.201 rows=41840 loops=1)
                                      Recheck Cond: (keyword_id = k.id)
                                      Heap Blocks: exact=11541
                                      ->  Bitmap Index Scan on keyword_id_movie_keyword  (cost=0.00..6.73 rows=306 width=0) (actual time=5.082..5.082 rows=41840 loops=1)
                                            Index Cond: (keyword_id = k.id)
                          ->  Index Scan using movie_id_movie_link on movie_link ml  (cost=0.29..0.38 rows=5 width=12) (actual time=0.001..0.001 rows=0 loops=41840)
                                Index Cond: (movie_id = mk.movie_id)
                    ->  Materialize  (cost=0.00..1.27 rows=18 width=16) (actual time=0.000..0.001 rows=8 loops=4388)
                          ->  Seq Scan on link_type lt  (cost=0.00..1.18 rows=18 width=16) (actual time=0.009..0.016 rows=17 loops=1)
              ->  Index Scan using title_pkey on title t1  (cost=0.43..0.49 rows=1 width=21) (actual time=0.003..0.003 rows=1 loops=4388)
                    Index Cond: (id = mk.movie_id)
        ->  Index Scan using title_pkey on title t2  (cost=0.43..4.47 rows=1 width=21) (actual time=0.004..0.004 rows=1 loops=4388)
              Index Cond: (id = ml.linked_movie_id)
Planning time: 2.984 ms
Execution time: 162.460 ms
