Aggregate  (cost=2813.26..2813.27 rows=1 width=192) (actual time=61.918..61.919 rows=1 loops=1)
  ->  Nested Loop  (cost=338.21..2813.24 rows=1 width=82) (actual time=9.782..61.901 rows=4 loops=1)
        Join Filter: ((t2.id = mi_idx2.movie_id) AND (it2.id = mi_idx2.info_type_id))
        Rows Removed by Join Filter: 4
        ->  Nested Loop  (cost=337.79..2812.72 rows=1 width=93) (actual time=9.768..61.871 rows=4 loops=1)
              ->  Nested Loop  (cost=337.65..2812.55 rows=1 width=97) (actual time=9.763..61.860 rows=4 loops=1)
                    Join Filter: (ml.movie_id = t1.id)
                    ->  Nested Loop  (cost=337.22..2812.02 rows=1 width=88) (actual time=9.754..61.842 rows=4 loops=1)
                          ->  Nested Loop  (cost=336.80..2811.58 rows=1 width=73) (actual time=9.747..61.824 rows=4 loops=1)
                                ->  Nested Loop  (cost=336.37..2810.14 rows=1 width=65) (actual time=9.739..61.812 rows=1 loops=1)
                                      ->  Nested Loop  (cost=336.24..2809.97 rows=1 width=69) (actual time=1.865..61.795 rows=6 loops=1)
                                            ->  Nested Loop  (cost=335.81..2801.02 rows=2 width=44) (actual time=1.854..60.119 rows=477 loops=1)
                                                  ->  Index Scan using info_type_pkey on info_type it2  (cost=0.14..14.12 rows=1 width=4) (actual time=0.039..0.044 rows=1 loops=1)
                                                        Filter: ((info)::text = 'rating'::text)
                                                        Rows Removed by Filter: 112
                                                  ->  Nested Loop  (cost=335.67..2786.88 rows=2 width=40) (actual time=1.812..59.964 rows=477 loops=1)
                                                        ->  Nested Loop  (cost=335.25..2681.21 rows=237 width=25) (actual time=1.783..35.735 rows=9674 loops=1)
                                                              Join Filter: (ml.movie_id = mc1.movie_id)
                                                              ->  Nested Loop  (cost=334.82..2651.72 rows=45 width=17) (actual time=1.772..24.380 rows=2064 loops=1)
                                                                    Join Filter: (mi_idx1.info_type_id = it1.id)
                                                                    Rows Removed by Join Filter: 4128
                                                                    ->  Merge Join  (cost=334.82..2572.21 rows=5140 width=21) (actual time=1.746..21.907 rows=6192 loops=1)
                                                                          Merge Cond: (mi_idx1.movie_id = ml.movie_id)
                                                                          ->  Index Scan using movie_id_movie_info_idx on movie_info_idx mi_idx1  (cost=0.43..43808.76 rows=1380035 width=13) (actual time=0.014..11.415 rows=63901 loops=1)
                                                                          ->  Sort  (cost=334.38..338.55 rows=1666 width=8) (actual time=1.701..2.373 rows=6443 loops=1)
                                                                                Sort Key: ml.movie_id
                                                                                Sort Method: quicksort  Memory: 205kB
                                                                                ->  Nested Loop  (cost=38.82..245.23 rows=1666 width=8) (actual time=0.100..1.197 rows=2315 loops=1)
                                                                                      ->  Seq Scan on link_type lt  (cost=0.00..1.23 rows=1 width=4) (actual time=0.009..0.014 rows=2 loops=1)
                                                                                            Filter: ((link)::text ~~ '%follow%'::text)
                                                                                            Rows Removed by Filter: 16
                                                                                      ->  Bitmap Heap Scan on movie_link ml  (cost=38.82..225.26 rows=1875 width=12) (actual time=0.082..0.395 rows=1158 loops=2)
                                                                                            Recheck Cond: (link_type_id = lt.id)
                                                                                            Heap Blocks: exact=191
                                                                                            ->  Bitmap Index Scan on link_type_id_movie_link  (cost=0.00..38.35 rows=1875 width=0) (actual time=0.065..0.065 rows=1158 loops=2)
                                                                                                  Index Cond: (link_type_id = lt.id)
                                                                    ->  Materialize  (cost=0.00..2.42 rows=1 width=4) (actual time=0.000..0.000 rows=1 loops=6192)
                                                                          ->  Seq Scan on info_type it1  (cost=0.00..2.41 rows=1 width=4) (actual time=0.014..0.015 rows=1 loops=1)
                                                                                Filter: ((info)::text = 'rating'::text)
                                                                                Rows Removed by Filter: 112
                                                              ->  Index Scan using movie_id_movie_companies on movie_companies mc1  (cost=0.43..0.59 rows=5 width=8) (actual time=0.002..0.004 rows=5 loops=2064)
                                                                    Index Cond: (movie_id = mi_idx1.movie_id)
                                                        ->  Index Scan using company_name_pkey on company_name cn1  (cost=0.42..0.45 rows=1 width=23) (actual time=0.002..0.002 rows=0 loops=9674)
                                                              Index Cond: (id = mc1.company_id)
                                                              Filter: ((country_code)::text = '[nl]'::text)
                                                              Rows Removed by Filter: 1
                                            ->  Index Scan using title_pkey on title t2  (cost=0.43..4.47 rows=1 width=25) (actual time=0.003..0.003 rows=0 loops=477)
                                                  Index Cond: (id = ml.linked_movie_id)
                                                  Filter: (production_year = 2007)
                                                  Rows Removed by Filter: 1
                                      ->  Index Scan using kind_type_pkey on kind_type kt2  (cost=0.13..0.15 rows=1 width=4) (actual time=0.002..0.002 rows=0 loops=6)
                                            Index Cond: (id = t2.kind_id)
                                            Filter: ((kind)::text = 'tv series'::text)
                                            Rows Removed by Filter: 1
                                ->  Index Scan using movie_id_movie_companies on movie_companies mc2  (cost=0.43..1.39 rows=5 width=8) (actual time=0.007..0.010 rows=4 loops=1)
                                      Index Cond: (movie_id = t2.id)
                          ->  Index Scan using company_name_pkey on company_name cn2  (cost=0.42..0.44 rows=1 width=23) (actual time=0.003..0.003 rows=1 loops=4)
                                Index Cond: (id = mc2.company_id)
                    ->  Index Scan using title_pkey on title t1  (cost=0.43..0.52 rows=1 width=25) (actual time=0.004..0.004 rows=1 loops=4)
                          Index Cond: (id = mc1.movie_id)
              ->  Index Scan using kind_type_pkey on kind_type kt1  (cost=0.13..0.15 rows=1 width=4) (actual time=0.002..0.002 rows=1 loops=4)
                    Index Cond: (id = t1.kind_id)
                    Filter: ((kind)::text = 'tv series'::text)
        ->  Index Scan using movie_id_movie_info_idx on movie_info_idx mi_idx2  (cost=0.43..0.51 rows=1 width=13) (actual time=0.005..0.006 rows=2 loops=4)
              Index Cond: (movie_id = mc2.movie_id)
              Filter: (info < '3.0'::text)
              Rows Removed by Filter: 1
Planning time: 126.346 ms
Execution time: 62.124 ms
