Aggregate  (cost=57896.93..57896.94 rows=1 width=32) (actual time=281.174..281.174 rows=1 loops=1)
  ->  Nested Loop  (cost=1.29..57896.78 rows=59 width=17) (actual time=281.170..281.170 rows=0 loops=1)
        Join Filter: (mi.info_type_id = it.id)
        ->  Nested Loop  (cost=1.29..57796.03 rows=59 width=21) (actual time=281.169..281.169 rows=0 loops=1)
              ->  Nested Loop  (cost=0.86..57289.08 rows=214 width=25) (actual time=281.169..281.169 rows=0 loops=1)
                    ->  Nested Loop  (cost=0.43..53078.81 rows=532 width=4) (actual time=281.168..281.168 rows=0 loops=1)
                          ->  Seq Scan on company_type ct  (cost=0.00..1.05 rows=1 width=4) (actual time=0.008..0.013 rows=1 loops=1)
                                Filter: ((kind)::text = 'production companies'::text)
                                Rows Removed by Filter: 3
                          ->  Index Scan using company_type_id_movie_companies on movie_companies mc  (cost=0.43..53067.12 rows=1064 width=8) (actual time=281.152..281.152 rows=0 loops=1)
                                Index Cond: (company_type_id = ct.id)
                                Filter: ((note ~~ '%(theatrical)%'::text) AND (note ~~ '%(France)%'::text))
                                Rows Removed by Filter: 1334883
                    ->  Index Scan using title_pkey on title t  (cost=0.43..7.91 rows=1 width=21) (never executed)
                          Index Cond: (id = mc.movie_id)
                          Filter: (production_year > 2005)
              ->  Index Scan using movie_id_movie_info on movie_info mi  (cost=0.43..2.36 rows=1 width=8) (never executed)
                    Index Cond: (movie_id = t.id)
                    Filter: (info = ANY ('{Sweden,Norway,Germany,Denmark,Swedish,Denish,Norwegian,German}'::text[]))
        ->  Materialize  (cost=0.00..2.69 rows=113 width=4) (never executed)
              ->  Seq Scan on info_type it  (cost=0.00..2.13 rows=113 width=4) (never executed)
Planning time: 1.713 ms
Execution time: 281.248 ms
