Aggregate  (cost=56507.69..56507.70 rows=1 width=32) (actual time=282.584..282.585 rows=1 loops=1)
  ->  Nested Loop  (cost=1.29..56507.69 rows=3 width=17) (actual time=282.580..282.580 rows=0 loops=1)
        Join Filter: (mi.info_type_id = it.id)
        ->  Seq Scan on info_type it  (cost=0.00..2.13 rows=113 width=4) (actual time=0.008..0.019 rows=113 loops=1)
        ->  Materialize  (cost=1.29..56500.48 rows=3 width=21) (actual time=2.500..2.500 rows=0 loops=113)
              ->  Nested Loop  (cost=1.29..56500.46 rows=3 width=21) (actual time=282.532..282.532 rows=0 loops=1)
                    ->  Nested Loop  (cost=0.86..56490.51 rows=3 width=25) (actual time=282.532..282.532 rows=0 loops=1)
                          ->  Nested Loop  (cost=0.43..56329.96 rows=19 width=4) (actual time=282.531..282.531 rows=0 loops=1)
                                ->  Seq Scan on company_type ct  (cost=0.00..1.05 rows=1 width=4) (actual time=0.003..0.007 rows=1 loops=1)
                                      Filter: ((kind)::text = 'production companies'::text)
                                      Rows Removed by Filter: 3
                                ->  Index Scan using company_type_id_movie_companies on movie_companies mc  (cost=0.43..56328.53 rows=38 width=8) (actual time=282.523..282.523 rows=0 loops=1)
                                      Index Cond: (company_type_id = ct.id)
                                      Filter: ((note ~~ '%(VHS)%'::text) AND (note ~~ '%(USA)%'::text) AND (note ~~ '%(1994)%'::text))
                                      Rows Removed by Filter: 1334883
                          ->  Index Scan using title_pkey on title t  (cost=0.43..8.45 rows=1 width=21) (never executed)
                                Index Cond: (id = mc.movie_id)
                                Filter: (production_year > 2010)
                    ->  Index Scan using movie_id_movie_info on movie_info mi  (cost=0.43..3.30 rows=2 width=8) (never executed)
                          Index Cond: (movie_id = t.id)
                          Filter: (info = ANY ('{USA,America}'::text[]))
Planning time: 1.627 ms
Execution time: 282.656 ms
