Aggregate  (cost=182554.96..182554.97 rows=1 width=32) (actual time=988.155..988.155 rows=1 loops=1)
  ->  Hash Join  (cost=4.84..182451.70 rows=41306 width=17) (actual time=27.891..987.252 rows=669 loops=1)
        Hash Cond: (mi.info_type_id = it.id)
        ->  Nested Loop  (cost=1.29..181929.92 rows=41306 width=21) (actual time=27.834..986.558 rows=669 loops=1)
              ->  Nested Loop  (cost=0.86..118177.51 rows=29689 width=25) (actual time=3.957..378.488 rows=767 loops=1)
                    ->  Nested Loop  (cost=0.43..53924.28 rows=42806 width=4) (actual time=3.894..302.303 rows=798 loops=1)
                          ->  Seq Scan on company_type ct  (cost=0.00..1.05 rows=1 width=4) (actual time=0.008..0.011 rows=1 loops=1)
                                Filter: ((kind)::text = 'production companies'::text)
                                Rows Removed by Filter: 3
                          ->  Index Scan using company_type_id_movie_companies on movie_companies mc  (cost=0.43..53067.12 rows=85611 width=8) (actual time=3.885..302.091 rows=798 loops=1)
                                Index Cond: (company_type_id = ct.id)
                                Filter: ((note !~~ '%(TV)%'::text) AND (note ~~ '%(USA)%'::text))
                                Rows Removed by Filter: 1334085
                    ->  Index Scan using title_pkey on title t  (cost=0.43..1.50 rows=1 width=21) (actual time=0.094..0.094 rows=1 loops=798)
                          Index Cond: (id = mc.movie_id)
                          Filter: (production_year > 1990)
                          Rows Removed by Filter: 0
              ->  Index Scan using movie_id_movie_info on movie_info mi  (cost=0.43..2.13 rows=2 width=8) (actual time=0.785..0.792 rows=1 loops=767)
                    Index Cond: (movie_id = t.id)
                    Filter: (info = ANY ('{Sweden,Norway,Germany,Denmark,Swedish,Denish,Norwegian,German,USA,American}'::text[]))
                    Rows Removed by Filter: 10
        ->  Hash  (cost=2.13..2.13 rows=113 width=4) (actual time=0.040..0.040 rows=113 loops=1)
              Buckets: 1024  Batches: 1  Memory Usage: 12kB
              ->  Seq Scan on info_type it  (cost=0.00..2.13 rows=113 width=4) (actual time=0.007..0.020 rows=113 loops=1)
Planning time: 1.358 ms
Execution time: 988.212 ms
