Aggregate  (cost=3868.16..3868.17 rows=1 width=96) (actual time=1981.776..1981.776 rows=1 loops=1)
  ->  Nested Loop  (cost=8.23..3868.15 rows=1 width=48) (actual time=768.486..1981.727 rows=6 loops=1)
        ->  Nested Loop  (cost=7.80..3783.91 rows=184 width=37) (actual time=37.468..176.861 rows=1224 loops=1)
              Join Filter: (t.id = ci.movie_id)
              ->  Nested Loop  (cost=7.23..3774.28 rows=5 width=41) (actual time=19.101..35.270 rows=11 loops=1)
                    ->  Nested Loop  (cost=6.80..3757.63 rows=34 width=20) (actual time=19.075..35.060 rows=14 loops=1)
                          ->  Seq Scan on keyword k  (cost=0.00..2626.12 rows=1 width=20) (actual time=0.403..16.308 rows=1 loops=1)
                                Filter: (keyword = 'marvel-cinematic-universe'::text)
                                Rows Removed by Filter: 134169
                          ->  Bitmap Heap Scan on movie_keyword mk  (cost=6.80..1128.44 rows=306 width=8) (actual time=18.668..18.739 rows=14 loops=1)
                                Recheck Cond: (keyword_id = k.id)
                                Heap Blocks: exact=12
                                ->  Bitmap Index Scan on keyword_id_movie_keyword  (cost=0.00..6.73 rows=306 width=0) (actual time=18.647..18.647 rows=14 loops=1)
                                      Index Cond: (keyword_id = k.id)
                    ->  Index Scan using title_pkey on title t  (cost=0.43..0.49 rows=1 width=21) (actual time=0.012..0.012 rows=1 loops=14)
                          Index Cond: (id = mk.movie_id)
                          Filter: (production_year > 2010)
                          Rows Removed by Filter: 0
              ->  Index Scan using movie_id_cast_info on cast_info ci  (cost=0.56..1.49 rows=35 width=8) (actual time=8.353..12.798 rows=111 loops=11)
                    Index Cond: (movie_id = mk.movie_id)
        ->  Index Scan using name_pkey on name n  (cost=0.43..0.46 rows=1 width=19) (actual time=1.473..1.473 rows=0 loops=1224)
              Index Cond: (id = ci.person_id)
              Filter: (name ~~ '%Downey%Robert%'::text)
              Rows Removed by Filter: 1
Planning time: 1.263 ms
Execution time: 1981.849 ms
