Aggregate  (cost=3776.67..3776.68 rows=1 width=96) (actual time=13.352..13.352 rows=1 loops=1)
  ->  Nested Loop  (cost=8.23..3776.66 rows=1 width=48) (actual time=0.455..13.346 rows=2 loops=1)
        ->  Nested Loop  (cost=7.80..3776.21 rows=1 width=37) (actual time=0.365..13.247 rows=33 loops=1)
              Join Filter: (t.id = ci.movie_id)
              ->  Nested Loop  (cost=7.23..3774.28 rows=1 width=41) (actual time=0.360..13.211 rows=2 loops=1)
                    ->  Nested Loop  (cost=6.80..3757.63 rows=34 width=20) (actual time=0.348..13.163 rows=14 loops=1)
                          ->  Seq Scan on keyword k  (cost=0.00..2626.12 rows=1 width=20) (actual time=0.332..13.133 rows=1 loops=1)
                                Filter: (keyword = 'marvel-cinematic-universe'::text)
                                Rows Removed by Filter: 134169
                          ->  Bitmap Heap Scan on movie_keyword mk  (cost=6.80..1128.44 rows=306 width=8) (actual time=0.013..0.025 rows=14 loops=1)
                                Recheck Cond: (keyword_id = k.id)
                                Heap Blocks: exact=12
                                ->  Bitmap Index Scan on keyword_id_movie_keyword  (cost=0.00..6.73 rows=306 width=0) (actual time=0.008..0.008 rows=14 loops=1)
                                      Index Cond: (keyword_id = k.id)
                    ->  Index Scan using title_pkey on title t  (cost=0.43..0.49 rows=1 width=21) (actual time=0.003..0.003 rows=0 loops=14)
                          Index Cond: (id = mk.movie_id)
                          Filter: (production_year > 2014)
                          Rows Removed by Filter: 1
              ->  Index Scan using movie_id_cast_info on cast_info ci  (cost=0.56..1.49 rows=35 width=8) (actual time=0.004..0.014 rows=16 loops=2)
                    Index Cond: (movie_id = mk.movie_id)
        ->  Index Scan using name_pkey on name n  (cost=0.43..0.46 rows=1 width=19) (actual time=0.003..0.003 rows=0 loops=33)
              Index Cond: (id = ci.person_id)
              Filter: (name ~~ '%Downey%Robert%'::text)
              Rows Removed by Filter: 1
Planning time: 1.286 ms
Execution time: 13.405 ms
