Aggregate  (cost=15128.85..15128.86 rows=1 width=96) (actual time=11291.902..11291.903 rows=1 loops=1)
  ->  Nested Loop  (cost=8.23..15090.13 rows=5163 width=48) (actual time=0.749..10629.396 rows=785477 loops=1)
        ->  Nested Loop  (cost=7.80..12739.38 rows=5163 width=37) (actual time=0.731..4558.442 rows=785477 loops=1)
              Join Filter: (t.id = ci.movie_id)
              ->  Nested Loop  (cost=7.23..12452.36 rows=149 width=41) (actual time=0.713..603.781 rows=14165 loops=1)
                    ->  Nested Loop  (cost=6.80..12320.12 rows=270 width=20) (actual time=0.692..239.425 rows=35548 loops=1)
                          ->  Seq Scan on keyword k  (cost=0.00..3632.40 rows=8 width=20) (actual time=0.156..45.108 rows=8 loops=1)
                                Filter: (keyword = ANY ('{superhero,sequel,second-part,marvel-comics,based-on-comic,tv-special,fight,violence}'::text[]))
                                Rows Removed by Filter: 134162
                          ->  Bitmap Heap Scan on movie_keyword mk  (cost=6.80..1082.91 rows=306 width=8) (actual time=1.247..23.149 rows=4444 loops=8)
                                Recheck Cond: (keyword_id = k.id)
                                Heap Blocks: exact=23488
                                ->  Bitmap Index Scan on keyword_id_movie_keyword  (cost=0.00..6.73 rows=306 width=0) (actual time=0.740..0.740 rows=4444 loops=8)
                                      Index Cond: (keyword_id = k.id)
                    ->  Index Scan using title_pkey on title t  (cost=0.43..0.49 rows=1 width=21) (actual time=0.010..0.010 rows=0 loops=35548)
                          Index Cond: (id = mk.movie_id)
                          Filter: (production_year > 2000)
                          Rows Removed by Filter: 1
              ->  Index Scan using movie_id_cast_info on cast_info ci  (cost=0.56..1.49 rows=35 width=8) (actual time=0.013..0.262 rows=55 loops=14165)
                    Index Cond: (movie_id = mk.movie_id)
        ->  Index Scan using name_pkey on name n  (cost=0.43..0.46 rows=1 width=19) (actual time=0.007..0.007 rows=1 loops=785477)
              Index Cond: (id = ci.person_id)
Planning time: 1.675 ms
Execution time: 11291.988 ms
