Aggregate  (cost=58018.35..58018.36 rows=1 width=64) (actual time=5636.913..5636.913 rows=1 loops=1)
  ->  Nested Loop  (cost=2494.89..58018.32 rows=6 width=110) (actual time=21.760..5120.862 rows=68185 loops=1)
        ->  Hash Join  (cost=2494.46..58014.21 rows=9 width=118) (actual time=21.749..4701.114 rows=109842 loops=1)
              Hash Cond: (ml.link_type_id = lt.id)
              ->  Nested Loop  (cost=2493.14..58012.41 rows=39 width=122) (actual time=21.725..4644.437 rows=127027 loops=1)
                    ->  Nested Loop  (cost=2492.86..57546.92 rows=1359 width=114) (actual time=21.675..2104.414 rows=1618304 loops=1)
                          ->  Nested Loop  (cost=2492.29..57322.15 rows=13 width=122) (actual time=21.656..1236.100 rows=12595 loops=1)
                                ->  Nested Loop  (cost=2491.86..56117.14 rows=1366 width=103) (actual time=21.545..743.530 rows=72979 loops=1)
                                      ->  Nested Loop  (cost=2491.44..55266.04 rows=735 width=99) (actual time=21.516..359.848 rows=84183 loops=1)
                                            ->  Seq Scan on info_type it  (cost=0.00..2.41 rows=1 width=4) (actual time=0.006..0.025 rows=1 loops=1)
                                                  Filter: ((info)::text = 'mini biography'::text)
                                                  Rows Removed by Filter: 112
                                            ->  Bitmap Heap Scan on person_info pi  (cost=2491.44..55225.87 rows=3775 width=103) (actual time=21.507..344.042 rows=84183 loops=1)
                                                  Recheck Cond: (info_type_id = it.id)
                                                  Filter: (note IS NOT NULL)
                                                  Rows Removed by Filter: 1
                                                  Heap Blocks: exact=40387
                                                  ->  Bitmap Index Scan on info_type_id_person_info  (cost=0.00..2490.49 rows=134675 width=0) (actual time=12.753..12.753 rows=84184 loops=1)
                                                        Index Cond: (info_type_id = it.id)
                                      ->  Index Scan using person_id_aka_name on aka_name an  (cost=0.42..1.14 rows=2 width=4) (actual time=0.003..0.004 rows=1 loops=84183)
                                            Index Cond: (person_id = pi.person_id)
                                            Filter: ((name IS NOT NULL) AND ((name ~~ '%a%'::text) OR (name ~~ 'A%'::text)))
                                            Rows Removed by Filter: 0
                                ->  Index Scan using name_pkey on name n  (cost=0.43..0.88 rows=1 width=19) (actual time=0.006..0.006 rows=0 loops=72979)
                                      Index Cond: (id = an.person_id)
                                      Filter: (((name_pcode_cf)::text >= 'A'::text) AND ((name_pcode_cf)::text <= 'F'::text) AND (((gender)::text = 'm'::text) OR (((gender)::text = 'f'::text) AND (name ~~ 'A%'::text))))
                                      Rows Removed by Filter: 1
                          ->  Index Scan using person_id_cast_info on cast_info ci  (cost=0.56..12.29 rows=500 width=8) (actual time=0.010..0.044 rows=128 loops=12595)
                                Index Cond: (person_id = n.id)
                    ->  Index Scan using linked_movie_id_movie_link on movie_link ml  (cost=0.29..0.32 rows=2 width=8) (actual time=0.001..0.001 rows=0 loops=1618304)
                          Index Cond: (linked_movie_id = ci.movie_id)
              ->  Hash  (cost=1.27..1.27 rows=4 width=4) (actual time=0.016..0.016 rows=4 loops=1)
                    Buckets: 1024  Batches: 1  Memory Usage: 9kB
                    ->  Seq Scan on link_type lt  (cost=0.00..1.27 rows=4 width=4) (actual time=0.010..0.013 rows=4 loops=1)
                          Filter: ((link)::text = ANY ('{references,"referenced in",features,"featured in"}'::text[]))
                          Rows Removed by Filter: 14
        ->  Index Scan using title_pkey on title t  (cost=0.43..0.46 rows=1 width=4) (actual time=0.003..0.003 rows=1 loops=109842)
              Index Cond: (id = ci.movie_id)
              Filter: ((production_year >= 1980) AND (production_year <= 2010))
              Rows Removed by Filter: 0
Planning time: 6.696 ms
Execution time: 5637.033 ms
