Aggregate  (cost=66254.29..66254.30 rows=1 width=64) (actual time=4558.940..4558.940 rows=1 loops=1)
  ->  Nested Loop  (cost=6018.60..66254.28 rows=1 width=33) (actual time=325.372..4558.746 rows=62 loops=1)
        ->  Nested Loop  (cost=6018.17..66250.45 rows=5 width=41) (actual time=51.709..4501.849 rows=17379 loops=1)
              ->  Hash Join  (cost=6017.74..66248.38 rows=2 width=21) (actual time=51.697..4456.386 rows=7438 loops=1)
                    Hash Cond: (ci.role_id = rt.id)
                    ->  Nested Loop  (cost=6016.58..66246.92 rows=25 width=25) (actual time=51.674..4451.749 rows=19600 loops=1)
                          ->  Nested Loop  (cost=6016.02..65774.26 rows=258 width=25) (actual time=51.558..982.206 rows=48328 loops=1)
                                ->  Hash Join  (cost=6015.59..64057.47 rows=258 width=4) (actual time=51.512..641.700 rows=48328 loops=1)
                                      Hash Cond: (mc.company_id = cn.id)
                                      ->  Seq Scan on movie_companies mc  (cost=0.00..57926.93 rows=9105 width=8) (actual time=0.133..559.237 rows=48897 loops=1)
                                            Filter: ((note ~~ '%(Japan)%'::text) AND (note !~~ '%(USA)%'::text))
                                            Rows Removed by Filter: 2560232
                                      ->  Hash  (cost=5932.46..5932.46 rows=6650 width=4) (actual time=51.362..51.362 rows=6752 loops=1)
                                            Buckets: 8192  Batches: 1  Memory Usage: 302kB
                                            ->  Seq Scan on company_name cn  (cost=0.00..5932.46 rows=6650 width=4) (actual time=0.014..50.007 rows=6752 loops=1)
                                                  Filter: ((country_code)::text = '[jp]'::text)
                                                  Rows Removed by Filter: 228245
                                ->  Index Scan using title_pkey on title t  (cost=0.43..6.65 rows=1 width=21) (actual time=0.006..0.006 rows=1 loops=48328)
                                      Index Cond: (id = mc.movie_id)
                          ->  Index Scan using movie_id_cast_info on cast_info ci  (cost=0.56..1.82 rows=1 width=12) (actual time=0.069..0.071 rows=0 loops=48328)
                                Index Cond: (movie_id = t.id)
                                Filter: (note = '(voice: English version)'::text)
                                Rows Removed by Filter: 32
                    ->  Hash  (cost=1.15..1.15 rows=1 width=4) (actual time=0.012..0.012 rows=1 loops=1)
                          Buckets: 1024  Batches: 1  Memory Usage: 9kB
                          ->  Seq Scan on role_type rt  (cost=0.00..1.15 rows=1 width=4) (actual time=0.009..0.010 rows=1 loops=1)
                                Filter: ((role)::text = 'actress'::text)
                                Rows Removed by Filter: 11
              ->  Index Scan using person_id_aka_name on aka_name an1  (cost=0.42..1.01 rows=2 width=20) (actual time=0.004..0.005 rows=2 loops=7438)
                    Index Cond: (person_id = ci.person_id)
        ->  Index Scan using name_pkey on name n1  (cost=0.43..0.77 rows=1 width=4) (actual time=0.003..0.003 rows=0 loops=17379)
              Index Cond: (id = an1.person_id)
              Filter: ((name ~~ '%Yo%'::text) AND (name !~~ '%Yu%'::text))
              Rows Removed by Filter: 1
Planning time: 4.022 ms
Execution time: 4559.053 ms
