Aggregate  (cost=658294.25..658294.26 rows=1 width=64) (actual time=10376.976..10376.976 rows=1 loops=1)
  ->  Hash Join  (cost=591882.09..623844.56 rows=6889938 width=33) (actual time=8647.137..9448.492 rows=2487611 loops=1)
        Hash Cond: (a1.person_id = n1.id)
        ->  Seq Scan on aka_name a1  (cost=0.00..20409.43 rows=901343 width=20) (actual time=0.010..127.956 rows=901343 loops=1)
        ->  Hash  (cost=557668.67..557668.67 rows=2737074 width=25) (actual time=8636.757..8636.757 rows=1970658 loops=1)
              Buckets: 4194304  Batches: 1  Memory Usage: 145567kB
              ->  Hash Join  (cost=350794.94..557668.67 rows=2737074 width=25) (actual time=5076.993..8110.835 rows=1970658 loops=1)
                    Hash Cond: (ci.person_id = n1.id)
                    ->  Hash Join  (cost=201412.09..373730.26 rows=2737074 width=21) (actual time=3240.891..5626.080 rows=1970658 loops=1)
                          Hash Cond: (ci.movie_id = t.id)
                          ->  Nested Loop  (cost=0.56..149719.04 rows=3020077 width=8) (actual time=0.076..1195.760 rows=2728943 loops=1)
                                ->  Seq Scan on role_type rt  (cost=0.00..1.15 rows=1 width=4) (actual time=0.012..0.021 rows=1 loops=1)
                                      Filter: ((role)::text = 'writer'::text)
                                      Rows Removed by Filter: 11
                                ->  Index Scan using role_id_cast_info on cast_info ci  (cost=0.56..116771.59 rows=3294630 width=12) (actual time=0.058..753.955 rows=2728943 loops=1)
                                      Index Cond: (role_id = rt.id)
                          ->  Hash  (cost=189613.95..189613.95 rows=943806 width=25) (actual time=3237.600..3237.600 rows=1153798 loops=1)
                                Buckets: 2097152 (originally 1048576)  Batches: 1 (originally 1)  Memory Usage: 84892kB
                                ->  Hash Join  (cost=99876.95..189613.95 rows=943806 width=25) (actual time=1376.831..2835.713 rows=1153798 loops=1)
                                      Hash Cond: (mc.movie_id = t.id)
                                      ->  Hash Join  (cost=6995.04..84816.48 rows=943806 width=4) (actual time=70.890..1013.663 rows=1153798 loops=1)
                                            Hash Cond: (mc.company_id = cn.id)
                                            ->  Seq Scan on movie_companies mc  (cost=0.00..44881.29 rows=2609129 width=8) (actual time=0.011..345.136 rows=2609129 loops=1)
                                            ->  Hash  (cost=5932.46..5932.46 rows=85006 width=4) (actual time=70.240..70.240 rows=84843 loops=1)
                                                  Buckets: 131072  Batches: 1  Memory Usage: 4007kB
                                                  ->  Seq Scan on company_name cn  (cost=0.00..5932.46 rows=85006 width=4) (actual time=0.010..53.856 rows=84843 loops=1)
                                                        Filter: ((country_code)::text = '[us]'::text)
                                                        Rows Removed by Filter: 150154
                                      ->  Hash  (cost=61279.74..61279.74 rows=2528174 width=21) (actual time=1295.475..1295.475 rows=2528312 loops=1)
                                            Buckets: 4194304  Batches: 1  Memory Usage: 168637kB
                                            ->  Seq Scan on title t  (cost=0.00..61279.74 rows=2528174 width=21) (actual time=0.031..535.703 rows=2528312 loops=1)
                    ->  Hash  (cost=97288.49..97288.49 rows=4167549 width=4) (actual time=1825.613..1825.613 rows=4167491 loops=1)
                          Buckets: 4194304  Batches: 1  Memory Usage: 179282kB
                          ->  Seq Scan on name n1  (cost=0.00..97288.49 rows=4167549 width=4) (actual time=0.040..791.757 rows=4167491 loops=1)
Planning time: 3.297 ms
Execution time: 10380.666 ms
