Aggregate  (cost=179764.59..179764.60 rows=1 width=96) (actual time=2634.632..2634.632 rows=1 loops=1)
  ->  Nested Loop  (cost=31679.65..179764.53 rows=9 width=49) (actual time=870.923..2634.411 rows=121 loops=1)
        ->  Nested Loop  (cost=31679.22..179752.28 rows=18 width=37) (actual time=855.651..2403.725 rows=127 loops=1)
              ->  Nested Loop  (cost=31678.79..179725.38 rows=40 width=28) (actual time=851.626..2401.598 rows=359 loops=1)
                    ->  Nested Loop  (cost=31678.38..179670.24 rows=112 width=32) (actual time=851.608..2400.019 rows=373 loops=1)
                          ->  Hash Join  (cost=31677.94..179401.88 rows=395 width=24) (actual time=850.944..2394.828 rows=425 loops=1)
                                Hash Cond: (ci.role_id = rt.id)
                                ->  Nested Loop  (cost=31676.78..179344.34 rows=4743 width=28) (actual time=850.921..2394.563 rows=425 loops=1)
                                      Join Filter: (n.id = ci.person_id)
                                      ->  Hash Join  (cost=31676.22..151287.36 rows=2076 width=24) (actual time=835.782..1409.397 rows=1558 loops=1)
                                            Hash Cond: (n.id = an.person_id)
                                            ->  Seq Scan on name n  (cost=0.00..118126.24 rows=9601 width=4) (actual time=422.372..992.427 rows=6768 loops=1)
                                                  Filter: ((name ~~ '%Ang%'::text) AND ((gender)::text = 'f'::text))
                                                  Rows Removed by Filter: 4160723
                                            ->  Hash  (cost=20409.43..20409.43 rows=901343 width=20) (actual time=409.070..409.070 rows=901343 loops=1)
                                                  Buckets: 1048576  Batches: 1  Memory Usage: 55917kB
                                                  ->  Seq Scan on aka_name an  (cost=0.00..20409.43 rows=901343 width=20) (actual time=0.012..181.473 rows=901343 loops=1)
                                      ->  Index Scan using person_id_cast_info on cast_info ci  (cost=0.56..13.38 rows=11 width=16) (actual time=0.628..0.631 rows=0 loops=1558)
                                            Index Cond: (person_id = an.person_id)
                                            Filter: (note = ANY ('{(voice),"(voice: Japanese version)","(voice) (uncredited)","(voice: English version)"}'::text[]))
                                            Rows Removed by Filter: 44
                                ->  Hash  (cost=1.15..1.15 rows=1 width=4) (actual time=0.016..0.016 rows=1 loops=1)
                                      Buckets: 1024  Batches: 1  Memory Usage: 9kB
                                      ->  Seq Scan on role_type rt  (cost=0.00..1.15 rows=1 width=4) (actual time=0.011..0.013 rows=1 loops=1)
                                            Filter: ((role)::text = 'actress'::text)
                                            Rows Removed by Filter: 11
                          ->  Index Scan using movie_id_movie_companies on movie_companies mc  (cost=0.43..0.67 rows=1 width=8) (actual time=0.009..0.011 rows=1 loops=425)
                                Index Cond: (movie_id = ci.movie_id)
                                Filter: ((note IS NOT NULL) AND ((note ~~ '%(USA)%'::text) OR (note ~~ '%(worldwide)%'::text)))
                                Rows Removed by Filter: 4
                    ->  Index Scan using company_name_pkey on company_name cn  (cost=0.42..0.49 rows=1 width=4) (actual time=0.004..0.004 rows=1 loops=373)
                          Index Cond: (id = mc.company_id)
                          Filter: ((country_code)::text = '[us]'::text)
                          Rows Removed by Filter: 0
              ->  Index Scan using title_pkey on title t  (cost=0.43..0.67 rows=1 width=21) (actual time=0.005..0.005 rows=0 loops=359)
                    Index Cond: (id = ci.movie_id)
                    Filter: ((production_year >= 2005) AND (production_year <= 2015))
                    Rows Removed by Filter: 1
        ->  Index Scan using char_name_pkey on char_name chn  (cost=0.43..0.68 rows=1 width=20) (actual time=1.816..1.816 rows=1 loops=127)
              Index Cond: (id = ci.person_role_id)
Planning time: 5.249 ms
Execution time: 2634.998 ms
