Aggregate  (cost=169993.02..169993.03 rows=1 width=128) (actual time=4238.132..4238.132 rows=1 loops=1)
  ->  Nested Loop  (cost=3.13..169993.01 rows=1 width=64) (actual time=295.831..4237.998 rows=40 loops=1)
        Join Filter: (n.id = an.person_id)
        ->  Nested Loop  (cost=2.71..169992.44 rows=1 width=56) (actual time=168.440..4237.655 rows=30 loops=1)
              ->  Nested Loop  (cost=2.27..169991.70 rows=1 width=44) (actual time=167.798..4207.776 rows=30 loops=1)
                    ->  Nested Loop  (cost=1.85..169990.51 rows=2 width=48) (actual time=167.779..4207.504 rows=31 loops=1)
                          ->  Nested Loop  (cost=1.42..169981.81 rows=12 width=39) (actual time=167.173..4206.632 rows=87 loops=1)
                                ->  Nested Loop  (cost=0.99..165371.31 rows=5235 width=20) (actual time=16.467..4076.841 rows=29100 loops=1)
                                      ->  Nested Loop  (cost=0.56..125610.04 rows=55066 width=12) (actual time=16.013..3176.749 rows=222686 loops=1)
                                            ->  Seq Scan on role_type rt  (cost=0.00..1.15 rows=1 width=4) (actual time=0.007..0.019 rows=1 loops=1)
                                                  Filter: ((role)::text = 'actress'::text)
                                                  Rows Removed by Filter: 11
                                            ->  Index Scan using role_id_cast_info on cast_info ci  (cost=0.56..125008.17 rows=60072 width=16) (actual time=16.001..3138.390 rows=222686 loops=1)
                                                  Index Cond: (role_id = rt.id)
                                                  Filter: (note = '(voice)'::text)
                                                  Rows Removed by Filter: 7229287
                                      ->  Index Scan using movie_id_movie_companies on movie_companies mc  (cost=0.43..0.71 rows=1 width=8) (actual time=0.003..0.004 rows=0 loops=222686)
                                            Index Cond: (movie_id = ci.movie_id)
                                            Filter: ((note ~~ '%(200%)%'::text) AND ((note ~~ '%(USA)%'::text) OR (note ~~ '%(worldwide)%'::text)))
                                            Rows Removed by Filter: 2
                                ->  Index Scan using name_pkey on name n  (cost=0.43..0.88 rows=1 width=19) (actual time=0.004..0.004 rows=0 loops=29100)
                                      Index Cond: (id = ci.person_id)
                                      Filter: ((name ~~ '%Angel%'::text) AND ((gender)::text = 'f'::text))
                                      Rows Removed by Filter: 1
                          ->  Index Scan using title_pkey on title t  (cost=0.43..0.72 rows=1 width=21) (actual time=0.009..0.009 rows=0 loops=87)
                                Index Cond: (id = ci.movie_id)
                                Filter: ((production_year >= 2007) AND (production_year <= 2010))
                                Rows Removed by Filter: 1
                    ->  Index Scan using company_name_pkey on company_name cn  (cost=0.42..0.60 rows=1 width=4) (actual time=0.007..0.007 rows=1 loops=31)
                          Index Cond: (id = mc.company_id)
                          Filter: ((country_code)::text = '[us]'::text)
                          Rows Removed by Filter: 0
              ->  Index Scan using char_name_pkey on char_name chn  (cost=0.43..0.74 rows=1 width=20) (actual time=0.994..0.994 rows=1 loops=30)
                    Index Cond: (id = ci.person_role_id)
        ->  Index Scan using person_id_aka_name on aka_name an  (cost=0.42..0.54 rows=2 width=20) (actual time=0.009..0.009 rows=1 loops=30)
              Index Cond: (person_id = ci.person_id)
Planning time: 5.269 ms
Execution time: 4238.227 ms
