Aggregate  (cost=190339.39..190339.40 rows=1 width=128) (actual time=3055.625..3055.625 rows=1 loops=1)
  ->  Nested Loop  (cost=3.13..190328.96 rows=1043 width=64) (actual time=30.871..3047.796 rows=8144 loops=1)
        Join Filter: (n.id = an.person_id)
        ->  Nested Loop  (cost=2.71..190100.08 rows=414 width=56) (actual time=8.026..3029.405 rows=4503 loops=1)
              Join Filter: (ci.movie_id = t.id)
              ->  Nested Loop  (cost=2.27..189881.09 rows=414 width=47) (actual time=8.009..3002.339 rows=4503 loops=1)
                    ->  Nested Loop  (cost=1.85..189370.09 rows=1146 width=51) (actual time=8.002..2946.598 rows=12383 loops=1)
                          ->  Nested Loop  (cost=1.42..189052.75 rows=457 width=43) (actual time=7.987..2905.643 rows=5686 loops=1)
                                ->  Nested Loop  (cost=0.99..188408.25 rows=947 width=31) (actual time=7.980..2868.343 rows=6552 loops=1)
                                      ->  Nested Loop  (cost=0.56..133989.38 rows=68153 width=12) (actual time=0.217..2086.834 rows=276166 loops=1)
                                            ->  Seq Scan on role_type rt  (cost=0.00..1.15 rows=1 width=4) (actual time=0.008..0.012 rows=1 loops=1)
                                                  Filter: ((role)::text = 'actress'::text)
                                                  Rows Removed by Filter: 11
                                            ->  Index Scan using role_id_cast_info on cast_info ci  (cost=0.56..133244.74 rows=74349 width=16) (actual time=0.208..2037.738 rows=276166 loops=1)
                                                  Index Cond: (role_id = rt.id)
                                                  Filter: (note = ANY ('{(voice),"(voice: Japanese version)","(voice) (uncredited)","(voice: English version)"}'::text[]))
                                                  Rows Removed by Filter: 7175807
                                      ->  Index Scan using name_pkey on name n  (cost=0.43..0.80 rows=1 width=19) (actual time=0.003..0.003 rows=0 loops=276166)
                                            Index Cond: (id = ci.person_id)
                                            Filter: ((name ~~ '%An%'::text) AND ((gender)::text = 'f'::text))
                                            Rows Removed by Filter: 1
                                ->  Index Scan using char_name_pkey on char_name chn  (cost=0.43..0.68 rows=1 width=20) (actual time=0.005..0.005 rows=1 loops=6552)
                                      Index Cond: (id = ci.person_role_id)
                          ->  Index Scan using movie_id_movie_companies on movie_companies mc  (cost=0.43..0.64 rows=5 width=8) (actual time=0.005..0.006 rows=2 loops=5686)
                                Index Cond: (movie_id = ci.movie_id)
                    ->  Index Scan using company_name_pkey on company_name cn  (cost=0.42..0.45 rows=1 width=4) (actual time=0.004..0.004 rows=0 loops=12383)
                          Index Cond: (id = mc.company_id)
                          Filter: ((country_code)::text = '[us]'::text)
                          Rows Removed by Filter: 1
              ->  Index Scan using title_pkey on title t  (cost=0.43..0.52 rows=1 width=21) (actual time=0.005..0.005 rows=1 loops=4503)
                    Index Cond: (id = mc.movie_id)
        ->  Index Scan using person_id_aka_name on aka_name an  (cost=0.42..0.53 rows=2 width=20) (actual time=0.003..0.003 rows=2 loops=4503)
              Index Cond: (person_id = ci.person_id)
Planning time: 5.845 ms
Execution time: 3055.720 ms
