Aggregate  (cost=220055.50..220055.51 rows=1 width=128) (actual time=11284.786..11284.786 rows=1 loops=1)
  ->  Nested Loop  (cost=3.13..219883.13 rows=17237 width=64) (actual time=1.923..10863.672 rows=483082 loops=1)
        ->  Nested Loop  (cost=2.71..216199.69 rows=6847 width=56) (actual time=1.905..10155.138 rows=173567 loops=1)
              Join Filter: (ci.movie_id = t.id)
              ->  Nested Loop  (cost=2.27..212577.81 rows=6847 width=47) (actual time=1.887..9287.104 rows=173567 loops=1)
                    ->  Nested Loop  (cost=1.85..204137.05 rows=18930 width=51) (actual time=0.597..7825.199 rows=426400 loops=1)
                          ->  Nested Loop  (cost=1.42..198890.13 rows=7556 width=43) (actual time=0.582..6596.972 rows=255493 loops=1)
                                ->  Nested Loop  (cost=0.99..188237.87 rows=15652 width=31) (actual time=0.221..3116.006 rows=276005 loops=1)
                                      ->  Nested Loop  (cost=0.56..133989.38 rows=68153 width=12) (actual time=0.207..2195.674 rows=276166 loops=1)
                                            ->  Seq Scan on role_type rt  (cost=0.00..1.15 rows=1 width=4) (actual time=0.008..0.018 rows=1 loops=1)
                                                  Filter: ((role)::text = 'actress'::text)
                                                  Rows Removed by Filter: 11
                                            ->  Index Scan using role_id_cast_info on cast_info ci  (cost=0.56..133244.74 rows=74349 width=16) (actual time=0.197..2142.431 rows=276166 loops=1)
                                                  Index Cond: (role_id = rt.id)
                                                  Filter: (note = ANY ('{(voice),"(voice: Japanese version)","(voice) (uncredited)","(voice: English version)"}'::text[]))
                                                  Rows Removed by Filter: 7175807
                                      ->  Index Scan using name_pkey on name n  (cost=0.43..0.80 rows=1 width=19) (actual time=0.003..0.003 rows=1 loops=276166)
                                            Index Cond: (id = ci.person_id)
                                            Filter: ((gender)::text = 'f'::text)
                                            Rows Removed by Filter: 0
                                ->  Index Scan using char_name_pkey on char_name chn  (cost=0.43..0.68 rows=1 width=20) (actual time=0.012..0.012 rows=1 loops=276005)
                                      Index Cond: (id = ci.person_role_id)
                          ->  Index Scan using movie_id_movie_companies on movie_companies mc  (cost=0.43..0.64 rows=5 width=8) (actual time=0.003..0.004 rows=2 loops=255493)
                                Index Cond: (movie_id = ci.movie_id)
                    ->  Index Scan using company_name_pkey on company_name cn  (cost=0.42..0.45 rows=1 width=4) (actual time=0.003..0.003 rows=0 loops=426400)
                          Index Cond: (id = mc.company_id)
                          Filter: ((country_code)::text = '[us]'::text)
                          Rows Removed by Filter: 1
              ->  Index Scan using title_pkey on title t  (cost=0.43..0.52 rows=1 width=21) (actual time=0.004..0.004 rows=1 loops=173567)
                    Index Cond: (id = mc.movie_id)
        ->  Index Scan using person_id_aka_name on aka_name an  (cost=0.42..0.52 rows=2 width=20) (actual time=0.002..0.003 rows=3 loops=173567)
              Index Cond: (person_id = n.id)
Planning time: 5.222 ms
Execution time: 11284.874 ms
