Aggregate  (cost=4329.55..4329.56 rows=1 width=96) (actual time=26.942..26.942 rows=1 loops=1)
  ->  Nested Loop  (cost=3902.34..4329.45 rows=14 width=48) (actual time=21.938..26.834 rows=310 loops=1)
        ->  Nested Loop  (cost=3901.92..4319.85 rows=21 width=33) (actual time=21.760..25.627 rows=664 loops=1)
              Join Filter: (ml.movie_id = t.id)
              ->  Hash Join  (cost=3901.49..4290.57 rows=58 width=28) (actual time=21.665..24.044 rows=962 loops=1)
                    Hash Cond: (mc.company_type_id = ct.id)
                    ->  Nested Loop  (cost=3900.43..4278.88 rows=1021 width=32) (actual time=21.653..23.800 rows=1021 loops=1)
                          Join Filter: (ml.movie_id = mc.movie_id)
                          ->  Hash Join  (cost=3900.00..4163.87 rows=199 width=20) (actual time=21.637..22.922 rows=199 loops=1)
                                Hash Cond: (ml.movie_id = mk.movie_id)
                                ->  Nested Loop  (cost=38.82..245.23 rows=2315 width=16) (actual time=0.061..1.019 rows=2315 loops=1)
                                      ->  Seq Scan on link_type lt  (cost=0.00..1.23 rows=1 width=16) (actual time=0.002..0.006 rows=2 loops=1)
                                            Filter: ((link)::text ~~ '%follow%'::text)
                                            Rows Removed by Filter: 16
                                      ->  Bitmap Heap Scan on movie_link ml  (cost=38.82..225.26 rows=1875 width=8) (actual time=0.058..0.319 rows=1158 loops=2)
                                            Recheck Cond: (link_type_id = lt.id)
                                            Heap Blocks: exact=191
                                            ->  Bitmap Index Scan on link_type_id_movie_link  (cost=0.00..38.35 rows=1875 width=0) (actual time=0.045..0.045 rows=1158 loops=2)
                                                  Index Cond: (link_type_id = lt.id)
                                ->  Hash  (cost=3729.38..3729.38 rows=10544 width=4) (actual time=21.551..21.551 rows=10544 loops=1)
                                      Buckets: 16384  Batches: 1  Memory Usage: 499kB
                                      ->  Nested Loop  (cost=6.74..3729.38 rows=10544 width=4) (actual time=2.080..19.814 rows=10544 loops=1)
                                            ->  Seq Scan on keyword k  (cost=0.00..2626.12 rows=1 width=4) (actual time=0.516..8.391 rows=1 loops=1)
                                                  Filter: (keyword = 'sequel'::text)
                                                  Rows Removed by Filter: 134169
                                            ->  Bitmap Heap Scan on movie_keyword mk  (cost=6.74..1100.27 rows=298 width=8) (actual time=1.564..9.646 rows=10544 loops=1)
                                                  Recheck Cond: (keyword_id = k.id)
                                                  Heap Blocks: exact=5570
                                                  ->  Bitmap Index Scan on keyword_id_movie_keyword  (cost=0.00..6.67 rows=298 width=0) (actual time=0.840..0.840 rows=10544 loops=1)
                                                        Index Cond: (keyword_id = k.id)
                          ->  Index Scan using movie_id_movie_companies on movie_companies mc  (cost=0.43..0.54 rows=3 width=12) (actual time=0.002..0.003 rows=5 loops=199)
                                Index Cond: (movie_id = mk.movie_id)
                                Filter: (note IS NULL)
                                Rows Removed by Filter: 2
                    ->  Hash  (cost=1.05..1.05 rows=1 width=4) (actual time=0.006..0.006 rows=1 loops=1)
                          Buckets: 1024  Batches: 1  Memory Usage: 9kB
                          ->  Seq Scan on company_type ct  (cost=0.00..1.05 rows=1 width=4) (actual time=0.004..0.004 rows=1 loops=1)
                                Filter: ((kind)::text = 'production companies'::text)
                                Rows Removed by Filter: 3
              ->  Index Scan using title_pkey on title t  (cost=0.43..0.49 rows=1 width=21) (actual time=0.001..0.001 rows=1 loops=962)
                    Index Cond: (id = mk.movie_id)
                    Filter: ((production_year >= 1950) AND (production_year <= 2000))
                    Rows Removed by Filter: 0
        ->  Index Scan using company_name_pkey on company_name cn  (cost=0.42..0.46 rows=1 width=23) (actual time=0.002..0.002 rows=0 loops=664)
              Index Cond: (id = mc.company_id)
              Filter: (((country_code)::text <> '[pl]'::text) AND ((name ~~ '%Film%'::text) OR (name ~~ '%Warner%'::text)))
              Rows Removed by Filter: 1
Planning time: 3.340 ms
Execution time: 27.015 ms
