Aggregate  (cost=4182.32..4182.33 rows=1 width=96) (actual time=22.536..22.536 rows=1 loops=1)
  ->  Hash Join  (cost=3902.34..4182.31 rows=1 width=48) (actual time=22.239..22.522 rows=14 loops=1)
        Hash Cond: (mc.company_type_id = ct.id)
        ->  Nested Loop  (cost=3901.28..4181.10 rows=14 width=52) (actual time=22.227..22.507 rows=14 loops=1)
              ->  Nested Loop  (cost=3900.86..4171.50 rows=21 width=37) (actual time=22.218..22.456 rows=21 loops=1)
                    Join Filter: (ml.movie_id = mc.movie_id)
                    ->  Nested Loop  (cost=3900.43..4167.46 rows=7 width=41) (actual time=22.208..22.424 rows=7 loops=1)
                          Join Filter: (ml.movie_id = t.id)
                          ->  Hash Join  (cost=3900.00..4135.15 rows=64 width=20) (actual time=21.596..22.254 rows=64 loops=1)
                                Hash Cond: (ml.movie_id = mk.movie_id)
                                ->  Nested Loop  (cost=38.82..245.23 rows=1158 width=16) (actual time=0.062..0.535 rows=1158 loops=1)
                                      ->  Seq Scan on link_type lt  (cost=0.00..1.23 rows=1 width=16) (actual time=0.002..0.005 rows=1 loops=1)
                                            Filter: ((link)::text ~~ '%follows%'::text)
                                            Rows Removed by Filter: 17
                                      ->  Bitmap Heap Scan on movie_link ml  (cost=38.82..225.26 rows=1875 width=8) (actual time=0.060..0.348 rows=1158 loops=1)
                                            Recheck Cond: (link_type_id = lt.id)
                                            Heap Blocks: exact=95
                                            ->  Bitmap Index Scan on link_type_id_movie_link  (cost=0.00..38.35 rows=1875 width=0) (actual time=0.047..0.047 rows=1158 loops=1)
                                                  Index Cond: (link_type_id = lt.id)
                                ->  Hash  (cost=3729.38..3729.38 rows=10544 width=4) (actual time=21.509..21.509 rows=10544 loops=1)
                                      Buckets: 16384  Batches: 1  Memory Usage: 499kB
                                      ->  Nested Loop  (cost=6.74..3729.38 rows=10544 width=4) (actual time=2.051..19.769 rows=10544 loops=1)
                                            ->  Seq Scan on keyword k  (cost=0.00..2626.12 rows=1 width=4) (actual time=0.513..8.360 rows=1 loops=1)
                                                  Filter: (keyword = 'sequel'::text)
                                                  Rows Removed by Filter: 134169
                                            ->  Bitmap Heap Scan on movie_keyword mk  (cost=6.74..1100.27 rows=298 width=8) (actual time=1.537..9.626 rows=10544 loops=1)
                                                  Recheck Cond: (keyword_id = k.id)
                                                  Heap Blocks: exact=5570
                                                  ->  Bitmap Index Scan on keyword_id_movie_keyword  (cost=0.00..6.67 rows=298 width=0) (actual time=0.813..0.813 rows=10544 loops=1)
                                                        Index Cond: (keyword_id = k.id)
                          ->  Index Scan using title_pkey on title t  (cost=0.43..0.49 rows=1 width=21) (actual time=0.002..0.002 rows=0 loops=64)
                                Index Cond: (id = mk.movie_id)
                                Filter: ((title ~~ '%Money%'::text) AND (production_year = 1998))
                                Rows Removed by Filter: 1
                    ->  Index Scan using movie_id_movie_companies on movie_companies mc  (cost=0.43..0.54 rows=3 width=12) (actual time=0.003..0.003 rows=3 loops=7)
                          Index Cond: (movie_id = mk.movie_id)
                          Filter: (note IS NULL)
                          Rows Removed by Filter: 1
              ->  Index Scan using company_name_pkey on company_name cn  (cost=0.42..0.46 rows=1 width=23) (actual time=0.002..0.002 rows=1 loops=21)
                    Index Cond: (id = mc.company_id)
                    Filter: (((country_code)::text <> '[pl]'::text) AND ((name ~~ '%Film%'::text) OR (name ~~ '%Warner%'::text)))
                    Rows Removed by Filter: 0
        ->  Hash  (cost=1.05..1.05 rows=1 width=4) (actual time=0.006..0.006 rows=1 loops=1)
              Buckets: 1024  Batches: 1  Memory Usage: 9kB
              ->  Seq Scan on company_type ct  (cost=0.00..1.05 rows=1 width=4) (actual time=0.003..0.004 rows=1 loops=1)
                    Filter: ((kind)::text = 'production companies'::text)
                    Rows Removed by Filter: 3
Planning time: 3.494 ms
Execution time: 22.615 ms
