Aggregate  (cost=214253.47..214253.48 rows=1 width=96) (actual time=1629.853..1629.854 rows=1 loops=1)
  ->  Nested Loop  (cost=99141.73..214251.99 rows=198 width=42) (actual time=763.781..1627.699 rows=4711 loops=1)
        Join Filter: (mi.info_type_id = it1.id)
        ->  Seq Scan on info_type it1  (cost=0.00..2.41 rows=1 width=4) (actual time=0.005..0.013 rows=1 loops=1)
              Filter: ((info)::text = 'genres'::text)
              Rows Removed by Filter: 112
        ->  Nested Loop  (cost=99141.73..214248.39 rows=95 width=46) (actual time=763.774..1626.709 rows=4711 loops=1)
              Join Filter: (t.id = mi.movie_id)
              ->  Hash Join  (cost=99141.29..150618.25 rows=37859 width=54) (actual time=763.165..1164.605 rows=42332 loops=1)
                    Hash Cond: (mc.company_id = cn.id)
                    ->  Hash Join  (cost=92139.21..142751.78 rows=68466 width=39) (actual time=707.166..1087.143 rows=68466 loops=1)
                          Hash Cond: (mc.company_type_id = ct.id)
                          ->  Nested Loop  (cost=92138.14..140990.42 rows=169157 width=43) (actual time=707.141..1058.736 rows=169157 loops=1)
                                ->  Hash Join  (cost=92137.71..106129.23 rows=52304 width=31) (actual time=707.124..885.037 rows=52304 loops=1)
                                      Hash Cond: (mi_idx.movie_id = t.id)
                                      ->  Nested Loop  (cost=5111.96..17568.63 rows=121572 width=10) (actual time=16.971..140.814 rows=121572 loops=1)
                                            ->  Seq Scan on info_type it2  (cost=0.00..2.41 rows=1 width=4) (actual time=0.010..0.013 rows=1 loops=1)
                                                  Filter: ((info)::text = 'rating'::text)
                                                  Rows Removed by Filter: 112
                                            ->  Bitmap Heap Scan on movie_info_idx mi_idx  (cost=5111.96..17187.06 rows=37915 width=14) (actual time=16.957..122.406 rows=121572 loops=1)
                                                  Recheck Cond: (info_type_id = it2.id)
                                                  Filter: (info > '7.0'::text)
                                                  Rows Removed by Filter: 338353
                                                  Heap Blocks: exact=7934
                                                  ->  Bitmap Index Scan on info_type_id_movie_info_idx  (cost=0.00..5102.48 rows=276007 width=0) (actual time=15.810..15.810 rows=459925 loops=1)
                                                        Index Cond: (info_type_id = it2.id)
                                      ->  Hash  (cost=73922.68..73922.68 rows=1048246 width=21) (actual time=687.701..687.701 rows=1042800 loops=1)
                                            Buckets: 1048576  Batches: 1  Memory Usage: 63852kB
                                            ->  Seq Scan on title t  (cost=0.00..73922.68 rows=1048246 width=21) (actual time=0.009..405.889 rows=1042800 loops=1)
                                                  Filter: ((production_year >= 2000) AND (production_year <= 2010))
                                                  Rows Removed by Filter: 1485512
                                ->  Index Scan using movie_id_movie_companies on movie_companies mc  (cost=0.43..0.62 rows=5 width=12) (actual time=0.002..0.002 rows=3 loops=52304)
                                      Index Cond: (movie_id = t.id)
                          ->  Hash  (cost=1.05..1.05 rows=1 width=4) (actual time=0.009..0.009 rows=1 loops=1)
                                Buckets: 1024  Batches: 1  Memory Usage: 9kB
                                ->  Seq Scan on company_type ct  (cost=0.00..1.05 rows=1 width=4) (actual time=0.006..0.006 rows=1 loops=1)
                                      Filter: ((kind)::text = 'production companies'::text)
                                      Rows Removed by Filter: 3
                    ->  Hash  (cost=5932.46..5932.46 rows=85570 width=23) (actual time=55.550..55.550 rows=84843 loops=1)
                          Buckets: 131072  Batches: 1  Memory Usage: 5810kB
                          ->  Seq Scan on company_name cn  (cost=0.00..5932.46 rows=85570 width=23) (actual time=0.004..35.278 rows=84843 loops=1)
                                Filter: ((country_code)::text = '[us]'::text)
                                Rows Removed by Filter: 150154
              ->  Index Scan using movie_id_movie_info on movie_info mi  (cost=0.43..1.67 rows=1 width=8) (actual time=0.011..0.011 rows=0 loops=42332)
                    Index Cond: (movie_id = mc.movie_id)
                    Filter: (info = ANY ('{Drama,Horror,Western,Family}'::text[]))
                    Rows Removed by Filter: 29
Planning time: 3.422 ms
Execution time: 1630.188 ms
