Aggregate  (cost=104097.36..104097.37 rows=1 width=96) (actual time=1230.522..1230.522 rows=1 loops=1)
  ->  Nested Loop  (cost=6050.72..104097.08 rows=37 width=65) (actual time=303.229..1196.705 rows=111101 loops=1)
        Join Filter: (mi.info_type_id = it2.id)
        Rows Removed by Join Filter: 405226
        ->  Seq Scan on info_type it2  (cost=0.00..2.41 rows=1 width=4) (actual time=0.008..0.015 rows=1 loops=1)
              Filter: ((info)::text = 'release dates'::text)
              Rows Removed by Filter: 112
        ->  Nested Loop  (cost=6050.72..104042.91 rows=4141 width=69) (actual time=303.214..1145.371 rows=516327 loops=1)
              ->  Hash Join  (cost=6050.29..103799.98 rows=129 width=35) (actual time=303.202..869.327 rows=16470 loops=1)
                    Hash Cond: (t.kind_id = kt.id)
                    ->  Nested Loop  (cost=6049.19..103788.63 rows=903 width=39) (actual time=25.598..862.775 rows=31510 loops=1)
                          ->  Nested Loop  (cost=6048.76..103322.25 rows=903 width=14) (actual time=25.590..788.571 rows=31510 loops=1)
                                Join Filter: (miidx.info_type_id = it.id)
                                Rows Removed by Join Filter: 63058
                                ->  Seq Scan on info_type it  (cost=0.00..2.41 rows=1 width=4) (actual time=0.007..0.009 rows=1 loops=1)
                                      Filter: ((info)::text = 'rating'::text)
                                      Rows Removed by Filter: 112
                                ->  Nested Loop  (cost=6048.76..102044.08 rows=102061 width=18) (actual time=25.580..776.703 rows=94568 loops=1)
                                      ->  Hash Join  (cost=6048.33..82491.73 rows=37033 width=4) (actual time=25.397..634.120 rows=71294 loops=1)
                                            Hash Cond: (mc.company_id = cn.id)
                                            ->  Nested Loop  (cost=0.43..59590.99 rows=1334883 width=8) (actual time=0.015..431.341 rows=1334883 loops=1)
                                                  ->  Seq Scan on company_type ct  (cost=0.00..1.05 rows=1 width=4) (actual time=0.002..0.005 rows=1 loops=1)
                                                        Filter: ((kind)::text = 'production companies'::text)
                                                        Rows Removed by Filter: 3
                                                  ->  Index Scan using company_type_id_movie_companies on movie_companies mc  (cost=0.43..46544.30 rows=1304564 width=12) (actual time=0.013..220.741 rows=1334883 loops=1)
                                                        Index Cond: (company_type_id = ct.id)
                                            ->  Hash  (cost=5932.46..5932.46 rows=9235 width=4) (actual time=25.218..25.218 rows=9775 loops=1)
                                                  Buckets: 16384  Batches: 1  Memory Usage: 472kB
                                                  ->  Seq Scan on company_name cn  (cost=0.00..5932.46 rows=9235 width=4) (actual time=0.003..23.613 rows=9775 loops=1)
                                                        Filter: ((country_code)::text = '[de]'::text)
                                                        Rows Removed by Filter: 225222
                                      ->  Index Scan using movie_id_movie_info_idx on movie_info_idx miidx  (cost=0.43..0.50 rows=3 width=14) (actual time=0.001..0.002 rows=1 loops=71294)
                                            Index Cond: (movie_id = mc.movie_id)
                          ->  Index Scan using title_pkey on title t  (cost=0.43..0.52 rows=1 width=25) (actual time=0.002..0.002 rows=1 loops=31510)
                                Index Cond: (id = mc.movie_id)
                    ->  Hash  (cost=1.09..1.09 rows=1 width=4) (actual time=0.004..0.004 rows=1 loops=1)
                          Buckets: 1024  Batches: 1  Memory Usage: 9kB
                          ->  Seq Scan on kind_type kt  (cost=0.00..1.09 rows=1 width=4) (actual time=0.002..0.003 rows=1 loops=1)
                                Filter: ((kind)::text = 'movie'::text)
                                Rows Removed by Filter: 6
              ->  Index Scan using movie_id_movie_info on movie_info mi  (cost=0.43..1.47 rows=41 width=50) (actual time=0.002..0.011 rows=31 loops=16470)
                    Index Cond: (movie_id = t.id)
Planning time: 4.933 ms
Execution time: 1230.596 ms
