Aggregate  (cost=100056.66..100056.67 rows=1 width=64) (actual time=602.351..602.351 rows=1 loops=1)
  ->  Nested Loop  (cost=7005.46..100056.57 rows=18 width=59) (actual time=52.983..602.206 rows=328 loops=1)
        ->  Nested Loop  (cost=7005.04..100048.68 rows=18 width=63) (actual time=52.973..601.481 rows=328 loops=1)
              ->  Nested Loop  (cost=7004.61..100046.88 rows=1 width=75) (actual time=50.593..601.121 rows=57 loops=1)
                    ->  Hash Join  (cost=7004.47..100045.44 rows=7 width=79) (actual time=50.587..600.957 rows=57 loops=1)
                          Hash Cond: (mc.company_type_id = ct.id)
                          ->  Nested Loop  (cost=7003.38..100043.95 rows=39 width=83) (actual time=50.571..600.910 rows=57 loops=1)
                                ->  Nested Loop  (cost=7002.94..90026.79 rows=5134 width=33) (actual time=45.609..496.995 rows=5134 loops=1)
                                      ->  Hash Join  (cost=7002.51..77042.15 rows=13699 width=12) (actual time=45.598..465.266 rows=13699 loops=1)
                                            Hash Cond: (mc.company_id = cn.id)
                                            ->  Nested Loop  (cost=0.42..69775.38 rows=20965 width=16) (actual time=0.045..414.532 rows=20965 loops=1)
                                                  ->  Seq Scan on movie_companies mc  (cost=0.00..57926.93 rows=15589 width=12) (actual time=0.005..325.714 rows=61664 loops=1)
                                                        Filter: ((note ~~ '%(200%)%'::text) AND (note ~~ '%(worldwide)%'::text))
                                                        Rows Removed by Filter: 2547465
                                                  ->  Index Only Scan using movie_id_aka_title on aka_title at  (cost=0.42..0.73 rows=3 width=4) (actual time=0.001..0.001 rows=0 loops=61664)
                                                        Index Cond: (movie_id = mc.movie_id)
                                                        Heap Fetches: 0
                                            ->  Hash  (cost=5932.46..5932.46 rows=85570 width=4) (actual time=45.233..45.233 rows=84843 loops=1)
                                                  Buckets: 131072  Batches: 1  Memory Usage: 4007kB
                                                  ->  Seq Scan on company_name cn  (cost=0.00..5932.46 rows=85570 width=4) (actual time=0.004..32.089 rows=84843 loops=1)
                                                        Filter: ((country_code)::text = '[us]'::text)
                                                        Rows Removed by Filter: 150154
                                      ->  Index Scan using title_pkey on title t  (cost=0.43..0.95 rows=1 width=21) (actual time=0.002..0.002 rows=0 loops=13699)
                                            Index Cond: (id = at.movie_id)
                                            Filter: (production_year > 2000)
                                            Rows Removed by Filter: 1
                                ->  Index Scan using movie_id_movie_info on movie_info mi  (cost=0.43..1.94 rows=1 width=50) (actual time=0.020..0.020 rows=0 loops=5134)
                                      Index Cond: (movie_id = t.id)
                                      Filter: ((note ~~ '%internet%'::text) AND (info ~~ 'USA:% 200%'::text))
                                      Rows Removed by Filter: 72
                          ->  Hash  (cost=1.04..1.04 rows=4 width=4) (actual time=0.009..0.009 rows=4 loops=1)
                                Buckets: 1024  Batches: 1  Memory Usage: 9kB
                                ->  Seq Scan on company_type ct  (cost=0.00..1.04 rows=4 width=4) (actual time=0.006..0.007 rows=4 loops=1)
                    ->  Index Scan using info_type_pkey on info_type it1  (cost=0.14..0.20 rows=1 width=4) (actual time=0.002..0.002 rows=1 loops=57)
                          Index Cond: (id = mi.info_type_id)
                          Filter: ((info)::text = 'release dates'::text)
              ->  Index Scan using movie_id_movie_keyword on movie_keyword mk  (cost=0.43..1.34 rows=46 width=8) (actual time=0.003..0.005 rows=6 loops=57)
                    Index Cond: (movie_id = t.id)
        ->  Index Only Scan using keyword_pkey on keyword k  (cost=0.42..0.44 rows=1 width=4) (actual time=0.002..0.002 rows=1 loops=328)
              Index Cond: (id = mk.keyword_id)
              Heap Fetches: 0
Planning time: 8.086 ms
Execution time: 602.447 ms
