Aggregate  (cost=7194.66..7194.67 rows=1 width=64) (actual time=26.221..26.222 rows=1 loops=1)
  ->  Nested Loop  (cost=2.57..7194.47 rows=37 width=59) (actual time=5.650..26.204 rows=37 loops=1)
        ->  Nested Loop  (cost=2.15..7178.27 rows=37 width=63) (actual time=5.642..26.109 rows=37 loops=1)
              ->  Nested Loop  (cost=1.72..7172.57 rows=3 width=75) (actual time=4.620..26.074 rows=3 loops=1)
                    Join Filter: (mi.info_type_id = it1.id)
                    ->  Seq Scan on info_type it1  (cost=0.00..2.41 rows=1 width=4) (actual time=0.008..0.015 rows=1 loops=1)
                          Filter: ((info)::text = 'release dates'::text)
                          Rows Removed by Filter: 112
                    ->  Nested Loop  (cost=1.72..7170.12 rows=3 width=79) (actual time=4.611..26.056 rows=3 loops=1)
                          Join Filter: (mc.company_type_id = ct.id)
                          ->  Nested Loop  (cost=1.72..7168.93 rows=3 width=83) (actual time=4.602..26.045 rows=3 loops=1)
                                ->  Nested Loop  (cost=1.28..7104.35 rows=26 width=33) (actual time=3.814..25.655 rows=26 loops=1)
                                      ->  Nested Loop  (cost=0.85..7078.69 rows=27 width=12) (actual time=3.805..25.529 rows=27 loops=1)
                                            ->  Nested Loop  (cost=0.43..6867.40 rows=278 width=8) (actual time=3.620..24.927 rows=278 loops=1)
                                                  ->  Seq Scan on company_name cn  (cost=0.00..6519.95 rows=1 width=4) (actual time=3.596..23.575 rows=1 loops=1)
                                                        Filter: (((country_code)::text = '[us]'::text) AND (name = 'YouTube'::text))
                                                        Rows Removed by Filter: 234996
                                                  ->  Index Scan using company_id_movie_companies on movie_companies mc  (cost=0.43..347.43 rows=1 width=12) (actual time=0.021..1.299 rows=278 loops=1)
                                                        Index Cond: (company_id = cn.id)
                                                        Filter: ((note ~~ '%(200%)%'::text) AND (note ~~ '%(worldwide)%'::text))
                                                        Rows Removed by Filter: 1180
                                            ->  Index Only Scan using movie_id_aka_title on aka_title at  (cost=0.42..0.73 rows=3 width=4) (actual time=0.002..0.002 rows=0 loops=278)
                                                  Index Cond: (movie_id = mc.movie_id)
                                                  Heap Fetches: 0
                                      ->  Index Scan using title_pkey on title t  (cost=0.43..0.95 rows=1 width=21) (actual time=0.004..0.004 rows=1 loops=27)
                                            Index Cond: (id = at.movie_id)
                                            Filter: ((production_year >= 2005) AND (production_year <= 2010))
                                            Rows Removed by Filter: 0
                                ->  Index Scan using movie_id_movie_info on movie_info mi  (cost=0.43..2.47 rows=1 width=50) (actual time=0.014..0.015 rows=0 loops=26)
                                      Index Cond: (movie_id = t.id)
                                      Filter: ((note ~~ '%internet%'::text) AND (info ~~ 'USA:% 200%'::text))
                                      Rows Removed by Filter: 19
                          ->  Materialize  (cost=0.00..1.06 rows=4 width=4) (actual time=0.002..0.002 rows=1 loops=3)
                                ->  Seq Scan on company_type ct  (cost=0.00..1.04 rows=4 width=4) (actual time=0.004..0.004 rows=1 loops=1)
              ->  Index Scan using movie_id_movie_keyword on movie_keyword mk  (cost=0.43..1.44 rows=46 width=8) (actual time=0.006..0.009 rows=12 loops=3)
                    Index Cond: (movie_id = t.id)
        ->  Index Only Scan using keyword_pkey on keyword k  (cost=0.42..0.44 rows=1 width=4) (actual time=0.002..0.002 rows=1 loops=37)
              Index Cond: (id = mk.keyword_id)
              Heap Fetches: 0
Planning time: 7.986 ms
Execution time: 26.302 ms
