Aggregate  (cost=185979.33..185979.34 rows=1 width=64) (actual time=498.312..498.312 rows=1 loops=1)
  ->  Nested Loop  (cost=3975.70..185978.64 rows=137 width=59) (actual time=97.590..497.527 rows=2271 loops=1)
        ->  Nested Loop  (cost=3975.28..185918.65 rows=137 width=63) (actual time=97.580..493.512 rows=2271 loops=1)
              ->  Nested Loop  (cost=3974.84..185911.52 rows=4 width=75) (actual time=97.570..491.897 rows=284 loops=1)
                    ->  Nested Loop  (cost=3974.71..185910.94 rows=4 width=79) (actual time=97.564..491.542 rows=284 loops=1)
                          ->  Nested Loop  (cost=3974.29..185905.59 rows=12 width=83) (actual time=97.555..490.142 rows=400 loops=1)
                                ->  Nested Loop  (cost=3973.86..185904.96 rows=1 width=71) (actual time=97.546..489.333 rows=120 loops=1)
                                      ->  Nested Loop  (cost=3973.43..185904.01 rows=1 width=50) (actual time=97.535..488.692 rows=120 loops=1)
                                            ->  Nested Loop  (cost=3973.01..178922.85 rows=1783 width=46) (actual time=96.416..484.929 rows=1783 loops=1)
                                                  ->  Seq Scan on info_type it1  (cost=0.00..2.41 rows=1 width=4) (actual time=0.006..0.015 rows=1 loops=1)
                                                        Filter: ((info)::text = 'release dates'::text)
                                                        Rows Removed by Filter: 112
                                                  ->  Bitmap Heap Scan on movie_info mi  (cost=3973.01..178920.38 rows=5 width=50) (actual time=96.407..484.582 rows=1783 loops=1)
                                                        Recheck Cond: (info_type_id = it1.id)
                                                        Filter: ((info IS NOT NULL) AND (note ~~ '%internet%'::text) AND ((info ~~ 'USA:% 199%'::text) OR (info ~~ 'USA:% 200%'::text)))
                                                        Rows Removed by Filter: 3034936
                                                        Heap Blocks: exact=25448
                                                        ->  Bitmap Index Scan on info_type_id_movie_info  (cost=0.00..3973.01 rows=215010 width=0) (actual time=92.523..92.523 rows=3036719 loops=1)
                                                              Index Cond: (info_type_id = it1.id)
                                            ->  Index Only Scan using movie_id_aka_title on aka_title at  (cost=0.42..3.89 rows=3 width=4) (actual time=0.002..0.002 rows=0 loops=1783)
                                                  Index Cond: (movie_id = mi.movie_id)
                                                  Heap Fetches: 0
                                      ->  Index Scan using title_pkey on title t  (cost=0.43..0.95 rows=1 width=21) (actual time=0.005..0.005 rows=1 loops=120)
                                            Index Cond: (id = at.movie_id)
                                            Filter: (production_year > 1990)
                                ->  Index Scan using movie_id_movie_companies on movie_companies mc  (cost=0.43..0.58 rows=5 width=12) (actual time=0.004..0.005 rows=3 loops=120)
                                      Index Cond: (movie_id = t.id)
                          ->  Index Scan using company_name_pkey on company_name cn  (cost=0.42..0.45 rows=1 width=4) (actual time=0.003..0.003 rows=1 loops=400)
                                Index Cond: (id = mc.company_id)
                                Filter: ((country_code)::text = '[us]'::text)
                                Rows Removed by Filter: 0
                    ->  Index Only Scan using company_type_pkey on company_type ct  (cost=0.13..0.15 rows=1 width=4) (actual time=0.001..0.001 rows=1 loops=284)
                          Index Cond: (id = mc.company_type_id)
                          Heap Fetches: 0
              ->  Index Scan using movie_id_movie_keyword on movie_keyword mk  (cost=0.43..1.32 rows=46 width=8) (actual time=0.002..0.004 rows=8 loops=284)
                    Index Cond: (movie_id = t.id)
        ->  Index Only Scan using keyword_pkey on keyword k  (cost=0.42..0.44 rows=1 width=4) (actual time=0.001..0.001 rows=1 loops=2271)
              Index Cond: (id = mk.keyword_id)
              Heap Fetches: 0
Planning time: 7.975 ms
Execution time: 498.395 ms
