Aggregate  (cost=179011.99..179012.00 rows=1 width=64) (actual time=496.069..496.069 rows=1 loops=1)
  ->  Nested Loop  (cost=3975.70..179011.30 rows=137 width=59) (actual time=98.762..495.288 rows=2271 loops=1)
        ->  Nested Loop  (cost=3975.28..178951.30 rows=137 width=63) (actual time=98.753..491.281 rows=2271 loops=1)
              ->  Nested Loop  (cost=3974.84..178944.18 rows=4 width=75) (actual time=98.742..489.668 rows=284 loops=1)
                    ->  Nested Loop  (cost=3974.71..178943.59 rows=4 width=79) (actual time=98.736..489.324 rows=284 loops=1)
                          ->  Nested Loop  (cost=3974.29..178938.69 rows=11 width=83) (actual time=98.726..487.943 rows=400 loops=1)
                                ->  Nested Loop  (cost=3973.86..178937.44 rows=2 width=71) (actual time=98.716..487.151 rows=120 loops=1)
                                      ->  Nested Loop  (cost=3973.43..178934.59 rows=3 width=50) (actual time=98.705..486.515 rows=120 loops=1)
                                            ->  Nested Loop  (cost=3973.01..178922.85 rows=3 width=46) (actual time=97.606..482.769 rows=1783 loops=1)
                                                  ->  Seq Scan on info_type it1  (cost=0.00..2.41 rows=1 width=4) (actual time=0.007..0.015 rows=1 loops=1)
                                                        Filter: ((info)::text = 'release dates'::text)
                                                        Rows Removed by Filter: 112
                                                  ->  Bitmap Heap Scan on movie_info mi  (cost=3973.01..178920.38 rows=5 width=50) (actual time=97.597..482.431 rows=1783 loops=1)
                                                        Recheck Cond: (info_type_id = it1.id)
                                                        Filter: ((info IS NOT NULL) AND (note ~~ '%internet%'::text) AND ((info ~~ 'USA:% 199%'::text) OR (info ~~ 'USA:% 200%'::text)))
                                                        Rows Removed by Filter: 3034936
                                                        Heap Blocks: exact=25448
                                                        ->  Bitmap Index Scan on info_type_id_movie_info  (cost=0.00..3973.01 rows=215010 width=0) (actual time=93.726..93.726 rows=3036719 loops=1)
                                                              Index Cond: (info_type_id = it1.id)
                                            ->  Index Only Scan using movie_id_aka_title on aka_title at  (cost=0.42..3.89 rows=3 width=4) (actual time=0.002..0.002 rows=0 loops=1783)
                                                  Index Cond: (movie_id = mi.movie_id)
                                                  Heap Fetches: 0
                                      ->  Index Scan using title_pkey on title t  (cost=0.43..0.95 rows=1 width=21) (actual time=0.005..0.005 rows=1 loops=120)
                                            Index Cond: (id = at.movie_id)
                                            Filter: (production_year > 1990)
                                ->  Index Scan using movie_id_movie_companies on movie_companies mc  (cost=0.43..0.58 rows=5 width=12) (actual time=0.004..0.005 rows=3 loops=120)
                                      Index Cond: (movie_id = t.id)
                          ->  Index Scan using company_name_pkey on company_name cn  (cost=0.42..0.45 rows=1 width=4) (actual time=0.003..0.003 rows=1 loops=400)
                                Index Cond: (id = mc.company_id)
                                Filter: ((country_code)::text = '[us]'::text)
                                Rows Removed by Filter: 0
                    ->  Index Only Scan using company_type_pkey on company_type ct  (cost=0.13..0.15 rows=1 width=4) (actual time=0.001..0.001 rows=1 loops=284)
                          Index Cond: (id = mc.company_type_id)
                          Heap Fetches: 0
              ->  Index Scan using movie_id_movie_keyword on movie_keyword mk  (cost=0.43..1.32 rows=46 width=8) (actual time=0.002..0.004 rows=8 loops=284)
                    Index Cond: (movie_id = t.id)
        ->  Index Only Scan using keyword_pkey on keyword k  (cost=0.42..0.44 rows=1 width=4) (actual time=0.001..0.001 rows=1 loops=2271)
              Index Cond: (id = mk.keyword_id)
              Heap Fetches: 0
Planning time: 8.018 ms
Execution time: 496.153 ms
