Aggregate  (cost=26627.86..26627.87 rows=1 width=64) (actual time=136.703..136.703 rows=1 loops=1)
  ->  Nested Loop  (cost=9.44..26627.70 rows=31 width=33) (actual time=7.725..136.585 rows=385 loops=1)
        Join Filter: (n.id = an.person_id)
        ->  Nested Loop  (cost=9.02..26614.57 rows=27 width=25) (actual time=7.715..135.512 rows=323 loops=1)
              ->  Nested Loop  (cost=8.59..26602.44 rows=27 width=21) (actual time=7.705..134.548 rows=323 loops=1)
                    ->  Nested Loop  (cost=8.17..26569.89 rows=73 width=25) (actual time=7.527..132.720 rows=1089 loops=1)
                          ->  Nested Loop  (cost=7.74..26544.79 rows=44 width=33) (actual time=6.215..130.664 rows=1173 loops=1)
                                Join Filter: (t.id = ci.movie_id)
                                ->  Nested Loop  (cost=7.17..24326.36 rows=1134 width=25) (actual time=6.204..128.975 rows=146 loops=1)
                                      ->  Nested Loop  (cost=6.74..3729.38 rows=41840 width=4) (actual time=4.279..37.825 rows=41840 loops=1)
                                            ->  Seq Scan on keyword k  (cost=0.00..2626.12 rows=1 width=4) (actual time=0.396..8.331 rows=1 loops=1)
                                                  Filter: (keyword = 'character-name-in-title'::text)
                                                  Rows Removed by Filter: 134169
                                            ->  Bitmap Heap Scan on movie_keyword mk  (cost=6.74..1100.27 rows=298 width=8) (actual time=3.881..23.663 rows=41840 loops=1)
                                                  Recheck Cond: (keyword_id = k.id)
                                                  Heap Blocks: exact=11541
                                                  ->  Bitmap Index Scan on keyword_id_movie_keyword  (cost=0.00..6.67 rows=298 width=0) (actual time=2.406..2.406 rows=41840 loops=1)
                                                        Index Cond: (keyword_id = k.id)
                                      ->  Index Scan using title_pkey on title t  (cost=0.43..0.49 rows=1 width=21) (actual time=0.002..0.002 rows=0 loops=41840)
                                            Index Cond: (id = mk.movie_id)
                                            Filter: ((episode_nr >= 50) AND (episode_nr < 100))
                                            Rows Removed by Filter: 1
                                ->  Index Scan using movie_id_cast_info on cast_info ci  (cost=0.56..1.51 rows=36 width=8) (actual time=0.003..0.010 rows=8 loops=146)
                                      Index Cond: (movie_id = mk.movie_id)
                          ->  Index Scan using movie_id_movie_companies on movie_companies mc  (cost=0.43..0.52 rows=5 width=8) (actual time=0.001..0.001 rows=1 loops=1173)
                                Index Cond: (movie_id = ci.movie_id)
                    ->  Index Scan using company_name_pkey on company_name cn  (cost=0.42..0.45 rows=1 width=4) (actual time=0.001..0.001 rows=0 loops=1089)
                          Index Cond: (id = mc.company_id)
                          Filter: ((country_code)::text = '[us]'::text)
                          Rows Removed by Filter: 1
              ->  Index Only Scan using name_pkey on name n  (cost=0.43..0.45 rows=1 width=4) (actual time=0.003..0.003 rows=1 loops=323)
                    Index Cond: (id = ci.person_id)
                    Heap Fetches: 0
        ->  Index Scan using person_id_aka_name on aka_name an  (cost=0.42..0.46 rows=2 width=20) (actual time=0.003..0.003 rows=1 loops=323)
              Index Cond: (person_id = ci.person_id)
Planning time: 3.768 ms
Execution time: 136.780 ms
