Aggregate  (cost=421190.29..421190.30 rows=1 width=64) (actual time=14084.879..14084.879 rows=1 loops=1)
  ->  Nested Loop  (cost=385358.73..421150.25 rows=8007 width=33) (actual time=5628.412..13194.904 rows=3710592 loops=1)
        ->  Hash Join  (cost=385358.30..417527.36 rows=8007 width=28) (actual time=5628.397..6753.608 rows=3710592 loops=1)
              Hash Cond: (an.person_id = n.id)
              ->  Seq Scan on aka_name an  (cost=0.00..20409.43 rows=901343 width=20) (actual time=0.003..87.311 rows=901343 loops=1)
              ->  Hash  (cost=349951.36..349951.36 rows=2832555 width=20) (actual time=5619.935..5619.935 rows=2832555 loops=1)
                    Buckets: 4194304  Batches: 1  Memory Usage: 176609kB
                    ->  Hash Join  (cost=156391.37..349951.36 rows=2832555 width=20) (actual time=1633.427..5015.575 rows=2832555 loops=1)
                          Hash Cond: (ci.person_id = n.id)
                          ->  Nested Loop  (cost=7009.82..164808.82 rows=2832555 width=16) (actual time=51.733..2497.205 rows=2832555 loops=1)
                                ->  Hash Join  (cost=7009.26..37311.02 rows=68316 width=8) (actual time=51.651..294.431 rows=68316 loops=1)
                                      Hash Cond: (mc.company_id = cn.id)
                                      ->  Nested Loop  (cost=7.17..28433.47 rows=148552 width=12) (actual time=4.619..200.601 rows=148552 loops=1)
                                            ->  Nested Loop  (cost=6.74..3729.38 rows=41840 width=4) (actual time=4.601..43.916 rows=41840 loops=1)
                                                  ->  Seq Scan on keyword k  (cost=0.00..2626.12 rows=1 width=4) (actual time=0.412..8.468 rows=1 loops=1)
                                                        Filter: (keyword = 'character-name-in-title'::text)
                                                        Rows Removed by Filter: 134169
                                                  ->  Bitmap Heap Scan on movie_keyword mk  (cost=6.74..1100.27 rows=298 width=8) (actual time=4.183..27.752 rows=41840 loops=1)
                                                        Recheck Cond: (keyword_id = k.id)
                                                        Heap Blocks: exact=11541
                                                        ->  Bitmap Index Scan on keyword_id_movie_keyword  (cost=0.00..6.67 rows=298 width=0) (actual time=2.672..2.672 rows=41840 loops=1)
                                                              Index Cond: (keyword_id = k.id)
                                            ->  Index Scan using movie_id_movie_companies on movie_companies mc  (cost=0.43..0.54 rows=5 width=8) (actual time=0.002..0.003 rows=4 loops=41840)
                                                  Index Cond: (movie_id = mk.movie_id)
                                      ->  Hash  (cost=5932.46..5932.46 rows=85570 width=4) (actual time=46.509..46.509 rows=84843 loops=1)
                                            Buckets: 131072  Batches: 1  Memory Usage: 4007kB
                                            ->  Seq Scan on company_name cn  (cost=0.00..5932.46 rows=85570 width=4) (actual time=0.007..31.758 rows=84843 loops=1)
                                                  Filter: ((country_code)::text = '[us]'::text)
                                                  Rows Removed by Filter: 150154
                                ->  Index Scan using movie_id_cast_info on cast_info ci  (cost=0.56..1.51 rows=36 width=8) (actual time=0.003..0.025 rows=41 loops=68316)
                                      Index Cond: (movie_id = mk.movie_id)
                          ->  Hash  (cost=97287.91..97287.91 rows=4167491 width=4) (actual time=1573.273..1573.273 rows=4167491 loops=1)
                                Buckets: 4194304  Batches: 1  Memory Usage: 179282kB
                                ->  Seq Scan on name n  (cost=0.00..97287.91 rows=4167491 width=4) (actual time=0.008..615.860 rows=4167491 loops=1)
        ->  Index Scan using title_pkey on title t  (cost=0.43..0.45 rows=1 width=21) (actual time=0.001..0.001 rows=1 loops=3710592)
              Index Cond: (id = ci.movie_id)
Planning time: 3.778 ms
Execution time: 14086.632 ms
