Aggregate  (cost=169373.43..169373.44 rows=1 width=64) (actual time=24738.344..24738.345 rows=1 loops=1)
  ->  Nested Loop  (cost=7011.11..169366.49 rows=1388 width=33) (actual time=49.840..23684.800 rows=3710592 loops=1)
        ->  Nested Loop  (cost=7010.68..168738.47 rows=1388 width=28) (actual time=49.831..17496.170 rows=3710592 loops=1)
              Join Filter: (an.person_id = n.id)
              ->  Nested Loop  (cost=7010.25..168097.67 rows=1388 width=36) (actual time=49.820..10491.905 rows=3710592 loops=1)
                    ->  Nested Loop  (cost=7009.82..164808.82 rows=6830 width=16) (actual time=49.810..2853.509 rows=2832555 loops=1)
                          ->  Hash Join  (cost=7009.26..37311.02 rows=68316 width=8) (actual time=49.729..308.906 rows=68316 loops=1)
                                Hash Cond: (mc.company_id = cn.id)
                                ->  Nested Loop  (cost=7.17..28433.47 rows=148552 width=12) (actual time=4.308..216.451 rows=148552 loops=1)
                                      ->  Nested Loop  (cost=6.74..3729.38 rows=41840 width=4) (actual time=4.294..46.190 rows=41840 loops=1)
                                            ->  Seq Scan on keyword k  (cost=0.00..2626.12 rows=1 width=4) (actual time=0.396..8.438 rows=1 loops=1)
                                                  Filter: (keyword = 'character-name-in-title'::text)
                                                  Rows Removed by Filter: 134169
                                            ->  Bitmap Heap Scan on movie_keyword mk  (cost=6.74..1100.27 rows=298 width=8) (actual time=3.896..29.609 rows=41840 loops=1)
                                                  Recheck Cond: (keyword_id = k.id)
                                                  Heap Blocks: exact=11541
                                                  ->  Bitmap Index Scan on keyword_id_movie_keyword  (cost=0.00..6.67 rows=298 width=0) (actual time=2.436..2.436 rows=41840 loops=1)
                                                        Index Cond: (keyword_id = k.id)
                                      ->  Index Scan using movie_id_movie_companies on movie_companies mc  (cost=0.43..0.54 rows=5 width=8) (actual time=0.002..0.003 rows=4 loops=41840)
                                            Index Cond: (movie_id = mk.movie_id)
                                ->  Hash  (cost=5932.46..5932.46 rows=85570 width=4) (actual time=45.240..45.240 rows=84843 loops=1)
                                      Buckets: 131072  Batches: 1  Memory Usage: 4007kB
                                      ->  Seq Scan on company_name cn  (cost=0.00..5932.46 rows=85570 width=4) (actual time=0.005..32.022 rows=84843 loops=1)
                                            Filter: ((country_code)::text = '[us]'::text)
                                            Rows Removed by Filter: 150154
                          ->  Index Scan using movie_id_cast_info on cast_info ci  (cost=0.56..1.51 rows=36 width=8) (actual time=0.003..0.029 rows=41 loops=68316)
                                Index Cond: (movie_id = mk.movie_id)
                    ->  Index Scan using person_id_aka_name on aka_name an  (cost=0.42..0.46 rows=2 width=20) (actual time=0.002..0.002 rows=1 loops=2832555)
                          Index Cond: (person_id = ci.person_id)
              ->  Index Only Scan using name_pkey on name n  (cost=0.43..0.45 rows=1 width=4) (actual time=0.001..0.001 rows=1 loops=3710592)
                    Index Cond: (id = ci.person_id)
                    Heap Fetches: 0
        ->  Index Scan using title_pkey on title t  (cost=0.43..0.45 rows=1 width=21) (actual time=0.001..0.001 rows=1 loops=3710592)
              Index Cond: (id = ci.movie_id)
Planning time: 3.770 ms
Execution time: 24738.427 ms
