Aggregate  (cost=196160.87..196160.88 rows=1 width=64) (actual time=1248.015..1248.015 rows=1 loops=1)
  ->  Hash Join  (cost=163070.41..189168.71 rows=1398431 width=33) (actual time=881.646..1183.087 rows=319932 loops=1)
        Hash Cond: (an.person_id = n.id)
        ->  Seq Scan on aka_name an  (cost=0.00..20409.43 rows=901343 width=20) (actual time=0.003..78.444 rows=901343 loops=1)
        ->  Hash  (cost=149726.40..149726.40 rows=1067521 width=25) (actual time=879.321..879.321 rows=221609 loops=1)
              Buckets: 2097152  Batches: 1  Memory Usage: 30083kB
              ->  Nested Loop  (cost=9.02..149726.40 rows=1067521 width=25) (actual time=4.655..833.471 rows=221609 loops=1)
                    ->  Nested Loop  (cost=8.59..50186.44 rows=221609 width=21) (actual time=4.644..386.873 rows=221609 loops=1)
                          Join Filter: (t.id = ci.movie_id)
                          ->  Nested Loop  (cost=8.02..33483.59 rows=8538 width=29) (actual time=4.633..186.058 rows=8538 loops=1)
                                ->  Nested Loop  (cost=7.60..28397.73 rows=11406 width=33) (actual time=4.484..159.808 rows=11406 loops=1)
                                      Join Filter: (t.id = mc.movie_id)
                                      ->  Nested Loop  (cost=7.17..24221.76 rows=6926 width=25) (actual time=4.447..138.548 rows=6926 loops=1)
                                            ->  Nested Loop  (cost=6.74..3729.38 rows=41840 width=4) (actual time=4.434..40.100 rows=41840 loops=1)
                                                  ->  Seq Scan on keyword k  (cost=0.00..2626.12 rows=1 width=4) (actual time=0.427..8.454 rows=1 loops=1)
                                                        Filter: (keyword = 'character-name-in-title'::text)
                                                        Rows Removed by Filter: 134169
                                                  ->  Bitmap Heap Scan on movie_keyword mk  (cost=6.74..1100.27 rows=298 width=8) (actual time=4.004..25.129 rows=41840 loops=1)
                                                        Recheck Cond: (keyword_id = k.id)
                                                        Heap Blocks: exact=11541
                                                        ->  Bitmap Index Scan on keyword_id_movie_keyword  (cost=0.00..6.67 rows=298 width=0) (actual time=2.481..2.481 rows=41840 loops=1)
                                                              Index Cond: (keyword_id = k.id)
                                            ->  Index Scan using title_pkey on title t  (cost=0.43..0.49 rows=1 width=21) (actual time=0.002..0.002 rows=0 loops=41840)
                                                  Index Cond: (id = mk.movie_id)
                                                  Filter: (episode_nr < 100)
                                                  Rows Removed by Filter: 1
                                      ->  Index Scan using movie_id_movie_companies on movie_companies mc  (cost=0.43..0.54 rows=5 width=8) (actual time=0.002..0.002 rows=2 loops=6926)
                                            Index Cond: (movie_id = mk.movie_id)
                                ->  Index Scan using company_name_pkey on company_name cn  (cost=0.42..0.45 rows=1 width=4) (actual time=0.002..0.002 rows=1 loops=11406)
                                      Index Cond: (id = mc.company_id)
                                      Filter: ((country_code)::text = '[us]'::text)
                                      Rows Removed by Filter: 0
                          ->  Index Scan using movie_id_cast_info on cast_info ci  (cost=0.56..1.51 rows=36 width=8) (actual time=0.003..0.018 rows=26 loops=8538)
                                Index Cond: (movie_id = mk.movie_id)
                    ->  Index Only Scan using name_pkey on name n  (cost=0.43..0.45 rows=1 width=4) (actual time=0.002..0.002 rows=1 loops=221609)
                          Index Cond: (id = ci.person_id)
                          Heap Fetches: 0
Planning time: 3.783 ms
Execution time: 1248.152 ms
