Aggregate  (cost=161283.29..161283.30 rows=1 width=64) (actual time=1046.491..1046.491 rows=1 loops=1)
  ->  Hash Join  (cost=130597.57..156098.93 rows=1036872 width=33) (actual time=705.562..995.760 rows=249455 loops=1)
        Hash Cond: (an.person_id = n.id)
        ->  Seq Scan on aka_name an  (cost=0.00..20409.43 rows=901343 width=20) (actual time=0.003..78.137 rows=901343 loops=1)
        ->  Hash  (cost=120703.61..120703.61 rows=791517 width=25) (actual time=704.410..704.410 rows=169273 loops=1)
              Buckets: 1048576  Batches: 1  Memory Usage: 18634kB
              ->  Nested Loop  (cost=9.02..120703.61 rows=791517 width=25) (actual time=4.614..668.501 rows=169273 loops=1)
                    ->  Nested Loop  (cost=8.59..44671.37 rows=169273 width=21) (actual time=4.603..328.918 rows=169273 loops=1)
                          Join Filter: (t.id = ci.movie_id)
                          ->  Nested Loop  (cost=8.02..31435.08 rows=6766 width=29) (actual time=4.593..174.515 rows=6766 loops=1)
                                ->  Nested Loop  (cost=7.60..27573.20 rows=8661 width=33) (actual time=4.466..154.663 rows=8661 loops=1)
                                      Join Filter: (t.id = mc.movie_id)
                                      ->  Nested Loop  (cost=7.17..24326.36 rows=5385 width=25) (actual time=4.428..138.116 rows=5385 loops=1)
                                            ->  Nested Loop  (cost=6.74..3729.38 rows=41840 width=4) (actual time=4.415..40.072 rows=41840 loops=1)
                                                  ->  Seq Scan on keyword k  (cost=0.00..2626.12 rows=1 width=4) (actual time=0.407..8.346 rows=1 loops=1)
                                                        Filter: (keyword = 'character-name-in-title'::text)
                                                        Rows Removed by Filter: 134169
                                                  ->  Bitmap Heap Scan on movie_keyword mk  (cost=6.74..1100.27 rows=298 width=8) (actual time=4.006..25.137 rows=41840 loops=1)
                                                        Recheck Cond: (keyword_id = k.id)
                                                        Heap Blocks: exact=11541
                                                        ->  Bitmap Index Scan on keyword_id_movie_keyword  (cost=0.00..6.67 rows=298 width=0) (actual time=2.489..2.489 rows=41840 loops=1)
                                                              Index Cond: (keyword_id = k.id)
                                            ->  Index Scan using title_pkey on title t  (cost=0.43..0.49 rows=1 width=21) (actual time=0.002..0.002 rows=0 loops=41840)
                                                  Index Cond: (id = mk.movie_id)
                                                  Filter: ((episode_nr >= 5) AND (episode_nr < 100))
                                                  Rows Removed by Filter: 1
                                      ->  Index Scan using movie_id_movie_companies on movie_companies mc  (cost=0.43..0.54 rows=5 width=8) (actual time=0.002..0.002 rows=2 loops=5385)
                                            Index Cond: (movie_id = mk.movie_id)
                                ->  Index Scan using company_name_pkey on company_name cn  (cost=0.42..0.45 rows=1 width=4) (actual time=0.002..0.002 rows=1 loops=8661)
                                      Index Cond: (id = mc.company_id)
                                      Filter: ((country_code)::text = '[us]'::text)
                                      Rows Removed by Filter: 0
                          ->  Index Scan using movie_id_cast_info on cast_info ci  (cost=0.56..1.51 rows=36 width=8) (actual time=0.003..0.018 rows=25 loops=6766)
                                Index Cond: (movie_id = mk.movie_id)
                    ->  Index Only Scan using name_pkey on name n  (cost=0.43..0.45 rows=1 width=4) (actual time=0.002..0.002 rows=1 loops=169273)
                          Index Cond: (id = ci.person_id)
                          Heap Fetches: 0
Planning time: 3.802 ms
Execution time: 1046.612 ms
