Aggregate  (cost=35433.24..35433.25 rows=1 width=64) (actual time=1343.224..1343.225 rows=1 loops=1)
  ->  Nested Loop  (cost=7011.11..35431.75 rows=298 width=33) (actual time=51.015..1274.391 rows=249455 loops=1)
        Join Filter: (an.person_id = n.id)
        ->  Nested Loop  (cost=7010.68..35294.17 rows=298 width=41) (actual time=51.004..825.535 rows=249455 loops=1)
              ->  Nested Loop  (cost=7010.25..35148.27 rows=303 width=21) (actual time=50.994..362.880 rows=169273 loops=1)
                    Join Filter: (t.id = ci.movie_id)
                    ->  Hash Join  (cost=7009.69..35099.36 rows=25 width=29) (actual time=50.980..203.381 rows=6766 loops=1)
                          Hash Cond: (mc.company_id = cn.id)
                          ->  Nested Loop  (cost=7.60..27573.20 rows=41511 width=33) (actual time=4.384..153.936 rows=8661 loops=1)
                                Join Filter: (t.id = mc.movie_id)
                                ->  Nested Loop  (cost=7.17..24326.36 rows=5385 width=25) (actual time=4.350..137.244 rows=5385 loops=1)
                                      ->  Nested Loop  (cost=6.74..3729.38 rows=41840 width=4) (actual time=4.339..40.519 rows=41840 loops=1)
                                            ->  Seq Scan on keyword k  (cost=0.00..2626.12 rows=1 width=4) (actual time=0.397..8.975 rows=1 loops=1)
                                                  Filter: (keyword = 'character-name-in-title'::text)
                                                  Rows Removed by Filter: 134169
                                            ->  Bitmap Heap Scan on movie_keyword mk  (cost=6.74..1100.27 rows=298 width=8) (actual time=3.939..24.980 rows=41840 loops=1)
                                                  Recheck Cond: (keyword_id = k.id)
                                                  Heap Blocks: exact=11541
                                                  ->  Bitmap Index Scan on keyword_id_movie_keyword  (cost=0.00..6.67 rows=298 width=0) (actual time=2.436..2.436 rows=41840 loops=1)
                                                        Index Cond: (keyword_id = k.id)
                                      ->  Index Scan using title_pkey on title t  (cost=0.43..0.49 rows=1 width=21) (actual time=0.002..0.002 rows=0 loops=41840)
                                            Index Cond: (id = mk.movie_id)
                                            Filter: ((episode_nr >= 5) AND (episode_nr < 100))
                                            Rows Removed by Filter: 1
                                ->  Index Scan using movie_id_movie_companies on movie_companies mc  (cost=0.43..0.54 rows=5 width=8) (actual time=0.002..0.002 rows=2 loops=5385)
                                      Index Cond: (movie_id = mk.movie_id)
                          ->  Hash  (cost=5932.46..5932.46 rows=85570 width=4) (actual time=46.295..46.295 rows=84843 loops=1)
                                Buckets: 131072  Batches: 1  Memory Usage: 4007kB
                                ->  Seq Scan on company_name cn  (cost=0.00..5932.46 rows=85570 width=4) (actual time=0.005..31.849 rows=84843 loops=1)
                                      Filter: ((country_code)::text = '[us]'::text)
                                      Rows Removed by Filter: 150154
                    ->  Index Scan using movie_id_cast_info on cast_info ci  (cost=0.56..1.51 rows=36 width=8) (actual time=0.003..0.018 rows=25 loops=6766)
                          Index Cond: (movie_id = mk.movie_id)
              ->  Index Scan using person_id_aka_name on aka_name an  (cost=0.42..0.46 rows=2 width=20) (actual time=0.002..0.002 rows=1 loops=169273)
                    Index Cond: (person_id = ci.person_id)
        ->  Index Only Scan using name_pkey on name n  (cost=0.43..0.45 rows=1 width=4) (actual time=0.001..0.001 rows=1 loops=249455)
              Index Cond: (id = ci.person_id)
              Heap Fetches: 0
Planning time: 3.760 ms
Execution time: 1343.319 ms
