Aggregate  (cost=38818.68..38818.69 rows=1 width=64) (actual time=9813.049..9813.049 rows=1 loops=1)
  ->  Nested Loop  (cost=7010.68..38818.28 rows=79 width=15) (actual time=50.730..9758.313 rows=258289 loops=1)
        ->  Nested Loop  (cost=7010.25..38782.85 rows=79 width=27) (actual time=50.720..9346.033 rows=258289 loops=1)
              ->  Nested Loop  (cost=7009.82..38333.28 rows=982 width=16) (actual time=50.700..2581.598 rows=2832555 loops=1)
                    ->  Hash Join  (cost=7009.26..38187.71 rows=78 width=8) (actual time=50.615..307.812 rows=68316 loops=1)
                          Hash Cond: (mc.company_id = cn.id)
                          ->  Nested Loop  (cost=7.17..28433.47 rows=217993 width=12) (actual time=4.386..207.287 rows=148552 loops=1)
                                ->  Nested Loop  (cost=6.74..3729.38 rows=41840 width=4) (actual time=4.372..45.526 rows=41840 loops=1)
                                      ->  Seq Scan on keyword k  (cost=0.00..2626.12 rows=1 width=4) (actual time=0.394..8.361 rows=1 loops=1)
                                            Filter: (keyword = 'character-name-in-title'::text)
                                            Rows Removed by Filter: 134169
                                      ->  Bitmap Heap Scan on movie_keyword mk  (cost=6.74..1100.27 rows=298 width=8) (actual time=3.977..28.855 rows=41840 loops=1)
                                            Recheck Cond: (keyword_id = k.id)
                                            Heap Blocks: exact=11541
                                            ->  Bitmap Index Scan on keyword_id_movie_keyword  (cost=0.00..6.67 rows=298 width=0) (actual time=2.468..2.468 rows=41840 loops=1)
                                                  Index Cond: (keyword_id = k.id)
                                ->  Index Scan using movie_id_movie_companies on movie_companies mc  (cost=0.43..0.54 rows=5 width=8) (actual time=0.002..0.003 rows=4 loops=41840)
                                      Index Cond: (movie_id = mk.movie_id)
                          ->  Hash  (cost=5932.46..5932.46 rows=85570 width=4) (actual time=46.042..46.042 rows=84843 loops=1)
                                Buckets: 131072  Batches: 1  Memory Usage: 4007kB
                                ->  Seq Scan on company_name cn  (cost=0.00..5932.46 rows=85570 width=4) (actual time=0.006..32.007 rows=84843 loops=1)
                                      Filter: ((country_code)::text = '[us]'::text)
                                      Rows Removed by Filter: 150154
                    ->  Index Scan using movie_id_cast_info on cast_info ci  (cost=0.56..1.51 rows=36 width=8) (actual time=0.003..0.026 rows=41 loops=68316)
                          Index Cond: (movie_id = mk.movie_id)
              ->  Index Scan using name_pkey on name n  (cost=0.43..0.46 rows=1 width=19) (actual time=0.002..0.002 rows=0 loops=2832555)
                    Index Cond: (id = ci.person_id)
                    Filter: (name ~~ 'B%'::text)
                    Rows Removed by Filter: 1
        ->  Index Only Scan using title_pkey on title t  (cost=0.43..0.45 rows=1 width=4) (actual time=0.001..0.001 rows=1 loops=258289)
              Index Cond: (id = ci.movie_id)
              Heap Fetches: 0
Planning time: 2.212 ms
Execution time: 9813.122 ms
