Aggregate  (cost=204166.67..204166.68 rows=1 width=32) (actual time=2116.221..2116.221 rows=1 loops=1)
  ->  Nested Loop  (cost=94796.35..204166.66 rows=2 width=15) (actual time=1578.448..2114.269 rows=11538 loops=1)
        ->  Nested Loop  (cost=94795.92..204165.77 rows=2 width=27) (actual time=1578.426..2096.250 rows=11538 loops=1)
              ->  Nested Loop  (cost=94795.50..203825.69 rows=775 width=31) (actual time=1578.412..2074.619 rows=11538 loops=1)
                    ->  Hash Join  (cost=94795.07..202700.94 rows=1972 width=23) (actual time=1578.399..2061.298 rows=1972 loops=1)
                          Hash Cond: (n.id = ci.person_id)
                          ->  Seq Scan on name n  (cost=0.00..107706.64 rows=414 width=19) (actual time=0.481..481.315 rows=5216 loops=1)
                                Filter: (name ~~ '%Bert%'::text)
                                Rows Removed by Filter: 4162275
                          ->  Hash  (cost=81815.15..81815.15 rows=1038393 width=12) (actual time=1576.130..1576.130 rows=1038393 loops=1)
                                Buckets: 1048576  Batches: 1  Memory Usage: 52811kB
                                ->  Nested Loop  (cost=7.31..81815.15 rows=1038393 width=12) (actual time=4.315..1325.538 rows=1038393 loops=1)
                                      ->  Nested Loop  (cost=6.74..3729.38 rows=41840 width=4) (actual time=4.300..43.315 rows=41840 loops=1)
                                            ->  Seq Scan on keyword k  (cost=0.00..2626.12 rows=1 width=4) (actual time=0.395..8.372 rows=1 loops=1)
                                                  Filter: (keyword = 'character-name-in-title'::text)
                                                  Rows Removed by Filter: 134169
                                            ->  Bitmap Heap Scan on movie_keyword mk  (cost=6.74..1100.27 rows=298 width=8) (actual time=3.902..28.141 rows=41840 loops=1)
                                                  Recheck Cond: (keyword_id = k.id)
                                                  Heap Blocks: exact=11541
                                                  ->  Bitmap Index Scan on keyword_id_movie_keyword  (cost=0.00..6.67 rows=298 width=0) (actual time=2.420..2.420 rows=41840 loops=1)
                                                        Index Cond: (keyword_id = k.id)
                                      ->  Index Scan using movie_id_cast_info on cast_info ci  (cost=0.56..1.51 rows=36 width=8) (actual time=0.003..0.026 rows=25 loops=41840)
                                            Index Cond: (movie_id = mk.movie_id)
                    ->  Index Scan using movie_id_movie_companies on movie_companies mc  (cost=0.43..0.52 rows=5 width=8) (actual time=0.004..0.005 rows=6 loops=1972)
                          Index Cond: (movie_id = ci.movie_id)
              ->  Index Only Scan using company_name_pkey on company_name cn  (cost=0.42..0.44 rows=1 width=4) (actual time=0.002..0.002 rows=1 loops=11538)
                    Index Cond: (id = mc.company_id)
                    Heap Fetches: 0
        ->  Index Only Scan using title_pkey on title t  (cost=0.43..0.45 rows=1 width=4) (actual time=0.001..0.001 rows=1 loops=11538)
              Index Cond: (id = ci.movie_id)
              Heap Fetches: 0
Planning time: 2.218 ms
Execution time: 2116.484 ms
