Aggregate  (cost=209801.86..209801.87 rows=1 width=32) (actual time=2120.003..2120.004 rows=1 loops=1)
  ->  Nested Loop  (cost=94796.35..209773.01 rows=11538 width=15) (actual time=1593.108..2118.157 rows=11538 loops=1)
        ->  Nested Loop  (cost=94795.93..204710.12 rows=11538 width=19) (actual time=1593.086..2097.186 rows=11538 loops=1)
              ->  Nested Loop  (cost=94795.50..203585.36 rows=1972 width=27) (actual time=1593.076..2084.566 rows=1972 loops=1)
                    ->  Hash Join  (cost=94795.07..202700.94 rows=1972 width=23) (actual time=1593.058..2077.747 rows=1972 loops=1)
                          Hash Cond: (n.id = ci.person_id)
                          ->  Seq Scan on name n  (cost=0.00..107706.64 rows=414 width=19) (actual time=0.482..482.909 rows=5216 loops=1)
                                Filter: (name ~~ '%Bert%'::text)
                                Rows Removed by Filter: 4162275
                          ->  Hash  (cost=81815.15..81815.15 rows=1038393 width=12) (actual time=1589.559..1589.559 rows=1038393 loops=1)
                                Buckets: 1048576  Batches: 1  Memory Usage: 52811kB
                                ->  Nested Loop  (cost=7.31..81815.15 rows=1038393 width=12) (actual time=4.672..1335.424 rows=1038393 loops=1)
                                      ->  Nested Loop  (cost=6.74..3729.38 rows=41840 width=4) (actual time=4.656..44.428 rows=41840 loops=1)
                                            ->  Seq Scan on keyword k  (cost=0.00..2626.12 rows=1 width=4) (actual time=0.400..8.428 rows=1 loops=1)
                                                  Filter: (keyword = 'character-name-in-title'::text)
                                                  Rows Removed by Filter: 134169
                                            ->  Bitmap Heap Scan on movie_keyword mk  (cost=6.74..1100.27 rows=298 width=8) (actual time=4.252..28.999 rows=41840 loops=1)
                                                  Recheck Cond: (keyword_id = k.id)
                                                  Heap Blocks: exact=11541
                                                  ->  Bitmap Index Scan on keyword_id_movie_keyword  (cost=0.00..6.67 rows=298 width=0) (actual time=2.724..2.724 rows=41840 loops=1)
                                                        Index Cond: (keyword_id = k.id)
                                      ->  Index Scan using movie_id_cast_info on cast_info ci  (cost=0.56..1.51 rows=36 width=8) (actual time=0.003..0.026 rows=25 loops=41840)
                                            Index Cond: (movie_id = mk.movie_id)
                    ->  Index Only Scan using title_pkey on title t  (cost=0.43..0.45 rows=1 width=4) (actual time=0.003..0.003 rows=1 loops=1972)
                          Index Cond: (id = ci.movie_id)
                          Heap Fetches: 0
              ->  Index Scan using movie_id_movie_companies on movie_companies mc  (cost=0.43..0.52 rows=5 width=8) (actual time=0.003..0.005 rows=6 loops=1972)
                    Index Cond: (movie_id = ci.movie_id)
        ->  Index Only Scan using company_name_pkey on company_name cn  (cost=0.42..0.44 rows=1 width=4) (actual time=0.002..0.002 rows=1 loops=11538)
              Index Cond: (id = mc.company_id)
              Heap Fetches: 0
Planning time: 2.374 ms
Execution time: 2120.282 ms
