Aggregate  (cost=317290.41..317290.42 rows=1 width=32) (actual time=5120.431..5120.431 rows=1 loops=1)
  ->  Nested Loop  (cost=122829.72..317282.83 rows=3032 width=15) (actual time=815.527..4931.262 rows=1113120 loops=1)
        ->  Hash Join  (cost=122829.29..315923.00 rows=3032 width=27) (actual time=815.515..3426.601 rows=1113120 loops=1)
              Hash Cond: (mc.company_id = cn.id)
              ->  Nested Loop  (cost=114546.86..294729.92 rows=1022628 width=31) (actual time=742.063..3047.569 rows=1113120 loops=1)
                    ->  Hash Join  (cost=114546.43..209463.99 rows=149494 width=23) (actual time=741.904..2315.892 rows=149494 loops=1)
                          Hash Cond: (ci.person_id = n.id)
                          ->  Nested Loop  (cost=7.31..81815.15 rows=1038393 width=12) (actual time=4.868..1293.374 rows=1038393 loops=1)
                                ->  Nested Loop  (cost=6.74..3729.38 rows=41840 width=4) (actual time=4.852..44.188 rows=41840 loops=1)
                                      ->  Seq Scan on keyword k  (cost=0.00..2626.12 rows=1 width=4) (actual time=0.357..8.415 rows=1 loops=1)
                                            Filter: (keyword = 'character-name-in-title'::text)
                                            Rows Removed by Filter: 134169
                                      ->  Bitmap Heap Scan on movie_keyword mk  (cost=6.74..1100.27 rows=298 width=8) (actual time=4.489..27.793 rows=41840 loops=1)
                                            Recheck Cond: (keyword_id = k.id)
                                            Heap Blocks: exact=11541
                                            ->  Bitmap Index Scan on keyword_id_movie_keyword  (cost=0.00..6.67 rows=298 width=0) (actual time=2.982..2.982 rows=41840 loops=1)
                                                  Index Cond: (keyword_id = k.id)
                                ->  Index Scan using movie_id_cast_info on cast_info ci  (cost=0.56..1.51 rows=36 width=8) (actual time=0.003..0.025 rows=25 loops=41840)
                                      Index Cond: (movie_id = mk.movie_id)
                          ->  Hash  (cost=107706.64..107706.64 rows=546599 width=19) (actual time=734.560..734.560 rows=536716 loops=1)
                                Buckets: 1048576  Batches: 1  Memory Usage: 36076kB
                                ->  Seq Scan on name n  (cost=0.00..107706.64 rows=546599 width=19) (actual time=0.012..588.921 rows=536716 loops=1)
                                      Filter: (name ~~ '%B%'::text)
                                      Rows Removed by Filter: 3630775
                    ->  Index Scan using movie_id_movie_companies on movie_companies mc  (cost=0.43..0.52 rows=5 width=8) (actual time=0.002..0.003 rows=7 loops=149494)
                          Index Cond: (movie_id = ci.movie_id)
              ->  Hash  (cost=5344.97..5344.97 rows=234997 width=4) (actual time=72.519..72.519 rows=234997 loops=1)
                    Buckets: 262144  Batches: 1  Memory Usage: 10310kB
                    ->  Seq Scan on company_name cn  (cost=0.00..5344.97 rows=234997 width=4) (actual time=0.005..32.037 rows=234997 loops=1)
        ->  Index Only Scan using title_pkey on title t  (cost=0.43..0.45 rows=1 width=4) (actual time=0.001..0.001 rows=1 loops=1113120)
              Index Cond: (id = ci.movie_id)
              Heap Fetches: 0
Planning time: 2.369 ms
Execution time: 5120.649 ms
