Aggregate  (cost=41128.57..41128.58 rows=1 width=32) (actual time=23493.493..23493.494 rows=1 loops=1)
  ->  Nested Loop  (cost=8291.03..41127.69 rows=354 width=15) (actual time=76.320..23296.707 rows=1113120 loops=1)
        ->  Nested Loop  (cost=8290.60..39892.52 rows=2698 width=4) (actual time=76.017..6262.632 rows=7796926 loops=1)
              Join Filter: (t.id = ci.movie_id)
              ->  Nested Loop  (cost=8290.03..39548.22 rows=176 width=12) (actual time=75.955..661.736 rows=148552 loops=1)
                    ->  Hash Join  (cost=8289.60..39468.06 rows=176 width=8) (actual time=75.939..380.904 rows=148552 loops=1)
                          Hash Cond: (mc.company_id = cn.id)
                          ->  Nested Loop  (cost=7.17..28433.47 rows=217993 width=12) (actual time=4.398..224.721 rows=148552 loops=1)
                                ->  Nested Loop  (cost=6.74..3729.38 rows=41840 width=4) (actual time=4.382..46.734 rows=41840 loops=1)
                                      ->  Seq Scan on keyword k  (cost=0.00..2626.12 rows=1 width=4) (actual time=0.411..8.475 rows=1 loops=1)
                                            Filter: (keyword = 'character-name-in-title'::text)
                                            Rows Removed by Filter: 134169
                                      ->  Bitmap Heap Scan on movie_keyword mk  (cost=6.74..1100.27 rows=298 width=8) (actual time=3.969..29.968 rows=41840 loops=1)
                                            Recheck Cond: (keyword_id = k.id)
                                            Heap Blocks: exact=11541
                                            ->  Bitmap Index Scan on keyword_id_movie_keyword  (cost=0.00..6.67 rows=298 width=0) (actual time=2.452..2.452 rows=41840 loops=1)
                                                  Index Cond: (keyword_id = k.id)
                                ->  Index Scan using movie_id_movie_companies on movie_companies mc  (cost=0.43..0.54 rows=5 width=8) (actual time=0.002..0.003 rows=4 loops=41840)
                                      Index Cond: (movie_id = mk.movie_id)
                          ->  Hash  (cost=5344.97..5344.97 rows=234997 width=4) (actual time=71.228..71.228 rows=234997 loops=1)
                                Buckets: 262144  Batches: 1  Memory Usage: 10310kB
                                ->  Seq Scan on company_name cn  (cost=0.00..5344.97 rows=234997 width=4) (actual time=0.005..32.900 rows=234997 loops=1)
                    ->  Index Only Scan using title_pkey on title t  (cost=0.43..0.46 rows=1 width=4) (actual time=0.001..0.001 rows=1 loops=148552)
                          Index Cond: (id = mk.movie_id)
                          Heap Fetches: 0
              ->  Index Scan using movie_id_cast_info on cast_info ci  (cost=0.56..1.51 rows=36 width=8) (actual time=0.003..0.027 rows=52 loops=148552)
                    Index Cond: (movie_id = mk.movie_id)
        ->  Index Scan using name_pkey on name n  (cost=0.43..0.46 rows=1 width=19) (actual time=0.002..0.002 rows=0 loops=7796926)
              Index Cond: (id = ci.person_id)
              Filter: (name ~~ '%B%'::text)
              Rows Removed by Filter: 1
Planning time: 2.271 ms
Execution time: 23493.583 ms
