Aggregate  (cost=151164.55..151164.56 rows=1 width=96) (actual time=224.776..224.776 rows=1 loops=1)
  ->  Nested Loop  (cost=5107.03..151164.47 rows=11 width=65) (actual time=125.482..224.753 rows=11 loops=1)
        ->  Nested Loop  (cost=5106.89..151162.66 rows=11 width=69) (actual time=125.474..224.711 rows=11 loops=1)
              ->  Nested Loop  (cost=5106.46..150964.59 rows=268 width=73) (actual time=45.975..223.471 rows=268 loops=1)
                    ->  Nested Loop  (cost=5105.89..142336.53 rows=358 width=81) (actual time=20.363..210.203 rows=358 loops=1)
                          ->  Nested Loop  (cost=5105.46..72775.35 rows=6152 width=31) (actual time=17.606..148.601 rows=6152 loops=1)
                                ->  Nested Loop  (cost=5105.03..17284.42 rows=15849 width=10) (actual time=16.936..106.601 rows=15849 loops=1)
                                      ->  Seq Scan on info_type it2  (cost=0.00..2.41 rows=1 width=4) (actual time=0.009..0.012 rows=1 loops=1)
                                            Filter: ((info)::text = 'rating'::text)
                                            Rows Removed by Filter: 112
                                      ->  Bitmap Heap Scan on movie_info_idx mi_idx  (cost=5105.03..17180.13 rows=10188 width=14) (actual time=16.925..104.132 rows=15849 loops=1)
                                            Recheck Cond: (info_type_id = it2.id)
                                            Filter: (info > '8.0'::text)
                                            Rows Removed by Filter: 444076
                                            Heap Blocks: exact=7934
                                            ->  Bitmap Index Scan on info_type_id_movie_info_idx  (cost=0.00..5102.48 rows=276007 width=0) (actual time=15.857..15.857 rows=459925 loops=1)
                                                  Index Cond: (info_type_id = it2.id)
                                ->  Index Scan using title_pkey on title t  (cost=0.43..3.50 rows=1 width=21) (actual time=0.002..0.002 rows=0 loops=15849)
                                      Index Cond: (id = mi_idx.movie_id)
                                      Filter: ((production_year >= 2008) AND (production_year <= 2014))
                                      Rows Removed by Filter: 1
                          ->  Index Scan using movie_id_movie_info on movie_info mi  (cost=0.43..11.30 rows=1 width=50) (actual time=0.010..0.010 rows=0 loops=6152)
                                Index Cond: (movie_id = t.id)
                                Filter: ((note IS NULL) AND (info = ANY ('{Horror,Thriller}'::text[])))
                                Rows Removed by Filter: 18
                    ->  Index Scan using movie_id_cast_info on cast_info ci  (cost=0.56..24.09 rows=1 width=8) (actual time=0.029..0.037 rows=1 loops=358)
                          Index Cond: (movie_id = t.id)
                          Filter: (note = ANY ('{(writer),"(head writer)","(written by)",(story),"(story editor)"}'::text[]))
                          Rows Removed by Filter: 34
              ->  Index Scan using name_pkey on name n  (cost=0.43..0.74 rows=1 width=4) (actual time=0.004..0.004 rows=0 loops=268)
                    Index Cond: (id = ci.person_id)
                    Filter: ((gender IS NOT NULL) AND ((gender)::text = 'f'::text))
                    Rows Removed by Filter: 1
        ->  Index Scan using info_type_pkey on info_type it1  (cost=0.14..0.16 rows=1 width=4) (actual time=0.003..0.003 rows=1 loops=11)
              Index Cond: (id = mi.info_type_id)
              Filter: ((info)::text = 'genres'::text)
Planning time: 2.394 ms
Execution time: 224.838 ms
