Aggregate  (cost=257496.36..257496.37 rows=1 width=64) (actual time=1846.796..1846.796 rows=1 loops=1)
  ->  Nested Loop  (cost=118250.86..257496.35 rows=1 width=32) (actual time=560.461..1846.710 rows=184 loops=1)
        ->  Nested Loop  (cost=118250.44..257495.15 rows=1 width=36) (actual time=560.451..1846.240 rows=194 loops=1)
              Join Filter: (mi.info_type_id = it.id)
              ->  Seq Scan on info_type it  (cost=0.00..2.41 rows=1 width=4) (actual time=0.011..0.018 rows=1 loops=1)
                    Filter: ((info)::text = 'release dates'::text)
                    Rows Removed by Filter: 112
              ->  Nested Loop  (cost=118250.44..257492.47 rows=21 width=40) (actual time=560.438..1846.175 rows=194 loops=1)
                    Join Filter: (t.id = mi.movie_id)
                    ->  Nested Loop  (cost=118250.01..257304.44 rows=7 width=48) (actual time=560.426..1842.641 rows=79 loops=1)
                          Join Filter: (t.id = mc.movie_id)
                          ->  Nested Loop  (cost=118249.58..257061.22 rows=89 width=40) (actual time=560.313..1842.005 rows=102 loops=1)
                                ->  Nested Loop  (cost=118249.15..256956.40 rows=115 width=44) (actual time=559.892..1841.678 rows=115 loops=1)
                                      Join Filter: (n.id = an.person_id)
                                      ->  Nested Loop  (cost=118248.72..256841.12 rows=133 width=52) (actual time=559.847..1841.133 rows=133 loops=1)
                                            ->  Hash Join  (cost=118248.29..255803.24 rows=727 width=31) (actual time=554.558..1837.755 rows=727 loops=1)
                                                  Hash Cond: (ci.person_id = n.id)
                                                  ->  Nested Loop  (cost=0.56..134068.91 rows=276166 width=12) (actual time=0.121..1281.235 rows=276166 loops=1)
                                                        ->  Seq Scan on role_type rt  (cost=0.00..1.15 rows=1 width=4) (actual time=0.002..0.006 rows=1 loops=1)
                                                              Filter: ((role)::text = 'actress'::text)
                                                              Rows Removed by Filter: 11
                                                        ->  Index Scan using role_id_cast_info on cast_info ci  (cost=0.56..133251.71 rows=81605 width=16) (actual time=0.119..1239.927 rows=276166 loops=1)
                                                              Index Cond: (role_id = rt.id)
                                                              Filter: (note = ANY ('{(voice),"(voice: Japanese version)","(voice) (uncredited)","(voice: English version)"}'::text[]))
                                                              Rows Removed by Filter: 7175807
                                                  ->  Hash  (cost=118125.36..118125.36 rows=9789 width=19) (actual time=525.098..525.098 rows=6768 loops=1)
                                                        Buckets: 16384  Batches: 1  Memory Usage: 484kB
                                                        ->  Seq Scan on name n  (cost=0.00..118125.36 rows=9789 width=19) (actual time=221.300..523.567 rows=6768 loops=1)
                                                              Filter: ((name ~~ '%Ang%'::text) AND ((gender)::text = 'f'::text))
                                                              Rows Removed by Filter: 4160723
                                            ->  Index Scan using title_pkey on title t  (cost=0.43..1.43 rows=1 width=21) (actual time=0.004..0.004 rows=0 loops=727)
                                                  Index Cond: (id = ci.movie_id)
                                                  Filter: ((production_year >= 2005) AND (production_year <= 2009))
                                                  Rows Removed by Filter: 1
                                      ->  Index Only Scan using person_id_aka_name on aka_name an  (cost=0.42..0.84 rows=2 width=4) (actual time=0.003..0.003 rows=1 loops=133)
                                            Index Cond: (person_id = ci.person_id)
                                            Heap Fetches: 0
                                ->  Index Only Scan using char_name_pkey on char_name chn  (cost=0.43..0.91 rows=1 width=4) (actual time=0.002..0.002 rows=1 loops=115)
                                      Index Cond: (id = ci.person_role_id)
                                      Heap Fetches: 0
                          ->  Index Scan using movie_id_movie_companies on movie_companies mc  (cost=0.43..2.72 rows=1 width=8) (actual time=0.004..0.006 rows=1 loops=102)
                                Index Cond: (movie_id = ci.movie_id)
                                Filter: ((note IS NOT NULL) AND ((note ~~ '%(USA)%'::text) OR (note ~~ '%(worldwide)%'::text)))
                                Rows Removed by Filter: 6
                    ->  Index Scan using movie_id_movie_info on movie_info mi  (cost=0.43..26.84 rows=2 width=8) (actual time=0.009..0.044 rows=2 loops=79)
                          Index Cond: (movie_id = ci.movie_id)
                          Filter: ((info IS NOT NULL) AND ((info ~~ 'Japan:%200%'::text) OR (info ~~ 'USA:%200%'::text)))
                          Rows Removed by Filter: 163
        ->  Index Scan using company_name_pkey on company_name cn  (cost=0.42..1.20 rows=1 width=4) (actual time=0.002..0.002 rows=1 loops=194)
              Index Cond: (id = mc.company_id)
              Filter: ((country_code)::text = '[us]'::text)
              Rows Removed by Filter: 0
Planning time: 12.494 ms
Execution time: 1846.894 ms
