Aggregate  (cost=259116.49..259116.50 rows=1 width=64) (actual time=1849.859..1849.859 rows=1 loops=1)
  ->  Nested Loop  (cost=118250.86..259116.39 rows=20 width=32) (actual time=559.759..1849.777 rows=184 loops=1)
        Join Filter: (n.id = an.person_id)
        ->  Nested Loop  (cost=118250.44..259112.06 rows=5 width=40) (actual time=559.110..1849.366 rows=162 loops=1)
              Join Filter: (mi.info_type_id = it.id)
              ->  Seq Scan on info_type it  (cost=0.00..2.41 rows=1 width=4) (actual time=0.010..0.017 rows=1 loops=1)
                    Filter: ((info)::text = 'release dates'::text)
                    Rows Removed by Filter: 112
              ->  Nested Loop  (cost=118250.44..259108.92 rows=58 width=44) (actual time=559.098..1849.303 rows=162 loops=1)
                    Join Filter: (t.id = mi.movie_id)
                    ->  Nested Loop  (cost=118250.00..257362.96 rows=65 width=52) (actual time=559.076..1846.208 rows=65 loops=1)
                          ->  Nested Loop  (cost=118249.58..257277.51 rows=71 width=56) (actual time=559.066..1845.846 rows=71 loops=1)
                                ->  Nested Loop  (cost=118249.15..257204.59 rows=80 width=60) (actual time=559.056..1845.529 rows=80 loops=1)
                                      Join Filter: (t.id = mc.movie_id)
                                      ->  Nested Loop  (cost=118248.72..256841.12 rows=133 width=52) (actual time=559.043..1844.544 rows=133 loops=1)
                                            ->  Hash Join  (cost=118248.29..255803.24 rows=727 width=31) (actual time=553.745..1841.171 rows=727 loops=1)
                                                  Hash Cond: (ci.person_id = n.id)
                                                  ->  Nested Loop  (cost=0.56..134068.91 rows=276166 width=12) (actual time=0.122..1285.323 rows=276166 loops=1)
                                                        ->  Seq Scan on role_type rt  (cost=0.00..1.15 rows=1 width=4) (actual time=0.002..0.006 rows=1 loops=1)
                                                              Filter: ((role)::text = 'actress'::text)
                                                              Rows Removed by Filter: 11
                                                        ->  Index Scan using role_id_cast_info on cast_info ci  (cost=0.56..133251.71 rows=81605 width=16) (actual time=0.118..1244.798 rows=276166 loops=1)
                                                              Index Cond: (role_id = rt.id)
                                                              Filter: (note = ANY ('{(voice),"(voice: Japanese version)","(voice) (uncredited)","(voice: English version)"}'::text[]))
                                                              Rows Removed by Filter: 7175807
                                                  ->  Hash  (cost=118125.36..118125.36 rows=9789 width=19) (actual time=524.306..524.306 rows=6768 loops=1)
                                                        Buckets: 16384  Batches: 1  Memory Usage: 484kB
                                                        ->  Seq Scan on name n  (cost=0.00..118125.36 rows=9789 width=19) (actual time=220.871..522.746 rows=6768 loops=1)
                                                              Filter: ((name ~~ '%Ang%'::text) AND ((gender)::text = 'f'::text))
                                                              Rows Removed by Filter: 4160723
                                            ->  Index Scan using title_pkey on title t  (cost=0.43..1.43 rows=1 width=21) (actual time=0.004..0.004 rows=0 loops=727)
                                                  Index Cond: (id = ci.movie_id)
                                                  Filter: ((production_year >= 2005) AND (production_year <= 2009))
                                                  Rows Removed by Filter: 1
                                      ->  Index Scan using movie_id_movie_companies on movie_companies mc  (cost=0.43..2.72 rows=1 width=8) (actual time=0.006..0.007 rows=1 loops=133)
                                            Index Cond: (movie_id = ci.movie_id)
                                            Filter: ((note IS NOT NULL) AND ((note ~~ '%(USA)%'::text) OR (note ~~ '%(worldwide)%'::text)))
                                            Rows Removed by Filter: 4
                                ->  Index Only Scan using char_name_pkey on char_name chn  (cost=0.43..0.91 rows=1 width=4) (actual time=0.003..0.003 rows=1 loops=80)
                                      Index Cond: (id = ci.person_role_id)
                                      Heap Fetches: 0
                          ->  Index Scan using company_name_pkey on company_name cn  (cost=0.42..1.20 rows=1 width=4) (actual time=0.004..0.004 rows=1 loops=71)
                                Index Cond: (id = mc.company_id)
                                Filter: ((country_code)::text = '[us]'::text)
                                Rows Removed by Filter: 0
                    ->  Index Scan using movie_id_movie_info on movie_info mi  (cost=0.43..26.84 rows=2 width=8) (actual time=0.012..0.046 rows=2 loops=65)
                          Index Cond: (movie_id = ci.movie_id)
                          Filter: ((info IS NOT NULL) AND ((info ~~ 'Japan:%200%'::text) OR (info ~~ 'USA:%200%'::text)))
                          Rows Removed by Filter: 142
        ->  Index Only Scan using person_id_aka_name on aka_name an  (cost=0.42..0.84 rows=2 width=4) (actual time=0.002..0.002 rows=1 loops=162)
              Index Cond: (person_id = ci.person_id)
              Heap Fetches: 0
Planning time: 12.497 ms
Execution time: 1849.956 ms
