Aggregate  (cost=80977.91..80977.92 rows=1 width=64) (actual time=256.006..256.006 rows=1 loops=1)
  ->  Nested Loop  (cost=3.13..80977.90 rows=1 width=32) (actual time=206.015..255.994 rows=15 loops=1)
        Join Filter: (mi.info_type_id = it.id)
        ->  Nested Loop  (cost=3.13..80975.48 rows=1 width=36) (actual time=206.007..255.951 rows=15 loops=1)
              Join Filter: (t.id = mi.movie_id)
              ->  Nested Loop  (cost=2.70..80948.49 rows=1 width=44) (actual time=205.980..254.710 rows=15 loops=1)
                    Join Filter: (n.id = an.person_id)
                    ->  Nested Loop  (cost=2.27..80945.88 rows=3 width=52) (actual time=205.969..254.688 rows=3 loops=1)
                          ->  Nested Loop  (cost=1.85..80942.05 rows=3 width=56) (actual time=205.960..254.671 rows=3 loops=1)
                                ->  Nested Loop  (cost=1.42..80939.28 rows=3 width=60) (actual time=205.949..254.654 rows=3 loops=1)
                                      ->  Nested Loop  (cost=0.99..80900.04 rows=24 width=41) (actual time=205.918..254.558 rows=24 loops=1)
                                            Join Filter: (ci.role_id = rt.id)
                                            Rows Removed by Join Filter: 76
                                            ->  Seq Scan on role_type rt  (cost=0.00..1.15 rows=1 width=4) (actual time=0.008..0.010 rows=1 loops=1)
                                                  Filter: ((role)::text = 'actress'::text)
                                                  Rows Removed by Filter: 11
                                            ->  Nested Loop  (cost=0.99..80897.64 rows=100 width=45) (actual time=205.869..254.534 rows=100 loops=1)
                                                  Join Filter: (t.id = ci.movie_id)
                                                  ->  Nested Loop  (cost=0.43..80734.06 rows=4 width=29) (actual time=205.853..254.067 rows=4 loops=1)
                                                        ->  Seq Scan on title t  (cost=0.00..80243.46 rows=23 width=21) (actual time=20.664..253.962 rows=7 loops=1)
                                                              Filter: ((production_year >= 2007) AND (production_year <= 2008) AND (title ~~ '%Kung%Fu%Panda%'::text))
                                                              Rows Removed by Filter: 2528305
                                                        ->  Index Scan using movie_id_movie_companies on movie_companies mc  (cost=0.43..21.32 rows=1 width=8) (actual time=0.010..0.012 rows=1 loops=7)
                                                              Index Cond: (movie_id = t.id)
                                                              Filter: ((note ~~ '%(200%)%'::text) AND ((note ~~ '%(USA)%'::text) OR (note ~~ '%(worldwide)%'::text)))
                                                              Rows Removed by Filter: 6
                                                  ->  Index Scan using movie_id_cast_info on cast_info ci  (cost=0.56..40.88 rows=1 width=16) (actual time=0.007..0.108 rows=25 loops=4)
                                                        Index Cond: (movie_id = mc.movie_id)
                                                        Filter: (note = '(voice)'::text)
                                                        Rows Removed by Filter: 127
                                      ->  Index Scan using name_pkey on name n  (cost=0.43..1.64 rows=1 width=19) (actual time=0.004..0.004 rows=0 loops=24)
                                            Index Cond: (id = ci.person_id)
                                            Filter: ((name ~~ '%Angel%'::text) AND ((gender)::text = 'f'::text))
                                            Rows Removed by Filter: 1
                                ->  Index Only Scan using char_name_pkey on char_name chn  (cost=0.43..0.92 rows=1 width=4) (actual time=0.004..0.004 rows=1 loops=3)
                                      Index Cond: (id = ci.person_role_id)
                                      Heap Fetches: 0
                          ->  Index Scan using company_name_pkey on company_name cn  (cost=0.42..1.28 rows=1 width=4) (actual time=0.005..0.005 rows=1 loops=3)
                                Index Cond: (id = mc.company_id)
                                Filter: ((country_code)::text = '[us]'::text)
                    ->  Index Only Scan using person_id_aka_name on aka_name an  (cost=0.42..0.84 rows=2 width=4) (actual time=0.004..0.005 rows=5 loops=3)
                          Index Cond: (person_id = ci.person_id)
                          Heap Fetches: 0
              ->  Index Scan using movie_id_movie_info on movie_info mi  (cost=0.43..26.98 rows=1 width=8) (actual time=0.012..0.082 rows=1 loops=15)
                    Index Cond: (movie_id = ci.movie_id)
                    Filter: ((info IS NOT NULL) AND ((info ~~ 'Japan:%2007%'::text) OR (info ~~ 'USA:%2008%'::text)))
                    Rows Removed by Filter: 372
        ->  Seq Scan on info_type it  (cost=0.00..2.41 rows=1 width=4) (actual time=0.002..0.002 rows=1 loops=15)
              Filter: ((info)::text = 'release dates'::text)
              Rows Removed by Filter: 15
Planning time: 12.795 ms
Execution time: 256.112 ms
