Aggregate  (cost=259898.35..259898.36 rows=1 width=64) (actual time=1858.142..1858.142 rows=1 loops=1)
  ->  Nested Loop  (cost=3.56..259898.32 rows=7 width=32) (actual time=18.687..1857.037 rows=3575 loops=1)
        Join Filter: (n.id = an.person_id)
        ->  Nested Loop  (cost=3.14..259895.72 rows=3 width=40) (actual time=4.886..1851.301 rows=2632 loops=1)
              ->  Nested Loop  (cost=2.72..259886.35 rows=8 width=44) (actual time=4.876..1830.679 rows=8585 loops=1)
                    ->  Nested Loop  (cost=2.29..259880.92 rows=2 width=52) (actual time=4.867..1821.244 rows=2129 loops=1)
                          Join Filter: (mi.info_type_id = it.id)
                          ->  Seq Scan on info_type it  (cost=0.00..2.41 rows=1 width=4) (actual time=0.010..0.016 rows=1 loops=1)
                                Filter: ((info)::text = 'release dates'::text)
                                Rows Removed by Filter: 112
                          ->  Nested Loop  (cost=2.29..259876.26 rows=180 width=56) (actual time=4.856..1820.700 rows=2129 loops=1)
                                ->  Nested Loop  (cost=1.85..253585.66 rows=236 width=48) (actual time=4.835..1784.122 rows=3349 loops=1)
                                      ->  Nested Loop  (cost=1.42..252974.29 rows=429 width=27) (actual time=4.826..1763.166 rows=5686 loops=1)
                                            ->  Nested Loop  (cost=0.99..252170.35 rows=882 width=31) (actual time=4.816..1748.622 rows=6552 loops=1)
                                                  ->  Nested Loop  (cost=0.56..134068.91 rows=74804 width=12) (actual time=0.119..1270.608 rows=276166 loops=1)
                                                        ->  Seq Scan on role_type rt  (cost=0.00..1.15 rows=1 width=4) (actual time=0.002..0.005 rows=1 loops=1)
                                                              Filter: ((role)::text = 'actress'::text)
                                                              Rows Removed by Filter: 11
                                                        ->  Index Scan using role_id_cast_info on cast_info ci  (cost=0.56..133251.71 rows=81605 width=16) (actual time=0.117..1230.848 rows=276166 loops=1)
                                                              Index Cond: (role_id = rt.id)
                                                              Filter: (note = ANY ('{(voice),"(voice: Japanese version)","(voice) (uncredited)","(voice: English version)"}'::text[]))
                                                              Rows Removed by Filter: 7175807
                                                  ->  Index Scan using name_pkey on name n  (cost=0.43..1.58 rows=1 width=19) (actual time=0.002..0.002 rows=0 loops=276166)
                                                        Index Cond: (id = ci.person_id)
                                                        Filter: ((name ~~ '%An%'::text) AND ((gender)::text = 'f'::text))
                                                        Rows Removed by Filter: 1
                                            ->  Index Only Scan using char_name_pkey on char_name chn  (cost=0.43..0.91 rows=1 width=4) (actual time=0.002..0.002 rows=1 loops=6552)
                                                  Index Cond: (id = ci.person_role_id)
                                                  Heap Fetches: 0
                                      ->  Index Scan using title_pkey on title t  (cost=0.43..1.43 rows=1 width=21) (actual time=0.003..0.003 rows=1 loops=5686)
                                            Index Cond: (id = ci.movie_id)
                                            Filter: (production_year > 2000)
                                            Rows Removed by Filter: 0
                                ->  Index Scan using movie_id_movie_info on movie_info mi  (cost=0.43..26.64 rows=2 width=8) (actual time=0.007..0.010 rows=1 loops=3349)
                                      Index Cond: (movie_id = t.id)
                                      Filter: ((info IS NOT NULL) AND ((info ~~ 'Japan:%200%'::text) OR (info ~~ 'USA:%200%'::text)))
                                      Rows Removed by Filter: 15
                    ->  Index Scan using movie_id_movie_companies on movie_companies mc  (cost=0.43..2.67 rows=5 width=8) (actual time=0.002..0.003 rows=4 loops=2129)
                          Index Cond: (movie_id = t.id)
              ->  Index Scan using company_name_pkey on company_name cn  (cost=0.42..1.17 rows=1 width=4) (actual time=0.002..0.002 rows=0 loops=8585)
                    Index Cond: (id = mc.company_id)
                    Filter: ((country_code)::text = '[us]'::text)
                    Rows Removed by Filter: 1
        ->  Index Only Scan using person_id_aka_name on aka_name an  (cost=0.42..0.84 rows=2 width=4) (actual time=0.001..0.002 rows=1 loops=2632)
              Index Cond: (person_id = ci.person_id)
              Heap Fetches: 0
Planning time: 12.341 ms
Execution time: 1858.229 ms
