Aggregate  (cost=291512.82..291512.83 rows=1 width=64) (actual time=1985.649..1985.649 rows=1 loops=1)
  ->  Nested Loop  (cost=118742.77..291512.75 rows=14 width=32) (actual time=561.644..1984.567 rows=3575 loops=1)
        Join Filter: (n.id = an.person_id)
        ->  Nested Loop  (cost=118742.35..291511.02 rows=2 width=40) (actual time=550.789..1979.010 rows=2632 loops=1)
              Join Filter: (mi.info_type_id = it.id)
              ->  Seq Scan on info_type it  (cost=0.00..2.41 rows=1 width=4) (actual time=0.009..0.015 rows=1 loops=1)
                    Filter: ((info)::text = 'release dates'::text)
                    Rows Removed by Filter: 112
              ->  Nested Loop  (cost=118742.35..291505.50 rows=248 width=44) (actual time=550.778..1978.411 rows=2632 loops=1)
                    Join Filter: (t.id = mi.movie_id)
                    ->  Nested Loop  (cost=118741.91..286048.89 rows=206 width=52) (actual time=550.755..1924.526 rows=2526 loops=1)
                          ->  Nested Loop  (cost=118741.49..278085.84 rows=6803 width=56) (actual time=550.744..1901.964 rows=7611 loops=1)
                                ->  Nested Loop  (cost=118741.06..268992.31 rows=3349 width=48) (actual time=550.735..1888.510 rows=3349 loops=1)
                                      ->  Nested Loop  (cost=118740.63..265632.55 rows=3686 width=52) (actual time=550.725..1879.362 rows=3686 loops=1)
                                            ->  Hash Join  (cost=118740.20..256295.15 rows=6552 width=31) (actual time=550.709..1855.432 rows=6552 loops=1)
                                                  Hash Cond: (ci.person_id = n.id)
                                                  ->  Nested Loop  (cost=0.56..134068.91 rows=276166 width=12) (actual time=0.119..1274.582 rows=276166 loops=1)
                                                        ->  Seq Scan on role_type rt  (cost=0.00..1.15 rows=1 width=4) (actual time=0.002..0.006 rows=1 loops=1)
                                                              Filter: ((role)::text = 'actress'::text)
                                                              Rows Removed by Filter: 11
                                                        ->  Index Scan using role_id_cast_info on cast_info ci  (cost=0.56..133251.71 rows=81605 width=16) (actual time=0.116..1234.484 rows=276166 loops=1)
                                                              Index Cond: (role_id = rt.id)
                                                              Filter: (note = ANY ('{(voice),"(voice: Japanese version)","(voice) (uncredited)","(voice: English version)"}'::text[]))
                                                              Rows Removed by Filter: 7175807
                                                  ->  Hash  (cost=118125.36..118125.36 rows=49142 width=19) (actual time=546.340..546.340 rows=50011 loops=1)
                                                        Buckets: 65536  Batches: 1  Memory Usage: 3135kB
                                                        ->  Seq Scan on name n  (cost=0.00..118125.36 rows=49142 width=19) (actual time=223.804..535.880 rows=50011 loops=1)
                                                              Filter: ((name ~~ '%An%'::text) AND ((gender)::text = 'f'::text))
                                                              Rows Removed by Filter: 4117480
                                            ->  Index Scan using title_pkey on title t  (cost=0.43..1.43 rows=1 width=21) (actual time=0.003..0.003 rows=1 loops=6552)
                                                  Index Cond: (id = ci.movie_id)
                                                  Filter: (production_year > 2000)
                                                  Rows Removed by Filter: 0
                                      ->  Index Only Scan using char_name_pkey on char_name chn  (cost=0.43..0.91 rows=1 width=4) (actual time=0.002..0.002 rows=1 loops=3686)
                                            Index Cond: (id = ci.person_role_id)
                                            Heap Fetches: 0
                                ->  Index Scan using movie_id_movie_companies on movie_companies mc  (cost=0.43..2.67 rows=5 width=8) (actual time=0.003..0.003 rows=2 loops=3349)
                                      Index Cond: (movie_id = t.id)
                          ->  Index Scan using company_name_pkey on company_name cn  (cost=0.42..1.17 rows=1 width=4) (actual time=0.003..0.003 rows=0 loops=7611)
                                Index Cond: (id = mc.company_id)
                                Filter: ((country_code)::text = '[us]'::text)
                                Rows Removed by Filter: 1
                    ->  Index Scan using movie_id_movie_info on movie_info mi  (cost=0.43..26.46 rows=2 width=8) (actual time=0.011..0.021 rows=1 loops=2526)
                          Index Cond: (movie_id = mc.movie_id)
                          Filter: ((info IS NOT NULL) AND ((info ~~ 'Japan:%200%'::text) OR (info ~~ 'USA:%200%'::text)))
                          Rows Removed by Filter: 61
        ->  Index Only Scan using person_id_aka_name on aka_name an  (cost=0.42..0.84 rows=2 width=4) (actual time=0.001..0.002 rows=1 loops=2632)
              Index Cond: (person_id = ci.person_id)
              Heap Fetches: 0
Planning time: 12.478 ms
Execution time: 1985.745 ms
