Aggregate  (cost=269898.78..269898.79 rows=1 width=64) (actual time=1922.538..1922.538 rows=1 loops=1)
  ->  Nested Loop  (cost=118742.77..269898.72 rows=12 width=32) (actual time=555.638..1921.468 rows=3575 loops=1)
        Join Filter: (n.id = an.person_id)
        ->  Nested Loop  (cost=118742.35..269895.25 rows=4 width=40) (actual time=545.278..1915.780 rows=2632 loops=1)
              ->  Nested Loop  (cost=118741.93..269883.55 rows=10 width=44) (actual time=545.266..1895.458 rows=8585 loops=1)
                    ->  Nested Loop  (cost=118741.50..269878.12 rows=2 width=52) (actual time=545.256..1886.184 rows=2129 loops=1)
                          Join Filter: (mi.info_type_id = it.id)
                          ->  Seq Scan on info_type it  (cost=0.00..2.41 rows=1 width=4) (actual time=0.010..0.017 rows=1 loops=1)
                                Filter: ((info)::text = 'release dates'::text)
                                Rows Removed by Filter: 112
                          ->  Nested Loop  (cost=118741.50..269873.08 rows=210 width=56) (actual time=545.244..1885.655 rows=2129 loops=1)
                                ->  Nested Loop  (cost=118741.06..262942.76 rows=260 width=48) (actual time=545.224..1849.823 rows=3349 loops=1)
                                      ->  Nested Loop  (cost=118740.63..262267.25 rows=474 width=27) (actual time=545.213..1829.536 rows=5686 loops=1)
                                            ->  Hash Join  (cost=118740.20..256295.15 rows=6552 width=31) (actual time=545.198..1815.166 rows=6552 loops=1)
                                                  Hash Cond: (ci.person_id = n.id)
                                                  ->  Nested Loop  (cost=0.56..134068.91 rows=276166 width=12) (actual time=0.117..1239.946 rows=276166 loops=1)
                                                        ->  Seq Scan on role_type rt  (cost=0.00..1.15 rows=1 width=4) (actual time=0.002..0.006 rows=1 loops=1)
                                                              Filter: ((role)::text = 'actress'::text)
                                                              Rows Removed by Filter: 11
                                                        ->  Index Scan using role_id_cast_info on cast_info ci  (cost=0.56..133251.71 rows=81605 width=16) (actual time=0.114..1200.563 rows=276166 loops=1)
                                                              Index Cond: (role_id = rt.id)
                                                              Filter: (note = ANY ('{(voice),"(voice: Japanese version)","(voice) (uncredited)","(voice: English version)"}'::text[]))
                                                              Rows Removed by Filter: 7175807
                                                  ->  Hash  (cost=118125.36..118125.36 rows=49142 width=19) (actual time=541.067..541.067 rows=50011 loops=1)
                                                        Buckets: 65536  Batches: 1  Memory Usage: 3135kB
                                                        ->  Seq Scan on name n  (cost=0.00..118125.36 rows=49142 width=19) (actual time=221.624..530.661 rows=50011 loops=1)
                                                              Filter: ((name ~~ '%An%'::text) AND ((gender)::text = 'f'::text))
                                                              Rows Removed by Filter: 4117480
                                            ->  Index Only Scan using char_name_pkey on char_name chn  (cost=0.43..0.91 rows=1 width=4) (actual time=0.002..0.002 rows=1 loops=6552)
                                                  Index Cond: (id = ci.person_role_id)
                                                  Heap Fetches: 0
                                      ->  Index Scan using title_pkey on title t  (cost=0.43..1.43 rows=1 width=21) (actual time=0.003..0.003 rows=1 loops=5686)
                                            Index Cond: (id = ci.movie_id)
                                            Filter: (production_year > 2000)
                                            Rows Removed by Filter: 0
                                ->  Index Scan using movie_id_movie_info on movie_info mi  (cost=0.43..26.64 rows=2 width=8) (actual time=0.007..0.010 rows=1 loops=3349)
                                      Index Cond: (movie_id = t.id)
                                      Filter: ((info IS NOT NULL) AND ((info ~~ 'Japan:%200%'::text) OR (info ~~ 'USA:%200%'::text)))
                                      Rows Removed by Filter: 15
                    ->  Index Scan using movie_id_movie_companies on movie_companies mc  (cost=0.43..2.67 rows=5 width=8) (actual time=0.002..0.003 rows=4 loops=2129)
                          Index Cond: (movie_id = t.id)
              ->  Index Scan using company_name_pkey on company_name cn  (cost=0.42..1.17 rows=1 width=4) (actual time=0.002..0.002 rows=0 loops=8585)
                    Index Cond: (id = mc.company_id)
                    Filter: ((country_code)::text = '[us]'::text)
                    Rows Removed by Filter: 1
        ->  Index Only Scan using person_id_aka_name on aka_name an  (cost=0.42..0.84 rows=2 width=4) (actual time=0.001..0.002 rows=1 loops=2632)
              Index Cond: (person_id = ci.person_id)
              Heap Fetches: 0
Planning time: 12.425 ms
Execution time: 1922.638 ms
