Aggregate  (cost=12281.97..12281.98 rows=1 width=32) (actual time=1898.438..1898.438 rows=1 loops=1)
  ->  Nested Loop  (cost=9.02..12281.97 rows=1 width=17) (actual time=12.528..1898.397 rows=33 loops=1)
        ->  Nested Loop  (cost=8.59..12281.52 rows=1 width=21) (actual time=12.517..1898.225 rows=33 loops=1)
              ->  Nested Loop  (cost=8.16..12276.45 rows=11 width=25) (actual time=1.684..953.569 rows=532809 loops=1)
                    Join Filter: (t.id = ci.movie_id)
                    ->  Nested Loop  (cost=7.59..12270.58 rows=3 width=29) (actual time=1.674..303.108 rows=6016 loops=1)
                          Join Filter: (t.kind_id = kt.id)
                          Rows Removed by Join Filter: 1347
                          ->  Seq Scan on kind_type kt  (cost=0.00..1.09 rows=1 width=4) (actual time=0.005..0.007 rows=1 loops=1)
                                Filter: ((kind)::text = 'movie'::text)
                                Rows Removed by Filter: 6
                          ->  Nested Loop  (cost=7.59..12269.23 rows=21 width=33) (actual time=0.566..301.548 rows=7363 loops=1)
                                ->  Nested Loop  (cost=7.16..12257.97 rows=23 width=8) (actual time=0.558..267.424 rows=8765 loops=1)
                                      Join Filter: (cc.status_id = cct2.id)
                                      Rows Removed by Join Filter: 8765
                                      ->  Seq Scan on comp_cast_type cct2  (cost=0.00..1.05 rows=1 width=4) (actual time=0.003..0.005 rows=2 loops=1)
                                            Filter: ((kind)::text ~~ '%complete%'::text)
                                            Rows Removed by Filter: 2
                                      ->  Nested Loop  (cost=7.16..12255.76 rows=93 width=12) (actual time=0.526..132.396 rows=8765 loops=2)
                                            Join Filter: (cc.subject_id = cct1.id)
                                            Rows Removed by Join Filter: 4045
                                            ->  Seq Scan on comp_cast_type cct1  (cost=0.00..1.05 rows=1 width=4) (actual time=0.001..0.003 rows=1 loops=2)
                                                  Filter: ((kind)::text = 'cast'::text)
                                                  Rows Removed by Filter: 3
                                            ->  Nested Loop  (cost=7.16..12250.07 rows=371 width=16) (actual time=0.524..130.344 rows=12810 loops=2)
                                                  ->  Nested Loop  (cost=6.74..12121.56 rows=270 width=4) (actual time=0.436..68.938 rows=35548 loops=2)
                                                        ->  Seq Scan on keyword k  (cost=0.00..3632.40 rows=8 width=4) (actual time=0.084..23.508 rows=8 loops=2)
                                                              Filter: (keyword = ANY ('{superhero,sequel,second-part,marvel-comics,based-on-comic,tv-special,fight,violence}'::text[]))
                                                              Rows Removed by Filter: 134162
                                                        ->  Bitmap Heap Scan on movie_keyword mk  (cost=6.74..1058.16 rows=298 width=8) (actual time=0.788..4.990 rows=4444 loops=16)
                                                              Recheck Cond: (keyword_id = k.id)
                                                              Heap Blocks: exact=46976
                                                              ->  Bitmap Index Scan on keyword_id_movie_keyword  (cost=0.00..6.67 rows=298 width=0) (actual time=0.420..0.420 rows=4444 loops=16)
                                                                    Index Cond: (keyword_id = k.id)
                                                  ->  Index Scan using movie_id_complete_cast on complete_cast cc  (cost=0.42..0.46 rows=2 width=12) (actual time=0.001..0.001 rows=0 loops=71096)
                                                        Index Cond: (movie_id = mk.movie_id)
                                ->  Index Scan using title_pkey on title t  (cost=0.43..0.49 rows=1 width=25) (actual time=0.004..0.004 rows=1 loops=8765)
                                      Index Cond: (id = mk.movie_id)
                                      Filter: (production_year > 1950)
                                      Rows Removed by Filter: 0
                    ->  Index Scan using movie_id_cast_info on cast_info ci  (cost=0.56..1.51 rows=36 width=12) (actual time=0.006..0.090 rows=89 loops=6016)
                          Index Cond: (movie_id = mk.movie_id)
              ->  Index Scan using char_name_pkey on char_name chn  (cost=0.43..0.46 rows=1 width=4) (actual time=0.002..0.002 rows=0 loops=532809)
                    Index Cond: (id = ci.person_role_id)
                    Filter: ((name !~~ '%Sherlock%'::text) AND ((name ~~ '%Tony%Stark%'::text) OR (name ~~ '%Iron%Man%'::text)))
                    Rows Removed by Filter: 0
        ->  Index Only Scan using name_pkey on name n  (cost=0.43..0.45 rows=1 width=4) (actual time=0.004..0.004 rows=1 loops=33)
              Index Cond: (id = ci.person_id)
              Heap Fetches: 0
Planning time: 7.800 ms
Execution time: 1898.522 ms
