Aggregate  (cost=38918.54..38918.55 rows=1 width=64) (actual time=650.770..650.770 rows=1 loops=1)
  ->  Nested Loop  (cost=3782.26..38910.41 rows=1626 width=32) (actual time=42.852..648.980 rows=5406 loops=1)
        ->  Nested Loop  (cost=3781.83..38170.08 rows=1626 width=21) (actual time=42.844..625.398 rows=5406 loops=1)
              ->  Nested Loop  (cost=3781.40..24615.37 rows=29611 width=25) (actual time=42.377..346.471 rows=189844 loops=1)
                    Join Filter: (t.id = ci.movie_id)
                    ->  Hash Join  (cost=3780.83..22136.75 rows=1267 width=29) (actual time=42.365..133.709 rows=1267 loops=1)
                          Hash Cond: (cc.status_id = cct2.id)
                          ->  Hash Join  (cost=3779.77..22122.50 rows=1267 width=33) (actual time=42.349..133.303 rows=1267 loops=1)
                                Hash Cond: (t.kind_id = kt.id)
                                ->  Nested Loop  (cost=3778.67..22103.29 rows=1595 width=37) (actual time=41.985..132.864 rows=1595 loops=1)
                                      ->  Hash Join  (cost=3778.24..18970.66 rows=6396 width=12) (actual time=41.688..110.679 rows=6396 loops=1)
                                            Hash Cond: (cc.subject_id = cct1.id)
                                            ->  Hash Join  (cost=3777.18..18871.86 rows=9392 width=16) (actual time=41.683..108.722 rows=9392 loops=1)
                                                  Hash Cond: (mk.movie_id = cc.movie_id)
                                                  ->  Nested Loop  (cost=6.74..14438.63 rows=24091 width=4) (actual time=0.472..57.677 rows=24091 loops=1)
                                                        ->  Seq Scan on keyword k  (cost=0.00..3967.82 rows=10 width=4) (actual time=0.101..26.302 rows=10 loops=1)
                                                              Filter: (keyword = ANY ('{superhero,marvel-comics,based-on-comic,tv-special,fight,violence,magnet,web,claw,laser}'::text[]))
                                                              Rows Removed by Filter: 134160
                                                        ->  Bitmap Heap Scan on movie_keyword mk  (cost=6.74..1044.10 rows=298 width=8) (actual time=0.471..2.760 rows=2409 loops=10)
                                                              Recheck Cond: (keyword_id = k.id)
                                                              Heap Blocks: exact=17127
                                                              ->  Bitmap Index Scan on keyword_id_movie_keyword  (cost=0.00..6.67 rows=298 width=0) (actual time=0.249..0.249 rows=2409 loops=10)
                                                                    Index Cond: (keyword_id = k.id)
                                                  ->  Hash  (cost=2081.86..2081.86 rows=135086 width=12) (actual time=40.866..40.866 rows=135086 loops=1)
                                                        Buckets: 262144  Batches: 1  Memory Usage: 7853kB
                                                        ->  Seq Scan on complete_cast cc  (cost=0.00..2081.86 rows=135086 width=12) (actual time=0.004..17.923 rows=135086 loops=1)
                                            ->  Hash  (cost=1.05..1.05 rows=1 width=4) (actual time=0.002..0.002 rows=1 loops=1)
                                                  Buckets: 1024  Batches: 1  Memory Usage: 9kB
                                                  ->  Seq Scan on comp_cast_type cct1  (cost=0.00..1.05 rows=1 width=4) (actual time=0.001..0.001 rows=1 loops=1)
                                                        Filter: ((kind)::text = 'cast'::text)
                                                        Rows Removed by Filter: 3
                                      ->  Index Scan using title_pkey on title t  (cost=0.43..0.49 rows=1 width=25) (actual time=0.003..0.003 rows=0 loops=6396)
                                            Index Cond: (id = mk.movie_id)
                                            Filter: (production_year > 2000)
                                            Rows Removed by Filter: 1
                                ->  Hash  (cost=1.09..1.09 rows=1 width=4) (actual time=0.003..0.003 rows=1 loops=1)
                                      Buckets: 1024  Batches: 1  Memory Usage: 9kB
                                      ->  Seq Scan on kind_type kt  (cost=0.00..1.09 rows=1 width=4) (actual time=0.002..0.003 rows=1 loops=1)
                                            Filter: ((kind)::text = 'movie'::text)
                                            Rows Removed by Filter: 6
                          ->  Hash  (cost=1.05..1.05 rows=1 width=4) (actual time=0.009..0.009 rows=2 loops=1)
                                Buckets: 1024  Batches: 1  Memory Usage: 9kB
                                ->  Seq Scan on comp_cast_type cct2  (cost=0.00..1.05 rows=1 width=4) (actual time=0.006..0.007 rows=2 loops=1)
                                      Filter: ((kind)::text ~~ '%complete%'::text)
                                      Rows Removed by Filter: 2
                    ->  Index Scan using movie_id_cast_info on cast_info ci  (cost=0.56..1.51 rows=36 width=12) (actual time=0.006..0.136 rows=150 loops=1267)
                          Index Cond: (movie_id = mk.movie_id)
              ->  Index Scan using char_name_pkey on char_name chn  (cost=0.43..0.46 rows=1 width=4) (actual time=0.001..0.001 rows=0 loops=189844)
                    Index Cond: (id = ci.person_role_id)
                    Filter: ((name IS NOT NULL) AND ((name ~~ '%man%'::text) OR (name ~~ '%Man%'::text)))
                    Rows Removed by Filter: 0
        ->  Index Scan using name_pkey on name n  (cost=0.43..0.46 rows=1 width=19) (actual time=0.004..0.004 rows=1 loops=5406)
              Index Cond: (id = ci.person_id)
Planning time: 7.830 ms
Execution time: 650.890 ms
