Aggregate  (cost=6971.51..6971.52 rows=1 width=96) (actual time=27.160..27.160 rows=1 loops=1)
  ->  Nested Loop  (cost=4.00..6971.51 rows=1 width=48) (actual time=7.218..27.131 rows=45 loops=1)
        ->  Nested Loop  (cost=3.58..6968.14 rows=2 width=52) (actual time=7.119..25.601 rows=810 loops=1)
              Join Filter: (t.id = mk.movie_id)
              ->  Nested Loop  (cost=3.14..6965.11 rows=1 width=64) (actual time=7.109..25.247 rows=25 loops=1)
                    Join Filter: (n.id = an.person_id)
                    ->  Nested Loop  (cost=2.72..6964.10 rows=1 width=72) (actual time=7.098..25.218 rows=5 loops=1)
                          ->  Nested Loop  (cost=2.29..6962.25 rows=1 width=53) (actual time=6.859..25.120 rows=31 loops=1)
                                Join Filter: (it.id = mi.info_type_id)
                                ->  Seq Scan on info_type it  (cost=0.00..2.41 rows=1 width=4) (actual time=0.007..0.013 rows=1 loops=1)
                                      Filter: ((info)::text = 'release dates'::text)
                                      Rows Removed by Filter: 112
                                ->  Nested Loop  (cost=2.29..6959.82 rows=1 width=57) (actual time=6.850..25.098 rows=31 loops=1)
                                      Join Filter: (t.id = mi.movie_id)
                                      ->  Nested Loop  (cost=1.85..6927.77 rows=1 width=49) (actual time=6.828..24.561 rows=15 loops=1)
                                            ->  Nested Loop  (cost=1.42..6926.03 rows=1 width=37) (actual time=6.818..24.479 rows=16 loops=1)
                                                  Join Filter: (rt.id = ci.role_id)
                                                  Rows Removed by Join Filter: 41
                                                  ->  Seq Scan on role_type rt  (cost=0.00..1.15 rows=1 width=4) (actual time=0.002..0.005 rows=1 loops=1)
                                                        Filter: ((role)::text = 'actress'::text)
                                                        Rows Removed by Filter: 11
                                                  ->  Nested Loop  (cost=1.42..6924.87 rows=1 width=41) (actual time=6.765..24.465 rows=57 loops=1)
                                                        Join Filter: (t.id = ci.movie_id)
                                                        ->  Nested Loop  (cost=0.86..6885.98 rows=1 width=25) (actual time=6.590..24.150 rows=4 loops=1)
                                                              ->  Nested Loop  (cost=0.43..6868.05 rows=11 width=4) (actual time=6.505..23.779 rows=99 loops=1)
                                                                    ->  Seq Scan on company_name cn  (cost=0.00..6519.95 rows=1 width=4) (actual time=6.485..23.661 rows=1 loops=1)
                                                                          Filter: (((country_code)::text = '[us]'::text) AND (name = 'DreamWorks Animation'::text))
                                                                          Rows Removed by Filter: 234996
                                                                    ->  Index Scan using company_id_movie_companies on movie_companies mc  (cost=0.43..346.77 rows=132 width=8) (actual time=0.017..0.098 rows=99 loops=1)
                                                                          Index Cond: (company_id = cn.id)
                                                              ->  Index Scan using title_pkey on title t  (cost=0.43..1.62 rows=1 width=21) (actual time=0.004..0.004 rows=0 loops=99)
                                                                    Index Cond: (id = mc.movie_id)
                                                                    Filter: ((production_year > 2010) AND (title ~~ 'Kung Fu Panda%'::text))
                                                                    Rows Removed by Filter: 1
                                                        ->  Index Scan using movie_id_cast_info on cast_info ci  (cost=0.56..38.88 rows=1 width=16) (actual time=0.013..0.075 rows=14 loops=4)
                                                              Index Cond: (movie_id = mc.movie_id)
                                                              Filter: (note = ANY ('{(voice),"(voice: Japanese version)","(voice) (uncredited)","(voice: English version)"}'::text[]))
                                                              Rows Removed by Filter: 45
                                            ->  Index Scan using char_name_pkey on char_name chn  (cost=0.43..1.74 rows=1 width=20) (actual time=0.005..0.005 rows=1 loops=16)
                                                  Index Cond: (id = ci.person_role_id)
                                      ->  Index Scan using movie_id_movie_info on movie_info mi  (cost=0.43..32.04 rows=1 width=8) (actual time=0.006..0.035 rows=2 loops=15)
                                            Index Cond: (movie_id = mc.movie_id)
                                            Filter: ((info IS NOT NULL) AND ((info ~~ 'Japan:%201%'::text) OR (info ~~ 'USA:%201%'::text)))
                                            Rows Removed by Filter: 135
                          ->  Index Scan using name_pkey on name n  (cost=0.43..1.85 rows=1 width=19) (actual time=0.003..0.003 rows=0 loops=31)
                                Index Cond: (id = ci.person_id)
                                Filter: ((name ~~ '%An%'::text) AND ((gender)::text = 'f'::text))
                                Rows Removed by Filter: 1
                    ->  Index Only Scan using person_id_aka_name on aka_name an  (cost=0.42..0.99 rows=2 width=4) (actual time=0.003..0.004 rows=5 loops=5)
                          Index Cond: (person_id = ci.person_id)
                          Heap Fetches: 0
              ->  Index Scan using movie_id_movie_keyword on movie_keyword mk  (cost=0.43..2.46 rows=46 width=8) (actual time=0.002..0.008 rows=32 loops=25)
                    Index Cond: (movie_id = mc.movie_id)
        ->  Index Scan using keyword_pkey on keyword k  (cost=0.42..1.47 rows=1 width=4) (actual time=0.002..0.002 rows=0 loops=810)
              Index Cond: (id = mk.keyword_id)
              Filter: (keyword = ANY ('{hero,martial-arts,hand-to-hand-combat,computer-animated-movie}'::text[]))
              Rows Removed by Filter: 1
Planning time: 49.812 ms
Execution time: 27.255 ms
