Aggregate  (cost=7212.23..7212.24 rows=1 width=96) (actual time=36.106..36.106 rows=1 loops=1)
  ->  Nested Loop  (cost=4.00..7212.22 rows=1 width=48) (actual time=8.950..36.079 rows=45 loops=1)
        ->  Nested Loop  (cost=3.58..7210.33 rows=1 width=52) (actual time=8.807..34.643 rows=810 loops=1)
              ->  Nested Loop  (cost=3.15..7208.48 rows=1 width=45) (actual time=8.798..31.603 rows=1986 loops=1)
                    Join Filter: (ci.role_id = rt.id)
                    Rows Removed by Join Filter: 11124
                    ->  Seq Scan on role_type rt  (cost=0.00..1.15 rows=1 width=4) (actual time=0.007..0.009 rows=1 loops=1)
                          Filter: ((role)::text = 'actress'::text)
                          Rows Removed by Filter: 11
                    ->  Nested Loop  (cost=3.15..7207.28 rows=4 width=49) (actual time=6.837..30.445 rows=13110 loops=1)
                          Join Filter: (t.id = mk.movie_id)
                          ->  Nested Loop  (cost=2.71..7201.22 rows=2 width=61) (actual time=6.827..25.698 rows=323 loops=1)
                                ->  Nested Loop  (cost=2.29..7200.21 rows=1 width=57) (actual time=6.807..25.331 rows=122 loops=1)
                                      ->  Nested Loop  (cost=1.86..7198.47 rows=1 width=45) (actual time=6.798..24.922 rows=125 loops=1)
                                            Join Filter: (t.id = ci.movie_id)
                                            ->  Nested Loop  (cost=1.29..7159.58 rows=1 width=29) (actual time=6.781..24.457 rows=5 loops=1)
                                                  Join Filter: (it.id = mi.info_type_id)
                                                  ->  Seq Scan on info_type it  (cost=0.00..2.41 rows=1 width=4) (actual time=0.003..0.010 rows=1 loops=1)
                                                        Filter: ((info)::text = 'release dates'::text)
                                                        Rows Removed by Filter: 112
                                                  ->  Nested Loop  (cost=1.29..7157.16 rows=1 width=33) (actual time=6.776..24.444 rows=5 loops=1)
                                                        Join Filter: (t.id = mi.movie_id)
                                                        ->  Nested Loop  (cost=0.86..7028.94 rows=4 width=25) (actual time=6.604..24.326 rows=4 loops=1)
                                                              ->  Nested Loop  (cost=0.43..6868.05 rows=99 width=4) (actual time=6.519..23.941 rows=99 loops=1)
                                                                    ->  Seq Scan on company_name cn  (cost=0.00..6519.95 rows=1 width=4) (actual time=6.499..23.821 rows=1 loops=1)
                                                                          Filter: (((country_code)::text = '[us]'::text) AND (name = 'DreamWorks Animation'::text))
                                                                          Rows Removed by Filter: 234996
                                                                    ->  Index Scan using company_id_movie_companies on movie_companies mc  (cost=0.43..346.77 rows=132 width=8) (actual time=0.017..0.101 rows=99 loops=1)
                                                                          Index Cond: (company_id = cn.id)
                                                              ->  Index Scan using title_pkey on title t  (cost=0.43..1.62 rows=1 width=21) (actual time=0.004..0.004 rows=0 loops=99)
                                                                    Index Cond: (id = mc.movie_id)
                                                                    Filter: ((production_year > 2010) AND (title ~~ 'Kung Fu Panda%'::text))
                                                                    Rows Removed by Filter: 1
                                                        ->  Index Scan using movie_id_movie_info on movie_info mi  (cost=0.43..32.04 rows=1 width=8) (actual time=0.011..0.028 rows=1 loops=4)
                                                              Index Cond: (movie_id = mc.movie_id)
                                                              Filter: ((info IS NOT NULL) AND ((info ~~ 'Japan:%201%'::text) OR (info ~~ 'USA:%201%'::text)))
                                                              Rows Removed by Filter: 70
                                            ->  Index Scan using movie_id_cast_info on cast_info ci  (cost=0.56..38.88 rows=1 width=16) (actual time=0.007..0.087 rows=25 loops=5)
                                                  Index Cond: (movie_id = mc.movie_id)
                                                  Filter: (note = ANY ('{(voice),"(voice: Japanese version)","(voice) (uncredited)","(voice: English version)"}'::text[]))
                                                  Rows Removed by Filter: 83
                                      ->  Index Scan using char_name_pkey on char_name chn  (cost=0.43..1.74 rows=1 width=20) (actual time=0.003..0.003 rows=1 loops=125)
                                            Index Cond: (id = ci.person_role_id)
                                ->  Index Only Scan using person_id_aka_name on aka_name an  (cost=0.42..0.99 rows=2 width=4) (actual time=0.002..0.002 rows=3 loops=122)
                                      Index Cond: (person_id = ci.person_id)
                                      Heap Fetches: 0
                          ->  Index Scan using movie_id_movie_keyword on movie_keyword mk  (cost=0.43..2.46 rows=46 width=8) (actual time=0.002..0.007 rows=41 loops=323)
                                Index Cond: (movie_id = mc.movie_id)
              ->  Index Scan using name_pkey on name n  (cost=0.43..1.85 rows=1 width=19) (actual time=0.001..0.001 rows=0 loops=1986)
                    Index Cond: (id = ci.person_id)
                    Filter: ((name ~~ '%An%'::text) AND ((gender)::text = 'f'::text))
                    Rows Removed by Filter: 1
        ->  Index Scan using keyword_pkey on keyword k  (cost=0.42..1.47 rows=1 width=4) (actual time=0.002..0.002 rows=0 loops=810)
              Index Cond: (id = mk.keyword_id)
              Filter: (keyword = ANY ('{hero,martial-arts,hand-to-hand-combat,computer-animated-movie}'::text[]))
              Rows Removed by Filter: 1
Planning time: 50.230 ms
Execution time: 36.214 ms
