Aggregate  (cost=8769.21..8769.22 rows=1 width=128) (actual time=2032.172..2032.172 rows=1 loops=1)
  ->  Nested Loop  (cost=9.03..8769.20 rows=1 width=80) (actual time=7.545..2029.262 rows=4407 loops=1)
        Join Filter: (mi.movie_id = t.id)
        ->  Nested Loop  (cost=8.60..8768.36 rows=1 width=79) (actual time=7.537..2012.884 rows=4407 loops=1)
              ->  Nested Loop  (cost=8.17..8767.28 rows=1 width=68) (actual time=5.757..1977.897 rows=7112 loops=1)
                    Join Filter: (mi.info_type_id = it1.id)
                    Rows Removed by Join Filter: 628
                    ->  Nested Loop  (cost=8.17..8764.86 rows=1 width=72) (actual time=5.749..1960.312 rows=7740 loops=1)
                          Join Filter: (mi.movie_id = ci.movie_id)
                          ->  Nested Loop  (cost=7.60..8736.68 rows=1 width=64) (actual time=2.856..1348.358 rows=12260 loops=1)
                                Join Filter: (mi_idx.movie_id = mi.movie_id)
                                ->  Nested Loop  (cost=7.17..8666.82 rows=4 width=14) (actual time=2.829..323.541 rows=50760 loops=1)
                                      Join Filter: (mi_idx.info_type_id = it2.id)
                                      Rows Removed by Join Filter: 101960
                                      ->  Seq Scan on info_type it2  (cost=0.00..2.41 rows=1 width=4) (actual time=0.010..0.012 rows=1 loops=1)
                                            Filter: ((info)::text = 'votes'::text)
                                            Rows Removed by Filter: 112
                                      ->  Nested Loop  (cost=7.17..8658.10 rows=505 width=18) (actual time=2.816..303.663 rows=152720 loops=1)
                                            ->  Nested Loop  (cost=6.74..8522.79 rows=169 width=4) (actual time=2.806..100.571 rows=62096 loops=1)
                                                  ->  Seq Scan on keyword k  (cost=0.00..3129.26 rows=5 width=4) (actual time=0.517..16.920 rows=5 loops=1)
                                                        Filter: (keyword = ANY ('{murder,blood,gore,death,female-nudity}'::text[]))
                                                        Rows Removed by Filter: 134165
                                                  ->  Bitmap Heap Scan on movie_keyword mk  (cost=6.74..1075.72 rows=298 width=8) (actual time=2.200..14.547 rows=12419 loops=5)
                                                        Recheck Cond: (keyword_id = k.id)
                                                        Heap Blocks: exact=41331
                                                        ->  Bitmap Index Scan on keyword_id_movie_keyword  (cost=0.00..6.67 rows=298 width=0) (actual time=1.148..1.148 rows=12419 loops=5)
                                                              Index Cond: (keyword_id = k.id)
                                            ->  Index Scan using movie_id_movie_info_idx on movie_info_idx mi_idx  (cost=0.43..0.77 rows=3 width=14) (actual time=0.002..0.003 rows=2 loops=62096)
                                                  Index Cond: (movie_id = mk.movie_id)
                                ->  Index Scan using movie_id_movie_info on movie_info mi  (cost=0.43..17.45 rows=1 width=50) (actual time=0.020..0.020 rows=0 loops=50760)
                                      Index Cond: (movie_id = mk.movie_id)
                                      Filter: (info = 'Horror'::text)
                                      Rows Removed by Filter: 56
                          ->  Index Scan using movie_id_cast_info on cast_info ci  (cost=0.56..28.17 rows=1 width=8) (actual time=0.041..0.049 rows=1 loops=12260)
                                Index Cond: (movie_id = mk.movie_id)
                                Filter: (note = ANY ('{(writer),"(head writer)","(written by)",(story),"(story editor)"}'::text[]))
                                Rows Removed by Filter: 47
                    ->  Seq Scan on info_type it1  (cost=0.00..2.41 rows=1 width=4) (actual time=0.001..0.002 rows=1 loops=7740)
                          Filter: ((info)::text = 'genres'::text)
                          Rows Removed by Filter: 11
              ->  Index Scan using name_pkey on name n  (cost=0.43..1.07 rows=1 width=19) (actual time=0.005..0.005 rows=1 loops=7112)
                    Index Cond: (id = ci.person_id)
                    Filter: ((gender)::text = 'm'::text)
                    Rows Removed by Filter: 0
        ->  Index Scan using title_pkey on title t  (cost=0.43..0.84 rows=1 width=21) (actual time=0.003..0.003 rows=1 loops=4407)
              Index Cond: (id = mk.movie_id)
Planning time: 7.199 ms
Execution time: 2032.262 ms
