Aggregate  (cost=12394.55..12394.56 rows=1 width=96) (actual time=159.787..159.787 rows=1 loops=1)
  ->  Nested Loop  (cost=9.44..12394.54 rows=1 width=39) (actual time=8.606..159.730 rows=93 loops=1)
        Join Filter: (cct1.id = cc.subject_id)
        Rows Removed by Join Filter: 87
        ->  Seq Scan on comp_cast_type cct1  (cost=0.00..1.05 rows=1 width=4) (actual time=0.004..0.005 rows=1 loops=1)
              Filter: ((kind)::text = 'cast'::text)
              Rows Removed by Filter: 3
        ->  Nested Loop  (cost=9.44..12393.48 rows=1 width=43) (actual time=8.600..159.692 rows=180 loops=1)
              Join Filter: (cct2.id = cc.status_id)
              Rows Removed by Join Filter: 180
              ->  Seq Scan on comp_cast_type cct2  (cost=0.00..1.05 rows=1 width=4) (actual time=0.002..0.004 rows=2 loops=1)
                    Filter: ((kind)::text ~~ '%complete%'::text)
                    Rows Removed by Filter: 2
              ->  Nested Loop  (cost=9.44..12392.42 rows=1 width=47) (actual time=8.687..79.814 rows=180 loops=2)
                    ->  Nested Loop  (cost=9.02..12391.94 rows=1 width=55) (actual time=7.689..79.392 rows=191 loops=2)
                          ->  Nested Loop  (cost=8.59..12391.49 rows=1 width=59) (actual time=7.681..78.651 rows=191 loops=2)
                                ->  Nested Loop  (cost=8.16..12385.08 rows=14 width=47) (actual time=7.648..67.958 rows=7981 loops=2)
                                      Join Filter: (t.id = ci.movie_id)
                                      ->  Nested Loop  (cost=7.60..12383.12 rows=1 width=35) (actual time=7.634..59.176 rows=31 loops=2)
                                            Join Filter: (kt.id = t.kind_id)
                                            Rows Removed by Join Filter: 167
                                            ->  Seq Scan on kind_type kt  (cost=0.00..1.09 rows=1 width=4) (actual time=0.001..0.003 rows=1 loops=2)
                                                  Filter: ((kind)::text = 'movie'::text)
                                                  Rows Removed by Filter: 6
                                            ->  Nested Loop  (cost=7.60..12381.99 rows=4 width=39) (actual time=0.508..59.139 rows=198 loops=2)
                                                  ->  Nested Loop  (cost=7.17..12377.09 rows=10 width=14) (actual time=0.501..57.938 rows=313 loops=2)
                                                        Join Filter: (mi_idx.info_type_id = it2.id)
                                                        Rows Removed by Join Filter: 599
                                                        ->  Seq Scan on info_type it2  (cost=0.00..2.41 rows=1 width=4) (actual time=0.008..0.011 rows=1 loops=2)
                                                              Filter: ((info)::text = 'rating'::text)
                                                              Rows Removed by Filter: 112
                                                        ->  Nested Loop  (cost=7.17..12360.93 rows=1100 width=18) (actual time=0.446..57.810 rows=912 loops=2)
                                                              ->  Nested Loop  (cost=6.74..7290.41 rows=9984 width=4) (actual time=0.408..28.622 rows=9984 loops=2)
                                                                    ->  Seq Scan on keyword k  (cost=0.00..2961.55 rows=4 width=4) (actual time=0.058..15.820 rows=4 loops=2)
                                                                          Filter: (keyword = ANY ('{superhero,marvel-comics,based-on-comic,fight}'::text[]))
                                                                          Rows Removed by Filter: 134166
                                                                    ->  Bitmap Heap Scan on movie_keyword mk  (cost=6.74..1079.23 rows=298 width=8) (actual time=0.479..2.831 rows=2496 loops=8)
                                                                          Recheck Cond: (keyword_id = k.id)
                                                                          Heap Blocks: exact=15372
                                                                          ->  Bitmap Index Scan on keyword_id_movie_keyword  (cost=0.00..6.67 rows=298 width=0) (actual time=0.247..0.247 rows=2496 loops=8)
                                                                                Index Cond: (keyword_id = k.id)
                                                              ->  Index Scan using movie_id_movie_info_idx on movie_info_idx mi_idx  (cost=0.43..0.50 rows=1 width=14) (actual time=0.003..0.003 rows=0 loops=19968)
                                                                    Index Cond: (movie_id = mk.movie_id)
                                                                    Filter: (info > '8.0'::text)
                                                                    Rows Removed by Filter: 2
                                                  ->  Index Scan using title_pkey on title t  (cost=0.43..0.49 rows=1 width=25) (actual time=0.003..0.003 rows=1 loops=626)
                                                        Index Cond: (id = mk.movie_id)
                                                        Filter: (production_year > 2005)
                                                        Rows Removed by Filter: 0
                                      ->  Index Scan using movie_id_cast_info on cast_info ci  (cost=0.56..1.51 rows=36 width=12) (actual time=0.007..0.226 rows=257 loops=62)
                                            Index Cond: (movie_id = mk.movie_id)
                                ->  Index Scan using char_name_pkey on char_name chn  (cost=0.43..0.46 rows=1 width=20) (actual time=0.001..0.001 rows=0 loops=15962)
                                      Index Cond: (id = ci.person_role_id)
                                      Filter: ((name IS NOT NULL) AND ((name ~~ '%man%'::text) OR (name ~~ '%Man%'::text)))
                                      Rows Removed by Filter: 0
                          ->  Index Only Scan using name_pkey on name n  (cost=0.43..0.45 rows=1 width=4) (actual time=0.003..0.003 rows=1 loops=382)
                                Index Cond: (id = ci.person_id)
                                Heap Fetches: 0
                    ->  Index Scan using movie_id_complete_cast on complete_cast cc  (cost=0.42..0.46 rows=2 width=12) (actual time=0.001..0.002 rows=1 loops=382)
                          Index Cond: (movie_id = t.id)
Planning time: 45.531 ms
Execution time: 159.879 ms
