Aggregate  (cost=13071.98..13071.99 rows=1 width=96) (actual time=74.371..74.371 rows=1 loops=1)
  ->  Nested Loop  (cost=7420.71..13071.31 rows=89 width=39) (actual time=41.695..74.320 rows=93 loops=1)
        ->  Nested Loop  (cost=7420.28..13031.34 rows=89 width=43) (actual time=41.685..74.014 rows=93 loops=1)
              ->  Nested Loop  (cost=7419.85..11978.49 rows=2300 width=31) (actual time=41.633..70.821 rows=2300 loops=1)
                    Join Filter: (t.id = ci.movie_id)
                    ->  Hash Join  (cost=7419.29..11966.75 rows=6 width=39) (actual time=41.617..68.473 rows=6 loops=1)
                          Hash Cond: (t.kind_id = kt.id)
                          ->  Nested Loop  (cost=7418.19..11965.32 rows=29 width=43) (actual time=33.529..68.455 rows=29 loops=1)
                                ->  Nested Loop  (cost=7417.76..11924.18 rows=84 width=18) (actual time=30.716..68.101 rows=84 loops=1)
                                      Join Filter: (it2.id = mi_idx.info_type_id)
                                      Rows Removed by Join Filter: 213
                                      ->  Seq Scan on info_type it2  (cost=0.00..2.41 rows=1 width=4) (actual time=0.008..0.011 rows=1 loops=1)
                                            Filter: ((info)::text = 'rating'::text)
                                            Rows Removed by Filter: 112
                                      ->  Nested Loop  (cost=7417.76..11918.05 rows=297 width=22) (actual time=30.307..68.051 rows=297 loops=1)
                                            ->  Hash Join  (cost=7417.33..10563.58 rows=2667 width=8) (actual time=30.224..59.039 rows=2667 loops=1)
                                                  Hash Cond: (cc.subject_id = cct1.id)
                                                  ->  Hash Join  (cost=7416.27..10521.17 rows=3974 width=12) (actual time=30.217..58.364 rows=3974 loops=1)
                                                        Hash Cond: (cc.status_id = cct2.id)
                                                        ->  Hash Join  (cost=7415.21..10478.75 rows=3974 width=16) (actual time=30.211..57.510 rows=3974 loops=1)
                                                              Hash Cond: (cc.movie_id = mk.movie_id)
                                                              ->  Seq Scan on complete_cast cc  (cost=0.00..2081.86 rows=135086 width=12) (actual time=0.003..10.732 rows=135086 loops=1)
                                                              ->  Hash  (cost=7290.41..7290.41 rows=9984 width=4) (actual time=30.191..30.191 rows=9984 loops=1)
                                                                    Buckets: 16384  Batches: 1  Memory Usage: 479kB
                                                                    ->  Nested Loop  (cost=6.74..7290.41 rows=9984 width=4) (actual time=0.423..28.605 rows=9984 loops=1)
                                                                          ->  Seq Scan on keyword k  (cost=0.00..2961.55 rows=4 width=4) (actual time=0.061..16.115 rows=4 loops=1)
                                                                                Filter: (keyword = ANY ('{superhero,marvel-comics,based-on-comic,fight}'::text[]))
                                                                                Rows Removed by Filter: 134166
                                                                          ->  Bitmap Heap Scan on movie_keyword mk  (cost=6.74..1079.23 rows=298 width=8) (actual time=0.462..2.758 rows=2496 loops=4)
                                                                                Recheck Cond: (keyword_id = k.id)
                                                                                Heap Blocks: exact=7686
                                                                                ->  Bitmap Index Scan on keyword_id_movie_keyword  (cost=0.00..6.67 rows=298 width=0) (actual time=0.232..0.232 rows=2496 loops=4)
                                                                                      Index Cond: (keyword_id = k.id)
                                                        ->  Hash  (cost=1.05..1.05 rows=1 width=4) (actual time=0.003..0.003 rows=2 loops=1)
                                                              Buckets: 1024  Batches: 1  Memory Usage: 9kB
                                                              ->  Seq Scan on comp_cast_type cct2  (cost=0.00..1.05 rows=1 width=4) (actual time=0.001..0.002 rows=2 loops=1)
                                                                    Filter: ((kind)::text ~~ '%complete%'::text)
                                                                    Rows Removed by Filter: 2
                                                  ->  Hash  (cost=1.05..1.05 rows=1 width=4) (actual time=0.003..0.003 rows=1 loops=1)
                                                        Buckets: 1024  Batches: 1  Memory Usage: 9kB
                                                        ->  Seq Scan on comp_cast_type cct1  (cost=0.00..1.05 rows=1 width=4) (actual time=0.001..0.002 rows=1 loops=1)
                                                              Filter: ((kind)::text = 'cast'::text)
                                                              Rows Removed by Filter: 3
                                            ->  Index Scan using movie_id_movie_info_idx on movie_info_idx mi_idx  (cost=0.43..0.50 rows=1 width=14) (actual time=0.003..0.003 rows=0 loops=2667)
                                                  Index Cond: (movie_id = mk.movie_id)
                                                  Filter: (info > '8.0'::text)
                                                  Rows Removed by Filter: 3
                                ->  Index Scan using title_pkey on title t  (cost=0.43..0.49 rows=1 width=25) (actual time=0.004..0.004 rows=0 loops=84)
                                      Index Cond: (id = mk.movie_id)
                                      Filter: (production_year > 2005)
                                      Rows Removed by Filter: 1
                          ->  Hash  (cost=1.09..1.09 rows=1 width=4) (actual time=0.007..0.007 rows=1 loops=1)
                                Buckets: 1024  Batches: 1  Memory Usage: 9kB
                                ->  Seq Scan on kind_type kt  (cost=0.00..1.09 rows=1 width=4) (actual time=0.004..0.005 rows=1 loops=1)
                                      Filter: ((kind)::text = 'movie'::text)
                                      Rows Removed by Filter: 6
                    ->  Index Scan using movie_id_cast_info on cast_info ci  (cost=0.56..1.51 rows=36 width=12) (actual time=0.007..0.309 rows=383 loops=6)
                          Index Cond: (movie_id = mk.movie_id)
              ->  Index Scan using char_name_pkey on char_name chn  (cost=0.43..0.46 rows=1 width=20) (actual time=0.001..0.001 rows=0 loops=2300)
                    Index Cond: (id = ci.person_role_id)
                    Filter: ((name IS NOT NULL) AND ((name ~~ '%man%'::text) OR (name ~~ '%Man%'::text)))
                    Rows Removed by Filter: 0
        ->  Index Only Scan using name_pkey on name n  (cost=0.43..0.45 rows=1 width=4) (actual time=0.003..0.003 rows=1 loops=93)
              Index Cond: (id = ci.person_id)
              Heap Fetches: 0
Planning time: 44.704 ms
Execution time: 74.474 ms
