Aggregate  (cost=20572.72..20572.73 rows=1 width=96) (actual time=610.937..610.937 rows=1 loops=1)
  ->  Nested Loop  (cost=14744.31..20572.71 rows=1 width=39) (actual time=60.199..608.699 rows=5400 loops=1)
        ->  Nested Loop  (cost=14743.88..20572.26 rows=1 width=43) (actual time=60.188..591.182 rows=5400 loops=1)
              ->  Nested Loop  (cost=14743.45..20565.85 rows=14 width=31) (actual time=59.394..328.231 rows=189738 loops=1)
                    Join Filter: (t.id = ci.movie_id)
                    ->  Nested Loop  (cost=14742.89..20563.90 rows=1 width=39) (actual time=59.379..134.069 rows=1261 loops=1)
                          ->  Nested Loop  (cost=14742.75..20563.12 rows=5 width=43) (actual time=59.372..132.081 rows=1495 loops=1)
                                Join Filter: (it2.id = mi_idx.info_type_id)
                                Rows Removed by Join Filter: 3038
                                ->  Seq Scan on info_type it2  (cost=0.00..2.41 rows=1 width=4) (actual time=0.012..0.014 rows=1 loops=1)
                                      Filter: ((info)::text = 'rating'::text)
                                      Rows Removed by Filter: 112
                                ->  Nested Loop  (cost=14742.75..20552.95 rows=621 width=47) (actual time=59.356..131.440 rows=4533 loops=1)
                                      Join Filter: (t.id = mi_idx.movie_id)
                                      ->  Nested Loop  (cost=14742.33..19952.24 rows=1138 width=33) (actual time=59.336..124.234 rows=1595 loops=1)
                                            ->  Hash Join  (cost=14741.90..18937.42 rows=2072 width=8) (actual time=59.321..104.371 rows=6396 loops=1)
                                                  Hash Cond: (cc.subject_id = cct1.id)
                                                  ->  Hash Join  (cost=14740.83..18850.11 rows=8288 width=12) (actual time=59.311..102.520 rows=9392 loops=1)
                                                        Hash Cond: (cc.status_id = cct2.id)
                                                        ->  Hash Join  (cost=14739.77..18504.03 rows=33154 width=16) (actual time=59.304..100.311 rows=9392 loops=1)
                                                              Hash Cond: (cc.movie_id = mk.movie_id)
                                                              ->  Seq Scan on complete_cast cc  (cost=0.00..2081.86 rows=135086 width=12) (actual time=0.003..12.063 rows=135086 loops=1)
                                                              ->  Hash  (cost=14438.63..14438.63 rows=24091 width=4) (actual time=59.275..59.275 rows=24091 loops=1)
                                                                    Buckets: 32768  Batches: 1  Memory Usage: 1103kB
                                                                    ->  Nested Loop  (cost=6.74..14438.63 rows=24091 width=4) (actual time=0.465..55.380 rows=24091 loops=1)
                                                                          ->  Seq Scan on keyword k  (cost=0.00..3967.82 rows=10 width=4) (actual time=0.101..26.335 rows=10 loops=1)
                                                                                Filter: (keyword = ANY ('{superhero,marvel-comics,based-on-comic,tv-special,fight,violence,magnet,web,claw,laser}'::text[]))
                                                                                Rows Removed by Filter: 134160
                                                                          ->  Bitmap Heap Scan on movie_keyword mk  (cost=6.74..1044.10 rows=298 width=8) (actual time=0.448..2.533 rows=2409 loops=10)
                                                                                Recheck Cond: (keyword_id = k.id)
                                                                                Heap Blocks: exact=17127
                                                                                ->  Bitmap Index Scan on keyword_id_movie_keyword  (cost=0.00..6.67 rows=298 width=0) (actual time=0.233..0.233 rows=2409 loops=10)
                                                                                      Index Cond: (keyword_id = k.id)
                                                        ->  Hash  (cost=1.05..1.05 rows=1 width=4) (actual time=0.003..0.003 rows=2 loops=1)
                                                              Buckets: 1024  Batches: 1  Memory Usage: 9kB
                                                              ->  Seq Scan on comp_cast_type cct2  (cost=0.00..1.05 rows=1 width=4) (actual time=0.001..0.002 rows=2 loops=1)
                                                                    Filter: ((kind)::text ~~ '%complete%'::text)
                                                                    Rows Removed by Filter: 2
                                                  ->  Hash  (cost=1.05..1.05 rows=1 width=4) (actual time=0.004..0.004 rows=1 loops=1)
                                                        Buckets: 1024  Batches: 1  Memory Usage: 9kB
                                                        ->  Seq Scan on comp_cast_type cct1  (cost=0.00..1.05 rows=1 width=4) (actual time=0.002..0.002 rows=1 loops=1)
                                                              Filter: ((kind)::text = 'cast'::text)
                                                              Rows Removed by Filter: 3
                                            ->  Index Scan using title_pkey on title t  (cost=0.43..0.49 rows=1 width=25) (actual time=0.003..0.003 rows=0 loops=6396)
                                                  Index Cond: (id = mk.movie_id)
                                                  Filter: (production_year > 2000)
                                                  Rows Removed by Filter: 1
                                      ->  Index Scan using movie_id_movie_info_idx on movie_info_idx mi_idx  (cost=0.43..0.49 rows=3 width=14) (actual time=0.003..0.004 rows=3 loops=1595)
                                            Index Cond: (movie_id = mk.movie_id)
                          ->  Index Scan using kind_type_pkey on kind_type kt  (cost=0.13..0.15 rows=1 width=4) (actual time=0.001..0.001 rows=1 loops=1495)
                                Index Cond: (id = t.kind_id)
                                Filter: ((kind)::text = 'movie'::text)
                                Rows Removed by Filter: 0
                    ->  Index Scan using movie_id_cast_info on cast_info ci  (cost=0.56..1.51 rows=36 width=12) (actual time=0.005..0.122 rows=150 loops=1261)
                          Index Cond: (movie_id = mk.movie_id)
              ->  Index Scan using char_name_pkey on char_name chn  (cost=0.43..0.46 rows=1 width=20) (actual time=0.001..0.001 rows=0 loops=189738)
                    Index Cond: (id = ci.person_role_id)
                    Filter: ((name IS NOT NULL) AND ((name ~~ '%man%'::text) OR (name ~~ '%Man%'::text)))
                    Rows Removed by Filter: 0
        ->  Index Only Scan using name_pkey on name n  (cost=0.43..0.45 rows=1 width=4) (actual time=0.003..0.003 rows=1 loops=5400)
              Index Cond: (id = ci.person_id)
              Heap Fetches: 0
Planning time: 45.223 ms
Execution time: 611.040 ms
