Aggregate  (cost=1674.33..1674.34 rows=1 width=96) (actual time=26.600..26.600 rows=1 loops=1)
  ->  Nested Loop  (cost=377.74..1674.32 rows=1 width=48) (actual time=2.294..26.415 rows=477 loops=1)
        ->  Nested Loop  (cost=377.61..1674.16 rows=1 width=52) (actual time=2.290..25.845 rows=477 loops=1)
              ->  Nested Loop  (cost=377.19..1613.24 rows=138 width=56) (actual time=2.278..15.637 rows=6483 loops=1)
                    Join Filter: (ml.movie_id = mk.movie_id)
                    ->  Nested Loop  (cost=376.76..1607.45 rows=3 width=72) (actual time=2.269..12.225 rows=705 loops=1)
                          Join Filter: (ml.movie_id = t.id)
                          ->  Nested Loop  (cost=376.33..1602.60 rows=8 width=51) (actual time=2.262..10.889 rows=705 loops=1)
                                Join Filter: (ml.movie_id = mi.movie_id)
                                ->  Nested Loop  (cost=375.89..1558.34 rows=22 width=47) (actual time=1.885..7.974 rows=273 loops=1)
                                      Join Filter: (mc.company_type_id = ct.id)
                                      Rows Removed by Join Filter: 21
                                      ->  Nested Loop  (cost=375.89..1555.94 rows=90 width=51) (actual time=1.883..7.863 rows=294 loops=1)
                                            Join Filter: (cc.status_id = cct2.id)
                                            Rows Removed by Join Filter: 65
                                            ->  Nested Loop  (cost=375.89..1549.50 rows=359 width=55) (actual time=1.877..7.724 rows=359 loops=1)
                                                  ->  Nested Loop  (cost=375.47..1072.68 rows=1043 width=40) (actual time=1.728..5.616 rows=1043 loops=1)
                                                        Join Filter: (ml.movie_id = mc.movie_id)
                                                        ->  Merge Join  (cost=375.04..732.59 rows=257 width=28) (actual time=1.716..4.432 rows=257 loops=1)
                                                              Merge Cond: (cc.movie_id = ml.movie_id)
                                                              ->  Index Scan using movie_id_complete_cast on complete_cast cc  (cost=0.42..6332.07 rows=135086 width=12) (actual time=0.008..1.906 rows=5993 loops=1)
                                                              ->  Sort  (cost=374.60..380.39 rows=2315 width=16) (actual time=1.494..1.662 rows=2341 loops=1)
                                                                    Sort Key: ml.movie_id
                                                                    Sort Method: quicksort  Memory: 205kB
                                                                    ->  Nested Loop  (cost=38.82..245.23 rows=2315 width=16) (actual time=0.067..0.995 rows=2315 loops=1)
                                                                          ->  Seq Scan on link_type lt  (cost=0.00..1.23 rows=1 width=16) (actual time=0.003..0.007 rows=2 loops=1)
                                                                                Filter: ((link)::text ~~ '%follow%'::text)
                                                                                Rows Removed by Filter: 16
                                                                          ->  Bitmap Heap Scan on movie_link ml  (cost=38.82..225.26 rows=1875 width=8) (actual time=0.063..0.309 rows=1158 loops=2)
                                                                                Recheck Cond: (link_type_id = lt.id)
                                                                                Heap Blocks: exact=191
                                                                                ->  Bitmap Index Scan on link_type_id_movie_link  (cost=0.00..38.35 rows=1875 width=0) (actual time=0.046..0.046 rows=1158 loops=2)
                                                                                      Index Cond: (link_type_id = lt.id)
                                                        ->  Index Scan using movie_id_movie_companies on movie_companies mc  (cost=0.43..1.29 rows=3 width=12) (actual time=0.003..0.004 rows=4 loops=257)
                                                              Index Cond: (movie_id = cc.movie_id)
                                                              Filter: (note IS NULL)
                                                              Rows Removed by Filter: 3
                                                  ->  Index Scan using company_name_pkey on company_name cn  (cost=0.42..0.46 rows=1 width=23) (actual time=0.002..0.002 rows=0 loops=1043)
                                                        Index Cond: (id = mc.company_id)
                                                        Filter: (((country_code)::text <> '[pl]'::text) AND ((name ~~ '%Film%'::text) OR (name ~~ '%Warner%'::text)))
                                                        Rows Removed by Filter: 1
                                            ->  Materialize  (cost=0.00..1.05 rows=1 width=4) (actual time=0.000..0.000 rows=1 loops=359)
                                                  ->  Seq Scan on comp_cast_type cct2  (cost=0.00..1.05 rows=1 width=4) (actual time=0.002..0.003 rows=1 loops=1)
                                                        Filter: ((kind)::text = 'complete'::text)
                                                        Rows Removed by Filter: 3
                                      ->  Materialize  (cost=0.00..1.05 rows=1 width=4) (actual time=0.000..0.000 rows=1 loops=294)
                                            ->  Seq Scan on company_type ct  (cost=0.00..1.05 rows=1 width=4) (actual time=0.001..0.002 rows=1 loops=1)
                                                  Filter: ((kind)::text = 'production companies'::text)
                                                  Rows Removed by Filter: 3
                                ->  Index Scan using movie_id_movie_info on movie_info mi  (cost=0.43..2.00 rows=1 width=4) (actual time=0.008..0.010 rows=3 loops=273)
                                      Index Cond: (movie_id = mc.movie_id)
                                      Filter: (info = ANY ('{Sweden,Germany,Swedish,German}'::text[]))
                                      Rows Removed by Filter: 23
                          ->  Index Scan using title_pkey on title t  (cost=0.43..0.59 rows=1 width=21) (actual time=0.001..0.001 rows=1 loops=705)
                                Index Cond: (id = mc.movie_id)
                                Filter: ((production_year >= 1950) AND (production_year <= 2000))
                    ->  Index Scan using movie_id_movie_keyword on movie_keyword mk  (cost=0.43..1.35 rows=46 width=8) (actual time=0.002..0.003 rows=9 loops=705)
                          Index Cond: (movie_id = mc.movie_id)
              ->  Index Scan using keyword_pkey on keyword k  (cost=0.42..0.44 rows=1 width=4) (actual time=0.001..0.001 rows=0 loops=6483)
                    Index Cond: (id = mk.keyword_id)
                    Filter: (keyword = 'sequel'::text)
                    Rows Removed by Filter: 1
        ->  Index Scan using comp_cast_type_pkey on comp_cast_type cct1  (cost=0.13..0.15 rows=1 width=4) (actual time=0.001..0.001 rows=1 loops=477)
              Index Cond: (id = cc.subject_id)
              Filter: ((kind)::text = ANY ('{cast,crew}'::text[]))
Planning time: 47.392 ms
Execution time: 26.699 ms
