Aggregate  (cost=3103.26..3103.27 rows=1 width=96) (actual time=20.584..20.584 rows=1 loops=1)
  ->  Nested Loop  (cost=4.82..3102.79 rows=62 width=48) (actual time=14.748..20.499 rows=247 loops=1)
        Join Filter: (mc.company_type_id = ct.id)
        ->  Seq Scan on company_type ct  (cost=0.00..1.05 rows=1 width=4) (actual time=0.005..0.007 rows=1 loops=1)
              Filter: ((kind)::text = 'production companies'::text)
              Rows Removed by Filter: 3
        ->  Nested Loop  (cost=4.82..3098.65 rows=247 width=52) (actual time=14.741..20.448 rows=247 loops=1)
              Join Filter: (ml.movie_id = mi.movie_id)
              ->  Nested Loop  (cost=4.39..2951.48 rows=95 width=72) (actual time=14.725..19.815 rows=95 loops=1)
                    ->  Nested Loop  (cost=3.97..2641.24 rows=703 width=76) (actual time=14.704..18.721 rows=703 loops=1)
                          Join Filter: (ml.movie_id = mk.movie_id)
                          ->  Nested Loop  (cost=3.53..2457.97 rows=95 width=68) (actual time=14.697..18.316 rows=95 loops=1)
                                Join Filter: (cc.subject_id = cct1.id)
                                Rows Removed by Join Filter: 57
                                ->  Nested Loop  (cost=3.53..2454.31 rows=95 width=72) (actual time=14.690..18.267 rows=95 loops=1)
                                      ->  Nested Loop  (cost=3.11..2367.45 rows=190 width=57) (actual time=14.682..17.907 rows=190 loops=1)
                                            Join Filter: (ml.movie_id = mc.movie_id)
                                            ->  Nested Loop  (cost=2.68..2317.16 rows=38 width=45) (actual time=14.672..17.747 rows=38 loops=1)
                                                  Join Filter: (ml.movie_id = t.id)
                                                  ->  Nested Loop  (cost=2.25..1977.96 rows=189 width=24) (actual time=1.230..17.343 rows=189 loops=1)
                                                        Join Filter: (lt.id = ml.link_type_id)
                                                        Rows Removed by Join Filter: 6446
                                                        ->  Merge Join  (cost=2.25..1926.55 rows=3346 width=16) (actual time=0.046..15.661 rows=3346 loops=1)
                                                              Merge Cond: (cc.movie_id = ml.movie_id)
                                                              ->  Nested Loop  (cost=0.42..8359.41 rows=110494 width=8) (actual time=0.010..3.662 rows=5561 loops=1)
                                                                    Join Filter: (cct2.id = cc.status_id)
                                                                    Rows Removed by Join Filter: 432
                                                                    ->  Index Scan using movie_id_complete_cast on complete_cast cc  (cost=0.42..6332.07 rows=135086 width=12) (actual time=0.007..1.733 rows=5993 loops=1)
                                                                    ->  Materialize  (cost=0.00..1.05 rows=1 width=4) (actual time=0.000..0.000 rows=1 loops=5993)
                                                                          ->  Seq Scan on comp_cast_type cct2  (cost=0.00..1.05 rows=1 width=4) (actual time=0.002..0.002 rows=1 loops=1)
                                                                                Filter: ((kind)::text = 'complete'::text)
                                                                                Rows Removed by Filter: 3
                                                              ->  Materialize  (cost=0.29..1034.50 rows=29997 width=8) (actual time=0.005..8.451 rows=30638 loops=1)
                                                                    ->  Index Scan using movie_id_movie_link on movie_link ml  (cost=0.29..959.51 rows=29997 width=8) (actual time=0.005..4.476 rows=29997 loops=1)
                                                        ->  Materialize  (cost=0.00..1.23 rows=1 width=16) (actual time=0.000..0.000 rows=2 loops=3346)
                                                              ->  Seq Scan on link_type lt  (cost=0.00..1.23 rows=1 width=16) (actual time=0.002..0.004 rows=2 loops=1)
                                                                    Filter: ((link)::text ~~ '%follow%'::text)
                                                                    Rows Removed by Filter: 16
                                                  ->  Index Scan using title_pkey on title t  (cost=0.43..1.78 rows=1 width=21) (actual time=0.002..0.002 rows=0 loops=189)
                                                        Index Cond: (id = cc.movie_id)
                                                        Filter: (production_year = 1998)
                                                        Rows Removed by Filter: 1
                                            ->  Index Scan using movie_id_movie_companies on movie_companies mc  (cost=0.43..1.29 rows=3 width=12) (actual time=0.002..0.003 rows=5 loops=38)
                                                  Index Cond: (movie_id = cc.movie_id)
                                                  Filter: (note IS NULL)
                                                  Rows Removed by Filter: 1
                                      ->  Index Scan using company_name_pkey on company_name cn  (cost=0.42..0.46 rows=1 width=23) (actual time=0.002..0.002 rows=0 loops=190)
                                            Index Cond: (id = mc.company_id)
                                            Filter: (((country_code)::text <> '[pl]'::text) AND ((name ~~ '%Film%'::text) OR (name ~~ '%Warner%'::text)))
                                            Rows Removed by Filter: 0
                                ->  Materialize  (cost=0.00..1.06 rows=2 width=4) (actual time=0.000..0.000 rows=2 loops=95)
                                      ->  Seq Scan on comp_cast_type cct1  (cost=0.00..1.05 rows=2 width=4) (actual time=0.005..0.005 rows=2 loops=1)
                                            Filter: ((kind)::text = ANY ('{cast,crew}'::text[]))
                          ->  Index Scan using movie_id_movie_keyword on movie_keyword mk  (cost=0.43..1.35 rows=46 width=8) (actual time=0.002..0.003 rows=7 loops=95)
                                Index Cond: (movie_id = mc.movie_id)
                    ->  Index Scan using keyword_pkey on keyword k  (cost=0.42..0.44 rows=1 width=4) (actual time=0.001..0.001 rows=0 loops=703)
                          Index Cond: (id = mk.keyword_id)
                          Filter: (keyword = 'sequel'::text)
                          Rows Removed by Filter: 1
              ->  Index Scan using movie_id_movie_info on movie_info mi  (cost=0.43..1.54 rows=1 width=4) (actual time=0.004..0.006 rows=3 loops=95)
                    Index Cond: (movie_id = mk.movie_id)
                    Filter: (info = ANY ('{Sweden,Germany,Swedish,German}'::text[]))
                    Rows Removed by Filter: 10
Planning time: 46.519 ms
Execution time: 20.828 ms
