Aggregate  (cost=1738.24..1738.25 rows=1 width=96) (actual time=15.823..15.824 rows=1 loops=1)
  ->  Nested Loop  (cost=377.61..1738.22 rows=3 width=48) (actual time=2.456..15.605 rows=743 loops=1)
        Join Filter: (ml.movie_id = mi.movie_id)
        ->  Nested Loop  (cost=377.17..1736.39 rows=1 width=68) (actual time=2.442..13.970 rows=172 loops=1)
              ->  Nested Loop  (cost=376.75..1554.12 rows=413 width=72) (actual time=1.877..9.132 rows=3296 loops=1)
                    Join Filter: (ml.movie_id = mk.movie_id)
                    ->  Nested Loop  (cost=376.32..1537.11 rows=9 width=64) (actual time=1.870..7.588 rows=277 loops=1)
                          Join Filter: (ml.movie_id = t.id)
                          ->  Nested Loop  (cost=375.89..1529.82 rows=12 width=43) (actual time=1.864..7.090 rows=277 loops=1)
                                Join Filter: (mc.company_type_id = ct.id)
                                Rows Removed by Join Filter: 21
                                ->  Nested Loop  (cost=375.89..1528.08 rows=46 width=47) (actual time=1.861..6.989 rows=298 loops=1)
                                      Join Filter: (cc.status_id = cct2.id)
                                      Rows Removed by Join Filter: 65
                                      ->  Nested Loop  (cost=375.89..1524.26 rows=184 width=51) (actual time=1.858..6.877 rows=298 loops=1)
                                            ->  Nested Loop  (cost=375.47..1039.21 rows=1061 width=36) (actual time=1.706..5.250 rows=864 loops=1)
                                                  Join Filter: (ml.movie_id = mc.movie_id)
                                                  ->  Nested Loop  (cost=375.04..737.50 rows=228 width=24) (actual time=1.695..4.301 rows=228 loops=1)
                                                        Join Filter: (cct1.id = cc.subject_id)
                                                        Rows Removed by Join Filter: 29
                                                        ->  Merge Join  (cost=375.04..732.59 rows=257 width=28) (actual time=1.690..4.208 rows=257 loops=1)
                                                              Merge Cond: (cc.movie_id = ml.movie_id)
                                                              ->  Index Scan using movie_id_complete_cast on complete_cast cc  (cost=0.42..6332.07 rows=135086 width=12) (actual time=0.007..1.776 rows=5993 loops=1)
                                                              ->  Sort  (cost=374.60..380.39 rows=2315 width=16) (actual time=1.472..1.628 rows=2341 loops=1)
                                                                    Sort Key: ml.movie_id
                                                                    Sort Method: quicksort  Memory: 205kB
                                                                    ->  Nested Loop  (cost=38.82..245.23 rows=2315 width=16) (actual time=0.068..0.973 rows=2315 loops=1)
                                                                          ->  Seq Scan on link_type lt  (cost=0.00..1.23 rows=1 width=16) (actual time=0.003..0.007 rows=2 loops=1)
                                                                                Filter: ((link)::text ~~ '%follow%'::text)
                                                                                Rows Removed by Filter: 16
                                                                          ->  Bitmap Heap Scan on movie_link ml  (cost=38.82..225.26 rows=1875 width=8) (actual time=0.058..0.297 rows=1158 loops=2)
                                                                                Recheck Cond: (link_type_id = lt.id)
                                                                                Heap Blocks: exact=191
                                                                                ->  Bitmap Index Scan on link_type_id_movie_link  (cost=0.00..38.35 rows=1875 width=0) (actual time=0.047..0.047 rows=1158 loops=2)
                                                                                      Index Cond: (link_type_id = lt.id)
                                                        ->  Materialize  (cost=0.00..1.05 rows=1 width=4) (actual time=0.000..0.000 rows=1 loops=257)
                                                              ->  Seq Scan on comp_cast_type cct1  (cost=0.00..1.05 rows=1 width=4) (actual time=0.003..0.003 rows=1 loops=1)
                                                                    Filter: ((kind)::text = 'cast'::text)
                                                                    Rows Removed by Filter: 3
                                                  ->  Index Scan using movie_id_movie_companies on movie_companies mc  (cost=0.43..1.29 rows=3 width=12) (actual time=0.002..0.003 rows=4 loops=228)
                                                        Index Cond: (movie_id = cc.movie_id)
                                                        Filter: (note IS NULL)
                                                        Rows Removed by Filter: 3
                                            ->  Index Scan using company_name_pkey on company_name cn  (cost=0.42..0.46 rows=1 width=23) (actual time=0.002..0.002 rows=0 loops=864)
                                                  Index Cond: (id = mc.company_id)
                                                  Filter: (((country_code)::text <> '[pl]'::text) AND ((name ~~ '%Film%'::text) OR (name ~~ '%Warner%'::text)))
                                                  Rows Removed by Filter: 1
                                      ->  Materialize  (cost=0.00..1.05 rows=1 width=4) (actual time=0.000..0.000 rows=1 loops=298)
                                            ->  Seq Scan on comp_cast_type cct2  (cost=0.00..1.05 rows=1 width=4) (actual time=0.001..0.002 rows=2 loops=1)
                                                  Filter: ((kind)::text ~~ 'complete%'::text)
                                                  Rows Removed by Filter: 2
                                ->  Materialize  (cost=0.00..1.05 rows=1 width=4) (actual time=0.000..0.000 rows=1 loops=298)
                                      ->  Seq Scan on company_type ct  (cost=0.00..1.05 rows=1 width=4) (actual time=0.002..0.002 rows=1 loops=1)
                                            Filter: ((kind)::text = 'production companies'::text)
                                            Rows Removed by Filter: 3
                          ->  Index Scan using title_pkey on title t  (cost=0.43..0.59 rows=1 width=21) (actual time=0.001..0.001 rows=1 loops=277)
                                Index Cond: (id = mc.movie_id)
                                Filter: ((production_year >= 1950) AND (production_year <= 2010))
                    ->  Index Scan using movie_id_movie_keyword on movie_keyword mk  (cost=0.43..1.32 rows=46 width=8) (actual time=0.002..0.003 rows=12 loops=277)
                          Index Cond: (movie_id = t.id)
              ->  Index Scan using keyword_pkey on keyword k  (cost=0.42..0.44 rows=1 width=4) (actual time=0.001..0.001 rows=0 loops=3296)
                    Index Cond: (id = mk.keyword_id)
                    Filter: (keyword = 'sequel'::text)
                    Rows Removed by Filter: 1
        ->  Index Scan using movie_id_movie_info on movie_info mi  (cost=0.43..1.79 rows=3 width=4) (actual time=0.007..0.009 rows=4 loops=172)
              Index Cond: (movie_id = mk.movie_id)
              Filter: (info = ANY ('{Sweden,Norway,Germany,Denmark,Swedish,Denish,Norwegian,German,English}'::text[]))
              Rows Removed by Filter: 15
Planning time: 46.687 ms
Execution time: 15.918 ms
