Aggregate  (cost=7380.74..7380.75 rows=1 width=96) (actual time=612.169..612.169 rows=1 loops=1)
  ->  Nested Loop  (cost=9.30..7380.73 rows=1 width=42) (actual time=3.410..610.370 rows=4803 loops=1)
        ->  Nested Loop  (cost=8.88..7380.18 rows=1 width=27) (actual time=3.403..596.320 rows=4955 loops=1)
              Join Filter: (ct.id = mc.company_type_id)
              ->  Nested Loop  (cost=8.88..7379.09 rows=1 width=31) (actual time=3.401..592.520 rows=4955 loops=1)
                    Join Filter: (t.id = mc.movie_id)
                    ->  Nested Loop  (cost=8.45..7378.51 rows=1 width=43) (actual time=3.391..585.628 rows=432 loops=1)
                          Join Filter: (t.kind_id = kt.id)
                          Rows Removed by Join Filter: 197
                          ->  Nested Loop  (cost=8.45..7377.40 rows=1 width=47) (actual time=3.385..584.819 rows=484 loops=1)
                                Join Filter: (cc.status_id = cct2.id)
                                Rows Removed by Join Filter: 1196
                                ->  Nested Loop  (cost=8.45..7376.31 rows=1 width=51) (actual time=3.379..583.697 rows=560 loops=1)
                                      Join Filter: (mi.movie_id = t.id)
                                      ->  Nested Loop  (cost=8.02..7375.81 rows=1 width=26) (actual time=3.370..566.124 rows=4932 loops=1)
                                            Join Filter: (it1.id = mi.info_type_id)
                                            Rows Removed by Join Filter: 4797
                                            ->  Seq Scan on info_type it1  (cost=0.00..2.41 rows=1 width=4) (actual time=0.005..0.012 rows=1 loops=1)
                                                  Filter: ((info)::text = 'countries'::text)
                                                  Rows Removed by Filter: 112
                                            ->  Nested Loop  (cost=8.02..7373.37 rows=2 width=30) (actual time=3.364..564.525 rows=9729 loops=1)
                                                  ->  Nested Loop  (cost=7.59..7371.51 rows=1 width=22) (actual time=3.346..274.461 rows=5973 loops=1)
                                                        Join Filter: (cc.subject_id = cct1.id)
                                                        Rows Removed by Join Filter: 13371
                                                        ->  Seq Scan on comp_cast_type cct1  (cost=0.00..1.05 rows=1 width=4) (actual time=0.002..0.004 rows=1 loops=1)
                                                              Filter: ((kind)::text = 'crew'::text)
                                                              Rows Removed by Filter: 3
                                                        ->  Nested Loop  (cost=7.59..7370.41 rows=4 width=26) (actual time=3.173..271.786 rows=19344 loops=1)
                                                              ->  Nested Loop  (cost=7.17..7368.98 rows=3 width=14) (actual time=2.878..208.966 rows=31800 loops=1)
                                                                    Join Filter: (mi_idx.info_type_id = it2.id)
                                                                    Rows Removed by Join Filter: 62852
                                                                    ->  Seq Scan on info_type it2  (cost=0.00..2.41 rows=1 width=4) (actual time=0.007..0.010 rows=1 loops=1)
                                                                          Filter: ((info)::text = 'rating'::text)
                                                                          Rows Removed by Filter: 112
                                                                    ->  Nested Loop  (cost=7.17..7361.67 rows=392 width=18) (actual time=2.869..196.954 rows=94652 loops=1)
                                                                          ->  Nested Loop  (cost=6.74..7290.41 rows=135 width=4) (actual time=2.857..67.192 rows=37091 loops=1)
                                                                                ->  Seq Scan on keyword k  (cost=0.00..2961.55 rows=4 width=4) (actual time=0.812..15.615 rows=3 loops=1)
                                                                                      Filter: (keyword = ANY ('{murder,murder-in-title,blood,violence}'::text[]))
                                                                                      Rows Removed by Filter: 134167
                                                                                ->  Bitmap Heap Scan on movie_keyword mk  (cost=6.74..1079.23 rows=298 width=8) (actual time=2.332..15.014 rows=12364 loops=3)
                                                                                      Recheck Cond: (keyword_id = k.id)
                                                                                      Heap Blocks: exact=26312
                                                                                      ->  Bitmap Index Scan on keyword_id_movie_keyword  (cost=0.00..6.67 rows=298 width=0) (actual time=1.202..1.202 rows=12364 loops=3)
                                                                                            Index Cond: (keyword_id = k.id)
                                                                          ->  Index Scan using movie_id_movie_info_idx on movie_info_idx mi_idx  (cost=0.43..0.50 rows=3 width=14) (actual time=0.002..0.003 rows=3 loops=37091)
                                                                                Index Cond: (movie_id = mk.movie_id)
                                                                                Filter: (info < '8.5'::text)
                                                                                Rows Removed by Filter: 0
                                                              ->  Index Scan using movie_id_complete_cast on complete_cast cc  (cost=0.42..0.46 rows=2 width=12) (actual time=0.001..0.002 rows=1 loops=31800)
                                                                    Index Cond: (movie_id = mk.movie_id)
                                                  ->  Index Scan using movie_id_movie_info on movie_info mi  (cost=0.43..1.84 rows=2 width=8) (actual time=0.037..0.048 rows=2 loops=5973)
                                                        Index Cond: (movie_id = mk.movie_id)
                                                        Filter: (info = ANY ('{Sweden,Norway,Germany,Denmark,Swedish,Danish,Norwegian,German,USA,American}'::text[]))
                                                        Rows Removed by Filter: 97
                                      ->  Index Scan using title_pkey on title t  (cost=0.43..0.49 rows=1 width=25) (actual time=0.003..0.003 rows=0 loops=4932)
                                            Index Cond: (id = mk.movie_id)
                                            Filter: (production_year > 2000)
                                            Rows Removed by Filter: 1
                                ->  Seq Scan on comp_cast_type cct2  (cost=0.00..1.05 rows=3 width=4) (actual time=0.001..0.001 rows=3 loops=560)
                                      Filter: ((kind)::text <> 'complete+verified'::text)
                                      Rows Removed by Filter: 0
                          ->  Seq Scan on kind_type kt  (cost=0.00..1.09 rows=2 width=4) (actual time=0.001..0.001 rows=1 loops=484)
                                Filter: ((kind)::text = ANY ('{movie,episode}'::text[]))
                                Rows Removed by Filter: 1
                    ->  Index Scan using movie_id_movie_companies on movie_companies mc  (cost=0.43..0.57 rows=1 width=12) (actual time=0.005..0.013 rows=11 loops=432)
                          Index Cond: (movie_id = mk.movie_id)
                          Filter: ((note !~~ '%(USA)%'::text) AND (note ~~ '%(200%)%'::text))
                          Rows Removed by Filter: 10
              ->  Seq Scan on company_type ct  (cost=0.00..1.04 rows=4 width=4) (actual time=0.000..0.000 rows=1 loops=4955)
        ->  Index Scan using company_name_pkey on company_name cn  (cost=0.42..0.55 rows=1 width=23) (actual time=0.002..0.002 rows=1 loops=4955)
              Index Cond: (id = mc.company_id)
              Filter: ((country_code)::text <> '[us]'::text)
              Rows Removed by Filter: 0
Planning time: 58.466 ms
Execution time: 612.269 ms
