Aggregate  (cost=7372.90..7372.91 rows=1 width=96) (actual time=225.795..225.796 rows=1 loops=1)
  ->  Nested Loop  (cost=9.30..7372.89 rows=1 width=42) (actual time=3.821..225.717 rows=148 loops=1)
        Join Filter: (ct.id = mc.company_type_id)
        ->  Nested Loop  (cost=9.30..7371.80 rows=1 width=46) (actual time=3.818..225.583 rows=148 loops=1)
              ->  Nested Loop  (cost=8.88..7371.25 rows=1 width=31) (actual time=3.810..225.028 rows=150 loops=1)
                    Join Filter: (t.id = mc.movie_id)
                    ->  Nested Loop  (cost=8.45..7370.67 rows=1 width=43) (actual time=3.800..224.713 rows=13 loops=1)
                          Join Filter: (it1.id = mi.info_type_id)
                          Rows Removed by Join Filter: 7
                          ->  Seq Scan on info_type it1  (cost=0.00..2.41 rows=1 width=4) (actual time=0.005..0.012 rows=1 loops=1)
                                Filter: ((info)::text = 'countries'::text)
                                Rows Removed by Filter: 112
                          ->  Nested Loop  (cost=8.45..7368.25 rows=1 width=47) (actual time=3.794..224.690 rows=20 loops=1)
                                Join Filter: (t.id = mi.movie_id)
                                ->  Nested Loop  (cost=8.02..7366.70 rows=1 width=39) (actual time=3.318..216.008 rows=179 loops=1)
                                      Join Filter: (kt.id = t.kind_id)
                                      Rows Removed by Join Filter: 128
                                      ->  Nested Loop  (cost=8.02..7365.58 rows=1 width=43) (actual time=3.312..215.632 rows=187 loops=1)
                                            ->  Nested Loop  (cost=7.59..7365.10 rows=1 width=18) (actual time=3.304..209.468 rows=1591 loops=1)
                                                  Join Filter: (cc.status_id = cct2.id)
                                                  Rows Removed by Join Filter: 7532
                                                  ->  Nested Loop  (cost=7.59..7364.01 rows=1 width=22) (actual time=3.300..205.287 rows=3041 loops=1)
                                                        Join Filter: (cct1.id = cc.subject_id)
                                                        Rows Removed by Join Filter: 5491
                                                        ->  Seq Scan on comp_cast_type cct1  (cost=0.00..1.05 rows=1 width=4) (actual time=0.002..0.003 rows=1 loops=1)
                                                              Filter: ((kind)::text = 'crew'::text)
                                                              Rows Removed by Filter: 3
                                                        ->  Nested Loop  (cost=7.59..7362.95 rows=1 width=26) (actual time=3.140..204.039 rows=8532 loops=1)
                                                              ->  Nested Loop  (cost=7.17..7362.47 rows=1 width=14) (actual time=2.870..177.246 rows=11708 loops=1)
                                                                    Join Filter: (it2.id = mi_idx.info_type_id)
                                                                    Rows Removed by Join Filter: 5851
                                                                    ->  Seq Scan on info_type it2  (cost=0.00..2.41 rows=1 width=4) (actual time=0.007..0.010 rows=1 loops=1)
                                                                          Filter: ((info)::text = 'rating'::text)
                                                                          Rows Removed by Filter: 112
                                                                    ->  Nested Loop  (cost=7.17..7358.97 rows=87 width=18) (actual time=2.862..174.350 rows=17559 loops=1)
                                                                          ->  Nested Loop  (cost=6.74..7290.41 rows=135 width=4) (actual time=2.849..64.586 rows=37091 loops=1)
                                                                                ->  Seq Scan on keyword k  (cost=0.00..2961.55 rows=4 width=4) (actual time=0.799..15.578 rows=3 loops=1)
                                                                                      Filter: (keyword = ANY ('{murder,murder-in-title,blood,violence}'::text[]))
                                                                                      Rows Removed by Filter: 134167
                                                                                ->  Bitmap Heap Scan on movie_keyword mk  (cost=6.74..1079.23 rows=298 width=8) (actual time=2.289..14.337 rows=12364 loops=3)
                                                                                      Recheck Cond: (keyword_id = k.id)
                                                                                      Heap Blocks: exact=26312
                                                                                      ->  Bitmap Index Scan on keyword_id_movie_keyword  (cost=0.00..6.67 rows=298 width=0) (actual time=1.192..1.192 rows=12364 loops=3)
                                                                                            Index Cond: (keyword_id = k.id)
                                                                          ->  Index Scan using movie_id_movie_info_idx on movie_info_idx mi_idx  (cost=0.43..0.50 rows=1 width=14) (actual time=0.003..0.003 rows=0 loops=37091)
                                                                                Index Cond: (movie_id = mk.movie_id)
                                                                                Filter: (info > '6.5'::text)
                                                                                Rows Removed by Filter: 2
                                                              ->  Index Scan using movie_id_complete_cast on complete_cast cc  (cost=0.42..0.46 rows=2 width=12) (actual time=0.002..0.002 rows=1 loops=11708)
                                                                    Index Cond: (movie_id = mk.movie_id)
                                                  ->  Seq Scan on comp_cast_type cct2  (cost=0.00..1.05 rows=3 width=4) (actual time=0.000..0.001 rows=3 loops=3041)
                                                        Filter: ((kind)::text <> 'complete+verified'::text)
                                                        Rows Removed by Filter: 0
                                            ->  Index Scan using title_pkey on title t  (cost=0.43..0.49 rows=1 width=25) (actual time=0.004..0.004 rows=0 loops=1591)
                                                  Index Cond: (id = mk.movie_id)
                                                  Filter: (production_year > 2005)
                                                  Rows Removed by Filter: 1
                                      ->  Seq Scan on kind_type kt  (cost=0.00..1.09 rows=2 width=4) (actual time=0.001..0.001 rows=2 loops=187)
                                            Filter: ((kind)::text = ANY ('{movie,episode}'::text[]))
                                            Rows Removed by Filter: 3
                                ->  Index Scan using movie_id_movie_info on movie_info mi  (cost=0.43..1.54 rows=1 width=8) (actual time=0.046..0.048 rows=0 loops=179)
                                      Index Cond: (movie_id = mk.movie_id)
                                      Filter: (info = ANY ('{Sweden,Germany,Swedish,German}'::text[]))
                                      Rows Removed by Filter: 130
                    ->  Index Scan using movie_id_movie_companies on movie_companies mc  (cost=0.43..0.57 rows=1 width=12) (actual time=0.009..0.021 rows=12 loops=13)
                          Index Cond: (movie_id = mk.movie_id)
                          Filter: ((note !~~ '%(USA)%'::text) AND (note ~~ '%(200%)%'::text))
                          Rows Removed by Filter: 17
              ->  Index Scan using company_name_pkey on company_name cn  (cost=0.42..0.55 rows=1 width=23) (actual time=0.003..0.003 rows=1 loops=150)
                    Index Cond: (id = mc.company_id)
                    Filter: ((country_code)::text <> '[us]'::text)
                    Rows Removed by Filter: 0
        ->  Seq Scan on company_type ct  (cost=0.00..1.04 rows=4 width=4) (actual time=0.000..0.000 rows=1 loops=148)
Planning time: 59.163 ms
Execution time: 225.895 ms
