Aggregate  (cost=17722.31..17722.32 rows=1 width=96) (actual time=249.464..249.464 rows=1 loops=1)
  ->  Nested Loop  (cost=3782.85..17722.31 rows=1 width=42) (actual time=42.743..249.384 rows=148 loops=1)
        ->  Nested Loop  (cost=3782.72..17722.15 rows=1 width=46) (actual time=42.736..249.221 rows=148 loops=1)
              ->  Nested Loop  (cost=3782.58..17721.97 rows=1 width=50) (actual time=42.730..249.011 rows=149 loops=1)
                    Join Filter: (t.id = mi.movie_id)
                    ->  Nested Loop  (cost=3782.15..17720.42 rows=1 width=66) (actual time=42.494..147.583 rows=1387 loops=1)
                          ->  Nested Loop  (cost=3781.73..17719.87 rows=1 width=51) (actual time=42.485..143.459 rows=1422 loops=1)
                                Join Filter: (t.id = mc.movie_id)
                                ->  Hash Join  (cost=3781.30..17716.40 rows=6 width=39) (actual time=42.475..140.984 rows=179 loops=1)
                                      Hash Cond: (t.kind_id = kt.id)
                                      ->  Nested Loop  (cost=3780.18..17715.04 rows=22 width=43) (actual time=42.461..140.909 rows=187 loops=1)
                                            ->  Nested Loop  (cost=3779.75..17688.10 rows=55 width=18) (actual time=42.451..134.955 rows=1591 loops=1)
                                                  Join Filter: (mi_idx.info_type_id = it2.id)
                                                  Rows Removed by Join Filter: 660
                                                  ->  Seq Scan on info_type it2  (cost=0.00..2.41 rows=1 width=4) (actual time=0.009..0.011 rows=1 loops=1)
                                                        Filter: ((info)::text = 'rating'::text)
                                                        Rows Removed by Filter: 112
                                                  ->  Nested Loop  (cost=3779.75..17608.18 rows=6201 width=22) (actual time=42.440..134.531 rows=2251 loops=1)
                                                        ->  Hash Join  (cost=3779.33..12747.41 rows=9571 width=8) (actual time=42.421..118.980 rows=3832 loops=1)
                                                              Hash Cond: (cc.status_id = cct2.id)
                                                              ->  Hash Join  (cost=3778.24..12613.52 rows=12761 width=12) (actual time=42.414..117.692 rows=6216 loops=1)
                                                                    Hash Cond: (cc.subject_id = cct1.id)
                                                                    ->  Hash Join  (cost=3777.18..12081.28 rows=51044 width=16) (actual time=42.373..114.583 rows=20024 loops=1)
                                                                          Hash Cond: (mk.movie_id = cc.movie_id)
                                                                          ->  Nested Loop  (cost=6.74..7290.41 rows=37091 width=4) (actual time=2.771..61.904 rows=37091 loops=1)
                                                                                ->  Seq Scan on keyword k  (cost=0.00..2961.55 rows=4 width=4) (actual time=0.779..15.116 rows=3 loops=1)
                                                                                      Filter: (keyword = ANY ('{murder,murder-in-title,blood,violence}'::text[]))
                                                                                      Rows Removed by Filter: 134167
                                                                                ->  Bitmap Heap Scan on movie_keyword mk  (cost=6.74..1079.23 rows=298 width=8) (actual time=2.249..13.663 rows=12364 loops=3)
                                                                                      Recheck Cond: (keyword_id = k.id)
                                                                                      Heap Blocks: exact=26312
                                                                                      ->  Bitmap Index Scan on keyword_id_movie_keyword  (cost=0.00..6.67 rows=298 width=0) (actual time=1.138..1.138 rows=12364 loops=3)
                                                                                            Index Cond: (keyword_id = k.id)
                                                                          ->  Hash  (cost=2081.86..2081.86 rows=135086 width=12) (actual time=39.244..39.244 rows=135086 loops=1)
                                                                                Buckets: 262144  Batches: 1  Memory Usage: 7853kB
                                                                                ->  Seq Scan on complete_cast cc  (cost=0.00..2081.86 rows=135086 width=12) (actual time=0.006..17.738 rows=135086 loops=1)
                                                                    ->  Hash  (cost=1.05..1.05 rows=1 width=4) (actual time=0.002..0.002 rows=1 loops=1)
                                                                          Buckets: 1024  Batches: 1  Memory Usage: 9kB
                                                                          ->  Seq Scan on comp_cast_type cct1  (cost=0.00..1.05 rows=1 width=4) (actual time=0.001..0.001 rows=1 loops=1)
                                                                                Filter: ((kind)::text = 'crew'::text)
                                                                                Rows Removed by Filter: 3
                                                              ->  Hash  (cost=1.05..1.05 rows=3 width=4) (actual time=0.003..0.003 rows=3 loops=1)
                                                                    Buckets: 1024  Batches: 1  Memory Usage: 9kB
                                                                    ->  Seq Scan on comp_cast_type cct2  (cost=0.00..1.05 rows=3 width=4) (actual time=0.001..0.002 rows=3 loops=1)
                                                                          Filter: ((kind)::text <> 'complete+verified'::text)
                                                                          Rows Removed by Filter: 1
                                                        ->  Index Scan using movie_id_movie_info_idx on movie_info_idx mi_idx  (cost=0.43..0.50 rows=1 width=14) (actual time=0.004..0.004 rows=1 loops=3832)
                                                              Index Cond: (movie_id = mk.movie_id)
                                                              Filter: (info > '6.5'::text)
                                                              Rows Removed by Filter: 2
                                            ->  Index Scan using title_pkey on title t  (cost=0.43..0.49 rows=1 width=25) (actual time=0.003..0.003 rows=0 loops=1591)
                                                  Index Cond: (id = mk.movie_id)
                                                  Filter: (production_year > 2005)
                                                  Rows Removed by Filter: 1
                                      ->  Hash  (cost=1.09..1.09 rows=2 width=4) (actual time=0.009..0.009 rows=2 loops=1)
                                            Buckets: 1024  Batches: 1  Memory Usage: 9kB
                                            ->  Seq Scan on kind_type kt  (cost=0.00..1.09 rows=2 width=4) (actual time=0.005..0.007 rows=2 loops=1)
                                                  Filter: ((kind)::text = ANY ('{movie,episode}'::text[]))
                                                  Rows Removed by Filter: 5
                                ->  Index Scan using movie_id_movie_companies on movie_companies mc  (cost=0.43..0.57 rows=1 width=12) (actual time=0.006..0.012 rows=8 loops=179)
                                      Index Cond: (movie_id = mk.movie_id)
                                      Filter: ((note !~~ '%(USA)%'::text) AND (note ~~ '%(200%)%'::text))
                                      Rows Removed by Filter: 11
                          ->  Index Scan using company_name_pkey on company_name cn  (cost=0.42..0.55 rows=1 width=23) (actual time=0.003..0.003 rows=1 loops=1422)
                                Index Cond: (id = mc.company_id)
                                Filter: ((country_code)::text <> '[us]'::text)
                                Rows Removed by Filter: 0
                    ->  Index Scan using movie_id_movie_info on movie_info mi  (cost=0.43..1.54 rows=1 width=8) (actual time=0.073..0.073 rows=0 loops=1387)
                          Index Cond: (movie_id = mk.movie_id)
                          Filter: (info = ANY ('{Sweden,Germany,Swedish,German}'::text[]))
                          Rows Removed by Filter: 336
              ->  Index Scan using info_type_pkey on info_type it1  (cost=0.14..0.16 rows=1 width=4) (actual time=0.001..0.001 rows=1 loops=149)
                    Index Cond: (id = mi.info_type_id)
                    Filter: ((info)::text = 'countries'::text)
                    Rows Removed by Filter: 0
        ->  Index Only Scan using company_type_pkey on company_type ct  (cost=0.13..0.15 rows=1 width=4) (actual time=0.001..0.001 rows=1 loops=148)
              Index Cond: (id = mc.company_type_id)
              Heap Fetches: 0
Planning time: 58.746 ms
Execution time: 249.596 ms
