Aggregate  (cost=16550.72..16550.73 rows=1 width=96) (actual time=583.261..583.261 rows=1 loops=1)
  ->  Nested Loop  (cost=3781.71..16550.71 rows=1 width=42) (actual time=43.266..580.017 rows=8373 loops=1)
        ->  Nested Loop  (cost=3781.57..16550.55 rows=1 width=46) (actual time=43.259..569.769 rows=8668 loops=1)
              Join Filter: (mi.movie_id = t.id)
              ->  Nested Loop  (cost=3781.14..16550.04 rows=1 width=45) (actual time=42.619..525.616 rows=22138 loops=1)
                    ->  Nested Loop  (cost=3781.01..16549.89 rows=1 width=49) (actual time=42.612..505.688 rows=22138 loops=1)
                          ->  Nested Loop  (cost=3780.59..16549.34 rows=1 width=34) (actual time=42.602..447.146 rows=23398 loops=1)
                                Join Filter: (mi.movie_id = mc.movie_id)
                                ->  Nested Loop  (cost=3780.16..16547.61 rows=3 width=22) (actual time=42.591..399.509 rows=4843 loops=1)
                                      Join Filter: (it1.id = mi.info_type_id)
                                      Rows Removed by Join Filter: 1182
                                      ->  Seq Scan on info_type it1  (cost=0.00..2.41 rows=1 width=4) (actual time=0.006..0.013 rows=1 loops=1)
                                            Filter: ((info)::text = 'countries'::text)
                                            Rows Removed by Filter: 112
                                      ->  Nested Loop  (cost=3780.16..16540.82 rows=350 width=26) (actual time=42.584..398.243 rows=6025 loops=1)
                                            ->  Nested Loop  (cost=3779.73..16220.18 rows=172 width=18) (actual time=42.512..158.943 rows=6409 loops=1)
                                                  Join Filter: (mi_idx.info_type_id = it2.id)
                                                  Rows Removed by Join Filter: 12616
                                                  ->  Seq Scan on info_type it2  (cost=0.00..2.41 rows=1 width=4) (actual time=0.007..0.009 rows=1 loops=1)
                                                        Filter: ((info)::text = 'rating'::text)
                                                        Rows Removed by Filter: 112
                                                  ->  Nested Loop  (cost=3779.73..15974.28 rows=19479 width=22) (actual time=42.482..156.333 rows=19025 loops=1)
                                                        ->  Hash Join  (cost=3779.30..12435.47 rows=6704 width=8) (actual time=42.465..125.099 rows=6704 loops=1)
                                                              Hash Cond: (cc.status_id = cct2.id)
                                                              ->  Hash Join  (cost=3778.24..12290.72 rows=13808 width=12) (actual time=42.452..122.520 rows=13808 loops=1)
                                                                    Hash Cond: (cc.subject_id = cct1.id)
                                                                    ->  Hash Join  (cost=3777.18..12081.28 rows=20024 width=16) (actual time=42.446..118.318 rows=20024 loops=1)
                                                                          Hash Cond: (mk.movie_id = cc.movie_id)
                                                                          ->  Nested Loop  (cost=6.74..7290.41 rows=37091 width=4) (actual time=2.767..64.360 rows=37091 loops=1)
                                                                                ->  Seq Scan on keyword k  (cost=0.00..2961.55 rows=4 width=4) (actual time=0.807..15.636 rows=3 loops=1)
                                                                                      Filter: (keyword = ANY ('{murder,murder-in-title,blood,violence}'::text[]))
                                                                                      Rows Removed by Filter: 134167
                                                                                ->  Bitmap Heap Scan on movie_keyword mk  (cost=6.74..1079.23 rows=298 width=8) (actual time=2.282..14.264 rows=12364 loops=3)
                                                                                      Recheck Cond: (keyword_id = k.id)
                                                                                      Heap Blocks: exact=26312
                                                                                      ->  Bitmap Index Scan on keyword_id_movie_keyword  (cost=0.00..6.67 rows=298 width=0) (actual time=1.163..1.163 rows=12364 loops=3)
                                                                                            Index Cond: (keyword_id = k.id)
                                                                          ->  Hash  (cost=2081.86..2081.86 rows=135086 width=12) (actual time=39.311..39.311 rows=135086 loops=1)
                                                                                Buckets: 262144  Batches: 1  Memory Usage: 7853kB
                                                                                ->  Seq Scan on complete_cast cc  (cost=0.00..2081.86 rows=135086 width=12) (actual time=0.004..17.876 rows=135086 loops=1)
                                                                    ->  Hash  (cost=1.05..1.05 rows=1 width=4) (actual time=0.002..0.002 rows=1 loops=1)
                                                                          Buckets: 1024  Batches: 1  Memory Usage: 9kB
                                                                          ->  Seq Scan on comp_cast_type cct1  (cost=0.00..1.05 rows=1 width=4) (actual time=0.001..0.001 rows=1 loops=1)
                                                                                Filter: ((kind)::text = 'cast'::text)
                                                                                Rows Removed by Filter: 3
                                                              ->  Hash  (cost=1.05..1.05 rows=1 width=4) (actual time=0.004..0.004 rows=1 loops=1)
                                                                    Buckets: 1024  Batches: 1  Memory Usage: 9kB
                                                                    ->  Seq Scan on comp_cast_type cct2  (cost=0.00..1.05 rows=1 width=4) (actual time=0.002..0.003 rows=1 loops=1)
                                                                          Filter: ((kind)::text = 'complete'::text)
                                                                          Rows Removed by Filter: 3
                                                        ->  Index Scan using movie_id_movie_info_idx on movie_info_idx mi_idx  (cost=0.43..0.50 rows=3 width=14) (actual time=0.003..0.004 rows=3 loops=6704)
                                                              Index Cond: (movie_id = mk.movie_id)
                                                              Filter: (info < '8.5'::text)
                                                              Rows Removed by Filter: 0
                                            ->  Index Scan using movie_id_movie_info on movie_info mi  (cost=0.43..1.84 rows=2 width=8) (actual time=0.032..0.037 rows=1 loops=6409)
                                                  Index Cond: (movie_id = mk.movie_id)
                                                  Filter: (info = ANY ('{Sweden,Norway,Germany,Denmark,Swedish,Danish,Norwegian,German,USA,American}'::text[]))
                                                  Rows Removed by Filter: 69
                                ->  Index Scan using movie_id_movie_companies on movie_companies mc  (cost=0.43..0.57 rows=1 width=12) (actual time=0.005..0.009 rows=5 loops=4843)
                                      Index Cond: (movie_id = mk.movie_id)
                                      Filter: ((note !~~ '%(USA)%'::text) AND (note ~~ '%(200%)%'::text))
                                      Rows Removed by Filter: 8
                          ->  Index Scan using company_name_pkey on company_name cn  (cost=0.42..0.55 rows=1 width=23) (actual time=0.002..0.002 rows=1 loops=23398)
                                Index Cond: (id = mc.company_id)
                                Filter: ((country_code)::text <> '[us]'::text)
                                Rows Removed by Filter: 0
                    ->  Index Only Scan using company_type_pkey on company_type ct  (cost=0.13..0.15 rows=1 width=4) (actual time=0.000..0.000 rows=1 loops=22138)
                          Index Cond: (id = mc.company_type_id)
                          Heap Fetches: 0
              ->  Index Scan using title_pkey on title t  (cost=0.43..0.49 rows=1 width=25) (actual time=0.002..0.002 rows=0 loops=22138)
                    Index Cond: (id = mk.movie_id)
                    Filter: (production_year > 2005)
                    Rows Removed by Filter: 1
        ->  Index Scan using kind_type_pkey on kind_type kt  (cost=0.13..0.15 rows=1 width=4) (actual time=0.001..0.001 rows=1 loops=8668)
              Index Cond: (id = t.kind_id)
              Filter: ((kind)::text = ANY ('{movie,episode}'::text[]))
              Rows Removed by Filter: 0
Planning time: 59.087 ms
Execution time: 583.392 ms
