Aggregate  (cost=23890.25..23890.26 rows=1 width=96) (actual time=86.117..86.117 rows=1 loops=1)
  ->  Nested Loop  (cost=11.16..23890.24 rows=1 width=48) (actual time=29.089..85.657 rows=1620 loops=1)
        Join Filter: (ci.role_id = rt.id)
        ->  Nested Loop  (cost=11.16..23889.08 rows=1 width=52) (actual time=29.084..84.146 rows=1620 loops=1)
              ->  Nested Loop  (cost=10.74..23887.05 rows=1 width=56) (actual time=29.076..71.349 rows=7128 loops=1)
                    Join Filter: (t.id = mc.movie_id)
                    ->  Nested Loop  (cost=10.31..23882.18 rows=1 width=72) (actual time=29.067..67.870 rows=324 loops=1)
                          Join Filter: (cc.subject_id = cct1.id)
                          ->  Nested Loop  (cost=10.31..23881.12 rows=1 width=76) (actual time=29.064..67.583 rows=324 loops=1)
                                Join Filter: (mi.info_type_id = it.id)
                                ->  Nested Loop  (cost=10.31..23878.70 rows=1 width=80) (actual time=29.060..66.788 rows=324 loops=1)
                                      ->  Nested Loop  (cost=9.88..23874.63 rows=1 width=68) (actual time=29.051..66.128 rows=324 loops=1)
                                            Join Filter: (t.id = mi.movie_id)
                                            ->  Nested Loop  (cost=9.44..23832.51 rows=1 width=60) (actual time=29.027..50.029 rows=162 loops=1)
                                                  Join Filter: (n.id = an.person_id)
                                                  ->  Nested Loop  (cost=9.02..23831.22 rows=1 width=72) (actual time=29.016..49.854 rows=54 loops=1)
                                                        Join Filter: (pi.info_type_id = it3.id)
                                                        Rows Removed by Join Filter: 109
                                                        ->  Nested Loop  (cost=9.02..23828.80 rows=1 width=76) (actual time=28.986..48.916 rows=163 loops=1)
                                                              Join Filter: (cct2.id = cc.status_id)
                                                              ->  Seq Scan on comp_cast_type cct2  (cost=0.00..1.05 rows=1 width=4) (actual time=0.005..0.006 rows=1 loops=1)
                                                                    Filter: ((kind)::text = 'complete+verified'::text)
                                                                    Rows Removed by Filter: 3
                                                              ->  Nested Loop  (cost=9.02..23827.74 rows=1 width=80) (actual time=28.979..48.872 rows=163 loops=1)
                                                                    Join Filter: (t.id = cc.movie_id)
                                                                    ->  Nested Loop  (cost=8.60..23824.94 rows=1 width=68) (actual time=28.969..48.528 rows=163 loops=1)
                                                                          Join Filter: (ci.movie_id = t.id)
                                                                          ->  Nested Loop  (cost=8.17..23818.48 rows=3 width=47) (actual time=2.936..43.776 rows=2996 loops=1)
                                                                                Join Filter: (n.id = pi.person_id)
                                                                                ->  Nested Loop  (cost=7.74..23740.25 rows=4 width=39) (actual time=2.926..42.000 rows=45 loops=1)
                                                                                      ->  Nested Loop  (cost=7.31..22913.18 rows=353 width=20) (actual time=0.122..27.807 rows=4371 loops=1)
                                                                                            ->  Nested Loop  (cost=6.74..3729.38 rows=414 width=4) (actual time=0.111..9.056 rows=414 loops=1)
                                                                                                  ->  Seq Scan on keyword k  (cost=0.00..2626.12 rows=1 width=4) (actual time=0.029..8.387 rows=1 loops=1)
                                                                                                        Filter: (keyword = 'computer-animation'::text)
                                                                                                        Rows Removed by Filter: 134169
                                                                                                  ->  Bitmap Heap Scan on movie_keyword mk  (cost=6.74..1100.27 rows=298 width=8) (actual time=0.081..0.597 rows=414 loops=1)
                                                                                                        Recheck Cond: (keyword_id = k.id)
                                                                                                        Heap Blocks: exact=358
                                                                                                        ->  Bitmap Index Scan on keyword_id_movie_keyword  (cost=0.00..6.67 rows=298 width=0) (actual time=0.044..0.044 rows=414 loops=1)
                                                                                                              Index Cond: (keyword_id = k.id)
                                                                                            ->  Index Scan using movie_id_cast_info on cast_info ci  (cost=0.56..46.33 rows=1 width=16) (actual time=0.011..0.043 rows=11 loops=414)
                                                                                                  Index Cond: (movie_id = mk.movie_id)
                                                                                                  Filter: (note = ANY ('{(voice),"(voice) (uncredited)","(voice: English version)"}'::text[]))
                                                                                                  Rows Removed by Filter: 33
                                                                                      ->  Index Scan using name_pkey on name n  (cost=0.43..2.34 rows=1 width=19) (actual time=0.003..0.003 rows=0 loops=4371)
                                                                                            Index Cond: (id = ci.person_id)
                                                                                            Filter: ((name ~~ '%An%'::text) AND ((gender)::text = 'f'::text))
                                                                                            Rows Removed by Filter: 1
                                                                                ->  Index Scan using person_id_person_info on person_info pi  (cost=0.43..19.24 rows=25 width=8) (actual time=0.010..0.026 rows=67 loops=45)
                                                                                      Index Cond: (person_id = ci.person_id)
                                                                          ->  Index Scan using title_pkey on title t  (cost=0.43..2.14 rows=1 width=21) (actual time=0.001..0.001 rows=0 loops=2996)
                                                                                Index Cond: (id = mk.movie_id)
                                                                                Filter: ((production_year >= 2000) AND (production_year <= 2010) AND (title = 'Shrek 2'::text))
                                                                                Rows Removed by Filter: 1
                                                                    ->  Index Scan using movie_id_complete_cast on complete_cast cc  (cost=0.42..2.77 rows=2 width=12) (actual time=0.001..0.002 rows=1 loops=163)
                                                                          Index Cond: (movie_id = mk.movie_id)
                                                        ->  Seq Scan on info_type it3  (cost=0.00..2.41 rows=1 width=4) (actual time=0.002..0.005 rows=1 loops=163)
                                                              Filter: ((info)::text = 'trivia'::text)
                                                              Rows Removed by Filter: 80
                                                  ->  Index Only Scan using person_id_aka_name on aka_name an  (cost=0.42..1.26 rows=2 width=4) (actual time=0.002..0.002 rows=3 loops=54)
                                                        Index Cond: (person_id = pi.person_id)
                                                        Heap Fetches: 0
                                            ->  Index Scan using movie_id_movie_info on movie_info mi  (cost=0.43..42.09 rows=2 width=8) (actual time=0.010..0.099 rows=2 loops=162)
                                                  Index Cond: (movie_id = mk.movie_id)
                                                  Filter: ((info IS NOT NULL) AND ((info ~~ 'Japan:%200%'::text) OR (info ~~ 'USA:%200%'::text)))
                                                  Rows Removed by Filter: 455
                                      ->  Index Scan using char_name_pkey on char_name chn  (cost=0.43..2.25 rows=1 width=20) (actual time=0.002..0.002 rows=1 loops=324)
                                            Index Cond: (id = ci.person_role_id)
                                            Filter: (name = 'Queen'::text)
                                ->  Seq Scan on info_type it  (cost=0.00..2.41 rows=1 width=4) (actual time=0.002..0.002 rows=1 loops=324)
                                      Filter: ((info)::text = 'release dates'::text)
                                      Rows Removed by Filter: 15
                          ->  Seq Scan on comp_cast_type cct1  (cost=0.00..1.05 rows=1 width=4) (actual time=0.000..0.000 rows=1 loops=324)
                                Filter: ((kind)::text = 'cast'::text)
                    ->  Index Scan using movie_id_movie_companies on movie_companies mc  (cost=0.43..4.80 rows=5 width=8) (actual time=0.002..0.006 rows=22 loops=324)
                          Index Cond: (movie_id = mk.movie_id)
              ->  Index Scan using company_name_pkey on company_name cn  (cost=0.42..2.03 rows=1 width=4) (actual time=0.002..0.002 rows=0 loops=7128)
                    Index Cond: (id = mc.company_id)
                    Filter: ((country_code)::text = '[us]'::text)
                    Rows Removed by Filter: 1
        ->  Seq Scan on role_type rt  (cost=0.00..1.15 rows=1 width=4) (actual time=0.000..0.000 rows=1 loops=1620)
              Filter: ((role)::text = 'actress'::text)
              Rows Removed by Filter: 1
Planning time: 78.881 ms
Execution time: 86.248 ms
