Aggregate  (cost=6549.79..6549.80 rows=1 width=96) (actual time=42.844..42.844 rows=1 loops=1)
  ->  Nested Loop  (cost=11.16..6549.79 rows=1 width=48) (actual time=10.152..42.416 rows=1620 loops=1)
        ->  Nested Loop  (cost=10.74..6547.76 rows=1 width=52) (actual time=10.144..29.832 rows=7128 loops=1)
              Join Filter: (t.id = mc.movie_id)
              ->  Nested Loop  (cost=10.31..6542.89 rows=1 width=68) (actual time=10.136..26.497 rows=324 loops=1)
                    Join Filter: (n.id = an.person_id)
                    ->  Nested Loop  (cost=9.88..6541.61 rows=1 width=80) (actual time=10.127..26.192 rows=108 loops=1)
                          Join Filter: (ci.person_id = n.id)
                          ->  Nested Loop  (cost=9.45..6539.37 rows=1 width=61) (actual time=10.119..25.955 rows=108 loops=1)
                                Join Filter: (mi.movie_id = t.id)
                                ->  Nested Loop  (cost=9.02..6537.22 rows=1 width=40) (actual time=10.110..25.712 rows=108 loops=1)
                                      Join Filter: (it.id = mi.info_type_id)
                                      ->  Seq Scan on info_type it  (cost=0.00..2.41 rows=1 width=4) (actual time=0.006..0.012 rows=1 loops=1)
                                            Filter: ((info)::text = 'release dates'::text)
                                            Rows Removed by Filter: 112
                                      ->  Nested Loop  (cost=9.02..6534.79 rows=1 width=44) (actual time=10.102..25.675 rows=108 loops=1)
                                            Join Filter: (ci.movie_id = mi.movie_id)
                                            ->  Nested Loop  (cost=8.59..6492.67 rows=1 width=36) (actual time=0.587..16.209 rows=118 loops=1)
                                                  Join Filter: (ci.role_id = rt.id)
                                                  ->  Nested Loop  (cost=8.59..6491.51 rows=1 width=40) (actual time=0.582..16.085 rows=118 loops=1)
                                                        Join Filter: (it3.id = pi.info_type_id)
                                                        Rows Removed by Join Filter: 215
                                                        ->  Seq Scan on info_type it3  (cost=0.00..2.41 rows=1 width=4) (actual time=0.002..0.008 rows=1 loops=1)
                                                              Filter: ((info)::text = 'trivia'::text)
                                                              Rows Removed by Filter: 112
                                                        ->  Nested Loop  (cost=8.59..6488.79 rows=25 width=44) (actual time=0.579..16.033 rows=333 loops=1)
                                                              ->  Nested Loop  (cost=8.16..6469.29 rows=1 width=36) (actual time=0.570..15.871 rows=3 loops=1)
                                                                    ->  Nested Loop  (cost=7.73..6055.65 rows=183 width=24) (actual time=0.394..13.791 rows=703 loops=1)
                                                                          Join Filter: (cc.subject_id = cct1.id)
                                                                          Rows Removed by Join Filter: 29
                                                                          ->  Seq Scan on comp_cast_type cct1  (cost=0.00..1.05 rows=1 width=4) (actual time=0.002..0.003 rows=1 loops=1)
                                                                                Filter: ((kind)::text = 'cast'::text)
                                                                                Rows Removed by Filter: 3
                                                                          ->  Nested Loop  (cost=7.73..6045.45 rows=732 width=28) (actual time=0.392..13.657 rows=732 loops=1)
                                                                                ->  Nested Loop  (cost=7.16..4887.01 rows=25 width=12) (actual time=0.378..10.027 rows=25 loops=1)
                                                                                      Join Filter: (cct2.id = cc.status_id)
                                                                                      Rows Removed by Join Filter: 65
                                                                                      ->  Seq Scan on comp_cast_type cct2  (cost=0.00..1.05 rows=1 width=4) (actual time=0.001..0.002 rows=1 loops=1)
                                                                                            Filter: ((kind)::text = 'complete+verified'::text)
                                                                                            Rows Removed by Filter: 3
                                                                                      ->  Nested Loop  (cost=7.16..4884.83 rows=90 width=16) (actual time=0.182..10.012 rows=90 loops=1)
                                                                                            ->  Nested Loop  (cost=6.74..3729.38 rows=414 width=4) (actual time=0.109..9.078 rows=414 loops=1)
                                                                                                  ->  Seq Scan on keyword k  (cost=0.00..2626.12 rows=1 width=4) (actual time=0.027..8.405 rows=1 loops=1)
                                                                                                        Filter: (keyword = 'computer-animation'::text)
                                                                                                        Rows Removed by Filter: 134169
                                                                                                  ->  Bitmap Heap Scan on movie_keyword mk  (cost=6.74..1100.27 rows=298 width=8) (actual time=0.081..0.608 rows=414 loops=1)
                                                                                                        Recheck Cond: (keyword_id = k.id)
                                                                                                        Heap Blocks: exact=358
                                                                                                        ->  Bitmap Index Scan on keyword_id_movie_keyword  (cost=0.00..6.67 rows=298 width=0) (actual time=0.044..0.044 rows=414 loops=1)
                                                                                                              Index Cond: (keyword_id = k.id)
                                                                                            ->  Index Scan using movie_id_complete_cast on complete_cast cc  (cost=0.42..2.77 rows=2 width=12) (actual time=0.002..0.002 rows=0 loops=414)
                                                                                                  Index Cond: (movie_id = mk.movie_id)
                                                                                ->  Index Scan using movie_id_cast_info on cast_info ci  (cost=0.56..46.33 rows=1 width=16) (actual time=0.017..0.139 rows=29 loops=25)
                                                                                      Index Cond: (movie_id = mk.movie_id)
                                                                                      Filter: (note = ANY ('{(voice),"(voice) (uncredited)","(voice: English version)"}'::text[]))
                                                                                      Rows Removed by Filter: 116
                                                                    ->  Index Scan using char_name_pkey on char_name chn  (cost=0.43..2.25 rows=1 width=20) (actual time=0.003..0.003 rows=0 loops=703)
                                                                          Index Cond: (id = ci.person_role_id)
                                                                          Filter: (name = 'Queen'::text)
                                                                          Rows Removed by Filter: 1
                                                              ->  Index Scan using person_id_person_info on person_info pi  (cost=0.43..19.24 rows=25 width=8) (actual time=0.007..0.032 rows=111 loops=3)
                                                                    Index Cond: (person_id = ci.person_id)
                                                  ->  Seq Scan on role_type rt  (cost=0.00..1.15 rows=1 width=4) (actual time=0.000..0.000 rows=1 loops=118)
                                                        Filter: ((role)::text = 'actress'::text)
                                                        Rows Removed by Filter: 1
                                            ->  Index Scan using movie_id_movie_info on movie_info mi  (cost=0.43..42.09 rows=2 width=8) (actual time=0.039..0.080 rows=1 loops=118)
                                                  Index Cond: (movie_id = mk.movie_id)
                                                  Filter: ((info IS NOT NULL) AND ((info ~~ 'Japan:%200%'::text) OR (info ~~ 'USA:%200%'::text)))
                                                  Rows Removed by Filter: 371
                                ->  Index Scan using title_pkey on title t  (cost=0.43..2.14 rows=1 width=21) (actual time=0.002..0.002 rows=1 loops=108)
                                      Index Cond: (id = mk.movie_id)
                                      Filter: ((production_year >= 2000) AND (production_year <= 2010) AND (title = 'Shrek 2'::text))
                          ->  Index Scan using name_pkey on name n  (cost=0.43..2.22 rows=1 width=19) (actual time=0.002..0.002 rows=1 loops=108)
                                Index Cond: (id = pi.person_id)
                                Filter: ((name ~~ '%An%'::text) AND ((gender)::text = 'f'::text))
                    ->  Index Only Scan using person_id_aka_name on aka_name an  (cost=0.42..1.26 rows=2 width=4) (actual time=0.001..0.002 rows=3 loops=108)
                          Index Cond: (person_id = pi.person_id)
                          Heap Fetches: 0
              ->  Index Scan using movie_id_movie_companies on movie_companies mc  (cost=0.43..4.80 rows=5 width=8) (actual time=0.002..0.006 rows=22 loops=324)
                    Index Cond: (movie_id = mk.movie_id)
        ->  Index Scan using company_name_pkey on company_name cn  (cost=0.42..2.03 rows=1 width=4) (actual time=0.001..0.001 rows=0 loops=7128)
              Index Cond: (id = mc.company_id)
              Filter: ((country_code)::text = '[us]'::text)
              Rows Removed by Filter: 1
Planning time: 78.963 ms
Execution time: 42.973 ms
