Aggregate  (cost=26050.76..26050.77 rows=1 width=96) (actual time=110.047..110.047 rows=1 loops=1)
  ->  Nested Loop  (cost=5785.74..26050.76 rows=1 width=48) (actual time=56.489..109.631 rows=1620 loops=1)
        Join Filter: (n.id = an.person_id)
        ->  Nested Loop  (cost=5785.32..26049.47 rows=1 width=60) (actual time=56.478..108.318 rows=540 loops=1)
              ->  Nested Loop  (cost=5785.19..26049.30 rows=1 width=64) (actual time=56.474..107.678 rows=540 loops=1)
                    Join Filter: (mi.movie_id = t.id)
                    ->  Nested Loop  (cost=5784.76..26047.15 rows=1 width=67) (actual time=56.464..106.610 rows=540 loops=1)
                          ->  Nested Loop  (cost=5784.61..26046.80 rows=2 width=71) (actual time=56.460..105.947 rows=540 loops=1)
                                Join Filter: (mc.movie_id = mi.movie_id)
                                ->  Nested Loop  (cost=5784.18..26004.69 rows=1 width=63) (actual time=14.817..62.194 rows=558 loops=1)
                                      ->  Nested Loop  (cost=5784.04..26004.50 rows=1 width=67) (actual time=14.810..60.564 rows=1559 loops=1)
                                            Join Filter: (n.id = pi.person_id)
                                            ->  Nested Loop  (cost=5783.61..25984.95 rows=1 width=59) (actual time=14.800..59.879 rows=13 loops=1)
                                                  ->  Hash Join  (cost=5783.18..25974.12 rows=4 width=47) (actual time=14.791..59.764 rows=43 loops=1)
                                                        Hash Cond: (ci.role_id = rt.id)
                                                        ->  Nested Loop  (cost=5782.01..25972.45 rows=43 width=51) (actual time=14.777..59.735 rows=43 loops=1)
                                                              ->  Nested Loop  (cost=5781.58..15841.42 rows=4324 width=32) (actual time=12.685..50.259 rows=4324 loops=1)
                                                                    Join Filter: (mc.movie_id = ci.movie_id)
                                                                    ->  Nested Loop  (cost=5781.02..9539.15 rows=136 width=16) (actual time=12.658..38.382 rows=136 loops=1)
                                                                          ->  Hash Join  (cost=5780.60..8396.11 rows=564 width=20) (actual time=12.645..36.823 rows=564 loops=1)
                                                                                Hash Cond: (cc.status_id = cct2.id)
                                                                                ->  Hash Join  (cost=5779.54..8376.65 rows=1768 width=24) (actual time=12.638..36.582 rows=1768 loops=1)
                                                                                      Hash Cond: (cc.movie_id = mc.movie_id)
                                                                                      ->  Seq Scan on complete_cast cc  (cost=0.00..2081.86 rows=135086 width=12) (actual time=0.003..10.571 rows=135086 loops=1)
                                                                                      ->  Hash  (cost=5739.31..5739.31 rows=3218 width=12) (actual time=12.446..12.446 rows=3218 loops=1)
                                                                                            Buckets: 4096  Batches: 1  Memory Usage: 171kB
                                                                                            ->  Nested Loop  (cost=7.17..5739.31 rows=3218 width=12) (actual time=0.116..11.951 rows=3218 loops=1)
                                                                                                  ->  Nested Loop  (cost=6.74..3729.38 rows=414 width=4) (actual time=0.109..9.105 rows=414 loops=1)
                                                                                                        ->  Seq Scan on keyword k  (cost=0.00..2626.12 rows=1 width=4) (actual time=0.028..8.464 rows=1 loops=1)
                                                                                                              Filter: (keyword = 'computer-animation'::text)
                                                                                                              Rows Removed by Filter: 134169
                                                                                                        ->  Bitmap Heap Scan on movie_keyword mk  (cost=6.74..1100.27 rows=298 width=8) (actual time=0.080..0.574 rows=414 loops=1)
                                                                                                              Recheck Cond: (keyword_id = k.id)
                                                                                                              Heap Blocks: exact=358
                                                                                                              ->  Bitmap Index Scan on keyword_id_movie_keyword  (cost=0.00..6.67 rows=298 width=0) (actual time=0.043..0.043 rows=414 loops=1)
                                                                                                                    Index Cond: (keyword_id = k.id)
                                                                                                  ->  Index Scan using movie_id_movie_companies on movie_companies mc  (cost=0.43..4.80 rows=5 width=8) (actual time=0.003..0.005 rows=8 loops=414)
                                                                                                        Index Cond: (movie_id = mk.movie_id)
                                                                                ->  Hash  (cost=1.05..1.05 rows=1 width=4) (actual time=0.003..0.003 rows=1 loops=1)
                                                                                      Buckets: 1024  Batches: 1  Memory Usage: 9kB
                                                                                      ->  Seq Scan on comp_cast_type cct2  (cost=0.00..1.05 rows=1 width=4) (actual time=0.002..0.002 rows=1 loops=1)
                                                                                            Filter: ((kind)::text = 'complete+verified'::text)
                                                                                            Rows Removed by Filter: 3
                                                                          ->  Index Scan using company_name_pkey on company_name cn  (cost=0.42..2.03 rows=1 width=4) (actual time=0.002..0.002 rows=0 loops=564)
                                                                                Index Cond: (id = mc.company_id)
                                                                                Filter: ((country_code)::text = '[us]'::text)
                                                                                Rows Removed by Filter: 1
                                                                    ->  Index Scan using movie_id_cast_info on cast_info ci  (cost=0.56..46.33 rows=1 width=16) (actual time=0.009..0.081 rows=32 loops=136)
                                                                          Index Cond: (movie_id = mk.movie_id)
                                                                          Filter: (note = ANY ('{(voice),"(voice) (uncredited)","(voice: English version)"}'::text[]))
                                                                          Rows Removed by Filter: 125
                                                              ->  Index Scan using name_pkey on name n  (cost=0.43..2.34 rows=1 width=19) (actual time=0.002..0.002 rows=0 loops=4324)
                                                                    Index Cond: (id = ci.person_id)
                                                                    Filter: ((name ~~ '%An%'::text) AND ((gender)::text = 'f'::text))
                                                                    Rows Removed by Filter: 1
                                                        ->  Hash  (cost=1.15..1.15 rows=1 width=4) (actual time=0.009..0.009 rows=1 loops=1)
                                                              Buckets: 1024  Batches: 1  Memory Usage: 9kB
                                                              ->  Seq Scan on role_type rt  (cost=0.00..1.15 rows=1 width=4) (actual time=0.006..0.007 rows=1 loops=1)
                                                                    Filter: ((role)::text = 'actress'::text)
                                                                    Rows Removed by Filter: 11
                                                  ->  Index Scan using char_name_pkey on char_name chn  (cost=0.43..2.25 rows=1 width=20) (actual time=0.002..0.002 rows=0 loops=43)
                                                        Index Cond: (id = ci.person_role_id)
                                                        Filter: (name = 'Queen'::text)
                                                        Rows Removed by Filter: 1
                                            ->  Index Scan using person_id_person_info on person_info pi  (cost=0.43..19.24 rows=25 width=8) (actual time=0.003..0.026 rows=120 loops=13)
                                                  Index Cond: (person_id = ci.person_id)
                                      ->  Index Scan using info_type_pkey on info_type it3  (cost=0.14..0.16 rows=1 width=4) (actual time=0.001..0.001 rows=0 loops=1559)
                                            Index Cond: (id = pi.info_type_id)
                                            Filter: ((info)::text = 'trivia'::text)
                                            Rows Removed by Filter: 1
                                ->  Index Scan using movie_id_movie_info on movie_info mi  (cost=0.43..42.09 rows=2 width=8) (actual time=0.035..0.078 rows=1 loops=558)
                                      Index Cond: (movie_id = mk.movie_id)
                                      Filter: ((info IS NOT NULL) AND ((info ~~ 'Japan:%200%'::text) OR (info ~~ 'USA:%200%'::text)))
                                      Rows Removed by Filter: 378
                          ->  Index Scan using info_type_pkey on info_type it  (cost=0.14..0.16 rows=1 width=4) (actual time=0.001..0.001 rows=1 loops=540)
                                Index Cond: (id = mi.info_type_id)
                                Filter: ((info)::text = 'release dates'::text)
                    ->  Index Scan using title_pkey on title t  (cost=0.43..2.14 rows=1 width=21) (actual time=0.002..0.002 rows=1 loops=540)
                          Index Cond: (id = mk.movie_id)
                          Filter: ((production_year >= 2000) AND (production_year <= 2010) AND (title = 'Shrek 2'::text))
              ->  Index Scan using comp_cast_type_pkey on comp_cast_type cct1  (cost=0.13..0.15 rows=1 width=4) (actual time=0.001..0.001 rows=1 loops=540)
                    Index Cond: (id = cc.subject_id)
                    Filter: ((kind)::text = 'cast'::text)
        ->  Index Only Scan using person_id_aka_name on aka_name an  (cost=0.42..1.26 rows=2 width=4) (actual time=0.001..0.002 rows=3 loops=540)
              Index Cond: (person_id = pi.person_id)
              Heap Fetches: 0
Planning time: 79.476 ms
Execution time: 110.188 ms
