Aggregate  (cost=7760.26..7760.27 rows=1 width=96) (actual time=26.512..26.512 rows=1 loops=1)
  ->  Nested Loop  (cost=11.16..7760.04 rows=30 width=48) (actual time=1.619..26.104 rows=1620 loops=1)
        Join Filter: (cc.status_id = cct2.id)
        ->  Seq Scan on comp_cast_type cct2  (cost=0.00..1.05 rows=1 width=4) (actual time=0.006..0.006 rows=1 loops=1)
              Filter: ((kind)::text = 'complete+verified'::text)
              Rows Removed by Filter: 3
        ->  Nested Loop  (cost=11.16..7757.46 rows=122 width=52) (actual time=1.612..25.809 rows=1620 loops=1)
              ->  Nested Loop  (cost=10.74..7080.55 rows=334 width=56) (actual time=1.606..14.552 rows=7128 loops=1)
                    Join Filter: (t.id = mc.movie_id)
                    ->  Nested Loop  (cost=10.31..5503.51 rows=324 width=72) (actual time=1.600..11.517 rows=324 loops=1)
                          Join Filter: (it3.id = pi.info_type_id)
                          Rows Removed by Join Filter: 654
                          ->  Seq Scan on info_type it3  (cost=0.00..2.41 rows=1 width=4) (actual time=0.004..0.009 rows=1 loops=1)
                                Filter: ((info)::text = 'trivia'::text)
                                Rows Removed by Filter: 112
                          ->  Nested Loop  (cost=10.31..5488.87 rows=978 width=76) (actual time=1.591..11.393 rows=978 loops=1)
                                Join Filter: (n.id = pi.person_id)
                                ->  Nested Loop  (cost=9.88..5371.58 rows=6 width=84) (actual time=1.585..11.000 rows=6 loops=1)
                                      ->  Nested Loop  (cost=9.45..5357.52 rows=6 width=65) (actual time=1.577..10.981 rows=6 loops=1)
                                            Join Filter: (mi.info_type_id = it.id)
                                            ->  Seq Scan on info_type it  (cost=0.00..2.41 rows=1 width=4) (actual time=0.003..0.008 rows=1 loops=1)
                                                  Filter: ((info)::text = 'release dates'::text)
                                                  Rows Removed by Filter: 112
                                            ->  Nested Loop  (cost=9.45..5355.03 rows=6 width=69) (actual time=1.574..10.971 rows=6 loops=1)
                                                  ->  Nested Loop  (cost=9.02..5281.20 rows=32 width=57) (actual time=1.567..10.896 rows=32 loops=1)
                                                        Join Filter: (ci.role_id = rt.id)
                                                        Rows Removed by Join Filter: 100
                                                        ->  Seq Scan on role_type rt  (cost=0.00..1.15 rows=1 width=4) (actual time=0.002..0.004 rows=1 loops=1)
                                                              Filter: ((role)::text = 'actress'::text)
                                                              Rows Removed by Filter: 11
                                                        ->  Nested Loop  (cost=9.02..5278.40 rows=132 width=61) (actual time=1.463..10.876 rows=132 loops=1)
                                                              ->  Nested Loop  (cost=8.59..5180.62 rows=76 width=57) (actual time=1.446..10.676 rows=76 loops=1)
                                                                    Join Filter: (t.id = ci.movie_id)
                                                                    ->  Nested Loop  (cost=8.03..5087.94 rows=2 width=41) (actual time=1.436..10.288 rows=2 loops=1)
                                                                          Join Filter: (t.id = mi.movie_id)
                                                                          ->  Nested Loop  (cost=7.59..5045.83 rows=1 width=33) (actual time=1.415..10.143 rows=1 loops=1)
                                                                                ->  Nested Loop  (cost=7.16..4887.01 rows=74 width=12) (actual time=0.191..9.835 rows=74 loops=1)
                                                                                      Join Filter: (cc.subject_id = cct1.id)
                                                                                      Rows Removed by Join Filter: 16
                                                                                      ->  Seq Scan on comp_cast_type cct1  (cost=0.00..1.05 rows=1 width=4) (actual time=0.001..0.003 rows=1 loops=1)
                                                                                            Filter: ((kind)::text = 'cast'::text)
                                                                                            Rows Removed by Filter: 3
                                                                                      ->  Nested Loop  (cost=7.16..4884.83 rows=90 width=16) (actual time=0.190..9.816 rows=90 loops=1)
                                                                                            ->  Nested Loop  (cost=6.74..3729.38 rows=414 width=4) (actual time=0.107..8.901 rows=414 loops=1)
                                                                                                  ->  Seq Scan on keyword k  (cost=0.00..2626.12 rows=1 width=4) (actual time=0.028..8.283 rows=1 loops=1)
                                                                                                        Filter: (keyword = 'computer-animation'::text)
                                                                                                        Rows Removed by Filter: 134169
                                                                                                  ->  Bitmap Heap Scan on movie_keyword mk  (cost=6.74..1100.27 rows=298 width=8) (actual time=0.078..0.552 rows=414 loops=1)
                                                                                                        Recheck Cond: (keyword_id = k.id)
                                                                                                        Heap Blocks: exact=358
                                                                                                        ->  Bitmap Index Scan on keyword_id_movie_keyword  (cost=0.00..6.67 rows=298 width=0) (actual time=0.041..0.041 rows=414 loops=1)
                                                                                                              Index Cond: (keyword_id = k.id)
                                                                                            ->  Index Scan using movie_id_complete_cast on complete_cast cc  (cost=0.42..2.77 rows=2 width=12) (actual time=0.002..0.002 rows=0 loops=414)
                                                                                                  Index Cond: (movie_id = mk.movie_id)
                                                                                ->  Index Scan using title_pkey on title t  (cost=0.43..2.14 rows=1 width=21) (actual time=0.004..0.004 rows=0 loops=74)
                                                                                      Index Cond: (id = mk.movie_id)
                                                                                      Filter: ((production_year >= 2000) AND (production_year <= 2010) AND (title = 'Shrek 2'::text))
                                                                                      Rows Removed by Filter: 1
                                                                          ->  Index Scan using movie_id_movie_info on movie_info mi  (cost=0.43..42.09 rows=2 width=8) (actual time=0.021..0.143 rows=2 loops=1)
                                                                                Index Cond: (movie_id = mk.movie_id)
                                                                                Filter: ((info IS NOT NULL) AND ((info ~~ 'Japan:%200%'::text) OR (info ~~ 'USA:%200%'::text)))
                                                                                Rows Removed by Filter: 455
                                                                    ->  Index Scan using movie_id_cast_info on cast_info ci  (cost=0.56..46.33 rows=1 width=16) (actual time=0.006..0.186 rows=38 loops=2)
                                                                          Index Cond: (movie_id = mk.movie_id)
                                                                          Filter: (note = ANY ('{(voice),"(voice) (uncredited)","(voice: English version)"}'::text[]))
                                                                          Rows Removed by Filter: 191
                                                              ->  Index Only Scan using person_id_aka_name on aka_name an  (cost=0.42..1.27 rows=2 width=4) (actual time=0.002..0.002 rows=2 loops=76)
                                                                    Index Cond: (person_id = ci.person_id)
                                                                    Heap Fetches: 0
                                                  ->  Index Scan using char_name_pkey on char_name chn  (cost=0.43..2.25 rows=1 width=20) (actual time=0.002..0.002 rows=0 loops=32)
                                                        Index Cond: (id = ci.person_role_id)
                                                        Filter: (name = 'Queen'::text)
                                                        Rows Removed by Filter: 1
                                      ->  Index Scan using name_pkey on name n  (cost=0.43..2.34 rows=1 width=19) (actual time=0.003..0.003 rows=1 loops=6)
                                            Index Cond: (id = ci.person_id)
                                            Filter: ((name ~~ '%An%'::text) AND ((gender)::text = 'f'::text))
                                ->  Index Scan using person_id_person_info on person_info pi  (cost=0.43..19.24 rows=25 width=8) (actual time=0.002..0.031 rows=163 loops=6)
                                      Index Cond: (person_id = an.person_id)
                    ->  Index Scan using movie_id_movie_companies on movie_companies mc  (cost=0.43..4.80 rows=5 width=8) (actual time=0.002..0.005 rows=22 loops=324)
                          Index Cond: (movie_id = mk.movie_id)
              ->  Index Scan using company_name_pkey on company_name cn  (cost=0.42..2.03 rows=1 width=4) (actual time=0.001..0.001 rows=0 loops=7128)
                    Index Cond: (id = mc.company_id)
                    Filter: ((country_code)::text = '[us]'::text)
                    Rows Removed by Filter: 1
Planning time: 78.525 ms
Execution time: 26.638 ms
