Aggregate  (cost=32900.16..32900.17 rows=1 width=96) (actual time=230.424..230.424 rows=1 loops=1)
  ->  Nested Loop  (cost=11.16..32900.15 rows=1 width=48) (actual time=122.076..229.907 rows=1620 loops=1)
        Join Filter: (cc.subject_id = cct1.id)
        ->  Nested Loop  (cost=11.16..32899.09 rows=1 width=52) (actual time=122.072..228.592 rows=1620 loops=1)
              Join Filter: (ci.role_id = rt.id)
              ->  Nested Loop  (cost=11.16..32897.93 rows=1 width=56) (actual time=122.064..227.009 rows=1620 loops=1)
                    Join Filter: (mi.movie_id = t.id)
                    ->  Nested Loop  (cost=10.73..32895.78 rows=1 width=59) (actual time=122.054..223.883 rows=1620 loops=1)
                          Join Filter: (it.id = mi.info_type_id)
                          ->  Seq Scan on info_type it  (cost=0.00..2.41 rows=1 width=4) (actual time=0.007..0.013 rows=1 loops=1)
                                Filter: ((info)::text = 'release dates'::text)
                                Rows Removed by Filter: 112
                          ->  Nested Loop  (cost=10.73..32893.34 rows=2 width=63) (actual time=122.045..223.512 rows=1620 loops=1)
                                Join Filter: (mc.movie_id = mi.movie_id)
                                ->  Nested Loop  (cost=10.29..32851.22 rows=1 width=55) (actual time=2.629..46.922 rows=2250 loops=1)
                                      Join Filter: (n.id = an.person_id)
                                      ->  Nested Loop  (cost=9.87..32849.93 rows=1 width=67) (actual time=2.621..45.202 rows=558 loops=1)
                                            ->  Nested Loop  (cost=9.45..32843.85 rows=3 width=71) (actual time=2.589..41.358 rows=2016 loops=1)
                                                  Join Filter: (ci.movie_id = mc.movie_id)
                                                  ->  Nested Loop  (cost=9.02..32838.99 rows=1 width=63) (actual time=2.580..40.308 rows=90 loops=1)
                                                        Join Filter: (cc.status_id = cct2.id)
                                                        Rows Removed by Join Filter: 54
                                                        ->  Seq Scan on comp_cast_type cct2  (cost=0.00..1.05 rows=1 width=4) (actual time=0.002..0.003 rows=1 loops=1)
                                                              Filter: ((kind)::text = 'complete+verified'::text)
                                                              Rows Removed by Filter: 3
                                                        ->  Nested Loop  (cost=9.02..32837.89 rows=4 width=67) (actual time=2.576..40.279 rows=144 loops=1)
                                                              Join Filter: (pi.info_type_id = it3.id)
                                                              Rows Removed by Join Filter: 275
                                                              ->  Seq Scan on info_type it3  (cost=0.00..2.41 rows=1 width=4) (actual time=0.003..0.009 rows=1 loops=1)
                                                                    Filter: ((info)::text = 'trivia'::text)
                                                                    Rows Removed by Filter: 112
                                                              ->  Nested Loop  (cost=9.02..32830.24 rows=419 width=71) (actual time=2.572..40.202 rows=419 loops=1)
                                                                    Join Filter: (n.id = pi.person_id)
                                                                    ->  Nested Loop  (cost=8.59..32771.57 rows=3 width=63) (actual time=2.561..39.987 rows=3 loops=1)
                                                                          ->  Nested Loop  (cost=8.17..32763.19 rows=3 width=51) (actual time=2.554..39.967 rows=3 loops=1)
                                                                                ->  Nested Loop  (cost=7.74..32751.47 rows=5 width=32) (actual time=2.012..39.933 rows=5 loops=1)
                                                                                      ->  Nested Loop  (cost=7.31..22913.18 rows=4371 width=20) (actual time=0.122..27.894 rows=4371 loops=1)
                                                                                            ->  Nested Loop  (cost=6.74..3729.38 rows=414 width=4) (actual time=0.112..9.196 rows=414 loops=1)
                                                                                                  ->  Seq Scan on keyword k  (cost=0.00..2626.12 rows=1 width=4) (actual time=0.030..8.548 rows=1 loops=1)
                                                                                                        Filter: (keyword = 'computer-animation'::text)
                                                                                                        Rows Removed by Filter: 134169
                                                                                                  ->  Bitmap Heap Scan on movie_keyword mk  (cost=6.74..1100.27 rows=298 width=8) (actual time=0.080..0.576 rows=414 loops=1)
                                                                                                        Recheck Cond: (keyword_id = k.id)
                                                                                                        Heap Blocks: exact=358
                                                                                                        ->  Bitmap Index Scan on keyword_id_movie_keyword  (cost=0.00..6.67 rows=298 width=0) (actual time=0.043..0.043 rows=414 loops=1)
                                                                                                              Index Cond: (keyword_id = k.id)
                                                                                            ->  Index Scan using movie_id_cast_info on cast_info ci  (cost=0.56..46.33 rows=1 width=16) (actual time=0.011..0.043 rows=11 loops=414)
                                                                                                  Index Cond: (movie_id = mk.movie_id)
                                                                                                  Filter: (note = ANY ('{(voice),"(voice) (uncredited)","(voice: English version)"}'::text[]))
                                                                                                  Rows Removed by Filter: 33
                                                                                      ->  Index Scan using char_name_pkey on char_name chn  (cost=0.43..2.25 rows=1 width=20) (actual time=0.003..0.003 rows=0 loops=4371)
                                                                                            Index Cond: (id = ci.person_role_id)
                                                                                            Filter: (name = 'Queen'::text)
                                                                                            Rows Removed by Filter: 1
                                                                                ->  Index Scan using name_pkey on name n  (cost=0.43..2.34 rows=1 width=19) (actual time=0.006..0.006 rows=1 loops=5)
                                                                                      Index Cond: (id = ci.person_id)
                                                                                      Filter: ((name ~~ '%An%'::text) AND ((gender)::text = 'f'::text))
                                                                                      Rows Removed by Filter: 0
                                                                          ->  Index Scan using movie_id_complete_cast on complete_cast cc  (cost=0.42..2.77 rows=2 width=12) (actual time=0.005..0.005 rows=1 loops=3)
                                                                                Index Cond: (movie_id = ci.movie_id)
                                                                    ->  Index Scan using person_id_person_info on person_info pi  (cost=0.43..19.24 rows=25 width=8) (actual time=0.006..0.038 rows=140 loops=3)
                                                                          Index Cond: (person_id = ci.person_id)
                                                  ->  Index Scan using movie_id_movie_companies on movie_companies mc  (cost=0.43..4.80 rows=5 width=8) (actual time=0.002..0.006 rows=22 loops=90)
                                                        Index Cond: (movie_id = mk.movie_id)
                                            ->  Index Scan using company_name_pkey on company_name cn  (cost=0.42..2.03 rows=1 width=4) (actual time=0.002..0.002 rows=0 loops=2016)
                                                  Index Cond: (id = mc.company_id)
                                                  Filter: ((country_code)::text = '[us]'::text)
                                                  Rows Removed by Filter: 1
                                      ->  Index Only Scan using person_id_aka_name on aka_name an  (cost=0.42..1.26 rows=2 width=4) (actual time=0.001..0.002 rows=4 loops=558)
                                            Index Cond: (person_id = pi.person_id)
                                            Heap Fetches: 0
                                ->  Index Scan using movie_id_movie_info on movie_info mi  (cost=0.43..42.09 rows=2 width=8) (actual time=0.046..0.078 rows=1 loops=2250)
                                      Index Cond: (movie_id = mk.movie_id)
                                      Filter: ((info IS NOT NULL) AND ((info ~~ 'Japan:%200%'::text) OR (info ~~ 'USA:%200%'::text)))
                                      Rows Removed by Filter: 359
                    ->  Index Scan using title_pkey on title t  (cost=0.43..2.14 rows=1 width=21) (actual time=0.002..0.002 rows=1 loops=1620)
                          Index Cond: (id = mk.movie_id)
                          Filter: ((production_year >= 2000) AND (production_year <= 2010) AND (title = 'Shrek 2'::text))
              ->  Seq Scan on role_type rt  (cost=0.00..1.15 rows=1 width=4) (actual time=0.000..0.000 rows=1 loops=1620)
                    Filter: ((role)::text = 'actress'::text)
                    Rows Removed by Filter: 1
        ->  Seq Scan on comp_cast_type cct1  (cost=0.00..1.05 rows=1 width=4) (actual time=0.000..0.000 rows=1 loops=1620)
              Filter: ((kind)::text = 'cast'::text)
Planning time: 78.993 ms
Execution time: 230.564 ms
