Aggregate  (cost=5070.96..5070.97 rows=1 width=96) (actual time=12.987..12.987 rows=1 loops=1)
  ->  Nested Loop  (cost=11.16..5070.95 rows=1 width=48) (actual time=1.573..12.973 rows=15 loops=1)
        Join Filter: (it3.id = pi.info_type_id)
        Rows Removed by Join Filter: 2430
        ->  Seq Scan on info_type it3  (cost=0.00..2.41 rows=1 width=4) (actual time=0.007..0.012 rows=1 loops=1)
              Filter: ((info)::text = 'height'::text)
              Rows Removed by Filter: 112
        ->  Nested Loop  (cost=11.16..5068.53 rows=1 width=52) (actual time=1.498..12.756 rows=2445 loops=1)
              Join Filter: (n.id = pi.person_id)
              ->  Nested Loop  (cost=10.73..5048.98 rows=1 width=60) (actual time=1.491..11.801 rows=15 loops=1)
                    Join Filter: (cc.subject_id = cct1.id)
                    ->  Nested Loop  (cost=10.73..5047.91 rows=1 width=64) (actual time=1.488..11.783 rows=15 loops=1)
                          Join Filter: (n.id = an.person_id)
                          ->  Nested Loop  (cost=10.30..5046.62 rows=1 width=60) (actual time=1.479..11.758 rows=5 loops=1)
                                Join Filter: (rt.id = ci.role_id)
                                ->  Seq Scan on role_type rt  (cost=0.00..1.15 rows=1 width=4) (actual time=0.002..0.004 rows=1 loops=1)
                                      Filter: ((role)::text = 'actress'::text)
                                      Rows Removed by Filter: 11
                                ->  Nested Loop  (cost=10.30..5045.46 rows=1 width=64) (actual time=1.477..11.752 rows=5 loops=1)
                                      ->  Nested Loop  (cost=9.87..5043.12 rows=1 width=45) (actual time=1.470..11.733 rows=5 loops=1)
                                            ->  Nested Loop  (cost=9.44..5039.05 rows=1 width=33) (actual time=1.329..11.245 rows=190 loops=1)
                                                  Join Filter: (t.id = ci.movie_id)
                                                  ->  Nested Loop  (cost=8.88..4992.71 rows=1 width=41) (actual time=1.319..10.506 rows=5 loops=1)
                                                        Join Filter: (it.id = mi.info_type_id)
                                                        ->  Seq Scan on info_type it  (cost=0.00..2.41 rows=1 width=4) (actual time=0.003..0.008 rows=1 loops=1)
                                                              Filter: ((info)::text = 'release dates'::text)
                                                              Rows Removed by Filter: 112
                                                        ->  Nested Loop  (cost=8.88..4990.28 rows=1 width=45) (actual time=1.316..10.496 rows=5 loops=1)
                                                              Join Filter: (t.id = mi.movie_id)
                                                              ->  Nested Loop  (cost=8.44..4948.27 rows=1 width=37) (actual time=1.296..10.013 rows=5 loops=1)
                                                                    ->  Nested Loop  (cost=8.02..4946.24 rows=1 width=41) (actual time=1.290..9.934 rows=22 loops=1)
                                                                          Join Filter: (t.id = mc.movie_id)
                                                                          ->  Nested Loop  (cost=7.59..4941.37 rows=1 width=33) (actual time=1.283..9.914 rows=1 loops=1)
                                                                                ->  Nested Loop  (cost=7.16..4887.01 rows=25 width=12) (actual time=0.371..9.802 rows=25 loops=1)
                                                                                      Join Filter: (cc.status_id = cct2.id)
                                                                                      Rows Removed by Join Filter: 65
                                                                                      ->  Seq Scan on comp_cast_type cct2  (cost=0.00..1.05 rows=1 width=4) (actual time=0.002..0.003 rows=1 loops=1)
                                                                                            Filter: ((kind)::text = 'complete+verified'::text)
                                                                                            Rows Removed by Filter: 3
                                                                                      ->  Nested Loop  (cost=7.16..4884.83 rows=90 width=16) (actual time=0.180..9.787 rows=90 loops=1)
                                                                                            ->  Nested Loop  (cost=6.74..3729.38 rows=414 width=4) (actual time=0.107..8.871 rows=414 loops=1)
                                                                                                  ->  Seq Scan on keyword k  (cost=0.00..2626.12 rows=1 width=4) (actual time=0.027..8.256 rows=1 loops=1)
                                                                                                        Filter: (keyword = 'computer-animation'::text)
                                                                                                        Rows Removed by Filter: 134169
                                                                                                  ->  Bitmap Heap Scan on movie_keyword mk  (cost=6.74..1100.27 rows=298 width=8) (actual time=0.079..0.548 rows=414 loops=1)
                                                                                                        Recheck Cond: (keyword_id = k.id)
                                                                                                        Heap Blocks: exact=358
                                                                                                        ->  Bitmap Index Scan on keyword_id_movie_keyword  (cost=0.00..6.67 rows=298 width=0) (actual time=0.041..0.041 rows=414 loops=1)
                                                                                                              Index Cond: (keyword_id = k.id)
                                                                                            ->  Index Scan using movie_id_complete_cast on complete_cast cc  (cost=0.42..2.77 rows=2 width=12) (actual time=0.002..0.002 rows=0 loops=414)
                                                                                                  Index Cond: (movie_id = mk.movie_id)
                                                                                ->  Index Scan using title_pkey on title t  (cost=0.43..2.14 rows=1 width=21) (actual time=0.004..0.004 rows=0 loops=25)
                                                                                      Index Cond: (id = mk.movie_id)
                                                                                      Filter: ((production_year >= 2000) AND (production_year <= 2005) AND (title = 'Shrek 2'::text))
                                                                                      Rows Removed by Filter: 1
                                                                          ->  Index Scan using movie_id_movie_companies on movie_companies mc  (cost=0.43..4.80 rows=5 width=8) (actual time=0.006..0.014 rows=22 loops=1)
                                                                                Index Cond: (movie_id = mk.movie_id)
                                                                    ->  Index Scan using company_name_pkey on company_name cn  (cost=0.42..2.03 rows=1 width=4) (actual time=0.003..0.003 rows=0 loops=22)
                                                                          Index Cond: (id = mc.company_id)
                                                                          Filter: ((country_code)::text = '[us]'::text)
                                                                          Rows Removed by Filter: 1
                                                              ->  Index Scan using movie_id_movie_info on movie_info mi  (cost=0.43..41.99 rows=2 width=8) (actual time=0.012..0.096 rows=1 loops=5)
                                                                    Index Cond: (movie_id = mk.movie_id)
                                                                    Filter: (info ~~ 'USA:%200%'::text)
                                                                    Rows Removed by Filter: 456
                                                  ->  Index Scan using movie_id_cast_info on cast_info ci  (cost=0.56..46.33 rows=1 width=16) (actual time=0.004..0.140 rows=38 loops=5)
                                                        Index Cond: (movie_id = mk.movie_id)
                                                        Filter: (note = ANY ('{(voice),"(voice) (uncredited)","(voice: English version)"}'::text[]))
                                                        Rows Removed by Filter: 191
                                            ->  Index Scan using char_name_pkey on char_name chn  (cost=0.43..2.25 rows=1 width=20) (actual time=0.002..0.002 rows=0 loops=190)
                                                  Index Cond: (id = ci.person_role_id)
                                                  Filter: (name = 'Queen'::text)
                                                  Rows Removed by Filter: 1
                                      ->  Index Scan using name_pkey on name n  (cost=0.43..2.34 rows=1 width=19) (actual time=0.003..0.003 rows=1 loops=5)
                                            Index Cond: (id = ci.person_id)
                                            Filter: ((name ~~ '%An%'::text) AND ((gender)::text = 'f'::text))
                          ->  Index Only Scan using person_id_aka_name on aka_name an  (cost=0.42..1.27 rows=2 width=4) (actual time=0.003..0.004 rows=3 loops=5)
                                Index Cond: (person_id = ci.person_id)
                                Heap Fetches: 0
                    ->  Seq Scan on comp_cast_type cct1  (cost=0.00..1.05 rows=1 width=4) (actual time=0.001..0.001 rows=1 loops=15)
                          Filter: ((kind)::text = 'cast'::text)
              ->  Index Scan using person_id_person_info on person_info pi  (cost=0.43..19.24 rows=25 width=8) (actual time=0.002..0.031 rows=163 loops=15)
                    Index Cond: (person_id = an.person_id)
Planning time: 78.471 ms
Execution time: 13.110 ms
