Aggregate  (cost=26173.18..26173.19 rows=1 width=96) (actual time=32.480..32.481 rows=1 loops=1)
  ->  Nested Loop  (cost=11.16..26173.17 rows=1 width=48) (actual time=16.830..32.467 rows=15 loops=1)
        Join Filter: (cc.status_id = cct2.id)
        ->  Nested Loop  (cost=11.16..26172.11 rows=1 width=52) (actual time=16.827..32.448 rows=15 loops=1)
              Join Filter: (ci.person_id = n.id)
              ->  Nested Loop  (cost=10.73..26169.87 rows=1 width=49) (actual time=16.819..32.412 rows=15 loops=1)
                    ->  Nested Loop  (cost=10.31..26167.85 rows=1 width=53) (actual time=16.811..32.253 rows=66 loops=1)
                          Join Filter: (t.id = mc.movie_id)
                          ->  Nested Loop  (cost=9.88..26162.98 rows=1 width=69) (actual time=16.802..32.211 rows=3 loops=1)
                                Join Filter: (it3.id = pi.info_type_id)
                                Rows Removed by Join Filter: 486
                                ->  Seq Scan on info_type it3  (cost=0.00..2.41 rows=1 width=4) (actual time=0.007..0.012 rows=1 loops=1)
                                      Filter: ((info)::text = 'height'::text)
                                      Rows Removed by Filter: 112
                                ->  Nested Loop  (cost=9.88..26160.25 rows=25 width=73) (actual time=16.736..32.155 rows=489 loops=1)
                                      ->  Nested Loop  (cost=9.45..26140.76 rows=1 width=65) (actual time=16.728..31.954 rows=3 loops=1)
                                            Join Filter: (mi.movie_id = t.id)
                                            ->  Nested Loop  (cost=9.02..26138.61 rows=1 width=44) (actual time=16.718..31.917 rows=11 loops=1)
                                                  Join Filter: (cc.subject_id = cct1.id)
                                                  ->  Nested Loop  (cost=9.02..26137.55 rows=1 width=48) (actual time=16.712..31.899 rows=11 loops=1)
                                                        Join Filter: (mi.info_type_id = it.id)
                                                        ->  Seq Scan on info_type it  (cost=0.00..2.41 rows=1 width=4) (actual time=0.003..0.009 rows=1 loops=1)
                                                              Filter: ((info)::text = 'release dates'::text)
                                                              Rows Removed by Filter: 112
                                                        ->  Nested Loop  (cost=9.02..26135.08 rows=4 width=52) (actual time=16.709..31.886 rows=11 loops=1)
                                                              ->  Nested Loop  (cost=8.60..26101.55 rows=12 width=40) (actual time=16.701..31.851 rows=11 loops=1)
                                                                    ->  Nested Loop  (cost=8.17..26095.12 rows=5 width=36) (actual time=16.689..31.823 rows=5 loops=1)
                                                                          Join Filter: (ci.movie_id = mi.movie_id)
                                                                          ->  Nested Loop  (cost=7.74..25885.05 rows=5 width=28) (actual time=1.779..31.373 rows=5 loops=1)
                                                                                ->  Nested Loop  (cost=7.31..22968.97 rows=1295 width=16) (actual time=0.153..27.752 rows=1295 loops=1)
                                                                                      Join Filter: (rt.id = ci.role_id)
                                                                                      Rows Removed by Join Filter: 3076
                                                                                      ->  Seq Scan on role_type rt  (cost=0.00..1.15 rows=1 width=4) (actual time=0.002..0.004 rows=1 loops=1)
                                                                                            Filter: ((role)::text = 'actress'::text)
                                                                                            Rows Removed by Filter: 11
                                                                                      ->  Nested Loop  (cost=7.31..22913.18 rows=4371 width=20) (actual time=0.119..27.226 rows=4371 loops=1)
                                                                                            ->  Nested Loop  (cost=6.74..3729.38 rows=414 width=4) (actual time=0.109..9.027 rows=414 loops=1)
                                                                                                  ->  Seq Scan on keyword k  (cost=0.00..2626.12 rows=1 width=4) (actual time=0.028..8.389 rows=1 loops=1)
                                                                                                        Filter: (keyword = 'computer-animation'::text)
                                                                                                        Rows Removed by Filter: 134169
                                                                                                  ->  Bitmap Heap Scan on movie_keyword mk  (cost=6.74..1100.27 rows=298 width=8) (actual time=0.080..0.565 rows=414 loops=1)
                                                                                                        Recheck Cond: (keyword_id = k.id)
                                                                                                        Heap Blocks: exact=358
                                                                                                        ->  Bitmap Index Scan on keyword_id_movie_keyword  (cost=0.00..6.67 rows=298 width=0) (actual time=0.043..0.043 rows=414 loops=1)
                                                                                                              Index Cond: (keyword_id = k.id)
                                                                                            ->  Index Scan using movie_id_cast_info on cast_info ci  (cost=0.56..46.33 rows=1 width=16) (actual time=0.011..0.042 rows=11 loops=414)
                                                                                                  Index Cond: (movie_id = mk.movie_id)
                                                                                                  Filter: (note = ANY ('{(voice),"(voice) (uncredited)","(voice: English version)"}'::text[]))
                                                                                                  Rows Removed by Filter: 33
                                                                                ->  Index Scan using char_name_pkey on char_name chn  (cost=0.43..2.25 rows=1 width=20) (actual time=0.003..0.003 rows=0 loops=1295)
                                                                                      Index Cond: (id = ci.person_role_id)
                                                                                      Filter: (name = 'Queen'::text)
                                                                                      Rows Removed by Filter: 1
                                                                          ->  Index Scan using movie_id_movie_info on movie_info mi  (cost=0.43..41.99 rows=2 width=8) (actual time=0.046..0.089 rows=1 loops=5)
                                                                                Index Cond: (movie_id = mk.movie_id)
                                                                                Filter: (info ~~ 'USA:%200%'::text)
                                                                                Rows Removed by Filter: 312
                                                                    ->  Index Only Scan using person_id_aka_name on aka_name an  (cost=0.42..1.27 rows=2 width=4) (actual time=0.004..0.004 rows=2 loops=5)
                                                                          Index Cond: (person_id = ci.person_id)
                                                                          Heap Fetches: 0
                                                              ->  Index Scan using movie_id_complete_cast on complete_cast cc  (cost=0.42..2.77 rows=2 width=12) (actual time=0.002..0.003 rows=1 loops=11)
                                                                    Index Cond: (movie_id = mi.movie_id)
                                                  ->  Seq Scan on comp_cast_type cct1  (cost=0.00..1.05 rows=1 width=4) (actual time=0.001..0.001 rows=1 loops=11)
                                                        Filter: ((kind)::text = 'cast'::text)
                                            ->  Index Scan using title_pkey on title t  (cost=0.43..2.14 rows=1 width=21) (actual time=0.003..0.003 rows=0 loops=11)
                                                  Index Cond: (id = mk.movie_id)
                                                  Filter: ((production_year >= 2000) AND (production_year <= 2005) AND (title = 'Shrek 2'::text))
                                                  Rows Removed by Filter: 1
                                      ->  Index Scan using person_id_person_info on person_info pi  (cost=0.43..19.24 rows=25 width=8) (actual time=0.003..0.035 rows=163 loops=3)
                                            Index Cond: (person_id = ci.person_id)
                          ->  Index Scan using movie_id_movie_companies on movie_companies mc  (cost=0.43..4.80 rows=5 width=8) (actual time=0.004..0.008 rows=22 loops=3)
                                Index Cond: (movie_id = mk.movie_id)
                    ->  Index Scan using company_name_pkey on company_name cn  (cost=0.42..2.03 rows=1 width=4) (actual time=0.002..0.002 rows=0 loops=66)
                          Index Cond: (id = mc.company_id)
                          Filter: ((country_code)::text = '[us]'::text)
                          Rows Removed by Filter: 1
              ->  Index Scan using name_pkey on name n  (cost=0.43..2.22 rows=1 width=19) (actual time=0.002..0.002 rows=1 loops=15)
                    Index Cond: (id = pi.person_id)
                    Filter: ((name ~~ '%An%'::text) AND ((gender)::text = 'f'::text))
        ->  Seq Scan on comp_cast_type cct2  (cost=0.00..1.05 rows=1 width=4) (actual time=0.001..0.001 rows=1 loops=15)
              Filter: ((kind)::text = 'complete+verified'::text)
              Rows Removed by Filter: 3
Planning time: 78.466 ms
Execution time: 32.610 ms
