Aggregate  (cost=3936.46..3936.47 rows=1 width=96) (actual time=12.330..12.330 rows=1 loops=1)
  ->  Nested Loop  (cost=11.16..3936.45 rows=1 width=48) (actual time=1.925..12.318 rows=15 loops=1)
        Join Filter: (n.id = an.person_id)
        ->  Nested Loop  (cost=10.73..3935.16 rows=1 width=60) (actual time=1.915..12.293 rows=5 loops=1)
              Join Filter: (mi.info_type_id = it.id)
              ->  Nested Loop  (cost=10.73..3932.74 rows=1 width=64) (actual time=1.912..12.278 rows=5 loops=1)
                    Join Filter: (it3.id = pi.info_type_id)
                    Rows Removed by Join Filter: 810
                    ->  Seq Scan on info_type it3  (cost=0.00..2.41 rows=1 width=4) (actual time=0.007..0.012 rows=1 loops=1)
                          Filter: ((info)::text = 'height'::text)
                          Rows Removed by Filter: 112
                    ->  Nested Loop  (cost=10.73..3930.31 rows=1 width=68) (actual time=1.845..12.196 rows=815 loops=1)
                          Join Filter: (n.id = pi.person_id)
                          ->  Nested Loop  (cost=10.30..3910.75 rows=1 width=60) (actual time=1.837..11.828 rows=5 loops=1)
                                Join Filter: (cct1.id = cc.subject_id)
                                ->  Seq Scan on comp_cast_type cct1  (cost=0.00..1.05 rows=1 width=4) (actual time=0.002..0.003 rows=1 loops=1)
                                      Filter: ((kind)::text = 'cast'::text)
                                      Rows Removed by Filter: 3
                                ->  Nested Loop  (cost=10.30..3909.69 rows=1 width=64) (actual time=1.835..11.823 rows=5 loops=1)
                                      Join Filter: (cct2.id = cc.status_id)
                                      ->  Seq Scan on comp_cast_type cct2  (cost=0.00..1.05 rows=1 width=4) (actual time=0.001..0.002 rows=1 loops=1)
                                            Filter: ((kind)::text = 'complete+verified'::text)
                                            Rows Removed by Filter: 3
                                      ->  Nested Loop  (cost=10.30..3908.63 rows=1 width=68) (actual time=1.833..11.819 rows=5 loops=1)
                                            Join Filter: (t.id = cc.movie_id)
                                            ->  Nested Loop  (cost=9.88..3905.83 rows=1 width=80) (actual time=1.826..11.800 rows=5 loops=1)
                                                  Join Filter: (ci.role_id = rt.id)
                                                  ->  Nested Loop  (cost=9.88..3904.67 rows=1 width=84) (actual time=1.822..11.790 rows=5 loops=1)
                                                        ->  Nested Loop  (cost=9.45..3902.33 rows=1 width=65) (actual time=1.814..11.770 rows=5 loops=1)
                                                              ->  Nested Loop  (cost=9.02..3898.26 rows=1 width=53) (actual time=1.659..11.277 rows=190 loops=1)
                                                                    Join Filter: (t.id = ci.movie_id)
                                                                    ->  Nested Loop  (cost=8.46..3851.92 rows=1 width=37) (actual time=1.648..10.543 rows=5 loops=1)
                                                                          ->  Nested Loop  (cost=8.04..3849.89 rows=1 width=41) (actual time=1.642..10.465 rows=22 loops=1)
                                                                                Join Filter: (t.id = mc.movie_id)
                                                                                ->  Nested Loop  (cost=7.61..3845.02 rows=1 width=33) (actual time=1.635..10.447 rows=1 loops=1)
                                                                                      Join Filter: (t.id = mi.movie_id)
                                                                                      ->  Nested Loop  (cost=7.17..3803.01 rows=1 width=25) (actual time=1.613..10.323 rows=1 loops=1)
                                                                                            ->  Nested Loop  (cost=6.74..3729.38 rows=34 width=4) (actual time=0.108..8.826 rows=414 loops=1)
                                                                                                  ->  Seq Scan on keyword k  (cost=0.00..2626.12 rows=1 width=4) (actual time=0.028..8.234 rows=1 loops=1)
                                                                                                        Filter: (keyword = 'computer-animation'::text)
                                                                                                        Rows Removed by Filter: 134169
                                                                                                  ->  Bitmap Heap Scan on movie_keyword mk  (cost=6.74..1100.27 rows=298 width=8) (actual time=0.079..0.528 rows=414 loops=1)
                                                                                                        Recheck Cond: (keyword_id = k.id)
                                                                                                        Heap Blocks: exact=358
                                                                                                        ->  Bitmap Index Scan on keyword_id_movie_keyword  (cost=0.00..6.67 rows=298 width=0) (actual time=0.042..0.042 rows=414 loops=1)
                                                                                                              Index Cond: (keyword_id = k.id)
                                                                                            ->  Index Scan using title_pkey on title t  (cost=0.43..2.14 rows=1 width=21) (actual time=0.003..0.003 rows=0 loops=414)
                                                                                                  Index Cond: (id = mk.movie_id)
                                                                                                  Filter: ((production_year >= 2000) AND (production_year <= 2005) AND (title = 'Shrek 2'::text))
                                                                                                  Rows Removed by Filter: 1
                                                                                      ->  Index Scan using movie_id_movie_info on movie_info mi  (cost=0.43..41.99 rows=2 width=8) (actual time=0.021..0.123 rows=1 loops=1)
                                                                                            Index Cond: (movie_id = mk.movie_id)
                                                                                            Filter: (info ~~ 'USA:%200%'::text)
                                                                                            Rows Removed by Filter: 456
                                                                                ->  Index Scan using movie_id_movie_companies on movie_companies mc  (cost=0.43..4.80 rows=5 width=8) (actual time=0.006..0.013 rows=22 loops=1)
                                                                                      Index Cond: (movie_id = mk.movie_id)
                                                                          ->  Index Scan using company_name_pkey on company_name cn  (cost=0.42..2.03 rows=1 width=4) (actual time=0.003..0.003 rows=0 loops=22)
                                                                                Index Cond: (id = mc.company_id)
                                                                                Filter: ((country_code)::text = '[us]'::text)
                                                                                Rows Removed by Filter: 1
                                                                    ->  Index Scan using movie_id_cast_info on cast_info ci  (cost=0.56..46.33 rows=1 width=16) (actual time=0.004..0.138 rows=38 loops=5)
                                                                          Index Cond: (movie_id = mk.movie_id)
                                                                          Filter: (note = ANY ('{(voice),"(voice) (uncredited)","(voice: English version)"}'::text[]))
                                                                          Rows Removed by Filter: 191
                                                              ->  Index Scan using char_name_pkey on char_name chn  (cost=0.43..2.25 rows=1 width=20) (actual time=0.002..0.002 rows=0 loops=190)
                                                                    Index Cond: (id = ci.person_role_id)
                                                                    Filter: (name = 'Queen'::text)
                                                                    Rows Removed by Filter: 1
                                                        ->  Index Scan using name_pkey on name n  (cost=0.43..2.34 rows=1 width=19) (actual time=0.003..0.003 rows=1 loops=5)
                                                              Index Cond: (id = ci.person_id)
                                                              Filter: ((name ~~ '%An%'::text) AND ((gender)::text = 'f'::text))
                                                  ->  Seq Scan on role_type rt  (cost=0.00..1.15 rows=1 width=4) (actual time=0.001..0.001 rows=1 loops=5)
                                                        Filter: ((role)::text = 'actress'::text)
                                                        Rows Removed by Filter: 1
                                            ->  Index Scan using movie_id_complete_cast on complete_cast cc  (cost=0.42..2.77 rows=2 width=12) (actual time=0.003..0.003 rows=1 loops=5)
                                                  Index Cond: (movie_id = mk.movie_id)
                          ->  Index Scan using person_id_person_info on person_info pi  (cost=0.43..19.24 rows=25 width=8) (actual time=0.003..0.037 rows=163 loops=5)
                                Index Cond: (person_id = ci.person_id)
              ->  Seq Scan on info_type it  (cost=0.00..2.41 rows=1 width=4) (actual time=0.002..0.002 rows=1 loops=5)
                    Filter: ((info)::text = 'release dates'::text)
                    Rows Removed by Filter: 15
        ->  Index Only Scan using person_id_aka_name on aka_name an  (cost=0.42..1.26 rows=2 width=4) (actual time=0.003..0.004 rows=3 loops=5)
              Index Cond: (person_id = pi.person_id)
              Heap Fetches: 0
Planning time: 78.325 ms
Execution time: 12.452 ms
