Aggregate  (cost=15539.56..15539.57 rows=1 width=96) (actual time=31.446..31.446 rows=1 loops=1)
  ->  Nested Loop  (cost=11.16..15539.56 rows=1 width=48) (actual time=15.108..31.433 rows=15 loops=1)
        Join Filter: (n.id = an.person_id)
        ->  Nested Loop  (cost=10.73..15538.27 rows=1 width=60) (actual time=15.098..31.411 rows=5 loops=1)
              Join Filter: (mi.info_type_id = it.id)
              ->  Nested Loop  (cost=10.73..15535.84 rows=1 width=64) (actual time=15.093..31.385 rows=5 loops=1)
                    Join Filter: (ci.person_id = n.id)
                    ->  Nested Loop  (cost=10.30..15533.61 rows=1 width=45) (actual time=15.085..31.369 rows=5 loops=1)
                          Join Filter: (mi.movie_id = t.id)
                          ->  Nested Loop  (cost=9.87..15522.84 rows=5 width=48) (actual time=15.077..31.352 rows=5 loops=1)
                                ->  Nested Loop  (cost=9.45..15478.26 rows=22 width=52) (actual time=15.070..31.273 rows=22 loops=1)
                                      Join Filter: (mi.movie_id = mc.movie_id)
                                      ->  Nested Loop  (cost=9.02..15473.39 rows=1 width=44) (actual time=15.061..31.253 rows=1 loops=1)
                                            Join Filter: (cc.subject_id = cct1.id)
                                            ->  Nested Loop  (cost=9.02..15472.33 rows=1 width=48) (actual time=15.055..31.247 rows=1 loops=1)
                                                  Join Filter: (it3.id = pi.info_type_id)
                                                  Rows Removed by Join Filter: 162
                                                  ->  Seq Scan on info_type it3  (cost=0.00..2.41 rows=1 width=4) (actual time=0.007..0.013 rows=1 loops=1)
                                                        Filter: ((info)::text = 'height'::text)
                                                        Rows Removed by Filter: 112
                                                  ->  Nested Loop  (cost=9.02..15467.88 rows=163 width=52) (actual time=14.994..31.218 rows=163 loops=1)
                                                        ->  Nested Loop  (cost=8.59..15448.38 rows=1 width=44) (actual time=14.974..31.131 rows=1 loops=1)
                                                              ->  Nested Loop  (cost=8.16..14800.70 rows=287 width=32) (actual time=1.535..30.420 rows=287 loops=1)
                                                                    Join Filter: (ci.role_id = rt.id)
                                                                    Rows Removed by Join Filter: 1008
                                                                    ->  Seq Scan on role_type rt  (cost=0.00..1.15 rows=1 width=4) (actual time=0.002..0.005 rows=1 loops=1)
                                                                          Filter: ((role)::text = 'actress'::text)
                                                                          Rows Removed by Filter: 11
                                                                    ->  Nested Loop  (cost=8.16..14783.36 rows=1295 width=36) (actual time=1.492..30.273 rows=1295 loops=1)
                                                                          Join Filter: (cc.status_id = cct2.id)
                                                                          Rows Removed by Join Filter: 2394
                                                                          ->  Seq Scan on comp_cast_type cct2  (cost=0.00..1.05 rows=1 width=4) (actual time=0.002..0.003 rows=1 loops=1)
                                                                                Filter: ((kind)::text = 'complete+verified'::text)
                                                                                Rows Removed by Filter: 3
                                                                          ->  Nested Loop  (cost=8.16..14736.20 rows=3689 width=40) (actual time=0.894..29.826 rows=3689 loops=1)
                                                                                Join Filter: (mi.movie_id = ci.movie_id)
                                                                                ->  Nested Loop  (cost=7.60..8665.63 rows=131 width=24) (actual time=0.536..16.024 rows=131 loops=1)
                                                                                      ->  Nested Loop  (cost=7.16..4884.83 rows=90 width=16) (actual time=0.184..10.304 rows=90 loops=1)
                                                                                            ->  Nested Loop  (cost=6.74..3729.38 rows=414 width=4) (actual time=0.110..9.323 rows=414 loops=1)
                                                                                                  ->  Seq Scan on keyword k  (cost=0.00..2626.12 rows=1 width=4) (actual time=0.028..8.677 rows=1 loops=1)
                                                                                                        Filter: (keyword = 'computer-animation'::text)
                                                                                                        Rows Removed by Filter: 134169
                                                                                                  ->  Bitmap Heap Scan on movie_keyword mk  (cost=6.74..1100.27 rows=298 width=8) (actual time=0.080..0.578 rows=414 loops=1)
                                                                                                        Recheck Cond: (keyword_id = k.id)
                                                                                                        Heap Blocks: exact=358
                                                                                                        ->  Bitmap Index Scan on keyword_id_movie_keyword  (cost=0.00..6.67 rows=298 width=0) (actual time=0.043..0.043 rows=414 loops=1)
                                                                                                              Index Cond: (keyword_id = k.id)
                                                                                            ->  Index Scan using movie_id_complete_cast on complete_cast cc  (cost=0.42..2.77 rows=2 width=12) (actual time=0.002..0.002 rows=0 loops=414)
                                                                                                  Index Cond: (movie_id = mk.movie_id)
                                                                                      ->  Index Scan using movie_id_movie_info on movie_info mi  (cost=0.43..41.99 rows=2 width=8) (actual time=0.017..0.063 rows=1 loops=90)
                                                                                            Index Cond: (movie_id = mk.movie_id)
                                                                                            Filter: (info ~~ 'USA:%200%'::text)
                                                                                            Rows Removed by Filter: 229
                                                                                ->  Index Scan using movie_id_cast_info on cast_info ci  (cost=0.56..46.33 rows=1 width=16) (actual time=0.010..0.099 rows=28 loops=131)
                                                                                      Index Cond: (movie_id = mk.movie_id)
                                                                                      Filter: (note = ANY ('{(voice),"(voice) (uncredited)","(voice: English version)"}'::text[]))
                                                                                      Rows Removed by Filter: 124
                                                              ->  Index Scan using char_name_pkey on char_name chn  (cost=0.43..2.25 rows=1 width=20) (actual time=0.002..0.002 rows=0 loops=287)
                                                                    Index Cond: (id = ci.person_role_id)
                                                                    Filter: (name = 'Queen'::text)
                                                                    Rows Removed by Filter: 1
                                                        ->  Index Scan using person_id_person_info on person_info pi  (cost=0.43..19.24 rows=25 width=8) (actual time=0.008..0.046 rows=163 loops=1)
                                                              Index Cond: (person_id = ci.person_id)
                                            ->  Seq Scan on comp_cast_type cct1  (cost=0.00..1.05 rows=1 width=4) (actual time=0.005..0.005 rows=1 loops=1)
                                                  Filter: ((kind)::text = 'cast'::text)
                                      ->  Index Scan using movie_id_movie_companies on movie_companies mc  (cost=0.43..4.80 rows=5 width=8) (actual time=0.007..0.013 rows=22 loops=1)
                                            Index Cond: (movie_id = mk.movie_id)
                                ->  Index Scan using company_name_pkey on company_name cn  (cost=0.42..2.03 rows=1 width=4) (actual time=0.003..0.003 rows=0 loops=22)
                                      Index Cond: (id = mc.company_id)
                                      Filter: ((country_code)::text = '[us]'::text)
                                      Rows Removed by Filter: 1
                          ->  Index Scan using title_pkey on title t  (cost=0.43..2.14 rows=1 width=21) (actual time=0.003..0.003 rows=1 loops=5)
                                Index Cond: (id = mk.movie_id)
                                Filter: ((production_year >= 2000) AND (production_year <= 2005) AND (title = 'Shrek 2'::text))
                    ->  Index Scan using name_pkey on name n  (cost=0.43..2.22 rows=1 width=19) (actual time=0.003..0.003 rows=1 loops=5)
                          Index Cond: (id = pi.person_id)
                          Filter: ((name ~~ '%An%'::text) AND ((gender)::text = 'f'::text))
              ->  Seq Scan on info_type it  (cost=0.00..2.41 rows=1 width=4) (actual time=0.004..0.004 rows=1 loops=5)
                    Filter: ((info)::text = 'release dates'::text)
                    Rows Removed by Filter: 15
        ->  Index Only Scan using person_id_aka_name on aka_name an  (cost=0.42..1.26 rows=2 width=4) (actual time=0.003..0.003 rows=3 loops=5)
              Index Cond: (person_id = pi.person_id)
              Heap Fetches: 0
Planning time: 78.702 ms
Execution time: 31.576 ms
