Aggregate  (cost=4749.82..4749.83 rows=1 width=96) (actual time=11.908..11.908 rows=1 loops=1)
  ->  Nested Loop  (cost=11.16..4749.81 rows=1 width=48) (actual time=1.880..11.896 rows=15 loops=1)
        Join Filter: (cct2.id = cc.status_id)
        ->  Seq Scan on comp_cast_type cct2  (cost=0.00..1.05 rows=1 width=4) (actual time=0.005..0.005 rows=1 loops=1)
              Filter: ((kind)::text = 'complete+verified'::text)
              Rows Removed by Filter: 3
        ->  Nested Loop  (cost=11.16..4748.75 rows=1 width=52) (actual time=1.874..11.887 rows=15 loops=1)
              Join Filter: (cct1.id = cc.subject_id)
              ->  Seq Scan on comp_cast_type cct1  (cost=0.00..1.05 rows=1 width=4) (actual time=0.001..0.002 rows=1 loops=1)
                    Filter: ((kind)::text = 'cast'::text)
                    Rows Removed by Filter: 3
              ->  Nested Loop  (cost=11.16..4747.69 rows=1 width=56) (actual time=1.873..11.881 rows=15 loops=1)
                    Join Filter: (t.id = cc.movie_id)
                    ->  Nested Loop  (cost=10.74..4744.89 rows=1 width=68) (actual time=1.866..11.845 rows=15 loops=1)
                          Join Filter: (n.id = an.person_id)
                          ->  Nested Loop  (cost=10.31..4743.61 rows=1 width=80) (actual time=1.856..11.823 rows=5 loops=1)
                                Join Filter: (it3.id = pi.info_type_id)
                                Rows Removed by Join Filter: 810
                                ->  Seq Scan on info_type it3  (cost=0.00..2.41 rows=1 width=4) (actual time=0.004..0.009 rows=1 loops=1)
                                      Filter: ((info)::text = 'height'::text)
                                      Rows Removed by Filter: 112
                                ->  Nested Loop  (cost=10.31..4741.18 rows=1 width=84) (actual time=1.793..11.744 rows=815 loops=1)
                                      Join Filter: (n.id = pi.person_id)
                                      ->  Nested Loop  (cost=9.88..4721.62 rows=1 width=76) (actual time=1.786..11.404 rows=5 loops=1)
                                            Join Filter: (it.id = mi.info_type_id)
                                            ->  Seq Scan on info_type it  (cost=0.00..2.41 rows=1 width=4) (actual time=0.002..0.008 rows=1 loops=1)
                                                  Filter: ((info)::text = 'release dates'::text)
                                                  Rows Removed by Filter: 112
                                            ->  Nested Loop  (cost=9.88..4719.20 rows=1 width=80) (actual time=1.783..11.394 rows=5 loops=1)
                                                  Join Filter: (t.id = mi.movie_id)
                                                  ->  Nested Loop  (cost=9.45..4677.18 rows=1 width=72) (actual time=1.762..10.934 rows=5 loops=1)
                                                        ->  Nested Loop  (cost=9.03..4675.16 rows=1 width=76) (actual time=1.755..10.853 rows=22 loops=1)
                                                              Join Filter: (t.id = mc.movie_id)
                                                              ->  Nested Loop  (cost=8.60..4670.29 rows=1 width=68) (actual time=1.748..10.835 rows=1 loops=1)
                                                                    ->  Nested Loop  (cost=8.17..4666.22 rows=1 width=56) (actual time=1.739..10.826 rows=1 loops=1)
                                                                          ->  Nested Loop  (cost=7.74..4663.88 rows=1 width=37) (actual time=1.730..10.773 rows=11 loops=1)
                                                                                Join Filter: (ci.role_id = rt.id)
                                                                                Rows Removed by Join Filter: 27
                                                                                ->  Nested Loop  (cost=7.74..4662.71 rows=1 width=41) (actual time=1.655..10.716 rows=38 loops=1)
                                                                                      Join Filter: (t.id = ci.movie_id)
                                                                                      ->  Nested Loop  (cost=7.17..4616.37 rows=1 width=25) (actual time=1.645..10.435 rows=1 loops=1)
                                                                                            ->  Nested Loop  (cost=6.74..3729.38 rows=414 width=4) (actual time=0.109..8.911 rows=414 loops=1)
                                                                                                  ->  Seq Scan on keyword k  (cost=0.00..2626.12 rows=1 width=4) (actual time=0.029..8.309 rows=1 loops=1)
                                                                                                        Filter: (keyword = 'computer-animation'::text)
                                                                                                        Rows Removed by Filter: 134169
                                                                                                  ->  Bitmap Heap Scan on movie_keyword mk  (cost=6.74..1100.27 rows=298 width=8) (actual time=0.080..0.536 rows=414 loops=1)
                                                                                                        Recheck Cond: (keyword_id = k.id)
                                                                                                        Heap Blocks: exact=358
                                                                                                        ->  Bitmap Index Scan on keyword_id_movie_keyword  (cost=0.00..6.67 rows=298 width=0) (actual time=0.042..0.042 rows=414 loops=1)
                                                                                                              Index Cond: (keyword_id = k.id)
                                                                                            ->  Index Scan using title_pkey on title t  (cost=0.43..2.14 rows=1 width=21) (actual time=0.003..0.003 rows=0 loops=414)
                                                                                                  Index Cond: (id = mk.movie_id)
                                                                                                  Filter: ((production_year >= 2000) AND (production_year <= 2005) AND (title = 'Shrek 2'::text))
                                                                                                  Rows Removed by Filter: 1
                                                                                      ->  Index Scan using movie_id_cast_info on cast_info ci  (cost=0.56..46.33 rows=1 width=16) (actual time=0.009..0.272 rows=38 loops=1)
                                                                                            Index Cond: (movie_id = mk.movie_id)
                                                                                            Filter: (note = ANY ('{(voice),"(voice) (uncredited)","(voice: English version)"}'::text[]))
                                                                                            Rows Removed by Filter: 191
                                                                                ->  Seq Scan on role_type rt  (cost=0.00..1.15 rows=1 width=4) (actual time=0.001..0.001 rows=1 loops=38)
                                                                                      Filter: ((role)::text = 'actress'::text)
                                                                                      Rows Removed by Filter: 8
                                                                          ->  Index Scan using name_pkey on name n  (cost=0.43..2.34 rows=1 width=19) (actual time=0.005..0.005 rows=0 loops=11)
                                                                                Index Cond: (id = ci.person_id)
                                                                                Filter: ((name ~~ '%An%'::text) AND ((gender)::text = 'f'::text))
                                                                                Rows Removed by Filter: 1
                                                                    ->  Index Scan using char_name_pkey on char_name chn  (cost=0.43..2.25 rows=1 width=20) (actual time=0.008..0.008 rows=1 loops=1)
                                                                          Index Cond: (id = ci.person_role_id)
                                                                          Filter: (name = 'Queen'::text)
                                                              ->  Index Scan using movie_id_movie_companies on movie_companies mc  (cost=0.43..4.80 rows=5 width=8) (actual time=0.006..0.012 rows=22 loops=1)
                                                                    Index Cond: (movie_id = mk.movie_id)
                                                        ->  Index Scan using company_name_pkey on company_name cn  (cost=0.42..2.03 rows=1 width=4) (actual time=0.003..0.003 rows=0 loops=22)
                                                              Index Cond: (id = mc.company_id)
                                                              Filter: ((country_code)::text = '[us]'::text)
                                                              Rows Removed by Filter: 1
                                                  ->  Index Scan using movie_id_movie_info on movie_info mi  (cost=0.43..41.99 rows=2 width=8) (actual time=0.012..0.091 rows=1 loops=5)
                                                        Index Cond: (movie_id = mk.movie_id)
                                                        Filter: (info ~~ 'USA:%200%'::text)
                                                        Rows Removed by Filter: 456
                                      ->  Index Scan using person_id_person_info on person_info pi  (cost=0.43..19.24 rows=25 width=8) (actual time=0.003..0.033 rows=163 loops=5)
                                            Index Cond: (person_id = ci.person_id)
                          ->  Index Only Scan using person_id_aka_name on aka_name an  (cost=0.42..1.26 rows=2 width=4) (actual time=0.003..0.003 rows=3 loops=5)
                                Index Cond: (person_id = pi.person_id)
                                Heap Fetches: 0
                    ->  Index Scan using movie_id_complete_cast on complete_cast cc  (cost=0.42..2.77 rows=2 width=12) (actual time=0.002..0.002 rows=1 loops=15)
                          Index Cond: (movie_id = mk.movie_id)
Planning time: 78.746 ms
Execution time: 12.034 ms
