Aggregate  (cost=5158.11..5158.12 rows=1 width=96) (actual time=13.710..13.710 rows=1 loops=1)
  ->  Nested Loop  (cost=11.16..5158.10 rows=1 width=48) (actual time=1.929..13.697 rows=15 loops=1)
        Join Filter: (ci.role_id = rt.id)
        ->  Nested Loop  (cost=11.16..5156.94 rows=1 width=52) (actual time=1.925..13.680 rows=15 loops=1)
              Join Filter: (mi.info_type_id = it.id)
              ->  Nested Loop  (cost=11.16..5154.51 rows=1 width=56) (actual time=1.922..13.643 rows=15 loops=1)
                    Join Filter: (cc.status_id = cct2.id)
                    ->  Nested Loop  (cost=11.16..5153.45 rows=1 width=60) (actual time=1.918..13.622 rows=15 loops=1)
                          Join Filter: (t.id = mi.movie_id)
                          ->  Nested Loop  (cost=10.72..5111.43 rows=1 width=76) (actual time=1.898..12.292 rows=15 loops=1)
                                ->  Nested Loop  (cost=10.29..5107.36 rows=1 width=64) (actual time=1.890..12.256 rows=15 loops=1)
                                      Join Filter: (it3.id = pi.info_type_id)
                                      Rows Removed by Join Filter: 2430
                                      ->  Seq Scan on info_type it3  (cost=0.00..2.41 rows=1 width=4) (actual time=0.007..0.013 rows=1 loops=1)
                                            Filter: ((info)::text = 'height'::text)
                                            Rows Removed by Filter: 112
                                      ->  Nested Loop  (cost=10.29..5104.81 rows=11 width=68) (actual time=1.830..12.037 rows=2445 loops=1)
                                            Join Filter: (n.id = pi.person_id)
                                            ->  Nested Loop  (cost=9.86..4811.57 rows=15 width=76) (actual time=1.824..11.049 rows=15 loops=1)
                                                  Join Filter: (n.id = an.person_id)
                                                  ->  Nested Loop  (cost=9.44..4805.11 rows=5 width=72) (actual time=1.813..11.025 rows=5 loops=1)
                                                        Join Filter: (cc.subject_id = cct1.id)
                                                        ->  Seq Scan on comp_cast_type cct1  (cost=0.00..1.05 rows=1 width=4) (actual time=0.002..0.004 rows=1 loops=1)
                                                              Filter: ((kind)::text = 'cast'::text)
                                                              Rows Removed by Filter: 3
                                                        ->  Nested Loop  (cost=9.44..4804.00 rows=5 width=76) (actual time=1.810..11.018 rows=5 loops=1)
                                                              ->  Nested Loop  (cost=9.02..4759.41 rows=22 width=80) (actual time=1.803..10.937 rows=22 loops=1)
                                                                    Join Filter: (t.id = mc.movie_id)
                                                                    ->  Nested Loop  (cost=8.59..4754.54 rows=1 width=72) (actual time=1.796..10.918 rows=1 loops=1)
                                                                          Join Filter: (t.id = cc.movie_id)
                                                                          ->  Nested Loop  (cost=8.17..4751.75 rows=1 width=60) (actual time=1.788..10.909 rows=1 loops=1)
                                                                                ->  Nested Loop  (cost=7.74..4662.71 rows=38 width=41) (actual time=1.663..10.767 rows=38 loops=1)
                                                                                      Join Filter: (t.id = ci.movie_id)
                                                                                      ->  Nested Loop  (cost=7.17..4616.37 rows=1 width=25) (actual time=1.651..10.502 rows=1 loops=1)
                                                                                            ->  Nested Loop  (cost=6.74..3729.38 rows=414 width=4) (actual time=0.109..8.973 rows=414 loops=1)
                                                                                                  ->  Seq Scan on keyword k  (cost=0.00..2626.12 rows=1 width=4) (actual time=0.028..8.368 rows=1 loops=1)
                                                                                                        Filter: (keyword = 'computer-animation'::text)
                                                                                                        Rows Removed by Filter: 134169
                                                                                                  ->  Bitmap Heap Scan on movie_keyword mk  (cost=6.74..1100.27 rows=298 width=8) (actual time=0.080..0.540 rows=414 loops=1)
                                                                                                        Recheck Cond: (keyword_id = k.id)
                                                                                                        Heap Blocks: exact=358
                                                                                                        ->  Bitmap Index Scan on keyword_id_movie_keyword  (cost=0.00..6.67 rows=298 width=0) (actual time=0.042..0.042 rows=414 loops=1)
                                                                                                              Index Cond: (keyword_id = k.id)
                                                                                            ->  Index Scan using title_pkey on title t  (cost=0.43..2.14 rows=1 width=21) (actual time=0.003..0.003 rows=0 loops=414)
                                                                                                  Index Cond: (id = mk.movie_id)
                                                                                                  Filter: ((production_year >= 2000) AND (production_year <= 2005) AND (title = 'Shrek 2'::text))
                                                                                                  Rows Removed by Filter: 1
                                                                                      ->  Index Scan using movie_id_cast_info on cast_info ci  (cost=0.56..46.33 rows=1 width=16) (actual time=0.011..0.256 rows=38 loops=1)
                                                                                            Index Cond: (movie_id = mk.movie_id)
                                                                                            Filter: (note = ANY ('{(voice),"(voice) (uncredited)","(voice: English version)"}'::text[]))
                                                                                            Rows Removed by Filter: 191
                                                                                ->  Index Scan using name_pkey on name n  (cost=0.43..2.34 rows=1 width=19) (actual time=0.003..0.003 rows=0 loops=38)
                                                                                      Index Cond: (id = ci.person_id)
                                                                                      Filter: ((name ~~ '%An%'::text) AND ((gender)::text = 'f'::text))
                                                                                      Rows Removed by Filter: 1
                                                                          ->  Index Scan using movie_id_complete_cast on complete_cast cc  (cost=0.42..2.77 rows=2 width=12) (actual time=0.007..0.007 rows=1 loops=1)
                                                                                Index Cond: (movie_id = mk.movie_id)
                                                                    ->  Index Scan using movie_id_movie_companies on movie_companies mc  (cost=0.43..4.80 rows=5 width=8) (actual time=0.007..0.013 rows=22 loops=1)
                                                                          Index Cond: (movie_id = mk.movie_id)
                                                              ->  Index Scan using company_name_pkey on company_name cn  (cost=0.42..2.03 rows=1 width=4) (actual time=0.003..0.003 rows=0 loops=22)
                                                                    Index Cond: (id = mc.company_id)
                                                                    Filter: ((country_code)::text = '[us]'::text)
                                                                    Rows Removed by Filter: 1
                                                  ->  Index Only Scan using person_id_aka_name on aka_name an  (cost=0.42..1.27 rows=2 width=4) (actual time=0.003..0.004 rows=3 loops=5)
                                                        Index Cond: (person_id = ci.person_id)
                                                        Heap Fetches: 0
                                            ->  Index Scan using person_id_person_info on person_info pi  (cost=0.43..19.24 rows=25 width=8) (actual time=0.002..0.031 rows=163 loops=15)
                                                  Index Cond: (person_id = an.person_id)
                                ->  Index Scan using char_name_pkey on char_name chn  (cost=0.43..2.25 rows=1 width=20) (actual time=0.002..0.002 rows=1 loops=15)
                                      Index Cond: (id = ci.person_role_id)
                                      Filter: (name = 'Queen'::text)
                          ->  Index Scan using movie_id_movie_info on movie_info mi  (cost=0.43..41.99 rows=2 width=8) (actual time=0.011..0.088 rows=1 loops=15)
                                Index Cond: (movie_id = mk.movie_id)
                                Filter: (info ~~ 'USA:%200%'::text)
                                Rows Removed by Filter: 456
                    ->  Seq Scan on comp_cast_type cct2  (cost=0.00..1.05 rows=1 width=4) (actual time=0.001..0.001 rows=1 loops=15)
                          Filter: ((kind)::text = 'complete+verified'::text)
                          Rows Removed by Filter: 3
              ->  Seq Scan on info_type it  (cost=0.00..2.41 rows=1 width=4) (actual time=0.002..0.002 rows=1 loops=15)
                    Filter: ((info)::text = 'release dates'::text)
                    Rows Removed by Filter: 15
        ->  Seq Scan on role_type rt  (cost=0.00..1.15 rows=1 width=4) (actual time=0.001..0.001 rows=1 loops=15)
              Filter: ((role)::text = 'actress'::text)
              Rows Removed by Filter: 1
Planning time: 79.205 ms
Execution time: 13.843 ms
