Aggregate  (cost=28577.28..28577.29 rows=1 width=96) (actual time=423.352..423.352 rows=1 loops=1)
  ->  Nested Loop  (cost=11.16..28577.27 rows=1 width=48) (actual time=15.463..418.879 rows=16308 loops=1)
        Join Filter: (it.id = mi.info_type_id)
        ->  Seq Scan on info_type it  (cost=0.00..2.41 rows=1 width=4) (actual time=0.015..0.020 rows=1 loops=1)
              Filter: ((info)::text = 'release dates'::text)
              Rows Removed by Filter: 112
        ->  Nested Loop  (cost=11.16..28574.84 rows=1 width=52) (actual time=15.446..416.084 rows=16308 loops=1)
              Join Filter: (t.id = mi.movie_id)
              ->  Nested Loop  (cost=10.72..28532.73 rows=1 width=68) (actual time=15.424..63.638 rows=5706 loops=1)
                    Join Filter: (mc.movie_id = t.id)
                    ->  Nested Loop  (cost=10.29..28530.58 rows=1 width=47) (actual time=2.524..51.505 rows=7206 loops=1)
                          Join Filter: (it3.id = pi.info_type_id)
                          Rows Removed by Join Filter: 20343
                          ->  Seq Scan on info_type it3  (cost=0.00..2.41 rows=1 width=4) (actual time=0.003..0.009 rows=1 loops=1)
                                Filter: ((info)::text = 'trivia'::text)
                                Rows Removed by Filter: 112
                          ->  Nested Loop  (cost=10.29..28528.15 rows=1 width=51) (actual time=2.519..48.551 rows=27549 loops=1)
                                Join Filter: (n.id = pi.person_id)
                                ->  Nested Loop  (cost=9.86..28508.60 rows=1 width=59) (actual time=2.510..38.451 rows=123 loops=1)
                                      ->  Nested Loop  (cost=9.44..28502.52 rows=3 width=63) (actual time=2.488..37.426 rows=470 loops=1)
                                            Join Filter: (ci.movie_id = mc.movie_id)
                                            ->  Nested Loop  (cost=9.01..28497.65 rows=1 width=55) (actual time=2.478..37.165 rows=18 loops=1)
                                                  Join Filter: (cc.subject_id = cct1.id)
                                                  ->  Nested Loop  (cost=9.01..28496.59 rows=1 width=59) (actual time=2.474..37.127 rows=18 loops=1)
                                                        Join Filter: (n.id = an.person_id)
                                                        ->  Nested Loop  (cost=8.59..28495.30 rows=1 width=55) (actual time=2.464..37.078 rows=5 loops=1)
                                                              Join Filter: (cc.status_id = cct2.id)
                                                              Rows Removed by Join Filter: 20
                                                              ->  Seq Scan on comp_cast_type cct2  (cost=0.00..1.05 rows=1 width=4) (actual time=0.002..0.003 rows=1 loops=1)
                                                                    Filter: ((kind)::text = 'complete+verified'::text)
                                                                    Rows Removed by Filter: 3
                                                              ->  Nested Loop  (cost=8.59..28494.23 rows=2 width=59) (actual time=2.461..37.068 rows=25 loops=1)
                                                                    ->  Nested Loop  (cost=8.17..28457.92 rows=13 width=47) (actual time=2.452..36.914 rows=39 loops=1)
                                                                          ->  Nested Loop  (cost=7.74..25910.08 rows=1091 width=28) (actual time=0.758..33.049 rows=1091 loops=1)
                                                                                ->  Nested Loop  (cost=7.31..22987.90 rows=1303 width=16) (actual time=0.154..29.082 rows=1303 loops=1)
                                                                                      Join Filter: (rt.id = ci.role_id)
                                                                                      Rows Removed by Join Filter: 3092
                                                                                      ->  Seq Scan on role_type rt  (cost=0.00..1.15 rows=1 width=4) (actual time=0.002..0.004 rows=1 loops=1)
                                                                                            Filter: ((role)::text = 'actress'::text)
                                                                                            Rows Removed by Filter: 11
                                                                                      ->  Nested Loop  (cost=7.31..22931.81 rows=4395 width=20) (actual time=0.119..28.573 rows=4395 loops=1)
                                                                                            ->  Nested Loop  (cost=6.74..3729.38 rows=414 width=4) (actual time=0.109..9.172 rows=414 loops=1)
                                                                                                  ->  Seq Scan on keyword k  (cost=0.00..2626.12 rows=1 width=4) (actual time=0.029..8.495 rows=1 loops=1)
                                                                                                        Filter: (keyword = 'computer-animation'::text)
                                                                                                        Rows Removed by Filter: 134169
                                                                                                  ->  Bitmap Heap Scan on movie_keyword mk  (cost=6.74..1100.27 rows=298 width=8) (actual time=0.079..0.603 rows=414 loops=1)
                                                                                                        Recheck Cond: (keyword_id = k.id)
                                                                                                        Heap Blocks: exact=358
                                                                                                        ->  Bitmap Index Scan on keyword_id_movie_keyword  (cost=0.00..6.67 rows=298 width=0) (actual time=0.042..0.042 rows=414 loops=1)
                                                                                                              Index Cond: (keyword_id = k.id)
                                                                                            ->  Index Scan using movie_id_cast_info on cast_info ci  (cost=0.56..46.37 rows=1 width=16) (actual time=0.011..0.045 rows=11 loops=414)
                                                                                                  Index Cond: (movie_id = mk.movie_id)
                                                                                                  Filter: (note = ANY ('{(voice),"(voice: Japanese version)","(voice) (uncredited)","(voice: English version)"}'::text[]))
                                                                                                  Rows Removed by Filter: 33
                                                                                ->  Index Scan using char_name_pkey on char_name chn  (cost=0.43..2.24 rows=1 width=20) (actual time=0.003..0.003 rows=1 loops=1303)
                                                                                      Index Cond: (id = ci.person_role_id)
                                                                          ->  Index Scan using name_pkey on name n  (cost=0.43..2.34 rows=1 width=19) (actual time=0.003..0.003 rows=0 loops=1091)
                                                                                Index Cond: (id = ci.person_id)
                                                                                Filter: ((name ~~ '%An%'::text) AND ((gender)::text = 'f'::text))
                                                                                Rows Removed by Filter: 1
                                                                    ->  Index Scan using movie_id_complete_cast on complete_cast cc  (cost=0.42..2.77 rows=2 width=12) (actual time=0.003..0.003 rows=1 loops=39)
                                                                          Index Cond: (movie_id = ci.movie_id)
                                                        ->  Index Only Scan using person_id_aka_name on aka_name an  (cost=0.42..1.27 rows=2 width=4) (actual time=0.007..0.008 rows=4 loops=5)
                                                              Index Cond: (person_id = ci.person_id)
                                                              Heap Fetches: 0
                                                  ->  Seq Scan on comp_cast_type cct1  (cost=0.00..1.05 rows=1 width=4) (actual time=0.001..0.001 rows=1 loops=18)
                                                        Filter: ((kind)::text = 'cast'::text)
                                            ->  Index Scan using movie_id_movie_companies on movie_companies mc  (cost=0.43..4.80 rows=5 width=8) (actual time=0.003..0.008 rows=26 loops=18)
                                                  Index Cond: (movie_id = mk.movie_id)
                                      ->  Index Scan using company_name_pkey on company_name cn  (cost=0.42..2.03 rows=1 width=4) (actual time=0.002..0.002 rows=0 loops=470)
                                            Index Cond: (id = mc.company_id)
                                            Filter: ((country_code)::text = '[us]'::text)
                                            Rows Removed by Filter: 1
                                ->  Index Scan using person_id_person_info on person_info pi  (cost=0.43..19.24 rows=25 width=8) (actual time=0.003..0.038 rows=224 loops=123)
                                      Index Cond: (person_id = an.person_id)
                    ->  Index Scan using title_pkey on title t  (cost=0.43..2.14 rows=1 width=21) (actual time=0.001..0.001 rows=1 loops=7206)
                          Index Cond: (id = mk.movie_id)
                          Filter: ((production_year >= 2000) AND (production_year <= 2010))
                          Rows Removed by Filter: 0
              ->  Index Scan using movie_id_movie_info on movie_info mi  (cost=0.43..42.09 rows=2 width=8) (actual time=0.008..0.061 rows=3 loops=5706)
                    Index Cond: (movie_id = mk.movie_id)
                    Filter: ((info IS NOT NULL) AND ((info ~~ 'Japan:%200%'::text) OR (info ~~ 'USA:%200%'::text)))
                    Rows Removed by Filter: 302
Planning time: 78.855 ms
Execution time: 423.477 ms
