Aggregate  (cost=21604.26..21604.27 rows=1 width=96) (actual time=688.158..688.158 rows=1 loops=1)
  ->  Nested Loop  (cost=11.16..21604.25 rows=1 width=48) (actual time=87.390..683.953 rows=16308 loops=1)
        Join Filter: (pi.info_type_id = it3.id)
        Rows Removed by Join Filter: 51519
        ->  Nested Loop  (cost=11.16..21601.82 rows=1 width=52) (actual time=86.664..314.713 rows=67827 loops=1)
              Join Filter: (n.id = pi.person_id)
              ->  Nested Loop  (cost=10.73..21582.27 rows=1 width=60) (actual time=86.652..291.702 rows=189 loops=1)
                    ->  Nested Loop  (cost=10.30..21580.03 rows=1 width=48) (actual time=50.389..291.336 rows=216 loops=1)
                          Join Filter: (cc.status_id = cct2.id)
                          Rows Removed by Join Filter: 350
                          ->  Nested Loop  (cost=10.30..21578.97 rows=1 width=52) (actual time=6.127..290.687 rows=566 loops=1)
                                ->  Nested Loop  (cost=9.87..21576.63 rows=1 width=33) (actual time=4.989..262.024 rows=15154 loops=1)
                                      Join Filter: (mi.movie_id = t.id)
                                      ->  Nested Loop  (cost=9.44..21572.33 rows=2 width=36) (actual time=4.981..231.130 rows=17149 loops=1)
                                            ->  Nested Loop  (cost=9.02..21562.20 rows=5 width=40) (actual time=4.966..97.936 rows=77995 loops=1)
                                                  Join Filter: (mi.movie_id = mc.movie_id)
                                                  ->  Nested Loop  (cost=8.59..21557.33 rows=1 width=32) (actual time=4.956..62.385 rows=2842 loops=1)
                                                        Join Filter: (cct1.id = cc.subject_id)
                                                        Rows Removed by Join Filter: 284
                                                        ->  Seq Scan on comp_cast_type cct1  (cost=0.00..1.05 rows=1 width=4) (actual time=0.005..0.006 rows=1 loops=1)
                                                              Filter: ((kind)::text = 'cast'::text)
                                                              Rows Removed by Filter: 3
                                                        ->  Nested Loop  (cost=8.59..21556.27 rows=1 width=36) (actual time=4.950..61.733 rows=3126 loops=1)
                                                              ->  Nested Loop  (cost=8.17..21550.68 rows=2 width=24) (actual time=2.001..54.019 rows=4185 loops=1)
                                                                    ->  Nested Loop  (cost=7.74..21549.39 rows=1 width=20) (actual time=1.785..47.923 rows=2227 loops=1)
                                                                          Join Filter: (rt.id = ci.role_id)
                                                                          Rows Removed by Join Filter: 5611
                                                                          ->  Seq Scan on role_type rt  (cost=0.00..1.15 rows=1 width=4) (actual time=0.002..0.004 rows=1 loops=1)
                                                                                Filter: ((role)::text = 'actress'::text)
                                                                                Rows Removed by Filter: 11
                                                                          ->  Nested Loop  (cost=7.74..21548.16 rows=7 width=24) (actual time=0.750..47.017 rows=7838 loops=1)
                                                                                Join Filter: (mi.movie_id = ci.movie_id)
                                                                                ->  Nested Loop  (cost=7.18..21177.08 rows=8 width=8) (actual time=0.350..21.482 rows=374 loops=1)
                                                                                      Join Filter: (it.id = mi.info_type_id)
                                                                                      ->  Seq Scan on info_type it  (cost=0.00..2.41 rows=1 width=4) (actual time=0.004..0.010 rows=1 loops=1)
                                                                                            Filter: ((info)::text = 'release dates'::text)
                                                                                            Rows Removed by Filter: 112
                                                                                      ->  Nested Loop  (cost=7.18..21163.50 rows=893 width=12) (actual time=0.345..21.396 rows=374 loops=1)
                                                                                            ->  Nested Loop  (cost=6.74..3729.38 rows=414 width=4) (actual time=0.109..9.197 rows=414 loops=1)
                                                                                                  ->  Seq Scan on keyword k  (cost=0.00..2626.12 rows=1 width=4) (actual time=0.027..8.501 rows=1 loops=1)
                                                                                                        Filter: (keyword = 'computer-animation'::text)
                                                                                                        Rows Removed by Filter: 134169
                                                                                                  ->  Bitmap Heap Scan on movie_keyword mk  (cost=6.74..1100.27 rows=298 width=8) (actual time=0.080..0.619 rows=414 loops=1)
                                                                                                        Recheck Cond: (keyword_id = k.id)
                                                                                                        Heap Blocks: exact=358
                                                                                                        ->  Bitmap Index Scan on keyword_id_movie_keyword  (cost=0.00..6.67 rows=298 width=0) (actual time=0.043..0.043 rows=414 loops=1)
                                                                                                              Index Cond: (keyword_id = k.id)
                                                                                            ->  Index Scan using movie_id_movie_info on movie_info mi  (cost=0.43..42.09 rows=2 width=8) (actual time=0.014..0.029 rows=1 loops=414)
                                                                                                  Index Cond: (movie_id = mk.movie_id)
                                                                                                  Filter: ((info IS NOT NULL) AND ((info ~~ 'Japan:%200%'::text) OR (info ~~ 'USA:%200%'::text)))
                                                                                                  Rows Removed by Filter: 70
                                                                                ->  Index Scan using movie_id_cast_info on cast_info ci  (cost=0.56..46.37 rows=1 width=16) (actual time=0.009..0.064 rows=21 loops=374)
                                                                                      Index Cond: (movie_id = mk.movie_id)
                                                                                      Filter: (note = ANY ('{(voice),"(voice: Japanese version)","(voice) (uncredited)","(voice: English version)"}'::text[]))
                                                                                      Rows Removed by Filter: 72
                                                                    ->  Index Only Scan using person_id_aka_name on aka_name an  (cost=0.42..1.27 rows=2 width=4) (actual time=0.002..0.002 rows=2 loops=2227)
                                                                          Index Cond: (person_id = ci.person_id)
                                                                          Heap Fetches: 0
                                                              ->  Index Scan using movie_id_complete_cast on complete_cast cc  (cost=0.42..2.77 rows=2 width=12) (actual time=0.001..0.001 rows=1 loops=4185)
                                                                    Index Cond: (movie_id = mi.movie_id)
                                                  ->  Index Scan using movie_id_movie_companies on movie_companies mc  (cost=0.43..4.80 rows=5 width=8) (actual time=0.002..0.006 rows=27 loops=2842)
                                                        Index Cond: (movie_id = mk.movie_id)
                                            ->  Index Scan using company_name_pkey on company_name cn  (cost=0.42..2.03 rows=1 width=4) (actual time=0.001..0.001 rows=0 loops=77995)
                                                  Index Cond: (id = mc.company_id)
                                                  Filter: ((country_code)::text = '[us]'::text)
                                                  Rows Removed by Filter: 1
                                      ->  Index Scan using title_pkey on title t  (cost=0.43..2.14 rows=1 width=21) (actual time=0.001..0.001 rows=1 loops=17149)
                                            Index Cond: (id = mk.movie_id)
                                            Filter: ((production_year >= 2000) AND (production_year <= 2010))
                                            Rows Removed by Filter: 0
                                ->  Index Scan using name_pkey on name n  (cost=0.43..2.34 rows=1 width=19) (actual time=0.002..0.002 rows=0 loops=15154)
                                      Index Cond: (id = ci.person_id)
                                      Filter: ((name ~~ '%An%'::text) AND ((gender)::text = 'f'::text))
                                      Rows Removed by Filter: 1
                          ->  Seq Scan on comp_cast_type cct2  (cost=0.00..1.05 rows=1 width=4) (actual time=0.001..0.001 rows=1 loops=566)
                                Filter: ((kind)::text = 'complete+verified'::text)
                                Rows Removed by Filter: 3
                    ->  Index Scan using char_name_pkey on char_name chn  (cost=0.43..2.24 rows=1 width=20) (actual time=0.001..0.001 rows=1 loops=216)
                          Index Cond: (id = ci.person_role_id)
              ->  Index Scan using person_id_person_info on person_info pi  (cost=0.43..19.24 rows=25 width=8) (actual time=0.003..0.057 rows=359 loops=189)
                    Index Cond: (person_id = an.person_id)
        ->  Seq Scan on info_type it3  (cost=0.00..2.41 rows=1 width=4) (actual time=0.002..0.005 rows=1 loops=67827)
              Filter: ((info)::text = 'trivia'::text)
              Rows Removed by Filter: 89
Planning time: 78.786 ms
Execution time: 688.286 ms
