Aggregate  (cost=3831.89..3831.90 rows=1 width=32) (actual time=760.193..760.193 rows=1 loops=1)
  ->  Nested Loop  (cost=8.02..3831.88 rows=7 width=17) (actual time=6.431..758.432 rows=7834 loops=1)
        Join Filter: (mc.movie_id = t.id)
        ->  Nested Loop  (cost=7.59..3828.38 rows=7 width=8) (actual time=6.412..707.695 rows=7834 loops=1)
              ->  Nested Loop  (cost=7.17..3749.45 rows=177 width=12) (actual time=5.711..349.870 rows=148552 loops=1)
                    ->  Nested Loop  (cost=6.74..3729.38 rows=34 width=4) (actual time=5.659..110.635 rows=41840 loops=1)
                          ->  Seq Scan on keyword k  (cost=0.00..2626.12 rows=1 width=4) (actual time=0.575..13.201 rows=1 loops=1)
                                Filter: (keyword = 'character-name-in-title'::text)
                                Rows Removed by Filter: 134169
                          ->  Bitmap Heap Scan on movie_keyword mk  (cost=6.74..1100.27 rows=298 width=8) (actual time=5.083..89.361 rows=41840 loops=1)
                                Recheck Cond: (keyword_id = k.id)
                                Heap Blocks: exact=11541
                                ->  Bitmap Index Scan on keyword_id_movie_keyword  (cost=0.00..6.67 rows=298 width=0) (actual time=3.568..3.568 rows=41840 loops=1)
                                      Index Cond: (keyword_id = k.id)
                    ->  Index Scan using movie_id_movie_companies on movie_companies mc  (cost=0.43..0.54 rows=5 width=8) (actual time=0.003..0.005 rows=4 loops=41840)
                          Index Cond: (movie_id = mk.movie_id)
              ->  Index Scan using company_name_pkey on company_name cn  (cost=0.42..0.45 rows=1 width=4) (actual time=0.002..0.002 rows=0 loops=148552)
                    Index Cond: (id = mc.company_id)
                    Filter: ((country_code)::text = '[de]'::text)
                    Rows Removed by Filter: 1
        ->  Index Scan using title_pkey on title t  (cost=0.43..0.49 rows=1 width=21) (actual time=0.006..0.006 rows=1 loops=7834)
              Index Cond: (id = mk.movie_id)
Planning time: 0.760 ms
Execution time: 760.306 ms
