Aggregate  (cost=37121.34..37121.35 rows=1 width=32) (actual time=218.410..218.410 rows=1 loops=1)
  ->  Nested Loop  (cost=5942.81..37121.34 rows=1 width=17) (actual time=218.408..218.408 rows=0 loops=1)
        Join Filter: (mc.movie_id = t.id)
        ->  Hash Join  (cost=5942.38..37120.84 rows=1 width=8) (actual time=218.407..218.407 rows=0 loops=1)
              Hash Cond: (mc.company_id = cn.id)
              ->  Nested Loop  (cost=7.17..28433.47 rows=217993 width=12) (actual time=4.872..181.799 rows=148552 loops=1)
                    ->  Nested Loop  (cost=6.74..3729.38 rows=41840 width=4) (actual time=4.855..41.277 rows=41840 loops=1)
                          ->  Seq Scan on keyword k  (cost=0.00..2626.12 rows=1 width=4) (actual time=0.394..8.598 rows=1 loops=1)
                                Filter: (keyword = 'character-name-in-title'::text)
                                Rows Removed by Filter: 134169
                          ->  Bitmap Heap Scan on movie_keyword mk  (cost=6.74..1100.27 rows=298 width=8) (actual time=4.459..25.738 rows=41840 loops=1)
                                Recheck Cond: (keyword_id = k.id)
                                Heap Blocks: exact=11541
                                ->  Bitmap Index Scan on keyword_id_movie_keyword  (cost=0.00..6.67 rows=298 width=0) (actual time=2.953..2.953 rows=41840 loops=1)
                                      Index Cond: (keyword_id = k.id)
                    ->  Index Scan using movie_id_movie_companies on movie_companies mc  (cost=0.43..0.54 rows=5 width=8) (actual time=0.002..0.003 rows=4 loops=41840)
                          Index Cond: (movie_id = mk.movie_id)
              ->  Hash  (cost=5932.46..5932.46 rows=220 width=4) (actual time=21.863..21.863 rows=1 loops=1)
                    Buckets: 1024  Batches: 1  Memory Usage: 9kB
                    ->  Seq Scan on company_name cn  (cost=0.00..5932.46 rows=220 width=4) (actual time=4.212..21.859 rows=1 loops=1)
                          Filter: ((country_code)::text = '[sm]'::text)
                          Rows Removed by Filter: 234996
        ->  Index Scan using title_pkey on title t  (cost=0.43..0.49 rows=1 width=21) (never executed)
              Index Cond: (id = mk.movie_id)
Planning time: 0.751 ms
Execution time: 218.454 ms
