Aggregate  (cost=36244.65..36244.66 rows=1 width=32) (actual time=217.735..217.735 rows=1 loops=1)
  ->  Nested Loop  (cost=5942.81..36244.64 rows=1 width=17) (actual time=217.733..217.733 rows=0 loops=1)
        Join Filter: (mc.movie_id = t.id)
        ->  Hash Join  (cost=5942.38..36244.14 rows=0 width=8) (actual time=217.732..217.732 rows=0 loops=1)
              Hash Cond: (mc.company_id = cn.id)
              ->  Nested Loop  (cost=7.17..28433.47 rows=148552 width=12) (actual time=4.868..181.154 rows=148552 loops=1)
                    ->  Nested Loop  (cost=6.74..3729.38 rows=41840 width=4) (actual time=4.854..41.065 rows=41840 loops=1)
                          ->  Seq Scan on keyword k  (cost=0.00..2626.12 rows=1 width=4) (actual time=0.392..8.443 rows=1 loops=1)
                                Filter: (keyword = 'character-name-in-title'::text)
                                Rows Removed by Filter: 134169
                          ->  Bitmap Heap Scan on movie_keyword mk  (cost=6.74..1100.27 rows=298 width=8) (actual time=4.460..25.748 rows=41840 loops=1)
                                Recheck Cond: (keyword_id = k.id)
                                Heap Blocks: exact=11541
                                ->  Bitmap Index Scan on keyword_id_movie_keyword  (cost=0.00..6.67 rows=298 width=0) (actual time=2.948..2.948 rows=41840 loops=1)
                                      Index Cond: (keyword_id = k.id)
                    ->  Index Scan using movie_id_movie_companies on movie_companies mc  (cost=0.43..0.54 rows=5 width=8) (actual time=0.002..0.002 rows=4 loops=41840)
                          Index Cond: (movie_id = mk.movie_id)
              ->  Hash  (cost=5932.46..5932.46 rows=220 width=4) (actual time=21.844..21.844 rows=1 loops=1)
                    Buckets: 1024  Batches: 1  Memory Usage: 9kB
                    ->  Seq Scan on company_name cn  (cost=0.00..5932.46 rows=220 width=4) (actual time=4.259..21.840 rows=1 loops=1)
                          Filter: ((country_code)::text = '[sm]'::text)
                          Rows Removed by Filter: 234996
        ->  Index Scan using title_pkey on title t  (cost=0.43..0.49 rows=1 width=21) (never executed)
              Index Cond: (id = mk.movie_id)
Planning time: 0.851 ms
Execution time: 217.783 ms
