Aggregate  (cost=25391.92..25391.93 rows=1 width=128) (actual time=1571.593..1571.593 rows=1 loops=1)
  ->  Nested Loop  (cost=3781.74..25391.91 rows=1 width=80) (actual time=45.735..1570.682 rows=757 loops=1)
        ->  Nested Loop  (cost=3781.60..25391.73 rows=1 width=84) (actual time=45.729..1569.110 rows=757 loops=1)
              Join Filter: (t.id = mi.movie_id)
              ->  Nested Loop  (cost=3781.17..24773.87 rows=35 width=58) (actual time=43.145..1482.669 rows=1235 loops=1)
                    Join Filter: (mi_idx.movie_id = t.id)
                    ->  Nested Loop  (cost=3780.74..24718.71 rows=64 width=37) (actual time=43.135..1459.358 rows=7165 loops=1)
                          ->  Nested Loop  (cost=3780.31..24552.89 rows=153 width=26) (actual time=42.975..1413.294 rows=11002 loops=1)
                                Join Filter: (mi_idx.movie_id = ci.movie_id)
                                ->  Nested Loop  (cost=3779.74..21182.93 rows=119 width=18) (actual time=42.619..279.231 rows=16283 loops=1)
                                      Join Filter: (it2.id = mi_idx.info_type_id)
                                      Rows Removed by Join Filter: 33372
                                      ->  Seq Scan on info_type it2  (cost=0.00..2.41 rows=1 width=4) (actual time=0.010..0.012 rows=1 loops=1)
                                            Filter: ((info)::text = 'votes'::text)
                                            Rows Removed by Filter: 112
                                      ->  Nested Loop  (cost=3779.74..21012.56 rows=13437 width=22) (actual time=42.606..272.467 rows=49655 loops=1)
                                            ->  Hash Join  (cost=3779.31..17362.51 rows=4501 width=8) (actual time=42.579..205.507 rows=16336 loops=1)
                                                  Hash Cond: (cc.status_id = cct2.id)
                                                  ->  Hash Join  (cost=3778.25..17174.08 rows=18005 width=12) (actual time=42.544..199.055 rows=36010 loops=1)
                                                        Hash Cond: (cc.subject_id = cct1.id)
                                                        ->  Hash Join  (cost=3777.18..16798.27 rows=36010 width=16) (actual time=42.536..190.226 rows=36010 loops=1)
                                                              Hash Cond: (mk.movie_id = cc.movie_id)
                                                              ->  Nested Loop  (cost=6.74..10917.30 rows=76714 width=4) (actual time=2.914..121.766 rows=76714 loops=1)
                                                                    ->  Seq Scan on keyword k  (cost=0.00..3464.69 rows=7 width=4) (actual time=0.653..21.078 rows=7 loops=1)
                                                                          Filter: (keyword = ANY ('{murder,violence,blood,gore,death,female-nudity,hospital}'::text[]))
                                                                          Rows Removed by Filter: 134163
                                                                    ->  Bitmap Heap Scan on movie_keyword mk  (cost=6.74..1061.68 rows=298 width=8) (actual time=2.043..12.666 rows=10959 loops=7)
                                                                          Recheck Cond: (keyword_id = k.id)
                                                                          Heap Blocks: exact=53234
                                                                          ->  Bitmap Index Scan on keyword_id_movie_keyword  (cost=0.00..6.67 rows=298 width=0) (actual time=1.054..1.054 rows=10959 loops=7)
                                                                                Index Cond: (keyword_id = k.id)
                                                              ->  Hash  (cost=2081.86..2081.86 rows=135086 width=12) (actual time=39.300..39.300 rows=135086 loops=1)
                                                                    Buckets: 262144  Batches: 1  Memory Usage: 7853kB
                                                                    ->  Seq Scan on complete_cast cc  (cost=0.00..2081.86 rows=135086 width=12) (actual time=0.005..17.831 rows=135086 loops=1)
                                                        ->  Hash  (cost=1.05..1.05 rows=2 width=4) (actual time=0.003..0.003 rows=2 loops=1)
                                                              Buckets: 1024  Batches: 1  Memory Usage: 9kB
                                                              ->  Seq Scan on comp_cast_type cct1  (cost=0.00..1.05 rows=2 width=4) (actual time=0.001..0.002 rows=2 loops=1)
                                                                    Filter: ((kind)::text = ANY ('{cast,crew}'::text[]))
                                                                    Rows Removed by Filter: 2
                                                  ->  Hash  (cost=1.05..1.05 rows=1 width=4) (actual time=0.004..0.004 rows=1 loops=1)
                                                        Buckets: 1024  Batches: 1  Memory Usage: 9kB
                                                        ->  Seq Scan on comp_cast_type cct2  (cost=0.00..1.05 rows=1 width=4) (actual time=0.002..0.002 rows=1 loops=1)
                                                              Filter: ((kind)::text = 'complete+verified'::text)
                                                              Rows Removed by Filter: 3
                                            ->  Index Scan using movie_id_movie_info_idx on movie_info_idx mi_idx  (cost=0.43..0.78 rows=3 width=14) (actual time=0.003..0.003 rows=3 loops=16336)
                                                  Index Cond: (movie_id = mk.movie_id)
                                ->  Index Scan using movie_id_cast_info on cast_info ci  (cost=0.56..28.31 rows=1 width=8) (actual time=0.054..0.069 rows=1 loops=16283)
                                      Index Cond: (movie_id = mk.movie_id)
                                      Filter: (note = ANY ('{(writer),"(head writer)","(written by)",(story),"(story editor)"}'::text[]))
                                      Rows Removed by Filter: 76
                          ->  Index Scan using name_pkey on name n  (cost=0.43..1.08 rows=1 width=19) (actual time=0.004..0.004 rows=1 loops=11002)
                                Index Cond: (id = ci.person_id)
                                Filter: ((gender)::text = 'm'::text)
                                Rows Removed by Filter: 0
                    ->  Index Scan using title_pkey on title t  (cost=0.43..0.85 rows=1 width=21) (actual time=0.003..0.003 rows=0 loops=7165)
                          Index Cond: (id = mk.movie_id)
                          Filter: (production_year > 2000)
                          Rows Removed by Filter: 1
              ->  Index Scan using movie_id_movie_info on movie_info mi  (cost=0.43..17.64 rows=1 width=50) (actual time=0.069..0.069 rows=1 loops=1235)
                    Index Cond: (movie_id = mk.movie_id)
                    Filter: (info = ANY ('{Horror,Thriller}'::text[]))
                    Rows Removed by Filter: 238
        ->  Index Scan using info_type_pkey on info_type it1  (cost=0.14..0.16 rows=1 width=4) (actual time=0.001..0.001 rows=1 loops=757)
              Index Cond: (id = mi.info_type_id)
              Filter: ((info)::text = 'genres'::text)
Planning time: 47.558 ms
Execution time: 1571.710 ms
