Aggregate  (cost=249026.29..249026.30 rows=1 width=128) (actual time=1624.917..1624.917 rows=1 loops=1)
  ->  Nested Loop  (cost=11213.28..249026.11 rows=18 width=80) (actual time=113.089..1620.823 rows=8024 loops=1)
        Join Filter: (mi.movie_id = t.id)
        ->  Nested Loop  (cost=11212.85..249010.63 rows=18 width=83) (actual time=113.079..1603.901 rows=8024 loops=1)
              ->  Nested Loop  (cost=11212.42..248962.95 rows=44 width=72) (actual time=113.070..1573.887 rows=11863 loops=1)
                    Join Filter: (mi.movie_id = ci.movie_id)
                    ->  Hash Join  (cost=11211.86..248000.10 rows=34 width=64) (actual time=110.353..901.411 rows=14655 loops=1)
                          Hash Cond: (mk.keyword_id = k.id)
                          ->  Nested Loop  (cost=7747.08..236412.09 rows=643428 width=68) (actual time=88.470..817.540 rows=643428 loops=1)
                                Join Filter: (mi.movie_id = mk.movie_id)
                                ->  Hash Join  (cost=7746.65..212514.62 rows=10291 width=60) (actual time=88.458..562.026 rows=10291 loops=1)
                                      Hash Cond: (cc.status_id = cct2.id)
                                      ->  Nested Loop  (cost=7745.59..212268.97 rows=23504 width=64) (actual time=88.442..557.485 rows=23504 loops=1)
                                            Join Filter: (it2.id = mi_idx.info_type_id)
                                            Rows Removed by Join Filter: 47220
                                            ->  Seq Scan on info_type it2  (cost=0.00..2.41 rows=1 width=4) (actual time=0.008..0.010 rows=1 loops=1)
                                                  Filter: ((info)::text = 'votes'::text)
                                                  Rows Removed by Filter: 112
                                            ->  Nested Loop  (cost=7745.59..211382.51 rows=70724 width=68) (actual time=88.430..548.590 rows=70724 loops=1)
                                                  ->  Hash Join  (cost=7745.16..186339.34 rows=24196 width=54) (actual time=88.415..474.144 rows=24196 loops=1)
                                                        Hash Cond: (cc.subject_id = cct1.id)
                                                        ->  Hash Join  (cost=7744.10..185985.19 rows=33931 width=58) (actual time=88.409..467.504 rows=33931 loops=1)
                                                              Hash Cond: (mi.movie_id = cc.movie_id)
                                                              ->  Nested Loop  (cost=3973.66..178949.54 rows=186594 width=46) (actual time=49.634..383.388 rows=186594 loops=1)
                                                                    ->  Seq Scan on info_type it1  (cost=0.00..2.41 rows=1 width=4) (actual time=0.007..0.017 rows=1 loops=1)
                                                                          Filter: ((info)::text = 'genres'::text)
                                                                          Rows Removed by Filter: 112
                                                                    ->  Bitmap Heap Scan on movie_info mi  (cost=3973.66..178921.03 rows=2609 width=50) (actual time=49.623..357.729 rows=186594 loops=1)
                                                                          Recheck Cond: (info_type_id = it1.id)
                                                                          Filter: (info = ANY ('{Horror,Action,Sci-Fi,Thriller,Crime,War}'::text[]))
                                                                          Rows Removed by Filter: 1347315
                                                                          Heap Blocks: exact=9770
                                                                          ->  Bitmap Index Scan on info_type_id_movie_info  (cost=0.00..3973.01 rows=215010 width=0) (actual time=48.314..48.314 rows=1533909 loops=1)
                                                                                Index Cond: (info_type_id = it1.id)
                                                              ->  Hash  (cost=2081.86..2081.86 rows=135086 width=12) (actual time=38.456..38.456 rows=135086 loops=1)
                                                                    Buckets: 262144  Batches: 1  Memory Usage: 7853kB
                                                                    ->  Seq Scan on complete_cast cc  (cost=0.00..2081.86 rows=135086 width=12) (actual time=0.004..17.734 rows=135086 loops=1)
                                                        ->  Hash  (cost=1.05..1.05 rows=1 width=4) (actual time=0.002..0.002 rows=1 loops=1)
                                                              Buckets: 1024  Batches: 1  Memory Usage: 9kB
                                                              ->  Seq Scan on comp_cast_type cct1  (cost=0.00..1.05 rows=1 width=4) (actual time=0.001..0.002 rows=1 loops=1)
                                                                    Filter: ((kind)::text = 'cast'::text)
                                                                    Rows Removed by Filter: 3
                                                  ->  Index Scan using movie_id_movie_info_idx on movie_info_idx mi_idx  (cost=0.43..1.01 rows=3 width=14) (actual time=0.002..0.002 rows=3 loops=24196)
                                                        Index Cond: (movie_id = mi.movie_id)
                                      ->  Hash  (cost=1.05..1.05 rows=1 width=4) (actual time=0.007..0.007 rows=1 loops=1)
                                            Buckets: 1024  Batches: 1  Memory Usage: 9kB
                                            ->  Seq Scan on comp_cast_type cct2  (cost=0.00..1.05 rows=1 width=4) (actual time=0.005..0.006 rows=1 loops=1)
                                                  Filter: ((kind)::text = 'complete+verified'::text)
                                                  Rows Removed by Filter: 3
                                ->  Index Scan using movie_id_movie_keyword on movie_keyword mk  (cost=0.43..1.75 rows=46 width=8) (actual time=0.003..0.013 rows=63 loops=10291)
                                      Index Cond: (movie_id = mi_idx.movie_id)
                          ->  Hash  (cost=3464.69..3464.69 rows=7 width=4) (actual time=20.827..20.827 rows=7 loops=1)
                                Buckets: 1024  Batches: 1  Memory Usage: 9kB
                                ->  Seq Scan on keyword k  (cost=0.00..3464.69 rows=7 width=4) (actual time=0.642..20.824 rows=7 loops=1)
                                      Filter: (keyword = ANY ('{murder,violence,blood,gore,death,female-nudity,hospital}'::text[]))
                                      Rows Removed by Filter: 134163
                    ->  Index Scan using movie_id_cast_info on cast_info ci  (cost=0.56..28.31 rows=1 width=8) (actual time=0.034..0.045 rows=1 loops=14655)
                          Index Cond: (movie_id = mk.movie_id)
                          Filter: (note = ANY ('{(writer),"(head writer)","(written by)",(story),"(story editor)"}'::text[]))
                          Rows Removed by Filter: 83
              ->  Index Scan using name_pkey on name n  (cost=0.43..1.08 rows=1 width=19) (actual time=0.002..0.002 rows=1 loops=11863)
                    Index Cond: (id = ci.person_id)
                    Filter: ((gender)::text = 'm'::text)
                    Rows Removed by Filter: 0
        ->  Index Scan using title_pkey on title t  (cost=0.43..0.85 rows=1 width=21) (actual time=0.002..0.002 rows=1 loops=8024)
              Index Cond: (id = mk.movie_id)
Planning time: 46.992 ms
Execution time: 1625.029 ms
