Aggregate  (cost=26827.66..26827.67 rows=1 width=128) (actual time=1816.874..1816.874 rows=1 loops=1)
  ->  Nested Loop  (cost=3781.73..26827.65 rows=1 width=80) (actual time=44.104..1812.342 rows=8024 loops=1)
        ->  Nested Loop  (cost=3781.59..26827.46 rows=1 width=84) (actual time=44.097..1799.251 rows=10485 loops=1)
              Join Filter: (t.id = mi.movie_id)
              ->  Nested Loop  (cost=3781.15..26595.31 rows=13 width=58) (actual time=43.488..1433.603 rows=5777 loops=1)
                    ->  Nested Loop  (cost=3780.72..26562.80 rows=30 width=47) (actual time=43.306..1391.434 rows=8824 loops=1)
                          Join Filter: (t.id = ci.movie_id)
                          ->  Nested Loop  (cost=3780.16..24891.98 rows=59 width=39) (actual time=42.851..366.297 rows=12476 loops=1)
                                Join Filter: (mi_idx.movie_id = t.id)
                                ->  Nested Loop  (cost=3779.73..24841.27 rows=59 width=18) (actual time=42.842..320.137 rows=12476 loops=1)
                                      Join Filter: (mi_idx.info_type_id = it2.id)
                                      Rows Removed by Join Filter: 25427
                                      ->  Seq Scan on info_type it2  (cost=0.00..2.41 rows=1 width=4) (actual time=0.010..0.012 rows=1 loops=1)
                                            Filter: ((info)::text = 'votes'::text)
                                            Rows Removed by Filter: 112
                                      ->  Hash Join  (cost=3779.73..24754.88 rows=6718 width=22) (actual time=42.828..315.057 rows=37903 loops=1)
                                            Hash Cond: (cc.status_id = cct2.id)
                                            ->  Nested Loop  (cost=3778.67..24474.17 rows=26873 width=26) (actual time=42.780..301.159 rows=75254 loops=1)
                                                  ->  Hash Join  (cost=3778.24..17174.06 rows=9002 width=12) (actual time=42.755..199.116 rows=25331 loops=1)
                                                        Hash Cond: (cc.subject_id = cct1.id)
                                                        ->  Hash Join  (cost=3777.18..16798.27 rows=36010 width=16) (actual time=42.749..191.513 rows=36010 loops=1)
                                                              Hash Cond: (mk.movie_id = cc.movie_id)
                                                              ->  Nested Loop  (cost=6.74..10917.30 rows=76714 width=4) (actual time=2.983..122.711 rows=76714 loops=1)
                                                                    ->  Seq Scan on keyword k  (cost=0.00..3464.69 rows=7 width=4) (actual time=0.644..21.131 rows=7 loops=1)
                                                                          Filter: (keyword = ANY ('{murder,violence,blood,gore,death,female-nudity,hospital}'::text[]))
                                                                          Rows Removed by Filter: 134163
                                                                    ->  Bitmap Heap Scan on movie_keyword mk  (cost=6.74..1061.68 rows=298 width=8) (actual time=2.056..12.775 rows=10959 loops=7)
                                                                          Recheck Cond: (keyword_id = k.id)
                                                                          Heap Blocks: exact=53234
                                                                          ->  Bitmap Index Scan on keyword_id_movie_keyword  (cost=0.00..6.67 rows=298 width=0) (actual time=1.061..1.061 rows=10959 loops=7)
                                                                                Index Cond: (keyword_id = k.id)
                                                              ->  Hash  (cost=2081.86..2081.86 rows=135086 width=12) (actual time=39.454..39.454 rows=135086 loops=1)
                                                                    Buckets: 262144  Batches: 1  Memory Usage: 7853kB
                                                                    ->  Seq Scan on complete_cast cc  (cost=0.00..2081.86 rows=135086 width=12) (actual time=0.006..17.931 rows=135086 loops=1)
                                                        ->  Hash  (cost=1.05..1.05 rows=1 width=4) (actual time=0.002..0.002 rows=1 loops=1)
                                                              Buckets: 1024  Batches: 1  Memory Usage: 9kB
                                                              ->  Seq Scan on comp_cast_type cct1  (cost=0.00..1.05 rows=1 width=4) (actual time=0.001..0.001 rows=1 loops=1)
                                                                    Filter: ((kind)::text = 'cast'::text)
                                                                    Rows Removed by Filter: 3
                                                  ->  Index Scan using movie_id_movie_info_idx on movie_info_idx mi_idx  (cost=0.43..0.78 rows=3 width=14) (actual time=0.003..0.003 rows=3 loops=25331)
                                                        Index Cond: (movie_id = mk.movie_id)
                                            ->  Hash  (cost=1.05..1.05 rows=1 width=4) (actual time=0.004..0.004 rows=1 loops=1)
                                                  Buckets: 1024  Batches: 1  Memory Usage: 9kB
                                                  ->  Seq Scan on comp_cast_type cct2  (cost=0.00..1.05 rows=1 width=4) (actual time=0.002..0.002 rows=1 loops=1)
                                                        Filter: ((kind)::text = 'complete+verified'::text)
                                                        Rows Removed by Filter: 3
                                ->  Index Scan using title_pkey on title t  (cost=0.43..0.85 rows=1 width=21) (actual time=0.003..0.003 rows=1 loops=12476)
                                      Index Cond: (id = mk.movie_id)
                          ->  Index Scan using movie_id_cast_info on cast_info ci  (cost=0.56..28.31 rows=1 width=8) (actual time=0.063..0.082 rows=1 loops=12476)
                                Index Cond: (movie_id = mk.movie_id)
                                Filter: (note = ANY ('{(writer),"(head writer)","(written by)",(story),"(story editor)"}'::text[]))
                                Rows Removed by Filter: 78
                    ->  Index Scan using name_pkey on name n  (cost=0.43..1.08 rows=1 width=19) (actual time=0.004..0.004 rows=1 loops=8824)
                          Index Cond: (id = ci.person_id)
                          Filter: ((gender)::text = 'm'::text)
                          Rows Removed by Filter: 0
              ->  Index Scan using movie_id_movie_info on movie_info mi  (cost=0.43..17.85 rows=1 width=50) (actual time=0.057..0.063 rows=2 loops=5777)
                    Index Cond: (movie_id = mk.movie_id)
                    Filter: (info = ANY ('{Horror,Action,Sci-Fi,Thriller,Crime,War}'::text[]))
                    Rows Removed by Filter: 172
        ->  Index Scan using info_type_pkey on info_type it1  (cost=0.14..0.16 rows=1 width=4) (actual time=0.001..0.001 rows=1 loops=10485)
              Index Cond: (id = mi.info_type_id)
              Filter: ((info)::text = 'genres'::text)
              Rows Removed by Filter: 0
Planning time: 47.743 ms
Execution time: 1816.995 ms
