Aggregate  (cost=16014.53..16014.54 rows=1 width=128) (actual time=402.770..402.770 rows=1 loops=1)
  ->  Nested Loop  (cost=3.57..16014.52 rows=1 width=80) (actual time=3.303..402.055 rows=1273 loops=1)
        Join Filter: (mi.movie_id = t.id)
        ->  Nested Loop  (cost=3.14..16013.38 rows=1 width=83) (actual time=3.294..399.072 rows=1273 loops=1)
              ->  Nested Loop  (cost=2.71..16012.04 rows=1 width=72) (actual time=3.133..394.854 rows=1556 loops=1)
                    Join Filter: (mi.info_type_id = it1.id)
                    Rows Removed by Join Filter: 60
                    ->  Nested Loop  (cost=2.71..16009.62 rows=1 width=76) (actual time=3.127..391.733 rows=1616 loops=1)
                          Join Filter: (mi_idx.movie_id = mi.movie_id)
                          ->  Nested Loop  (cost=2.27..15986.73 rows=1 width=26) (actual time=0.780..331.695 rows=1471 loops=1)
                                Join Filter: (mi_idx.movie_id = ci.movie_id)
                                ->  Nested Loop  (cost=1.71..15954.56 rows=1 width=18) (actual time=0.732..216.957 rows=1547 loops=1)
                                      ->  Nested Loop  (cost=1.29..15534.83 rows=431 width=22) (actual time=0.565..63.455 rows=72391 loops=1)
                                            ->  Nested Loop  (cost=0.86..15425.70 rows=44 width=14) (actual time=0.557..31.049 rows=1449 loops=1)
                                                  Join Filter: (mi_idx.info_type_id = it2.id)
                                                  Rows Removed by Join Filter: 2921
                                                  ->  Seq Scan on info_type it2  (cost=0.00..2.41 rows=1 width=4) (actual time=0.015..0.018 rows=1 loops=1)
                                                        Filter: ((info)::text = 'votes'::text)
                                                        Rows Removed by Filter: 112
                                                  ->  Nested Loop  (cost=0.86..15360.80 rows=4999 width=18) (actual time=0.540..30.453 rows=4370 loops=1)
                                                        ->  Nested Loop  (cost=0.43..13358.86 rows=1814 width=4) (actual time=0.532..23.549 rows=1814 loops=1)
                                                              ->  Seq Scan on company_name cn  (cost=0.00..5932.46 rows=23 width=4) (actual time=0.477..21.522 rows=10 loops=1)
                                                                    Filter: (name ~~ 'Lionsgate%'::text)
                                                                    Rows Removed by Filter: 234987
                                                              ->  Index Scan using company_id_movie_companies on movie_companies mc  (cost=0.43..321.57 rows=132 width=8) (actual time=0.018..0.168 rows=181 loops=10)
                                                                    Index Cond: (company_id = cn.id)
                                                        ->  Index Scan using movie_id_movie_info_idx on movie_info_idx mi_idx  (cost=0.43..1.07 rows=3 width=14) (actual time=0.003..0.003 rows=2 loops=1814)
                                                              Index Cond: (movie_id = mc.movie_id)
                                            ->  Index Scan using movie_id_movie_keyword on movie_keyword mk  (cost=0.43..2.02 rows=46 width=8) (actual time=0.004..0.014 rows=50 loops=1449)
                                                  Index Cond: (movie_id = mi_idx.movie_id)
                                      ->  Index Scan using keyword_pkey on keyword k  (cost=0.42..0.97 rows=1 width=4) (actual time=0.002..0.002 rows=0 loops=72391)
                                            Index Cond: (id = mk.keyword_id)
                                            Filter: (keyword = ANY ('{murder,violence,blood,gore,death,female-nudity,hospital}'::text[]))
                                            Rows Removed by Filter: 1
                                ->  Index Scan using movie_id_cast_info on cast_info ci  (cost=0.56..32.16 rows=1 width=8) (actual time=0.052..0.074 rows=1 loops=1547)
                                      Index Cond: (movie_id = mk.movie_id)
                                      Filter: (note = ANY ('{(writer),"(head writer)","(written by)",(story),"(story editor)"}'::text[]))
                                      Rows Removed by Filter: 119
                          ->  Index Scan using movie_id_movie_info on movie_info mi  (cost=0.43..22.88 rows=1 width=50) (actual time=0.040..0.040 rows=1 loops=1471)
                                Index Cond: (movie_id = mk.movie_id)
                                Filter: (info = ANY ('{Horror,Thriller}'::text[]))
                                Rows Removed by Filter: 173
                    ->  Seq Scan on info_type it1  (cost=0.00..2.41 rows=1 width=4) (actual time=0.001..0.001 rows=1 loops=1616)
                          Filter: ((info)::text = 'genres'::text)
                          Rows Removed by Filter: 6
              ->  Index Scan using name_pkey on name n  (cost=0.43..1.34 rows=1 width=19) (actual time=0.002..0.002 rows=1 loops=1556)
                    Index Cond: (id = ci.person_id)
                    Filter: ((gender)::text = 'm'::text)
                    Rows Removed by Filter: 0
        ->  Index Scan using title_pkey on title t  (cost=0.43..1.13 rows=1 width=21) (actual time=0.002..0.002 rows=1 loops=1273)
              Index Cond: (id = mk.movie_id)
Planning time: 28.586 ms
Execution time: 402.875 ms
