Aggregate  (cost=57241.47..57241.48 rows=1 width=128) (actual time=343.482..343.483 rows=1 loops=1)
  ->  Nested Loop  (cost=3467.93..57241.46 rows=1 width=80) (actual time=21.553..342.105 rows=2825 loops=1)
        Join Filter: (mi.movie_id = t.id)
        ->  Nested Loop  (cost=3467.50..57240.32 rows=1 width=83) (actual time=21.541..336.548 rows=2825 loops=1)
              ->  Nested Loop  (cost=3467.07..57238.98 rows=1 width=72) (actual time=21.531..330.115 rows=2825 loops=1)
                    Join Filter: (mi.movie_id = ci.movie_id)
                    ->  Hash Join  (cost=3466.50..57045.97 rows=6 width=64) (actual time=21.484..152.384 rows=2840 loops=1)
                          Hash Cond: (mk.keyword_id = k.id)
                          ->  Nested Loop  (cost=1.73..52186.95 rows=110436 width=68) (actual time=0.560..120.586 rows=110436 loops=1)
                                Join Filter: (mi.movie_id = mk.movie_id)
                                ->  Nested Loop  (cost=1.29..49029.48 rows=1235 width=60) (actual time=0.551..77.395 rows=1235 loops=1)
                                      Join Filter: (mi.info_type_id = it1.id)
                                      Rows Removed by Join Filter: 60
                                      ->  Seq Scan on info_type it1  (cost=0.00..2.41 rows=1 width=4) (actual time=0.009..0.016 rows=1 loops=1)
                                            Filter: ((info)::text = 'genres'::text)
                                            Rows Removed by Filter: 112
                                      ->  Nested Loop  (cost=1.29..49010.88 rows=1295 width=64) (actual time=0.541..77.099 rows=1295 loops=1)
                                            Join Filter: (mi_idx.movie_id = mi.movie_id)
                                            ->  Nested Loop  (cost=0.86..15417.83 rows=1449 width=14) (actual time=0.515..30.881 rows=1449 loops=1)
                                                  Join Filter: (mi_idx.info_type_id = it2.id)
                                                  Rows Removed by Join Filter: 2921
                                                  ->  Seq Scan on info_type it2  (cost=0.00..2.41 rows=1 width=4) (actual time=0.008..0.011 rows=1 loops=1)
                                                        Filter: ((info)::text = 'votes'::text)
                                                        Rows Removed by Filter: 112
                                                  ->  Nested Loop  (cost=0.86..15360.80 rows=4370 width=18) (actual time=0.505..30.305 rows=4370 loops=1)
                                                        ->  Nested Loop  (cost=0.43..13358.86 rows=1814 width=4) (actual time=0.497..23.610 rows=1814 loops=1)
                                                              ->  Seq Scan on company_name cn  (cost=0.00..5932.46 rows=23 width=4) (actual time=0.481..21.788 rows=10 loops=1)
                                                                    Filter: (name ~~ 'Lionsgate%'::text)
                                                                    Rows Removed by Filter: 234987
                                                              ->  Index Scan using company_id_movie_companies on movie_companies mc  (cost=0.43..321.57 rows=132 width=8) (actual time=0.009..0.149 rows=181 loops=10)
                                                                    Index Cond: (company_id = cn.id)
                                                        ->  Index Scan using movie_id_movie_info_idx on movie_info_idx mi_idx  (cost=0.43..1.07 rows=3 width=14) (actual time=0.003..0.003 rows=2 loops=1814)
                                                              Index Cond: (movie_id = mc.movie_id)
                                            ->  Index Scan using movie_id_movie_info on movie_info mi  (cost=0.43..23.17 rows=1 width=50) (actual time=0.031..0.031 rows=1 loops=1449)
                                                  Index Cond: (movie_id = mc.movie_id)
                                                  Filter: (info = ANY ('{Horror,Action,Sci-Fi,Thriller,Crime,War}'::text[]))
                                                  Rows Removed by Filter: 75
                                ->  Index Scan using movie_id_movie_keyword on movie_keyword mk  (cost=0.43..1.98 rows=46 width=8) (actual time=0.004..0.017 rows=89 loops=1235)
                                      Index Cond: (movie_id = mc.movie_id)
                          ->  Hash  (cost=3464.69..3464.69 rows=7 width=4) (actual time=20.766..20.766 rows=7 loops=1)
                                Buckets: 1024  Batches: 1  Memory Usage: 9kB
                                ->  Seq Scan on keyword k  (cost=0.00..3464.69 rows=7 width=4) (actual time=0.641..20.763 rows=7 loops=1)
                                      Filter: (keyword = ANY ('{murder,violence,blood,gore,death,female-nudity,hospital}'::text[]))
                                      Rows Removed by Filter: 134163
                    ->  Index Scan using movie_id_cast_info on cast_info ci  (cost=0.56..32.16 rows=1 width=8) (actual time=0.043..0.062 rows=1 loops=2840)
                          Index Cond: (movie_id = mk.movie_id)
                          Filter: (note = ANY ('{(writer),"(head writer)","(written by)",(story),"(story editor)"}'::text[]))
                          Rows Removed by Filter: 126
              ->  Index Scan using name_pkey on name n  (cost=0.43..1.34 rows=1 width=19) (actual time=0.002..0.002 rows=1 loops=2825)
                    Index Cond: (id = ci.person_id)
        ->  Index Scan using title_pkey on title t  (cost=0.43..1.13 rows=1 width=21) (actual time=0.002..0.002 rows=1 loops=2825)
              Index Cond: (id = mk.movie_id)
Planning time: 28.617 ms
Execution time: 343.591 ms
