Aggregate  (cost=97584.33..97584.34 rows=1 width=96) (actual time=8.425..8.425 rows=1 loops=1)
  ->  Hash Join  (cost=92893.88..97359.36 rows=29997 width=46) (actual time=8.423..8.423 rows=0 loops=1)
        Hash Cond: (ml.linked_movie_id = t2.id)
        ->  Hash Join  (cost=8.86..4095.62 rows=29997 width=33) (actual time=8.423..8.423 rows=0 loops=1)
              Hash Cond: (ml.link_type_id = lt.id)
              ->  Nested Loop  (cost=7.46..3730.29 rows=29997 width=25) (actual time=8.409..8.409 rows=0 loops=1)
                    ->  Nested Loop  (cost=7.17..3729.87 rows=1 width=25) (actual time=8.225..8.404 rows=1 loops=1)
                          ->  Nested Loop  (cost=6.74..3729.38 rows=1 width=4) (actual time=8.214..8.392 rows=1 loops=1)
                                ->  Seq Scan on keyword k  (cost=0.00..2626.12 rows=1 width=4) (actual time=8.195..8.373 rows=1 loops=1)
                                      Filter: (keyword = '10,000-mile-club'::text)
                                      Rows Removed by Filter: 134169
                                ->  Bitmap Heap Scan on movie_keyword mk  (cost=6.74..1100.27 rows=298 width=8) (actual time=0.013..0.014 rows=1 loops=1)
                                      Recheck Cond: (keyword_id = k.id)
                                      Heap Blocks: exact=1
                                      ->  Bitmap Index Scan on keyword_id_movie_keyword  (cost=0.00..6.67 rows=298 width=0) (actual time=0.009..0.009 rows=1 loops=1)
                                            Index Cond: (keyword_id = k.id)
                          ->  Index Scan using title_pkey on title t1  (cost=0.43..0.49 rows=1 width=21) (actual time=0.009..0.009 rows=1 loops=1)
                                Index Cond: (id = mk.movie_id)
                    ->  Index Scan using movie_id_movie_link on movie_link ml  (cost=0.29..0.38 rows=5 width=12) (actual time=0.004..0.004 rows=0 loops=1)
                          Index Cond: (movie_id = t1.id)
              ->  Hash  (cost=1.18..1.18 rows=18 width=16) (actual time=0.010..0.010 rows=18 loops=1)
                    Buckets: 1024  Batches: 1  Memory Usage: 9kB
                    ->  Seq Scan on link_type lt  (cost=0.00..1.18 rows=18 width=16) (actual time=0.002..0.005 rows=18 loops=1)
        ->  Hash  (cost=61281.12..61281.12 rows=2528312 width=21) (never executed)
              ->  Seq Scan on title t2  (cost=0.00..61281.12 rows=2528312 width=21) (never executed)
Planning time: 1.032 ms
Execution time: 8.470 ms
