Aggregate  (cost=9521040.52..9521040.53 rows=1 width=96) (actual time=1309.722..1309.722 rows=1 loops=1)
  ->  Hash Join  (cost=97139.56..107981.92 rows=1255074480 width=46) (actual time=1148.338..1308.230 rows=4388 loops=1)
        Hash Cond: (t1.id = mk.movie_id)
        ->  Hash Join  (cost=92887.18..103237.13 rows=29997 width=54) (actual time=1096.217..1255.728 rows=29997 loops=1)
              Hash Cond: (ml.linked_movie_id = t2.id)
              ->  Hash Join  (cost=2.16..9973.40 rows=29997 width=41) (actual time=0.061..146.422 rows=29997 loops=1)
                    Hash Cond: (ml.link_type_id = lt.id)
                    ->  Merge Join  (cost=0.75..9608.07 rows=29997 width=33) (actual time=0.035..138.806 rows=29997 loops=1)
                          Merge Cond: (ml.movie_id = t1.id)
                          ->  Index Scan using movie_id_movie_link on movie_link ml  (cost=0.29..959.51 rows=29997 width=12) (actual time=0.013..5.617 rows=29997 loops=1)
                          ->  Index Scan using title_pkey on title t1  (cost=0.43..110298.67 rows=2528312 width=21) (actual time=0.006..106.519 rows=186175 loops=1)
                    ->  Hash  (cost=1.18..1.18 rows=18 width=16) (actual time=0.014..0.014 rows=18 loops=1)
                          Buckets: 1024  Batches: 1  Memory Usage: 9kB
                          ->  Seq Scan on link_type lt  (cost=0.00..1.18 rows=18 width=16) (actual time=0.006..0.009 rows=18 loops=1)
              ->  Hash  (cost=61281.12..61281.12 rows=2528312 width=21) (actual time=1087.725..1087.725 rows=2528312 loops=1)
                    Buckets: 4194304  Batches: 1  Memory Usage: 168637kB
                    ->  Seq Scan on title t2  (cost=0.00..61281.12 rows=2528312 width=21) (actual time=0.006..409.365 rows=2528312 loops=1)
        ->  Hash  (cost=3729.38..3729.38 rows=41840 width=4) (actual time=47.887..47.887 rows=41840 loops=1)
              Buckets: 65536  Batches: 1  Memory Usage: 1983kB
              ->  Nested Loop  (cost=6.74..3729.38 rows=41840 width=4) (actual time=4.291..40.723 rows=41840 loops=1)
                    ->  Seq Scan on keyword k  (cost=0.00..2626.12 rows=1 width=4) (actual time=0.396..8.443 rows=1 loops=1)
                          Filter: (keyword = 'character-name-in-title'::text)
                          Rows Removed by Filter: 134169
                    ->  Bitmap Heap Scan on movie_keyword mk  (cost=6.74..1100.27 rows=298 width=8) (actual time=3.893..25.366 rows=41840 loops=1)
                          Recheck Cond: (keyword_id = k.id)
                          Heap Blocks: exact=11541
                          ->  Bitmap Index Scan on keyword_id_movie_keyword  (cost=0.00..6.67 rows=298 width=0) (actual time=2.419..2.419 rows=41840 loops=1)
                                Index Cond: (keyword_id = k.id)
Planning time: 1.056 ms
Execution time: 1310.506 ms
