Aggregate  (cost=3797.17..3797.18 rows=1 width=96) (actual time=106.113..106.113 rows=1 loops=1)
  ->  Nested Loop  (cost=7.89..3797.09 rows=10 width=46) (actual time=4.333..104.570 rows=4388 loops=1)
        ->  Nested Loop  (cost=7.46..3752.39 rows=10 width=33) (actual time=4.326..90.879 rows=4388 loops=1)
              ->  Nested Loop  (cost=7.03..3747.52 rows=10 width=24) (actual time=4.319..83.451 rows=4388 loops=1)
                    Join Filter: (ml.link_type_id = lt.id)
                    Rows Removed by Join Filter: 30206
                    ->  Nested Loop  (cost=7.03..3743.84 rows=10 width=16) (actual time=4.307..76.885 rows=4388 loops=1)
                          ->  Nested Loop  (cost=6.74..3729.38 rows=34 width=4) (actual time=4.252..39.106 rows=41840 loops=1)
                                ->  Seq Scan on keyword k  (cost=0.00..2626.12 rows=1 width=4) (actual time=0.399..8.533 rows=1 loops=1)
                                      Filter: (keyword = 'character-name-in-title'::text)
                                      Rows Removed by Filter: 134169
                                ->  Bitmap Heap Scan on movie_keyword mk  (cost=6.74..1100.27 rows=298 width=8) (actual time=3.851..24.536 rows=41840 loops=1)
                                      Recheck Cond: (keyword_id = k.id)
                                      Heap Blocks: exact=11541
                                      ->  Bitmap Index Scan on keyword_id_movie_keyword  (cost=0.00..6.67 rows=298 width=0) (actual time=2.387..2.387 rows=41840 loops=1)
                                            Index Cond: (keyword_id = k.id)
                          ->  Index Scan using movie_id_movie_link on movie_link ml  (cost=0.29..0.38 rows=5 width=12) (actual time=0.001..0.001 rows=0 loops=41840)
                                Index Cond: (movie_id = mk.movie_id)
                    ->  Materialize  (cost=0.00..1.27 rows=18 width=16) (actual time=0.000..0.001 rows=8 loops=4388)
                          ->  Seq Scan on link_type lt  (cost=0.00..1.18 rows=18 width=16) (actual time=0.003..0.007 rows=17 loops=1)
              ->  Index Scan using title_pkey on title t1  (cost=0.43..0.49 rows=1 width=21) (actual time=0.001..0.001 rows=1 loops=4388)
                    Index Cond: (id = mk.movie_id)
        ->  Index Scan using title_pkey on title t2  (cost=0.43..4.47 rows=1 width=21) (actual time=0.003..0.003 rows=1 loops=4388)
              Index Cond: (id = ml.linked_movie_id)
Planning time: 1.132 ms
Execution time: 106.171 ms
