Aggregate  (cost=33576.92..33576.93 rows=1 width=96) (actual time=207.650..207.650 rows=1 loops=1)
  ->  Nested Loop  (cost=9991.61..33544.01 rows=4388 width=46) (actual time=148.047..206.184 rows=4388 loops=1)
        ->  Hash Join  (cost=9991.18..13928.91 rows=4388 width=33) (actual time=148.033..192.304 rows=4388 loops=1)
              Hash Cond: (ml.link_type_id = lt.id)
              ->  Hash Join  (cost=9989.77..13874.27 rows=4388 width=25) (actual time=148.018..191.276 rows=4388 loops=1)
                    Hash Cond: (mk.movie_id = t1.id)
                    ->  Nested Loop  (cost=6.74..3729.38 rows=41840 width=4) (actual time=4.329..39.709 rows=41840 loops=1)
                          ->  Seq Scan on keyword k  (cost=0.00..2626.12 rows=1 width=4) (actual time=0.392..8.414 rows=1 loops=1)
                                Filter: (keyword = 'character-name-in-title'::text)
                                Rows Removed by Filter: 134169
                          ->  Bitmap Heap Scan on movie_keyword mk  (cost=6.74..1100.27 rows=298 width=8) (actual time=3.935..24.988 rows=41840 loops=1)
                                Recheck Cond: (keyword_id = k.id)
                                Heap Blocks: exact=11541
                                ->  Bitmap Index Scan on keyword_id_movie_keyword  (cost=0.00..6.67 rows=298 width=0) (actual time=2.433..2.433 rows=41840 loops=1)
                                      Index Cond: (keyword_id = k.id)
                    ->  Hash  (cost=9608.07..9608.07 rows=29997 width=33) (actual time=143.644..143.644 rows=29997 loops=1)
                          Buckets: 32768  Batches: 1  Memory Usage: 2307kB
                          ->  Merge Join  (cost=0.75..9608.07 rows=29997 width=33) (actual time=0.030..137.389 rows=29997 loops=1)
                                Merge Cond: (ml.movie_id = t1.id)
                                ->  Index Scan using movie_id_movie_link on movie_link ml  (cost=0.29..959.51 rows=29997 width=12) (actual time=0.020..5.527 rows=29997 loops=1)
                                ->  Index Scan using title_pkey on title t1  (cost=0.43..110298.67 rows=2528312 width=21) (actual time=0.005..104.974 rows=186175 loops=1)
              ->  Hash  (cost=1.18..1.18 rows=18 width=16) (actual time=0.010..0.010 rows=18 loops=1)
                    Buckets: 1024  Batches: 1  Memory Usage: 9kB
                    ->  Seq Scan on link_type lt  (cost=0.00..1.18 rows=18 width=16) (actual time=0.002..0.005 rows=18 loops=1)
        ->  Index Scan using title_pkey on title t2  (cost=0.43..4.47 rows=1 width=21) (actual time=0.003..0.003 rows=1 loops=4388)
              Index Cond: (id = ml.linked_movie_id)
Planning time: 1.144 ms
Execution time: 207.723 ms
