Aggregate  (cost=4315.99..4316.00 rows=1 width=192) (actual time=54.596..54.596 rows=1 loops=1)
  ->  Nested Loop  (cost=745.80..4315.97 rows=1 width=84) (actual time=9.400..54.581 rows=8 loops=1)
        Join Filter: ((t2.id = mi_idx2.movie_id) AND (it2.id = mi_idx2.info_type_id))
        Rows Removed by Join Filter: 807
        ->  Nested Loop  (cost=745.37..4315.45 rows=1 width=94) (actual time=2.447..53.367 rows=465 loops=1)
              ->  Nested Loop  (cost=745.24..4314.68 rows=5 width=98) (actual time=2.444..52.842 rows=465 loops=1)
                    Join Filter: (ml.movie_id = t1.id)
                    ->  Nested Loop  (cost=744.81..4312.04 rows=5 width=89) (actual time=2.439..51.993 rows=465 loops=1)
                          ->  Nested Loop  (cost=744.39..4309.82 rows=5 width=74) (actual time=2.437..51.049 rows=465 loops=1)
                                ->  Nested Loop  (cost=743.96..4305.83 rows=5 width=66) (actual time=2.433..50.698 rows=58 loops=1)
                                      Join Filter: (kt2.id = t2.kind_id)
                                      Rows Removed by Join Filter: 89
                                      ->  Nested Loop  (cost=743.96..4304.17 rows=38 width=70) (actual time=1.507..50.635 rows=147 loops=1)
                                            ->  Nested Loop  (cost=743.53..3350.96 rows=213 width=45) (actual time=1.500..45.992 rows=2083 loops=1)
                                                  ->  Index Scan using info_type_pkey on info_type it2  (cost=0.14..14.12 rows=1 width=4) (actual time=0.018..0.021 rows=1 loops=1)
                                                        Filter: ((info)::text = 'rating'::text)
                                                        Rows Removed by Filter: 112
                                                  ->  Nested Loop  (cost=743.39..3334.71 rows=213 width=41) (actual time=1.481..45.588 rows=2083 loops=1)
                                                        ->  Nested Loop  (cost=742.97..3073.42 rows=586 width=26) (actual time=1.449..28.764 rows=9674 loops=1)
                                                              Join Filter: (ml.movie_id = mc1.movie_id)
                                                              ->  Nested Loop  (cost=742.54..3033.45 rows=61 width=18) (actual time=1.443..21.066 rows=2064 loops=1)
                                                                    Join Filter: (mi_idx1.info_type_id = it1.id)
                                                                    Rows Removed by Join Filter: 4128
                                                                    ->  Merge Join  (cost=742.54..2927.54 rows=6900 width=22) (actual time=1.427..18.802 rows=6192 loops=1)
                                                                          Merge Cond: (mi_idx1.movie_id = ml.movie_id)
                                                                          ->  Index Scan using movie_id_movie_info_idx on movie_info_idx mi_idx1  (cost=0.43..43804.18 rows=1380035 width=14) (actual time=0.005..9.674 rows=63901 loops=1)
                                                                          ->  Sort  (cost=742.10..747.89 rows=2315 width=8) (actual time=1.395..1.901 rows=6443 loops=1)
                                                                                Sort Key: ml.movie_id
                                                                                Sort Method: quicksort  Memory: 205kB
                                                                                ->  Nested Loop  (cost=37.49..612.73 rows=2315 width=8) (actual time=0.062..0.988 rows=2315 loops=1)
                                                                                      ->  Seq Scan on link_type lt  (cost=0.00..1.25 rows=3 width=4) (actual time=0.004..0.007 rows=2 loops=1)
                                                                                            Filter: ((link)::text = ANY ('{sequel,follows,"followed by"}'::text[]))
                                                                                            Rows Removed by Filter: 16
                                                                                      ->  Bitmap Heap Scan on movie_link ml  (cost=37.49..185.08 rows=1875 width=12) (actual time=0.059..0.304 rows=1158 loops=2)
                                                                                            Recheck Cond: (link_type_id = lt.id)
                                                                                            Heap Blocks: exact=191
                                                                                            ->  Bitmap Index Scan on link_type_id_movie_link  (cost=0.00..37.02 rows=1875 width=0) (actual time=0.047..0.047 rows=1158 loops=2)
                                                                                                  Index Cond: (link_type_id = lt.id)
                                                                    ->  Materialize  (cost=0.00..2.42 rows=1 width=4) (actual time=0.000..0.000 rows=1 loops=6192)
                                                                          ->  Seq Scan on info_type it1  (cost=0.00..2.41 rows=1 width=4) (actual time=0.008..0.009 rows=1 loops=1)
                                                                                Filter: ((info)::text = 'rating'::text)
                                                                                Rows Removed by Filter: 112
                                                              ->  Index Scan using movie_id_movie_companies on movie_companies mc1  (cost=0.43..0.59 rows=5 width=8) (actual time=0.002..0.003 rows=5 loops=2064)
                                                                    Index Cond: (movie_id = mi_idx1.movie_id)
                                                        ->  Index Scan using company_name_pkey on company_name cn1  (cost=0.42..0.45 rows=1 width=23) (actual time=0.001..0.001 rows=0 loops=9674)
                                                              Index Cond: (id = mc1.company_id)
                                                              Filter: ((country_code)::text = '[us]'::text)
                                                              Rows Removed by Filter: 1
                                            ->  Index Scan using title_pkey on title t2  (cost=0.43..4.48 rows=1 width=25) (actual time=0.002..0.002 rows=0 loops=2083)
                                                  Index Cond: (id = ml.linked_movie_id)
                                                  Filter: ((production_year >= 2005) AND (production_year <= 2008))
                                                  Rows Removed by Filter: 1
                                      ->  Materialize  (cost=0.00..1.09 rows=1 width=4) (actual time=0.000..0.000 rows=1 loops=147)
                                            ->  Seq Scan on kind_type kt2  (cost=0.00..1.09 rows=1 width=4) (actual time=0.003..0.003 rows=1 loops=1)
                                                  Filter: ((kind)::text = 'tv series'::text)
                                                  Rows Removed by Filter: 6
                                ->  Index Scan using movie_id_movie_companies on movie_companies mc2  (cost=0.43..0.75 rows=5 width=8) (actual time=0.002..0.004 rows=8 loops=58)
                                      Index Cond: (movie_id = t2.id)
                          ->  Index Scan using company_name_pkey on company_name cn2  (cost=0.42..0.44 rows=1 width=23) (actual time=0.002..0.002 rows=1 loops=465)
                                Index Cond: (id = mc2.company_id)
                    ->  Index Scan using title_pkey on title t1  (cost=0.43..0.52 rows=1 width=25) (actual time=0.001..0.001 rows=1 loops=465)
                          Index Cond: (id = mc1.movie_id)
              ->  Index Scan using kind_type_pkey on kind_type kt1  (cost=0.13..0.15 rows=1 width=4) (actual time=0.001..0.001 rows=1 loops=465)
                    Index Cond: (id = t1.kind_id)
                    Filter: ((kind)::text = 'tv series'::text)
        ->  Index Scan using movie_id_movie_info_idx on movie_info_idx mi_idx2  (cost=0.43..0.51 rows=1 width=14) (actual time=0.002..0.002 rows=2 loops=465)
              Index Cond: (movie_id = mc2.movie_id)
              Filter: (info < '3.0'::text)
              Rows Removed by Filter: 1
Planning time: 61.173 ms
Execution time: 54.706 ms
