Aggregate  (cost=5667.55..5667.56 rows=1 width=192) (actual time=36.344..36.344 rows=1 loops=1)
  ->  Nested Loop  (cost=745.80..5667.54 rows=1 width=84) (actual time=7.003..36.330 rows=8 loops=1)
        ->  Nested Loop  (cost=745.66..5667.36 rows=1 width=88) (actual time=2.285..35.449 rows=815 loops=1)
              ->  Nested Loop  (cost=745.24..5666.91 rows=1 width=73) (actual time=2.282..33.949 rows=815 loops=1)
                    ->  Nested Loop  (cost=745.11..5666.14 rows=5 width=77) (actual time=1.517..32.358 rows=1524 loops=1)
                          Join Filter: (t2.id = mc2.movie_id)
                          ->  Nested Loop  (cost=744.68..5662.45 rows=5 width=85) (actual time=1.510..31.228 rows=211 loops=1)
                                ->  Nested Loop  (cost=744.25..5650.42 rows=20 width=71) (actual time=1.502..30.765 rows=131 loops=1)
                                      ->  Nested Loop  (cost=743.83..5625.90 rows=55 width=56) (actual time=1.473..29.577 rows=553 loops=1)
                                            ->  Nested Loop  (cost=743.40..5593.65 rows=53 width=64) (actual time=1.468..29.051 rows=102 loops=1)
                                                  ->  Nested Loop  (cost=742.97..4273.47 rows=295 width=39) (actual time=1.460..25.589 rows=1220 loops=1)
                                                        Join Filter: (kt1.id = t1.kind_id)
                                                        Rows Removed by Join Filter: 844
                                                        ->  Nested Loop  (cost=742.97..4241.42 rows=2064 width=43) (actual time=1.457..24.828 rows=2064 loops=1)
                                                              Join Filter: (ml.movie_id = t1.id)
                                                              ->  Nested Loop  (cost=742.54..3022.83 rows=2064 width=18) (actual time=1.450..20.938 rows=2064 loops=1)
                                                                    Join Filter: (mi_idx1.info_type_id = it1.id)
                                                                    Rows Removed by Join Filter: 4128
                                                                    ->  Merge Join  (cost=742.54..2927.54 rows=6192 width=22) (actual time=1.431..18.755 rows=6192 loops=1)
                                                                          Merge Cond: (mi_idx1.movie_id = ml.movie_id)
                                                                          ->  Index Scan using movie_id_movie_info_idx on movie_info_idx mi_idx1  (cost=0.43..43804.18 rows=1380035 width=14) (actual time=0.006..9.666 rows=63901 loops=1)
                                                                          ->  Sort  (cost=742.10..747.89 rows=2315 width=8) (actual time=1.397..1.881 rows=6443 loops=1)
                                                                                Sort Key: ml.movie_id
                                                                                Sort Method: quicksort  Memory: 205kB
                                                                                ->  Nested Loop  (cost=37.49..612.73 rows=2315 width=8) (actual time=0.064..0.991 rows=2315 loops=1)
                                                                                      ->  Seq Scan on link_type lt  (cost=0.00..1.25 rows=3 width=4) (actual time=0.004..0.007 rows=2 loops=1)
                                                                                            Filter: ((link)::text = ANY ('{sequel,follows,"followed by"}'::text[]))
                                                                                            Rows Removed by Filter: 16
                                                                                      ->  Bitmap Heap Scan on movie_link ml  (cost=37.49..185.08 rows=1875 width=12) (actual time=0.055..0.299 rows=1158 loops=2)
                                                                                            Recheck Cond: (link_type_id = lt.id)
                                                                                            Heap Blocks: exact=191
                                                                                            ->  Bitmap Index Scan on link_type_id_movie_link  (cost=0.00..37.02 rows=1875 width=0) (actual time=0.043..0.043 rows=1158 loops=2)
                                                                                                  Index Cond: (link_type_id = lt.id)
                                                                    ->  Materialize  (cost=0.00..2.42 rows=1 width=4) (actual time=0.000..0.000 rows=1 loops=6192)
                                                                          ->  Seq Scan on info_type it1  (cost=0.00..2.41 rows=1 width=4) (actual time=0.010..0.011 rows=1 loops=1)
                                                                                Filter: ((info)::text = 'rating'::text)
                                                                                Rows Removed by Filter: 112
                                                              ->  Index Scan using title_pkey on title t1  (cost=0.43..0.58 rows=1 width=25) (actual time=0.001..0.001 rows=1 loops=2064)
                                                                    Index Cond: (id = mi_idx1.movie_id)
                                                        ->  Materialize  (cost=0.00..1.09 rows=1 width=4) (actual time=0.000..0.000 rows=1 loops=2064)
                                                              ->  Seq Scan on kind_type kt1  (cost=0.00..1.09 rows=1 width=4) (actual time=0.002..0.003 rows=1 loops=1)
                                                                    Filter: ((kind)::text = 'tv series'::text)
                                                                    Rows Removed by Filter: 6
                                                  ->  Index Scan using title_pkey on title t2  (cost=0.43..4.48 rows=1 width=25) (actual time=0.003..0.003 rows=0 loops=1220)
                                                        Index Cond: (id = ml.linked_movie_id)
                                                        Filter: ((production_year >= 2005) AND (production_year <= 2008))
                                                        Rows Removed by Filter: 1
                                            ->  Index Scan using movie_id_movie_companies on movie_companies mc1  (cost=0.43..0.56 rows=5 width=8) (actual time=0.002..0.004 rows=5 loops=102)
                                                  Index Cond: (movie_id = t1.id)
                                      ->  Index Scan using company_name_pkey on company_name cn1  (cost=0.42..0.45 rows=1 width=23) (actual time=0.002..0.002 rows=0 loops=553)
                                            Index Cond: (id = mc1.company_id)
                                            Filter: ((country_code)::text = '[us]'::text)
                                            Rows Removed by Filter: 1
                                ->  Index Scan using movie_id_movie_info_idx on movie_info_idx mi_idx2  (cost=0.43..0.59 rows=1 width=14) (actual time=0.002..0.003 rows=2 loops=131)
                                      Index Cond: (movie_id = t2.id)
                                      Filter: (info < '3.0'::text)
                                      Rows Removed by Filter: 1
                          ->  Index Scan using movie_id_movie_companies on movie_companies mc2  (cost=0.43..0.68 rows=5 width=8) (actual time=0.002..0.003 rows=7 loops=211)
                                Index Cond: (movie_id = mi_idx2.movie_id)
                    ->  Index Scan using kind_type_pkey on kind_type kt2  (cost=0.13..0.15 rows=1 width=4) (actual time=0.001..0.001 rows=1 loops=1524)
                          Index Cond: (id = t2.kind_id)
                          Filter: ((kind)::text = 'tv series'::text)
                          Rows Removed by Filter: 0
              ->  Index Scan using company_name_pkey on company_name cn2  (cost=0.42..0.44 rows=1 width=23) (actual time=0.001..0.001 rows=1 loops=815)
                    Index Cond: (id = mc2.company_id)
        ->  Index Scan using info_type_pkey on info_type it2  (cost=0.14..0.16 rows=1 width=4) (actual time=0.001..0.001 rows=0 loops=815)
              Index Cond: (id = mi_idx2.info_type_id)
              Filter: ((info)::text = 'rating'::text)
              Rows Removed by Filter: 1
Planning time: 61.428 ms
Execution time: 36.452 ms
