Aggregate  (cost=5541.80..5541.81 rows=1 width=192) (actual time=8.848..8.848 rows=1 loops=1)
  ->  Nested Loop  (cost=41.17..5541.79 rows=1 width=84) (actual time=0.861..8.836 rows=8 loops=1)
        ->  Nested Loop  (cost=40.75..5541.34 rows=1 width=69) (actual time=0.837..8.772 rows=28 loops=1)
              Join Filter: (mi_idx1.info_type_id = it1.id)
              Rows Removed by Join Filter: 56
              ->  Seq Scan on info_type it1  (cost=0.00..2.41 rows=1 width=4) (actual time=0.011..0.012 rows=1 loops=1)
                    Filter: ((info)::text = 'rating'::text)
                    Rows Removed by Filter: 112
              ->  Nested Loop  (cost=40.75..5538.39 rows=43 width=73) (actual time=0.741..8.746 rows=84 loops=1)
                    ->  Nested Loop  (cost=40.33..5519.33 rows=43 width=58) (actual time=0.735..8.567 rows=84 loops=1)
                          Join Filter: (t2.id = mc2.movie_id)
                          ->  Nested Loop  (cost=39.90..5488.32 rows=42 width=66) (actual time=0.730..8.441 rows=42 loops=1)
                                ->  Nested Loop  (cost=39.47..5479.19 rows=15 width=74) (actual time=0.724..8.377 rows=15 loops=1)
                                      ->  Nested Loop  (cost=39.04..5476.02 rows=6 width=60) (actual time=0.719..8.352 rows=6 loops=1)
                                            ->  Nested Loop  (cost=38.91..5475.10 rows=6 width=64) (actual time=0.717..8.343 rows=6 loops=1)
                                                  ->  Nested Loop  (cost=38.48..5448.27 rows=6 width=39) (actual time=0.712..8.316 rows=6 loops=1)
                                                        ->  Nested Loop  (cost=38.34..5447.35 rows=6 width=43) (actual time=0.709..8.302 rows=6 loops=1)
                                                              Join Filter: (ml.linked_movie_id = t2.id)
                                                              ->  Nested Loop  (cost=37.91..5422.21 rows=34 width=18) (actual time=0.703..8.153 rows=34 loops=1)
                                                                    Join Filter: (it2.id = mi_idx2.info_type_id)
                                                                    Rows Removed by Join Filter: 2910
                                                                    ->  Seq Scan on info_type it2  (cost=0.00..2.41 rows=1 width=4) (actual time=0.007..0.008 rows=1 loops=1)
                                                                          Filter: ((info)::text = 'rating'::text)
                                                                          Rows Removed by Filter: 112
                                                                    ->  Nested Loop  (cost=37.91..5382.99 rows=2944 width=22) (actual time=0.070..7.880 rows=2944 loops=1)
                                                                          ->  Nested Loop  (cost=37.49..612.73 rows=2315 width=8) (actual time=0.062..1.115 rows=2315 loops=1)
                                                                                ->  Seq Scan on link_type lt  (cost=0.00..1.25 rows=3 width=4) (actual time=0.002..0.007 rows=2 loops=1)
                                                                                      Filter: ((link)::text = ANY ('{sequel,follows,"followed by"}'::text[]))
                                                                                      Rows Removed by Filter: 16
                                                                                ->  Bitmap Heap Scan on movie_link ml  (cost=37.49..185.08 rows=1875 width=12) (actual time=0.057..0.357 rows=1158 loops=2)
                                                                                      Recheck Cond: (link_type_id = lt.id)
                                                                                      Heap Blocks: exact=191
                                                                                      ->  Bitmap Index Scan on link_type_id_movie_link  (cost=0.00..37.02 rows=1875 width=0) (actual time=0.044..0.044 rows=1158 loops=2)
                                                                                            Index Cond: (link_type_id = lt.id)
                                                                          ->  Index Scan using movie_id_movie_info_idx on movie_info_idx mi_idx2  (cost=0.43..2.05 rows=1 width=14) (actual time=0.002..0.003 rows=1 loops=2315)
                                                                                Index Cond: (movie_id = ml.linked_movie_id)
                                                                                Filter: (info < '3.0'::text)
                                                                                Rows Removed by Filter: 1
                                                              ->  Index Scan using title_pkey on title t2  (cost=0.43..0.73 rows=1 width=25) (actual time=0.004..0.004 rows=0 loops=34)
                                                                    Index Cond: (id = mi_idx2.movie_id)
                                                                    Filter: ((production_year >= 2005) AND (production_year <= 2008))
                                                                    Rows Removed by Filter: 1
                                                        ->  Index Scan using kind_type_pkey on kind_type kt2  (cost=0.13..0.15 rows=1 width=4) (actual time=0.002..0.002 rows=1 loops=6)
                                                              Index Cond: (id = t2.kind_id)
                                                              Filter: ((kind)::text = 'tv series'::text)
                                                  ->  Index Scan using title_pkey on title t1  (cost=0.43..4.47 rows=1 width=25) (actual time=0.004..0.004 rows=1 loops=6)
                                                        Index Cond: (id = ml.movie_id)
                                            ->  Index Scan using kind_type_pkey on kind_type kt1  (cost=0.13..0.15 rows=1 width=4) (actual time=0.001..0.001 rows=1 loops=6)
                                                  Index Cond: (id = t1.kind_id)
                                                  Filter: ((kind)::text = 'tv series'::text)
                                      ->  Index Scan using movie_id_movie_info_idx on movie_info_idx mi_idx1  (cost=0.43..0.50 rows=3 width=14) (actual time=0.002..0.003 rows=2 loops=6)
                                            Index Cond: (movie_id = t1.id)
                                ->  Index Scan using movie_id_movie_companies on movie_companies mc1  (cost=0.43..0.56 rows=5 width=8) (actual time=0.002..0.003 rows=3 loops=15)
                                      Index Cond: (movie_id = t1.id)
                          ->  Index Scan using movie_id_movie_companies on movie_companies mc2  (cost=0.43..0.68 rows=5 width=8) (actual time=0.002..0.002 rows=2 loops=42)
                                Index Cond: (movie_id = mi_idx2.movie_id)
                    ->  Index Scan using company_name_pkey on company_name cn2  (cost=0.42..0.44 rows=1 width=23) (actual time=0.002..0.002 rows=1 loops=84)
                          Index Cond: (id = mc2.company_id)
        ->  Index Scan using company_name_pkey on company_name cn1  (cost=0.42..0.45 rows=1 width=23) (actual time=0.002..0.002 rows=0 loops=28)
              Index Cond: (id = mc1.company_id)
              Filter: ((country_code)::text = '[us]'::text)
              Rows Removed by Filter: 1
Planning time: 60.794 ms
Execution time: 8.946 ms
