Aggregate  (cost=7549.27..7549.28 rows=1 width=192) (actual time=15.170..15.170 rows=1 loops=1)
  ->  Nested Loop  (cost=42.38..7549.25 rows=1 width=84) (actual time=1.297..15.159 rows=4 loops=1)
        ->  Nested Loop  (cost=42.23..7548.91 rows=2 width=88) (actual time=1.256..15.145 rows=12 loops=1)
              Join Filter: (t2.kind_id = kt2.id)
              ->  Seq Scan on kind_type kt2  (cost=0.00..1.09 rows=1 width=4) (actual time=0.004..0.005 rows=1 loops=1)
                    Filter: ((kind)::text = 'tv series'::text)
                    Rows Removed by Filter: 6
              ->  Nested Loop  (cost=42.23..7547.67 rows=12 width=92) (actual time=1.251..15.137 rows=12 loops=1)
                    ->  Nested Loop  (cost=41.81..7542.35 rows=12 width=77) (actual time=1.248..15.113 rows=12 loops=1)
                          Join Filter: (t2.id = mc2.movie_id)
                          ->  Nested Loop  (cost=41.38..7540.14 rows=3 width=85) (actual time=1.244..15.098 rows=3 loops=1)
                                Join Filter: (mi_idx2.info_type_id = it2.id)
                                Rows Removed by Join Filter: 33
                                ->  Seq Scan on info_type it2  (cost=0.00..2.41 rows=1 width=4) (actual time=0.008..0.009 rows=1 loops=1)
                                      Filter: ((info)::text = 'rating'::text)
                                      Rows Removed by Filter: 112
                                ->  Nested Loop  (cost=41.38..7537.27 rows=36 width=89) (actual time=1.210..15.084 rows=36 loops=1)
                                      Join Filter: (kt1.id = t1.kind_id)
                                      ->  Seq Scan on kind_type kt1  (cost=0.00..1.09 rows=1 width=4) (actual time=0.001..0.002 rows=1 loops=1)
                                            Filter: ((kind)::text = 'tv series'::text)
                                            Rows Removed by Filter: 6
                                      ->  Nested Loop  (cost=41.38..7535.74 rows=36 width=93) (actual time=1.208..15.073 rows=36 loops=1)
                                            Join Filter: (ml.movie_id = t1.id)
                                            ->  Nested Loop  (cost=40.95..7516.69 rows=36 width=84) (actual time=1.204..15.001 rows=36 loops=1)
                                                  Join Filter: (ml.movie_id = mi_idx1.movie_id)
                                                  ->  Nested Loop  (cost=40.53..7510.27 rows=12 width=70) (actual time=1.199..14.955 rows=12 loops=1)
                                                        ->  Nested Loop  (cost=40.11..7383.63 rows=284 width=55) (actual time=0.948..14.361 rows=284 loops=1)
                                                              ->  Nested Loop  (cost=39.68..7185.10 rows=50 width=47) (actual time=0.943..14.098 rows=50 loops=1)
                                                                    Join Filter: (ml.linked_movie_id = t2.id)
                                                                    ->  Nested Loop  (cost=39.25..5015.50 rows=2944 width=22) (actual time=0.070..7.785 rows=2944 loops=1)
                                                                          ->  Nested Loop  (cost=38.82..245.23 rows=2315 width=8) (actual time=0.061..1.077 rows=2315 loops=1)
                                                                                ->  Seq Scan on link_type lt  (cost=0.00..1.23 rows=1 width=4) (actual time=0.002..0.008 rows=2 loops=1)
                                                                                      Filter: ((link)::text ~~ '%follow%'::text)
                                                                                      Rows Removed by Filter: 16
                                                                                ->  Bitmap Heap Scan on movie_link ml  (cost=38.82..225.26 rows=1875 width=12) (actual time=0.060..0.342 rows=1158 loops=2)
                                                                                      Recheck Cond: (link_type_id = lt.id)
                                                                                      Heap Blocks: exact=191
                                                                                      ->  Bitmap Index Scan on link_type_id_movie_link  (cost=0.00..38.35 rows=1875 width=0) (actual time=0.047..0.047 rows=1158 loops=2)
                                                                                            Index Cond: (link_type_id = lt.id)
                                                                          ->  Index Scan using movie_id_movie_info_idx on movie_info_idx mi_idx2  (cost=0.43..2.05 rows=1 width=14) (actual time=0.002..0.002 rows=1 loops=2315)
                                                                                Index Cond: (movie_id = ml.linked_movie_id)
                                                                                Filter: (info < '3.0'::text)
                                                                                Rows Removed by Filter: 1
                                                                    ->  Index Scan using title_pkey on title t2  (cost=0.43..0.72 rows=1 width=25) (actual time=0.002..0.002 rows=0 loops=2944)
                                                                          Index Cond: (id = mi_idx2.movie_id)
                                                                          Filter: (production_year = 2007)
                                                                          Rows Removed by Filter: 1
                                                              ->  Index Scan using movie_id_movie_companies on movie_companies mc1  (cost=0.43..3.92 rows=5 width=8) (actual time=0.003..0.004 rows=6 loops=50)
                                                                    Index Cond: (movie_id = ml.movie_id)
                                                        ->  Index Scan using company_name_pkey on company_name cn1  (cost=0.42..0.45 rows=1 width=23) (actual time=0.002..0.002 rows=0 loops=284)
                                                              Index Cond: (id = mc1.company_id)
                                                              Filter: ((country_code)::text = '[nl]'::text)
                                                              Rows Removed by Filter: 1
                                                  ->  Index Scan using movie_id_movie_info_idx on movie_info_idx mi_idx1  (cost=0.43..0.50 rows=3 width=14) (actual time=0.002..0.003 rows=3 loops=12)
                                                        Index Cond: (movie_id = mc1.movie_id)
                                            ->  Index Scan using title_pkey on title t1  (cost=0.43..0.52 rows=1 width=25) (actual time=0.001..0.001 rows=1 loops=36)
                                                  Index Cond: (id = mc1.movie_id)
                          ->  Index Scan using movie_id_movie_companies on movie_companies mc2  (cost=0.43..0.68 rows=5 width=8) (actual time=0.002..0.003 rows=4 loops=3)
                                Index Cond: (movie_id = mi_idx2.movie_id)
                    ->  Index Scan using company_name_pkey on company_name cn2  (cost=0.42..0.44 rows=1 width=23) (actual time=0.002..0.002 rows=1 loops=12)
                          Index Cond: (id = mc2.company_id)
        ->  Index Scan using info_type_pkey on info_type it1  (cost=0.14..0.16 rows=1 width=4) (actual time=0.001..0.001 rows=0 loops=12)
              Index Cond: (id = mi_idx1.info_type_id)
              Filter: ((info)::text = 'rating'::text)
              Rows Removed by Filter: 1
Planning time: 61.247 ms
Execution time: 15.275 ms
