Aggregate  (cost=5254.46..5254.47 rows=1 width=192) (actual time=8.804..8.804 rows=1 loops=1)
  ->  Nested Loop  (cost=42.64..5254.45 rows=1 width=84) (actual time=0.756..8.794 rows=4 loops=1)
        ->  Nested Loop  (cost=42.51..5254.27 rows=1 width=88) (actual time=0.754..8.788 rows=4 loops=1)
              Join Filter: (it1.id = mi_idx1.info_type_id)
              Rows Removed by Join Filter: 8
              ->  Nested Loop  (cost=42.08..5253.74 rows=1 width=98) (actual time=0.748..8.773 rows=4 loops=1)
                    ->  Nested Loop  (cost=41.95..5253.57 rows=1 width=102) (actual time=0.744..8.765 rows=4 loops=1)
                          Join Filter: (ml.linked_movie_id = t2.id)
                          ->  Nested Loop  (cost=41.52..5250.91 rows=5 width=93) (actual time=0.739..8.734 rows=10 loops=1)
                                Join Filter: (ml.movie_id = t1.id)
                                ->  Nested Loop  (cost=41.09..5248.26 rows=5 width=68) (actual time=0.733..8.703 rows=10 loops=1)
                                      ->  Nested Loop  (cost=40.67..5246.05 rows=5 width=53) (actual time=0.730..8.664 rows=10 loops=1)
                                            Join Filter: (ml.linked_movie_id = mc2.movie_id)
                                            ->  Nested Loop  (cost=40.24..5245.31 rows=1 width=45) (actual time=0.725..8.637 rows=4 loops=1)
                                                  ->  Nested Loop  (cost=39.82..5203.84 rows=93 width=30) (actual time=0.719..8.395 rows=93 loops=1)
                                                        ->  Nested Loop  (cost=39.39..5068.84 rows=34 width=22) (actual time=0.712..8.236 rows=34 loops=1)
                                                              Join Filter: (it2.id = mi_idx2.info_type_id)
                                                              Rows Removed by Join Filter: 2910
                                                              ->  Nested Loop  (cost=0.14..16.54 rows=1 width=8) (actual time=0.028..0.033 rows=1 loops=1)
                                                                    ->  Index Scan using info_type_pkey on info_type it1  (cost=0.14..14.12 rows=1 width=4) (actual time=0.019..0.021 rows=1 loops=1)
                                                                          Filter: ((info)::text = 'rating'::text)
                                                                          Rows Removed by Filter: 112
                                                                    ->  Seq Scan on info_type it2  (cost=0.00..2.41 rows=1 width=4) (actual time=0.008..0.010 rows=1 loops=1)
                                                                          Filter: ((info)::text = 'rating'::text)
                                                                          Rows Removed by Filter: 112
                                                              ->  Nested Loop  (cost=39.25..5015.50 rows=2944 width=22) (actual time=0.069..7.904 rows=2944 loops=1)
                                                                    ->  Nested Loop  (cost=38.82..245.23 rows=2315 width=8) (actual time=0.061..1.096 rows=2315 loops=1)
                                                                          ->  Seq Scan on link_type lt  (cost=0.00..1.23 rows=1 width=4) (actual time=0.002..0.007 rows=2 loops=1)
                                                                                Filter: ((link)::text ~~ '%follow%'::text)
                                                                                Rows Removed by Filter: 16
                                                                          ->  Bitmap Heap Scan on movie_link ml  (cost=38.82..225.26 rows=1875 width=12) (actual time=0.056..0.345 rows=1158 loops=2)
                                                                                Recheck Cond: (link_type_id = lt.id)
                                                                                Heap Blocks: exact=191
                                                                                ->  Bitmap Index Scan on link_type_id_movie_link  (cost=0.00..38.35 rows=1875 width=0) (actual time=0.043..0.043 rows=1158 loops=2)
                                                                                      Index Cond: (link_type_id = lt.id)
                                                                    ->  Index Scan using movie_id_movie_info_idx on movie_info_idx mi_idx2  (cost=0.43..2.05 rows=1 width=14) (actual time=0.002..0.002 rows=1 loops=2315)
                                                                          Index Cond: (movie_id = ml.linked_movie_id)
                                                                          Filter: (info < '3.0'::text)
                                                                          Rows Removed by Filter: 1
                                                        ->  Index Scan using movie_id_movie_companies on movie_companies mc1  (cost=0.43..3.92 rows=5 width=8) (actual time=0.003..0.004 rows=3 loops=34)
                                                              Index Cond: (movie_id = ml.movie_id)
                                                  ->  Index Scan using company_name_pkey on company_name cn1  (cost=0.42..0.45 rows=1 width=23) (actual time=0.002..0.002 rows=0 loops=93)
                                                        Index Cond: (id = mc1.company_id)
                                                        Filter: ((country_code)::text = '[nl]'::text)
                                                        Rows Removed by Filter: 1
                                            ->  Index Scan using movie_id_movie_companies on movie_companies mc2  (cost=0.43..0.68 rows=5 width=8) (actual time=0.004..0.005 rows=2 loops=4)
                                                  Index Cond: (movie_id = mi_idx2.movie_id)
                                      ->  Index Scan using company_name_pkey on company_name cn2  (cost=0.42..0.44 rows=1 width=23) (actual time=0.003..0.003 rows=1 loops=10)
                                            Index Cond: (id = mc2.company_id)
                                ->  Index Scan using title_pkey on title t1  (cost=0.43..0.52 rows=1 width=25) (actual time=0.002..0.002 rows=1 loops=10)
                                      Index Cond: (id = mc1.movie_id)
                          ->  Index Scan using title_pkey on title t2  (cost=0.43..0.52 rows=1 width=25) (actual time=0.003..0.003 rows=0 loops=10)
                                Index Cond: (id = mc2.movie_id)
                                Filter: (production_year = 2007)
                                Rows Removed by Filter: 1
                    ->  Index Scan using kind_type_pkey on kind_type kt2  (cost=0.13..0.15 rows=1 width=4) (actual time=0.001..0.001 rows=1 loops=4)
                          Index Cond: (id = t2.kind_id)
                          Filter: ((kind)::text = 'tv series'::text)
              ->  Index Scan using movie_id_movie_info_idx on movie_info_idx mi_idx1  (cost=0.43..0.50 rows=3 width=14) (actual time=0.002..0.003 rows=3 loops=4)
                    Index Cond: (movie_id = t1.id)
        ->  Index Scan using kind_type_pkey on kind_type kt1  (cost=0.13..0.15 rows=1 width=4) (actual time=0.001..0.001 rows=1 loops=4)
              Index Cond: (id = t1.kind_id)
              Filter: ((kind)::text = 'tv series'::text)
Planning time: 61.530 ms
Execution time: 8.903 ms
