Aggregate  (cost=5277.06..5277.07 rows=1 width=192) (actual time=8.709..8.709 rows=1 loops=1)
  ->  Nested Loop  (cost=42.51..5277.04 rows=1 width=84) (actual time=0.753..8.698 rows=4 loops=1)
        ->  Nested Loop  (cost=42.09..5276.60 rows=1 width=69) (actual time=0.750..8.684 rows=4 loops=1)
              Join Filter: (t2.id = mc2.movie_id)
              ->  Nested Loop  (cost=41.66..5275.86 rows=1 width=77) (actual time=0.746..8.677 rows=1 loops=1)
                    ->  Nested Loop  (cost=41.52..5275.35 rows=3 width=81) (actual time=0.733..8.671 rows=3 loops=1)
                          ->  Nested Loop  (cost=41.38..5274.88 rows=3 width=85) (actual time=0.730..8.666 rows=3 loops=1)
                                Join Filter: (ml.linked_movie_id = t2.id)
                                ->  Nested Loop  (cost=40.95..5266.03 rows=12 width=60) (actual time=0.724..8.629 rows=12 loops=1)
                                      ->  Nested Loop  (cost=40.53..5263.92 rows=4 width=62) (actual time=0.718..8.610 rows=4 loops=1)
                                            ->  Nested Loop  (cost=40.11..5226.46 rows=84 width=47) (actual time=0.713..8.391 rows=84 loops=1)
                                                  ->  Nested Loop  (cost=39.68..5208.21 rows=30 width=39) (actual time=0.706..8.243 rows=30 loops=1)
                                                        Join Filter: (kt1.id = t1.kind_id)
                                                        Rows Removed by Join Filter: 4
                                                        ->  Seq Scan on kind_type kt1  (cost=0.00..1.09 rows=1 width=4) (actual time=0.005..0.006 rows=1 loops=1)
                                                              Filter: ((kind)::text = 'tv series'::text)
                                                              Rows Removed by Filter: 6
                                                        ->  Nested Loop  (cost=39.68..5206.69 rows=34 width=43) (actual time=0.700..8.228 rows=34 loops=1)
                                                              ->  Nested Loop  (cost=39.25..5054.71 rows=34 width=18) (actual time=0.695..8.102 rows=34 loops=1)
                                                                    Join Filter: (it2.id = mi_idx2.info_type_id)
                                                                    Rows Removed by Join Filter: 2910
                                                                    ->  Seq Scan on info_type it2  (cost=0.00..2.41 rows=1 width=4) (actual time=0.008..0.010 rows=1 loops=1)
                                                                          Filter: ((info)::text = 'rating'::text)
                                                                          Rows Removed by Filter: 112
                                                                    ->  Nested Loop  (cost=39.25..5015.50 rows=2944 width=22) (actual time=0.069..7.826 rows=2944 loops=1)
                                                                          ->  Nested Loop  (cost=38.82..245.23 rows=2315 width=8) (actual time=0.061..1.090 rows=2315 loops=1)
                                                                                ->  Seq Scan on link_type lt  (cost=0.00..1.23 rows=1 width=4) (actual time=0.002..0.007 rows=2 loops=1)
                                                                                      Filter: ((link)::text ~~ '%follow%'::text)
                                                                                      Rows Removed by Filter: 16
                                                                                ->  Bitmap Heap Scan on movie_link ml  (cost=38.82..225.26 rows=1875 width=12) (actual time=0.056..0.349 rows=1158 loops=2)
                                                                                      Recheck Cond: (link_type_id = lt.id)
                                                                                      Heap Blocks: exact=191
                                                                                      ->  Bitmap Index Scan on link_type_id_movie_link  (cost=0.00..38.35 rows=1875 width=0) (actual time=0.043..0.043 rows=1158 loops=2)
                                                                                            Index Cond: (link_type_id = lt.id)
                                                                          ->  Index Scan using movie_id_movie_info_idx on movie_info_idx mi_idx2  (cost=0.43..2.05 rows=1 width=14) (actual time=0.002..0.002 rows=1 loops=2315)
                                                                                Index Cond: (movie_id = ml.linked_movie_id)
                                                                                Filter: (info < '3.0'::text)
                                                                                Rows Removed by Filter: 1
                                                              ->  Index Scan using title_pkey on title t1  (cost=0.43..4.47 rows=1 width=25) (actual time=0.003..0.003 rows=1 loops=34)
                                                                    Index Cond: (id = ml.movie_id)
                                                  ->  Index Scan using movie_id_movie_companies on movie_companies mc1  (cost=0.43..0.56 rows=5 width=8) (actual time=0.003..0.004 rows=3 loops=30)
                                                        Index Cond: (movie_id = t1.id)
                                            ->  Index Scan using company_name_pkey on company_name cn1  (cost=0.42..0.45 rows=1 width=23) (actual time=0.002..0.002 rows=0 loops=84)
                                                  Index Cond: (id = mc1.company_id)
                                                  Filter: ((country_code)::text = '[nl]'::text)
                                                  Rows Removed by Filter: 1
                                      ->  Index Scan using movie_id_movie_info_idx on movie_info_idx mi_idx1  (cost=0.43..0.50 rows=3 width=14) (actual time=0.003..0.003 rows=3 loops=4)
                                            Index Cond: (movie_id = t1.id)
                                ->  Index Scan using title_pkey on title t2  (cost=0.43..0.72 rows=1 width=25) (actual time=0.003..0.003 rows=0 loops=12)
                                      Index Cond: (id = mi_idx2.movie_id)
                                      Filter: (production_year = 2007)
                                      Rows Removed by Filter: 1
                          ->  Index Scan using kind_type_pkey on kind_type kt2  (cost=0.13..0.15 rows=1 width=4) (actual time=0.001..0.001 rows=1 loops=3)
                                Index Cond: (id = t2.kind_id)
                                Filter: ((kind)::text = 'tv series'::text)
                    ->  Index Scan using info_type_pkey on info_type it1  (cost=0.14..0.16 rows=1 width=4) (actual time=0.001..0.001 rows=0 loops=3)
                          Index Cond: (id = mi_idx1.info_type_id)
                          Filter: ((info)::text = 'rating'::text)
                          Rows Removed by Filter: 1
              ->  Index Scan using movie_id_movie_companies on movie_companies mc2  (cost=0.43..0.68 rows=5 width=8) (actual time=0.004..0.006 rows=4 loops=1)
                    Index Cond: (movie_id = mi_idx2.movie_id)
        ->  Index Scan using company_name_pkey on company_name cn2  (cost=0.42..0.44 rows=1 width=23) (actual time=0.003..0.003 rows=1 loops=4)
              Index Cond: (id = mc2.company_id)
Planning time: 61.210 ms
Execution time: 8.810 ms
