Aggregate  (cost=5854.66..5854.67 rows=1 width=192) (actual time=9.818..9.818 rows=1 loops=1)
  ->  Nested Loop  (cost=41.04..5852.95 rows=114 width=84) (actual time=0.762..9.735 rows=114 loops=1)
        ->  Nested Loop  (cost=40.62..5802.41 rows=114 width=69) (actual time=0.759..9.483 rows=114 loops=1)
              Join Filter: (kt1.id = t1.kind_id)
              ->  Nested Loop  (cost=40.62..5798.06 rows=114 width=73) (actual time=0.757..9.436 rows=114 loops=1)
                    Join Filter: (ml.movie_id = t1.id)
                    ->  Nested Loop  (cost=40.19..5737.75 rows=114 width=64) (actual time=0.753..9.186 rows=114 loops=1)
                          ->  Nested Loop  (cost=39.76..5707.09 rows=46 width=72) (actual time=0.748..9.017 rows=46 loops=1)
                                Join Filter: (kt2.id = t2.kind_id)
                                Rows Removed by Join Filter: 52
                                ->  Nested Loop  (cost=39.76..5703.94 rows=72 width=76) (actual time=0.742..8.973 rows=72 loops=1)
                                      Join Filter: (ml.linked_movie_id = t2.id)
                                      ->  Nested Loop  (cost=39.33..5638.47 rows=91 width=51) (actual time=0.737..8.720 rows=91 loops=1)
                                            ->  Nested Loop  (cost=38.91..5586.30 rows=117 width=36) (actual time=0.713..8.402 rows=117 loops=1)
                                                  Join Filter: (ml.movie_id = mc1.movie_id)
                                                  ->  Nested Loop  (cost=38.48..5559.44 rows=41 width=28) (actual time=0.707..8.208 rows=41 loops=1)
                                                        Join Filter: (it1.id = mi_idx1.info_type_id)
                                                        Rows Removed by Join Filter: 82
                                                        ->  Nested Loop  (cost=38.06..5461.65 rows=47 width=22) (actual time=0.703..8.058 rows=47 loops=1)
                                                              ->  Index Scan using info_type_pkey on info_type it1  (cost=0.14..14.12 rows=1 width=4) (actual time=0.018..0.020 rows=1 loops=1)
                                                                    Filter: ((info)::text = 'rating'::text)
                                                                    Rows Removed by Filter: 112
                                                              ->  Nested Loop  (cost=37.91..5447.06 rows=47 width=18) (actual time=0.684..8.027 rows=47 loops=1)
                                                                    Join Filter: (it2.id = mi_idx2.info_type_id)
                                                                    Rows Removed by Join Filter: 3033
                                                                    ->  Seq Scan on info_type it2  (cost=0.00..2.41 rows=1 width=4) (actual time=0.009..0.010 rows=1 loops=1)
                                                                          Filter: ((info)::text = 'rating'::text)
                                                                          Rows Removed by Filter: 112
                                                                    ->  Nested Loop  (cost=37.91..5406.14 rows=3080 width=22) (actual time=0.066..7.748 rows=3080 loops=1)
                                                                          ->  Nested Loop  (cost=37.49..612.73 rows=2315 width=8) (actual time=0.059..1.071 rows=2315 loops=1)
                                                                                ->  Seq Scan on link_type lt  (cost=0.00..1.25 rows=3 width=4) (actual time=0.002..0.006 rows=2 loops=1)
                                                                                      Filter: ((link)::text = ANY ('{sequel,follows,"followed by"}'::text[]))
                                                                                      Rows Removed by Filter: 16
                                                                                ->  Bitmap Heap Scan on movie_link ml  (cost=37.49..185.08 rows=1875 width=12) (actual time=0.054..0.341 rows=1158 loops=2)
                                                                                      Recheck Cond: (link_type_id = lt.id)
                                                                                      Heap Blocks: exact=191
                                                                                      ->  Bitmap Index Scan on link_type_id_movie_link  (cost=0.00..37.02 rows=1875 width=0) (actual time=0.042..0.042 rows=1158 loops=2)
                                                                                            Index Cond: (link_type_id = lt.id)
                                                                          ->  Index Scan using movie_id_movie_info_idx on movie_info_idx mi_idx2  (cost=0.43..2.05 rows=2 width=14) (actual time=0.002..0.002 rows=1 loops=2315)
                                                                                Index Cond: (movie_id = ml.linked_movie_id)
                                                                                Filter: (info < '3.5'::text)
                                                                                Rows Removed by Filter: 1
                                                        ->  Index Scan using movie_id_movie_info_idx on movie_info_idx mi_idx1  (cost=0.43..2.04 rows=3 width=14) (actual time=0.002..0.002 rows=3 loops=47)
                                                              Index Cond: (movie_id = ml.movie_id)
                                                  ->  Index Scan using movie_id_movie_companies on movie_companies mc1  (cost=0.43..0.59 rows=5 width=8) (actual time=0.003..0.004 rows=3 loops=41)
                                                        Index Cond: (movie_id = mi_idx1.movie_id)
                                            ->  Index Scan using company_name_pkey on company_name cn1  (cost=0.42..0.45 rows=1 width=23) (actual time=0.002..0.002 rows=1 loops=117)
                                                  Index Cond: (id = mc1.company_id)
                                                  Filter: ((country_code)::text <> '[us]'::text)
                                                  Rows Removed by Filter: 0
                                      ->  Index Scan using title_pkey on title t2  (cost=0.43..0.71 rows=1 width=25) (actual time=0.002..0.002 rows=1 loops=91)
                                            Index Cond: (id = mi_idx2.movie_id)
                                            Filter: ((production_year >= 2000) AND (production_year <= 2010))
                                            Rows Removed by Filter: 0
                                ->  Materialize  (cost=0.00..1.10 rows=2 width=4) (actual time=0.000..0.000 rows=1 loops=72)
                                      ->  Seq Scan on kind_type kt2  (cost=0.00..1.09 rows=2 width=4) (actual time=0.003..0.006 rows=2 loops=1)
                                            Filter: ((kind)::text = ANY ('{"tv series",episode}'::text[]))
                                            Rows Removed by Filter: 5
                          ->  Index Scan using movie_id_movie_companies on movie_companies mc2  (cost=0.43..0.62 rows=5 width=8) (actual time=0.002..0.003 rows=2 loops=46)
                                Index Cond: (movie_id = t2.id)
                    ->  Index Scan using title_pkey on title t1  (cost=0.43..0.52 rows=1 width=25) (actual time=0.002..0.002 rows=1 loops=114)
                          Index Cond: (id = mc1.movie_id)
              ->  Materialize  (cost=0.00..1.10 rows=2 width=4) (actual time=0.000..0.000 rows=1 loops=114)
                    ->  Seq Scan on kind_type kt1  (cost=0.00..1.09 rows=2 width=4) (actual time=0.001..0.001 rows=1 loops=1)
                          Filter: ((kind)::text = ANY ('{"tv series",episode}'::text[]))
                          Rows Removed by Filter: 1
        ->  Index Scan using company_name_pkey on company_name cn2  (cost=0.42..0.44 rows=1 width=23) (actual time=0.002..0.002 rows=1 loops=114)
              Index Cond: (id = mc2.company_id)
Planning time: 58.918 ms
Execution time: 9.916 ms
