Aggregate  (cost=5698.04..5698.05 rows=1 width=192) (actual time=9.570..9.571 rows=1 loops=1)
  ->  Nested Loop  (cost=41.04..5697.93 rows=7 width=84) (actual time=0.811..9.490 rows=114 loops=1)
        ->  Nested Loop  (cost=40.62..5692.14 rows=13 width=69) (actual time=0.808..9.205 rows=131 loops=1)
              ->  Nested Loop  (cost=40.19..5684.23 rows=13 width=77) (actual time=0.803..9.028 rows=44 loops=1)
                    ->  Nested Loop  (cost=39.77..5678.46 rows=13 width=62) (actual time=0.797..8.912 rows=44 loops=1)
                          Join Filter: (kt1.id = t1.kind_id)
                          ->  Nested Loop  (cost=39.77..5676.11 rows=44 width=66) (actual time=0.795..8.891 rows=44 loops=1)
                                Join Filter: (ml.movie_id = t1.id)
                                ->  Nested Loop  (cost=39.34..5650.13 rows=44 width=41) (actual time=0.790..8.771 rows=44 loops=1)
                                      Join Filter: (it1.id = mi_idx1.info_type_id)
                                      Rows Removed by Join Filter: 88
                                      ->  Nested Loop  (cost=38.92..5550.26 rows=48 width=35) (actual time=0.783..8.627 rows=48 loops=1)
                                            Join Filter: (kt2.id = t2.kind_id)
                                            Rows Removed by Join Filter: 14
                                            ->  Nested Loop  (cost=38.92..5547.60 rows=55 width=39) (actual time=0.777..8.593 rows=55 loops=1)
                                                  Join Filter: (ml.linked_movie_id = t2.id)
                                                  ->  Nested Loop  (cost=38.49..5495.81 rows=97 width=30) (actual time=0.755..8.307 rows=97 loops=1)
                                                        Join Filter: (ml.linked_movie_id = mc2.movie_id)
                                                        ->  Nested Loop  (cost=38.06..5461.65 rows=47 width=22) (actual time=0.748..8.075 rows=47 loops=1)
                                                              ->  Index Scan using info_type_pkey on info_type it1  (cost=0.14..14.12 rows=1 width=4) (actual time=0.019..0.021 rows=1 loops=1)
                                                                    Filter: ((info)::text = 'rating'::text)
                                                                    Rows Removed by Filter: 112
                                                              ->  Nested Loop  (cost=37.91..5447.06 rows=47 width=18) (actual time=0.729..8.044 rows=47 loops=1)
                                                                    Join Filter: (mi_idx2.info_type_id = it2.id)
                                                                    Rows Removed by Join Filter: 3033
                                                                    ->  Seq Scan on info_type it2  (cost=0.00..2.41 rows=1 width=4) (actual time=0.009..0.010 rows=1 loops=1)
                                                                          Filter: ((info)::text = 'rating'::text)
                                                                          Rows Removed by Filter: 112
                                                                    ->  Nested Loop  (cost=37.91..5406.14 rows=3080 width=22) (actual time=0.072..7.772 rows=3080 loops=1)
                                                                          ->  Nested Loop  (cost=37.49..612.73 rows=2315 width=8) (actual time=0.063..1.076 rows=2315 loops=1)
                                                                                ->  Seq Scan on link_type lt  (cost=0.00..1.25 rows=3 width=4) (actual time=0.002..0.007 rows=2 loops=1)
                                                                                      Filter: ((link)::text = ANY ('{sequel,follows,"followed by"}'::text[]))
                                                                                      Rows Removed by Filter: 16
                                                                                ->  Bitmap Heap Scan on movie_link ml  (cost=37.49..185.08 rows=1875 width=12) (actual time=0.057..0.348 rows=1158 loops=2)
                                                                                      Recheck Cond: (link_type_id = lt.id)
                                                                                      Heap Blocks: exact=191
                                                                                      ->  Bitmap Index Scan on link_type_id_movie_link  (cost=0.00..37.02 rows=1875 width=0) (actual time=0.045..0.045 rows=1158 loops=2)
                                                                                            Index Cond: (link_type_id = lt.id)
                                                                          ->  Index Scan using movie_id_movie_info_idx on movie_info_idx mi_idx2  (cost=0.43..2.05 rows=2 width=14) (actual time=0.002..0.002 rows=1 loops=2315)
                                                                                Index Cond: (movie_id = ml.linked_movie_id)
                                                                                Filter: (info < '3.5'::text)
                                                                                Rows Removed by Filter: 1
                                                        ->  Index Scan using movie_id_movie_companies on movie_companies mc2  (cost=0.43..0.66 rows=5 width=8) (actual time=0.003..0.004 rows=2 loops=47)
                                                              Index Cond: (movie_id = mi_idx2.movie_id)
                                                  ->  Index Scan using title_pkey on title t2  (cost=0.43..0.52 rows=1 width=25) (actual time=0.002..0.002 rows=1 loops=97)
                                                        Index Cond: (id = mc2.movie_id)
                                                        Filter: ((production_year >= 2000) AND (production_year <= 2010))
                                                        Rows Removed by Filter: 0
                                            ->  Materialize  (cost=0.00..1.10 rows=2 width=4) (actual time=0.000..0.000 rows=1 loops=55)
                                                  ->  Seq Scan on kind_type kt2  (cost=0.00..1.09 rows=2 width=4) (actual time=0.004..0.006 rows=2 loops=1)
                                                        Filter: ((kind)::text = ANY ('{"tv series",episode}'::text[]))
                                                        Rows Removed by Filter: 5
                                      ->  Index Scan using movie_id_movie_info_idx on movie_info_idx mi_idx1  (cost=0.43..2.04 rows=3 width=14) (actual time=0.002..0.002 rows=3 loops=48)
                                            Index Cond: (movie_id = ml.movie_id)
                                ->  Index Scan using title_pkey on title t1  (cost=0.43..0.58 rows=1 width=25) (actual time=0.002..0.002 rows=1 loops=44)
                                      Index Cond: (id = mi_idx1.movie_id)
                          ->  Materialize  (cost=0.00..1.10 rows=2 width=4) (actual time=0.000..0.000 rows=1 loops=44)
                                ->  Seq Scan on kind_type kt1  (cost=0.00..1.09 rows=2 width=4) (actual time=0.001..0.001 rows=1 loops=1)
                                      Filter: ((kind)::text = ANY ('{"tv series",episode}'::text[]))
                                      Rows Removed by Filter: 1
                    ->  Index Scan using company_name_pkey on company_name cn2  (cost=0.42..0.44 rows=1 width=23) (actual time=0.002..0.002 rows=1 loops=44)
                          Index Cond: (id = mc2.company_id)
              ->  Index Scan using movie_id_movie_companies on movie_companies mc1  (cost=0.43..0.56 rows=5 width=8) (actual time=0.002..0.003 rows=3 loops=44)
                    Index Cond: (movie_id = t1.id)
        ->  Index Scan using company_name_pkey on company_name cn1  (cost=0.42..0.45 rows=1 width=23) (actual time=0.002..0.002 rows=1 loops=131)
              Index Cond: (id = mc1.company_id)
              Filter: ((country_code)::text <> '[us]'::text)
              Rows Removed by Filter: 0
Planning time: 59.203 ms
Execution time: 9.669 ms
