Aggregate  (cost=37137.46..37137.47 rows=1 width=32) (actual time=218.070..218.070 rows=1 loops=1)
  ->  Nested Loop  (cost=7.61..37116.39 rows=8425 width=17) (actual time=2.452..216.685 rows=7250 loops=1)
        Join Filter: (t.id = mi.movie_id)
        ->  Nested Loop  (cost=7.17..22398.31 rows=7874 width=25) (actual time=2.388..67.565 rows=7874 loops=1)
              ->  Nested Loop  (cost=6.74..16055.17 rows=12951 width=4) (actual time=2.380..31.179 rows=12951 loops=1)
                    ->  Seq Scan on keyword k  (cost=0.00..2626.12 rows=13 width=4) (actual time=0.886..16.844 rows=30 loops=1)
                          Filter: (keyword ~~ '%sequel%'::text)
                          Rows Removed by Filter: 134140
                    ->  Bitmap Heap Scan on movie_keyword mk  (cost=6.74..1030.02 rows=298 width=8) (actual time=0.065..0.404 rows=432 loops=30)
                          Recheck Cond: (keyword_id = k.id)
                          Heap Blocks: exact=6979
                          ->  Bitmap Index Scan on keyword_id_movie_keyword  (cost=0.00..6.67 rows=298 width=0) (actual time=0.034..0.034 rows=432 loops=30)
                                Index Cond: (keyword_id = k.id)
              ->  Index Scan using title_pkey on title t  (cost=0.43..0.49 rows=1 width=21) (actual time=0.002..0.002 rows=1 loops=12951)
                    Index Cond: (id = mk.movie_id)
                    Filter: (production_year > 1990)
                    Rows Removed by Filter: 0
        ->  Index Scan using movie_id_movie_info on movie_info mi  (cost=0.43..1.84 rows=2 width=4) (actual time=0.016..0.019 rows=1 loops=7874)
              Index Cond: (movie_id = mk.movie_id)
              Filter: (info = ANY ('{Sweden,Norway,Germany,Denmark,Swedish,Denish,Norwegian,German,USA,American}'::text[]))
              Rows Removed by Filter: 35
Planning time: 0.629 ms
Execution time: 218.103 ms
