Aggregate  (cost=19596.53..19596.54 rows=1 width=64) (actual time=102.632..102.632 rows=1 loops=1)
  ->  Nested Loop  (cost=5104.14..19596.53 rows=1 width=23) (actual time=54.597..102.615 rows=6 loops=1)
        ->  Nested Loop  (cost=5103.72..19391.77 rows=464 width=27) (actual time=19.634..99.866 rows=1070 loops=1)
              ->  Nested Loop  (cost=5103.29..19294.35 rows=47 width=31) (actual time=16.904..99.194 rows=72 loops=1)
                    ->  Nested Loop  (cost=5102.86..17195.56 rows=305 width=10) (actual time=16.890..98.055 rows=305 loops=1)
                          ->  Seq Scan on info_type it  (cost=0.00..2.41 rows=1 width=4) (actual time=0.010..0.013 rows=1 loops=1)
                                Filter: ((info)::text = 'rating'::text)
                                Rows Removed by Filter: 112
                          ->  Bitmap Heap Scan on movie_info_idx mi_idx  (cost=5102.86..17177.96 rows=1518 width=14) (actual time=16.879..97.981 rows=305 loops=1)
                                Recheck Cond: (info_type_id = it.id)
                                Filter: (info > '9.0'::text)
                                Rows Removed by Filter: 459620
                                Heap Blocks: exact=7934
                                ->  Bitmap Index Scan on info_type_id_movie_info_idx  (cost=0.00..5102.48 rows=276007 width=0) (actual time=15.109..15.109 rows=459925 loops=1)
                                      Index Cond: (info_type_id = it.id)
                    ->  Index Scan using title_pkey on title t  (cost=0.43..6.88 rows=1 width=21) (actual time=0.003..0.003 rows=0 loops=305)
                          Index Cond: (id = mi_idx.movie_id)
                          Filter: (production_year > 2010)
                          Rows Removed by Filter: 1
              ->  Index Scan using movie_id_movie_keyword on movie_keyword mk  (cost=0.43..1.61 rows=46 width=8) (actual time=0.003..0.006 rows=15 loops=72)
                    Index Cond: (movie_id = t.id)
        ->  Index Scan using keyword_pkey on keyword k  (cost=0.42..0.44 rows=1 width=4) (actual time=0.002..0.002 rows=0 loops=1070)
              Index Cond: (id = mk.keyword_id)
              Filter: (keyword ~~ '%sequel%'::text)
              Rows Removed by Filter: 1
Planning time: 0.892 ms
Execution time: 102.679 ms
