Aggregate  (cost=57243.59..57243.60 rows=1 width=32) (actual time=193.059..193.060 rows=1 loops=1)
  ->  Nested Loop  (cost=1.29..57243.45 rows=57 width=17) (actual time=193.057..193.057 rows=0 loops=1)
        Join Filter: (mi.info_type_id = it.id)
        ->  Nested Loop  (cost=1.29..57146.09 rows=57 width=21) (actual time=193.056..193.056 rows=0 loops=1)
              ->  Nested Loop  (cost=0.86..56711.15 rows=184 width=25) (actual time=193.056..193.056 rows=0 loops=1)
                    ->  Nested Loop  (cost=0.43..53077.28 rows=455 width=4) (actual time=193.055..193.055 rows=0 loops=1)
                          ->  Seq Scan on company_type ct  (cost=0.00..1.05 rows=1 width=4) (actual time=0.003..0.006 rows=1 loops=1)
                                Filter: ((kind)::text = 'production companies'::text)
                                Rows Removed by Filter: 3
                          ->  Index Scan using company_type_id_movie_companies on movie_companies mc  (cost=0.43..53067.12 rows=911 width=8) (actual time=193.047..193.047 rows=0 loops=1)
                                Index Cond: (company_type_id = ct.id)
                                Filter: ((note ~~ '%(theatrical)%'::text) AND (note ~~ '%(France)%'::text))
                                Rows Removed by Filter: 1334883
                    ->  Index Scan using title_pkey on title t  (cost=0.43..7.99 rows=1 width=21) (never executed)
                          Index Cond: (id = mc.movie_id)
                          Filter: (production_year > 2005)
              ->  Index Scan using movie_id_movie_info on movie_info mi  (cost=0.43..2.35 rows=1 width=8) (never executed)
                    Index Cond: (movie_id = t.id)
                    Filter: (info = ANY ('{Sweden,Norway,Germany,Denmark,Swedish,Denish,Norwegian,German}'::text[]))
        ->  Materialize  (cost=0.00..2.69 rows=113 width=4) (never executed)
              ->  Seq Scan on info_type it  (cost=0.00..2.13 rows=113 width=4) (never executed)
Planning time: 0.935 ms
Execution time: 193.102 ms
