Aggregate  (cost=56440.73..56440.74 rows=1 width=32) (actual time=220.856..220.857 rows=1 loops=1)
  ->  Nested Loop  (cost=1.44..56438.76 rows=786 width=17) (actual time=2.742..220.661 rows=669 loops=1)
        ->  Nested Loop  (cost=1.29..56313.12 rows=786 width=21) (actual time=2.704..219.974 rows=669 loops=1)
              ->  Nested Loop  (cost=0.86..55125.34 rows=553 width=25) (actual time=2.696..210.608 rows=767 loops=1)
                    ->  Nested Loop  (cost=0.43..53970.24 rows=798 width=4) (actual time=2.687..207.578 rows=798 loops=1)
                          ->  Seq Scan on company_type ct  (cost=0.00..1.05 rows=1 width=4) (actual time=0.003..0.006 rows=1 loops=1)
                                Filter: ((kind)::text = 'production companies'::text)
                                Rows Removed by Filter: 3
                          ->  Index Scan using company_type_id_movie_companies on movie_companies mc  (cost=0.43..53067.12 rows=90207 width=8) (actual time=2.683..207.421 rows=798 loops=1)
                                Index Cond: (company_type_id = ct.id)
                                Filter: ((note !~~ '%(TV)%'::text) AND (note ~~ '%(USA)%'::text))
                                Rows Removed by Filter: 1334085
                    ->  Index Scan using title_pkey on title t  (cost=0.43..1.45 rows=1 width=21) (actual time=0.003..0.003 rows=1 loops=798)
                          Index Cond: (id = mc.movie_id)
                          Filter: (production_year > 1990)
                          Rows Removed by Filter: 0
              ->  Index Scan using movie_id_movie_info on movie_info mi  (cost=0.43..2.13 rows=2 width=8) (actual time=0.010..0.012 rows=1 loops=767)
                    Index Cond: (movie_id = t.id)
                    Filter: (info = ANY ('{Sweden,Norway,Germany,Denmark,Swedish,Denish,Norwegian,German,USA,American}'::text[]))
                    Rows Removed by Filter: 10
        ->  Index Only Scan using info_type_pkey on info_type it  (cost=0.14..0.16 rows=1 width=4) (actual time=0.001..0.001 rows=1 loops=669)
              Index Cond: (id = mi.info_type_id)
              Heap Fetches: 0
Planning time: 0.847 ms
Execution time: 220.892 ms
