Aggregate  (cost=176886.35..176886.36 rows=1 width=64) (actual time=537.865..537.865 rows=1 loops=1)
  ->  Nested Loop  (cost=2.27..176886.34 rows=1 width=33) (actual time=294.735..537.836 rows=62 loops=1)
        ->  Nested Loop  (cost=1.84..176884.03 rows=1 width=24) (actual time=294.726..537.647 rows=62 loops=1)
              ->  Nested Loop  (cost=1.42..176784.40 rows=55 width=28) (actual time=294.716..537.477 rows=64 loops=1)
                    ->  Nested Loop  (cost=0.99..175712.64 rows=659 width=20) (actual time=294.702..536.234 rows=659 loops=1)
                          Join Filter: (ci.role_id = rt.id)
                          Rows Removed by Join Filter: 1916
                          ->  Seq Scan on role_type rt  (cost=0.00..1.15 rows=1 width=4) (actual time=0.004..0.006 rows=1 loops=1)
                                Filter: ((role)::text = 'actress'::text)
                                Rows Removed by Filter: 11
                          ->  Nested Loop  (cost=0.99..175679.31 rows=2575 width=24) (actual time=20.468..535.979 rows=2575 loops=1)
                                ->  Nested Loop  (cost=0.42..126027.79 rows=4031 width=24) (actual time=0.142..508.923 rows=4031 loops=1)
                                      ->  Seq Scan on name n1  (cost=0.00..118125.36 rows=685 width=4) (actual time=0.018..477.091 rows=20911 loops=1)
                                            Filter: ((name ~~ '%Yo%'::text) AND (name !~~ '%Yu%'::text))
                                            Rows Removed by Filter: 4146580
                                      ->  Index Scan using person_id_aka_name on aka_name an1  (cost=0.42..11.52 rows=2 width=20) (actual time=0.001..0.001 rows=0 loops=20911)
                                            Index Cond: (person_id = n1.id)
                                ->  Index Scan using person_id_cast_info on cast_info ci  (cost=0.56..12.31 rows=1 width=12) (actual time=0.006..0.006 rows=1 loops=4031)
                                      Index Cond: (person_id = an1.person_id)
                                      Filter: (note = '(voice: English version)'::text)
                                      Rows Removed by Filter: 27
                    ->  Index Scan using movie_id_movie_companies on movie_companies mc  (cost=0.43..1.62 rows=1 width=8) (actual time=0.002..0.002 rows=0 loops=659)
                          Index Cond: (movie_id = ci.movie_id)
                          Filter: ((note ~~ '%(Japan)%'::text) AND (note !~~ '%(USA)%'::text))
                          Rows Removed by Filter: 1
              ->  Index Scan using company_name_pkey on company_name cn  (cost=0.42..1.81 rows=1 width=4) (actual time=0.002..0.002 rows=1 loops=64)
                    Index Cond: (id = mc.company_id)
                    Filter: ((country_code)::text = '[jp]'::text)
                    Rows Removed by Filter: 0
        ->  Index Scan using title_pkey on title t  (cost=0.43..2.31 rows=1 width=21) (actual time=0.003..0.003 rows=1 loops=62)
              Index Cond: (id = ci.movie_id)
Planning time: 2.004 ms
Execution time: 537.920 ms
