Aggregate  (cost=75305.50..75305.51 rows=1 width=64) (actual time=308.081..308.082 rows=1 loops=1)
  ->  Nested Loop  (cost=2.27..75305.49 rows=1 width=33) (actual time=109.309..308.065 rows=6 loops=1)
        Join Filter: (ci.role_id = rt.id)
        ->  Nested Loop  (cost=2.27..75304.33 rows=1 width=37) (actual time=109.301..308.047 rows=6 loops=1)
              ->  Nested Loop  (cost=1.84..75303.56 rows=1 width=45) (actual time=109.066..307.641 rows=171 loops=1)
                    ->  Nested Loop  (cost=1.42..75302.51 rows=1 width=25) (actual time=109.057..307.272 rows=104 loops=1)
                          Join Filter: (t.id = ci.movie_id)
                          ->  Nested Loop  (cost=0.85..75158.16 rows=1 width=25) (actual time=109.042..307.060 rows=4 loops=1)
                                ->  Nested Loop  (cost=0.43..75129.24 rows=4 width=29) (actual time=109.032..307.034 rows=4 loops=1)
                                      ->  Seq Scan on movie_companies mc  (cost=0.00..70972.58 rows=499 width=8) (actual time=0.077..286.820 rows=8569 loops=1)
                                            Filter: ((note ~~ '%(Japan)%'::text) AND (note !~~ '%(USA)%'::text) AND ((note ~~ '%(2006)%'::text) OR (note ~~ '%(2007)%'::text)))
                                            Rows Removed by Filter: 2600560
                                      ->  Index Scan using title_pkey on title t  (cost=0.43..8.33 rows=1 width=21) (actual time=0.002..0.002 rows=0 loops=8569)
                                            Index Cond: (id = mc.movie_id)
                                            Filter: ((production_year >= 2006) AND (production_year <= 2007) AND ((title ~~ 'One Piece%'::text) OR (title ~~ 'Dragon Ball Z%'::text)))
                                            Rows Removed by Filter: 1
                                ->  Index Scan using company_name_pkey on company_name cn  (cost=0.42..7.23 rows=1 width=4) (actual time=0.005..0.005 rows=1 loops=4)
                                      Index Cond: (id = mc.company_id)
                                      Filter: ((country_code)::text = '[jp]'::text)
                          ->  Index Scan using movie_id_cast_info on cast_info ci  (cost=0.56..144.34 rows=1 width=12) (actual time=0.016..0.047 rows=26 loops=4)
                                Index Cond: (movie_id = mc.movie_id)
                                Filter: (note = '(voice: English version)'::text)
                                Rows Removed by Filter: 17
                    ->  Index Scan using person_id_aka_name on aka_name an  (cost=0.42..1.03 rows=2 width=20) (actual time=0.003..0.003 rows=2 loops=104)
                          Index Cond: (person_id = ci.person_id)
              ->  Index Scan using name_pkey on name n  (cost=0.43..0.77 rows=1 width=4) (actual time=0.002..0.002 rows=0 loops=171)
                    Index Cond: (id = an.person_id)
                    Filter: ((name ~~ '%Yo%'::text) AND (name !~~ '%Yu%'::text))
                    Rows Removed by Filter: 1
        ->  Seq Scan on role_type rt  (cost=0.00..1.15 rows=1 width=4) (actual time=0.002..0.002 rows=1 loops=6)
              Filter: ((role)::text = 'actress'::text)
              Rows Removed by Filter: 1
Planning time: 2.087 ms
Execution time: 308.144 ms
