Aggregate  (cost=661358.79..661358.80 rows=1 width=64) (actual time=8270.886..8270.887 rows=1 loops=1)
  ->  Hash Join  (cost=595227.56..627456.50 rows=6780458 width=33) (actual time=7192.665..7775.994 rows=2487611 loops=1)
        Hash Cond: (a1.person_id = n1.id)
        ->  Seq Scan on aka_name a1  (cost=0.00..20409.43 rows=901343 width=20) (actual time=0.004..75.992 rows=901343 loops=1)
        ->  Hash  (cost=559474.61..559474.61 rows=2860236 width=25) (actual time=7184.228..7184.228 rows=1970658 loops=1)
              Buckets: 4194304  Batches: 1  Memory Usage: 145567kB
              ->  Hash Join  (cost=350961.12..559474.61 rows=2860236 width=25) (actual time=4284.620..6787.017 rows=1970658 loops=1)
                    Hash Cond: (ci.person_id = n1.id)
                    ->  Hash Join  (cost=201579.58..373982.59 rows=2860236 width=21) (actual time=2836.770..4856.069 rows=1970658 loops=1)
                          Hash Cond: (ci.movie_id = t.id)
                          ->  Nested Loop  (cost=0.56..149727.57 rows=3020362 width=8) (actual time=0.034..964.655 rows=2728943 loops=1)
                                ->  Seq Scan on role_type rt  (cost=0.00..1.15 rows=1 width=4) (actual time=0.009..0.012 rows=1 loops=1)
                                      Filter: ((role)::text = 'writer'::text)
                                      Rows Removed by Filter: 11
                                ->  Index Scan using role_id_cast_info on cast_info ci  (cost=0.56..116777.02 rows=3294940 width=12) (actual time=0.021..512.752 rows=2728943 loops=1)
                                      Index Cond: (role_id = rt.id)
                          ->  Hash  (cost=189703.16..189703.16 rows=950068 width=25) (actual time=2834.595..2834.595 rows=1153798 loops=1)
                                Buckets: 2097152 (originally 1048576)  Batches: 1 (originally 1)  Memory Usage: 84892kB
                                ->  Hash Join  (cost=99887.11..189703.16 rows=950068 width=25) (actual time=1166.549..2511.811 rows=1153798 loops=1)
                                      Hash Cond: (mc.movie_id = t.id)
                                      ->  Hash Join  (cost=7002.09..84823.53 rows=950068 width=4) (actual time=52.832..956.585 rows=1153798 loops=1)
                                            Hash Cond: (mc.company_id = cn.id)
                                            ->  Seq Scan on movie_companies mc  (cost=0.00..44881.29 rows=2609129 width=8) (actual time=0.005..250.829 rows=2609129 loops=1)
                                            ->  Hash  (cost=5932.46..5932.46 rows=85570 width=4) (actual time=52.384..52.384 rows=84843 loops=1)
                                                  Buckets: 131072  Batches: 1  Memory Usage: 4007kB
                                                  ->  Seq Scan on company_name cn  (cost=0.00..5932.46 rows=85570 width=4) (actual time=0.005..35.030 rows=84843 loops=1)
                                                        Filter: ((country_code)::text = '[us]'::text)
                                                        Rows Removed by Filter: 150154
                                      ->  Hash  (cost=61281.12..61281.12 rows=2528312 width=21) (actual time=1105.340..1105.340 rows=2528312 loops=1)
                                            Buckets: 4194304  Batches: 1  Memory Usage: 168637kB
                                            ->  Seq Scan on title t  (cost=0.00..61281.12 rows=2528312 width=21) (actual time=0.008..413.838 rows=2528312 loops=1)
                    ->  Hash  (cost=97287.91..97287.91 rows=4167491 width=4) (actual time=1439.389..1439.389 rows=4167491 loops=1)
                          Buckets: 4194304  Batches: 1  Memory Usage: 179282kB
                          ->  Seq Scan on name n1  (cost=0.00..97287.91 rows=4167491 width=4) (actual time=0.009..558.439 rows=4167491 loops=1)
Planning time: 2.053 ms
Execution time: 8273.596 ms
