Aggregate  (cost=634249.10..634249.11 rows=1 width=64) (actual time=8229.781..8229.781 rows=1 loops=1)
  ->  Hash Join  (cost=589695.16..619879.60 rows=2873900 width=33) (actual time=7151.770..7734.734 rows=2487611 loops=1)
        Hash Cond: (a1.person_id = n1.id)
        ->  Seq Scan on aka_name a1  (cost=0.00..20409.43 rows=901343 width=20) (actual time=0.004..75.858 rows=901343 loops=1)
        ->  Hash  (cost=559246.79..559246.79 rows=2435870 width=25) (actual time=7143.349..7143.349 rows=1970658 loops=1)
              Buckets: 4194304  Batches: 1  Memory Usage: 145567kB
              ->  Hash Join  (cost=356079.84..559246.79 rows=2435870 width=25) (actual time=4245.310..6742.340 rows=1970658 loops=1)
                    Hash Cond: (ci.person_id = n1.id)
                    ->  Hash Join  (cost=206698.29..379112.39 rows=2435870 width=21) (actual time=2798.436..4813.377 rows=1970658 loops=1)
                          Hash Cond: (ci.movie_id = t.id)
                          ->  Nested Loop  (cost=0.56..149727.57 rows=2728943 width=8) (actual time=0.031..965.566 rows=2728943 loops=1)
                                ->  Seq Scan on role_type rt  (cost=0.00..1.15 rows=1 width=4) (actual time=0.008..0.012 rows=1 loops=1)
                                      Filter: ((role)::text = 'writer'::text)
                                      Rows Removed by Filter: 11
                                ->  Index Scan using role_id_cast_info on cast_info ci  (cost=0.56..116777.02 rows=3294940 width=12) (actual time=0.019..513.204 rows=2728943 loops=1)
                                      Index Cond: (role_id = rt.id)
                          ->  Hash  (cost=192275.25..192275.25 rows=1153798 width=25) (actual time=2794.281..2794.281 rows=1153798 loops=1)
                                Buckets: 2097152  Batches: 1  Memory Usage: 84892kB
                                ->  Hash Join  (cost=99887.11..192275.25 rows=1153798 width=25) (actual time=1166.986..2506.207 rows=1153798 loops=1)
                                      Hash Cond: (mc.movie_id = t.id)
                                      ->  Hash Join  (cost=7002.09..84823.53 rows=1153798 width=4) (actual time=53.013..950.581 rows=1153798 loops=1)
                                            Hash Cond: (mc.company_id = cn.id)
                                            ->  Seq Scan on movie_companies mc  (cost=0.00..44881.29 rows=2609129 width=8) (actual time=0.005..250.602 rows=2609129 loops=1)
                                            ->  Hash  (cost=5932.46..5932.46 rows=85570 width=4) (actual time=52.520..52.520 rows=84843 loops=1)
                                                  Buckets: 131072  Batches: 1  Memory Usage: 4007kB
                                                  ->  Seq Scan on company_name cn  (cost=0.00..5932.46 rows=85570 width=4) (actual time=0.005..35.080 rows=84843 loops=1)
                                                        Filter: ((country_code)::text = '[us]'::text)
                                                        Rows Removed by Filter: 150154
                                      ->  Hash  (cost=61281.12..61281.12 rows=2528312 width=21) (actual time=1105.578..1105.578 rows=2528312 loops=1)
                                            Buckets: 4194304  Batches: 1  Memory Usage: 168637kB
                                            ->  Seq Scan on title t  (cost=0.00..61281.12 rows=2528312 width=21) (actual time=0.007..414.413 rows=2528312 loops=1)
                    ->  Hash  (cost=97287.91..97287.91 rows=4167491 width=4) (actual time=1438.452..1438.452 rows=4167491 loops=1)
                          Buckets: 4194304  Batches: 1  Memory Usage: 179282kB
                          ->  Seq Scan on name n1  (cost=0.00..97287.91 rows=4167491 width=4) (actual time=0.009..557.758 rows=4167491 loops=1)
Planning time: 1.904 ms
Execution time: 8232.474 ms
