Aggregate  (cost=644782.45..644782.46 rows=1 width=64) (actual time=8036.339..8036.339 rows=1 loops=1)
  ->  Hash Join  (cost=574371.52..631546.26 rows=2647238 width=33) (actual time=6163.012..7531.668 rows=2487611 loops=1)
        Hash Cond: (ci.movie_id = t.id)
        ->  Hash Join  (cost=367673.80..399618.77 rows=3034791 width=20) (actual time=3399.377..3977.355 rows=2343724 loops=1)
              Hash Cond: (a1.person_id = n1.id)
              ->  Seq Scan on aka_name a1  (cost=0.00..20409.43 rows=901343 width=20) (actual time=0.007..80.476 rows=901343 loops=1)
              ->  Hash  (cost=333562.01..333562.01 rows=2728943 width=12) (actual time=3391.156..3391.156 rows=2728943 loops=1)
                    Buckets: 4194304  Batches: 1  Memory Usage: 150028kB
                    ->  Hash Join  (cost=149382.11..333562.01 rows=2728943 width=12) (actual time=1457.661..2951.248 rows=2728943 loops=1)
                          Hash Cond: (ci.person_id = n1.id)
                          ->  Nested Loop  (cost=0.56..149727.57 rows=2728943 width=8) (actual time=0.030..855.602 rows=2728943 loops=1)
                                ->  Seq Scan on role_type rt  (cost=0.00..1.15 rows=1 width=4) (actual time=0.007..0.011 rows=1 loops=1)
                                      Filter: ((role)::text = 'writer'::text)
                                      Rows Removed by Filter: 11
                                ->  Index Scan using role_id_cast_info on cast_info ci  (cost=0.56..116777.02 rows=3294940 width=12) (actual time=0.019..453.419 rows=2728943 loops=1)
                                      Index Cond: (role_id = rt.id)
                          ->  Hash  (cost=97287.91..97287.91 rows=4167491 width=4) (actual time=1449.451..1449.451 rows=4167491 loops=1)
                                Buckets: 4194304  Batches: 1  Memory Usage: 179282kB
                                ->  Seq Scan on name n1  (cost=0.00..97287.91 rows=4167491 width=4) (actual time=0.006..559.782 rows=4167491 loops=1)
        ->  Hash  (cost=192275.25..192275.25 rows=1153798 width=25) (actual time=2759.189..2759.189 rows=1153798 loops=1)
              Buckets: 2097152  Batches: 1  Memory Usage: 84892kB
              ->  Hash Join  (cost=99887.11..192275.25 rows=1153798 width=25) (actual time=1152.095..2467.235 rows=1153798 loops=1)
                    Hash Cond: (mc.movie_id = t.id)
                    ->  Hash Join  (cost=7002.09..84823.53 rows=1153798 width=4) (actual time=46.344..922.058 rows=1153798 loops=1)
                          Hash Cond: (mc.company_id = cn.id)
                          ->  Seq Scan on movie_companies mc  (cost=0.00..44881.29 rows=2609129 width=8) (actual time=0.008..246.151 rows=2609129 loops=1)
                          ->  Hash  (cost=5932.46..5932.46 rows=85570 width=4) (actual time=46.180..46.180 rows=84843 loops=1)
                                Buckets: 131072  Batches: 1  Memory Usage: 4007kB
                                ->  Seq Scan on company_name cn  (cost=0.00..5932.46 rows=85570 width=4) (actual time=0.006..31.522 rows=84843 loops=1)
                                      Filter: ((country_code)::text = '[us]'::text)
                                      Rows Removed by Filter: 150154
                    ->  Hash  (cost=61281.12..61281.12 rows=2528312 width=21) (actual time=1097.504..1097.504 rows=2528312 loops=1)
                          Buckets: 4194304  Batches: 1  Memory Usage: 168637kB
                          ->  Seq Scan on title t  (cost=0.00..61281.12 rows=2528312 width=21) (actual time=0.008..407.244 rows=2528312 loops=1)
Planning time: 1.904 ms
Execution time: 8039.003 ms
