Aggregate  (cost=661358.79..661358.80 rows=1 width=64) (actual time=4806.736..4806.736 rows=1 loops=1)
  ->  Hash Join  (cost=595227.56..627456.50 rows=6780458 width=33) (actual time=4469.653..4743.787 rows=323005 loops=1)
        Hash Cond: (an1.person_id = n1.id)
        ->  Seq Scan on aka_name an1  (cost=0.00..20409.43 rows=901343 width=20) (actual time=0.004..75.108 rows=901343 loops=1)
        ->  Hash  (cost=559474.61..559474.61 rows=2860236 width=25) (actual time=4461.199..4461.199 rows=285538 loops=1)
              Buckets: 4194304  Batches: 1  Memory Usage: 48720kB
              ->  Hash Join  (cost=350961.12..559474.61 rows=2860236 width=25) (actual time=4127.067..4408.957 rows=285538 loops=1)
                    Hash Cond: (ci.person_id = n1.id)
                    ->  Hash Join  (cost=201579.58..373982.59 rows=2860236 width=21) (actual time=2677.013..2891.415 rows=285538 loops=1)
                          Hash Cond: (ci.movie_id = t.id)
                          ->  Nested Loop  (cost=0.56..149727.57 rows=3020362 width=8) (actual time=0.034..91.906 rows=276403 loops=1)
                                ->  Seq Scan on role_type rt  (cost=0.00..1.15 rows=1 width=4) (actual time=0.008..0.011 rows=1 loops=1)
                                      Filter: ((role)::text = 'costume designer'::text)
                                      Rows Removed by Filter: 11
                                ->  Index Scan using role_id_cast_info on cast_info ci  (cost=0.56..116777.02 rows=3294940 width=12) (actual time=0.023..47.657 rows=276403 loops=1)
                                      Index Cond: (role_id = rt.id)
                          ->  Hash  (cost=189703.16..189703.16 rows=950068 width=25) (actual time=2674.847..2674.847 rows=1153798 loops=1)
                                Buckets: 2097152 (originally 1048576)  Batches: 1 (originally 1)  Memory Usage: 84892kB
                                ->  Hash Join  (cost=99887.11..189703.16 rows=950068 width=25) (actual time=1058.224..2359.396 rows=1153798 loops=1)
                                      Hash Cond: (mc.movie_id = t.id)
                                      ->  Hash Join  (cost=7002.09..84823.53 rows=950068 width=4) (actual time=47.520..916.870 rows=1153798 loops=1)
                                            Hash Cond: (mc.company_id = cn.id)
                                            ->  Seq Scan on movie_companies mc  (cost=0.00..44881.29 rows=2609129 width=8) (actual time=0.005..243.102 rows=2609129 loops=1)
                                            ->  Hash  (cost=5932.46..5932.46 rows=85570 width=4) (actual time=47.067..47.067 rows=84843 loops=1)
                                                  Buckets: 131072  Batches: 1  Memory Usage: 4007kB
                                                  ->  Seq Scan on company_name cn  (cost=0.00..5932.46 rows=85570 width=4) (actual time=0.004..31.583 rows=84843 loops=1)
                                                        Filter: ((country_code)::text = '[us]'::text)
                                                        Rows Removed by Filter: 150154
                                      ->  Hash  (cost=61281.12..61281.12 rows=2528312 width=21) (actual time=1002.536..1002.536 rows=2528312 loops=1)
                                            Buckets: 4194304  Batches: 1  Memory Usage: 168637kB
                                            ->  Seq Scan on title t  (cost=0.00..61281.12 rows=2528312 width=21) (actual time=0.008..369.665 rows=2528312 loops=1)
                    ->  Hash  (cost=97287.91..97287.91 rows=4167491 width=4) (actual time=1441.614..1441.614 rows=4167491 loops=1)
                          Buckets: 4194304  Batches: 1  Memory Usage: 179282kB
                          ->  Seq Scan on name n1  (cost=0.00..97287.91 rows=4167491 width=4) (actual time=0.009..557.990 rows=4167491 loops=1)
Planning time: 1.903 ms
Execution time: 4808.984 ms
