Aggregate  (cost=171793.99..171794.00 rows=1 width=96) (actual time=748.962..748.962 rows=1 loops=1)
  ->  Nested Loop  (cost=118251.16..171793.81 rows=23 width=49) (actual time=534.541..748.875 rows=121 loops=1)
        ->  Nested Loop  (cost=118250.74..171763.46 rows=62 width=53) (actual time=534.531..748.486 rows=123 loops=1)
              Join Filter: (ci.movie_id = mc.movie_id)
              ->  Nested Loop  (cost=118250.31..171754.40 rows=14 width=57) (actual time=534.411..747.663 rows=139 loops=1)
                    ->  Hash Join  (cost=118249.88..171733.50 rows=32 width=36) (actual time=534.399..746.244 rows=387 loops=1)
                          Hash Cond: (ci.role_id = rt.id)
                          ->  Nested Loop  (cost=118248.72..171727.74 rows=387 width=40) (actual time=534.385..746.118 rows=387 loops=1)
                                ->  Nested Loop  (cost=118248.29..171447.30 rows=425 width=28) (actual time=534.337..743.912 rows=425 loops=1)
                                      Join Filter: (n.id = ci.person_id)
                                      ->  Hash Join  (cost=118247.73..150036.61 rows=1558 width=24) (actual time=528.803..726.270 rows=1558 loops=1)
                                            Hash Cond: (an.person_id = n.id)
                                            ->  Seq Scan on aka_name an  (cost=0.00..20409.43 rows=901343 width=20) (actual time=0.002..79.750 rows=901343 loops=1)
                                            ->  Hash  (cost=118125.36..118125.36 rows=9789 width=4) (actual time=527.852..527.852 rows=6768 loops=1)
                                                  Buckets: 16384  Batches: 1  Memory Usage: 366kB
                                                  ->  Seq Scan on name n  (cost=0.00..118125.36 rows=9789 width=4) (actual time=222.326..526.464 rows=6768 loops=1)
                                                        Filter: ((name ~~ '%Ang%'::text) AND ((gender)::text = 'f'::text))
                                                        Rows Removed by Filter: 4160723
                                      ->  Index Scan using person_id_cast_info on cast_info ci  (cost=0.56..13.58 rows=13 width=16) (actual time=0.010..0.011 rows=0 loops=1558)
                                            Index Cond: (person_id = an.person_id)
                                            Filter: (note = ANY ('{(voice),"(voice: Japanese version)","(voice) (uncredited)","(voice: English version)"}'::text[]))
                                            Rows Removed by Filter: 44
                                ->  Index Scan using char_name_pkey on char_name chn  (cost=0.43..0.66 rows=1 width=20) (actual time=0.005..0.005 rows=1 loops=425)
                                      Index Cond: (id = ci.person_role_id)
                          ->  Hash  (cost=1.15..1.15 rows=1 width=4) (actual time=0.008..0.008 rows=1 loops=1)
                                Buckets: 1024  Batches: 1  Memory Usage: 9kB
                                ->  Seq Scan on role_type rt  (cost=0.00..1.15 rows=1 width=4) (actual time=0.005..0.007 rows=1 loops=1)
                                      Filter: ((role)::text = 'actress'::text)
                                      Rows Removed by Filter: 11
                    ->  Index Scan using title_pkey on title t  (cost=0.43..0.65 rows=1 width=21) (actual time=0.003..0.003 rows=0 loops=387)
                          Index Cond: (id = ci.movie_id)
                          Filter: ((production_year >= 2005) AND (production_year <= 2015))
                          Rows Removed by Filter: 1
              ->  Index Scan using movie_id_movie_companies on movie_companies mc  (cost=0.43..0.64 rows=1 width=8) (actual time=0.004..0.005 rows=1 loops=139)
                    Index Cond: (movie_id = t.id)
                    Filter: ((note IS NOT NULL) AND ((note ~~ '%(USA)%'::text) OR (note ~~ '%(worldwide)%'::text)))
                    Rows Removed by Filter: 5
        ->  Index Scan using company_name_pkey on company_name cn  (cost=0.42..0.49 rows=1 width=4) (actual time=0.003..0.003 rows=1 loops=123)
              Index Cond: (id = mc.company_id)
              Filter: ((country_code)::text = '[us]'::text)
              Rows Removed by Filter: 0
Planning time: 3.500 ms
Execution time: 749.033 ms
