Aggregate  (cost=166427.66..166427.67 rows=1 width=128) (actual time=751.281..751.281 rows=1 loops=1)
  ->  Nested Loop  (cost=118251.16..166427.65 rows=1 width=64) (actual time=596.667..751.233 rows=40 loops=1)
        ->  Nested Loop  (cost=118250.73..166426.23 rows=2 width=52) (actual time=596.658..751.094 rows=40 loops=1)
              ->  Nested Loop  (cost=118250.31..166422.70 rows=6 width=56) (actual time=596.647..750.926 rows=41 loops=1)
                    ->  Nested Loop  (cost=118249.88..166400.89 rows=31 width=47) (actual time=548.654..750.551 rows=103 loops=1)
                          ->  Hash Join  (cost=118249.45..166192.19 rows=294 width=39) (actual time=548.640..749.208 rows=265 loops=1)
                                Hash Cond: (ci.role_id = rt.id)
                                ->  Nested Loop  (cost=118248.29..166149.03 rows=3533 width=43) (actual time=548.624..749.104 rows=265 loops=1)
                                      Join Filter: (n.id = ci.person_id)
                                      ->  Hash Join  (cost=118247.73..150036.61 rows=1296 width=39) (actual time=543.346..736.167 rows=1296 loops=1)
                                            Hash Cond: (an.person_id = n.id)
                                            ->  Seq Scan on aka_name an  (cost=0.00..20409.43 rows=901343 width=20) (actual time=0.002..78.506 rows=901343 loops=1)
                                            ->  Hash  (cost=118125.36..118125.36 rows=9789 width=19) (actual time=542.418..542.418 rows=5409 loops=1)
                                                  Buckets: 16384  Batches: 1  Memory Usage: 413kB
                                                  ->  Seq Scan on name n  (cost=0.00..118125.36 rows=9789 width=19) (actual time=222.243..540.950 rows=5409 loops=1)
                                                        Filter: ((name ~~ '%Angel%'::text) AND ((gender)::text = 'f'::text))
                                                        Rows Removed by Filter: 4162082
                                      ->  Index Scan using person_id_cast_info on cast_info ci  (cost=0.56..12.31 rows=10 width=16) (actual time=0.009..0.010 rows=0 loops=1296)
                                            Index Cond: (person_id = an.person_id)
                                            Filter: (note = '(voice)'::text)
                                            Rows Removed by Filter: 43
                                ->  Hash  (cost=1.15..1.15 rows=1 width=4) (actual time=0.009..0.009 rows=1 loops=1)
                                      Buckets: 1024  Batches: 1  Memory Usage: 9kB
                                      ->  Seq Scan on role_type rt  (cost=0.00..1.15 rows=1 width=4) (actual time=0.006..0.008 rows=1 loops=1)
                                            Filter: ((role)::text = 'actress'::text)
                                            Rows Removed by Filter: 11
                          ->  Index Scan using movie_id_movie_companies on movie_companies mc  (cost=0.43..0.70 rows=1 width=8) (actual time=0.004..0.005 rows=0 loops=265)
                                Index Cond: (movie_id = ci.movie_id)
                                Filter: ((note ~~ '%(200%)%'::text) AND ((note ~~ '%(USA)%'::text) OR (note ~~ '%(worldwide)%'::text)))
                                Rows Removed by Filter: 4
                    ->  Index Scan using title_pkey on title t  (cost=0.43..0.70 rows=1 width=21) (actual time=0.003..0.003 rows=0 loops=103)
                          Index Cond: (id = ci.movie_id)
                          Filter: ((production_year >= 2007) AND (production_year <= 2010))
                          Rows Removed by Filter: 1
              ->  Index Scan using company_name_pkey on company_name cn  (cost=0.42..0.59 rows=1 width=4) (actual time=0.003..0.003 rows=1 loops=41)
                    Index Cond: (id = mc.company_id)
                    Filter: ((country_code)::text = '[us]'::text)
                    Rows Removed by Filter: 0
        ->  Index Scan using char_name_pkey on char_name chn  (cost=0.43..0.71 rows=1 width=20) (actual time=0.003..0.003 rows=1 loops=40)
              Index Cond: (id = ci.person_role_id)
Planning time: 3.595 ms
Execution time: 751.361 ms
