Aggregate  (cost=258421.04..258421.05 rows=1 width=128) (actual time=1956.728..1956.729 rows=1 loops=1)
  ->  Nested Loop  (cost=118742.34..258412.86 rows=818 width=64) (actual time=557.029..1953.216 rows=8144 loops=1)
        Join Filter: (n.id = an.person_id)
        ->  Nested Loop  (cost=118741.91..258004.94 rows=746 width=56) (actual time=546.122..1941.838 rows=4503 loops=1)
              ->  Nested Loop  (cost=118741.48..257639.39 rows=554 width=44) (actual time=546.113..1930.174 rows=4938 loops=1)
                    Join Filter: (ci.movie_id = t.id)
                    ->  Nested Loop  (cost=118741.05..257346.34 rows=554 width=35) (actual time=546.103..1916.573 rows=4938 loops=1)
                          ->  Nested Loop  (cost=118740.63..256668.14 rows=1521 width=39) (actual time=546.092..1877.418 rows=14547 loops=1)
                                ->  Hash Join  (cost=118740.20..256295.15 rows=546 width=31) (actual time=546.075..1852.570 rows=6552 loops=1)
                                      Hash Cond: (ci.person_id = n.id)
                                      ->  Nested Loop  (cost=0.56..134068.91 rows=276166 width=12) (actual time=0.129..1274.239 rows=276166 loops=1)
                                            ->  Seq Scan on role_type rt  (cost=0.00..1.15 rows=1 width=4) (actual time=0.005..0.009 rows=1 loops=1)
                                                  Filter: ((role)::text = 'actress'::text)
                                                  Rows Removed by Filter: 11
                                            ->  Index Scan using role_id_cast_info on cast_info ci  (cost=0.56..133251.71 rows=81605 width=16) (actual time=0.123..1234.702 rows=276166 loops=1)
                                                  Index Cond: (role_id = rt.id)
                                                  Filter: (note = ANY ('{(voice),"(voice: Japanese version)","(voice) (uncredited)","(voice: English version)"}'::text[]))
                                                  Rows Removed by Filter: 7175807
                                      ->  Hash  (cost=118125.36..118125.36 rows=49142 width=19) (actual time=541.766..541.766 rows=50011 loops=1)
                                            Buckets: 65536  Batches: 1  Memory Usage: 3135kB
                                            ->  Seq Scan on name n  (cost=0.00..118125.36 rows=49142 width=19) (actual time=221.907..531.106 rows=50011 loops=1)
                                                  Filter: ((name ~~ '%An%'::text) AND ((gender)::text = 'f'::text))
                                                  Rows Removed by Filter: 4117480
                                ->  Index Scan using movie_id_movie_companies on movie_companies mc  (cost=0.43..0.63 rows=5 width=8) (actual time=0.002..0.003 rows=2 loops=6552)
                                      Index Cond: (movie_id = ci.movie_id)
                          ->  Index Scan using company_name_pkey on company_name cn  (cost=0.42..0.45 rows=1 width=4) (actual time=0.002..0.002 rows=0 loops=14547)
                                Index Cond: (id = mc.company_id)
                                Filter: ((country_code)::text = '[us]'::text)
                                Rows Removed by Filter: 1
                    ->  Index Scan using title_pkey on title t  (cost=0.43..0.52 rows=1 width=21) (actual time=0.002..0.002 rows=1 loops=4938)
                          Index Cond: (id = mc.movie_id)
              ->  Index Scan using char_name_pkey on char_name chn  (cost=0.43..0.66 rows=1 width=20) (actual time=0.002..0.002 rows=1 loops=4938)
                    Index Cond: (id = ci.person_role_id)
        ->  Index Scan using person_id_aka_name on aka_name an  (cost=0.42..0.52 rows=2 width=20) (actual time=0.002..0.002 rows=2 loops=4503)
              Index Cond: (person_id = ci.person_id)
Planning time: 3.526 ms
Execution time: 1956.812 ms
