Aggregate  (cost=443695.55..443695.56 rows=1 width=128) (actual time=6207.334..6207.334 rows=1 loops=1)
  ->  Nested Loop  (cost=377988.84..443453.61 rows=24194 width=64) (actual time=3589.995..6028.868 rows=483082 loops=1)
        Join Filter: (ci.movie_id = t.id)
        ->  Hash Join  (cost=377988.41..430655.64 rows=24194 width=55) (actual time=3589.982..5175.499 rows=483082 loops=1)
              Hash Cond: (mc.company_id = cn.id)
              ->  Nested Loop  (cost=370986.32..422814.71 rows=66443 width=59) (actual time=3542.861..4945.951 rows=909946 loops=1)
                    ->  Hash Join  (cost=370985.89..395327.94 rows=40237 width=51) (actual time=3542.843..3883.990 rows=482841 loops=1)
                          Hash Cond: (an.person_id = n.id)
                          ->  Seq Scan on aka_name an  (cost=0.00..20409.43 rows=901343 width=20) (actual time=0.006..78.043 rows=901343 loops=1)
                          ->  Hash  (cost=367792.23..367792.23 rows=255493 width=43) (actual time=3541.659..3541.659 rows=255493 loops=1)
                                Buckets: 262144  Batches: 1  Memory Usage: 20467kB
                                ->  Hash Join  (cost=227009.69..367792.23 rows=255493 width=43) (actual time=2048.717..3476.922 rows=255493 loops=1)
                                      Hash Cond: (ci.person_id = n.id)
                                      ->  Hash Join  (cost=107106.19..244661.14 rows=255651 width=24) (actual time=1351.085..2709.233 rows=255651 loops=1)
                                            Hash Cond: (ci.person_role_id = chn.id)
                                            ->  Nested Loop  (cost=0.56..134068.91 rows=276166 width=12) (actual time=0.126..1266.492 rows=276166 loops=1)
                                                  ->  Seq Scan on role_type rt  (cost=0.00..1.15 rows=1 width=4) (actual time=0.005..0.008 rows=1 loops=1)
                                                        Filter: ((role)::text = 'actress'::text)
                                                        Rows Removed by Filter: 11
                                                  ->  Index Scan using role_id_cast_info on cast_info ci  (cost=0.56..133251.71 rows=81605 width=16) (actual time=0.118..1222.076 rows=276166 loops=1)
                                                        Index Cond: (role_id = rt.id)
                                                        Filter: (note = ANY ('{(voice),"(voice: Japanese version)","(voice) (uncredited)","(voice: English version)"}'::text[]))
                                                        Rows Removed by Filter: 7175807
                                            ->  Hash  (cost=67851.39..67851.39 rows=3140339 width=20) (actual time=1342.568..1342.568 rows=3140339 loops=1)
                                                  Buckets: 4194304  Batches: 1  Memory Usage: 198037kB
                                                  ->  Seq Scan on char_name chn  (cost=0.00..67851.39 rows=3140339 width=20) (actual time=0.006..487.692 rows=3140339 loops=1)
                                      ->  Hash  (cost=107706.64..107706.64 rows=975749 width=19) (actual time=695.461..695.461 rows=961555 loops=1)
                                            Buckets: 1048576  Batches: 1  Memory Usage: 58170kB
                                            ->  Seq Scan on name n  (cost=0.00..107706.64 rows=975749 width=19) (actual time=171.372..464.111 rows=961555 loops=1)
                                                  Filter: ((gender)::text = 'f'::text)
                                                  Rows Removed by Filter: 3205936
                    ->  Index Scan using movie_id_movie_companies on movie_companies mc  (cost=0.43..0.63 rows=5 width=8) (actual time=0.001..0.002 rows=2 loops=482841)
                          Index Cond: (movie_id = ci.movie_id)
              ->  Hash  (cost=5932.46..5932.46 rows=85570 width=4) (actual time=46.665..46.665 rows=84843 loops=1)
                    Buckets: 131072  Batches: 1  Memory Usage: 4007kB
                    ->  Seq Scan on company_name cn  (cost=0.00..5932.46 rows=85570 width=4) (actual time=0.009..31.517 rows=84843 loops=1)
                          Filter: ((country_code)::text = '[us]'::text)
                          Rows Removed by Filter: 150154
        ->  Index Scan using title_pkey on title t  (cost=0.43..0.52 rows=1 width=21) (actual time=0.001..0.001 rows=1 loops=483082)
              Index Cond: (id = mc.movie_id)
Planning time: 3.563 ms
Execution time: 6208.650 ms
