Aggregate  (cost=499655.51..499655.52 rows=1 width=128) (actual time=5458.829..5458.829 rows=1 loops=1)
  ->  Nested Loop  (cost=428127.02..499293.20 rows=36231 width=64) (actual time=3197.673..5269.456 rows=483082 loops=1)
        Join Filter: (ci.movie_id = t.id)
        ->  Nested Loop  (cost=428126.59..480127.97 rows=36231 width=55) (actual time=3197.659..4398.716 rows=483082 loops=1)
              ->  Hash Join  (cost=428126.16..452325.39 rows=42135 width=43) (actual time=3197.646..3541.678 rows=505134 loops=1)
                    Hash Cond: (an.person_id = n.id)
                    ->  Seq Scan on aka_name an  (cost=0.00..20409.43 rows=901343 width=20) (actual time=0.005..78.447 rows=901343 loops=1)
                    ->  Hash  (cost=425757.86..425757.86 rows=189464 width=35) (actual time=3196.516..3196.516 rows=189464 loops=1)
                          Buckets: 262144  Batches: 1  Memory Usage: 14727kB
                          ->  Hash Join  (cost=219150.07..425757.86 rows=189464 width=35) (actual time=1732.658..3150.488 rows=189464 loops=1)
                                Hash Cond: (ci.person_id = n.id)
                                ->  Hash Join  (cost=99246.57..303461.24 rows=189554 width=16) (actual time=1038.803..2404.823 rows=189554 loops=1)
                                      Hash Cond: (ci.movie_id = mc.movie_id)
                                      ->  Nested Loop  (cost=0.56..134068.91 rows=276166 width=12) (actual time=0.119..1262.237 rows=276166 loops=1)
                                            ->  Seq Scan on role_type rt  (cost=0.00..1.15 rows=1 width=4) (actual time=0.004..0.008 rows=1 loops=1)
                                                  Filter: ((role)::text = 'actress'::text)
                                                  Rows Removed by Filter: 11
                                            ->  Index Scan using role_id_cast_info on cast_info ci  (cost=0.56..133251.71 rows=81605 width=16) (actual time=0.113..1221.130 rows=276166 loops=1)
                                                  Index Cond: (role_id = rt.id)
                                                  Filter: (note = ANY ('{(voice),"(voice: Japanese version)","(voice) (uncredited)","(voice: English version)"}'::text[]))
                                                  Rows Removed by Filter: 7175807
                                      ->  Hash  (cost=84823.53..84823.53 rows=1153798 width=4) (actual time=1034.080..1034.080 rows=1153798 loops=1)
                                            Buckets: 2097152  Batches: 1  Memory Usage: 56948kB
                                            ->  Hash Join  (cost=7002.09..84823.53 rows=1153798 width=4) (actual time=47.548..811.630 rows=1153798 loops=1)
                                                  Hash Cond: (mc.company_id = cn.id)
                                                  ->  Seq Scan on movie_companies mc  (cost=0.00..44881.29 rows=2609129 width=8) (actual time=0.005..213.726 rows=2609129 loops=1)
                                                  ->  Hash  (cost=5932.46..5932.46 rows=85570 width=4) (actual time=47.055..47.055 rows=84843 loops=1)
                                                        Buckets: 131072  Batches: 1  Memory Usage: 4007kB
                                                        ->  Seq Scan on company_name cn  (cost=0.00..5932.46 rows=85570 width=4) (actual time=0.005..32.006 rows=84843 loops=1)
                                                              Filter: ((country_code)::text = '[us]'::text)
                                                              Rows Removed by Filter: 150154
                                ->  Hash  (cost=107706.64..107706.64 rows=975749 width=19) (actual time=691.357..691.357 rows=961555 loops=1)
                                      Buckets: 1048576  Batches: 1  Memory Usage: 58170kB
                                      ->  Seq Scan on name n  (cost=0.00..107706.64 rows=975749 width=19) (actual time=169.870..461.584 rows=961555 loops=1)
                                            Filter: ((gender)::text = 'f'::text)
                                            Rows Removed by Filter: 3205936
              ->  Index Scan using char_name_pkey on char_name chn  (cost=0.43..0.66 rows=1 width=20) (actual time=0.001..0.001 rows=1 loops=505134)
                    Index Cond: (id = ci.person_role_id)
        ->  Index Scan using title_pkey on title t  (cost=0.43..0.52 rows=1 width=21) (actual time=0.001..0.001 rows=1 loops=483082)
              Index Cond: (id = mc.movie_id)
Planning time: 3.427 ms
Execution time: 5459.412 ms
