Aggregate  (cost=578970.44..578970.45 rows=1 width=128) (actual time=6035.757..6035.757 rows=1 loops=1)
  ->  Nested Loop  (cost=533108.57..578567.87 rows=40257 width=64) (actual time=4703.721..5856.329 rows=483082 loops=1)
        Join Filter: (ci.movie_id = t.id)
        ->  Hash Join  (cost=533108.14..557273.00 rows=40257 width=55) (actual time=4703.704..5035.560 rows=483082 loops=1)
              Hash Cond: (an.person_id = n.id)
              ->  Seq Scan on aka_name an  (cost=0.00..20409.43 rows=901343 width=20) (actual time=0.005..79.771 rows=901343 loops=1)
              ->  Hash  (cost=530938.55..530938.55 rows=173567 width=47) (actual time=4702.593..4702.593 rows=173567 loops=1)
                    Buckets: 262144  Batches: 1  Memory Usage: 15418kB
                    ->  Hash Join  (cost=326255.70..530938.55 rows=173567 width=47) (actual time=3121.471..4657.169 rows=173567 loops=1)
                          Hash Cond: (ci.person_id = n.id)
                          ->  Hash Join  (cost=206352.20..408842.63 rows=173657 width=28) (actual time=2428.211..3916.072 rows=173657 loops=1)
                                Hash Cond: (ci.movie_id = mc.movie_id)
                                ->  Hash Join  (cost=107106.19..244661.14 rows=255651 width=24) (actual time=1353.486..2745.269 rows=255651 loops=1)
                                      Hash Cond: (ci.person_role_id = chn.id)
                                      ->  Nested Loop  (cost=0.56..134068.91 rows=276166 width=12) (actual time=0.141..1305.771 rows=276166 loops=1)
                                            ->  Seq Scan on role_type rt  (cost=0.00..1.15 rows=1 width=4) (actual time=0.007..0.011 rows=1 loops=1)
                                                  Filter: ((role)::text = 'actress'::text)
                                                  Rows Removed by Filter: 11
                                            ->  Index Scan using role_id_cast_info on cast_info ci  (cost=0.56..133251.71 rows=81605 width=16) (actual time=0.131..1263.059 rows=276166 loops=1)
                                                  Index Cond: (role_id = rt.id)
                                                  Filter: (note = ANY ('{(voice),"(voice: Japanese version)","(voice) (uncredited)","(voice: English version)"}'::text[]))
                                                  Rows Removed by Filter: 7175807
                                      ->  Hash  (cost=67851.39..67851.39 rows=3140339 width=20) (actual time=1344.944..1344.944 rows=3140339 loops=1)
                                            Buckets: 4194304  Batches: 1  Memory Usage: 198037kB
                                            ->  Seq Scan on char_name chn  (cost=0.00..67851.39 rows=3140339 width=20) (actual time=0.007..492.981 rows=3140339 loops=1)
                                ->  Hash  (cost=84823.53..84823.53 rows=1153798 width=4) (actual time=1070.245..1070.245 rows=1153798 loops=1)
                                      Buckets: 2097152  Batches: 1  Memory Usage: 56948kB
                                      ->  Hash Join  (cost=7002.09..84823.53 rows=1153798 width=4) (actual time=47.443..843.744 rows=1153798 loops=1)
                                            Hash Cond: (mc.company_id = cn.id)
                                            ->  Seq Scan on movie_companies mc  (cost=0.00..44881.29 rows=2609129 width=8) (actual time=0.008..228.217 rows=2609129 loops=1)
                                            ->  Hash  (cost=5932.46..5932.46 rows=85570 width=4) (actual time=46.977..46.977 rows=84843 loops=1)
                                                  Buckets: 131072  Batches: 1  Memory Usage: 4007kB
                                                  ->  Seq Scan on company_name cn  (cost=0.00..5932.46 rows=85570 width=4) (actual time=0.006..31.537 rows=84843 loops=1)
                                                        Filter: ((country_code)::text = '[us]'::text)
                                                        Rows Removed by Filter: 150154
                          ->  Hash  (cost=107706.64..107706.64 rows=975749 width=19) (actual time=690.771..690.771 rows=961555 loops=1)
                                Buckets: 1048576  Batches: 1  Memory Usage: 58170kB
                                ->  Seq Scan on name n  (cost=0.00..107706.64 rows=975749 width=19) (actual time=169.521..457.701 rows=961555 loops=1)
                                      Filter: ((gender)::text = 'f'::text)
                                      Rows Removed by Filter: 3205936
        ->  Index Scan using title_pkey on title t  (cost=0.43..0.52 rows=1 width=21) (actual time=0.001..0.001 rows=1 loops=483082)
              Index Cond: (id = mc.movie_id)
Planning time: 3.455 ms
Execution time: 6037.241 ms
