Aggregate  (cost=67360.37..67360.38 rows=1 width=64) (actual time=265.933..265.933 rows=1 loops=1)
  ->  Nested Loop  (cost=19.16..67360.37 rows=1 width=33) (actual time=1.835..265.851 rows=104 loops=1)
        ->  Nested Loop  (cost=19.01..67360.17 rows=1 width=37) (actual time=1.831..265.631 rows=135 loops=1)
              ->  Nested Loop  (cost=18.58..67355.57 rows=1 width=25) (actual time=1.825..264.926 rows=151 loops=1)
                    Join Filter: (t.id = ci.movie_id)
                    ->  Nested Loop  (cost=18.01..67289.28 rows=34 width=25) (actual time=0.087..68.438 rows=4539 loops=1)
                          ->  Hash Join  (cost=17.58..67245.16 rows=85 width=4) (actual time=0.028..39.094 rows=8790 loops=1)
                                Hash Cond: (mc.company_type_id = ct.id)
                                ->  Nested Loop  (cost=0.43..67037.42 rows=15111 width=8) (actual time=0.020..37.427 rows=8790 loops=1)
                                      ->  Seq Scan on company_name cn  (cost=0.00..5932.46 rows=1361 width=4) (actual time=0.012..25.342 rows=1361 loops=1)
                                            Filter: ((country_code)::text = '[ru]'::text)
                                            Rows Removed by Filter: 233636
                                      ->  Index Scan using company_id_movie_companies on movie_companies mc  (cost=0.43..43.57 rows=133 width=12) (actual time=0.003..0.008 rows=6 loops=1361)
                                            Index Cond: (company_id = cn.id)
                                ->  Hash  (cost=17.10..17.10 rows=4 width=4) (actual time=0.004..0.004 rows=4 loops=1)
                                      Buckets: 1024  Batches: 1  Memory Usage: 9kB
                                      ->  Seq Scan on company_type ct  (cost=0.00..17.10 rows=4 width=4) (actual time=0.002..0.002 rows=4 loops=1)
                          ->  Index Scan using title_pkey on title t  (cost=0.43..0.52 rows=1 width=21) (actual time=0.003..0.003 rows=1 loops=8790)
                                Index Cond: (id = mc.movie_id)
                                Filter: (production_year > 2005)
                                Rows Removed by Filter: 0
                    ->  Index Scan using movie_id_cast_info on cast_info ci  (cost=0.56..1.94 rows=1 width=12) (actual time=0.041..0.043 rows=0 loops=4539)
                          Index Cond: (movie_id = mc.movie_id)
                          Filter: ((note ~~ '%(voice)%'::text) AND (note ~~ '%(uncredited)%'::text))
                          Rows Removed by Filter: 50
              ->  Index Scan using char_name_pkey on char_name chn  (cost=0.43..4.61 rows=1 width=20) (actual time=0.004..0.004 rows=1 loops=151)
                    Index Cond: (id = ci.person_role_id)
        ->  Index Scan using role_type_pkey on role_type rt  (cost=0.15..0.17 rows=1 width=4) (actual time=0.001..0.001 rows=1 loops=135)
              Index Cond: (id = ci.role_id)
              Filter: ((role)::text = 'actor'::text)
              Rows Removed by Filter: 0
Planning time: 1.644 ms
Execution time: 265.988 ms
