Aggregate  (cost=53082.92..53082.93 rows=1 width=64) (actual time=262.057..262.057 rows=1 loops=1)
  ->  Nested Loop  (cost=1.85..53082.92 rows=1 width=33) (actual time=1.827..261.972 rows=104 loops=1)
        Join Filter: (mc.company_type_id = ct.id)
        Rows Removed by Join Filter: 18
        ->  Nested Loop  (cost=1.85..53056.94 rows=1 width=37) (actual time=1.825..261.738 rows=104 loops=1)
              ->  Nested Loop  (cost=1.42..53051.26 rows=1 width=25) (actual time=1.816..261.183 rows=112 loops=1)
                    Join Filter: (ci.role_id = rt.id)
                    Rows Removed by Join Filter: 39
                    ->  Nested Loop  (cost=1.42..53031.17 rows=20 width=29) (actual time=1.809..261.093 rows=151 loops=1)
                          Join Filter: (t.id = ci.movie_id)
                          ->  Nested Loop  (cost=0.86..51178.91 rows=950 width=29) (actual time=0.074..66.500 rows=4539 loops=1)
                                ->  Nested Loop  (cost=0.43..49945.83 rows=2376 width=8) (actual time=0.020..37.159 rows=8790 loops=1)
                                      ->  Seq Scan on company_name cn  (cost=0.00..5932.46 rows=214 width=4) (actual time=0.012..25.183 rows=1361 loops=1)
                                            Filter: ((country_code)::text = '[ru]'::text)
                                            Rows Removed by Filter: 233636
                                      ->  Index Scan using company_id_movie_companies on movie_companies mc  (cost=0.43..204.34 rows=133 width=12) (actual time=0.003..0.008 rows=6 loops=1361)
                                            Index Cond: (company_id = cn.id)
                                ->  Index Scan using title_pkey on title t  (cost=0.43..0.52 rows=1 width=21) (actual time=0.003..0.003 rows=1 loops=8790)
                                      Index Cond: (id = mc.movie_id)
                                      Filter: (production_year > 2005)
                                      Rows Removed by Filter: 0
                          ->  Index Scan using movie_id_cast_info on cast_info ci  (cost=0.56..1.94 rows=1 width=12) (actual time=0.040..0.043 rows=0 loops=4539)
                                Index Cond: (movie_id = mc.movie_id)
                                Filter: ((note ~~ '%(voice)%'::text) AND (note ~~ '%(uncredited)%'::text))
                                Rows Removed by Filter: 50
                    ->  Materialize  (cost=0.00..18.89 rows=4 width=4) (actual time=0.000..0.000 rows=1 loops=151)
                          ->  Seq Scan on role_type rt  (cost=0.00..18.88 rows=4 width=4) (actual time=0.004..0.006 rows=1 loops=1)
                                Filter: ((role)::text = 'actor'::text)
                                Rows Removed by Filter: 11
              ->  Index Scan using char_name_pkey on char_name chn  (cost=0.43..5.69 rows=1 width=20) (actual time=0.004..0.004 rows=1 loops=112)
                    Index Cond: (id = ci.person_role_id)
        ->  Seq Scan on company_type ct  (cost=0.00..17.10 rows=710 width=4) (actual time=0.001..0.001 rows=1 loops=104)
Planning time: 1.752 ms
Execution time: 262.116 ms
