Aggregate  (cost=67669.96..67669.97 rows=1 width=64) (actual time=262.996..262.996 rows=1 loops=1)
  ->  Nested Loop  (cost=1.85..67669.95 rows=1 width=33) (actual time=1.891..262.910 rows=104 loops=1)
        ->  Nested Loop  (cost=1.42..67665.34 rows=1 width=21) (actual time=1.884..262.367 rows=112 loops=1)
              Join Filter: (ci.role_id = rt.id)
              Rows Removed by Join Filter: 39
              ->  Seq Scan on role_type rt  (cost=0.00..18.88 rows=1 width=4) (actual time=0.005..0.007 rows=1 loops=1)
                    Filter: ((role)::text = 'actor'::text)
                    Rows Removed by Filter: 11
              ->  Nested Loop  (cost=1.42..67646.44 rows=2 width=25) (actual time=1.879..262.326 rows=151 loops=1)
                    Join Filter: (t.id = ci.movie_id)
                    ->  Nested Loop  (cost=0.86..67607.45 rows=20 width=25) (actual time=0.078..68.876 rows=4539 loops=1)
                          ->  Nested Loop  (cost=0.43..67581.50 rows=50 width=4) (actual time=0.022..39.854 rows=8790 loops=1)
                                Join Filter: (mc.company_type_id = ct.id)
                                Rows Removed by Join Filter: 4102
                                ->  Nested Loop  (cost=0.43..67037.42 rows=8790 width=8) (actual time=0.018..37.189 rows=8790 loops=1)
                                      ->  Seq Scan on company_name cn  (cost=0.00..5932.46 rows=1361 width=4) (actual time=0.010..25.204 rows=1361 loops=1)
                                            Filter: ((country_code)::text = '[ru]'::text)
                                            Rows Removed by Filter: 233636
                                      ->  Index Scan using company_id_movie_companies on movie_companies mc  (cost=0.43..43.57 rows=133 width=12) (actual time=0.003..0.008 rows=6 loops=1361)
                                            Index Cond: (company_id = cn.id)
                                ->  Materialize  (cost=0.00..17.12 rows=4 width=4) (actual time=0.000..0.000 rows=1 loops=8790)
                                      ->  Seq Scan on company_type ct  (cost=0.00..17.10 rows=4 width=4) (actual time=0.002..0.003 rows=2 loops=1)
                          ->  Index Scan using title_pkey on title t  (cost=0.43..0.52 rows=1 width=21) (actual time=0.003..0.003 rows=1 loops=8790)
                                Index Cond: (id = mc.movie_id)
                                Filter: (production_year > 2005)
                                Rows Removed by Filter: 0
                    ->  Index Scan using movie_id_cast_info on cast_info ci  (cost=0.56..1.94 rows=1 width=12) (actual time=0.040..0.042 rows=0 loops=4539)
                          Index Cond: (movie_id = mc.movie_id)
                          Filter: ((note ~~ '%(voice)%'::text) AND (note ~~ '%(uncredited)%'::text))
                          Rows Removed by Filter: 50
        ->  Index Scan using char_name_pkey on char_name chn  (cost=0.43..4.61 rows=1 width=20) (actual time=0.004..0.004 rows=1 loops=112)
              Index Cond: (id = ci.person_role_id)
Planning time: 1.754 ms
Execution time: 263.053 ms
