Aggregate  (cost=51962.81..51962.82 rows=1 width=64) (actual time=110.694..110.694 rows=1 loops=1)
  ->  Nested Loop  (cost=1.85..51962.80 rows=2 width=33) (actual time=110.691..110.691 rows=0 loops=1)
        Join Filter: (mc.company_type_id = ct.id)
        ->  Seq Scan on company_type ct  (cost=0.00..17.10 rows=710 width=4) (actual time=0.004..0.005 rows=4 loops=1)
        ->  Materialize  (cost=1.85..51924.40 rows=2 width=37) (actual time=27.671..27.671 rows=0 loops=4)
              ->  Nested Loop  (cost=1.85..51924.39 rows=2 width=37) (actual time=110.683..110.683 rows=0 loops=1)
                    ->  Nested Loop  (cost=1.42..51922.68 rows=3 width=25) (actual time=110.683..110.683 rows=0 loops=1)
                          Join Filter: (ci.role_id = rt.id)
                          Rows Removed by Join Filter: 2614
                          ->  Nested Loop  (cost=1.42..51868.85 rows=583 width=29) (actual time=1.658..109.949 rows=2614 loops=1)
                                Join Filter: (t.id = ci.movie_id)
                                ->  Nested Loop  (cost=0.86..51178.91 rows=369 width=29) (actual time=1.642..62.273 rows=1259 loops=1)
                                      ->  Nested Loop  (cost=0.43..49945.83 rows=2376 width=8) (actual time=0.018..36.213 rows=8790 loops=1)
                                            ->  Seq Scan on company_name cn  (cost=0.00..5932.46 rows=214 width=4) (actual time=0.011..25.000 rows=1361 loops=1)
                                                  Filter: ((country_code)::text = '[ru]'::text)
                                                  Rows Removed by Filter: 233636
                                            ->  Index Scan using company_id_movie_companies on movie_companies mc  (cost=0.43..204.34 rows=133 width=12) (actual time=0.003..0.007 rows=6 loops=1361)
                                                  Index Cond: (company_id = cn.id)
                                      ->  Index Scan using title_pkey on title t  (cost=0.43..0.52 rows=1 width=21) (actual time=0.003..0.003 rows=0 loops=8790)
                                            Index Cond: (id = mc.movie_id)
                                            Filter: (production_year > 2010)
                                            Rows Removed by Filter: 1
                                ->  Index Scan using movie_id_cast_info on cast_info ci  (cost=0.56..1.84 rows=2 width=12) (actual time=0.021..0.037 rows=2 loops=1259)
                                      Index Cond: (movie_id = mc.movie_id)
                                      Filter: (note ~~ '%(producer)%'::text)
                                      Rows Removed by Filter: 44
                          ->  Materialize  (cost=0.00..18.89 rows=4 width=4) (actual time=0.000..0.000 rows=1 loops=2614)
                                ->  Seq Scan on role_type rt  (cost=0.00..18.88 rows=4 width=4) (actual time=0.005..0.016 rows=1 loops=1)
                                      Filter: ((role)::text = 'actor'::text)
                                      Rows Removed by Filter: 11
                    ->  Index Scan using char_name_pkey on char_name chn  (cost=0.43..0.57 rows=1 width=20) (never executed)
                          Index Cond: (id = ci.person_role_id)
Planning time: 1.695 ms
Execution time: 110.753 ms
