Aggregate  (cost=67317.42..67317.43 rows=1 width=64) (actual time=114.505..114.505 rows=1 loops=1)
  ->  Nested Loop  (cost=19.16..67317.41 rows=1 width=33) (actual time=114.503..114.503 rows=0 loops=1)
        ->  Nested Loop  (cost=18.73..67316.83 rows=1 width=21) (actual time=114.502..114.502 rows=0 loops=1)
              ->  Nested Loop  (cost=18.58..67313.58 rows=19 width=25) (actual time=1.782..111.976 rows=2614 loops=1)
                    Join Filter: (t.id = ci.movie_id)
                    ->  Nested Loop  (cost=18.01..67289.28 rows=13 width=25) (actual time=1.763..64.070 rows=1259 loops=1)
                          ->  Hash Join  (cost=17.58..67245.16 rows=85 width=4) (actual time=0.029..37.751 rows=8790 loops=1)
                                Hash Cond: (mc.company_type_id = ct.id)
                                ->  Nested Loop  (cost=0.43..67037.42 rows=15111 width=8) (actual time=0.020..36.155 rows=8790 loops=1)
                                      ->  Seq Scan on company_name cn  (cost=0.00..5932.46 rows=1361 width=4) (actual time=0.012..24.891 rows=1361 loops=1)
                                            Filter: ((country_code)::text = '[ru]'::text)
                                            Rows Removed by Filter: 233636
                                      ->  Index Scan using company_id_movie_companies on movie_companies mc  (cost=0.43..43.57 rows=133 width=12) (actual time=0.003..0.007 rows=6 loops=1361)
                                            Index Cond: (company_id = cn.id)
                                ->  Hash  (cost=17.10..17.10 rows=4 width=4) (actual time=0.005..0.005 rows=4 loops=1)
                                      Buckets: 1024  Batches: 1  Memory Usage: 9kB
                                      ->  Seq Scan on company_type ct  (cost=0.00..17.10 rows=4 width=4) (actual time=0.002..0.003 rows=4 loops=1)
                          ->  Index Scan using title_pkey on title t  (cost=0.43..0.52 rows=1 width=21) (actual time=0.003..0.003 rows=0 loops=8790)
                                Index Cond: (id = mc.movie_id)
                                Filter: (production_year > 2010)
                                Rows Removed by Filter: 1
                    ->  Index Scan using movie_id_cast_info on cast_info ci  (cost=0.56..1.84 rows=2 width=12) (actual time=0.021..0.038 rows=2 loops=1259)
                          Index Cond: (movie_id = mc.movie_id)
                          Filter: (note ~~ '%(producer)%'::text)
                          Rows Removed by Filter: 44
              ->  Index Scan using role_type_pkey on role_type rt  (cost=0.15..0.17 rows=1 width=4) (actual time=0.001..0.001 rows=0 loops=2614)
                    Index Cond: (id = ci.role_id)
                    Filter: ((role)::text = 'actor'::text)
                    Rows Removed by Filter: 1
        ->  Index Scan using char_name_pkey on char_name chn  (cost=0.43..0.58 rows=1 width=20) (never executed)
              Index Cond: (id = ci.person_role_id)
Planning time: 1.596 ms
Execution time: 114.557 ms
