Aggregate  (cost=111267.26..111267.27 rows=1 width=64) (actual time=17266.986..17266.986 rows=1 loops=1)
  ->  Nested Loop  (cost=7028.83..111267.25 rows=1 width=33) (actual time=4135.005..17266.930 rows=10 loops=1)
        ->  Hash Join  (cost=7028.40..111229.53 rows=65 width=21) (actual time=45.372..17047.628 rows=782104 loops=1)
              Hash Cond: (ci.role_id = rt.id)
              ->  Nested Loop  (cost=7011.15..111163.59 rows=3860 width=25) (actual time=45.360..16898.251 rows=782104 loops=1)
                    Join Filter: (t.id = ci.movie_id)
                    ->  Nested Loop  (cost=7010.58..102757.20 rows=4496 width=25) (actual time=45.318..3421.392 rows=596250 loops=1)
                          ->  Hash Join  (cost=7010.15..99383.87 rows=6500 width=4) (actual time=45.305..1154.009 rows=1153798 loops=1)
                                Hash Cond: (mc.company_type_id = ct.id)
                                ->  Hash Join  (cost=6993.00..84814.45 rows=1153798 width=8) (actual time=45.299..937.692 rows=1153798 loops=1)
                                      Hash Cond: (mc.company_id = cn.id)
                                      ->  Seq Scan on movie_companies mc  (cost=0.00..44881.29 rows=2609129 width=12) (actual time=0.004..247.879 rows=2609129 loops=1)
                                      ->  Hash  (cost=5932.46..5932.46 rows=84843 width=4) (actual time=44.765..44.765 rows=84843 loops=1)
                                            Buckets: 131072  Batches: 1  Memory Usage: 4007kB
                                            ->  Seq Scan on company_name cn  (cost=0.00..5932.46 rows=84843 width=4) (actual time=0.005..32.111 rows=84843 loops=1)
                                                  Filter: ((country_code)::text = '[us]'::text)
                                                  Rows Removed by Filter: 150154
                                ->  Hash  (cost=17.10..17.10 rows=4 width=4) (actual time=0.003..0.003 rows=4 loops=1)
                                      Buckets: 1024  Batches: 1  Memory Usage: 9kB
                                      ->  Seq Scan on company_type ct  (cost=0.00..17.10 rows=4 width=4) (actual time=0.002..0.003 rows=4 loops=1)
                          ->  Index Scan using title_pkey on title t  (cost=0.43..0.52 rows=1 width=21) (actual time=0.002..0.002 rows=1 loops=1153798)
                                Index Cond: (id = mc.movie_id)
                                Filter: (production_year > 1990)
                                Rows Removed by Filter: 0
                    ->  Index Scan using movie_id_cast_info on cast_info ci  (cost=0.56..1.84 rows=2 width=12) (actual time=0.013..0.022 rows=1 loops=596250)
                          Index Cond: (movie_id = mc.movie_id)
                          Filter: (note ~~ '%(producer)%'::text)
                          Rows Removed by Filter: 34
              ->  Hash  (cost=17.10..17.10 rows=12 width=4) (actual time=0.008..0.008 rows=12 loops=1)
                    Buckets: 1024  Batches: 1  Memory Usage: 9kB
                    ->  Seq Scan on role_type rt  (cost=0.00..17.10 rows=12 width=4) (actual time=0.004..0.005 rows=12 loops=1)
        ->  Index Scan using char_name_pkey on char_name chn  (cost=0.43..0.58 rows=1 width=20) (actual time=0.000..0.000 rows=0 loops=782104)
              Index Cond: (id = ci.person_role_id)
Planning time: 1.604 ms
Execution time: 17267.047 ms
