Aggregate  (cost=830980.11..830980.12 rows=1 width=64) (actual time=4870.183..4870.183 rows=1 loops=1)
  ->  Nested Loop  (cost=107107.22..830980.11 rows=1 width=33) (actual time=1387.155..4870.150 rows=10 loops=1)
        ->  Nested Loop  (cost=107106.79..830979.59 rows=1 width=24) (actual time=1387.140..4870.065 rows=14 loops=1)
              ->  Nested Loop  (cost=107106.64..830979.41 rows=1 width=28) (actual time=1387.113..4870.009 rows=14 loops=1)
                    ->  Nested Loop  (cost=107106.22..830978.97 rows=1 width=32) (actual time=1387.099..4869.843 rows=31 loops=1)
                          ->  Nested Loop  (cost=107105.79..830969.37 rows=15 width=20) (actual time=1387.085..4869.683 rows=15 loops=1)
                                ->  Hash Join  (cost=107105.64..830966.85 rows=15 width=24) (actual time=1387.067..4869.581 rows=15 loops=1)
                                      Hash Cond: (ci.person_role_id = chn.id)
                                      ->  Seq Scan on cast_info ci  (cost=0.00..705738.80 rows=1435439 width=12) (actual time=233.353..3646.651 rows=1435439 loops=1)
                                            Filter: (note ~~ '%(producer)%'::text)
                                            Rows Removed by Filter: 34808905
                                      ->  Hash  (cost=67851.40..67851.40 rows=3140339 width=20) (actual time=1145.323..1145.323 rows=3140339 loops=1)
                                            Buckets: 4194304  Batches: 1  Memory Usage: 198037kB
                                            ->  Seq Scan on char_name chn  (cost=0.00..67851.40 rows=3140339 width=20) (actual time=0.008..423.445 rows=3140339 loops=1)
                                ->  Index Only Scan using role_type_pkey on role_type rt  (cost=0.15..0.17 rows=1 width=4) (actual time=0.004..0.004 rows=1 loops=15)
                                      Index Cond: (id = ci.role_id)
                                      Heap Fetches: 15
                          ->  Index Scan using movie_id_movie_companies on movie_companies mc  (cost=0.43..0.59 rows=5 width=12) (actual time=0.007..0.009 rows=2 loops=15)
                                Index Cond: (movie_id = ci.movie_id)
                    ->  Index Scan using company_name_pkey on company_name cn  (cost=0.42..0.45 rows=1 width=4) (actual time=0.005..0.005 rows=0 loops=31)
                          Index Cond: (id = mc.company_id)
                          Filter: ((country_code)::text = '[us]'::text)
                          Rows Removed by Filter: 1
              ->  Index Only Scan using company_type_pkey on company_type ct  (cost=0.15..0.17 rows=1 width=4) (actual time=0.003..0.003 rows=1 loops=14)
                    Index Cond: (id = mc.company_type_id)
                    Heap Fetches: 14
        ->  Index Scan using title_pkey on title t  (cost=0.43..0.52 rows=1 width=21) (actual time=0.005..0.005 rows=1 loops=14)
              Index Cond: (id = mc.movie_id)
              Filter: (production_year > 1990)
              Rows Removed by Filter: 0
Planning time: 1.643 ms
Execution time: 4871.163 ms
