Aggregate  (cost=830985.14..830985.15 rows=1 width=64) (actual time=4970.995..4970.996 rows=1 loops=1)
  ->  Nested Loop  (cost=107107.22..830985.13 rows=1 width=33) (actual time=1470.861..4970.957 rows=10 loops=1)
        ->  Nested Loop  (cost=107106.79..830984.61 rows=1 width=24) (actual time=1470.847..4970.876 rows=14 loops=1)
              ->  Nested Loop  (cost=107106.37..830984.17 rows=1 width=28) (actual time=1470.833..4970.677 rows=31 loops=1)
                    ->  Nested Loop  (cost=107106.22..830978.97 rows=31 width=32) (actual time=1470.822..4970.584 rows=31 loops=1)
                          ->  Nested Loop  (cost=107105.79..830969.37 rows=15 width=20) (actual time=1470.807..4970.409 rows=15 loops=1)
                                ->  Hash Join  (cost=107105.64..830966.85 rows=15 width=24) (actual time=1470.788..4970.286 rows=15 loops=1)
                                      Hash Cond: (ci.person_role_id = chn.id)
                                      ->  Seq Scan on cast_info ci  (cost=0.00..705738.80 rows=1435439 width=12) (actual time=234.538..3665.424 rows=1435439 loops=1)
                                            Filter: (note ~~ '%(producer)%'::text)
                                            Rows Removed by Filter: 34808905
                                      ->  Hash  (cost=67851.40..67851.40 rows=3140339 width=20) (actual time=1227.717..1227.717 rows=3140339 loops=1)
                                            Buckets: 4194304  Batches: 1  Memory Usage: 198037kB
                                            ->  Seq Scan on char_name chn  (cost=0.00..67851.40 rows=3140339 width=20) (actual time=0.013..429.550 rows=3140339 loops=1)
                                ->  Index Only Scan using role_type_pkey on role_type rt  (cost=0.15..0.17 rows=1 width=4) (actual time=0.005..0.005 rows=1 loops=15)
                                      Index Cond: (id = ci.role_id)
                                      Heap Fetches: 15
                          ->  Index Scan using movie_id_movie_companies on movie_companies mc  (cost=0.43..0.59 rows=5 width=12) (actual time=0.008..0.009 rows=2 loops=15)
                                Index Cond: (movie_id = ci.movie_id)
                    ->  Index Only Scan using company_type_pkey on company_type ct  (cost=0.15..0.17 rows=1 width=4) (actual time=0.002..0.002 rows=1 loops=31)
                          Index Cond: (id = mc.company_type_id)
                          Heap Fetches: 31
              ->  Index Scan using company_name_pkey on company_name cn  (cost=0.42..0.45 rows=1 width=4) (actual time=0.006..0.006 rows=0 loops=31)
                    Index Cond: (id = mc.company_id)
                    Filter: ((country_code)::text = '[us]'::text)
                    Rows Removed by Filter: 1
        ->  Index Scan using title_pkey on title t  (cost=0.43..0.52 rows=1 width=21) (actual time=0.005..0.005 rows=1 loops=14)
              Index Cond: (id = mc.movie_id)
              Filter: (production_year > 1990)
              Rows Removed by Filter: 0
Planning time: 1.634 ms
Execution time: 4971.981 ms
