Aggregate  (cost=830996.67..830996.68 rows=1 width=64) (actual time=4951.719..4951.719 rows=1 loops=1)
  ->  Nested Loop  (cost=107107.22..830996.62 rows=10 width=33) (actual time=1452.915..4951.685 rows=10 loops=1)
        ->  Nested Loop  (cost=107107.07..830994.95 rows=10 width=37) (actual time=1452.903..4951.652 rows=10 loops=1)
              ->  Nested Loop  (cost=107106.92..830993.26 rows=10 width=41) (actual time=1452.893..4951.616 rows=10 loops=1)
                    ->  Nested Loop  (cost=107106.50..830983.01 rows=23 width=45) (actual time=1452.879..4951.483 rows=23 loops=1)
                          ->  Nested Loop  (cost=107106.07..830975.49 rows=12 width=45) (actual time=1452.865..4951.353 rows=12 loops=1)
                                ->  Hash Join  (cost=107105.64..830966.85 rows=15 width=24) (actual time=1452.844..4951.160 rows=15 loops=1)
                                      Hash Cond: (ci.person_role_id = chn.id)
                                      ->  Seq Scan on cast_info ci  (cost=0.00..705738.80 rows=1435439 width=12) (actual time=234.208..3663.513 rows=1435439 loops=1)
                                            Filter: (note ~~ '%(producer)%'::text)
                                            Rows Removed by Filter: 34808905
                                      ->  Hash  (cost=67851.40..67851.40 rows=3140339 width=20) (actual time=1210.102..1210.102 rows=3140339 loops=1)
                                            Buckets: 4194304  Batches: 1  Memory Usage: 198037kB
                                            ->  Seq Scan on char_name chn  (cost=0.00..67851.40 rows=3140339 width=20) (actual time=0.012..426.407 rows=3140339 loops=1)
                                ->  Index Scan using title_pkey on title t  (cost=0.43..0.58 rows=1 width=21) (actual time=0.010..0.010 rows=1 loops=15)
                                      Index Cond: (id = ci.movie_id)
                                      Filter: (production_year > 1990)
                                      Rows Removed by Filter: 0
                          ->  Index Scan using movie_id_movie_companies on movie_companies mc  (cost=0.43..0.58 rows=5 width=12) (actual time=0.007..0.009 rows=2 loops=12)
                                Index Cond: (movie_id = t.id)
                    ->  Index Scan using company_name_pkey on company_name cn  (cost=0.42..0.45 rows=1 width=4) (actual time=0.005..0.005 rows=0 loops=23)
                          Index Cond: (id = mc.company_id)
                          Filter: ((country_code)::text = '[us]'::text)
                          Rows Removed by Filter: 1
              ->  Index Only Scan using company_type_pkey on company_type ct  (cost=0.15..0.17 rows=1 width=4) (actual time=0.002..0.002 rows=1 loops=10)
                    Index Cond: (id = mc.company_type_id)
                    Heap Fetches: 10
        ->  Index Only Scan using role_type_pkey on role_type rt  (cost=0.15..0.17 rows=1 width=4) (actual time=0.002..0.002 rows=1 loops=10)
              Index Cond: (id = ci.role_id)
              Heap Fetches: 10
Planning time: 1.746 ms
Execution time: 4952.756 ms
