Aggregate  (cost=94935.40..94935.41 rows=1 width=64) (actual time=24394.818..24394.819 rows=1 loops=1)
  ->  Nested Loop  (cost=19.15..94935.18 rows=44 width=33) (actual time=5710.258..24394.759 rows=10 loops=1)
        ->  Nested Loop  (cost=18.72..94882.37 rows=91 width=21) (actual time=0.109..24184.686 rows=782104 loops=1)
              ->  Nested Loop  (cost=18.57..93978.30 rows=5397 width=25) (actual time=0.089..23411.761 rows=782104 loops=1)
                    Join Filter: (t.id = ci.movie_id)
                    ->  Nested Loop  (cost=18.00..87114.45 rows=3671 width=25) (actual time=0.038..8755.321 rows=596250 loops=1)
                          ->  Nested Loop  (cost=17.57..84360.26 rows=5307 width=4) (actual time=0.030..6266.462 rows=1153798 loops=1)
                                ->  Hash Join  (cost=17.15..77806.08 rows=14699 width=8) (actual time=0.020..827.938 rows=2609129 loops=1)
                                      Hash Cond: (mc.company_type_id = ct.id)
                                      ->  Seq Scan on movie_companies mc  (cost=0.00..44881.29 rows=2609129 width=12) (actual time=0.006..254.412 rows=2609129 loops=1)
                                      ->  Hash  (cost=17.10..17.10 rows=4 width=4) (actual time=0.009..0.009 rows=4 loops=1)
                                            Buckets: 1024  Batches: 1  Memory Usage: 9kB
                                            ->  Seq Scan on company_type ct  (cost=0.00..17.10 rows=4 width=4) (actual time=0.003..0.004 rows=4 loops=1)
                                ->  Index Scan using company_name_pkey on company_name cn  (cost=0.42..0.45 rows=1 width=4) (actual time=0.002..0.002 rows=0 loops=2609129)
                                      Index Cond: (id = mc.company_id)
                                      Filter: ((country_code)::text = '[us]'::text)
                                      Rows Removed by Filter: 1
                          ->  Index Scan using title_pkey on title t  (cost=0.43..0.52 rows=1 width=21) (actual time=0.002..0.002 rows=1 loops=1153798)
                                Index Cond: (id = mc.movie_id)
                                Filter: (production_year > 1990)
                                Rows Removed by Filter: 0
                    ->  Index Scan using movie_id_cast_info on cast_info ci  (cost=0.56..1.84 rows=2 width=12) (actual time=0.015..0.024 rows=1 loops=596250)
                          Index Cond: (movie_id = mc.movie_id)
                          Filter: (note ~~ '%(producer)%'::text)
                          Rows Removed by Filter: 34
              ->  Index Only Scan using role_type_pkey on role_type rt  (cost=0.15..0.17 rows=1 width=4) (actual time=0.001..0.001 rows=1 loops=782104)
                    Index Cond: (id = ci.role_id)
                    Heap Fetches: 782104
        ->  Index Scan using char_name_pkey on char_name chn  (cost=0.43..0.58 rows=1 width=20) (actual time=0.000..0.000 rows=0 loops=782104)
              Index Cond: (id = ci.person_role_id)
Planning time: 1.642 ms
Execution time: 24394.873 ms
