Aggregate  (cost=1045016.83..1045016.84 rows=1 width=64) (actual time=7441.392..7441.393 rows=1 loops=1)
  ->  Hash Join  (cost=301558.05..1042549.61 rows=493445 width=33) (actual time=3540.631..7441.350 rows=10 loops=1)
        Hash Cond: (ci.role_id = rt.id)
        ->  Hash Join  (cost=301532.08..1036300.06 rows=493445 width=37) (actual time=3540.607..7441.320 rows=10 loops=1)
              Hash Cond: (mc.company_type_id = ct.id)
              ->  Hash Join  (cost=301506.10..1030050.51 rows=493445 width=41) (actual time=3540.592..7441.299 rows=10 loops=1)
                    Hash Cond: (ci.person_role_id = chn.id)
                    ->  Hash Join  (cost=194400.45..909911.02 rows=1032383 width=29) (actual time=2315.831..6178.403 rows=782104 loops=1)
                          Hash Cond: (ci.movie_id = t.id)
                          ->  Seq Scan on cast_info ci  (cost=0.00..705738.80 rows=1542682 width=12) (actual time=229.277..3629.288 rows=1435439 loops=1)
                                Filter: (note ~~ '%(producer)%'::text)
                                Rows Removed by Filter: 34808905
                          ->  Hash  (cost=186232.70..186232.70 rows=653420 width=29) (actual time=2084.368..2084.368 rows=596250 loops=1)
                                Buckets: 1048576  Batches: 1  Memory Usage: 46113kB
                                ->  Hash Join  (cost=96516.59..186232.70 rows=653420 width=29) (actual time=893.025..1935.322 rows=596250 loops=1)
                                      Hash Cond: (mc.movie_id = t.id)
                                      ->  Hash Join  (cost=6993.17..84814.62 rows=942152 width=8) (actual time=46.638..741.789 rows=1153798 loops=1)
                                            Hash Cond: (mc.company_id = cn.id)
                                            ->  Seq Scan on movie_companies mc  (cost=0.00..44881.29 rows=2609129 width=12) (actual time=0.010..222.919 rows=2609129 loops=1)
                                            ->  Hash  (cost=5932.46..5932.46 rows=84857 width=4) (actual time=46.107..46.107 rows=84843 loops=1)
                                                  Buckets: 131072  Batches: 1  Memory Usage: 4007kB
                                                  ->  Seq Scan on company_name cn  (cost=0.00..5932.46 rows=84857 width=4) (actual time=0.008..32.923 rows=84843 loops=1)
                                                        Filter: ((country_code)::text = '[us]'::text)
                                                        Rows Removed by Filter: 150154
                                      ->  Hash  (cost=67603.64..67603.64 rows=1753582 width=21) (actual time=841.862..841.862 rows=1749032 loops=1)
                                            Buckets: 2097152  Batches: 1  Memory Usage: 110019kB
                                            ->  Seq Scan on title t  (cost=0.00..67603.64 rows=1753582 width=21) (actual time=0.010..406.788 rows=1749032 loops=1)
                                                  Filter: (production_year > 1990)
                                                  Rows Removed by Filter: 779280
                    ->  Hash  (cost=67851.40..67851.40 rows=3140340 width=20) (actual time=1216.336..1216.336 rows=3140339 loops=1)
                          Buckets: 4194304  Batches: 1  Memory Usage: 198037kB
                          ->  Seq Scan on char_name chn  (cost=0.00..67851.40 rows=3140340 width=20) (actual time=0.008..428.571 rows=3140339 loops=1)
              ->  Hash  (cost=17.10..17.10 rows=710 width=4) (actual time=0.006..0.006 rows=4 loops=1)
                    Buckets: 1024  Batches: 1  Memory Usage: 9kB
                    ->  Seq Scan on company_type ct  (cost=0.00..17.10 rows=710 width=4) (actual time=0.003..0.003 rows=4 loops=1)
        ->  Hash  (cost=17.10..17.10 rows=710 width=4) (actual time=0.011..0.011 rows=12 loops=1)
              Buckets: 1024  Batches: 1  Memory Usage: 9kB
              ->  Seq Scan on role_type rt  (cost=0.00..17.10 rows=710 width=4) (actual time=0.005..0.006 rows=12 loops=1)
Planning time: 1.735 ms
Execution time: 7443.016 ms
