Aggregate  (cost=830995.50..830995.51 rows=1 width=64) (actual time=4999.794..4999.794 rows=1 loops=1)
  ->  Nested Loop  (cost=107107.22..830995.49 rows=1 width=33) (actual time=1463.663..4999.755 rows=10 loops=1)
        ->  Nested Loop  (cost=107106.79..830994.98 rows=1 width=24) (actual time=1463.649..4999.674 rows=14 loops=1)
              ->  Nested Loop  (cost=107106.64..830992.63 rows=14 width=28) (actual time=1463.638..4999.633 rows=14 loops=1)
                    ->  Nested Loop  (cost=107106.49..830990.27 rows=14 width=32) (actual time=1463.627..4999.589 rows=14 loops=1)
                          ->  Nested Loop  (cost=107106.07..830976.45 rows=31 width=36) (actual time=1463.612..4999.404 rows=31 loops=1)
                                ->  Hash Join  (cost=107105.64..830966.85 rows=15 width=24) (actual time=1463.590..4999.202 rows=15 loops=1)
                                      Hash Cond: (ci.person_role_id = chn.id)
                                      ->  Seq Scan on cast_info ci  (cost=0.00..705738.80 rows=1435439 width=12) (actual time=235.707..3700.919 rows=1435439 loops=1)
                                            Filter: (note ~~ '%(producer)%'::text)
                                            Rows Removed by Filter: 34808905
                                      ->  Hash  (cost=67851.40..67851.40 rows=3140339 width=20) (actual time=1219.445..1219.445 rows=3140339 loops=1)
                                            Buckets: 4194304  Batches: 1  Memory Usage: 198037kB
                                            ->  Seq Scan on char_name chn  (cost=0.00..67851.40 rows=3140339 width=20) (actual time=0.015..427.931 rows=3140339 loops=1)
                                ->  Index Scan using movie_id_movie_companies on movie_companies mc  (cost=0.43..0.59 rows=5 width=12) (actual time=0.009..0.010 rows=2 loops=15)
                                      Index Cond: (movie_id = ci.movie_id)
                          ->  Index Scan using company_name_pkey on company_name cn  (cost=0.42..0.45 rows=1 width=4) (actual time=0.005..0.005 rows=0 loops=31)
                                Index Cond: (id = mc.company_id)
                                Filter: ((country_code)::text = '[us]'::text)
                                Rows Removed by Filter: 1
                    ->  Index Only Scan using company_type_pkey on company_type ct  (cost=0.15..0.17 rows=1 width=4) (actual time=0.002..0.002 rows=1 loops=14)
                          Index Cond: (id = mc.company_type_id)
                          Heap Fetches: 14
              ->  Index Only Scan using role_type_pkey on role_type rt  (cost=0.15..0.17 rows=1 width=4) (actual time=0.002..0.002 rows=1 loops=14)
                    Index Cond: (id = ci.role_id)
                    Heap Fetches: 14
        ->  Index Scan using title_pkey on title t  (cost=0.43..0.52 rows=1 width=21) (actual time=0.005..0.005 rows=1 loops=14)
              Index Cond: (id = mc.movie_id)
              Filter: (production_year > 1990)
              Rows Removed by Filter: 0
Planning time: 1.749 ms
Execution time: 5000.788 ms
