Aggregate  (cost=451.02..451.03 rows=1 width=96) (actual time=34.539..34.539 rows=1 loops=1)
  ->  Nested Loop  (cost=41.10..451.01 rows=1 width=118) (actual time=2.036..34.435 rows=310 loops=1)
        ->  Nested Loop  (cost=40.68..449.67 rows=3 width=122) (actual time=1.244..24.656 rows=6863 loops=1)
              Join Filter: (ml.movie_id = mk.movie_id)
              ->  Nested Loop  (cost=40.25..447.74 rows=1 width=130) (actual time=1.237..21.732 rows=698 loops=1)
                    Join Filter: (ml.movie_id = t.id)
                    ->  Nested Loop  (cost=39.82..447.13 rows=1 width=109) (actual time=0.333..19.670 rows=1152 loops=1)
                          ->  Nested Loop  (cost=39.40..446.68 rows=1 width=94) (actual time=0.075..11.811 rows=4393 loops=1)
                                ->  Nested Loop  (cost=39.25..428.81 rows=105 width=98) (actual time=0.072..7.398 rows=5069 loops=1)
                                      ->  Nested Loop  (cost=38.82..262.88 rows=42 width=86) (actual time=0.065..0.919 rows=2315 loops=1)
                                            ->  Seq Scan on link_type lt  (cost=0.00..18.88 rows=1 width=86) (actual time=0.005..0.009 rows=2 loops=1)
                                                  Filter: ((link)::text ~~ '%follow%'::text)
                                                  Rows Removed by Filter: 16
                                            ->  Bitmap Heap Scan on movie_link ml  (cost=38.82..225.26 rows=1875 width=8) (actual time=0.055..0.311 rows=1158 loops=2)
                                                  Recheck Cond: (link_type_id = lt.id)
                                                  Heap Blocks: exact=191
                                                  ->  Bitmap Index Scan on link_type_id_movie_link  (cost=0.00..38.35 rows=1875 width=0) (actual time=0.043..0.043 rows=1158 loops=2)
                                                        Index Cond: (link_type_id = lt.id)
                                      ->  Index Scan using movie_id_movie_companies on movie_companies mc  (cost=0.43..3.92 rows=3 width=12) (actual time=0.002..0.002 rows=2 loops=2315)
                                            Index Cond: (movie_id = ml.movie_id)
                                            Filter: (note IS NULL)
                                            Rows Removed by Filter: 2
                                ->  Index Scan using company_type_pkey on company_type ct  (cost=0.15..0.17 rows=1 width=4) (actual time=0.001..0.001 rows=1 loops=5069)
                                      Index Cond: (id = mc.company_type_id)
                                      Filter: ((kind)::text = 'production companies'::text)
                                      Rows Removed by Filter: 0
                          ->  Index Scan using company_name_pkey on company_name cn  (cost=0.42..0.46 rows=1 width=23) (actual time=0.002..0.002 rows=0 loops=4393)
                                Index Cond: (id = mc.company_id)
                                Filter: (((country_code)::text <> '[pl]'::text) AND ((name ~~ '%Film%'::text) OR (name ~~ '%Warner%'::text)))
                                Rows Removed by Filter: 1
                    ->  Index Scan using title_pkey on title t  (cost=0.43..0.59 rows=1 width=21) (actual time=0.002..0.002 rows=1 loops=1152)
                          Index Cond: (id = mc.movie_id)
                          Filter: ((production_year >= 1950) AND (production_year <= 2000))
                          Rows Removed by Filter: 0
              ->  Index Scan using movie_id_movie_keyword on movie_keyword mk  (cost=0.43..1.35 rows=46 width=8) (actual time=0.001..0.003 rows=10 loops=698)
                    Index Cond: (movie_id = mc.movie_id)
        ->  Index Scan using keyword_pkey on keyword k  (cost=0.42..0.44 rows=1 width=4) (actual time=0.001..0.001 rows=0 loops=6863)
              Index Cond: (id = mk.keyword_id)
              Filter: (keyword = 'sequel'::text)
              Rows Removed by Filter: 1
Planning time: 3.392 ms
Execution time: 34.608 ms
