Aggregate  (cost=450.05..450.06 rows=1 width=96) (actual time=14.102..14.102 rows=1 loops=1)
  ->  Nested Loop  (cost=41.10..450.04 rows=1 width=118) (actual time=10.358..14.090 rows=14 loops=1)
        Join Filter: (ml.movie_id = t.id)
        ->  Nested Loop  (cost=40.67..449.54 rows=1 width=113) (actual time=1.979..13.891 rows=102 loops=1)
              ->  Nested Loop  (cost=40.25..449.07 rows=1 width=117) (actual time=0.359..10.266 rows=2435 loops=1)
                    Join Filter: (ml.movie_id = mk.movie_id)
                    ->  Nested Loop  (cost=39.82..447.15 rows=1 width=109) (actual time=0.353..8.812 rows=450 loops=1)
                          ->  Nested Loop  (cost=39.40..446.69 rows=1 width=94) (actual time=0.072..5.466 rows=1793 loops=1)
                                ->  Nested Loop  (cost=39.25..428.81 rows=105 width=98) (actual time=0.069..3.604 rows=2077 loops=1)
                                      ->  Nested Loop  (cost=38.82..262.88 rows=42 width=86) (actual time=0.063..0.453 rows=1158 loops=1)
                                            ->  Seq Scan on link_type lt  (cost=0.00..18.88 rows=1 width=86) (actual time=0.004..0.008 rows=1 loops=1)
                                                  Filter: ((link)::text ~~ '%follows%'::text)
                                                  Rows Removed by Filter: 17
                                            ->  Bitmap Heap Scan on movie_link ml  (cost=38.82..225.26 rows=1875 width=8) (actual time=0.057..0.301 rows=1158 loops=1)
                                                  Recheck Cond: (link_type_id = lt.id)
                                                  Heap Blocks: exact=95
                                                  ->  Bitmap Index Scan on link_type_id_movie_link  (cost=0.00..38.35 rows=1875 width=0) (actual time=0.045..0.045 rows=1158 loops=1)
                                                        Index Cond: (link_type_id = lt.id)
                                      ->  Index Scan using movie_id_movie_companies on movie_companies mc  (cost=0.43..3.92 rows=3 width=12) (actual time=0.002..0.002 rows=2 loops=1158)
                                            Index Cond: (movie_id = ml.movie_id)
                                            Filter: (note IS NULL)
                                            Rows Removed by Filter: 2
                                ->  Index Scan using company_type_pkey on company_type ct  (cost=0.15..0.17 rows=1 width=4) (actual time=0.001..0.001 rows=1 loops=2077)
                                      Index Cond: (id = mc.company_type_id)
                                      Filter: ((kind)::text = 'production companies'::text)
                                      Rows Removed by Filter: 0
                          ->  Index Scan using company_name_pkey on company_name cn  (cost=0.42..0.46 rows=1 width=23) (actual time=0.002..0.002 rows=0 loops=1793)
                                Index Cond: (id = mc.company_id)
                                Filter: (((country_code)::text <> '[pl]'::text) AND ((name ~~ '%Film%'::text) OR (name ~~ '%Warner%'::text)))
                                Rows Removed by Filter: 1
                    ->  Index Scan using movie_id_movie_keyword on movie_keyword mk  (cost=0.43..1.35 rows=46 width=8) (actual time=0.001..0.002 rows=5 loops=450)
                          Index Cond: (movie_id = mc.movie_id)
              ->  Index Scan using keyword_pkey on keyword k  (cost=0.42..0.44 rows=1 width=4) (actual time=0.001..0.001 rows=0 loops=2435)
                    Index Cond: (id = mk.keyword_id)
                    Filter: (keyword = 'sequel'::text)
                    Rows Removed by Filter: 1
        ->  Index Scan using title_pkey on title t  (cost=0.43..0.49 rows=1 width=21) (actual time=0.002..0.002 rows=0 loops=102)
              Index Cond: (id = mk.movie_id)
              Filter: ((title ~~ '%Money%'::text) AND (production_year = 1998))
              Rows Removed by Filter: 1
Planning time: 3.341 ms
Execution time: 14.167 ms
