Aggregate  (cost=16778.40..16778.41 rows=1 width=96) (actual time=109.222..109.222 rows=1 loops=1)
  ->  Nested Loop  (cost=6808.18..16726.30 rows=6946 width=60) (actual time=65.732..106.684 rows=6946 loops=1)
        ->  Hash Join  (cost=6807.76..9917.16 rows=14916 width=45) (actual time=64.917..83.548 rows=14916 loops=1)
              Hash Cond: (mc.company_type_id = ct.id)
              ->  Nested Loop  (cost=6788.84..9702.63 rows=15510 width=49) (actual time=64.904..80.878 rows=15510 loops=1)
                    Join Filter: (ml.movie_id = mc.movie_id)
                    ->  Nested Loop  (cost=6788.41..8858.84 rows=1460 width=29) (actual time=64.893..73.359 rows=1460 loops=1)
                          Join Filter: (ml.movie_id = t.id)
                          ->  Hash Join  (cost=6787.98..8125.51 rows=1460 width=8) (actual time=64.876..70.758 rows=1460 loops=1)
                                Hash Cond: (ml.link_type_id = lt.id)
                                ->  Hash Join  (cost=6770.66..8089.77 rows=1460 width=12) (actual time=64.865..70.466 rows=1460 loops=1)
                                      Hash Cond: (ml.movie_id = mk.movie_id)
                                      ->  Seq Scan on movie_link ml  (cost=0.00..462.97 rows=29997 width=8) (actual time=0.005..2.199 rows=29997 loops=1)
                                      ->  Hash  (cost=6178.12..6178.12 rows=47403 width=4) (actual time=64.736..64.736 rows=47403 loops=1)
                                            Buckets: 65536  Batches: 1  Memory Usage: 2179kB
                                            ->  Nested Loop  (cost=6.83..6178.12 rows=47403 width=4) (actual time=2.225..57.639 rows=47403 loops=1)
                                                  ->  Seq Scan on keyword k  (cost=0.00..2793.84 rows=3 width=4) (actual time=0.695..16.108 rows=3 loops=1)
                                                        Filter: (keyword = ANY ('{sequel,revenge,based-on-novel}'::text[]))
                                                        Rows Removed by Filter: 134167
                                                  ->  Bitmap Heap Scan on movie_keyword mk  (cost=6.83..1125.00 rows=309 width=8) (actual time=2.093..12.105 rows=15801 loops=3)
                                                        Recheck Cond: (keyword_id = k.id)
                                                        Heap Blocks: exact=23953
                                                        ->  Bitmap Index Scan on keyword_id_movie_keyword  (cost=0.00..6.75 rows=309 width=0) (actual time=1.109..1.109 rows=15801 loops=3)
                                                              Index Cond: (keyword_id = k.id)
                                ->  Hash  (cost=17.10..17.10 rows=18 width=4) (actual time=0.007..0.007 rows=18 loops=1)
                                      Buckets: 1024  Batches: 1  Memory Usage: 9kB
                                      ->  Seq Scan on link_type lt  (cost=0.00..17.10 rows=18 width=4) (actual time=0.002..0.005 rows=18 loops=1)
                          ->  Index Scan using title_pkey on title t  (cost=0.43..0.49 rows=1 width=21) (actual time=0.001..0.001 rows=1 loops=1460)
                                Index Cond: (id = mk.movie_id)
                                Filter: (production_year > 1950)
                    ->  Index Scan using movie_id_movie_companies on movie_companies mc  (cost=0.43..0.54 rows=3 width=36) (actual time=0.002..0.004 rows=11 loops=1460)
                          Index Cond: (movie_id = mk.movie_id)
                          Filter: (note IS NOT NULL)
                          Rows Removed by Filter: 2
              ->  Hash  (cost=18.88..18.88 rows=3 width=4) (actual time=0.008..0.008 rows=3 loops=1)
                    Buckets: 1024  Batches: 1  Memory Usage: 9kB
                    ->  Seq Scan on company_type ct  (cost=0.00..18.88 rows=3 width=4) (actual time=0.005..0.006 rows=3 loops=1)
                          Filter: ((kind IS NOT NULL) AND ((kind)::text <> 'production companies'::text))
                          Rows Removed by Filter: 1
        ->  Index Scan using company_name_pkey on company_name cn  (cost=0.42..0.46 rows=1 width=23) (actual time=0.001..0.001 rows=0 loops=14916)
              Index Cond: (id = mc.company_id)
              Filter: (((country_code)::text <> '[pl]'::text) AND ((name ~~ '20th Century Fox%'::text) OR (name ~~ 'Twentieth Century Fox%'::text)))
              Rows Removed by Filter: 1
Planning time: 3.530 ms
Execution time: 109.303 ms
