Aggregate  (cost=4064.99..4065.00 rows=1 width=96) (actual time=5857.780..5857.780 rows=1 loops=1)
  ->  Nested Loop  (cost=38.37..4064.99 rows=1 width=60) (actual time=29.208..5851.850 rows=14899 loops=1)
        ->  Nested Loop  (cost=37.95..3926.46 rows=313 width=64) (actual time=0.050..1377.783 rows=3200479 loops=1)
              Join Filter: (ml.movie_id = mk.movie_id)
              ->  Nested Loop  (cost=37.52..3913.33 rows=7 width=72) (actual time=0.046..416.624 rows=95870 loops=1)
                    ->  Nested Loop  (cost=37.10..3910.17 rows=7 width=57) (actual time=0.041..263.119 rows=96891 loops=1)
                          Join Filter: (ml.movie_id = t.id)
                          ->  Hash Join  (cost=36.67..3905.39 rows=8 width=36) (actual time=0.036..108.933 rows=97035 loops=1)
                                Hash Cond: (mc.company_type_id = ct.id)
                                ->  Nested Loop  (cost=17.76..3861.24 rows=2001 width=40) (actual time=0.028..88.092 rows=105089 loops=1)
                                      ->  Hash Join  (cost=17.33..858.63 rows=760 width=4) (actual time=0.021..9.017 rows=29997 loops=1)
                                            Hash Cond: (ml.link_type_id = lt.id)
                                            ->  Seq Scan on movie_link ml  (cost=0.00..462.97 rows=29997 width=8) (actual time=0.008..2.749 rows=29997 loops=1)
                                            ->  Hash  (cost=17.10..17.10 rows=18 width=4) (actual time=0.008..0.008 rows=18 loops=1)
                                                  Buckets: 1024  Batches: 1  Memory Usage: 9kB
                                                  ->  Seq Scan on link_type lt  (cost=0.00..17.10 rows=18 width=4) (actual time=0.003..0.005 rows=18 loops=1)
                                      ->  Index Scan using movie_id_movie_companies on movie_companies mc  (cost=0.43..3.92 rows=3 width=36) (actual time=0.001..0.002 rows=4 loops=29997)
                                            Index Cond: (movie_id = ml.movie_id)
                                            Filter: (note IS NOT NULL)
                                            Rows Removed by Filter: 1
                                ->  Hash  (cost=18.88..18.88 rows=3 width=4) (actual time=0.005..0.005 rows=3 loops=1)
                                      Buckets: 1024  Batches: 1  Memory Usage: 9kB
                                      ->  Seq Scan on company_type ct  (cost=0.00..18.88 rows=3 width=4) (actual time=0.003..0.004 rows=3 loops=1)
                                            Filter: ((kind IS NOT NULL) AND ((kind)::text <> 'production companies'::text))
                                            Rows Removed by Filter: 1
                          ->  Index Scan using title_pkey on title t  (cost=0.43..0.58 rows=1 width=21) (actual time=0.001..0.001 rows=1 loops=97035)
                                Index Cond: (id = mc.movie_id)
                                Filter: (production_year > 1950)
                                Rows Removed by Filter: 0
                    ->  Index Scan using company_name_pkey on company_name cn  (cost=0.42..0.45 rows=1 width=23) (actual time=0.001..0.001 rows=1 loops=96891)
                          Index Cond: (id = mc.company_id)
                          Filter: ((country_code)::text <> '[pl]'::text)
                          Rows Removed by Filter: 0
              ->  Index Scan using movie_id_movie_keyword on movie_keyword mk  (cost=0.43..1.30 rows=46 width=8) (actual time=0.002..0.005 rows=33 loops=95870)
                    Index Cond: (movie_id = t.id)
        ->  Index Scan using keyword_pkey on keyword k  (cost=0.42..0.44 rows=1 width=4) (actual time=0.001..0.001 rows=0 loops=3200479)
              Index Cond: (id = mk.keyword_id)
              Filter: (keyword = ANY ('{sequel,revenge,based-on-novel}'::text[]))
              Rows Removed by Filter: 1
Planning time: 3.272 ms
Execution time: 5857.844 ms
