Aggregate  (cost=20883.22..20883.23 rows=1 width=96) (actual time=299.686..299.686 rows=1 loops=1)
  ->  Nested Loop  (cost=6400.20..20883.21 rows=1 width=41) (actual time=29.432..299.481 rows=397 loops=1)
        ->  Nested Loop  (cost=6400.06..20883.03 rows=1 width=45) (actual time=29.424..298.924 rows=397 loops=1)
              Join Filter: (t.id = mi.movie_id)
              ->  Nested Loop  (cost=6399.63..20881.45 rows=1 width=53) (actual time=17.231..231.885 rows=5674 loops=1)
                    ->  Nested Loop  (cost=6399.21..20880.56 rows=2 width=38) (actual time=17.221..217.049 rows=6610 loops=1)
                          Join Filter: (mi_idx.movie_id = t.id)
                          ->  Hash Join  (cost=6398.78..20873.08 rows=14 width=17) (actual time=16.026..167.123 rows=24233 loops=1)
                                Hash Cond: (mc.company_type_id = ct.id)
                                ->  Nested Loop  (cost=6379.85..20822.67 rows=2497 width=21) (actual time=15.996..159.330 rows=64707 loops=1)
                                      ->  Nested Loop  (cost=6379.42..19628.99 rows=485 width=9) (actual time=15.981..104.680 rows=15849 loops=1)
                                            ->  Seq Scan on info_type it2  (cost=0.00..2.41 rows=1 width=4) (actual time=0.010..0.013 rows=1 loops=1)
                                                  Filter: ((info)::text = 'rating'::text)
                                                  Rows Removed by Filter: 112
                                            ->  Bitmap Heap Scan on movie_info_idx mi_idx  (cost=6379.42..19489.56 rows=13702 width=13) (actual time=15.970..103.014 rows=15849 loops=1)
                                                  Recheck Cond: (info_type_id = it2.id)
                                                  Filter: (info > '8.0'::text)
                                                  Rows Removed by Filter: 444076
                                                  Heap Blocks: exact=7934
                                                  ->  Bitmap Index Scan on info_type_id_movie_info_idx  (cost=0.00..6375.99 rows=345009 width=0) (actual time=14.890..14.890 rows=459925 loops=1)
                                                        Index Cond: (info_type_id = it2.id)
                                      ->  Index Scan using movie_id_movie_companies on movie_companies mc  (cost=0.43..2.41 rows=5 width=12) (actual time=0.002..0.003 rows=4 loops=15849)
                                            Index Cond: (movie_id = mi_idx.movie_id)
                                ->  Hash  (cost=18.88..18.88 rows=4 width=4) (actual time=0.007..0.007 rows=1 loops=1)
                                      Buckets: 1024  Batches: 1  Memory Usage: 9kB
                                      ->  Seq Scan on company_type ct  (cost=0.00..18.88 rows=4 width=4) (actual time=0.005..0.006 rows=1 loops=1)
                                            Filter: ((kind)::text = 'production companies'::text)
                                            Rows Removed by Filter: 3
                          ->  Index Scan using title_pkey on title t  (cost=0.43..0.52 rows=1 width=21) (actual time=0.002..0.002 rows=0 loops=24233)
                                Index Cond: (id = mc.movie_id)
                                Filter: ((production_year >= 2005) AND (production_year <= 2008))
                                Rows Removed by Filter: 1
                    ->  Index Scan using company_name_pkey on company_name cn  (cost=0.42..0.45 rows=1 width=23) (actual time=0.002..0.002 rows=1 loops=6610)
                          Index Cond: (id = mc.company_id)
                          Filter: ((country_code)::text = '[us]'::text)
                          Rows Removed by Filter: 0
              ->  Index Scan using movie_id_movie_info on movie_info mi  (cost=0.43..1.57 rows=1 width=8) (actual time=0.012..0.012 rows=0 loops=5674)
                    Index Cond: (movie_id = mc.movie_id)
                    Filter: (info = ANY ('{Drama,Horror}'::text[]))
                    Rows Removed by Filter: 28
        ->  Index Scan using info_type_pkey on info_type it1  (cost=0.14..0.16 rows=1 width=4) (actual time=0.001..0.001 rows=1 loops=397)
              Index Cond: (id = mi.info_type_id)
              Filter: ((info)::text = 'genres'::text)
Planning time: 3.367 ms
Execution time: 299.763 ms
