Aggregate  (cost=29316.19..29316.20 rows=1 width=64) (actual time=1.728..1.728 rows=1 loops=1)
  ->  Nested Loop  (cost=6464.25..29316.18 rows=1 width=59) (actual time=0.152..1.721 rows=10 loops=1)
        ->  Nested Loop  (cost=6464.11..29316.00 rows=1 width=63) (actual time=0.080..0.670 rows=1210 loops=1)
              Join Filter: (t.id = mi.movie_id)
              ->  Nested Loop  (cost=6463.68..29314.03 rows=1 width=29) (actual time=0.072..0.223 rows=10 loops=1)
                    ->  Nested Loop  (cost=6463.26..29313.58 rows=1 width=33) (actual time=0.068..0.133 rows=33 loops=1)
                          ->  Nested Loop  (cost=6463.11..29312.54 rows=6 width=37) (actual time=0.065..0.100 rows=33 loops=1)
                                Join Filter: (t.id = mc.movie_id)
                                ->  Nested Loop  (cost=6462.68..29311.88 rows=1 width=25) (actual time=0.059..0.074 rows=2 loops=1)
                                      ->  Nested Loop  (cost=6462.25..22162.36 rows=12213 width=4) (actual time=0.022..0.025 rows=10 loops=1)
                                            ->  Seq Scan on info_type it2  (cost=0.00..2.41 rows=1 width=4) (actual time=0.011..0.012 rows=1 loops=1)
                                                  Filter: ((info)::text = 'bottom 10 rank'::text)
                                                  Rows Removed by Filter: 112
                                            ->  Bitmap Heap Scan on movie_info_idx mi_idx  (cost=6462.25..18709.86 rows=345009 width=8) (actual time=0.009..0.011 rows=10 loops=1)
                                                  Recheck Cond: (info_type_id = it2.id)
                                                  Heap Blocks: exact=1
                                                  ->  Bitmap Index Scan on info_type_id_movie_info_idx  (cost=0.00..6375.99 rows=345009 width=0) (actual time=0.006..0.006 rows=10 loops=1)
                                                        Index Cond: (info_type_id = it2.id)
                                      ->  Index Scan using title_pkey on title t  (cost=0.43..0.59 rows=1 width=21) (actual time=0.005..0.005 rows=0 loops=10)
                                            Index Cond: (id = mi_idx.movie_id)
                                            Filter: ((production_year > 2000) AND ((title ~~ 'Birdemic%'::text) OR (title ~~ '%Movie%'::text)))
                                            Rows Removed by Filter: 1
                                ->  Index Scan using movie_id_movie_companies on movie_companies mc  (cost=0.43..0.59 rows=5 width=12) (actual time=0.005..0.009 rows=16 loops=2)
                                      Index Cond: (movie_id = mi_idx.movie_id)
                          ->  Index Scan using company_type_pkey on company_type ct  (cost=0.15..0.17 rows=1 width=4) (actual time=0.001..0.001 rows=1 loops=33)
                                Index Cond: (id = mc.company_type_id)
                                Filter: ((kind IS NOT NULL) AND (((kind)::text = 'production companies'::text) OR ((kind)::text = 'distributors'::text)))
                    ->  Index Scan using company_name_pkey on company_name cn  (cost=0.42..0.45 rows=1 width=4) (actual time=0.003..0.003 rows=0 loops=33)
                          Index Cond: (id = mc.company_id)
                          Filter: ((country_code)::text = '[us]'::text)
                          Rows Removed by Filter: 1
              ->  Index Scan using movie_id_movie_info on movie_info mi  (cost=0.43..1.46 rows=41 width=50) (actual time=0.003..0.025 rows=121 loops=10)
                    Index Cond: (movie_id = mc.movie_id)
        ->  Index Scan using info_type_pkey on info_type it1  (cost=0.14..0.16 rows=1 width=4) (actual time=0.001..0.001 rows=0 loops=1210)
              Index Cond: (id = mi.info_type_id)
              Filter: ((info)::text = 'budget'::text)
              Rows Removed by Filter: 1
Planning time: 3.408 ms
Execution time: 1.784 ms
