Aggregate  (cost=84308.83..84308.84 rows=1 width=96) (actual time=2146.163..2146.163 rows=1 loops=1)
  ->  Nested Loop  (cost=6994.87..84308.83 rows=1 width=41) (actual time=52.494..2144.378 rows=4711 loops=1)
        ->  Nested Loop  (cost=6994.72..84308.48 rows=2 width=45) (actual time=52.488..2139.275 rows=4711 loops=1)
              Join Filter: (t.id = mi.movie_id)
              ->  Nested Loop  (cost=6994.29..84305.12 rows=2 width=53) (actual time=51.817..1698.905 rows=42332 loops=1)
                    Join Filter: (mi_idx.movie_id = t.id)
                    ->  Nested Loop  (cost=6993.86..84302.45 rows=5 width=32) (actual time=51.806..1510.213 rows=91314 loops=1)
                          Join Filter: (mi_idx.info_type_id = it2.id)
                          Rows Removed by Join Filter: 37724
                          ->  Seq Scan on info_type it2  (cost=0.00..2.41 rows=1 width=4) (actual time=0.013..0.015 rows=1 loops=1)
                                Filter: ((info)::text = 'rating'::text)
                                Rows Removed by Filter: 112
                          ->  Nested Loop  (cost=6993.86..84292.30 rows=619 width=36) (actual time=51.791..1494.811 rows=129038 loops=1)
                                ->  Hash Join  (cost=6993.43..83454.66 rows=1625 width=23) (actual time=51.600..653.895 rows=552328 loops=1)
                                      Hash Cond: (mc.company_id = cn.id)
                                      ->  Nested Loop  (cost=0.43..59608.81 rows=1334883 width=8) (actual time=0.015..337.109 rows=1334883 loops=1)
                                            ->  Seq Scan on company_type ct  (cost=0.00..18.88 rows=1 width=4) (actual time=0.003..0.005 rows=1 loops=1)
                                                  Filter: ((kind)::text = 'production companies'::text)
                                                  Rows Removed by Filter: 3
                                            ->  Index Scan using company_type_id_movie_companies on movie_companies mc  (cost=0.43..46544.30 rows=1304564 width=12) (actual time=0.012..196.992 rows=1334883 loops=1)
                                                  Index Cond: (company_type_id = ct.id)
                                      ->  Hash  (cost=5932.46..5932.46 rows=84843 width=23) (actual time=51.438..51.438 rows=84843 loops=1)
                                            Buckets: 131072  Batches: 1  Memory Usage: 5810kB
                                            ->  Seq Scan on company_name cn  (cost=0.00..5932.46 rows=84843 width=23) (actual time=0.006..34.292 rows=84843 loops=1)
                                                  Filter: ((country_code)::text = '[us]'::text)
                                                  Rows Removed by Filter: 150154
                                ->  Index Scan using movie_id_movie_info_idx on movie_info_idx mi_idx  (cost=0.43..0.51 rows=1 width=13) (actual time=0.001..0.001 rows=0 loops=552328)
                                      Index Cond: (movie_id = mc.movie_id)
                                      Filter: (info > '7.0'::text)
                                      Rows Removed by Filter: 1
                    ->  Index Scan using title_pkey on title t  (cost=0.43..0.52 rows=1 width=21) (actual time=0.002..0.002 rows=0 loops=91314)
                          Index Cond: (id = mc.movie_id)
                          Filter: ((production_year >= 2000) AND (production_year <= 2010))
                          Rows Removed by Filter: 1
              ->  Index Scan using movie_id_movie_info on movie_info mi  (cost=0.43..1.67 rows=1 width=8) (actual time=0.010..0.010 rows=0 loops=42332)
                    Index Cond: (movie_id = mc.movie_id)
                    Filter: (info = ANY ('{Drama,Horror,Western,Family}'::text[]))
                    Rows Removed by Filter: 29
        ->  Index Scan using info_type_pkey on info_type it1  (cost=0.14..0.16 rows=1 width=4) (actual time=0.001..0.001 rows=1 loops=4711)
              Index Cond: (id = mi.info_type_id)
              Filter: ((info)::text = 'genres'::text)
Planning time: 3.481 ms
Execution time: 2146.255 ms
