Aggregate  (cost=29416.07..29416.08 rows=1 width=96) (actual time=3765.754..3765.754 rows=1 loops=1)
  ->  Nested Loop  (cost=6464.25..29416.06 rows=1 width=64) (actual time=388.951..3734.788 rows=111101 loops=1)
        ->  Nested Loop  (cost=6464.11..29415.88 rows=1 width=68) (actual time=388.933..3295.303 rows=516327 loops=1)
              ->  Nested Loop  (cost=6463.68..29414.00 rows=1 width=34) (actual time=388.924..3044.556 rows=16470 loops=1)
                    ->  Nested Loop  (cost=6463.26..29413.55 rows=1 width=38) (actual time=388.484..2336.792 rows=302610 loops=1)
                          ->  Nested Loop  (cost=6463.11..29402.99 rows=62 width=42) (actual time=388.477..1681.174 rows=773084 loops=1)
                                ->  Nested Loop  (cost=6462.68..29395.69 rows=12 width=30) (actual time=388.456..1073.750 rows=209880 loops=1)
                                      Join Filter: (t.kind_id = kt.id)
                                      Rows Removed by Join Filter: 250045
                                      ->  Seq Scan on kind_type kt  (cost=0.00..22.75 rows=1 width=4) (actual time=0.005..0.007 rows=1 loops=1)
                                            Filter: ((kind)::text = 'movie'::text)
                                            Rows Removed by Filter: 6
                                      ->  Nested Loop  (cost=6462.68..29220.29 rows=12212 width=34) (actual time=16.022..1025.923 rows=459925 loops=1)
                                            ->  Nested Loop  (cost=6462.25..22162.36 rows=12213 width=9) (actual time=16.014..135.492 rows=459925 loops=1)
                                                  ->  Seq Scan on info_type it  (cost=0.00..2.41 rows=1 width=4) (actual time=0.009..0.012 rows=1 loops=1)
                                                        Filter: ((info)::text = 'rating'::text)
                                                        Rows Removed by Filter: 112
                                                  ->  Bitmap Heap Scan on movie_info_idx miidx  (cost=6462.25..18709.86 rows=345009 width=13) (actual time=16.003..79.742 rows=459925 loops=1)
                                                        Recheck Cond: (info_type_id = it.id)
                                                        Heap Blocks: exact=7934
                                                        ->  Bitmap Index Scan on info_type_id_movie_info_idx  (cost=0.00..6375.99 rows=345009 width=0) (actual time=15.040..15.040 rows=459925 loops=1)
                                                              Index Cond: (info_type_id = it.id)
                                            ->  Index Scan using title_pkey on title t  (cost=0.43..0.58 rows=1 width=25) (actual time=0.002..0.002 rows=1 loops=459925)
                                                  Index Cond: (id = miidx.movie_id)
                                ->  Index Scan using movie_id_movie_companies on movie_companies mc  (cost=0.43..0.56 rows=5 width=12) (actual time=0.001..0.002 rows=4 loops=209880)
                                      Index Cond: (movie_id = t.id)
                          ->  Index Scan using company_type_pkey on company_type ct  (cost=0.15..0.17 rows=1 width=4) (actual time=0.001..0.001 rows=0 loops=773084)
                                Index Cond: (id = mc.company_type_id)
                                Filter: ((kind)::text = 'production companies'::text)
                                Rows Removed by Filter: 1
                    ->  Index Scan using company_name_pkey on company_name cn  (cost=0.42..0.45 rows=1 width=4) (actual time=0.002..0.002 rows=0 loops=302610)
                          Index Cond: (id = mc.company_id)
                          Filter: ((country_code)::text = '[de]'::text)
                          Rows Removed by Filter: 1
              ->  Index Scan using movie_id_movie_info on movie_info mi  (cost=0.43..1.47 rows=41 width=50) (actual time=0.003..0.011 rows=31 loops=16470)
                    Index Cond: (movie_id = t.id)
        ->  Index Scan using info_type_pkey on info_type it2  (cost=0.14..0.16 rows=1 width=4) (actual time=0.001..0.001 rows=0 loops=516327)
              Index Cond: (id = mi.info_type_id)
              Filter: ((info)::text = 'release dates'::text)
              Rows Removed by Filter: 1
Planning time: 4.912 ms
Execution time: 3765.822 ms
