Aggregate  (cost=129867.34..129867.35 rows=1 width=96) (actual time=1065.051..1065.051 rows=1 loops=1)
  ->  Nested Loop  (cost=89870.60..129867.31 rows=5 width=64) (actual time=594.804..1035.318 rows=111101 loops=1)
        Join Filter: (mi.info_type_id = it2.id)
        Rows Removed by Join Filter: 405226
        ->  Seq Scan on info_type it2  (cost=0.00..2.41 rows=1 width=4) (actual time=0.007..0.014 rows=1 loops=1)
              Filter: ((info)::text = 'release dates'::text)
              Rows Removed by Filter: 112
        ->  Nested Loop  (cost=89870.60..129864.68 rows=17 width=68) (actual time=594.789..999.623 rows=516327 loops=1)
              ->  Nested Loop  (cost=89870.16..129806.30 rows=31 width=34) (actual time=594.769..762.916 rows=16470 loops=1)
                    Join Filter: (t.kind_id = kt.id)
                    Rows Removed by Join Filter: 15040
                    ->  Seq Scan on kind_type kt  (cost=0.00..22.75 rows=1 width=4) (actual time=0.003..0.005 rows=1 loops=1)
                          Filter: ((kind)::text = 'movie'::text)
                          Rows Removed by Filter: 6
                    ->  Nested Loop  (cost=89870.16..129389.70 rows=31508 width=38) (actual time=509.614..759.285 rows=31510 loops=1)
                          ->  Hash Join  (cost=89869.73..113115.63 rows=31510 width=13) (actual time=509.599..691.449 rows=31510 loops=1)
                                Hash Cond: (miidx.movie_id = mc.movie_id)
                                ->  Nested Loop  (cost=6462.25..22162.36 rows=459925 width=9) (actual time=16.263..123.446 rows=459925 loops=1)
                                      ->  Seq Scan on info_type it  (cost=0.00..2.41 rows=1 width=4) (actual time=0.008..0.011 rows=1 loops=1)
                                            Filter: ((info)::text = 'rating'::text)
                                            Rows Removed by Filter: 112
                                      ->  Bitmap Heap Scan on movie_info_idx miidx  (cost=6462.25..18709.86 rows=345009 width=13) (actual time=16.253..72.753 rows=459925 loops=1)
                                            Recheck Cond: (info_type_id = it.id)
                                            Heap Blocks: exact=7934
                                            ->  Bitmap Index Scan on info_type_id_movie_info_idx  (cost=0.00..6375.99 rows=345009 width=0) (actual time=15.283..15.283 rows=459925 loops=1)
                                                  Index Cond: (info_type_id = it.id)
                                ->  Hash  (cost=82516.31..82516.31 rows=71294 width=4) (actual time=493.059..493.059 rows=71294 loops=1)
                                      Buckets: 131072  Batches: 1  Memory Usage: 3531kB
                                      ->  Hash Join  (cost=6055.08..82516.31 rows=71294 width=4) (actual time=26.042..481.763 rows=71294 loops=1)
                                            Hash Cond: (mc.company_id = cn.id)
                                            ->  Nested Loop  (cost=0.43..59608.81 rows=1334883 width=8) (actual time=0.018..336.568 rows=1334883 loops=1)
                                                  ->  Seq Scan on company_type ct  (cost=0.00..18.88 rows=1 width=4) (actual time=0.005..0.008 rows=1 loops=1)
                                                        Filter: ((kind)::text = 'production companies'::text)
                                                        Rows Removed by Filter: 3
                                                  ->  Index Scan using company_type_id_movie_companies on movie_companies mc  (cost=0.43..46544.30 rows=1304564 width=12) (actual time=0.011..189.746 rows=1334883 loops=1)
                                                        Index Cond: (company_type_id = ct.id)
                                            ->  Hash  (cost=5932.46..5932.46 rows=9775 width=4) (actual time=25.905..25.905 rows=9775 loops=1)
                                                  Buckets: 16384  Batches: 1  Memory Usage: 472kB
                                                  ->  Seq Scan on company_name cn  (cost=0.00..5932.46 rows=9775 width=4) (actual time=0.006..24.649 rows=9775 loops=1)
                                                        Filter: ((country_code)::text = '[de]'::text)
                                                        Rows Removed by Filter: 225222
                          ->  Index Scan using title_pkey on title t  (cost=0.43..0.52 rows=1 width=25) (actual time=0.002..0.002 rows=1 loops=31510)
                                Index Cond: (id = mc.movie_id)
              ->  Index Scan using movie_id_movie_info on movie_info mi  (cost=0.43..1.47 rows=41 width=50) (actual time=0.002..0.010 rows=31 loops=16470)
                    Index Cond: (movie_id = t.id)
Planning time: 5.005 ms
Execution time: 1065.149 ms
