Aggregate  (cost=82641.71..82641.72 rows=1 width=96) (actual time=1457.627..1457.627 rows=1 loops=1)
  ->  Nested Loop  (cost=6056.66..82641.70 rows=1 width=64) (actual time=256.293..1425.619 rows=111101 loops=1)
        ->  Nested Loop  (cost=6056.52..82641.52 rows=1 width=68) (actual time=256.263..990.813 rows=516327 loops=1)
              ->  Nested Loop  (cost=6056.09..82639.63 rows=1 width=34) (actual time=256.249..741.735 rows=16470 loops=1)
                    ->  Nested Loop  (cost=6055.94..82638.76 rows=5 width=38) (actual time=26.841..712.131 rows=31510 loops=1)
                          ->  Nested Loop  (cost=6055.51..82636.18 rows=5 width=13) (actual time=26.830..639.381 rows=31510 loops=1)
                                Join Filter: (miidx.info_type_id = it.id)
                                Rows Removed by Join Filter: 63058
                                ->  Seq Scan on info_type it  (cost=0.00..2.41 rows=1 width=4) (actual time=0.013..0.015 rows=1 loops=1)
                                      Filter: ((info)::text = 'rating'::text)
                                      Rows Removed by Filter: 112
                                ->  Nested Loop  (cost=6055.51..82626.66 rows=569 width=17) (actual time=26.814..630.583 rows=94568 loops=1)
                                      ->  Hash Join  (cost=6055.08..82516.31 rows=209 width=4) (actual time=26.681..503.466 rows=71294 loops=1)
                                            Hash Cond: (mc.company_id = cn.id)
                                            ->  Nested Loop  (cost=0.43..59608.81 rows=1334883 width=8) (actual time=0.016..333.448 rows=1334883 loops=1)
                                                  ->  Seq Scan on company_type ct  (cost=0.00..18.88 rows=1 width=4) (actual time=0.003..0.006 rows=1 loops=1)
                                                        Filter: ((kind)::text = 'production companies'::text)
                                                        Rows Removed by Filter: 3
                                                  ->  Index Scan using company_type_id_movie_companies on movie_companies mc  (cost=0.43..46544.30 rows=1304564 width=12) (actual time=0.012..187.802 rows=1334883 loops=1)
                                                        Index Cond: (company_type_id = ct.id)
                                            ->  Hash  (cost=5932.46..5932.46 rows=9775 width=4) (actual time=26.534..26.534 rows=9775 loops=1)
                                                  Buckets: 16384  Batches: 1  Memory Usage: 472kB
                                                  ->  Seq Scan on company_name cn  (cost=0.00..5932.46 rows=9775 width=4) (actual time=0.005..25.104 rows=9775 loops=1)
                                                        Filter: ((country_code)::text = '[de]'::text)
                                                        Rows Removed by Filter: 225222
                                      ->  Index Scan using movie_id_movie_info_idx on movie_info_idx miidx  (cost=0.43..0.50 rows=3 width=13) (actual time=0.001..0.001 rows=1 loops=71294)
                                            Index Cond: (movie_id = mc.movie_id)
                          ->  Index Scan using title_pkey on title t  (cost=0.43..0.52 rows=1 width=25) (actual time=0.002..0.002 rows=1 loops=31510)
                                Index Cond: (id = mc.movie_id)
                    ->  Index Scan using kind_type_pkey on kind_type kt  (cost=0.15..0.17 rows=1 width=4) (actual time=0.001..0.001 rows=1 loops=31510)
                          Index Cond: (id = t.kind_id)
                          Filter: ((kind)::text = 'movie'::text)
                          Rows Removed by Filter: 0
              ->  Index Scan using movie_id_movie_info on movie_info mi  (cost=0.43..1.47 rows=41 width=50) (actual time=0.002..0.011 rows=31 loops=16470)
                    Index Cond: (movie_id = t.id)
        ->  Index Scan using info_type_pkey on info_type it2  (cost=0.14..0.16 rows=1 width=4) (actual time=0.001..0.001 rows=0 loops=516327)
              Index Cond: (id = mi.info_type_id)
              Filter: ((info)::text = 'release dates'::text)
              Rows Removed by Filter: 1
Planning time: 4.963 ms
Execution time: 1457.702 ms
