Aggregate  (cost=29317.49..29317.50 rows=1 width=96) (actual time=985.216..985.216 rows=1 loops=1)
  ->  Nested Loop  (cost=6464.40..29317.48 rows=1 width=41) (actual time=404.918..985.084 rows=372 loops=1)
        ->  Nested Loop  (cost=6464.26..29317.30 rows=1 width=45) (actual time=404.908..983.206 rows=2122 loops=1)
              Join Filter: (t.id = mi.movie_id)
              ->  Nested Loop  (cost=6463.83..29315.32 rows=1 width=53) (actual time=404.900..981.947 rows=61 loops=1)
                    ->  Nested Loop  (cost=6463.68..29315.13 rows=1 width=57) (actual time=404.889..981.748 rows=161 loops=1)
                          ->  Nested Loop  (cost=6463.26..29314.69 rows=1 width=42) (actual time=401.777..980.736 rows=313 loops=1)
                                Join Filter: (t.id = mc.movie_id)
                                ->  Nested Loop  (cost=6462.83..29314.03 rows=1 width=30) (actual time=401.768..980.216 rows=90 loops=1)
                                      ->  Nested Loop  (cost=6462.68..29311.88 rows=11 width=34) (actual time=15.885..979.731 rows=352 loops=1)
                                            ->  Nested Loop  (cost=6462.25..22162.36 rows=12213 width=9) (actual time=15.444..125.053 rows=459925 loops=1)
                                                  ->  Seq Scan on info_type it  (cost=0.00..2.41 rows=1 width=4) (actual time=0.011..0.013 rows=1 loops=1)
                                                        Filter: ((info)::text = 'rating'::text)
                                                        Rows Removed by Filter: 112
                                                  ->  Bitmap Heap Scan on movie_info_idx miidx  (cost=6462.25..18709.86 rows=345009 width=13) (actual time=15.431..71.729 rows=459925 loops=1)
                                                        Recheck Cond: (info_type_id = it.id)
                                                        Heap Blocks: exact=7934
                                                        ->  Bitmap Index Scan on info_type_id_movie_info_idx  (cost=0.00..6375.99 rows=345009 width=0) (actual time=14.454..14.454 rows=459925 loops=1)
                                                              Index Cond: (info_type_id = it.id)
                                            ->  Index Scan using title_pkey on title t  (cost=0.43..0.59 rows=1 width=25) (actual time=0.002..0.002 rows=0 loops=459925)
                                                  Index Cond: (id = miidx.movie_id)
                                                  Filter: ((title <> ''::text) AND ((title ~~ '%Champion%'::text) OR (title ~~ '%Loser%'::text)))
                                                  Rows Removed by Filter: 1
                                      ->  Index Scan using kind_type_pkey on kind_type kt  (cost=0.15..0.19 rows=1 width=4) (actual time=0.001..0.001 rows=0 loops=352)
                                            Index Cond: (id = t.kind_id)
                                            Filter: ((kind)::text = 'movie'::text)
                                            Rows Removed by Filter: 1
                                ->  Index Scan using movie_id_movie_companies on movie_companies mc  (cost=0.43..0.59 rows=5 width=12) (actual time=0.004..0.005 rows=3 loops=90)
                                      Index Cond: (movie_id = miidx.movie_id)
                          ->  Index Scan using company_name_pkey on company_name cn  (cost=0.42..0.45 rows=1 width=23) (actual time=0.003..0.003 rows=1 loops=313)
                                Index Cond: (id = mc.company_id)
                                Filter: ((country_code)::text = '[us]'::text)
                                Rows Removed by Filter: 0
                    ->  Index Scan using company_type_pkey on company_type ct  (cost=0.15..0.17 rows=1 width=4) (actual time=0.001..0.001 rows=0 loops=161)
                          Index Cond: (id = mc.company_type_id)
                          Filter: ((kind)::text = 'production companies'::text)
                          Rows Removed by Filter: 1
              ->  Index Scan using movie_id_movie_info on movie_info mi  (cost=0.43..1.46 rows=41 width=8) (actual time=0.004..0.015 rows=35 loops=61)
                    Index Cond: (movie_id = mc.movie_id)
        ->  Index Scan using info_type_pkey on info_type it2  (cost=0.14..0.16 rows=1 width=4) (actual time=0.001..0.001 rows=0 loops=2122)
              Index Cond: (id = mi.info_type_id)
              Filter: ((info)::text = 'release dates'::text)
              Rows Removed by Filter: 1
Planning time: 5.077 ms
Execution time: 985.283 ms
