Aggregate  (cost=53060.46..53060.47 rows=1 width=96) (actual time=148.050..148.050 rows=1 loops=1)
  ->  Nested Loop  (cost=7786.87..53060.45 rows=1 width=41) (actual time=34.522..148.008 rows=53 loops=1)
        Join Filter: (mi.info_type_id = it2.id)
        Rows Removed by Join Filter: 165
        ->  Seq Scan on info_type it2  (cost=0.00..2.41 rows=1 width=4) (actual time=0.007..0.014 rows=1 loops=1)
              Filter: ((info)::text = 'release dates'::text)
              Rows Removed by Filter: 112
        ->  Nested Loop  (cost=7786.87..53055.32 rows=218 width=45) (actual time=34.503..147.971 rows=218 loops=1)
              Join Filter: (t.id = mi.movie_id)
              ->  Nested Loop  (cost=7786.44..53027.66 rows=14 width=53) (actual time=34.490..147.735 rows=14 loops=1)
                    ->  Nested Loop  (cost=7786.02..53013.39 rows=32 width=38) (actual time=34.481..147.566 rows=32 loops=1)
                          ->  Nested Loop  (cost=7785.87..52997.22 rows=95 width=42) (actual time=34.461..147.439 rows=95 loops=1)
                                Join Filter: (t.id = mc.movie_id)
                                ->  Nested Loop  (cost=7785.44..52978.22 rows=29 width=30) (actual time=34.450..147.278 rows=29 loops=1)
                                      Join Filter: (miidx.info_type_id = it.id)
                                      Rows Removed by Join Filter: 58
                                      ->  Seq Scan on info_type it  (cost=0.00..2.41 rows=1 width=4) (actual time=0.008..0.011 rows=1 loops=1)
                                            Filter: ((info)::text = 'rating'::text)
                                            Rows Removed by Filter: 112
                                      ->  Nested Loop  (cost=7785.44..52974.72 rows=87 width=34) (actual time=34.440..147.241 rows=87 loops=1)
                                            ->  Nested Loop  (cost=7785.01..52234.70 rows=89 width=21) (actual time=34.243..146.990 rows=89 loops=1)
                                                  ->  Seq Scan on kind_type kt  (cost=0.00..22.75 rows=1 width=4) (actual time=0.003..0.006 rows=1 loops=1)
                                                        Filter: ((kind)::text = 'movie'::text)
                                                        Rows Removed by Filter: 6
                                                  ->  Bitmap Heap Scan on title t  (cost=7785.01..52211.17 rows=78 width=25) (actual time=34.238..146.966 rows=89 loops=1)
                                                        Recheck Cond: (kind_id = kt.id)
                                                        Filter: ((title <> ''::text) AND ((title ~~ 'Champion%'::text) OR (title ~~ 'Loser%'::text)))
                                                        Rows Removed by Filter: 662736
                                                        Heap Blocks: exact=12863
                                                        ->  Bitmap Index Scan on kind_id_title  (cost=0.00..7784.99 rows=421408 width=0) (actual time=21.606..21.606 rows=662825 loops=1)
                                                              Index Cond: (kind_id = kt.id)
                                            ->  Index Scan using movie_id_movie_info_idx on movie_info_idx miidx  (cost=0.43..8.28 rows=3 width=13) (actual time=0.002..0.002 rows=1 loops=89)
                                                  Index Cond: (movie_id = t.id)
                                ->  Index Scan using movie_id_movie_companies on movie_companies mc  (cost=0.43..0.59 rows=5 width=12) (actual time=0.003..0.004 rows=3 loops=29)
                                      Index Cond: (movie_id = miidx.movie_id)
                          ->  Index Scan using company_type_pkey on company_type ct  (cost=0.15..0.17 rows=1 width=4) (actual time=0.001..0.001 rows=0 loops=95)
                                Index Cond: (id = mc.company_type_id)
                                Filter: ((kind)::text = 'production companies'::text)
                                Rows Removed by Filter: 1
                    ->  Index Scan using company_name_pkey on company_name cn  (cost=0.42..0.45 rows=1 width=23) (actual time=0.005..0.005 rows=0 loops=32)
                          Index Cond: (id = mc.company_id)
                          Filter: ((country_code)::text = '[us]'::text)
                          Rows Removed by Filter: 1
              ->  Index Scan using movie_id_movie_info on movie_info mi  (cost=0.43..1.46 rows=41 width=8) (actual time=0.005..0.013 rows=16 loops=14)
                    Index Cond: (movie_id = mc.movie_id)
Planning time: 5.125 ms
Execution time: 148.135 ms
