Aggregate  (cost=84340.79..84340.80 rows=1 width=96) (actual time=7561.094..7561.094 rows=1 loops=1)
  ->  Nested Loop  (cost=6995.01..84340.78 rows=1 width=41) (actual time=705.547..7378.428 rows=670390 loops=1)
        ->  Nested Loop  (cost=6994.87..84340.60 rows=1 width=45) (actual time=705.526..3930.771 rows=4316584 loops=1)
              ->  Nested Loop  (cost=6994.43..84338.72 rows=1 width=53) (actual time=705.514..2323.456 rows=87293 loops=1)
                    ->  Nested Loop  (cost=6994.29..84338.05 rows=4 width=57) (actual time=705.503..2091.928 rows=262281 loops=1)
                          ->  Nested Loop  (cost=6993.86..84336.99 rows=2 width=44) (actual time=705.454..1736.783 rows=210302 loops=1)
                                Join Filter: (t.kind_id = kt.id)
                                Rows Removed by Join Filter: 342026
                                ->  Seq Scan on kind_type kt  (cost=0.00..22.75 rows=1 width=4) (actual time=0.006..0.007 rows=1 loops=1)
                                      Filter: ((kind)::text = 'movie'::text)
                                      Rows Removed by Filter: 6
                                ->  Nested Loop  (cost=6993.86..84293.93 rows=1625 width=48) (actual time=49.758..1686.455 rows=552328 loops=1)
                                      ->  Hash Join  (cost=6993.43..83454.66 rows=1625 width=23) (actual time=49.744..686.061 rows=552328 loops=1)
                                            Hash Cond: (mc.company_id = cn.id)
                                            ->  Nested Loop  (cost=0.43..59608.81 rows=1334883 width=8) (actual time=0.015..358.893 rows=1334883 loops=1)
                                                  ->  Seq Scan on company_type ct  (cost=0.00..18.88 rows=1 width=4) (actual time=0.003..0.005 rows=1 loops=1)
                                                        Filter: ((kind)::text = 'production companies'::text)
                                                        Rows Removed by Filter: 3
                                                  ->  Index Scan using company_type_id_movie_companies on movie_companies mc  (cost=0.43..46544.30 rows=1304564 width=12) (actual time=0.011..214.275 rows=1334883 loops=1)
                                                        Index Cond: (company_type_id = ct.id)
                                            ->  Hash  (cost=5932.46..5932.46 rows=84843 width=23) (actual time=49.584..49.584 rows=84843 loops=1)
                                                  Buckets: 131072  Batches: 1  Memory Usage: 5810kB
                                                  ->  Seq Scan on company_name cn  (cost=0.00..5932.46 rows=84843 width=23) (actual time=0.006..34.059 rows=84843 loops=1)
                                                        Filter: ((country_code)::text = '[us]'::text)
                                                        Rows Removed by Filter: 150154
                                      ->  Index Scan using title_pkey on title t  (cost=0.43..0.52 rows=1 width=25) (actual time=0.002..0.002 rows=1 loops=552328)
                                            Index Cond: (id = mc.movie_id)
                          ->  Index Scan using movie_id_movie_info_idx on movie_info_idx miidx  (cost=0.43..0.50 rows=3 width=13) (actual time=0.001..0.001 rows=1 loops=210302)
                                Index Cond: (movie_id = t.id)
                    ->  Index Scan using info_type_pkey on info_type it  (cost=0.14..0.16 rows=1 width=4) (actual time=0.001..0.001 rows=0 loops=262281)
                          Index Cond: (id = miidx.info_type_id)
                          Filter: ((info)::text = 'rating'::text)
                          Rows Removed by Filter: 1
              ->  Index Scan using movie_id_movie_info on movie_info mi  (cost=0.43..1.47 rows=41 width=8) (actual time=0.002..0.013 rows=49 loops=87293)
                    Index Cond: (movie_id = t.id)
        ->  Index Scan using info_type_pkey on info_type it2  (cost=0.14..0.16 rows=1 width=4) (actual time=0.001..0.001 rows=0 loops=4316584)
              Index Cond: (id = mi.info_type_id)
              Filter: ((info)::text = 'release dates'::text)
              Rows Removed by Filter: 1
Planning time: 4.957 ms
Execution time: 7561.185 ms
