Aggregate  (cost=155836.88..155836.89 rows=1 width=96) (actual time=4112.899..4112.899 rows=1 loops=1)
  ->  Nested Loop  (cost=89395.63..155836.62 rows=35 width=41) (actual time=904.315..3933.326 rows=670390 loops=1)
        Join Filter: (mi.info_type_id = it2.id)
        Rows Removed by Join Filter: 3646194
        ->  Seq Scan on info_type it2  (cost=0.00..2.41 rows=1 width=4) (actual time=0.007..0.014 rows=1 loops=1)
              Filter: ((info)::text = 'release dates'::text)
              Rows Removed by Filter: 112
        ->  Nested Loop  (cost=89395.63..155832.01 rows=176 width=45) (actual time=904.296..3650.719 rows=4316584 loops=1)
              ->  Nested Loop  (cost=89395.20..155372.52 rows=244 width=53) (actual time=904.275..2042.528 rows=87293 loops=1)
                    ->  Hash Join  (cost=89394.78..155117.02 rows=573 width=38) (actual time=904.251..1368.815 rows=302610 loops=1)
                          Hash Cond: (mc.movie_id = t.id)
                          ->  Nested Loop  (cost=0.43..59608.81 rows=1334883 width=8) (actual time=0.028..363.826 rows=1334883 loops=1)
                                ->  Seq Scan on company_type ct  (cost=0.00..18.88 rows=1 width=4) (actual time=0.002..0.005 rows=1 loops=1)
                                      Filter: ((kind)::text = 'production companies'::text)
                                      Rows Removed by Filter: 3
                                ->  Index Scan using company_type_id_movie_companies on movie_companies mc  (cost=0.43..46544.30 rows=1304564 width=12) (actual time=0.024..218.699 rows=1334883 loops=1)
                                      Index Cond: (company_type_id = ct.id)
                          ->  Hash  (cost=86770.85..86770.85 rows=209880 width=30) (actual time=696.941..696.941 rows=209880 loops=1)
                                Buckets: 262144  Batches: 1  Memory Usage: 15015kB
                                ->  Hash Join  (cost=68140.33..86770.85 rows=209880 width=30) (actual time=457.274..641.129 rows=209880 loops=1)
                                      Hash Cond: (miidx.movie_id = t.id)
                                      ->  Nested Loop  (cost=6462.25..22162.36 rows=459925 width=9) (actual time=16.516..129.716 rows=459925 loops=1)
                                            ->  Seq Scan on info_type it  (cost=0.00..2.41 rows=1 width=4) (actual time=0.009..0.013 rows=1 loops=1)
                                                  Filter: ((info)::text = 'rating'::text)
                                                  Rows Removed by Filter: 112
                                            ->  Bitmap Heap Scan on movie_info_idx miidx  (cost=6462.25..18709.86 rows=345009 width=13) (actual time=16.505..75.542 rows=459925 loops=1)
                                                  Recheck Cond: (info_type_id = it.id)
                                                  Heap Blocks: exact=7934
                                                  ->  Bitmap Index Scan on info_type_id_movie_info_idx  (cost=0.00..6375.99 rows=345009 width=0) (actual time=15.538..15.538 rows=459925 loops=1)
                                                        Index Cond: (info_type_id = it.id)
                                      ->  Hash  (cost=53392.77..53392.77 rows=662825 width=21) (actual time=355.267..355.267 rows=662825 loops=1)
                                            Buckets: 1048576  Batches: 1  Memory Usage: 44421kB
                                            ->  Nested Loop  (cost=7890.34..53392.77 rows=662825 width=21) (actual time=22.653..196.603 rows=662825 loops=1)
                                                  ->  Seq Scan on kind_type kt  (cost=0.00..22.75 rows=1 width=4) (actual time=0.008..0.011 rows=1 loops=1)
                                                        Filter: ((kind)::text = 'movie'::text)
                                                        Rows Removed by Filter: 6
                                                  ->  Bitmap Heap Scan on title t  (cost=7890.34..49155.94 rows=421408 width=25) (actual time=22.642..120.097 rows=662825 loops=1)
                                                        Recheck Cond: (kind_id = kt.id)
                                                        Heap Blocks: exact=12863
                                                        ->  Bitmap Index Scan on kind_id_title  (cost=0.00..7784.99 rows=421408 width=0) (actual time=21.098..21.098 rows=662825 loops=1)
                                                              Index Cond: (kind_id = kt.id)
                    ->  Index Scan using company_name_pkey on company_name cn  (cost=0.42..0.45 rows=1 width=23) (actual time=0.002..0.002 rows=0 loops=302610)
                          Index Cond: (id = mc.company_id)
                          Filter: ((country_code)::text = '[us]'::text)
                          Rows Removed by Filter: 1
              ->  Index Scan using movie_id_movie_info on movie_info mi  (cost=0.43..1.47 rows=41 width=8) (actual time=0.002..0.013 rows=49 loops=87293)
                    Index Cond: (movie_id = t.id)
Planning time: 4.985 ms
Execution time: 4113.219 ms
