Aggregate  (cost=363886.82..363886.83 rows=1 width=96) (actual time=2888.986..2888.987 rows=1 loops=1)
  ->  Hash Join  (cost=170992.59..358858.89 rows=670390 width=41) (actual time=2157.366..2702.608 rows=670390 loops=1)
        Hash Cond: (mi.movie_id = t.id)
        ->  Nested Loop  (cost=3970.96..179401.16 rows=3036719 width=4) (actual time=94.524..732.195 rows=3036719 loops=1)
              ->  Seq Scan on info_type it2  (cost=0.00..2.41 rows=1 width=4) (actual time=0.008..0.016 rows=1 loops=1)
                    Filter: ((info)::text = 'release dates'::text)
                    Rows Removed by Filter: 112
              ->  Bitmap Heap Scan on movie_info mi  (cost=3970.96..177279.36 rows=211939 width=8) (actual time=94.513..419.899 rows=3036719 loops=1)
                    Recheck Cond: (info_type_id = it2.id)
                    Heap Blocks: exact=25448
                    ->  Bitmap Index Scan on info_type_id_movie_info  (cost=0.00..3917.98 rows=211939 width=0) (actual time=90.891..90.891 rows=3036719 loops=1)
                          Index Cond: (info_type_id = it2.id)
        ->  Hash  (cost=165930.46..165930.46 rows=87293 width=53) (actual time=1470.245..1470.245 rows=87293 loops=1)
              Buckets: 131072  Batches: 1  Memory Usage: 8689kB
              ->  Hash Join  (cost=96387.78..165930.46 rows=87293 width=53) (actual time=941.123..1442.981 rows=87293 loops=1)
                    Hash Cond: (mc.company_id = cn.id)
                    ->  Hash Join  (cost=89394.78..155117.02 rows=302610 width=38) (actual time=892.926..1329.557 rows=302610 loops=1)
                          Hash Cond: (mc.movie_id = t.id)
                          ->  Nested Loop  (cost=0.43..59608.81 rows=1334883 width=8) (actual time=0.024..370.025 rows=1334883 loops=1)
                                ->  Seq Scan on company_type ct  (cost=0.00..18.88 rows=1 width=4) (actual time=0.005..0.008 rows=1 loops=1)
                                      Filter: ((kind)::text = 'production companies'::text)
                                      Rows Removed by Filter: 3
                                ->  Index Scan using company_type_id_movie_companies on movie_companies mc  (cost=0.43..46544.30 rows=1304564 width=12) (actual time=0.016..219.961 rows=1334883 loops=1)
                                      Index Cond: (company_type_id = ct.id)
                          ->  Hash  (cost=86770.85..86770.85 rows=209880 width=30) (actual time=689.319..689.319 rows=209880 loops=1)
                                Buckets: 262144  Batches: 1  Memory Usage: 15015kB
                                ->  Hash Join  (cost=68140.33..86770.85 rows=209880 width=30) (actual time=453.662..636.660 rows=209880 loops=1)
                                      Hash Cond: (miidx.movie_id = t.id)
                                      ->  Nested Loop  (cost=6462.25..22162.36 rows=459925 width=9) (actual time=16.103..128.978 rows=459925 loops=1)
                                            ->  Seq Scan on info_type it  (cost=0.00..2.41 rows=1 width=4) (actual time=0.011..0.015 rows=1 loops=1)
                                                  Filter: ((info)::text = 'rating'::text)
                                                  Rows Removed by Filter: 112
                                            ->  Bitmap Heap Scan on movie_info_idx miidx  (cost=6462.25..18709.86 rows=345009 width=13) (actual time=16.088..74.741 rows=459925 loops=1)
                                                  Recheck Cond: (info_type_id = it.id)
                                                  Heap Blocks: exact=7934
                                                  ->  Bitmap Index Scan on info_type_id_movie_info_idx  (cost=0.00..6375.99 rows=345009 width=0) (actual time=15.140..15.140 rows=459925 loops=1)
                                                        Index Cond: (info_type_id = it.id)
                                      ->  Hash  (cost=53392.77..53392.77 rows=662825 width=21) (actual time=355.319..355.319 rows=662825 loops=1)
                                            Buckets: 1048576  Batches: 1  Memory Usage: 44421kB
                                            ->  Nested Loop  (cost=7890.34..53392.77 rows=662825 width=21) (actual time=23.240..195.964 rows=662825 loops=1)
                                                  ->  Seq Scan on kind_type kt  (cost=0.00..22.75 rows=1 width=4) (actual time=0.006..0.010 rows=1 loops=1)
                                                        Filter: ((kind)::text = 'movie'::text)
                                                        Rows Removed by Filter: 6
                                                  ->  Bitmap Heap Scan on title t  (cost=7890.34..49155.94 rows=421408 width=25) (actual time=23.231..119.669 rows=662825 loops=1)
                                                        Recheck Cond: (kind_id = kt.id)
                                                        Heap Blocks: exact=12863
                                                        ->  Bitmap Index Scan on kind_id_title  (cost=0.00..7784.99 rows=421408 width=0) (actual time=21.669..21.669 rows=662825 loops=1)
                                                              Index Cond: (kind_id = kt.id)
                    ->  Hash  (cost=5932.46..5932.46 rows=84843 width=23) (actual time=48.116..48.116 rows=84843 loops=1)
                          Buckets: 131072  Batches: 1  Memory Usage: 5810kB
                          ->  Seq Scan on company_name cn  (cost=0.00..5932.46 rows=84843 width=23) (actual time=0.011..34.009 rows=84843 loops=1)
                                Filter: ((country_code)::text = '[us]'::text)
                                Rows Removed by Filter: 150154
Planning time: 4.984 ms
Execution time: 2889.352 ms
