Aggregate  (cost=166474.95..166474.96 rows=1 width=96) (actual time=3543.362..3543.362 rows=1 loops=1)
  ->  Nested Loop  (cost=96388.21..166474.74 rows=28 width=41) (actual time=946.985..3361.417 rows=670390 loops=1)
        Join Filter: (mi.info_type_id = it2.id)
        Rows Removed by Join Filter: 3646194
        ->  Seq Scan on info_type it2  (cost=0.00..2.41 rows=1 width=4) (actual time=0.007..0.014 rows=1 loops=1)
              Filter: ((info)::text = 'release dates'::text)
              Rows Removed by Filter: 112
        ->  Nested Loop  (cost=96388.21..166389.95 rows=6590 width=45) (actual time=946.968..3084.382 rows=4316584 loops=1)
              ->  Hash Join  (cost=96387.78..165930.46 rows=244 width=53) (actual time=946.952..1481.978 rows=87293 loops=1)
                    Hash Cond: (mc.company_id = cn.id)
                    ->  Hash Join  (cost=89394.78..155117.02 rows=302610 width=38) (actual time=896.413..1352.165 rows=302610 loops=1)
                          Hash Cond: (mc.movie_id = t.id)
                          ->  Nested Loop  (cost=0.43..59608.81 rows=1334883 width=8) (actual time=0.026..359.699 rows=1334883 loops=1)
                                ->  Seq Scan on company_type ct  (cost=0.00..18.88 rows=1 width=4) (actual time=0.005..0.008 rows=1 loops=1)
                                      Filter: ((kind)::text = 'production companies'::text)
                                      Rows Removed by Filter: 3
                                ->  Index Scan using company_type_id_movie_companies on movie_companies mc  (cost=0.43..46544.30 rows=1304564 width=12) (actual time=0.018..213.826 rows=1334883 loops=1)
                                      Index Cond: (company_type_id = ct.id)
                          ->  Hash  (cost=86770.85..86770.85 rows=209880 width=30) (actual time=688.022..688.022 rows=209880 loops=1)
                                Buckets: 262144  Batches: 1  Memory Usage: 15015kB
                                ->  Hash Join  (cost=68140.33..86770.85 rows=209880 width=30) (actual time=451.748..633.339 rows=209880 loops=1)
                                      Hash Cond: (miidx.movie_id = t.id)
                                      ->  Nested Loop  (cost=6462.25..22162.36 rows=459925 width=9) (actual time=16.926..130.917 rows=459925 loops=1)
                                            ->  Seq Scan on info_type it  (cost=0.00..2.41 rows=1 width=4) (actual time=0.011..0.015 rows=1 loops=1)
                                                  Filter: ((info)::text = 'rating'::text)
                                                  Rows Removed by Filter: 112
                                            ->  Bitmap Heap Scan on movie_info_idx miidx  (cost=6462.25..18709.86 rows=345009 width=13) (actual time=16.911..76.262 rows=459925 loops=1)
                                                  Recheck Cond: (info_type_id = it.id)
                                                  Heap Blocks: exact=7934
                                                  ->  Bitmap Index Scan on info_type_id_movie_info_idx  (cost=0.00..6375.99 rows=345009 width=0) (actual time=15.844..15.844 rows=459925 loops=1)
                                                        Index Cond: (info_type_id = it.id)
                                      ->  Hash  (cost=53392.77..53392.77 rows=662825 width=21) (actual time=351.246..351.246 rows=662825 loops=1)
                                            Buckets: 1048576  Batches: 1  Memory Usage: 44421kB
                                            ->  Nested Loop  (cost=7890.34..53392.77 rows=662825 width=21) (actual time=23.324..194.898 rows=662825 loops=1)
                                                  ->  Seq Scan on kind_type kt  (cost=0.00..22.75 rows=1 width=4) (actual time=0.006..0.010 rows=1 loops=1)
                                                        Filter: ((kind)::text = 'movie'::text)
                                                        Rows Removed by Filter: 6
                                                  ->  Bitmap Heap Scan on title t  (cost=7890.34..49155.94 rows=421408 width=25) (actual time=23.314..118.312 rows=662825 loops=1)
                                                        Recheck Cond: (kind_id = kt.id)
                                                        Heap Blocks: exact=12863
                                                        ->  Bitmap Index Scan on kind_id_title  (cost=0.00..7784.99 rows=421408 width=0) (actual time=21.766..21.766 rows=662825 loops=1)
                                                              Index Cond: (kind_id = kt.id)
                    ->  Hash  (cost=5932.46..5932.46 rows=84843 width=23) (actual time=50.003..50.003 rows=84843 loops=1)
                          Buckets: 131072  Batches: 1  Memory Usage: 5810kB
                          ->  Seq Scan on company_name cn  (cost=0.00..5932.46 rows=84843 width=23) (actual time=0.005..33.189 rows=84843 loops=1)
                                Filter: ((country_code)::text = '[us]'::text)
                                Rows Removed by Filter: 150154
              ->  Index Scan using movie_id_movie_info on movie_info mi  (cost=0.43..1.47 rows=41 width=8) (actual time=0.002..0.013 rows=49 loops=87293)
                    Index Cond: (movie_id = t.id)
Planning time: 4.836 ms
Execution time: 3543.675 ms
