Aggregate  (cost=29416.07..29416.08 rows=1 width=96) (actual time=8322.666..8322.666 rows=1 loops=1)
  ->  Nested Loop  (cost=6464.25..29416.06 rows=1 width=41) (actual time=383.372..8140.540 rows=670390 loops=1)
        ->  Nested Loop  (cost=6464.11..29415.88 rows=1 width=45) (actual time=383.346..4670.082 rows=4316584 loops=1)
              ->  Nested Loop  (cost=6463.68..29414.00 rows=1 width=53) (actual time=383.335..3036.903 rows=87293 loops=1)
                    ->  Nested Loop  (cost=6463.26..29413.55 rows=1 width=38) (actual time=383.301..2335.697 rows=302610 loops=1)
                          ->  Nested Loop  (cost=6463.11..29402.99 rows=62 width=42) (actual time=383.294..1676.268 rows=773084 loops=1)
                                ->  Nested Loop  (cost=6462.68..29395.69 rows=12 width=30) (actual time=383.273..1066.076 rows=209880 loops=1)
                                      Join Filter: (t.kind_id = kt.id)
                                      Rows Removed by Join Filter: 250045
                                      ->  Seq Scan on kind_type kt  (cost=0.00..22.75 rows=1 width=4) (actual time=0.005..0.007 rows=1 loops=1)
                                            Filter: ((kind)::text = 'movie'::text)
                                            Rows Removed by Filter: 6
                                      ->  Nested Loop  (cost=6462.68..29220.29 rows=12212 width=34) (actual time=16.345..1020.478 rows=459925 loops=1)
                                            ->  Nested Loop  (cost=6462.25..22162.36 rows=12213 width=9) (actual time=16.334..132.663 rows=459925 loops=1)
                                                  ->  Seq Scan on info_type it  (cost=0.00..2.41 rows=1 width=4) (actual time=0.010..0.012 rows=1 loops=1)
                                                        Filter: ((info)::text = 'rating'::text)
                                                        Rows Removed by Filter: 112
                                                  ->  Bitmap Heap Scan on movie_info_idx miidx  (cost=6462.25..18709.86 rows=345009 width=13) (actual time=16.320..78.210 rows=459925 loops=1)
                                                        Recheck Cond: (info_type_id = it.id)
                                                        Heap Blocks: exact=7934
                                                        ->  Bitmap Index Scan on info_type_id_movie_info_idx  (cost=0.00..6375.99 rows=345009 width=0) (actual time=15.260..15.260 rows=459925 loops=1)
                                                              Index Cond: (info_type_id = it.id)
                                            ->  Index Scan using title_pkey on title t  (cost=0.43..0.58 rows=1 width=25) (actual time=0.002..0.002 rows=1 loops=459925)
                                                  Index Cond: (id = miidx.movie_id)
                                ->  Index Scan using movie_id_movie_companies on movie_companies mc  (cost=0.43..0.56 rows=5 width=12) (actual time=0.001..0.002 rows=4 loops=209880)
                                      Index Cond: (movie_id = t.id)
                          ->  Index Scan using company_type_pkey on company_type ct  (cost=0.15..0.17 rows=1 width=4) (actual time=0.001..0.001 rows=0 loops=773084)
                                Index Cond: (id = mc.company_type_id)
                                Filter: ((kind)::text = 'production companies'::text)
                                Rows Removed by Filter: 1
                    ->  Index Scan using company_name_pkey on company_name cn  (cost=0.42..0.45 rows=1 width=23) (actual time=0.002..0.002 rows=0 loops=302610)
                          Index Cond: (id = mc.company_id)
                          Filter: ((country_code)::text = '[us]'::text)
                          Rows Removed by Filter: 1
              ->  Index Scan using movie_id_movie_info on movie_info mi  (cost=0.43..1.47 rows=41 width=8) (actual time=0.002..0.013 rows=49 loops=87293)
                    Index Cond: (movie_id = t.id)
        ->  Index Scan using info_type_pkey on info_type it2  (cost=0.14..0.16 rows=1 width=4) (actual time=0.001..0.001 rows=0 loops=4316584)
              Index Cond: (id = mi.info_type_id)
              Filter: ((info)::text = 'release dates'::text)
              Rows Removed by Filter: 1
Planning time: 4.931 ms
Execution time: 8322.742 ms
