Aggregate  (cost=27811.16..27811.17 rows=1 width=64) (actual time=203.879..203.879 rows=1 loops=1)
  ->  Nested Loop  (cost=8.12..27811.15 rows=3 width=22) (actual time=5.505..203.622 rows=761 loops=1)
        Join Filter: (mi.info_type_id = it1.id)
        Rows Removed by Join Filter: 117
        ->  Nested Loop  (cost=8.12..27808.72 rows=1 width=26) (actual time=5.497..200.519 rows=878 loops=1)
              Join Filter: (t.id = mi.movie_id)
              ->  Nested Loop  (cost=7.68..25664.75 rows=1147 width=34) (actual time=5.372..157.984 rows=1147 loops=1)
                    Join Filter: (mi_idx.info_type_id = it2.id)
                    Rows Removed by Join Filter: 2256
                    ->  Seq Scan on info_type it2  (cost=0.00..2.41 rows=1 width=4) (actual time=0.011..0.012 rows=1 loops=1)
                          Filter: ((info)::text = 'rating'::text)
                          Rows Removed by Filter: 112
                    ->  Nested Loop  (cost=7.68..25619.80 rows=3403 width=38) (actual time=5.274..157.629 rows=3403 loops=1)
                          Join Filter: (t.id = mi_idx.movie_id)
                          ->  Nested Loop  (cost=7.26..24567.27 rows=1966 width=25) (actual time=5.266..150.178 rows=1966 loops=1)
                                Join Filter: (t.kind_id = kt.id)
                                Rows Removed by Join Filter: 616
                                ->  Seq Scan on kind_type kt  (cost=0.00..22.75 rows=1 width=4) (actual time=0.002..0.004 rows=1 loops=1)
                                      Filter: ((kind)::text = 'movie'::text)
                                      Rows Removed by Filter: 6
                                ->  Nested Loop  (cost=7.26..24512.25 rows=2582 width=29) (actual time=2.979..149.844 rows=2582 loops=1)
                                      ->  Nested Loop  (cost=6.83..6345.83 rows=37091 width=4) (actual time=2.910..59.565 rows=37091 loops=1)
                                            ->  Seq Scan on keyword k  (cost=0.00..2961.55 rows=3 width=4) (actual time=0.825..17.798 rows=3 loops=1)
                                                  Filter: (keyword = ANY ('{murder,murder-in-title,blood,violence}'::text[]))
                                                  Rows Removed by Filter: 134167
                                            ->  Bitmap Heap Scan on movie_keyword mk  (cost=6.83..1125.00 rows=309 width=8) (actual time=2.324..12.669 rows=12364 loops=3)
                                                  Recheck Cond: (keyword_id = k.id)
                                                  Heap Blocks: exact=26312
                                                  ->  Bitmap Index Scan on keyword_id_movie_keyword  (cost=0.00..6.75 rows=309 width=0) (actual time=1.206..1.206 rows=12364 loops=3)
                                                        Index Cond: (keyword_id = k.id)
                                      ->  Index Scan using title_pkey on title t  (cost=0.43..0.49 rows=1 width=25) (actual time=0.002..0.002 rows=0 loops=37091)
                                            Index Cond: (id = mk.movie_id)
                                            Filter: (production_year > 2010)
                                            Rows Removed by Filter: 1
                          ->  Index Scan using movie_id_movie_info_idx on movie_info_idx mi_idx  (cost=0.43..0.50 rows=3 width=13) (actual time=0.003..0.003 rows=2 loops=1966)
                                Index Cond: (movie_id = mk.movie_id)
                                Filter: (info < '8.5'::text)
                                Rows Removed by Filter: 0
              ->  Index Scan using movie_id_movie_info on movie_info mi  (cost=0.43..1.84 rows=2 width=8) (actual time=0.031..0.037 rows=1 loops=1147)
                    Index Cond: (movie_id = mk.movie_id)
                    Filter: (info = ANY ('{Sweden,Norway,Germany,Denmark,Swedish,Denish,Norwegian,German,USA,American}'::text[]))
                    Rows Removed by Filter: 69
        ->  Seq Scan on info_type it1  (cost=0.00..2.41 rows=1 width=4) (actual time=0.002..0.003 rows=1 loops=878)
              Filter: ((info)::text = 'countries'::text)
              Rows Removed by Filter: 21
Planning time: 3.063 ms
Execution time: 203.939 ms
