Aggregate  (cost=7543.65..7543.66 rows=1 width=64) (actual time=229.772..229.772 rows=1 loops=1)
  ->  Nested Loop  (cost=8.12..7543.65 rows=1 width=22) (actual time=5.583..229.539 rows=761 loops=1)
        Join Filter: (mi_idx.info_type_id = it2.id)
        Rows Removed by Join Filter: 1501
        ->  Nested Loop  (cost=8.12..7541.22 rows=1 width=26) (actual time=5.324..211.935 rows=2262 loops=1)
              Join Filter: (t.id = mi_idx.movie_id)
              ->  Nested Loop  (cost=7.69..7540.69 rows=1 width=29) (actual time=5.315..206.710 rows=1281 loops=1)
                    Join Filter: (mi.info_type_id = it1.id)
                    Rows Removed by Join Filter: 164
                    ->  Nested Loop  (cost=7.69..7538.26 rows=1 width=33) (actual time=5.307..201.869 rows=1445 loops=1)
                          Join Filter: (t.id = mi.movie_id)
                          ->  Nested Loop  (cost=7.26..7536.39 rows=1 width=25) (actual time=5.279..148.120 rows=1966 loops=1)
                                Join Filter: (t.kind_id = kt.id)
                                Rows Removed by Join Filter: 616
                                ->  Nested Loop  (cost=7.26..7512.06 rows=21 width=29) (actual time=2.996..147.400 rows=2582 loops=1)
                                      ->  Nested Loop  (cost=6.83..7445.94 rows=135 width=4) (actual time=2.922..57.538 rows=37091 loops=1)
                                            ->  Seq Scan on keyword k  (cost=0.00..2961.55 rows=4 width=4) (actual time=0.850..16.419 rows=3 loops=1)
                                                  Filter: (keyword = ANY ('{murder,murder-in-title,blood,violence}'::text[]))
                                                  Rows Removed by Filter: 134167
                                            ->  Bitmap Heap Scan on movie_keyword mk  (cost=6.83..1118.01 rows=309 width=8) (actual time=2.237..12.462 rows=12364 loops=3)
                                                  Recheck Cond: (keyword_id = k.id)
                                                  Heap Blocks: exact=26312
                                                  ->  Bitmap Index Scan on keyword_id_movie_keyword  (cost=0.00..6.75 rows=309 width=0) (actual time=1.160..1.160 rows=12364 loops=3)
                                                        Index Cond: (keyword_id = k.id)
                                      ->  Index Scan using title_pkey on title t  (cost=0.43..0.49 rows=1 width=25) (actual time=0.002..0.002 rows=0 loops=37091)
                                            Index Cond: (id = mk.movie_id)
                                            Filter: (production_year > 2010)
                                            Rows Removed by Filter: 1
                                ->  Materialize  (cost=0.00..22.77 rows=5 width=4) (actual time=0.000..0.000 rows=1 loops=2582)
                                      ->  Seq Scan on kind_type kt  (cost=0.00..22.75 rows=5 width=4) (actual time=0.004..0.005 rows=1 loops=1)
                                            Filter: ((kind)::text = 'movie'::text)
                                            Rows Removed by Filter: 6
                          ->  Index Scan using movie_id_movie_info on movie_info mi  (cost=0.43..1.84 rows=2 width=8) (actual time=0.023..0.027 rows=1 loops=1966)
                                Index Cond: (movie_id = mk.movie_id)
                                Filter: (info = ANY ('{Sweden,Norway,Germany,Denmark,Swedish,Denish,Norwegian,German,USA,American}'::text[]))
                                Rows Removed by Filter: 47
                    ->  Seq Scan on info_type it1  (cost=0.00..2.41 rows=1 width=4) (actual time=0.002..0.003 rows=1 loops=1445)
                          Filter: ((info)::text = 'countries'::text)
                          Rows Removed by Filter: 19
              ->  Index Scan using movie_id_movie_info_idx on movie_info_idx mi_idx  (cost=0.43..0.50 rows=3 width=13) (actual time=0.003..0.004 rows=2 loops=1281)
                    Index Cond: (movie_id = mk.movie_id)
                    Filter: (info < '8.5'::text)
                    Rows Removed by Filter: 0
        ->  Seq Scan on info_type it2  (cost=0.00..2.41 rows=1 width=4) (actual time=0.007..0.007 rows=1 loops=2262)
              Filter: ((info)::text = 'rating'::text)
              Rows Removed by Filter: 108
Planning time: 3.037 ms
Execution time: 229.835 ms
