Aggregate  (cost=13509.12..13509.13 rows=1 width=64) (actual time=79.572..79.572 rows=1 loops=1)
  ->  Nested Loop  (cost=8.12..13509.11 rows=1 width=22) (actual time=41.947..79.563 rows=1 loops=1)
        Join Filter: (mi_idx.info_type_id = it2.id)
        ->  Nested Loop  (cost=8.12..13506.69 rows=1 width=26) (actual time=41.937..79.552 rows=1 loops=1)
              Join Filter: (t.id = mi_idx.movie_id)
              ->  Nested Loop  (cost=7.69..13506.18 rows=1 width=29) (actual time=12.990..79.513 rows=6 loops=1)
                    Join Filter: (mi.info_type_id = it1.id)
                    ->  Nested Loop  (cost=7.69..13503.75 rows=1 width=33) (actual time=12.983..79.476 rows=6 loops=1)
                          Join Filter: (t.id = mi.movie_id)
                          ->  Nested Loop  (cost=7.26..13501.88 rows=1 width=25) (actual time=12.967..79.289 rows=10 loops=1)
                                Join Filter: (t.kind_id = kt.id)
                                Rows Removed by Join Filter: 5
                                ->  Seq Scan on kind_type kt  (cost=0.00..22.75 rows=1 width=4) (actual time=0.004..0.005 rows=1 loops=1)
                                      Filter: ((kind)::text = 'movie'::text)
                                      Rows Removed by Filter: 6
                                ->  Nested Loop  (cost=7.26..13479.08 rows=4 width=29) (actual time=4.665..79.278 rows=15 loops=1)
                                      ->  Nested Loop  (cost=6.83..3768.21 rows=19528 width=4) (actual time=4.152..34.228 rows=19528 loops=1)
                                            ->  Seq Scan on keyword k  (cost=0.00..2626.12 rows=1 width=4) (actual time=0.843..14.237 rows=1 loops=1)
                                                  Filter: (keyword = ANY ('{murder,murder-in-title}'::text[]))
                                                  Rows Removed by Filter: 134169
                                            ->  Bitmap Heap Scan on movie_keyword mk  (cost=6.83..1138.99 rows=309 width=8) (actual time=3.307..18.059 rows=19528 loops=1)
                                                  Recheck Cond: (keyword_id = k.id)
                                                  Heap Blocks: exact=12389
                                                  ->  Bitmap Index Scan on keyword_id_movie_keyword  (cost=0.00..6.75 rows=309 width=0) (actual time=1.729..1.729 rows=19528 loops=1)
                                                        Index Cond: (keyword_id = k.id)
                                      ->  Index Scan using title_pkey on title t  (cost=0.43..0.50 rows=1 width=25) (actual time=0.002..0.002 rows=0 loops=19528)
                                            Index Cond: (id = mk.movie_id)
                                            Filter: ((production_year > 2010) AND ((title ~~ '%murder%'::text) OR (title ~~ '%Murder%'::text) OR (title ~~ '%Mord%'::text)))
                                            Rows Removed by Filter: 1
                          ->  Index Scan using movie_id_movie_info on movie_info mi  (cost=0.43..1.84 rows=2 width=8) (actual time=0.017..0.018 rows=1 loops=10)
                                Index Cond: (movie_id = mk.movie_id)
                                Filter: (info = ANY ('{Sweden,Norway,Germany,Denmark,Swedish,Denish,Norwegian,German,USA,American}'::text[]))
                                Rows Removed by Filter: 12
                    ->  Seq Scan on info_type it1  (cost=0.00..2.41 rows=1 width=4) (actual time=0.004..0.004 rows=1 loops=6)
                          Filter: ((info)::text = 'countries'::text)
                          Rows Removed by Filter: 7
              ->  Index Scan using movie_id_movie_info_idx on movie_info_idx mi_idx  (cost=0.43..0.50 rows=1 width=13) (actual time=0.006..0.006 rows=0 loops=6)
                    Index Cond: (movie_id = mk.movie_id)
                    Filter: (info > '6.0'::text)
                    Rows Removed by Filter: 1
        ->  Seq Scan on info_type it2  (cost=0.00..2.41 rows=1 width=4) (actual time=0.009..0.009 rows=1 loops=1)
              Filter: ((info)::text = 'rating'::text)
              Rows Removed by Filter: 100
Planning time: 3.117 ms
Execution time: 79.635 ms
