Aggregate  (cost=88088.21..88088.22 rows=1 width=64) (actual time=650.144..650.144 rows=1 loops=1)
  ->  Nested Loop  (cost=21337.13..88088.12 rows=17 width=59) (actual time=156.484..650.015 rows=328 loops=1)
        ->  Nested Loop  (cost=21336.71..88080.67 rows=17 width=63) (actual time=156.475..649.199 rows=328 loops=1)
              ->  Nested Loop  (cost=21336.28..88078.86 rows=1 width=75) (actual time=154.338..648.850 rows=57 loops=1)
                    ->  Nested Loop  (cost=21336.14..88078.66 rows=1 width=79) (actual time=154.330..648.702 rows=57 loops=1)
                          ->  Nested Loop  (cost=21335.70..87996.58 rows=42 width=29) (actual time=149.539..547.080 rows=5134 loops=1)
                                ->  Hash Join  (cost=21335.27..87923.60 rows=77 width=8) (actual time=149.522..517.794 rows=13699 loops=1)
                                      Hash Cond: (mc.company_type_id = ct.id)
                                      ->  Hash Join  (cost=21318.12..87733.67 rows=13699 width=12) (actual time=149.508..515.333 rows=13699 loops=1)
                                            Hash Cond: (mc.movie_id = at.movie_id)
                                            ->  Hash Join  (cost=6993.00..65698.44 rows=43837 width=8) (actual time=44.201..396.874 rows=43837 loops=1)
                                                  Hash Cond: (mc.company_id = cn.id)
                                                  ->  Seq Scan on movie_companies mc  (cost=0.00..57926.93 rows=61664 width=12) (actual time=0.006..338.150 rows=61664 loops=1)
                                                        Filter: ((note ~~ '%(200%)%'::text) AND (note ~~ '%(worldwide)%'::text))
                                                        Rows Removed by Filter: 2547465
                                                  ->  Hash  (cost=5932.46..5932.46 rows=84843 width=4) (actual time=44.046..44.046 rows=84843 loops=1)
                                                        Buckets: 131072  Batches: 1  Memory Usage: 4007kB
                                                        ->  Seq Scan on company_name cn  (cost=0.00..5932.46 rows=84843 width=4) (actual time=0.006..32.665 rows=84843 loops=1)
                                                              Filter: ((country_code)::text = '[us]'::text)
                                                              Rows Removed by Filter: 150154
                                            ->  Hash  (cost=9806.72..9806.72 rows=361472 width=4) (actual time=104.504..104.504 rows=361472 loops=1)
                                                  Buckets: 524288  Batches: 1  Memory Usage: 16804kB
                                                  ->  Seq Scan on aka_title at  (cost=0.00..9806.72 rows=361472 width=4) (actual time=0.010..51.267 rows=361472 loops=1)
                                      ->  Hash  (cost=17.10..17.10 rows=4 width=4) (actual time=0.008..0.008 rows=4 loops=1)
                                            Buckets: 1024  Batches: 1  Memory Usage: 9kB
                                            ->  Seq Scan on company_type ct  (cost=0.00..17.10 rows=4 width=4) (actual time=0.005..0.006 rows=4 loops=1)
                                ->  Index Scan using title_pkey on title t  (cost=0.43..0.95 rows=1 width=21) (actual time=0.002..0.002 rows=0 loops=13699)
                                      Index Cond: (id = at.movie_id)
                                      Filter: (production_year > 2000)
                                      Rows Removed by Filter: 1
                          ->  Index Scan using movie_id_movie_info on movie_info mi  (cost=0.43..1.94 rows=1 width=50) (actual time=0.020..0.020 rows=0 loops=5134)
                                Index Cond: (movie_id = t.id)
                                Filter: ((note ~~ '%internet%'::text) AND (info ~~ 'USA:% 200%'::text))
                                Rows Removed by Filter: 72
                    ->  Index Scan using info_type_pkey on info_type it1  (cost=0.14..0.17 rows=1 width=4) (actual time=0.002..0.002 rows=1 loops=57)
                          Index Cond: (id = mi.info_type_id)
                          Filter: ((info)::text = 'release dates'::text)
              ->  Index Scan using movie_id_movie_keyword on movie_keyword mk  (cost=0.43..1.34 rows=46 width=8) (actual time=0.004..0.005 rows=6 loops=57)
                    Index Cond: (movie_id = t.id)
        ->  Index Only Scan using keyword_pkey on keyword k  (cost=0.42..0.44 rows=1 width=4) (actual time=0.002..0.002 rows=1 loops=328)
              Index Cond: (id = mk.keyword_id)
              Heap Fetches: 328
Planning time: 8.021 ms
Execution time: 650.283 ms
