Aggregate  (cost=110991.67..110991.68 rows=1 width=64) (actual time=645.873..645.873 rows=1 loops=1)
  ->  Nested Loop  (cost=21319.99..110985.43 rows=1248 width=59) (actual time=153.856..645.731 rows=328 loops=1)
        Join Filter: (mi.info_type_id = it1.id)
        ->  Seq Scan on info_type it1  (cost=0.00..2.41 rows=1 width=4) (actual time=0.008..0.015 rows=1 loops=1)
              Filter: ((info)::text = 'release dates'::text)
              Rows Removed by Filter: 112
        ->  Nested Loop  (cost=21319.99..110979.73 rows=263 width=63) (actual time=153.846..645.660 rows=328 loops=1)
              ->  Nested Loop  (cost=21319.57..110864.33 rows=263 width=67) (actual time=153.835..644.782 rows=328 loops=1)
                    ->  Nested Loop  (cost=21319.14..110761.49 rows=57 width=79) (actual time=151.580..644.422 rows=57 loops=1)
                          ->  Nested Loop  (cost=21318.99..110751.89 rows=57 width=83) (actual time=151.574..644.287 rows=57 loops=1)
                                ->  Nested Loop  (cost=21318.55..100718.31 rows=5134 width=33) (actual time=146.932..541.572 rows=5134 loops=1)
                                      ->  Hash Join  (cost=21318.12..87733.67 rows=13699 width=12) (actual time=146.914..511.628 rows=13699 loops=1)
                                            Hash Cond: (mc.movie_id = at.movie_id)
                                            ->  Hash Join  (cost=6993.00..65698.44 rows=43837 width=8) (actual time=44.299..396.092 rows=43837 loops=1)
                                                  Hash Cond: (mc.company_id = cn.id)
                                                  ->  Seq Scan on movie_companies mc  (cost=0.00..57926.93 rows=61664 width=12) (actual time=0.006..337.514 rows=61664 loops=1)
                                                        Filter: ((note ~~ '%(200%)%'::text) AND (note ~~ '%(worldwide)%'::text))
                                                        Rows Removed by Filter: 2547465
                                                  ->  Hash  (cost=5932.46..5932.46 rows=84843 width=4) (actual time=44.144..44.144 rows=84843 loops=1)
                                                        Buckets: 131072  Batches: 1  Memory Usage: 4007kB
                                                        ->  Seq Scan on company_name cn  (cost=0.00..5932.46 rows=84843 width=4) (actual time=0.005..32.631 rows=84843 loops=1)
                                                              Filter: ((country_code)::text = '[us]'::text)
                                                              Rows Removed by Filter: 150154
                                            ->  Hash  (cost=9806.72..9806.72 rows=361472 width=4) (actual time=101.802..101.802 rows=361472 loops=1)
                                                  Buckets: 524288  Batches: 1  Memory Usage: 16804kB
                                                  ->  Seq Scan on aka_title at  (cost=0.00..9806.72 rows=361472 width=4) (actual time=0.011..50.683 rows=361472 loops=1)
                                      ->  Index Scan using title_pkey on title t  (cost=0.43..0.95 rows=1 width=21) (actual time=0.002..0.002 rows=0 loops=13699)
                                            Index Cond: (id = at.movie_id)
                                            Filter: (production_year > 2000)
                                            Rows Removed by Filter: 1
                                ->  Index Scan using movie_id_movie_info on movie_info mi  (cost=0.43..1.94 rows=1 width=50) (actual time=0.020..0.020 rows=0 loops=5134)
                                      Index Cond: (movie_id = t.id)
                                      Filter: ((note ~~ '%internet%'::text) AND (info ~~ 'USA:% 200%'::text))
                                      Rows Removed by Filter: 72
                          ->  Index Only Scan using company_type_pkey on company_type ct  (cost=0.15..0.17 rows=1 width=4) (actual time=0.001..0.001 rows=1 loops=57)
                                Index Cond: (id = mc.company_type_id)
                                Heap Fetches: 57
                    ->  Index Scan using movie_id_movie_keyword on movie_keyword mk  (cost=0.43..1.34 rows=46 width=8) (actual time=0.004..0.005 rows=6 loops=57)
                          Index Cond: (movie_id = t.id)
              ->  Index Only Scan using keyword_pkey on keyword k  (cost=0.42..0.44 rows=1 width=4) (actual time=0.002..0.002 rows=1 loops=328)
                    Index Cond: (id = mk.keyword_id)
                    Heap Fetches: 328
Planning time: 7.863 ms
Execution time: 646.008 ms
