Aggregate  (cost=6921.16..6921.17 rows=1 width=64) (actual time=28.072..28.072 rows=1 loops=1)
  ->  Nested Loop  (cost=2.57..6921.11 rows=9 width=59) (actual time=5.891..28.057 rows=37 loops=1)
        ->  Nested Loop  (cost=2.15..6917.16 rows=9 width=63) (actual time=5.884..27.942 rows=37 loops=1)
              ->  Nested Loop  (cost=1.72..6915.26 rows=1 width=75) (actual time=4.884..27.913 rows=3 loops=1)
                    Join Filter: (mi.info_type_id = it1.id)
                    ->  Nested Loop  (cost=1.72..6912.83 rows=1 width=79) (actual time=4.876..27.896 rows=3 loops=1)
                          ->  Nested Loop  (cost=1.28..6910.34 rows=1 width=29) (actual time=4.065..27.497 rows=26 loops=1)
                                ->  Nested Loop  (cost=0.85..6909.39 rows=1 width=8) (actual time=4.057..27.371 rows=27 loops=1)
                                      ->  Nested Loop  (cost=0.43..6907.44 rows=2 width=4) (actual time=3.872..26.786 rows=278 loops=1)
                                            Join Filter: (mc.company_type_id = ct.id)
                                            ->  Nested Loop  (cost=0.43..6873.65 rows=278 width=8) (actual time=3.866..26.713 rows=278 loops=1)
                                                  ->  Seq Scan on company_name cn  (cost=0.00..6519.95 rows=1 width=4) (actual time=3.846..25.465 rows=1 loops=1)
                                                        Filter: (((country_code)::text = '[us]'::text) AND (name = 'YouTube'::text))
                                                        Rows Removed by Filter: 234996
                                                  ->  Index Scan using company_id_movie_companies on movie_companies mc  (cost=0.43..353.69 rows=1 width=12) (actual time=0.018..1.218 rows=278 loops=1)
                                                        Index Cond: (company_id = cn.id)
                                                        Filter: ((note ~~ '%(200%)%'::text) AND (note ~~ '%(worldwide)%'::text))
                                                        Rows Removed by Filter: 1180
                                            ->  Materialize  (cost=0.00..17.12 rows=4 width=4) (actual time=0.000..0.000 rows=1 loops=278)
                                                  ->  Seq Scan on company_type ct  (cost=0.00..17.10 rows=4 width=4) (actual time=0.003..0.003 rows=1 loops=1)
                                      ->  Index Only Scan using movie_id_aka_title on aka_title at  (cost=0.42..0.94 rows=3 width=4) (actual time=0.002..0.002 rows=0 loops=278)
                                            Index Cond: (movie_id = mc.movie_id)
                                            Heap Fetches: 27
                                ->  Index Scan using title_pkey on title t  (cost=0.43..0.95 rows=1 width=21) (actual time=0.004..0.004 rows=1 loops=27)
                                      Index Cond: (id = at.movie_id)
                                      Filter: ((production_year >= 2005) AND (production_year <= 2010))
                                      Rows Removed by Filter: 0
                          ->  Index Scan using movie_id_movie_info on movie_info mi  (cost=0.43..2.49 rows=1 width=50) (actual time=0.014..0.015 rows=0 loops=26)
                                Index Cond: (movie_id = t.id)
                                Filter: ((note ~~ '%internet%'::text) AND (info ~~ 'USA:% 200%'::text))
                                Rows Removed by Filter: 19
                    ->  Seq Scan on info_type it1  (cost=0.00..2.41 rows=1 width=4) (actual time=0.004..0.004 rows=1 loops=3)
                          Filter: ((info)::text = 'release dates'::text)
                          Rows Removed by Filter: 15
              ->  Index Scan using movie_id_movie_keyword on movie_keyword mk  (cost=0.43..1.44 rows=46 width=8) (actual time=0.006..0.008 rows=12 loops=3)
                    Index Cond: (movie_id = t.id)
        ->  Index Only Scan using keyword_pkey on keyword k  (cost=0.42..0.44 rows=1 width=4) (actual time=0.003..0.003 rows=1 loops=37)
              Index Cond: (id = mk.keyword_id)
              Heap Fetches: 37
Planning time: 7.895 ms
Execution time: 28.134 ms
