Aggregate  (cost=6903.55..6903.56 rows=1 width=64) (actual time=28.251..28.251 rows=1 loops=1)
  ->  Nested Loop  (cost=2.57..6903.50 rows=9 width=59) (actual time=6.086..28.235 rows=37 loops=1)
        ->  Nested Loop  (cost=2.15..6899.55 rows=9 width=63) (actual time=6.078..28.118 rows=37 loops=1)
              ->  Nested Loop  (cost=1.72..6897.65 rows=1 width=75) (actual time=5.050..28.086 rows=3 loops=1)
                    Join Filter: (mi.info_type_id = it1.id)
                    ->  Nested Loop  (cost=1.72..6895.22 rows=1 width=79) (actual time=5.044..28.071 rows=3 loops=1)
                          ->  Nested Loop  (cost=1.28..6892.72 rows=1 width=29) (actual time=4.214..27.655 rows=26 loops=1)
                                ->  Nested Loop  (cost=0.85..6891.77 rows=1 width=8) (actual time=4.205..27.521 rows=27 loops=1)
                                      Join Filter: (mc.company_type_id = ct.id)
                                      ->  Nested Loop  (cost=0.85..6874.62 rows=1 width=12) (actual time=4.200..27.488 rows=27 loops=1)
                                            ->  Nested Loop  (cost=0.43..6873.65 rows=1 width=8) (actual time=4.026..26.895 rows=278 loops=1)
                                                  ->  Seq Scan on company_name cn  (cost=0.00..6519.95 rows=1 width=4) (actual time=4.003..25.597 rows=1 loops=1)
                                                        Filter: (((country_code)::text = '[us]'::text) AND (name = 'YouTube'::text))
                                                        Rows Removed by Filter: 234996
                                                  ->  Index Scan using company_id_movie_companies on movie_companies mc  (cost=0.43..353.69 rows=1 width=12) (actual time=0.020..1.266 rows=278 loops=1)
                                                        Index Cond: (company_id = cn.id)
                                                        Filter: ((note ~~ '%(200%)%'::text) AND (note ~~ '%(worldwide)%'::text))
                                                        Rows Removed by Filter: 1180
                                            ->  Index Only Scan using movie_id_aka_title on aka_title at  (cost=0.42..0.94 rows=3 width=4) (actual time=0.002..0.002 rows=0 loops=278)
                                                  Index Cond: (movie_id = mc.movie_id)
                                                  Heap Fetches: 27
                                      ->  Seq Scan on company_type ct  (cost=0.00..17.10 rows=4 width=4) (actual time=0.000..0.000 rows=1 loops=27)
                                ->  Index Scan using title_pkey on title t  (cost=0.43..0.95 rows=1 width=21) (actual time=0.005..0.005 rows=1 loops=27)
                                      Index Cond: (id = at.movie_id)
                                      Filter: ((production_year >= 2005) AND (production_year <= 2010))
                                      Rows Removed by Filter: 0
                          ->  Index Scan using movie_id_movie_info on movie_info mi  (cost=0.43..2.49 rows=1 width=50) (actual time=0.015..0.016 rows=0 loops=26)
                                Index Cond: (movie_id = t.id)
                                Filter: ((note ~~ '%internet%'::text) AND (info ~~ 'USA:% 200%'::text))
                                Rows Removed by Filter: 19
                    ->  Seq Scan on info_type it1  (cost=0.00..2.41 rows=1 width=4) (actual time=0.004..0.004 rows=1 loops=3)
                          Filter: ((info)::text = 'release dates'::text)
                          Rows Removed by Filter: 15
              ->  Index Scan using movie_id_movie_keyword on movie_keyword mk  (cost=0.43..1.44 rows=46 width=8) (actual time=0.006..0.008 rows=12 loops=3)
                    Index Cond: (movie_id = t.id)
        ->  Index Only Scan using keyword_pkey on keyword k  (cost=0.42..0.44 rows=1 width=4) (actual time=0.003..0.003 rows=1 loops=37)
              Index Cond: (id = mk.keyword_id)
              Heap Fetches: 37
Planning time: 7.992 ms
Execution time: 28.319 ms
