Aggregate  (cost=93673.37..93673.38 rows=1 width=64) (actual time=12074.163..12074.163 rows=1 loops=1)
  ->  Nested Loop  (cost=19.85..93673.26 rows=22 width=59) (actual time=15.661..12073.216 rows=2271 loops=1)
        Join Filter: (t.id = at.movie_id)
        ->  Nested Loop  (cost=19.43..93668.59 rows=9 width=75) (actual time=1.295..12060.295 rows=7964 loops=1)
              ->  Nested Loop  (cost=19.01..93664.64 rows=9 width=79) (actual time=1.290..12038.368 rows=7964 loops=1)
                    ->  Nested Loop  (cost=18.58..93662.86 rows=1 width=71) (actual time=1.284..12026.162 rows=2647 loops=1)
                          ->  Nested Loop  (cost=18.44..93660.63 rows=13 width=75) (actual time=1.282..12021.721 rows=2647 loops=1)
                                Join Filter: (t.id = mi.movie_id)
                                ->  Nested Loop  (cost=18.00..87114.45 rows=3671 width=25) (actual time=0.030..7613.900 rows=596250 loops=1)
                                      ->  Nested Loop  (cost=17.57..84360.26 rows=5307 width=4) (actual time=0.024..5411.645 rows=1153798 loops=1)
                                            ->  Hash Join  (cost=17.15..77806.08 rows=14699 width=8) (actual time=0.018..750.857 rows=2609129 loops=1)
                                                  Hash Cond: (mc.company_type_id = ct.id)
                                                  ->  Seq Scan on movie_companies mc  (cost=0.00..44881.29 rows=2609129 width=12) (actual time=0.008..227.570 rows=2609129 loops=1)
                                                  ->  Hash  (cost=17.10..17.10 rows=4 width=4) (actual time=0.005..0.005 rows=4 loops=1)
                                                        Buckets: 1024  Batches: 1  Memory Usage: 9kB
                                                        ->  Seq Scan on company_type ct  (cost=0.00..17.10 rows=4 width=4) (actual time=0.003..0.003 rows=4 loops=1)
                                            ->  Index Scan using company_name_pkey on company_name cn  (cost=0.42..0.45 rows=1 width=4) (actual time=0.002..0.002 rows=0 loops=2609129)
                                                  Index Cond: (id = mc.company_id)
                                                  Filter: ((country_code)::text = '[us]'::text)
                                                  Rows Removed by Filter: 1
                                      ->  Index Scan using title_pkey on title t  (cost=0.43..0.52 rows=1 width=21) (actual time=0.002..0.002 rows=1 loops=1153798)
                                            Index Cond: (id = mc.movie_id)
                                            Filter: (production_year > 1990)
                                            Rows Removed by Filter: 0
                                ->  Index Scan using movie_id_movie_info on movie_info mi  (cost=0.43..1.77 rows=1 width=50) (actual time=0.007..0.007 rows=0 loops=596250)
                                      Index Cond: (movie_id = mc.movie_id)
                                      Filter: ((info IS NOT NULL) AND (note ~~ '%internet%'::text) AND ((info ~~ 'USA:% 199%'::text) OR (info ~~ 'USA:% 200%'::text)))
                                      Rows Removed by Filter: 22
                          ->  Index Scan using info_type_pkey on info_type it1  (cost=0.14..0.17 rows=1 width=4) (actual time=0.001..0.001 rows=1 loops=2647)
                                Index Cond: (id = mi.info_type_id)
                                Filter: ((info)::text = 'release dates'::text)
                    ->  Index Scan using movie_id_movie_keyword on movie_keyword mk  (cost=0.43..1.32 rows=46 width=8) (actual time=0.003..0.004 rows=3 loops=2647)
                          Index Cond: (movie_id = t.id)
              ->  Index Only Scan using keyword_pkey on keyword k  (cost=0.42..0.44 rows=1 width=4) (actual time=0.002..0.002 rows=1 loops=7964)
                    Index Cond: (id = mk.keyword_id)
                    Heap Fetches: 7964
        ->  Index Only Scan using movie_id_aka_title on aka_title at  (cost=0.42..0.48 rows=3 width=4) (actual time=0.001..0.001 rows=0 loops=7964)
              Index Cond: (movie_id = mk.movie_id)
              Heap Fetches: 2271
Planning time: 7.959 ms
Execution time: 12074.240 ms
