Aggregate  (cost=202480.11..202480.12 rows=1 width=64) (actual time=626.056..626.056 rows=1 loops=1)
  ->  Nested Loop  (cost=18262.42..202423.38 rows=11347 width=38) (actual time=224.122..623.492 rows=11347 loops=1)
        ->  Nested Loop  (cost=18262.00..197444.62 rows=11347 width=42) (actual time=224.112..602.341 rows=11347 loops=1)
              ->  Hash Join  (cost=18261.57..195885.54 rows=875 width=54) (actual time=224.102..596.997 rows=875 loops=1)
                    Hash Cond: (mc.company_type_id = ct.id)
                    ->  Nested Loop  (cost=18244.42..195857.35 rows=875 width=58) (actual time=224.089..596.731 rows=875 loops=1)
                          ->  Nested Loop  (cost=18244.00..194921.42 rows=2099 width=62) (actual time=224.080..590.984 rows=2099 loops=1)
                                ->  Nested Loop  (cost=18243.57..194555.35 rows=584 width=50) (actual time=223.075..587.976 rows=584 loops=1)
                                      ->  Hash Join  (cost=18243.14..193995.17 rows=591 width=29) (actual time=223.058..585.650 rows=591 loops=1)
                                            Hash Cond: (mi.movie_id = at.movie_id)
                                            ->  Nested Loop  (cost=3918.02..177760.39 rows=10679 width=4) (actual time=94.614..454.329 rows=10679 loops=1)
                                                  ->  Seq Scan on info_type it1  (cost=0.00..2.41 rows=1 width=4) (actual time=0.006..0.015 rows=1 loops=1)
                                                        Filter: ((info)::text = 'release dates'::text)
                                                        Rows Removed by Filter: 112
                                                  ->  Bitmap Heap Scan on movie_info mi  (cost=3918.02..177756.26 rows=171 width=8) (actual time=94.606..453.251 rows=10679 loops=1)
                                                        Recheck Cond: (info_type_id = it1.id)
                                                        Filter: (note ~~ '%internet%'::text)
                                                        Rows Removed by Filter: 3026040
                                                        Heap Blocks: exact=25448
                                                        ->  Bitmap Index Scan on info_type_id_movie_info  (cost=0.00..3917.98 rows=211939 width=0) (actual time=90.892..90.892 rows=3036719 loops=1)
                                                              Index Cond: (info_type_id = it1.id)
                                            ->  Hash  (cost=9806.72..9806.72 rows=361472 width=25) (actual time=127.691..127.691 rows=361472 loops=1)
                                                  Buckets: 524288  Batches: 1  Memory Usage: 25054kB
                                                  ->  Seq Scan on aka_title at  (cost=0.00..9806.72 rows=361472 width=25) (actual time=0.011..58.596 rows=361472 loops=1)
                                      ->  Index Scan using title_pkey on title t  (cost=0.43..0.95 rows=1 width=21) (actual time=0.003..0.003 rows=1 loops=591)
                                            Index Cond: (id = at.movie_id)
                                            Filter: (production_year > 1990)
                                            Rows Removed by Filter: 0
                                ->  Index Scan using movie_id_movie_companies on movie_companies mc  (cost=0.43..0.58 rows=5 width=12) (actual time=0.003..0.004 rows=4 loops=584)
                                      Index Cond: (movie_id = t.id)
                          ->  Index Scan using company_name_pkey on company_name cn  (cost=0.42..0.45 rows=1 width=4) (actual time=0.002..0.002 rows=0 loops=2099)
                                Index Cond: (id = mc.company_id)
                                Filter: ((country_code)::text = '[us]'::text)
                                Rows Removed by Filter: 1
                    ->  Hash  (cost=17.10..17.10 rows=4 width=4) (actual time=0.007..0.007 rows=4 loops=1)
                          Buckets: 1024  Batches: 1  Memory Usage: 9kB
                          ->  Seq Scan on company_type ct  (cost=0.00..17.10 rows=4 width=4) (actual time=0.004..0.005 rows=4 loops=1)
              ->  Index Scan using movie_id_movie_keyword on movie_keyword mk  (cost=0.43..1.32 rows=46 width=8) (actual time=0.002..0.004 rows=13 loops=875)
                    Index Cond: (movie_id = t.id)
        ->  Index Only Scan using keyword_pkey on keyword k  (cost=0.42..0.44 rows=1 width=4) (actual time=0.002..0.002 rows=1 loops=11347)
              Index Cond: (id = mk.keyword_id)
              Heap Fetches: 11347
Planning time: 7.775 ms
Execution time: 626.197 ms
