Aggregate  (cost=109002.11..109002.12 rows=1 width=64) (actual time=13459.623..13459.623 rows=1 loops=1)
  ->  Nested Loop  (cost=7012.29..109002.00 rows=22 width=38) (actual time=49.470..13456.778 rows=11347 loops=1)
        ->  Nested Loop  (cost=7011.87..108992.34 rows=22 width=42) (actual time=49.452..13433.668 rows=11347 loops=1)
              ->  Nested Loop  (cost=7011.44..108990.56 rows=1 width=54) (actual time=49.443..13427.460 rows=875 loops=1)
                    Join Filter: (at.movie_id = t.id)
                    ->  Nested Loop  (cost=7011.01..108990.03 rows=1 width=33) (actual time=49.434..13423.780 rows=896 loops=1)
                          Join Filter: (mi.info_type_id = it1.id)
                          Rows Removed by Join Filter: 589
                          ->  Seq Scan on info_type it1  (cost=0.00..2.41 rows=1 width=4) (actual time=0.008..0.017 rows=1 loops=1)
                                Filter: ((info)::text = 'release dates'::text)
                                Rows Removed by Filter: 112
                          ->  Nested Loop  (cost=7011.01..108986.13 rows=119 width=37) (actual time=49.424..13423.418 rows=1485 loops=1)
                                Join Filter: (at.movie_id = mi.movie_id)
                                ->  Nested Loop  (cost=7010.57..102737.98 rows=3959 width=29) (actual time=44.232..2754.140 rows=627946 loops=1)
                                      ->  Hash Join  (cost=7010.15..99383.87 rows=6500 width=4) (actual time=44.206..1043.660 rows=1153798 loops=1)
                                            Hash Cond: (mc.company_type_id = ct.id)
                                            ->  Hash Join  (cost=6993.00..84814.45 rows=1153798 width=8) (actual time=44.195..843.236 rows=1153798 loops=1)
                                                  Hash Cond: (mc.company_id = cn.id)
                                                  ->  Seq Scan on movie_companies mc  (cost=0.00..44881.29 rows=2609129 width=12) (actual time=0.006..236.312 rows=2609129 loops=1)
                                                  ->  Hash  (cost=5932.46..5932.46 rows=84843 width=4) (actual time=44.051..44.051 rows=84843 loops=1)
                                                        Buckets: 131072  Batches: 1  Memory Usage: 4007kB
                                                        ->  Seq Scan on company_name cn  (cost=0.00..5932.46 rows=84843 width=4) (actual time=0.006..32.496 rows=84843 loops=1)
                                                              Filter: ((country_code)::text = '[us]'::text)
                                                              Rows Removed by Filter: 150154
                                            ->  Hash  (cost=17.10..17.10 rows=4 width=4) (actual time=0.005..0.005 rows=4 loops=1)
                                                  Buckets: 1024  Batches: 1  Memory Usage: 9kB
                                                  ->  Seq Scan on company_type ct  (cost=0.00..17.10 rows=4 width=4) (actual time=0.002..0.003 rows=4 loops=1)
                                      ->  Index Scan using movie_id_aka_title on aka_title at  (cost=0.42..0.49 rows=3 width=25) (actual time=0.001..0.001 rows=1 loops=1153798)
                                            Index Cond: (movie_id = mc.movie_id)
                                ->  Index Scan using movie_id_movie_info on movie_info mi  (cost=0.43..1.57 rows=1 width=8) (actual time=0.017..0.017 rows=0 loops=627946)
                                      Index Cond: (movie_id = mc.movie_id)
                                      Filter: (note ~~ '%internet%'::text)
                                      Rows Removed by Filter: 82
                    ->  Index Scan using title_pkey on title t  (cost=0.43..0.52 rows=1 width=21) (actual time=0.003..0.003 rows=1 loops=896)
                          Index Cond: (id = mc.movie_id)
                          Filter: (production_year > 1990)
                          Rows Removed by Filter: 0
              ->  Index Scan using movie_id_movie_keyword on movie_keyword mk  (cost=0.43..1.32 rows=46 width=8) (actual time=0.003..0.005 rows=13 loops=875)
                    Index Cond: (movie_id = t.id)
        ->  Index Only Scan using keyword_pkey on keyword k  (cost=0.42..0.44 rows=1 width=4) (actual time=0.002..0.002 rows=1 loops=11347)
              Index Cond: (id = mk.keyword_id)
              Heap Fetches: 11347
Planning time: 7.827 ms
Execution time: 13459.708 ms
