Aggregate  (cost=35194.98..35194.99 rows=1 width=64) (actual time=179.008..179.008 rows=1 loops=1)
  ->  Nested Loop  (cost=7002.11..35193.90 rows=216 width=33) (actual time=51.362..178.900 rows=385 loops=1)
        Join Filter: (an.person_id = n.id)
        ->  Hash Join  (cost=7001.68..35092.85 rows=216 width=41) (actual time=51.351..177.910 rows=385 loops=1)
              Hash Cond: (mc.company_id = cn.id)
              ->  Nested Loop  (cost=8.68..25084.86 rows=238812 width=45) (actual time=6.859..133.507 rows=898 loops=1)
                    ->  Nested Loop  (cost=8.25..24560.47 rows=1089 width=25) (actual time=6.852..130.814 rows=1089 loops=1)
                          Join Filter: (t.id = ci.movie_id)
                          ->  Nested Loop  (cost=7.69..24453.21 rows=54 width=33) (actual time=6.842..129.694 rows=54 loops=1)
                                Join Filter: (t.id = mc.movie_id)
                                ->  Nested Loop  (cost=7.26..24365.18 rows=146 width=25) (actual time=6.067..129.363 rows=146 loops=1)
                                      ->  Nested Loop  (cost=6.83..3768.21 rows=41840 width=4) (actual time=4.235..37.446 rows=41840 loops=1)
                                            ->  Seq Scan on keyword k  (cost=0.00..2626.12 rows=1 width=4) (actual time=0.451..10.199 rows=1 loops=1)
                                                  Filter: (keyword = 'character-name-in-title'::text)
                                                  Rows Removed by Filter: 134169
                                            ->  Bitmap Heap Scan on movie_keyword mk  (cost=6.83..1138.99 rows=309 width=8) (actual time=3.782..23.041 rows=41840 loops=1)
                                                  Recheck Cond: (keyword_id = k.id)
                                                  Heap Blocks: exact=11541
                                                  ->  Bitmap Index Scan on keyword_id_movie_keyword  (cost=0.00..6.75 rows=309 width=0) (actual time=2.407..2.407 rows=41840 loops=1)
                                                        Index Cond: (keyword_id = k.id)
                                      ->  Index Scan using title_pkey on title t  (cost=0.43..0.49 rows=1 width=21) (actual time=0.002..0.002 rows=0 loops=41840)
                                            Index Cond: (id = mk.movie_id)
                                            Filter: ((episode_nr >= 50) AND (episode_nr < 100))
                                            Rows Removed by Filter: 1
                                ->  Index Scan using movie_id_movie_companies on movie_companies mc  (cost=0.43..0.54 rows=5 width=8) (actual time=0.002..0.002 rows=0 loops=146)
                                      Index Cond: (movie_id = mk.movie_id)
                          ->  Index Scan using movie_id_cast_info on cast_info ci  (cost=0.56..1.52 rows=37 width=8) (actual time=0.004..0.017 rows=20 loops=54)
                                Index Cond: (movie_id = mk.movie_id)
                    ->  Index Scan using person_id_aka_name on aka_name an  (cost=0.42..0.46 rows=2 width=20) (actual time=0.002..0.002 rows=1 loops=1089)
                          Index Cond: (person_id = ci.person_id)
              ->  Hash  (cost=5932.46..5932.46 rows=84843 width=4) (actual time=44.119..44.119 rows=84843 loops=1)
                    Buckets: 131072  Batches: 1  Memory Usage: 4007kB
                    ->  Seq Scan on company_name cn  (cost=0.00..5932.46 rows=84843 width=4) (actual time=0.008..32.828 rows=84843 loops=1)
                          Filter: ((country_code)::text = '[us]'::text)
                          Rows Removed by Filter: 150154
        ->  Index Only Scan using name_pkey on name n  (cost=0.43..0.46 rows=1 width=4) (actual time=0.002..0.002 rows=1 loops=385)
              Index Cond: (id = ci.person_id)
              Heap Fetches: 385
Planning time: 3.743 ms
Execution time: 179.098 ms
