Aggregate  (cost=36013.66..36013.67 rows=1 width=64) (actual time=177.809..177.809 rows=1 loops=1)
  ->  Hash Join  (cost=7002.11..35512.94 rows=100144 width=33) (actual time=49.147..177.702 rows=385 loops=1)
        Hash Cond: (mc.company_id = cn.id)
        ->  Nested Loop  (cost=9.11..25504.95 rows=238812 width=37) (actual time=7.135..135.888 rows=898 loops=1)
              Join Filter: (an.person_id = n.id)
              ->  Nested Loop  (cost=8.68..25084.86 rows=898 width=45) (actual time=7.127..133.715 rows=898 loops=1)
                    ->  Nested Loop  (cost=8.25..24560.47 rows=1089 width=25) (actual time=7.120..130.934 rows=1089 loops=1)
                          Join Filter: (t.id = ci.movie_id)
                          ->  Nested Loop  (cost=7.69..24453.21 rows=54 width=33) (actual time=7.111..129.793 rows=54 loops=1)
                                Join Filter: (t.id = mc.movie_id)
                                ->  Nested Loop  (cost=7.26..24365.18 rows=146 width=25) (actual time=6.308..129.467 rows=146 loops=1)
                                      ->  Nested Loop  (cost=6.83..3768.21 rows=41840 width=4) (actual time=4.307..37.657 rows=41840 loops=1)
                                            ->  Seq Scan on keyword k  (cost=0.00..2626.12 rows=1 width=4) (actual time=0.441..10.316 rows=1 loops=1)
                                                  Filter: (keyword = 'character-name-in-title'::text)
                                                  Rows Removed by Filter: 134169
                                            ->  Bitmap Heap Scan on movie_keyword mk  (cost=6.83..1138.99 rows=309 width=8) (actual time=3.864..23.104 rows=41840 loops=1)
                                                  Recheck Cond: (keyword_id = k.id)
                                                  Heap Blocks: exact=11541
                                                  ->  Bitmap Index Scan on keyword_id_movie_keyword  (cost=0.00..6.75 rows=309 width=0) (actual time=2.410..2.410 rows=41840 loops=1)
                                                        Index Cond: (keyword_id = k.id)
                                      ->  Index Scan using title_pkey on title t  (cost=0.43..0.49 rows=1 width=21) (actual time=0.002..0.002 rows=0 loops=41840)
                                            Index Cond: (id = mk.movie_id)
                                            Filter: ((episode_nr >= 50) AND (episode_nr < 100))
                                            Rows Removed by Filter: 1
                                ->  Index Scan using movie_id_movie_companies on movie_companies mc  (cost=0.43..0.54 rows=5 width=8) (actual time=0.002..0.002 rows=0 loops=146)
                                      Index Cond: (movie_id = mk.movie_id)
                          ->  Index Scan using movie_id_cast_info on cast_info ci  (cost=0.56..1.52 rows=37 width=8) (actual time=0.004..0.018 rows=20 loops=54)
                                Index Cond: (movie_id = mk.movie_id)
                    ->  Index Scan using person_id_aka_name on aka_name an  (cost=0.42..0.46 rows=2 width=20) (actual time=0.002..0.002 rows=1 loops=1089)
                          Index Cond: (person_id = ci.person_id)
              ->  Index Only Scan using name_pkey on name n  (cost=0.43..0.46 rows=1 width=4) (actual time=0.002..0.002 rows=1 loops=898)
                    Index Cond: (id = ci.person_id)
                    Heap Fetches: 898
        ->  Hash  (cost=5932.46..5932.46 rows=84843 width=4) (actual time=41.537..41.537 rows=84843 loops=1)
              Buckets: 131072  Batches: 1  Memory Usage: 4007kB
              ->  Seq Scan on company_name cn  (cost=0.00..5932.46 rows=84843 width=4) (actual time=0.007..31.033 rows=84843 loops=1)
                    Filter: ((country_code)::text = '[us]'::text)
                    Rows Removed by Filter: 150154
Planning time: 3.649 ms
Execution time: 177.891 ms
