Aggregate  (cost=465216.82..465216.83 rows=1 width=64) (actual time=6509.699..6509.699 rows=1 loops=1)
  ->  Hash Join  (cost=414498.13..446666.36 rows=3710091 width=33) (actual time=4975.771..5857.013 rows=3710592 loops=1)
        Hash Cond: (an.person_id = n.id)
        ->  Seq Scan on aka_name an  (cost=0.00..20409.43 rows=901343 width=20) (actual time=0.006..80.512 rows=901343 loops=1)
        ->  Hash  (cost=379093.14..379093.14 rows=2832399 width=25) (actual time=4967.499..4967.499 rows=2832555 loops=1)
              Buckets: 4194304  Batches: 1  Memory Usage: 200101kB
              ->  Hash Join  (cost=156386.14..379093.14 rows=2832399 width=25) (actual time=1417.473..4415.801 rows=2832555 loops=1)
                    Hash Cond: (ci.person_id = n.id)
                    ->  Nested Loop  (cost=7001.25..193947.25 rows=2832555 width=21) (actual time=47.409..2298.244 rows=2832555 loops=1)
                          Join Filter: (t.id = ci.movie_id)
                          ->  Hash Join  (cost=7000.69..58251.54 rows=68316 width=29) (actual time=47.294..382.837 rows=68316 loops=1)
                                Hash Cond: (mc.company_id = cn.id)
                                ->  Nested Loop  (cost=7.69..49383.08 rows=148552 width=33) (actual time=4.406..301.704 rows=148552 loops=1)
                                      Join Filter: (t.id = mc.movie_id)
                                      ->  Nested Loop  (cost=7.26..24155.98 rows=41840 width=25) (actual time=4.377..153.480 rows=41840 loops=1)
                                            ->  Nested Loop  (cost=6.83..3768.21 rows=41840 width=4) (actual time=4.366..41.682 rows=41840 loops=1)
                                                  ->  Seq Scan on keyword k  (cost=0.00..2626.12 rows=1 width=4) (actual time=0.457..10.193 rows=1 loops=1)
                                                        Filter: (keyword = 'character-name-in-title'::text)
                                                        Rows Removed by Filter: 134169
                                                  ->  Bitmap Heap Scan on movie_keyword mk  (cost=6.83..1138.99 rows=309 width=8) (actual time=3.906..26.314 rows=41840 loops=1)
                                                        Recheck Cond: (keyword_id = k.id)
                                                        Heap Blocks: exact=11541
                                                        ->  Bitmap Index Scan on keyword_id_movie_keyword  (cost=0.00..6.75 rows=309 width=0) (actual time=2.458..2.458 rows=41840 loops=1)
                                                              Index Cond: (keyword_id = k.id)
                                            ->  Index Scan using title_pkey on title t  (cost=0.43..0.49 rows=1 width=21) (actual time=0.002..0.002 rows=1 loops=41840)
                                                  Index Cond: (id = mk.movie_id)
                                      ->  Index Scan using movie_id_movie_companies on movie_companies mc  (cost=0.43..0.54 rows=5 width=8) (actual time=0.002..0.003 rows=4 loops=41840)
                                            Index Cond: (movie_id = mk.movie_id)
                                ->  Hash  (cost=5932.46..5932.46 rows=84843 width=4) (actual time=42.717..42.717 rows=84843 loops=1)
                                      Buckets: 131072  Batches: 1  Memory Usage: 4007kB
                                      ->  Seq Scan on company_name cn  (cost=0.00..5932.46 rows=84843 width=4) (actual time=0.007..32.390 rows=84843 loops=1)
                                            Filter: ((country_code)::text = '[us]'::text)
                                            Rows Removed by Filter: 150154
                          ->  Index Scan using movie_id_cast_info on cast_info ci  (cost=0.56..1.52 rows=37 width=8) (actual time=0.003..0.022 rows=41 loops=68316)
                                Index Cond: (movie_id = mk.movie_id)
                    ->  Hash  (cost=97291.25..97291.25 rows=4167491 width=4) (actual time=1361.696..1361.696 rows=4167491 loops=1)
                          Buckets: 4194304  Batches: 1  Memory Usage: 179282kB
                          ->  Seq Scan on name n  (cost=0.00..97291.25 rows=4167491 width=4) (actual time=0.008..546.891 rows=4167491 loops=1)
Planning time: 3.785 ms
Execution time: 6511.480 ms
