Aggregate  (cost=185368.44..185368.45 rows=1 width=64) (actual time=1145.085..1145.085 rows=1 loops=1)
  ->  Hash Join  (cost=154151.62..178420.35 rows=1389618 width=33) (actual time=851.571..1085.657 rows=319932 loops=1)
        Hash Cond: (an.person_id = n.id)
        ->  Seq Scan on aka_name an  (cost=0.00..20409.43 rows=901343 width=20) (actual time=0.006..78.882 rows=901343 loops=1)
        ->  Hash  (cost=151381.51..151381.51 rows=221609 width=25) (actual time=851.466..851.466 rows=221609 loops=1)
              Buckets: 262144  Batches: 1  Memory Usage: 15747kB
              ->  Nested Loop  (cost=9.10..151381.51 rows=221609 width=25) (actual time=4.447..811.040 rows=221609 loops=1)
                    ->  Nested Loop  (cost=8.67..50481.40 rows=221609 width=21) (actual time=4.439..349.094 rows=221609 loops=1)
                          Join Filter: (t.id = ci.movie_id)
                          ->  Nested Loop  (cost=8.11..33522.42 rows=8538 width=29) (actual time=4.429..178.617 rows=8538 loops=1)
                                ->  Nested Loop  (cost=7.69..28436.56 rows=11406 width=33) (actual time=4.277..154.196 rows=11406 loops=1)
                                      Join Filter: (t.id = mc.movie_id)
                                      ->  Nested Loop  (cost=7.26..24260.58 rows=6926 width=25) (actual time=4.254..134.732 rows=6926 loops=1)
                                            ->  Nested Loop  (cost=6.83..3768.21 rows=41840 width=4) (actual time=4.244..37.630 rows=41840 loops=1)
                                                  ->  Seq Scan on keyword k  (cost=0.00..2626.12 rows=1 width=4) (actual time=0.437..10.170 rows=1 loops=1)
                                                        Filter: (keyword = 'character-name-in-title'::text)
                                                        Rows Removed by Filter: 134169
                                                  ->  Bitmap Heap Scan on movie_keyword mk  (cost=6.83..1138.99 rows=309 width=8) (actual time=3.805..23.032 rows=41840 loops=1)
                                                        Recheck Cond: (keyword_id = k.id)
                                                        Heap Blocks: exact=11541
                                                        ->  Bitmap Index Scan on keyword_id_movie_keyword  (cost=0.00..6.75 rows=309 width=0) (actual time=2.357..2.357 rows=41840 loops=1)
                                                              Index Cond: (keyword_id = k.id)
                                            ->  Index Scan using title_pkey on title t  (cost=0.43..0.49 rows=1 width=21) (actual time=0.002..0.002 rows=0 loops=41840)
                                                  Index Cond: (id = mk.movie_id)
                                                  Filter: (episode_nr < 100)
                                                  Rows Removed by Filter: 1
                                      ->  Index Scan using movie_id_movie_companies on movie_companies mc  (cost=0.43..0.54 rows=5 width=8) (actual time=0.002..0.002 rows=2 loops=6926)
                                            Index Cond: (movie_id = mk.movie_id)
                                ->  Index Scan using company_name_pkey on company_name cn  (cost=0.42..0.45 rows=1 width=4) (actual time=0.002..0.002 rows=1 loops=11406)
                                      Index Cond: (id = mc.company_id)
                                      Filter: ((country_code)::text = '[us]'::text)
                                      Rows Removed by Filter: 0
                          ->  Index Scan using movie_id_cast_info on cast_info ci  (cost=0.56..1.52 rows=37 width=8) (actual time=0.003..0.016 rows=26 loops=8538)
                                Index Cond: (movie_id = mk.movie_id)
                    ->  Index Only Scan using name_pkey on name n  (cost=0.43..0.46 rows=1 width=4) (actual time=0.002..0.002 rows=1 loops=221609)
                          Index Cond: (id = ci.person_id)
                          Heap Fetches: 221609
Planning time: 3.769 ms
Execution time: 1145.202 ms
