Aggregate  (cost=36593.17..36593.18 rows=1 width=64) (actual time=1636.798..1636.798 rows=1 loops=1)
  ->  Nested Loop  (cost=7002.11..36591.14 rows=407 width=33) (actual time=47.843..1563.279 rows=319932 loops=1)
        Join Filter: (an.person_id = n.id)
        ->  Nested Loop  (cost=7001.68..36400.74 rows=407 width=41) (actual time=47.834..934.311 rows=319932 loops=1)
              ->  Nested Loop  (cost=7001.25..36199.46 rows=418 width=21) (actual time=47.826..384.143 rows=221609 loops=1)
                    Join Filter: (t.id = ci.movie_id)
                    ->  Hash Join  (cost=7000.69..36131.93 rows=34 width=29) (actual time=47.816..202.570 rows=8538 loops=1)
                          Hash Cond: (mc.company_id = cn.id)
                          ->  Nested Loop  (cost=7.69..28436.56 rows=55633 width=33) (actual time=4.327..156.375 rows=11406 loops=1)
                                Join Filter: (t.id = mc.movie_id)
                                ->  Nested Loop  (cost=7.26..24260.58 rows=6926 width=25) (actual time=4.303..136.620 rows=6926 loops=1)
                                      ->  Nested Loop  (cost=6.83..3768.21 rows=41840 width=4) (actual time=4.294..38.557 rows=41840 loops=1)
                                            ->  Seq Scan on keyword k  (cost=0.00..2626.12 rows=1 width=4) (actual time=0.439..10.300 rows=1 loops=1)
                                                  Filter: (keyword = 'character-name-in-title'::text)
                                                  Rows Removed by Filter: 134169
                                            ->  Bitmap Heap Scan on movie_keyword mk  (cost=6.83..1138.99 rows=309 width=8) (actual time=3.854..23.807 rows=41840 loops=1)
                                                  Recheck Cond: (keyword_id = k.id)
                                                  Heap Blocks: exact=11541
                                                  ->  Bitmap Index Scan on keyword_id_movie_keyword  (cost=0.00..6.75 rows=309 width=0) (actual time=2.405..2.405 rows=41840 loops=1)
                                                        Index Cond: (keyword_id = k.id)
                                      ->  Index Scan using title_pkey on title t  (cost=0.43..0.49 rows=1 width=21) (actual time=0.002..0.002 rows=0 loops=41840)
                                            Index Cond: (id = mk.movie_id)
                                            Filter: (episode_nr < 100)
                                            Rows Removed by Filter: 1
                                ->  Index Scan using movie_id_movie_companies on movie_companies mc  (cost=0.43..0.54 rows=5 width=8) (actual time=0.002..0.002 rows=2 loops=6926)
                                      Index Cond: (movie_id = mk.movie_id)
                          ->  Hash  (cost=5932.46..5932.46 rows=84843 width=4) (actual time=43.209..43.209 rows=84843 loops=1)
                                Buckets: 131072  Batches: 1  Memory Usage: 4007kB
                                ->  Seq Scan on company_name cn  (cost=0.00..5932.46 rows=84843 width=4) (actual time=0.006..32.490 rows=84843 loops=1)
                                      Filter: ((country_code)::text = '[us]'::text)
                                      Rows Removed by Filter: 150154
                    ->  Index Scan using movie_id_cast_info on cast_info ci  (cost=0.56..1.52 rows=37 width=8) (actual time=0.003..0.017 rows=26 loops=8538)
                          Index Cond: (movie_id = mk.movie_id)
              ->  Index Scan using person_id_aka_name on aka_name an  (cost=0.42..0.46 rows=2 width=20) (actual time=0.002..0.002 rows=1 loops=221609)
                    Index Cond: (person_id = ci.person_id)
        ->  Index Only Scan using name_pkey on name n  (cost=0.43..0.46 rows=1 width=4) (actual time=0.002..0.002 rows=1 loops=319932)
              Index Cond: (id = ci.person_id)
              Heap Fetches: 319932
Planning time: 3.754 ms
Execution time: 1636.885 ms
