Aggregate  (cost=85824.02..85824.03 rows=1 width=64) (actual time=1629.093..1629.093 rows=1 loops=1)
  ->  Nested Loop  (cost=9.53..85821.35 rows=534 width=33) (actual time=4.526..1555.461 rows=319932 loops=1)
        Join Filter: (an.person_id = n.id)
        ->  Nested Loop  (cost=9.10..85571.54 rows=534 width=41) (actual time=4.518..919.437 rows=319932 loops=1)
              ->  Nested Loop  (cost=8.67..84339.78 rows=2558 width=21) (actual time=4.511..366.071 rows=221609 loops=1)
                    Join Filter: (t.id = ci.movie_id)
                    ->  Nested Loop  (cost=8.11..33522.42 rows=25584 width=29) (actual time=4.504..182.482 rows=8538 loops=1)
                          ->  Nested Loop  (cost=7.69..28436.56 rows=11406 width=33) (actual time=4.364..156.224 rows=11406 loops=1)
                                Join Filter: (t.id = mc.movie_id)
                                ->  Nested Loop  (cost=7.26..24260.58 rows=6926 width=25) (actual time=4.330..136.079 rows=6926 loops=1)
                                      ->  Nested Loop  (cost=6.83..3768.21 rows=41840 width=4) (actual time=4.322..38.539 rows=41840 loops=1)
                                            ->  Seq Scan on keyword k  (cost=0.00..2626.12 rows=1 width=4) (actual time=0.444..10.347 rows=1 loops=1)
                                                  Filter: (keyword = 'character-name-in-title'::text)
                                                  Rows Removed by Filter: 134169
                                            ->  Bitmap Heap Scan on movie_keyword mk  (cost=6.83..1138.99 rows=309 width=8) (actual time=3.876..23.722 rows=41840 loops=1)
                                                  Recheck Cond: (keyword_id = k.id)
                                                  Heap Blocks: exact=11541
                                                  ->  Bitmap Index Scan on keyword_id_movie_keyword  (cost=0.00..6.75 rows=309 width=0) (actual time=2.425..2.425 rows=41840 loops=1)
                                                        Index Cond: (keyword_id = k.id)
                                      ->  Index Scan using title_pkey on title t  (cost=0.43..0.49 rows=1 width=21) (actual time=0.002..0.002 rows=0 loops=41840)
                                            Index Cond: (id = mk.movie_id)
                                            Filter: (episode_nr < 100)
                                            Rows Removed by Filter: 1
                                ->  Index Scan using movie_id_movie_companies on movie_companies mc  (cost=0.43..0.54 rows=5 width=8) (actual time=0.002..0.002 rows=2 loops=6926)
                                      Index Cond: (movie_id = mk.movie_id)
                          ->  Index Scan using company_name_pkey on company_name cn  (cost=0.42..0.45 rows=1 width=4) (actual time=0.002..0.002 rows=1 loops=11406)
                                Index Cond: (id = mc.company_id)
                                Filter: ((country_code)::text = '[us]'::text)
                                Rows Removed by Filter: 0
                    ->  Index Scan using movie_id_cast_info on cast_info ci  (cost=0.56..1.52 rows=37 width=8) (actual time=0.003..0.017 rows=26 loops=8538)
                          Index Cond: (movie_id = mk.movie_id)
              ->  Index Scan using person_id_aka_name on aka_name an  (cost=0.42..0.46 rows=2 width=20) (actual time=0.002..0.002 rows=1 loops=221609)
                    Index Cond: (person_id = ci.person_id)
        ->  Index Only Scan using name_pkey on name n  (cost=0.43..0.46 rows=1 width=4) (actual time=0.002..0.002 rows=1 loops=319932)
              Index Cond: (id = ci.person_id)
              Heap Fetches: 319932
Planning time: 3.628 ms
Execution time: 1629.159 ms
