Aggregate  (cost=4161.20..4161.21 rows=1 width=64) (actual time=1148.649..1148.649 rows=1 loops=1)
  ->  Nested Loop  (cost=9.53..4157.29 rows=782 width=33) (actual time=4.501..1090.936 rows=249455 loops=1)
        Join Filter: (n.id = an.person_id)
        ->  Nested Loop  (cost=9.10..3996.25 rows=331 width=25) (actual time=4.496..685.111 rows=169273 loops=1)
              ->  Nested Loop  (cost=8.67..3845.54 rows=331 width=21) (actual time=4.490..305.724 rows=169273 loops=1)
                    Join Filter: (t.id = ci.movie_id)
                    ->  Nested Loop  (cost=8.11..3811.77 rows=17 width=29) (actual time=4.483..168.868 rows=6766 loops=1)
                          ->  Nested Loop  (cost=7.69..3790.37 rows=48 width=33) (actual time=4.357..149.382 rows=8661 loops=1)
                                Join Filter: (t.id = mc.movie_id)
                                ->  Nested Loop  (cost=7.26..3784.94 rows=9 width=25) (actual time=4.336..133.557 rows=5385 loops=1)
                                      ->  Nested Loop  (cost=6.83..3768.21 rows=34 width=4) (actual time=4.327..37.839 rows=41840 loops=1)
                                            ->  Seq Scan on keyword k  (cost=0.00..2626.12 rows=1 width=4) (actual time=0.443..10.292 rows=1 loops=1)
                                                  Filter: (keyword = 'character-name-in-title'::text)
                                                  Rows Removed by Filter: 134169
                                            ->  Bitmap Heap Scan on movie_keyword mk  (cost=6.83..1138.99 rows=309 width=8) (actual time=3.883..23.186 rows=41840 loops=1)
                                                  Recheck Cond: (keyword_id = k.id)
                                                  Heap Blocks: exact=11541
                                                  ->  Bitmap Index Scan on keyword_id_movie_keyword  (cost=0.00..6.75 rows=309 width=0) (actual time=2.385..2.385 rows=41840 loops=1)
                                                        Index Cond: (keyword_id = k.id)
                                      ->  Index Scan using title_pkey on title t  (cost=0.43..0.49 rows=1 width=21) (actual time=0.002..0.002 rows=0 loops=41840)
                                            Index Cond: (id = mk.movie_id)
                                            Filter: ((episode_nr >= 5) AND (episode_nr < 100))
                                            Rows Removed by Filter: 1
                                ->  Index Scan using movie_id_movie_companies on movie_companies mc  (cost=0.43..0.54 rows=5 width=8) (actual time=0.002..0.002 rows=2 loops=5385)
                                      Index Cond: (movie_id = mk.movie_id)
                          ->  Index Scan using company_name_pkey on company_name cn  (cost=0.42..0.45 rows=1 width=4) (actual time=0.002..0.002 rows=1 loops=8661)
                                Index Cond: (id = mc.company_id)
                                Filter: ((country_code)::text = '[us]'::text)
                                Rows Removed by Filter: 0
                    ->  Index Scan using movie_id_cast_info on cast_info ci  (cost=0.56..1.52 rows=37 width=8) (actual time=0.003..0.016 rows=25 loops=6766)
                          Index Cond: (movie_id = mk.movie_id)
              ->  Index Only Scan using name_pkey on name n  (cost=0.43..0.46 rows=1 width=4) (actual time=0.002..0.002 rows=1 loops=169273)
                    Index Cond: (id = ci.person_id)
                    Heap Fetches: 169273
        ->  Index Scan using person_id_aka_name on aka_name an  (cost=0.42..0.46 rows=2 width=20) (actual time=0.002..0.002 rows=1 loops=169273)
              Index Cond: (person_id = ci.person_id)
Planning time: 3.659 ms
Execution time: 1148.706 ms
