Aggregate  (cost=153337.55..153337.56 rows=1 width=64) (actual time=1006.487..1006.487 rows=1 loops=1)
  ->  Hash Join  (cost=124100.26..148255.79 rows=1016351 width=33) (actual time=705.392..959.237 rows=249455 loops=1)
        Hash Cond: (an.person_id = n.id)
        ->  Seq Scan on aka_name an  (cost=0.00..20409.43 rows=901343 width=20) (actual time=0.006..80.924 rows=901343 loops=1)
        ->  Hash  (cost=121984.34..121984.34 rows=169273 width=25) (actual time=705.089..705.089 rows=169273 loops=1)
              Buckets: 262144  Batches: 1  Memory Usage: 12490kB
              ->  Nested Loop  (cost=9.10..121984.34 rows=169273 width=25) (actual time=4.546..672.511 rows=169273 loops=1)
                    ->  Nested Loop  (cost=8.67..44913.18 rows=169273 width=21) (actual time=4.536..303.672 rows=169273 loops=1)
                          Join Filter: (t.id = ci.movie_id)
                          ->  Nested Loop  (cost=8.11..31473.91 rows=6766 width=29) (actual time=4.527..170.348 rows=6766 loops=1)
                                ->  Nested Loop  (cost=7.69..27612.03 rows=8661 width=33) (actual time=4.401..151.310 rows=8661 loops=1)
                                      Join Filter: (t.id = mc.movie_id)
                                      ->  Nested Loop  (cost=7.26..24365.18 rows=5385 width=25) (actual time=4.364..136.042 rows=5385 loops=1)
                                            ->  Nested Loop  (cost=6.83..3768.21 rows=41840 width=4) (actual time=4.355..38.657 rows=41840 loops=1)
                                                  ->  Seq Scan on keyword k  (cost=0.00..2626.12 rows=1 width=4) (actual time=0.443..10.373 rows=1 loops=1)
                                                        Filter: (keyword = 'character-name-in-title'::text)
                                                        Rows Removed by Filter: 134169
                                                  ->  Bitmap Heap Scan on movie_keyword mk  (cost=6.83..1138.99 rows=309 width=8) (actual time=3.909..23.893 rows=41840 loops=1)
                                                        Recheck Cond: (keyword_id = k.id)
                                                        Heap Blocks: exact=11541
                                                        ->  Bitmap Index Scan on keyword_id_movie_keyword  (cost=0.00..6.75 rows=309 width=0) (actual time=2.438..2.438 rows=41840 loops=1)
                                                              Index Cond: (keyword_id = k.id)
                                            ->  Index Scan using title_pkey on title t  (cost=0.43..0.49 rows=1 width=21) (actual time=0.002..0.002 rows=0 loops=41840)
                                                  Index Cond: (id = mk.movie_id)
                                                  Filter: ((episode_nr >= 5) AND (episode_nr < 100))
                                                  Rows Removed by Filter: 1
                                      ->  Index Scan using movie_id_movie_companies on movie_companies mc  (cost=0.43..0.54 rows=5 width=8) (actual time=0.002..0.002 rows=2 loops=5385)
                                            Index Cond: (movie_id = mk.movie_id)
                                ->  Index Scan using company_name_pkey on company_name cn  (cost=0.42..0.45 rows=1 width=4) (actual time=0.002..0.002 rows=1 loops=8661)
                                      Index Cond: (id = mc.company_id)
                                      Filter: ((country_code)::text = '[us]'::text)
                                      Rows Removed by Filter: 0
                          ->  Index Scan using movie_id_cast_info on cast_info ci  (cost=0.56..1.52 rows=37 width=8) (actual time=0.003..0.016 rows=25 loops=6766)
                                Index Cond: (movie_id = mk.movie_id)
                    ->  Index Only Scan using name_pkey on name n  (cost=0.43..0.46 rows=1 width=4) (actual time=0.002..0.002 rows=1 loops=169273)
                          Index Cond: (id = ci.person_id)
                          Heap Fetches: 169273
Planning time: 3.671 ms
Execution time: 1006.592 ms
