Aggregate  (cost=4561.51..4561.52 rows=1 width=64) (actual time=8845.395..8845.395 rows=1 loops=1)
  ->  Nested Loop  (cost=9.10..4561.01 rows=99 width=15) (actual time=4.657..8801.407 rows=258289 loops=1)
        ->  Nested Loop  (cost=8.67..4008.44 rows=1207 width=4) (actual time=4.647..2653.757 rows=2832555 loops=1)
              Join Filter: (t.id = ci.movie_id)
              ->  Nested Loop  (cost=8.11..3883.31 rows=63 width=12) (actual time=4.489..655.221 rows=68316 loops=1)
                    ->  Nested Loop  (cost=7.69..3805.27 rows=175 width=16) (actual time=4.473..308.465 rows=148552 loops=1)
                          Join Filter: (t.id = mc.movie_id)
                          ->  Nested Loop  (cost=7.26..3784.77 rows=34 width=8) (actual time=4.450..155.935 rows=41840 loops=1)
                                ->  Nested Loop  (cost=6.83..3768.21 rows=34 width=4) (actual time=4.441..43.184 rows=41840 loops=1)
                                      ->  Seq Scan on keyword k  (cost=0.00..2626.12 rows=1 width=4) (actual time=0.440..10.287 rows=1 loops=1)
                                            Filter: (keyword = 'character-name-in-title'::text)
                                            Rows Removed by Filter: 134169
                                      ->  Bitmap Heap Scan on movie_keyword mk  (cost=6.83..1138.99 rows=309 width=8) (actual time=4.000..27.491 rows=41840 loops=1)
                                            Recheck Cond: (keyword_id = k.id)
                                            Heap Blocks: exact=11541
                                            ->  Bitmap Index Scan on keyword_id_movie_keyword  (cost=0.00..6.75 rows=309 width=0) (actual time=2.437..2.437 rows=41840 loops=1)
                                                  Index Cond: (keyword_id = k.id)
                                ->  Index Only Scan using title_pkey on title t  (cost=0.43..0.49 rows=1 width=4) (actual time=0.002..0.002 rows=1 loops=41840)
                                      Index Cond: (id = mk.movie_id)
                                      Heap Fetches: 41840
                          ->  Index Scan using movie_id_movie_companies on movie_companies mc  (cost=0.43..0.54 rows=5 width=8) (actual time=0.002..0.003 rows=4 loops=41840)
                                Index Cond: (movie_id = mk.movie_id)
                    ->  Index Scan using company_name_pkey on company_name cn  (cost=0.42..0.45 rows=1 width=4) (actual time=0.002..0.002 rows=0 loops=148552)
                          Index Cond: (id = mc.company_id)
                          Filter: ((country_code)::text = '[us]'::text)
                          Rows Removed by Filter: 1
              ->  Index Scan using movie_id_cast_info on cast_info ci  (cost=0.56..1.52 rows=37 width=8) (actual time=0.003..0.024 rows=41 loops=68316)
                    Index Cond: (movie_id = mk.movie_id)
        ->  Index Scan using name_pkey on name n  (cost=0.43..0.46 rows=1 width=19) (actual time=0.002..0.002 rows=0 loops=2832555)
              Index Cond: (id = ci.person_id)
              Filter: (name ~~ 'B%'::text)
              Rows Removed by Filter: 1
Planning time: 2.322 ms
Execution time: 8845.454 ms
