Aggregate  (cost=302756.86..302756.87 rows=1 width=64) (actual time=2514.783..2514.783 rows=1 loops=1)
  ->  Hash Join  (cost=119004.55..301465.49 rows=258275 width=15) (actual time=560.896..2471.568 rows=258289 loops=1)
        Hash Cond: (mc.company_id = cn.id)
        ->  Nested Loop  (cost=112011.55..285599.05 rows=702849 width=19) (actual time=519.089..2335.255 rows=702849 loops=1)
              ->  Hash Join  (cost=112011.12..232375.57 rows=93315 width=27) (actual time=518.747..1970.077 rows=93315 loops=1)
                    Hash Cond: (ci.person_id = n.id)
                    ->  Nested Loop  (cost=7.82..107262.56 rows=1038393 width=16) (actual time=4.290..1240.963 rows=1038393 loops=1)
                          Join Filter: (t.id = ci.movie_id)
                          ->  Nested Loop  (cost=7.26..24155.98 rows=41840 width=8) (actual time=4.282..151.009 rows=41840 loops=1)
                                ->  Nested Loop  (cost=6.83..3768.21 rows=41840 width=4) (actual time=4.273..41.119 rows=41840 loops=1)
                                      ->  Seq Scan on keyword k  (cost=0.00..2626.12 rows=1 width=4) (actual time=0.401..10.195 rows=1 loops=1)
                                            Filter: (keyword = 'character-name-in-title'::text)
                                            Rows Removed by Filter: 134169
                                      ->  Bitmap Heap Scan on movie_keyword mk  (cost=6.83..1138.99 rows=309 width=8) (actual time=3.869..25.510 rows=41840 loops=1)
                                            Recheck Cond: (keyword_id = k.id)
                                            Heap Blocks: exact=11541
                                            ->  Bitmap Index Scan on keyword_id_movie_keyword  (cost=0.00..6.75 rows=309 width=0) (actual time=2.418..2.418 rows=41840 loops=1)
                                                  Index Cond: (keyword_id = k.id)
                                ->  Index Only Scan using title_pkey on title t  (cost=0.43..0.49 rows=1 width=4) (actual time=0.002..0.002 rows=1 loops=41840)
                                      Index Cond: (id = mk.movie_id)
                                      Heap Fetches: 41840
                          ->  Index Scan using movie_id_cast_info on cast_info ci  (cost=0.56..1.52 rows=37 width=8) (actual time=0.003..0.022 rows=25 loops=41840)
                                Index Cond: (movie_id = mk.movie_id)
                    ->  Hash  (cost=107710.81..107710.81 rows=343399 width=19) (actual time=513.901..513.901 rows=343399 loops=1)
                          Buckets: 524288  Batches: 1  Memory Usage: 21878kB
                          ->  Seq Scan on name n  (cost=0.00..107710.81 rows=343399 width=19) (actual time=7.343..448.652 rows=343399 loops=1)
                                Filter: (name ~~ 'B%'::text)
                                Rows Removed by Filter: 3824092
              ->  Index Scan using movie_id_movie_companies on movie_companies mc  (cost=0.43..0.52 rows=5 width=8) (actual time=0.002..0.003 rows=8 loops=93315)
                    Index Cond: (movie_id = ci.movie_id)
        ->  Hash  (cost=5932.46..5932.46 rows=84843 width=4) (actual time=41.532..41.532 rows=84843 loops=1)
              Buckets: 131072  Batches: 1  Memory Usage: 4007kB
              ->  Seq Scan on company_name cn  (cost=0.00..5932.46 rows=84843 width=4) (actual time=0.006..31.319 rows=84843 loops=1)
                    Filter: ((country_code)::text = '[us]'::text)
                    Rows Removed by Filter: 150154
Planning time: 2.241 ms
Execution time: 2514.912 ms
