Aggregate  (cost=220275.22..220275.23 rows=1 width=64) (actual time=1832.212..1832.212 rows=1 loops=1)
  ->  Hash Join  (cost=116453.67..220013.71 rows=52303 width=15) (actual time=499.847..1823.673 rows=52306 loops=1)
        Hash Cond: (mc.company_id = cn.id)
        ->  Nested Loop  (cost=108171.24..211070.91 rows=52306 width=19) (actual time=441.976..1750.624 rows=52306 loops=1)
              ->  Nested Loop  (cost=108170.81..207282.55 rows=6642 width=27) (actual time=441.966..1716.017 rows=6642 loops=1)
                    ->  Hash Join  (cost=108170.38..204277.28 rows=6642 width=23) (actual time=441.954..1696.400 rows=6642 loops=1)
                          Hash Cond: (ci.person_id = n.id)
                          ->  Nested Loop  (cost=7.39..83004.58 rows=1038393 width=12) (actual time=4.395..1115.092 rows=1038393 loops=1)
                                ->  Nested Loop  (cost=6.83..3768.21 rows=41840 width=4) (actual time=4.382..40.785 rows=41840 loops=1)
                                      ->  Seq Scan on keyword k  (cost=0.00..2626.12 rows=1 width=4) (actual time=0.454..10.358 rows=1 loops=1)
                                            Filter: (keyword = 'character-name-in-title'::text)
                                            Rows Removed by Filter: 134169
                                      ->  Bitmap Heap Scan on movie_keyword mk  (cost=6.83..1138.99 rows=309 width=8) (actual time=3.924..25.143 rows=41840 loops=1)
                                            Recheck Cond: (keyword_id = k.id)
                                            Heap Blocks: exact=11541
                                            ->  Bitmap Index Scan on keyword_id_movie_keyword  (cost=0.00..6.75 rows=309 width=0) (actual time=2.464..2.464 rows=41840 loops=1)
                                                  Index Cond: (keyword_id = k.id)
                                ->  Index Scan using movie_id_cast_info on cast_info ci  (cost=0.56..1.52 rows=37 width=8) (actual time=0.003..0.022 rows=25 loops=41840)
                                      Index Cond: (movie_id = mk.movie_id)
                          ->  Hash  (cost=107710.81..107710.81 rows=36174 width=19) (actual time=436.928..436.928 rows=36174 loops=1)
                                Buckets: 65536  Batches: 1  Memory Usage: 2381kB
                                ->  Seq Scan on name n  (cost=0.00..107710.81 rows=36174 width=19) (actual time=177.618..429.520 rows=36174 loops=1)
                                      Filter: (name ~~ 'Z%'::text)
                                      Rows Removed by Filter: 4131317
                    ->  Index Only Scan using title_pkey on title t  (cost=0.43..0.45 rows=1 width=4) (actual time=0.003..0.003 rows=1 loops=6642)
                          Index Cond: (id = ci.movie_id)
                          Heap Fetches: 6642
              ->  Index Scan using movie_id_movie_companies on movie_companies mc  (cost=0.43..0.52 rows=5 width=8) (actual time=0.002..0.004 rows=8 loops=6642)
                    Index Cond: (movie_id = ci.movie_id)
        ->  Hash  (cost=5344.97..5344.97 rows=234997 width=4) (actual time=57.565..57.565 rows=234997 loops=1)
              Buckets: 262144  Batches: 1  Memory Usage: 10310kB
              ->  Seq Scan on company_name cn  (cost=0.00..5344.97 rows=234997 width=4) (actual time=0.006..29.752 rows=234997 loops=1)
Planning time: 2.207 ms
Execution time: 1832.302 ms
