Aggregate  (cost=4430.02..4430.03 rows=1 width=64) (actual time=4606.483..4606.483 rows=1 loops=1)
  ->  Nested Loop  (cost=9.10..4429.88 rows=29 width=15) (actual time=6.105..4597.573 rows=52306 loops=1)
        ->  Nested Loop  (cost=8.68..4417.02 rows=29 width=19) (actual time=6.101..4475.662 rows=52306 loops=1)
              ->  Nested Loop  (cost=8.25..4410.75 rows=11 width=27) (actual time=6.095..4437.778 rows=6642 loops=1)
                    ->  Nested Loop  (cost=7.82..4405.77 rows=11 width=23) (actual time=6.089..4415.469 rows=6642 loops=1)
                          ->  Nested Loop  (cost=7.39..3832.60 rows=1252 width=12) (actual time=4.341..1180.734 rows=1038393 loops=1)
                                ->  Nested Loop  (cost=6.83..3768.21 rows=34 width=4) (actual time=4.323..42.609 rows=41840 loops=1)
                                      ->  Seq Scan on keyword k  (cost=0.00..2626.12 rows=1 width=4) (actual time=0.439..10.277 rows=1 loops=1)
                                            Filter: (keyword = 'character-name-in-title'::text)
                                            Rows Removed by Filter: 134169
                                      ->  Bitmap Heap Scan on movie_keyword mk  (cost=6.83..1138.99 rows=309 width=8) (actual time=3.882..26.860 rows=41840 loops=1)
                                            Recheck Cond: (keyword_id = k.id)
                                            Heap Blocks: exact=11541
                                            ->  Bitmap Index Scan on keyword_id_movie_keyword  (cost=0.00..6.75 rows=309 width=0) (actual time=2.422..2.422 rows=41840 loops=1)
                                                  Index Cond: (keyword_id = k.id)
                                ->  Index Scan using movie_id_cast_info on cast_info ci  (cost=0.56..1.52 rows=37 width=8) (actual time=0.003..0.024 rows=25 loops=41840)
                                      Index Cond: (movie_id = mk.movie_id)
                          ->  Index Scan using name_pkey on name n  (cost=0.43..0.46 rows=1 width=19) (actual time=0.003..0.003 rows=0 loops=1038393)
                                Index Cond: (id = ci.person_id)
                                Filter: (name ~~ 'Z%'::text)
                                Rows Removed by Filter: 1
                    ->  Index Only Scan using title_pkey on title t  (cost=0.43..0.45 rows=1 width=4) (actual time=0.003..0.003 rows=1 loops=6642)
                          Index Cond: (id = ci.movie_id)
                          Heap Fetches: 6642
              ->  Index Scan using movie_id_movie_companies on movie_companies mc  (cost=0.43..0.52 rows=5 width=8) (actual time=0.003..0.004 rows=8 loops=6642)
                    Index Cond: (movie_id = ci.movie_id)
        ->  Index Only Scan using company_name_pkey on company_name cn  (cost=0.42..0.44 rows=1 width=4) (actual time=0.002..0.002 rows=1 loops=52306)
              Index Cond: (id = mc.company_id)
              Heap Fetches: 52306
Planning time: 2.339 ms
Execution time: 4606.545 ms
