Aggregate  (cost=217294.38..217294.39 rows=1 width=64) (actual time=1901.071..1901.071 rows=1 loops=1)
  ->  Nested Loop  (cost=116453.67..217293.37 rows=201 width=15) (actual time=502.471..1892.015 rows=52306 loops=1)
        ->  Hash Join  (cost=116453.24..217202.43 rows=201 width=27) (actual time=502.462..1806.629 rows=52306 loops=1)
              Hash Cond: (mc.company_id = cn.id)
              ->  Nested Loop  (cost=108170.81..208065.64 rows=67672 width=31) (actual time=442.044..1729.982 rows=52306 loops=1)
                    ->  Hash Join  (cost=108170.38..204277.28 rows=6642 width=23) (actual time=442.033..1693.433 rows=6642 loops=1)
                          Hash Cond: (ci.person_id = n.id)
                          ->  Nested Loop  (cost=7.39..83004.58 rows=1038393 width=12) (actual time=4.411..1116.880 rows=1038393 loops=1)
                                ->  Nested Loop  (cost=6.83..3768.21 rows=41840 width=4) (actual time=4.399..41.020 rows=41840 loops=1)
                                      ->  Seq Scan on keyword k  (cost=0.00..2626.12 rows=1 width=4) (actual time=0.452..10.310 rows=1 loops=1)
                                            Filter: (keyword = 'character-name-in-title'::text)
                                            Rows Removed by Filter: 134169
                                      ->  Bitmap Heap Scan on movie_keyword mk  (cost=6.83..1138.99 rows=309 width=8) (actual time=3.944..25.401 rows=41840 loops=1)
                                            Recheck Cond: (keyword_id = k.id)
                                            Heap Blocks: exact=11541
                                            ->  Bitmap Index Scan on keyword_id_movie_keyword  (cost=0.00..6.75 rows=309 width=0) (actual time=2.444..2.444 rows=41840 loops=1)
                                                  Index Cond: (keyword_id = k.id)
                                ->  Index Scan using movie_id_cast_info on cast_info ci  (cost=0.56..1.52 rows=37 width=8) (actual time=0.003..0.022 rows=25 loops=41840)
                                      Index Cond: (movie_id = mk.movie_id)
                          ->  Hash  (cost=107710.81..107710.81 rows=36174 width=19) (actual time=436.991..436.991 rows=36174 loops=1)
                                Buckets: 65536  Batches: 1  Memory Usage: 2381kB
                                ->  Seq Scan on name n  (cost=0.00..107710.81 rows=36174 width=19) (actual time=176.933..429.713 rows=36174 loops=1)
                                      Filter: (name ~~ 'Z%'::text)
                                      Rows Removed by Filter: 4131317
                    ->  Index Scan using movie_id_movie_companies on movie_companies mc  (cost=0.43..0.52 rows=5 width=8) (actual time=0.002..0.004 rows=8 loops=6642)
                          Index Cond: (movie_id = ci.movie_id)
              ->  Hash  (cost=5344.97..5344.97 rows=234997 width=4) (actual time=60.125..60.125 rows=234997 loops=1)
                    Buckets: 262144  Batches: 1  Memory Usage: 10310kB
                    ->  Seq Scan on company_name cn  (cost=0.00..5344.97 rows=234997 width=4) (actual time=0.005..32.022 rows=234997 loops=1)
        ->  Index Only Scan using title_pkey on title t  (cost=0.43..0.45 rows=1 width=4) (actual time=0.001..0.001 rows=1 loops=52306)
              Index Cond: (id = ci.movie_id)
              Heap Fetches: 52306
Planning time: 2.225 ms
Execution time: 1901.159 ms
