Aggregate  (cost=209354.89..209354.90 rows=1 width=32) (actual time=1893.189..1893.189 rows=1 loops=1)
  ->  Nested Loop  (cost=107784.68..209354.81 rows=29 width=15) (actual time=576.223..1891.069 rows=11538 loops=1)
        ->  Nested Loop  (cost=107784.25..209341.69 rows=29 width=27) (actual time=576.204..1869.994 rows=11538 loops=1)
              ->  Nested Loop  (cost=107783.83..205015.06 rows=9758 width=31) (actual time=576.195..1837.826 rows=11538 loops=1)
                    ->  Hash Join  (cost=107783.40..203890.31 rows=1972 width=23) (actual time=576.184..1826.562 rows=1972 loops=1)
                          Hash Cond: (ci.person_id = n.id)
                          ->  Nested Loop  (cost=7.39..83004.58 rows=1038393 width=12) (actual time=4.398..1146.228 rows=1038393 loops=1)
                                ->  Nested Loop  (cost=6.83..3768.21 rows=41840 width=4) (actual time=4.388..40.437 rows=41840 loops=1)
                                      ->  Seq Scan on keyword k  (cost=0.00..2626.12 rows=1 width=4) (actual time=0.443..10.304 rows=1 loops=1)
                                            Filter: (keyword = 'character-name-in-title'::text)
                                            Rows Removed by Filter: 134169
                                      ->  Bitmap Heap Scan on movie_keyword mk  (cost=6.83..1138.99 rows=309 width=8) (actual time=3.943..25.158 rows=41840 loops=1)
                                            Recheck Cond: (keyword_id = k.id)
                                            Heap Blocks: exact=11541
                                            ->  Bitmap Index Scan on keyword_id_movie_keyword  (cost=0.00..6.75 rows=309 width=0) (actual time=2.452..2.452 rows=41840 loops=1)
                                                  Index Cond: (keyword_id = k.id)
                                ->  Index Scan using movie_id_cast_info on cast_info ci  (cost=0.56..1.52 rows=37 width=8) (actual time=0.003..0.023 rows=25 loops=41840)
                                      Index Cond: (movie_id = mk.movie_id)
                          ->  Hash  (cost=107710.81..107710.81 rows=5216 width=19) (actual time=565.721..565.721 rows=5216 loops=1)
                                Buckets: 8192  Batches: 1  Memory Usage: 339kB
                                ->  Seq Scan on name n  (cost=0.00..107710.81 rows=5216 width=19) (actual time=0.530..564.503 rows=5216 loops=1)
                                      Filter: (name ~~ '%Bert%'::text)
                                      Rows Removed by Filter: 4162275
                    ->  Index Scan using movie_id_movie_companies on movie_companies mc  (cost=0.43..0.52 rows=5 width=8) (actual time=0.003..0.005 rows=6 loops=1972)
                          Index Cond: (movie_id = ci.movie_id)
              ->  Index Only Scan using company_name_pkey on company_name cn  (cost=0.42..0.44 rows=1 width=4) (actual time=0.002..0.002 rows=1 loops=11538)
                    Index Cond: (id = mc.company_id)
                    Heap Fetches: 11538
        ->  Index Only Scan using title_pkey on title t  (cost=0.43..0.45 rows=1 width=4) (actual time=0.002..0.002 rows=1 loops=11538)
              Index Cond: (id = ci.movie_id)
              Heap Fetches: 11538
Planning time: 2.329 ms
Execution time: 1893.253 ms
