Aggregate  (cost=386174.53..386174.54 rows=1 width=32) (actual time=4988.645..4988.645 rows=1 loops=1)
  ->  Hash Join  (cost=156386.14..379093.14 rows=2832555 width=15) (actual time=1695.534..4608.920 rows=2832555 loops=1)
        Hash Cond: (ci.person_id = n.id)
        ->  Nested Loop  (cost=7001.25..193947.25 rows=2832555 width=4) (actual time=48.897..2232.761 rows=2832555 loops=1)
              Join Filter: (t.id = ci.movie_id)
              ->  Hash Join  (cost=7000.69..58251.54 rows=68316 width=12) (actual time=48.789..379.141 rows=68316 loops=1)
                    Hash Cond: (mc.company_id = cn.id)
                    ->  Nested Loop  (cost=7.69..49383.08 rows=148552 width=16) (actual time=4.411..299.024 rows=148552 loops=1)
                          Join Filter: (t.id = mc.movie_id)
                          ->  Nested Loop  (cost=7.26..24155.98 rows=41840 width=8) (actual time=4.384..151.561 rows=41840 loops=1)
                                ->  Nested Loop  (cost=6.83..3768.21 rows=41840 width=4) (actual time=4.375..41.740 rows=41840 loops=1)
                                      ->  Seq Scan on keyword k  (cost=0.00..2626.12 rows=1 width=4) (actual time=0.460..10.362 rows=1 loops=1)
                                            Filter: (keyword = 'character-name-in-title'::text)
                                            Rows Removed by Filter: 134169
                                      ->  Bitmap Heap Scan on movie_keyword mk  (cost=6.83..1138.99 rows=309 width=8) (actual time=3.913..26.121 rows=41840 loops=1)
                                            Recheck Cond: (keyword_id = k.id)
                                            Heap Blocks: exact=11541
                                            ->  Bitmap Index Scan on keyword_id_movie_keyword  (cost=0.00..6.75 rows=309 width=0) (actual time=2.466..2.466 rows=41840 loops=1)
                                                  Index Cond: (keyword_id = k.id)
                                ->  Index Only Scan using title_pkey on title t  (cost=0.43..0.49 rows=1 width=4) (actual time=0.002..0.002 rows=1 loops=41840)
                                      Index Cond: (id = mk.movie_id)
                                      Heap Fetches: 41840
                          ->  Index Scan using movie_id_movie_companies on movie_companies mc  (cost=0.43..0.54 rows=5 width=8) (actual time=0.002..0.003 rows=4 loops=41840)
                                Index Cond: (movie_id = mk.movie_id)
                    ->  Hash  (cost=5932.46..5932.46 rows=84843 width=4) (actual time=44.185..44.185 rows=84843 loops=1)
                          Buckets: 131072  Batches: 1  Memory Usage: 4007kB
                          ->  Seq Scan on company_name cn  (cost=0.00..5932.46 rows=84843 width=4) (actual time=0.008..32.807 rows=84843 loops=1)
                                Filter: ((country_code)::text = '[us]'::text)
                                Rows Removed by Filter: 150154
              ->  Index Scan using movie_id_cast_info on cast_info ci  (cost=0.56..1.52 rows=37 width=8) (actual time=0.003..0.021 rows=41 loops=68316)
                    Index Cond: (movie_id = mk.movie_id)
        ->  Hash  (cost=97291.25..97291.25 rows=4167491 width=19) (actual time=1638.204..1638.204 rows=4167491 loops=1)
              Buckets: 4194304  Batches: 1  Memory Usage: 248744kB
              ->  Seq Scan on name n  (cost=0.00..97291.25 rows=4167491 width=19) (actual time=0.010..593.648 rows=4167491 loops=1)
Planning time: 2.245 ms
Execution time: 4989.882 ms
