Aggregate  (cost=38076.31..38076.32 rows=1 width=32) (actual time=9340.465..9340.466 rows=1 loops=1)
  ->  Nested Loop  (cost=7001.68..38073.52 rows=1115 width=15) (actual time=47.569..8878.158 rows=2832555 loops=1)
        ->  Nested Loop  (cost=7001.25..37565.85 rows=1115 width=4) (actual time=47.564..2510.914 rows=2832555 loops=1)
              Join Filter: (t.id = ci.movie_id)
              ->  Nested Loop  (cost=7000.69..37385.10 rows=91 width=12) (actual time=47.499..434.375 rows=68316 loops=1)
                    ->  Hash Join  (cost=7000.26..37340.76 rows=91 width=8) (actual time=47.491..277.189 rows=68316 loops=1)
                          Hash Cond: (mc.company_id = cn.id)
                          ->  Nested Loop  (cost=7.26..28472.30 rows=148552 width=12) (actual time=4.369..193.465 rows=148552 loops=1)
                                ->  Nested Loop  (cost=6.83..3768.21 rows=41840 width=4) (actual time=4.358..43.954 rows=41840 loops=1)
                                      ->  Seq Scan on keyword k  (cost=0.00..2626.12 rows=1 width=4) (actual time=0.442..10.362 rows=1 loops=1)
                                            Filter: (keyword = 'character-name-in-title'::text)
                                            Rows Removed by Filter: 134169
                                      ->  Bitmap Heap Scan on movie_keyword mk  (cost=6.83..1138.99 rows=309 width=8) (actual time=3.914..27.758 rows=41840 loops=1)
                                            Recheck Cond: (keyword_id = k.id)
                                            Heap Blocks: exact=11541
                                            ->  Bitmap Index Scan on keyword_id_movie_keyword  (cost=0.00..6.75 rows=309 width=0) (actual time=2.430..2.430 rows=41840 loops=1)
                                                  Index Cond: (keyword_id = k.id)
                                ->  Index Scan using movie_id_movie_companies on movie_companies mc  (cost=0.43..0.54 rows=5 width=8) (actual time=0.002..0.003 rows=4 loops=41840)
                                      Index Cond: (movie_id = mk.movie_id)
                          ->  Hash  (cost=5932.46..5932.46 rows=84843 width=4) (actual time=42.959..42.959 rows=84843 loops=1)
                                Buckets: 131072  Batches: 1  Memory Usage: 4007kB
                                ->  Seq Scan on company_name cn  (cost=0.00..5932.46 rows=84843 width=4) (actual time=0.006..32.455 rows=84843 loops=1)
                                      Filter: ((country_code)::text = '[us]'::text)
                                      Rows Removed by Filter: 150154
                    ->  Index Only Scan using title_pkey on title t  (cost=0.43..0.49 rows=1 width=4) (actual time=0.002..0.002 rows=1 loops=68316)
                          Index Cond: (id = mk.movie_id)
                          Heap Fetches: 68316
              ->  Index Scan using movie_id_cast_info on cast_info ci  (cost=0.56..1.52 rows=37 width=8) (actual time=0.003..0.025 rows=41 loops=68316)
                    Index Cond: (movie_id = mk.movie_id)
        ->  Index Scan using name_pkey on name n  (cost=0.43..0.46 rows=1 width=19) (actual time=0.002..0.002 rows=1 loops=2832555)
              Index Cond: (id = ci.person_id)
Planning time: 2.213 ms
Execution time: 9340.529 ms
