Aggregate  (cost=318113.03..318113.04 rows=1 width=32) (actual time=5006.959..5006.959 rows=1 loops=1)
  ->  Nested Loop  (cost=122710.45..318105.59 rows=2977 width=15) (actual time=824.235..4848.295 rows=1113120 loops=1)
        ->  Hash Join  (cost=122710.02..316758.60 rows=2977 width=27) (actual time=824.222..3152.905 rows=1113120 loops=1)
              Hash Cond: (mc.company_id = cn.id)
              ->  Nested Loop  (cost=114427.58..295799.99 rows=1004057 width=31) (actual time=755.640..2838.276 rows=1113120 loops=1)
                    ->  Hash Join  (cost=114427.15..210534.06 rows=149494 width=23) (actual time=755.490..2229.667 rows=149494 loops=1)
                          Hash Cond: (ci.person_id = n.id)
                          ->  Nested Loop  (cost=7.39..83004.58 rows=1038393 width=12) (actual time=5.050..1219.188 rows=1038393 loops=1)
                                ->  Nested Loop  (cost=6.83..3768.21 rows=41840 width=4) (actual time=5.034..44.093 rows=41840 loops=1)
                                      ->  Seq Scan on keyword k  (cost=0.00..2626.12 rows=1 width=4) (actual time=0.448..10.266 rows=1 loops=1)
                                            Filter: (keyword = 'character-name-in-title'::text)
                                            Rows Removed by Filter: 134169
                                      ->  Bitmap Heap Scan on movie_keyword mk  (cost=6.83..1138.99 rows=309 width=8) (actual time=4.580..27.924 rows=41840 loops=1)
                                            Recheck Cond: (keyword_id = k.id)
                                            Heap Blocks: exact=11541
                                            ->  Bitmap Index Scan on keyword_id_movie_keyword  (cost=0.00..6.75 rows=309 width=0) (actual time=3.051..3.051 rows=41840 loops=1)
                                                  Index Cond: (keyword_id = k.id)
                                ->  Index Scan using movie_id_cast_info on cast_info ci  (cost=0.56..1.52 rows=37 width=8) (actual time=0.003..0.025 rows=25 loops=41840)
                                      Index Cond: (movie_id = mk.movie_id)
                          ->  Hash  (cost=107710.81..107710.81 rows=536716 width=19) (actual time=748.289..748.289 rows=536716 loops=1)
                                Buckets: 1048576  Batches: 1  Memory Usage: 36076kB
                                ->  Seq Scan on name n  (cost=0.00..107710.81 rows=536716 width=19) (actual time=0.011..612.877 rows=536716 loops=1)
                                      Filter: (name ~~ '%B%'::text)
                                      Rows Removed by Filter: 3630775
                    ->  Index Scan using movie_id_movie_companies on movie_companies mc  (cost=0.43..0.52 rows=5 width=8) (actual time=0.002..0.003 rows=7 loops=149494)
                          Index Cond: (movie_id = ci.movie_id)
              ->  Hash  (cost=5344.97..5344.97 rows=234997 width=4) (actual time=68.288..68.288 rows=234997 loops=1)
                    Buckets: 262144  Batches: 1  Memory Usage: 10310kB
                    ->  Seq Scan on company_name cn  (cost=0.00..5344.97 rows=234997 width=4) (actual time=0.006..30.251 rows=234997 loops=1)
        ->  Index Only Scan using title_pkey on title t  (cost=0.43..0.45 rows=1 width=4) (actual time=0.001..0.001 rows=1 loops=1113120)
              Index Cond: (id = ci.movie_id)
              Heap Fetches: 1113120
Planning time: 2.349 ms
Execution time: 5007.177 ms
