Aggregate  (cost=40543.25..40543.26 rows=1 width=32) (actual time=22432.516..22432.516 rows=1 loops=1)
  ->  Nested Loop  (cost=8291.11..40542.36 rows=357 width=15) (actual time=67.757..22268.253 rows=1113120 loops=1)
        ->  Nested Loop  (cost=8290.68..39273.32 rows=2772 width=4) (actual time=67.434..5650.431 rows=7796926 loops=1)
              Join Filter: (t.id = ci.movie_id)
              ->  Nested Loop  (cost=8290.12..38756.88 rows=260 width=12) (actual time=67.363..666.398 rows=148552 loops=1)
                    ->  Hash Join  (cost=8289.69..38630.19 rows=260 width=8) (actual time=67.345..339.167 rows=148552 loops=1)
                          Hash Cond: (mc.company_id = cn.id)
                          ->  Nested Loop  (cost=7.26..28472.30 rows=148552 width=12) (actual time=4.388..210.487 rows=148552 loops=1)
                                ->  Nested Loop  (cost=6.83..3768.21 rows=41840 width=4) (actual time=4.376..46.817 rows=41840 loops=1)
                                      ->  Seq Scan on keyword k  (cost=0.00..2626.12 rows=1 width=4) (actual time=0.448..10.282 rows=1 loops=1)
                                            Filter: (keyword = 'character-name-in-title'::text)
                                            Rows Removed by Filter: 134169
                                      ->  Bitmap Heap Scan on movie_keyword mk  (cost=6.83..1138.99 rows=309 width=8) (actual time=3.926..29.941 rows=41840 loops=1)
                                            Recheck Cond: (keyword_id = k.id)
                                            Heap Blocks: exact=11541
                                            ->  Bitmap Index Scan on keyword_id_movie_keyword  (cost=0.00..6.75 rows=309 width=0) (actual time=2.462..2.462 rows=41840 loops=1)
                                                  Index Cond: (keyword_id = k.id)
                                ->  Index Scan using movie_id_movie_companies on movie_companies mc  (cost=0.43..0.54 rows=5 width=8) (actual time=0.002..0.003 rows=4 loops=41840)
                                      Index Cond: (movie_id = mk.movie_id)
                          ->  Hash  (cost=5344.97..5344.97 rows=234997 width=4) (actual time=62.650..62.650 rows=234997 loops=1)
                                Buckets: 262144  Batches: 1  Memory Usage: 10310kB
                                ->  Seq Scan on company_name cn  (cost=0.00..5344.97 rows=234997 width=4) (actual time=0.005..30.589 rows=234997 loops=1)
                    ->  Index Only Scan using title_pkey on title t  (cost=0.43..0.49 rows=1 width=4) (actual time=0.002..0.002 rows=1 loops=148552)
                          Index Cond: (id = mk.movie_id)
                          Heap Fetches: 148552
              ->  Index Scan using movie_id_cast_info on cast_info ci  (cost=0.56..1.52 rows=37 width=8) (actual time=0.003..0.026 rows=52 loops=148552)
                    Index Cond: (movie_id = mk.movie_id)
        ->  Index Scan using name_pkey on name n  (cost=0.43..0.46 rows=1 width=19) (actual time=0.002..0.002 rows=0 loops=7796926)
              Index Cond: (id = ci.person_id)
              Filter: (name ~~ '%B%'::text)
              Rows Removed by Filter: 1
Planning time: 2.216 ms
Execution time: 22432.601 ms
