Aggregate  (cost=251077.51..251077.52 rows=1 width=96) (actual time=6234.674..6234.674 rows=1 loops=1)
  ->  Nested Loop  (cost=6464.11..251077.37 rows=18 width=64) (actual time=47.955..6233.828 rows=410 loops=1)
        ->  Nested Loop  (cost=6463.68..251069.10 rows=18 width=59) (actual time=47.946..6231.298 rows=410 loops=1)
              ->  Nested Loop  (cost=6463.25..245614.20 rows=8465 width=63) (actual time=16.317..5825.438 rows=107339 loops=1)
                    ->  Nested Loop  (cost=6462.68..163934.73 rows=3474 width=55) (actual time=16.300..4025.865 rows=45431 loops=1)
                          Join Filter: (mi.info_type_id = it1.id)
                          Rows Removed by Join Filter: 6884903
                          ->  Seq Scan on info_type it1  (cost=0.00..2.41 rows=1 width=4) (actual time=0.011..0.012 rows=1 loops=1)
                                Filter: ((info)::text = 'budget'::text)
                                Rows Removed by Filter: 112
                          ->  Nested Loop  (cost=6462.68..159025.42 rows=392552 width=59) (actual time=16.261..3645.316 rows=6930334 loops=1)
                                ->  Nested Loop  (cost=6462.25..22162.36 rows=12213 width=9) (actual time=16.251..141.707 rows=459925 loops=1)
                                      ->  Seq Scan on info_type it2  (cost=0.00..2.41 rows=1 width=4) (actual time=0.007..0.011 rows=1 loops=1)
                                            Filter: ((info)::text = 'votes'::text)
                                            Rows Removed by Filter: 112
                                      ->  Bitmap Heap Scan on movie_info_idx mi_idx  (cost=6462.25..18709.86 rows=345009 width=13) (actual time=16.241..81.664 rows=459925 loops=1)
                                            Recheck Cond: (info_type_id = it2.id)
                                            Heap Blocks: exact=7934
                                            ->  Bitmap Index Scan on info_type_id_movie_info_idx  (cost=0.00..6375.99 rows=345009 width=0) (actual time=15.196..15.196 rows=459925 loops=1)
                                                  Index Cond: (info_type_id = it2.id)
                                ->  Index Scan using movie_id_movie_info on movie_info mi  (cost=0.43..10.80 rows=41 width=50) (actual time=0.002..0.006 rows=15 loops=459925)
                                      Index Cond: (movie_id = mi_idx.movie_id)
                    ->  Index Scan using movie_id_cast_info on cast_info ci  (cost=0.56..23.49 rows=2 width=8) (actual time=0.023..0.039 rows=2 loops=45431)
                          Index Cond: (movie_id = mi.movie_id)
                          Filter: (note = ANY ('{(producer),"(executive producer)"}'::text[]))
                          Rows Removed by Filter: 38
              ->  Index Scan using name_pkey on name n  (cost=0.43..0.64 rows=1 width=4) (actual time=0.004..0.004 rows=0 loops=107339)
                    Index Cond: (id = ci.person_id)
                    Filter: ((name ~~ '%Tim%'::text) AND ((gender)::text = 'm'::text))
                    Rows Removed by Filter: 1
        ->  Index Scan using title_pkey on title t  (cost=0.43..0.46 rows=1 width=21) (actual time=0.005..0.005 rows=1 loops=410)
              Index Cond: (id = mi.movie_id)
Planning time: 2.306 ms
Execution time: 6234.737 ms
