Aggregate  (cost=152626.41..152626.42 rows=1 width=96) (actual time=217.850..217.850 rows=1 loops=1)
  ->  Nested Loop  (cost=6381.42..152626.33 rows=11 width=64) (actual time=121.019..217.831 rows=11 loops=1)
        ->  Nested Loop  (cost=6381.28..152624.52 rows=11 width=68) (actual time=121.012..217.795 rows=11 loops=1)
              ->  Nested Loop  (cost=6380.85..152424.26 rows=268 width=72) (actual time=44.289..216.583 rows=268 loops=1)
                    ->  Nested Loop  (cost=6380.29..143573.09 rows=358 width=80) (actual time=19.551..203.491 rows=358 loops=1)
                          ->  Nested Loop  (cost=6379.85..74140.79 rows=6152 width=30) (actual time=16.855..142.653 rows=6152 loops=1)
                                ->  Nested Loop  (cost=6379.42..19628.99 rows=15849 width=9) (actual time=16.241..103.146 rows=15849 loops=1)
                                      ->  Seq Scan on info_type it2  (cost=0.00..2.41 rows=1 width=4) (actual time=0.010..0.013 rows=1 loops=1)
                                            Filter: ((info)::text = 'rating'::text)
                                            Rows Removed by Filter: 112
                                      ->  Bitmap Heap Scan on movie_info_idx mi_idx  (cost=6379.42..19489.56 rows=13702 width=13) (actual time=16.229..101.535 rows=15849 loops=1)
                                            Recheck Cond: (info_type_id = it2.id)
                                            Filter: (info > '8.0'::text)
                                            Rows Removed by Filter: 444076
                                            Heap Blocks: exact=7934
                                            ->  Bitmap Index Scan on info_type_id_movie_info_idx  (cost=0.00..6375.99 rows=345009 width=0) (actual time=15.181..15.181 rows=459925 loops=1)
                                                  Index Cond: (info_type_id = it2.id)
                                ->  Index Scan using title_pkey on title t  (cost=0.43..3.44 rows=1 width=21) (actual time=0.002..0.002 rows=0 loops=15849)
                                      Index Cond: (id = mi_idx.movie_id)
                                      Filter: ((production_year >= 2008) AND (production_year <= 2014))
                                      Rows Removed by Filter: 1
                          ->  Index Scan using movie_id_movie_info on movie_info mi  (cost=0.43..11.28 rows=1 width=50) (actual time=0.010..0.010 rows=0 loops=6152)
                                Index Cond: (movie_id = t.id)
                                Filter: ((note IS NULL) AND (info = ANY ('{Horror,Thriller}'::text[])))
                                Rows Removed by Filter: 18
                    ->  Index Scan using movie_id_cast_info on cast_info ci  (cost=0.56..24.71 rows=1 width=8) (actual time=0.028..0.036 rows=1 loops=358)
                          Index Cond: (movie_id = t.id)
                          Filter: (note = ANY ('{(writer),"(head writer)","(written by)",(story),"(story editor)"}'::text[]))
                          Rows Removed by Filter: 34
              ->  Index Scan using name_pkey on name n  (cost=0.43..0.75 rows=1 width=4) (actual time=0.004..0.004 rows=0 loops=268)
                    Index Cond: (id = ci.person_id)
                    Filter: ((gender IS NOT NULL) AND ((gender)::text = 'f'::text))
                    Rows Removed by Filter: 1
        ->  Index Scan using info_type_pkey on info_type it1  (cost=0.14..0.16 rows=1 width=4) (actual time=0.002..0.002 rows=1 loops=11)
              Index Cond: (id = mi.info_type_id)
              Filter: ((info)::text = 'genres'::text)
Planning time: 2.245 ms
Execution time: 217.906 ms
