Aggregate  (cost=152525.89..152525.90 rows=1 width=96) (actual time=216.264..216.264 rows=1 loops=1)
  ->  Nested Loop  (cost=6381.28..152525.67 rows=29 width=64) (actual time=120.041..216.245 rows=11 loops=1)
        ->  Nested Loop  (cost=6380.85..152430.02 rows=128 width=68) (actual time=43.525..215.058 rows=268 loops=1)
              Join Filter: (mi.info_type_id = it1.id)
              ->  Seq Scan on info_type it1  (cost=0.00..2.41 rows=1 width=4) (actual time=0.005..0.013 rows=1 loops=1)
                    Filter: ((info)::text = 'genres'::text)
                    Rows Removed by Filter: 112
              ->  Nested Loop  (cost=6380.85..152424.26 rows=268 width=72) (actual time=43.519..214.997 rows=268 loops=1)
                    ->  Nested Loop  (cost=6380.29..143573.09 rows=358 width=80) (actual time=19.140..202.102 rows=358 loops=1)
                          ->  Nested Loop  (cost=6379.85..74140.79 rows=6152 width=30) (actual time=16.500..141.851 rows=6152 loops=1)
                                ->  Nested Loop  (cost=6379.42..19628.99 rows=15849 width=9) (actual time=15.891..102.541 rows=15849 loops=1)
                                      ->  Seq Scan on info_type it2  (cost=0.00..2.41 rows=1 width=4) (actual time=0.008..0.011 rows=1 loops=1)
                                            Filter: ((info)::text = 'rating'::text)
                                            Rows Removed by Filter: 112
                                      ->  Bitmap Heap Scan on movie_info_idx mi_idx  (cost=6379.42..19489.56 rows=13702 width=13) (actual time=15.882..100.809 rows=15849 loops=1)
                                            Recheck Cond: (info_type_id = it2.id)
                                            Filter: (info > '8.0'::text)
                                            Rows Removed by Filter: 444076
                                            Heap Blocks: exact=7934
                                            ->  Bitmap Index Scan on info_type_id_movie_info_idx  (cost=0.00..6375.99 rows=345009 width=0) (actual time=14.935..14.935 rows=459925 loops=1)
                                                  Index Cond: (info_type_id = it2.id)
                                ->  Index Scan using title_pkey on title t  (cost=0.43..3.44 rows=1 width=21) (actual time=0.002..0.002 rows=0 loops=15849)
                                      Index Cond: (id = mi_idx.movie_id)
                                      Filter: ((production_year >= 2008) AND (production_year <= 2014))
                                      Rows Removed by Filter: 1
                          ->  Index Scan using movie_id_movie_info on movie_info mi  (cost=0.43..11.28 rows=1 width=50) (actual time=0.010..0.010 rows=0 loops=6152)
                                Index Cond: (movie_id = t.id)
                                Filter: ((note IS NULL) AND (info = ANY ('{Horror,Thriller}'::text[])))
                                Rows Removed by Filter: 18
                    ->  Index Scan using movie_id_cast_info on cast_info ci  (cost=0.56..24.71 rows=1 width=8) (actual time=0.028..0.036 rows=1 loops=358)
                          Index Cond: (movie_id = t.id)
                          Filter: (note = ANY ('{(writer),"(head writer)","(written by)",(story),"(story editor)"}'::text[]))
                          Rows Removed by Filter: 34
        ->  Index Scan using name_pkey on name n  (cost=0.43..0.75 rows=1 width=4) (actual time=0.004..0.004 rows=0 loops=268)
              Index Cond: (id = ci.person_id)
              Filter: ((gender IS NOT NULL) AND ((gender)::text = 'f'::text))
              Rows Removed by Filter: 1
Planning time: 2.345 ms
Execution time: 216.331 ms
