Aggregate  (cost=1169079.86..1169079.87 rows=1 width=96) (actual time=4971.402..4971.402 rows=1 loops=1)
  ->  Nested Loop  (cost=281619.51..1168910.34 rows=22602 width=64) (actual time=1127.961..4962.524 rows=28073 loops=1)
        ->  Hash Join  (cost=281619.08..1128445.77 rows=54152 width=68) (actual time=1127.946..4851.981 rows=54155 loops=1)
              Hash Cond: (ci.movie_id = t.id)
              ->  Seq Scan on cast_info ci  (cost=0.00..841654.34 rows=1244716 width=8) (actual time=99.324..3755.569 rows=1244716 loops=1)
                    Filter: (note = ANY ('{(writer),"(head writer)","(written by)",(story),"(story editor)"}'::text[]))
                    Rows Removed by Filter: 34999628
              ->  Hash  (cost=280337.63..280337.63 rows=102516 width=76) (actual time=883.819..883.819 rows=102516 loops=1)
                    Buckets: 131072  Batches: 1  Memory Usage: 8671kB
                    ->  Nested Loop  (cost=31830.50..280337.63 rows=102516 width=76) (actual time=256.991..857.022 rows=102516 loops=1)
                          Join Filter: (mi.movie_id = t.id)
                          ->  Hash Join  (cost=31830.07..219811.93 rows=102516 width=55) (actual time=256.974..639.958 rows=102516 loops=1)
                                Hash Cond: (mi.movie_id = mi_idx.movie_id)
                                ->  Nested Loop  (cost=3918.64..178845.55 rows=186594 width=46) (actual time=46.799..373.312 rows=186594 loops=1)
                                      ->  Seq Scan on info_type it1  (cost=0.00..2.41 rows=1 width=4) (actual time=0.009..0.018 rows=1 loops=1)
                                            Filter: ((info)::text = 'genres'::text)
                                            Rows Removed by Filter: 112
                                      ->  Bitmap Heap Scan on movie_info mi  (cost=3918.64..178816.58 rows=2656 width=50) (actual time=46.785..355.391 rows=186594 loops=1)
                                            Recheck Cond: (info_type_id = it1.id)
                                            Filter: (info = ANY ('{Horror,Action,Sci-Fi,Thriller,Crime,War}'::text[]))
                                            Rows Removed by Filter: 1347315
                                            Heap Blocks: exact=9770
                                            ->  Bitmap Index Scan on info_type_id_movie_info  (cost=0.00..3917.98 rows=211939 width=0) (actual time=45.599..45.599 rows=1533909 loops=1)
                                                  Index Cond: (info_type_id = it1.id)
                                ->  Hash  (cost=22162.36..22162.36 rows=459925 width=9) (actual time=209.586..209.586 rows=459925 loops=1)
                                      Buckets: 524288  Batches: 1  Memory Usage: 22143kB
                                      ->  Nested Loop  (cost=6462.25..22162.36 rows=459925 width=9) (actual time=15.648..131.177 rows=459925 loops=1)
                                            ->  Seq Scan on info_type it2  (cost=0.00..2.41 rows=1 width=4) (actual time=0.015..0.019 rows=1 loops=1)
                                                  Filter: ((info)::text = 'votes'::text)
                                                  Rows Removed by Filter: 112
                                            ->  Bitmap Heap Scan on movie_info_idx mi_idx  (cost=6462.25..18709.86 rows=345009 width=13) (actual time=15.629..71.573 rows=459925 loops=1)
                                                  Recheck Cond: (info_type_id = it2.id)
                                                  Heap Blocks: exact=7934
                                                  ->  Bitmap Index Scan on info_type_id_movie_info_idx  (cost=0.00..6375.99 rows=345009 width=0) (actual time=14.685..14.685 rows=459925 loops=1)
                                                        Index Cond: (info_type_id = it2.id)
                          ->  Index Scan using title_pkey on title t  (cost=0.43..0.58 rows=1 width=21) (actual time=0.002..0.002 rows=1 loops=102516)
                                Index Cond: (id = mi_idx.movie_id)
        ->  Index Scan using name_pkey on name n  (cost=0.43..0.75 rows=1 width=4) (actual time=0.002..0.002 rows=1 loops=54155)
              Index Cond: (id = ci.person_id)
              Filter: ((gender)::text = 'm'::text)
              Rows Removed by Filter: 0
Planning time: 2.192 ms
Execution time: 4971.555 ms
