Aggregate  (cost=159082.76..159082.77 rows=1 width=96) (actual time=7312.051..7312.051 rows=1 loops=1)
  ->  Nested Loop  (cost=6464.11..159082.57 rows=25 width=64) (actual time=26.427..7299.999 rows=28073 loops=1)
        ->  Nested Loop  (cost=6463.68..159038.74 rows=60 width=68) (actual time=21.229..7107.581 rows=54155 loops=1)
              ->  Nested Loop  (cost=6463.11..157985.61 rows=44 width=76) (actual time=16.110..3869.901 rows=102516 loops=1)
                    Join Filter: (mi.movie_id = t.id)
                    ->  Nested Loop  (cost=6462.68..157959.63 rows=44 width=55) (actual time=16.103..3628.430 rows=102516 loops=1)
                          Join Filter: (mi.info_type_id = it1.id)
                          Rows Removed by Join Filter: 2376
                          ->  Seq Scan on info_type it1  (cost=0.00..2.41 rows=1 width=4) (actual time=0.005..0.012 rows=1 loops=1)
                                Filter: ((info)::text = 'genres'::text)
                                Rows Removed by Filter: 112
                          ->  Nested Loop  (cost=6462.68..157895.72 rows=4920 width=59) (actual time=16.097..3612.975 rows=104892 loops=1)
                                ->  Nested Loop  (cost=6462.25..22162.36 rows=12213 width=9) (actual time=15.856..138.778 rows=459925 loops=1)
                                      ->  Seq Scan on info_type it2  (cost=0.00..2.41 rows=1 width=4) (actual time=0.008..0.011 rows=1 loops=1)
                                            Filter: ((info)::text = 'votes'::text)
                                            Rows Removed by Filter: 112
                                      ->  Bitmap Heap Scan on movie_info_idx mi_idx  (cost=6462.25..18709.86 rows=345009 width=13) (actual time=15.846..78.784 rows=459925 loops=1)
                                            Recheck Cond: (info_type_id = it2.id)
                                            Heap Blocks: exact=7934
                                            ->  Bitmap Index Scan on info_type_id_movie_info_idx  (cost=0.00..6375.99 rows=345009 width=0) (actual time=14.899..14.899 rows=459925 loops=1)
                                                  Index Cond: (info_type_id = it2.id)
                                ->  Index Scan using movie_id_movie_info on movie_info mi  (cost=0.43..11.10 rows=1 width=50) (actual time=0.007..0.007 rows=0 loops=459925)
                                      Index Cond: (movie_id = mi_idx.movie_id)
                                      Filter: (info = ANY ('{Horror,Action,Sci-Fi,Thriller,Crime,War}'::text[]))
                                      Rows Removed by Filter: 15
                    ->  Index Scan using title_pkey on title t  (cost=0.43..0.58 rows=1 width=21) (actual time=0.002..0.002 rows=1 loops=102516)
                          Index Cond: (id = mi_idx.movie_id)
              ->  Index Scan using movie_id_cast_info on cast_info ci  (cost=0.56..23.92 rows=1 width=8) (actual time=0.027..0.031 rows=1 loops=102516)
                    Index Cond: (movie_id = t.id)
                    Filter: (note = ANY ('{(writer),"(head writer)","(written by)",(story),"(story editor)"}'::text[]))
                    Rows Removed by Filter: 39
        ->  Index Scan using name_pkey on name n  (cost=0.43..0.73 rows=1 width=4) (actual time=0.003..0.003 rows=1 loops=54155)
              Index Cond: (id = ci.person_id)
              Filter: ((gender)::text = 'm'::text)
              Rows Removed by Filter: 0
Planning time: 2.311 ms
Execution time: 7312.114 ms
