Aggregate  (cost=135996.12..135996.13 rows=1 width=64) (actual time=1674.712..1674.712 rows=1 loops=1)
  ->  Nested Loop  (cost=3.56..135996.11 rows=1 width=32) (actual time=40.389..1674.624 rows=184 loops=1)
        Join Filter: (mi.info_type_id = it.id)
        ->  Nested Loop  (cost=3.56..135993.69 rows=1 width=36) (actual time=40.377..1673.965 rows=184 loops=1)
              Join Filter: (t.id = mi.movie_id)
              ->  Nested Loop  (cost=3.13..135966.90 rows=1 width=44) (actual time=40.365..1670.380 rows=77 loops=1)
                    ->  Nested Loop  (cost=2.71..135965.71 rows=1 width=48) (actual time=40.356..1670.101 rows=79 loops=1)
                          Join Filter: (t.id = mc.movie_id)
                          ->  Nested Loop  (cost=2.28..135962.97 rows=1 width=40) (actual time=40.232..1669.463 rows=102 loops=1)
                                ->  Nested Loop  (cost=1.85..135961.51 rows=1 width=44) (actual time=39.785..1669.096 rows=115 loops=1)
                                      Join Filter: (n.id = an.person_id)
                                      ->  Nested Loop  (cost=1.42..135959.86 rows=1 width=52) (actual time=39.738..1668.521 rows=133 loops=1)
                                            ->  Nested Loop  (cost=0.99..135956.99 rows=2 width=31) (actual time=33.786..1665.627 rows=727 loops=1)
                                                  ->  Nested Loop  (cost=0.56..134018.14 rows=1222 width=12) (actual time=0.128..1221.792 rows=276166 loops=1)
                                                        ->  Seq Scan on role_type rt  (cost=0.00..18.88 rows=1 width=4) (actual time=0.007..0.010 rows=1 loops=1)
                                                              Filter: ((role)::text = 'actress'::text)
                                                              Rows Removed by Filter: 11
                                                        ->  Index Scan using role_id_cast_info on cast_info ci  (cost=0.56..133251.31 rows=74795 width=16) (actual time=0.120..1195.853 rows=276166 loops=1)
                                                              Index Cond: (role_id = rt.id)
                                                              Filter: (note = ANY ('{(voice),"(voice: Japanese version)","(voice) (uncredited)","(voice: English version)"}'::text[]))
                                                              Rows Removed by Filter: 7175807
                                                  ->  Index Scan using name_pkey on name n  (cost=0.43..1.59 rows=1 width=19) (actual time=0.001..0.001 rows=0 loops=276166)
                                                        Index Cond: (id = ci.person_id)
                                                        Filter: ((name ~~ '%Ang%'::text) AND ((gender)::text = 'f'::text))
                                                        Rows Removed by Filter: 1
                                            ->  Index Scan using title_pkey on title t  (cost=0.43..1.43 rows=1 width=21) (actual time=0.004..0.004 rows=0 loops=727)
                                                  Index Cond: (id = ci.movie_id)
                                                  Filter: ((production_year >= 2005) AND (production_year <= 2009))
                                                  Rows Removed by Filter: 1
                                      ->  Index Only Scan using person_id_aka_name on aka_name an  (cost=0.42..1.63 rows=2 width=4) (actual time=0.003..0.004 rows=1 loops=133)
                                            Index Cond: (person_id = ci.person_id)
                                            Heap Fetches: 115
                                ->  Index Only Scan using char_name_pkey on char_name chn  (cost=0.43..1.46 rows=1 width=4) (actual time=0.003..0.003 rows=1 loops=115)
                                      Index Cond: (id = ci.person_role_id)
                                      Heap Fetches: 102
                          ->  Index Scan using movie_id_movie_companies on movie_companies mc  (cost=0.43..2.72 rows=1 width=8) (actual time=0.004..0.006 rows=1 loops=102)
                                Index Cond: (movie_id = ci.movie_id)
                                Filter: ((note IS NOT NULL) AND ((note ~~ '%(USA)%'::text) OR (note ~~ '%(worldwide)%'::text)))
                                Rows Removed by Filter: 6
                    ->  Index Scan using company_name_pkey on company_name cn  (cost=0.42..1.19 rows=1 width=4) (actual time=0.003..0.003 rows=1 loops=79)
                          Index Cond: (id = mc.company_id)
                          Filter: ((country_code)::text = '[us]'::text)
                          Rows Removed by Filter: 0
              ->  Index Scan using movie_id_movie_info on movie_info mi  (cost=0.43..26.77 rows=2 width=8) (actual time=0.010..0.046 rows=2 loops=77)
                    Index Cond: (movie_id = ci.movie_id)
                    Filter: ((info IS NOT NULL) AND ((info ~~ 'Japan:%200%'::text) OR (info ~~ 'USA:%200%'::text)))
                    Rows Removed by Filter: 166
        ->  Seq Scan on info_type it  (cost=0.00..2.41 rows=1 width=4) (actual time=0.003..0.003 rows=1 loops=184)
              Filter: ((info)::text = 'release dates'::text)
              Rows Removed by Filter: 15
Planning time: 12.547 ms
Execution time: 1674.797 ms
