Aggregate  (cost=124697.99..124698.00 rows=1 width=64) (actual time=642.372..642.373 rows=1 loops=1)
  ->  Nested Loop  (cost=3.13..124697.98 rows=1 width=32) (actual time=262.757..642.296 rows=184 loops=1)
        Join Filter: (mi.info_type_id = it.id)
        ->  Nested Loop  (cost=3.13..124695.56 rows=1 width=36) (actual time=262.748..641.647 rows=184 loops=1)
              Join Filter: (t.id = mi.movie_id)
              ->  Nested Loop  (cost=2.70..124668.74 rows=1 width=44) (actual time=262.734..638.109 rows=77 loops=1)
                    ->  Nested Loop  (cost=2.28..124667.53 rows=1 width=48) (actual time=262.724..637.850 rows=79 loops=1)
                          Join Filter: (t.id = mc.movie_id)
                          ->  Nested Loop  (cost=1.85..124664.79 rows=1 width=40) (actual time=262.649..637.249 rows=102 loops=1)
                                ->  Nested Loop  (cost=1.42..124663.35 rows=1 width=19) (actual time=259.522..635.991 rows=387 loops=1)
                                      ->  Nested Loop  (cost=0.99..124661.87 rows=1 width=23) (actual time=259.505..634.917 rows=425 loops=1)
                                            Join Filter: (ci.role_id = rt.id)
                                            ->  Nested Loop  (cost=0.99..124640.35 rows=44 width=27) (actual time=259.493..634.772 rows=425 loops=1)
                                                  Join Filter: (n.id = ci.person_id)
                                                  ->  Nested Loop  (cost=0.42..119307.30 rows=21 width=23) (actual time=253.690..617.394 rows=1558 loops=1)
                                                        ->  Seq Scan on name n  (cost=0.00..118130.38 rows=95 width=19) (actual time=253.007..605.688 rows=6768 loops=1)
                                                              Filter: ((name ~~ '%Ang%'::text) AND ((gender)::text = 'f'::text))
                                                              Rows Removed by Filter: 4160723
                                                        ->  Index Only Scan using person_id_aka_name on aka_name an  (cost=0.42..12.37 rows=2 width=4) (actual time=0.001..0.002 rows=0 loops=6768)
                                                              Index Cond: (person_id = n.id)
                                                              Heap Fetches: 1558
                                                  ->  Index Scan using person_id_cast_info on cast_info ci  (cost=0.56..253.82 rows=11 width=16) (actual time=0.010..0.011 rows=0 loops=1558)
                                                        Index Cond: (person_id = an.person_id)
                                                        Filter: (note = ANY ('{(voice),"(voice: Japanese version)","(voice) (uncredited)","(voice: English version)"}'::text[]))
                                                        Rows Removed by Filter: 44
                                            ->  Materialize  (cost=0.00..18.89 rows=4 width=4) (actual time=0.000..0.000 rows=1 loops=425)
                                                  ->  Seq Scan on role_type rt  (cost=0.00..18.88 rows=4 width=4) (actual time=0.007..0.007 rows=1 loops=1)
                                                        Filter: ((role)::text = 'actress'::text)
                                                        Rows Removed by Filter: 1
                                      ->  Index Only Scan using char_name_pkey on char_name chn  (cost=0.43..1.47 rows=1 width=4) (actual time=0.002..0.002 rows=1 loops=425)
                                            Index Cond: (id = ci.person_role_id)
                                            Heap Fetches: 387
                                ->  Index Scan using title_pkey on title t  (cost=0.43..1.44 rows=1 width=21) (actual time=0.003..0.003 rows=0 loops=387)
                                      Index Cond: (id = ci.movie_id)
                                      Filter: ((production_year >= 2005) AND (production_year <= 2009))
                                      Rows Removed by Filter: 1
                          ->  Index Scan using movie_id_movie_companies on movie_companies mc  (cost=0.43..2.73 rows=1 width=8) (actual time=0.004..0.005 rows=1 loops=102)
                                Index Cond: (movie_id = ci.movie_id)
                                Filter: ((note IS NOT NULL) AND ((note ~~ '%(USA)%'::text) OR (note ~~ '%(worldwide)%'::text)))
                                Rows Removed by Filter: 6
                    ->  Index Scan using company_name_pkey on company_name cn  (cost=0.42..1.21 rows=1 width=4) (actual time=0.003..0.003 rows=1 loops=79)
                          Index Cond: (id = mc.company_id)
                          Filter: ((country_code)::text = '[us]'::text)
                          Rows Removed by Filter: 0
              ->  Index Scan using movie_id_movie_info on movie_info mi  (cost=0.43..26.80 rows=2 width=8) (actual time=0.010..0.045 rows=2 loops=77)
                    Index Cond: (movie_id = ci.movie_id)
                    Filter: ((info IS NOT NULL) AND ((info ~~ 'Japan:%200%'::text) OR (info ~~ 'USA:%200%'::text)))
                    Rows Removed by Filter: 166
        ->  Seq Scan on info_type it  (cost=0.00..2.41 rows=1 width=4) (actual time=0.003..0.003 rows=1 loops=184)
              Filter: ((info)::text = 'release dates'::text)
              Rows Removed by Filter: 15
Planning time: 12.459 ms
Execution time: 642.460 ms
