Aggregate  (cost=80833.74..80833.75 rows=1 width=64) (actual time=290.006..290.006 rows=1 loops=1)
  ->  Nested Loop  (cost=3.14..80833.74 rows=1 width=32) (actual time=224.284..289.997 rows=15 loops=1)
        Join Filter: (ci.role_id = rt.id)
        ->  Nested Loop  (cost=3.14..80814.81 rows=1 width=36) (actual time=224.281..289.974 rows=15 loops=1)
              Join Filter: (ci.person_id = n.id)
              ->  Nested Loop  (cost=2.71..80813.22 rows=1 width=29) (actual time=218.425..289.301 rows=275 loops=1)
                    Join Filter: (mi.info_type_id = it.id)
                    ->  Nested Loop  (cost=2.71..80810.80 rows=1 width=33) (actual time=218.418..288.412 rows=275 loops=1)
                          Join Filter: (t.id = mi.movie_id)
                          ->  Nested Loop  (cost=2.27..80783.86 rows=1 width=41) (actual time=218.395..270.679 rows=275 loops=1)
                                ->  Nested Loop  (cost=1.85..80782.57 rows=1 width=45) (actual time=218.389..270.195 rows=275 loops=1)
                                      ->  Nested Loop  (cost=1.42..80781.07 rows=1 width=49) (actual time=218.383..269.557 rows=275 loops=1)
                                            ->  Nested Loop  (cost=0.99..80779.40 rows=1 width=45) (actual time=218.376..269.136 rows=100 loops=1)
                                                  Join Filter: (t.id = ci.movie_id)
                                                  ->  Nested Loop  (cost=0.43..80736.72 rows=1 width=29) (actual time=218.366..268.629 rows=4 loops=1)
                                                        ->  Seq Scan on title t  (cost=0.00..80245.89 rows=23 width=21) (actual time=21.504..268.556 rows=7 loops=1)
                                                              Filter: ((production_year >= 2007) AND (production_year <= 2008) AND (title ~~ '%Kung%Fu%Panda%'::text))
                                                              Rows Removed by Filter: 2528305
                                                        ->  Index Scan using movie_id_movie_companies on movie_companies mc  (cost=0.43..21.33 rows=1 width=8) (actual time=0.008..0.009 rows=1 loops=7)
                                                              Index Cond: (movie_id = t.id)
                                                              Filter: ((note ~~ '%(200%)%'::text) AND ((note ~~ '%(USA)%'::text) OR (note ~~ '%(worldwide)%'::text)))
                                                              Rows Removed by Filter: 6
                                                  ->  Index Scan using movie_id_cast_info on cast_info ci  (cost=0.56..42.67 rows=1 width=16) (actual time=0.007..0.122 rows=25 loops=4)
                                                        Index Cond: (movie_id = mc.movie_id)
                                                        Filter: (note = '(voice)'::text)
                                                        Rows Removed by Filter: 127
                                            ->  Index Only Scan using person_id_aka_name on aka_name an  (cost=0.42..1.64 rows=2 width=4) (actual time=0.003..0.004 rows=3 loops=100)
                                                  Index Cond: (person_id = ci.person_id)
                                                  Heap Fetches: 275
                                      ->  Index Only Scan using char_name_pkey on char_name chn  (cost=0.43..1.50 rows=1 width=4) (actual time=0.002..0.002 rows=1 loops=275)
                                            Index Cond: (id = ci.person_role_id)
                                            Heap Fetches: 275
                                ->  Index Scan using company_name_pkey on company_name cn  (cost=0.42..1.30 rows=1 width=4) (actual time=0.001..0.001 rows=1 loops=275)
                                      Index Cond: (id = mc.company_id)
                                      Filter: ((country_code)::text = '[us]'::text)
                          ->  Index Scan using movie_id_movie_info on movie_info mi  (cost=0.43..26.92 rows=1 width=8) (actual time=0.010..0.064 rows=1 loops=275)
                                Index Cond: (movie_id = ci.movie_id)
                                Filter: ((info IS NOT NULL) AND ((info ~~ 'Japan:%2007%'::text) OR (info ~~ 'USA:%2008%'::text)))
                                Rows Removed by Filter: 295
                    ->  Seq Scan on info_type it  (cost=0.00..2.41 rows=1 width=4) (actual time=0.003..0.003 rows=1 loops=275)
                          Filter: ((info)::text = 'release dates'::text)
                          Rows Removed by Filter: 15
              ->  Index Scan using name_pkey on name n  (cost=0.43..1.58 rows=1 width=19) (actual time=0.002..0.002 rows=0 loops=275)
                    Index Cond: (id = an.person_id)
                    Filter: ((name ~~ '%Angel%'::text) AND ((gender)::text = 'f'::text))
                    Rows Removed by Filter: 1
        ->  Seq Scan on role_type rt  (cost=0.00..18.88 rows=4 width=4) (actual time=0.001..0.001 rows=1 loops=15)
              Filter: ((role)::text = 'actress'::text)
              Rows Removed by Filter: 1
Planning time: 12.449 ms
Execution time: 290.071 ms
