Aggregate  (cost=80652.38..80652.39 rows=1 width=64) (actual time=270.110..270.110 rows=1 loops=1)
  ->  Nested Loop  (cost=3.13..80652.38 rows=1 width=32) (actual time=218.479..270.102 rows=15 loops=1)
        Join Filter: (mi.info_type_id = it.id)
        ->  Nested Loop  (cost=3.13..80649.95 rows=1 width=36) (actual time=218.472..270.049 rows=15 loops=1)
              Join Filter: (t.id = mi.movie_id)
              ->  Nested Loop  (cost=2.70..80623.05 rows=1 width=44) (actual time=218.452..268.809 rows=15 loops=1)
                    Join Filter: (n.id = an.person_id)
                    ->  Nested Loop  (cost=2.27..80618.05 rows=3 width=52) (actual time=218.445..268.791 rows=3 loops=1)
                          ->  Nested Loop  (cost=1.85..80614.38 rows=3 width=56) (actual time=218.440..268.779 rows=3 loops=1)
                                ->  Nested Loop  (cost=1.42..80609.89 rows=3 width=60) (actual time=218.433..268.766 rows=3 loops=1)
                                      ->  Nested Loop  (cost=0.99..80570.62 rows=24 width=41) (actual time=218.409..268.675 rows=24 loops=1)
                                            Join Filter: (ci.role_id = rt.id)
                                            Rows Removed by Join Filter: 76
                                            ->  Seq Scan on role_type rt  (cost=0.00..18.88 rows=1 width=4) (actual time=0.004..0.006 rows=1 loops=1)
                                                  Filter: ((role)::text = 'actress'::text)
                                                  Rows Removed by Filter: 11
                                            ->  Nested Loop  (cost=0.99..80550.49 rows=100 width=45) (actual time=218.380..268.659 rows=100 loops=1)
                                                  Join Filter: (t.id = ci.movie_id)
                                                  ->  Nested Loop  (cost=0.43..80395.28 rows=4 width=29) (actual time=218.371..268.255 rows=4 loops=1)
                                                        ->  Seq Scan on title t  (cost=0.00..80245.89 rows=7 width=21) (actual time=21.101..268.187 rows=7 loops=1)
                                                              Filter: ((production_year >= 2007) AND (production_year <= 2008) AND (title ~~ '%Kung%Fu%Panda%'::text))
                                                              Rows Removed by Filter: 2528305
                                                        ->  Index Scan using movie_id_movie_companies on movie_companies mc  (cost=0.43..21.33 rows=1 width=8) (actual time=0.007..0.009 rows=1 loops=7)
                                                              Index Cond: (movie_id = t.id)
                                                              Filter: ((note ~~ '%(200%)%'::text) AND ((note ~~ '%(USA)%'::text) OR (note ~~ '%(worldwide)%'::text)))
                                                              Rows Removed by Filter: 6
                                                  ->  Index Scan using movie_id_cast_info on cast_info ci  (cost=0.56..38.79 rows=1 width=16) (actual time=0.006..0.096 rows=25 loops=4)
                                                        Index Cond: (movie_id = mc.movie_id)
                                                        Filter: (note = '(voice)'::text)
                                                        Rows Removed by Filter: 127
                                      ->  Index Scan using name_pkey on name n  (cost=0.43..1.64 rows=1 width=19) (actual time=0.004..0.004 rows=0 loops=24)
                                            Index Cond: (id = ci.person_id)
                                            Filter: ((name ~~ '%Angel%'::text) AND ((gender)::text = 'f'::text))
                                            Rows Removed by Filter: 1
                                ->  Index Only Scan using char_name_pkey on char_name chn  (cost=0.43..1.50 rows=1 width=4) (actual time=0.003..0.003 rows=1 loops=3)
                                      Index Cond: (id = ci.person_role_id)
                                      Heap Fetches: 3
                          ->  Index Scan using company_name_pkey on company_name cn  (cost=0.42..1.22 rows=1 width=4) (actual time=0.003..0.003 rows=1 loops=3)
                                Index Cond: (id = mc.company_id)
                                Filter: ((country_code)::text = '[us]'::text)
                    ->  Index Only Scan using person_id_aka_name on aka_name an  (cost=0.42..1.64 rows=2 width=4) (actual time=0.003..0.005 rows=5 loops=3)
                          Index Cond: (person_id = ci.person_id)
                          Heap Fetches: 15
              ->  Index Scan using movie_id_movie_info on movie_info mi  (cost=0.43..26.89 rows=1 width=8) (actual time=0.012..0.082 rows=1 loops=15)
                    Index Cond: (movie_id = ci.movie_id)
                    Filter: ((info IS NOT NULL) AND ((info ~~ 'Japan:%2007%'::text) OR (info ~~ 'USA:%2008%'::text)))
                    Rows Removed by Filter: 372
        ->  Seq Scan on info_type it  (cost=0.00..2.41 rows=1 width=4) (actual time=0.003..0.003 rows=1 loops=15)
              Filter: ((info)::text = 'release dates'::text)
              Rows Removed by Filter: 15
Planning time: 12.541 ms
Execution time: 270.172 ms
