Aggregate  (cost=136103.19..136103.20 rows=1 width=64) (actual time=1788.195..1788.195 rows=1 loops=1)
  ->  Nested Loop  (cost=3.56..136103.18 rows=1 width=32) (actual time=17.510..1787.288 rows=3575 loops=1)
        ->  Nested Loop  (cost=3.14..136102.01 rows=1 width=36) (actual time=17.486..1765.466 rows=11692 loops=1)
              ->  Nested Loop  (cost=2.71..136099.29 rows=1 width=44) (actual time=17.477..1755.547 rows=3628 loops=1)
                    Join Filter: (n.id = an.person_id)
                    ->  Nested Loop  (cost=2.29..136097.64 rows=1 width=52) (actual time=4.604..1750.180 rows=2129 loops=1)
                          Join Filter: (mi.info_type_id = it.id)
                          ->  Seq Scan on info_type it  (cost=0.00..2.41 rows=1 width=4) (actual time=0.008..0.015 rows=1 loops=1)
                                Filter: ((info)::text = 'release dates'::text)
                                Rows Removed by Filter: 112
                          ->  Nested Loop  (cost=2.29..136095.20 rows=2 width=56) (actual time=4.594..1749.786 rows=2129 loops=1)
                                ->  Nested Loop  (cost=1.85..135988.93 rows=4 width=48) (actual time=4.577..1715.712 rows=3349 loops=1)
                                      ->  Nested Loop  (cost=1.42..135978.92 rows=7 width=27) (actual time=4.571..1697.765 rows=5686 loops=1)
                                            ->  Nested Loop  (cost=0.99..135956.99 rows=15 width=31) (actual time=4.565..1682.463 rows=6552 loops=1)
                                                  ->  Nested Loop  (cost=0.56..134018.14 rows=1222 width=12) (actual time=0.117..1231.052 rows=276166 loops=1)
                                                        ->  Seq Scan on role_type rt  (cost=0.00..18.88 rows=1 width=4) (actual time=0.002..0.005 rows=1 loops=1)
                                                              Filter: ((role)::text = 'actress'::text)
                                                              Rows Removed by Filter: 11
                                                        ->  Index Scan using role_id_cast_info on cast_info ci  (cost=0.56..133251.31 rows=74795 width=16) (actual time=0.114..1204.456 rows=276166 loops=1)
                                                              Index Cond: (role_id = rt.id)
                                                              Filter: (note = ANY ('{(voice),"(voice: Japanese version)","(voice) (uncredited)","(voice: English version)"}'::text[]))
                                                              Rows Removed by Filter: 7175807
                                                  ->  Index Scan using name_pkey on name n  (cost=0.43..1.59 rows=1 width=19) (actual time=0.001..0.001 rows=0 loops=276166)
                                                        Index Cond: (id = ci.person_id)
                                                        Filter: ((name ~~ '%An%'::text) AND ((gender)::text = 'f'::text))
                                                        Rows Removed by Filter: 1
                                            ->  Index Only Scan using char_name_pkey on char_name chn  (cost=0.43..1.46 rows=1 width=4) (actual time=0.002..0.002 rows=1 loops=6552)
                                                  Index Cond: (id = ci.person_role_id)
                                                  Heap Fetches: 5686
                                      ->  Index Scan using title_pkey on title t  (cost=0.43..1.43 rows=1 width=21) (actual time=0.003..0.003 rows=1 loops=5686)
                                            Index Cond: (id = ci.movie_id)
                                            Filter: (production_year > 2000)
                                            Rows Removed by Filter: 0
                                ->  Index Scan using movie_id_movie_info on movie_info mi  (cost=0.43..26.55 rows=2 width=8) (actual time=0.007..0.010 rows=1 loops=3349)
                                      Index Cond: (movie_id = t.id)
                                      Filter: ((info IS NOT NULL) AND ((info ~~ 'Japan:%200%'::text) OR (info ~~ 'USA:%200%'::text)))
                                      Rows Removed by Filter: 15
                    ->  Index Only Scan using person_id_aka_name on aka_name an  (cost=0.42..1.63 rows=2 width=4) (actual time=0.002..0.002 rows=2 loops=2129)
                          Index Cond: (person_id = ci.person_id)
                          Heap Fetches: 3628
              ->  Index Scan using movie_id_movie_companies on movie_companies mc  (cost=0.43..2.67 rows=5 width=8) (actual time=0.002..0.002 rows=3 loops=3628)
                    Index Cond: (movie_id = t.id)
        ->  Index Scan using company_name_pkey on company_name cn  (cost=0.42..1.17 rows=1 width=4) (actual time=0.002..0.002 rows=0 loops=11692)
              Index Cond: (id = mc.company_id)
              Filter: ((country_code)::text = '[us]'::text)
              Rows Removed by Filter: 1
Planning time: 12.298 ms
Execution time: 1788.258 ms
