Aggregate  (cost=275424.96..275424.97 rows=1 width=64) (actual time=1973.594..1973.594 rows=1 loops=1)
  ->  Nested Loop  (cost=118758.79..275424.95 rows=1 width=32) (actual time=626.329..1972.653 rows=3575 loops=1)
        ->  Nested Loop  (cost=118758.37..275423.78 rows=1 width=36) (actual time=626.316..1951.009 rows=11692 loops=1)
              ->  Nested Loop  (cost=118757.94..275421.06 rows=1 width=44) (actual time=626.307..1940.848 rows=3628 loops=1)
                    ->  Nested Loop  (cost=118757.80..275419.74 rows=8 width=48) (actual time=626.293..1936.833 rows=3628 loops=1)
                          ->  Nested Loop  (cost=118757.36..275260.34 rows=6 width=40) (actual time=622.609..1903.016 rows=4703 loops=1)
                                ->  Nested Loop  (cost=118756.93..275244.61 rows=11 width=19) (actual time=622.601..1885.718 rows=7726 loops=1)
                                      Join Filter: (n.id = an.person_id)
                                      ->  Nested Loop  (cost=118756.51..265838.73 rows=5686 width=27) (actual time=615.739..1873.369 rows=5686 loops=1)
                                            ->  Hash Join  (cost=118756.08..256260.24 rows=6552 width=31) (actual time=615.731..1858.579 rows=6552 loops=1)
                                                  Hash Cond: (ci.person_id = n.id)
                                                  ->  Nested Loop  (cost=0.56..134018.14 rows=276166 width=12) (actual time=0.120..1222.874 rows=276166 loops=1)
                                                        ->  Seq Scan on role_type rt  (cost=0.00..18.88 rows=1 width=4) (actual time=0.005..0.007 rows=1 loops=1)
                                                              Filter: ((role)::text = 'actress'::text)
                                                              Rows Removed by Filter: 11
                                                        ->  Index Scan using role_id_cast_info on cast_info ci  (cost=0.56..133251.31 rows=74795 width=16) (actual time=0.114..1196.933 rows=276166 loops=1)
                                                              Index Cond: (role_id = rt.id)
                                                              Filter: (note = ANY ('{(voice),"(voice: Japanese version)","(voice) (uncredited)","(voice: English version)"}'::text[]))
                                                              Rows Removed by Filter: 7175807
                                                  ->  Hash  (cost=118130.38..118130.38 rows=50011 width=19) (actual time=611.836..611.836 rows=50011 loops=1)
                                                        Buckets: 65536  Batches: 1  Memory Usage: 3135kB
                                                        ->  Seq Scan on name n  (cost=0.00..118130.38 rows=50011 width=19) (actual time=250.402..603.194 rows=50011 loops=1)
                                                              Filter: ((name ~~ '%An%'::text) AND ((gender)::text = 'f'::text))
                                                              Rows Removed by Filter: 4117480
                                            ->  Index Only Scan using char_name_pkey on char_name chn  (cost=0.43..1.46 rows=1 width=4) (actual time=0.002..0.002 rows=1 loops=6552)
                                                  Index Cond: (id = ci.person_role_id)
                                                  Heap Fetches: 5686
                                      ->  Index Only Scan using person_id_aka_name on aka_name an  (cost=0.42..1.63 rows=2 width=4) (actual time=0.001..0.002 rows=1 loops=5686)
                                            Index Cond: (person_id = ci.person_id)
                                            Heap Fetches: 7726
                                ->  Index Scan using title_pkey on title t  (cost=0.43..1.43 rows=1 width=21) (actual time=0.002..0.002 rows=1 loops=7726)
                                      Index Cond: (id = ci.movie_id)
                                      Filter: (production_year > 2000)
                                      Rows Removed by Filter: 0
                          ->  Index Scan using movie_id_movie_info on movie_info mi  (cost=0.43..26.55 rows=2 width=8) (actual time=0.005..0.007 rows=1 loops=4703)
                                Index Cond: (movie_id = t.id)
                                Filter: ((info IS NOT NULL) AND ((info ~~ 'Japan:%200%'::text) OR (info ~~ 'USA:%200%'::text)))
                                Rows Removed by Filter: 14
                    ->  Index Scan using info_type_pkey on info_type it  (cost=0.14..0.16 rows=1 width=4) (actual time=0.001..0.001 rows=1 loops=3628)
                          Index Cond: (id = mi.info_type_id)
                          Filter: ((info)::text = 'release dates'::text)
              ->  Index Scan using movie_id_movie_companies on movie_companies mc  (cost=0.43..2.67 rows=5 width=8) (actual time=0.002..0.002 rows=3 loops=3628)
                    Index Cond: (movie_id = t.id)
        ->  Index Scan using company_name_pkey on company_name cn  (cost=0.42..1.17 rows=1 width=4) (actual time=0.002..0.002 rows=0 loops=11692)
              Index Cond: (id = mc.company_id)
              Filter: ((country_code)::text = '[us]'::text)
              Rows Removed by Filter: 1
Planning time: 12.214 ms
Execution time: 1973.664 ms
