Aggregate  (cost=750481.52..750481.53 rows=1 width=64) (actual time=13291.463..13291.463 rows=1 loops=1)
  ->  Nested Loop  (cost=3.56..750480.69 rows=166 width=32) (actual time=0.406..12924.260 rows=1760645 loops=1)
        ->  Nested Loop  (cost=3.14..750365.55 rows=70 width=40) (actual time=0.400..11283.850 rows=787043 loops=1)
              ->  Nested Loop  (cost=2.72..750138.47 rows=194 width=44) (actual time=0.396..5908.639 rows=3229056 loops=1)
                    Join Filter: (t.id = mc.movie_id)
                    ->  Nested Loop  (cost=2.29..750039.34 rows=37 width=52) (actual time=0.391..4281.111 rows=341836 loops=1)
                          Join Filter: (mi.info_type_id = it.id)
                          Rows Removed by Join Filter: 1281158
                          ->  Seq Scan on info_type it  (cost=0.00..2.41 rows=1 width=4) (actual time=0.007..0.014 rows=1 loops=1)
                                Filter: ((info)::text = 'release dates'::text)
                                Rows Removed by Filter: 112
                          ->  Nested Loop  (cost=2.29..749984.24 rows=4215 width=56) (actual time=0.380..4149.348 rows=1622994 loops=1)
                                ->  Nested Loop  (cost=1.85..742573.95 rows=277 width=48) (actual time=0.374..3025.789 rows=159307 loops=1)
                                      ->  Nested Loop  (cost=1.42..741844.68 rows=507 width=27) (actual time=0.127..2363.709 rows=255493 loops=1)
                                            ->  Nested Loop  (cost=0.99..740284.45 rows=1061 width=31) (actual time=0.121..1805.065 rows=276005 loops=1)
                                                  ->  Nested Loop  (cost=0.56..732883.92 rows=4635 width=12) (actual time=0.115..1294.609 rows=276166 loops=1)
                                                        ->  Seq Scan on role_type rt  (cost=0.00..18.88 rows=4 width=4) (actual time=0.002..0.005 rows=1 loops=1)
                                                              Filter: ((role)::text = 'actress'::text)
                                                              Rows Removed by Filter: 11
                                                        ->  Index Scan using role_id_cast_info on cast_info ci  (cost=0.56..182468.31 rows=74795 width=16) (actual time=0.112..1265.125 rows=276166 loops=1)
                                                              Index Cond: (role_id = rt.id)
                                                              Filter: (note = ANY ('{(voice),"(voice: Japanese version)","(voice) (uncredited)","(voice: English version)"}'::text[]))
                                                              Rows Removed by Filter: 7175807
                                                  ->  Index Scan using name_pkey on name n  (cost=0.43..1.60 rows=1 width=19) (actual time=0.002..0.002 rows=1 loops=276166)
                                                        Index Cond: (id = ci.person_id)
                                                        Filter: ((gender)::text = 'f'::text)
                                                        Rows Removed by Filter: 0
                                            ->  Index Only Scan using char_name_pkey on char_name chn  (cost=0.43..1.47 rows=1 width=4) (actual time=0.002..0.002 rows=1 loops=276005)
                                                  Index Cond: (id = ci.person_role_id)
                                                  Heap Fetches: 255493
                                      ->  Index Scan using title_pkey on title t  (cost=0.43..1.44 rows=1 width=21) (actual time=0.002..0.002 rows=1 loops=255493)
                                            Index Cond: (id = ci.movie_id)
                                            Filter: (production_year > 2000)
                                            Rows Removed by Filter: 0
                                ->  Index Scan using movie_id_movie_info on movie_info mi  (cost=0.43..26.34 rows=41 width=8) (actual time=0.002..0.005 rows=10 loops=159307)
                                      Index Cond: (movie_id = t.id)
                    ->  Index Scan using movie_id_movie_companies on movie_companies mc  (cost=0.43..2.62 rows=5 width=8) (actual time=0.002..0.003 rows=9 loops=341836)
                          Index Cond: (movie_id = mi.movie_id)
              ->  Index Scan using company_name_pkey on company_name cn  (cost=0.42..1.17 rows=1 width=4) (actual time=0.001..0.001 rows=0 loops=3229056)
                    Index Cond: (id = mc.company_id)
                    Filter: ((country_code)::text = '[us]'::text)
                    Rows Removed by Filter: 1
        ->  Index Only Scan using person_id_aka_name on aka_name an  (cost=0.42..1.62 rows=2 width=4) (actual time=0.001..0.002 rows=2 loops=787043)
              Index Cond: (person_id = n.id)
              Heap Fetches: 1760645
Planning time: 12.055 ms
Execution time: 13291.525 ms
