Aggregate  (cost=447358.19..447358.20 rows=1 width=64) (actual time=9654.393..9654.394 rows=1 loops=1)
  ->  Nested Loop  (cost=413874.14..447357.76 rows=86 width=32) (actual time=3683.041..9289.753 rows=1760645 loops=1)
        Join Filter: (mi.info_type_id = it.id)
        Rows Removed by Join Filter: 8581046
        ->  Seq Scan on info_type it  (cost=0.00..2.41 rows=1 width=4) (actual time=0.009..0.016 rows=1 loops=1)
              Filter: ((info)::text = 'release dates'::text)
              Rows Removed by Filter: 112
        ->  Nested Loop  (cost=413874.14..447233.41 rows=9755 width=36) (actual time=3683.022..8553.651 rows=10341691 loops=1)
              Join Filter: (t.id = mi.movie_id)
              ->  Nested Loop  (cost=413873.70..438455.30 rows=329 width=44) (actual time=3683.006..4504.366 rows=265983 loops=1)
                    ->  Hash Join  (cost=413873.27..437886.61 rows=389 width=48) (actual time=3682.982..3994.728 rows=276408 loops=1)
                          Hash Cond: (an.person_id = n.id)
                          ->  Seq Scan on aka_name an  (cost=0.00..20409.43 rows=901343 width=4) (actual time=0.005..85.201 rows=901343 loops=1)
                          ->  Hash  (cost=412579.32..412579.32 rows=103516 width=56) (actual time=3682.672..3682.672 rows=104325 loops=1)
                                Buckets: 131072  Batches: 1  Memory Usage: 10939kB
                                ->  Hash Join  (cost=351204.87..412579.32 rows=103516 width=56) (actual time=2937.917..3654.586 rows=104325 loops=1)
                                      Hash Cond: (ci.person_id = n.id)
                                      ->  Hash Join  (cost=231474.62..291531.14 rows=104391 width=37) (actual time=2208.940..2896.020 rows=104391 loops=1)
                                            Hash Cond: (mc.company_id = cn.id)
                                            ->  Hash Join  (cost=224481.62..280884.95 rows=289362 width=41) (actual time=2162.507..2809.591 rows=289362 loops=1)
                                                  Hash Cond: (mc.movie_id = t.id)
                                                  ->  Seq Scan on movie_companies mc  (cost=0.00..44881.29 rows=2609129 width=8) (actual time=0.008..217.382 rows=2609129 loops=1)
                                                  ->  Hash  (cost=222376.53..222376.53 rows=168407 width=33) (actual time=2161.398..2161.398 rows=168407 loops=1)
                                                        Buckets: 262144  Batches: 1  Memory Usage: 14124kB
                                                        ->  Hash Join  (cost=84872.37..222376.53 rows=168407 width=33) (actual time=737.166..2112.848 rows=168407 loops=1)
                                                              Hash Cond: (ci.movie_id = t.id)
                                                              ->  Nested Loop  (cost=0.56..134018.14 rows=276166 width=12) (actual time=0.135..1276.593 rows=276166 loops=1)
                                                                    ->  Seq Scan on role_type rt  (cost=0.00..18.88 rows=1 width=4) (actual time=0.006..0.009 rows=1 loops=1)
                                                                          Filter: ((role)::text = 'actress'::text)
                                                                          Rows Removed by Filter: 11
                                                                    ->  Index Scan using role_id_cast_info on cast_info ci  (cost=0.56..133251.31 rows=74795 width=16) (actual time=0.126..1248.514 rows=276166 loops=1)
                                                                          Index Cond: (role_id = rt.id)
                                                                          Filter: (note = ANY ('{(voice),"(voice: Japanese version)","(voice) (uncredited)","(voice: English version)"}'::text[]))
                                                                          Rows Removed by Filter: 7175807
                                                              ->  Hash  (cost=67603.64..67603.64 rows=1381453 width=21) (actual time=732.357..732.357 rows=1381453 loops=1)
                                                                    Buckets: 2097152  Batches: 1  Memory Usage: 90381kB
                                                                    ->  Seq Scan on title t  (cost=0.00..67603.64 rows=1381453 width=21) (actual time=0.007..384.491 rows=1381453 loops=1)
                                                                          Filter: (production_year > 2000)
                                                                          Rows Removed by Filter: 1146859
                                            ->  Hash  (cost=5932.46..5932.46 rows=84843 width=4) (actual time=45.860..45.860 rows=84843 loops=1)
                                                  Buckets: 131072  Batches: 1  Memory Usage: 4007kB
                                                  ->  Seq Scan on company_name cn  (cost=0.00..5932.46 rows=84843 width=4) (actual time=0.010..32.770 rows=84843 loops=1)
                                                        Filter: ((country_code)::text = '[us]'::text)
                                                        Rows Removed by Filter: 150154
                                      ->  Hash  (cost=107710.81..107710.81 rows=961555 width=19) (actual time=726.407..726.407 rows=961555 loops=1)
                                            Buckets: 1048576  Batches: 1  Memory Usage: 58170kB
                                            ->  Seq Scan on name n  (cost=0.00..107710.81 rows=961555 width=19) (actual time=192.795..503.188 rows=961555 loops=1)
                                                  Filter: ((gender)::text = 'f'::text)
                                                  Rows Removed by Filter: 3205936
                    ->  Index Only Scan using char_name_pkey on char_name chn  (cost=0.43..1.46 rows=1 width=4) (actual time=0.002..0.002 rows=1 loops=276408)
                          Index Cond: (id = ci.person_role_id)
                          Heap Fetches: 265983
              ->  Index Scan using movie_id_movie_info on movie_info mi  (cost=0.43..26.17 rows=41 width=8) (actual time=0.002..0.009 rows=39 loops=265983)
                    Index Cond: (movie_id = mc.movie_id)
Planning time: 12.602 ms
Execution time: 9655.156 ms
