Aggregate  (cost=138673.29..138673.30 rows=1 width=64) (actual time=13244.350..13244.351 rows=1 loops=1)
  ->  Nested Loop  (cost=3.56..138673.07 rows=44 width=32) (actual time=0.401..12876.937 rows=1760645 loops=1)
        ->  Nested Loop  (cost=3.14..138641.82 rows=19 width=40) (actual time=0.395..11236.576 rows=787043 loops=1)
              ->  Nested Loop  (cost=2.72..138582.12 rows=51 width=44) (actual time=0.391..5873.425 rows=3229056 loops=1)
                    Join Filter: (t.id = mc.movie_id)
                    ->  Nested Loop  (cost=2.29..138555.33 rows=10 width=52) (actual time=0.386..4249.118 rows=341836 loops=1)
                          Join Filter: (mi.info_type_id = it.id)
                          Rows Removed by Join Filter: 1281158
                          ->  Seq Scan on info_type it  (cost=0.00..2.41 rows=1 width=4) (actual time=0.008..0.014 rows=1 loops=1)
                                Filter: ((info)::text = 'release dates'::text)
                                Rows Removed by Filter: 112
                          ->  Nested Loop  (cost=2.29..138538.95 rows=1118 width=56) (actual time=0.375..4117.803 rows=1622994 loops=1)
                                ->  Nested Loop  (cost=1.85..136559.27 rows=74 width=48) (actual time=0.369..3009.052 rows=159307 loops=1)
                                      ->  Nested Loop  (cost=1.42..136366.20 rows=135 width=27) (actual time=0.126..2358.769 rows=255493 loops=1)
                                            ->  Nested Loop  (cost=0.99..135953.94 rows=282 width=31) (actual time=0.121..1803.491 rows=276005 loops=1)
                                                  ->  Nested Loop  (cost=0.56..134018.14 rows=1222 width=12) (actual time=0.114..1292.587 rows=276166 loops=1)
                                                        ->  Seq Scan on role_type rt  (cost=0.00..18.88 rows=1 width=4) (actual time=0.002..0.005 rows=1 loops=1)
                                                              Filter: ((role)::text = 'actress'::text)
                                                              Rows Removed by Filter: 11
                                                        ->  Index Scan using role_id_cast_info on cast_info ci  (cost=0.56..133251.31 rows=74795 width=16) (actual time=0.111..1263.159 rows=276166 loops=1)
                                                              Index Cond: (role_id = rt.id)
                                                              Filter: (note = ANY ('{(voice),"(voice: Japanese version)","(voice) (uncredited)","(voice: English version)"}'::text[]))
                                                              Rows Removed by Filter: 7175807
                                                  ->  Index Scan using name_pkey on name n  (cost=0.43..1.58 rows=1 width=19) (actual time=0.002..0.002 rows=1 loops=276166)
                                                        Index Cond: (id = ci.person_id)
                                                        Filter: ((gender)::text = 'f'::text)
                                                        Rows Removed by Filter: 0
                                            ->  Index Only Scan using char_name_pkey on char_name chn  (cost=0.43..1.46 rows=1 width=4) (actual time=0.002..0.002 rows=1 loops=276005)
                                                  Index Cond: (id = ci.person_role_id)
                                                  Heap Fetches: 255493
                                      ->  Index Scan using title_pkey on title t  (cost=0.43..1.43 rows=1 width=21) (actual time=0.002..0.002 rows=1 loops=255493)
                                            Index Cond: (id = ci.movie_id)
                                            Filter: (production_year > 2000)
                                            Rows Removed by Filter: 0
                                ->  Index Scan using movie_id_movie_info on movie_info mi  (cost=0.43..26.34 rows=41 width=8) (actual time=0.002..0.005 rows=10 loops=159307)
                                      Index Cond: (movie_id = t.id)
                    ->  Index Scan using movie_id_movie_companies on movie_companies mc  (cost=0.43..2.62 rows=5 width=8) (actual time=0.002..0.003 rows=9 loops=341836)
                          Index Cond: (movie_id = mi.movie_id)
              ->  Index Scan using company_name_pkey on company_name cn  (cost=0.42..1.17 rows=1 width=4) (actual time=0.001..0.001 rows=0 loops=3229056)
                    Index Cond: (id = mc.company_id)
                    Filter: ((country_code)::text = '[us]'::text)
                    Rows Removed by Filter: 1
        ->  Index Only Scan using person_id_aka_name on aka_name an  (cost=0.42..1.62 rows=2 width=4) (actual time=0.001..0.002 rows=2 loops=787043)
              Index Cond: (person_id = n.id)
              Heap Fetches: 1760645
Planning time: 12.032 ms
Execution time: 13244.413 ms
