Aggregate  (cost=752242.28..752242.29 rows=1 width=64) (actual time=6808.653..6808.653 rows=1 loops=1)
  ->  Hash Join  (cost=553426.65..743439.05 rows=1760645 width=32) (actual time=5207.151..6498.488 rows=1760645 loops=1)
        Hash Cond: (mi.movie_id = t.id)
        ->  Nested Loop  (cost=3970.96..179401.16 rows=3036719 width=4) (actual time=95.999..729.237 rows=3036719 loops=1)
              ->  Seq Scan on info_type it  (cost=0.00..2.41 rows=1 width=4) (actual time=0.008..0.017 rows=1 loops=1)
                    Filter: ((info)::text = 'release dates'::text)
                    Rows Removed by Filter: 112
              ->  Bitmap Heap Scan on movie_info mi  (cost=3970.96..177279.36 rows=211939 width=8) (actual time=95.988..419.330 rows=3036719 loops=1)
                    Recheck Cond: (info_type_id = it.id)
                    Heap Blocks: exact=25448
                    ->  Bitmap Index Scan on info_type_id_movie_info  (cost=0.00..3917.98 rows=211939 width=0) (actual time=92.500..92.500 rows=3036719 loops=1)
                          Index Cond: (info_type_id = it.id)
        ->  Hash  (cost=546130.90..546130.90 rows=265983 width=44) (actual time=5109.133..5109.133 rows=265983 loops=1)
              Buckets: 524288  Batches: 1  Memory Usage: 26123kB
              ->  Hash Join  (cost=522130.96..546130.90 rows=265983 width=44) (actual time=4784.753..5049.615 rows=265983 loops=1)
                    Hash Cond: (an.person_id = n.id)
                    ->  Seq Scan on aka_name an  (cost=0.00..20409.43 rows=901343 width=4) (actual time=0.009..85.681 rows=901343 loops=1)
                    ->  Hash  (cost=520914.46..520914.46 rows=97320 width=52) (actual time=4784.515..4784.515 rows=97320 loops=1)
                          Buckets: 131072  Batches: 1  Memory Usage: 9935kB
                          ->  Hash Join  (cost=458310.51..520914.46 rows=97320 width=52) (actual time=4004.738..4758.956 rows=97320 loops=1)
                                Hash Cond: (ci.person_id = n.id)
                                ->  Hash Join  (cost=338580.26..399954.71 rows=97386 width=33) (actual time=3264.459..3990.891 rows=97386 loops=1)
                                      Hash Cond: (ci.person_role_id = chn.id)
                                      ->  Hash Join  (cost=231474.62..291531.14 rows=104391 width=37) (actual time=2212.987..2910.607 rows=104391 loops=1)
                                            Hash Cond: (mc.company_id = cn.id)
                                            ->  Hash Join  (cost=224481.62..280884.95 rows=289362 width=41) (actual time=2165.977..2824.304 rows=289362 loops=1)
                                                  Hash Cond: (mc.movie_id = t.id)
                                                  ->  Seq Scan on movie_companies mc  (cost=0.00..44881.29 rows=2609129 width=8) (actual time=0.009..215.663 rows=2609129 loops=1)
                                                  ->  Hash  (cost=222376.53..222376.53 rows=168407 width=33) (actual time=2164.870..2164.870 rows=168407 loops=1)
                                                        Buckets: 262144  Batches: 1  Memory Usage: 14124kB
                                                        ->  Hash Join  (cost=84872.37..222376.53 rows=168407 width=33) (actual time=737.635..2116.816 rows=168407 loops=1)
                                                              Hash Cond: (ci.movie_id = t.id)
                                                              ->  Nested Loop  (cost=0.56..134018.14 rows=276166 width=12) (actual time=0.140..1279.377 rows=276166 loops=1)
                                                                    ->  Seq Scan on role_type rt  (cost=0.00..18.88 rows=1 width=4) (actual time=0.005..0.009 rows=1 loops=1)
                                                                          Filter: ((role)::text = 'actress'::text)
                                                                          Rows Removed by Filter: 11
                                                                    ->  Index Scan using role_id_cast_info on cast_info ci  (cost=0.56..133251.31 rows=74795 width=16) (actual time=0.132..1252.707 rows=276166 loops=1)
                                                                          Index Cond: (role_id = rt.id)
                                                                          Filter: (note = ANY ('{(voice),"(voice: Japanese version)","(voice) (uncredited)","(voice: English version)"}'::text[]))
                                                                          Rows Removed by Filter: 7175807
                                                              ->  Hash  (cost=67603.64..67603.64 rows=1381453 width=21) (actual time=732.814..732.814 rows=1381453 loops=1)
                                                                    Buckets: 2097152  Batches: 1  Memory Usage: 90381kB
                                                                    ->  Seq Scan on title t  (cost=0.00..67603.64 rows=1381453 width=21) (actual time=0.007..383.740 rows=1381453 loops=1)
                                                                          Filter: (production_year > 2000)
                                                                          Rows Removed by Filter: 1146859
                                            ->  Hash  (cost=5932.46..5932.46 rows=84843 width=4) (actual time=46.453..46.453 rows=84843 loops=1)
                                                  Buckets: 131072  Batches: 1  Memory Usage: 4007kB
                                                  ->  Seq Scan on company_name cn  (cost=0.00..5932.46 rows=84843 width=4) (actual time=0.011..33.042 rows=84843 loops=1)
                                                        Filter: ((country_code)::text = '[us]'::text)
                                                        Rows Removed by Filter: 150154
                                      ->  Hash  (cost=67851.40..67851.40 rows=3140339 width=4) (actual time=1043.040..1043.040 rows=3140339 loops=1)
                                            Buckets: 4194304  Batches: 1  Memory Usage: 143171kB
                                            ->  Seq Scan on char_name chn  (cost=0.00..67851.40 rows=3140339 width=4) (actual time=0.010..388.749 rows=3140339 loops=1)
                                ->  Hash  (cost=107710.81..107710.81 rows=961555 width=19) (actual time=737.735..737.735 rows=961555 loops=1)
                                      Buckets: 1048576  Batches: 1  Memory Usage: 58170kB
                                      ->  Seq Scan on name n  (cost=0.00..107710.81 rows=961555 width=19) (actual time=194.331..506.686 rows=961555 loops=1)
                                            Filter: ((gender)::text = 'f'::text)
                                            Rows Removed by Filter: 3205936
Planning time: 12.178 ms
Execution time: 6810.237 ms
