Aggregate  (cost=3843.56..3843.57 rows=1 width=32) (actual time=129433.604..129433.604 rows=1 loops=1)
  ->  Nested Loop  (cost=2.71..3843.56 rows=1 width=17) (actual time=27390.820..129433.577 rows=33 loops=1)
        ->  Nested Loop  (cost=2.28..3843.10 rows=1 width=21) (actual time=27390.807..129433.434 rows=33 loops=1)
              ->  Nested Loop  (cost=1.86..3842.65 rows=1 width=25) (actual time=27381.807..129430.028 rows=1314 loops=1)
                    ->  Nested Loop  (cost=1.43..3842.18 rows=1 width=29) (actual time=0.050..45090.711 rows=87986607 loops=1)
                          Join Filter: (t.id = ci.movie_id)
                          ->  Nested Loop  (cost=0.86..3840.20 rows=1 width=33) (actual time=0.040..786.979 rows=978322 loops=1)
                                ->  Nested Loop  (cost=0.43..3838.43 rows=1 width=25) (actual time=0.032..391.814 rows=28583 loops=1)
                                      Join Filter: (t.kind_id = kt.id)
                                      Rows Removed by Join Filter: 44977
                                      ->  Nested Loop  (cost=0.43..3815.67 rows=1 width=29) (actual time=0.029..295.724 rows=73560 loops=1)
                                            ->  Nested Loop  (cost=0.00..3813.89 rows=1 width=4) (actual time=0.019..56.010 rows=85941 loops=1)
                                                  Join Filter: (cc.status_id = cct2.id)
                                                  Rows Removed by Join Filter: 17879
                                                  ->  Nested Loop  (cost=0.00..3789.31 rows=190 width=8) (actual time=0.014..32.365 rows=85941 loops=1)
                                                        Join Filter: (cc.subject_id = cct1.id)
                                                        Rows Removed by Join Filter: 49145
                                                        ->  Seq Scan on comp_cast_type cct1  (cost=0.00..18.88 rows=1 width=4) (actual time=0.007..0.010 rows=1 loops=1)
                                                              Filter: ((kind)::text = 'cast'::text)
                                                              Rows Removed by Filter: 3
                                                        ->  Seq Scan on complete_cast cc  (cost=0.00..2081.86 rows=135086 width=12) (actual time=0.006..13.250 rows=135086 loops=1)
                                                  ->  Materialize  (cost=0.00..18.89 rows=2 width=4) (actual time=0.000..0.000 rows=1 loops=85941)
                                                        ->  Seq Scan on comp_cast_type cct2  (cost=0.00..18.88 rows=2 width=4) (actual time=0.002..0.002 rows=2 loops=1)
                                                              Filter: ((kind)::text ~~ '%complete%'::text)
                                                              Rows Removed by Filter: 2
                                            ->  Index Scan using title_pkey on title t  (cost=0.43..1.78 rows=1 width=25) (actual time=0.003..0.003 rows=1 loops=85941)
                                                  Index Cond: (id = cc.movie_id)
                                                  Filter: (production_year > 1950)
                                                  Rows Removed by Filter: 0
                                      ->  Seq Scan on kind_type kt  (cost=0.00..22.75 rows=1 width=4) (actual time=0.000..0.001 rows=1 loops=73560)
                                            Filter: ((kind)::text = 'movie'::text)
                                            Rows Removed by Filter: 4
                                ->  Index Scan using movie_id_movie_keyword on movie_keyword mk  (cost=0.43..1.30 rows=46 width=8) (actual time=0.003..0.009 rows=34 loops=28583)
                                      Index Cond: (movie_id = t.id)
                          ->  Index Scan using movie_id_cast_info on cast_info ci  (cost=0.56..1.52 rows=37 width=12) (actual time=0.003..0.033 rows=90 loops=978322)
                                Index Cond: (movie_id = mk.movie_id)
                    ->  Index Scan using char_name_pkey on char_name chn  (cost=0.43..0.46 rows=1 width=4) (actual time=0.001..0.001 rows=0 loops=87986607)
                          Index Cond: (id = ci.person_role_id)
                          Filter: ((name !~~ '%Sherlock%'::text) AND ((name ~~ '%Tony%Stark%'::text) OR (name ~~ '%Iron%Man%'::text)))
                          Rows Removed by Filter: 0
              ->  Index Scan using keyword_pkey on keyword k  (cost=0.42..0.45 rows=1 width=4) (actual time=0.002..0.002 rows=0 loops=1314)
                    Index Cond: (id = mk.keyword_id)
                    Filter: (keyword = ANY ('{superhero,sequel,second-part,marvel-comics,based-on-comic,tv-special,fight,violence}'::text[]))
                    Rows Removed by Filter: 1
        ->  Index Only Scan using name_pkey on name n  (cost=0.43..0.46 rows=1 width=4) (actual time=0.004..0.004 rows=1 loops=33)
              Index Cond: (id = ci.person_id)
              Heap Fetches: 33
Planning time: 7.752 ms
Execution time: 129433.686 ms
