Aggregate  (cost=17388.77..17388.78 rows=1 width=32) (actual time=1611.291..1611.292 rows=1 loops=1)
  ->  Nested Loop  (cost=3779.42..17388.77 rows=1 width=17) (actual time=60.047..1611.250 rows=33 loops=1)
        ->  Nested Loop  (cost=3778.99..17388.31 rows=1 width=21) (actual time=60.028..1611.052 rows=33 loops=1)
              ->  Nested Loop  (cost=3778.56..17387.85 rows=1 width=25) (actual time=40.491..753.373 rows=532809 loops=1)
                    Join Filter: (t.id = ci.movie_id)
                    ->  Nested Loop  (cost=3777.99..17385.86 rows=1 width=29) (actual time=40.475..165.453 rows=6016 loops=1)
                          ->  Nested Loop  (cost=3777.84..17385.68 rows=1 width=33) (actual time=40.462..158.669 rows=6016 loops=1)
                                ->  Nested Loop  (cost=3777.69..17372.40 rows=78 width=37) (actual time=39.836..150.795 rows=7363 loops=1)
                                      ->  Nested Loop  (cost=3777.26..17330.27 rows=86 width=12) (actual time=39.822..120.170 rows=8765 loops=1)
                                            Join Filter: (cc.subject_id = cct1.id)
                                            Rows Removed by Join Filter: 4045
                                            ->  Seq Scan on comp_cast_type cct1  (cost=0.00..18.88 rows=1 width=4) (actual time=0.005..0.007 rows=1 loops=1)
                                                  Filter: ((kind)::text = 'cast'::text)
                                                  Rows Removed by Filter: 3
                                            ->  Hash Join  (cost=3777.26..17151.27 rows=12810 width=16) (actual time=39.815..118.660 rows=12810 loops=1)
                                                  Hash Cond: (mk.movie_id = cc.movie_id)
                                                  ->  Nested Loop  (cost=6.83..12405.01 rows=35548 width=4) (actual time=0.464..67.830 rows=35548 loops=1)
                                                        ->  Seq Scan on keyword k  (cost=0.00..3632.40 rows=8 width=4) (actual time=0.094..25.826 rows=8 loops=1)
                                                              Filter: (keyword = ANY ('{superhero,sequel,second-part,marvel-comics,based-on-comic,tv-special,fight,violence}'::text[]))
                                                              Rows Removed by Filter: 134162
                                                        ->  Bitmap Heap Scan on movie_keyword mk  (cost=6.83..1093.49 rows=309 width=8) (actual time=0.881..4.793 rows=4444 loops=8)
                                                              Recheck Cond: (keyword_id = k.id)
                                                              Heap Blocks: exact=23488
                                                              ->  Bitmap Index Scan on keyword_id_movie_keyword  (cost=0.00..6.75 rows=309 width=0) (actual time=0.506..0.506 rows=4444 loops=8)
                                                                    Index Cond: (keyword_id = k.id)
                                                  ->  Hash  (cost=2081.86..2081.86 rows=135086 width=12) (actual time=39.014..39.014 rows=135086 loops=1)
                                                        Buckets: 262144  Batches: 1  Memory Usage: 7853kB
                                                        ->  Seq Scan on complete_cast cc  (cost=0.00..2081.86 rows=135086 width=12) (actual time=0.005..16.748 rows=135086 loops=1)
                                      ->  Index Scan using title_pkey on title t  (cost=0.43..0.49 rows=1 width=25) (actual time=0.003..0.003 rows=1 loops=8765)
                                            Index Cond: (id = mk.movie_id)
                                            Filter: (production_year > 1950)
                                            Rows Removed by Filter: 0
                                ->  Index Scan using kind_type_pkey on kind_type kt  (cost=0.15..0.17 rows=1 width=4) (actual time=0.001..0.001 rows=1 loops=7363)
                                      Index Cond: (id = t.kind_id)
                                      Filter: ((kind)::text = 'movie'::text)
                                      Rows Removed by Filter: 0
                          ->  Index Scan using comp_cast_type_pkey on comp_cast_type cct2  (cost=0.15..0.17 rows=1 width=4) (actual time=0.001..0.001 rows=1 loops=6016)
                                Index Cond: (id = cc.status_id)
                                Filter: ((kind)::text ~~ '%complete%'::text)
                    ->  Index Scan using movie_id_cast_info on cast_info ci  (cost=0.56..1.52 rows=37 width=12) (actual time=0.005..0.084 rows=89 loops=6016)
                          Index Cond: (movie_id = mk.movie_id)
              ->  Index Scan using char_name_pkey on char_name chn  (cost=0.43..0.46 rows=1 width=4) (actual time=0.001..0.001 rows=0 loops=532809)
                    Index Cond: (id = ci.person_role_id)
                    Filter: ((name !~~ '%Sherlock%'::text) AND ((name ~~ '%Tony%Stark%'::text) OR (name ~~ '%Iron%Man%'::text)))
                    Rows Removed by Filter: 0
        ->  Index Only Scan using name_pkey on name n  (cost=0.43..0.46 rows=1 width=4) (actual time=0.005..0.005 rows=1 loops=33)
              Index Cond: (id = ci.person_id)
              Heap Fetches: 33
Planning time: 7.752 ms
Execution time: 1611.403 ms
