Aggregate  (cost=21681.48..21681.49 rows=1 width=32) (actual time=1128.684..1128.684 rows=1 loops=1)
  ->  Nested Loop  (cost=3779.27..21681.48 rows=1 width=17) (actual time=56.124..1128.649 rows=17 loops=1)
        ->  Nested Loop  (cost=3778.84..21681.02 rows=1 width=21) (actual time=56.114..1128.458 rows=27 loops=1)
              ->  Nested Loop  (cost=3778.41..21679.63 rows=3 width=25) (actual time=37.754..397.428 rows=222518 loops=1)
                    Join Filter: (t.id = ci.movie_id)
                    ->  Nested Loop  (cost=3777.84..21669.70 rows=5 width=29) (actual time=37.741..148.303 rows=1472 loops=1)
                          ->  Nested Loop  (cost=3777.69..21669.34 rows=2 width=33) (actual time=37.734..146.077 rows=1472 loops=1)
                                Join Filter: (t.kind_id = kt.id)
                                Rows Removed by Join Filter: 400
                                ->  Seq Scan on kind_type kt  (cost=0.00..22.75 rows=1 width=4) (actual time=0.005..0.007 rows=1 loops=1)
                                      Filter: ((kind)::text = 'movie'::text)
                                      Rows Removed by Filter: 6
                                ->  Nested Loop  (cost=3777.69..21623.19 rows=1872 width=37) (actual time=37.412..145.758 rows=1872 loops=1)
                                      ->  Nested Loop  (cost=3777.26..17330.27 rows=8765 width=12) (actual time=37.120..115.796 rows=8765 loops=1)
                                            Join Filter: (cc.subject_id = cct1.id)
                                            Rows Removed by Join Filter: 4045
                                            ->  Seq Scan on comp_cast_type cct1  (cost=0.00..18.88 rows=1 width=4) (actual time=0.002..0.003 rows=1 loops=1)
                                                  Filter: ((kind)::text = 'cast'::text)
                                                  Rows Removed by Filter: 3
                                            ->  Hash Join  (cost=3777.26..17151.27 rows=12810 width=16) (actual time=37.117..114.302 rows=12810 loops=1)
                                                  Hash Cond: (mk.movie_id = cc.movie_id)
                                                  ->  Nested Loop  (cost=6.83..12405.01 rows=35548 width=4) (actual time=0.479..66.697 rows=35548 loops=1)
                                                        ->  Seq Scan on keyword k  (cost=0.00..3632.40 rows=8 width=4) (actual time=0.094..25.899 rows=8 loops=1)
                                                              Filter: (keyword = ANY ('{superhero,sequel,second-part,marvel-comics,based-on-comic,tv-special,fight,violence}'::text[]))
                                                              Rows Removed by Filter: 134162
                                                        ->  Bitmap Heap Scan on movie_keyword mk  (cost=6.83..1093.49 rows=309 width=8) (actual time=0.782..4.646 rows=4444 loops=8)
                                                              Recheck Cond: (keyword_id = k.id)
                                                              Heap Blocks: exact=23488
                                                              ->  Bitmap Index Scan on keyword_id_movie_keyword  (cost=0.00..6.75 rows=309 width=0) (actual time=0.412..0.412 rows=4444 loops=8)
                                                                    Index Cond: (keyword_id = k.id)
                                                  ->  Hash  (cost=2081.86..2081.86 rows=135086 width=12) (actual time=36.295..36.295 rows=135086 loops=1)
                                                        Buckets: 262144  Batches: 1  Memory Usage: 7853kB
                                                        ->  Seq Scan on complete_cast cc  (cost=0.00..2081.86 rows=135086 width=12) (actual time=0.007..17.258 rows=135086 loops=1)
                                      ->  Index Scan using title_pkey on title t  (cost=0.43..0.49 rows=1 width=25) (actual time=0.003..0.003 rows=0 loops=8765)
                                            Index Cond: (id = mk.movie_id)
                                            Filter: (production_year > 2000)
                                            Rows Removed by Filter: 1
                          ->  Index Scan using comp_cast_type_pkey on comp_cast_type cct2  (cost=0.15..0.17 rows=1 width=4) (actual time=0.001..0.001 rows=1 loops=1472)
                                Index Cond: (id = cc.status_id)
                                Filter: ((kind)::text ~~ '%complete%'::text)
                    ->  Index Scan using movie_id_cast_info on cast_info ci  (cost=0.56..1.52 rows=37 width=12) (actual time=0.006..0.145 rows=151 loops=1472)
                          Index Cond: (movie_id = mk.movie_id)
              ->  Index Scan using name_pkey on name n  (cost=0.43..0.46 rows=1 width=4) (actual time=0.003..0.003 rows=0 loops=222518)
                    Index Cond: (id = ci.person_id)
                    Filter: (name ~~ '%Downey%Robert%'::text)
                    Rows Removed by Filter: 1
        ->  Index Scan using char_name_pkey on char_name chn  (cost=0.43..0.46 rows=1 width=4) (actual time=0.006..0.006 rows=1 loops=27)
              Index Cond: (id = ci.person_role_id)
              Filter: ((name !~~ '%Sherlock%'::text) AND ((name ~~ '%Tony%Stark%'::text) OR (name ~~ '%Iron%Man%'::text)))
              Rows Removed by Filter: 0
Planning time: 7.940 ms
Execution time: 1128.794 ms
