Aggregate  (cost=110506.17..110506.18 rows=1 width=32) (actual time=556.928..556.928 rows=1 loops=1)
  ->  Nested Loop  (cost=2.70..110506.17 rows=1 width=17) (actual time=56.329..556.914 rows=17 loops=1)
        ->  Nested Loop  (cost=2.28..110192.92 rows=698 width=21) (actual time=56.266..555.363 rows=698 loops=1)
              ->  Nested Loop  (cost=1.84..110185.70 rows=4 width=29) (actual time=56.252..555.148 rows=4 loops=1)
                    Join Filter: (t.kind_id = kt.id)
                    ->  Seq Scan on kind_type kt  (cost=0.00..22.75 rows=1 width=4) (actual time=0.009..0.010 rows=1 loops=1)
                          Filter: ((kind)::text = 'movie'::text)
                          Rows Removed by Filter: 6
                    ->  Nested Loop  (cost=1.84..110162.90 rows=4 width=33) (actual time=56.242..555.135 rows=4 loops=1)
                          ->  Nested Loop  (cost=1.41..110161.08 rows=4 width=8) (actual time=56.232..555.112 rows=4 loops=1)
                                Join Filter: (cc.status_id = cct2.id)
                                Rows Removed by Join Filter: 2
                                ->  Nested Loop  (cost=1.41..110142.08 rows=4 width=12) (actual time=56.221..555.099 rows=4 loops=1)
                                      Join Filter: (cc.subject_id = cct1.id)
                                      ->  Seq Scan on comp_cast_type cct1  (cost=0.00..18.88 rows=1 width=4) (actual time=0.003..0.005 rows=1 loops=1)
                                            Filter: ((kind)::text = 'cast'::text)
                                            Rows Removed by Filter: 3
                                      ->  Nested Loop  (cost=1.41..110123.16 rows=4 width=16) (actual time=56.217..555.091 rows=4 loops=1)
                                            ->  Nested Loop  (cost=0.99..110115.55 rows=16 width=4) (actual time=56.207..555.046 rows=16 loops=1)
                                                  ->  Nested Loop  (cost=0.56..109891.87 rows=486 width=8) (actual time=55.894..554.175 rows=486 loops=1)
                                                        ->  Seq Scan on name n  (cost=0.00..107710.81 rows=2 width=4) (actual time=55.872..553.998 rows=2 loops=1)
                                                              Filter: (name ~~ '%Downey%Robert%'::text)
                                                              Rows Removed by Filter: 4167489
                                                        ->  Index Scan using person_id_cast_info on cast_info ci  (cost=0.56..1085.48 rows=505 width=12) (actual time=0.014..0.059 rows=243 loops=2)
                                                              Index Cond: (person_id = n.id)
                                                  ->  Index Scan using char_name_pkey on char_name chn  (cost=0.43..0.46 rows=1 width=4) (actual time=0.002..0.002 rows=0 loops=486)
                                                        Index Cond: (id = ci.person_role_id)
                                                        Filter: ((name !~~ '%Sherlock%'::text) AND ((name ~~ '%Tony%Stark%'::text) OR (name ~~ '%Iron%Man%'::text)))
                                                        Rows Removed by Filter: 1
                                            ->  Index Scan using movie_id_complete_cast on complete_cast cc  (cost=0.42..0.46 rows=2 width=12) (actual time=0.002..0.002 rows=0 loops=16)
                                                  Index Cond: (movie_id = ci.movie_id)
                                ->  Materialize  (cost=0.00..18.89 rows=2 width=4) (actual time=0.002..0.002 rows=2 loops=4)
                                      ->  Seq Scan on comp_cast_type cct2  (cost=0.00..18.88 rows=2 width=4) (actual time=0.007..0.007 rows=2 loops=1)
                                            Filter: ((kind)::text ~~ '%complete%'::text)
                                            Rows Removed by Filter: 2
                          ->  Index Scan using title_pkey on title t  (cost=0.43..0.45 rows=1 width=25) (actual time=0.005..0.005 rows=1 loops=4)
                                Index Cond: (id = ci.movie_id)
                                Filter: (production_year > 2000)
              ->  Index Scan using movie_id_movie_keyword on movie_keyword mk  (cost=0.43..1.34 rows=46 width=8) (actual time=0.007..0.035 rows=174 loops=4)
                    Index Cond: (movie_id = t.id)
        ->  Index Scan using keyword_pkey on keyword k  (cost=0.42..0.45 rows=1 width=4) (actual time=0.002..0.002 rows=0 loops=698)
              Index Cond: (id = mk.keyword_id)
              Filter: (keyword = ANY ('{superhero,sequel,second-part,marvel-comics,based-on-comic,tv-special,fight,violence}'::text[]))
              Rows Removed by Filter: 1
Planning time: 8.069 ms
Execution time: 557.019 ms
