Aggregate  (cost=114452.39..114452.40 rows=1 width=64) (actual time=612.765..612.765 rows=1 loops=1)
  ->  Nested Loop  (cost=3798.02..114452.36 rows=6 width=32) (actual time=36.526..611.302 rows=5406 loops=1)
        ->  Nested Loop  (cost=3797.59..111990.97 rows=5406 width=21) (actual time=36.517..587.472 rows=5406 loops=1)
              ->  Nested Loop  (cost=3797.16..25088.16 rows=189844 width=25) (actual time=36.054..329.758 rows=189844 loops=1)
                    Join Filter: (t.id = ci.movie_id)
                    ->  Hash Join  (cost=3796.59..22571.52 rows=1267 width=29) (actual time=36.040..122.665 rows=1267 loops=1)
                          Hash Cond: (cc.status_id = cct2.id)
                          ->  Nested Loop  (cost=3777.69..22536.65 rows=1267 width=33) (actual time=36.026..122.344 rows=1267 loops=1)
                                Join Filter: (t.kind_id = kt.id)
                                Rows Removed by Join Filter: 328
                                ->  Seq Scan on kind_type kt  (cost=0.00..22.75 rows=1 width=4) (actual time=0.003..0.004 rows=1 loops=1)
                                      Filter: ((kind)::text = 'movie'::text)
                                      Rows Removed by Filter: 6
                                ->  Nested Loop  (cost=3777.69..22493.96 rows=1595 width=37) (actual time=35.720..122.094 rows=1595 loops=1)
                                      ->  Nested Loop  (cost=3777.26..19361.33 rows=6396 width=12) (actual time=35.441..100.945 rows=6396 loops=1)
                                            Join Filter: (cc.subject_id = cct1.id)
                                            Rows Removed by Join Filter: 2996
                                            ->  Seq Scan on comp_cast_type cct1  (cost=0.00..18.88 rows=1 width=4) (actual time=0.001..0.003 rows=1 loops=1)
                                                  Filter: ((kind)::text = 'cast'::text)
                                                  Rows Removed by Filter: 3
                                            ->  Hash Join  (cost=3777.26..19225.05 rows=9392 width=16) (actual time=35.439..99.968 rows=9392 loops=1)
                                                  Hash Cond: (mk.movie_id = cc.movie_id)
                                                  ->  Nested Loop  (cost=6.83..14793.30 rows=24091 width=4) (actual time=0.470..57.607 rows=24091 loops=1)
                                                        ->  Seq Scan on keyword k  (cost=0.00..3967.82 rows=10 width=4) (actual time=0.104..29.262 rows=10 loops=1)
                                                              Filter: (keyword = ANY ('{superhero,marvel-comics,based-on-comic,tv-special,fight,violence,magnet,web,claw,laser}'::text[]))
                                                              Rows Removed by Filter: 134160
                                                        ->  Bitmap Heap Scan on movie_keyword mk  (cost=6.83..1079.46 rows=309 width=8) (actual time=0.443..2.594 rows=2409 loops=10)
                                                              Recheck Cond: (keyword_id = k.id)
                                                              Heap Blocks: exact=17127
                                                              ->  Bitmap Index Scan on keyword_id_movie_keyword  (cost=0.00..6.75 rows=309 width=0) (actual time=0.238..0.238 rows=2409 loops=10)
                                                                    Index Cond: (keyword_id = k.id)
                                                  ->  Hash  (cost=2081.86..2081.86 rows=135086 width=12) (actual time=34.627..34.627 rows=135086 loops=1)
                                                        Buckets: 262144  Batches: 1  Memory Usage: 7853kB
                                                        ->  Seq Scan on complete_cast cc  (cost=0.00..2081.86 rows=135086 width=12) (actual time=0.006..16.904 rows=135086 loops=1)
                                      ->  Index Scan using title_pkey on title t  (cost=0.43..0.49 rows=1 width=25) (actual time=0.003..0.003 rows=0 loops=6396)
                                            Index Cond: (id = mk.movie_id)
                                            Filter: (production_year > 2000)
                                            Rows Removed by Filter: 1
                          ->  Hash  (cost=18.88..18.88 rows=2 width=4) (actual time=0.008..0.008 rows=2 loops=1)
                                Buckets: 1024  Batches: 1  Memory Usage: 9kB
                                ->  Seq Scan on comp_cast_type cct2  (cost=0.00..18.88 rows=2 width=4) (actual time=0.005..0.006 rows=2 loops=1)
                                      Filter: ((kind)::text ~~ '%complete%'::text)
                                      Rows Removed by Filter: 2
                    ->  Index Scan using movie_id_cast_info on cast_info ci  (cost=0.56..1.52 rows=37 width=12) (actual time=0.006..0.142 rows=150 loops=1267)
                          Index Cond: (movie_id = mk.movie_id)
              ->  Index Scan using char_name_pkey on char_name chn  (cost=0.43..0.46 rows=1 width=4) (actual time=0.001..0.001 rows=0 loops=189844)
                    Index Cond: (id = ci.person_role_id)
                    Filter: ((name IS NOT NULL) AND ((name ~~ '%man%'::text) OR (name ~~ '%Man%'::text)))
                    Rows Removed by Filter: 0
        ->  Index Scan using name_pkey on name n  (cost=0.43..0.46 rows=1 width=19) (actual time=0.004..0.004 rows=1 loops=5406)
              Index Cond: (id = ci.person_id)
Planning time: 7.863 ms
Execution time: 612.876 ms
