Aggregate  (cost=3843.60..3843.61 rows=1 width=64) (actual time=58825.513..58825.513 rows=1 loops=1)
  ->  Nested Loop  (cost=2.71..3843.60 rows=1 width=32) (actual time=78.834..58821.911 rows=5406 loops=1)
        ->  Nested Loop  (cost=2.28..3843.14 rows=1 width=21) (actual time=78.823..58792.340 rows=5406 loops=1)
              ->  Nested Loop  (cost=1.86..3842.68 rows=1 width=25) (actual time=65.354..56529.045 rows=1146265 loops=1)
                    ->  Nested Loop  (cost=1.43..3842.23 rows=1 width=29) (actual time=0.069..21494.162 rows=41145539 loops=1)
                          Join Filter: (t.id = ci.movie_id)
                          ->  Nested Loop  (cost=0.86..3840.24 rows=1 width=33) (actual time=0.058..439.027 rows=294672 loops=1)
                                ->  Nested Loop  (cost=0.43..3838.43 rows=1 width=25) (actual time=0.048..310.944 rows=4696 loops=1)
                                      Join Filter: (t.kind_id = kt.id)
                                      Rows Removed by Join Filter: 18861
                                      ->  Nested Loop  (cost=0.43..3815.67 rows=1 width=29) (actual time=0.045..275.454 rows=23557 loops=1)
                                            ->  Nested Loop  (cost=0.00..3813.89 rows=1 width=4) (actual time=0.016..52.789 rows=85941 loops=1)
                                                  Join Filter: (cc.status_id = cct2.id)
                                                  Rows Removed by Join Filter: 17879
                                                  ->  Nested Loop  (cost=0.00..3789.31 rows=190 width=8) (actual time=0.012..30.400 rows=85941 loops=1)
                                                        Join Filter: (cc.subject_id = cct1.id)
                                                        Rows Removed by Join Filter: 49145
                                                        ->  Seq Scan on comp_cast_type cct1  (cost=0.00..18.88 rows=1 width=4) (actual time=0.006..0.007 rows=1 loops=1)
                                                              Filter: ((kind)::text = 'cast'::text)
                                                              Rows Removed by Filter: 3
                                                        ->  Seq Scan on complete_cast cc  (cost=0.00..2081.86 rows=135086 width=12) (actual time=0.005..12.098 rows=135086 loops=1)
                                                  ->  Materialize  (cost=0.00..18.89 rows=2 width=4) (actual time=0.000..0.000 rows=1 loops=85941)
                                                        ->  Seq Scan on comp_cast_type cct2  (cost=0.00..18.88 rows=2 width=4) (actual time=0.002..0.002 rows=2 loops=1)
                                                              Filter: ((kind)::text ~~ '%complete%'::text)
                                                              Rows Removed by Filter: 2
                                            ->  Index Scan using title_pkey on title t  (cost=0.43..1.78 rows=1 width=25) (actual time=0.002..0.002 rows=0 loops=85941)
                                                  Index Cond: (id = cc.movie_id)
                                                  Filter: (production_year > 2000)
                                                  Rows Removed by Filter: 1
                                      ->  Seq Scan on kind_type kt  (cost=0.00..22.75 rows=1 width=4) (actual time=0.000..0.001 rows=1 loops=23557)
                                            Filter: ((kind)::text = 'movie'::text)
                                            Rows Removed by Filter: 5
                                ->  Index Scan using movie_id_movie_keyword on movie_keyword mk  (cost=0.43..1.34 rows=46 width=8) (actual time=0.005..0.018 rows=63 loops=4696)
                                      Index Cond: (movie_id = t.id)
                          ->  Index Scan using movie_id_cast_info on cast_info ci  (cost=0.56..1.52 rows=37 width=12) (actual time=0.003..0.052 rows=140 loops=294672)
                                Index Cond: (movie_id = mk.movie_id)
                    ->  Index Scan using char_name_pkey on char_name chn  (cost=0.43..0.46 rows=1 width=4) (actual time=0.001..0.001 rows=0 loops=41145539)
                          Index Cond: (id = ci.person_role_id)
                          Filter: ((name IS NOT NULL) AND ((name ~~ '%man%'::text) OR (name ~~ '%Man%'::text)))
                          Rows Removed by Filter: 0
              ->  Index Scan using keyword_pkey on keyword k  (cost=0.42..0.45 rows=1 width=4) (actual time=0.002..0.002 rows=0 loops=1146265)
                    Index Cond: (id = mk.keyword_id)
                    Filter: (keyword = ANY ('{superhero,marvel-comics,based-on-comic,tv-special,fight,violence,magnet,web,claw,laser}'::text[]))
                    Rows Removed by Filter: 1
        ->  Index Scan using name_pkey on name n  (cost=0.43..0.46 rows=1 width=19) (actual time=0.005..0.005 rows=1 loops=5406)
              Index Cond: (id = ci.person_id)
Planning time: 7.576 ms
Execution time: 58825.598 ms
