Aggregate  (cost=846.51..846.52 rows=1 width=96) (actual time=134.675..134.676 rows=1 loops=1)
  ->  Nested Loop  (cost=41.39..846.50 rows=1 width=118) (actual time=2.519..134.261 rows=1410 loops=1)
        ->  Nested Loop  (cost=40.97..846.04 rows=1 width=122) (actual time=2.502..99.703 rows=23862 loops=1)
              Join Filter: (ml.movie_id = mi.movie_id)
              ->  Nested Loop  (cost=40.53..844.28 rows=1 width=138) (actual time=1.133..22.266 rows=6863 loops=1)
                    Join Filter: (ml.movie_id = mk.movie_id)
                    ->  Nested Loop  (cost=40.10..842.36 rows=1 width=130) (actual time=1.126..19.113 rows=698 loops=1)
                          Join Filter: (ml.movie_id = t.id)
                          ->  Nested Loop  (cost=39.67..841.75 rows=1 width=109) (actual time=0.286..16.912 rows=1152 loops=1)
                                ->  Nested Loop  (cost=39.25..841.29 rows=1 width=94) (actual time=0.075..8.567 rows=4393 loops=1)
                                      Join Filter: (mc.company_type_id = ct.id)
                                      Rows Removed by Join Filter: 676
                                      ->  Seq Scan on company_type ct  (cost=0.00..18.88 rows=1 width=4) (actual time=0.004..0.006 rows=1 loops=1)
                                            Filter: ((kind)::text = 'production companies'::text)
                                            Rows Removed by Filter: 3
                                      ->  Nested Loop  (cost=39.25..819.79 rows=210 width=98) (actual time=0.070..7.917 rows=5069 loops=1)
                                            ->  Nested Loop  (cost=38.82..487.93 rows=84 width=86) (actual time=0.064..0.956 rows=2315 loops=1)
                                                  ->  Seq Scan on link_type lt  (cost=0.00..18.88 rows=2 width=86) (actual time=0.003..0.008 rows=2 loops=1)
                                                        Filter: ((link)::text ~~ '%follow%'::text)
                                                        Rows Removed by Filter: 16
                                                  ->  Bitmap Heap Scan on movie_link ml  (cost=38.82..215.78 rows=1875 width=8) (actual time=0.058..0.333 rows=1158 loops=2)
                                                        Recheck Cond: (link_type_id = lt.id)
                                                        Heap Blocks: exact=191
                                                        ->  Bitmap Index Scan on link_type_id_movie_link  (cost=0.00..38.35 rows=1875 width=0) (actual time=0.045..0.045 rows=1158 loops=2)
                                                              Index Cond: (link_type_id = lt.id)
                                            ->  Index Scan using movie_id_movie_companies on movie_companies mc  (cost=0.43..3.92 rows=3 width=12) (actual time=0.002..0.003 rows=2 loops=2315)
                                                  Index Cond: (movie_id = ml.movie_id)
                                                  Filter: (note IS NULL)
                                                  Rows Removed by Filter: 2
                                ->  Index Scan using company_name_pkey on company_name cn  (cost=0.42..0.46 rows=1 width=23) (actual time=0.002..0.002 rows=0 loops=4393)
                                      Index Cond: (id = mc.company_id)
                                      Filter: (((country_code)::text <> '[pl]'::text) AND ((name ~~ '%Film%'::text) OR (name ~~ '%Warner%'::text)))
                                      Rows Removed by Filter: 1
                          ->  Index Scan using title_pkey on title t  (cost=0.43..0.59 rows=1 width=21) (actual time=0.002..0.002 rows=1 loops=1152)
                                Index Cond: (id = mc.movie_id)
                                Filter: ((production_year >= 1950) AND (production_year <= 2000))
                                Rows Removed by Filter: 0
                    ->  Index Scan using movie_id_movie_keyword on movie_keyword mk  (cost=0.43..1.35 rows=46 width=8) (actual time=0.002..0.003 rows=10 loops=698)
                          Index Cond: (movie_id = mc.movie_id)
              ->  Index Scan using movie_id_movie_info on movie_info mi  (cost=0.43..1.74 rows=1 width=4) (actual time=0.009..0.011 rows=3 loops=6863)
                    Index Cond: (movie_id = mk.movie_id)
                    Filter: (info = ANY ('{Sweden,Norway,Germany,Denmark,Swedish,Denish,Norwegian,German}'::text[]))
                    Rows Removed by Filter: 25
        ->  Index Scan using keyword_pkey on keyword k  (cost=0.42..0.44 rows=1 width=4) (actual time=0.001..0.001 rows=0 loops=23862)
              Index Cond: (id = mk.keyword_id)
              Filter: (keyword = 'sequel'::text)
              Rows Removed by Filter: 1
Planning time: 7.590 ms
Execution time: 134.748 ms
