Aggregate  (cost=4558.22..4558.23 rows=1 width=96) (actual time=26.576..26.576 rows=1 loops=1)
  ->  Nested Loop  (cost=3940.69..4558.21 rows=1 width=118) (actual time=22.263..26.555 rows=38 loops=1)
        Join Filter: (ml.movie_id = mi.movie_id)
        ->  Nested Loop  (cost=3940.26..4556.77 rows=1 width=134) (actual time=22.233..25.612 rows=92 loops=1)
              ->  Nested Loop  (cost=3940.11..4556.58 rows=1 width=138) (actual time=22.228..25.506 rows=92 loops=1)
                    ->  Nested Loop  (cost=3939.69..4556.12 rows=1 width=123) (actual time=21.632..24.879 rows=317 loops=1)
                          Join Filter: (ml.movie_id = t.id)
                          ->  Nested Loop  (cost=3939.26..4554.61 rows=3 width=102) (actual time=21.623..23.344 rows=1021 loops=1)
                                Join Filter: (ml.movie_id = mc.movie_id)
                                ->  Hash Join  (cost=3938.83..4439.60 rows=199 width=90) (actual time=21.607..22.569 rows=199 loops=1)
                                      Hash Cond: (ml.movie_id = mk.movie_id)
                                      ->  Nested Loop  (cost=38.82..487.93 rows=2315 width=86) (actual time=0.067..0.818 rows=2315 loops=1)
                                            ->  Seq Scan on link_type lt  (cost=0.00..18.88 rows=2 width=86) (actual time=0.006..0.009 rows=2 loops=1)
                                                  Filter: ((link)::text ~~ '%follow%'::text)
                                                  Rows Removed by Filter: 16
                                            ->  Bitmap Heap Scan on movie_link ml  (cost=38.82..215.78 rows=1875 width=8) (actual time=0.063..0.281 rows=1158 loops=2)
                                                  Recheck Cond: (link_type_id = lt.id)
                                                  Heap Blocks: exact=191
                                                  ->  Bitmap Index Scan on link_type_id_movie_link  (cost=0.00..38.35 rows=1875 width=0) (actual time=0.050..0.050 rows=1158 loops=2)
                                                        Index Cond: (link_type_id = lt.id)
                                      ->  Hash  (cost=3768.21..3768.21 rows=10544 width=4) (actual time=21.516..21.516 rows=10544 loops=1)
                                            Buckets: 16384  Batches: 1  Memory Usage: 499kB
                                            ->  Nested Loop  (cost=6.83..3768.21 rows=10544 width=4) (actual time=2.112..20.225 rows=10544 loops=1)
                                                  ->  Seq Scan on keyword k  (cost=0.00..2626.12 rows=1 width=4) (actual time=0.580..10.279 rows=1 loops=1)
                                                        Filter: (keyword = 'sequel'::text)
                                                        Rows Removed by Filter: 134169
                                                  ->  Bitmap Heap Scan on movie_keyword mk  (cost=6.83..1138.99 rows=309 width=8) (actual time=1.530..8.754 rows=10544 loops=1)
                                                        Recheck Cond: (keyword_id = k.id)
                                                        Heap Blocks: exact=5570
                                                        ->  Bitmap Index Scan on keyword_id_movie_keyword  (cost=0.00..6.75 rows=309 width=0) (actual time=0.821..0.821 rows=10544 loops=1)
                                                              Index Cond: (keyword_id = k.id)
                                ->  Index Scan using movie_id_movie_companies on movie_companies mc  (cost=0.43..0.54 rows=3 width=12) (actual time=0.002..0.003 rows=5 loops=199)
                                      Index Cond: (movie_id = mk.movie_id)
                                      Filter: (note IS NULL)
                                      Rows Removed by Filter: 2
                          ->  Index Scan using title_pkey on title t  (cost=0.43..0.49 rows=1 width=21) (actual time=0.001..0.001 rows=0 loops=1021)
                                Index Cond: (id = mk.movie_id)
                                Filter: ((production_year >= 2000) AND (production_year <= 2010))
                                Rows Removed by Filter: 1
                    ->  Index Scan using company_name_pkey on company_name cn  (cost=0.42..0.46 rows=1 width=23) (actual time=0.002..0.002 rows=0 loops=317)
                          Index Cond: (id = mc.company_id)
                          Filter: (((country_code)::text <> '[pl]'::text) AND ((name ~~ '%Film%'::text) OR (name ~~ '%Warner%'::text)))
                          Rows Removed by Filter: 1
              ->  Index Scan using company_type_pkey on company_type ct  (cost=0.15..0.17 rows=1 width=4) (actual time=0.001..0.001 rows=1 loops=92)
                    Index Cond: (id = mc.company_type_id)
                    Filter: ((kind)::text = 'production companies'::text)
        ->  Index Scan using movie_id_movie_info on movie_info mi  (cost=0.43..1.43 rows=1 width=4) (actual time=0.009..0.010 rows=0 loops=92)
              Index Cond: (movie_id = mk.movie_id)
              Filter: (info = ANY ('{Germany,German}'::text[]))
              Rows Removed by Filter: 32
Planning time: 7.704 ms
Execution time: 26.666 ms
