Aggregate  (cost=4442.95..4442.96 rows=1 width=96) (actual time=25.873..25.873 rows=1 loops=1)
  ->  Nested Loop  (cost=3940.69..4442.94 rows=1 width=118) (actual time=22.998..25.850 rows=38 loops=1)
        ->  Nested Loop  (cost=3940.27..4442.48 rows=1 width=103) (actual time=22.974..25.571 rows=133 loops=1)
              ->  Nested Loop  (cost=3940.12..4442.12 rows=2 width=107) (actual time=22.968..25.435 rows=133 loops=1)
                    Join Filter: (ml.movie_id = mc.movie_id)
                    ->  Nested Loop  (cost=3939.69..4441.55 rows=1 width=115) (actual time=22.956..25.319 rows=19 loops=1)
                          Join Filter: (ml.movie_id = t.id)
                          ->  Nested Loop  (cost=3939.26..4441.04 rows=1 width=94) (actual time=22.540..25.081 rows=118 loops=1)
                                Join Filter: (ml.movie_id = mi.movie_id)
                                ->  Hash Join  (cost=3938.83..4439.60 rows=1 width=90) (actual time=22.304..23.339 rows=199 loops=1)
                                      Hash Cond: (ml.movie_id = mk.movie_id)
                                      ->  Nested Loop  (cost=38.82..487.93 rows=2315 width=86) (actual time=0.073..0.841 rows=2315 loops=1)
                                            ->  Seq Scan on link_type lt  (cost=0.00..18.88 rows=2 width=86) (actual time=0.007..0.011 rows=2 loops=1)
                                                  Filter: ((link)::text ~~ '%follow%'::text)
                                                  Rows Removed by Filter: 16
                                            ->  Bitmap Heap Scan on movie_link ml  (cost=38.82..215.78 rows=1875 width=8) (actual time=0.062..0.288 rows=1158 loops=2)
                                                  Recheck Cond: (link_type_id = lt.id)
                                                  Heap Blocks: exact=191
                                                  ->  Bitmap Index Scan on link_type_id_movie_link  (cost=0.00..38.35 rows=1875 width=0) (actual time=0.048..0.048 rows=1158 loops=2)
                                                        Index Cond: (link_type_id = lt.id)
                                      ->  Hash  (cost=3768.21..3768.21 rows=10544 width=4) (actual time=22.200..22.200 rows=10544 loops=1)
                                            Buckets: 16384  Batches: 1  Memory Usage: 499kB
                                            ->  Nested Loop  (cost=6.83..3768.21 rows=10544 width=4) (actual time=2.150..20.762 rows=10544 loops=1)
                                                  ->  Seq Scan on keyword k  (cost=0.00..2626.12 rows=1 width=4) (actual time=0.609..10.457 rows=1 loops=1)
                                                        Filter: (keyword = 'sequel'::text)
                                                        Rows Removed by Filter: 134169
                                                  ->  Bitmap Heap Scan on movie_keyword mk  (cost=6.83..1138.99 rows=309 width=8) (actual time=1.539..9.121 rows=10544 loops=1)
                                                        Recheck Cond: (keyword_id = k.id)
                                                        Heap Blocks: exact=5570
                                                        ->  Bitmap Index Scan on keyword_id_movie_keyword  (cost=0.00..6.75 rows=309 width=0) (actual time=0.847..0.847 rows=10544 loops=1)
                                                              Index Cond: (keyword_id = k.id)
                                ->  Index Scan using movie_id_movie_info on movie_info mi  (cost=0.43..1.43 rows=1 width=4) (actual time=0.008..0.008 rows=1 loops=199)
                                      Index Cond: (movie_id = mk.movie_id)
                                      Filter: (info = ANY ('{Germany,German}'::text[]))
                                      Rows Removed by Filter: 20
                          ->  Index Scan using title_pkey on title t  (cost=0.43..0.49 rows=1 width=21) (actual time=0.002..0.002 rows=0 loops=118)
                                Index Cond: (id = mk.movie_id)
                                Filter: ((production_year >= 2000) AND (production_year <= 2010))
                                Rows Removed by Filter: 1
                    ->  Index Scan using movie_id_movie_companies on movie_companies mc  (cost=0.43..0.54 rows=3 width=12) (actual time=0.003..0.005 rows=7 loops=19)
                          Index Cond: (movie_id = mk.movie_id)
                          Filter: (note IS NULL)
                          Rows Removed by Filter: 6
              ->  Index Scan using company_type_pkey on company_type ct  (cost=0.15..0.17 rows=1 width=4) (actual time=0.001..0.001 rows=1 loops=133)
                    Index Cond: (id = mc.company_type_id)
                    Filter: ((kind)::text = 'production companies'::text)
        ->  Index Scan using company_name_pkey on company_name cn  (cost=0.42..0.46 rows=1 width=23) (actual time=0.002..0.002 rows=0 loops=133)
              Index Cond: (id = mc.company_id)
              Filter: (((country_code)::text <> '[pl]'::text) AND ((name ~~ '%Film%'::text) OR (name ~~ '%Warner%'::text)))
              Rows Removed by Filter: 1
Planning time: 7.722 ms
Execution time: 25.972 ms
