Aggregate  (cost=452.05..452.06 rows=1 width=96) (actual time=32.837..32.837 rows=1 loops=1)
  ->  Nested Loop  (cost=41.54..452.04 rows=1 width=118) (actual time=7.121..32.811 rows=38 loops=1)
        ->  Nested Loop  (cost=41.12..451.58 rows=1 width=122) (actual time=0.384..30.961 rows=1215 loops=1)
              Join Filter: (ml.movie_id = mk.movie_id)
              ->  Nested Loop  (cost=40.68..449.65 rows=1 width=134) (actual time=0.376..29.986 rows=442 loops=1)
                    Join Filter: (ml.movie_id = t.id)
                    ->  Nested Loop  (cost=40.25..449.04 rows=1 width=113) (actual time=0.369..28.199 rows=1072 loops=1)
                          Join Filter: (ml.movie_id = mi.movie_id)
                          ->  Nested Loop  (cost=39.82..447.13 rows=1 width=109) (actual time=0.349..20.116 rows=1152 loops=1)
                                ->  Nested Loop  (cost=39.40..446.68 rows=1 width=94) (actual time=0.083..11.952 rows=4393 loops=1)
                                      ->  Nested Loop  (cost=39.25..428.81 rows=105 width=98) (actual time=0.079..7.625 rows=5069 loops=1)
                                            ->  Nested Loop  (cost=38.82..262.88 rows=42 width=86) (actual time=0.070..0.947 rows=2315 loops=1)
                                                  ->  Seq Scan on link_type lt  (cost=0.00..18.88 rows=1 width=86) (actual time=0.007..0.012 rows=2 loops=1)
                                                        Filter: ((link)::text ~~ '%follow%'::text)
                                                        Rows Removed by Filter: 16
                                                  ->  Bitmap Heap Scan on movie_link ml  (cost=38.82..225.26 rows=1875 width=8) (actual time=0.057..0.332 rows=1158 loops=2)
                                                        Recheck Cond: (link_type_id = lt.id)
                                                        Heap Blocks: exact=191
                                                        ->  Bitmap Index Scan on link_type_id_movie_link  (cost=0.00..38.35 rows=1875 width=0) (actual time=0.044..0.044 rows=1158 loops=2)
                                                              Index Cond: (link_type_id = lt.id)
                                            ->  Index Scan using movie_id_movie_companies on movie_companies mc  (cost=0.43..3.92 rows=3 width=12) (actual time=0.002..0.002 rows=2 loops=2315)
                                                  Index Cond: (movie_id = ml.movie_id)
                                                  Filter: (note IS NULL)
                                                  Rows Removed by Filter: 2
                                      ->  Index Scan using company_type_pkey on company_type ct  (cost=0.15..0.17 rows=1 width=4) (actual time=0.001..0.001 rows=1 loops=5069)
                                            Index Cond: (id = mc.company_type_id)
                                            Filter: ((kind)::text = 'production companies'::text)
                                            Rows Removed by Filter: 0
                                ->  Index Scan using company_name_pkey on company_name cn  (cost=0.42..0.46 rows=1 width=23) (actual time=0.002..0.002 rows=0 loops=4393)
                                      Index Cond: (id = mc.company_id)
                                      Filter: (((country_code)::text <> '[pl]'::text) AND ((name ~~ '%Film%'::text) OR (name ~~ '%Warner%'::text)))
                                      Rows Removed by Filter: 1
                          ->  Index Scan using movie_id_movie_info on movie_info mi  (cost=0.43..1.89 rows=1 width=4) (actual time=0.006..0.007 rows=1 loops=1152)
                                Index Cond: (movie_id = mc.movie_id)
                                Filter: (info = ANY ('{Germany,German}'::text[]))
                                Rows Removed by Filter: 16
                    ->  Index Scan using title_pkey on title t  (cost=0.43..0.59 rows=1 width=21) (actual time=0.001..0.001 rows=0 loops=1072)
                          Index Cond: (id = mc.movie_id)
                          Filter: ((production_year >= 2000) AND (production_year <= 2010))
                          Rows Removed by Filter: 1
              ->  Index Scan using movie_id_movie_keyword on movie_keyword mk  (cost=0.43..1.35 rows=46 width=8) (actual time=0.001..0.002 rows=3 loops=442)
                    Index Cond: (movie_id = mc.movie_id)
        ->  Index Scan using keyword_pkey on keyword k  (cost=0.42..0.44 rows=1 width=4) (actual time=0.001..0.001 rows=0 loops=1215)
              Index Cond: (id = mk.keyword_id)
              Filter: (keyword = 'sequel'::text)
              Rows Removed by Filter: 1
Planning time: 7.722 ms
Execution time: 32.927 ms
