Aggregate  (cost=26763.76..26763.77 rows=1 width=96) (actual time=176.771..176.771 rows=1 loops=1)
  ->  Nested Loop  (cost=8.97..26763.75 rows=1 width=41) (actual time=6.262..176.743 rows=31 loops=1)
        Join Filter: (mi_idx.info_type_id = it2.id)
        Rows Removed by Join Filter: 61
        ->  Nested Loop  (cost=8.97..26761.33 rows=1 width=45) (actual time=6.232..175.988 rows=92 loops=1)
              Join Filter: (t.id = mi_idx.movie_id)
              ->  Nested Loop  (cost=8.54..26760.79 rows=1 width=52) (actual time=6.222..175.786 rows=34 loops=1)
                    Join Filter: (mi.info_type_id = it1.id)
                    Rows Removed by Join Filter: 3
                    ->  Seq Scan on info_type it1  (cost=0.00..2.41 rows=1 width=4) (actual time=0.007..0.014 rows=1 loops=1)
                          Filter: ((info)::text = 'countries'::text)
                          Rows Removed by Filter: 112
                    ->  Nested Loop  (cost=8.54..26757.79 rows=47 width=56) (actual time=6.213..175.759 rows=37 loops=1)
                          Join Filter: (t.id = mi.movie_id)
                          ->  Nested Loop  (cost=8.11..26756.23 rows=1 width=48) (actual time=6.177..174.024 rows=62 loops=1)
                                Join Filter: (mc.company_type_id = ct.id)
                                ->  Nested Loop  (cost=8.11..26735.40 rows=62 width=52) (actual time=6.172..173.995 rows=62 loops=1)
                                      ->  Nested Loop  (cost=7.69..26688.79 rows=95 width=37) (actual time=6.166..173.610 rows=95 loops=1)
                                            Join Filter: (t.id = mc.movie_id)
                                            ->  Nested Loop  (cost=7.26..24656.16 rows=3517 width=25) (actual time=2.925..151.433 rows=3517 loops=1)
                                                  Join Filter: (t.kind_id = kt.id)
                                                  Rows Removed by Join Filter: 1618
                                                  ->  Nested Loop  (cost=7.26..24512.25 rows=4040 width=29) (actual time=2.907..150.237 rows=4040 loops=1)
                                                        ->  Nested Loop  (cost=6.83..6345.83 rows=37091 width=4) (actual time=2.887..58.195 rows=37091 loops=1)
                                                              ->  Seq Scan on keyword k  (cost=0.00..2961.55 rows=3 width=4) (actual time=0.832..17.313 rows=3 loops=1)
                                                                    Filter: (keyword = ANY ('{murder,murder-in-title,blood,violence}'::text[]))
                                                                    Rows Removed by Filter: 134167
                                                              ->  Bitmap Heap Scan on movie_keyword mk  (cost=6.83..1125.00 rows=309 width=8) (actual time=2.200..12.376 rows=12364 loops=3)
                                                                    Recheck Cond: (keyword_id = k.id)
                                                                    Heap Blocks: exact=26312
                                                                    ->  Bitmap Index Scan on keyword_id_movie_keyword  (cost=0.00..6.75 rows=309 width=0) (actual time=1.121..1.121 rows=12364 loops=3)
                                                                          Index Cond: (keyword_id = k.id)
                                                        ->  Index Scan using title_pkey on title t  (cost=0.43..0.49 rows=1 width=25) (actual time=0.002..0.002 rows=0 loops=37091)
                                                              Index Cond: (id = mk.movie_id)
                                                              Filter: (production_year > 2009)
                                                              Rows Removed by Filter: 1
                                                  ->  Materialize  (cost=0.00..22.76 rows=2 width=4) (actual time=0.000..0.000 rows=1 loops=4040)
                                                        ->  Seq Scan on kind_type kt  (cost=0.00..22.75 rows=2 width=4) (actual time=0.015..0.016 rows=2 loops=1)
                                                              Filter: ((kind)::text = ANY ('{movie,episode}'::text[]))
                                                              Rows Removed by Filter: 5
                                            ->  Index Scan using movie_id_movie_companies on movie_companies mc  (cost=0.43..0.57 rows=1 width=12) (actual time=0.006..0.006 rows=0 loops=3517)
                                                  Index Cond: (movie_id = mk.movie_id)
                                                  Filter: ((note !~~ '%(USA)%'::text) AND (note ~~ '%(200%)%'::text))
                                                  Rows Removed by Filter: 8
                                      ->  Index Scan using company_name_pkey on company_name cn  (cost=0.42..0.49 rows=1 width=23) (actual time=0.004..0.004 rows=1 loops=95)
                                            Index Cond: (id = mc.company_id)
                                            Filter: ((country_code)::text <> '[us]'::text)
                                            Rows Removed by Filter: 0
                                ->  Materialize  (cost=0.00..17.12 rows=4 width=4) (actual time=0.000..0.000 rows=1 loops=62)
                                      ->  Seq Scan on company_type ct  (cost=0.00..17.10 rows=4 width=4) (actual time=0.004..0.004 rows=1 loops=1)
                          ->  Index Scan using movie_id_movie_info on movie_info mi  (cost=0.43..1.54 rows=2 width=8) (actual time=0.026..0.028 rows=1 loops=62)
                                Index Cond: (movie_id = mk.movie_id)
                                Filter: (info = ANY ('{Germany,German,USA,American}'::text[]))
                                Rows Removed by Filter: 48
              ->  Index Scan using movie_id_movie_info_idx on movie_info_idx mi_idx  (cost=0.43..0.50 rows=3 width=13) (actual time=0.004..0.005 rows=3 loops=34)
                    Index Cond: (movie_id = mk.movie_id)
                    Filter: (info < '7.0'::text)
                    Rows Removed by Filter: 0
        ->  Seq Scan on info_type it2  (cost=0.00..2.41 rows=1 width=4) (actual time=0.007..0.007 rows=1 loops=92)
              Filter: ((info)::text = 'rating'::text)
              Rows Removed by Filter: 108
Planning time: 20.221 ms
Execution time: 176.874 ms
