Aggregate  (cost=7577.29..7577.30 rows=1 width=96) (actual time=2269.370..2269.370 rows=1 loops=1)
  ->  Nested Loop  (cost=8.97..7577.28 rows=1 width=41) (actual time=3.674..2262.265 rows=21489 loops=1)
        Join Filter: (mi_idx.info_type_id = it2.id)
        Rows Removed by Join Filter: 43139
        ->  Nested Loop  (cost=8.97..7574.86 rows=1 width=45) (actual time=3.359..1793.320 rows=64628 loops=1)
              Join Filter: (t.id = mi_idx.movie_id)
              ->  Nested Loop  (cost=8.54..7574.32 rows=1 width=52) (actual time=3.349..1729.096 rows=21827 loops=1)
                    Join Filter: (mi.info_type_id = it1.id)
                    Rows Removed by Join Filter: 3193
                    ->  Nested Loop  (cost=8.54..7571.90 rows=1 width=56) (actual time=3.343..1649.881 rows=25020 loops=1)
                          Join Filter: (t.id = mi.movie_id)
                          ->  Nested Loop  (cost=8.11..7570.03 rows=1 width=48) (actual time=3.311..314.594 rows=23902 loops=1)
                                Join Filter: (mc.company_type_id = ct.id)
                                ->  Nested Loop  (cost=8.11..7544.05 rows=1 width=52) (actual time=3.307..293.039 rows=23902 loops=1)
                                      ->  Nested Loop  (cost=7.69..7543.51 rows=1 width=37) (actual time=3.300..226.538 rows=25853 loops=1)
                                            Join Filter: (t.id = mc.movie_id)
                                            ->  Nested Loop  (cost=7.26..7542.93 rows=1 width=25) (actual time=2.967..166.569 rows=8073 loops=1)
                                                  Join Filter: (t.kind_id = kt.id)
                                                  Rows Removed by Join Filter: 4332
                                                  ->  Nested Loop  (cost=7.26..7512.06 rows=54 width=29) (actual time=2.944..163.628 rows=9739 loops=1)
                                                        ->  Nested Loop  (cost=6.83..7445.94 rows=135 width=4) (actual time=2.934..63.464 rows=37091 loops=1)
                                                              ->  Seq Scan on keyword k  (cost=0.00..2961.55 rows=4 width=4) (actual time=0.863..17.901 rows=3 loops=1)
                                                                    Filter: (keyword = ANY ('{murder,murder-in-title,blood,violence}'::text[]))
                                                                    Rows Removed by Filter: 134167
                                                              ->  Bitmap Heap Scan on movie_keyword mk  (cost=6.83..1118.01 rows=309 width=8) (actual time=2.242..13.932 rows=12364 loops=3)
                                                                    Recheck Cond: (keyword_id = k.id)
                                                                    Heap Blocks: exact=26312
                                                                    ->  Bitmap Index Scan on keyword_id_movie_keyword  (cost=0.00..6.75 rows=309 width=0) (actual time=1.133..1.133 rows=12364 loops=3)
                                                                          Index Cond: (keyword_id = k.id)
                                                        ->  Index Scan using title_pkey on title t  (cost=0.43..0.49 rows=1 width=25) (actual time=0.003..0.003 rows=0 loops=37091)
                                                              Index Cond: (id = mk.movie_id)
                                                              Filter: (production_year > 2005)
                                                              Rows Removed by Filter: 1
                                                  ->  Materialize  (cost=0.00..22.80 rows=10 width=4) (actual time=0.000..0.000 rows=1 loops=9739)
                                                        ->  Seq Scan on kind_type kt  (cost=0.00..22.75 rows=10 width=4) (actual time=0.004..0.005 rows=2 loops=1)
                                                              Filter: ((kind)::text = ANY ('{movie,episode}'::text[]))
                                                              Rows Removed by Filter: 5
                                            ->  Index Scan using movie_id_movie_companies on movie_companies mc  (cost=0.43..0.57 rows=1 width=12) (actual time=0.005..0.007 rows=3 loops=8073)
                                                  Index Cond: (movie_id = mk.movie_id)
                                                  Filter: ((note !~~ '%(USA)%'::text) AND (note ~~ '%(200%)%'::text))
                                                  Rows Removed by Filter: 7
                                      ->  Index Scan using company_name_pkey on company_name cn  (cost=0.42..0.54 rows=1 width=23) (actual time=0.002..0.002 rows=1 loops=25853)
                                            Index Cond: (id = mc.company_id)
                                            Filter: ((country_code)::text <> '[us]'::text)
                                            Rows Removed by Filter: 0
                                ->  Seq Scan on company_type ct  (cost=0.00..17.10 rows=710 width=4) (actual time=0.000..0.000 rows=1 loops=23902)
                          ->  Index Scan using movie_id_movie_info on movie_info mi  (cost=0.43..1.84 rows=2 width=8) (actual time=0.046..0.056 rows=1 loops=23902)
                                Index Cond: (movie_id = mk.movie_id)
                                Filter: (info = ANY ('{Sweden,Norway,Germany,Denmark,Swedish,Danish,Norwegian,German,USA,American}'::text[]))
                                Rows Removed by Filter: 184
                    ->  Seq Scan on info_type it1  (cost=0.00..2.41 rows=1 width=4) (actual time=0.002..0.003 rows=1 loops=25020)
                          Filter: ((info)::text = 'countries'::text)
                          Rows Removed by Filter: 20
              ->  Index Scan using movie_id_movie_info_idx on movie_info_idx mi_idx  (cost=0.43..0.50 rows=3 width=13) (actual time=0.002..0.002 rows=3 loops=21827)
                    Index Cond: (movie_id = mk.movie_id)
                    Filter: (info < '8.5'::text)
                    Rows Removed by Filter: 0
        ->  Seq Scan on info_type it2  (cost=0.00..2.41 rows=1 width=4) (actual time=0.006..0.007 rows=1 loops=64628)
              Filter: ((info)::text = 'rating'::text)
              Rows Removed by Filter: 108
Planning time: 20.211 ms
Execution time: 2269.466 ms
