Aggregate  (cost=48368.92..48368.93 rows=1 width=64) (actual time=434.562..434.562 rows=1 loops=1)
  ->  Nested Loop  (cost=2.57..48368.92 rows=1 width=65) (actual time=275.671..434.387 rows=618 loops=1)
        ->  Nested Loop  (cost=2.15..48368.48 rows=1 width=69) (actual time=275.662..432.938 rows=618 loops=1)
              ->  Nested Loop  (cost=1.72..48366.67 rows=1 width=81) (actual time=275.651..432.734 rows=6 loops=1)
                    Join Filter: (mi.info_type_id = it1.id)
                    ->  Nested Loop  (cost=1.72..48364.25 rows=1 width=85) (actual time=275.640..432.694 rows=6 loops=1)
                          Join Filter: (t.id = mi.movie_id)
                          ->  Nested Loop  (cost=1.28..48362.47 rows=1 width=77) (actual time=0.107..158.491 rows=5763 loops=1)
                                Join Filter: (mc.company_type_id = ct.id)
                                Rows Removed by Join Filter: 2615
                                ->  Nested Loop  (cost=1.28..48342.00 rows=56 width=81) (actual time=0.102..156.551 rows=5763 loops=1)
                                      ->  Nested Loop  (cost=0.86..48329.51 rows=28 width=85) (actual time=0.054..101.356 rows=23883 loops=1)
                                            ->  Nested Loop  (cost=0.43..47665.67 rows=1033 width=73) (actual time=0.044..88.139 rows=1033 loops=1)
                                                  Join Filter: (t.kind_id = kt.id)
                                                  Rows Removed by Join Filter: 1050
                                                  ->  Seq Scan on kind_type kt  (cost=0.00..22.75 rows=1 width=52) (actual time=0.011..0.012 rows=1 loops=1)
                                                        Filter: ((kind)::text = 'movie'::text)
                                                        Rows Removed by Filter: 6
                                                  ->  Nested Loop  (cost=0.43..47616.89 rows=2083 width=29) (actual time=0.032..87.891 rows=2083 loops=1)
                                                        ->  Nested Loop  (cost=0.00..3789.31 rows=24592 width=4) (actual time=0.010..22.070 rows=24592 loops=1)
                                                              Join Filter: (cc.status_id = cct1.id)
                                                              Rows Removed by Join Filter: 110494
                                                              ->  Seq Scan on comp_cast_type cct1  (cost=0.00..18.88 rows=1 width=4) (actual time=0.003..0.004 rows=1 loops=1)
                                                                    Filter: ((kind)::text = 'complete+verified'::text)
                                                                    Rows Removed by Filter: 3
                                                              ->  Seq Scan on complete_cast cc  (cost=0.00..2081.86 rows=135086 width=8) (actual time=0.006..10.546 rows=135086 loops=1)
                                                        ->  Index Scan using title_pkey on title t  (cost=0.43..1.78 rows=1 width=25) (actual time=0.003..0.003 rows=0 loops=24592)
                                                              Index Cond: (id = cc.movie_id)
                                                              Filter: (production_year > 2000)
                                                              Rows Removed by Filter: 1
                                            ->  Index Scan using movie_id_movie_companies on movie_companies mc  (cost=0.43..0.59 rows=5 width=12) (actual time=0.004..0.009 rows=23 loops=1033)
                                                  Index Cond: (movie_id = t.id)
                                      ->  Index Scan using company_name_pkey on company_name cn  (cost=0.42..0.45 rows=1 width=4) (actual time=0.002..0.002 rows=0 loops=23883)
                                            Index Cond: (id = mc.company_id)
                                            Filter: ((country_code)::text = '[us]'::text)
                                            Rows Removed by Filter: 1
                                ->  Materialize  (cost=0.00..17.12 rows=4 width=4) (actual time=0.000..0.000 rows=1 loops=5763)
                                      ->  Seq Scan on company_type ct  (cost=0.00..17.10 rows=4 width=4) (actual time=0.003..0.003 rows=2 loops=1)
                          ->  Index Scan using movie_id_movie_info on movie_info mi  (cost=0.43..1.77 rows=1 width=8) (actual time=0.047..0.047 rows=0 loops=5763)
                                Index Cond: (movie_id = mc.movie_id)
                                Filter: ((info IS NOT NULL) AND (note ~~ '%internet%'::text) AND ((info ~~ 'USA:% 199%'::text) OR (info ~~ 'USA:% 200%'::text)))
                                Rows Removed by Filter: 245
                    ->  Seq Scan on info_type it1  (cost=0.00..2.41 rows=1 width=4) (actual time=0.004..0.004 rows=1 loops=6)
                          Filter: ((info)::text = 'release dates'::text)
                          Rows Removed by Filter: 15
              ->  Index Scan using movie_id_movie_keyword on movie_keyword mk  (cost=0.43..1.34 rows=46 width=8) (actual time=0.006..0.020 rows=103 loops=6)
                    Index Cond: (movie_id = t.id)
        ->  Index Only Scan using keyword_pkey on keyword k  (cost=0.42..0.44 rows=1 width=4) (actual time=0.002..0.002 rows=1 loops=618)
              Index Cond: (id = mk.keyword_id)
              Heap Fetches: 618
Planning time: 19.369 ms
Execution time: 434.661 ms
