Aggregate  (cost=38655.51..38655.52 rows=1 width=64) (actual time=33779.576..33779.576 rows=1 loops=1)
  ->  Nested Loop  (cost=19.86..38655.51 rows=1 width=65) (actual time=22068.880..33779.386 rows=618 loops=1)
        ->  Nested Loop  (cost=19.44..38655.07 rows=1 width=69) (actual time=22068.869..33777.947 rows=618 loops=1)
              ->  Nested Loop  (cost=19.30..38654.87 rows=1 width=73) (actual time=22068.860..33777.363 rows=618 loops=1)
                    Join Filter: (t.id = mi.movie_id)
                    ->  Nested Loop  (cost=18.86..38653.22 rows=1 width=85) (actual time=0.161..819.760 rows=760449 loops=1)
                          ->  Nested Loop  (cost=18.43..38651.42 rows=1 width=77) (actual time=0.150..609.258 rows=5763 loops=1)
                                ->  Nested Loop  (cost=18.01..38650.97 rows=1 width=81) (actual time=0.082..541.760 rows=23883 loops=1)
                                      Join Filter: (t.kind_id = kt.id)
                                      Rows Removed by Join Filter: 4679
                                      ->  Seq Scan on kind_type kt  (cost=0.00..22.75 rows=1 width=52) (actual time=0.008..0.010 rows=1 loops=1)
                                            Filter: ((kind)::text = 'movie'::text)
                                            Rows Removed by Filter: 6
                                      ->  Nested Loop  (cost=18.01..38623.35 rows=390 width=37) (actual time=0.073..537.927 rows=28562 loops=1)
                                            ->  Hash Join  (cost=17.58..38253.32 rows=713 width=12) (actual time=0.035..193.668 rows=227682 loops=1)
                                                  Hash Cond: (mc.company_type_id = ct.id)
                                                  ->  Nested Loop  (cost=0.43..36639.56 rows=126589 width=16) (actual time=0.023..156.899 rows=227682 loops=1)
                                                        ->  Nested Loop  (cost=0.00..3789.31 rows=24592 width=4) (actual time=0.010..22.071 rows=24592 loops=1)
                                                              Join Filter: (cc.status_id = cct1.id)
                                                              Rows Removed by Join Filter: 110494
                                                              ->  Seq Scan on comp_cast_type cct1  (cost=0.00..18.88 rows=1 width=4) (actual time=0.003..0.004 rows=1 loops=1)
                                                                    Filter: ((kind)::text = 'complete+verified'::text)
                                                                    Rows Removed by Filter: 3
                                                              ->  Seq Scan on complete_cast cc  (cost=0.00..2081.86 rows=135086 width=8) (actual time=0.006..10.410 rows=135086 loops=1)
                                                        ->  Index Scan using movie_id_movie_companies on movie_companies mc  (cost=0.43..1.29 rows=5 width=12) (actual time=0.002..0.004 rows=9 loops=24592)
                                                              Index Cond: (movie_id = cc.movie_id)
                                                  ->  Hash  (cost=17.10..17.10 rows=4 width=4) (actual time=0.006..0.006 rows=4 loops=1)
                                                        Buckets: 1024  Batches: 1  Memory Usage: 9kB
                                                        ->  Seq Scan on company_type ct  (cost=0.00..17.10 rows=4 width=4) (actual time=0.003..0.004 rows=4 loops=1)
                                            ->  Index Scan using title_pkey on title t  (cost=0.43..0.52 rows=1 width=25) (actual time=0.001..0.001 rows=0 loops=227682)
                                                  Index Cond: (id = mc.movie_id)
                                                  Filter: (production_year > 2000)
                                                  Rows Removed by Filter: 1
                                ->  Index Scan using company_name_pkey on company_name cn  (cost=0.42..0.45 rows=1 width=4) (actual time=0.003..0.003 rows=0 loops=23883)
                                      Index Cond: (id = mc.company_id)
                                      Filter: ((country_code)::text = '[us]'::text)
                                      Rows Removed by Filter: 1
                          ->  Index Scan using movie_id_movie_keyword on movie_keyword mk  (cost=0.43..1.34 rows=46 width=8) (actual time=0.003..0.019 rows=132 loops=5763)
                                Index Cond: (movie_id = t.id)
                    ->  Index Scan using movie_id_movie_info on movie_info mi  (cost=0.43..1.64 rows=1 width=8) (actual time=0.043..0.043 rows=0 loops=760449)
                          Index Cond: (movie_id = mk.movie_id)
                          Filter: ((info IS NOT NULL) AND (note ~~ '%internet%'::text) AND ((info ~~ 'USA:% 199%'::text) OR (info ~~ 'USA:% 200%'::text)))
                          Rows Removed by Filter: 275
              ->  Index Scan using info_type_pkey on info_type it1  (cost=0.14..0.17 rows=1 width=4) (actual time=0.001..0.001 rows=1 loops=618)
                    Index Cond: (id = mi.info_type_id)
                    Filter: ((info)::text = 'release dates'::text)
        ->  Index Only Scan using keyword_pkey on keyword k  (cost=0.42..0.44 rows=1 width=4) (actual time=0.002..0.002 rows=1 loops=618)
              Index Cond: (id = mk.keyword_id)
              Heap Fetches: 618
Planning time: 19.263 ms
Execution time: 33779.668 ms
