Aggregate  (cost=40230.38..40230.39 rows=1 width=64) (actual time=860.047..860.047 rows=1 loops=1)
  ->  Nested Loop  (cost=19.86..40230.37 rows=1 width=65) (actual time=493.486..859.871 rows=618 loops=1)
        ->  Nested Loop  (cost=19.44..40229.93 rows=1 width=69) (actual time=493.465..858.438 rows=618 loops=1)
              ->  Nested Loop  (cost=19.01..40228.13 rows=1 width=81) (actual time=493.454..858.229 rows=6 loops=1)
                    ->  Nested Loop  (cost=18.87..40227.93 rows=1 width=85) (actual time=493.447..858.207 rows=6 loops=1)
                          Join Filter: (t.id = mi.movie_id)
                          ->  Nested Loop  (cost=18.43..40226.15 rows=1 width=77) (actual time=0.161..593.949 rows=5763 loops=1)
                                ->  Nested Loop  (cost=18.01..40225.70 rows=1 width=81) (actual time=0.089..537.753 rows=23883 loops=1)
                                      Join Filter: (t.kind_id = kt.id)
                                      Rows Removed by Join Filter: 4679
                                      ->  Seq Scan on kind_type kt  (cost=0.00..22.75 rows=1 width=52) (actual time=0.010..0.012 rows=1 loops=1)
                                            Filter: ((kind)::text = 'movie'::text)
                                            Rows Removed by Filter: 6
                                      ->  Nested Loop  (cost=18.01..40194.19 rows=701 width=37) (actual time=0.078..533.874 rows=28562 loops=1)
                                            ->  Hash Join  (cost=17.58..39528.35 rows=1283 width=12) (actual time=0.038..192.333 rows=227682 loops=1)
                                                  Hash Cond: (mc.company_type_id = ct.id)
                                                  ->  Nested Loop  (cost=0.43..36639.56 rows=227682 width=16) (actual time=0.025..154.974 rows=227682 loops=1)
                                                        ->  Nested Loop  (cost=0.00..3789.31 rows=24592 width=4) (actual time=0.010..22.089 rows=24592 loops=1)
                                                              Join Filter: (cc.status_id = cct1.id)
                                                              Rows Removed by Join Filter: 110494
                                                              ->  Seq Scan on comp_cast_type cct1  (cost=0.00..18.88 rows=1 width=4) (actual time=0.003..0.004 rows=1 loops=1)
                                                                    Filter: ((kind)::text = 'complete+verified'::text)
                                                                    Rows Removed by Filter: 3
                                                              ->  Seq Scan on complete_cast cc  (cost=0.00..2081.86 rows=135086 width=8) (actual time=0.007..10.336 rows=135086 loops=1)
                                                        ->  Index Scan using movie_id_movie_companies on movie_companies mc  (cost=0.43..1.29 rows=5 width=12) (actual time=0.002..0.004 rows=9 loops=24592)
                                                              Index Cond: (movie_id = cc.movie_id)
                                                  ->  Hash  (cost=17.10..17.10 rows=4 width=4) (actual time=0.007..0.007 rows=4 loops=1)
                                                        Buckets: 1024  Batches: 1  Memory Usage: 9kB
                                                        ->  Seq Scan on company_type ct  (cost=0.00..17.10 rows=4 width=4) (actual time=0.003..0.004 rows=4 loops=1)
                                            ->  Index Scan using title_pkey on title t  (cost=0.43..0.52 rows=1 width=25) (actual time=0.001..0.001 rows=0 loops=227682)
                                                  Index Cond: (id = mc.movie_id)
                                                  Filter: (production_year > 2000)
                                                  Rows Removed by Filter: 1
                                ->  Index Scan using company_name_pkey on company_name cn  (cost=0.42..0.45 rows=1 width=4) (actual time=0.002..0.002 rows=0 loops=23883)
                                      Index Cond: (id = mc.company_id)
                                      Filter: ((country_code)::text = '[us]'::text)
                                      Rows Removed by Filter: 1
                          ->  Index Scan using movie_id_movie_info on movie_info mi  (cost=0.43..1.77 rows=1 width=8) (actual time=0.046..0.046 rows=0 loops=5763)
                                Index Cond: (movie_id = mc.movie_id)
                                Filter: ((info IS NOT NULL) AND (note ~~ '%internet%'::text) AND ((info ~~ 'USA:% 199%'::text) OR (info ~~ 'USA:% 200%'::text)))
                                Rows Removed by Filter: 245
                    ->  Index Scan using info_type_pkey on info_type it1  (cost=0.14..0.17 rows=1 width=4) (actual time=0.003..0.003 rows=1 loops=6)
                          Index Cond: (id = mi.info_type_id)
                          Filter: ((info)::text = 'release dates'::text)
              ->  Index Scan using movie_id_movie_keyword on movie_keyword mk  (cost=0.43..1.34 rows=46 width=8) (actual time=0.006..0.020 rows=103 loops=6)
                    Index Cond: (movie_id = t.id)
        ->  Index Only Scan using keyword_pkey on keyword k  (cost=0.42..0.44 rows=1 width=4) (actual time=0.002..0.002 rows=1 loops=618)
              Index Cond: (id = mk.keyword_id)
              Heap Fetches: 618
Planning time: 19.795 ms
Execution time: 860.147 ms
