Aggregate  (cost=48700.70..48700.71 rows=1 width=64) (actual time=1172.621..1172.621 rows=1 loops=1)
  ->  Nested Loop  (cost=19.86..48700.70 rows=1 width=65) (actual time=771.252..1172.431 rows=618 loops=1)
        ->  Nested Loop  (cost=19.44..48700.26 rows=1 width=69) (actual time=771.242..1170.906 rows=618 loops=1)
              ->  Nested Loop  (cost=19.01..48698.45 rows=1 width=81) (actual time=771.219..1170.675 rows=6 loops=1)
                    ->  Nested Loop  (cost=18.87..48698.26 rows=1 width=85) (actual time=771.213..1170.654 rows=6 loops=1)
                          ->  Nested Loop  (cost=18.45..48697.81 rows=1 width=89) (actual time=771.202..1170.612 rows=6 loops=1)
                                Join Filter: (t.id = mi.movie_id)
                                ->  Hash Join  (cost=18.01..48647.88 rows=28 width=81) (actual time=0.050..104.310 rows=23883 loops=1)
                                      Hash Cond: (mc.company_type_id = ct.id)
                                      ->  Nested Loop  (cost=0.86..48329.51 rows=23883 width=85) (actual time=0.040..99.481 rows=23883 loops=1)
                                            ->  Nested Loop  (cost=0.43..47665.67 rows=1033 width=73) (actual time=0.032..86.740 rows=1033 loops=1)
                                                  Join Filter: (t.kind_id = kt.id)
                                                  Rows Removed by Join Filter: 1050
                                                  ->  Seq Scan on kind_type kt  (cost=0.00..22.75 rows=1 width=52) (actual time=0.005..0.007 rows=1 loops=1)
                                                        Filter: ((kind)::text = 'movie'::text)
                                                        Rows Removed by Filter: 6
                                                  ->  Nested Loop  (cost=0.43..47616.89 rows=2083 width=29) (actual time=0.026..86.503 rows=2083 loops=1)
                                                        ->  Nested Loop  (cost=0.00..3789.31 rows=24592 width=4) (actual time=0.008..21.879 rows=24592 loops=1)
                                                              Join Filter: (cc.status_id = cct1.id)
                                                              Rows Removed by Join Filter: 110494
                                                              ->  Seq Scan on comp_cast_type cct1  (cost=0.00..18.88 rows=1 width=4) (actual time=0.002..0.003 rows=1 loops=1)
                                                                    Filter: ((kind)::text = 'complete+verified'::text)
                                                                    Rows Removed by Filter: 3
                                                              ->  Seq Scan on complete_cast cc  (cost=0.00..2081.86 rows=135086 width=8) (actual time=0.006..10.297 rows=135086 loops=1)
                                                        ->  Index Scan using title_pkey on title t  (cost=0.43..1.78 rows=1 width=25) (actual time=0.002..0.002 rows=0 loops=24592)
                                                              Index Cond: (id = cc.movie_id)
                                                              Filter: (production_year > 2000)
                                                              Rows Removed by Filter: 1
                                            ->  Index Scan using movie_id_movie_companies on movie_companies mc  (cost=0.43..0.59 rows=5 width=12) (actual time=0.004..0.009 rows=23 loops=1033)
                                                  Index Cond: (movie_id = t.id)
                                      ->  Hash  (cost=17.10..17.10 rows=4 width=4) (actual time=0.005..0.005 rows=4 loops=1)
                                            Buckets: 1024  Batches: 1  Memory Usage: 9kB
                                            ->  Seq Scan on company_type ct  (cost=0.00..17.10 rows=4 width=4) (actual time=0.002..0.003 rows=4 loops=1)
                                ->  Index Scan using movie_id_movie_info on movie_info mi  (cost=0.43..1.77 rows=1 width=8) (actual time=0.044..0.044 rows=0 loops=23883)
                                      Index Cond: (movie_id = mc.movie_id)
                                      Filter: ((info IS NOT NULL) AND (note ~~ '%internet%'::text) AND ((info ~~ 'USA:% 199%'::text) OR (info ~~ 'USA:% 200%'::text)))
                                      Rows Removed by Filter: 257
                          ->  Index Scan using company_name_pkey on company_name cn  (cost=0.42..0.45 rows=1 width=4) (actual time=0.006..0.006 rows=1 loops=6)
                                Index Cond: (id = mc.company_id)
                                Filter: ((country_code)::text = '[us]'::text)
                    ->  Index Scan using info_type_pkey on info_type it1  (cost=0.14..0.17 rows=1 width=4) (actual time=0.003..0.003 rows=1 loops=6)
                          Index Cond: (id = mi.info_type_id)
                          Filter: ((info)::text = 'release dates'::text)
              ->  Index Scan using movie_id_movie_keyword on movie_keyword mk  (cost=0.43..1.34 rows=46 width=8) (actual time=0.008..0.023 rows=103 loops=6)
                    Index Cond: (movie_id = t.id)
        ->  Index Only Scan using keyword_pkey on keyword k  (cost=0.42..0.44 rows=1 width=4) (actual time=0.002..0.002 rows=1 loops=618)
              Index Cond: (id = mk.keyword_id)
              Heap Fetches: 618
Planning time: 19.029 ms
Execution time: 1172.699 ms
