Aggregate  (cost=49815.92..49815.93 rows=1 width=64) (actual time=155.484..155.484 rows=1 loops=1)
  ->  Nested Loop  (cost=2.57..49815.92 rows=1 width=65) (actual time=90.434..155.297 rows=618 loops=1)
        ->  Nested Loop  (cost=2.15..49815.48 rows=1 width=69) (actual time=90.423..153.706 rows=618 loops=1)
              ->  Nested Loop  (cost=1.71..49813.67 rows=1 width=81) (actual time=90.412..153.492 rows=6 loops=1)
                    Join Filter: (mc.company_type_id = ct.id)
                    Rows Removed by Join Filter: 5
                    ->  Nested Loop  (cost=1.71..49796.52 rows=1 width=85) (actual time=90.403..153.467 rows=6 loops=1)
                          ->  Nested Loop  (cost=1.29..49796.08 rows=1 width=89) (actual time=90.391..153.425 rows=6 loops=1)
                                ->  Nested Loop  (cost=0.86..49792.87 rows=5 width=77) (actual time=90.380..153.386 rows=5 loops=1)
                                      Join Filter: (mi.info_type_id = it1.id)
                                      ->  Seq Scan on info_type it1  (cost=0.00..2.41 rows=1 width=4) (actual time=0.014..0.021 rows=1 loops=1)
                                            Filter: ((info)::text = 'release dates'::text)
                                            Rows Removed by Filter: 112
                                      ->  Nested Loop  (cost=0.86..49790.39 rows=5 width=81) (actual time=90.365..153.361 rows=5 loops=1)
                                            ->  Nested Loop  (cost=0.43..47665.67 rows=1033 width=73) (actual time=0.038..87.515 rows=1033 loops=1)
                                                  Join Filter: (t.kind_id = kt.id)
                                                  Rows Removed by Join Filter: 1050
                                                  ->  Seq Scan on kind_type kt  (cost=0.00..22.75 rows=1 width=52) (actual time=0.003..0.005 rows=1 loops=1)
                                                        Filter: ((kind)::text = 'movie'::text)
                                                        Rows Removed by Filter: 6
                                                  ->  Nested Loop  (cost=0.43..47616.89 rows=2083 width=29) (actual time=0.034..87.278 rows=2083 loops=1)
                                                        ->  Nested Loop  (cost=0.00..3789.31 rows=24592 width=4) (actual time=0.010..22.624 rows=24592 loops=1)
                                                              Join Filter: (cc.status_id = cct1.id)
                                                              Rows Removed by Join Filter: 110494
                                                              ->  Seq Scan on comp_cast_type cct1  (cost=0.00..18.88 rows=1 width=4) (actual time=0.003..0.004 rows=1 loops=1)
                                                                    Filter: ((kind)::text = 'complete+verified'::text)
                                                                    Rows Removed by Filter: 3
                                                              ->  Seq Scan on complete_cast cc  (cost=0.00..2081.86 rows=135086 width=8) (actual time=0.006..10.581 rows=135086 loops=1)
                                                        ->  Index Scan using title_pkey on title t  (cost=0.43..1.78 rows=1 width=25) (actual time=0.002..0.002 rows=0 loops=24592)
                                                              Index Cond: (id = cc.movie_id)
                                                              Filter: (production_year > 2000)
                                                              Rows Removed by Filter: 1
                                            ->  Index Scan using movie_id_movie_info on movie_info mi  (cost=0.43..2.05 rows=1 width=8) (actual time=0.063..0.064 rows=0 loops=1033)
                                                  Index Cond: (movie_id = t.id)
                                                  Filter: ((info IS NOT NULL) AND (note ~~ '%internet%'::text) AND ((info ~~ 'USA:% 199%'::text) OR (info ~~ 'USA:% 200%'::text)))
                                                  Rows Removed by Filter: 211
                                ->  Index Scan using movie_id_movie_companies on movie_companies mc  (cost=0.43..0.59 rows=5 width=12) (actual time=0.006..0.006 rows=1 loops=5)
                                      Index Cond: (movie_id = t.id)
                          ->  Index Scan using company_name_pkey on company_name cn  (cost=0.42..0.45 rows=1 width=4) (actual time=0.006..0.006 rows=1 loops=6)
                                Index Cond: (id = mc.company_id)
                                Filter: ((country_code)::text = '[us]'::text)
                    ->  Seq Scan on company_type ct  (cost=0.00..17.10 rows=4 width=4) (actual time=0.002..0.002 rows=2 loops=6)
              ->  Index Scan using movie_id_movie_keyword on movie_keyword mk  (cost=0.43..1.34 rows=46 width=8) (actual time=0.006..0.022 rows=103 loops=6)
                    Index Cond: (movie_id = t.id)
        ->  Index Only Scan using keyword_pkey on keyword k  (cost=0.42..0.44 rows=1 width=4) (actual time=0.002..0.002 rows=1 loops=618)
              Index Cond: (id = mk.keyword_id)
              Heap Fetches: 618
Planning time: 19.457 ms
Execution time: 155.582 ms
