Aggregate  (cost=4080.51..4080.52 rows=1 width=64) (actual time=32728.697..32728.697 rows=1 loops=1)
  ->  Nested Loop  (cost=20.01..4080.51 rows=1 width=65) (actual time=21808.723..32728.680 rows=16 loops=1)
        ->  Nested Loop  (cost=19.59..4080.06 rows=1 width=69) (actual time=21254.065..32727.179 rows=618 loops=1)
              ->  Nested Loop  (cost=19.45..4079.86 rows=1 width=73) (actual time=21254.058..32726.600 rows=618 loops=1)
                    Join Filter: (t.id = mi.movie_id)
                    ->  Nested Loop  (cost=19.01..4078.31 rows=1 width=85) (actual time=0.135..1100.834 rows=760449 loops=1)
                          ->  Nested Loop  (cost=18.58..4076.51 rows=1 width=77) (actual time=0.125..889.005 rows=5763 loops=1)
                                ->  Nested Loop  (cost=18.43..4076.32 rows=1 width=33) (actual time=0.123..881.977 rows=7306 loops=1)
                                      ->  Nested Loop  (cost=18.00..4075.28 rows=2 width=8) (actual time=0.062..690.960 rows=105289 loops=1)
                                            ->  Hash Join  (cost=17.58..4072.60 rows=6 width=12) (actual time=0.034..204.567 rows=227682 loops=1)
                                                  Hash Cond: (mc.company_type_id = ct.id)
                                                  ->  Nested Loop  (cost=0.43..4043.11 rows=978 width=16) (actual time=0.023..165.746 rows=227682 loops=1)
                                                        ->  Nested Loop  (cost=0.00..3789.31 rows=190 width=4) (actual time=0.013..22.708 rows=24592 loops=1)
                                                              Join Filter: (cc.status_id = cct1.id)
                                                              Rows Removed by Join Filter: 110494
                                                              ->  Seq Scan on comp_cast_type cct1  (cost=0.00..18.88 rows=1 width=4) (actual time=0.006..0.007 rows=1 loops=1)
                                                                    Filter: ((kind)::text = 'complete+verified'::text)
                                                                    Rows Removed by Filter: 3
                                                              ->  Seq Scan on complete_cast cc  (cost=0.00..2081.86 rows=135086 width=8) (actual time=0.005..10.607 rows=135086 loops=1)
                                                        ->  Index Scan using movie_id_movie_companies on movie_companies mc  (cost=0.43..1.29 rows=5 width=12) (actual time=0.002..0.005 rows=9 loops=24592)
                                                              Index Cond: (movie_id = cc.movie_id)
                                                  ->  Hash  (cost=17.10..17.10 rows=4 width=4) (actual time=0.006..0.006 rows=4 loops=1)
                                                        Buckets: 1024  Batches: 1  Memory Usage: 9kB
                                                        ->  Seq Scan on company_type ct  (cost=0.00..17.10 rows=4 width=4) (actual time=0.003..0.004 rows=4 loops=1)
                                            ->  Index Scan using company_name_pkey on company_name cn  (cost=0.42..0.45 rows=1 width=4) (actual time=0.002..0.002 rows=0 loops=227682)
                                                  Index Cond: (id = mc.company_id)
                                                  Filter: ((country_code)::text = '[us]'::text)
                                                  Rows Removed by Filter: 1
                                      ->  Index Scan using title_pkey on title t  (cost=0.43..0.52 rows=1 width=25) (actual time=0.002..0.002 rows=0 loops=105289)
                                            Index Cond: (id = mc.movie_id)
                                            Filter: (production_year > 2000)
                                            Rows Removed by Filter: 1
                                ->  Index Scan using kind_type_pkey on kind_type kt  (cost=0.15..0.17 rows=1 width=52) (actual time=0.001..0.001 rows=1 loops=7306)
                                      Index Cond: (id = t.kind_id)
                                      Filter: ((kind)::text = 'movie'::text)
                                      Rows Removed by Filter: 0
                          ->  Index Scan using movie_id_movie_keyword on movie_keyword mk  (cost=0.43..1.34 rows=46 width=8) (actual time=0.003..0.019 rows=132 loops=5763)
                                Index Cond: (movie_id = t.id)
                    ->  Index Scan using movie_id_movie_info on movie_info mi  (cost=0.43..1.54 rows=1 width=8) (actual time=0.041..0.041 rows=0 loops=760449)
                          Index Cond: (movie_id = mk.movie_id)
                          Filter: ((note ~~ '%internet%'::text) AND (info ~~ 'USA:% 200%'::text))
                          Rows Removed by Filter: 275
              ->  Index Scan using info_type_pkey on info_type it1  (cost=0.14..0.17 rows=1 width=4) (actual time=0.001..0.001 rows=1 loops=618)
                    Index Cond: (id = mi.info_type_id)
                    Filter: ((info)::text = 'release dates'::text)
        ->  Index Scan using keyword_pkey on keyword k  (cost=0.42..0.44 rows=1 width=4) (actual time=0.002..0.002 rows=0 loops=618)
              Index Cond: (id = mk.keyword_id)
              Filter: (keyword = ANY ('{nerd,loner,alienation,dignity}'::text[]))
              Rows Removed by Filter: 1
Planning time: 19.434 ms
Execution time: 32728.788 ms
