Aggregate  (cost=5222.41..5222.42 rows=1 width=64) (actual time=154.488..154.488 rows=1 loops=1)
  ->  Nested Loop  (cost=21.79..5222.41 rows=1 width=65) (actual time=89.232..154.475 rows=16 loops=1)
        ->  Nested Loop  (cost=21.36..5221.95 rows=1 width=69) (actual time=87.920..152.874 rows=618 loops=1)
              ->  Nested Loop  (cost=21.22..5221.70 rows=1 width=73) (actual time=87.912..152.219 rows=618 loops=1)
                    ->  Nested Loop  (cost=21.07..5221.53 rows=1 width=77) (actual time=87.907..151.587 rows=618 loops=1)
                          ->  Nested Loop  (cost=20.65..5221.08 rows=1 width=81) (actual time=87.898..150.540 rows=618 loops=1)
                                Join Filter: (t.id = mc.movie_id)
                                ->  Nested Loop  (cost=20.22..5220.48 rows=1 width=89) (actual time=87.889..149.401 rows=615 loops=1)
                                      ->  Nested Loop  (cost=19.79..5218.67 rows=1 width=81) (actual time=87.878..149.165 rows=5 loops=1)
                                            ->  Nested Loop  (cost=19.36..5214.77 rows=2 width=73) (actual time=0.041..87.805 rows=1033 loops=1)
                                                  Join Filter: (t.kind_id = kt.id)
                                                  Rows Removed by Join Filter: 1050
                                                  ->  Nested Loop  (cost=19.36..5160.80 rows=416 width=29) (actual time=0.037..87.210 rows=2083 loops=1)
                                                        ->  Hash Join  (cost=18.93..3804.56 rows=761 width=4) (actual time=0.019..25.091 rows=24592 loops=1)
                                                              Hash Cond: (cc.status_id = cct1.id)
                                                              ->  Seq Scan on complete_cast cc  (cost=0.00..2081.86 rows=135086 width=8) (actual time=0.008..10.549 rows=135086 loops=1)
                                                              ->  Hash  (cost=18.88..18.88 rows=4 width=4) (actual time=0.006..0.006 rows=1 loops=1)
                                                                    Buckets: 1024  Batches: 1  Memory Usage: 9kB
                                                                    ->  Seq Scan on comp_cast_type cct1  (cost=0.00..18.88 rows=4 width=4) (actual time=0.004..0.004 rows=1 loops=1)
                                                                          Filter: ((kind)::text = 'complete+verified'::text)
                                                                          Rows Removed by Filter: 3
                                                        ->  Index Scan using title_pkey on title t  (cost=0.43..1.78 rows=1 width=25) (actual time=0.002..0.002 rows=0 loops=24592)
                                                              Index Cond: (id = cc.movie_id)
                                                              Filter: (production_year > 2000)
                                                              Rows Removed by Filter: 1
                                                  ->  Materialize  (cost=0.00..22.77 rows=5 width=52) (actual time=0.000..0.000 rows=1 loops=2083)
                                                        ->  Seq Scan on kind_type kt  (cost=0.00..22.75 rows=5 width=52) (actual time=0.003..0.004 rows=1 loops=1)
                                                              Filter: ((kind)::text = 'movie'::text)
                                                              Rows Removed by Filter: 6
                                            ->  Index Scan using movie_id_movie_info on movie_info mi  (cost=0.43..1.94 rows=1 width=8) (actual time=0.059..0.059 rows=0 loops=1033)
                                                  Index Cond: (movie_id = t.id)
                                                  Filter: ((note ~~ '%internet%'::text) AND (info ~~ 'USA:% 200%'::text))
                                                  Rows Removed by Filter: 211
                                      ->  Index Scan using movie_id_movie_keyword on movie_keyword mk  (cost=0.43..1.34 rows=46 width=8) (actual time=0.006..0.028 rows=123 loops=5)
                                            Index Cond: (movie_id = t.id)
                                ->  Index Scan using movie_id_movie_companies on movie_companies mc  (cost=0.43..0.54 rows=5 width=12) (actual time=0.001..0.001 rows=1 loops=615)
                                      Index Cond: (movie_id = mk.movie_id)
                          ->  Index Scan using company_name_pkey on company_name cn  (cost=0.42..0.45 rows=1 width=4) (actual time=0.001..0.001 rows=1 loops=618)
                                Index Cond: (id = mc.company_id)
                                Filter: ((country_code)::text = '[us]'::text)
                    ->  Index Only Scan using company_type_pkey on company_type ct  (cost=0.15..0.17 rows=1 width=4) (actual time=0.001..0.001 rows=1 loops=618)
                          Index Cond: (id = mc.company_type_id)
                          Heap Fetches: 618
              ->  Index Scan using info_type_pkey on info_type it1  (cost=0.14..0.20 rows=1 width=4) (actual time=0.001..0.001 rows=1 loops=618)
                    Index Cond: (id = mi.info_type_id)
                    Filter: ((info)::text = 'release dates'::text)
        ->  Index Scan using keyword_pkey on keyword k  (cost=0.42..0.44 rows=1 width=4) (actual time=0.002..0.002 rows=0 loops=618)
              Index Cond: (id = mk.keyword_id)
              Filter: (keyword = ANY ('{nerd,loner,alienation,dignity}'::text[]))
              Rows Removed by Filter: 1
Planning time: 19.777 ms
Execution time: 154.582 ms
