Aggregate  (cost=75487.69..75487.70 rows=1 width=96) (actual time=183.007..183.007 rows=1 loops=1)
  ->  Nested Loop  (cost=7003.11..75487.68 rows=1 width=48) (actual time=62.232..182.900 rows=275 loops=1)
        ->  Nested Loop  (cost=7002.97..75487.50 rows=1 width=52) (actual time=62.227..182.592 rows=275 loops=1)
              Join Filter: (t.id = mi.movie_id)
              ->  Nested Loop  (cost=7002.54..75455.63 rows=1 width=64) (actual time=62.212..178.569 rows=125 loops=1)
                    Join Filter: (n.id = an.person_id)
                    ->  Nested Loop  (cost=7002.11..75453.53 rows=1 width=72) (actual time=51.219..178.273 rows=107 loops=1)
                          Join Filter: (ci.role_id = rt.id)
                          ->  Seq Scan on role_type rt  (cost=0.00..18.88 rows=1 width=4) (actual time=0.007..0.010 rows=1 loops=1)
                                Filter: ((role)::text = 'actress'::text)
                                Rows Removed by Filter: 11
                          ->  Nested Loop  (cost=7002.11..75433.58 rows=86 width=76) (actual time=51.210..178.239 rows=107 loops=1)
                                ->  Hash Join  (cost=7001.68..62095.98 rows=7195 width=57) (actual time=43.996..162.676 rows=7195 loops=1)
                                      Hash Cond: (mc.company_id = cn.id)
                                      ->  Nested Loop  (cost=8.68..54912.10 rows=15119 width=61) (actual time=0.915..117.348 rows=15119 loops=1)
                                            Join Filter: (t.id = mc.movie_id)
                                            ->  Nested Loop  (cost=8.25..46002.37 rows=2568 width=53) (actual time=0.907..108.134 rows=2568 loops=1)
                                                  ->  Nested Loop  (cost=7.82..41433.15 rows=2625 width=41) (actual time=0.899..99.417 rows=2625 loops=1)
                                                        Join Filter: (t.id = ci.movie_id)
                                                        ->  Nested Loop  (cost=7.26..21722.29 rows=495 width=25) (actual time=0.695..55.330 rows=495 loops=1)
                                                              ->  Nested Loop  (cost=6.83..6178.12 rows=9696 width=4) (actual time=0.650..27.760 rows=9696 loops=1)
                                                                    ->  Seq Scan on keyword k  (cost=0.00..2793.84 rows=3 width=4) (actual time=0.011..16.066 rows=3 loops=1)
                                                                          Filter: (keyword = ANY ('{hero,martial-arts,hand-to-hand-combat}'::text[]))
                                                                          Rows Removed by Filter: 134167
                                                                    ->  Bitmap Heap Scan on movie_keyword mk  (cost=6.83..1125.00 rows=309 width=8) (actual time=0.590..3.567 rows=3232 loops=3)
                                                                          Recheck Cond: (keyword_id = k.id)
                                                                          Heap Blocks: exact=7446
                                                                          ->  Bitmap Index Scan on keyword_id_movie_keyword  (cost=0.00..6.75 rows=309 width=0) (actual time=0.308..0.308 rows=3232 loops=3)
                                                                                Index Cond: (keyword_id = k.id)
                                                              ->  Index Scan using title_pkey on title t  (cost=0.43..1.60 rows=1 width=21) (actual time=0.003..0.003 rows=0 loops=9696)
                                                                    Index Cond: (id = mk.movie_id)
                                                                    Filter: (production_year > 2010)
                                                                    Rows Removed by Filter: 1
                                                        ->  Index Scan using movie_id_cast_info on cast_info ci  (cost=0.56..39.81 rows=1 width=16) (actual time=0.060..0.088 rows=5 loops=495)
                                                              Index Cond: (movie_id = mk.movie_id)
                                                              Filter: (note = ANY ('{(voice),"(voice: Japanese version)","(voice) (uncredited)","(voice: English version)"}'::text[]))
                                                              Rows Removed by Filter: 83
                                                  ->  Index Scan using char_name_pkey on char_name chn  (cost=0.43..1.74 rows=1 width=20) (actual time=0.003..0.003 rows=1 loops=2625)
                                                        Index Cond: (id = ci.person_role_id)
                                            ->  Index Scan using movie_id_movie_companies on movie_companies mc  (cost=0.43..3.41 rows=5 width=8) (actual time=0.002..0.003 rows=6 loops=2568)
                                                  Index Cond: (movie_id = mk.movie_id)
                                      ->  Hash  (cost=5932.46..5932.46 rows=84843 width=4) (actual time=42.909..42.909 rows=84843 loops=1)
                                            Buckets: 131072  Batches: 1  Memory Usage: 4007kB
                                            ->  Seq Scan on company_name cn  (cost=0.00..5932.46 rows=84843 width=4) (actual time=0.007..32.368 rows=84843 loops=1)
                                                  Filter: ((country_code)::text = '[us]'::text)
                                                  Rows Removed by Filter: 150154
                                ->  Index Scan using name_pkey on name n  (cost=0.43..1.85 rows=1 width=19) (actual time=0.002..0.002 rows=0 loops=7195)
                                      Index Cond: (id = ci.person_id)
                                      Filter: ((name ~~ '%An%'::text) AND ((gender)::text = 'f'::text))
                                      Rows Removed by Filter: 1
                    ->  Index Only Scan using person_id_aka_name on aka_name an  (cost=0.42..2.08 rows=2 width=4) (actual time=0.002..0.002 rows=1 loops=107)
                          Index Cond: (person_id = ci.person_id)
                          Heap Fetches: 125
              ->  Index Scan using movie_id_movie_info on movie_info mi  (cost=0.43..31.86 rows=1 width=8) (actual time=0.006..0.032 rows=2 loops=125)
                    Index Cond: (movie_id = mk.movie_id)
                    Filter: ((info IS NOT NULL) AND ((info ~~ 'Japan:%201%'::text) OR (info ~~ 'USA:%201%'::text)))
                    Rows Removed by Filter: 126
        ->  Index Scan using info_type_pkey on info_type it  (cost=0.14..0.16 rows=1 width=4) (actual time=0.001..0.001 rows=1 loops=275)
              Index Cond: (id = mi.info_type_id)
              Filter: ((info)::text = 'release dates'::text)
Planning time: 49.495 ms
Execution time: 183.137 ms
