Aggregate  (cost=6961.61..6961.62 rows=1 width=96) (actual time=154.871..154.872 rows=1 loops=1)
  ->  Nested Loop  (cost=10.39..6961.60 rows=1 width=48) (actual time=17.468..154.761 rows=275 loops=1)
        ->  Nested Loop  (cost=9.96..6959.85 rows=1 width=36) (actual time=17.264..154.241 rows=277 loops=1)
              Join Filter: (mi.info_type_id = it.id)
              ->  Nested Loop  (cost=9.96..6957.43 rows=1 width=40) (actual time=17.256..153.375 rows=277 loops=1)
                    Join Filter: (n.id = an.person_id)
                    ->  Nested Loop  (cost=9.54..6955.32 rows=1 width=48) (actual time=7.462..152.950 rows=143 loops=1)
                          ->  Nested Loop  (cost=9.12..6953.85 rows=1 width=52) (actual time=7.445..152.125 rows=303 loops=1)
                                Join Filter: (t.id = mc.movie_id)
                                ->  Nested Loop  (cost=8.69..6950.38 rows=1 width=64) (actual time=7.434..151.809 rows=37 loops=1)
                                      ->  Nested Loop  (cost=8.26..6948.51 rows=1 width=45) (actual time=0.940..148.670 rows=984 loops=1)
                                            Join Filter: (rt.id = ci.role_id)
                                            Rows Removed by Join Filter: 3455
                                            ->  Nested Loop  (cost=8.26..6929.59 rows=1 width=49) (actual time=0.918..141.763 rows=4439 loops=1)
                                                  Join Filter: (t.id = ci.movie_id)
                                                  ->  Nested Loop  (cost=7.69..6849.95 rows=2 width=33) (actual time=0.720..73.232 rows=738 loops=1)
                                                        Join Filter: (t.id = mi.movie_id)
                                                        ->  Nested Loop  (cost=7.26..6340.04 rows=16 width=25) (actual time=0.711..57.089 rows=495 loops=1)
                                                              ->  Nested Loop  (cost=6.83..6178.12 rows=101 width=4) (actual time=0.662..28.411 rows=9696 loops=1)
                                                                    ->  Seq Scan on keyword k  (cost=0.00..2793.84 rows=3 width=4) (actual time=0.014..16.121 rows=3 loops=1)
                                                                          Filter: (keyword = ANY ('{hero,martial-arts,hand-to-hand-combat}'::text[]))
                                                                          Rows Removed by Filter: 134167
                                                                    ->  Bitmap Heap Scan on movie_keyword mk  (cost=6.83..1125.00 rows=309 width=8) (actual time=0.641..3.766 rows=3232 loops=3)
                                                                          Recheck Cond: (keyword_id = k.id)
                                                                          Heap Blocks: exact=7446
                                                                          ->  Bitmap Index Scan on keyword_id_movie_keyword  (cost=0.00..6.75 rows=309 width=0) (actual time=0.346..0.346 rows=3232 loops=3)
                                                                                Index Cond: (keyword_id = k.id)
                                                              ->  Index Scan using title_pkey on title t  (cost=0.43..1.60 rows=1 width=21) (actual time=0.003..0.003 rows=0 loops=9696)
                                                                    Index Cond: (id = mk.movie_id)
                                                                    Filter: (production_year > 2010)
                                                                    Rows Removed by Filter: 1
                                                        ->  Index Scan using movie_id_movie_info on movie_info mi  (cost=0.43..31.86 rows=1 width=8) (actual time=0.012..0.032 rows=1 loops=495)
                                                              Index Cond: (movie_id = mk.movie_id)
                                                              Filter: ((info IS NOT NULL) AND ((info ~~ 'Japan:%201%'::text) OR (info ~~ 'USA:%201%'::text)))
                                                              Rows Removed by Filter: 70
                                                  ->  Index Scan using movie_id_cast_info on cast_info ci  (cost=0.56..39.81 rows=1 width=16) (actual time=0.059..0.092 rows=6 loops=738)
                                                        Index Cond: (movie_id = mk.movie_id)
                                                        Filter: (note = ANY ('{(voice),"(voice: Japanese version)","(voice) (uncredited)","(voice: English version)"}'::text[]))
                                                        Rows Removed by Filter: 128
                                            ->  Seq Scan on role_type rt  (cost=0.00..18.88 rows=4 width=4) (actual time=0.001..0.001 rows=1 loops=4439)
                                                  Filter: ((role)::text = 'actress'::text)
                                                  Rows Removed by Filter: 9
                                      ->  Index Scan using name_pkey on name n  (cost=0.43..1.86 rows=1 width=19) (actual time=0.003..0.003 rows=0 loops=984)
                                            Index Cond: (id = ci.person_id)
                                            Filter: ((name ~~ '%An%'::text) AND ((gender)::text = 'f'::text))
                                            Rows Removed by Filter: 1
                                ->  Index Scan using movie_id_movie_companies on movie_companies mc  (cost=0.43..3.41 rows=5 width=8) (actual time=0.004..0.006 rows=8 loops=37)
                                      Index Cond: (movie_id = mk.movie_id)
                          ->  Index Scan using company_name_pkey on company_name cn  (cost=0.42..1.47 rows=1 width=4) (actual time=0.002..0.002 rows=0 loops=303)
                                Index Cond: (id = mc.company_id)
                                Filter: ((country_code)::text = '[us]'::text)
                                Rows Removed by Filter: 1
                    ->  Index Only Scan using person_id_aka_name on aka_name an  (cost=0.42..2.08 rows=2 width=4) (actual time=0.002..0.002 rows=2 loops=143)
                          Index Cond: (person_id = ci.person_id)
                          Heap Fetches: 277
              ->  Seq Scan on info_type it  (cost=0.00..2.41 rows=1 width=4) (actual time=0.002..0.002 rows=1 loops=277)
                    Filter: ((info)::text = 'release dates'::text)
                    Rows Removed by Filter: 15
        ->  Index Scan using char_name_pkey on char_name chn  (cost=0.43..1.75 rows=1 width=20) (actual time=0.002..0.002 rows=1 loops=277)
              Index Cond: (id = ci.person_role_id)
Planning time: 50.260 ms
Execution time: 154.983 ms
