Aggregate  (cost=7268.86..7268.87 rows=1 width=96) (actual time=27.846..27.846 rows=1 loops=1)
  ->  Nested Loop  (cost=4.00..7268.85 rows=1 width=48) (actual time=8.121..27.821 rows=45 loops=1)
        Join Filter: (n.id = an.person_id)
        ->  Nested Loop  (cost=3.57..7266.75 rows=1 width=56) (actual time=8.109..27.775 rows=9 loops=1)
              ->  Nested Loop  (cost=3.14..7265.01 rows=1 width=44) (actual time=8.100..27.750 rows=9 loops=1)
                    Join Filter: (it.id = mi.info_type_id)
                    ->  Seq Scan on info_type it  (cost=0.00..2.41 rows=1 width=4) (actual time=0.011..0.018 rows=1 loops=1)
                          Filter: ((info)::text = 'release dates'::text)
                          Rows Removed by Filter: 112
                    ->  Nested Loop  (cost=3.14..7262.58 rows=1 width=48) (actual time=8.087..27.729 rows=9 loops=1)
                          Join Filter: (t.id = mi.movie_id)
                          ->  Nested Loop  (cost=2.71..7230.71 rows=1 width=60) (actual time=8.065..27.550 rows=5 loops=1)
                                Join Filter: (rt.id = ci.role_id)
                                ->  Seq Scan on role_type rt  (cost=0.00..18.88 rows=1 width=4) (actual time=0.004..0.007 rows=1 loops=1)
                                      Filter: ((role)::text = 'actress'::text)
                                      Rows Removed by Filter: 11
                                ->  Nested Loop  (cost=2.71..7211.82 rows=1 width=64) (actual time=8.059..27.540 rows=5 loops=1)
                                      ->  Nested Loop  (cost=2.28..7209.97 rows=1 width=45) (actual time=7.864..27.171 rows=108 loops=1)
                                            Join Filter: (t.id = ci.movie_id)
                                            ->  Nested Loop  (cost=1.71..7170.15 rows=1 width=29) (actual time=7.562..26.737 rows=6 loops=1)
                                                  ->  Nested Loop  (cost=1.29..7047.55 rows=83 width=33) (actual time=7.531..26.480 rows=83 loops=1)
                                                        Join Filter: (t.id = mk.movie_id)
                                                        ->  Nested Loop  (cost=0.86..7035.40 rows=4 width=25) (actual time=7.521..26.427 rows=4 loops=1)
                                                              ->  Nested Loop  (cost=0.43..6874.31 rows=99 width=4) (actual time=7.425..26.028 rows=99 loops=1)
                                                                    ->  Seq Scan on company_name cn  (cost=0.00..6519.95 rows=1 width=4) (actual time=7.406..25.912 rows=1 loops=1)
                                                                          Filter: (((country_code)::text = '[us]'::text) AND (name = 'DreamWorks Animation'::text))
                                                                          Rows Removed by Filter: 234996
                                                                    ->  Index Scan using company_id_movie_companies on movie_companies mc  (cost=0.43..353.02 rows=133 width=8) (actual time=0.015..0.101 rows=99 loops=1)
                                                                          Index Cond: (company_id = cn.id)
                                                              ->  Index Scan using title_pkey on title t  (cost=0.43..1.62 rows=1 width=21) (actual time=0.004..0.004 rows=0 loops=99)
                                                                    Index Cond: (id = mc.movie_id)
                                                                    Filter: ((production_year > 2010) AND (title ~~ 'Kung Fu Panda%'::text))
                                                                    Rows Removed by Filter: 1
                                                        ->  Index Scan using movie_id_movie_keyword on movie_keyword mk  (cost=0.43..2.46 rows=46 width=8) (actual time=0.005..0.009 rows=21 loops=4)
                                                              Index Cond: (movie_id = mc.movie_id)
                                                  ->  Index Scan using keyword_pkey on keyword k  (cost=0.42..1.47 rows=1 width=4) (actual time=0.003..0.003 rows=0 loops=83)
                                                        Index Cond: (id = mk.keyword_id)
                                                        Filter: (keyword = ANY ('{hero,martial-arts,hand-to-hand-combat,computer-animated-movie}'::text[]))
                                                        Rows Removed by Filter: 1
                                            ->  Index Scan using movie_id_cast_info on cast_info ci  (cost=0.56..39.81 rows=1 width=16) (actual time=0.011..0.069 rows=18 loops=6)
                                                  Index Cond: (movie_id = mk.movie_id)
                                                  Filter: (note = ANY ('{(voice),"(voice: Japanese version)","(voice) (uncredited)","(voice: English version)"}'::text[]))
                                                  Rows Removed by Filter: 56
                                      ->  Index Scan using name_pkey on name n  (cost=0.43..1.85 rows=1 width=19) (actual time=0.003..0.003 rows=0 loops=108)
                                            Index Cond: (id = ci.person_id)
                                            Filter: ((name ~~ '%An%'::text) AND ((gender)::text = 'f'::text))
                                            Rows Removed by Filter: 1
                          ->  Index Scan using movie_id_movie_info on movie_info mi  (cost=0.43..31.86 rows=1 width=8) (actual time=0.008..0.035 rows=2 loops=5)
                                Index Cond: (movie_id = mk.movie_id)
                                Filter: ((info IS NOT NULL) AND ((info ~~ 'Japan:%201%'::text) OR (info ~~ 'USA:%201%'::text)))
                                Rows Removed by Filter: 104
              ->  Index Scan using char_name_pkey on char_name chn  (cost=0.43..1.74 rows=1 width=20) (actual time=0.002..0.002 rows=1 loops=9)
                    Index Cond: (id = ci.person_role_id)
        ->  Index Only Scan using person_id_aka_name on aka_name an  (cost=0.42..2.08 rows=2 width=4) (actual time=0.003..0.004 rows=5 loops=9)
              Index Cond: (person_id = ci.person_id)
              Heap Fetches: 45
Planning time: 49.777 ms
Execution time: 27.950 ms
