Aggregate  (cost=6997.65..6997.66 rows=1 width=96) (actual time=32.698..32.698 rows=1 loops=1)
  ->  Nested Loop  (cost=4.00..6997.64 rows=1 width=48) (actual time=8.148..32.669 rows=45 loops=1)
        Join Filter: (ci.person_id = n.id)
        ->  Nested Loop  (cost=3.57..6995.78 rows=1 width=41) (actual time=8.137..32.418 rows=109 loops=1)
              ->  Nested Loop  (cost=3.15..6992.42 rows=2 width=45) (actual time=8.042..28.855 rows=1986 loops=1)
                    Join Filter: (t.id = mk.movie_id)
                    ->  Nested Loop  (cost=2.71..6989.38 rows=1 width=57) (actual time=8.031..28.145 rows=57 loops=1)
                          Join Filter: (mi.info_type_id = it.id)
                          ->  Nested Loop  (cost=2.71..6986.96 rows=1 width=61) (actual time=8.020..27.947 rows=57 loops=1)
                                Join Filter: (ci.role_id = rt.id)
                                Rows Removed by Join Filter: 266
                                ->  Seq Scan on role_type rt  (cost=0.00..18.88 rows=4 width=4) (actual time=0.008..0.010 rows=1 loops=1)
                                      Filter: ((role)::text = 'actress'::text)
                                      Rows Removed by Filter: 11
                                ->  Materialize  (cost=2.71..6967.97 rows=2 width=65) (actual time=7.636..27.907 rows=323 loops=1)
                                      ->  Nested Loop  (cost=2.71..6967.96 rows=2 width=65) (actual time=7.634..27.828 rows=323 loops=1)
                                            ->  Nested Loop  (cost=2.29..6965.85 rows=1 width=61) (actual time=7.614..27.359 rows=122 loops=1)
                                                  ->  Nested Loop  (cost=1.86..6964.11 rows=1 width=49) (actual time=7.606..26.915 rows=125 loops=1)
                                                        Join Filter: (t.id = ci.movie_id)
                                                        ->  Nested Loop  (cost=1.29..6924.18 rows=1 width=33) (actual time=7.590..26.433 rows=5 loops=1)
                                                              Join Filter: (t.id = mi.movie_id)
                                                              ->  Nested Loop  (cost=0.86..6892.24 rows=1 width=25) (actual time=7.403..26.295 rows=4 loops=1)
                                                                    ->  Nested Loop  (cost=0.43..6874.31 rows=11 width=4) (actual time=7.311..25.896 rows=99 loops=1)
                                                                          ->  Seq Scan on company_name cn  (cost=0.00..6519.95 rows=1 width=4) (actual time=7.295..25.786 rows=1 loops=1)
                                                                                Filter: (((country_code)::text = '[us]'::text) AND (name = 'DreamWorks Animation'::text))
                                                                                Rows Removed by Filter: 234996
                                                                          ->  Index Scan using company_id_movie_companies on movie_companies mc  (cost=0.43..353.02 rows=133 width=8) (actual time=0.014..0.095 rows=99 loops=1)
                                                                                Index Cond: (company_id = cn.id)
                                                                    ->  Index Scan using title_pkey on title t  (cost=0.43..1.62 rows=1 width=21) (actual time=0.004..0.004 rows=0 loops=99)
                                                                          Index Cond: (id = mc.movie_id)
                                                                          Filter: ((production_year > 2010) AND (title ~~ 'Kung Fu Panda%'::text))
                                                                          Rows Removed by Filter: 1
                                                              ->  Index Scan using movie_id_movie_info on movie_info mi  (cost=0.43..31.93 rows=1 width=8) (actual time=0.013..0.034 rows=1 loops=4)
                                                                    Index Cond: (movie_id = mc.movie_id)
                                                                    Filter: ((info IS NOT NULL) AND ((info ~~ 'Japan:%201%'::text) OR (info ~~ 'USA:%201%'::text)))
                                                                    Rows Removed by Filter: 70
                                                        ->  Index Scan using movie_id_cast_info on cast_info ci  (cost=0.56..39.91 rows=1 width=16) (actual time=0.007..0.091 rows=25 loops=5)
                                                              Index Cond: (movie_id = mc.movie_id)
                                                              Filter: (note = ANY ('{(voice),"(voice: Japanese version)","(voice) (uncredited)","(voice: English version)"}'::text[]))
                                                              Rows Removed by Filter: 83
                                                  ->  Index Scan using char_name_pkey on char_name chn  (cost=0.43..1.75 rows=1 width=20) (actual time=0.003..0.003 rows=1 loops=125)
                                                        Index Cond: (id = ci.person_role_id)
                                            ->  Index Only Scan using person_id_aka_name on aka_name an  (cost=0.42..2.08 rows=2 width=4) (actual time=0.003..0.003 rows=3 loops=122)
                                                  Index Cond: (person_id = ci.person_id)
                                                  Heap Fetches: 323
                          ->  Seq Scan on info_type it  (cost=0.00..2.41 rows=1 width=4) (actual time=0.003..0.003 rows=1 loops=57)
                                Filter: ((info)::text = 'release dates'::text)
                                Rows Removed by Filter: 15
                    ->  Index Scan using movie_id_movie_keyword on movie_keyword mk  (cost=0.43..2.46 rows=46 width=8) (actual time=0.002..0.007 rows=35 loops=57)
                          Index Cond: (movie_id = mc.movie_id)
              ->  Index Scan using keyword_pkey on keyword k  (cost=0.42..1.47 rows=1 width=4) (actual time=0.002..0.002 rows=0 loops=1986)
                    Index Cond: (id = mk.keyword_id)
                    Filter: (keyword = ANY ('{hero,martial-arts,hand-to-hand-combat,computer-animated-movie}'::text[]))
                    Rows Removed by Filter: 1
        ->  Index Scan using name_pkey on name n  (cost=0.43..1.85 rows=1 width=19) (actual time=0.002..0.002 rows=0 loops=109)
              Index Cond: (id = an.person_id)
              Filter: ((name ~~ '%An%'::text) AND ((gender)::text = 'f'::text))
              Rows Removed by Filter: 1
Planning time: 49.785 ms
Execution time: 32.804 ms
