Aggregate  (cost=6612.98..6612.99 rows=1 width=96) (actual time=56.861..56.861 rows=1 loops=1)
  ->  Nested Loop  (cost=10.39..6612.97 rows=1 width=48) (actual time=21.633..56.832 rows=45 loops=1)
        ->  Nested Loop  (cost=9.96..6611.23 rows=1 width=36) (actual time=21.622..56.747 rows=45 loops=1)
              Join Filter: (n.id = an.person_id)
              ->  Nested Loop  (cost=9.54..6609.13 rows=1 width=44) (actual time=21.610..56.692 rows=9 loops=1)
                    Join Filter: (it.id = mi.info_type_id)
                    ->  Seq Scan on info_type it  (cost=0.00..2.41 rows=1 width=4) (actual time=0.007..0.014 rows=1 loops=1)
                          Filter: ((info)::text = 'release dates'::text)
                          Rows Removed by Filter: 112
                    ->  Nested Loop  (cost=9.54..6606.70 rows=1 width=48) (actual time=21.601..56.674 rows=9 loops=1)
                          Join Filter: (t.id = mi.movie_id)
                          ->  Nested Loop  (cost=9.10..6574.83 rows=1 width=60) (actual time=21.577..56.469 rows=5 loops=1)
                                Join Filter: (rt.id = ci.role_id)
                                ->  Seq Scan on role_type rt  (cost=0.00..18.88 rows=1 width=4) (actual time=0.003..0.005 rows=1 loops=1)
                                      Filter: ((role)::text = 'actress'::text)
                                      Rows Removed by Filter: 11
                                ->  Nested Loop  (cost=9.10..6555.94 rows=1 width=64) (actual time=21.573..56.460 rows=5 loops=1)
                                      ->  Nested Loop  (cost=8.67..6554.09 rows=1 width=45) (actual time=21.379..55.996 rows=108 loops=1)
                                            Join Filter: (t.id = ci.movie_id)
                                            ->  Nested Loop  (cost=8.11..6514.27 rows=1 width=29) (actual time=13.819..55.462 rows=6 loops=1)
                                                  ->  Nested Loop  (cost=7.69..6511.74 rows=1 width=33) (actual time=13.799..55.253 rows=62 loops=1)
                                                        Join Filter: (t.id = mc.movie_id)
                                                        ->  Nested Loop  (cost=7.26..6508.27 rows=1 width=25) (actual time=13.789..55.190 rows=7 loops=1)
                                                              ->  Nested Loop  (cost=6.83..6345.83 rows=101 width=4) (actual time=0.650..28.749 rows=9696 loops=1)
                                                                    ->  Seq Scan on keyword k  (cost=0.00..2961.55 rows=3 width=4) (actual time=0.013..17.435 rows=3 loops=1)
                                                                          Filter: (keyword = ANY ('{hero,martial-arts,hand-to-hand-combat,computer-animated-movie}'::text[]))
                                                                          Rows Removed by Filter: 134167
                                                                    ->  Bitmap Heap Scan on movie_keyword mk  (cost=6.83..1125.00 rows=309 width=8) (actual time=0.594..3.453 rows=3232 loops=3)
                                                                          Recheck Cond: (keyword_id = k.id)
                                                                          Heap Blocks: exact=7446
                                                                          ->  Bitmap Index Scan on keyword_id_movie_keyword  (cost=0.00..6.75 rows=309 width=0) (actual time=0.307..0.307 rows=3232 loops=3)
                                                                                Index Cond: (keyword_id = k.id)
                                                              ->  Index Scan using title_pkey on title t  (cost=0.43..1.61 rows=1 width=21) (actual time=0.003..0.003 rows=0 loops=9696)
                                                                    Index Cond: (id = mk.movie_id)
                                                                    Filter: ((production_year > 2010) AND (title ~~ 'Kung Fu Panda%'::text))
                                                                    Rows Removed by Filter: 1
                                                        ->  Index Scan using movie_id_movie_companies on movie_companies mc  (cost=0.43..3.41 rows=5 width=8) (actual time=0.004..0.007 rows=9 loops=7)
                                                              Index Cond: (movie_id = mk.movie_id)
                                                  ->  Index Scan using company_name_pkey on company_name cn  (cost=0.42..1.48 rows=1 width=4) (actual time=0.003..0.003 rows=0 loops=62)
                                                        Index Cond: (id = mc.company_id)
                                                        Filter: (((country_code)::text = '[us]'::text) AND (name = 'DreamWorks Animation'::text))
                                                        Rows Removed by Filter: 1
                                            ->  Index Scan using movie_id_cast_info on cast_info ci  (cost=0.56..39.81 rows=1 width=16) (actual time=0.012..0.085 rows=18 loops=6)
                                                  Index Cond: (movie_id = mk.movie_id)
                                                  Filter: (note = ANY ('{(voice),"(voice: Japanese version)","(voice) (uncredited)","(voice: English version)"}'::text[]))
                                                  Rows Removed by Filter: 56
                                      ->  Index Scan using name_pkey on name n  (cost=0.43..1.85 rows=1 width=19) (actual time=0.004..0.004 rows=0 loops=108)
                                            Index Cond: (id = ci.person_id)
                                            Filter: ((name ~~ '%An%'::text) AND ((gender)::text = 'f'::text))
                                            Rows Removed by Filter: 1
                          ->  Index Scan using movie_id_movie_info on movie_info mi  (cost=0.43..31.86 rows=1 width=8) (actual time=0.010..0.040 rows=2 loops=5)
                                Index Cond: (movie_id = mk.movie_id)
                                Filter: ((info IS NOT NULL) AND ((info ~~ 'Japan:%201%'::text) OR (info ~~ 'USA:%201%'::text)))
                                Rows Removed by Filter: 104
              ->  Index Only Scan using person_id_aka_name on aka_name an  (cost=0.42..2.08 rows=2 width=4) (actual time=0.003..0.005 rows=5 loops=9)
                    Index Cond: (person_id = ci.person_id)
                    Heap Fetches: 45
        ->  Index Scan using char_name_pkey on char_name chn  (cost=0.43..1.74 rows=1 width=20) (actual time=0.002..0.002 rows=1 loops=45)
              Index Cond: (id = ci.person_role_id)
Planning time: 49.975 ms
Execution time: 56.972 ms
