Aggregate  (cost=7933.97..7933.98 rows=1 width=96) (actual time=27.464..27.464 rows=1 loops=1)
  ->  Nested Loop  (cost=4.00..7933.63 rows=45 width=48) (actual time=7.668..27.440 rows=45 loops=1)
        Join Filter: (n.id = an.person_id)
        ->  Nested Loop  (cost=3.57..7914.69 rows=9 width=56) (actual time=7.658..27.395 rows=9 loops=1)
              ->  Nested Loop  (cost=3.15..7675.89 rows=162 width=60) (actual time=7.563..26.997 rows=162 loops=1)
                    Join Filter: (t.id = mk.movie_id)
                    ->  Nested Loop  (cost=2.72..7660.71 rows=5 width=72) (actual time=7.551..26.922 rows=5 loops=1)
                          ->  Nested Loop  (cost=2.29..7603.24 rows=31 width=53) (actual time=7.509..26.812 rows=31 loops=1)
                                Join Filter: (rt.id = ci.role_id)
                                Rows Removed by Join Filter: 91
                                ->  Seq Scan on role_type rt  (cost=0.00..18.88 rows=1 width=4) (actual time=0.007..0.009 rows=1 loops=1)
                                      Filter: ((role)::text = 'actress'::text)
                                      Rows Removed by Filter: 11
                                ->  Nested Loop  (cost=2.29..7582.84 rows=122 width=57) (actual time=7.331..26.789 rows=122 loops=1)
                                      ->  Nested Loop  (cost=1.86..7365.26 rows=125 width=45) (actual time=7.322..26.384 rows=125 loops=1)
                                            Join Filter: (t.id = ci.movie_id)
                                            ->  Nested Loop  (cost=1.29..7165.65 rows=5 width=29) (actual time=7.306..25.912 rows=5 loops=1)
                                                  Join Filter: (it.id = mi.info_type_id)
                                                  ->  Seq Scan on info_type it  (cost=0.00..2.41 rows=1 width=4) (actual time=0.005..0.012 rows=1 loops=1)
                                                        Filter: ((info)::text = 'release dates'::text)
                                                        Rows Removed by Filter: 112
                                                  ->  Nested Loop  (cost=1.29..7163.18 rows=5 width=33) (actual time=7.300..25.897 rows=5 loops=1)
                                                        Join Filter: (t.id = mi.movie_id)
                                                        ->  Nested Loop  (cost=0.86..7035.40 rows=4 width=25) (actual time=7.119..25.763 rows=4 loops=1)
                                                              ->  Nested Loop  (cost=0.43..6874.31 rows=99 width=4) (actual time=7.028..25.370 rows=99 loops=1)
                                                                    ->  Seq Scan on company_name cn  (cost=0.00..6519.95 rows=1 width=4) (actual time=7.010..25.259 rows=1 loops=1)
                                                                          Filter: (((country_code)::text = '[us]'::text) AND (name = 'DreamWorks Animation'::text))
                                                                          Rows Removed by Filter: 234996
                                                                    ->  Index Scan using company_id_movie_companies on movie_companies mc  (cost=0.43..353.02 rows=133 width=8) (actual time=0.015..0.095 rows=99 loops=1)
                                                                          Index Cond: (company_id = cn.id)
                                                              ->  Index Scan using title_pkey on title t  (cost=0.43..1.62 rows=1 width=21) (actual time=0.004..0.004 rows=0 loops=99)
                                                                    Index Cond: (id = mc.movie_id)
                                                                    Filter: ((production_year > 2010) AND (title ~~ 'Kung Fu Panda%'::text))
                                                                    Rows Removed by Filter: 1
                                                        ->  Index Scan using movie_id_movie_info on movie_info mi  (cost=0.43..31.93 rows=1 width=8) (actual time=0.012..0.033 rows=1 loops=4)
                                                              Index Cond: (movie_id = mc.movie_id)
                                                              Filter: ((info IS NOT NULL) AND ((info ~~ 'Japan:%201%'::text) OR (info ~~ 'USA:%201%'::text)))
                                                              Rows Removed by Filter: 70
                                            ->  Index Scan using movie_id_cast_info on cast_info ci  (cost=0.56..39.91 rows=1 width=16) (actual time=0.007..0.090 rows=25 loops=5)
                                                  Index Cond: (movie_id = mc.movie_id)
                                                  Filter: (note = ANY ('{(voice),"(voice: Japanese version)","(voice) (uncredited)","(voice: English version)"}'::text[]))
                                                  Rows Removed by Filter: 83
                                      ->  Index Scan using char_name_pkey on char_name chn  (cost=0.43..1.74 rows=1 width=20) (actual time=0.003..0.003 rows=1 loops=125)
                                            Index Cond: (id = ci.person_role_id)
                          ->  Index Scan using name_pkey on name n  (cost=0.43..1.85 rows=1 width=19) (actual time=0.003..0.003 rows=0 loops=31)
                                Index Cond: (id = ci.person_id)
                                Filter: ((name ~~ '%An%'::text) AND ((gender)::text = 'f'::text))
                                Rows Removed by Filter: 1
                    ->  Index Scan using movie_id_movie_keyword on movie_keyword mk  (cost=0.43..2.46 rows=46 width=8) (actual time=0.004..0.009 rows=32 loops=5)
                          Index Cond: (movie_id = mc.movie_id)
              ->  Index Scan using keyword_pkey on keyword k  (cost=0.42..1.47 rows=1 width=4) (actual time=0.002..0.002 rows=0 loops=162)
                    Index Cond: (id = mk.keyword_id)
                    Filter: (keyword = ANY ('{hero,martial-arts,hand-to-hand-combat,computer-animated-movie}'::text[]))
                    Rows Removed by Filter: 1
        ->  Index Only Scan using person_id_aka_name on aka_name an  (cost=0.42..2.08 rows=2 width=4) (actual time=0.003..0.004 rows=5 loops=9)
              Index Cond: (person_id = ci.person_id)
              Heap Fetches: 45
Planning time: 49.506 ms
Execution time: 27.563 ms
