Aggregate  (cost=7451.28..7451.29 rows=1 width=96) (actual time=28.586..28.587 rows=1 loops=1)
  ->  Nested Loop  (cost=4.00..7451.28 rows=1 width=48) (actual time=8.139..28.561 rows=45 loops=1)
        Join Filter: (it.id = mi.info_type_id)
        ->  Seq Scan on info_type it  (cost=0.00..2.41 rows=1 width=4) (actual time=0.011..0.018 rows=1 loops=1)
              Filter: ((info)::text = 'release dates'::text)
              Rows Removed by Filter: 112
        ->  Nested Loop  (cost=4.00..7448.85 rows=1 width=52) (actual time=8.126..28.535 rows=45 loops=1)
              Join Filter: (t.id = mi.movie_id)
              ->  Nested Loop  (cost=3.56..7416.98 rows=1 width=64) (actual time=8.102..27.843 rows=25 loops=1)
                    ->  Nested Loop  (cost=3.14..7376.74 rows=27 width=68) (actual time=7.999..27.125 rows=370 loops=1)
                          Join Filter: (t.id = mk.movie_id)
                          ->  Nested Loop  (cost=2.71..7331.20 rows=15 width=60) (actual time=7.984..26.972 rows=15 loops=1)
                                Join Filter: (n.id = an.person_id)
                                ->  Nested Loop  (cost=2.28..7324.89 rows=3 width=68) (actual time=7.969..26.945 rows=3 loops=1)
                                      ->  Nested Loop  (cost=1.85..7319.67 rows=3 width=56) (actual time=7.959..26.930 rows=3 loops=1)
                                            Join Filter: (ci.role_id = rt.id)
                                            ->  Seq Scan on role_type rt  (cost=0.00..18.88 rows=1 width=4) (actual time=0.003..0.006 rows=1 loops=1)
                                                  Filter: ((role)::text = 'actress'::text)
                                                  Rows Removed by Filter: 11
                                            ->  Nested Loop  (cost=1.85..7300.75 rows=3 width=60) (actual time=7.955..26.922 rows=3 loops=1)
                                                  ->  Nested Loop  (cost=1.42..7195.09 rows=57 width=41) (actual time=7.766..26.673 rows=57 loops=1)
                                                        Join Filter: (t.id = ci.movie_id)
                                                        ->  Nested Loop  (cost=0.86..7035.40 rows=4 width=25) (actual time=7.576..26.342 rows=4 loops=1)
                                                              ->  Nested Loop  (cost=0.43..6874.31 rows=99 width=4) (actual time=7.477..25.958 rows=99 loops=1)
                                                                    ->  Seq Scan on company_name cn  (cost=0.00..6519.95 rows=1 width=4) (actual time=7.455..25.844 rows=1 loops=1)
                                                                          Filter: (((country_code)::text = '[us]'::text) AND (name = 'DreamWorks Animation'::text))
                                                                          Rows Removed by Filter: 234996
                                                                    ->  Index Scan using company_id_movie_companies on movie_companies mc  (cost=0.43..353.02 rows=133 width=8) (actual time=0.018..0.099 rows=99 loops=1)
                                                                          Index Cond: (company_id = cn.id)
                                                              ->  Index Scan using title_pkey on title t  (cost=0.43..1.62 rows=1 width=21) (actual time=0.004..0.004 rows=0 loops=99)
                                                                    Index Cond: (id = mc.movie_id)
                                                                    Filter: ((production_year > 2010) AND (title ~~ 'Kung Fu Panda%'::text))
                                                                    Rows Removed by Filter: 1
                                                        ->  Index Scan using movie_id_cast_info on cast_info ci  (cost=0.56..39.91 rows=1 width=16) (actual time=0.014..0.080 rows=14 loops=4)
                                                              Index Cond: (movie_id = mc.movie_id)
                                                              Filter: (note = ANY ('{(voice),"(voice: Japanese version)","(voice) (uncredited)","(voice: English version)"}'::text[]))
                                                              Rows Removed by Filter: 45
                                                  ->  Index Scan using name_pkey on name n  (cost=0.43..1.85 rows=1 width=19) (actual time=0.004..0.004 rows=0 loops=57)
                                                        Index Cond: (id = ci.person_id)
                                                        Filter: ((name ~~ '%An%'::text) AND ((gender)::text = 'f'::text))
                                                        Rows Removed by Filter: 1
                                      ->  Index Scan using char_name_pkey on char_name chn  (cost=0.43..1.74 rows=1 width=20) (actual time=0.004..0.004 rows=1 loops=3)
                                            Index Cond: (id = ci.person_role_id)
                                ->  Index Only Scan using person_id_aka_name on aka_name an  (cost=0.42..2.08 rows=2 width=4) (actual time=0.006..0.007 rows=5 loops=3)
                                      Index Cond: (person_id = ci.person_id)
                                      Heap Fetches: 15
                          ->  Index Scan using movie_id_movie_keyword on movie_keyword mk  (cost=0.43..2.46 rows=46 width=8) (actual time=0.002..0.006 rows=25 loops=15)
                                Index Cond: (movie_id = mc.movie_id)
                    ->  Index Scan using keyword_pkey on keyword k  (cost=0.42..1.47 rows=1 width=4) (actual time=0.002..0.002 rows=0 loops=370)
                          Index Cond: (id = mk.keyword_id)
                          Filter: (keyword = ANY ('{hero,martial-arts,hand-to-hand-combat,computer-animated-movie}'::text[]))
                          Rows Removed by Filter: 1
              ->  Index Scan using movie_id_movie_info on movie_info mi  (cost=0.43..31.86 rows=1 width=8) (actual time=0.005..0.027 rows=2 loops=25)
                    Index Cond: (movie_id = mk.movie_id)
                    Filter: ((info IS NOT NULL) AND ((info ~~ 'Japan:%201%'::text) OR (info ~~ 'USA:%201%'::text)))
                    Rows Removed by Filter: 104
Planning time: 49.799 ms
Execution time: 28.694 ms
