Aggregate  (cost=8946.70..8946.71 rows=1 width=128) (actual time=2050.945..2050.945 rows=1 loops=1)
  ->  Nested Loop  (cost=9.11..8946.69 rows=1 width=79) (actual time=7.525..2048.265 rows=4407 loops=1)
        Join Filter: (mi.movie_id = t.id)
        ->  Nested Loop  (cost=8.68..8945.84 rows=1 width=78) (actual time=7.518..2031.724 rows=4407 loops=1)
              ->  Nested Loop  (cost=8.25..8944.76 rows=1 width=67) (actual time=5.801..1994.081 rows=7112 loops=1)
                    Join Filter: (mi.info_type_id = it1.id)
                    Rows Removed by Join Filter: 628
                    ->  Nested Loop  (cost=8.25..8942.34 rows=1 width=71) (actual time=5.794..1969.276 rows=7740 loops=1)
                          Join Filter: (mi.movie_id = ci.movie_id)
                          ->  Nested Loop  (cost=7.69..8913.41 rows=1 width=63) (actual time=2.912..1347.001 rows=12260 loops=1)
                                Join Filter: (mi_idx.movie_id = mi.movie_id)
                                ->  Nested Loop  (cost=7.25..8843.80 rows=4 width=13) (actual time=2.887..300.661 rows=50760 loops=1)
                                      Join Filter: (mi_idx.info_type_id = it2.id)
                                      Rows Removed by Join Filter: 101960
                                      ->  Seq Scan on info_type it2  (cost=0.00..2.41 rows=1 width=4) (actual time=0.011..0.013 rows=1 loops=1)
                                            Filter: ((info)::text = 'votes'::text)
                                            Rows Removed by Filter: 112
                                      ->  Nested Loop  (cost=7.25..8835.07 rows=505 width=17) (actual time=2.874..285.738 rows=152720 loops=1)
                                            ->  Nested Loop  (cost=6.83..8699.74 rows=169 width=4) (actual time=2.866..97.018 rows=62096 loops=1)
                                                  ->  Seq Scan on keyword k  (cost=0.00..3129.26 rows=5 width=4) (actual time=0.539..18.825 rows=5 loops=1)
                                                        Filter: (keyword = ANY ('{murder,blood,gore,death,female-nudity}'::text[]))
                                                        Rows Removed by Filter: 134165
                                                  ->  Bitmap Heap Scan on movie_keyword mk  (cost=6.83..1111.01 rows=309 width=8) (actual time=2.202..13.993 rows=12419 loops=5)
                                                        Recheck Cond: (keyword_id = k.id)
                                                        Heap Blocks: exact=41331
                                                        ->  Bitmap Index Scan on keyword_id_movie_keyword  (cost=0.00..6.75 rows=309 width=0) (actual time=1.155..1.155 rows=12419 loops=5)
                                                              Index Cond: (keyword_id = k.id)
                                            ->  Index Scan using movie_id_movie_info_idx on movie_info_idx mi_idx  (cost=0.43..0.77 rows=3 width=13) (actual time=0.002..0.003 rows=2 loops=62096)
                                                  Index Cond: (movie_id = mk.movie_id)
                                ->  Index Scan using movie_id_movie_info on movie_info mi  (cost=0.43..17.39 rows=1 width=50) (actual time=0.020..0.020 rows=0 loops=50760)
                                      Index Cond: (movie_id = mk.movie_id)
                                      Filter: (info = 'Horror'::text)
                                      Rows Removed by Filter: 56
                          ->  Index Scan using movie_id_cast_info on cast_info ci  (cost=0.56..28.91 rows=1 width=8) (actual time=0.041..0.050 rows=1 loops=12260)
                                Index Cond: (movie_id = mk.movie_id)
                                Filter: (note = ANY ('{(writer),"(head writer)","(written by)",(story),"(story editor)"}'::text[]))
                                Rows Removed by Filter: 47
                    ->  Seq Scan on info_type it1  (cost=0.00..2.41 rows=1 width=4) (actual time=0.002..0.002 rows=1 loops=7740)
                          Filter: ((info)::text = 'genres'::text)
                          Rows Removed by Filter: 11
              ->  Index Scan using name_pkey on name n  (cost=0.43..1.08 rows=1 width=19) (actual time=0.005..0.005 rows=1 loops=7112)
                    Index Cond: (id = ci.person_id)
                    Filter: ((gender)::text = 'm'::text)
                    Rows Removed by Filter: 0
        ->  Index Scan using title_pkey on title t  (cost=0.43..0.84 rows=1 width=21) (actual time=0.003..0.003 rows=1 loops=4407)
              Index Cond: (id = mk.movie_id)
Planning time: 7.085 ms
Execution time: 2051.030 ms
