Aggregate  (cost=228177.91..228177.92 rows=1 width=128) (actual time=3154.902..3154.902 rows=1 loops=1)
  ->  Nested Loop  (cost=49160.26..228177.90 rows=1 width=79) (actual time=400.349..3143.219 rows=26153 loops=1)
        Join Filter: (mi.movie_id = t.id)
        ->  Nested Loop  (cost=49159.83..228177.05 rows=1 width=78) (actual time=400.340..3091.816 rows=26153 loops=1)
              ->  Nested Loop  (cost=49159.40..228175.97 rows=1 width=67) (actual time=400.331..2984.271 rows=42900 loops=1)
                    Join Filter: (mi.movie_id = ci.movie_id)
                    ->  Hash Join  (cost=49158.83..226209.20 rows=68 width=59) (actual time=399.742..767.859 rows=63386 loops=1)
                          Hash Cond: (mi.movie_id = mi_idx.movie_id)
                          ->  Nested Loop  (cost=3918.64..178845.55 rows=186594 width=46) (actual time=46.956..360.831 rows=186594 loops=1)
                                ->  Seq Scan on info_type it1  (cost=0.00..2.41 rows=1 width=4) (actual time=0.007..0.016 rows=1 loops=1)
                                      Filter: ((info)::text = 'genres'::text)
                                      Rows Removed by Filter: 112
                                ->  Bitmap Heap Scan on movie_info mi  (cost=3918.64..178816.58 rows=2656 width=50) (actual time=46.947..343.616 rows=186594 loops=1)
                                      Recheck Cond: (info_type_id = it1.id)
                                      Filter: (info = ANY ('{Horror,Action,Sci-Fi,Thriller,Crime,War}'::text[]))
                                      Rows Removed by Filter: 1347315
                                      Heap Blocks: exact=9770
                                      ->  Bitmap Index Scan on info_type_id_movie_info  (cost=0.00..3917.98 rows=211939 width=0) (actual time=45.767..45.767 rows=1533909 loops=1)
                                            Index Cond: (info_type_id = it1.id)
                          ->  Hash  (cost=44443.93..44443.93 rows=63701 width=13) (actual time=352.738..352.738 rows=63701 loops=1)
                                Buckets: 65536  Batches: 1  Memory Usage: 3335kB
                                ->  Hash Join  (cost=27918.25..44443.93 rows=63701 width=13) (actual time=211.642..341.322 rows=63701 loops=1)
                                      Hash Cond: (mk.movie_id = mi_idx.movie_id)
                                      ->  Nested Loop  (cost=6.83..11165.26 rows=76714 width=4) (actual time=2.890..103.431 rows=76714 loops=1)
                                            ->  Seq Scan on keyword k  (cost=0.00..3464.69 rows=7 width=4) (actual time=0.661..23.467 rows=7 loops=1)
                                                  Filter: (keyword = ANY ('{murder,violence,blood,gore,death,female-nudity,hospital}'::text[]))
                                                  Rows Removed by Filter: 134163
                                            ->  Bitmap Heap Scan on movie_keyword mk  (cost=6.83..1096.99 rows=309 width=8) (actual time=1.991..10.303 rows=10959 loops=7)
                                                  Recheck Cond: (keyword_id = k.id)
                                                  Heap Blocks: exact=53234
                                                  ->  Bitmap Index Scan on keyword_id_movie_keyword  (cost=0.00..6.75 rows=309 width=0) (actual time=1.010..1.010 rows=10959 loops=7)
                                                        Index Cond: (keyword_id = k.id)
                                      ->  Hash  (cost=22162.36..22162.36 rows=459925 width=9) (actual time=208.155..208.155 rows=459925 loops=1)
                                            Buckets: 524288  Batches: 1  Memory Usage: 22143kB
                                            ->  Nested Loop  (cost=6462.25..22162.36 rows=459925 width=9) (actual time=16.189..132.386 rows=459925 loops=1)
                                                  ->  Seq Scan on info_type it2  (cost=0.00..2.41 rows=1 width=4) (actual time=0.012..0.016 rows=1 loops=1)
                                                        Filter: ((info)::text = 'votes'::text)
                                                        Rows Removed by Filter: 112
                                                  ->  Bitmap Heap Scan on movie_info_idx mi_idx  (cost=6462.25..18709.86 rows=345009 width=13) (actual time=16.174..72.212 rows=459925 loops=1)
                                                        Recheck Cond: (info_type_id = it2.id)
                                                        Heap Blocks: exact=7934
                                                        ->  Bitmap Index Scan on info_type_id_movie_info_idx  (cost=0.00..6375.99 rows=345009 width=0) (actual time=15.132..15.132 rows=459925 loops=1)
                                                              Index Cond: (info_type_id = it2.id)
                    ->  Index Scan using movie_id_cast_info on cast_info ci  (cost=0.56..28.91 rows=1 width=8) (actual time=0.027..0.035 rows=1 loops=63386)
                          Index Cond: (movie_id = mk.movie_id)
                          Filter: (note = ANY ('{(writer),"(head writer)","(written by)",(story),"(story editor)"}'::text[]))
                          Rows Removed by Filter: 63
              ->  Index Scan using name_pkey on name n  (cost=0.43..1.08 rows=1 width=19) (actual time=0.002..0.002 rows=1 loops=42900)
                    Index Cond: (id = ci.person_id)
                    Filter: ((gender)::text = 'm'::text)
                    Rows Removed by Filter: 0
        ->  Index Scan using title_pkey on title t  (cost=0.43..0.84 rows=1 width=21) (actual time=0.002..0.002 rows=1 loops=26153)
              Index Cond: (id = mk.movie_id)
Planning time: 7.209 ms
Execution time: 3155.076 ms
