Aggregate  (cost=5159.89..5159.90 rows=1 width=128) (actual time=2023.515..2023.515 rows=1 loops=1)
  ->  Nested Loop  (cost=22.18..5159.88 rows=1 width=53) (actual time=6.951..2022.544 rows=1728 loops=1)
        ->  Nested Loop  (cost=22.04..5159.69 rows=1 width=57) (actual time=6.947..2020.400 rows=1844 loops=1)
              Join Filter: (mk.movie_id = t.id)
              ->  Nested Loop  (cost=21.61..5159.23 rows=1 width=52) (actual time=6.258..2008.305 rows=5264 loops=1)
                    ->  Nested Loop  (cost=21.18..5142.29 rows=37 width=40) (actual time=0.752..1785.425 rows=136158 loops=1)
                          ->  Nested Loop  (cost=20.75..5125.44 rows=37 width=29) (actual time=0.745..1345.446 rows=136158 loops=1)
                                ->  Nested Loop  (cost=20.18..5123.55 rows=1 width=17) (actual time=0.733..1199.320 rows=1423 loops=1)
                                      ->  Nested Loop  (cost=19.76..5102.79 rows=46 width=21) (actual time=0.147..402.988 rows=411631 loops=1)
                                            Join Filter: (cc.movie_id = mk.movie_id)
                                            ->  Nested Loop  (cost=19.33..5100.21 rows=1 width=13) (actual time=0.140..228.532 rows=17898 loops=1)
                                                  Join Filter: (it2.id = mi_idx.info_type_id)
                                                  Rows Removed by Join Filter: 8859
                                                  ->  Seq Scan on info_type it2  (cost=0.00..2.41 rows=1 width=4) (actual time=0.015..0.017 rows=1 loops=1)
                                                        Filter: ((info)::text = 'rating'::text)
                                                        Rows Removed by Filter: 112
                                                  ->  Nested Loop  (cost=19.33..5096.53 rows=101 width=17) (actual time=0.049..225.293 rows=26757 loops=1)
                                                        ->  Hash Join  (cost=18.90..4892.14 rows=242 width=4) (actual time=0.019..42.387 rows=85941 loops=1)
                                                              Hash Cond: (cc.status_id = cct2.id)
                                                              ->  Nested Loop  (cost=0.00..3789.31 rows=85941 width=8) (actual time=0.009..28.161 rows=85941 loops=1)
                                                                    Join Filter: (cct1.id = cc.subject_id)
                                                                    Rows Removed by Join Filter: 49145
                                                                    ->  Seq Scan on comp_cast_type cct1  (cost=0.00..18.88 rows=1 width=4) (actual time=0.003..0.005 rows=1 loops=1)
                                                                          Filter: ((kind)::text = 'cast'::text)
                                                                          Rows Removed by Filter: 3
                                                                    ->  Seq Scan on complete_cast cc  (cost=0.00..2081.86 rows=135086 width=12) (actual time=0.006..11.588 rows=135086 loops=1)
                                                              ->  Hash  (cost=18.88..18.88 rows=2 width=4) (actual time=0.005..0.005 rows=2 loops=1)
                                                                    Buckets: 1024  Batches: 1  Memory Usage: 9kB
                                                                    ->  Seq Scan on comp_cast_type cct2  (cost=0.00..18.88 rows=2 width=4) (actual time=0.002..0.003 rows=2 loops=1)
                                                                          Filter: ((kind)::text ~~ '%complete%'::text)
                                                                          Rows Removed by Filter: 2
                                                        ->  Index Scan using movie_id_movie_info_idx on movie_info_idx mi_idx  (cost=0.43..0.83 rows=1 width=13) (actual time=0.002..0.002 rows=0 loops=85941)
                                                              Index Cond: (movie_id = cc.movie_id)
                                                              Filter: (info > '7.0'::text)
                                                              Rows Removed by Filter: 2
                                            ->  Index Scan using movie_id_movie_keyword on movie_keyword mk  (cost=0.43..2.00 rows=46 width=8) (actual time=0.002..0.006 rows=23 loops=17898)
                                                  Index Cond: (movie_id = mi_idx.movie_id)
                                      ->  Index Scan using keyword_pkey on keyword k  (cost=0.42..0.45 rows=1 width=4) (actual time=0.002..0.002 rows=0 loops=411631)
                                            Index Cond: (id = mk.keyword_id)
                                            Filter: (keyword = ANY ('{superhero,marvel-comics,based-on-comic,tv-special,fight,violence,magnet,web,claw,laser}'::text[]))
                                            Rows Removed by Filter: 1
                                ->  Index Scan using movie_id_cast_info on cast_info ci  (cost=0.56..1.52 rows=37 width=12) (actual time=0.006..0.089 rows=96 loops=1423)
                                      Index Cond: (movie_id = mk.movie_id)
                          ->  Index Scan using name_pkey on name n  (cost=0.43..0.46 rows=1 width=19) (actual time=0.003..0.003 rows=1 loops=136158)
                                Index Cond: (id = ci.person_id)
                    ->  Index Scan using char_name_pkey on char_name chn  (cost=0.43..0.46 rows=1 width=20) (actual time=0.001..0.001 rows=0 loops=136158)
                          Index Cond: (id = ci.person_role_id)
                          Filter: ((name IS NOT NULL) AND ((name ~~ '%man%'::text) OR (name ~~ '%Man%'::text)))
                          Rows Removed by Filter: 0
              ->  Index Scan using title_pkey on title t  (cost=0.43..0.45 rows=1 width=25) (actual time=0.002..0.002 rows=0 loops=5264)
                    Index Cond: (id = ci.movie_id)
                    Filter: (production_year > 2000)
                    Rows Removed by Filter: 1
        ->  Index Scan using kind_type_pkey on kind_type kt  (cost=0.15..0.17 rows=1 width=4) (actual time=0.001..0.001 rows=1 loops=1844)
              Index Cond: (id = t.kind_id)
              Filter: ((kind)::text = 'movie'::text)
              Rows Removed by Filter: 0
Planning time: 45.604 ms
Execution time: 2023.609 ms
