Aggregate  (cost=19491.31..19491.32 rows=1 width=128) (actual time=501.865..501.865 rows=1 loops=1)
  ->  Nested Loop  (cost=3798.74..19491.30 rows=1 width=53) (actual time=37.275..501.054 rows=1728 loops=1)
        ->  Nested Loop  (cost=3798.59..19491.11 rows=1 width=57) (actual time=37.269..499.198 rows=1844 loops=1)
              ->  Nested Loop  (cost=3798.16..19490.66 rows=1 width=46) (actual time=37.259..491.157 rows=1844 loops=1)
                    Join Filter: (mk.movie_id = t.id)
                    ->  Nested Loop  (cost=3797.73..19490.19 rows=1 width=41) (actual time=36.591..479.898 rows=5264 loops=1)
                          ->  Nested Loop  (cost=3797.30..19473.25 rows=37 width=29) (actual time=35.831..272.882 rows=136158 loops=1)
                                ->  Nested Loop  (cost=3796.73..19471.36 rows=1 width=17) (actual time=35.819..127.541 rows=1423 loops=1)
                                      ->  Nested Loop  (cost=3796.59..19470.04 rows=8 width=21) (actual time=35.814..124.914 rows=2286 loops=1)
                                            ->  Hash Join  (cost=3796.16..19460.90 rows=18 width=8) (actual time=35.796..101.443 rows=6396 loops=1)
                                                  Hash Cond: (cc.status_id = cct2.id)
                                                  ->  Nested Loop  (cost=3777.26..19361.33 rows=6396 width=12) (actual time=35.782..100.188 rows=6396 loops=1)
                                                        Join Filter: (cct1.id = cc.subject_id)
                                                        Rows Removed by Join Filter: 2996
                                                        ->  Seq Scan on comp_cast_type cct1  (cost=0.00..18.88 rows=1 width=4) (actual time=0.001..0.003 rows=1 loops=1)
                                                              Filter: ((kind)::text = 'cast'::text)
                                                              Rows Removed by Filter: 3
                                                        ->  Hash Join  (cost=3777.26..19225.05 rows=9392 width=16) (actual time=35.779..99.146 rows=9392 loops=1)
                                                              Hash Cond: (mk.movie_id = cc.movie_id)
                                                              ->  Nested Loop  (cost=6.83..14793.30 rows=24091 width=4) (actual time=0.480..56.639 rows=24091 loops=1)
                                                                    ->  Seq Scan on keyword k  (cost=0.00..3967.82 rows=10 width=4) (actual time=0.106..28.918 rows=10 loops=1)
                                                                          Filter: (keyword = ANY ('{superhero,marvel-comics,based-on-comic,tv-special,fight,violence,magnet,web,claw,laser}'::text[]))
                                                                          Rows Removed by Filter: 134160
                                                                    ->  Bitmap Heap Scan on movie_keyword mk  (cost=6.83..1079.46 rows=309 width=8) (actual time=0.451..2.523 rows=2409 loops=10)
                                                                          Recheck Cond: (keyword_id = k.id)
                                                                          Heap Blocks: exact=17127
                                                                          ->  Bitmap Index Scan on keyword_id_movie_keyword  (cost=0.00..6.75 rows=309 width=0) (actual time=0.239..0.239 rows=2409 loops=10)
                                                                                Index Cond: (keyword_id = k.id)
                                                              ->  Hash  (cost=2081.86..2081.86 rows=135086 width=12) (actual time=34.954..34.954 rows=135086 loops=1)
                                                                    Buckets: 262144  Batches: 1  Memory Usage: 7853kB
                                                                    ->  Seq Scan on complete_cast cc  (cost=0.00..2081.86 rows=135086 width=12) (actual time=0.005..16.999 rows=135086 loops=1)
                                                  ->  Hash  (cost=18.88..18.88 rows=2 width=4) (actual time=0.009..0.009 rows=2 loops=1)
                                                        Buckets: 1024  Batches: 1  Memory Usage: 9kB
                                                        ->  Seq Scan on comp_cast_type cct2  (cost=0.00..18.88 rows=2 width=4) (actual time=0.006..0.007 rows=2 loops=1)
                                                              Filter: ((kind)::text ~~ '%complete%'::text)
                                                              Rows Removed by Filter: 2
                                            ->  Index Scan using movie_id_movie_info_idx on movie_info_idx mi_idx  (cost=0.43..0.50 rows=1 width=13) (actual time=0.003..0.003 rows=0 loops=6396)
                                                  Index Cond: (movie_id = mk.movie_id)
                                                  Filter: (info > '7.0'::text)
                                                  Rows Removed by Filter: 3
                                      ->  Index Scan using info_type_pkey on info_type it2  (cost=0.14..0.16 rows=1 width=4) (actual time=0.001..0.001 rows=1 loops=2286)
                                            Index Cond: (id = mi_idx.info_type_id)
                                            Filter: ((info)::text = 'rating'::text)
                                            Rows Removed by Filter: 0
                                ->  Index Scan using movie_id_cast_info on cast_info ci  (cost=0.56..1.52 rows=37 width=12) (actual time=0.005..0.090 rows=96 loops=1423)
                                      Index Cond: (movie_id = mk.movie_id)
                          ->  Index Scan using char_name_pkey on char_name chn  (cost=0.43..0.46 rows=1 width=20) (actual time=0.001..0.001 rows=0 loops=136158)
                                Index Cond: (id = ci.person_role_id)
                                Filter: ((name IS NOT NULL) AND ((name ~~ '%man%'::text) OR (name ~~ '%Man%'::text)))
                                Rows Removed by Filter: 0
                    ->  Index Scan using title_pkey on title t  (cost=0.43..0.45 rows=1 width=25) (actual time=0.002..0.002 rows=0 loops=5264)
                          Index Cond: (id = ci.movie_id)
                          Filter: (production_year > 2000)
                          Rows Removed by Filter: 1
              ->  Index Scan using name_pkey on name n  (cost=0.43..0.46 rows=1 width=19) (actual time=0.004..0.004 rows=1 loops=1844)
                    Index Cond: (id = ci.person_id)
        ->  Index Scan using kind_type_pkey on kind_type kt  (cost=0.15..0.17 rows=1 width=4) (actual time=0.001..0.001 rows=1 loops=1844)
              Index Cond: (id = t.kind_id)
              Filter: ((kind)::text = 'movie'::text)
              Rows Removed by Filter: 0
Planning time: 45.775 ms
Execution time: 501.989 ms
