Aggregate  (cost=3842.41..3842.42 rows=1 width=128) (actual time=1095.544..1095.544 rows=1 loops=1)
  ->  Nested Loop  (cost=22.33..3842.40 rows=1 width=53) (actual time=9.624..1094.658 rows=1728 loops=1)
        ->  Nested Loop  (cost=21.90..3841.94 rows=1 width=42) (actual time=9.616..1087.296 rows=1728 loops=1)
              ->  Nested Loop  (cost=21.47..3835.54 rows=14 width=30) (actual time=1.467..1007.625 rows=58947 loops=1)
                    Join Filter: (t.id = ci.movie_id)
                    ->  Nested Loop  (cost=20.90..3833.55 rows=1 width=38) (actual time=1.455..949.324 rows=326 loops=1)
                          ->  Nested Loop  (cost=20.76..3833.37 rows=1 width=42) (actual time=0.345..948.475 rows=507 loops=1)
                                Join Filter: (t.id = mi_idx.movie_id)
                                ->  Nested Loop  (cost=20.33..3832.86 rows=1 width=29) (actual time=0.337..942.799 rows=1267 loops=1)
                                      ->  Nested Loop  (cost=19.91..3831.95 rows=2 width=33) (actual time=0.065..368.411 rows=294672 loops=1)
                                            ->  Nested Loop  (cost=19.48..3830.14 rows=1 width=25) (actual time=0.055..262.882 rows=4696 loops=1)
                                                  ->  Nested Loop  (cost=19.33..3829.95 rows=1 width=29) (actual time=0.052..241.807 rows=23557 loops=1)
                                                        ->  Nested Loop  (cost=18.90..3828.17 rows=1 width=4) (actual time=0.025..48.851 rows=85941 loops=1)
                                                              Join Filter: (cc.subject_id = cct1.id)
                                                              Rows Removed by Join Filter: 49145
                                                              ->  Seq Scan on comp_cast_type cct1  (cost=0.00..18.88 rows=1 width=4) (actual time=0.007..0.009 rows=1 loops=1)
                                                                    Filter: ((kind)::text = 'cast'::text)
                                                                    Rows Removed by Filter: 3
                                                              ->  Hash Join  (cost=18.90..3804.53 rows=381 width=8) (actual time=0.017..36.233 rows=135086 loops=1)
                                                                    Hash Cond: (cc.status_id = cct2.id)
                                                                    ->  Seq Scan on complete_cast cc  (cost=0.00..2081.86 rows=135086 width=12) (actual time=0.005..10.802 rows=135086 loops=1)
                                                                    ->  Hash  (cost=18.88..18.88 rows=2 width=4) (actual time=0.005..0.005 rows=2 loops=1)
                                                                          Buckets: 1024  Batches: 1  Memory Usage: 9kB
                                                                          ->  Seq Scan on comp_cast_type cct2  (cost=0.00..18.88 rows=2 width=4) (actual time=0.002..0.003 rows=2 loops=1)
                                                                                Filter: ((kind)::text ~~ '%complete%'::text)
                                                                                Rows Removed by Filter: 2
                                                        ->  Index Scan using title_pkey on title t  (cost=0.43..1.78 rows=1 width=25) (actual time=0.002..0.002 rows=0 loops=85941)
                                                              Index Cond: (id = cc.movie_id)
                                                              Filter: (production_year > 2000)
                                                              Rows Removed by Filter: 1
                                                  ->  Index Scan using kind_type_pkey on kind_type kt  (cost=0.15..0.17 rows=1 width=4) (actual time=0.001..0.001 rows=0 loops=23557)
                                                        Index Cond: (id = t.kind_id)
                                                        Filter: ((kind)::text = 'movie'::text)
                                                        Rows Removed by Filter: 1
                                            ->  Index Scan using movie_id_movie_keyword on movie_keyword mk  (cost=0.43..1.34 rows=46 width=8) (actual time=0.004..0.015 rows=63 loops=4696)
                                                  Index Cond: (movie_id = t.id)
                                      ->  Index Scan using keyword_pkey on keyword k  (cost=0.42..0.45 rows=1 width=4) (actual time=0.002..0.002 rows=0 loops=294672)
                                            Index Cond: (id = mk.keyword_id)
                                            Filter: (keyword = ANY ('{superhero,marvel-comics,based-on-comic,tv-special,fight,violence,magnet,web,claw,laser}'::text[]))
                                            Rows Removed by Filter: 1
                                ->  Index Scan using movie_id_movie_info_idx on movie_info_idx mi_idx  (cost=0.43..0.50 rows=1 width=13) (actual time=0.004..0.004 rows=0 loops=1267)
                                      Index Cond: (movie_id = mk.movie_id)
                                      Filter: (info > '7.0'::text)
                                      Rows Removed by Filter: 3
                          ->  Index Scan using info_type_pkey on info_type it2  (cost=0.14..0.16 rows=1 width=4) (actual time=0.001..0.001 rows=1 loops=507)
                                Index Cond: (id = mi_idx.info_type_id)
                                Filter: ((info)::text = 'rating'::text)
                                Rows Removed by Filter: 0
                    ->  Index Scan using movie_id_cast_info on cast_info ci  (cost=0.56..1.52 rows=37 width=12) (actual time=0.006..0.150 rows=181 loops=326)
                          Index Cond: (movie_id = mk.movie_id)
              ->  Index Scan using char_name_pkey on char_name chn  (cost=0.43..0.46 rows=1 width=20) (actual time=0.001..0.001 rows=0 loops=58947)
                    Index Cond: (id = ci.person_role_id)
                    Filter: ((name IS NOT NULL) AND ((name ~~ '%man%'::text) OR (name ~~ '%Man%'::text)))
                    Rows Removed by Filter: 0
        ->  Index Scan using name_pkey on name n  (cost=0.43..0.46 rows=1 width=19) (actual time=0.004..0.004 rows=1 loops=1728)
              Index Cond: (id = ci.person_id)
Planning time: 45.445 ms
Execution time: 1095.650 ms
