Aggregate  (cost=19377.09..19377.10 rows=1 width=128) (actual time=295.576..295.577 rows=1 loops=1)
  ->  Nested Loop  (cost=3798.89..19377.08 rows=1 width=53) (actual time=37.185..294.764 rows=1728 loops=1)
        ->  Nested Loop  (cost=3798.46..19376.63 rows=1 width=42) (actual time=37.176..287.115 rows=1728 loops=1)
              ->  Nested Loop  (cost=3798.03..19370.22 rows=14 width=30) (actual time=36.942..205.215 rows=58947 loops=1)
                    Join Filter: (t.id = ci.movie_id)
                    ->  Nested Loop  (cost=3797.46..19368.23 rows=1 width=38) (actual time=36.929..140.351 rows=326 loops=1)
                          ->  Nested Loop  (cost=3797.32..19368.05 rows=1 width=42) (actual time=36.859..139.650 rows=507 loops=1)
                                Join Filter: (t.id = mi_idx.movie_id)
                                ->  Nested Loop  (cost=3796.89..19367.54 rows=1 width=29) (actual time=36.847..133.816 rows=1267 loops=1)
                                      ->  Nested Loop  (cost=3796.74..19367.35 rows=1 width=33) (actual time=36.512..132.103 rows=1595 loops=1)
                                            ->  Nested Loop  (cost=3796.31..19366.86 rows=1 width=8) (actual time=36.220..110.638 rows=6396 loops=1)
                                                  ->  Hash Join  (cost=3796.16..19362.41 rows=26 width=12) (actual time=36.211..101.704 rows=9392 loops=1)
                                                        Hash Cond: (cc.status_id = cct2.id)
                                                        ->  Hash Join  (cost=3777.26..19225.05 rows=9392 width=16) (actual time=36.196..99.908 rows=9392 loops=1)
                                                              Hash Cond: (mk.movie_id = cc.movie_id)
                                                              ->  Nested Loop  (cost=6.83..14793.30 rows=24091 width=4) (actual time=0.479..57.085 rows=24091 loops=1)
                                                                    ->  Seq Scan on keyword k  (cost=0.00..3967.82 rows=10 width=4) (actual time=0.106..28.942 rows=10 loops=1)
                                                                          Filter: (keyword = ANY ('{superhero,marvel-comics,based-on-comic,tv-special,fight,violence,magnet,web,claw,laser}'::text[]))
                                                                          Rows Removed by Filter: 134160
                                                                    ->  Bitmap Heap Scan on movie_keyword mk  (cost=6.83..1079.46 rows=309 width=8) (actual time=0.459..2.560 rows=2409 loops=10)
                                                                          Recheck Cond: (keyword_id = k.id)
                                                                          Heap Blocks: exact=17127
                                                                          ->  Bitmap Index Scan on keyword_id_movie_keyword  (cost=0.00..6.75 rows=309 width=0) (actual time=0.248..0.248 rows=2409 loops=10)
                                                                                Index Cond: (keyword_id = k.id)
                                                              ->  Hash  (cost=2081.86..2081.86 rows=135086 width=12) (actual time=35.372..35.372 rows=135086 loops=1)
                                                                    Buckets: 262144  Batches: 1  Memory Usage: 7853kB
                                                                    ->  Seq Scan on complete_cast cc  (cost=0.00..2081.86 rows=135086 width=12) (actual time=0.006..17.348 rows=135086 loops=1)
                                                        ->  Hash  (cost=18.88..18.88 rows=2 width=4) (actual time=0.009..0.009 rows=2 loops=1)
                                                              Buckets: 1024  Batches: 1  Memory Usage: 9kB
                                                              ->  Seq Scan on comp_cast_type cct2  (cost=0.00..18.88 rows=2 width=4) (actual time=0.006..0.007 rows=2 loops=1)
                                                                    Filter: ((kind)::text ~~ '%complete%'::text)
                                                                    Rows Removed by Filter: 2
                                                  ->  Index Scan using comp_cast_type_pkey on comp_cast_type cct1  (cost=0.15..0.17 rows=1 width=4) (actual time=0.001..0.001 rows=1 loops=9392)
                                                        Index Cond: (id = cc.subject_id)
                                                        Filter: ((kind)::text = 'cast'::text)
                                                        Rows Removed by Filter: 0
                                            ->  Index Scan using title_pkey on title t  (cost=0.43..0.49 rows=1 width=25) (actual time=0.003..0.003 rows=0 loops=6396)
                                                  Index Cond: (id = mk.movie_id)
                                                  Filter: (production_year > 2000)
                                                  Rows Removed by Filter: 1
                                      ->  Index Scan using kind_type_pkey on kind_type kt  (cost=0.15..0.17 rows=1 width=4) (actual time=0.001..0.001 rows=1 loops=1595)
                                            Index Cond: (id = t.kind_id)
                                            Filter: ((kind)::text = 'movie'::text)
                                            Rows Removed by Filter: 0
                                ->  Index Scan using movie_id_movie_info_idx on movie_info_idx mi_idx  (cost=0.43..0.50 rows=1 width=13) (actual time=0.004..0.004 rows=0 loops=1267)
                                      Index Cond: (movie_id = mk.movie_id)
                                      Filter: (info > '7.0'::text)
                                      Rows Removed by Filter: 3
                          ->  Index Scan using info_type_pkey on info_type it2  (cost=0.14..0.16 rows=1 width=4) (actual time=0.001..0.001 rows=1 loops=507)
                                Index Cond: (id = mi_idx.info_type_id)
                                Filter: ((info)::text = 'rating'::text)
                                Rows Removed by Filter: 0
                    ->  Index Scan using movie_id_cast_info on cast_info ci  (cost=0.56..1.52 rows=37 width=12) (actual time=0.007..0.171 rows=181 loops=326)
                          Index Cond: (movie_id = mk.movie_id)
              ->  Index Scan using char_name_pkey on char_name chn  (cost=0.43..0.46 rows=1 width=20) (actual time=0.001..0.001 rows=0 loops=58947)
                    Index Cond: (id = ci.person_role_id)
                    Filter: ((name IS NOT NULL) AND ((name ~~ '%man%'::text) OR (name ~~ '%Man%'::text)))
                    Rows Removed by Filter: 0
        ->  Index Scan using name_pkey on name n  (cost=0.43..0.46 rows=1 width=19) (actual time=0.004..0.004 rows=1 loops=1728)
              Index Cond: (id = ci.person_id)
Planning time: 45.783 ms
Execution time: 295.704 ms
