Aggregate  (cost=3842.44..3842.45 rows=1 width=96) (actual time=529.848..529.848 rows=1 loops=1)
  ->  Nested Loop  (cost=22.33..3842.43 rows=1 width=38) (actual time=191.405..529.800 rows=93 loops=1)
        ->  Nested Loop  (cost=21.90..3841.97 rows=1 width=42) (actual time=191.396..529.408 rows=93 loops=1)
              ->  Nested Loop  (cost=21.47..3835.56 rows=14 width=30) (actual time=191.345..526.244 rows=2300 loops=1)
                    Join Filter: (t.id = ci.movie_id)
                    ->  Nested Loop  (cost=20.90..3833.58 rows=1 width=38) (actual time=191.327..523.871 rows=6 loops=1)
                          ->  Nested Loop  (cost=20.76..3833.39 rows=1 width=42) (actual time=2.530..523.792 rows=31 loops=1)
                                Join Filter: (t.id = mi_idx.movie_id)
                                ->  Nested Loop  (cost=20.33..3832.88 rows=1 width=29) (actual time=0.287..522.430 rows=269 loops=1)
                                      ->  Nested Loop  (cost=19.91..3831.99 rows=2 width=33) (actual time=0.058..281.922 rows=140132 loops=1)
                                            ->  Nested Loop  (cost=19.48..3830.14 rows=1 width=25) (actual time=0.047..233.417 rows=2396 loops=1)
                                                  ->  Nested Loop  (cost=19.33..3829.95 rows=1 width=29) (actual time=0.045..220.583 rows=15465 loops=1)
                                                        ->  Nested Loop  (cost=18.90..3828.17 rows=1 width=4) (actual time=0.020..45.481 rows=85941 loops=1)
                                                              Join Filter: (cc.subject_id = cct1.id)
                                                              Rows Removed by Join Filter: 49145
                                                              ->  Seq Scan on comp_cast_type cct1  (cost=0.00..18.88 rows=1 width=4) (actual time=0.005..0.007 rows=1 loops=1)
                                                                    Filter: ((kind)::text = 'cast'::text)
                                                                    Rows Removed by Filter: 3
                                                              ->  Hash Join  (cost=18.90..3804.53 rows=381 width=8) (actual time=0.014..33.996 rows=135086 loops=1)
                                                                    Hash Cond: (cc.status_id = cct2.id)
                                                                    ->  Seq Scan on complete_cast cc  (cost=0.00..2081.86 rows=135086 width=12) (actual time=0.005..10.247 rows=135086 loops=1)
                                                                    ->  Hash  (cost=18.88..18.88 rows=2 width=4) (actual time=0.004..0.004 rows=2 loops=1)
                                                                          Buckets: 1024  Batches: 1  Memory Usage: 9kB
                                                                          ->  Seq Scan on comp_cast_type cct2  (cost=0.00..18.88 rows=2 width=4) (actual time=0.002..0.003 rows=2 loops=1)
                                                                                Filter: ((kind)::text ~~ '%complete%'::text)
                                                                                Rows Removed by Filter: 2
                                                        ->  Index Scan using title_pkey on title t  (cost=0.43..1.78 rows=1 width=25) (actual time=0.002..0.002 rows=0 loops=85941)
                                                              Index Cond: (id = cc.movie_id)
                                                              Filter: (production_year > 2005)
                                                              Rows Removed by Filter: 1
                                                  ->  Index Scan using kind_type_pkey on kind_type kt  (cost=0.15..0.17 rows=1 width=4) (actual time=0.001..0.001 rows=0 loops=15465)
                                                        Index Cond: (id = t.kind_id)
                                                        Filter: ((kind)::text = 'movie'::text)
                                                        Rows Removed by Filter: 1
                                            ->  Index Scan using movie_id_movie_keyword on movie_keyword mk  (cost=0.43..1.38 rows=46 width=8) (actual time=0.004..0.014 rows=58 loops=2396)
                                                  Index Cond: (movie_id = t.id)
                                      ->  Index Scan using keyword_pkey on keyword k  (cost=0.42..0.44 rows=1 width=4) (actual time=0.002..0.002 rows=0 loops=140132)
                                            Index Cond: (id = mk.keyword_id)
                                            Filter: (keyword = ANY ('{superhero,marvel-comics,based-on-comic,fight}'::text[]))
                                            Rows Removed by Filter: 1
                                ->  Index Scan using movie_id_movie_info_idx on movie_info_idx mi_idx  (cost=0.43..0.50 rows=1 width=13) (actual time=0.005..0.005 rows=0 loops=269)
                                      Index Cond: (movie_id = mk.movie_id)
                                      Filter: (info > '8.0'::text)
                                      Rows Removed by Filter: 3
                          ->  Index Scan using info_type_pkey on info_type it2  (cost=0.14..0.16 rows=1 width=4) (actual time=0.002..0.002 rows=0 loops=31)
                                Index Cond: (id = mi_idx.info_type_id)
                                Filter: ((info)::text = 'rating'::text)
                                Rows Removed by Filter: 1
                    ->  Index Scan using movie_id_cast_info on cast_info ci  (cost=0.56..1.52 rows=37 width=12) (actual time=0.009..0.335 rows=383 loops=6)
                          Index Cond: (movie_id = mk.movie_id)
              ->  Index Scan using char_name_pkey on char_name chn  (cost=0.43..0.46 rows=1 width=20) (actual time=0.001..0.001 rows=0 loops=2300)
                    Index Cond: (id = ci.person_role_id)
                    Filter: ((name IS NOT NULL) AND ((name ~~ '%man%'::text) OR (name ~~ '%Man%'::text)))
                    Rows Removed by Filter: 0
        ->  Index Only Scan using name_pkey on name n  (cost=0.43..0.46 rows=1 width=4) (actual time=0.004..0.004 rows=1 loops=93)
              Index Cond: (id = ci.person_id)
              Heap Fetches: 93
Planning time: 45.275 ms
Execution time: 529.935 ms
