Aggregate  (cost=11651.19..11651.20 rows=1 width=96) (actual time=170.889..170.889 rows=1 loops=1)
  ->  Nested Loop  (cost=3798.74..11651.18 rows=1 width=38) (actual time=48.075..170.838 rows=93 loops=1)
        ->  Nested Loop  (cost=3798.59..11651.00 rows=1 width=42) (actual time=46.545..170.551 rows=226 loops=1)
              ->  Nested Loop  (cost=3798.44..11650.81 rows=1 width=46) (actual time=46.538..170.247 rows=246 loops=1)
                    Join Filter: (mk.movie_id = t.id)
                    ->  Nested Loop  (cost=3798.01..11650.34 rows=1 width=41) (actual time=37.755..167.801 rows=1020 loops=1)
                          ->  Nested Loop  (cost=3797.58..11649.89 rows=1 width=45) (actual time=37.744..163.146 rows=1020 loops=1)
                                ->  Nested Loop  (cost=3797.15..11632.95 rows=37 width=33) (actual time=37.153..114.789 rows=29214 loops=1)
                                      ->  Nested Loop  (cost=3796.59..11631.06 rows=1 width=21) (actual time=37.141..81.842 rows=297 loops=1)
                                            ->  Nested Loop  (cost=3796.16..11628.01 rows=6 width=8) (actual time=37.112..71.412 rows=2667 loops=1)
                                                  Join Filter: (cct1.id = cc.subject_id)
                                                  Rows Removed by Join Filter: 1307
                                                  ->  Seq Scan on comp_cast_type cct1  (cost=0.00..18.88 rows=1 width=4) (actual time=0.005..0.008 rows=1 loops=1)
                                                        Filter: ((kind)::text = 'cast'::text)
                                                        Rows Removed by Filter: 3
                                                  ->  Hash Join  (cost=3796.16..11559.46 rows=3974 width=12) (actual time=37.104..70.955 rows=3974 loops=1)
                                                        Hash Cond: (cc.status_id = cct2.id)
                                                        ->  Hash Join  (cost=3777.26..11490.44 rows=3974 width=16) (actual time=37.092..70.165 rows=3974 loops=1)
                                                              Hash Cond: (mk.movie_id = cc.movie_id)
                                                              ->  Nested Loop  (cost=6.83..7445.94 rows=9984 width=4) (actual time=0.436..30.582 rows=9984 loops=1)
                                                                    ->  Seq Scan on keyword k  (cost=0.00..2961.55 rows=4 width=4) (actual time=0.066..17.920 rows=4 loops=1)
                                                                          Filter: (keyword = ANY ('{superhero,marvel-comics,based-on-comic,fight}'::text[]))
                                                                          Rows Removed by Filter: 134166
                                                                    ->  Bitmap Heap Scan on movie_keyword mk  (cost=6.83..1118.01 rows=309 width=8) (actual time=0.487..2.893 rows=2496 loops=4)
                                                                          Recheck Cond: (keyword_id = k.id)
                                                                          Heap Blocks: exact=7686
                                                                          ->  Bitmap Index Scan on keyword_id_movie_keyword  (cost=0.00..6.75 rows=309 width=0) (actual time=0.253..0.253 rows=2496 loops=4)
                                                                                Index Cond: (keyword_id = k.id)
                                                              ->  Hash  (cost=2081.86..2081.86 rows=135086 width=12) (actual time=36.318..36.318 rows=135086 loops=1)
                                                                    Buckets: 262144  Batches: 1  Memory Usage: 7853kB
                                                                    ->  Seq Scan on complete_cast cc  (cost=0.00..2081.86 rows=135086 width=12) (actual time=0.006..17.559 rows=135086 loops=1)
                                                        ->  Hash  (cost=18.88..18.88 rows=2 width=4) (actual time=0.005..0.005 rows=2 loops=1)
                                                              Buckets: 1024  Batches: 1  Memory Usage: 9kB
                                                              ->  Seq Scan on comp_cast_type cct2  (cost=0.00..18.88 rows=2 width=4) (actual time=0.002..0.003 rows=2 loops=1)
                                                                    Filter: ((kind)::text ~~ '%complete%'::text)
                                                                    Rows Removed by Filter: 2
                                            ->  Index Scan using movie_id_movie_info_idx on movie_info_idx mi_idx  (cost=0.43..0.50 rows=1 width=13) (actual time=0.004..0.004 rows=0 loops=2667)
                                                  Index Cond: (movie_id = mk.movie_id)
                                                  Filter: (info > '8.0'::text)
                                                  Rows Removed by Filter: 3
                                      ->  Index Scan using movie_id_cast_info on cast_info ci  (cost=0.56..1.52 rows=37 width=12) (actual time=0.006..0.097 rows=98 loops=297)
                                            Index Cond: (movie_id = mk.movie_id)
                                ->  Index Scan using char_name_pkey on char_name chn  (cost=0.43..0.46 rows=1 width=20) (actual time=0.001..0.001 rows=0 loops=29214)
                                      Index Cond: (id = ci.person_role_id)
                                      Filter: ((name IS NOT NULL) AND ((name ~~ '%man%'::text) OR (name ~~ '%Man%'::text)))
                                      Rows Removed by Filter: 0
                          ->  Index Only Scan using name_pkey on name n  (cost=0.43..0.46 rows=1 width=4) (actual time=0.004..0.004 rows=1 loops=1020)
                                Index Cond: (id = ci.person_id)
                                Heap Fetches: 1020
                    ->  Index Scan using title_pkey on title t  (cost=0.43..0.45 rows=1 width=25) (actual time=0.002..0.002 rows=0 loops=1020)
                          Index Cond: (id = ci.movie_id)
                          Filter: (production_year > 2005)
                          Rows Removed by Filter: 1
              ->  Index Scan using kind_type_pkey on kind_type kt  (cost=0.15..0.17 rows=1 width=4) (actual time=0.001..0.001 rows=1 loops=246)
                    Index Cond: (id = t.kind_id)
                    Filter: ((kind)::text = 'movie'::text)
                    Rows Removed by Filter: 0
        ->  Index Scan using info_type_pkey on info_type it2  (cost=0.14..0.16 rows=1 width=4) (actual time=0.001..0.001 rows=0 loops=226)
              Index Cond: (id = mi_idx.info_type_id)
              Filter: ((info)::text = 'rating'::text)
              Rows Removed by Filter: 1
Planning time: 45.646 ms
Execution time: 171.016 ms
