Aggregate  (cost=33931.45..33931.46 rows=1 width=96) (actual time=567.696..567.696 rows=1 loops=1)
  ->  Nested Loop  (cost=15115.62..33927.73 rows=496 width=38) (actual time=58.868..565.687 rows=5400 loops=1)
        ->  Nested Loop  (cost=15115.19..33701.89 rows=496 width=42) (actual time=58.859..545.406 rows=5400 loops=1)
              ->  Nested Loop  (cost=15114.76..25427.44 rows=18076 width=30) (actual time=58.130..299.456 rows=189738 loops=1)
                    Join Filter: (t.id = ci.movie_id)
                    ->  Hash Join  (cost=15114.19..22922.72 rows=1261 width=38) (actual time=58.117..117.611 rows=1261 loops=1)
                          Hash Cond: (cc.status_id = cct2.id)
                          ->  Nested Loop  (cost=15095.29..22887.92 rows=1261 width=42) (actual time=58.104..117.216 rows=1261 loops=1)
                                Join Filter: (it2.id = mi_idx.info_type_id)
                                Rows Removed by Join Filter: 2570
                                ->  Seq Scan on info_type it2  (cost=0.00..2.41 rows=1 width=4) (actual time=0.010..0.013 rows=1 loops=1)
                                      Filter: ((info)::text = 'rating'::text)
                                      Rows Removed by Filter: 112
                                ->  Nested Loop  (cost=15095.29..22837.62 rows=3831 width=46) (actual time=58.090..116.774 rows=3831 loops=1)
                                      Join Filter: (t.id = mi_idx.movie_id)
                                      ->  Nested Loop  (cost=15094.86..22168.82 rows=1267 width=33) (actual time=58.072..111.200 rows=1267 loops=1)
                                            Join Filter: (kt.id = t.kind_id)
                                            Rows Removed by Join Filter: 328
                                            ->  Seq Scan on kind_type kt  (cost=0.00..22.75 rows=1 width=4) (actual time=0.002..0.004 rows=1 loops=1)
                                                  Filter: ((kind)::text = 'movie'::text)
                                                  Rows Removed by Filter: 6
                                            ->  Nested Loop  (cost=15094.86..22126.13 rows=1595 width=37) (actual time=58.069..110.928 rows=1595 loops=1)
                                                  ->  Nested Loop  (cost=15094.43..18993.50 rows=6396 width=12) (actual time=58.057..92.057 rows=6396 loops=1)
                                                        Join Filter: (cct1.id = cc.subject_id)
                                                        Rows Removed by Join Filter: 2996
                                                        ->  Seq Scan on comp_cast_type cct1  (cost=0.00..18.88 rows=1 width=4) (actual time=0.001..0.004 rows=1 loops=1)
                                                              Filter: ((kind)::text = 'cast'::text)
                                                              Rows Removed by Filter: 3
                                                        ->  Hash Join  (cost=15094.43..18857.22 rows=9392 width=16) (actual time=58.055..91.030 rows=9392 loops=1)
                                                              Hash Cond: (cc.movie_id = mk.movie_id)
                                                              ->  Seq Scan on complete_cast cc  (cost=0.00..2081.86 rows=135086 width=12) (actual time=0.005..10.592 rows=135086 loops=1)
                                                              ->  Hash  (cost=14793.30..14793.30 rows=24091 width=4) (actual time=58.029..58.029 rows=24091 loops=1)
                                                                    Buckets: 32768  Batches: 1  Memory Usage: 1103kB
                                                                    ->  Nested Loop  (cost=6.83..14793.30 rows=24091 width=4) (actual time=0.466..54.967 rows=24091 loops=1)
                                                                          ->  Seq Scan on keyword k  (cost=0.00..3967.82 rows=10 width=4) (actual time=0.105..29.171 rows=10 loops=1)
                                                                                Filter: (keyword = ANY ('{superhero,marvel-comics,based-on-comic,tv-special,fight,violence,magnet,web,claw,laser}'::text[]))
                                                                                Rows Removed by Filter: 134160
                                                                          ->  Bitmap Heap Scan on movie_keyword mk  (cost=6.83..1079.46 rows=309 width=8) (actual time=0.444..2.311 rows=2409 loops=10)
                                                                                Recheck Cond: (keyword_id = k.id)
                                                                                Heap Blocks: exact=17127
                                                                                ->  Bitmap Index Scan on keyword_id_movie_keyword  (cost=0.00..6.75 rows=309 width=0) (actual time=0.232..0.232 rows=2409 loops=10)
                                                                                      Index Cond: (keyword_id = k.id)
                                                  ->  Index Scan using title_pkey on title t  (cost=0.43..0.49 rows=1 width=25) (actual time=0.003..0.003 rows=0 loops=6396)
                                                        Index Cond: (id = mk.movie_id)
                                                        Filter: (production_year > 2000)
                                                        Rows Removed by Filter: 1
                                      ->  Index Scan using movie_id_movie_info_idx on movie_info_idx mi_idx  (cost=0.43..0.49 rows=3 width=13) (actual time=0.003..0.004 rows=3 loops=1267)
                                            Index Cond: (movie_id = mk.movie_id)
                          ->  Hash  (cost=18.88..18.88 rows=2 width=4) (actual time=0.007..0.007 rows=2 loops=1)
                                Buckets: 1024  Batches: 1  Memory Usage: 9kB
                                ->  Seq Scan on comp_cast_type cct2  (cost=0.00..18.88 rows=2 width=4) (actual time=0.005..0.006 rows=2 loops=1)
                                      Filter: ((kind)::text ~~ '%complete%'::text)
                                      Rows Removed by Filter: 2
                    ->  Index Scan using movie_id_cast_info on cast_info ci  (cost=0.56..1.52 rows=37 width=12) (actual time=0.005..0.120 rows=150 loops=1261)
                          Index Cond: (movie_id = mk.movie_id)
              ->  Index Scan using char_name_pkey on char_name chn  (cost=0.43..0.46 rows=1 width=20) (actual time=0.001..0.001 rows=0 loops=189738)
                    Index Cond: (id = ci.person_role_id)
                    Filter: ((name IS NOT NULL) AND ((name ~~ '%man%'::text) OR (name ~~ '%Man%'::text)))
                    Rows Removed by Filter: 0
        ->  Index Only Scan using name_pkey on name n  (cost=0.43..0.46 rows=1 width=4) (actual time=0.003..0.003 rows=1 loops=5400)
              Index Cond: (id = ci.person_id)
              Heap Fetches: 5400
Planning time: 44.783 ms
Execution time: 567.801 ms
