Aggregate  (cost=3847.20..3847.21 rows=1 width=96) (actual time=2616.223..2616.224 rows=1 loops=1)
  ->  Nested Loop  (cost=22.35..3847.19 rows=1 width=38) (actual time=1.338..2614.021 rows=5400 loops=1)
        ->  Nested Loop  (cost=21.92..3846.74 rows=1 width=42) (actual time=1.330..2592.062 rows=5400 loops=1)
              ->  Nested Loop  (cost=21.49..3840.33 rows=14 width=30) (actual time=1.313..2342.885 rows=189738 loops=1)
                    Join Filter: (t.id = ci.movie_id)
                    ->  Nested Loop  (cost=20.93..3838.34 rows=1 width=38) (actual time=1.302..2156.255 rows=1261 loops=1)
                          ->  Nested Loop  (cost=20.79..3838.16 rows=1 width=42) (actual time=0.810..2151.495 rows=3831 loops=1)
                                ->  Nested Loop  (cost=20.36..3837.25 rows=2 width=46) (actual time=0.101..584.187 rows=888749 loops=1)
                                      ->  Nested Loop  (cost=19.93..3835.45 rows=1 width=38) (actual time=0.081..315.604 rows=12132 loops=1)
                                            ->  Nested Loop  (cost=19.50..3834.91 rows=1 width=25) (actual time=0.074..297.161 rows=4696 loops=1)
                                                  ->  Nested Loop  (cost=19.36..3834.73 rows=1 width=29) (actual time=0.052..276.058 rows=23557 loops=1)
                                                        ->  Nested Loop  (cost=18.93..3832.95 rows=1 width=4) (actual time=0.019..76.058 rows=85941 loops=1)
                                                              Join Filter: (cct2.id = cc.status_id)
                                                              Rows Removed by Join Filter: 85941
                                                              ->  Seq Scan on comp_cast_type cct2  (cost=0.00..18.88 rows=1 width=4) (actual time=0.005..0.007 rows=2 loops=1)
                                                                    Filter: ((kind)::text ~~ '%complete%'::text)
                                                                    Rows Removed by Filter: 2
                                                              ->  Hash Join  (cost=18.93..3804.56 rows=761 width=8) (actual time=0.008..30.828 rows=85941 loops=2)
                                                                    Hash Cond: (cc.subject_id = cct1.id)
                                                                    ->  Seq Scan on complete_cast cc  (cost=0.00..2081.86 rows=135086 width=12) (actual time=0.004..10.356 rows=135086 loops=2)
                                                                    ->  Hash  (cost=18.88..18.88 rows=4 width=4) (actual time=0.003..0.003 rows=1 loops=1)
                                                                          Buckets: 1024  Batches: 1  Memory Usage: 9kB
                                                                          ->  Seq Scan on comp_cast_type cct1  (cost=0.00..18.88 rows=4 width=4) (actual time=0.001..0.002 rows=1 loops=1)
                                                                                Filter: ((kind)::text = 'cast'::text)
                                                                                Rows Removed by Filter: 3
                                                        ->  Index Scan using title_pkey on title t  (cost=0.43..1.78 rows=1 width=25) (actual time=0.002..0.002 rows=0 loops=85941)
                                                              Index Cond: (id = cc.movie_id)
                                                              Filter: (production_year > 2000)
                                                              Rows Removed by Filter: 1
                                                  ->  Index Scan using kind_type_pkey on kind_type kt  (cost=0.15..0.17 rows=1 width=4) (actual time=0.001..0.001 rows=0 loops=23557)
                                                        Index Cond: (id = t.kind_id)
                                                        Filter: ((kind)::text = 'movie'::text)
                                                        Rows Removed by Filter: 1
                                            ->  Index Scan using movie_id_movie_info_idx on movie_info_idx mi_idx  (cost=0.43..0.51 rows=3 width=13) (actual time=0.003..0.003 rows=3 loops=4696)
                                                  Index Cond: (movie_id = t.id)
                                      ->  Index Scan using movie_id_movie_keyword on movie_keyword mk  (cost=0.43..1.34 rows=46 width=8) (actual time=0.003..0.013 rows=73 loops=12132)
                                            Index Cond: (movie_id = t.id)
                                ->  Index Scan using keyword_pkey on keyword k  (cost=0.42..0.45 rows=1 width=4) (actual time=0.002..0.002 rows=0 loops=888749)
                                      Index Cond: (id = mk.keyword_id)
                                      Filter: (keyword = ANY ('{superhero,marvel-comics,based-on-comic,tv-special,fight,violence,magnet,web,claw,laser}'::text[]))
                                      Rows Removed by Filter: 1
                          ->  Index Scan using info_type_pkey on info_type it2  (cost=0.14..0.16 rows=1 width=4) (actual time=0.001..0.001 rows=0 loops=3831)
                                Index Cond: (id = mi_idx.info_type_id)
                                Filter: ((info)::text = 'rating'::text)
                                Rows Removed by Filter: 1
                    ->  Index Scan using movie_id_cast_info on cast_info ci  (cost=0.56..1.52 rows=37 width=12) (actual time=0.006..0.125 rows=150 loops=1261)
                          Index Cond: (movie_id = mk.movie_id)
              ->  Index Scan using char_name_pkey on char_name chn  (cost=0.43..0.46 rows=1 width=20) (actual time=0.001..0.001 rows=0 loops=189738)
                    Index Cond: (id = ci.person_role_id)
                    Filter: ((name IS NOT NULL) AND ((name ~~ '%man%'::text) OR (name ~~ '%Man%'::text)))
                    Rows Removed by Filter: 0
        ->  Index Only Scan using name_pkey on name n  (cost=0.43..0.46 rows=1 width=4) (actual time=0.004..0.004 rows=1 loops=5400)
              Index Cond: (id = ci.person_id)
              Heap Fetches: 5400
Planning time: 45.139 ms
Execution time: 2616.302 ms
