Aggregate  (cost=3832.44..3832.45 rows=1 width=96) (actual time=21.307..21.307 rows=1 loops=1)
  ->  Nested Loop  (cost=42.74..3832.43 rows=1 width=118) (actual time=2.529..21.138 rows=477 loops=1)
        ->  Nested Loop  (cost=42.59..3829.86 rows=15 width=122) (actual time=2.523..20.605 rows=534 loops=1)
              ->  Nested Loop  (cost=42.17..3796.49 rows=73 width=107) (actual time=2.514..18.509 rows=1163 loops=1)
                    Join Filter: (ml.movie_id = mc.movie_id)
                    ->  Nested Loop  (cost=41.74..3779.73 rows=29 width=119) (actual time=2.506..17.800 rows=154 loops=1)
                          Join Filter: (ml.movie_id = mi.movie_id)
                          ->  Nested Loop  (cost=41.31..3660.45 rows=77 width=115) (actual time=1.691..17.022 rows=77 loops=1)
                                Join Filter: (ml.movie_id = t.id)
                                ->  Nested Loop  (cost=40.88..3621.58 rows=77 width=94) (actual time=1.684..16.845 rows=77 loops=1)
                                      ->  Nested Loop  (cost=40.46..2584.56 rows=2350 width=98) (actual time=0.689..12.873 rows=2350 loops=1)
                                            Join Filter: (ml.movie_id = mk.movie_id)
                                            ->  Hash Join  (cost=40.02..2035.71 rows=189 width=90) (actual time=0.681..11.742 rows=189 loops=1)
                                                  Hash Cond: (ml.link_type_id = lt.id)
                                                  ->  Nested Loop  (cost=21.12..1974.61 rows=3346 width=12) (actual time=0.040..11.448 rows=3346 loops=1)
                                                        Join Filter: (cc.status_id = cct2.id)
                                                        Rows Removed by Join Filter: 1503
                                                        ->  Seq Scan on comp_cast_type cct2  (cost=0.00..18.88 rows=1 width=4) (actual time=0.004..0.005 rows=1 loops=1)
                                                              Filter: ((kind)::text = 'complete'::text)
                                                              Rows Removed by Filter: 3
                                                        ->  Hash Join  (cost=21.12..1895.13 rows=4849 width=16) (actual time=0.035..10.927 rows=4849 loops=1)
                                                              Hash Cond: (cc.subject_id = cct1.id)
                                                              ->  Merge Join  (cost=2.22..1815.07 rows=4849 width=20) (actual time=0.029..10.062 rows=4849 loops=1)
                                                                    Merge Cond: (ml.movie_id = cc.movie_id)
                                                                    ->  Index Scan using movie_id_movie_link on movie_link ml  (cost=0.29..959.51 rows=29997 width=8) (actual time=0.007..4.241 rows=29997 loops=1)
                                                                    ->  Index Scan using movie_id_complete_cast on complete_cast cc  (cost=0.42..6336.58 rows=135086 width=12) (actual time=0.005..2.452 rows=9987 loops=1)
                                                              ->  Hash  (cost=18.88..18.88 rows=2 width=4) (actual time=0.003..0.003 rows=2 loops=1)
                                                                    Buckets: 1024  Batches: 1  Memory Usage: 9kB
                                                                    ->  Seq Scan on comp_cast_type cct1  (cost=0.00..18.88 rows=2 width=4) (actual time=0.002..0.002 rows=2 loops=1)
                                                                          Filter: ((kind)::text = ANY ('{cast,crew}'::text[]))
                                                                          Rows Removed by Filter: 2
                                                  ->  Hash  (cost=18.88..18.88 rows=2 width=86) (actual time=0.013..0.013 rows=2 loops=1)
                                                        Buckets: 1024  Batches: 1  Memory Usage: 9kB
                                                        ->  Seq Scan on link_type lt  (cost=0.00..18.88 rows=2 width=86) (actual time=0.009..0.012 rows=2 loops=1)
                                                              Filter: ((link)::text ~~ '%follow%'::text)
                                                              Rows Removed by Filter: 16
                                            ->  Index Scan using movie_id_movie_keyword on movie_keyword mk  (cost=0.43..2.33 rows=46 width=8) (actual time=0.002..0.004 rows=12 loops=189)
                                                  Index Cond: (movie_id = cc.movie_id)
                                      ->  Index Scan using keyword_pkey on keyword k  (cost=0.42..0.44 rows=1 width=4) (actual time=0.002..0.002 rows=0 loops=2350)
                                            Index Cond: (id = mk.keyword_id)
                                            Filter: (keyword = 'sequel'::text)
                                            Rows Removed by Filter: 1
                                ->  Index Scan using title_pkey on title t  (cost=0.43..0.49 rows=1 width=21) (actual time=0.002..0.002 rows=1 loops=77)
                                      Index Cond: (id = mk.movie_id)
                                      Filter: ((production_year >= 1950) AND (production_year <= 2000))
                          ->  Index Scan using movie_id_movie_info on movie_info mi  (cost=0.43..1.54 rows=1 width=4) (actual time=0.008..0.010 rows=2 loops=77)
                                Index Cond: (movie_id = mk.movie_id)
                                Filter: (info = ANY ('{Sweden,Germany,Swedish,German}'::text[]))
                                Rows Removed by Filter: 17
                    ->  Index Scan using movie_id_movie_companies on movie_companies mc  (cost=0.43..0.54 rows=3 width=12) (actual time=0.002..0.003 rows=8 loops=154)
                          Index Cond: (movie_id = mk.movie_id)
                          Filter: (note IS NULL)
                          Rows Removed by Filter: 1
              ->  Index Scan using company_name_pkey on company_name cn  (cost=0.42..0.46 rows=1 width=23) (actual time=0.002..0.002 rows=0 loops=1163)
                    Index Cond: (id = mc.company_id)
                    Filter: (((country_code)::text <> '[pl]'::text) AND ((name ~~ '%Film%'::text) OR (name ~~ '%Warner%'::text)))
                    Rows Removed by Filter: 1
        ->  Index Scan using company_type_pkey on company_type ct  (cost=0.15..0.17 rows=1 width=4) (actual time=0.001..0.001 rows=1 loops=534)
              Index Cond: (id = mc.company_type_id)
              Filter: ((kind)::text = 'production companies'::text)
              Rows Removed by Filter: 0
Planning time: 46.635 ms
Execution time: 21.405 ms
