Aggregate  (cost=4060.10..4060.11 rows=1 width=96) (actual time=14.810..14.810 rows=1 loops=1)
  ->  Nested Loop  (cost=620.30..4059.62 rows=64 width=118) (actual time=2.109..14.656 rows=477 loops=1)
        Join Filter: (ml.movie_id = mi.movie_id)
        ->  Nested Loop  (cost=619.87..3793.15 rows=172 width=138) (actual time=2.096..13.220 rows=172 loops=1)
              ->  Nested Loop  (cost=619.45..2346.64 rows=3278 width=142) (actual time=1.597..8.070 rows=3278 loops=1)
                    Join Filter: (ml.movie_id = mk.movie_id)
                    ->  Nested Loop  (cost=619.02..1827.90 rows=269 width=134) (actual time=1.589..6.651 rows=269 loops=1)
                          ->  Nested Loop  (cost=618.60..1512.05 rows=691 width=119) (actual time=1.431..5.318 rows=691 loops=1)
                                Join Filter: (ct.id = mc.company_type_id)
                                Rows Removed by Join Filter: 89
                                ->  Nested Loop  (cost=618.60..1481.47 rows=780 width=123) (actual time=1.426..5.114 rows=780 loops=1)
                                      Join Filter: (ml.movie_id = mc.movie_id)
                                      ->  Nested Loop  (cost=618.17..1361.72 rows=179 width=111) (actual time=1.414..4.344 rows=179 loops=1)
                                            Join Filter: (ml.movie_id = t.id)
                                            ->  Nested Loop  (cost=617.74..1022.05 rows=189 width=90) (actual time=1.406..3.886 rows=189 loops=1)
                                                  Join Filter: (cc.subject_id = cct1.id)
                                                  Rows Removed by Join Filter: 29
                                                  ->  Nested Loop  (cost=617.74..997.50 rows=189 width=94) (actual time=1.403..3.828 rows=189 loops=1)
                                                        Join Filter: (cct2.id = cc.status_id)
                                                        Rows Removed by Join Filter: 68
                                                        ->  Merge Join  (cost=617.74..974.77 rows=257 width=98) (actual time=1.397..3.752 rows=257 loops=1)
                                                              Merge Cond: (cc.movie_id = ml.movie_id)
                                                              ->  Index Scan using movie_id_complete_cast on complete_cast cc  (cost=0.42..6336.58 rows=135086 width=12) (actual time=0.006..1.796 rows=5993 loops=1)
                                                              ->  Sort  (cost=617.30..623.08 rows=2315 width=86) (actual time=1.209..1.333 rows=2341 loops=1)
                                                                    Sort Key: ml.movie_id
                                                                    Sort Method: quicksort  Memory: 205kB
                                                                    ->  Nested Loop  (cost=38.82..487.93 rows=2315 width=86) (actual time=0.069..0.814 rows=2315 loops=1)
                                                                          ->  Seq Scan on link_type lt  (cost=0.00..18.88 rows=2 width=86) (actual time=0.005..0.008 rows=2 loops=1)
                                                                                Filter: ((link)::text ~~ '%follow%'::text)
                                                                                Rows Removed by Filter: 16
                                                                          ->  Bitmap Heap Scan on movie_link ml  (cost=38.82..215.78 rows=1875 width=8) (actual time=0.057..0.276 rows=1158 loops=2)
                                                                                Recheck Cond: (link_type_id = lt.id)
                                                                                Heap Blocks: exact=191
                                                                                ->  Bitmap Index Scan on link_type_id_movie_link  (cost=0.00..38.35 rows=1875 width=0) (actual time=0.045..0.045 rows=1158 loops=2)
                                                                                      Index Cond: (link_type_id = lt.id)
                                                        ->  Materialize  (cost=0.00..18.88 rows=1 width=4) (actual time=0.000..0.000 rows=1 loops=257)
                                                              ->  Seq Scan on comp_cast_type cct2  (cost=0.00..18.88 rows=1 width=4) (actual time=0.004..0.004 rows=1 loops=1)
                                                                    Filter: ((kind)::text = 'complete'::text)
                                                                    Rows Removed by Filter: 3
                                                  ->  Materialize  (cost=0.00..18.89 rows=2 width=4) (actual time=0.000..0.000 rows=1 loops=189)
                                                        ->  Seq Scan on comp_cast_type cct1  (cost=0.00..18.88 rows=2 width=4) (actual time=0.002..0.002 rows=2 loops=1)
                                                              Filter: ((kind)::text = ANY ('{cast,crew}'::text[]))
                                            ->  Index Scan using title_pkey on title t  (cost=0.43..1.78 rows=1 width=21) (actual time=0.002..0.002 rows=1 loops=189)
                                                  Index Cond: (id = cc.movie_id)
                                                  Filter: ((production_year >= 1950) AND (production_year <= 2000))
                                                  Rows Removed by Filter: 0
                                      ->  Index Scan using movie_id_movie_companies on movie_companies mc  (cost=0.43..0.63 rows=3 width=12) (actual time=0.002..0.003 rows=4 loops=179)
                                            Index Cond: (movie_id = t.id)
                                            Filter: (note IS NULL)
                                            Rows Removed by Filter: 2
                                ->  Materialize  (cost=0.00..18.88 rows=1 width=4) (actual time=0.000..0.000 rows=1 loops=780)
                                      ->  Seq Scan on company_type ct  (cost=0.00..18.88 rows=1 width=4) (actual time=0.003..0.004 rows=1 loops=1)
                                            Filter: ((kind)::text = 'production companies'::text)
                                            Rows Removed by Filter: 3
                          ->  Index Scan using company_name_pkey on company_name cn  (cost=0.42..0.46 rows=1 width=23) (actual time=0.002..0.002 rows=0 loops=691)
                                Index Cond: (id = mc.company_id)
                                Filter: (((country_code)::text <> '[pl]'::text) AND ((name ~~ '%Film%'::text) OR (name ~~ '%Warner%'::text)))
                                Rows Removed by Filter: 1
                    ->  Index Scan using movie_id_movie_keyword on movie_keyword mk  (cost=0.43..1.35 rows=46 width=8) (actual time=0.002..0.003 rows=12 loops=269)
                          Index Cond: (movie_id = mc.movie_id)
              ->  Index Scan using keyword_pkey on keyword k  (cost=0.42..0.44 rows=1 width=4) (actual time=0.001..0.001 rows=0 loops=3278)
                    Index Cond: (id = mk.keyword_id)
                    Filter: (keyword = 'sequel'::text)
                    Rows Removed by Filter: 1
        ->  Index Scan using movie_id_movie_info on movie_info mi  (cost=0.43..1.54 rows=1 width=4) (actual time=0.006..0.008 rows=3 loops=172)
              Index Cond: (movie_id = mk.movie_id)
              Filter: (info = ANY ('{Sweden,Germany,Swedish,German}'::text[]))
              Rows Removed by Filter: 17
Planning time: 46.281 ms
Execution time: 14.916 ms
