Aggregate  (cost=327.29..327.30 rows=1 width=96) (actual time=18.208..18.208 rows=1 loops=1)
  ->  Nested Loop  (cost=42.26..327.28 rows=1 width=118) (actual time=2.267..18.051 rows=477 loops=1)
        ->  Nested Loop  (cost=42.11..327.10 rows=1 width=122) (actual time=2.265..17.480 rows=648 loops=1)
              Join Filter: (ml.movie_id = t.id)
              ->  Nested Loop  (cost=41.68..326.59 rows=1 width=125) (actual time=2.256..16.415 rows=648 loops=1)
                    ->  Nested Loop  (cost=41.26..326.14 rows=1 width=110) (actual time=2.241..13.791 rows=1562 loops=1)
                          ->  Nested Loop  (cost=41.11..325.79 rows=2 width=114) (actual time=2.234..12.405 rows=1619 loops=1)
                                Join Filter: (ml.movie_id = mc.movie_id)
                                ->  Nested Loop  (cost=40.68..325.21 rows=1 width=102) (actual time=2.225..11.503 rows=211 loops=1)
                                      Join Filter: (ml.movie_id = mi.movie_id)
                                      ->  Nested Loop  (cost=40.24..323.66 rows=1 width=98) (actual time=0.338..10.588 rows=98 loops=1)
                                            ->  Nested Loop  (cost=39.82..303.34 rows=46 width=102) (actual time=0.317..5.201 rows=3532 loops=1)
                                                  Join Filter: (ml.movie_id = mk.movie_id)
                                                  ->  Nested Loop  (cost=39.39..300.44 rows=1 width=94) (actual time=0.310..3.673 rows=257 loops=1)
                                                        ->  Nested Loop  (cost=39.24..289.02 rows=67 width=98) (actual time=0.306..3.435 rows=257 loops=1)
                                                              ->  Nested Loop  (cost=38.82..262.88 rows=42 width=86) (actual time=0.068..0.851 rows=2315 loops=1)
                                                                    ->  Seq Scan on link_type lt  (cost=0.00..18.88 rows=1 width=86) (actual time=0.006..0.010 rows=2 loops=1)
                                                                          Filter: ((link)::text ~~ '%follow%'::text)
                                                                          Rows Removed by Filter: 16
                                                                    ->  Bitmap Heap Scan on movie_link ml  (cost=38.82..225.26 rows=1875 width=8) (actual time=0.055..0.289 rows=1158 loops=2)
                                                                          Recheck Cond: (link_type_id = lt.id)
                                                                          Heap Blocks: exact=191
                                                                          ->  Bitmap Index Scan on link_type_id_movie_link  (cost=0.00..38.35 rows=1875 width=0) (actual time=0.043..0.043 rows=1158 loops=2)
                                                                                Index Cond: (link_type_id = lt.id)
                                                              ->  Index Scan using movie_id_complete_cast on complete_cast cc  (cost=0.42..0.60 rows=2 width=12) (actual time=0.001..0.001 rows=0 loops=2315)
                                                                    Index Cond: (movie_id = ml.movie_id)
                                                        ->  Index Scan using comp_cast_type_pkey on comp_cast_type cct1  (cost=0.15..0.17 rows=1 width=4) (actual time=0.001..0.001 rows=1 loops=257)
                                                              Index Cond: (id = cc.subject_id)
                                                              Filter: ((kind)::text = ANY ('{cast,crew}'::text[]))
                                                  ->  Index Scan using movie_id_movie_keyword on movie_keyword mk  (cost=0.43..2.33 rows=46 width=8) (actual time=0.002..0.004 rows=14 loops=257)
                                                        Index Cond: (movie_id = cc.movie_id)
                                            ->  Index Scan using keyword_pkey on keyword k  (cost=0.42..0.44 rows=1 width=4) (actual time=0.001..0.001 rows=0 loops=3532)
                                                  Index Cond: (id = mk.keyword_id)
                                                  Filter: (keyword = 'sequel'::text)
                                                  Rows Removed by Filter: 1
                                      ->  Index Scan using movie_id_movie_info on movie_info mi  (cost=0.43..1.54 rows=1 width=4) (actual time=0.007..0.009 rows=2 loops=98)
                                            Index Cond: (movie_id = mk.movie_id)
                                            Filter: (info = ANY ('{Sweden,Germany,Swedish,German}'::text[]))
                                            Rows Removed by Filter: 16
                                ->  Index Scan using movie_id_movie_companies on movie_companies mc  (cost=0.43..0.54 rows=3 width=12) (actual time=0.002..0.003 rows=8 loops=211)
                                      Index Cond: (movie_id = mk.movie_id)
                                      Filter: (note IS NULL)
                                      Rows Removed by Filter: 1
                          ->  Index Scan using company_type_pkey on company_type ct  (cost=0.15..0.17 rows=1 width=4) (actual time=0.001..0.001 rows=1 loops=1619)
                                Index Cond: (id = mc.company_type_id)
                                Filter: ((kind)::text = 'production companies'::text)
                                Rows Removed by Filter: 0
                    ->  Index Scan using company_name_pkey on company_name cn  (cost=0.42..0.46 rows=1 width=23) (actual time=0.001..0.001 rows=0 loops=1562)
                          Index Cond: (id = mc.company_id)
                          Filter: (((country_code)::text <> '[pl]'::text) AND ((name ~~ '%Film%'::text) OR (name ~~ '%Warner%'::text)))
                          Rows Removed by Filter: 1
              ->  Index Scan using title_pkey on title t  (cost=0.43..0.49 rows=1 width=21) (actual time=0.001..0.001 rows=1 loops=648)
                    Index Cond: (id = mk.movie_id)
                    Filter: ((production_year >= 1950) AND (production_year <= 2000))
        ->  Index Scan using comp_cast_type_pkey on comp_cast_type cct2  (cost=0.15..0.17 rows=1 width=4) (actual time=0.001..0.001 rows=1 loops=648)
              Index Cond: (id = cc.status_id)
              Filter: ((kind)::text = 'complete'::text)
              Rows Removed by Filter: 0
Planning time: 47.387 ms
Execution time: 18.305 ms
