Aggregate  (cost=588.12..588.13 rows=1 width=96) (actual time=29.829..29.829 rows=1 loops=1)
  ->  Nested Loop  (cost=42.11..588.11 rows=1 width=118) (actual time=2.121..29.668 rows=477 loops=1)
        ->  Nested Loop  (cost=41.69..567.79 rows=46 width=122) (actual time=2.107..20.517 rows=6483 loops=1)
              Join Filter: (ml.movie_id = mk.movie_id)
              ->  Nested Loop  (cost=41.25..565.86 rows=1 width=138) (actual time=2.100..17.759 rows=705 loops=1)
                    Join Filter: (ml.movie_id = t.id)
                    ->  Nested Loop  (cost=40.82..565.26 rows=1 width=117) (actual time=2.091..16.558 rows=705 loops=1)
                          ->  Nested Loop  (cost=40.40..564.80 rows=1 width=102) (actual time=1.165..13.867 rows=1621 loops=1)
                                Join Filter: (ml.movie_id = mi.movie_id)
                                ->  Nested Loop  (cost=39.97..562.79 rows=1 width=98) (actual time=0.331..5.986 rows=705 loops=1)
                                      ->  Nested Loop  (cost=39.82..562.60 rows=1 width=102) (actual time=0.328..5.220 rows=794 loops=1)
                                            ->  Nested Loop  (cost=39.67..562.08 rows=3 width=106) (actual time=0.325..4.437 rows=794 loops=1)
                                                  Join Filter: (ml.movie_id = mc.movie_id)
                                                  ->  Nested Loop  (cost=39.24..560.75 rows=1 width=94) (actual time=0.316..3.605 rows=189 loops=1)
                                                        Join Filter: (cc.status_id = cct2.id)
                                                        Rows Removed by Join Filter: 68
                                                        ->  Seq Scan on comp_cast_type cct2  (cost=0.00..18.88 rows=1 width=4) (actual time=0.006..0.006 rows=1 loops=1)
                                                              Filter: ((kind)::text = 'complete'::text)
                                                              Rows Removed by Filter: 3
                                                        ->  Nested Loop  (cost=39.24..540.20 rows=134 width=98) (actual time=0.309..3.564 rows=257 loops=1)
                                                              ->  Nested Loop  (cost=38.82..487.93 rows=84 width=86) (actual time=0.063..0.835 rows=2315 loops=1)
                                                                    ->  Seq Scan on link_type lt  (cost=0.00..18.88 rows=2 width=86) (actual time=0.003..0.008 rows=2 loops=1)
                                                                          Filter: ((link)::text ~~ '%follow%'::text)
                                                                          Rows Removed by Filter: 16
                                                                    ->  Bitmap Heap Scan on movie_link ml  (cost=38.82..215.78 rows=1875 width=8) (actual time=0.056..0.285 rows=1158 loops=2)
                                                                          Recheck Cond: (link_type_id = lt.id)
                                                                          Heap Blocks: exact=191
                                                                          ->  Bitmap Index Scan on link_type_id_movie_link  (cost=0.00..38.35 rows=1875 width=0) (actual time=0.044..0.044 rows=1158 loops=2)
                                                                                Index Cond: (link_type_id = lt.id)
                                                              ->  Index Scan using movie_id_complete_cast on complete_cast cc  (cost=0.42..0.60 rows=2 width=12) (actual time=0.001..0.001 rows=0 loops=2315)
                                                                    Index Cond: (movie_id = ml.movie_id)
                                                  ->  Index Scan using movie_id_movie_companies on movie_companies mc  (cost=0.43..1.29 rows=3 width=12) (actual time=0.003..0.004 rows=4 loops=189)
                                                        Index Cond: (movie_id = cc.movie_id)
                                                        Filter: (note IS NULL)
                                                        Rows Removed by Filter: 3
                                            ->  Index Scan using comp_cast_type_pkey on comp_cast_type cct1  (cost=0.15..0.17 rows=1 width=4) (actual time=0.001..0.001 rows=1 loops=794)
                                                  Index Cond: (id = cc.subject_id)
                                                  Filter: ((kind)::text = ANY ('{cast,crew}'::text[]))
                                      ->  Index Scan using company_type_pkey on company_type ct  (cost=0.15..0.17 rows=1 width=4) (actual time=0.001..0.001 rows=1 loops=794)
                                            Index Cond: (id = mc.company_type_id)
                                            Filter: ((kind)::text = 'production companies'::text)
                                            Rows Removed by Filter: 0
                                ->  Index Scan using movie_id_movie_info on movie_info mi  (cost=0.43..1.99 rows=1 width=4) (actual time=0.009..0.011 rows=2 loops=705)
                                      Index Cond: (movie_id = mc.movie_id)
                                      Filter: (info = ANY ('{Sweden,Germany,Swedish,German}'::text[]))
                                      Rows Removed by Filter: 27
                          ->  Index Scan using company_name_pkey on company_name cn  (cost=0.42..0.46 rows=1 width=23) (actual time=0.001..0.001 rows=0 loops=1621)
                                Index Cond: (id = mc.company_id)
                                Filter: (((country_code)::text <> '[pl]'::text) AND ((name ~~ '%Film%'::text) OR (name ~~ '%Warner%'::text)))
                                Rows Removed by Filter: 1
                    ->  Index Scan using title_pkey on title t  (cost=0.43..0.59 rows=1 width=21) (actual time=0.001..0.001 rows=1 loops=705)
                          Index Cond: (id = mc.movie_id)
                          Filter: ((production_year >= 1950) AND (production_year <= 2000))
              ->  Index Scan using movie_id_movie_keyword on movie_keyword mk  (cost=0.43..1.35 rows=46 width=8) (actual time=0.001..0.003 rows=9 loops=705)
                    Index Cond: (movie_id = mc.movie_id)
        ->  Index Scan using keyword_pkey on keyword k  (cost=0.42..0.44 rows=1 width=4) (actual time=0.001..0.001 rows=0 loops=6483)
              Index Cond: (id = mk.keyword_id)
              Filter: (keyword = 'sequel'::text)
              Rows Removed by Filter: 1
Planning time: 47.488 ms
Execution time: 29.919 ms
