Aggregate  (cost=1804.17..1804.18 rows=1 width=96) (actual time=54.988..54.989 rows=1 loops=1)
  ->  Nested Loop  (cost=620.60..1804.16 rows=1 width=118) (actual time=3.118..54.821 rows=477 loops=1)
        ->  Nested Loop  (cost=620.45..1803.97 rows=1 width=122) (actual time=3.113..54.284 rows=534 loops=1)
              ->  Nested Loop  (cost=620.03..1802.60 rows=3 width=107) (actual time=3.104..52.204 rows=1163 loops=1)
                    Join Filter: (ml.movie_id = mc.movie_id)
                    ->  Nested Loop  (cost=619.60..1802.02 rows=1 width=119) (actual time=3.096..51.500 rows=154 loops=1)
                          ->  Nested Loop  (cost=619.18..1801.56 rows=1 width=123) (actual time=3.070..48.634 rows=1853 loops=1)
                                Join Filter: (ml.movie_id = t.id)
                                ->  Nested Loop  (cost=618.75..1801.05 rows=1 width=102) (actual time=3.062..45.702 rows=1853 loops=1)
                                      ->  Nested Loop  (cost=618.60..1800.70 rows=2 width=106) (actual time=3.058..43.964 rows=1853 loops=1)
                                            Join Filter: (ml.movie_id = mi.movie_id)
                                            ->  Nested Loop  (cost=618.17..1792.95 rows=5 width=102) (actual time=1.472..6.184 rows=2350 loops=1)
                                                  Join Filter: (cc.status_id = cct2.id)
                                                  Rows Removed by Join Filter: 1182
                                                  ->  Nested Loop  (cost=618.17..1721.10 rows=3532 width=106) (actual time=1.467..5.311 rows=3532 loops=1)
                                                        Join Filter: (ml.movie_id = mk.movie_id)
                                                        ->  Merge Join  (cost=617.74..974.77 rows=257 width=98) (actual time=1.459..3.765 rows=257 loops=1)
                                                              Merge Cond: (cc.movie_id = ml.movie_id)
                                                              ->  Index Scan using movie_id_complete_cast on complete_cast cc  (cost=0.42..6336.58 rows=135086 width=12) (actual time=0.006..1.744 rows=5993 loops=1)
                                                              ->  Sort  (cost=617.30..623.08 rows=2315 width=86) (actual time=1.269..1.395 rows=2341 loops=1)
                                                                    Sort Key: ml.movie_id
                                                                    Sort Method: quicksort  Memory: 205kB
                                                                    ->  Nested Loop  (cost=38.82..487.93 rows=2315 width=86) (actual time=0.066..0.810 rows=2315 loops=1)
                                                                          ->  Seq Scan on link_type lt  (cost=0.00..18.88 rows=2 width=86) (actual time=0.004..0.007 rows=2 loops=1)
                                                                                Filter: ((link)::text ~~ '%follow%'::text)
                                                                                Rows Removed by Filter: 16
                                                                          ->  Bitmap Heap Scan on movie_link ml  (cost=38.82..215.78 rows=1875 width=8) (actual time=0.055..0.274 rows=1158 loops=2)
                                                                                Recheck Cond: (link_type_id = lt.id)
                                                                                Heap Blocks: exact=191
                                                                                ->  Bitmap Index Scan on link_type_id_movie_link  (cost=0.00..38.35 rows=1875 width=0) (actual time=0.044..0.044 rows=1158 loops=2)
                                                                                      Index Cond: (link_type_id = lt.id)
                                                        ->  Index Scan using movie_id_movie_keyword on movie_keyword mk  (cost=0.43..2.33 rows=46 width=8) (actual time=0.002..0.004 rows=14 loops=257)
                                                              Index Cond: (movie_id = cc.movie_id)
                                                  ->  Materialize  (cost=0.00..18.88 rows=1 width=4) (actual time=0.000..0.000 rows=1 loops=3532)
                                                        ->  Seq Scan on comp_cast_type cct2  (cost=0.00..18.88 rows=1 width=4) (actual time=0.003..0.004 rows=1 loops=1)
                                                              Filter: ((kind)::text = 'complete'::text)
                                                              Rows Removed by Filter: 3
                                            ->  Index Scan using movie_id_movie_info on movie_info mi  (cost=0.43..1.54 rows=1 width=4) (actual time=0.015..0.016 rows=1 loops=2350)
                                                  Index Cond: (movie_id = mk.movie_id)
                                                  Filter: (info = ANY ('{Sweden,Germany,Swedish,German}'::text[]))
                                                  Rows Removed by Filter: 59
                                      ->  Index Scan using comp_cast_type_pkey on comp_cast_type cct1  (cost=0.15..0.17 rows=1 width=4) (actual time=0.001..0.001 rows=1 loops=1853)
                                            Index Cond: (id = cc.subject_id)
                                            Filter: ((kind)::text = ANY ('{cast,crew}'::text[]))
                                ->  Index Scan using title_pkey on title t  (cost=0.43..0.49 rows=1 width=21) (actual time=0.001..0.001 rows=1 loops=1853)
                                      Index Cond: (id = mk.movie_id)
                                      Filter: ((production_year >= 1950) AND (production_year <= 2000))
                          ->  Index Scan using keyword_pkey on keyword k  (cost=0.42..0.44 rows=1 width=4) (actual time=0.001..0.001 rows=0 loops=1853)
                                Index Cond: (id = mk.keyword_id)
                                Filter: (keyword = 'sequel'::text)
                                Rows Removed by Filter: 1
                    ->  Index Scan using movie_id_movie_companies on movie_companies mc  (cost=0.43..0.54 rows=3 width=12) (actual time=0.002..0.003 rows=8 loops=154)
                          Index Cond: (movie_id = mk.movie_id)
                          Filter: (note IS NULL)
                          Rows Removed by Filter: 1
              ->  Index Scan using company_name_pkey on company_name cn  (cost=0.42..0.46 rows=1 width=23) (actual time=0.002..0.002 rows=0 loops=1163)
                    Index Cond: (id = mc.company_id)
                    Filter: (((country_code)::text <> '[pl]'::text) AND ((name ~~ '%Film%'::text) OR (name ~~ '%Warner%'::text)))
                    Rows Removed by Filter: 1
        ->  Index Scan using company_type_pkey on company_type ct  (cost=0.15..0.17 rows=1 width=4) (actual time=0.001..0.001 rows=1 loops=534)
              Index Cond: (id = mc.company_type_id)
              Filter: ((kind)::text = 'production companies'::text)
              Rows Removed by Filter: 0
Planning time: 47.221 ms
Execution time: 55.090 ms
