Aggregate  (cost=3068.58..3068.59 rows=1 width=96) (actual time=16.817..16.817 rows=1 loops=1)
  ->  Nested Loop  (cost=24.06..3068.57 rows=1 width=118) (actual time=12.313..16.735 rows=247 loops=1)
        Join Filter: (ml.movie_id = mi.movie_id)
        ->  Nested Loop  (cost=23.62..3067.02 rows=1 width=138) (actual time=12.297..16.088 rows=95 loops=1)
              ->  Nested Loop  (cost=23.47..3050.85 rows=95 width=142) (actual time=12.294..15.988 rows=95 loops=1)
                    ->  Nested Loop  (cost=23.05..2964.00 rows=190 width=127) (actual time=12.287..15.602 rows=190 loops=1)
                          Join Filter: (ml.movie_id = mc.movie_id)
                          ->  Nested Loop  (cost=22.62..2942.04 rows=38 width=115) (actual time=12.279..15.437 rows=38 loops=1)
                                ->  Nested Loop  (cost=22.20..2824.64 rows=266 width=119) (actual time=12.265..14.968 rows=266 loops=1)
                                      Join Filter: (ml.movie_id = mk.movie_id)
                                      ->  Nested Loop  (cost=21.77..2714.29 rows=38 width=111) (actual time=12.259..14.814 rows=38 loops=1)
                                            ->  Nested Loop  (cost=21.62..2704.56 rows=57 width=115) (actual time=12.255..14.756 rows=57 loops=1)
                                                  Join Filter: (ml.movie_id = t.id)
                                                  ->  Hash Join  (cost=21.19..2243.32 rows=257 width=94) (actual time=1.022..14.254 rows=257 loops=1)
                                                        Hash Cond: (ml.link_type_id = lt.id)
                                                        ->  Merge Join  (cost=2.29..2163.26 rows=4849 width=16) (actual time=0.044..13.890 rows=4849 loops=1)
                                                              Merge Cond: (cc.movie_id = ml.movie_id)
                                                              ->  Nested Loop  (cost=0.42..10406.14 rows=135086 width=8) (actual time=0.012..3.409 rows=5993 loops=1)
                                                                    Join Filter: (cct1.id = cc.subject_id)
                                                                    Rows Removed by Join Filter: 2305
                                                                    ->  Index Scan using movie_id_complete_cast on complete_cast cc  (cost=0.42..6336.58 rows=135086 width=12) (actual time=0.006..1.631 rows=5993 loops=1)
                                                                    ->  Materialize  (cost=0.00..18.89 rows=2 width=4) (actual time=0.000..0.000 rows=1 loops=5993)
                                                                          ->  Seq Scan on comp_cast_type cct1  (cost=0.00..18.88 rows=2 width=4) (actual time=0.004..0.005 rows=2 loops=1)
                                                                                Filter: ((kind)::text = ANY ('{cast,crew}'::text[]))
                                                              ->  Materialize  (cost=0.29..1034.50 rows=29997 width=8) (actual time=0.005..7.019 rows=30755 loops=1)
                                                                    ->  Index Scan using movie_id_movie_link on movie_link ml  (cost=0.29..959.51 rows=29997 width=8) (actual time=0.004..4.221 rows=29997 loops=1)
                                                        ->  Hash  (cost=18.88..18.88 rows=2 width=86) (actual time=0.007..0.007 rows=2 loops=1)
                                                              Buckets: 1024  Batches: 1  Memory Usage: 9kB
                                                              ->  Seq Scan on link_type lt  (cost=0.00..18.88 rows=2 width=86) (actual time=0.003..0.006 rows=2 loops=1)
                                                                    Filter: ((link)::text ~~ '%follow%'::text)
                                                                    Rows Removed by Filter: 16
                                                  ->  Index Scan using title_pkey on title t  (cost=0.43..1.78 rows=1 width=21) (actual time=0.002..0.002 rows=0 loops=257)
                                                        Index Cond: (id = cc.movie_id)
                                                        Filter: (production_year = 1998)
                                                        Rows Removed by Filter: 1
                                            ->  Index Scan using comp_cast_type_pkey on comp_cast_type cct2  (cost=0.15..0.17 rows=1 width=4) (actual time=0.001..0.001 rows=1 loops=57)
                                                  Index Cond: (id = cc.status_id)
                                                  Filter: ((kind)::text = 'complete'::text)
                                                  Rows Removed by Filter: 0
                                      ->  Index Scan using movie_id_movie_keyword on movie_keyword mk  (cost=0.43..2.33 rows=46 width=8) (actual time=0.002..0.003 rows=7 loops=38)
                                            Index Cond: (movie_id = cc.movie_id)
                                ->  Index Scan using keyword_pkey on keyword k  (cost=0.42..0.44 rows=1 width=4) (actual time=0.002..0.002 rows=0 loops=266)
                                      Index Cond: (id = mk.keyword_id)
                                      Filter: (keyword = 'sequel'::text)
                                      Rows Removed by Filter: 1
                          ->  Index Scan using movie_id_movie_companies on movie_companies mc  (cost=0.43..0.54 rows=3 width=12) (actual time=0.002..0.003 rows=5 loops=38)
                                Index Cond: (movie_id = mk.movie_id)
                                Filter: (note IS NULL)
                                Rows Removed by Filter: 1
                    ->  Index Scan using company_name_pkey on company_name cn  (cost=0.42..0.46 rows=1 width=23) (actual time=0.002..0.002 rows=0 loops=190)
                          Index Cond: (id = mc.company_id)
                          Filter: (((country_code)::text <> '[pl]'::text) AND ((name ~~ '%Film%'::text) OR (name ~~ '%Warner%'::text)))
                          Rows Removed by Filter: 0
              ->  Index Scan using company_type_pkey on company_type ct  (cost=0.15..0.17 rows=1 width=4) (actual time=0.001..0.001 rows=1 loops=95)
                    Index Cond: (id = mc.company_type_id)
                    Filter: ((kind)::text = 'production companies'::text)
        ->  Index Scan using movie_id_movie_info on movie_info mi  (cost=0.43..1.54 rows=1 width=4) (actual time=0.005..0.006 rows=3 loops=95)
              Index Cond: (movie_id = mk.movie_id)
              Filter: (info = ANY ('{Sweden,Germany,Swedish,German}'::text[]))
              Rows Removed by Filter: 10
Planning time: 46.923 ms
Execution time: 16.894 ms
