Aggregate  (cost=315.61..315.62 rows=1 width=96) (actual time=30.597..30.597 rows=1 loops=1)
  ->  Nested Loop  (cost=42.26..315.60 rows=1 width=118) (actual time=2.243..30.508 rows=247 loops=1)
        Join Filter: (ml.movie_id = t.id)
        ->  Nested Loop  (cost=41.83..315.10 rows=1 width=121) (actual time=1.931..29.734 rows=477 loops=1)
              ->  Nested Loop  (cost=41.41..314.64 rows=1 width=125) (actual time=1.916..20.111 rows=6483 loops=1)
                    ->  Nested Loop  (cost=41.26..306.79 rows=46 width=129) (actual time=1.914..13.900 rows=8022 loops=1)
                          Join Filter: (ml.movie_id = mk.movie_id)
                          ->  Nested Loop  (cost=40.82..304.86 rows=1 width=121) (actual time=1.907..10.457 rows=876 loops=1)
                                Join Filter: (ml.movie_id = mi.movie_id)
                                ->  Nested Loop  (cost=40.39..302.85 rows=1 width=117) (actual time=0.347..7.203 rows=337 loops=1)
                                      ->  Nested Loop  (cost=40.24..302.68 rows=1 width=121) (actual time=0.343..6.837 rows=359 loops=1)
                                            ->  Nested Loop  (cost=39.82..301.76 rows=2 width=106) (actual time=0.319..4.866 rows=1043 loops=1)
                                                  Join Filter: (ml.movie_id = mc.movie_id)
                                                  ->  Nested Loop  (cost=39.39..300.44 rows=1 width=94) (actual time=0.310..3.755 rows=257 loops=1)
                                                        ->  Nested Loop  (cost=39.24..289.02 rows=67 width=98) (actual time=0.306..3.506 rows=257 loops=1)
                                                              ->  Nested Loop  (cost=38.82..262.88 rows=42 width=86) (actual time=0.068..0.839 rows=2315 loops=1)
                                                                    ->  Seq Scan on link_type lt  (cost=0.00..18.88 rows=1 width=86) (actual time=0.006..0.010 rows=2 loops=1)
                                                                          Filter: ((link)::text ~~ '%follow%'::text)
                                                                          Rows Removed by Filter: 16
                                                                    ->  Bitmap Heap Scan on movie_link ml  (cost=38.82..225.26 rows=1875 width=8) (actual time=0.056..0.289 rows=1158 loops=2)
                                                                          Recheck Cond: (link_type_id = lt.id)
                                                                          Heap Blocks: exact=191
                                                                          ->  Bitmap Index Scan on link_type_id_movie_link  (cost=0.00..38.35 rows=1875 width=0) (actual time=0.044..0.044 rows=1158 loops=2)
                                                                                Index Cond: (link_type_id = lt.id)
                                                              ->  Index Scan using movie_id_complete_cast on complete_cast cc  (cost=0.42..0.60 rows=2 width=12) (actual time=0.001..0.001 rows=0 loops=2315)
                                                                    Index Cond: (movie_id = ml.movie_id)
                                                        ->  Index Scan using comp_cast_type_pkey on comp_cast_type cct1  (cost=0.15..0.17 rows=1 width=4) (actual time=0.001..0.001 rows=1 loops=257)
                                                              Index Cond: (id = cc.subject_id)
                                                              Filter: ((kind)::text = ANY ('{cast,crew}'::text[]))
                                                  ->  Index Scan using movie_id_movie_companies on movie_companies mc  (cost=0.43..1.29 rows=3 width=12) (actual time=0.003..0.004 rows=4 loops=257)
                                                        Index Cond: (movie_id = cc.movie_id)
                                                        Filter: (note IS NULL)
                                                        Rows Removed by Filter: 3
                                            ->  Index Scan using company_name_pkey on company_name cn  (cost=0.42..0.46 rows=1 width=23) (actual time=0.002..0.002 rows=0 loops=1043)
                                                  Index Cond: (id = mc.company_id)
                                                  Filter: (((country_code)::text <> '[pl]'::text) AND ((name ~~ '%Film%'::text) OR (name ~~ '%Warner%'::text)))
                                                  Rows Removed by Filter: 1
                                      ->  Index Scan using company_type_pkey on company_type ct  (cost=0.15..0.17 rows=1 width=4) (actual time=0.001..0.001 rows=1 loops=359)
                                            Index Cond: (id = mc.company_type_id)
                                            Filter: ((kind)::text = 'production companies'::text)
                                            Rows Removed by Filter: 0
                                ->  Index Scan using movie_id_movie_info on movie_info mi  (cost=0.43..2.00 rows=1 width=4) (actual time=0.008..0.009 rows=3 loops=337)
                                      Index Cond: (movie_id = mc.movie_id)
                                      Filter: (info = ANY ('{Sweden,Germany,Swedish,German}'::text[]))
                                      Rows Removed by Filter: 21
                          ->  Index Scan using movie_id_movie_keyword on movie_keyword mk  (cost=0.43..1.35 rows=46 width=8) (actual time=0.001..0.002 rows=9 loops=876)
                                Index Cond: (movie_id = mc.movie_id)
                    ->  Index Scan using comp_cast_type_pkey on comp_cast_type cct2  (cost=0.15..0.17 rows=1 width=4) (actual time=0.001..0.001 rows=1 loops=8022)
                          Index Cond: (id = cc.status_id)
                          Filter: ((kind)::text = 'complete'::text)
                          Rows Removed by Filter: 0
              ->  Index Scan using keyword_pkey on keyword k  (cost=0.42..0.44 rows=1 width=4) (actual time=0.001..0.001 rows=0 loops=6483)
                    Index Cond: (id = mk.keyword_id)
                    Filter: (keyword = 'sequel'::text)
                    Rows Removed by Filter: 1
        ->  Index Scan using title_pkey on title t  (cost=0.43..0.49 rows=1 width=21) (actual time=0.001..0.001 rows=1 loops=477)
              Index Cond: (id = mk.movie_id)
              Filter: (production_year = 1998)
              Rows Removed by Filter: 0
Planning time: 47.794 ms
Execution time: 30.699 ms
