Aggregate  (cost=1686.33..1686.34 rows=1 width=96) (actual time=7.005..7.005 rows=1 loops=1)
  ->  Nested Loop  (cost=620.75..1686.33 rows=1 width=118) (actual time=3.590..6.922 rows=247 loops=1)
        ->  Nested Loop  (cost=620.33..1685.87 rows=1 width=103) (actual time=3.583..6.028 rows=532 loops=1)
              ->  Nested Loop  (cost=620.18..1685.34 rows=3 width=107) (actual time=3.579..5.564 rows=532 loops=1)
                    Join Filter: (ml.movie_id = mc.movie_id)
                    ->  Nested Loop  (cost=619.75..1684.76 rows=1 width=119) (actual time=3.570..5.209 rows=95 loops=1)
                          Join Filter: (ml.movie_id = mi.movie_id)
                          ->  Nested Loop  (cost=619.32..1683.21 rows=1 width=115) (actual time=3.555..4.937 rows=38 loops=1)
                                ->  Nested Loop  (cost=618.90..1565.81 rows=266 width=119) (actual time=3.538..4.518 rows=266 loops=1)
                                      Join Filter: (ml.movie_id = mk.movie_id)
                                      ->  Nested Loop  (cost=618.47..1455.46 rows=38 width=111) (actual time=3.532..4.374 rows=38 loops=1)
                                            ->  Nested Loop  (cost=618.32..1445.73 rows=57 width=115) (actual time=3.530..4.322 rows=57 loops=1)
                                                  ->  Nested Loop  (cost=618.17..1436.01 rows=57 width=119) (actual time=3.524..4.260 rows=57 loops=1)
                                                        Join Filter: (ml.movie_id = t.id)
                                                        ->  Merge Join  (cost=617.74..974.77 rows=257 width=98) (actual time=1.438..3.714 rows=257 loops=1)
                                                              Merge Cond: (cc.movie_id = ml.movie_id)
                                                              ->  Index Scan using movie_id_complete_cast on complete_cast cc  (cost=0.42..6336.58 rows=135086 width=12) (actual time=0.006..1.711 rows=5993 loops=1)
                                                              ->  Sort  (cost=617.30..623.08 rows=2315 width=86) (actual time=1.252..1.374 rows=2341 loops=1)
                                                                    Sort Key: ml.movie_id
                                                                    Sort Method: quicksort  Memory: 205kB
                                                                    ->  Nested Loop  (cost=38.82..487.93 rows=2315 width=86) (actual time=0.065..0.798 rows=2315 loops=1)
                                                                          ->  Seq Scan on link_type lt  (cost=0.00..18.88 rows=2 width=86) (actual time=0.004..0.007 rows=2 loops=1)
                                                                                Filter: ((link)::text ~~ '%follow%'::text)
                                                                                Rows Removed by Filter: 16
                                                                          ->  Bitmap Heap Scan on movie_link ml  (cost=38.82..215.78 rows=1875 width=8) (actual time=0.055..0.270 rows=1158 loops=2)
                                                                                Recheck Cond: (link_type_id = lt.id)
                                                                                Heap Blocks: exact=191
                                                                                ->  Bitmap Index Scan on link_type_id_movie_link  (cost=0.00..38.35 rows=1875 width=0) (actual time=0.043..0.043 rows=1158 loops=2)
                                                                                      Index Cond: (link_type_id = lt.id)
                                                        ->  Index Scan using title_pkey on title t  (cost=0.43..1.78 rows=1 width=21) (actual time=0.002..0.002 rows=0 loops=257)
                                                              Index Cond: (id = cc.movie_id)
                                                              Filter: (production_year = 1998)
                                                              Rows Removed by Filter: 1
                                                  ->  Index Scan using comp_cast_type_pkey on comp_cast_type cct1  (cost=0.15..0.17 rows=1 width=4) (actual time=0.001..0.001 rows=1 loops=57)
                                                        Index Cond: (id = cc.subject_id)
                                                        Filter: ((kind)::text = ANY ('{cast,crew}'::text[]))
                                            ->  Index Scan using comp_cast_type_pkey on comp_cast_type cct2  (cost=0.15..0.17 rows=1 width=4) (actual time=0.001..0.001 rows=1 loops=57)
                                                  Index Cond: (id = cc.status_id)
                                                  Filter: ((kind)::text = 'complete'::text)
                                                  Rows Removed by Filter: 0
                                      ->  Index Scan using movie_id_movie_keyword on movie_keyword mk  (cost=0.43..2.33 rows=46 width=8) (actual time=0.002..0.002 rows=7 loops=38)
                                            Index Cond: (movie_id = cc.movie_id)
                                ->  Index Scan using keyword_pkey on keyword k  (cost=0.42..0.44 rows=1 width=4) (actual time=0.001..0.001 rows=0 loops=266)
                                      Index Cond: (id = mk.keyword_id)
                                      Filter: (keyword = 'sequel'::text)
                                      Rows Removed by Filter: 1
                          ->  Index Scan using movie_id_movie_info on movie_info mi  (cost=0.43..1.54 rows=1 width=4) (actual time=0.005..0.007 rows=2 loops=38)
                                Index Cond: (movie_id = mk.movie_id)
                                Filter: (info = ANY ('{Sweden,Germany,Swedish,German}'::text[]))
                                Rows Removed by Filter: 10
                    ->  Index Scan using movie_id_movie_companies on movie_companies mc  (cost=0.43..0.54 rows=3 width=12) (actual time=0.002..0.003 rows=6 loops=95)
                          Index Cond: (movie_id = mk.movie_id)
                          Filter: (note IS NULL)
                          Rows Removed by Filter: 1
              ->  Index Scan using company_type_pkey on company_type ct  (cost=0.15..0.17 rows=1 width=4) (actual time=0.001..0.001 rows=1 loops=532)
                    Index Cond: (id = mc.company_type_id)
                    Filter: ((kind)::text = 'production companies'::text)
        ->  Index Scan using company_name_pkey on company_name cn  (cost=0.42..0.46 rows=1 width=23) (actual time=0.001..0.001 rows=0 loops=532)
              Index Cond: (id = mc.company_id)
              Filter: (((country_code)::text <> '[pl]'::text) AND ((name ~~ '%Film%'::text) OR (name ~~ '%Warner%'::text)))
              Rows Removed by Filter: 1
Planning time: 47.118 ms
Execution time: 7.084 ms
