Aggregate  (cost=801.53..801.54 rows=1 width=96) (actual time=14.317..14.317 rows=1 loops=1)
  ->  Nested Loop  (cost=42.26..801.52 rows=1 width=118) (actual time=1.611..14.233 rows=247 loops=1)
        ->  Nested Loop  (cost=41.84..801.06 rows=1 width=122) (actual time=1.589..11.353 rows=1919 loops=1)
              ->  Nested Loop  (cost=41.69..793.20 rows=46 width=126) (actual time=1.586..8.680 rows=3458 loops=1)
                    Join Filter: (ml.movie_id = mk.movie_id)
                    ->  Nested Loop  (cost=41.25..791.27 rows=1 width=142) (actual time=1.579..7.136 rows=418 loops=1)
                          ->  Nested Loop  (cost=41.10..791.08 rows=1 width=146) (actual time=1.573..6.726 rows=418 loops=1)
                                ->  Nested Loop  (cost=40.68..789.71 rows=3 width=131) (actual time=1.566..5.044 rows=988 loops=1)
                                      Join Filter: (ml.movie_id = mc.movie_id)
                                      ->  Nested Loop  (cost=40.25..788.39 rows=1 width=119) (actual time=1.557..4.432 rows=152 loops=1)
                                            Join Filter: (ml.movie_id = mi.movie_id)
                                            ->  Nested Loop  (cost=39.82..781.05 rows=1 width=115) (actual time=1.542..4.028 rows=57 loops=1)
                                                  ->  Nested Loop  (cost=39.67..780.69 rows=2 width=119) (actual time=1.537..3.967 rows=57 loops=1)
                                                        Join Filter: (ml.movie_id = t.id)
                                                        ->  Nested Loop  (cost=39.24..540.20 rows=134 width=98) (actual time=0.306..3.399 rows=257 loops=1)
                                                              ->  Nested Loop  (cost=38.82..487.93 rows=84 width=86) (actual time=0.069..0.809 rows=2315 loops=1)
                                                                    ->  Seq Scan on link_type lt  (cost=0.00..18.88 rows=2 width=86) (actual time=0.006..0.009 rows=2 loops=1)
                                                                          Filter: ((link)::text ~~ '%follow%'::text)
                                                                          Rows Removed by Filter: 16
                                                                    ->  Bitmap Heap Scan on movie_link ml  (cost=38.82..215.78 rows=1875 width=8) (actual time=0.054..0.275 rows=1158 loops=2)
                                                                          Recheck Cond: (link_type_id = lt.id)
                                                                          Heap Blocks: exact=191
                                                                          ->  Bitmap Index Scan on link_type_id_movie_link  (cost=0.00..38.35 rows=1875 width=0) (actual time=0.043..0.043 rows=1158 loops=2)
                                                                                Index Cond: (link_type_id = lt.id)
                                                              ->  Index Scan using movie_id_complete_cast on complete_cast cc  (cost=0.42..0.60 rows=2 width=12) (actual time=0.001..0.001 rows=0 loops=2315)
                                                                    Index Cond: (movie_id = ml.movie_id)
                                                        ->  Index Scan using title_pkey on title t  (cost=0.43..1.78 rows=1 width=21) (actual time=0.002..0.002 rows=0 loops=257)
                                                              Index Cond: (id = cc.movie_id)
                                                              Filter: (production_year = 1998)
                                                              Rows Removed by Filter: 1
                                                  ->  Index Scan using comp_cast_type_pkey on comp_cast_type cct1  (cost=0.15..0.17 rows=1 width=4) (actual time=0.001..0.001 rows=1 loops=57)
                                                        Index Cond: (id = cc.subject_id)
                                                        Filter: ((kind)::text = ANY ('{cast,crew}'::text[]))
                                            ->  Index Scan using movie_id_movie_info on movie_info mi  (cost=0.43..7.33 rows=1 width=4) (actual time=0.005..0.006 rows=3 loops=57)
                                                  Index Cond: (movie_id = cc.movie_id)
                                                  Filter: (info = ANY ('{Sweden,Germany,Swedish,German}'::text[]))
                                                  Rows Removed by Filter: 10
                                      ->  Index Scan using movie_id_movie_companies on movie_companies mc  (cost=0.43..1.29 rows=3 width=12) (actual time=0.002..0.003 rows=6 loops=152)
                                            Index Cond: (movie_id = cc.movie_id)
                                            Filter: (note IS NULL)
                                            Rows Removed by Filter: 1
                                ->  Index Scan using company_name_pkey on company_name cn  (cost=0.42..0.46 rows=1 width=23) (actual time=0.001..0.001 rows=0 loops=988)
                                      Index Cond: (id = mc.company_id)
                                      Filter: (((country_code)::text <> '[pl]'::text) AND ((name ~~ '%Film%'::text) OR (name ~~ '%Warner%'::text)))
                                      Rows Removed by Filter: 1
                          ->  Index Scan using company_type_pkey on company_type ct  (cost=0.15..0.17 rows=1 width=4) (actual time=0.001..0.001 rows=1 loops=418)
                                Index Cond: (id = mc.company_type_id)
                                Filter: ((kind)::text = 'production companies'::text)
                    ->  Index Scan using movie_id_movie_keyword on movie_keyword mk  (cost=0.43..1.35 rows=46 width=8) (actual time=0.001..0.002 rows=8 loops=418)
                          Index Cond: (movie_id = mc.movie_id)
              ->  Index Scan using comp_cast_type_pkey on comp_cast_type cct2  (cost=0.15..0.17 rows=1 width=4) (actual time=0.001..0.001 rows=1 loops=3458)
                    Index Cond: (id = cc.status_id)
                    Filter: ((kind)::text = 'complete'::text)
                    Rows Removed by Filter: 0
        ->  Index Scan using keyword_pkey on keyword k  (cost=0.42..0.44 rows=1 width=4) (actual time=0.001..0.001 rows=0 loops=1919)
              Index Cond: (id = mk.keyword_id)
              Filter: (keyword = 'sequel'::text)
              Rows Removed by Filter: 1
Planning time: 47.904 ms
Execution time: 14.414 ms
