Aggregate  (cost=1511.29..1511.30 rows=1 width=96) (actual time=13.770..13.770 rows=1 loops=1)
  ->  Nested Loop  (cost=620.45..1511.27 rows=3 width=118) (actual time=2.218..13.570 rows=743 loops=1)
        Join Filter: (ml.movie_id = mi.movie_id)
        ->  Nested Loop  (cost=620.02..1509.45 rows=1 width=138) (actual time=2.204..11.977 rows=172 loops=1)
              ->  Nested Loop  (cost=619.87..1509.26 rows=1 width=142) (actual time=2.199..11.794 rows=191 loops=1)
                    ->  Nested Loop  (cost=619.45..1507.89 rows=3 width=127) (actual time=1.627..11.044 rows=428 loops=1)
                          Join Filter: (ml.movie_id = mc.movie_id)
                          ->  Nested Loop  (cost=619.02..1507.31 rows=1 width=115) (actual time=1.618..10.732 rows=78 loops=1)
                                ->  Nested Loop  (cost=618.60..1486.99 rows=46 width=119) (actual time=1.468..5.853 rows=3231 loops=1)
                                      Join Filter: (ml.movie_id = mk.movie_id)
                                      ->  Nested Loop  (cost=618.17..1485.10 rows=1 width=111) (actual time=1.448..4.436 rows=228 loops=1)
                                            Join Filter: (cc.status_id = cct2.id)
                                            Rows Removed by Join Filter: 68
                                            ->  Nested Loop  (cost=618.17..1459.38 rows=228 width=115) (actual time=1.446..4.365 rows=228 loops=1)
                                                  Join Filter: (cc.subject_id = cct1.id)
                                                  Rows Removed by Join Filter: 29
                                                  ->  Nested Loop  (cost=618.17..1436.65 rows=257 width=119) (actual time=1.441..4.290 rows=257 loops=1)
                                                        Join Filter: (ml.movie_id = t.id)
                                                        ->  Merge Join  (cost=617.74..974.77 rows=257 width=98) (actual time=1.433..3.705 rows=257 loops=1)
                                                              Merge Cond: (cc.movie_id = ml.movie_id)
                                                              ->  Index Scan using movie_id_complete_cast on complete_cast cc  (cost=0.42..6336.58 rows=135086 width=12) (actual time=0.006..1.718 rows=5993 loops=1)
                                                              ->  Sort  (cost=617.30..623.08 rows=2315 width=86) (actual time=1.244..1.364 rows=2341 loops=1)
                                                                    Sort Key: ml.movie_id
                                                                    Sort Method: quicksort  Memory: 205kB
                                                                    ->  Nested Loop  (cost=38.82..487.93 rows=2315 width=86) (actual time=0.066..0.799 rows=2315 loops=1)
                                                                          ->  Seq Scan on link_type lt  (cost=0.00..18.88 rows=2 width=86) (actual time=0.005..0.008 rows=2 loops=1)
                                                                                Filter: ((link)::text ~~ '%follow%'::text)
                                                                                Rows Removed by Filter: 16
                                                                          ->  Bitmap Heap Scan on movie_link ml  (cost=38.82..215.78 rows=1875 width=8) (actual time=0.055..0.270 rows=1158 loops=2)
                                                                                Recheck Cond: (link_type_id = lt.id)
                                                                                Heap Blocks: exact=191
                                                                                ->  Bitmap Index Scan on link_type_id_movie_link  (cost=0.00..38.35 rows=1875 width=0) (actual time=0.044..0.044 rows=1158 loops=2)
                                                                                      Index Cond: (link_type_id = lt.id)
                                                        ->  Index Scan using title_pkey on title t  (cost=0.43..1.78 rows=1 width=21) (actual time=0.002..0.002 rows=1 loops=257)
                                                              Index Cond: (id = cc.movie_id)
                                                              Filter: ((production_year >= 1950) AND (production_year <= 2010))
                                                  ->  Materialize  (cost=0.00..18.88 rows=1 width=4) (actual time=0.000..0.000 rows=1 loops=257)
                                                        ->  Seq Scan on comp_cast_type cct1  (cost=0.00..18.88 rows=1 width=4) (actual time=0.003..0.004 rows=1 loops=1)
                                                              Filter: ((kind)::text = 'cast'::text)
                                                              Rows Removed by Filter: 3
                                            ->  Materialize  (cost=0.00..18.89 rows=2 width=4) (actual time=0.000..0.000 rows=1 loops=228)
                                                  ->  Seq Scan on comp_cast_type cct2  (cost=0.00..18.88 rows=2 width=4) (actual time=0.001..0.002 rows=2 loops=1)
                                                        Filter: ((kind)::text ~~ 'complete%'::text)
                                                        Rows Removed by Filter: 2
                                      ->  Index Scan using movie_id_movie_keyword on movie_keyword mk  (cost=0.43..1.32 rows=46 width=8) (actual time=0.002..0.004 rows=14 loops=228)
                                            Index Cond: (movie_id = t.id)
                                ->  Index Scan using keyword_pkey on keyword k  (cost=0.42..0.44 rows=1 width=4) (actual time=0.001..0.001 rows=0 loops=3231)
                                      Index Cond: (id = mk.keyword_id)
                                      Filter: (keyword = 'sequel'::text)
                                      Rows Removed by Filter: 1
                          ->  Index Scan using movie_id_movie_companies on movie_companies mc  (cost=0.43..0.54 rows=3 width=12) (actual time=0.002..0.003 rows=5 loops=78)
                                Index Cond: (movie_id = mk.movie_id)
                                Filter: (note IS NULL)
                                Rows Removed by Filter: 1
                    ->  Index Scan using company_name_pkey on company_name cn  (cost=0.42..0.46 rows=1 width=23) (actual time=0.002..0.002 rows=0 loops=428)
                          Index Cond: (id = mc.company_id)
                          Filter: (((country_code)::text <> '[pl]'::text) AND ((name ~~ '%Film%'::text) OR (name ~~ '%Warner%'::text)))
                          Rows Removed by Filter: 1
              ->  Index Scan using company_type_pkey on company_type ct  (cost=0.15..0.17 rows=1 width=4) (actual time=0.001..0.001 rows=1 loops=191)
                    Index Cond: (id = mc.company_type_id)
                    Filter: ((kind)::text = 'production companies'::text)
                    Rows Removed by Filter: 0
        ->  Index Scan using movie_id_movie_info on movie_info mi  (cost=0.43..1.79 rows=2 width=4) (actual time=0.007..0.009 rows=4 loops=172)
              Index Cond: (movie_id = mk.movie_id)
              Filter: (info = ANY ('{Sweden,Norway,Germany,Denmark,Swedish,Denish,Norwegian,German,English}'::text[]))
              Rows Removed by Filter: 15
Planning time: 47.424 ms
Execution time: 13.868 ms
