Aggregate  (cost=3718.16..3718.17 rows=1 width=96) (actual time=39.138..39.138 rows=1 loops=1)
  ->  Nested Loop  (cost=620.45..3718.15 rows=1 width=118) (actual time=2.440..38.896 rows=743 loops=1)
        ->  Nested Loop  (cost=620.03..3697.83 rows=46 width=122) (actual time=1.738..22.858 rows=11620 loops=1)
              Join Filter: (ml.movie_id = mk.movie_id)
              ->  Nested Loop  (cost=619.60..3695.94 rows=1 width=138) (actual time=1.730..18.061 rows=1150 loops=1)
                    ->  Nested Loop  (cost=619.45..3695.59 rows=2 width=142) (actual time=1.725..16.987 rows=1150 loops=1)
                          Join Filter: (mc.company_type_id = ct.id)
                          Rows Removed by Join Filter: 97
                          ->  Nested Loop  (cost=619.45..3658.00 rows=1247 width=146) (actual time=1.720..16.652 rows=1247 loops=1)
                                ->  Nested Loop  (cost=619.03..2235.09 rows=3113 width=131) (actual time=1.502..11.335 rows=3113 loops=1)
                                      Join Filter: (ml.movie_id = mc.movie_id)
                                      ->  Nested Loop  (cost=618.60..1930.28 rows=500 width=119) (actual time=1.491..9.105 rows=500 loops=1)
                                            Join Filter: (ml.movie_id = mi.movie_id)
                                            ->  Nested Loop  (cost=618.17..1459.38 rows=228 width=115) (actual time=1.444..4.493 rows=228 loops=1)
                                                  Join Filter: (cc.subject_id = cct1.id)
                                                  Rows Removed by Join Filter: 29
                                                  ->  Nested Loop  (cost=618.17..1436.65 rows=257 width=119) (actual time=1.439..4.418 rows=257 loops=1)
                                                        Join Filter: (ml.movie_id = t.id)
                                                        ->  Merge Join  (cost=617.74..974.77 rows=257 width=98) (actual time=1.432..3.814 rows=257 loops=1)
                                                              Merge Cond: (cc.movie_id = ml.movie_id)
                                                              ->  Index Scan using movie_id_complete_cast on complete_cast cc  (cost=0.42..6336.58 rows=135086 width=12) (actual time=0.006..1.790 rows=5993 loops=1)
                                                              ->  Sort  (cost=617.30..623.08 rows=2315 width=86) (actual time=1.242..1.364 rows=2341 loops=1)
                                                                    Sort Key: ml.movie_id
                                                                    Sort Method: quicksort  Memory: 205kB
                                                                    ->  Nested Loop  (cost=38.82..487.93 rows=2315 width=86) (actual time=0.066..0.799 rows=2315 loops=1)
                                                                          ->  Seq Scan on link_type lt  (cost=0.00..18.88 rows=2 width=86) (actual time=0.004..0.007 rows=2 loops=1)
                                                                                Filter: ((link)::text ~~ '%follow%'::text)
                                                                                Rows Removed by Filter: 16
                                                                          ->  Bitmap Heap Scan on movie_link ml  (cost=38.82..215.78 rows=1875 width=8) (actual time=0.055..0.270 rows=1158 loops=2)
                                                                                Recheck Cond: (link_type_id = lt.id)
                                                                                Heap Blocks: exact=191
                                                                                ->  Bitmap Index Scan on link_type_id_movie_link  (cost=0.00..38.35 rows=1875 width=0) (actual time=0.043..0.043 rows=1158 loops=2)
                                                                                      Index Cond: (link_type_id = lt.id)
                                                        ->  Index Scan using title_pkey on title t  (cost=0.43..1.78 rows=1 width=21) (actual time=0.002..0.002 rows=1 loops=257)
                                                              Index Cond: (id = cc.movie_id)
                                                              Filter: ((production_year >= 1950) AND (production_year <= 2010))
                                                  ->  Materialize  (cost=0.00..18.88 rows=1 width=4) (actual time=0.000..0.000 rows=1 loops=257)
                                                        ->  Seq Scan on comp_cast_type cct1  (cost=0.00..18.88 rows=1 width=4) (actual time=0.003..0.004 rows=1 loops=1)
                                                              Filter: ((kind)::text = 'cast'::text)
                                                              Rows Removed by Filter: 3
                                            ->  Index Scan using movie_id_movie_info on movie_info mi  (cost=0.43..2.04 rows=2 width=4) (actual time=0.017..0.020 rows=2 loops=228)
                                                  Index Cond: (movie_id = t.id)
                                                  Filter: (info = ANY ('{Sweden,Norway,Germany,Denmark,Swedish,Denish,Norwegian,German,English}'::text[]))
                                                  Rows Removed by Filter: 43
                                      ->  Index Scan using movie_id_movie_companies on movie_companies mc  (cost=0.43..0.57 rows=3 width=12) (actual time=0.002..0.003 rows=6 loops=500)
                                            Index Cond: (movie_id = t.id)
                                            Filter: (note IS NULL)
                                            Rows Removed by Filter: 3
                                ->  Index Scan using company_name_pkey on company_name cn  (cost=0.42..0.46 rows=1 width=23) (actual time=0.001..0.001 rows=0 loops=3113)
                                      Index Cond: (id = mc.company_id)
                                      Filter: (((country_code)::text <> '[pl]'::text) AND ((name ~~ '%Film%'::text) OR (name ~~ '%Warner%'::text)))
                                      Rows Removed by Filter: 1
                          ->  Materialize  (cost=0.00..18.88 rows=1 width=4) (actual time=0.000..0.000 rows=1 loops=1247)
                                ->  Seq Scan on company_type ct  (cost=0.00..18.88 rows=1 width=4) (actual time=0.003..0.004 rows=1 loops=1)
                                      Filter: ((kind)::text = 'production companies'::text)
                                      Rows Removed by Filter: 3
                    ->  Index Scan using comp_cast_type_pkey on comp_cast_type cct2  (cost=0.15..0.17 rows=1 width=4) (actual time=0.001..0.001 rows=1 loops=1150)
                          Index Cond: (id = cc.status_id)
                          Filter: ((kind)::text ~~ 'complete%'::text)
              ->  Index Scan using movie_id_movie_keyword on movie_keyword mk  (cost=0.43..1.32 rows=46 width=8) (actual time=0.001..0.003 rows=10 loops=1150)
                    Index Cond: (movie_id = t.id)
        ->  Index Scan using keyword_pkey on keyword k  (cost=0.42..0.44 rows=1 width=4) (actual time=0.001..0.001 rows=0 loops=11620)
              Index Cond: (id = mk.keyword_id)
              Filter: (keyword = 'sequel'::text)
              Rows Removed by Filter: 1
Planning time: 46.757 ms
Execution time: 39.240 ms
