Aggregate  (cost=4546.13..4546.14 rows=1 width=96) (actual time=2420.576..2420.576 rows=1 loops=1)
  ->  Nested Loop  (cost=22.37..4546.13 rows=1 width=41) (actual time=99.092..2418.727 rows=4803 loops=1)
        ->  Nested Loop  (cost=21.95..4545.23 rows=2 width=45) (actual time=14.797..1138.857 rows=738406 loops=1)
              ->  Nested Loop  (cost=21.52..4543.42 rows=1 width=61) (actual time=14.435..928.512 rows=8650 loops=1)
                    ->  Nested Loop  (cost=21.37..4543.26 rows=1 width=65) (actual time=14.430..918.985 rows=8650 loops=1)
                          ->  Nested Loop  (cost=20.95..4542.71 rows=1 width=50) (actual time=14.422..895.075 rows=8981 loops=1)
                                ->  Nested Loop  (cost=20.52..4542.09 rows=1 width=38) (actual time=13.200..874.870 rows=3479 loops=1)
                                      ->  Nested Loop  (cost=20.37..4541.91 rows=1 width=42) (actual time=13.195..870.140 rows=3946 loops=1)
                                            ->  Nested Loop  (cost=20.22..4541.74 rows=1 width=46) (actual time=13.191..865.591 rows=4112 loops=1)
                                                  Join Filter: (mi.movie_id = t.id)
                                                  ->  Nested Loop  (cost=19.79..4541.14 rows=1 width=21) (actual time=13.063..800.773 rows=22651 loops=1)
                                                        Join Filter: (it1.id = mi.info_type_id)
                                                        Rows Removed by Join Filter: 8386
                                                        ->  Seq Scan on info_type it1  (cost=0.00..2.41 rows=1 width=4) (actual time=0.009..0.016 rows=1 loops=1)
                                                              Filter: ((info)::text = 'countries'::text)
                                                              Rows Removed by Filter: 112
                                                        ->  Nested Loop  (cost=19.79..4538.36 rows=30 width=25) (actual time=13.052..796.459 rows=31037 loops=1)
                                                              ->  Nested Loop  (cost=19.35..4492.57 rows=20 width=17) (actual time=12.921..167.956 rows=33339 loops=1)
                                                                    Join Filter: (it2.id = mi_idx.info_type_id)
                                                                    Rows Removed by Join Filter: 65728
                                                                    ->  Seq Scan on info_type it2  (cost=0.00..2.41 rows=1 width=4) (actual time=0.008..0.010 rows=1 loops=1)
                                                                          Filter: ((info)::text = 'rating'::text)
                                                                          Rows Removed by Filter: 112
                                                                    ->  Nested Loop  (cost=19.35..4462.52 rows=2211 width=21) (actual time=12.911..158.249 rows=99067 loops=1)
                                                                          ->  Hash Join  (cost=18.93..3804.56 rows=761 width=8) (actual time=12.897..29.297 rows=49145 loops=1)
                                                                                Hash Cond: (cc.subject_id = cct1.id)
                                                                                ->  Seq Scan on complete_cast cc  (cost=0.00..2081.86 rows=135086 width=12) (actual time=0.006..10.967 rows=135086 loops=1)
                                                                                ->  Hash  (cost=18.88..18.88 rows=4 width=4) (actual time=0.005..0.005 rows=1 loops=1)
                                                                                      Buckets: 1024  Batches: 1  Memory Usage: 9kB
                                                                                      ->  Seq Scan on comp_cast_type cct1  (cost=0.00..18.88 rows=4 width=4) (actual time=0.002..0.003 rows=1 loops=1)
                                                                                            Filter: ((kind)::text = 'crew'::text)
                                                                                            Rows Removed by Filter: 3
                                                                          ->  Index Scan using movie_id_movie_info_idx on movie_info_idx mi_idx  (cost=0.43..0.83 rows=3 width=13) (actual time=0.002..0.002 rows=2 loops=49145)
                                                                                Index Cond: (movie_id = cc.movie_id)
                                                                                Filter: (info < '8.5'::text)
                                                                                Rows Removed by Filter: 0
                                                              ->  Index Scan using movie_id_movie_info on movie_info mi  (cost=0.43..2.27 rows=2 width=8) (actual time=0.015..0.019 rows=1 loops=33339)
                                                                    Index Cond: (movie_id = mi_idx.movie_id)
                                                                    Filter: (info = ANY ('{Sweden,Norway,Germany,Denmark,Swedish,Danish,Norwegian,German,USA,American}'::text[]))
                                                                    Rows Removed by Filter: 33
                                                  ->  Index Scan using title_pkey on title t  (cost=0.43..0.58 rows=1 width=25) (actual time=0.003..0.003 rows=0 loops=22651)
                                                        Index Cond: (id = mi_idx.movie_id)
                                                        Filter: (production_year > 2000)
                                                        Rows Removed by Filter: 1
                                            ->  Index Scan using comp_cast_type_pkey on comp_cast_type cct2  (cost=0.15..0.17 rows=1 width=4) (actual time=0.001..0.001 rows=1 loops=4112)
                                                  Index Cond: (id = cc.status_id)
                                                  Filter: ((kind)::text <> 'complete+verified'::text)
                                                  Rows Removed by Filter: 0
                                      ->  Index Scan using kind_type_pkey on kind_type kt  (cost=0.15..0.17 rows=1 width=4) (actual time=0.001..0.001 rows=1 loops=3946)
                                            Index Cond: (id = t.kind_id)
                                            Filter: ((kind)::text = ANY ('{movie,episode}'::text[]))
                                            Rows Removed by Filter: 0
                                ->  Index Scan using movie_id_movie_companies on movie_companies mc  (cost=0.43..0.62 rows=1 width=12) (actual time=0.003..0.005 rows=3 loops=3479)
                                      Index Cond: (movie_id = t.id)
                                      Filter: ((note !~~ '%(USA)%'::text) AND (note ~~ '%(200%)%'::text))
                                      Rows Removed by Filter: 5
                          ->  Index Scan using company_name_pkey on company_name cn  (cost=0.42..0.54 rows=1 width=23) (actual time=0.002..0.002 rows=1 loops=8981)
                                Index Cond: (id = mc.company_id)
                                Filter: ((country_code)::text <> '[us]'::text)
                                Rows Removed by Filter: 0
                    ->  Index Only Scan using company_type_pkey on company_type ct  (cost=0.15..0.17 rows=1 width=4) (actual time=0.001..0.001 rows=1 loops=8650)
                          Index Cond: (id = mc.company_type_id)
                          Heap Fetches: 8650
              ->  Index Scan using movie_id_movie_keyword on movie_keyword mk  (cost=0.43..1.34 rows=46 width=8) (actual time=0.003..0.014 rows=85 loops=8650)
                    Index Cond: (movie_id = t.id)
        ->  Index Scan using keyword_pkey on keyword k  (cost=0.42..0.44 rows=1 width=4) (actual time=0.002..0.002 rows=0 loops=738406)
              Index Cond: (id = mk.keyword_id)
              Filter: (keyword = ANY ('{murder,murder-in-title,blood,violence}'::text[]))
              Rows Removed by Filter: 1
Planning time: 58.754 ms
Execution time: 2420.680 ms
