Aggregate  (cost=13467.81..13467.82 rows=1 width=96) (actual time=187.324..187.324 rows=1 loops=1)
  ->  Nested Loop  (cost=3821.53..13467.81 rows=1 width=41) (actual time=38.355..185.679 rows=4803 loops=1)
        ->  Nested Loop  (cost=3821.38..13467.63 rows=1 width=45) (actual time=38.348..180.805 rows=4803 loops=1)
              ->  Nested Loop  (cost=3820.96..13467.14 rows=1 width=30) (actual time=38.338..168.861 rows=4955 loops=1)
                    Join Filter: (t.id = mc.movie_id)
                    ->  Nested Loop  (cost=3820.53..13466.56 rows=1 width=42) (actual time=38.326..162.616 rows=432 loops=1)
                          ->  Nested Loop  (cost=3820.38..13466.38 rows=1 width=46) (actual time=38.317..161.063 rows=1372 loops=1)
                                Join Filter: (t.id = mi_idx.movie_id)
                                ->  Nested Loop  (cost=3819.96..13465.84 rows=1 width=33) (actual time=38.305..158.601 rows=488 loops=1)
                                      ->  Nested Loop  (cost=3819.81..13465.66 rows=1 width=37) (actual time=38.299..157.898 rows=543 loops=1)
                                            Join Filter: (t.id = mi.movie_id)
                                            ->  Hash Join  (cost=3819.38..13463.79 rows=1 width=29) (actual time=38.275..123.712 rows=549 loops=1)
                                                  Hash Cond: (t.kind_id = kt.id)
                                                  ->  Nested Loop  (cost=3796.60..13433.34 rows=609 width=33) (actual time=38.259..123.549 rows=609 loops=1)
                                                        ->  Nested Loop  (cost=3796.17..11556.50 rows=3832 width=8) (actual time=38.242..110.536 rows=3832 loops=1)
                                                              Join Filter: (cct1.id = cc.subject_id)
                                                              Rows Removed by Join Filter: 6704
                                                              ->  Seq Scan on comp_cast_type cct1  (cost=0.00..18.88 rows=1 width=4) (actual time=0.003..0.004 rows=1 loops=1)
                                                                    Filter: ((kind)::text = 'crew'::text)
                                                                    Rows Removed by Filter: 3
                                                              ->  Hash Join  (cost=3796.17..11405.93 rows=10536 width=12) (actual time=38.205..109.530 rows=10536 loops=1)
                                                                    Hash Cond: (cc.status_id = cct2.id)
                                                                    ->  Hash Join  (cost=3777.26..11134.46 rows=20024 width=16) (actual time=38.196..106.742 rows=20024 loops=1)
                                                                          Hash Cond: (mk.movie_id = cc.movie_id)
                                                                          ->  Nested Loop  (cost=6.83..6345.83 rows=37091 width=4) (actual time=2.816..59.494 rows=37091 loops=1)
                                                                                ->  Seq Scan on keyword k  (cost=0.00..2961.55 rows=3 width=4) (actual time=0.831..17.304 rows=3 loops=1)
                                                                                      Filter: (keyword = ANY ('{murder,murder-in-title,blood,violence}'::text[]))
                                                                                      Rows Removed by Filter: 134167
                                                                                ->  Bitmap Heap Scan on movie_keyword mk  (cost=6.83..1125.00 rows=309 width=8) (actual time=2.272..12.779 rows=12364 loops=3)
                                                                                      Recheck Cond: (keyword_id = k.id)
                                                                                      Heap Blocks: exact=26312
                                                                                      ->  Bitmap Index Scan on keyword_id_movie_keyword  (cost=0.00..6.75 rows=309 width=0) (actual time=1.149..1.149 rows=12364 loops=3)
                                                                                            Index Cond: (keyword_id = k.id)
                                                                          ->  Hash  (cost=2081.86..2081.86 rows=135086 width=12) (actual time=35.006..35.006 rows=135086 loops=1)
                                                                                Buckets: 262144  Batches: 1  Memory Usage: 7853kB
                                                                                ->  Seq Scan on complete_cast cc  (cost=0.00..2081.86 rows=135086 width=12) (actual time=0.008..16.772 rows=135086 loops=1)
                                                                    ->  Hash  (cost=18.88..18.88 rows=3 width=4) (actual time=0.003..0.003 rows=3 loops=1)
                                                                          Buckets: 1024  Batches: 1  Memory Usage: 9kB
                                                                          ->  Seq Scan on comp_cast_type cct2  (cost=0.00..18.88 rows=3 width=4) (actual time=0.001..0.002 rows=3 loops=1)
                                                                                Filter: ((kind)::text <> 'complete+verified'::text)
                                                                                Rows Removed by Filter: 1
                                                        ->  Index Scan using title_pkey on title t  (cost=0.43..0.49 rows=1 width=25) (actual time=0.003..0.003 rows=0 loops=3832)
                                                              Index Cond: (id = mk.movie_id)
                                                              Filter: (production_year > 2000)
                                                              Rows Removed by Filter: 1
                                                  ->  Hash  (cost=22.75..22.75 rows=2 width=4) (actual time=0.010..0.010 rows=2 loops=1)
                                                        Buckets: 1024  Batches: 1  Memory Usage: 9kB
                                                        ->  Seq Scan on kind_type kt  (cost=0.00..22.75 rows=2 width=4) (actual time=0.007..0.008 rows=2 loops=1)
                                                              Filter: ((kind)::text = ANY ('{movie,episode}'::text[]))
                                                              Rows Removed by Filter: 5
                                            ->  Index Scan using movie_id_movie_info on movie_info mi  (cost=0.43..1.84 rows=2 width=8) (actual time=0.053..0.062 rows=1 loops=549)
                                                  Index Cond: (movie_id = mk.movie_id)
                                                  Filter: (info = ANY ('{Sweden,Norway,Germany,Denmark,Swedish,Danish,Norwegian,German,USA,American}'::text[]))
                                                  Rows Removed by Filter: 133
                                      ->  Index Scan using info_type_pkey on info_type it1  (cost=0.14..0.16 rows=1 width=4) (actual time=0.001..0.001 rows=1 loops=543)
                                            Index Cond: (id = mi.info_type_id)
                                            Filter: ((info)::text = 'countries'::text)
                                            Rows Removed by Filter: 0
                                ->  Index Scan using movie_id_movie_info_idx on movie_info_idx mi_idx  (cost=0.43..0.50 rows=3 width=13) (actual time=0.003..0.004 rows=3 loops=488)
                                      Index Cond: (movie_id = mk.movie_id)
                                      Filter: (info < '8.5'::text)
                                      Rows Removed by Filter: 0
                          ->  Index Scan using info_type_pkey on info_type it2  (cost=0.14..0.16 rows=1 width=4) (actual time=0.001..0.001 rows=0 loops=1372)
                                Index Cond: (id = mi_idx.info_type_id)
                                Filter: ((info)::text = 'rating'::text)
                                Rows Removed by Filter: 1
                    ->  Index Scan using movie_id_movie_companies on movie_companies mc  (cost=0.43..0.57 rows=1 width=12) (actual time=0.005..0.013 rows=11 loops=432)
                          Index Cond: (movie_id = mk.movie_id)
                          Filter: ((note !~~ '%(USA)%'::text) AND (note ~~ '%(200%)%'::text))
                          Rows Removed by Filter: 10
              ->  Index Scan using company_name_pkey on company_name cn  (cost=0.42..0.49 rows=1 width=23) (actual time=0.002..0.002 rows=1 loops=4955)
                    Index Cond: (id = mc.company_id)
                    Filter: ((country_code)::text <> '[us]'::text)
                    Rows Removed by Filter: 0
        ->  Index Only Scan using company_type_pkey on company_type ct  (cost=0.15..0.17 rows=1 width=4) (actual time=0.001..0.001 rows=1 loops=4803)
              Index Cond: (id = mc.company_type_id)
              Heap Fetches: 4803
Planning time: 58.913 ms
Execution time: 187.460 ms
