Aggregate  (cost=3839.11..3839.12 rows=1 width=96) (actual time=15258.568..15258.568 rows=1 loops=1)
  ->  Nested Loop  (cost=22.49..3839.10 rows=1 width=41) (actual time=3291.802..15258.491 rows=148 loops=1)
        ->  Nested Loop  (cost=22.07..3838.65 rows=1 width=45) (actual time=3291.308..15231.020 rows=15989 loops=1)
              ->  Nested Loop  (cost=21.92..3838.46 rows=1 width=49) (actual time=2619.022..15215.704 rows=16266 loops=1)
                    ->  Nested Loop  (cost=21.78..3838.28 rows=1 width=53) (actual time=25.901..15195.468 rows=20136 loops=1)
                          Join Filter: (t.id = mi.movie_id)
                          ->  Nested Loop  (cost=21.34..3836.73 rows=1 width=69) (actual time=22.705..1017.359 rows=203894 loops=1)
                                ->  Nested Loop  (cost=20.92..3836.24 rows=1 width=54) (actual time=22.695..631.412 rows=208977 loops=1)
                                      ->  Nested Loop  (cost=20.77..3836.07 rows=1 width=58) (actual time=22.688..421.685 rows=208977 loops=1)
                                            Join Filter: (t.id = mc.movie_id)
                                            ->  Nested Loop  (cost=20.34..3834.91 rows=2 width=46) (actual time=22.665..182.203 rows=30403 loops=1)
                                                  ->  Nested Loop  (cost=19.91..3833.07 rows=1 width=38) (actual time=22.655..166.245 rows=3338 loops=1)
                                                        ->  Nested Loop  (cost=19.77..3832.89 rows=1 width=42) (actual time=22.648..161.704 rows=4340 loops=1)
                                                              ->  Nested Loop  (cost=19.34..3832.34 rows=1 width=29) (actual time=22.636..139.161 rows=11185 loops=1)
                                                                    ->  Nested Loop  (cost=18.91..3830.56 rows=1 width=4) (actual time=22.601..39.812 rows=42432 loops=1)
                                                                          Join Filter: (cc.subject_id = cct1.id)
                                                                          Rows Removed by Join Filter: 68062
                                                                          ->  Seq Scan on comp_cast_type cct1  (cost=0.00..18.88 rows=1 width=4) (actual time=0.008..0.010 rows=1 loops=1)
                                                                                Filter: ((kind)::text = 'crew'::text)
                                                                                Rows Removed by Filter: 3
                                                                          ->  Hash Join  (cost=18.91..3804.55 rows=571 width=8) (actual time=0.017..31.670 rows=110494 loops=1)
                                                                                Hash Cond: (cc.status_id = cct2.id)
                                                                                ->  Seq Scan on complete_cast cc  (cost=0.00..2081.86 rows=135086 width=12) (actual time=0.006..10.079 rows=135086 loops=1)
                                                                                ->  Hash  (cost=18.88..18.88 rows=3 width=4) (actual time=0.005..0.005 rows=3 loops=1)
                                                                                      Buckets: 1024  Batches: 1  Memory Usage: 9kB
                                                                                      ->  Seq Scan on comp_cast_type cct2  (cost=0.00..18.88 rows=3 width=4) (actual time=0.001..0.002 rows=3 loops=1)
                                                                                            Filter: ((kind)::text <> 'complete+verified'::text)
                                                                                            Rows Removed by Filter: 1
                                                                    ->  Index Scan using title_pkey on title t  (cost=0.43..1.78 rows=1 width=25) (actual time=0.002..0.002 rows=0 loops=42432)
                                                                          Index Cond: (id = cc.movie_id)
                                                                          Filter: (production_year > 2005)
                                                                          Rows Removed by Filter: 1
                                                              ->  Index Scan using movie_id_movie_info_idx on movie_info_idx mi_idx  (cost=0.43..0.53 rows=1 width=13) (actual time=0.002..0.002 rows=0 loops=11185)
                                                                    Index Cond: (movie_id = t.id)
                                                                    Filter: (info > '6.5'::text)
                                                                    Rows Removed by Filter: 1
                                                        ->  Index Scan using info_type_pkey on info_type it2  (cost=0.14..0.16 rows=1 width=4) (actual time=0.001..0.001 rows=1 loops=4340)
                                                              Index Cond: (id = mi_idx.info_type_id)
                                                              Filter: ((info)::text = 'rating'::text)
                                                              Rows Removed by Filter: 0
                                                  ->  Index Scan using movie_id_movie_keyword on movie_keyword mk  (cost=0.43..1.38 rows=46 width=8) (actual time=0.002..0.003 rows=9 loops=3338)
                                                        Index Cond: (movie_id = t.id)
                                            ->  Index Scan using movie_id_movie_companies on movie_companies mc  (cost=0.43..0.57 rows=1 width=12) (actual time=0.003..0.007 rows=7 loops=30403)
                                                  Index Cond: (movie_id = mk.movie_id)
                                                  Filter: ((note !~~ '%(USA)%'::text) AND (note ~~ '%(200%)%'::text))
                                                  Rows Removed by Filter: 9
                                      ->  Index Only Scan using company_type_pkey on company_type ct  (cost=0.15..0.17 rows=1 width=4) (actual time=0.001..0.001 rows=1 loops=208977)
                                            Index Cond: (id = mc.company_type_id)
                                            Heap Fetches: 208977
                                ->  Index Scan using company_name_pkey on company_name cn  (cost=0.42..0.49 rows=1 width=23) (actual time=0.002..0.002 rows=1 loops=208977)
                                      Index Cond: (id = mc.company_id)
                                      Filter: ((country_code)::text <> '[us]'::text)
                                      Rows Removed by Filter: 0
                          ->  Index Scan using movie_id_movie_info on movie_info mi  (cost=0.43..1.54 rows=1 width=8) (actual time=0.068..0.069 rows=0 loops=203894)
                                Index Cond: (movie_id = mk.movie_id)
                                Filter: (info = ANY ('{Sweden,Germany,Swedish,German}'::text[]))
                                Rows Removed by Filter: 313
                    ->  Index Scan using info_type_pkey on info_type it1  (cost=0.14..0.16 rows=1 width=4) (actual time=0.001..0.001 rows=1 loops=20136)
                          Index Cond: (id = mi.info_type_id)
                          Filter: ((info)::text = 'countries'::text)
                          Rows Removed by Filter: 0
              ->  Index Scan using kind_type_pkey on kind_type kt  (cost=0.15..0.17 rows=1 width=4) (actual time=0.001..0.001 rows=1 loops=16266)
                    Index Cond: (id = t.kind_id)
                    Filter: ((kind)::text = ANY ('{movie,episode}'::text[]))
                    Rows Removed by Filter: 0
        ->  Index Scan using keyword_pkey on keyword k  (cost=0.42..0.44 rows=1 width=4) (actual time=0.002..0.002 rows=0 loops=15989)
              Index Cond: (id = mk.keyword_id)
              Filter: (keyword = ANY ('{murder,murder-in-title,blood,violence}'::text[]))
              Rows Removed by Filter: 1
Planning time: 58.870 ms
Execution time: 15258.676 ms
