Aggregate  (cost=4477.75..4477.76 rows=1 width=96) (actual time=521.864..521.864 rows=1 loops=1)
  ->  Nested Loop  (cost=22.51..4477.75 rows=1 width=41) (actual time=116.104..521.792 rows=148 loops=1)
        ->  Nested Loop  (cost=22.36..4477.57 rows=1 width=45) (actual time=116.099..521.501 rows=240 loops=1)
              ->  Nested Loop  (cost=22.22..4477.39 rows=1 width=49) (actual time=116.094..521.103 rows=333 loops=1)
                    ->  Nested Loop  (cost=22.07..4477.22 rows=1 width=53) (actual time=116.088..520.679 rows=359 loops=1)
                          ->  Nested Loop  (cost=21.65..4476.68 rows=1 width=38) (actual time=116.078..519.764 rows=361 loops=1)
                                ->  Nested Loop  (cost=21.23..4475.78 rows=2 width=42) (actual time=15.205..466.477 rows=29633 loops=1)
                                      ->  Nested Loop  (cost=20.80..4473.93 rows=1 width=58) (actual time=13.768..457.695 rows=322 loops=1)
                                            ->  Nested Loop  (cost=20.65..4473.77 rows=1 width=62) (actual time=13.763..457.276 rows=322 loops=1)
                                                  ->  Nested Loop  (cost=20.22..4473.11 rows=1 width=50) (actual time=13.756..455.911 rows=228 loops=1)
                                                        Join Filter: (mi.movie_id = t.id)
                                                        ->  Nested Loop  (cost=19.79..4472.06 rows=1 width=25) (actual time=13.748..451.584 rows=1346 loops=1)
                                                              ->  Nested Loop  (cost=19.35..4456.05 rows=4 width=17) (actual time=12.861..143.067 rows=18297 loops=1)
                                                                    Join Filter: (mi_idx.info_type_id = it2.id)
                                                                    Rows Removed by Join Filter: 6493
                                                                    ->  Seq Scan on info_type it2  (cost=0.00..2.41 rows=1 width=4) (actual time=0.014..0.017 rows=1 loops=1)
                                                                          Filter: ((info)::text = 'rating'::text)
                                                                          Rows Removed by Filter: 112
                                                                    ->  Nested Loop  (cost=19.35..4447.30 rows=507 width=21) (actual time=12.845..139.798 rows=24790 loops=1)
                                                                          ->  Hash Join  (cost=18.93..3804.56 rows=761 width=8) (actual time=12.795..27.589 rows=49145 loops=1)
                                                                                Hash Cond: (cc.subject_id = cct1.id)
                                                                                ->  Seq Scan on complete_cast cc  (cost=0.00..2081.86 rows=135086 width=12) (actual time=0.006..10.512 rows=135086 loops=1)
                                                                                ->  Hash  (cost=18.88..18.88 rows=4 width=4) (actual time=0.005..0.005 rows=1 loops=1)
                                                                                      Buckets: 1024  Batches: 1  Memory Usage: 9kB
                                                                                      ->  Seq Scan on comp_cast_type cct1  (cost=0.00..18.88 rows=4 width=4) (actual time=0.002..0.003 rows=1 loops=1)
                                                                                            Filter: ((kind)::text = 'crew'::text)
                                                                                            Rows Removed by Filter: 3
                                                                          ->  Index Scan using movie_id_movie_info_idx on movie_info_idx mi_idx  (cost=0.43..0.83 rows=1 width=13) (actual time=0.002..0.002 rows=1 loops=49145)
                                                                                Index Cond: (movie_id = cc.movie_id)
                                                                                Filter: (info > '6.5'::text)
                                                                                Rows Removed by Filter: 2
                                                              ->  Index Scan using movie_id_movie_info on movie_info mi  (cost=0.43..3.99 rows=1 width=8) (actual time=0.016..0.017 rows=0 loops=18297)
                                                                    Index Cond: (movie_id = mi_idx.movie_id)
                                                                    Filter: (info = ANY ('{Sweden,Germany,Swedish,German}'::text[]))
                                                                    Rows Removed by Filter: 39
                                                        ->  Index Scan using title_pkey on title t  (cost=0.43..1.04 rows=1 width=25) (actual time=0.003..0.003 rows=0 loops=1346)
                                                              Index Cond: (id = mi_idx.movie_id)
                                                              Filter: (production_year > 2005)
                                                              Rows Removed by Filter: 1
                                                  ->  Index Scan using movie_id_movie_companies on movie_companies mc  (cost=0.43..0.65 rows=1 width=12) (actual time=0.004..0.006 rows=1 loops=228)
                                                        Index Cond: (movie_id = t.id)
                                                        Filter: ((note !~~ '%(USA)%'::text) AND (note ~~ '%(200%)%'::text))
                                                        Rows Removed by Filter: 6
                                            ->  Index Only Scan using company_type_pkey on company_type ct  (cost=0.15..0.17 rows=1 width=4) (actual time=0.001..0.001 rows=1 loops=322)
                                                  Index Cond: (id = mc.company_type_id)
                                                  Heap Fetches: 322
                                      ->  Index Scan using movie_id_movie_keyword on movie_keyword mk  (cost=0.43..1.38 rows=46 width=8) (actual time=0.003..0.015 rows=92 loops=322)
                                            Index Cond: (movie_id = t.id)
                                ->  Index Scan using keyword_pkey on keyword k  (cost=0.42..0.44 rows=1 width=4) (actual time=0.002..0.002 rows=0 loops=29633)
                                      Index Cond: (id = mk.keyword_id)
                                      Filter: (keyword = ANY ('{murder,murder-in-title,blood,violence}'::text[]))
                                      Rows Removed by Filter: 1
                          ->  Index Scan using company_name_pkey on company_name cn  (cost=0.42..0.54 rows=1 width=23) (actual time=0.002..0.002 rows=1 loops=361)
                                Index Cond: (id = mc.company_id)
                                Filter: ((country_code)::text <> '[us]'::text)
                                Rows Removed by Filter: 0
                    ->  Index Scan using kind_type_pkey on kind_type kt  (cost=0.15..0.17 rows=1 width=4) (actual time=0.001..0.001 rows=1 loops=359)
                          Index Cond: (id = t.kind_id)
                          Filter: ((kind)::text = ANY ('{movie,episode}'::text[]))
                          Rows Removed by Filter: 0
              ->  Index Scan using info_type_pkey on info_type it1  (cost=0.14..0.16 rows=1 width=4) (actual time=0.001..0.001 rows=1 loops=333)
                    Index Cond: (id = mi.info_type_id)
                    Filter: ((info)::text = 'countries'::text)
                    Rows Removed by Filter: 0
        ->  Index Scan using comp_cast_type_pkey on comp_cast_type cct2  (cost=0.15..0.17 rows=1 width=4) (actual time=0.001..0.001 rows=1 loops=240)
              Index Cond: (id = cc.status_id)
              Filter: ((kind)::text <> 'complete+verified'::text)
              Rows Removed by Filter: 0
Planning time: 58.574 ms
Execution time: 521.973 ms
