Aggregate  (cost=14501.25..14501.26 rows=1 width=96) (actual time=136.584..136.584 rows=1 loops=1)
  ->  Nested Loop  (cost=3821.53..14501.24 rows=1 width=41) (actual time=39.280..136.517 rows=148 loops=1)
        ->  Nested Loop  (cost=3821.38..14501.06 rows=1 width=45) (actual time=39.274..136.341 rows=148 loops=1)
              ->  Nested Loop  (cost=3820.96..14500.57 rows=1 width=30) (actual time=39.262..135.811 rows=150 loops=1)
                    Join Filter: (t.id = mc.movie_id)
                    ->  Nested Loop  (cost=3820.53..14499.99 rows=1 width=42) (actual time=39.250..135.515 rows=13 loops=1)
                          ->  Nested Loop  (cost=3820.38..14499.81 rows=1 width=46) (actual time=39.247..135.479 rows=20 loops=1)
                                Join Filter: (t.id = mi.movie_id)
                                ->  Nested Loop  (cost=3819.95..14498.26 rows=1 width=38) (actual time=39.061..126.945 rows=179 loops=1)
                                      ->  Nested Loop  (cost=3819.81..14498.08 rows=1 width=42) (actual time=39.055..126.680 rows=197 loops=1)
                                            Join Filter: (t.id = mi_idx.movie_id)
                                            ->  Hash Join  (cost=3819.38..14497.57 rows=1 width=29) (actual time=39.043..125.402 rows=273 loops=1)
                                                  Hash Cond: (cc.status_id = cct2.id)
                                                  ->  Hash Join  (cost=3800.47..14475.03 rows=287 width=33) (actual time=39.029..125.322 rows=287 loops=1)
                                                        Hash Cond: (t.kind_id = kt.id)
                                                        ->  Nested Loop  (cost=3777.69..14448.11 rows=329 width=37) (actual time=39.020..125.240 rows=329 loops=1)
                                                              ->  Nested Loop  (cost=3777.26..11403.64 rows=6216 width=12) (actual time=39.004..106.478 rows=6216 loops=1)
                                                                    Join Filter: (cct1.id = cc.subject_id)
                                                                    Rows Removed by Join Filter: 13808
                                                                    ->  Seq Scan on comp_cast_type cct1  (cost=0.00..18.88 rows=1 width=4) (actual time=0.001..0.003 rows=1 loops=1)
                                                                          Filter: ((kind)::text = 'crew'::text)
                                                                          Rows Removed by Filter: 3
                                                                    ->  Hash Join  (cost=3777.26..11134.46 rows=20024 width=16) (actual time=38.969..104.781 rows=20024 loops=1)
                                                                          Hash Cond: (mk.movie_id = cc.movie_id)
                                                                          ->  Nested Loop  (cost=6.83..6345.83 rows=37091 width=4) (actual time=2.711..57.895 rows=37091 loops=1)
                                                                                ->  Seq Scan on keyword k  (cost=0.00..2961.55 rows=3 width=4) (actual time=0.835..17.410 rows=3 loops=1)
                                                                                      Filter: (keyword = ANY ('{murder,murder-in-title,blood,violence}'::text[]))
                                                                                      Rows Removed by Filter: 134167
                                                                                ->  Bitmap Heap Scan on movie_keyword mk  (cost=6.83..1125.00 rows=309 width=8) (actual time=2.156..12.266 rows=12364 loops=3)
                                                                                      Recheck Cond: (keyword_id = k.id)
                                                                                      Heap Blocks: exact=26312
                                                                                      ->  Bitmap Index Scan on keyword_id_movie_keyword  (cost=0.00..6.75 rows=309 width=0) (actual time=1.104..1.104 rows=12364 loops=3)
                                                                                            Index Cond: (keyword_id = k.id)
                                                                          ->  Hash  (cost=2081.86..2081.86 rows=135086 width=12) (actual time=35.890..35.890 rows=135086 loops=1)
                                                                                Buckets: 262144  Batches: 1  Memory Usage: 7853kB
                                                                                ->  Seq Scan on complete_cast cc  (cost=0.00..2081.86 rows=135086 width=12) (actual time=0.009..16.999 rows=135086 loops=1)
                                                              ->  Index Scan using title_pkey on title t  (cost=0.43..0.49 rows=1 width=25) (actual time=0.003..0.003 rows=0 loops=6216)
                                                                    Index Cond: (id = mk.movie_id)
                                                                    Filter: (production_year > 2005)
                                                                    Rows Removed by Filter: 1
                                                        ->  Hash  (cost=22.75..22.75 rows=2 width=4) (actual time=0.005..0.005 rows=2 loops=1)
                                                              Buckets: 1024  Batches: 1  Memory Usage: 9kB
                                                              ->  Seq Scan on kind_type kt  (cost=0.00..22.75 rows=2 width=4) (actual time=0.003..0.004 rows=2 loops=1)
                                                                    Filter: ((kind)::text = ANY ('{movie,episode}'::text[]))
                                                                    Rows Removed by Filter: 5
                                                  ->  Hash  (cost=18.88..18.88 rows=3 width=4) (actual time=0.009..0.009 rows=3 loops=1)
                                                        Buckets: 1024  Batches: 1  Memory Usage: 9kB
                                                        ->  Seq Scan on comp_cast_type cct2  (cost=0.00..18.88 rows=3 width=4) (actual time=0.006..0.007 rows=3 loops=1)
                                                              Filter: ((kind)::text <> 'complete+verified'::text)
                                                              Rows Removed by Filter: 1
                                            ->  Index Scan using movie_id_movie_info_idx on movie_info_idx mi_idx  (cost=0.43..0.50 rows=1 width=13) (actual time=0.004..0.004 rows=1 loops=273)
                                                  Index Cond: (movie_id = mk.movie_id)
                                                  Filter: (info > '6.5'::text)
                                                  Rows Removed by Filter: 2
                                      ->  Index Scan using info_type_pkey on info_type it2  (cost=0.14..0.16 rows=1 width=4) (actual time=0.001..0.001 rows=1 loops=197)
                                            Index Cond: (id = mi_idx.info_type_id)
                                            Filter: ((info)::text = 'rating'::text)
                                            Rows Removed by Filter: 0
                                ->  Index Scan using movie_id_movie_info on movie_info mi  (cost=0.43..1.54 rows=1 width=8) (actual time=0.046..0.047 rows=0 loops=179)
                                      Index Cond: (movie_id = mk.movie_id)
                                      Filter: (info = ANY ('{Sweden,Germany,Swedish,German}'::text[]))
                                      Rows Removed by Filter: 130
                          ->  Index Scan using info_type_pkey on info_type it1  (cost=0.14..0.16 rows=1 width=4) (actual time=0.001..0.001 rows=1 loops=20)
                                Index Cond: (id = mi.info_type_id)
                                Filter: ((info)::text = 'countries'::text)
                                Rows Removed by Filter: 0
                    ->  Index Scan using movie_id_movie_companies on movie_companies mc  (cost=0.43..0.57 rows=1 width=12) (actual time=0.009..0.020 rows=12 loops=13)
                          Index Cond: (movie_id = mk.movie_id)
                          Filter: ((note !~~ '%(USA)%'::text) AND (note ~~ '%(200%)%'::text))
                          Rows Removed by Filter: 17
              ->  Index Scan using company_name_pkey on company_name cn  (cost=0.42..0.49 rows=1 width=23) (actual time=0.003..0.003 rows=1 loops=150)
                    Index Cond: (id = mc.company_id)
                    Filter: ((country_code)::text <> '[us]'::text)
                    Rows Removed by Filter: 0
        ->  Index Only Scan using company_type_pkey on company_type ct  (cost=0.15..0.17 rows=1 width=4) (actual time=0.001..0.001 rows=1 loops=148)
              Index Cond: (id = mc.company_type_id)
              Heap Fetches: 148
Planning time: 58.905 ms
Execution time: 136.712 ms
