Aggregate  (cost=5150.51..5150.52 rows=1 width=96) (actual time=572.729..572.729 rows=1 loops=1)
  ->  Nested Loop  (cost=3.00..5150.50 rows=1 width=41) (actual time=0.652..570.049 rows=8373 loops=1)
        ->  Nested Loop  (cost=2.58..5150.01 rows=1 width=26) (actual time=0.645..551.621 rows=8771 loops=1)
              Join Filter: (mc.company_type_id = ct.id)
              ->  Nested Loop  (cost=2.58..5132.86 rows=1 width=30) (actual time=0.641..543.334 rows=8771 loops=1)
                    Join Filter: (t.id = mc.movie_id)
                    ->  Nested Loop  (cost=2.15..5132.28 rows=1 width=42) (actual time=0.630..532.792 rows=778 loops=1)
                          Join Filter: (it2.id = mi_idx.info_type_id)
                          Rows Removed by Join Filter: 1602
                          ->  Seq Scan on info_type it2  (cost=0.00..2.41 rows=1 width=4) (actual time=0.014..0.015 rows=1 loops=1)
                                Filter: ((info)::text = 'rating'::text)
                                Rows Removed by Filter: 112
                          ->  Nested Loop  (cost=2.15..5129.86 rows=1 width=46) (actual time=0.614..532.514 rows=2380 loops=1)
                                Join Filter: (t.id = mi_idx.movie_id)
                                ->  Nested Loop  (cost=1.72..5129.32 rows=1 width=33) (actual time=0.606..528.791 rows=833 loops=1)
                                      Join Filter: (it1.id = mi.info_type_id)
                                      Rows Removed by Join Filter: 103
                                      ->  Seq Scan on info_type it1  (cost=0.00..2.41 rows=1 width=4) (actual time=0.003..0.009 rows=1 loops=1)
                                            Filter: ((info)::text = 'countries'::text)
                                            Rows Removed by Filter: 112
                                      ->  Nested Loop  (cost=1.72..5126.90 rows=1 width=37) (actual time=0.602..528.622 rows=936 loops=1)
                                            Join Filter: (t.id = mi.movie_id)
                                            ->  Nested Loop  (cost=1.28..5125.03 rows=1 width=29) (actual time=0.520..479.607 rows=922 loops=1)
                                                  ->  Nested Loop  (cost=0.86..5124.13 rows=2 width=33) (actual time=0.099..249.248 rows=129355 loops=1)
                                                        ->  Nested Loop  (cost=0.43..5122.29 rows=1 width=25) (actual time=0.070..186.992 rows=13304 loops=1)
                                                              Join Filter: (t.kind_id = kt.id)
                                                              Rows Removed by Join Filter: 13560
                                                              ->  Nested Loop  (cost=0.43..5098.09 rows=48 width=29) (actual time=0.045..181.933 rows=14467 loops=1)
                                                                    ->  Nested Loop  (cost=0.00..4882.45 rows=121 width=4) (actual time=0.011..35.084 rows=68062 loops=1)
                                                                          Join Filter: (cc.status_id = cct2.id)
                                                                          Rows Removed by Join Filter: 17879
                                                                          ->  Seq Scan on comp_cast_type cct2  (cost=0.00..18.88 rows=1 width=4) (actual time=0.002..0.003 rows=1 loops=1)
                                                                                Filter: ((kind)::text = 'complete'::text)
                                                                                Rows Removed by Filter: 3
                                                                          ->  Nested Loop  (cost=0.00..3789.31 rows=85941 width=8) (actual time=0.007..26.677 rows=85941 loops=1)
                                                                                Join Filter: (cc.subject_id = cct1.id)
                                                                                Rows Removed by Join Filter: 49145
                                                                                ->  Seq Scan on comp_cast_type cct1  (cost=0.00..18.88 rows=1 width=4) (actual time=0.001..0.003 rows=1 loops=1)
                                                                                      Filter: ((kind)::text = 'cast'::text)
                                                                                      Rows Removed by Filter: 3
                                                                                ->  Seq Scan on complete_cast cc  (cost=0.00..2081.86 rows=135086 width=12) (actual time=0.006..10.585 rows=135086 loops=1)
                                                                    ->  Index Scan using title_pkey on title t  (cost=0.43..1.78 rows=1 width=25) (actual time=0.002..0.002 rows=0 loops=68062)
                                                                          Index Cond: (id = cc.movie_id)
                                                                          Filter: (production_year > 2005)
                                                                          Rows Removed by Filter: 1
                                                              ->  Materialize  (cost=0.00..22.76 rows=2 width=4) (actual time=0.000..0.000 rows=2 loops=14467)
                                                                    ->  Seq Scan on kind_type kt  (cost=0.00..22.75 rows=2 width=4) (actual time=0.003..0.004 rows=2 loops=1)
                                                                          Filter: ((kind)::text = ANY ('{movie,episode}'::text[]))
                                                                          Rows Removed by Filter: 5
                                                        ->  Index Scan using movie_id_movie_keyword on movie_keyword mk  (cost=0.43..1.38 rows=46 width=8) (actual time=0.002..0.003 rows=10 loops=13304)
                                                              Index Cond: (movie_id = t.id)
                                                  ->  Index Scan using keyword_pkey on keyword k  (cost=0.42..0.44 rows=1 width=4) (actual time=0.002..0.002 rows=0 loops=129355)
                                                        Index Cond: (id = mk.keyword_id)
                                                        Filter: (keyword = ANY ('{murder,murder-in-title,blood,violence}'::text[]))
                                                        Rows Removed by Filter: 1
                                            ->  Index Scan using movie_id_movie_info on movie_info mi  (cost=0.43..1.84 rows=2 width=8) (actual time=0.045..0.053 rows=1 loops=922)
                                                  Index Cond: (movie_id = mk.movie_id)
                                                  Filter: (info = ANY ('{Sweden,Norway,Germany,Denmark,Swedish,Danish,Norwegian,German,USA,American}'::text[]))
                                                  Rows Removed by Filter: 130
                                ->  Index Scan using movie_id_movie_info_idx on movie_info_idx mi_idx  (cost=0.43..0.50 rows=3 width=13) (actual time=0.003..0.004 rows=3 loops=833)
                                      Index Cond: (movie_id = mk.movie_id)
                                      Filter: (info < '8.5'::text)
                                      Rows Removed by Filter: 0
                    ->  Index Scan using movie_id_movie_companies on movie_companies mc  (cost=0.43..0.57 rows=1 width=12) (actual time=0.005..0.012 rows=11 loops=778)
                          Index Cond: (movie_id = mk.movie_id)
                          Filter: ((note !~~ '%(USA)%'::text) AND (note ~~ '%(200%)%'::text))
                          Rows Removed by Filter: 13
              ->  Seq Scan on company_type ct  (cost=0.00..17.10 rows=4 width=4) (actual time=0.000..0.000 rows=1 loops=8771)
        ->  Index Scan using company_name_pkey on company_name cn  (cost=0.42..0.49 rows=1 width=23) (actual time=0.002..0.002 rows=1 loops=8771)
              Index Cond: (id = mc.company_id)
              Filter: ((country_code)::text <> '[us]'::text)
              Rows Removed by Filter: 0
Planning time: 59.249 ms
Execution time: 572.820 ms
