Aggregate  (cost=34200.02..34200.03 rows=1 width=96) (actual time=761.139..761.139 rows=1 loops=1)
  ->  Nested Loop  (cost=3819.33..34200.01 rows=1 width=41) (actual time=37.956..758.479 rows=8373 loops=1)
        ->  Nested Loop  (cost=3818.91..34199.52 rows=1 width=26) (actual time=37.948..738.981 rows=8771 loops=1)
              Join Filter: (mi_idx.info_type_id = it2.id)
              Rows Removed by Join Filter: 17261
              ->  Seq Scan on info_type it2  (cost=0.00..2.41 rows=1 width=4) (actual time=0.012..0.013 rows=1 loops=1)
                    Filter: ((info)::text = 'rating'::text)
                    Rows Removed by Filter: 112
              ->  Nested Loop  (cost=3818.91..34196.77 rows=27 width=30) (actual time=37.934..736.369 rows=26032 loops=1)
                    Join Filter: (t.id = mi_idx.movie_id)
                    ->  Hash Join  (cost=3818.48..34170.00 rows=50 width=41) (actual time=37.925..711.625 rows=8897 loops=1)
                          Hash Cond: (mc.company_type_id = ct.id)
                          ->  Nested Loop  (cost=3801.33..34040.64 rows=8897 width=45) (actual time=37.914..709.702 rows=8897 loops=1)
                                Join Filter: (it1.id = mi.info_type_id)
                                Rows Removed by Join Filter: 1152
                                ->  Seq Scan on info_type it1  (cost=0.00..2.41 rows=1 width=4) (actual time=0.003..0.011 rows=1 loops=1)
                                      Filter: ((info)::text = 'countries'::text)
                                      Rows Removed by Filter: 112
                                ->  Nested Loop  (cost=3801.33..33912.62 rows=10049 width=49) (actual time=37.909..708.102 rows=10049 loops=1)
                                      Join Filter: (t.id = mi.movie_id)
                                      ->  Hash Join  (cost=3800.90..17641.23 rows=8705 width=41) (actual time=37.890..155.991 rows=8705 loops=1)
                                            Hash Cond: (t.kind_id = kt.id)
                                            ->  Nested Loop  (cost=3778.12..17503.56 rows=9107 width=45) (actual time=37.882..154.238 rows=9107 loops=1)
                                                  Join Filter: (cc.subject_id = cct1.id)
                                                  Rows Removed by Join Filter: 1856
                                                  ->  Seq Scan on comp_cast_type cct1  (cost=0.00..18.88 rows=1 width=4) (actual time=0.002..0.004 rows=1 loops=1)
                                                        Filter: ((kind)::text = 'cast'::text)
                                                        Rows Removed by Filter: 3
                                                  ->  Nested Loop  (cost=3778.12..17347.64 rows=10963 width=49) (actual time=37.870..152.695 rows=10963 loops=1)
                                                        Join Filter: (t.id = mc.movie_id)
                                                        ->  Nested Loop  (cost=3777.69..16563.95 rows=1356 width=37) (actual time=37.861..136.754 rows=1356 loops=1)
                                                              ->  Nested Loop  (cost=3777.26..11403.64 rows=10536 width=12) (actual time=37.801..107.503 rows=10536 loops=1)
                                                                    Join Filter: (cct2.id = cc.status_id)
                                                                    Rows Removed by Join Filter: 9488
                                                                    ->  Seq Scan on comp_cast_type cct2  (cost=0.00..18.88 rows=1 width=4) (actual time=0.001..0.002 rows=1 loops=1)
                                                                          Filter: ((kind)::text = 'complete'::text)
                                                                          Rows Removed by Filter: 3
                                                                    ->  Hash Join  (cost=3777.26..11134.46 rows=20024 width=16) (actual time=37.797..105.521 rows=20024 loops=1)
                                                                          Hash Cond: (mk.movie_id = cc.movie_id)
                                                                          ->  Nested Loop  (cost=6.83..6345.83 rows=37091 width=4) (actual time=2.780..59.085 rows=37091 loops=1)
                                                                                ->  Seq Scan on keyword k  (cost=0.00..2961.55 rows=3 width=4) (actual time=0.839..17.594 rows=3 loops=1)
                                                                                      Filter: (keyword = ANY ('{murder,murder-in-title,blood,violence}'::text[]))
                                                                                      Rows Removed by Filter: 134167
                                                                                ->  Bitmap Heap Scan on movie_keyword mk  (cost=6.83..1125.00 rows=309 width=8) (actual time=2.270..12.613 rows=12364 loops=3)
                                                                                      Recheck Cond: (keyword_id = k.id)
                                                                                      Heap Blocks: exact=26312
                                                                                      ->  Bitmap Index Scan on keyword_id_movie_keyword  (cost=0.00..6.75 rows=309 width=0) (actual time=1.137..1.137 rows=12364 loops=3)
                                                                                            Index Cond: (keyword_id = k.id)
                                                                          ->  Hash  (cost=2081.86..2081.86 rows=135086 width=12) (actual time=34.679..34.679 rows=135086 loops=1)
                                                                                Buckets: 262144  Batches: 1  Memory Usage: 7853kB
                                                                                ->  Seq Scan on complete_cast cc  (cost=0.00..2081.86 rows=135086 width=12) (actual time=0.007..17.097 rows=135086 loops=1)
                                                              ->  Index Scan using title_pkey on title t  (cost=0.43..0.49 rows=1 width=25) (actual time=0.003..0.003 rows=0 loops=10536)
                                                                    Index Cond: (id = mk.movie_id)
                                                                    Filter: (production_year > 2005)
                                                                    Rows Removed by Filter: 1
                                                        ->  Index Scan using movie_id_movie_companies on movie_companies mc  (cost=0.43..0.57 rows=1 width=12) (actual time=0.005..0.010 rows=8 loops=1356)
                                                              Index Cond: (movie_id = mk.movie_id)
                                                              Filter: ((note !~~ '%(USA)%'::text) AND (note ~~ '%(200%)%'::text))
                                                              Rows Removed by Filter: 10
                                            ->  Hash  (cost=22.75..22.75 rows=2 width=4) (actual time=0.005..0.005 rows=2 loops=1)
                                                  Buckets: 1024  Batches: 1  Memory Usage: 9kB
                                                  ->  Seq Scan on kind_type kt  (cost=0.00..22.75 rows=2 width=4) (actual time=0.003..0.004 rows=2 loops=1)
                                                        Filter: ((kind)::text = ANY ('{movie,episode}'::text[]))
                                                        Rows Removed by Filter: 5
                                      ->  Index Scan using movie_id_movie_info on movie_info mi  (cost=0.43..1.84 rows=2 width=8) (actual time=0.053..0.063 rows=1 loops=8705)
                                            Index Cond: (movie_id = mk.movie_id)
                                            Filter: (info = ANY ('{Sweden,Norway,Germany,Denmark,Swedish,Danish,Norwegian,German,USA,American}'::text[]))
                                            Rows Removed by Filter: 210
                          ->  Hash  (cost=17.10..17.10 rows=4 width=4) (actual time=0.006..0.006 rows=4 loops=1)
                                Buckets: 1024  Batches: 1  Memory Usage: 9kB
                                ->  Seq Scan on company_type ct  (cost=0.00..17.10 rows=4 width=4) (actual time=0.002..0.003 rows=4 loops=1)
                    ->  Index Scan using movie_id_movie_info_idx on movie_info_idx mi_idx  (cost=0.43..0.50 rows=3 width=13) (actual time=0.002..0.002 rows=3 loops=8897)
                          Index Cond: (movie_id = mk.movie_id)
                          Filter: (info < '8.5'::text)
                          Rows Removed by Filter: 0
        ->  Index Scan using company_name_pkey on company_name cn  (cost=0.42..0.49 rows=1 width=23) (actual time=0.002..0.002 rows=1 loops=8771)
              Index Cond: (id = mc.company_id)
              Filter: ((country_code)::text <> '[us]'::text)
              Rows Removed by Filter: 0
Planning time: 58.597 ms
Execution time: 761.266 ms
