Aggregate  (cost=3862.97..3862.98 rows=1 width=96) (actual time=2568.659..2568.659 rows=1 loops=1)
  ->  Nested Loop  (cost=3.00..3862.97 rows=1 width=41) (actual time=0.858..2565.789 rows=8373 loops=1)
        ->  Nested Loop  (cost=2.58..3862.07 rows=2 width=45) (actual time=0.568..785.652 rows=1151351 loops=1)
              ->  Nested Loop  (cost=2.14..3860.22 rows=1 width=61) (actual time=0.559..495.259 rows=11455 loops=1)
                    Join Filter: (ct.id = mc.company_type_id)
                    ->  Nested Loop  (cost=2.14..3843.07 rows=1 width=65) (actual time=0.556..484.429 rows=11455 loops=1)
                          ->  Nested Loop  (cost=1.72..3842.58 rows=1 width=50) (actual time=0.550..454.044 rows=12102 loops=1)
                                Join Filter: (t.id = mc.movie_id)
                                ->  Nested Loop  (cost=1.29..3841.95 rows=1 width=38) (actual time=0.170..430.726 rows=3332 loops=1)
                                      Join Filter: (it1.id = mi.info_type_id)
                                      Rows Removed by Join Filter: 427
                                      ->  Seq Scan on info_type it1  (cost=0.00..2.41 rows=1 width=4) (actual time=0.009..0.015 rows=1 loops=1)
                                            Filter: ((info)::text = 'countries'::text)
                                            Rows Removed by Filter: 112
                                      ->  Nested Loop  (cost=1.29..3839.53 rows=1 width=42) (actual time=0.161..430.108 rows=3759 loops=1)
                                            Join Filter: (t.id = mi.movie_id)
                                            ->  Nested Loop  (cost=0.86..3837.23 rows=1 width=34) (actual time=0.140..322.497 rows=5913 loops=1)
                                                  Join Filter: (kt.id = t.kind_id)
                                                  Rows Removed by Join Filter: 5754
                                                  ->  Nested Loop  (cost=0.86..3814.46 rows=1 width=38) (actual time=0.093..311.915 rows=6606 loops=1)
                                                        ->  Nested Loop  (cost=0.43..3813.87 rows=1 width=13) (actual time=0.030..204.027 rows=43896 loops=1)
                                                              Join Filter: (it2.id = mi_idx.info_type_id)
                                                              Rows Removed by Join Filter: 86301
                                                              ->  Seq Scan on info_type it2  (cost=0.00..2.41 rows=1 width=4) (actual time=0.008..0.009 rows=1 loops=1)
                                                                    Filter: ((info)::text = 'rating'::text)
                                                                    Rows Removed by Filter: 112
                                                              ->  Nested Loop  (cost=0.43..3811.42 rows=3 width=17) (actual time=0.020..192.476 rows=130197 loops=1)
                                                                    ->  Nested Loop  (cost=0.00..3810.56 rows=1 width=4) (actual time=0.010..36.814 rows=68062 loops=1)
                                                                          Join Filter: (cc.status_id = cct2.id)
                                                                          Rows Removed by Join Filter: 17879
                                                                          ->  Seq Scan on comp_cast_type cct2  (cost=0.00..18.88 rows=1 width=4) (actual time=0.003..0.004 rows=1 loops=1)
                                                                                Filter: ((kind)::text = 'complete'::text)
                                                                                Rows Removed by Filter: 3
                                                                          ->  Nested Loop  (cost=0.00..3789.31 rows=190 width=8) (actual time=0.007..27.858 rows=85941 loops=1)
                                                                                Join Filter: (cct1.id = cc.subject_id)
                                                                                Rows Removed by Join Filter: 49145
                                                                                ->  Seq Scan on comp_cast_type cct1  (cost=0.00..18.88 rows=1 width=4) (actual time=0.001..0.003 rows=1 loops=1)
                                                                                      Filter: ((kind)::text = 'cast'::text)
                                                                                      Rows Removed by Filter: 3
                                                                                ->  Seq Scan on complete_cast cc  (cost=0.00..2081.86 rows=135086 width=12) (actual time=0.005..11.376 rows=135086 loops=1)
                                                                    ->  Index Scan using movie_id_movie_info_idx on movie_info_idx mi_idx  (cost=0.43..0.83 rows=3 width=13) (actual time=0.002..0.002 rows=2 loops=68062)
                                                                          Index Cond: (movie_id = cc.movie_id)
                                                                          Filter: (info < '8.5'::text)
                                                                          Rows Removed by Filter: 0
                                                        ->  Index Scan using title_pkey on title t  (cost=0.43..0.58 rows=1 width=25) (actual time=0.002..0.002 rows=0 loops=43896)
                                                              Index Cond: (id = mi_idx.movie_id)
                                                              Filter: (production_year > 2005)
                                                              Rows Removed by Filter: 1
                                                  ->  Seq Scan on kind_type kt  (cost=0.00..22.75 rows=2 width=4) (actual time=0.000..0.001 rows=2 loops=6606)
                                                        Filter: ((kind)::text = ANY ('{movie,episode}'::text[]))
                                                        Rows Removed by Filter: 4
                                            ->  Index Scan using movie_id_movie_info on movie_info mi  (cost=0.43..2.27 rows=2 width=8) (actual time=0.016..0.018 rows=1 loops=5913)
                                                  Index Cond: (movie_id = mi_idx.movie_id)
                                                  Filter: (info = ANY ('{Sweden,Norway,Germany,Denmark,Swedish,Danish,Norwegian,German,USA,American}'::text[]))
                                                  Rows Removed by Filter: 32
                                ->  Index Scan using movie_id_movie_companies on movie_companies mc  (cost=0.43..0.62 rows=1 width=12) (actual time=0.004..0.006 rows=4 loops=3332)
                                      Index Cond: (movie_id = mi_idx.movie_id)
                                      Filter: ((note !~~ '%(USA)%'::text) AND (note ~~ '%(200%)%'::text))
                                      Rows Removed by Filter: 6
                          ->  Index Scan using company_name_pkey on company_name cn  (cost=0.42..0.49 rows=1 width=23) (actual time=0.002..0.002 rows=1 loops=12102)
                                Index Cond: (id = mc.company_id)
                                Filter: ((country_code)::text <> '[us]'::text)
                                Rows Removed by Filter: 0
                    ->  Seq Scan on company_type ct  (cost=0.00..17.10 rows=4 width=4) (actual time=0.000..0.000 rows=1 loops=11455)
              ->  Index Scan using movie_id_movie_keyword on movie_keyword mk  (cost=0.43..1.38 rows=46 width=8) (actual time=0.002..0.015 rows=101 loops=11455)
                    Index Cond: (movie_id = t.id)
        ->  Index Scan using keyword_pkey on keyword k  (cost=0.42..0.44 rows=1 width=4) (actual time=0.001..0.001 rows=0 loops=1151351)
              Index Cond: (id = mk.keyword_id)
              Filter: (keyword = ANY ('{murder,murder-in-title,blood,violence}'::text[]))
              Rows Removed by Filter: 1
Planning time: 59.006 ms
Execution time: 2568.753 ms
