Aggregate  (cost=3881.82..3881.83 rows=1 width=96) (actual time=3909.653..3909.653 rows=1 loops=1)
  ->  Nested Loop  (cost=22.50..3881.81 rows=1 width=41) (actual time=1.014..3906.539 rows=8373 loops=1)
        ->  Nested Loop  (cost=22.36..3881.63 rows=1 width=45) (actual time=1.012..3895.928 rows=9489 loops=1)
              ->  Nested Loop  (cost=21.94..3880.73 rows=2 width=49) (actual time=0.641..1704.838 rows=1311451 loops=1)
                    ->  Nested Loop  (cost=21.51..3878.89 rows=1 width=65) (actual time=0.633..1347.680 rows=12681 loops=1)
                          Join Filter: (t.id = mi.movie_id)
                          ->  Nested Loop  (cost=21.07..3876.60 rows=1 width=57) (actual time=0.389..749.062 rows=12856 loops=1)
                                ->  Nested Loop  (cost=20.92..3876.42 rows=1 width=61) (actual time=0.146..733.433 rows=13531 loops=1)
                                      ->  Nested Loop  (cost=20.49..3875.84 rows=1 width=36) (actual time=0.140..657.047 rows=34765 loops=1)
                                            ->  Nested Loop  (cost=20.34..3875.67 rows=1 width=40) (actual time=0.136..619.897 rows=34765 loops=1)
                                                  ->  Nested Loop  (cost=19.92..3875.13 rows=1 width=25) (actual time=0.131..523.510 rows=37899 loops=1)
                                                        ->  Nested Loop  (cost=19.49..3874.50 rows=1 width=13) (actual time=0.041..352.326 rows=43896 loops=1)
                                                              ->  Nested Loop  (cost=19.35..3872.53 rows=12 width=17) (actual time=0.034..226.498 rows=130197 loops=1)
                                                                    ->  Nested Loop  (cost=18.93..3869.07 rows=4 width=4) (actual time=0.024..55.633 rows=68062 loops=1)
                                                                          Join Filter: (cct2.id = cc.status_id)
                                                                          Rows Removed by Join Filter: 17879
                                                                          ->  Hash Join  (cost=18.93..3804.56 rows=761 width=8) (actual time=0.019..34.136 rows=85941 loops=1)
                                                                                Hash Cond: (cc.subject_id = cct1.id)
                                                                                ->  Seq Scan on complete_cast cc  (cost=0.00..2081.86 rows=135086 width=12) (actual time=0.008..11.186 rows=135086 loops=1)
                                                                                ->  Hash  (cost=18.88..18.88 rows=4 width=4) (actual time=0.006..0.006 rows=1 loops=1)
                                                                                      Buckets: 1024  Batches: 1  Memory Usage: 9kB
                                                                                      ->  Seq Scan on comp_cast_type cct1  (cost=0.00..18.88 rows=4 width=4) (actual time=0.004..0.005 rows=1 loops=1)
                                                                                            Filter: ((kind)::text = 'cast'::text)
                                                                                            Rows Removed by Filter: 3
                                                                          ->  Materialize  (cost=0.00..18.89 rows=4 width=4) (actual time=0.000..0.000 rows=1 loops=85941)
                                                                                ->  Seq Scan on comp_cast_type cct2  (cost=0.00..18.88 rows=4 width=4) (actual time=0.001..0.002 rows=1 loops=1)
                                                                                      Filter: ((kind)::text = 'complete'::text)
                                                                                      Rows Removed by Filter: 3
                                                                    ->  Index Scan using movie_id_movie_info_idx on movie_info_idx mi_idx  (cost=0.43..0.83 rows=3 width=13) (actual time=0.002..0.002 rows=2 loops=68062)
                                                                          Index Cond: (movie_id = cc.movie_id)
                                                                          Filter: (info < '8.5'::text)
                                                                          Rows Removed by Filter: 0
                                                              ->  Index Scan using info_type_pkey on info_type it2  (cost=0.14..0.16 rows=1 width=4) (actual time=0.001..0.001 rows=0 loops=130197)
                                                                    Index Cond: (id = mi_idx.info_type_id)
                                                                    Filter: ((info)::text = 'rating'::text)
                                                                    Rows Removed by Filter: 1
                                                        ->  Index Scan using movie_id_movie_companies on movie_companies mc  (cost=0.43..0.62 rows=1 width=12) (actual time=0.003..0.004 rows=1 loops=43896)
                                                              Index Cond: (movie_id = mi_idx.movie_id)
                                                              Filter: ((note !~~ '%(USA)%'::text) AND (note ~~ '%(200%)%'::text))
                                                              Rows Removed by Filter: 4
                                                  ->  Index Scan using company_name_pkey on company_name cn  (cost=0.42..0.54 rows=1 width=23) (actual time=0.002..0.002 rows=1 loops=37899)
                                                        Index Cond: (id = mc.company_id)
                                                        Filter: ((country_code)::text <> '[us]'::text)
                                                        Rows Removed by Filter: 0
                                            ->  Index Only Scan using company_type_pkey on company_type ct  (cost=0.15..0.17 rows=1 width=4) (actual time=0.001..0.001 rows=1 loops=34765)
                                                  Index Cond: (id = mc.company_type_id)
                                                  Heap Fetches: 34765
                                      ->  Index Scan using title_pkey on title t  (cost=0.43..0.58 rows=1 width=25) (actual time=0.002..0.002 rows=0 loops=34765)
                                            Index Cond: (id = mi_idx.movie_id)
                                            Filter: (production_year > 2005)
                                            Rows Removed by Filter: 1
                                ->  Index Scan using kind_type_pkey on kind_type kt  (cost=0.15..0.17 rows=1 width=4) (actual time=0.001..0.001 rows=1 loops=13531)
                                      Index Cond: (id = t.kind_id)
                                      Filter: ((kind)::text = ANY ('{movie,episode}'::text[]))
                                      Rows Removed by Filter: 0
                          ->  Index Scan using movie_id_movie_info on movie_info mi  (cost=0.43..2.27 rows=2 width=8) (actual time=0.041..0.046 rows=1 loops=12856)
                                Index Cond: (movie_id = mi_idx.movie_id)
                                Filter: (info = ANY ('{Sweden,Norway,Germany,Denmark,Swedish,Danish,Norwegian,German,USA,American}'::text[]))
                                Rows Removed by Filter: 136
                    ->  Index Scan using movie_id_movie_keyword on movie_keyword mk  (cost=0.43..1.38 rows=46 width=8) (actual time=0.003..0.016 rows=103 loops=12681)
                          Index Cond: (movie_id = t.id)
              ->  Index Scan using keyword_pkey on keyword k  (cost=0.42..0.44 rows=1 width=4) (actual time=0.002..0.002 rows=0 loops=1311451)
                    Index Cond: (id = mk.keyword_id)
                    Filter: (keyword = ANY ('{murder,murder-in-title,blood,violence}'::text[]))
                    Rows Removed by Filter: 1
        ->  Index Scan using info_type_pkey on info_type it1  (cost=0.14..0.16 rows=1 width=4) (actual time=0.001..0.001 rows=1 loops=9489)
              Index Cond: (id = mi.info_type_id)
              Filter: ((info)::text = 'countries'::text)
              Rows Removed by Filter: 0
Planning time: 58.879 ms
Execution time: 3909.759 ms
