Aggregate  (cost=11921.76..11921.77 rows=1 width=96) (actual time=26.702..26.702 rows=1 loops=1)
  ->  Nested Loop  (cost=11.24..11921.75 rows=1 width=48) (actual time=9.700..26.357 rows=1620 loops=1)
        Join Filter: (mi.info_type_id = it.id)
        ->  Seq Scan on info_type it  (cost=0.00..2.41 rows=1 width=4) (actual time=0.007..0.013 rows=1 loops=1)
              Filter: ((info)::text = 'release dates'::text)
              Rows Removed by Filter: 112
        ->  Nested Loop  (cost=11.24..11919.31 rows=2 width=52) (actual time=9.692..26.140 rows=1620 loops=1)
              Join Filter: (cc.subject_id = cct1.id)
              ->  Seq Scan on comp_cast_type cct1  (cost=0.00..18.88 rows=1 width=4) (actual time=0.002..0.004 rows=1 loops=1)
                    Filter: ((kind)::text = 'cast'::text)
                    Rows Removed by Filter: 3
              ->  Nested Loop  (cost=11.24..11880.19 rows=1620 width=56) (actual time=9.689..25.919 rows=1620 loops=1)
                    Join Filter: (it3.id = pi.info_type_id)
                    Rows Removed by Join Filter: 3270
                    ->  Seq Scan on info_type it3  (cost=0.00..2.41 rows=1 width=4) (actual time=0.004..0.010 rows=1 loops=1)
                          Filter: ((info)::text = 'trivia'::text)
                          Rows Removed by Filter: 112
                    ->  Nested Loop  (cost=11.24..11816.65 rows=4890 width=60) (actual time=9.679..25.489 rows=4890 loops=1)
                          Join Filter: (n.id = pi.person_id)
                          ->  Nested Loop  (cost=10.81..11222.49 rows=30 width=68) (actual time=9.672..23.912 rows=30 loops=1)
                                Join Filter: (ci.role_id = rt.id)
                                ->  Seq Scan on role_type rt  (cost=0.00..18.88 rows=1 width=4) (actual time=0.003..0.004 rows=1 loops=1)
                                      Filter: ((role)::text = 'actress'::text)
                                      Rows Removed by Filter: 11
                                ->  Nested Loop  (cost=10.81..11203.24 rows=30 width=72) (actual time=9.668..23.902 rows=30 loops=1)
                                      Join Filter: (n.id = an.person_id)
                                      ->  Nested Loop  (cost=10.39..11174.02 rows=10 width=68) (actual time=9.659..23.862 rows=10 loops=1)
                                            ->  Nested Loop  (cost=9.97..11084.85 rows=44 width=72) (actual time=9.653..23.751 rows=44 loops=1)
                                                  Join Filter: (t.id = mc.movie_id)
                                                  ->  Nested Loop  (cost=9.54..11075.11 rows=2 width=88) (actual time=9.645..23.725 rows=2 loops=1)
                                                        Join Filter: (mi.movie_id = t.id)
                                                        ->  Nested Loop  (cost=9.11..11070.80 rows=2 width=67) (actual time=9.638..23.714 rows=2 loops=1)
                                                              Join Filter: (ci.movie_id = mi.movie_id)
                                                              ->  Nested Loop  (cost=8.67..10986.86 rows=2 width=59) (actual time=1.084..23.465 rows=2 loops=1)
                                                                    ->  Nested Loop  (cost=8.24..10971.52 rows=6 width=47) (actual time=1.077..23.434 rows=6 loops=1)
                                                                          ->  Nested Loop  (cost=7.81..9253.45 rows=732 width=28) (actual time=0.491..20.890 rows=732 loops=1)
                                                                                Join Filter: (cc.status_id = cct2.id)
                                                                                Rows Removed by Join Filter: 1534
                                                                                ->  Seq Scan on comp_cast_type cct2  (cost=0.00..18.88 rows=1 width=4) (actual time=0.001..0.002 rows=1 loops=1)
                                                                                      Filter: ((kind)::text = 'complete+verified'::text)
                                                                                      Rows Removed by Filter: 3
                                                                                ->  Nested Loop  (cost=7.81..9206.25 rows=2266 width=32) (actual time=0.186..20.696 rows=2266 loops=1)
                                                                                      ->  Nested Loop  (cost=7.25..4924.33 rows=90 width=16) (actual time=0.177..11.666 rows=90 loops=1)
                                                                                            ->  Nested Loop  (cost=6.83..3768.21 rows=414 width=4) (actual time=0.112..10.812 rows=414 loops=1)
                                                                                                  ->  Seq Scan on keyword k  (cost=0.00..2626.12 rows=1 width=4) (actual time=0.032..10.258 rows=1 loops=1)
                                                                                                        Filter: (keyword = 'computer-animation'::text)
                                                                                                        Rows Removed by Filter: 134169
                                                                                                  ->  Bitmap Heap Scan on movie_keyword mk  (cost=6.83..1138.99 rows=309 width=8) (actual time=0.079..0.504 rows=414 loops=1)
                                                                                                        Recheck Cond: (keyword_id = k.id)
                                                                                                        Heap Blocks: exact=358
                                                                                                        ->  Bitmap Index Scan on keyword_id_movie_keyword  (cost=0.00..6.75 rows=309 width=0) (actual time=0.042..0.042 rows=414 loops=1)
                                                                                                              Index Cond: (keyword_id = k.id)
                                                                                            ->  Index Scan using movie_id_complete_cast on complete_cast cc  (cost=0.42..2.77 rows=2 width=12) (actual time=0.002..0.002 rows=0 loops=414)
                                                                                                  Index Cond: (movie_id = mk.movie_id)
                                                                                      ->  Index Scan using movie_id_cast_info on cast_info ci  (cost=0.56..47.57 rows=1 width=16) (actual time=0.012..0.097 rows=25 loops=90)
                                                                                            Index Cond: (movie_id = mk.movie_id)
                                                                                            Filter: (note = ANY ('{(voice),"(voice) (uncredited)","(voice: English version)"}'::text[]))
                                                                                            Rows Removed by Filter: 90
                                                                          ->  Index Scan using name_pkey on name n  (cost=0.43..2.35 rows=1 width=19) (actual time=0.003..0.003 rows=0 loops=732)
                                                                                Index Cond: (id = ci.person_id)
                                                                                Filter: ((name ~~ '%An%'::text) AND ((gender)::text = 'f'::text))
                                                                                Rows Removed by Filter: 1
                                                                    ->  Index Scan using char_name_pkey on char_name chn  (cost=0.43..2.25 rows=1 width=20) (actual time=0.004..0.004 rows=0 loops=6)
                                                                          Index Cond: (id = ci.person_role_id)
                                                                          Filter: (name = 'Queen'::text)
                                                                          Rows Removed by Filter: 0
                                                              ->  Index Scan using movie_id_movie_info on movie_info mi  (cost=0.43..41.95 rows=2 width=8) (actual time=0.064..0.124 rows=1 loops=2)
                                                                    Index Cond: (movie_id = mk.movie_id)
                                                                    Filter: ((info IS NOT NULL) AND ((info ~~ 'Japan:%200%'::text) OR (info ~~ 'USA:%200%'::text)))
                                                                    Rows Removed by Filter: 380
                                                        ->  Index Scan using title_pkey on title t  (cost=0.43..2.14 rows=1 width=21) (actual time=0.005..0.005 rows=1 loops=2)
                                                              Index Cond: (id = mk.movie_id)
                                                              Filter: ((production_year >= 2000) AND (production_year <= 2010) AND (title = 'Shrek 2'::text))
                                                  ->  Index Scan using movie_id_movie_companies on movie_companies mc  (cost=0.43..4.81 rows=5 width=8) (actual time=0.004..0.008 rows=22 loops=2)
                                                        Index Cond: (movie_id = mk.movie_id)
                                            ->  Index Scan using company_name_pkey on company_name cn  (cost=0.42..2.03 rows=1 width=4) (actual time=0.002..0.002 rows=0 loops=44)
                                                  Index Cond: (id = mc.company_id)
                                                  Filter: ((country_code)::text = '[us]'::text)
                                                  Rows Removed by Filter: 1
                                      ->  Index Only Scan using person_id_aka_name on aka_name an  (cost=0.42..2.90 rows=2 width=4) (actual time=0.002..0.003 rows=3 loops=10)
                                            Index Cond: (person_id = ci.person_id)
                                            Heap Fetches: 30
                          ->  Index Scan using person_id_person_info on person_info pi  (cost=0.43..19.49 rows=25 width=8) (actual time=0.002..0.027 rows=163 loops=30)
                                Index Cond: (person_id = an.person_id)
Planning time: 78.476 ms
Execution time: 26.819 ms
