Aggregate  (cost=7834.66..7834.67 rows=1 width=96) (actual time=22.538..22.538 rows=1 loops=1)
  ->  Nested Loop  (cost=11.24..7834.66 rows=1 width=48) (actual time=1.789..22.123 rows=1620 loops=1)
        Join Filter: (ci.role_id = rt.id)
        ->  Nested Loop  (cost=11.24..7815.77 rows=1 width=52) (actual time=1.785..20.366 rows=1620 loops=1)
              Join Filter: (it3.id = pi.info_type_id)
              Rows Removed by Join Filter: 3270
              ->  Seq Scan on info_type it3  (cost=0.00..2.41 rows=1 width=4) (actual time=0.007..0.012 rows=1 loops=1)
                    Filter: ((info)::text = 'trivia'::text)
                    Rows Removed by Filter: 112
              ->  Nested Loop  (cost=11.24..7813.34 rows=1 width=56) (actual time=1.771..19.949 rows=4890 loops=1)
                    Join Filter: (n.id = pi.person_id)
                    ->  Nested Loop  (cost=10.81..7793.54 rows=1 width=64) (actual time=1.765..18.311 rows=30 loops=1)
                          Join Filter: (it.id = mi.info_type_id)
                          ->  Seq Scan on info_type it  (cost=0.00..2.41 rows=1 width=4) (actual time=0.003..0.009 rows=1 loops=1)
                                Filter: ((info)::text = 'release dates'::text)
                                Rows Removed by Filter: 112
                          ->  Nested Loop  (cost=10.81..7791.11 rows=1 width=68) (actual time=1.761..18.295 rows=30 loops=1)
                                Join Filter: (t.id = mi.movie_id)
                                ->  Nested Loop  (cost=10.38..7749.14 rows=1 width=84) (actual time=1.741..16.749 rows=15 loops=1)
                                      ->  Nested Loop  (cost=9.96..7747.12 rows=1 width=88) (actual time=1.735..16.597 rows=66 loops=1)
                                            Join Filter: (n.id = an.person_id)
                                            ->  Nested Loop  (cost=9.53..7744.19 rows=1 width=84) (actual time=1.728..16.514 rows=22 loops=1)
                                                  ->  Nested Loop  (cost=9.10..7692.56 rows=22 width=65) (actual time=1.720..16.458 rows=22 loops=1)
                                                        ->  Nested Loop  (cost=8.67..5806.76 rows=836 width=53) (actual time=1.581..14.788 rows=836 loops=1)
                                                              Join Filter: (t.id = ci.movie_id)
                                                              ->  Nested Loop  (cost=8.11..4760.01 rows=22 width=37) (actual time=1.572..12.288 rows=22 loops=1)
                                                                    Join Filter: (cct2.id = cc.status_id)
                                                                    ->  Seq Scan on comp_cast_type cct2  (cost=0.00..18.88 rows=1 width=4) (actual time=0.003..0.003 rows=1 loops=1)
                                                                          Filter: ((kind)::text = 'complete+verified'::text)
                                                                          Rows Removed by Filter: 3
                                                                    ->  Nested Loop  (cost=8.11..4740.86 rows=22 width=41) (actual time=1.569..12.280 rows=22 loops=1)
                                                                          Join Filter: (cct1.id = cc.subject_id)
                                                                          ->  Seq Scan on comp_cast_type cct1  (cost=0.00..18.88 rows=1 width=4) (actual time=0.001..0.002 rows=1 loops=1)
                                                                                Filter: ((kind)::text = 'cast'::text)
                                                                                Rows Removed by Filter: 3
                                                                          ->  Nested Loop  (cost=8.11..4721.71 rows=22 width=45) (actual time=1.567..12.273 rows=22 loops=1)
                                                                                Join Filter: (t.id = cc.movie_id)
                                                                                ->  Nested Loop  (cost=7.69..4660.16 rows=22 width=33) (actual time=1.562..12.219 rows=22 loops=1)
                                                                                      Join Filter: (t.id = mc.movie_id)
                                                                                      ->  Nested Loop  (cost=7.26..4655.29 rows=1 width=25) (actual time=1.554..12.200 rows=1 loops=1)
                                                                                            ->  Nested Loop  (cost=6.83..3768.21 rows=414 width=4) (actual time=0.110..10.737 rows=414 loops=1)
                                                                                                  ->  Seq Scan on keyword k  (cost=0.00..2626.12 rows=1 width=4) (actual time=0.032..10.187 rows=1 loops=1)
                                                                                                        Filter: (keyword = 'computer-animation'::text)
                                                                                                        Rows Removed by Filter: 134169
                                                                                                  ->  Bitmap Heap Scan on movie_keyword mk  (cost=6.83..1138.99 rows=309 width=8) (actual time=0.077..0.504 rows=414 loops=1)
                                                                                                        Recheck Cond: (keyword_id = k.id)
                                                                                                        Heap Blocks: exact=358
                                                                                                        ->  Bitmap Index Scan on keyword_id_movie_keyword  (cost=0.00..6.75 rows=309 width=0) (actual time=0.041..0.041 rows=414 loops=1)
                                                                                                              Index Cond: (keyword_id = k.id)
                                                                                            ->  Index Scan using title_pkey on title t  (cost=0.43..2.14 rows=1 width=21) (actual time=0.003..0.003 rows=0 loops=414)
                                                                                                  Index Cond: (id = mk.movie_id)
                                                                                                  Filter: ((production_year >= 2000) AND (production_year <= 2010) AND (title = 'Shrek 2'::text))
                                                                                                  Rows Removed by Filter: 1
                                                                                      ->  Index Scan using movie_id_movie_companies on movie_companies mc  (cost=0.43..4.81 rows=5 width=8) (actual time=0.006..0.013 rows=22 loops=1)
                                                                                            Index Cond: (movie_id = mk.movie_id)
                                                                                ->  Index Scan using movie_id_complete_cast on complete_cast cc  (cost=0.42..2.77 rows=2 width=12) (actual time=0.002..0.002 rows=1 loops=22)
                                                                                      Index Cond: (movie_id = mk.movie_id)
                                                              ->  Index Scan using movie_id_cast_info on cast_info ci  (cost=0.56..47.57 rows=1 width=16) (actual time=0.003..0.108 rows=38 loops=22)
                                                                    Index Cond: (movie_id = mk.movie_id)
                                                                    Filter: (note = ANY ('{(voice),"(voice) (uncredited)","(voice: English version)"}'::text[]))
                                                                    Rows Removed by Filter: 191
                                                        ->  Index Scan using char_name_pkey on char_name chn  (cost=0.43..2.25 rows=1 width=20) (actual time=0.002..0.002 rows=0 loops=836)
                                                              Index Cond: (id = ci.person_role_id)
                                                              Filter: (name = 'Queen'::text)
                                                              Rows Removed by Filter: 1
                                                  ->  Index Scan using name_pkey on name n  (cost=0.43..2.35 rows=1 width=19) (actual time=0.002..0.002 rows=1 loops=22)
                                                        Index Cond: (id = ci.person_id)
                                                        Filter: ((name ~~ '%An%'::text) AND ((gender)::text = 'f'::text))
                                            ->  Index Only Scan using person_id_aka_name on aka_name an  (cost=0.42..2.90 rows=2 width=4) (actual time=0.002..0.003 rows=3 loops=22)
                                                  Index Cond: (person_id = ci.person_id)
                                                  Heap Fetches: 66
                                      ->  Index Scan using company_name_pkey on company_name cn  (cost=0.42..2.03 rows=1 width=4) (actual time=0.002..0.002 rows=0 loops=66)
                                            Index Cond: (id = mc.company_id)
                                            Filter: ((country_code)::text = '[us]'::text)
                                            Rows Removed by Filter: 1
                                ->  Index Scan using movie_id_movie_info on movie_info mi  (cost=0.43..41.95 rows=2 width=8) (actual time=0.011..0.102 rows=2 loops=15)
                                      Index Cond: (movie_id = mk.movie_id)
                                      Filter: ((info IS NOT NULL) AND ((info ~~ 'Japan:%200%'::text) OR (info ~~ 'USA:%200%'::text)))
                                      Rows Removed by Filter: 455
                    ->  Index Scan using person_id_person_info on person_info pi  (cost=0.43..19.49 rows=25 width=8) (actual time=0.002..0.028 rows=163 loops=30)
                          Index Cond: (person_id = an.person_id)
        ->  Seq Scan on role_type rt  (cost=0.00..18.88 rows=1 width=4) (actual time=0.001..0.001 rows=1 loops=1620)
              Filter: ((role)::text = 'actress'::text)
              Rows Removed by Filter: 1
Planning time: 79.212 ms
Execution time: 22.658 ms
