Aggregate  (cost=14040.96..14040.97 rows=1 width=96) (actual time=71.943..71.943 rows=1 loops=1)
  ->  Nested Loop  (cost=3781.26..14040.95 rows=1 width=48) (actual time=36.818..71.557 rows=1620 loops=1)
        Join Filter: (ci.person_id = n.id)
        ->  Nested Loop  (cost=3780.83..14032.00 rows=4 width=45) (actual time=36.809..68.991 rows=1620 loops=1)
              ->  Nested Loop  (cost=3780.41..14011.74 rows=10 width=49) (actual time=36.799..57.817 rows=7128 loops=1)
                    Join Filter: (cct1.id = cc.subject_id)
                    ->  Seq Scan on comp_cast_type cct1  (cost=0.00..18.88 rows=1 width=4) (actual time=0.005..0.006 rows=1 loops=1)
                          Filter: ((kind)::text = 'cast'::text)
                          Rows Removed by Filter: 3
                    ->  Nested Loop  (cost=3780.41..13903.76 rows=7128 width=53) (actual time=36.793..56.914 rows=7128 loops=1)
                          Join Filter: (cct2.id = cc.status_id)
                          ->  Seq Scan on comp_cast_type cct2  (cost=0.00..18.88 rows=1 width=4) (actual time=0.001..0.002 rows=1 loops=1)
                                Filter: ((kind)::text = 'complete+verified'::text)
                                Rows Removed by Filter: 3
                          ->  Hash Join  (cost=3780.41..13795.79 rows=7128 width=57) (actual time=36.791..55.978 rows=7128 loops=1)
                                Hash Cond: (t.id = cc.movie_id)
                                ->  Nested Loop  (cost=9.97..9923.53 rows=7128 width=69) (actual time=1.781..19.448 rows=7128 loops=1)
                                      Join Filter: (t.id = mc.movie_id)
                                      ->  Nested Loop  (cost=9.54..8345.36 rows=324 width=61) (actual time=1.774..16.792 rows=324 loops=1)
                                            ->  Nested Loop  (cost=9.11..6193.64 rows=954 width=49) (actual time=1.766..15.340 rows=954 loops=1)
                                                  Join Filter: (it3.id = pi.info_type_id)
                                                  Rows Removed by Join Filter: 3156
                                                  ->  Seq Scan on info_type it3  (cost=0.00..2.41 rows=1 width=4) (actual time=0.006..0.011 rows=1 loops=1)
                                                        Filter: ((info)::text = 'trivia'::text)
                                                        Rows Removed by Filter: 112
                                                  ->  Nested Loop  (cost=9.11..6139.85 rows=4110 width=53) (actual time=1.754..15.020 rows=4110 loops=1)
                                                        ->  Nested Loop  (cost=8.68..5507.73 rows=32 width=45) (actual time=1.746..13.827 rows=32 loops=1)
                                                              Join Filter: (mi.info_type_id = it.id)
                                                              ->  Seq Scan on info_type it  (cost=0.00..2.41 rows=1 width=4) (actual time=0.004..0.010 rows=1 loops=1)
                                                                    Filter: ((info)::text = 'release dates'::text)
                                                                    Rows Removed by Filter: 112
                                                              ->  Nested Loop  (cost=8.68..5504.92 rows=32 width=49) (actual time=1.742..13.811 rows=32 loops=1)
                                                                    Join Filter: (t.id = mi.movie_id)
                                                                    ->  Nested Loop  (cost=8.25..4833.39 rows=16 width=41) (actual time=1.719..12.325 rows=16 loops=1)
                                                                          Join Filter: (rt.id = ci.role_id)
                                                                          Rows Removed by Join Filter: 50
                                                                          ->  Seq Scan on role_type rt  (cost=0.00..18.88 rows=1 width=4) (actual time=0.003..0.005 rows=1 loops=1)
                                                                                Filter: ((role)::text = 'actress'::text)
                                                                                Rows Removed by Filter: 11
                                                                          ->  Nested Loop  (cost=8.25..4813.69 rows=66 width=45) (actual time=1.587..12.314 rows=66 loops=1)
                                                                                ->  Nested Loop  (cost=7.82..4702.87 rows=38 width=41) (actual time=1.569..12.153 rows=38 loops=1)
                                                                                      Join Filter: (t.id = ci.movie_id)
                                                                                      ->  Nested Loop  (cost=7.26..4655.29 rows=1 width=25) (actual time=1.558..11.884 rows=1 loops=1)
                                                                                            ->  Nested Loop  (cost=6.83..3768.21 rows=414 width=4) (actual time=0.112..10.421 rows=414 loops=1)
                                                                                                  ->  Seq Scan on keyword k  (cost=0.00..2626.12 rows=1 width=4) (actual time=0.033..9.860 rows=1 loops=1)
                                                                                                        Filter: (keyword = 'computer-animation'::text)
                                                                                                        Rows Removed by Filter: 134169
                                                                                                  ->  Bitmap Heap Scan on movie_keyword mk  (cost=6.83..1138.99 rows=309 width=8) (actual time=0.078..0.516 rows=414 loops=1)
                                                                                                        Recheck Cond: (keyword_id = k.id)
                                                                                                        Heap Blocks: exact=358
                                                                                                        ->  Bitmap Index Scan on keyword_id_movie_keyword  (cost=0.00..6.75 rows=309 width=0) (actual time=0.041..0.041 rows=414 loops=1)
                                                                                                              Index Cond: (keyword_id = k.id)
                                                                                            ->  Index Scan using title_pkey on title t  (cost=0.43..2.14 rows=1 width=21) (actual time=0.003..0.003 rows=0 loops=414)
                                                                                                  Index Cond: (id = mk.movie_id)
                                                                                                  Filter: ((production_year >= 2000) AND (production_year <= 2010) AND (title = 'Shrek 2'::text))
                                                                                                  Rows Removed by Filter: 1
                                                                                      ->  Index Scan using movie_id_cast_info on cast_info ci  (cost=0.56..47.57 rows=1 width=16) (actual time=0.010..0.261 rows=38 loops=1)
                                                                                            Index Cond: (movie_id = mk.movie_id)
                                                                                            Filter: (note = ANY ('{(voice),"(voice) (uncredited)","(voice: English version)"}'::text[]))
                                                                                            Rows Removed by Filter: 191
                                                                                ->  Index Only Scan using person_id_aka_name on aka_name an  (cost=0.42..2.90 rows=2 width=4) (actual time=0.003..0.004 rows=2 loops=38)
                                                                                      Index Cond: (person_id = ci.person_id)
                                                                                      Heap Fetches: 66
                                                                    ->  Index Scan using movie_id_movie_info on movie_info mi  (cost=0.43..41.95 rows=2 width=8) (actual time=0.011..0.092 rows=2 loops=16)
                                                                          Index Cond: (movie_id = mk.movie_id)
                                                                          Filter: ((info IS NOT NULL) AND ((info ~~ 'Japan:%200%'::text) OR (info ~~ 'USA:%200%'::text)))
                                                                          Rows Removed by Filter: 455
                                                        ->  Index Scan using person_id_person_info on person_info pi  (cost=0.43..19.50 rows=25 width=8) (actual time=0.003..0.021 rows=128 loops=32)
                                                              Index Cond: (person_id = ci.person_id)
                                            ->  Index Scan using char_name_pkey on char_name chn  (cost=0.43..2.25 rows=1 width=20) (actual time=0.001..0.001 rows=0 loops=954)
                                                  Index Cond: (id = ci.person_role_id)
                                                  Filter: (name = 'Queen'::text)
                                                  Rows Removed by Filter: 1
                                      ->  Index Scan using movie_id_movie_companies on movie_companies mc  (cost=0.43..4.81 rows=5 width=8) (actual time=0.002..0.005 rows=22 loops=324)
                                            Index Cond: (movie_id = mk.movie_id)
                                ->  Hash  (cost=2081.86..2081.86 rows=135086 width=12) (actual time=34.716..34.716 rows=135086 loops=1)
                                      Buckets: 262144  Batches: 1  Memory Usage: 7853kB
                                      ->  Seq Scan on complete_cast cc  (cost=0.00..2081.86 rows=135086 width=12) (actual time=0.008..17.279 rows=135086 loops=1)
              ->  Index Scan using company_name_pkey on company_name cn  (cost=0.42..2.03 rows=1 width=4) (actual time=0.001..0.001 rows=0 loops=7128)
                    Index Cond: (id = mc.company_id)
                    Filter: ((country_code)::text = '[us]'::text)
                    Rows Removed by Filter: 1
        ->  Index Scan using name_pkey on name n  (cost=0.43..2.22 rows=1 width=19) (actual time=0.001..0.001 rows=1 loops=1620)
              Index Cond: (id = pi.person_id)
              Filter: ((name ~~ '%An%'::text) AND ((gender)::text = 'f'::text))
Planning time: 78.579 ms
Execution time: 72.078 ms
