Aggregate  (cost=4051.66..4051.67 rows=1 width=96) (actual time=25.244..25.245 rows=1 loops=1)
  ->  Nested Loop  (cost=11.24..4051.65 rows=1 width=48) (actual time=1.721..24.836 rows=1620 loops=1)
        Join Filter: (cc.subject_id = cct1.id)
        ->  Nested Loop  (cost=11.24..4032.73 rows=1 width=52) (actual time=1.719..23.404 rows=1620 loops=1)
              Join Filter: (ci.person_id = n.id)
              ->  Nested Loop  (cost=10.81..4030.49 rows=1 width=49) (actual time=1.711..20.819 rows=1620 loops=1)
                    Join Filter: (cct2.id = cc.status_id)
                    ->  Nested Loop  (cost=10.81..4011.56 rows=1 width=53) (actual time=1.707..19.023 rows=1620 loops=1)
                          Join Filter: (t.id = cc.movie_id)
                          ->  Nested Loop  (cost=10.39..4008.77 rows=1 width=65) (actual time=1.701..16.413 rows=1620 loops=1)
                                Join Filter: (it3.id = pi.info_type_id)
                                Rows Removed by Join Filter: 3270
                                ->  Seq Scan on info_type it3  (cost=0.00..2.41 rows=1 width=4) (actual time=0.007..0.013 rows=1 loops=1)
                                      Filter: ((info)::text = 'trivia'::text)
                                      Rows Removed by Filter: 112
                                ->  Nested Loop  (cost=10.39..4005.74 rows=49 width=69) (actual time=1.688..15.989 rows=4890 loops=1)
                                      ->  Nested Loop  (cost=9.96..3966.22 rows=2 width=61) (actual time=1.681..14.622 rows=30 loops=1)
                                            ->  Nested Loop  (cost=9.54..3963.30 rows=1 width=57) (actual time=1.673..14.579 rows=10 loops=1)
                                                  Join Filter: (rt.id = ci.role_id)
                                                  ->  Nested Loop  (cost=9.54..3944.38 rows=1 width=61) (actual time=1.669..14.560 rows=10 loops=1)
                                                        ->  Nested Loop  (cost=9.11..3940.29 rows=1 width=49) (actual time=1.526..13.789 rows=380 loops=1)
                                                              Join Filter: (t.id = ci.movie_id)
                                                              ->  Nested Loop  (cost=8.54..3892.71 rows=1 width=33) (actual time=1.516..12.615 rows=10 loops=1)
                                                                    ->  Nested Loop  (cost=8.12..3890.68 rows=1 width=37) (actual time=1.510..12.509 rows=44 loops=1)
                                                                          Join Filter: (t.id = mc.movie_id)
                                                                          ->  Nested Loop  (cost=7.69..3885.81 rows=1 width=29) (actual time=1.503..12.482 rows=2 loops=1)
                                                                                Join Filter: (mi.info_type_id = it.id)
                                                                                ->  Nested Loop  (cost=7.69..3883.39 rows=1 width=33) (actual time=1.487..12.462 rows=2 loops=1)
                                                                                      Join Filter: (t.id = mi.movie_id)
                                                                                      ->  Nested Loop  (cost=7.26..3841.42 rows=1 width=25) (actual time=1.466..12.313 rows=1 loops=1)
                                                                                            ->  Nested Loop  (cost=6.83..3768.21 rows=34 width=4) (actual time=0.111..10.943 rows=414 loops=1)
                                                                                                  ->  Seq Scan on keyword k  (cost=0.00..2626.12 rows=1 width=4) (actual time=0.032..10.408 rows=1 loops=1)
                                                                                                        Filter: (keyword = 'computer-animation'::text)
                                                                                                        Rows Removed by Filter: 134169
                                                                                                  ->  Bitmap Heap Scan on movie_keyword mk  (cost=6.83..1138.99 rows=309 width=8) (actual time=0.078..0.490 rows=414 loops=1)
                                                                                                        Recheck Cond: (keyword_id = k.id)
                                                                                                        Heap Blocks: exact=358
                                                                                                        ->  Bitmap Index Scan on keyword_id_movie_keyword  (cost=0.00..6.75 rows=309 width=0) (actual time=0.041..0.041 rows=414 loops=1)
                                                                                                              Index Cond: (keyword_id = k.id)
                                                                                            ->  Index Scan using title_pkey on title t  (cost=0.43..2.14 rows=1 width=21) (actual time=0.003..0.003 rows=0 loops=414)
                                                                                                  Index Cond: (id = mk.movie_id)
                                                                                                  Filter: ((production_year >= 2000) AND (production_year <= 2010) AND (title = 'Shrek 2'::text))
                                                                                                  Rows Removed by Filter: 1
                                                                                      ->  Index Scan using movie_id_movie_info on movie_info mi  (cost=0.43..41.95 rows=2 width=8) (actual time=0.019..0.148 rows=2 loops=1)
                                                                                            Index Cond: (movie_id = mk.movie_id)
                                                                                            Filter: ((info IS NOT NULL) AND ((info ~~ 'Japan:%200%'::text) OR (info ~~ 'USA:%200%'::text)))
                                                                                            Rows Removed by Filter: 455
                                                                                ->  Seq Scan on info_type it  (cost=0.00..2.41 rows=1 width=4) (actual time=0.009..0.009 rows=1 loops=2)
                                                                                      Filter: ((info)::text = 'release dates'::text)
                                                                                      Rows Removed by Filter: 15
                                                                          ->  Index Scan using movie_id_movie_companies on movie_companies mc  (cost=0.43..4.81 rows=5 width=8) (actual time=0.004..0.009 rows=22 loops=2)
                                                                                Index Cond: (movie_id = mk.movie_id)
                                                                    ->  Index Scan using company_name_pkey on company_name cn  (cost=0.42..2.03 rows=1 width=4) (actual time=0.002..0.002 rows=0 loops=44)
                                                                          Index Cond: (id = mc.company_id)
                                                                          Filter: ((country_code)::text = '[us]'::text)
                                                                          Rows Removed by Filter: 1
                                                              ->  Index Scan using movie_id_cast_info on cast_info ci  (cost=0.56..47.57 rows=1 width=16) (actual time=0.003..0.112 rows=38 loops=10)
                                                                    Index Cond: (movie_id = mk.movie_id)
                                                                    Filter: (note = ANY ('{(voice),"(voice) (uncredited)","(voice: English version)"}'::text[]))
                                                                    Rows Removed by Filter: 191
                                                        ->  Index Scan using char_name_pkey on char_name chn  (cost=0.43..2.26 rows=1 width=20) (actual time=0.002..0.002 rows=0 loops=380)
                                                              Index Cond: (id = ci.person_role_id)
                                                              Filter: (name = 'Queen'::text)
                                                              Rows Removed by Filter: 1
                                                  ->  Seq Scan on role_type rt  (cost=0.00..18.88 rows=4 width=4) (actual time=0.001..0.001 rows=1 loops=10)
                                                        Filter: ((role)::text = 'actress'::text)
                                                        Rows Removed by Filter: 1
                                            ->  Index Only Scan using person_id_aka_name on aka_name an  (cost=0.42..2.90 rows=2 width=4) (actual time=0.003..0.004 rows=3 loops=10)
                                                  Index Cond: (person_id = ci.person_id)
                                                  Heap Fetches: 30
                                      ->  Index Scan using person_id_person_info on person_info pi  (cost=0.43..19.51 rows=25 width=8) (actual time=0.002..0.024 rows=163 loops=30)
                                            Index Cond: (person_id = ci.person_id)
                          ->  Index Scan using movie_id_complete_cast on complete_cast cc  (cost=0.42..2.77 rows=2 width=12) (actual time=0.001..0.001 rows=1 loops=1620)
                                Index Cond: (movie_id = mk.movie_id)
                    ->  Seq Scan on comp_cast_type cct2  (cost=0.00..18.88 rows=4 width=4) (actual time=0.001..0.001 rows=1 loops=1620)
                          Filter: ((kind)::text = 'complete+verified'::text)
                          Rows Removed by Filter: 3
              ->  Index Scan using name_pkey on name n  (cost=0.43..2.22 rows=1 width=19) (actual time=0.001..0.001 rows=1 loops=1620)
                    Index Cond: (id = pi.person_id)
                    Filter: ((name ~~ '%An%'::text) AND ((gender)::text = 'f'::text))
        ->  Seq Scan on comp_cast_type cct1  (cost=0.00..18.88 rows=4 width=4) (actual time=0.000..0.000 rows=1 loops=1620)
              Filter: ((kind)::text = 'cast'::text)
Planning time: 79.035 ms
Execution time: 25.367 ms
