Aggregate  (cost=31833.30..31833.31 rows=1 width=96) (actual time=283.675..283.675 rows=1 loops=1)
  ->  Nested Loop  (cost=11.24..31833.29 rows=1 width=48) (actual time=107.731..283.210 rows=1620 loops=1)
        Join Filter: (cc.status_id = cct2.id)
        ->  Nested Loop  (cost=11.24..31814.40 rows=1 width=52) (actual time=107.728..281.350 rows=1620 loops=1)
              Join Filter: (cc.subject_id = cct1.id)
              ->  Nested Loop  (cost=11.24..31795.51 rows=1 width=56) (actual time=107.724..279.614 rows=1620 loops=1)
                    Join Filter: (mi.info_type_id = it.id)
                    ->  Nested Loop  (cost=11.24..31793.09 rows=1 width=60) (actual time=107.713..274.318 rows=1620 loops=1)
                          Join Filter: (mi.movie_id = t.id)
                          ->  Nested Loop  (cost=10.81..31790.93 rows=1 width=63) (actual time=107.704..267.244 rows=4050 loops=1)
                                Join Filter: (ci.role_id = rt.id)
                                ->  Seq Scan on role_type rt  (cost=0.00..18.88 rows=1 width=4) (actual time=0.006..0.008 rows=1 loops=1)
                                      Filter: ((role)::text = 'actress'::text)
                                      Rows Removed by Filter: 11
                                ->  Nested Loop  (cost=10.81..31771.21 rows=68 width=67) (actual time=107.697..266.539 rows=4050 loops=1)
                                      Join Filter: (mc.movie_id = mi.movie_id)
                                      ->  Nested Loop  (cost=10.38..28581.43 rows=76 width=59) (actual time=1.682..43.737 rows=3060 loops=1)
                                            Join Filter: (it3.id = pi.info_type_id)
                                            Rows Removed by Join Filter: 5550
                                            ->  Seq Scan on info_type it3  (cost=0.00..2.41 rows=1 width=4) (actual time=0.006..0.012 rows=1 loops=1)
                                                  Filter: ((info)::text = 'trivia'::text)
                                                  Rows Removed by Filter: 112
                                            ->  Nested Loop  (cost=10.38..28471.39 rows=8610 width=63) (actual time=1.674..42.853 rows=8610 loops=1)
                                                  Join Filter: (n.id = pi.person_id)
                                                  ->  Nested Loop  (cost=9.95..27085.00 rows=70 width=71) (actual time=1.666..39.956 rows=70 loops=1)
                                                        ->  Nested Loop  (cost=9.53..26529.70 rows=274 width=75) (actual time=1.641..39.342 rows=274 loops=1)
                                                              ->  Nested Loop  (cost=9.10..25703.52 rows=352 width=56) (actual time=0.987..38.720 rows=352 loops=1)
                                                                    Join Filter: (ci.movie_id = mc.movie_id)
                                                                    ->  Nested Loop  (cost=8.67..25630.46 rows=15 width=48) (actual time=0.978..38.531 rows=15 loops=1)
                                                                          ->  Nested Loop  (cost=8.24..15814.36 rows=4355 width=36) (actual time=0.194..30.105 rows=4355 loops=1)
                                                                                ->  Nested Loop  (cost=7.81..9206.25 rows=2266 width=32) (actual time=0.186..22.136 rows=2266 loops=1)
                                                                                      ->  Nested Loop  (cost=7.25..4924.33 rows=90 width=16) (actual time=0.176..11.940 rows=90 loops=1)
                                                                                            ->  Nested Loop  (cost=6.83..3768.21 rows=414 width=4) (actual time=0.110..11.004 rows=414 loops=1)
                                                                                                  ->  Seq Scan on keyword k  (cost=0.00..2626.12 rows=1 width=4) (actual time=0.032..10.402 rows=1 loops=1)
                                                                                                        Filter: (keyword = 'computer-animation'::text)
                                                                                                        Rows Removed by Filter: 134169
                                                                                                  ->  Bitmap Heap Scan on movie_keyword mk  (cost=6.83..1138.99 rows=309 width=8) (actual time=0.077..0.548 rows=414 loops=1)
                                                                                                        Recheck Cond: (keyword_id = k.id)
                                                                                                        Heap Blocks: exact=358
                                                                                                        ->  Bitmap Index Scan on keyword_id_movie_keyword  (cost=0.00..6.75 rows=309 width=0) (actual time=0.040..0.040 rows=414 loops=1)
                                                                                                              Index Cond: (keyword_id = k.id)
                                                                                            ->  Index Scan using movie_id_complete_cast on complete_cast cc  (cost=0.42..2.77 rows=2 width=12) (actual time=0.002..0.002 rows=0 loops=414)
                                                                                                  Index Cond: (movie_id = mk.movie_id)
                                                                                      ->  Index Scan using movie_id_cast_info on cast_info ci  (cost=0.56..47.57 rows=1 width=16) (actual time=0.013..0.110 rows=25 loops=90)
                                                                                            Index Cond: (movie_id = mk.movie_id)
                                                                                            Filter: (note = ANY ('{(voice),"(voice) (uncredited)","(voice: English version)"}'::text[]))
                                                                                            Rows Removed by Filter: 90
                                                                                ->  Index Only Scan using person_id_aka_name on aka_name an  (cost=0.42..2.90 rows=2 width=4) (actual time=0.003..0.003 rows=2 loops=2266)
                                                                                      Index Cond: (person_id = ci.person_id)
                                                                                      Heap Fetches: 4355
                                                                          ->  Index Scan using char_name_pkey on char_name chn  (cost=0.43..2.25 rows=1 width=20) (actual time=0.002..0.002 rows=0 loops=4355)
                                                                                Index Cond: (id = ci.person_role_id)
                                                                                Filter: (name = 'Queen'::text)
                                                                                Rows Removed by Filter: 1
                                                                    ->  Index Scan using movie_id_movie_companies on movie_companies mc  (cost=0.43..4.81 rows=5 width=8) (actual time=0.003..0.008 rows=23 loops=15)
                                                                          Index Cond: (movie_id = mk.movie_id)
                                                              ->  Index Scan using name_pkey on name n  (cost=0.43..2.35 rows=1 width=19) (actual time=0.001..0.001 rows=1 loops=352)
                                                                    Index Cond: (id = ci.person_id)
                                                                    Filter: ((name ~~ '%An%'::text) AND ((gender)::text = 'f'::text))
                                                                    Rows Removed by Filter: 0
                                                        ->  Index Scan using company_name_pkey on company_name cn  (cost=0.42..2.03 rows=1 width=4) (actual time=0.002..0.002 rows=0 loops=274)
                                                              Index Cond: (id = mc.company_id)
                                                              Filter: ((country_code)::text = '[us]'::text)
                                                              Rows Removed by Filter: 1
                                                  ->  Index Scan using person_id_person_info on person_info pi  (cost=0.43..19.49 rows=25 width=8) (actual time=0.002..0.020 rows=123 loops=70)
                                                        Index Cond: (person_id = an.person_id)
                                      ->  Index Scan using movie_id_movie_info on movie_info mi  (cost=0.43..41.95 rows=2 width=8) (actual time=0.033..0.072 rows=1 loops=3060)
                                            Index Cond: (movie_id = mk.movie_id)
                                            Filter: ((info IS NOT NULL) AND ((info ~~ 'Japan:%200%'::text) OR (info ~~ 'USA:%200%'::text)))
                                            Rows Removed by Filter: 349
                          ->  Index Scan using title_pkey on title t  (cost=0.43..2.14 rows=1 width=21) (actual time=0.001..0.001 rows=0 loops=4050)
                                Index Cond: (id = mk.movie_id)
                                Filter: ((production_year >= 2000) AND (production_year <= 2010) AND (title = 'Shrek 2'::text))
                                Rows Removed by Filter: 1
                    ->  Seq Scan on info_type it  (cost=0.00..2.41 rows=1 width=4) (actual time=0.003..0.003 rows=1 loops=1620)
                          Filter: ((info)::text = 'release dates'::text)
                          Rows Removed by Filter: 15
              ->  Seq Scan on comp_cast_type cct1  (cost=0.00..18.88 rows=1 width=4) (actual time=0.000..0.000 rows=1 loops=1620)
                    Filter: ((kind)::text = 'cast'::text)
        ->  Seq Scan on comp_cast_type cct2  (cost=0.00..18.88 rows=1 width=4) (actual time=0.001..0.001 rows=1 loops=1620)
              Filter: ((kind)::text = 'complete+verified'::text)
              Rows Removed by Filter: 3
Planning time: 79.227 ms
Execution time: 283.808 ms
