Aggregate  (cost=14087.73..14087.74 rows=1 width=96) (actual time=34.448..34.448 rows=1 loops=1)
  ->  Nested Loop  (cost=11.24..14087.72 rows=1 width=48) (actual time=13.290..34.068 rows=1620 loops=1)
        Join Filter: (n.id = an.person_id)
        ->  Nested Loop  (cost=10.82..14084.82 rows=1 width=60) (actual time=13.282..32.576 rows=540 loops=1)
              Join Filter: (mi.movie_id = t.id)
              ->  Nested Loop  (cost=10.39..14082.67 rows=1 width=63) (actual time=13.275..31.578 rows=540 loops=1)
                    Join Filter: (cc.subject_id = cct1.id)
                    ->  Seq Scan on comp_cast_type cct1  (cost=0.00..18.88 rows=1 width=4) (actual time=0.004..0.005 rows=1 loops=1)
                          Filter: ((kind)::text = 'cast'::text)
                          Rows Removed by Filter: 3
                    ->  Nested Loop  (cost=10.39..14063.77 rows=2 width=67) (actual time=13.270..31.465 rows=540 loops=1)
                          ->  Nested Loop  (cost=9.97..14053.64 rows=5 width=71) (actual time=13.264..27.300 rows=2376 loops=1)
                                Join Filter: (mi.movie_id = mc.movie_id)
                                ->  Nested Loop  (cost=9.54..14048.76 rows=1 width=63) (actual time=13.247..26.301 rows=108 loops=1)
                                      Join Filter: (it3.id = pi.info_type_id)
                                      Rows Removed by Join Filter: 218
                                      ->  Seq Scan on info_type it3  (cost=0.00..2.41 rows=1 width=4) (actual time=0.006..0.011 rows=1 loops=1)
                                            Filter: ((info)::text = 'trivia'::text)
                                            Rows Removed by Filter: 112
                                      ->  Nested Loop  (cost=9.54..14046.34 rows=1 width=67) (actual time=13.236..26.257 rows=326 loops=1)
                                            Join Filter: (n.id = pi.person_id)
                                            ->  Nested Loop  (cost=9.11..14026.52 rows=1 width=59) (actual time=13.229..26.128 rows=2 loops=1)
                                                  ->  Nested Loop  (cost=8.68..14024.18 rows=1 width=40) (actual time=13.222..26.117 rows=2 loops=1)
                                                        Join Filter: (rt.id = ci.role_id)
                                                        ->  Seq Scan on role_type rt  (cost=0.00..18.88 rows=1 width=4) (actual time=0.002..0.004 rows=1 loops=1)
                                                              Filter: ((role)::text = 'actress'::text)
                                                              Rows Removed by Filter: 11
                                                        ->  Nested Loop  (cost=8.68..14005.29 rows=1 width=44) (actual time=13.218..26.111 rows=2 loops=1)
                                                              ->  Nested Loop  (cost=8.25..9327.32 rows=2075 width=32) (actual time=0.694..21.836 rows=2075 loops=1)
                                                                    Join Filter: (mi.movie_id = ci.movie_id)
                                                                    ->  Nested Loop  (cost=7.68..5996.76 rows=70 width=16) (actual time=0.672..14.194 rows=70 loops=1)
                                                                          Join Filter: (it.id = mi.info_type_id)
                                                                          ->  Seq Scan on info_type it  (cost=0.00..2.41 rows=1 width=4) (actual time=0.004..0.009 rows=1 loops=1)
                                                                                Filter: ((info)::text = 'release dates'::text)
                                                                                Rows Removed by Filter: 112
                                                                          ->  Nested Loop  (cost=7.68..5993.48 rows=70 width=20) (actual time=0.668..14.173 rows=70 loops=1)
                                                                                ->  Nested Loop  (cost=7.25..4944.33 rows=25 width=12) (actual time=0.340..11.690 rows=25 loops=1)
                                                                                      Join Filter: (cc.status_id = cct2.id)
                                                                                      Rows Removed by Join Filter: 65
                                                                                      ->  Seq Scan on comp_cast_type cct2  (cost=0.00..18.88 rows=1 width=4) (actual time=0.002..0.002 rows=1 loops=1)
                                                                                            Filter: ((kind)::text = 'complete+verified'::text)
                                                                                            Rows Removed by Filter: 3
                                                                                      ->  Nested Loop  (cost=7.25..4924.33 rows=90 width=16) (actual time=0.172..11.677 rows=90 loops=1)
                                                                                            ->  Nested Loop  (cost=6.83..3768.21 rows=414 width=4) (actual time=0.110..10.799 rows=414 loops=1)
                                                                                                  ->  Seq Scan on keyword k  (cost=0.00..2626.12 rows=1 width=4) (actual time=0.031..10.248 rows=1 loops=1)
                                                                                                        Filter: (keyword = 'computer-animation'::text)
                                                                                                        Rows Removed by Filter: 134169
                                                                                                  ->  Bitmap Heap Scan on movie_keyword mk  (cost=6.83..1138.99 rows=309 width=8) (actual time=0.077..0.502 rows=414 loops=1)
                                                                                                        Recheck Cond: (keyword_id = k.id)
                                                                                                        Heap Blocks: exact=358
                                                                                                        ->  Bitmap Index Scan on keyword_id_movie_keyword  (cost=0.00..6.75 rows=309 width=0) (actual time=0.040..0.040 rows=414 loops=1)
                                                                                                              Index Cond: (keyword_id = k.id)
                                                                                            ->  Index Scan using movie_id_complete_cast on complete_cast cc  (cost=0.42..2.77 rows=2 width=12) (actual time=0.002..0.002 rows=0 loops=414)
                                                                                                  Index Cond: (movie_id = mk.movie_id)
                                                                                ->  Index Scan using movie_id_movie_info on movie_info mi  (cost=0.43..41.95 rows=2 width=8) (actual time=0.022..0.099 rows=3 loops=25)
                                                                                      Index Cond: (movie_id = mk.movie_id)
                                                                                      Filter: ((info IS NOT NULL) AND ((info ~~ 'Japan:%200%'::text) OR (info ~~ 'USA:%200%'::text)))
                                                                                      Rows Removed by Filter: 311
                                                                    ->  Index Scan using movie_id_cast_info on cast_info ci  (cost=0.56..47.57 rows=1 width=16) (actual time=0.012..0.104 rows=30 loops=70)
                                                                          Index Cond: (movie_id = mk.movie_id)
                                                                          Filter: (note = ANY ('{(voice),"(voice) (uncredited)","(voice: English version)"}'::text[]))
                                                                          Rows Removed by Filter: 140
                                                              ->  Index Scan using char_name_pkey on char_name chn  (cost=0.43..2.25 rows=1 width=20) (actual time=0.002..0.002 rows=0 loops=2075)
                                                                    Index Cond: (id = ci.person_role_id)
                                                                    Filter: (name = 'Queen'::text)
                                                                    Rows Removed by Filter: 1
                                                  ->  Index Scan using name_pkey on name n  (cost=0.43..2.35 rows=1 width=19) (actual time=0.005..0.005 rows=1 loops=2)
                                                        Index Cond: (id = ci.person_id)
                                                        Filter: ((name ~~ '%An%'::text) AND ((gender)::text = 'f'::text))
                                            ->  Index Scan using person_id_person_info on person_info pi  (cost=0.43..19.50 rows=25 width=8) (actual time=0.004..0.034 rows=163 loops=2)
                                                  Index Cond: (person_id = ci.person_id)
                                ->  Index Scan using movie_id_movie_companies on movie_companies mc  (cost=0.43..4.81 rows=5 width=8) (actual time=0.002..0.005 rows=22 loops=108)
                                      Index Cond: (movie_id = mk.movie_id)
                          ->  Index Scan using company_name_pkey on company_name cn  (cost=0.42..2.03 rows=1 width=4) (actual time=0.002..0.002 rows=0 loops=2376)
                                Index Cond: (id = mc.company_id)
                                Filter: ((country_code)::text = '[us]'::text)
                                Rows Removed by Filter: 1
              ->  Index Scan using title_pkey on title t  (cost=0.43..2.14 rows=1 width=21) (actual time=0.002..0.002 rows=1 loops=540)
                    Index Cond: (id = mk.movie_id)
                    Filter: ((production_year >= 2000) AND (production_year <= 2010) AND (title = 'Shrek 2'::text))
        ->  Index Only Scan using person_id_aka_name on aka_name an  (cost=0.42..2.87 rows=2 width=4) (actual time=0.002..0.002 rows=3 loops=540)
              Index Cond: (person_id = pi.person_id)
              Heap Fetches: 1620
Planning time: 78.656 ms
Execution time: 34.557 ms
