Aggregate  (cost=5725.26..5725.27 rows=1 width=96) (actual time=23.810..23.810 rows=1 loops=1)
  ->  Nested Loop  (cost=11.24..5725.25 rows=1 width=48) (actual time=1.448..23.436 rows=1620 loops=1)
        Join Filter: (n.id = an.person_id)
        ->  Nested Loop  (cost=10.82..5722.36 rows=1 width=60) (actual time=1.440..21.957 rows=540 loops=1)
              Join Filter: (cc.status_id = cct2.id)
              ->  Nested Loop  (cost=10.82..5703.47 rows=1 width=64) (actual time=1.438..21.274 rows=540 loops=1)
                    ->  Nested Loop  (cost=10.39..5699.39 rows=1 width=52) (actual time=1.430..20.339 rows=540 loops=1)
                          Join Filter: (ci.person_id = n.id)
                          ->  Nested Loop  (cost=9.96..5697.16 rows=1 width=33) (actual time=1.422..17.911 rows=1470 loops=1)
                                Join Filter: (cc.subject_id = cct1.id)
                                ->  Nested Loop  (cost=9.96..5678.27 rows=1 width=37) (actual time=1.418..16.586 rows=1470 loops=1)
                                      Join Filter: (it3.id = pi.info_type_id)
                                      Rows Removed by Join Filter: 5610
                                      ->  Seq Scan on info_type it3  (cost=0.00..2.41 rows=1 width=4) (actual time=0.008..0.014 rows=1 loops=1)
                                            Filter: ((info)::text = 'trivia'::text)
                                            Rows Removed by Filter: 112
                                      ->  Nested Loop  (cost=9.96..5675.54 rows=25 width=41) (actual time=1.404..16.056 rows=7080 loops=1)
                                            ->  Nested Loop  (cost=9.53..5655.79 rows=1 width=33) (actual time=1.398..14.038 rows=110 loops=1)
                                                  ->  Nested Loop  (cost=9.11..5653.76 rows=1 width=37) (actual time=1.391..13.239 rows=484 loops=1)
                                                        Join Filter: (t.id = mc.movie_id)
                                                        ->  Nested Loop  (cost=8.68..5648.89 rows=1 width=53) (actual time=1.384..13.053 rows=22 loops=1)
                                                              Join Filter: (it.id = mi.info_type_id)
                                                              ->  Seq Scan on info_type it  (cost=0.00..2.41 rows=1 width=4) (actual time=0.003..0.010 rows=1 loops=1)
                                                                    Filter: ((info)::text = 'release dates'::text)
                                                                    Rows Removed by Filter: 112
                                                              ->  Nested Loop  (cost=8.68..5646.45 rows=2 width=57) (actual time=1.380..13.038 rows=22 loops=1)
                                                                    Join Filter: (t.id = mi.movie_id)
                                                                    ->  Nested Loop  (cost=8.24..5184.78 rows=11 width=49) (actual time=1.358..12.013 rows=11 loops=1)
                                                                          Join Filter: (rt.id = ci.role_id)
                                                                          Rows Removed by Join Filter: 27
                                                                          ->  Seq Scan on role_type rt  (cost=0.00..18.88 rows=1 width=4) (actual time=0.003..0.004 rows=1 loops=1)
                                                                                Filter: ((role)::text = 'actress'::text)
                                                                                Rows Removed by Filter: 11
                                                                          ->  Nested Loop  (cost=8.24..5165.43 rows=38 width=53) (actual time=1.327..12.004 rows=38 loops=1)
                                                                                Join Filter: (t.id = ci.movie_id)
                                                                                ->  Nested Loop  (cost=7.68..5117.85 rows=1 width=37) (actual time=1.317..11.779 rows=1 loops=1)
                                                                                      ->  Nested Loop  (cost=7.25..4924.33 rows=90 width=16) (actual time=0.174..11.458 rows=90 loops=1)
                                                                                            ->  Nested Loop  (cost=6.83..3768.21 rows=414 width=4) (actual time=0.110..10.648 rows=414 loops=1)
                                                                                                  ->  Seq Scan on keyword k  (cost=0.00..2626.12 rows=1 width=4) (actual time=0.032..10.101 rows=1 loops=1)
                                                                                                        Filter: (keyword = 'computer-animation'::text)
                                                                                                        Rows Removed by Filter: 134169
                                                                                                  ->  Bitmap Heap Scan on movie_keyword mk  (cost=6.83..1138.99 rows=309 width=8) (actual time=0.077..0.501 rows=414 loops=1)
                                                                                                        Recheck Cond: (keyword_id = k.id)
                                                                                                        Heap Blocks: exact=358
                                                                                                        ->  Bitmap Index Scan on keyword_id_movie_keyword  (cost=0.00..6.75 rows=309 width=0) (actual time=0.040..0.040 rows=414 loops=1)
                                                                                                              Index Cond: (keyword_id = k.id)
                                                                                            ->  Index Scan using movie_id_complete_cast on complete_cast cc  (cost=0.42..2.77 rows=2 width=12) (actual time=0.002..0.002 rows=0 loops=414)
                                                                                                  Index Cond: (movie_id = mk.movie_id)
                                                                                      ->  Index Scan using title_pkey on title t  (cost=0.43..2.14 rows=1 width=21) (actual time=0.003..0.003 rows=0 loops=90)
                                                                                            Index Cond: (id = mk.movie_id)
                                                                                            Filter: ((production_year >= 2000) AND (production_year <= 2010) AND (title = 'Shrek 2'::text))
                                                                                            Rows Removed by Filter: 1
                                                                                ->  Index Scan using movie_id_cast_info on cast_info ci  (cost=0.56..47.57 rows=1 width=16) (actual time=0.009..0.217 rows=38 loops=1)
                                                                                      Index Cond: (movie_id = mk.movie_id)
                                                                                      Filter: (note = ANY ('{(voice),"(voice) (uncredited)","(voice: English version)"}'::text[]))
                                                                                      Rows Removed by Filter: 191
                                                                    ->  Index Scan using movie_id_movie_info on movie_info mi  (cost=0.43..41.95 rows=2 width=8) (actual time=0.010..0.092 rows=2 loops=11)
                                                                          Index Cond: (movie_id = mk.movie_id)
                                                                          Filter: ((info IS NOT NULL) AND ((info ~~ 'Japan:%200%'::text) OR (info ~~ 'USA:%200%'::text)))
                                                                          Rows Removed by Filter: 455
                                                        ->  Index Scan using movie_id_movie_companies on movie_companies mc  (cost=0.43..4.81 rows=5 width=8) (actual time=0.002..0.005 rows=22 loops=22)
                                                              Index Cond: (movie_id = mk.movie_id)
                                                  ->  Index Scan using company_name_pkey on company_name cn  (cost=0.42..2.03 rows=1 width=4) (actual time=0.001..0.001 rows=0 loops=484)
                                                        Index Cond: (id = mc.company_id)
                                                        Filter: ((country_code)::text = '[us]'::text)
                                                        Rows Removed by Filter: 1
                                            ->  Index Scan using person_id_person_info on person_info pi  (cost=0.43..19.50 rows=25 width=8) (actual time=0.002..0.010 rows=64 loops=110)
                                                  Index Cond: (person_id = ci.person_id)
                                ->  Seq Scan on comp_cast_type cct1  (cost=0.00..18.88 rows=1 width=4) (actual time=0.000..0.000 rows=1 loops=1470)
                                      Filter: ((kind)::text = 'cast'::text)
                          ->  Index Scan using name_pkey on name n  (cost=0.43..2.22 rows=1 width=19) (actual time=0.001..0.001 rows=0 loops=1470)
                                Index Cond: (id = pi.person_id)
                                Filter: ((name ~~ '%An%'::text) AND ((gender)::text = 'f'::text))
                                Rows Removed by Filter: 1
                    ->  Index Scan using char_name_pkey on char_name chn  (cost=0.43..2.25 rows=1 width=20) (actual time=0.001..0.001 rows=1 loops=540)
                          Index Cond: (id = ci.person_role_id)
                          Filter: (name = 'Queen'::text)
              ->  Seq Scan on comp_cast_type cct2  (cost=0.00..18.88 rows=1 width=4) (actual time=0.001..0.001 rows=1 loops=540)
                    Filter: ((kind)::text = 'complete+verified'::text)
                    Rows Removed by Filter: 3
        ->  Index Only Scan using person_id_aka_name on aka_name an  (cost=0.42..2.87 rows=2 width=4) (actual time=0.001..0.002 rows=3 loops=540)
              Index Cond: (person_id = pi.person_id)
              Heap Fetches: 1620
Planning time: 79.047 ms
Execution time: 23.927 ms
