Aggregate  (cost=15202.60..15202.61 rows=1 width=96) (actual time=47.278..47.278 rows=1 loops=1)
  ->  Nested Loop  (cost=11.24..15202.60 rows=1 width=48) (actual time=1.728..46.860 rows=1620 loops=1)
        Join Filter: (cc.status_id = cct2.id)
        ->  Nested Loop  (cost=11.24..15183.71 rows=1 width=52) (actual time=1.724..45.051 rows=1620 loops=1)
              Join Filter: (cct1.id = cc.subject_id)
              ->  Seq Scan on comp_cast_type cct1  (cost=0.00..18.88 rows=1 width=4) (actual time=0.005..0.006 rows=1 loops=1)
                    Filter: ((kind)::text = 'cast'::text)
                    Rows Removed by Filter: 3
              ->  Nested Loop  (cost=11.24..15164.78 rows=4 width=56) (actual time=1.718..44.811 rows=1620 loops=1)
                    Join Filter: (t.id = cc.movie_id)
                    ->  Nested Loop  (cost=10.82..14971.75 rows=69 width=68) (actual time=1.712..42.174 rows=1620 loops=1)
                          ->  Nested Loop  (cost=10.40..14586.68 rows=190 width=72) (actual time=1.706..31.472 rows=7128 loops=1)
                                Join Filter: (it3.id = pi.info_type_id)
                                Rows Removed by Join Filter: 14388
                                ->  Seq Scan on info_type it3  (cost=0.00..2.41 rows=1 width=4) (actual time=0.005..0.011 rows=1 loops=1)
                                      Filter: ((info)::text = 'trivia'::text)
                                      Rows Removed by Filter: 112
                                ->  Nested Loop  (cost=10.40..14315.32 rows=21516 width=76) (actual time=1.694..29.686 rows=21516 loops=1)
                                      Join Filter: (n.id = pi.person_id)
                                      ->  Nested Loop  (cost=9.97..11700.99 rows=132 width=84) (actual time=1.687..22.830 rows=132 loops=1)
                                            Join Filter: (n.id = an.person_id)
                                            ->  Nested Loop  (cost=9.55..11572.45 rows=44 width=80) (actual time=1.679..22.667 rows=44 loops=1)
                                                  Join Filter: (rt.id = ci.role_id)
                                                  ->  Seq Scan on role_type rt  (cost=0.00..18.88 rows=1 width=4) (actual time=0.003..0.006 rows=1 loops=1)
                                                        Filter: ((role)::text = 'actress'::text)
                                                        Rows Removed by Filter: 11
                                                  ->  Nested Loop  (cost=9.55..11553.03 rows=44 width=84) (actual time=1.674..22.652 rows=44 loops=1)
                                                        ->  Nested Loop  (cost=9.12..11449.76 rows=44 width=65) (actual time=1.668..22.548 rows=44 loops=1)
                                                              ->  Nested Loop  (cost=8.69..7679.97 rows=1672 width=53) (actual time=1.535..19.294 rows=1672 loops=1)
                                                                    Join Filter: (t.id = ci.movie_id)
                                                                    ->  Nested Loop  (cost=8.12..5586.48 rows=44 width=37) (actual time=1.525..14.469 rows=44 loops=1)
                                                                          Join Filter: (mi.info_type_id = it.id)
                                                                          ->  Seq Scan on info_type it  (cost=0.00..2.41 rows=1 width=4) (actual time=0.003..0.010 rows=1 loops=1)
                                                                                Filter: ((info)::text = 'release dates'::text)
                                                                                Rows Removed by Filter: 112
                                                                          ->  Nested Loop  (cost=8.12..5583.52 rows=44 width=41) (actual time=1.521..14.451 rows=44 loops=1)
                                                                                Join Filter: (t.id = mi.movie_id)
                                                                                ->  Nested Loop  (cost=7.69..4660.16 rows=22 width=33) (actual time=1.490..12.257 rows=22 loops=1)
                                                                                      Join Filter: (t.id = mc.movie_id)
                                                                                      ->  Nested Loop  (cost=7.26..4655.29 rows=1 width=25) (actual time=1.483..12.238 rows=1 loops=1)
                                                                                            ->  Nested Loop  (cost=6.83..3768.21 rows=414 width=4) (actual time=0.110..10.826 rows=414 loops=1)
                                                                                                  ->  Seq Scan on keyword k  (cost=0.00..2626.12 rows=1 width=4) (actual time=0.032..10.287 rows=1 loops=1)
                                                                                                        Filter: (keyword = 'computer-animation'::text)
                                                                                                        Rows Removed by Filter: 134169
                                                                                                  ->  Bitmap Heap Scan on movie_keyword mk  (cost=6.83..1138.99 rows=309 width=8) (actual time=0.077..0.485 rows=414 loops=1)
                                                                                                        Recheck Cond: (keyword_id = k.id)
                                                                                                        Heap Blocks: exact=358
                                                                                                        ->  Bitmap Index Scan on keyword_id_movie_keyword  (cost=0.00..6.75 rows=309 width=0) (actual time=0.040..0.040 rows=414 loops=1)
                                                                                                              Index Cond: (keyword_id = k.id)
                                                                                            ->  Index Scan using title_pkey on title t  (cost=0.43..2.14 rows=1 width=21) (actual time=0.003..0.003 rows=0 loops=414)
                                                                                                  Index Cond: (id = mk.movie_id)
                                                                                                  Filter: ((production_year >= 2000) AND (production_year <= 2010) AND (title = 'Shrek 2'::text))
                                                                                                  Rows Removed by Filter: 1
                                                                                      ->  Index Scan using movie_id_movie_companies on movie_companies mc  (cost=0.43..4.81 rows=5 width=8) (actual time=0.006..0.012 rows=22 loops=1)
                                                                                            Index Cond: (movie_id = mk.movie_id)
                                                                                ->  Index Scan using movie_id_movie_info on movie_info mi  (cost=0.43..41.95 rows=2 width=8) (actual time=0.011..0.099 rows=2 loops=22)
                                                                                      Index Cond: (movie_id = mk.movie_id)
                                                                                      Filter: ((info IS NOT NULL) AND ((info ~~ 'Japan:%200%'::text) OR (info ~~ 'USA:%200%'::text)))
                                                                                      Rows Removed by Filter: 455
                                                                    ->  Index Scan using movie_id_cast_info on cast_info ci  (cost=0.56..47.57 rows=1 width=16) (actual time=0.003..0.104 rows=38 loops=44)
                                                                          Index Cond: (movie_id = mk.movie_id)
                                                                          Filter: (note = ANY ('{(voice),"(voice) (uncredited)","(voice: English version)"}'::text[]))
                                                                          Rows Removed by Filter: 191
                                                              ->  Index Scan using char_name_pkey on char_name chn  (cost=0.43..2.25 rows=1 width=20) (actual time=0.002..0.002 rows=0 loops=1672)
                                                                    Index Cond: (id = ci.person_role_id)
                                                                    Filter: (name = 'Queen'::text)
                                                                    Rows Removed by Filter: 1
                                                        ->  Index Scan using name_pkey on name n  (cost=0.43..2.35 rows=1 width=19) (actual time=0.002..0.002 rows=1 loops=44)
                                                              Index Cond: (id = ci.person_id)
                                                              Filter: ((name ~~ '%An%'::text) AND ((gender)::text = 'f'::text))
                                            ->  Index Only Scan using person_id_aka_name on aka_name an  (cost=0.42..2.90 rows=2 width=4) (actual time=0.002..0.003 rows=3 loops=44)
                                                  Index Cond: (person_id = ci.person_id)
                                                  Heap Fetches: 132
                                      ->  Index Scan using person_id_person_info on person_info pi  (cost=0.43..19.49 rows=25 width=8) (actual time=0.002..0.026 rows=163 loops=132)
                                            Index Cond: (person_id = an.person_id)
                          ->  Index Scan using company_name_pkey on company_name cn  (cost=0.42..2.03 rows=1 width=4) (actual time=0.001..0.001 rows=0 loops=7128)
                                Index Cond: (id = mc.company_id)
                                Filter: ((country_code)::text = '[us]'::text)
                                Rows Removed by Filter: 1
                    ->  Index Scan using movie_id_complete_cast on complete_cast cc  (cost=0.42..2.77 rows=2 width=12) (actual time=0.001..0.001 rows=1 loops=1620)
                          Index Cond: (movie_id = mk.movie_id)
        ->  Seq Scan on comp_cast_type cct2  (cost=0.00..18.88 rows=1 width=4) (actual time=0.001..0.001 rows=1 loops=1620)
              Filter: ((kind)::text = 'complete+verified'::text)
              Rows Removed by Filter: 3
Planning time: 78.863 ms
Execution time: 47.401 ms
