Aggregate  (cost=31846.56..31846.57 rows=1 width=96) (actual time=88.878..88.878 rows=1 loops=1)
  ->  Hash Join  (cost=7003.82..31834.41 rows=1620 width=48) (actual time=53.025..88.498 rows=1620 loops=1)
        Hash Cond: (mc.company_id = cn.id)
        ->  Nested Loop  (cost=10.82..24751.42 rows=7128 width=52) (actual time=11.443..46.129 rows=7128 loops=1)
              Join Filter: (t.id = mc.movie_id)
              ->  Nested Loop  (cost=10.39..23173.25 rows=324 width=68) (actual time=11.435..43.588 rows=324 loops=1)
                    Join Filter: (ci.role_id = rt.id)
                    ->  Seq Scan on role_type rt  (cost=0.00..18.88 rows=1 width=4) (actual time=0.005..0.007 rows=1 loops=1)
                          Filter: ((role)::text = 'actress'::text)
                          Rows Removed by Filter: 11
                    ->  Nested Loop  (cost=10.39..23150.32 rows=324 width=72) (actual time=11.429..43.527 rows=324 loops=1)
                          Join Filter: (cc.subject_id = cct1.id)
                          ->  Seq Scan on comp_cast_type cct1  (cost=0.00..18.88 rows=1 width=4) (actual time=0.002..0.003 rows=1 loops=1)
                                Filter: ((kind)::text = 'cast'::text)
                                Rows Removed by Filter: 3
                          ->  Nested Loop  (cost=10.39..23127.40 rows=324 width=76) (actual time=11.426..43.460 rows=324 loops=1)
                                Join Filter: (ci.person_id = n.id)
                                ->  Nested Loop  (cost=9.96..22402.72 rows=324 width=73) (actual time=11.417..42.854 rows=324 loops=1)
                                      Join Filter: (it.id = mi.info_type_id)
                                      ->  Seq Scan on info_type it  (cost=0.00..2.41 rows=1 width=4) (actual time=0.005..0.010 rows=1 loops=1)
                                            Filter: ((info)::text = 'release dates'::text)
                                            Rows Removed by Filter: 112
                                      ->  Nested Loop  (cost=9.96..22396.26 rows=324 width=77) (actual time=11.411..42.781 rows=324 loops=1)
                                            Join Filter: (t.id = mi.movie_id)
                                            ->  Nested Loop  (cost=9.53..15596.99 rows=162 width=69) (actual time=11.387..27.511 rows=162 loops=1)
                                                  Join Filter: (ci.movie_id = t.id)
                                                  ->  Nested Loop  (cost=9.10..14679.75 rows=426 width=48) (actual time=0.670..26.766 rows=426 loops=1)
                                                        Join Filter: (cc.status_id = cct2.id)
                                                        Rows Removed by Join Filter: 258
                                                        ->  Seq Scan on comp_cast_type cct2  (cost=0.00..18.88 rows=1 width=4) (actual time=0.001..0.002 rows=1 loops=1)
                                                              Filter: ((kind)::text = 'complete+verified'::text)
                                                              Rows Removed by Filter: 3
                                                        ->  Nested Loop  (cost=9.10..14652.32 rows=684 width=52) (actual time=0.668..26.678 rows=684 loops=1)
                                                              Join Filter: (it3.id = pi.info_type_id)
                                                              Rows Removed by Join Filter: 1266
                                                              ->  Seq Scan on info_type it3  (cost=0.00..2.41 rows=1 width=4) (actual time=0.003..0.010 rows=1 loops=1)
                                                                    Filter: ((info)::text = 'trivia'::text)
                                                                    Rows Removed by Filter: 112
                                                              ->  Nested Loop  (cost=9.10..14625.54 rows=1950 width=56) (actual time=0.663..26.482 rows=1950 loops=1)
                                                                    ->  Nested Loop  (cost=8.67..14329.23 rows=15 width=48) (actual time=0.654..25.827 rows=15 loops=1)
                                                                          ->  Nested Loop  (cost=8.24..14314.65 rows=5 width=44) (actual time=0.645..25.784 rows=5 loops=1)
                                                                                ->  Nested Loop  (cost=7.81..9206.25 rows=2266 width=32) (actual time=0.187..20.503 rows=2266 loops=1)
                                                                                      ->  Nested Loop  (cost=7.25..4924.33 rows=90 width=16) (actual time=0.178..11.596 rows=90 loops=1)
                                                                                            ->  Nested Loop  (cost=6.83..3768.21 rows=414 width=4) (actual time=0.110..10.758 rows=414 loops=1)
                                                                                                  ->  Seq Scan on keyword k  (cost=0.00..2626.12 rows=1 width=4) (actual time=0.031..10.201 rows=1 loops=1)
                                                                                                        Filter: (keyword = 'computer-animation'::text)
                                                                                                        Rows Removed by Filter: 134169
                                                                                                  ->  Bitmap Heap Scan on movie_keyword mk  (cost=6.83..1138.99 rows=309 width=8) (actual time=0.078..0.510 rows=414 loops=1)
                                                                                                        Recheck Cond: (keyword_id = k.id)
                                                                                                        Heap Blocks: exact=358
                                                                                                        ->  Bitmap Index Scan on keyword_id_movie_keyword  (cost=0.00..6.75 rows=309 width=0) (actual time=0.042..0.042 rows=414 loops=1)
                                                                                                              Index Cond: (keyword_id = k.id)
                                                                                            ->  Index Scan using movie_id_complete_cast on complete_cast cc  (cost=0.42..2.77 rows=2 width=12) (actual time=0.002..0.002 rows=0 loops=414)
                                                                                                  Index Cond: (movie_id = mk.movie_id)
                                                                                      ->  Index Scan using movie_id_cast_info on cast_info ci  (cost=0.56..47.57 rows=1 width=16) (actual time=0.011..0.096 rows=25 loops=90)
                                                                                            Index Cond: (movie_id = mk.movie_id)
                                                                                            Filter: (note = ANY ('{(voice),"(voice) (uncredited)","(voice: English version)"}'::text[]))
                                                                                            Rows Removed by Filter: 90
                                                                                ->  Index Scan using char_name_pkey on char_name chn  (cost=0.43..2.25 rows=1 width=20) (actual time=0.002..0.002 rows=0 loops=2266)
                                                                                      Index Cond: (id = ci.person_role_id)
                                                                                      Filter: (name = 'Queen'::text)
                                                                                      Rows Removed by Filter: 1
                                                                          ->  Index Only Scan using person_id_aka_name on aka_name an  (cost=0.42..2.90 rows=2 width=4) (actual time=0.006..0.008 rows=3 loops=5)
                                                                                Index Cond: (person_id = ci.person_id)
                                                                                Heap Fetches: 15
                                                                    ->  Index Scan using person_id_person_info on person_info pi  (cost=0.43..19.50 rows=25 width=8) (actual time=0.004..0.025 rows=130 loops=15)
                                                                          Index Cond: (person_id = ci.person_id)
                                                  ->  Index Scan using title_pkey on title t  (cost=0.43..2.14 rows=1 width=21) (actual time=0.002..0.002 rows=0 loops=426)
                                                        Index Cond: (id = mk.movie_id)
                                                        Filter: ((production_year >= 2000) AND (production_year <= 2010) AND (title = 'Shrek 2'::text))
                                                        Rows Removed by Filter: 1
                                            ->  Index Scan using movie_id_movie_info on movie_info mi  (cost=0.43..41.95 rows=2 width=8) (actual time=0.009..0.094 rows=2 loops=162)
                                                  Index Cond: (movie_id = mk.movie_id)
                                                  Filter: ((info IS NOT NULL) AND ((info ~~ 'Japan:%200%'::text) OR (info ~~ 'USA:%200%'::text)))
                                                  Rows Removed by Filter: 455
                                ->  Index Scan using name_pkey on name n  (cost=0.43..2.22 rows=1 width=19) (actual time=0.001..0.001 rows=1 loops=324)
                                      Index Cond: (id = pi.person_id)
                                      Filter: ((name ~~ '%An%'::text) AND ((gender)::text = 'f'::text))
              ->  Index Scan using movie_id_movie_companies on movie_companies mc  (cost=0.43..4.81 rows=5 width=8) (actual time=0.002..0.005 rows=22 loops=324)
                    Index Cond: (movie_id = mk.movie_id)
        ->  Hash  (cost=5932.46..5932.46 rows=84843 width=4) (actual time=41.491..41.491 rows=84843 loops=1)
              Buckets: 131072  Batches: 1  Memory Usage: 4007kB
              ->  Seq Scan on company_name cn  (cost=0.00..5932.46 rows=84843 width=4) (actual time=0.008..31.382 rows=84843 loops=1)
                    Filter: ((country_code)::text = '[us]'::text)
                    Rows Removed by Filter: 150154
Planning time: 78.429 ms
Execution time: 89.023 ms
