Aggregate  (cost=22757.85..22757.86 rows=1 width=96) (actual time=64.624..64.624 rows=1 loops=1)
  ->  Nested Loop  (cost=11.24..22757.84 rows=1 width=48) (actual time=10.401..64.279 rows=1620 loops=1)
        ->  Nested Loop  (cost=10.81..22753.76 rows=1 width=36) (actual time=10.393..61.973 rows=1620 loops=1)
              Join Filter: (pi.info_type_id = it3.id)
              Rows Removed by Join Filter: 3270
              ->  Nested Loop  (cost=10.81..22751.34 rows=1 width=40) (actual time=10.370..33.486 rows=4890 loops=1)
                    Join Filter: (cc.status_id = cct2.id)
                    ->  Nested Loop  (cost=10.81..22732.45 rows=1 width=44) (actual time=10.367..28.384 rows=4890 loops=1)
                          Join Filter: (n.id = pi.person_id)
                          ->  Nested Loop  (cost=10.38..22712.65 rows=1 width=52) (actual time=10.360..26.922 rows=30 loops=1)
                                Join Filter: (n.id = an.person_id)
                                ->  Nested Loop  (cost=9.96..22709.72 rows=1 width=48) (actual time=10.351..26.878 rows=10 loops=1)
                                      Join Filter: (cc.subject_id = cct1.id)
                                      ->  Nested Loop  (cost=9.96..22690.84 rows=1 width=52) (actual time=10.345..26.852 rows=10 loops=1)
                                            Join Filter: (rt.id = ci.role_id)
                                            ->  Seq Scan on role_type rt  (cost=0.00..18.88 rows=1 width=4) (actual time=0.005..0.007 rows=1 loops=1)
                                                  Filter: ((role)::text = 'actress'::text)
                                                  Rows Removed by Filter: 11
                                            ->  Nested Loop  (cost=9.96..22671.95 rows=1 width=56) (actual time=10.339..26.842 rows=10 loops=1)
                                                  ->  Nested Loop  (cost=9.53..22669.60 rows=1 width=37) (actual time=10.217..26.098 rows=380 loops=1)
                                                        Join Filter: (t.id = ci.movie_id)
                                                        ->  Nested Loop  (cost=8.96..22622.02 rows=1 width=45) (actual time=10.207..24.993 rows=10 loops=1)
                                                              ->  Nested Loop  (cost=8.54..22620.00 rows=1 width=49) (actual time=10.199..24.883 rows=44 loops=1)
                                                                    Join Filter: (t.id = mc.movie_id)
                                                                    ->  Nested Loop  (cost=8.11..22615.12 rows=1 width=41) (actual time=10.191..24.855 rows=2 loops=1)
                                                                          Join Filter: (mi.movie_id = t.id)
                                                                          ->  Nested Loop  (cost=7.68..22193.11 rows=196 width=20) (actual time=1.529..24.367 rows=196 loops=1)
                                                                                Join Filter: (mi.info_type_id = it.id)
                                                                                ->  Seq Scan on info_type it  (cost=0.00..2.41 rows=1 width=4) (actual time=0.006..0.013 rows=1 loops=1)
                                                                                      Filter: ((info)::text = 'release dates'::text)
                                                                                      Rows Removed by Filter: 112
                                                                                ->  Nested Loop  (cost=7.68..22188.24 rows=196 width=24) (actual time=1.523..24.322 rows=196 loops=1)
                                                                                      ->  Nested Loop  (cost=7.26..21142.04 rows=374 width=12) (actual time=0.379..23.496 rows=374 loops=1)
                                                                                            ->  Nested Loop  (cost=6.83..3768.21 rows=414 width=4) (actual time=0.113..11.239 rows=414 loops=1)
                                                                                                  ->  Seq Scan on keyword k  (cost=0.00..2626.12 rows=1 width=4) (actual time=0.034..10.656 rows=1 loops=1)
                                                                                                        Filter: (keyword = 'computer-animation'::text)
                                                                                                        Rows Removed by Filter: 134169
                                                                                                  ->  Bitmap Heap Scan on movie_keyword mk  (cost=6.83..1138.99 rows=309 width=8) (actual time=0.078..0.531 rows=414 loops=1)
                                                                                                        Recheck Cond: (keyword_id = k.id)
                                                                                                        Heap Blocks: exact=358
                                                                                                        ->  Bitmap Index Scan on keyword_id_movie_keyword  (cost=0.00..6.75 rows=309 width=0) (actual time=0.042..0.042 rows=414 loops=1)
                                                                                                              Index Cond: (keyword_id = k.id)
                                                                                            ->  Index Scan using movie_id_movie_info on movie_info mi  (cost=0.43..41.95 rows=2 width=8) (actual time=0.015..0.029 rows=1 loops=414)
                                                                                                  Index Cond: (movie_id = mk.movie_id)
                                                                                                  Filter: ((info IS NOT NULL) AND ((info ~~ 'Japan:%200%'::text) OR (info ~~ 'USA:%200%'::text)))
                                                                                                  Rows Removed by Filter: 70
                                                                                      ->  Index Scan using movie_id_complete_cast on complete_cast cc  (cost=0.42..2.78 rows=2 width=12) (actual time=0.002..0.002 rows=1 loops=374)
                                                                                            Index Cond: (movie_id = mi.movie_id)
                                                                          ->  Index Scan using title_pkey on title t  (cost=0.43..2.14 rows=1 width=21) (actual time=0.002..0.002 rows=0 loops=196)
                                                                                Index Cond: (id = mk.movie_id)
                                                                                Filter: ((production_year >= 2000) AND (production_year <= 2010) AND (title = 'Shrek 2'::text))
                                                                                Rows Removed by Filter: 1
                                                                    ->  Index Scan using movie_id_movie_companies on movie_companies mc  (cost=0.43..4.81 rows=5 width=8) (actual time=0.005..0.010 rows=22 loops=2)
                                                                          Index Cond: (movie_id = mk.movie_id)
                                                              ->  Index Scan using company_name_pkey on company_name cn  (cost=0.42..2.03 rows=1 width=4) (actual time=0.002..0.002 rows=0 loops=44)
                                                                    Index Cond: (id = mc.company_id)
                                                                    Filter: ((country_code)::text = '[us]'::text)
                                                                    Rows Removed by Filter: 1
                                                        ->  Index Scan using movie_id_cast_info on cast_info ci  (cost=0.56..47.57 rows=1 width=16) (actual time=0.003..0.105 rows=38 loops=10)
                                                              Index Cond: (movie_id = mk.movie_id)
                                                              Filter: (note = ANY ('{(voice),"(voice) (uncredited)","(voice: English version)"}'::text[]))
                                                              Rows Removed by Filter: 191
                                                  ->  Index Scan using name_pkey on name n  (cost=0.43..2.35 rows=1 width=19) (actual time=0.002..0.002 rows=0 loops=380)
                                                        Index Cond: (id = ci.person_id)
                                                        Filter: ((name ~~ '%An%'::text) AND ((gender)::text = 'f'::text))
                                                        Rows Removed by Filter: 1
                                      ->  Seq Scan on comp_cast_type cct1  (cost=0.00..18.88 rows=1 width=4) (actual time=0.001..0.001 rows=1 loops=10)
                                            Filter: ((kind)::text = 'cast'::text)
                                ->  Index Only Scan using person_id_aka_name on aka_name an  (cost=0.42..2.90 rows=2 width=4) (actual time=0.002..0.004 rows=3 loops=10)
                                      Index Cond: (person_id = ci.person_id)
                                      Heap Fetches: 30
                          ->  Index Scan using person_id_person_info on person_info pi  (cost=0.43..19.49 rows=25 width=8) (actual time=0.002..0.025 rows=163 loops=30)
                                Index Cond: (person_id = an.person_id)
                    ->  Seq Scan on comp_cast_type cct2  (cost=0.00..18.88 rows=1 width=4) (actual time=0.001..0.001 rows=1 loops=4890)
                          Filter: ((kind)::text = 'complete+verified'::text)
                          Rows Removed by Filter: 3
              ->  Seq Scan on info_type it3  (cost=0.00..2.41 rows=1 width=4) (actual time=0.002..0.005 rows=1 loops=4890)
                    Filter: ((info)::text = 'trivia'::text)
                    Rows Removed by Filter: 80
        ->  Index Scan using char_name_pkey on char_name chn  (cost=0.43..2.25 rows=1 width=20) (actual time=0.001..0.001 rows=1 loops=1620)
              Index Cond: (id = ci.person_role_id)
              Filter: (name = 'Queen'::text)
Planning time: 79.197 ms
Execution time: 64.743 ms
