Aggregate  (cost=4845.21..4845.22 rows=1 width=96) (actual time=124.677..124.677 rows=1 loops=1)
  ->  Nested Loop  (cost=11.24..4845.20 rows=1 width=48) (actual time=1.775..124.270 rows=1620 loops=1)
        Join Filter: (mi.info_type_id = it.id)
        ->  Nested Loop  (cost=11.24..4842.78 rows=1 width=52) (actual time=1.770..119.650 rows=1620 loops=1)
              Join Filter: (t.id = mi.movie_id)
              ->  Nested Loop  (cost=10.81..4800.81 rows=1 width=68) (actual time=1.747..47.936 rows=810 loops=1)
                    Join Filter: (pi.info_type_id = it3.id)
                    Rows Removed by Join Filter: 1635
                    ->  Nested Loop  (cost=10.81..4798.38 rows=1 width=72) (actual time=1.611..33.623 rows=2445 loops=1)
                          ->  Nested Loop  (cost=10.39..4796.35 rows=1 width=76) (actual time=1.595..17.250 rows=10758 loops=1)
                                Join Filter: (t.id = mc.movie_id)
                                ->  Nested Loop  (cost=9.96..4791.48 rows=1 width=68) (actual time=1.588..13.406 rows=489 loops=1)
                                      Join Filter: (cc.status_id = cct2.id)
                                      ->  Nested Loop  (cost=9.96..4772.60 rows=1 width=72) (actual time=1.582..12.850 rows=489 loops=1)
                                            Join Filter: (n.id = pi.person_id)
                                            ->  Nested Loop  (cost=9.53..4752.79 rows=1 width=80) (actual time=1.575..12.669 rows=3 loops=1)
                                                  Join Filter: (cct1.id = cc.subject_id)
                                                  ->  Seq Scan on comp_cast_type cct1  (cost=0.00..18.88 rows=1 width=4) (actual time=0.005..0.006 rows=1 loops=1)
                                                        Filter: ((kind)::text = 'cast'::text)
                                                        Rows Removed by Filter: 3
                                                  ->  Nested Loop  (cost=9.53..4733.90 rows=1 width=84) (actual time=1.569..12.661 rows=3 loops=1)
                                                        Join Filter: (t.id = cc.movie_id)
                                                        ->  Nested Loop  (cost=9.11..4731.10 rows=1 width=72) (actual time=1.563..12.649 rows=3 loops=1)
                                                              ->  Nested Loop  (cost=8.68..4727.03 rows=1 width=60) (actual time=1.556..12.635 rows=3 loops=1)
                                                                    Join Filter: (n.id = an.person_id)
                                                                    ->  Nested Loop  (cost=8.25..4724.11 rows=1 width=56) (actual time=1.548..12.624 rows=1 loops=1)
                                                                          ->  Nested Loop  (cost=7.82..4721.76 rows=1 width=37) (actual time=1.540..12.572 rows=11 loops=1)
                                                                                Join Filter: (rt.id = ci.role_id)
                                                                                Rows Removed by Join Filter: 27
                                                                                ->  Seq Scan on role_type rt  (cost=0.00..18.88 rows=1 width=4) (actual time=0.003..0.005 rows=1 loops=1)
                                                                                      Filter: ((role)::text = 'actress'::text)
                                                                                      Rows Removed by Filter: 11
                                                                                ->  Nested Loop  (cost=7.82..4702.87 rows=1 width=41) (actual time=1.510..12.563 rows=38 loops=1)
                                                                                      Join Filter: (t.id = ci.movie_id)
                                                                                      ->  Nested Loop  (cost=7.26..4655.29 rows=1 width=25) (actual time=1.501..12.298 rows=1 loops=1)
                                                                                            ->  Nested Loop  (cost=6.83..3768.21 rows=414 width=4) (actual time=0.112..10.862 rows=414 loops=1)
                                                                                                  ->  Seq Scan on keyword k  (cost=0.00..2626.12 rows=1 width=4) (actual time=0.033..10.330 rows=1 loops=1)
                                                                                                        Filter: (keyword = 'computer-animation'::text)
                                                                                                        Rows Removed by Filter: 134169
                                                                                                  ->  Bitmap Heap Scan on movie_keyword mk  (cost=6.83..1138.99 rows=309 width=8) (actual time=0.077..0.487 rows=414 loops=1)
                                                                                                        Recheck Cond: (keyword_id = k.id)
                                                                                                        Heap Blocks: exact=358
                                                                                                        ->  Bitmap Index Scan on keyword_id_movie_keyword  (cost=0.00..6.75 rows=309 width=0) (actual time=0.040..0.040 rows=414 loops=1)
                                                                                                              Index Cond: (keyword_id = k.id)
                                                                                            ->  Index Scan using title_pkey on title t  (cost=0.43..2.14 rows=1 width=21) (actual time=0.003..0.003 rows=0 loops=414)
                                                                                                  Index Cond: (id = mk.movie_id)
                                                                                                  Filter: ((production_year >= 2000) AND (production_year <= 2010) AND (title = 'Shrek 2'::text))
                                                                                                  Rows Removed by Filter: 1
                                                                                      ->  Index Scan using movie_id_cast_info on cast_info ci  (cost=0.56..47.57 rows=1 width=16) (actual time=0.008..0.259 rows=38 loops=1)
                                                                                            Index Cond: (movie_id = mk.movie_id)
                                                                                            Filter: (note = ANY ('{(voice),"(voice) (uncredited)","(voice: English version)"}'::text[]))
                                                                                            Rows Removed by Filter: 191
                                                                          ->  Index Scan using name_pkey on name n  (cost=0.43..2.35 rows=1 width=19) (actual time=0.004..0.004 rows=0 loops=11)
                                                                                Index Cond: (id = ci.person_id)
                                                                                Filter: ((name ~~ '%An%'::text) AND ((gender)::text = 'f'::text))
                                                                                Rows Removed by Filter: 1
                                                                    ->  Index Only Scan using person_id_aka_name on aka_name an  (cost=0.42..2.90 rows=2 width=4) (actual time=0.007..0.010 rows=3 loops=1)
                                                                          Index Cond: (person_id = ci.person_id)
                                                                          Heap Fetches: 3
                                                              ->  Index Scan using char_name_pkey on char_name chn  (cost=0.43..2.25 rows=1 width=20) (actual time=0.004..0.004 rows=1 loops=3)
                                                                    Index Cond: (id = ci.person_role_id)
                                                                    Filter: (name = 'Queen'::text)
                                                        ->  Index Scan using movie_id_complete_cast on complete_cast cc  (cost=0.42..2.77 rows=2 width=12) (actual time=0.003..0.003 rows=1 loops=3)
                                                              Index Cond: (movie_id = mk.movie_id)
                                            ->  Index Scan using person_id_person_info on person_info pi  (cost=0.43..19.49 rows=25 width=8) (actual time=0.004..0.031 rows=163 loops=3)
                                                  Index Cond: (person_id = an.person_id)
                                      ->  Seq Scan on comp_cast_type cct2  (cost=0.00..18.88 rows=1 width=4) (actual time=0.001..0.001 rows=1 loops=489)
                                            Filter: ((kind)::text = 'complete+verified'::text)
                                            Rows Removed by Filter: 3
                                ->  Index Scan using movie_id_movie_companies on movie_companies mc  (cost=0.43..4.81 rows=5 width=8) (actual time=0.002..0.004 rows=22 loops=489)
                                      Index Cond: (movie_id = mk.movie_id)
                          ->  Index Scan using company_name_pkey on company_name cn  (cost=0.42..2.03 rows=1 width=4) (actual time=0.001..0.001 rows=0 loops=10758)
                                Index Cond: (id = mc.company_id)
                                Filter: ((country_code)::text = '[us]'::text)
                                Rows Removed by Filter: 1
                    ->  Seq Scan on info_type it3  (cost=0.00..2.41 rows=1 width=4) (actual time=0.002..0.005 rows=1 loops=2445)
                          Filter: ((info)::text = 'trivia'::text)
                          Rows Removed by Filter: 80
              ->  Index Scan using movie_id_movie_info on movie_info mi  (cost=0.43..41.95 rows=2 width=8) (actual time=0.009..0.088 rows=2 loops=810)
                    Index Cond: (movie_id = mk.movie_id)
                    Filter: ((info IS NOT NULL) AND ((info ~~ 'Japan:%200%'::text) OR (info ~~ 'USA:%200%'::text)))
                    Rows Removed by Filter: 455
        ->  Seq Scan on info_type it  (cost=0.00..2.41 rows=1 width=4) (actual time=0.002..0.002 rows=1 loops=1620)
              Filter: ((info)::text = 'release dates'::text)
              Rows Removed by Filter: 15
Planning time: 79.135 ms
Execution time: 124.799 ms
