Aggregate  (cost=24422.60..24422.61 rows=1 width=96) (actual time=149.630..149.630 rows=1 loops=1)
  ->  Nested Loop  (cost=11.24..24422.59 rows=1 width=48) (actual time=37.036..149.182 rows=1620 loops=1)
        Join Filter: (ci.role_id = rt.id)
        ->  Nested Loop  (cost=11.24..24403.71 rows=1 width=52) (actual time=37.032..147.250 rows=1620 loops=1)
              Join Filter: (cc.subject_id = cct1.id)
              ->  Nested Loop  (cost=11.24..24384.82 rows=1 width=56) (actual time=37.024..145.477 rows=1620 loops=1)
                    Join Filter: (it.id = mi.info_type_id)
                    ->  Seq Scan on info_type it  (cost=0.00..2.41 rows=1 width=4) (actual time=0.007..0.013 rows=1 loops=1)
                          Filter: ((info)::text = 'release dates'::text)
                          Rows Removed by Filter: 112
                    ->  Nested Loop  (cost=11.24..24382.39 rows=1 width=60) (actual time=37.016..145.202 rows=1620 loops=1)
                          Join Filter: (t.id = mi.movie_id)
                          ->  Nested Loop  (cost=10.81..24340.42 rows=1 width=76) (actual time=36.983..66.854 rows=810 loops=1)
                                Join Filter: (mc.movie_id = t.id)
                                ->  Nested Loop  (cost=10.38..24338.27 rows=1 width=55) (actual time=6.385..63.044 rows=2250 loops=1)
                                      Join Filter: (ci.person_id = n.id)
                                      ->  Nested Loop  (cost=9.95..24333.80 rows=2 width=52) (actual time=1.901..58.542 rows=2670 loops=1)
                                            ->  Nested Loop  (cost=9.53..24323.66 rows=5 width=56) (actual time=1.896..43.430 rows=9384 loops=1)
                                                  Join Filter: (ci.movie_id = mc.movie_id)
                                                  ->  Nested Loop  (cost=9.10..24313.92 rows=2 width=48) (actual time=1.887..39.732 rows=426 loops=1)
                                                        Join Filter: (ci.person_id = an.person_id)
                                                        ->  Nested Loop  (cost=8.67..24311.03 rows=1 width=44) (actual time=1.877..39.319 rows=118 loops=1)
                                                              Join Filter: (pi.info_type_id = it3.id)
                                                              Rows Removed by Join Filter: 215
                                                              ->  Seq Scan on info_type it3  (cost=0.00..2.41 rows=1 width=4) (actual time=0.003..0.010 rows=1 loops=1)
                                                                    Filter: ((info)::text = 'trivia'::text)
                                                                    Rows Removed by Filter: 112
                                                              ->  Nested Loop  (cost=8.67..24308.30 rows=25 width=48) (actual time=1.873..39.276 rows=333 loops=1)
                                                                    ->  Nested Loop  (cost=8.24..24288.55 rows=1 width=40) (actual time=1.864..39.147 rows=3 loops=1)
                                                                          Join Filter: (cct2.id = cc.status_id)
                                                                          Rows Removed by Join Filter: 2
                                                                          ->  Seq Scan on comp_cast_type cct2  (cost=0.00..18.88 rows=1 width=4) (actual time=0.003..0.003 rows=1 loops=1)
                                                                                Filter: ((kind)::text = 'complete+verified'::text)
                                                                                Rows Removed by Filter: 3
                                                                          ->  Nested Loop  (cost=8.24..24269.66 rows=1 width=44) (actual time=1.860..39.140 rows=5 loops=1)
                                                                                ->  Nested Loop  (cost=7.82..24266.86 rows=1 width=32) (actual time=1.853..39.112 rows=5 loops=1)
                                                                                      ->  Nested Loop  (cost=7.39..23465.03 rows=355 width=20) (actual time=0.120..28.246 rows=4371 loops=1)
                                                                                            ->  Nested Loop  (cost=6.83..3768.21 rows=414 width=4) (actual time=0.111..10.890 rows=414 loops=1)
                                                                                                  ->  Seq Scan on keyword k  (cost=0.00..2626.12 rows=1 width=4) (actual time=0.032..10.326 rows=1 loops=1)
                                                                                                        Filter: (keyword = 'computer-animation'::text)
                                                                                                        Rows Removed by Filter: 134169
                                                                                                  ->  Bitmap Heap Scan on movie_keyword mk  (cost=6.83..1138.99 rows=309 width=8) (actual time=0.077..0.513 rows=414 loops=1)
                                                                                                        Recheck Cond: (keyword_id = k.id)
                                                                                                        Heap Blocks: exact=358
                                                                                                        ->  Bitmap Index Scan on keyword_id_movie_keyword  (cost=0.00..6.75 rows=309 width=0) (actual time=0.041..0.041 rows=414 loops=1)
                                                                                                              Index Cond: (keyword_id = k.id)
                                                                                            ->  Index Scan using movie_id_cast_info on cast_info ci  (cost=0.56..47.57 rows=1 width=16) (actual time=0.011..0.041 rows=11 loops=414)
                                                                                                  Index Cond: (movie_id = mk.movie_id)
                                                                                                  Filter: (note = ANY ('{(voice),"(voice) (uncredited)","(voice: English version)"}'::text[]))
                                                                                                  Rows Removed by Filter: 33
                                                                                      ->  Index Scan using char_name_pkey on char_name chn  (cost=0.43..2.25 rows=1 width=20) (actual time=0.002..0.002 rows=0 loops=4371)
                                                                                            Index Cond: (id = ci.person_role_id)
                                                                                            Filter: (name = 'Queen'::text)
                                                                                            Rows Removed by Filter: 1
                                                                                ->  Index Scan using movie_id_complete_cast on complete_cast cc  (cost=0.42..2.77 rows=2 width=12) (actual time=0.004..0.005 rows=1 loops=5)
                                                                                      Index Cond: (movie_id = ci.movie_id)
                                                                    ->  Index Scan using person_id_person_info on person_info pi  (cost=0.43..19.50 rows=25 width=8) (actual time=0.006..0.027 rows=111 loops=3)
                                                                          Index Cond: (person_id = ci.person_id)
                                                        ->  Index Only Scan using person_id_aka_name on aka_name an  (cost=0.42..2.87 rows=2 width=4) (actual time=0.002..0.003 rows=4 loops=118)
                                                              Index Cond: (person_id = pi.person_id)
                                                              Heap Fetches: 426
                                                  ->  Index Scan using movie_id_movie_companies on movie_companies mc  (cost=0.43..4.81 rows=5 width=8) (actual time=0.002..0.005 rows=22 loops=426)
                                                        Index Cond: (movie_id = mk.movie_id)
                                            ->  Index Scan using company_name_pkey on company_name cn  (cost=0.42..2.03 rows=1 width=4) (actual time=0.001..0.001 rows=0 loops=9384)
                                                  Index Cond: (id = mc.company_id)
                                                  Filter: ((country_code)::text = '[us]'::text)
                                                  Rows Removed by Filter: 1
                                      ->  Index Scan using name_pkey on name n  (cost=0.43..2.22 rows=1 width=19) (actual time=0.001..0.001 rows=1 loops=2670)
                                            Index Cond: (id = pi.person_id)
                                            Filter: ((name ~~ '%An%'::text) AND ((gender)::text = 'f'::text))
                                            Rows Removed by Filter: 0
                                ->  Index Scan using title_pkey on title t  (cost=0.43..2.14 rows=1 width=21) (actual time=0.001..0.001 rows=0 loops=2250)
                                      Index Cond: (id = mk.movie_id)
                                      Filter: ((production_year >= 2000) AND (production_year <= 2010) AND (title = 'Shrek 2'::text))
                                      Rows Removed by Filter: 1
                          ->  Index Scan using movie_id_movie_info on movie_info mi  (cost=0.43..41.95 rows=2 width=8) (actual time=0.010..0.096 rows=2 loops=810)
                                Index Cond: (movie_id = mk.movie_id)
                                Filter: ((info IS NOT NULL) AND ((info ~~ 'Japan:%200%'::text) OR (info ~~ 'USA:%200%'::text)))
                                Rows Removed by Filter: 455
              ->  Seq Scan on comp_cast_type cct1  (cost=0.00..18.88 rows=1 width=4) (actual time=0.000..0.000 rows=1 loops=1620)
                    Filter: ((kind)::text = 'cast'::text)
        ->  Seq Scan on role_type rt  (cost=0.00..18.88 rows=1 width=4) (actual time=0.001..0.001 rows=1 loops=1620)
              Filter: ((role)::text = 'actress'::text)
              Rows Removed by Filter: 1
Planning time: 79.246 ms
Execution time: 149.755 ms
