Aggregate  (cost=4003.07..4003.08 rows=1 width=96) (actual time=950.074..950.075 rows=1 loops=1)
  ->  Nested Loop  (cost=4.85..4003.06 rows=1 width=48) (actual time=601.562..950.060 rows=15 loops=1)
        Join Filter: (pi.info_type_id = it3.id)
        Rows Removed by Join Filter: 2430
        ->  Nested Loop  (cost=4.85..4000.63 rows=1 width=52) (actual time=600.672..931.591 rows=2445 loops=1)
              Join Filter: (n.id = pi.person_id)
              ->  Nested Loop  (cost=4.42..3980.83 rows=1 width=60) (actual time=600.663..930.840 rows=15 loops=1)
                    ->  Nested Loop  (cost=4.00..3978.80 rows=1 width=64) (actual time=600.654..930.679 rows=66 loops=1)
                          Join Filter: (mi.movie_id = t.id)
                          ->  Nested Loop  (cost=3.57..3976.65 rows=1 width=67) (actual time=600.644..930.544 rows=66 loops=1)
                                ->  Nested Loop  (cost=3.15..3948.80 rows=13 width=71) (actual time=600.559..919.998 rows=7128 loops=1)
                                      Join Filter: (mi.movie_id = mk.movie_id)
                                      ->  Nested Loop  (cost=2.71..3945.23 rows=1 width=63) (actual time=600.544..917.902 rows=66 loops=1)
                                            Join Filter: (it.id = mi.info_type_id)
                                            ->  Seq Scan on info_type it  (cost=0.00..2.41 rows=1 width=4) (actual time=0.008..0.015 rows=1 loops=1)
                                                  Filter: ((info)::text = 'release dates'::text)
                                                  Rows Removed by Filter: 112
                                            ->  Nested Loop  (cost=2.71..3942.80 rows=1 width=67) (actual time=600.534..917.873 rows=66 loops=1)
                                                  ->  Nested Loop  (cost=2.28..3900.89 rows=1 width=59) (actual time=49.991..906.098 rows=181 loops=1)
                                                        Join Filter: (n.id = an.person_id)
                                                        ->  Nested Loop  (cost=1.85..3892.13 rows=3 width=55) (actual time=49.979..905.920 rows=45 loops=1)
                                                              ->  Nested Loop  (cost=1.42..3887.22 rows=1 width=47) (actual time=49.969..905.878 rows=2 loops=1)
                                                                    ->  Nested Loop  (cost=0.99..3884.87 rows=1 width=28) (actual time=12.090..905.840 rows=4 loops=1)
                                                                          ->  Nested Loop  (cost=0.56..3880.79 rows=1 width=16) (actual time=9.213..900.066 rows=1640 loops=1)
                                                                                Join Filter: (rt.id = ci.role_id)
                                                                                Rows Removed by Join Filter: 5487
                                                                                ->  Seq Scan on role_type rt  (cost=0.00..18.88 rows=1 width=4) (actual time=0.003..0.005 rows=1 loops=1)
                                                                                      Filter: ((role)::text = 'actress'::text)
                                                                                      Rows Removed by Filter: 11
                                                                                ->  Nested Loop  (cost=0.56..3861.90 rows=1 width=20) (actual time=0.115..899.455 rows=7127 loops=1)
                                                                                      ->  Nested Loop  (cost=0.00..3810.56 rows=1 width=4) (actual time=0.010..32.588 rows=17879 loops=1)
                                                                                            Join Filter: (cct2.id = cc.status_id)
                                                                                            Rows Removed by Join Filter: 68062
                                                                                            ->  Seq Scan on comp_cast_type cct2  (cost=0.00..18.88 rows=1 width=4) (actual time=0.003..0.003 rows=1 loops=1)
                                                                                                  Filter: ((kind)::text = 'complete+verified'::text)
                                                                                                  Rows Removed by Filter: 3
                                                                                            ->  Nested Loop  (cost=0.00..3789.31 rows=190 width=8) (actual time=0.007..26.301 rows=85941 loops=1)
                                                                                                  Join Filter: (cct1.id = cc.subject_id)
                                                                                                  Rows Removed by Join Filter: 49145
                                                                                                  ->  Seq Scan on comp_cast_type cct1  (cost=0.00..18.88 rows=1 width=4) (actual time=0.001..0.002 rows=1 loops=1)
                                                                                                        Filter: ((kind)::text = 'cast'::text)
                                                                                                        Rows Removed by Filter: 3
                                                                                                  ->  Seq Scan on complete_cast cc  (cost=0.00..2081.86 rows=135086 width=12) (actual time=0.006..10.331 rows=135086 loops=1)
                                                                                      ->  Index Scan using movie_id_cast_info on cast_info ci  (cost=0.56..51.33 rows=1 width=16) (actual time=0.043..0.048 rows=0 loops=17879)
                                                                                            Index Cond: (movie_id = cc.movie_id)
                                                                                            Filter: (note = ANY ('{(voice),"(voice) (uncredited)","(voice: English version)"}'::text[]))
                                                                                            Rows Removed by Filter: 55
                                                                          ->  Index Scan using char_name_pkey on char_name chn  (cost=0.43..2.25 rows=1 width=20) (actual time=0.003..0.003 rows=0 loops=1640)
                                                                                Index Cond: (id = ci.person_role_id)
                                                                                Filter: (name = 'Queen'::text)
                                                                                Rows Removed by Filter: 1
                                                                    ->  Index Scan using name_pkey on name n  (cost=0.43..2.35 rows=1 width=19) (actual time=0.008..0.008 rows=0 loops=4)
                                                                          Index Cond: (id = ci.person_id)
                                                                          Filter: ((name ~~ '%An%'::text) AND ((gender)::text = 'f'::text))
                                                                          Rows Removed by Filter: 0
                                                              ->  Index Scan using movie_id_movie_companies on movie_companies mc  (cost=0.43..4.86 rows=5 width=8) (actual time=0.008..0.015 rows=22 loops=2)
                                                                    Index Cond: (movie_id = ci.movie_id)
                                                        ->  Index Only Scan using person_id_aka_name on aka_name an  (cost=0.42..2.90 rows=2 width=4) (actual time=0.002..0.003 rows=4 loops=45)
                                                              Index Cond: (person_id = ci.person_id)
                                                              Heap Fetches: 181
                                                  ->  Index Scan using movie_id_movie_info on movie_info mi  (cost=0.43..41.90 rows=1 width=8) (actual time=0.040..0.065 rows=0 loops=181)
                                                        Index Cond: (movie_id = mc.movie_id)
                                                        Filter: (info ~~ 'USA:%200%'::text)
                                                        Rows Removed by Filter: 360
                                      ->  Index Scan using movie_id_movie_keyword on movie_keyword mk  (cost=0.43..3.00 rows=46 width=8) (actual time=0.003..0.015 rows=108 loops=66)
                                            Index Cond: (movie_id = mc.movie_id)
                                ->  Index Scan using keyword_pkey on keyword k  (cost=0.42..2.02 rows=1 width=4) (actual time=0.001..0.001 rows=0 loops=7128)
                                      Index Cond: (id = mk.keyword_id)
                                      Filter: (keyword = 'computer-animation'::text)
                                      Rows Removed by Filter: 1
                          ->  Index Scan using title_pkey on title t  (cost=0.43..2.14 rows=1 width=21) (actual time=0.002..0.002 rows=1 loops=66)
                                Index Cond: (id = mk.movie_id)
                                Filter: ((production_year >= 2000) AND (production_year <= 2005) AND (title = 'Shrek 2'::text))
                    ->  Index Scan using company_name_pkey on company_name cn  (cost=0.42..2.03 rows=1 width=4) (actual time=0.002..0.002 rows=0 loops=66)
                          Index Cond: (id = mc.company_id)
                          Filter: ((country_code)::text = '[us]'::text)
                          Rows Removed by Filter: 1
              ->  Index Scan using person_id_person_info on person_info pi  (cost=0.43..19.49 rows=25 width=8) (actual time=0.002..0.027 rows=163 loops=15)
                    Index Cond: (person_id = an.person_id)
        ->  Seq Scan on info_type it3  (cost=0.00..2.41 rows=1 width=4) (actual time=0.003..0.007 rows=1 loops=2445)
              Filter: ((info)::text = 'height'::text)
              Rows Removed by Filter: 111
Planning time: 78.437 ms
Execution time: 950.190 ms
