Aggregate  (cost=4847.76..4847.77 rows=1 width=96) (actual time=14.646..14.646 rows=1 loops=1)
  ->  Nested Loop  (cost=11.24..4847.76 rows=1 width=48) (actual time=1.906..14.637 rows=15 loops=1)
        Join Filter: (mi.info_type_id = it.id)
        ->  Nested Loop  (cost=11.24..4845.33 rows=1 width=52) (actual time=1.900..14.593 rows=15 loops=1)
              Join Filter: (cc.subject_id = cct1.id)
              ->  Nested Loop  (cost=11.24..4826.44 rows=1 width=56) (actual time=1.898..14.576 rows=15 loops=1)
                    Join Filter: (cct2.id = cc.status_id)
                    ->  Seq Scan on comp_cast_type cct2  (cost=0.00..18.88 rows=1 width=4) (actual time=0.005..0.005 rows=1 loops=1)
                          Filter: ((kind)::text = 'complete+verified'::text)
                          Rows Removed by Filter: 3
                    ->  Nested Loop  (cost=11.24..4807.56 rows=1 width=60) (actual time=1.891..14.566 rows=15 loops=1)
                          Join Filter: (t.id = cc.movie_id)
                          ->  Nested Loop  (cost=10.82..4804.76 rows=1 width=72) (actual time=1.885..14.535 rows=15 loops=1)
                                Join Filter: (ci.person_id = n.id)
                                ->  Nested Loop  (cost=10.39..4802.52 rows=1 width=69) (actual time=1.878..14.501 rows=15 loops=1)
                                      Join Filter: (t.id = mi.movie_id)
                                      ->  Nested Loop  (cost=9.96..4760.67 rows=1 width=61) (actual time=1.857..13.362 rows=15 loops=1)
                                            ->  Nested Loop  (cost=9.54..4758.64 rows=1 width=65) (actual time=1.851..13.219 rows=66 loops=1)
                                                  Join Filter: (t.id = mc.movie_id)
                                                  ->  Nested Loop  (cost=9.11..4753.77 rows=1 width=57) (actual time=1.842..13.186 rows=3 loops=1)
                                                        Join Filter: (ci.role_id = rt.id)
                                                        ->  Nested Loop  (cost=9.11..4734.88 rows=1 width=61) (actual time=1.837..13.177 rows=3 loops=1)
                                                              Join Filter: (it3.id = pi.info_type_id)
                                                              Rows Removed by Join Filter: 486
                                                              ->  Seq Scan on info_type it3  (cost=0.00..2.41 rows=1 width=4) (actual time=0.005..0.011 rows=1 loops=1)
                                                                    Filter: ((info)::text = 'height'::text)
                                                                    Rows Removed by Filter: 112
                                                              ->  Nested Loop  (cost=9.11..4732.16 rows=25 width=65) (actual time=1.789..13.139 rows=489 loops=1)
                                                                    ->  Nested Loop  (cost=8.68..4712.40 rows=1 width=57) (actual time=1.782..12.996 rows=3 loops=1)
                                                                          ->  Nested Loop  (cost=8.25..4706.07 rows=2 width=45) (actual time=1.542..12.817 rows=66 loops=1)
                                                                                ->  Nested Loop  (cost=7.82..4703.16 rows=1 width=41) (actual time=1.525..12.674 rows=38 loops=1)
                                                                                      Join Filter: (t.id = ci.movie_id)
                                                                                      ->  Nested Loop  (cost=7.26..4655.58 rows=1 width=25) (actual time=1.515..12.422 rows=1 loops=1)
                                                                                            ->  Nested Loop  (cost=6.83..3768.21 rows=414 width=4) (actual time=0.111..11.000 rows=414 loops=1)
                                                                                                  ->  Seq Scan on keyword k  (cost=0.00..2626.12 rows=1 width=4) (actual time=0.032..10.449 rows=1 loops=1)
                                                                                                        Filter: (keyword = 'computer-animation'::text)
                                                                                                        Rows Removed by Filter: 134169
                                                                                                  ->  Bitmap Heap Scan on movie_keyword mk  (cost=6.83..1138.99 rows=309 width=8) (actual time=0.077..0.506 rows=414 loops=1)
                                                                                                        Recheck Cond: (keyword_id = k.id)
                                                                                                        Heap Blocks: exact=358
                                                                                                        ->  Bitmap Index Scan on keyword_id_movie_keyword  (cost=0.00..6.75 rows=309 width=0) (actual time=0.041..0.041 rows=414 loops=1)
                                                                                                              Index Cond: (keyword_id = k.id)
                                                                                            ->  Index Scan using title_pkey on title t  (cost=0.43..2.14 rows=1 width=21) (actual time=0.003..0.003 rows=0 loops=414)
                                                                                                  Index Cond: (id = mk.movie_id)
                                                                                                  Filter: ((production_year >= 2000) AND (production_year <= 2005) AND (title = 'Shrek 2'::text))
                                                                                                  Rows Removed by Filter: 1
                                                                                      ->  Index Scan using movie_id_cast_info on cast_info ci  (cost=0.56..47.57 rows=1 width=16) (actual time=0.009..0.246 rows=38 loops=1)
                                                                                            Index Cond: (movie_id = mk.movie_id)
                                                                                            Filter: (note = ANY ('{(voice),"(voice) (uncredited)","(voice: English version)"}'::text[]))
                                                                                            Rows Removed by Filter: 191
                                                                                ->  Index Only Scan using person_id_aka_name on aka_name an  (cost=0.42..2.90 rows=2 width=4) (actual time=0.003..0.003 rows=2 loops=38)
                                                                                      Index Cond: (person_id = ci.person_id)
                                                                                      Heap Fetches: 66
                                                                          ->  Index Scan using char_name_pkey on char_name chn  (cost=0.43..2.25 rows=1 width=20) (actual time=0.003..0.003 rows=0 loops=66)
                                                                                Index Cond: (id = ci.person_role_id)
                                                                                Filter: (name = 'Queen'::text)
                                                                                Rows Removed by Filter: 1
                                                                    ->  Index Scan using person_id_person_info on person_info pi  (cost=0.43..19.50 rows=25 width=8) (actual time=0.003..0.028 rows=163 loops=3)
                                                                          Index Cond: (person_id = ci.person_id)
                                                        ->  Seq Scan on role_type rt  (cost=0.00..18.88 rows=1 width=4) (actual time=0.002..0.002 rows=1 loops=3)
                                                              Filter: ((role)::text = 'actress'::text)
                                                              Rows Removed by Filter: 1
                                                  ->  Index Scan using movie_id_movie_companies on movie_companies mc  (cost=0.43..4.81 rows=5 width=8) (actual time=0.004..0.007 rows=22 loops=3)
                                                        Index Cond: (movie_id = mk.movie_id)
                                            ->  Index Scan using company_name_pkey on company_name cn  (cost=0.42..2.03 rows=1 width=4) (actual time=0.002..0.002 rows=0 loops=66)
                                                  Index Cond: (id = mc.company_id)
                                                  Filter: ((country_code)::text = '[us]'::text)
                                                  Rows Removed by Filter: 1
                                      ->  Index Scan using movie_id_movie_info on movie_info mi  (cost=0.43..41.84 rows=1 width=8) (actual time=0.009..0.076 rows=1 loops=15)
                                            Index Cond: (movie_id = mk.movie_id)
                                            Filter: (info ~~ 'USA:%200%'::text)
                                            Rows Removed by Filter: 456
                                ->  Index Scan using name_pkey on name n  (cost=0.43..2.22 rows=1 width=19) (actual time=0.002..0.002 rows=1 loops=15)
                                      Index Cond: (id = pi.person_id)
                                      Filter: ((name ~~ '%An%'::text) AND ((gender)::text = 'f'::text))
                          ->  Index Scan using movie_id_complete_cast on complete_cast cc  (cost=0.42..2.77 rows=2 width=12) (actual time=0.001..0.002 rows=1 loops=15)
                                Index Cond: (movie_id = mk.movie_id)
              ->  Seq Scan on comp_cast_type cct1  (cost=0.00..18.88 rows=1 width=4) (actual time=0.000..0.000 rows=1 loops=15)
                    Filter: ((kind)::text = 'cast'::text)
        ->  Seq Scan on info_type it  (cost=0.00..2.41 rows=1 width=4) (actual time=0.002..0.002 rows=1 loops=15)
              Filter: ((info)::text = 'release dates'::text)
              Rows Removed by Filter: 15
Planning time: 79.529 ms
Execution time: 14.771 ms
