Aggregate  (cost=12682.97..12682.98 rows=1 width=96) (actual time=22.991..22.991 rows=1 loops=1)
  ->  Nested Loop  (cost=11.24..12682.96 rows=1 width=48) (actual time=7.586..22.983 rows=15 loops=1)
        Join Filter: (cc.status_id = cct2.id)
        ->  Nested Loop  (cost=11.24..12664.08 rows=1 width=52) (actual time=7.584..22.966 rows=15 loops=1)
              Join Filter: (mi.movie_id = t.id)
              ->  Nested Loop  (cost=10.81..12661.92 rows=1 width=55) (actual time=7.580..22.884 rows=45 loops=1)
                    Join Filter: (mi.info_type_id = it.id)
                    ->  Nested Loop  (cost=10.81..12659.50 rows=1 width=59) (actual time=7.576..22.758 rows=45 loops=1)
                          Join Filter: (cc.subject_id = cct1.id)
                          ->  Nested Loop  (cost=10.81..12640.61 rows=1 width=63) (actual time=7.573..22.710 rows=45 loops=1)
                                Join Filter: (it3.id = pi.info_type_id)
                                Rows Removed by Join Filter: 7290
                                ->  Seq Scan on info_type it3  (cost=0.00..2.41 rows=1 width=4) (actual time=0.006..0.011 rows=1 loops=1)
                                      Filter: ((info)::text = 'height'::text)
                                      Rows Removed by Filter: 112
                                ->  Nested Loop  (cost=10.81..12637.80 rows=32 width=67) (actual time=7.528..22.303 rows=7335 loops=1)
                                      Join Filter: (n.id = pi.person_id)
                                      ->  Nested Loop  (cost=10.38..11746.55 rows=45 width=75) (actual time=7.524..20.245 rows=45 loops=1)
                                            ->  Nested Loop  (cost=9.96..11235.83 rows=252 width=79) (actual time=7.520..19.820 rows=252 loops=1)
                                                  Join Filter: (mi.movie_id = mc.movie_id)
                                                  ->  Nested Loop  (cost=9.53..11191.99 rows=9 width=71) (actual time=7.516..19.723 rows=9 loops=1)
                                                        Join Filter: (ci.movie_id = mi.movie_id)
                                                        ->  Nested Loop  (cost=9.10..10731.58 rows=11 width=63) (actual time=0.667..19.009 rows=11 loops=1)
                                                              Join Filter: (n.id = an.person_id)
                                                              ->  Nested Loop  (cost=8.67..10722.81 rows=3 width=59) (actual time=0.661..18.990 rows=3 loops=1)
                                                                    ->  Nested Loop  (cost=8.24..10711.08 rows=5 width=40) (actual time=0.431..18.968 rows=5 loops=1)
                                                                          ->  Nested Loop  (cost=7.81..9253.45 rows=646 width=28) (actual time=0.196..17.559 rows=646 loops=1)
                                                                                Join Filter: (rt.id = ci.role_id)
                                                                                Rows Removed by Join Filter: 1620
                                                                                ->  Seq Scan on role_type rt  (cost=0.00..18.88 rows=1 width=4) (actual time=0.002..0.003 rows=1 loops=1)
                                                                                      Filter: ((role)::text = 'actress'::text)
                                                                                      Rows Removed by Filter: 11
                                                                                ->  Nested Loop  (cost=7.81..9206.25 rows=2266 width=32) (actual time=0.151..17.374 rows=2266 loops=1)
                                                                                      ->  Nested Loop  (cost=7.25..4924.33 rows=90 width=16) (actual time=0.144..9.780 rows=90 loops=1)
                                                                                            ->  Nested Loop  (cost=6.83..3768.21 rows=414 width=4) (actual time=0.098..9.107 rows=414 loops=1)
                                                                                                  ->  Seq Scan on keyword k  (cost=0.00..2626.12 rows=1 width=4) (actual time=0.027..8.711 rows=1 loops=1)
                                                                                                        Filter: (keyword = 'computer-animation'::text)
                                                                                                        Rows Removed by Filter: 134169
                                                                                                  ->  Bitmap Heap Scan on movie_keyword mk  (cost=6.83..1138.99 rows=309 width=8) (actual time=0.070..0.349 rows=414 loops=1)
                                                                                                        Recheck Cond: (keyword_id = k.id)
                                                                                                        Heap Blocks: exact=358
                                                                                                        ->  Bitmap Index Scan on keyword_id_movie_keyword  (cost=0.00..6.75 rows=309 width=0) (actual time=0.034..0.034 rows=414 loops=1)
                                                                                                              Index Cond: (keyword_id = k.id)
                                                                                            ->  Index Scan using movie_id_complete_cast on complete_cast cc  (cost=0.42..2.77 rows=2 width=12) (actual time=0.001..0.001 rows=0 loops=414)
                                                                                                  Index Cond: (movie_id = mk.movie_id)
                                                                                      ->  Index Scan using movie_id_cast_info on cast_info ci  (cost=0.56..47.57 rows=1 width=16) (actual time=0.010..0.081 rows=25 loops=90)
                                                                                            Index Cond: (movie_id = mk.movie_id)
                                                                                            Filter: (note = ANY ('{(voice),"(voice) (uncredited)","(voice: English version)"}'::text[]))
                                                                                            Rows Removed by Filter: 90
                                                                          ->  Index Scan using char_name_pkey on char_name chn  (cost=0.43..2.25 rows=1 width=20) (actual time=0.002..0.002 rows=0 loops=646)
                                                                                Index Cond: (id = ci.person_role_id)
                                                                                Filter: (name = 'Queen'::text)
                                                                                Rows Removed by Filter: 1
                                                                    ->  Index Scan using name_pkey on name n  (cost=0.43..2.35 rows=1 width=19) (actual time=0.004..0.004 rows=1 loops=5)
                                                                          Index Cond: (id = ci.person_id)
                                                                          Filter: ((name ~~ '%An%'::text) AND ((gender)::text = 'f'::text))
                                                                          Rows Removed by Filter: 0
                                                              ->  Index Only Scan using person_id_aka_name on aka_name an  (cost=0.42..2.90 rows=2 width=4) (actual time=0.004..0.005 rows=4 loops=3)
                                                                    Index Cond: (person_id = ci.person_id)
                                                                    Heap Fetches: 11
                                                        ->  Index Scan using movie_id_movie_info on movie_info mi  (cost=0.43..41.84 rows=1 width=8) (actual time=0.033..0.065 rows=1 loops=11)
                                                              Index Cond: (movie_id = mk.movie_id)
                                                              Filter: (info ~~ 'USA:%200%'::text)
                                                              Rows Removed by Filter: 351
                                                  ->  Index Scan using movie_id_movie_companies on movie_companies mc  (cost=0.43..4.81 rows=5 width=8) (actual time=0.002..0.006 rows=28 loops=9)
                                                        Index Cond: (movie_id = mk.movie_id)
                                            ->  Index Scan using company_name_pkey on company_name cn  (cost=0.42..2.03 rows=1 width=4) (actual time=0.002..0.002 rows=0 loops=252)
                                                  Index Cond: (id = mc.company_id)
                                                  Filter: ((country_code)::text = '[us]'::text)
                                                  Rows Removed by Filter: 1
                                      ->  Index Scan using person_id_person_info on person_info pi  (cost=0.43..19.49 rows=25 width=8) (actual time=0.001..0.022 rows=163 loops=45)
                                            Index Cond: (person_id = an.person_id)
                          ->  Seq Scan on comp_cast_type cct1  (cost=0.00..18.88 rows=1 width=4) (actual time=0.000..0.000 rows=1 loops=45)
                                Filter: ((kind)::text = 'cast'::text)
                    ->  Seq Scan on info_type it  (cost=0.00..2.41 rows=1 width=4) (actual time=0.002..0.002 rows=1 loops=45)
                          Filter: ((info)::text = 'release dates'::text)
                          Rows Removed by Filter: 15
              ->  Index Scan using title_pkey on title t  (cost=0.43..2.14 rows=1 width=21) (actual time=0.002..0.002 rows=0 loops=45)
                    Index Cond: (id = mk.movie_id)
                    Filter: ((production_year >= 2000) AND (production_year <= 2005) AND (title = 'Shrek 2'::text))
                    Rows Removed by Filter: 1
        ->  Seq Scan on comp_cast_type cct2  (cost=0.00..18.88 rows=1 width=4) (actual time=0.001..0.001 rows=1 loops=15)
              Filter: ((kind)::text = 'complete+verified'::text)
              Rows Removed by Filter: 3
Planning time: 79.088 ms
Execution time: 23.084 ms
