Aggregate  (cost=8140.66..8140.67 rows=1 width=96) (actual time=15.590..15.590 rows=1 loops=1)
  ->  Nested Loop  (cost=11.24..8140.65 rows=1 width=48) (actual time=1.096..15.582 rows=15 loops=1)
        Join Filter: (ci.person_id = n.id)
        ->  Nested Loop  (cost=10.81..8138.41 rows=1 width=45) (actual time=1.091..15.553 rows=15 loops=1)
              Join Filter: (cct2.id = cc.status_id)
              ->  Seq Scan on comp_cast_type cct2  (cost=0.00..18.88 rows=1 width=4) (actual time=0.004..0.004 rows=1 loops=1)
                    Filter: ((kind)::text = 'complete+verified'::text)
                    Rows Removed by Filter: 3
              ->  Nested Loop  (cost=10.81..8119.35 rows=15 width=49) (actual time=1.087..15.546 rows=15 loops=1)
                    Join Filter: (cct1.id = cc.subject_id)
                    ->  Seq Scan on comp_cast_type cct1  (cost=0.00..18.88 rows=1 width=4) (actual time=0.001..0.002 rows=1 loops=1)
                          Filter: ((kind)::text = 'cast'::text)
                          Rows Removed by Filter: 3
                    ->  Nested Loop  (cost=10.81..8100.29 rows=15 width=53) (actual time=1.086..15.541 rows=15 loops=1)
                          Join Filter: (t.id = cc.movie_id)
                          ->  Nested Loop  (cost=10.39..8058.33 rows=15 width=65) (actual time=1.082..15.512 rows=15 loops=1)
                                Join Filter: (mi.info_type_id = it.id)
                                ->  Seq Scan on info_type it  (cost=0.00..2.41 rows=1 width=4) (actual time=0.004..0.009 rows=1 loops=1)
                                      Filter: ((info)::text = 'release dates'::text)
                                      Rows Removed by Filter: 112
                                ->  Nested Loop  (cost=10.39..8055.73 rows=15 width=69) (actual time=1.078..15.500 rows=15 loops=1)
                                      Join Filter: (t.id = mi.movie_id)
                                      ->  Nested Loop  (cost=9.96..7427.89 rows=15 width=61) (actual time=1.065..14.395 rows=15 loops=1)
                                            ->  Nested Loop  (cost=9.53..7257.05 rows=75 width=49) (actual time=1.061..14.267 rows=75 loops=1)
                                                  Join Filter: (pi.info_type_id = it3.id)
                                                  Rows Removed by Join Filter: 10200
                                                  ->  Seq Scan on info_type it3  (cost=0.00..2.41 rows=1 width=4) (actual time=0.003..0.009 rows=1 loops=1)
                                                        Filter: ((info)::text = 'height'::text)
                                                        Rows Removed by Filter: 112
                                                  ->  Nested Loop  (cost=9.53..7126.20 rows=10275 width=53) (actual time=1.022..13.706 rows=10275 loops=1)
                                                        ->  Nested Loop  (cost=9.10..5545.91 rows=80 width=45) (actual time=1.019..11.084 rows=80 loops=1)
                                                              ->  Nested Loop  (cost=8.68..4832.52 rows=352 width=49) (actual time=1.015..10.530 rows=352 loops=1)
                                                                    Join Filter: (t.id = mc.movie_id)
                                                                    ->  Nested Loop  (cost=8.25..4754.58 rows=16 width=41) (actual time=1.011..10.400 rows=16 loops=1)
                                                                          ->  Nested Loop  (cost=7.82..4722.51 rows=11 width=37) (actual time=1.006..10.364 rows=11 loops=1)
                                                                                Join Filter: (rt.id = ci.role_id)
                                                                                Rows Removed by Join Filter: 27
                                                                                ->  Seq Scan on role_type rt  (cost=0.00..18.88 rows=1 width=4) (actual time=0.002..0.003 rows=1 loops=1)
                                                                                      Filter: ((role)::text = 'actress'::text)
                                                                                      Rows Removed by Filter: 11
                                                                                ->  Nested Loop  (cost=7.82..4703.16 rows=38 width=41) (actual time=0.987..10.357 rows=38 loops=1)
                                                                                      Join Filter: (t.id = ci.movie_id)
                                                                                      ->  Nested Loop  (cost=7.26..4655.58 rows=1 width=25) (actual time=0.981..10.221 rows=1 loops=1)
                                                                                            ->  Nested Loop  (cost=6.83..3768.21 rows=414 width=4) (actual time=0.097..9.340 rows=414 loops=1)
                                                                                                  ->  Seq Scan on keyword k  (cost=0.00..2626.12 rows=1 width=4) (actual time=0.027..8.981 rows=1 loops=1)
                                                                                                        Filter: (keyword = 'computer-animation'::text)
                                                                                                        Rows Removed by Filter: 134169
                                                                                                  ->  Bitmap Heap Scan on movie_keyword mk  (cost=6.83..1138.99 rows=309 width=8) (actual time=0.070..0.316 rows=414 loops=1)
                                                                                                        Recheck Cond: (keyword_id = k.id)
                                                                                                        Heap Blocks: exact=358
                                                                                                        ->  Bitmap Index Scan on keyword_id_movie_keyword  (cost=0.00..6.75 rows=309 width=0) (actual time=0.034..0.034 rows=414 loops=1)
                                                                                                              Index Cond: (keyword_id = k.id)
                                                                                            ->  Index Scan using title_pkey on title t  (cost=0.43..2.14 rows=1 width=21) (actual time=0.002..0.002 rows=0 loops=414)
                                                                                                  Index Cond: (id = mk.movie_id)
                                                                                                  Filter: ((production_year >= 2000) AND (production_year <= 2005) AND (title = 'Shrek 2'::text))
                                                                                                  Rows Removed by Filter: 1
                                                                                      ->  Index Scan using movie_id_cast_info on cast_info ci  (cost=0.56..47.57 rows=1 width=16) (actual time=0.006..0.130 rows=38 loops=1)
                                                                                            Index Cond: (movie_id = mk.movie_id)
                                                                                            Filter: (note = ANY ('{(voice),"(voice) (uncredited)","(voice: English version)"}'::text[]))
                                                                                            Rows Removed by Filter: 191
                                                                          ->  Index Only Scan using person_id_aka_name on aka_name an  (cost=0.42..2.90 rows=2 width=4) (actual time=0.002..0.003 rows=1 loops=11)
                                                                                Index Cond: (person_id = ci.person_id)
                                                                                Heap Fetches: 16
                                                                    ->  Index Scan using movie_id_movie_companies on movie_companies mc  (cost=0.43..4.81 rows=5 width=8) (actual time=0.002..0.005 rows=22 loops=16)
                                                                          Index Cond: (movie_id = mk.movie_id)
                                                              ->  Index Scan using company_name_pkey on company_name cn  (cost=0.42..2.03 rows=1 width=4) (actual time=0.001..0.001 rows=0 loops=352)
                                                                    Index Cond: (id = mc.company_id)
                                                                    Filter: ((country_code)::text = '[us]'::text)
                                                                    Rows Removed by Filter: 1
                                                        ->  Index Scan using person_id_person_info on person_info pi  (cost=0.43..19.50 rows=25 width=8) (actual time=0.002..0.018 rows=128 loops=80)
                                                              Index Cond: (person_id = ci.person_id)
                                            ->  Index Scan using char_name_pkey on char_name chn  (cost=0.43..2.25 rows=1 width=20) (actual time=0.002..0.002 rows=0 loops=75)
                                                  Index Cond: (id = ci.person_role_id)
                                                  Filter: (name = 'Queen'::text)
                                                  Rows Removed by Filter: 1
                                      ->  Index Scan using movie_id_movie_info on movie_info mi  (cost=0.43..41.84 rows=1 width=8) (actual time=0.008..0.073 rows=1 loops=15)
                                            Index Cond: (movie_id = mk.movie_id)
                                            Filter: (info ~~ 'USA:%200%'::text)
                                            Rows Removed by Filter: 456
                          ->  Index Scan using movie_id_complete_cast on complete_cast cc  (cost=0.42..2.77 rows=2 width=12) (actual time=0.001..0.002 rows=1 loops=15)
                                Index Cond: (movie_id = mk.movie_id)
        ->  Index Scan using name_pkey on name n  (cost=0.43..2.22 rows=1 width=19) (actual time=0.002..0.002 rows=1 loops=15)
              Index Cond: (id = pi.person_id)
              Filter: ((name ~~ '%An%'::text) AND ((gender)::text = 'f'::text))
Planning time: 78.553 ms
Execution time: 15.681 ms
