Aggregate  (cost=4051.97..4051.98 rows=1 width=96) (actual time=14.112..14.112 rows=1 loops=1)
  ->  Nested Loop  (cost=11.24..4051.96 rows=1 width=48) (actual time=1.684..14.103 rows=15 loops=1)
        Join Filter: (cct1.id = cc.subject_id)
        ->  Nested Loop  (cost=11.24..4033.04 rows=1 width=52) (actual time=1.682..14.087 rows=15 loops=1)
              Join Filter: (cct2.id = cc.status_id)
              ->  Nested Loop  (cost=11.24..4014.11 rows=1 width=56) (actual time=1.680..14.066 rows=15 loops=1)
                    Join Filter: (t.id = cc.movie_id)
                    ->  Nested Loop  (cost=10.82..4011.32 rows=1 width=68) (actual time=1.674..14.032 rows=15 loops=1)
                          Join Filter: (mi.info_type_id = it.id)
                          ->  Nested Loop  (cost=10.82..4008.89 rows=1 width=72) (actual time=1.669..13.981 rows=15 loops=1)
                                Join Filter: (t.id = mi.movie_id)
                                ->  Nested Loop  (cost=10.39..3967.04 rows=1 width=64) (actual time=1.649..12.687 rows=15 loops=1)
                                      ->  Nested Loop  (cost=9.97..3965.01 rows=1 width=68) (actual time=1.644..12.536 rows=66 loops=1)
                                            Join Filter: (t.id = mc.movie_id)
                                            ->  Nested Loop  (cost=9.54..3960.14 rows=1 width=60) (actual time=1.636..12.500 rows=3 loops=1)
                                                  Join Filter: (ci.person_id = n.id)
                                                  ->  Nested Loop  (cost=9.11..3957.90 rows=1 width=57) (actual time=1.629..12.487 rows=3 loops=1)
                                                        Join Filter: (it3.id = pi.info_type_id)
                                                        Rows Removed by Join Filter: 486
                                                        ->  Seq Scan on info_type it3  (cost=0.00..2.41 rows=1 width=4) (actual time=0.007..0.012 rows=1 loops=1)
                                                              Filter: ((info)::text = 'height'::text)
                                                              Rows Removed by Filter: 112
                                                        ->  Nested Loop  (cost=9.11..3954.88 rows=49 width=61) (actual time=1.574..12.445 rows=489 loops=1)
                                                              ->  Nested Loop  (cost=8.68..3915.35 rows=2 width=53) (actual time=1.568..12.287 rows=3 loops=1)
                                                                    ->  Nested Loop  (cost=8.25..3912.44 rows=1 width=49) (actual time=1.561..12.278 rows=1 loops=1)
                                                                          ->  Nested Loop  (cost=7.82..3908.35 rows=1 width=37) (actual time=1.555..12.227 rows=11 loops=1)
                                                                                Join Filter: (rt.id = ci.role_id)
                                                                                Rows Removed by Join Filter: 27
                                                                                ->  Nested Loop  (cost=7.82..3889.42 rows=1 width=41) (actual time=1.479..12.166 rows=38 loops=1)
                                                                                      Join Filter: (t.id = ci.movie_id)
                                                                                      ->  Nested Loop  (cost=7.26..3841.84 rows=1 width=25) (actual time=1.470..11.943 rows=1 loops=1)
                                                                                            ->  Nested Loop  (cost=6.83..3768.21 rows=34 width=4) (actual time=0.110..10.589 rows=414 loops=1)
                                                                                                  ->  Seq Scan on keyword k  (cost=0.00..2626.12 rows=1 width=4) (actual time=0.033..10.068 rows=1 loops=1)
                                                                                                        Filter: (keyword = 'computer-animation'::text)
                                                                                                        Rows Removed by Filter: 134169
                                                                                                  ->  Bitmap Heap Scan on movie_keyword mk  (cost=6.83..1138.99 rows=309 width=8) (actual time=0.076..0.466 rows=414 loops=1)
                                                                                                        Recheck Cond: (keyword_id = k.id)
                                                                                                        Heap Blocks: exact=358
                                                                                                        ->  Bitmap Index Scan on keyword_id_movie_keyword  (cost=0.00..6.75 rows=309 width=0) (actual time=0.040..0.040 rows=414 loops=1)
                                                                                                              Index Cond: (keyword_id = k.id)
                                                                                            ->  Index Scan using title_pkey on title t  (cost=0.43..2.14 rows=1 width=21) (actual time=0.003..0.003 rows=0 loops=414)
                                                                                                  Index Cond: (id = mk.movie_id)
                                                                                                  Filter: ((production_year >= 2000) AND (production_year <= 2005) AND (title = 'Shrek 2'::text))
                                                                                                  Rows Removed by Filter: 1
                                                                                      ->  Index Scan using movie_id_cast_info on cast_info ci  (cost=0.56..47.57 rows=1 width=16) (actual time=0.009..0.216 rows=38 loops=1)
                                                                                            Index Cond: (movie_id = mk.movie_id)
                                                                                            Filter: (note = ANY ('{(voice),"(voice) (uncredited)","(voice: English version)"}'::text[]))
                                                                                            Rows Removed by Filter: 191
                                                                                ->  Seq Scan on role_type rt  (cost=0.00..18.88 rows=4 width=4) (actual time=0.001..0.001 rows=1 loops=38)
                                                                                      Filter: ((role)::text = 'actress'::text)
                                                                                      Rows Removed by Filter: 8
                                                                          ->  Index Scan using char_name_pkey on char_name chn  (cost=0.43..2.26 rows=1 width=20) (actual time=0.004..0.004 rows=0 loops=11)
                                                                                Index Cond: (id = ci.person_role_id)
                                                                                Filter: (name = 'Queen'::text)
                                                                                Rows Removed by Filter: 1
                                                                    ->  Index Only Scan using person_id_aka_name on aka_name an  (cost=0.42..2.90 rows=2 width=4) (actual time=0.006..0.008 rows=3 loops=1)
                                                                          Index Cond: (person_id = ci.person_id)
                                                                          Heap Fetches: 3
                                                              ->  Index Scan using person_id_person_info on person_info pi  (cost=0.43..19.51 rows=25 width=8) (actual time=0.003..0.031 rows=163 loops=3)
                                                                    Index Cond: (person_id = ci.person_id)
                                                  ->  Index Scan using name_pkey on name n  (cost=0.43..2.22 rows=1 width=19) (actual time=0.004..0.004 rows=1 loops=3)
                                                        Index Cond: (id = pi.person_id)
                                                        Filter: ((name ~~ '%An%'::text) AND ((gender)::text = 'f'::text))
                                            ->  Index Scan using movie_id_movie_companies on movie_companies mc  (cost=0.43..4.81 rows=5 width=8) (actual time=0.004..0.008 rows=22 loops=3)
                                                  Index Cond: (movie_id = mk.movie_id)
                                      ->  Index Scan using company_name_pkey on company_name cn  (cost=0.42..2.03 rows=1 width=4) (actual time=0.002..0.002 rows=0 loops=66)
                                            Index Cond: (id = mc.company_id)
                                            Filter: ((country_code)::text = '[us]'::text)
                                            Rows Removed by Filter: 1
                                ->  Index Scan using movie_id_movie_info on movie_info mi  (cost=0.43..41.84 rows=1 width=8) (actual time=0.010..0.086 rows=1 loops=15)
                                      Index Cond: (movie_id = mk.movie_id)
                                      Filter: (info ~~ 'USA:%200%'::text)
                                      Rows Removed by Filter: 456
                          ->  Seq Scan on info_type it  (cost=0.00..2.41 rows=1 width=4) (actual time=0.003..0.003 rows=1 loops=15)
                                Filter: ((info)::text = 'release dates'::text)
                                Rows Removed by Filter: 15
                    ->  Index Scan using movie_id_complete_cast on complete_cast cc  (cost=0.42..2.77 rows=2 width=12) (actual time=0.002..0.002 rows=1 loops=15)
                          Index Cond: (movie_id = mk.movie_id)
              ->  Seq Scan on comp_cast_type cct2  (cost=0.00..18.88 rows=4 width=4) (actual time=0.001..0.001 rows=1 loops=15)
                    Filter: ((kind)::text = 'complete+verified'::text)
                    Rows Removed by Filter: 3
        ->  Seq Scan on comp_cast_type cct1  (cost=0.00..18.88 rows=4 width=4) (actual time=0.000..0.000 rows=1 loops=15)
              Filter: ((kind)::text = 'cast'::text)
Planning time: 78.644 ms
Execution time: 14.218 ms
