Aggregate  (cost=4904.77..4904.78 rows=1 width=96) (actual time=18.331..18.331 rows=1 loops=1)
  ->  Nested Loop  (cost=11.24..4904.76 rows=1 width=48) (actual time=1.806..18.322 rows=15 loops=1)
        Join Filter: (n.id = an.person_id)
        ->  Nested Loop  (cost=10.82..4901.86 rows=1 width=60) (actual time=1.799..18.299 rows=5 loops=1)
              Join Filter: (ci.person_id = n.id)
              ->  Nested Loop  (cost=10.39..4899.63 rows=1 width=41) (actual time=1.793..18.283 rows=5 loops=1)
                    ->  Nested Loop  (cost=9.97..4897.60 rows=1 width=45) (actual time=1.788..18.213 rows=22 loops=1)
                          Join Filter: (it3.id = pi.info_type_id)
                          Rows Removed by Join Filter: 3564
                          ->  Seq Scan on info_type it3  (cost=0.00..2.41 rows=1 width=4) (actual time=0.007..0.012 rows=1 loops=1)
                                Filter: ((info)::text = 'height'::text)
                                Rows Removed by Filter: 112
                          ->  Nested Loop  (cost=9.97..4894.87 rows=25 width=49) (actual time=1.742..17.996 rows=3586 loops=1)
                                ->  Nested Loop  (cost=9.54..4875.12 rows=1 width=41) (actual time=1.738..17.058 rows=22 loops=1)
                                      Join Filter: (ci.role_id = rt.id)
                                      ->  Nested Loop  (cost=9.54..4856.23 rows=1 width=45) (actual time=1.735..17.028 rows=22 loops=1)
                                            ->  Nested Loop  (cost=9.11..4852.16 rows=1 width=33) (actual time=1.571..15.382 rows=836 loops=1)
                                                  Join Filter: (cc.subject_id = cct1.id)
                                                  ->  Nested Loop  (cost=9.11..4833.27 rows=1 width=37) (actual time=1.568..14.656 rows=836 loops=1)
                                                        Join Filter: (t.id = ci.movie_id)
                                                        ->  Nested Loop  (cost=8.54..4785.69 rows=1 width=45) (actual time=1.558..12.318 rows=22 loops=1)
                                                              Join Filter: (cct2.id = cc.status_id)
                                                              ->  Seq Scan on comp_cast_type cct2  (cost=0.00..18.88 rows=1 width=4) (actual time=0.003..0.003 rows=1 loops=1)
                                                                    Filter: ((kind)::text = 'complete+verified'::text)
                                                                    Rows Removed by Filter: 3
                                                              ->  Nested Loop  (cost=8.54..4766.54 rows=22 width=49) (actual time=1.555..12.310 rows=22 loops=1)
                                                                    Join Filter: (t.id = cc.movie_id)
                                                                    ->  Nested Loop  (cost=8.12..4704.99 rows=22 width=37) (actual time=1.550..12.261 rows=22 loops=1)
                                                                          Join Filter: (mi.info_type_id = it.id)
                                                                          ->  Seq Scan on info_type it  (cost=0.00..2.41 rows=1 width=4) (actual time=0.003..0.010 rows=1 loops=1)
                                                                                Filter: ((info)::text = 'release dates'::text)
                                                                                Rows Removed by Filter: 112
                                                                          ->  Nested Loop  (cost=8.12..4702.30 rows=22 width=41) (actual time=1.546..12.245 rows=22 loops=1)
                                                                                Join Filter: (t.id = mc.movie_id)
                                                                                ->  Nested Loop  (cost=7.69..4697.43 rows=1 width=33) (actual time=1.540..12.229 rows=1 loops=1)
                                                                                      Join Filter: (t.id = mi.movie_id)
                                                                                      ->  Nested Loop  (cost=7.26..4655.58 rows=1 width=25) (actual time=1.523..12.128 rows=1 loops=1)
                                                                                            ->  Nested Loop  (cost=6.83..3768.21 rows=414 width=4) (actual time=0.109..10.670 rows=414 loops=1)
                                                                                                  ->  Seq Scan on keyword k  (cost=0.00..2626.12 rows=1 width=4) (actual time=0.032..10.189 rows=1 loops=1)
                                                                                                        Filter: (keyword = 'computer-animation'::text)
                                                                                                        Rows Removed by Filter: 134169
                                                                                                  ->  Bitmap Heap Scan on movie_keyword mk  (cost=6.83..1138.99 rows=309 width=8) (actual time=0.075..0.437 rows=414 loops=1)
                                                                                                        Recheck Cond: (keyword_id = k.id)
                                                                                                        Heap Blocks: exact=358
                                                                                                        ->  Bitmap Index Scan on keyword_id_movie_keyword  (cost=0.00..6.75 rows=309 width=0) (actual time=0.039..0.039 rows=414 loops=1)
                                                                                                              Index Cond: (keyword_id = k.id)
                                                                                            ->  Index Scan using title_pkey on title t  (cost=0.43..2.14 rows=1 width=21) (actual time=0.003..0.003 rows=0 loops=414)
                                                                                                  Index Cond: (id = mk.movie_id)
                                                                                                  Filter: ((production_year >= 2000) AND (production_year <= 2005) AND (title = 'Shrek 2'::text))
                                                                                                  Rows Removed by Filter: 1
                                                                                      ->  Index Scan using movie_id_movie_info on movie_info mi  (cost=0.43..41.84 rows=1 width=8) (actual time=0.016..0.100 rows=1 loops=1)
                                                                                            Index Cond: (movie_id = mk.movie_id)
                                                                                            Filter: (info ~~ 'USA:%200%'::text)
                                                                                            Rows Removed by Filter: 456
                                                                                ->  Index Scan using movie_id_movie_companies on movie_companies mc  (cost=0.43..4.81 rows=5 width=8) (actual time=0.005..0.011 rows=22 loops=1)
                                                                                      Index Cond: (movie_id = mk.movie_id)
                                                                    ->  Index Scan using movie_id_complete_cast on complete_cast cc  (cost=0.42..2.77 rows=2 width=12) (actual time=0.002..0.002 rows=1 loops=22)
                                                                          Index Cond: (movie_id = mk.movie_id)
                                                        ->  Index Scan using movie_id_cast_info on cast_info ci  (cost=0.56..47.57 rows=1 width=16) (actual time=0.003..0.101 rows=38 loops=22)
                                                              Index Cond: (movie_id = mk.movie_id)
                                                              Filter: (note = ANY ('{(voice),"(voice) (uncredited)","(voice: English version)"}'::text[]))
                                                              Rows Removed by Filter: 191
                                                  ->  Seq Scan on comp_cast_type cct1  (cost=0.00..18.88 rows=1 width=4) (actual time=0.000..0.000 rows=1 loops=836)
                                                        Filter: ((kind)::text = 'cast'::text)
                                            ->  Index Scan using char_name_pkey on char_name chn  (cost=0.43..2.25 rows=1 width=20) (actual time=0.002..0.002 rows=0 loops=836)
                                                  Index Cond: (id = ci.person_role_id)
                                                  Filter: (name = 'Queen'::text)
                                                  Rows Removed by Filter: 1
                                      ->  Seq Scan on role_type rt  (cost=0.00..18.88 rows=1 width=4) (actual time=0.001..0.001 rows=1 loops=22)
                                            Filter: ((role)::text = 'actress'::text)
                                            Rows Removed by Filter: 1
                                ->  Index Scan using person_id_person_info on person_info pi  (cost=0.43..19.50 rows=25 width=8) (actual time=0.002..0.024 rows=163 loops=22)
                                      Index Cond: (person_id = ci.person_id)
                    ->  Index Scan using company_name_pkey on company_name cn  (cost=0.42..2.03 rows=1 width=4) (actual time=0.003..0.003 rows=0 loops=22)
                          Index Cond: (id = mc.company_id)
                          Filter: ((country_code)::text = '[us]'::text)
                          Rows Removed by Filter: 1
              ->  Index Scan using name_pkey on name n  (cost=0.43..2.22 rows=1 width=19) (actual time=0.003..0.003 rows=1 loops=5)
                    Index Cond: (id = pi.person_id)
                    Filter: ((name ~~ '%An%'::text) AND ((gender)::text = 'f'::text))
        ->  Index Only Scan using person_id_aka_name on aka_name an  (cost=0.42..2.87 rows=2 width=4) (actual time=0.003..0.004 rows=3 loops=5)
              Index Cond: (person_id = pi.person_id)
              Heap Fetches: 15
Planning time: 78.876 ms
Execution time: 18.436 ms
