Aggregate  (cost=7835.26..7835.27 rows=1 width=96) (actual time=18.823..18.823 rows=1 loops=1)
  ->  Nested Loop  (cost=11.24..7835.26 rows=1 width=48) (actual time=6.364..18.803 rows=15 loops=1)
        Join Filter: (mi.movie_id = t.id)
        ->  Nested Loop  (cost=10.81..7830.95 rows=2 width=51) (actual time=6.356..18.769 rows=15 loops=1)
              ->  Nested Loop  (cost=10.39..7820.82 rows=5 width=55) (actual time=6.341..18.608 rows=66 loops=1)
                    Join Filter: (mi.movie_id = mc.movie_id)
                    ->  Nested Loop  (cost=9.96..7815.95 rows=1 width=47) (actual time=6.333..18.571 rows=3 loops=1)
                          Join Filter: (n.id = an.person_id)
                          ->  Nested Loop  (cost=9.54..7813.05 rows=1 width=59) (actual time=6.324..18.560 rows=1 loops=1)
                                Join Filter: (it.id = mi.info_type_id)
                                ->  Seq Scan on info_type it  (cost=0.00..2.41 rows=1 width=4) (actual time=0.007..0.013 rows=1 loops=1)
                                      Filter: ((info)::text = 'release dates'::text)
                                      Rows Removed by Filter: 112
                                ->  Nested Loop  (cost=9.54..7810.62 rows=1 width=63) (actual time=6.316..18.545 rows=1 loops=1)
                                      Join Filter: (ci.movie_id = mi.movie_id)
                                      ->  Nested Loop  (cost=9.10..7768.77 rows=1 width=55) (actual time=1.124..18.323 rows=2 loops=1)
                                            Join Filter: (ci.role_id = rt.id)
                                            ->  Nested Loop  (cost=9.10..7749.88 rows=1 width=59) (actual time=1.119..18.312 rows=2 loops=1)
                                                  Join Filter: (it3.id = pi.info_type_id)
                                                  Rows Removed by Join Filter: 254
                                                  ->  Seq Scan on info_type it3  (cost=0.00..2.41 rows=1 width=4) (actual time=0.003..0.010 rows=1 loops=1)
                                                        Filter: ((info)::text = 'height'::text)
                                                        Rows Removed by Filter: 112
                                                  ->  Nested Loop  (cost=9.10..7747.46 rows=1 width=63) (actual time=1.092..18.276 rows=256 loops=1)
                                                        Join Filter: (n.id = pi.person_id)
                                                        ->  Nested Loop  (cost=8.67..7727.64 rows=1 width=55) (actual time=1.082..18.167 rows=2 loops=1)
                                                              ->  Nested Loop  (cost=8.24..7707.79 rows=8 width=43) (actual time=1.075..18.134 rows=6 loops=1)
                                                                    ->  Nested Loop  (cost=7.81..6057.79 rows=703 width=24) (actual time=0.380..15.528 rows=703 loops=1)
                                                                          ->  Nested Loop  (cost=7.25..4963.52 rows=23 width=8) (actual time=0.366..11.905 rows=23 loops=1)
                                                                                Join Filter: (cc.subject_id = cct1.id)
                                                                                Rows Removed by Join Filter: 2
                                                                                ->  Seq Scan on comp_cast_type cct1  (cost=0.00..18.88 rows=1 width=4) (actual time=0.003..0.004 rows=1 loops=1)
                                                                                      Filter: ((kind)::text = 'cast'::text)
                                                                                      Rows Removed by Filter: 3
                                                                                ->  Nested Loop  (cost=7.25..4944.33 rows=25 width=12) (actual time=0.363..11.896 rows=25 loops=1)
                                                                                      Join Filter: (cct2.id = cc.status_id)
                                                                                      Rows Removed by Join Filter: 65
                                                                                      ->  Seq Scan on comp_cast_type cct2  (cost=0.00..18.88 rows=1 width=4) (actual time=0.001..0.002 rows=1 loops=1)
                                                                                            Filter: ((kind)::text = 'complete+verified'::text)
                                                                                            Rows Removed by Filter: 3
                                                                                      ->  Nested Loop  (cost=7.25..4924.33 rows=90 width=16) (actual time=0.181..11.885 rows=90 loops=1)
                                                                                            ->  Nested Loop  (cost=6.83..3768.21 rows=414 width=4) (actual time=0.113..11.002 rows=414 loops=1)
                                                                                                  ->  Seq Scan on keyword k  (cost=0.00..2626.12 rows=1 width=4) (actual time=0.033..10.419 rows=1 loops=1)
                                                                                                        Filter: (keyword = 'computer-animation'::text)
                                                                                                        Rows Removed by Filter: 134169
                                                                                                  ->  Bitmap Heap Scan on movie_keyword mk  (cost=6.83..1138.99 rows=309 width=8) (actual time=0.078..0.537 rows=414 loops=1)
                                                                                                        Recheck Cond: (keyword_id = k.id)
                                                                                                        Heap Blocks: exact=358
                                                                                                        ->  Bitmap Index Scan on keyword_id_movie_keyword  (cost=0.00..6.75 rows=309 width=0) (actual time=0.041..0.041 rows=414 loops=1)
                                                                                                              Index Cond: (keyword_id = k.id)
                                                                                            ->  Index Scan using movie_id_complete_cast on complete_cast cc  (cost=0.42..2.77 rows=2 width=12) (actual time=0.002..0.002 rows=0 loops=414)
                                                                                                  Index Cond: (movie_id = mk.movie_id)
                                                                          ->  Index Scan using movie_id_cast_info on cast_info ci  (cost=0.56..47.57 rows=1 width=16) (actual time=0.019..0.153 rows=31 loops=23)
                                                                                Index Cond: (movie_id = mk.movie_id)
                                                                                Filter: (note = ANY ('{(voice),"(voice) (uncredited)","(voice: English version)"}'::text[]))
                                                                                Rows Removed by Filter: 116
                                                                    ->  Index Scan using name_pkey on name n  (cost=0.43..2.35 rows=1 width=19) (actual time=0.004..0.004 rows=0 loops=703)
                                                                          Index Cond: (id = ci.person_id)
                                                                          Filter: ((name ~~ '%An%'::text) AND ((gender)::text = 'f'::text))
                                                                          Rows Removed by Filter: 1
                                                              ->  Index Scan using char_name_pkey on char_name chn  (cost=0.43..2.25 rows=1 width=20) (actual time=0.005..0.005 rows=0 loops=6)
                                                                    Index Cond: (id = ci.person_role_id)
                                                                    Filter: (name = 'Queen'::text)
                                                                    Rows Removed by Filter: 0
                                                        ->  Index Scan using person_id_person_info on person_info pi  (cost=0.43..19.50 rows=25 width=8) (actual time=0.007..0.034 rows=128 loops=2)
                                                              Index Cond: (person_id = ci.person_id)
                                            ->  Seq Scan on role_type rt  (cost=0.00..18.88 rows=1 width=4) (actual time=0.003..0.003 rows=1 loops=2)
                                                  Filter: ((role)::text = 'actress'::text)
                                                  Rows Removed by Filter: 1
                                      ->  Index Scan using movie_id_movie_info on movie_info mi  (cost=0.43..41.84 rows=1 width=8) (actual time=0.058..0.110 rows=0 loops=2)
                                            Index Cond: (movie_id = mk.movie_id)
                                            Filter: (info ~~ 'USA:%200%'::text)
                                            Rows Removed by Filter: 380
                          ->  Index Only Scan using person_id_aka_name on aka_name an  (cost=0.42..2.87 rows=2 width=4) (actual time=0.007..0.009 rows=3 loops=1)
                                Index Cond: (person_id = pi.person_id)
                                Heap Fetches: 3
                    ->  Index Scan using movie_id_movie_companies on movie_companies mc  (cost=0.43..4.81 rows=5 width=8) (actual time=0.003..0.008 rows=22 loops=3)
                          Index Cond: (movie_id = mk.movie_id)
              ->  Index Scan using company_name_pkey on company_name cn  (cost=0.42..2.03 rows=1 width=4) (actual time=0.002..0.002 rows=0 loops=66)
                    Index Cond: (id = mc.company_id)
                    Filter: ((country_code)::text = '[us]'::text)
                    Rows Removed by Filter: 1
        ->  Index Scan using title_pkey on title t  (cost=0.43..2.14 rows=1 width=21) (actual time=0.002..0.002 rows=1 loops=15)
              Index Cond: (id = mk.movie_id)
              Filter: ((production_year >= 2000) AND (production_year <= 2005) AND (title = 'Shrek 2'::text))
Planning time: 78.948 ms
Execution time: 18.935 ms
