Aggregate  (cost=5328.13..5328.14 rows=1 width=96) (actual time=14.160..14.160 rows=1 loops=1)
  ->  Nested Loop  (cost=11.24..5328.13 rows=1 width=48) (actual time=1.283..14.152 rows=15 loops=1)
        Join Filter: (it.id = mi.info_type_id)
        ->  Seq Scan on info_type it  (cost=0.00..2.41 rows=1 width=4) (actual time=0.006..0.012 rows=1 loops=1)
              Filter: ((info)::text = 'release dates'::text)
              Rows Removed by Filter: 112
        ->  Nested Loop  (cost=11.24..5325.70 rows=1 width=52) (actual time=1.276..14.138 rows=15 loops=1)
              Join Filter: (t.id = mi.movie_id)
              ->  Nested Loop  (cost=10.81..5283.85 rows=1 width=68) (actual time=1.260..13.011 rows=15 loops=1)
                    Join Filter: (it3.id = pi.info_type_id)
                    Rows Removed by Join Filter: 2430
                    ->  Seq Scan on info_type it3  (cost=0.00..2.41 rows=1 width=4) (actual time=0.003..0.009 rows=1 loops=1)
                          Filter: ((info)::text = 'height'::text)
                          Rows Removed by Filter: 112
                    ->  Nested Loop  (cost=10.81..5281.42 rows=1 width=72) (actual time=1.215..12.872 rows=2445 loops=1)
                          Join Filter: (n.id = pi.person_id)
                          ->  Nested Loop  (cost=10.38..5261.62 rows=1 width=80) (actual time=1.210..12.184 rows=15 loops=1)
                                ->  Nested Loop  (cost=9.96..5259.59 rows=1 width=84) (actual time=1.206..12.060 rows=66 loops=1)
                                      Join Filter: (t.id = mc.movie_id)
                                      ->  Nested Loop  (cost=9.53..5254.72 rows=1 width=76) (actual time=1.201..12.031 rows=3 loops=1)
                                            Join Filter: (n.id = an.person_id)
                                            ->  Nested Loop  (cost=9.10..5251.80 rows=1 width=72) (actual time=1.195..12.023 rows=1 loops=1)
                                                  Join Filter: (cc.status_id = cct2.id)
                                                  ->  Nested Loop  (cost=9.10..5232.91 rows=1 width=76) (actual time=1.194..12.022 rows=1 loops=1)
                                                        ->  Nested Loop  (cost=8.67..5230.56 rows=1 width=57) (actual time=1.189..12.017 rows=1 loops=1)
                                                              ->  Nested Loop  (cost=8.24..5203.95 rows=11 width=45) (actual time=1.184..11.970 rows=11 loops=1)
                                                                    Join Filter: (rt.id = ci.role_id)
                                                                    Rows Removed by Join Filter: 27
                                                                    ->  Seq Scan on role_type rt  (cost=0.00..18.88 rows=1 width=4) (actual time=0.002..0.003 rows=1 loops=1)
                                                                          Filter: ((role)::text = 'actress'::text)
                                                                          Rows Removed by Filter: 11
                                                                    ->  Nested Loop  (cost=8.24..5184.60 rows=38 width=49) (actual time=1.160..11.963 rows=38 loops=1)
                                                                          Join Filter: (t.id = ci.movie_id)
                                                                          ->  Nested Loop  (cost=7.68..5137.02 rows=1 width=33) (actual time=1.153..11.791 rows=1 loops=1)
                                                                                Join Filter: (cc.subject_id = cct1.id)
                                                                                ->  Nested Loop  (cost=7.68..5118.13 rows=1 width=37) (actual time=1.150..11.788 rows=1 loops=1)
                                                                                      ->  Nested Loop  (cost=7.25..4924.33 rows=90 width=16) (actual time=0.161..11.506 rows=90 loops=1)
                                                                                            ->  Nested Loop  (cost=6.83..3768.21 rows=414 width=4) (actual time=0.103..10.732 rows=414 loops=1)
                                                                                                  ->  Seq Scan on keyword k  (cost=0.00..2626.12 rows=1 width=4) (actual time=0.029..10.303 rows=1 loops=1)
                                                                                                        Filter: (keyword = 'computer-animation'::text)
                                                                                                        Rows Removed by Filter: 134169
                                                                                                  ->  Bitmap Heap Scan on movie_keyword mk  (cost=6.83..1138.99 rows=309 width=8) (actual time=0.072..0.384 rows=414 loops=1)
                                                                                                        Recheck Cond: (keyword_id = k.id)
                                                                                                        Heap Blocks: exact=358
                                                                                                        ->  Bitmap Index Scan on keyword_id_movie_keyword  (cost=0.00..6.75 rows=309 width=0) (actual time=0.037..0.037 rows=414 loops=1)
                                                                                                              Index Cond: (keyword_id = k.id)
                                                                                            ->  Index Scan using movie_id_complete_cast on complete_cast cc  (cost=0.42..2.77 rows=2 width=12) (actual time=0.002..0.002 rows=0 loops=414)
                                                                                                  Index Cond: (movie_id = mk.movie_id)
                                                                                      ->  Index Scan using title_pkey on title t  (cost=0.43..2.14 rows=1 width=21) (actual time=0.003..0.003 rows=0 loops=90)
                                                                                            Index Cond: (id = mk.movie_id)
                                                                                            Filter: ((production_year >= 2000) AND (production_year <= 2005) AND (title = 'Shrek 2'::text))
                                                                                            Rows Removed by Filter: 1
                                                                                ->  Seq Scan on comp_cast_type cct1  (cost=0.00..18.88 rows=1 width=4) (actual time=0.002..0.002 rows=1 loops=1)
                                                                                      Filter: ((kind)::text = 'cast'::text)
                                                                          ->  Index Scan using movie_id_cast_info on cast_info ci  (cost=0.56..47.57 rows=1 width=16) (actual time=0.006..0.166 rows=38 loops=1)
                                                                                Index Cond: (movie_id = mk.movie_id)
                                                                                Filter: (note = ANY ('{(voice),"(voice) (uncredited)","(voice: English version)"}'::text[]))
                                                                                Rows Removed by Filter: 191
                                                              ->  Index Scan using char_name_pkey on char_name chn  (cost=0.43..2.25 rows=1 width=20) (actual time=0.004..0.004 rows=0 loops=11)
                                                                    Index Cond: (id = ci.person_role_id)
                                                                    Filter: (name = 'Queen'::text)
                                                                    Rows Removed by Filter: 1
                                                        ->  Index Scan using name_pkey on name n  (cost=0.43..2.35 rows=1 width=19) (actual time=0.005..0.005 rows=1 loops=1)
                                                              Index Cond: (id = ci.person_id)
                                                              Filter: ((name ~~ '%An%'::text) AND ((gender)::text = 'f'::text))
                                                  ->  Seq Scan on comp_cast_type cct2  (cost=0.00..18.88 rows=1 width=4) (actual time=0.001..0.001 rows=1 loops=1)
                                                        Filter: ((kind)::text = 'complete+verified'::text)
                                                        Rows Removed by Filter: 3
                                            ->  Index Only Scan using person_id_aka_name on aka_name an  (cost=0.42..2.90 rows=2 width=4) (actual time=0.005..0.006 rows=3 loops=1)
                                                  Index Cond: (person_id = ci.person_id)
                                                  Heap Fetches: 3
                                      ->  Index Scan using movie_id_movie_companies on movie_companies mc  (cost=0.43..4.81 rows=5 width=8) (actual time=0.003..0.006 rows=22 loops=3)
                                            Index Cond: (movie_id = mk.movie_id)
                                ->  Index Scan using company_name_pkey on company_name cn  (cost=0.42..2.03 rows=1 width=4) (actual time=0.002..0.002 rows=0 loops=66)
                                      Index Cond: (id = mc.company_id)
                                      Filter: ((country_code)::text = '[us]'::text)
                                      Rows Removed by Filter: 1
                          ->  Index Scan using person_id_person_info on person_info pi  (cost=0.43..19.49 rows=25 width=8) (actual time=0.002..0.023 rows=163 loops=15)
                                Index Cond: (person_id = an.person_id)
              ->  Index Scan using movie_id_movie_info on movie_info mi  (cost=0.43..41.84 rows=1 width=8) (actual time=0.009..0.075 rows=1 loops=15)
                    Index Cond: (movie_id = mk.movie_id)
                    Filter: (info ~~ 'USA:%200%'::text)
                    Rows Removed by Filter: 456
Planning time: 78.998 ms
Execution time: 14.257 ms
