Aggregate  (cost=21911.05..21911.06 rows=1 width=96) (actual time=24.221..24.221 rows=1 loops=1)
  ->  Nested Loop  (cost=11.24..21911.04 rows=1 width=48) (actual time=8.634..24.212 rows=15 loops=1)
        Join Filter: (ci.person_id = n.id)
        ->  Nested Loop  (cost=10.81..21908.81 rows=1 width=45) (actual time=8.627..24.173 rows=15 loops=1)
              Join Filter: (it3.id = pi.info_type_id)
              Rows Removed by Join Filter: 2430
              ->  Seq Scan on info_type it3  (cost=0.00..2.41 rows=1 width=4) (actual time=0.007..0.012 rows=1 loops=1)
                    Filter: ((info)::text = 'height'::text)
                    Rows Removed by Filter: 112
              ->  Nested Loop  (cost=10.81..21906.08 rows=25 width=49) (actual time=8.576..24.009 rows=2445 loops=1)
                    ->  Nested Loop  (cost=10.38..21886.33 rows=1 width=41) (actual time=8.571..23.274 rows=15 loops=1)
                          ->  Nested Loop  (cost=9.95..21882.25 rows=1 width=29) (actual time=8.565..23.104 rows=80 loops=1)
                                Join Filter: (rt.id = ci.role_id)
                                Rows Removed by Join Filter: 250
                                ->  Seq Scan on role_type rt  (cost=0.00..18.88 rows=1 width=4) (actual time=0.002..0.004 rows=1 loops=1)
                                      Filter: ((role)::text = 'actress'::text)
                                      Rows Removed by Filter: 11
                                ->  Nested Loop  (cost=9.95..21863.35 rows=2 width=33) (actual time=8.446..23.071 rows=330 loops=1)
                                      ->  Nested Loop  (cost=9.53..21860.43 rows=1 width=29) (actual time=8.430..22.575 rows=190 loops=1)
                                            Join Filter: (t.id = ci.movie_id)
                                            ->  Nested Loop  (cost=8.96..21812.85 rows=1 width=37) (actual time=8.422..21.917 rows=5 loops=1)
                                                  Join Filter: (cc.subject_id = cct1.id)
                                                  ->  Nested Loop  (cost=8.96..21793.97 rows=1 width=41) (actual time=8.418..21.904 rows=5 loops=1)
                                                        Join Filter: (cct2.id = cc.status_id)
                                                        ->  Seq Scan on comp_cast_type cct2  (cost=0.00..18.88 rows=1 width=4) (actual time=0.002..0.003 rows=1 loops=1)
                                                              Filter: ((kind)::text = 'complete+verified'::text)
                                                              Rows Removed by Filter: 3
                                                        ->  Nested Loop  (cost=8.96..21775.03 rows=5 width=45) (actual time=8.415..21.900 rows=5 loops=1)
                                                              Join Filter: (t.id = cc.movie_id)
                                                              ->  Nested Loop  (cost=8.54..21761.04 rows=5 width=33) (actual time=8.410..21.883 rows=5 loops=1)
                                                                    Join Filter: (mi.info_type_id = it.id)
                                                                    ->  Seq Scan on info_type it  (cost=0.00..2.41 rows=1 width=4) (actual time=0.003..0.010 rows=1 loops=1)
                                                                          Filter: ((info)::text = 'release dates'::text)
                                                                          Rows Removed by Filter: 112
                                                                    ->  Nested Loop  (cost=8.54..21758.57 rows=5 width=37) (actual time=8.406..21.872 rows=5 loops=1)
                                                                          ->  Nested Loop  (cost=8.12..21713.98 rows=22 width=41) (actual time=8.400..21.808 rows=22 loops=1)
                                                                                Join Filter: (t.id = mc.movie_id)
                                                                                ->  Nested Loop  (cost=7.69..21709.11 rows=1 width=33) (actual time=8.395..21.793 rows=1 loops=1)
                                                                                      Join Filter: (mi.movie_id = t.id)
                                                                                      ->  Nested Loop  (cost=7.26..21095.46 rows=285 width=12) (actual time=0.305..20.998 rows=285 loops=1)
                                                                                            ->  Nested Loop  (cost=6.83..3768.21 rows=414 width=4) (actual time=0.105..10.608 rows=414 loops=1)
                                                                                                  ->  Seq Scan on keyword k  (cost=0.00..2626.12 rows=1 width=4) (actual time=0.030..10.136 rows=1 loops=1)
                                                                                                        Filter: (keyword = 'computer-animation'::text)
                                                                                                        Rows Removed by Filter: 134169
                                                                                                  ->  Bitmap Heap Scan on movie_keyword mk  (cost=6.83..1138.99 rows=309 width=8) (actual time=0.074..0.424 rows=414 loops=1)
                                                                                                        Recheck Cond: (keyword_id = k.id)
                                                                                                        Heap Blocks: exact=358
                                                                                                        ->  Bitmap Index Scan on keyword_id_movie_keyword  (cost=0.00..6.75 rows=309 width=0) (actual time=0.037..0.037 rows=414 loops=1)
                                                                                                              Index Cond: (keyword_id = k.id)
                                                                                            ->  Index Scan using movie_id_movie_info on movie_info mi  (cost=0.43..41.84 rows=1 width=8) (actual time=0.013..0.025 rows=1 loops=414)
                                                                                                  Index Cond: (movie_id = mk.movie_id)
                                                                                                  Filter: (info ~~ 'USA:%200%'::text)
                                                                                                  Rows Removed by Filter: 70
                                                                                      ->  Index Scan using title_pkey on title t  (cost=0.43..2.14 rows=1 width=21) (actual time=0.003..0.003 rows=0 loops=285)
                                                                                            Index Cond: (id = mk.movie_id)
                                                                                            Filter: ((production_year >= 2000) AND (production_year <= 2005) AND (title = 'Shrek 2'::text))
                                                                                            Rows Removed by Filter: 1
                                                                                ->  Index Scan using movie_id_movie_companies on movie_companies mc  (cost=0.43..4.81 rows=5 width=8) (actual time=0.005..0.010 rows=22 loops=1)
                                                                                      Index Cond: (movie_id = mk.movie_id)
                                                                          ->  Index Scan using company_name_pkey on company_name cn  (cost=0.42..2.03 rows=1 width=4) (actual time=0.003..0.003 rows=0 loops=22)
                                                                                Index Cond: (id = mc.company_id)
                                                                                Filter: ((country_code)::text = '[us]'::text)
                                                                                Rows Removed by Filter: 1
                                                              ->  Index Scan using movie_id_complete_cast on complete_cast cc  (cost=0.42..2.77 rows=2 width=12) (actual time=0.002..0.003 rows=1 loops=5)
                                                                    Index Cond: (movie_id = mk.movie_id)
                                                  ->  Seq Scan on comp_cast_type cct1  (cost=0.00..18.88 rows=1 width=4) (actual time=0.001..0.001 rows=1 loops=5)
                                                        Filter: ((kind)::text = 'cast'::text)
                                            ->  Index Scan using movie_id_cast_info on cast_info ci  (cost=0.56..47.57 rows=1 width=16) (actual time=0.004..0.126 rows=38 loops=5)
                                                  Index Cond: (movie_id = mk.movie_id)
                                                  Filter: (note = ANY ('{(voice),"(voice) (uncredited)","(voice: English version)"}'::text[]))
                                                  Rows Removed by Filter: 191
                                      ->  Index Only Scan using person_id_aka_name on aka_name an  (cost=0.42..2.90 rows=2 width=4) (actual time=0.002..0.002 rows=2 loops=190)
                                            Index Cond: (person_id = ci.person_id)
                                            Heap Fetches: 330
                          ->  Index Scan using char_name_pkey on char_name chn  (cost=0.43..2.25 rows=1 width=20) (actual time=0.002..0.002 rows=0 loops=80)
                                Index Cond: (id = ci.person_role_id)
                                Filter: (name = 'Queen'::text)
                                Rows Removed by Filter: 1
                    ->  Index Scan using person_id_person_info on person_info pi  (cost=0.43..19.50 rows=25 width=8) (actual time=0.002..0.027 rows=163 loops=15)
                          Index Cond: (person_id = ci.person_id)
        ->  Index Scan using name_pkey on name n  (cost=0.43..2.22 rows=1 width=19) (actual time=0.002..0.002 rows=1 loops=15)
              Index Cond: (id = pi.person_id)
              Filter: ((name ~~ '%An%'::text) AND ((gender)::text = 'f'::text))
Planning time: 79.329 ms
Execution time: 24.323 ms
