Aggregate  (cost=11274.57..11274.58 rows=1 width=96) (actual time=283.090..283.091 rows=1 loops=1)
  ->  Nested Loop  (cost=11.24..11274.56 rows=1 width=48) (actual time=4.482..277.989 rows=16308 loops=1)
        Join Filter: (ci.role_id = rt.id)
        ->  Nested Loop  (cost=11.24..11255.67 rows=1 width=52) (actual time=4.478..259.878 rows=16308 loops=1)
              Join Filter: (cc.subject_id = cct1.id)
              ->  Nested Loop  (cost=11.24..11236.79 rows=1 width=56) (actual time=4.473..243.604 rows=16308 loops=1)
                    ->  Nested Loop  (cost=10.82..11234.76 rows=1 width=60) (actual time=4.451..119.416 rows=75240 loops=1)
                          Join Filter: (t.id = mc.movie_id)
                          ->  Nested Loop  (cost=10.39..11229.89 rows=1 width=76) (actual time=4.444..91.489 rows=2868 loops=1)
                                Join Filter: (it.id = mi.info_type_id)
                                ->  Seq Scan on info_type it  (cost=0.00..2.41 rows=1 width=4) (actual time=0.008..0.014 rows=1 loops=1)
                                      Filter: ((info)::text = 'release dates'::text)
                                      Rows Removed by Filter: 112
                                ->  Nested Loop  (cost=10.39..11227.43 rows=4 width=80) (actual time=4.435..90.986 rows=2868 loops=1)
                                      Join Filter: (t.id = mi.movie_id)
                                      ->  Nested Loop  (cost=9.96..10178.16 rows=25 width=72) (actual time=4.413..23.963 rows=1010 loops=1)
                                            Join Filter: (ci.movie_id = t.id)
                                            ->  Nested Loop  (cost=9.53..10046.97 rows=61 width=51) (actual time=1.107..21.618 rows=1194 loops=1)
                                                  Join Filter: (n.id = an.person_id)
                                                  ->  Nested Loop  (cost=9.10..9236.13 rows=280 width=63) (actual time=1.099..20.580 rows=280 loops=1)
                                                        Join Filter: (pi.info_type_id = it3.id)
                                                        Rows Removed by Join Filter: 810
                                                        ->  Seq Scan on info_type it3  (cost=0.00..2.41 rows=1 width=4) (actual time=0.004..0.010 rows=1 loops=1)
                                                              Filter: ((info)::text = 'trivia'::text)
                                                              Rows Removed by Filter: 112
                                                        ->  Nested Loop  (cost=9.10..9220.09 rows=1090 width=67) (actual time=1.093..20.478 rows=1090 loops=1)
                                                              Join Filter: (n.id = pi.person_id)
                                                              ->  Nested Loop  (cost=8.67..9121.04 rows=5 width=59) (actual time=1.084..20.045 rows=5 loops=1)
                                                                    ->  Nested Loop  (cost=8.24..7779.64 rows=573 width=40) (actual time=0.386..17.935 rows=573 loops=1)
                                                                          ->  Nested Loop  (cost=7.81..6134.91 rows=732 width=28) (actual time=0.373..15.739 rows=732 loops=1)
                                                                                ->  Nested Loop  (cost=7.25..4944.33 rows=25 width=12) (actual time=0.360..11.864 rows=25 loops=1)
                                                                                      Join Filter: (cc.status_id = cct2.id)
                                                                                      Rows Removed by Join Filter: 65
                                                                                      ->  Seq Scan on comp_cast_type cct2  (cost=0.00..18.88 rows=1 width=4) (actual time=0.003..0.003 rows=1 loops=1)
                                                                                            Filter: ((kind)::text = 'complete+verified'::text)
                                                                                            Rows Removed by Filter: 3
                                                                                      ->  Nested Loop  (cost=7.25..4924.33 rows=90 width=16) (actual time=0.182..11.849 rows=90 loops=1)
                                                                                            ->  Nested Loop  (cost=6.83..3768.21 rows=414 width=4) (actual time=0.115..10.965 rows=414 loops=1)
                                                                                                  ->  Seq Scan on keyword k  (cost=0.00..2626.12 rows=1 width=4) (actual time=0.033..10.374 rows=1 loops=1)
                                                                                                        Filter: (keyword = 'computer-animation'::text)
                                                                                                        Rows Removed by Filter: 134169
                                                                                                  ->  Bitmap Heap Scan on movie_keyword mk  (cost=6.83..1138.99 rows=309 width=8) (actual time=0.080..0.545 rows=414 loops=1)
                                                                                                        Recheck Cond: (keyword_id = k.id)
                                                                                                        Heap Blocks: exact=358
                                                                                                        ->  Bitmap Index Scan on keyword_id_movie_keyword  (cost=0.00..6.75 rows=309 width=0) (actual time=0.043..0.043 rows=414 loops=1)
                                                                                                              Index Cond: (keyword_id = k.id)
                                                                                            ->  Index Scan using movie_id_complete_cast on complete_cast cc  (cost=0.42..2.77 rows=2 width=12) (actual time=0.002..0.002 rows=0 loops=414)
                                                                                                  Index Cond: (movie_id = mk.movie_id)
                                                                                ->  Index Scan using movie_id_cast_info on cast_info ci  (cost=0.56..47.61 rows=1 width=16) (actual time=0.018..0.151 rows=29 loops=25)
                                                                                      Index Cond: (movie_id = mk.movie_id)
                                                                                      Filter: (note = ANY ('{(voice),"(voice: Japanese version)","(voice) (uncredited)","(voice: English version)"}'::text[]))
                                                                                      Rows Removed by Filter: 116
                                                                          ->  Index Scan using char_name_pkey on char_name chn  (cost=0.43..2.25 rows=1 width=20) (actual time=0.003..0.003 rows=1 loops=732)
                                                                                Index Cond: (id = ci.person_role_id)
                                                                    ->  Index Scan using name_pkey on name n  (cost=0.43..2.34 rows=1 width=19) (actual time=0.004..0.004 rows=0 loops=573)
                                                                          Index Cond: (id = ci.person_id)
                                                                          Filter: ((name ~~ '%An%'::text) AND ((gender)::text = 'f'::text))
                                                                          Rows Removed by Filter: 1
                                                              ->  Index Scan using person_id_person_info on person_info pi  (cost=0.43..19.50 rows=25 width=8) (actual time=0.008..0.048 rows=218 loops=5)
                                                                    Index Cond: (person_id = ci.person_id)
                                                  ->  Index Only Scan using person_id_aka_name on aka_name an  (cost=0.42..2.87 rows=2 width=4) (actual time=0.002..0.003 rows=4 loops=280)
                                                        Index Cond: (person_id = pi.person_id)
                                                        Heap Fetches: 1194
                                            ->  Index Scan using title_pkey on title t  (cost=0.43..2.14 rows=1 width=21) (actual time=0.002..0.002 rows=1 loops=1194)
                                                  Index Cond: (id = mk.movie_id)
                                                  Filter: ((production_year >= 2000) AND (production_year <= 2010))
                                                  Rows Removed by Filter: 0
                                      ->  Index Scan using movie_id_movie_info on movie_info mi  (cost=0.43..41.95 rows=2 width=8) (actual time=0.009..0.066 rows=3 loops=1010)
                                            Index Cond: (movie_id = mk.movie_id)
                                            Filter: ((info IS NOT NULL) AND ((info ~~ 'Japan:%200%'::text) OR (info ~~ 'USA:%200%'::text)))
                                            Rows Removed by Filter: 307
                          ->  Index Scan using movie_id_movie_companies on movie_companies mc  (cost=0.43..4.81 rows=5 width=8) (actual time=0.002..0.005 rows=26 loops=2868)
                                Index Cond: (movie_id = mk.movie_id)
                    ->  Index Scan using company_name_pkey on company_name cn  (cost=0.42..2.03 rows=1 width=4) (actual time=0.001..0.001 rows=0 loops=75240)
                          Index Cond: (id = mc.company_id)
                          Filter: ((country_code)::text = '[us]'::text)
                          Rows Removed by Filter: 1
              ->  Seq Scan on comp_cast_type cct1  (cost=0.00..18.88 rows=1 width=4) (actual time=0.000..0.000 rows=1 loops=16308)
                    Filter: ((kind)::text = 'cast'::text)
        ->  Seq Scan on role_type rt  (cost=0.00..18.88 rows=1 width=4) (actual time=0.001..0.001 rows=1 loops=16308)
              Filter: ((role)::text = 'actress'::text)
              Rows Removed by Filter: 1
Planning time: 79.346 ms
Execution time: 283.218 ms
