Aggregate  (cost=38041.42..38041.43 rows=1 width=96) (actual time=431.701..431.701 rows=1 loops=1)
  ->  Nested Loop  (cost=11.24..38041.42 rows=1 width=48) (actual time=13.668..427.620 rows=16308 loops=1)
        Join Filter: (it.id = mi.info_type_id)
        ->  Seq Scan on info_type it  (cost=0.00..2.41 rows=1 width=4) (actual time=0.008..0.014 rows=1 loops=1)
              Filter: ((info)::text = 'release dates'::text)
              Rows Removed by Filter: 112
        ->  Nested Loop  (cost=11.24..38038.97 rows=3 width=52) (actual time=13.658..425.449 rows=16308 loops=1)
              Join Filter: (t.id = mi.movie_id)
              ->  Nested Loop  (cost=10.81..37241.52 rows=19 width=68) (actual time=13.635..63.427 rows=5706 loops=1)
                    Join Filter: (n.id = an.person_id)
                    ->  Nested Loop  (cost=10.38..36980.90 rows=90 width=80) (actual time=13.626..58.974 rows=1364 loops=1)
                          ->  Nested Loop  (cost=9.96..36478.28 rows=248 width=84) (actual time=13.601..48.497 rows=6188 loops=1)
                                Join Filter: (t.id = mc.movie_id)
                                ->  Nested Loop  (cost=9.53..35309.27 rows=240 width=76) (actual time=13.592..46.082 rows=240 loops=1)
                                      Join Filter: (ci.role_id = rt.id)
                                      ->  Seq Scan on role_type rt  (cost=0.00..18.88 rows=1 width=4) (actual time=0.003..0.005 rows=1 loops=1)
                                            Filter: ((role)::text = 'actress'::text)
                                            Rows Removed by Filter: 11
                                      ->  Nested Loop  (cost=9.53..35287.39 rows=240 width=80) (actual time=13.588..46.033 rows=240 loops=1)
                                            Join Filter: (cc.subject_id = cct1.id)
                                            ->  Seq Scan on comp_cast_type cct1  (cost=0.00..18.88 rows=1 width=4) (actual time=0.004..0.005 rows=1 loops=1)
                                                  Filter: ((kind)::text = 'cast'::text)
                                                  Rows Removed by Filter: 3
                                            ->  Nested Loop  (cost=9.53..35265.52 rows=240 width=84) (actual time=13.583..45.979 rows=240 loops=1)
                                                  ->  Nested Loop  (cost=9.10..34690.31 rows=256 width=72) (actual time=7.749..45.526 rows=256 loops=1)
                                                        Join Filter: (ci.movie_id = t.id)
                                                        ->  Nested Loop  (cost=8.67..34053.72 rows=296 width=51) (actual time=2.827..44.941 rows=296 loops=1)
                                                              Join Filter: (it3.id = pi.info_type_id)
                                                              Rows Removed by Join Filter: 865
                                                              ->  Seq Scan on info_type it3  (cost=0.00..2.41 rows=1 width=4) (actual time=0.003..0.010 rows=1 loops=1)
                                                                    Filter: ((info)::text = 'trivia'::text)
                                                                    Rows Removed by Filter: 112
                                                              ->  Nested Loop  (cost=8.67..34036.79 rows=1161 width=55) (actual time=2.822..44.834 rows=1161 loops=1)
                                                                    Join Filter: (n.id = pi.person_id)
                                                                    ->  Nested Loop  (cost=8.24..33917.93 rows=6 width=47) (actual time=2.812..44.350 rows=6 loops=1)
                                                                          Join Filter: (cct2.id = cc.status_id)
                                                                          Rows Removed by Join Filter: 25
                                                                          ->  Seq Scan on comp_cast_type cct2  (cost=0.00..18.88 rows=1 width=4) (actual time=0.001..0.002 rows=1 loops=1)
                                                                                Filter: ((kind)::text = 'complete+verified'::text)
                                                                                Rows Removed by Filter: 3
                                                                          ->  Nested Loop  (cost=8.24..33898.66 rows=31 width=51) (actual time=2.810..44.340 rows=31 loops=1)
                                                                                ->  Nested Loop  (cost=7.82..33772.90 rows=45 width=39) (actual time=2.802..44.184 rows=45 loops=1)
                                                                                      ->  Nested Loop  (cost=7.39..23484.17 rows=4395 width=20) (actual time=0.124..29.923 rows=4395 loops=1)
                                                                                            ->  Nested Loop  (cost=6.83..3768.21 rows=414 width=4) (actual time=0.114..11.079 rows=414 loops=1)
                                                                                                  ->  Seq Scan on keyword k  (cost=0.00..2626.12 rows=1 width=4) (actual time=0.034..10.453 rows=1 loops=1)
                                                                                                        Filter: (keyword = 'computer-animation'::text)
                                                                                                        Rows Removed by Filter: 134169
                                                                                                  ->  Bitmap Heap Scan on movie_keyword mk  (cost=6.83..1138.99 rows=309 width=8) (actual time=0.079..0.573 rows=414 loops=1)
                                                                                                        Recheck Cond: (keyword_id = k.id)
                                                                                                        Heap Blocks: exact=358
                                                                                                        ->  Bitmap Index Scan on keyword_id_movie_keyword  (cost=0.00..6.75 rows=309 width=0) (actual time=0.042..0.042 rows=414 loops=1)
                                                                                                              Index Cond: (keyword_id = k.id)
                                                                                            ->  Index Scan using movie_id_cast_info on cast_info ci  (cost=0.56..47.61 rows=1 width=16) (actual time=0.011..0.044 rows=11 loops=414)
                                                                                                  Index Cond: (movie_id = mk.movie_id)
                                                                                                  Filter: (note = ANY ('{(voice),"(voice: Japanese version)","(voice) (uncredited)","(voice: English version)"}'::text[]))
                                                                                                  Rows Removed by Filter: 33
                                                                                      ->  Index Scan using name_pkey on name n  (cost=0.43..2.34 rows=1 width=19) (actual time=0.003..0.003 rows=0 loops=4395)
                                                                                            Index Cond: (id = ci.person_id)
                                                                                            Filter: ((name ~~ '%An%'::text) AND ((gender)::text = 'f'::text))
                                                                                            Rows Removed by Filter: 1
                                                                                ->  Index Scan using movie_id_complete_cast on complete_cast cc  (cost=0.42..2.77 rows=2 width=12) (actual time=0.003..0.003 rows=1 loops=45)
                                                                                      Index Cond: (movie_id = ci.movie_id)
                                                                    ->  Index Scan using person_id_person_info on person_info pi  (cost=0.43..19.50 rows=25 width=8) (actual time=0.009..0.046 rows=194 loops=6)
                                                                          Index Cond: (person_id = ci.person_id)
                                                        ->  Index Scan using title_pkey on title t  (cost=0.43..2.14 rows=1 width=21) (actual time=0.002..0.002 rows=1 loops=296)
                                                              Index Cond: (id = mk.movie_id)
                                                              Filter: ((production_year >= 2000) AND (production_year <= 2010))
                                                              Rows Removed by Filter: 0
                                                  ->  Index Scan using char_name_pkey on char_name chn  (cost=0.43..2.25 rows=1 width=20) (actual time=0.001..0.001 rows=1 loops=256)
                                                        Index Cond: (id = ci.person_role_id)
                                ->  Index Scan using movie_id_movie_companies on movie_companies mc  (cost=0.43..4.81 rows=5 width=8) (actual time=0.002..0.005 rows=26 loops=240)
                                      Index Cond: (movie_id = mk.movie_id)
                          ->  Index Scan using company_name_pkey on company_name cn  (cost=0.42..2.03 rows=1 width=4) (actual time=0.001..0.001 rows=0 loops=6188)
                                Index Cond: (id = mc.company_id)
                                Filter: ((country_code)::text = '[us]'::text)
                                Rows Removed by Filter: 1
                    ->  Index Only Scan using person_id_aka_name on aka_name an  (cost=0.42..2.87 rows=2 width=4) (actual time=0.001..0.002 rows=4 loops=1364)
                          Index Cond: (person_id = pi.person_id)
                          Heap Fetches: 5706
              ->  Index Scan using movie_id_movie_info on movie_info mi  (cost=0.43..41.95 rows=2 width=8) (actual time=0.009..0.063 rows=3 loops=5706)
                    Index Cond: (movie_id = mk.movie_id)
                    Filter: ((info IS NOT NULL) AND ((info ~~ 'Japan:%200%'::text) OR (info ~~ 'USA:%200%'::text)))
                    Rows Removed by Filter: 302
Planning time: 78.138 ms
Execution time: 431.834 ms
