Aggregate  (cost=4059.30..4059.31 rows=1 width=96) (actual time=465.184..465.184 rows=1 loops=1)
  ->  Nested Loop  (cost=11.24..4059.30 rows=1 width=48) (actual time=28.530..461.057 rows=16308 loops=1)
        Join Filter: (mi.movie_id = t.id)
        ->  Nested Loop  (cost=10.81..4057.15 rows=1 width=51) (actual time=28.525..435.971 rows=16368 loops=1)
              Join Filter: (cc.status_id = cct2.id)
              Rows Removed by Join Filter: 11834
              ->  Seq Scan on comp_cast_type cct2  (cost=0.00..18.88 rows=1 width=4) (actual time=0.003..0.004 rows=1 loops=1)
                    Filter: ((kind)::text = 'complete+verified'::text)
                    Rows Removed by Filter: 3
              ->  Nested Loop  (cost=10.81..4038.25 rows=2 width=55) (actual time=12.148..432.906 rows=28202 loops=1)
                    ->  Nested Loop  (cost=10.39..4028.11 rows=5 width=59) (actual time=12.137..208.315 rows=150750 loops=1)
                          Join Filter: (mi.movie_id = mc.movie_id)
                          ->  Nested Loop  (cost=9.96..4023.24 rows=1 width=51) (actual time=12.131..157.884 rows=5190 loops=1)
                                Join Filter: (it.id = mi.info_type_id)
                                ->  Seq Scan on info_type it  (cost=0.00..2.41 rows=1 width=4) (actual time=0.004..0.009 rows=1 loops=1)
                                      Filter: ((info)::text = 'release dates'::text)
                                      Rows Removed by Filter: 112
                                ->  Nested Loop  (cost=9.96..4020.82 rows=1 width=55) (actual time=12.126..157.070 rows=5190 loops=1)
                                      Join Filter: (ci.movie_id = mi.movie_id)
                                      ->  Nested Loop  (cost=9.53..3978.85 rows=1 width=47) (actual time=0.976..30.815 rows=2016 loops=1)
                                            Join Filter: (n.id = an.person_id)
                                            ->  Nested Loop  (cost=9.10..3975.95 rows=1 width=59) (actual time=0.970..29.189 rows=513 loops=1)
                                                  Join Filter: (it3.id = pi.info_type_id)
                                                  Rows Removed by Join Filter: 1603
                                                  ->  Seq Scan on info_type it3  (cost=0.00..2.41 rows=1 width=4) (actual time=0.003..0.009 rows=1 loops=1)
                                                        Filter: ((info)::text = 'trivia'::text)
                                                        Rows Removed by Filter: 112
                                                  ->  Nested Loop  (cost=9.10..3973.53 rows=1 width=63) (actual time=0.966..29.011 rows=2116 loops=1)
                                                        Join Filter: (n.id = pi.person_id)
                                                        ->  Nested Loop  (cost=8.67..3953.71 rows=1 width=55) (actual time=0.959..28.186 rows=23 loops=1)
                                                              Join Filter: (ci.role_id = rt.id)
                                                              ->  Nested Loop  (cost=8.67..3934.83 rows=1 width=59) (actual time=0.955..28.130 rows=23 loops=1)
                                                                    ->  Nested Loop  (cost=8.24..3932.49 rows=1 width=40) (actual time=0.158..22.873 rows=1660 loops=1)
                                                                          ->  Nested Loop  (cost=7.81..3930.24 rows=1 width=28) (actual time=0.154..17.630 rows=2067 loops=1)
                                                                                ->  Nested Loop  (cost=7.25..3882.62 rows=1 width=12) (actual time=0.147..10.159 rows=74 loops=1)
                                                                                      Join Filter: (cc.subject_id = cct1.id)
                                                                                      Rows Removed by Join Filter: 16
                                                                                      ->  Seq Scan on comp_cast_type cct1  (cost=0.00..18.88 rows=1 width=4) (actual time=0.001..0.002 rows=1 loops=1)
                                                                                            Filter: ((kind)::text = 'cast'::text)
                                                                                            Rows Removed by Filter: 3
                                                                                      ->  Nested Loop  (cost=7.25..3863.15 rows=47 width=16) (actual time=0.145..10.143 rows=90 loops=1)
                                                                                            ->  Nested Loop  (cost=6.83..3768.21 rows=34 width=4) (actual time=0.098..9.456 rows=414 loops=1)
                                                                                                  ->  Seq Scan on keyword k  (cost=0.00..2626.12 rows=1 width=4) (actual time=0.027..9.051 rows=1 loops=1)
                                                                                                        Filter: (keyword = 'computer-animation'::text)
                                                                                                        Rows Removed by Filter: 134169
                                                                                                  ->  Bitmap Heap Scan on movie_keyword mk  (cost=6.83..1138.99 rows=309 width=8) (actual time=0.070..0.358 rows=414 loops=1)
                                                                                                        Recheck Cond: (keyword_id = k.id)
                                                                                                        Heap Blocks: exact=358
                                                                                                        ->  Bitmap Index Scan on keyword_id_movie_keyword  (cost=0.00..6.75 rows=309 width=0) (actual time=0.035..0.035 rows=414 loops=1)
                                                                                                              Index Cond: (keyword_id = k.id)
                                                                                            ->  Index Scan using movie_id_complete_cast on complete_cast cc  (cost=0.42..2.77 rows=2 width=12) (actual time=0.001..0.001 rows=0 loops=414)
                                                                                                  Index Cond: (movie_id = mk.movie_id)
                                                                                ->  Index Scan using movie_id_cast_info on cast_info ci  (cost=0.56..47.61 rows=1 width=16) (actual time=0.011..0.097 rows=28 loops=74)
                                                                                      Index Cond: (movie_id = mk.movie_id)
                                                                                      Filter: (note = ANY ('{(voice),"(voice: Japanese version)","(voice) (uncredited)","(voice: English version)"}'::text[]))
                                                                                      Rows Removed by Filter: 94
                                                                          ->  Index Scan using char_name_pkey on char_name chn  (cost=0.43..2.25 rows=1 width=20) (actual time=0.002..0.002 rows=1 loops=2067)
                                                                                Index Cond: (id = ci.person_role_id)
                                                                    ->  Index Scan using name_pkey on name n  (cost=0.43..2.34 rows=1 width=19) (actual time=0.003..0.003 rows=0 loops=1660)
                                                                          Index Cond: (id = ci.person_id)
                                                                          Filter: ((name ~~ '%An%'::text) AND ((gender)::text = 'f'::text))
                                                                          Rows Removed by Filter: 1
                                                              ->  Seq Scan on role_type rt  (cost=0.00..18.88 rows=1 width=4) (actual time=0.001..0.001 rows=1 loops=23)
                                                                    Filter: ((role)::text = 'actress'::text)
                                                                    Rows Removed by Filter: 1
                                                        ->  Index Scan using person_id_person_info on person_info pi  (cost=0.43..19.50 rows=25 width=8) (actual time=0.006..0.021 rows=92 loops=23)
                                                              Index Cond: (person_id = ci.person_id)
                                            ->  Index Only Scan using person_id_aka_name on aka_name an  (cost=0.42..2.87 rows=2 width=4) (actual time=0.002..0.002 rows=4 loops=513)
                                                  Index Cond: (person_id = pi.person_id)
                                                  Heap Fetches: 2016
                                      ->  Index Scan using movie_id_movie_info on movie_info mi  (cost=0.43..41.95 rows=2 width=8) (actual time=0.013..0.062 rows=3 loops=2016)
                                            Index Cond: (movie_id = mk.movie_id)
                                            Filter: ((info IS NOT NULL) AND ((info ~~ 'Japan:%200%'::text) OR (info ~~ 'USA:%200%'::text)))
                                            Rows Removed by Filter: 319
                          ->  Index Scan using movie_id_movie_companies on movie_companies mc  (cost=0.43..4.81 rows=5 width=8) (actual time=0.002..0.005 rows=29 loops=5190)
                                Index Cond: (movie_id = mk.movie_id)
                    ->  Index Scan using company_name_pkey on company_name cn  (cost=0.42..2.03 rows=1 width=4) (actual time=0.001..0.001 rows=0 loops=150750)
                          Index Cond: (id = mc.company_id)
                          Filter: ((country_code)::text = '[us]'::text)
                          Rows Removed by Filter: 1
        ->  Index Scan using title_pkey on title t  (cost=0.43..2.14 rows=1 width=21) (actual time=0.001..0.001 rows=1 loops=16368)
              Index Cond: (id = mk.movie_id)
              Filter: ((production_year >= 2000) AND (production_year <= 2010))
              Rows Removed by Filter: 0
Planning time: 78.379 ms
Execution time: 465.276 ms
