Aggregate  (cost=24135.63..24135.64 rows=1 width=96) (actual time=321.444..321.444 rows=1 loops=1)
  ->  Nested Loop  (cost=11.24..24135.62 rows=1 width=48) (actual time=49.172..317.521 rows=16308 loops=1)
        Join Filter: (ci.person_id = n.id)
        ->  Nested Loop  (cost=10.81..24133.39 rows=1 width=45) (actual time=3.370..212.422 rows=71850 loops=1)
              Join Filter: (it3.id = pi.info_type_id)
              Rows Removed by Join Filter: 196399
              ->  Seq Scan on info_type it3  (cost=0.00..2.41 rows=1 width=4) (actual time=0.008..0.014 rows=1 loops=1)
                    Filter: ((info)::text = 'trivia'::text)
                    Rows Removed by Filter: 112
              ->  Nested Loop  (cost=10.81..24130.66 rows=25 width=49) (actual time=3.359..193.252 rows=268249 loops=1)
                    ->  Nested Loop  (cost=10.38..24110.91 rows=1 width=41) (actual time=3.352..121.978 rows=3501 loops=1)
                          Join Filter: (it.id = mi.info_type_id)
                          ->  Seq Scan on info_type it  (cost=0.00..2.41 rows=1 width=4) (actual time=0.003..0.010 rows=1 loops=1)
                                Filter: ((info)::text = 'release dates'::text)
                                Rows Removed by Filter: 112
                          ->  Nested Loop  (cost=10.38..24108.49 rows=1 width=45) (actual time=3.348..121.487 rows=3501 loops=1)
                                Join Filter: (t.id = mi.movie_id)
                                ->  Nested Loop  (cost=9.95..24066.52 rows=1 width=61) (actual time=3.325..47.638 rows=1139 loops=1)
                                      Join Filter: (rt.id = ci.role_id)
                                      Rows Removed by Join Filter: 2944
                                      ->  Seq Scan on role_type rt  (cost=0.00..18.88 rows=1 width=4) (actual time=0.003..0.005 rows=1 loops=1)
                                            Filter: ((role)::text = 'actress'::text)
                                            Rows Removed by Filter: 11
                                      ->  Nested Loop  (cost=9.95..24047.20 rows=35 width=65) (actual time=3.241..47.260 rows=4083 loops=1)
                                            ->  Nested Loop  (cost=9.52..24003.48 rows=15 width=61) (actual time=3.235..41.303 rows=2170 loops=1)
                                                  ->  Nested Loop  (cost=9.09..23931.58 rows=32 width=49) (actual time=3.228..35.697 rows=2666 loops=1)
                                                        Join Filter: (t.id = ci.movie_id)
                                                        ->  Nested Loop  (cost=8.53..19550.02 rows=92 width=33) (actual time=3.207..26.461 rows=92 loops=1)
                                                              Join Filter: (cc.status_id = cct2.id)
                                                              Rows Removed by Join Filter: 194
                                                              ->  Seq Scan on comp_cast_type cct2  (cost=0.00..18.88 rows=1 width=4) (actual time=0.003..0.003 rows=1 loops=1)
                                                                    Filter: ((kind)::text = 'complete+verified'::text)
                                                                    Rows Removed by Filter: 3
                                                              ->  Nested Loop  (cost=8.53..19527.57 rows=286 width=37) (actual time=2.894..26.422 rows=286 loops=1)
                                                                    Join Filter: (cct1.id = cc.subject_id)
                                                                    Rows Removed by Join Filter: 30
                                                                    ->  Seq Scan on comp_cast_type cct1  (cost=0.00..18.88 rows=1 width=4) (actual time=0.001..0.002 rows=1 loops=1)
                                                                          Filter: ((kind)::text = 'cast'::text)
                                                                          Rows Removed by Filter: 3
                                                                    ->  Nested Loop  (cost=8.53..19504.75 rows=316 width=41) (actual time=2.892..26.369 rows=316 loops=1)
                                                                          ->  Nested Loop  (cost=8.11..17635.33 rows=669 width=29) (actual time=0.140..25.143 rows=669 loops=1)
                                                                                ->  Nested Loop  (cost=7.69..12700.39 rows=2435 width=33) (actual time=0.127..19.322 rows=2435 loops=1)
                                                                                      Join Filter: (mc.movie_id = t.id)
                                                                                      ->  Nested Loop  (cost=7.26..5779.58 rows=3218 width=12) (actual time=0.121..13.683 rows=3218 loops=1)
                                                                                            ->  Nested Loop  (cost=6.83..3768.21 rows=414 width=4) (actual time=0.114..11.011 rows=414 loops=1)
                                                                                                  ->  Seq Scan on keyword k  (cost=0.00..2626.12 rows=1 width=4) (actual time=0.033..10.383 rows=1 loops=1)
                                                                                                        Filter: (keyword = 'computer-animation'::text)
                                                                                                        Rows Removed by Filter: 134169
                                                                                                  ->  Bitmap Heap Scan on movie_keyword mk  (cost=6.83..1138.99 rows=309 width=8) (actual time=0.080..0.573 rows=414 loops=1)
                                                                                                        Recheck Cond: (keyword_id = k.id)
                                                                                                        Heap Blocks: exact=358
                                                                                                        ->  Bitmap Index Scan on keyword_id_movie_keyword  (cost=0.00..6.75 rows=309 width=0) (actual time=0.043..0.043 rows=414 loops=1)
                                                                                                              Index Cond: (keyword_id = k.id)
                                                                                            ->  Index Scan using movie_id_movie_companies on movie_companies mc  (cost=0.43..4.81 rows=5 width=8) (actual time=0.003..0.005 rows=8 loops=414)
                                                                                                  Index Cond: (movie_id = mk.movie_id)
                                                                                      ->  Index Scan using title_pkey on title t  (cost=0.43..2.14 rows=1 width=21) (actual time=0.002..0.002 rows=1 loops=3218)
                                                                                            Index Cond: (id = mk.movie_id)
                                                                                            Filter: ((production_year >= 2000) AND (production_year <= 2010))
                                                                                            Rows Removed by Filter: 0
                                                                                ->  Index Scan using company_name_pkey on company_name cn  (cost=0.42..2.03 rows=1 width=4) (actual time=0.002..0.002 rows=0 loops=2435)
                                                                                      Index Cond: (id = mc.company_id)
                                                                                      Filter: ((country_code)::text = '[us]'::text)
                                                                                      Rows Removed by Filter: 1
                                                                          ->  Index Scan using movie_id_complete_cast on complete_cast cc  (cost=0.42..2.77 rows=2 width=12) (actual time=0.001..0.002 rows=0 loops=669)
                                                                                Index Cond: (movie_id = t.id)
                                                        ->  Index Scan using movie_id_cast_info on cast_info ci  (cost=0.56..47.61 rows=1 width=16) (actual time=0.012..0.096 rows=29 loops=92)
                                                              Index Cond: (movie_id = mk.movie_id)
                                                              Filter: (note = ANY ('{(voice),"(voice: Japanese version)","(voice) (uncredited)","(voice: English version)"}'::text[]))
                                                              Rows Removed by Filter: 130
                                                  ->  Index Scan using char_name_pkey on char_name chn  (cost=0.43..2.25 rows=1 width=20) (actual time=0.002..0.002 rows=1 loops=2666)
                                                        Index Cond: (id = ci.person_role_id)
                                            ->  Index Only Scan using person_id_aka_name on aka_name an  (cost=0.42..2.89 rows=2 width=4) (actual time=0.002..0.002 rows=2 loops=2170)
                                                  Index Cond: (person_id = ci.person_id)
                                                  Heap Fetches: 4083
                                ->  Index Scan using movie_id_movie_info on movie_info mi  (cost=0.43..41.95 rows=2 width=8) (actual time=0.008..0.064 rows=3 loops=1139)
                                      Index Cond: (movie_id = mk.movie_id)
                                      Filter: ((info IS NOT NULL) AND ((info ~~ 'Japan:%200%'::text) OR (info ~~ 'USA:%200%'::text)))
                                      Rows Removed by Filter: 323
                    ->  Index Scan using person_id_person_info on person_info pi  (cost=0.43..19.50 rows=25 width=8) (actual time=0.002..0.011 rows=77 loops=3501)
                          Index Cond: (person_id = ci.person_id)
        ->  Index Scan using name_pkey on name n  (cost=0.43..2.22 rows=1 width=19) (actual time=0.001..0.001 rows=0 loops=71850)
              Index Cond: (id = pi.person_id)
              Filter: ((name ~~ '%An%'::text) AND ((gender)::text = 'f'::text))
              Rows Removed by Filter: 1
Planning time: 78.528 ms
Execution time: 321.571 ms
