Aggregate  (cost=18543.67..18543.68 rows=1 width=96) (actual time=345.588..345.588 rows=1 loops=1)
  ->  Nested Loop  (cost=11.24..18543.67 rows=1 width=48) (actual time=44.239..341.613 rows=16308 loops=1)
        ->  Nested Loop  (cost=10.82..18541.64 rows=1 width=52) (actual time=44.224..228.836 rows=75240 loops=1)
              Join Filter: (t.id = mc.movie_id)
              ->  Nested Loop  (cost=10.39..18536.77 rows=1 width=68) (actual time=44.218..203.221 rows=2868 loops=1)
                    Join Filter: (cc.status_id = cct2.id)
                    Rows Removed by Join Filter: 2306
                    ->  Nested Loop  (cost=10.39..18517.88 rows=1 width=72) (actual time=2.235..197.312 rows=5174 loops=1)
                          Join Filter: (mi.movie_id = t.id)
                          ->  Nested Loop  (cost=9.96..18515.73 rows=1 width=51) (actual time=2.229..188.232 rows=5190 loops=1)
                                Join Filter: (mi.info_type_id = it.id)
                                ->  Nested Loop  (cost=9.96..18513.31 rows=1 width=55) (actual time=2.225..173.330 rows=5190 loops=1)
                                      Join Filter: (cc.subject_id = cct1.id)
                                      Rows Removed by Join Filter: 16
                                      ->  Nested Loop  (cost=9.96..18494.42 rows=1 width=59) (actual time=2.221..168.279 rows=5206 loops=1)
                                            Join Filter: (ci.person_id = n.id)
                                            ->  Nested Loop  (cost=9.53..18492.18 rows=1 width=56) (actual time=0.925..107.656 rows=38177 loops=1)
                                                  Join Filter: (it3.id = pi.info_type_id)
                                                  Rows Removed by Join Filter: 106961
                                                  ->  Seq Scan on info_type it3  (cost=0.00..2.41 rows=1 width=4) (actual time=0.006..0.012 rows=1 loops=1)
                                                        Filter: ((info)::text = 'trivia'::text)
                                                        Rows Removed by Filter: 112
                                                  ->  Nested Loop  (cost=9.53..18489.16 rows=49 width=60) (actual time=0.913..96.382 rows=145138 loops=1)
                                                        ->  Nested Loop  (cost=9.10..18449.66 rows=2 width=52) (actual time=0.908..52.432 rows=2522 loops=1)
                                                              ->  Nested Loop  (cost=8.68..18446.74 rows=1 width=48) (actual time=0.893..48.739 rows=1257 loops=1)
                                                                    Join Filter: (rt.id = ci.role_id)
                                                                    Rows Removed by Join Filter: 3736
                                                                    ->  Seq Scan on role_type rt  (cost=0.00..18.88 rows=1 width=4) (actual time=0.002..0.003 rows=1 loops=1)
                                                                          Filter: ((role)::text = 'actress'::text)
                                                                          Rows Removed by Filter: 11
                                                                    ->  Nested Loop  (cost=8.68..18426.83 rows=83 width=52) (actual time=0.751..48.299 rows=4993 loops=1)
                                                                          ->  Nested Loop  (cost=8.25..18035.87 rows=174 width=40) (actual time=0.745..35.956 rows=5953 loops=1)
                                                                                Join Filter: (mi.movie_id = ci.movie_id)
                                                                                ->  Nested Loop  (cost=7.68..8701.25 rows=196 width=24) (actual time=0.439..16.889 rows=196 loops=1)
                                                                                      ->  Nested Loop  (cost=7.25..4924.33 rows=90 width=16) (actual time=0.152..10.675 rows=90 loops=1)
                                                                                            ->  Nested Loop  (cost=6.83..3768.21 rows=414 width=4) (actual time=0.102..9.883 rows=414 loops=1)
                                                                                                  ->  Seq Scan on keyword k  (cost=0.00..2626.12 rows=1 width=4) (actual time=0.029..9.419 rows=1 loops=1)
                                                                                                        Filter: (keyword = 'computer-animation'::text)
                                                                                                        Rows Removed by Filter: 134169
                                                                                                  ->  Bitmap Heap Scan on movie_keyword mk  (cost=6.83..1138.99 rows=309 width=8) (actual time=0.072..0.412 rows=414 loops=1)
                                                                                                        Recheck Cond: (keyword_id = k.id)
                                                                                                        Heap Blocks: exact=358
                                                                                                        ->  Bitmap Index Scan on keyword_id_movie_keyword  (cost=0.00..6.75 rows=309 width=0) (actual time=0.036..0.036 rows=414 loops=1)
                                                                                                              Index Cond: (keyword_id = k.id)
                                                                                            ->  Index Scan using movie_id_complete_cast on complete_cast cc  (cost=0.42..2.77 rows=2 width=12) (actual time=0.002..0.002 rows=0 loops=414)
                                                                                                  Index Cond: (movie_id = mk.movie_id)
                                                                                      ->  Index Scan using movie_id_movie_info on movie_info mi  (cost=0.43..41.95 rows=2 width=8) (actual time=0.016..0.068 rows=2 loops=90)
                                                                                            Index Cond: (movie_id = mk.movie_id)
                                                                                            Filter: ((info IS NOT NULL) AND ((info ~~ 'Japan:%200%'::text) OR (info ~~ 'USA:%200%'::text)))
                                                                                            Rows Removed by Filter: 228
                                                                                ->  Index Scan using movie_id_cast_info on cast_info ci  (cost=0.56..47.61 rows=1 width=16) (actual time=0.009..0.092 rows=30 loops=196)
                                                                                      Index Cond: (movie_id = mk.movie_id)
                                                                                      Filter: (note = ANY ('{(voice),"(voice: Japanese version)","(voice) (uncredited)","(voice: English version)"}'::text[]))
                                                                                      Rows Removed by Filter: 133
                                                                          ->  Index Scan using char_name_pkey on char_name chn  (cost=0.43..2.25 rows=1 width=20) (actual time=0.002..0.002 rows=1 loops=5953)
                                                                                Index Cond: (id = ci.person_role_id)
                                                              ->  Index Only Scan using person_id_aka_name on aka_name an  (cost=0.42..2.89 rows=2 width=4) (actual time=0.002..0.002 rows=2 loops=1257)
                                                                    Index Cond: (person_id = ci.person_id)
                                                                    Heap Fetches: 2522
                                                        ->  Index Scan using person_id_person_info on person_info pi  (cost=0.43..19.50 rows=25 width=8) (actual time=0.002..0.010 rows=58 loops=2522)
                                                              Index Cond: (person_id = ci.person_id)
                                            ->  Index Scan using name_pkey on name n  (cost=0.43..2.22 rows=1 width=19) (actual time=0.001..0.001 rows=0 loops=38177)
                                                  Index Cond: (id = pi.person_id)
                                                  Filter: ((name ~~ '%An%'::text) AND ((gender)::text = 'f'::text))
                                                  Rows Removed by Filter: 1
                                      ->  Seq Scan on comp_cast_type cct1  (cost=0.00..18.88 rows=1 width=4) (actual time=0.000..0.000 rows=1 loops=5206)
                                            Filter: ((kind)::text = 'cast'::text)
                                            Rows Removed by Filter: 0
                                ->  Seq Scan on info_type it  (cost=0.00..2.41 rows=1 width=4) (actual time=0.002..0.002 rows=1 loops=5190)
                                      Filter: ((info)::text = 'release dates'::text)
                                      Rows Removed by Filter: 15
                          ->  Index Scan using title_pkey on title t  (cost=0.43..2.14 rows=1 width=21) (actual time=0.001..0.001 rows=1 loops=5190)
                                Index Cond: (id = mk.movie_id)
                                Filter: ((production_year >= 2000) AND (production_year <= 2010))
                                Rows Removed by Filter: 0
                    ->  Seq Scan on comp_cast_type cct2  (cost=0.00..18.88 rows=1 width=4) (actual time=0.001..0.001 rows=1 loops=5174)
                          Filter: ((kind)::text = 'complete+verified'::text)
                          Rows Removed by Filter: 3
              ->  Index Scan using movie_id_movie_companies on movie_companies mc  (cost=0.43..4.81 rows=5 width=8) (actual time=0.002..0.005 rows=26 loops=2868)
                    Index Cond: (movie_id = mk.movie_id)
        ->  Index Scan using company_name_pkey on company_name cn  (cost=0.42..2.03 rows=1 width=4) (actual time=0.001..0.001 rows=0 loops=75240)
              Index Cond: (id = mc.company_id)
              Filter: ((country_code)::text = '[us]'::text)
              Rows Removed by Filter: 1
Planning time: 78.931 ms
Execution time: 345.681 ms
