Aggregate  (cost=12076.69..12076.70 rows=1 width=96) (actual time=50.753..50.753 rows=1 loops=1)
  ->  Nested Loop  (cost=11.24..12076.68 rows=1 width=48) (actual time=3.900..47.109 rows=16308 loops=1)
        Join Filter: (it3.id = pi.info_type_id)
        Rows Removed by Join Filter: 51519
        ->  Seq Scan on info_type it3  (cost=0.00..2.41 rows=1 width=4) (actual time=0.007..0.013 rows=1 loops=1)
              Filter: ((info)::text = 'trivia'::text)
              Rows Removed by Filter: 112
        ->  Nested Loop  (cost=11.24..12074.26 rows=1 width=52) (actual time=3.860..42.477 rows=67827 loops=1)
              Join Filter: (n.id = pi.person_id)
              ->  Nested Loop  (cost=10.81..12034.65 rows=2 width=60) (actual time=3.852..23.867 rows=189 loops=1)
                    Join Filter: (it.id = mi.info_type_id)
                    ->  Seq Scan on info_type it  (cost=0.00..2.41 rows=1 width=4) (actual time=0.004..0.020 rows=1 loops=1)
                          Filter: ((info)::text = 'release dates'::text)
                          Rows Removed by Filter: 112
                    ->  Nested Loop  (cost=10.81..12029.87 rows=189 width=64) (actual time=3.848..23.817 rows=189 loops=1)
                          Join Filter: (t.id = mi.movie_id)
                          ->  Nested Loop  (cost=10.38..9175.86 rows=68 width=80) (actual time=3.830..19.403 rows=68 loops=1)
                                ->  Nested Loop  (cost=9.96..8551.64 rows=308 width=84) (actual time=3.810..18.810 rows=308 loops=1)
                                      Join Filter: (t.id = mc.movie_id)
                                      ->  Nested Loop  (cost=9.53..8493.19 rows=12 width=76) (actual time=3.803..18.674 rows=12 loops=1)
                                            Join Filter: (n.id = an.person_id)
                                            ->  Nested Loop  (cost=9.10..8484.43 rows=3 width=72) (actual time=3.795..18.646 rows=3 loops=1)
                                                  Join Filter: (ci.role_id = rt.id)
                                                  ->  Seq Scan on role_type rt  (cost=0.00..18.88 rows=1 width=4) (actual time=0.003..0.005 rows=1 loops=1)
                                                        Filter: ((role)::text = 'actress'::text)
                                                        Rows Removed by Filter: 11
                                                  ->  Nested Loop  (cost=9.10..8465.52 rows=3 width=76) (actual time=3.791..18.639 rows=3 loops=1)
                                                        ->  Nested Loop  (cost=8.67..7461.23 rows=429 width=57) (actual time=0.798..17.150 rows=429 loops=1)
                                                              ->  Nested Loop  (cost=8.24..6245.65 rows=541 width=45) (actual time=0.792..15.618 rows=541 loops=1)
                                                                    Join Filter: (t.id = ci.movie_id)
                                                                    ->  Nested Loop  (cost=7.68..5388.39 rows=18 width=29) (actual time=0.773..12.857 rows=18 loops=1)
                                                                          Join Filter: (cct2.id = cc.status_id)
                                                                          Rows Removed by Join Filter: 37
                                                                          ->  Seq Scan on comp_cast_type cct2  (cost=0.00..18.88 rows=1 width=4) (actual time=0.002..0.003 rows=1 loops=1)
                                                                                Filter: ((kind)::text = 'complete+verified'::text)
                                                                                Rows Removed by Filter: 3
                                                                          ->  Nested Loop  (cost=7.68..5368.83 rows=55 width=33) (actual time=0.734..12.837 rows=55 loops=1)
                                                                                Join Filter: (cct1.id = cc.subject_id)
                                                                                Rows Removed by Join Filter: 6
                                                                                ->  Seq Scan on comp_cast_type cct1  (cost=0.00..18.88 rows=1 width=4) (actual time=0.001..0.002 rows=1 loops=1)
                                                                                      Filter: ((kind)::text = 'cast'::text)
                                                                                      Rows Removed by Filter: 3
                                                                                ->  Nested Loop  (cost=7.68..5349.19 rows=61 width=37) (actual time=0.733..12.824 rows=61 loops=1)
                                                                                      ->  Nested Loop  (cost=7.26..4653.40 rows=249 width=25) (actual time=0.117..12.266 rows=249 loops=1)
                                                                                            ->  Nested Loop  (cost=6.83..3768.21 rows=414 width=4) (actual time=0.110..10.832 rows=414 loops=1)
                                                                                                  ->  Seq Scan on keyword k  (cost=0.00..2626.12 rows=1 width=4) (actual time=0.033..10.273 rows=1 loops=1)
                                                                                                        Filter: (keyword = 'computer-animation'::text)
                                                                                                        Rows Removed by Filter: 134169
                                                                                                  ->  Bitmap Heap Scan on movie_keyword mk  (cost=6.83..1138.99 rows=309 width=8) (actual time=0.076..0.506 rows=414 loops=1)
                                                                                                        Recheck Cond: (keyword_id = k.id)
                                                                                                        Heap Blocks: exact=358
                                                                                                        ->  Bitmap Index Scan on keyword_id_movie_keyword  (cost=0.00..6.75 rows=309 width=0) (actual time=0.040..0.040 rows=414 loops=1)
                                                                                                              Index Cond: (keyword_id = k.id)
                                                                                            ->  Index Scan using title_pkey on title t  (cost=0.43..2.14 rows=1 width=21) (actual time=0.003..0.003 rows=1 loops=414)
                                                                                                  Index Cond: (id = mk.movie_id)
                                                                                                  Filter: ((production_year >= 2000) AND (production_year <= 2010))
                                                                                                  Rows Removed by Filter: 0
                                                                                      ->  Index Scan using movie_id_complete_cast on complete_cast cc  (cost=0.42..2.77 rows=2 width=12) (actual time=0.002..0.002 rows=0 loops=249)
                                                                                            Index Cond: (movie_id = t.id)
                                                                    ->  Index Scan using movie_id_cast_info on cast_info ci  (cost=0.56..47.61 rows=1 width=16) (actual time=0.020..0.148 rows=30 loops=18)
                                                                          Index Cond: (movie_id = mk.movie_id)
                                                                          Filter: (note = ANY ('{(voice),"(voice: Japanese version)","(voice) (uncredited)","(voice: English version)"}'::text[]))
                                                                          Rows Removed by Filter: 124
                                                              ->  Index Scan using char_name_pkey on char_name chn  (cost=0.43..2.25 rows=1 width=20) (actual time=0.003..0.003 rows=1 loops=541)
                                                                    Index Cond: (id = ci.person_role_id)
                                                        ->  Index Scan using name_pkey on name n  (cost=0.43..2.34 rows=1 width=19) (actual time=0.003..0.003 rows=0 loops=429)
                                                              Index Cond: (id = ci.person_id)
                                                              Filter: ((name ~~ '%An%'::text) AND ((gender)::text = 'f'::text))
                                                              Rows Removed by Filter: 1
                                            ->  Index Only Scan using person_id_aka_name on aka_name an  (cost=0.42..2.89 rows=2 width=4) (actual time=0.006..0.008 rows=4 loops=3)
                                                  Index Cond: (person_id = ci.person_id)
                                                  Heap Fetches: 12
                                      ->  Index Scan using movie_id_movie_companies on movie_companies mc  (cost=0.43..4.81 rows=5 width=8) (actual time=0.003..0.007 rows=26 loops=12)
                                            Index Cond: (movie_id = mk.movie_id)
                                ->  Index Scan using company_name_pkey on company_name cn  (cost=0.42..2.03 rows=1 width=4) (actual time=0.002..0.002 rows=0 loops=308)
                                      Index Cond: (id = mc.company_id)
                                      Filter: ((country_code)::text = '[us]'::text)
                                      Rows Removed by Filter: 1
                          ->  Index Scan using movie_id_movie_info on movie_info mi  (cost=0.43..41.95 rows=2 width=8) (actual time=0.009..0.064 rows=3 loops=68)
                                Index Cond: (movie_id = mk.movie_id)
                                Filter: ((info IS NOT NULL) AND ((info ~~ 'Japan:%200%'::text) OR (info ~~ 'USA:%200%'::text)))
                                Rows Removed by Filter: 315
              ->  Index Scan using person_id_person_info on person_info pi  (cost=0.43..19.49 rows=25 width=8) (actual time=0.003..0.048 rows=359 loops=189)
                    Index Cond: (person_id = an.person_id)
Planning time: 77.660 ms
Execution time: 50.867 ms
