Aggregate  (cost=6298.79..6298.80 rows=1 width=32) (actual time=23.014..23.014 rows=1 loops=1)
  ->  Nested Loop  (cost=1.71..6298.79 rows=1 width=17) (actual time=23.013..23.013 rows=0 loops=1)
        Join Filter: (mc.movie_id = t.id)
        ->  Nested Loop  (cost=1.28..6298.29 rows=1 width=8) (actual time=23.013..23.013 rows=0 loops=1)
              ->  Nested Loop  (cost=0.86..6290.32 rows=18 width=12) (actual time=4.280..22.993 rows=2 loops=1)
                    ->  Nested Loop  (cost=0.43..6286.82 rows=2 width=4) (actual time=4.268..22.981 rows=2 loops=1)
                          ->  Seq Scan on company_name cn  (cost=0.00..5932.46 rows=1 width=4) (actual time=4.258..22.970 rows=1 loops=1)
                                Filter: ((country_code)::text = '[sm]'::text)
                                Rows Removed by Filter: 234996
                          ->  Index Scan using company_id_movie_companies on movie_companies mc  (cost=0.43..353.02 rows=133 width=8) (actual time=0.008..0.010 rows=2 loops=1)
                                Index Cond: (company_id = cn.id)
                    ->  Index Scan using movie_id_movie_keyword on movie_keyword mk  (cost=0.43..1.29 rows=46 width=8) (actual time=0.004..0.005 rows=1 loops=2)
                          Index Cond: (movie_id = mc.movie_id)
              ->  Index Scan using keyword_pkey on keyword k  (cost=0.42..0.44 rows=1 width=4) (actual time=0.010..0.010 rows=0 loops=2)
                    Index Cond: (id = mk.keyword_id)
                    Filter: (keyword = 'character-name-in-title'::text)
                    Rows Removed by Filter: 1
        ->  Index Scan using title_pkey on title t  (cost=0.43..0.49 rows=1 width=21) (never executed)
              Index Cond: (id = mk.movie_id)
Planning time: 0.793 ms
Execution time: 23.046 ms
