Aggregate  (cost=3883.46..3883.47 rows=1 width=32) (actual time=536.754..536.754 rows=1 loops=1)
  ->  Nested Loop  (cost=8.11..3883.31 rows=63 width=17) (actual time=5.053..527.463 rows=68316 loops=1)
        ->  Nested Loop  (cost=7.69..3805.27 rows=175 width=21) (actual time=5.026..269.365 rows=148552 loops=1)
              Join Filter: (t.id = mc.movie_id)
              ->  Nested Loop  (cost=7.26..3784.77 rows=34 width=25) (actual time=5.012..136.145 rows=41840 loops=1)
                    ->  Nested Loop  (cost=6.83..3768.21 rows=34 width=4) (actual time=5.002..39.823 rows=41840 loops=1)
                          ->  Seq Scan on keyword k  (cost=0.00..2626.12 rows=1 width=4) (actual time=0.428..9.897 rows=1 loops=1)
                                Filter: (keyword = 'character-name-in-title'::text)
                                Rows Removed by Filter: 134169
                          ->  Bitmap Heap Scan on movie_keyword mk  (cost=6.83..1138.99 rows=309 width=8) (actual time=4.573..25.219 rows=41840 loops=1)
                                Recheck Cond: (keyword_id = k.id)
                                Heap Blocks: exact=11541
                                ->  Bitmap Index Scan on keyword_id_movie_keyword  (cost=0.00..6.75 rows=309 width=0) (actual time=3.084..3.084 rows=41840 loops=1)
                                      Index Cond: (keyword_id = k.id)
                    ->  Index Scan using title_pkey on title t  (cost=0.43..0.49 rows=1 width=21) (actual time=0.002..0.002 rows=1 loops=41840)
                          Index Cond: (id = mk.movie_id)
              ->  Index Scan using movie_id_movie_companies on movie_companies mc  (cost=0.43..0.54 rows=5 width=8) (actual time=0.002..0.003 rows=4 loops=41840)
                    Index Cond: (movie_id = mk.movie_id)
        ->  Index Scan using company_name_pkey on company_name cn  (cost=0.42..0.45 rows=1 width=4) (actual time=0.002..0.002 rows=0 loops=148552)
              Index Cond: (id = mc.company_id)
              Filter: ((country_code)::text = '[us]'::text)
              Rows Removed by Filter: 1
Planning time: 0.878 ms
Execution time: 536.801 ms
