Aggregate  (cost=65505.05..65505.06 rows=1 width=128) (actual time=412.124..412.124 rows=1 loops=1)
  ->  Nested Loop  (cost=3467.79..65505.04 rows=1 width=79) (actual time=24.920..411.725 rows=757 loops=1)
        ->  Nested Loop  (cost=3467.65..65504.86 rows=1 width=83) (actual time=24.916..410.807 rows=757 loops=1)
              Join Filter: (t.id = mi.movie_id)
              ->  Nested Loop  (cost=3467.21..65487.26 rows=1 width=57) (actual time=23.366..342.673 rows=1235 loops=1)
                    ->  Nested Loop  (cost=3467.06..65485.37 rows=11 width=61) (actual time=23.361..341.262 rows=1235 loops=1)
                          ->  Nested Loop  (cost=3466.63..65455.91 rows=27 width=50) (actual time=23.353..335.993 rows=1736 loops=1)
                                Join Filter: (t.id = ci.movie_id)
                                ->  Nested Loop  (cost=3466.07..63857.13 rows=55 width=42) (actual time=23.265..162.186 rows=2023 loops=1)
                                      Join Filter: (it2.id = mi_idx.info_type_id)
                                      Rows Removed by Join Filter: 4143
                                      ->  Seq Scan on info_type it2  (cost=0.00..2.41 rows=1 width=4) (actual time=0.012..0.014 rows=1 loops=1)
                                            Filter: ((info)::text = 'votes'::text)
                                            Rows Removed by Filter: 112
                                      ->  Nested Loop  (cost=3466.07..63777.64 rows=6166 width=46) (actual time=23.251..161.500 rows=6166 loops=1)
                                            Join Filter: (t.id = mi_idx.movie_id)
                                            ->  Hash Join  (cost=3465.64..62118.38 rows=2027 width=33) (actual time=23.241..154.420 rows=2027 loops=1)
                                                  Hash Cond: (mk.keyword_id = k.id)
                                                  ->  Nested Loop  (cost=0.86..56968.81 rows=133450 width=37) (actual time=0.039..121.973 rows=133450 loops=1)
                                                        ->  Nested Loop  (cost=0.43..52368.31 rows=2083 width=29) (actual time=0.027..81.372 rows=2083 loops=1)
                                                              ->  Nested Loop  (cost=0.00..3789.31 rows=24592 width=8) (actual time=0.008..21.324 rows=24592 loops=1)
                                                                    Join Filter: (cct2.id = cc.status_id)
                                                                    Rows Removed by Join Filter: 110494
                                                                    ->  Seq Scan on comp_cast_type cct2  (cost=0.00..18.88 rows=1 width=4) (actual time=0.003..0.003 rows=1 loops=1)
                                                                          Filter: ((kind)::text = 'complete+verified'::text)
                                                                          Rows Removed by Filter: 3
                                                                    ->  Seq Scan on complete_cast cc  (cost=0.00..2081.86 rows=135086 width=12) (actual time=0.005..9.955 rows=135086 loops=1)
                                                              ->  Index Scan using title_pkey on title t  (cost=0.43..1.98 rows=1 width=21) (actual time=0.002..0.002 rows=0 loops=24592)
                                                                    Index Cond: (id = cc.movie_id)
                                                                    Filter: (production_year > 2000)
                                                                    Rows Removed by Filter: 1
                                                        ->  Index Scan using movie_id_movie_keyword on movie_keyword mk  (cost=0.43..1.75 rows=46 width=8) (actual time=0.003..0.012 rows=64 loops=2083)
                                                              Index Cond: (movie_id = t.id)
                                                  ->  Hash  (cost=3464.69..3464.69 rows=7 width=4) (actual time=23.188..23.188 rows=7 loops=1)
                                                        Buckets: 1024  Batches: 1  Memory Usage: 9kB
                                                        ->  Seq Scan on keyword k  (cost=0.00..3464.69 rows=7 width=4) (actual time=0.661..23.185 rows=7 loops=1)
                                                              Filter: (keyword = ANY ('{murder,violence,blood,gore,death,female-nudity,hospital}'::text[]))
                                                              Rows Removed by Filter: 134163
                                            ->  Index Scan using movie_id_movie_info_idx on movie_info_idx mi_idx  (cost=0.43..0.78 rows=3 width=13) (actual time=0.002..0.003 rows=3 loops=2027)
                                                  Index Cond: (movie_id = mk.movie_id)
                                ->  Index Scan using movie_id_cast_info on cast_info ci  (cost=0.56..29.06 rows=1 width=8) (actual time=0.059..0.086 rows=1 loops=2023)
                                      Index Cond: (movie_id = mk.movie_id)
                                      Filter: (note = ANY ('{(writer),"(head writer)","(written by)",(story),"(story editor)"}'::text[]))
                                      Rows Removed by Filter: 137
                          ->  Index Scan using name_pkey on name n  (cost=0.43..1.09 rows=1 width=19) (actual time=0.003..0.003 rows=1 loops=1736)
                                Index Cond: (id = ci.person_id)
                                Filter: ((gender)::text = 'm'::text)
                                Rows Removed by Filter: 0
                    ->  Index Scan using comp_cast_type_pkey on comp_cast_type cct1  (cost=0.15..0.17 rows=1 width=4) (actual time=0.001..0.001 rows=1 loops=1235)
                          Index Cond: (id = cc.subject_id)
                          Filter: ((kind)::text = ANY ('{cast,crew}'::text[]))
              ->  Index Scan using movie_id_movie_info on movie_info mi  (cost=0.43..17.58 rows=1 width=50) (actual time=0.055..0.055 rows=1 loops=1235)
                    Index Cond: (movie_id = mk.movie_id)
                    Filter: (info = ANY ('{Horror,Thriller}'::text[]))
                    Rows Removed by Filter: 238
        ->  Index Scan using info_type_pkey on info_type it1  (cost=0.14..0.16 rows=1 width=4) (actual time=0.001..0.001 rows=1 loops=757)
              Index Cond: (id = mi.info_type_id)
              Filter: ((info)::text = 'genres'::text)
Planning time: 47.635 ms
Execution time: 412.208 ms
