Aggregate  (cost=17581.69..17581.70 rows=1 width=128) (actual time=1501.342..1501.342 rows=1 loops=1)
  ->  Nested Loop  (cost=3798.88..17581.68 rows=1 width=79) (actual time=40.140..1500.689 rows=757 loops=1)
        ->  Nested Loop  (cost=3798.74..17581.49 rows=1 width=83) (actual time=40.135..1498.027 rows=2281 loops=1)
              Join Filter: (t.id = mi_idx.movie_id)
              ->  Nested Loop  (cost=3798.31..17580.67 rows=1 width=94) (actual time=40.125..1494.222 rows=757 loops=1)
                    ->  Nested Loop  (cost=3797.88..17579.58 rows=1 width=83) (actual time=40.117..1489.024 rows=1021 loops=1)
                          Join Filter: (mi.movie_id = t.id)
                          ->  Nested Loop  (cost=3797.45..17578.72 rows=1 width=62) (actual time=38.118..1469.926 rows=6488 loops=1)
                                Join Filter: (mi.movie_id = ci.movie_id)
                                ->  Nested Loop  (cost=3796.89..17549.65 rows=1 width=54) (actual time=38.097..915.139 rows=8247 loops=1)
                                      ->  Nested Loop  (cost=3796.75..17549.47 rows=1 width=58) (actual time=38.092..903.245 rows=10295 loops=1)
                                            ->  Nested Loop  (cost=3796.31..17531.87 rows=1 width=8) (actual time=37.787..213.369 rows=16336 loops=1)
                                                  ->  Hash Join  (cost=3796.16..17514.65 rows=101 width=12) (actual time=37.743..179.200 rows=36010 loops=1)
                                                        Hash Cond: (cc.subject_id = cct1.id)
                                                        ->  Hash Join  (cost=3777.26..17041.58 rows=36010 width=16) (actual time=37.730..172.384 rows=36010 loops=1)
                                                              Hash Cond: (mk.movie_id = cc.movie_id)
                                                              ->  Nested Loop  (cost=6.83..11165.26 rows=76714 width=4) (actual time=2.925..112.557 rows=76714 loops=1)
                                                                    ->  Seq Scan on keyword k  (cost=0.00..3464.69 rows=7 width=4) (actual time=0.652..23.398 rows=7 loops=1)
                                                                          Filter: (keyword = ANY ('{murder,violence,blood,gore,death,female-nudity,hospital}'::text[]))
                                                                          Rows Removed by Filter: 134163
                                                                    ->  Bitmap Heap Scan on movie_keyword mk  (cost=6.83..1096.99 rows=309 width=8) (actual time=2.000..11.587 rows=10959 loops=7)
                                                                          Recheck Cond: (keyword_id = k.id)
                                                                          Heap Blocks: exact=53234
                                                                          ->  Bitmap Index Scan on keyword_id_movie_keyword  (cost=0.00..6.75 rows=309 width=0) (actual time=1.034..1.034 rows=10959 loops=7)
                                                                                Index Cond: (keyword_id = k.id)
                                                              ->  Hash  (cost=2081.86..2081.86 rows=135086 width=12) (actual time=34.485..34.485 rows=135086 loops=1)
                                                                    Buckets: 262144  Batches: 1  Memory Usage: 7853kB
                                                                    ->  Seq Scan on complete_cast cc  (cost=0.00..2081.86 rows=135086 width=12) (actual time=0.007..16.919 rows=135086 loops=1)
                                                        ->  Hash  (cost=18.88..18.88 rows=2 width=4) (actual time=0.007..0.007 rows=2 loops=1)
                                                              Buckets: 1024  Batches: 1  Memory Usage: 9kB
                                                              ->  Seq Scan on comp_cast_type cct1  (cost=0.00..18.88 rows=2 width=4) (actual time=0.005..0.006 rows=2 loops=1)
                                                                    Filter: ((kind)::text = ANY ('{cast,crew}'::text[]))
                                                                    Rows Removed by Filter: 2
                                                  ->  Index Scan using comp_cast_type_pkey on comp_cast_type cct2  (cost=0.15..0.17 rows=1 width=4) (actual time=0.001..0.001 rows=0 loops=36010)
                                                        Index Cond: (id = cc.status_id)
                                                        Filter: ((kind)::text = 'complete+verified'::text)
                                                        Rows Removed by Filter: 1
                                            ->  Index Scan using movie_id_movie_info on movie_info mi  (cost=0.43..17.58 rows=1 width=50) (actual time=0.041..0.042 rows=1 loops=16336)
                                                  Index Cond: (movie_id = mk.movie_id)
                                                  Filter: (info = ANY ('{Horror,Thriller}'::text[]))
                                                  Rows Removed by Filter: 134
                                      ->  Index Scan using info_type_pkey on info_type it1  (cost=0.14..0.16 rows=1 width=4) (actual time=0.001..0.001 rows=1 loops=10295)
                                            Index Cond: (id = mi.info_type_id)
                                            Filter: ((info)::text = 'genres'::text)
                                            Rows Removed by Filter: 0
                                ->  Index Scan using movie_id_cast_info on cast_info ci  (cost=0.56..29.06 rows=1 width=8) (actual time=0.049..0.067 rows=1 loops=8247)
                                      Index Cond: (movie_id = mk.movie_id)
                                      Filter: (note = ANY ('{(writer),"(head writer)","(written by)",(story),"(story editor)"}'::text[]))
                                      Rows Removed by Filter: 77
                          ->  Index Scan using title_pkey on title t  (cost=0.43..0.85 rows=1 width=21) (actual time=0.003..0.003 rows=0 loops=6488)
                                Index Cond: (id = mk.movie_id)
                                Filter: (production_year > 2000)
                                Rows Removed by Filter: 1
                    ->  Index Scan using name_pkey on name n  (cost=0.43..1.09 rows=1 width=19) (actual time=0.005..0.005 rows=1 loops=1021)
                          Index Cond: (id = ci.person_id)
                          Filter: ((gender)::text = 'm'::text)
                          Rows Removed by Filter: 0
              ->  Index Scan using movie_id_movie_info_idx on movie_info_idx mi_idx  (cost=0.43..0.78 rows=3 width=13) (actual time=0.004..0.004 rows=3 loops=757)
                    Index Cond: (movie_id = mk.movie_id)
        ->  Index Scan using info_type_pkey on info_type it2  (cost=0.14..0.16 rows=1 width=4) (actual time=0.001..0.001 rows=0 loops=2281)
              Index Cond: (id = mi_idx.info_type_id)
              Filter: ((info)::text = 'votes'::text)
              Rows Removed by Filter: 1
Planning time: 47.729 ms
Execution time: 1501.464 ms
