Aggregate  (cost=3904.77..3904.78 rows=1 width=128) (actual time=994.371..994.371 rows=1 loops=1)
  ->  Nested Loop  (cost=41.17..3904.76 rows=1 width=79) (actual time=1.304..993.880 rows=757 loops=1)
        ->  Nested Loop  (cost=40.74..3903.69 rows=1 width=68) (actual time=1.295..990.714 rows=1021 loops=1)
              Join Filter: (t.id = ci.movie_id)
              ->  Nested Loop  (cost=40.17..3874.62 rows=1 width=84) (actual time=1.146..897.453 rows=1161 loops=1)
                    ->  Nested Loop  (cost=39.75..3873.17 rows=2 width=88) (actual time=1.073..788.741 rows=51561 loops=1)
                          ->  Nested Loop  (cost=39.32..3870.96 rows=1 width=80) (actual time=1.063..770.404 rows=432 loops=1)
                                Join Filter: (mi.movie_id = t.id)
                                ->  Nested Loop  (cost=38.89..3870.02 rows=1 width=59) (actual time=0.417..754.382 rows=4939 loops=1)
                                      ->  Nested Loop  (cost=38.75..3869.83 rows=1 width=63) (actual time=0.414..747.963 rows=5800 loops=1)
                                            ->  Nested Loop  (cost=38.31..3851.94 rows=1 width=13) (actual time=0.044..135.690 rows=23558 loops=1)
                                                  Join Filter: (it2.id = mi_idx.info_type_id)
                                                  Rows Removed by Join Filter: 47453
                                                  ->  Seq Scan on info_type it2  (cost=0.00..2.41 rows=1 width=4) (actual time=0.012..0.014 rows=1 loops=1)
                                                        Filter: ((info)::text = 'votes'::text)
                                                        Rows Removed by Filter: 112
                                                  ->  Nested Loop  (cost=38.31..3849.22 rows=24 width=17) (actual time=0.029..128.799 rows=71011 loops=1)
                                                        ->  Hash Join  (cost=37.89..3840.32 rows=8 width=4) (actual time=0.021..51.154 rows=24592 loops=1)
                                                              Hash Cond: (cc.status_id = cct2.id)
                                                              ->  Hash Join  (cost=18.96..3804.60 rows=1332 width=8) (actual time=0.011..37.573 rows=135086 loops=1)
                                                                    Hash Cond: (cc.subject_id = cct1.id)
                                                                    ->  Seq Scan on complete_cast cc  (cost=0.00..2081.86 rows=135086 width=12) (actual time=0.005..10.867 rows=135086 loops=1)
                                                                    ->  Hash  (cost=18.88..18.88 rows=7 width=4) (actual time=0.003..0.003 rows=2 loops=1)
                                                                          Buckets: 1024  Batches: 1  Memory Usage: 9kB
                                                                          ->  Seq Scan on comp_cast_type cct1  (cost=0.00..18.88 rows=7 width=4) (actual time=0.001..0.002 rows=2 loops=1)
                                                                                Filter: ((kind)::text = ANY ('{cast,crew}'::text[]))
                                                                                Rows Removed by Filter: 2
                                                              ->  Hash  (cost=18.88..18.88 rows=4 width=4) (actual time=0.005..0.005 rows=1 loops=1)
                                                                    Buckets: 1024  Batches: 1  Memory Usage: 9kB
                                                                    ->  Seq Scan on comp_cast_type cct2  (cost=0.00..18.88 rows=4 width=4) (actual time=0.003..0.003 rows=1 loops=1)
                                                                          Filter: ((kind)::text = 'complete+verified'::text)
                                                                          Rows Removed by Filter: 3
                                                        ->  Index Scan using movie_id_movie_info_idx on movie_info_idx mi_idx  (cost=0.43..1.08 rows=3 width=13) (actual time=0.002..0.003 rows=3 loops=24592)
                                                              Index Cond: (movie_id = cc.movie_id)
                                            ->  Index Scan using movie_id_movie_info on movie_info mi  (cost=0.43..17.89 rows=1 width=50) (actual time=0.025..0.026 rows=0 loops=23558)
                                                  Index Cond: (movie_id = mi_idx.movie_id)
                                                  Filter: (info = ANY ('{Horror,Thriller}'::text[]))
                                                  Rows Removed by Filter: 71
                                      ->  Index Scan using info_type_pkey on info_type it1  (cost=0.14..0.16 rows=1 width=4) (actual time=0.001..0.001 rows=1 loops=5800)
                                            Index Cond: (id = mi.info_type_id)
                                            Filter: ((info)::text = 'genres'::text)
                                            Rows Removed by Filter: 0
                                ->  Index Scan using title_pkey on title t  (cost=0.43..0.93 rows=1 width=21) (actual time=0.003..0.003 rows=0 loops=4939)
                                      Index Cond: (id = mi_idx.movie_id)
                                      Filter: (production_year > 2000)
                                      Rows Removed by Filter: 1
                          ->  Index Scan using movie_id_movie_keyword on movie_keyword mk  (cost=0.43..1.75 rows=46 width=8) (actual time=0.006..0.027 rows=119 loops=432)
                                Index Cond: (movie_id = t.id)
                    ->  Index Scan using keyword_pkey on keyword k  (cost=0.42..0.69 rows=1 width=4) (actual time=0.002..0.002 rows=0 loops=51561)
                          Index Cond: (id = mk.keyword_id)
                          Filter: (keyword = ANY ('{murder,violence,blood,gore,death,female-nudity,hospital}'::text[]))
                          Rows Removed by Filter: 1
              ->  Index Scan using movie_id_cast_info on cast_info ci  (cost=0.56..29.06 rows=1 width=8) (actual time=0.052..0.080 rows=1 loops=1161)
                    Index Cond: (movie_id = mk.movie_id)
                    Filter: (note = ANY ('{(writer),"(head writer)","(written by)",(story),"(story editor)"}'::text[]))
                    Rows Removed by Filter: 126
        ->  Index Scan using name_pkey on name n  (cost=0.43..1.08 rows=1 width=19) (actual time=0.003..0.003 rows=1 loops=1021)
              Index Cond: (id = ci.person_id)
              Filter: ((gender)::text = 'm'::text)
              Rows Removed by Filter: 0
Planning time: 47.446 ms
Execution time: 994.459 ms
