Aggregate  (cost=91815.42..91815.43 rows=1 width=128) (actual time=593.430..593.430 rows=1 loops=1)
  ->  Nested Loop  (cost=10254.29..91815.41 rows=1 width=79) (actual time=95.586..592.993 rows=757 loops=1)
        ->  Nested Loop  (cost=10253.86..91814.31 rows=1 width=68) (actual time=95.577..590.008 rows=1021 loops=1)
              Join Filter: (t.id = ci.movie_id)
              ->  Nested Loop  (cost=10253.30..91785.25 rows=1 width=84) (actual time=95.532..501.179 rows=1161 loops=1)
                    ->  Nested Loop  (cost=10252.88..91250.38 rows=773 width=88) (actual time=67.485..399.958 rows=51561 loops=1)
                          ->  Nested Loop  (cost=10252.45..90296.27 rows=432 width=80) (actual time=67.475..382.006 rows=432 loops=1)
                                Join Filter: (it1.id = mi.info_type_id)
                                ->  Seq Scan on info_type it1  (cost=0.00..2.41 rows=1 width=4) (actual time=0.005..0.013 rows=1 loops=1)
                                      Filter: ((info)::text = 'genres'::text)
                                      Rows Removed by Filter: 112
                                ->  Nested Loop  (cost=10252.45..90288.46 rows=432 width=84) (actual time=67.469..381.902 rows=432 loops=1)
                                      ->  Hash Join  (cost=10252.01..56731.36 rows=1875 width=34) (actual time=50.804..305.695 rows=1875 loops=1)
                                            Hash Cond: (cc.subject_id = cct1.id)
                                            ->  Nested Loop  (cost=10233.11..56688.82 rows=1875 width=38) (actual time=50.793..305.243 rows=1875 loops=1)
                                                  ->  Nested Loop  (cost=10232.68..34814.24 rows=23558 width=17) (actual time=50.783..250.252 rows=23558 loops=1)
                                                        Join Filter: (cc.status_id = cct2.id)
                                                        Rows Removed by Join Filter: 71841
                                                        ->  Seq Scan on comp_cast_type cct2  (cost=0.00..18.88 rows=1 width=4) (actual time=0.001..0.002 rows=1 loops=1)
                                                              Filter: ((kind)::text = 'complete+verified'::text)
                                                              Rows Removed by Filter: 3
                                                        ->  Hash Join  (cost=10232.68..33602.88 rows=95399 width=21) (actual time=50.696..242.710 rows=95399 loops=1)
                                                              Hash Cond: (mi_idx.movie_id = cc.movie_id)
                                                              ->  Nested Loop  (cost=6462.25..22162.36 rows=459925 width=9) (actual time=16.149..124.673 rows=459925 loops=1)
                                                                    ->  Seq Scan on info_type it2  (cost=0.00..2.41 rows=1 width=4) (actual time=0.011..0.015 rows=1 loops=1)
                                                                          Filter: ((info)::text = 'votes'::text)
                                                                          Rows Removed by Filter: 112
                                                                    ->  Bitmap Heap Scan on movie_info_idx mi_idx  (cost=6462.25..18709.86 rows=345009 width=13) (actual time=16.134..71.847 rows=459925 loops=1)
                                                                          Recheck Cond: (info_type_id = it2.id)
                                                                          Heap Blocks: exact=7934
                                                                          ->  Bitmap Index Scan on info_type_id_movie_info_idx  (cost=0.00..6375.99 rows=345009 width=0) (actual time=15.042..15.042 rows=459925 loops=1)
                                                                                Index Cond: (info_type_id = it2.id)
                                                              ->  Hash  (cost=2081.86..2081.86 rows=135086 width=12) (actual time=34.341..34.341 rows=135086 loops=1)
                                                                    Buckets: 262144  Batches: 1  Memory Usage: 7853kB
                                                                    ->  Seq Scan on complete_cast cc  (cost=0.00..2081.86 rows=135086 width=12) (actual time=0.006..17.102 rows=135086 loops=1)
                                                  ->  Index Scan using title_pkey on title t  (cost=0.43..0.93 rows=1 width=21) (actual time=0.002..0.002 rows=0 loops=23558)
                                                        Index Cond: (id = mi_idx.movie_id)
                                                        Filter: (production_year > 2000)
                                                        Rows Removed by Filter: 1
                                            ->  Hash  (cost=18.88..18.88 rows=2 width=4) (actual time=0.006..0.006 rows=2 loops=1)
                                                  Buckets: 1024  Batches: 1  Memory Usage: 9kB
                                                  ->  Seq Scan on comp_cast_type cct1  (cost=0.00..18.88 rows=2 width=4) (actual time=0.003..0.004 rows=2 loops=1)
                                                        Filter: ((kind)::text = ANY ('{cast,crew}'::text[]))
                                                        Rows Removed by Filter: 2
                                      ->  Index Scan using movie_id_movie_info on movie_info mi  (cost=0.43..17.89 rows=1 width=50) (actual time=0.040..0.040 rows=0 loops=1875)
                                            Index Cond: (movie_id = t.id)
                                            Filter: (info = ANY ('{Horror,Thriller}'::text[]))
                                            Rows Removed by Filter: 126
                          ->  Index Scan using movie_id_movie_keyword on movie_keyword mk  (cost=0.43..1.75 rows=46 width=8) (actual time=0.005..0.026 rows=119 loops=432)
                                Index Cond: (movie_id = t.id)
                    ->  Index Scan using keyword_pkey on keyword k  (cost=0.42..0.69 rows=1 width=4) (actual time=0.002..0.002 rows=0 loops=51561)
                          Index Cond: (id = mk.keyword_id)
                          Filter: (keyword = ANY ('{murder,violence,blood,gore,death,female-nudity,hospital}'::text[]))
                          Rows Removed by Filter: 1
              ->  Index Scan using movie_id_cast_info on cast_info ci  (cost=0.56..29.06 rows=1 width=8) (actual time=0.049..0.076 rows=1 loops=1161)
                    Index Cond: (movie_id = mk.movie_id)
                    Filter: (note = ANY ('{(writer),"(head writer)","(written by)",(story),"(story editor)"}'::text[]))
                    Rows Removed by Filter: 126
        ->  Index Scan using name_pkey on name n  (cost=0.43..1.09 rows=1 width=19) (actual time=0.003..0.003 rows=1 loops=1021)
              Index Cond: (id = ci.person_id)
              Filter: ((gender)::text = 'm'::text)
              Rows Removed by Filter: 0
Planning time: 47.247 ms
Execution time: 593.545 ms
