Aggregate  (cost=52768.71..52768.72 rows=1 width=128) (actual time=84.857..84.857 rows=1 loops=1)
  ->  Nested Loop  (cost=3.14..52768.70 rows=1 width=79) (actual time=16.492..84.832 rows=28 loops=1)
        ->  Nested Loop  (cost=2.71..52767.61 rows=1 width=68) (actual time=16.481..84.755 rows=28 loops=1)
              ->  Nested Loop  (cost=2.29..52758.54 rows=13 width=72) (actual time=16.460..82.619 rows=1060 loops=1)
                    Join Filter: (t.id = mk.movie_id)
                    ->  Nested Loop  (cost=1.86..52742.28 rows=7 width=88) (actual time=16.435..82.265 rows=7 loops=1)
                          Join Filter: (cc.subject_id = cct1.id)
                          ->  Nested Loop  (cost=1.86..52723.19 rows=7 width=92) (actual time=16.425..82.250 rows=7 loops=1)
                                Join Filter: (it2.id = mi_idx.info_type_id)
                                Rows Removed by Join Filter: 14
                                ->  Seq Scan on info_type it2  (cost=0.00..2.41 rows=1 width=4) (actual time=0.015..0.017 rows=1 loops=1)
                                      Filter: ((info)::text = 'votes'::text)
                                      Rows Removed by Filter: 112
                                ->  Nested Loop  (cost=1.86..52720.51 rows=21 width=96) (actual time=16.408..82.229 rows=21 loops=1)
                                      Join Filter: (t.id = mi_idx.movie_id)
                                      ->  Nested Loop  (cost=1.43..52714.61 rows=7 width=83) (actual time=16.399..82.193 rows=7 loops=1)
                                            Join Filter: (it1.id = mi.info_type_id)
                                            ->  Seq Scan on info_type it1  (cost=0.00..2.41 rows=1 width=4) (actual time=0.003..0.011 rows=1 loops=1)
                                                  Filter: ((info)::text = 'genres'::text)
                                                  Rows Removed by Filter: 112
                                            ->  Nested Loop  (cost=1.43..52712.11 rows=7 width=87) (actual time=16.395..82.178 rows=7 loops=1)
                                                  Join Filter: (t.id = mi.movie_id)
                                                  ->  Nested Loop  (cost=0.99..52622.37 rows=5 width=37) (actual time=16.256..81.632 rows=5 loops=1)
                                                        Join Filter: (t.id = ci.movie_id)
                                                        ->  Nested Loop  (cost=0.43..52552.76 rows=2 width=29) (actual time=16.173..81.360 rows=2 loops=1)
                                                              ->  Nested Loop  (cost=0.00..3789.31 rows=24592 width=8) (actual time=0.010..20.873 rows=24592 loops=1)
                                                                    Join Filter: (cc.status_id = cct2.id)
                                                                    Rows Removed by Join Filter: 110494
                                                                    ->  Seq Scan on comp_cast_type cct2  (cost=0.00..18.88 rows=1 width=4) (actual time=0.003..0.004 rows=1 loops=1)
                                                                          Filter: ((kind)::text = 'complete+verified'::text)
                                                                          Rows Removed by Filter: 3
                                                                    ->  Seq Scan on complete_cast cc  (cost=0.00..2081.86 rows=135086 width=12) (actual time=0.006..9.872 rows=135086 loops=1)
                                                              ->  Index Scan using title_pkey on title t  (cost=0.43..1.98 rows=1 width=21) (actual time=0.002..0.002 rows=0 loops=24592)
                                                                    Index Cond: (id = cc.movie_id)
                                                                    Filter: ((production_year > 2000) AND ((title ~~ '%Freddy%'::text) OR (title ~~ '%Jason%'::text) OR (title ~~ 'Saw%'::text)))
                                                                    Rows Removed by Filter: 1
                                                        ->  Index Scan using movie_id_cast_info on cast_info ci  (cost=0.56..34.80 rows=1 width=8) (actual time=0.064..0.134 rows=2 loops=2)
                                                              Index Cond: (movie_id = cc.movie_id)
                                                              Filter: (note = ANY ('{(writer),"(head writer)","(written by)",(story),"(story editor)"}'::text[]))
                                                              Rows Removed by Filter: 95
                                                  ->  Index Scan using movie_id_movie_info on movie_info mi  (cost=0.43..17.93 rows=1 width=50) (actual time=0.107..0.108 rows=1 loops=5)
                                                        Index Cond: (movie_id = ci.movie_id)
                                                        Filter: (info = ANY ('{Horror,Thriller}'::text[]))
                                                        Rows Removed by Filter: 451
                                      ->  Index Scan using movie_id_movie_info_idx on movie_info_idx mi_idx  (cost=0.43..0.81 rows=3 width=13) (actual time=0.003..0.004 rows=3 loops=7)
                                            Index Cond: (movie_id = ci.movie_id)
                          ->  Materialize  (cost=0.00..18.89 rows=2 width=4) (actual time=0.001..0.001 rows=1 loops=7)
                                ->  Seq Scan on comp_cast_type cct1  (cost=0.00..18.88 rows=2 width=4) (actual time=0.006..0.006 rows=1 loops=1)
                                      Filter: ((kind)::text = ANY ('{cast,crew}'::text[]))
                    ->  Index Scan using movie_id_movie_keyword on movie_keyword mk  (cost=0.43..1.75 rows=46 width=8) (actual time=0.006..0.026 rows=151 loops=7)
                          Index Cond: (movie_id = mi_idx.movie_id)
              ->  Index Scan using keyword_pkey on keyword k  (cost=0.42..0.69 rows=1 width=4) (actual time=0.002..0.002 rows=0 loops=1060)
                    Index Cond: (id = mk.keyword_id)
                    Filter: (keyword = ANY ('{murder,violence,blood,gore,death,female-nudity,hospital}'::text[]))
                    Rows Removed by Filter: 1
        ->  Index Scan using name_pkey on name n  (cost=0.43..1.09 rows=1 width=19) (actual time=0.002..0.002 rows=1 loops=28)
              Index Cond: (id = ci.person_id)
              Filter: ((gender)::text = 'm'::text)
Planning time: 47.426 ms
Execution time: 84.963 ms
