Aggregate  (cost=18578.40..18578.41 rows=1 width=128) (actual time=947.895..947.895 rows=1 loops=1)
  ->  Nested Loop  (cost=3798.73..18578.39 rows=1 width=79) (actual time=351.995..947.840 rows=28 loops=1)
        ->  Nested Loop  (cost=3798.59..18578.20 rows=1 width=83) (actual time=351.988..947.726 rows=84 loops=1)
              Join Filter: (t.id = mi_idx.movie_id)
              ->  Nested Loop  (cost=3798.16..18577.39 rows=1 width=94) (actual time=351.977..947.585 rows=28 loops=1)
                    ->  Nested Loop  (cost=3797.73..18576.30 rows=1 width=83) (actual time=351.965..947.426 rows=28 loops=1)
                          Join Filter: (t.id = ci.movie_id)
                          ->  Nested Loop  (cost=3797.17..18547.23 rows=1 width=75) (actual time=351.876..946.039 rows=12 loops=1)
                                Join Filter: (mi.movie_id = t.id)
                                ->  Nested Loop  (cost=3796.74..18546.36 rows=1 width=54) (actual time=40.680..918.505 rows=8247 loops=1)
                                      ->  Nested Loop  (cost=3796.60..18544.87 rows=9 width=58) (actual time=40.673..907.298 rows=10295 loops=1)
                                            ->  Hash Join  (cost=3796.16..17735.51 rows=46 width=8) (actual time=40.331..190.655 rows=16336 loops=1)
                                                  Hash Cond: (cc.subject_id = cct1.id)
                                                  ->  Nested Loop  (cost=3777.26..17510.58 rows=16336 width=12) (actual time=40.315..187.285 rows=16336 loops=1)
                                                        Join Filter: (cct2.id = cc.status_id)
                                                        Rows Removed by Join Filter: 19674
                                                        ->  Seq Scan on comp_cast_type cct2  (cost=0.00..18.88 rows=1 width=4) (actual time=0.001..0.002 rows=1 loops=1)
                                                              Filter: ((kind)::text = 'complete+verified'::text)
                                                              Rows Removed by Filter: 3
                                                        ->  Hash Join  (cost=3777.26..17041.58 rows=36010 width=16) (actual time=40.290..183.659 rows=36010 loops=1)
                                                              Hash Cond: (mk.movie_id = cc.movie_id)
                                                              ->  Nested Loop  (cost=6.83..11165.26 rows=76714 width=4) (actual time=2.862..119.062 rows=76714 loops=1)
                                                                    ->  Seq Scan on keyword k  (cost=0.00..3464.69 rows=7 width=4) (actual time=0.663..23.443 rows=7 loops=1)
                                                                          Filter: (keyword = ANY ('{murder,violence,blood,gore,death,female-nudity,hospital}'::text[]))
                                                                          Rows Removed by Filter: 134163
                                                                    ->  Bitmap Heap Scan on movie_keyword mk  (cost=6.83..1096.99 rows=309 width=8) (actual time=2.014..12.496 rows=10959 loops=7)
                                                                          Recheck Cond: (keyword_id = k.id)
                                                                          Heap Blocks: exact=53234
                                                                          ->  Bitmap Index Scan on keyword_id_movie_keyword  (cost=0.00..6.75 rows=309 width=0) (actual time=1.048..1.048 rows=10959 loops=7)
                                                                                Index Cond: (keyword_id = k.id)
                                                              ->  Hash  (cost=2081.86..2081.86 rows=135086 width=12) (actual time=37.104..37.104 rows=135086 loops=1)
                                                                    Buckets: 262144  Batches: 1  Memory Usage: 7853kB
                                                                    ->  Seq Scan on complete_cast cc  (cost=0.00..2081.86 rows=135086 width=12) (actual time=0.008..17.171 rows=135086 loops=1)
                                                  ->  Hash  (cost=18.88..18.88 rows=2 width=4) (actual time=0.010..0.010 rows=2 loops=1)
                                                        Buckets: 1024  Batches: 1  Memory Usage: 9kB
                                                        ->  Seq Scan on comp_cast_type cct1  (cost=0.00..18.88 rows=2 width=4) (actual time=0.006..0.007 rows=2 loops=1)
                                                              Filter: ((kind)::text = ANY ('{cast,crew}'::text[]))
                                                              Rows Removed by Filter: 2
                                            ->  Index Scan using movie_id_movie_info on movie_info mi  (cost=0.43..17.58 rows=1 width=50) (actual time=0.042..0.044 rows=1 loops=16336)
                                                  Index Cond: (movie_id = mk.movie_id)
                                                  Filter: (info = ANY ('{Horror,Thriller}'::text[]))
                                                  Rows Removed by Filter: 134
                                      ->  Index Scan using info_type_pkey on info_type it1  (cost=0.14..0.16 rows=1 width=4) (actual time=0.001..0.001 rows=1 loops=10295)
                                            Index Cond: (id = mi.info_type_id)
                                            Filter: ((info)::text = 'genres'::text)
                                            Rows Removed by Filter: 0
                                ->  Index Scan using title_pkey on title t  (cost=0.43..0.86 rows=1 width=21) (actual time=0.003..0.003 rows=0 loops=8247)
                                      Index Cond: (id = mk.movie_id)
                                      Filter: ((production_year > 2000) AND ((title ~~ '%Freddy%'::text) OR (title ~~ '%Jason%'::text) OR (title ~~ 'Saw%'::text)))
                                      Rows Removed by Filter: 1
                          ->  Index Scan using movie_id_cast_info on cast_info ci  (cost=0.56..29.06 rows=1 width=8) (actual time=0.055..0.114 rows=2 loops=12)
                                Index Cond: (movie_id = mk.movie_id)
                                Filter: (note = ANY ('{(writer),"(head writer)","(written by)",(story),"(story editor)"}'::text[]))
                                Rows Removed by Filter: 107
                    ->  Index Scan using name_pkey on name n  (cost=0.43..1.09 rows=1 width=19) (actual time=0.005..0.005 rows=1 loops=28)
                          Index Cond: (id = ci.person_id)
                          Filter: ((gender)::text = 'm'::text)
              ->  Index Scan using movie_id_movie_info_idx on movie_info_idx mi_idx  (cost=0.43..0.78 rows=3 width=13) (actual time=0.003..0.004 rows=3 loops=28)
                    Index Cond: (movie_id = mk.movie_id)
        ->  Index Scan using info_type_pkey on info_type it2  (cost=0.14..0.16 rows=1 width=4) (actual time=0.001..0.001 rows=0 loops=84)
              Index Cond: (id = mi_idx.info_type_id)
              Filter: ((info)::text = 'votes'::text)
              Rows Removed by Filter: 1
Planning time: 47.598 ms
Execution time: 948.033 ms
