Aggregate  (cost=50444.13..50444.14 rows=1 width=128) (actual time=276.214..276.214 rows=1 loops=1)
  ->  Nested Loop  (cost=3779.99..50444.12 rows=1 width=79) (actual time=124.387..276.166 rows=28 loops=1)
        ->  Nested Loop  (cost=3779.85..50443.93 rows=1 width=83) (actual time=124.380..276.101 rows=28 loops=1)
              ->  Nested Loop  (cost=3779.70..50425.51 rows=108 width=87) (actual time=60.545..275.976 rows=108 loops=1)
                    ->  Nested Loop  (cost=3779.55..50407.10 rows=108 width=91) (actual time=60.537..275.812 rows=108 loops=1)
                          ->  Nested Loop  (cost=3779.12..50289.25 rows=108 width=80) (actual time=60.528..275.381 rows=108 loops=1)
                                Join Filter: (t.id = ci.movie_id)
                                ->  Nested Loop  (cost=3778.55..48574.19 rows=59 width=96) (actual time=60.427..270.981 rows=59 loops=1)
                                      Join Filter: (t.id = mi.movie_id)
                                      ->  Nested Loop  (cost=3778.12..47940.69 rows=36 width=46) (actual time=60.336..267.689 rows=36 loops=1)
                                            Join Filter: (it2.id = mi_idx.info_type_id)
                                            Rows Removed by Join Filter: 72
                                            ->  Seq Scan on info_type it2  (cost=0.00..2.41 rows=1 width=4) (actual time=0.012..0.015 rows=1 loops=1)
                                                  Filter: ((info)::text = 'votes'::text)
                                                  Rows Removed by Filter: 112
                                            ->  Nested Loop  (cost=3778.12..47936.93 rows=108 width=50) (actual time=60.321..267.650 rows=108 loops=1)
                                                  Join Filter: (t.id = mi_idx.movie_id)
                                                  ->  Nested Loop  (cost=3777.69..47905.82 rows=38 width=37) (actual time=60.311..267.414 rows=38 loops=1)
                                                        ->  Hash Join  (cost=3777.26..17041.58 rows=36010 width=16) (actual time=42.192..175.472 rows=36010 loops=1)
                                                              Hash Cond: (mk.movie_id = cc.movie_id)
                                                              ->  Nested Loop  (cost=6.83..11165.26 rows=76714 width=4) (actual time=2.983..110.925 rows=76714 loops=1)
                                                                    ->  Seq Scan on keyword k  (cost=0.00..3464.69 rows=7 width=4) (actual time=0.694..23.271 rows=7 loops=1)
                                                                          Filter: (keyword = ANY ('{murder,violence,blood,gore,death,female-nudity,hospital}'::text[]))
                                                                          Rows Removed by Filter: 134163
                                                                    ->  Bitmap Heap Scan on movie_keyword mk  (cost=6.83..1096.99 rows=309 width=8) (actual time=2.012..11.422 rows=10959 loops=7)
                                                                          Recheck Cond: (keyword_id = k.id)
                                                                          Heap Blocks: exact=53234
                                                                          ->  Bitmap Index Scan on keyword_id_movie_keyword  (cost=0.00..6.75 rows=309 width=0) (actual time=1.050..1.050 rows=10959 loops=7)
                                                                                Index Cond: (keyword_id = k.id)
                                                              ->  Hash  (cost=2081.86..2081.86 rows=135086 width=12) (actual time=38.882..38.882 rows=135086 loops=1)
                                                                    Buckets: 262144  Batches: 1  Memory Usage: 7853kB
                                                                    ->  Seq Scan on complete_cast cc  (cost=0.00..2081.86 rows=135086 width=12) (actual time=0.009..16.355 rows=135086 loops=1)
                                                        ->  Index Scan using title_pkey on title t  (cost=0.43..0.86 rows=1 width=21) (actual time=0.002..0.002 rows=0 loops=36010)
                                                              Index Cond: (id = mk.movie_id)
                                                              Filter: ((production_year > 2000) AND ((title ~~ '%Freddy%'::text) OR (title ~~ '%Jason%'::text) OR (title ~~ 'Saw%'::text)))
                                                              Rows Removed by Filter: 1
                                                  ->  Index Scan using movie_id_movie_info_idx on movie_info_idx mi_idx  (cost=0.43..0.78 rows=3 width=13) (actual time=0.004..0.005 rows=3 loops=38)
                                                        Index Cond: (movie_id = mk.movie_id)
                                      ->  Index Scan using movie_id_movie_info on movie_info mi  (cost=0.43..17.58 rows=1 width=50) (actual time=0.090..0.090 rows=2 loops=36)
                                            Index Cond: (movie_id = mk.movie_id)
                                            Filter: (info = ANY ('{Horror,Thriller}'::text[]))
                                            Rows Removed by Filter: 290
                                ->  Index Scan using movie_id_cast_info on cast_info ci  (cost=0.56..29.06 rows=1 width=8) (actual time=0.046..0.074 rows=2 loops=59)
                                      Index Cond: (movie_id = mk.movie_id)
                                      Filter: (note = ANY ('{(writer),"(head writer)","(written by)",(story),"(story editor)"}'::text[]))
                                      Rows Removed by Filter: 88
                          ->  Index Scan using name_pkey on name n  (cost=0.43..1.09 rows=1 width=19) (actual time=0.003..0.003 rows=1 loops=108)
                                Index Cond: (id = ci.person_id)
                                Filter: ((gender)::text = 'm'::text)
                    ->  Index Scan using comp_cast_type_pkey on comp_cast_type cct1  (cost=0.15..0.17 rows=1 width=4) (actual time=0.001..0.001 rows=1 loops=108)
                          Index Cond: (id = cc.subject_id)
                          Filter: ((kind)::text = ANY ('{cast,crew}'::text[]))
              ->  Index Scan using comp_cast_type_pkey on comp_cast_type cct2  (cost=0.15..0.17 rows=1 width=4) (actual time=0.001..0.001 rows=0 loops=108)
                    Index Cond: (id = cc.status_id)
                    Filter: ((kind)::text = 'complete+verified'::text)
                    Rows Removed by Filter: 1
        ->  Index Scan using info_type_pkey on info_type it1  (cost=0.14..0.16 rows=1 width=4) (actual time=0.002..0.002 rows=1 loops=28)
              Index Cond: (id = mi.info_type_id)
              Filter: ((info)::text = 'genres'::text)
Planning time: 46.994 ms
Execution time: 276.356 ms
