Aggregate  (cost=53311.69..53311.70 rows=1 width=128) (actual time=84.633..84.633 rows=1 loops=1)
  ->  Nested Loop  (cost=3.14..53311.41 rows=28 width=79) (actual time=16.432..84.605 rows=28 loops=1)
        ->  Nested Loop  (cost=2.71..53280.85 rows=28 width=68) (actual time=16.422..84.522 rows=28 loops=1)
              Join Filter: (t.id = ci.movie_id)
              ->  Nested Loop  (cost=2.15..52932.03 rows=12 width=84) (actual time=16.339..83.717 rows=12 loops=1)
                    Join Filter: (it1.id = mi.info_type_id)
                    ->  Seq Scan on info_type it1  (cost=0.00..2.41 rows=1 width=4) (actual time=0.018..0.027 rows=1 loops=1)
                          Filter: ((info)::text = 'genres'::text)
                          Rows Removed by Filter: 112
                    ->  Nested Loop  (cost=2.15..52929.47 rows=12 width=88) (actual time=16.319..83.684 rows=12 loops=1)
                          Join Filter: (t.id = mi.movie_id)
                          ->  Nested Loop  (cost=1.71..52788.69 rows=8 width=38) (actual time=16.166..82.822 rows=8 loops=1)
                                Join Filter: (it2.id = mi_idx.info_type_id)
                                Rows Removed by Join Filter: 16
                                ->  Seq Scan on info_type it2  (cost=0.00..2.41 rows=1 width=4) (actual time=0.008..0.011 rows=1 loops=1)
                                      Filter: ((info)::text = 'votes'::text)
                                      Rows Removed by Filter: 112
                                ->  Nested Loop  (cost=1.71..52785.97 rows=24 width=42) (actual time=16.156..82.805 rows=24 loops=1)
                                      Join Filter: (t.id = mi_idx.movie_id)
                                      ->  Nested Loop  (cost=1.28..52779.43 rows=8 width=29) (actual time=16.146..82.764 rows=8 loops=1)
                                            ->  Nested Loop  (cost=0.86..52578.03 rows=291 width=33) (actual time=16.117..81.873 rows=291 loops=1)
                                                  Join Filter: (t.id = mk.movie_id)
                                                  ->  Nested Loop  (cost=0.43..52571.70 rows=2 width=25) (actual time=16.102..81.749 rows=2 loops=1)
                                                        Join Filter: (cc.subject_id = cct1.id)
                                                        ->  Nested Loop  (cost=0.43..52552.76 rows=2 width=29) (actual time=16.088..81.732 rows=2 loops=1)
                                                              ->  Nested Loop  (cost=0.00..3789.31 rows=24592 width=8) (actual time=0.016..21.109 rows=24592 loops=1)
                                                                    Join Filter: (cct2.id = cc.status_id)
                                                                    Rows Removed by Join Filter: 110494
                                                                    ->  Seq Scan on comp_cast_type cct2  (cost=0.00..18.88 rows=1 width=4) (actual time=0.006..0.007 rows=1 loops=1)
                                                                          Filter: ((kind)::text = 'complete+verified'::text)
                                                                          Rows Removed by Filter: 3
                                                                    ->  Seq Scan on complete_cast cc  (cost=0.00..2081.86 rows=135086 width=12) (actual time=0.009..9.928 rows=135086 loops=1)
                                                              ->  Index Scan using title_pkey on title t  (cost=0.43..1.98 rows=1 width=21) (actual time=0.002..0.002 rows=0 loops=24592)
                                                                    Index Cond: (id = cc.movie_id)
                                                                    Filter: ((production_year > 2000) AND ((title ~~ '%Freddy%'::text) OR (title ~~ '%Jason%'::text) OR (title ~~ 'Saw%'::text)))
                                                                    Rows Removed by Filter: 1
                                                        ->  Materialize  (cost=0.00..18.89 rows=2 width=4) (actual time=0.007..0.007 rows=1 loops=2)
                                                              ->  Seq Scan on comp_cast_type cct1  (cost=0.00..18.88 rows=2 width=4) (actual time=0.009..0.009 rows=1 loops=1)
                                                                    Filter: ((kind)::text = ANY ('{cast,crew}'::text[]))
                                                  ->  Index Scan using movie_id_movie_keyword on movie_keyword mk  (cost=0.43..2.59 rows=46 width=8) (actual time=0.012..0.039 rows=146 loops=2)
                                                        Index Cond: (movie_id = cc.movie_id)
                                            ->  Index Scan using keyword_pkey on keyword k  (cost=0.42..0.69 rows=1 width=4) (actual time=0.003..0.003 rows=0 loops=291)
                                                  Index Cond: (id = mk.keyword_id)
                                                  Filter: (keyword = ANY ('{murder,violence,blood,gore,death,female-nudity,hospital}'::text[]))
                                                  Rows Removed by Filter: 1
                                      ->  Index Scan using movie_id_movie_info_idx on movie_info_idx mi_idx  (cost=0.43..0.78 rows=3 width=13) (actual time=0.003..0.004 rows=3 loops=8)
                                            Index Cond: (movie_id = mk.movie_id)
                          ->  Index Scan using movie_id_movie_info on movie_info mi  (cost=0.43..17.58 rows=1 width=50) (actual time=0.106..0.107 rows=2 loops=8)
                                Index Cond: (movie_id = mk.movie_id)
                                Filter: (info = ANY ('{Horror,Thriller}'::text[]))
                                Rows Removed by Filter: 452
              ->  Index Scan using movie_id_cast_info on cast_info ci  (cost=0.56..29.06 rows=1 width=8) (actual time=0.029..0.066 rows=2 loops=12)
                    Index Cond: (movie_id = mk.movie_id)
                    Filter: (note = ANY ('{(writer),"(head writer)","(written by)",(story),"(story editor)"}'::text[]))
                    Rows Removed by Filter: 107
        ->  Index Scan using name_pkey on name n  (cost=0.43..1.09 rows=1 width=19) (actual time=0.003..0.003 rows=1 loops=28)
              Index Cond: (id = ci.person_id)
              Filter: ((gender)::text = 'm'::text)
Planning time: 46.822 ms
Execution time: 84.775 ms
