Aggregate  (cost=3877.08..3877.09 rows=1 width=128) (actual time=715.435..715.435 rows=1 loops=1)
  ->  Nested Loop  (cost=3.14..3877.07 rows=1 width=79) (actual time=142.403..715.406 rows=28 loops=1)
        ->  Nested Loop  (cost=2.72..3875.62 rows=2 width=83) (actual time=142.383..713.174 rows=1060 loops=1)
              Join Filter: (t.id = mk.movie_id)
              ->  Nested Loop  (cost=2.29..3873.29 rows=1 width=99) (actual time=142.366..712.803 rows=7 loops=1)
                    ->  Nested Loop  (cost=1.86..3872.20 rows=1 width=88) (actual time=142.356..712.761 rows=7 loops=1)
                          Join Filter: (t.id = ci.movie_id)
                          ->  Nested Loop  (cost=1.29..3842.73 rows=1 width=80) (actual time=142.265..712.399 rows=3 loops=1)
                                Join Filter: (mi.movie_id = t.id)
                                ->  Nested Loop  (cost=0.86..3841.78 rows=1 width=59) (actual time=0.394..695.661 rows=4939 loops=1)
                                      Join Filter: (it2.id = mi_idx.info_type_id)
                                      Rows Removed by Join Filter: 9980
                                      ->  Seq Scan on info_type it2  (cost=0.00..2.41 rows=1 width=4) (actual time=0.015..0.017 rows=1 loops=1)
                                            Filter: ((info)::text = 'votes'::text)
                                            Rows Removed by Filter: 112
                                      ->  Nested Loop  (cost=0.86..3839.33 rows=3 width=63) (actual time=0.377..694.097 rows=14919 loops=1)
                                            Join Filter: (mi.movie_id = mi_idx.movie_id)
                                            ->  Nested Loop  (cost=0.43..3838.21 rows=1 width=50) (actual time=0.369..674.181 rows=4943 loops=1)
                                                  Join Filter: (it1.id = mi.info_type_id)
                                                  Rows Removed by Join Filter: 861
                                                  ->  Seq Scan on info_type it1  (cost=0.00..2.41 rows=1 width=4) (actual time=0.003..0.011 rows=1 loops=1)
                                                        Filter: ((info)::text = 'genres'::text)
                                                        Rows Removed by Filter: 112
                                                  ->  Nested Loop  (cost=0.43..3835.79 rows=1 width=54) (actual time=0.366..673.338 rows=5804 loops=1)
                                                        ->  Nested Loop  (cost=0.00..3813.89 rows=1 width=4) (actual time=0.013..30.520 rows=24592 loops=1)
                                                              Join Filter: (cc.subject_id = cct1.id)
                                                              Rows Removed by Join Filter: 6713
                                                              ->  Nested Loop  (cost=0.00..3789.31 rows=190 width=8) (actual time=0.009..23.620 rows=24592 loops=1)
                                                                    Join Filter: (cc.status_id = cct2.id)
                                                                    Rows Removed by Join Filter: 110494
                                                                    ->  Seq Scan on comp_cast_type cct2  (cost=0.00..18.88 rows=1 width=4) (actual time=0.004..0.004 rows=1 loops=1)
                                                                          Filter: ((kind)::text = 'complete+verified'::text)
                                                                          Rows Removed by Filter: 3
                                                                    ->  Seq Scan on complete_cast cc  (cost=0.00..2081.86 rows=135086 width=12) (actual time=0.005..11.094 rows=135086 loops=1)
                                                              ->  Materialize  (cost=0.00..18.89 rows=2 width=4) (actual time=0.000..0.000 rows=1 loops=24592)
                                                                    ->  Seq Scan on comp_cast_type cct1  (cost=0.00..18.88 rows=2 width=4) (actual time=0.002..0.003 rows=2 loops=1)
                                                                          Filter: ((kind)::text = ANY ('{cast,crew}'::text[]))
                                                        ->  Index Scan using movie_id_movie_info on movie_info mi  (cost=0.43..21.89 rows=1 width=50) (actual time=0.026..0.026 rows=0 loops=24592)
                                                              Index Cond: (movie_id = cc.movie_id)
                                                              Filter: (info = ANY ('{Horror,Thriller}'::text[]))
                                                              Rows Removed by Filter: 68
                                            ->  Index Scan using movie_id_movie_info_idx on movie_info_idx mi_idx  (cost=0.43..1.08 rows=3 width=13) (actual time=0.003..0.003 rows=3 loops=4943)
                                                  Index Cond: (movie_id = cc.movie_id)
                                ->  Index Scan using title_pkey on title t  (cost=0.43..0.94 rows=1 width=21) (actual time=0.003..0.003 rows=0 loops=4939)
                                      Index Cond: (id = mi_idx.movie_id)
                                      Filter: ((production_year > 2000) AND ((title ~~ '%Freddy%'::text) OR (title ~~ '%Jason%'::text) OR (title ~~ 'Saw%'::text)))
                                      Rows Removed by Filter: 1
                          ->  Index Scan using movie_id_cast_info on cast_info ci  (cost=0.56..29.46 rows=1 width=8) (actual time=0.058..0.118 rows=2 loops=3)
                                Index Cond: (movie_id = mi_idx.movie_id)
                                Filter: (note = ANY ('{(writer),"(head writer)","(written by)",(story),"(story editor)"}'::text[]))
                                Rows Removed by Filter: 107
                    ->  Index Scan using name_pkey on name n  (cost=0.43..1.09 rows=1 width=19) (actual time=0.005..0.005 rows=1 loops=7)
                          Index Cond: (id = ci.person_id)
                          Filter: ((gender)::text = 'm'::text)
              ->  Index Scan using movie_id_movie_keyword on movie_keyword mk  (cost=0.43..1.75 rows=46 width=8) (actual time=0.006..0.028 rows=151 loops=7)
                    Index Cond: (movie_id = mi_idx.movie_id)
        ->  Index Scan using keyword_pkey on keyword k  (cost=0.42..0.69 rows=1 width=4) (actual time=0.002..0.002 rows=0 loops=1060)
              Index Cond: (id = mk.keyword_id)
              Filter: (keyword = ANY ('{murder,violence,blood,gore,death,female-nudity,hospital}'::text[]))
              Rows Removed by Filter: 1
Planning time: 47.014 ms
Execution time: 715.536 ms
