Aggregate  (cost=3898.09..3898.10 rows=1 width=128) (actual time=165.572..165.572 rows=1 loops=1)
  ->  Nested Loop  (cost=41.17..3898.08 rows=1 width=79) (actual time=33.130..165.545 rows=28 loops=1)
        ->  Nested Loop  (cost=40.75..3896.63 rows=2 width=83) (actual time=33.110..163.384 rows=1060 loops=1)
              Join Filter: (t.id = mk.movie_id)
              ->  Nested Loop  (cost=40.32..3894.31 rows=1 width=99) (actual time=33.096..163.040 rows=7 loops=1)
                    ->  Nested Loop  (cost=39.89..3893.23 rows=1 width=88) (actual time=33.085..162.998 rows=7 loops=1)
                          Join Filter: (t.id = ci.movie_id)
                          ->  Nested Loop  (cost=39.32..3863.76 rows=1 width=80) (actual time=33.007..162.656 rows=3 loops=1)
                                ->  Nested Loop  (cost=39.18..3863.57 rows=1 width=84) (actual time=33.001..162.642 rows=3 loops=1)
                                      Join Filter: (t.id = mi.movie_id)
                                      ->  Nested Loop  (cost=38.74..3845.67 rows=1 width=34) (actual time=32.855..162.345 rows=2 loops=1)
                                            ->  Nested Loop  (cost=38.31..3844.74 rows=1 width=13) (actual time=0.051..102.250 rows=23558 loops=1)
                                                  Join Filter: (mi_idx.info_type_id = it2.id)
                                                  Rows Removed by Join Filter: 47453
                                                  ->  Seq Scan on info_type it2  (cost=0.00..2.41 rows=1 width=4) (actual time=0.016..0.019 rows=1 loops=1)
                                                        Filter: ((info)::text = 'votes'::text)
                                                        Rows Removed by Filter: 112
                                                  ->  Nested Loop  (cost=38.31..3842.02 rows=24 width=17) (actual time=0.034..96.246 rows=71011 loops=1)
                                                        ->  Hash Join  (cost=37.89..3833.12 rows=8 width=4) (actual time=0.024..28.538 rows=24592 loops=1)
                                                              Hash Cond: (cc.subject_id = cct1.id)
                                                              ->  Hash Join  (cost=18.93..3804.56 rows=761 width=8) (actual time=0.011..24.424 rows=24592 loops=1)
                                                                    Hash Cond: (cc.status_id = cct2.id)
                                                                    ->  Seq Scan on complete_cast cc  (cost=0.00..2081.86 rows=135086 width=12) (actual time=0.006..10.112 rows=135086 loops=1)
                                                                    ->  Hash  (cost=18.88..18.88 rows=4 width=4) (actual time=0.002..0.002 rows=1 loops=1)
                                                                          Buckets: 1024  Batches: 1  Memory Usage: 9kB
                                                                          ->  Seq Scan on comp_cast_type cct2  (cost=0.00..18.88 rows=4 width=4) (actual time=0.001..0.002 rows=1 loops=1)
                                                                                Filter: ((kind)::text = 'complete+verified'::text)
                                                                                Rows Removed by Filter: 3
                                                              ->  Hash  (cost=18.88..18.88 rows=7 width=4) (actual time=0.006..0.006 rows=2 loops=1)
                                                                    Buckets: 1024  Batches: 1  Memory Usage: 9kB
                                                                    ->  Seq Scan on comp_cast_type cct1  (cost=0.00..18.88 rows=7 width=4) (actual time=0.003..0.005 rows=2 loops=1)
                                                                          Filter: ((kind)::text = ANY ('{cast,crew}'::text[]))
                                                                          Rows Removed by Filter: 2
                                                        ->  Index Scan using movie_id_movie_info_idx on movie_info_idx mi_idx  (cost=0.43..1.08 rows=3 width=13) (actual time=0.002..0.002 rows=3 loops=24592)
                                                              Index Cond: (movie_id = cc.movie_id)
                                            ->  Index Scan using title_pkey on title t  (cost=0.43..0.94 rows=1 width=21) (actual time=0.002..0.002 rows=0 loops=23558)
                                                  Index Cond: (id = mi_idx.movie_id)
                                                  Filter: ((production_year > 2000) AND ((title ~~ '%Freddy%'::text) OR (title ~~ '%Jason%'::text) OR (title ~~ 'Saw%'::text)))
                                                  Rows Removed by Filter: 1
                                      ->  Index Scan using movie_id_movie_info on movie_info mi  (cost=0.43..17.89 rows=1 width=50) (actual time=0.145..0.146 rows=2 loops=2)
                                            Index Cond: (movie_id = mi_idx.movie_id)
                                            Filter: (info = ANY ('{Horror,Thriller}'::text[]))
                                            Rows Removed by Filter: 452
                                ->  Index Scan using info_type_pkey on info_type it1  (cost=0.14..0.16 rows=1 width=4) (actual time=0.003..0.003 rows=1 loops=3)
                                      Index Cond: (id = mi.info_type_id)
                                      Filter: ((info)::text = 'genres'::text)
                          ->  Index Scan using movie_id_cast_info on cast_info ci  (cost=0.56..29.46 rows=1 width=8) (actual time=0.052..0.112 rows=2 loops=3)
                                Index Cond: (movie_id = mi_idx.movie_id)
                                Filter: (note = ANY ('{(writer),"(head writer)","(written by)",(story),"(story editor)"}'::text[]))
                                Rows Removed by Filter: 107
                    ->  Index Scan using name_pkey on name n  (cost=0.43..1.08 rows=1 width=19) (actual time=0.005..0.005 rows=1 loops=7)
                          Index Cond: (id = ci.person_id)
                          Filter: ((gender)::text = 'm'::text)
              ->  Index Scan using movie_id_movie_keyword on movie_keyword mk  (cost=0.43..1.75 rows=46 width=8) (actual time=0.006..0.026 rows=151 loops=7)
                    Index Cond: (movie_id = mi_idx.movie_id)
        ->  Index Scan using keyword_pkey on keyword k  (cost=0.42..0.69 rows=1 width=4) (actual time=0.002..0.002 rows=0 loops=1060)
              Index Cond: (id = mk.keyword_id)
              Filter: (keyword = ANY ('{murder,violence,blood,gore,death,female-nudity,hospital}'::text[]))
              Rows Removed by Filter: 1
Planning time: 47.503 ms
Execution time: 165.678 ms
