Aggregate  (cost=211310.01..211310.02 rows=1 width=128) (actual time=3243.832..3243.833 rows=1 loops=1)
  ->  Nested Loop  (cost=100123.62..211310.00 rows=1 width=79) (actual time=1131.461..3239.680 rows=8024 loops=1)
        ->  Nested Loop  (cost=100123.48..211309.82 rows=1 width=83) (actual time=1131.450..3228.436 rows=10485 loops=1)
              Join Filter: (t.id = mi.movie_id)
              ->  Nested Loop  (cost=100123.05..211167.40 rows=8 width=57) (actual time=1131.410..2920.634 rows=5777 loops=1)
                    ->  Nested Loop  (cost=100122.62..211146.67 rows=19 width=46) (actual time=1131.390..2887.372 rows=8824 loops=1)
                          Join Filter: (t.id = ci.movie_id)
                          ->  Hash Join  (cost=100122.05..210012.99 rows=39 width=38) (actual time=1112.355..2146.565 rows=12476 loops=1)
                                Hash Cond: (mk.keyword_id = k.id)
                                ->  Nested Loop  (cost=96657.28..197213.62 rows=739378 width=42) (actual time=1083.726..2067.816 rows=739378 loops=1)
                                      ->  Nested Loop  (cost=96656.85..160332.67 rows=17018 width=34) (actual time=1083.576..1819.095 rows=17018 loops=1)
                                            Join Filter: (cc.subject_id = cct1.id)
                                            Rows Removed by Join Filter: 6540
                                            ->  Seq Scan on comp_cast_type cct1  (cost=0.00..18.88 rows=1 width=4) (actual time=0.008..0.009 rows=1 loops=1)
                                                  Filter: ((kind)::text = 'cast'::text)
                                                  Rows Removed by Filter: 3
                                            ->  Nested Loop  (cost=96656.85..160019.32 rows=23558 width=38) (actual time=1083.565..1815.913 rows=23558 loops=1)
                                                  Join Filter: (mi_idx.info_type_id = it2.id)
                                                  Rows Removed by Join Filter: 47453
                                                  ->  Seq Scan on info_type it2  (cost=0.00..2.41 rows=1 width=4) (actual time=0.010..0.012 rows=1 loops=1)
                                                        Filter: ((info)::text = 'votes'::text)
                                                        Rows Removed by Filter: 112
                                                  ->  Nested Loop  (cost=96656.85..159129.27 rows=71011 width=42) (actual time=1083.552..1808.728 rows=71011 loops=1)
                                                        Join Filter: (cct2.id = cc.status_id)
                                                        Rows Removed by Join Filter: 215588
                                                        ->  Seq Scan on comp_cast_type cct2  (cost=0.00..18.88 rows=1 width=4) (actual time=0.001..0.002 rows=1 loops=1)
                                                              Filter: ((kind)::text = 'complete+verified'::text)
                                                              Rows Removed by Filter: 3
                                                        ->  Hash Join  (cost=96656.85..155527.91 rows=286599 width=46) (actual time=1083.260..1786.286 rows=286599 loops=1)
                                                              Hash Cond: (t.id = cc.movie_id)
                                                              ->  Hash Join  (cost=92886.41..132044.69 rows=1380035 width=34) (actual time=1043.863..1540.623 rows=1380035 loops=1)
                                                                    Hash Cond: (mi_idx.movie_id = t.id)
                                                                    ->  Seq Scan on movie_info_idx mi_idx  (cost=0.00..21735.35 rows=1380035 width=13) (actual time=0.011..109.082 rows=1380035 loops=1)
                                                                    ->  Hash  (cost=61282.51..61282.51 rows=2528312 width=21) (actual time=1035.159..1035.159 rows=2528312 loops=1)
                                                                          Buckets: 4194304  Batches: 1  Memory Usage: 168637kB
                                                                          ->  Seq Scan on title t  (cost=0.00..61282.51 rows=2528312 width=21) (actual time=0.010..372.938 rows=2528312 loops=1)
                                                              ->  Hash  (cost=2081.86..2081.86 rows=135086 width=12) (actual time=39.022..39.022 rows=135086 loops=1)
                                                                    Buckets: 262144  Batches: 1  Memory Usage: 7853kB
                                                                    ->  Seq Scan on complete_cast cc  (cost=0.00..2081.86 rows=135086 width=12) (actual time=0.007..17.055 rows=135086 loops=1)
                                      ->  Index Scan using movie_id_movie_keyword on movie_keyword mk  (cost=0.43..1.71 rows=46 width=8) (actual time=0.003..0.009 rows=43 loops=17018)
                                            Index Cond: (movie_id = t.id)
                                ->  Hash  (cost=3464.69..3464.69 rows=7 width=4) (actual time=23.532..23.532 rows=7 loops=1)
                                      Buckets: 1024  Batches: 1  Memory Usage: 9kB
                                      ->  Seq Scan on keyword k  (cost=0.00..3464.69 rows=7 width=4) (actual time=0.683..23.529 rows=7 loops=1)
                                            Filter: (keyword = ANY ('{murder,violence,blood,gore,death,female-nudity,hospital}'::text[]))
                                            Rows Removed by Filter: 134163
                          ->  Index Scan using movie_id_cast_info on cast_info ci  (cost=0.56..29.06 rows=1 width=8) (actual time=0.046..0.059 rows=1 loops=12476)
                                Index Cond: (movie_id = mk.movie_id)
                                Filter: (note = ANY ('{(writer),"(head writer)","(written by)",(story),"(story editor)"}'::text[]))
                                Rows Removed by Filter: 78
                    ->  Index Scan using name_pkey on name n  (cost=0.43..1.09 rows=1 width=19) (actual time=0.003..0.003 rows=1 loops=8824)
                          Index Cond: (id = ci.person_id)
                          Filter: ((gender)::text = 'm'::text)
                          Rows Removed by Filter: 0
              ->  Index Scan using movie_id_movie_info on movie_info mi  (cost=0.43..17.79 rows=1 width=50) (actual time=0.048..0.053 rows=2 loops=5777)
                    Index Cond: (movie_id = mk.movie_id)
                    Filter: (info = ANY ('{Horror,Action,Sci-Fi,Thriller,Crime,War}'::text[]))
                    Rows Removed by Filter: 172
        ->  Index Scan using info_type_pkey on info_type it1  (cost=0.14..0.16 rows=1 width=4) (actual time=0.001..0.001 rows=1 loops=10485)
              Index Cond: (id = mi.info_type_id)
              Filter: ((info)::text = 'genres'::text)
              Rows Removed by Filter: 0
Planning time: 47.582 ms
Execution time: 3244.760 ms
