Aggregate  (cost=17569.30..17569.31 rows=1 width=128) (actual time=2026.198..2026.198 rows=1 loops=1)
  ->  Nested Loop  (cost=3779.98..17569.29 rows=1 width=79) (actual time=40.026..2022.065 rows=8024 loops=1)
        ->  Nested Loop  (cost=3779.84..17569.10 rows=1 width=83) (actual time=40.021..1997.104 rows=24392 loops=1)
              ->  Nested Loop  (cost=3779.41..17568.29 rows=1 width=94) (actual time=40.009..1968.219 rows=8024 loops=1)
                    ->  Nested Loop  (cost=3778.98..17567.19 rows=1 width=83) (actual time=39.443..1923.539 rows=11866 loops=1)
                          Join Filter: (mi.movie_id = t.id)
                          ->  Nested Loop  (cost=3778.55..17566.33 rows=1 width=62) (actual time=39.433..1891.224 rows=11866 loops=1)
                                Join Filter: (mi.movie_id = ci.movie_id)
                                ->  Nested Loop  (cost=3777.99..17537.27 rows=1 width=54) (actual time=39.264..898.926 rows=14666 loops=1)
                                      ->  Nested Loop  (cost=3777.85..17537.08 rows=1 width=58) (actual time=39.259..878.101 rows=18344 loops=1)
                                            ->  Nested Loop  (cost=3777.41..17519.28 rows=1 width=8) (actual time=39.075..209.441 rows=12521 loops=1)
                                                  ->  Nested Loop  (cost=3777.26..17510.58 rows=51 width=12) (actual time=39.031..184.783 rows=25331 loops=1)
                                                        Join Filter: (cct1.id = cc.subject_id)
                                                        Rows Removed by Join Filter: 10679
                                                        ->  Seq Scan on comp_cast_type cct1  (cost=0.00..18.88 rows=1 width=4) (actual time=0.006..0.007 rows=1 loops=1)
                                                              Filter: ((kind)::text = 'cast'::text)
                                                              Rows Removed by Filter: 3
                                                        ->  Hash Join  (cost=3777.26..17041.58 rows=36010 width=16) (actual time=39.024..180.668 rows=36010 loops=1)
                                                              Hash Cond: (mk.movie_id = cc.movie_id)
                                                              ->  Nested Loop  (cost=6.83..11165.26 rows=76714 width=4) (actual time=2.953..118.127 rows=76714 loops=1)
                                                                    ->  Seq Scan on keyword k  (cost=0.00..3464.69 rows=7 width=4) (actual time=0.673..23.347 rows=7 loops=1)
                                                                          Filter: (keyword = ANY ('{murder,violence,blood,gore,death,female-nudity,hospital}'::text[]))
                                                                          Rows Removed by Filter: 134163
                                                                    ->  Bitmap Heap Scan on movie_keyword mk  (cost=6.83..1096.99 rows=309 width=8) (actual time=2.034..12.380 rows=10959 loops=7)
                                                                          Recheck Cond: (keyword_id = k.id)
                                                                          Heap Blocks: exact=53234
                                                                          ->  Bitmap Index Scan on keyword_id_movie_keyword  (cost=0.00..6.75 rows=309 width=0) (actual time=1.065..1.065 rows=10959 loops=7)
                                                                                Index Cond: (keyword_id = k.id)
                                                              ->  Hash  (cost=2081.86..2081.86 rows=135086 width=12) (actual time=35.749..35.749 rows=135086 loops=1)
                                                                    Buckets: 262144  Batches: 1  Memory Usage: 7853kB
                                                                    ->  Seq Scan on complete_cast cc  (cost=0.00..2081.86 rows=135086 width=12) (actual time=0.008..17.754 rows=135086 loops=1)
                                                  ->  Index Scan using comp_cast_type_pkey on comp_cast_type cct2  (cost=0.15..0.17 rows=1 width=4) (actual time=0.001..0.001 rows=0 loops=25331)
                                                        Index Cond: (id = cc.status_id)
                                                        Filter: ((kind)::text = 'complete+verified'::text)
                                                        Rows Removed by Filter: 1
                                            ->  Index Scan using movie_id_movie_info on movie_info mi  (cost=0.43..17.79 rows=1 width=50) (actual time=0.049..0.053 rows=1 loops=12521)
                                                  Index Cond: (movie_id = mk.movie_id)
                                                  Filter: (info = ANY ('{Horror,Action,Sci-Fi,Thriller,Crime,War}'::text[]))
                                                  Rows Removed by Filter: 130
                                      ->  Index Scan using info_type_pkey on info_type it1  (cost=0.14..0.16 rows=1 width=4) (actual time=0.001..0.001 rows=1 loops=18344)
                                            Index Cond: (id = mi.info_type_id)
                                            Filter: ((info)::text = 'genres'::text)
                                            Rows Removed by Filter: 0
                                ->  Index Scan using movie_id_cast_info on cast_info ci  (cost=0.56..29.06 rows=1 width=8) (actual time=0.050..0.067 rows=1 loops=14666)
                                      Index Cond: (movie_id = mk.movie_id)
                                      Filter: (note = ANY ('{(writer),"(head writer)","(written by)",(story),"(story editor)"}'::text[]))
                                      Rows Removed by Filter: 83
                          ->  Index Scan using title_pkey on title t  (cost=0.43..0.85 rows=1 width=21) (actual time=0.002..0.002 rows=1 loops=11866)
                                Index Cond: (id = mk.movie_id)
                    ->  Index Scan using name_pkey on name n  (cost=0.43..1.09 rows=1 width=19) (actual time=0.003..0.003 rows=1 loops=11866)
                          Index Cond: (id = ci.person_id)
                          Filter: ((gender)::text = 'm'::text)
                          Rows Removed by Filter: 0
              ->  Index Scan using movie_id_movie_info_idx on movie_info_idx mi_idx  (cost=0.43..0.79 rows=3 width=13) (actual time=0.002..0.003 rows=3 loops=8024)
                    Index Cond: (movie_id = t.id)
        ->  Index Scan using info_type_pkey on info_type it2  (cost=0.14..0.16 rows=1 width=4) (actual time=0.001..0.001 rows=0 loops=24392)
              Index Cond: (id = mi_idx.info_type_id)
              Filter: ((info)::text = 'votes'::text)
              Rows Removed by Filter: 1
Planning time: 48.091 ms
Execution time: 2026.334 ms
