Aggregate  (cost=10421.72..10421.73 rows=1 width=128) (actual time=32.949..32.949 rows=1 loops=1)
  ->  Nested Loop  (cost=3.57..10421.71 rows=1 width=79) (actual time=1.136..32.899 rows=84 loops=1)
        ->  Nested Loop  (cost=3.14..10420.36 rows=1 width=68) (actual time=1.126..32.700 rows=84 loops=1)
              Join Filter: (t.id = ci.movie_id)
              ->  Nested Loop  (cost=2.57..10387.34 rows=1 width=84) (actual time=1.018..30.592 rows=46 loops=1)
                    ->  Nested Loop  (cost=2.15..10385.26 rows=2 width=88) (actual time=0.964..27.328 rows=1504 loops=1)
                          Join Filter: (t.id = mk.movie_id)
                          ->  Nested Loop  (cost=1.72..10356.68 rows=11 width=80) (actual time=0.950..26.793 rows=11 loops=1)
                                Join Filter: (mi.info_type_id = it1.id)
                                ->  Seq Scan on info_type it1  (cost=0.00..2.41 rows=1 width=4) (actual time=0.015..0.023 rows=1 loops=1)
                                      Filter: ((info)::text = 'genres'::text)
                                      Rows Removed by Filter: 112
                                ->  Nested Loop  (cost=1.72..10354.13 rows=11 width=84) (actual time=0.934..26.766 rows=11 loops=1)
                                      Join Filter: (t.id = mi.movie_id)
                                      ->  Nested Loop  (cost=1.29..10192.54 rows=7 width=34) (actual time=0.853..26.191 rows=7 loops=1)
                                            ->  Nested Loop  (cost=0.86..10030.90 rows=134 width=13) (actual time=0.617..25.584 rows=134 loops=1)
                                                  Join Filter: (mi_idx.info_type_id = it2.id)
                                                  Rows Removed by Join Filter: 278
                                                  ->  Seq Scan on info_type it2  (cost=0.00..2.41 rows=1 width=4) (actual time=0.008..0.010 rows=1 loops=1)
                                                        Filter: ((info)::text = 'votes'::text)
                                                        Rows Removed by Filter: 112
                                                  ->  Nested Loop  (cost=0.86..10023.34 rows=412 width=17) (actual time=0.608..25.534 rows=412 loops=1)
                                                        ->  Nested Loop  (cost=0.43..9349.44 rows=135 width=4) (actual time=0.598..24.852 rows=135 loops=1)
                                                              ->  Seq Scan on company_name cn  (cost=0.00..5932.46 rows=10 width=4) (actual time=0.571..23.384 rows=10 loops=1)
                                                                    Filter: (name ~~ 'Lionsgate%'::text)
                                                                    Rows Removed by Filter: 234987
                                                              ->  Index Scan using company_id_movie_companies on movie_companies mc  (cost=0.43..341.69 rows=1 width=8) (actual time=0.043..0.145 rows=14 loops=10)
                                                                    Index Cond: (company_id = cn.id)
                                                                    Filter: (note ~~ '%(Blu-ray)%'::text)
                                                                    Rows Removed by Filter: 168
                                                        ->  Index Scan using movie_id_movie_info_idx on movie_info_idx mi_idx  (cost=0.43..4.96 rows=3 width=13) (actual time=0.004..0.004 rows=3 loops=135)
                                                              Index Cond: (movie_id = mc.movie_id)
                                            ->  Index Scan using title_pkey on title t  (cost=0.43..1.21 rows=1 width=21) (actual time=0.004..0.004 rows=0 loops=134)
                                                  Index Cond: (id = mi_idx.movie_id)
                                                  Filter: ((production_year > 2000) AND ((title ~~ '%Freddy%'::text) OR (title ~~ '%Jason%'::text) OR (title ~~ 'Saw%'::text)))
                                                  Rows Removed by Filter: 1
                                      ->  Index Scan using movie_id_movie_info on movie_info mi  (cost=0.43..23.07 rows=1 width=50) (actual time=0.081..0.081 rows=2 loops=7)
                                            Index Cond: (movie_id = mi_idx.movie_id)
                                            Filter: (info = ANY ('{Horror,Thriller}'::text[]))
                                            Rows Removed by Filter: 265
                          ->  Index Scan using movie_id_movie_keyword on movie_keyword mk  (cost=0.43..2.02 rows=46 width=8) (actual time=0.006..0.027 rows=137 loops=11)
                                Index Cond: (movie_id = mi_idx.movie_id)
                    ->  Index Scan using keyword_pkey on keyword k  (cost=0.42..0.97 rows=1 width=4) (actual time=0.002..0.002 rows=0 loops=1504)
                          Index Cond: (id = mk.keyword_id)
                          Filter: (keyword = ANY ('{murder,violence,blood,gore,death,female-nudity,hospital}'::text[]))
                          Rows Removed by Filter: 1
              ->  Index Scan using movie_id_cast_info on cast_info ci  (cost=0.56..33.01 rows=1 width=8) (actual time=0.033..0.045 rows=2 loops=46)
                    Index Cond: (movie_id = mk.movie_id)
                    Filter: (note = ANY ('{(writer),"(head writer)","(written by)",(story),"(story editor)"}'::text[]))
                    Rows Removed by Filter: 87
        ->  Index Scan using name_pkey on name n  (cost=0.43..1.35 rows=1 width=19) (actual time=0.002..0.002 rows=1 loops=84)
              Index Cond: (id = ci.person_id)
              Filter: ((gender)::text = 'm'::text)
Planning time: 28.880 ms
Execution time: 33.058 ms
