Aggregate  (cost=11500.99..11501.00 rows=1 width=128) (actual time=322.597..322.598 rows=1 loops=1)
  ->  Nested Loop  (cost=9.96..11500.98 rows=1 width=79) (actual time=30.597..322.517 rows=84 loops=1)
        ->  Nested Loop  (cost=9.53..11499.65 rows=1 width=68) (actual time=30.586..322.197 rows=84 loops=1)
              Join Filter: (mi_idx.info_type_id = it2.id)
              Rows Removed by Join Filter: 168
              ->  Nested Loop  (cost=9.53..11497.22 rows=1 width=72) (actual time=30.568..320.190 rows=252 loops=1)
                    Join Filter: (t.id = mi_idx.movie_id)
                    ->  Nested Loop  (cost=9.11..11496.12 rows=1 width=83) (actual time=30.556..319.903 rows=84 loops=1)
                          Join Filter: (mi.info_type_id = it1.id)
                          ->  Nested Loop  (cost=9.11..11493.69 rows=1 width=87) (actual time=30.545..319.649 rows=84 loops=1)
                                Join Filter: (t.id = mi.movie_id)
                                ->  Nested Loop  (cost=8.67..11470.88 rows=1 width=37) (actual time=30.457..315.830 rows=53 loops=1)
                                      ->  Nested Loop  (cost=8.25..11468.40 rows=1 width=41) (actual time=30.438..315.463 rows=119 loops=1)
                                            Join Filter: (t.id = mc.movie_id)
                                            ->  Nested Loop  (cost=7.82..11466.23 rows=1 width=33) (actual time=18.100..314.580 rows=77 loops=1)
                                                  Join Filter: (t.id = ci.movie_id)
                                                  ->  Nested Loop  (cost=7.26..11433.21 rows=1 width=25) (actual time=17.937..309.765 rows=49 loops=1)
                                                        ->  Nested Loop  (cost=6.83..11165.26 rows=236 width=4) (actual time=3.015..111.046 rows=76714 loops=1)
                                                              ->  Seq Scan on keyword k  (cost=0.00..3464.69 rows=7 width=4) (actual time=0.692..23.483 rows=7 loops=1)
                                                                    Filter: (keyword = ANY ('{murder,violence,blood,gore,death,female-nudity,hospital}'::text[]))
                                                                    Rows Removed by Filter: 134163
                                                              ->  Bitmap Heap Scan on movie_keyword mk  (cost=6.83..1096.99 rows=309 width=8) (actual time=2.060..11.409 rows=10959 loops=7)
                                                                    Recheck Cond: (keyword_id = k.id)
                                                                    Heap Blocks: exact=53234
                                                                    ->  Bitmap Index Scan on keyword_id_movie_keyword  (cost=0.00..6.75 rows=309 width=0) (actual time=1.076..1.076 rows=10959 loops=7)
                                                                          Index Cond: (keyword_id = k.id)
                                                        ->  Index Scan using title_pkey on title t  (cost=0.43..1.14 rows=1 width=21) (actual time=0.002..0.002 rows=0 loops=76714)
                                                              Index Cond: (id = mk.movie_id)
                                                              Filter: ((production_year > 2000) AND ((title ~~ '%Freddy%'::text) OR (title ~~ '%Jason%'::text) OR (title ~~ 'Saw%'::text)))
                                                              Rows Removed by Filter: 1
                                                  ->  Index Scan using movie_id_cast_info on cast_info ci  (cost=0.56..33.01 rows=1 width=8) (actual time=0.066..0.097 rows=2 loops=49)
                                                        Index Cond: (movie_id = mk.movie_id)
                                                        Filter: (note = ANY ('{(writer),"(head writer)","(written by)",(story),"(story editor)"}'::text[]))
                                                        Rows Removed by Filter: 82
                                            ->  Index Scan using movie_id_movie_companies on movie_companies mc  (cost=0.43..2.17 rows=1 width=8) (actual time=0.007..0.011 rows=2 loops=77)
                                                  Index Cond: (movie_id = mk.movie_id)
                                                  Filter: (note ~~ '%(Blu-ray)%'::text)
                                                  Rows Removed by Filter: 24
                                      ->  Index Scan using company_name_pkey on company_name cn  (cost=0.42..2.32 rows=1 width=4) (actual time=0.003..0.003 rows=0 loops=119)
                                            Index Cond: (id = mc.company_id)
                                            Filter: (name ~~ 'Lionsgate%'::text)
                                            Rows Removed by Filter: 1
                                ->  Index Scan using movie_id_movie_info on movie_info mi  (cost=0.43..22.80 rows=1 width=50) (actual time=0.071..0.071 rows=2 loops=53)
                                      Index Cond: (movie_id = mk.movie_id)
                                      Filter: (info = ANY ('{Horror,Thriller}'::text[]))
                                      Rows Removed by Filter: 292
                          ->  Seq Scan on info_type it1  (cost=0.00..2.41 rows=1 width=4) (actual time=0.002..0.002 rows=1 loops=84)
                                Filter: ((info)::text = 'genres'::text)
                                Rows Removed by Filter: 2
                    ->  Index Scan using movie_id_movie_info_idx on movie_info_idx mi_idx  (cost=0.43..1.07 rows=3 width=13) (actual time=0.002..0.002 rows=3 loops=84)
                          Index Cond: (movie_id = mk.movie_id)
              ->  Seq Scan on info_type it2  (cost=0.00..2.41 rows=1 width=4) (actual time=0.007..0.007 rows=1 loops=252)
                    Filter: ((info)::text = 'votes'::text)
                    Rows Removed by Filter: 108
        ->  Index Scan using name_pkey on name n  (cost=0.43..1.33 rows=1 width=19) (actual time=0.003..0.003 rows=1 loops=84)
              Index Cond: (id = ci.person_id)
              Filter: ((gender)::text = 'm'::text)
Planning time: 29.831 ms
Execution time: 322.724 ms
