Aggregate  (cost=19522.92..19522.93 rows=1 width=128) (actual time=362.702..362.702 rows=1 loops=1)
  ->  Nested Loop  (cost=3468.07..19522.91 rows=1 width=79) (actual time=24.160..361.344 rows=2825 loops=1)
        Join Filter: (mi.movie_id = t.id)
        ->  Nested Loop  (cost=3467.64..19521.77 rows=1 width=82) (actual time=24.141..356.134 rows=2825 loops=1)
              ->  Nested Loop  (cost=3467.21..19520.43 rows=1 width=71) (actual time=24.123..349.580 rows=2825 loops=1)
                    ->  Nested Loop  (cost=3467.07..19520.25 rows=1 width=75) (actual time=24.113..346.300 rows=3007 loops=1)
                          Join Filter: (mi.movie_id = ci.movie_id)
                          ->  Nested Loop  (cost=3466.50..19487.23 rows=1 width=67) (actual time=24.038..158.299 rows=3049 loops=1)
                                Join Filter: (mi_idx.movie_id = mi.movie_id)
                                ->  Hash Join  (cost=3466.07..19395.16 rows=4 width=17) (actual time=23.879..82.924 rows=1547 loops=1)
                                      Hash Cond: (mk.keyword_id = k.id)
                                      ->  Nested Loop  (cost=1.29..15016.46 rows=72391 width=21) (actual time=0.549..54.531 rows=72391 loops=1)
                                            ->  Nested Loop  (cost=0.86..11418.78 rows=1449 width=13) (actual time=0.540..31.689 rows=1449 loops=1)
                                                  Join Filter: (mi_idx.info_type_id = it2.id)
                                                  Rows Removed by Join Filter: 2921
                                                  ->  Seq Scan on info_type it2  (cost=0.00..2.41 rows=1 width=4) (actual time=0.018..0.020 rows=1 loops=1)
                                                        Filter: ((info)::text = 'votes'::text)
                                                        Rows Removed by Filter: 112
                                                  ->  Nested Loop  (cost=0.86..11361.74 rows=4370 width=17) (actual time=0.521..31.259 rows=4370 loops=1)
                                                        ->  Nested Loop  (cost=0.43..9359.31 rows=1814 width=4) (actual time=0.511..24.694 rows=1814 loops=1)
                                                              ->  Seq Scan on company_name cn  (cost=0.00..5932.46 rows=10 width=4) (actual time=0.493..22.966 rows=10 loops=1)
                                                                    Filter: (name ~~ 'Lionsgate%'::text)
                                                                    Rows Removed by Filter: 234987
                                                              ->  Index Scan using company_id_movie_companies on movie_companies mc  (cost=0.43..341.35 rows=133 width=8) (actual time=0.011..0.148 rows=181 loops=10)
                                                                    Index Cond: (company_id = cn.id)
                                                        ->  Index Scan using movie_id_movie_info_idx on movie_info_idx mi_idx  (cost=0.43..1.07 rows=3 width=13) (actual time=0.003..0.003 rows=2 loops=1814)
                                                              Index Cond: (movie_id = mc.movie_id)
                                            ->  Index Scan using movie_id_movie_keyword on movie_keyword mk  (cost=0.43..2.02 rows=46 width=8) (actual time=0.003..0.010 rows=50 loops=1449)
                                                  Index Cond: (movie_id = mi_idx.movie_id)
                                      ->  Hash  (cost=3464.69..3464.69 rows=7 width=4) (actual time=23.252..23.252 rows=7 loops=1)
                                            Buckets: 1024  Batches: 1  Memory Usage: 9kB
                                            ->  Seq Scan on keyword k  (cost=0.00..3464.69 rows=7 width=4) (actual time=0.689..23.248 rows=7 loops=1)
                                                  Filter: (keyword = ANY ('{murder,violence,blood,gore,death,female-nudity,hospital}'::text[]))
                                                  Rows Removed by Filter: 134163
                                ->  Index Scan using movie_id_movie_info on movie_info mi  (cost=0.43..23.00 rows=1 width=50) (actual time=0.046..0.048 rows=2 loops=1547)
                                      Index Cond: (movie_id = mk.movie_id)
                                      Filter: (info = ANY ('{Horror,Action,Sci-Fi,Thriller,Crime,War}'::text[]))
                                      Rows Removed by Filter: 164
                          ->  Index Scan using movie_id_cast_info on cast_info ci  (cost=0.56..33.01 rows=1 width=8) (actual time=0.042..0.061 rows=1 loops=3049)
                                Index Cond: (movie_id = mk.movie_id)
                                Filter: (note = ANY ('{(writer),"(head writer)","(written by)",(story),"(story editor)"}'::text[]))
                                Rows Removed by Filter: 125
                    ->  Index Scan using info_type_pkey on info_type it1  (cost=0.14..0.16 rows=1 width=4) (actual time=0.001..0.001 rows=1 loops=3007)
                          Index Cond: (id = mi.info_type_id)
                          Filter: ((info)::text = 'genres'::text)
                          Rows Removed by Filter: 0
              ->  Index Scan using name_pkey on name n  (cost=0.43..1.34 rows=1 width=19) (actual time=0.002..0.002 rows=1 loops=2825)
                    Index Cond: (id = ci.person_id)
        ->  Index Scan using title_pkey on title t  (cost=0.43..1.13 rows=1 width=21) (actual time=0.002..0.002 rows=1 loops=2825)
              Index Cond: (id = mk.movie_id)
Planning time: 28.724 ms
Execution time: 362.814 ms
