Aggregate  (cost=11541.31..11541.32 rows=1 width=128) (actual time=2204.967..2204.968 rows=1 loops=1)
  ->  Nested Loop  (cost=9.96..11541.30 rows=1 width=79) (actual time=17.162..2203.064 rows=2825 loops=1)
        Join Filter: (mi.movie_id = t.id)
        ->  Nested Loop  (cost=9.53..11540.17 rows=1 width=82) (actual time=17.152..2196.332 rows=2825 loops=1)
              ->  Nested Loop  (cost=9.10..11538.83 rows=1 width=71) (actual time=17.142..2187.770 rows=2825 loops=1)
                    Join Filter: (mi.info_type_id = it1.id)
                    Rows Removed by Join Filter: 182
                    ->  Nested Loop  (cost=9.10..11536.41 rows=1 width=75) (actual time=17.133..2178.473 rows=3007 loops=1)
                          Join Filter: (mi_idx.movie_id = mi.movie_id)
                          ->  Nested Loop  (cost=8.67..11513.39 rows=1 width=25) (actual time=7.265..2098.648 rows=1471 loops=1)
                                Join Filter: (mi_idx.movie_id = ci.movie_id)
                                ->  Nested Loop  (cost=8.10..11480.37 rows=1 width=17) (actual time=7.224..1950.285 rows=1547 loops=1)
                                      ->  Nested Loop  (cost=7.68..11448.87 rows=32 width=21) (actual time=3.072..769.205 rows=598256 loops=1)
                                            Join Filter: (mi_idx.movie_id = mc.movie_id)
                                            ->  Nested Loop  (cost=7.25..11435.57 rows=6 width=13) (actual time=3.062..369.554 rows=63701 loops=1)
                                                  Join Filter: (mi_idx.info_type_id = it2.id)
                                                  Rows Removed by Join Filter: 127988
                                                  ->  Seq Scan on info_type it2  (cost=0.00..2.41 rows=1 width=4) (actual time=0.016..0.018 rows=1 loops=1)
                                                        Filter: ((info)::text = 'votes'::text)
                                                        Rows Removed by Filter: 112
                                                  ->  Nested Loop  (cost=7.25..11424.34 rows=706 width=17) (actual time=3.044..351.633 rows=191689 loops=1)
                                                        ->  Nested Loop  (cost=6.83..11165.26 rows=236 width=4) (actual time=3.032..123.524 rows=76714 loops=1)
                                                              ->  Seq Scan on keyword k  (cost=0.00..3464.69 rows=7 width=4) (actual time=0.671..23.370 rows=7 loops=1)
                                                                    Filter: (keyword = ANY ('{murder,violence,blood,gore,death,female-nudity,hospital}'::text[]))
                                                                    Rows Removed by Filter: 134163
                                                              ->  Bitmap Heap Scan on movie_keyword mk  (cost=6.83..1096.99 rows=309 width=8) (actual time=2.071..12.908 rows=10959 loops=7)
                                                                    Recheck Cond: (keyword_id = k.id)
                                                                    Heap Blocks: exact=53234
                                                                    ->  Bitmap Index Scan on keyword_id_movie_keyword  (cost=0.00..6.75 rows=309 width=0) (actual time=1.089..1.089 rows=10959 loops=7)
                                                                          Index Cond: (keyword_id = k.id)
                                                        ->  Index Scan using movie_id_movie_info_idx on movie_info_idx mi_idx  (cost=0.43..1.07 rows=3 width=13) (actual time=0.002..0.002 rows=2 loops=76714)
                                                              Index Cond: (movie_id = mk.movie_id)
                                            ->  Index Scan using movie_id_movie_companies on movie_companies mc  (cost=0.43..2.15 rows=5 width=8) (actual time=0.002..0.005 rows=9 loops=63701)
                                                  Index Cond: (movie_id = mk.movie_id)
                                      ->  Index Scan using company_name_pkey on company_name cn  (cost=0.42..0.98 rows=1 width=4) (actual time=0.002..0.002 rows=0 loops=598256)
                                            Index Cond: (id = mc.company_id)
                                            Filter: (name ~~ 'Lionsgate%'::text)
                                            Rows Removed by Filter: 1
                                ->  Index Scan using movie_id_cast_info on cast_info ci  (cost=0.56..33.01 rows=1 width=8) (actual time=0.068..0.095 rows=1 loops=1547)
                                      Index Cond: (movie_id = mk.movie_id)
                                      Filter: (note = ANY ('{(writer),"(head writer)","(written by)",(story),"(story editor)"}'::text[]))
                                      Rows Removed by Filter: 119
                          ->  Index Scan using movie_id_movie_info on movie_info mi  (cost=0.43..23.00 rows=1 width=50) (actual time=0.052..0.053 rows=2 loops=1471)
                                Index Cond: (movie_id = mk.movie_id)
                                Filter: (info = ANY ('{Horror,Action,Sci-Fi,Thriller,Crime,War}'::text[]))
                                Rows Removed by Filter: 172
                    ->  Seq Scan on info_type it1  (cost=0.00..2.41 rows=1 width=4) (actual time=0.002..0.002 rows=1 loops=3007)
                          Filter: ((info)::text = 'genres'::text)
                          Rows Removed by Filter: 9
              ->  Index Scan using name_pkey on name n  (cost=0.43..1.33 rows=1 width=19) (actual time=0.003..0.003 rows=1 loops=2825)
                    Index Cond: (id = ci.person_id)
        ->  Index Scan using title_pkey on title t  (cost=0.43..1.13 rows=1 width=21) (actual time=0.002..0.002 rows=1 loops=2825)
              Index Cond: (id = mk.movie_id)
Planning time: 28.908 ms
Execution time: 2205.089 ms
