Aggregate  (cost=3790.92..3790.93 rows=1 width=96) (actual time=10.807..10.807 rows=1 loops=1)
  ->  Nested Loop  (cost=7.97..3790.91 rows=1 width=116) (actual time=10.805..10.805 rows=0 loops=1)
        ->  Nested Loop  (cost=7.54..3786.44 rows=1 width=103) (actual time=10.805..10.805 rows=0 loops=1)
              ->  Nested Loop  (cost=7.11..3785.96 rows=1 width=94) (actual time=10.804..10.804 rows=0 loops=1)
                    Join Filter: (ml.link_type_id = lt.id)
                    ->  Nested Loop  (cost=7.11..3768.63 rows=1 width=16) (actual time=10.804..10.804 rows=0 loops=1)
                          ->  Nested Loop  (cost=6.83..3768.21 rows=1 width=4) (actual time=10.549..10.795 rows=1 loops=1)
                                ->  Seq Scan on keyword k  (cost=0.00..2626.12 rows=1 width=4) (actual time=10.525..10.770 rows=1 loops=1)
                                      Filter: (keyword = '10,000-mile-club'::text)
                                      Rows Removed by Filter: 134169
                                ->  Bitmap Heap Scan on movie_keyword mk  (cost=6.83..1138.99 rows=309 width=8) (actual time=0.016..0.016 rows=1 loops=1)
                                      Recheck Cond: (keyword_id = k.id)
                                      Heap Blocks: exact=1
                                      ->  Bitmap Index Scan on keyword_id_movie_keyword  (cost=0.00..6.75 rows=309 width=0) (actual time=0.011..0.011 rows=1 loops=1)
                                            Index Cond: (keyword_id = k.id)
                          ->  Index Scan using movie_id_movie_link on movie_link ml  (cost=0.29..0.38 rows=5 width=12) (actual time=0.007..0.007 rows=0 loops=1)
                                Index Cond: (movie_id = mk.movie_id)
                    ->  Seq Scan on link_type lt  (cost=0.00..17.10 rows=18 width=86) (never executed)
              ->  Index Scan using title_pkey on title t1  (cost=0.43..0.49 rows=1 width=21) (never executed)
                    Index Cond: (id = mk.movie_id)
        ->  Index Scan using title_pkey on title t2  (cost=0.43..4.47 rows=1 width=21) (never executed)
              Index Cond: (id = ml.linked_movie_id)
Planning time: 1.008 ms
Execution time: 10.854 ms
