Aggregate  (cost=7567.79..7567.80 rows=1 width=96) (actual time=10.527..10.527 rows=1 loops=1)
  ->  Nested Loop  (cost=25.30..7562.09 rows=760 width=116) (actual time=10.525..10.525 rows=0 loops=1)
        ->  Hash Join  (cost=24.87..4164.76 rows=760 width=103) (actual time=10.524..10.524 rows=0 loops=1)
              Hash Cond: (ml.link_type_id = lt.id)
              ->  Nested Loop  (cost=7.54..3769.12 rows=29995 width=25) (actual time=10.524..10.524 rows=0 loops=1)
                    ->  Nested Loop  (cost=7.26..3768.69 rows=1 width=25) (actual time=10.291..10.520 rows=1 loops=1)
                          ->  Nested Loop  (cost=6.83..3768.21 rows=1 width=4) (actual time=10.280..10.508 rows=1 loops=1)
                                ->  Seq Scan on keyword k  (cost=0.00..2626.12 rows=1 width=4) (actual time=10.262..10.490 rows=1 loops=1)
                                      Filter: (keyword = '10,000-mile-club'::text)
                                      Rows Removed by Filter: 134169
                                ->  Bitmap Heap Scan on movie_keyword mk  (cost=6.83..1138.99 rows=309 width=8) (actual time=0.013..0.013 rows=1 loops=1)
                                      Recheck Cond: (keyword_id = k.id)
                                      Heap Blocks: exact=1
                                      ->  Bitmap Index Scan on keyword_id_movie_keyword  (cost=0.00..6.75 rows=309 width=0) (actual time=0.009..0.009 rows=1 loops=1)
                                            Index Cond: (keyword_id = k.id)
                          ->  Index Scan using title_pkey on title t1  (cost=0.43..0.49 rows=1 width=21) (actual time=0.010..0.010 rows=1 loops=1)
                                Index Cond: (id = mk.movie_id)
                    ->  Index Scan using movie_id_movie_link on movie_link ml  (cost=0.29..0.38 rows=5 width=12) (actual time=0.003..0.003 rows=0 loops=1)
                          Index Cond: (movie_id = t1.id)
              ->  Hash  (cost=17.10..17.10 rows=18 width=86) (never executed)
                    ->  Seq Scan on link_type lt  (cost=0.00..17.10 rows=18 width=86) (never executed)
        ->  Index Scan using title_pkey on title t2  (cost=0.43..4.47 rows=1 width=21) (never executed)
              Index Cond: (id = ml.linked_movie_id)
Planning time: 1.074 ms
Execution time: 10.573 ms
