Aggregate  (cost=33782.08..33782.09 rows=1 width=96) (actual time=187.899..187.899 rows=1 loops=1)
  ->  Nested Loop  (cost=10155.91..33749.17 rows=4388 width=116) (actual time=134.312..186.648 rows=4388 loops=1)
        ->  Hash Join  (cost=10155.48..14134.06 rows=4388 width=103) (actual time=134.296..174.180 rows=4388 loops=1)
              Hash Cond: (ml.link_type_id = lt.id)
              ->  Hash Join  (cost=10138.16..14061.39 rows=4388 width=25) (actual time=134.281..173.428 rows=4388 loops=1)
                    Hash Cond: (mk.movie_id = t1.id)
                    ->  Nested Loop  (cost=6.83..3768.21 rows=41840 width=4) (actual time=4.371..37.026 rows=41840 loops=1)
                          ->  Seq Scan on keyword k  (cost=0.00..2626.12 rows=1 width=4) (actual time=0.444..10.120 rows=1 loops=1)
                                Filter: (keyword = 'character-name-in-title'::text)
                                Rows Removed by Filter: 134169
                          ->  Bitmap Heap Scan on movie_keyword mk  (cost=6.83..1138.99 rows=309 width=8) (actual time=3.925..22.676 rows=41840 loops=1)
                                Recheck Cond: (keyword_id = k.id)
                                Heap Blocks: exact=11541
                                ->  Bitmap Index Scan on keyword_id_movie_keyword  (cost=0.00..6.75 rows=309 width=0) (actual time=2.473..2.473 rows=41840 loops=1)
                                      Index Cond: (keyword_id = k.id)
                    ->  Hash  (cost=9756.37..9756.37 rows=29997 width=33) (actual time=129.868..129.868 rows=29997 loops=1)
                          Buckets: 32768  Batches: 1  Memory Usage: 2307kB
                          ->  Merge Join  (cost=0.92..9756.37 rows=29997 width=33) (actual time=0.016..124.533 rows=29997 loops=1)
                                Merge Cond: (ml.movie_id = t1.id)
                                ->  Index Scan using movie_id_movie_link on movie_link ml  (cost=0.29..959.51 rows=29997 width=12) (actual time=0.007..5.308 rows=29997 loops=1)
                                ->  Index Scan using title_pkey on title t1  (cost=0.43..110297.12 rows=2528312 width=21) (actual time=0.005..98.677 rows=186175 loops=1)
              ->  Hash  (cost=17.10..17.10 rows=18 width=86) (actual time=0.010..0.010 rows=18 loops=1)
                    Buckets: 1024  Batches: 1  Memory Usage: 9kB
                    ->  Seq Scan on link_type lt  (cost=0.00..17.10 rows=18 width=86) (actual time=0.003..0.005 rows=18 loops=1)
        ->  Index Scan using title_pkey on title t2  (cost=0.43..4.47 rows=1 width=21) (actual time=0.003..0.003 rows=1 loops=4388)
              Index Cond: (id = ml.linked_movie_id)
Planning time: 1.034 ms
Execution time: 187.961 ms
