Aggregate  (cost=7294.47..7294.48 rows=1 width=96) (actual time=73.992..73.992 rows=1 loops=1)
  ->  Nested Loop  (cost=4309.39..7292.05 rows=322 width=116) (actual time=45.906..72.534 rows=4388 loops=1)
        ->  Nested Loop  (cost=4308.96..5852.66 rows=322 width=103) (actual time=45.898..59.377 rows=4388 loops=1)
              ->  Hash Join  (cost=4308.53..5695.75 rows=322 width=94) (actual time=45.882..52.523 rows=4388 loops=1)
                    Hash Cond: (ml.link_type_id = lt.id)
                    ->  Hash Join  (cost=4291.21..5518.45 rows=12684 width=16) (actual time=45.866..51.660 rows=4388 loops=1)
                          Hash Cond: (ml.movie_id = mk.movie_id)
                          ->  Seq Scan on movie_link ml  (cost=0.00..462.97 rows=29997 width=12) (actual time=0.005..2.223 rows=29997 loops=1)
                          ->  Hash  (cost=3768.21..3768.21 rows=41840 width=4) (actual time=45.690..45.690 rows=41840 loops=1)
                                Buckets: 65536  Batches: 1  Memory Usage: 1983kB
                                ->  Nested Loop  (cost=6.83..3768.21 rows=41840 width=4) (actual time=4.366..38.936 rows=41840 loops=1)
                                      ->  Seq Scan on keyword k  (cost=0.00..2626.12 rows=1 width=4) (actual time=0.450..10.387 rows=1 loops=1)
                                            Filter: (keyword = 'character-name-in-title'::text)
                                            Rows Removed by Filter: 134169
                                      ->  Bitmap Heap Scan on movie_keyword mk  (cost=6.83..1138.99 rows=309 width=8) (actual time=3.914..23.495 rows=41840 loops=1)
                                            Recheck Cond: (keyword_id = k.id)
                                            Heap Blocks: exact=11541
                                            ->  Bitmap Index Scan on keyword_id_movie_keyword  (cost=0.00..6.75 rows=309 width=0) (actual time=2.451..2.451 rows=41840 loops=1)
                                                  Index Cond: (keyword_id = k.id)
                    ->  Hash  (cost=17.10..17.10 rows=18 width=86) (actual time=0.011..0.011 rows=18 loops=1)
                          Buckets: 1024  Batches: 1  Memory Usage: 9kB
                          ->  Seq Scan on link_type lt  (cost=0.00..17.10 rows=18 width=86) (actual time=0.004..0.006 rows=18 loops=1)
              ->  Index Scan using title_pkey on title t1  (cost=0.43..0.49 rows=1 width=21) (actual time=0.001..0.001 rows=1 loops=4388)
                    Index Cond: (id = mk.movie_id)
        ->  Index Scan using title_pkey on title t2  (cost=0.43..4.47 rows=1 width=21) (actual time=0.003..0.003 rows=1 loops=4388)
              Index Cond: (id = ml.linked_movie_id)
Planning time: 1.223 ms
Execution time: 74.058 ms
