Aggregate  (cost=7294.47..7294.48 rows=1 width=96) (actual time=73.557..73.557 rows=1 loops=1)
  ->  Nested Loop  (cost=4309.39..7292.05 rows=322 width=116) (actual time=45.387..72.146 rows=4388 loops=1)
        ->  Nested Loop  (cost=4308.96..5852.66 rows=322 width=103) (actual time=45.378..58.874 rows=4388 loops=1)
              ->  Hash Join  (cost=4308.53..5695.75 rows=322 width=94) (actual time=45.363..52.065 rows=4388 loops=1)
                    Hash Cond: (ml.link_type_id = lt.id)
                    ->  Hash Join  (cost=4291.21..5518.45 rows=12684 width=16) (actual time=45.347..51.200 rows=4388 loops=1)
                          Hash Cond: (ml.movie_id = mk.movie_id)
                          ->  Seq Scan on movie_link ml  (cost=0.00..462.97 rows=29997 width=12) (actual time=0.004..2.159 rows=29997 loops=1)
                          ->  Hash  (cost=3768.21..3768.21 rows=41840 width=4) (actual time=45.180..45.180 rows=41840 loops=1)
                                Buckets: 65536  Batches: 1  Memory Usage: 1983kB
                                ->  Nested Loop  (cost=6.83..3768.21 rows=41840 width=4) (actual time=4.348..38.786 rows=41840 loops=1)
                                      ->  Seq Scan on keyword k  (cost=0.00..2626.12 rows=1 width=4) (actual time=0.445..10.289 rows=1 loops=1)
                                            Filter: (keyword = 'character-name-in-title'::text)
                                            Rows Removed by Filter: 134169
                                      ->  Bitmap Heap Scan on movie_keyword mk  (cost=6.83..1138.99 rows=309 width=8) (actual time=3.902..23.477 rows=41840 loops=1)
                                            Recheck Cond: (keyword_id = k.id)
                                            Heap Blocks: exact=11541
                                            ->  Bitmap Index Scan on keyword_id_movie_keyword  (cost=0.00..6.75 rows=309 width=0) (actual time=2.453..2.453 rows=41840 loops=1)
                                                  Index Cond: (keyword_id = k.id)
                    ->  Hash  (cost=17.10..17.10 rows=18 width=86) (actual time=0.009..0.009 rows=18 loops=1)
                          Buckets: 1024  Batches: 1  Memory Usage: 9kB
                          ->  Seq Scan on link_type lt  (cost=0.00..17.10 rows=18 width=86) (actual time=0.003..0.005 rows=18 loops=1)
              ->  Index Scan using title_pkey on title t1  (cost=0.43..0.49 rows=1 width=21) (actual time=0.001..0.001 rows=1 loops=4388)
                    Index Cond: (id = mk.movie_id)
        ->  Index Scan using title_pkey on title t2  (cost=0.43..4.47 rows=1 width=21) (actual time=0.003..0.003 rows=1 loops=4388)
              Index Cond: (id = ml.linked_movie_id)
Planning time: 1.020 ms
Execution time: 73.624 ms
