Aggregate  (cost=3807.45..3807.46 rows=1 width=96) (actual time=105.075..105.075 rows=1 loops=1)
  ->  Nested Loop  (cost=7.97..3807.45 rows=1 width=116) (actual time=4.449..103.625 rows=4388 loops=1)
        ->  Nested Loop  (cost=7.54..3802.98 rows=1 width=103) (actual time=4.441..90.177 rows=4388 loops=1)
              ->  Nested Loop  (cost=7.11..3802.49 rows=1 width=94) (actual time=4.433..82.741 rows=4388 loops=1)
                    Join Filter: (ml.link_type_id = lt.id)
                    Rows Removed by Join Filter: 74596
                    ->  Seq Scan on link_type lt  (cost=0.00..17.10 rows=18 width=86) (actual time=0.003..0.009 rows=18 loops=1)
                    ->  Materialize  (cost=7.11..3782.71 rows=10 width=16) (actual time=0.245..4.282 rows=4388 loops=18)
                          ->  Nested Loop  (cost=7.11..3782.66 rows=10 width=16) (actual time=4.410..73.049 rows=4388 loops=1)
                                ->  Nested Loop  (cost=6.83..3768.21 rows=34 width=4) (actual time=4.357..38.213 rows=41840 loops=1)
                                      ->  Seq Scan on keyword k  (cost=0.00..2626.12 rows=1 width=4) (actual time=0.450..10.219 rows=1 loops=1)
                                            Filter: (keyword = 'character-name-in-title'::text)
                                            Rows Removed by Filter: 134169
                                      ->  Bitmap Heap Scan on movie_keyword mk  (cost=6.83..1138.99 rows=309 width=8) (actual time=3.905..23.710 rows=41840 loops=1)
                                            Recheck Cond: (keyword_id = k.id)
                                            Heap Blocks: exact=11541
                                            ->  Bitmap Index Scan on keyword_id_movie_keyword  (cost=0.00..6.75 rows=309 width=0) (actual time=2.455..2.455 rows=41840 loops=1)
                                                  Index Cond: (keyword_id = k.id)
                                ->  Index Scan using movie_id_movie_link on movie_link ml  (cost=0.29..0.38 rows=5 width=12) (actual time=0.001..0.001 rows=0 loops=41840)
                                      Index Cond: (movie_id = mk.movie_id)
              ->  Index Scan using title_pkey on title t1  (cost=0.43..0.49 rows=1 width=21) (actual time=0.001..0.001 rows=1 loops=4388)
                    Index Cond: (id = mk.movie_id)
        ->  Index Scan using title_pkey on title t2  (cost=0.43..4.47 rows=1 width=21) (actual time=0.003..0.003 rows=1 loops=4388)
              Index Cond: (id = ml.linked_movie_id)
Planning time: 1.147 ms
Execution time: 105.150 ms
