Aggregate  (cost=3834.00..3834.01 rows=1 width=96) (actual time=97.857..97.857 rows=1 loops=1)
  ->  Nested Loop  (cost=8.12..3833.93 rows=10 width=116) (actual time=4.446..96.427 rows=4388 loops=1)
        ->  Nested Loop  (cost=7.69..3789.23 rows=10 width=103) (actual time=4.438..83.303 rows=4388 loops=1)
              ->  Nested Loop  (cost=7.26..3784.35 rows=10 width=94) (actual time=4.430..76.697 rows=4388 loops=1)
                    ->  Nested Loop  (cost=7.11..3782.66 rows=10 width=16) (actual time=4.425..73.189 rows=4388 loops=1)
                          ->  Nested Loop  (cost=6.83..3768.21 rows=34 width=4) (actual time=4.375..38.766 rows=41840 loops=1)
                                ->  Seq Scan on keyword k  (cost=0.00..2626.12 rows=1 width=4) (actual time=0.447..10.544 rows=1 loops=1)
                                      Filter: (keyword = 'character-name-in-title'::text)
                                      Rows Removed by Filter: 134169
                                ->  Bitmap Heap Scan on movie_keyword mk  (cost=6.83..1138.99 rows=309 width=8) (actual time=3.927..24.100 rows=41840 loops=1)
                                      Recheck Cond: (keyword_id = k.id)
                                      Heap Blocks: exact=11541
                                      ->  Bitmap Index Scan on keyword_id_movie_keyword  (cost=0.00..6.75 rows=309 width=0) (actual time=2.461..2.461 rows=41840 loops=1)
                                            Index Cond: (keyword_id = k.id)
                          ->  Index Scan using movie_id_movie_link on movie_link ml  (cost=0.29..0.38 rows=5 width=12) (actual time=0.001..0.001 rows=0 loops=41840)
                                Index Cond: (movie_id = mk.movie_id)
                    ->  Index Scan using link_type_pkey on link_type lt  (cost=0.15..0.17 rows=1 width=86) (actual time=0.001..0.001 rows=1 loops=4388)
                          Index Cond: (id = ml.link_type_id)
              ->  Index Scan using title_pkey on title t1  (cost=0.43..0.49 rows=1 width=21) (actual time=0.001..0.001 rows=1 loops=4388)
                    Index Cond: (id = mk.movie_id)
        ->  Index Scan using title_pkey on title t2  (cost=0.43..4.47 rows=1 width=21) (actual time=0.003..0.003 rows=1 loops=4388)
              Index Cond: (id = ml.linked_movie_id)
Planning time: 1.009 ms
Execution time: 97.910 ms
