Aggregate  (cost=346777.93..346777.94 rows=1 width=96) (actual time=1216.507..1216.507 rows=1 loops=1)
  ->  Hash Join  (cost=97195.87..108163.24 rows=31815292 width=116) (actual time=1072.941..1215.136 rows=4388 loops=1)
        Hash Cond: (t1.id = mk.movie_id)
        ->  Hash Join  (cost=92904.66..103417.15 rows=29995 width=124) (actual time=1025.413..1168.072 rows=29997 loops=1)
              Hash Cond: (ml.linked_movie_id = t2.id)
              ->  Hash Join  (cost=18.25..10152.03 rows=29997 width=111) (actual time=0.047..129.646 rows=29997 loops=1)
                    Hash Cond: (ml.link_type_id = lt.id)
                    ->  Merge Join  (cost=0.92..9756.37 rows=29997 width=33) (actual time=0.023..123.698 rows=29997 loops=1)
                          Merge Cond: (ml.movie_id = t1.id)
                          ->  Index Scan using movie_id_movie_link on movie_link ml  (cost=0.29..959.51 rows=29997 width=12) (actual time=0.011..5.353 rows=29997 loops=1)
                          ->  Index Scan using title_pkey on title t1  (cost=0.43..110297.12 rows=2528312 width=21) (actual time=0.007..98.459 rows=186175 loops=1)
                    ->  Hash  (cost=17.10..17.10 rows=18 width=86) (actual time=0.012..0.012 rows=18 loops=1)
                          Buckets: 1024  Batches: 1  Memory Usage: 9kB
                          ->  Seq Scan on link_type lt  (cost=0.00..17.10 rows=18 width=86) (actual time=0.005..0.008 rows=18 loops=1)
              ->  Hash  (cost=61282.51..61282.51 rows=2528312 width=21) (actual time=1016.977..1016.977 rows=2528312 loops=1)
                    Buckets: 4194304  Batches: 1  Memory Usage: 168637kB
                    ->  Seq Scan on title t2  (cost=0.00..61282.51 rows=2528312 width=21) (actual time=0.008..364.896 rows=2528312 loops=1)
        ->  Hash  (cost=3768.21..3768.21 rows=41840 width=4) (actual time=43.219..43.219 rows=41840 loops=1)
              Buckets: 65536  Batches: 1  Memory Usage: 1983kB
              ->  Nested Loop  (cost=6.83..3768.21 rows=41840 width=4) (actual time=4.390..37.674 rows=41840 loops=1)
                    ->  Seq Scan on keyword k  (cost=0.00..2626.12 rows=1 width=4) (actual time=0.444..10.402 rows=1 loops=1)
                          Filter: (keyword = 'character-name-in-title'::text)
                          Rows Removed by Filter: 134169
                    ->  Bitmap Heap Scan on movie_keyword mk  (cost=6.83..1138.99 rows=309 width=8) (actual time=3.944..22.367 rows=41840 loops=1)
                          Recheck Cond: (keyword_id = k.id)
                          Heap Blocks: exact=11541
                          ->  Bitmap Index Scan on keyword_id_movie_keyword  (cost=0.00..6.75 rows=309 width=0) (actual time=2.485..2.485 rows=41840 loops=1)
                                Index Cond: (keyword_id = k.id)
Planning time: 1.039 ms
Execution time: 1217.368 ms
