Aggregate  (cost=5681.47..5681.48 rows=1 width=192) (actual time=8.991..8.991 rows=1 loops=1)
  ->  Nested Loop  (cost=42.53..5681.45 rows=1 width=82) (actual time=0.760..8.978 rows=8 loops=1)
        Join Filter: ((ml.linked_movie_id = t2.id) AND (kt2.id = t2.kind_id))
        ->  Nested Loop  (cost=42.10..5680.92 rows=1 width=81) (actual time=0.754..8.905 rows=35 loops=1)
              Join Filter: (it1.id = mi_idx1.info_type_id)
              Rows Removed by Join Filter: 70
              ->  Nested Loop  (cost=41.68..5680.38 rows=1 width=92) (actual time=0.748..8.818 rows=35 loops=1)
                    ->  Nested Loop  (cost=41.26..5679.94 rows=1 width=77) (actual time=0.746..8.742 rows=35 loops=1)
                          ->  Nested Loop  (cost=41.26..5677.52 rows=1 width=73) (actual time=0.735..8.461 rows=35 loops=1)
                                ->  Index Scan using kind_type_pkey on kind_type kt2  (cost=0.15..66.00 rows=1 width=4) (actual time=0.006..0.008 rows=1 loops=1)
                                      Filter: ((kind)::text = 'tv series'::text)
                                      Rows Removed by Filter: 6
                                ->  Nested Loop  (cost=41.11..5611.51 rows=1 width=69) (actual time=0.728..8.446 rows=35 loops=1)
                                      ->  Nested Loop  (cost=40.96..5605.02 rows=38 width=73) (actual time=0.725..8.403 rows=38 loops=1)
                                            ->  Nested Loop  (cost=40.54..5516.74 rows=198 width=58) (actual time=0.711..7.988 rows=198 loops=1)
                                                  ->  Nested Loop  (cost=40.11..5475.36 rows=68 width=50) (actual time=0.707..7.758 rows=68 loops=1)
                                                        Join Filter: (ml.linked_movie_id = mc2.movie_id)
                                                        ->  Nested Loop  (cost=39.68..5450.28 rows=34 width=42) (actual time=0.700..7.595 rows=34 loops=1)
                                                              ->  Nested Loop  (cost=39.25..5298.29 rows=34 width=17) (actual time=0.692..7.462 rows=34 loops=1)
                                                                    Join Filter: (it2.id = mi_idx2.info_type_id)
                                                                    Rows Removed by Join Filter: 2910
                                                                    ->  Seq Scan on info_type it2  (cost=0.00..2.41 rows=1 width=4) (actual time=0.011..0.013 rows=1 loops=1)
                                                                          Filter: ((info)::text = 'rating'::text)
                                                                          Rows Removed by Filter: 112
                                                                    ->  Nested Loop  (cost=39.25..5259.08 rows=2944 width=21) (actual time=0.076..7.274 rows=2944 loops=1)
                                                                          ->  Nested Loop  (cost=38.82..488.81 rows=2315 width=8) (actual time=0.066..0.886 rows=2315 loops=1)
                                                                                ->  Seq Scan on link_type lt  (cost=0.00..19.76 rows=2 width=4) (actual time=0.003..0.008 rows=2 loops=1)
                                                                                      Filter: ((link)::text = ANY ('{sequel,follows,"followed by"}'::text[]))
                                                                                      Rows Removed by Filter: 16
                                                                                ->  Bitmap Heap Scan on movie_link ml  (cost=38.82..215.78 rows=1875 width=12) (actual time=0.056..0.315 rows=1158 loops=2)
                                                                                      Recheck Cond: (link_type_id = lt.id)
                                                                                      Heap Blocks: exact=191
                                                                                      ->  Bitmap Index Scan on link_type_id_movie_link  (cost=0.00..38.35 rows=1875 width=0) (actual time=0.044..0.044 rows=1158 loops=2)
                                                                                            Index Cond: (link_type_id = lt.id)
                                                                          ->  Index Scan using movie_id_movie_info_idx on movie_info_idx mi_idx2  (cost=0.43..2.05 rows=1 width=13) (actual time=0.002..0.002 rows=1 loops=2315)
                                                                                Index Cond: (movie_id = ml.linked_movie_id)
                                                                                Filter: (info < '3.0'::text)
                                                                                Rows Removed by Filter: 1
                                                              ->  Index Scan using title_pkey on title t1  (cost=0.43..4.47 rows=1 width=25) (actual time=0.004..0.004 rows=1 loops=34)
                                                                    Index Cond: (id = ml.movie_id)
                                                        ->  Index Scan using movie_id_movie_companies on movie_companies mc2  (cost=0.43..0.68 rows=5 width=8) (actual time=0.003..0.004 rows=2 loops=34)
                                                              Index Cond: (movie_id = mi_idx2.movie_id)
                                                  ->  Index Scan using movie_id_movie_companies on movie_companies mc1  (cost=0.43..0.56 rows=5 width=8) (actual time=0.002..0.003 rows=3 loops=68)
                                                        Index Cond: (movie_id = t1.id)
                                            ->  Index Scan using company_name_pkey on company_name cn1  (cost=0.42..0.45 rows=1 width=23) (actual time=0.002..0.002 rows=0 loops=198)
                                                  Index Cond: (id = mc1.company_id)
                                                  Filter: ((country_code)::text = '[us]'::text)
                                                  Rows Removed by Filter: 1
                                      ->  Index Scan using kind_type_pkey on kind_type kt1  (cost=0.15..0.17 rows=1 width=4) (actual time=0.001..0.001 rows=1 loops=38)
                                            Index Cond: (id = t1.kind_id)
                                            Filter: ((kind)::text = 'tv series'::text)
                                            Rows Removed by Filter: 0
                          ->  Seq Scan on info_type it1  (cost=0.00..2.41 rows=1 width=4) (actual time=0.006..0.007 rows=1 loops=35)
                                Filter: ((info)::text = 'rating'::text)
                                Rows Removed by Filter: 112
                    ->  Index Scan using company_name_pkey on company_name cn2  (cost=0.42..0.44 rows=1 width=23) (actual time=0.002..0.002 rows=1 loops=35)
                          Index Cond: (id = mc2.company_id)
              ->  Index Scan using movie_id_movie_info_idx on movie_info_idx mi_idx1  (cost=0.43..0.50 rows=3 width=13) (actual time=0.002..0.002 rows=3 loops=35)
                    Index Cond: (movie_id = t1.id)
        ->  Index Scan using title_pkey on title t2  (cost=0.43..0.52 rows=1 width=25) (actual time=0.002..0.002 rows=0 loops=35)
              Index Cond: (id = mc2.movie_id)
              Filter: ((production_year >= 2005) AND (production_year <= 2008))
              Rows Removed by Filter: 1
Planning time: 60.567 ms
Execution time: 9.105 ms
