Aggregate  (cost=9928.87..9928.88 rows=1 width=192) (actual time=20.247..20.247 rows=1 loops=1)
  ->  Nested Loop  (cost=42.53..9928.85 rows=1 width=82) (actual time=1.622..20.233 rows=8 loops=1)
        ->  Nested Loop  (cost=42.38..9928.67 rows=1 width=86) (actual time=1.571..20.203 rows=24 loops=1)
              ->  Nested Loop  (cost=42.23..9924.57 rows=24 width=90) (actual time=1.567..20.176 rows=24 loops=1)
                    ->  Nested Loop  (cost=41.81..9913.93 rows=24 width=75) (actual time=1.564..20.129 rows=24 loops=1)
                          Join Filter: (t2.id = mc2.movie_id)
                          ->  Nested Loop  (cost=41.38..9909.50 rows=6 width=83) (actual time=1.558..20.103 rows=6 loops=1)
                                Join Filter: (mi_idx2.info_type_id = it2.id)
                                Rows Removed by Join Filter: 627
                                ->  Seq Scan on info_type it2  (cost=0.00..2.41 rows=1 width=4) (actual time=0.014..0.016 rows=1 loops=1)
                                      Filter: ((info)::text = 'rating'::text)
                                      Rows Removed by Filter: 112
                                ->  Nested Loop  (cost=41.38..9899.17 rows=633 width=87) (actual time=0.850..20.043 rows=633 loops=1)
                                      Join Filter: (kt1.id = t1.kind_id)
                                      Rows Removed by Join Filter: 60
                                      ->  Seq Scan on kind_type kt1  (cost=0.00..22.75 rows=1 width=4) (actual time=0.004..0.005 rows=1 loops=1)
                                            Filter: ((kind)::text = 'tv series'::text)
                                            Rows Removed by Filter: 6
                                      ->  Nested Loop  (cost=41.38..9867.76 rows=693 width=91) (actual time=0.845..19.942 rows=693 loops=1)
                                            Join Filter: (ml.movie_id = t1.id)
                                            ->  Nested Loop  (cost=40.95..9501.18 rows=693 width=82) (actual time=0.840..18.873 rows=693 loops=1)
                                                  Join Filter: (ml.movie_id = mi_idx1.movie_id)
                                                  ->  Nested Loop  (cost=40.53..9373.74 rows=238 width=69) (actual time=0.836..18.258 rows=238 loops=1)
                                                        ->  Nested Loop  (cost=40.11..8655.85 rows=1610 width=54) (actual time=0.199..15.418 rows=1610 loops=1)
                                                              ->  Nested Loop  (cost=39.68..7432.85 rows=308 width=46) (actual time=0.191..14.233 rows=308 loops=1)
                                                                    Join Filter: (ml.linked_movie_id = t2.id)
                                                                    ->  Nested Loop  (cost=39.25..5259.08 rows=2944 width=21) (actual time=0.080..7.703 rows=2944 loops=1)
                                                                          ->  Nested Loop  (cost=38.82..488.81 rows=2315 width=8) (actual time=0.068..0.946 rows=2315 loops=1)
                                                                                ->  Seq Scan on link_type lt  (cost=0.00..19.76 rows=2 width=4) (actual time=0.003..0.010 rows=2 loops=1)
                                                                                      Filter: ((link)::text = ANY ('{sequel,follows,"followed by"}'::text[]))
                                                                                      Rows Removed by Filter: 16
                                                                                ->  Bitmap Heap Scan on movie_link ml  (cost=38.82..215.78 rows=1875 width=12) (actual time=0.060..0.336 rows=1158 loops=2)
                                                                                      Recheck Cond: (link_type_id = lt.id)
                                                                                      Heap Blocks: exact=191
                                                                                      ->  Bitmap Index Scan on link_type_id_movie_link  (cost=0.00..38.35 rows=1875 width=0) (actual time=0.047..0.047 rows=1158 loops=2)
                                                                                            Index Cond: (link_type_id = lt.id)
                                                                          ->  Index Scan using movie_id_movie_info_idx on movie_info_idx mi_idx2  (cost=0.43..2.05 rows=1 width=13) (actual time=0.002..0.003 rows=1 loops=2315)
                                                                                Index Cond: (movie_id = ml.linked_movie_id)
                                                                                Filter: (info < '3.0'::text)
                                                                                Rows Removed by Filter: 1
                                                                    ->  Index Scan using title_pkey on title t2  (cost=0.43..0.73 rows=1 width=25) (actual time=0.002..0.002 rows=0 loops=2944)
                                                                          Index Cond: (id = mi_idx2.movie_id)
                                                                          Filter: ((production_year >= 2005) AND (production_year <= 2008))
                                                                          Rows Removed by Filter: 1
                                                              ->  Index Scan using movie_id_movie_companies on movie_companies mc1  (cost=0.43..3.92 rows=5 width=8) (actual time=0.002..0.003 rows=5 loops=308)
                                                                    Index Cond: (movie_id = ml.movie_id)
                                                        ->  Index Scan using company_name_pkey on company_name cn1  (cost=0.42..0.45 rows=1 width=23) (actual time=0.002..0.002 rows=0 loops=1610)
                                                              Index Cond: (id = mc1.company_id)
                                                              Filter: ((country_code)::text = '[us]'::text)
                                                              Rows Removed by Filter: 1
                                                  ->  Index Scan using movie_id_movie_info_idx on movie_info_idx mi_idx1  (cost=0.43..0.50 rows=3 width=13) (actual time=0.001..0.002 rows=3 loops=238)
                                                        Index Cond: (movie_id = mc1.movie_id)
                                            ->  Index Scan using title_pkey on title t1  (cost=0.43..0.52 rows=1 width=25) (actual time=0.001..0.001 rows=1 loops=693)
                                                  Index Cond: (id = mc1.movie_id)
                          ->  Index Scan using movie_id_movie_companies on movie_companies mc2  (cost=0.43..0.68 rows=5 width=8) (actual time=0.002..0.003 rows=4 loops=6)
                                Index Cond: (movie_id = mi_idx2.movie_id)
                    ->  Index Scan using company_name_pkey on company_name cn2  (cost=0.42..0.44 rows=1 width=23) (actual time=0.002..0.002 rows=1 loops=24)
                          Index Cond: (id = mc2.company_id)
              ->  Index Scan using kind_type_pkey on kind_type kt2  (cost=0.15..0.17 rows=1 width=4) (actual time=0.001..0.001 rows=1 loops=24)
                    Index Cond: (id = t2.kind_id)
                    Filter: ((kind)::text = 'tv series'::text)
        ->  Index Scan using info_type_pkey on info_type it1  (cost=0.14..0.16 rows=1 width=4) (actual time=0.001..0.001 rows=0 loops=24)
              Index Cond: (id = mi_idx1.info_type_id)
              Filter: ((info)::text = 'rating'::text)
              Rows Removed by Filter: 1
Planning time: 60.551 ms
Execution time: 20.376 ms
