Aggregate  (cost=679.08..679.09 rows=1 width=192) (actual time=7.847..7.847 rows=1 loops=1)
  ->  Nested Loop  (cost=42.53..679.07 rows=1 width=82) (actual time=0.751..7.836 rows=8 loops=1)
        ->  Nested Loop  (cost=42.11..678.63 rows=1 width=67) (actual time=0.748..7.813 rows=8 loops=1)
              Join Filter: (t2.id = mc2.movie_id)
              ->  Nested Loop  (cost=41.68..677.89 rows=1 width=75) (actual time=0.743..7.800 rows=2 loops=1)
                    ->  Nested Loop  (cost=41.53..677.70 rows=1 width=79) (actual time=0.741..7.796 rows=2 loops=1)
                          Join Filter: (it1.id = mi_idx1.info_type_id)
                          Rows Removed by Join Filter: 4
                          ->  Nested Loop  (cost=41.11..677.16 rows=1 width=90) (actual time=0.734..7.786 rows=2 loops=1)
                                ->  Nested Loop  (cost=40.96..676.97 rows=1 width=94) (actual time=0.730..7.780 rows=2 loops=1)
                                      ->  Nested Loop  (cost=40.96..674.55 rows=1 width=90) (actual time=0.720..7.759 rows=2 loops=1)
                                            Join Filter: (ml.linked_movie_id = t2.id)
                                            ->  Nested Loop  (cost=40.53..673.07 rows=2 width=65) (actual time=0.715..7.715 rows=15 loops=1)
                                                  Join Filter: (ml.movie_id = t1.id)
                                                  ->  Nested Loop  (cost=40.10..672.02 rows=2 width=40) (actual time=0.707..7.667 rows=15 loops=1)
                                                        ->  Nested Loop  (cost=39.68..669.79 rows=5 width=25) (actual time=0.696..7.432 rows=93 loops=1)
                                                              ->  Nested Loop  (cost=39.25..665.81 rows=1 width=17) (actual time=0.690..7.288 rows=34 loops=1)
                                                                    Join Filter: (it2.id = mi_idx2.info_type_id)
                                                                    Rows Removed by Join Filter: 2910
                                                                    ->  Seq Scan on info_type it2  (cost=0.00..2.41 rows=1 width=4) (actual time=0.012..0.014 rows=1 loops=1)
                                                                          Filter: ((info)::text = 'rating'::text)
                                                                          Rows Removed by Filter: 112
                                                                    ->  Nested Loop  (cost=39.25..661.90 rows=120 width=21) (actual time=0.076..7.098 rows=2944 loops=1)
                                                                          ->  Nested Loop  (cost=38.82..488.81 rows=84 width=8) (actual time=0.066..0.864 rows=2315 loops=1)
                                                                                ->  Seq Scan on link_type lt  (cost=0.00..19.76 rows=2 width=4) (actual time=0.004..0.009 rows=2 loops=1)
                                                                                      Filter: ((link)::text = ANY ('{sequel,follows,"followed by"}'::text[]))
                                                                                      Rows Removed by Filter: 16
                                                                                ->  Bitmap Heap Scan on movie_link ml  (cost=38.82..215.78 rows=1875 width=12) (actual time=0.056..0.304 rows=1158 loops=2)
                                                                                      Recheck Cond: (link_type_id = lt.id)
                                                                                      Heap Blocks: exact=191
                                                                                      ->  Bitmap Index Scan on link_type_id_movie_link  (cost=0.00..38.35 rows=1875 width=0) (actual time=0.044..0.044 rows=1158 loops=2)
                                                                                            Index Cond: (link_type_id = lt.id)
                                                                          ->  Index Scan using movie_id_movie_info_idx on movie_info_idx mi_idx2  (cost=0.43..2.05 rows=1 width=13) (actual time=0.002..0.002 rows=1 loops=2315)
                                                                                Index Cond: (movie_id = ml.linked_movie_id)
                                                                                Filter: (info < '3.0'::text)
                                                                                Rows Removed by Filter: 1
                                                              ->  Index Scan using movie_id_movie_companies on movie_companies mc1  (cost=0.43..3.92 rows=5 width=8) (actual time=0.003..0.004 rows=3 loops=34)
                                                                    Index Cond: (movie_id = ml.movie_id)
                                                        ->  Index Scan using company_name_pkey on company_name cn1  (cost=0.42..0.45 rows=1 width=23) (actual time=0.002..0.002 rows=0 loops=93)
                                                              Index Cond: (id = mc1.company_id)
                                                              Filter: ((country_code)::text = '[us]'::text)
                                                              Rows Removed by Filter: 1
                                                  ->  Index Scan using title_pkey on title t1  (cost=0.43..0.52 rows=1 width=25) (actual time=0.003..0.003 rows=1 loops=15)
                                                        Index Cond: (id = mc1.movie_id)
                                            ->  Index Scan using title_pkey on title t2  (cost=0.43..0.73 rows=1 width=25) (actual time=0.003..0.003 rows=0 loops=15)
                                                  Index Cond: (id = mi_idx2.movie_id)
                                                  Filter: ((production_year >= 2005) AND (production_year <= 2008))
                                                  Rows Removed by Filter: 1
                                      ->  Seq Scan on info_type it1  (cost=0.00..2.41 rows=1 width=4) (actual time=0.008..0.009 rows=1 loops=2)
                                            Filter: ((info)::text = 'rating'::text)
                                            Rows Removed by Filter: 112
                                ->  Index Scan using kind_type_pkey on kind_type kt1  (cost=0.15..0.17 rows=1 width=4) (actual time=0.002..0.002 rows=1 loops=2)
                                      Index Cond: (id = t1.kind_id)
                                      Filter: ((kind)::text = 'tv series'::text)
                          ->  Index Scan using movie_id_movie_info_idx on movie_info_idx mi_idx1  (cost=0.43..0.50 rows=3 width=13) (actual time=0.003..0.004 rows=3 loops=2)
                                Index Cond: (movie_id = t1.id)
                    ->  Index Scan using kind_type_pkey on kind_type kt2  (cost=0.15..0.17 rows=1 width=4) (actual time=0.001..0.001 rows=1 loops=2)
                          Index Cond: (id = t2.kind_id)
                          Filter: ((kind)::text = 'tv series'::text)
              ->  Index Scan using movie_id_movie_companies on movie_companies mc2  (cost=0.43..0.68 rows=5 width=8) (actual time=0.003..0.005 rows=4 loops=2)
                    Index Cond: (movie_id = mi_idx2.movie_id)
        ->  Index Scan using company_name_pkey on company_name cn2  (cost=0.42..0.44 rows=1 width=23) (actual time=0.002..0.002 rows=1 loops=8)
              Index Cond: (id = mc2.company_id)
Planning time: 60.923 ms
Execution time: 7.961 ms
