Aggregate  (cost=3168.25..3168.26 rows=1 width=192) (actual time=25.128..25.128 rows=1 loops=1)
  ->  Nested Loop  (cost=621.90..3168.24 rows=1 width=82) (actual time=4.367..25.113 rows=8 loops=1)
        ->  Nested Loop  (cost=621.48..3167.79 rows=1 width=67) (actual time=4.358..25.036 rows=28 loops=1)
              ->  Nested Loop  (cost=621.05..3167.18 rows=1 width=75) (actual time=4.351..24.990 rows=10 loops=1)
                    Join Filter: ((ml.movie_id = t1.id) AND (kt1.id = t1.kind_id))
                    ->  Nested Loop  (cost=620.62..3166.59 rows=1 width=58) (actual time=4.345..24.959 rows=10 loops=1)
                          ->  Nested Loop  (cost=620.20..3166.15 rows=1 width=43) (actual time=4.336..24.917 rows=10 loops=1)
                                Join Filter: (t2.id = mc2.movie_id)
                                ->  Nested Loop  (cost=619.77..3165.41 rows=1 width=51) (actual time=4.327..24.881 rows=5 loops=1)
                                      ->  Nested Loop  (cost=619.63..3165.23 rows=1 width=55) (actual time=1.533..24.754 rows=95 loops=1)
                                            ->  Nested Loop  (cost=619.63..3142.47 rows=1 width=51) (actual time=1.531..24.599 rows=95 loops=1)
                                                  ->  Nested Loop  (cost=619.48..3141.94 rows=3 width=55) (actual time=1.256..24.322 rows=276 loops=1)
                                                        ->  Nested Loop  (cost=619.05..3135.91 rows=10 width=42) (actual time=1.246..23.591 rows=210 loops=1)
                                                              ->  Nested Loop  (cost=618.62..2889.78 rows=55 width=17) (actual time=1.238..18.407 rows=2064 loops=1)
                                                                    Join Filter: (mi_idx1.info_type_id = it1.id)
                                                                    Rows Removed by Join Filter: 4128
                                                                    ->  Merge Join  (cost=618.62..2794.48 rows=6192 width=21) (actual time=1.219..16.779 rows=6192 loops=1)
                                                                          Merge Cond: (mi_idx1.movie_id = ml.movie_id)
                                                                          ->  Index Scan using movie_id_movie_info_idx on movie_info_idx mi_idx1  (cost=0.43..43815.31 rows=1380035 width=13) (actual time=0.007..9.595 rows=63901 loops=1)
                                                                          ->  Sort  (cost=618.18..623.97 rows=2315 width=8) (actual time=1.187..1.558 rows=6443 loops=1)
                                                                                Sort Key: ml.movie_id
                                                                                Sort Method: quicksort  Memory: 205kB
                                                                                ->  Nested Loop  (cost=38.82..488.81 rows=2315 width=8) (actual time=0.070..0.831 rows=2315 loops=1)
                                                                                      ->  Seq Scan on link_type lt  (cost=0.00..19.76 rows=2 width=4) (actual time=0.006..0.010 rows=2 loops=1)
                                                                                            Filter: ((link)::text = ANY ('{sequel,follows,"followed by"}'::text[]))
                                                                                            Rows Removed by Filter: 16
                                                                                      ->  Bitmap Heap Scan on movie_link ml  (cost=38.82..215.78 rows=1875 width=12) (actual time=0.057..0.284 rows=1158 loops=2)
                                                                                            Recheck Cond: (link_type_id = lt.id)
                                                                                            Heap Blocks: exact=191
                                                                                            ->  Bitmap Index Scan on link_type_id_movie_link  (cost=0.00..38.35 rows=1875 width=0) (actual time=0.045..0.045 rows=1158 loops=2)
                                                                                                  Index Cond: (link_type_id = lt.id)
                                                                    ->  Materialize  (cost=0.00..2.42 rows=1 width=4) (actual time=0.000..0.000 rows=1 loops=6192)
                                                                          ->  Seq Scan on info_type it1  (cost=0.00..2.41 rows=1 width=4) (actual time=0.011..0.012 rows=1 loops=1)
                                                                                Filter: ((info)::text = 'rating'::text)
                                                                                Rows Removed by Filter: 112
                                                              ->  Index Scan using title_pkey on title t2  (cost=0.43..4.48 rows=1 width=25) (actual time=0.002..0.002 rows=0 loops=2064)
                                                                    Index Cond: (id = ml.linked_movie_id)
                                                                    Filter: ((production_year >= 2005) AND (production_year <= 2008))
                                                                    Rows Removed by Filter: 1
                                                        ->  Index Scan using movie_id_movie_info_idx on movie_info_idx mi_idx2  (cost=0.43..0.59 rows=1 width=13) (actual time=0.003..0.003 rows=1 loops=210)
                                                              Index Cond: (movie_id = t2.id)
                                                              Filter: (info < '3.0'::text)
                                                              Rows Removed by Filter: 2
                                                  ->  Index Scan using kind_type_pkey on kind_type kt2  (cost=0.15..0.17 rows=1 width=4) (actual time=0.001..0.001 rows=0 loops=276)
                                                        Index Cond: (id = t2.kind_id)
                                                        Filter: ((kind)::text = 'tv series'::text)
                                                        Rows Removed by Filter: 1
                                            ->  Seq Scan on kind_type kt1  (cost=0.00..22.75 rows=1 width=4) (actual time=0.000..0.001 rows=1 loops=95)
                                                  Filter: ((kind)::text = 'tv series'::text)
                                                  Rows Removed by Filter: 6
                                      ->  Index Scan using info_type_pkey on info_type it2  (cost=0.14..0.16 rows=1 width=4) (actual time=0.001..0.001 rows=0 loops=95)
                                            Index Cond: (id = mi_idx2.info_type_id)
                                            Filter: ((info)::text = 'rating'::text)
                                            Rows Removed by Filter: 1
                                ->  Index Scan using movie_id_movie_companies on movie_companies mc2  (cost=0.43..0.68 rows=5 width=8) (actual time=0.005..0.006 rows=2 loops=5)
                                      Index Cond: (movie_id = mi_idx2.movie_id)
                          ->  Index Scan using company_name_pkey on company_name cn2  (cost=0.42..0.44 rows=1 width=23) (actual time=0.004..0.004 rows=1 loops=10)
                                Index Cond: (id = mc2.company_id)
                    ->  Index Scan using title_pkey on title t1  (cost=0.43..0.58 rows=1 width=25) (actual time=0.002..0.002 rows=1 loops=10)
                          Index Cond: (id = mi_idx1.movie_id)
              ->  Index Scan using movie_id_movie_companies on movie_companies mc1  (cost=0.43..0.56 rows=5 width=8) (actual time=0.003..0.004 rows=3 loops=10)
                    Index Cond: (movie_id = t1.id)
        ->  Index Scan using company_name_pkey on company_name cn1  (cost=0.42..0.45 rows=1 width=23) (actual time=0.002..0.002 rows=0 loops=28)
              Index Cond: (id = mc1.company_id)
              Filter: ((country_code)::text = '[us]'::text)
              Rows Removed by Filter: 1
Planning time: 61.188 ms
Execution time: 25.256 ms
