Aggregate  (cost=7794.04..7794.05 rows=1 width=192) (actual time=14.634..14.634 rows=1 loops=1)
  ->  Nested Loop  (cost=42.68..7794.03 rows=1 width=82) (actual time=1.374..14.624 rows=4 loops=1)
        ->  Nested Loop  (cost=42.53..7793.84 rows=1 width=86) (actual time=1.310..14.608 rows=12 loops=1)
              ->  Nested Loop  (cost=42.38..7791.78 rows=12 width=90) (actual time=1.308..14.584 rows=12 loops=1)
                    ->  Nested Loop  (cost=41.96..7786.46 rows=12 width=75) (actual time=1.306..14.558 rows=12 loops=1)
                          Join Filter: (t2.id = mc2.movie_id)
                          ->  Nested Loop  (cost=41.53..7784.25 rows=3 width=83) (actual time=1.300..14.543 rows=3 loops=1)
                                Join Filter: (mi_idx2.info_type_id = it2.id)
                                Rows Removed by Join Filter: 33
                                ->  Seq Scan on info_type it2  (cost=0.00..2.41 rows=1 width=4) (actual time=0.014..0.016 rows=1 loops=1)
                                      Filter: ((info)::text = 'rating'::text)
                                      Rows Removed by Filter: 112
                                ->  Nested Loop  (cost=41.53..7781.38 rows=36 width=87) (actual time=1.257..14.522 rows=36 loops=1)
                                      ->  Nested Loop  (cost=41.38..7775.24 rows=36 width=91) (actual time=1.252..14.480 rows=36 loops=1)
                                            Join Filter: (ml.movie_id = t1.id)
                                            ->  Nested Loop  (cost=40.95..7756.20 rows=36 width=82) (actual time=1.246..14.412 rows=36 loops=1)
                                                  Join Filter: (ml.movie_id = mi_idx1.movie_id)
                                                  ->  Nested Loop  (cost=40.53..7749.77 rows=12 width=69) (actual time=1.241..14.371 rows=12 loops=1)
                                                        ->  Nested Loop  (cost=40.11..7623.14 rows=284 width=54) (actual time=0.965..13.804 rows=284 loops=1)
                                                              ->  Nested Loop  (cost=39.68..7424.60 rows=50 width=46) (actual time=0.959..13.565 rows=50 loops=1)
                                                                    Join Filter: (ml.linked_movie_id = t2.id)
                                                                    ->  Nested Loop  (cost=39.25..5258.19 rows=2944 width=21) (actual time=0.078..7.428 rows=2944 loops=1)
                                                                          ->  Nested Loop  (cost=38.82..487.93 rows=2315 width=8) (actual time=0.068..0.894 rows=2315 loops=1)
                                                                                ->  Seq Scan on link_type lt  (cost=0.00..18.88 rows=2 width=4) (actual time=0.004..0.009 rows=2 loops=1)
                                                                                      Filter: ((link)::text ~~ '%follow%'::text)
                                                                                      Rows Removed by Filter: 16
                                                                                ->  Bitmap Heap Scan on movie_link ml  (cost=38.82..215.78 rows=1875 width=12) (actual time=0.057..0.316 rows=1158 loops=2)
                                                                                      Recheck Cond: (link_type_id = lt.id)
                                                                                      Heap Blocks: exact=191
                                                                                      ->  Bitmap Index Scan on link_type_id_movie_link  (cost=0.00..38.35 rows=1875 width=0) (actual time=0.045..0.045 rows=1158 loops=2)
                                                                                            Index Cond: (link_type_id = lt.id)
                                                                          ->  Index Scan using movie_id_movie_info_idx on movie_info_idx mi_idx2  (cost=0.43..2.05 rows=1 width=13) (actual time=0.002..0.003 rows=1 loops=2315)
                                                                                Index Cond: (movie_id = ml.linked_movie_id)
                                                                                Filter: (info < '3.0'::text)
                                                                                Rows Removed by Filter: 1
                                                                    ->  Index Scan using title_pkey on title t2  (cost=0.43..0.72 rows=1 width=25) (actual time=0.002..0.002 rows=0 loops=2944)
                                                                          Index Cond: (id = mi_idx2.movie_id)
                                                                          Filter: (production_year = 2007)
                                                                          Rows Removed by Filter: 1
                                                              ->  Index Scan using movie_id_movie_companies on movie_companies mc1  (cost=0.43..3.92 rows=5 width=8) (actual time=0.003..0.004 rows=6 loops=50)
                                                                    Index Cond: (movie_id = ml.movie_id)
                                                        ->  Index Scan using company_name_pkey on company_name cn1  (cost=0.42..0.45 rows=1 width=23) (actual time=0.002..0.002 rows=0 loops=284)
                                                              Index Cond: (id = mc1.company_id)
                                                              Filter: ((country_code)::text = '[nl]'::text)
                                                              Rows Removed by Filter: 1
                                                  ->  Index Scan using movie_id_movie_info_idx on movie_info_idx mi_idx1  (cost=0.43..0.50 rows=3 width=13) (actual time=0.002..0.002 rows=3 loops=12)
                                                        Index Cond: (movie_id = mc1.movie_id)
                                            ->  Index Scan using title_pkey on title t1  (cost=0.43..0.52 rows=1 width=25) (actual time=0.001..0.001 rows=1 loops=36)
                                                  Index Cond: (id = mc1.movie_id)
                                      ->  Index Scan using kind_type_pkey on kind_type kt1  (cost=0.15..0.17 rows=1 width=4) (actual time=0.001..0.001 rows=1 loops=36)
                                            Index Cond: (id = t1.kind_id)
                                            Filter: ((kind)::text = 'tv series'::text)
                          ->  Index Scan using movie_id_movie_companies on movie_companies mc2  (cost=0.43..0.68 rows=5 width=8) (actual time=0.002..0.004 rows=4 loops=3)
                                Index Cond: (movie_id = mi_idx2.movie_id)
                    ->  Index Scan using company_name_pkey on company_name cn2  (cost=0.42..0.44 rows=1 width=23) (actual time=0.002..0.002 rows=1 loops=12)
                          Index Cond: (id = mc2.company_id)
              ->  Index Scan using kind_type_pkey on kind_type kt2  (cost=0.15..0.17 rows=1 width=4) (actual time=0.002..0.002 rows=1 loops=12)
                    Index Cond: (id = t2.kind_id)
                    Filter: ((kind)::text = 'tv series'::text)
        ->  Index Scan using info_type_pkey on info_type it1  (cost=0.14..0.16 rows=1 width=4) (actual time=0.001..0.001 rows=0 loops=12)
              Index Cond: (id = mi_idx1.info_type_id)
              Filter: ((info)::text = 'rating'::text)
              Rows Removed by Filter: 1
Planning time: 60.569 ms
Execution time: 14.757 ms
