Aggregate  (cost=7398.95..7398.96 rows=1 width=192) (actual time=25.891..25.891 rows=1 loops=1)
  ->  Nested Loop  (cost=620.72..7398.93 rows=1 width=82) (actual time=4.372..25.879 rows=4 loops=1)
        Join Filter: ((ml.movie_id = t1.id) AND (kt1.id = t1.kind_id))
        ->  Nested Loop  (cost=620.29..7398.40 rows=1 width=81) (actual time=4.364..25.864 rows=4 loops=1)
              Join Filter: (kt2.id = t2.kind_id)
              ->  Nested Loop  (cost=620.29..7352.88 rows=1 width=81) (actual time=4.356..25.843 rows=4 loops=1)
                    Join Filter: (ml.linked_movie_id = t2.id)
                    ->  Nested Loop  (cost=619.86..7351.81 rows=2 width=72) (actual time=4.346..25.803 rows=10 loops=1)
                          ->  Nested Loop  (cost=619.44..7272.00 rows=179 width=57) (actual time=4.342..25.401 rows=179 loops=1)
                                Join Filter: (ml.movie_id = mc1.movie_id)
                                ->  Nested Loop  (cost=619.01..7234.00 rows=58 width=49) (actual time=4.335..25.187 rows=58 loops=1)
                                      ->  Nested Loop  (cost=618.59..7208.28 rows=58 width=34) (actual time=4.326..25.013 rows=58 loops=1)
                                            Join Filter: (ml.linked_movie_id = mc2.movie_id)
                                            ->  Nested Loop  (cost=618.16..7186.15 rows=30 width=26) (actual time=4.317..24.853 rows=30 loops=1)
                                                  Join Filter: (mi_idx2.info_type_id = it2.id)
                                                  Rows Removed by Join Filter: 2756
                                                  ->  Nested Loop  (cost=618.16..7141.94 rows=2786 width=30) (actual time=1.265..24.077 rows=2786 loops=1)
                                                        ->  Nested Loop  (cost=617.73..2888.89 rows=2064 width=17) (actual time=1.256..18.102 rows=2064 loops=1)
                                                              Join Filter: (it1.id = mi_idx1.info_type_id)
                                                              Rows Removed by Join Filter: 4128
                                                              ->  Merge Join  (cost=617.73..2793.59 rows=6192 width=21) (actual time=1.236..16.474 rows=6192 loops=1)
                                                                    Merge Cond: (mi_idx1.movie_id = ml.movie_id)
                                                                    ->  Index Scan using movie_id_movie_info_idx on movie_info_idx mi_idx1  (cost=0.43..43815.31 rows=1380035 width=13) (actual time=0.011..9.392 rows=63901 loops=1)
                                                                    ->  Sort  (cost=617.30..623.08 rows=2315 width=8) (actual time=1.198..1.559 rows=6443 loops=1)
                                                                          Sort Key: ml.movie_id
                                                                          Sort Method: quicksort  Memory: 205kB
                                                                          ->  Nested Loop  (cost=38.82..487.93 rows=2315 width=8) (actual time=0.075..0.839 rows=2315 loops=1)
                                                                                ->  Seq Scan on link_type lt  (cost=0.00..18.88 rows=2 width=4) (actual time=0.008..0.011 rows=2 loops=1)
                                                                                      Filter: ((link)::text ~~ '%follow%'::text)
                                                                                      Rows Removed by Filter: 16
                                                                                ->  Bitmap Heap Scan on movie_link ml  (cost=38.82..215.78 rows=1875 width=12) (actual time=0.058..0.287 rows=1158 loops=2)
                                                                                      Recheck Cond: (link_type_id = lt.id)
                                                                                      Heap Blocks: exact=191
                                                                                      ->  Bitmap Index Scan on link_type_id_movie_link  (cost=0.00..38.35 rows=1875 width=0) (actual time=0.046..0.046 rows=1158 loops=2)
                                                                                            Index Cond: (link_type_id = lt.id)
                                                              ->  Materialize  (cost=0.00..2.42 rows=1 width=4) (actual time=0.000..0.000 rows=1 loops=6192)
                                                                    ->  Seq Scan on info_type it1  (cost=0.00..2.41 rows=1 width=4) (actual time=0.012..0.013 rows=1 loops=1)
                                                                          Filter: ((info)::text = 'rating'::text)
                                                                          Rows Removed by Filter: 112
                                                        ->  Index Scan using movie_id_movie_info_idx on movie_info_idx mi_idx2  (cost=0.43..2.05 rows=1 width=13) (actual time=0.002..0.003 rows=1 loops=2064)
                                                              Index Cond: (movie_id = ml.linked_movie_id)
                                                              Filter: (info < '3.0'::text)
                                                              Rows Removed by Filter: 1
                                                  ->  Materialize  (cost=0.00..2.42 rows=1 width=4) (actual time=0.000..0.000 rows=1 loops=2786)
                                                        ->  Seq Scan on info_type it2  (cost=0.00..2.41 rows=1 width=4) (actual time=0.008..0.009 rows=1 loops=1)
                                                              Filter: ((info)::text = 'rating'::text)
                                                              Rows Removed by Filter: 112
                                            ->  Index Scan using movie_id_movie_companies on movie_companies mc2  (cost=0.43..0.68 rows=5 width=8) (actual time=0.004..0.005 rows=2 loops=30)
                                                  Index Cond: (movie_id = mi_idx2.movie_id)
                                      ->  Index Scan using company_name_pkey on company_name cn2  (cost=0.42..0.44 rows=1 width=23) (actual time=0.003..0.003 rows=1 loops=58)
                                            Index Cond: (id = mc2.company_id)
                                ->  Index Scan using movie_id_movie_companies on movie_companies mc1  (cost=0.43..0.59 rows=5 width=8) (actual time=0.002..0.003 rows=3 loops=58)
                                      Index Cond: (movie_id = mi_idx1.movie_id)
                          ->  Index Scan using company_name_pkey on company_name cn1  (cost=0.42..0.45 rows=1 width=23) (actual time=0.002..0.002 rows=0 loops=179)
                                Index Cond: (id = mc1.company_id)
                                Filter: ((country_code)::text = '[nl]'::text)
                                Rows Removed by Filter: 1
                    ->  Index Scan using title_pkey on title t2  (cost=0.43..0.52 rows=1 width=25) (actual time=0.004..0.004 rows=0 loops=10)
                          Index Cond: (id = mc2.movie_id)
                          Filter: (production_year = 2007)
                          Rows Removed by Filter: 1
              ->  Nested Loop  (cost=0.00..45.51 rows=1 width=8) (actual time=0.003..0.004 rows=1 loops=4)
                    ->  Seq Scan on kind_type kt1  (cost=0.00..22.75 rows=1 width=4) (actual time=0.002..0.002 rows=1 loops=4)
                          Filter: ((kind)::text = 'tv series'::text)
                          Rows Removed by Filter: 6
                    ->  Seq Scan on kind_type kt2  (cost=0.00..22.75 rows=1 width=4) (actual time=0.001..0.001 rows=1 loops=4)
                          Filter: ((kind)::text = 'tv series'::text)
                          Rows Removed by Filter: 6
        ->  Index Scan using title_pkey on title t1  (cost=0.43..0.52 rows=1 width=25) (actual time=0.003..0.003 rows=1 loops=4)
              Index Cond: (id = mc1.movie_id)
Planning time: 61.594 ms
Execution time: 26.044 ms
