Aggregate  (cost=17456.48..17456.49 rows=1 width=192) (actual time=93.992..93.992 rows=1 loops=1)
  ->  Nested Loop  (cost=42.38..17456.46 rows=1 width=82) (actual time=6.022..93.917 rows=114 loops=1)
        Join Filter: ((t2.id = mi_idx2.movie_id) AND (it2.id = mi_idx2.info_type_id))
        Rows Removed by Join Filter: 20020
        ->  Nested Loop  (cost=41.95..17455.93 rows=1 width=93) (actual time=0.157..63.357 rows=15007 loops=1)
              ->  Nested Loop  (cost=41.53..17455.48 rows=1 width=78) (actual time=0.153..39.442 rows=15007 loops=1)
                    ->  Nested Loop  (cost=41.10..17454.82 rows=1 width=70) (actual time=0.147..30.019 rows=2996 loops=1)
                          Join Filter: (it1.id = mi_idx1.info_type_id)
                          Rows Removed by Join Filter: 5992
                          ->  Nested Loop  (cost=0.14..16.54 rows=1 width=8) (actual time=0.029..0.034 rows=1 loops=1)
                                ->  Index Scan using info_type_pkey on info_type it2  (cost=0.14..14.12 rows=1 width=4) (actual time=0.019..0.021 rows=1 loops=1)
                                      Filter: ((info)::text = 'rating'::text)
                                      Rows Removed by Filter: 112
                                ->  Seq Scan on info_type it1  (cost=0.00..2.41 rows=1 width=4) (actual time=0.010..0.011 rows=1 loops=1)
                                      Filter: ((info)::text = 'rating'::text)
                                      Rows Removed by Filter: 112
                          ->  Nested Loop  (cost=40.96..17438.24 rows=3 width=70) (actual time=0.117..29.138 rows=8988 loops=1)
                                ->  Nested Loop  (cost=40.53..17435.06 rows=6 width=73) (actual time=0.110..22.316 rows=3113 loops=1)
                                      Join Filter: (t1.kind_id = kt1.id)
                                      Rows Removed by Join Filter: 2298
                                      ->  Nested Loop  (cost=40.53..17318.95 rows=3113 width=77) (actual time=0.107..21.276 rows=3113 loops=1)
                                            Join Filter: (ml.movie_id = t1.id)
                                            ->  Nested Loop  (cost=40.10..15672.26 rows=3113 width=52) (actual time=0.103..16.154 rows=3113 loops=1)
                                                  ->  Nested Loop  (cost=39.68..14136.15 rows=3445 width=37) (actual time=0.097..10.049 rows=3445 loops=1)
                                                        ->  Nested Loop  (cost=39.25..10899.95 rows=815 width=29) (actual time=0.091..7.374 rows=815 loops=1)
                                                              Join Filter: (t2.kind_id = kt2.id)
                                                              Rows Removed by Join Filter: 768
                                                              ->  Nested Loop  (cost=39.25..10848.83 rows=946 width=33) (actual time=0.075..7.054 rows=946 loops=1)
                                                                    ->  Nested Loop  (cost=38.82..488.81 rows=2315 width=8) (actual time=0.067..0.974 rows=2315 loops=1)
                                                                          ->  Seq Scan on link_type lt  (cost=0.00..19.76 rows=2 width=4) (actual time=0.003..0.009 rows=2 loops=1)
                                                                                Filter: ((link)::text = ANY ('{sequel,follows,"followed by"}'::text[]))
                                                                                Rows Removed by Filter: 16
                                                                          ->  Bitmap Heap Scan on movie_link ml  (cost=38.82..215.78 rows=1875 width=12) (actual time=0.066..0.343 rows=1158 loops=2)
                                                                                Recheck Cond: (link_type_id = lt.id)
                                                                                Heap Blocks: exact=191
                                                                                ->  Bitmap Index Scan on link_type_id_movie_link  (cost=0.00..38.35 rows=1875 width=0) (actual time=0.052..0.052 rows=1158 loops=2)
                                                                                      Index Cond: (link_type_id = lt.id)
                                                                    ->  Index Scan using title_pkey on title t2  (cost=0.43..4.48 rows=1 width=25) (actual time=0.002..0.002 rows=0 loops=2315)
                                                                          Index Cond: (id = ml.linked_movie_id)
                                                                          Filter: ((production_year >= 2000) AND (production_year <= 2010))
                                                                          Rows Removed by Filter: 1
                                                              ->  Materialize  (cost=0.00..22.76 rows=2 width=4) (actual time=0.000..0.000 rows=2 loops=946)
                                                                    ->  Seq Scan on kind_type kt2  (cost=0.00..22.75 rows=2 width=4) (actual time=0.003..0.004 rows=2 loops=1)
                                                                          Filter: ((kind)::text = ANY ('{"tv series",episode}'::text[]))
                                                                          Rows Removed by Filter: 5
                                                        ->  Index Scan using movie_id_movie_companies on movie_companies mc1  (cost=0.43..3.92 rows=5 width=8) (actual time=0.002..0.003 rows=4 loops=815)
                                                              Index Cond: (movie_id = ml.movie_id)
                                                  ->  Index Scan using company_name_pkey on company_name cn1  (cost=0.42..0.45 rows=1 width=23) (actual time=0.001..0.001 rows=1 loops=3445)
                                                        Index Cond: (id = mc1.company_id)
                                                        Filter: ((country_code)::text <> '[us]'::text)
                                                        Rows Removed by Filter: 0
                                            ->  Index Scan using title_pkey on title t1  (cost=0.43..0.52 rows=1 width=25) (actual time=0.001..0.001 rows=1 loops=3113)
                                                  Index Cond: (id = mc1.movie_id)
                                      ->  Materialize  (cost=0.00..22.76 rows=2 width=4) (actual time=0.000..0.000 rows=2 loops=3113)
                                            ->  Seq Scan on kind_type kt1  (cost=0.00..22.75 rows=2 width=4) (actual time=0.002..0.003 rows=2 loops=1)
                                                  Filter: ((kind)::text = ANY ('{"tv series",episode}'::text[]))
                                                  Rows Removed by Filter: 5
                                ->  Index Scan using movie_id_movie_info_idx on movie_info_idx mi_idx1  (cost=0.43..0.50 rows=3 width=13) (actual time=0.001..0.002 rows=3 loops=3113)
                                      Index Cond: (movie_id = t1.id)
                    ->  Index Scan using movie_id_movie_companies on movie_companies mc2  (cost=0.43..0.62 rows=5 width=8) (actual time=0.001..0.002 rows=5 loops=2996)
                          Index Cond: (movie_id = t2.id)
              ->  Index Scan using company_name_pkey on company_name cn2  (cost=0.42..0.44 rows=1 width=23) (actual time=0.001..0.001 rows=1 loops=15007)
                    Index Cond: (id = mc2.company_id)
        ->  Index Scan using movie_id_movie_info_idx on movie_info_idx mi_idx2  (cost=0.43..0.51 rows=2 width=13) (actual time=0.001..0.002 rows=1 loops=15007)
              Index Cond: (movie_id = mc2.movie_id)
              Filter: (info < '3.5'::text)
              Rows Removed by Filter: 2
Planning time: 59.465 ms
Execution time: 94.110 ms
