Aggregate  (cost=5609.16..5609.17 rows=1 width=192) (actual time=8.884..8.884 rows=1 loops=1)
  ->  Nested Loop  (cost=42.68..5608.11 rows=70 width=82) (actual time=0.783..8.812 rows=114 loops=1)
        ->  Nested Loop  (cost=42.26..5577.07 rows=70 width=67) (actual time=0.781..8.602 rows=114 loops=1)
              ->  Nested Loop  (cost=41.84..5518.66 rows=131 width=52) (actual time=0.773..8.314 rows=131 loops=1)
                    ->  Nested Loop  (cost=41.41..5491.88 rows=44 width=60) (actual time=0.768..8.154 rows=44 loops=1)
                          ->  Nested Loop  (cost=41.26..5484.39 rows=44 width=64) (actual time=0.766..8.110 rows=44 loops=1)
                                Join Filter: (ml.movie_id = t1.id)
                                ->  Nested Loop  (cost=40.83..5458.41 rows=44 width=39) (actual time=0.760..8.003 rows=44 loops=1)
                                      ->  Nested Loop  (cost=40.68..5449.72 rows=51 width=43) (actual time=0.757..7.943 rows=51 loops=1)
                                            ->  Nested Loop  (cost=40.25..5431.71 rows=27 width=51) (actual time=0.750..7.817 rows=27 loops=1)
                                                  Join Filter: (it1.id = mi_idx1.info_type_id)
                                                  Rows Removed by Join Filter: 54
                                                  ->  Nested Loop  (cost=39.82..5371.38 rows=29 width=46) (actual time=0.744..7.726 rows=29 loops=1)
                                                        ->  Index Scan using info_type_pkey on info_type it1  (cost=0.14..14.12 rows=1 width=4) (actual time=0.019..0.021 rows=1 loops=1)
                                                              Filter: ((info)::text = 'rating'::text)
                                                              Rows Removed by Filter: 112
                                                        ->  Nested Loop  (cost=39.68..5356.97 rows=29 width=42) (actual time=0.724..7.699 rows=29 loops=1)
                                                              Join Filter: (ml.linked_movie_id = t2.id)
                                                              ->  Nested Loop  (cost=39.25..5323.14 rows=47 width=17) (actual time=0.696..7.496 rows=47 loops=1)
                                                                    Join Filter: (it2.id = mi_idx2.info_type_id)
                                                                    Rows Removed by Join Filter: 3033
                                                                    ->  Seq Scan on info_type it2  (cost=0.00..2.41 rows=1 width=4) (actual time=0.010..0.011 rows=1 loops=1)
                                                                          Filter: ((info)::text = 'rating'::text)
                                                                          Rows Removed by Filter: 112
                                                                    ->  Nested Loop  (cost=39.25..5282.23 rows=3080 width=21) (actual time=0.076..7.299 rows=3080 loops=1)
                                                                          ->  Nested Loop  (cost=38.82..488.81 rows=2315 width=8) (actual time=0.066..0.910 rows=2315 loops=1)
                                                                                ->  Seq Scan on link_type lt  (cost=0.00..19.76 rows=2 width=4) (actual time=0.004..0.008 rows=2 loops=1)
                                                                                      Filter: ((link)::text = ANY ('{sequel,follows,"followed by"}'::text[]))
                                                                                      Rows Removed by Filter: 16
                                                                                ->  Bitmap Heap Scan on movie_link ml  (cost=38.82..215.78 rows=1875 width=12) (actual time=0.063..0.318 rows=1158 loops=2)
                                                                                      Recheck Cond: (link_type_id = lt.id)
                                                                                      Heap Blocks: exact=191
                                                                                      ->  Bitmap Index Scan on link_type_id_movie_link  (cost=0.00..38.35 rows=1875 width=0) (actual time=0.050..0.050 rows=1158 loops=2)
                                                                                            Index Cond: (link_type_id = lt.id)
                                                                          ->  Index Scan using movie_id_movie_info_idx on movie_info_idx mi_idx2  (cost=0.43..2.05 rows=2 width=13) (actual time=0.002..0.002 rows=1 loops=2315)
                                                                                Index Cond: (movie_id = ml.linked_movie_id)
                                                                                Filter: (info < '3.5'::text)
                                                                                Rows Removed by Filter: 1
                                                              ->  Index Scan using title_pkey on title t2  (cost=0.43..0.71 rows=1 width=25) (actual time=0.004..0.004 rows=1 loops=47)
                                                                    Index Cond: (id = mi_idx2.movie_id)
                                                                    Filter: ((production_year >= 2000) AND (production_year <= 2010))
                                                                    Rows Removed by Filter: 0
                                                  ->  Index Scan using movie_id_movie_info_idx on movie_info_idx mi_idx1  (cost=0.43..2.04 rows=3 width=13) (actual time=0.002..0.003 rows=3 loops=29)
                                                        Index Cond: (movie_id = ml.movie_id)
                                            ->  Index Scan using movie_id_movie_companies on movie_companies mc2  (cost=0.43..0.62 rows=5 width=8) (actual time=0.003..0.004 rows=2 loops=27)
                                                  Index Cond: (movie_id = t2.id)
                                      ->  Index Scan using kind_type_pkey on kind_type kt2  (cost=0.15..0.17 rows=1 width=4) (actual time=0.001..0.001 rows=1 loops=51)
                                            Index Cond: (id = t2.kind_id)
                                            Filter: ((kind)::text = ANY ('{"tv series",episode}'::text[]))
                                            Rows Removed by Filter: 0
                                ->  Index Scan using title_pkey on title t1  (cost=0.43..0.58 rows=1 width=25) (actual time=0.002..0.002 rows=1 loops=44)
                                      Index Cond: (id = mi_idx1.movie_id)
                          ->  Index Scan using kind_type_pkey on kind_type kt1  (cost=0.15..0.17 rows=1 width=4) (actual time=0.001..0.001 rows=1 loops=44)
                                Index Cond: (id = t1.kind_id)
                                Filter: ((kind)::text = ANY ('{"tv series",episode}'::text[]))
                    ->  Index Scan using movie_id_movie_companies on movie_companies mc1  (cost=0.43..0.56 rows=5 width=8) (actual time=0.002..0.003 rows=3 loops=44)
                          Index Cond: (movie_id = t1.id)
              ->  Index Scan using company_name_pkey on company_name cn1  (cost=0.42..0.45 rows=1 width=23) (actual time=0.002..0.002 rows=1 loops=131)
                    Index Cond: (id = mc1.company_id)
                    Filter: ((country_code)::text <> '[us]'::text)
                    Rows Removed by Filter: 0
        ->  Index Scan using company_name_pkey on company_name cn2  (cost=0.42..0.44 rows=1 width=23) (actual time=0.002..0.002 rows=1 loops=114)
              Index Cond: (id = mc2.company_id)
Planning time: 58.436 ms
Execution time: 9.000 ms
