Aggregate  (cost=32549.47..32549.48 rows=1 width=32) (actual time=59.713..59.713 rows=1 loops=1)
  ->  Nested Loop  (cost=7.69..32549.47 rows=1 width=17) (actual time=3.708..59.705 rows=5 loops=1)
        Join Filter: (t.id = mi.movie_id)
        ->  Nested Loop  (cost=7.26..32322.34 rows=157 width=25) (actual time=2.687..52.484 rows=405 loops=1)
              ->  Nested Loop  (cost=6.83..31826.68 rows=1012 width=4) (actual time=2.370..27.497 rows=12951 loops=1)
                    ->  Seq Scan on keyword k  (cost=0.00..2626.12 rows=30 width=4) (actual time=0.934..17.546 rows=30 loops=1)
                          Filter: (keyword ~~ '%sequel%'::text)
                          Rows Removed by Filter: 134140
                    ->  Bitmap Heap Scan on movie_keyword mk  (cost=6.83..970.26 rows=309 width=8) (actual time=0.061..0.287 rows=432 loops=30)
                          Recheck Cond: (keyword_id = k.id)
                          Heap Blocks: exact=6979
                          ->  Bitmap Index Scan on keyword_id_movie_keyword  (cost=0.00..6.75 rows=309 width=0) (actual time=0.032..0.032 rows=432 loops=30)
                                Index Cond: (keyword_id = k.id)
              ->  Index Scan using title_pkey on title t  (cost=0.43..0.49 rows=1 width=21) (actual time=0.002..0.002 rows=0 loops=12951)
                    Index Cond: (id = mk.movie_id)
                    Filter: (production_year > 2010)
                    Rows Removed by Filter: 1
        ->  Index Scan using movie_id_movie_info on movie_info mi  (cost=0.43..1.43 rows=1 width=4) (actual time=0.017..0.018 rows=0 loops=405)
              Index Cond: (movie_id = mk.movie_id)
              Filter: (info = 'Bulgaria'::text)
              Rows Removed by Filter: 63
Planning time: 0.619 ms
Execution time: 59.742 ms
