Aggregate  (cost=33634.24..33634.25 rows=1 width=32) (actual time=198.391..198.391 rows=1 loops=1)
  ->  Nested Loop  (cost=7.69..33630.78 rows=1385 width=17) (actual time=2.461..197.285 rows=7250 loops=1)
        Join Filter: (t.id = mi.movie_id)
        ->  Nested Loop  (cost=7.26..32322.34 rows=700 width=25) (actual time=2.397..58.039 rows=7874 loops=1)
              ->  Nested Loop  (cost=6.83..31826.68 rows=1012 width=4) (actual time=2.391..28.766 rows=12951 loops=1)
                    ->  Seq Scan on keyword k  (cost=0.00..2626.12 rows=30 width=4) (actual time=0.920..17.620 rows=30 loops=1)
                          Filter: (keyword ~~ '%sequel%'::text)
                          Rows Removed by Filter: 134140
                    ->  Bitmap Heap Scan on movie_keyword mk  (cost=6.83..970.26 rows=309 width=8) (actual time=0.062..0.321 rows=432 loops=30)
                          Recheck Cond: (keyword_id = k.id)
                          Heap Blocks: exact=6979
                          ->  Bitmap Index Scan on keyword_id_movie_keyword  (cost=0.00..6.75 rows=309 width=0) (actual time=0.034..0.034 rows=432 loops=30)
                                Index Cond: (keyword_id = k.id)
              ->  Index Scan using title_pkey on title t  (cost=0.43..0.49 rows=1 width=21) (actual time=0.002..0.002 rows=1 loops=12951)
                    Index Cond: (id = mk.movie_id)
                    Filter: (production_year > 1990)
                    Rows Removed by Filter: 0
        ->  Index Scan using movie_id_movie_info on movie_info mi  (cost=0.43..1.84 rows=2 width=4) (actual time=0.015..0.017 rows=1 loops=7874)
              Index Cond: (movie_id = mk.movie_id)
              Filter: (info = ANY ('{Sweden,Norway,Germany,Denmark,Swedish,Denish,Norwegian,German,USA,American}'::text[]))
              Rows Removed by Filter: 35
Planning time: 0.627 ms
Execution time: 198.420 ms
