Aggregate  (cost=30760.83..30760.84 rows=1 width=64) (actual time=1335.083..1335.083 rows=1 loops=1)
  ->  Hash Join  (cost=9035.97..30760.81 rows=4 width=22) (actual time=159.177..1334.787 rows=740 loops=1)
        Hash Cond: (mk.keyword_id = k.id)
        ->  Nested Loop  (cost=6409.47..27905.44 rows=18128 width=26) (actual time=16.305..1265.531 rows=697651 loops=1)
              ->  Nested Loop  (cost=6409.04..24495.77 rows=1850 width=30) (actual time=16.301..853.162 rows=106021 loops=1)
                    ->  Nested Loop  (cost=6408.61..20825.56 rows=4617 width=9) (actual time=16.294..170.814 rows=352990 loops=1)
                          ->  Seq Scan on info_type it  (cost=0.00..2.41 rows=1 width=4) (actual time=0.010..0.013 rows=1 loops=1)
                                Filter: ((info)::text = 'rating'::text)
                                Rows Removed by Filter: 112
                          ->  Bitmap Heap Scan on movie_info_idx mi_idx  (cost=6408.61..19518.74 rows=130441 width=13) (actual time=16.282..135.008 rows=352990 loops=1)
                                Recheck Cond: (info_type_id = it.id)
                                Filter: (info > '5.0'::text)
                                Rows Removed by Filter: 106935
                                Heap Blocks: exact=7934
                                ->  Bitmap Index Scan on info_type_id_movie_info_idx  (cost=0.00..6375.99 rows=345009 width=0) (actual time=15.315..15.315 rows=459925 loops=1)
                                      Index Cond: (info_type_id = it.id)
                    ->  Index Scan using title_pkey on title t  (cost=0.43..0.79 rows=1 width=21) (actual time=0.002..0.002 rows=0 loops=352990)
                          Index Cond: (id = mi_idx.movie_id)
                          Filter: (production_year > 2005)
                          Rows Removed by Filter: 1
              ->  Index Scan using movie_id_movie_keyword on movie_keyword mk  (cost=0.43..1.38 rows=46 width=8) (actual time=0.002..0.003 rows=7 loops=106021)
                    Index Cond: (movie_id = t.id)
        ->  Hash  (cost=2626.12..2626.12 rows=30 width=4) (actual time=16.226..16.226 rows=30 loops=1)
              Buckets: 1024  Batches: 1  Memory Usage: 10kB
              ->  Seq Scan on keyword k  (cost=0.00..2626.12 rows=30 width=4) (actual time=0.900..16.219 rows=30 loops=1)
                    Filter: (keyword ~~ '%sequel%'::text)
                    Rows Removed by Filter: 134140
Planning time: 0.781 ms
Execution time: 1335.123 ms
