Aggregate  (cost=39330.91..39330.92 rows=1 width=64) (actual time=57.618..57.618 rows=1 loops=1)
  ->  Nested Loop  (cost=7.68..39327.21 rows=740 width=22) (actual time=2.692..57.410 rows=740 loops=1)
        Join Filter: (mi_idx.info_type_id = it.id)
        Rows Removed by Join Filter: 405
        ->  Seq Scan on info_type it  (cost=0.00..2.41 rows=1 width=4) (actual time=0.010..0.011 rows=1 loops=1)
              Filter: ((info)::text = 'rating'::text)
              Rows Removed by Filter: 112
        ->  Nested Loop  (cost=7.68..39310.48 rows=1145 width=26) (actual time=2.682..57.259 rows=1145 loops=1)
              Join Filter: (t.id = mi_idx.movie_id)
              ->  Nested Loop  (cost=7.26..38169.82 rows=2235 width=25) (actual time=2.675..52.063 rows=2235 loops=1)
                    ->  Nested Loop  (cost=6.83..31826.68 rows=12951 width=4) (actual time=2.358..26.908 rows=12951 loops=1)
                          ->  Seq Scan on keyword k  (cost=0.00..2626.12 rows=30 width=4) (actual time=0.917..16.912 rows=30 loops=1)
                                Filter: (keyword ~~ '%sequel%'::text)
                                Rows Removed by Filter: 134140
                          ->  Bitmap Heap Scan on movie_keyword mk  (cost=6.83..970.26 rows=309 width=8) (actual time=0.061..0.288 rows=432 loops=30)
                                Recheck Cond: (keyword_id = k.id)
                                Heap Blocks: exact=6979
                                ->  Bitmap Index Scan on keyword_id_movie_keyword  (cost=0.00..6.75 rows=309 width=0) (actual time=0.033..0.033 rows=432 loops=30)
                                      Index Cond: (keyword_id = k.id)
                    ->  Index Scan using title_pkey on title t  (cost=0.43..0.49 rows=1 width=21) (actual time=0.002..0.002 rows=0 loops=12951)
                          Index Cond: (id = mk.movie_id)
                          Filter: (production_year > 2005)
                          Rows Removed by Filter: 1
              ->  Index Scan using movie_id_movie_info_idx on movie_info_idx mi_idx  (cost=0.43..0.50 rows=1 width=13) (actual time=0.002..0.002 rows=1 loops=2235)
                    Index Cond: (movie_id = mk.movie_id)
                    Filter: (info > '5.0'::text)
                    Rows Removed by Filter: 1
Planning time: 0.789 ms
Execution time: 57.652 ms
