Aggregate  (cost=16696.46..16696.47 rows=1 width=64) (actual time=52.521..52.521 rows=1 loops=1)
  ->  Nested Loop  (cost=7.68..16696.45 rows=1 width=22) (actual time=5.771..52.513 rows=6 loops=1)
        Join Filter: (mi_idx.movie_id = t.id)
        ->  Nested Loop  (cost=7.25..16695.95 rows=1 width=13) (actual time=5.019..52.445 rows=21 loops=1)
              Join Filter: (mi_idx.info_type_id = it.id)
              Rows Removed by Join Filter: 277
              ->  Seq Scan on info_type it  (cost=0.00..2.41 rows=1 width=4) (actual time=0.010..0.011 rows=1 loops=1)
                    Filter: ((info)::text = 'rating'::text)
                    Rows Removed by Filter: 112
              ->  Nested Loop  (cost=7.25..16693.45 rows=7 width=17) (actual time=2.488..52.407 rows=298 loops=1)
                    ->  Nested Loop  (cost=6.83..16471.01 rows=438 width=4) (actual time=2.412..26.310 rows=12951 loops=1)
                          ->  Seq Scan on keyword k  (cost=0.00..2626.12 rows=13 width=4) (actual time=0.941..16.512 rows=30 loops=1)
                                Filter: (keyword ~~ '%sequel%'::text)
                                Rows Removed by Filter: 134140
                          ->  Bitmap Heap Scan on movie_keyword mk  (cost=6.83..1061.90 rows=309 width=8) (actual time=0.061..0.282 rows=432 loops=30)
                                Recheck Cond: (keyword_id = k.id)
                                Heap Blocks: exact=6979
                                ->  Bitmap Index Scan on keyword_id_movie_keyword  (cost=0.00..6.75 rows=309 width=0) (actual time=0.032..0.032 rows=432 loops=30)
                                      Index Cond: (keyword_id = k.id)
                    ->  Index Scan using movie_id_movie_info_idx on movie_info_idx mi_idx  (cost=0.43..0.50 rows=1 width=13) (actual time=0.002..0.002 rows=0 loops=12951)
                          Index Cond: (movie_id = mk.movie_id)
                          Filter: (info > '9.0'::text)
                          Rows Removed by Filter: 2
        ->  Index Scan using title_pkey on title t  (cost=0.43..0.49 rows=1 width=21) (actual time=0.003..0.003 rows=0 loops=21)
              Index Cond: (id = mk.movie_id)
              Filter: (production_year > 2010)
              Rows Removed by Filter: 1
Planning time: 0.772 ms
Execution time: 52.555 ms
