Aggregate  (cost=21899.17..21899.18 rows=1 width=64) (actual time=100.330..100.330 rows=1 loops=1)
  ->  Nested Loop  (cost=6377.75..21899.17 rows=1 width=22) (actual time=54.002..100.322 rows=6 loops=1)
        ->  Nested Loop  (cost=6377.33..21694.86 rows=463 width=26) (actual time=19.562..97.900 rows=1070 loops=1)
              ->  Nested Loop  (cost=6376.90..21597.38 rows=47 width=30) (actual time=16.748..97.292 rows=72 loops=1)
                    ->  Nested Loop  (cost=6376.47..19508.10 rows=305 width=9) (actual time=16.739..96.337 rows=305 loops=1)
                          ->  Seq Scan on info_type it  (cost=0.00..2.41 rows=1 width=4) (actual time=0.009..0.011 rows=1 loops=1)
                                Filter: ((info)::text = 'rating'::text)
                                Rows Removed by Filter: 112
                          ->  Bitmap Heap Scan on movie_info_idx mi_idx  (cost=6376.47..19486.61 rows=1908 width=13) (actual time=16.728..96.285 rows=305 loops=1)
                                Recheck Cond: (info_type_id = it.id)
                                Filter: (info > '9.0'::text)
                                Rows Removed by Filter: 459620
                                Heap Blocks: exact=7934
                                ->  Bitmap Index Scan on info_type_id_movie_info_idx  (cost=0.00..6375.99 rows=345009 width=0) (actual time=14.933..14.933 rows=459925 loops=1)
                                      Index Cond: (info_type_id = it.id)
                    ->  Index Scan using title_pkey on title t  (cost=0.43..6.85 rows=1 width=21) (actual time=0.003..0.003 rows=0 loops=305)
                          Index Cond: (id = mi_idx.movie_id)
                          Filter: (production_year > 2010)
                          Rows Removed by Filter: 1
              ->  Index Scan using movie_id_movie_keyword on movie_keyword mk  (cost=0.43..1.61 rows=46 width=8) (actual time=0.004..0.006 rows=15 loops=72)
                    Index Cond: (movie_id = t.id)
        ->  Index Scan using keyword_pkey on keyword k  (cost=0.42..0.44 rows=1 width=4) (actual time=0.002..0.002 rows=0 loops=1070)
              Index Cond: (id = mk.keyword_id)
              Filter: (keyword ~~ '%sequel%'::text)
              Rows Removed by Filter: 1
Planning time: 0.747 ms
Execution time: 100.363 ms
