Aggregate  (cost=39110.63..39110.64 rows=1 width=64) (actual time=75.668..75.668 rows=1 loops=1)
  ->  Nested Loop  (cost=7.68..39107.97 rows=531 width=22) (actual time=2.391..74.586 rows=4700 loops=1)
        Join Filter: (mi_idx.movie_id = t.id)
        ->  Nested Loop  (cost=7.25..38722.22 rows=768 width=13) (actual time=2.386..56.456 rows=8092 loops=1)
              Join Filter: (mi_idx.info_type_id = it.id)
              Rows Removed by Join Filter: 6809
              ->  Seq Scan on info_type it  (cost=0.00..2.41 rows=1 width=4) (actual time=0.010..0.011 rows=1 loops=1)
                    Filter: ((info)::text = 'rating'::text)
                    Rows Removed by Filter: 112
              ->  Nested Loop  (cost=7.25..38533.55 rows=14901 width=17) (actual time=2.376..54.945 rows=14901 loops=1)
                    ->  Nested Loop  (cost=6.83..31826.68 rows=12951 width=4) (actual time=2.368..27.269 rows=12951 loops=1)
                          ->  Seq Scan on keyword k  (cost=0.00..2626.12 rows=30 width=4) (actual time=0.910..17.065 rows=30 loops=1)
                                Filter: (keyword ~~ '%sequel%'::text)
                                Rows Removed by Filter: 134140
                          ->  Bitmap Heap Scan on movie_keyword mk  (cost=6.83..970.26 rows=309 width=8) (actual time=0.061..0.294 rows=432 loops=30)
                                Recheck Cond: (keyword_id = k.id)
                                Heap Blocks: exact=6979
                                ->  Bitmap Index Scan on keyword_id_movie_keyword  (cost=0.00..6.75 rows=309 width=0) (actual time=0.033..0.033 rows=432 loops=30)
                                      Index Cond: (keyword_id = k.id)
                    ->  Index Scan using movie_id_movie_info_idx on movie_info_idx mi_idx  (cost=0.43..0.50 rows=2 width=13) (actual time=0.002..0.002 rows=1 loops=12951)
                          Index Cond: (movie_id = mk.movie_id)
                          Filter: (info > '2.0'::text)
                          Rows Removed by Filter: 1
        ->  Index Scan using title_pkey on title t  (cost=0.43..0.49 rows=1 width=21) (actual time=0.002..0.002 rows=1 loops=8092)
              Index Cond: (id = mk.movie_id)
              Filter: (production_year > 1990)
              Rows Removed by Filter: 0
Planning time: 0.779 ms
Execution time: 75.701 ms
