Aggregate  (cost=53300.88..53300.89 rows=1 width=32) (actual time=199.713..199.713 rows=1 loops=1)
  ->  Nested Loop  (cost=1.29..53300.87 rows=4 width=17) (actual time=199.712..199.712 rows=0 loops=1)
        Join Filter: (mi.info_type_id = it.id)
        ->  Seq Scan on info_type it  (cost=0.00..2.13 rows=113 width=4) (actual time=0.004..0.010 rows=113 loops=1)
        ->  Materialize  (cost=1.29..53291.97 rows=4 width=21) (actual time=1.767..1.767 rows=0 loops=113)
              ->  Nested Loop  (cost=1.29..53291.95 rows=4 width=21) (actual time=199.683..199.683 rows=0 loops=1)
                    ->  Nested Loop  (cost=0.86..53258.73 rows=14 width=25) (actual time=199.683..199.683 rows=0 loops=1)
                          ->  Nested Loop  (cost=0.43..53090.55 rows=34 width=4) (actual time=199.682..199.682 rows=0 loops=1)
                                ->  Seq Scan on company_type ct  (cost=0.00..18.88 rows=1 width=4) (actual time=0.003..0.004 rows=1 loops=1)
                                      Filter: ((kind)::text = 'production companies'::text)
                                      Rows Removed by Filter: 3
                                ->  Index Scan using company_type_id_movie_companies on movie_companies mc  (cost=0.43..53067.12 rows=456 width=8) (actual time=199.677..199.677 rows=0 loops=1)
                                      Index Cond: (company_type_id = ct.id)
                                      Filter: ((note ~~ '%(theatrical)%'::text) AND (note ~~ '%(France)%'::text))
                                      Rows Removed by Filter: 1334883
                          ->  Index Scan using title_pkey on title t  (cost=0.43..4.95 rows=1 width=21) (never executed)
                                Index Cond: (id = mc.movie_id)
                                Filter: (production_year > 2005)
                    ->  Index Scan using movie_id_movie_info on movie_info mi  (cost=0.43..2.36 rows=1 width=8) (never executed)
                          Index Cond: (movie_id = t.id)
                          Filter: (info = ANY ('{Sweden,Norway,Germany,Denmark,Swedish,Denish,Norwegian,German}'::text[]))
Planning time: 0.856 ms
Execution time: 199.743 ms
