Aggregate  (cost=53101.42..53101.43 rows=1 width=32) (actual time=195.066..195.066 rows=1 loops=1)
  ->  Nested Loop  (cost=1.29..53101.42 rows=1 width=17) (actual time=195.064..195.064 rows=0 loops=1)
        Join Filter: (mi.info_type_id = it.id)
        ->  Nested Loop  (cost=1.29..53097.87 rows=0 width=21) (actual time=195.064..195.064 rows=0 loops=1)
              ->  Nested Loop  (cost=0.86..53095.50 rows=0 width=25) (actual time=195.064..195.064 rows=0 loops=1)
                    ->  Nested Loop  (cost=0.43..53090.55 rows=0 width=4) (actual time=195.063..195.063 rows=0 loops=1)
                          ->  Seq Scan on company_type ct  (cost=0.00..18.88 rows=1 width=4) (actual time=0.003..0.004 rows=1 loops=1)
                                Filter: ((kind)::text = 'production companies'::text)
                                Rows Removed by Filter: 3
                          ->  Index Scan using company_type_id_movie_companies on movie_companies mc  (cost=0.43..53067.12 rows=456 width=8) (actual time=195.058..195.058 rows=0 loops=1)
                                Index Cond: (company_type_id = ct.id)
                                Filter: ((note ~~ '%(theatrical)%'::text) AND (note ~~ '%(France)%'::text))
                                Rows Removed by Filter: 1334883
                    ->  Index Scan using title_pkey on title t  (cost=0.43..4.95 rows=1 width=21) (never executed)
                          Index Cond: (id = mc.movie_id)
                          Filter: (production_year > 2005)
              ->  Index Scan using movie_id_movie_info on movie_info mi  (cost=0.43..2.36 rows=1 width=8) (never executed)
                    Index Cond: (movie_id = t.id)
                    Filter: (info = ANY ('{Sweden,Norway,Germany,Denmark,Swedish,Denish,Norwegian,German}'::text[]))
        ->  Seq Scan on info_type it  (cost=0.00..2.13 rows=113 width=4) (never executed)
Planning time: 0.841 ms
Execution time: 195.095 ms
