Aggregate  (cost=64487.22..64487.23 rows=1 width=32) (actual time=308.179..308.179 rows=1 loops=1)
  ->  Nested Loop  (cost=0.86..64487.21 rows=1 width=17) (actual time=308.178..308.178 rows=0 loops=1)
        Join Filter: (mi.info_type_id = it.id)
        ->  Nested Loop  (cost=0.86..64483.67 rows=1 width=21) (actual time=308.177..308.177 rows=0 loops=1)
              ->  Nested Loop  (cost=0.43..64480.33 rows=1 width=25) (actual time=308.177..308.177 rows=0 loops=1)
                    ->  Nested Loop  (cost=0.00..64471.88 rows=1 width=4) (actual time=308.177..308.177 rows=0 loops=1)
                          Join Filter: (ct.id = mc.company_type_id)
                          Rows Removed by Join Filter: 1418
                          ->  Seq Scan on movie_companies mc  (cost=0.00..64449.76 rows=54 width=8) (actual time=1.246..307.756 rows=1418 loops=1)
                                Filter: ((note ~~ '%(VHS)%'::text) AND (note ~~ '%(USA)%'::text) AND (note ~~ '%(1994)%'::text))
                                Rows Removed by Filter: 2607711
                          ->  Materialize  (cost=0.00..18.89 rows=4 width=4) (actual time=0.000..0.000 rows=1 loops=1418)
                                ->  Seq Scan on company_type ct  (cost=0.00..18.88 rows=4 width=4) (actual time=0.002..0.003 rows=1 loops=1)
                                      Filter: ((kind)::text = 'production companies'::text)
                                      Rows Removed by Filter: 3
                    ->  Index Scan using title_pkey on title t  (cost=0.43..8.45 rows=1 width=21) (never executed)
                          Index Cond: (id = mc.movie_id)
                          Filter: (production_year > 2010)
              ->  Index Scan using movie_id_movie_info on movie_info mi  (cost=0.43..3.32 rows=2 width=8) (never executed)
                    Index Cond: (movie_id = t.id)
                    Filter: (info = ANY ('{USA,America}'::text[]))
        ->  Seq Scan on info_type it  (cost=0.00..2.13 rows=113 width=4) (never executed)
Planning time: 0.846 ms
Execution time: 308.208 ms
