Aggregate  (cost=56370.73..56370.74 rows=1 width=32) (actual time=183.620..183.620 rows=1 loops=1)
  ->  Nested Loop  (cost=1.29..56370.73 rows=1 width=17) (actual time=183.619..183.619 rows=0 loops=1)
        Join Filter: (mi.info_type_id = it.id)
        ->  Nested Loop  (cost=1.29..56367.19 rows=1 width=21) (actual time=183.618..183.618 rows=0 loops=1)
              ->  Nested Loop  (cost=0.86..56363.84 rows=1 width=25) (actual time=183.618..183.618 rows=0 loops=1)
                    ->  Nested Loop  (cost=0.43..56347.67 rows=2 width=4) (actual time=183.618..183.618 rows=0 loops=1)
                          ->  Seq Scan on company_type ct  (cost=0.00..18.88 rows=1 width=4) (actual time=0.003..0.004 rows=1 loops=1)
                                Filter: ((kind)::text = 'production companies'::text)
                                Rows Removed by Filter: 3
                          ->  Index Scan using company_type_id_movie_companies on movie_companies mc  (cost=0.43..56328.53 rows=27 width=8) (actual time=183.613..183.613 rows=0 loops=1)
                                Index Cond: (company_type_id = ct.id)
                                Filter: ((note ~~ '%(VHS)%'::text) AND (note ~~ '%(USA)%'::text) AND (note ~~ '%(1994)%'::text))
                                Rows Removed by Filter: 1334883
                    ->  Index Scan using title_pkey on title t  (cost=0.43..8.08 rows=1 width=21) (never executed)
                          Index Cond: (id = mc.movie_id)
                          Filter: (production_year > 2010)
              ->  Index Scan using movie_id_movie_info on movie_info mi  (cost=0.43..3.32 rows=2 width=8) (never executed)
                    Index Cond: (movie_id = t.id)
                    Filter: (info = ANY ('{USA,America}'::text[]))
        ->  Seq Scan on info_type it  (cost=0.00..2.13 rows=113 width=4) (never executed)
Planning time: 0.856 ms
Execution time: 183.649 ms
