Aggregate  (cost=62595.49..62595.50 rows=1 width=32) (actual time=416.192..416.192 rows=1 loops=1)
  ->  Nested Loop  (cost=19.93..62593.49 rows=800 width=17) (actual time=290.639..416.059 rows=669 loops=1)
        ->  Nested Loop  (cost=19.79..62465.60 rows=800 width=21) (actual time=290.636..415.328 rows=669 loops=1)
              ->  Nested Loop  (cost=19.36..61215.86 rows=582 width=25) (actual time=290.628..405.785 rows=767 loops=1)
                    ->  Hash Join  (cost=18.93..59824.82 rows=839 width=4) (actual time=290.618..402.885 rows=798 loops=1)
                          Hash Cond: (mc.company_type_id = ct.id)
                          ->  Seq Scan on movie_companies mc  (cost=0.00..57926.93 rows=148976 width=8) (actual time=0.006..381.960 rows=295628 loops=1)
                                Filter: ((note !~~ '%(TV)%'::text) AND (note ~~ '%(USA)%'::text))
                                Rows Removed by Filter: 2313501
                          ->  Hash  (cost=18.88..18.88 rows=4 width=4) (actual time=0.004..0.004 rows=1 loops=1)
                                Buckets: 1024  Batches: 1  Memory Usage: 9kB
                                ->  Seq Scan on company_type ct  (cost=0.00..18.88 rows=4 width=4) (actual time=0.002..0.003 rows=1 loops=1)
                                      Filter: ((kind)::text = 'production companies'::text)
                                      Rows Removed by Filter: 3
                    ->  Index Scan using title_pkey on title t  (cost=0.43..1.66 rows=1 width=21) (actual time=0.003..0.003 rows=1 loops=798)
                          Index Cond: (id = mc.movie_id)
                          Filter: (production_year > 1990)
                          Rows Removed by Filter: 0
              ->  Index Scan using movie_id_movie_info on movie_info mi  (cost=0.43..2.13 rows=2 width=8) (actual time=0.011..0.012 rows=1 loops=767)
                    Index Cond: (movie_id = t.id)
                    Filter: (info = ANY ('{Sweden,Norway,Germany,Denmark,Swedish,Denish,Norwegian,German,USA,American}'::text[]))
                    Rows Removed by Filter: 10
        ->  Index Only Scan using info_type_pkey on info_type it  (cost=0.14..0.16 rows=1 width=4) (actual time=0.001..0.001 rows=1 loops=669)
              Index Cond: (id = mi.info_type_id)
              Heap Fetches: 669
Planning time: 0.873 ms
Execution time: 416.225 ms
