Aggregate  (cost=56401.27..56401.28 rows=1 width=32) (actual time=223.594..223.594 rows=1 loops=1)
  ->  Nested Loop  (cost=1.44..56400.07 rows=478 width=17) (actual time=2.690..223.448 rows=669 loops=1)
        ->  Nested Loop  (cost=1.29..56323.65 rows=478 width=21) (actual time=2.687..222.708 rows=669 loops=1)
              ->  Nested Loop  (cost=0.86..54675.75 rows=767 width=25) (actual time=2.679..213.028 rows=767 loops=1)
                    ->  Nested Loop  (cost=0.43..53830.87 rows=798 width=4) (actual time=2.672..210.110 rows=798 loops=1)
                          ->  Seq Scan on company_type ct  (cost=0.00..18.88 rows=1 width=4) (actual time=0.004..0.006 rows=1 loops=1)
                                Filter: ((kind)::text = 'production companies'::text)
                                Rows Removed by Filter: 3
                          ->  Index Scan using company_type_id_movie_companies on movie_companies mc  (cost=0.43..53067.12 rows=74488 width=8) (actual time=2.668..210.006 rows=798 loops=1)
                                Index Cond: (company_type_id = ct.id)
                                Filter: ((note !~~ '%(TV)%'::text) AND (note ~~ '%(USA)%'::text))
                                Rows Removed by Filter: 1334085
                    ->  Index Scan using title_pkey on title t  (cost=0.43..1.06 rows=1 width=21) (actual time=0.003..0.003 rows=1 loops=798)
                          Index Cond: (id = mc.movie_id)
                          Filter: (production_year > 1990)
                          Rows Removed by Filter: 0
              ->  Index Scan using movie_id_movie_info on movie_info mi  (cost=0.43..2.13 rows=2 width=8) (actual time=0.011..0.012 rows=1 loops=767)
                    Index Cond: (movie_id = t.id)
                    Filter: (info = ANY ('{Sweden,Norway,Germany,Denmark,Swedish,Denish,Norwegian,German,USA,American}'::text[]))
                    Rows Removed by Filter: 10
        ->  Index Only Scan using info_type_pkey on info_type it  (cost=0.14..0.16 rows=1 width=4) (actual time=0.001..0.001 rows=1 loops=669)
              Index Cond: (id = mi.info_type_id)
              Heap Fetches: 669
Planning time: 0.904 ms
Execution time: 223.647 ms
