Aggregate  (cost=71646.58..71646.59 rows=1 width=96) (actual time=3368.263..3368.263 rows=1 loops=1)
  ->  Nested Loop  (cost=8.25..71593.87 rows=7028 width=48) (actual time=0.473..3129.796 rows=785477 loops=1)
        ->  Nested Loop  (cost=7.82..68393.52 rows=7029 width=37) (actual time=0.468..979.331 rows=785477 loops=1)
              Join Filter: (t.id = ci.movie_id)
              ->  Nested Loop  (cost=7.26..29815.70 rows=19422 width=41) (actual time=0.462..168.428 rows=14165 loops=1)
                    ->  Nested Loop  (cost=6.83..12405.01 rows=35548 width=20) (actual time=0.456..67.701 rows=35548 loops=1)
                          ->  Seq Scan on keyword k  (cost=0.00..3632.40 rows=8 width=20) (actual time=0.093..25.796 rows=8 loops=1)
                                Filter: (keyword = ANY ('{superhero,sequel,second-part,marvel-comics,based-on-comic,tv-special,fight,violence}'::text[]))
                                Rows Removed by Filter: 134162
                          ->  Bitmap Heap Scan on movie_keyword mk  (cost=6.83..1093.49 rows=309 width=8) (actual time=0.782..4.715 rows=4444 loops=8)
                                Recheck Cond: (keyword_id = k.id)
                                Heap Blocks: exact=23488
                                ->  Bitmap Index Scan on keyword_id_movie_keyword  (cost=0.00..6.75 rows=309 width=0) (actual time=0.424..0.424 rows=4444 loops=8)
                                      Index Cond: (keyword_id = k.id)
                    ->  Index Scan using title_pkey on title t  (cost=0.43..0.49 rows=1 width=21) (actual time=0.003..0.003 rows=0 loops=35548)
                          Index Cond: (id = mk.movie_id)
                          Filter: (production_year > 2000)
                          Rows Removed by Filter: 1
              ->  Index Scan using movie_id_cast_info on cast_info ci  (cost=0.56..1.52 rows=37 width=8) (actual time=0.004..0.049 rows=55 loops=14165)
                    Index Cond: (movie_id = mk.movie_id)
        ->  Index Scan using name_pkey on name n  (cost=0.43..0.46 rows=1 width=19) (actual time=0.002..0.002 rows=1 loops=785477)
              Index Cond: (id = ci.person_id)
Planning time: 0.855 ms
Execution time: 3368.326 ms
