Aggregate  (cost=223144.18..223144.19 rows=1 width=96) (actual time=3184.736..3184.736 rows=1 loops=1)
  ->  Hash Join  (cost=149392.71..217253.10 rows=785477 width=48) (actual time=1633.525..2963.397 rows=785477 loops=1)
        Hash Cond: (ci.person_id = n.id)
        ->  Nested Loop  (cost=7.82..57951.57 rows=785477 width=37) (actual time=0.477..987.441 rows=785477 loops=1)
              Join Filter: (t.id = ci.movie_id)
              ->  Nested Loop  (cost=7.26..29815.70 rows=14165 width=41) (actual time=0.470..173.023 rows=14165 loops=1)
                    ->  Nested Loop  (cost=6.83..12405.01 rows=35548 width=20) (actual time=0.463..69.983 rows=35548 loops=1)
                          ->  Seq Scan on keyword k  (cost=0.00..3632.40 rows=8 width=20) (actual time=0.094..25.683 rows=8 loops=1)
                                Filter: (keyword = ANY ('{superhero,sequel,second-part,marvel-comics,based-on-comic,tv-special,fight,violence}'::text[]))
                                Rows Removed by Filter: 134162
                          ->  Bitmap Heap Scan on movie_keyword mk  (cost=6.83..1093.49 rows=309 width=8) (actual time=0.874..4.959 rows=4444 loops=8)
                                Recheck Cond: (keyword_id = k.id)
                                Heap Blocks: exact=23488
                                ->  Bitmap Index Scan on keyword_id_movie_keyword  (cost=0.00..6.75 rows=309 width=0) (actual time=0.505..0.505 rows=4444 loops=8)
                                      Index Cond: (keyword_id = k.id)
                    ->  Index Scan using title_pkey on title t  (cost=0.43..0.49 rows=1 width=21) (actual time=0.003..0.003 rows=0 loops=35548)
                          Index Cond: (id = mk.movie_id)
                          Filter: (production_year > 2000)
                          Rows Removed by Filter: 1
              ->  Index Scan using movie_id_cast_info on cast_info ci  (cost=0.56..1.52 rows=37 width=8) (actual time=0.004..0.049 rows=55 loops=14165)
                    Index Cond: (movie_id = mk.movie_id)
        ->  Hash  (cost=97291.25..97291.25 rows=4167491 width=19) (actual time=1624.624..1624.624 rows=4167491 loops=1)
              Buckets: 4194304  Batches: 1  Memory Usage: 248744kB
              ->  Seq Scan on name n  (cost=0.00..97291.25 rows=4167491 width=19) (actual time=0.009..588.712 rows=4167491 loops=1)
Planning time: 0.874 ms
Execution time: 3193.595 ms
