Aggregate  (cost=56134.42..56134.43 rows=1 width=64) (actual time=88.219..88.219 rows=1 loops=1)
  ->  Nested Loop  (cost=2493.06..56134.41 rows=1 width=32) (actual time=15.815..88.200 rows=32 loops=1)
        ->  Nested Loop  (cost=2492.63..56133.96 rows=1 width=23) (actual time=15.806..87.808 rows=151 loops=1)
              ->  Nested Loop  (cost=2492.48..56133.76 rows=1 width=27) (actual time=15.801..87.286 rows=510 loops=1)
                    ->  Nested Loop  (cost=2492.19..56133.42 rows=1 width=19) (actual time=15.738..83.315 rows=3354 loops=1)
                          ->  Nested Loop  (cost=2491.63..56116.38 rows=1 width=27) (actual time=15.719..82.096 rows=20 loops=1)
                                ->  Nested Loop  (cost=2491.20..56106.39 rows=17 width=23) (actual time=15.576..81.995 rows=17 loops=1)
                                      ->  Nested Loop  (cost=2490.77..55564.95 rows=64 width=4) (actual time=14.441..81.579 rows=64 loops=1)
                                            ->  Seq Scan on info_type it  (cost=0.00..2.41 rows=1 width=4) (actual time=0.007..0.015 rows=1 loops=1)
                                                  Filter: ((info)::text = 'mini biography'::text)
                                                  Rows Removed by Filter: 112
                                            ->  Bitmap Heap Scan on person_info pi  (cost=2490.77..55562.45 rows=9 width=8) (actual time=14.431..81.548 rows=64 loops=1)
                                                  Recheck Cond: (info_type_id = it.id)
                                                  Filter: (note = 'Volker Boehm'::text)
                                                  Rows Removed by Filter: 84120
                                                  Heap Blocks: exact=40387
                                                  ->  Bitmap Index Scan on info_type_id_person_info  (cost=0.00..2490.77 rows=134712 width=0) (actual time=8.331..8.331 rows=84184 loops=1)
                                                        Index Cond: (info_type_id = it.id)
                                      ->  Index Scan using name_pkey on name n  (cost=0.43..8.46 rows=1 width=19) (actual time=0.006..0.006 rows=0 loops=64)
                                            Index Cond: (id = pi.person_id)
                                            Filter: (((name_pcode_cf)::text >= 'A'::text) AND ((name_pcode_cf)::text <= 'F'::text) AND (((gender)::text = 'm'::text) OR (((gender)::text = 'f'::text) AND (name ~~ 'B%'::text))))
                                            Rows Removed by Filter: 1
                                ->  Index Scan using person_id_aka_name on aka_name an  (cost=0.42..0.57 rows=2 width=4) (actual time=0.005..0.005 rows=1 loops=17)
                                      Index Cond: (person_id = n.id)
                                      Filter: (name ~~ '%a%'::text)
                                      Rows Removed by Filter: 1
                          ->  Index Scan using person_id_cast_info on cast_info ci  (cost=0.56..11.99 rows=505 width=8) (actual time=0.012..0.040 rows=168 loops=20)
                                Index Cond: (person_id = n.id)
                    ->  Index Scan using linked_movie_id_movie_link on movie_link ml  (cost=0.29..0.32 rows=2 width=8) (actual time=0.001..0.001 rows=0 loops=3354)
                          Index Cond: (linked_movie_id = ci.movie_id)
              ->  Index Scan using link_type_pkey on link_type lt  (cost=0.15..0.17 rows=1 width=4) (actual time=0.001..0.001 rows=0 loops=510)
                    Index Cond: (id = ml.link_type_id)
                    Filter: ((link)::text = 'features'::text)
                    Rows Removed by Filter: 1
        ->  Index Scan using title_pkey on title t  (cost=0.43..0.46 rows=1 width=21) (actual time=0.002..0.002 rows=0 loops=151)
              Index Cond: (id = ci.movie_id)
              Filter: ((production_year >= 1980) AND (production_year <= 1995))
              Rows Removed by Filter: 1
Planning time: 3.553 ms
Execution time: 88.374 ms
