Aggregate  (cost=3980.41..3980.42 rows=1 width=64) (actual time=6658.389..6658.389 rows=1 loops=1)
  ->  Nested Loop  (cost=38.24..3980.41 rows=1 width=111) (actual time=0.566..6261.450 rows=68185 loops=1)
        Join Filter: (n.id = an.person_id)
        ->  Nested Loop  (cost=37.82..3979.91 rows=1 width=123) (actual time=0.560..6093.284 rows=40157 loops=1)
              ->  Nested Loop  (cost=37.67..3978.42 rows=9 width=127) (actual time=0.555..6047.446 rows=40157 loops=1)
                    Join Filter: (n.id = pi.person_id)
                    ->  Nested Loop  (cost=37.24..3561.75 rows=470 width=23) (actual time=0.480..5049.487 rows=150772 loops=1)
                          ->  Nested Loop  (cost=36.81..1756.96 rows=3858 width=4) (actual time=0.340..1288.819 rows=1097209 loops=1)
                                ->  Nested Loop  (cost=36.25..1498.23 rows=104 width=8) (actual time=0.328..101.500 rows=14194 loops=1)
                                      ->  Nested Loop  (cost=35.82..741.92 rows=169 width=4) (actual time=0.317..9.567 rows=21505 loops=1)
                                            ->  Seq Scan on link_type lt  (cost=0.00..20.65 rows=4 width=4) (actual time=0.007..0.019 rows=4 loops=1)
                                                  Filter: ((link)::text = ANY ('{references,"referenced in",features,"featured in"}'::text[]))
                                                  Rows Removed by Filter: 14
                                            ->  Bitmap Heap Scan on movie_link ml  (cost=35.82..161.57 rows=1875 width=8) (actual time=0.203..1.371 rows=5376 loops=4)
                                                  Recheck Cond: (link_type_id = lt.id)
                                                  Heap Blocks: exact=542
                                                  ->  Bitmap Index Scan on link_type_id_movie_link  (cost=0.00..35.35 rows=1875 width=0) (actual time=0.184..0.184 rows=5376 loops=4)
                                                        Index Cond: (link_type_id = lt.id)
                                      ->  Index Scan using title_pkey on title t  (cost=0.43..4.48 rows=1 width=4) (actual time=0.004..0.004 rows=1 loops=21505)
                                            Index Cond: (id = ml.linked_movie_id)
                                            Filter: ((production_year >= 1980) AND (production_year <= 2010))
                                            Rows Removed by Filter: 0
                                ->  Index Scan using movie_id_cast_info on cast_info ci  (cost=0.56..2.12 rows=37 width=8) (actual time=0.006..0.075 rows=77 loops=14194)
                                      Index Cond: (movie_id = t.id)
                          ->  Index Scan using name_pkey on name n  (cost=0.43..0.47 rows=1 width=19) (actual time=0.003..0.003 rows=0 loops=1097209)
                                Index Cond: (id = ci.person_id)
                                Filter: (((name_pcode_cf)::text >= 'A'::text) AND ((name_pcode_cf)::text <= 'F'::text) AND (((gender)::text = 'm'::text) OR (((gender)::text = 'f'::text) AND (name ~~ 'A%'::text))))
                                Rows Removed by Filter: 1
                    ->  Index Scan using person_id_person_info on person_info pi  (cost=0.43..0.87 rows=1 width=104) (actual time=0.005..0.006 rows=0 loops=150772)
                          Index Cond: (person_id = ci.person_id)
                          Filter: (note IS NOT NULL)
                          Rows Removed by Filter: 20
              ->  Index Scan using info_type_pkey on info_type it  (cost=0.14..0.16 rows=1 width=4) (actual time=0.001..0.001 rows=1 loops=40157)
                    Index Cond: (id = pi.info_type_id)
                    Filter: ((info)::text = 'mini biography'::text)
        ->  Index Scan using person_id_aka_name on aka_name an  (cost=0.42..0.47 rows=2 width=4) (actual time=0.003..0.004 rows=2 loops=40157)
              Index Cond: (person_id = ci.person_id)
              Filter: ((name IS NOT NULL) AND ((name ~~ '%a%'::text) OR (name ~~ 'A%'::text)))
              Rows Removed by Filter: 1
Planning time: 3.466 ms
Execution time: 6658.455 ms
