Aggregate  (cost=301129.82..301129.83 rows=1 width=64) (actual time=3007.059..3007.059 rows=1 loops=1)
  ->  Hash Join  (cost=260352.38..300788.89 rows=68185 width=111) (actual time=1334.436..2613.164 rows=68185 loops=1)
        Hash Cond: (ci.person_id = n.id)
        ->  Nested Loop  (cost=93406.11..129694.93 rows=1097209 width=4) (actual time=728.642..1831.632 rows=1097209 loops=1)
              ->  Hash Join  (cost=93405.55..94383.15 rows=14194 width=8) (actual time=728.618..746.293 rows=14194 loops=1)
                    Hash Cond: (ml.linked_movie_id = t.id)
                    ->  Nested Loop  (cost=35.82..741.92 rows=21505 width=4) (actual time=0.305..7.975 rows=21505 loops=1)
                          ->  Seq Scan on link_type lt  (cost=0.00..20.65 rows=4 width=4) (actual time=0.007..0.021 rows=4 loops=1)
                                Filter: ((link)::text = ANY ('{references,"referenced in",features,"featured in"}'::text[]))
                                Rows Removed by Filter: 14
                          ->  Bitmap Heap Scan on movie_link ml  (cost=35.82..161.57 rows=1875 width=8) (actual time=0.193..1.186 rows=5376 loops=4)
                                Recheck Cond: (link_type_id = lt.id)
                                Heap Blocks: exact=542
                                ->  Bitmap Index Scan on link_type_id_movie_link  (cost=0.00..35.35 rows=1875 width=0) (actual time=0.176..0.176 rows=5376 loops=4)
                                      Index Cond: (link_type_id = lt.id)
                    ->  Hash  (cost=73924.76..73924.76 rows=1555597 width=4) (actual time=724.249..724.249 rows=1555597 loops=1)
                          Buckets: 2097152  Batches: 1  Memory Usage: 71073kB
                          ->  Seq Scan on title t  (cost=0.00..73924.76 rows=1555597 width=4) (actual time=0.006..396.569 rows=1555597 loops=1)
                                Filter: ((production_year >= 1980) AND (production_year <= 2010))
                                Rows Removed by Filter: 972715
              ->  Index Scan using movie_id_cast_info on cast_info ci  (cost=0.56..2.12 rows=37 width=8) (actual time=0.005..0.068 rows=77 loops=14194)
                    Index Cond: (movie_id = t.id)
        ->  Hash  (cost=166788.83..166788.83 rows=12595 width=123) (actual time=605.647..605.647 rows=12595 loops=1)
              Buckets: 16384  Batches: 1  Memory Usage: 10512kB
              ->  Nested Loop  (cost=35984.50..166788.83 rows=12595 width=123) (actual time=322.991..595.790 rows=12595 loops=1)
                    ->  Hash Join  (cost=35984.07..103120.85 rows=72979 width=104) (actual time=322.941..431.203 rows=72979 loops=1)
                          Hash Cond: (pi.person_id = an.person_id)
                          ->  Nested Loop  (cost=2491.73..55267.62 rows=84183 width=100) (actual time=14.497..87.879 rows=84183 loops=1)
                                ->  Seq Scan on info_type it  (cost=0.00..2.41 rows=1 width=4) (actual time=0.010..0.018 rows=1 loops=1)
                                      Filter: ((info)::text = 'mini biography'::text)
                                      Rows Removed by Filter: 112
                                ->  Bitmap Heap Scan on person_info pi  (cost=2491.73..55226.63 rows=3857 width=104) (actual time=14.483..79.977 rows=84183 loops=1)
                                      Recheck Cond: (info_type_id = it.id)
                                      Filter: (note IS NOT NULL)
                                      Rows Removed by Filter: 1
                                      Heap Blocks: exact=40387
                                      ->  Bitmap Index Scan on info_type_id_person_info  (cost=0.00..2490.77 rows=134712 width=0) (actual time=8.743..8.743 rows=84184 loops=1)
                                            Index Cond: (info_type_id = it.id)
                          ->  Hash  (cost=24916.14..24916.14 rows=686095 width=4) (actual time=305.860..305.860 rows=686095 loops=1)
                                Buckets: 1048576  Batches: 1  Memory Usage: 32313kB
                                ->  Seq Scan on aka_name an  (cost=0.00..24916.14 rows=686095 width=4) (actual time=0.011..178.247 rows=686095 loops=1)
                                      Filter: ((name IS NOT NULL) AND ((name ~~ '%a%'::text) OR (name ~~ 'A%'::text)))
                                      Rows Removed by Filter: 215248
                    ->  Index Scan using name_pkey on name n  (cost=0.43..0.87 rows=1 width=19) (actual time=0.002..0.002 rows=0 loops=72979)
                          Index Cond: (id = an.person_id)
                          Filter: (((name_pcode_cf)::text >= 'A'::text) AND ((name_pcode_cf)::text <= 'F'::text) AND (((gender)::text = 'm'::text) OR (((gender)::text = 'f'::text) AND (name ~~ 'A%'::text))))
                          Rows Removed by Filter: 1
Planning time: 3.658 ms
Execution time: 3007.593 ms
