Aggregate  (cost=72222.84..72222.85 rows=1 width=64) (actual time=1645.703..1645.703 rows=1 loops=1)
  ->  Nested Loop  (cost=6018.71..72222.84 rows=1 width=33) (actual time=138.327..1645.623 rows=62 loops=1)
        ->  Nested Loop  (cost=6018.28..72222.07 rows=1 width=41) (actual time=25.349..1614.188 rows=17379 loops=1)
              ->  Nested Loop  (cost=6017.86..72220.99 rows=1 width=21) (actual time=25.337..1591.927 rows=7438 loops=1)
                    Join Filter: (ci.role_id = rt.id)
                    Rows Removed by Join Filter: 12162
                    ->  Seq Scan on role_type rt  (cost=0.00..18.88 rows=1 width=4) (actual time=0.006..0.008 rows=1 loops=1)
                          Filter: ((role)::text = 'actress'::text)
                          Rows Removed by Filter: 11
                    ->  Nested Loop  (cost=6017.86..72200.44 rows=134 width=25) (actual time=25.330..1590.137 rows=19600 loops=1)
                          ->  Nested Loop  (cost=6017.29..69570.28 rows=1405 width=25) (actual time=25.274..473.194 rows=48328 loops=1)
                                ->  Hash Join  (cost=6016.86..64561.12 rows=1405 width=4) (actual time=25.258..358.756 rows=48328 loops=1)
                                      Hash Cond: (mc.company_id = cn.id)
                                      ->  Seq Scan on movie_companies mc  (cost=0.00..57926.93 rows=48897 width=8) (actual time=0.072..318.933 rows=48897 loops=1)
                                            Filter: ((note ~~ '%(Japan)%'::text) AND (note !~~ '%(USA)%'::text))
                                            Rows Removed by Filter: 2560232
                                      ->  Hash  (cost=5932.46..5932.46 rows=6752 width=4) (actual time=25.171..25.171 rows=6752 loops=1)
                                            Buckets: 8192  Batches: 1  Memory Usage: 302kB
                                            ->  Seq Scan on company_name cn  (cost=0.00..5932.46 rows=6752 width=4) (actual time=0.007..24.257 rows=6752 loops=1)
                                                  Filter: ((country_code)::text = '[jp]'::text)
                                                  Rows Removed by Filter: 228245
                                ->  Index Scan using title_pkey on title t  (cost=0.43..3.57 rows=1 width=21) (actual time=0.002..0.002 rows=1 loops=48328)
                                      Index Cond: (id = mc.movie_id)
                          ->  Index Scan using movie_id_cast_info on cast_info ci  (cost=0.56..1.86 rows=1 width=12) (actual time=0.022..0.023 rows=0 loops=48328)
                                Index Cond: (movie_id = t.id)
                                Filter: (note = '(voice: English version)'::text)
                                Rows Removed by Filter: 32
              ->  Index Scan using person_id_aka_name on aka_name an1  (cost=0.42..1.06 rows=2 width=20) (actual time=0.002..0.002 rows=2 loops=7438)
                    Index Cond: (person_id = ci.person_id)
        ->  Index Scan using name_pkey on name n1  (cost=0.43..0.77 rows=1 width=4) (actual time=0.002..0.002 rows=0 loops=17379)
              Index Cond: (id = an1.person_id)
              Filter: ((name ~~ '%Yo%'::text) AND (name !~~ '%Yu%'::text))
              Rows Removed by Filter: 1
Planning time: 2.154 ms
Execution time: 1645.769 ms
