Aggregate  (cost=162833.54..162833.55 rows=1 width=64) (actual time=1253.354..1253.354 rows=1 loops=1)
  ->  Nested Loop  (cost=2.70..162833.54 rows=1 width=33) (actual time=730.605..1253.323 rows=62 loops=1)
        ->  Nested Loop  (cost=2.28..162832.78 rows=1 width=37) (actual time=730.596..1253.146 rows=64 loops=1)
              Join Filter: (ci.movie_id = mc.movie_id)
              ->  Nested Loop  (cost=1.85..162832.19 rows=1 width=41) (actual time=730.584..1251.913 rows=659 loops=1)
                    ->  Nested Loop  (cost=1.42..162829.81 rows=1 width=20) (actual time=730.571..1250.489 rows=659 loops=1)
                          ->  Nested Loop  (cost=0.99..162604.48 rows=294 width=28) (actual time=5.131..1140.191 rows=75365 loops=1)
                                ->  Nested Loop  (cost=0.56..125109.76 rows=34848 width=8) (actual time=0.815..1072.345 rows=34848 loops=1)
                                      ->  Seq Scan on role_type rt  (cost=0.00..18.88 rows=1 width=4) (actual time=0.005..0.008 rows=1 loops=1)
                                            Filter: ((role)::text = 'actress'::text)
                                            Rows Removed by Filter: 11
                                      ->  Index Scan using role_id_cast_info on cast_info ci  (cost=0.56..125014.01 rows=7688 width=12) (actual time=0.810..1068.793 rows=34848 loops=1)
                                            Index Cond: (role_id = rt.id)
                                            Filter: (note = '(voice: English version)'::text)
                                            Rows Removed by Filter: 7417125
                                ->  Index Scan using person_id_aka_name on aka_name an1  (cost=0.42..1.06 rows=2 width=20) (actual time=0.001..0.002 rows=2 loops=34848)
                                      Index Cond: (person_id = ci.person_id)
                          ->  Index Scan using name_pkey on name n1  (cost=0.43..0.77 rows=1 width=4) (actual time=0.001..0.001 rows=0 loops=75365)
                                Index Cond: (id = an1.person_id)
                                Filter: ((name ~~ '%Yo%'::text) AND (name !~~ '%Yu%'::text))
                                Rows Removed by Filter: 1
                    ->  Index Scan using title_pkey on title t  (cost=0.43..2.38 rows=1 width=21) (actual time=0.002..0.002 rows=1 loops=659)
                          Index Cond: (id = ci.movie_id)
              ->  Index Scan using movie_id_movie_companies on movie_companies mc  (cost=0.43..0.58 rows=1 width=8) (actual time=0.002..0.002 rows=0 loops=659)
                    Index Cond: (movie_id = t.id)
                    Filter: ((note ~~ '%(Japan)%'::text) AND (note !~~ '%(USA)%'::text))
                    Rows Removed by Filter: 1
        ->  Index Scan using company_name_pkey on company_name cn  (cost=0.42..0.75 rows=1 width=4) (actual time=0.002..0.002 rows=1 loops=64)
              Index Cond: (id = mc.company_id)
              Filter: ((country_code)::text = '[jp]'::text)
              Rows Removed by Filter: 0
Planning time: 2.014 ms
Execution time: 1253.418 ms
