Aggregate  (cost=196950.89..196950.90 rows=1 width=64) (actual time=1231.802..1231.802 rows=1 loops=1)
  ->  Nested Loop  (cost=2.70..196950.88 rows=1 width=33) (actual time=719.398..1231.770 rows=62 loops=1)
        ->  Nested Loop  (cost=2.27..196948.50 rows=1 width=24) (actual time=719.385..1231.582 rows=62 loops=1)
              ->  Nested Loop  (cost=1.84..196899.45 rows=64 width=32) (actual time=6.251..1203.717 rows=17379 loops=1)
                    ->  Nested Loop  (cost=1.41..188896.53 rows=7438 width=12) (actual time=6.243..1186.336 rows=7438 loops=1)
                          ->  Nested Loop  (cost=0.99..183213.96 rows=7532 width=16) (actual time=6.236..1168.296 rows=7532 loops=1)
                                ->  Nested Loop  (cost=0.56..125109.76 rows=34848 width=8) (actual time=0.810..1083.399 rows=34848 loops=1)
                                      ->  Seq Scan on role_type rt  (cost=0.00..18.88 rows=1 width=4) (actual time=0.005..0.008 rows=1 loops=1)
                                            Filter: ((role)::text = 'actress'::text)
                                            Rows Removed by Filter: 11
                                      ->  Index Scan using role_id_cast_info on cast_info ci  (cost=0.56..125014.01 rows=7688 width=12) (actual time=0.803..1079.994 rows=34848 loops=1)
                                            Index Cond: (role_id = rt.id)
                                            Filter: (note = '(voice: English version)'::text)
                                            Rows Removed by Filter: 7417125
                                ->  Index Scan using movie_id_movie_companies on movie_companies mc  (cost=0.43..1.66 rows=1 width=8) (actual time=0.002..0.002 rows=0 loops=34848)
                                      Index Cond: (movie_id = ci.movie_id)
                                      Filter: ((note ~~ '%(Japan)%'::text) AND (note !~~ '%(USA)%'::text))
                                      Rows Removed by Filter: 2
                          ->  Index Scan using company_name_pkey on company_name cn  (cost=0.42..0.75 rows=1 width=4) (actual time=0.002..0.002 rows=1 loops=7532)
                                Index Cond: (id = mc.company_id)
                                Filter: ((country_code)::text = '[jp]'::text)
                                Rows Removed by Filter: 0
                    ->  Index Scan using person_id_aka_name on aka_name an1  (cost=0.42..1.06 rows=2 width=20) (actual time=0.001..0.002 rows=2 loops=7438)
                          Index Cond: (person_id = ci.person_id)
              ->  Index Scan using name_pkey on name n1  (cost=0.43..0.77 rows=1 width=4) (actual time=0.001..0.001 rows=0 loops=17379)
                    Index Cond: (id = an1.person_id)
                    Filter: ((name ~~ '%Yo%'::text) AND (name !~~ '%Yu%'::text))
                    Rows Removed by Filter: 1
        ->  Index Scan using title_pkey on title t  (cost=0.43..2.38 rows=1 width=21) (actual time=0.003..0.003 rows=1 loops=62)
              Index Cond: (id = ci.movie_id)
Planning time: 2.023 ms
Execution time: 1231.853 ms
