Aggregate  (cost=200855.73..200855.74 rows=1 width=64) (actual time=770.082..770.082 rows=1 loops=1)
  ->  Nested Loop  (cost=118393.61..200855.42 rows=62 width=33) (actual time=647.911..770.049 rows=62 loops=1)
        ->  Nested Loop  (cost=118393.18..200707.83 rows=62 width=24) (actual time=647.901..769.858 rows=62 loops=1)
              ->  Nested Loop  (cost=118392.76..200659.54 rows=64 width=28) (actual time=647.891..769.652 rows=64 loops=1)
                    ->  Nested Loop  (cost=118392.33..199560.75 rows=659 width=20) (actual time=647.877..768.472 rows=659 loops=1)
                          Join Filter: (ci.role_id = rt.id)
                          Rows Removed by Join Filter: 1916
                          ->  Seq Scan on role_type rt  (cost=0.00..18.88 rows=1 width=4) (actual time=0.005..0.007 rows=1 loops=1)
                                Filter: ((role)::text = 'actress'::text)
                                Rows Removed by Filter: 11
                          ->  Nested Loop  (cost=118392.33..199509.69 rows=2575 width=24) (actual time=571.829..768.272 rows=2575 loops=1)
                                ->  Hash Join  (cost=118391.76..150180.65 rows=4031 width=24) (actual time=556.419..739.346 rows=4031 loops=1)
                                      Hash Cond: (an1.person_id = n1.id)
                                      ->  Seq Scan on aka_name an1  (cost=0.00..20409.43 rows=901343 width=20) (actual time=0.004..82.586 rows=901343 loops=1)
                                      ->  Hash  (cost=118130.38..118130.38 rows=20911 width=4) (actual time=556.286..556.286 rows=20911 loops=1)
                                            Buckets: 32768  Batches: 1  Memory Usage: 992kB
                                            ->  Seq Scan on name n1  (cost=0.00..118130.38 rows=20911 width=4) (actual time=0.020..552.048 rows=20911 loops=1)
                                                  Filter: ((name ~~ '%Yo%'::text) AND (name !~~ '%Yu%'::text))
                                                  Rows Removed by Filter: 4146580
                                ->  Index Scan using person_id_cast_info on cast_info ci  (cost=0.56..12.23 rows=1 width=12) (actual time=0.007..0.007 rows=1 loops=4031)
                                      Index Cond: (person_id = an1.person_id)
                                      Filter: (note = '(voice: English version)'::text)
                                      Rows Removed by Filter: 27
                    ->  Index Scan using movie_id_movie_companies on movie_companies mc  (cost=0.43..1.66 rows=1 width=8) (actual time=0.001..0.002 rows=0 loops=659)
                          Index Cond: (movie_id = ci.movie_id)
                          Filter: ((note ~~ '%(Japan)%'::text) AND (note !~~ '%(USA)%'::text))
                          Rows Removed by Filter: 1
              ->  Index Scan using company_name_pkey on company_name cn  (cost=0.42..0.75 rows=1 width=4) (actual time=0.003..0.003 rows=1 loops=64)
                    Index Cond: (id = mc.company_id)
                    Filter: ((country_code)::text = '[jp]'::text)
                    Rows Removed by Filter: 0
        ->  Index Scan using title_pkey on title t  (cost=0.43..2.38 rows=1 width=21) (actual time=0.003..0.003 rows=1 loops=62)
              Index Cond: (id = ci.movie_id)
Planning time: 2.031 ms
Execution time: 770.140 ms
