Aggregate  (cost=87131.84..87131.85 rows=1 width=64) (actual time=271.689..271.689 rows=1 loops=1)
  ->  Nested Loop  (cost=2.27..87131.83 rows=1 width=33) (actual time=199.496..271.673 rows=6 loops=1)
        ->  Nested Loop  (cost=1.84..87131.07 rows=1 width=41) (actual time=199.445..271.581 rows=24 loops=1)
              ->  Nested Loop  (cost=1.42..87129.99 rows=1 width=21) (actual time=199.435..271.474 rows=25 loops=1)
                    Join Filter: (ci.role_id = rt.id)
                    Rows Removed by Join Filter: 79
                    ->  Seq Scan on role_type rt  (cost=0.00..18.88 rows=1 width=4) (actual time=0.006..0.009 rows=1 loops=1)
                          Filter: ((role)::text = 'actress'::text)
                          Rows Removed by Filter: 11
                    ->  Nested Loop  (cost=1.42..87109.82 rows=104 width=25) (actual time=199.410..271.452 rows=104 loops=1)
                          Join Filter: (t.id = ci.movie_id)
                          ->  Nested Loop  (cost=0.85..86725.43 rows=4 width=25) (actual time=199.394..271.220 rows=4 loops=1)
                                ->  Nested Loop  (cost=0.43..86716.49 rows=4 width=29) (actual time=199.374..271.179 rows=4 loops=1)
                                      ->  Seq Scan on title t  (cost=0.00..86567.02 rows=7 width=21) (actual time=199.353..271.090 rows=7 loops=1)
                                            Filter: ((production_year >= 2006) AND (production_year <= 2007) AND ((title ~~ 'One Piece%'::text) OR (title ~~ 'Dragon Ball Z%'::text)))
                                            Rows Removed by Filter: 2528305
                                      ->  Index Scan using movie_id_movie_companies on movie_companies mc  (cost=0.43..21.34 rows=1 width=8) (actual time=0.010..0.011 rows=1 loops=7)
                                            Index Cond: (movie_id = t.id)
                                            Filter: ((note ~~ '%(Japan)%'::text) AND (note !~~ '%(USA)%'::text) AND ((note ~~ '%(2006)%'::text) OR (note ~~ '%(2007)%'::text)))
                                            Rows Removed by Filter: 2
                                ->  Index Scan using company_name_pkey on company_name cn  (cost=0.42..2.23 rows=1 width=4) (actual time=0.009..0.009 rows=1 loops=4)
                                      Index Cond: (id = mc.company_id)
                                      Filter: ((country_code)::text = '[jp]'::text)
                          ->  Index Scan using movie_id_cast_info on cast_info ci  (cost=0.56..96.08 rows=1 width=12) (actual time=0.019..0.052 rows=26 loops=4)
                                Index Cond: (movie_id = mc.movie_id)
                                Filter: (note = '(voice: English version)'::text)
                                Rows Removed by Filter: 17
              ->  Index Scan using person_id_aka_name on aka_name an  (cost=0.42..1.06 rows=2 width=20) (actual time=0.003..0.004 rows=1 loops=25)
                    Index Cond: (person_id = ci.person_id)
        ->  Index Scan using name_pkey on name n  (cost=0.43..0.77 rows=1 width=4) (actual time=0.003..0.003 rows=0 loops=24)
              Index Cond: (id = an.person_id)
              Filter: ((name ~~ '%Yo%'::text) AND (name !~~ '%Yu%'::text))
              Rows Removed by Filter: 1
Planning time: 2.285 ms
Execution time: 271.755 ms
