Aggregate  (cost=1117409.24..1117409.25 rows=1 width=64) (actual time=8761.120..8761.120 rows=1 loops=1)
  ->  Hash Join  (cost=1090863.47..1115079.04 rows=466040 width=33) (actual time=7791.046..8316.351 rows=2487611 loops=1)
        Hash Cond: (a1.person_id = n1.id)
        ->  Seq Scan on aka_name a1  (cost=0.00..20409.43 rows=901343 width=20) (actual time=0.006..79.110 rows=901343 loops=1)
        ->  Hash  (cost=1088400.60..1088400.60 rows=197030 width=25) (actual time=7790.379..7790.379 rows=1970658 loops=1)
              Buckets: 2097152 (originally 262144)  Batches: 1 (originally 1)  Memory Usage: 129183kB
              ->  Nested Loop  (cost=201375.33..1088400.60 rows=197030 width=25) (actual time=2489.017..7317.005 rows=1970658 loops=1)
                    ->  Hash Join  (cost=201374.90..998691.47 rows=197030 width=21) (actual time=2488.980..4270.117 rows=1970658 loops=1)
                          Hash Cond: (ci.movie_id = t.id)
                          ->  Nested Loop  (cost=0.56..795790.56 rows=204192 width=8) (actual time=0.020..789.955 rows=2728943 loops=1)
                                ->  Seq Scan on role_type rt  (cost=0.00..18.88 rows=4 width=4) (actual time=0.005..0.009 rows=1 loops=1)
                                      Filter: ((role)::text = 'writer'::text)
                                      Rows Removed by Filter: 11
                                ->  Index Scan using role_id_cast_info on cast_info ci  (cost=0.56..165993.70 rows=3294922 width=12) (actual time=0.014..471.672 rows=2728943 loops=1)
                                      Index Cond: (role_id = rt.id)
                          ->  Hash  (cost=189597.44..189597.44 rows=942152 width=25) (actual time=2486.397..2486.397 rows=1153798 loops=1)
                                Buckets: 2097152 (originally 1048576)  Batches: 1 (originally 1)  Memory Usage: 84892kB
                                ->  Hash Join  (cost=99881.32..189597.44 rows=942152 width=25) (actual time=1053.417..2175.442 rows=1153798 loops=1)
                                      Hash Cond: (mc.movie_id = t.id)
                                      ->  Hash Join  (cost=6993.17..84814.62 rows=942152 width=4) (actual time=46.917..761.825 rows=1153798 loops=1)
                                            Hash Cond: (mc.company_id = cn.id)
                                            ->  Seq Scan on movie_companies mc  (cost=0.00..44881.29 rows=2609129 width=8) (actual time=0.005..232.902 rows=2609129 loops=1)
                                            ->  Hash  (cost=5932.46..5932.46 rows=84857 width=4) (actual time=46.367..46.367 rows=84843 loops=1)
                                                  Buckets: 131072  Batches: 1  Memory Usage: 4007kB
                                                  ->  Seq Scan on company_name cn  (cost=0.00..5932.46 rows=84857 width=4) (actual time=0.005..33.162 rows=84843 loops=1)
                                                        Filter: ((country_code)::text = '[us]'::text)
                                                        Rows Removed by Filter: 150154
                                      ->  Hash  (cost=61282.51..61282.51 rows=2528451 width=21) (actual time=998.087..998.087 rows=2528312 loops=1)
                                            Buckets: 4194304  Batches: 1  Memory Usage: 168637kB
                                            ->  Seq Scan on title t  (cost=0.00..61282.51 rows=2528451 width=21) (actual time=0.011..355.921 rows=2528312 loops=1)
                    ->  Index Only Scan using name_pkey on name n1  (cost=0.43..0.46 rows=1 width=4) (actual time=0.001..0.001 rows=1 loops=1970658)
                          Index Cond: (id = ci.person_id)
                          Heap Fetches: 1970658
Planning time: 1.915 ms
Execution time: 8771.431 ms
