Aggregate  (cost=409692.21..409692.22 rows=1 width=64) (actual time=16810.964..16810.964 rows=1 loops=1)
  ->  Nested Loop  (cost=156379.74..409444.82 rows=49478 width=33) (actual time=1337.809..16273.971 rows=2487611 loops=1)
        Join Filter: (n1.id = a1.person_id)
        ->  Nested Loop  (cost=156379.31..389587.06 rows=40815 width=25) (actual time=1337.795..13239.415 rows=1970658 loops=1)
              ->  Hash Join  (cost=156378.88..371118.79 rows=40817 width=16) (actual time=1337.782..9562.203 rows=1970658 loops=1)
                    Hash Cond: (mc.company_id = cn.id)
                    ->  Nested Loop  (cost=149385.88..362698.50 rows=113053 width=20) (actual time=1292.363..8785.112 rows=4450853 loops=1)
                          ->  Hash Join  (cost=149385.45..333582.58 rows=51048 width=12) (actual time=1292.324..2675.370 rows=2728943 loops=1)
                                Hash Cond: (ci.person_id = n1.id)
                                ->  Nested Loop  (cost=0.56..149744.80 rows=2728943 width=8) (actual time=0.020..804.101 rows=2728943 loops=1)
                                      ->  Seq Scan on role_type rt  (cost=0.00..18.88 rows=1 width=4) (actual time=0.004..0.008 rows=1 loops=1)
                                            Filter: ((role)::text = 'writer'::text)
                                            Rows Removed by Filter: 11
                                      ->  Index Scan using role_id_cast_info on cast_info ci  (cost=0.56..116776.70 rows=3294922 width=12) (actual time=0.014..490.868 rows=2728943 loops=1)
                                            Index Cond: (role_id = rt.id)
                                ->  Hash  (cost=97291.25..97291.25 rows=4167491 width=4) (actual time=1283.966..1283.966 rows=4167491 loops=1)
                                      Buckets: 4194304  Batches: 1  Memory Usage: 179282kB
                                      ->  Seq Scan on name n1  (cost=0.00..97291.25 rows=4167491 width=4) (actual time=0.006..538.573 rows=4167491 loops=1)
                          ->  Index Scan using movie_id_movie_companies on movie_companies mc  (cost=0.43..0.52 rows=5 width=8) (actual time=0.002..0.002 rows=2 loops=2728943)
                                Index Cond: (movie_id = ci.movie_id)
                    ->  Hash  (cost=5932.46..5932.46 rows=84843 width=4) (actual time=44.889..44.889 rows=84843 loops=1)
                          Buckets: 131072  Batches: 1  Memory Usage: 4007kB
                          ->  Seq Scan on company_name cn  (cost=0.00..5932.46 rows=84843 width=4) (actual time=0.008..32.349 rows=84843 loops=1)
                                Filter: ((country_code)::text = '[us]'::text)
                                Rows Removed by Filter: 150154
              ->  Index Scan using title_pkey on title t  (cost=0.43..0.45 rows=1 width=21) (actual time=0.002..0.002 rows=1 loops=1970658)
                    Index Cond: (id = ci.movie_id)
        ->  Index Scan using person_id_aka_name on aka_name a1  (cost=0.42..0.46 rows=2 width=20) (actual time=0.001..0.001 rows=1 loops=1970658)
              Index Cond: (person_id = ci.person_id)
Planning time: 2.017 ms
Execution time: 16811.825 ms
