Aggregate  (cost=421992.55..421992.56 rows=1 width=64) (actual time=11676.928..11676.928 rows=1 loops=1)
  ->  Nested Loop  (cost=206691.45..421770.77 rows=44356 width=33) (actual time=2303.616..11101.228 rows=2487611 loops=1)
        Join Filter: (a1.person_id = n1.id)
        ->  Nested Loop  (cost=206691.02..401018.85 rows=44360 width=41) (actual time=2303.599..7262.494 rows=2487611 loops=1)
              ->  Hash Join  (cost=206690.60..379121.24 rows=45475 width=21) (actual time=2303.581..3964.573 rows=1970658 loops=1)
                    Hash Cond: (ci.movie_id = t.id)
                    ->  Nested Loop  (cost=0.56..149744.80 rows=2728943 width=8) (actual time=0.015..781.443 rows=2728943 loops=1)
                          ->  Seq Scan on role_type rt  (cost=0.00..18.88 rows=1 width=4) (actual time=0.005..0.009 rows=1 loops=1)
                                Filter: ((role)::text = 'writer'::text)
                                Rows Removed by Filter: 11
                          ->  Index Scan using role_id_cast_info on cast_info ci  (cost=0.56..116776.70 rows=3294922 width=12) (actual time=0.009..462.890 rows=2728943 loops=1)
                                Index Cond: (role_id = rt.id)
                    ->  Hash  (cost=192267.56..192267.56 rows=1153798 width=25) (actual time=2299.159..2299.159 rows=1153798 loops=1)
                          Buckets: 2097152  Batches: 1  Memory Usage: 84892kB
                          ->  Hash Join  (cost=99879.41..192267.56 rows=1153798 width=25) (actual time=984.188..2031.845 rows=1153798 loops=1)
                                Hash Cond: (mc.movie_id = t.id)
                                ->  Hash Join  (cost=6993.00..84814.45 rows=1153798 width=4) (actual time=45.724..706.100 rows=1153798 loops=1)
                                      Hash Cond: (mc.company_id = cn.id)
                                      ->  Seq Scan on movie_companies mc  (cost=0.00..44881.29 rows=2609129 width=8) (actual time=0.005..229.373 rows=2609129 loops=1)
                                      ->  Hash  (cost=5932.46..5932.46 rows=84843 width=4) (actual time=45.171..45.171 rows=84843 loops=1)
                                            Buckets: 131072  Batches: 1  Memory Usage: 4007kB
                                            ->  Seq Scan on company_name cn  (cost=0.00..5932.46 rows=84843 width=4) (actual time=0.005..32.618 rows=84843 loops=1)
                                                  Filter: ((country_code)::text = '[us]'::text)
                                                  Rows Removed by Filter: 150154
                                ->  Hash  (cost=61282.51..61282.51 rows=2528312 width=21) (actual time=930.090..930.090 rows=2528312 loops=1)
                                      Buckets: 4194304  Batches: 1  Memory Usage: 168637kB
                                      ->  Seq Scan on title t  (cost=0.00..61282.51 rows=2528312 width=21) (actual time=0.008..350.029 rows=2528312 loops=1)
              ->  Index Scan using person_id_aka_name on aka_name a1  (cost=0.42..0.46 rows=2 width=20) (actual time=0.001..0.001 rows=1 loops=1970658)
                    Index Cond: (person_id = ci.person_id)
        ->  Index Only Scan using name_pkey on name n1  (cost=0.43..0.46 rows=1 width=4) (actual time=0.001..0.001 rows=1 loops=2487611)
              Index Cond: (id = ci.person_id)
              Heap Fetches: 2487611
Planning time: 1.918 ms
Execution time: 11678.017 ms
