Aggregate  (cost=575800.17..575800.18 rows=1 width=64) (actual time=8846.176..8846.176 rows=1 loops=1)
  ->  Nested Loop  (cost=356075.91..575509.31 rows=58172 width=33) (actual time=3586.525..8334.535 rows=2487611 loops=1)
        Join Filter: (n1.id = a1.person_id)
        ->  Hash Join  (cost=356075.48..553384.32 rows=45475 width=25) (actual time=3586.504..5451.365 rows=1970658 loops=1)
              Hash Cond: (ci.person_id = n1.id)
              ->  Hash Join  (cost=206690.60..379121.24 rows=1970550 width=21) (actual time=2296.295..3798.243 rows=1970658 loops=1)
                    Hash Cond: (ci.movie_id = t.id)
                    ->  Nested Loop  (cost=0.56..149744.80 rows=2728943 width=8) (actual time=0.032..712.221 rows=2728943 loops=1)
                          ->  Seq Scan on role_type rt  (cost=0.00..18.88 rows=1 width=4) (actual time=0.009..0.012 rows=1 loops=1)
                                Filter: ((role)::text = 'writer'::text)
                                Rows Removed by Filter: 11
                          ->  Index Scan using role_id_cast_info on cast_info ci  (cost=0.56..116776.70 rows=3294922 width=12) (actual time=0.020..425.151 rows=2728943 loops=1)
                                Index Cond: (role_id = rt.id)
                    ->  Hash  (cost=192267.56..192267.56 rows=1153798 width=25) (actual time=2291.773..2291.773 rows=1153798 loops=1)
                          Buckets: 2097152  Batches: 1  Memory Usage: 84892kB
                          ->  Hash Join  (cost=99879.41..192267.56 rows=1153798 width=25) (actual time=977.288..2024.444 rows=1153798 loops=1)
                                Hash Cond: (mc.movie_id = t.id)
                                ->  Hash Join  (cost=6993.00..84814.45 rows=1153798 width=4) (actual time=45.719..706.265 rows=1153798 loops=1)
                                      Hash Cond: (mc.company_id = cn.id)
                                      ->  Seq Scan on movie_companies mc  (cost=0.00..44881.29 rows=2609129 width=8) (actual time=0.006..230.099 rows=2609129 loops=1)
                                      ->  Hash  (cost=5932.46..5932.46 rows=84843 width=4) (actual time=45.168..45.168 rows=84843 loops=1)
                                            Buckets: 131072  Batches: 1  Memory Usage: 4007kB
                                            ->  Seq Scan on company_name cn  (cost=0.00..5932.46 rows=84843 width=4) (actual time=0.007..32.604 rows=84843 loops=1)
                                                  Filter: ((country_code)::text = '[us]'::text)
                                                  Rows Removed by Filter: 150154
                                ->  Hash  (cost=61282.51..61282.51 rows=2528312 width=21) (actual time=923.188..923.188 rows=2528312 loops=1)
                                      Buckets: 4194304  Batches: 1  Memory Usage: 168637kB
                                      ->  Seq Scan on title t  (cost=0.00..61282.51 rows=2528312 width=21) (actual time=0.008..352.460 rows=2528312 loops=1)
              ->  Hash  (cost=97291.25..97291.25 rows=4167491 width=4) (actual time=1282.390..1282.390 rows=4167491 loops=1)
                    Buckets: 4194304  Batches: 1  Memory Usage: 179282kB
                    ->  Seq Scan on name n1  (cost=0.00..97291.25 rows=4167491 width=4) (actual time=0.008..536.307 rows=4167491 loops=1)
        ->  Index Scan using person_id_aka_name on aka_name a1  (cost=0.42..0.46 rows=2 width=20) (actual time=0.001..0.001 rows=1 loops=1970658)
              Index Cond: (person_id = ci.person_id)
Planning time: 1.917 ms
Execution time: 8848.064 ms
