Aggregate  (cost=619634.22..619634.23 rows=1 width=64) (actual time=6959.317..6959.317 rows=1 loops=1)
  ->  Hash Join  (cost=578018.91..607196.85 rows=2487474 width=33) (actual time=5985.092..6495.300 rows=2487611 loops=1)
        Hash Cond: (a1.person_id = n1.id)
        ->  Seq Scan on aka_name a1  (cost=0.00..20409.43 rows=901343 width=20) (actual time=0.007..78.357 rows=901343 loops=1)
        ->  Hash  (cost=553385.69..553385.69 rows=1970658 width=25) (actual time=5981.071..5981.071 rows=1970658 loops=1)
              Buckets: 2097152  Batches: 1  Memory Usage: 129183kB
              ->  Hash Join  (cost=356075.48..553385.69 rows=1970658 width=25) (actual time=3596.089..5623.192 rows=1970658 loops=1)
                    Hash Cond: (ci.person_id = n1.id)
                    ->  Hash Join  (cost=206690.60..379121.24 rows=1970658 width=21) (actual time=2297.857..3937.671 rows=1970658 loops=1)
                          Hash Cond: (ci.movie_id = t.id)
                          ->  Nested Loop  (cost=0.56..149744.80 rows=2728943 width=8) (actual time=0.033..790.146 rows=2728943 loops=1)
                                ->  Seq Scan on role_type rt  (cost=0.00..18.88 rows=1 width=4) (actual time=0.009..0.013 rows=1 loops=1)
                                      Filter: ((role)::text = 'writer'::text)
                                      Rows Removed by Filter: 11
                                ->  Index Scan using role_id_cast_info on cast_info ci  (cost=0.56..116776.70 rows=3294922 width=12) (actual time=0.020..469.641 rows=2728943 loops=1)
                                      Index Cond: (role_id = rt.id)
                          ->  Hash  (cost=192267.56..192267.56 rows=1153798 width=25) (actual time=2293.332..2293.332 rows=1153798 loops=1)
                                Buckets: 2097152  Batches: 1  Memory Usage: 84892kB
                                ->  Hash Join  (cost=99879.41..192267.56 rows=1153798 width=25) (actual time=980.121..2024.524 rows=1153798 loops=1)
                                      Hash Cond: (mc.movie_id = t.id)
                                      ->  Hash Join  (cost=6993.00..84814.45 rows=1153798 width=4) (actual time=45.632..703.400 rows=1153798 loops=1)
                                            Hash Cond: (mc.company_id = cn.id)
                                            ->  Seq Scan on movie_companies mc  (cost=0.00..44881.29 rows=2609129 width=8) (actual time=0.007..228.655 rows=2609129 loops=1)
                                            ->  Hash  (cost=5932.46..5932.46 rows=84843 width=4) (actual time=45.081..45.081 rows=84843 loops=1)
                                                  Buckets: 131072  Batches: 1  Memory Usage: 4007kB
                                                  ->  Seq Scan on company_name cn  (cost=0.00..5932.46 rows=84843 width=4) (actual time=0.008..32.583 rows=84843 loops=1)
                                                        Filter: ((country_code)::text = '[us]'::text)
                                                        Rows Removed by Filter: 150154
                                      ->  Hash  (cost=61282.51..61282.51 rows=2528312 width=21) (actual time=926.098..926.098 rows=2528312 loops=1)
                                            Buckets: 4194304  Batches: 1  Memory Usage: 168637kB
                                            ->  Seq Scan on title t  (cost=0.00..61282.51 rows=2528312 width=21) (actual time=0.009..349.200 rows=2528312 loops=1)
                    ->  Hash  (cost=97291.25..97291.25 rows=4167491 width=4) (actual time=1289.968..1289.968 rows=4167491 loops=1)
                          Buckets: 4194304  Batches: 1  Memory Usage: 179282kB
                          ->  Seq Scan on name n1  (cost=0.00..97291.25 rows=4167491 width=4) (actual time=0.008..537.625 rows=4167491 loops=1)
Planning time: 2.020 ms
Execution time: 6961.862 ms
