Aggregate  (cost=1117409.24..1117409.25 rows=1 width=64) (actual time=3382.394..3382.394 rows=1 loops=1)
  ->  Hash Join  (cost=1090863.47..1115079.04 rows=466040 width=33) (actual time=3106.071..3323.749 rows=323005 loops=1)
        Hash Cond: (an1.person_id = n1.id)
        ->  Seq Scan on aka_name an1  (cost=0.00..20409.43 rows=901343 width=20) (actual time=0.006..79.337 rows=901343 loops=1)
        ->  Hash  (cost=1088400.60..1088400.60 rows=197030 width=25) (actual time=3104.988..3104.988 rows=285538 loops=1)
              Buckets: 524288 (originally 262144)  Batches: 1 (originally 1)  Memory Usage: 20048kB
              ->  Nested Loop  (cost=201375.33..1088400.60 rows=197030 width=25) (actual time=2416.027..3040.108 rows=285538 loops=1)
                    ->  Hash Join  (cost=201374.90..998691.47 rows=197030 width=21) (actual time=2416.009..2596.615 rows=285538 loops=1)
                          Hash Cond: (ci.movie_id = t.id)
                          ->  Nested Loop  (cost=0.56..795790.56 rows=204192 width=8) (actual time=0.023..79.150 rows=276403 loops=1)
                                ->  Seq Scan on role_type rt  (cost=0.00..18.88 rows=4 width=4) (actual time=0.004..0.007 rows=1 loops=1)
                                      Filter: ((role)::text = 'costume designer'::text)
                                      Rows Removed by Filter: 11
                                ->  Index Scan using role_id_cast_info on cast_info ci  (cost=0.56..165993.70 rows=3294922 width=12) (actual time=0.018..46.585 rows=276403 loops=1)
                                      Index Cond: (role_id = rt.id)
                          ->  Hash  (cost=189597.44..189597.44 rows=942152 width=25) (actual time=2413.447..2413.447 rows=1153798 loops=1)
                                Buckets: 2097152 (originally 1048576)  Batches: 1 (originally 1)  Memory Usage: 84892kB
                                ->  Hash Join  (cost=99881.32..189597.44 rows=942152 width=25) (actual time=1034.151..2109.243 rows=1153798 loops=1)
                                      Hash Cond: (mc.movie_id = t.id)
                                      ->  Hash Join  (cost=6993.17..84814.62 rows=942152 width=4) (actual time=46.300..722.902 rows=1153798 loops=1)
                                            Hash Cond: (mc.company_id = cn.id)
                                            ->  Seq Scan on movie_companies mc  (cost=0.00..44881.29 rows=2609129 width=8) (actual time=0.005..231.269 rows=2609129 loops=1)
                                            ->  Hash  (cost=5932.46..5932.46 rows=84857 width=4) (actual time=45.757..45.757 rows=84843 loops=1)
                                                  Buckets: 131072  Batches: 1  Memory Usage: 4007kB
                                                  ->  Seq Scan on company_name cn  (cost=0.00..5932.46 rows=84857 width=4) (actual time=0.005..32.864 rows=84843 loops=1)
                                                        Filter: ((country_code)::text = '[us]'::text)
                                                        Rows Removed by Filter: 150154
                                      ->  Hash  (cost=61282.51..61282.51 rows=2528451 width=21) (actual time=979.485..979.485 rows=2528312 loops=1)
                                            Buckets: 4194304  Batches: 1  Memory Usage: 168637kB
                                            ->  Seq Scan on title t  (cost=0.00..61282.51 rows=2528451 width=21) (actual time=0.009..353.420 rows=2528312 loops=1)
                    ->  Index Only Scan using name_pkey on name n1  (cost=0.43..0.46 rows=1 width=4) (actual time=0.001..0.001 rows=1 loops=285538)
                          Index Cond: (id = ci.person_id)
                          Heap Fetches: 285538
Planning time: 1.934 ms
Execution time: 3389.669 ms
