Aggregate  (cost=256822.47..256822.48 rows=1 width=64) (actual time=2933.318..2933.318 rows=1 loops=1)
  ->  Nested Loop  (cost=6995.28..256240.09 rows=116476 width=33) (actual time=43.738..2854.647 rows=323005 loops=1)
        Join Filter: (n1.id = an1.person_id)
        ->  Nested Loop  (cost=6994.86..232281.86 rows=49243 width=25) (actual time=43.731..2350.883 rows=285538 loops=1)
              ->  Nested Loop  (cost=6994.43..209999.76 rows=49246 width=16) (actual time=43.724..1724.975 rows=285538 loops=1)
                    ->  Hash Join  (cost=6993.99..187575.89 rows=49250 width=12) (actual time=43.713..1230.302 rows=285538 loops=1)
                          Hash Cond: (mc.company_id = cn.id)
                          ->  Nested Loop  (cost=0.99..178860.71 rows=136411 width=16) (actual time=0.034..1028.643 rows=794591 loops=1)
                                ->  Nested Loop  (cost=0.56..149744.80 rows=51048 width=8) (actual time=0.019..89.983 rows=276403 loops=1)
                                      ->  Seq Scan on role_type rt  (cost=0.00..18.88 rows=1 width=4) (actual time=0.006..0.010 rows=1 loops=1)
                                            Filter: ((role)::text = 'costume designer'::text)
                                            Rows Removed by Filter: 11
                                      ->  Index Scan using role_id_cast_info on cast_info ci  (cost=0.56..116776.70 rows=3294922 width=12) (actual time=0.012..51.939 rows=276403 loops=1)
                                            Index Cond: (role_id = rt.id)
                                ->  Index Scan using movie_id_movie_companies on movie_companies mc  (cost=0.43..0.52 rows=5 width=8) (actual time=0.002..0.003 rows=3 loops=276403)
                                      Index Cond: (movie_id = ci.movie_id)
                          ->  Hash  (cost=5932.46..5932.46 rows=84843 width=4) (actual time=43.546..43.546 rows=84843 loops=1)
                                Buckets: 131072  Batches: 1  Memory Usage: 4007kB
                                ->  Seq Scan on company_name cn  (cost=0.00..5932.46 rows=84843 width=4) (actual time=0.005..32.711 rows=84843 loops=1)
                                      Filter: ((country_code)::text = '[us]'::text)
                                      Rows Removed by Filter: 150154
                    ->  Index Only Scan using name_pkey on name n1  (cost=0.43..0.46 rows=1 width=4) (actual time=0.001..0.001 rows=1 loops=285538)
                          Index Cond: (id = ci.person_id)
                          Heap Fetches: 285538
              ->  Index Scan using title_pkey on title t  (cost=0.43..0.45 rows=1 width=21) (actual time=0.002..0.002 rows=1 loops=285538)
                    Index Cond: (id = ci.movie_id)
        ->  Index Scan using person_id_aka_name on aka_name an1  (cost=0.42..0.46 rows=2 width=20) (actual time=0.001..0.001 rows=1 loops=285538)
              Index Cond: (person_id = ci.person_id)
Planning time: 2.016 ms
Execution time: 2933.388 ms
