Aggregate  (cost=313874.05..313874.06 rows=1 width=64) (actual time=2521.332..2521.332 rows=1 loops=1)
  ->  Nested Loop  (cost=38671.07..313626.66 rows=49478 width=33) (actual time=354.254..2444.549 rows=323005 loops=1)
        ->  Nested Loop  (cost=38670.64..291238.23 rows=49481 width=24) (actual time=354.240..1850.970 rows=323005 loops=1)
              Join Filter: (an1.person_id = n1.id)
              ->  Hash Join  (cost=38670.21..268088.81 rows=49485 width=32) (actual time=354.223..1311.475 rows=323005 loops=1)
                    Hash Cond: (mc.company_id = cn.id)
                    ->  Nested Loop  (cost=31677.21..259365.40 rows=137063 width=36) (actual time=310.325..1129.279 rows=752819 loops=1)
                          ->  Hash Join  (cost=31676.78..230110.31 rows=51292 width=28) (actual time=310.307..452.969 rows=218966 loops=1)
                                Hash Cond: (ci.person_id = an1.person_id)
                                ->  Nested Loop  (cost=0.56..149744.80 rows=276403 width=8) (actual time=0.023..80.280 rows=276403 loops=1)
                                      ->  Seq Scan on role_type rt  (cost=0.00..18.88 rows=1 width=4) (actual time=0.005..0.009 rows=1 loops=1)
                                            Filter: ((role)::text = 'costume designer'::text)
                                            Rows Removed by Filter: 11
                                      ->  Index Scan using role_id_cast_info on cast_info ci  (cost=0.56..116776.70 rows=3294922 width=12) (actual time=0.015..46.095 rows=276403 loops=1)
                                            Index Cond: (role_id = rt.id)
                                ->  Hash  (cost=20409.43..20409.43 rows=901343 width=20) (actual time=309.104..309.104 rows=901343 loops=1)
                                      Buckets: 1048576  Batches: 1  Memory Usage: 55917kB
                                      ->  Seq Scan on aka_name an1  (cost=0.00..20409.43 rows=901343 width=20) (actual time=0.006..130.908 rows=901343 loops=1)
                          ->  Index Scan using movie_id_movie_companies on movie_companies mc  (cost=0.43..0.52 rows=5 width=8) (actual time=0.002..0.002 rows=3 loops=218966)
                                Index Cond: (movie_id = ci.movie_id)
                    ->  Hash  (cost=5932.46..5932.46 rows=84843 width=4) (actual time=43.765..43.765 rows=84843 loops=1)
                          Buckets: 131072  Batches: 1  Memory Usage: 4007kB
                          ->  Seq Scan on company_name cn  (cost=0.00..5932.46 rows=84843 width=4) (actual time=0.007..32.836 rows=84843 loops=1)
                                Filter: ((country_code)::text = '[us]'::text)
                                Rows Removed by Filter: 150154
              ->  Index Only Scan using name_pkey on name n1  (cost=0.43..0.46 rows=1 width=4) (actual time=0.001..0.001 rows=1 loops=323005)
                    Index Cond: (id = ci.person_id)
                    Heap Fetches: 323005
        ->  Index Scan using title_pkey on title t  (cost=0.43..0.45 rows=1 width=21) (actual time=0.002..0.002 rows=1 loops=323005)
              Index Cond: (id = ci.movie_id)
Planning time: 1.905 ms
Execution time: 2521.602 ms
