Aggregate  (cost=347492.05..347492.06 rows=1 width=64) (actual time=2956.914..2956.914 rows=1 loops=1)
  ->  Nested Loop  (cost=160194.12..347270.27 rows=44356 width=33) (actual time=171.273..2874.530 rows=323005 loops=1)
        ->  Nested Loop  (cost=160193.69..327199.82 rows=44358 width=24) (actual time=171.259..2287.404 rows=323005 loops=1)
              Join Filter: (an1.person_id = n1.id)
              ->  Nested Loop  (cost=160193.26..306446.97 rows=44362 width=32) (actual time=171.241..1690.499 rows=323005 loops=1)
                    ->  Hash Join  (cost=160192.83..284547.91 rows=45478 width=12) (actual time=171.209..1117.546 rows=285538 loops=1)
                          Hash Cond: (mc.movie_id = ci.movie_id)
                          ->  Hash Join  (cost=6993.00..84814.45 rows=1153798 width=4) (actual time=46.007..732.348 rows=1153798 loops=1)
                                Hash Cond: (mc.company_id = cn.id)
                                ->  Seq Scan on movie_companies mc  (cost=0.00..44881.29 rows=2609129 width=8) (actual time=0.005..222.115 rows=2609129 loops=1)
                                ->  Hash  (cost=5932.46..5932.46 rows=84843 width=4) (actual time=45.469..45.469 rows=84843 loops=1)
                                      Buckets: 131072  Batches: 1  Memory Usage: 4007kB
                                      ->  Seq Scan on company_name cn  (cost=0.00..5932.46 rows=84843 width=4) (actual time=0.005..32.506 rows=84843 loops=1)
                                            Filter: ((country_code)::text = '[us]'::text)
                                            Rows Removed by Filter: 150154
                          ->  Hash  (cost=149744.80..149744.80 rows=276403 width=8) (actual time=123.616..123.616 rows=276403 loops=1)
                                Buckets: 524288  Batches: 1  Memory Usage: 14893kB
                                ->  Nested Loop  (cost=0.56..149744.80 rows=276403 width=8) (actual time=0.027..78.419 rows=276403 loops=1)
                                      ->  Seq Scan on role_type rt  (cost=0.00..18.88 rows=1 width=4) (actual time=0.007..0.010 rows=1 loops=1)
                                            Filter: ((role)::text = 'costume designer'::text)
                                            Rows Removed by Filter: 11
                                      ->  Index Scan using role_id_cast_info on cast_info ci  (cost=0.56..116776.70 rows=3294922 width=12) (actual time=0.018..45.586 rows=276403 loops=1)
                                            Index Cond: (role_id = rt.id)
                    ->  Index Scan using person_id_aka_name on aka_name an1  (cost=0.42..0.46 rows=2 width=20) (actual time=0.001..0.002 rows=1 loops=285538)
                          Index Cond: (person_id = ci.person_id)
              ->  Index Only Scan using name_pkey on name n1  (cost=0.43..0.46 rows=1 width=4) (actual time=0.001..0.001 rows=1 loops=323005)
                    Index Cond: (id = ci.person_id)
                    Heap Fetches: 323005
        ->  Index Scan using title_pkey on title t  (cost=0.43..0.45 rows=1 width=21) (actual time=0.001..0.001 rows=1 loops=323005)
              Index Cond: (id = ci.movie_id)
Planning time: 1.925 ms
Execution time: 2957.017 ms
