Aggregate  (cost=408693.29..408693.30 rows=1 width=64) (actual time=2769.009..2769.009 rows=1 loops=1)
  ->  Nested Loop  (cost=239841.25..408402.43 rows=58172 width=33) (actual time=544.485..2690.080 rows=323005 loops=1)
        ->  Nested Loop  (cost=239840.82..382080.27 rows=58175 width=24) (actual time=544.471..2102.345 rows=323005 loops=1)
              Join Filter: (an1.person_id = n1.id)
              ->  Hash Join  (cost=239840.39..354863.26 rows=58180 width=32) (actual time=544.450..1503.499 rows=323005 loops=1)
                    Hash Cond: (mc.movie_id = ci.movie_id)
                    ->  Hash Join  (cost=6993.00..84814.45 rows=1153798 width=4) (actual time=45.968..723.987 rows=1153798 loops=1)
                          Hash Cond: (mc.company_id = cn.id)
                          ->  Seq Scan on movie_companies mc  (cost=0.00..44881.29 rows=2609129 width=8) (actual time=0.007..221.346 rows=2609129 loops=1)
                          ->  Hash  (cost=5932.46..5932.46 rows=84843 width=4) (actual time=45.453..45.453 rows=84843 loops=1)
                                Buckets: 131072  Batches: 1  Memory Usage: 4007kB
                                ->  Seq Scan on company_name cn  (cost=0.00..5932.46 rows=84843 width=4) (actual time=0.006..32.858 rows=84843 loops=1)
                                      Filter: ((country_code)::text = '[us]'::text)
                                      Rows Removed by Filter: 150154
                    ->  Hash  (cost=230110.31..230110.31 rows=218966 width=28) (actual time=497.384..497.384 rows=218966 loops=1)
                          Buckets: 262144  Batches: 1  Memory Usage: 15424kB
                          ->  Hash Join  (cost=31676.78..230110.31 rows=218966 width=28) (actual time=316.428..450.272 rows=218966 loops=1)
                                Hash Cond: (ci.person_id = an1.person_id)
                                ->  Nested Loop  (cost=0.56..149744.80 rows=276403 width=8) (actual time=0.026..77.456 rows=276403 loops=1)
                                      ->  Seq Scan on role_type rt  (cost=0.00..18.88 rows=1 width=4) (actual time=0.006..0.009 rows=1 loops=1)
                                            Filter: ((role)::text = 'costume designer'::text)
                                            Rows Removed by Filter: 11
                                      ->  Index Scan using role_id_cast_info on cast_info ci  (cost=0.56..116776.70 rows=3294922 width=12) (actual time=0.018..45.106 rows=276403 loops=1)
                                            Index Cond: (role_id = rt.id)
                                ->  Hash  (cost=20409.43..20409.43 rows=901343 width=20) (actual time=313.855..313.855 rows=901343 loops=1)
                                      Buckets: 1048576  Batches: 1  Memory Usage: 55917kB
                                      ->  Seq Scan on aka_name an1  (cost=0.00..20409.43 rows=901343 width=20) (actual time=0.007..132.972 rows=901343 loops=1)
              ->  Index Only Scan using name_pkey on name n1  (cost=0.43..0.46 rows=1 width=4) (actual time=0.001..0.001 rows=1 loops=323005)
                    Index Cond: (id = ci.person_id)
                    Heap Fetches: 323005
        ->  Index Scan using title_pkey on title t  (cost=0.43..0.45 rows=1 width=21) (actual time=0.001..0.001 rows=1 loops=323005)
              Index Cond: (id = ci.movie_id)
Planning time: 2.045 ms
Execution time: 2769.363 ms
