Aggregate  (cost=454803.51..454803.52 rows=1 width=64) (actual time=2275.383..2275.383 rows=1 loops=1)
  ->  Nested Loop  (cost=313165.76..454512.63 rows=58177 width=33) (actual time=887.992..2201.718 rows=323005 loops=1)
        ->  Hash Join  (cost=313165.33..428188.20 rows=58180 width=24) (actual time=887.970..1685.276 rows=323005 loops=1)
              Hash Cond: (mc.movie_id = ci.movie_id)
              ->  Hash Join  (cost=6993.00..84814.45 rows=1153798 width=4) (actual time=46.332..643.416 rows=1153798 loops=1)
                    Hash Cond: (mc.company_id = cn.id)
                    ->  Seq Scan on movie_companies mc  (cost=0.00..44881.29 rows=2609129 width=8) (actual time=0.006..205.959 rows=2609129 loops=1)
                    ->  Hash  (cost=5932.46..5932.46 rows=84843 width=4) (actual time=45.796..45.796 rows=84843 loops=1)
                          Buckets: 131072  Batches: 1  Memory Usage: 4007kB
                          ->  Seq Scan on company_name cn  (cost=0.00..5932.46 rows=84843 width=4) (actual time=0.006..32.881 rows=84843 loops=1)
                                Filter: ((country_code)::text = '[us]'::text)
                                Rows Removed by Filter: 150154
              ->  Hash  (cost=303435.25..303435.25 rows=218966 width=20) (actual time=840.544..840.544 rows=218966 loops=1)
                    Buckets: 262144  Batches: 1  Memory Usage: 13714kB
                    ->  Hash Join  (cost=279048.03..303435.25 rows=218966 width=20) (actual time=573.619..797.317 rows=218966 loops=1)
                          Hash Cond: (an1.person_id = n1.id)
                          ->  Seq Scan on aka_name an1  (cost=0.00..20409.43 rows=901343 width=20) (actual time=0.007..84.157 rows=901343 loops=1)
                          ->  Hash  (cost=275592.99..275592.99 rows=276403 width=12) (actual time=572.049..572.049 rows=276403 loops=1)
                                Buckets: 524288  Batches: 1  Memory Usage: 15973kB
                                ->  Nested Loop  (cost=0.99..275592.99 rows=276403 width=12) (actual time=0.042..515.960 rows=276403 loops=1)
                                      ->  Nested Loop  (cost=0.56..149744.80 rows=276403 width=8) (actual time=0.026..77.184 rows=276403 loops=1)
                                            ->  Seq Scan on role_type rt  (cost=0.00..18.88 rows=1 width=4) (actual time=0.004..0.008 rows=1 loops=1)
                                                  Filter: ((role)::text = 'costume designer'::text)
                                                  Rows Removed by Filter: 11
                                            ->  Index Scan using role_id_cast_info on cast_info ci  (cost=0.56..116776.70 rows=3294922 width=12) (actual time=0.020..42.572 rows=276403 loops=1)
                                                  Index Cond: (role_id = rt.id)
                                      ->  Index Only Scan using name_pkey on name n1  (cost=0.43..0.46 rows=1 width=4) (actual time=0.001..0.001 rows=1 loops=276403)
                                            Index Cond: (id = ci.person_id)
                                            Heap Fetches: 276403
        ->  Index Scan using title_pkey on title t  (cost=0.43..0.45 rows=1 width=21) (actual time=0.001..0.001 rows=1 loops=323005)
              Index Cond: (id = ci.movie_id)
Planning time: 1.918 ms
Execution time: 2275.542 ms
