Aggregate  (cost=454803.51..454803.52 rows=1 width=64) (actual time=2281.544..2281.544 rows=1 loops=1)
  ->  Nested Loop  (cost=313165.76..454512.63 rows=58177 width=33) (actual time=869.575..2202.682 rows=323005 loops=1)
        ->  Hash Join  (cost=313165.33..428188.20 rows=58180 width=24) (actual time=869.553..1676.269 rows=323005 loops=1)
              Hash Cond: (mc.movie_id = ci.movie_id)
              ->  Hash Join  (cost=6993.00..84814.45 rows=1153798 width=4) (actual time=45.282..651.666 rows=1153798 loops=1)
                    Hash Cond: (mc.company_id = cn.id)
                    ->  Seq Scan on movie_companies mc  (cost=0.00..44881.29 rows=2609129 width=8) (actual time=0.006..209.191 rows=2609129 loops=1)
                    ->  Hash  (cost=5932.46..5932.46 rows=84843 width=4) (actual time=44.821..44.821 rows=84843 loops=1)
                          Buckets: 131072  Batches: 1  Memory Usage: 4007kB
                          ->  Seq Scan on company_name cn  (cost=0.00..5932.46 rows=84843 width=4) (actual time=0.006..32.708 rows=84843 loops=1)
                                Filter: ((country_code)::text = '[us]'::text)
                                Rows Removed by Filter: 150154
              ->  Hash  (cost=303435.25..303435.25 rows=218966 width=20) (actual time=823.318..823.318 rows=218966 loops=1)
                    Buckets: 262144  Batches: 1  Memory Usage: 13714kB
                    ->  Hash Join  (cost=279048.03..303435.25 rows=218966 width=20) (actual time=569.685..781.663 rows=218966 loops=1)
                          Hash Cond: (an1.person_id = n1.id)
                          ->  Seq Scan on aka_name an1  (cost=0.00..20409.43 rows=901343 width=20) (actual time=0.007..83.435 rows=901343 loops=1)
                          ->  Hash  (cost=275592.99..275592.99 rows=276403 width=12) (actual time=568.251..568.251 rows=276403 loops=1)
                                Buckets: 524288  Batches: 1  Memory Usage: 15973kB
                                ->  Nested Loop  (cost=0.99..275592.99 rows=276403 width=12) (actual time=0.038..514.696 rows=276403 loops=1)
                                      ->  Nested Loop  (cost=0.56..149744.80 rows=276403 width=8) (actual time=0.024..76.655 rows=276403 loops=1)
                                            ->  Seq Scan on role_type rt  (cost=0.00..18.88 rows=1 width=4) (actual time=0.004..0.007 rows=1 loops=1)
                                                  Filter: ((role)::text = 'costume designer'::text)
                                                  Rows Removed by Filter: 11
                                            ->  Index Scan using role_id_cast_info on cast_info ci  (cost=0.56..116776.70 rows=3294922 width=12) (actual time=0.017..42.089 rows=276403 loops=1)
                                                  Index Cond: (role_id = rt.id)
                                      ->  Index Only Scan using name_pkey on name n1  (cost=0.43..0.46 rows=1 width=4) (actual time=0.001..0.001 rows=1 loops=276403)
                                            Index Cond: (id = ci.person_id)
                                            Heap Fetches: 276403
        ->  Index Scan using title_pkey on title t  (cost=0.43..0.45 rows=1 width=21) (actual time=0.001..0.001 rows=1 loops=323005)
              Index Cond: (id = ci.movie_id)
Planning time: 2.050 ms
Execution time: 2281.711 ms
