Aggregate  (cost=513560.63..513560.64 rows=1 width=64) (actual time=3324.839..3324.839 rows=1 loops=1)
  ->  Hash Join  (cost=485738.06..511945.61 rows=323005 width=33) (actual time=2969.019..3267.380 rows=323005 loops=1)
        Hash Cond: (ci.movie_id = t.id)
        ->  Hash Join  (cost=279048.03..303435.25 rows=218966 width=20) (actual time=571.057..789.427 rows=218966 loops=1)
              Hash Cond: (an1.person_id = n1.id)
              ->  Seq Scan on aka_name an1  (cost=0.00..20409.43 rows=901343 width=20) (actual time=0.009..77.691 rows=901343 loops=1)
              ->  Hash  (cost=275592.99..275592.99 rows=276403 width=12) (actual time=569.457..569.457 rows=276403 loops=1)
                    Buckets: 524288  Batches: 1  Memory Usage: 15973kB
                    ->  Nested Loop  (cost=0.99..275592.99 rows=276403 width=12) (actual time=0.048..513.592 rows=276403 loops=1)
                          ->  Nested Loop  (cost=0.56..149744.80 rows=276403 width=8) (actual time=0.032..75.586 rows=276403 loops=1)
                                ->  Seq Scan on role_type rt  (cost=0.00..18.88 rows=1 width=4) (actual time=0.006..0.010 rows=1 loops=1)
                                      Filter: ((role)::text = 'costume designer'::text)
                                      Rows Removed by Filter: 11
                                ->  Index Scan using role_id_cast_info on cast_info ci  (cost=0.56..116776.70 rows=3294922 width=12) (actual time=0.022..42.288 rows=276403 loops=1)
                                      Index Cond: (role_id = rt.id)
                          ->  Index Only Scan using name_pkey on name n1  (cost=0.43..0.46 rows=1 width=4) (actual time=0.001..0.001 rows=1 loops=276403)
                                Index Cond: (id = ci.person_id)
                                Heap Fetches: 276403
        ->  Hash  (cost=192267.56..192267.56 rows=1153798 width=25) (actual time=2393.640..2393.640 rows=1153798 loops=1)
              Buckets: 2097152  Batches: 1  Memory Usage: 84892kB
              ->  Hash Join  (cost=99879.41..192267.56 rows=1153798 width=25) (actual time=1031.763..2118.884 rows=1153798 loops=1)
                    Hash Cond: (mc.movie_id = t.id)
                    ->  Hash Join  (cost=6993.00..84814.45 rows=1153798 width=4) (actual time=46.188..733.814 rows=1153798 loops=1)
                          Hash Cond: (mc.company_id = cn.id)
                          ->  Seq Scan on movie_companies mc  (cost=0.00..44881.29 rows=2609129 width=8) (actual time=0.009..230.611 rows=2609129 loops=1)
                          ->  Hash  (cost=5932.46..5932.46 rows=84843 width=4) (actual time=45.636..45.636 rows=84843 loops=1)
                                Buckets: 131072  Batches: 1  Memory Usage: 4007kB
                                ->  Seq Scan on company_name cn  (cost=0.00..5932.46 rows=84843 width=4) (actual time=0.008..32.631 rows=84843 loops=1)
                                      Filter: ((country_code)::text = '[us]'::text)
                                      Rows Removed by Filter: 150154
                    ->  Hash  (cost=61282.51..61282.51 rows=2528312 width=21) (actual time=977.183..977.183 rows=2528312 loops=1)
                          Buckets: 4194304  Batches: 1  Memory Usage: 168637kB
                          ->  Seq Scan on title t  (cost=0.00..61282.51 rows=2528312 width=21) (actual time=0.009..351.841 rows=2528312 loops=1)
Planning time: 2.038 ms
Execution time: 3326.053 ms
