Aggregate  (cost=134973.34..134973.35 rows=1 width=96) (actual time=1655.136..1655.136 rows=1 loops=1)
  ->  Nested Loop  (cost=3.13..134973.34 rows=1 width=49) (actual time=39.016..1655.029 rows=121 loops=1)
        ->  Nested Loop  (cost=2.71..134972.87 rows=1 width=53) (actual time=39.009..1654.634 rows=123 loops=1)
              Join Filter: (ci.movie_id = mc.movie_id)
              ->  Nested Loop  (cost=2.28..134972.22 rows=1 width=57) (actual time=38.212..1653.836 rows=139 loops=1)
                    Join Filter: (n.id = an.person_id)
                    ->  Nested Loop  (cost=1.85..134971.67 rows=1 width=49) (actual time=38.092..1653.046 rows=249 loops=1)
                          ->  Nested Loop  (cost=1.42..134971.01 rows=1 width=37) (actual time=38.069..1651.407 rows=300 loops=1)
                                ->  Nested Loop  (cost=0.99..134969.69 rows=2 width=16) (actual time=32.670..1648.501 rows=727 loops=1)
                                      ->  Nested Loop  (cost=0.56..134018.14 rows=1222 width=12) (actual time=0.122..1200.425 rows=276166 loops=1)
                                            ->  Seq Scan on role_type rt  (cost=0.00..18.88 rows=1 width=4) (actual time=0.005..0.009 rows=1 loops=1)
                                                  Filter: ((role)::text = 'actress'::text)
                                                  Rows Removed by Filter: 11
                                            ->  Index Scan using role_id_cast_info on cast_info ci  (cost=0.56..133251.31 rows=74795 width=16) (actual time=0.115..1173.120 rows=276166 loops=1)
                                                  Index Cond: (role_id = rt.id)
                                                  Filter: (note = ANY ('{(voice),"(voice: Japanese version)","(voice) (uncredited)","(voice: English version)"}'::text[]))
                                                  Rows Removed by Filter: 7175807
                                      ->  Index Scan using name_pkey on name n  (cost=0.43..0.78 rows=1 width=4) (actual time=0.001..0.001 rows=0 loops=276166)
                                            Index Cond: (id = ci.person_id)
                                            Filter: ((name ~~ '%Ang%'::text) AND ((gender)::text = 'f'::text))
                                            Rows Removed by Filter: 1
                                ->  Index Scan using title_pkey on title t  (cost=0.43..0.66 rows=1 width=21) (actual time=0.004..0.004 rows=0 loops=727)
                                      Index Cond: (id = ci.movie_id)
                                      Filter: ((production_year >= 2005) AND (production_year <= 2015))
                                      Rows Removed by Filter: 1
                          ->  Index Scan using char_name_pkey on char_name chn  (cost=0.43..0.67 rows=1 width=20) (actual time=0.005..0.005 rows=1 loops=300)
                                Index Cond: (id = ci.person_role_id)
                    ->  Index Scan using person_id_aka_name on aka_name an  (cost=0.42..0.52 rows=2 width=20) (actual time=0.002..0.003 rows=1 loops=249)
                          Index Cond: (person_id = ci.person_id)
              ->  Index Scan using movie_id_movie_companies on movie_companies mc  (cost=0.43..0.64 rows=1 width=8) (actual time=0.004..0.005 rows=1 loops=139)
                    Index Cond: (movie_id = t.id)
                    Filter: ((note IS NOT NULL) AND ((note ~~ '%(USA)%'::text) OR (note ~~ '%(worldwide)%'::text)))
                    Rows Removed by Filter: 5
        ->  Index Scan using company_name_pkey on company_name cn  (cost=0.42..0.47 rows=1 width=4) (actual time=0.003..0.003 rows=1 loops=123)
              Index Cond: (id = mc.company_id)
              Filter: ((country_code)::text = '[us]'::text)
              Rows Removed by Filter: 0
Planning time: 3.554 ms
Execution time: 1655.211 ms
