Aggregate  (cost=119590.59..119590.60 rows=1 width=128) (actual time=617.705..617.706 rows=1 loops=1)
  ->  Nested Loop  (cost=2.70..119590.58 rows=1 width=64) (actual time=263.362..617.663 rows=40 loops=1)
        ->  Nested Loop  (cost=2.27..119589.86 rows=1 width=55) (actual time=255.657..617.377 rows=94 loops=1)
              ->  Nested Loop  (cost=1.85..119589.25 rows=1 width=59) (actual time=255.636..617.079 rows=94 loops=1)
                    ->  Nested Loop  (cost=1.42..119588.53 rows=1 width=51) (actual time=255.624..616.005 rows=237 loops=1)
                          ->  Nested Loop  (cost=0.99..119587.81 rows=1 width=39) (actual time=255.617..615.345 rows=265 loops=1)
                                Join Filter: (ci.role_id = rt.id)
                                ->  Nested Loop  (cost=0.99..119566.71 rows=37 width=43) (actual time=255.609..615.256 rows=265 loops=1)
                                      Join Filter: (n.id = ci.person_id)
                                      ->  Nested Loop  (cost=0.42..119307.30 rows=21 width=39) (actual time=250.343..603.315 rows=1296 loops=1)
                                            ->  Seq Scan on name n  (cost=0.00..118130.38 rows=95 width=19) (actual time=249.715..594.060 rows=5409 loops=1)
                                                  Filter: ((name ~~ '%Angel%'::text) AND ((gender)::text = 'f'::text))
                                                  Rows Removed by Filter: 4162082
                                            ->  Index Scan using person_id_aka_name on aka_name an  (cost=0.42..12.37 rows=2 width=20) (actual time=0.001..0.001 rows=0 loops=5409)
                                                  Index Cond: (person_id = n.id)
                                      ->  Index Scan using person_id_cast_info on cast_info ci  (cost=0.56..12.23 rows=10 width=16) (actual time=0.008..0.009 rows=0 loops=1296)
                                            Index Cond: (person_id = an.person_id)
                                            Filter: (note = '(voice)'::text)
                                            Rows Removed by Filter: 43
                                ->  Materialize  (cost=0.00..18.89 rows=4 width=4) (actual time=0.000..0.000 rows=1 loops=265)
                                      ->  Seq Scan on role_type rt  (cost=0.00..18.88 rows=4 width=4) (actual time=0.005..0.005 rows=1 loops=1)
                                            Filter: ((role)::text = 'actress'::text)
                                            Rows Removed by Filter: 1
                          ->  Index Scan using char_name_pkey on char_name chn  (cost=0.43..0.72 rows=1 width=20) (actual time=0.002..0.002 rows=1 loops=265)
                                Index Cond: (id = ci.person_role_id)
                    ->  Index Scan using movie_id_movie_companies on movie_companies mc  (cost=0.43..0.71 rows=1 width=8) (actual time=0.003..0.004 rows=0 loops=237)
                          Index Cond: (movie_id = ci.movie_id)
                          Filter: ((note ~~ '%(200%)%'::text) AND ((note ~~ '%(USA)%'::text) OR (note ~~ '%(worldwide)%'::text)))
                          Rows Removed by Filter: 5
              ->  Index Scan using company_name_pkey on company_name cn  (cost=0.42..0.61 rows=1 width=4) (actual time=0.003..0.003 rows=1 loops=94)
                    Index Cond: (id = mc.company_id)
                    Filter: ((country_code)::text = '[us]'::text)
        ->  Index Scan using title_pkey on title t  (cost=0.43..0.71 rows=1 width=21) (actual time=0.003..0.003 rows=0 loops=94)
              Index Cond: (id = ci.movie_id)
              Filter: ((production_year >= 2007) AND (production_year <= 2010))
              Rows Removed by Filter: 1
Planning time: 3.541 ms
Execution time: 617.775 ms
