Aggregate  (cost=166903.38..166903.39 rows=1 width=128) (actual time=930.945..930.945 rows=1 loops=1)
  ->  Nested Loop  (cost=31678.64..166903.37 rows=1 width=64) (actual time=579.859..930.893 rows=40 loops=1)
        ->  Nested Loop  (cost=31678.21..166902.66 rows=1 width=52) (actual time=579.842..930.757 rows=40 loops=1)
              ->  Nested Loop  (cost=31677.79..166891.79 rows=21 width=56) (actual time=573.841..930.610 rows=41 loops=1)
                    ->  Nested Loop  (cost=31677.64..166884.80 rows=41 width=60) (actual time=573.832..930.533 rows=41 loops=1)
                          ->  Nested Loop  (cost=31677.21..166838.62 rows=65 width=64) (actual time=573.818..930.135 rows=65 loops=1)
                                ->  Nested Loop  (cost=31676.78..166651.90 rows=265 width=43) (actual time=573.098..929.211 rows=265 loops=1)
                                      Join Filter: (n.id = ci.person_id)
                                      ->  Hash Join  (cost=31676.22..150643.17 rows=1296 width=39) (actual time=568.154..917.078 rows=1296 loops=1)
                                            Hash Cond: (n.id = an.person_id)
                                            ->  Seq Scan on name n  (cost=0.00..118130.38 rows=5409 width=19) (actual time=251.113..598.993 rows=5409 loops=1)
                                                  Filter: ((name ~~ '%Angel%'::text) AND ((gender)::text = 'f'::text))
                                                  Rows Removed by Filter: 4162082
                                            ->  Hash  (cost=20409.43..20409.43 rows=901343 width=20) (actual time=313.712..313.712 rows=901343 loops=1)
                                                  Buckets: 1048576  Batches: 1  Memory Usage: 55917kB
                                                  ->  Seq Scan on aka_name an  (cost=0.00..20409.43 rows=901343 width=20) (actual time=0.009..130.709 rows=901343 loops=1)
                                      ->  Index Scan using person_id_cast_info on cast_info ci  (cost=0.56..12.23 rows=10 width=16) (actual time=0.008..0.009 rows=0 loops=1296)
                                            Index Cond: (person_id = an.person_id)
                                            Filter: (note = '(voice)'::text)
                                            Rows Removed by Filter: 43
                                ->  Index Scan using title_pkey on title t  (cost=0.43..0.70 rows=1 width=21) (actual time=0.003..0.003 rows=0 loops=265)
                                      Index Cond: (id = ci.movie_id)
                                      Filter: ((production_year >= 2007) AND (production_year <= 2010))
                                      Rows Removed by Filter: 1
                          ->  Index Scan using movie_id_movie_companies on movie_companies mc  (cost=0.43..0.70 rows=1 width=8) (actual time=0.004..0.006 rows=1 loops=65)
                                Index Cond: (movie_id = ci.movie_id)
                                Filter: ((note ~~ '%(200%)%'::text) AND ((note ~~ '%(USA)%'::text) OR (note ~~ '%(worldwide)%'::text)))
                                Rows Removed by Filter: 7
                    ->  Index Scan using role_type_pkey on role_type rt  (cost=0.15..0.17 rows=1 width=4) (actual time=0.001..0.001 rows=1 loops=41)
                          Index Cond: (id = ci.role_id)
                          Filter: ((role)::text = 'actress'::text)
              ->  Index Scan using company_name_pkey on company_name cn  (cost=0.42..0.52 rows=1 width=4) (actual time=0.003..0.003 rows=1 loops=41)
                    Index Cond: (id = mc.company_id)
                    Filter: ((country_code)::text = '[us]'::text)
                    Rows Removed by Filter: 0
        ->  Index Scan using char_name_pkey on char_name chn  (cost=0.43..0.71 rows=1 width=20) (actual time=0.003..0.003 rows=1 loops=40)
              Index Cond: (id = ci.person_role_id)
Planning time: 3.554 ms
Execution time: 931.213 ms
