Aggregate  (cost=166941.61..166941.62 rows=1 width=128) (actual time=933.050..933.050 rows=1 loops=1)
  ->  Nested Loop  (cost=31678.64..166941.42 rows=19 width=64) (actual time=583.575..933.002 rows=40 loops=1)
        ->  Nested Loop  (cost=31678.49..166934.59 rows=40 width=68) (actual time=583.554..932.922 rows=40 loops=1)
              ->  Nested Loop  (cost=31678.06..166906.01 rows=40 width=56) (actual time=583.537..932.789 rows=40 loops=1)
                    ->  Nested Loop  (cost=31677.64..166884.80 rows=41 width=60) (actual time=577.048..932.642 rows=41 loops=1)
                          ->  Nested Loop  (cost=31677.21..166838.62 rows=65 width=64) (actual time=577.033..932.239 rows=65 loops=1)
                                ->  Nested Loop  (cost=31676.78..166651.90 rows=265 width=43) (actual time=576.306..931.324 rows=265 loops=1)
                                      Join Filter: (n.id = ci.person_id)
                                      ->  Hash Join  (cost=31676.22..150643.17 rows=1296 width=39) (actual time=571.439..919.124 rows=1296 loops=1)
                                            Hash Cond: (n.id = an.person_id)
                                            ->  Seq Scan on name n  (cost=0.00..118130.38 rows=5409 width=19) (actual time=252.489..598.776 rows=5409 loops=1)
                                                  Filter: ((name ~~ '%Angel%'::text) AND ((gender)::text = 'f'::text))
                                                  Rows Removed by Filter: 4162082
                                            ->  Hash  (cost=20409.43..20409.43 rows=901343 width=20) (actual time=315.695..315.695 rows=901343 loops=1)
                                                  Buckets: 1048576  Batches: 1  Memory Usage: 55917kB
                                                  ->  Seq Scan on aka_name an  (cost=0.00..20409.43 rows=901343 width=20) (actual time=0.009..129.915 rows=901343 loops=1)
                                      ->  Index Scan using person_id_cast_info on cast_info ci  (cost=0.56..12.23 rows=10 width=16) (actual time=0.008..0.009 rows=0 loops=1296)
                                            Index Cond: (person_id = an.person_id)
                                            Filter: (note = '(voice)'::text)
                                            Rows Removed by Filter: 43
                                ->  Index Scan using title_pkey on title t  (cost=0.43..0.70 rows=1 width=21) (actual time=0.003..0.003 rows=0 loops=265)
                                      Index Cond: (id = ci.movie_id)
                                      Filter: ((production_year >= 2007) AND (production_year <= 2010))
                                      Rows Removed by Filter: 1
                          ->  Index Scan using movie_id_movie_companies on movie_companies mc  (cost=0.43..0.70 rows=1 width=8) (actual time=0.005..0.006 rows=1 loops=65)
                                Index Cond: (movie_id = ci.movie_id)
                                Filter: ((note ~~ '%(200%)%'::text) AND ((note ~~ '%(USA)%'::text) OR (note ~~ '%(worldwide)%'::text)))
                                Rows Removed by Filter: 7
                    ->  Index Scan using company_name_pkey on company_name cn  (cost=0.42..0.52 rows=1 width=4) (actual time=0.003..0.003 rows=1 loops=41)
                          Index Cond: (id = mc.company_id)
                          Filter: ((country_code)::text = '[us]'::text)
                          Rows Removed by Filter: 0
              ->  Index Scan using char_name_pkey on char_name chn  (cost=0.43..0.71 rows=1 width=20) (actual time=0.003..0.003 rows=1 loops=40)
                    Index Cond: (id = ci.person_role_id)
        ->  Index Scan using role_type_pkey on role_type rt  (cost=0.15..0.17 rows=1 width=4) (actual time=0.001..0.001 rows=1 loops=40)
              Index Cond: (id = ci.role_id)
              Filter: ((role)::text = 'actress'::text)
Planning time: 3.534 ms
Execution time: 933.341 ms
