Aggregate  (cost=235628.89..235628.90 rows=1 width=128) (actual time=1063.734..1063.734 rows=1 loops=1)
  ->  Nested Loop  (cost=118512.20..235628.54 rows=35 width=64) (actual time=624.098..1060.353 rows=8144 loops=1)
        Join Filter: (ci.movie_id = t.id)
        ->  Nested Loop  (cost=118511.77..235610.02 rows=35 width=55) (actual time=624.088..1044.377 rows=8144 loops=1)
              ->  Nested Loop  (cost=118511.35..235566.77 rows=97 width=59) (actual time=622.945..1008.394 rows=18345 loops=1)
                    ->  Nested Loop  (cost=118510.92..235541.80 rows=36 width=51) (actual time=622.936..987.549 rows=7726 loops=1)
                          ->  Hash Join  (cost=118510.49..235490.18 rows=76 width=39) (actual time=622.918..970.039 rows=8204 loops=1)
                                Hash Cond: (ci.role_id = rt.id)
                                ->  Nested Loop  (cost=118491.57..235301.36 rows=13471 width=43) (actual time=622.904..968.358 rows=8204 loops=1)
                                      Join Filter: (n.id = ci.person_id)
                                      ->  Hash Join  (cost=118491.00..150279.89 rows=6239 width=39) (actual time=620.555..828.637 rows=10525 loops=1)
                                            Hash Cond: (an.person_id = n.id)
                                            ->  Seq Scan on aka_name an  (cost=0.00..20409.43 rows=901343 width=20) (actual time=0.004..83.627 rows=901343 loops=1)
                                            ->  Hash  (cost=118130.38..118130.38 rows=28850 width=19) (actual time=620.356..620.356 rows=50011 loops=1)
                                                  Buckets: 65536 (originally 32768)  Batches: 1 (originally 1)  Memory Usage: 3135kB
                                                  ->  Seq Scan on name n  (cost=0.00..118130.38 rows=28850 width=19) (actual time=253.657..608.775 rows=50011 loops=1)
                                                        Filter: ((name ~~ '%An%'::text) AND ((gender)::text = 'f'::text))
                                                        Rows Removed by Filter: 4117480
                                      ->  Index Scan using person_id_cast_info on cast_info ci  (cost=0.56..13.49 rows=11 width=16) (actual time=0.011..0.013 rows=1 loops=10525)
                                            Index Cond: (person_id = an.person_id)
                                            Filter: (note = ANY ('{(voice),"(voice: Japanese version)","(voice) (uncredited)","(voice: English version)"}'::text[]))
                                            Rows Removed by Filter: 44
                                ->  Hash  (cost=18.88..18.88 rows=4 width=4) (actual time=0.008..0.008 rows=1 loops=1)
                                      Buckets: 1024  Batches: 1  Memory Usage: 9kB
                                      ->  Seq Scan on role_type rt  (cost=0.00..18.88 rows=4 width=4) (actual time=0.006..0.007 rows=1 loops=1)
                                            Filter: ((role)::text = 'actress'::text)
                                            Rows Removed by Filter: 11
                          ->  Index Scan using char_name_pkey on char_name chn  (cost=0.43..0.68 rows=1 width=20) (actual time=0.002..0.002 rows=1 loops=8204)
                                Index Cond: (id = ci.person_role_id)
                    ->  Index Scan using movie_id_movie_companies on movie_companies mc  (cost=0.43..0.64 rows=5 width=8) (actual time=0.002..0.002 rows=2 loops=7726)
                          Index Cond: (movie_id = ci.movie_id)
              ->  Index Scan using company_name_pkey on company_name cn  (cost=0.42..0.45 rows=1 width=4) (actual time=0.002..0.002 rows=0 loops=18345)
                    Index Cond: (id = mc.company_id)
                    Filter: ((country_code)::text = '[us]'::text)
                    Rows Removed by Filter: 1
        ->  Index Scan using title_pkey on title t  (cost=0.43..0.52 rows=1 width=21) (actual time=0.002..0.002 rows=1 loops=8144)
              Index Cond: (id = mc.movie_id)
Planning time: 3.386 ms
Execution time: 1063.806 ms
