Aggregate  (cost=216379.57..216379.58 rows=1 width=128) (actual time=2447.916..2447.916 rows=1 loops=1)
  ->  Nested Loop  (cost=31678.92..216379.43 rows=14 width=64) (actual time=334.560..2444.530 rows=8144 loops=1)
        Join Filter: (ci.movie_id = t.id)
        ->  Nested Loop  (cost=31678.49..216372.03 rows=14 width=55) (actual time=334.544..2429.632 rows=8144 loops=1)
              ->  Nested Loop  (cost=31678.07..216354.64 rows=39 width=59) (actual time=329.283..2394.389 rows=18345 loops=1)
                    ->  Nested Loop  (cost=31677.64..216344.33 rows=15 width=51) (actual time=329.269..2374.405 rows=7726 loops=1)
                          ->  Nested Loop  (cost=31677.21..216323.65 rows=31 width=39) (actual time=329.252..2359.441 rows=8204 loops=1)
                                ->  Hash Join  (cost=31676.78..214341.90 rows=2545 width=32) (actual time=313.087..1625.725 rows=503508 loops=1)
                                      Hash Cond: (ci.person_id = an.person_id)
                                      ->  Nested Loop  (cost=0.56..134018.14 rows=276166 width=12) (actual time=0.127..1224.521 rows=276166 loops=1)
                                            ->  Seq Scan on role_type rt  (cost=0.00..18.88 rows=1 width=4) (actual time=0.006..0.009 rows=1 loops=1)
                                                  Filter: ((role)::text = 'actress'::text)
                                                  Rows Removed by Filter: 11
                                            ->  Index Scan using role_id_cast_info on cast_info ci  (cost=0.56..133251.31 rows=74795 width=16) (actual time=0.121..1197.788 rows=276166 loops=1)
                                                  Index Cond: (role_id = rt.id)
                                                  Filter: (note = ANY ('{(voice),"(voice: Japanese version)","(voice) (uncredited)","(voice: English version)"}'::text[]))
                                                  Rows Removed by Filter: 7175807
                                      ->  Hash  (cost=20409.43..20409.43 rows=901343 width=20) (actual time=310.799..310.799 rows=901343 loops=1)
                                            Buckets: 1048576  Batches: 1  Memory Usage: 55917kB
                                            ->  Seq Scan on aka_name an  (cost=0.00..20409.43 rows=901343 width=20) (actual time=0.006..130.979 rows=901343 loops=1)
                                ->  Index Scan using name_pkey on name n  (cost=0.43..0.78 rows=1 width=19) (actual time=0.001..0.001 rows=0 loops=503508)
                                      Index Cond: (id = ci.person_id)
                                      Filter: ((name ~~ '%An%'::text) AND ((gender)::text = 'f'::text))
                                      Rows Removed by Filter: 1
                          ->  Index Scan using char_name_pkey on char_name chn  (cost=0.43..0.67 rows=1 width=20) (actual time=0.002..0.002 rows=1 loops=8204)
                                Index Cond: (id = ci.person_role_id)
                    ->  Index Scan using movie_id_movie_companies on movie_companies mc  (cost=0.43..0.64 rows=5 width=8) (actual time=0.002..0.002 rows=2 loops=7726)
                          Index Cond: (movie_id = ci.movie_id)
              ->  Index Scan using company_name_pkey on company_name cn  (cost=0.42..0.45 rows=1 width=4) (actual time=0.002..0.002 rows=0 loops=18345)
                    Index Cond: (id = mc.company_id)
                    Filter: ((country_code)::text = '[us]'::text)
                    Rows Removed by Filter: 1
        ->  Index Scan using title_pkey on title t  (cost=0.43..0.52 rows=1 width=21) (actual time=0.001..0.001 rows=1 loops=8144)
              Index Cond: (id = mc.movie_id)
Planning time: 3.522 ms
Execution time: 2448.212 ms
