Aggregate  (cost=259914.02..259914.03 rows=1 width=128) (actual time=1987.571..1987.571 rows=1 loops=1)
  ->  Nested Loop  (cost=118758.21..259913.74 rows=28 width=64) (actual time=640.964..1984.241 rows=8144 loops=1)
        ->  Nested Loop  (cost=118757.78..259899.07 rows=22 width=52) (actual time=640.955..1970.280 rows=8514 loops=1)
              ->  Nested Loop  (cost=118757.36..259872.31 rows=60 width=56) (actual time=637.158..1933.465 rows=19561 loops=1)
                    Join Filter: (ci.movie_id = mc.movie_id)
                    ->  Nested Loop  (cost=118756.93..259864.86 rows=12 width=60) (actual time=637.148..1912.083 rows=8204 loops=1)
                          ->  Nested Loop  (cost=118756.50..259857.00 rows=12 width=39) (actual time=637.139..1894.758 rows=8204 loops=1)
                                Join Filter: (n.id = an.person_id)
                                ->  Hash Join  (cost=118756.08..256260.24 rows=6552 width=31) (actual time=630.319..1881.547 rows=6552 loops=1)
                                      Hash Cond: (ci.person_id = n.id)
                                      ->  Nested Loop  (cost=0.56..134018.14 rows=276166 width=12) (actual time=0.122..1227.241 rows=276166 loops=1)
                                            ->  Seq Scan on role_type rt  (cost=0.00..18.88 rows=1 width=4) (actual time=0.006..0.009 rows=1 loops=1)
                                                  Filter: ((role)::text = 'actress'::text)
                                                  Rows Removed by Filter: 11
                                            ->  Index Scan using role_id_cast_info on cast_info ci  (cost=0.56..133251.31 rows=74795 width=16) (actual time=0.115..1201.247 rows=276166 loops=1)
                                                  Index Cond: (role_id = rt.id)
                                                  Filter: (note = ANY ('{(voice),"(voice: Japanese version)","(voice) (uncredited)","(voice: English version)"}'::text[]))
                                                  Rows Removed by Filter: 7175807
                                      ->  Hash  (cost=118130.38..118130.38 rows=50011 width=19) (actual time=626.121..626.121 rows=50011 loops=1)
                                            Buckets: 65536  Batches: 1  Memory Usage: 3135kB
                                            ->  Seq Scan on name n  (cost=0.00..118130.38 rows=50011 width=19) (actual time=253.323..615.835 rows=50011 loops=1)
                                                  Filter: ((name ~~ '%An%'::text) AND ((gender)::text = 'f'::text))
                                                  Rows Removed by Filter: 4117480
                                ->  Index Scan using person_id_aka_name on aka_name an  (cost=0.42..0.52 rows=2 width=20) (actual time=0.001..0.002 rows=1 loops=6552)
                                      Index Cond: (person_id = ci.person_id)
                          ->  Index Scan using title_pkey on title t  (cost=0.43..0.65 rows=1 width=21) (actual time=0.002..0.002 rows=1 loops=8204)
                                Index Cond: (id = ci.movie_id)
                    ->  Index Scan using movie_id_movie_companies on movie_companies mc  (cost=0.43..0.56 rows=5 width=8) (actual time=0.002..0.002 rows=2 loops=8204)
                          Index Cond: (movie_id = t.id)
              ->  Index Scan using company_name_pkey on company_name cn  (cost=0.42..0.45 rows=1 width=4) (actual time=0.002..0.002 rows=0 loops=19561)
                    Index Cond: (id = mc.company_id)
                    Filter: ((country_code)::text = '[us]'::text)
                    Rows Removed by Filter: 1
        ->  Index Scan using char_name_pkey on char_name chn  (cost=0.43..0.67 rows=1 width=20) (actual time=0.001..0.001 rows=1 loops=8514)
              Index Cond: (id = ci.person_role_id)
Planning time: 3.525 ms
Execution time: 1987.657 ms
