Aggregate  (cost=272538.41..272538.42 rows=1 width=128) (actual time=1881.753..1881.753 rows=1 loops=1)
  ->  Nested Loop  (cost=118758.21..272538.30 rows=11 width=64) (actual time=633.312..1878.404 rows=8144 loops=1)
        Join Filter: (ci.movie_id = t.id)
        ->  Nested Loop  (cost=118757.78..272532.48 rows=11 width=55) (actual time=633.302..1864.339 rows=8144 loops=1)
              Join Filter: (n.id = an.person_id)
              ->  Nested Loop  (cost=118757.36..270060.54 rows=4503 width=47) (actual time=623.553..1854.194 rows=4503 loops=1)
                    ->  Nested Loop  (cost=118756.94..264539.04 rows=12383 width=51) (actual time=623.534..1824.828 rows=12383 loops=1)
                          ->  Nested Loop  (cost=118756.51..260631.94 rows=5686 width=43) (actual time=623.525..1806.735 rows=5686 loops=1)
                                ->  Hash Join  (cost=118756.08..256260.24 rows=6552 width=31) (actual time=623.513..1792.350 rows=6552 loops=1)
                                      Hash Cond: (ci.person_id = n.id)
                                      ->  Nested Loop  (cost=0.56..134018.14 rows=276166 width=12) (actual time=0.115..1145.671 rows=276166 loops=1)
                                            ->  Seq Scan on role_type rt  (cost=0.00..18.88 rows=1 width=4) (actual time=0.007..0.010 rows=1 loops=1)
                                                  Filter: ((role)::text = 'actress'::text)
                                                  Rows Removed by Filter: 11
                                            ->  Index Scan using role_id_cast_info on cast_info ci  (cost=0.56..133251.31 rows=74795 width=16) (actual time=0.107..1119.713 rows=276166 loops=1)
                                                  Index Cond: (role_id = rt.id)
                                                  Filter: (note = ANY ('{(voice),"(voice: Japanese version)","(voice) (uncredited)","(voice: English version)"}'::text[]))
                                                  Rows Removed by Filter: 7175807
                                      ->  Hash  (cost=118130.38..118130.38 rows=50011 width=19) (actual time=619.482..619.482 rows=50011 loops=1)
                                            Buckets: 65536  Batches: 1  Memory Usage: 3135kB
                                            ->  Seq Scan on name n  (cost=0.00..118130.38 rows=50011 width=19) (actual time=250.910..609.271 rows=50011 loops=1)
                                                  Filter: ((name ~~ '%An%'::text) AND ((gender)::text = 'f'::text))
                                                  Rows Removed by Filter: 4117480
                                ->  Index Scan using char_name_pkey on char_name chn  (cost=0.43..0.67 rows=1 width=20) (actual time=0.002..0.002 rows=1 loops=6552)
                                      Index Cond: (id = ci.person_role_id)
                          ->  Index Scan using movie_id_movie_companies on movie_companies mc  (cost=0.43..0.64 rows=5 width=8) (actual time=0.002..0.003 rows=2 loops=5686)
                                Index Cond: (movie_id = ci.movie_id)
                    ->  Index Scan using company_name_pkey on company_name cn  (cost=0.42..0.45 rows=1 width=4) (actual time=0.002..0.002 rows=0 loops=12383)
                          Index Cond: (id = mc.company_id)
                          Filter: ((country_code)::text = '[us]'::text)
                          Rows Removed by Filter: 1
              ->  Index Scan using person_id_aka_name on aka_name an  (cost=0.42..0.52 rows=2 width=20) (actual time=0.001..0.002 rows=2 loops=4503)
                    Index Cond: (person_id = ci.person_id)
        ->  Index Scan using title_pkey on title t  (cost=0.43..0.52 rows=1 width=21) (actual time=0.001..0.001 rows=1 loops=8144)
              Index Cond: (id = mc.movie_id)
Planning time: 3.537 ms
Execution time: 1881.839 ms
