Aggregate  (cost=738774.04..738774.05 rows=1 width=128) (actual time=4520.814..4520.814 rows=1 loops=1)
  ->  Nested Loop  (cost=3.13..738762.46 rows=1158 width=64) (actual time=0.434..4364.794 rows=483082 loops=1)
        ->  Nested Loop  (cost=2.71..738499.31 rows=489 width=56) (actual time=0.428..3998.063 rows=173567 loops=1)
              Join Filter: (ci.movie_id = t.id)
              ->  Nested Loop  (cost=2.27..738240.65 rows=489 width=47) (actual time=0.422..3619.100 rows=173567 loops=1)
                    ->  Nested Loop  (cost=1.85..737636.02 rows=1356 width=51) (actual time=0.134..2805.068 rows=426400 loops=1)
                          ->  Nested Loop  (cost=1.42..737284.34 rows=507 width=43) (actual time=0.129..2180.612 rows=255493 loops=1)
                                ->  Nested Loop  (cost=0.99..736563.73 rows=1061 width=31) (actual time=0.123..1641.078 rows=276005 loops=1)
                                      ->  Nested Loop  (cost=0.56..732883.92 rows=4635 width=12) (actual time=0.116..1181.801 rows=276166 loops=1)
                                            ->  Seq Scan on role_type rt  (cost=0.00..18.88 rows=4 width=4) (actual time=0.006..0.009 rows=1 loops=1)
                                                  Filter: ((role)::text = 'actress'::text)
                                                  Rows Removed by Filter: 11
                                            ->  Index Scan using role_id_cast_info on cast_info ci  (cost=0.56..182468.31 rows=74795 width=16) (actual time=0.110..1154.268 rows=276166 loops=1)
                                                  Index Cond: (role_id = rt.id)
                                                  Filter: (note = ANY ('{(voice),"(voice: Japanese version)","(voice) (uncredited)","(voice: English version)"}'::text[]))
                                                  Rows Removed by Filter: 7175807
                                      ->  Index Scan using name_pkey on name n  (cost=0.43..0.79 rows=1 width=19) (actual time=0.001..0.001 rows=1 loops=276166)
                                            Index Cond: (id = ci.person_id)
                                            Filter: ((gender)::text = 'f'::text)
                                            Rows Removed by Filter: 0
                                ->  Index Scan using char_name_pkey on char_name chn  (cost=0.43..0.68 rows=1 width=20) (actual time=0.002..0.002 rows=1 loops=276005)
                                      Index Cond: (id = ci.person_role_id)
                          ->  Index Scan using movie_id_movie_companies on movie_companies mc  (cost=0.43..0.64 rows=5 width=8) (actual time=0.002..0.002 rows=2 loops=255493)
                                Index Cond: (movie_id = ci.movie_id)
                    ->  Index Scan using company_name_pkey on company_name cn  (cost=0.42..0.45 rows=1 width=4) (actual time=0.002..0.002 rows=0 loops=426400)
                          Index Cond: (id = mc.company_id)
                          Filter: ((country_code)::text = '[us]'::text)
                          Rows Removed by Filter: 1
              ->  Index Scan using title_pkey on title t  (cost=0.43..0.52 rows=1 width=21) (actual time=0.002..0.002 rows=1 loops=173567)
                    Index Cond: (id = mc.movie_id)
        ->  Index Scan using person_id_aka_name on aka_name an  (cost=0.42..0.52 rows=2 width=20) (actual time=0.001..0.002 rows=3 loops=173567)
              Index Cond: (person_id = n.id)
Planning time: 3.390 ms
Execution time: 4520.875 ms
