Aggregate  (cost=217382.52..217382.53 rows=1 width=128) (actual time=6618.095..6618.095 rows=1 loops=1)
  ->  Nested Loop  (cost=31678.92..217379.81 rows=271 width=64) (actual time=311.737..6440.368 rows=483082 loops=1)
        Join Filter: (ci.movie_id = t.id)
        ->  Nested Loop  (cost=31678.49..217236.45 rows=271 width=55) (actual time=311.724..5667.102 rows=483082 loops=1)
              ->  Nested Loop  (cost=31678.07..216902.03 rows=750 width=59) (actual time=311.697..4188.313 rows=909946 loops=1)
                    ->  Nested Loop  (cost=31677.64..216708.95 rows=281 width=51) (actual time=311.683..3220.154 rows=482841 loops=1)
                          ->  Nested Loop  (cost=31677.21..216317.28 rows=587 width=39) (actual time=311.669..2433.090 rows=503022 loops=1)
                                ->  Hash Join  (cost=31676.78..214341.90 rows=2545 width=32) (actual time=311.651..1656.717 rows=503508 loops=1)
                                      Hash Cond: (ci.person_id = an.person_id)
                                      ->  Nested Loop  (cost=0.56..134018.14 rows=276166 width=12) (actual time=0.126..1241.635 rows=276166 loops=1)
                                            ->  Seq Scan on role_type rt  (cost=0.00..18.88 rows=1 width=4) (actual time=0.006..0.008 rows=1 loops=1)
                                                  Filter: ((role)::text = 'actress'::text)
                                                  Rows Removed by Filter: 11
                                            ->  Index Scan using role_id_cast_info on cast_info ci  (cost=0.56..133251.31 rows=74795 width=16) (actual time=0.119..1213.837 rows=276166 loops=1)
                                                  Index Cond: (role_id = rt.id)
                                                  Filter: (note = ANY ('{(voice),"(voice: Japanese version)","(voice) (uncredited)","(voice: English version)"}'::text[]))
                                                  Rows Removed by Filter: 7175807
                                      ->  Hash  (cost=20409.43..20409.43 rows=901343 width=20) (actual time=309.353..309.353 rows=901343 loops=1)
                                            Buckets: 1048576  Batches: 1  Memory Usage: 55917kB
                                            ->  Seq Scan on aka_name an  (cost=0.00..20409.43 rows=901343 width=20) (actual time=0.006..126.835 rows=901343 loops=1)
                                ->  Index Scan using name_pkey on name n  (cost=0.43..0.78 rows=1 width=19) (actual time=0.001..0.001 rows=1 loops=503508)
                                      Index Cond: (id = ci.person_id)
                                      Filter: ((gender)::text = 'f'::text)
                                      Rows Removed by Filter: 0
                          ->  Index Scan using char_name_pkey on char_name chn  (cost=0.43..0.67 rows=1 width=20) (actual time=0.001..0.001 rows=1 loops=503022)
                                Index Cond: (id = ci.person_role_id)
                    ->  Index Scan using movie_id_movie_companies on movie_companies mc  (cost=0.43..0.64 rows=5 width=8) (actual time=0.001..0.002 rows=2 loops=482841)
                          Index Cond: (movie_id = ci.movie_id)
              ->  Index Scan using company_name_pkey on company_name cn  (cost=0.42..0.45 rows=1 width=4) (actual time=0.001..0.001 rows=1 loops=909946)
                    Index Cond: (id = mc.company_id)
                    Filter: ((country_code)::text = '[us]'::text)
                    Rows Removed by Filter: 0
        ->  Index Scan using title_pkey on title t  (cost=0.43..0.52 rows=1 width=21) (actual time=0.001..0.001 rows=1 loops=483082)
              Index Cond: (id = mc.movie_id)
Planning time: 3.528 ms
Execution time: 6618.386 ms
