Aggregate  (cost=286584.99..286585.00 rows=1 width=128) (actual time=6803.500..6803.500 rows=1 loops=1)
  ->  Nested Loop  (cost=260686.75..286579.56 rows=543 width=64) (actual time=2066.543..6612.519 rows=483082 loops=1)
        ->  Nested Loop  (cost=260686.32..286299.33 rows=420 width=52) (actual time=2066.530..5817.791 rows=505134 loops=1)
              Join Filter: (ci.movie_id = t.id)
              ->  Nested Loop  (cost=260685.89..286077.16 rows=420 width=43) (actual time=2066.516..4938.894 rows=505134 loops=1)
                    ->  Nested Loop  (cost=260685.47..285558.58 rows=1163 width=47) (actual time=2066.477..3389.209 rows=960723 loops=1)
                          ->  Hash Join  (cost=260685.04..285071.40 rows=709 width=39) (actual time=2066.458..2354.411 rows=503022 loops=1)
                                Hash Cond: (an.person_id = n.id)
                                ->  Seq Scan on aka_name an  (cost=0.00..20409.43 rows=901343 width=20) (actual time=0.006..78.498 rows=901343 loops=1)
                                ->  Hash  (cost=257234.98..257234.98 rows=276005 width=31) (actual time=2065.224..2065.224 rows=276005 loops=1)
                                      Buckets: 524288  Batches: 1  Memory Usage: 21476kB
                                      ->  Hash Join  (cost=119730.82..257234.98 rows=276005 width=31) (actual time=726.408..2010.135 rows=276005 loops=1)
                                            Hash Cond: (ci.person_id = n.id)
                                            ->  Nested Loop  (cost=0.56..134018.14 rows=276166 width=12) (actual time=0.117..1221.674 rows=276166 loops=1)
                                                  ->  Seq Scan on role_type rt  (cost=0.00..18.88 rows=1 width=4) (actual time=0.004..0.007 rows=1 loops=1)
                                                        Filter: ((role)::text = 'actress'::text)
                                                        Rows Removed by Filter: 11
                                                  ->  Index Scan using role_id_cast_info on cast_info ci  (cost=0.56..133251.31 rows=74795 width=16) (actual time=0.112..1193.975 rows=276166 loops=1)
                                                        Index Cond: (role_id = rt.id)
                                                        Filter: (note = ANY ('{(voice),"(voice: Japanese version)","(voice) (uncredited)","(voice: English version)"}'::text[]))
                                                        Rows Removed by Filter: 7175807
                                            ->  Hash  (cost=107710.81..107710.81 rows=961555 width=19) (actual time=724.265..724.265 rows=961555 loops=1)
                                                  Buckets: 1048576  Batches: 1  Memory Usage: 58170kB
                                                  ->  Seq Scan on name n  (cost=0.00..107710.81 rows=961555 width=19) (actual time=193.676..504.669 rows=961555 loops=1)
                                                        Filter: ((gender)::text = 'f'::text)
                                                        Rows Removed by Filter: 3205936
                          ->  Index Scan using movie_id_movie_companies on movie_companies mc  (cost=0.43..0.64 rows=5 width=8) (actual time=0.001..0.002 rows=2 loops=503022)
                                Index Cond: (movie_id = ci.movie_id)
                    ->  Index Scan using company_name_pkey on company_name cn  (cost=0.42..0.45 rows=1 width=4) (actual time=0.001..0.001 rows=1 loops=960723)
                          Index Cond: (id = mc.company_id)
                          Filter: ((country_code)::text = '[us]'::text)
                          Rows Removed by Filter: 0
              ->  Index Scan using title_pkey on title t  (cost=0.43..0.52 rows=1 width=21) (actual time=0.001..0.001 rows=1 loops=505134)
                    Index Cond: (id = mc.movie_id)
        ->  Index Scan using char_name_pkey on char_name chn  (cost=0.43..0.67 rows=1 width=20) (actual time=0.001..0.001 rows=1 loops=505134)
              Index Cond: (id = ci.person_role_id)
Planning time: 3.523 ms
Execution time: 6803.912 ms
