Aggregate  (cost=358188.76..358188.77 rows=1 width=128) (actual time=5138.557..5138.557 rows=1 loops=1)
  ->  Nested Loop  (cost=130914.99..358184.76 rows=400 width=64) (actual time=1239.038..4944.329 rows=483082 loops=1)
        Join Filter: (ci.movie_id = t.id)
        ->  Nested Loop  (cost=130914.56..357973.17 rows=400 width=55) (actual time=1239.022..4182.439 rows=483082 loops=1)
              ->  Nested Loop  (cost=130914.13..357553.48 rows=629 width=43) (actual time=1239.009..3431.385 rows=505134 loops=1)
                    ->  Hash Join  (cost=130913.70..355437.61 rows=2726 width=36) (actual time=1238.987..2668.491 rows=505250 loops=1)
                          Hash Cond: (ci.person_id = an.person_id)
                          ->  Hash Join  (cost=99237.49..290370.84 rows=189554 width=16) (actual time=920.050..2257.204 rows=189554 loops=1)
                                Hash Cond: (ci.movie_id = mc.movie_id)
                                ->  Nested Loop  (cost=0.56..134018.14 rows=276166 width=12) (actual time=0.138..1242.487 rows=276166 loops=1)
                                      ->  Seq Scan on role_type rt  (cost=0.00..18.88 rows=1 width=4) (actual time=0.008..0.011 rows=1 loops=1)
                                            Filter: ((role)::text = 'actress'::text)
                                            Rows Removed by Filter: 11
                                      ->  Index Scan using role_id_cast_info on cast_info ci  (cost=0.56..133251.31 rows=74795 width=16) (actual time=0.126..1215.434 rows=276166 loops=1)
                                            Index Cond: (role_id = rt.id)
                                            Filter: (note = ANY ('{(voice),"(voice: Japanese version)","(voice) (uncredited)","(voice: English version)"}'::text[]))
                                            Rows Removed by Filter: 7175807
                                ->  Hash  (cost=84814.45..84814.45 rows=1153798 width=4) (actual time=915.213..915.213 rows=1153798 loops=1)
                                      Buckets: 2097152  Batches: 1  Memory Usage: 56948kB
                                      ->  Hash Join  (cost=6993.00..84814.45 rows=1153798 width=4) (actual time=47.035..700.793 rows=1153798 loops=1)
                                            Hash Cond: (mc.company_id = cn.id)
                                            ->  Seq Scan on movie_companies mc  (cost=0.00..44881.29 rows=2609129 width=8) (actual time=0.008..217.289 rows=2609129 loops=1)
                                            ->  Hash  (cost=5932.46..5932.46 rows=84843 width=4) (actual time=46.481..46.481 rows=84843 loops=1)
                                                  Buckets: 131072  Batches: 1  Memory Usage: 4007kB
                                                  ->  Seq Scan on company_name cn  (cost=0.00..5932.46 rows=84843 width=4) (actual time=0.007..33.390 rows=84843 loops=1)
                                                        Filter: ((country_code)::text = '[us]'::text)
                                                        Rows Removed by Filter: 150154
                          ->  Hash  (cost=20409.43..20409.43 rows=901343 width=20) (actual time=316.882..316.882 rows=901343 loops=1)
                                Buckets: 1048576  Batches: 1  Memory Usage: 55917kB
                                ->  Seq Scan on aka_name an  (cost=0.00..20409.43 rows=901343 width=20) (actual time=0.008..130.397 rows=901343 loops=1)
                    ->  Index Scan using name_pkey on name n  (cost=0.43..0.78 rows=1 width=19) (actual time=0.001..0.001 rows=1 loops=505250)
                          Index Cond: (id = ci.person_id)
                          Filter: ((gender)::text = 'f'::text)
                          Rows Removed by Filter: 0
              ->  Index Scan using char_name_pkey on char_name chn  (cost=0.43..0.67 rows=1 width=20) (actual time=0.001..0.001 rows=1 loops=505134)
                    Index Cond: (id = ci.person_role_id)
        ->  Index Scan using title_pkey on title t  (cost=0.43..0.52 rows=1 width=21) (actual time=0.001..0.001 rows=1 loops=483082)
              Index Cond: (id = mc.movie_id)
Planning time: 3.435 ms
Execution time: 5139.051 ms
