Aggregate  (cost=439861.78..439861.79 rows=1 width=128) (actual time=5066.105..5066.105 rows=1 loops=1)
  ->  Nested Loop  (cost=414863.37..439855.75 rows=603 width=64) (actual time=3023.479..4880.272 rows=483082 loops=1)
        Join Filter: (ci.movie_id = t.id)
        ->  Nested Loop  (cost=414862.94..439536.78 rows=603 width=55) (actual time=3023.465..4099.570 rows=483082 loops=1)
              ->  Hash Join  (cost=414862.51..439061.71 rows=712 width=43) (actual time=3023.447..3315.063 rows=505134 loops=1)
                    Hash Cond: (an.person_id = n.id)
                    ->  Seq Scan on aka_name an  (cost=0.00..20409.43 rows=901343 width=20) (actual time=0.007..79.909 rows=901343 loops=1)
                    ->  Hash  (cost=412494.21..412494.21 rows=189464 width=35) (actual time=3022.788..3022.788 rows=189464 loops=1)
                          Buckets: 262144  Batches: 1  Memory Usage: 14727kB
                          ->  Hash Join  (cost=218967.74..412494.21 rows=189464 width=35) (actual time=1634.756..2982.395 rows=189464 loops=1)
                                Hash Cond: (ci.person_id = n.id)
                                ->  Hash Join  (cost=99237.49..290370.84 rows=189554 width=16) (actual time=908.607..2214.537 rows=189554 loops=1)
                                      Hash Cond: (ci.movie_id = mc.movie_id)
                                      ->  Nested Loop  (cost=0.56..134018.14 rows=276166 width=12) (actual time=0.116..1218.821 rows=276166 loops=1)
                                            ->  Seq Scan on role_type rt  (cost=0.00..18.88 rows=1 width=4) (actual time=0.004..0.007 rows=1 loops=1)
                                                  Filter: ((role)::text = 'actress'::text)
                                                  Rows Removed by Filter: 11
                                            ->  Index Scan using role_id_cast_info on cast_info ci  (cost=0.56..133251.31 rows=74795 width=16) (actual time=0.111..1192.074 rows=276166 loops=1)
                                                  Index Cond: (role_id = rt.id)
                                                  Filter: (note = ANY ('{(voice),"(voice: Japanese version)","(voice) (uncredited)","(voice: English version)"}'::text[]))
                                                  Rows Removed by Filter: 7175807
                                      ->  Hash  (cost=84814.45..84814.45 rows=1153798 width=4) (actual time=904.214..904.214 rows=1153798 loops=1)
                                            Buckets: 2097152  Batches: 1  Memory Usage: 56948kB
                                            ->  Hash Join  (cost=6993.00..84814.45 rows=1153798 width=4) (actual time=46.200..688.903 rows=1153798 loops=1)
                                                  Hash Cond: (mc.company_id = cn.id)
                                                  ->  Seq Scan on movie_companies mc  (cost=0.00..44881.29 rows=2609129 width=8) (actual time=0.005..216.157 rows=2609129 loops=1)
                                                  ->  Hash  (cost=5932.46..5932.46 rows=84843 width=4) (actual time=45.659..45.659 rows=84843 loops=1)
                                                        Buckets: 131072  Batches: 1  Memory Usage: 4007kB
                                                        ->  Seq Scan on company_name cn  (cost=0.00..5932.46 rows=84843 width=4) (actual time=0.006..32.895 rows=84843 loops=1)
                                                              Filter: ((country_code)::text = '[us]'::text)
                                                              Rows Removed by Filter: 150154
                                ->  Hash  (cost=107710.81..107710.81 rows=961555 width=19) (actual time=723.567..723.567 rows=961555 loops=1)
                                      Buckets: 1048576  Batches: 1  Memory Usage: 58170kB
                                      ->  Seq Scan on name n  (cost=0.00..107710.81 rows=961555 width=19) (actual time=194.030..506.419 rows=961555 loops=1)
                                            Filter: ((gender)::text = 'f'::text)
                                            Rows Removed by Filter: 3205936
              ->  Index Scan using char_name_pkey on char_name chn  (cost=0.43..0.67 rows=1 width=20) (actual time=0.001..0.001 rows=1 loops=505134)
                    Index Cond: (id = ci.person_role_id)
        ->  Index Scan using title_pkey on title t  (cost=0.43..0.52 rows=1 width=21) (actual time=0.001..0.001 rows=1 loops=483082)
              Index Cond: (id = mc.movie_id)
Planning time: 3.469 ms
Execution time: 5066.678 ms
