Aggregate  (cost=545343.81..545343.82 rows=1 width=128) (actual time=5547.317..5547.317 rows=1 loops=1)
  ->  Nested Loop  (cost=520812.91..545337.01 rows=680 width=64) (actual time=4362.034..5378.009 rows=483082 loops=1)
        Join Filter: (ci.movie_id = t.id)
        ->  Hash Join  (cost=520812.48..544977.31 rows=680 width=55) (actual time=4362.011..4638.302 rows=483082 loops=1)
              Hash Cond: (an.person_id = n.id)
              ->  Seq Scan on aka_name an  (cost=0.00..20409.43 rows=901343 width=20) (actual time=0.007..78.485 rows=901343 loops=1)
              ->  Hash  (cost=518642.89..518642.89 rows=173567 width=47) (actual time=4361.356..4361.356 rows=173567 loops=1)
                    Buckets: 262144  Batches: 1  Memory Usage: 15418kB
                    ->  Hash Join  (cost=326073.37..518642.89 rows=173567 width=47) (actual time=2885.768..4320.441 rows=173567 loops=1)
                          Hash Cond: (ci.person_id = n.id)
                          ->  Hash Join  (cost=206343.12..396720.22 rows=173657 width=28) (actual time=2146.286..3542.358 rows=173657 loops=1)
                                Hash Cond: (ci.movie_id = mc.movie_id)
                                ->  Hash Join  (cost=107106.20..244610.37 rows=255651 width=24) (actual time=1230.200..2542.317 rows=255651 loops=1)
                                      Hash Cond: (ci.person_role_id = chn.id)
                                      ->  Nested Loop  (cost=0.56..134018.14 rows=276166 width=12) (actual time=0.139..1239.930 rows=276166 loops=1)
                                            ->  Seq Scan on role_type rt  (cost=0.00..18.88 rows=1 width=4) (actual time=0.007..0.010 rows=1 loops=1)
                                                  Filter: ((role)::text = 'actress'::text)
                                                  Rows Removed by Filter: 11
                                            ->  Index Scan using role_id_cast_info on cast_info ci  (cost=0.56..133251.31 rows=74795 width=16) (actual time=0.128..1212.180 rows=276166 loops=1)
                                                  Index Cond: (role_id = rt.id)
                                                  Filter: (note = ANY ('{(voice),"(voice: Japanese version)","(voice) (uncredited)","(voice: English version)"}'::text[]))
                                                  Rows Removed by Filter: 7175807
                                      ->  Hash  (cost=67851.40..67851.40 rows=3140339 width=20) (actual time=1221.605..1221.605 rows=3140339 loops=1)
                                            Buckets: 4194304  Batches: 1  Memory Usage: 198037kB
                                            ->  Seq Scan on char_name chn  (cost=0.00..67851.40 rows=3140339 width=20) (actual time=0.009..434.748 rows=3140339 loops=1)
                                ->  Hash  (cost=84814.45..84814.45 rows=1153798 width=4) (actual time=911.340..911.340 rows=1153798 loops=1)
                                      Buckets: 2097152  Batches: 1  Memory Usage: 56948kB
                                      ->  Hash Join  (cost=6993.00..84814.45 rows=1153798 width=4) (actual time=46.507..693.143 rows=1153798 loops=1)
                                            Hash Cond: (mc.company_id = cn.id)
                                            ->  Seq Scan on movie_companies mc  (cost=0.00..44881.29 rows=2609129 width=8) (actual time=0.010..217.704 rows=2609129 loops=1)
                                            ->  Hash  (cost=5932.46..5932.46 rows=84843 width=4) (actual time=45.947..45.947 rows=84843 loops=1)
                                                  Buckets: 131072  Batches: 1  Memory Usage: 4007kB
                                                  ->  Seq Scan on company_name cn  (cost=0.00..5932.46 rows=84843 width=4) (actual time=0.009..33.024 rows=84843 loops=1)
                                                        Filter: ((country_code)::text = '[us]'::text)
                                                        Rows Removed by Filter: 150154
                          ->  Hash  (cost=107710.81..107710.81 rows=961555 width=19) (actual time=737.448..737.448 rows=961555 loops=1)
                                Buckets: 1048576  Batches: 1  Memory Usage: 58170kB
                                ->  Seq Scan on name n  (cost=0.00..107710.81 rows=961555 width=19) (actual time=195.590..513.049 rows=961555 loops=1)
                                      Filter: ((gender)::text = 'f'::text)
                                      Rows Removed by Filter: 3205936
        ->  Index Scan using title_pkey on title t  (cost=0.43..0.52 rows=1 width=21) (actual time=0.001..0.001 rows=1 loops=483082)
              Index Cond: (id = mc.movie_id)
Planning time: 3.470 ms
Execution time: 5548.815 ms
