Aggregate  (cost=605590.40..605590.41 rows=1 width=128) (actual time=6397.996..6397.996 rows=1 loops=1)
  ->  Hash Join  (cost=576595.02..600759.85 rows=483055 width=64) (actual time=5974.877..6255.106 rows=483082 loops=1)
        Hash Cond: (an.person_id = n.id)
        ->  Seq Scan on aka_name an  (cost=0.00..20409.43 rows=901343 width=20) (actual time=0.008..81.659 rows=901343 loops=1)
        ->  Hash  (cost=574425.43..574425.43 rows=173567 width=56) (actual time=5974.197..5974.197 rows=173567 loops=1)
              Buckets: 262144  Batches: 1  Memory Usage: 18048kB
              ->  Hash Join  (cost=433526.48..574425.43 rows=173567 width=56) (actual time=4464.858..5930.049 rows=173567 loops=1)
                    Hash Cond: (ci.person_id = n.id)
                    ->  Hash Join  (cost=313796.23..452502.77 rows=173657 width=37) (actual time=3719.458..5146.337 rows=173657 loops=1)
                          Hash Cond: (ci.person_role_id = chn.id)
                          ->  Hash Join  (cost=206690.60..343004.01 rows=189554 width=25) (actual time=2490.870..3868.547 rows=189554 loops=1)
                                Hash Cond: (ci.movie_id = t.id)
                                ->  Nested Loop  (cost=0.56..134018.14 rows=276166 width=12) (actual time=0.141..1275.468 rows=276166 loops=1)
                                      ->  Seq Scan on role_type rt  (cost=0.00..18.88 rows=1 width=4) (actual time=0.009..0.013 rows=1 loops=1)
                                            Filter: ((role)::text = 'actress'::text)
                                            Rows Removed by Filter: 11
                                      ->  Index Scan using role_id_cast_info on cast_info ci  (cost=0.56..133251.31 rows=74795 width=16) (actual time=0.128..1247.855 rows=276166 loops=1)
                                            Index Cond: (role_id = rt.id)
                                            Filter: (note = ANY ('{(voice),"(voice: Japanese version)","(voice) (uncredited)","(voice: English version)"}'::text[]))
                                            Rows Removed by Filter: 7175807
                                ->  Hash  (cost=192267.56..192267.56 rows=1153798 width=25) (actual time=2486.021..2486.021 rows=1153798 loops=1)
                                      Buckets: 2097152  Batches: 1  Memory Usage: 84892kB
                                      ->  Hash Join  (cost=99879.41..192267.56 rows=1153798 width=25) (actual time=1057.348..2207.253 rows=1153798 loops=1)
                                            Hash Cond: (mc.movie_id = t.id)
                                            ->  Hash Join  (cost=6993.00..84814.45 rows=1153798 width=4) (actual time=46.907..782.121 rows=1153798 loops=1)
                                                  Hash Cond: (mc.company_id = cn.id)
                                                  ->  Seq Scan on movie_companies mc  (cost=0.00..44881.29 rows=2609129 width=8) (actual time=0.009..233.063 rows=2609129 loops=1)
                                                  ->  Hash  (cost=5932.46..5932.46 rows=84843 width=4) (actual time=46.345..46.345 rows=84843 loops=1)
                                                        Buckets: 131072  Batches: 1  Memory Usage: 4007kB
                                                        ->  Seq Scan on company_name cn  (cost=0.00..5932.46 rows=84843 width=4) (actual time=0.007..33.252 rows=84843 loops=1)
                                                              Filter: ((country_code)::text = '[us]'::text)
                                                              Rows Removed by Filter: 150154
                                            ->  Hash  (cost=61282.51..61282.51 rows=2528312 width=21) (actual time=1001.991..1001.991 rows=2528312 loops=1)
                                                  Buckets: 4194304  Batches: 1  Memory Usage: 168637kB
                                                  ->  Seq Scan on title t  (cost=0.00..61282.51 rows=2528312 width=21) (actual time=0.010..357.632 rows=2528312 loops=1)
                          ->  Hash  (cost=67851.40..67851.40 rows=3140339 width=20) (actual time=1220.104..1220.104 rows=3140339 loops=1)
                                Buckets: 4194304  Batches: 1  Memory Usage: 198037kB
                                ->  Seq Scan on char_name chn  (cost=0.00..67851.40 rows=3140339 width=20) (actual time=0.012..431.319 rows=3140339 loops=1)
                    ->  Hash  (cost=107710.81..107710.81 rows=961555 width=19) (actual time=743.422..743.422 rows=961555 loops=1)
                          Buckets: 1048576  Batches: 1  Memory Usage: 58170kB
                          ->  Seq Scan on name n  (cost=0.00..107710.81 rows=961555 width=19) (actual time=194.062..506.595 rows=961555 loops=1)
                                Filter: ((gender)::text = 'f'::text)
                                Rows Removed by Filter: 3205936
Planning time: 3.586 ms
Execution time: 6400.446 ms
