Aggregate  (cost=57820.17..57820.18 rows=1 width=64) (actual time=785.836..785.836 rows=1 loops=1)
  ->  Nested Loop  (cost=1.85..57820.16 rows=2 width=33) (actual time=4.622..785.595 rows=104 loops=1)
        Join Filter: (mc.company_type_id = ct.id)
        Rows Removed by Join Filter: 312
        ->  Seq Scan on company_type ct  (cost=0.00..1.04 rows=4 width=4) (actual time=0.005..0.006 rows=4 loops=1)
        ->  Materialize  (cost=1.85..57819.01 rows=2 width=37) (actual time=1.154..196.376 rows=104 loops=4)
              ->  Nested Loop  (cost=1.85..57819.00 rows=2 width=37) (actual time=4.614..785.339 rows=104 loops=1)
                    ->  Nested Loop  (cost=1.42..57796.65 rows=4 width=25) (actual time=4.596..783.819 rows=112 loops=1)
                          Join Filter: (ci.role_id = rt.id)
                          Rows Removed by Join Filter: 39
                          ->  Seq Scan on role_type rt  (cost=0.00..1.15 rows=1 width=4) (actual time=0.003..0.006 rows=1 loops=1)
                                Filter: ((role)::text = 'actor'::text)
                                Rows Removed by Filter: 11
                          ->  Nested Loop  (cost=1.42..57794.92 rows=46 width=29) (actual time=4.592..783.753 rows=151 loops=1)
                                Join Filter: (t.id = ci.movie_id)
                                ->  Nested Loop  (cost=0.86..55006.16 rows=1414 width=29) (actual time=0.157..179.709 rows=4539 loops=1)
                                      ->  Nested Loop  (cost=0.43..53172.63 rows=3533 width=8) (actual time=0.031..90.973 rows=8790 loops=1)
                                            ->  Seq Scan on company_name cn  (cost=0.00..5932.46 rows=240 width=4) (actual time=0.017..45.744 rows=1361 loops=1)
                                                  Filter: ((country_code)::text = '[ru]'::text)
                                                  Rows Removed by Filter: 233636
                                            ->  Index Scan using company_id_movie_companies on movie_companies mc  (cost=0.43..195.49 rows=134 width=12) (actual time=0.011..0.031 rows=6 loops=1361)
                                                  Index Cond: (company_id = cn.id)
                                      ->  Index Scan using title_pkey on title t  (cost=0.43..0.52 rows=1 width=21) (actual time=0.010..0.010 rows=1 loops=8790)
                                            Index Cond: (id = mc.movie_id)
                                            Filter: (production_year > 2005)
                                            Rows Removed by Filter: 0
                                ->  Index Scan using movie_id_cast_info on cast_info ci  (cost=0.56..1.96 rows=1 width=12) (actual time=0.125..0.133 rows=0 loops=4539)
                                      Index Cond: (movie_id = mc.movie_id)
                                      Filter: ((note ~~ '%(voice)%'::text) AND (note ~~ '%(uncredited)%'::text))
                                      Rows Removed by Filter: 50
                    ->  Index Scan using char_name_pkey on char_name chn  (cost=0.43..5.59 rows=1 width=20) (actual time=0.012..0.012 rows=1 loops=112)
                          Index Cond: (id = ci.person_role_id)
Planning time: 3.003 ms
Execution time: 785.919 ms
