Aggregate  (cost=55784.18..55784.19 rows=1 width=64) (actual time=144.864..144.864 rows=1 loops=1)
  ->  Nested Loop  (cost=1.85..55784.18 rows=1 width=33) (actual time=144.860..144.860 rows=0 loops=1)
        ->  Nested Loop  (cost=1.42..55752.87 rows=54 width=21) (actual time=144.860..144.860 rows=0 loops=1)
              Join Filter: (mc.company_type_id = ct.id)
              ->  Nested Loop  (cost=1.42..55742.99 rows=173 width=25) (actual time=144.859..144.859 rows=0 loops=1)
                    Join Filter: (ci.role_id = rt.id)
                    Rows Removed by Join Filter: 2614
                    ->  Seq Scan on role_type rt  (cost=0.00..1.15 rows=1 width=4) (actual time=0.006..0.009 rows=1 loops=1)
                          Filter: ((role)::text = 'actor'::text)
                          Rows Removed by Filter: 11
                    ->  Nested Loop  (cost=1.42..55736.41 rows=434 width=29) (actual time=2.425..144.521 rows=2614 loops=1)
                          Join Filter: (t.id = ci.movie_id)
                          ->  Nested Loop  (cost=0.86..55006.16 rows=389 width=29) (actual time=2.406..90.110 rows=1259 loops=1)
                                ->  Nested Loop  (cost=0.43..53172.63 rows=3533 width=8) (actual time=0.027..55.449 rows=8790 loops=1)
                                      ->  Seq Scan on company_name cn  (cost=0.00..5932.46 rows=240 width=4) (actual time=0.014..41.184 rows=1361 loops=1)
                                            Filter: ((country_code)::text = '[ru]'::text)
                                            Rows Removed by Filter: 233636
                                      ->  Index Scan using company_id_movie_companies on movie_companies mc  (cost=0.43..195.49 rows=134 width=12) (actual time=0.004..0.009 rows=6 loops=1361)
                                            Index Cond: (company_id = cn.id)
                                ->  Index Scan using title_pkey on title t  (cost=0.43..0.52 rows=1 width=21) (actual time=0.004..0.004 rows=0 loops=8790)
                                      Index Cond: (id = mc.movie_id)
                                      Filter: (production_year > 2010)
                                      Rows Removed by Filter: 1
                          ->  Index Scan using movie_id_cast_info on cast_info ci  (cost=0.56..1.86 rows=1 width=12) (actual time=0.024..0.042 rows=2 loops=1259)
                                Index Cond: (movie_id = mc.movie_id)
                                Filter: (note ~~ '%(producer)%'::text)
                                Rows Removed by Filter: 44
              ->  Materialize  (cost=0.00..1.06 rows=4 width=4) (never executed)
                    ->  Seq Scan on company_type ct  (cost=0.00..1.04 rows=4 width=4) (never executed)
        ->  Index Scan using char_name_pkey on char_name chn  (cost=0.43..0.58 rows=1 width=20) (never executed)
              Index Cond: (id = ci.person_role_id)
Planning time: 2.562 ms
Execution time: 144.935 ms
