Aggregate  (cost=831305.13..831305.14 rows=1 width=64) (actual time=7533.013..7533.014 rows=1 loops=1)
  ->  Hash Join  (cost=107109.02..831304.82 rows=63 width=33) (actual time=1875.090..7532.959 rows=10 loops=1)
        Hash Cond: (ci.role_id = rt.id)
        ->  Hash Join  (cost=107107.75..831302.80 rows=63 width=37) (actual time=1875.069..7532.930 rows=10 loops=1)
              Hash Cond: (mc.company_type_id = ct.id)
              ->  Nested Loop  (cost=107106.66..831301.05 rows=63 width=41) (actual time=1875.058..7532.910 rows=10 loops=1)
                    ->  Nested Loop  (cost=107106.24..831223.47 rows=174 width=45) (actual time=1875.036..7532.722 rows=23 loops=1)
                          ->  Nested Loop  (cost=107105.81..831183.34 rows=64 width=45) (actual time=1875.022..7532.567 rows=12 loops=1)
                                ->  Hash Join  (cost=107105.38..831129.88 rows=93 width=24) (actual time=1874.990..7532.277 rows=15 loops=1)
                                      Hash Cond: (ci.person_role_id = chn.id)
                                      ->  Seq Scan on cast_info ci  (cost=0.00..705831.05 rows=1441065 width=12) (actual time=364.198..5929.173 rows=1435439 loops=1)
                                            Filter: (note ~~ '%(producer)%'::text)
                                            Rows Removed by Filter: 34808905
                                      ->  Hash  (cost=67851.28..67851.28 rows=3140328 width=20) (actual time=1499.668..1499.668 rows=3140339 loops=1)
                                            Buckets: 4194304  Batches: 1  Memory Usage: 198037kB
                                            ->  Seq Scan on char_name chn  (cost=0.00..67851.28 rows=3140328 width=20) (actual time=0.029..570.671 rows=3140339 loops=1)
                                ->  Index Scan using title_pkey on title t  (cost=0.43..0.57 rows=1 width=21) (actual time=0.015..0.015 rows=1 loops=15)
                                      Index Cond: (id = ci.movie_id)
                                      Filter: (production_year > 1990)
                                      Rows Removed by Filter: 0
                          ->  Index Scan using movie_id_movie_companies on movie_companies mc  (cost=0.43..0.58 rows=5 width=12) (actual time=0.009..0.011 rows=2 loops=12)
                                Index Cond: (movie_id = t.id)
                    ->  Index Scan using company_name_pkey on company_name cn  (cost=0.42..0.45 rows=1 width=4) (actual time=0.007..0.007 rows=0 loops=23)
                          Index Cond: (id = mc.company_id)
                          Filter: ((country_code)::text = '[us]'::text)
                          Rows Removed by Filter: 1
              ->  Hash  (cost=1.04..1.04 rows=4 width=4) (actual time=0.004..0.004 rows=4 loops=1)
                    Buckets: 1024  Batches: 1  Memory Usage: 9kB
                    ->  Seq Scan on company_type ct  (cost=0.00..1.04 rows=4 width=4) (actual time=0.002..0.003 rows=4 loops=1)
        ->  Hash  (cost=1.12..1.12 rows=12 width=4) (actual time=0.013..0.013 rows=12 loops=1)
              Buckets: 1024  Batches: 1  Memory Usage: 9kB
              ->  Seq Scan on role_type rt  (cost=0.00..1.12 rows=12 width=4) (actual time=0.006..0.009 rows=12 loops=1)
Planning time: 2.931 ms
Execution time: 7534.242 ms
