Aggregate  (cost=831303.62..831303.63 rows=1 width=64) (actual time=7516.001..7516.001 rows=1 loops=1)
  ->  Hash Join  (cost=107109.02..831303.24 rows=76 width=33) (actual time=1869.626..7515.954 rows=10 loops=1)
        Hash Cond: (ci.role_id = rt.id)
        ->  Hash Join  (cost=107107.75..831301.07 rows=76 width=37) (actual time=1869.603..7515.923 rows=10 loops=1)
              Hash Cond: (mc.company_type_id = ct.id)
              ->  Nested Loop  (cost=107106.66..831299.19 rows=76 width=41) (actual time=1869.593..7515.904 rows=10 loops=1)
                    ->  Nested Loop  (cost=107106.24..831224.72 rows=167 width=45) (actual time=1869.570..7515.710 rows=23 loops=1)
                          ->  Nested Loop  (cost=107105.81..831183.34 rows=66 width=45) (actual time=1869.557..7515.553 rows=12 loops=1)
                                ->  Hash Join  (cost=107105.38..831129.88 rows=93 width=24) (actual time=1869.527..7515.269 rows=15 loops=1)
                                      Hash Cond: (ci.person_role_id = chn.id)
                                      ->  Seq Scan on cast_info ci  (cost=0.00..705831.05 rows=1441065 width=12) (actual time=364.288..5917.567 rows=1435439 loops=1)
                                            Filter: (note ~~ '%(producer)%'::text)
                                            Rows Removed by Filter: 34808905
                                      ->  Hash  (cost=67851.28..67851.28 rows=3140328 width=20) (actual time=1494.385..1494.385 rows=3140339 loops=1)
                                            Buckets: 4194304  Batches: 1  Memory Usage: 198037kB
                                            ->  Seq Scan on char_name chn  (cost=0.00..67851.28 rows=3140328 width=20) (actual time=0.033..564.302 rows=3140339 loops=1)
                                ->  Index Scan using title_pkey on title t  (cost=0.43..0.57 rows=1 width=21) (actual time=0.015..0.015 rows=1 loops=15)
                                      Index Cond: (id = ci.movie_id)
                                      Filter: (production_year > 1990)
                                      Rows Removed by Filter: 0
                          ->  Index Scan using movie_id_movie_companies on movie_companies mc  (cost=0.43..0.58 rows=5 width=12) (actual time=0.009..0.011 rows=2 loops=12)
                                Index Cond: (movie_id = t.id)
                    ->  Index Scan using company_name_pkey on company_name cn  (cost=0.42..0.45 rows=1 width=4) (actual time=0.007..0.007 rows=0 loops=23)
                          Index Cond: (id = mc.company_id)
                          Filter: ((country_code)::text = '[us]'::text)
                          Rows Removed by Filter: 1
              ->  Hash  (cost=1.04..1.04 rows=4 width=4) (actual time=0.004..0.004 rows=4 loops=1)
                    Buckets: 1024  Batches: 1  Memory Usage: 9kB
                    ->  Seq Scan on company_type ct  (cost=0.00..1.04 rows=4 width=4) (actual time=0.001..0.003 rows=4 loops=1)
        ->  Hash  (cost=1.12..1.12 rows=12 width=4) (actual time=0.012..0.012 rows=12 loops=1)
              Buckets: 1024  Batches: 1  Memory Usage: 9kB
              ->  Seq Scan on role_type rt  (cost=0.00..1.12 rows=12 width=4) (actual time=0.005..0.008 rows=12 loops=1)
Planning time: 2.895 ms
Execution time: 7517.214 ms
