Aggregate  (cost=16365.16..16365.17 rows=1 width=96) (actual time=209.506..209.507 rows=1 loops=1)
  ->  Nested Loop  (cost=13826.42..16365.13 rows=4 width=60) (actual time=149.845..202.248 rows=6946 loops=1)
        Join Filter: (ml.movie_id = t.id)
        ->  Nested Loop  (cost=13825.99..16363.12 rows=4 width=55) (actual time=149.830..185.275 rows=6946 loops=1)
              ->  Hash Join  (cost=13825.86..16362.50 rows=4 width=59) (actual time=149.820..175.972 rows=6946 loops=1)
                    Hash Cond: (mc.company_type_id = ct.id)
                    ->  Hash Join  (cost=13824.77..16342.63 rows=1805 width=63) (actual time=149.802..173.592 rows=6946 loops=1)
                          Hash Cond: (mc.company_id = cn.id)
                          ->  Nested Loop  (cost=6716.01..8509.82 rows=57350 width=48) (actual time=91.955..112.847 rows=15510 loops=1)
                                Join Filter: (ml.movie_id = mc.movie_id)
                                ->  Hash Join  (cost=6715.58..7990.25 rows=899 width=12) (actual time=91.931..99.467 rows=1460 loops=1)
                                      Hash Cond: (ml.movie_id = mk.movie_id)
                                      ->  Seq Scan on movie_link ml  (cost=0.00..462.97 rows=29997 width=8) (actual time=0.003..2.501 rows=29997 loops=1)
                                      ->  Hash  (cost=6146.35..6146.35 rows=45538 width=4) (actual time=91.827..91.827 rows=47403 loops=1)
                                            Buckets: 65536  Batches: 1  Memory Usage: 2179kB
                                            ->  Nested Loop  (cost=6.80..6146.35 rows=45538 width=4) (actual time=3.034..83.136 rows=47403 loops=1)
                                                  ->  Seq Scan on keyword k  (cost=0.00..2793.84 rows=3 width=4) (actual time=0.949..23.047 rows=3 loops=1)
                                                        Filter: (keyword = ANY ('{sequel,revenge,based-on-novel}'::text[]))
                                                        Rows Removed by Filter: 134167
                                                  ->  Bitmap Heap Scan on movie_keyword mk  (cost=6.80..1114.45 rows=306 width=8) (actual time=3.103..17.336 rows=15801 loops=3)
                                                        Recheck Cond: (keyword_id = k.id)
                                                        Heap Blocks: exact=23953
                                                        ->  Bitmap Index Scan on keyword_id_movie_keyword  (cost=0.00..6.73 rows=306 width=0) (actual time=1.687..1.687 rows=15801 loops=3)
                                                              Index Cond: (keyword_id = k.id)
                                ->  Index Scan using movie_id_movie_companies on movie_companies mc  (cost=0.43..0.54 rows=3 width=36) (actual time=0.003..0.006 rows=11 loops=1460)
                                      Index Cond: (movie_id = mk.movie_id)
                                      Filter: (note IS NOT NULL)
                                      Rows Removed by Filter: 2
                          ->  Hash  (cost=7107.45..7107.45 rows=105 width=23) (actual time=57.107..57.107 rows=89 loops=1)
                                Buckets: 1024  Batches: 1  Memory Usage: 14kB
                                ->  Seq Scan on company_name cn  (cost=0.00..7107.45 rows=105 width=23) (actual time=0.269..57.081 rows=89 loops=1)
                                      Filter: (((country_code)::text <> '[pl]'::text) AND ((name ~~ '20th Century Fox%'::text) OR (name ~~ 'Twentieth Century Fox%'::text)))
                                      Rows Removed by Filter: 234908
                    ->  Hash  (cost=1.05..1.05 rows=3 width=4) (actual time=0.010..0.010 rows=3 loops=1)
                          Buckets: 1024  Batches: 1  Memory Usage: 9kB
                          ->  Seq Scan on company_type ct  (cost=0.00..1.05 rows=3 width=4) (actual time=0.005..0.007 rows=3 loops=1)
                                Filter: ((kind IS NOT NULL) AND ((kind)::text <> 'production companies'::text))
                                Rows Removed by Filter: 1
              ->  Index Only Scan using link_type_pkey on link_type lt  (cost=0.14..0.16 rows=1 width=4) (actual time=0.001..0.001 rows=1 loops=6946)
                    Index Cond: (id = ml.link_type_id)
                    Heap Fetches: 0
        ->  Index Scan using title_pkey on title t  (cost=0.43..0.49 rows=1 width=21) (actual time=0.002..0.002 rows=1 loops=6946)
              Index Cond: (id = mk.movie_id)
              Filter: (production_year > 1950)
Planning time: 5.513 ms
Execution time: 209.616 ms
