Aggregate  (cost=18296.09..18296.10 rows=1 width=96) (actual time=287.939..287.939 rows=1 loops=1)
  ->  Hash Join  (cost=15290.54..18295.14 rows=126 width=60) (actual time=198.155..274.060 rows=14899 loops=1)
        Hash Cond: (ml.link_type_id = lt.id)
        ->  Nested Loop  (cost=15289.14..18292.21 rows=126 width=64) (actual time=198.137..268.669 rows=14899 loops=1)
              Join Filter: (ml.movie_id = t.id)
              ->  Hash Join  (cost=15288.71..18222.39 rows=139 width=59) (actual time=198.124..231.147 rows=14899 loops=1)
                    Hash Cond: (mc.company_id = cn.id)
                    ->  Hash Join  (cost=6717.10..9107.70 rows=43016 width=44) (actual time=91.072..118.461 rows=14916 loops=1)
                          Hash Cond: (mc.company_type_id = ct.id)
                          ->  Nested Loop  (cost=6716.01..8509.82 rows=57350 width=48) (actual time=91.043..113.870 rows=15510 loops=1)
                                Join Filter: (ml.movie_id = mc.movie_id)
                                ->  Hash Join  (cost=6715.58..7990.25 rows=899 width=12) (actual time=91.023..98.772 rows=1460 loops=1)
                                      Hash Cond: (ml.movie_id = mk.movie_id)
                                      ->  Seq Scan on movie_link ml  (cost=0.00..462.97 rows=29997 width=8) (actual time=0.006..2.537 rows=29997 loops=1)
                                      ->  Hash  (cost=6146.35..6146.35 rows=45538 width=4) (actual time=90.903..90.903 rows=47403 loops=1)
                                            Buckets: 65536  Batches: 1  Memory Usage: 2179kB
                                            ->  Nested Loop  (cost=6.80..6146.35 rows=45538 width=4) (actual time=3.011..82.483 rows=47403 loops=1)
                                                  ->  Seq Scan on keyword k  (cost=0.00..2793.84 rows=3 width=4) (actual time=0.926..22.796 rows=3 loops=1)
                                                        Filter: (keyword = ANY ('{sequel,revenge,based-on-novel}'::text[]))
                                                        Rows Removed by Filter: 134167
                                                  ->  Bitmap Heap Scan on movie_keyword mk  (cost=6.80..1114.45 rows=306 width=8) (actual time=3.130..17.216 rows=15801 loops=3)
                                                        Recheck Cond: (keyword_id = k.id)
                                                        Heap Blocks: exact=23953
                                                        ->  Bitmap Index Scan on keyword_id_movie_keyword  (cost=0.00..6.73 rows=306 width=0) (actual time=1.708..1.708 rows=15801 loops=3)
                                                              Index Cond: (keyword_id = k.id)
                                ->  Index Scan using movie_id_movie_companies on movie_companies mc  (cost=0.43..0.54 rows=3 width=36) (actual time=0.003..0.007 rows=11 loops=1460)
                                      Index Cond: (movie_id = mk.movie_id)
                                      Filter: (note IS NOT NULL)
                                      Rows Removed by Filter: 2
                          ->  Hash  (cost=1.05..1.05 rows=3 width=4) (actual time=0.012..0.012 rows=3 loops=1)
                                Buckets: 1024  Batches: 1  Memory Usage: 9kB
                                ->  Seq Scan on company_type ct  (cost=0.00..1.05 rows=3 width=4) (actual time=0.009..0.010 rows=3 loops=1)
                                      Filter: ((kind IS NOT NULL) AND ((kind)::text <> 'production companies'::text))
                                      Rows Removed by Filter: 1
                    ->  Hash  (cost=5932.46..5932.46 rows=211132 width=23) (actual time=106.720..106.720 rows=210031 loops=1)
                          Buckets: 262144  Batches: 1  Memory Usage: 13720kB
                          ->  Seq Scan on company_name cn  (cost=0.00..5932.46 rows=211132 width=23) (actual time=0.005..63.514 rows=210031 loops=1)
                                Filter: ((country_code)::text <> '[pl]'::text)
                                Rows Removed by Filter: 24966
              ->  Index Scan using title_pkey on title t  (cost=0.43..0.49 rows=1 width=21) (actual time=0.002..0.002 rows=1 loops=14899)
                    Index Cond: (id = mk.movie_id)
                    Filter: (production_year > 1950)
        ->  Hash  (cost=1.18..1.18 rows=18 width=4) (actual time=0.011..0.011 rows=18 loops=1)
              Buckets: 1024  Batches: 1  Memory Usage: 9kB
              ->  Seq Scan on link_type lt  (cost=0.00..1.18 rows=18 width=4) (actual time=0.004..0.007 rows=18 loops=1)
Planning time: 5.504 ms
Execution time: 288.093 ms
