Aggregate  (cost=9193.04..9193.05 rows=1 width=96) (actual time=216.312..216.312 rows=1 loops=1)
  ->  Hash Join  (cost=6719.35..9192.78 rows=35 width=60) (actual time=91.672..202.053 rows=14899 loops=1)
        Hash Cond: (ml.link_type_id = lt.id)
        ->  Nested Loop  (cost=6717.95..9190.95 rows=35 width=64) (actual time=91.653..196.631 rows=14899 loops=1)
              Join Filter: (ml.movie_id = t.id)
              ->  Nested Loop  (cost=6717.52..9171.36 rows=39 width=59) (actual time=91.642..160.818 rows=14899 loops=1)
                    ->  Hash Join  (cost=6717.10..9107.70 rows=141 width=44) (actual time=91.629..119.863 rows=14916 loops=1)
                          Hash Cond: (mc.company_type_id = ct.id)
                          ->  Nested Loop  (cost=6716.01..8509.82 rows=57350 width=48) (actual time=91.618..114.925 rows=15510 loops=1)
                                Join Filter: (ml.movie_id = mc.movie_id)
                                ->  Hash Join  (cost=6715.58..7990.25 rows=899 width=12) (actual time=91.600..99.290 rows=1460 loops=1)
                                      Hash Cond: (ml.movie_id = mk.movie_id)
                                      ->  Seq Scan on movie_link ml  (cost=0.00..462.97 rows=29997 width=8) (actual time=0.003..2.578 rows=29997 loops=1)
                                      ->  Hash  (cost=6146.35..6146.35 rows=45538 width=4) (actual time=91.480..91.480 rows=47403 loops=1)
                                            Buckets: 65536  Batches: 1  Memory Usage: 2179kB
                                            ->  Nested Loop  (cost=6.80..6146.35 rows=45538 width=4) (actual time=3.023..82.843 rows=47403 loops=1)
                                                  ->  Seq Scan on keyword k  (cost=0.00..2793.84 rows=3 width=4) (actual time=0.947..22.944 rows=3 loops=1)
                                                        Filter: (keyword = ANY ('{sequel,revenge,based-on-novel}'::text[]))
                                                        Rows Removed by Filter: 134167
                                                  ->  Bitmap Heap Scan on movie_keyword mk  (cost=6.80..1114.45 rows=306 width=8) (actual time=3.107..17.301 rows=15801 loops=3)
                                                        Recheck Cond: (keyword_id = k.id)
                                                        Heap Blocks: exact=23953
                                                        ->  Bitmap Index Scan on keyword_id_movie_keyword  (cost=0.00..6.73 rows=306 width=0) (actual time=1.685..1.685 rows=15801 loops=3)
                                                              Index Cond: (keyword_id = k.id)
                                ->  Index Scan using movie_id_movie_companies on movie_companies mc  (cost=0.43..0.54 rows=3 width=36) (actual time=0.003..0.007 rows=11 loops=1460)
                                      Index Cond: (movie_id = mk.movie_id)
                                      Filter: (note IS NOT NULL)
                                      Rows Removed by Filter: 2
                          ->  Hash  (cost=1.05..1.05 rows=3 width=4) (actual time=0.005..0.005 rows=3 loops=1)
                                Buckets: 1024  Batches: 1  Memory Usage: 9kB
                                ->  Seq Scan on company_type ct  (cost=0.00..1.05 rows=3 width=4) (actual time=0.002..0.004 rows=3 loops=1)
                                      Filter: ((kind IS NOT NULL) AND ((kind)::text <> 'production companies'::text))
                                      Rows Removed by Filter: 1
                    ->  Index Scan using company_name_pkey on company_name cn  (cost=0.42..0.45 rows=1 width=23) (actual time=0.002..0.002 rows=1 loops=14916)
                          Index Cond: (id = mc.company_id)
                          Filter: ((country_code)::text <> '[pl]'::text)
                          Rows Removed by Filter: 0
              ->  Index Scan using title_pkey on title t  (cost=0.43..0.49 rows=1 width=21) (actual time=0.002..0.002 rows=1 loops=14899)
                    Index Cond: (id = mk.movie_id)
                    Filter: (production_year > 1950)
        ->  Hash  (cost=1.18..1.18 rows=18 width=4) (actual time=0.012..0.012 rows=18 loops=1)
              Buckets: 1024  Batches: 1  Memory Usage: 9kB
              ->  Seq Scan on link_type lt  (cost=0.00..1.18 rows=18 width=4) (actual time=0.004..0.008 rows=18 loops=1)
Planning time: 5.052 ms
Execution time: 216.406 ms
