Aggregate  (cost=73367.20..73367.21 rows=1 width=96) (actual time=508.999..508.999 rows=1 loops=1)
  ->  Nested Loop  (cost=13383.63..73367.20 rows=1 width=41) (actual time=114.857..508.519 rows=397 loops=1)
        ->  Nested Loop  (cost=13383.49..73364.74 rows=15 width=45) (actual time=114.850..507.738 rows=397 loops=1)
              Join Filter: (t.id = mi.movie_id)
              ->  Nested Loop  (cost=13383.05..73285.27 rows=51 width=53) (actual time=97.186..423.928 rows=5674 loops=1)
                    Join Filter: (mi_idx.movie_id = t.id)
                    ->  Hash Join  (cost=13382.62..73132.55 rows=286 width=32) (actual time=95.732..363.636 rows=19791 loops=1)
                          Hash Cond: (mc.company_id = cn.id)
                          ->  Hash Join  (cost=6380.82..65811.05 rows=25323 width=17) (actual time=27.209..285.447 rows=24233 loops=1)
                                Hash Cond: (mc.company_type_id = ct.id)
                                ->  Nested Loop  (cost=6379.76..65197.90 rows=58819 width=21) (actual time=27.173..272.169 rows=64707 loops=1)
                                      ->  Nested Loop  (cost=6379.33..19625.23 rows=18133 width=9) (actual time=27.154..190.217 rows=15849 loops=1)
                                            ->  Seq Scan on info_type it2  (cost=0.00..2.41 rows=1 width=4) (actual time=0.015..0.019 rows=1 loops=1)
                                                  Filter: ((info)::text = 'rating'::text)
                                                  Rows Removed by Filter: 112
                                            ->  Bitmap Heap Scan on movie_info_idx mi_idx  (cost=6379.33..19489.46 rows=13335 width=13) (actual time=27.134..187.195 rows=15849 loops=1)
                                                  Recheck Cond: (info_type_id = it2.id)
                                                  Filter: (info > '8.0'::text)
                                                  Rows Removed by Filter: 444076
                                                  Heap Blocks: exact=7934
                                                  ->  Bitmap Index Scan on info_type_id_movie_info_idx  (cost=0.00..6375.99 rows=345009 width=0) (actual time=25.618..25.618 rows=459925 loops=1)
                                                        Index Cond: (info_type_id = it2.id)
                                      ->  Index Scan using movie_id_movie_companies on movie_companies mc  (cost=0.43..2.46 rows=5 width=12) (actual time=0.003..0.004 rows=4 loops=15849)
                                            Index Cond: (movie_id = mi_idx.movie_id)
                                ->  Hash  (cost=1.05..1.05 rows=1 width=4) (actual time=0.011..0.011 rows=1 loops=1)
                                      Buckets: 1024  Batches: 1  Memory Usage: 9kB
                                      ->  Seq Scan on company_type ct  (cost=0.00..1.05 rows=1 width=4) (actual time=0.008..0.009 rows=1 loops=1)
                                            Filter: ((kind)::text = 'production companies'::text)
                                            Rows Removed by Filter: 3
                          ->  Hash  (cost=5932.46..5932.46 rows=85547 width=23) (actual time=67.919..67.919 rows=84843 loops=1)
                                Buckets: 131072  Batches: 1  Memory Usage: 5810kB
                                ->  Seq Scan on company_name cn  (cost=0.00..5932.46 rows=85547 width=23) (actual time=0.007..50.146 rows=84843 loops=1)
                                      Filter: ((country_code)::text = '[us]'::text)
                                      Rows Removed by Filter: 150154
                    ->  Index Scan using title_pkey on title t  (cost=0.43..0.52 rows=1 width=21) (actual time=0.003..0.003 rows=0 loops=19791)
                          Index Cond: (id = mc.movie_id)
                          Filter: ((production_year >= 2005) AND (production_year <= 2008))
                          Rows Removed by Filter: 1
              ->  Index Scan using movie_id_movie_info on movie_info mi  (cost=0.43..1.55 rows=1 width=8) (actual time=0.014..0.014 rows=0 loops=5674)
                    Index Cond: (movie_id = mc.movie_id)
                    Filter: (info = ANY ('{Drama,Horror}'::text[]))
                    Rows Removed by Filter: 28
        ->  Index Scan using info_type_pkey on info_type it1  (cost=0.14..0.16 rows=1 width=4) (actual time=0.001..0.001 rows=1 loops=397)
              Index Cond: (id = mi.info_type_id)
              Filter: ((info)::text = 'genres'::text)
Planning time: 5.879 ms
Execution time: 509.152 ms
