Aggregate  (cost=66362.32..66362.33 rows=1 width=96) (actual time=3722.742..3722.742 rows=1 loops=1)
  ->  Nested Loop  (cost=6382.11..66362.31 rows=1 width=41) (actual time=103.791..3722.098 rows=397 loops=1)
        ->  Nested Loop  (cost=6381.69..66361.87 rows=1 width=26) (actual time=101.172..3716.915 rows=708 loops=1)
              Join Filter: (mi.info_type_id = it1.id)
              ->  Seq Scan on info_type it1  (cost=0.00..2.41 rows=1 width=4) (actual time=0.007..0.018 rows=1 loops=1)
                    Filter: ((info)::text = 'genres'::text)
                    Rows Removed by Filter: 112
              ->  Nested Loop  (cost=6381.69..66358.96 rows=40 width=30) (actual time=101.162..3716.641 rows=708 loops=1)
                    Join Filter: (t.id = mi.movie_id)
                    ->  Nested Loop  (cost=6381.25..66170.41 rows=121 width=38) (actual time=33.939..419.141 rows=6610 loops=1)
                          Join Filter: (mi_idx.movie_id = t.id)
                          ->  Hash Join  (cost=6380.82..65811.05 rows=673 width=17) (actual time=32.005..316.744 rows=24233 loops=1)
                                Hash Cond: (mc.company_type_id = ct.id)
                                ->  Nested Loop  (cost=6379.76..65197.90 rows=58819 width=21) (actual time=31.982..301.433 rows=64707 loops=1)
                                      ->  Nested Loop  (cost=6379.33..19625.23 rows=18133 width=9) (actual time=31.968..210.008 rows=15849 loops=1)
                                            ->  Seq Scan on info_type it2  (cost=0.00..2.41 rows=1 width=4) (actual time=0.011..0.016 rows=1 loops=1)
                                                  Filter: ((info)::text = 'rating'::text)
                                                  Rows Removed by Filter: 112
                                            ->  Bitmap Heap Scan on movie_info_idx mi_idx  (cost=6379.33..19489.46 rows=13335 width=13) (actual time=31.955..206.840 rows=15849 loops=1)
                                                  Recheck Cond: (info_type_id = it2.id)
                                                  Filter: (info > '8.0'::text)
                                                  Rows Removed by Filter: 444076
                                                  Heap Blocks: exact=7934
                                                  ->  Bitmap Index Scan on info_type_id_movie_info_idx  (cost=0.00..6375.99 rows=345009 width=0) (actual time=30.457..30.457 rows=459925 loops=1)
                                                        Index Cond: (info_type_id = it2.id)
                                      ->  Index Scan using movie_id_movie_companies on movie_companies mc  (cost=0.43..2.46 rows=5 width=12) (actual time=0.003..0.005 rows=4 loops=15849)
                                            Index Cond: (movie_id = mi_idx.movie_id)
                                ->  Hash  (cost=1.05..1.05 rows=1 width=4) (actual time=0.005..0.005 rows=1 loops=1)
                                      Buckets: 1024  Batches: 1  Memory Usage: 9kB
                                      ->  Seq Scan on company_type ct  (cost=0.00..1.05 rows=1 width=4) (actual time=0.002..0.003 rows=1 loops=1)
                                            Filter: ((kind)::text = 'production companies'::text)
                                            Rows Removed by Filter: 3
                          ->  Index Scan using title_pkey on title t  (cost=0.43..0.52 rows=1 width=21) (actual time=0.004..0.004 rows=0 loops=24233)
                                Index Cond: (id = mc.movie_id)
                                Filter: ((production_year >= 2005) AND (production_year <= 2008))
                                Rows Removed by Filter: 1
                    ->  Index Scan using movie_id_movie_info on movie_info mi  (cost=0.43..1.55 rows=1 width=8) (actual time=0.497..0.498 rows=0 loops=6610)
                          Index Cond: (movie_id = mc.movie_id)
                          Filter: (info = ANY ('{Drama,Horror}'::text[]))
                          Rows Removed by Filter: 29
        ->  Index Scan using company_name_pkey on company_name cn  (cost=0.42..0.45 rows=1 width=23) (actual time=0.006..0.006 rows=1 loops=708)
              Index Cond: (id = mc.company_id)
              Filter: ((country_code)::text = '[us]'::text)
              Rows Removed by Filter: 0
Planning time: 5.187 ms
Execution time: 3722.839 ms
