Aggregate  (cost=114921.51..114921.52 rows=1 width=96) (actual time=2036.557..2036.557 rows=1 loops=1)
  ->  Nested Loop  (cost=90056.79..114920.92 rows=79 width=64) (actual time=981.358..1964.637 rows=111101 loops=1)
        Join Filter: (mi.info_type_id = it2.id)
        Rows Removed by Join Filter: 405226
        ->  Seq Scan on info_type it2  (cost=0.00..2.41 rows=1 width=4) (actual time=0.008..0.019 rows=1 loops=1)
              Filter: ((info)::text = 'release dates'::text)
              Rows Removed by Filter: 112
        ->  Nested Loop  (cost=90056.79..114807.49 rows=8881 width=68) (actual time=981.330..1910.152 rows=516327 loops=1)
              ->  Hash Join  (cost=90056.36..114302.76 rows=272 width=34) (actual time=981.298..1336.989 rows=16470 loops=1)
                    Hash Cond: (t.kind_id = kt.id)
                    ->  Nested Loop  (cost=90055.26..114280.00 rows=1907 width=38) (actual time=823.291..1325.727 rows=31510 loops=1)
                          ->  Hash Join  (cost=90054.83..113295.08 rows=1907 width=13) (actual time=823.255..1130.949 rows=31510 loops=1)
                                Hash Cond: (miidx.movie_id = mc.movie_id)
                                ->  Nested Loop  (cost=6462.25..22162.36 rows=455274 width=9) (actual time=32.136..230.683 rows=459925 loops=1)
                                      ->  Seq Scan on info_type it  (cost=0.00..2.41 rows=1 width=4) (actual time=0.010..0.015 rows=1 loops=1)
                                            Filter: ((info)::text = 'rating'::text)
                                            Rows Removed by Filter: 112
                                      ->  Bitmap Heap Scan on movie_info_idx miidx  (cost=6462.25..18709.86 rows=345009 width=13) (actual time=32.122..152.388 rows=459925 loops=1)
                                            Recheck Cond: (info_type_id = it.id)
                                            Heap Blocks: exact=7934
                                            ->  Bitmap Index Scan on info_type_id_movie_info_idx  (cost=0.00..6375.99 rows=345009 width=0) (actual time=30.622..30.622 rows=459925 loops=1)
                                                  Index Cond: (info_type_id = it.id)
                                ->  Hash  (cost=82648.64..82648.64 rows=75515 width=4) (actual time=790.735..790.735 rows=71294 loops=1)
                                      Buckets: 131072  Batches: 1  Memory Usage: 3531kB
                                      ->  Hash Join  (cost=6055.48..82648.64 rows=75515 width=4) (actual time=47.530..772.293 rows=71294 loops=1)
                                            Hash Cond: (mc.company_id = cn.id)
                                            ->  Nested Loop  (cost=0.43..59590.99 rows=1346745 width=8) (actual time=0.056..559.066 rows=1334883 loops=1)
                                                  ->  Seq Scan on company_type ct  (cost=0.00..1.05 rows=1 width=4) (actual time=0.008..0.013 rows=1 loops=1)
                                                        Filter: ((kind)::text = 'production companies'::text)
                                                        Rows Removed by Filter: 3
                                                  ->  Index Scan using company_type_id_movie_companies on movie_companies mc  (cost=0.43..46544.30 rows=1304564 width=12) (actual time=0.044..349.281 rows=1334883 loops=1)
                                                        Index Cond: (company_type_id = ct.id)
                                            ->  Hash  (cost=5932.46..5932.46 rows=9807 width=4) (actual time=47.286..47.286 rows=9775 loops=1)
                                                  Buckets: 16384  Batches: 1  Memory Usage: 472kB
                                                  ->  Seq Scan on company_name cn  (cost=0.00..5932.46 rows=9807 width=4) (actual time=0.012..45.425 rows=9775 loops=1)
                                                        Filter: ((country_code)::text = '[de]'::text)
                                                        Rows Removed by Filter: 225222
                          ->  Index Scan using title_pkey on title t  (cost=0.43..0.52 rows=1 width=25) (actual time=0.006..0.006 rows=1 loops=31510)
                                Index Cond: (id = mc.movie_id)
                    ->  Hash  (cost=1.09..1.09 rows=1 width=4) (actual time=0.005..0.005 rows=1 loops=1)
                          Buckets: 1024  Batches: 1  Memory Usage: 9kB
                          ->  Seq Scan on kind_type kt  (cost=0.00..1.09 rows=1 width=4) (actual time=0.002..0.004 rows=1 loops=1)
                                Filter: ((kind)::text = 'movie'::text)
                                Rows Removed by Filter: 6
              ->  Index Scan using movie_id_movie_info on movie_info mi  (cost=0.43..1.46 rows=40 width=50) (actual time=0.006..0.028 rows=31 loops=16470)
                    Index Cond: (movie_id = t.id)
Planning time: 8.103 ms
Execution time: 2036.675 ms
