Aggregate  (cost=104591.48..104591.49 rows=1 width=96) (actual time=1961.536..1961.536 rows=1 loops=1)
  ->  Nested Loop  (cost=6057.87..104591.19 rows=39 width=64) (actual time=426.238..1889.051 rows=111101 loops=1)
        Join Filter: (mi.info_type_id = it2.id)
        Rows Removed by Join Filter: 405226
        ->  Seq Scan on info_type it2  (cost=0.00..2.41 rows=1 width=4) (actual time=0.009..0.020 rows=1 loops=1)
              Filter: ((info)::text = 'release dates'::text)
              Rows Removed by Filter: 112
        ->  Nested Loop  (cost=6057.87..104533.66 rows=4409 width=68) (actual time=426.209..1834.753 rows=516327 loops=1)
              ->  Hash Join  (cost=6057.44..104283.15 rows=135 width=34) (actual time=426.177..1250.962 rows=16470 loops=1)
                    Hash Cond: (t.kind_id = kt.id)
                    ->  Nested Loop  (cost=6056.34..104271.29 rows=947 width=38) (actual time=48.328..1239.080 rows=31510 loops=1)
                          ->  Nested Loop  (cost=6055.91..103782.19 rows=947 width=13) (actual time=48.301..1050.335 rows=31510 loops=1)
                                Join Filter: (miidx.info_type_id = it.id)
                                Rows Removed by Join Filter: 63058
                                ->  Seq Scan on info_type it  (cost=0.00..2.41 rows=1 width=4) (actual time=0.010..0.013 rows=1 loops=1)
                                      Filter: ((info)::text = 'rating'::text)
                                      Rows Removed by Filter: 112
                                ->  Nested Loop  (cost=6055.91..102442.27 rows=107001 width=17) (actual time=48.289..1036.419 rows=94568 loops=1)
                                      ->  Hash Join  (cost=6055.48..82648.64 rows=37490 width=4) (actual time=48.075..794.786 rows=71294 loops=1)
                                            Hash Cond: (mc.company_id = cn.id)
                                            ->  Nested Loop  (cost=0.43..59590.99 rows=1346745 width=8) (actual time=0.042..563.265 rows=1334883 loops=1)
                                                  ->  Seq Scan on company_type ct  (cost=0.00..1.05 rows=1 width=4) (actual time=0.002..0.005 rows=1 loops=1)
                                                        Filter: ((kind)::text = 'production companies'::text)
                                                        Rows Removed by Filter: 3
                                                  ->  Index Scan using company_type_id_movie_companies on movie_companies mc  (cost=0.43..46544.30 rows=1304564 width=12) (actual time=0.039..347.789 rows=1334883 loops=1)
                                                        Index Cond: (company_type_id = ct.id)
                                            ->  Hash  (cost=5932.46..5932.46 rows=9807 width=4) (actual time=47.848..47.848 rows=9775 loops=1)
                                                  Buckets: 16384  Batches: 1  Memory Usage: 472kB
                                                  ->  Seq Scan on company_name cn  (cost=0.00..5932.46 rows=9807 width=4) (actual time=0.010..46.051 rows=9775 loops=1)
                                                        Filter: ((country_code)::text = '[de]'::text)
                                                        Rows Removed by Filter: 225222
                                      ->  Index Scan using movie_id_movie_info_idx on movie_info_idx miidx  (cost=0.43..0.50 rows=3 width=13) (actual time=0.002..0.003 rows=1 loops=71294)
                                            Index Cond: (movie_id = mc.movie_id)
                          ->  Index Scan using title_pkey on title t  (cost=0.43..0.52 rows=1 width=25) (actual time=0.005..0.005 rows=1 loops=31510)
                                Index Cond: (id = mc.movie_id)
                    ->  Hash  (cost=1.09..1.09 rows=1 width=4) (actual time=0.005..0.005 rows=1 loops=1)
                          Buckets: 1024  Batches: 1  Memory Usage: 9kB
                          ->  Seq Scan on kind_type kt  (cost=0.00..1.09 rows=1 width=4) (actual time=0.002..0.003 rows=1 loops=1)
                                Filter: ((kind)::text = 'movie'::text)
                                Rows Removed by Filter: 6
              ->  Index Scan using movie_id_movie_info on movie_info mi  (cost=0.43..1.46 rows=40 width=50) (actual time=0.006..0.029 rows=31 loops=16470)
                    Index Cond: (movie_id = t.id)
Planning time: 8.635 ms
Execution time: 1961.629 ms
