Aggregate  (cost=134139.49..134139.50 rows=1 width=96) (actual time=15593.918..15593.918 rows=1 loops=1)
  ->  Nested Loop  (cost=68138.88..134134.87 rows=615 width=41) (actual time=711.647..15031.217 rows=670390 loops=1)
        ->  Nested Loop  (cost=68138.46..133848.61 rows=642 width=26) (actual time=711.621..10073.145 rows=1919495 loops=1)
              Join Filter: (mi.info_type_id = it2.id)
              Rows Removed by Join Filter: 8337075
              ->  Seq Scan on info_type it2  (cost=0.00..2.41 rows=1 width=4) (actual time=0.008..0.019 rows=1 loops=1)
                    Filter: ((info)::text = 'release dates'::text)
                    Rows Removed by Filter: 112
              ->  Nested Loop  (cost=68138.46..132938.77 rows=72594 width=30) (actual time=711.531..9030.586 rows=10256570 loops=1)
                    ->  Hash Join  (cost=68138.03..128780.26 rows=2241 width=38) (actual time=711.483..2353.549 rows=302610 loops=1)
                          Hash Cond: (mc.company_type_id = ct.id)
                          ->  Nested Loop  (cost=68136.96..126747.51 rows=195237 width=42) (actual time=711.461..2164.954 rows=773084 loops=1)
                                ->  Hash Join  (cost=68136.53..86740.18 rows=65742 width=30) (actual time=711.388..1114.905 rows=209880 loops=1)
                                      Hash Cond: (miidx.movie_id = t.id)
                                      ->  Nested Loop  (cost=6462.25..22162.36 rows=455274 width=9) (actual time=32.918..265.535 rows=459925 loops=1)
                                            ->  Seq Scan on info_type it  (cost=0.00..2.41 rows=1 width=4) (actual time=0.013..0.022 rows=1 loops=1)
                                                  Filter: ((info)::text = 'rating'::text)
                                                  Rows Removed by Filter: 112
                                            ->  Bitmap Heap Scan on movie_info_idx miidx  (cost=6462.25..18709.86 rows=345009 width=13) (actual time=32.900..179.193 rows=459925 loops=1)
                                                  Recheck Cond: (info_type_id = it.id)
                                                  Heap Blocks: exact=7934
                                                  ->  Bitmap Index Scan on info_type_id_movie_info_idx  (cost=0.00..6375.99 rows=345009 width=0) (actual time=31.400..31.400 rows=459925 loops=1)
                                                        Index Cond: (info_type_id = it.id)
                                      ->  Hash  (cost=53370.32..53370.32 rows=664317 width=21) (actual time=557.480..557.480 rows=662825 loops=1)
                                            Buckets: 1048576  Batches: 1  Memory Usage: 44421kB
                                            ->  Nested Loop  (cost=7890.14..53370.32 rows=664317 width=21) (actual time=48.462..355.444 rows=662825 loops=1)
                                                  ->  Seq Scan on kind_type kt  (cost=0.00..1.09 rows=1 width=4) (actual time=0.010..0.023 rows=1 loops=1)
                                                        Filter: ((kind)::text = 'movie'::text)
                                                        Rows Removed by Filter: 6
                                                  ->  Bitmap Heap Scan on title t  (cost=7890.14..49155.42 rows=421382 width=25) (actual time=48.441..245.034 rows=662825 loops=1)
                                                        Recheck Cond: (kind_id = kt.id)
                                                        Heap Blocks: exact=12863
                                                        ->  Bitmap Index Scan on kind_id_title  (cost=0.00..7784.80 rows=421382 width=0) (actual time=45.654..45.654 rows=662825 loops=1)
                                                              Index Cond: (kind_id = kt.id)
                                ->  Index Scan using movie_id_movie_companies on movie_companies mc  (cost=0.43..0.56 rows=5 width=12) (actual time=0.003..0.004 rows=4 loops=209880)
                                      Index Cond: (movie_id = t.id)
                          ->  Hash  (cost=1.05..1.05 rows=1 width=4) (actual time=0.009..0.009 rows=1 loops=1)
                                Buckets: 1024  Batches: 1  Memory Usage: 9kB
                                ->  Seq Scan on company_type ct  (cost=0.00..1.05 rows=1 width=4) (actual time=0.002..0.003 rows=1 loops=1)
                                      Filter: ((kind)::text = 'production companies'::text)
                                      Rows Removed by Filter: 3
                    ->  Index Scan using movie_id_movie_info on movie_info mi  (cost=0.43..1.46 rows=40 width=8) (actual time=0.003..0.016 rows=34 loops=302610)
                          Index Cond: (movie_id = t.id)
        ->  Index Scan using company_name_pkey on company_name cn  (cost=0.42..0.45 rows=1 width=23) (actual time=0.002..0.002 rows=0 loops=1919495)
              Index Cond: (id = mc.company_id)
              Filter: ((country_code)::text = '[us]'::text)
              Rows Removed by Filter: 1
Planning time: 7.866 ms
Execution time: 15594.206 ms
