Aggregate  (cost=26274.75..26274.76 rows=1 width=64) (actual time=1298.308..1298.308 rows=1 loops=1)
  ->  Nested Loop  (cost=8.10..26274.74 rows=1 width=22) (actual time=4.693..1293.430 rows=4115 loops=1)
        Join Filter: (mi.info_type_id = it1.id)
        Rows Removed by Join Filter: 594
        ->  Nested Loop  (cost=8.10..26272.32 rows=1 width=26) (actual time=4.688..1271.912 rows=4709 loops=1)
              Join Filter: (t.id = mi.movie_id)
              ->  Nested Loop  (cost=7.66..26252.09 rows=11 width=34) (actual time=4.627..709.169 rows=5949 loops=1)
                    Join Filter: (t.kind_id = kt.id)
                    Rows Removed by Join Filter: 3227
                    ->  Nested Loop  (cost=7.66..26249.86 rows=40 width=38) (actual time=4.531..703.088 rows=7271 loops=1)
                          ->  Nested Loop  (cost=7.23..26200.39 rows=101 width=13) (actual time=4.510..474.431 rows=31800 loops=1)
                                Join Filter: (mi_idx.info_type_id = it2.id)
                                Rows Removed by Join Filter: 62852
                                ->  Seq Scan on info_type it2  (cost=0.00..2.41 rows=1 width=4) (actual time=0.013..0.016 rows=1 loops=1)
                                      Filter: ((info)::text = 'rating'::text)
                                      Rows Removed by Filter: 112
                                ->  Nested Loop  (cost=7.23..24966.14 rows=98547 width=17) (actual time=4.494..459.109 rows=94652 loops=1)
                                      ->  Nested Loop  (cost=6.80..7403.56 rows=33271 width=4) (actual time=4.469..219.142 rows=37091 loops=1)
                                            ->  Seq Scan on keyword k  (cost=0.00..2961.55 rows=4 width=4) (actual time=1.497..31.586 rows=3 loops=1)
                                                  Filter: ((keyword IS NOT NULL) AND (keyword = ANY ('{murder,murder-in-title,blood,violence}'::text[])))
                                                  Rows Removed by Filter: 134167
                                            ->  Bitmap Heap Scan on movie_keyword mk  (cost=6.80..1107.44 rows=306 width=8) (actual time=3.491..59.618 rows=12364 loops=3)
                                                  Recheck Cond: (keyword_id = k.id)
                                                  Heap Blocks: exact=26312
                                                  ->  Bitmap Index Scan on keyword_id_movie_keyword  (cost=0.00..6.73 rows=306 width=0) (actual time=1.905..1.905 rows=12364 loops=3)
                                                        Index Cond: (keyword_id = k.id)
                                      ->  Index Scan using movie_id_movie_info_idx on movie_info_idx mi_idx  (cost=0.43..0.50 rows=3 width=13) (actual time=0.004..0.006 rows=3 loops=37091)
                                            Index Cond: (movie_id = mk.movie_id)
                                            Filter: (info < '8.5'::text)
                                            Rows Removed by Filter: 0
                          ->  Index Scan using title_pkey on title t  (cost=0.43..0.49 rows=1 width=25) (actual time=0.007..0.007 rows=0 loops=31800)
                                Index Cond: (id = mk.movie_id)
                                Filter: (production_year > 2005)
                                Rows Removed by Filter: 1
                    ->  Materialize  (cost=0.00..1.10 rows=2 width=4) (actual time=0.000..0.000 rows=1 loops=7271)
                          ->  Seq Scan on kind_type kt  (cost=0.00..1.09 rows=2 width=4) (actual time=0.003..0.005 rows=2 loops=1)
                                Filter: ((kind)::text = ANY ('{movie,episode}'::text[]))
                                Rows Removed by Filter: 5
              ->  Index Scan using movie_id_movie_info on movie_info mi  (cost=0.43..1.81 rows=2 width=8) (actual time=0.081..0.094 rows=1 loops=5949)
                    Index Cond: (movie_id = mk.movie_id)
                    Filter: (info = ANY ('{Sweden,Norway,Germany,Denmark,Swedish,Danish,Norwegian,German,USA,American}'::text[]))
                    Rows Removed by Filter: 71
        ->  Seq Scan on info_type it1  (cost=0.00..2.41 rows=1 width=4) (actual time=0.002..0.003 rows=1 loops=4709)
              Filter: ((info)::text = 'countries'::text)
              Rows Removed by Filter: 20
Planning time: 5.115 ms
Execution time: 1298.399 ms
