Aggregate  (cost=73867.89..73867.90 rows=1 width=64) (actual time=949.670..949.670 rows=1 loops=1)
  ->  Nested Loop  (cost=7004.21..73867.80 rows=18 width=59) (actual time=76.135..949.366 rows=328 loops=1)
        ->  Nested Loop  (cost=7003.79..73859.92 rows=18 width=63) (actual time=76.124..948.319 rows=328 loops=1)
              ->  Nested Loop  (cost=7003.36..73858.14 rows=1 width=75) (actual time=72.242..947.838 rows=57 loops=1)
                    ->  Nested Loop  (cost=7003.22..73857.78 rows=1 width=79) (actual time=72.235..947.667 rows=57 loops=1)
                          ->  Nested Loop  (cost=7003.09..73857.62 rows=1 width=83) (actual time=72.228..947.549 rows=57 loops=1)
                                ->  Nested Loop  (cost=7002.65..71470.10 rows=1237 width=33) (actual time=63.646..800.156 rows=5134 loops=1)
                                      ->  Nested Loop  (cost=7002.22..69330.80 rows=2257 width=12) (actual time=63.631..748.894 rows=13699 loops=1)
                                            ->  Hash Join  (cost=7001.80..65192.35 rows=5951 width=8) (actual time=63.224..647.850 rows=43837 loops=1)
                                                  Hash Cond: (mc.company_id = cn.id)
                                                  ->  Seq Scan on movie_companies mc  (cost=0.00..57926.93 rows=20880 width=12) (actual time=0.009..561.194 rows=61664 loops=1)
                                                        Filter: ((note ~~ '%(200%)%'::text) AND (note ~~ '%(worldwide)%'::text))
                                                        Rows Removed by Filter: 2547465
                                                  ->  Hash  (cost=5932.46..5932.46 rows=85547 width=4) (actual time=63.053..63.053 rows=84843 loops=1)
                                                        Buckets: 131072  Batches: 1  Memory Usage: 4007kB
                                                        ->  Seq Scan on company_name cn  (cost=0.00..5932.46 rows=85547 width=4) (actual time=0.005..49.092 rows=84843 loops=1)
                                                              Filter: ((country_code)::text = '[us]'::text)
                                                              Rows Removed by Filter: 150154
                                            ->  Index Only Scan using movie_id_aka_title on aka_title at  (cost=0.42..0.67 rows=3 width=4) (actual time=0.002..0.002 rows=0 loops=43837)
                                                  Index Cond: (movie_id = mc.movie_id)
                                                  Heap Fetches: 0
                                      ->  Index Scan using title_pkey on title t  (cost=0.43..0.95 rows=1 width=21) (actual time=0.003..0.003 rows=0 loops=13699)
                                            Index Cond: (id = at.movie_id)
                                            Filter: (production_year > 2000)
                                            Rows Removed by Filter: 1
                                ->  Index Scan using movie_id_movie_info on movie_info mi  (cost=0.43..1.92 rows=1 width=50) (actual time=0.028..0.028 rows=0 loops=5134)
                                      Index Cond: (movie_id = t.id)
                                      Filter: ((note ~~ '%internet%'::text) AND (info ~~ 'USA:% 200%'::text))
                                      Rows Removed by Filter: 72
                          ->  Index Only Scan using company_type_pkey on company_type ct  (cost=0.13..0.15 rows=1 width=4) (actual time=0.001..0.001 rows=1 loops=57)
                                Index Cond: (id = mc.company_type_id)
                                Heap Fetches: 0
                    ->  Index Scan using info_type_pkey on info_type it1  (cost=0.14..0.25 rows=1 width=4) (actual time=0.002..0.002 rows=1 loops=57)
                          Index Cond: (id = mi.info_type_id)
                          Filter: ((info)::text = 'release dates'::text)
              ->  Index Scan using movie_id_movie_keyword on movie_keyword mk  (cost=0.43..1.33 rows=45 width=8) (actual time=0.005..0.007 rows=6 loops=57)
                    Index Cond: (movie_id = t.id)
        ->  Index Only Scan using keyword_pkey on keyword k  (cost=0.42..0.44 rows=1 width=4) (actual time=0.003..0.003 rows=1 loops=328)
              Index Cond: (id = mk.keyword_id)
              Heap Fetches: 0
Planning time: 12.663 ms
Execution time: 949.828 ms
