Aggregate  (cost=75010.76..75010.77 rows=1 width=64) (actual time=1189.187..1189.187 rows=1 loops=1)
  ->  Nested Loop  (cost=3.65..75010.67 rows=18 width=59) (actual time=16.963..1188.871 rows=328 loops=1)
        ->  Nested Loop  (cost=3.23..75002.78 rows=18 width=63) (actual time=16.953..1187.769 rows=328 loops=1)
              ->  Nested Loop  (cost=2.80..75001.01 rows=1 width=75) (actual time=12.206..1187.121 rows=57 loops=1)
                    Join Filter: (mi.info_type_id = it1.id)
                    ->  Nested Loop  (cost=2.80..74998.58 rows=1 width=79) (actual time=12.200..1186.841 rows=57 loops=1)
                          ->  Nested Loop  (cost=2.38..74997.40 rows=1 width=83) (actual time=12.184..1186.191 rows=59 loops=1)
                                ->  Nested Loop  (cost=1.94..71388.14 rows=1870 width=33) (actual time=0.109..834.844 rows=10386 loops=1)
                                      ->  Nested Loop  (cost=1.51..68153.12 rows=3413 width=12) (actual time=0.088..725.698 rows=20965 loops=1)
                                            ->  Hash Join  (cost=1.09..58145.31 rows=14391 width=8) (actual time=0.024..583.829 rows=61664 loops=1)
                                                  Hash Cond: (mc.company_type_id = ct.id)
                                                  ->  Seq Scan on movie_companies mc  (cost=0.00..57926.93 rows=20880 width=12) (actual time=0.009..564.194 rows=61664 loops=1)
                                                        Filter: ((note ~~ '%(200%)%'::text) AND (note ~~ '%(worldwide)%'::text))
                                                        Rows Removed by Filter: 2547465
                                                  ->  Hash  (cost=1.04..1.04 rows=4 width=4) (actual time=0.006..0.006 rows=4 loops=1)
                                                        Buckets: 1024  Batches: 1  Memory Usage: 9kB
                                                        ->  Seq Scan on company_type ct  (cost=0.00..1.04 rows=4 width=4) (actual time=0.002..0.003 rows=4 loops=1)
                                            ->  Index Only Scan using movie_id_aka_title on aka_title at  (cost=0.42..0.67 rows=3 width=4) (actual time=0.002..0.002 rows=0 loops=61664)
                                                  Index Cond: (movie_id = mc.movie_id)
                                                  Heap Fetches: 0
                                      ->  Index Scan using title_pkey on title t  (cost=0.43..0.95 rows=1 width=21) (actual time=0.005..0.005 rows=0 loops=20965)
                                            Index Cond: (id = at.movie_id)
                                            Filter: (production_year > 2000)
                                            Rows Removed by Filter: 1
                                ->  Index Scan using movie_id_movie_info on movie_info mi  (cost=0.43..1.92 rows=1 width=50) (actual time=0.033..0.033 rows=0 loops=10386)
                                      Index Cond: (movie_id = t.id)
                                      Filter: ((note ~~ '%internet%'::text) AND (info ~~ 'USA:% 200%'::text))
                                      Rows Removed by Filter: 54
                          ->  Index Scan using company_name_pkey on company_name cn  (cost=0.42..1.18 rows=1 width=4) (actual time=0.010..0.010 rows=1 loops=59)
                                Index Cond: (id = mc.company_id)
                                Filter: ((country_code)::text = '[us]'::text)
                                Rows Removed by Filter: 0
                    ->  Seq Scan on info_type it1  (cost=0.00..2.41 rows=1 width=4) (actual time=0.003..0.003 rows=1 loops=57)
                          Filter: ((info)::text = 'release dates'::text)
                          Rows Removed by Filter: 15
              ->  Index Scan using movie_id_movie_keyword on movie_keyword mk  (cost=0.43..1.33 rows=45 width=8) (actual time=0.008..0.009 rows=6 loops=57)
                    Index Cond: (movie_id = t.id)
        ->  Index Only Scan using keyword_pkey on keyword k  (cost=0.42..0.44 rows=1 width=4) (actual time=0.003..0.003 rows=1 loops=328)
              Index Cond: (id = mk.keyword_id)
              Heap Fetches: 0
Planning time: 13.036 ms
Execution time: 1189.306 ms
