Aggregate  (cost=179166.27..179166.28 rows=1 width=64) (actual time=1557.475..1557.475 rows=1 loops=1)
  ->  Nested Loop  (cost=3920.24..179165.83 rows=88 width=59) (actual time=318.603..1555.367 rows=2271 loops=1)
        ->  Nested Loop  (cost=3919.82..179127.29 rows=88 width=63) (actual time=318.592..1439.185 rows=2271 loops=1)
              ->  Nested Loop  (cost=3919.38..179122.03 rows=3 width=75) (actual time=318.569..1069.530 rows=284 loops=1)
                    ->  Nested Loop  (cost=3919.25..179121.59 rows=3 width=79) (actual time=318.562..1069.039 rows=284 loops=1)
                          ->  Nested Loop  (cost=3918.83..179118.02 rows=8 width=83) (actual time=318.550..1066.446 rows=400 loops=1)
                                ->  Nested Loop  (cost=3918.40..179117.40 rows=1 width=71) (actual time=318.532..1064.101 rows=120 loops=1)
                                      ->  Nested Loop  (cost=3917.97..179116.45 rows=1 width=50) (actual time=318.503..1062.708 rows=120 loops=1)
                                            ->  Nested Loop  (cost=3917.55..178816.84 rows=74 width=46) (actual time=316.130..1054.126 rows=1783 loops=1)
                                                  ->  Seq Scan on info_type it1  (cost=0.00..2.41 rows=1 width=4) (actual time=0.009..0.022 rows=1 loops=1)
                                                        Filter: ((info)::text = 'release dates'::text)
                                                        Rows Removed by Filter: 112
                                                  ->  Bitmap Heap Scan on movie_info mi  (cost=3917.55..178814.39 rows=4 width=50) (actual time=316.117..1053.625 rows=1783 loops=1)
                                                        Recheck Cond: (info_type_id = it1.id)
                                                        Filter: ((info IS NOT NULL) AND (note ~~ '%internet%'::text) AND ((info ~~ 'USA:% 199%'::text) OR (info ~~ 'USA:% 200%'::text)))
                                                        Rows Removed by Filter: 3034936
                                                        Heap Blocks: exact=25448
                                                        ->  Bitmap Index Scan on info_type_id_movie_info  (cost=0.00..3917.55 rows=211882 width=0) (actual time=310.425..310.425 rows=3036719 loops=1)
                                                              Index Cond: (info_type_id = it1.id)
                                            ->  Index Only Scan using movie_id_aka_title on aka_title at  (cost=0.42..4.02 rows=3 width=4) (actual time=0.004..0.004 rows=0 loops=1783)
                                                  Index Cond: (movie_id = mi.movie_id)
                                                  Heap Fetches: 0
                                      ->  Index Scan using title_pkey on title t  (cost=0.43..0.95 rows=1 width=21) (actual time=0.011..0.011 rows=1 loops=120)
                                            Index Cond: (id = at.movie_id)
                                            Filter: (production_year > 1990)
                                ->  Index Scan using movie_id_movie_companies on movie_companies mc  (cost=0.43..0.58 rows=5 width=12) (actual time=0.012..0.018 rows=3 loops=120)
                                      Index Cond: (movie_id = t.id)
                          ->  Index Scan using company_name_pkey on company_name cn  (cost=0.42..0.45 rows=1 width=4) (actual time=0.006..0.006 rows=1 loops=400)
                                Index Cond: (id = mc.company_id)
                                Filter: ((country_code)::text = '[us]'::text)
                                Rows Removed by Filter: 0
                    ->  Index Only Scan using company_type_pkey on company_type ct  (cost=0.13..0.15 rows=1 width=4) (actual time=0.001..0.001 rows=1 loops=284)
                          Index Cond: (id = mc.company_type_id)
                          Heap Fetches: 0
              ->  Index Scan using movie_id_movie_keyword on movie_keyword mk  (cost=0.43..1.30 rows=45 width=8) (actual time=1.295..1.299 rows=8 loops=284)
                    Index Cond: (movie_id = t.id)
        ->  Index Only Scan using keyword_pkey on keyword k  (cost=0.42..0.44 rows=1 width=4) (actual time=0.051..0.051 rows=1 loops=2271)
              Index Cond: (id = mk.keyword_id)
              Heap Fetches: 0
Planning time: 12.027 ms
Execution time: 1557.572 ms
