Aggregate  (cost=179141.48..179141.49 rows=1 width=64) (actual time=825.925..825.925 rows=1 loops=1)
  ->  Hash Join  (cost=3921.20..179141.04 rows=88 width=59) (actual time=169.916..823.991 rows=2271 loops=1)
        Hash Cond: (mc.company_type_id = ct.id)
        ->  Nested Loop  (cost=3920.11..179139.03 rows=88 width=63) (actual time=169.899..823.034 rows=2271 loops=1)
              ->  Nested Loop  (cost=3919.69..179129.22 rows=22 width=67) (actual time=169.885..814.714 rows=3123 loops=1)
                    ->  Nested Loop  (cost=3919.27..179119.59 rows=22 width=71) (actual time=169.874..806.507 rows=3123 loops=1)
                          ->  Nested Loop  (cost=3918.83..179117.83 rows=1 width=83) (actual time=169.865..803.605 rows=400 loops=1)
                                Join Filter: (at.movie_id = t.id)
                                ->  Nested Loop  (cost=3918.40..179117.30 rows=1 width=62) (actual time=169.852..802.056 rows=400 loops=1)
                                      ->  Nested Loop  (cost=3917.97..179116.45 rows=1 width=50) (actual time=169.837..800.996 rows=120 loops=1)
                                            ->  Nested Loop  (cost=3917.55..178816.84 rows=74 width=46) (actual time=168.207..793.591 rows=1783 loops=1)
                                                  ->  Seq Scan on info_type it1  (cost=0.00..2.41 rows=1 width=4) (actual time=0.006..0.020 rows=1 loops=1)
                                                        Filter: ((info)::text = 'release dates'::text)
                                                        Rows Removed by Filter: 112
                                                  ->  Bitmap Heap Scan on movie_info mi  (cost=3917.55..178814.39 rows=4 width=50) (actual time=168.197..793.182 rows=1783 loops=1)
                                                        Recheck Cond: (info_type_id = it1.id)
                                                        Filter: ((info IS NOT NULL) AND (note ~~ '%internet%'::text) AND ((info ~~ 'USA:% 199%'::text) OR (info ~~ 'USA:% 200%'::text)))
                                                        Rows Removed by Filter: 3034936
                                                        Heap Blocks: exact=25448
                                                        ->  Bitmap Index Scan on info_type_id_movie_info  (cost=0.00..3917.55 rows=211882 width=0) (actual time=162.511..162.511 rows=3036719 loops=1)
                                                              Index Cond: (info_type_id = it1.id)
                                            ->  Index Only Scan using movie_id_aka_title on aka_title at  (cost=0.42..4.02 rows=3 width=4) (actual time=0.004..0.004 rows=0 loops=1783)
                                                  Index Cond: (movie_id = mi.movie_id)
                                                  Heap Fetches: 0
                                      ->  Index Scan using movie_id_movie_companies on movie_companies mc  (cost=0.43..0.80 rows=5 width=12) (actual time=0.005..0.007 rows=3 loops=120)
                                            Index Cond: (movie_id = at.movie_id)
                                ->  Index Scan using title_pkey on title t  (cost=0.43..0.52 rows=1 width=21) (actual time=0.003..0.003 rows=1 loops=400)
                                      Index Cond: (id = mc.movie_id)
                                      Filter: (production_year > 1990)
                          ->  Index Scan using movie_id_movie_keyword on movie_keyword mk  (cost=0.43..1.30 rows=45 width=8) (actual time=0.003..0.005 rows=8 loops=400)
                                Index Cond: (movie_id = t.id)
                    ->  Index Only Scan using keyword_pkey on keyword k  (cost=0.42..0.44 rows=1 width=4) (actual time=0.002..0.002 rows=1 loops=3123)
                          Index Cond: (id = mk.keyword_id)
                          Heap Fetches: 0
              ->  Index Scan using company_name_pkey on company_name cn  (cost=0.42..0.45 rows=1 width=4) (actual time=0.002..0.002 rows=1 loops=3123)
                    Index Cond: (id = mc.company_id)
                    Filter: ((country_code)::text = '[us]'::text)
                    Rows Removed by Filter: 0
        ->  Hash  (cost=1.04..1.04 rows=4 width=4) (actual time=0.008..0.008 rows=4 loops=1)
              Buckets: 1024  Batches: 1  Memory Usage: 9kB
              ->  Seq Scan on company_type ct  (cost=0.00..1.04 rows=4 width=4) (actual time=0.004..0.005 rows=4 loops=1)
Planning time: 12.345 ms
Execution time: 826.018 ms
