Aggregate  (cost=143825.28..143825.29 rows=1 width=64) (actual time=40315.876..40315.876 rows=1 loops=1)
  ->  Nested Loop  (cost=7010.88..143819.72 rows=1111 width=33) (actual time=76.350..37710.455 rows=3710592 loops=1)
        ->  Nested Loop  (cost=7010.45..143317.03 rows=1111 width=28) (actual time=76.318..28430.864 rows=3710592 loops=1)
              Join Filter: (an.person_id = n.id)
              ->  Nested Loop  (cost=7010.02..142804.12 rows=1111 width=36) (actual time=76.302..17861.906 rows=3710592 loops=1)
                    ->  Nested Loop  (cost=7009.60..142256.14 rows=1138 width=16) (actual time=76.289..6723.585 rows=2832555 loops=1)
                          ->  Hash Join  (cost=7009.03..37695.43 rows=54422 width=8) (actual time=76.150..693.665 rows=68316 loops=1)
                                Hash Cond: (mc.company_id = cn.id)
                                ->  Nested Loop  (cost=7.23..28508.37 rows=173091 width=12) (actual time=7.181..522.606 rows=148552 loops=1)
                                      ->  Nested Loop  (cost=6.80..3757.63 rows=41919 width=4) (actual time=7.145..163.755 rows=41840 loops=1)
                                            ->  Seq Scan on keyword k  (cost=0.00..2626.12 rows=1 width=4) (actual time=0.747..18.294 rows=1 loops=1)
                                                  Filter: (keyword = 'character-name-in-title'::text)
                                                  Rows Removed by Filter: 134169
                                            ->  Bitmap Heap Scan on movie_keyword mk  (cost=6.80..1128.44 rows=306 width=8) (actual time=6.396..133.941 rows=41840 loops=1)
                                                  Recheck Cond: (keyword_id = k.id)
                                                  Heap Blocks: exact=11541
                                                  ->  Bitmap Index Scan on keyword_id_movie_keyword  (cost=0.00..6.73 rows=306 width=0) (actual time=4.250..4.250 rows=41840 loops=1)
                                                        Index Cond: (keyword_id = k.id)
                                      ->  Index Scan using movie_id_movie_companies on movie_companies mc  (cost=0.43..0.54 rows=5 width=8) (actual time=0.005..0.007 rows=4 loops=41840)
                                            Index Cond: (movie_id = mk.movie_id)
                                ->  Hash  (cost=5932.46..5932.46 rows=85547 width=4) (actual time=68.754..68.754 rows=84843 loops=1)
                                      Buckets: 131072  Batches: 1  Memory Usage: 4007kB
                                      ->  Seq Scan on company_name cn  (cost=0.00..5932.46 rows=85547 width=4) (actual time=0.012..53.718 rows=84843 loops=1)
                                            Filter: ((country_code)::text = '[us]'::text)
                                            Rows Removed by Filter: 150154
                          ->  Index Scan using movie_id_cast_info on cast_info ci  (cost=0.56..1.54 rows=38 width=8) (actual time=0.007..0.078 rows=41 loops=68316)
                                Index Cond: (movie_id = mk.movie_id)
                    ->  Index Scan using person_id_aka_name on aka_name an  (cost=0.42..0.46 rows=2 width=20) (actual time=0.003..0.003 rows=1 loops=2832555)
                          Index Cond: (person_id = ci.person_id)
              ->  Index Only Scan using name_pkey on name n  (cost=0.43..0.45 rows=1 width=4) (actual time=0.002..0.002 rows=1 loops=3710592)
                    Index Cond: (id = ci.person_id)
                    Heap Fetches: 0
        ->  Index Scan using title_pkey on title t  (cost=0.43..0.45 rows=1 width=21) (actual time=0.002..0.002 rows=1 loops=3710592)
              Index Cond: (id = ci.movie_id)
Planning time: 6.470 ms
Execution time: 40315.989 ms
