Aggregate  (cost=43584.52..43584.53 rows=1 width=64) (actual time=5410.872..5410.873 rows=1 loops=1)
  ->  Nested Loop  (cost=9.50..43582.46 rows=412 width=33) (actual time=9.885..5200.559 rows=319932 loops=1)
        Join Filter: (an.person_id = n.id)
        ->  Nested Loop  (cost=9.07..43392.25 rows=412 width=41) (actual time=9.873..4309.013 rows=319932 loops=1)
              ->  Nested Loop  (cost=8.65..43189.05 rows=422 width=21) (actual time=9.859..3403.305 rows=221609 loops=1)
                    ->  Nested Loop  (cost=8.23..39366.41 rows=8573 width=25) (actual time=7.156..2561.090 rows=329808 loops=1)
                          Join Filter: (t.id = ci.movie_id)
                          ->  Nested Loop  (cost=7.66..27331.14 rows=5969 width=33) (actual time=7.137..478.803 rows=11406 loops=1)
                                Join Filter: (t.id = mc.movie_id)
                                ->  Nested Loop  (cost=7.23..24288.70 rows=5046 width=25) (actual time=7.058..432.996 rows=6926 loops=1)
                                      ->  Nested Loop  (cost=6.80..3757.63 rows=41919 width=4) (actual time=7.034..125.034 rows=41840 loops=1)
                                            ->  Seq Scan on keyword k  (cost=0.00..2626.12 rows=1 width=4) (actual time=0.746..16.888 rows=1 loops=1)
                                                  Filter: (keyword = 'character-name-in-title'::text)
                                                  Rows Removed by Filter: 134169
                                            ->  Bitmap Heap Scan on movie_keyword mk  (cost=6.80..1128.44 rows=306 width=8) (actual time=6.286..99.435 rows=41840 loops=1)
                                                  Recheck Cond: (keyword_id = k.id)
                                                  Heap Blocks: exact=11541
                                                  ->  Bitmap Index Scan on keyword_id_movie_keyword  (cost=0.00..6.73 rows=306 width=0) (actual time=4.154..4.154 rows=41840 loops=1)
                                                        Index Cond: (keyword_id = k.id)
                                      ->  Index Scan using title_pkey on title t  (cost=0.43..0.49 rows=1 width=21) (actual time=0.007..0.007 rows=0 loops=41840)
                                            Index Cond: (id = mk.movie_id)
                                            Filter: (episode_nr < 100)
                                            Rows Removed by Filter: 1
                                ->  Index Scan using movie_id_movie_companies on movie_companies mc  (cost=0.43..0.54 rows=5 width=8) (actual time=0.004..0.005 rows=2 loops=6926)
                                      Index Cond: (movie_id = mk.movie_id)
                          ->  Index Scan using movie_id_cast_info on cast_info ci  (cost=0.56..1.54 rows=38 width=8) (actual time=0.130..0.174 rows=29 loops=11406)
                                Index Cond: (movie_id = mk.movie_id)
                    ->  Index Scan using company_name_pkey on company_name cn  (cost=0.42..0.45 rows=1 width=4) (actual time=0.002..0.002 rows=1 loops=329808)
                          Index Cond: (id = mc.company_id)
                          Filter: ((country_code)::text = '[us]'::text)
                          Rows Removed by Filter: 0
              ->  Index Scan using person_id_aka_name on aka_name an  (cost=0.42..0.46 rows=2 width=20) (actual time=0.003..0.003 rows=1 loops=221609)
                    Index Cond: (person_id = ci.person_id)
        ->  Index Only Scan using name_pkey on name n  (cost=0.43..0.45 rows=1 width=4) (actual time=0.002..0.002 rows=1 loops=319932)
              Index Cond: (id = ci.person_id)
              Heap Fetches: 0
Planning time: 5.743 ms
Execution time: 5410.975 ms
