Aggregate  (cost=38711.30..38711.31 rows=1 width=64) (actual time=2687.903..2687.903 rows=1 loops=1)
  ->  Nested Loop  (cost=7010.88..38709.58 rows=343 width=33) (actual time=73.852..2548.763 rows=249455 loops=1)
        Join Filter: (n.id = an.person_id)
        ->  Nested Loop  (cost=7010.46..38574.33 rows=278 width=25) (actual time=73.831..1855.011 rows=169273 loops=1)
              ->  Nested Loop  (cost=7010.03..38449.46 rows=278 width=21) (actual time=73.816..1271.130 rows=169273 loops=1)
                    Join Filter: (t.id = ci.movie_id)
                    ->  Nested Loop  (cost=7009.46..38405.10 rows=22 width=29) (actual time=73.786..884.998 rows=6766 loops=1)
                          ->  Hash Join  (cost=7009.03..38365.72 rows=80 width=8) (actual time=73.447..553.412 rows=68316 loops=1)
                                Hash Cond: (mc.company_id = cn.id)
                                ->  Nested Loop  (cost=7.23..28508.37 rows=226183 width=12) (actual time=6.903..429.801 rows=148552 loops=1)
                                      ->  Nested Loop  (cost=6.80..3757.63 rows=41919 width=4) (actual time=6.873..129.869 rows=41840 loops=1)
                                            ->  Seq Scan on keyword k  (cost=0.00..2626.12 rows=1 width=4) (actual time=0.720..17.655 rows=1 loops=1)
                                                  Filter: (keyword = 'character-name-in-title'::text)
                                                  Rows Removed by Filter: 134169
                                            ->  Bitmap Heap Scan on movie_keyword mk  (cost=6.80..1128.44 rows=306 width=8) (actual time=6.150..103.326 rows=41840 loops=1)
                                                  Recheck Cond: (keyword_id = k.id)
                                                  Heap Blocks: exact=11541
                                                  ->  Bitmap Index Scan on keyword_id_movie_keyword  (cost=0.00..6.73 rows=306 width=0) (actual time=4.022..4.022 rows=41840 loops=1)
                                                        Index Cond: (keyword_id = k.id)
                                      ->  Index Scan using movie_id_movie_companies on movie_companies mc  (cost=0.43..0.54 rows=5 width=8) (actual time=0.004..0.006 rows=4 loops=41840)
                                            Index Cond: (movie_id = mk.movie_id)
                                ->  Hash  (cost=5932.46..5932.46 rows=85547 width=4) (actual time=66.334..66.334 rows=84843 loops=1)
                                      Buckets: 131072  Batches: 1  Memory Usage: 4007kB
                                      ->  Seq Scan on company_name cn  (cost=0.00..5932.46 rows=85547 width=4) (actual time=0.010..51.558 rows=84843 loops=1)
                                            Filter: ((country_code)::text = '[us]'::text)
                                            Rows Removed by Filter: 150154
                          ->  Index Scan using title_pkey on title t  (cost=0.43..0.49 rows=1 width=21) (actual time=0.004..0.004 rows=0 loops=68316)
                                Index Cond: (id = mk.movie_id)
                                Filter: ((episode_nr >= 5) AND (episode_nr < 100))
                                Rows Removed by Filter: 1
                    ->  Index Scan using movie_id_cast_info on cast_info ci  (cost=0.56..1.54 rows=38 width=8) (actual time=0.006..0.049 rows=25 loops=6766)
                          Index Cond: (movie_id = mk.movie_id)
              ->  Index Only Scan using name_pkey on name n  (cost=0.43..0.45 rows=1 width=4) (actual time=0.003..0.003 rows=1 loops=169273)
                    Index Cond: (id = ci.person_id)
                    Heap Fetches: 0
        ->  Index Scan using person_id_aka_name on aka_name an  (cost=0.42..0.46 rows=2 width=20) (actual time=0.003..0.003 rows=1 loops=169273)
              Index Cond: (person_id = ci.person_id)
Planning time: 6.528 ms
Execution time: 2688.020 ms
