Aggregate  (cost=39024.48..39024.49 rows=1 width=64) (actual time=19166.761..19166.761 rows=1 loops=1)
  ->  Nested Loop  (cost=7010.46..39024.06 rows=83 width=15) (actual time=84.338..18972.531 rows=258289 loops=1)
        ->  Nested Loop  (cost=7010.03..38986.84 rows=83 width=27) (actual time=75.136..18315.116 rows=258289 loops=1)
              ->  Nested Loop  (cost=7009.60..38519.42 rows=1021 width=16) (actual time=75.084..6216.328 rows=2832555 loops=1)
                    ->  Hash Join  (cost=7009.03..38365.72 rows=80 width=8) (actual time=74.941..664.539 rows=68316 loops=1)
                          Hash Cond: (mc.company_id = cn.id)
                          ->  Nested Loop  (cost=7.23..28508.37 rows=226183 width=12) (actual time=7.217..499.443 rows=148552 loops=1)
                                ->  Nested Loop  (cost=6.80..3757.63 rows=41919 width=4) (actual time=7.179..159.273 rows=41840 loops=1)
                                      ->  Seq Scan on keyword k  (cost=0.00..2626.12 rows=1 width=4) (actual time=0.768..17.985 rows=1 loops=1)
                                            Filter: (keyword = 'character-name-in-title'::text)
                                            Rows Removed by Filter: 134169
                                      ->  Bitmap Heap Scan on movie_keyword mk  (cost=6.80..1128.44 rows=306 width=8) (actual time=6.408..130.780 rows=41840 loops=1)
                                            Recheck Cond: (keyword_id = k.id)
                                            Heap Blocks: exact=11541
                                            ->  Bitmap Index Scan on keyword_id_movie_keyword  (cost=0.00..6.73 rows=306 width=0) (actual time=4.246..4.246 rows=41840 loops=1)
                                                  Index Cond: (keyword_id = k.id)
                                ->  Index Scan using movie_id_movie_companies on movie_companies mc  (cost=0.43..0.54 rows=5 width=8) (actual time=0.005..0.007 rows=4 loops=41840)
                                      Index Cond: (movie_id = mk.movie_id)
                          ->  Hash  (cost=5932.46..5932.46 rows=85547 width=4) (actual time=67.512..67.512 rows=84843 loops=1)
                                Buckets: 131072  Batches: 1  Memory Usage: 4007kB
                                ->  Seq Scan on company_name cn  (cost=0.00..5932.46 rows=85547 width=4) (actual time=0.012..53.094 rows=84843 loops=1)
                                      Filter: ((country_code)::text = '[us]'::text)
                                      Rows Removed by Filter: 150154
                    ->  Index Scan using movie_id_cast_info on cast_info ci  (cost=0.56..1.54 rows=38 width=8) (actual time=0.006..0.072 rows=41 loops=68316)
                          Index Cond: (movie_id = mk.movie_id)
              ->  Index Scan using name_pkey on name n  (cost=0.43..0.46 rows=1 width=19) (actual time=0.004..0.004 rows=0 loops=2832555)
                    Index Cond: (id = ci.person_id)
                    Filter: (name ~~ 'B%'::text)
                    Rows Removed by Filter: 1
        ->  Index Only Scan using title_pkey on title t  (cost=0.43..0.45 rows=1 width=4) (actual time=0.002..0.002 rows=1 loops=258289)
              Index Cond: (id = ci.movie_id)
              Heap Fetches: 0
Planning time: 3.540 ms
Execution time: 19166.868 ms
