Aggregate  (cost=205663.09..205663.10 rows=1 width=64) (actual time=8250.068..8250.068 rows=1 loops=1)
  ->  Nested Loop  (cost=97607.41..205663.09 rows=1 width=15) (actual time=7443.552..8223.116 rows=52306 loops=1)
        ->  Nested Loop  (cost=97606.98..205662.64 rows=1 width=27) (actual time=7443.489..8099.900 rows=52306 loops=1)
              ->  Nested Loop  (cost=97606.56..205661.76 rows=2 width=31) (actual time=7432.196..7953.012 rows=52306 loops=1)
                    ->  Hash Join  (cost=97606.13..205607.01 rows=96 width=23) (actual time=7432.142..7839.180 rows=6642 loops=1)
                          Hash Cond: (n.id = ci.person_id)
                          ->  Seq Scan on name n  (cost=0.00..107704.84 rows=414 width=19) (actual time=270.419..651.648 rows=36174 loops=1)
                                Filter: (name ~~ 'Z%'::text)
                                Rows Removed by Filter: 4131317
                          ->  Hash  (cost=84296.38..84296.38 rows=1064780 width=12) (actual time=7158.451..7158.451 rows=1038393 loops=1)
                                Buckets: 2097152  Batches: 1  Memory Usage: 61003kB
                                ->  Nested Loop  (cost=7.37..84296.38 rows=1064780 width=12) (actual time=7.192..6749.994 rows=1038393 loops=1)
                                      ->  Nested Loop  (cost=6.80..3757.63 rows=41919 width=4) (actual time=7.155..137.723 rows=41840 loops=1)
                                            ->  Seq Scan on keyword k  (cost=0.00..2626.12 rows=1 width=4) (actual time=0.753..18.134 rows=1 loops=1)
                                                  Filter: (keyword = 'character-name-in-title'::text)
                                                  Rows Removed by Filter: 134169
                                            ->  Bitmap Heap Scan on movie_keyword mk  (cost=6.80..1128.44 rows=306 width=8) (actual time=6.395..109.519 rows=41840 loops=1)
                                                  Recheck Cond: (keyword_id = k.id)
                                                  Heap Blocks: exact=11541
                                                  ->  Bitmap Index Scan on keyword_id_movie_keyword  (cost=0.00..6.73 rows=306 width=0) (actual time=4.236..4.236 rows=41840 loops=1)
                                                        Index Cond: (keyword_id = k.id)
                                      ->  Index Scan using movie_id_cast_info on cast_info ci  (cost=0.56..1.54 rows=38 width=8) (actual time=0.060..0.151 rows=25 loops=41840)
                                            Index Cond: (movie_id = mk.movie_id)
                    ->  Index Scan using movie_id_movie_companies on movie_companies mc  (cost=0.43..0.52 rows=5 width=8) (actual time=0.010..0.015 rows=8 loops=6642)
                          Index Cond: (movie_id = ci.movie_id)
              ->  Index Only Scan using company_name_pkey on company_name cn  (cost=0.42..0.44 rows=1 width=4) (actual time=0.002..0.002 rows=1 loops=52306)
                    Index Cond: (id = mc.company_id)
                    Heap Fetches: 0
        ->  Index Only Scan using title_pkey on title t  (cost=0.43..0.45 rows=1 width=4) (actual time=0.002..0.002 rows=1 loops=52306)
              Index Cond: (id = ci.movie_id)
              Heap Fetches: 0
Planning time: 3.612 ms
Execution time: 8250.580 ms
