Aggregate  (cost=41280.16..41280.17 rows=1 width=32) (actual time=38299.121..38299.121 rows=1 loops=1)
  ->  Nested Loop  (cost=8291.09..41280.16 rows=1 width=15) (actual time=173.124..38285.716 rows=11538 loops=1)
        ->  Nested Loop  (cost=8290.66..41279.71 rows=1 width=27) (actual time=173.095..38239.922 rows=11538 loops=1)
              ->  Nested Loop  (cost=8290.23..39996.02 rows=2804 width=16) (actual time=97.971..11172.576 rows=7796926 loops=1)
                    ->  Hash Join  (cost=8289.67..39646.35 rows=182 width=8) (actual time=97.837..807.544 rows=148552 loops=1)
                          Hash Cond: (mc.company_id = cn.id)
                          ->  Nested Loop  (cost=7.23..28508.37 rows=226183 width=12) (actual time=7.188..536.432 rows=148552 loops=1)
                                ->  Nested Loop  (cost=6.80..3757.63 rows=41919 width=4) (actual time=7.151..167.094 rows=41840 loops=1)
                                      ->  Seq Scan on keyword k  (cost=0.00..2626.12 rows=1 width=4) (actual time=0.738..17.257 rows=1 loops=1)
                                            Filter: (keyword = 'character-name-in-title'::text)
                                            Rows Removed by Filter: 134169
                                      ->  Bitmap Heap Scan on movie_keyword mk  (cost=6.80..1128.44 rows=306 width=8) (actual time=6.410..138.813 rows=41840 loops=1)
                                            Recheck Cond: (keyword_id = k.id)
                                            Heap Blocks: exact=11541
                                            ->  Bitmap Index Scan on keyword_id_movie_keyword  (cost=0.00..6.73 rows=306 width=0) (actual time=4.274..4.274 rows=41840 loops=1)
                                                  Index Cond: (keyword_id = k.id)
                                ->  Index Scan using movie_id_movie_companies on movie_companies mc  (cost=0.43..0.54 rows=5 width=8) (actual time=0.005..0.007 rows=4 loops=41840)
                                      Index Cond: (movie_id = mk.movie_id)
                          ->  Hash  (cost=5344.97..5344.97 rows=234997 width=4) (actual time=90.330..90.330 rows=234997 loops=1)
                                Buckets: 262144  Batches: 1  Memory Usage: 10310kB
                                ->  Seq Scan on company_name cn  (cost=0.00..5344.97 rows=234997 width=4) (actual time=0.011..51.038 rows=234997 loops=1)
                    ->  Index Scan using movie_id_cast_info on cast_info ci  (cost=0.56..1.54 rows=38 width=8) (actual time=0.006..0.059 rows=52 loops=148552)
                          Index Cond: (movie_id = mk.movie_id)
              ->  Index Scan using name_pkey on name n  (cost=0.43..0.46 rows=1 width=19) (actual time=0.003..0.003 rows=0 loops=7796926)
                    Index Cond: (id = ci.person_id)
                    Filter: (name ~~ '%Bert%'::text)
                    Rows Removed by Filter: 1
        ->  Index Only Scan using title_pkey on title t  (cost=0.43..0.45 rows=1 width=4) (actual time=0.003..0.003 rows=1 loops=11538)
              Index Cond: (id = ci.movie_id)
              Heap Fetches: 0
Planning time: 4.302 ms
Execution time: 38299.307 ms
