Aggregate  (cost=205663.09..205663.10 rows=1 width=32) (actual time=5869.054..5869.054 rows=1 loops=1)
  ->  Nested Loop  (cost=97607.41..205663.09 rows=1 width=15) (actual time=4888.781..5862.830 rows=11538 loops=1)
        ->  Nested Loop  (cost=97606.98..205662.64 rows=1 width=27) (actual time=4888.735..5830.346 rows=11538 loops=1)
              ->  Nested Loop  (cost=97606.56..205661.76 rows=2 width=31) (actual time=4888.690..5794.020 rows=11538 loops=1)
                    ->  Hash Join  (cost=97606.13..205607.01 rows=96 width=23) (actual time=4888.649..5755.460 rows=1972 loops=1)
                          Hash Cond: (n.id = ci.person_id)
                          ->  Seq Scan on name n  (cost=0.00..107704.84 rows=414 width=19) (actual time=0.808..864.764 rows=5216 loops=1)
                                Filter: (name ~~ '%Bert%'::text)
                                Rows Removed by Filter: 4162275
                          ->  Hash  (cost=84296.38..84296.38 rows=1064780 width=12) (actual time=4882.654..4882.654 rows=1038393 loops=1)
                                Buckets: 2097152  Batches: 1  Memory Usage: 61003kB
                                ->  Nested Loop  (cost=7.37..84296.38 rows=1064780 width=12) (actual time=7.456..4485.534 rows=1038393 loops=1)
                                      ->  Nested Loop  (cost=6.80..3757.63 rows=41919 width=4) (actual time=7.425..135.609 rows=41840 loops=1)
                                            ->  Seq Scan on keyword k  (cost=0.00..2626.12 rows=1 width=4) (actual time=0.729..18.055 rows=1 loops=1)
                                                  Filter: (keyword = 'character-name-in-title'::text)
                                                  Rows Removed by Filter: 134169
                                            ->  Bitmap Heap Scan on movie_keyword mk  (cost=6.80..1128.44 rows=306 width=8) (actual time=6.692..107.957 rows=41840 loops=1)
                                                  Recheck Cond: (keyword_id = k.id)
                                                  Heap Blocks: exact=11541
                                                  ->  Bitmap Index Scan on keyword_id_movie_keyword  (cost=0.00..6.73 rows=306 width=0) (actual time=4.537..4.537 rows=41840 loops=1)
                                                        Index Cond: (keyword_id = k.id)
                                      ->  Index Scan using movie_id_cast_info on cast_info ci  (cost=0.56..1.54 rows=38 width=8) (actual time=0.009..0.098 rows=25 loops=41840)
                                            Index Cond: (movie_id = mk.movie_id)
                    ->  Index Scan using movie_id_movie_companies on movie_companies mc  (cost=0.43..0.52 rows=5 width=8) (actual time=0.012..0.018 rows=6 loops=1972)
                          Index Cond: (movie_id = ci.movie_id)
              ->  Index Only Scan using company_name_pkey on company_name cn  (cost=0.42..0.44 rows=1 width=4) (actual time=0.003..0.003 rows=1 loops=11538)
                    Index Cond: (id = mc.company_id)
                    Heap Fetches: 0
        ->  Index Only Scan using title_pkey on title t  (cost=0.43..0.45 rows=1 width=4) (actual time=0.002..0.002 rows=1 loops=11538)
              Index Cond: (id = ci.movie_id)
              Heap Fetches: 0
Planning time: 3.612 ms
Execution time: 5869.396 ms
