Aggregate  (cost=39030.88..39030.89 rows=1 width=32) (actual time=20198.831..20198.831 rows=1 loops=1)
  ->  Nested Loop  (cost=7010.46..39028.32 rows=1021 width=15) (actual time=75.818..18878.828 rows=2832555 loops=1)
        ->  Nested Loop  (cost=7010.03..38563.46 rows=1021 width=4) (actual time=75.785..7014.496 rows=2832555 loops=1)
              Join Filter: (t.id = ci.movie_id)
              ->  Nested Loop  (cost=7009.46..38402.15 rows=80 width=12) (actual time=75.635..917.604 rows=68316 loops=1)
                    ->  Hash Join  (cost=7009.03..38365.72 rows=80 width=8) (actual time=75.606..672.517 rows=68316 loops=1)
                          Hash Cond: (mc.company_id = cn.id)
                          ->  Nested Loop  (cost=7.23..28508.37 rows=226183 width=12) (actual time=7.435..506.989 rows=148552 loops=1)
                                ->  Nested Loop  (cost=6.80..3757.63 rows=41919 width=4) (actual time=7.396..158.687 rows=41840 loops=1)
                                      ->  Seq Scan on keyword k  (cost=0.00..2626.12 rows=1 width=4) (actual time=0.756..18.328 rows=1 loops=1)
                                            Filter: (keyword = 'character-name-in-title'::text)
                                            Rows Removed by Filter: 134169
                                      ->  Bitmap Heap Scan on movie_keyword mk  (cost=6.80..1128.44 rows=306 width=8) (actual time=6.638..130.387 rows=41840 loops=1)
                                            Recheck Cond: (keyword_id = k.id)
                                            Heap Blocks: exact=11541
                                            ->  Bitmap Index Scan on keyword_id_movie_keyword  (cost=0.00..6.73 rows=306 width=0) (actual time=4.500..4.500 rows=41840 loops=1)
                                                  Index Cond: (keyword_id = k.id)
                                ->  Index Scan using movie_id_movie_companies on movie_companies mc  (cost=0.43..0.54 rows=5 width=8) (actual time=0.005..0.007 rows=4 loops=41840)
                                      Index Cond: (movie_id = mk.movie_id)
                          ->  Hash  (cost=5932.46..5932.46 rows=85547 width=4) (actual time=67.548..67.548 rows=84843 loops=1)
                                Buckets: 131072  Batches: 1  Memory Usage: 4007kB
                                ->  Seq Scan on company_name cn  (cost=0.00..5932.46 rows=85547 width=4) (actual time=0.011..50.950 rows=84843 loops=1)
                                      Filter: ((country_code)::text = '[us]'::text)
                                      Rows Removed by Filter: 150154
                    ->  Index Only Scan using title_pkey on title t  (cost=0.43..0.46 rows=1 width=4) (actual time=0.003..0.003 rows=1 loops=68316)
                          Index Cond: (id = mk.movie_id)
                          Heap Fetches: 0
              ->  Index Scan using movie_id_cast_info on cast_info ci  (cost=0.56..1.54 rows=38 width=8) (actual time=0.006..0.078 rows=41 loops=68316)
                    Index Cond: (movie_id = mk.movie_id)
        ->  Index Scan using name_pkey on name n  (cost=0.43..0.46 rows=1 width=19) (actual time=0.004..0.004 rows=1 loops=2832555)
              Index Cond: (id = ci.person_id)
Planning time: 3.505 ms
Execution time: 20198.936 ms
