Aggregate  (cost=143287.50..143287.51 rows=1 width=32) (actual time=26754.882..26754.882 rows=1 loops=1)
  ->  Nested Loop  (cost=7010.46..143284.66 rows=1138 width=15) (actual time=75.948..25351.996 rows=2832555 loops=1)
        ->  Nested Loop  (cost=7010.03..142774.27 rows=1138 width=27) (actual time=75.918..19445.797 rows=2832555 loops=1)
              ->  Nested Loop  (cost=7009.60..142256.14 rows=1138 width=16) (actual time=75.882..7062.771 rows=2832555 loops=1)
                    ->  Hash Join  (cost=7009.03..37695.43 rows=54422 width=8) (actual time=75.743..684.004 rows=68316 loops=1)
                          Hash Cond: (mc.company_id = cn.id)
                          ->  Nested Loop  (cost=7.23..28508.37 rows=173091 width=12) (actual time=7.054..511.882 rows=148552 loops=1)
                                ->  Nested Loop  (cost=6.80..3757.63 rows=41919 width=4) (actual time=7.019..161.712 rows=41840 loops=1)
                                      ->  Seq Scan on keyword k  (cost=0.00..2626.12 rows=1 width=4) (actual time=0.748..18.296 rows=1 loops=1)
                                            Filter: (keyword = 'character-name-in-title'::text)
                                            Rows Removed by Filter: 134169
                                      ->  Bitmap Heap Scan on movie_keyword mk  (cost=6.80..1128.44 rows=306 width=8) (actual time=6.268..132.840 rows=41840 loops=1)
                                            Recheck Cond: (keyword_id = k.id)
                                            Heap Blocks: exact=11541
                                            ->  Bitmap Index Scan on keyword_id_movie_keyword  (cost=0.00..6.73 rows=306 width=0) (actual time=4.132..4.132 rows=41840 loops=1)
                                                  Index Cond: (keyword_id = k.id)
                                ->  Index Scan using movie_id_movie_companies on movie_companies mc  (cost=0.43..0.54 rows=5 width=8) (actual time=0.005..0.007 rows=4 loops=41840)
                                      Index Cond: (movie_id = mk.movie_id)
                          ->  Hash  (cost=5932.46..5932.46 rows=85547 width=4) (actual time=68.470..68.470 rows=84843 loops=1)
                                Buckets: 131072  Batches: 1  Memory Usage: 4007kB
                                ->  Seq Scan on company_name cn  (cost=0.00..5932.46 rows=85547 width=4) (actual time=0.013..53.594 rows=84843 loops=1)
                                      Filter: ((country_code)::text = '[us]'::text)
                                      Rows Removed by Filter: 150154
                    ->  Index Scan using movie_id_cast_info on cast_info ci  (cost=0.56..1.54 rows=38 width=8) (actual time=0.007..0.082 rows=41 loops=68316)
                          Index Cond: (movie_id = mk.movie_id)
              ->  Index Scan using name_pkey on name n  (cost=0.43..0.46 rows=1 width=19) (actual time=0.004..0.004 rows=1 loops=2832555)
                    Index Cond: (id = ci.person_id)
        ->  Index Only Scan using title_pkey on title t  (cost=0.43..0.45 rows=1 width=4) (actual time=0.002..0.002 rows=1 loops=2832555)
              Index Cond: (id = ci.movie_id)
              Heap Fetches: 0
Planning time: 3.527 ms
Execution time: 26754.984 ms
