Aggregate  (cost=281613.47..281613.48 rows=1 width=32) (actual time=13054.823..13054.823 rows=1 loops=1)
  ->  Nested Loop  (cost=113515.36..281612.69 rows=313 width=15) (actual time=1103.781..12541.816 rows=1113120 loops=1)
        ->  Nested Loop  (cost=113514.93..281472.31 rows=313 width=27) (actual time=1103.762..10285.352 rows=1113120 loops=1)
              ->  Nested Loop  (cost=113514.51..280343.71 rows=2572 width=31) (actual time=1103.723..7663.787 rows=1113120 loops=1)
                    ->  Hash Join  (cost=113514.08..211245.94 rows=121147 width=23) (actual time=1103.134..6446.425 rows=149494 loops=1)
                          Hash Cond: (ci.person_id = n.id)
                          ->  Nested Loop  (cost=7.37..84296.38 rows=1064780 width=12) (actual time=7.109..4890.489 rows=1038393 loops=1)
                                ->  Nested Loop  (cost=6.80..3757.63 rows=41919 width=4) (actual time=7.081..142.686 rows=41840 loops=1)
                                      ->  Seq Scan on keyword k  (cost=0.00..2626.12 rows=1 width=4) (actual time=0.765..18.160 rows=1 loops=1)
                                            Filter: (keyword = 'character-name-in-title'::text)
                                            Rows Removed by Filter: 134169
                                      ->  Bitmap Heap Scan on movie_keyword mk  (cost=6.80..1128.44 rows=306 width=8) (actual time=6.313..113.733 rows=41840 loops=1)
                                            Recheck Cond: (keyword_id = k.id)
                                            Heap Blocks: exact=11541
                                            ->  Bitmap Index Scan on keyword_id_movie_keyword  (cost=0.00..6.73 rows=306 width=0) (actual time=4.176..4.176 rows=41840 loops=1)
                                                  Index Cond: (keyword_id = k.id)
                                ->  Index Scan using movie_id_cast_info on cast_info ci  (cost=0.56..1.54 rows=38 width=8) (actual time=0.010..0.107 rows=25 loops=41840)
                                      Index Cond: (movie_id = mk.movie_id)
                          ->  Hash  (cost=107704.84..107704.84 rows=464150 width=19) (actual time=1095.396..1095.396 rows=536716 loops=1)
                                Buckets: 1048576 (originally 524288)  Batches: 1 (originally 1)  Memory Usage: 36076kB
                                ->  Seq Scan on name n  (cost=0.00..107704.84 rows=464150 width=19) (actual time=0.016..918.286 rows=536716 loops=1)
                                      Filter: (name ~~ '%B%'::text)
                                      Rows Removed by Filter: 3630775
                    ->  Index Scan using movie_id_movie_companies on movie_companies mc  (cost=0.43..0.52 rows=5 width=8) (actual time=0.003..0.006 rows=7 loops=149494)
                          Index Cond: (movie_id = ci.movie_id)
              ->  Index Only Scan using company_name_pkey on company_name cn  (cost=0.42..0.44 rows=1 width=4) (actual time=0.002..0.002 rows=1 loops=1113120)
                    Index Cond: (id = mc.company_id)
                    Heap Fetches: 0
        ->  Index Only Scan using title_pkey on title t  (cost=0.43..0.45 rows=1 width=4) (actual time=0.002..0.002 rows=1 loops=1113120)
              Index Cond: (id = ci.movie_id)
              Heap Fetches: 0
Planning time: 3.585 ms
Execution time: 13057.788 ms
