Aggregate  (cost=143813.04..143813.05 rows=1 width=96) (actual time=587.644..587.644 rows=1 loops=1)
  ->  Nested Loop  (cost=6381.19..143813.03 rows=1 width=64) (actual time=285.701..587.604 rows=11 loops=1)
        ->  Nested Loop  (cost=6380.76..143812.28 rows=1 width=68) (actual time=99.763..584.198 rows=268 loops=1)
              ->  Nested Loop  (cost=6380.19..143761.60 rows=2 width=76) (actual time=41.325..529.643 rows=358 loops=1)
                    Join Filter: (mi.info_type_id = it1.id)
                    ->  Seq Scan on info_type it1  (cost=0.00..2.41 rows=1 width=4) (actual time=0.006..0.017 rows=1 loops=1)
                          Filter: ((info)::text = 'genres'::text)
                          Rows Removed by Filter: 112
                    ->  Nested Loop  (cost=6380.19..143747.85 rows=907 width=80) (actual time=41.317..529.463 rows=358 loops=1)
                          ->  Nested Loop  (cost=6379.76..81722.55 rows=5584 width=30) (actual time=34.707..364.629 rows=6152 loops=1)
                                ->  Nested Loop  (cost=6379.33..19625.23 rows=18133 width=9) (actual time=32.971..231.708 rows=15849 loops=1)
                                      ->  Seq Scan on info_type it2  (cost=0.00..2.41 rows=1 width=4) (actual time=0.010..0.016 rows=1 loops=1)
                                            Filter: ((info)::text = 'rating'::text)
                                            Rows Removed by Filter: 112
                                      ->  Bitmap Heap Scan on movie_info_idx mi_idx  (cost=6379.33..19489.46 rows=13335 width=13) (actual time=32.958..228.242 rows=15849 loops=1)
                                            Recheck Cond: (info_type_id = it2.id)
                                            Filter: (info > '8.0'::text)
                                            Rows Removed by Filter: 444076
                                            Heap Blocks: exact=7934
                                            ->  Bitmap Index Scan on info_type_id_movie_info_idx  (cost=0.00..6375.99 rows=345009 width=0) (actual time=31.434..31.434 rows=459925 loops=1)
                                                  Index Cond: (info_type_id = it2.id)
                                ->  Index Scan using title_pkey on title t  (cost=0.43..3.42 rows=1 width=21) (actual time=0.008..0.008 rows=0 loops=15849)
                                      Index Cond: (id = mi_idx.movie_id)
                                      Filter: ((production_year >= 2008) AND (production_year <= 2014))
                                      Rows Removed by Filter: 1
                          ->  Index Scan using movie_id_movie_info on movie_info mi  (cost=0.43..11.10 rows=1 width=50) (actual time=0.026..0.026 rows=0 loops=6152)
                                Index Cond: (movie_id = t.id)
                                Filter: ((note IS NULL) AND (info = ANY ('{Horror,Thriller}'::text[])))
                                Rows Removed by Filter: 18
              ->  Index Scan using movie_id_cast_info on cast_info ci  (cost=0.56..25.33 rows=1 width=8) (actual time=0.117..0.152 rows=1 loops=358)
                    Index Cond: (movie_id = t.id)
                    Filter: (note = ANY ('{(writer),"(head writer)","(written by)",(story),"(story editor)"}'::text[]))
                    Rows Removed by Filter: 34
        ->  Index Scan using name_pkey on name n  (cost=0.43..0.75 rows=1 width=4) (actual time=0.012..0.012 rows=0 loops=268)
              Index Cond: (id = ci.person_id)
              Filter: ((gender IS NOT NULL) AND ((gender)::text = 'f'::text))
              Rows Removed by Filter: 1
Planning time: 3.758 ms
Execution time: 587.734 ms
