Aggregate  (cost=123447.07..123447.08 rows=1 width=96) (actual time=598.841..598.841 rows=1 loops=1)
  ->  Nested Loop  (cost=6381.33..123447.07 rows=1 width=64) (actual time=296.112..598.790 rows=11 loops=1)
        ->  Nested Loop  (cost=6380.90..123446.31 rows=1 width=68) (actual time=105.880..595.219 rows=268 loops=1)
              ->  Nested Loop  (cost=6380.34..123420.98 rows=1 width=76) (actual time=42.988..540.541 rows=358 loops=1)
                    ->  Nested Loop  (cost=6380.19..123420.79 rows=1 width=80) (actual time=42.981..539.502 rows=358 loops=1)
                          ->  Nested Loop  (cost=6379.76..81722.55 rows=3754 width=30) (actual time=36.416..372.514 rows=6152 loops=1)
                                ->  Nested Loop  (cost=6379.33..19625.23 rows=18133 width=9) (actual time=34.551..235.633 rows=15849 loops=1)
                                      ->  Seq Scan on info_type it2  (cost=0.00..2.41 rows=1 width=4) (actual time=0.015..0.019 rows=1 loops=1)
                                            Filter: ((info)::text = 'rating'::text)
                                            Rows Removed by Filter: 112
                                      ->  Bitmap Heap Scan on movie_info_idx mi_idx  (cost=6379.33..19489.46 rows=13335 width=13) (actual time=34.534..232.054 rows=15849 loops=1)
                                            Recheck Cond: (info_type_id = it2.id)
                                            Filter: (info > '8.0'::text)
                                            Rows Removed by Filter: 444076
                                            Heap Blocks: exact=7934
                                            ->  Bitmap Index Scan on info_type_id_movie_info_idx  (cost=0.00..6375.99 rows=345009 width=0) (actual time=32.840..32.840 rows=459925 loops=1)
                                                  Index Cond: (info_type_id = it2.id)
                                ->  Index Scan using title_pkey on title t  (cost=0.43..3.42 rows=1 width=21) (actual time=0.008..0.008 rows=0 loops=15849)
                                      Index Cond: (id = mi_idx.movie_id)
                                      Filter: ((production_year >= 2008) AND (production_year <= 2014))
                                      Rows Removed by Filter: 1
                          ->  Index Scan using movie_id_movie_info on movie_info mi  (cost=0.43..11.10 rows=1 width=50) (actual time=0.027..0.027 rows=0 loops=6152)
                                Index Cond: (movie_id = t.id)
                                Filter: ((note IS NULL) AND (info = ANY ('{Horror,Thriller}'::text[])))
                                Rows Removed by Filter: 18
                    ->  Index Scan using info_type_pkey on info_type it1  (cost=0.14..0.16 rows=1 width=4) (actual time=0.002..0.002 rows=1 loops=358)
                          Index Cond: (id = mi.info_type_id)
                          Filter: ((info)::text = 'genres'::text)
              ->  Index Scan using movie_id_cast_info on cast_info ci  (cost=0.56..25.33 rows=1 width=8) (actual time=0.117..0.152 rows=1 loops=358)
                    Index Cond: (movie_id = t.id)
                    Filter: (note = ANY ('{(writer),"(head writer)","(written by)",(story),"(story editor)"}'::text[]))
                    Rows Removed by Filter: 34
        ->  Index Scan using name_pkey on name n  (cost=0.43..0.75 rows=1 width=4) (actual time=0.013..0.013 rows=0 loops=268)
              Index Cond: (id = ci.person_id)
              Filter: ((gender IS NOT NULL) AND ((gender)::text = 'f'::text))
              Rows Removed by Filter: 1
Planning time: 4.072 ms
Execution time: 598.933 ms
