Aggregate  (cost=123369.82..123369.83 rows=1 width=64) (actual time=1284.774..1284.775 rows=1 loops=1)
  ->  Nested Loop  (cost=3.13..123369.82 rows=1 width=32) (actual time=684.553..1284.597 rows=184 loops=1)
        Join Filter: (mi.info_type_id = it.id)
        ->  Nested Loop  (cost=3.13..123367.39 rows=1 width=36) (actual time=684.543..1283.941 rows=184 loops=1)
              Join Filter: (t.id = mi.movie_id)
              ->  Nested Loop  (cost=2.70..123341.07 rows=1 width=44) (actual time=684.498..1276.989 rows=77 loops=1)
                    ->  Nested Loop  (cost=2.28..123339.86 rows=1 width=48) (actual time=684.471..1276.371 rows=79 loops=1)
                          Join Filter: (t.id = mc.movie_id)
                          ->  Nested Loop  (cost=1.85..123337.13 rows=1 width=40) (actual time=684.238..1274.993 rows=102 loops=1)
                                ->  Nested Loop  (cost=1.42..123334.26 rows=2 width=19) (actual time=679.008..1271.500 rows=387 loops=1)
                                      ->  Nested Loop  (cost=0.99..123330.60 rows=4 width=23) (actual time=465.889..1056.614 rows=425 loops=1)
                                            Join Filter: (ci.role_id = rt.id)
                                            ->  Seq Scan on role_type rt  (cost=0.00..1.15 rows=1 width=4) (actual time=0.007..0.012 rows=1 loops=1)
                                                  Filter: ((role)::text = 'actress'::text)
                                                  Rows Removed by Filter: 11
                                            ->  Nested Loop  (cost=0.99..123328.90 rows=44 width=27) (actual time=465.880..1056.501 rows=425 loops=1)
                                                  Join Filter: (n.id = ci.person_id)
                                                  ->  Nested Loop  (cost=0.42..118544.80 rows=19 width=23) (actual time=456.380..1022.152 rows=1558 loops=1)
                                                        ->  Seq Scan on name n  (cost=0.00..118123.20 rows=95 width=19) (actual time=391.515..938.458 rows=6768 loops=1)
                                                              Filter: ((name ~~ '%Ang%'::text) AND ((gender)::text = 'f'::text))
                                                              Rows Removed by Filter: 4160723
                                                        ->  Index Only Scan using person_id_aka_name on aka_name an  (cost=0.42..4.42 rows=2 width=4) (actual time=0.012..0.012 rows=0 loops=6768)
                                                              Index Cond: (person_id = n.id)
                                                              Heap Fetches: 0
                                                  ->  Index Scan using person_id_cast_info on cast_info ci  (cost=0.56..251.64 rows=12 width=16) (actual time=0.020..0.022 rows=0 loops=1558)
                                                        Index Cond: (person_id = an.person_id)
                                                        Filter: (note = ANY ('{(voice),"(voice: Japanese version)","(voice) (uncredited)","(voice: English version)"}'::text[]))
                                                        Rows Removed by Filter: 44
                                      ->  Index Only Scan using char_name_pkey on char_name chn  (cost=0.43..0.91 rows=1 width=4) (actual time=0.505..0.505 rows=1 loops=425)
                                            Index Cond: (id = ci.person_role_id)
                                            Heap Fetches: 0
                                ->  Index Scan using title_pkey on title t  (cost=0.43..1.44 rows=1 width=21) (actual time=0.009..0.009 rows=0 loops=387)
                                      Index Cond: (id = ci.movie_id)
                                      Filter: ((production_year >= 2005) AND (production_year <= 2009))
                                      Rows Removed by Filter: 1
                          ->  Index Scan using movie_id_movie_companies on movie_companies mc  (cost=0.43..2.72 rows=1 width=8) (actual time=0.010..0.013 rows=1 loops=102)
                                Index Cond: (movie_id = ci.movie_id)
                                Filter: ((note IS NOT NULL) AND ((note ~~ '%(USA)%'::text) OR (note ~~ '%(worldwide)%'::text)))
                                Rows Removed by Filter: 6
                    ->  Index Scan using company_name_pkey on company_name cn  (cost=0.42..1.21 rows=1 width=4) (actual time=0.007..0.007 rows=1 loops=79)
                          Index Cond: (id = mc.company_id)
                          Filter: ((country_code)::text = '[us]'::text)
                          Rows Removed by Filter: 0
              ->  Index Scan using movie_id_movie_info on movie_info mi  (cost=0.43..26.31 rows=1 width=8) (actual time=0.022..0.089 rows=2 loops=77)
                    Index Cond: (movie_id = ci.movie_id)
                    Filter: ((info IS NOT NULL) AND ((info ~~ 'Japan:%200%'::text) OR (info ~~ 'USA:%200%'::text)))
                    Rows Removed by Filter: 166
        ->  Seq Scan on info_type it  (cost=0.00..2.41 rows=1 width=4) (actual time=0.003..0.003 rows=1 loops=184)
              Filter: ((info)::text = 'release dates'::text)
              Rows Removed by Filter: 15
Planning time: 18.410 ms
Execution time: 1284.897 ms
