Aggregate  (cost=80810.36..80810.37 rows=1 width=64) (actual time=531.401..531.401 rows=1 loops=1)
  ->  Nested Loop  (cost=3.14..80810.36 rows=1 width=32) (actual time=404.588..531.375 rows=15 loops=1)
        Join Filter: (ci.role_id = rt.id)
        ->  Nested Loop  (cost=3.14..80809.20 rows=1 width=36) (actual time=404.581..531.344 rows=15 loops=1)
              Join Filter: (ci.person_id = n.id)
              ->  Nested Loop  (cost=2.71..80807.61 rows=1 width=29) (actual time=366.647..530.034 rows=275 loops=1)
                    Join Filter: (mi.info_type_id = it.id)
                    ->  Nested Loop  (cost=2.71..80805.18 rows=1 width=33) (actual time=366.635..529.021 rows=275 loops=1)
                          Join Filter: (t.id = mi.movie_id)
                          ->  Nested Loop  (cost=2.27..80778.72 rows=1 width=41) (actual time=366.589..501.976 rows=275 loops=1)
                                ->  Nested Loop  (cost=1.85..80777.43 rows=1 width=45) (actual time=366.576..501.102 rows=275 loops=1)
                                      ->  Nested Loop  (cost=1.42..80776.51 rows=1 width=49) (actual time=366.554..452.439 rows=275 loops=1)
                                            ->  Nested Loop  (cost=0.99..80775.64 rows=1 width=45) (actual time=366.534..451.801 rows=100 loops=1)
                                                  Join Filter: (t.id = ci.movie_id)
                                                  ->  Nested Loop  (cost=0.43..80732.35 rows=1 width=29) (actual time=366.500..450.387 rows=4 loops=1)
                                                        ->  Seq Scan on title t  (cost=0.00..80243.06 rows=23 width=21) (actual time=36.879..450.172 rows=7 loops=1)
                                                              Filter: ((production_year >= 2007) AND (production_year <= 2008) AND (title ~~ '%Kung%Fu%Panda%'::text))
                                                              Rows Removed by Filter: 2528305
                                                        ->  Index Scan using movie_id_movie_companies on movie_companies mc  (cost=0.43..21.26 rows=1 width=8) (actual time=0.023..0.026 rows=1 loops=7)
                                                              Index Cond: (movie_id = t.id)
                                                              Filter: ((note ~~ '%(200%)%'::text) AND ((note ~~ '%(USA)%'::text) OR (note ~~ '%(worldwide)%'::text)))
                                                              Rows Removed by Filter: 6
                                                  ->  Index Scan using movie_id_cast_info on cast_info ci  (cost=0.56..43.28 rows=1 width=16) (actual time=0.014..0.342 rows=25 loops=4)
                                                        Index Cond: (movie_id = mc.movie_id)
                                                        Filter: (note = '(voice)'::text)
                                                        Rows Removed by Filter: 127
                                            ->  Index Only Scan using person_id_aka_name on aka_name an  (cost=0.42..0.84 rows=2 width=4) (actual time=0.004..0.005 rows=3 loops=100)
                                                  Index Cond: (person_id = ci.person_id)
                                                  Heap Fetches: 0
                                      ->  Index Only Scan using char_name_pkey on char_name chn  (cost=0.43..0.92 rows=1 width=4) (actual time=0.176..0.176 rows=1 loops=275)
                                            Index Cond: (id = ci.person_role_id)
                                            Heap Fetches: 0
                                ->  Index Scan using company_name_pkey on company_name cn  (cost=0.42..1.29 rows=1 width=4) (actual time=0.003..0.003 rows=1 loops=275)
                                      Index Cond: (id = mc.company_id)
                                      Filter: ((country_code)::text = '[us]'::text)
                          ->  Index Scan using movie_id_movie_info on movie_info mi  (cost=0.43..26.45 rows=1 width=8) (actual time=0.015..0.098 rows=1 loops=275)
                                Index Cond: (movie_id = ci.movie_id)
                                Filter: ((info IS NOT NULL) AND ((info ~~ 'Japan:%2007%'::text) OR (info ~~ 'USA:%2008%'::text)))
                                Rows Removed by Filter: 295
                    ->  Seq Scan on info_type it  (cost=0.00..2.41 rows=1 width=4) (actual time=0.003..0.003 rows=1 loops=275)
                          Filter: ((info)::text = 'release dates'::text)
                          Rows Removed by Filter: 15
              ->  Index Scan using name_pkey on name n  (cost=0.43..1.58 rows=1 width=19) (actual time=0.004..0.004 rows=0 loops=275)
                    Index Cond: (id = an.person_id)
                    Filter: ((name ~~ '%Angel%'::text) AND ((gender)::text = 'f'::text))
                    Rows Removed by Filter: 1
        ->  Seq Scan on role_type rt  (cost=0.00..1.15 rows=1 width=4) (actual time=0.001..0.001 rows=1 loops=15)
              Filter: ((role)::text = 'actress'::text)
              Rows Removed by Filter: 1
Planning time: 18.741 ms
Execution time: 531.514 ms
