Aggregate  (cost=261361.51..261361.52 rows=1 width=64) (actual time=3418.103..3418.103 rows=1 loops=1)
  ->  Nested Loop  (cost=118728.15..261361.49 rows=5 width=32) (actual time=990.106..3415.755 rows=3575 loops=1)
        Join Filter: (n.id = an.person_id)
        ->  Nested Loop  (cost=118727.73..261359.75 rows=2 width=40) (actual time=972.469..3407.973 rows=2632 loops=1)
              ->  Nested Loop  (cost=118727.31..261355.07 rows=4 width=44) (actual time=972.449..3376.934 rows=8585 loops=1)
                    ->  Nested Loop  (cost=118726.88..261352.36 rows=1 width=52) (actual time=972.433..3360.266 rows=2129 loops=1)
                          ->  Nested Loop  (cost=118726.45..261330.43 rows=24 width=56) (actual time=972.418..3315.544 rows=2265 loops=1)
                                Join Filter: (mi.info_type_id = it.id)
                                ->  Seq Scan on info_type it  (cost=0.00..2.41 rows=1 width=4) (actual time=0.010..0.022 rows=1 loops=1)
                                      Filter: ((info)::text = 'release dates'::text)
                                      Rows Removed by Filter: 112
                                ->  Nested Loop  (cost=118726.45..261326.61 rows=113 width=60) (actual time=972.406..3314.738 rows=2265 loops=1)
                                      ->  Nested Loop  (cost=118726.01..255796.83 rows=212 width=52) (actual time=972.344..3206.284 rows=3686 loops=1)
                                            ->  Hash Join  (cost=118725.58..255241.85 rows=387 width=31) (actual time=972.310..3136.447 rows=6552 loops=1)
                                                  Hash Cond: (ci.person_id = n.id)
                                                  ->  Nested Loop  (cost=0.56..134036.53 rows=196460 width=12) (actual time=0.212..2130.756 rows=276166 loops=1)
                                                        ->  Seq Scan on role_type rt  (cost=0.00..1.15 rows=1 width=4) (actual time=0.002..0.007 rows=1 loops=1)
                                                              Filter: ((role)::text = 'actress'::text)
                                                              Rows Removed by Filter: 11
                                                        ->  Index Scan using role_id_cast_info on cast_info ci  (cost=0.56..133266.41 rows=76897 width=16) (actual time=0.209..2088.660 rows=276166 loops=1)
                                                              Index Cond: (role_id = rt.id)
                                                              Filter: (note = ANY ('{(voice),"(voice: Japanese version)","(voice) (uncredited)","(voice: English version)"}'::text[]))
                                                              Rows Removed by Filter: 7175807
                                                  ->  Hash  (cost=118123.20..118123.20 rows=48145 width=19) (actual time=965.406..965.406 rows=50011 loops=1)
                                                        Buckets: 65536  Batches: 1  Memory Usage: 3135kB
                                                        ->  Seq Scan on name n  (cost=0.00..118123.20 rows=48145 width=19) (actual time=404.779..952.761 rows=50011 loops=1)
                                                              Filter: ((name ~~ '%An%'::text) AND ((gender)::text = 'f'::text))
                                                              Rows Removed by Filter: 4117480
                                            ->  Index Scan using title_pkey on title t  (cost=0.43..1.43 rows=1 width=21) (actual time=0.010..0.010 rows=1 loops=6552)
                                                  Index Cond: (id = ci.movie_id)
                                                  Filter: (production_year > 2000)
                                                  Rows Removed by Filter: 0
                                      ->  Index Scan using movie_id_movie_info on movie_info mi  (cost=0.43..26.07 rows=1 width=8) (actual time=0.020..0.029 rows=1 loops=3686)
                                            Index Cond: (movie_id = t.id)
                                            Filter: ((info IS NOT NULL) AND ((info ~~ 'Japan:%200%'::text) OR (info ~~ 'USA:%200%'::text)))
                                            Rows Removed by Filter: 15
                          ->  Index Only Scan using char_name_pkey on char_name chn  (cost=0.43..0.91 rows=1 width=4) (actual time=0.019..0.019 rows=1 loops=2265)
                                Index Cond: (id = ci.person_role_id)
                                Heap Fetches: 0
                    ->  Index Scan using movie_id_movie_companies on movie_companies mc  (cost=0.43..2.66 rows=5 width=8) (actual time=0.005..0.006 rows=4 loops=2129)
                          Index Cond: (movie_id = t.id)
              ->  Index Scan using company_name_pkey on company_name cn  (cost=0.42..1.17 rows=1 width=4) (actual time=0.003..0.003 rows=0 loops=8585)
                    Index Cond: (id = mc.company_id)
                    Filter: ((country_code)::text = '[us]'::text)
                    Rows Removed by Filter: 1
        ->  Index Only Scan using person_id_aka_name on aka_name an  (cost=0.42..0.84 rows=2 width=4) (actual time=0.002..0.002 rows=1 loops=2632)
              Index Cond: (person_id = ci.person_id)
              Heap Fetches: 0
Planning time: 18.347 ms
Execution time: 3418.216 ms
