Aggregate  (cost=433416.33..433416.34 rows=1 width=64) (actual time=24385.618..24385.618 rows=1 loops=1)
  ->  Nested Loop  (cost=226756.83..433403.16 rows=2633 width=32) (actual time=3601.647..23552.417 rows=1760645 loops=1)
        ->  Nested Loop  (cost=226756.40..431566.90 rows=2132 width=40) (actual time=3600.379..21350.631 rows=787043 loops=1)
              ->  Nested Loop  (cost=226755.97..429994.43 rows=1721 width=44) (actual time=3600.345..19344.902 rows=880631 loops=1)
                    ->  Nested Loop  (cost=226755.55..424460.21 rows=4728 width=48) (actual time=3600.303..9805.822 rows=3671284 loops=1)
                          Join Filter: (t.id = mc.movie_id)
                          ->  Nested Loop  (cost=226755.12..421969.63 rows=932 width=56) (actual time=3600.268..6846.447 rows=371543 loops=1)
                                ->  Hash Join  (cost=226754.69..415498.50 rows=4070 width=37) (actual time=3600.227..5433.127 rows=371852 loops=1)
                                      Hash Cond: (mi.movie_id = t.id)
                                      ->  Nested Loop  (cost=3970.52..179399.48 rows=3188535 width=4) (actual time=202.458..1278.485 rows=3036719 loops=1)
                                            ->  Seq Scan on info_type it  (cost=0.00..2.41 rows=1 width=4) (actual time=0.008..0.021 rows=1 loops=1)
                                                  Filter: ((info)::text = 'release dates'::text)
                                                  Rows Removed by Filter: 112
                                            ->  Bitmap Heap Scan on movie_info mi  (cost=3970.52..177278.24 rows=211882 width=8) (actual time=202.445..795.931 rows=3036719 loops=1)
                                                  Recheck Cond: (info_type_id = it.id)
                                                  Heap Blocks: exact=25448
                                                  ->  Bitmap Index Scan on info_type_id_movie_info  (cost=0.00..3917.55 rows=211882 width=0) (actual time=197.143..197.143 rows=3036719 loops=1)
                                                        Index Cond: (info_type_id = it.id)
                                      ->  Hash  (cost=221438.33..221438.33 rows=107667 width=33) (actual time=3397.547..3397.547 rows=168407 loops=1)
                                            Buckets: 262144 (originally 131072)  Batches: 1 (originally 1)  Memory Usage: 14124kB
                                            ->  Hash Join  (cost=84922.07..221438.33 rows=107667 width=33) (actual time=1033.393..3324.266 rows=168407 loops=1)
                                                  Hash Cond: (ci.movie_id = t.id)
                                                  ->  Nested Loop  (cost=0.56..134036.53 rows=196460 width=12) (actual time=0.238..2145.622 rows=276166 loops=1)
                                                        ->  Seq Scan on role_type rt  (cost=0.00..1.15 rows=1 width=4) (actual time=0.012..0.017 rows=1 loops=1)
                                                              Filter: ((role)::text = 'actress'::text)
                                                              Rows Removed by Filter: 11
                                                        ->  Index Scan using role_id_cast_info on cast_info ci  (cost=0.56..133266.41 rows=76897 width=16) (actual time=0.221..2102.857 rows=276166 loops=1)
                                                              Index Cond: (role_id = rt.id)
                                                              Filter: (note = ANY ('{(voice),"(voice: Japanese version)","(voice) (uncredited)","(voice: English version)"}'::text[]))
                                                              Rows Removed by Filter: 7175807
                                                  ->  Hash  (cost=67601.61..67601.61 rows=1385591 width=21) (actual time=1024.961..1024.961 rows=1381453 loops=1)
                                                        Buckets: 2097152  Batches: 1  Memory Usage: 90381kB
                                                        ->  Seq Scan on title t  (cost=0.00..67601.61 rows=1385591 width=21) (actual time=0.018..540.365 rows=1381453 loops=1)
                                                              Filter: (production_year > 2000)
                                                              Rows Removed by Filter: 1146859
                                ->  Index Scan using name_pkey on name n  (cost=0.43..1.59 rows=1 width=19) (actual time=0.003..0.003 rows=1 loops=371852)
                                      Index Cond: (id = ci.person_id)
                                      Filter: ((gender)::text = 'f'::text)
                                      Rows Removed by Filter: 0
                          ->  Index Scan using movie_id_movie_companies on movie_companies mc  (cost=0.43..2.61 rows=5 width=8) (actual time=0.002..0.005 rows=10 loops=371543)
                                Index Cond: (movie_id = mi.movie_id)
                    ->  Index Scan using company_name_pkey on company_name cn  (cost=0.42..1.17 rows=1 width=4) (actual time=0.002..0.002 rows=0 loops=3671284)
                          Index Cond: (id = mc.company_id)
                          Filter: ((country_code)::text = '[us]'::text)
                          Rows Removed by Filter: 1
              ->  Index Only Scan using char_name_pkey on char_name chn  (cost=0.43..0.91 rows=1 width=4) (actual time=0.002..0.002 rows=1 loops=880631)
                    Index Cond: (id = ci.person_role_id)
                    Heap Fetches: 0
        ->  Index Only Scan using person_id_aka_name on aka_name an  (cost=0.42..0.84 rows=2 width=4) (actual time=0.002..0.002 rows=2 loops=787043)
              Index Cond: (person_id = n.id)
              Heap Fetches: 0
Planning time: 20.265 ms
Execution time: 24396.137 ms
