Aggregate  (cost=22239.89..22239.90 rows=1 width=68) (actual time=8.651..8.651 rows=1 loops=1)
  ->  Nested Loop  (cost=6463.24..22238.22 rows=223 width=45) (actual time=0.131..8.527 rows=142 loops=1)
        ->  Nested Loop  (cost=6463.11..22237.76 rows=3 width=49) (actual time=0.124..8.303 rows=147 loops=1)
              Join Filter: (mc.movie_id = t.id)
              ->  Nested Loop  (cost=6462.68..22235.99 rows=3 width=36) (actual time=0.113..7.719 rows=147 loops=1)
                    ->  Nested Loop  (cost=6462.25..22162.36 rows=115 width=4) (actual time=0.056..0.142 rows=250 loops=1)
                          ->  Seq Scan on info_type it  (cost=0.00..2.41 rows=1 width=4) (actual time=0.015..0.016 rows=1 loops=1)
                                Filter: ((info)::text = 'top 250 rank'::text)
                                Rows Removed by Filter: 112
                          ->  Bitmap Heap Scan on movie_info_idx mi_idx  (cost=6462.25..18709.86 rows=345009 width=8) (actual time=0.038..0.077 rows=250 loops=1)
                                Recheck Cond: (info_type_id = it.id)
                                Heap Blocks: exact=2
                                ->  Bitmap Index Scan on info_type_id_movie_info_idx  (cost=0.00..6375.99 rows=345009 width=0) (actual time=0.026..0.026 rows=250 loops=1)
                                      Index Cond: (info_type_id = it.id)
                    ->  Index Scan using movie_id_movie_companies on movie_companies mc  (cost=0.43..0.63 rows=1 width=32) (actual time=0.029..0.030 rows=1 loops=250)
                          Index Cond: (movie_id = mi_idx.movie_id)
                          Filter: ((note !~~ '%(as Metro-Goldwyn-Mayer Pictures)%'::text) AND ((note ~~ '%(co-production)%'::text) OR (note ~~ '%(presents)%'::text)))
                          Rows Removed by Filter: 33
              ->  Index Scan using title_pkey on title t  (cost=0.43..0.58 rows=1 width=25) (actual time=0.003..0.003 rows=1 loops=147)
                    Index Cond: (id = mi_idx.movie_id)
        ->  Index Scan using company_type_pkey on company_type ct  (cost=0.13..0.15 rows=1 width=4) (actual time=0.001..0.001 rows=1 loops=147)
              Index Cond: (id = mc.company_type_id)
              Filter: ((kind)::text = 'production companies'::text)
              Rows Removed by Filter: 0
Planning time: 1.505 ms
Execution time: 8.760 ms
