Aggregate  (cost=22248.86..22248.87 rows=1 width=68) (actual time=1.379..1.379 rows=1 loops=1)
  ->  Nested Loop  (cost=6463.24..22248.78 rows=11 width=45) (actual time=0.429..1.364 rows=3 loops=1)
        ->  Nested Loop  (cost=6463.11..22248.01 rows=5 width=49) (actual time=0.423..1.353 rows=3 loops=1)
              Join Filter: (t.id = mc.movie_id)
              ->  Nested Loop  (cost=6462.68..22229.11 rows=30 width=29) (actual time=0.271..1.077 rows=12 loops=1)
                    ->  Nested Loop  (cost=6462.25..22162.36 rows=115 width=4) (actual time=0.057..0.137 rows=250 loops=1)
                          ->  Seq Scan on info_type it  (cost=0.00..2.41 rows=1 width=4) (actual time=0.018..0.019 rows=1 loops=1)
                                Filter: ((info)::text = 'top 250 rank'::text)
                                Rows Removed by Filter: 112
                          ->  Bitmap Heap Scan on movie_info_idx mi_idx  (cost=6462.25..18709.86 rows=345009 width=8) (actual time=0.037..0.072 rows=250 loops=1)
                                Recheck Cond: (info_type_id = it.id)
                                Heap Blocks: exact=2
                                ->  Bitmap Index Scan on info_type_id_movie_info_idx  (cost=0.00..6375.99 rows=345009 width=0) (actual time=0.026..0.026 rows=250 loops=1)
                                      Index Cond: (info_type_id = it.id)
                    ->  Index Scan using title_pkey on title t  (cost=0.43..0.58 rows=1 width=25) (actual time=0.003..0.003 rows=0 loops=250)
                          Index Cond: (id = mi_idx.movie_id)
                          Filter: (production_year > 2010)
                          Rows Removed by Filter: 1
              ->  Index Scan using movie_id_movie_companies on movie_companies mc  (cost=0.43..0.62 rows=1 width=32) (actual time=0.022..0.023 rows=0 loops=12)
                    Index Cond: (movie_id = mi_idx.movie_id)
                    Filter: ((note !~~ '%(as Metro-Goldwyn-Mayer Pictures)%'::text) AND (note ~~ '%(co-production)%'::text))
                    Rows Removed by Filter: 31
        ->  Index Scan using company_type_pkey on company_type ct  (cost=0.13..0.15 rows=1 width=4) (actual time=0.003..0.003 rows=1 loops=3)
              Index Cond: (id = mc.company_type_id)
              Filter: ((kind)::text = 'production companies'::text)
Planning time: 1.473 ms
Execution time: 1.484 ms
