Aggregate  (cost=3505.85..3505.86 rows=1 width=32) (actual time=39136.012..39136.012 rows=1 loops=1)
  ->  Nested Loop  (cost=3.77..3505.85 rows=1 width=17) (actual time=5678.467..39135.944 rows=33 loops=1)
        ->  Nested Loop  (cost=3.34..3505.40 rows=1 width=21) (actual time=5678.430..39135.701 rows=33 loops=1)
              Join Filter: (cc.subject_id = cct1.id)
              ->  Nested Loop  (cost=3.34..3504.34 rows=1 width=25) (actual time=5678.418..39135.606 rows=33 loops=1)
                    ->  Nested Loop  (cost=2.92..3503.88 rows=1 width=29) (actual time=5677.767..39127.248 rows=1348 loops=1)
                          ->  Nested Loop  (cost=2.49..3502.15 rows=1 width=37) (actual time=5677.728..39126.360 rows=10 loops=1)
                                Join Filter: (t.kind_id = kt.id)
                                Rows Removed by Join Filter: 9
                                ->  Nested Loop  (cost=2.49..3501.05 rows=1 width=41) (actual time=2705.701..39126.219 rows=19 loops=1)
                                      ->  Nested Loop  (cost=2.06..3500.59 rows=1 width=16) (actual time=2705.663..39125.690 rows=28 loops=1)
                                            ->  Nested Loop  (cost=1.63..3500.13 rows=1 width=20) (actual time=0.058..19945.581 rows=5212164 loops=1)
                                                  ->  Hash Join  (cost=1.06..3488.66 rows=1 width=8) (actual time=0.033..168.058 rows=135086 loops=1)
                                                        Hash Cond: (cc.status_id = cct2.id)
                                                        ->  Seq Scan on complete_cast cc  (cost=0.00..2081.86 rows=135086 width=12) (actual time=0.016..48.426 rows=135086 loops=1)
                                                        ->  Hash  (cost=1.05..1.05 rows=1 width=4) (actual time=0.007..0.007 rows=2 loops=1)
                                                              Buckets: 1024  Batches: 1  Memory Usage: 9kB
                                                              ->  Seq Scan on comp_cast_type cct2  (cost=0.00..1.05 rows=1 width=4) (actual time=0.004..0.005 rows=2 loops=1)
                                                                    Filter: ((kind)::text ~~ '%complete%'::text)
                                                                    Rows Removed by Filter: 2
                                                  ->  Index Scan using movie_id_cast_info on cast_info ci  (cost=0.56..11.09 rows=38 width=12) (actual time=0.010..0.137 rows=39 loops=135086)
                                                        Index Cond: (movie_id = cc.movie_id)
                                            ->  Index Scan using char_name_pkey on char_name chn  (cost=0.43..0.46 rows=1 width=4) (actual time=0.003..0.003 rows=0 loops=5212164)
                                                  Index Cond: (id = ci.person_role_id)
                                                  Filter: ((name !~~ '%Sherlock%'::text) AND ((name ~~ '%Tony%Stark%'::text) OR (name ~~ '%Iron%Man%'::text)))
                                                  Rows Removed by Filter: 1
                                      ->  Index Scan using title_pkey on title t  (cost=0.43..0.45 rows=1 width=25) (actual time=0.017..0.017 rows=1 loops=28)
                                            Index Cond: (id = ci.movie_id)
                                            Filter: (production_year > 1950)
                                            Rows Removed by Filter: 0
                                ->  Seq Scan on kind_type kt  (cost=0.00..1.09 rows=1 width=4) (actual time=0.004..0.005 rows=1 loops=19)
                                      Filter: ((kind)::text = 'movie'::text)
                                      Rows Removed by Filter: 3
                          ->  Index Scan using movie_id_movie_keyword on movie_keyword mk  (cost=0.43..1.28 rows=45 width=8) (actual time=0.023..0.055 rows=135 loops=10)
                                Index Cond: (movie_id = t.id)
                    ->  Index Scan using keyword_pkey on keyword k  (cost=0.42..0.45 rows=1 width=4) (actual time=0.006..0.006 rows=0 loops=1348)
                          Index Cond: (id = mk.keyword_id)
                          Filter: (keyword = ANY ('{superhero,sequel,second-part,marvel-comics,based-on-comic,tv-special,fight,violence}'::text[]))
                          Rows Removed by Filter: 1
              ->  Seq Scan on comp_cast_type cct1  (cost=0.00..1.05 rows=1 width=4) (actual time=0.001..0.001 rows=1 loops=33)
                    Filter: ((kind)::text = 'cast'::text)
        ->  Index Only Scan using name_pkey on name n  (cost=0.43..0.45 rows=1 width=4) (actual time=0.006..0.006 rows=1 loops=33)
              Index Cond: (id = ci.person_id)
              Heap Fetches: 0
Planning time: 11.896 ms
Execution time: 39136.114 ms
