Aggregate  (cost=3499.77..3499.78 rows=1 width=32) (actual time=20597.548..20597.549 rows=1 loops=1)
  ->  Nested Loop  (cost=3.77..3499.77 rows=1 width=17) (actual time=3181.769..20597.491 rows=33 loops=1)
        ->  Nested Loop  (cost=3.34..3499.32 rows=1 width=21) (actual time=3181.730..20597.270 rows=33 loops=1)
              Join Filter: (cc.subject_id = cct1.id)
              ->  Nested Loop  (cost=3.34..3498.26 rows=1 width=25) (actual time=3181.719..20597.187 rows=33 loops=1)
                    ->  Nested Loop  (cost=2.92..3497.80 rows=1 width=29) (actual time=3181.059..20589.326 rows=1348 loops=1)
                          ->  Nested Loop  (cost=2.49..3496.07 rows=1 width=37) (actual time=3181.020..20588.545 rows=10 loops=1)
                                ->  Nested Loop  (cost=2.06..3493.77 rows=5 width=41) (actual time=0.076..11630.396 rows=2150293 loops=1)
                                      ->  Nested Loop  (cost=1.49..3491.54 rows=1 width=29) (actual time=0.053..1419.408 rows=41167 loops=1)
                                            Join Filter: (t.kind_id = kt.id)
                                            Rows Removed by Join Filter: 73457
                                            ->  Nested Loop  (cost=1.49..3490.44 rows=1 width=33) (actual time=0.050..1181.972 rows=114624 loops=1)
                                                  ->  Hash Join  (cost=1.06..3488.66 rows=1 width=8) (actual time=0.033..108.013 rows=135086 loops=1)
                                                        Hash Cond: (cc.status_id = cct2.id)
                                                        ->  Seq Scan on complete_cast cc  (cost=0.00..2081.86 rows=135086 width=12) (actual time=0.015..30.881 rows=135086 loops=1)
                                                        ->  Hash  (cost=1.05..1.05 rows=1 width=4) (actual time=0.007..0.007 rows=2 loops=1)
                                                              Buckets: 1024  Batches: 1  Memory Usage: 9kB
                                                              ->  Seq Scan on comp_cast_type cct2  (cost=0.00..1.05 rows=1 width=4) (actual time=0.004..0.005 rows=2 loops=1)
                                                                    Filter: ((kind)::text ~~ '%complete%'::text)
                                                                    Rows Removed by Filter: 2
                                                  ->  Index Scan using title_pkey on title t  (cost=0.43..1.78 rows=1 width=25) (actual time=0.007..0.007 rows=1 loops=135086)
                                                        Index Cond: (id = cc.movie_id)
                                                        Filter: (production_year > 1950)
                                                        Rows Removed by Filter: 0
                                            ->  Seq Scan on kind_type kt  (cost=0.00..1.09 rows=1 width=4) (actual time=0.001..0.001 rows=1 loops=114624)
                                                  Filter: ((kind)::text = 'movie'::text)
                                                  Rows Removed by Filter: 4
                                      ->  Index Scan using movie_id_cast_info on cast_info ci  (cost=0.56..1.85 rows=38 width=12) (actual time=0.012..0.234 rows=52 loops=41167)
                                            Index Cond: (movie_id = t.id)
                                ->  Index Scan using char_name_pkey on char_name chn  (cost=0.43..0.46 rows=1 width=4) (actual time=0.004..0.004 rows=0 loops=2150293)
                                      Index Cond: (id = ci.person_role_id)
                                      Filter: ((name !~~ '%Sherlock%'::text) AND ((name ~~ '%Tony%Stark%'::text) OR (name ~~ '%Iron%Man%'::text)))
                                      Rows Removed by Filter: 1
                          ->  Index Scan using movie_id_movie_keyword on movie_keyword mk  (cost=0.43..1.28 rows=45 width=8) (actual time=0.018..0.049 rows=135 loops=10)
                                Index Cond: (movie_id = t.id)
                    ->  Index Scan using keyword_pkey on keyword k  (cost=0.42..0.45 rows=1 width=4) (actual time=0.006..0.006 rows=0 loops=1348)
                          Index Cond: (id = mk.keyword_id)
                          Filter: (keyword = ANY ('{superhero,sequel,second-part,marvel-comics,based-on-comic,tv-special,fight,violence}'::text[]))
                          Rows Removed by Filter: 1
              ->  Seq Scan on comp_cast_type cct1  (cost=0.00..1.05 rows=1 width=4) (actual time=0.001..0.001 rows=1 loops=33)
                    Filter: ((kind)::text = 'cast'::text)
        ->  Index Only Scan using name_pkey on name n  (cost=0.43..0.45 rows=1 width=4) (actual time=0.006..0.006 rows=1 loops=33)
              Index Cond: (id = ci.person_id)
              Heap Fetches: 0
Planning time: 13.742 ms
Execution time: 20597.652 ms
