Aggregate  (cost=3505.81..3505.82 rows=1 width=32) (actual time=38199.621..38199.621 rows=1 loops=1)
  ->  Nested Loop  (cost=3.77..3505.81 rows=1 width=17) (actual time=10180.373..38199.569 rows=17 loops=1)
        Join Filter: (t.kind_id = kt.id)
        ->  Nested Loop  (cost=3.77..3504.71 rows=1 width=21) (actual time=10180.356..38199.515 rows=17 loops=1)
              Join Filter: (mk.movie_id = t.id)
              ->  Nested Loop  (cost=3.34..3504.24 rows=1 width=12) (actual time=10180.312..38199.371 rows=17 loops=1)
                    ->  Nested Loop  (cost=2.92..3503.79 rows=1 width=16) (actual time=10180.096..38194.914 rows=698 loops=1)
                          ->  Nested Loop  (cost=2.49..3502.11 rows=1 width=8) (actual time=10180.043..38194.484 rows=4 loops=1)
                                Join Filter: (cc.subject_id = cct1.id)
                                ->  Nested Loop  (cost=2.49..3501.05 rows=1 width=12) (actual time=10180.026..38194.453 rows=4 loops=1)
                                      ->  Nested Loop  (cost=2.06..3500.59 rows=1 width=16) (actual time=2694.408..38193.798 rows=28 loops=1)
                                            ->  Nested Loop  (cost=1.63..3500.13 rows=1 width=20) (actual time=0.059..19505.757 rows=5212164 loops=1)
                                                  ->  Hash Join  (cost=1.06..3488.66 rows=1 width=8) (actual time=0.034..158.323 rows=135086 loops=1)
                                                        Hash Cond: (cc.status_id = cct2.id)
                                                        ->  Seq Scan on complete_cast cc  (cost=0.00..2081.86 rows=135086 width=12) (actual time=0.016..47.192 rows=135086 loops=1)
                                                        ->  Hash  (cost=1.05..1.05 rows=1 width=4) (actual time=0.007..0.007 rows=2 loops=1)
                                                              Buckets: 1024  Batches: 1  Memory Usage: 9kB
                                                              ->  Seq Scan on comp_cast_type cct2  (cost=0.00..1.05 rows=1 width=4) (actual time=0.004..0.005 rows=2 loops=1)
                                                                    Filter: ((kind)::text ~~ '%complete%'::text)
                                                                    Rows Removed by Filter: 2
                                                  ->  Index Scan using movie_id_cast_info on cast_info ci  (cost=0.56..11.09 rows=38 width=12) (actual time=0.009..0.134 rows=39 loops=135086)
                                                        Index Cond: (movie_id = cc.movie_id)
                                            ->  Index Scan using char_name_pkey on char_name chn  (cost=0.43..0.46 rows=1 width=4) (actual time=0.003..0.003 rows=0 loops=5212164)
                                                  Index Cond: (id = ci.person_role_id)
                                                  Filter: ((name !~~ '%Sherlock%'::text) AND ((name ~~ '%Tony%Stark%'::text) OR (name ~~ '%Iron%Man%'::text)))
                                                  Rows Removed by Filter: 1
                                      ->  Index Scan using name_pkey on name n  (cost=0.43..0.46 rows=1 width=4) (actual time=0.022..0.022 rows=0 loops=28)
                                            Index Cond: (id = ci.person_id)
                                            Filter: (name ~~ '%Downey%Robert%'::text)
                                            Rows Removed by Filter: 1
                                ->  Seq Scan on comp_cast_type cct1  (cost=0.00..1.05 rows=1 width=4) (actual time=0.005..0.005 rows=1 loops=4)
                                      Filter: ((kind)::text = 'cast'::text)
                          ->  Index Scan using movie_id_movie_keyword on movie_keyword mk  (cost=0.43..1.22 rows=45 width=8) (actual time=0.029..0.070 rows=174 loops=4)
                                Index Cond: (movie_id = ci.movie_id)
                    ->  Index Scan using keyword_pkey on keyword k  (cost=0.42..0.45 rows=1 width=4) (actual time=0.006..0.006 rows=0 loops=698)
                          Index Cond: (id = mk.keyword_id)
                          Filter: (keyword = ANY ('{superhero,sequel,second-part,marvel-comics,based-on-comic,tv-special,fight,violence}'::text[]))
                          Rows Removed by Filter: 1
              ->  Index Scan using title_pkey on title t  (cost=0.43..0.45 rows=1 width=25) (actual time=0.007..0.007 rows=1 loops=17)
                    Index Cond: (id = ci.movie_id)
                    Filter: (production_year > 2000)
        ->  Seq Scan on kind_type kt  (cost=0.00..1.09 rows=1 width=4) (actual time=0.002..0.002 rows=1 loops=17)
              Filter: ((kind)::text = 'movie'::text)
Planning time: 13.920 ms
Execution time: 38199.757 ms
