Aggregate  (cost=3499.12..3499.13 rows=1 width=64) (actual time=3909.083..3909.083 rows=1 loops=1)
  ->  Nested Loop  (cost=3.77..3499.12 rows=1 width=32) (actual time=4.625..3902.517 rows=5406 loops=1)
        ->  Nested Loop  (cost=3.34..3498.66 rows=1 width=21) (actual time=4.605..3835.975 rows=5406 loops=1)
              Join Filter: (cc.subject_id = cct1.id)
              Rows Removed by Join Filter: 965
              ->  Nested Loop  (cost=3.34..3497.60 rows=1 width=25) (actual time=4.602..3823.202 rows=6371 loops=1)
                    ->  Nested Loop  (cost=2.91..3497.14 rows=1 width=29) (actual time=0.458..3167.430 rows=220880 loops=1)
                          Join Filter: (t.id = ci.movie_id)
                          ->  Nested Loop  (cost=2.34..3495.13 rows=1 width=33) (actual time=0.431..2391.602 rows=1485 loops=1)
                                ->  Nested Loop  (cost=1.92..3493.32 rows=4 width=37) (actual time=0.111..1224.928 rows=355758 loops=1)
                                      ->  Nested Loop  (cost=1.49..3491.54 rows=1 width=29) (actual time=0.089..986.451 rows=6234 loops=1)
                                            Join Filter: (t.kind_id = kt.id)
                                            Rows Removed by Join Filter: 32488
                                            ->  Nested Loop  (cost=1.49..3490.44 rows=1 width=33) (actual time=0.086..910.967 rows=38722 loops=1)
                                                  ->  Hash Join  (cost=1.06..3488.66 rows=1 width=8) (actual time=0.026..73.684 rows=135086 loops=1)
                                                        Hash Cond: (cc.status_id = cct2.id)
                                                        ->  Seq Scan on complete_cast cc  (cost=0.00..2081.86 rows=135086 width=12) (actual time=0.012..22.690 rows=135086 loops=1)
                                                        ->  Hash  (cost=1.05..1.05 rows=1 width=4) (actual time=0.006..0.006 rows=2 loops=1)
                                                              Buckets: 1024  Batches: 1  Memory Usage: 9kB
                                                              ->  Seq Scan on comp_cast_type cct2  (cost=0.00..1.05 rows=1 width=4) (actual time=0.003..0.004 rows=2 loops=1)
                                                                    Filter: ((kind)::text ~~ '%complete%'::text)
                                                                    Rows Removed by Filter: 2
                                                  ->  Index Scan using title_pkey on title t  (cost=0.43..1.78 rows=1 width=25) (actual time=0.006..0.006 rows=0 loops=135086)
                                                        Index Cond: (id = cc.movie_id)
                                                        Filter: (production_year > 2000)
                                                        Rows Removed by Filter: 1
                                            ->  Seq Scan on kind_type kt  (cost=0.00..1.09 rows=1 width=4) (actual time=0.001..0.001 rows=1 loops=38722)
                                                  Filter: ((kind)::text = 'movie'::text)
                                                  Rows Removed by Filter: 5
                                      ->  Index Scan using movie_id_movie_keyword on movie_keyword mk  (cost=0.43..1.33 rows=45 width=8) (actual time=0.012..0.026 rows=57 loops=6234)
                                            Index Cond: (movie_id = t.id)
                                ->  Index Scan using keyword_pkey on keyword k  (cost=0.42..0.45 rows=1 width=4) (actual time=0.003..0.003 rows=0 loops=355758)
                                      Index Cond: (id = mk.keyword_id)
                                      Filter: (keyword = ANY ('{superhero,marvel-comics,based-on-comic,tv-special,fight,violence,magnet,web,claw,laser}'::text[]))
                                      Rows Removed by Filter: 1
                          ->  Index Scan using movie_id_cast_info on cast_info ci  (cost=0.56..1.54 rows=38 width=12) (actual time=0.015..0.476 rows=149 loops=1485)
                                Index Cond: (movie_id = mk.movie_id)
                    ->  Index Scan using char_name_pkey on char_name chn  (cost=0.43..0.46 rows=1 width=4) (actual time=0.003..0.003 rows=0 loops=220880)
                          Index Cond: (id = ci.person_role_id)
                          Filter: ((name IS NOT NULL) AND ((name ~~ '%man%'::text) OR (name ~~ '%Man%'::text)))
                          Rows Removed by Filter: 0
              ->  Seq Scan on comp_cast_type cct1  (cost=0.00..1.05 rows=1 width=4) (actual time=0.001..0.001 rows=1 loops=6371)
                    Filter: ((kind)::text = 'cast'::text)
                    Rows Removed by Filter: 0
        ->  Index Scan using name_pkey on name n  (cost=0.43..0.46 rows=1 width=19) (actual time=0.011..0.011 rows=1 loops=5406)
              Index Cond: (id = ci.person_id)
Planning time: 12.768 ms
Execution time: 3909.196 ms
