Aggregate  (cost=4177.20..4177.21 rows=1 width=96) (actual time=47.566..47.566 rows=1 loops=1)
  ->  Nested Loop  (cost=3897.24..4177.20 rows=1 width=48) (actual time=29.826..46.367 rows=1410 loops=1)
        ->  Hash Join  (cost=3896.82..4176.74 rows=1 width=33) (actual time=29.819..38.189 rows=3029 loops=1)
              Hash Cond: (mc.company_type_id = ct.id)
              ->  Nested Loop  (cost=3895.75..4175.45 rows=21 width=37) (actual time=29.803..37.115 rows=3124 loops=1)
                    Join Filter: (ml.movie_id = mc.movie_id)
                    ->  Nested Loop  (cost=3895.32..4174.88 rows=1 width=45) (actual time=29.796..33.816 rows=517 loops=1)
                          Join Filter: (ml.movie_id = mi.movie_id)
                          ->  Nested Loop  (cost=3894.89..4173.15 rows=1 width=41) (actual time=29.597..31.547 rows=152 loops=1)
                                Join Filter: (ml.movie_id = t.id)
                                ->  Hash Join  (cost=3894.46..4172.14 rows=2 width=20) (actual time=29.555..30.909 rows=199 loops=1)
                                      Hash Cond: (ml.movie_id = mk.movie_id)
                                      ->  Nested Loop  (cost=38.82..245.23 rows=2315 width=16) (actual time=0.085..1.130 rows=2315 loops=1)
                                            ->  Seq Scan on link_type lt  (cost=0.00..1.23 rows=1 width=16) (actual time=0.002..0.008 rows=2 loops=1)
                                                  Filter: ((link)::text ~~ '%follow%'::text)
                                                  Rows Removed by Filter: 16
                                            ->  Bitmap Heap Scan on movie_link ml  (cost=38.82..225.26 rows=1875 width=8) (actual time=0.084..0.376 rows=1158 loops=2)
                                                  Recheck Cond: (link_type_id = lt.id)
                                                  Heap Blocks: exact=191
                                                  ->  Bitmap Index Scan on link_type_id_movie_link  (cost=0.00..38.35 rows=1875 width=0) (actual time=0.066..0.066 rows=1158 loops=2)
                                                        Index Cond: (link_type_id = lt.id)
                                      ->  Hash  (cost=3757.63..3757.63 rows=7841 width=4) (actual time=29.453..29.453 rows=10544 loops=1)
                                            Buckets: 16384 (originally 8192)  Batches: 1 (originally 1)  Memory Usage: 499kB
                                            ->  Nested Loop  (cost=6.80..3757.63 rows=7841 width=4) (actual time=2.903..27.535 rows=10544 loops=1)
                                                  ->  Seq Scan on keyword k  (cost=0.00..2626.12 rows=1 width=4) (actual time=0.764..14.010 rows=1 loops=1)
                                                        Filter: (keyword = 'sequel'::text)
                                                        Rows Removed by Filter: 134169
                                                  ->  Bitmap Heap Scan on movie_keyword mk  (cost=6.80..1128.44 rows=306 width=8) (actual time=2.137..11.815 rows=10544 loops=1)
                                                        Recheck Cond: (keyword_id = k.id)
                                                        Heap Blocks: exact=5570
                                                        ->  Bitmap Index Scan on keyword_id_movie_keyword  (cost=0.00..6.73 rows=306 width=0) (actual time=1.188..1.188 rows=10544 loops=1)
                                                              Index Cond: (keyword_id = k.id)
                                ->  Index Scan using title_pkey on title t  (cost=0.43..0.49 rows=1 width=21) (actual time=0.003..0.003 rows=1 loops=199)
                                      Index Cond: (id = mk.movie_id)
                                      Filter: ((production_year >= 1950) AND (production_year <= 2000))
                                      Rows Removed by Filter: 0
                          ->  Index Scan using movie_id_movie_info on movie_info mi  (cost=0.43..1.71 rows=1 width=4) (actual time=0.011..0.014 rows=3 loops=152)
                                Index Cond: (movie_id = mk.movie_id)
                                Filter: (info = ANY ('{Sweden,Norway,Germany,Denmark,Swedish,Denish,Norwegian,German}'::text[]))
                                Rows Removed by Filter: 14
                    ->  Index Scan using movie_id_movie_companies on movie_companies mc  (cost=0.43..0.54 rows=3 width=12) (actual time=0.003..0.005 rows=6 loops=517)
                          Index Cond: (movie_id = mk.movie_id)
                          Filter: (note IS NULL)
                          Rows Removed by Filter: 1
              ->  Hash  (cost=1.05..1.05 rows=1 width=4) (actual time=0.010..0.010 rows=1 loops=1)
                    Buckets: 1024  Batches: 1  Memory Usage: 9kB
                    ->  Seq Scan on company_type ct  (cost=0.00..1.05 rows=1 width=4) (actual time=0.007..0.008 rows=1 loops=1)
                          Filter: ((kind)::text = 'production companies'::text)
                          Rows Removed by Filter: 3
        ->  Index Scan using company_name_pkey on company_name cn  (cost=0.42..0.46 rows=1 width=23) (actual time=0.002..0.002 rows=0 loops=3029)
              Index Cond: (id = mc.company_id)
              Filter: (((country_code)::text <> '[pl]'::text) AND ((name ~~ '%Film%'::text) OR (name ~~ '%Warner%'::text)))
              Rows Removed by Filter: 1
Planning time: 11.856 ms
Execution time: 47.665 ms
