Aggregate  (cost=25038.12..25038.13 rows=1 width=96) (actual time=310.780..310.780 rows=1 loops=1)
  ->  Nested Loop  (cost=8.95..25038.11 rows=1 width=41) (actual time=10.710..310.724 rows=31 loops=1)
        Join Filter: (mi.info_type_id = it1.id)
        Rows Removed by Join Filter: 3
        ->  Nested Loop  (cost=8.95..25035.69 rows=1 width=45) (actual time=10.704..310.555 rows=34 loops=1)
              Join Filter: (t.id = mi.movie_id)
              ->  Nested Loop  (cost=8.51..25034.15 rows=1 width=57) (actual time=10.676..308.546 rows=50 loops=1)
                    ->  Nested Loop  (cost=8.09..25033.61 rows=1 width=42) (actual time=10.668..308.056 rows=78 loops=1)
                          Join Filter: (mc.company_type_id = ct.id)
                          Rows Removed by Join Filter: 234
                          ->  Seq Scan on company_type ct  (cost=0.00..1.04 rows=4 width=4) (actual time=0.004..0.005 rows=4 loops=1)
                          ->  Materialize  (cost=8.09..25032.46 rows=2 width=46) (actual time=2.666..76.998 rows=78 loops=4)
                                ->  Nested Loop  (cost=8.09..25032.45 rows=2 width=46) (actual time=10.661..307.904 rows=78 loops=1)
                                      Join Filter: (t.id = mc.movie_id)
                                      ->  Nested Loop  (cost=7.66..25028.40 rows=7 width=34) (actual time=5.921..287.230 rows=1615 loops=1)
                                            Join Filter: (mi_idx.info_type_id = it2.id)
                                            Rows Removed by Join Filter: 4362
                                            ->  Seq Scan on info_type it2  (cost=0.00..2.41 rows=1 width=4) (actual time=0.012..0.014 rows=1 loops=1)
                                                  Filter: ((info)::text = 'rating'::text)
                                                  Rows Removed by Filter: 112
                                            ->  Nested Loop  (cost=7.66..24962.59 rows=5072 width=38) (actual time=4.171..286.255 rows=5977 loops=1)
                                                  Join Filter: (t.id = mi_idx.movie_id)
                                                  ->  Nested Loop  (cost=7.23..23898.82 rows=1987 width=25) (actual time=4.162..264.915 rows=3517 loops=1)
                                                        Join Filter: (t.kind_id = kt.id)
                                                        Rows Removed by Join Filter: 1618
                                                        ->  Nested Loop  (cost=7.23..23699.02 rows=6955 width=29) (actual time=4.154..262.592 rows=4040 loops=1)
                                                              ->  Nested Loop  (cost=6.80..7403.56 rows=33271 width=4) (actual time=4.128..92.619 rows=37091 loops=1)
                                                                    ->  Seq Scan on keyword k  (cost=0.00..2961.55 rows=4 width=4) (actual time=1.232..26.385 rows=3 loops=1)
                                                                          Filter: (keyword = ANY ('{murder,murder-in-title,blood,violence}'::text[]))
                                                                          Rows Removed by Filter: 134167
                                                                    ->  Bitmap Heap Scan on movie_keyword mk  (cost=6.80..1107.44 rows=306 width=8) (actual time=3.285..19.796 rows=12364 loops=3)
                                                                          Recheck Cond: (keyword_id = k.id)
                                                                          Heap Blocks: exact=26312
                                                                          ->  Bitmap Index Scan on keyword_id_movie_keyword  (cost=0.00..6.73 rows=306 width=0) (actual time=1.701..1.701 rows=12364 loops=3)
                                                                                Index Cond: (keyword_id = k.id)
                                                              ->  Index Scan using title_pkey on title t  (cost=0.43..0.49 rows=1 width=25) (actual time=0.004..0.004 rows=0 loops=37091)
                                                                    Index Cond: (id = mk.movie_id)
                                                                    Filter: (production_year > 2009)
                                                                    Rows Removed by Filter: 1
                                                        ->  Materialize  (cost=0.00..1.10 rows=2 width=4) (actual time=0.000..0.000 rows=1 loops=4040)
                                                              ->  Seq Scan on kind_type kt  (cost=0.00..1.09 rows=2 width=4) (actual time=0.004..0.005 rows=2 loops=1)
                                                                    Filter: ((kind)::text = ANY ('{movie,episode}'::text[]))
                                                                    Rows Removed by Filter: 5
                                                  ->  Index Scan using movie_id_movie_info_idx on movie_info_idx mi_idx  (cost=0.43..0.50 rows=3 width=13) (actual time=0.004..0.005 rows=2 loops=3517)
                                                        Index Cond: (movie_id = mk.movie_id)
                                                        Filter: (info < '7.0'::text)
                                                        Rows Removed by Filter: 0
                                      ->  Index Scan using movie_id_movie_companies on movie_companies mc  (cost=0.43..0.57 rows=1 width=12) (actual time=0.012..0.012 rows=0 loops=1615)
                                            Index Cond: (movie_id = mk.movie_id)
                                            Filter: ((note !~~ '%(USA)%'::text) AND (note ~~ '%(200%)%'::text))
                                            Rows Removed by Filter: 12
                    ->  Index Scan using company_name_pkey on company_name cn  (cost=0.42..0.54 rows=1 width=23) (actual time=0.005..0.005 rows=1 loops=78)
                          Index Cond: (id = mc.company_id)
                          Filter: ((country_code)::text <> '[us]'::text)
                          Rows Removed by Filter: 0
              ->  Index Scan using movie_id_movie_info on movie_info mi  (cost=0.43..1.51 rows=2 width=8) (actual time=0.037..0.039 rows=1 loops=50)
                    Index Cond: (movie_id = mk.movie_id)
                    Filter: (info = ANY ('{Germany,German,USA,American}'::text[]))
                    Rows Removed by Filter: 53
        ->  Seq Scan on info_type it1  (cost=0.00..2.41 rows=1 width=4) (actual time=0.003..0.004 rows=1 loops=34)
              Filter: ((info)::text = 'countries'::text)
              Rows Removed by Filter: 16
Planning time: 29.093 ms
Execution time: 310.889 ms
