Aggregate  (cost=3502.06..3502.07 rows=1 width=64) (actual time=730.519..730.519 rows=1 loops=1)
  ->  Nested Loop  (cost=3.63..3502.04 rows=5 width=27) (actual time=128.474..730.164 rows=628 loops=1)
        ->  Nested Loop  (cost=3.21..3499.85 rows=5 width=31) (actual time=128.460..728.298 rows=628 loops=1)
              ->  Nested Loop  (cost=2.78..3498.09 rows=1 width=43) (actual time=128.432..727.894 rows=7 loops=1)
                    Join Filter: (t.kind_id = kt.id)
                    ->  Nested Loop  (cost=2.78..3496.94 rows=1 width=37) (actual time=128.423..727.866 rows=7 loops=1)
                          Join Filter: (mi.info_type_id = it1.id)
                          ->  Nested Loop  (cost=2.78..3494.51 rows=1 width=41) (actual time=128.415..727.825 rows=7 loops=1)
                                Join Filter: (mc.company_type_id = ct.id)
                                Rows Removed by Join Filter: 5
                                ->  Nested Loop  (cost=2.78..3493.42 rows=1 width=45) (actual time=128.409..727.796 rows=7 loops=1)
                                      ->  Nested Loop  (cost=2.36..3492.98 rows=1 width=49) (actual time=128.385..727.698 rows=7 loops=1)
                                            ->  Nested Loop  (cost=1.93..3492.35 rows=1 width=37) (actual time=128.357..727.610 rows=6 loops=1)
                                                  ->  Nested Loop  (cost=1.49..3490.44 rows=1 width=29) (actual time=0.059..210.684 rows=6424 loops=1)
                                                        ->  Hash Join  (cost=1.06..3488.66 rows=1 width=4) (actual time=0.026..40.352 rows=24592 loops=1)
                                                              Hash Cond: (cc.status_id = cct1.id)
                                                              ->  Seq Scan on complete_cast cc  (cost=0.00..2081.86 rows=135086 width=8) (actual time=0.013..16.947 rows=135086 loops=1)
                                                              ->  Hash  (cost=1.05..1.05 rows=1 width=4) (actual time=0.005..0.005 rows=1 loops=1)
                                                                    Buckets: 1024  Batches: 1  Memory Usage: 9kB
                                                                    ->  Seq Scan on comp_cast_type cct1  (cost=0.00..1.05 rows=1 width=4) (actual time=0.003..0.004 rows=1 loops=1)
                                                                          Filter: ((kind)::text = 'complete+verified'::text)
                                                                          Rows Removed by Filter: 3
                                                        ->  Index Scan using title_pkey on title t  (cost=0.43..1.78 rows=1 width=25) (actual time=0.006..0.006 rows=0 loops=24592)
                                                              Index Cond: (id = cc.movie_id)
                                                              Filter: (production_year > 1990)
                                                              Rows Removed by Filter: 1
                                                  ->  Index Scan using movie_id_movie_info on movie_info mi  (cost=0.43..1.90 rows=1 width=8) (actual time=0.080..0.080 rows=0 loops=6424)
                                                        Index Cond: (movie_id = t.id)
                                                        Filter: ((info IS NOT NULL) AND (note ~~ '%internet%'::text) AND ((info ~~ 'USA:% 199%'::text) OR (info ~~ 'USA:% 200%'::text)))
                                                        Rows Removed by Filter: 101
                                            ->  Index Scan using movie_id_movie_companies on movie_companies mc  (cost=0.43..0.58 rows=5 width=12) (actual time=0.011..0.013 rows=1 loops=6)
                                                  Index Cond: (movie_id = t.id)
                                      ->  Index Scan using company_name_pkey on company_name cn  (cost=0.42..0.45 rows=1 width=4) (actual time=0.013..0.013 rows=1 loops=7)
                                            Index Cond: (id = mc.company_id)
                                            Filter: ((country_code)::text = '[us]'::text)
                                ->  Seq Scan on company_type ct  (cost=0.00..1.04 rows=4 width=4) (actual time=0.001..0.002 rows=2 loops=7)
                          ->  Seq Scan on info_type it1  (cost=0.00..2.41 rows=1 width=4) (actual time=0.004..0.004 rows=1 loops=7)
                                Filter: ((info)::text = 'release dates'::text)
                                Rows Removed by Filter: 15
                    ->  Seq Scan on kind_type kt  (cost=0.00..1.10 rows=4 width=14) (actual time=0.002..0.002 rows=1 loops=7)
                          Filter: ((kind)::text = ANY ('{movie,"tv movie","video movie","video game"}'::text[]))
              ->  Index Scan using movie_id_movie_keyword on movie_keyword mk  (cost=0.43..1.30 rows=45 width=8) (actual time=0.011..0.040 rows=90 loops=7)
                    Index Cond: (movie_id = t.id)
        ->  Index Only Scan using keyword_pkey on keyword k  (cost=0.42..0.44 rows=1 width=4) (actual time=0.002..0.002 rows=1 loops=628)
              Index Cond: (id = mk.keyword_id)
              Heap Fetches: 0
Planning time: 30.546 ms
Execution time: 730.632 ms
