Aggregate  (cost=7040.49..7040.50 rows=1 width=96) (actual time=44.315..44.315 rows=1 loops=1)
  ->  Nested Loop  (cost=4.00..7040.48 rows=1 width=48) (actual time=11.641..44.260 rows=45 loops=1)
        ->  Nested Loop  (cost=3.58..7037.12 rows=2 width=52) (actual time=11.505..41.991 rows=810 loops=1)
              Join Filter: (t.id = mk.movie_id)
              ->  Nested Loop  (cost=3.15..7034.13 rows=1 width=64) (actual time=11.493..41.532 rows=25 loops=1)
                    Join Filter: (it.id = mi.info_type_id)
                    ->  Seq Scan on info_type it  (cost=0.00..2.41 rows=1 width=4) (actual time=0.009..0.019 rows=1 loops=1)
                          Filter: ((info)::text = 'release dates'::text)
                          Rows Removed by Filter: 112
                    ->  Nested Loop  (cost=3.15..7031.71 rows=1 width=68) (actual time=11.483..41.504 rows=25 loops=1)
                          Join Filter: (t.id = mi.movie_id)
                          ->  Nested Loop  (cost=2.71..7000.34 rows=1 width=60) (actual time=11.455..40.937 rows=15 loops=1)
                                ->  Nested Loop  (cost=2.28..6998.59 rows=1 width=48) (actual time=11.445..40.884 rows=15 loops=1)
                                      Join Filter: (n.id = an.person_id)
                                      ->  Nested Loop  (cost=1.85..6997.57 rows=1 width=56) (actual time=11.432..40.855 rows=3 loops=1)
                                            Join Filter: (rt.id = ci.role_id)
                                            ->  Seq Scan on role_type rt  (cost=0.00..1.15 rows=1 width=4) (actual time=0.002..0.005 rows=1 loops=1)
                                                  Filter: ((role)::text = 'actress'::text)
                                                  Rows Removed by Filter: 11
                                            ->  Nested Loop  (cost=1.85..6996.41 rows=1 width=60) (actual time=11.430..40.848 rows=3 loops=1)
                                                  ->  Nested Loop  (cost=1.42..6994.55 rows=1 width=41) (actual time=11.201..40.526 rows=57 loops=1)
                                                        Join Filter: (t.id = ci.movie_id)
                                                        ->  Nested Loop  (cost=0.86..6953.60 rows=1 width=25) (actual time=10.971..40.180 rows=4 loops=1)
                                                              ->  Nested Loop  (cost=0.43..6877.18 rows=47 width=4) (actual time=10.856..39.675 rows=99 loops=1)
                                                                    ->  Seq Scan on company_name cn  (cost=0.00..6519.95 rows=1 width=4) (actual time=10.839..39.540 rows=1 loops=1)
                                                                          Filter: (((country_code)::text = '[us]'::text) AND (name = 'DreamWorks Animation'::text))
                                                                          Rows Removed by Filter: 234996
                                                                    ->  Index Scan using company_id_movie_companies on movie_companies mc  (cost=0.43..355.89 rows=134 width=8) (actual time=0.015..0.114 rows=99 loops=1)
                                                                          Index Cond: (company_id = cn.id)
                                                              ->  Index Scan using title_pkey on title t  (cost=0.43..1.62 rows=1 width=21) (actual time=0.005..0.005 rows=0 loops=99)
                                                                    Index Cond: (id = mc.movie_id)
                                                                    Filter: ((production_year > 2010) AND (title ~~ 'Kung Fu Panda%'::text))
                                                                    Rows Removed by Filter: 1
                                                        ->  Index Scan using movie_id_cast_info on cast_info ci  (cost=0.56..40.94 rows=1 width=16) (actual time=0.015..0.082 rows=14 loops=4)
                                                              Index Cond: (movie_id = mc.movie_id)
                                                              Filter: (note = ANY ('{(voice),"(voice: Japanese version)","(voice) (uncredited)","(voice: English version)"}'::text[]))
                                                              Rows Removed by Filter: 45
                                                  ->  Index Scan using name_pkey on name n  (cost=0.43..1.86 rows=1 width=19) (actual time=0.005..0.005 rows=0 loops=57)
                                                        Index Cond: (id = ci.person_id)
                                                        Filter: ((name ~~ '%An%'::text) AND ((gender)::text = 'f'::text))
                                                        Rows Removed by Filter: 1
                                      ->  Index Only Scan using person_id_aka_name on aka_name an  (cost=0.42..0.99 rows=2 width=4) (actual time=0.006..0.007 rows=5 loops=3)
                                            Index Cond: (person_id = ci.person_id)
                                            Heap Fetches: 0
                                ->  Index Scan using char_name_pkey on char_name chn  (cost=0.43..1.74 rows=1 width=20) (actual time=0.003..0.003 rows=1 loops=15)
                                      Index Cond: (id = ci.person_role_id)
                          ->  Index Scan using movie_id_movie_info on movie_info mi  (cost=0.43..31.36 rows=1 width=8) (actual time=0.008..0.037 rows=2 loops=15)
                                Index Cond: (movie_id = mc.movie_id)
                                Filter: ((info IS NOT NULL) AND ((info ~~ 'Japan:%201%'::text) OR (info ~~ 'USA:%201%'::text)))
                                Rows Removed by Filter: 88
              ->  Index Scan using movie_id_movie_keyword on movie_keyword mk  (cost=0.43..2.43 rows=45 width=8) (actual time=0.003..0.010 rows=32 loops=25)
                    Index Cond: (movie_id = mc.movie_id)
        ->  Index Scan using keyword_pkey on keyword k  (cost=0.42..1.47 rows=1 width=4) (actual time=0.003..0.003 rows=0 loops=810)
              Index Cond: (id = mk.keyword_id)
              Filter: (keyword = ANY ('{hero,martial-arts,hand-to-hand-combat,computer-animated-movie}'::text[]))
              Rows Removed by Filter: 1
Planning time: 72.740 ms
Execution time: 44.437 ms
