Aggregate  (cost=43757.51..43757.52 rows=1 width=128) (actual time=3966.788..3966.788 rows=1 loops=1)
  ->  Nested Loop  (cost=15822.80..43757.50 rows=1 width=79) (actual time=355.855..3959.361 rows=4407 loops=1)
        Join Filter: (mi.movie_id = t.id)
        ->  Nested Loop  (cost=15822.37..43756.65 rows=1 width=78) (actual time=355.823..3927.490 rows=4407 loops=1)
              ->  Nested Loop  (cost=15821.94..43755.57 rows=1 width=67) (actual time=306.738..3857.670 rows=7112 loops=1)
                    Join Filter: (mi.movie_id = ci.movie_id)
                    ->  Nested Loop  (cost=15821.38..43725.90 rows=1 width=59) (actual time=278.244..2432.057 rows=11389 loops=1)
                          ->  Nested Loop  (cost=15821.24..43723.44 rows=15 width=63) (actual time=278.235..2405.635 rows=12260 loops=1)
                                Join Filter: (mi_idx.movie_id = mi.movie_id)
                                ->  Hash Join  (cost=15820.80..40800.09 rows=171 width=13) (actual time=277.691..632.123 rows=50760 loops=1)
                                      Hash Cond: (mi_idx.movie_id = mk.movie_id)
                                      ->  Nested Loop  (cost=6462.25..22162.36 rows=464106 width=9) (actual time=31.419..238.232 rows=459925 loops=1)
                                            ->  Seq Scan on info_type it2  (cost=0.00..2.41 rows=1 width=4) (actual time=0.015..0.018 rows=1 loops=1)
                                                  Filter: ((info)::text = 'votes'::text)
                                                  Rows Removed by Filter: 112
                                            ->  Bitmap Heap Scan on movie_info_idx mi_idx  (cost=6462.25..18709.86 rows=345009 width=13) (actual time=31.399..157.863 rows=459925 loops=1)
                                                  Recheck Cond: (info_type_id = it2.id)
                                                  Heap Blocks: exact=7934
                                                  ->  Bitmap Index Scan on info_type_id_movie_info_idx  (cost=0.00..6375.99 rows=345009 width=0) (actual time=29.933..29.933 rows=459925 loops=1)
                                                        Index Cond: (info_type_id = it2.id)
                                      ->  Hash  (cost=8646.74..8646.74 rows=56945 width=4) (actual time=246.110..246.110 rows=62096 loops=1)
                                            Buckets: 65536  Batches: 1  Memory Usage: 2696kB
                                            ->  Nested Loop  (cost=6.80..8646.74 rows=56945 width=4) (actual time=4.171..230.540 rows=62096 loops=1)
                                                  ->  Seq Scan on keyword k  (cost=0.00..3129.26 rows=5 width=4) (actual time=0.877..34.738 rows=5 loops=1)
                                                        Filter: (keyword = ANY ('{murder,blood,gore,death,female-nudity}'::text[]))
                                                        Rows Removed by Filter: 134165
                                                  ->  Bitmap Heap Scan on movie_keyword mk  (cost=6.80..1100.44 rows=306 width=8) (actual time=3.263..36.797 rows=12419 loops=5)
                                                        Recheck Cond: (keyword_id = k.id)
                                                        Heap Blocks: exact=41331
                                                        ->  Bitmap Index Scan on keyword_id_movie_keyword  (cost=0.00..6.73 rows=306 width=0) (actual time=1.787..1.787 rows=12419 loops=5)
                                                              Index Cond: (keyword_id = k.id)
                                ->  Index Scan using movie_id_movie_info on movie_info mi  (cost=0.43..17.08 rows=1 width=50) (actual time=0.034..0.034 rows=0 loops=50760)
                                      Index Cond: (movie_id = mk.movie_id)
                                      Filter: (info = 'Horror'::text)
                                      Rows Removed by Filter: 56
                          ->  Index Scan using info_type_pkey on info_type it1  (cost=0.14..0.16 rows=1 width=4) (actual time=0.001..0.001 rows=1 loops=12260)
                                Index Cond: (id = mi.info_type_id)
                                Filter: ((info)::text = 'genres'::text)
                                Rows Removed by Filter: 0
                    ->  Index Scan using movie_id_cast_info on cast_info ci  (cost=0.56..29.65 rows=1 width=8) (actual time=0.103..0.125 rows=1 loops=11389)
                          Index Cond: (movie_id = mk.movie_id)
                          Filter: (note = ANY ('{(writer),"(head writer)","(written by)",(story),"(story editor)"}'::text[]))
                          Rows Removed by Filter: 46
              ->  Index Scan using name_pkey on name n  (cost=0.43..1.09 rows=1 width=19) (actual time=0.009..0.009 rows=1 loops=7112)
                    Index Cond: (id = ci.person_id)
                    Filter: ((gender)::text = 'm'::text)
                    Rows Removed by Filter: 0
        ->  Index Scan using title_pkey on title t  (cost=0.43..0.84 rows=1 width=21) (actual time=0.006..0.006 rows=1 loops=4407)
              Index Cond: (id = mk.movie_id)
Planning time: 11.849 ms
Execution time: 3966.910 ms
