Aggregate  (cost=3507.01..3507.02 rows=1 width=128) (actual time=4313.296..4313.296 rows=1 loops=1)
  ->  Nested Loop  (cost=4.20..3507.00 rows=1 width=53) (actual time=16.024..4310.517 rows=1728 loops=1)
        ->  Nested Loop  (cost=3.77..3506.55 rows=1 width=42) (actual time=16.004..4291.227 rows=1728 loops=1)
              ->  Nested Loop  (cost=3.34..3500.14 rows=14 width=30) (actual time=1.977..4114.952 rows=58947 loops=1)
                    Join Filter: (t.id = ci.movie_id)
                    ->  Nested Loop  (cost=2.77..3498.12 rows=1 width=38) (actual time=1.946..3904.325 rows=326 loops=1)
                          ->  Nested Loop  (cost=2.35..3497.67 rows=1 width=42) (actual time=0.807..3600.372 rows=79039 loops=1)
                                Join Filter: (kt.id = t.kind_id)
                                Rows Removed by Join Filter: 40205
                                ->  Seq Scan on kind_type kt  (cost=0.00..1.09 rows=1 width=4) (actual time=0.006..0.008 rows=1 loops=1)
                                      Filter: ((kind)::text = 'movie'::text)
                                      Rows Removed by Filter: 6
                                ->  Nested Loop  (cost=2.35..3496.57 rows=1 width=46) (actual time=0.799..3573.126 rows=119244 loops=1)
                                      ->  Nested Loop  (cost=1.92..3496.08 rows=1 width=21) (actual time=0.407..2405.686 rows=411631 loops=1)
                                            Join Filter: (cc.subject_id = cct1.id)
                                            Rows Removed by Join Filter: 263932
                                            ->  Nested Loop  (cost=1.92..3495.01 rows=1 width=25) (actual time=0.404..1553.505 rows=675563 loops=1)
                                                  Join Filter: (mi_idx.info_type_id = it2.id)
                                                  Rows Removed by Join Filter: 314555
                                                  ->  Seq Scan on info_type it2  (cost=0.00..2.41 rows=1 width=4) (actual time=0.012..0.016 rows=1 loops=1)
                                                        Filter: ((info)::text = 'rating'::text)
                                                        Rows Removed by Filter: 112
                                                  ->  Nested Loop  (cost=1.92..3492.04 rows=45 width=29) (actual time=0.093..1396.745 rows=990118 loops=1)
                                                        Join Filter: (cc.movie_id = mk.movie_id)
                                                        ->  Nested Loop  (cost=1.49..3489.50 rows=1 width=21) (actual time=0.071..632.238 rows=43601 loops=1)
                                                              ->  Hash Join  (cost=1.06..3488.66 rows=1 width=8) (actual time=0.027..72.286 rows=135086 loops=1)
                                                                    Hash Cond: (cc.status_id = cct2.id)
                                                                    ->  Seq Scan on complete_cast cc  (cost=0.00..2081.86 rows=135086 width=12) (actual time=0.010..22.766 rows=135086 loops=1)
                                                                    ->  Hash  (cost=1.05..1.05 rows=1 width=4) (actual time=0.006..0.006 rows=2 loops=1)
                                                                          Buckets: 1024  Batches: 1  Memory Usage: 9kB
                                                                          ->  Seq Scan on comp_cast_type cct2  (cost=0.00..1.05 rows=1 width=4) (actual time=0.003..0.004 rows=2 loops=1)
                                                                                Filter: ((kind)::text ~~ '%complete%'::text)
                                                                                Rows Removed by Filter: 2
                                                              ->  Index Scan using movie_id_movie_info_idx on movie_info_idx mi_idx  (cost=0.43..0.83 rows=1 width=13) (actual time=0.004..0.004 rows=0 loops=135086)
                                                                    Index Cond: (movie_id = cc.movie_id)
                                                                    Filter: (info > '7.0'::text)
                                                                    Rows Removed by Filter: 2
                                                        ->  Index Scan using movie_id_movie_keyword on movie_keyword mk  (cost=0.43..1.97 rows=45 width=8) (actual time=0.005..0.011 rows=23 loops=43601)
                                                              Index Cond: (movie_id = mi_idx.movie_id)
                                            ->  Seq Scan on comp_cast_type cct1  (cost=0.00..1.05 rows=1 width=4) (actual time=0.001..0.001 rows=1 loops=675563)
                                                  Filter: ((kind)::text = 'cast'::text)
                                                  Rows Removed by Filter: 1
                                      ->  Index Scan using title_pkey on title t  (cost=0.43..0.49 rows=1 width=25) (actual time=0.002..0.002 rows=0 loops=411631)
                                            Index Cond: (id = mk.movie_id)
                                            Filter: (production_year > 2000)
                                            Rows Removed by Filter: 1
                          ->  Index Scan using keyword_pkey on keyword k  (cost=0.42..0.45 rows=1 width=4) (actual time=0.004..0.004 rows=0 loops=79039)
                                Index Cond: (id = mk.keyword_id)
                                Filter: (keyword = ANY ('{superhero,marvel-comics,based-on-comic,tv-special,fight,violence,magnet,web,claw,laser}'::text[]))
                                Rows Removed by Filter: 1
                    ->  Index Scan using movie_id_cast_info on cast_info ci  (cost=0.56..1.54 rows=38 width=12) (actual time=0.017..0.589 rows=181 loops=326)
                          Index Cond: (movie_id = mk.movie_id)
              ->  Index Scan using char_name_pkey on char_name chn  (cost=0.43..0.46 rows=1 width=20) (actual time=0.003..0.003 rows=0 loops=58947)
                    Index Cond: (id = ci.person_role_id)
                    Filter: ((name IS NOT NULL) AND ((name ~~ '%man%'::text) OR (name ~~ '%Man%'::text)))
                    Rows Removed by Filter: 0
        ->  Index Scan using name_pkey on name n  (cost=0.43..0.46 rows=1 width=19) (actual time=0.010..0.010 rows=1 loops=1728)
              Index Cond: (id = ci.person_id)
Planning time: 68.295 ms
Execution time: 4313.425 ms
