Aggregate  (cost=3506.73..3506.74 rows=1 width=96) (actual time=1069.735..1069.735 rows=1 loops=1)
  ->  Nested Loop  (cost=4.20..3506.73 rows=1 width=38) (actual time=320.092..1069.610 rows=93 loops=1)
        ->  Nested Loop  (cost=3.77..3506.28 rows=1 width=42) (actual time=320.067..1069.037 rows=93 loops=1)
              ->  Nested Loop  (cost=3.34..3499.87 rows=14 width=30) (actual time=319.947..1063.198 rows=2300 loops=1)
                    Join Filter: (t.id = ci.movie_id)
                    ->  Nested Loop  (cost=2.77..3497.85 rows=1 width=38) (actual time=319.904..1056.766 rows=6 loops=1)
                          ->  Nested Loop  (cost=2.35..3497.40 rows=1 width=42) (actual time=52.694..1037.488 rows=3891 loops=1)
                                Join Filter: (mi_idx.info_type_id = it2.id)
                                Rows Removed by Join Filter: 13434
                                ->  Nested Loop  (cost=2.35..3494.97 rows=1 width=46) (actual time=1.377..855.835 rows=17325 loops=1)
                                      Join Filter: (cc.subject_id = cct1.id)
                                      Rows Removed by Join Filter: 3461
                                      ->  Seq Scan on comp_cast_type cct1  (cost=0.00..1.05 rows=1 width=4) (actual time=0.008..0.011 rows=1 loops=1)
                                            Filter: ((kind)::text = 'cast'::text)
                                            Rows Removed by Filter: 3
                                      ->  Nested Loop  (cost=2.35..3493.90 rows=2 width=50) (actual time=1.366..851.478 rows=20786 loops=1)
                                            ->  Nested Loop  (cost=1.92..3492.08 rows=1 width=42) (actual time=1.338..837.978 rows=252 loops=1)
                                                  Join Filter: (t.kind_id = kt.id)
                                                  Rows Removed by Join Filter: 2375
                                                  ->  Nested Loop  (cost=1.92..3490.98 rows=1 width=46) (actual time=1.335..832.079 rows=2627 loops=1)
                                                        ->  Nested Loop  (cost=1.49..3490.44 rows=1 width=33) (actual time=0.139..734.054 rows=26778 loops=1)
                                                              ->  Hash Join  (cost=1.06..3488.66 rows=1 width=8) (actual time=0.037..69.868 rows=135086 loops=1)
                                                                    Hash Cond: (cc.status_id = cct2.id)
                                                                    ->  Seq Scan on complete_cast cc  (cost=0.00..2081.86 rows=135086 width=12) (actual time=0.015..22.999 rows=135086 loops=1)
                                                                    ->  Hash  (cost=1.05..1.05 rows=1 width=4) (actual time=0.007..0.007 rows=2 loops=1)
                                                                          Buckets: 1024  Batches: 1  Memory Usage: 9kB
                                                                          ->  Seq Scan on comp_cast_type cct2  (cost=0.00..1.05 rows=1 width=4) (actual time=0.003..0.004 rows=2 loops=1)
                                                                                Filter: ((kind)::text ~~ '%complete%'::text)
                                                                                Rows Removed by Filter: 2
                                                              ->  Index Scan using title_pkey on title t  (cost=0.43..1.78 rows=1 width=25) (actual time=0.005..0.005 rows=0 loops=135086)
                                                                    Index Cond: (id = cc.movie_id)
                                                                    Filter: (production_year > 2005)
                                                                    Rows Removed by Filter: 1
                                                        ->  Index Scan using movie_id_movie_info_idx on movie_info_idx mi_idx  (cost=0.43..0.53 rows=1 width=13) (actual time=0.003..0.003 rows=0 loops=26778)
                                                              Index Cond: (movie_id = t.id)
                                                              Filter: (info > '8.0'::text)
                                                              Rows Removed by Filter: 1
                                                  ->  Seq Scan on kind_type kt  (cost=0.00..1.09 rows=1 width=4) (actual time=0.001..0.001 rows=1 loops=2627)
                                                        Filter: ((kind)::text = 'movie'::text)
                                                        Rows Removed by Filter: 5
                                            ->  Index Scan using movie_id_movie_keyword on movie_keyword mk  (cost=0.43..1.37 rows=45 width=8) (actual time=0.013..0.035 rows=82 loops=252)
                                                  Index Cond: (movie_id = t.id)
                                ->  Seq Scan on info_type it2  (cost=0.00..2.41 rows=1 width=4) (actual time=0.009..0.010 rows=1 loops=17325)
                                      Filter: ((info)::text = 'rating'::text)
                                      Rows Removed by Filter: 109
                          ->  Index Scan using keyword_pkey on keyword k  (cost=0.42..0.44 rows=1 width=4) (actual time=0.005..0.005 rows=0 loops=3891)
                                Index Cond: (id = mk.keyword_id)
                                Filter: (keyword = ANY ('{superhero,marvel-comics,based-on-comic,fight}'::text[]))
                                Rows Removed by Filter: 1
                    ->  Index Scan using movie_id_cast_info on cast_info ci  (cost=0.56..1.54 rows=38 width=12) (actual time=0.017..0.957 rows=383 loops=6)
                          Index Cond: (movie_id = mk.movie_id)
              ->  Index Scan using char_name_pkey on char_name chn  (cost=0.43..0.46 rows=1 width=20) (actual time=0.002..0.002 rows=0 loops=2300)
                    Index Cond: (id = ci.person_role_id)
                    Filter: ((name IS NOT NULL) AND ((name ~~ '%man%'::text) OR (name ~~ '%Man%'::text)))
                    Rows Removed by Filter: 0
        ->  Index Only Scan using name_pkey on name n  (cost=0.43..0.45 rows=1 width=4) (actual time=0.005..0.005 rows=1 loops=93)
              Index Cond: (id = ci.person_id)
              Heap Fetches: 0
Planning time: 68.750 ms
Execution time: 1069.865 ms
