Aggregate  (cost=3501.97..3501.98 rows=1 width=96) (actual time=20332.276..20332.276 rows=1 loops=1)
  ->  Nested Loop  (cost=4.20..3501.96 rows=1 width=38) (actual time=14.629..20321.870 rows=5400 loops=1)
        Join Filter: (mi_idx.info_type_id = it2.id)
        Rows Removed by Join Filter: 11196
        ->  Nested Loop  (cost=4.20..3499.54 rows=1 width=42) (actual time=13.382..20122.929 rows=16596 loops=1)
              ->  Nested Loop  (cost=3.78..3498.63 rows=2 width=46) (actual time=11.221..10030.638 rows=3498925 loops=1)
                    ->  Nested Loop  (cost=3.35..3496.85 rows=1 width=58) (actual time=11.193..8389.844 rows=31611 loops=1)
                          ->  Nested Loop  (cost=2.92..3496.40 rows=1 width=62) (actual time=11.163..8211.632 rows=31611 loops=1)
                                Join Filter: (t.id = mi_idx.movie_id)
                                ->  Nested Loop  (cost=2.49..3495.89 rows=1 width=49) (actual time=11.131..8126.992 rows=10764 loops=1)
                                      ->  Nested Loop  (cost=2.06..3495.43 rows=1 width=37) (actual time=0.142..6514.674 rows=395336 loops=1)
                                            Join Filter: (t.kind_id = kt.id)
                                            Rows Removed by Join Filter: 718589
                                            ->  Seq Scan on kind_type kt  (cost=0.00..1.09 rows=1 width=4) (actual time=0.008..0.014 rows=1 loops=1)
                                                  Filter: ((kind)::text = 'movie'::text)
                                                  Rows Removed by Filter: 6
                                            ->  Nested Loop  (cost=2.06..3494.29 rows=4 width=41) (actual time=0.133..6355.735 rows=1113925 loops=1)
                                                  Join Filter: (cc.subject_id = cct1.id)
                                                  Rows Removed by Join Filter: 588729
                                                  ->  Seq Scan on comp_cast_type cct1  (cost=0.00..1.05 rows=1 width=4) (actual time=0.002..0.012 rows=1 loops=1)
                                                        Filter: ((kind)::text = 'cast'::text)
                                                        Rows Removed by Filter: 3
                                                  ->  Nested Loop  (cost=2.06..3493.07 rows=14 width=45) (actual time=0.130..6063.164 rows=1702654 loops=1)
                                                        ->  Nested Loop  (cost=1.49..3490.44 rows=1 width=33) (actual time=0.110..1041.101 rows=38722 loops=1)
                                                              ->  Hash Join  (cost=1.06..3488.66 rows=1 width=8) (actual time=0.030..87.747 rows=135086 loops=1)
                                                                    Hash Cond: (cc.status_id = cct2.id)
                                                                    ->  Seq Scan on complete_cast cc  (cost=0.00..2081.86 rows=135086 width=12) (actual time=0.013..28.302 rows=135086 loops=1)
                                                                    ->  Hash  (cost=1.05..1.05 rows=1 width=4) (actual time=0.006..0.006 rows=2 loops=1)
                                                                          Buckets: 1024  Batches: 1  Memory Usage: 9kB
                                                                          ->  Seq Scan on comp_cast_type cct2  (cost=0.00..1.05 rows=1 width=4) (actual time=0.003..0.004 rows=2 loops=1)
                                                                                Filter: ((kind)::text ~~ '%complete%'::text)
                                                                                Rows Removed by Filter: 2
                                                              ->  Index Scan using title_pkey on title t  (cost=0.43..1.78 rows=1 width=25) (actual time=0.007..0.007 rows=0 loops=135086)
                                                                    Index Cond: (id = cc.movie_id)
                                                                    Filter: (production_year > 2000)
                                                                    Rows Removed by Filter: 1
                                                        ->  Index Scan using movie_id_cast_info on cast_info ci  (cost=0.56..2.25 rows=38 width=12) (actual time=0.008..0.119 rows=44 loops=38722)
                                                              Index Cond: (movie_id = t.id)
                                      ->  Index Scan using char_name_pkey on char_name chn  (cost=0.43..0.46 rows=1 width=20) (actual time=0.004..0.004 rows=0 loops=395336)
                                            Index Cond: (id = ci.person_role_id)
                                            Filter: ((name IS NOT NULL) AND ((name ~~ '%man%'::text) OR (name ~~ '%Man%'::text)))
                                            Rows Removed by Filter: 0
                                ->  Index Scan using movie_id_movie_info_idx on movie_info_idx mi_idx  (cost=0.43..0.48 rows=3 width=13) (actual time=0.005..0.006 rows=3 loops=10764)
                                      Index Cond: (movie_id = ci.movie_id)
                          ->  Index Only Scan using name_pkey on name n  (cost=0.43..0.45 rows=1 width=4) (actual time=0.005..0.005 rows=1 loops=31611)
                                Index Cond: (id = ci.person_id)
                                Heap Fetches: 0
                    ->  Index Scan using movie_id_movie_keyword on movie_keyword mk  (cost=0.43..1.33 rows=45 width=8) (actual time=0.005..0.028 rows=111 loops=31611)
                          Index Cond: (movie_id = t.id)
              ->  Index Scan using keyword_pkey on keyword k  (cost=0.42..0.45 rows=1 width=4) (actual time=0.003..0.003 rows=0 loops=3498925)
                    Index Cond: (id = mk.keyword_id)
                    Filter: (keyword = ANY ('{superhero,marvel-comics,based-on-comic,tv-special,fight,violence,magnet,web,claw,laser}'::text[]))
                    Rows Removed by Filter: 1
        ->  Seq Scan on info_type it2  (cost=0.00..2.41 rows=1 width=4) (actual time=0.010..0.011 rows=1 loops=16596)
              Filter: ((info)::text = 'rating'::text)
              Rows Removed by Filter: 108
Planning time: 70.929 ms
Execution time: 20332.415 ms
