Aggregate  (cost=3506.26..3506.27 rows=1 width=96) (actual time=4279.684..4279.685 rows=1 loops=1)
  ->  Nested Loop  (cost=4.20..3506.25 rows=1 width=38) (actual time=5.407..4272.096 rows=5400 loops=1)
        Join Filter: (cc.subject_id = cct1.id)
        Rows Removed by Join Filter: 959
        ->  Nested Loop  (cost=4.20..3505.19 rows=1 width=42) (actual time=5.404..4258.699 rows=6359 loops=1)
              ->  Nested Loop  (cost=3.77..3504.74 rows=1 width=46) (actual time=5.388..4207.693 rows=6359 loops=1)
                    ->  Nested Loop  (cost=3.34..3498.33 rows=14 width=34) (actual time=0.537..3545.468 rows=220668 loops=1)
                          Join Filter: (t.id = ci.movie_id)
                          ->  Nested Loop  (cost=2.77..3496.32 rows=1 width=42) (actual time=0.504..2756.411 rows=1473 loops=1)
                                ->  Nested Loop  (cost=2.35..3495.41 rows=2 width=46) (actual time=0.179..1566.566 rows=352821 loops=1)
                                      ->  Nested Loop  (cost=1.92..3493.63 rows=1 width=38) (actual time=0.157..1328.952 rows=5052 loops=1)
                                            Join Filter: (kt.id = t.kind_id)
                                            Rows Removed by Join Filter: 14772
                                            ->  Seq Scan on kind_type kt  (cost=0.00..1.09 rows=1 width=4) (actual time=0.006..0.008 rows=1 loops=1)
                                                  Filter: ((kind)::text = 'movie'::text)
                                                  Rows Removed by Filter: 6
                                            ->  Nested Loop  (cost=1.92..3492.53 rows=1 width=42) (actual time=0.150..1324.887 rows=19824 loops=1)
                                                  Join Filter: (cc.movie_id = t.id)
                                                  ->  Nested Loop  (cost=1.49..3491.94 rows=1 width=17) (actual time=0.058..676.638 rows=95399 loops=1)
                                                        Join Filter: (it2.id = mi_idx.info_type_id)
                                                        Rows Removed by Join Filter: 191200
                                                        ->  Seq Scan on info_type it2  (cost=0.00..2.41 rows=1 width=4) (actual time=0.013..0.016 rows=1 loops=1)
                                                              Filter: ((info)::text = 'rating'::text)
                                                              Rows Removed by Filter: 112
                                                        ->  Nested Loop  (cost=1.49..3489.51 rows=1 width=21) (actual time=0.043..637.028 rows=286599 loops=1)
                                                              ->  Hash Join  (cost=1.06..3488.66 rows=1 width=8) (actual time=0.026..76.722 rows=135086 loops=1)
                                                                    Hash Cond: (cc.status_id = cct2.id)
                                                                    ->  Seq Scan on complete_cast cc  (cost=0.00..2081.86 rows=135086 width=12) (actual time=0.012..23.403 rows=135086 loops=1)
                                                                    ->  Hash  (cost=1.05..1.05 rows=1 width=4) (actual time=0.006..0.006 rows=2 loops=1)
                                                                          Buckets: 1024  Batches: 1  Memory Usage: 9kB
                                                                          ->  Seq Scan on comp_cast_type cct2  (cost=0.00..1.05 rows=1 width=4) (actual time=0.003..0.004 rows=2 loops=1)
                                                                                Filter: ((kind)::text ~~ '%complete%'::text)
                                                                                Rows Removed by Filter: 2
                                                              ->  Index Scan using movie_id_movie_info_idx on movie_info_idx mi_idx  (cost=0.43..0.83 rows=3 width=13) (actual time=0.003..0.003 rows=2 loops=135086)
                                                                    Index Cond: (movie_id = cc.movie_id)
                                                  ->  Index Scan using title_pkey on title t  (cost=0.43..0.58 rows=1 width=25) (actual time=0.006..0.006 rows=0 loops=95399)
                                                        Index Cond: (id = mi_idx.movie_id)
                                                        Filter: (production_year > 2000)
                                                        Rows Removed by Filter: 1
                                      ->  Index Scan using movie_id_movie_keyword on movie_keyword mk  (cost=0.43..1.33 rows=45 width=8) (actual time=0.013..0.031 rows=70 loops=5052)
                                            Index Cond: (movie_id = t.id)
                                ->  Index Scan using keyword_pkey on keyword k  (cost=0.42..0.45 rows=1 width=4) (actual time=0.003..0.003 rows=0 loops=352821)
                                      Index Cond: (id = mk.keyword_id)
                                      Filter: (keyword = ANY ('{superhero,marvel-comics,based-on-comic,tv-special,fight,violence,magnet,web,claw,laser}'::text[]))
                                      Rows Removed by Filter: 1
                          ->  Index Scan using movie_id_cast_info on cast_info ci  (cost=0.56..1.54 rows=38 width=12) (actual time=0.016..0.489 rows=150 loops=1473)
                                Index Cond: (movie_id = mk.movie_id)
                    ->  Index Scan using char_name_pkey on char_name chn  (cost=0.43..0.46 rows=1 width=20) (actual time=0.003..0.003 rows=0 loops=220668)
                          Index Cond: (id = ci.person_role_id)
                          Filter: ((name IS NOT NULL) AND ((name ~~ '%man%'::text) OR (name ~~ '%Man%'::text)))
                          Rows Removed by Filter: 0
              ->  Index Only Scan using name_pkey on name n  (cost=0.43..0.45 rows=1 width=4) (actual time=0.007..0.007 rows=1 loops=6359)
                    Index Cond: (id = ci.person_id)
                    Heap Fetches: 0
        ->  Seq Scan on comp_cast_type cct1  (cost=0.00..1.05 rows=1 width=4) (actual time=0.001..0.001 rows=1 loops=6359)
              Filter: ((kind)::text = 'cast'::text)
              Rows Removed by Filter: 0
Planning time: 67.382 ms
Execution time: 4279.803 ms
