Aggregate  (cost=1344.43..1344.44 rows=1 width=96) (actual time=258.105..258.105 rows=1 loops=1)
  ->  Nested Loop  (cost=6.45..1344.42 rows=1 width=48) (actual time=13.711..257.630 rows=477 loops=1)
        ->  Nested Loop  (cost=6.03..1343.96 rows=1 width=52) (actual time=13.676..239.594 rows=6483 loops=1)
              Join Filter: (mc.company_type_id = ct.id)
              Rows Removed by Join Filter: 285
              ->  Nested Loop  (cost=6.03..1342.90 rows=1 width=56) (actual time=13.673..231.075 rows=6768 loops=1)
                    Join Filter: (ml.link_type_id = lt.id)
                    Rows Removed by Join Filter: 8467
                    ->  Nested Loop  (cost=6.03..1341.66 rows=1 width=48) (actual time=13.667..214.217 rows=7847 loops=1)
                          ->  Nested Loop  (cost=5.61..1340.75 rows=2 width=33) (actual time=13.645..163.342 rows=19212 loops=1)
                                Join Filter: (cc.subject_id = cct1.id)
                                Rows Removed by Join Filter: 4106
                                ->  Nested Loop  (cost=5.61..1339.61 rows=3 width=37) (actual time=13.637..153.161 rows=19212 loops=1)
                                      Join Filter: (ml.movie_id = t.id)
                                      ->  Merge Join  (cost=5.18..1335.57 rows=8 width=40) (actual time=6.555..102.099 rows=19260 loops=1)
                                            Merge Cond: (mk.movie_id = ml.movie_id)
                                            ->  Nested Loop  (cost=1.72..8381.24 rows=28 width=32) (actual time=5.308..81.366 rows=1178 loops=1)
                                                  ->  Nested Loop  (cost=1.28..8375.89 rows=3 width=24) (actual time=2.368..78.141 rows=1121 loops=1)
                                                        Join Filter: (mi.movie_id = mc.movie_id)
                                                        ->  Nested Loop  (cost=0.85..8374.56 rows=1 width=12) (actual time=2.342..73.649 rows=1006 loops=1)
                                                              ->  Nested Loop  (cost=0.42..8367.23 rows=1 width=8) (actual time=0.020..6.253 rows=5765 loops=1)
                                                                    Join Filter: (cc.status_id = cct2.id)
                                                                    Rows Removed by Join Filter: 454
                                                                    ->  Index Scan using movie_id_complete_cast on complete_cast cc  (cost=0.42..6339.89 rows=135086 width=12) (actual time=0.010..3.360 rows=6219 loops=1)
                                                                    ->  Materialize  (cost=0.00..1.05 rows=1 width=4) (actual time=0.000..0.000 rows=1 loops=6219)
                                                                          ->  Seq Scan on comp_cast_type cct2  (cost=0.00..1.05 rows=1 width=4) (actual time=0.005..0.006 rows=1 loops=1)
                                                                                Filter: ((kind)::text = 'complete'::text)
                                                                                Rows Removed by Filter: 3
                                                              ->  Index Scan using movie_id_movie_info on movie_info mi  (cost=0.43..7.32 rows=1 width=4) (actual time=0.011..0.011 rows=0 loops=5765)
                                                                    Index Cond: (movie_id = cc.movie_id)
                                                                    Filter: (info = ANY ('{Sweden,Germany,Swedish,German}'::text[]))
                                                                    Rows Removed by Filter: 10
                                                        ->  Index Scan using movie_id_movie_companies on movie_companies mc  (cost=0.43..1.29 rows=3 width=12) (actual time=0.003..0.004 rows=1 loops=1006)
                                                              Index Cond: (movie_id = cc.movie_id)
                                                              Filter: (note IS NULL)
                                                              Rows Removed by Filter: 2
                                                  ->  Index Scan using movie_id_movie_keyword on movie_keyword mk  (cost=0.43..1.34 rows=45 width=8) (actual time=0.002..0.002 rows=1 loops=1121)
                                                        Index Cond: (movie_id = mc.movie_id)
                                            ->  Index Scan using movie_id_movie_link on movie_link ml  (cost=0.29..959.51 rows=29997 width=8) (actual time=0.007..10.614 rows=49146 loops=1)
                                      ->  Index Scan using title_pkey on title t  (cost=0.43..0.49 rows=1 width=21) (actual time=0.002..0.002 rows=1 loops=19260)
                                            Index Cond: (id = mk.movie_id)
                                            Filter: ((production_year >= 1950) AND (production_year <= 2000))
                                            Rows Removed by Filter: 0
                                ->  Materialize  (cost=0.00..1.06 rows=2 width=4) (actual time=0.000..0.000 rows=1 loops=19212)
                                      ->  Seq Scan on comp_cast_type cct1  (cost=0.00..1.05 rows=2 width=4) (actual time=0.005..0.007 rows=2 loops=1)
                                            Filter: ((kind)::text = ANY ('{cast,crew}'::text[]))
                          ->  Index Scan using company_name_pkey on company_name cn  (cost=0.42..0.46 rows=1 width=23) (actual time=0.002..0.002 rows=0 loops=19212)
                                Index Cond: (id = mc.company_id)
                                Filter: (((country_code)::text <> '[pl]'::text) AND ((name ~~ '%Film%'::text) OR (name ~~ '%Warner%'::text)))
                                Rows Removed by Filter: 1
                    ->  Seq Scan on link_type lt  (cost=0.00..1.23 rows=1 width=16) (actual time=0.001..0.001 rows=2 loops=7847)
                          Filter: ((link)::text ~~ '%follow%'::text)
                          Rows Removed by Filter: 2
              ->  Seq Scan on company_type ct  (cost=0.00..1.05 rows=1 width=4) (actual time=0.001..0.001 rows=1 loops=6768)
                    Filter: ((kind)::text = 'production companies'::text)
                    Rows Removed by Filter: 1
        ->  Index Scan using keyword_pkey on keyword k  (cost=0.42..0.44 rows=1 width=4) (actual time=0.002..0.002 rows=0 loops=6483)
              Index Cond: (id = mk.keyword_id)
              Filter: (keyword = 'sequel'::text)
              Rows Removed by Filter: 1
Planning time: 70.029 ms
Execution time: 258.223 ms
