Aggregate  (cost=1343.89..1343.90 rows=1 width=96) (actual time=154.151..154.151 rows=1 loops=1)
  ->  Nested Loop  (cost=6.45..1343.89 rows=1 width=48) (actual time=85.555..153.897 rows=247 loops=1)
        ->  Nested Loop  (cost=6.03..1343.42 rows=1 width=52) (actual time=84.761..148.184 rows=1919 loops=1)
              Join Filter: (mc.company_type_id = ct.id)
              ->  Nested Loop  (cost=6.03..1342.36 rows=1 width=56) (actual time=84.755..145.606 rows=1919 loops=1)
                    Join Filter: (ml.link_type_id = lt.id)
                    Rows Removed by Join Filter: 1535
                    ->  Nested Loop  (cost=6.03..1341.12 rows=1 width=48) (actual time=84.749..142.116 rows=1919 loops=1)
                          ->  Nested Loop  (cost=5.61..1340.67 rows=1 width=33) (actual time=84.735..128.748 rows=4484 loops=1)
                                Join Filter: (cc.subject_id = cct1.id)
                                Rows Removed by Join Filter: 4104
                                ->  Nested Loop  (cost=5.61..1339.59 rows=1 width=37) (actual time=84.725..120.950 rows=4484 loops=1)
                                      Join Filter: (ml.movie_id = t.id)
                                      ->  Merge Join  (cost=5.18..1335.57 rows=8 width=40) (actual time=4.867..76.954 rows=19260 loops=1)
                                            Merge Cond: (mk.movie_id = ml.movie_id)
                                            ->  Nested Loop  (cost=1.72..8381.24 rows=28 width=32) (actual time=3.895..58.615 rows=1178 loops=1)
                                                  ->  Nested Loop  (cost=1.28..8375.89 rows=3 width=24) (actual time=1.872..55.843 rows=1121 loops=1)
                                                        Join Filter: (mi.movie_id = mc.movie_id)
                                                        ->  Nested Loop  (cost=0.85..8374.56 rows=1 width=12) (actual time=1.863..52.028 rows=1006 loops=1)
                                                              ->  Nested Loop  (cost=0.42..8367.23 rows=1 width=8) (actual time=0.019..5.604 rows=5765 loops=1)
                                                                    Join Filter: (cc.status_id = cct2.id)
                                                                    Rows Removed by Join Filter: 454
                                                                    ->  Index Scan using movie_id_complete_cast on complete_cast cc  (cost=0.42..6339.89 rows=135086 width=12) (actual time=0.011..2.920 rows=6219 loops=1)
                                                                    ->  Materialize  (cost=0.00..1.05 rows=1 width=4) (actual time=0.000..0.000 rows=1 loops=6219)
                                                                          ->  Seq Scan on comp_cast_type cct2  (cost=0.00..1.05 rows=1 width=4) (actual time=0.005..0.006 rows=1 loops=1)
                                                                                Filter: ((kind)::text = 'complete'::text)
                                                                                Rows Removed by Filter: 3
                                                              ->  Index Scan using movie_id_movie_info on movie_info mi  (cost=0.43..7.32 rows=1 width=4) (actual time=0.008..0.008 rows=0 loops=5765)
                                                                    Index Cond: (movie_id = cc.movie_id)
                                                                    Filter: (info = ANY ('{Sweden,Germany,Swedish,German}'::text[]))
                                                                    Rows Removed by Filter: 10
                                                        ->  Index Scan using movie_id_movie_companies on movie_companies mc  (cost=0.43..1.29 rows=3 width=12) (actual time=0.003..0.003 rows=1 loops=1006)
                                                              Index Cond: (movie_id = cc.movie_id)
                                                              Filter: (note IS NULL)
                                                              Rows Removed by Filter: 2
                                                  ->  Index Scan using movie_id_movie_keyword on movie_keyword mk  (cost=0.43..1.34 rows=45 width=8) (actual time=0.002..0.002 rows=1 loops=1121)
                                                        Index Cond: (movie_id = mc.movie_id)
                                            ->  Index Scan using movie_id_movie_link on movie_link ml  (cost=0.29..959.51 rows=29997 width=8) (actual time=0.007..9.627 rows=49146 loops=1)
                                      ->  Index Scan using title_pkey on title t  (cost=0.43..0.49 rows=1 width=21) (actual time=0.002..0.002 rows=0 loops=19260)
                                            Index Cond: (id = mk.movie_id)
                                            Filter: (production_year = 1998)
                                            Rows Removed by Filter: 1
                                ->  Seq Scan on comp_cast_type cct1  (cost=0.00..1.05 rows=2 width=4) (actual time=0.001..0.001 rows=2 loops=4484)
                                      Filter: ((kind)::text = ANY ('{cast,crew}'::text[]))
                          ->  Index Scan using company_name_pkey on company_name cn  (cost=0.42..0.46 rows=1 width=23) (actual time=0.003..0.003 rows=0 loops=4484)
                                Index Cond: (id = mc.company_id)
                                Filter: (((country_code)::text <> '[pl]'::text) AND ((name ~~ '%Film%'::text) OR (name ~~ '%Warner%'::text)))
                                Rows Removed by Filter: 1
                    ->  Seq Scan on link_type lt  (cost=0.00..1.23 rows=1 width=16) (actual time=0.001..0.001 rows=2 loops=1919)
                          Filter: ((link)::text ~~ '%follow%'::text)
              ->  Seq Scan on company_type ct  (cost=0.00..1.05 rows=1 width=4) (actual time=0.001..0.001 rows=1 loops=1919)
                    Filter: ((kind)::text = 'production companies'::text)
                    Rows Removed by Filter: 1
        ->  Index Scan using keyword_pkey on keyword k  (cost=0.42..0.44 rows=1 width=4) (actual time=0.003..0.003 rows=0 loops=1919)
              Index Cond: (id = mk.keyword_id)
              Filter: (keyword = 'sequel'::text)
              Rows Removed by Filter: 1
Planning time: 73.477 ms
Execution time: 154.266 ms
