Aggregate  (cost=1267.93..1267.94 rows=1 width=96) (actual time=435.402..435.402 rows=1 loops=1)
  ->  Nested Loop  (cost=6.45..1267.92 rows=1 width=48) (actual time=21.164..434.702 rows=743 loops=1)
        ->  Nested Loop  (cost=6.03..1267.46 rows=1 width=52) (actual time=11.064..405.615 rows=11620 loops=1)
              Join Filter: (ml.movie_id = t.id)
              ->  Nested Loop  (cost=5.60..1266.95 rows=1 width=55) (actual time=11.053..374.103 rows=11620 loops=1)
                    ->  Nested Loop  (cost=5.18..1266.49 rows=1 width=40) (actual time=4.553..287.770 rows=30575 loops=1)
                          Join Filter: (ct.id = mc.company_type_id)
                          Rows Removed by Join Filter: 2865
                          ->  Nested Loop  (cost=5.18..1265.40 rows=3 width=44) (actual time=4.549..272.918 rows=33440 loops=1)
                                Join Filter: (ml.movie_id = mc.movie_id)
                                ->  Nested Loop  (cost=4.75..1264.82 rows=1 width=32) (actual time=4.532..224.190 rows=6996 loops=1)
                                      Join Filter: (cc.subject_id = cct1.id)
                                      Rows Removed by Join Filter: 1044
                                      ->  Nested Loop  (cost=4.75..1263.76 rows=1 width=36) (actual time=4.527..212.863 rows=8040 loops=1)
                                            Join Filter: (lt.id = ml.link_type_id)
                                            Rows Removed by Join Filter: 230405
                                            ->  Merge Join  (cost=4.75..1262.36 rows=11 width=28) (actual time=1.055..146.960 rows=119859 loops=1)
                                                  Merge Cond: (mk.movie_id = ml.movie_id)
                                                  ->  Nested Loop  (cost=1.29..8380.30 rows=37 width=20) (actual time=0.726..82.136 rows=18162 loops=1)
                                                        ->  Nested Loop  (cost=0.85..8374.83 rows=3 width=12) (actual time=0.039..63.286 rows=4862 loops=1)
                                                              ->  Nested Loop  (cost=0.42..8367.23 rows=1 width=8) (actual time=0.018..5.662 rows=5993 loops=1)
                                                                    Join Filter: (cct2.id = cc.status_id)
                                                                    Rows Removed by Join Filter: 432
                                                                    ->  Index Scan using movie_id_complete_cast on complete_cast cc  (cost=0.42..6339.89 rows=135086 width=12) (actual time=0.010..2.975 rows=5993 loops=1)
                                                                    ->  Materialize  (cost=0.00..1.05 rows=1 width=4) (actual time=0.000..0.000 rows=1 loops=5993)
                                                                          ->  Seq Scan on comp_cast_type cct2  (cost=0.00..1.05 rows=1 width=4) (actual time=0.005..0.006 rows=2 loops=1)
                                                                                Filter: ((kind)::text ~~ 'complete%'::text)
                                                                                Rows Removed by Filter: 2
                                                              ->  Index Scan using movie_id_movie_info on movie_info mi  (cost=0.43..7.57 rows=3 width=4) (actual time=0.009..0.009 rows=1 loops=5993)
                                                                    Index Cond: (movie_id = cc.movie_id)
                                                                    Filter: (info = ANY ('{Sweden,Norway,Germany,Denmark,Swedish,Denish,Norwegian,German,English}'::text[]))
                                                                    Rows Removed by Filter: 9
                                                        ->  Index Scan using movie_id_movie_keyword on movie_keyword mk  (cost=0.43..1.37 rows=45 width=8) (actual time=0.002..0.003 rows=4 loops=4862)
                                                              Index Cond: (movie_id = mi.movie_id)
                                                  ->  Index Scan using movie_id_movie_link on movie_link ml  (cost=0.29..959.51 rows=29997 width=8) (actual time=0.006..28.838 rows=146509 loops=1)
                                            ->  Materialize  (cost=0.00..1.23 rows=1 width=16) (actual time=0.000..0.000 rows=2 loops=119859)
                                                  ->  Seq Scan on link_type lt  (cost=0.00..1.23 rows=1 width=16) (actual time=0.003..0.007 rows=2 loops=1)
                                                        Filter: ((link)::text ~~ '%follow%'::text)
                                                        Rows Removed by Filter: 16
                                      ->  Seq Scan on comp_cast_type cct1  (cost=0.00..1.05 rows=1 width=4) (actual time=0.001..0.001 rows=1 loops=8040)
                                            Filter: ((kind)::text = 'cast'::text)
                                            Rows Removed by Filter: 0
                                ->  Index Scan using movie_id_movie_companies on movie_companies mc  (cost=0.43..0.54 rows=3 width=12) (actual time=0.004..0.005 rows=5 loops=6996)
                                      Index Cond: (movie_id = mk.movie_id)
                                      Filter: (note IS NULL)
                                      Rows Removed by Filter: 6
                          ->  Materialize  (cost=0.00..1.05 rows=1 width=4) (actual time=0.000..0.000 rows=1 loops=33440)
                                ->  Seq Scan on company_type ct  (cost=0.00..1.05 rows=1 width=4) (actual time=0.002..0.003 rows=1 loops=1)
                                      Filter: ((kind)::text = 'production companies'::text)
                                      Rows Removed by Filter: 3
                    ->  Index Scan using company_name_pkey on company_name cn  (cost=0.42..0.46 rows=1 width=23) (actual time=0.002..0.002 rows=0 loops=30575)
                          Index Cond: (id = mc.company_id)
                          Filter: (((country_code)::text <> '[pl]'::text) AND ((name ~~ '%Film%'::text) OR (name ~~ '%Warner%'::text)))
                          Rows Removed by Filter: 1
              ->  Index Scan using title_pkey on title t  (cost=0.43..0.49 rows=1 width=21) (actual time=0.002..0.002 rows=1 loops=11620)
                    Index Cond: (id = mk.movie_id)
                    Filter: ((production_year >= 1950) AND (production_year <= 2010))
        ->  Index Scan using keyword_pkey on keyword k  (cost=0.42..0.44 rows=1 width=4) (actual time=0.002..0.002 rows=0 loops=11620)
              Index Cond: (id = mk.keyword_id)
              Filter: (keyword = 'sequel'::text)
              Rows Removed by Filter: 1
Planning time: 70.299 ms
Execution time: 435.524 ms
