Aggregate  (cost=15273.46..15273.47 rows=1 width=96) (actual time=592.851..592.852 rows=1 loops=1)
  ->  Nested Loop  (cost=3781.94..15273.46 rows=1 width=41) (actual time=55.549..592.660 rows=148 loops=1)
        ->  Nested Loop  (cost=3781.80..15273.27 rows=1 width=45) (actual time=55.540..592.334 rows=149 loops=1)
              Join Filter: (t.id = mi.movie_id)
              ->  Nested Loop  (cost=3781.36..15271.75 rows=1 width=61) (actual time=54.883..431.151 rows=1387 loops=1)
                    ->  Nested Loop  (cost=3781.23..15271.59 rows=1 width=65) (actual time=54.875..428.463 rows=1485 loops=1)
                          ->  Nested Loop  (cost=3781.10..15271.27 rows=2 width=69) (actual time=54.863..425.491 rows=1502 loops=1)
                                ->  Nested Loop  (cost=3780.67..15268.82 rows=5 width=44) (actual time=54.834..374.929 rows=12790 loops=1)
                                      ->  Hash Join  (cost=3780.25..15263.42 rows=10 width=29) (actual time=54.813..322.716 rows=13184 loops=1)
                                            Hash Cond: (mc.company_type_id = ct.id)
                                            ->  Nested Loop  (cost=3779.16..15262.22 rows=10 width=33) (actual time=54.794..317.475 rows=13184 loops=1)
                                                  ->  Nested Loop  (cost=3778.73..15243.23 rows=33 width=21) (actual time=54.762..238.737 rows=3041 loops=1)
                                                        Join Filter: (it2.id = mi_idx.info_type_id)
                                                        Rows Removed by Join Filter: 1120
                                                        ->  Seq Scan on info_type it2  (cost=0.00..2.41 rows=1 width=4) (actual time=0.013..0.017 rows=1 loops=1)
                                                              Filter: ((info)::text = 'rating'::text)
                                                              Rows Removed by Filter: 112
                                                        ->  Nested Loop  (cost=3778.73..15193.70 rows=3769 width=25) (actual time=54.746..237.572 rows=4161 loops=1)
                                                              ->  Hash Join  (cost=3778.30..12319.70 rows=5659 width=12) (actual time=54.700..189.989 rows=6216 loops=1)
                                                                    Hash Cond: (cc.subject_id = cct1.id)
                                                                    ->  Hash Join  (cost=3777.24..12083.08 rows=22636 width=16) (actual time=54.596..185.751 rows=20024 loops=1)
                                                                          Hash Cond: (mk.movie_id = cc.movie_id)
                                                                          ->  Nested Loop  (cost=6.80..7403.56 rows=33271 width=4) (actual time=4.484..118.932 rows=37091 loops=1)
                                                                                ->  Seq Scan on keyword k  (cost=0.00..2961.55 rows=4 width=4) (actual time=1.467..27.367 rows=3 loops=1)
                                                                                      Filter: (keyword = ANY ('{murder,murder-in-title,blood,violence}'::text[]))
                                                                                      Rows Removed by Filter: 134167
                                                                                ->  Bitmap Heap Scan on movie_keyword mk  (cost=6.80..1107.44 rows=306 width=8) (actual time=3.466..28.349 rows=12364 loops=3)
                                                                                      Recheck Cond: (keyword_id = k.id)
                                                                                      Heap Blocks: exact=26312
                                                                                      ->  Bitmap Index Scan on keyword_id_movie_keyword  (cost=0.00..6.73 rows=306 width=0) (actual time=1.877..1.877 rows=12364 loops=3)
                                                                                            Index Cond: (keyword_id = k.id)
                                                                          ->  Hash  (cost=2081.86..2081.86 rows=135086 width=12) (actual time=49.681..49.681 rows=135086 loops=1)
                                                                                Buckets: 262144  Batches: 1  Memory Usage: 7853kB
                                                                                ->  Seq Scan on complete_cast cc  (cost=0.00..2081.86 rows=135086 width=12) (actual time=0.012..25.374 rows=135086 loops=1)
                                                                    ->  Hash  (cost=1.05..1.05 rows=1 width=4) (actual time=0.004..0.004 rows=1 loops=1)
                                                                          Buckets: 1024  Batches: 1  Memory Usage: 9kB
                                                                          ->  Seq Scan on comp_cast_type cct1  (cost=0.00..1.05 rows=1 width=4) (actual time=0.002..0.003 rows=1 loops=1)
                                                                                Filter: ((kind)::text = 'crew'::text)
                                                                                Rows Removed by Filter: 3
                                                              ->  Index Scan using movie_id_movie_info_idx on movie_info_idx mi_idx  (cost=0.43..0.50 rows=1 width=13) (actual time=0.007..0.007 rows=1 loops=6216)
                                                                    Index Cond: (movie_id = mk.movie_id)
                                                                    Filter: (info > '6.5'::text)
                                                                    Rows Removed by Filter: 2
                                                  ->  Index Scan using movie_id_movie_companies on movie_companies mc  (cost=0.43..0.57 rows=1 width=12) (actual time=0.014..0.024 rows=4 loops=3041)
                                                        Index Cond: (movie_id = mk.movie_id)
                                                        Filter: ((note !~~ '%(USA)%'::text) AND (note ~~ '%(200%)%'::text))
                                                        Rows Removed by Filter: 13
                                            ->  Hash  (cost=1.04..1.04 rows=4 width=4) (actual time=0.010..0.010 rows=4 loops=1)
                                                  Buckets: 1024  Batches: 1  Memory Usage: 9kB
                                                  ->  Seq Scan on company_type ct  (cost=0.00..1.04 rows=4 width=4) (actual time=0.006..0.007 rows=4 loops=1)
                                      ->  Index Scan using company_name_pkey on company_name cn  (cost=0.42..0.54 rows=1 width=23) (actual time=0.003..0.003 rows=1 loops=13184)
                                            Index Cond: (id = mc.company_id)
                                            Filter: ((country_code)::text <> '[us]'::text)
                                            Rows Removed by Filter: 0
                                ->  Index Scan using title_pkey on title t  (cost=0.43..0.49 rows=1 width=25) (actual time=0.004..0.004 rows=0 loops=12790)
                                      Index Cond: (id = mk.movie_id)
                                      Filter: (production_year > 2005)
                                      Rows Removed by Filter: 1
                          ->  Index Scan using kind_type_pkey on kind_type kt  (cost=0.13..0.15 rows=1 width=4) (actual time=0.001..0.001 rows=1 loops=1502)
                                Index Cond: (id = t.kind_id)
                                Filter: ((kind)::text = ANY ('{movie,episode}'::text[]))
                                Rows Removed by Filter: 0
                    ->  Index Scan using comp_cast_type_pkey on comp_cast_type cct2  (cost=0.13..0.15 rows=1 width=4) (actual time=0.001..0.001 rows=1 loops=1485)
                          Index Cond: (id = cc.status_id)
                          Filter: ((kind)::text <> 'complete+verified'::text)
                          Rows Removed by Filter: 0
              ->  Index Scan using movie_id_movie_info on movie_info mi  (cost=0.43..1.51 rows=1 width=8) (actual time=0.116..0.116 rows=0 loops=1387)
                    Index Cond: (movie_id = mk.movie_id)
                    Filter: (info = ANY ('{Sweden,Germany,Swedish,German}'::text[]))
                    Rows Removed by Filter: 336
        ->  Index Scan using info_type_pkey on info_type it1  (cost=0.14..0.16 rows=1 width=4) (actual time=0.002..0.002 rows=1 loops=149)
              Index Cond: (id = mi.info_type_id)
              Filter: ((info)::text = 'countries'::text)
              Rows Removed by Filter: 0
Planning time: 87.581 ms
Execution time: 593.023 ms
