Aggregate  (cost=15297.44..15297.45 rows=1 width=96) (actual time=601.257..601.258 rows=1 loops=1)
  ->  Nested Loop  (cost=3780.98..15297.44 rows=1 width=41) (actual time=55.033..601.097 rows=148 loops=1)
        ->  Nested Loop  (cost=3780.85..15297.27 rows=1 width=45) (actual time=55.024..600.779 rows=161 loops=1)
              ->  Nested Loop  (cost=3780.43..15296.73 rows=1 width=30) (actual time=55.011..599.817 rows=163 loops=1)
                    ->  Nested Loop  (cost=3780.30..15296.58 rows=1 width=34) (actual time=55.002..599.533 rows=163 loops=1)
                          Join Filter: (t.id = mc.movie_id)
                          ->  Nested Loop  (cost=3779.87..15296.00 rows=1 width=46) (actual time=54.971..598.842 rows=18 loops=1)
                                Join Filter: (mi.movie_id = t.id)
                                ->  Nested Loop  (cost=3779.44..15295.50 rows=1 width=21) (actual time=54.943..597.733 rows=107 loops=1)
                                      ->  Nested Loop  (cost=3779.31..15295.34 rows=1 width=25) (actual time=54.935..597.385 rows=140 loops=1)
                                            ->  Nested Loop  (cost=3779.16..15293.53 rows=11 width=29) (actual time=54.927..595.936 rows=594 loops=1)
                                                  ->  Nested Loop  (cost=3778.73..15243.23 rows=33 width=21) (actual time=54.424..269.322 rows=3041 loops=1)
                                                        Join Filter: (it2.id = mi_idx.info_type_id)
                                                        Rows Removed by Join Filter: 1120
                                                        ->  Seq Scan on info_type it2  (cost=0.00..2.41 rows=1 width=4) (actual time=0.016..0.020 rows=1 loops=1)
                                                              Filter: ((info)::text = 'rating'::text)
                                                              Rows Removed by Filter: 112
                                                        ->  Nested Loop  (cost=3778.73..15193.70 rows=3769 width=25) (actual time=54.406..268.119 rows=4161 loops=1)
                                                              ->  Hash Join  (cost=3778.30..12319.70 rows=5659 width=12) (actual time=54.364..213.536 rows=6216 loops=1)
                                                                    Hash Cond: (cc.subject_id = cct1.id)
                                                                    ->  Hash Join  (cost=3777.24..12083.08 rows=22636 width=16) (actual time=54.265..208.917 rows=20024 loops=1)
                                                                          Hash Cond: (mk.movie_id = cc.movie_id)
                                                                          ->  Nested Loop  (cost=6.80..7403.56 rows=33271 width=4) (actual time=4.422..141.850 rows=37091 loops=1)
                                                                                ->  Seq Scan on keyword k  (cost=0.00..2961.55 rows=4 width=4) (actual time=1.456..30.954 rows=3 loops=1)
                                                                                      Filter: (keyword = ANY ('{murder,murder-in-title,blood,violence}'::text[]))
                                                                                      Rows Removed by Filter: 134167
                                                                                ->  Bitmap Heap Scan on movie_keyword mk  (cost=6.80..1107.44 rows=306 width=8) (actual time=3.452..34.713 rows=12364 loops=3)
                                                                                      Recheck Cond: (keyword_id = k.id)
                                                                                      Heap Blocks: exact=26312
                                                                                      ->  Bitmap Index Scan on keyword_id_movie_keyword  (cost=0.00..6.73 rows=306 width=0) (actual time=1.882..1.882 rows=12364 loops=3)
                                                                                            Index Cond: (keyword_id = k.id)
                                                                          ->  Hash  (cost=2081.86..2081.86 rows=135086 width=12) (actual time=49.435..49.435 rows=135086 loops=1)
                                                                                Buckets: 262144  Batches: 1  Memory Usage: 7853kB
                                                                                ->  Seq Scan on complete_cast cc  (cost=0.00..2081.86 rows=135086 width=12) (actual time=0.012..25.111 rows=135086 loops=1)
                                                                    ->  Hash  (cost=1.05..1.05 rows=1 width=4) (actual time=0.005..0.005 rows=1 loops=1)
                                                                          Buckets: 1024  Batches: 1  Memory Usage: 9kB
                                                                          ->  Seq Scan on comp_cast_type cct1  (cost=0.00..1.05 rows=1 width=4) (actual time=0.002..0.003 rows=1 loops=1)
                                                                                Filter: ((kind)::text = 'crew'::text)
                                                                                Rows Removed by Filter: 3
                                                              ->  Index Scan using movie_id_movie_info_idx on movie_info_idx mi_idx  (cost=0.43..0.50 rows=1 width=13) (actual time=0.008..0.008 rows=1 loops=6216)
                                                                    Index Cond: (movie_id = mk.movie_id)
                                                                    Filter: (info > '6.5'::text)
                                                                    Rows Removed by Filter: 2
                                                  ->  Index Scan using movie_id_movie_info on movie_info mi  (cost=0.43..1.51 rows=1 width=8) (actual time=0.097..0.107 rows=0 loops=3041)
                                                        Index Cond: (movie_id = mk.movie_id)
                                                        Filter: (info = ANY ('{Sweden,Germany,Swedish,German}'::text[]))
                                                        Rows Removed by Filter: 144
                                            ->  Index Scan using info_type_pkey on info_type it1  (cost=0.14..0.16 rows=1 width=4) (actual time=0.002..0.002 rows=0 loops=594)
                                                  Index Cond: (id = mi.info_type_id)
                                                  Filter: ((info)::text = 'countries'::text)
                                                  Rows Removed by Filter: 1
                                      ->  Index Scan using comp_cast_type_pkey on comp_cast_type cct2  (cost=0.13..0.15 rows=1 width=4) (actual time=0.002..0.002 rows=1 loops=140)
                                            Index Cond: (id = cc.status_id)
                                            Filter: ((kind)::text <> 'complete+verified'::text)
                                            Rows Removed by Filter: 0
                                ->  Index Scan using title_pkey on title t  (cost=0.43..0.49 rows=1 width=25) (actual time=0.010..0.010 rows=0 loops=107)
                                      Index Cond: (id = mk.movie_id)
                                      Filter: (production_year > 2005)
                                      Rows Removed by Filter: 1
                          ->  Index Scan using movie_id_movie_companies on movie_companies mc  (cost=0.43..0.57 rows=1 width=12) (actual time=0.018..0.035 rows=9 loops=18)
                                Index Cond: (movie_id = mk.movie_id)
                                Filter: ((note !~~ '%(USA)%'::text) AND (note ~~ '%(200%)%'::text))
                                Rows Removed by Filter: 13
                    ->  Index Only Scan using company_type_pkey on company_type ct  (cost=0.13..0.15 rows=1 width=4) (actual time=0.001..0.001 rows=1 loops=163)
                          Index Cond: (id = mc.company_type_id)
                          Heap Fetches: 0
              ->  Index Scan using company_name_pkey on company_name cn  (cost=0.42..0.54 rows=1 width=23) (actual time=0.005..0.005 rows=1 loops=163)
                    Index Cond: (id = mc.company_id)
                    Filter: ((country_code)::text <> '[us]'::text)
                    Rows Removed by Filter: 0
        ->  Index Scan using kind_type_pkey on kind_type kt  (cost=0.13..0.15 rows=1 width=4) (actual time=0.001..0.001 rows=1 loops=161)
              Index Cond: (id = t.kind_id)
              Filter: ((kind)::text = ANY ('{movie,episode}'::text[]))
              Rows Removed by Filter: 0
Planning time: 87.672 ms
Execution time: 601.419 ms
