Aggregate  (cost=3503.43..3503.44 rows=1 width=96) (actual time=198480.456..198480.456 rows=1 loops=1)
  ->  Nested Loop  (cost=4.06..3503.43 rows=1 width=41) (actual time=8.649..198469.123 rows=8373 loops=1)
        ->  Nested Loop  (cost=3.64..3502.97 rows=1 width=45) (actual time=2.880..194375.884 rows=1151351 loops=1)
              Join Filter: (mi.info_type_id = it1.id)
              Rows Removed by Join Filter: 160100
              ->  Nested Loop  (cost=3.64..3500.55 rows=1 width=49) (actual time=2.796..189443.647 rows=1311451 loops=1)
                    Join Filter: (t.kind_id = kt.id)
                    Rows Removed by Join Filter: 57713
                    ->  Nested Loop  (cost=3.64..3499.44 rows=1 width=53) (actual time=2.793..187653.132 rows=1328743 loops=1)
                          Join Filter: (cc.subject_id = cct1.id)
                          Rows Removed by Join Filter: 227245
                          ->  Nested Loop  (cost=3.64..3498.37 rows=1 width=57) (actual time=2.790..185200.107 rows=1555988 loops=1)
                                ->  Nested Loop  (cost=3.22..3497.83 rows=1 width=42) (actual time=2.780..179929.953 rows=1626329 loops=1)
                                      Join Filter: (t.id = mi.movie_id)
                                      ->  Nested Loop  (cost=2.78..3495.99 rows=1 width=58) (actual time=0.500..28649.760 rows=1434597 loops=1)
                                            ->  Nested Loop  (cost=2.35..3495.50 rows=1 width=33) (actual time=0.491..17809.868 rows=3902691 loops=1)
                                                  Join Filter: (ct.id = mc.company_type_id)
                                                  Rows Removed by Join Filter: 862
                                                  ->  Nested Loop  (cost=2.35..3494.41 rows=1 width=37) (actual time=0.488..13427.377 rows=3902691 loops=1)
                                                        ->  Nested Loop  (cost=1.92..3493.84 rows=1 width=25) (actual time=0.100..3682.951 rows=1081869 loops=1)
                                                              Join Filter: (mi_idx.info_type_id = it2.id)
                                                              Rows Removed by Join Filter: 2132583
                                                              ->  Seq Scan on info_type it2  (cost=0.00..2.41 rows=1 width=4) (actual time=0.018..0.021 rows=1 loops=1)
                                                                    Filter: ((info)::text = 'rating'::text)
                                                                    Rows Removed by Filter: 112
                                                              ->  Nested Loop  (cost=1.92..3491.30 rows=10 width=29) (actual time=0.069..3270.405 rows=3214452 loops=1)
                                                                    ->  Nested Loop  (cost=1.49..3489.52 rows=1 width=21) (actual time=0.043..716.455 rows=210011 loops=1)
                                                                          ->  Hash Join  (cost=1.06..3488.66 rows=1 width=8) (actual time=0.028..84.413 rows=110494 loops=1)
                                                                                Hash Cond: (cc.status_id = cct2.id)
                                                                                ->  Seq Scan on complete_cast cc  (cost=0.00..2081.86 rows=135086 width=12) (actual time=0.014..25.875 rows=135086 loops=1)
                                                                                ->  Hash  (cost=1.05..1.05 rows=1 width=4) (actual time=0.005..0.005 rows=1 loops=1)
                                                                                      Buckets: 1024  Batches: 1  Memory Usage: 9kB
                                                                                      ->  Seq Scan on comp_cast_type cct2  (cost=0.00..1.05 rows=1 width=4) (actual time=0.003..0.003 rows=1 loops=1)
                                                                                            Filter: ((kind)::text = 'complete'::text)
                                                                                            Rows Removed by Filter: 3
                                                                          ->  Index Scan using movie_id_movie_info_idx on movie_info_idx mi_idx  (cost=0.43..0.83 rows=3 width=13) (actual time=0.004..0.005 rows=2 loops=110494)
                                                                                Index Cond: (movie_id = cc.movie_id)
                                                                                Filter: (info < '8.5'::text)
                                                                                Rows Removed by Filter: 0
                                                                    ->  Index Scan using movie_id_movie_keyword on movie_keyword mk  (cost=0.43..1.33 rows=45 width=8) (actual time=0.005..0.009 rows=15 loops=210011)
                                                                          Index Cond: (movie_id = mi_idx.movie_id)
                                                        ->  Index Scan using movie_id_movie_companies on movie_companies mc  (cost=0.43..0.57 rows=1 width=12) (actual time=0.004..0.008 rows=4 loops=1081869)
                                                              Index Cond: (movie_id = mk.movie_id)
                                                              Filter: ((note !~~ '%(USA)%'::text) AND (note ~~ '%(200%)%'::text))
                                                              Rows Removed by Filter: 8
                                                  ->  Seq Scan on company_type ct  (cost=0.00..1.04 rows=4 width=4) (actual time=0.000..0.000 rows=1 loops=3902691)
                                            ->  Index Scan using title_pkey on title t  (cost=0.43..0.49 rows=1 width=25) (actual time=0.002..0.002 rows=0 loops=3902691)
                                                  Index Cond: (id = mk.movie_id)
                                                  Filter: (production_year > 2005)
                                                  Rows Removed by Filter: 1
                                      ->  Index Scan using movie_id_movie_info on movie_info mi  (cost=0.43..1.81 rows=2 width=8) (actual time=0.088..0.105 rows=1 loops=1434597)
                                            Index Cond: (movie_id = mk.movie_id)
                                            Filter: (info = ANY ('{Sweden,Norway,Germany,Denmark,Swedish,Danish,Norwegian,German,USA,American}'::text[]))
                                            Rows Removed by Filter: 214
                                ->  Index Scan using company_name_pkey on company_name cn  (cost=0.42..0.54 rows=1 width=23) (actual time=0.003..0.003 rows=1 loops=1626329)
                                      Index Cond: (id = mc.company_id)
                                      Filter: ((country_code)::text <> '[us]'::text)
                                      Rows Removed by Filter: 0
                          ->  Seq Scan on comp_cast_type cct1  (cost=0.00..1.05 rows=1 width=4) (actual time=0.001..0.001 rows=1 loops=1555988)
                                Filter: ((kind)::text = 'cast'::text)
                                Rows Removed by Filter: 0
                    ->  Seq Scan on kind_type kt  (cost=0.00..1.09 rows=2 width=4) (actual time=0.001..0.001 rows=1 loops=1328743)
                          Filter: ((kind)::text = ANY ('{movie,episode}'::text[]))
                          Rows Removed by Filter: 0
              ->  Seq Scan on info_type it1  (cost=0.00..2.41 rows=1 width=4) (actual time=0.002..0.003 rows=1 loops=1311451)
                    Filter: ((info)::text = 'countries'::text)
                    Rows Removed by Filter: 20
        ->  Index Scan using keyword_pkey on keyword k  (cost=0.42..0.44 rows=1 width=4) (actual time=0.003..0.003 rows=0 loops=1151351)
              Index Cond: (id = mk.keyword_id)
              Filter: (keyword = ANY ('{murder,murder-in-title,blood,violence}'::text[]))
              Rows Removed by Filter: 1
Planning time: 87.891 ms
Execution time: 198480.596 ms
