Aggregate  (cost=3633.09..3633.10 rows=1 width=96) (actual time=179.406..179.406 rows=1 loops=1)
  ->  Nested Loop  (cost=5.91..3633.08 rows=1 width=48) (actual time=60.272..178.550 rows=1620 loops=1)
        ->  Nested Loop  (cost=5.49..3631.05 rows=1 width=52) (actual time=60.264..160.657 rows=7128 loops=1)
              Join Filter: (t.id = mc.movie_id)
              ->  Nested Loop  (cost=5.06..3626.20 rows=1 width=68) (actual time=60.252..156.211 rows=324 loops=1)
                    Join Filter: (it.id = mi.info_type_id)
                    ->  Seq Scan on info_type it  (cost=0.00..2.41 rows=1 width=4) (actual time=0.010..0.019 rows=1 loops=1)
                          Filter: ((info)::text = 'release dates'::text)
                          Rows Removed by Filter: 112
                    ->  Nested Loop  (cost=5.06..3623.77 rows=1 width=72) (actual time=60.240..156.091 rows=324 loops=1)
                          Join Filter: (t.id = mi.movie_id)
                          ->  Nested Loop  (cost=4.62..3582.57 rows=1 width=64) (actual time=60.210..131.681 rows=162 loops=1)
                                Join Filter: (it3.id = pi.info_type_id)
                                Rows Removed by Join Filter: 327
                                ->  Seq Scan on info_type it3  (cost=0.00..2.41 rows=1 width=4) (actual time=0.003..0.013 rows=1 loops=1)
                                      Filter: ((info)::text = 'trivia'::text)
                                      Rows Removed by Filter: 112
                                ->  Nested Loop  (cost=4.62..3580.15 rows=1 width=68) (actual time=60.197..131.593 rows=489 loops=1)
                                      Join Filter: (n.id = pi.person_id)
                                      ->  Nested Loop  (cost=4.19..3560.51 rows=1 width=76) (actual time=60.186..131.239 rows=3 loops=1)
                                            Join Filter: (ci.person_id = n.id)
                                            ->  Nested Loop  (cost=3.76..3558.16 rows=1 width=57) (actual time=60.172..131.216 rows=3 loops=1)
                                                  Join Filter: (rt.id = ci.role_id)
                                                  ->  Seq Scan on role_type rt  (cost=0.00..1.15 rows=1 width=4) (actual time=0.002..0.006 rows=1 loops=1)
                                                        Filter: ((role)::text = 'actress'::text)
                                                        Rows Removed by Filter: 11
                                                  ->  Nested Loop  (cost=3.76..3556.99 rows=2 width=61) (actual time=60.168..131.207 rows=3 loops=1)
                                                        ->  Nested Loop  (cost=3.34..3555.70 rows=1 width=57) (actual time=60.156..131.192 rows=1 loops=1)
                                                              ->  Nested Loop  (cost=2.91..3551.62 rows=1 width=45) (actual time=59.945..130.942 rows=38 loops=1)
                                                                    Join Filter: (t.id = ci.movie_id)
                                                                    ->  Nested Loop  (cost=2.34..3502.81 rows=1 width=29) (actual time=59.919..130.615 rows=1 loops=1)
                                                                          ->  Nested Loop  (cost=1.92..3497.17 rows=2 width=33) (actual time=59.804..130.128 rows=108 loops=1)
                                                                                Join Filter: (t.id = mk.movie_id)
                                                                                ->  Nested Loop  (cost=1.49..3493.13 rows=1 width=25) (actual time=59.789..130.055 rows=1 loops=1)
                                                                                      Join Filter: (cc.subject_id = cct1.id)
                                                                                      ->  Nested Loop  (cost=1.49..3492.06 rows=1 width=29) (actual time=59.784..130.049 rows=1 loops=1)
                                                                                            ->  Hash Join  (cost=1.06..3488.66 rows=1 width=8) (actual time=0.016..35.431 rows=24592 loops=1)
                                                                                                  Hash Cond: (cc.status_id = cct2.id)
                                                                                                  ->  Seq Scan on complete_cast cc  (cost=0.00..2081.86 rows=135086 width=12) (actual time=0.004..11.862 rows=135086 loops=1)
                                                                                                  ->  Hash  (cost=1.05..1.05 rows=1 width=4) (actual time=0.005..0.005 rows=1 loops=1)
                                                                                                        Buckets: 1024  Batches: 1  Memory Usage: 9kB
                                                                                                        ->  Seq Scan on comp_cast_type cct2  (cost=0.00..1.05 rows=1 width=4) (actual time=0.003..0.003 rows=1 loops=1)
                                                                                                              Filter: ((kind)::text = 'complete+verified'::text)
                                                                                                              Rows Removed by Filter: 3
                                                                                            ->  Index Scan using title_pkey on title t  (cost=0.43..2.81 rows=1 width=21) (actual time=0.004..0.004 rows=0 loops=24592)
                                                                                                  Index Cond: (id = cc.movie_id)
                                                                                                  Filter: ((production_year >= 2000) AND (production_year <= 2010) AND (title = 'Shrek 2'::text))
                                                                                                  Rows Removed by Filter: 1
                                                                                      ->  Seq Scan on comp_cast_type cct1  (cost=0.00..1.05 rows=1 width=4) (actual time=0.004..0.004 rows=1 loops=1)
                                                                                            Filter: ((kind)::text = 'cast'::text)
                                                                                ->  Index Scan using movie_id_movie_keyword on movie_keyword mk  (cost=0.43..3.48 rows=45 width=8) (actual time=0.013..0.045 rows=108 loops=1)
                                                                                      Index Cond: (movie_id = cc.movie_id)
                                                                          ->  Index Scan using keyword_pkey on keyword k  (cost=0.42..2.02 rows=1 width=4) (actual time=0.004..0.004 rows=0 loops=108)
                                                                                Index Cond: (id = mk.keyword_id)
                                                                                Filter: (keyword = 'computer-animation'::text)
                                                                                Rows Removed by Filter: 1
                                                                    ->  Index Scan using movie_id_cast_info on cast_info ci  (cost=0.56..48.80 rows=1 width=16) (actual time=0.025..0.315 rows=38 loops=1)
                                                                          Index Cond: (movie_id = mk.movie_id)
                                                                          Filter: (note = ANY ('{(voice),"(voice) (uncredited)","(voice: English version)"}'::text[]))
                                                                          Rows Removed by Filter: 191
                                                              ->  Index Scan using char_name_pkey on char_name chn  (cost=0.43..2.26 rows=1 width=20) (actual time=0.006..0.006 rows=0 loops=38)
                                                                    Index Cond: (id = ci.person_role_id)
                                                                    Filter: (name = 'Queen'::text)
                                                                    Rows Removed by Filter: 1
                                                        ->  Index Only Scan using person_id_aka_name on aka_name an  (cost=0.42..1.27 rows=2 width=4) (actual time=0.011..0.013 rows=3 loops=1)
                                                              Index Cond: (person_id = ci.person_id)
                                                              Heap Fetches: 0
                                            ->  Index Scan using name_pkey on name n  (cost=0.43..2.33 rows=1 width=19) (actual time=0.007..0.007 rows=1 loops=3)
                                                  Index Cond: (id = an.person_id)
                                                  Filter: ((name ~~ '%An%'::text) AND ((gender)::text = 'f'::text))
                                      ->  Index Scan using person_id_person_info on person_info pi  (cost=0.43..19.32 rows=25 width=8) (actual time=0.006..0.068 rows=163 loops=3)
                                            Index Cond: (person_id = an.person_id)
                          ->  Index Scan using movie_id_movie_info on movie_info mi  (cost=0.43..41.19 rows=1 width=8) (actual time=0.015..0.150 rows=2 loops=162)
                                Index Cond: (movie_id = mk.movie_id)
                                Filter: ((info IS NOT NULL) AND ((info ~~ 'Japan:%200%'::text) OR (info ~~ 'USA:%200%'::text)))
                                Rows Removed by Filter: 455
              ->  Index Scan using movie_id_movie_companies on movie_companies mc  (cost=0.43..4.79 rows=5 width=8) (actual time=0.003..0.008 rows=22 loops=324)
                    Index Cond: (movie_id = mk.movie_id)
        ->  Index Scan using company_name_pkey on company_name cn  (cost=0.42..2.03 rows=1 width=4) (actual time=0.002..0.002 rows=0 loops=7128)
              Index Cond: (id = mc.company_id)
              Filter: ((country_code)::text = '[us]'::text)
              Rows Removed by Filter: 1
Planning time: 116.139 ms
Execution time: 179.568 ms
