Aggregate  (cost=37423.99..37424.00 rows=1 width=32) (actual time=322.802..322.803 rows=1 loops=1)
  ->  Nested Loop  (cost=6062.71..37423.96 rows=10 width=17) (actual time=45.075..318.775 rows=7834 loops=1)
        Join Filter: (mc.movie_id = t.id)
        ->  Hash Join  (cost=6062.28..37418.97 rows=10 width=8) (actual time=45.065..292.661 rows=7834 loops=1)
              Hash Cond: (mc.company_id = cn.id)
              ->  Nested Loop  (cost=7.23..28508.37 rows=226183 width=12) (actual time=6.640..231.950 rows=148552 loops=1)
                    ->  Nested Loop  (cost=6.80..3757.63 rows=41919 width=4) (actual time=6.622..52.110 rows=41840 loops=1)
                          ->  Seq Scan on keyword k  (cost=0.00..2626.12 rows=1 width=4) (actual time=0.568..12.665 rows=1 loops=1)
                                Filter: (keyword = 'character-name-in-title'::text)
                                Rows Removed by Filter: 134169
                          ->  Bitmap Heap Scan on movie_keyword mk  (cost=6.80..1128.44 rows=306 width=8) (actual time=6.051..32.093 rows=41840 loops=1)
                                Recheck Cond: (keyword_id = k.id)
                                Heap Blocks: exact=11541
                                ->  Bitmap Index Scan on keyword_id_movie_keyword  (cost=0.00..6.73 rows=306 width=0) (actual time=3.918..3.918 rows=41840 loops=1)
                                      Index Cond: (keyword_id = k.id)
                    ->  Index Scan using movie_id_movie_companies on movie_companies mc  (cost=0.43..0.54 rows=5 width=8) (actual time=0.002..0.003 rows=4 loops=41840)
                          Index Cond: (movie_id = mk.movie_id)
              ->  Hash  (cost=5932.46..5932.46 rows=9807 width=4) (actual time=38.242..38.242 rows=9775 loops=1)
                    Buckets: 16384  Batches: 1  Memory Usage: 472kB
                    ->  Seq Scan on company_name cn  (cost=0.00..5932.46 rows=9807 width=4) (actual time=0.005..36.678 rows=9775 loops=1)
                          Filter: ((country_code)::text = '[de]'::text)
                          Rows Removed by Filter: 225222
        ->  Index Scan using title_pkey on title t  (cost=0.43..0.49 rows=1 width=21) (actual time=0.003..0.003 rows=1 loops=7834)
              Index Cond: (id = mk.movie_id)
Planning time: 1.693 ms
Execution time: 322.880 ms
