Aggregate  (cost=41439.18..41439.19 rows=1 width=32) (actual time=311.990..311.990 rows=1 loops=1)
  ->  Nested Loop  (cost=5969.50..41415.37 rows=9524 width=17) (actual time=44.990..309.218 rows=5228 loops=1)
        Join Filter: (mc.movie_id = t.id)
        ->  Hash Join  (cost=5969.07..36655.47 rows=9524 width=8) (actual time=44.977..290.985 rows=5228 loops=1)
              Hash Cond: (mc.company_id = cn.id)
              ->  Nested Loop  (cost=7.23..28508.37 rows=173091 width=12) (actual time=6.843..232.981 rows=148552 loops=1)
                    ->  Nested Loop  (cost=6.80..3757.63 rows=41919 width=4) (actual time=6.823..52.987 rows=41840 loops=1)
                          ->  Seq Scan on keyword k  (cost=0.00..2626.12 rows=1 width=4) (actual time=0.588..12.714 rows=1 loops=1)
                                Filter: (keyword = 'character-name-in-title'::text)
                                Rows Removed by Filter: 134169
                          ->  Bitmap Heap Scan on movie_keyword mk  (cost=6.80..1128.44 rows=306 width=8) (actual time=6.233..33.005 rows=41840 loops=1)
                                Recheck Cond: (keyword_id = k.id)
                                Heap Blocks: exact=11541
                                ->  Bitmap Index Scan on keyword_id_movie_keyword  (cost=0.00..6.73 rows=306 width=0) (actual time=4.085..4.085 rows=41840 loops=1)
                                      Index Cond: (keyword_id = k.id)
                    ->  Index Scan using movie_id_movie_companies on movie_companies mc  (cost=0.43..0.54 rows=5 width=8) (actual time=0.002..0.003 rows=4 loops=41840)
                          Index Cond: (movie_id = mk.movie_id)
              ->  Hash  (cost=5932.46..5932.46 rows=2350 width=4) (actual time=37.122..37.122 rows=2340 loops=1)
                    Buckets: 4096  Batches: 1  Memory Usage: 115kB
                    ->  Seq Scan on company_name cn  (cost=0.00..5932.46 rows=2350 width=4) (actual time=0.016..36.737 rows=2340 loops=1)
                          Filter: ((country_code)::text = '[nl]'::text)
                          Rows Removed by Filter: 232657
        ->  Index Scan using title_pkey on title t  (cost=0.43..0.49 rows=1 width=21) (actual time=0.003..0.003 rows=1 loops=5228)
              Index Cond: (id = mk.movie_id)
Planning time: 1.218 ms
Execution time: 312.053 ms
