Aggregate  (cost=37299.88..37299.89 rows=1 width=32) (actual time=287.752..287.753 rows=1 loops=1)
  ->  Nested Loop  (cost=5943.13..37299.88 rows=1 width=17) (actual time=287.749..287.749 rows=0 loops=1)
        Join Filter: (mc.movie_id = t.id)
        ->  Hash Join  (cost=5942.70..37299.38 rows=1 width=8) (actual time=287.748..287.748 rows=0 loops=1)
              Hash Cond: (mc.company_id = cn.id)
              ->  Nested Loop  (cost=7.23..28508.37 rows=226183 width=12) (actual time=6.818..235.188 rows=148552 loops=1)
                    ->  Nested Loop  (cost=6.80..3757.63 rows=41919 width=4) (actual time=6.797..52.795 rows=41840 loops=1)
                          ->  Seq Scan on keyword k  (cost=0.00..2626.12 rows=1 width=4) (actual time=0.585..12.683 rows=1 loops=1)
                                Filter: (keyword = 'character-name-in-title'::text)
                                Rows Removed by Filter: 134169
                          ->  Bitmap Heap Scan on movie_keyword mk  (cost=6.80..1128.44 rows=306 width=8) (actual time=6.210..32.636 rows=41840 loops=1)
                                Recheck Cond: (keyword_id = k.id)
                                Heap Blocks: exact=11541
                                ->  Bitmap Index Scan on keyword_id_movie_keyword  (cost=0.00..6.73 rows=306 width=0) (actual time=4.079..4.079 rows=41840 loops=1)
                                      Index Cond: (keyword_id = k.id)
                    ->  Index Scan using movie_id_movie_companies on movie_companies mc  (cost=0.43..0.54 rows=5 width=8) (actual time=0.002..0.003 rows=4 loops=41840)
                          Index Cond: (movie_id = mk.movie_id)
              ->  Hash  (cost=5932.46..5932.46 rows=240 width=4) (actual time=35.628..35.628 rows=1 loops=1)
                    Buckets: 1024  Batches: 1  Memory Usage: 9kB
                    ->  Seq Scan on company_name cn  (cost=0.00..5932.46 rows=240 width=4) (actual time=6.821..35.626 rows=1 loops=1)
                          Filter: ((country_code)::text = '[sm]'::text)
                          Rows Removed by Filter: 234996
        ->  Index Scan using title_pkey on title t  (cost=0.43..0.49 rows=1 width=21) (never executed)
              Index Cond: (id = mk.movie_id)
Planning time: 1.487 ms
Execution time: 287.825 ms
