Aggregate  (cost=38405.90..38405.91 rows=1 width=32) (actual time=11483.739..11483.739 rows=1 loops=1)
  ->  Nested Loop  (cost=7009.46..38405.70 rows=80 width=17) (actual time=80.919..11434.001 rows=68316 loops=1)
        Join Filter: (mc.movie_id = t.id)
        ->  Hash Join  (cost=7009.03..38365.72 rows=80 width=8) (actual time=71.556..437.304 rows=68316 loops=1)
              Hash Cond: (mc.company_id = cn.id)
              ->  Nested Loop  (cost=7.23..28508.37 rows=226183 width=12) (actual time=6.803..308.840 rows=148552 loops=1)
                    ->  Nested Loop  (cost=6.80..3757.63 rows=41919 width=4) (actual time=6.786..66.657 rows=41840 loops=1)
                          ->  Seq Scan on keyword k  (cost=0.00..2626.12 rows=1 width=4) (actual time=0.610..12.765 rows=1 loops=1)
                                Filter: (keyword = 'character-name-in-title'::text)
                                Rows Removed by Filter: 134169
                          ->  Bitmap Heap Scan on movie_keyword mk  (cost=6.80..1128.44 rows=306 width=8) (actual time=6.174..44.710 rows=41840 loops=1)
                                Recheck Cond: (keyword_id = k.id)
                                Heap Blocks: exact=11541
                                ->  Bitmap Index Scan on keyword_id_movie_keyword  (cost=0.00..6.73 rows=306 width=0) (actual time=4.052..4.052 rows=41840 loops=1)
                                      Index Cond: (keyword_id = k.id)
                    ->  Index Scan using movie_id_movie_companies on movie_companies mc  (cost=0.43..0.54 rows=5 width=8) (actual time=0.003..0.005 rows=4 loops=41840)
                          Index Cond: (movie_id = mk.movie_id)
              ->  Hash  (cost=5932.46..5932.46 rows=85547 width=4) (actual time=64.113..64.113 rows=84843 loops=1)
                    Buckets: 131072  Batches: 1  Memory Usage: 4007kB
                    ->  Seq Scan on company_name cn  (cost=0.00..5932.46 rows=85547 width=4) (actual time=0.005..48.880 rows=84843 loops=1)
                          Filter: ((country_code)::text = '[us]'::text)
                          Rows Removed by Filter: 150154
        ->  Index Scan using title_pkey on title t  (cost=0.43..0.49 rows=1 width=21) (actual time=0.160..0.160 rows=1 loops=68316)
              Index Cond: (id = mk.movie_id)
Planning time: 1.221 ms
Execution time: 11483.967 ms
