Aggregate  (cost=37741.14..37741.15 rows=1 width=32) (actual time=728.303..728.303 rows=1 loops=1)
  ->  Nested Loop  (cost=7009.46..37740.91 rows=91 width=17) (actual time=80.441..692.827 rows=68316 loops=1)
        Join Filter: (mc.movie_id = t.id)
        ->  Hash Join  (cost=7009.03..37695.43 rows=91 width=8) (actual time=80.428..461.894 rows=68316 loops=1)
              Hash Cond: (mc.company_id = cn.id)
              ->  Nested Loop  (cost=7.23..28508.37 rows=173091 width=12) (actual time=7.658..338.509 rows=148552 loops=1)
                    ->  Nested Loop  (cost=6.80..3757.63 rows=41919 width=4) (actual time=7.612..111.292 rows=41840 loops=1)
                          ->  Seq Scan on keyword k  (cost=0.00..2626.12 rows=1 width=4) (actual time=0.732..17.602 rows=1 loops=1)
                                Filter: (keyword = 'character-name-in-title'::text)
                                Rows Removed by Filter: 134169
                          ->  Bitmap Heap Scan on movie_keyword mk  (cost=6.80..1128.44 rows=306 width=8) (actual time=6.877..85.332 rows=41840 loops=1)
                                Recheck Cond: (keyword_id = k.id)
                                Heap Blocks: exact=11541
                                ->  Bitmap Index Scan on keyword_id_movie_keyword  (cost=0.00..6.73 rows=306 width=0) (actual time=4.722..4.722 rows=41840 loops=1)
                                      Index Cond: (keyword_id = k.id)
                    ->  Index Scan using movie_id_movie_companies on movie_companies mc  (cost=0.43..0.54 rows=5 width=8) (actual time=0.003..0.004 rows=4 loops=41840)
                          Index Cond: (movie_id = mk.movie_id)
              ->  Hash  (cost=5932.46..5932.46 rows=85547 width=4) (actual time=72.212..72.212 rows=84843 loops=1)
                    Buckets: 131072  Batches: 1  Memory Usage: 4007kB
                    ->  Seq Scan on company_name cn  (cost=0.00..5932.46 rows=85547 width=4) (actual time=0.011..56.032 rows=84843 loops=1)
                          Filter: ((country_code)::text = '[us]'::text)
                          Rows Removed by Filter: 150154
        ->  Index Scan using title_pkey on title t  (cost=0.43..0.49 rows=1 width=21) (actual time=0.003..0.003 rows=1 loops=68316)
              Index Cond: (id = mk.movie_id)
Planning time: 1.483 ms
Execution time: 728.388 ms
