Aggregate  (cost=3548.76..3548.77 rows=1 width=128) (actual time=2464.804..2464.804 rows=1 loops=1)
  ->  Nested Loop  (cost=4.20..3548.75 rows=1 width=79) (actual time=3.358..2463.248 rows=757 loops=1)
        ->  Nested Loop  (cost=3.77..3547.65 rows=1 width=68) (actual time=3.329..2454.922 rows=1021 loops=1)
              Join Filter: (t.id = ci.movie_id)
              ->  Nested Loop  (cost=3.21..3517.84 rows=1 width=84) (actual time=2.622..2178.134 rows=1161 loops=1)
                    ->  Nested Loop  (cost=2.79..3516.39 rows=2 width=88) (actual time=2.501..1971.966 rows=51561 loops=1)
                          ->  Nested Loop  (cost=2.35..3514.22 rows=1 width=80) (actual time=2.468..1939.582 rows=432 loops=1)
                                Join Filter: (cc.subject_id = cct1.id)
                                Rows Removed by Join Filter: 26
                                ->  Nested Loop  (cost=2.35..3513.14 rows=1 width=84) (actual time=2.464..1938.292 rows=432 loops=1)
                                      Join Filter: (mi.movie_id = t.id)
                                      ->  Nested Loop  (cost=1.93..3512.20 rows=1 width=63) (actual time=1.006..1876.713 rows=4939 loops=1)
                                            Join Filter: (it1.id = mi.info_type_id)
                                            Rows Removed by Join Filter: 861
                                            ->  Seq Scan on info_type it1  (cost=0.00..2.41 rows=1 width=4) (actual time=0.007..0.019 rows=1 loops=1)
                                                  Filter: ((info)::text = 'genres'::text)
                                                  Rows Removed by Filter: 112
                                            ->  Nested Loop  (cost=1.93..3509.78 rows=1 width=67) (actual time=0.997..1874.584 rows=5800 loops=1)
                                                  ->  Nested Loop  (cost=1.49..3492.19 rows=1 width=17) (actual time=0.057..253.358 rows=23558 loops=1)
                                                        Join Filter: (it2.id = mi_idx.info_type_id)
                                                        Rows Removed by Join Filter: 47453
                                                        ->  Seq Scan on info_type it2  (cost=0.00..2.41 rows=1 width=4) (actual time=0.010..0.014 rows=1 loops=1)
                                                              Filter: ((info)::text = 'votes'::text)
                                                              Rows Removed by Filter: 112
                                                        ->  Nested Loop  (cost=1.49..3489.77 rows=1 width=21) (actual time=0.046..241.617 rows=71011 loops=1)
                                                              ->  Hash Join  (cost=1.06..3488.66 rows=1 width=8) (actual time=0.023..46.328 rows=24592 loops=1)
                                                                    Hash Cond: (cc.status_id = cct2.id)
                                                                    ->  Seq Scan on complete_cast cc  (cost=0.00..2081.86 rows=135086 width=12) (actual time=0.011..18.371 rows=135086 loops=1)
                                                                    ->  Hash  (cost=1.05..1.05 rows=1 width=4) (actual time=0.004..0.004 rows=1 loops=1)
                                                                          Buckets: 1024  Batches: 1  Memory Usage: 9kB
                                                                          ->  Seq Scan on comp_cast_type cct2  (cost=0.00..1.05 rows=1 width=4) (actual time=0.002..0.003 rows=1 loops=1)
                                                                                Filter: ((kind)::text = 'complete+verified'::text)
                                                                                Rows Removed by Filter: 3
                                                              ->  Index Scan using movie_id_movie_info_idx on movie_info_idx mi_idx  (cost=0.43..1.08 rows=3 width=13) (actual time=0.006..0.007 rows=3 loops=24592)
                                                                    Index Cond: (movie_id = cc.movie_id)
                                                  ->  Index Scan using movie_id_movie_info on movie_info mi  (cost=0.43..17.57 rows=1 width=50) (actual time=0.067..0.068 rows=0 loops=23558)
                                                        Index Cond: (movie_id = mi_idx.movie_id)
                                                        Filter: (info = ANY ('{Horror,Thriller}'::text[]))
                                                        Rows Removed by Filter: 71
                                      ->  Index Scan using title_pkey on title t  (cost=0.43..0.93 rows=1 width=21) (actual time=0.012..0.012 rows=0 loops=4939)
                                            Index Cond: (id = mi_idx.movie_id)
                                            Filter: (production_year > 2000)
                                            Rows Removed by Filter: 1
                                ->  Seq Scan on comp_cast_type cct1  (cost=0.00..1.05 rows=2 width=4) (actual time=0.001..0.001 rows=1 loops=432)
                                      Filter: ((kind)::text = ANY ('{cast,crew}'::text[]))
                          ->  Index Scan using movie_id_movie_keyword on movie_keyword mk  (cost=0.43..1.72 rows=45 width=8) (actual time=0.017..0.046 rows=119 loops=432)
                                Index Cond: (movie_id = t.id)
                    ->  Index Scan using keyword_pkey on keyword k  (cost=0.42..0.69 rows=1 width=4) (actual time=0.004..0.004 rows=0 loops=51561)
                          Index Cond: (id = mk.keyword_id)
                          Filter: (keyword = ANY ('{murder,violence,blood,gore,death,female-nudity,hospital}'::text[]))
                          Rows Removed by Filter: 1
              ->  Index Scan using movie_id_cast_info on cast_info ci  (cost=0.56..29.80 rows=1 width=8) (actual time=0.157..0.238 rows=1 loops=1161)
                    Index Cond: (movie_id = mk.movie_id)
                    Filter: (note = ANY ('{(writer),"(head writer)","(written by)",(story),"(story editor)"}'::text[]))
                    Rows Removed by Filter: 126
        ->  Index Scan using name_pkey on name n  (cost=0.43..1.09 rows=1 width=19) (actual time=0.007..0.007 rows=1 loops=1021)
              Index Cond: (id = ci.person_id)
              Filter: ((gender)::text = 'm'::text)
              Rows Removed by Filter: 0
Planning time: 72.349 ms
Execution time: 2464.943 ms
