Aggregate  (cost=3548.25..3548.26 rows=1 width=128) (actual time=25854.174..25854.174 rows=1 loops=1)
  ->  Nested Loop  (cost=4.20..3548.24 rows=1 width=79) (actual time=5836.017..25854.101 rows=28 loops=1)
        ->  Nested Loop  (cost=3.78..3547.48 rows=1 width=83) (actual time=5835.473..25847.863 rows=1060 loops=1)
              Join Filter: (mi.movie_id = t.id)
              ->  Nested Loop  (cost=3.35..3546.61 rows=1 width=86) (actual time=12.357..25356.291 rows=163886 loops=1)
                    ->  Nested Loop  (cost=2.92..3545.51 rows=1 width=75) (actual time=3.627..24586.285 rows=240076 loops=1)
                          Join Filter: (mi.movie_id = ci.movie_id)
                          ->  Nested Loop  (cost=2.36..3515.70 rows=1 width=67) (actual time=1.547..6109.607 rows=331229 loops=1)
                                Join Filter: (mi.info_type_id = it1.id)
                                Rows Removed by Join Filter: 92384
                                ->  Nested Loop  (cost=2.36..3513.28 rows=1 width=71) (actual time=1.542..4255.071 rows=423613 loops=1)
                                      Join Filter: (mi_idx.info_type_id = it2.id)
                                      Rows Removed by Join Filter: 878726
                                      ->  Seq Scan on info_type it2  (cost=0.00..2.41 rows=1 width=4) (actual time=0.016..0.020 rows=1 loops=1)
                                            Filter: ((info)::text = 'votes'::text)
                                            Rows Removed by Filter: 112
                                      ->  Nested Loop  (cost=2.36..3510.71 rows=12 width=75) (actual time=1.469..4073.272 rows=1302339 loops=1)
                                            Join Filter: (mi.movie_id = mk.movie_id)
                                            ->  Nested Loop  (cost=1.93..3508.43 rows=1 width=67) (actual time=1.444..3290.927 rows=17590 loops=1)
                                                  Join Filter: (cc.subject_id = cct1.id)
                                                  Rows Removed by Join Filter: 3731
                                                  ->  Nested Loop  (cost=1.93..3507.35 rows=1 width=71) (actual time=1.440..3255.792 rows=17590 loops=1)
                                                        ->  Nested Loop  (cost=1.49..3489.77 rows=1 width=21) (actual time=0.027..265.694 rows=71011 loops=1)
                                                              ->  Hash Join  (cost=1.06..3488.66 rows=1 width=8) (actual time=0.016..52.505 rows=24592 loops=1)
                                                                    Hash Cond: (cc.status_id = cct2.id)
                                                                    ->  Seq Scan on complete_cast cc  (cost=0.00..2081.86 rows=135086 width=12) (actual time=0.004..19.955 rows=135086 loops=1)
                                                                    ->  Hash  (cost=1.05..1.05 rows=1 width=4) (actual time=0.005..0.005 rows=1 loops=1)
                                                                          Buckets: 1024  Batches: 1  Memory Usage: 9kB
                                                                          ->  Seq Scan on comp_cast_type cct2  (cost=0.00..1.05 rows=1 width=4) (actual time=0.002..0.003 rows=1 loops=1)
                                                                                Filter: ((kind)::text = 'complete+verified'::text)
                                                                                Rows Removed by Filter: 3
                                                              ->  Index Scan using movie_id_movie_info_idx on movie_info_idx mi_idx  (cost=0.43..1.08 rows=3 width=13) (actual time=0.007..0.007 rows=3 loops=24592)
                                                                    Index Cond: (movie_id = cc.movie_id)
                                                        ->  Index Scan using movie_id_movie_info on movie_info mi  (cost=0.43..17.57 rows=1 width=50) (actual time=0.041..0.042 rows=0 loops=71011)
                                                              Index Cond: (movie_id = mi_idx.movie_id)
                                                              Filter: (info = ANY ('{Horror,Thriller}'::text[]))
                                                              Rows Removed by Filter: 73
                                                  ->  Seq Scan on comp_cast_type cct1  (cost=0.00..1.05 rows=2 width=4) (actual time=0.001..0.001 rows=1 loops=17590)
                                                        Filter: ((kind)::text = ANY ('{cast,crew}'::text[]))
                                            ->  Index Scan using movie_id_movie_keyword on movie_keyword mk  (cost=0.43..1.73 rows=45 width=8) (actual time=0.007..0.023 rows=74 loops=17590)
                                                  Index Cond: (movie_id = mi_idx.movie_id)
                                ->  Seq Scan on info_type it1  (cost=0.00..2.41 rows=1 width=4) (actual time=0.002..0.004 rows=1 loops=423613)
                                      Filter: ((info)::text = 'genres'::text)
                                      Rows Removed by Filter: 26
                          ->  Index Scan using movie_id_cast_info on cast_info ci  (cost=0.56..29.80 rows=1 width=8) (actual time=0.041..0.055 rows=1 loops=331229)
                                Index Cond: (movie_id = mk.movie_id)
                                Filter: (note = ANY ('{(writer),"(head writer)","(written by)",(story),"(story editor)"}'::text[]))
                                Rows Removed by Filter: 81
                    ->  Index Scan using name_pkey on name n  (cost=0.43..1.09 rows=1 width=19) (actual time=0.003..0.003 rows=1 loops=240076)
                          Index Cond: (id = ci.person_id)
                          Filter: ((gender)::text = 'm'::text)
                          Rows Removed by Filter: 0
              ->  Index Scan using title_pkey on title t  (cost=0.43..0.86 rows=1 width=21) (actual time=0.003..0.003 rows=0 loops=163886)
                    Index Cond: (id = mk.movie_id)
                    Filter: ((production_year > 2000) AND ((title ~~ '%Freddy%'::text) OR (title ~~ '%Jason%'::text) OR (title ~~ 'Saw%'::text)))
                    Rows Removed by Filter: 1
        ->  Index Scan using keyword_pkey on keyword k  (cost=0.42..0.69 rows=1 width=4) (actual time=0.006..0.006 rows=0 loops=1060)
              Index Cond: (id = mk.keyword_id)
              Filter: (keyword = ANY ('{murder,violence,blood,gore,death,female-nudity,hospital}'::text[]))
              Rows Removed by Filter: 1
Planning time: 70.849 ms
Execution time: 25854.312 ms
