Aggregate  (cost=3549.04..3549.05 rows=1 width=128) (actual time=15176.640..15176.640 rows=1 loops=1)
  ->  Nested Loop  (cost=4.20..3549.03 rows=1 width=79) (actual time=5.975..15163.358 rows=8024 loops=1)
        Join Filter: (cc.subject_id = cct1.id)
        Rows Removed by Join Filter: 1711
        ->  Nested Loop  (cost=4.20..3547.97 rows=1 width=83) (actual time=5.972..15144.813 rows=9735 loops=1)
              ->  Nested Loop  (cost=3.77..3546.87 rows=1 width=72) (actual time=5.946..15032.162 rows=14409 loops=1)
                    Join Filter: (mi_idx.info_type_id = it2.id)
                    Rows Removed by Join Filter: 29442
                    ->  Nested Loop  (cost=3.77..3544.45 rows=1 width=76) (actual time=1.075..14545.312 rows=43851 loops=1)
                          ->  Nested Loop  (cost=3.35..3543.00 rows=2 width=80) (actual time=0.957..9071.780 rows=1875645 loops=1)
                                ->  Nested Loop  (cost=2.92..3540.86 rows=1 width=96) (actual time=0.928..8092.197 rows=26917 loops=1)
                                      ->  Nested Loop  (cost=2.35..3510.91 rows=1 width=88) (actual time=0.583..4292.586 rows=40033 loops=1)
                                            Join Filter: (mi.info_type_id = it1.id)
                                            Rows Removed by Join Filter: 8052
                                            ->  Nested Loop  (cost=2.35..3508.49 rows=1 width=92) (actual time=0.578..4076.780 rows=48085 loops=1)
                                                  Join Filter: (mi.movie_id = t.id)
                                                  ->  Nested Loop  (cost=1.93..3507.55 rows=1 width=71) (actual time=0.555..3819.931 rows=48085 loops=1)
                                                        ->  Nested Loop  (cost=1.49..3489.77 rows=1 width=21) (actual time=0.056..281.186 rows=71011 loops=1)
                                                              ->  Hash Join  (cost=1.06..3488.66 rows=1 width=8) (actual time=0.030..54.080 rows=24592 loops=1)
                                                                    Hash Cond: (cc.status_id = cct2.id)
                                                                    ->  Seq Scan on complete_cast cc  (cost=0.00..2081.86 rows=135086 width=12) (actual time=0.015..20.994 rows=135086 loops=1)
                                                                    ->  Hash  (cost=1.05..1.05 rows=1 width=4) (actual time=0.006..0.006 rows=1 loops=1)
                                                                          Buckets: 1024  Batches: 1  Memory Usage: 9kB
                                                                          ->  Seq Scan on comp_cast_type cct2  (cost=0.00..1.05 rows=1 width=4) (actual time=0.004..0.004 rows=1 loops=1)
                                                                                Filter: ((kind)::text = 'complete+verified'::text)
                                                                                Rows Removed by Filter: 3
                                                              ->  Index Scan using movie_id_movie_info_idx on movie_info_idx mi_idx  (cost=0.43..1.08 rows=3 width=13) (actual time=0.007..0.008 rows=3 loops=24592)
                                                                    Index Cond: (movie_id = cc.movie_id)
                                                        ->  Index Scan using movie_id_movie_info on movie_info mi  (cost=0.43..17.77 rows=1 width=50) (actual time=0.047..0.049 rows=1 loops=71011)
                                                              Index Cond: (movie_id = mi_idx.movie_id)
                                                              Filter: (info = ANY ('{Horror,Action,Sci-Fi,Thriller,Crime,War}'::text[]))
                                                              Rows Removed by Filter: 72
                                                  ->  Index Scan using title_pkey on title t  (cost=0.43..0.93 rows=1 width=21) (actual time=0.004..0.004 rows=1 loops=48085)
                                                        Index Cond: (id = mi_idx.movie_id)
                                            ->  Seq Scan on info_type it1  (cost=0.00..2.41 rows=1 width=4) (actual time=0.002..0.003 rows=1 loops=48085)
                                                  Filter: ((info)::text = 'genres'::text)
                                                  Rows Removed by Filter: 20
                                      ->  Index Scan using movie_id_cast_info on cast_info ci  (cost=0.56..29.94 rows=1 width=8) (actual time=0.075..0.094 rows=1 loops=40033)
                                            Index Cond: (movie_id = t.id)
                                            Filter: (note = ANY ('{(writer),"(head writer)","(written by)",(story),"(story editor)"}'::text[]))
                                            Rows Removed by Filter: 66
                                ->  Index Scan using movie_id_movie_keyword on movie_keyword mk  (cost=0.43..1.68 rows=45 width=8) (actual time=0.006..0.020 rows=70 loops=26917)
                                      Index Cond: (movie_id = t.id)
                          ->  Index Scan using keyword_pkey on keyword k  (cost=0.42..0.69 rows=1 width=4) (actual time=0.003..0.003 rows=0 loops=1875645)
                                Index Cond: (id = mk.keyword_id)
                                Filter: (keyword = ANY ('{murder,violence,blood,gore,death,female-nudity,hospital}'::text[]))
                                Rows Removed by Filter: 1
                    ->  Seq Scan on info_type it2  (cost=0.00..2.41 rows=1 width=4) (actual time=0.009..0.010 rows=1 loops=43851)
                          Filter: ((info)::text = 'votes'::text)
                          Rows Removed by Filter: 108
              ->  Index Scan using name_pkey on name n  (cost=0.43..1.09 rows=1 width=19) (actual time=0.007..0.007 rows=1 loops=14409)
                    Index Cond: (id = ci.person_id)
                    Filter: ((gender)::text = 'm'::text)
                    Rows Removed by Filter: 0
        ->  Seq Scan on comp_cast_type cct1  (cost=0.00..1.05 rows=1 width=4) (actual time=0.001..0.001 rows=1 loops=9735)
              Filter: ((kind)::text = 'cast'::text)
              Rows Removed by Filter: 1
Planning time: 71.775 ms
Execution time: 15176.777 ms
