Aggregate  (cost=3548.83..3548.84 rows=1 width=128) (actual time=6564.075..6564.075 rows=1 loops=1)
  ->  Nested Loop  (cost=4.20..3548.82 rows=1 width=79) (actual time=1.081..6551.416 rows=8024 loops=1)
        Join Filter: (cc.subject_id = cct1.id)
        Rows Removed by Join Filter: 1711
        ->  Nested Loop  (cost=4.20..3547.76 rows=1 width=83) (actual time=1.078..6530.871 rows=9735 loops=1)
              ->  Nested Loop  (cost=3.78..3546.30 rows=2 width=87) (actual time=0.929..5183.904 rows=418694 loops=1)
                    ->  Nested Loop  (cost=3.35..3544.17 rows=1 width=103) (actual time=0.905..4948.505 rows=5349 loops=1)
                          ->  Nested Loop  (cost=2.92..3543.08 rows=1 width=92) (actual time=0.883..4843.558 rows=8913 loops=1)
                                ->  Nested Loop  (cost=2.35..3513.13 rows=1 width=84) (actual time=0.535..2339.373 rows=13240 loops=1)
                                      Join Filter: (it1.id = mi.info_type_id)
                                      Rows Removed by Join Filter: 2587
                                      ->  Seq Scan on info_type it1  (cost=0.00..2.41 rows=1 width=4) (actual time=0.008..0.020 rows=1 loops=1)
                                            Filter: ((info)::text = 'genres'::text)
                                            Rows Removed by Filter: 112
                                      ->  Nested Loop  (cost=2.35..3510.70 rows=1 width=88) (actual time=0.526..2332.875 rows=15827 loops=1)
                                            ->  Nested Loop  (cost=1.92..3493.12 rows=1 width=38) (actual time=0.079..512.598 rows=23558 loops=1)
                                                  ->  Nested Loop  (cost=1.49..3492.19 rows=1 width=17) (actual time=0.064..272.502 rows=23558 loops=1)
                                                        Join Filter: (it2.id = mi_idx.info_type_id)
                                                        Rows Removed by Join Filter: 47453
                                                        ->  Seq Scan on info_type it2  (cost=0.00..2.41 rows=1 width=4) (actual time=0.010..0.013 rows=1 loops=1)
                                                              Filter: ((info)::text = 'votes'::text)
                                                              Rows Removed by Filter: 112
                                                        ->  Nested Loop  (cost=1.49..3489.77 rows=1 width=21) (actual time=0.052..259.997 rows=71011 loops=1)
                                                              ->  Hash Join  (cost=1.06..3488.66 rows=1 width=8) (actual time=0.023..49.766 rows=24592 loops=1)
                                                                    Hash Cond: (cc.status_id = cct2.id)
                                                                    ->  Seq Scan on complete_cast cc  (cost=0.00..2081.86 rows=135086 width=12) (actual time=0.011..19.408 rows=135086 loops=1)
                                                                    ->  Hash  (cost=1.05..1.05 rows=1 width=4) (actual time=0.004..0.004 rows=1 loops=1)
                                                                          Buckets: 1024  Batches: 1  Memory Usage: 9kB
                                                                          ->  Seq Scan on comp_cast_type cct2  (cost=0.00..1.05 rows=1 width=4) (actual time=0.002..0.003 rows=1 loops=1)
                                                                                Filter: ((kind)::text = 'complete+verified'::text)
                                                                                Rows Removed by Filter: 3
                                                              ->  Index Scan using movie_id_movie_info_idx on movie_info_idx mi_idx  (cost=0.43..1.08 rows=3 width=13) (actual time=0.006..0.007 rows=3 loops=24592)
                                                                    Index Cond: (movie_id = cc.movie_id)
                                                  ->  Index Scan using title_pkey on title t  (cost=0.43..0.93 rows=1 width=21) (actual time=0.009..0.009 rows=1 loops=23558)
                                                        Index Cond: (id = mi_idx.movie_id)
                                            ->  Index Scan using movie_id_movie_info on movie_info mi  (cost=0.43..17.57 rows=1 width=50) (actual time=0.074..0.077 rows=1 loops=23558)
                                                  Index Cond: (movie_id = t.id)
                                                  Filter: (info = ANY ('{Horror,Action,Sci-Fi,Thriller,Crime,War}'::text[]))
                                                  Rows Removed by Filter: 71
                                ->  Index Scan using movie_id_cast_info on cast_info ci  (cost=0.56..29.94 rows=1 width=8) (actual time=0.152..0.188 rows=1 loops=13240)
                                      Index Cond: (movie_id = t.id)
                                      Filter: (note = ANY ('{(writer),"(head writer)","(written by)",(story),"(story editor)"}'::text[]))
                                      Rows Removed by Filter: 66
                          ->  Index Scan using name_pkey on name n  (cost=0.43..1.09 rows=1 width=19) (actual time=0.011..0.011 rows=1 loops=8913)
                                Index Cond: (id = ci.person_id)
                                Filter: ((gender)::text = 'm'::text)
                                Rows Removed by Filter: 0
                    ->  Index Scan using movie_id_movie_keyword on movie_keyword mk  (cost=0.43..1.68 rows=45 width=8) (actual time=0.009..0.027 rows=78 loops=5349)
                          Index Cond: (movie_id = t.id)
              ->  Index Scan using keyword_pkey on keyword k  (cost=0.42..0.69 rows=1 width=4) (actual time=0.003..0.003 rows=0 loops=418694)
                    Index Cond: (id = mk.keyword_id)
                    Filter: (keyword = ANY ('{murder,violence,blood,gore,death,female-nudity,hospital}'::text[]))
                    Rows Removed by Filter: 1
        ->  Seq Scan on comp_cast_type cct1  (cost=0.00..1.05 rows=1 width=4) (actual time=0.001..0.001 rows=1 loops=9735)
              Filter: ((kind)::text = 'cast'::text)
              Rows Removed by Filter: 1
Planning time: 70.795 ms
Execution time: 6564.187 ms
