Aggregate  (cost=13597.14..13597.15 rows=1 width=128) (actual time=248.164..248.164 rows=1 loops=1)
  ->  Nested Loop  (cost=3.57..13597.13 rows=1 width=79) (actual time=3.655..248.016 rows=84 loops=1)
        ->  Nested Loop  (cost=3.14..13595.78 rows=1 width=68) (actual time=3.642..247.654 rows=84 loops=1)
              ->  Nested Loop  (cost=2.72..13594.67 rows=1 width=72) (actual time=1.391..236.562 rows=2686 loops=1)
                    Join Filter: (mi.info_type_id = it1.id)
                    ->  Nested Loop  (cost=2.72..13592.24 rows=1 width=76) (actual time=1.385..229.804 rows=2686 loops=1)
                          Join Filter: (t.id = mi.movie_id)
                          ->  Nested Loop  (cost=2.28..13569.84 rows=1 width=50) (actual time=1.277..92.109 rows=1591 loops=1)
                                Join Filter: (t.id = ci.movie_id)
                                ->  Nested Loop  (cost=1.72..13535.97 rows=1 width=42) (actual time=1.166..40.716 rows=894 loops=1)
                                      Join Filter: (t.id = mk.movie_id)
                                      ->  Nested Loop  (cost=1.29..13533.41 rows=1 width=34) (actual time=1.151..39.599 rows=7 loops=1)
                                            ->  Nested Loop  (cost=0.86..13532.20 rows=1 width=13) (actual time=0.856..38.846 rows=134 loops=1)
                                                  Join Filter: (mi_idx.info_type_id = it2.id)
                                                  Rows Removed by Join Filter: 278
                                                  ->  Seq Scan on info_type it2  (cost=0.00..2.41 rows=1 width=4) (actual time=0.019..0.022 rows=1 loops=1)
                                                        Filter: ((info)::text = 'votes'::text)
                                                        Rows Removed by Filter: 112
                                                  ->  Nested Loop  (cost=0.86..13529.74 rows=4 width=17) (actual time=0.835..38.763 rows=412 loops=1)
                                                        ->  Nested Loop  (cost=0.43..13521.27 rows=1 width=4) (actual time=0.823..37.823 rows=135 loops=1)
                                                              ->  Seq Scan on company_name cn  (cost=0.00..5932.46 rows=23 width=4) (actual time=0.794..35.886 rows=10 loops=1)
                                                                    Filter: (name ~~ 'Lionsgate%'::text)
                                                                    Rows Removed by Filter: 234987
                                                              ->  Index Scan using company_id_movie_companies on movie_companies mc  (cost=0.43..329.94 rows=1 width=8) (actual time=0.054..0.190 rows=14 loops=10)
                                                                    Index Cond: (company_id = cn.id)
                                                                    Filter: (note ~~ '%(Blu-ray)%'::text)
                                                                    Rows Removed by Filter: 168
                                                        ->  Index Scan using movie_id_movie_info_idx on movie_info_idx mi_idx  (cost=0.43..8.45 rows=3 width=13) (actual time=0.005..0.006 rows=3 loops=135)
                                                              Index Cond: (movie_id = mc.movie_id)
                                            ->  Index Scan using title_pkey on title t  (cost=0.43..1.21 rows=1 width=21) (actual time=0.005..0.005 rows=0 loops=134)
                                                  Index Cond: (id = mi_idx.movie_id)
                                                  Filter: ((production_year > 2000) AND ((title ~~ '%Freddy%'::text) OR (title ~~ '%Jason%'::text) OR (title ~~ 'Saw%'::text)))
                                                  Rows Removed by Filter: 1
                                      ->  Index Scan using movie_id_movie_keyword on movie_keyword mk  (cost=0.43..2.00 rows=45 width=8) (actual time=0.008..0.105 rows=128 loops=7)
                                            Index Cond: (movie_id = mi_idx.movie_id)
                                ->  Index Scan using movie_id_cast_info on cast_info ci  (cost=0.56..33.86 rows=1 width=8) (actual time=0.042..0.056 rows=2 loops=894)
                                      Index Cond: (movie_id = mk.movie_id)
                                      Filter: (note = ANY ('{(writer),"(head writer)","(written by)",(story),"(story editor)"}'::text[]))
                                      Rows Removed by Filter: 86
                          ->  Index Scan using movie_id_movie_info on movie_info mi  (cost=0.43..22.39 rows=1 width=50) (actual time=0.085..0.086 rows=2 loops=1591)
                                Index Cond: (movie_id = mk.movie_id)
                                Filter: (info = ANY ('{Horror,Thriller}'::text[]))
                                Rows Removed by Filter: 275
                    ->  Seq Scan on info_type it1  (cost=0.00..2.41 rows=1 width=4) (actual time=0.002..0.002 rows=1 loops=2686)
                          Filter: ((info)::text = 'genres'::text)
                          Rows Removed by Filter: 2
              ->  Index Scan using keyword_pkey on keyword k  (cost=0.42..0.97 rows=1 width=4) (actual time=0.004..0.004 rows=0 loops=2686)
                    Index Cond: (id = mk.keyword_id)
                    Filter: (keyword = ANY ('{murder,violence,blood,gore,death,female-nudity,hospital}'::text[]))
                    Rows Removed by Filter: 1
        ->  Index Scan using name_pkey on name n  (cost=0.43..1.35 rows=1 width=19) (actual time=0.004..0.004 rows=1 loops=84)
              Index Cond: (id = ci.person_id)
              Filter: ((gender)::text = 'm'::text)
Planning time: 44.133 ms
Execution time: 248.293 ms
