Aggregate  (cost=4256.39..4256.40 rows=1 width=96) (actual time=28.802..28.802 rows=1 loops=1)
  ->  Nested Loop  (cost=7.95..4255.82 rows=75 width=46) (actual time=28.800..28.800 rows=0 loops=1)
        ->  Nested Loop  (cost=7.52..3920.56 rows=75 width=33) (actual time=28.800..28.800 rows=0 loops=1)
              ->  Nested Loop  (cost=7.09..3884.01 rows=75 width=24) (actual time=28.799..28.799 rows=0 loops=1)
                    Join Filter: (ml.link_type_id = lt.id)
                    ->  Nested Loop  (cost=7.09..3863.51 rows=75 width=16) (actual time=28.799..28.799 rows=0 loops=1)
                          ->  Nested Loop  (cost=6.80..3757.63 rows=249 width=4) (actual time=28.410..28.790 rows=1 loops=1)
                                ->  Seq Scan on keyword k  (cost=0.00..2626.12 rows=1 width=4) (actual time=14.813..15.192 rows=1 loops=1)
                                      Filter: (keyword = '10,000-mile-club'::text)
                                      Rows Removed by Filter: 134169
                                ->  Bitmap Heap Scan on movie_keyword mk  (cost=6.80..1128.44 rows=306 width=8) (actual time=13.593..13.594 rows=1 loops=1)
                                      Recheck Cond: (keyword_id = k.id)
                                      Heap Blocks: exact=1
                                      ->  Bitmap Index Scan on keyword_id_movie_keyword  (cost=0.00..6.73 rows=306 width=0) (actual time=13.573..13.573 rows=1 loops=1)
                                            Index Cond: (keyword_id = k.id)
                          ->  Index Scan using movie_id_movie_link on movie_link ml  (cost=0.29..0.38 rows=5 width=12) (actual time=0.007..0.007 rows=0 loops=1)
                                Index Cond: (movie_id = mk.movie_id)
                    ->  Materialize  (cost=0.00..1.27 rows=18 width=16) (never executed)
                          ->  Seq Scan on link_type lt  (cost=0.00..1.18 rows=18 width=16) (never executed)
              ->  Index Scan using title_pkey on title t1  (cost=0.43..0.49 rows=1 width=21) (never executed)
                    Index Cond: (id = mk.movie_id)
        ->  Index Scan using title_pkey on title t2  (cost=0.43..4.47 rows=1 width=21) (never executed)
              Index Cond: (id = ml.linked_movie_id)
Planning time: 1.602 ms
Execution time: 28.864 ms
