Aggregate  (cost=68250.17..68250.18 rows=1 width=96) (actual time=119.822..119.822 rows=1 loops=1)
  ->  Nested Loop  (cost=6.16..68155.74 rows=12590 width=46) (actual time=15.957..115.979 rows=4388 loops=1)
        ->  Hash Join  (cost=5.73..11876.31 rows=12590 width=33) (actual time=15.950..95.347 rows=4388 loops=1)
              Hash Cond: (ml.link_type_id = lt.id)
              ->  Nested Loop  (cost=4.32..11722.16 rows=12590 width=25) (actual time=15.928..93.284 rows=4388 loops=1)
                    ->  Merge Join  (cost=3.89..5587.31 rows=12590 width=16) (actual time=15.917..81.594 rows=4388 loops=1)
                          Merge Cond: (mk.movie_id = ml.movie_id)
                          ->  Nested Loop  (cost=0.43..212442.59 rows=41919 width=4) (actual time=14.902..70.618 rows=2234 loops=1)
                                Join Filter: (k.id = mk.keyword_id)
                                Rows Removed by Join Filter: 95633
                                ->  Index Scan using movie_id_movie_keyword on movie_keyword mk  (cost=0.43..141957.51 rows=4523930 width=8) (actual time=0.007..19.838 rows=97867 loops=1)
                                ->  Materialize  (cost=0.00..2626.13 rows=1 width=4) (actual time=0.000..0.000 rows=1 loops=97867)
                                      ->  Seq Scan on keyword k  (cost=0.00..2626.12 rows=1 width=4) (actual time=0.617..14.814 rows=1 loops=1)
                                            Filter: (keyword = 'character-name-in-title'::text)
                                            Rows Removed by Filter: 134169
                          ->  Index Scan using movie_id_movie_link on movie_link ml  (cost=0.29..959.51 rows=29997 width=12) (actual time=0.007..6.900 rows=29997 loops=1)
                    ->  Index Scan using title_pkey on title t1  (cost=0.43..0.49 rows=1 width=21) (actual time=0.002..0.002 rows=1 loops=4388)
                          Index Cond: (id = mk.movie_id)
              ->  Hash  (cost=1.18..1.18 rows=18 width=16) (actual time=0.015..0.015 rows=18 loops=1)
                    Buckets: 1024  Batches: 1  Memory Usage: 9kB
                    ->  Seq Scan on link_type lt  (cost=0.00..1.18 rows=18 width=16) (actual time=0.006..0.010 rows=18 loops=1)
        ->  Index Scan using title_pkey on title t2  (cost=0.43..4.47 rows=1 width=21) (actual time=0.004..0.004 rows=1 loops=4388)
              Index Cond: (id = ml.linked_movie_id)
Planning time: 1.797 ms
Execution time: 119.902 ms
