Aggregate  (cost=27552.53..27552.54 rows=1 width=96) (actual time=167.774..167.774 rows=1 loops=1)
  ->  Nested Loop  (cost=4283.88..27519.46 rows=4409 width=46) (actual time=121.875..164.029 rows=4388 loops=1)
        ->  Nested Loop  (cost=4283.45..7810.49 rows=4409 width=33) (actual time=121.865..144.145 rows=4388 loops=1)
              ->  Hash Join  (cost=4283.02..5662.07 rows=4409 width=24) (actual time=121.841..132.036 rows=4388 loops=1)
                    Hash Cond: (ml.link_type_id = lt.id)
                    ->  Hash Join  (cost=4281.61..5507.92 rows=12590 width=16) (actual time=121.819..130.538 rows=4388 loops=1)
                          Hash Cond: (ml.movie_id = mk.movie_id)
                          ->  Seq Scan on movie_link ml  (cost=0.00..462.97 rows=29997 width=12) (actual time=0.003..2.748 rows=29997 loops=1)
                          ->  Hash  (cost=3757.63..3757.63 rows=41919 width=4) (actual time=121.607..121.607 rows=41840 loops=1)
                                Buckets: 65536  Batches: 1  Memory Usage: 1983kB
                                ->  Nested Loop  (cost=6.80..3757.63 rows=41919 width=4) (actual time=6.753..111.998 rows=41840 loops=1)
                                      ->  Seq Scan on keyword k  (cost=0.00..2626.12 rows=1 width=4) (actual time=0.596..14.498 rows=1 loops=1)
                                            Filter: (keyword = 'character-name-in-title'::text)
                                            Rows Removed by Filter: 134169
                                      ->  Bitmap Heap Scan on movie_keyword mk  (cost=6.80..1128.44 rows=306 width=8) (actual time=6.154..89.404 rows=41840 loops=1)
                                            Recheck Cond: (keyword_id = k.id)
                                            Heap Blocks: exact=11541
                                            ->  Bitmap Index Scan on keyword_id_movie_keyword  (cost=0.00..6.73 rows=306 width=0) (actual time=4.052..4.052 rows=41840 loops=1)
                                                  Index Cond: (keyword_id = k.id)
                    ->  Hash  (cost=1.18..1.18 rows=18 width=16) (actual time=0.014..0.014 rows=18 loops=1)
                          Buckets: 1024  Batches: 1  Memory Usage: 9kB
                          ->  Seq Scan on link_type lt  (cost=0.00..1.18 rows=18 width=16) (actual time=0.004..0.008 rows=18 loops=1)
              ->  Index Scan using title_pkey on title t1  (cost=0.43..0.49 rows=1 width=21) (actual time=0.002..0.002 rows=1 loops=4388)
                    Index Cond: (id = mk.movie_id)
        ->  Index Scan using title_pkey on title t2  (cost=0.43..4.47 rows=1 width=21) (actual time=0.004..0.004 rows=1 loops=4388)
              Index Cond: (id = ml.linked_movie_id)
Planning time: 1.600 ms
Execution time: 167.851 ms
