Aggregate  (cost=3920.13..3920.14 rows=1 width=192) (actual time=83.856..83.856 rows=1 loops=1)
  ->  Nested Loop  (cost=745.80..3920.11 rows=1 width=82) (actual time=14.492..83.830 rows=8 loops=1)
        Join Filter: ((t2.id = mi_idx2.movie_id) AND (it2.id = mi_idx2.info_type_id))
        Rows Removed by Join Filter: 807
        ->  Nested Loop  (cost=745.37..3919.59 rows=1 width=93) (actual time=3.503..81.820 rows=465 loops=1)
              ->  Nested Loop  (cost=745.24..3918.97 rows=4 width=97) (actual time=3.499..81.057 rows=465 loops=1)
                    Join Filter: (ml.movie_id = t1.id)
                    ->  Nested Loop  (cost=744.81..3916.86 rows=4 width=88) (actual time=3.493..79.781 rows=465 loops=1)
                          ->  Nested Loop  (cost=744.39..3915.08 rows=4 width=73) (actual time=3.488..78.358 rows=465 loops=1)
                                ->  Nested Loop  (cost=743.96..3911.90 rows=4 width=65) (actual time=3.483..77.780 rows=58 loops=1)
                                      Join Filter: (kt2.id = t2.kind_id)
                                      Rows Removed by Join Filter: 89
                                      ->  Nested Loop  (cost=743.96..3910.43 rows=25 width=69) (actual time=2.013..77.690 rows=147 loops=1)
                                            ->  Nested Loop  (cost=743.53..3288.38 rows=139 width=44) (actual time=2.002..68.024 rows=2083 loops=1)
                                                  ->  Index Scan using info_type_pkey on info_type it2  (cost=0.14..14.12 rows=1 width=4) (actual time=0.032..0.038 rows=1 loops=1)
                                                        Filter: ((info)::text = 'rating'::text)
                                                        Rows Removed by Filter: 112
                                                  ->  Nested Loop  (cost=743.39..3272.87 rows=139 width=40) (actual time=1.968..67.521 rows=2083 loops=1)
                                                        ->  Nested Loop  (cost=742.97..3102.10 rows=383 width=25) (actual time=1.916..41.939 rows=9674 loops=1)
                                                              Join Filter: (ml.movie_id = mc1.movie_id)
                                                              ->  Nested Loop  (cost=742.54..3061.47 rows=62 width=17) (actual time=1.903..28.270 rows=2064 loops=1)
                                                                    Join Filter: (mi_idx1.info_type_id = it1.id)
                                                                    Rows Removed by Join Filter: 4128
                                                                    ->  Merge Join  (cost=742.54..2954.57 rows=6966 width=21) (actual time=1.880..25.703 rows=6192 loops=1)
                                                                          Merge Cond: (mi_idx1.movie_id = ml.movie_id)
                                                                          ->  Index Scan using movie_id_movie_info_idx on movie_info_idx mi_idx1  (cost=0.43..43811.53 rows=1380035 width=13) (actual time=0.010..14.878 rows=63901 loops=1)
                                                                          ->  Sort  (cost=742.10..747.89 rows=2315 width=8) (actual time=1.836..2.530 rows=6443 loops=1)
                                                                                Sort Key: ml.movie_id
                                                                                Sort Method: quicksort  Memory: 205kB
                                                                                ->  Nested Loop  (cost=37.49..612.73 rows=2315 width=8) (actual time=0.130..1.316 rows=2315 loops=1)
                                                                                      ->  Seq Scan on link_type lt  (cost=0.00..1.25 rows=3 width=4) (actual time=0.006..0.012 rows=2 loops=1)
                                                                                            Filter: ((link)::text = ANY ('{sequel,follows,"followed by"}'::text[]))
                                                                                            Rows Removed by Filter: 16
                                                                                      ->  Bitmap Heap Scan on movie_link ml  (cost=37.49..185.08 rows=1875 width=12) (actual time=0.109..0.461 rows=1158 loops=2)
                                                                                            Recheck Cond: (link_type_id = lt.id)
                                                                                            Heap Blocks: exact=191
                                                                                            ->  Bitmap Index Scan on link_type_id_movie_link  (cost=0.00..37.02 rows=1875 width=0) (actual time=0.093..0.093 rows=1158 loops=2)
                                                                                                  Index Cond: (link_type_id = lt.id)
                                                                    ->  Materialize  (cost=0.00..2.42 rows=1 width=4) (actual time=0.000..0.000 rows=1 loops=6192)
                                                                          ->  Seq Scan on info_type it1  (cost=0.00..2.41 rows=1 width=4) (actual time=0.013..0.014 rows=1 loops=1)
                                                                                Filter: ((info)::text = 'rating'::text)
                                                                                Rows Removed by Filter: 112
                                                              ->  Index Scan using movie_id_movie_companies on movie_companies mc1  (cost=0.43..0.59 rows=5 width=8) (actual time=0.003..0.005 rows=5 loops=2064)
                                                                    Index Cond: (movie_id = mi_idx1.movie_id)
                                                        ->  Index Scan using company_name_pkey on company_name cn1  (cost=0.42..0.45 rows=1 width=23) (actual time=0.002..0.002 rows=0 loops=9674)
                                                              Index Cond: (id = mc1.company_id)
                                                              Filter: ((country_code)::text = '[us]'::text)
                                                              Rows Removed by Filter: 1
                                            ->  Index Scan using title_pkey on title t2  (cost=0.43..4.48 rows=1 width=25) (actual time=0.004..0.004 rows=0 loops=2083)
                                                  Index Cond: (id = ml.linked_movie_id)
                                                  Filter: ((production_year >= 2005) AND (production_year <= 2008))
                                                  Rows Removed by Filter: 1
                                      ->  Materialize  (cost=0.00..1.09 rows=1 width=4) (actual time=0.000..0.000 rows=1 loops=147)
                                            ->  Seq Scan on kind_type kt2  (cost=0.00..1.09 rows=1 width=4) (actual time=0.003..0.003 rows=1 loops=1)
                                                  Filter: ((kind)::text = 'tv series'::text)
                                                  Rows Removed by Filter: 6
                                ->  Index Scan using movie_id_movie_companies on movie_companies mc2  (cost=0.43..0.75 rows=5 width=8) (actual time=0.004..0.007 rows=8 loops=58)
                                      Index Cond: (movie_id = t2.id)
                          ->  Index Scan using company_name_pkey on company_name cn2  (cost=0.42..0.44 rows=1 width=23) (actual time=0.002..0.002 rows=1 loops=465)
                                Index Cond: (id = mc2.company_id)
                    ->  Index Scan using title_pkey on title t1  (cost=0.43..0.52 rows=1 width=25) (actual time=0.002..0.002 rows=1 loops=465)
                          Index Cond: (id = mc1.movie_id)
              ->  Index Scan using kind_type_pkey on kind_type kt1  (cost=0.13..0.15 rows=1 width=4) (actual time=0.001..0.001 rows=1 loops=465)
                    Index Cond: (id = t1.kind_id)
                    Filter: ((kind)::text = 'tv series'::text)
        ->  Index Scan using movie_id_movie_info_idx on movie_info_idx mi_idx2  (cost=0.43..0.51 rows=1 width=13) (actual time=0.003..0.004 rows=2 loops=465)
              Index Cond: (movie_id = mc2.movie_id)
              Filter: (info < '3.0'::text)
              Rows Removed by Filter: 1
Planning time: 89.504 ms
Execution time: 84.029 ms
