Aggregate  (cost=22130.50..22130.51 rows=1 width=32) (actual time=91.384..91.384 rows=1 loops=1)
  ->  Nested Loop  (cost=7.67..22130.50 rows=1 width=17) (actual time=5.513..91.369 rows=5 loops=1)
        Join Filter: (t.id = mi.movie_id)
        ->  Nested Loop  (cost=7.23..20351.40 rows=1247 width=25) (actual time=3.837..80.708 rows=405 loops=1)
              ->  Nested Loop  (cost=6.80..16332.76 rows=8205 width=4) (actual time=3.312..39.978 rows=12951 loops=1)
                    ->  Seq Scan on keyword k  (cost=0.00..2626.12 rows=13 width=4) (actual time=1.233..24.156 rows=30 loops=1)
                          Filter: (keyword ~~ '%sequel%'::text)
                          Rows Removed by Filter: 134140
                    ->  Bitmap Heap Scan on movie_keyword mk  (cost=6.80..1051.30 rows=306 width=8) (actual time=0.090..0.451 rows=432 loops=30)
                          Recheck Cond: (keyword_id = k.id)
                          Heap Blocks: exact=6979
                          ->  Bitmap Index Scan on keyword_id_movie_keyword  (cost=0.00..6.73 rows=306 width=0) (actual time=0.050..0.050 rows=432 loops=30)
                                Index Cond: (keyword_id = k.id)
              ->  Index Scan using title_pkey on title t  (cost=0.43..0.49 rows=1 width=21) (actual time=0.003..0.003 rows=0 loops=12951)
                    Index Cond: (id = mk.movie_id)
                    Filter: (production_year > 2010)
                    Rows Removed by Filter: 1
        ->  Index Scan using movie_id_movie_info on movie_info mi  (cost=0.43..1.41 rows=1 width=4) (actual time=0.025..0.026 rows=0 loops=405)
              Index Cond: (movie_id = mk.movie_id)
              Filter: (info = 'Bulgaria'::text)
              Rows Removed by Filter: 63
Planning time: 1.194 ms
Execution time: 91.443 ms
