Aggregate  (cost=33336.90..33336.91 rows=1 width=32) (actual time=678.879..678.879 rows=1 loops=1)
  ->  Nested Loop  (cost=7.67..33330.22 rows=2674 width=17) (actual time=3.968..673.702 rows=7250 loops=1)
        Join Filter: (mi.movie_id = t.id)
        ->  Nested Loop  (cost=7.24..31382.38 rows=3878 width=8) (actual time=3.951..606.303 rows=12163 loops=1)
              ->  Nested Loop  (cost=6.80..16332.76 rows=8205 width=4) (actual time=3.752..75.337 rows=12951 loops=1)
                    ->  Seq Scan on keyword k  (cost=0.00..2626.12 rows=13 width=4) (actual time=1.429..28.870 rows=30 loops=1)
                          Filter: (keyword ~~ '%sequel%'::text)
                          Rows Removed by Filter: 134140
                    ->  Bitmap Heap Scan on movie_keyword mk  (cost=6.80..1051.30 rows=306 width=8) (actual time=0.109..1.449 rows=432 loops=30)
                          Recheck Cond: (keyword_id = k.id)
                          Heap Blocks: exact=6979
                          ->  Bitmap Index Scan on keyword_id_movie_keyword  (cost=0.00..6.73 rows=306 width=0) (actual time=0.066..0.066 rows=432 loops=30)
                                Index Cond: (keyword_id = k.id)
              ->  Index Scan using movie_id_movie_info on movie_info mi  (cost=0.43..1.81 rows=2 width=4) (actual time=0.034..0.040 rows=1 loops=12951)
                    Index Cond: (movie_id = mk.movie_id)
                    Filter: (info = ANY ('{Sweden,Norway,Germany,Denmark,Swedish,Denish,Norwegian,German,USA,American}'::text[]))
                    Rows Removed by Filter: 35
        ->  Index Scan using title_pkey on title t  (cost=0.43..0.49 rows=1 width=21) (actual time=0.005..0.005 rows=1 loops=12163)
              Index Cond: (id = mk.movie_id)
              Filter: (production_year > 1990)
              Rows Removed by Filter: 0
Planning time: 1.311 ms
Execution time: 678.940 ms
