Aggregate  (cost=67110.33..67110.34 rows=1 width=32) (actual time=281.048..281.048 rows=1 loops=1)
  ->  Nested Loop  (cost=1.29..67109.85 rows=189 width=17) (actual time=281.042..281.042 rows=0 loops=1)
        Join Filter: (mi.info_type_id = it.id)
        ->  Nested Loop  (cost=1.29..66790.42 rows=189 width=21) (actual time=281.041..281.041 rows=0 loops=1)
              ->  Nested Loop  (cost=0.86..65279.42 rows=644 width=25) (actual time=281.041..281.041 rows=0 loops=1)
                    ->  Nested Loop  (cost=0.43..53086.54 rows=1609 width=4) (actual time=281.041..281.041 rows=0 loops=1)
                          ->  Seq Scan on company_type ct  (cost=0.00..1.05 rows=1 width=4) (actual time=0.007..0.013 rows=1 loops=1)
                                Filter: ((kind)::text = 'production companies'::text)
                                Rows Removed by Filter: 3
                          ->  Index Scan using company_type_id_movie_companies on movie_companies mc  (cost=0.43..53067.12 rows=1837 width=8) (actual time=281.023..281.023 rows=0 loops=1)
                                Index Cond: (company_type_id = ct.id)
                                Filter: ((note ~~ '%(theatrical)%'::text) AND (note ~~ '%(France)%'::text))
                                Rows Removed by Filter: 1334883
                    ->  Index Scan using title_pkey on title t  (cost=0.43..7.58 rows=1 width=21) (never executed)
                          Index Cond: (id = mc.movie_id)
                          Filter: (production_year > 2005)
              ->  Index Scan using movie_id_movie_info on movie_info mi  (cost=0.43..2.34 rows=1 width=8) (never executed)
                    Index Cond: (movie_id = t.id)
                    Filter: (info = ANY ('{Sweden,Norway,Germany,Denmark,Swedish,Denish,Norwegian,German}'::text[]))
        ->  Materialize  (cost=0.00..2.69 rows=113 width=4) (never executed)
              ->  Seq Scan on info_type it  (cost=0.00..2.13 rows=113 width=4) (never executed)
Planning time: 1.644 ms
Execution time: 281.122 ms
