Aggregate  (cost=56564.93..56564.94 rows=1 width=32) (actual time=283.293..283.293 rows=1 loops=1)
  ->  Nested Loop  (cost=1.29..56564.91 rows=5 width=17) (actual time=283.287..283.287 rows=0 loops=1)
        Join Filter: (mi.info_type_id = it.id)
        ->  Seq Scan on info_type it  (cost=0.00..2.13 rows=113 width=4) (actual time=0.006..0.018 rows=113 loops=1)
        ->  Materialize  (cost=1.29..56554.32 rows=5 width=21) (actual time=2.507..2.507 rows=0 loops=113)
              ->  Nested Loop  (cost=1.29..56554.30 rows=5 width=21) (actual time=283.240..283.240 rows=0 loops=1)
                    ->  Nested Loop  (cost=0.86..56540.84 rows=4 width=25) (actual time=283.240..283.240 rows=0 loops=1)
                          ->  Nested Loop  (cost=0.43..56329.59 rows=25 width=4) (actual time=283.240..283.240 rows=0 loops=1)
                                ->  Seq Scan on company_type ct  (cost=0.00..1.05 rows=1 width=4) (actual time=0.003..0.007 rows=1 loops=1)
                                      Filter: ((kind)::text = 'production companies'::text)
                                      Rows Removed by Filter: 3
                                ->  Index Scan using company_type_id_movie_companies on movie_companies mc  (cost=0.43..56328.53 rows=1 width=8) (actual time=283.230..283.230 rows=0 loops=1)
                                      Index Cond: (company_type_id = ct.id)
                                      Filter: ((note ~~ '%(VHS)%'::text) AND (note ~~ '%(USA)%'::text) AND (note ~~ '%(1994)%'::text))
                                      Rows Removed by Filter: 1334883
                          ->  Index Scan using title_pkey on title t  (cost=0.43..8.45 rows=1 width=21) (never executed)
                                Index Cond: (id = mc.movie_id)
                                Filter: (production_year > 2010)
                    ->  Index Scan using movie_id_movie_info on movie_info mi  (cost=0.43..3.34 rows=2 width=8) (never executed)
                          Index Cond: (movie_id = t.id)
                          Filter: (info = ANY ('{USA,America}'::text[]))
Planning time: 1.649 ms
Execution time: 283.366 ms
