Aggregate  (cost=23644.43..23644.44 rows=1 width=96) (actual time=10959.275..10959.275 rows=1 loops=1)
  ->  Nested Loop  (cost=8.23..23644.42 rows=1 width=48) (actual time=1469.455..10959.216 rows=12 loops=1)
        ->  Nested Loop  (cost=7.80..23643.51 rows=2 width=37) (actual time=380.201..8611.655 rows=383 loops=1)
              Join Filter: (t.id = ci.movie_id)
              ->  Nested Loop  (cost=7.23..23637.46 rows=3 width=41) (actual time=380.183..7161.937 rows=36 loops=1)
                    ->  Nested Loop  (cost=6.80..12320.12 rows=23107 width=20) (actual time=8.259..4998.106 rows=35548 loops=1)
                          ->  Seq Scan on keyword k  (cost=0.00..3632.40 rows=8 width=20) (actual time=0.133..39.971 rows=8 loops=1)
                                Filter: (keyword = ANY ('{superhero,sequel,second-part,marvel-comics,based-on-comic,tv-special,fight,violence}'::text[]))
                                Rows Removed by Filter: 134162
                          ->  Bitmap Heap Scan on movie_keyword mk  (cost=6.80..1082.91 rows=306 width=8) (actual time=11.930..618.316 rows=4444 loops=8)
                                Recheck Cond: (keyword_id = k.id)
                                Heap Blocks: exact=23488
                                ->  Bitmap Index Scan on keyword_id_movie_keyword  (cost=0.00..6.73 rows=306 width=0) (actual time=10.046..10.046 rows=4444 loops=8)
                                      Index Cond: (keyword_id = k.id)
                    ->  Index Scan using title_pkey on title t  (cost=0.43..0.49 rows=1 width=21) (actual time=0.060..0.060 rows=0 loops=35548)
                          Index Cond: (id = mk.movie_id)
                          Filter: (production_year > 2014)
                          Rows Removed by Filter: 1
              ->  Index Scan using movie_id_cast_info on cast_info ci  (cost=0.56..1.54 rows=38 width=8) (actual time=13.347..40.259 rows=11 loops=36)
                    Index Cond: (movie_id = mk.movie_id)
        ->  Index Scan using name_pkey on name n  (cost=0.43..0.46 rows=1 width=19) (actual time=6.128..6.128 rows=0 loops=383)
              Index Cond: (id = ci.person_id)
              Filter: (name ~~ '%Downey%Robert%'::text)
              Rows Removed by Filter: 1
Planning time: 1.251 ms
Execution time: 10959.340 ms
