Aggregate  (cost=3882.52..3882.53 rows=1 width=96) (actual time=11.846..11.846 rows=1 loops=1)
  ->  Nested Loop  (cost=8.23..3882.51 rows=1 width=48) (actual time=0.416..11.840 rows=2 loops=1)
        ->  Nested Loop  (cost=7.80..3881.60 rows=2 width=37) (actual time=0.327..11.744 rows=33 loops=1)
              Join Filter: (t.id = ci.movie_id)
              ->  Nested Loop  (cost=7.23..3879.58 rows=1 width=41) (actual time=0.322..11.710 rows=2 loops=1)
                    ->  Nested Loop  (cost=6.80..3757.63 rows=249 width=20) (actual time=0.310..11.664 rows=14 loops=1)
                          ->  Seq Scan on keyword k  (cost=0.00..2626.12 rows=1 width=20) (actual time=0.291..11.628 rows=1 loops=1)
                                Filter: (keyword = 'marvel-cinematic-universe'::text)
                                Rows Removed by Filter: 134169
                          ->  Bitmap Heap Scan on movie_keyword mk  (cost=6.80..1128.44 rows=306 width=8) (actual time=0.016..0.031 rows=14 loops=1)
                                Recheck Cond: (keyword_id = k.id)
                                Heap Blocks: exact=12
                                ->  Bitmap Index Scan on keyword_id_movie_keyword  (cost=0.00..6.73 rows=306 width=0) (actual time=0.011..0.011 rows=14 loops=1)
                                      Index Cond: (keyword_id = k.id)
                    ->  Index Scan using title_pkey on title t  (cost=0.43..0.49 rows=1 width=21) (actual time=0.003..0.003 rows=0 loops=14)
                          Index Cond: (id = mk.movie_id)
                          Filter: (production_year > 2014)
                          Rows Removed by Filter: 1
              ->  Index Scan using movie_id_cast_info on cast_info ci  (cost=0.56..1.54 rows=38 width=8) (actual time=0.004..0.012 rows=16 loops=2)
                    Index Cond: (movie_id = mk.movie_id)
        ->  Index Scan using name_pkey on name n  (cost=0.43..0.46 rows=1 width=19) (actual time=0.003..0.003 rows=0 loops=33)
              Index Cond: (id = ci.person_id)
              Filter: (name ~~ '%Downey%Robert%'::text)
              Rows Removed by Filter: 1
Planning time: 1.238 ms
Execution time: 11.900 ms
