Aggregate  (cost=167319.85..167319.86 rows=1 width=96) (actual time=4719.265..4719.266 rows=1 loops=1)
  ->  Hash Join  (cost=59383.29..167319.23 rows=83 width=48) (actual time=3926.660..4719.196 rows=88 loops=1)
        Hash Cond: (n.id = ci.person_id)
        ->  Seq Scan on name n  (cost=0.00..107704.84 rows=414 width=19) (actual time=88.769..881.268 rows=2 loops=1)
              Filter: (name ~~ '%Downey%Robert%'::text)
              Rows Removed by Filter: 4167489
        ->  Hash  (cost=49004.46..49004.46 rows=830306 width=37) (actual time=3834.801..3834.801 rows=785477 loops=1)
              Buckets: 1048576  Batches: 1  Memory Usage: 57614kB
              ->  Nested Loop  (cost=7.80..49004.46 rows=830306 width=37) (actual time=0.867..3518.024 rows=785477 loops=1)
                    Join Filter: (t.id = ci.movie_id)
                    ->  Nested Loop  (cost=7.23..23637.46 rows=12581 width=41) (actual time=0.837..608.429 rows=14165 loops=1)
                          ->  Nested Loop  (cost=6.80..12320.12 rows=23107 width=20) (actual time=0.807..237.975 rows=35548 loops=1)
                                ->  Seq Scan on keyword k  (cost=0.00..3632.40 rows=8 width=20) (actual time=0.155..44.391 rows=8 loops=1)
                                      Filter: (keyword = ANY ('{superhero,sequel,second-part,marvel-comics,based-on-comic,tv-special,fight,violence}'::text[]))
                                      Rows Removed by Filter: 134162
                                ->  Bitmap Heap Scan on movie_keyword mk  (cost=6.80..1082.91 rows=306 width=8) (actual time=1.343..23.034 rows=4444 loops=8)
                                      Recheck Cond: (keyword_id = k.id)
                                      Heap Blocks: exact=23488
                                      ->  Bitmap Index Scan on keyword_id_movie_keyword  (cost=0.00..6.73 rows=306 width=0) (actual time=0.827..0.827 rows=4444 loops=8)
                                            Index Cond: (keyword_id = k.id)
                          ->  Index Scan using title_pkey on title t  (cost=0.43..0.49 rows=1 width=21) (actual time=0.010..0.010 rows=0 loops=35548)
                                Index Cond: (id = mk.movie_id)
                                Filter: (production_year > 2000)
                                Rows Removed by Filter: 1
                    ->  Index Scan using movie_id_cast_info on cast_info ci  (cost=0.56..1.54 rows=38 width=8) (actual time=0.012..0.190 rows=55 loops=14165)
                          Index Cond: (movie_id = mk.movie_id)
Planning time: 2.054 ms
Execution time: 4719.609 ms
