Aggregate  (cost=52433.04..52433.05 rows=1 width=96) (actual time=11637.253..11637.253 rows=1 loops=1)
  ->  Nested Loop  (cost=8.23..52380.16 rows=7051 width=48) (actual time=0.835..10938.446 rows=785477 loops=1)
        ->  Nested Loop  (cost=7.80..49169.80 rows=7051 width=37) (actual time=0.818..4597.885 rows=785477 loops=1)
              Join Filter: (t.id = ci.movie_id)
              ->  Nested Loop  (cost=7.23..23637.46 rows=12663 width=41) (actual time=0.795..642.810 rows=14165 loops=1)
                    ->  Nested Loop  (cost=6.80..12320.12 rows=23107 width=20) (actual time=0.773..253.430 rows=35548 loops=1)
                          ->  Seq Scan on keyword k  (cost=0.00..3632.40 rows=8 width=20) (actual time=0.133..48.398 rows=8 loops=1)
                                Filter: (keyword = ANY ('{superhero,sequel,second-part,marvel-comics,based-on-comic,tv-special,fight,violence}'::text[]))
                                Rows Removed by Filter: 134162
                          ->  Bitmap Heap Scan on movie_keyword mk  (cost=6.80..1082.91 rows=306 width=8) (actual time=1.259..24.432 rows=4444 loops=8)
                                Recheck Cond: (keyword_id = k.id)
                                Heap Blocks: exact=23488
                                ->  Bitmap Index Scan on keyword_id_movie_keyword  (cost=0.00..6.73 rows=306 width=0) (actual time=0.752..0.752 rows=4444 loops=8)
                                      Index Cond: (keyword_id = k.id)
                    ->  Index Scan using title_pkey on title t  (cost=0.43..0.49 rows=1 width=21) (actual time=0.010..0.010 rows=0 loops=35548)
                          Index Cond: (id = mk.movie_id)
                          Filter: (production_year > 2000)
                          Rows Removed by Filter: 1
              ->  Index Scan using movie_id_cast_info on cast_info ci  (cost=0.56..1.54 rows=38 width=8) (actual time=0.013..0.261 rows=55 loops=14165)
                    Index Cond: (movie_id = mk.movie_id)
        ->  Index Scan using name_pkey on name n  (cost=0.43..0.46 rows=1 width=19) (actual time=0.007..0.007 rows=1 loops=785477)
              Index Cond: (id = ci.person_id)
Planning time: 1.230 ms
Execution time: 11637.325 ms
