Aggregate  (cost=215092.68..215092.69 rows=1 width=96) (actual time=6888.455..6888.455 rows=1 loops=1)
  ->  Hash Join  (cost=149386.11..208865.38 rows=830306 width=48) (actual time=2015.931..6327.779 rows=785477 loops=1)
        Hash Cond: (ci.person_id = n.id)
        ->  Nested Loop  (cost=7.80..49004.46 rows=830306 width=37) (actual time=0.762..3777.186 rows=785477 loops=1)
              Join Filter: (t.id = ci.movie_id)
              ->  Nested Loop  (cost=7.23..23637.46 rows=12581 width=41) (actual time=0.743..619.715 rows=14165 loops=1)
                    ->  Nested Loop  (cost=6.80..12320.12 rows=23107 width=20) (actual time=0.721..244.643 rows=35548 loops=1)
                          ->  Seq Scan on keyword k  (cost=0.00..3632.40 rows=8 width=20) (actual time=0.161..47.490 rows=8 loops=1)
                                Filter: (keyword = ANY ('{superhero,sequel,second-part,marvel-comics,based-on-comic,tv-special,fight,violence}'::text[]))
                                Rows Removed by Filter: 134162
                          ->  Bitmap Heap Scan on movie_keyword mk  (cost=6.80..1082.91 rows=306 width=8) (actual time=1.260..23.420 rows=4444 loops=8)
                                Recheck Cond: (keyword_id = k.id)
                                Heap Blocks: exact=23488
                                ->  Bitmap Index Scan on keyword_id_movie_keyword  (cost=0.00..6.73 rows=306 width=0) (actual time=0.749..0.749 rows=4444 loops=8)
                                      Index Cond: (keyword_id = k.id)
                    ->  Index Scan using title_pkey on title t  (cost=0.43..0.49 rows=1 width=21) (actual time=0.010..0.010 rows=0 loops=35548)
                          Index Cond: (id = mk.movie_id)
                          Filter: (production_year > 2000)
                          Rows Removed by Filter: 1
              ->  Index Scan using movie_id_cast_info on cast_info ci  (cost=0.56..1.54 rows=38 width=8) (actual time=0.012..0.205 rows=55 loops=14165)
                    Index Cond: (movie_id = mk.movie_id)
        ->  Hash  (cost=97286.47..97286.47 rows=4167347 width=19) (actual time=2004.030..2004.030 rows=4167491 loops=1)
              Buckets: 4194304  Batches: 1  Memory Usage: 248744kB
              ->  Seq Scan on name n  (cost=0.00..97286.47 rows=4167347 width=19) (actual time=0.031..798.481 rows=4167491 loops=1)
Planning time: 1.703 ms
Execution time: 6909.386 ms
