Aggregate  (cost=55593.14..55593.15 rows=1 width=64) (actual time=246.789..246.789 rows=1 loops=1)
  ->  Nested Loop  (cost=2493.26..55593.14 rows=1 width=32) (actual time=26.768..246.746 rows=32 loops=1)
        ->  Nested Loop  (cost=2492.83..55592.68 rows=1 width=23) (actual time=26.753..246.064 rows=151 loops=1)
              ->  Nested Loop  (cost=2492.69..55592.50 rows=1 width=27) (actual time=26.746..245.237 rows=510 loops=1)
                    ->  Nested Loop  (cost=2492.40..55592.16 rows=1 width=19) (actual time=26.690..238.674 rows=3354 loops=1)
                          ->  Nested Loop  (cost=2491.84..55574.56 rows=1 width=27) (actual time=26.661..236.643 rows=20 loops=1)
                                ->  Nested Loop  (cost=2491.41..55573.96 rows=1 width=23) (actual time=26.081..236.336 rows=17 loops=1)
                                      ->  Nested Loop  (cost=2490.98..55565.50 rows=1 width=4) (actual time=21.686..235.108 rows=64 loops=1)
                                            ->  Seq Scan on info_type it  (cost=0.00..2.41 rows=1 width=4) (actual time=0.008..0.020 rows=1 loops=1)
                                                  Filter: ((info)::text = 'mini biography'::text)
                                                  Rows Removed by Filter: 112
                                            ->  Bitmap Heap Scan on person_info pi  (cost=2490.98..55563.08 rows=1 width=8) (actual time=21.675..235.049 rows=64 loops=1)
                                                  Recheck Cond: (info_type_id = it.id)
                                                  Filter: (note = 'Volker Boehm'::text)
                                                  Rows Removed by Filter: 84120
                                                  Heap Blocks: exact=40387
                                                  ->  Bitmap Index Scan on info_type_id_person_info  (cost=0.00..2490.98 rows=134740 width=0) (actual time=10.653..10.653 rows=84184 loops=1)
                                                        Index Cond: (info_type_id = it.id)
                                      ->  Index Scan using name_pkey on name n  (cost=0.43..8.46 rows=1 width=19) (actual time=0.017..0.017 rows=0 loops=64)
                                            Index Cond: (id = pi.person_id)
                                            Filter: (((name_pcode_cf)::text >= 'A'::text) AND ((name_pcode_cf)::text <= 'F'::text) AND (((gender)::text = 'm'::text) OR (((gender)::text = 'f'::text) AND (name ~~ 'B%'::text))))
                                            Rows Removed by Filter: 1
                                ->  Index Scan using person_id_aka_name on aka_name an  (cost=0.42..0.58 rows=2 width=4) (actual time=0.015..0.017 rows=1 loops=17)
                                      Index Cond: (person_id = n.id)
                                      Filter: (name ~~ '%a%'::text)
                                      Rows Removed by Filter: 1
                          ->  Index Scan using person_id_cast_info on cast_info ci  (cost=0.56..12.48 rows=512 width=8) (actual time=0.016..0.068 rows=168 loops=20)
                                Index Cond: (person_id = n.id)
                    ->  Index Scan using linked_movie_id_movie_link on movie_link ml  (cost=0.29..0.32 rows=2 width=8) (actual time=0.002..0.002 rows=0 loops=3354)
                          Index Cond: (linked_movie_id = ci.movie_id)
              ->  Index Scan using link_type_pkey on link_type lt  (cost=0.14..0.16 rows=1 width=4) (actual time=0.001..0.001 rows=0 loops=510)
                    Index Cond: (id = ml.link_type_id)
                    Filter: ((link)::text = 'features'::text)
                    Rows Removed by Filter: 1
        ->  Index Scan using title_pkey on title t  (cost=0.43..0.46 rows=1 width=21) (actual time=0.004..0.004 rows=0 loops=151)
              Index Cond: (id = ci.movie_id)
              Filter: ((production_year >= 1980) AND (production_year <= 1995))
              Rows Removed by Filter: 1
Planning time: 5.978 ms
Execution time: 246.899 ms
