Aggregate  (cost=55597.28..55597.29 rows=1 width=64) (actual time=109.125..109.126 rows=1 loops=1)
  ->  Nested Loop  (cost=2493.26..55597.27 rows=1 width=32) (actual time=20.727..109.091 rows=32 loops=1)
        ->  Nested Loop  (cost=2492.83..55596.81 rows=1 width=23) (actual time=20.718..108.548 rows=151 loops=1)
              Join Filter: (n.id = an.person_id)
              ->  Nested Loop  (cost=2492.40..55596.32 rows=1 width=35) (actual time=20.709..108.141 rows=103 loops=1)
                    ->  Nested Loop  (cost=2492.26..55595.67 rows=4 width=39) (actual time=20.705..107.606 rows=344 loops=1)
                          ->  Nested Loop  (cost=2491.98..55591.56 rows=12 width=31) (actual time=20.292..103.041 rows=2670 loops=1)
                                ->  Nested Loop  (cost=2491.41..55573.96 rows=1 width=23) (actual time=20.279..101.496 rows=17 loops=1)
                                      ->  Nested Loop  (cost=2490.98..55565.50 rows=1 width=4) (actual time=18.985..100.847 rows=64 loops=1)
                                            ->  Seq Scan on info_type it  (cost=0.00..2.41 rows=1 width=4) (actual time=0.008..0.021 rows=1 loops=1)
                                                  Filter: ((info)::text = 'mini biography'::text)
                                                  Rows Removed by Filter: 112
                                            ->  Bitmap Heap Scan on person_info pi  (cost=2490.98..55563.08 rows=1 width=8) (actual time=18.974..100.801 rows=64 loops=1)
                                                  Recheck Cond: (info_type_id = it.id)
                                                  Filter: (note = 'Volker Boehm'::text)
                                                  Rows Removed by Filter: 84120
                                                  Heap Blocks: exact=40387
                                                  ->  Bitmap Index Scan on info_type_id_person_info  (cost=0.00..2490.98 rows=134740 width=0) (actual time=9.484..9.484 rows=84184 loops=1)
                                                        Index Cond: (info_type_id = it.id)
                                      ->  Index Scan using name_pkey on name n  (cost=0.43..8.46 rows=1 width=19) (actual time=0.009..0.009 rows=0 loops=64)
                                            Index Cond: (id = pi.person_id)
                                            Filter: (((name_pcode_cf)::text >= 'A'::text) AND ((name_pcode_cf)::text <= 'F'::text) AND (((gender)::text = 'm'::text) OR (((gender)::text = 'f'::text) AND (name ~~ 'B%'::text))))
                                            Rows Removed by Filter: 1
                                ->  Index Scan using person_id_cast_info on cast_info ci  (cost=0.56..12.48 rows=512 width=8) (actual time=0.010..0.058 rows=157 loops=17)
                                      Index Cond: (person_id = n.id)
                          ->  Index Scan using linked_movie_id_movie_link on movie_link ml  (cost=0.29..0.32 rows=2 width=8) (actual time=0.001..0.001 rows=0 loops=2670)
                                Index Cond: (linked_movie_id = ci.movie_id)
                    ->  Index Scan using link_type_pkey on link_type lt  (cost=0.14..0.16 rows=1 width=4) (actual time=0.001..0.001 rows=0 loops=344)
                          Index Cond: (id = ml.link_type_id)
                          Filter: ((link)::text = 'features'::text)
                          Rows Removed by Filter: 1
              ->  Index Scan using person_id_aka_name on aka_name an  (cost=0.42..0.47 rows=2 width=4) (actual time=0.003..0.003 rows=1 loops=103)
                    Index Cond: (person_id = ci.person_id)
                    Filter: (name ~~ '%a%'::text)
                    Rows Removed by Filter: 0
        ->  Index Scan using title_pkey on title t  (cost=0.43..0.46 rows=1 width=21) (actual time=0.003..0.003 rows=0 loops=151)
              Index Cond: (id = ci.movie_id)
              Filter: ((production_year >= 1980) AND (production_year <= 1995))
              Rows Removed by Filter: 1
Planning time: 5.926 ms
Execution time: 109.237 ms
