Aggregate  (cost=27722.23..27722.24 rows=1 width=64) (actual time=720.507..720.507 rows=1 loops=1)
  ->  Nested Loop  (cost=41.24..27722.23 rows=1 width=32) (actual time=124.171..720.467 rows=16 loops=1)
        ->  Nested Loop  (cost=41.10..27721.12 rows=1 width=36) (actual time=124.161..720.404 rows=16 loops=1)
              Join Filter: (n.id = pi.person_id)
              ->  Nested Loop  (cost=40.67..27693.60 rows=29 width=44) (actual time=14.480..707.204 rows=992 loops=1)
                    Join Filter: (n.id = an.person_id)
                    ->  Nested Loop  (cost=40.24..27664.11 rows=60 width=40) (actual time=0.556..423.265 rows=1076 loops=1)
                          ->  Nested Loop  (cost=39.81..26239.46 rows=3095 width=21) (actual time=0.461..172.478 rows=33415 loops=1)
                                ->  Nested Loop  (cost=39.25..23453.46 rows=157 width=25) (actual time=0.436..59.914 rows=435 loops=1)
                                      ->  Nested Loop  (cost=38.82..245.23 rows=5186 width=4) (actual time=0.410..3.387 rows=5186 loops=1)
                                            ->  Seq Scan on link_type lt  (cost=0.00..1.23 rows=1 width=4) (actual time=0.007..0.012 rows=1 loops=1)
                                                  Filter: ((link)::text = 'features'::text)
                                                  Rows Removed by Filter: 17
                                            ->  Bitmap Heap Scan on movie_link ml  (cost=38.82..225.26 rows=1875 width=8) (actual time=0.401..2.181 rows=5186 loops=1)
                                                  Recheck Cond: (link_type_id = lt.id)
                                                  Heap Blocks: exact=132
                                                  ->  Bitmap Index Scan on link_type_id_movie_link  (cost=0.00..38.35 rows=1875 width=0) (actual time=0.373..0.373 rows=5186 loops=1)
                                                        Index Cond: (link_type_id = lt.id)
                                      ->  Index Scan using title_pkey on title t  (cost=0.43..4.48 rows=1 width=21) (actual time=0.011..0.011 rows=0 loops=5186)
                                            Index Cond: (id = ml.linked_movie_id)
                                            Filter: ((production_year >= 1980) AND (production_year <= 1984))
                                            Rows Removed by Filter: 1
                                ->  Index Scan using movie_id_cast_info on cast_info ci  (cost=0.56..17.37 rows=38 width=8) (actual time=0.015..0.241 rows=77 loops=435)
                                      Index Cond: (movie_id = t.id)
                          ->  Index Scan using name_pkey on name n  (cost=0.43..0.46 rows=1 width=19) (actual time=0.007..0.007 rows=0 loops=33415)
                                Index Cond: (id = ci.person_id)
                                Filter: (((name_pcode_cf)::text ~~ 'D%'::text) AND ((gender)::text = 'm'::text))
                                Rows Removed by Filter: 1
                    ->  Index Scan using person_id_aka_name on aka_name an  (cost=0.42..0.47 rows=2 width=4) (actual time=0.225..0.263 rows=1 loops=1076)
                          Index Cond: (person_id = ci.person_id)
                          Filter: (name ~~ '%a%'::text)
                          Rows Removed by Filter: 1
              ->  Index Scan using person_id_person_info on person_info pi  (cost=0.43..0.94 rows=1 width=8) (actual time=0.012..0.013 rows=0 loops=992)
                    Index Cond: (person_id = ci.person_id)
                    Filter: (note = 'Volker Boehm'::text)
                    Rows Removed by Filter: 26
        ->  Index Scan using info_type_pkey on info_type it  (cost=0.14..0.62 rows=1 width=4) (actual time=0.003..0.003 rows=1 loops=16)
              Index Cond: (id = pi.info_type_id)
              Filter: ((info)::text = 'mini biography'::text)
Planning time: 5.506 ms
Execution time: 720.599 ms
