Aggregate  (cost=69351.23..69351.24 rows=1 width=64) (actual time=4615.901..4615.901 rows=1 loops=1)
  ->  Nested Loop  (cost=6023.89..69351.22 rows=1 width=33) (actual time=323.789..4615.706 rows=62 loops=1)
        ->  Nested Loop  (cost=6023.46..69346.62 rows=6 width=41) (actual time=48.147..4558.053 rows=17379 loops=1)
              ->  Hash Join  (cost=6023.03..69332.21 rows=13 width=21) (actual time=48.133..4512.609 rows=7438 loops=1)
                    Hash Cond: (ci.role_id = rt.id)
                    ->  Nested Loop  (cost=6021.87..69330.22 rows=70 width=25) (actual time=48.111..4507.940 rows=19600 loops=1)
                          ->  Nested Loop  (cost=6021.31..68225.28 rows=584 width=25) (actual time=48.001..991.858 rows=48328 loops=1)
                                ->  Hash Join  (cost=6020.88..64135.47 rows=687 width=4) (actual time=47.962..632.853 rows=48328 loops=1)
                                      Hash Cond: (mc.company_id = cn.id)
                                      ->  Seq Scan on movie_companies mc  (cost=0.00..57926.93 rows=14864 width=8) (actual time=0.129..552.293 rows=48897 loops=1)
                                            Filter: ((note ~~ '%(Japan)%'::text) AND (note !~~ '%(USA)%'::text))
                                            Rows Removed by Filter: 2560232
                                      ->  Hash  (cost=5932.46..5932.46 rows=7073 width=4) (actual time=47.817..47.817 rows=6752 loops=1)
                                            Buckets: 8192  Batches: 1  Memory Usage: 302kB
                                            ->  Seq Scan on company_name cn  (cost=0.00..5932.46 rows=7073 width=4) (actual time=0.012..46.477 rows=6752 loops=1)
                                                  Filter: ((country_code)::text = '[jp]'::text)
                                                  Rows Removed by Filter: 228245
                                ->  Index Scan using title_pkey on title t  (cost=0.43..5.95 rows=1 width=21) (actual time=0.007..0.007 rows=1 loops=48328)
                                      Index Cond: (id = mc.movie_id)
                          ->  Index Scan using movie_id_cast_info on cast_info ci  (cost=0.56..1.88 rows=1 width=12) (actual time=0.070..0.072 rows=0 loops=48328)
                                Index Cond: (movie_id = t.id)
                                Filter: (note = '(voice: English version)'::text)
                                Rows Removed by Filter: 32
                    ->  Hash  (cost=1.15..1.15 rows=1 width=4) (actual time=0.011..0.011 rows=1 loops=1)
                          Buckets: 1024  Batches: 1  Memory Usage: 9kB
                          ->  Seq Scan on role_type rt  (cost=0.00..1.15 rows=1 width=4) (actual time=0.007..0.009 rows=1 loops=1)
                                Filter: ((role)::text = 'actress'::text)
                                Rows Removed by Filter: 11
              ->  Index Scan using person_id_aka_name on aka_name an1  (cost=0.42..1.09 rows=2 width=20) (actual time=0.004..0.005 rows=2 loops=7438)
                    Index Cond: (person_id = ci.person_id)
        ->  Index Scan using name_pkey on name n1  (cost=0.43..0.77 rows=1 width=4) (actual time=0.003..0.003 rows=0 loops=17379)
              Index Cond: (id = an1.person_id)
              Filter: ((name ~~ '%Yo%'::text) AND (name !~~ '%Yu%'::text))
              Rows Removed by Filter: 1
Planning time: 3.925 ms
Execution time: 4616.002 ms
