Aggregate  (cost=634057.02..634057.03 rows=1 width=64) (actual time=10525.372..10525.372 rows=1 loops=1)
  ->  Hash Join  (cost=588935.56..619107.90 rows=2989823 width=33) (actual time=8743.962..9576.534 rows=2487611 loops=1)
        Hash Cond: (a1.person_id = n1.id)
        ->  Seq Scan on aka_name a1  (cost=0.00..20409.43 rows=901343 width=20) (actual time=0.007..142.047 rows=901343 loops=1)
        ->  Hash  (cost=558558.12..558558.12 rows=2430195 width=25) (actual time=8732.804..8732.804 rows=1970658 loops=1)
              Buckets: 4194304  Batches: 1  Memory Usage: 145567kB
              ->  Hash Join  (cost=356023.99..558558.12 rows=2430195 width=25) (actual time=5155.538..8226.869 rows=1970658 loops=1)
                    Hash Cond: (ci.person_id = n1.id)
                    ->  Hash Join  (cost=206645.68..378498.61 rows=2430195 width=21) (actual time=3317.925..5784.436 rows=1970658 loops=1)
                          Hash Cond: (ci.movie_id = t.id)
                          ->  Nested Loop  (cost=0.56..149745.52 rows=2661881 width=8) (actual time=0.067..1169.037 rows=2728943 loops=1)
                                ->  Seq Scan on role_type rt  (cost=0.00..1.15 rows=1 width=4) (actual time=0.010..0.016 rows=1 loops=1)
                                      Filter: ((role)::text = 'writer'::text)
                                      Rows Removed by Filter: 11
                                ->  Index Scan using role_id_cast_info on cast_info ci  (cost=0.56..116788.44 rows=3295593 width=12) (actual time=0.052..723.031 rows=2728943 loops=1)
                                      Index Cond: (role_id = rt.id)
                          ->  Hash  (cost=192248.42..192248.42 rows=1151736 width=25) (actual time=3311.147..3311.147 rows=1153798 loops=1)
                                Buckets: 2097152  Batches: 1  Memory Usage: 84892kB
                                ->  Hash Join  (cost=99886.30..192248.42 rows=1151736 width=25) (actual time=1444.233..2910.595 rows=1153798 loops=1)
                                      Hash Cond: (mc.movie_id = t.id)
                                      ->  Hash Join  (cost=7001.80..84823.25 rows=1151736 width=4) (actual time=69.129..987.516 rows=1153798 loops=1)
                                            Hash Cond: (mc.company_id = cn.id)
                                            ->  Seq Scan on movie_companies mc  (cost=0.00..44881.29 rows=2609129 width=8) (actual time=0.009..315.354 rows=2609129 loops=1)
                                            ->  Hash  (cost=5932.46..5932.46 rows=85547 width=4) (actual time=68.547..68.547 rows=84843 loops=1)
                                                  Buckets: 131072  Batches: 1  Memory Usage: 4007kB
                                                  ->  Seq Scan on company_name cn  (cost=0.00..5932.46 rows=85547 width=4) (actual time=0.007..52.454 rows=84843 loops=1)
                                                        Filter: ((country_code)::text = '[us]'::text)
                                                        Rows Removed by Filter: 150154
                                      ->  Hash  (cost=61280.89..61280.89 rows=2528289 width=21) (actual time=1361.563..1361.563 rows=2528312 loops=1)
                                            Buckets: 4194304  Batches: 1  Memory Usage: 168637kB
                                            ->  Seq Scan on title t  (cost=0.00..61280.89 rows=2528289 width=21) (actual time=0.028..513.562 rows=2528312 loops=1)
                    ->  Hash  (cost=97286.47..97286.47 rows=4167347 width=4) (actual time=1825.201..1825.201 rows=4167491 loops=1)
                          Buckets: 4194304  Batches: 1  Memory Usage: 179282kB
                          ->  Seq Scan on name n1  (cost=0.00..97286.47 rows=4167347 width=4) (actual time=0.039..707.328 rows=4167491 loops=1)
Planning time: 3.291 ms
Execution time: 10534.438 ms
