Aggregate  (cost=634057.02..634057.03 rows=1 width=64) (actual time=10532.206..10532.206 rows=1 loops=1)
  ->  Hash Join  (cost=588935.56..619107.90 rows=2989823 width=33) (actual time=8786.388..9597.989 rows=2487611 loops=1)
        Hash Cond: (a1.person_id = n1.id)
        ->  Seq Scan on aka_name a1  (cost=0.00..20409.43 rows=901343 width=20) (actual time=0.006..137.853 rows=901343 loops=1)
        ->  Hash  (cost=558558.12..558558.12 rows=2430195 width=25) (actual time=8775.251..8775.251 rows=1970658 loops=1)
              Buckets: 4194304  Batches: 1  Memory Usage: 145567kB
              ->  Hash Join  (cost=356023.99..558558.12 rows=2430195 width=25) (actual time=5196.911..8269.986 rows=1970658 loops=1)
                    Hash Cond: (ci.person_id = n1.id)
                    ->  Hash Join  (cost=206645.68..378498.61 rows=2430195 width=21) (actual time=3361.680..5831.866 rows=1970658 loops=1)
                          Hash Cond: (ci.movie_id = t.id)
                          ->  Nested Loop  (cost=0.56..149745.52 rows=2661881 width=8) (actual time=34.841..1220.338 rows=2728943 loops=1)
                                ->  Seq Scan on role_type rt  (cost=0.00..1.15 rows=1 width=4) (actual time=0.010..0.016 rows=1 loops=1)
                                      Filter: ((role)::text = 'writer'::text)
                                      Rows Removed by Filter: 11
                                ->  Index Scan using role_id_cast_info on cast_info ci  (cost=0.56..116788.44 rows=3295593 width=12) (actual time=34.824..776.229 rows=2728943 loops=1)
                                      Index Cond: (role_id = rt.id)
                          ->  Hash  (cost=192248.42..192248.42 rows=1151736 width=25) (actual time=3320.072..3320.072 rows=1153798 loops=1)
                                Buckets: 2097152  Batches: 1  Memory Usage: 84892kB
                                ->  Hash Join  (cost=99886.30..192248.42 rows=1151736 width=25) (actual time=1444.042..2917.717 rows=1153798 loops=1)
                                      Hash Cond: (mc.movie_id = t.id)
                                      ->  Hash Join  (cost=7001.80..84823.25 rows=1151736 width=4) (actual time=69.201..994.568 rows=1153798 loops=1)
                                            Hash Cond: (mc.company_id = cn.id)
                                            ->  Seq Scan on movie_companies mc  (cost=0.00..44881.29 rows=2609129 width=8) (actual time=0.010..316.078 rows=2609129 loops=1)
                                            ->  Hash  (cost=5932.46..5932.46 rows=85547 width=4) (actual time=68.618..68.618 rows=84843 loops=1)
                                                  Buckets: 131072  Batches: 1  Memory Usage: 4007kB
                                                  ->  Seq Scan on company_name cn  (cost=0.00..5932.46 rows=85547 width=4) (actual time=0.009..52.438 rows=84843 loops=1)
                                                        Filter: ((country_code)::text = '[us]'::text)
                                                        Rows Removed by Filter: 150154
                                      ->  Hash  (cost=61280.89..61280.89 rows=2528289 width=21) (actual time=1361.049..1361.049 rows=2528312 loops=1)
                                            Buckets: 4194304  Batches: 1  Memory Usage: 168637kB
                                            ->  Seq Scan on title t  (cost=0.00..61280.89 rows=2528289 width=21) (actual time=0.030..514.391 rows=2528312 loops=1)
                    ->  Hash  (cost=97286.47..97286.47 rows=4167347 width=4) (actual time=1822.719..1822.719 rows=4167491 loops=1)
                          Buckets: 4194304  Batches: 1  Memory Usage: 179282kB
                          ->  Seq Scan on name n1  (cost=0.00..97286.47 rows=4167347 width=4) (actual time=0.038..704.550 rows=4167491 loops=1)
Planning time: 2.993 ms
Execution time: 10535.559 ms
