Aggregate  (cost=642752.09..642752.10 rows=1 width=64) (actual time=10366.542..10366.542 rows=1 loops=1)
  ->  Hash Join  (cost=572591.77..629524.52 rows=2645514 width=33) (actual time=7757.060..9434.076 rows=2487611 loops=1)
        Hash Cond: (ci.movie_id = t.id)
        ->  Hash Join  (cost=366033.61..397838.93 rows=3035489 width=20) (actual time=4525.496..5292.854 rows=2343724 loops=1)
              Hash Cond: (a1.person_id = n1.id)
              ->  Seq Scan on aka_name a1  (cost=0.00..20409.43 rows=901343 width=20) (actual time=0.008..86.711 rows=901343 loops=1)
              ->  Hash  (cost=332730.07..332730.07 rows=2664283 width=12) (actual time=4512.280..4512.280 rows=2728943 loops=1)
                    Buckets: 4194304  Batches: 1  Memory Usage: 150028kB
                    ->  Hash Join  (cost=149378.87..332730.07 rows=2664283 width=12) (actual time=1891.409..3855.874 rows=2728943 loops=1)
                          Hash Cond: (ci.person_id = n1.id)
                          ->  Nested Loop  (cost=0.56..149745.52 rows=2661881 width=8) (actual time=0.085..1089.867 rows=2728943 loops=1)
                                ->  Seq Scan on role_type rt  (cost=0.00..1.15 rows=1 width=4) (actual time=0.017..0.023 rows=1 loops=1)
                                      Filter: ((role)::text = 'writer'::text)
                                      Rows Removed by Filter: 11
                                ->  Index Scan using role_id_cast_info on cast_info ci  (cost=0.56..116788.44 rows=3295593 width=12) (actual time=0.063..656.182 rows=2728943 loops=1)
                                      Index Cond: (role_id = rt.id)
                          ->  Hash  (cost=97286.47..97286.47 rows=4167347 width=4) (actual time=1878.240..1878.240 rows=4167491 loops=1)
                                Buckets: 4194304  Batches: 1  Memory Usage: 179282kB
                                ->  Seq Scan on name n1  (cost=0.00..97286.47 rows=4167347 width=4) (actual time=0.029..705.324 rows=4167491 loops=1)
        ->  Hash  (cost=192248.42..192248.42 rows=1144780 width=25) (actual time=3225.780..3225.780 rows=1153798 loops=1)
              Buckets: 2097152  Batches: 1  Memory Usage: 84892kB
              ->  Hash Join  (cost=99886.30..192248.42 rows=1144780 width=25) (actual time=1384.276..2855.206 rows=1153798 loops=1)
                    Hash Cond: (mc.movie_id = t.id)
                    ->  Hash Join  (cost=7001.80..84823.25 rows=1151736 width=4) (actual time=69.172..1009.963 rows=1153798 loops=1)
                          Hash Cond: (mc.company_id = cn.id)
                          ->  Seq Scan on movie_companies mc  (cost=0.00..44881.29 rows=2609129 width=8) (actual time=0.012..342.161 rows=2609129 loops=1)
                          ->  Hash  (cost=5932.46..5932.46 rows=85547 width=4) (actual time=68.858..68.858 rows=84843 loops=1)
                                Buckets: 131072  Batches: 1  Memory Usage: 4007kB
                                ->  Seq Scan on company_name cn  (cost=0.00..5932.46 rows=85547 width=4) (actual time=0.009..52.334 rows=84843 loops=1)
                                      Filter: ((country_code)::text = '[us]'::text)
                                      Rows Removed by Filter: 150154
                    ->  Hash  (cost=61280.89..61280.89 rows=2528289 width=21) (actual time=1303.627..1303.627 rows=2528312 loops=1)
                          Buckets: 4194304  Batches: 1  Memory Usage: 168637kB
                          ->  Seq Scan on title t  (cost=0.00..61280.89 rows=2528289 width=21) (actual time=0.029..535.780 rows=2528312 loops=1)
Planning time: 2.974 ms
Execution time: 10369.875 ms
