Aggregate  (cost=642752.09..642752.10 rows=1 width=64) (actual time=10310.631..10310.631 rows=1 loops=1)
  ->  Hash Join  (cost=572591.77..629524.52 rows=2645514 width=33) (actual time=7699.441..9377.987 rows=2487611 loops=1)
        Hash Cond: (ci.movie_id = t.id)
        ->  Hash Join  (cost=366033.61..397838.93 rows=3035489 width=20) (actual time=4488.740..5257.219 rows=2343724 loops=1)
              Hash Cond: (a1.person_id = n1.id)
              ->  Seq Scan on aka_name a1  (cost=0.00..20409.43 rows=901343 width=20) (actual time=0.007..86.674 rows=901343 loops=1)
              ->  Hash  (cost=332730.07..332730.07 rows=2664283 width=12) (actual time=4475.713..4475.713 rows=2728943 loops=1)
                    Buckets: 4194304  Batches: 1  Memory Usage: 150028kB
                    ->  Hash Join  (cost=149378.87..332730.07 rows=2664283 width=12) (actual time=1898.306..3827.958 rows=2728943 loops=1)
                          Hash Cond: (ci.person_id = n1.id)
                          ->  Nested Loop  (cost=0.56..149745.52 rows=2661881 width=8) (actual time=0.048..1060.955 rows=2728943 loops=1)
                                ->  Seq Scan on role_type rt  (cost=0.00..1.15 rows=1 width=4) (actual time=0.016..0.022 rows=1 loops=1)
                                      Filter: ((role)::text = 'writer'::text)
                                      Rows Removed by Filter: 11
                                ->  Index Scan using role_id_cast_info on cast_info ci  (cost=0.56..116788.44 rows=3295593 width=12) (actual time=0.027..627.876 rows=2728943 loops=1)
                                      Index Cond: (role_id = rt.id)
                          ->  Hash  (cost=97286.47..97286.47 rows=4167347 width=4) (actual time=1884.987..1884.987 rows=4167491 loops=1)
                                Buckets: 4194304  Batches: 1  Memory Usage: 179282kB
                                ->  Seq Scan on name n1  (cost=0.00..97286.47 rows=4167347 width=4) (actual time=0.049..707.494 rows=4167491 loops=1)
        ->  Hash  (cost=192248.42..192248.42 rows=1144780 width=25) (actual time=3204.945..3204.945 rows=1153798 loops=1)
              Buckets: 2097152  Batches: 1  Memory Usage: 84892kB
              ->  Hash Join  (cost=99886.30..192248.42 rows=1144780 width=25) (actual time=1381.417..2834.606 rows=1153798 loops=1)
                    Hash Cond: (mc.movie_id = t.id)
                    ->  Hash Join  (cost=7001.80..84823.25 rows=1151736 width=4) (actual time=65.339..1010.784 rows=1153798 loops=1)
                          Hash Cond: (mc.company_id = cn.id)
                          ->  Seq Scan on movie_companies mc  (cost=0.00..44881.29 rows=2609129 width=8) (actual time=0.013..346.364 rows=2609129 loops=1)
                          ->  Hash  (cost=5932.46..5932.46 rows=85547 width=4) (actual time=65.165..65.165 rows=84843 loops=1)
                                Buckets: 131072  Batches: 1  Memory Usage: 4007kB
                                ->  Seq Scan on company_name cn  (cost=0.00..5932.46 rows=85547 width=4) (actual time=0.008..49.563 rows=84843 loops=1)
                                      Filter: ((country_code)::text = '[us]'::text)
                                      Rows Removed by Filter: 150154
                    ->  Hash  (cost=61280.89..61280.89 rows=2528289 width=21) (actual time=1304.837..1304.837 rows=2528312 loops=1)
                          Buckets: 4194304  Batches: 1  Memory Usage: 168637kB
                          ->  Seq Scan on title t  (cost=0.00..61280.89 rows=2528289 width=21) (actual time=0.034..549.504 rows=2528312 loops=1)
Planning time: 3.324 ms
Execution time: 10314.030 ms
