Aggregate  (cost=627868.61..627868.62 rows=1 width=64) (actual time=10370.397..10370.397 rows=1 loops=1)
  ->  Hash Join  (cost=582803.24..614641.05 rows=2645514 width=33) (actual time=8601.048..9414.941 rows=2487611 loops=1)
        Hash Cond: (a1.person_id = n1.id)
        ->  Seq Scan on aka_name a1  (cost=0.00..20409.43 rows=901343 width=20) (actual time=0.008..83.705 rows=901343 loops=1)
        ->  Hash  (cost=549312.00..549312.00 rows=2679299 width=25) (actual time=8589.848..8589.848 rows=1970658 loops=1)
              Buckets: 4194304  Batches: 1  Memory Usage: 145567kB
              ->  Hash Join  (cost=355937.04..549312.00 rows=2679299 width=25) (actual time=5135.243..8090.572 rows=1970658 loops=1)
                    Hash Cond: (ci.person_id = n1.id)
                    ->  Hash Join  (cost=206558.73..378338.43 rows=1710516 width=21) (actual time=3309.472..5666.134 rows=1970658 loops=1)
                          Hash Cond: (ci.movie_id = t.id)
                          ->  Nested Loop  (cost=0.56..149745.52 rows=2661881 width=8) (actual time=0.043..1087.998 rows=2728943 loops=1)
                                ->  Seq Scan on role_type rt  (cost=0.00..1.15 rows=1 width=4) (actual time=0.011..0.017 rows=1 loops=1)
                                      Filter: ((role)::text = 'writer'::text)
                                      Rows Removed by Filter: 11
                                ->  Index Scan using role_id_cast_info on cast_info ci  (cost=0.56..116788.44 rows=3295593 width=12) (actual time=0.026..646.397 rows=2728943 loops=1)
                                      Index Cond: (role_id = rt.id)
                          ->  Hash  (cost=192248.42..192248.42 rows=1144780 width=25) (actual time=3302.733..3302.733 rows=1153798 loops=1)
                                Buckets: 2097152  Batches: 1  Memory Usage: 84892kB
                                ->  Hash Join  (cost=99886.30..192248.42 rows=1144780 width=25) (actual time=1443.153..2903.213 rows=1153798 loops=1)
                                      Hash Cond: (mc.movie_id = t.id)
                                      ->  Hash Join  (cost=7001.80..84823.25 rows=1151736 width=4) (actual time=65.493..981.590 rows=1153798 loops=1)
                                            Hash Cond: (mc.company_id = cn.id)
                                            ->  Seq Scan on movie_companies mc  (cost=0.00..44881.29 rows=2609129 width=8) (actual time=0.009..314.535 rows=2609129 loops=1)
                                            ->  Hash  (cost=5932.46..5932.46 rows=85547 width=4) (actual time=64.912..64.912 rows=84843 loops=1)
                                                  Buckets: 131072  Batches: 1  Memory Usage: 4007kB
                                                  ->  Seq Scan on company_name cn  (cost=0.00..5932.46 rows=85547 width=4) (actual time=0.007..49.312 rows=84843 loops=1)
                                                        Filter: ((country_code)::text = '[us]'::text)
                                                        Rows Removed by Filter: 150154
                                      ->  Hash  (cost=61280.89..61280.89 rows=2528289 width=21) (actual time=1364.119..1364.119 rows=2528312 loops=1)
                                            Buckets: 4194304  Batches: 1  Memory Usage: 168637kB
                                            ->  Seq Scan on title t  (cost=0.00..61280.89 rows=2528289 width=21) (actual time=0.039..514.233 rows=2528312 loops=1)
                    ->  Hash  (cost=97286.47..97286.47 rows=4167347 width=4) (actual time=1813.401..1813.401 rows=4167491 loops=1)
                          Buckets: 4194304  Batches: 1  Memory Usage: 179282kB
                          ->  Seq Scan on name n1  (cost=0.00..97286.47 rows=4167347 width=4) (actual time=0.047..700.794 rows=4167491 loops=1)
Planning time: 3.332 ms
Execution time: 10373.909 ms
