Aggregate  (cost=588989.70..588989.71 rows=1 width=64) (actual time=4915.716..4915.716 rows=1 loops=1)
  ->  Hash Join  (cost=543868.24..574040.59 rows=2989823 width=33) (actual time=4443.069..4792.251 rows=323005 loops=1)
        Hash Cond: (an1.person_id = n1.id)
        ->  Seq Scan on aka_name an1  (cost=0.00..20409.43 rows=901343 width=20) (actual time=0.007..79.809 rows=901343 loops=1)
        ->  Hash  (cost=513490.81..513490.81 rows=2430195 width=25) (actual time=4431.864..4431.864 rows=285538 loops=1)
              Buckets: 4194304  Batches: 1  Memory Usage: 48720kB
              ->  Hash Join  (cost=206646.11..513490.81 rows=2430195 width=25) (actual time=3465.850..4352.456 rows=285538 loops=1)
                    Hash Cond: (ci.movie_id = t.id)
                    ->  Nested Loop  (cost=0.99..281748.66 rows=3021774 width=12) (actual time=25.019..750.061 rows=276403 loops=1)
                          ->  Nested Loop  (cost=0.56..149745.52 rows=293883 width=8) (actual time=17.242..148.838 rows=276403 loops=1)
                                ->  Seq Scan on role_type rt  (cost=0.00..1.15 rows=1 width=4) (actual time=0.018..0.022 rows=1 loops=1)
                                      Filter: ((role)::text = 'costume designer'::text)
                                      Rows Removed by Filter: 11
                                ->  Index Scan using role_id_cast_info on cast_info ci  (cost=0.56..116788.44 rows=3295593 width=12) (actual time=17.218..105.538 rows=276403 loops=1)
                                      Index Cond: (role_id = rt.id)
                          ->  Index Only Scan using name_pkey on name n1  (cost=0.43..0.45 rows=1 width=4) (actual time=0.002..0.002 rows=1 loops=276403)
                                Index Cond: (id = ci.person_id)
                                Heap Fetches: 0
                    ->  Hash  (cost=192248.42..192248.42 rows=1151736 width=25) (actual time=3430.551..3430.551 rows=1153798 loops=1)
                          Buckets: 2097152  Batches: 1  Memory Usage: 84892kB
                          ->  Hash Join  (cost=99886.30..192248.42 rows=1151736 width=25) (actual time=1473.104..3036.558 rows=1153798 loops=1)
                                Hash Cond: (mc.movie_id = t.id)
                                ->  Hash Join  (cost=7001.80..84823.25 rows=1151736 width=4) (actual time=73.531..1045.448 rows=1153798 loops=1)
                                      Hash Cond: (mc.company_id = cn.id)
                                      ->  Seq Scan on movie_companies mc  (cost=0.00..44881.29 rows=2609129 width=8) (actual time=0.012..345.190 rows=2609129 loops=1)
                                      ->  Hash  (cost=5932.46..5932.46 rows=85547 width=4) (actual time=73.347..73.347 rows=84843 loops=1)
                                            Buckets: 131072  Batches: 1  Memory Usage: 4007kB
                                            ->  Seq Scan on company_name cn  (cost=0.00..5932.46 rows=85547 width=4) (actual time=0.009..55.717 rows=84843 loops=1)
                                                  Filter: ((country_code)::text = '[us]'::text)
                                                  Rows Removed by Filter: 150154
                                ->  Hash  (cost=61280.89..61280.89 rows=2528289 width=21) (actual time=1386.485..1386.485 rows=2528312 loops=1)
                                      Buckets: 4194304  Batches: 1  Memory Usage: 168637kB
                                      ->  Seq Scan on title t  (cost=0.00..61280.89 rows=2528289 width=21) (actual time=0.040..533.123 rows=2528312 loops=1)
Planning time: 3.008 ms
Execution time: 4917.673 ms
