Aggregate  (cost=588989.70..588989.71 rows=1 width=64) (actual time=4746.443..4746.443 rows=1 loops=1)
  ->  Hash Join  (cost=543868.24..574040.59 rows=2989823 width=33) (actual time=4278.469..4624.066 rows=323005 loops=1)
        Hash Cond: (an1.person_id = n1.id)
        ->  Seq Scan on aka_name an1  (cost=0.00..20409.43 rows=901343 width=20) (actual time=0.006..79.125 rows=901343 loops=1)
        ->  Hash  (cost=513490.81..513490.81 rows=2430195 width=25) (actual time=4267.271..4267.271 rows=285538 loops=1)
              Buckets: 4194304  Batches: 1  Memory Usage: 48720kB
              ->  Hash Join  (cost=206646.11..513490.81 rows=2430195 width=25) (actual time=3331.813..4190.799 rows=285538 loops=1)
                    Hash Cond: (ci.movie_id = t.id)
                    ->  Nested Loop  (cost=0.99..281748.66 rows=3021774 width=12) (actual time=0.075..696.646 rows=276403 loops=1)
                          ->  Nested Loop  (cost=0.56..149745.52 rows=293883 width=8) (actual time=0.059..141.410 rows=276403 loops=1)
                                ->  Seq Scan on role_type rt  (cost=0.00..1.15 rows=1 width=4) (actual time=0.022..0.029 rows=1 loops=1)
                                      Filter: ((role)::text = 'costume designer'::text)
                                      Rows Removed by Filter: 11
                                ->  Index Scan using role_id_cast_info on cast_info ci  (cost=0.56..116788.44 rows=3295593 width=12) (actual time=0.033..98.313 rows=276403 loops=1)
                                      Index Cond: (role_id = rt.id)
                          ->  Index Only Scan using name_pkey on name n1  (cost=0.43..0.45 rows=1 width=4) (actual time=0.002..0.002 rows=1 loops=276403)
                                Index Cond: (id = ci.person_id)
                                Heap Fetches: 0
                    ->  Hash  (cost=192248.42..192248.42 rows=1151736 width=25) (actual time=3325.788..3325.788 rows=1153798 loops=1)
                          Buckets: 2097152  Batches: 1  Memory Usage: 84892kB
                          ->  Hash Join  (cost=99886.30..192248.42 rows=1151736 width=25) (actual time=1433.006..2944.649 rows=1153798 loops=1)
                                Hash Cond: (mc.movie_id = t.id)
                                ->  Hash Join  (cost=7001.80..84823.25 rows=1151736 width=4) (actual time=65.757..1002.328 rows=1153798 loops=1)
                                      Hash Cond: (mc.company_id = cn.id)
                                      ->  Seq Scan on movie_companies mc  (cost=0.00..44881.29 rows=2609129 width=8) (actual time=0.012..331.166 rows=2609129 loops=1)
                                      ->  Hash  (cost=5932.46..5932.46 rows=85547 width=4) (actual time=65.576..65.576 rows=84843 loops=1)
                                            Buckets: 131072  Batches: 1  Memory Usage: 4007kB
                                            ->  Seq Scan on company_name cn  (cost=0.00..5932.46 rows=85547 width=4) (actual time=0.009..49.996 rows=84843 loops=1)
                                                  Filter: ((country_code)::text = '[us]'::text)
                                                  Rows Removed by Filter: 150154
                                ->  Hash  (cost=61280.89..61280.89 rows=2528289 width=21) (actual time=1354.140..1354.140 rows=2528312 loops=1)
                                      Buckets: 4194304  Batches: 1  Memory Usage: 168637kB
                                      ->  Seq Scan on title t  (cost=0.00..61280.89 rows=2528289 width=21) (actual time=0.036..512.264 rows=2528312 loops=1)
Planning time: 3.332 ms
Execution time: 4748.422 ms
