Aggregate  (cost=555020.21..555020.22 rows=1 width=64) (actual time=4540.985..4540.985 rows=1 loops=1)
  ->  Hash Join  (cost=492201.80..541792.64 rows=2645514 width=33) (actual time=3993.602..4415.040 rows=323005 loops=1)
        Hash Cond: (ci.movie_id = t.id)
        ->  Hash Join  (cost=285643.63..310107.05 rows=3035489 width=20) (actual time=748.114..1059.150 rows=218966 loops=1)
              Hash Cond: (an1.person_id = n1.id)
              ->  Seq Scan on aka_name an1  (cost=0.00..20409.43 rows=901343 width=20) (actual time=0.013..81.432 rows=901343 loops=1)
              ->  Hash  (cost=281748.66..281748.66 rows=311598 width=12) (actual time=746.278..746.278 rows=276403 loops=1)
                    Buckets: 524288  Batches: 1  Memory Usage: 15973kB
                    ->  Nested Loop  (cost=0.99..281748.66 rows=311598 width=12) (actual time=0.067..672.720 rows=276403 loops=1)
                          ->  Nested Loop  (cost=0.56..149745.52 rows=293883 width=8) (actual time=0.047..128.185 rows=276403 loops=1)
                                ->  Seq Scan on role_type rt  (cost=0.00..1.15 rows=1 width=4) (actual time=0.010..0.019 rows=1 loops=1)
                                      Filter: ((role)::text = 'costume designer'::text)
                                      Rows Removed by Filter: 11
                                ->  Index Scan using role_id_cast_info on cast_info ci  (cost=0.56..116788.44 rows=3295593 width=12) (actual time=0.033..83.344 rows=276403 loops=1)
                                      Index Cond: (role_id = rt.id)
                          ->  Index Only Scan using name_pkey on name n1  (cost=0.43..0.45 rows=1 width=4) (actual time=0.002..0.002 rows=1 loops=276403)
                                Index Cond: (id = ci.person_id)
                                Heap Fetches: 0
        ->  Hash  (cost=192248.42..192248.42 rows=1144780 width=25) (actual time=3239.672..3239.672 rows=1153798 loops=1)
              Buckets: 2097152  Batches: 1  Memory Usage: 84892kB
              ->  Hash Join  (cost=99886.30..192248.42 rows=1144780 width=25) (actual time=1393.400..2863.739 rows=1153798 loops=1)
                    Hash Cond: (mc.movie_id = t.id)
                    ->  Hash Join  (cost=7001.80..84823.25 rows=1151736 width=4) (actual time=65.898..1024.785 rows=1153798 loops=1)
                          Hash Cond: (mc.company_id = cn.id)
                          ->  Seq Scan on movie_companies mc  (cost=0.00..44881.29 rows=2609129 width=8) (actual time=0.013..355.456 rows=2609129 loops=1)
                          ->  Hash  (cost=5932.46..5932.46 rows=85547 width=4) (actual time=65.722..65.722 rows=84843 loops=1)
                                Buckets: 131072  Batches: 1  Memory Usage: 4007kB
                                ->  Seq Scan on company_name cn  (cost=0.00..5932.46 rows=85547 width=4) (actual time=0.010..49.951 rows=84843 loops=1)
                                      Filter: ((country_code)::text = '[us]'::text)
                                      Rows Removed by Filter: 150154
                    ->  Hash  (cost=61280.89..61280.89 rows=2528289 width=21) (actual time=1316.119..1316.119 rows=2528312 loops=1)
                          Buckets: 4194304  Batches: 1  Memory Usage: 168637kB
                          ->  Seq Scan on title t  (cost=0.00..61280.89 rows=2528289 width=21) (actual time=0.047..552.036 rows=2528312 loops=1)
Planning time: 3.374 ms
Execution time: 4542.516 ms
