Aggregate  (cost=531833.45..531833.46 rows=1 width=64) (actual time=4490.817..4490.817 rows=1 loops=1)
  ->  Hash Join  (cost=492201.80..518605.88 rows=2645514 width=33) (actual time=3956.853..4368.781 rows=323005 loops=1)
        Hash Cond: (ci.movie_id = t.id)
        ->  Hash Join  (cost=285643.63..310107.05 rows=234440 width=20) (actual time=741.190..1045.281 rows=218966 loops=1)
              Hash Cond: (an1.person_id = n1.id)
              ->  Seq Scan on aka_name an1  (cost=0.00..20409.43 rows=901343 width=20) (actual time=0.008..79.205 rows=901343 loops=1)
              ->  Hash  (cost=281748.66..281748.66 rows=311598 width=12) (actual time=739.357..739.357 rows=276403 loops=1)
                    Buckets: 524288  Batches: 1  Memory Usage: 15973kB
                    ->  Nested Loop  (cost=0.99..281748.66 rows=311598 width=12) (actual time=0.063..666.920 rows=276403 loops=1)
                          ->  Nested Loop  (cost=0.56..149745.52 rows=293883 width=8) (actual time=0.044..125.718 rows=276403 loops=1)
                                ->  Seq Scan on role_type rt  (cost=0.00..1.15 rows=1 width=4) (actual time=0.008..0.017 rows=1 loops=1)
                                      Filter: ((role)::text = 'costume designer'::text)
                                      Rows Removed by Filter: 11
                                ->  Index Scan using role_id_cast_info on cast_info ci  (cost=0.56..116788.44 rows=3295593 width=12) (actual time=0.031..82.077 rows=276403 loops=1)
                                      Index Cond: (role_id = rt.id)
                          ->  Index Only Scan using name_pkey on name n1  (cost=0.43..0.45 rows=1 width=4) (actual time=0.002..0.002 rows=1 loops=276403)
                                Index Cond: (id = ci.person_id)
                                Heap Fetches: 0
        ->  Hash  (cost=192248.42..192248.42 rows=1144780 width=25) (actual time=3209.880..3209.880 rows=1153798 loops=1)
              Buckets: 2097152  Batches: 1  Memory Usage: 84892kB
              ->  Hash Join  (cost=99886.30..192248.42 rows=1144780 width=25) (actual time=1384.348..2838.561 rows=1153798 loops=1)
                    Hash Cond: (mc.movie_id = t.id)
                    ->  Hash Join  (cost=7001.80..84823.25 rows=1151736 width=4) (actual time=65.600..1013.444 rows=1153798 loops=1)
                          Hash Cond: (mc.company_id = cn.id)
                          ->  Seq Scan on movie_companies mc  (cost=0.00..44881.29 rows=2609129 width=8) (actual time=0.012..348.872 rows=2609129 loops=1)
                          ->  Hash  (cost=5932.46..5932.46 rows=85547 width=4) (actual time=65.424..65.424 rows=84843 loops=1)
                                Buckets: 131072  Batches: 1  Memory Usage: 4007kB
                                ->  Seq Scan on company_name cn  (cost=0.00..5932.46 rows=85547 width=4) (actual time=0.008..49.694 rows=84843 loops=1)
                                      Filter: ((country_code)::text = '[us]'::text)
                                      Rows Removed by Filter: 150154
                    ->  Hash  (cost=61280.89..61280.89 rows=2528289 width=21) (actual time=1307.872..1307.872 rows=2528312 loops=1)
                          Buckets: 4194304  Batches: 1  Memory Usage: 168637kB
                          ->  Seq Scan on title t  (cost=0.00..61280.89 rows=2528289 width=21) (actual time=0.050..547.707 rows=2528312 loops=1)
Planning time: 3.014 ms
Execution time: 4492.287 ms
