Aggregate  (cost=119568.72..119568.73 rows=1 width=96) (actual time=1012.763..1012.763 rows=1 loops=1)
  ->  Nested Loop  (cost=2.70..119568.72 rows=1 width=49) (actual time=421.842..1012.607 rows=121 loops=1)
        ->  Nested Loop  (cost=2.27..119568.05 rows=1 width=40) (actual time=417.613..1011.265 rows=341 loops=1)
              ->  Nested Loop  (cost=1.85..119567.56 rows=1 width=44) (actual time=417.600..1009.958 rows=348 loops=1)
                    ->  Nested Loop  (cost=1.42..119566.88 rows=1 width=32) (actual time=417.587..1008.751 rows=373 loops=1)
                          ->  Nested Loop  (cost=0.99..119564.18 rows=4 width=24) (actual time=416.820..1005.747 rows=425 loops=1)
                                Join Filter: (ci.role_id = rt.id)
                                ->  Seq Scan on role_type rt  (cost=0.00..1.15 rows=1 width=4) (actual time=0.006..0.011 rows=1 loops=1)
                                      Filter: ((role)::text = 'actress'::text)
                                      Rows Removed by Filter: 11
                                ->  Nested Loop  (cost=0.99..119562.48 rows=44 width=28) (actual time=416.811..1005.635 rows=425 loops=1)
                                      Join Filter: (n.id = ci.person_id)
                                      ->  Nested Loop  (cost=0.42..119300.33 rows=19 width=24) (actual time=407.838..979.418 rows=1558 loops=1)
                                            ->  Seq Scan on name n  (cost=0.00..118123.20 rows=95 width=4) (actual time=406.804..955.225 rows=6768 loops=1)
                                                  Filter: ((name ~~ '%Ang%'::text) AND ((gender)::text = 'f'::text))
                                                  Rows Removed by Filter: 4160723
                                            ->  Index Scan using person_id_aka_name on aka_name an  (cost=0.42..12.37 rows=2 width=20) (actual time=0.003..0.003 rows=0 loops=6768)
                                                  Index Cond: (person_id = n.id)
                                      ->  Index Scan using person_id_cast_info on cast_info ci  (cost=0.56..13.65 rows=12 width=16) (actual time=0.015..0.016 rows=0 loops=1558)
                                            Index Cond: (person_id = an.person_id)
                                            Filter: (note = ANY ('{(voice),"(voice: Japanese version)","(voice) (uncredited)","(voice: English version)"}'::text[]))
                                            Rows Removed by Filter: 44
                          ->  Index Scan using movie_id_movie_companies on movie_companies mc  (cost=0.43..0.67 rows=1 width=8) (actual time=0.005..0.007 rows=1 loops=425)
                                Index Cond: (movie_id = ci.movie_id)
                                Filter: ((note IS NOT NULL) AND ((note ~~ '%(USA)%'::text) OR (note ~~ '%(worldwide)%'::text)))
                                Rows Removed by Filter: 4
                    ->  Index Scan using char_name_pkey on char_name chn  (cost=0.43..0.67 rows=1 width=20) (actual time=0.003..0.003 rows=1 loops=373)
                          Index Cond: (id = ci.person_role_id)
              ->  Index Scan using company_name_pkey on company_name cn  (cost=0.42..0.49 rows=1 width=4) (actual time=0.003..0.003 rows=1 loops=348)
                    Index Cond: (id = mc.company_id)
                    Filter: ((country_code)::text = '[us]'::text)
                    Rows Removed by Filter: 0
        ->  Index Scan using title_pkey on title t  (cost=0.43..0.67 rows=1 width=21) (actual time=0.003..0.003 rows=0 loops=341)
              Index Cond: (id = ci.movie_id)
              Filter: ((production_year >= 2005) AND (production_year <= 2015))
              Rows Removed by Filter: 1
Planning time: 5.813 ms
Execution time: 1012.871 ms
