Aggregate  (cost=119543.50..119543.51 rows=1 width=128) (actual time=984.919..984.919 rows=1 loops=1)
  ->  Nested Loop  (cost=2.70..119543.49 rows=1 width=64) (actual time=423.653..984.842 rows=40 loops=1)
        ->  Nested Loop  (cost=2.28..119542.88 rows=1 width=68) (actual time=423.639..984.653 rows=40 loops=1)
              ->  Nested Loop  (cost=1.85..119542.17 rows=1 width=72) (actual time=423.611..984.120 rows=60 loops=1)
                    ->  Nested Loop  (cost=1.42..119541.44 rows=1 width=60) (actual time=412.586..983.878 rows=65 loops=1)
                          ->  Nested Loop  (cost=0.99..119539.30 rows=3 width=39) (actual time=411.370..982.640 rows=265 loops=1)
                                Join Filter: (ci.role_id = rt.id)
                                ->  Seq Scan on role_type rt  (cost=0.00..1.15 rows=1 width=4) (actual time=0.007..0.011 rows=1 loops=1)
                                      Filter: ((role)::text = 'actress'::text)
                                      Rows Removed by Filter: 11
                                ->  Nested Loop  (cost=0.99..119537.69 rows=37 width=43) (actual time=411.361..982.565 rows=265 loops=1)
                                      Join Filter: (n.id = ci.person_id)
                                      ->  Nested Loop  (cost=0.42..119300.33 rows=19 width=39) (actual time=403.075..964.082 rows=1296 loops=1)
                                            ->  Seq Scan on name n  (cost=0.00..118123.20 rows=95 width=19) (actual time=402.063..943.820 rows=5409 loops=1)
                                                  Filter: ((name ~~ '%Angel%'::text) AND ((gender)::text = 'f'::text))
                                                  Rows Removed by Filter: 4162082
                                            ->  Index Scan using person_id_aka_name on aka_name an  (cost=0.42..12.37 rows=2 width=20) (actual time=0.003..0.003 rows=0 loops=5409)
                                                  Index Cond: (person_id = n.id)
                                      ->  Index Scan using person_id_cast_info on cast_info ci  (cost=0.56..12.37 rows=10 width=16) (actual time=0.013..0.014 rows=0 loops=1296)
                                            Index Cond: (person_id = an.person_id)
                                            Filter: (note = '(voice)'::text)
                                            Rows Removed by Filter: 43
                          ->  Index Scan using title_pkey on title t  (cost=0.43..0.71 rows=1 width=21) (actual time=0.004..0.004 rows=0 loops=265)
                                Index Cond: (id = ci.movie_id)
                                Filter: ((production_year >= 2007) AND (production_year <= 2010))
                                Rows Removed by Filter: 1
                    ->  Index Scan using char_name_pkey on char_name chn  (cost=0.43..0.73 rows=1 width=20) (actual time=0.003..0.003 rows=1 loops=65)
                          Index Cond: (id = ci.person_role_id)
              ->  Index Scan using movie_id_movie_companies on movie_companies mc  (cost=0.43..0.71 rows=1 width=8) (actual time=0.006..0.008 rows=1 loops=60)
                    Index Cond: (movie_id = ci.movie_id)
                    Filter: ((note ~~ '%(200%)%'::text) AND ((note ~~ '%(USA)%'::text) OR (note ~~ '%(worldwide)%'::text)))
                    Rows Removed by Filter: 7
        ->  Index Scan using company_name_pkey on company_name cn  (cost=0.42..0.60 rows=1 width=4) (actual time=0.004..0.004 rows=1 loops=40)
              Index Cond: (id = mc.company_id)
              Filter: ((country_code)::text = '[us]'::text)
Planning time: 5.766 ms
Execution time: 985.037 ms
