Aggregate  (cost=297463.42..297463.43 rows=1 width=128) (actual time=7327.120..7327.120 rows=1 loops=1)
  ->  Nested Loop  (cost=126636.22..297287.55 rows=17587 width=64) (actual time=1076.800..6927.594 rows=483082 loops=1)
        ->  Nested Loop  (cost=126635.79..289621.15 rows=14246 width=56) (actual time=1076.769..6310.258 rows=173567 loops=1)
              ->  Nested Loop  (cost=126635.36..281884.79 rows=11498 width=44) (actual time=1076.744..5637.918 rows=189464 loops=1)
                    Join Filter: (ci.movie_id = t.id)
                    ->  Hash Join  (cost=126634.93..275802.65 rows=11498 width=35) (actual time=1076.714..4823.348 rows=189464 loops=1)
                          Hash Cond: (mc.company_id = cn.id)
                          ->  Nested Loop  (cost=119633.13..268402.09 rows=31585 width=39) (actual time=1005.792..4588.501 rows=473712 loops=1)
                                ->  Hash Join  (cost=119632.70..256148.97 rows=17753 width=31) (actual time=1005.750..3341.694 rows=276005 loops=1)
                                      Hash Cond: (ci.person_id = n.id)
                                      ->  Nested Loop  (cost=0.56..134036.53 rows=196460 width=12) (actual time=0.245..2219.312 rows=276166 loops=1)
                                            ->  Seq Scan on role_type rt  (cost=0.00..1.15 rows=1 width=4) (actual time=0.006..0.011 rows=1 loops=1)
                                                  Filter: ((role)::text = 'actress'::text)
                                                  Rows Removed by Filter: 11
                                            ->  Index Scan using role_id_cast_info on cast_info ci  (cost=0.56..133266.41 rows=76897 width=16) (actual time=0.233..2171.076 rows=276166 loops=1)
                                                  Index Cond: (role_id = rt.id)
                                                  Filter: (note = ANY ('{(voice),"(voice: Japanese version)","(voice) (uncredited)","(voice: English version)"}'::text[]))
                                                  Rows Removed by Filter: 7175807
                                      ->  Hash  (cost=107704.84..107704.84 rows=954184 width=19) (actual time=1002.342..1002.342 rows=961555 loops=1)
                                            Buckets: 1048576  Batches: 1  Memory Usage: 58170kB
                                            ->  Seq Scan on name n  (cost=0.00..107704.84 rows=954184 width=19) (actual time=302.743..737.818 rows=961555 loops=1)
                                                  Filter: ((gender)::text = 'f'::text)
                                                  Rows Removed by Filter: 3205936
                                ->  Index Scan using movie_id_movie_companies on movie_companies mc  (cost=0.43..0.64 rows=5 width=8) (actual time=0.003..0.004 rows=2 loops=276005)
                                      Index Cond: (movie_id = ci.movie_id)
                          ->  Hash  (cost=5932.46..5932.46 rows=85547 width=4) (actual time=70.002..70.002 rows=84843 loops=1)
                                Buckets: 131072  Batches: 1  Memory Usage: 4007kB
                                ->  Seq Scan on company_name cn  (cost=0.00..5932.46 rows=85547 width=4) (actual time=0.015..53.522 rows=84843 loops=1)
                                      Filter: ((country_code)::text = '[us]'::text)
                                      Rows Removed by Filter: 150154
                    ->  Index Scan using title_pkey on title t  (cost=0.43..0.52 rows=1 width=21) (actual time=0.004..0.004 rows=1 loops=189464)
                          Index Cond: (id = mc.movie_id)
              ->  Index Scan using char_name_pkey on char_name chn  (cost=0.43..0.67 rows=1 width=20) (actual time=0.003..0.003 rows=1 loops=189464)
                    Index Cond: (id = ci.person_role_id)
        ->  Index Scan using person_id_aka_name on aka_name an  (cost=0.42..0.52 rows=2 width=20) (actual time=0.002..0.003 rows=3 loops=173567)
              Index Cond: (person_id = n.id)
Planning time: 6.599 ms
Execution time: 7327.490 ms
