Aggregate  (cost=1053350.80..1053351.80 rows=1 width=64) (actual time=254.224..254.224 rows=1 loops=1)
  ->  Nested Loop  (cost=0.00..1053350.80 rows=16 width=33) (actual time=1.650..254.153 rows=104 loops=1)
        ->  Nested Loop  (cost=0.00..1053322.00 rows=16 width=37) (actual time=1.647..253.982 rows=104 loops=1)
              ->  Nested Loop  (cost=0.00..1053278.00 rows=22 width=25) (actual time=1.642..253.480 rows=112 loops=1)
                    ->  Nested Loop  (cost=0.00..1052722.00 rows=267 width=29) (actual time=1.639..253.252 rows=151 loops=1)
                          ->  Nested Loop  (cost=0.00..795616.00 rows=3522 width=29) (actual time=0.072..63.964 rows=4539 loops=1)
                                ->  Nested Loop  (cost=0.00..778036.00 rows=8790 width=8) (actual time=0.020..36.278 rows=8790 loops=1)
                                      ->  Seq Scan on company_name cn  (cost=0.00..234997.00 rows=1361 width=4) (actual time=0.013..24.441 rows=1361 loops=1)
                                            Filter: ((country_code)::text = '[ru]'::text)
                                            Rows Removed by Filter: 233636
                                      ->  Index Scan using company_id_movie_companies on movie_companies mc  (cost=0.00..266.00 rows=133 width=12) (actual time=0.003..0.008 rows=6 loops=1361)
                                            Index Cond: (company_id = cn.id)
                                ->  Index Scan using title_pkey on title t  (cost=0.00..2.00 rows=1 width=21) (actual time=0.003..0.003 rows=1 loops=8790)
                                      Index Cond: (id = mc.movie_id)
                                      Filter: (production_year > 2005)
                                      Rows Removed by Filter: 0
                          ->  Index Scan using movie_id_cast_info on cast_info ci  (cost=0.00..72.00 rows=1 width=12) (actual time=0.039..0.042 rows=0 loops=4539)
                                Index Cond: (movie_id = t.id)
                                Filter: ((note ~~ '%(voice)%'::text) AND (note ~~ '%(uncredited)%'::text))
                                Rows Removed by Filter: 50
                    ->  Index Scan using role_type_pkey on role_type rt  (cost=0.00..2.00 rows=1 width=4) (actual time=0.001..0.001 rows=1 loops=151)
                          Index Cond: (id = ci.role_id)
                          Filter: ((role)::text = 'actor'::text)
                          Rows Removed by Filter: 0
              ->  Index Scan using char_name_pkey on char_name chn  (cost=0.00..2.00 rows=1 width=20) (actual time=0.004..0.004 rows=1 loops=112)
                    Index Cond: (id = ci.person_role_id)
        ->  Index Only Scan using company_type_pkey on company_type ct  (cost=0.00..2.00 rows=1 width=4) (actual time=0.001..0.001 rows=1 loops=104)
              Index Cond: (id = mc.company_type_id)
              Heap Fetches: 104
Planning time: 1.600 ms
Execution time: 254.272 ms
