Aggregate  (cost=1061231.00..1061232.00 rows=1 width=64) (actual time=250.220..250.220 rows=1 loops=1)
  ->  Nested Loop  (cost=0.00..1061231.00 rows=21 width=33) (actual time=1.657..250.152 rows=104 loops=1)
        ->  Nested Loop  (cost=0.00..1061207.00 rows=12 width=21) (actual time=1.652..249.682 rows=112 loops=1)
              ->  Nested Loop  (cost=0.00..1060892.00 rows=151 width=25) (actual time=1.650..249.449 rows=151 loops=1)
                    ->  Nested Loop  (cost=0.00..803786.00 rows=3522 width=25) (actual time=0.068..69.348 rows=4539 loops=1)
                          ->  Nested Loop  (cost=0.00..795616.00 rows=4539 width=29) (actual time=0.065..64.771 rows=4539 loops=1)
                                ->  Nested Loop  (cost=0.00..778036.00 rows=8790 width=8) (actual time=0.018..37.449 rows=8790 loops=1)
                                      ->  Seq Scan on company_name cn  (cost=0.00..234997.00 rows=1361 width=4) (actual time=0.012..25.718 rows=1361 loops=1)
                                            Filter: ((country_code)::text = '[ru]'::text)
                                            Rows Removed by Filter: 233636
                                      ->  Index Scan using company_id_movie_companies on movie_companies mc  (cost=0.00..266.00 rows=133 width=12) (actual time=0.003..0.007 rows=6 loops=1361)
                                            Index Cond: (company_id = cn.id)
                                ->  Index Scan using title_pkey on title t  (cost=0.00..2.00 rows=1 width=21) (actual time=0.003..0.003 rows=1 loops=8790)
                                      Index Cond: (id = mc.movie_id)
                                      Filter: (production_year > 2005)
                                      Rows Removed by Filter: 0
                          ->  Index Only Scan using company_type_pkey on company_type ct  (cost=0.00..2.00 rows=1 width=4) (actual time=0.001..0.001 rows=1 loops=4539)
                                Index Cond: (id = mc.company_type_id)
                                Heap Fetches: 4539
                    ->  Index Scan using movie_id_cast_info on cast_info ci  (cost=0.00..72.00 rows=1 width=12) (actual time=0.037..0.039 rows=0 loops=4539)
                          Index Cond: (movie_id = t.id)
                          Filter: ((note ~~ '%(voice)%'::text) AND (note ~~ '%(uncredited)%'::text))
                          Rows Removed by Filter: 50
              ->  Index Scan using role_type_pkey on role_type rt  (cost=0.00..2.00 rows=1 width=4) (actual time=0.001..0.001 rows=1 loops=151)
                    Index Cond: (id = ci.role_id)
                    Filter: ((role)::text = 'actor'::text)
                    Rows Removed by Filter: 0
        ->  Index Scan using char_name_pkey on char_name chn  (cost=0.00..2.00 rows=1 width=20) (actual time=0.004..0.004 rows=1 loops=112)
              Index Cond: (id = ci.person_role_id)
Planning time: 1.606 ms
Execution time: 250.267 ms
