Aggregate  (cost=1250648.40..1250649.40 rows=1 width=64) (actual time=257.649..257.649 rows=1 loops=1)
  ->  Nested Loop  (cost=0.00..1250648.40 rows=8 width=33) (actual time=1.634..257.578 rows=104 loops=1)
        ->  Nested Loop  (cost=0.00..1250634.00 rows=8 width=37) (actual time=1.631..257.406 rows=104 loops=1)
              ->  Nested Loop  (cost=0.00..1250602.00 rows=16 width=25) (actual time=1.626..256.875 rows=112 loops=1)
                    ->  Nested Loop  (cost=0.00..1250200.00 rows=193 width=29) (actual time=1.623..256.648 rows=151 loops=1)
                          ->  Nested Loop  (cost=0.00..808258.00 rows=6054 width=29) (actual time=0.072..64.180 rows=4539 loops=1)
                                ->  Nested Loop  (cost=0.00..778036.00 rows=15111 width=8) (actual time=0.021..36.231 rows=8790 loops=1)
                                      ->  Seq Scan on company_name cn  (cost=0.00..234997.00 rows=1361 width=4) (actual time=0.013..24.372 rows=1361 loops=1)
                                            Filter: ((country_code)::text = '[ru]'::text)
                                            Rows Removed by Filter: 233636
                                      ->  Index Scan using company_id_movie_companies on movie_companies mc  (cost=0.00..266.00 rows=133 width=12) (actual time=0.003..0.008 rows=6 loops=1361)
                                            Index Cond: (company_id = cn.id)
                                ->  Index Scan using title_pkey on title t  (cost=0.00..2.00 rows=1 width=21) (actual time=0.003..0.003 rows=1 loops=8790)
                                      Index Cond: (id = mc.movie_id)
                                      Filter: (production_year > 2005)
                                      Rows Removed by Filter: 0
                          ->  Index Scan using movie_id_cast_info on cast_info ci  (cost=0.00..72.00 rows=1 width=12) (actual time=0.040..0.042 rows=0 loops=4539)
                                Index Cond: (movie_id = t.id)
                                Filter: ((note ~~ '%(voice)%'::text) AND (note ~~ '%(uncredited)%'::text))
                                Rows Removed by Filter: 50
                    ->  Index Scan using role_type_pkey on role_type rt  (cost=0.00..2.00 rows=1 width=4) (actual time=0.001..0.001 rows=1 loops=151)
                          Index Cond: (id = ci.role_id)
                          Filter: ((role)::text = 'actor'::text)
                          Rows Removed by Filter: 0
              ->  Index Scan using char_name_pkey on char_name chn  (cost=0.00..2.00 rows=1 width=20) (actual time=0.004..0.004 rows=1 loops=112)
                    Index Cond: (id = ci.person_role_id)
        ->  Index Only Scan using company_type_pkey on company_type ct  (cost=0.00..2.00 rows=1 width=4) (actual time=0.001..0.001 rows=1 loops=104)
              Index Cond: (id = mc.company_type_id)
              Heap Fetches: 104
Planning time: 1.720 ms
Execution time: 257.706 ms
