Aggregate  (cost=986849.80..986850.80 rows=1 width=64) (actual time=90.961..90.962 rows=1 loops=1)
  ->  Nested Loop  (cost=0.00..986849.80 rows=134 width=33) (actual time=90.960..90.960 rows=0 loops=1)
        ->  Nested Loop  (cost=0.00..986609.00 rows=134 width=37) (actual time=90.960..90.960 rows=0 loops=1)
              ->  Nested Loop  (cost=0.00..986057.00 rows=276 width=25) (actual time=90.960..90.960 rows=0 loops=1)
                    ->  Nested Loop  (cost=0.00..979151.00 rows=3315 width=29) (actual time=1.474..88.776 rows=2614 loops=1)
                          ->  Nested Loop  (cost=0.00..808258.00 rows=2341 width=29) (actual time=1.460..52.033 rows=1259 loops=1)
                                ->  Nested Loop  (cost=0.00..778036.00 rows=15111 width=8) (actual time=0.018..31.761 rows=8790 loops=1)
                                      ->  Seq Scan on company_name cn  (cost=0.00..234997.00 rows=1361 width=4) (actual time=0.012..22.756 rows=1361 loops=1)
                                            Filter: ((country_code)::text = '[ru]'::text)
                                            Rows Removed by Filter: 233636
                                      ->  Index Scan using company_id_movie_companies on movie_companies mc  (cost=0.00..266.00 rows=133 width=12) (actual time=0.002..0.006 rows=6 loops=1361)
                                            Index Cond: (company_id = cn.id)
                                ->  Index Scan using title_pkey on title t  (cost=0.00..2.00 rows=1 width=21) (actual time=0.002..0.002 rows=0 loops=8790)
                                      Index Cond: (id = mc.movie_id)
                                      Filter: (production_year > 2010)
                                      Rows Removed by Filter: 1
                          ->  Index Scan using movie_id_cast_info on cast_info ci  (cost=0.00..72.00 rows=1 width=12) (actual time=0.016..0.029 rows=2 loops=1259)
                                Index Cond: (movie_id = t.id)
                                Filter: (note ~~ '%(producer)%'::text)
                                Rows Removed by Filter: 44
                    ->  Index Scan using role_type_pkey on role_type rt  (cost=0.00..2.00 rows=1 width=4) (actual time=0.001..0.001 rows=0 loops=2614)
                          Index Cond: (id = ci.role_id)
                          Filter: ((role)::text = 'actor'::text)
                          Rows Removed by Filter: 1
              ->  Index Scan using char_name_pkey on char_name chn  (cost=0.00..2.00 rows=1 width=20) (never executed)
                    Index Cond: (id = ci.person_role_id)
        ->  Index Only Scan using company_type_pkey on company_type ct  (cost=0.00..2.00 rows=1 width=4) (never executed)
              Index Cond: (id = mc.company_type_id)
              Heap Fetches: 0
Planning time: 1.565 ms
Execution time: 91.003 ms
