Aggregate  (cost=357277.00..357278.00 rows=1 width=64) (actual time=96.188..96.188 rows=1 loops=1)
  ->  Nested Loop  (cost=0.00..357277.00 rows=21 width=33) (actual time=96.186..96.186 rows=0 loops=1)
        ->  Nested Loop  (cost=0.00..357239.00 rows=21 width=37) (actual time=96.185..96.185 rows=0 loops=1)
              ->  Nested Loop  (cost=0.00..357153.00 rows=43 width=25) (actual time=96.185..96.185 rows=0 loops=1)
                    ->  Nested Loop  (cost=0.00..356082.00 rows=514 width=29) (actual time=1.556..93.943 rows=2614 loops=1)
                          ->  Nested Loop  (cost=0.00..328926.00 rows=372 width=29) (actual time=1.541..54.805 rows=1259 loops=1)
                                ->  Nested Loop  (cost=0.00..323974.00 rows=2476 width=8) (actual time=0.019..32.996 rows=8790 loops=1)
                                      ->  Seq Scan on company_name cn  (cost=0.00..234997.00 rows=223 width=4) (actual time=0.012..23.248 rows=1361 loops=1)
                                            Filter: ((country_code)::text = '[ru]'::text)
                                            Rows Removed by Filter: 233636
                                      ->  Index Scan using company_id_movie_companies on movie_companies mc  (cost=0.00..266.00 rows=133 width=12) (actual time=0.003..0.006 rows=6 loops=1361)
                                            Index Cond: (company_id = cn.id)
                                ->  Index Scan using title_pkey on title t  (cost=0.00..2.00 rows=1 width=21) (actual time=0.002..0.002 rows=0 loops=8790)
                                      Index Cond: (id = mc.movie_id)
                                      Filter: (production_year > 2010)
                                      Rows Removed by Filter: 1
                          ->  Index Scan using movie_id_cast_info on cast_info ci  (cost=0.00..72.00 rows=1 width=12) (actual time=0.017..0.031 rows=2 loops=1259)
                                Index Cond: (movie_id = t.id)
                                Filter: (note ~~ '%(producer)%'::text)
                                Rows Removed by Filter: 44
                    ->  Index Scan using role_type_pkey on role_type rt  (cost=0.00..2.00 rows=1 width=4) (actual time=0.001..0.001 rows=0 loops=2614)
                          Index Cond: (id = ci.role_id)
                          Filter: ((role)::text = 'actor'::text)
                          Rows Removed by Filter: 1
              ->  Index Scan using char_name_pkey on char_name chn  (cost=0.00..2.00 rows=1 width=20) (never executed)
                    Index Cond: (id = ci.person_role_id)
        ->  Index Only Scan using company_type_pkey on company_type ct  (cost=0.00..2.00 rows=1 width=4) (never executed)
              Index Cond: (id = mc.company_type_id)
              Heap Fetches: 0
Planning time: 1.558 ms
Execution time: 96.231 ms
