Aggregate  (cost=899970.80..899971.80 rows=1 width=64) (actual time=90.242..90.242 rows=1 loops=1)
  ->  Nested Loop  (cost=0.00..899970.80 rows=1 width=33) (actual time=90.241..90.241 rows=0 loops=1)
        ->  Nested Loop  (cost=0.00..899966.80 rows=1 width=37) (actual time=90.240..90.240 rows=0 loops=1)
              ->  Nested Loop  (cost=0.00..899964.00 rows=1 width=41) (actual time=90.240..90.240 rows=0 loops=1)
                    ->  Nested Loop  (cost=0.00..895042.00 rows=2461 width=29) (actual time=1.483..89.604 rows=2614 loops=1)
                          ->  Nested Loop  (cost=0.00..795616.00 rows=1362 width=29) (actual time=1.470..52.191 rows=1259 loops=1)
                                ->  Nested Loop  (cost=0.00..778036.00 rows=8790 width=8) (actual time=0.017..31.847 rows=8790 loops=1)
                                      ->  Seq Scan on company_name cn  (cost=0.00..234997.00 rows=1361 width=4) (actual time=0.011..22.832 rows=1361 loops=1)
                                            Filter: ((country_code)::text = '[ru]'::text)
                                            Rows Removed by Filter: 233636
                                      ->  Index Scan using company_id_movie_companies on movie_companies mc  (cost=0.00..266.00 rows=133 width=12) (actual time=0.002..0.006 rows=6 loops=1361)
                                            Index Cond: (company_id = cn.id)
                                ->  Index Scan using title_pkey on title t  (cost=0.00..2.00 rows=1 width=21) (actual time=0.002..0.002 rows=0 loops=8790)
                                      Index Cond: (id = mc.movie_id)
                                      Filter: (production_year > 2010)
                                      Rows Removed by Filter: 1
                          ->  Index Scan using movie_id_cast_info on cast_info ci  (cost=0.00..72.00 rows=1 width=12) (actual time=0.016..0.029 rows=2 loops=1259)
                                Index Cond: (movie_id = t.id)
                                Filter: (note ~~ '%(producer)%'::text)
                                Rows Removed by Filter: 44
                    ->  Index Scan using char_name_pkey on char_name chn  (cost=0.00..2.00 rows=1 width=20) (actual time=0.000..0.000 rows=0 loops=2614)
                          Index Cond: (id = ci.person_role_id)
              ->  Index Only Scan using company_type_pkey on company_type ct  (cost=0.00..2.00 rows=1 width=4) (never executed)
                    Index Cond: (id = mc.company_type_id)
                    Heap Fetches: 0
        ->  Index Scan using role_type_pkey on role_type rt  (cost=0.00..2.00 rows=1 width=4) (never executed)
              Index Cond: (id = ci.role_id)
              Filter: ((role)::text = 'actor'::text)
Planning time: 1.552 ms
Execution time: 90.283 ms
