Aggregate  (cost=39115480.86..39115481.86 rows=1 width=64) (actual time=3778.157..3778.157 rows=1 loops=1)
  ->  Nested Loop  (cost=0.00..39115480.86 rows=8 width=33) (actual time=206.544..3778.138 rows=10 loops=1)
        ->  Nested Loop  (cost=0.00..39115466.46 rows=8 width=37) (actual time=206.539..3778.100 rows=10 loops=1)
              ->  Nested Loop  (cost=0.00..39115424.46 rows=21 width=41) (actual time=206.529..3777.967 rows=23 loops=1)
                    ->  Nested Loop  (cost=0.00..39115274.46 rows=10 width=41) (actual time=206.519..3777.855 rows=12 loops=1)
                          ->  Nested Loop  (cost=0.00..39115252.00 rows=12 width=45) (actual time=206.514..3777.796 rows=12 loops=1)
                                ->  Nested Loop  (cost=0.00..39115222.00 rows=15 width=24) (actual time=206.503..3777.657 rows=15 loops=1)
                                      ->  Seq Scan on cast_info ci  (cost=0.00..36244344.00 rows=1435439 width=12) (actual time=206.485..3459.958 rows=1435439 loops=1)
                                            Filter: (note ~~ '%(producer)%'::text)
                                            Rows Removed by Filter: 34808905
                                      ->  Index Scan using char_name_pkey on char_name chn  (cost=0.00..2.00 rows=1 width=20) (actual time=0.000..0.000 rows=0 loops=1435439)
                                            Index Cond: (id = ci.person_role_id)
                                ->  Index Scan using title_pkey on title t  (cost=0.00..2.00 rows=1 width=21) (actual time=0.008..0.008 rows=1 loops=15)
                                      Index Cond: (id = ci.movie_id)
                                      Filter: (production_year > 1990)
                                      Rows Removed by Filter: 0
                          ->  Index Only Scan using role_type_pkey on role_type rt  (cost=0.00..2.00 rows=1 width=4) (actual time=0.003..0.003 rows=1 loops=12)
                                Index Cond: (id = ci.role_id)
                                Heap Fetches: 12
                    ->  Index Scan using movie_id_movie_companies on movie_companies mc  (cost=0.00..10.00 rows=5 width=12) (actual time=0.006..0.007 rows=2 loops=12)
                          Index Cond: (movie_id = t.id)
              ->  Index Scan using company_name_pkey on company_name cn  (cost=0.00..2.00 rows=1 width=4) (actual time=0.005..0.005 rows=0 loops=23)
                    Index Cond: (id = mc.company_id)
                    Filter: ((country_code)::text = '[us]'::text)
                    Rows Removed by Filter: 1
        ->  Index Only Scan using company_type_pkey on company_type ct  (cost=0.00..2.00 rows=1 width=4) (actual time=0.003..0.003 rows=1 loops=10)
              Index Cond: (id = mc.company_type_id)
              Heap Fetches: 10
Planning time: 1.734 ms
Execution time: 3778.219 ms
