Aggregate  (cost=44878080.00..44878081.00 rows=1 width=64) (actual time=8849.244..8849.244 rows=1 loops=1)
  ->  Hash Join  (cost=41914490.00..44878080.00 rows=448816 width=33) (actual time=8563.031..8849.218 rows=10 loops=1)
        Hash Cond: (ci.role_id = rt.id)
        ->  Hash Join  (cost=41914466.00..44466641.00 rows=448816 width=37) (actual time=8563.019..8849.198 rows=10 loops=1)
              Hash Cond: (mc.company_type_id = ct.id)
              ->  Nested Loop  (cost=41914458.00..44130021.00 rows=448816 width=41) (actual time=8563.012..8849.182 rows=10 loops=1)
                    ->  Merge Join  (cost=41914458.00..42284431.00 rows=922795 width=29) (actual time=8190.894..8687.113 rows=782104 loops=1)
                          Merge Cond: (t.id = ci.movie_id)
                          ->  Sort  (cost=5670114.00..5670114.00 rows=651653 width=29) (actual time=4274.940..4342.926 rows=596250 loops=1)
                                Sort Key: mc.movie_id
                                Sort Method: quicksort  Memory: 74279kB
                                ->  Nested Loop  (cost=2844126.00..5670114.00 rows=651653 width=29) (actual time=873.663..4067.961 rows=596250 loops=1)
                                      ->  Merge Join  (cost=2844126.00..3786122.00 rows=941996 width=8) (actual time=873.640..1565.428 rows=1153798 loops=1)
                                            Merge Cond: (cn.id = mc.company_id)
                                            ->  Sort  (cost=234997.00..234997.00 rows=84843 width=4) (actual time=44.511..57.228 rows=84843 loops=1)
                                                  Sort Key: cn.id
                                                  Sort Method: quicksort  Memory: 7050kB
                                                  ->  Seq Scan on company_name cn  (cost=0.00..234997.00 rows=84843 width=4) (actual time=0.005..27.564 rows=84843 loops=1)
                                                        Filter: ((country_code)::text = '[us]'::text)
                                                        Rows Removed by Filter: 150154
                                            ->  Sort  (cost=2609129.00..2609129.00 rows=2609129 width=12) (actual time=829.124..1159.927 rows=2609129 loops=1)
                                                  Sort Key: mc.company_id
                                                  Sort Method: quicksort  Memory: 220607kB
                                                  ->  Seq Scan on movie_companies mc  (cost=0.00..2609129.00 rows=2609129 width=12) (actual time=0.006..295.037 rows=2609129 loops=1)
                                      ->  Index Scan using title_pkey on title t  (cost=0.00..2.00 rows=1 width=21) (actual time=0.002..0.002 rows=1 loops=1153798)
                                            Index Cond: (id = mc.movie_id)
                                            Filter: (production_year > 1990)
                                            Rows Removed by Filter: 0
                          ->  Sort  (cost=36244344.00..36244344.00 rows=1435439 width=12) (actual time=3915.940..4068.373 rows=1875007 loops=1)
                                Sort Key: ci.movie_id
                                Sort Method: quicksort  Memory: 116439kB
                                ->  Seq Scan on cast_info ci  (cost=0.00..36244344.00 rows=1435439 width=12) (actual time=208.692..3546.576 rows=1435439 loops=1)
                                      Filter: (note ~~ '%(producer)%'::text)
                                      Rows Removed by Filter: 34808905
                    ->  Index Scan using char_name_pkey on char_name chn  (cost=0.00..2.00 rows=1 width=20) (actual time=0.000..0.000 rows=0 loops=782104)
                          Index Cond: (id = ci.person_role_id)
              ->  Hash  (cost=4.00..4.00 rows=4 width=4) (actual time=0.003..0.003 rows=4 loops=1)
                    Buckets: 1024  Batches: 1  Memory Usage: 9kB
                    ->  Seq Scan on company_type ct  (cost=0.00..4.00 rows=4 width=4) (actual time=0.001..0.002 rows=4 loops=1)
        ->  Hash  (cost=12.00..12.00 rows=12 width=4) (actual time=0.008..0.008 rows=12 loops=1)
              Buckets: 1024  Batches: 1  Memory Usage: 9kB
              ->  Seq Scan on role_type rt  (cost=0.00..12.00 rows=12 width=4) (actual time=0.004..0.005 rows=12 loops=1)
Planning time: 1.589 ms
Execution time: 8853.188 ms
