Aggregate  (cost=9127.11..9128.11 rows=1 width=96) (actual time=2.507..2.507 rows=1 loops=1)
  ->  Nested Loop  (cost=0.00..9127.11 rows=1 width=48) (actual time=1.763..2.498 rows=14 loops=1)
        ->  Nested Loop  (cost=0.00..9095.11 rows=14 width=52) (actual time=1.761..2.483 rows=14 loops=1)
              ->  Nested Loop  (cost=0.00..9053.11 rows=21 width=37) (actual time=1.758..2.440 rows=21 loops=1)
                    ->  Nested Loop  (cost=0.00..8962.11 rows=7 width=41) (actual time=1.754..2.415 rows=7 loops=1)
                          ->  Nested Loop  (cost=0.00..8904.11 rows=28 width=45) (actual time=1.744..2.365 rows=28 loops=1)
                                ->  Nested Loop  (cost=0.00..7959.11 rows=7 width=37) (actual time=1.740..2.343 rows=7 loops=1)
                                      ->  Nested Loop  (cost=0.00..5643.00 rows=1158 width=16) (actual time=0.014..0.346 rows=1158 loops=1)
                                            ->  Seq Scan on link_type lt  (cost=0.00..18.00 rows=1 width=16) (actual time=0.004..0.007 rows=1 loops=1)
                                                  Filter: ((link)::text ~~ '%follows%'::text)
                                                  Rows Removed by Filter: 17
                                            ->  Index Scan using link_type_id_movie_link on movie_link ml  (cost=0.00..3750.00 rows=1875 width=8) (actual time=0.009..0.210 rows=1158 loops=1)
                                                  Index Cond: (link_type_id = lt.id)
                                      ->  Index Scan using title_pkey on title t  (cost=0.00..2.00 rows=1 width=21) (actual time=0.002..0.002 rows=0 loops=1158)
                                            Index Cond: (id = ml.movie_id)
                                            Filter: ((title ~~ '%Money%'::text) AND (production_year = 1998))
                                            Rows Removed by Filter: 1
                                ->  Index Scan using movie_id_movie_keyword on movie_keyword mk  (cost=0.00..90.00 rows=45 width=8) (actual time=0.002..0.002 rows=4 loops=7)
                                      Index Cond: (movie_id = ml.movie_id)
                          ->  Index Scan using keyword_pkey on keyword k  (cost=0.00..2.00 rows=1 width=4) (actual time=0.002..0.002 rows=0 loops=28)
                                Index Cond: (id = mk.keyword_id)
                                Filter: (keyword = 'sequel'::text)
                                Rows Removed by Filter: 1
                    ->  Index Scan using movie_id_movie_companies on movie_companies mc  (cost=0.00..10.00 rows=3 width=12) (actual time=0.002..0.003 rows=3 loops=7)
                          Index Cond: (movie_id = ml.movie_id)
                          Filter: (note IS NULL)
                          Rows Removed by Filter: 1
              ->  Index Scan using company_name_pkey on company_name cn  (cost=0.00..2.00 rows=1 width=23) (actual time=0.002..0.002 rows=1 loops=21)
                    Index Cond: (id = mc.company_id)
                    Filter: (((country_code)::text <> '[pl]'::text) AND ((name ~~ '%Film%'::text) OR (name ~~ '%Warner%'::text)))
                    Rows Removed by Filter: 0
        ->  Index Scan using company_type_pkey on company_type ct  (cost=0.00..2.00 rows=1 width=4) (actual time=0.001..0.001 rows=1 loops=14)
              Index Cond: (id = mc.company_type_id)
              Filter: ((kind)::text = 'production companies'::text)
Planning time: 3.204 ms
Execution time: 2.555 ms
