Aggregate  (cost=9133.80..9134.80 rows=1 width=96) (actual time=2.546..2.546 rows=1 loops=1)
  ->  Nested Loop  (cost=0.00..9133.80 rows=1 width=48) (actual time=1.732..2.537 rows=14 loops=1)
        ->  Nested Loop  (cost=0.00..9129.80 rows=1 width=52) (actual time=1.722..2.443 rows=56 loops=1)
              ->  Nested Loop  (cost=0.00..8994.80 rows=1 width=60) (actual time=1.718..2.402 rows=14 loops=1)
                    ->  Nested Loop  (cost=0.00..8990.80 rows=1 width=64) (actual time=1.716..2.386 rows=14 loops=1)
                          ->  Nested Loop  (cost=0.00..8988.80 rows=1 width=49) (actual time=1.712..2.343 rows=21 loops=1)
                                ->  Nested Loop  (cost=0.00..8975.80 rows=1 width=37) (actual time=1.708..2.318 rows=7 loops=1)
                                      ->  Nested Loop  (cost=0.00..5643.00 rows=1666 width=16) (actual time=0.014..0.346 rows=1158 loops=1)
                                            ->  Seq Scan on link_type lt  (cost=0.00..18.00 rows=1 width=16) (actual time=0.005..0.008 rows=1 loops=1)
                                                  Filter: ((link)::text ~~ '%follows%'::text)
                                                  Rows Removed by Filter: 17
                                            ->  Index Scan using link_type_id_movie_link on movie_link ml  (cost=0.00..3750.00 rows=1875 width=8) (actual time=0.009..0.209 rows=1158 loops=1)
                                                  Index Cond: (link_type_id = lt.id)
                                      ->  Index Scan using title_pkey on title t  (cost=0.00..2.00 rows=1 width=21) (actual time=0.002..0.002 rows=0 loops=1158)
                                            Index Cond: (id = ml.movie_id)
                                            Filter: ((title ~~ '%Money%'::text) AND (production_year = 1998))
                                            Rows Removed by Filter: 1
                                ->  Index Scan using movie_id_movie_companies on movie_companies mc  (cost=0.00..10.00 rows=3 width=12) (actual time=0.002..0.003 rows=3 loops=7)
                                      Index Cond: (movie_id = ml.movie_id)
                                      Filter: (note IS NULL)
                                      Rows Removed by Filter: 1
                          ->  Index Scan using company_name_pkey on company_name cn  (cost=0.00..2.00 rows=1 width=23) (actual time=0.002..0.002 rows=1 loops=21)
                                Index Cond: (id = mc.company_id)
                                Filter: (((country_code)::text <> '[pl]'::text) AND ((name ~~ '%Film%'::text) OR (name ~~ '%Warner%'::text)))
                                Rows Removed by Filter: 0
                    ->  Index Scan using company_type_pkey on company_type ct  (cost=0.00..2.00 rows=1 width=4) (actual time=0.001..0.001 rows=1 loops=14)
                          Index Cond: (id = mc.company_type_id)
                          Filter: ((kind)::text = 'production companies'::text)
              ->  Index Scan using movie_id_movie_keyword on movie_keyword mk  (cost=0.00..90.00 rows=45 width=8) (actual time=0.002..0.002 rows=4 loops=14)
                    Index Cond: (movie_id = ml.movie_id)
        ->  Index Scan using keyword_pkey on keyword k  (cost=0.00..2.00 rows=1 width=4) (actual time=0.001..0.001 rows=0 loops=56)
              Index Cond: (id = mk.keyword_id)
              Filter: (keyword = 'sequel'::text)
              Rows Removed by Filter: 1
Planning time: 3.219 ms
Execution time: 2.594 ms
