Aggregate  (cost=8263.11..8264.11 rows=1 width=96) (actual time=2.468..2.468 rows=1 loops=1)
  ->  Nested Loop  (cost=0.00..8263.11 rows=1 width=48) (actual time=1.708..2.459 rows=14 loops=1)
        ->  Nested Loop  (cost=0.00..8259.11 rows=1 width=52) (actual time=1.698..2.365 rows=56 loops=1)
              ->  Nested Loop  (cost=0.00..8124.11 rows=1 width=60) (actual time=1.695..2.326 rows=14 loops=1)
                    ->  Nested Loop  (cost=0.00..8092.11 rows=14 width=64) (actual time=1.693..2.310 rows=14 loops=1)
                          ->  Nested Loop  (cost=0.00..8050.11 rows=21 width=49) (actual time=1.689..2.266 rows=21 loops=1)
                                ->  Nested Loop  (cost=0.00..7959.11 rows=7 width=37) (actual time=1.685..2.241 rows=7 loops=1)
                                      ->  Nested Loop  (cost=0.00..5643.00 rows=1158 width=16) (actual time=0.015..0.343 rows=1158 loops=1)
                                            ->  Seq Scan on link_type lt  (cost=0.00..18.00 rows=1 width=16) (actual time=0.004..0.007 rows=1 loops=1)
                                                  Filter: ((link)::text ~~ '%follows%'::text)
                                                  Rows Removed by Filter: 17
                                            ->  Index Scan using link_type_id_movie_link on movie_link ml  (cost=0.00..3750.00 rows=1875 width=8) (actual time=0.009..0.208 rows=1158 loops=1)
                                                  Index Cond: (link_type_id = lt.id)
                                      ->  Index Scan using title_pkey on title t  (cost=0.00..2.00 rows=1 width=21) (actual time=0.001..0.001 rows=0 loops=1158)
                                            Index Cond: (id = ml.movie_id)
                                            Filter: ((title ~~ '%Money%'::text) AND (production_year = 1998))
                                            Rows Removed by Filter: 1
                                ->  Index Scan using movie_id_movie_companies on movie_companies mc  (cost=0.00..10.00 rows=3 width=12) (actual time=0.002..0.003 rows=3 loops=7)
                                      Index Cond: (movie_id = ml.movie_id)
                                      Filter: (note IS NULL)
                                      Rows Removed by Filter: 1
                          ->  Index Scan using company_name_pkey on company_name cn  (cost=0.00..2.00 rows=1 width=23) (actual time=0.002..0.002 rows=1 loops=21)
                                Index Cond: (id = mc.company_id)
                                Filter: (((country_code)::text <> '[pl]'::text) AND ((name ~~ '%Film%'::text) OR (name ~~ '%Warner%'::text)))
                                Rows Removed by Filter: 0
                    ->  Index Scan using company_type_pkey on company_type ct  (cost=0.00..2.00 rows=1 width=4) (actual time=0.001..0.001 rows=1 loops=14)
                          Index Cond: (id = mc.company_type_id)
                          Filter: ((kind)::text = 'production companies'::text)
              ->  Index Scan using movie_id_movie_keyword on movie_keyword mk  (cost=0.00..90.00 rows=45 width=8) (actual time=0.002..0.002 rows=4 loops=14)
                    Index Cond: (movie_id = ml.movie_id)
        ->  Index Scan using keyword_pkey on keyword k  (cost=0.00..2.00 rows=1 width=4) (actual time=0.001..0.001 rows=0 loops=56)
              Index Cond: (id = mk.keyword_id)
              Filter: (keyword = 'sequel'::text)
              Rows Removed by Filter: 1
Planning time: 3.220 ms
Execution time: 2.516 ms
