Aggregate  (cost=138794.26..138795.26 rows=1 width=96) (actual time=577.249..577.249 rows=1 loops=1)
  ->  Nested Loop  (cost=0.00..138794.26 rows=1 width=60) (actual time=0.666..574.685 rows=6946 loops=1)
        ->  Nested Loop  (cost=0.00..138792.26 rows=1 width=55) (actual time=0.661..563.830 rows=6946 loops=1)
              ->  Nested Loop  (cost=0.00..138790.05 rows=1 width=59) (actual time=0.658..557.063 rows=6946 loops=1)
                    ->  Nested Loop  (cost=0.00..138775.05 rows=1 width=51) (actual time=0.651..550.233 rows=4726 loops=1)
                          ->  Nested Loop  (cost=0.00..138772.05 rows=1 width=55) (actual time=0.649..545.319 rows=4921 loops=1)
                                ->  Nested Loop  (cost=0.00..138228.00 rows=272 width=40) (actual time=0.617..233.594 rows=169414 loops=1)
                                      ->  Nested Loop  (cost=0.00..136915.00 rows=101 width=4) (actual time=0.612..46.343 rows=47403 loops=1)
                                            ->  Seq Scan on keyword k  (cost=0.00..134170.00 rows=3 width=4) (actual time=0.600..14.354 rows=3 loops=1)
                                                  Filter: (keyword = ANY ('{sequel,revenge,based-on-novel}'::text[]))
                                                  Rows Removed by Filter: 134167
                                            ->  Index Scan using keyword_id_movie_keyword on movie_keyword mk  (cost=0.00..610.00 rows=305 width=8) (actual time=0.009..8.581 rows=15801 loops=3)
                                                  Index Cond: (keyword_id = k.id)
                                      ->  Index Scan using movie_id_movie_companies on movie_companies mc  (cost=0.00..10.00 rows=3 width=36) (actual time=0.002..0.003 rows=4 loops=47403)
                                            Index Cond: (movie_id = mk.movie_id)
                                            Filter: (note IS NOT NULL)
                                            Rows Removed by Filter: 2
                                ->  Index Scan using company_name_pkey on company_name cn  (cost=0.00..2.00 rows=1 width=23) (actual time=0.002..0.002 rows=0 loops=169414)
                                      Index Cond: (id = mc.company_id)
                                      Filter: (((country_code)::text <> '[pl]'::text) AND ((name ~~ '20th Century Fox%'::text) OR (name ~~ 'Twentieth Century Fox%'::text)))
                                      Rows Removed by Filter: 1
                          ->  Index Scan using company_type_pkey on company_type ct  (cost=0.00..2.00 rows=1 width=4) (actual time=0.001..0.001 rows=1 loops=4921)
                                Index Cond: (id = mc.company_type_id)
                                Filter: (((kind)::text <> 'production companies'::text) AND (kind IS NOT NULL))
                                Rows Removed by Filter: 0
                    ->  Index Scan using movie_id_movie_link on movie_link ml  (cost=0.00..10.00 rows=5 width=8) (actual time=0.001..0.001 rows=1 loops=4726)
                          Index Cond: (movie_id = mk.movie_id)
              ->  Index Only Scan using link_type_pkey on link_type lt  (cost=0.00..2.00 rows=1 width=4) (actual time=0.001..0.001 rows=1 loops=6946)
                    Index Cond: (id = ml.link_type_id)
                    Heap Fetches: 6946
        ->  Index Scan using title_pkey on title t  (cost=0.00..2.00 rows=1 width=21) (actual time=0.001..0.001 rows=1 loops=6946)
              Index Cond: (id = ml.movie_id)
              Filter: (production_year > 1950)
Planning time: 3.192 ms
Execution time: 577.307 ms
