Aggregate  (cost=395002.00..395003.00 rows=1 width=96) (actual time=116.758..116.758 rows=1 loops=1)
  ->  Hash Join  (cost=166955.00..395002.00 rows=54 width=60) (actual time=52.578..111.305 rows=14899 loops=1)
        Hash Cond: (ml.link_type_id = lt.id)
        ->  Nested Loop  (cost=166919.00..394915.00 rows=54 width=64) (actual time=52.565..108.530 rows=14899 loops=1)
              ->  Nested Loop  (cost=166919.00..394795.00 rows=60 width=59) (actual time=52.561..88.238 rows=14899 loops=1)
                    ->  Hash Join  (cost=166919.00..394649.00 rows=73 width=44) (actual time=52.556..66.124 rows=14916 loops=1)
                          Hash Cond: (mc.company_type_id = ct.id)
                          ->  Nested Loop  (cost=166912.00..365824.00 rows=38424 width=48) (actual time=52.549..63.136 rows=15510 loops=1)
                                ->  Merge Join  (cost=166912.00..181120.00 rows=14208 width=12) (actual time=52.543..56.017 rows=1460 loops=1)
                                      Merge Cond: (mk.movie_id = ml.movie_id)
                                      ->  Sort  (cost=136915.00..136915.00 rows=47403 width=4) (actual time=45.631..45.659 rows=481 loops=1)
                                            Sort Key: mk.movie_id
                                            Sort Method: quicksort  Memory: 3759kB
                                            ->  Nested Loop  (cost=0.00..136915.00 rows=47403 width=4) (actual time=0.604..37.133 rows=47403 loops=1)
                                                  ->  Seq Scan on keyword k  (cost=0.00..134170.00 rows=3 width=4) (actual time=0.594..13.639 rows=3 loops=1)
                                                        Filter: (keyword = ANY ('{sequel,revenge,based-on-novel}'::text[]))
                                                        Rows Removed by Filter: 134167
                                                  ->  Index Scan using keyword_id_movie_keyword on movie_keyword mk  (cost=0.00..610.00 rows=305 width=8) (actual time=0.008..6.157 rows=15801 loops=3)
                                                        Index Cond: (keyword_id = k.id)
                                      ->  Sort  (cost=29997.00..29997.00 rows=29997 width=8) (actual time=6.893..8.309 rows=30043 loops=1)
                                            Sort Key: ml.movie_id
                                            Sort Method: quicksort  Memory: 2175kB
                                            ->  Seq Scan on movie_link ml  (cost=0.00..29997.00 rows=29997 width=8) (actual time=0.006..3.012 rows=29997 loops=1)
                                ->  Index Scan using movie_id_movie_companies on movie_companies mc  (cost=0.00..10.00 rows=3 width=36) (actual time=0.002..0.004 rows=11 loops=1460)
                                      Index Cond: (movie_id = ml.movie_id)
                                      Filter: (note IS NOT NULL)
                                      Rows Removed by Filter: 2
                          ->  Hash  (cost=4.00..4.00 rows=3 width=4) (actual time=0.004..0.004 rows=3 loops=1)
                                Buckets: 1024  Batches: 1  Memory Usage: 9kB
                                ->  Seq Scan on company_type ct  (cost=0.00..4.00 rows=3 width=4) (actual time=0.002..0.003 rows=3 loops=1)
                                      Filter: (((kind)::text <> 'production companies'::text) AND (kind IS NOT NULL))
                                      Rows Removed by Filter: 1
                    ->  Index Scan using company_name_pkey on company_name cn  (cost=0.00..2.00 rows=1 width=23) (actual time=0.001..0.001 rows=1 loops=14916)
                          Index Cond: (id = mc.company_id)
                          Filter: ((country_code)::text <> '[pl]'::text)
                          Rows Removed by Filter: 0
              ->  Index Scan using title_pkey on title t  (cost=0.00..2.00 rows=1 width=21) (actual time=0.001..0.001 rows=1 loops=14899)
                    Index Cond: (id = ml.movie_id)
                    Filter: (production_year > 1950)
        ->  Hash  (cost=18.00..18.00 rows=18 width=4) (actual time=0.009..0.009 rows=18 loops=1)
              Buckets: 1024  Batches: 1  Memory Usage: 9kB
              ->  Seq Scan on link_type lt  (cost=0.00..18.00 rows=18 width=4) (actual time=0.004..0.006 rows=18 loops=1)
Planning time: 3.144 ms
Execution time: 116.812 ms
