Aggregate  (cost=139132.63..139133.63 rows=1 width=96) (actual time=232.124..232.124 rows=1 loops=1)
  ->  Nested Loop  (cost=0.00..139132.63 rows=50 width=60) (actual time=0.626..226.141 rows=14899 loops=1)
        ->  Nested Loop  (cost=0.00..139022.63 rows=55 width=45) (actual time=0.622..201.129 rows=14916 loops=1)
              ->  Nested Loop  (cost=0.00..138883.63 rows=74 width=49) (actual time=0.621..186.560 rows=15510 loops=1)
                    ->  Nested Loop  (cost=0.00..138532.63 rows=27 width=29) (actual time=0.617..178.803 rows=1460 loops=1)
                          ->  Nested Loop  (cost=0.00..138482.00 rows=27 width=33) (actual time=0.614..177.305 rows=1460 loops=1)
                                ->  Nested Loop  (cost=0.00..137117.00 rows=91 width=25) (actual time=0.611..144.330 rows=36063 loops=1)
                                      ->  Nested Loop  (cost=0.00..136915.00 rows=101 width=4) (actual time=0.607..39.591 rows=47403 loops=1)
                                            ->  Seq Scan on keyword k  (cost=0.00..134170.00 rows=3 width=4) (actual time=0.596..13.915 rows=3 loops=1)
                                                  Filter: (keyword = ANY ('{sequel,revenge,based-on-novel}'::text[]))
                                                  Rows Removed by Filter: 134167
                                            ->  Index Scan using keyword_id_movie_keyword on movie_keyword mk  (cost=0.00..610.00 rows=305 width=8) (actual time=0.008..6.783 rows=15801 loops=3)
                                                  Index Cond: (keyword_id = k.id)
                                      ->  Index Scan using title_pkey on title t  (cost=0.00..2.00 rows=1 width=21) (actual time=0.002..0.002 rows=1 loops=47403)
                                            Index Cond: (id = mk.movie_id)
                                            Filter: (production_year > 1950)
                                            Rows Removed by Filter: 0
                                ->  Index Scan using movie_id_movie_link on movie_link ml  (cost=0.00..10.00 rows=5 width=8) (actual time=0.001..0.001 rows=0 loops=36063)
                                      Index Cond: (movie_id = t.id)
                          ->  Index Only Scan using link_type_pkey on link_type lt  (cost=0.00..2.00 rows=1 width=4) (actual time=0.001..0.001 rows=1 loops=1460)
                                Index Cond: (id = ml.link_type_id)
                                Heap Fetches: 1460
                    ->  Index Scan using movie_id_movie_companies on movie_companies mc  (cost=0.00..10.00 rows=3 width=36) (actual time=0.002..0.004 rows=11 loops=1460)
                          Index Cond: (movie_id = ml.movie_id)
                          Filter: (note IS NOT NULL)
                          Rows Removed by Filter: 2
              ->  Index Scan using company_type_pkey on company_type ct  (cost=0.00..2.00 rows=1 width=4) (actual time=0.001..0.001 rows=1 loops=15510)
                    Index Cond: (id = mc.company_type_id)
                    Filter: (((kind)::text <> 'production companies'::text) AND (kind IS NOT NULL))
                    Rows Removed by Filter: 0
        ->  Index Scan using company_name_pkey on company_name cn  (cost=0.00..2.00 rows=1 width=23) (actual time=0.001..0.001 rows=1 loops=14916)
              Index Cond: (id = mc.company_id)
              Filter: ((country_code)::text <> '[pl]'::text)
              Rows Removed by Filter: 0
Planning time: 3.086 ms
Execution time: 232.172 ms
