Aggregate  (cost=435636.00..435637.00 rows=1 width=96) (actual time=972.625..972.625 rows=1 loops=1)
  ->  Nested Loop  (cost=0.00..435636.00 rows=1 width=41) (actual time=8.700..972.418 rows=397 loops=1)
        ->  Nested Loop  (cost=0.00..435632.00 rows=1 width=45) (actual time=8.654..971.590 rows=707 loops=1)
              ->  Nested Loop  (cost=0.00..435628.00 rows=2 width=30) (actual time=7.428..966.481 rows=1934 loops=1)
                    ->  Nested Loop  (cost=0.00..435613.00 rows=1 width=34) (actual time=7.422..963.544 rows=557 loops=1)
                          ->  Nested Loop  (cost=0.00..435513.00 rows=49 width=38) (actual time=0.639..961.085 rows=2174 loops=1)
                                ->  Nested Loop  (cost=0.00..432510.00 rows=429 width=25) (actual time=0.042..879.125 rows=36964 loops=1)
                                      ->  Nested Loop  (cost=0.00..427650.00 rows=2430 width=4) (actual time=0.020..361.951 rows=272720 loops=1)
                                            ->  Seq Scan on info_type it1  (cost=0.00..113.00 rows=1 width=4) (actual time=0.006..0.014 rows=1 loops=1)
                                                  Filter: ((info)::text = 'genres'::text)
                                                  Rows Removed by Filter: 112
                                            ->  Index Scan using info_type_id_movie_info on movie_info mi  (cost=0.00..423878.00 rows=3659 width=8) (actual time=0.013..335.355 rows=272720 loops=1)
                                                  Index Cond: (info_type_id = it1.id)
                                                  Filter: (info = ANY ('{Drama,Horror}'::text[]))
                                                  Rows Removed by Filter: 1261189
                                      ->  Index Scan using title_pkey on title t  (cost=0.00..2.00 rows=1 width=21) (actual time=0.002..0.002 rows=0 loops=272720)
                                            Index Cond: (id = mi.movie_id)
                                            Filter: ((production_year >= 2005) AND (production_year <= 2008))
                                            Rows Removed by Filter: 1
                                ->  Index Scan using movie_id_movie_info_idx on movie_info_idx mi_idx  (cost=0.00..6.00 rows=1 width=13) (actual time=0.002..0.002 rows=0 loops=36964)
                                      Index Cond: (movie_id = t.id)
                                      Filter: (info > '8.0'::text)
                                      Rows Removed by Filter: 2
                          ->  Index Scan using info_type_pkey on info_type it2  (cost=0.00..2.00 rows=1 width=4) (actual time=0.001..0.001 rows=0 loops=2174)
                                Index Cond: (id = mi_idx.info_type_id)
                                Filter: ((info)::text = 'rating'::text)
                                Rows Removed by Filter: 1
                    ->  Index Scan using movie_id_movie_companies on movie_companies mc  (cost=0.00..10.00 rows=5 width=12) (actual time=0.003..0.004 rows=3 loops=557)
                          Index Cond: (movie_id = t.id)
              ->  Index Scan using company_name_pkey on company_name cn  (cost=0.00..2.00 rows=1 width=23) (actual time=0.002..0.002 rows=0 loops=1934)
                    Index Cond: (id = mc.company_id)
                    Filter: ((country_code)::text = '[us]'::text)
                    Rows Removed by Filter: 1
        ->  Index Scan using company_type_pkey on company_type ct  (cost=0.00..2.00 rows=1 width=4) (actual time=0.001..0.001 rows=1 loops=707)
              Index Cond: (id = mc.company_type_id)
              Filter: ((kind)::text = 'production companies'::text)
              Rows Removed by Filter: 0
Planning time: 3.272 ms
Execution time: 972.681 ms
