Aggregate  (cost=952559.00..952560.00 rows=1 width=96) (actual time=192.623..192.623 rows=1 loops=1)
  ->  Nested Loop  (cost=0.00..952559.00 rows=10 width=41) (actual time=7.881..192.442 rows=397 loops=1)
        ->  Nested Loop  (cost=0.00..952001.00 rows=278 width=45) (actual time=7.879..191.977 rows=397 loops=1)
              ->  Nested Loop  (cost=0.00..950410.00 rows=707 width=49) (actual time=7.836..191.231 rows=707 loops=1)
                    ->  Nested Loop  (cost=0.00..946542.00 rows=1934 width=34) (actual time=6.874..186.657 rows=1934 loops=1)
                          ->  Nested Loop  (cost=0.00..938187.00 rows=557 width=38) (actual time=6.868..183.980 rows=557 loops=1)
                                ->  Nested Loop  (cost=0.00..594192.00 rows=4047 width=30) (actual time=0.510..141.172 rows=4047 loops=1)
                                      ->  Nested Loop  (cost=0.00..562494.00 rows=15849 width=9) (actual time=0.030..103.746 rows=15849 loops=1)
                                            ->  Seq Scan on info_type it2  (cost=0.00..113.00 rows=1 width=4) (actual time=0.012..0.013 rows=1 loops=1)
                                                  Filter: ((info)::text = 'rating'::text)
                                                  Rows Removed by Filter: 112
                                            ->  Index Scan using info_type_id_movie_info_idx on movie_info_idx mi_idx  (cost=0.00..552014.00 rows=10367 width=13) (actual time=0.017..102.089 rows=15849 loops=1)
                                                  Index Cond: (info_type_id = it2.id)
                                                  Filter: (info > '8.0'::text)
                                                  Rows Removed by Filter: 444076
                                      ->  Index Scan using title_pkey on title t  (cost=0.00..2.00 rows=1 width=21) (actual time=0.002..0.002 rows=0 loops=15849)
                                            Index Cond: (id = mi_idx.movie_id)
                                            Filter: ((production_year >= 2005) AND (production_year <= 2008))
                                            Rows Removed by Filter: 1
                                ->  Index Scan using movie_id_movie_info on movie_info mi  (cost=0.00..84.00 rows=1 width=8) (actual time=0.010..0.010 rows=0 loops=4047)
                                      Index Cond: (movie_id = t.id)
                                      Filter: (info = ANY ('{Drama,Horror}'::text[]))
                                      Rows Removed by Filter: 21
                          ->  Index Scan using movie_id_movie_companies on movie_companies mc  (cost=0.00..10.00 rows=5 width=12) (actual time=0.003..0.004 rows=3 loops=557)
                                Index Cond: (movie_id = t.id)
                    ->  Index Scan using company_name_pkey on company_name cn  (cost=0.00..2.00 rows=1 width=23) (actual time=0.002..0.002 rows=0 loops=1934)
                          Index Cond: (id = mc.company_id)
                          Filter: ((country_code)::text = '[us]'::text)
                          Rows Removed by Filter: 1
              ->  Index Scan using company_type_pkey on company_type ct  (cost=0.00..2.00 rows=1 width=4) (actual time=0.001..0.001 rows=1 loops=707)
                    Index Cond: (id = mc.company_type_id)
                    Filter: ((kind)::text = 'production companies'::text)
                    Rows Removed by Filter: 0
        ->  Index Scan using info_type_pkey on info_type it1  (cost=0.00..2.00 rows=1 width=4) (actual time=0.001..0.001 rows=1 loops=397)
              Index Cond: (id = mi.info_type_id)
              Filter: ((info)::text = 'genres'::text)
Planning time: 3.239 ms
Execution time: 192.671 ms
