Aggregate  (cost=673167.00..673168.00 rows=1 width=96) (actual time=234.611..234.611 rows=1 loops=1)
  ->  Nested Loop  (cost=654901.00..673167.00 rows=1 width=41) (actual time=160.564..234.438 rows=397 loops=1)
        ->  Nested Loop  (cost=654901.00..673127.00 rows=19 width=45) (actual time=160.561..234.024 rows=397 loops=1)
              ->  Nested Loop  (cost=654901.00..667772.00 rows=63 width=53) (actual time=160.036..175.192 rows=5674 loops=1)
                    ->  Merge Join  (cost=654901.00..659226.00 rows=4273 width=38) (actual time=160.031..162.206 rows=6610 loops=1)
                          Merge Cond: (mc.company_type_id = ct.id)
                          ->  Sort  (cost=654897.00..654897.00 rows=17301 width=42) (actual time=158.688..159.921 rows=17301 loops=1)
                                Sort Key: mc.company_type_id
                                Sort Method: quicksort  Memory: 2298kB
                                ->  Nested Loop  (cost=0.00..654897.00 rows=17301 width=42) (actual time=0.518..155.144 rows=17301 loops=1)
                                      ->  Nested Loop  (cost=0.00..594192.00 rows=4047 width=30) (actual time=0.513..139.877 rows=4047 loops=1)
                                            ->  Nested Loop  (cost=0.00..562494.00 rows=15849 width=9) (actual time=0.030..103.246 rows=15849 loops=1)
                                                  ->  Seq Scan on info_type it2  (cost=0.00..113.00 rows=1 width=4) (actual time=0.012..0.013 rows=1 loops=1)
                                                        Filter: ((info)::text = 'rating'::text)
                                                        Rows Removed by Filter: 112
                                                  ->  Index Scan using info_type_id_movie_info_idx on movie_info_idx mi_idx  (cost=0.00..552014.00 rows=10367 width=13) (actual time=0.018..101.551 rows=15849 loops=1)
                                                        Index Cond: (info_type_id = it2.id)
                                                        Filter: (info > '8.0'::text)
                                                        Rows Removed by Filter: 444076
                                            ->  Index Scan using title_pkey on title t  (cost=0.00..2.00 rows=1 width=21) (actual time=0.002..0.002 rows=0 loops=15849)
                                                  Index Cond: (id = mi_idx.movie_id)
                                                  Filter: ((production_year >= 2005) AND (production_year <= 2008))
                                                  Rows Removed by Filter: 1
                                      ->  Index Scan using movie_id_movie_companies on movie_companies mc  (cost=0.00..10.00 rows=5 width=12) (actual time=0.002..0.003 rows=4 loops=4047)
                                            Index Cond: (movie_id = t.id)
                          ->  Sort  (cost=4.00..4.00 rows=1 width=4) (actual time=0.009..0.009 rows=1 loops=1)
                                Sort Key: ct.id
                                Sort Method: quicksort  Memory: 25kB
                                ->  Seq Scan on company_type ct  (cost=0.00..4.00 rows=1 width=4) (actual time=0.004..0.005 rows=1 loops=1)
                                      Filter: ((kind)::text = 'production companies'::text)
                                      Rows Removed by Filter: 3
                    ->  Index Scan using company_name_pkey on company_name cn  (cost=0.00..2.00 rows=1 width=23) (actual time=0.002..0.002 rows=1 loops=6610)
                          Index Cond: (id = mc.company_id)
                          Filter: ((country_code)::text = '[us]'::text)
                          Rows Removed by Filter: 0
              ->  Index Scan using movie_id_movie_info on movie_info mi  (cost=0.00..84.00 rows=1 width=8) (actual time=0.010..0.010 rows=0 loops=5674)
                    Index Cond: (movie_id = t.id)
                    Filter: (info = ANY ('{Drama,Horror}'::text[]))
                    Rows Removed by Filter: 28
        ->  Index Scan using info_type_pkey on info_type it1  (cost=0.00..2.00 rows=1 width=4) (actual time=0.001..0.001 rows=1 loops=397)
              Index Cond: (id = mi.info_type_id)
              Filter: ((info)::text = 'genres'::text)
Planning time: 3.219 ms
Execution time: 234.667 ms
