Aggregate  (cost=644394.00..644395.00 rows=1 width=96) (actual time=250.644..250.644 rows=1 loops=1)
  ->  Nested Loop  (cost=636121.00..644394.00 rows=1 width=41) (actual time=172.447..250.466 rows=397 loops=1)
        ->  Nested Loop  (cost=636121.00..644334.00 rows=29 width=45) (actual time=172.443..250.047 rows=397 loops=1)
              ->  Nested Loop  (cost=636121.00..640254.00 rows=48 width=53) (actual time=171.789..187.467 rows=5674 loops=1)
                    ->  Merge Join  (cost=636121.00..639808.00 rows=223 width=38) (actual time=171.783..174.033 rows=6610 loops=1)
                          Merge Cond: (mc.company_type_id = ct.id)
                          ->  Sort  (cost=636117.00..636117.00 rows=14749 width=42) (actual time=170.455..171.695 rows=17301 loops=1)
                                Sort Key: mc.company_type_id
                                Sort Method: quicksort  Memory: 2298kB
                                ->  Nested Loop  (cost=0.00..636117.00 rows=14749 width=42) (actual time=0.593..166.864 rows=17301 loops=1)
                                      ->  Nested Loop  (cost=0.00..594192.00 rows=2795 width=30) (actual time=0.587..151.205 rows=4047 loops=1)
                                            ->  Nested Loop  (cost=0.00..562494.00 rows=15849 width=9) (actual time=0.066..113.358 rows=15849 loops=1)
                                                  ->  Seq Scan on info_type it2  (cost=0.00..113.00 rows=1 width=4) (actual time=0.012..0.013 rows=1 loops=1)
                                                        Filter: ((info)::text = 'rating'::text)
                                                        Rows Removed by Filter: 112
                                                  ->  Index Scan using info_type_id_movie_info_idx on movie_info_idx mi_idx  (cost=0.00..552014.00 rows=10367 width=13) (actual time=0.053..111.657 rows=15849 loops=1)
                                                        Index Cond: (info_type_id = it2.id)
                                                        Filter: (info > '8.0'::text)
                                                        Rows Removed by Filter: 444076
                                            ->  Index Scan using title_pkey on title t  (cost=0.00..2.00 rows=1 width=21) (actual time=0.002..0.002 rows=0 loops=15849)
                                                  Index Cond: (id = mi_idx.movie_id)
                                                  Filter: ((production_year >= 2005) AND (production_year <= 2008))
                                                  Rows Removed by Filter: 1
                                      ->  Index Scan using movie_id_movie_companies on movie_companies mc  (cost=0.00..10.00 rows=5 width=12) (actual time=0.002..0.003 rows=4 loops=4047)
                                            Index Cond: (movie_id = t.id)
                          ->  Sort  (cost=4.00..4.00 rows=1 width=4) (actual time=0.008..0.008 rows=1 loops=1)
                                Sort Key: ct.id
                                Sort Method: quicksort  Memory: 25kB
                                ->  Seq Scan on company_type ct  (cost=0.00..4.00 rows=1 width=4) (actual time=0.003..0.004 rows=1 loops=1)
                                      Filter: ((kind)::text = 'production companies'::text)
                                      Rows Removed by Filter: 3
                    ->  Index Scan using company_name_pkey on company_name cn  (cost=0.00..2.00 rows=1 width=23) (actual time=0.002..0.002 rows=1 loops=6610)
                          Index Cond: (id = mc.company_id)
                          Filter: ((country_code)::text = '[us]'::text)
                          Rows Removed by Filter: 0
              ->  Index Scan using movie_id_movie_info on movie_info mi  (cost=0.00..84.00 rows=1 width=8) (actual time=0.011..0.011 rows=0 loops=5674)
                    Index Cond: (movie_id = t.id)
                    Filter: (info = ANY ('{Drama,Horror}'::text[]))
                    Rows Removed by Filter: 28
        ->  Index Scan using info_type_pkey on info_type it1  (cost=0.00..2.00 rows=1 width=4) (actual time=0.001..0.001 rows=1 loops=397)
              Index Cond: (id = mi.info_type_id)
              Filter: ((info)::text = 'genres'::text)
Planning time: 3.248 ms
Execution time: 250.712 ms
