Aggregate  (cost=951559.00..951560.00 rows=1 width=96) (actual time=197.537..197.537 rows=1 loops=1)
  ->  Nested Loop  (cost=0.00..951559.00 rows=18 width=41) (actual time=8.055..197.351 rows=397 loops=1)
        ->  Nested Loop  (cost=0.00..951491.00 rows=30 width=45) (actual time=8.010..196.614 rows=707 loops=1)
              ->  Nested Loop  (cost=0.00..947661.00 rows=1915 width=30) (actual time=7.045..191.928 rows=1934 loops=1)
                    ->  Nested Loop  (cost=0.00..939306.00 rows=557 width=34) (actual time=7.039..189.215 rows=557 loops=1)
                          ->  Nested Loop  (cost=0.00..938187.00 rows=557 width=38) (actual time=7.036..188.580 rows=557 loops=1)
                                ->  Nested Loop  (cost=0.00..594192.00 rows=4047 width=30) (actual time=0.519..142.858 rows=4047 loops=1)
                                      ->  Nested Loop  (cost=0.00..562494.00 rows=15849 width=9) (actual time=0.031..104.449 rows=15849 loops=1)
                                            ->  Seq Scan on info_type it2  (cost=0.00..113.00 rows=1 width=4) (actual time=0.012..0.014 rows=1 loops=1)
                                                  Filter: ((info)::text = 'rating'::text)
                                                  Rows Removed by Filter: 112
                                            ->  Index Scan using info_type_id_movie_info_idx on movie_info_idx mi_idx  (cost=0.00..552014.00 rows=10367 width=13) (actual time=0.018..102.814 rows=15849 loops=1)
                                                  Index Cond: (info_type_id = it2.id)
                                                  Filter: (info > '8.0'::text)
                                                  Rows Removed by Filter: 444076
                                      ->  Index Scan using title_pkey on title t  (cost=0.00..2.00 rows=1 width=21) (actual time=0.002..0.002 rows=0 loops=15849)
                                            Index Cond: (id = mi_idx.movie_id)
                                            Filter: ((production_year >= 2005) AND (production_year <= 2008))
                                            Rows Removed by Filter: 1
                                ->  Index Scan using movie_id_movie_info on movie_info mi  (cost=0.00..84.00 rows=1 width=8) (actual time=0.011..0.011 rows=0 loops=4047)
                                      Index Cond: (movie_id = t.id)
                                      Filter: (info = ANY ('{Drama,Horror}'::text[]))
                                      Rows Removed by Filter: 21
                          ->  Index Scan using info_type_pkey on info_type it1  (cost=0.00..2.00 rows=1 width=4) (actual time=0.001..0.001 rows=1 loops=557)
                                Index Cond: (id = mi.info_type_id)
                                Filter: ((info)::text = 'genres'::text)
                    ->  Index Scan using movie_id_movie_companies on movie_companies mc  (cost=0.00..10.00 rows=5 width=12) (actual time=0.003..0.004 rows=3 loops=557)
                          Index Cond: (movie_id = t.id)
              ->  Index Scan using company_name_pkey on company_name cn  (cost=0.00..2.00 rows=1 width=23) (actual time=0.002..0.002 rows=0 loops=1934)
                    Index Cond: (id = mc.company_id)
                    Filter: ((country_code)::text = '[us]'::text)
                    Rows Removed by Filter: 1
        ->  Index Scan using company_type_pkey on company_type ct  (cost=0.00..2.00 rows=1 width=4) (actual time=0.001..0.001 rows=1 loops=707)
              Index Cond: (id = mc.company_type_id)
              Filter: ((kind)::text = 'production companies'::text)
              Rows Removed by Filter: 0
Planning time: 3.258 ms
Execution time: 197.586 ms
