Aggregate  (cost=854962.00..854963.00 rows=1 width=64) (actual time=0.447..0.447 rows=1 loops=1)
  ->  Nested Loop  (cost=0.00..854962.00 rows=3 width=59) (actual time=0.117..0.441 rows=10 loops=1)
        ->  Nested Loop  (cost=0.00..854948.00 rows=7 width=63) (actual time=0.115..0.430 rows=10 loops=1)
              ->  Nested Loop  (cost=0.00..854910.00 rows=19 width=67) (actual time=0.112..0.359 rows=33 loops=1)
                    ->  Nested Loop  (cost=0.00..854865.00 rows=3 width=71) (actual time=0.109..0.340 rows=2 loops=1)
                          ->  Nested Loop  (cost=0.00..854072.00 rows=395 width=75) (actual time=0.047..0.147 rows=221 loops=1)
                                ->  Nested Loop  (cost=0.00..852560.00 rows=12 width=25) (actual time=0.042..0.053 rows=2 loops=1)
                                      ->  Nested Loop  (cost=0.00..828134.00 rows=12213 width=4) (actual time=0.017..0.020 rows=10 loops=1)
                                            ->  Seq Scan on info_type it2  (cost=0.00..113.00 rows=1 width=4) (actual time=0.012..0.012 rows=1 loops=1)
                                                  Filter: ((info)::text = 'bottom 10 rank'::text)
                                                  Rows Removed by Filter: 112
                                            ->  Index Scan using info_type_id_movie_info_idx on movie_info_idx mi_idx  (cost=0.00..552014.00 rows=276007 width=8) (actual time=0.004..0.006 rows=10 loops=1)
                                                  Index Cond: (info_type_id = it2.id)
                                      ->  Index Scan using title_pkey on title t  (cost=0.00..2.00 rows=1 width=21) (actual time=0.003..0.003 rows=0 loops=10)
                                            Index Cond: (id = mi_idx.movie_id)
                                            Filter: ((production_year > 2000) AND ((title ~~ 'Birdemic%'::text) OR (title ~~ '%Movie%'::text)))
                                            Rows Removed by Filter: 1
                                ->  Index Scan using movie_id_movie_info on movie_info mi  (cost=0.00..84.00 rows=42 width=50) (actual time=0.004..0.031 rows=110 loops=2)
                                      Index Cond: (movie_id = t.id)
                          ->  Index Scan using info_type_pkey on info_type it1  (cost=0.00..2.00 rows=1 width=4) (actual time=0.001..0.001 rows=0 loops=221)
                                Index Cond: (id = mi.info_type_id)
                                Filter: ((info)::text = 'budget'::text)
                                Rows Removed by Filter: 1
                    ->  Index Scan using movie_id_movie_companies on movie_companies mc  (cost=0.00..10.00 rows=5 width=12) (actual time=0.003..0.007 rows=16 loops=2)
                          Index Cond: (movie_id = t.id)
              ->  Index Scan using company_name_pkey on company_name cn  (cost=0.00..2.00 rows=1 width=4) (actual time=0.002..0.002 rows=0 loops=33)
                    Index Cond: (id = mc.company_id)
                    Filter: ((country_code)::text = '[us]'::text)
                    Rows Removed by Filter: 1
        ->  Index Scan using company_type_pkey on company_type ct  (cost=0.00..2.00 rows=1 width=4) (actual time=0.001..0.001 rows=1 loops=10)
              Index Cond: (id = mc.company_type_id)
              Filter: ((kind IS NOT NULL) AND (((kind)::text = 'production companies'::text) OR ((kind)::text = 'distributors'::text)))
Planning time: 3.167 ms
Execution time: 0.492 ms
