Aggregate  (cost=442342.00..442343.00 rows=1 width=96) (actual time=1398.664..1398.664 rows=1 loops=1)
  ->  Nested Loop  (cost=0.00..442342.00 rows=2 width=41) (actual time=0.146..1396.745 rows=4711 loops=1)
        ->  Nested Loop  (cost=0.00..442332.00 rows=5 width=26) (actual time=0.143..1357.415 rows=15537 loops=1)
              ->  Nested Loop  (cost=0.00..442285.00 rows=21 width=30) (actual time=0.134..1316.732 rows=45006 loops=1)
                    ->  Nested Loop  (cost=0.00..442225.00 rows=4 width=34) (actual time=0.128..1276.650 rows=7964 loops=1)
                          ->  Nested Loop  (cost=0.00..441301.00 rows=460 width=38) (actual time=0.063..1259.287 rows=15916 loops=1)
                                ->  Nested Loop  (cost=0.00..433608.00 rows=1099 width=25) (actual time=0.033..1044.129 rows=108173 loops=1)
                                      ->  Nested Loop  (cost=0.00..428286.00 rows=2661 width=4) (actual time=0.021..415.237 rows=325255 loops=1)
                                            ->  Seq Scan on info_type it1  (cost=0.00..113.00 rows=1 width=4) (actual time=0.007..0.014 rows=1 loops=1)
                                                  Filter: ((info)::text = 'genres'::text)
                                                  Rows Removed by Filter: 112
                                            ->  Index Scan using info_type_id_movie_info on movie_info mi  (cost=0.00..423878.00 rows=4295 width=8) (actual time=0.013..382.879 rows=325255 loops=1)
                                                  Index Cond: (info_type_id = it1.id)
                                                  Filter: (info = ANY ('{Drama,Horror,Western,Family}'::text[]))
                                                  Rows Removed by Filter: 1208654
                                      ->  Index Scan using title_pkey on title t  (cost=0.00..2.00 rows=1 width=21) (actual time=0.002..0.002 rows=0 loops=325255)
                                            Index Cond: (id = mi.movie_id)
                                            Filter: ((production_year >= 2000) AND (production_year <= 2010))
                                            Rows Removed by Filter: 1
                                ->  Index Scan using movie_id_movie_info_idx on movie_info_idx mi_idx  (cost=0.00..6.00 rows=1 width=13) (actual time=0.002..0.002 rows=0 loops=108173)
                                      Index Cond: (movie_id = t.id)
                                      Filter: (info > '7.0'::text)
                                      Rows Removed by Filter: 1
                          ->  Index Scan using info_type_pkey on info_type it2  (cost=0.00..2.00 rows=1 width=4) (actual time=0.001..0.001 rows=1 loops=15916)
                                Index Cond: (id = mi_idx.info_type_id)
                                Filter: ((info)::text = 'rating'::text)
                                Rows Removed by Filter: 0
                    ->  Index Scan using movie_id_movie_companies on movie_companies mc  (cost=0.00..10.00 rows=5 width=12) (actual time=0.003..0.004 rows=6 loops=7964)
                          Index Cond: (movie_id = t.id)
              ->  Index Scan using company_type_pkey on company_type ct  (cost=0.00..2.00 rows=1 width=4) (actual time=0.001..0.001 rows=0 loops=45006)
                    Index Cond: (id = mc.company_type_id)
                    Filter: ((kind)::text = 'production companies'::text)
                    Rows Removed by Filter: 1
        ->  Index Scan using company_name_pkey on company_name cn  (cost=0.00..2.00 rows=1 width=23) (actual time=0.002..0.002 rows=0 loops=15537)
              Index Cond: (id = mc.company_id)
              Filter: ((country_code)::text = '[us]'::text)
              Rows Removed by Filter: 1
Planning time: 3.322 ms
Execution time: 1398.723 ms
