Aggregate  (cost=1282246.00..1282247.00 rows=1 width=96) (actual time=804.814..804.814 rows=1 loops=1)
  ->  Nested Loop  (cost=1268712.00..1282246.00 rows=201 width=41) (actual time=767.247..803.117 rows=4711 loops=1)
        ->  Merge Join  (cost=1268712.00..1281716.00 rows=265 width=26) (actual time=767.236..771.459 rows=15537 loops=1)
              Merge Cond: (mc.company_type_id = ct.id)
              ->  Sort  (cost=1268708.00..1268708.00 rows=52015 width=30) (actual time=764.127..766.843 rows=45006 loops=1)
                    Sort Key: mc.company_type_id
                    Sort Method: quicksort  Memory: 5130kB
                    ->  Nested Loop  (cost=1018930.00..1268708.00 rows=52015 width=30) (actual time=603.320..756.887 rows=45006 loops=1)
                          ->  Nested Loop  (cost=1018930.00..1149248.00 rows=7964 width=34) (actual time=603.300..719.356 rows=7964 loops=1)
                                ->  Merge Join  (cost=1018930.00..1104874.00 rows=22187 width=13) (actual time=603.281..663.629 rows=22187 loops=1)
                                      Merge Cond: (mi.movie_id = mi_idx.movie_id)
                                      ->  Sort  (cost=428286.00..428286.00 rows=325255 width=4) (actual time=457.621..475.621 rows=325235 loops=1)
                                            Sort Key: mi.movie_id
                                            Sort Method: quicksort  Memory: 27535kB
                                            ->  Nested Loop  (cost=0.00..428286.00 rows=325255 width=4) (actual time=0.025..387.663 rows=325255 loops=1)
                                                  ->  Seq Scan on info_type it1  (cost=0.00..113.00 rows=1 width=4) (actual time=0.007..0.015 rows=1 loops=1)
                                                        Filter: ((info)::text = 'genres'::text)
                                                        Rows Removed by Filter: 112
                                                  ->  Index Scan using info_type_id_movie_info on movie_info mi  (cost=0.00..423878.00 rows=4295 width=8) (actual time=0.017..358.543 rows=325255 loops=1)
                                                        Index Cond: (info_type_id = it1.id)
                                                        Filter: (info = ANY ('{Drama,Horror,Western,Family}'::text[]))
                                                        Rows Removed by Filter: 1208654
                                      ->  Sort  (cost=590644.00..590644.00 rows=121572 width=9) (actual time=145.639..152.525 rows=122915 loops=1)
                                            Sort Key: mi_idx.movie_id
                                            Sort Method: quicksort  Memory: 8771kB
                                            ->  Nested Loop  (cost=0.00..590644.00 rows=121572 width=9) (actual time=0.037..120.975 rows=121572 loops=1)
                                                  ->  Seq Scan on info_type it2  (cost=0.00..113.00 rows=1 width=4) (actual time=0.012..0.014 rows=1 loops=1)
                                                        Filter: ((info)::text = 'rating'::text)
                                                        Rows Removed by Filter: 112
                                                  ->  Index Scan using info_type_id_movie_info_idx on movie_info_idx mi_idx  (cost=0.00..552014.00 rows=38517 width=13) (actual time=0.023..109.431 rows=121572 loops=1)
                                                        Index Cond: (info_type_id = it2.id)
                                                        Filter: (info > '7.0'::text)
                                                        Rows Removed by Filter: 338353
                                ->  Index Scan using title_pkey on title t  (cost=0.00..2.00 rows=1 width=21) (actual time=0.002..0.002 rows=0 loops=22187)
                                      Index Cond: (id = mi.movie_id)
                                      Filter: ((production_year >= 2000) AND (production_year <= 2010))
                                      Rows Removed by Filter: 1
                          ->  Index Scan using movie_id_movie_companies on movie_companies mc  (cost=0.00..10.00 rows=5 width=12) (actual time=0.002..0.004 rows=6 loops=7964)
                                Index Cond: (movie_id = t.id)
              ->  Sort  (cost=4.00..4.00 rows=1 width=4) (actual time=0.014..0.014 rows=1 loops=1)
                    Sort Key: ct.id
                    Sort Method: quicksort  Memory: 25kB
                    ->  Seq Scan on company_type ct  (cost=0.00..4.00 rows=1 width=4) (actual time=0.006..0.007 rows=1 loops=1)
                          Filter: ((kind)::text = 'production companies'::text)
                          Rows Removed by Filter: 3
        ->  Index Scan using company_name_pkey on company_name cn  (cost=0.00..2.00 rows=1 width=23) (actual time=0.002..0.002 rows=0 loops=15537)
              Index Cond: (id = mc.company_id)
              Filter: ((country_code)::text = '[us]'::text)
              Rows Removed by Filter: 1
Planning time: 3.269 ms
Execution time: 804.887 ms
