Aggregate  (cost=4006778.00..4006779.00 rows=1 width=96) (actual time=2307.206..2307.206 rows=1 loops=1)
  ->  Merge Join  (cost=4005940.00..4006778.00 rows=511 width=64) (actual time=2255.484..2280.681 rows=111101 loops=1)
        Merge Cond: (mi.info_type_id = it2.id)
        ->  Sort  (cost=4005827.00..4005827.00 rows=94678 width=68) (actual time=2203.206..2239.186 rows=370744 loops=1)
              Sort Key: mi.info_type_id
              Sort Method: quicksort  Memory: 88871kB
              ->  Nested Loop  (cost=3438263.00..4005827.00 rows=94678 width=68) (actual time=1724.660..2069.026 rows=516327 loops=1)
                    ->  Merge Join  (cost=3438263.00..3438701.00 rows=4501 width=34) (actual time=1724.646..1731.397 rows=16470 loops=1)
                          Merge Cond: (miidx.info_type_id = it.id)
                          ->  Sort  (cost=3438150.00..3438150.00 rows=49448 width=38) (actual time=1719.703..1724.868 rows=49411 loops=1)
                                Sort Key: miidx.info_type_id
                                Sort Method: quicksort  Memory: 6141kB
                                ->  Nested Loop  (cost=3132288.00..3438150.00 rows=49448 width=38) (actual time=1612.603..1706.458 rows=49448 loops=1)
                                      ->  Merge Join  (cost=3132288.00..3142473.00 rows=32853 width=25) (actual time=1612.587..1623.183 rows=32853 loops=1)
                                            Merge Cond: (t.kind_id = kt.id)
                                            ->  Sort  (cost=3132281.00..3132281.00 rows=71294 width=29) (actual time=1612.563..1616.847 rows=32854 loops=1)
                                                  Sort Key: t.kind_id
                                                  Sort Method: quicksort  Memory: 9170kB
                                                  ->  Nested Loop  (cost=2952660.00..3132281.00 rows=71294 width=29) (actual time=1392.095..1595.018 rows=71294 loops=1)
                                                        ->  Merge Join  (cost=2952660.00..2989693.00 rows=71294 width=4) (actual time=1392.073..1411.258 rows=71294 loops=1)
                                                              Merge Cond: (mc.company_type_id = ct.id)
                                                              ->  Sort  (cost=2952656.00..2952656.00 rows=148132 width=8) (actual time=1383.992..1394.779 rows=148132 loops=1)
                                                                    Sort Key: mc.company_type_id
                                                                    Sort Method: quicksort  Memory: 13088kB
                                                                    ->  Merge Join  (cost=2844126.00..2952656.00 rows=148132 width=8) (actual time=899.450..1368.728 rows=148132 loops=1)
                                                                          Merge Cond: (cn.id = mc.company_id)
                                                                          ->  Sort  (cost=234997.00..234997.00 rows=9775 width=4) (actual time=27.348..28.694 rows=9775 loops=1)
                                                                                Sort Key: cn.id
                                                                                Sort Method: quicksort  Memory: 843kB
                                                                                ->  Seq Scan on company_name cn  (cost=0.00..234997.00 rows=9775 width=4) (actual time=0.023..24.793 rows=9775 loops=1)
                                                                                      Filter: ((country_code)::text = '[de]'::text)
                                                                                      Rows Removed by Filter: 225222
                                                                          ->  Sort  (cost=2609129.00..2609129.00 rows=2609129 width=12) (actual time=849.479..1132.884 rows=2609123 loops=1)
                                                                                Sort Key: mc.company_id
                                                                                Sort Method: quicksort  Memory: 220607kB
                                                                                ->  Seq Scan on movie_companies mc  (cost=0.00..2609129.00 rows=2609129 width=12) (actual time=0.007..301.458 rows=2609129 loops=1)
                                                              ->  Sort  (cost=4.00..4.00 rows=1 width=4) (actual time=0.033..0.033 rows=1 loops=1)
                                                                    Sort Key: ct.id
                                                                    Sort Method: quicksort  Memory: 25kB
                                                                    ->  Seq Scan on company_type ct  (cost=0.00..4.00 rows=1 width=4) (actual time=0.020..0.021 rows=1 loops=1)
                                                                          Filter: ((kind)::text = 'production companies'::text)
                                                                          Rows Removed by Filter: 3
                                                        ->  Index Scan using title_pkey on title t  (cost=0.00..2.00 rows=1 width=25) (actual time=0.002..0.002 rows=1 loops=71294)
                                                              Index Cond: (id = mc.movie_id)
                                            ->  Sort  (cost=7.00..7.00 rows=1 width=4) (actual time=0.021..0.021 rows=1 loops=1)
                                                  Sort Key: kt.id
                                                  Sort Method: quicksort  Memory: 25kB
                                                  ->  Seq Scan on kind_type kt  (cost=0.00..7.00 rows=1 width=4) (actual time=0.009..0.010 rows=1 loops=1)
                                                        Filter: ((kind)::text = 'movie'::text)
                                                        Rows Removed by Filter: 6
                                      ->  Index Scan using movie_id_movie_info_idx on movie_info_idx miidx  (cost=0.00..6.00 rows=3 width=13) (actual time=0.002..0.002 rows=2 loops=32853)
                                            Index Cond: (movie_id = t.id)
                          ->  Sort  (cost=113.00..113.00 rows=1 width=4) (actual time=0.028..0.028 rows=1 loops=1)
                                Sort Key: it.id
                                Sort Method: quicksort  Memory: 25kB
                                ->  Seq Scan on info_type it  (cost=0.00..113.00 rows=1 width=4) (actual time=0.017..0.018 rows=1 loops=1)
                                      Filter: ((info)::text = 'rating'::text)
                                      Rows Removed by Filter: 112
                    ->  Index Scan using movie_id_movie_info on movie_info mi  (cost=0.00..84.00 rows=42 width=50) (actual time=0.004..0.016 rows=31 loops=16470)
                          Index Cond: (movie_id = t.id)
        ->  Sort  (cost=113.00..113.00 rows=1 width=4) (actual time=0.028..0.029 rows=1 loops=1)
              Sort Key: it2.id
              Sort Method: quicksort  Memory: 25kB
              ->  Seq Scan on info_type it2  (cost=0.00..113.00 rows=1 width=4) (actual time=0.013..0.017 rows=1 loops=1)
                    Filter: ((info)::text = 'release dates'::text)
                    Rows Removed by Filter: 112
Planning time: 4.637 ms
Execution time: 2310.680 ms
