Aggregate  (cost=4006778.00..4006779.00 rows=1 width=96) (actual time=2327.055..2327.055 rows=1 loops=1)
  ->  Merge Join  (cost=4005940.00..4006778.00 rows=511 width=64) (actual time=2275.159..2300.510 rows=111101 loops=1)
        Merge Cond: (mi.info_type_id = it2.id)
        ->  Sort  (cost=4005827.00..4005827.00 rows=94678 width=68) (actual time=2222.381..2258.812 rows=370744 loops=1)
              Sort Key: mi.info_type_id
              Sort Method: quicksort  Memory: 88871kB
              ->  Nested Loop  (cost=3438263.00..4005827.00 rows=94678 width=68) (actual time=1739.838..2087.752 rows=516327 loops=1)
                    ->  Merge Join  (cost=3438263.00..3438701.00 rows=4501 width=34) (actual time=1739.825..1746.597 rows=16470 loops=1)
                          Merge Cond: (miidx.info_type_id = it.id)
                          ->  Sort  (cost=3438150.00..3438150.00 rows=49448 width=38) (actual time=1734.977..1740.085 rows=49411 loops=1)
                                Sort Key: miidx.info_type_id
                                Sort Method: quicksort  Memory: 6141kB
                                ->  Nested Loop  (cost=3132288.00..3438150.00 rows=49448 width=38) (actual time=1626.972..1721.710 rows=49448 loops=1)
                                      ->  Merge Join  (cost=3132288.00..3142473.00 rows=32853 width=25) (actual time=1626.946..1637.643 rows=32853 loops=1)
                                            Merge Cond: (t.kind_id = kt.id)
                                            ->  Sort  (cost=3132281.00..3132281.00 rows=71294 width=29) (actual time=1626.921..1631.297 rows=32854 loops=1)
                                                  Sort Key: t.kind_id
                                                  Sort Method: quicksort  Memory: 9170kB
                                                  ->  Nested Loop  (cost=2952660.00..3132281.00 rows=71294 width=29) (actual time=1394.179..1608.830 rows=71294 loops=1)
                                                        ->  Merge Join  (cost=2952660.00..2989693.00 rows=71294 width=4) (actual time=1394.159..1414.095 rows=71294 loops=1)
                                                              Merge Cond: (mc.company_type_id = ct.id)
                                                              ->  Sort  (cost=2952656.00..2952656.00 rows=148132 width=8) (actual time=1385.912..1396.960 rows=148132 loops=1)
                                                                    Sort Key: mc.company_type_id
                                                                    Sort Method: quicksort  Memory: 13088kB
                                                                    ->  Merge Join  (cost=2844126.00..2952656.00 rows=148132 width=8) (actual time=899.262..1370.662 rows=148132 loops=1)
                                                                          Merge Cond: (cn.id = mc.company_id)
                                                                          ->  Sort  (cost=234997.00..234997.00 rows=9775 width=4) (actual time=27.333..28.686 rows=9775 loops=1)
                                                                                Sort Key: cn.id
                                                                                Sort Method: quicksort  Memory: 843kB
                                                                                ->  Seq Scan on company_name cn  (cost=0.00..234997.00 rows=9775 width=4) (actual time=0.009..24.740 rows=9775 loops=1)
                                                                                      Filter: ((country_code)::text = '[de]'::text)
                                                                                      Rows Removed by Filter: 225222
                                                                          ->  Sort  (cost=2609129.00..2609129.00 rows=2609129 width=12) (actual time=849.308..1134.504 rows=2609123 loops=1)
                                                                                Sort Key: mc.company_id
                                                                                Sort Method: quicksort  Memory: 220607kB
                                                                                ->  Seq Scan on movie_companies mc  (cost=0.00..2609129.00 rows=2609129 width=12) (actual time=0.009..301.372 rows=2609129 loops=1)
                                                              ->  Sort  (cost=4.00..4.00 rows=1 width=4) (actual time=0.037..0.037 rows=1 loops=1)
                                                                    Sort Key: ct.id
                                                                    Sort Method: quicksort  Memory: 25kB
                                                                    ->  Seq Scan on company_type ct  (cost=0.00..4.00 rows=1 width=4) (actual time=0.014..0.025 rows=1 loops=1)
                                                                          Filter: ((kind)::text = 'production companies'::text)
                                                                          Rows Removed by Filter: 3
                                                        ->  Index Scan using title_pkey on title t  (cost=0.00..2.00 rows=1 width=25) (actual time=0.002..0.002 rows=1 loops=71294)
                                                              Index Cond: (id = mc.movie_id)
                                            ->  Sort  (cost=7.00..7.00 rows=1 width=4) (actual time=0.021..0.022 rows=1 loops=1)
                                                  Sort Key: kt.id
                                                  Sort Method: quicksort  Memory: 25kB
                                                  ->  Seq Scan on kind_type kt  (cost=0.00..7.00 rows=1 width=4) (actual time=0.010..0.011 rows=1 loops=1)
                                                        Filter: ((kind)::text = 'movie'::text)
                                                        Rows Removed by Filter: 6
                                      ->  Index Scan using movie_id_movie_info_idx on movie_info_idx miidx  (cost=0.00..6.00 rows=3 width=13) (actual time=0.002..0.002 rows=2 loops=32853)
                                            Index Cond: (movie_id = t.id)
                          ->  Sort  (cost=113.00..113.00 rows=1 width=4) (actual time=0.026..0.026 rows=1 loops=1)
                                Sort Key: it.id
                                Sort Method: quicksort  Memory: 25kB
                                ->  Seq Scan on info_type it  (cost=0.00..113.00 rows=1 width=4) (actual time=0.015..0.016 rows=1 loops=1)
                                      Filter: ((info)::text = 'rating'::text)
                                      Rows Removed by Filter: 112
                    ->  Index Scan using movie_id_movie_info on movie_info mi  (cost=0.00..84.00 rows=42 width=50) (actual time=0.004..0.016 rows=31 loops=16470)
                          Index Cond: (movie_id = t.id)
        ->  Sort  (cost=113.00..113.00 rows=1 width=4) (actual time=0.030..0.030 rows=1 loops=1)
              Sort Key: it2.id
              Sort Method: quicksort  Memory: 25kB
              ->  Seq Scan on info_type it2  (cost=0.00..113.00 rows=1 width=4) (actual time=0.013..0.018 rows=1 loops=1)
                    Filter: ((info)::text = 'release dates'::text)
                    Rows Removed by Filter: 112
Planning time: 4.772 ms
Execution time: 2330.273 ms
