Aggregate  (cost=907296.00..907297.00 rows=1 width=96) (actual time=2889.453..2889.453 rows=1 loops=1)
  ->  Hash Join  (cost=852686.00..907296.00 rows=28 width=64) (actual time=1137.871..2855.604 rows=111101 loops=1)
        Hash Cond: (mi.info_type_id = it2.id)
        ->  Nested Loop  (cost=852572.00..904097.00 rows=3113 width=68) (actual time=1137.845..2805.151 rows=516327 loops=1)
              ->  Nested Loop  (cost=852572.00..892001.00 rows=96 width=34) (actual time=1137.835..2546.292 rows=16470 loops=1)
                    ->  Hash Join  (cost=852572.00..887397.00 rows=2302 width=38) (actual time=1137.317..1912.286 rows=302610 loops=1)
                          Hash Cond: (mc.company_type_id = ct.id)
                          ->  Nested Loop  (cost=852567.00..880487.00 rows=9207 width=42) (actual time=1137.306..1817.184 rows=773084 loops=1)
                                ->  Merge Join  (cost=852567.00..854312.00 rows=1745 width=30) (actual time=1137.295..1211.547 rows=209880 loops=1)
                                      Merge Cond: (t.kind_id = kt.id)
                                      ->  Sort  (cost=852560.00..852560.00 rows=12213 width=34) (actual time=1137.270..1167.405 rows=209881 loops=1)
                                            Sort Key: t.kind_id
                                            Sort Method: quicksort  Memory: 50930kB
                                            ->  Nested Loop  (cost=0.00..852560.00 rows=12213 width=34) (actual time=0.026..1016.133 rows=459925 loops=1)
                                                  ->  Nested Loop  (cost=0.00..828134.00 rows=12213 width=9) (actual time=0.021..162.169 rows=459925 loops=1)
                                                        ->  Seq Scan on info_type it  (cost=0.00..113.00 rows=1 width=4) (actual time=0.008..0.013 rows=1 loops=1)
                                                              Filter: ((info)::text = 'rating'::text)
                                                              Rows Removed by Filter: 112
                                                        ->  Index Scan using info_type_id_movie_info_idx on movie_info_idx miidx  (cost=0.00..552014.00 rows=276007 width=13) (actual time=0.012..98.366 rows=459925 loops=1)
                                                              Index Cond: (info_type_id = it.id)
                                                  ->  Index Scan using title_pkey on title t  (cost=0.00..2.00 rows=1 width=25) (actual time=0.002..0.002 rows=1 loops=459925)
                                                        Index Cond: (id = miidx.movie_id)
                                      ->  Sort  (cost=7.00..7.00 rows=1 width=4) (actual time=0.020..0.020 rows=1 loops=1)
                                            Sort Key: kt.id
                                            Sort Method: quicksort  Memory: 25kB
                                            ->  Seq Scan on kind_type kt  (cost=0.00..7.00 rows=1 width=4) (actual time=0.009..0.009 rows=1 loops=1)
                                                  Filter: ((kind)::text = 'movie'::text)
                                                  Rows Removed by Filter: 6
                                ->  Index Scan using movie_id_movie_companies on movie_companies mc  (cost=0.00..10.00 rows=5 width=12) (actual time=0.001..0.002 rows=4 loops=209880)
                                      Index Cond: (movie_id = t.id)
                          ->  Hash  (cost=4.00..4.00 rows=1 width=4) (actual time=0.004..0.004 rows=1 loops=1)
                                Buckets: 1024  Batches: 1  Memory Usage: 9kB
                                ->  Seq Scan on company_type ct  (cost=0.00..4.00 rows=1 width=4) (actual time=0.003..0.003 rows=1 loops=1)
                                      Filter: ((kind)::text = 'production companies'::text)
                                      Rows Removed by Filter: 3
                    ->  Index Scan using company_name_pkey on company_name cn  (cost=0.00..2.00 rows=1 width=4) (actual time=0.002..0.002 rows=0 loops=302610)
                          Index Cond: (id = mc.company_id)
                          Filter: ((country_code)::text = '[de]'::text)
                          Rows Removed by Filter: 1
              ->  Index Scan using movie_id_movie_info on movie_info mi  (cost=0.00..84.00 rows=42 width=50) (actual time=0.003..0.011 rows=31 loops=16470)
                    Index Cond: (movie_id = t.id)
        ->  Hash  (cost=113.00..113.00 rows=1 width=4) (actual time=0.016..0.016 rows=1 loops=1)
              Buckets: 1024  Batches: 1  Memory Usage: 9kB
              ->  Seq Scan on info_type it2  (cost=0.00..113.00 rows=1 width=4) (actual time=0.009..0.015 rows=1 loops=1)
                    Filter: ((info)::text = 'release dates'::text)
                    Rows Removed by Filter: 112
Planning time: 4.816 ms
Execution time: 2890.562 ms
