Aggregate  (cost=907465.00..907466.00 rows=1 width=96) (actual time=2861.755..2861.755 rows=1 loops=1)
  ->  Hash Join  (cost=852686.00..907465.00 rows=28 width=64) (actual time=1137.490..2827.985 rows=111101 loops=1)
        Hash Cond: (mi.info_type_id = it2.id)
        ->  Nested Loop  (cost=852572.00..904223.00 rows=3156 width=68) (actual time=1137.458..2777.060 rows=516327 loops=1)
              ->  Nested Loop  (cost=852572.00..892001.00 rows=97 width=34) (actual time=1137.448..2512.118 rows=16470 loops=1)
                    ->  Hash Join  (cost=852572.00..887397.00 rows=2302 width=38) (actual time=1136.944..1909.020 rows=302610 loops=1)
                          Hash Cond: (mc.company_type_id = ct.id)
                          ->  Nested Loop  (cost=852567.00..880487.00 rows=9207 width=42) (actual time=1136.924..1814.300 rows=773084 loops=1)
                                ->  Merge Join  (cost=852567.00..854312.00 rows=1745 width=30) (actual time=1136.913..1208.664 rows=209880 loops=1)
                                      Merge Cond: (t.kind_id = kt.id)
                                      ->  Sort  (cost=852560.00..852560.00 rows=12213 width=34) (actual time=1136.892..1165.225 rows=209881 loops=1)
                                            Sort Key: t.kind_id
                                            Sort Method: quicksort  Memory: 50930kB
                                            ->  Nested Loop  (cost=0.00..852560.00 rows=12213 width=34) (actual time=0.034..1017.165 rows=459925 loops=1)
                                                  ->  Nested Loop  (cost=0.00..828134.00 rows=12213 width=9) (actual time=0.025..163.589 rows=459925 loops=1)
                                                        ->  Seq Scan on info_type it  (cost=0.00..113.00 rows=1 width=4) (actual time=0.010..0.014 rows=1 loops=1)
                                                              Filter: ((info)::text = 'rating'::text)
                                                              Rows Removed by Filter: 112
                                                        ->  Index Scan using info_type_id_movie_info_idx on movie_info_idx miidx  (cost=0.00..552014.00 rows=276007 width=13) (actual time=0.014..98.320 rows=459925 loops=1)
                                                              Index Cond: (info_type_id = it.id)
                                                  ->  Index Scan using title_pkey on title t  (cost=0.00..2.00 rows=1 width=25) (actual time=0.002..0.002 rows=1 loops=459925)
                                                        Index Cond: (id = miidx.movie_id)
                                      ->  Sort  (cost=7.00..7.00 rows=1 width=4) (actual time=0.018..0.018 rows=1 loops=1)
                                            Sort Key: kt.id
                                            Sort Method: quicksort  Memory: 25kB
                                            ->  Seq Scan on kind_type kt  (cost=0.00..7.00 rows=1 width=4) (actual time=0.009..0.009 rows=1 loops=1)
                                                  Filter: ((kind)::text = 'movie'::text)
                                                  Rows Removed by Filter: 6
                                ->  Index Scan using movie_id_movie_companies on movie_companies mc  (cost=0.00..10.00 rows=5 width=12) (actual time=0.001..0.002 rows=4 loops=209880)
                                      Index Cond: (movie_id = t.id)
                          ->  Hash  (cost=4.00..4.00 rows=1 width=4) (actual time=0.005..0.005 rows=1 loops=1)
                                Buckets: 1024  Batches: 1  Memory Usage: 9kB
                                ->  Seq Scan on company_type ct  (cost=0.00..4.00 rows=1 width=4) (actual time=0.002..0.002 rows=1 loops=1)
                                      Filter: ((kind)::text = 'production companies'::text)
                                      Rows Removed by Filter: 3
                    ->  Index Scan using company_name_pkey on company_name cn  (cost=0.00..2.00 rows=1 width=4) (actual time=0.002..0.002 rows=0 loops=302610)
                          Index Cond: (id = mc.company_id)
                          Filter: ((country_code)::text = '[de]'::text)
                          Rows Removed by Filter: 1
              ->  Index Scan using movie_id_movie_info on movie_info mi  (cost=0.00..84.00 rows=42 width=50) (actual time=0.003..0.012 rows=31 loops=16470)
                    Index Cond: (movie_id = t.id)
        ->  Hash  (cost=113.00..113.00 rows=1 width=4) (actual time=0.015..0.015 rows=1 loops=1)
              Buckets: 1024  Batches: 1  Memory Usage: 9kB
              ->  Seq Scan on info_type it2  (cost=0.00..113.00 rows=1 width=4) (actual time=0.008..0.014 rows=1 loops=1)
                    Filter: ((info)::text = 'release dates'::text)
                    Rows Removed by Filter: 112
Planning time: 4.668 ms
Execution time: 2862.784 ms
