Aggregate  (cost=3266404.00..3266405.00 rows=1 width=96) (actual time=2165.954..2165.954 rows=1 loops=1)
  ->  Hash Join  (cost=3132516.00..3266404.00 rows=32 width=64) (actual time=1627.482..2132.746 rows=111101 loops=1)
        Hash Cond: (mi.info_type_id = it2.id)
        ->  Nested Loop  (cost=3132402.00..3262762.00 rows=3560 width=68) (actual time=1627.436..2082.418 rows=516327 loops=1)
              ->  Hash Join  (cost=3132402.00..3247642.00 rows=120 width=34) (actual time=1627.419..1746.461 rows=16470 loops=1)
                    Hash Cond: (miidx.info_type_id = it.id)
                    ->  Nested Loop  (cost=3132288.00..3234138.00 rows=13510 width=38) (actual time=1627.385..1739.752 rows=49448 loops=1)
                          ->  Merge Join  (cost=3132288.00..3142473.00 rows=10185 width=25) (actual time=1627.368..1639.144 rows=32853 loops=1)
                                Merge Cond: (t.kind_id = kt.id)
                                ->  Sort  (cost=3132281.00..3132281.00 rows=71294 width=29) (actual time=1627.343..1632.174 rows=32854 loops=1)
                                      Sort Key: t.kind_id
                                      Sort Method: quicksort  Memory: 9170kB
                                      ->  Nested Loop  (cost=2952660.00..3132281.00 rows=71294 width=29) (actual time=1395.433..1609.459 rows=71294 loops=1)
                                            ->  Merge Join  (cost=2952660.00..2989693.00 rows=71294 width=4) (actual time=1395.412..1415.309 rows=71294 loops=1)
                                                  Merge Cond: (mc.company_type_id = ct.id)
                                                  ->  Sort  (cost=2952656.00..2952656.00 rows=148132 width=8) (actual time=1387.308..1398.145 rows=148132 loops=1)
                                                        Sort Key: mc.company_type_id
                                                        Sort Method: quicksort  Memory: 13088kB
                                                        ->  Merge Join  (cost=2844126.00..2952656.00 rows=148132 width=8) (actual time=898.139..1372.094 rows=148132 loops=1)
                                                              Merge Cond: (cn.id = mc.company_id)
                                                              ->  Sort  (cost=234997.00..234997.00 rows=9775 width=4) (actual time=27.419..28.771 rows=9775 loops=1)
                                                                    Sort Key: cn.id
                                                                    Sort Method: quicksort  Memory: 843kB
                                                                    ->  Seq Scan on company_name cn  (cost=0.00..234997.00 rows=9775 width=4) (actual time=0.009..24.845 rows=9775 loops=1)
                                                                          Filter: ((country_code)::text = '[de]'::text)
                                                                          Rows Removed by Filter: 225222
                                                              ->  Sort  (cost=2609129.00..2609129.00 rows=2609129 width=12) (actual time=847.953..1134.224 rows=2609123 loops=1)
                                                                    Sort Key: mc.company_id
                                                                    Sort Method: quicksort  Memory: 220607kB
                                                                    ->  Seq Scan on movie_companies mc  (cost=0.00..2609129.00 rows=2609129 width=12) (actual time=0.008..298.024 rows=2609129 loops=1)
                                                  ->  Sort  (cost=4.00..4.00 rows=1 width=4) (actual time=0.026..0.026 rows=1 loops=1)
                                                        Sort Key: ct.id
                                                        Sort Method: quicksort  Memory: 25kB
                                                        ->  Seq Scan on company_type ct  (cost=0.00..4.00 rows=1 width=4) (actual time=0.013..0.014 rows=1 loops=1)
                                                              Filter: ((kind)::text = 'production companies'::text)
                                                              Rows Removed by Filter: 3
                                            ->  Index Scan using title_pkey on title t  (cost=0.00..2.00 rows=1 width=25) (actual time=0.002..0.002 rows=1 loops=71294)
                                                  Index Cond: (id = mc.movie_id)
                                ->  Sort  (cost=7.00..7.00 rows=1 width=4) (actual time=0.022..0.023 rows=1 loops=1)
                                      Sort Key: kt.id
                                      Sort Method: quicksort  Memory: 25kB
                                      ->  Seq Scan on kind_type kt  (cost=0.00..7.00 rows=1 width=4) (actual time=0.010..0.011 rows=1 loops=1)
                                            Filter: ((kind)::text = 'movie'::text)
                                            Rows Removed by Filter: 6
                          ->  Index Scan using movie_id_movie_info_idx on movie_info_idx miidx  (cost=0.00..6.00 rows=3 width=13) (actual time=0.002..0.003 rows=2 loops=32853)
                                Index Cond: (movie_id = t.id)
                    ->  Hash  (cost=113.00..113.00 rows=1 width=4) (actual time=0.011..0.011 rows=1 loops=1)
                          Buckets: 1024  Batches: 1  Memory Usage: 9kB
                          ->  Seq Scan on info_type it  (cost=0.00..113.00 rows=1 width=4) (actual time=0.008..0.009 rows=1 loops=1)
                                Filter: ((info)::text = 'rating'::text)
                                Rows Removed by Filter: 112
              ->  Index Scan using movie_id_movie_info on movie_info mi  (cost=0.00..84.00 rows=42 width=50) (actual time=0.004..0.016 rows=31 loops=16470)
                    Index Cond: (movie_id = t.id)
        ->  Hash  (cost=113.00..113.00 rows=1 width=4) (actual time=0.019..0.019 rows=1 loops=1)
              Buckets: 1024  Batches: 1  Memory Usage: 9kB
              ->  Seq Scan on info_type it2  (cost=0.00..113.00 rows=1 width=4) (actual time=0.010..0.015 rows=1 loops=1)
                    Filter: ((info)::text = 'release dates'::text)
                    Rows Removed by Filter: 112
Planning time: 4.777 ms
Execution time: 2168.681 ms
