Aggregate  (cost=848518.00..848519.00 rows=1 width=96) (actual time=217.170..217.170 rows=1 loops=1)
  ->  Nested Loop  (cost=0.00..848518.00 rows=1 width=41) (actual time=1.688..216.991 rows=372 loops=1)
        ->  Nested Loop  (cost=0.00..848458.00 rows=29 width=45) (actual time=1.673..215.023 rows=2122 loops=1)
              ->  Nested Loop  (cost=0.00..848332.00 rows=1 width=53) (actual time=1.664..213.658 rows=61 loops=1)
                    ->  Nested Loop  (cost=0.00..848323.00 rows=4 width=57) (actual time=1.656..213.438 rows=161 loops=1)
                          ->  Nested Loop  (cost=0.00..847715.00 rows=304 width=42) (actual time=1.245..212.205 rows=313 loops=1)
                                ->  Nested Loop  (cost=0.00..846845.00 rows=58 width=30) (actual time=1.239..211.633 rows=90 loops=1)
                                      ->  Nested Loop  (cost=0.00..846411.00 rows=216 width=34) (actual time=1.233..211.275 rows=270 loops=1)
                                            ->  Nested Loop  (cost=0.00..842856.00 rows=395 width=21) (actual time=0.992..210.028 rows=395 loops=1)
                                                  ->  Seq Scan on kind_type kt  (cost=0.00..7.00 rows=1 width=4) (actual time=0.005..0.009 rows=1 loops=1)
                                                        Filter: ((kind)::text = 'movie'::text)
                                                        Rows Removed by Filter: 6
                                                  ->  Index Scan using kind_id_title on title t  (cost=0.00..842770.00 rows=79 width=25) (actual time=0.986..209.956 rows=395 loops=1)
                                                        Index Cond: (kind_id = kt.id)
                                                        Filter: ((title <> ''::text) AND ((title ~~ '%Champion%'::text) OR (title ~~ '%Loser%'::text)))
                                                        Rows Removed by Filter: 662430
                                            ->  Index Scan using movie_id_movie_info_idx on movie_info_idx miidx  (cost=0.00..6.00 rows=3 width=13) (actual time=0.003..0.003 rows=1 loops=395)
                                                  Index Cond: (movie_id = t.id)
                                      ->  Index Scan using info_type_pkey on info_type it  (cost=0.00..2.00 rows=1 width=4) (actual time=0.001..0.001 rows=0 loops=270)
                                            Index Cond: (id = miidx.info_type_id)
                                            Filter: ((info)::text = 'rating'::text)
                                            Rows Removed by Filter: 1
                                ->  Index Scan using movie_id_movie_companies on movie_companies mc  (cost=0.00..10.00 rows=5 width=12) (actual time=0.004..0.005 rows=3 loops=90)
                                      Index Cond: (movie_id = t.id)
                          ->  Index Scan using company_name_pkey on company_name cn  (cost=0.00..2.00 rows=1 width=23) (actual time=0.004..0.004 rows=1 loops=313)
                                Index Cond: (id = mc.company_id)
                                Filter: ((country_code)::text = '[us]'::text)
                                Rows Removed by Filter: 0
                    ->  Index Scan using company_type_pkey on company_type ct  (cost=0.00..2.00 rows=1 width=4) (actual time=0.001..0.001 rows=0 loops=161)
                          Index Cond: (id = mc.company_type_id)
                          Filter: ((kind)::text = 'production companies'::text)
                          Rows Removed by Filter: 1
              ->  Index Scan using movie_id_movie_info on movie_info mi  (cost=0.00..84.00 rows=42 width=8) (actual time=0.005..0.017 rows=35 loops=61)
                    Index Cond: (movie_id = t.id)
        ->  Index Scan using info_type_pkey on info_type it2  (cost=0.00..2.00 rows=1 width=4) (actual time=0.001..0.001 rows=0 loops=2122)
              Index Cond: (id = mi.info_type_id)
              Filter: ((info)::text = 'release dates'::text)
              Rows Removed by Filter: 1
Planning time: 4.757 ms
Execution time: 217.244 ms
