Aggregate  (cost=843696.00..843697.00 rows=1 width=96) (actual time=161.799..161.799 rows=1 loops=1)
  ->  Nested Loop  (cost=0.00..843696.00 rows=1 width=41) (actual time=14.039..161.759 rows=53 loops=1)
        ->  Nested Loop  (cost=0.00..843684.00 rows=5 width=45) (actual time=14.019..161.533 rows=218 loops=1)
              ->  Nested Loop  (cost=0.00..843558.00 rows=1 width=53) (actual time=14.007..161.319 rows=14 loops=1)
                    ->  Nested Loop  (cost=0.00..843554.00 rows=1 width=57) (actual time=13.957..161.249 rows=47 loops=1)
                          ->  Nested Loop  (cost=0.00..843550.00 rows=2 width=42) (actual time=13.948..160.845 rows=95 loops=1)
                                ->  Nested Loop  (cost=0.00..843535.00 rows=1 width=30) (actual time=13.940..160.698 rows=29 loops=1)
                                      ->  Nested Loop  (cost=0.00..843459.00 rows=37 width=34) (actual time=13.932..160.581 rows=87 loops=1)
                                            ->  Nested Loop  (cost=0.00..842856.00 rows=67 width=21) (actual time=13.690..160.357 rows=89 loops=1)
                                                  ->  Seq Scan on kind_type kt  (cost=0.00..7.00 rows=1 width=4) (actual time=0.007..0.010 rows=1 loops=1)
                                                        Filter: ((kind)::text = 'movie'::text)
                                                        Rows Removed by Filter: 6
                                                  ->  Index Scan using kind_id_title on title t  (cost=0.00..842770.00 rows=79 width=25) (actual time=13.681..160.328 rows=89 loops=1)
                                                        Index Cond: (kind_id = kt.id)
                                                        Filter: ((title <> ''::text) AND ((title ~~ 'Champion%'::text) OR (title ~~ 'Loser%'::text)))
                                                        Rows Removed by Filter: 662736
                                            ->  Index Scan using movie_id_movie_info_idx on movie_info_idx miidx  (cost=0.00..6.00 rows=3 width=13) (actual time=0.002..0.002 rows=1 loops=89)
                                                  Index Cond: (movie_id = t.id)
                                      ->  Index Scan using info_type_pkey on info_type it  (cost=0.00..2.00 rows=1 width=4) (actual time=0.001..0.001 rows=0 loops=87)
                                            Index Cond: (id = miidx.info_type_id)
                                            Filter: ((info)::text = 'rating'::text)
                                            Rows Removed by Filter: 1
                                ->  Index Scan using movie_id_movie_companies on movie_companies mc  (cost=0.00..10.00 rows=5 width=12) (actual time=0.003..0.004 rows=3 loops=29)
                                      Index Cond: (movie_id = t.id)
                          ->  Index Scan using company_name_pkey on company_name cn  (cost=0.00..2.00 rows=1 width=23) (actual time=0.004..0.004 rows=0 loops=95)
                                Index Cond: (id = mc.company_id)
                                Filter: ((country_code)::text = '[us]'::text)
                                Rows Removed by Filter: 1
                    ->  Index Scan using company_type_pkey on company_type ct  (cost=0.00..2.00 rows=1 width=4) (actual time=0.001..0.001 rows=0 loops=47)
                          Index Cond: (id = mc.company_type_id)
                          Filter: ((kind)::text = 'production companies'::text)
                          Rows Removed by Filter: 1
              ->  Index Scan using movie_id_movie_info on movie_info mi  (cost=0.00..84.00 rows=42 width=8) (actual time=0.004..0.012 rows=16 loops=14)
                    Index Cond: (movie_id = t.id)
        ->  Index Scan using info_type_pkey on info_type it2  (cost=0.00..2.00 rows=1 width=4) (actual time=0.001..0.001 rows=0 loops=218)
              Index Cond: (id = mi.info_type_id)
              Filter: ((info)::text = 'release dates'::text)
              Rows Removed by Filter: 1
Planning time: 4.812 ms
Execution time: 161.872 ms
