Aggregate  (cost=5917715.00..5917716.00 rows=1 width=96) (actual time=4874.205..4874.205 rows=1 loops=1)
  ->  Merge Join  (cost=5812869.00..5917715.00 rows=670390 width=41) (actual time=4433.283..4713.589 rows=670390 loops=1)
        Merge Cond: (mi.movie_id = t.id)
        ->  Sort  (cost=635930.00..635930.00 rows=3036719 width=4) (actual time=1275.830..1412.918 rows=3036470 loops=1)
              Sort Key: mi.movie_id
              Sort Method: quicksort  Memory: 240651kB
              ->  Nested Loop  (cost=0.00..635930.00 rows=3036719 width=4) (actual time=0.027..706.245 rows=3036719 loops=1)
                    ->  Seq Scan on info_type it2  (cost=0.00..113.00 rows=1 width=4) (actual time=0.010..0.018 rows=1 loops=1)
                          Filter: ((info)::text = 'release dates'::text)
                          Rows Removed by Filter: 112
                    ->  Index Scan using info_type_id_movie_info on movie_info mi  (cost=0.00..423878.00 rows=211939 width=8) (actual time=0.015..422.162 rows=3036719 loops=1)
                          Index Cond: (info_type_id = it2.id)
        ->  Sort  (cost=5176939.00..5176939.00 rows=87293 width=53) (actual time=2983.641..3018.863 rows=676782 loops=1)
              Sort Key: mc.movie_id
              Sort Method: quicksort  Memory: 13992kB
              ->  Merge Join  (cost=5067685.00..5176939.00 rows=87293 width=53) (actual time=2849.203..2950.733 rows=87293 loops=1)
                    Merge Cond: (mc.company_id = cn.id)
                    ->  Sort  (cost=4832688.00..4832688.00 rows=302610 width=38) (actual time=2796.515..2835.796 rows=302610 loops=1)
                          Sort Key: mc.company_id
                          Sort Method: quicksort  Memory: 37984kB
                          ->  Merge Join  (cost=4639417.00..4832688.00 rows=302610 width=38) (actual time=2653.843..2717.032 rows=302610 loops=1)
                                Merge Cond: (mc.company_type_id = ct.id)
                                ->  Sort  (cost=4639413.00..4639413.00 rows=773084 width=42) (actual time=2599.546..2636.027 rows=773084 loops=1)
                                      Sort Key: mc.company_type_id
                                      Sort Method: quicksort  Memory: 92887kB
                                      ->  Merge Join  (cost=4422824.00..4639413.00 rows=773084 width=42) (actual time=2161.609..2445.676 rows=773084 loops=1)
                                            Merge Cond: (t.id = mc.movie_id)
                                            ->  Sort  (cost=1813695.00..1813695.00 rows=209880 width=30) (actual time=1216.422..1228.777 rows=209878 loops=1)
                                                  Sort Key: miidx.movie_id
                                                  Sort Method: quicksort  Memory: 23056kB
                                                  ->  Merge Join  (cost=1747991.00..1813695.00 rows=209880 width=30) (actual time=1123.353..1163.472 rows=209880 loops=1)
                                                        Merge Cond: (t.kind_id = kt.id)
                                                        ->  Sort  (cost=1747984.00..1747984.00 rows=459925 width=34) (actual time=1123.329..1133.417 rows=209881 loops=1)
                                                              Sort Key: t.kind_id
                                                              Sort Method: quicksort  Memory: 50930kB
                                                              ->  Nested Loop  (cost=0.00..1747984.00 rows=459925 width=34) (actual time=0.060..1007.128 rows=459925 loops=1)
                                                                    ->  Nested Loop  (cost=0.00..828134.00 rows=459925 width=9) (actual time=0.050..162.129 rows=459925 loops=1)
                                                                          ->  Seq Scan on info_type it  (cost=0.00..113.00 rows=1 width=4) (actual time=0.017..0.021 rows=1 loops=1)
                                                                                Filter: ((info)::text = 'rating'::text)
                                                                                Rows Removed by Filter: 112
                                                                          ->  Index Scan using info_type_id_movie_info_idx on movie_info_idx miidx  (cost=0.00..552014.00 rows=276007 width=13) (actual time=0.029..97.251 rows=459925 loops=1)
                                                                                Index Cond: (info_type_id = it.id)
                                                                    ->  Index Scan using title_pkey on title t  (cost=0.00..2.00 rows=1 width=25) (actual time=0.002..0.002 rows=1 loops=459925)
                                                                          Index Cond: (id = miidx.movie_id)
                                                        ->  Sort  (cost=7.00..7.00 rows=1 width=4) (actual time=0.020..0.021 rows=1 loops=1)
                                                              Sort Key: kt.id
                                                              Sort Method: quicksort  Memory: 25kB
                                                              ->  Seq Scan on kind_type kt  (cost=0.00..7.00 rows=1 width=4) (actual time=0.009..0.010 rows=1 loops=1)
                                                                    Filter: ((kind)::text = 'movie'::text)
                                                                    Rows Removed by Filter: 6
                                            ->  Sort  (cost=2609129.00..2609129.00 rows=2609129 width=12) (actual time=852.326..969.231 rows=2609129 loops=1)
                                                  Sort Key: mc.movie_id
                                                  Sort Method: quicksort  Memory: 220607kB
                                                  ->  Seq Scan on movie_companies mc  (cost=0.00..2609129.00 rows=2609129 width=12) (actual time=0.011..297.908 rows=2609129 loops=1)
                                ->  Sort  (cost=4.00..4.00 rows=1 width=4) (actual time=0.025..0.025 rows=1 loops=1)
                                      Sort Key: ct.id
                                      Sort Method: quicksort  Memory: 25kB
                                      ->  Seq Scan on company_type ct  (cost=0.00..4.00 rows=1 width=4) (actual time=0.013..0.014 rows=1 loops=1)
                                            Filter: ((kind)::text = 'production companies'::text)
                                            Rows Removed by Filter: 3
                    ->  Sort  (cost=234997.00..234997.00 rows=84843 width=23) (actual time=52.682..63.407 rows=84843 loops=1)
                          Sort Key: cn.id
                          Sort Method: quicksort  Memory: 9413kB
                          ->  Seq Scan on company_name cn  (cost=0.00..234997.00 rows=84843 width=23) (actual time=0.014..30.190 rows=84843 loops=1)
                                Filter: ((country_code)::text = '[us]'::text)
                                Rows Removed by Filter: 150154
Planning time: 4.733 ms
Execution time: 4880.524 ms
