Aggregate  (cost=5461330.00..5461331.00 rows=1 width=96) (actual time=12469.913..12469.913 rows=1 loops=1)
  ->  Nested Loop  (cost=5099538.00..5461330.00 rows=5140 width=41) (actual time=8381.004..12257.661 rows=670390 loops=1)
        ->  Merge Join  (cost=5099538.00..5442244.00 rows=9543 width=26) (actual time=8380.984..8975.258 rows=1919495 loops=1)
              Merge Cond: (mc.company_type_id = ct.id)
              ->  Sort  (cost=5099534.00..5099534.00 rows=1370822 width=30) (actual time=7702.976..8180.359 rows=8123586 loops=1)
                    Sort Key: mc.company_type_id
                    Sort Method: quicksort  Memory: 845962kB
                    ->  Nested Loop  (cost=2449625.00..5099534.00 rows=1370822 width=30) (actual time=2747.119..6264.552 rows=8123586 loops=1)
                          ->  Merge Join  (cost=2449625.00..2701709.00 rows=159855 width=34) (actual time=2747.091..3104.721 rows=724731 loops=1)
                                Merge Cond: (mi.movie_id = t.id)
                                ->  Sort  (cost=635930.00..635930.00 rows=3036719 width=4) (actual time=1344.424..1492.143 rows=3036530 loops=1)
                                      Sort Key: mi.movie_id
                                      Sort Method: quicksort  Memory: 240651kB
                                      ->  Nested Loop  (cost=0.00..635930.00 rows=3036719 width=4) (actual time=0.022..753.346 rows=3036719 loops=1)
                                            ->  Seq Scan on info_type it2  (cost=0.00..113.00 rows=1 width=4) (actual time=0.007..0.016 rows=1 loops=1)
                                                  Filter: ((info)::text = 'release dates'::text)
                                                  Rows Removed by Filter: 112
                                            ->  Index Scan using info_type_id_movie_info on movie_info mi  (cost=0.00..423878.00 rows=211939 width=8) (actual time=0.013..449.426 rows=3036719 loops=1)
                                                  Index Cond: (info_type_id = it2.id)
                                ->  Sort  (cost=1813695.00..1813695.00 rows=209880 width=30) (actual time=1228.310..1272.059 rows=760260 loops=1)
                                      Sort Key: miidx.movie_id
                                      Sort Method: quicksort  Memory: 23056kB
                                      ->  Merge Join  (cost=1747991.00..1813695.00 rows=209880 width=30) (actual time=1135.297..1175.392 rows=209880 loops=1)
                                            Merge Cond: (t.kind_id = kt.id)
                                            ->  Sort  (cost=1747984.00..1747984.00 rows=459925 width=34) (actual time=1135.273..1145.412 rows=209881 loops=1)
                                                  Sort Key: t.kind_id
                                                  Sort Method: quicksort  Memory: 50930kB
                                                  ->  Nested Loop  (cost=0.00..1747984.00 rows=459925 width=34) (actual time=0.049..1017.743 rows=459925 loops=1)
                                                        ->  Nested Loop  (cost=0.00..828134.00 rows=459925 width=9) (actual time=0.039..166.200 rows=459925 loops=1)
                                                              ->  Seq Scan on info_type it  (cost=0.00..113.00 rows=1 width=4) (actual time=0.019..0.024 rows=1 loops=1)
                                                                    Filter: ((info)::text = 'rating'::text)
                                                                    Rows Removed by Filter: 112
                                                              ->  Index Scan using info_type_id_movie_info_idx on movie_info_idx miidx  (cost=0.00..552014.00 rows=276007 width=13) (actual time=0.018..98.884 rows=459925 loops=1)
                                                                    Index Cond: (info_type_id = it.id)
                                                        ->  Index Scan using title_pkey on title t  (cost=0.00..2.00 rows=1 width=25) (actual time=0.002..0.002 rows=1 loops=459925)
                                                              Index Cond: (id = miidx.movie_id)
                                            ->  Sort  (cost=7.00..7.00 rows=1 width=4) (actual time=0.019..0.020 rows=1 loops=1)
                                                  Sort Key: kt.id
                                                  Sort Method: quicksort  Memory: 25kB
                                                  ->  Seq Scan on kind_type kt  (cost=0.00..7.00 rows=1 width=4) (actual time=0.009..0.009 rows=1 loops=1)
                                                        Filter: ((kind)::text = 'movie'::text)
                                                        Rows Removed by Filter: 6
                          ->  Index Scan using movie_id_movie_companies on movie_companies mc  (cost=0.00..10.00 rows=5 width=12) (actual time=0.001..0.003 rows=11 loops=724731)
                                Index Cond: (movie_id = mi.movie_id)
              ->  Sort  (cost=4.00..4.00 rows=1 width=4) (actual time=0.025..0.025 rows=1 loops=1)
                    Sort Key: ct.id
                    Sort Method: quicksort  Memory: 25kB
                    ->  Seq Scan on company_type ct  (cost=0.00..4.00 rows=1 width=4) (actual time=0.012..0.013 rows=1 loops=1)
                          Filter: ((kind)::text = 'production companies'::text)
                          Rows Removed by Filter: 3
        ->  Index Scan using company_name_pkey on company_name cn  (cost=0.00..2.00 rows=1 width=23) (actual time=0.002..0.002 rows=0 loops=1919495)
              Index Cond: (id = mc.company_id)
              Filter: ((country_code)::text = '[us]'::text)
              Rows Removed by Filter: 1
Planning time: 4.569 ms
Execution time: 12483.868 ms
