Aggregate  (cost=5917715.00..5917716.00 rows=1 width=96) (actual time=4865.005..4865.005 rows=1 loops=1)
  ->  Merge Join  (cost=5812869.00..5917715.00 rows=150257 width=41) (actual time=4423.999..4704.342 rows=670390 loops=1)
        Merge Cond: (mi.movie_id = t.id)
        ->  Sort  (cost=635930.00..635930.00 rows=3036719 width=4) (actual time=1269.195..1406.440 rows=3036470 loops=1)
              Sort Key: mi.movie_id
              Sort Method: quicksort  Memory: 240651kB
              ->  Nested Loop  (cost=0.00..635930.00 rows=3036719 width=4) (actual time=0.025..702.274 rows=3036719 loops=1)
                    ->  Seq Scan on info_type it2  (cost=0.00..113.00 rows=1 width=4) (actual time=0.009..0.017 rows=1 loops=1)
                          Filter: ((info)::text = 'release dates'::text)
                          Rows Removed by Filter: 112
                    ->  Index Scan using info_type_id_movie_info on movie_info mi  (cost=0.00..423878.00 rows=211939 width=8) (actual time=0.015..420.203 rows=3036719 loops=1)
                          Index Cond: (info_type_id = it2.id)
        ->  Sort  (cost=5176939.00..5176939.00 rows=87293 width=53) (actual time=2980.895..3016.080 rows=676782 loops=1)
              Sort Key: mc.movie_id
              Sort Method: quicksort  Memory: 13992kB
              ->  Merge Join  (cost=5067685.00..5176939.00 rows=87293 width=53) (actual time=2855.467..2950.214 rows=87293 loops=1)
                    Merge Cond: (mc.company_id = cn.id)
                    ->  Sort  (cost=4832688.00..4832688.00 rows=302610 width=38) (actual time=2801.983..2839.635 rows=302610 loops=1)
                          Sort Key: mc.company_id
                          Sort Method: quicksort  Memory: 37984kB
                          ->  Merge Join  (cost=4639417.00..4832688.00 rows=302610 width=38) (actual time=2659.437..2722.576 rows=302610 loops=1)
                                Merge Cond: (mc.company_type_id = ct.id)
                                ->  Sort  (cost=4639413.00..4639413.00 rows=773084 width=42) (actual time=2605.137..2641.571 rows=773084 loops=1)
                                      Sort Key: mc.company_type_id
                                      Sort Method: quicksort  Memory: 92887kB
                                      ->  Merge Join  (cost=4422824.00..4639413.00 rows=773084 width=42) (actual time=2170.930..2451.107 rows=773084 loops=1)
                                            Merge Cond: (t.id = mc.movie_id)
                                            ->  Sort  (cost=1813695.00..1813695.00 rows=209880 width=30) (actual time=1227.891..1240.188 rows=209878 loops=1)
                                                  Sort Key: miidx.movie_id
                                                  Sort Method: quicksort  Memory: 23056kB
                                                  ->  Merge Join  (cost=1747991.00..1813695.00 rows=209880 width=30) (actual time=1124.480..1170.342 rows=209880 loops=1)
                                                        Merge Cond: (t.kind_id = kt.id)
                                                        ->  Sort  (cost=1747984.00..1747984.00 rows=459925 width=34) (actual time=1124.454..1135.926 rows=209881 loops=1)
                                                              Sort Key: t.kind_id
                                                              Sort Method: quicksort  Memory: 50930kB
                                                              ->  Nested Loop  (cost=0.00..1747984.00 rows=459925 width=34) (actual time=0.048..1008.218 rows=459925 loops=1)
                                                                    ->  Nested Loop  (cost=0.00..828134.00 rows=459925 width=9) (actual time=0.039..161.042 rows=459925 loops=1)
                                                                          ->  Seq Scan on info_type it  (cost=0.00..113.00 rows=1 width=4) (actual time=0.018..0.022 rows=1 loops=1)
                                                                                Filter: ((info)::text = 'rating'::text)
                                                                                Rows Removed by Filter: 112
                                                                          ->  Index Scan using info_type_id_movie_info_idx on movie_info_idx miidx  (cost=0.00..552014.00 rows=276007 width=13) (actual time=0.018..96.486 rows=459925 loops=1)
                                                                                Index Cond: (info_type_id = it.id)
                                                                    ->  Index Scan using title_pkey on title t  (cost=0.00..2.00 rows=1 width=25) (actual time=0.002..0.002 rows=1 loops=459925)
                                                                          Index Cond: (id = miidx.movie_id)
                                                        ->  Sort  (cost=7.00..7.00 rows=1 width=4) (actual time=0.022..0.022 rows=1 loops=1)
                                                              Sort Key: kt.id
                                                              Sort Method: quicksort  Memory: 25kB
                                                              ->  Seq Scan on kind_type kt  (cost=0.00..7.00 rows=1 width=4) (actual time=0.010..0.010 rows=1 loops=1)
                                                                    Filter: ((kind)::text = 'movie'::text)
                                                                    Rows Removed by Filter: 6
                                            ->  Sort  (cost=2609129.00..2609129.00 rows=2609129 width=12) (actual time=850.184..966.915 rows=2609129 loops=1)
                                                  Sort Key: mc.movie_id
                                                  Sort Method: quicksort  Memory: 220607kB
                                                  ->  Seq Scan on movie_companies mc  (cost=0.00..2609129.00 rows=2609129 width=12) (actual time=0.014..296.383 rows=2609129 loops=1)
                                ->  Sort  (cost=4.00..4.00 rows=1 width=4) (actual time=0.025..0.025 rows=1 loops=1)
                                      Sort Key: ct.id
                                      Sort Method: quicksort  Memory: 25kB
                                      ->  Seq Scan on company_type ct  (cost=0.00..4.00 rows=1 width=4) (actual time=0.014..0.014 rows=1 loops=1)
                                            Filter: ((kind)::text = 'production companies'::text)
                                            Rows Removed by Filter: 3
                    ->  Sort  (cost=234997.00..234997.00 rows=84843 width=23) (actual time=53.478..63.680 rows=84843 loops=1)
                          Sort Key: cn.id
                          Sort Method: quicksort  Memory: 9413kB
                          ->  Seq Scan on company_name cn  (cost=0.00..234997.00 rows=84843 width=23) (actual time=0.012..30.835 rows=84843 loops=1)
                                Filter: ((country_code)::text = '[us]'::text)
                                Rows Removed by Filter: 150154
Planning time: 4.749 ms
Execution time: 4871.255 ms
