Aggregate  (cost=219007.00..219008.00 rows=1 width=64) (actual time=185.712..185.712 rows=1 loops=1)
  ->  Nested Loop  (cost=122.00..219007.00 rows=1 width=22) (actual time=3.242..185.491 rows=761 loops=1)
        ->  Nested Loop  (cost=122.00..219001.00 rows=2 width=26) (actual time=3.239..184.530 rows=878 loops=1)
              ->  Hash Join  (cost=122.00..218829.00 rows=2 width=34) (actual time=3.126..142.692 rows=1147 loops=1)
                    Hash Cond: (mi_idx.info_type_id = it2.id)
                    ->  Nested Loop  (cost=8.00..216639.00 rows=2095 width=38) (actual time=3.030..142.199 rows=3403 loops=1)
                          ->  Hash Join  (cost=8.00..213318.00 rows=369 width=25) (actual time=3.022..134.917 rows=1966 loops=1)
                                Hash Cond: (t.kind_id = kt.id)
                                ->  Nested Loop  (cost=0.00..211097.00 rows=2582 width=29) (actual time=0.862..134.384 rows=2582 loops=1)
                                      ->  Nested Loop  (cost=0.00..136915.00 rows=37091 width=4) (actual time=0.798..44.672 rows=37091 loops=1)
                                            ->  Seq Scan on keyword k  (cost=0.00..134170.00 rows=3 width=4) (actual time=0.789..15.667 rows=3 loops=1)
                                                  Filter: (keyword = ANY ('{murder,murder-in-title,blood,violence}'::text[]))
                                                  Rows Removed by Filter: 134167
                                            ->  Index Scan using keyword_id_movie_keyword on movie_keyword mk  (cost=0.00..610.00 rows=305 width=8) (actual time=0.008..8.227 rows=12364 loops=3)
                                                  Index Cond: (keyword_id = k.id)
                                      ->  Index Scan using title_pkey on title t  (cost=0.00..2.00 rows=1 width=25) (actual time=0.002..0.002 rows=0 loops=37091)
                                            Index Cond: (id = mk.movie_id)
                                            Filter: (production_year > 2010)
                                            Rows Removed by Filter: 1
                                ->  Hash  (cost=7.00..7.00 rows=1 width=4) (actual time=0.005..0.005 rows=1 loops=1)
                                      Buckets: 1024  Batches: 1  Memory Usage: 9kB
                                      ->  Seq Scan on kind_type kt  (cost=0.00..7.00 rows=1 width=4) (actual time=0.003..0.004 rows=1 loops=1)
                                            Filter: ((kind)::text = 'movie'::text)
                                            Rows Removed by Filter: 6
                          ->  Index Scan using movie_id_movie_info_idx on movie_info_idx mi_idx  (cost=0.00..6.00 rows=3 width=13) (actual time=0.003..0.003 rows=2 loops=1966)
                                Index Cond: (movie_id = t.id)
                                Filter: (info < '8.5'::text)
                                Rows Removed by Filter: 0
                    ->  Hash  (cost=113.00..113.00 rows=1 width=4) (actual time=0.013..0.013 rows=1 loops=1)
                          Buckets: 1024  Batches: 1  Memory Usage: 9kB
                          ->  Seq Scan on info_type it2  (cost=0.00..113.00 rows=1 width=4) (actual time=0.011..0.012 rows=1 loops=1)
                                Filter: ((info)::text = 'rating'::text)
                                Rows Removed by Filter: 112
              ->  Index Scan using movie_id_movie_info on movie_info mi  (cost=0.00..84.00 rows=2 width=8) (actual time=0.030..0.036 rows=1 loops=1147)
                    Index Cond: (movie_id = t.id)
                    Filter: (info = ANY ('{Sweden,Norway,Germany,Denmark,Swedish,Denish,Norwegian,German,USA,American}'::text[]))
                    Rows Removed by Filter: 69
        ->  Index Scan using info_type_pkey on info_type it1  (cost=0.00..2.00 rows=1 width=4) (actual time=0.001..0.001 rows=1 loops=878)
              Index Cond: (id = mi.info_type_id)
              Filter: ((info)::text = 'countries'::text)
              Rows Removed by Filter: 0
Planning time: 3.081 ms
Execution time: 185.780 ms
