Aggregate  (cost=137275.00..137276.00 rows=1 width=64) (actual time=191.266..191.266 rows=1 loops=1)
  ->  Nested Loop  (cost=0.00..137275.00 rows=1 width=22) (actual time=3.300..191.039 rows=761 loops=1)
        ->  Nested Loop  (cost=0.00..137271.00 rows=1 width=26) (actual time=3.297..190.103 rows=878 loops=1)
              ->  Nested Loop  (cost=0.00..137185.00 rows=1 width=34) (actual time=3.176..147.967 rows=1147 loops=1)
                    ->  Nested Loop  (cost=0.00..137169.00 rows=7 width=38) (actual time=3.091..144.512 rows=3403 loops=1)
                          ->  Nested Loop  (cost=0.00..137151.00 rows=2 width=25) (actual time=3.082..137.196 rows=1966 loops=1)
                                ->  Nested Loop  (cost=0.00..137117.00 rows=16 width=29) (actual time=0.870..134.671 rows=2582 loops=1)
                                      ->  Nested Loop  (cost=0.00..136915.00 rows=101 width=4) (actual time=0.806..44.490 rows=37091 loops=1)
                                            ->  Seq Scan on keyword k  (cost=0.00..134170.00 rows=3 width=4) (actual time=0.796..15.175 rows=3 loops=1)
                                                  Filter: (keyword = ANY ('{murder,murder-in-title,blood,violence}'::text[]))
                                                  Rows Removed by Filter: 134167
                                            ->  Index Scan using keyword_id_movie_keyword on movie_keyword mk  (cost=0.00..610.00 rows=305 width=8) (actual time=0.008..8.297 rows=12364 loops=3)
                                                  Index Cond: (keyword_id = k.id)
                                      ->  Index Scan using title_pkey on title t  (cost=0.00..2.00 rows=1 width=25) (actual time=0.002..0.002 rows=0 loops=37091)
                                            Index Cond: (id = mk.movie_id)
                                            Filter: (production_year > 2010)
                                            Rows Removed by Filter: 1
                                ->  Index Scan using kind_type_pkey on kind_type kt  (cost=0.00..2.00 rows=1 width=4) (actual time=0.001..0.001 rows=1 loops=2582)
                                      Index Cond: (id = t.kind_id)
                                      Filter: ((kind)::text = 'movie'::text)
                                      Rows Removed by Filter: 0
                          ->  Index Scan using movie_id_movie_info_idx on movie_info_idx mi_idx  (cost=0.00..6.00 rows=3 width=13) (actual time=0.003..0.003 rows=2 loops=1966)
                                Index Cond: (movie_id = t.id)
                                Filter: (info < '8.5'::text)
                                Rows Removed by Filter: 0
                    ->  Index Scan using info_type_pkey on info_type it2  (cost=0.00..2.00 rows=1 width=4) (actual time=0.001..0.001 rows=0 loops=3403)
                          Index Cond: (id = mi_idx.info_type_id)
                          Filter: ((info)::text = 'rating'::text)
                          Rows Removed by Filter: 1
              ->  Index Scan using movie_id_movie_info on movie_info mi  (cost=0.00..84.00 rows=2 width=8) (actual time=0.031..0.036 rows=1 loops=1147)
                    Index Cond: (movie_id = t.id)
                    Filter: (info = ANY ('{Sweden,Norway,Germany,Denmark,Swedish,Denish,Norwegian,German,USA,American}'::text[]))
                    Rows Removed by Filter: 69
        ->  Index Scan using info_type_pkey on info_type it1  (cost=0.00..2.00 rows=1 width=4) (actual time=0.001..0.001 rows=1 loops=878)
              Index Cond: (id = mi.info_type_id)
              Filter: ((info)::text = 'countries'::text)
              Rows Removed by Filter: 0
Planning time: 2.963 ms
Execution time: 191.325 ms
