Aggregate  (cost=219630.00..219631.00 rows=1 width=64) (actual time=180.748..180.748 rows=1 loops=1)
  ->  Nested Loop  (cost=219427.00..219630.00 rows=1 width=22) (actual time=138.963..180.518 rows=761 loops=1)
        ->  Nested Loop  (cost=219427.00..219620.00 rows=4 width=26) (actual time=138.959..179.657 rows=878 loops=1)
              ->  Merge Join  (cost=219427.00..219448.00 rows=2 width=34) (actual time=138.894..139.310 rows=1147 loops=1)
                    Merge Cond: (mi_idx.info_type_id = it2.id)
                    ->  Sort  (cost=219314.00..219314.00 rows=2397 width=38) (actual time=138.564..138.838 rows=3395 loops=1)
                          Sort Key: mi_idx.info_type_id
                          Sort Method: quicksort  Memory: 390kB
                          ->  Nested Loop  (cost=211104.00..219314.00 rows=2397 width=38) (actual time=130.982..137.784 rows=3403 loops=1)
                                ->  Merge Join  (cost=211104.00..211925.00 rows=821 width=25) (actual time=130.970..131.528 rows=1966 loops=1)
                                      Merge Cond: (t.kind_id = kt.id)
                                      ->  Sort  (cost=211097.00..211097.00 rows=5746 width=29) (actual time=130.950..131.120 rows=1967 loops=1)
                                            Sort Key: t.kind_id
                                            Sort Method: quicksort  Memory: 303kB
                                            ->  Nested Loop  (cost=0.00..211097.00 rows=5746 width=29) (actual time=0.852..130.378 rows=2582 loops=1)
                                                  ->  Nested Loop  (cost=0.00..136915.00 rows=37091 width=4) (actual time=0.800..43.926 rows=37091 loops=1)
                                                        ->  Seq Scan on keyword k  (cost=0.00..134170.00 rows=3 width=4) (actual time=0.792..15.224 rows=3 loops=1)
                                                              Filter: (keyword = ANY ('{murder,murder-in-title,blood,violence}'::text[]))
                                                              Rows Removed by Filter: 134167
                                                        ->  Index Scan using keyword_id_movie_keyword on movie_keyword mk  (cost=0.00..610.00 rows=305 width=8) (actual time=0.007..8.106 rows=12364 loops=3)
                                                              Index Cond: (keyword_id = k.id)
                                                  ->  Index Scan using title_pkey on title t  (cost=0.00..2.00 rows=1 width=25) (actual time=0.002..0.002 rows=0 loops=37091)
                                                        Index Cond: (id = mk.movie_id)
                                                        Filter: (production_year > 2010)
                                                        Rows Removed by Filter: 1
                                      ->  Sort  (cost=7.00..7.00 rows=1 width=4) (actual time=0.017..0.017 rows=1 loops=1)
                                            Sort Key: kt.id
                                            Sort Method: quicksort  Memory: 25kB
                                            ->  Seq Scan on kind_type kt  (cost=0.00..7.00 rows=1 width=4) (actual time=0.007..0.008 rows=1 loops=1)
                                                  Filter: ((kind)::text = 'movie'::text)
                                                  Rows Removed by Filter: 6
                                ->  Index Scan using movie_id_movie_info_idx on movie_info_idx mi_idx  (cost=0.00..6.00 rows=3 width=13) (actual time=0.002..0.003 rows=2 loops=1966)
                                      Index Cond: (movie_id = t.id)
                                      Filter: (info < '8.5'::text)
                                      Rows Removed by Filter: 0
                    ->  Sort  (cost=113.00..113.00 rows=1 width=4) (actual time=0.021..0.021 rows=1 loops=1)
                          Sort Key: it2.id
                          Sort Method: quicksort  Memory: 25kB
                          ->  Seq Scan on info_type it2  (cost=0.00..113.00 rows=1 width=4) (actual time=0.014..0.015 rows=1 loops=1)
                                Filter: ((info)::text = 'rating'::text)
                                Rows Removed by Filter: 112
              ->  Index Scan using movie_id_movie_info on movie_info mi  (cost=0.00..84.00 rows=2 width=8) (actual time=0.029..0.035 rows=1 loops=1147)
                    Index Cond: (movie_id = t.id)
                    Filter: (info = ANY ('{Sweden,Norway,Germany,Denmark,Swedish,Denish,Norwegian,German,USA,American}'::text[]))
                    Rows Removed by Filter: 69
        ->  Index Scan using info_type_pkey on info_type it1  (cost=0.00..2.00 rows=1 width=4) (actual time=0.001..0.001 rows=1 loops=878)
              Index Cond: (id = mi.info_type_id)
              Filter: ((info)::text = 'countries'::text)
              Rows Removed by Filter: 0
Planning time: 2.994 ms
Execution time: 180.816 ms
