Aggregate  (cost=174251.01..174252.01 rows=1 width=64) (actual time=71.870..71.870 rows=1 loops=1)
  ->  Nested Loop  (cost=0.00..174251.01 rows=1 width=22) (actual time=37.235..71.865 rows=1 loops=1)
        ->  Nested Loop  (cost=0.00..174247.01 rows=1 width=26) (actual time=37.230..71.860 rows=1 loops=1)
              ->  Nested Loop  (cost=0.00..174240.01 rows=1 width=29) (actual time=9.274..71.823 rows=6 loops=1)
                    ->  Nested Loop  (cost=0.00..174236.01 rows=1 width=33) (actual time=9.271..71.808 rows=6 loops=1)
                          ->  Nested Loop  (cost=0.00..174150.01 rows=1 width=25) (actual time=9.256..71.643 rows=10 loops=1)
                                ->  Nested Loop  (cost=0.00..174141.01 rows=4 width=29) (actual time=1.244..71.616 rows=15 loops=1)
                                      ->  Nested Loop  (cost=0.00..135085.00 rows=19528 width=4) (actual time=0.810..26.825 rows=19528 loops=1)
                                            ->  Seq Scan on keyword k  (cost=0.00..134170.00 rows=1 width=4) (actual time=0.800..12.453 rows=1 loops=1)
                                                  Filter: (keyword = ANY ('{murder,murder-in-title}'::text[]))
                                                  Rows Removed by Filter: 134169
                                            ->  Index Scan using keyword_id_movie_keyword on movie_keyword mk  (cost=0.00..610.00 rows=305 width=8) (actual time=0.009..12.043 rows=19528 loops=1)
                                                  Index Cond: (keyword_id = k.id)
                                      ->  Index Scan using title_pkey on title t  (cost=0.00..2.00 rows=1 width=25) (actual time=0.002..0.002 rows=0 loops=19528)
                                            Index Cond: (id = mk.movie_id)
                                            Filter: ((production_year > 2010) AND ((title ~~ '%murder%'::text) OR (title ~~ '%Murder%'::text) OR (title ~~ '%Mord%'::text)))
                                            Rows Removed by Filter: 1
                                ->  Index Scan using kind_type_pkey on kind_type kt  (cost=0.00..2.00 rows=1 width=4) (actual time=0.001..0.001 rows=1 loops=15)
                                      Index Cond: (id = t.kind_id)
                                      Filter: ((kind)::text = 'movie'::text)
                                      Rows Removed by Filter: 0
                          ->  Index Scan using movie_id_movie_info on movie_info mi  (cost=0.00..84.00 rows=2 width=8) (actual time=0.015..0.016 rows=1 loops=10)
                                Index Cond: (movie_id = t.id)
                                Filter: (info = ANY ('{Sweden,Norway,Germany,Denmark,Swedish,Denish,Norwegian,German,USA,American}'::text[]))
                                Rows Removed by Filter: 12
                    ->  Index Scan using info_type_pkey on info_type it1  (cost=0.00..2.00 rows=1 width=4) (actual time=0.002..0.002 rows=1 loops=6)
                          Index Cond: (id = mi.info_type_id)
                          Filter: ((info)::text = 'countries'::text)
              ->  Index Scan using movie_id_movie_info_idx on movie_info_idx mi_idx  (cost=0.00..6.00 rows=1 width=13) (actual time=0.005..0.006 rows=0 loops=6)
                    Index Cond: (movie_id = t.id)
                    Filter: (info > '6.0'::text)
                    Rows Removed by Filter: 1
        ->  Index Scan using info_type_pkey on info_type it2  (cost=0.00..2.00 rows=1 width=4) (actual time=0.003..0.003 rows=1 loops=1)
              Index Cond: (id = mi_idx.info_type_id)
              Filter: ((info)::text = 'rating'::text)
Planning time: 3.143 ms
Execution time: 71.939 ms
