Aggregate  (cost=174337.01..174338.01 rows=1 width=64) (actual time=71.750..71.750 rows=1 loops=1)
  ->  Nested Loop  (cost=0.00..174337.01 rows=1 width=22) (actual time=37.174..71.744 rows=1 loops=1)
        ->  Nested Loop  (cost=0.00..174333.01 rows=1 width=26) (actual time=37.170..71.740 rows=1 loops=1)
              ->  Nested Loop  (cost=0.00..174329.01 rows=1 width=30) (actual time=37.166..71.735 rows=1 loops=1)
                    ->  Nested Loop  (cost=0.00..174243.01 rows=1 width=38) (actual time=37.146..71.714 rows=1 loops=1)
                          ->  Nested Loop  (cost=0.00..174173.01 rows=10 width=25) (actual time=9.381..71.662 rows=10 loops=1)
                                ->  Nested Loop  (cost=0.00..174141.01 rows=15 width=29) (actual time=1.293..71.635 rows=15 loops=1)
                                      ->  Nested Loop  (cost=0.00..135085.00 rows=19528 width=4) (actual time=0.819..26.793 rows=19528 loops=1)
                                            ->  Seq Scan on keyword k  (cost=0.00..134170.00 rows=1 width=4) (actual time=0.810..12.519 rows=1 loops=1)
                                                  Filter: (keyword = ANY ('{murder,murder-in-title}'::text[]))
                                                  Rows Removed by Filter: 134169
                                            ->  Index Scan using keyword_id_movie_keyword on movie_keyword mk  (cost=0.00..610.00 rows=305 width=8) (actual time=0.008..11.960 rows=19528 loops=1)
                                                  Index Cond: (keyword_id = k.id)
                                      ->  Index Scan using title_pkey on title t  (cost=0.00..2.00 rows=1 width=25) (actual time=0.002..0.002 rows=0 loops=19528)
                                            Index Cond: (id = mk.movie_id)
                                            Filter: ((production_year > 2010) AND ((title ~~ '%murder%'::text) OR (title ~~ '%Murder%'::text) OR (title ~~ '%Mord%'::text)))
                                            Rows Removed by Filter: 1
                                ->  Index Scan using kind_type_pkey on kind_type kt  (cost=0.00..2.00 rows=1 width=4) (actual time=0.001..0.001 rows=1 loops=15)
                                      Index Cond: (id = t.kind_id)
                                      Filter: ((kind)::text = 'movie'::text)
                                      Rows Removed by Filter: 0
                          ->  Index Scan using movie_id_movie_info_idx on movie_info_idx mi_idx  (cost=0.00..6.00 rows=1 width=13) (actual time=0.005..0.005 rows=0 loops=10)
                                Index Cond: (movie_id = t.id)
                                Filter: (info > '6.0'::text)
                                Rows Removed by Filter: 1
                    ->  Index Scan using movie_id_movie_info on movie_info mi  (cost=0.00..84.00 rows=2 width=8) (actual time=0.018..0.020 rows=1 loops=1)
                          Index Cond: (movie_id = t.id)
                          Filter: (info = ANY ('{Sweden,Norway,Germany,Denmark,Swedish,Denish,Norwegian,German,USA,American}'::text[]))
                          Rows Removed by Filter: 10
              ->  Index Scan using info_type_pkey on info_type it1  (cost=0.00..2.00 rows=1 width=4) (actual time=0.004..0.004 rows=1 loops=1)
                    Index Cond: (id = mi.info_type_id)
                    Filter: ((info)::text = 'countries'::text)
        ->  Index Scan using info_type_pkey on info_type it2  (cost=0.00..2.00 rows=1 width=4) (actual time=0.003..0.003 rows=1 loops=1)
              Index Cond: (id = mi_idx.info_type_id)
              Filter: ((info)::text = 'rating'::text)
Planning time: 3.024 ms
Execution time: 71.810 ms
