Aggregate  (cost=136239.04..136240.04 rows=1 width=64) (actual time=72.492..72.492 rows=1 loops=1)
  ->  Nested Loop  (cost=0.00..136239.04 rows=1 width=22) (actual time=37.568..72.485 rows=1 loops=1)
        ->  Nested Loop  (cost=0.00..136235.04 rows=1 width=26) (actual time=1.289..72.479 rows=2 loops=1)
              ->  Nested Loop  (cost=0.00..136231.04 rows=1 width=30) (actual time=1.285..72.472 rows=3 loops=1)
                    ->  Nested Loop  (cost=0.00..136224.04 rows=1 width=33) (actual time=1.278..72.426 rows=8 loops=1)
                          ->  Nested Loop  (cost=0.00..136220.04 rows=1 width=37) (actual time=1.276..72.408 rows=8 loops=1)
                                ->  Nested Loop  (cost=0.00..136134.04 rows=1 width=29) (actual time=1.249..72.179 rows=15 loops=1)
                                      ->  Nested Loop  (cost=0.00..136000.00 rows=67 width=4) (actual time=0.808..27.034 rows=19528 loops=1)
                                            ->  Seq Scan on keyword k  (cost=0.00..134170.00 rows=2 width=4) (actual time=0.799..12.514 rows=1 loops=1)
                                                  Filter: (keyword = ANY ('{murder,murder-in-title}'::text[]))
                                                  Rows Removed by Filter: 134169
                                            ->  Index Scan using keyword_id_movie_keyword on movie_keyword mk  (cost=0.00..610.00 rows=305 width=8) (actual time=0.009..12.208 rows=19528 loops=1)
                                                  Index Cond: (keyword_id = k.id)
                                      ->  Index Scan using title_pkey on title t  (cost=0.00..2.00 rows=1 width=25) (actual time=0.002..0.002 rows=0 loops=19528)
                                            Index Cond: (id = mk.movie_id)
                                            Filter: ((production_year > 2010) AND ((title ~~ '%murder%'::text) OR (title ~~ '%Murder%'::text) OR (title ~~ '%Mord%'::text)))
                                            Rows Removed by Filter: 1
                                ->  Index Scan using movie_id_movie_info on movie_info mi  (cost=0.00..84.00 rows=2 width=8) (actual time=0.014..0.015 rows=1 loops=15)
                                      Index Cond: (movie_id = t.id)
                                      Filter: (info = ANY ('{Sweden,Norway,Germany,Denmark,Swedish,Denish,Norwegian,German,USA,American}'::text[]))
                                      Rows Removed by Filter: 12
                          ->  Index Scan using info_type_pkey on info_type it1  (cost=0.00..2.00 rows=1 width=4) (actual time=0.002..0.002 rows=1 loops=8)
                                Index Cond: (id = mi.info_type_id)
                                Filter: ((info)::text = 'countries'::text)
                    ->  Index Scan using movie_id_movie_info_idx on movie_info_idx mi_idx  (cost=0.00..6.00 rows=1 width=13) (actual time=0.005..0.005 rows=0 loops=8)
                          Index Cond: (movie_id = t.id)
                          Filter: (info > '6.0'::text)
                          Rows Removed by Filter: 1
              ->  Index Scan using info_type_pkey on info_type it2  (cost=0.00..2.00 rows=1 width=4) (actual time=0.002..0.002 rows=1 loops=3)
                    Index Cond: (id = mi_idx.info_type_id)
                    Filter: ((info)::text = 'rating'::text)
                    Rows Removed by Filter: 0
        ->  Index Scan using kind_type_pkey on kind_type kt  (cost=0.00..2.00 rows=1 width=4) (actual time=0.002..0.002 rows=0 loops=2)
              Index Cond: (id = t.kind_id)
              Filter: ((kind)::text = 'movie'::text)
              Rows Removed by Filter: 0
Planning time: 3.061 ms
Execution time: 72.552 ms
