Aggregate  (cost=137456.00..137457.00 rows=1 width=64) (actual time=421.513..421.513 rows=1 loops=1)
  ->  Nested Loop  (cost=0.00..137456.00 rows=1 width=22) (actual time=0.891..420.362 rows=4115 loops=1)
        ->  Nested Loop  (cost=0.00..137452.00 rows=1 width=26) (actual time=0.889..415.400 rows=4709 loops=1)
              ->  Nested Loop  (cost=0.00..137366.00 rows=1 width=34) (actual time=0.874..199.299 rows=5949 loops=1)
                    ->  Nested Loop  (cost=0.00..137296.00 rows=34 width=38) (actual time=0.869..181.569 rows=17892 loops=1)
                          ->  Nested Loop  (cost=0.00..137197.00 rows=11 width=25) (actual time=0.863..152.110 rows=8073 loops=1)
                                ->  Nested Loop  (cost=0.00..137117.00 rows=40 width=29) (actual time=0.850..142.090 rows=9739 loops=1)
                                      ->  Nested Loop  (cost=0.00..136915.00 rows=101 width=4) (actual time=0.844..46.156 rows=37091 loops=1)
                                            ->  Seq Scan on keyword k  (cost=0.00..134170.00 rows=3 width=4) (actual time=0.836..15.826 rows=3 loops=1)
                                                  Filter: ((keyword IS NOT NULL) AND (keyword = ANY ('{murder,murder-in-title,blood,violence}'::text[])))
                                                  Rows Removed by Filter: 134167
                                            ->  Index Scan using keyword_id_movie_keyword on movie_keyword mk  (cost=0.00..610.00 rows=305 width=8) (actual time=0.008..8.603 rows=12364 loops=3)
                                                  Index Cond: (keyword_id = k.id)
                                      ->  Index Scan using title_pkey on title t  (cost=0.00..2.00 rows=1 width=25) (actual time=0.002..0.002 rows=0 loops=37091)
                                            Index Cond: (id = mk.movie_id)
                                            Filter: (production_year > 2005)
                                            Rows Removed by Filter: 1
                                ->  Index Scan using kind_type_pkey on kind_type kt  (cost=0.00..2.00 rows=1 width=4) (actual time=0.001..0.001 rows=1 loops=9739)
                                      Index Cond: (id = t.kind_id)
                                      Filter: ((kind)::text = ANY ('{movie,episode}'::text[]))
                                      Rows Removed by Filter: 0
                          ->  Index Scan using movie_id_movie_info_idx on movie_info_idx mi_idx  (cost=0.00..6.00 rows=3 width=13) (actual time=0.003..0.003 rows=2 loops=8073)
                                Index Cond: (movie_id = t.id)
                                Filter: (info < '8.5'::text)
                                Rows Removed by Filter: 0
                    ->  Index Scan using info_type_pkey on info_type it2  (cost=0.00..2.00 rows=1 width=4) (actual time=0.001..0.001 rows=0 loops=17892)
                          Index Cond: (id = mi_idx.info_type_id)
                          Filter: ((info)::text = 'rating'::text)
                          Rows Removed by Filter: 1
              ->  Index Scan using movie_id_movie_info on movie_info mi  (cost=0.00..84.00 rows=2 width=8) (actual time=0.031..0.036 rows=1 loops=5949)
                    Index Cond: (movie_id = t.id)
                    Filter: (info = ANY ('{Sweden,Norway,Germany,Denmark,Swedish,Danish,Norwegian,German,USA,American}'::text[]))
                    Rows Removed by Filter: 71
        ->  Index Scan using info_type_pkey on info_type it1  (cost=0.00..2.00 rows=1 width=4) (actual time=0.001..0.001 rows=1 loops=4709)
              Index Cond: (id = mi.info_type_id)
              Filter: ((info)::text = 'countries'::text)
              Rows Removed by Filter: 0
Planning time: 3.083 ms
Execution time: 421.580 ms
