Aggregate  (cost=436432.80..436433.80 rows=1 width=64) (actual time=533.812..533.812 rows=1 loops=1)
  ->  Nested Loop  (cost=0.00..436432.80 rows=17 width=59) (actual time=21.254..533.679 rows=328 loops=1)
        ->  Nested Loop  (cost=0.00..436398.80 rows=17 width=63) (actual time=21.245..532.799 rows=328 loops=1)
              ->  Nested Loop  (cost=0.00..436263.80 rows=1 width=75) (actual time=13.628..532.451 rows=57 loops=1)
                    ->  Nested Loop  (cost=0.00..436261.00 rows=1 width=79) (actual time=13.624..532.321 rows=57 loops=1)
                          ->  Nested Loop  (cost=0.00..436259.00 rows=1 width=83) (actual time=13.616..532.023 rows=59 loops=1)
                                ->  Nested Loop  (cost=0.00..436248.00 rows=1 width=71) (actual time=1.707..531.304 rows=111 loops=1)
                                      ->  Nested Loop  (cost=0.00..427536.00 rows=968 width=67) (actual time=0.172..527.600 rows=1749 loops=1)
                                            ->  Nested Loop  (cost=0.00..423994.00 rows=1771 width=46) (actual time=0.166..520.846 rows=1771 loops=1)
                                                  ->  Seq Scan on info_type it1  (cost=0.00..113.00 rows=1 width=4) (actual time=0.010..0.018 rows=1 loops=1)
                                                        Filter: ((info)::text = 'release dates'::text)
                                                        Rows Removed by Filter: 112
                                                  ->  Index Scan using info_type_id_movie_info on movie_info mi  (cost=0.00..423878.00 rows=3 width=50) (actual time=0.156..520.581 rows=1771 loops=1)
                                                        Index Cond: (info_type_id = it1.id)
                                                        Filter: ((note ~~ '%internet%'::text) AND (info ~~ 'USA:% 200%'::text))
                                                        Rows Removed by Filter: 3034948
                                            ->  Index Scan using title_pkey on title t  (cost=0.00..2.00 rows=1 width=21) (actual time=0.003..0.003 rows=1 loops=1771)
                                                  Index Cond: (id = mi.movie_id)
                                                  Filter: (production_year > 2000)
                                                  Rows Removed by Filter: 0
                                      ->  Index Only Scan using movie_id_aka_title on aka_title at  (cost=0.00..6.00 rows=3 width=4) (actual time=0.002..0.002 rows=0 loops=1749)
                                            Index Cond: (movie_id = t.id)
                                            Heap Fetches: 111
                                ->  Index Scan using movie_id_movie_companies on movie_companies mc  (cost=0.00..10.00 rows=1 width=12) (actual time=0.005..0.006 rows=1 loops=111)
                                      Index Cond: (movie_id = t.id)
                                      Filter: ((note ~~ '%(200%)%'::text) AND (note ~~ '%(worldwide)%'::text))
                                      Rows Removed by Filter: 3
                          ->  Index Scan using company_name_pkey on company_name cn  (cost=0.00..2.00 rows=1 width=4) (actual time=0.004..0.004 rows=1 loops=59)
                                Index Cond: (id = mc.company_id)
                                Filter: ((country_code)::text = '[us]'::text)
                                Rows Removed by Filter: 0
                    ->  Index Only Scan using company_type_pkey on company_type ct  (cost=0.00..2.00 rows=1 width=4) (actual time=0.001..0.001 rows=1 loops=57)
                          Index Cond: (id = mc.company_type_id)
                          Heap Fetches: 57
              ->  Index Scan using movie_id_movie_keyword on movie_keyword mk  (cost=0.00..90.00 rows=45 width=8) (actual time=0.004..0.005 rows=6 loops=57)
                    Index Cond: (movie_id = t.id)
        ->  Index Only Scan using keyword_pkey on keyword k  (cost=0.00..2.00 rows=1 width=4) (actual time=0.002..0.002 rows=1 loops=328)
              Index Cond: (id = mk.keyword_id)
              Heap Fetches: 328
Planning time: 7.734 ms
Execution time: 533.891 ms
