Aggregate  (cost=238704.20..238705.20 rows=1 width=64) (actual time=26.873..26.873 rows=1 loops=1)
  ->  Nested Loop  (cost=0.00..238704.20 rows=9 width=59) (actual time=5.678..26.859 rows=37 loops=1)
        ->  Nested Loop  (cost=0.00..238686.20 rows=9 width=63) (actual time=5.670..26.748 rows=37 loops=1)
              ->  Nested Loop  (cost=0.00..238551.20 rows=1 width=75) (actual time=4.632..26.718 rows=3 loops=1)
                    ->  Nested Loop  (cost=0.00..238547.20 rows=1 width=79) (actual time=4.629..26.711 rows=3 loops=1)
                          ->  Nested Loop  (cost=0.00..237867.20 rows=8 width=29) (actual time=3.780..26.319 rows=26 loops=1)
                                ->  Nested Loop  (cost=0.00..237820.00 rows=26 width=33) (actual time=3.777..26.288 rows=26 loops=1)
                                      ->  Nested Loop  (cost=0.00..237766.00 rows=27 width=12) (actual time=3.769..26.164 rows=27 loops=1)
                                            ->  Nested Loop  (cost=0.00..235264.00 rows=278 width=8) (actual time=3.594..25.544 rows=278 loops=1)
                                                  ->  Seq Scan on company_name cn  (cost=0.00..234997.00 rows=1 width=4) (actual time=3.575..24.175 rows=1 loops=1)
                                                        Filter: (((country_code)::text = '[us]'::text) AND (name = 'YouTube'::text))
                                                        Rows Removed by Filter: 234996
                                                  ->  Index Scan using company_id_movie_companies on movie_companies mc  (cost=0.00..266.00 rows=1 width=12) (actual time=0.017..1.339 rows=278 loops=1)
                                                        Index Cond: (company_id = cn.id)
                                                        Filter: ((note ~~ '%(200%)%'::text) AND (note ~~ '%(worldwide)%'::text))
                                                        Rows Removed by Filter: 1180
                                            ->  Index Only Scan using movie_id_aka_title on aka_title at  (cost=0.00..6.00 rows=3 width=4) (actual time=0.002..0.002 rows=0 loops=278)
                                                  Index Cond: (movie_id = mc.movie_id)
                                                  Heap Fetches: 27
                                      ->  Index Scan using title_pkey on title t  (cost=0.00..2.00 rows=1 width=21) (actual time=0.004..0.004 rows=1 loops=27)
                                            Index Cond: (id = at.movie_id)
                                            Filter: ((production_year >= 2005) AND (production_year <= 2010))
                                            Rows Removed by Filter: 0
                                ->  Index Only Scan using company_type_pkey on company_type ct  (cost=0.00..2.00 rows=1 width=4) (actual time=0.001..0.001 rows=1 loops=26)
                                      Index Cond: (id = mc.company_type_id)
                                      Heap Fetches: 26
                          ->  Index Scan using movie_id_movie_info on movie_info mi  (cost=0.00..84.00 rows=1 width=50) (actual time=0.014..0.015 rows=0 loops=26)
                                Index Cond: (movie_id = t.id)
                                Filter: ((note ~~ '%internet%'::text) AND (info ~~ 'USA:% 200%'::text))
                                Rows Removed by Filter: 19
                    ->  Index Scan using info_type_pkey on info_type it1  (cost=0.00..2.00 rows=1 width=4) (actual time=0.002..0.002 rows=1 loops=3)
                          Index Cond: (id = mi.info_type_id)
                          Filter: ((info)::text = 'release dates'::text)
              ->  Index Scan using movie_id_movie_keyword on movie_keyword mk  (cost=0.00..90.00 rows=45 width=8) (actual time=0.005..0.008 rows=12 loops=3)
                    Index Cond: (movie_id = t.id)
        ->  Index Only Scan using keyword_pkey on keyword k  (cost=0.00..2.00 rows=1 width=4) (actual time=0.003..0.003 rows=1 loops=37)
              Index Cond: (id = mk.keyword_id)
              Heap Fetches: 37
Planning time: 7.498 ms
Execution time: 26.937 ms
