Aggregate  (cost=236775.80..236776.80 rows=1 width=64) (actual time=28.202..28.202 rows=1 loops=1)
  ->  Nested Loop  (cost=0.00..236775.80 rows=9 width=59) (actual time=6.576..28.188 rows=37 loops=1)
        ->  Nested Loop  (cost=0.00..236757.80 rows=9 width=63) (actual time=6.569..28.073 rows=37 loops=1)
              ->  Nested Loop  (cost=0.00..236622.80 rows=1 width=75) (actual time=5.289..28.043 rows=3 loops=1)
                    ->  Nested Loop  (cost=0.00..236618.80 rows=1 width=79) (actual time=5.286..28.036 rows=3 loops=1)
                          ->  Nested Loop  (cost=0.00..236533.80 rows=1 width=29) (actual time=4.145..27.656 rows=26 loops=1)
                                ->  Nested Loop  (cost=0.00..236531.00 rows=1 width=33) (actual time=4.142..27.625 rows=26 loops=1)
                                      ->  Nested Loop  (cost=0.00..235820.00 rows=79 width=29) (actual time=3.798..27.048 rows=254 loops=1)
                                            ->  Nested Loop  (cost=0.00..235264.00 rows=278 width=8) (actual time=3.791..26.015 rows=278 loops=1)
                                                  ->  Seq Scan on company_name cn  (cost=0.00..234997.00 rows=1 width=4) (actual time=3.772..24.653 rows=1 loops=1)
                                                        Filter: (((country_code)::text = '[us]'::text) AND (name = 'YouTube'::text))
                                                        Rows Removed by Filter: 234996
                                                  ->  Index Scan using company_id_movie_companies on movie_companies mc  (cost=0.00..266.00 rows=1 width=12) (actual time=0.016..1.329 rows=278 loops=1)
                                                        Index Cond: (company_id = cn.id)
                                                        Filter: ((note ~~ '%(200%)%'::text) AND (note ~~ '%(worldwide)%'::text))
                                                        Rows Removed by Filter: 1180
                                            ->  Index Scan using title_pkey on title t  (cost=0.00..2.00 rows=1 width=21) (actual time=0.003..0.003 rows=1 loops=278)
                                                  Index Cond: (id = mc.movie_id)
                                                  Filter: ((production_year >= 2005) AND (production_year <= 2010))
                                                  Rows Removed by Filter: 0
                                      ->  Index Only Scan using movie_id_aka_title on aka_title at  (cost=0.00..6.00 rows=3 width=4) (actual time=0.002..0.002 rows=0 loops=254)
                                            Index Cond: (movie_id = t.id)
                                            Heap Fetches: 26
                                ->  Index Only Scan using company_type_pkey on company_type ct  (cost=0.00..2.00 rows=1 width=4) (actual time=0.001..0.001 rows=1 loops=26)
                                      Index Cond: (id = mc.company_type_id)
                                      Heap Fetches: 26
                          ->  Index Scan using movie_id_movie_info on movie_info mi  (cost=0.00..84.00 rows=1 width=50) (actual time=0.013..0.014 rows=0 loops=26)
                                Index Cond: (movie_id = t.id)
                                Filter: ((note ~~ '%internet%'::text) AND (info ~~ 'USA:% 200%'::text))
                                Rows Removed by Filter: 19
                    ->  Index Scan using info_type_pkey on info_type it1  (cost=0.00..2.00 rows=1 width=4) (actual time=0.002..0.002 rows=1 loops=3)
                          Index Cond: (id = mi.info_type_id)
                          Filter: ((info)::text = 'release dates'::text)
              ->  Index Scan using movie_id_movie_keyword on movie_keyword mk  (cost=0.00..90.00 rows=45 width=8) (actual time=0.005..0.008 rows=12 loops=3)
                    Index Cond: (movie_id = t.id)
        ->  Index Only Scan using keyword_pkey on keyword k  (cost=0.00..2.00 rows=1 width=4) (actual time=0.003..0.003 rows=1 loops=37)
              Index Cond: (id = mk.keyword_id)
              Heap Fetches: 37
Planning time: 7.686 ms
Execution time: 28.284 ms
