Aggregate  (cost=443561.20..443562.20 rows=1 width=64) (actual time=530.412..530.412 rows=1 loops=1)
  ->  Nested Loop  (cost=0.00..443561.20 rows=66 width=59) (actual time=1.718..529.621 rows=2271 loops=1)
        ->  Nested Loop  (cost=0.00..443429.20 rows=66 width=63) (actual time=1.711..524.617 rows=2271 loops=1)
              ->  Nested Loop  (cost=0.00..443159.20 rows=2 width=75) (actual time=1.702..523.035 rows=284 loops=1)
                    ->  Nested Loop  (cost=0.00..443153.20 rows=3 width=54) (actual time=1.693..522.056 rows=284 loops=1)
                          ->  Nested Loop  (cost=0.00..442642.00 rows=284 width=58) (actual time=1.688..521.585 rows=284 loops=1)
                                ->  Nested Loop  (cost=0.00..441842.00 rows=400 width=62) (actual time=1.680..520.103 rows=400 loops=1)
                                      ->  Nested Loop  (cost=0.00..440042.00 rows=120 width=50) (actual time=1.672..519.200 rows=120 loops=1)
                                            ->  Nested Loop  (cost=0.00..423995.00 rows=1783 width=46) (actual time=0.167..515.255 rows=1783 loops=1)
                                                  ->  Seq Scan on info_type it1  (cost=0.00..113.00 rows=1 width=4) (actual time=0.011..0.019 rows=1 loops=1)
                                                        Filter: ((info)::text = 'release dates'::text)
                                                        Rows Removed by Filter: 112
                                                  ->  Index Scan using info_type_id_movie_info on movie_info mi  (cost=0.00..423878.00 rows=4 width=50) (actual time=0.155..514.999 rows=1783 loops=1)
                                                        Index Cond: (info_type_id = it1.id)
                                                        Filter: ((note ~~ '%internet%'::text) AND (info IS NOT NULL) AND ((info ~~ 'USA:% 199%'::text) OR (info ~~ 'USA:% 200%'::text)))
                                                        Rows Removed by Filter: 3034936
                                            ->  Index Only Scan using movie_id_aka_title on aka_title at  (cost=0.00..6.00 rows=3 width=4) (actual time=0.002..0.002 rows=0 loops=1783)
                                                  Index Cond: (movie_id = mi.movie_id)
                                                  Heap Fetches: 120
                                      ->  Index Scan using movie_id_movie_companies on movie_companies mc  (cost=0.00..10.00 rows=5 width=12) (actual time=0.005..0.006 rows=3 loops=120)
                                            Index Cond: (movie_id = at.movie_id)
                                ->  Index Scan using company_name_pkey on company_name cn  (cost=0.00..2.00 rows=1 width=4) (actual time=0.003..0.003 rows=1 loops=400)
                                      Index Cond: (id = mc.company_id)
                                      Filter: ((country_code)::text = '[us]'::text)
                                      Rows Removed by Filter: 0
                          ->  Index Only Scan using company_type_pkey on company_type ct  (cost=0.00..2.00 rows=1 width=4) (actual time=0.001..0.001 rows=1 loops=284)
                                Index Cond: (id = mc.company_type_id)
                                Heap Fetches: 284
                    ->  Index Scan using title_pkey on title t  (cost=0.00..2.00 rows=1 width=21) (actual time=0.003..0.003 rows=1 loops=284)
                          Index Cond: (id = at.movie_id)
                          Filter: (production_year > 1990)
              ->  Index Scan using movie_id_movie_keyword on movie_keyword mk  (cost=0.00..90.00 rows=45 width=8) (actual time=0.003..0.004 rows=8 loops=284)
                    Index Cond: (movie_id = t.id)
        ->  Index Only Scan using keyword_pkey on keyword k  (cost=0.00..2.00 rows=1 width=4) (actual time=0.002..0.002 rows=1 loops=2271)
              Index Cond: (id = mk.keyword_id)
              Heap Fetches: 2271
Planning time: 7.712 ms
Execution time: 530.494 ms
