Aggregate  (cost=486275.20..486276.20 rows=1 width=64) (actual time=531.892..531.892 rows=1 loops=1)
  ->  Nested Loop  (cost=0.00..486275.20 rows=2271 width=59) (actual time=1.743..531.105 rows=2271 loops=1)
        ->  Nested Loop  (cost=0.00..481733.20 rows=2271 width=63) (actual time=1.736..526.050 rows=2271 loops=1)
              ->  Nested Loop  (cost=0.00..443393.20 rows=284 width=75) (actual time=1.728..524.465 rows=284 loops=1)
                    ->  Nested Loop  (cost=0.00..442882.00 rows=284 width=79) (actual time=1.724..523.968 rows=284 loops=1)
                          ->  Nested Loop  (cost=0.00..442082.00 rows=400 width=83) (actual time=1.716..522.463 rows=400 loops=1)
                                ->  Nested Loop  (cost=0.00..440282.00 rows=120 width=71) (actual time=1.708..521.581 rows=120 loops=1)
                                      ->  Nested Loop  (cost=0.00..440042.00 rows=120 width=50) (actual time=1.699..520.826 rows=120 loops=1)
                                            ->  Nested Loop  (cost=0.00..423995.00 rows=1783 width=46) (actual time=0.171..516.905 rows=1783 loops=1)
                                                  ->  Seq Scan on info_type it1  (cost=0.00..113.00 rows=1 width=4) (actual time=0.011..0.018 rows=1 loops=1)
                                                        Filter: ((info)::text = 'release dates'::text)
                                                        Rows Removed by Filter: 112
                                                  ->  Index Scan using info_type_id_movie_info on movie_info mi  (cost=0.00..423878.00 rows=4 width=50) (actual time=0.159..516.651 rows=1783 loops=1)
                                                        Index Cond: (info_type_id = it1.id)
                                                        Filter: ((note ~~ '%internet%'::text) AND (info IS NOT NULL) AND ((info ~~ 'USA:% 199%'::text) OR (info ~~ 'USA:% 200%'::text)))
                                                        Rows Removed by Filter: 3034936
                                            ->  Index Only Scan using movie_id_aka_title on aka_title at  (cost=0.00..6.00 rows=3 width=4) (actual time=0.002..0.002 rows=0 loops=1783)
                                                  Index Cond: (movie_id = mi.movie_id)
                                                  Heap Fetches: 120
                                      ->  Index Scan using title_pkey on title t  (cost=0.00..2.00 rows=1 width=21) (actual time=0.005..0.005 rows=1 loops=120)
                                            Index Cond: (id = at.movie_id)
                                            Filter: (production_year > 1990)
                                ->  Index Scan using movie_id_movie_companies on movie_companies mc  (cost=0.00..10.00 rows=5 width=12) (actual time=0.005..0.006 rows=3 loops=120)
                                      Index Cond: (movie_id = t.id)
                          ->  Index Scan using company_name_pkey on company_name cn  (cost=0.00..2.00 rows=1 width=4) (actual time=0.003..0.003 rows=1 loops=400)
                                Index Cond: (id = mc.company_id)
                                Filter: ((country_code)::text = '[us]'::text)
                                Rows Removed by Filter: 0
                    ->  Index Only Scan using company_type_pkey on company_type ct  (cost=0.00..2.00 rows=1 width=4) (actual time=0.001..0.001 rows=1 loops=284)
                          Index Cond: (id = mc.company_type_id)
                          Heap Fetches: 284
              ->  Index Scan using movie_id_movie_keyword on movie_keyword mk  (cost=0.00..90.00 rows=45 width=8) (actual time=0.003..0.004 rows=8 loops=284)
                    Index Cond: (movie_id = t.id)
        ->  Index Only Scan using keyword_pkey on keyword k  (cost=0.00..2.00 rows=1 width=4) (actual time=0.002..0.002 rows=1 loops=2271)
              Index Cond: (id = mk.keyword_id)
              Heap Fetches: 2271
Planning time: 7.727 ms
Execution time: 531.975 ms
