Aggregate  (cost=540315.60..540316.60 rows=1 width=64) (actual time=716.979..716.979 rows=1 loops=1)
  ->  Nested Loop  (cost=0.00..540315.60 rows=3753 width=38) (actual time=1.822..713.944 rows=11347 loops=1)
        ->  Nested Loop  (cost=0.00..533560.00 rows=3753 width=42) (actual time=1.817..702.581 rows=11347 loops=1)
              ->  Nested Loop  (cost=0.00..532120.00 rows=720 width=46) (actual time=1.809..637.297 rows=39767 loops=1)
                    ->  Nested Loop  (cost=0.00..530680.00 rows=720 width=50) (actual time=1.803..565.142 rows=39767 loops=1)
                          ->  Nested Loop  (cost=0.00..527575.00 rows=23 width=62) (actual time=1.796..549.041 rows=2099 loops=1)
                                ->  Nested Loop  (cost=0.00..521440.00 rows=409 width=50) (actual time=0.238..545.800 rows=584 loops=1)
                                      ->  Nested Loop  (cost=0.00..520258.00 rows=591 width=29) (actual time=0.231..543.306 rows=591 loops=1)
                                            ->  Nested Loop  (cost=0.00..424147.00 rows=10679 width=4) (actual time=0.031..525.991 rows=10679 loops=1)
                                                  ->  Seq Scan on info_type it1  (cost=0.00..113.00 rows=1 width=4) (actual time=0.012..0.021 rows=1 loops=1)
                                                        Filter: ((info)::text = 'release dates'::text)
                                                        Rows Removed by Filter: 112
                                                  ->  Index Scan using info_type_id_movie_info on movie_info mi  (cost=0.00..423878.00 rows=156 width=8) (actual time=0.018..524.806 rows=10679 loops=1)
                                                        Index Cond: (info_type_id = it1.id)
                                                        Filter: (note ~~ '%internet%'::text)
                                                        Rows Removed by Filter: 3026040
                                            ->  Index Scan using movie_id_aka_title on aka_title at  (cost=0.00..6.00 rows=3 width=25) (actual time=0.001..0.001 rows=0 loops=10679)
                                                  Index Cond: (movie_id = mi.movie_id)
                                      ->  Index Scan using title_pkey on title t  (cost=0.00..2.00 rows=1 width=21) (actual time=0.004..0.004 rows=1 loops=591)
                                            Index Cond: (id = at.movie_id)
                                            Filter: (production_year > 1990)
                                            Rows Removed by Filter: 0
                                ->  Index Scan using movie_id_movie_companies on movie_companies mc  (cost=0.00..10.00 rows=5 width=12) (actual time=0.003..0.005 rows=4 loops=584)
                                      Index Cond: (movie_id = t.id)
                          ->  Index Scan using movie_id_movie_keyword on movie_keyword mk  (cost=0.00..90.00 rows=45 width=8) (actual time=0.002..0.005 rows=19 loops=2099)
                                Index Cond: (movie_id = t.id)
                    ->  Index Only Scan using keyword_pkey on keyword k  (cost=0.00..2.00 rows=1 width=4) (actual time=0.001..0.001 rows=1 loops=39767)
                          Index Cond: (id = mk.keyword_id)
                          Heap Fetches: 39767
              ->  Index Scan using company_name_pkey on company_name cn  (cost=0.00..2.00 rows=1 width=4) (actual time=0.001..0.001 rows=0 loops=39767)
                    Index Cond: (id = mc.company_id)
                    Filter: ((country_code)::text = '[us]'::text)
                    Rows Removed by Filter: 1
        ->  Index Only Scan using company_type_pkey on company_type ct  (cost=0.00..2.00 rows=1 width=4) (actual time=0.001..0.001 rows=1 loops=11347)
              Index Cond: (id = mc.company_type_id)
              Heap Fetches: 11347
Planning time: 7.672 ms
Execution time: 717.057 ms
