Aggregate  (cost=452845.60..452846.60 rows=1 width=64) (actual time=626.355..626.355 rows=1 loops=1)
  ->  Nested Loop  (cost=0.00..452845.60 rows=4124 width=38) (actual time=1.910..623.678 rows=11347 loops=1)
        ->  Nested Loop  (cost=0.00..444597.60 rows=4124 width=42) (actual time=1.903..601.671 rows=11347 loops=1)
              ->  Nested Loop  (cost=0.00..426912.60 rows=131 width=54) (actual time=1.894..595.927 rows=875 loops=1)
                    ->  Nested Loop  (cost=0.00..426677.00 rows=131 width=58) (actual time=1.890..594.655 rows=875 loops=1)
                          ->  Nested Loop  (cost=0.00..425953.00 rows=362 width=62) (actual time=1.883..588.271 rows=2099 loops=1)
                                ->  Nested Loop  (cost=0.00..424933.00 rows=68 width=50) (actual time=0.269..585.005 rows=584 loops=1)
                                      ->  Nested Loop  (cost=0.00..424339.00 rows=66 width=25) (actual time=0.049..567.442 rows=10662 loops=1)
                                            ->  Nested Loop  (cost=0.00..424147.00 rows=96 width=4) (actual time=0.042..532.849 rows=10679 loops=1)
                                                  ->  Seq Scan on info_type it1  (cost=0.00..113.00 rows=1 width=4) (actual time=0.023..0.031 rows=1 loops=1)
                                                        Filter: ((info)::text = 'release dates'::text)
                                                        Rows Removed by Filter: 112
                                                  ->  Index Scan using info_type_id_movie_info on movie_info mi  (cost=0.00..423878.00 rows=156 width=8) (actual time=0.018..531.595 rows=10679 loops=1)
                                                        Index Cond: (info_type_id = it1.id)
                                                        Filter: (note ~~ '%internet%'::text)
                                                        Rows Removed by Filter: 3026040
                                            ->  Index Scan using title_pkey on title t  (cost=0.00..2.00 rows=1 width=21) (actual time=0.003..0.003 rows=1 loops=10679)
                                                  Index Cond: (id = mi.movie_id)
                                                  Filter: (production_year > 1990)
                                                  Rows Removed by Filter: 0
                                      ->  Index Scan using movie_id_aka_title on aka_title at  (cost=0.00..6.00 rows=3 width=25) (actual time=0.001..0.001 rows=0 loops=10662)
                                            Index Cond: (movie_id = t.id)
                                ->  Index Scan using movie_id_movie_companies on movie_companies mc  (cost=0.00..10.00 rows=5 width=12) (actual time=0.003..0.005 rows=4 loops=584)
                                      Index Cond: (movie_id = t.id)
                          ->  Index Scan using company_name_pkey on company_name cn  (cost=0.00..2.00 rows=1 width=4) (actual time=0.003..0.003 rows=0 loops=2099)
                                Index Cond: (id = mc.company_id)
                                Filter: ((country_code)::text = '[us]'::text)
                                Rows Removed by Filter: 1
                    ->  Index Only Scan using company_type_pkey on company_type ct  (cost=0.00..2.00 rows=1 width=4) (actual time=0.001..0.001 rows=1 loops=875)
                          Index Cond: (id = mc.company_type_id)
                          Heap Fetches: 875
              ->  Index Scan using movie_id_movie_keyword on movie_keyword mk  (cost=0.00..90.00 rows=45 width=8) (actual time=0.003..0.004 rows=13 loops=875)
                    Index Cond: (movie_id = t.id)
        ->  Index Only Scan using keyword_pkey on keyword k  (cost=0.00..2.00 rows=1 width=4) (actual time=0.002..0.002 rows=1 loops=11347)
              Index Cond: (id = mk.keyword_id)
              Heap Fetches: 11347
Planning time: 7.708 ms
Execution time: 626.434 ms
