Aggregate  (cost=426015.00..426016.00 rows=1 width=64) (actual time=127.654..127.654 rows=1 loops=1)
  ->  Nested Loop  (cost=0.00..426015.00 rows=100157 width=33) (actual time=3.228..127.534 rows=385 loops=1)
        ->  Nested Loop  (cost=0.00..225701.00 rows=100157 width=41) (actual time=3.218..126.546 rows=385 loops=1)
              ->  Nested Loop  (cost=0.00..223763.00 rows=323 width=21) (actual time=3.210..125.474 rows=323 loops=1)
                    ->  Nested Loop  (cost=0.00..221063.00 rows=25 width=29) (actual time=3.200..125.003 rows=25 loops=1)
                          ->  Nested Loop  (cost=0.00..220955.00 rows=54 width=33) (actual time=3.144..124.830 rows=54 loops=1)
                                ->  Nested Loop  (cost=0.00..218765.00 rows=146 width=25) (actual time=2.370..124.520 rows=146 loops=1)
                                      ->  Nested Loop  (cost=0.00..135085.00 rows=41840 width=4) (actual time=0.431..31.398 rows=41840 loops=1)
                                            ->  Seq Scan on keyword k  (cost=0.00..134170.00 rows=1 width=4) (actual time=0.416..8.411 rows=1 loops=1)
                                                  Filter: (keyword = 'character-name-in-title'::text)
                                                  Rows Removed by Filter: 134169
                                            ->  Index Scan using keyword_id_movie_keyword on movie_keyword mk  (cost=0.00..610.00 rows=305 width=8) (actual time=0.014..18.138 rows=41840 loops=1)
                                                  Index Cond: (keyword_id = k.id)
                                      ->  Index Scan using title_pkey on title t  (cost=0.00..2.00 rows=1 width=21) (actual time=0.002..0.002 rows=0 loops=41840)
                                            Index Cond: (id = mk.movie_id)
                                            Filter: ((episode_nr >= 50) AND (episode_nr < 100))
                                            Rows Removed by Filter: 1
                                ->  Index Scan using movie_id_movie_companies on movie_companies mc  (cost=0.00..10.00 rows=5 width=8) (actual time=0.002..0.002 rows=0 loops=146)
                                      Index Cond: (movie_id = t.id)
                          ->  Index Scan using company_name_pkey on company_name cn  (cost=0.00..2.00 rows=1 width=4) (actual time=0.003..0.003 rows=0 loops=54)
                                Index Cond: (id = mc.company_id)
                                Filter: ((country_code)::text = '[us]'::text)
                                Rows Removed by Filter: 1
                    ->  Index Scan using movie_id_cast_info on cast_info ci  (cost=0.00..72.00 rows=36 width=8) (actual time=0.005..0.017 rows=13 loops=25)
                          Index Cond: (movie_id = t.id)
              ->  Index Scan using person_id_aka_name on aka_name an  (cost=0.00..4.00 rows=2 width=20) (actual time=0.003..0.003 rows=1 loops=323)
                    Index Cond: (person_id = ci.person_id)
        ->  Index Only Scan using name_pkey on name n  (cost=0.00..2.00 rows=1 width=4) (actual time=0.002..0.002 rows=1 loops=385)
              Index Cond: (id = an.person_id)
              Heap Fetches: 385
Planning time: 3.695 ms
Execution time: 127.730 ms
