Aggregate  (cost=554975.00..554976.00 rows=1 width=64) (actual time=178.574..178.574 rows=1 loops=1)
  ->  Nested Loop  (cost=468318.00..554975.00 rows=216 width=33) (actual time=171.892..178.465 rows=385 loops=1)
        ->  Merge Join  (cost=468318.00..554543.00 rows=216 width=41) (actual time=171.873..177.525 rows=385 loops=1)
              Merge Cond: (mc.company_id = cn.id)
              ->  Sort  (cost=233321.00..233321.00 rows=238825 width=45) (actual time=125.226..125.302 rows=898 loops=1)
                    Sort Key: mc.company_id
                    Sort Method: quicksort  Memory: 132kB
                    ->  Nested Loop  (cost=0.00..233321.00 rows=238825 width=45) (actual time=3.220..125.006 rows=898 loops=1)
                          ->  Nested Loop  (cost=0.00..226787.00 rows=1089 width=25) (actual time=3.197..122.300 rows=1089 loops=1)
                                ->  Nested Loop  (cost=0.00..220955.00 rows=54 width=33) (actual time=3.187..121.206 rows=54 loops=1)
                                      ->  Nested Loop  (cost=0.00..218765.00 rows=146 width=25) (actual time=2.406..120.909 rows=146 loops=1)
                                            ->  Nested Loop  (cost=0.00..135085.00 rows=41840 width=4) (actual time=0.432..31.093 rows=41840 loops=1)
                                                  ->  Seq Scan on keyword k  (cost=0.00..134170.00 rows=1 width=4) (actual time=0.419..8.454 rows=1 loops=1)
                                                        Filter: (keyword = 'character-name-in-title'::text)
                                                        Rows Removed by Filter: 134169
                                                  ->  Index Scan using keyword_id_movie_keyword on movie_keyword mk  (cost=0.00..610.00 rows=305 width=8) (actual time=0.013..17.876 rows=41840 loops=1)
                                                        Index Cond: (keyword_id = k.id)
                                            ->  Index Scan using title_pkey on title t  (cost=0.00..2.00 rows=1 width=21) (actual time=0.002..0.002 rows=0 loops=41840)
                                                  Index Cond: (id = mk.movie_id)
                                                  Filter: ((episode_nr >= 50) AND (episode_nr < 100))
                                                  Rows Removed by Filter: 1
                                      ->  Index Scan using movie_id_movie_companies on movie_companies mc  (cost=0.00..10.00 rows=5 width=8) (actual time=0.002..0.002 rows=0 loops=146)
                                            Index Cond: (movie_id = t.id)
                                ->  Index Scan using movie_id_cast_info on cast_info ci  (cost=0.00..72.00 rows=36 width=8) (actual time=0.004..0.017 rows=20 loops=54)
                                      Index Cond: (movie_id = t.id)
                          ->  Index Scan using person_id_aka_name on aka_name an  (cost=0.00..4.00 rows=2 width=20) (actual time=0.002..0.002 rows=1 loops=1089)
                                Index Cond: (person_id = ci.person_id)
              ->  Sort  (cost=234997.00..234997.00 rows=84843 width=4) (actual time=46.641..49.808 rows=31528 loops=1)
                    Sort Key: cn.id
                    Sort Method: quicksort  Memory: 7050kB
                    ->  Seq Scan on company_name cn  (cost=0.00..234997.00 rows=84843 width=4) (actual time=0.009..29.201 rows=84843 loops=1)
                          Filter: ((country_code)::text = '[us]'::text)
                          Rows Removed by Filter: 150154
        ->  Index Only Scan using name_pkey on name n  (cost=0.00..2.00 rows=1 width=4) (actual time=0.002..0.002 rows=1 loops=385)
              Index Cond: (id = an.person_id)
              Heap Fetches: 385
Planning time: 3.703 ms
Execution time: 178.654 ms
