Aggregate  (cost=421393.00..421394.00 rows=1 width=64) (actual time=127.836..127.836 rows=1 loops=1)
  ->  Nested Loop  (cost=0.00..421393.00 rows=37 width=33) (actual time=3.305..127.719 rows=385 loops=1)
        ->  Nested Loop  (cost=0.00..421319.00 rows=37 width=41) (actual time=3.296..126.733 rows=385 loops=1)
              ->  Nested Loop  (cost=0.00..420215.00 rows=184 width=21) (actual time=3.288..125.661 rows=323 loops=1)
                    ->  Nested Loop  (cost=0.00..221063.00 rows=1844 width=29) (actual time=3.279..125.204 rows=25 loops=1)
                          ->  Nested Loop  (cost=0.00..220955.00 rows=54 width=33) (actual time=3.222..125.031 rows=54 loops=1)
                                ->  Nested Loop  (cost=0.00..218765.00 rows=146 width=25) (actual time=2.421..124.704 rows=146 loops=1)
                                      ->  Nested Loop  (cost=0.00..135085.00 rows=41840 width=4) (actual time=0.426..31.398 rows=41840 loops=1)
                                            ->  Seq Scan on keyword k  (cost=0.00..134170.00 rows=1 width=4) (actual time=0.413..8.516 rows=1 loops=1)
                                                  Filter: (keyword = 'character-name-in-title'::text)
                                                  Rows Removed by Filter: 134169
                                            ->  Index Scan using keyword_id_movie_keyword on movie_keyword mk  (cost=0.00..610.00 rows=305 width=8) (actual time=0.012..18.222 rows=41840 loops=1)
                                                  Index Cond: (keyword_id = k.id)
                                      ->  Index Scan using title_pkey on title t  (cost=0.00..2.00 rows=1 width=21) (actual time=0.002..0.002 rows=0 loops=41840)
                                            Index Cond: (id = mk.movie_id)
                                            Filter: ((episode_nr >= 50) AND (episode_nr < 100))
                                            Rows Removed by Filter: 1
                                ->  Index Scan using movie_id_movie_companies on movie_companies mc  (cost=0.00..10.00 rows=5 width=8) (actual time=0.002..0.002 rows=0 loops=146)
                                      Index Cond: (movie_id = t.id)
                          ->  Index Scan using company_name_pkey on company_name cn  (cost=0.00..2.00 rows=1 width=4) (actual time=0.003..0.003 rows=0 loops=54)
                                Index Cond: (id = mc.company_id)
                                Filter: ((country_code)::text = '[us]'::text)
                                Rows Removed by Filter: 1
                    ->  Index Scan using movie_id_cast_info on cast_info ci  (cost=0.00..72.00 rows=36 width=8) (actual time=0.005..0.016 rows=13 loops=25)
                          Index Cond: (movie_id = t.id)
              ->  Index Scan using person_id_aka_name on aka_name an  (cost=0.00..4.00 rows=2 width=20) (actual time=0.003..0.003 rows=1 loops=323)
                    Index Cond: (person_id = ci.person_id)
        ->  Index Only Scan using name_pkey on name n  (cost=0.00..2.00 rows=1 width=4) (actual time=0.002..0.002 rows=1 loops=385)
              Index Cond: (id = an.person_id)
              Heap Fetches: 385
Planning time: 3.600 ms
Execution time: 127.905 ms
