Aggregate  (cost=13200209.00..13200210.00 rows=1 width=64) (actual time=9596.962..9596.962 rows=1 loops=1)
  ->  Merge Join  (cost=11726319.00..13200209.00 rows=3710592 width=33) (actual time=7901.532..8932.154 rows=3710592 loops=1)
        Merge Cond: (mc.movie_id = ci.movie_id)
        ->  Sort  (cost=3786122.00..3786122.00 rows=1153798 width=4) (actual time=1694.267..1815.987 rows=1153798 loops=1)
              Sort Key: mc.movie_id
              Sort Method: quicksort  Memory: 103237kB
              ->  Merge Join  (cost=2844126.00..3786122.00 rows=1153798 width=4) (actual time=856.111..1416.573 rows=1153798 loops=1)
                    Merge Cond: (cn.id = mc.company_id)
                    ->  Sort  (cost=234997.00..234997.00 rows=84843 width=4) (actual time=45.543..56.269 rows=84843 loops=1)
                          Sort Key: cn.id
                          Sort Method: quicksort  Memory: 7050kB
                          ->  Seq Scan on company_name cn  (cost=0.00..234997.00 rows=84843 width=4) (actual time=0.008..28.240 rows=84843 loops=1)
                                Filter: ((country_code)::text = '[us]'::text)
                                Rows Removed by Filter: 150154
                    ->  Sort  (cost=2609129.00..2609129.00 rows=2609129 width=8) (actual time=810.563..1099.656 rows=2609129 loops=1)
                          Sort Key: mc.company_id
                          Sort Method: quicksort  Memory: 220607kB
                          ->  Seq Scan on movie_companies mc  (cost=0.00..2609129.00 rows=2609129 width=8) (actual time=0.008..283.189 rows=2609129 loops=1)
        ->  Sort  (cost=7940197.00..7940197.00 rows=1294886 width=45) (actual time=6207.064..6479.999 rows=4015029 loops=1)
              Sort Key: ci.movie_id
              Sort Method: quicksort  Memory: 197967kB
              ->  Merge Join  (cost=7715614.00..7940197.00 rows=1294886 width=45) (actual time=5147.447..5803.285 rows=1294886 loops=1)
                    Merge Cond: (n.id = an.person_id)
                    ->  Sort  (cost=6814271.00..6814271.00 rows=1038393 width=37) (actual time=4771.664..4905.818 rows=1038393 loops=1)
                          Sort Key: ci.person_id
                          Sort Method: quicksort  Memory: 122063kB
                          ->  Nested Loop  (cost=0.00..6814271.00 rows=1038393 width=37) (actual time=0.426..4408.730 rows=1038393 loops=1)
                                ->  Nested Loop  (cost=0.00..4737485.00 rows=1038393 width=33) (actual time=0.416..1324.965 rows=1038393 loops=1)
                                      ->  Nested Loop  (cost=0.00..218765.00 rows=41840 width=25) (actual time=0.404..148.161 rows=41840 loops=1)
                                            ->  Nested Loop  (cost=0.00..135085.00 rows=41840 width=4) (actual time=0.395..35.139 rows=41840 loops=1)
                                                  ->  Seq Scan on keyword k  (cost=0.00..134170.00 rows=1 width=4) (actual time=0.374..8.943 rows=1 loops=1)
                                                        Filter: (keyword = 'character-name-in-title'::text)
                                                        Rows Removed by Filter: 134169
                                                  ->  Index Scan using keyword_id_movie_keyword on movie_keyword mk  (cost=0.00..610.00 rows=305 width=8) (actual time=0.018..19.996 rows=41840 loops=1)
                                                        Index Cond: (keyword_id = k.id)
                                            ->  Index Scan using title_pkey on title t  (cost=0.00..2.00 rows=1 width=21) (actual time=0.002..0.002 rows=1 loops=41840)
                                                  Index Cond: (id = mk.movie_id)
                                      ->  Index Scan using movie_id_cast_info on cast_info ci  (cost=0.00..72.00 rows=36 width=8) (actual time=0.003..0.024 rows=25 loops=41840)
                                            Index Cond: (movie_id = t.id)
                                ->  Index Only Scan using name_pkey on name n  (cost=0.00..2.00 rows=1 width=4) (actual time=0.003..0.003 rows=1 loops=1038393)
                                      Index Cond: (id = ci.person_id)
                                      Heap Fetches: 1038393
                    ->  Sort  (cost=901343.00..901343.00 rows=901343 width=20) (actual time=375.774..508.737 rows=1780476 loops=1)
                          Sort Key: an.person_id
                          Sort Method: quicksort  Memory: 89764kB
                          ->  Seq Scan on aka_name an  (cost=0.00..901343.00 rows=901343 width=20) (actual time=0.012..112.809 rows=901343 loops=1)
Planning time: 3.714 ms
Execution time: 9603.902 ms
