Aggregate  (cost=1093796.00..1093797.00 rows=1 width=64) (actual time=22394.534..22394.534 rows=1 loops=1)
  ->  Nested Loop  (cost=997682.00..1093796.00 rows=1126 width=33) (actual time=230.926..21521.699 rows=3710592 loops=1)
        ->  Nested Loop  (cost=997682.00..1088012.00 rows=964 width=25) (actual time=230.916..12938.460 rows=2832555 loops=1)
              ->  Nested Loop  (cost=997682.00..1086084.00 rows=964 width=21) (actual time=230.905..3737.739 rows=2832555 loops=1)
                    ->  Nested Loop  (cost=997682.00..1077552.00 rows=79 width=29) (actual time=230.881..577.650 rows=68316 loops=1)
                          ->  Merge Join  (cost=997682.00..1077394.00 rows=79 width=8) (actual time=230.863..300.254 rows=68316 loops=1)
                                Merge Cond: (mc.company_id = cn.id)
                                ->  Sort  (cost=762685.00..762685.00 rows=220786 width=12) (actual time=185.677..207.896 rows=148552 loops=1)
                                      Sort Key: mc.company_id
                                      Sort Method: quicksort  Memory: 13108kB
                                      ->  Nested Loop  (cost=0.00..762685.00 rows=220786 width=12) (actual time=0.434..155.411 rows=148552 loops=1)
                                            ->  Nested Loop  (cost=0.00..135085.00 rows=41840 width=4) (actual time=0.424..30.681 rows=41840 loops=1)
                                                  ->  Seq Scan on keyword k  (cost=0.00..134170.00 rows=1 width=4) (actual time=0.411..9.065 rows=1 loops=1)
                                                        Filter: (keyword = 'character-name-in-title'::text)
                                                        Rows Removed by Filter: 134169
                                                  ->  Index Scan using keyword_id_movie_keyword on movie_keyword mk  (cost=0.00..610.00 rows=305 width=8) (actual time=0.012..16.610 rows=41840 loops=1)
                                                        Index Cond: (keyword_id = k.id)
                                            ->  Index Scan using movie_id_movie_companies on movie_companies mc  (cost=0.00..10.00 rows=5 width=8) (actual time=0.002..0.002 rows=4 loops=41840)
                                                  Index Cond: (movie_id = mk.movie_id)
                                ->  Sort  (cost=234997.00..234997.00 rows=84843 width=4) (actual time=45.178..58.007 rows=84843 loops=1)
                                      Sort Key: cn.id
                                      Sort Method: quicksort  Memory: 7050kB
                                      ->  Seq Scan on company_name cn  (cost=0.00..234997.00 rows=84843 width=4) (actual time=0.011..28.235 rows=84843 loops=1)
                                            Filter: ((country_code)::text = '[us]'::text)
                                            Rows Removed by Filter: 150154
                          ->  Index Scan using title_pkey on title t  (cost=0.00..2.00 rows=1 width=21) (actual time=0.004..0.004 rows=1 loops=68316)
                                Index Cond: (id = mk.movie_id)
                    ->  Index Scan using movie_id_cast_info on cast_info ci  (cost=0.00..72.00 rows=36 width=8) (actual time=0.005..0.040 rows=41 loops=68316)
                          Index Cond: (movie_id = t.id)
              ->  Index Only Scan using name_pkey on name n  (cost=0.00..2.00 rows=1 width=4) (actual time=0.003..0.003 rows=1 loops=2832555)
                    Index Cond: (id = ci.person_id)
                    Heap Fetches: 2832555
        ->  Index Scan using person_id_aka_name on aka_name an  (cost=0.00..4.00 rows=2 width=20) (actual time=0.002..0.003 rows=1 loops=2832555)
              Index Cond: (person_id = n.id)
Planning time: 3.687 ms
Execution time: 22394.611 ms
