Aggregate  (cost=1078337.00..1078338.00 rows=1 width=64) (actual time=18342.900..18342.900 rows=1 loops=1)
  ->  Nested Loop  (cost=0.00..1078337.00 rows=1048 width=33) (actual time=0.607..17448.257 rows=3710592 loops=1)
        ->  Nested Loop  (cost=0.00..1076241.00 rows=1048 width=41) (actual time=0.600..10140.032 rows=3710592 loops=1)
              ->  Nested Loop  (cost=0.00..1069797.00 rows=1074 width=21) (actual time=0.595..3074.532 rows=2832555 loops=1)
                    ->  Nested Loop  (cost=0.00..1059969.00 rows=91 width=29) (actual time=0.466..808.301 rows=68316 loops=1)
                          ->  Nested Loop  (cost=0.00..1059787.00 rows=91 width=8) (actual time=0.460..638.057 rows=68316 loops=1)
                                ->  Nested Loop  (cost=0.00..762685.00 rows=148552 width=12) (actual time=0.449..198.933 rows=148552 loops=1)
                                      ->  Nested Loop  (cost=0.00..135085.00 rows=41840 width=4) (actual time=0.439..36.615 rows=41840 loops=1)
                                            ->  Seq Scan on keyword k  (cost=0.00..134170.00 rows=1 width=4) (actual time=0.425..8.845 rows=1 loops=1)
                                                  Filter: (keyword = 'character-name-in-title'::text)
                                                  Rows Removed by Filter: 134169
                                            ->  Index Scan using keyword_id_movie_keyword on movie_keyword mk  (cost=0.00..610.00 rows=305 width=8) (actual time=0.012..21.234 rows=41840 loops=1)
                                                  Index Cond: (keyword_id = k.id)
                                      ->  Index Scan using movie_id_movie_companies on movie_companies mc  (cost=0.00..10.00 rows=5 width=8) (actual time=0.002..0.003 rows=4 loops=41840)
                                            Index Cond: (movie_id = mk.movie_id)
                                ->  Index Scan using company_name_pkey on company_name cn  (cost=0.00..2.00 rows=1 width=4) (actual time=0.003..0.003 rows=0 loops=148552)
                                      Index Cond: (id = mc.company_id)
                                      Filter: ((country_code)::text = '[us]'::text)
                                      Rows Removed by Filter: 1
                          ->  Index Scan using title_pkey on title t  (cost=0.00..2.00 rows=1 width=21) (actual time=0.002..0.002 rows=1 loops=68316)
                                Index Cond: (id = mk.movie_id)
                    ->  Index Scan using movie_id_cast_info on cast_info ci  (cost=0.00..72.00 rows=36 width=8) (actual time=0.003..0.027 rows=41 loops=68316)
                          Index Cond: (movie_id = t.id)
              ->  Index Scan using person_id_aka_name on aka_name an  (cost=0.00..4.00 rows=2 width=20) (actual time=0.002..0.002 rows=1 loops=2832555)
                    Index Cond: (person_id = ci.person_id)
        ->  Index Only Scan using name_pkey on name n  (cost=0.00..2.00 rows=1 width=4) (actual time=0.002..0.002 rows=1 loops=3710592)
              Index Cond: (id = an.person_id)
              Heap Fetches: 3710592
Planning time: 3.646 ms
Execution time: 18342.974 ms
