Aggregate  (cost=8484391.00..8484392.00 rows=1 width=64) (actual time=24090.344..24090.344 rows=1 loops=1)
  ->  Nested Loop  (cost=0.00..8484391.00 rows=1374 width=33) (actual time=0.571..23143.505 rows=3710592 loops=1)
        ->  Nested Loop  (cost=0.00..8481643.00 rows=1374 width=28) (actual time=0.565..17246.090 rows=3710592 loops=1)
              ->  Nested Loop  (cost=0.00..8478895.00 rows=1374 width=36) (actual time=0.559..9618.264 rows=3710592 loops=1)
                    ->  Nested Loop  (cost=0.00..8437915.00 rows=6830 width=16) (actual time=0.554..2826.179 rows=2832555 loops=1)
                          ->  Nested Loop  (cost=0.00..1059787.00 rows=68316 width=8) (actual time=0.440..586.993 rows=68316 loops=1)
                                ->  Nested Loop  (cost=0.00..762685.00 rows=148552 width=12) (actual time=0.430..194.504 rows=148552 loops=1)
                                      ->  Nested Loop  (cost=0.00..135085.00 rows=41840 width=4) (actual time=0.420..34.972 rows=41840 loops=1)
                                            ->  Seq Scan on keyword k  (cost=0.00..134170.00 rows=1 width=4) (actual time=0.407..8.432 rows=1 loops=1)
                                                  Filter: (keyword = 'character-name-in-title'::text)
                                                  Rows Removed by Filter: 134169
                                            ->  Index Scan using keyword_id_movie_keyword on movie_keyword mk  (cost=0.00..610.00 rows=305 width=8) (actual time=0.011..20.269 rows=41840 loops=1)
                                                  Index Cond: (keyword_id = k.id)
                                      ->  Index Scan using movie_id_movie_companies on movie_companies mc  (cost=0.00..10.00 rows=5 width=8) (actual time=0.002..0.003 rows=4 loops=41840)
                                            Index Cond: (movie_id = mk.movie_id)
                                ->  Index Scan using company_name_pkey on company_name cn  (cost=0.00..2.00 rows=1 width=4) (actual time=0.002..0.002 rows=0 loops=148552)
                                      Index Cond: (id = mc.company_id)
                                      Filter: ((country_code)::text = '[us]'::text)
                                      Rows Removed by Filter: 1
                          ->  Index Scan using movie_id_cast_info on cast_info ci  (cost=0.00..72.00 rows=36 width=8) (actual time=0.003..0.027 rows=41 loops=68316)
                                Index Cond: (movie_id = mk.movie_id)
                    ->  Index Scan using person_id_aka_name on aka_name an  (cost=0.00..4.00 rows=2 width=20) (actual time=0.002..0.002 rows=1 loops=2832555)
                          Index Cond: (person_id = ci.person_id)
              ->  Index Only Scan using name_pkey on name n  (cost=0.00..2.00 rows=1 width=4) (actual time=0.002..0.002 rows=1 loops=3710592)
                    Index Cond: (id = an.person_id)
                    Heap Fetches: 3710592
        ->  Index Scan using title_pkey on title t  (cost=0.00..2.00 rows=1 width=21) (actual time=0.001..0.001 rows=1 loops=3710592)
              Index Cond: (id = ci.movie_id)
Planning time: 3.692 ms
Execution time: 24090.408 ms
