Aggregate  (cost=2841572.00..2841573.00 rows=1 width=64) (actual time=1525.720..1525.721 rows=1 loops=1)
  ->  Merge Join  (cost=2612132.00..2841572.00 rows=1389695 width=33) (actual time=1239.145..1466.126 rows=319932 loops=1)
        Merge Cond: (n.id = an.person_id)
        ->  Sort  (cost=1710789.00..1710789.00 rows=1060851 width=25) (actual time=868.229..895.908 rows=221609 loops=1)
              Sort Key: ci.person_id
              Sort Method: quicksort  Memory: 24264kB
              ->  Nested Loop  (cost=0.00..1710789.00 rows=1060851 width=25) (actual time=0.601..811.804 rows=221609 loops=1)
                    ->  Nested Loop  (cost=0.00..1267571.00 rows=221609 width=21) (actual time=0.593..337.675 rows=221609 loops=1)
                          ->  Nested Loop  (cost=0.00..345467.00 rows=8538 width=29) (actual time=0.585..171.201 rows=8538 loops=1)
                                ->  Nested Loop  (cost=0.00..322655.00 rows=11406 width=33) (actual time=0.452..146.507 rows=11406 loops=1)
                                      ->  Nested Loop  (cost=0.00..218765.00 rows=6926 width=25) (actual time=0.432..127.544 rows=6926 loops=1)
                                            ->  Nested Loop  (cost=0.00..135085.00 rows=41840 width=4) (actual time=0.427..31.439 rows=41840 loops=1)
                                                  ->  Seq Scan on keyword k  (cost=0.00..134170.00 rows=1 width=4) (actual time=0.414..8.570 rows=1 loops=1)
                                                        Filter: (keyword = 'character-name-in-title'::text)
                                                        Rows Removed by Filter: 134169
                                                  ->  Index Scan using keyword_id_movie_keyword on movie_keyword mk  (cost=0.00..610.00 rows=305 width=8) (actual time=0.012..17.903 rows=41840 loops=1)
                                                        Index Cond: (keyword_id = k.id)
                                            ->  Index Scan using title_pkey on title t  (cost=0.00..2.00 rows=1 width=21) (actual time=0.002..0.002 rows=0 loops=41840)
                                                  Index Cond: (id = mk.movie_id)
                                                  Filter: (episode_nr < 100)
                                                  Rows Removed by Filter: 1
                                      ->  Index Scan using movie_id_movie_companies on movie_companies mc  (cost=0.00..10.00 rows=5 width=8) (actual time=0.002..0.002 rows=2 loops=6926)
                                            Index Cond: (movie_id = t.id)
                                ->  Index Scan using company_name_pkey on company_name cn  (cost=0.00..2.00 rows=1 width=4) (actual time=0.002..0.002 rows=1 loops=11406)
                                      Index Cond: (id = mc.company_id)
                                      Filter: ((country_code)::text = '[us]'::text)
                                      Rows Removed by Filter: 0
                          ->  Index Scan using movie_id_cast_info on cast_info ci  (cost=0.00..72.00 rows=36 width=8) (actual time=0.003..0.016 rows=26 loops=8538)
                                Index Cond: (movie_id = t.id)
                    ->  Index Only Scan using name_pkey on name n  (cost=0.00..2.00 rows=1 width=4) (actual time=0.002..0.002 rows=1 loops=221609)
                          Index Cond: (id = ci.person_id)
                          Heap Fetches: 221609
        ->  Sort  (cost=901343.00..901343.00 rows=901343 width=20) (actual time=370.905..446.745 rows=1059402 loops=1)
              Sort Key: an.person_id
              Sort Method: quicksort  Memory: 89764kB
              ->  Seq Scan on aka_name an  (cost=0.00..901343.00 rows=901343 width=20) (actual time=0.008..114.103 rows=901343 loops=1)
Planning time: 3.626 ms
Execution time: 1526.257 ms
