Aggregate  (cost=4520056.00..4520057.00 rows=1 width=64) (actual time=1535.533..1535.533 rows=1 loops=1)
  ->  Merge Join  (cost=4290616.00..4520056.00 rows=2999 width=33) (actual time=1249.664..1476.013 rows=319932 loops=1)
        Merge Cond: (n.id = an.person_id)
        ->  Sort  (cost=3389273.00..3389273.00 rows=1060851 width=25) (actual time=879.000..906.680 rows=221609 loops=1)
              Sort Key: ci.person_id
              Sort Method: quicksort  Memory: 24264kB
              ->  Nested Loop  (cost=0.00..3389273.00 rows=1060851 width=25) (actual time=0.590..814.278 rows=221609 loops=1)
                    ->  Nested Loop  (cost=0.00..1267571.00 rows=1060851 width=21) (actual time=0.584..337.668 rows=221609 loops=1)
                          ->  Nested Loop  (cost=0.00..345467.00 rows=8538 width=29) (actual time=0.578..171.133 rows=8538 loops=1)
                                ->  Nested Loop  (cost=0.00..322655.00 rows=11406 width=33) (actual time=0.448..146.265 rows=11406 loops=1)
                                      ->  Nested Loop  (cost=0.00..218765.00 rows=6926 width=25) (actual time=0.428..127.348 rows=6926 loops=1)
                                            ->  Nested Loop  (cost=0.00..135085.00 rows=41840 width=4) (actual time=0.423..31.266 rows=41840 loops=1)
                                                  ->  Seq Scan on keyword k  (cost=0.00..134170.00 rows=1 width=4) (actual time=0.410..8.380 rows=1 loops=1)
                                                        Filter: (keyword = 'character-name-in-title'::text)
                                                        Rows Removed by Filter: 134169
                                                  ->  Index Scan using keyword_id_movie_keyword on movie_keyword mk  (cost=0.00..610.00 rows=305 width=8) (actual time=0.012..17.923 rows=41840 loops=1)
                                                        Index Cond: (keyword_id = k.id)
                                            ->  Index Scan using title_pkey on title t  (cost=0.00..2.00 rows=1 width=21) (actual time=0.002..0.002 rows=0 loops=41840)
                                                  Index Cond: (id = mk.movie_id)
                                                  Filter: (episode_nr < 100)
                                                  Rows Removed by Filter: 1
                                      ->  Index Scan using movie_id_movie_companies on movie_companies mc  (cost=0.00..10.00 rows=5 width=8) (actual time=0.002..0.002 rows=2 loops=6926)
                                            Index Cond: (movie_id = t.id)
                                ->  Index Scan using company_name_pkey on company_name cn  (cost=0.00..2.00 rows=1 width=4) (actual time=0.002..0.002 rows=1 loops=11406)
                                      Index Cond: (id = mc.company_id)
                                      Filter: ((country_code)::text = '[us]'::text)
                                      Rows Removed by Filter: 0
                          ->  Index Scan using movie_id_cast_info on cast_info ci  (cost=0.00..72.00 rows=36 width=8) (actual time=0.003..0.016 rows=26 loops=8538)
                                Index Cond: (movie_id = t.id)
                    ->  Index Only Scan using name_pkey on name n  (cost=0.00..2.00 rows=1 width=4) (actual time=0.002..0.002 rows=1 loops=221609)
                          Index Cond: (id = ci.person_id)
                          Heap Fetches: 221609
        ->  Sort  (cost=901343.00..901343.00 rows=901343 width=20) (actual time=370.653..446.185 rows=1059402 loops=1)
              Sort Key: an.person_id
              Sort Method: quicksort  Memory: 89764kB
              ->  Seq Scan on aka_name an  (cost=0.00..901343.00 rows=901343 width=20) (actual time=0.009..114.013 rows=901343 loops=1)
Planning time: 3.604 ms
Execution time: 1536.058 ms
