Aggregate  (cost=440795.00..440796.00 rows=1 width=64) (actual time=1570.347..1570.347 rows=1 loops=1)
  ->  Nested Loop  (cost=0.00..440795.00 rows=392 width=33) (actual time=0.590..1492.804 rows=319932 loops=1)
        ->  Nested Loop  (cost=0.00..440011.00 rows=392 width=41) (actual time=0.584..886.095 rows=319932 loops=1)
              ->  Nested Loop  (cost=0.00..437599.00 rows=402 width=21) (actual time=0.579..348.846 rows=221609 loops=1)
                    ->  Nested Loop  (cost=0.00..433927.00 rows=34 width=29) (actual time=0.572..173.492 rows=8538 loops=1)
                          ->  Nested Loop  (cost=0.00..322655.00 rows=55636 width=33) (actual time=0.445..148.029 rows=11406 loops=1)
                                ->  Nested Loop  (cost=0.00..218765.00 rows=6926 width=25) (actual time=0.425..128.622 rows=6926 loops=1)
                                      ->  Nested Loop  (cost=0.00..135085.00 rows=41840 width=4) (actual time=0.420..31.631 rows=41840 loops=1)
                                            ->  Seq Scan on keyword k  (cost=0.00..134170.00 rows=1 width=4) (actual time=0.407..8.685 rows=1 loops=1)
                                                  Filter: (keyword = 'character-name-in-title'::text)
                                                  Rows Removed by Filter: 134169
                                            ->  Index Scan using keyword_id_movie_keyword on movie_keyword mk  (cost=0.00..610.00 rows=305 width=8) (actual time=0.011..17.921 rows=41840 loops=1)
                                                  Index Cond: (keyword_id = k.id)
                                      ->  Index Scan using title_pkey on title t  (cost=0.00..2.00 rows=1 width=21) (actual time=0.002..0.002 rows=0 loops=41840)
                                            Index Cond: (id = mk.movie_id)
                                            Filter: (episode_nr < 100)
                                            Rows Removed by Filter: 1
                                ->  Index Scan using movie_id_movie_companies on movie_companies mc  (cost=0.00..10.00 rows=5 width=8) (actual time=0.002..0.002 rows=2 loops=6926)
                                      Index Cond: (movie_id = t.id)
                          ->  Index Scan using company_name_pkey on company_name cn  (cost=0.00..2.00 rows=1 width=4) (actual time=0.002..0.002 rows=1 loops=11406)
                                Index Cond: (id = mc.company_id)
                                Filter: ((country_code)::text = '[us]'::text)
                                Rows Removed by Filter: 0
                    ->  Index Scan using movie_id_cast_info on cast_info ci  (cost=0.00..72.00 rows=36 width=8) (actual time=0.003..0.017 rows=26 loops=8538)
                          Index Cond: (movie_id = t.id)
              ->  Index Scan using person_id_aka_name on aka_name an  (cost=0.00..4.00 rows=2 width=20) (actual time=0.002..0.002 rows=1 loops=221609)
                    Index Cond: (person_id = ci.person_id)
        ->  Index Only Scan using name_pkey on name n  (cost=0.00..2.00 rows=1 width=4) (actual time=0.002..0.002 rows=1 loops=319932)
              Index Cond: (id = an.person_id)
              Heap Fetches: 319932
Planning time: 3.706 ms
Execution time: 1570.416 ms
