Aggregate  (cost=141426.00..141427.00 rows=1 width=64) (actual time=1474.989..1474.989 rows=1 loops=1)
  ->  Nested Loop  (cost=0.00..141426.00 rows=1041 width=33) (actual time=0.604..1399.252 rows=319932 loops=1)
        ->  Nested Loop  (cost=0.00..138912.00 rows=419 width=25) (actual time=0.598..862.046 rows=221609 loops=1)
              ->  Nested Loop  (cost=0.00..138074.00 rows=419 width=21) (actual time=0.592..347.036 rows=221609 loops=1)
                    ->  Nested Loop  (cost=0.00..135482.00 rows=24 width=29) (actual time=0.584..173.524 rows=8538 loops=1)
                          ->  Nested Loop  (cost=0.00..135348.00 rows=67 width=33) (actual time=0.444..147.799 rows=11406 loops=1)
                                ->  Nested Loop  (cost=0.00..135153.00 rows=13 width=25) (actual time=0.424..128.185 rows=6926 loops=1)
                                      ->  Nested Loop  (cost=0.00..135085.00 rows=34 width=4) (actual time=0.418..31.811 rows=41840 loops=1)
                                            ->  Seq Scan on keyword k  (cost=0.00..134170.00 rows=1 width=4) (actual time=0.406..8.797 rows=1 loops=1)
                                                  Filter: (keyword = 'character-name-in-title'::text)
                                                  Rows Removed by Filter: 134169
                                            ->  Index Scan using keyword_id_movie_keyword on movie_keyword mk  (cost=0.00..610.00 rows=305 width=8) (actual time=0.012..17.990 rows=41840 loops=1)
                                                  Index Cond: (keyword_id = k.id)
                                      ->  Index Scan using title_pkey on title t  (cost=0.00..2.00 rows=1 width=21) (actual time=0.002..0.002 rows=0 loops=41840)
                                            Index Cond: (id = mk.movie_id)
                                            Filter: (episode_nr < 100)
                                            Rows Removed by Filter: 1
                                ->  Index Scan using movie_id_movie_companies on movie_companies mc  (cost=0.00..10.00 rows=5 width=8) (actual time=0.002..0.002 rows=2 loops=6926)
                                      Index Cond: (movie_id = t.id)
                          ->  Index Scan using company_name_pkey on company_name cn  (cost=0.00..2.00 rows=1 width=4) (actual time=0.002..0.002 rows=1 loops=11406)
                                Index Cond: (id = mc.company_id)
                                Filter: ((country_code)::text = '[us]'::text)
                                Rows Removed by Filter: 0
                    ->  Index Scan using movie_id_cast_info on cast_info ci  (cost=0.00..72.00 rows=36 width=8) (actual time=0.003..0.017 rows=26 loops=8538)
                          Index Cond: (movie_id = t.id)
              ->  Index Only Scan using name_pkey on name n  (cost=0.00..2.00 rows=1 width=4) (actual time=0.002..0.002 rows=1 loops=221609)
                    Index Cond: (id = ci.person_id)
                    Heap Fetches: 221609
        ->  Index Scan using person_id_aka_name on aka_name an  (cost=0.00..4.00 rows=2 width=20) (actual time=0.002..0.002 rows=1 loops=221609)
              Index Cond: (person_id = n.id)
Planning time: 3.708 ms
Execution time: 1475.059 ms
