Aggregate  (cost=2860152.00..2860153.00 rows=1 width=64) (actual time=1833.750..1833.750 rows=1 loops=1)
  ->  Nested Loop  (cost=1789500.00..2860152.00 rows=515 width=33) (actual time=457.329..1748.009 rows=319932 loops=1)
        ->  Nested Loop  (cost=1789500.00..2859122.00 rows=515 width=41) (actual time=457.308..1110.232 rows=319932 loops=1)
              ->  Merge Join  (cost=1789500.00..2843774.00 rows=2558 width=21) (actual time=457.294..548.930 rows=221609 loops=1)
                    Merge Cond: (mc.company_id = cn.id)
                    ->  Sort  (cost=1554503.00..1554503.00 rows=2920113 width=25) (actual time=411.365..444.595 rows=329808 loops=1)
                          Sort Key: mc.company_id
                          Sort Method: quicksort  Memory: 38993kB
                          ->  Nested Loop  (cost=0.00..1554503.00 rows=2920113 width=25) (actual time=0.459..346.446 rows=329808 loops=1)
                                ->  Nested Loop  (cost=0.00..322655.00 rows=11406 width=33) (actual time=0.451..138.949 rows=11406 loops=1)
                                      ->  Nested Loop  (cost=0.00..218765.00 rows=6926 width=25) (actual time=0.432..121.984 rows=6926 loops=1)
                                            ->  Nested Loop  (cost=0.00..135085.00 rows=41840 width=4) (actual time=0.427..30.729 rows=41840 loops=1)
                                                  ->  Seq Scan on keyword k  (cost=0.00..134170.00 rows=1 width=4) (actual time=0.415..8.647 rows=1 loops=1)
                                                        Filter: (keyword = 'character-name-in-title'::text)
                                                        Rows Removed by Filter: 134169
                                                  ->  Index Scan using keyword_id_movie_keyword on movie_keyword mk  (cost=0.00..610.00 rows=305 width=8) (actual time=0.011..17.220 rows=41840 loops=1)
                                                        Index Cond: (keyword_id = k.id)
                                            ->  Index Scan using title_pkey on title t  (cost=0.00..2.00 rows=1 width=21) (actual time=0.002..0.002 rows=0 loops=41840)
                                                  Index Cond: (id = mk.movie_id)
                                                  Filter: (episode_nr < 100)
                                                  Rows Removed by Filter: 1
                                      ->  Index Scan using movie_id_movie_companies on movie_companies mc  (cost=0.00..10.00 rows=5 width=8) (actual time=0.002..0.002 rows=2 loops=6926)
                                            Index Cond: (movie_id = t.id)
                                ->  Index Scan using movie_id_cast_info on cast_info ci  (cost=0.00..72.00 rows=36 width=8) (actual time=0.002..0.014 rows=29 loops=11406)
                                      Index Cond: (movie_id = t.id)
                    ->  Sort  (cost=234997.00..234997.00 rows=84843 width=4) (actual time=45.923..50.044 rows=33701 loops=1)
                          Sort Key: cn.id
                          Sort Method: quicksort  Memory: 7050kB
                          ->  Seq Scan on company_name cn  (cost=0.00..234997.00 rows=84843 width=4) (actual time=0.010..28.670 rows=84843 loops=1)
                                Filter: ((country_code)::text = '[us]'::text)
                                Rows Removed by Filter: 150154
              ->  Index Scan using person_id_aka_name on aka_name an  (cost=0.00..4.00 rows=2 width=20) (actual time=0.002..0.002 rows=1 loops=221609)
                    Index Cond: (person_id = ci.person_id)
        ->  Index Only Scan using name_pkey on name n  (cost=0.00..2.00 rows=1 width=4) (actual time=0.002..0.002 rows=1 loops=319932)
              Index Cond: (id = an.person_id)
              Heap Fetches: 319932
Planning time: 3.597 ms
Execution time: 1834.450 ms
