Aggregate  (cost=141386.00..141387.00 rows=1 width=64) (actual time=1473.785..1473.786 rows=1 loops=1)
  ->  Nested Loop  (cost=0.00..141386.00 rows=1029 width=33) (actual time=0.604..1397.818 rows=319932 loops=1)
        ->  Nested Loop  (cost=0.00..138902.00 rows=414 width=25) (actual time=0.596..861.571 rows=221609 loops=1)
              ->  Nested Loop  (cost=0.00..138074.00 rows=414 width=21) (actual time=0.588..346.847 rows=221609 loops=1)
                    ->  Nested Loop  (cost=0.00..135482.00 rows=24 width=29) (actual time=0.581..173.058 rows=8538 loops=1)
                          ->  Nested Loop  (cost=0.00..135348.00 rows=67 width=33) (actual time=0.450..147.339 rows=11406 loops=1)
                                ->  Nested Loop  (cost=0.00..135153.00 rows=13 width=25) (actual time=0.430..127.832 rows=6926 loops=1)
                                      ->  Nested Loop  (cost=0.00..135085.00 rows=34 width=4) (actual time=0.425..31.283 rows=41840 loops=1)
                                            ->  Seq Scan on keyword k  (cost=0.00..134170.00 rows=1 width=4) (actual time=0.411..8.323 rows=1 loops=1)
                                                  Filter: (keyword = 'character-name-in-title'::text)
                                                  Rows Removed by Filter: 134169
                                            ->  Index Scan using keyword_id_movie_keyword on movie_keyword mk  (cost=0.00..610.00 rows=305 width=8) (actual time=0.012..17.962 rows=41840 loops=1)
                                                  Index Cond: (keyword_id = k.id)
                                      ->  Index Scan using title_pkey on title t  (cost=0.00..2.00 rows=1 width=21) (actual time=0.002..0.002 rows=0 loops=41840)
                                            Index Cond: (id = mk.movie_id)
                                            Filter: (episode_nr < 100)
                                            Rows Removed by Filter: 1
                                ->  Index Scan using movie_id_movie_companies on movie_companies mc  (cost=0.00..10.00 rows=5 width=8) (actual time=0.002..0.002 rows=2 loops=6926)
                                      Index Cond: (movie_id = t.id)
                          ->  Index Scan using company_name_pkey on company_name cn  (cost=0.00..2.00 rows=1 width=4) (actual time=0.002..0.002 rows=1 loops=11406)
                                Index Cond: (id = mc.company_id)
                                Filter: ((country_code)::text = '[us]'::text)
                                Rows Removed by Filter: 0
                    ->  Index Scan using movie_id_cast_info on cast_info ci  (cost=0.00..72.00 rows=36 width=8) (actual time=0.003..0.017 rows=26 loops=8538)
                          Index Cond: (movie_id = t.id)
              ->  Index Only Scan using name_pkey on name n  (cost=0.00..2.00 rows=1 width=4) (actual time=0.002..0.002 rows=1 loops=221609)
                    Index Cond: (id = ci.person_id)
                    Heap Fetches: 221609
        ->  Index Scan using person_id_aka_name on aka_name an  (cost=0.00..4.00 rows=2 width=20) (actual time=0.002..0.002 rows=1 loops=221609)
              Index Cond: (person_id = n.id)
Planning time: 3.635 ms
Execution time: 1473.843 ms
