Aggregate  (cost=2252986.00..2252987.00 rows=1 width=64) (actual time=1447.378..1447.378 rows=1 loops=1)
  ->  Nested Loop  (cost=1469925.00..2252986.00 rows=376 width=33) (actual time=375.391..1380.273 rows=249455 loops=1)
        ->  Nested Loop  (cost=1469925.00..2252234.00 rows=376 width=41) (actual time=375.381..882.281 rows=249455 loops=1)
              ->  Merge Join  (cost=1469925.00..2241008.00 rows=1871 width=21) (actual time=375.355..447.425 rows=169273 loops=1)
                    Merge Cond: (mc.company_id = cn.id)
                    ->  Sort  (cost=1234928.00..1234928.00 rows=2135736 width=25) (actual time=329.243..354.674 rows=239584 loops=1)
                          Sort Key: mc.company_id
                          Sort Method: quicksort  Memory: 25551kB
                          ->  Nested Loop  (cost=0.00..1234928.00 rows=2135736 width=25) (actual time=0.472..288.466 rows=239584 loops=1)
                                ->  Nested Loop  (cost=0.00..299540.00 rows=8661 width=33) (actual time=0.462..134.680 rows=8661 loops=1)
                                      ->  Nested Loop  (cost=0.00..218765.00 rows=5385 width=25) (actual time=0.442..121.360 rows=5385 loops=1)
                                            ->  Nested Loop  (cost=0.00..135085.00 rows=41840 width=4) (actual time=0.436..30.688 rows=41840 loops=1)
                                                  ->  Seq Scan on keyword k  (cost=0.00..134170.00 rows=1 width=4) (actual time=0.422..8.673 rows=1 loops=1)
                                                        Filter: (keyword = 'character-name-in-title'::text)
                                                        Rows Removed by Filter: 134169
                                                  ->  Index Scan using keyword_id_movie_keyword on movie_keyword mk  (cost=0.00..610.00 rows=305 width=8) (actual time=0.013..17.238 rows=41840 loops=1)
                                                        Index Cond: (keyword_id = k.id)
                                            ->  Index Scan using title_pkey on title t  (cost=0.00..2.00 rows=1 width=21) (actual time=0.002..0.002 rows=0 loops=41840)
                                                  Index Cond: (id = mk.movie_id)
                                                  Filter: ((episode_nr >= 5) AND (episode_nr < 100))
                                                  Rows Removed by Filter: 1
                                      ->  Index Scan using movie_id_movie_companies on movie_companies mc  (cost=0.00..10.00 rows=5 width=8) (actual time=0.002..0.002 rows=2 loops=5385)
                                            Index Cond: (movie_id = t.id)
                                ->  Index Scan using movie_id_cast_info on cast_info ci  (cost=0.00..72.00 rows=36 width=8) (actual time=0.002..0.014 rows=28 loops=8661)
                                      Index Cond: (movie_id = t.id)
                    ->  Sort  (cost=234997.00..234997.00 rows=84843 width=4) (actual time=46.106..50.332 rows=33701 loops=1)
                          Sort Key: cn.id
                          Sort Method: quicksort  Memory: 7050kB
                          ->  Seq Scan on company_name cn  (cost=0.00..234997.00 rows=84843 width=4) (actual time=0.009..28.769 rows=84843 loops=1)
                                Filter: ((country_code)::text = '[us]'::text)
                                Rows Removed by Filter: 150154
              ->  Index Scan using person_id_aka_name on aka_name an  (cost=0.00..4.00 rows=2 width=20) (actual time=0.002..0.002 rows=1 loops=169273)
                    Index Cond: (person_id = ci.person_id)
        ->  Index Only Scan using name_pkey on name n  (cost=0.00..2.00 rows=1 width=4) (actual time=0.002..0.002 rows=1 loops=249455)
              Index Cond: (id = an.person_id)
              Heap Fetches: 249455
Planning time: 3.687 ms
Execution time: 1447.460 ms
