Aggregate  (cost=2324089.00..2324090.00 rows=1 width=64) (actual time=1294.416..1294.416 rows=1 loops=1)
  ->  Merge Join  (cost=2287479.00..2324089.00 rows=1016407 width=33) (actual time=1052.674..1248.078 rows=249455 loops=1)
        Merge Cond: (n.id = an.person_id)
        ->  Sort  (cost=1386136.00..1386136.00 rows=169273 width=25) (actual time=683.149..703.540 rows=169273 loops=1)
              Sort Key: ci.person_id
              Sort Method: quicksort  Memory: 19932kB
              ->  Nested Loop  (cost=0.00..1386136.00 rows=169273 width=25) (actual time=0.591..640.288 rows=169273 loops=1)
                    ->  Nested Loop  (cost=0.00..1047590.00 rows=169273 width=21) (actual time=0.582..287.355 rows=169273 loops=1)
                          ->  Nested Loop  (cost=0.00..316862.00 rows=6766 width=29) (actual time=0.573..159.622 rows=6766 loops=1)
                                ->  Nested Loop  (cost=0.00..299540.00 rows=8661 width=33) (actual time=0.459..141.164 rows=8661 loops=1)
                                      ->  Nested Loop  (cost=0.00..218765.00 rows=5385 width=25) (actual time=0.436..126.366 rows=5385 loops=1)
                                            ->  Nested Loop  (cost=0.00..135085.00 rows=41840 width=4) (actual time=0.428..31.340 rows=41840 loops=1)
                                                  ->  Seq Scan on keyword k  (cost=0.00..134170.00 rows=1 width=4) (actual time=0.414..8.642 rows=1 loops=1)
                                                        Filter: (keyword = 'character-name-in-title'::text)
                                                        Rows Removed by Filter: 134169
                                                  ->  Index Scan using keyword_id_movie_keyword on movie_keyword mk  (cost=0.00..610.00 rows=305 width=8) (actual time=0.013..17.770 rows=41840 loops=1)
                                                        Index Cond: (keyword_id = k.id)
                                            ->  Index Scan using title_pkey on title t  (cost=0.00..2.00 rows=1 width=21) (actual time=0.002..0.002 rows=0 loops=41840)
                                                  Index Cond: (id = mk.movie_id)
                                                  Filter: ((episode_nr >= 5) AND (episode_nr < 100))
                                                  Rows Removed by Filter: 1
                                      ->  Index Scan using movie_id_movie_companies on movie_companies mc  (cost=0.00..10.00 rows=5 width=8) (actual time=0.002..0.002 rows=2 loops=5385)
                                            Index Cond: (movie_id = t.id)
                                ->  Index Scan using company_name_pkey on company_name cn  (cost=0.00..2.00 rows=1 width=4) (actual time=0.002..0.002 rows=1 loops=8661)
                                      Index Cond: (id = mc.company_id)
                                      Filter: ((country_code)::text = '[us]'::text)
                                      Rows Removed by Filter: 0
                          ->  Index Scan using movie_id_cast_info on cast_info ci  (cost=0.00..72.00 rows=36 width=8) (actual time=0.003..0.015 rows=25 loops=6766)
                                Index Cond: (movie_id = t.id)
                    ->  Index Only Scan using name_pkey on name n  (cost=0.00..2.00 rows=1 width=4) (actual time=0.002..0.002 rows=1 loops=169273)
                          Index Cond: (id = ci.person_id)
                          Heap Fetches: 169273
        ->  Sort  (cost=901343.00..901343.00 rows=901343 width=20) (actual time=369.516..437.872 rows=994715 loops=1)
              Sort Key: an.person_id
              Sort Method: quicksort  Memory: 89764kB
              ->  Seq Scan on aka_name an  (cost=0.00..901343.00 rows=901343 width=20) (actual time=0.008..113.586 rows=901343 loops=1)
Planning time: 3.728 ms
Execution time: 1294.954 ms
