Aggregate  (cost=8702749.00..8702750.00 rows=1 width=64) (actual time=5428.534..5428.535 rows=1 loops=1)
  ->  Merge Join  (cost=8448993.00..8702749.00 rows=233401 width=15) (actual time=5221.760..5390.796 rows=258289 loops=1)
        Merge Cond: (mc.company_id = cn.id)
        ->  Sort  (cost=8213996.00..8213996.00 rows=702849 width=19) (actual time=5175.492..5258.609 rows=702849 loops=1)
              Sort Key: mc.company_id
              Sort Method: quicksort  Memory: 76428kB
              ->  Nested Loop  (cost=0.00..8213996.00 rows=702849 width=19) (actual time=1.486..4999.067 rows=702849 loops=1)
                    ->  Nested Loop  (cost=0.00..6814271.00 rows=93315 width=27) (actual time=0.449..4623.961 rows=93315 loops=1)
                          ->  Nested Loop  (cost=0.00..4737485.00 rows=1038393 width=16) (actual time=0.442..1326.500 rows=1038393 loops=1)
                                ->  Nested Loop  (cost=0.00..218765.00 rows=41840 width=8) (actual time=0.433..141.511 rows=41840 loops=1)
                                      ->  Nested Loop  (cost=0.00..135085.00 rows=41840 width=4) (actual time=0.426..34.617 rows=41840 loops=1)
                                            ->  Seq Scan on keyword k  (cost=0.00..134170.00 rows=1 width=4) (actual time=0.413..8.836 rows=1 loops=1)
                                                  Filter: (keyword = 'character-name-in-title'::text)
                                                  Rows Removed by Filter: 134169
                                            ->  Index Scan using keyword_id_movie_keyword on movie_keyword mk  (cost=0.00..610.00 rows=305 width=8) (actual time=0.013..19.463 rows=41840 loops=1)
                                                  Index Cond: (keyword_id = k.id)
                                      ->  Index Only Scan using title_pkey on title t  (cost=0.00..2.00 rows=1 width=4) (actual time=0.002..0.002 rows=1 loops=41840)
                                            Index Cond: (id = mk.movie_id)
                                            Heap Fetches: 41840
                                ->  Index Scan using movie_id_cast_info on cast_info ci  (cost=0.00..72.00 rows=36 width=8) (actual time=0.003..0.024 rows=25 loops=41840)
                                      Index Cond: (movie_id = t.id)
                          ->  Index Scan using name_pkey on name n  (cost=0.00..2.00 rows=1 width=19) (actual time=0.003..0.003 rows=0 loops=1038393)
                                Index Cond: (id = ci.person_id)
                                Filter: (name ~~ 'B%'::text)
                                Rows Removed by Filter: 1
                    ->  Index Scan using movie_id_movie_companies on movie_companies mc  (cost=0.00..10.00 rows=5 width=8) (actual time=0.002..0.003 rows=8 loops=93315)
                          Index Cond: (movie_id = ci.movie_id)
        ->  Sort  (cost=234997.00..234997.00 rows=84843 width=4) (actual time=46.264..54.855 rows=84843 loops=1)
              Sort Key: cn.id
              Sort Method: quicksort  Memory: 7050kB
              ->  Seq Scan on company_name cn  (cost=0.00..234997.00 rows=84843 width=4) (actual time=0.010..28.803 rows=84843 loops=1)
                    Filter: ((country_code)::text = '[us]'::text)
                    Rows Removed by Filter: 150154
Planning time: 2.337 ms
Execution time: 5429.790 ms
