Aggregate  (cost=143234.00..143235.00 rows=1 width=64) (actual time=6312.978..6312.979 rows=1 loops=1)
  ->  Nested Loop  (cost=0.00..143234.00 rows=92 width=15) (actual time=1.758..6266.723 rows=258289 loops=1)
        ->  Nested Loop  (cost=0.00..142722.00 rows=256 width=19) (actual time=1.364..4982.890 rows=702849 loops=1)
              ->  Nested Loop  (cost=0.00..141237.00 rows=99 width=27) (actual time=0.459..4587.874 rows=93315 loops=1)
                    ->  Nested Loop  (cost=0.00..138825.00 rows=1206 width=16) (actual time=0.454..1335.596 rows=1038393 loops=1)
                          ->  Nested Loop  (cost=0.00..135153.00 rows=34 width=8) (actual time=0.446..146.724 rows=41840 loops=1)
                                ->  Nested Loop  (cost=0.00..135085.00 rows=34 width=4) (actual time=0.441..34.533 rows=41840 loops=1)
                                      ->  Seq Scan on keyword k  (cost=0.00..134170.00 rows=1 width=4) (actual time=0.428..8.639 rows=1 loops=1)
                                            Filter: (keyword = 'character-name-in-title'::text)
                                            Rows Removed by Filter: 134169
                                      ->  Index Scan using keyword_id_movie_keyword on movie_keyword mk  (cost=0.00..610.00 rows=305 width=8) (actual time=0.012..19.401 rows=41840 loops=1)
                                            Index Cond: (keyword_id = k.id)
                                ->  Index Only Scan using title_pkey on title t  (cost=0.00..2.00 rows=1 width=4) (actual time=0.002..0.002 rows=1 loops=41840)
                                      Index Cond: (id = mk.movie_id)
                                      Heap Fetches: 41840
                          ->  Index Scan using movie_id_cast_info on cast_info ci  (cost=0.00..72.00 rows=36 width=8) (actual time=0.003..0.025 rows=25 loops=41840)
                                Index Cond: (movie_id = t.id)
                    ->  Index Scan using name_pkey on name n  (cost=0.00..2.00 rows=1 width=19) (actual time=0.003..0.003 rows=0 loops=1038393)
                          Index Cond: (id = ci.person_id)
                          Filter: (name ~~ 'B%'::text)
                          Rows Removed by Filter: 1
              ->  Index Scan using movie_id_movie_companies on movie_companies mc  (cost=0.00..10.00 rows=5 width=8) (actual time=0.002..0.003 rows=8 loops=93315)
                    Index Cond: (movie_id = ci.movie_id)
        ->  Index Scan using company_name_pkey on company_name cn  (cost=0.00..2.00 rows=1 width=4) (actual time=0.002..0.002 rows=0 loops=702849)
              Index Cond: (id = mc.company_id)
              Filter: ((country_code)::text = '[us]'::text)
              Rows Removed by Filter: 1
Planning time: 2.273 ms
Execution time: 6313.034 ms
