Aggregate  (cost=1071939.00..1071940.00 rows=1 width=64) (actual time=10138.279..10138.279 rows=1 loops=1)
  ->  Nested Loop  (cost=0.00..1071939.00 rows=88 width=15) (actual time=0.572..10088.178 rows=258289 loops=1)
        ->  Nested Loop  (cost=0.00..1071763.00 rows=88 width=27) (actual time=0.566..9627.169 rows=258289 loops=1)
              ->  Nested Loop  (cost=0.00..1069615.00 rows=1074 width=16) (actual time=0.554..2775.542 rows=2832555 loops=1)
                    ->  Nested Loop  (cost=0.00..1059787.00 rows=91 width=8) (actual time=0.439..604.022 rows=68316 loops=1)
                          ->  Nested Loop  (cost=0.00..762685.00 rows=148552 width=12) (actual time=0.427..191.590 rows=148552 loops=1)
                                ->  Nested Loop  (cost=0.00..135085.00 rows=41840 width=4) (actual time=0.418..34.848 rows=41840 loops=1)
                                      ->  Seq Scan on keyword k  (cost=0.00..134170.00 rows=1 width=4) (actual time=0.406..8.905 rows=1 loops=1)
                                            Filter: (keyword = 'character-name-in-title'::text)
                                            Rows Removed by Filter: 134169
                                      ->  Index Scan using keyword_id_movie_keyword on movie_keyword mk  (cost=0.00..610.00 rows=305 width=8) (actual time=0.011..19.591 rows=41840 loops=1)
                                            Index Cond: (keyword_id = k.id)
                                ->  Index Scan using movie_id_movie_companies on movie_companies mc  (cost=0.00..10.00 rows=5 width=8) (actual time=0.002..0.003 rows=4 loops=41840)
                                      Index Cond: (movie_id = mk.movie_id)
                          ->  Index Scan using company_name_pkey on company_name cn  (cost=0.00..2.00 rows=1 width=4) (actual time=0.003..0.003 rows=0 loops=148552)
                                Index Cond: (id = mc.company_id)
                                Filter: ((country_code)::text = '[us]'::text)
                                Rows Removed by Filter: 1
                    ->  Index Scan using movie_id_cast_info on cast_info ci  (cost=0.00..72.00 rows=36 width=8) (actual time=0.003..0.026 rows=41 loops=68316)
                          Index Cond: (movie_id = mk.movie_id)
              ->  Index Scan using name_pkey on name n  (cost=0.00..2.00 rows=1 width=19) (actual time=0.002..0.002 rows=0 loops=2832555)
                    Index Cond: (id = ci.person_id)
                    Filter: (name ~~ 'B%'::text)
                    Rows Removed by Filter: 1
        ->  Index Only Scan using title_pkey on title t  (cost=0.00..2.00 rows=1 width=4) (actual time=0.001..0.001 rows=1 loops=258289)
              Index Cond: (id = ci.movie_id)
              Heap Fetches: 258289
Planning time: 2.285 ms
Execution time: 10138.335 ms
