Aggregate  (cost=6965979.00..6965980.00 rows=1 width=64) (actual time=5006.439..5006.439 rows=1 loops=1)
  ->  Nested Loop  (cost=0.00..6965979.00 rows=201 width=15) (actual time=2.540..4995.504 rows=52306 loops=1)
        ->  Nested Loop  (cost=0.00..6965577.00 rows=201 width=27) (actual time=2.532..4902.211 rows=52306 loops=1)
              ->  Nested Loop  (cost=0.00..6830221.00 rows=67678 width=31) (actual time=2.526..4769.895 rows=52306 loops=1)
                    ->  Nested Loop  (cost=0.00..6730591.00 rows=6642 width=23) (actual time=2.518..4728.329 rows=6642 loops=1)
                          ->  Nested Loop  (cost=0.00..4653805.00 rows=1038393 width=12) (actual time=0.457..1264.538 rows=1038393 loops=1)
                                ->  Nested Loop  (cost=0.00..135085.00 rows=41840 width=4) (actual time=0.449..35.273 rows=41840 loops=1)
                                      ->  Seq Scan on keyword k  (cost=0.00..134170.00 rows=1 width=4) (actual time=0.434..8.354 rows=1 loops=1)
                                            Filter: (keyword = 'character-name-in-title'::text)
                                            Rows Removed by Filter: 134169
                                      ->  Index Scan using keyword_id_movie_keyword on movie_keyword mk  (cost=0.00..610.00 rows=305 width=8) (actual time=0.014..20.497 rows=41840 loops=1)
                                            Index Cond: (keyword_id = k.id)
                                ->  Index Scan using movie_id_cast_info on cast_info ci  (cost=0.00..72.00 rows=36 width=8) (actual time=0.003..0.026 rows=25 loops=41840)
                                      Index Cond: (movie_id = mk.movie_id)
                          ->  Index Scan using name_pkey on name n  (cost=0.00..2.00 rows=1 width=19) (actual time=0.003..0.003 rows=0 loops=1038393)
                                Index Cond: (id = ci.person_id)
                                Filter: (name ~~ 'Z%'::text)
                                Rows Removed by Filter: 1
                    ->  Index Scan using movie_id_movie_companies on movie_companies mc  (cost=0.00..10.00 rows=5 width=8) (actual time=0.003..0.005 rows=8 loops=6642)
                          Index Cond: (movie_id = ci.movie_id)
              ->  Index Only Scan using company_name_pkey on company_name cn  (cost=0.00..2.00 rows=1 width=4) (actual time=0.002..0.002 rows=1 loops=52306)
                    Index Cond: (id = mc.company_id)
                    Heap Fetches: 52306
        ->  Index Only Scan using title_pkey on title t  (cost=0.00..2.00 rows=1 width=4) (actual time=0.001..0.001 rows=1 loops=52306)
              Index Cond: (id = ci.movie_id)
              Heap Fetches: 52306
Planning time: 2.201 ms
Execution time: 5006.489 ms
