Aggregate  (cost=141393.00..141394.00 rows=1 width=64) (actual time=4331.944..4331.944 rows=1 loops=1)
  ->  Nested Loop  (cost=0.00..141393.00 rows=27 width=15) (actual time=2.096..4322.065 rows=52306 loops=1)
        ->  Nested Loop  (cost=0.00..141339.00 rows=27 width=19) (actual time=2.092..4206.834 rows=52306 loops=1)
              ->  Nested Loop  (cost=0.00..141189.00 rows=10 width=27) (actual time=2.086..4167.354 rows=6642 loops=1)
                    ->  Nested Loop  (cost=0.00..141169.00 rows=10 width=23) (actual time=2.079..4145.296 rows=6642 loops=1)
                          ->  Nested Loop  (cost=0.00..138757.00 rows=1206 width=12) (actual time=0.422..1167.857 rows=1038393 loops=1)
                                ->  Nested Loop  (cost=0.00..135085.00 rows=34 width=4) (actual time=0.415..34.483 rows=41840 loops=1)
                                      ->  Seq Scan on keyword k  (cost=0.00..134170.00 rows=1 width=4) (actual time=0.403..8.524 rows=1 loops=1)
                                            Filter: (keyword = 'character-name-in-title'::text)
                                            Rows Removed by Filter: 134169
                                      ->  Index Scan using keyword_id_movie_keyword on movie_keyword mk  (cost=0.00..610.00 rows=305 width=8) (actual time=0.011..19.441 rows=41840 loops=1)
                                            Index Cond: (keyword_id = k.id)
                                ->  Index Scan using movie_id_cast_info on cast_info ci  (cost=0.00..72.00 rows=36 width=8) (actual time=0.003..0.023 rows=25 loops=41840)
                                      Index Cond: (movie_id = mk.movie_id)
                          ->  Index Scan using name_pkey on name n  (cost=0.00..2.00 rows=1 width=19) (actual time=0.003..0.003 rows=0 loops=1038393)
                                Index Cond: (id = ci.person_id)
                                Filter: (name ~~ 'Z%'::text)
                                Rows Removed by Filter: 1
                    ->  Index Only Scan using title_pkey on title t  (cost=0.00..2.00 rows=1 width=4) (actual time=0.003..0.003 rows=1 loops=6642)
                          Index Cond: (id = ci.movie_id)
                          Heap Fetches: 6642
              ->  Index Scan using movie_id_movie_companies on movie_companies mc  (cost=0.00..10.00 rows=5 width=8) (actual time=0.003..0.005 rows=8 loops=6642)
                    Index Cond: (movie_id = ci.movie_id)
        ->  Index Only Scan using company_name_pkey on company_name cn  (cost=0.00..2.00 rows=1 width=4) (actual time=0.002..0.002 rows=1 loops=52306)
              Index Cond: (id = mc.company_id)
              Heap Fetches: 52306
Planning time: 2.289 ms
Execution time: 4331.997 ms
