Aggregate  (cost=6738677.00..6738678.00 rows=1 width=64) (actual time=4534.132..4534.132 rows=1 loops=1)
  ->  Nested Loop  (cost=0.00..6738677.00 rows=1918 width=15) (actual time=34.352..4533.522 rows=1918 loops=1)
        ->  Nested Loop  (cost=0.00..6734841.00 rows=1918 width=19) (actual time=34.344..4527.315 rows=1918 loops=1)
              ->  Nested Loop  (cost=0.00..6731091.00 rows=250 width=27) (actual time=34.337..4525.132 rows=250 loops=1)
                    ->  Nested Loop  (cost=0.00..6730591.00 rows=250 width=23) (actual time=34.328..4523.509 rows=250 loops=1)
                          ->  Nested Loop  (cost=0.00..4653805.00 rows=1038393 width=12) (actual time=0.426..1223.220 rows=1038393 loops=1)
                                ->  Nested Loop  (cost=0.00..135085.00 rows=41840 width=4) (actual time=0.419..35.185 rows=41840 loops=1)
                                      ->  Seq Scan on keyword k  (cost=0.00..134170.00 rows=1 width=4) (actual time=0.407..8.698 rows=1 loops=1)
                                            Filter: (keyword = 'character-name-in-title'::text)
                                            Rows Removed by Filter: 134169
                                      ->  Index Scan using keyword_id_movie_keyword on movie_keyword mk  (cost=0.00..610.00 rows=305 width=8) (actual time=0.011..20.071 rows=41840 loops=1)
                                            Index Cond: (keyword_id = k.id)
                                ->  Index Scan using movie_id_cast_info on cast_info ci  (cost=0.00..72.00 rows=36 width=8) (actual time=0.003..0.025 rows=25 loops=41840)
                                      Index Cond: (movie_id = mk.movie_id)
                          ->  Index Scan using name_pkey on name n  (cost=0.00..2.00 rows=1 width=19) (actual time=0.003..0.003 rows=0 loops=1038393)
                                Index Cond: (id = ci.person_id)
                                Filter: (name ~~ 'X%'::text)
                                Rows Removed by Filter: 1
                    ->  Index Only Scan using title_pkey on title t  (cost=0.00..2.00 rows=1 width=4) (actual time=0.005..0.005 rows=1 loops=250)
                          Index Cond: (id = ci.movie_id)
                          Heap Fetches: 250
              ->  Index Scan using movie_id_movie_companies on movie_companies mc  (cost=0.00..10.00 rows=5 width=8) (actual time=0.005..0.007 rows=8 loops=250)
                    Index Cond: (movie_id = ci.movie_id)
        ->  Index Only Scan using company_name_pkey on company_name cn  (cost=0.00..2.00 rows=1 width=4) (actual time=0.003..0.003 rows=1 loops=1918)
              Index Cond: (id = mc.company_id)
              Heap Fetches: 1918
Planning time: 2.216 ms
Execution time: 4534.181 ms
