Aggregate  (cost=1093211.00..1093212.00 rows=1 width=64) (actual time=22651.605..22651.605 rows=1 loops=1)
  ->  Nested Loop  (cost=0.00..1093211.00 rows=2 width=15) (actual time=62.769..22650.642 rows=1918 loops=1)
        ->  Nested Loop  (cost=0.00..1093207.00 rows=2 width=27) (actual time=62.757..22645.154 rows=1918 loops=1)
              ->  Nested Loop  (cost=0.00..1087867.00 rows=2670 width=16) (actual time=0.491..5783.174 rows=7796926 loops=1)
                    ->  Nested Loop  (cost=0.00..1059787.00 rows=260 width=8) (actual time=0.439..649.913 rows=148552 loops=1)
                          ->  Nested Loop  (cost=0.00..762685.00 rows=148552 width=12) (actual time=0.434..201.207 rows=148552 loops=1)
                                ->  Nested Loop  (cost=0.00..135085.00 rows=41840 width=4) (actual time=0.424..36.465 rows=41840 loops=1)
                                      ->  Seq Scan on keyword k  (cost=0.00..134170.00 rows=1 width=4) (actual time=0.412..8.893 rows=1 loops=1)
                                            Filter: (keyword = 'character-name-in-title'::text)
                                            Rows Removed by Filter: 134169
                                      ->  Index Scan using keyword_id_movie_keyword on movie_keyword mk  (cost=0.00..610.00 rows=305 width=8) (actual time=0.012..20.841 rows=41840 loops=1)
                                            Index Cond: (keyword_id = k.id)
                                ->  Index Scan using movie_id_movie_companies on movie_companies mc  (cost=0.00..10.00 rows=5 width=8) (actual time=0.002..0.003 rows=4 loops=41840)
                                      Index Cond: (movie_id = mk.movie_id)
                          ->  Index Only Scan using company_name_pkey on company_name cn  (cost=0.00..2.00 rows=1 width=4) (actual time=0.003..0.003 rows=1 loops=148552)
                                Index Cond: (id = mc.company_id)
                                Heap Fetches: 148552
                    ->  Index Scan using movie_id_cast_info on cast_info ci  (cost=0.00..72.00 rows=36 width=8) (actual time=0.003..0.028 rows=52 loops=148552)
                          Index Cond: (movie_id = mk.movie_id)
              ->  Index Scan using name_pkey on name n  (cost=0.00..2.00 rows=1 width=19) (actual time=0.002..0.002 rows=0 loops=7796926)
                    Index Cond: (id = ci.person_id)
                    Filter: (name ~~ 'X%'::text)
                    Rows Removed by Filter: 1
        ->  Index Only Scan using title_pkey on title t  (cost=0.00..2.00 rows=1 width=4) (actual time=0.002..0.002 rows=1 loops=1918)
              Index Cond: (id = ci.movie_id)
              Heap Fetches: 1918
Planning time: 2.179 ms
Execution time: 22651.660 ms
