Aggregate  (cost=6787191.00..6787192.00 rows=1 width=32) (actual time=4679.485..4679.485 rows=1 loops=1)
  ->  Nested Loop  (cost=0.00..6787191.00 rows=11538 width=15) (actual time=22.716..4677.133 rows=11538 loops=1)
        ->  Nested Loop  (cost=0.00..6764115.00 rows=11538 width=19) (actual time=22.710..4643.506 rows=11538 loops=1)
              ->  Nested Loop  (cost=0.00..6734535.00 rows=1972 width=27) (actual time=22.702..4631.270 rows=1972 loops=1)
                    ->  Nested Loop  (cost=0.00..6730591.00 rows=1972 width=23) (actual time=22.693..4622.951 rows=1972 loops=1)
                          ->  Nested Loop  (cost=0.00..4653805.00 rows=1038393 width=12) (actual time=0.426..1226.780 rows=1038393 loops=1)
                                ->  Nested Loop  (cost=0.00..135085.00 rows=41840 width=4) (actual time=0.419..35.279 rows=41840 loops=1)
                                      ->  Seq Scan on keyword k  (cost=0.00..134170.00 rows=1 width=4) (actual time=0.406..8.636 rows=1 loops=1)
                                            Filter: (keyword = 'character-name-in-title'::text)
                                            Rows Removed by Filter: 134169
                                      ->  Index Scan using keyword_id_movie_keyword on movie_keyword mk  (cost=0.00..610.00 rows=305 width=8) (actual time=0.012..20.173 rows=41840 loops=1)
                                            Index Cond: (keyword_id = k.id)
                                ->  Index Scan using movie_id_cast_info on cast_info ci  (cost=0.00..72.00 rows=36 width=8) (actual time=0.003..0.025 rows=25 loops=41840)
                                      Index Cond: (movie_id = mk.movie_id)
                          ->  Index Scan using name_pkey on name n  (cost=0.00..2.00 rows=1 width=19) (actual time=0.003..0.003 rows=0 loops=1038393)
                                Index Cond: (id = ci.person_id)
                                Filter: (name ~~ '%Bert%'::text)
                                Rows Removed by Filter: 1
                    ->  Index Only Scan using title_pkey on title t  (cost=0.00..2.00 rows=1 width=4) (actual time=0.004..0.004 rows=1 loops=1972)
                          Index Cond: (id = ci.movie_id)
                          Heap Fetches: 1972
              ->  Index Scan using movie_id_movie_companies on movie_companies mc  (cost=0.00..10.00 rows=5 width=8) (actual time=0.003..0.005 rows=6 loops=1972)
                    Index Cond: (movie_id = ci.movie_id)
        ->  Index Only Scan using company_name_pkey on company_name cn  (cost=0.00..2.00 rows=1 width=4) (actual time=0.003..0.003 rows=1 loops=11538)
              Index Cond: (id = mc.company_id)
              Heap Fetches: 11538
Planning time: 2.307 ms
Execution time: 4679.538 ms
