Aggregate  (cost=141211.00..141212.00 rows=1 width=32) (actual time=4948.931..4948.931 rows=1 loops=1)
  ->  Nested Loop  (cost=0.00..141211.00 rows=4 width=15) (actual time=23.668..4946.228 rows=11538 loops=1)
        ->  Nested Loop  (cost=0.00..141203.00 rows=4 width=19) (actual time=23.658..4909.603 rows=11538 loops=1)
              ->  Nested Loop  (cost=0.00..141173.00 rows=2 width=27) (actual time=23.649..4896.357 rows=1972 loops=1)
                    ->  Nested Loop  (cost=0.00..141169.00 rows=2 width=23) (actual time=23.638..4886.835 rows=1972 loops=1)
                          ->  Nested Loop  (cost=0.00..138757.00 rows=1206 width=12) (actual time=0.430..1278.172 rows=1038393 loops=1)
                                ->  Nested Loop  (cost=0.00..135085.00 rows=34 width=4) (actual time=0.422..36.501 rows=41840 loops=1)
                                      ->  Seq Scan on keyword k  (cost=0.00..134170.00 rows=1 width=4) (actual time=0.409..9.082 rows=1 loops=1)
                                            Filter: (keyword = 'character-name-in-title'::text)
                                            Rows Removed by Filter: 134169
                                      ->  Index Scan using keyword_id_movie_keyword on movie_keyword mk  (cost=0.00..610.00 rows=305 width=8) (actual time=0.012..20.935 rows=41840 loops=1)
                                            Index Cond: (keyword_id = k.id)
                                ->  Index Scan using movie_id_cast_info on cast_info ci  (cost=0.00..72.00 rows=36 width=8) (actual time=0.003..0.026 rows=25 loops=41840)
                                      Index Cond: (movie_id = mk.movie_id)
                          ->  Index Scan using name_pkey on name n  (cost=0.00..2.00 rows=1 width=19) (actual time=0.003..0.003 rows=0 loops=1038393)
                                Index Cond: (id = ci.person_id)
                                Filter: (name ~~ '%Bert%'::text)
                                Rows Removed by Filter: 1
                    ->  Index Only Scan using title_pkey on title t  (cost=0.00..2.00 rows=1 width=4) (actual time=0.004..0.004 rows=1 loops=1972)
                          Index Cond: (id = ci.movie_id)
                          Heap Fetches: 1972
              ->  Index Scan using movie_id_movie_companies on movie_companies mc  (cost=0.00..10.00 rows=5 width=8) (actual time=0.004..0.005 rows=6 loops=1972)
                    Index Cond: (movie_id = ci.movie_id)
        ->  Index Only Scan using company_name_pkey on company_name cn  (cost=0.00..2.00 rows=1 width=4) (actual time=0.003..0.003 rows=1 loops=11538)
              Index Cond: (id = mc.company_id)
              Heap Fetches: 11538
Planning time: 2.214 ms
Execution time: 4948.980 ms
