Aggregate  (cost=8465235.00..8465236.00 rows=1 width=32) (actual time=14378.205..14378.205 rows=1 loops=1)
  ->  Nested Loop  (cost=0.00..8465235.00 rows=6830 width=15) (actual time=0.575..13940.902 rows=2832555 loops=1)
        ->  Nested Loop  (cost=0.00..8451575.00 rows=6830 width=27) (actual time=0.569..9484.230 rows=2832555 loops=1)
              ->  Nested Loop  (cost=0.00..8437915.00 rows=6830 width=16) (actual time=0.565..2766.600 rows=2832555 loops=1)
                    ->  Nested Loop  (cost=0.00..1059787.00 rows=68316 width=8) (actual time=0.453..552.024 rows=68316 loops=1)
                          ->  Nested Loop  (cost=0.00..762685.00 rows=148552 width=12) (actual time=0.442..190.500 rows=148552 loops=1)
                                ->  Nested Loop  (cost=0.00..135085.00 rows=41840 width=4) (actual time=0.434..33.457 rows=41840 loops=1)
                                      ->  Seq Scan on keyword k  (cost=0.00..134170.00 rows=1 width=4) (actual time=0.420..8.464 rows=1 loops=1)
                                            Filter: (keyword = 'character-name-in-title'::text)
                                            Rows Removed by Filter: 134169
                                      ->  Index Scan using keyword_id_movie_keyword on movie_keyword mk  (cost=0.00..610.00 rows=305 width=8) (actual time=0.013..18.717 rows=41840 loops=1)
                                            Index Cond: (keyword_id = k.id)
                                ->  Index Scan using movie_id_movie_companies on movie_companies mc  (cost=0.00..10.00 rows=5 width=8) (actual time=0.002..0.003 rows=4 loops=41840)
                                      Index Cond: (movie_id = mk.movie_id)
                          ->  Index Scan using company_name_pkey on company_name cn  (cost=0.00..2.00 rows=1 width=4) (actual time=0.002..0.002 rows=0 loops=148552)
                                Index Cond: (id = mc.company_id)
                                Filter: ((country_code)::text = '[us]'::text)
                                Rows Removed by Filter: 1
                    ->  Index Scan using movie_id_cast_info on cast_info ci  (cost=0.00..72.00 rows=36 width=8) (actual time=0.003..0.026 rows=41 loops=68316)
                          Index Cond: (movie_id = mk.movie_id)
              ->  Index Scan using name_pkey on name n  (cost=0.00..2.00 rows=1 width=19) (actual time=0.002..0.002 rows=1 loops=2832555)
                    Index Cond: (id = ci.person_id)
        ->  Index Only Scan using title_pkey on title t  (cost=0.00..2.00 rows=1 width=4) (actual time=0.001..0.001 rows=1 loops=2832555)
              Index Cond: (id = ci.movie_id)
              Heap Fetches: 2832555
Planning time: 2.163 ms
Execution time: 14378.250 ms
