Aggregate  (cost=1088012.00..1088013.00 rows=1 width=32) (actual time=12344.330..12344.330 rows=1 loops=1)
  ->  Nested Loop  (cost=997682.00..1088012.00 rows=964 width=15) (actual time=237.787..11888.833 rows=2832555 loops=1)
        ->  Nested Loop  (cost=997682.00..1086084.00 rows=964 width=4) (actual time=237.779..3449.416 rows=2832555 loops=1)
              ->  Nested Loop  (cost=997682.00..1077552.00 rows=79 width=12) (actual time=237.766..553.219 rows=68316 loops=1)
                    ->  Merge Join  (cost=997682.00..1077394.00 rows=79 width=8) (actual time=237.749..308.547 rows=68316 loops=1)
                          Merge Cond: (mc.company_id = cn.id)
                          ->  Sort  (cost=762685.00..762685.00 rows=220786 width=12) (actual time=190.385..214.253 rows=148552 loops=1)
                                Sort Key: mc.company_id
                                Sort Method: quicksort  Memory: 13108kB
                                ->  Nested Loop  (cost=0.00..762685.00 rows=220786 width=12) (actual time=0.432..154.108 rows=148552 loops=1)
                                      ->  Nested Loop  (cost=0.00..135085.00 rows=41840 width=4) (actual time=0.423..30.281 rows=41840 loops=1)
                                            ->  Seq Scan on keyword k  (cost=0.00..134170.00 rows=1 width=4) (actual time=0.411..8.906 rows=1 loops=1)
                                                  Filter: (keyword = 'character-name-in-title'::text)
                                                  Rows Removed by Filter: 134169
                                            ->  Index Scan using keyword_id_movie_keyword on movie_keyword mk  (cost=0.00..610.00 rows=305 width=8) (actual time=0.012..16.331 rows=41840 loops=1)
                                                  Index Cond: (keyword_id = k.id)
                                      ->  Index Scan using movie_id_movie_companies on movie_companies mc  (cost=0.00..10.00 rows=5 width=8) (actual time=0.002..0.002 rows=4 loops=41840)
                                            Index Cond: (movie_id = mk.movie_id)
                          ->  Sort  (cost=234997.00..234997.00 rows=84843 width=4) (actual time=47.358..60.682 rows=84843 loops=1)
                                Sort Key: cn.id
                                Sort Method: quicksort  Memory: 7050kB
                                ->  Seq Scan on company_name cn  (cost=0.00..234997.00 rows=84843 width=4) (actual time=0.009..29.106 rows=84843 loops=1)
                                      Filter: ((country_code)::text = '[us]'::text)
                                      Rows Removed by Filter: 150154
                    ->  Index Only Scan using title_pkey on title t  (cost=0.00..2.00 rows=1 width=4) (actual time=0.003..0.003 rows=1 loops=68316)
                          Index Cond: (id = mk.movie_id)
                          Heap Fetches: 68316
              ->  Index Scan using movie_id_cast_info on cast_info ci  (cost=0.00..72.00 rows=36 width=8) (actual time=0.004..0.037 rows=41 loops=68316)
                    Index Cond: (movie_id = t.id)
        ->  Index Scan using name_pkey on name n  (cost=0.00..2.00 rows=1 width=19) (actual time=0.003..0.003 rows=1 loops=2832555)
              Index Cond: (id = ci.person_id)
Planning time: 2.200 ms
Execution time: 12344.385 ms
