Aggregate  (cost=11782333.00..11782334.00 rows=1 width=32) (actual time=7140.898..7140.899 rows=1 loops=1)
  ->  Merge Join  (cost=10600393.00..11782333.00 rows=2832555 width=15) (actual time=6121.133..6827.152 rows=2832555 loops=1)
        Merge Cond: (mc.movie_id = ci.movie_id)
        ->  Sort  (cost=3786122.00..3786122.00 rows=1153798 width=4) (actual time=1662.263..1771.394 rows=1153798 loops=1)
              Sort Key: mc.movie_id
              Sort Method: quicksort  Memory: 103237kB
              ->  Merge Join  (cost=2844126.00..3786122.00 rows=1153798 width=4) (actual time=839.656..1389.052 rows=1153798 loops=1)
                    Merge Cond: (cn.id = mc.company_id)
                    ->  Sort  (cost=234997.00..234997.00 rows=84843 width=4) (actual time=46.092..56.483 rows=84843 loops=1)
                          Sort Key: cn.id
                          Sort Method: quicksort  Memory: 7050kB
                          ->  Seq Scan on company_name cn  (cost=0.00..234997.00 rows=84843 width=4) (actual time=0.008..28.593 rows=84843 loops=1)
                                Filter: ((country_code)::text = '[us]'::text)
                                Rows Removed by Filter: 150154
                    ->  Sort  (cost=2609129.00..2609129.00 rows=2609129 width=8) (actual time=793.559..1072.403 rows=2609129 loops=1)
                          Sort Key: mc.company_id
                          Sort Method: quicksort  Memory: 220607kB
                          ->  Seq Scan on movie_companies mc  (cost=0.00..2609129.00 rows=2609129 width=8) (actual time=0.006..277.045 rows=2609129 loops=1)
        ->  Sort  (cost=6814271.00..6814271.00 rows=1038393 width=27) (actual time=4458.713..4614.841 rows=3123069 loops=1)
              Sort Key: ci.movie_id
              Sort Method: quicksort  Memory: 105731kB
              ->  Nested Loop  (cost=0.00..6814271.00 rows=1038393 width=27) (actual time=0.436..4178.824 rows=1038393 loops=1)
                    ->  Nested Loop  (cost=0.00..4737485.00 rows=1038393 width=16) (actual time=0.426..1268.303 rows=1038393 loops=1)
                          ->  Nested Loop  (cost=0.00..218765.00 rows=41840 width=8) (actual time=0.413..139.324 rows=41840 loops=1)
                                ->  Nested Loop  (cost=0.00..135085.00 rows=41840 width=4) (actual time=0.403..35.194 rows=41840 loops=1)
                                      ->  Seq Scan on keyword k  (cost=0.00..134170.00 rows=1 width=4) (actual time=0.381..8.659 rows=1 loops=1)
                                            Filter: (keyword = 'character-name-in-title'::text)
                                            Rows Removed by Filter: 134169
                                      ->  Index Scan using keyword_id_movie_keyword on movie_keyword mk  (cost=0.00..610.00 rows=305 width=8) (actual time=0.019..19.947 rows=41840 loops=1)
                                            Index Cond: (keyword_id = k.id)
                                ->  Index Only Scan using title_pkey on title t  (cost=0.00..2.00 rows=1 width=4) (actual time=0.002..0.002 rows=1 loops=41840)
                                      Index Cond: (id = mk.movie_id)
                                      Heap Fetches: 41840
                          ->  Index Scan using movie_id_cast_info on cast_info ci  (cost=0.00..72.00 rows=36 width=8) (actual time=0.003..0.023 rows=25 loops=41840)
                                Index Cond: (movie_id = t.id)
                    ->  Index Scan using name_pkey on name n  (cost=0.00..2.00 rows=1 width=19) (actual time=0.002..0.002 rows=1 loops=1038393)
                          Index Cond: (id = ci.person_id)
Planning time: 2.224 ms
Execution time: 7143.925 ms
