Aggregate  (cost=10404798.00..10404799.00 rows=1 width=32) (actual time=6013.992..6013.992 rows=1 loops=1)
  ->  Merge Join  (cost=9291678.00..10404798.00 rows=1113120 width=15) (actual time=5523.082..5871.617 rows=1113120 loops=1)
        Merge Cond: (mc.company_id = cn.id)
        ->  Sort  (cost=9056681.00..9056681.00 rows=1113120 width=19) (actual time=5446.953..5590.035 rows=1113120 loops=1)
              Sort Key: mc.company_id
              Sort Method: quicksort  Memory: 131201kB
              ->  Nested Loop  (cost=0.00..9056681.00 rows=1113120 width=19) (actual time=0.898..5171.169 rows=1113120 loops=1)
                    ->  Nested Loop  (cost=0.00..6814271.00 rows=149494 width=27) (actual time=0.459..4590.040 rows=149494 loops=1)
                          ->  Nested Loop  (cost=0.00..4737485.00 rows=1038393 width=16) (actual time=0.452..1318.470 rows=1038393 loops=1)
                                ->  Nested Loop  (cost=0.00..218765.00 rows=41840 width=8) (actual time=0.444..141.502 rows=41840 loops=1)
                                      ->  Nested Loop  (cost=0.00..135085.00 rows=41840 width=4) (actual time=0.438..34.640 rows=41840 loops=1)
                                            ->  Seq Scan on keyword k  (cost=0.00..134170.00 rows=1 width=4) (actual time=0.426..9.033 rows=1 loops=1)
                                                  Filter: (keyword = 'character-name-in-title'::text)
                                                  Rows Removed by Filter: 134169
                                            ->  Index Scan using keyword_id_movie_keyword on movie_keyword mk  (cost=0.00..610.00 rows=305 width=8) (actual time=0.011..19.267 rows=41840 loops=1)
                                                  Index Cond: (keyword_id = k.id)
                                      ->  Index Only Scan using title_pkey on title t  (cost=0.00..2.00 rows=1 width=4) (actual time=0.002..0.002 rows=1 loops=41840)
                                            Index Cond: (id = mk.movie_id)
                                            Heap Fetches: 41840
                                ->  Index Scan using movie_id_cast_info on cast_info ci  (cost=0.00..72.00 rows=36 width=8) (actual time=0.003..0.024 rows=25 loops=41840)
                                      Index Cond: (movie_id = t.id)
                          ->  Index Scan using name_pkey on name n  (cost=0.00..2.00 rows=1 width=19) (actual time=0.003..0.003 rows=0 loops=1038393)
                                Index Cond: (id = ci.person_id)
                                Filter: (name ~~ '%B%'::text)
                                Rows Removed by Filter: 1
                    ->  Index Scan using movie_id_movie_companies on movie_companies mc  (cost=0.00..10.00 rows=5 width=8) (actual time=0.002..0.003 rows=7 loops=149494)
                          Index Cond: (movie_id = ci.movie_id)
        ->  Sort  (cost=234997.00..234997.00 rows=234997 width=4) (actual time=76.121..103.746 rows=234933 loops=1)
              Sort Key: cn.id
              Sort Method: quicksort  Memory: 17160kB
              ->  Seq Scan on company_name cn  (cost=0.00..234997.00 rows=234997 width=4) (actual time=0.012..26.592 rows=234997 loops=1)
Planning time: 2.198 ms
Execution time: 6015.500 ms
