Aggregate  (cost=10218090.00..10218091.00 rows=1 width=32) (actual time=7741.715..7741.715 rows=1 loops=1)
  ->  Nested Loop  (cost=9207998.00..10218090.00 rows=2977 width=15) (actual time=5339.178..7584.535 rows=1113120 loops=1)
        ->  Merge Join  (cost=9207998.00..10212136.00 rows=2977 width=27) (actual time=5339.161..5763.157 rows=1113120 loops=1)
              Merge Cond: (mc.company_id = cn.id)
              ->  Sort  (cost=8973001.00..8973001.00 rows=1004138 width=31) (actual time=5263.314..5409.440 rows=1113120 loops=1)
                    Sort Key: mc.company_id
                    Sort Method: quicksort  Memory: 136217kB
                    ->  Nested Loop  (cost=0.00..8973001.00 rows=1004138 width=31) (actual time=0.856..4962.185 rows=1113120 loops=1)
                          ->  Nested Loop  (cost=0.00..6730591.00 rows=149494 width=23) (actual time=0.435..4379.879 rows=149494 loops=1)
                                ->  Nested Loop  (cost=0.00..4653805.00 rows=1038393 width=12) (actual time=0.427..1193.180 rows=1038393 loops=1)
                                      ->  Nested Loop  (cost=0.00..135085.00 rows=41840 width=4) (actual time=0.419..34.103 rows=41840 loops=1)
                                            ->  Seq Scan on keyword k  (cost=0.00..134170.00 rows=1 width=4) (actual time=0.406..8.612 rows=1 loops=1)
                                                  Filter: (keyword = 'character-name-in-title'::text)
                                                  Rows Removed by Filter: 134169
                                            ->  Index Scan using keyword_id_movie_keyword on movie_keyword mk  (cost=0.00..610.00 rows=305 width=8) (actual time=0.012..18.890 rows=41840 loops=1)
                                                  Index Cond: (keyword_id = k.id)
                                      ->  Index Scan using movie_id_cast_info on cast_info ci  (cost=0.00..72.00 rows=36 width=8) (actual time=0.003..0.024 rows=25 loops=41840)
                                            Index Cond: (movie_id = mk.movie_id)
                                ->  Index Scan using name_pkey on name n  (cost=0.00..2.00 rows=1 width=19) (actual time=0.003..0.003 rows=0 loops=1038393)
                                      Index Cond: (id = ci.person_id)
                                      Filter: (name ~~ '%B%'::text)
                                      Rows Removed by Filter: 1
                          ->  Index Scan using movie_id_movie_companies on movie_companies mc  (cost=0.00..10.00 rows=5 width=8) (actual time=0.002..0.003 rows=7 loops=149494)
                                Index Cond: (movie_id = ci.movie_id)
              ->  Sort  (cost=234997.00..234997.00 rows=234997 width=4) (actual time=75.840..104.874 rows=234933 loops=1)
                    Sort Key: cn.id
                    Sort Method: quicksort  Memory: 17160kB
                    ->  Seq Scan on company_name cn  (cost=0.00..234997.00 rows=234997 width=4) (actual time=0.013..26.221 rows=234997 loops=1)
        ->  Index Only Scan using title_pkey on title t  (cost=0.00..2.00 rows=1 width=4) (actual time=0.001..0.001 rows=1 loops=1113120)
              Index Cond: (id = ci.movie_id)
              Heap Fetches: 1113120
Planning time: 2.321 ms
Execution time: 7743.042 ms
