Aggregate  (cost=1229175.00..1229176.00 rows=1 width=32) (actual time=23167.978..23167.978 rows=1 loops=1)
  ->  Nested Loop  (cost=0.00..1229175.00 rows=344 width=15) (actual time=0.760..22992.058 rows=1113120 loops=1)
        ->  Nested Loop  (cost=0.00..1223835.00 rows=2670 width=4) (actual time=0.496..5891.413 rows=7796926 loops=1)
              ->  Nested Loop  (cost=0.00..1204611.00 rows=178 width=12) (actual time=0.432..903.041 rows=148552 loops=1)
                    ->  Nested Loop  (cost=0.00..1204255.00 rows=178 width=8) (actual time=0.427..578.959 rows=148552 loops=1)
                          ->  Nested Loop  (cost=0.00..762685.00 rows=220786 width=12) (actual time=0.424..200.464 rows=148552 loops=1)
                                ->  Nested Loop  (cost=0.00..135085.00 rows=41840 width=4) (actual time=0.415..34.398 rows=41840 loops=1)
                                      ->  Seq Scan on keyword k  (cost=0.00..134170.00 rows=1 width=4) (actual time=0.403..8.790 rows=1 loops=1)
                                            Filter: (keyword = 'character-name-in-title'::text)
                                            Rows Removed by Filter: 134169
                                      ->  Index Scan using keyword_id_movie_keyword on movie_keyword mk  (cost=0.00..610.00 rows=305 width=8) (actual time=0.011..19.634 rows=41840 loops=1)
                                            Index Cond: (keyword_id = k.id)
                                ->  Index Scan using movie_id_movie_companies on movie_companies mc  (cost=0.00..10.00 rows=5 width=8) (actual time=0.002..0.003 rows=4 loops=41840)
                                      Index Cond: (movie_id = mk.movie_id)
                          ->  Index Only Scan using company_name_pkey on company_name cn  (cost=0.00..2.00 rows=1 width=4) (actual time=0.002..0.002 rows=1 loops=148552)
                                Index Cond: (id = mc.company_id)
                                Heap Fetches: 148552
                    ->  Index Only Scan using title_pkey on title t  (cost=0.00..2.00 rows=1 width=4) (actual time=0.002..0.002 rows=1 loops=148552)
                          Index Cond: (id = mk.movie_id)
                          Heap Fetches: 148552
              ->  Index Scan using movie_id_cast_info on cast_info ci  (cost=0.00..72.00 rows=36 width=8) (actual time=0.003..0.027 rows=52 loops=148552)
                    Index Cond: (movie_id = t.id)
        ->  Index Scan using name_pkey on name n  (cost=0.00..2.00 rows=1 width=19) (actual time=0.002..0.002 rows=0 loops=7796926)
              Index Cond: (id = ci.person_id)
              Filter: (name ~~ '%B%'::text)
              Rows Removed by Filter: 1
Planning time: 2.288 ms
Execution time: 23168.030 ms
