Aggregate  (cost=10404798.00..10404799.00 rows=1 width=32) (actual time=5958.815..5958.815 rows=1 loops=1)
  ->  Merge Join  (cost=9291678.00..10404798.00 rows=1004138 width=15) (actual time=5483.539..5818.849 rows=1113120 loops=1)
        Merge Cond: (mc.company_id = cn.id)
        ->  Sort  (cost=9056681.00..9056681.00 rows=1113120 width=19) (actual time=5407.017..5541.648 rows=1113120 loops=1)
              Sort Key: mc.company_id
              Sort Method: quicksort  Memory: 131201kB
              ->  Nested Loop  (cost=0.00..9056681.00 rows=1113120 width=19) (actual time=0.891..5131.534 rows=1113120 loops=1)
                    ->  Nested Loop  (cost=0.00..6814271.00 rows=149494 width=27) (actual time=0.455..4550.620 rows=149494 loops=1)
                          ->  Nested Loop  (cost=0.00..4737485.00 rows=1038393 width=16) (actual time=0.448..1315.097 rows=1038393 loops=1)
                                ->  Nested Loop  (cost=0.00..218765.00 rows=41840 width=8) (actual time=0.438..141.780 rows=41840 loops=1)
                                      ->  Nested Loop  (cost=0.00..135085.00 rows=41840 width=4) (actual time=0.431..34.485 rows=41840 loops=1)
                                            ->  Seq Scan on keyword k  (cost=0.00..134170.00 rows=1 width=4) (actual time=0.418..8.894 rows=1 loops=1)
                                                  Filter: (keyword = 'character-name-in-title'::text)
                                                  Rows Removed by Filter: 134169
                                            ->  Index Scan using keyword_id_movie_keyword on movie_keyword mk  (cost=0.00..610.00 rows=305 width=8) (actual time=0.013..19.272 rows=41840 loops=1)
                                                  Index Cond: (keyword_id = k.id)
                                      ->  Index Only Scan using title_pkey on title t  (cost=0.00..2.00 rows=1 width=4) (actual time=0.002..0.002 rows=1 loops=41840)
                                            Index Cond: (id = mk.movie_id)
                                            Heap Fetches: 41840
                                ->  Index Scan using movie_id_cast_info on cast_info ci  (cost=0.00..72.00 rows=36 width=8) (actual time=0.003..0.024 rows=25 loops=41840)
                                      Index Cond: (movie_id = t.id)
                          ->  Index Scan using name_pkey on name n  (cost=0.00..2.00 rows=1 width=19) (actual time=0.003..0.003 rows=0 loops=1038393)
                                Index Cond: (id = ci.person_id)
                                Filter: (name ~~ '%B%'::text)
                                Rows Removed by Filter: 1
                    ->  Index Scan using movie_id_movie_companies on movie_companies mc  (cost=0.00..10.00 rows=5 width=8) (actual time=0.002..0.003 rows=7 loops=149494)
                          Index Cond: (movie_id = ci.movie_id)
        ->  Sort  (cost=234997.00..234997.00 rows=234997 width=4) (actual time=76.517..100.879 rows=234933 loops=1)
              Sort Key: cn.id
              Sort Method: quicksort  Memory: 17160kB
              ->  Seq Scan on company_name cn  (cost=0.00..234997.00 rows=234997 width=4) (actual time=0.010..26.806 rows=234997 loops=1)
Planning time: 2.345 ms
Execution time: 5960.225 ms
