Aggregate  (cost=1754060.01..1754061.01 rows=1 width=96) (actual time=2491.978..2491.978 rows=1 loops=1)
  ->  Nested Loop  (cost=840347.00..1754060.01 rows=1 width=64) (actual time=288.415..2491.420 rows=410 loops=1)
        ->  Nested Loop  (cost=840347.00..1754058.01 rows=1 width=59) (actual time=288.403..2488.952 rows=410 loops=1)
              ->  Nested Loop  (cost=840347.00..1737652.00 rows=8203 width=63) (actual time=209.524..2114.242 rows=107339 loops=1)
                    ->  Hash Join  (cost=840347.00..1479762.00 rows=3485 width=55) (actual time=209.457..308.032 rows=45431 loops=1)
                          Hash Cond: (mi.movie_id = mi_idx.movie_id)
                          ->  Nested Loop  (cost=0.00..635930.00 rows=131290 width=46) (actual time=0.065..49.918 rows=121863 loops=1)
                                ->  Seq Scan on info_type it1  (cost=0.00..113.00 rows=1 width=4) (actual time=0.012..0.015 rows=1 loops=1)
                                      Filter: ((info)::text = 'budget'::text)
                                      Rows Removed by Filter: 112
                                ->  Index Scan using info_type_id_movie_info on movie_info mi  (cost=0.00..423878.00 rows=211939 width=50) (actual time=0.051..33.545 rows=121863 loops=1)
                                      Index Cond: (info_type_id = it1.id)
                          ->  Hash  (cost=828134.00..828134.00 rows=12213 width=9) (actual time=209.367..209.367 rows=459925 loops=1)
                                Buckets: 524288 (originally 16384)  Batches: 1 (originally 1)  Memory Usage: 22143kB
                                ->  Nested Loop  (cost=0.00..828134.00 rows=12213 width=9) (actual time=0.031..140.958 rows=459925 loops=1)
                                      ->  Seq Scan on info_type it2  (cost=0.00..113.00 rows=1 width=4) (actual time=0.008..0.012 rows=1 loops=1)
                                            Filter: ((info)::text = 'votes'::text)
                                            Rows Removed by Filter: 112
                                      ->  Index Scan using info_type_id_movie_info_idx on movie_info_idx mi_idx  (cost=0.00..552014.00 rows=276007 width=13) (actual time=0.022..81.415 rows=459925 loops=1)
                                            Index Cond: (info_type_id = it2.id)
                    ->  Index Scan using movie_id_cast_info on cast_info ci  (cost=0.00..72.00 rows=2 width=8) (actual time=0.024..0.039 rows=2 loops=45431)
                          Index Cond: (movie_id = mi.movie_id)
                          Filter: (note = ANY ('{(producer),"(executive producer)"}'::text[]))
                          Rows Removed by Filter: 38
              ->  Index Scan using name_pkey on name n  (cost=0.00..2.00 rows=1 width=4) (actual time=0.003..0.003 rows=0 loops=107339)
                    Index Cond: (id = ci.person_id)
                    Filter: ((name ~~ '%Tim%'::text) AND ((gender)::text = 'm'::text))
                    Rows Removed by Filter: 1
        ->  Index Scan using title_pkey on title t  (cost=0.00..2.00 rows=1 width=21) (actual time=0.005..0.005 rows=1 loops=410)
              Index Cond: (id = mi.movie_id)
Planning time: 2.198 ms
Execution time: 2492.094 ms
