Aggregate  (cost=2780938.00..2780939.00 rows=1 width=64) (actual time=6314.991..6314.991 rows=1 loops=1)
  ->  Nested Loop  (cost=0.00..2780938.00 rows=1 width=32) (actual time=590.997..6314.886 rows=184 loops=1)
        ->  Nested Loop  (cost=0.00..2780934.00 rows=1 width=36) (actual time=590.992..6314.613 rows=184 loops=1)
              ->  Nested Loop  (cost=0.00..2780932.00 rows=1 width=40) (actual time=590.981..6314.111 rows=189 loops=1)
                    ->  Nested Loop  (cost=0.00..2780926.00 rows=1 width=48) (actual time=590.969..6313.482 rows=170 loops=1)
                          ->  Nested Loop  (cost=0.00..2780510.00 rows=208 width=29) (actual time=1.640..6012.294 rows=130077 loops=1)
                                ->  Nested Loop  (cost=0.00..2707291.00 rows=1003 width=29) (actual time=0.042..2710.653 rows=116277 loops=1)
                                      ->  Nested Loop  (cost=0.00..2460171.00 rows=123561 width=33) (actual time=0.038..2431.077 rows=124224 loops=1)
                                            ->  Nested Loop  (cost=0.00..1332693.00 rows=102498 width=25) (actual time=0.033..1763.454 rows=298255 loops=1)
                                                  ->  Nested Loop  (cost=0.00..430615.00 rows=451039 width=4) (actual time=0.027..800.247 rows=451039 loops=1)
                                                        ->  Seq Scan on info_type it  (cost=0.00..113.00 rows=1 width=4) (actual time=0.010..0.019 rows=1 loops=1)
                                                              Filter: ((info)::text = 'release dates'::text)
                                                              Rows Removed by Filter: 112
                                                        ->  Index Scan using info_type_id_movie_info on movie_info mi  (cost=0.00..423878.00 rows=6624 width=8) (actual time=0.016..755.247 rows=451039 loops=1)
                                                              Index Cond: (info_type_id = it.id)
                                                              Filter: ((info IS NOT NULL) AND ((info ~~ 'Japan:%200%'::text) OR (info ~~ 'USA:%200%'::text)))
                                                              Rows Removed by Filter: 2585680
                                                  ->  Index Scan using title_pkey on title t  (cost=0.00..2.00 rows=1 width=21) (actual time=0.002..0.002 rows=1 loops=451039)
                                                        Index Cond: (id = mi.movie_id)
                                                        Filter: ((production_year >= 2005) AND (production_year <= 2009))
                                                        Rows Removed by Filter: 0
                                            ->  Index Scan using movie_id_movie_companies on movie_companies mc  (cost=0.00..10.00 rows=1 width=8) (actual time=0.002..0.002 rows=0 loops=298255)
                                                  Index Cond: (movie_id = t.id)
                                                  Filter: ((note IS NOT NULL) AND ((note ~~ '%(USA)%'::text) OR (note ~~ '%(worldwide)%'::text)))
                                                  Rows Removed by Filter: 1
                                      ->  Index Scan using company_name_pkey on company_name cn  (cost=0.00..2.00 rows=1 width=4) (actual time=0.002..0.002 rows=1 loops=124224)
                                            Index Cond: (id = mc.company_id)
                                            Filter: ((country_code)::text = '[us]'::text)
                                            Rows Removed by Filter: 0
                                ->  Index Scan using movie_id_cast_info on cast_info ci  (cost=0.00..72.00 rows=1 width=16) (actual time=0.023..0.028 rows=1 loops=116277)
                                      Index Cond: (movie_id = t.id)
                                      Filter: (note = ANY ('{(voice),"(voice: Japanese version)","(voice) (uncredited)","(voice: English version)"}'::text[]))
                                      Rows Removed by Filter: 46
                          ->  Index Scan using name_pkey on name n  (cost=0.00..2.00 rows=1 width=19) (actual time=0.002..0.002 rows=0 loops=130077)
                                Index Cond: (id = ci.person_id)
                                Filter: ((name ~~ '%Ang%'::text) AND ((gender)::text = 'f'::text))
                                Rows Removed by Filter: 1
                    ->  Index Only Scan using person_id_aka_name on aka_name an  (cost=0.00..4.00 rows=2 width=4) (actual time=0.003..0.003 rows=1 loops=170)
                          Index Cond: (person_id = n.id)
                          Heap Fetches: 189
              ->  Index Only Scan using char_name_pkey on char_name chn  (cost=0.00..2.00 rows=1 width=4) (actual time=0.002..0.002 rows=1 loops=189)
                    Index Cond: (id = ci.person_role_id)
                    Heap Fetches: 184
        ->  Index Scan using role_type_pkey on role_type rt  (cost=0.00..2.00 rows=1 width=4) (actual time=0.001..0.001 rows=1 loops=184)
              Index Cond: (id = ci.role_id)
              Filter: ((role)::text = 'actress'::text)
Planning time: 11.676 ms
Execution time: 6315.076 ms
