Aggregate  (cost=4274862.00..4274863.00 rows=1 width=64) (actual time=1667.227..1667.227 rows=1 loops=1)
  ->  Nested Loop  (cost=0.00..4274862.00 rows=1 width=32) (actual time=32.684..1667.132 rows=184 loops=1)
        ->  Nested Loop  (cost=0.00..4274860.00 rows=1 width=36) (actual time=32.674..1666.637 rows=194 loops=1)
              ->  Nested Loop  (cost=0.00..4274849.00 rows=1 width=44) (actual time=32.664..1665.864 rows=89 loops=1)
                    ->  Nested Loop  (cost=0.00..4274793.00 rows=27 width=48) (actual time=32.658..1665.689 rows=89 loops=1)
                          ->  Nested Loop  (cost=0.00..4274198.00 rows=7 width=40) (actual time=32.569..1663.667 rows=102 loops=1)
                                ->  Nested Loop  (cost=0.00..4274015.00 rows=88 width=44) (actual time=32.564..1663.458 rows=102 loops=1)
                                      ->  Nested Loop  (cost=0.00..4273785.00 rows=115 width=48) (actual time=32.554..1663.032 rows=115 loops=1)
                                            ->  Nested Loop  (cost=0.00..4272935.00 rows=425 width=27) (actual time=32.535..1661.352 rows=425 loops=1)
                                                  ->  Nested Loop  (cost=0.00..2704029.00 rows=1558 width=23) (actual time=6.377..1644.212 rows=1558 loops=1)
                                                        ->  Seq Scan on aka_name an  (cost=0.00..901343.00 rows=901343 width=4) (actual time=0.009..79.445 rows=901343 loops=1)
                                                        ->  Index Scan using name_pkey on name n  (cost=0.00..2.00 rows=1 width=19) (actual time=0.002..0.002 rows=0 loops=901343)
                                                              Index Cond: (id = an.person_id)
                                                              Filter: ((name ~~ '%Ang%'::text) AND ((gender)::text = 'f'::text))
                                                              Rows Removed by Filter: 1
                                                  ->  Index Scan using person_id_cast_info on cast_info ci  (cost=0.00..994.00 rows=13 width=16) (actual time=0.010..0.011 rows=0 loops=1558)
                                                        Index Cond: (person_id = n.id)
                                                        Filter: (note = ANY ('{(voice),"(voice: Japanese version)","(voice) (uncredited)","(voice: English version)"}'::text[]))
                                                        Rows Removed by Filter: 44
                                            ->  Index Scan using title_pkey on title t  (cost=0.00..2.00 rows=1 width=21) (actual time=0.004..0.004 rows=0 loops=425)
                                                  Index Cond: (id = ci.movie_id)
                                                  Filter: ((production_year >= 2005) AND (production_year <= 2009))
                                                  Rows Removed by Filter: 1
                                      ->  Index Only Scan using char_name_pkey on char_name chn  (cost=0.00..2.00 rows=1 width=4) (actual time=0.003..0.003 rows=1 loops=115)
                                            Index Cond: (id = ci.person_role_id)
                                            Heap Fetches: 102
                                ->  Index Scan using role_type_pkey on role_type rt  (cost=0.00..2.00 rows=1 width=4) (actual time=0.001..0.001 rows=1 loops=102)
                                      Index Cond: (id = ci.role_id)
                                      Filter: ((role)::text = 'actress'::text)
                          ->  Index Scan using movie_id_movie_info on movie_info mi  (cost=0.00..84.00 rows=1 width=8) (actual time=0.008..0.019 rows=1 loops=102)
                                Index Cond: (movie_id = t.id)
                                Filter: ((info IS NOT NULL) AND ((info ~~ 'Japan:%200%'::text) OR (info ~~ 'USA:%200%'::text)))
                                Rows Removed by Filter: 46
                    ->  Index Scan using info_type_pkey on info_type it  (cost=0.00..2.00 rows=1 width=4) (actual time=0.001..0.001 rows=1 loops=89)
                          Index Cond: (id = mi.info_type_id)
                          Filter: ((info)::text = 'release dates'::text)
              ->  Index Scan using movie_id_movie_companies on movie_companies mc  (cost=0.00..10.00 rows=1 width=8) (actual time=0.005..0.008 rows=2 loops=89)
                    Index Cond: (movie_id = t.id)
                    Filter: ((note IS NOT NULL) AND ((note ~~ '%(USA)%'::text) OR (note ~~ '%(worldwide)%'::text)))
                    Rows Removed by Filter: 11
        ->  Index Scan using company_name_pkey on company_name cn  (cost=0.00..2.00 rows=1 width=4) (actual time=0.002..0.002 rows=1 loops=194)
              Index Cond: (id = mc.company_id)
              Filter: ((country_code)::text = '[us]'::text)
              Rows Removed by Filter: 0
Planning time: 11.863 ms
Execution time: 1667.330 ms
