Aggregate  (cost=480287.00..480288.00 rows=1 width=64) (actual time=6308.046..6308.047 rows=1 loops=1)
  ->  Nested Loop  (cost=0.00..480287.00 rows=1 width=32) (actual time=588.665..6307.940 rows=184 loops=1)
        ->  Nested Loop  (cost=0.00..480283.00 rows=1 width=36) (actual time=588.660..6307.671 rows=184 loops=1)
              ->  Nested Loop  (cost=0.00..480281.00 rows=1 width=40) (actual time=588.649..6307.171 rows=189 loops=1)
                    ->  Nested Loop  (cost=0.00..480275.00 rows=1 width=48) (actual time=588.636..6306.539 rows=170 loops=1)
                          ->  Nested Loop  (cost=0.00..479599.00 rows=338 width=29) (actual time=1.637..6003.768 rows=130077 loops=1)
                                ->  Nested Loop  (cost=0.00..450764.00 rows=395 width=29) (actual time=0.041..2710.825 rows=116277 loops=1)
                                      ->  Nested Loop  (cost=0.00..448576.00 rows=1094 width=33) (actual time=0.038..2431.489 rows=124224 loops=1)
                                            ->  Nested Loop  (cost=0.00..438599.00 rows=907 width=25) (actual time=0.033..1763.051 rows=298255 loops=1)
                                                  ->  Nested Loop  (cost=0.00..430615.00 rows=3992 width=4) (actual time=0.028..801.681 rows=451039 loops=1)
                                                        ->  Seq Scan on info_type it  (cost=0.00..113.00 rows=1 width=4) (actual time=0.010..0.018 rows=1 loops=1)
                                                              Filter: ((info)::text = 'release dates'::text)
                                                              Rows Removed by Filter: 112
                                                        ->  Index Scan using info_type_id_movie_info on movie_info mi  (cost=0.00..423878.00 rows=6624 width=8) (actual time=0.016..756.654 rows=451039 loops=1)
                                                              Index Cond: (info_type_id = it.id)
                                                              Filter: ((info IS NOT NULL) AND ((info ~~ 'Japan:%200%'::text) OR (info ~~ 'USA:%200%'::text)))
                                                              Rows Removed by Filter: 2585680
                                                  ->  Index Scan using title_pkey on title t  (cost=0.00..2.00 rows=1 width=21) (actual time=0.002..0.002 rows=1 loops=451039)
                                                        Index Cond: (id = mi.movie_id)
                                                        Filter: ((production_year >= 2005) AND (production_year <= 2009))
                                                        Rows Removed by Filter: 0
                                            ->  Index Scan using movie_id_movie_companies on movie_companies mc  (cost=0.00..10.00 rows=1 width=8) (actual time=0.002..0.002 rows=0 loops=298255)
                                                  Index Cond: (movie_id = t.id)
                                                  Filter: ((note IS NOT NULL) AND ((note ~~ '%(USA)%'::text) OR (note ~~ '%(worldwide)%'::text)))
                                                  Rows Removed by Filter: 1
                                      ->  Index Scan using company_name_pkey on company_name cn  (cost=0.00..2.00 rows=1 width=4) (actual time=0.002..0.002 rows=1 loops=124224)
                                            Index Cond: (id = mc.company_id)
                                            Filter: ((country_code)::text = '[us]'::text)
                                            Rows Removed by Filter: 0
                                ->  Index Scan using movie_id_cast_info on cast_info ci  (cost=0.00..72.00 rows=1 width=16) (actual time=0.023..0.028 rows=1 loops=116277)
                                      Index Cond: (movie_id = t.id)
                                      Filter: (note = ANY ('{(voice),"(voice: Japanese version)","(voice) (uncredited)","(voice: English version)"}'::text[]))
                                      Rows Removed by Filter: 46
                          ->  Index Scan using name_pkey on name n  (cost=0.00..2.00 rows=1 width=19) (actual time=0.002..0.002 rows=0 loops=130077)
                                Index Cond: (id = ci.person_id)
                                Filter: ((name ~~ '%Ang%'::text) AND ((gender)::text = 'f'::text))
                                Rows Removed by Filter: 1
                    ->  Index Only Scan using person_id_aka_name on aka_name an  (cost=0.00..4.00 rows=2 width=4) (actual time=0.003..0.003 rows=1 loops=170)
                          Index Cond: (person_id = n.id)
                          Heap Fetches: 189
              ->  Index Only Scan using char_name_pkey on char_name chn  (cost=0.00..2.00 rows=1 width=4) (actual time=0.002..0.002 rows=1 loops=189)
                    Index Cond: (id = ci.person_role_id)
                    Heap Fetches: 184
        ->  Index Scan using role_type_pkey on role_type rt  (cost=0.00..2.00 rows=1 width=4) (actual time=0.001..0.001 rows=1 loops=184)
              Index Cond: (id = ci.role_id)
              Filter: ((role)::text = 'actress'::text)
Planning time: 11.600 ms
Execution time: 6308.130 ms
