Aggregate  (cost=425343.50..425344.50 rows=1 width=64) (actual time=873.332..873.332 rows=1 loops=1)
  ->  Nested Loop  (cost=0.00..425343.50 rows=1 width=32) (actual time=656.406..873.321 rows=15 loops=1)
        ->  Nested Loop  (cost=0.00..425339.50 rows=1 width=36) (actual time=656.400..873.301 rows=15 loops=1)
              ->  Nested Loop  (cost=0.00..425337.50 rows=1 width=29) (actual time=654.399..872.717 rows=275 loops=1)
                    ->  Nested Loop  (cost=0.00..425335.50 rows=1 width=33) (actual time=654.388..872.233 rows=275 loops=1)
                          ->  Nested Loop  (cost=0.00..425324.50 rows=1 width=41) (actual time=654.366..870.854 rows=161 loops=1)
                                ->  Nested Loop  (cost=0.00..425322.50 rows=1 width=45) (actual time=654.356..870.453 rows=170 loops=1)
                                      ->  Nested Loop  (cost=0.00..425316.50 rows=1 width=41) (actual time=654.345..870.127 rows=69 loops=1)
                                            ->  Nested Loop  (cost=0.00..425243.50 rows=1 width=25) (actual time=57.842..869.695 rows=6 loops=1)
                                                  ->  Nested Loop  (cost=0.00..424013.00 rows=615 width=4) (actual time=0.199..712.513 rows=69478 loops=1)
                                                        ->  Seq Scan on info_type it  (cost=0.00..113.00 rows=1 width=4) (actual time=0.009..0.019 rows=1 loops=1)
                                                              Filter: ((info)::text = 'release dates'::text)
                                                              Rows Removed by Filter: 112
                                                        ->  Index Scan using info_type_id_movie_info on movie_info mi  (cost=0.00..423878.00 rows=22 width=8) (actual time=0.189..705.880 rows=69478 loops=1)
                                                              Index Cond: (info_type_id = it.id)
                                                              Filter: ((info IS NOT NULL) AND ((info ~~ 'Japan:%2007%'::text) OR (info ~~ 'USA:%2008%'::text)))
                                                              Rows Removed by Filter: 2967241
                                                  ->  Index Scan using title_pkey on title t  (cost=0.00..2.00 rows=1 width=21) (actual time=0.002..0.002 rows=0 loops=69478)
                                                        Index Cond: (id = mi.movie_id)
                                                        Filter: ((production_year >= 2007) AND (production_year <= 2008) AND (title ~~ '%Kung%Fu%Panda%'::text))
                                                        Rows Removed by Filter: 1
                                            ->  Index Scan using movie_id_cast_info on cast_info ci  (cost=0.00..72.00 rows=1 width=16) (actual time=0.019..0.069 rows=12 loops=6)
                                                  Index Cond: (movie_id = t.id)
                                                  Filter: (note = '(voice)'::text)
                                                  Rows Removed by Filter: 42
                                      ->  Index Only Scan using person_id_aka_name on aka_name an  (cost=0.00..4.00 rows=2 width=4) (actual time=0.003..0.004 rows=2 loops=69)
                                            Index Cond: (person_id = ci.person_id)
                                            Heap Fetches: 170
                                ->  Index Only Scan using char_name_pkey on char_name chn  (cost=0.00..2.00 rows=1 width=4) (actual time=0.002..0.002 rows=1 loops=170)
                                      Index Cond: (id = ci.person_role_id)
                                      Heap Fetches: 161
                          ->  Index Scan using movie_id_movie_companies on movie_companies mc  (cost=0.00..10.00 rows=1 width=8) (actual time=0.005..0.008 rows=2 loops=161)
                                Index Cond: (movie_id = t.id)
                                Filter: ((note ~~ '%(200%)%'::text) AND ((note ~~ '%(USA)%'::text) OR (note ~~ '%(worldwide)%'::text)))
                                Rows Removed by Filter: 16
                    ->  Index Scan using company_name_pkey on company_name cn  (cost=0.00..2.00 rows=1 width=4) (actual time=0.001..0.001 rows=1 loops=275)
                          Index Cond: (id = mc.company_id)
                          Filter: ((country_code)::text = '[us]'::text)
              ->  Index Scan using name_pkey on name n  (cost=0.00..2.00 rows=1 width=19) (actual time=0.002..0.002 rows=0 loops=275)
                    Index Cond: (id = ci.person_id)
                    Filter: ((name ~~ '%Angel%'::text) AND ((gender)::text = 'f'::text))
                    Rows Removed by Filter: 1
        ->  Index Scan using role_type_pkey on role_type rt  (cost=0.00..2.00 rows=1 width=4) (actual time=0.001..0.001 rows=1 loops=15)
              Index Cond: (id = ci.role_id)
              Filter: ((role)::text = 'actress'::text)
Planning time: 11.715 ms
Execution time: 873.421 ms
