Aggregate  (cost=5282117.00..5282118.00 rows=1 width=64) (actual time=16694.389..16694.389 rows=1 loops=1)
  ->  Nested Loop  (cost=4431155.00..5282117.00 rows=4 width=32) (actual time=3330.432..16692.340 rows=3575 loops=1)
        ->  Nested Loop  (cost=4431155.00..5282099.00 rows=3 width=40) (actual time=3330.422..16681.670 rows=2632 loops=1)
              ->  Nested Loop  (cost=4431155.00..5282093.00 rows=3 width=44) (actual time=3330.409..16670.122 rows=2830 loops=1)
                    ->  Hash Join  (cost=4431155.00..5281679.00 rows=207 width=25) (actual time=3286.870..16338.593 rows=132216 loops=1)
                          Hash Cond: (ci.role_id = rt.id)
                          ->  Nested Loop  (cost=4431142.00..5279386.00 rows=2487 width=29) (actual time=3285.062..16285.266 rows=436929 loops=1)
                                ->  Merge Join  (cost=4431142.00..4904677.00 rows=5133 width=29) (actual time=3284.479..3567.389 rows=391371 loops=1)
                                      Merge Cond: (mc.company_id = cn.id)
                                      ->  Sort  (cost=4196145.00..4196145.00 rows=1311591 width=33) (actual time=3238.790..3356.442 rows=804282 loops=1)
                                            Sort Key: mc.company_id
                                            Sort Method: quicksort  Memory: 92045kB
                                            ->  Merge Join  (cost=3941822.00..4196145.00 rows=1311591 width=33) (actual time=2605.229..3042.818 rows=804282 loops=1)
                                                  Merge Cond: (t.id = mc.movie_id)
                                                  ->  Sort  (cost=1332693.00..1332693.00 rows=246445 width=25) (actual time=1789.442..1808.861 rows=424568 loops=1)
                                                        Sort Key: mi.movie_id
                                                        Sort Method: quicksort  Memory: 45123kB
                                                        ->  Nested Loop  (cost=0.00..1332693.00 rows=246445 width=25) (actual time=0.034..1667.712 rows=424568 loops=1)
                                                              ->  Nested Loop  (cost=0.00..430615.00 rows=451039 width=4) (actual time=0.026..794.164 rows=451039 loops=1)
                                                                    ->  Seq Scan on info_type it  (cost=0.00..113.00 rows=1 width=4) (actual time=0.007..0.015 rows=1 loops=1)
                                                                          Filter: ((info)::text = 'release dates'::text)
                                                                          Rows Removed by Filter: 112
                                                                    ->  Index Scan using info_type_id_movie_info on movie_info mi  (cost=0.00..423878.00 rows=6624 width=8) (actual time=0.019..748.931 rows=451039 loops=1)
                                                                          Index Cond: (info_type_id = it.id)
                                                                          Filter: ((info IS NOT NULL) AND ((info ~~ 'Japan:%200%'::text) OR (info ~~ 'USA:%200%'::text)))
                                                                          Rows Removed by Filter: 2585680
                                                              ->  Index Scan using title_pkey on title t  (cost=0.00..2.00 rows=1 width=21) (actual time=0.002..0.002 rows=1 loops=451039)
                                                                    Index Cond: (id = mi.movie_id)
                                                                    Filter: (production_year > 2000)
                                                                    Rows Removed by Filter: 0
                                                  ->  Sort  (cost=2609129.00..2609129.00 rows=2609129 width=8) (actual time=815.780..953.521 rows=2948964 loops=1)
                                                        Sort Key: mc.movie_id
                                                        Sort Method: quicksort  Memory: 220607kB
                                                        ->  Seq Scan on movie_companies mc  (cost=0.00..2609129.00 rows=2609129 width=8) (actual time=0.013..281.682 rows=2609129 loops=1)
                                      ->  Sort  (cost=234997.00..234997.00 rows=84843 width=4) (actual time=45.682..61.507 rows=84843 loops=1)
                                            Sort Key: cn.id
                                            Sort Method: quicksort  Memory: 7050kB
                                            ->  Seq Scan on company_name cn  (cost=0.00..234997.00 rows=84843 width=4) (actual time=0.016..28.541 rows=84843 loops=1)
                                                  Filter: ((country_code)::text = '[us]'::text)
                                                  Rows Removed by Filter: 150154
                                ->  Index Scan using movie_id_cast_info on cast_info ci  (cost=0.00..72.00 rows=1 width=16) (actual time=0.027..0.032 rows=1 loops=391371)
                                      Index Cond: (movie_id = t.id)
                                      Filter: (note = ANY ('{(voice),"(voice: Japanese version)","(voice) (uncredited)","(voice: English version)"}'::text[]))
                                      Rows Removed by Filter: 48
                          ->  Hash  (cost=12.00..12.00 rows=1 width=4) (actual time=0.013..0.013 rows=1 loops=1)
                                Buckets: 1024  Batches: 1  Memory Usage: 9kB
                                ->  Seq Scan on role_type rt  (cost=0.00..12.00 rows=1 width=4) (actual time=0.010..0.011 rows=1 loops=1)
                                      Filter: ((role)::text = 'actress'::text)
                                      Rows Removed by Filter: 11
                    ->  Index Scan using name_pkey on name n  (cost=0.00..2.00 rows=1 width=19) (actual time=0.002..0.002 rows=0 loops=132216)
                          Index Cond: (id = ci.person_id)
                          Filter: ((name ~~ '%An%'::text) AND ((gender)::text = 'f'::text))
                          Rows Removed by Filter: 1
              ->  Index Only Scan using char_name_pkey on char_name chn  (cost=0.00..2.00 rows=1 width=4) (actual time=0.003..0.003 rows=1 loops=2830)
                    Index Cond: (id = ci.person_role_id)
                    Heap Fetches: 2632
        ->  Index Only Scan using person_id_aka_name on aka_name an  (cost=0.00..4.00 rows=2 width=4) (actual time=0.003..0.003 rows=1 loops=2632)
              Index Cond: (person_id = n.id)
              Heap Fetches: 3575
Planning time: 11.993 ms
Execution time: 16698.671 ms
