Aggregate  (cost=7543507.00..7543508.00 rows=1 width=64) (actual time=1822.533..1822.533 rows=1 loops=1)
  ->  Nested Loop  (cost=0.00..7543507.00 rows=187 width=32) (actual time=18.153..1821.468 rows=3575 loops=1)
        ->  Nested Loop  (cost=0.00..7533493.00 rows=1669 width=40) (actual time=4.702..1815.238 rows=2632 loops=1)
              ->  Nested Loop  (cost=0.00..7528206.00 rows=2632 width=44) (actual time=4.695..1811.829 rows=2632 loops=1)
                    ->  Nested Loop  (cost=0.00..7313496.00 rows=2526 width=52) (actual time=4.672..1757.195 rows=2526 loops=1)
                          ->  Nested Loop  (cost=0.00..7298274.00 rows=7611 width=56) (actual time=4.663..1733.598 rows=7611 loops=1)
                                ->  Nested Loop  (cost=0.00..7248039.00 rows=3349 width=48) (actual time=4.653..1719.727 rows=3349 loops=1)
                                      ->  Nested Loop  (cost=0.00..7240667.00 rows=3686 width=52) (actual time=4.643..1708.589 rows=3686 loops=1)
                                            ->  Nested Loop  (cost=0.00..7227563.00 rows=6552 width=31) (actual time=4.632..1683.884 rows=6552 loops=1)
                                                  ->  Nested Loop  (cost=0.00..6675231.00 rows=276166 width=12) (actual time=0.128..1231.497 rows=276166 loops=1)
                                                        ->  Seq Scan on role_type rt  (cost=0.00..12.00 rows=1 width=4) (actual time=0.011..0.014 rows=1 loops=1)
                                                              Filter: ((role)::text = 'actress'::text)
                                                              Rows Removed by Filter: 11
                                                        ->  Index Scan using role_id_cast_info on cast_info ci  (cost=0.00..6589880.00 rows=85339 width=16) (actual time=0.116..1203.563 rows=276166 loops=1)
                                                              Index Cond: (role_id = rt.id)
                                                              Filter: (note = ANY ('{(voice),"(voice: Japanese version)","(voice) (uncredited)","(voice: English version)"}'::text[]))
                                                              Rows Removed by Filter: 7175807
                                                  ->  Index Scan using name_pkey on name n  (cost=0.00..2.00 rows=1 width=19) (actual time=0.001..0.001 rows=0 loops=276166)
                                                        Index Cond: (id = ci.person_id)
                                                        Filter: ((name ~~ '%An%'::text) AND ((gender)::text = 'f'::text))
                                                        Rows Removed by Filter: 1
                                            ->  Index Scan using title_pkey on title t  (cost=0.00..2.00 rows=1 width=21) (actual time=0.003..0.003 rows=1 loops=6552)
                                                  Index Cond: (id = ci.movie_id)
                                                  Filter: (production_year > 2000)
                                                  Rows Removed by Filter: 0
                                      ->  Index Only Scan using char_name_pkey on char_name chn  (cost=0.00..2.00 rows=1 width=4) (actual time=0.003..0.003 rows=1 loops=3686)
                                            Index Cond: (id = ci.person_role_id)
                                            Heap Fetches: 3349
                                ->  Index Scan using movie_id_movie_companies on movie_companies mc  (cost=0.00..10.00 rows=5 width=8) (actual time=0.003..0.004 rows=2 loops=3349)
                                      Index Cond: (movie_id = t.id)
                          ->  Index Scan using company_name_pkey on company_name cn  (cost=0.00..2.00 rows=1 width=4) (actual time=0.003..0.003 rows=0 loops=7611)
                                Index Cond: (id = mc.company_id)
                                Filter: ((country_code)::text = '[us]'::text)
                                Rows Removed by Filter: 1
                    ->  Index Scan using movie_id_movie_info on movie_info mi  (cost=0.00..84.00 rows=1 width=8) (actual time=0.011..0.021 rows=1 loops=2526)
                          Index Cond: (movie_id = t.id)
                          Filter: ((info IS NOT NULL) AND ((info ~~ 'Japan:%200%'::text) OR (info ~~ 'USA:%200%'::text)))
                          Rows Removed by Filter: 61
              ->  Index Scan using info_type_pkey on info_type it  (cost=0.00..2.00 rows=1 width=4) (actual time=0.001..0.001 rows=1 loops=2632)
                    Index Cond: (id = mi.info_type_id)
                    Filter: ((info)::text = 'release dates'::text)
        ->  Index Only Scan using person_id_aka_name on aka_name an  (cost=0.00..4.00 rows=2 width=4) (actual time=0.002..0.002 rows=1 loops=2632)
              Index Cond: (person_id = n.id)
              Heap Fetches: 3575
Planning time: 12.069 ms
Execution time: 1822.637 ms
