Aggregate  (cost=7975900.00..7975901.00 rows=1 width=64) (actual time=15244.861..15244.861 rows=1 loops=1)
  ->  Nested Loop  (cost=7286150.00..7975900.00 rows=2297 width=32) (actual time=2426.908..14859.390 rows=1760645 loops=1)
        ->  Nested Loop  (cost=7286150.00..7963330.00 rows=2095 width=40) (actual time=2426.108..13120.677 rows=787043 loops=1)
              ->  Nested Loop  (cost=7286150.00..7960184.00 rows=1573 width=44) (actual time=2426.099..11639.002 rows=880631 loops=1)
                    ->  Nested Loop  (cost=7286150.00..7951474.00 rows=4355 width=48) (actual time=2426.075..5454.646 rows=3671284 loops=1)
                          ->  Hash Join  (cost=7286150.00..7937179.00 rows=953 width=56) (actual time=2426.063..3804.829 rows=371543 loops=1)
                                Hash Cond: (mi.movie_id = t.id)
                                ->  Nested Loop  (cost=0.00..635930.00 rows=3036719 width=4) (actual time=0.023..820.602 rows=3036719 loops=1)
                                      ->  Seq Scan on info_type it  (cost=0.00..113.00 rows=1 width=4) (actual time=0.009..0.017 rows=1 loops=1)
                                            Filter: ((info)::text = 'release dates'::text)
                                            Rows Removed by Filter: 112
                                      ->  Index Scan using info_type_id_movie_info on movie_info mi  (cost=0.00..423878.00 rows=211939 width=8) (actual time=0.013..509.981 rows=3036719 loops=1)
                                            Index Cond: (info_type_id = it.id)
                                ->  Hash  (cost=7273579.00..7273579.00 rows=12571 width=52) (actual time=2425.982..2425.982 rows=168264 loops=1)
                                      Buckets: 262144 (originally 16384)  Batches: 1 (originally 1)  Memory Usage: 17527kB
                                      ->  Nested Loop  (cost=0.00..7273579.00 rows=12571 width=52) (actual time=0.332..2374.621 rows=168264 loops=1)
                                            ->  Nested Loop  (cost=0.00..7227563.00 rows=23008 width=31) (actual time=0.119..1669.327 rows=276005 loops=1)
                                                  ->  Nested Loop  (cost=0.00..6675231.00 rows=276166 width=12) (actual time=0.111..1225.198 rows=276166 loops=1)
                                                        ->  Seq Scan on role_type rt  (cost=0.00..12.00 rows=1 width=4) (actual time=0.003..0.006 rows=1 loops=1)
                                                              Filter: ((role)::text = 'actress'::text)
                                                              Rows Removed by Filter: 11
                                                        ->  Index Scan using role_id_cast_info on cast_info ci  (cost=0.00..6589880.00 rows=85339 width=16) (actual time=0.107..1196.466 rows=276166 loops=1)
                                                              Index Cond: (role_id = rt.id)
                                                              Filter: (note = ANY ('{(voice),"(voice: Japanese version)","(voice) (uncredited)","(voice: English version)"}'::text[]))
                                                              Rows Removed by Filter: 7175807
                                                  ->  Index Scan using name_pkey on name n  (cost=0.00..2.00 rows=1 width=19) (actual time=0.001..0.001 rows=1 loops=276166)
                                                        Index Cond: (id = ci.person_id)
                                                        Filter: ((gender)::text = 'f'::text)
                                                        Rows Removed by Filter: 0
                                            ->  Index Scan using title_pkey on title t  (cost=0.00..2.00 rows=1 width=21) (actual time=0.002..0.002 rows=1 loops=276005)
                                                  Index Cond: (id = ci.movie_id)
                                                  Filter: (production_year > 2000)
                                                  Rows Removed by Filter: 0
                          ->  Index Scan using movie_id_movie_companies on movie_companies mc  (cost=0.00..10.00 rows=5 width=8) (actual time=0.001..0.003 rows=10 loops=371543)
                                Index Cond: (movie_id = t.id)
                    ->  Index Scan using company_name_pkey on company_name cn  (cost=0.00..2.00 rows=1 width=4) (actual time=0.001..0.001 rows=0 loops=3671284)
                          Index Cond: (id = mc.company_id)
                          Filter: ((country_code)::text = '[us]'::text)
                          Rows Removed by Filter: 1
              ->  Index Only Scan using char_name_pkey on char_name chn  (cost=0.00..2.00 rows=1 width=4) (actual time=0.001..0.001 rows=1 loops=880631)
                    Index Cond: (id = ci.person_role_id)
                    Heap Fetches: 787043
        ->  Index Only Scan using person_id_aka_name on aka_name an  (cost=0.00..4.00 rows=2 width=4) (actual time=0.001..0.002 rows=2 loops=787043)
              Index Cond: (person_id = n.id)
              Heap Fetches: 1760645
Planning time: 11.805 ms
Execution time: 15245.000 ms
