Aggregate  (cost=11669432.00..11669433.00 rows=1 width=64) (actual time=6241.184..6241.184 rows=1 loops=1)
  ->  Nested Loop  (cost=10594010.00..11669432.00 rows=112959 width=32) (actual time=3055.189..5886.371 rows=1760645 loops=1)
        ->  Hash Join  (cost=10594010.00..11346830.00 rows=53767 width=40) (actual time=3054.584..4383.629 rows=787043 loops=1)
              Hash Cond: (mi.movie_id = t.id)
              ->  Nested Loop  (cost=0.00..635930.00 rows=3036719 width=4) (actual time=0.027..805.227 rows=3036719 loops=1)
                    ->  Seq Scan on info_type it  (cost=0.00..113.00 rows=1 width=4) (actual time=0.010..0.018 rows=1 loops=1)
                          Filter: ((info)::text = 'release dates'::text)
                          Rows Removed by Filter: 112
                    ->  Index Scan using info_type_id_movie_info on movie_info mi  (cost=0.00..423878.00 rows=211939 width=8) (actual time=0.015..503.444 rows=3036719 loops=1)
                          Index Cond: (info_type_id = it.id)
              ->  Hash  (cost=10496690.00..10496690.00 rows=97320 width=52) (actual time=3054.366..3054.366 rows=97320 loops=1)
                    Buckets: 131072  Batches: 1  Memory Usage: 9935kB
                    ->  Nested Loop  (cost=9988665.00..10496690.00 rows=97320 width=52) (actual time=2469.589..3027.370 rows=97320 loops=1)
                          ->  Nested Loop  (cost=9988665.00..10301918.00 rows=97386 width=33) (actual time=2469.569..2799.706 rows=97386 loops=1)
                                ->  Merge Join  (cost=9988665.00..10093136.00 rows=104391 width=37) (actual time=2469.552..2570.528 rows=104391 loops=1)
                                      Merge Cond: (mc.company_id = cn.id)
                                      ->  Sort  (cost=9753668.00..9753668.00 rows=289362 width=41) (actual time=2424.093..2460.763 rows=289362 loops=1)
                                            Sort Key: mc.company_id
                                            Sort Method: quicksort  Memory: 40876kB
                                            ->  Nested Loop  (cost=0.00..9753668.00 rows=289362 width=41) (actual time=0.315..2334.491 rows=289362 loops=1)
                                                  ->  Nested Loop  (cost=0.00..7227563.00 rows=168407 width=33) (actual time=0.307..1913.164 rows=168407 loops=1)
                                                        ->  Nested Loop  (cost=0.00..6675231.00 rows=276166 width=12) (actual time=0.111..1223.302 rows=276166 loops=1)
                                                              ->  Seq Scan on role_type rt  (cost=0.00..12.00 rows=1 width=4) (actual time=0.003..0.006 rows=1 loops=1)
                                                                    Filter: ((role)::text = 'actress'::text)
                                                                    Rows Removed by Filter: 11
                                                              ->  Index Scan using role_id_cast_info on cast_info ci  (cost=0.00..6589880.00 rows=85339 width=16) (actual time=0.108..1195.444 rows=276166 loops=1)
                                                                    Index Cond: (role_id = rt.id)
                                                                    Filter: (note = ANY ('{(voice),"(voice: Japanese version)","(voice) (uncredited)","(voice: English version)"}'::text[]))
                                                                    Rows Removed by Filter: 7175807
                                                        ->  Index Scan using title_pkey on title t  (cost=0.00..2.00 rows=1 width=21) (actual time=0.002..0.002 rows=1 loops=276166)
                                                              Index Cond: (id = ci.movie_id)
                                                              Filter: (production_year > 2000)
                                                              Rows Removed by Filter: 0
                                                  ->  Index Scan using movie_id_movie_companies on movie_companies mc  (cost=0.00..10.00 rows=5 width=8) (actual time=0.002..0.002 rows=2 loops=168407)
                                                        Index Cond: (movie_id = t.id)
                                      ->  Sort  (cost=234997.00..234997.00 rows=84843 width=4) (actual time=45.452..56.294 rows=84843 loops=1)
                                            Sort Key: cn.id
                                            Sort Method: quicksort  Memory: 7050kB
                                            ->  Seq Scan on company_name cn  (cost=0.00..234997.00 rows=84843 width=4) (actual time=0.011..28.088 rows=84843 loops=1)
                                                  Filter: ((country_code)::text = '[us]'::text)
                                                  Rows Removed by Filter: 150154
                                ->  Index Only Scan using char_name_pkey on char_name chn  (cost=0.00..2.00 rows=1 width=4) (actual time=0.002..0.002 rows=1 loops=104391)
                                      Index Cond: (id = ci.person_role_id)
                                      Heap Fetches: 97386
                          ->  Index Scan using name_pkey on name n  (cost=0.00..2.00 rows=1 width=19) (actual time=0.002..0.002 rows=1 loops=97386)
                                Index Cond: (id = ci.person_id)
                                Filter: ((gender)::text = 'f'::text)
                                Rows Removed by Filter: 0
        ->  Index Only Scan using person_id_aka_name on aka_name an  (cost=0.00..4.00 rows=2 width=4) (actual time=0.001..0.002 rows=2 loops=787043)
              Index Cond: (person_id = n.id)
              Heap Fetches: 1760645
Planning time: 11.725 ms
Execution time: 6241.307 ms
