Aggregate  (cost=6225453.00..6225454.00 rows=1 width=64) (actual time=49909.579..49909.579 rows=1 loops=1)
  ->  Nested Loop  (cost=13.00..6225453.00 rows=2737 width=32) (actual time=17.806..49520.332 rows=1760645 loops=1)
        ->  Nested Loop  (cost=13.00..6218835.00 rows=1103 width=40) (actual time=1.429..47721.976 rows=787043 loops=1)
              ->  Nested Loop  (cost=13.00..6212725.00 rows=3055 width=44) (actual time=1.417..42204.583 rows=3229056 loops=1)
                    ->  Nested Loop  (cost=13.00..6204115.00 rows=574 width=52) (actual time=1.411..40678.529 rows=341836 loops=1)
                          ->  Nested Loop  (cost=13.00..6201755.00 rows=1180 width=56) (actual time=1.405..39860.814 rows=371543 loops=1)
                                ->  Hash Join  (cost=13.00..6191523.00 rows=5116 width=37) (actual time=1.397..38954.551 rows=371852 loops=1)
                                      Hash Cond: (ci.role_id = rt.id)
                                      ->  Nested Loop  (cost=0.00..6135238.00 rows=61388 width=41) (actual time=1.382..38795.024 rows=1170967 loops=1)
                                            ->  Nested Loop  (cost=0.00..898510.00 rows=71736 width=25) (actual time=0.034..7220.860 rows=1798330 loops=1)
                                                  ->  Nested Loop  (cost=0.00..635930.00 rows=131290 width=4) (actual time=0.025..1038.162 rows=3036719 loops=1)
                                                        ->  Seq Scan on info_type it  (cost=0.00..113.00 rows=1 width=4) (actual time=0.009..0.018 rows=1 loops=1)
                                                              Filter: ((info)::text = 'release dates'::text)
                                                              Rows Removed by Filter: 112
                                                        ->  Index Scan using info_type_id_movie_info on movie_info mi  (cost=0.00..423878.00 rows=211939 width=8) (actual time=0.015..671.140 rows=3036719 loops=1)
                                                              Index Cond: (info_type_id = it.id)
                                                  ->  Index Scan using title_pkey on title t  (cost=0.00..2.00 rows=1 width=21) (actual time=0.002..0.002 rows=1 loops=3036719)
                                                        Index Cond: (id = mi.movie_id)
                                                        Filter: (production_year > 2000)
                                                        Rows Removed by Filter: 0
                                            ->  Index Scan using movie_id_cast_info on cast_info ci  (cost=0.00..72.00 rows=1 width=16) (actual time=0.015..0.017 rows=1 loops=1798330)
                                                  Index Cond: (movie_id = t.id)
                                                  Filter: (note = ANY ('{(voice),"(voice: Japanese version)","(voice) (uncredited)","(voice: English version)"}'::text[]))
                                                  Rows Removed by Filter: 30
                                      ->  Hash  (cost=12.00..12.00 rows=1 width=4) (actual time=0.008..0.008 rows=1 loops=1)
                                            Buckets: 1024  Batches: 1  Memory Usage: 9kB
                                            ->  Seq Scan on role_type rt  (cost=0.00..12.00 rows=1 width=4) (actual time=0.005..0.006 rows=1 loops=1)
                                                  Filter: ((role)::text = 'actress'::text)
                                                  Rows Removed by Filter: 11
                                ->  Index Scan using name_pkey on name n  (cost=0.00..2.00 rows=1 width=19) (actual time=0.002..0.002 rows=1 loops=371852)
                                      Index Cond: (id = ci.person_id)
                                      Filter: ((gender)::text = 'f'::text)
                                      Rows Removed by Filter: 0
                          ->  Index Only Scan using char_name_pkey on char_name chn  (cost=0.00..2.00 rows=1 width=4) (actual time=0.002..0.002 rows=1 loops=371543)
                                Index Cond: (id = ci.person_role_id)
                                Heap Fetches: 341836
                    ->  Index Scan using movie_id_movie_companies on movie_companies mc  (cost=0.00..10.00 rows=5 width=8) (actual time=0.002..0.003 rows=9 loops=341836)
                          Index Cond: (movie_id = t.id)
              ->  Index Scan using company_name_pkey on company_name cn  (cost=0.00..2.00 rows=1 width=4) (actual time=0.002..0.002 rows=0 loops=3229056)
                    Index Cond: (id = mc.company_id)
                    Filter: ((country_code)::text = '[us]'::text)
                    Rows Removed by Filter: 1
        ->  Index Only Scan using person_id_aka_name on aka_name an  (cost=0.00..4.00 rows=2 width=4) (actual time=0.001..0.002 rows=2 loops=787043)
              Index Cond: (person_id = n.id)
              Heap Fetches: 1760645
Planning time: 11.706 ms
Execution time: 49909.665 ms
