Aggregate  (cost=8606903.00..8606904.00 rows=1 width=64) (actual time=18476.725..18476.725 rows=1 loops=1)
  ->  Nested Loop  (cost=8200307.00..8606903.00 rows=3459 width=32) (actual time=3583.267..18076.476 rows=1760645 loops=1)
        ->  Nested Loop  (cost=8200307.00..8587741.00 rows=9581 width=36) (actual time=3583.149..8309.308 rows=6023690 loops=1)
              ->  Nested Loop  (cost=8200307.00..8554756.00 rows=2199 width=44) (actual time=3583.140..5604.469 rows=702993 loops=1)
                    ->  Nested Loop  (cost=8200307.00..8452324.00 rows=17072 width=52) (actual time=3582.998..4787.294 rows=341836 loops=1)
                          ->  Merge Join  (cost=8200307.00..8402406.00 rows=24959 width=56) (actual time=3582.982..4079.169 rows=371543 loops=1)
                                Merge Cond: (mi.movie_id = t.id)
                                ->  Sort  (cost=635930.00..635930.00 rows=3036719 width=4) (actual time=1321.420..1493.037 rows=3036577 loops=1)
                                      Sort Key: mi.movie_id
                                      Sort Method: quicksort  Memory: 240651kB
                                      ->  Nested Loop  (cost=0.00..635930.00 rows=3036719 width=4) (actual time=0.027..733.100 rows=3036719 loops=1)
                                            ->  Seq Scan on info_type it  (cost=0.00..113.00 rows=1 width=4) (actual time=0.010..0.019 rows=1 loops=1)
                                                  Filter: ((info)::text = 'release dates'::text)
                                                  Rows Removed by Filter: 112
                                            ->  Index Scan using info_type_id_movie_info on movie_info mi  (cost=0.00..423878.00 rows=211939 width=8) (actual time=0.016..434.570 rows=3036719 loops=1)
                                                  Index Cond: (info_type_id = it.id)
                                ->  Sort  (cost=7564377.00..7564377.00 rows=168264 width=52) (actual time=2261.545..2291.300 rows=374947 loops=1)
                                      Sort Key: ci.movie_id
                                      Sort Method: quicksort  Memory: 28019kB
                                      ->  Nested Loop  (cost=0.00..7564377.00 rows=168264 width=52) (actual time=0.345..2200.419 rows=168264 loops=1)
                                            ->  Nested Loop  (cost=0.00..7227563.00 rows=168407 width=33) (actual time=0.336..1918.179 rows=168407 loops=1)
                                                  ->  Nested Loop  (cost=0.00..6675231.00 rows=276166 width=12) (actual time=0.137..1227.104 rows=276166 loops=1)
                                                        ->  Seq Scan on role_type rt  (cost=0.00..12.00 rows=1 width=4) (actual time=0.011..0.014 rows=1 loops=1)
                                                              Filter: ((role)::text = 'actress'::text)
                                                              Rows Removed by Filter: 11
                                                        ->  Index Scan using role_id_cast_info on cast_info ci  (cost=0.00..6589880.00 rows=85339 width=16) (actual time=0.123..1197.966 rows=276166 loops=1)
                                                              Index Cond: (role_id = rt.id)
                                                              Filter: (note = ANY ('{(voice),"(voice: Japanese version)","(voice) (uncredited)","(voice: English version)"}'::text[]))
                                                              Rows Removed by Filter: 7175807
                                                  ->  Index Scan using title_pkey on title t  (cost=0.00..2.00 rows=1 width=21) (actual time=0.002..0.002 rows=1 loops=276166)
                                                        Index Cond: (id = ci.movie_id)
                                                        Filter: (production_year > 2000)
                                                        Rows Removed by Filter: 0
                                            ->  Index Scan using name_pkey on name n  (cost=0.00..2.00 rows=1 width=19) (actual time=0.001..0.001 rows=1 loops=168407)
                                                  Index Cond: (id = ci.person_id)
                                                  Filter: ((gender)::text = 'f'::text)
                                                  Rows Removed by Filter: 0
                          ->  Index Only Scan using char_name_pkey on char_name chn  (cost=0.00..2.00 rows=1 width=4) (actual time=0.002..0.002 rows=1 loops=371543)
                                Index Cond: (id = ci.person_role_id)
                                Heap Fetches: 341836
                    ->  Index Only Scan using person_id_aka_name on aka_name an  (cost=0.00..4.00 rows=2 width=4) (actual time=0.002..0.002 rows=2 loops=341836)
                          Index Cond: (person_id = n.id)
                          Heap Fetches: 702993
              ->  Index Scan using movie_id_movie_companies on movie_companies mc  (cost=0.00..10.00 rows=5 width=8) (actual time=0.001..0.003 rows=9 loops=702993)
                    Index Cond: (movie_id = t.id)
        ->  Index Scan using company_name_pkey on company_name cn  (cost=0.00..2.00 rows=1 width=4) (actual time=0.001..0.001 rows=0 loops=6023690)
              Index Cond: (id = mc.company_id)
              Filter: ((country_code)::text = '[us]'::text)
              Rows Removed by Filter: 1
Planning time: 11.579 ms
Execution time: 18480.141 ms
