Aggregate  (cost=963302.00..963303.00 rows=1 width=68) (actual time=5.826..5.826 rows=1 loops=1)
  ->  Nested Loop  (cost=0.00..963302.00 rows=75 width=45) (actual time=0.075..5.771 rows=142 loops=1)
        ->  Nested Loop  (cost=0.00..963152.00 rows=75 width=32) (actual time=0.065..5.355 rows=142 loops=1)
              ->  Nested Loop  (cost=0.00..962477.00 rows=300 width=36) (actual time=0.060..5.203 rows=147 loops=1)
                    ->  Nested Loop  (cost=0.00..828134.00 rows=12213 width=4) (actual time=0.021..0.097 rows=250 loops=1)
                          ->  Seq Scan on info_type it  (cost=0.00..113.00 rows=1 width=4) (actual time=0.011..0.012 rows=1 loops=1)
                                Filter: ((info)::text = 'top 250 rank'::text)
                                Rows Removed by Filter: 112
                          ->  Index Scan using info_type_id_movie_info_idx on movie_info_idx mi_idx  (cost=0.00..552014.00 rows=276007 width=8) (actual time=0.009..0.054 rows=250 loops=1)
                                Index Cond: (info_type_id = it.id)
                    ->  Index Scan using movie_id_movie_companies on movie_companies mc  (cost=0.00..10.00 rows=1 width=32) (actual time=0.020..0.020 rows=1 loops=250)
                          Index Cond: (movie_id = mi_idx.movie_id)
                          Filter: ((note !~~ '%(as Metro-Goldwyn-Mayer Pictures)%'::text) AND ((note ~~ '%(co-production)%'::text) OR (note ~~ '%(presents)%'::text)))
                          Rows Removed by Filter: 33
              ->  Index Scan using company_type_pkey on company_type ct  (cost=0.00..2.00 rows=1 width=4) (actual time=0.001..0.001 rows=1 loops=147)
                    Index Cond: (id = mc.company_type_id)
                    Filter: ((kind)::text = 'production companies'::text)
                    Rows Removed by Filter: 0
        ->  Index Scan using title_pkey on title t  (cost=0.00..2.00 rows=1 width=25) (actual time=0.003..0.003 rows=1 loops=142)
              Index Cond: (id = mc.movie_id)
Planning time: 0.880 ms
Execution time: 5.893 ms
