Aggregate  (cost=831509.00..831510.00 rows=1 width=68) (actual time=5.239..5.239 rows=1 loops=1)
  ->  Nested Loop  (cost=0.00..831509.00 rows=549 width=45) (actual time=0.068..5.185 rows=142 loops=1)
        ->  Nested Loop  (cost=0.00..831178.00 rows=147 width=49) (actual time=0.063..5.039 rows=147 loops=1)
              ->  Nested Loop  (cost=0.00..830884.00 rows=147 width=36) (actual time=0.054..4.687 rows=147 loops=1)
                    ->  Nested Loop  (cost=0.00..828134.00 rows=250 width=4) (actual time=0.019..0.089 rows=250 loops=1)
                          ->  Seq Scan on info_type it  (cost=0.00..113.00 rows=1 width=4) (actual time=0.010..0.011 rows=1 loops=1)
                                Filter: ((info)::text = 'top 250 rank'::text)
                                Rows Removed by Filter: 112
                          ->  Index Scan using info_type_id_movie_info_idx on movie_info_idx mi_idx  (cost=0.00..552014.00 rows=276007 width=8) (actual time=0.007..0.046 rows=250 loops=1)
                                Index Cond: (info_type_id = it.id)
                    ->  Index Scan using movie_id_movie_companies on movie_companies mc  (cost=0.00..10.00 rows=1 width=32) (actual time=0.018..0.018 rows=1 loops=250)
                          Index Cond: (movie_id = mi_idx.movie_id)
                          Filter: ((note !~~ '%(as Metro-Goldwyn-Mayer Pictures)%'::text) AND ((note ~~ '%(co-production)%'::text) OR (note ~~ '%(presents)%'::text)))
                          Rows Removed by Filter: 33
              ->  Index Scan using title_pkey on title t  (cost=0.00..2.00 rows=1 width=25) (actual time=0.002..0.002 rows=1 loops=147)
                    Index Cond: (id = mc.movie_id)
        ->  Index Scan using company_type_pkey on company_type ct  (cost=0.00..2.00 rows=1 width=4) (actual time=0.001..0.001 rows=1 loops=147)
              Index Cond: (id = mc.company_type_id)
              Filter: ((kind)::text = 'production companies'::text)
              Rows Removed by Filter: 0
Planning time: 0.856 ms
Execution time: 5.302 ms
