Aggregate  (cost=904816.00..904817.00 rows=1 width=68) (actual time=0.205..0.205 rows=1 loops=1)
  ->  Hash Join  (cost=5.00..904816.00 rows=2341 width=45) (actual time=0.194..0.197 rows=3 loops=1)
        Hash Cond: (mc.company_type_id = ct.id)
        ->  Nested Loop  (cost=0.00..897787.00 rows=9365 width=49) (actual time=0.080..0.162 rows=66 loops=1)
              ->  Nested Loop  (cost=0.00..852560.00 rows=3479 width=29) (actual time=0.066..0.085 rows=4 loops=1)
                    ->  Nested Loop  (cost=0.00..828134.00 rows=12213 width=4) (actual time=0.018..0.021 rows=10 loops=1)
                          ->  Seq Scan on info_type it  (cost=0.00..113.00 rows=1 width=4) (actual time=0.011..0.011 rows=1 loops=1)
                                Filter: ((info)::text = 'bottom 10 rank'::text)
                                Rows Removed by Filter: 112
                          ->  Index Scan using info_type_id_movie_info_idx on movie_info_idx mi_idx  (cost=0.00..552014.00 rows=276007 width=8) (actual time=0.006..0.008 rows=10 loops=1)
                                Index Cond: (info_type_id = it.id)
                    ->  Index Scan using title_pkey on title t  (cost=0.00..2.00 rows=1 width=25) (actual time=0.006..0.006 rows=0 loops=10)
                          Index Cond: (id = mi_idx.movie_id)
                          Filter: ((production_year >= 2005) AND (production_year <= 2010))
                          Rows Removed by Filter: 1
              ->  Index Scan using movie_id_movie_companies on movie_companies mc  (cost=0.00..10.00 rows=3 width=32) (actual time=0.009..0.017 rows=16 loops=4)
                    Index Cond: (movie_id = t.id)
                    Filter: (note !~~ '%(as Metro-Goldwyn-Mayer Pictures)%'::text)
                    Rows Removed by Filter: 2
        ->  Hash  (cost=4.00..4.00 rows=1 width=4) (actual time=0.006..0.006 rows=1 loops=1)
              Buckets: 1024  Batches: 1  Memory Usage: 9kB
              ->  Seq Scan on company_type ct  (cost=0.00..4.00 rows=1 width=4) (actual time=0.002..0.003 rows=1 loops=1)
                    Filter: ((kind)::text = 'production companies'::text)
                    Rows Removed by Filter: 3
Planning time: 0.814 ms
Execution time: 0.270 ms
