Aggregate  (cost=828269.00..828270.00 rows=1 width=68) (actual time=0.163..0.163 rows=1 loops=1)
  ->  Nested Loop  (cost=0.00..828269.00 rows=656 width=45) (actual time=0.151..0.156 rows=3 loops=1)
        ->  Nested Loop  (cost=0.00..828206.00 rows=28 width=49) (actual time=0.048..0.096 rows=66 loops=1)
              ->  Nested Loop  (cost=0.00..828154.00 rows=4 width=29) (actual time=0.040..0.052 rows=4 loops=1)
                    ->  Nested Loop  (cost=0.00..828134.00 rows=10 width=4) (actual time=0.019..0.022 rows=10 loops=1)
                          ->  Seq Scan on info_type it  (cost=0.00..113.00 rows=1 width=4) (actual time=0.010..0.011 rows=1 loops=1)
                                Filter: ((info)::text = 'bottom 10 rank'::text)
                                Rows Removed by Filter: 112
                          ->  Index Scan using info_type_id_movie_info_idx on movie_info_idx mi_idx  (cost=0.00..552014.00 rows=276007 width=8) (actual time=0.007..0.009 rows=10 loops=1)
                                Index Cond: (info_type_id = it.id)
                    ->  Index Scan using title_pkey on title t  (cost=0.00..2.00 rows=1 width=25) (actual time=0.003..0.003 rows=0 loops=10)
                          Index Cond: (id = mi_idx.movie_id)
                          Filter: ((production_year >= 2005) AND (production_year <= 2010))
                          Rows Removed by Filter: 1
              ->  Index Scan using movie_id_movie_companies on movie_companies mc  (cost=0.00..10.00 rows=3 width=32) (actual time=0.004..0.009 rows=16 loops=4)
                    Index Cond: (movie_id = t.id)
                    Filter: (note !~~ '%(as Metro-Goldwyn-Mayer Pictures)%'::text)
                    Rows Removed by Filter: 2
        ->  Index Scan using company_type_pkey on company_type ct  (cost=0.00..2.00 rows=1 width=4) (actual time=0.001..0.001 rows=0 loops=66)
              Index Cond: (id = mc.company_type_id)
              Filter: ((kind)::text = 'production companies'::text)
              Rows Removed by Filter: 1
Planning time: 0.797 ms
Execution time: 0.224 ms
