Aggregate  (cost=872813.00..872814.00 rows=1 width=68) (actual time=1.056..1.056 rows=1 loops=1)
  ->  Nested Loop  (cost=0.00..872813.00 rows=8 width=45) (actual time=0.287..1.048 rows=3 loops=1)
        ->  Nested Loop  (cost=0.00..872745.00 rows=30 width=49) (actual time=0.282..1.041 rows=3 loops=1)
              ->  Nested Loop  (cost=0.00..852560.00 rows=1835 width=29) (actual time=0.172..0.841 rows=12 loops=1)
                    ->  Nested Loop  (cost=0.00..828134.00 rows=12213 width=4) (actual time=0.021..0.094 rows=250 loops=1)
                          ->  Seq Scan on info_type it  (cost=0.00..113.00 rows=1 width=4) (actual time=0.010..0.011 rows=1 loops=1)
                                Filter: ((info)::text = 'top 250 rank'::text)
                                Rows Removed by Filter: 112
                          ->  Index Scan using info_type_id_movie_info_idx on movie_info_idx mi_idx  (cost=0.00..552014.00 rows=276007 width=8) (actual time=0.010..0.055 rows=250 loops=1)
                                Index Cond: (info_type_id = it.id)
                    ->  Index Scan using title_pkey on title t  (cost=0.00..2.00 rows=1 width=25) (actual time=0.003..0.003 rows=0 loops=250)
                          Index Cond: (id = mi_idx.movie_id)
                          Filter: (production_year > 2010)
                          Rows Removed by Filter: 1
              ->  Index Scan using movie_id_movie_companies on movie_companies mc  (cost=0.00..10.00 rows=1 width=32) (actual time=0.016..0.016 rows=0 loops=12)
                    Index Cond: (movie_id = t.id)
                    Filter: ((note !~~ '%(as Metro-Goldwyn-Mayer Pictures)%'::text) AND (note ~~ '%(co-production)%'::text))
                    Rows Removed by Filter: 31
        ->  Index Scan using company_type_pkey on company_type ct  (cost=0.00..2.00 rows=1 width=4) (actual time=0.002..0.002 rows=1 loops=3)
              Index Cond: (id = mc.company_type_id)
              Filter: ((kind)::text = 'production companies'::text)
Planning time: 0.860 ms
Execution time: 1.119 ms
