Aggregate  (cost=873525.00..873526.00 rows=1 width=68) (actual time=0.863..0.863 rows=1 loops=1)
  ->  Nested Loop  (cost=0.00..873525.00 rows=17 width=45) (actual time=0.235..0.856 rows=3 loops=1)
        ->  Nested Loop  (cost=0.00..873372.00 rows=68 width=49) (actual time=0.230..0.849 rows=3 loops=1)
              ->  Nested Loop  (cost=0.00..852560.00 rows=1892 width=29) (actual time=0.138..0.668 rows=12 loops=1)
                    ->  Nested Loop  (cost=0.00..828134.00 rows=12213 width=4) (actual time=0.020..0.089 rows=250 loops=1)
                          ->  Seq Scan on info_type it  (cost=0.00..113.00 rows=1 width=4) (actual time=0.010..0.011 rows=1 loops=1)
                                Filter: ((info)::text = 'top 250 rank'::text)
                                Rows Removed by Filter: 112
                          ->  Index Scan using info_type_id_movie_info_idx on movie_info_idx mi_idx  (cost=0.00..552014.00 rows=276007 width=8) (actual time=0.009..0.049 rows=250 loops=1)
                                Index Cond: (info_type_id = it.id)
                    ->  Index Scan using title_pkey on title t  (cost=0.00..2.00 rows=1 width=25) (actual time=0.002..0.002 rows=0 loops=250)
                          Index Cond: (id = mi_idx.movie_id)
                          Filter: (production_year > 2010)
                          Rows Removed by Filter: 1
              ->  Index Scan using movie_id_movie_companies on movie_companies mc  (cost=0.00..10.00 rows=1 width=32) (actual time=0.015..0.015 rows=0 loops=12)
                    Index Cond: (movie_id = t.id)
                    Filter: ((note !~~ '%(as Metro-Goldwyn-Mayer Pictures)%'::text) AND (note ~~ '%(co-production)%'::text))
                    Rows Removed by Filter: 31
        ->  Index Scan using company_type_pkey on company_type ct  (cost=0.00..2.00 rows=1 width=4) (actual time=0.002..0.002 rows=1 loops=3)
              Index Cond: (id = mc.company_type_id)
              Filter: ((kind)::text = 'production companies'::text)
Planning time: 0.848 ms
Execution time: 0.926 ms
