Aggregate  (cost=828408.00..828409.00 rows=1 width=68) (actual time=0.186..0.186 rows=1 loops=1)
  ->  Nested Loop  (cost=0.00..828408.00 rows=3 width=45) (actual time=0.135..0.178 rows=4 loops=1)
        ->  Nested Loop  (cost=0.00..828232.00 rows=78 width=49) (actual time=0.036..0.107 rows=78 loops=1)
              ->  Nested Loop  (cost=0.00..828154.00 rows=6 width=29) (actual time=0.027..0.050 rows=6 loops=1)
                    ->  Nested Loop  (cost=0.00..828134.00 rows=10 width=4) (actual time=0.017..0.021 rows=10 loops=1)
                          ->  Seq Scan on info_type it  (cost=0.00..113.00 rows=1 width=4) (actual time=0.010..0.011 rows=1 loops=1)
                                Filter: ((info)::text = 'bottom 10 rank'::text)
                                Rows Removed by Filter: 112
                          ->  Index Scan using info_type_id_movie_info_idx on movie_info_idx mi_idx  (cost=0.00..552014.00 rows=276007 width=8) (actual time=0.006..0.008 rows=10 loops=1)
                                Index Cond: (info_type_id = it.id)
                    ->  Index Scan using title_pkey on title t  (cost=0.00..2.00 rows=1 width=25) (actual time=0.003..0.003 rows=1 loops=10)
                          Index Cond: (id = mi_idx.movie_id)
                          Filter: (production_year > 2000)
                          Rows Removed by Filter: 0
              ->  Index Scan using movie_id_movie_companies on movie_companies mc  (cost=0.00..10.00 rows=3 width=32) (actual time=0.003..0.008 rows=13 loops=6)
                    Index Cond: (movie_id = t.id)
                    Filter: (note !~~ '%(as Metro-Goldwyn-Mayer Pictures)%'::text)
                    Rows Removed by Filter: 2
        ->  Index Scan using company_type_pkey on company_type ct  (cost=0.00..2.00 rows=1 width=4) (actual time=0.001..0.001 rows=0 loops=78)
              Index Cond: (id = mc.company_type_id)
              Filter: ((kind)::text = 'production companies'::text)
              Rows Removed by Filter: 1
Planning time: 0.779 ms
Execution time: 0.246 ms
