Aggregate  (cost=246872.46..246873.46 rows=1 width=32) (actual time=1586.408..1586.408 rows=1 loops=1)
  ->  Nested Loop  (cost=212598.00..246872.46 rows=1 width=17) (actual time=288.932..1586.365 rows=33 loops=1)
        ->  Nested Loop  (cost=212598.00..246870.46 rows=1 width=21) (actual time=288.923..1586.183 rows=33 loops=1)
              ->  Nested Loop  (cost=212598.00..246867.13 rows=1 width=25) (actual time=288.916..1586.112 rows=33 loops=1)
                    ->  Nested Loop  (cost=212598.00..246633.00 rows=117 width=29) (actual time=148.121..755.139 rows=532809 loops=1)
                          ->  Hash Join  (cost=212598.00..245445.00 rows=11 width=33) (actual time=148.111..186.349 rows=6016 loops=1)
                                Hash Cond: (cc.subject_id = cct1.id)
                                ->  Nested Loop  (cost=212593.00..244198.00 rows=1656 width=37) (actual time=148.096..184.476 rows=8371 loops=1)
                                      ->  Merge Join  (cost=212593.00..217108.00 rows=4515 width=25) (actual time=148.079..153.931 rows=15994 loops=1)
                                            Merge Cond: (t.kind_id = kt.id)
                                            ->  Sort  (cost=212586.00..212586.00 rows=31607 width=29) (actual time=148.057..150.163 rows=15995 loops=1)
                                                  Sort Key: t.kind_id
                                                  Sort Method: quicksort  Memory: 3455kB
                                                  ->  Nested Loop  (cost=0.00..212586.00 rows=31607 width=29) (actual time=0.110..141.205 rows=31607 loops=1)
                                                        ->  Nested Loop  (cost=0.00..141490.00 rows=35548 width=4) (actual time=0.104..51.274 rows=35548 loops=1)
                                                              ->  Seq Scan on keyword k  (cost=0.00..134170.00 rows=8 width=4) (actual time=0.089..23.646 rows=8 loops=1)
                                                                    Filter: (keyword = ANY ('{superhero,sequel,second-part,marvel-comics,based-on-comic,tv-special,fight,violence}'::text[]))
                                                                    Rows Removed by Filter: 134162
                                                              ->  Index Scan using keyword_id_movie_keyword on movie_keyword mk  (cost=0.00..610.00 rows=305 width=8) (actual time=0.008..2.893 rows=4444 loops=8)
                                                                    Index Cond: (keyword_id = k.id)
                                                        ->  Index Scan using title_pkey on title t  (cost=0.00..2.00 rows=1 width=25) (actual time=0.002..0.002 rows=1 loops=35548)
                                                              Index Cond: (id = mk.movie_id)
                                                              Filter: (production_year > 1950)
                                                              Rows Removed by Filter: 0
                                            ->  Sort  (cost=7.00..7.00 rows=1 width=4) (actual time=0.018..0.019 rows=1 loops=1)
                                                  Sort Key: kt.id
                                                  Sort Method: quicksort  Memory: 25kB
                                                  ->  Seq Scan on kind_type kt  (cost=0.00..7.00 rows=1 width=4) (actual time=0.008..0.009 rows=1 loops=1)
                                                        Filter: ((kind)::text = 'movie'::text)
                                                        Rows Removed by Filter: 6
                                      ->  Index Scan using movie_id_complete_cast on complete_cast cc  (cost=0.00..4.00 rows=2 width=12) (actual time=0.001..0.002 rows=1 loops=15994)
                                            Index Cond: (movie_id = t.id)
                                ->  Hash  (cost=4.00..4.00 rows=1 width=4) (actual time=0.008..0.008 rows=1 loops=1)
                                      Buckets: 1024  Batches: 1  Memory Usage: 9kB
                                      ->  Seq Scan on comp_cast_type cct1  (cost=0.00..4.00 rows=1 width=4) (actual time=0.006..0.007 rows=1 loops=1)
                                            Filter: ((kind)::text = 'cast'::text)
                                            Rows Removed by Filter: 3
                          ->  Index Scan using movie_id_cast_info on cast_info ci  (cost=0.00..72.00 rows=36 width=12) (actual time=0.005..0.081 rows=89 loops=6016)
                                Index Cond: (movie_id = t.id)
                    ->  Index Scan using char_name_pkey on char_name chn  (cost=0.00..2.00 rows=1 width=4) (actual time=0.001..0.001 rows=0 loops=532809)
                          Index Cond: (id = ci.person_role_id)
                          Filter: ((name !~~ '%Sherlock%'::text) AND ((name ~~ '%Tony%Stark%'::text) OR (name ~~ '%Iron%Man%'::text)))
                          Rows Removed by Filter: 0
              ->  Index Scan using comp_cast_type_pkey on comp_cast_type cct2  (cost=0.00..2.00 rows=1 width=4) (actual time=0.001..0.001 rows=1 loops=33)
                    Index Cond: (id = cc.status_id)
                    Filter: ((kind)::text ~~ '%complete%'::text)
        ->  Index Only Scan using name_pkey on name n  (cost=0.00..2.00 rows=1 width=4) (actual time=0.005..0.005 rows=1 loops=33)
              Index Cond: (id = ci.person_id)
              Heap Fetches: 33
Planning time: 7.389 ms
Execution time: 1586.493 ms
