Aggregate  (cost=143585.13..143586.13 rows=1 width=32) (actual time=1685.095..1685.095 rows=1 loops=1)
  ->  Nested Loop  (cost=0.00..143585.13 rows=1 width=17) (actual time=23.541..1685.059 rows=33 loops=1)
        ->  Nested Loop  (cost=0.00..143583.13 rows=1 width=21) (actual time=23.532..1684.864 rows=33 loops=1)
              ->  Nested Loop  (cost=0.00..143541.00 rows=21 width=25) (actual time=2.061..826.126 rows=532809 loops=1)
                    ->  Nested Loop  (cost=0.00..142893.00 rows=6 width=29) (actual time=2.051..236.163 rows=6016 loops=1)
                          ->  Nested Loop  (cost=0.00..142869.00 rows=12 width=33) (actual time=2.049..230.109 rows=6016 loops=1)
                                ->  Nested Loop  (cost=0.00..142763.00 rows=47 width=37) (actual time=2.046..221.275 rows=8371 loops=1)
                                      ->  Nested Loop  (cost=0.00..142553.00 rows=35 width=25) (actual time=2.012..188.454 rows=15994 loops=1)
                                            ->  Nested Loop  (cost=0.00..142030.00 rows=244 width=29) (actual time=0.116..157.987 rows=31607 loops=1)
                                                  ->  Nested Loop  (cost=0.00..141490.00 rows=270 width=4) (actual time=0.110..54.503 rows=35548 loops=1)
                                                        ->  Seq Scan on keyword k  (cost=0.00..134170.00 rows=8 width=4) (actual time=0.095..23.583 rows=8 loops=1)
                                                              Filter: (keyword = ANY ('{superhero,sequel,second-part,marvel-comics,based-on-comic,tv-special,fight,violence}'::text[]))
                                                              Rows Removed by Filter: 134162
                                                        ->  Index Scan using keyword_id_movie_keyword on movie_keyword mk  (cost=0.00..610.00 rows=305 width=8) (actual time=0.010..3.275 rows=4444 loops=8)
                                                              Index Cond: (keyword_id = k.id)
                                                  ->  Index Scan using title_pkey on title t  (cost=0.00..2.00 rows=1 width=25) (actual time=0.003..0.003 rows=1 loops=35548)
                                                        Index Cond: (id = mk.movie_id)
                                                        Filter: (production_year > 1950)
                                                        Rows Removed by Filter: 0
                                            ->  Index Scan using kind_type_pkey on kind_type kt  (cost=0.00..2.00 rows=1 width=4) (actual time=0.001..0.001 rows=1 loops=31607)
                                                  Index Cond: (id = t.kind_id)
                                                  Filter: ((kind)::text = 'movie'::text)
                                                  Rows Removed by Filter: 0
                                      ->  Index Scan using movie_id_complete_cast on complete_cast cc  (cost=0.00..4.00 rows=2 width=12) (actual time=0.002..0.002 rows=1 loops=15994)
                                            Index Cond: (movie_id = t.id)
                                ->  Index Scan using comp_cast_type_pkey on comp_cast_type cct1  (cost=0.00..2.00 rows=1 width=4) (actual time=0.001..0.001 rows=1 loops=8371)
                                      Index Cond: (id = cc.subject_id)
                                      Filter: ((kind)::text = 'cast'::text)
                                      Rows Removed by Filter: 0
                          ->  Index Scan using comp_cast_type_pkey on comp_cast_type cct2  (cost=0.00..2.00 rows=1 width=4) (actual time=0.001..0.001 rows=1 loops=6016)
                                Index Cond: (id = cc.status_id)
                                Filter: ((kind)::text ~~ '%complete%'::text)
                    ->  Index Scan using movie_id_cast_info on cast_info ci  (cost=0.00..72.00 rows=36 width=12) (actual time=0.005..0.085 rows=89 loops=6016)
                          Index Cond: (movie_id = t.id)
              ->  Index Scan using char_name_pkey on char_name chn  (cost=0.00..2.00 rows=1 width=4) (actual time=0.001..0.001 rows=0 loops=532809)
                    Index Cond: (id = ci.person_role_id)
                    Filter: ((name !~~ '%Sherlock%'::text) AND ((name ~~ '%Tony%Stark%'::text) OR (name ~~ '%Iron%Man%'::text)))
                    Rows Removed by Filter: 0
        ->  Index Only Scan using name_pkey on name n  (cost=0.00..2.00 rows=1 width=4) (actual time=0.005..0.005 rows=1 loops=33)
              Index Cond: (id = ci.person_id)
              Heap Fetches: 33
Planning time: 7.475 ms
Execution time: 1685.178 ms
