Aggregate  (cost=601253.13..601254.13 rows=1 width=32) (actual time=1574.332..1574.332 rows=1 loops=1)
  ->  Nested Loop  (cost=315173.00..601253.13 rows=1 width=17) (actual time=368.296..1574.290 rows=33 loops=1)
        ->  Nested Loop  (cost=315173.00..601251.13 rows=1 width=21) (actual time=368.284..1574.090 rows=33 loops=1)
              ->  Nested Loop  (cost=315173.00..431797.00 rows=84727 width=25) (actual time=179.849..746.998 rows=532809 loops=1)
                    ->  Merge Join  (cost=315173.00..318181.00 rows=1052 width=29) (actual time=179.836..182.403 rows=6016 loops=1)
                          Merge Cond: (cc.status_id = cct2.id)
                          ->  Sort  (cost=315169.00..315169.00 rows=6016 width=33) (actual time=179.827..180.734 rows=6016 loops=1)
                                Sort Key: cc.status_id
                                Sort Method: quicksort  Memory: 694kB
                                ->  Merge Join  (cost=313076.00..315169.00 rows=6016 width=33) (actual time=177.590..178.905 rows=6016 loops=1)
                                      Merge Cond: (cc.subject_id = cct1.id)
                                      ->  Sort  (cost=313072.00..313072.00 rows=8371 width=37) (actual time=177.574..177.879 rows=6017 loops=1)
                                            Sort Key: cc.subject_id
                                            Sort Method: quicksort  Memory: 1106kB
                                            ->  Nested Loop  (cost=212593.00..313072.00 rows=8371 width=37) (actual time=147.376..175.991 rows=8371 loops=1)
                                                  ->  Merge Join  (cost=212593.00..217108.00 rows=15994 width=25) (actual time=147.349..151.682 rows=15994 loops=1)
                                                        Merge Cond: (t.kind_id = kt.id)
                                                        ->  Sort  (cost=212586.00..212586.00 rows=31607 width=29) (actual time=147.328..148.714 rows=15995 loops=1)
                                                              Sort Key: t.kind_id
                                                              Sort Method: quicksort  Memory: 3455kB
                                                              ->  Nested Loop  (cost=0.00..212586.00 rows=31607 width=29) (actual time=0.116..140.389 rows=31607 loops=1)
                                                                    ->  Nested Loop  (cost=0.00..141490.00 rows=35548 width=4) (actual time=0.110..51.335 rows=35548 loops=1)
                                                                          ->  Seq Scan on keyword k  (cost=0.00..134170.00 rows=8 width=4) (actual time=0.094..23.777 rows=8 loops=1)
                                                                                Filter: (keyword = ANY ('{superhero,sequel,second-part,marvel-comics,based-on-comic,tv-special,fight,violence}'::text[]))
                                                                                Rows Removed by Filter: 134162
                                                                          ->  Index Scan using keyword_id_movie_keyword on movie_keyword mk  (cost=0.00..610.00 rows=305 width=8) (actual time=0.008..2.885 rows=4444 loops=8)
                                                                                Index Cond: (keyword_id = k.id)
                                                                    ->  Index Scan using title_pkey on title t  (cost=0.00..2.00 rows=1 width=25) (actual time=0.002..0.002 rows=1 loops=35548)
                                                                          Index Cond: (id = mk.movie_id)
                                                                          Filter: (production_year > 1950)
                                                                          Rows Removed by Filter: 0
                                                        ->  Sort  (cost=7.00..7.00 rows=1 width=4) (actual time=0.017..0.017 rows=1 loops=1)
                                                              Sort Key: kt.id
                                                              Sort Method: quicksort  Memory: 25kB
                                                              ->  Seq Scan on kind_type kt  (cost=0.00..7.00 rows=1 width=4) (actual time=0.008..0.009 rows=1 loops=1)
                                                                    Filter: ((kind)::text = 'movie'::text)
                                                                    Rows Removed by Filter: 6
                                                  ->  Index Scan using movie_id_complete_cast on complete_cast cc  (cost=0.00..4.00 rows=2 width=12) (actual time=0.001..0.001 rows=1 loops=15994)
                                                        Index Cond: (movie_id = t.id)
                                      ->  Sort  (cost=4.00..4.00 rows=1 width=4) (actual time=0.013..0.013 rows=1 loops=1)
                                            Sort Key: cct1.id
                                            Sort Method: quicksort  Memory: 25kB
                                            ->  Seq Scan on comp_cast_type cct1  (cost=0.00..4.00 rows=1 width=4) (actual time=0.006..0.006 rows=1 loops=1)
                                                  Filter: ((kind)::text = 'cast'::text)
                                                  Rows Removed by Filter: 3
                          ->  Sort  (cost=4.00..4.00 rows=2 width=4) (actual time=0.007..0.008 rows=2 loops=1)
                                Sort Key: cct2.id
                                Sort Method: quicksort  Memory: 25kB
                                ->  Seq Scan on comp_cast_type cct2  (cost=0.00..4.00 rows=2 width=4) (actual time=0.004..0.004 rows=2 loops=1)
                                      Filter: ((kind)::text ~~ '%complete%'::text)
                                      Rows Removed by Filter: 2
                    ->  Index Scan using movie_id_cast_info on cast_info ci  (cost=0.00..72.00 rows=36 width=12) (actual time=0.005..0.081 rows=89 loops=6016)
                          Index Cond: (movie_id = t.id)
              ->  Index Scan using char_name_pkey on char_name chn  (cost=0.00..2.00 rows=1 width=4) (actual time=0.001..0.001 rows=0 loops=532809)
                    Index Cond: (id = ci.person_role_id)
                    Filter: ((name !~~ '%Sherlock%'::text) AND ((name ~~ '%Tony%Stark%'::text) OR (name ~~ '%Iron%Man%'::text)))
                    Rows Removed by Filter: 0
        ->  Index Only Scan using name_pkey on name n  (cost=0.00..2.00 rows=1 width=4) (actual time=0.005..0.005 rows=1 loops=33)
              Index Cond: (id = ci.person_id)
              Heap Fetches: 33
Planning time: 7.406 ms
Execution time: 1574.420 ms
