Aggregate  (cost=143242.01..143243.01 rows=1 width=32) (actual time=1684.703..1684.703 rows=1 loops=1)
  ->  Nested Loop  (cost=0.00..143242.01 rows=1 width=17) (actual time=23.516..1684.665 rows=33 loops=1)
        ->  Nested Loop  (cost=0.00..143240.01 rows=1 width=21) (actual time=23.507..1684.478 rows=33 loops=1)
              ->  Nested Loop  (cost=0.00..143220.00 rows=10 width=25) (actual time=2.045..825.973 rows=532809 loops=1)
                    ->  Nested Loop  (cost=0.00..142896.00 rows=3 width=29) (actual time=2.035..236.265 rows=6016 loops=1)
                          ->  Nested Loop  (cost=0.00..142869.00 rows=12 width=33) (actual time=2.033..230.227 rows=6016 loops=1)
                                ->  Nested Loop  (cost=0.00..142763.00 rows=47 width=37) (actual time=2.029..221.493 rows=8371 loops=1)
                                      ->  Nested Loop  (cost=0.00..142553.00 rows=35 width=25) (actual time=1.995..188.763 rows=15994 loops=1)
                                            ->  Nested Loop  (cost=0.00..142030.00 rows=244 width=29) (actual time=0.116..158.399 rows=31607 loops=1)
                                                  ->  Nested Loop  (cost=0.00..141490.00 rows=270 width=4) (actual time=0.110..54.759 rows=35548 loops=1)
                                                        ->  Seq Scan on keyword k  (cost=0.00..134170.00 rows=8 width=4) (actual time=0.094..23.770 rows=8 loops=1)
                                                              Filter: (keyword = ANY ('{superhero,sequel,second-part,marvel-comics,based-on-comic,tv-special,fight,violence}'::text[]))
                                                              Rows Removed by Filter: 134162
                                                        ->  Index Scan using keyword_id_movie_keyword on movie_keyword mk  (cost=0.00..610.00 rows=305 width=8) (actual time=0.009..3.276 rows=4444 loops=8)
                                                              Index Cond: (keyword_id = k.id)
                                                  ->  Index Scan using title_pkey on title t  (cost=0.00..2.00 rows=1 width=25) (actual time=0.003..0.003 rows=1 loops=35548)
                                                        Index Cond: (id = mk.movie_id)
                                                        Filter: (production_year > 1950)
                                                        Rows Removed by Filter: 0
                                            ->  Index Scan using kind_type_pkey on kind_type kt  (cost=0.00..2.00 rows=1 width=4) (actual time=0.001..0.001 rows=1 loops=31607)
                                                  Index Cond: (id = t.kind_id)
                                                  Filter: ((kind)::text = 'movie'::text)
                                                  Rows Removed by Filter: 0
                                      ->  Index Scan using movie_id_complete_cast on complete_cast cc  (cost=0.00..4.00 rows=2 width=12) (actual time=0.002..0.002 rows=1 loops=15994)
                                            Index Cond: (movie_id = t.id)
                                ->  Index Scan using comp_cast_type_pkey on comp_cast_type cct1  (cost=0.00..2.00 rows=1 width=4) (actual time=0.001..0.001 rows=1 loops=8371)
                                      Index Cond: (id = cc.subject_id)
                                      Filter: ((kind)::text = 'cast'::text)
                                      Rows Removed by Filter: 0
                          ->  Index Scan using comp_cast_type_pkey on comp_cast_type cct2  (cost=0.00..2.00 rows=1 width=4) (actual time=0.001..0.001 rows=1 loops=6016)
                                Index Cond: (id = cc.status_id)
                                Filter: ((kind)::text ~~ '%complete%'::text)
                    ->  Index Scan using movie_id_cast_info on cast_info ci  (cost=0.00..72.00 rows=36 width=12) (actual time=0.005..0.085 rows=89 loops=6016)
                          Index Cond: (movie_id = t.id)
              ->  Index Scan using char_name_pkey on char_name chn  (cost=0.00..2.00 rows=1 width=4) (actual time=0.001..0.001 rows=0 loops=532809)
                    Index Cond: (id = ci.person_role_id)
                    Filter: ((name !~~ '%Sherlock%'::text) AND ((name ~~ '%Tony%Stark%'::text) OR (name ~~ '%Iron%Man%'::text)))
                    Rows Removed by Filter: 0
        ->  Index Only Scan using name_pkey on name n  (cost=0.00..2.00 rows=1 width=4) (actual time=0.005..0.005 rows=1 loops=33)
              Index Cond: (id = ci.person_id)
              Heap Fetches: 33
Planning time: 7.498 ms
Execution time: 1684.787 ms
