Aggregate  (cost=142778.02..142779.02 rows=1 width=32) (actual time=718.277..718.277 rows=1 loops=1)
  ->  Nested Loop  (cost=0.00..142778.02 rows=1 width=17) (actual time=14.498..718.235 rows=17 loops=1)
        ->  Nested Loop  (cost=0.00..142776.01 rows=1 width=21) (actual time=14.489..718.054 rows=33 loops=1)
              ->  Nested Loop  (cost=0.00..142764.00 rows=6 width=25) (actual time=1.861..412.139 rows=222518 loops=1)
                    ->  Nested Loop  (cost=0.00..142548.00 rows=2 width=29) (actual time=1.851..180.585 rows=1472 loops=1)
                          ->  Nested Loop  (cost=0.00..142532.00 rows=7 width=33) (actual time=1.849..179.079 rows=1472 loops=1)
                                ->  Nested Loop  (cost=0.00..142469.00 rows=28 width=37) (actual time=1.845..177.177 rows=1715 loops=1)
                                      ->  Nested Loop  (cost=0.00..142343.00 rows=21 width=25) (actual time=1.813..164.832 rows=6043 loops=1)
                                            ->  Nested Loop  (cost=0.00..142030.00 rows=146 width=29) (actual time=0.116..151.105 rows=14165 loops=1)
                                                  ->  Nested Loop  (cost=0.00..141490.00 rows=270 width=4) (actual time=0.110..53.203 rows=35548 loops=1)
                                                        ->  Seq Scan on keyword k  (cost=0.00..134170.00 rows=8 width=4) (actual time=0.096..23.897 rows=8 loops=1)
                                                              Filter: (keyword = ANY ('{superhero,sequel,second-part,marvel-comics,based-on-comic,tv-special,fight,violence}'::text[]))
                                                              Rows Removed by Filter: 134162
                                                        ->  Index Scan using keyword_id_movie_keyword on movie_keyword mk  (cost=0.00..610.00 rows=305 width=8) (actual time=0.008..3.122 rows=4444 loops=8)
                                                              Index Cond: (keyword_id = k.id)
                                                  ->  Index Scan using title_pkey on title t  (cost=0.00..2.00 rows=1 width=25) (actual time=0.003..0.003 rows=0 loops=35548)
                                                        Index Cond: (id = mk.movie_id)
                                                        Filter: (production_year > 2000)
                                                        Rows Removed by Filter: 1
                                            ->  Index Scan using kind_type_pkey on kind_type kt  (cost=0.00..2.00 rows=1 width=4) (actual time=0.001..0.001 rows=0 loops=14165)
                                                  Index Cond: (id = t.kind_id)
                                                  Filter: ((kind)::text = 'movie'::text)
                                                  Rows Removed by Filter: 1
                                      ->  Index Scan using movie_id_complete_cast on complete_cast cc  (cost=0.00..4.00 rows=2 width=12) (actual time=0.002..0.002 rows=0 loops=6043)
                                            Index Cond: (movie_id = t.id)
                                ->  Index Scan using comp_cast_type_pkey on comp_cast_type cct1  (cost=0.00..2.00 rows=1 width=4) (actual time=0.001..0.001 rows=1 loops=1715)
                                      Index Cond: (id = cc.subject_id)
                                      Filter: ((kind)::text = 'cast'::text)
                                      Rows Removed by Filter: 0
                          ->  Index Scan using comp_cast_type_pkey on comp_cast_type cct2  (cost=0.00..2.00 rows=1 width=4) (actual time=0.001..0.001 rows=1 loops=1472)
                                Index Cond: (id = cc.status_id)
                                Filter: ((kind)::text ~~ '%complete%'::text)
                    ->  Index Scan using movie_id_cast_info on cast_info ci  (cost=0.00..72.00 rows=36 width=12) (actual time=0.006..0.135 rows=151 loops=1472)
                          Index Cond: (movie_id = t.id)
              ->  Index Scan using char_name_pkey on char_name chn  (cost=0.00..2.00 rows=1 width=4) (actual time=0.001..0.001 rows=0 loops=222518)
                    Index Cond: (id = ci.person_role_id)
                    Filter: ((name !~~ '%Sherlock%'::text) AND ((name ~~ '%Tony%Stark%'::text) OR (name ~~ '%Iron%Man%'::text)))
                    Rows Removed by Filter: 0
        ->  Index Scan using name_pkey on name n  (cost=0.00..2.00 rows=1 width=4) (actual time=0.005..0.005 rows=1 loops=33)
              Index Cond: (id = ci.person_id)
              Filter: (name ~~ '%Downey%Robert%'::text)
              Rows Removed by Filter: 0
Planning time: 7.293 ms
Execution time: 718.355 ms
