Aggregate  (cost=328936.00..328937.00 rows=1 width=64) (actual time=585.672..585.672 rows=1 loops=1)
  ->  Nested Loop  (cost=191520.00..328936.00 rows=27 width=32) (actual time=110.770..583.985 rows=5406 loops=1)
        ->  Nested Loop  (cost=191520.00..328882.00 rows=27 width=21) (actual time=110.762..562.396 rows=5406 loops=1)
              ->  Nested Loop  (cost=191520.00..249916.00 rows=39483 width=25) (actual time=110.745..311.416 rows=189844 loops=1)
                    ->  Hash Join  (cost=191520.00..225292.00 rows=228 width=29) (actual time=110.731..122.725 rows=1267 loops=1)
                          Hash Cond: (cc.status_id = cct2.id)
                          ->  Hash Join  (cost=191514.00..224336.00 rows=1267 width=33) (actual time=110.717..122.371 rows=1267 loops=1)
                                Hash Cond: (cc.subject_id = cct1.id)
                                ->  Nested Loop  (cost=191509.00..223217.00 rows=1485 width=37) (actual time=110.704..121.992 rows=1485 loops=1)
                                      ->  Merge Join  (cost=191509.00..193025.00 rows=5032 width=25) (actual time=110.681..112.500 rows=5032 loops=1)
                                            Merge Cond: (t.kind_id = kt.id)
                                            ->  Sort  (cost=191502.00..191502.00 rows=10613 width=29) (actual time=110.661..111.360 rows=5033 loops=1)
                                                  Sort Key: t.kind_id
                                                  Sort Method: quicksort  Memory: 1275kB
                                                  ->  Nested Loop  (cost=0.00..191502.00 rows=10613 width=29) (actual time=0.122..108.324 rows=10613 loops=1)
                                                        ->  Nested Loop  (cost=0.00..143320.00 rows=24091 width=4) (actual time=0.115..45.796 rows=24091 loops=1)
                                                              ->  Seq Scan on keyword k  (cost=0.00..134170.00 rows=10 width=4) (actual time=0.103..26.499 rows=10 loops=1)
                                                                    Filter: (keyword = ANY ('{superhero,marvel-comics,based-on-comic,tv-special,fight,violence,magnet,web,claw,laser}'::text[]))
                                                                    Rows Removed by Filter: 134160
                                                              ->  Index Scan using keyword_id_movie_keyword on movie_keyword mk  (cost=0.00..610.00 rows=305 width=8) (actual time=0.007..1.643 rows=2409 loops=10)
                                                                    Index Cond: (keyword_id = k.id)
                                                        ->  Index Scan using title_pkey on title t  (cost=0.00..2.00 rows=1 width=25) (actual time=0.002..0.002 rows=0 loops=24091)
                                                              Index Cond: (id = mk.movie_id)
                                                              Filter: (production_year > 2000)
                                                              Rows Removed by Filter: 1
                                            ->  Sort  (cost=7.00..7.00 rows=1 width=4) (actual time=0.016..0.017 rows=1 loops=1)
                                                  Sort Key: kt.id
                                                  Sort Method: quicksort  Memory: 25kB
                                                  ->  Seq Scan on kind_type kt  (cost=0.00..7.00 rows=1 width=4) (actual time=0.006..0.007 rows=1 loops=1)
                                                        Filter: ((kind)::text = 'movie'::text)
                                                        Rows Removed by Filter: 6
                                      ->  Index Scan using movie_id_complete_cast on complete_cast cc  (cost=0.00..4.00 rows=2 width=12) (actual time=0.002..0.002 rows=0 loops=5032)
                                            Index Cond: (movie_id = t.id)
                                ->  Hash  (cost=4.00..4.00 rows=1 width=4) (actual time=0.003..0.003 rows=1 loops=1)
                                      Buckets: 1024  Batches: 1  Memory Usage: 9kB
                                      ->  Seq Scan on comp_cast_type cct1  (cost=0.00..4.00 rows=1 width=4) (actual time=0.002..0.003 rows=1 loops=1)
                                            Filter: ((kind)::text = 'cast'::text)
                                            Rows Removed by Filter: 3
                          ->  Hash  (cost=4.00..4.00 rows=2 width=4) (actual time=0.009..0.009 rows=2 loops=1)
                                Buckets: 1024  Batches: 1  Memory Usage: 9kB
                                ->  Seq Scan on comp_cast_type cct2  (cost=0.00..4.00 rows=2 width=4) (actual time=0.007..0.007 rows=2 loops=1)
                                      Filter: ((kind)::text ~~ '%complete%'::text)
                                      Rows Removed by Filter: 2
                    ->  Index Scan using movie_id_cast_info on cast_info ci  (cost=0.00..72.00 rows=36 width=12) (actual time=0.006..0.127 rows=150 loops=1267)
                          Index Cond: (movie_id = t.id)
              ->  Index Scan using char_name_pkey on char_name chn  (cost=0.00..2.00 rows=1 width=4) (actual time=0.001..0.001 rows=0 loops=189844)
                    Index Cond: (id = ci.person_role_id)
                    Filter: ((name IS NOT NULL) AND ((name ~~ '%man%'::text) OR (name ~~ '%Man%'::text)))
                    Rows Removed by Filter: 0
        ->  Index Scan using name_pkey on name n  (cost=0.00..2.00 rows=1 width=19) (actual time=0.004..0.004 rows=1 loops=5406)
              Index Cond: (id = ci.person_id)
Planning time: 7.375 ms
Execution time: 585.757 ms
