Aggregate  (cost=205977.00..205978.00 rows=1 width=64) (actual time=586.026..586.026 rows=1 loops=1)
  ->  Nested Loop  (cost=191520.00..205977.00 rows=1 width=32) (actual time=110.692..584.346 rows=5406 loops=1)
        ->  Nested Loop  (cost=191520.00..205975.00 rows=1 width=21) (actual time=110.684..562.695 rows=5406 loops=1)
              ->  Nested Loop  (cost=191520.00..205895.00 rows=40 width=25) (actual time=110.667..311.512 rows=189844 loops=1)
                    ->  Hash Join  (cost=191520.00..204707.00 rows=11 width=29) (actual time=110.653..122.635 rows=1267 loops=1)
                          Hash Cond: (cc.status_id = cct2.id)
                          ->  Hash Join  (cost=191514.00..204684.00 rows=23 width=33) (actual time=110.638..122.285 rows=1267 loops=1)
                                Hash Cond: (cc.subject_id = cct1.id)
                                ->  Nested Loop  (cost=191509.00..204669.00 rows=13 width=37) (actual time=110.616..121.899 rows=1485 loops=1)
                                      ->  Merge Join  (cost=191509.00..193389.00 rows=1880 width=25) (actual time=110.603..112.395 rows=5032 loops=1)
                                            Merge Cond: (t.kind_id = kt.id)
                                            ->  Sort  (cost=191502.00..191502.00 rows=13163 width=29) (actual time=110.583..111.261 rows=5033 loops=1)
                                                  Sort Key: t.kind_id
                                                  Sort Method: quicksort  Memory: 1275kB
                                                  ->  Nested Loop  (cost=0.00..191502.00 rows=13163 width=29) (actual time=0.124..108.262 rows=10613 loops=1)
                                                        ->  Nested Loop  (cost=0.00..143320.00 rows=24091 width=4) (actual time=0.117..45.922 rows=24091 loops=1)
                                                              ->  Seq Scan on keyword k  (cost=0.00..134170.00 rows=10 width=4) (actual time=0.101..26.681 rows=10 loops=1)
                                                                    Filter: (keyword = ANY ('{superhero,marvel-comics,based-on-comic,tv-special,fight,violence,magnet,web,claw,laser}'::text[]))
                                                                    Rows Removed by Filter: 134160
                                                              ->  Index Scan using keyword_id_movie_keyword on movie_keyword mk  (cost=0.00..610.00 rows=305 width=8) (actual time=0.007..1.635 rows=2409 loops=10)
                                                                    Index Cond: (keyword_id = k.id)
                                                        ->  Index Scan using title_pkey on title t  (cost=0.00..2.00 rows=1 width=25) (actual time=0.002..0.002 rows=0 loops=24091)
                                                              Index Cond: (id = mk.movie_id)
                                                              Filter: (production_year > 2000)
                                                              Rows Removed by Filter: 1
                                            ->  Sort  (cost=7.00..7.00 rows=1 width=4) (actual time=0.017..0.018 rows=1 loops=1)
                                                  Sort Key: kt.id
                                                  Sort Method: quicksort  Memory: 25kB
                                                  ->  Seq Scan on kind_type kt  (cost=0.00..7.00 rows=1 width=4) (actual time=0.007..0.008 rows=1 loops=1)
                                                        Filter: ((kind)::text = 'movie'::text)
                                                        Rows Removed by Filter: 6
                                      ->  Index Scan using movie_id_complete_cast on complete_cast cc  (cost=0.00..4.00 rows=2 width=12) (actual time=0.002..0.002 rows=0 loops=5032)
                                            Index Cond: (movie_id = t.id)
                                ->  Hash  (cost=4.00..4.00 rows=1 width=4) (actual time=0.003..0.003 rows=1 loops=1)
                                      Buckets: 1024  Batches: 1  Memory Usage: 9kB
                                      ->  Seq Scan on comp_cast_type cct1  (cost=0.00..4.00 rows=1 width=4) (actual time=0.002..0.002 rows=1 loops=1)
                                            Filter: ((kind)::text = 'cast'::text)
                                            Rows Removed by Filter: 3
                          ->  Hash  (cost=4.00..4.00 rows=2 width=4) (actual time=0.009..0.009 rows=2 loops=1)
                                Buckets: 1024  Batches: 1  Memory Usage: 9kB
                                ->  Seq Scan on comp_cast_type cct2  (cost=0.00..4.00 rows=2 width=4) (actual time=0.007..0.008 rows=2 loops=1)
                                      Filter: ((kind)::text ~~ '%complete%'::text)
                                      Rows Removed by Filter: 2
                    ->  Index Scan using movie_id_cast_info on cast_info ci  (cost=0.00..72.00 rows=36 width=12) (actual time=0.006..0.127 rows=150 loops=1267)
                          Index Cond: (movie_id = t.id)
              ->  Index Scan using char_name_pkey on char_name chn  (cost=0.00..2.00 rows=1 width=4) (actual time=0.001..0.001 rows=0 loops=189844)
                    Index Cond: (id = ci.person_role_id)
                    Filter: ((name IS NOT NULL) AND ((name ~~ '%man%'::text) OR (name ~~ '%Man%'::text)))
                    Rows Removed by Filter: 0
        ->  Index Scan using name_pkey on name n  (cost=0.00..2.00 rows=1 width=19) (actual time=0.004..0.004 rows=1 loops=5406)
              Index Cond: (id = ci.person_id)
Planning time: 7.545 ms
Execution time: 586.119 ms
