Aggregate  (cost=141587.00..141588.00 rows=1 width=96) (actual time=28.834..28.834 rows=1 loops=1)
  ->  Nested Loop  (cost=33218.00..141587.00 rows=12 width=48) (actual time=8.965..28.464 rows=1410 loops=1)
        ->  Nested Loop  (cost=33218.00..140142.00 rows=17 width=64) (actual time=8.956..25.972 rows=310 loops=1)
              ->  Nested Loop  (cost=33218.00..133864.00 rows=3138 width=68) (actual time=8.945..16.705 rows=6863 loops=1)
                    ->  Nested Loop  (cost=33218.00..39634.00 rows=698 width=60) (actual time=8.941..14.043 rows=698 loops=1)
                          ->  Merge Join  (cost=33218.00..34046.00 rows=2794 width=45) (actual time=8.929..9.583 rows=2794 loops=1)
                                Merge Cond: (mc.company_type_id = ct.id)
                                ->  Sort  (cost=33214.00..33214.00 rows=3313 width=49) (actual time=8.852..9.016 rows=3313 loops=1)
                                      Sort Key: mc.company_type_id
                                      Sort Method: quicksort  Memory: 445kB
                                      ->  Nested Loop  (cost=0.00..33214.00 rows=3313 width=49) (actual time=0.064..8.133 rows=3313 loops=1)
                                            ->  Nested Loop  (cost=0.00..15898.00 rows=1332 width=37) (actual time=0.051..4.533 rows=1332 loops=1)
                                                  ->  Nested Loop  (cost=0.00..11268.00 rows=2315 width=16) (actual time=0.015..0.717 rows=2315 loops=1)
                                                        ->  Seq Scan on link_type lt  (cost=0.00..18.00 rows=2 width=16) (actual time=0.005..0.009 rows=2 loops=1)
                                                              Filter: ((link)::text ~~ '%follow%'::text)
                                                              Rows Removed by Filter: 16
                                                        ->  Index Scan using link_type_id_movie_link on movie_link ml  (cost=0.00..3750.00 rows=1875 width=8) (actual time=0.008..0.213 rows=1158 loops=2)
                                                              Index Cond: (link_type_id = lt.id)
                                                  ->  Index Scan using title_pkey on title t  (cost=0.00..2.00 rows=1 width=21) (actual time=0.001..0.001 rows=1 loops=2315)
                                                        Index Cond: (id = ml.movie_id)
                                                        Filter: ((production_year >= 1950) AND (production_year <= 2000))
                                                        Rows Removed by Filter: 0
                                            ->  Index Scan using movie_id_movie_companies on movie_companies mc  (cost=0.00..10.00 rows=3 width=12) (actual time=0.002..0.002 rows=2 loops=1332)
                                                  Index Cond: (movie_id = ml.movie_id)
                                                  Filter: (note IS NULL)
                                                  Rows Removed by Filter: 2
                                ->  Sort  (cost=4.00..4.00 rows=1 width=4) (actual time=0.007..0.007 rows=1 loops=1)
                                      Sort Key: ct.id
                                      Sort Method: quicksort  Memory: 25kB
                                      ->  Seq Scan on company_type ct  (cost=0.00..4.00 rows=1 width=4) (actual time=0.003..0.004 rows=1 loops=1)
                                            Filter: ((kind)::text = 'production companies'::text)
                                            Rows Removed by Filter: 3
                          ->  Index Scan using company_name_pkey on company_name cn  (cost=0.00..2.00 rows=1 width=23) (actual time=0.001..0.001 rows=0 loops=2794)
                                Index Cond: (id = mc.company_id)
                                Filter: (((country_code)::text <> '[pl]'::text) AND ((name ~~ '%Film%'::text) OR (name ~~ '%Warner%'::text)))
                                Rows Removed by Filter: 1
                    ->  Index Scan using movie_id_movie_keyword on movie_keyword mk  (cost=0.00..90.00 rows=45 width=8) (actual time=0.001..0.002 rows=10 loops=698)
                          Index Cond: (movie_id = ml.movie_id)
              ->  Index Scan using keyword_pkey on keyword k  (cost=0.00..2.00 rows=1 width=4) (actual time=0.001..0.001 rows=0 loops=6863)
                    Index Cond: (id = mk.keyword_id)
                    Filter: (keyword = 'sequel'::text)
                    Rows Removed by Filter: 1
        ->  Index Scan using movie_id_movie_info on movie_info mi  (cost=0.00..84.00 rows=1 width=4) (actual time=0.006..0.007 rows=5 loops=310)
              Index Cond: (movie_id = ml.movie_id)
              Filter: (info = ANY ('{Sweden,Norway,Germany,Denmark,Swedish,Denish,Norwegian,German}'::text[]))
              Rows Removed by Filter: 13
Planning time: 7.302 ms
Execution time: 28.891 ms
