Aggregate  (cost=85097.00..85098.00 rows=1 width=96) (actual time=68.442..68.442 rows=1 loops=1)
  ->  Nested Loop  (cost=0.00..85097.00 rows=1 width=48) (actual time=1.130..68.000 rows=1410 loops=1)
        ->  Nested Loop  (cost=0.00..85093.00 rows=1 width=52) (actual time=1.127..66.688 rows=1505 loops=1)
              ->  Nested Loop  (cost=0.00..71081.00 rows=7005 width=56) (actual time=1.120..32.117 rows=24745 loops=1)
                    ->  Nested Loop  (cost=0.00..47321.00 rows=176 width=68) (actual time=1.116..22.724 rows=2565 loops=1)
                          ->  Nested Loop  (cost=0.00..36866.00 rows=123 width=64) (actual time=0.606..15.518 rows=746 loops=1)
                                ->  Nested Loop  (cost=0.00..33214.00 rows=1826 width=49) (actual time=0.080..9.397 rows=3313 loops=1)
                                      ->  Nested Loop  (cost=0.00..15898.00 rows=1332 width=37) (actual time=0.061..5.346 rows=1332 loops=1)
                                            ->  Nested Loop  (cost=0.00..11268.00 rows=2315 width=16) (actual time=0.018..0.861 rows=2315 loops=1)
                                                  ->  Seq Scan on link_type lt  (cost=0.00..18.00 rows=2 width=16) (actual time=0.006..0.010 rows=2 loops=1)
                                                        Filter: ((link)::text ~~ '%follow%'::text)
                                                        Rows Removed by Filter: 16
                                                  ->  Index Scan using link_type_id_movie_link on movie_link ml  (cost=0.00..3750.00 rows=1875 width=8) (actual time=0.010..0.284 rows=1158 loops=2)
                                                        Index Cond: (link_type_id = lt.id)
                                            ->  Index Scan using title_pkey on title t  (cost=0.00..2.00 rows=1 width=21) (actual time=0.002..0.002 rows=1 loops=2315)
                                                  Index Cond: (id = ml.movie_id)
                                                  Filter: ((production_year >= 1950) AND (production_year <= 2000))
                                                  Rows Removed by Filter: 0
                                      ->  Index Scan using movie_id_movie_companies on movie_companies mc  (cost=0.00..10.00 rows=3 width=12) (actual time=0.002..0.003 rows=2 loops=1332)
                                            Index Cond: (movie_id = ml.movie_id)
                                            Filter: (note IS NULL)
                                            Rows Removed by Filter: 2
                                ->  Index Scan using company_name_pkey on company_name cn  (cost=0.00..2.00 rows=1 width=23) (actual time=0.002..0.002 rows=0 loops=3313)
                                      Index Cond: (id = mc.company_id)
                                      Filter: (((country_code)::text <> '[pl]'::text) AND ((name ~~ '%Film%'::text) OR (name ~~ '%Warner%'::text)))
                                      Rows Removed by Filter: 1
                          ->  Index Scan using movie_id_movie_info on movie_info mi  (cost=0.00..84.00 rows=1 width=4) (actual time=0.008..0.009 rows=3 loops=746)
                                Index Cond: (movie_id = ml.movie_id)
                                Filter: (info = ANY ('{Sweden,Norway,Germany,Denmark,Swedish,Denish,Norwegian,German}'::text[]))
                                Rows Removed by Filter: 17
                    ->  Index Scan using movie_id_movie_keyword on movie_keyword mk  (cost=0.00..90.00 rows=45 width=8) (actual time=0.001..0.002 rows=10 loops=2565)
                          Index Cond: (movie_id = ml.movie_id)
              ->  Index Scan using keyword_pkey on keyword k  (cost=0.00..2.00 rows=1 width=4) (actual time=0.001..0.001 rows=0 loops=24745)
                    Index Cond: (id = mk.keyword_id)
                    Filter: (keyword = 'sequel'::text)
                    Rows Removed by Filter: 1
        ->  Index Scan using company_type_pkey on company_type ct  (cost=0.00..2.00 rows=1 width=4) (actual time=0.001..0.001 rows=1 loops=1505)
              Index Cond: (id = mc.company_type_id)
              Filter: ((kind)::text = 'production companies'::text)
              Rows Removed by Filter: 0
Planning time: 7.538 ms
Execution time: 68.508 ms
