Aggregate  (cost=60012.00..60013.00 rows=1 width=96) (actual time=16.767..16.767 rows=1 loops=1)
  ->  Nested Loop  (cost=33909.00..60012.00 rows=1 width=48) (actual time=11.820..16.751 rows=38 loops=1)
        ->  Nested Loop  (cost=33909.00..56410.00 rows=1800 width=52) (actual time=10.991..14.985 rows=1215 loops=1)
              ->  Nested Loop  (cost=33909.00..50335.00 rows=45 width=64) (actual time=10.987..14.060 rows=442 loops=1)
                    ->  Merge Join  (cost=33909.00..34100.00 rows=191 width=60) (actual time=10.976..11.112 rows=483 loops=1)
                          Merge Cond: (mc.company_type_id = ct.id)
                          ->  Sort  (cost=33905.00..33905.00 rows=763 width=64) (actual time=10.968..10.994 rows=483 loops=1)
                                Sort Key: mc.company_type_id
                                Sort Method: quicksort  Memory: 92kB
                                ->  Nested Loop  (cost=0.00..33905.00 rows=763 width=64) (actual time=0.214..10.845 rows=483 loops=1)
                                      ->  Nested Loop  (cost=0.00..28313.00 rows=2796 width=49) (actual time=0.023..7.357 rows=1989 loops=1)
                                            ->  Nested Loop  (cost=0.00..15898.00 rows=955 width=37) (actual time=0.019..4.560 rows=1007 loops=1)
                                                  ->  Nested Loop  (cost=0.00..11268.00 rows=2315 width=16) (actual time=0.015..0.714 rows=2315 loops=1)
                                                        ->  Seq Scan on link_type lt  (cost=0.00..18.00 rows=2 width=16) (actual time=0.005..0.008 rows=2 loops=1)
                                                              Filter: ((link)::text ~~ '%follow%'::text)
                                                              Rows Removed by Filter: 16
                                                        ->  Index Scan using link_type_id_movie_link on movie_link ml  (cost=0.00..3750.00 rows=1875 width=8) (actual time=0.008..0.214 rows=1158 loops=2)
                                                              Index Cond: (link_type_id = lt.id)
                                                  ->  Index Scan using title_pkey on title t  (cost=0.00..2.00 rows=1 width=21) (actual time=0.001..0.001 rows=0 loops=2315)
                                                        Index Cond: (id = ml.movie_id)
                                                        Filter: ((production_year >= 2000) AND (production_year <= 2010))
                                                        Rows Removed by Filter: 1
                                            ->  Index Scan using movie_id_movie_companies on movie_companies mc  (cost=0.00..10.00 rows=3 width=12) (actual time=0.002..0.002 rows=2 loops=1007)
                                                  Index Cond: (movie_id = ml.movie_id)
                                                  Filter: (note IS NULL)
                                                  Rows Removed by Filter: 3
                                      ->  Index Scan using company_name_pkey on company_name cn  (cost=0.00..2.00 rows=1 width=23) (actual time=0.002..0.002 rows=0 loops=1989)
                                            Index Cond: (id = mc.company_id)
                                            Filter: (((country_code)::text <> '[pl]'::text) AND ((name ~~ '%Film%'::text) OR (name ~~ '%Warner%'::text)))
                                            Rows Removed by Filter: 1
                          ->  Sort  (cost=4.00..4.00 rows=1 width=4) (actual time=0.006..0.006 rows=1 loops=1)
                                Sort Key: ct.id
                                Sort Method: quicksort  Memory: 25kB
                                ->  Seq Scan on company_type ct  (cost=0.00..4.00 rows=1 width=4) (actual time=0.003..0.003 rows=1 loops=1)
                                      Filter: ((kind)::text = 'production companies'::text)
                                      Rows Removed by Filter: 3
                    ->  Index Scan using movie_id_movie_info on movie_info mi  (cost=0.00..84.00 rows=1 width=4) (actual time=0.005..0.006 rows=1 loops=483)
                          Index Cond: (movie_id = ml.movie_id)
                          Filter: (info = ANY ('{Germany,German}'::text[]))
                          Rows Removed by Filter: 14
              ->  Index Scan using movie_id_movie_keyword on movie_keyword mk  (cost=0.00..90.00 rows=45 width=8) (actual time=0.001..0.002 rows=3 loops=442)
                    Index Cond: (movie_id = ml.movie_id)
        ->  Index Scan using keyword_pkey on keyword k  (cost=0.00..2.00 rows=1 width=4) (actual time=0.001..0.001 rows=0 loops=1215)
              Index Cond: (id = mk.keyword_id)
              Filter: (keyword = 'sequel'::text)
              Rows Removed by Filter: 1
Planning time: 7.279 ms
Execution time: 16.824 ms
