Aggregate  (cost=76608.00..76609.00 rows=1 width=96) (actual time=16.758..16.758 rows=1 loops=1)
  ->  Nested Loop  (cost=5.00..76608.00 rows=1 width=48) (actual time=4.264..16.740 rows=38 loops=1)
        ->  Nested Loop  (cost=5.00..64608.00 rows=5999 width=52) (actual time=0.234..14.954 rows=1215 loops=1)
              ->  Nested Loop  (cost=5.00..44223.00 rows=151 width=64) (actual time=0.230..14.057 rows=442 loops=1)
                    ->  Hash Join  (cost=5.00..33343.00 rows=128 width=60) (actual time=0.221..11.009 rows=483 loops=1)
                          Hash Cond: (mc.company_type_id = ct.id)
                          ->  Nested Loop  (cost=0.00..32967.00 rows=495 width=64) (actual time=0.213..10.889 rows=483 loops=1)
                                ->  Nested Loop  (cost=0.00..28989.00 rows=1989 width=49) (actual time=0.023..7.369 rows=1989 loops=1)
                                      ->  Nested Loop  (cost=0.00..15898.00 rows=1007 width=37) (actual time=0.019..4.590 rows=1007 loops=1)
                                            ->  Nested Loop  (cost=0.00..11268.00 rows=2315 width=16) (actual time=0.015..0.737 rows=2315 loops=1)
                                                  ->  Seq Scan on link_type lt  (cost=0.00..18.00 rows=2 width=16) (actual time=0.005..0.008 rows=2 loops=1)
                                                        Filter: ((link)::text ~~ '%follow%'::text)
                                                        Rows Removed by Filter: 16
                                                  ->  Index Scan using link_type_id_movie_link on movie_link ml  (cost=0.00..3750.00 rows=1875 width=8) (actual time=0.008..0.223 rows=1158 loops=2)
                                                        Index Cond: (link_type_id = lt.id)
                                            ->  Index Scan using title_pkey on title t  (cost=0.00..2.00 rows=1 width=21) (actual time=0.001..0.001 rows=0 loops=2315)
                                                  Index Cond: (id = ml.movie_id)
                                                  Filter: ((production_year >= 2000) AND (production_year <= 2010))
                                                  Rows Removed by Filter: 1
                                      ->  Index Scan using movie_id_movie_companies on movie_companies mc  (cost=0.00..10.00 rows=3 width=12) (actual time=0.002..0.002 rows=2 loops=1007)
                                            Index Cond: (movie_id = ml.movie_id)
                                            Filter: (note IS NULL)
                                            Rows Removed by Filter: 3
                                ->  Index Scan using company_name_pkey on company_name cn  (cost=0.00..2.00 rows=1 width=23) (actual time=0.002..0.002 rows=0 loops=1989)
                                      Index Cond: (id = mc.company_id)
                                      Filter: (((country_code)::text <> '[pl]'::text) AND ((name ~~ '%Film%'::text) OR (name ~~ '%Warner%'::text)))
                                      Rows Removed by Filter: 1
                          ->  Hash  (cost=4.00..4.00 rows=1 width=4) (actual time=0.004..0.004 rows=1 loops=1)
                                Buckets: 1024  Batches: 1  Memory Usage: 9kB
                                ->  Seq Scan on company_type ct  (cost=0.00..4.00 rows=1 width=4) (actual time=0.002..0.003 rows=1 loops=1)
                                      Filter: ((kind)::text = 'production companies'::text)
                                      Rows Removed by Filter: 3
                    ->  Index Scan using movie_id_movie_info on movie_info mi  (cost=0.00..84.00 rows=1 width=4) (actual time=0.005..0.006 rows=1 loops=483)
                          Index Cond: (movie_id = ml.movie_id)
                          Filter: (info = ANY ('{Germany,German}'::text[]))
                          Rows Removed by Filter: 14
              ->  Index Scan using movie_id_movie_keyword on movie_keyword mk  (cost=0.00..90.00 rows=45 width=8) (actual time=0.001..0.002 rows=3 loops=442)
                    Index Cond: (movie_id = ml.movie_id)
        ->  Index Scan using keyword_pkey on keyword k  (cost=0.00..2.00 rows=1 width=4) (actual time=0.001..0.001 rows=0 loops=1215)
              Index Cond: (id = mk.keyword_id)
              Filter: (keyword = 'sequel'::text)
              Rows Removed by Filter: 1
Planning time: 7.234 ms
Execution time: 16.813 ms
