Aggregate  (cost=109816.00..109817.00 rows=1 width=96) (actual time=16.129..16.129 rows=1 loops=1)
  ->  Nested Loop  (cost=0.00..109816.00 rows=127 width=48) (actual time=4.615..16.111 rows=38 loops=1)
        ->  Nested Loop  (cost=0.00..109730.00 rows=38 width=52) (actual time=4.613..16.069 rows=38 loops=1)
              ->  Nested Loop  (cost=0.00..101910.00 rows=92 width=68) (actual time=4.598..15.130 rows=92 loops=1)
                    ->  Nested Loop  (cost=0.00..98172.00 rows=1868 width=72) (actual time=0.214..12.266 rows=1868 loops=1)
                          ->  Nested Loop  (cost=0.00..32967.00 rows=483 width=64) (actual time=0.211..10.986 rows=483 loops=1)
                                ->  Nested Loop  (cost=0.00..28989.00 rows=1989 width=49) (actual time=0.022..7.454 rows=1989 loops=1)
                                      ->  Nested Loop  (cost=0.00..15898.00 rows=1007 width=37) (actual time=0.018..4.621 rows=1007 loops=1)
                                            ->  Nested Loop  (cost=0.00..11268.00 rows=2315 width=16) (actual time=0.014..0.717 rows=2315 loops=1)
                                                  ->  Seq Scan on link_type lt  (cost=0.00..18.00 rows=2 width=16) (actual time=0.004..0.008 rows=2 loops=1)
                                                        Filter: ((link)::text ~~ '%follow%'::text)
                                                        Rows Removed by Filter: 16
                                                  ->  Index Scan using link_type_id_movie_link on movie_link ml  (cost=0.00..3750.00 rows=1875 width=8) (actual time=0.008..0.216 rows=1158 loops=2)
                                                        Index Cond: (link_type_id = lt.id)
                                            ->  Index Scan using title_pkey on title t  (cost=0.00..2.00 rows=1 width=21) (actual time=0.001..0.001 rows=0 loops=2315)
                                                  Index Cond: (id = ml.movie_id)
                                                  Filter: ((production_year >= 2000) AND (production_year <= 2010))
                                                  Rows Removed by Filter: 1
                                      ->  Index Scan using movie_id_movie_companies on movie_companies mc  (cost=0.00..10.00 rows=3 width=12) (actual time=0.002..0.002 rows=2 loops=1007)
                                            Index Cond: (movie_id = ml.movie_id)
                                            Filter: (note IS NULL)
                                            Rows Removed by Filter: 3
                                ->  Index Scan using company_name_pkey on company_name cn  (cost=0.00..2.00 rows=1 width=23) (actual time=0.002..0.002 rows=0 loops=1989)
                                      Index Cond: (id = mc.company_id)
                                      Filter: (((country_code)::text <> '[pl]'::text) AND ((name ~~ '%Film%'::text) OR (name ~~ '%Warner%'::text)))
                                      Rows Removed by Filter: 1
                          ->  Index Scan using movie_id_movie_keyword on movie_keyword mk  (cost=0.00..90.00 rows=45 width=8) (actual time=0.001..0.002 rows=4 loops=483)
                                Index Cond: (movie_id = ml.movie_id)
                    ->  Index Scan using keyword_pkey on keyword k  (cost=0.00..2.00 rows=1 width=4) (actual time=0.001..0.001 rows=0 loops=1868)
                          Index Cond: (id = mk.keyword_id)
                          Filter: (keyword = 'sequel'::text)
                          Rows Removed by Filter: 1
              ->  Index Scan using movie_id_movie_info on movie_info mi  (cost=0.00..84.00 rows=1 width=4) (actual time=0.009..0.010 rows=0 loops=92)
                    Index Cond: (movie_id = ml.movie_id)
                    Filter: (info = ANY ('{Germany,German}'::text[]))
                    Rows Removed by Filter: 32
        ->  Index Scan using company_type_pkey on company_type ct  (cost=0.00..2.00 rows=1 width=4) (actual time=0.001..0.001 rows=1 loops=38)
              Index Cond: (id = mc.company_type_id)
              Filter: ((kind)::text = 'production companies'::text)
Planning time: 7.237 ms
Execution time: 16.193 ms
