Aggregate  (cost=123580.00..123581.00 rows=1 width=96) (actual time=39.828..39.828 rows=1 loops=1)
  ->  Nested Loop  (cost=48714.00..123580.00 rows=1 width=48) (actual time=21.237..39.355 rows=1874 loops=1)
        ->  Nested Loop  (cost=48714.00..123493.00 rows=1 width=64) (actual time=21.223..35.694 rows=402 loops=1)
              ->  Nested Loop  (cost=48714.00..95907.00 rows=13792 width=68) (actual time=20.162..24.042 rows=8697 loops=1)
                    ->  Merge Join  (cost=48714.00..49062.00 rows=347 width=60) (actual time=20.157..20.433 rows=1130 loops=1)
                          Merge Cond: (mc.company_type_id = ct.id)
                          ->  Sort  (cost=48710.00..48710.00 rows=1390 width=64) (actual time=20.142..20.207 rows=1178 loops=1)
                                Sort Key: mc.company_type_id
                                Sort Method: quicksort  Memory: 214kB
                                ->  Nested Loop  (cost=0.00..48710.00 rows=1390 width=64) (actual time=0.218..19.850 rows=1178 loops=1)
                                      ->  Nested Loop  (cost=0.00..38518.00 rows=5096 width=49) (actual time=0.024..11.127 rows=5015 loops=1)
                                            ->  Nested Loop  (cost=0.00..15898.00 rows=1740 width=37) (actual time=0.019..4.905 rows=2248 loops=1)
                                                  ->  Nested Loop  (cost=0.00..11268.00 rows=2315 width=16) (actual time=0.015..0.753 rows=2315 loops=1)
                                                        ->  Seq Scan on link_type lt  (cost=0.00..18.00 rows=2 width=16) (actual time=0.005..0.008 rows=2 loops=1)
                                                              Filter: ((link)::text ~~ '%follow%'::text)
                                                              Rows Removed by Filter: 16
                                                        ->  Index Scan using link_type_id_movie_link on movie_link ml  (cost=0.00..3750.00 rows=1875 width=8) (actual time=0.008..0.223 rows=1158 loops=2)
                                                              Index Cond: (link_type_id = lt.id)
                                                  ->  Index Scan using title_pkey on title t  (cost=0.00..2.00 rows=1 width=21) (actual time=0.002..0.002 rows=1 loops=2315)
                                                        Index Cond: (id = ml.movie_id)
                                                        Filter: ((production_year >= 1950) AND (production_year <= 2010))
                                                        Rows Removed by Filter: 0
                                            ->  Index Scan using movie_id_movie_companies on movie_companies mc  (cost=0.00..10.00 rows=3 width=12) (actual time=0.002..0.002 rows=2 loops=2248)
                                                  Index Cond: (movie_id = ml.movie_id)
                                                  Filter: (note IS NULL)
                                                  Rows Removed by Filter: 2
                                      ->  Index Scan using company_name_pkey on company_name cn  (cost=0.00..2.00 rows=1 width=23) (actual time=0.002..0.002 rows=0 loops=5015)
                                            Index Cond: (id = mc.company_id)
                                            Filter: (((country_code)::text <> '[pl]'::text) AND ((name ~~ '%Film%'::text) OR (name ~~ '%Warner%'::text)))
                                            Rows Removed by Filter: 1
                          ->  Sort  (cost=4.00..4.00 rows=1 width=4) (actual time=0.007..0.007 rows=1 loops=1)
                                Sort Key: ct.id
                                Sort Method: quicksort  Memory: 25kB
                                ->  Seq Scan on company_type ct  (cost=0.00..4.00 rows=1 width=4) (actual time=0.003..0.004 rows=1 loops=1)
                                      Filter: ((kind)::text = 'production companies'::text)
                                      Rows Removed by Filter: 3
                    ->  Index Scan using movie_id_movie_keyword on movie_keyword mk  (cost=0.00..90.00 rows=45 width=8) (actual time=0.001..0.002 rows=8 loops=1130)
                          Index Cond: (movie_id = ml.movie_id)
              ->  Index Scan using keyword_pkey on keyword k  (cost=0.00..2.00 rows=1 width=4) (actual time=0.001..0.001 rows=0 loops=8697)
                    Index Cond: (id = mk.keyword_id)
                    Filter: (keyword = 'sequel'::text)
                    Rows Removed by Filter: 1
        ->  Index Scan using movie_id_movie_info on movie_info mi  (cost=0.00..84.00 rows=3 width=4) (actual time=0.006..0.008 rows=5 loops=402)
              Index Cond: (movie_id = ml.movie_id)
              Filter: (info = ANY ('{Sweden,Norway,Germany,Denmark,Swedish,Denish,Norwegian,German,English}'::text[]))
              Rows Removed by Filter: 16
Planning time: 7.234 ms
Execution time: 39.886 ms
