Aggregate  (cost=135668.33..135669.33 rows=1 width=96) (actual time=56.359..56.359 rows=1 loops=1)
  ->  Nested Loop  (cost=0.00..135668.33 rows=1 width=48) (actual time=0.731..55.811 rows=1874 loops=1)
        ->  Nested Loop  (cost=0.00..135581.33 rows=1 width=64) (actual time=0.724..51.832 rows=402 loops=1)
              ->  Nested Loop  (cost=0.00..135577.33 rows=1 width=68) (actual time=0.722..51.432 rows=422 loops=1)
                    ->  Nested Loop  (cost=0.00..135573.33 rows=2 width=53) (actual time=0.545..49.597 rows=1021 loops=1)
                          ->  Nested Loop  (cost=0.00..135560.33 rows=1 width=41) (actual time=0.541..48.861 rows=199 loops=1)
                                ->  Nested Loop  (cost=0.00..135543.00 rows=8 width=33) (actual time=0.539..48.612 rows=251 loops=1)
                                      ->  Nested Loop  (cost=0.00..135153.00 rows=26 width=25) (actual time=0.536..41.094 rows=8370 loops=1)
                                            ->  Nested Loop  (cost=0.00..135085.00 rows=34 width=4) (actual time=0.532..15.759 rows=10544 loops=1)
                                                  ->  Seq Scan on keyword k  (cost=0.00..134170.00 rows=1 width=4) (actual time=0.521..8.514 rows=1 loops=1)
                                                        Filter: (keyword = 'sequel'::text)
                                                        Rows Removed by Filter: 134169
                                                  ->  Index Scan using keyword_id_movie_keyword on movie_keyword mk  (cost=0.00..610.00 rows=305 width=8) (actual time=0.010..6.007 rows=10544 loops=1)
                                                        Index Cond: (keyword_id = k.id)
                                            ->  Index Scan using title_pkey on title t  (cost=0.00..2.00 rows=1 width=21) (actual time=0.002..0.002 rows=1 loops=10544)
                                                  Index Cond: (id = mk.movie_id)
                                                  Filter: ((production_year >= 1950) AND (production_year <= 2010))
                                                  Rows Removed by Filter: 0
                                      ->  Index Scan using movie_id_movie_link on movie_link ml  (cost=0.00..10.00 rows=5 width=8) (actual time=0.001..0.001 rows=0 loops=8370)
                                            Index Cond: (movie_id = t.id)
                                ->  Index Scan using link_type_pkey on link_type lt  (cost=0.00..2.00 rows=1 width=16) (actual time=0.001..0.001 rows=1 loops=251)
                                      Index Cond: (id = ml.link_type_id)
                                      Filter: ((link)::text ~~ '%follow%'::text)
                                      Rows Removed by Filter: 0
                          ->  Index Scan using movie_id_movie_companies on movie_companies mc  (cost=0.00..10.00 rows=3 width=12) (actual time=0.002..0.003 rows=5 loops=199)
                                Index Cond: (movie_id = ml.movie_id)
                                Filter: (note IS NULL)
                                Rows Removed by Filter: 2
                    ->  Index Scan using company_name_pkey on company_name cn  (cost=0.00..2.00 rows=1 width=23) (actual time=0.002..0.002 rows=0 loops=1021)
                          Index Cond: (id = mc.company_id)
                          Filter: (((country_code)::text <> '[pl]'::text) AND ((name ~~ '%Film%'::text) OR (name ~~ '%Warner%'::text)))
                          Rows Removed by Filter: 1
              ->  Index Scan using company_type_pkey on company_type ct  (cost=0.00..2.00 rows=1 width=4) (actual time=0.001..0.001 rows=1 loops=422)
                    Index Cond: (id = mc.company_type_id)
                    Filter: ((kind)::text = 'production companies'::text)
                    Rows Removed by Filter: 0
        ->  Index Scan using movie_id_movie_info on movie_info mi  (cost=0.00..84.00 rows=3 width=4) (actual time=0.007..0.009 rows=5 loops=402)
              Index Cond: (movie_id = ml.movie_id)
              Filter: (info = ANY ('{Sweden,Norway,Germany,Denmark,Swedish,Denish,Norwegian,German,English}'::text[]))
              Rows Removed by Filter: 16
Planning time: 7.250 ms
Execution time: 56.415 ms
