Aggregate  (cost=184693.00..184694.00 rows=1 width=96) (actual time=31.688..31.688 rows=1 loops=1)
  ->  Hash Join  (cost=146358.00..184693.00 rows=1409 width=48) (actual time=18.940..31.099 rows=1874 loops=1)
        Hash Cond: (mc.company_type_id = ct.id)
        ->  Nested Loop  (cost=146353.00..183210.00 rows=1970 width=52) (actual time=18.928..30.761 rows=1970 loops=1)
              ->  Nested Loop  (cost=146353.00..174006.00 rows=4602 width=37) (actual time=18.549..23.893 rows=4602 loops=1)
                    ->  Nested Loop  (cost=146353.00..164308.00 rows=746 width=45) (actual time=18.541..21.262 rows=746 loops=1)
                          ->  Nested Loop  (cost=146353.00..146995.00 rows=199 width=41) (actual time=18.519..19.188 rows=199 loops=1)
                                ->  Merge Join  (cost=146353.00..146597.00 rows=199 width=20) (actual time=18.511..18.811 rows=199 loops=1)
                                      Merge Cond: (mk.movie_id = ml.movie_id)
                                      ->  Sort  (cost=135085.00..135085.00 rows=10544 width=4) (actual time=17.435..17.439 rows=47 loops=1)
                                            Sort Key: mk.movie_id
                                            Sort Method: quicksort  Memory: 879kB
                                            ->  Nested Loop  (cost=0.00..135085.00 rows=10544 width=4) (actual time=0.552..15.756 rows=10544 loops=1)
                                                  ->  Seq Scan on keyword k  (cost=0.00..134170.00 rows=1 width=4) (actual time=0.541..8.522 rows=1 loops=1)
                                                        Filter: (keyword = 'sequel'::text)
                                                        Rows Removed by Filter: 134169
                                                  ->  Index Scan using keyword_id_movie_keyword on movie_keyword mk  (cost=0.00..610.00 rows=305 width=8) (actual time=0.010..6.069 rows=10544 loops=1)
                                                        Index Cond: (keyword_id = k.id)
                                      ->  Sort  (cost=11268.00..11268.00 rows=2315 width=16) (actual time=1.070..1.184 rows=2316 loops=1)
                                            Sort Key: ml.movie_id
                                            Sort Method: quicksort  Memory: 205kB
                                            ->  Nested Loop  (cost=0.00..11268.00 rows=2315 width=16) (actual time=0.027..0.687 rows=2315 loops=1)
                                                  ->  Seq Scan on link_type lt  (cost=0.00..18.00 rows=2 width=16) (actual time=0.014..0.017 rows=2 loops=1)
                                                        Filter: ((link)::text ~~ '%follow%'::text)
                                                        Rows Removed by Filter: 16
                                                  ->  Index Scan using link_type_id_movie_link on movie_link ml  (cost=0.00..3750.00 rows=1875 width=8) (actual time=0.008..0.223 rows=1158 loops=2)
                                                        Index Cond: (link_type_id = lt.id)
                                ->  Index Scan using title_pkey on title t  (cost=0.00..2.00 rows=1 width=21) (actual time=0.002..0.002 rows=1 loops=199)
                                      Index Cond: (id = ml.movie_id)
                                      Filter: ((production_year >= 1950) AND (production_year <= 2010))
                          ->  Index Scan using movie_id_movie_info on movie_info mi  (cost=0.00..84.00 rows=3 width=4) (actual time=0.008..0.010 rows=4 loops=199)
                                Index Cond: (movie_id = ml.movie_id)
                                Filter: (info = ANY ('{Sweden,Norway,Germany,Denmark,Swedish,Denish,Norwegian,German,English}'::text[]))
                                Rows Removed by Filter: 17
                    ->  Index Scan using movie_id_movie_companies on movie_companies mc  (cost=0.00..10.00 rows=3 width=12) (actual time=0.002..0.003 rows=6 loops=746)
                          Index Cond: (movie_id = ml.movie_id)
                          Filter: (note IS NULL)
                          Rows Removed by Filter: 2
              ->  Index Scan using company_name_pkey on company_name cn  (cost=0.00..2.00 rows=1 width=23) (actual time=0.001..0.001 rows=0 loops=4602)
                    Index Cond: (id = mc.company_id)
                    Filter: (((country_code)::text <> '[pl]'::text) AND ((name ~~ '%Film%'::text) OR (name ~~ '%Warner%'::text)))
                    Rows Removed by Filter: 1
        ->  Hash  (cost=4.00..4.00 rows=1 width=4) (actual time=0.007..0.007 rows=1 loops=1)
              Buckets: 1024  Batches: 1  Memory Usage: 9kB
              ->  Seq Scan on company_type ct  (cost=0.00..4.00 rows=1 width=4) (actual time=0.005..0.006 rows=1 loops=1)
                    Filter: ((kind)::text = 'production companies'::text)
                    Rows Removed by Filter: 3
Planning time: 7.282 ms
Execution time: 31.754 ms
