Aggregate  (cost=137377.80..137378.80 rows=1 width=96) (actual time=313.351..313.352 rows=1 loops=1)
  ->  Nested Loop  (cost=0.00..137377.80 rows=1 width=41) (actual time=3.600..312.346 rows=2851 loops=1)
        ->  Nested Loop  (cost=0.00..137373.80 rows=1 width=45) (actual time=3.598..309.122 rows=3042 loops=1)
              ->  Nested Loop  (cost=0.00..137287.80 rows=1 width=57) (actual time=1.328..191.413 rows=2958 loops=1)
                    ->  Nested Loop  (cost=0.00..137285.00 rows=1 width=61) (actual time=1.324..188.195 rows=2958 loops=1)
                          ->  Nested Loop  (cost=0.00..137283.00 rows=1 width=46) (actual time=1.320..180.014 rows=3374 loops=1)
                                ->  Nested Loop  (cost=0.00..137272.00 rows=1 width=34) (actual time=1.314..161.314 rows=2378 loops=1)
                                      ->  Nested Loop  (cost=0.00..137232.00 rows=19 width=38) (actual time=0.848..152.251 rows=8699 loops=1)
                                            ->  Nested Loop  (cost=0.00..137169.00 rows=7 width=25) (actual time=0.842..135.291 rows=4832 loops=1)
                                                  ->  Nested Loop  (cost=0.00..137117.00 rows=26 width=29) (actual time=0.839..129.377 rows=5606 loops=1)
                                                        ->  Nested Loop  (cost=0.00..136915.00 rows=101 width=4) (actual time=0.824..43.230 rows=37091 loops=1)
                                                              ->  Seq Scan on keyword k  (cost=0.00..134170.00 rows=3 width=4) (actual time=0.816..15.155 rows=3 loops=1)
                                                                    Filter: (keyword = ANY ('{murder,murder-in-title,blood,violence}'::text[]))
                                                                    Rows Removed by Filter: 134167
                                                              ->  Index Scan using keyword_id_movie_keyword on movie_keyword mk  (cost=0.00..610.00 rows=305 width=8) (actual time=0.007..7.853 rows=12364 loops=3)
                                                                    Index Cond: (keyword_id = k.id)
                                                        ->  Index Scan using title_pkey on title t  (cost=0.00..2.00 rows=1 width=25) (actual time=0.002..0.002 rows=0 loops=37091)
                                                              Index Cond: (id = mk.movie_id)
                                                              Filter: (production_year > 2008)
                                                              Rows Removed by Filter: 1
                                                  ->  Index Scan using kind_type_pkey on kind_type kt  (cost=0.00..2.00 rows=1 width=4) (actual time=0.001..0.001 rows=1 loops=5606)
                                                        Index Cond: (id = t.kind_id)
                                                        Filter: ((kind)::text = ANY ('{movie,episode}'::text[]))
                                                        Rows Removed by Filter: 0
                                            ->  Index Scan using movie_id_movie_info_idx on movie_info_idx mi_idx  (cost=0.00..6.00 rows=3 width=13) (actual time=0.003..0.003 rows=2 loops=4832)
                                                  Index Cond: (movie_id = t.id)
                                                  Filter: (info < '7.0'::text)
                                                  Rows Removed by Filter: 0
                                      ->  Index Scan using info_type_pkey on info_type it2  (cost=0.00..2.00 rows=1 width=4) (actual time=0.001..0.001 rows=0 loops=8699)
                                            Index Cond: (id = mi_idx.info_type_id)
                                            Filter: ((info)::text = 'rating'::text)
                                            Rows Removed by Filter: 1
                                ->  Index Scan using movie_id_movie_companies on movie_companies mc  (cost=0.00..10.00 rows=1 width=12) (actual time=0.006..0.007 rows=1 loops=2378)
                                      Index Cond: (movie_id = t.id)
                                      Filter: ((note !~~ '%(USA)%'::text) AND (note ~~ '%(200%)%'::text))
                                      Rows Removed by Filter: 10
                          ->  Index Scan using company_name_pkey on company_name cn  (cost=0.00..2.00 rows=1 width=23) (actual time=0.002..0.002 rows=1 loops=3374)
                                Index Cond: (id = mc.company_id)
                                Filter: ((country_code)::text <> '[us]'::text)
                                Rows Removed by Filter: 0
                    ->  Index Only Scan using company_type_pkey on company_type ct  (cost=0.00..2.00 rows=1 width=4) (actual time=0.001..0.001 rows=1 loops=2958)
                          Index Cond: (id = mc.company_type_id)
                          Heap Fetches: 2958
              ->  Index Scan using movie_id_movie_info on movie_info mi  (cost=0.00..84.00 rows=2 width=8) (actual time=0.036..0.039 rows=1 loops=2958)
                    Index Cond: (movie_id = t.id)
                    Filter: (info = ANY ('{Germany,German,USA,American}'::text[]))
                    Rows Removed by Filter: 155
        ->  Index Scan using info_type_pkey on info_type it1  (cost=0.00..2.00 rows=1 width=4) (actual time=0.001..0.001 rows=1 loops=3042)
              Index Cond: (id = mi.info_type_id)
              Filter: ((info)::text = 'countries'::text)
              Rows Removed by Filter: 0
Planning time: 18.814 ms
Execution time: 313.427 ms
