Aggregate  (cost=137350.80..137351.80 rows=1 width=96) (actual time=154.333..154.333 rows=1 loops=1)
  ->  Nested Loop  (cost=0.00..137350.80 rows=1 width=41) (actual time=3.802..154.313 rows=31 loops=1)
        ->  Nested Loop  (cost=0.00..137346.80 rows=1 width=45) (actual time=3.800..154.268 rows=34 loops=1)
              ->  Nested Loop  (cost=0.00..137260.80 rows=1 width=57) (actual time=3.782..153.129 rows=50 loops=1)
                    ->  Nested Loop  (cost=0.00..137258.00 rows=1 width=61) (actual time=3.778..153.040 rows=50 loops=1)
                          ->  Nested Loop  (cost=0.00..137256.00 rows=1 width=46) (actual time=3.774..152.778 rows=78 loops=1)
                                ->  Nested Loop  (cost=0.00..137245.00 rows=1 width=34) (actual time=1.543..141.464 rows=1615 loops=1)
                                      ->  Nested Loop  (cost=0.00..137213.00 rows=15 width=38) (actual time=0.815..135.413 rows=5977 loops=1)
                                            ->  Nested Loop  (cost=0.00..137159.00 rows=6 width=25) (actual time=0.810..123.728 rows=3517 loops=1)
                                                  ->  Nested Loop  (cost=0.00..137117.00 rows=21 width=29) (actual time=0.808..119.532 rows=4040 loops=1)
                                                        ->  Nested Loop  (cost=0.00..136915.00 rows=101 width=4) (actual time=0.796..40.344 rows=37091 loops=1)
                                                              ->  Seq Scan on keyword k  (cost=0.00..134170.00 rows=3 width=4) (actual time=0.788..15.230 rows=3 loops=1)
                                                                    Filter: (keyword = ANY ('{murder,murder-in-title,blood,violence}'::text[]))
                                                                    Rows Removed by Filter: 134167
                                                              ->  Index Scan using keyword_id_movie_keyword on movie_keyword mk  (cost=0.00..610.00 rows=305 width=8) (actual time=0.007..6.924 rows=12364 loops=3)
                                                                    Index Cond: (keyword_id = k.id)
                                                        ->  Index Scan using title_pkey on title t  (cost=0.00..2.00 rows=1 width=25) (actual time=0.002..0.002 rows=0 loops=37091)
                                                              Index Cond: (id = mk.movie_id)
                                                              Filter: (production_year > 2009)
                                                              Rows Removed by Filter: 1
                                                  ->  Index Scan using kind_type_pkey on kind_type kt  (cost=0.00..2.00 rows=1 width=4) (actual time=0.001..0.001 rows=1 loops=4040)
                                                        Index Cond: (id = t.kind_id)
                                                        Filter: ((kind)::text = ANY ('{movie,episode}'::text[]))
                                                        Rows Removed by Filter: 0
                                            ->  Index Scan using movie_id_movie_info_idx on movie_info_idx mi_idx  (cost=0.00..6.00 rows=3 width=13) (actual time=0.002..0.003 rows=2 loops=3517)
                                                  Index Cond: (movie_id = t.id)
                                                  Filter: (info < '7.0'::text)
                                                  Rows Removed by Filter: 0
                                      ->  Index Scan using info_type_pkey on info_type it2  (cost=0.00..2.00 rows=1 width=4) (actual time=0.001..0.001 rows=0 loops=5977)
                                            Index Cond: (id = mi_idx.info_type_id)
                                            Filter: ((info)::text = 'rating'::text)
                                            Rows Removed by Filter: 1
                                ->  Index Scan using movie_id_movie_companies on movie_companies mc  (cost=0.00..10.00 rows=1 width=12) (actual time=0.007..0.007 rows=0 loops=1615)
                                      Index Cond: (movie_id = t.id)
                                      Filter: ((note !~~ '%(USA)%'::text) AND (note ~~ '%(200%)%'::text))
                                      Rows Removed by Filter: 12
                          ->  Index Scan using company_name_pkey on company_name cn  (cost=0.00..2.00 rows=1 width=23) (actual time=0.003..0.003 rows=1 loops=78)
                                Index Cond: (id = mc.company_id)
                                Filter: ((country_code)::text <> '[us]'::text)
                                Rows Removed by Filter: 0
                    ->  Index Only Scan using company_type_pkey on company_type ct  (cost=0.00..2.00 rows=1 width=4) (actual time=0.001..0.001 rows=1 loops=50)
                          Index Cond: (id = mc.company_type_id)
                          Heap Fetches: 50
              ->  Index Scan using movie_id_movie_info on movie_info mi  (cost=0.00..84.00 rows=2 width=8) (actual time=0.021..0.022 rows=1 loops=50)
                    Index Cond: (movie_id = t.id)
                    Filter: (info = ANY ('{Germany,German,USA,American}'::text[]))
                    Rows Removed by Filter: 53
        ->  Index Scan using info_type_pkey on info_type it1  (cost=0.00..2.00 rows=1 width=4) (actual time=0.001..0.001 rows=1 loops=34)
              Index Cond: (id = mi.info_type_id)
              Filter: ((info)::text = 'countries'::text)
              Rows Removed by Filter: 0
Planning time: 18.725 ms
Execution time: 154.401 ms
