Aggregate  (cost=138357.80..138358.80 rows=1 width=96) (actual time=154.722..154.722 rows=1 loops=1)
  ->  Nested Loop  (cost=0.00..138357.80 rows=1 width=41) (actual time=3.979..154.701 rows=31 loops=1)
        ->  Nested Loop  (cost=0.00..138353.80 rows=1 width=45) (actual time=3.972..154.587 rows=92 loops=1)
              ->  Nested Loop  (cost=0.00..138344.80 rows=1 width=52) (actual time=3.965..154.422 rows=34 loops=1)
                    ->  Nested Loop  (cost=0.00..138336.80 rows=3 width=56) (actual time=3.962..154.362 rows=37 loops=1)
                          ->  Nested Loop  (cost=0.00..138250.80 rows=1 width=48) (actual time=3.941..152.956 rows=62 loops=1)
                                ->  Nested Loop  (cost=0.00..138248.00 rows=1 width=52) (actual time=3.937..152.845 rows=62 loops=1)
                                      ->  Nested Loop  (cost=0.00..138244.00 rows=2 width=37) (actual time=3.933..152.537 rows=95 loops=1)
                                            ->  Nested Loop  (cost=0.00..138156.00 rows=8 width=25) (actual time=0.814..131.658 rows=3517 loops=1)
                                                  ->  Nested Loop  (cost=0.00..138100.00 rows=28 width=29) (actual time=0.812..127.520 rows=4040 loops=1)
                                                        ->  Nested Loop  (cost=0.00..137830.00 rows=135 width=4) (actual time=0.799..42.869 rows=37091 loops=1)
                                                              ->  Seq Scan on keyword k  (cost=0.00..134170.00 rows=4 width=4) (actual time=0.791..15.328 rows=3 loops=1)
                                                                    Filter: (keyword = ANY ('{murder,murder-in-title,blood,violence}'::text[]))
                                                                    Rows Removed by Filter: 134167
                                                              ->  Index Scan using keyword_id_movie_keyword on movie_keyword mk  (cost=0.00..610.00 rows=305 width=8) (actual time=0.007..7.715 rows=12364 loops=3)
                                                                    Index Cond: (keyword_id = k.id)
                                                        ->  Index Scan using title_pkey on title t  (cost=0.00..2.00 rows=1 width=25) (actual time=0.002..0.002 rows=0 loops=37091)
                                                              Index Cond: (id = mk.movie_id)
                                                              Filter: (production_year > 2009)
                                                              Rows Removed by Filter: 1
                                                  ->  Index Scan using kind_type_pkey on kind_type kt  (cost=0.00..2.00 rows=1 width=4) (actual time=0.001..0.001 rows=1 loops=4040)
                                                        Index Cond: (id = t.kind_id)
                                                        Filter: ((kind)::text = ANY ('{movie,episode}'::text[]))
                                                        Rows Removed by Filter: 0
                                            ->  Index Scan using movie_id_movie_companies on movie_companies mc  (cost=0.00..10.00 rows=1 width=12) (actual time=0.006..0.006 rows=0 loops=3517)
                                                  Index Cond: (movie_id = t.id)
                                                  Filter: ((note !~~ '%(USA)%'::text) AND (note ~~ '%(200%)%'::text))
                                                  Rows Removed by Filter: 8
                                      ->  Index Scan using company_name_pkey on company_name cn  (cost=0.00..2.00 rows=1 width=23) (actual time=0.003..0.003 rows=1 loops=95)
                                            Index Cond: (id = mc.company_id)
                                            Filter: ((country_code)::text <> '[us]'::text)
                                            Rows Removed by Filter: 0
                                ->  Index Only Scan using company_type_pkey on company_type ct  (cost=0.00..2.00 rows=1 width=4) (actual time=0.001..0.001 rows=1 loops=62)
                                      Index Cond: (id = mc.company_type_id)
                                      Heap Fetches: 62
                          ->  Index Scan using movie_id_movie_info on movie_info mi  (cost=0.00..84.00 rows=2 width=8) (actual time=0.021..0.022 rows=1 loops=62)
                                Index Cond: (movie_id = t.id)
                                Filter: (info = ANY ('{Germany,German,USA,American}'::text[]))
                                Rows Removed by Filter: 48
                    ->  Index Scan using info_type_pkey on info_type it1  (cost=0.00..2.00 rows=1 width=4) (actual time=0.001..0.001 rows=1 loops=37)
                          Index Cond: (id = mi.info_type_id)
                          Filter: ((info)::text = 'countries'::text)
                          Rows Removed by Filter: 0
              ->  Index Scan using movie_id_movie_info_idx on movie_info_idx mi_idx  (cost=0.00..6.00 rows=3 width=13) (actual time=0.003..0.004 rows=3 loops=34)
                    Index Cond: (movie_id = t.id)
                    Filter: (info < '7.0'::text)
                    Rows Removed by Filter: 0
        ->  Index Scan using info_type_pkey on info_type it2  (cost=0.00..2.00 rows=1 width=4) (actual time=0.001..0.001 rows=0 loops=92)
              Index Cond: (id = mi_idx.info_type_id)
              Filter: ((info)::text = 'rating'::text)
              Rows Removed by Filter: 1
Planning time: 19.111 ms
Execution time: 154.795 ms
