Aggregate  (cost=251635.00..251636.00 rows=1 width=96) (actual time=136.388..136.388 rows=1 loops=1)
  ->  Nested Loop  (cost=251538.00..251635.00 rows=1 width=41) (actual time=135.309..136.371 rows=31 loops=1)
        ->  Nested Loop  (cost=251538.00..251631.00 rows=1 width=45) (actual time=135.306..136.335 rows=34 loops=1)
              ->  Merge Join  (cost=251538.00..251545.00 rows=1 width=57) (actual time=135.253..135.266 rows=50 loops=1)
                    Merge Cond: (mc.company_type_id = ct.id)
                    ->  Sort  (cost=251534.00..251534.00 rows=7 width=61) (actual time=135.246..135.249 rows=50 loops=1)
                          Sort Key: mc.company_type_id
                          Sort Method: quicksort  Memory: 31kB
                          ->  Merge Join  (cost=251428.00..251534.00 rows=7 width=61) (actual time=135.221..135.234 rows=50 loops=1)
                                Merge Cond: (mi_idx.info_type_id = it2.id)
                                ->  Sort  (cost=251315.00..251315.00 rows=12026 width=65) (actual time=135.187..135.197 rows=153 loops=1)
                                      Sort Key: mi_idx.info_type_id
                                      Sort Method: quicksort  Memory: 46kB
                                      ->  Nested Loop  (cost=211104.00..251315.00 rows=12026 width=65) (actual time=115.444..135.137 rows=153 loops=1)
                                            ->  Nested Loop  (cost=211104.00..251135.00 rows=20 width=52) (actual time=115.437..134.869 rows=62 loops=1)
                                                  ->  Nested Loop  (cost=211104.00..250945.00 rows=95 width=37) (actual time=115.247..134.586 rows=95 loops=1)
                                                        ->  Merge Join  (cost=211104.00..212258.00 rows=3517 width=25) (actual time=114.930..115.941 rows=3517 loops=1)
                                                              Merge Cond: (t.kind_id = kt.id)
                                                              ->  Sort  (cost=211097.00..211097.00 rows=4040 width=29) (actual time=114.918..115.209 rows=4040 loops=1)
                                                                    Sort Key: t.kind_id
                                                                    Sort Method: quicksort  Memory: 420kB
                                                                    ->  Nested Loop  (cost=0.00..211097.00 rows=4040 width=29) (actual time=0.818..114.110 rows=4040 loops=1)
                                                                          ->  Nested Loop  (cost=0.00..136915.00 rows=37091 width=4) (actual time=0.805..39.941 rows=37091 loops=1)
                                                                                ->  Seq Scan on keyword k  (cost=0.00..134170.00 rows=3 width=4) (actual time=0.797..15.870 rows=3 loops=1)
                                                                                      Filter: (keyword = ANY ('{murder,murder-in-title,blood,violence}'::text[]))
                                                                                      Rows Removed by Filter: 134167
                                                                                ->  Index Scan using keyword_id_movie_keyword on movie_keyword mk  (cost=0.00..610.00 rows=305 width=8) (actual time=0.006..6.574 rows=12364 loops=3)
                                                                                      Index Cond: (keyword_id = k.id)
                                                                          ->  Index Scan using title_pkey on title t  (cost=0.00..2.00 rows=1 width=25) (actual time=0.002..0.002 rows=0 loops=37091)
                                                                                Index Cond: (id = mk.movie_id)
                                                                                Filter: (production_year > 2009)
                                                                                Rows Removed by Filter: 1
                                                              ->  Sort  (cost=7.00..7.00 rows=2 width=4) (actual time=0.010..0.010 rows=2 loops=1)
                                                                    Sort Key: kt.id
                                                                    Sort Method: quicksort  Memory: 25kB
                                                                    ->  Seq Scan on kind_type kt  (cost=0.00..7.00 rows=2 width=4) (actual time=0.004..0.005 rows=2 loops=1)
                                                                          Filter: ((kind)::text = ANY ('{movie,episode}'::text[]))
                                                                          Rows Removed by Filter: 5
                                                        ->  Index Scan using movie_id_movie_companies on movie_companies mc  (cost=0.00..10.00 rows=1 width=12) (actual time=0.005..0.005 rows=0 loops=3517)
                                                              Index Cond: (movie_id = t.id)
                                                              Filter: ((note !~~ '%(USA)%'::text) AND (note ~~ '%(200%)%'::text))
                                                              Rows Removed by Filter: 8
                                                  ->  Index Scan using company_name_pkey on company_name cn  (cost=0.00..2.00 rows=1 width=23) (actual time=0.003..0.003 rows=1 loops=95)
                                                        Index Cond: (id = mc.company_id)
                                                        Filter: ((country_code)::text <> '[us]'::text)
                                                        Rows Removed by Filter: 0
                                            ->  Index Scan using movie_id_movie_info_idx on movie_info_idx mi_idx  (cost=0.00..6.00 rows=3 width=13) (actual time=0.003..0.004 rows=2 loops=62)
                                                  Index Cond: (movie_id = t.id)
                                                  Filter: (info < '7.0'::text)
                                                  Rows Removed by Filter: 0
                                ->  Sort  (cost=113.00..113.00 rows=1 width=4) (actual time=0.016..0.016 rows=1 loops=1)
                                      Sort Key: it2.id
                                      Sort Method: quicksort  Memory: 25kB
                                      ->  Seq Scan on info_type it2  (cost=0.00..113.00 rows=1 width=4) (actual time=0.011..0.012 rows=1 loops=1)
                                            Filter: ((info)::text = 'rating'::text)
                                            Rows Removed by Filter: 112
                    ->  Sort  (cost=4.00..4.00 rows=4 width=4) (actual time=0.005..0.005 rows=1 loops=1)
                          Sort Key: ct.id
                          Sort Method: quicksort  Memory: 25kB
                          ->  Seq Scan on company_type ct  (cost=0.00..4.00 rows=4 width=4) (actual time=0.002..0.003 rows=4 loops=1)
              ->  Index Scan using movie_id_movie_info on movie_info mi  (cost=0.00..84.00 rows=2 width=8) (actual time=0.020..0.021 rows=1 loops=50)
                    Index Cond: (movie_id = t.id)
                    Filter: (info = ANY ('{Germany,German,USA,American}'::text[]))
                    Rows Removed by Filter: 53
        ->  Index Scan using info_type_pkey on info_type it1  (cost=0.00..2.00 rows=1 width=4) (actual time=0.001..0.001 rows=1 loops=34)
              Index Cond: (id = mi.info_type_id)
              Filter: ((info)::text = 'countries'::text)
              Rows Removed by Filter: 0
Planning time: 18.484 ms
Execution time: 136.464 ms
