Aggregate  (cost=254582.00..254583.00 rows=1 width=96) (actual time=136.346..136.346 rows=1 loops=1)
  ->  Nested Loop  (cost=211112.00..254582.00 rows=1 width=41) (actual time=118.465..136.327 rows=31 loops=1)
        ->  Nested Loop  (cost=211112.00..254578.00 rows=1 width=45) (actual time=118.462..136.286 rows=34 loops=1)
              ->  Hash Join  (cost=211112.00..253976.00 rows=7 width=57) (actual time=115.904..135.112 rows=50 loops=1)
                    Hash Cond: (mc.company_type_id = ct.id)
                    ->  Nested Loop  (cost=211104.00..251793.00 rows=2900 width=61) (actual time=115.892..135.085 rows=50 loops=1)
                          ->  Nested Loop  (cost=211104.00..251693.00 rows=49 width=65) (actual time=115.181..134.917 rows=153 loops=1)
                                ->  Nested Loop  (cost=211104.00..251135.00 rows=62 width=52) (actual time=115.174..134.640 rows=62 loops=1)
                                      ->  Nested Loop  (cost=211104.00..250945.00 rows=95 width=37) (actual time=114.980..134.365 rows=95 loops=1)
                                            ->  Merge Join  (cost=211104.00..212258.00 rows=3517 width=25) (actual time=114.674..115.667 rows=3517 loops=1)
                                                  Merge Cond: (t.kind_id = kt.id)
                                                  ->  Sort  (cost=211097.00..211097.00 rows=4040 width=29) (actual time=114.662..114.959 rows=4040 loops=1)
                                                        Sort Key: t.kind_id
                                                        Sort Method: quicksort  Memory: 420kB
                                                        ->  Nested Loop  (cost=0.00..211097.00 rows=4040 width=29) (actual time=0.830..113.860 rows=4040 loops=1)
                                                              ->  Nested Loop  (cost=0.00..136915.00 rows=37091 width=4) (actual time=0.817..39.789 rows=37091 loops=1)
                                                                    ->  Seq Scan on keyword k  (cost=0.00..134170.00 rows=3 width=4) (actual time=0.809..15.636 rows=3 loops=1)
                                                                          Filter: (keyword = ANY ('{murder,murder-in-title,blood,violence}'::text[]))
                                                                          Rows Removed by Filter: 134167
                                                                    ->  Index Scan using keyword_id_movie_keyword on movie_keyword mk  (cost=0.00..610.00 rows=305 width=8) (actual time=0.007..6.624 rows=12364 loops=3)
                                                                          Index Cond: (keyword_id = k.id)
                                                              ->  Index Scan using title_pkey on title t  (cost=0.00..2.00 rows=1 width=25) (actual time=0.002..0.002 rows=0 loops=37091)
                                                                    Index Cond: (id = mk.movie_id)
                                                                    Filter: (production_year > 2009)
                                                                    Rows Removed by Filter: 1
                                                  ->  Sort  (cost=7.00..7.00 rows=2 width=4) (actual time=0.010..0.010 rows=2 loops=1)
                                                        Sort Key: kt.id
                                                        Sort Method: quicksort  Memory: 25kB
                                                        ->  Seq Scan on kind_type kt  (cost=0.00..7.00 rows=2 width=4) (actual time=0.004..0.005 rows=2 loops=1)
                                                              Filter: ((kind)::text = ANY ('{movie,episode}'::text[]))
                                                              Rows Removed by Filter: 5
                                            ->  Index Scan using movie_id_movie_companies on movie_companies mc  (cost=0.00..10.00 rows=1 width=12) (actual time=0.005..0.005 rows=0 loops=3517)
                                                  Index Cond: (movie_id = t.id)
                                                  Filter: ((note !~~ '%(USA)%'::text) AND (note ~~ '%(200%)%'::text))
                                                  Rows Removed by Filter: 8
                                      ->  Index Scan using company_name_pkey on company_name cn  (cost=0.00..2.00 rows=1 width=23) (actual time=0.003..0.003 rows=1 loops=95)
                                            Index Cond: (id = mc.company_id)
                                            Filter: ((country_code)::text <> '[us]'::text)
                                            Rows Removed by Filter: 0
                                ->  Index Scan using movie_id_movie_info_idx on movie_info_idx mi_idx  (cost=0.00..6.00 rows=3 width=13) (actual time=0.003..0.004 rows=2 loops=62)
                                      Index Cond: (movie_id = t.id)
                                      Filter: (info < '7.0'::text)
                                      Rows Removed by Filter: 0
                          ->  Index Scan using info_type_pkey on info_type it2  (cost=0.00..2.00 rows=1 width=4) (actual time=0.001..0.001 rows=0 loops=153)
                                Index Cond: (id = mi_idx.info_type_id)
                                Filter: ((info)::text = 'rating'::text)
                                Rows Removed by Filter: 1
                    ->  Hash  (cost=4.00..4.00 rows=4 width=4) (actual time=0.007..0.007 rows=4 loops=1)
                          Buckets: 1024  Batches: 1  Memory Usage: 9kB
                          ->  Seq Scan on company_type ct  (cost=0.00..4.00 rows=4 width=4) (actual time=0.004..0.005 rows=4 loops=1)
              ->  Index Scan using movie_id_movie_info on movie_info mi  (cost=0.00..84.00 rows=2 width=8) (actual time=0.022..0.023 rows=1 loops=50)
                    Index Cond: (movie_id = t.id)
                    Filter: (info = ANY ('{Germany,German,USA,American}'::text[]))
                    Rows Removed by Filter: 53
        ->  Index Scan using info_type_pkey on info_type it1  (cost=0.00..2.00 rows=1 width=4) (actual time=0.001..0.001 rows=1 loops=34)
              Index Cond: (id = mi.info_type_id)
              Filter: ((info)::text = 'countries'::text)
              Rows Removed by Filter: 0
Planning time: 18.506 ms
Execution time: 136.421 ms
