Aggregate  (cost=256315.00..256316.00 rows=1 width=96) (actual time=135.000..135.000 rows=1 loops=1)
  ->  Nested Loop  (cost=211226.00..256315.00 rows=2422 width=41) (actual time=117.453..134.981 rows=31 loops=1)
        ->  Hash Join  (cost=211226.00..256293.00 rows=10 width=45) (actual time=117.450..134.936 rows=34 loops=1)
              Hash Cond: (mc.company_type_id = ct.id)
              ->  Nested Loop  (cost=211218.00..256259.00 rows=34 width=49) (actual time=117.439..134.916 rows=34 loops=1)
                    ->  Hash Join  (cost=211218.00..251959.00 rows=50 width=61) (actual time=114.961..133.789 rows=50 loops=1)
                          Hash Cond: (mi_idx.info_type_id = it2.id)
                          ->  Nested Loop  (cost=211104.00..251693.00 rows=153 width=65) (actual time=114.261..133.751 rows=153 loops=1)
                                ->  Nested Loop  (cost=211104.00..251135.00 rows=62 width=52) (actual time=114.253..133.487 rows=62 loops=1)
                                      ->  Nested Loop  (cost=211104.00..250945.00 rows=95 width=37) (actual time=114.064..133.213 rows=95 loops=1)
                                            ->  Merge Join  (cost=211104.00..212258.00 rows=3517 width=25) (actual time=113.748..114.717 rows=3517 loops=1)
                                                  Merge Cond: (t.kind_id = kt.id)
                                                  ->  Sort  (cost=211097.00..211097.00 rows=4040 width=29) (actual time=113.736..114.021 rows=4040 loops=1)
                                                        Sort Key: t.kind_id
                                                        Sort Method: quicksort  Memory: 420kB
                                                        ->  Nested Loop  (cost=0.00..211097.00 rows=4040 width=29) (actual time=0.807..112.952 rows=4040 loops=1)
                                                              ->  Nested Loop  (cost=0.00..136915.00 rows=37091 width=4) (actual time=0.794..39.484 rows=37091 loops=1)
                                                                    ->  Seq Scan on keyword k  (cost=0.00..134170.00 rows=3 width=4) (actual time=0.787..15.616 rows=3 loops=1)
                                                                          Filter: (keyword = ANY ('{murder,murder-in-title,blood,violence}'::text[]))
                                                                          Rows Removed by Filter: 134167
                                                                    ->  Index Scan using keyword_id_movie_keyword on movie_keyword mk  (cost=0.00..610.00 rows=305 width=8) (actual time=0.006..6.537 rows=12364 loops=3)
                                                                          Index Cond: (keyword_id = k.id)
                                                              ->  Index Scan using title_pkey on title t  (cost=0.00..2.00 rows=1 width=25) (actual time=0.002..0.002 rows=0 loops=37091)
                                                                    Index Cond: (id = mk.movie_id)
                                                                    Filter: (production_year > 2009)
                                                                    Rows Removed by Filter: 1
                                                  ->  Sort  (cost=7.00..7.00 rows=2 width=4) (actual time=0.010..0.010 rows=2 loops=1)
                                                        Sort Key: kt.id
                                                        Sort Method: quicksort  Memory: 25kB
                                                        ->  Seq Scan on kind_type kt  (cost=0.00..7.00 rows=2 width=4) (actual time=0.004..0.005 rows=2 loops=1)
                                                              Filter: ((kind)::text = ANY ('{movie,episode}'::text[]))
                                                              Rows Removed by Filter: 5
                                            ->  Index Scan using movie_id_movie_companies on movie_companies mc  (cost=0.00..10.00 rows=1 width=12) (actual time=0.005..0.005 rows=0 loops=3517)
                                                  Index Cond: (movie_id = t.id)
                                                  Filter: ((note !~~ '%(USA)%'::text) AND (note ~~ '%(200%)%'::text))
                                                  Rows Removed by Filter: 8
                                      ->  Index Scan using company_name_pkey on company_name cn  (cost=0.00..2.00 rows=1 width=23) (actual time=0.003..0.003 rows=1 loops=95)
                                            Index Cond: (id = mc.company_id)
                                            Filter: ((country_code)::text <> '[us]'::text)
                                            Rows Removed by Filter: 0
                                ->  Index Scan using movie_id_movie_info_idx on movie_info_idx mi_idx  (cost=0.00..6.00 rows=3 width=13) (actual time=0.003..0.004 rows=2 loops=62)
                                      Index Cond: (movie_id = t.id)
                                      Filter: (info < '7.0'::text)
                                      Rows Removed by Filter: 0
                          ->  Hash  (cost=113.00..113.00 rows=1 width=4) (actual time=0.011..0.011 rows=1 loops=1)
                                Buckets: 1024  Batches: 1  Memory Usage: 9kB
                                ->  Seq Scan on info_type it2  (cost=0.00..113.00 rows=1 width=4) (actual time=0.009..0.010 rows=1 loops=1)
                                      Filter: ((info)::text = 'rating'::text)
                                      Rows Removed by Filter: 112
                    ->  Index Scan using movie_id_movie_info on movie_info mi  (cost=0.00..84.00 rows=2 width=8) (actual time=0.021..0.022 rows=1 loops=50)
                          Index Cond: (movie_id = t.id)
                          Filter: (info = ANY ('{Germany,German,USA,American}'::text[]))
                          Rows Removed by Filter: 53
              ->  Hash  (cost=4.00..4.00 rows=4 width=4) (actual time=0.007..0.007 rows=4 loops=1)
                    Buckets: 1024  Batches: 1  Memory Usage: 9kB
                    ->  Seq Scan on company_type ct  (cost=0.00..4.00 rows=4 width=4) (actual time=0.004..0.005 rows=4 loops=1)
        ->  Index Scan using info_type_pkey on info_type it1  (cost=0.00..2.00 rows=1 width=4) (actual time=0.001..0.001 rows=1 loops=34)
              Index Cond: (id = mi.info_type_id)
              Filter: ((info)::text = 'countries'::text)
              Rows Removed by Filter: 0
Planning time: 18.673 ms
Execution time: 135.077 ms
