Aggregate  (cost=138505.80..138506.80 rows=1 width=96) (actual time=1874.261..1874.261 rows=1 loops=1)
  ->  Nested Loop  (cost=0.00..138505.80 rows=1 width=41) (actual time=1.241..1866.810 rows=21489 loops=1)
        ->  Nested Loop  (cost=0.00..138501.80 rows=1 width=45) (actual time=1.239..1840.923 rows=24612 loops=1)
              ->  Nested Loop  (cost=0.00..138415.80 rows=1 width=57) (actual time=1.223..432.488 rows=23425 loops=1)
                    ->  Nested Loop  (cost=0.00..138413.00 rows=1 width=61) (actual time=1.219..407.075 rows=23425 loops=1)
                          ->  Nested Loop  (cost=0.00..138397.00 rows=7 width=65) (actual time=1.114..331.503 rows=70200 loops=1)
                                ->  Nested Loop  (cost=0.00..138379.00 rows=2 width=52) (actual time=1.108..257.347 rows=23902 loops=1)
                                      ->  Nested Loop  (cost=0.00..138371.00 rows=4 width=37) (actual time=1.104..199.578 rows=25853 loops=1)
                                            ->  Nested Loop  (cost=0.00..138206.00 rows=15 width=25) (actual time=0.830..141.929 rows=8073 loops=1)
                                                  ->  Nested Loop  (cost=0.00..138100.00 rows=53 width=29) (actual time=0.818..131.099 rows=9739 loops=1)
                                                        ->  Nested Loop  (cost=0.00..137830.00 rows=135 width=4) (actual time=0.813..43.013 rows=37091 loops=1)
                                                              ->  Seq Scan on keyword k  (cost=0.00..134170.00 rows=4 width=4) (actual time=0.805..15.218 rows=3 loops=1)
                                                                    Filter: (keyword = ANY ('{murder,murder-in-title,blood,violence}'::text[]))
                                                                    Rows Removed by Filter: 134167
                                                              ->  Index Scan using keyword_id_movie_keyword on movie_keyword mk  (cost=0.00..610.00 rows=305 width=8) (actual time=0.007..7.745 rows=12364 loops=3)
                                                                    Index Cond: (keyword_id = k.id)
                                                        ->  Index Scan using title_pkey on title t  (cost=0.00..2.00 rows=1 width=25) (actual time=0.002..0.002 rows=0 loops=37091)
                                                              Index Cond: (id = mk.movie_id)
                                                              Filter: (production_year > 2005)
                                                              Rows Removed by Filter: 1
                                                  ->  Index Scan using kind_type_pkey on kind_type kt  (cost=0.00..2.00 rows=1 width=4) (actual time=0.001..0.001 rows=1 loops=9739)
                                                        Index Cond: (id = t.kind_id)
                                                        Filter: ((kind)::text = ANY ('{movie,episode}'::text[]))
                                                        Rows Removed by Filter: 0
                                            ->  Index Scan using movie_id_movie_companies on movie_companies mc  (cost=0.00..10.00 rows=1 width=12) (actual time=0.004..0.007 rows=3 loops=8073)
                                                  Index Cond: (movie_id = t.id)
                                                  Filter: ((note !~~ '%(USA)%'::text) AND (note ~~ '%(200%)%'::text))
                                                  Rows Removed by Filter: 7
                                      ->  Index Scan using company_name_pkey on company_name cn  (cost=0.00..2.00 rows=1 width=23) (actual time=0.002..0.002 rows=1 loops=25853)
                                            Index Cond: (id = mc.company_id)
                                            Filter: ((country_code)::text <> '[us]'::text)
                                            Rows Removed by Filter: 0
                                ->  Index Scan using movie_id_movie_info_idx on movie_info_idx mi_idx  (cost=0.00..6.00 rows=3 width=13) (actual time=0.002..0.003 rows=3 loops=23902)
                                      Index Cond: (movie_id = t.id)
                                      Filter: (info < '8.5'::text)
                                      Rows Removed by Filter: 0
                          ->  Index Scan using info_type_pkey on info_type it2  (cost=0.00..2.00 rows=1 width=4) (actual time=0.001..0.001 rows=0 loops=70200)
                                Index Cond: (id = mi_idx.info_type_id)
                                Filter: ((info)::text = 'rating'::text)
                                Rows Removed by Filter: 1
                    ->  Index Only Scan using company_type_pkey on company_type ct  (cost=0.00..2.00 rows=1 width=4) (actual time=0.001..0.001 rows=1 loops=23425)
                          Index Cond: (id = mc.company_type_id)
                          Heap Fetches: 23425
              ->  Index Scan using movie_id_movie_info on movie_info mi  (cost=0.00..84.00 rows=2 width=8) (actual time=0.050..0.060 rows=1 loops=23425)
                    Index Cond: (movie_id = t.id)
                    Filter: (info = ANY ('{Sweden,Norway,Germany,Denmark,Swedish,Danish,Norwegian,German,USA,American}'::text[]))
                    Rows Removed by Filter: 180
        ->  Index Scan using info_type_pkey on info_type it1  (cost=0.00..2.00 rows=1 width=4) (actual time=0.001..0.001 rows=1 loops=24612)
              Index Cond: (id = mi.info_type_id)
              Filter: ((info)::text = 'countries'::text)
              Rows Removed by Filter: 0
Planning time: 18.994 ms
Execution time: 1874.337 ms
