Aggregate  (cost=924204.00..924205.00 rows=1 width=96) (actual time=1001.303..1001.303 rows=1 loops=1)
  ->  Hash Join  (cost=697962.00..924204.00 rows=14259 width=41) (actual time=832.874..986.750 rows=46281 loops=1)
        Hash Cond: (mc.company_type_id = ct.id)
        ->  Nested Loop  (cost=697954.00..889485.00 rows=46281 width=45) (actual time=832.859..978.519 rows=46281 loops=1)
              ->  Nested Loop  (cost=697954.00..759789.00 rows=64848 width=30) (actual time=832.851..865.705 rows=64848 loops=1)
                    ->  Merge Join  (cost=697954.00..698064.00 rows=4115 width=38) (actual time=832.842..834.143 rows=4115 loops=1)
                          Merge Cond: (mi_idx.info_type_id = it2.id)
                          ->  Sort  (cost=697841.00..697841.00 rows=12401 width=42) (actual time=831.570..832.589 rows=12339 loops=1)
                                Sort Key: mi_idx.info_type_id
                                Sort Method: quicksort  Memory: 1519kB
                                ->  Nested Loop  (cost=648036.00..697841.00 rows=12401 width=42) (actual time=740.457..828.868 rows=12401 loops=1)
                                      ->  Merge Join  (cost=648036.00..649997.00 rows=5316 width=29) (actual time=740.444..813.876 rows=5316 loops=1)
                                            Merge Cond: (mi.movie_id = t.id)
                                            ->  Sort  (cost=434149.00..434149.00 rows=614251 width=4) (actual time=600.845..632.520 rows=614200 loops=1)
                                                  Sort Key: mi.movie_id
                                                  Sort Method: quicksort  Memory: 53370kB
                                                  ->  Nested Loop  (cost=0.00..434149.00 rows=614251 width=4) (actual time=0.020..472.586 rows=614251 loops=1)
                                                        ->  Seq Scan on info_type it1  (cost=0.00..113.00 rows=1 width=4) (actual time=0.005..0.014 rows=1 loops=1)
                                                              Filter: ((info)::text = 'countries'::text)
                                                              Rows Removed by Filter: 112
                                                        ->  Index Scan using info_type_id_movie_info on movie_info mi  (cost=0.00..423878.00 rows=10158 width=8) (actual time=0.014..418.798 rows=614251 loops=1)
                                                              Index Cond: (info_type_id = it1.id)
                                                              Filter: (info = ANY ('{Sweden,Norway,Germany,Denmark,Swedish,Danish,Norwegian,German,USA,American}'::text[]))
                                                              Rows Removed by Filter: 711110
                                            ->  Sort  (cost=213887.00..213887.00 rows=8073 width=25) (actual time=139.418..139.905 rows=8466 loops=1)
                                                  Sort Key: mk.movie_id
                                                  Sort Method: quicksort  Memory: 793kB
                                                  ->  Merge Join  (cost=211104.00..213887.00 rows=8073 width=25) (actual time=135.732..137.742 rows=8073 loops=1)
                                                        Merge Cond: (t.kind_id = kt.id)
                                                        ->  Sort  (cost=211097.00..211097.00 rows=9739 width=29) (actual time=135.711..136.258 rows=9739 loops=1)
                                                              Sort Key: t.kind_id
                                                              Sort Method: quicksort  Memory: 1168kB
                                                              ->  Nested Loop  (cost=0.00..211097.00 rows=9739 width=29) (actual time=0.847..133.602 rows=9739 loops=1)
                                                                    ->  Nested Loop  (cost=0.00..136915.00 rows=37091 width=4) (actual time=0.828..45.327 rows=37091 loops=1)
                                                                          ->  Seq Scan on keyword k  (cost=0.00..134170.00 rows=3 width=4) (actual time=0.811..15.641 rows=3 loops=1)
                                                                                Filter: (keyword = ANY ('{murder,murder-in-title,blood,violence}'::text[]))
                                                                                Rows Removed by Filter: 134167
                                                                          ->  Index Scan using keyword_id_movie_keyword on movie_keyword mk  (cost=0.00..610.00 rows=305 width=8) (actual time=0.010..8.326 rows=12364 loops=3)
                                                                                Index Cond: (keyword_id = k.id)
                                                                    ->  Index Scan using title_pkey on title t  (cost=0.00..2.00 rows=1 width=25) (actual time=0.002..0.002 rows=0 loops=37091)
                                                                          Index Cond: (id = mk.movie_id)
                                                                          Filter: (production_year > 2005)
                                                                          Rows Removed by Filter: 1
                                                        ->  Sort  (cost=7.00..7.00 rows=2 width=4) (actual time=0.017..0.017 rows=2 loops=1)
                                                              Sort Key: kt.id
                                                              Sort Method: quicksort  Memory: 25kB
                                                              ->  Seq Scan on kind_type kt  (cost=0.00..7.00 rows=2 width=4) (actual time=0.007..0.008 rows=2 loops=1)
                                                                    Filter: ((kind)::text = ANY ('{movie,episode}'::text[]))
                                                                    Rows Removed by Filter: 5
                                      ->  Index Scan using movie_id_movie_info_idx on movie_info_idx mi_idx  (cost=0.00..6.00 rows=3 width=13) (actual time=0.002..0.002 rows=2 loops=5316)
                                            Index Cond: (movie_id = t.id)
                                            Filter: (info < '8.5'::text)
                                            Rows Removed by Filter: 0
                          ->  Sort  (cost=113.00..113.00 rows=1 width=4) (actual time=0.020..0.021 rows=1 loops=1)
                                Sort Key: it2.id
                                Sort Method: quicksort  Memory: 25kB
                                ->  Seq Scan on info_type it2  (cost=0.00..113.00 rows=1 width=4) (actual time=0.014..0.015 rows=1 loops=1)
                                      Filter: ((info)::text = 'rating'::text)
                                      Rows Removed by Filter: 112
                    ->  Index Scan using movie_id_movie_companies on movie_companies mc  (cost=0.00..10.00 rows=5 width=12) (actual time=0.002..0.005 rows=16 loops=4115)
                          Index Cond: (movie_id = t.id)
              ->  Index Scan using company_name_pkey on company_name cn  (cost=0.00..2.00 rows=1 width=23) (actual time=0.001..0.001 rows=1 loops=64848)
                    Index Cond: (id = mc.company_id)
                    Filter: ((country_code)::text <> '[us]'::text)
                    Rows Removed by Filter: 0
        ->  Hash  (cost=4.00..4.00 rows=4 width=4) (actual time=0.009..0.009 rows=4 loops=1)
              Buckets: 1024  Batches: 1  Memory Usage: 9kB
              ->  Seq Scan on company_type ct  (cost=0.00..4.00 rows=4 width=4) (actual time=0.006..0.006 rows=4 loops=1)
Planning time: 19.013 ms
Execution time: 1002.158 ms
