Aggregate  (cost=346698.00..346699.00 rows=1 width=96) (actual time=3327.635..3327.635 rows=1 loops=1)
  ->  Nested Loop  (cost=286665.00..346698.00 rows=1 width=41) (actual time=167.725..3311.111 rows=46281 loops=1)
        ->  Nested Loop  (cost=286665.00..346694.00 rows=1 width=45) (actual time=167.721..3258.721 rows=54578 loops=1)
              ->  Nested Loop  (cost=286665.00..345146.00 rows=18 width=57) (actual time=166.127..398.990 rows=56448 loops=1)
                    ->  Hash Join  (cost=286665.00..344980.00 rows=83 width=42) (actual time=166.102..234.901 rows=75603 loops=1)
                          Hash Cond: (mc.company_type_id = ct.id)
                          ->  Nested Loop  (cost=286657.00..317970.00 rows=36002 width=46) (actual time=166.089..218.393 rows=75603 loops=1)
                                ->  Merge Join  (cost=286657.00..286815.00 rows=2077 width=34) (actual time=166.081..168.912 rows=5949 loops=1)
                                      Merge Cond: (mi_idx.info_type_id = it2.id)
                                      ->  Sort  (cost=286544.00..286544.00 rows=17892 width=38) (actual time=164.426..166.454 rows=17835 loops=1)
                                            Sort Key: mi_idx.info_type_id
                                            Sort Method: quicksort  Memory: 2300kB
                                            ->  Nested Loop  (cost=211104.00..286544.00 rows=17892 width=38) (actual time=133.054..160.396 rows=17892 loops=1)
                                                  ->  Merge Join  (cost=211104.00..213887.00 rows=8073 width=25) (actual time=133.044..135.532 rows=8073 loops=1)
                                                        Merge Cond: (t.kind_id = kt.id)
                                                        ->  Sort  (cost=211097.00..211097.00 rows=9739 width=29) (actual time=133.026..133.809 rows=9739 loops=1)
                                                              Sort Key: t.kind_id
                                                              Sort Method: quicksort  Memory: 1168kB
                                                              ->  Nested Loop  (cost=0.00..211097.00 rows=9739 width=29) (actual time=0.817..130.915 rows=9739 loops=1)
                                                                    ->  Nested Loop  (cost=0.00..136915.00 rows=37091 width=4) (actual time=0.811..44.242 rows=37091 loops=1)
                                                                          ->  Seq Scan on keyword k  (cost=0.00..134170.00 rows=3 width=4) (actual time=0.803..15.480 rows=3 loops=1)
                                                                                Filter: (keyword = ANY ('{murder,murder-in-title,blood,violence}'::text[]))
                                                                                Rows Removed by Filter: 134167
                                                                          ->  Index Scan using keyword_id_movie_keyword on movie_keyword mk  (cost=0.00..610.00 rows=305 width=8) (actual time=0.007..8.096 rows=12364 loops=3)
                                                                                Index Cond: (keyword_id = k.id)
                                                                    ->  Index Scan using title_pkey on title t  (cost=0.00..2.00 rows=1 width=25) (actual time=0.002..0.002 rows=0 loops=37091)
                                                                          Index Cond: (id = mk.movie_id)
                                                                          Filter: (production_year > 2005)
                                                                          Rows Removed by Filter: 1
                                                        ->  Sort  (cost=7.00..7.00 rows=2 width=4) (actual time=0.015..0.015 rows=2 loops=1)
                                                              Sort Key: kt.id
                                                              Sort Method: quicksort  Memory: 25kB
                                                              ->  Seq Scan on kind_type kt  (cost=0.00..7.00 rows=2 width=4) (actual time=0.006..0.007 rows=2 loops=1)
                                                                    Filter: ((kind)::text = ANY ('{movie,episode}'::text[]))
                                                                    Rows Removed by Filter: 5
                                                  ->  Index Scan using movie_id_movie_info_idx on movie_info_idx mi_idx  (cost=0.00..6.00 rows=3 width=13) (actual time=0.002..0.003 rows=2 loops=8073)
                                                        Index Cond: (movie_id = t.id)
                                                        Filter: (info < '8.5'::text)
                                                        Rows Removed by Filter: 0
                                      ->  Sort  (cost=113.00..113.00 rows=1 width=4) (actual time=0.018..0.019 rows=1 loops=1)
                                            Sort Key: it2.id
                                            Sort Method: quicksort  Memory: 25kB
                                            ->  Seq Scan on info_type it2  (cost=0.00..113.00 rows=1 width=4) (actual time=0.012..0.012 rows=1 loops=1)
                                                  Filter: ((info)::text = 'rating'::text)
                                                  Rows Removed by Filter: 112
                                ->  Index Scan using movie_id_movie_companies on movie_companies mc  (cost=0.00..10.00 rows=5 width=12) (actual time=0.003..0.006 rows=13 loops=5949)
                                      Index Cond: (movie_id = t.id)
                          ->  Hash  (cost=4.00..4.00 rows=4 width=4) (actual time=0.007..0.007 rows=4 loops=1)
                                Buckets: 1024  Batches: 1  Memory Usage: 9kB
                                ->  Seq Scan on company_type ct  (cost=0.00..4.00 rows=4 width=4) (actual time=0.005..0.006 rows=4 loops=1)
                    ->  Index Scan using company_name_pkey on company_name cn  (cost=0.00..2.00 rows=1 width=23) (actual time=0.002..0.002 rows=1 loops=75603)
                          Index Cond: (id = mc.company_id)
                          Filter: ((country_code)::text <> '[us]'::text)
                          Rows Removed by Filter: 0
              ->  Index Scan using movie_id_movie_info on movie_info mi  (cost=0.00..84.00 rows=2 width=8) (actual time=0.042..0.050 rows=1 loops=56448)
                    Index Cond: (movie_id = t.id)
                    Filter: (info = ANY ('{Sweden,Norway,Germany,Denmark,Swedish,Danish,Norwegian,German,USA,American}'::text[]))
                    Rows Removed by Filter: 154
        ->  Index Scan using info_type_pkey on info_type it1  (cost=0.00..2.00 rows=1 width=4) (actual time=0.001..0.001 rows=1 loops=54578)
              Index Cond: (id = mi.info_type_id)
              Filter: ((info)::text = 'countries'::text)
              Rows Removed by Filter: 0
Planning time: 18.558 ms
Execution time: 3327.728 ms
