Aggregate  (cost=146746.60..146747.60 rows=1 width=64) (actual time=38.555..38.555 rows=1 loops=1)
  ->  Nested Loop  (cost=0.00..146746.60 rows=1 width=27) (actual time=7.864..38.545 rows=16 loops=1)
        ->  Nested Loop  (cost=0.00..146742.60 rows=1 width=31) (actual time=7.861..38.523 rows=16 loops=1)
              ->  Nested Loop  (cost=0.00..145467.60 rows=15 width=43) (actual time=1.146..23.410 rows=315 loops=1)
                    ->  Nested Loop  (cost=0.00..145192.00 rows=153 width=47) (actual time=1.143..23.060 rows=315 loops=1)
                          ->  Nested Loop  (cost=0.00..144840.00 rows=176 width=51) (actual time=1.127..20.420 rows=1218 loops=1)
                                ->  Nested Loop  (cost=0.00..143940.00 rows=60 width=39) (actual time=1.122..19.814 rows=60 loops=1)
                                      ->  Nested Loop  (cost=0.00..143809.00 rows=61 width=33) (actual time=1.120..19.738 rows=61 loops=1)
                                            ->  Nested Loop  (cost=0.00..143438.00 rows=165 width=37) (actual time=0.745..19.561 rows=165 loops=1)
                                                  ->  Nested Loop  (cost=0.00..140096.00 rows=557 width=29) (actual time=0.479..18.497 rows=557 loops=1)
                                                        ->  Nested Loop  (cost=0.00..137830.00 rows=1133 width=4) (actual time=0.476..15.628 rows=1133 loops=1)
                                                              ->  Seq Scan on keyword k  (cost=0.00..134170.00 rows=4 width=4) (actual time=0.468..14.775 rows=4 loops=1)
                                                                    Filter: (keyword = ANY ('{nerd,loner,alienation,dignity}'::text[]))
                                                                    Rows Removed by Filter: 134166
                                                              ->  Index Scan using keyword_id_movie_keyword on movie_keyword mk  (cost=0.00..610.00 rows=305 width=8) (actual time=0.006..0.180 rows=283 loops=4)
                                                                    Index Cond: (keyword_id = k.id)
                                                        ->  Index Scan using title_pkey on title t  (cost=0.00..2.00 rows=1 width=25) (actual time=0.002..0.002 rows=0 loops=1133)
                                                              Index Cond: (id = mk.movie_id)
                                                              Filter: (production_year > 2000)
                                                              Rows Removed by Filter: 1
                                                  ->  Index Scan using movie_id_complete_cast on complete_cast cc  (cost=0.00..4.00 rows=2 width=8) (actual time=0.002..0.002 rows=0 loops=557)
                                                        Index Cond: (movie_id = t.id)
                                            ->  Index Scan using comp_cast_type_pkey on comp_cast_type cct1  (cost=0.00..2.00 rows=1 width=4) (actual time=0.001..0.001 rows=0 loops=165)
                                                  Index Cond: (id = cc.status_id)
                                                  Filter: ((kind)::text = 'complete+verified'::text)
                                                  Rows Removed by Filter: 1
                                      ->  Index Scan using kind_type_pkey on kind_type kt  (cost=0.00..2.00 rows=1 width=14) (actual time=0.001..0.001 rows=1 loops=61)
                                            Index Cond: (id = t.kind_id)
                                            Filter: ((kind)::text = 'movie'::text)
                                            Rows Removed by Filter: 0
                                ->  Index Scan using movie_id_movie_companies on movie_companies mc  (cost=0.00..10.00 rows=5 width=12) (actual time=0.003..0.007 rows=20 loops=60)
                                      Index Cond: (movie_id = t.id)
                          ->  Index Scan using company_name_pkey on company_name cn  (cost=0.00..2.00 rows=1 width=4) (actual time=0.002..0.002 rows=0 loops=1218)
                                Index Cond: (id = mc.company_id)
                                Filter: ((country_code)::text = '[us]'::text)
                                Rows Removed by Filter: 1
                    ->  Index Only Scan using company_type_pkey on company_type ct  (cost=0.00..2.00 rows=1 width=4) (actual time=0.001..0.001 rows=1 loops=315)
                          Index Cond: (id = mc.company_type_id)
                          Heap Fetches: 315
              ->  Index Scan using movie_id_movie_info on movie_info mi  (cost=0.00..84.00 rows=1 width=8) (actual time=0.048..0.048 rows=0 loops=315)
                    Index Cond: (movie_id = t.id)
                    Filter: ((note ~~ '%internet%'::text) AND (info ~~ 'USA:% 200%'::text))
                    Rows Removed by Filter: 268
        ->  Index Scan using info_type_pkey on info_type it1  (cost=0.00..2.00 rows=1 width=4) (actual time=0.001..0.001 rows=1 loops=16)
              Index Cond: (id = mi.info_type_id)
              Filter: ((info)::text = 'release dates'::text)
Planning time: 17.658 ms
Execution time: 38.618 ms
