Aggregate  (cost=149334.80..149335.80 rows=1 width=64) (actual time=22.723..22.723 rows=1 loops=1)
  ->  Nested Loop  (cost=0.00..149334.80 rows=1 width=27) (actual time=3.151..22.714 rows=16 loops=1)
        ->  Nested Loop  (cost=0.00..149328.80 rows=2 width=31) (actual time=3.149..22.693 rows=16 loops=1)
              ->  Nested Loop  (cost=0.00..149294.80 rows=16 width=25) (actual time=3.146..22.670 rows=16 loops=1)
                    ->  Nested Loop  (cost=0.00..149266.00 rows=16 width=29) (actual time=3.142..22.646 rows=16 loops=1)
                          ->  Nested Loop  (cost=0.00..149234.00 rows=16 width=33) (actual time=3.137..22.610 rows=16 loops=1)
                                ->  Nested Loop  (cost=0.00..148994.00 rows=16 width=41) (actual time=3.133..22.572 rows=16 loops=1)
                                      ->  Nested Loop  (cost=0.00..143809.00 rows=61 width=33) (actual time=1.107..19.835 rows=61 loops=1)
                                            ->  Nested Loop  (cost=0.00..143438.00 rows=165 width=37) (actual time=0.736..19.663 rows=165 loops=1)
                                                  ->  Nested Loop  (cost=0.00..140096.00 rows=557 width=29) (actual time=0.477..18.645 rows=557 loops=1)
                                                        ->  Nested Loop  (cost=0.00..137830.00 rows=1133 width=4) (actual time=0.473..15.915 rows=1133 loops=1)
                                                              ->  Seq Scan on keyword k  (cost=0.00..134170.00 rows=4 width=4) (actual time=0.466..15.124 rows=4 loops=1)
                                                                    Filter: (keyword = ANY ('{nerd,loner,alienation,dignity}'::text[]))
                                                                    Rows Removed by Filter: 134166
                                                              ->  Index Scan using keyword_id_movie_keyword on movie_keyword mk  (cost=0.00..610.00 rows=305 width=8) (actual time=0.006..0.166 rows=283 loops=4)
                                                                    Index Cond: (keyword_id = k.id)
                                                        ->  Index Scan using title_pkey on title t  (cost=0.00..2.00 rows=1 width=25) (actual time=0.002..0.002 rows=0 loops=1133)
                                                              Index Cond: (id = mk.movie_id)
                                                              Filter: (production_year > 2000)
                                                              Rows Removed by Filter: 1
                                                  ->  Index Scan using movie_id_complete_cast on complete_cast cc  (cost=0.00..4.00 rows=2 width=8) (actual time=0.002..0.002 rows=0 loops=557)
                                                        Index Cond: (movie_id = t.id)
                                            ->  Index Scan using comp_cast_type_pkey on comp_cast_type cct1  (cost=0.00..2.00 rows=1 width=4) (actual time=0.001..0.001 rows=0 loops=165)
                                                  Index Cond: (id = cc.status_id)
                                                  Filter: ((kind)::text = 'complete+verified'::text)
                                                  Rows Removed by Filter: 1
                                      ->  Index Scan using movie_id_movie_info on movie_info mi  (cost=0.00..84.00 rows=1 width=8) (actual time=0.043..0.045 rows=0 loops=61)
                                            Index Cond: (movie_id = t.id)
                                            Filter: ((note ~~ '%internet%'::text) AND (info ~~ 'USA:% 200%'::text))
                                            Rows Removed by Filter: 212
                                ->  Index Scan using movie_id_movie_companies on movie_companies mc  (cost=0.00..10.00 rows=5 width=12) (actual time=0.002..0.002 rows=1 loops=16)
                                      Index Cond: (movie_id = t.id)
                          ->  Index Scan using company_name_pkey on company_name cn  (cost=0.00..2.00 rows=1 width=4) (actual time=0.002..0.002 rows=1 loops=16)
                                Index Cond: (id = mc.company_id)
                                Filter: ((country_code)::text = '[us]'::text)
                    ->  Index Only Scan using company_type_pkey on company_type ct  (cost=0.00..2.00 rows=1 width=4) (actual time=0.001..0.001 rows=1 loops=16)
                          Index Cond: (id = mc.company_type_id)
                          Heap Fetches: 16
              ->  Index Scan using kind_type_pkey on kind_type kt  (cost=0.00..2.00 rows=1 width=14) (actual time=0.001..0.001 rows=1 loops=16)
                    Index Cond: (id = t.kind_id)
                    Filter: ((kind)::text = 'movie'::text)
        ->  Index Scan using info_type_pkey on info_type it1  (cost=0.00..2.00 rows=1 width=4) (actual time=0.001..0.001 rows=1 loops=16)
              Index Cond: (id = mi.info_type_id)
              Filter: ((info)::text = 'release dates'::text)
Planning time: 17.597 ms
Execution time: 22.788 ms
