Aggregate  (cost=434976.60..434977.60 rows=1 width=64) (actual time=519.279..519.279 rows=1 loops=1)
  ->  Nested Loop  (cost=0.00..434976.60 rows=15 width=27) (actual time=308.459..519.146 rows=628 loops=1)
        ->  Nested Loop  (cost=0.00..434946.60 rows=15 width=31) (actual time=308.453..517.900 rows=628 loops=1)
              ->  Nested Loop  (cost=0.00..434811.60 rows=1 width=43) (actual time=308.445..517.677 rows=7 loops=1)
                    ->  Nested Loop  (cost=0.00..434808.80 rows=1 width=47) (actual time=308.441..517.663 rows=7 loops=1)
                          ->  Nested Loop  (cost=0.00..434802.80 rows=3 width=51) (actual time=308.435..517.632 rows=7 loops=1)
                                ->  Nested Loop  (cost=0.00..434787.80 rows=1 width=39) (actual time=308.428..517.605 rows=6 loops=1)
                                      ->  Nested Loop  (cost=0.00..434785.00 rows=1 width=33) (actual time=308.424..517.591 rows=6 loops=1)
                                            ->  Nested Loop  (cost=0.00..434783.00 rows=1 width=8) (actual time=308.416..517.564 rows=6 loops=1)
                                                  ->  Nested Loop  (cost=0.00..434693.00 rows=40 width=12) (actual time=23.831..517.502 rows=40 loops=1)
                                                        ->  Nested Loop  (cost=0.00..423995.00 rows=1783 width=4) (actual time=0.163..514.530 rows=1783 loops=1)
                                                              ->  Seq Scan on info_type it1  (cost=0.00..113.00 rows=1 width=4) (actual time=0.008..0.014 rows=1 loops=1)
                                                                    Filter: ((info)::text = 'release dates'::text)
                                                                    Rows Removed by Filter: 112
                                                              ->  Index Scan using info_type_id_movie_info on movie_info mi  (cost=0.00..423878.00 rows=4 width=8) (actual time=0.155..514.308 rows=1783 loops=1)
                                                                    Index Cond: (info_type_id = it1.id)
                                                                    Filter: ((note ~~ '%internet%'::text) AND (info IS NOT NULL) AND ((info ~~ 'USA:% 199%'::text) OR (info ~~ 'USA:% 200%'::text)))
                                                                    Rows Removed by Filter: 3034936
                                                        ->  Index Scan using movie_id_complete_cast on complete_cast cc  (cost=0.00..4.00 rows=2 width=8) (actual time=0.001..0.001 rows=0 loops=1783)
                                                              Index Cond: (movie_id = mi.movie_id)
                                                  ->  Index Scan using comp_cast_type_pkey on comp_cast_type cct1  (cost=0.00..2.00 rows=1 width=4) (actual time=0.001..0.001 rows=0 loops=40)
                                                        Index Cond: (id = cc.status_id)
                                                        Filter: ((kind)::text = 'complete+verified'::text)
                                                        Rows Removed by Filter: 1
                                            ->  Index Scan using title_pkey on title t  (cost=0.00..2.00 rows=1 width=25) (actual time=0.004..0.004 rows=1 loops=6)
                                                  Index Cond: (id = mi.movie_id)
                                                  Filter: (production_year > 1990)
                                      ->  Index Scan using kind_type_pkey on kind_type kt  (cost=0.00..2.00 rows=1 width=14) (actual time=0.002..0.002 rows=1 loops=6)
                                            Index Cond: (id = t.kind_id)
                                            Filter: ((kind)::text = ANY ('{movie,"tv movie","video movie","video game"}'::text[]))
                                ->  Index Scan using movie_id_movie_companies on movie_companies mc  (cost=0.00..10.00 rows=5 width=12) (actual time=0.003..0.004 rows=1 loops=6)
                                      Index Cond: (movie_id = t.id)
                          ->  Index Scan using company_name_pkey on company_name cn  (cost=0.00..2.00 rows=1 width=4) (actual time=0.004..0.004 rows=1 loops=7)
                                Index Cond: (id = mc.company_id)
                                Filter: ((country_code)::text = '[us]'::text)
                    ->  Index Only Scan using company_type_pkey on company_type ct  (cost=0.00..2.00 rows=1 width=4) (actual time=0.001..0.001 rows=1 loops=7)
                          Index Cond: (id = mc.company_type_id)
                          Heap Fetches: 7
              ->  Index Scan using movie_id_movie_keyword on movie_keyword mk  (cost=0.00..90.00 rows=45 width=8) (actual time=0.004..0.017 rows=90 loops=7)
                    Index Cond: (movie_id = t.id)
        ->  Index Only Scan using keyword_pkey on keyword k  (cost=0.00..2.00 rows=1 width=4) (actual time=0.002..0.002 rows=1 loops=628)
              Index Cond: (id = mk.keyword_id)
              Heap Fetches: 628
Planning time: 17.841 ms
Execution time: 519.348 ms
