Aggregate  (cost=137888.00..137889.00 rows=1 width=96) (actual time=437.806..437.806 rows=1 loops=1)
  ->  Nested Loop  (cost=0.00..137888.00 rows=1 width=48) (actual time=40.671..437.712 rows=275 loops=1)
        ->  Nested Loop  (cost=0.00..137882.00 rows=1 width=56) (actual time=16.003..437.288 rows=141 loops=1)
              ->  Nested Loop  (cost=0.00..137878.00 rows=1 width=60) (actual time=16.001..437.107 rows=141 loops=1)
                    ->  Nested Loop  (cost=0.00..137876.00 rows=1 width=48) (actual time=15.995..436.736 rows=143 loops=1)
                          ->  Nested Loop  (cost=0.00..137872.00 rows=1 width=52) (actual time=15.991..436.547 rows=143 loops=1)
                                ->  Nested Loop  (cost=0.00..137870.00 rows=1 width=33) (actual time=0.306..407.763 rows=13758 loops=1)
                                      ->  Nested Loop  (cost=0.00..137797.00 rows=1 width=37) (actual time=0.104..122.874 rows=3406 loops=1)
                                            ->  Nested Loop  (cost=0.00..137372.00 rows=5 width=29) (actual time=0.097..66.828 rows=1576 loops=1)
                                                  ->  Nested Loop  (cost=0.00..137342.00 rows=15 width=33) (actual time=0.092..53.629 rows=5566 loops=1)
                                                        ->  Nested Loop  (cost=0.00..137117.00 rows=15 width=25) (actual time=0.088..49.625 rows=495 loops=1)
                                                              ->  Nested Loop  (cost=0.00..136915.00 rows=101 width=4) (actual time=0.050..23.099 rows=9696 loops=1)
                                                                    ->  Seq Scan on keyword k  (cost=0.00..134170.00 rows=3 width=4) (actual time=0.012..14.360 rows=3 loops=1)
                                                                          Filter: (keyword = ANY ('{hero,martial-arts,hand-to-hand-combat}'::text[]))
                                                                          Rows Removed by Filter: 134167
                                                                    ->  Index Scan using keyword_id_movie_keyword on movie_keyword mk  (cost=0.00..610.00 rows=305 width=8) (actual time=0.026..2.518 rows=3232 loops=3)
                                                                          Index Cond: (keyword_id = k.id)
                                                              ->  Index Scan using title_pkey on title t  (cost=0.00..2.00 rows=1 width=21) (actual time=0.003..0.003 rows=0 loops=9696)
                                                                    Index Cond: (id = mk.movie_id)
                                                                    Filter: (production_year > 2010)
                                                                    Rows Removed by Filter: 1
                                                        ->  Index Scan using movie_id_movie_companies on movie_companies mc  (cost=0.00..10.00 rows=5 width=8) (actual time=0.003..0.006 rows=11 loops=495)
                                                              Index Cond: (movie_id = t.id)
                                                  ->  Index Scan using company_name_pkey on company_name cn  (cost=0.00..2.00 rows=1 width=4) (actual time=0.002..0.002 rows=0 loops=5566)
                                                        Index Cond: (id = mc.company_id)
                                                        Filter: ((country_code)::text = '[us]'::text)
                                                        Rows Removed by Filter: 1
                                            ->  Index Scan using movie_id_movie_info on movie_info mi  (cost=0.00..84.00 rows=1 width=8) (actual time=0.009..0.035 rows=2 loops=1576)
                                                  Index Cond: (movie_id = t.id)
                                                  Filter: ((info IS NOT NULL) AND ((info ~~ 'Japan:%201%'::text) OR (info ~~ 'USA:%201%'::text)))
                                                  Rows Removed by Filter: 131
                                      ->  Index Scan using movie_id_cast_info on cast_info ci  (cost=0.00..72.00 rows=1 width=16) (actual time=0.054..0.083 rows=4 loops=3406)
                                            Index Cond: (movie_id = t.id)
                                            Filter: (note = ANY ('{(voice),"(voice: Japanese version)","(voice) (uncredited)","(voice: English version)"}'::text[]))
                                            Rows Removed by Filter: 169
                                ->  Index Scan using name_pkey on name n  (cost=0.00..2.00 rows=1 width=19) (actual time=0.002..0.002 rows=0 loops=13758)
                                      Index Cond: (id = ci.person_id)
                                      Filter: ((name ~~ '%An%'::text) AND ((gender)::text = 'f'::text))
                                      Rows Removed by Filter: 1
                          ->  Index Scan using role_type_pkey on role_type rt  (cost=0.00..2.00 rows=1 width=4) (actual time=0.001..0.001 rows=1 loops=143)
                                Index Cond: (id = ci.role_id)
                                Filter: ((role)::text = 'actress'::text)
                    ->  Index Scan using char_name_pkey on char_name chn  (cost=0.00..2.00 rows=1 width=20) (actual time=0.002..0.002 rows=1 loops=143)
                          Index Cond: (id = ci.person_role_id)
              ->  Index Scan using info_type_pkey on info_type it  (cost=0.00..2.00 rows=1 width=4) (actual time=0.001..0.001 rows=1 loops=141)
                    Index Cond: (id = mi.info_type_id)
                    Filter: ((info)::text = 'release dates'::text)
        ->  Index Only Scan using person_id_aka_name on aka_name an  (cost=0.00..4.00 rows=2 width=4) (actual time=0.002..0.003 rows=2 loops=141)
              Index Cond: (person_id = n.id)
              Heap Fetches: 275
Planning time: 46.726 ms
Execution time: 437.877 ms
