Aggregate  (cost=200409.00..200410.00 rows=1 width=96) (actual time=133.712..133.712 rows=1 loops=1)
  ->  Nested Loop  (cost=0.00..200409.00 rows=1 width=48) (actual time=15.174..133.622 rows=275 loops=1)
        ->  Nested Loop  (cost=0.00..200403.00 rows=1 width=56) (actual time=6.160..133.266 rows=141 loops=1)
              ->  Nested Loop  (cost=0.00..200401.00 rows=1 width=60) (actual time=6.153..132.579 rows=300 loops=1)
                    ->  Nested Loop  (cost=0.00..200386.00 rows=1 width=72) (actual time=6.146..132.339 rows=36 loops=1)
                          ->  Nested Loop  (cost=0.00..200382.00 rows=1 width=76) (actual time=6.143..132.282 rows=36 loops=1)
                                ->  Nested Loop  (cost=0.00..200380.00 rows=1 width=64) (actual time=6.138..132.144 rows=37 loops=1)
                                      ->  Nested Loop  (cost=0.00..200376.00 rows=2 width=45) (actual time=0.225..120.920 rows=4439 loops=1)
                                            ->  Nested Loop  (cost=0.00..199865.00 rows=7 width=29) (actual time=0.067..61.458 rows=738 loops=1)
                                                  ->  Nested Loop  (cost=0.00..198382.00 rows=738 width=33) (actual time=0.065..60.637 rows=738 loops=1)
                                                        ->  Nested Loop  (cost=0.00..156307.00 rows=495 width=25) (actual time=0.058..46.281 rows=495 loops=1)
                                                              ->  Nested Loop  (cost=0.00..136915.00 rows=9696 width=4) (actual time=0.022..21.952 rows=9696 loops=1)
                                                                    ->  Seq Scan on keyword k  (cost=0.00..134170.00 rows=3 width=4) (actual time=0.013..14.286 rows=3 loops=1)
                                                                          Filter: (keyword = ANY ('{hero,martial-arts,hand-to-hand-combat}'::text[]))
                                                                          Rows Removed by Filter: 134167
                                                                    ->  Index Scan using keyword_id_movie_keyword on movie_keyword mk  (cost=0.00..610.00 rows=305 width=8) (actual time=0.007..2.167 rows=3232 loops=3)
                                                                          Index Cond: (keyword_id = k.id)
                                                              ->  Index Scan using title_pkey on title t  (cost=0.00..2.00 rows=1 width=21) (actual time=0.002..0.002 rows=0 loops=9696)
                                                                    Index Cond: (id = mk.movie_id)
                                                                    Filter: (production_year > 2010)
                                                                    Rows Removed by Filter: 1
                                                        ->  Index Scan using movie_id_movie_info on movie_info mi  (cost=0.00..84.00 rows=1 width=8) (actual time=0.011..0.029 rows=1 loops=495)
                                                              Index Cond: (movie_id = t.id)
                                                              Filter: ((info IS NOT NULL) AND ((info ~~ 'Japan:%201%'::text) OR (info ~~ 'USA:%201%'::text)))
                                                              Rows Removed by Filter: 70
                                                  ->  Index Scan using info_type_pkey on info_type it  (cost=0.00..2.00 rows=1 width=4) (actual time=0.001..0.001 rows=1 loops=738)
                                                        Index Cond: (id = mi.info_type_id)
                                                        Filter: ((info)::text = 'release dates'::text)
                                            ->  Index Scan using movie_id_cast_info on cast_info ci  (cost=0.00..72.00 rows=1 width=16) (actual time=0.052..0.080 rows=6 loops=738)
                                                  Index Cond: (movie_id = t.id)
                                                  Filter: (note = ANY ('{(voice),"(voice: Japanese version)","(voice) (uncredited)","(voice: English version)"}'::text[]))
                                                  Rows Removed by Filter: 128
                                      ->  Index Scan using name_pkey on name n  (cost=0.00..2.00 rows=1 width=19) (actual time=0.002..0.002 rows=0 loops=4439)
                                            Index Cond: (id = ci.person_id)
                                            Filter: ((name ~~ '%An%'::text) AND ((gender)::text = 'f'::text))
                                            Rows Removed by Filter: 1
                                ->  Index Scan using char_name_pkey on char_name chn  (cost=0.00..2.00 rows=1 width=20) (actual time=0.003..0.003 rows=1 loops=37)
                                      Index Cond: (id = ci.person_role_id)
                          ->  Index Scan using role_type_pkey on role_type rt  (cost=0.00..2.00 rows=1 width=4) (actual time=0.001..0.001 rows=1 loops=36)
                                Index Cond: (id = ci.role_id)
                                Filter: ((role)::text = 'actress'::text)
                    ->  Index Scan using movie_id_movie_companies on movie_companies mc  (cost=0.00..10.00 rows=5 width=8) (actual time=0.003..0.005 rows=8 loops=36)
                          Index Cond: (movie_id = t.id)
              ->  Index Scan using company_name_pkey on company_name cn  (cost=0.00..2.00 rows=1 width=4) (actual time=0.002..0.002 rows=0 loops=300)
                    Index Cond: (id = mc.company_id)
                    Filter: ((country_code)::text = '[us]'::text)
                    Rows Removed by Filter: 1
        ->  Index Only Scan using person_id_aka_name on aka_name an  (cost=0.00..4.00 rows=2 width=4) (actual time=0.002..0.002 rows=2 loops=141)
              Index Cond: (person_id = n.id)
              Heap Fetches: 275
Planning time: 46.869 ms
Execution time: 133.791 ms
