Aggregate  (cost=273482.00..273483.00 rows=1 width=96) (actual time=132.047..132.047 rows=1 loops=1)
  ->  Nested Loop  (cost=0.00..273482.00 rows=275 width=48) (actual time=14.843..131.945 rows=275 loops=1)
        ->  Nested Loop  (cost=0.00..272930.00 rows=275 width=52) (actual time=14.841..131.657 rows=275 loops=1)
              ->  Nested Loop  (cost=0.00..271146.00 rows=892 width=56) (actual time=14.836..130.069 rows=892 loops=1)
                    ->  Nested Loop  (cost=0.00..270171.00 rows=65 width=68) (actual time=14.831..129.655 rows=65 loops=1)
                          ->  Nested Loop  (cost=0.00..269955.00 rows=36 width=76) (actual time=6.129..129.516 rows=36 loops=1)
                                ->  Nested Loop  (cost=0.00..269880.00 rows=36 width=80) (actual time=6.127..129.455 rows=36 loops=1)
                                      ->  Nested Loop  (cost=0.00..261134.00 rows=4373 width=61) (actual time=0.193..118.876 rows=4373 loops=1)
                                            ->  Nested Loop  (cost=0.00..252256.00 rows=4439 width=49) (actual time=0.189..108.442 rows=4439 loops=1)
                                                  ->  Nested Loop  (cost=0.00..198382.00 rows=738 width=33) (actual time=0.052..53.593 rows=738 loops=1)
                                                        ->  Nested Loop  (cost=0.00..156307.00 rows=495 width=25) (actual time=0.046..40.956 rows=495 loops=1)
                                                              ->  Nested Loop  (cost=0.00..136915.00 rows=9696 width=4) (actual time=0.018..19.657 rows=9696 loops=1)
                                                                    ->  Seq Scan on keyword k  (cost=0.00..134170.00 rows=3 width=4) (actual time=0.011..13.349 rows=3 loops=1)
                                                                          Filter: (keyword = ANY ('{hero,martial-arts,hand-to-hand-combat}'::text[]))
                                                                          Rows Removed by Filter: 134167
                                                                    ->  Index Scan using keyword_id_movie_keyword on movie_keyword mk  (cost=0.00..610.00 rows=305 width=8) (actual time=0.006..1.723 rows=3232 loops=3)
                                                                          Index Cond: (keyword_id = k.id)
                                                              ->  Index Scan using title_pkey on title t  (cost=0.00..2.00 rows=1 width=21) (actual time=0.002..0.002 rows=0 loops=9696)
                                                                    Index Cond: (id = mk.movie_id)
                                                                    Filter: (production_year > 2010)
                                                                    Rows Removed by Filter: 1
                                                        ->  Index Scan using movie_id_movie_info on movie_info mi  (cost=0.00..84.00 rows=1 width=8) (actual time=0.009..0.025 rows=1 loops=495)
                                                              Index Cond: (movie_id = t.id)
                                                              Filter: ((info IS NOT NULL) AND ((info ~~ 'Japan:%201%'::text) OR (info ~~ 'USA:%201%'::text)))
                                                              Rows Removed by Filter: 70
                                                  ->  Index Scan using movie_id_cast_info on cast_info ci  (cost=0.00..72.00 rows=1 width=16) (actual time=0.047..0.073 rows=6 loops=738)
                                                        Index Cond: (movie_id = t.id)
                                                        Filter: (note = ANY ('{(voice),"(voice: Japanese version)","(voice) (uncredited)","(voice: English version)"}'::text[]))
                                                        Rows Removed by Filter: 128
                                            ->  Index Scan using char_name_pkey on char_name chn  (cost=0.00..2.00 rows=1 width=20) (actual time=0.002..0.002 rows=1 loops=4439)
                                                  Index Cond: (id = ci.person_role_id)
                                      ->  Index Scan using name_pkey on name n  (cost=0.00..2.00 rows=1 width=19) (actual time=0.002..0.002 rows=0 loops=4373)
                                            Index Cond: (id = ci.person_id)
                                            Filter: ((name ~~ '%An%'::text) AND ((gender)::text = 'f'::text))
                                            Rows Removed by Filter: 1
                                ->  Index Scan using role_type_pkey on role_type rt  (cost=0.00..2.00 rows=1 width=4) (actual time=0.001..0.001 rows=1 loops=36)
                                      Index Cond: (id = ci.role_id)
                                      Filter: ((role)::text = 'actress'::text)
                          ->  Index Only Scan using person_id_aka_name on aka_name an  (cost=0.00..4.00 rows=2 width=4) (actual time=0.003..0.003 rows=2 loops=36)
                                Index Cond: (person_id = n.id)
                                Heap Fetches: 65
                    ->  Index Scan using movie_id_movie_companies on movie_companies mc  (cost=0.00..10.00 rows=5 width=8) (actual time=0.002..0.004 rows=14 loops=65)
                          Index Cond: (movie_id = t.id)
              ->  Index Scan using company_name_pkey on company_name cn  (cost=0.00..2.00 rows=1 width=4) (actual time=0.002..0.002 rows=0 loops=892)
                    Index Cond: (id = mc.company_id)
                    Filter: ((country_code)::text = '[us]'::text)
                    Rows Removed by Filter: 1
        ->  Index Scan using info_type_pkey on info_type it  (cost=0.00..2.00 rows=1 width=4) (actual time=0.001..0.001 rows=1 loops=275)
              Index Cond: (id = mi.info_type_id)
              Filter: ((info)::text = 'release dates'::text)
Planning time: 46.206 ms
Execution time: 132.116 ms
