Aggregate  (cost=197953.00..197954.00 rows=1 width=96) (actual time=84.725..84.725 rows=1 loops=1)
  ->  Nested Loop  (cost=0.00..197953.00 rows=1 width=48) (actual time=10.610..84.635 rows=275 loops=1)
        ->  Nested Loop  (cost=0.00..197951.00 rows=1 width=36) (actual time=10.455..84.180 rows=277 loops=1)
              ->  Nested Loop  (cost=0.00..197945.00 rows=1 width=44) (actual time=4.304..83.824 rows=143 loops=1)
                    ->  Nested Loop  (cost=0.00..197943.00 rows=1 width=48) (actual time=4.296..83.170 rows=303 loops=1)
                          ->  Nested Loop  (cost=0.00..197928.00 rows=1 width=60) (actual time=4.290..82.940 rows=37 loops=1)
                                ->  Nested Loop  (cost=0.00..197924.00 rows=1 width=64) (actual time=4.288..82.879 rows=37 loops=1)
                                      ->  Nested Loop  (cost=0.00..197754.00 rows=2 width=56) (actual time=4.278..82.236 rows=30 loops=1)
                                            ->  Nested Loop  (cost=0.00..197692.00 rows=30 width=60) (actual time=4.275..82.187 rows=30 loops=1)
                                                  ->  Nested Loop  (cost=0.00..192442.00 rows=2625 width=41) (actual time=0.211..75.134 rows=2625 loops=1)
                                                        ->  Nested Loop  (cost=0.00..156307.00 rows=495 width=25) (actual time=0.058..43.346 rows=495 loops=1)
                                                              ->  Nested Loop  (cost=0.00..136915.00 rows=9696 width=4) (actual time=0.022..21.051 rows=9696 loops=1)
                                                                    ->  Seq Scan on keyword k  (cost=0.00..134170.00 rows=3 width=4) (actual time=0.012..14.202 rows=3 loops=1)
                                                                          Filter: (keyword = ANY ('{hero,martial-arts,hand-to-hand-combat}'::text[]))
                                                                          Rows Removed by Filter: 134167
                                                                    ->  Index Scan using keyword_id_movie_keyword on movie_keyword mk  (cost=0.00..610.00 rows=305 width=8) (actual time=0.007..1.903 rows=3232 loops=3)
                                                                          Index Cond: (keyword_id = k.id)
                                                              ->  Index Scan using title_pkey on title t  (cost=0.00..2.00 rows=1 width=21) (actual time=0.002..0.002 rows=0 loops=9696)
                                                                    Index Cond: (id = mk.movie_id)
                                                                    Filter: (production_year > 2010)
                                                                    Rows Removed by Filter: 1
                                                        ->  Index Scan using movie_id_cast_info on cast_info ci  (cost=0.00..72.00 rows=1 width=16) (actual time=0.044..0.063 rows=5 loops=495)
                                                              Index Cond: (movie_id = t.id)
                                                              Filter: (note = ANY ('{(voice),"(voice: Japanese version)","(voice) (uncredited)","(voice: English version)"}'::text[]))
                                                              Rows Removed by Filter: 83
                                                  ->  Index Scan using name_pkey on name n  (cost=0.00..2.00 rows=1 width=19) (actual time=0.003..0.003 rows=0 loops=2625)
                                                        Index Cond: (id = ci.person_id)
                                                        Filter: ((name ~~ '%An%'::text) AND ((gender)::text = 'f'::text))
                                                        Rows Removed by Filter: 1
                                            ->  Index Scan using role_type_pkey on role_type rt  (cost=0.00..2.00 rows=1 width=4) (actual time=0.001..0.001 rows=1 loops=30)
                                                  Index Cond: (id = ci.role_id)
                                                  Filter: ((role)::text = 'actress'::text)
                                      ->  Index Scan using movie_id_movie_info on movie_info mi  (cost=0.00..84.00 rows=1 width=8) (actual time=0.006..0.021 rows=1 loops=30)
                                            Index Cond: (movie_id = t.id)
                                            Filter: ((info IS NOT NULL) AND ((info ~~ 'Japan:%201%'::text) OR (info ~~ 'USA:%201%'::text)))
                                            Rows Removed by Filter: 46
                                ->  Index Scan using info_type_pkey on info_type it  (cost=0.00..2.00 rows=1 width=4) (actual time=0.001..0.001 rows=1 loops=37)
                                      Index Cond: (id = mi.info_type_id)
                                      Filter: ((info)::text = 'release dates'::text)
                          ->  Index Scan using movie_id_movie_companies on movie_companies mc  (cost=0.00..10.00 rows=5 width=8) (actual time=0.003..0.005 rows=8 loops=37)
                                Index Cond: (movie_id = t.id)
                    ->  Index Scan using company_name_pkey on company_name cn  (cost=0.00..2.00 rows=1 width=4) (actual time=0.002..0.002 rows=0 loops=303)
                          Index Cond: (id = mc.company_id)
                          Filter: ((country_code)::text = '[us]'::text)
                          Rows Removed by Filter: 1
              ->  Index Only Scan using person_id_aka_name on aka_name an  (cost=0.00..4.00 rows=2 width=4) (actual time=0.002..0.002 rows=2 loops=143)
                    Index Cond: (person_id = n.id)
                    Heap Fetches: 277
        ->  Index Scan using char_name_pkey on char_name chn  (cost=0.00..2.00 rows=1 width=20) (actual time=0.001..0.001 rows=1 loops=277)
              Index Cond: (id = ci.person_role_id)
Planning time: 46.790 ms
Execution time: 84.796 ms
