Aggregate  (cost=158812.44..158813.44 rows=1 width=96) (actual time=40.557..40.557 rows=1 loops=1)
  ->  Nested Loop  (cost=0.00..158812.44 rows=1 width=48) (actual time=12.860..40.535 rows=45 loops=1)
        ->  Nested Loop  (cost=0.00..158806.44 rows=1 width=56) (actual time=12.854..40.492 rows=9 loops=1)
              ->  Nested Loop  (cost=0.00..158802.44 rows=1 width=60) (actual time=12.795..40.188 rows=155 loops=1)
                    ->  Nested Loop  (cost=0.00..158787.44 rows=1 width=72) (actual time=12.790..40.116 rows=9 loops=1)
                          ->  Nested Loop  (cost=0.00..158783.44 rows=1 width=76) (actual time=12.787..40.101 rows=9 loops=1)
                                ->  Nested Loop  (cost=0.00..158659.44 rows=62 width=57) (actual time=12.759..39.930 rows=62 loops=1)
                                      ->  Nested Loop  (cost=0.00..158138.44 rows=250 width=61) (actual time=12.641..39.686 rows=250 loops=1)
                                            ->  Nested Loop  (cost=0.00..157632.44 rows=253 width=49) (actual time=12.636..39.083 rows=253 loops=1)
                                                  ->  Nested Loop  (cost=0.00..156902.44 rows=10 width=33) (actual time=12.627..38.413 rows=10 loops=1)
                                                        ->  Nested Loop  (cost=0.00..156307.44 rows=7 width=25) (actual time=7.730..38.246 rows=7 loops=1)
                                                              ->  Nested Loop  (cost=0.00..136915.00 rows=9696 width=4) (actual time=0.018..19.732 rows=9696 loops=1)
                                                                    ->  Seq Scan on keyword k  (cost=0.00..134170.00 rows=3 width=4) (actual time=0.011..14.454 rows=3 loops=1)
                                                                          Filter: (keyword = ANY ('{hero,martial-arts,hand-to-hand-combat,computer-animated-movie}'::text[]))
                                                                          Rows Removed by Filter: 134167
                                                                    ->  Index Scan using keyword_id_movie_keyword on movie_keyword mk  (cost=0.00..610.00 rows=305 width=8) (actual time=0.005..1.407 rows=3232 loops=3)
                                                                          Index Cond: (keyword_id = k.id)
                                                              ->  Index Scan using title_pkey on title t  (cost=0.00..2.00 rows=1 width=21) (actual time=0.002..0.002 rows=0 loops=9696)
                                                                    Index Cond: (id = mk.movie_id)
                                                                    Filter: ((production_year > 2010) AND (title ~~ 'Kung Fu Panda%'::text))
                                                                    Rows Removed by Filter: 1
                                                        ->  Index Scan using movie_id_movie_info on movie_info mi  (cost=0.00..84.00 rows=1 width=8) (actual time=0.007..0.023 rows=1 loops=7)
                                                              Index Cond: (movie_id = t.id)
                                                              Filter: ((info IS NOT NULL) AND ((info ~~ 'Japan:%201%'::text) OR (info ~~ 'USA:%201%'::text)))
                                                              Rows Removed by Filter: 77
                                                  ->  Index Scan using movie_id_cast_info on cast_info ci  (cost=0.00..72.00 rows=1 width=16) (actual time=0.005..0.063 rows=25 loops=10)
                                                        Index Cond: (movie_id = t.id)
                                                        Filter: (note = ANY ('{(voice),"(voice: Japanese version)","(voice) (uncredited)","(voice: English version)"}'::text[]))
                                                        Rows Removed by Filter: 82
                                            ->  Index Scan using char_name_pkey on char_name chn  (cost=0.00..2.00 rows=1 width=20) (actual time=0.002..0.002 rows=1 loops=253)
                                                  Index Cond: (id = ci.person_role_id)
                                      ->  Index Scan using role_type_pkey on role_type rt  (cost=0.00..2.00 rows=1 width=4) (actual time=0.001..0.001 rows=0 loops=250)
                                            Index Cond: (id = ci.role_id)
                                            Filter: ((role)::text = 'actress'::text)
                                            Rows Removed by Filter: 1
                                ->  Index Scan using name_pkey on name n  (cost=0.00..2.00 rows=1 width=19) (actual time=0.003..0.003 rows=0 loops=62)
                                      Index Cond: (id = ci.person_id)
                                      Filter: ((name ~~ '%An%'::text) AND ((gender)::text = 'f'::text))
                                      Rows Removed by Filter: 1
                          ->  Index Scan using info_type_pkey on info_type it  (cost=0.00..2.00 rows=1 width=4) (actual time=0.001..0.001 rows=1 loops=9)
                                Index Cond: (id = mi.info_type_id)
                                Filter: ((info)::text = 'release dates'::text)
                    ->  Index Scan using movie_id_movie_companies on movie_companies mc  (cost=0.00..10.00 rows=5 width=8) (actual time=0.002..0.005 rows=17 loops=9)
                          Index Cond: (movie_id = t.id)
              ->  Index Scan using company_name_pkey on company_name cn  (cost=0.00..2.00 rows=1 width=4) (actual time=0.002..0.002 rows=0 loops=155)
                    Index Cond: (id = mc.company_id)
                    Filter: (((country_code)::text = '[us]'::text) AND (name = 'DreamWorks Animation'::text))
                    Rows Removed by Filter: 1
        ->  Index Only Scan using person_id_aka_name on aka_name an  (cost=0.00..4.00 rows=2 width=4) (actual time=0.003..0.004 rows=5 loops=9)
              Index Cond: (person_id = n.id)
              Heap Fetches: 45
Planning time: 46.739 ms
Execution time: 40.624 ms
