Aggregate  (cost=159796.44..159797.44 rows=1 width=96) (actual time=42.353..42.353 rows=1 loops=1)
  ->  Nested Loop  (cost=0.00..159796.44 rows=1 width=48) (actual time=13.070..42.330 rows=45 loops=1)
        ->  Nested Loop  (cost=0.00..159792.44 rows=1 width=52) (actual time=13.068..42.279 rows=45 loops=1)
              ->  Nested Loop  (cost=0.00..159722.44 rows=34 width=56) (actual time=12.778..41.000 rows=775 loops=1)
                    ->  Nested Loop  (cost=0.00..158792.44 rows=155 width=64) (actual time=12.773..40.496 rows=155 loops=1)
                          ->  Nested Loop  (cost=0.00..158657.44 rows=9 width=76) (actual time=12.768..40.414 rows=9 loops=1)
                                ->  Nested Loop  (cost=0.00..158638.44 rows=9 width=80) (actual time=12.766..40.400 rows=9 loops=1)
                                      ->  Nested Loop  (cost=0.00..158138.44 rows=250 width=61) (actual time=12.592..39.800 rows=250 loops=1)
                                            ->  Nested Loop  (cost=0.00..157632.44 rows=253 width=49) (actual time=12.588..39.206 rows=253 loops=1)
                                                  ->  Nested Loop  (cost=0.00..156902.44 rows=10 width=33) (actual time=12.580..38.541 rows=10 loops=1)
                                                        ->  Nested Loop  (cost=0.00..156307.44 rows=7 width=25) (actual time=7.720..38.375 rows=7 loops=1)
                                                              ->  Nested Loop  (cost=0.00..136915.00 rows=9696 width=4) (actual time=0.018..19.768 rows=9696 loops=1)
                                                                    ->  Seq Scan on keyword k  (cost=0.00..134170.00 rows=3 width=4) (actual time=0.011..14.453 rows=3 loops=1)
                                                                          Filter: (keyword = ANY ('{hero,martial-arts,hand-to-hand-combat,computer-animated-movie}'::text[]))
                                                                          Rows Removed by Filter: 134167
                                                                    ->  Index Scan using keyword_id_movie_keyword on movie_keyword mk  (cost=0.00..610.00 rows=305 width=8) (actual time=0.005..1.410 rows=3232 loops=3)
                                                                          Index Cond: (keyword_id = k.id)
                                                              ->  Index Scan using title_pkey on title t  (cost=0.00..2.00 rows=1 width=21) (actual time=0.002..0.002 rows=0 loops=9696)
                                                                    Index Cond: (id = mk.movie_id)
                                                                    Filter: ((production_year > 2010) AND (title ~~ 'Kung Fu Panda%'::text))
                                                                    Rows Removed by Filter: 1
                                                        ->  Index Scan using movie_id_movie_info on movie_info mi  (cost=0.00..84.00 rows=1 width=8) (actual time=0.007..0.023 rows=1 loops=7)
                                                              Index Cond: (movie_id = t.id)
                                                              Filter: ((info IS NOT NULL) AND ((info ~~ 'Japan:%201%'::text) OR (info ~~ 'USA:%201%'::text)))
                                                              Rows Removed by Filter: 77
                                                  ->  Index Scan using movie_id_cast_info on cast_info ci  (cost=0.00..72.00 rows=1 width=16) (actual time=0.005..0.062 rows=25 loops=10)
                                                        Index Cond: (movie_id = t.id)
                                                        Filter: (note = ANY ('{(voice),"(voice: Japanese version)","(voice) (uncredited)","(voice: English version)"}'::text[]))
                                                        Rows Removed by Filter: 82
                                            ->  Index Scan using char_name_pkey on char_name chn  (cost=0.00..2.00 rows=1 width=20) (actual time=0.002..0.002 rows=1 loops=253)
                                                  Index Cond: (id = ci.person_role_id)
                                      ->  Index Scan using name_pkey on name n  (cost=0.00..2.00 rows=1 width=19) (actual time=0.002..0.002 rows=0 loops=250)
                                            Index Cond: (id = ci.person_id)
                                            Filter: ((name ~~ '%An%'::text) AND ((gender)::text = 'f'::text))
                                            Rows Removed by Filter: 1
                                ->  Index Scan using role_type_pkey on role_type rt  (cost=0.00..2.00 rows=1 width=4) (actual time=0.001..0.001 rows=1 loops=9)
                                      Index Cond: (id = ci.role_id)
                                      Filter: ((role)::text = 'actress'::text)
                          ->  Index Scan using movie_id_movie_companies on movie_companies mc  (cost=0.00..10.00 rows=5 width=8) (actual time=0.003..0.006 rows=17 loops=9)
                                Index Cond: (movie_id = t.id)
                    ->  Index Only Scan using person_id_aka_name on aka_name an  (cost=0.00..4.00 rows=2 width=4) (actual time=0.002..0.003 rows=5 loops=155)
                          Index Cond: (person_id = n.id)
                          Heap Fetches: 775
              ->  Index Scan using company_name_pkey on company_name cn  (cost=0.00..2.00 rows=1 width=4) (actual time=0.001..0.001 rows=0 loops=775)
                    Index Cond: (id = mc.company_id)
                    Filter: (((country_code)::text = '[us]'::text) AND (name = 'DreamWorks Animation'::text))
                    Rows Removed by Filter: 1
        ->  Index Scan using info_type_pkey on info_type it  (cost=0.00..2.00 rows=1 width=4) (actual time=0.001..0.001 rows=1 loops=45)
              Index Cond: (id = mi.info_type_id)
              Filter: ((info)::text = 'release dates'::text)
Planning time: 46.417 ms
Execution time: 42.421 ms
