Aggregate  (cost=156502.44..156503.44 rows=1 width=96) (actual time=60.348..60.348 rows=1 loops=1)
  ->  Nested Loop  (cost=0.00..156502.44 rows=1 width=48) (actual time=23.073..60.329 rows=45 loops=1)
        ->  Nested Loop  (cost=0.00..156496.44 rows=1 width=56) (actual time=23.068..60.291 rows=9 loops=1)
              ->  Nested Loop  (cost=0.00..156494.44 rows=1 width=44) (actual time=23.065..60.270 rows=9 loops=1)
                    ->  Nested Loop  (cost=0.00..156490.44 rows=1 width=48) (actual time=12.627..59.946 rows=155 loops=1)
                          ->  Nested Loop  (cost=0.00..156488.44 rows=1 width=29) (actual time=12.609..57.580 rows=1221 loops=1)
                                ->  Nested Loop  (cost=0.00..156484.44 rows=1 width=33) (actual time=12.565..52.968 rows=5179 loops=1)
                                      ->  Nested Loop  (cost=0.00..156411.44 rows=1 width=37) (actual time=12.557..41.299 rows=158 loops=1)
                                            ->  Nested Loop  (cost=0.00..156407.44 rows=1 width=41) (actual time=12.554..41.117 rows=158 loops=1)
                                                  ->  Nested Loop  (cost=0.00..156322.44 rows=1 width=33) (actual time=7.649..38.347 rows=62 loops=1)
                                                        ->  Nested Loop  (cost=0.00..156307.44 rows=1 width=25) (actual time=7.645..38.302 rows=7 loops=1)
                                                              ->  Nested Loop  (cost=0.00..136915.00 rows=9696 width=4) (actual time=0.018..19.794 rows=9696 loops=1)
                                                                    ->  Seq Scan on keyword k  (cost=0.00..134170.00 rows=3 width=4) (actual time=0.011..14.547 rows=3 loops=1)
                                                                          Filter: (keyword = ANY ('{hero,martial-arts,hand-to-hand-combat,computer-animated-movie}'::text[]))
                                                                          Rows Removed by Filter: 134167
                                                                    ->  Index Scan using keyword_id_movie_keyword on movie_keyword mk  (cost=0.00..610.00 rows=305 width=8) (actual time=0.005..1.392 rows=3232 loops=3)
                                                                          Index Cond: (keyword_id = k.id)
                                                              ->  Index Scan using title_pkey on title t  (cost=0.00..2.00 rows=1 width=21) (actual time=0.002..0.002 rows=0 loops=9696)
                                                                    Index Cond: (id = mk.movie_id)
                                                                    Filter: ((production_year > 2010) AND (title ~~ 'Kung Fu Panda%'::text))
                                                                    Rows Removed by Filter: 1
                                                        ->  Index Scan using movie_id_movie_companies on movie_companies mc  (cost=0.00..10.00 rows=5 width=8) (actual time=0.002..0.005 rows=9 loops=7)
                                                              Index Cond: (movie_id = t.id)
                                                  ->  Index Scan using movie_id_movie_info on movie_info mi  (cost=0.00..84.00 rows=1 width=8) (actual time=0.007..0.044 rows=3 loops=62)
                                                        Index Cond: (movie_id = t.id)
                                                        Filter: ((info IS NOT NULL) AND ((info ~~ 'Japan:%201%'::text) OR (info ~~ 'USA:%201%'::text)))
                                                        Rows Removed by Filter: 193
                                            ->  Index Scan using info_type_pkey on info_type it  (cost=0.00..2.00 rows=1 width=4) (actual time=0.001..0.001 rows=1 loops=158)
                                                  Index Cond: (id = mi.info_type_id)
                                                  Filter: ((info)::text = 'release dates'::text)
                                      ->  Index Scan using movie_id_cast_info on cast_info ci  (cost=0.00..72.00 rows=1 width=16) (actual time=0.004..0.070 rows=33 loops=158)
                                            Index Cond: (movie_id = t.id)
                                            Filter: (note = ANY ('{(voice),"(voice: Japanese version)","(voice) (uncredited)","(voice: English version)"}'::text[]))
                                            Rows Removed by Filter: 120
                                ->  Index Scan using role_type_pkey on role_type rt  (cost=0.00..2.00 rows=1 width=4) (actual time=0.001..0.001 rows=0 loops=5179)
                                      Index Cond: (id = ci.role_id)
                                      Filter: ((role)::text = 'actress'::text)
                                      Rows Removed by Filter: 1
                          ->  Index Scan using name_pkey on name n  (cost=0.00..2.00 rows=1 width=19) (actual time=0.002..0.002 rows=0 loops=1221)
                                Index Cond: (id = ci.person_id)
                                Filter: ((name ~~ '%An%'::text) AND ((gender)::text = 'f'::text))
                                Rows Removed by Filter: 1
                    ->  Index Scan using company_name_pkey on company_name cn  (cost=0.00..2.00 rows=1 width=4) (actual time=0.002..0.002 rows=0 loops=155)
                          Index Cond: (id = mc.company_id)
                          Filter: (((country_code)::text = '[us]'::text) AND (name = 'DreamWorks Animation'::text))
                          Rows Removed by Filter: 1
              ->  Index Scan using char_name_pkey on char_name chn  (cost=0.00..2.00 rows=1 width=20) (actual time=0.002..0.002 rows=1 loops=9)
                    Index Cond: (id = ci.person_role_id)
        ->  Index Only Scan using person_id_aka_name on aka_name an  (cost=0.00..4.00 rows=2 width=4) (actual time=0.002..0.003 rows=5 loops=9)
              Index Cond: (person_id = n.id)
              Heap Fetches: 45
Planning time: 46.745 ms
Execution time: 60.414 ms
