Aggregate  (cost=156942.44..156943.44 rows=1 width=96) (actual time=43.242..43.242 rows=1 loops=1)
  ->  Nested Loop  (cost=0.00..156942.44 rows=1 width=48) (actual time=14.246..43.220 rows=45 loops=1)
        ->  Nested Loop  (cost=0.00..156938.44 rows=1 width=52) (actual time=14.243..43.174 rows=45 loops=1)
              ->  Nested Loop  (cost=0.00..156853.44 rows=1 width=64) (actual time=14.231..42.559 rows=25 loops=1)
                    ->  Nested Loop  (cost=0.00..156847.44 rows=1 width=72) (actual time=14.226..42.533 rows=5 loops=1)
                          ->  Nested Loop  (cost=0.00..156843.44 rows=1 width=76) (actual time=14.223..42.524 rows=5 loops=1)
                                ->  Nested Loop  (cost=0.00..156841.44 rows=1 width=57) (actual time=12.654..42.239 rows=105 loops=1)
                                      ->  Nested Loop  (cost=0.00..156837.44 rows=1 width=61) (actual time=12.596..39.495 rows=1770 loops=1)
                                            ->  Nested Loop  (cost=0.00..156822.44 rows=1 width=53) (actual time=12.592..38.811 rows=114 loops=1)
                                                  ->  Nested Loop  (cost=0.00..156818.44 rows=2 width=41) (actual time=12.587..38.503 rows=117 loops=1)
                                                        ->  Nested Loop  (cost=0.00..156307.44 rows=7 width=25) (actual time=7.711..38.176 rows=7 loops=1)
                                                              ->  Nested Loop  (cost=0.00..136915.00 rows=9696 width=4) (actual time=0.018..19.598 rows=9696 loops=1)
                                                                    ->  Seq Scan on keyword k  (cost=0.00..134170.00 rows=3 width=4) (actual time=0.011..14.419 rows=3 loops=1)
                                                                          Filter: (keyword = ANY ('{hero,martial-arts,hand-to-hand-combat,computer-animated-movie}'::text[]))
                                                                          Rows Removed by Filter: 134167
                                                                    ->  Index Scan using keyword_id_movie_keyword on movie_keyword mk  (cost=0.00..610.00 rows=305 width=8) (actual time=0.005..1.369 rows=3232 loops=3)
                                                                          Index Cond: (keyword_id = k.id)
                                                              ->  Index Scan using title_pkey on title t  (cost=0.00..2.00 rows=1 width=21) (actual time=0.002..0.002 rows=0 loops=9696)
                                                                    Index Cond: (id = mk.movie_id)
                                                                    Filter: ((production_year > 2010) AND (title ~~ 'Kung Fu Panda%'::text))
                                                                    Rows Removed by Filter: 1
                                                        ->  Index Scan using movie_id_cast_info on cast_info ci  (cost=0.00..72.00 rows=1 width=16) (actual time=0.006..0.044 rows=17 loops=7)
                                                              Index Cond: (movie_id = t.id)
                                                              Filter: (note = ANY ('{(voice),"(voice: Japanese version)","(voice) (uncredited)","(voice: English version)"}'::text[]))
                                                              Rows Removed by Filter: 48
                                                  ->  Index Scan using char_name_pkey on char_name chn  (cost=0.00..2.00 rows=1 width=20) (actual time=0.002..0.002 rows=1 loops=117)
                                                        Index Cond: (id = ci.person_role_id)
                                            ->  Index Scan using movie_id_movie_companies on movie_companies mc  (cost=0.00..10.00 rows=5 width=8) (actual time=0.002..0.004 rows=16 loops=114)
                                                  Index Cond: (movie_id = t.id)
                                      ->  Index Scan using company_name_pkey on company_name cn  (cost=0.00..2.00 rows=1 width=4) (actual time=0.001..0.001 rows=0 loops=1770)
                                            Index Cond: (id = mc.company_id)
                                            Filter: (((country_code)::text = '[us]'::text) AND (name = 'DreamWorks Animation'::text))
                                            Rows Removed by Filter: 1
                                ->  Index Scan using name_pkey on name n  (cost=0.00..2.00 rows=1 width=19) (actual time=0.002..0.002 rows=0 loops=105)
                                      Index Cond: (id = ci.person_id)
                                      Filter: ((name ~~ '%An%'::text) AND ((gender)::text = 'f'::text))
                                      Rows Removed by Filter: 1
                          ->  Index Scan using role_type_pkey on role_type rt  (cost=0.00..2.00 rows=1 width=4) (actual time=0.001..0.001 rows=1 loops=5)
                                Index Cond: (id = ci.role_id)
                                Filter: ((role)::text = 'actress'::text)
                    ->  Index Only Scan using person_id_aka_name on aka_name an  (cost=0.00..4.00 rows=2 width=4) (actual time=0.003..0.004 rows=5 loops=5)
                          Index Cond: (person_id = n.id)
                          Heap Fetches: 25
              ->  Index Scan using movie_id_movie_info on movie_info mi  (cost=0.00..84.00 rows=1 width=8) (actual time=0.005..0.024 rows=2 loops=25)
                    Index Cond: (movie_id = t.id)
                    Filter: ((info IS NOT NULL) AND ((info ~~ 'Japan:%201%'::text) OR (info ~~ 'USA:%201%'::text)))
                    Rows Removed by Filter: 104
        ->  Index Scan using info_type_pkey on info_type it  (cost=0.00..2.00 rows=1 width=4) (actual time=0.001..0.001 rows=1 loops=45)
              Index Cond: (id = mi.info_type_id)
              Filter: ((info)::text = 'release dates'::text)
Planning time: 46.562 ms
Execution time: 43.310 ms
