Aggregate  (cost=137312.44..137313.44 rows=1 width=96) (actual time=56.059..56.060 rows=1 loops=1)
  ->  Nested Loop  (cost=0.00..137312.44 rows=1 width=48) (actual time=21.099..56.037 rows=45 loops=1)
        ->  Nested Loop  (cost=0.00..137308.44 rows=1 width=52) (actual time=21.096..55.986 rows=45 loops=1)
              ->  Nested Loop  (cost=0.00..137304.44 rows=1 width=56) (actual time=13.367..54.716 rows=775 loops=1)
                    ->  Nested Loop  (cost=0.00..137298.44 rows=1 width=64) (actual time=13.361..54.158 rows=155 loops=1)
                          ->  Nested Loop  (cost=0.00..137213.44 rows=1 width=76) (actual time=13.347..51.371 rows=55 loops=1)
                                ->  Nested Loop  (cost=0.00..137209.44 rows=1 width=80) (actual time=13.345..51.294 rows=55 loops=1)
                                      ->  Nested Loop  (cost=0.00..137207.44 rows=1 width=61) (actual time=13.131..47.459 rows=1770 loops=1)
                                            ->  Nested Loop  (cost=0.00..137205.44 rows=1 width=49) (actual time=13.126..43.621 rows=1779 loops=1)
                                                  ->  Nested Loop  (cost=0.00..137132.44 rows=1 width=33) (actual time=8.099..39.137 rows=62 loops=1)
                                                        ->  Nested Loop  (cost=0.00..137117.44 rows=1 width=25) (actual time=8.094..39.081 rows=7 loops=1)
                                                              ->  Nested Loop  (cost=0.00..136915.00 rows=101 width=4) (actual time=0.018..20.014 rows=9696 loops=1)
                                                                    ->  Seq Scan on keyword k  (cost=0.00..134170.00 rows=3 width=4) (actual time=0.011..14.491 rows=3 loops=1)
                                                                          Filter: (keyword = ANY ('{hero,martial-arts,hand-to-hand-combat,computer-animated-movie}'::text[]))
                                                                          Rows Removed by Filter: 134167
                                                                    ->  Index Scan using keyword_id_movie_keyword on movie_keyword mk  (cost=0.00..610.00 rows=305 width=8) (actual time=0.006..1.477 rows=3232 loops=3)
                                                                          Index Cond: (keyword_id = k.id)
                                                              ->  Index Scan using title_pkey on title t  (cost=0.00..2.00 rows=1 width=21) (actual time=0.002..0.002 rows=0 loops=9696)
                                                                    Index Cond: (id = mk.movie_id)
                                                                    Filter: ((production_year > 2010) AND (title ~~ 'Kung Fu Panda%'::text))
                                                                    Rows Removed by Filter: 1
                                                        ->  Index Scan using movie_id_movie_companies on movie_companies mc  (cost=0.00..10.00 rows=5 width=8) (actual time=0.003..0.006 rows=9 loops=7)
                                                              Index Cond: (movie_id = t.id)
                                                  ->  Index Scan using movie_id_cast_info on cast_info ci  (cost=0.00..72.00 rows=1 width=16) (actual time=0.005..0.068 rows=29 loops=62)
                                                        Index Cond: (movie_id = t.id)
                                                        Filter: (note = ANY ('{(voice),"(voice: Japanese version)","(voice) (uncredited)","(voice: English version)"}'::text[]))
                                                        Rows Removed by Filter: 104
                                            ->  Index Scan using char_name_pkey on char_name chn  (cost=0.00..2.00 rows=1 width=20) (actual time=0.002..0.002 rows=1 loops=1779)
                                                  Index Cond: (id = ci.person_role_id)
                                      ->  Index Scan using name_pkey on name n  (cost=0.00..2.00 rows=1 width=19) (actual time=0.002..0.002 rows=0 loops=1770)
                                            Index Cond: (id = ci.person_id)
                                            Filter: ((name ~~ '%An%'::text) AND ((gender)::text = 'f'::text))
                                            Rows Removed by Filter: 1
                                ->  Index Scan using role_type_pkey on role_type rt  (cost=0.00..2.00 rows=1 width=4) (actual time=0.001..0.001 rows=1 loops=55)
                                      Index Cond: (id = ci.role_id)
                                      Filter: ((role)::text = 'actress'::text)
                          ->  Index Scan using movie_id_movie_info on movie_info mi  (cost=0.00..84.00 rows=1 width=8) (actual time=0.008..0.050 rows=3 loops=55)
                                Index Cond: (movie_id = t.id)
                                Filter: ((info IS NOT NULL) AND ((info ~~ 'Japan:%201%'::text) OR (info ~~ 'USA:%201%'::text)))
                                Rows Removed by Filter: 217
                    ->  Index Only Scan using person_id_aka_name on aka_name an  (cost=0.00..4.00 rows=2 width=4) (actual time=0.002..0.003 rows=5 loops=155)
                          Index Cond: (person_id = n.id)
                          Heap Fetches: 775
              ->  Index Scan using company_name_pkey on company_name cn  (cost=0.00..2.00 rows=1 width=4) (actual time=0.001..0.001 rows=0 loops=775)
                    Index Cond: (id = mc.company_id)
                    Filter: (((country_code)::text = '[us]'::text) AND (name = 'DreamWorks Animation'::text))
                    Rows Removed by Filter: 1
        ->  Index Scan using info_type_pkey on info_type it  (cost=0.00..2.00 rows=1 width=4) (actual time=0.001..0.001 rows=1 loops=45)
              Index Cond: (id = mi.info_type_id)
              Filter: ((info)::text = 'release dates'::text)
Planning time: 46.371 ms
Execution time: 56.127 ms
