Aggregate  (cost=161206.44..161207.44 rows=1 width=96) (actual time=45.110..45.111 rows=1 loops=1)
  ->  Nested Loop  (cost=0.00..161206.44 rows=1 width=48) (actual time=13.272..45.087 rows=45 loops=1)
        ->  Nested Loop  (cost=0.00..161202.44 rows=1 width=52) (actual time=13.213..43.764 rows=775 loops=1)
              ->  Nested Loop  (cost=0.00..161187.44 rows=1 width=64) (actual time=13.209..43.447 rows=45 loops=1)
                    ->  Nested Loop  (cost=0.00..161183.44 rows=1 width=68) (actual time=13.206..43.392 rows=45 loops=1)
                          ->  Nested Loop  (cost=0.00..161177.44 rows=3 width=61) (actual time=12.661..42.057 rows=674 loops=1)
                                ->  Nested Loop  (cost=0.00..160512.44 rows=331 width=65) (actual time=12.658..41.373 rows=674 loops=1)
                                      ->  Nested Loop  (cost=0.00..159150.44 rows=681 width=53) (actual time=12.654..40.084 rows=681 loops=1)
                                            ->  Nested Loop  (cost=0.00..157632.44 rows=253 width=49) (actual time=12.646..39.231 rows=253 loops=1)
                                                  ->  Nested Loop  (cost=0.00..156902.44 rows=10 width=33) (actual time=12.637..38.550 rows=10 loops=1)
                                                        ->  Nested Loop  (cost=0.00..156307.44 rows=7 width=25) (actual time=7.748..38.383 rows=7 loops=1)
                                                              ->  Nested Loop  (cost=0.00..136915.00 rows=9696 width=4) (actual time=0.018..19.729 rows=9696 loops=1)
                                                                    ->  Seq Scan on keyword k  (cost=0.00..134170.00 rows=3 width=4) (actual time=0.011..14.466 rows=3 loops=1)
                                                                          Filter: (keyword = ANY ('{hero,martial-arts,hand-to-hand-combat,computer-animated-movie}'::text[]))
                                                                          Rows Removed by Filter: 134167
                                                                    ->  Index Scan using keyword_id_movie_keyword on movie_keyword mk  (cost=0.00..610.00 rows=305 width=8) (actual time=0.005..1.403 rows=3232 loops=3)
                                                                          Index Cond: (keyword_id = k.id)
                                                              ->  Index Scan using title_pkey on title t  (cost=0.00..2.00 rows=1 width=21) (actual time=0.002..0.002 rows=0 loops=9696)
                                                                    Index Cond: (id = mk.movie_id)
                                                                    Filter: ((production_year > 2010) AND (title ~~ 'Kung Fu Panda%'::text))
                                                                    Rows Removed by Filter: 1
                                                        ->  Index Scan using movie_id_movie_info on movie_info mi  (cost=0.00..84.00 rows=1 width=8) (actual time=0.007..0.023 rows=1 loops=7)
                                                              Index Cond: (movie_id = t.id)
                                                              Filter: ((info IS NOT NULL) AND ((info ~~ 'Japan:%201%'::text) OR (info ~~ 'USA:%201%'::text)))
                                                              Rows Removed by Filter: 77
                                                  ->  Index Scan using movie_id_cast_info on cast_info ci  (cost=0.00..72.00 rows=1 width=16) (actual time=0.005..0.064 rows=25 loops=10)
                                                        Index Cond: (movie_id = t.id)
                                                        Filter: (note = ANY ('{(voice),"(voice: Japanese version)","(voice) (uncredited)","(voice: English version)"}'::text[]))
                                                        Rows Removed by Filter: 82
                                            ->  Index Only Scan using person_id_aka_name on aka_name an  (cost=0.00..4.00 rows=2 width=4) (actual time=0.002..0.003 rows=3 loops=253)
                                                  Index Cond: (person_id = ci.person_id)
                                                  Heap Fetches: 681
                                      ->  Index Scan using char_name_pkey on char_name chn  (cost=0.00..2.00 rows=1 width=20) (actual time=0.002..0.002 rows=1 loops=681)
                                            Index Cond: (id = ci.person_role_id)
                                ->  Index Scan using info_type_pkey on info_type it  (cost=0.00..2.00 rows=1 width=4) (actual time=0.001..0.001 rows=1 loops=674)
                                      Index Cond: (id = mi.info_type_id)
                                      Filter: ((info)::text = 'release dates'::text)
                          ->  Index Scan using name_pkey on name n  (cost=0.00..2.00 rows=1 width=19) (actual time=0.002..0.002 rows=0 loops=674)
                                Index Cond: (id = ci.person_id)
                                Filter: ((name ~~ '%An%'::text) AND ((gender)::text = 'f'::text))
                                Rows Removed by Filter: 1
                    ->  Index Scan using role_type_pkey on role_type rt  (cost=0.00..2.00 rows=1 width=4) (actual time=0.001..0.001 rows=1 loops=45)
                          Index Cond: (id = ci.role_id)
                          Filter: ((role)::text = 'actress'::text)
              ->  Index Scan using movie_id_movie_companies on movie_companies mc  (cost=0.00..10.00 rows=5 width=8) (actual time=0.002..0.005 rows=17 loops=45)
                    Index Cond: (movie_id = t.id)
        ->  Index Scan using company_name_pkey on company_name cn  (cost=0.00..2.00 rows=1 width=4) (actual time=0.002..0.002 rows=0 loops=775)
              Index Cond: (id = mc.company_id)
              Filter: (((country_code)::text = '[us]'::text) AND (name = 'DreamWorks Animation'::text))
              Rows Removed by Filter: 1
Planning time: 46.800 ms
Execution time: 45.178 ms
