Aggregate  (cost=138295.11..138296.11 rows=1 width=96) (actual time=41.748..41.748 rows=1 loops=1)
  ->  Nested Loop  (cost=0.00..138295.11 rows=1 width=48) (actual time=13.976..41.727 rows=45 loops=1)
        ->  Nested Loop  (cost=0.00..138289.11 rows=1 width=56) (actual time=13.971..41.688 rows=9 loops=1)
              ->  Nested Loop  (cost=0.00..138287.11 rows=1 width=37) (actual time=13.757..41.547 rows=61 loops=1)
                    ->  Nested Loop  (cost=0.00..138283.11 rows=1 width=41) (actual time=13.754..41.480 rows=61 loops=1)
                          ->  Nested Loop  (cost=0.00..138198.11 rows=1 width=53) (actual time=13.741..40.511 rows=29 loops=1)
                                ->  Nested Loop  (cost=0.00..138196.11 rows=1 width=41) (actual time=13.737..40.427 rows=30 loops=1)
                                      ->  Nested Loop  (cost=0.00..138192.11 rows=1 width=45) (actual time=13.693..40.320 rows=108 loops=1)
                                            ->  Nested Loop  (cost=0.00..138119.11 rows=1 width=29) (actual time=8.424..39.999 rows=6 loops=1)
                                                  ->  Nested Loop  (cost=0.00..138115.11 rows=1 width=33) (actual time=8.415..39.865 rows=62 loops=1)
                                                        ->  Nested Loop  (cost=0.00..138100.11 rows=1 width=25) (actual time=8.409..39.822 rows=7 loops=1)
                                                              ->  Nested Loop  (cost=0.00..137830.00 rows=135 width=4) (actual time=0.019..20.480 rows=9696 loops=1)
                                                                    ->  Seq Scan on keyword k  (cost=0.00..134170.00 rows=4 width=4) (actual time=0.011..14.806 rows=3 loops=1)
                                                                          Filter: (keyword = ANY ('{hero,martial-arts,hand-to-hand-combat,computer-animated-movie}'::text[]))
                                                                          Rows Removed by Filter: 134167
                                                                    ->  Index Scan using keyword_id_movie_keyword on movie_keyword mk  (cost=0.00..610.00 rows=305 width=8) (actual time=0.006..1.532 rows=3232 loops=3)
                                                                          Index Cond: (keyword_id = k.id)
                                                              ->  Index Scan using title_pkey on title t  (cost=0.00..2.00 rows=1 width=21) (actual time=0.002..0.002 rows=0 loops=9696)
                                                                    Index Cond: (id = mk.movie_id)
                                                                    Filter: ((production_year > 2010) AND (title ~~ 'Kung Fu Panda%'::text))
                                                                    Rows Removed by Filter: 1
                                                        ->  Index Scan using movie_id_movie_companies on movie_companies mc  (cost=0.00..10.00 rows=5 width=8) (actual time=0.003..0.004 rows=9 loops=7)
                                                              Index Cond: (movie_id = t.id)
                                                  ->  Index Scan using company_name_pkey on company_name cn  (cost=0.00..2.00 rows=1 width=4) (actual time=0.002..0.002 rows=0 loops=62)
                                                        Index Cond: (id = mc.company_id)
                                                        Filter: (((country_code)::text = '[us]'::text) AND (name = 'DreamWorks Animation'::text))
                                                        Rows Removed by Filter: 1
                                            ->  Index Scan using movie_id_cast_info on cast_info ci  (cost=0.00..72.00 rows=1 width=16) (actual time=0.007..0.051 rows=18 loops=6)
                                                  Index Cond: (movie_id = t.id)
                                                  Filter: (note = ANY ('{(voice),"(voice: Japanese version)","(voice) (uncredited)","(voice: English version)"}'::text[]))
                                                  Rows Removed by Filter: 56
                                      ->  Index Scan using role_type_pkey on role_type rt  (cost=0.00..2.00 rows=1 width=4) (actual time=0.001..0.001 rows=0 loops=108)
                                            Index Cond: (id = ci.role_id)
                                            Filter: ((role)::text = 'actress'::text)
                                            Rows Removed by Filter: 1
                                ->  Index Scan using char_name_pkey on char_name chn  (cost=0.00..2.00 rows=1 width=20) (actual time=0.002..0.002 rows=1 loops=30)
                                      Index Cond: (id = ci.person_role_id)
                          ->  Index Scan using movie_id_movie_info on movie_info mi  (cost=0.00..84.00 rows=1 width=8) (actual time=0.006..0.033 rows=2 loops=29)
                                Index Cond: (movie_id = t.id)
                                Filter: ((info IS NOT NULL) AND ((info ~~ 'Japan:%201%'::text) OR (info ~~ 'USA:%201%'::text)))
                                Rows Removed by Filter: 139
                    ->  Index Scan using info_type_pkey on info_type it  (cost=0.00..2.00 rows=1 width=4) (actual time=0.001..0.001 rows=1 loops=61)
                          Index Cond: (id = mi.info_type_id)
                          Filter: ((info)::text = 'release dates'::text)
              ->  Index Scan using name_pkey on name n  (cost=0.00..2.00 rows=1 width=19) (actual time=0.002..0.002 rows=0 loops=61)
                    Index Cond: (id = ci.person_id)
                    Filter: ((name ~~ '%An%'::text) AND ((gender)::text = 'f'::text))
                    Rows Removed by Filter: 1
        ->  Index Only Scan using person_id_aka_name on aka_name an  (cost=0.00..4.00 rows=2 width=4) (actual time=0.002..0.003 rows=5 loops=9)
              Index Cond: (person_id = n.id)
              Heap Fetches: 45
Planning time: 46.608 ms
Execution time: 41.815 ms
