Aggregate  (cost=141705.00..141706.00 rows=1 width=128) (actual time=1942.792..1942.792 rows=1 loops=1)
  ->  Nested Loop  (cost=0.00..141705.00 rows=1 width=79) (actual time=5.321..1940.203 rows=4407 loops=1)
        ->  Nested Loop  (cost=0.00..141703.00 rows=1 width=78) (actual time=5.315..1925.688 rows=4407 loops=1)
              ->  Nested Loop  (cost=0.00..141701.00 rows=1 width=67) (actual time=3.525..1897.548 rows=7112 loops=1)
                    ->  Nested Loop  (cost=0.00..141697.00 rows=1 width=71) (actual time=3.523..1888.839 rows=7740 loops=1)
                          ->  Nested Loop  (cost=0.00..141624.00 rows=1 width=63) (actual time=0.561..1379.995 rows=12260 loops=1)
                                ->  Nested Loop  (cost=0.00..141284.00 rows=4 width=13) (actual time=0.548..389.619 rows=50760 loops=1)
                                      ->  Nested Loop  (cost=0.00..140266.00 rows=507 width=17) (actual time=0.544..248.764 rows=152720 loops=1)
                                            ->  Nested Loop  (cost=0.00..138745.00 rows=169 width=4) (actual time=0.539..69.154 rows=62096 loops=1)
                                                  ->  Seq Scan on keyword k  (cost=0.00..134170.00 rows=5 width=4) (actual time=0.528..17.477 rows=5 loops=1)
                                                        Filter: (keyword = ANY ('{murder,blood,gore,death,female-nudity}'::text[]))
                                                        Rows Removed by Filter: 134165
                                                  ->  Index Scan using keyword_id_movie_keyword on movie_keyword mk  (cost=0.00..610.00 rows=305 width=8) (actual time=0.008..8.514 rows=12419 loops=5)
                                                        Index Cond: (keyword_id = k.id)
                                            ->  Index Scan using movie_id_movie_info_idx on movie_info_idx mi_idx  (cost=0.00..6.00 rows=3 width=13) (actual time=0.002..0.002 rows=2 loops=62096)
                                                  Index Cond: (movie_id = mk.movie_id)
                                      ->  Index Scan using info_type_pkey on info_type it2  (cost=0.00..2.00 rows=1 width=4) (actual time=0.001..0.001 rows=0 loops=152720)
                                            Index Cond: (id = mi_idx.info_type_id)
                                            Filter: ((info)::text = 'votes'::text)
                                            Rows Removed by Filter: 1
                                ->  Index Scan using movie_id_movie_info on movie_info mi  (cost=0.00..84.00 rows=1 width=50) (actual time=0.019..0.019 rows=0 loops=50760)
                                      Index Cond: (movie_id = mi_idx.movie_id)
                                      Filter: (info = 'Horror'::text)
                                      Rows Removed by Filter: 56
                          ->  Index Scan using movie_id_cast_info on cast_info ci  (cost=0.00..72.00 rows=1 width=8) (actual time=0.034..0.041 rows=1 loops=12260)
                                Index Cond: (movie_id = mi.movie_id)
                                Filter: (note = ANY ('{(writer),"(head writer)","(written by)",(story),"(story editor)"}'::text[]))
                                Rows Removed by Filter: 47
                    ->  Index Scan using info_type_pkey on info_type it1  (cost=0.00..2.00 rows=1 width=4) (actual time=0.001..0.001 rows=1 loops=7740)
                          Index Cond: (id = mi.info_type_id)
                          Filter: ((info)::text = 'genres'::text)
                          Rows Removed by Filter: 0
              ->  Index Scan using name_pkey on name n  (cost=0.00..2.00 rows=1 width=19) (actual time=0.004..0.004 rows=1 loops=7112)
                    Index Cond: (id = ci.person_id)
                    Filter: ((gender)::text = 'm'::text)
                    Rows Removed by Filter: 0
        ->  Index Scan using title_pkey on title t  (cost=0.00..2.00 rows=1 width=21) (actual time=0.003..0.003 rows=1 loops=4407)
              Index Cond: (id = mi.movie_id)
Planning time: 6.765 ms
Execution time: 1942.857 ms
