Aggregate  (cost=681128.00..681129.00 rows=1 width=128) (actual time=766.396..766.396 rows=1 loops=1)
  ->  Nested Loop  (cost=563117.00..681128.00 rows=1 width=79) (actual time=324.720..764.294 rows=4407 loops=1)
        ->  Nested Loop  (cost=563117.00..681126.00 rows=1 width=78) (actual time=324.714..754.301 rows=4407 loops=1)
              ->  Nested Loop  (cost=563117.00..681124.00 rows=1 width=67) (actual time=323.990..734.752 rows=7112 loops=1)
                    ->  Nested Loop  (cost=563117.00..680540.00 rows=8 width=59) (actual time=323.182..405.881 rows=11389 loops=1)
                          ->  Nested Loop  (cost=563117.00..680466.00 rows=36 width=63) (actual time=323.177..373.597 rows=34190 loops=1)
                                ->  Merge Join  (cost=563117.00..568524.00 rows=12438 width=50) (actual time=323.170..339.898 rows=12438 loops=1)
                                      Merge Cond: (mi.movie_id = mk.movie_id)
                                      ->  Sort  (cost=424372.00..424372.00 rows=30413 width=46) (actual time=251.554..253.865 rows=30412 loops=1)
                                            Sort Key: mi.movie_id
                                            Sort Method: quicksort  Memory: 2194kB
                                            ->  Nested Loop  (cost=0.00..424372.00 rows=30413 width=46) (actual time=0.028..245.623 rows=30413 loops=1)
                                                  ->  Seq Scan on info_type it1  (cost=0.00..113.00 rows=1 width=4) (actual time=0.007..0.014 rows=1 loops=1)
                                                        Filter: ((info)::text = 'genres'::text)
                                                        Rows Removed by Filter: 112
                                                  ->  Index Scan using info_type_id_movie_info on movie_info mi  (cost=0.00..423878.00 rows=381 width=50) (actual time=0.021..242.659 rows=30413 loops=1)
                                                        Index Cond: (info_type_id = it1.id)
                                                        Filter: (info = 'Horror'::text)
                                                        Rows Removed by Filter: 1503496
                                      ->  Sort  (cost=138745.00..138745.00 rows=62096 width=4) (actual time=71.611..76.161 rows=62149 loops=1)
                                            Sort Key: mk.movie_id
                                            Sort Method: quicksort  Memory: 4447kB
                                            ->  Nested Loop  (cost=0.00..138745.00 rows=62096 width=4) (actual time=0.464..59.770 rows=62096 loops=1)
                                                  ->  Seq Scan on keyword k  (cost=0.00..134170.00 rows=5 width=4) (actual time=0.452..17.430 rows=5 loops=1)
                                                        Filter: (keyword = ANY ('{murder,blood,gore,death,female-nudity}'::text[]))
                                                        Rows Removed by Filter: 134165
                                                  ->  Index Scan using keyword_id_movie_keyword on movie_keyword mk  (cost=0.00..610.00 rows=305 width=8) (actual time=0.008..7.072 rows=12419 loops=5)
                                                        Index Cond: (keyword_id = k.id)
                                ->  Index Scan using movie_id_movie_info_idx on movie_info_idx mi_idx  (cost=0.00..6.00 rows=3 width=13) (actual time=0.002..0.002 rows=3 loops=12438)
                                      Index Cond: (movie_id = mi.movie_id)
                          ->  Index Scan using info_type_pkey on info_type it2  (cost=0.00..2.00 rows=1 width=4) (actual time=0.001..0.001 rows=0 loops=34190)
                                Index Cond: (id = mi_idx.info_type_id)
                                Filter: ((info)::text = 'votes'::text)
                                Rows Removed by Filter: 1
                    ->  Index Scan using movie_id_cast_info on cast_info ci  (cost=0.00..72.00 rows=1 width=8) (actual time=0.024..0.029 rows=1 loops=11389)
                          Index Cond: (movie_id = mi.movie_id)
                          Filter: (note = ANY ('{(writer),"(head writer)","(written by)",(story),"(story editor)"}'::text[]))
                          Rows Removed by Filter: 46
              ->  Index Scan using name_pkey on name n  (cost=0.00..2.00 rows=1 width=19) (actual time=0.002..0.002 rows=1 loops=7112)
                    Index Cond: (id = ci.person_id)
                    Filter: ((gender)::text = 'm'::text)
                    Rows Removed by Filter: 0
        ->  Index Scan using title_pkey on title t  (cost=0.00..2.00 rows=1 width=21) (actual time=0.002..0.002 rows=1 loops=4407)
              Index Cond: (id = mi.movie_id)
Planning time: 6.717 ms
Execution time: 766.465 ms
