Aggregate  (cost=139260.11..139261.11 rows=1 width=128) (actual time=176.818..176.818 rows=1 loops=1)
  ->  Nested Loop  (cost=0.00..139260.11 rows=1 width=79) (actual time=27.383..176.808 rows=6 loops=1)
        ->  Nested Loop  (cost=0.00..139258.11 rows=1 width=68) (actual time=27.378..176.785 rows=6 loops=1)
              ->  Nested Loop  (cost=0.00..139254.11 rows=1 width=72) (actual time=27.374..176.759 rows=18 loops=1)
                    ->  Nested Loop  (cost=0.00..139245.11 rows=1 width=79) (actual time=27.368..176.733 rows=6 loops=1)
                          ->  Nested Loop  (cost=0.00..139241.11 rows=1 width=83) (actual time=27.365..176.721 rows=6 loops=1)
                                ->  Nested Loop  (cost=0.00..139156.11 rows=1 width=33) (actual time=27.347..176.642 rows=6 loops=1)
                                      ->  Nested Loop  (cost=0.00..139083.11 rows=1 width=25) (actual time=27.325..176.480 rows=9 loops=1)
                                            ->  Nested Loop  (cost=0.00..138745.00 rows=169 width=4) (actual time=0.537..55.681 rows=62096 loops=1)
                                                  ->  Seq Scan on keyword k  (cost=0.00..134170.00 rows=5 width=4) (actual time=0.527..16.746 rows=5 loops=1)
                                                        Filter: (keyword = ANY ('{murder,blood,gore,death,female-nudity}'::text[]))
                                                        Rows Removed by Filter: 134165
                                                  ->  Index Scan using keyword_id_movie_keyword on movie_keyword mk  (cost=0.00..610.00 rows=305 width=8) (actual time=0.007..6.356 rows=12419 loops=5)
                                                        Index Cond: (keyword_id = k.id)
                                            ->  Index Scan using title_pkey on title t  (cost=0.00..2.00 rows=1 width=21) (actual time=0.002..0.002 rows=0 loops=62096)
                                                  Index Cond: (id = mk.movie_id)
                                                  Filter: ((production_year > 2010) AND (title ~~ 'Vampire%'::text))
                                                  Rows Removed by Filter: 1
                                      ->  Index Scan using movie_id_cast_info on cast_info ci  (cost=0.00..72.00 rows=1 width=8) (actual time=0.015..0.017 rows=1 loops=9)
                                            Index Cond: (movie_id = t.id)
                                            Filter: (note = ANY ('{(writer),"(head writer)","(written by)",(story),"(story editor)"}'::text[]))
                                            Rows Removed by Filter: 21
                                ->  Index Scan using movie_id_movie_info on movie_info mi  (cost=0.00..84.00 rows=1 width=50) (actual time=0.012..0.013 rows=1 loops=6)
                                      Index Cond: (movie_id = t.id)
                                      Filter: (info = 'Horror'::text)
                                      Rows Removed by Filter: 20
                          ->  Index Scan using info_type_pkey on info_type it1  (cost=0.00..2.00 rows=1 width=4) (actual time=0.001..0.001 rows=1 loops=6)
                                Index Cond: (id = mi.info_type_id)
                                Filter: ((info)::text = 'genres'::text)
                    ->  Index Scan using movie_id_movie_info_idx on movie_info_idx mi_idx  (cost=0.00..6.00 rows=3 width=13) (actual time=0.003..0.004 rows=3 loops=6)
                          Index Cond: (movie_id = t.id)
              ->  Index Scan using info_type_pkey on info_type it2  (cost=0.00..2.00 rows=1 width=4) (actual time=0.001..0.001 rows=0 loops=18)
                    Index Cond: (id = mi_idx.info_type_id)
                    Filter: ((info)::text = 'votes'::text)
                    Rows Removed by Filter: 1
        ->  Index Scan using name_pkey on name n  (cost=0.00..2.00 rows=1 width=19) (actual time=0.003..0.003 rows=1 loops=6)
              Index Cond: (id = ci.person_id)
              Filter: ((gender)::text = 'm'::text)
Planning time: 6.890 ms
Execution time: 176.882 ms
