Aggregate  (cost=263238.05..263239.05 rows=1 width=128) (actual time=171.260..171.260 rows=1 loops=1)
  ->  Nested Loop  (cost=0.00..263238.05 rows=1 width=79) (actual time=25.717..171.249 rows=6 loops=1)
        ->  Nested Loop  (cost=0.00..263236.05 rows=1 width=68) (actual time=25.712..171.227 rows=6 loops=1)
              ->  Nested Loop  (cost=0.00..263232.05 rows=1 width=72) (actual time=25.711..171.218 rows=6 loops=1)
                    ->  Nested Loop  (cost=0.00..263147.05 rows=1 width=42) (actual time=25.695..171.141 rows=6 loops=1)
                          ->  Nested Loop  (cost=0.00..263074.05 rows=1 width=34) (actual time=25.674..170.976 rows=9 loops=1)
                                ->  Nested Loop  (cost=0.00..263018.05 rows=27 width=38) (actual time=25.670..170.941 rows=27 loops=1)
                                      ->  Nested Loop  (cost=0.00..262937.05 rows=9 width=25) (actual time=25.666..170.908 rows=9 loops=1)
                                            ->  Nested Loop  (cost=0.00..138745.00 rows=62096 width=4) (actual time=0.518..54.012 rows=62096 loops=1)
                                                  ->  Seq Scan on keyword k  (cost=0.00..134170.00 rows=5 width=4) (actual time=0.509..17.180 rows=5 loops=1)
                                                        Filter: (keyword = ANY ('{murder,blood,gore,death,female-nudity}'::text[]))
                                                        Rows Removed by Filter: 134165
                                                  ->  Index Scan using keyword_id_movie_keyword on movie_keyword mk  (cost=0.00..610.00 rows=305 width=8) (actual time=0.006..5.971 rows=12419 loops=5)
                                                        Index Cond: (keyword_id = k.id)
                                            ->  Index Scan using title_pkey on title t  (cost=0.00..2.00 rows=1 width=21) (actual time=0.002..0.002 rows=0 loops=62096)
                                                  Index Cond: (id = mk.movie_id)
                                                  Filter: ((production_year > 2010) AND (title ~~ 'Vampire%'::text))
                                                  Rows Removed by Filter: 1
                                      ->  Index Scan using movie_id_movie_info_idx on movie_info_idx mi_idx  (cost=0.00..6.00 rows=3 width=13) (actual time=0.002..0.003 rows=3 loops=9)
                                            Index Cond: (movie_id = t.id)
                                ->  Index Scan using info_type_pkey on info_type it2  (cost=0.00..2.00 rows=1 width=4) (actual time=0.001..0.001 rows=0 loops=27)
                                      Index Cond: (id = mi_idx.info_type_id)
                                      Filter: ((info)::text = 'votes'::text)
                                      Rows Removed by Filter: 1
                          ->  Index Scan using movie_id_cast_info on cast_info ci  (cost=0.00..72.00 rows=1 width=8) (actual time=0.015..0.018 rows=1 loops=9)
                                Index Cond: (movie_id = t.id)
                                Filter: (note = ANY ('{(writer),"(head writer)","(written by)",(story),"(story editor)"}'::text[]))
                                Rows Removed by Filter: 21
                    ->  Index Scan using movie_id_movie_info on movie_info mi  (cost=0.00..84.00 rows=1 width=50) (actual time=0.012..0.012 rows=1 loops=6)
                          Index Cond: (movie_id = t.id)
                          Filter: (info = 'Horror'::text)
                          Rows Removed by Filter: 20
              ->  Index Scan using info_type_pkey on info_type it1  (cost=0.00..2.00 rows=1 width=4) (actual time=0.001..0.001 rows=1 loops=6)
                    Index Cond: (id = mi.info_type_id)
                    Filter: ((info)::text = 'genres'::text)
        ->  Index Scan using name_pkey on name n  (cost=0.00..2.00 rows=1 width=19) (actual time=0.003..0.003 rows=1 loops=6)
              Index Cond: (id = ci.person_id)
              Filter: ((gender)::text = 'm'::text)
Planning time: 6.830 ms
Execution time: 171.321 ms
