Aggregate  (cost=139260.05..139261.05 rows=1 width=128) (actual time=174.130..174.130 rows=1 loops=1)
  ->  Nested Loop  (cost=0.00..139260.05 rows=1 width=79) (actual time=26.517..174.118 rows=6 loops=1)
        ->  Nested Loop  (cost=0.00..139258.05 rows=1 width=68) (actual time=26.512..174.094 rows=6 loops=1)
              ->  Nested Loop  (cost=0.00..139254.05 rows=1 width=72) (actual time=26.508..174.069 rows=18 loops=1)
                    ->  Nested Loop  (cost=0.00..139245.05 rows=1 width=79) (actual time=26.504..174.043 rows=6 loops=1)
                          ->  Nested Loop  (cost=0.00..139241.05 rows=1 width=83) (actual time=26.501..174.033 rows=6 loops=1)
                                ->  Nested Loop  (cost=0.00..139156.05 rows=1 width=33) (actual time=26.484..173.957 rows=6 loops=1)
                                      ->  Nested Loop  (cost=0.00..139083.05 rows=1 width=25) (actual time=26.464..173.795 rows=9 loops=1)
                                            ->  Nested Loop  (cost=0.00..138745.00 rows=169 width=4) (actual time=0.524..54.715 rows=62096 loops=1)
                                                  ->  Seq Scan on keyword k  (cost=0.00..134170.00 rows=5 width=4) (actual time=0.514..17.140 rows=5 loops=1)
                                                        Filter: (keyword = ANY ('{murder,blood,gore,death,female-nudity}'::text[]))
                                                        Rows Removed by Filter: 134165
                                                  ->  Index Scan using keyword_id_movie_keyword on movie_keyword mk  (cost=0.00..610.00 rows=305 width=8) (actual time=0.007..6.113 rows=12419 loops=5)
                                                        Index Cond: (keyword_id = k.id)
                                            ->  Index Scan using title_pkey on title t  (cost=0.00..2.00 rows=1 width=21) (actual time=0.002..0.002 rows=0 loops=62096)
                                                  Index Cond: (id = mk.movie_id)
                                                  Filter: ((production_year > 2010) AND (title ~~ 'Vampire%'::text))
                                                  Rows Removed by Filter: 1
                                      ->  Index Scan using movie_id_cast_info on cast_info ci  (cost=0.00..72.00 rows=1 width=8) (actual time=0.015..0.018 rows=1 loops=9)
                                            Index Cond: (movie_id = t.id)
                                            Filter: (note = ANY ('{(writer),"(head writer)","(written by)",(story),"(story editor)"}'::text[]))
                                            Rows Removed by Filter: 21
                                ->  Index Scan using movie_id_movie_info on movie_info mi  (cost=0.00..84.00 rows=1 width=50) (actual time=0.012..0.012 rows=1 loops=6)
                                      Index Cond: (movie_id = t.id)
                                      Filter: (info = 'Horror'::text)
                                      Rows Removed by Filter: 20
                          ->  Index Scan using info_type_pkey on info_type it1  (cost=0.00..2.00 rows=1 width=4) (actual time=0.001..0.001 rows=1 loops=6)
                                Index Cond: (id = mi.info_type_id)
                                Filter: ((info)::text = 'genres'::text)
                    ->  Index Scan using movie_id_movie_info_idx on movie_info_idx mi_idx  (cost=0.00..6.00 rows=3 width=13) (actual time=0.003..0.003 rows=3 loops=6)
                          Index Cond: (movie_id = t.id)
              ->  Index Scan using info_type_pkey on info_type it2  (cost=0.00..2.00 rows=1 width=4) (actual time=0.001..0.001 rows=0 loops=18)
                    Index Cond: (id = mi_idx.info_type_id)
                    Filter: ((info)::text = 'votes'::text)
                    Rows Removed by Filter: 1
        ->  Index Scan using name_pkey on name n  (cost=0.00..2.00 rows=1 width=19) (actual time=0.004..0.004 rows=1 loops=6)
              Index Cond: (id = ci.person_id)
              Filter: ((gender)::text = 'm'::text)
Planning time: 6.805 ms
Execution time: 174.189 ms
