Aggregate  (cost=5947193.00..5947194.00 rows=1 width=128) (actual time=3013.945..3013.945 rows=1 loops=1)
  ->  Nested Loop  (cost=5910681.00..5947193.00 rows=17907 width=79) (actual time=2949.070..3003.409 rows=26153 loops=1)
        ->  Merge Join  (cost=5910681.00..5911379.00 rows=17907 width=78) (actual time=2949.059..2957.097 rows=26153 loops=1)
              Merge Cond: (it2.id = mi_idx.info_type_id)
              ->  Sort  (cost=113.00..113.00 rows=1 width=4) (actual time=0.017..0.017 rows=1 loops=1)
                    Sort Key: it2.id
                    Sort Method: quicksort  Memory: 25kB
                    ->  Seq Scan on info_type it2  (cost=0.00..113.00 rows=1 width=4) (actual time=0.013..0.014 rows=1 loops=1)
                          Filter: ((info)::text = 'votes'::text)
                          Rows Removed by Filter: 112
              ->  Sort  (cost=5910568.00..5910568.00 rows=78897 width=82) (actual time=2945.432..2949.585 rows=52307 loops=1)
                    Sort Key: mi_idx.info_type_id
                    Sort Method: quicksort  Memory: 12765kB
                    ->  Nested Loop  (cost=567321.00..5910568.00 rows=78897 width=82) (actual time=544.297..2918.839 rows=78897 loops=1)
                          ->  Nested Loop  (cost=567321.00..5665273.00 rows=27255 width=69) (actual time=544.289..2848.258 rows=27255 loops=1)
                                ->  Nested Loop  (cost=567321.00..5575227.00 rows=45023 width=58) (actual time=544.280..2741.632 rows=45023 loops=1)
                                      ->  Merge Join  (cost=567321.00..608307.00 rows=68040 width=50) (actual time=543.960..599.498 rows=68040 loops=1)
                                            Merge Cond: (mi.movie_id = mk.movie_id)
                                            ->  Sort  (cost=426746.00..426746.00 rows=186594 width=46) (actual time=455.192..468.344 rows=186582 loops=1)
                                                  Sort Key: mi.movie_id
                                                  Sort Method: quicksort  Memory: 14891kB
                                                  ->  Nested Loop  (cost=0.00..426746.00 rows=186594 width=46) (actual time=0.025..408.473 rows=186594 loops=1)
                                                        ->  Seq Scan on info_type it1  (cost=0.00..113.00 rows=1 width=4) (actual time=0.003..0.010 rows=1 loops=1)
                                                              Filter: ((info)::text = 'genres'::text)
                                                              Rows Removed by Filter: 112
                                                        ->  Index Scan using info_type_id_movie_info on movie_info mi  (cost=0.00..423878.00 rows=2755 width=50) (actual time=0.021..390.013 rows=186594 loops=1)
                                                              Index Cond: (info_type_id = it1.id)
                                                              Filter: (info = ANY ('{Horror,Action,Sci-Fi,Thriller,Crime,War}'::text[]))
                                                              Rows Removed by Filter: 1347315
                                            ->  Sort  (cost=140575.00..140575.00 rows=76714 width=4) (actual time=88.763..97.306 rows=102447 loops=1)
                                                  Sort Key: mk.movie_id
                                                  Sort Method: quicksort  Memory: 6668kB
                                                  ->  Nested Loop  (cost=0.00..140575.00 rows=76714 width=4) (actual time=0.580..73.343 rows=76714 loops=1)
                                                        ->  Seq Scan on keyword k  (cost=0.00..134170.00 rows=7 width=4) (actual time=0.568..20.810 rows=7 loops=1)
                                                              Filter: (keyword = ANY ('{murder,violence,blood,gore,death,female-nudity,hospital}'::text[]))
                                                              Rows Removed by Filter: 134163
                                                        ->  Index Scan using keyword_id_movie_keyword on movie_keyword mk  (cost=0.00..610.00 rows=305 width=8) (actual time=0.007..6.291 rows=10959 loops=7)
                                                              Index Cond: (keyword_id = k.id)
                                      ->  Index Scan using movie_id_cast_info on cast_info ci  (cost=0.00..72.00 rows=1 width=8) (actual time=0.025..0.031 rows=1 loops=68040)
                                            Index Cond: (movie_id = mi.movie_id)
                                            Filter: (note = ANY ('{(writer),"(head writer)","(written by)",(story),"(story editor)"}'::text[]))
                                            Rows Removed by Filter: 61
                                ->  Index Scan using name_pkey on name n  (cost=0.00..2.00 rows=1 width=19) (actual time=0.002..0.002 rows=1 loops=45023)
                                      Index Cond: (id = ci.person_id)
                                      Filter: ((gender)::text = 'm'::text)
                                      Rows Removed by Filter: 0
                          ->  Index Scan using movie_id_movie_info_idx on movie_info_idx mi_idx  (cost=0.00..6.00 rows=3 width=13) (actual time=0.002..0.002 rows=3 loops=27255)
                                Index Cond: (movie_id = mi.movie_id)
        ->  Index Scan using title_pkey on title t  (cost=0.00..2.00 rows=1 width=21) (actual time=0.001..0.001 rows=1 loops=26153)
              Index Cond: (id = mi.movie_id)
Planning time: 6.806 ms
Execution time: 3014.970 ms
