Aggregate  (cost=5947193.00..5947194.00 rows=1 width=128) (actual time=3016.983..3016.984 rows=1 loops=1)
  ->  Nested Loop  (cost=5910681.00..5947193.00 rows=17907 width=79) (actual time=2952.490..3006.503 rows=26153 loops=1)
        ->  Merge Join  (cost=5910681.00..5911379.00 rows=17907 width=78) (actual time=2952.479..2960.429 rows=26153 loops=1)
              Merge Cond: (it2.id = mi_idx.info_type_id)
              ->  Sort  (cost=113.00..113.00 rows=1 width=4) (actual time=0.018..0.018 rows=1 loops=1)
                    Sort Key: it2.id
                    Sort Method: quicksort  Memory: 25kB
                    ->  Seq Scan on info_type it2  (cost=0.00..113.00 rows=1 width=4) (actual time=0.013..0.015 rows=1 loops=1)
                          Filter: ((info)::text = 'votes'::text)
                          Rows Removed by Filter: 112
              ->  Sort  (cost=5910568.00..5910568.00 rows=78897 width=82) (actual time=2948.842..2953.028 rows=52307 loops=1)
                    Sort Key: mi_idx.info_type_id
                    Sort Method: quicksort  Memory: 12765kB
                    ->  Nested Loop  (cost=567321.00..5910568.00 rows=78897 width=82) (actual time=544.386..2922.205 rows=78897 loops=1)
                          ->  Nested Loop  (cost=567321.00..5665273.00 rows=27255 width=69) (actual time=544.378..2851.660 rows=27255 loops=1)
                                ->  Nested Loop  (cost=567321.00..5575227.00 rows=45023 width=58) (actual time=544.371..2745.318 rows=45023 loops=1)
                                      ->  Merge Join  (cost=567321.00..608307.00 rows=68040 width=50) (actual time=544.058..599.386 rows=68040 loops=1)
                                            Merge Cond: (mi.movie_id = mk.movie_id)
                                            ->  Sort  (cost=426746.00..426746.00 rows=186594 width=46) (actual time=454.948..468.053 rows=186582 loops=1)
                                                  Sort Key: mi.movie_id
                                                  Sort Method: quicksort  Memory: 14891kB
                                                  ->  Nested Loop  (cost=0.00..426746.00 rows=186594 width=46) (actual time=0.026..408.806 rows=186594 loops=1)
                                                        ->  Seq Scan on info_type it1  (cost=0.00..113.00 rows=1 width=4) (actual time=0.003..0.011 rows=1 loops=1)
                                                              Filter: ((info)::text = 'genres'::text)
                                                              Rows Removed by Filter: 112
                                                        ->  Index Scan using info_type_id_movie_info on movie_info mi  (cost=0.00..423878.00 rows=2755 width=50) (actual time=0.022..390.427 rows=186594 loops=1)
                                                              Index Cond: (info_type_id = it1.id)
                                                              Filter: (info = ANY ('{Horror,Action,Sci-Fi,Thriller,Crime,War}'::text[]))
                                                              Rows Removed by Filter: 1347315
                                            ->  Sort  (cost=140575.00..140575.00 rows=76714 width=4) (actual time=89.107..97.675 rows=102447 loops=1)
                                                  Sort Key: mk.movie_id
                                                  Sort Method: quicksort  Memory: 6668kB
                                                  ->  Nested Loop  (cost=0.00..140575.00 rows=76714 width=4) (actual time=0.577..73.777 rows=76714 loops=1)
                                                        ->  Seq Scan on keyword k  (cost=0.00..134170.00 rows=7 width=4) (actual time=0.564..20.939 rows=7 loops=1)
                                                              Filter: (keyword = ANY ('{murder,violence,blood,gore,death,female-nudity,hospital}'::text[]))
                                                              Rows Removed by Filter: 134163
                                                        ->  Index Scan using keyword_id_movie_keyword on movie_keyword mk  (cost=0.00..610.00 rows=305 width=8) (actual time=0.008..6.319 rows=10959 loops=7)
                                                              Index Cond: (keyword_id = k.id)
                                      ->  Index Scan using movie_id_cast_info on cast_info ci  (cost=0.00..72.00 rows=1 width=8) (actual time=0.025..0.031 rows=1 loops=68040)
                                            Index Cond: (movie_id = mi.movie_id)
                                            Filter: (note = ANY ('{(writer),"(head writer)","(written by)",(story),"(story editor)"}'::text[]))
                                            Rows Removed by Filter: 61
                                ->  Index Scan using name_pkey on name n  (cost=0.00..2.00 rows=1 width=19) (actual time=0.002..0.002 rows=1 loops=45023)
                                      Index Cond: (id = ci.person_id)
                                      Filter: ((gender)::text = 'm'::text)
                                      Rows Removed by Filter: 0
                          ->  Index Scan using movie_id_movie_info_idx on movie_info_idx mi_idx  (cost=0.00..6.00 rows=3 width=13) (actual time=0.002..0.002 rows=3 loops=27255)
                                Index Cond: (movie_id = mi.movie_id)
        ->  Index Scan using title_pkey on title t  (cost=0.00..2.00 rows=1 width=21) (actual time=0.001..0.001 rows=1 loops=26153)
              Index Cond: (id = mi.movie_id)
Planning time: 6.957 ms
Execution time: 3018.032 ms
