Aggregate  (cost=144716.00..144717.00 rows=1 width=128) (actual time=5259.998..5259.998 rows=1 loops=1)
  ->  Nested Loop  (cost=0.00..144716.00 rows=1 width=79) (actual time=0.766..5246.266 rows=26153 loops=1)
        ->  Nested Loop  (cost=0.00..144714.00 rows=1 width=78) (actual time=0.760..5178.284 rows=26153 loops=1)
              ->  Nested Loop  (cost=0.00..144712.00 rows=1 width=67) (actual time=0.756..5043.928 rows=42900 loops=1)
                    ->  Nested Loop  (cost=0.00..144639.00 rows=1 width=59) (actual time=0.671..2245.864 rows=63386 loops=1)
                          ->  Nested Loop  (cost=0.00..144631.00 rows=3 width=63) (actual time=0.670..2174.906 rows=67732 loops=1)
                                ->  Nested Loop  (cost=0.00..144121.00 rows=6 width=13) (actual time=0.656..508.200 rows=63701 loops=1)
                                      ->  Nested Loop  (cost=0.00..142699.00 rows=708 width=17) (actual time=0.651..323.934 rows=191689 loops=1)
                                            ->  Nested Loop  (cost=0.00..140575.00 rows=236 width=4) (actual time=0.646..89.155 rows=76714 loops=1)
                                                  ->  Seq Scan on keyword k  (cost=0.00..134170.00 rows=7 width=4) (actual time=0.635..21.036 rows=7 loops=1)
                                                        Filter: (keyword = ANY ('{murder,violence,blood,gore,death,female-nudity,hospital}'::text[]))
                                                        Rows Removed by Filter: 134163
                                                  ->  Index Scan using keyword_id_movie_keyword on movie_keyword mk  (cost=0.00..610.00 rows=305 width=8) (actual time=0.008..8.059 rows=10959 loops=7)
                                                        Index Cond: (keyword_id = k.id)
                                            ->  Index Scan using movie_id_movie_info_idx on movie_info_idx mi_idx  (cost=0.00..6.00 rows=3 width=13) (actual time=0.002..0.003 rows=2 loops=76714)
                                                  Index Cond: (movie_id = mk.movie_id)
                                      ->  Index Scan using info_type_pkey on info_type it2  (cost=0.00..2.00 rows=1 width=4) (actual time=0.001..0.001 rows=0 loops=191689)
                                            Index Cond: (id = mi_idx.info_type_id)
                                            Filter: ((info)::text = 'votes'::text)
                                            Rows Removed by Filter: 1
                                ->  Index Scan using movie_id_movie_info on movie_info mi  (cost=0.00..84.00 rows=1 width=50) (actual time=0.025..0.026 rows=1 loops=63701)
                                      Index Cond: (movie_id = mi_idx.movie_id)
                                      Filter: (info = ANY ('{Horror,Action,Sci-Fi,Thriller,Crime,War}'::text[]))
                                      Rows Removed by Filter: 58
                          ->  Index Scan using info_type_pkey on info_type it1  (cost=0.00..2.00 rows=1 width=4) (actual time=0.001..0.001 rows=1 loops=67732)
                                Index Cond: (id = mi.info_type_id)
                                Filter: ((info)::text = 'genres'::text)
                                Rows Removed by Filter: 0
                    ->  Index Scan using movie_id_cast_info on cast_info ci  (cost=0.00..72.00 rows=1 width=8) (actual time=0.035..0.044 rows=1 loops=63386)
                          Index Cond: (movie_id = mi.movie_id)
                          Filter: (note = ANY ('{(writer),"(head writer)","(written by)",(story),"(story editor)"}'::text[]))
                          Rows Removed by Filter: 63
              ->  Index Scan using name_pkey on name n  (cost=0.00..2.00 rows=1 width=19) (actual time=0.003..0.003 rows=1 loops=42900)
                    Index Cond: (id = ci.person_id)
                    Filter: ((gender)::text = 'm'::text)
                    Rows Removed by Filter: 0
        ->  Index Scan using title_pkey on title t  (cost=0.00..2.00 rows=1 width=21) (actual time=0.002..0.002 rows=1 loops=26153)
              Index Cond: (id = mi.movie_id)
Planning time: 6.954 ms
Execution time: 5260.071 ms
