Aggregate  (cost=228907.33..228908.33 rows=1 width=128) (actual time=257.643..257.643 rows=1 loops=1)
  ->  Nested Loop  (cost=191623.00..228907.33 rows=1 width=53) (actual time=107.065..256.760 rows=1728 loops=1)
        ->  Nested Loop  (cost=191623.00..228905.33 rows=1 width=42) (actual time=107.059..250.814 rows=1728 loops=1)
              ->  Nested Loop  (cost=191623.00..228877.33 rows=14 width=30) (actual time=107.005..179.443 rows=58947 loops=1)
                    ->  Nested Loop  (cost=191623.00..228769.33 rows=1 width=38) (actual time=106.996..128.016 rows=326 loops=1)
                          ->  Nested Loop  (cost=191623.00..228765.33 rows=1 width=42) (actual time=106.993..127.607 rows=401 loops=1)
                                ->  Nested Loop  (cost=191623.00..228762.00 rows=1 width=46) (actual time=106.990..127.143 rows=401 loops=1)
                                      ->  Hash Join  (cost=191623.00..228744.00 rows=3 width=34) (actual time=106.985..124.979 rows=884 loops=1)
                                            Hash Cond: (mi_idx.info_type_id = it2.id)
                                            ->  Nested Loop  (cost=191509.00..228249.00 rows=384 width=38) (actual time=106.896..124.679 rows=1480 loops=1)
                                                  ->  Merge Join  (cost=191509.00..193025.00 rows=5032 width=25) (actual time=106.888..108.463 rows=5032 loops=1)
                                                        Merge Cond: (t.kind_id = kt.id)
                                                        ->  Sort  (cost=191502.00..191502.00 rows=10613 width=29) (actual time=106.875..107.423 rows=5033 loops=1)
                                                              Sort Key: t.kind_id
                                                              Sort Method: quicksort  Memory: 1275kB
                                                              ->  Nested Loop  (cost=0.00..191502.00 rows=10613 width=29) (actual time=0.118..104.601 rows=10613 loops=1)
                                                                    ->  Nested Loop  (cost=0.00..143320.00 rows=24091 width=4) (actual time=0.112..45.516 rows=24091 loops=1)
                                                                          ->  Seq Scan on keyword k  (cost=0.00..134170.00 rows=10 width=4) (actual time=0.100..26.911 rows=10 loops=1)
                                                                                Filter: (keyword = ANY ('{superhero,marvel-comics,based-on-comic,tv-special,fight,violence,magnet,web,claw,laser}'::text[]))
                                                                                Rows Removed by Filter: 134160
                                                                          ->  Index Scan using keyword_id_movie_keyword on movie_keyword mk  (cost=0.00..610.00 rows=305 width=8) (actual time=0.007..1.560 rows=2409 loops=10)
                                                                                Index Cond: (keyword_id = k.id)
                                                                    ->  Index Scan using title_pkey on title t  (cost=0.00..2.00 rows=1 width=25) (actual time=0.002..0.002 rows=0 loops=24091)
                                                                          Index Cond: (id = mk.movie_id)
                                                                          Filter: (production_year > 2000)
                                                                          Rows Removed by Filter: 1
                                                        ->  Sort  (cost=7.00..7.00 rows=1 width=4) (actual time=0.010..0.011 rows=1 loops=1)
                                                              Sort Key: kt.id
                                                              Sort Method: quicksort  Memory: 25kB
                                                              ->  Seq Scan on kind_type kt  (cost=0.00..7.00 rows=1 width=4) (actual time=0.004..0.005 rows=1 loops=1)
                                                                    Filter: ((kind)::text = 'movie'::text)
                                                                    Rows Removed by Filter: 6
                                                  ->  Index Scan using movie_id_movie_info_idx on movie_info_idx mi_idx  (cost=0.00..6.00 rows=1 width=13) (actual time=0.003..0.003 rows=0 loops=5032)
                                                        Index Cond: (movie_id = t.id)
                                                        Filter: (info > '7.0'::text)
                                                        Rows Removed by Filter: 2
                                            ->  Hash  (cost=113.00..113.00 rows=1 width=4) (actual time=0.015..0.015 rows=1 loops=1)
                                                  Buckets: 1024  Batches: 1  Memory Usage: 9kB
                                                  ->  Seq Scan on info_type it2  (cost=0.00..113.00 rows=1 width=4) (actual time=0.013..0.014 rows=1 loops=1)
                                                        Filter: ((info)::text = 'rating'::text)
                                                        Rows Removed by Filter: 112
                                      ->  Index Scan using movie_id_complete_cast on complete_cast cc  (cost=0.00..4.00 rows=2 width=12) (actual time=0.002..0.002 rows=0 loops=884)
                                            Index Cond: (movie_id = t.id)
                                ->  Index Scan using comp_cast_type_pkey on comp_cast_type cct2  (cost=0.00..2.00 rows=1 width=4) (actual time=0.001..0.001 rows=1 loops=401)
                                      Index Cond: (id = cc.status_id)
                                      Filter: ((kind)::text ~~ '%complete%'::text)
                          ->  Index Scan using comp_cast_type_pkey on comp_cast_type cct1  (cost=0.00..2.00 rows=1 width=4) (actual time=0.001..0.001 rows=1 loops=401)
                                Index Cond: (id = cc.subject_id)
                                Filter: ((kind)::text = 'cast'::text)
                                Rows Removed by Filter: 0
                    ->  Index Scan using movie_id_cast_info on cast_info ci  (cost=0.00..72.00 rows=36 width=12) (actual time=0.006..0.131 rows=181 loops=326)
                          Index Cond: (movie_id = t.id)
              ->  Index Scan using char_name_pkey on char_name chn  (cost=0.00..2.00 rows=1 width=20) (actual time=0.001..0.001 rows=0 loops=58947)
                    Index Cond: (id = ci.person_role_id)
                    Filter: ((name IS NOT NULL) AND ((name ~~ '%man%'::text) OR (name ~~ '%Man%'::text)))
                    Rows Removed by Filter: 0
        ->  Index Scan using name_pkey on name n  (cost=0.00..2.00 rows=1 width=19) (actual time=0.003..0.003 rows=1 loops=1728)
              Index Cond: (id = ci.person_id)
Planning time: 42.133 ms
Execution time: 257.723 ms
