Aggregate  (cost=306158.33..306159.33 rows=1 width=128) (actual time=224.247..224.247 rows=1 loops=1)
  ->  Nested Loop  (cost=287878.00..306158.33 rows=1 width=53) (actual time=78.708..223.391 rows=1728 loops=1)
        ->  Nested Loop  (cost=287878.00..306156.33 rows=1 width=42) (actual time=78.704..217.711 rows=1728 loops=1)
              ->  Nested Loop  (cost=287878.00..306128.33 rows=14 width=30) (actual time=78.679..149.939 rows=58947 loops=1)
                    ->  Nested Loop  (cost=287878.00..306020.33 rows=1 width=38) (actual time=78.672..103.003 rows=326 loops=1)
                          ->  Nested Loop  (cost=287878.00..306017.00 rows=1 width=42) (actual time=78.670..102.601 rows=326 loops=1)
                                ->  Nested Loop  (cost=287878.00..305981.00 rows=17 width=46) (actual time=78.668..101.960 rows=507 loops=1)
                                      ->  Hash Join  (cost=287878.00..304385.00 rows=228 width=33) (actual time=78.662..97.231 rows=1267 loops=1)
                                            Hash Cond: (t.kind_id = kt.id)
                                            ->  Nested Loop  (cost=287870.00..303010.00 rows=1595 width=37) (actual time=78.651..96.892 rows=1595 loops=1)
                                                  ->  Merge Join  (cost=287870.00..290218.00 rows=6396 width=12) (actual time=78.646..80.086 rows=6396 loops=1)
                                                        Merge Cond: (cct1.id = cc.subject_id)
                                                        ->  Sort  (cost=4.00..4.00 rows=1 width=4) (actual time=0.005..0.005 rows=1 loops=1)
                                                              Sort Key: cct1.id
                                                              Sort Method: quicksort  Memory: 25kB
                                                              ->  Seq Scan on comp_cast_type cct1  (cost=0.00..4.00 rows=1 width=4) (actual time=0.002..0.002 rows=1 loops=1)
                                                                    Filter: ((kind)::text = 'cast'::text)
                                                                    Rows Removed by Filter: 3
                                                        ->  Sort  (cost=287866.00..287866.00 rows=9392 width=16) (actual time=78.639..79.040 rows=6397 loops=1)
                                                              Sort Key: cc.subject_id
                                                              Sort Method: quicksort  Memory: 825kB
                                                              ->  Nested Loop  (cost=0.00..287866.00 rows=9392 width=16) (actual time=0.180..77.252 rows=9392 loops=1)
                                                                    ->  Nested Loop  (cost=0.00..143320.00 rows=24091 width=4) (actual time=0.114..43.021 rows=24091 loops=1)
                                                                          ->  Seq Scan on keyword k  (cost=0.00..134170.00 rows=10 width=4) (actual time=0.100..26.469 rows=10 loops=1)
                                                                                Filter: (keyword = ANY ('{superhero,marvel-comics,based-on-comic,tv-special,fight,violence,magnet,web,claw,laser}'::text[]))
                                                                                Rows Removed by Filter: 134160
                                                                          ->  Index Scan using keyword_id_movie_keyword on movie_keyword mk  (cost=0.00..610.00 rows=305 width=8) (actual time=0.006..1.376 rows=2409 loops=10)
                                                                                Index Cond: (keyword_id = k.id)
                                                                    ->  Index Scan using movie_id_complete_cast on complete_cast cc  (cost=0.00..4.00 rows=2 width=12) (actual time=0.001..0.001 rows=0 loops=24091)
                                                                          Index Cond: (movie_id = mk.movie_id)
                                                  ->  Index Scan using title_pkey on title t  (cost=0.00..2.00 rows=1 width=25) (actual time=0.002..0.002 rows=0 loops=6396)
                                                        Index Cond: (id = mk.movie_id)
                                                        Filter: (production_year > 2000)
                                                        Rows Removed by Filter: 1
                                            ->  Hash  (cost=7.00..7.00 rows=1 width=4) (actual time=0.007..0.007 rows=1 loops=1)
                                                  Buckets: 1024  Batches: 1  Memory Usage: 9kB
                                                  ->  Seq Scan on kind_type kt  (cost=0.00..7.00 rows=1 width=4) (actual time=0.005..0.006 rows=1 loops=1)
                                                        Filter: ((kind)::text = 'movie'::text)
                                                        Rows Removed by Filter: 6
                                      ->  Index Scan using movie_id_movie_info_idx on movie_info_idx mi_idx  (cost=0.00..6.00 rows=1 width=13) (actual time=0.003..0.003 rows=0 loops=1267)
                                            Index Cond: (movie_id = t.id)
                                            Filter: (info > '7.0'::text)
                                            Rows Removed by Filter: 3
                                ->  Index Scan using info_type_pkey on info_type it2  (cost=0.00..2.00 rows=1 width=4) (actual time=0.001..0.001 rows=1 loops=507)
                                      Index Cond: (id = mi_idx.info_type_id)
                                      Filter: ((info)::text = 'rating'::text)
                                      Rows Removed by Filter: 0
                          ->  Index Scan using comp_cast_type_pkey on comp_cast_type cct2  (cost=0.00..2.00 rows=1 width=4) (actual time=0.001..0.001 rows=1 loops=326)
                                Index Cond: (id = cc.status_id)
                                Filter: ((kind)::text ~~ '%complete%'::text)
                    ->  Index Scan using movie_id_cast_info on cast_info ci  (cost=0.00..72.00 rows=36 width=12) (actual time=0.005..0.119 rows=181 loops=326)
                          Index Cond: (movie_id = t.id)
              ->  Index Scan using char_name_pkey on char_name chn  (cost=0.00..2.00 rows=1 width=20) (actual time=0.001..0.001 rows=0 loops=58947)
                    Index Cond: (id = ci.person_role_id)
                    Filter: ((name IS NOT NULL) AND ((name ~~ '%man%'::text) OR (name ~~ '%Man%'::text)))
                    Rows Removed by Filter: 0
        ->  Index Scan using name_pkey on name n  (cost=0.00..2.00 rows=1 width=19) (actual time=0.003..0.003 rows=1 loops=1728)
              Index Cond: (id = ci.person_id)
Planning time: 42.119 ms
Execution time: 224.326 ms
