Aggregate  (cost=236148.00..236149.00 rows=1 width=128) (actual time=267.540..267.540 rows=1 loops=1)
  ->  Nested Loop  (cost=191629.00..236148.00 rows=1 width=53) (actual time=104.544..266.664 rows=1728 loops=1)
        ->  Nested Loop  (cost=191629.00..236146.00 rows=1 width=42) (actual time=104.539..260.806 rows=1728 loops=1)
              ->  Nested Loop  (cost=191629.00..236140.00 rows=2 width=46) (actual time=104.537..258.585 rows=2199 loops=1)
                    ->  Nested Loop  (cost=191629.00..235996.00 rows=72 width=34) (actual time=104.485..176.181 rows=72379 loops=1)
                          ->  Hash Join  (cost=191629.00..235456.00 rows=5 width=42) (actual time=104.476..119.828 rows=401 loops=1)
                                Hash Cond: (mi_idx.info_type_id = it2.id)
                                ->  Nested Loop  (cost=191515.00..234732.00 rows=615 width=46) (actual time=104.389..119.679 rows=615 loops=1)
                                      ->  Hash Join  (cost=191515.00..224337.00 rows=1485 width=33) (actual time=104.374..114.174 rows=1485 loops=1)
                                            Hash Cond: (cc.status_id = cct2.id)
                                            ->  Nested Loop  (cost=191509.00..223217.00 rows=1485 width=37) (actual time=104.367..113.831 rows=1485 loops=1)
                                                  ->  Merge Join  (cost=191509.00..193025.00 rows=5032 width=25) (actual time=104.360..105.809 rows=5032 loops=1)
                                                        Merge Cond: (t.kind_id = kt.id)
                                                        ->  Sort  (cost=191502.00..191502.00 rows=10613 width=29) (actual time=104.348..104.813 rows=5033 loops=1)
                                                              Sort Key: t.kind_id
                                                              Sort Method: quicksort  Memory: 1275kB
                                                              ->  Nested Loop  (cost=0.00..191502.00 rows=10613 width=29) (actual time=0.117..102.129 rows=10613 loops=1)
                                                                    ->  Nested Loop  (cost=0.00..143320.00 rows=24091 width=4) (actual time=0.112..45.356 rows=24091 loops=1)
                                                                          ->  Seq Scan on keyword k  (cost=0.00..134170.00 rows=10 width=4) (actual time=0.100..27.492 rows=10 loops=1)
                                                                                Filter: (keyword = ANY ('{superhero,marvel-comics,based-on-comic,tv-special,fight,violence,magnet,web,claw,laser}'::text[]))
                                                                                Rows Removed by Filter: 134160
                                                                          ->  Index Scan using keyword_id_movie_keyword on movie_keyword mk  (cost=0.00..610.00 rows=305 width=8) (actual time=0.006..1.488 rows=2409 loops=10)
                                                                                Index Cond: (keyword_id = k.id)
                                                                    ->  Index Scan using title_pkey on title t  (cost=0.00..2.00 rows=1 width=25) (actual time=0.002..0.002 rows=0 loops=24091)
                                                                          Index Cond: (id = mk.movie_id)
                                                                          Filter: (production_year > 2000)
                                                                          Rows Removed by Filter: 1
                                                        ->  Sort  (cost=7.00..7.00 rows=1 width=4) (actual time=0.010..0.010 rows=1 loops=1)
                                                              Sort Key: kt.id
                                                              Sort Method: quicksort  Memory: 25kB
                                                              ->  Seq Scan on kind_type kt  (cost=0.00..7.00 rows=1 width=4) (actual time=0.005..0.005 rows=1 loops=1)
                                                                    Filter: ((kind)::text = 'movie'::text)
                                                                    Rows Removed by Filter: 6
                                                  ->  Index Scan using movie_id_complete_cast on complete_cast cc  (cost=0.00..4.00 rows=2 width=12) (actual time=0.001..0.001 rows=0 loops=5032)
                                                        Index Cond: (movie_id = t.id)
                                            ->  Hash  (cost=4.00..4.00 rows=2 width=4) (actual time=0.004..0.004 rows=2 loops=1)
                                                  Buckets: 1024  Batches: 1  Memory Usage: 9kB
                                                  ->  Seq Scan on comp_cast_type cct2  (cost=0.00..4.00 rows=2 width=4) (actual time=0.003..0.003 rows=2 loops=1)
                                                        Filter: ((kind)::text ~~ '%complete%'::text)
                                                        Rows Removed by Filter: 2
                                      ->  Index Scan using movie_id_movie_info_idx on movie_info_idx mi_idx  (cost=0.00..6.00 rows=1 width=13) (actual time=0.003..0.003 rows=0 loops=1485)
                                            Index Cond: (movie_id = t.id)
                                            Filter: (info > '7.0'::text)
                                            Rows Removed by Filter: 3
                                ->  Hash  (cost=113.00..113.00 rows=1 width=4) (actual time=0.014..0.014 rows=1 loops=1)
                                      Buckets: 1024  Batches: 1  Memory Usage: 9kB
                                      ->  Seq Scan on info_type it2  (cost=0.00..113.00 rows=1 width=4) (actual time=0.012..0.013 rows=1 loops=1)
                                            Filter: ((info)::text = 'rating'::text)
                                            Rows Removed by Filter: 112
                          ->  Index Scan using movie_id_cast_info on cast_info ci  (cost=0.00..72.00 rows=36 width=12) (actual time=0.005..0.115 rows=180 loops=401)
                                Index Cond: (movie_id = t.id)
                    ->  Index Scan using char_name_pkey on char_name chn  (cost=0.00..2.00 rows=1 width=20) (actual time=0.001..0.001 rows=0 loops=72379)
                          Index Cond: (id = ci.person_role_id)
                          Filter: ((name IS NOT NULL) AND ((name ~~ '%man%'::text) OR (name ~~ '%Man%'::text)))
                          Rows Removed by Filter: 0
              ->  Index Scan using comp_cast_type_pkey on comp_cast_type cct1  (cost=0.00..2.00 rows=1 width=4) (actual time=0.001..0.001 rows=1 loops=2199)
                    Index Cond: (id = cc.subject_id)
                    Filter: ((kind)::text = 'cast'::text)
                    Rows Removed by Filter: 0
        ->  Index Scan using name_pkey on name n  (cost=0.00..2.00 rows=1 width=19) (actual time=0.003..0.003 rows=1 loops=1728)
              Index Cond: (id = ci.person_id)
Planning time: 41.985 ms
Execution time: 267.623 ms
