Aggregate  (cost=324957.00..324958.00 rows=1 width=128) (actual time=443.436..443.436 rows=1 loops=1)
  ->  Nested Loop  (cost=5.00..324957.00 rows=130 width=53) (actual time=2.315..442.518 rows=1728 loops=1)
        ->  Nested Loop  (cost=5.00..315611.00 rows=4673 width=41) (actual time=2.079..365.993 rows=58947 loops=1)
              ->  Nested Loop  (cost=5.00..306265.00 rows=4673 width=30) (actual time=2.074..195.059 rows=58947 loops=1)
                    ->  Nested Loop  (cost=5.00..271057.00 rows=326 width=38) (actual time=2.065..139.354 rows=326 loops=1)
                          ->  Nested Loop  (cost=5.00..270103.00 rows=445 width=42) (actual time=2.062..138.668 rows=445 loops=1)
                                ->  Nested Loop  (cost=5.00..269213.00 rows=445 width=46) (actual time=2.059..138.007 rows=445 loops=1)
                                      ->  Nested Loop  (cost=5.00..267889.00 rows=659 width=50) (actual time=1.952..137.022 rows=659 loops=1)
                                            ->  Hash Join  (cost=5.00..256724.00 rows=1595 width=37) (actual time=1.062..130.406 rows=1595 loops=1)
                                                  Hash Cond: (cc.subject_id = cct1.id)
                                                  ->  Nested Loop  (cost=0.00..255180.00 rows=2052 width=41) (actual time=1.051..129.916 rows=2052 loops=1)
                                                        ->  Nested Loop  (cost=0.00..191502.00 rows=10613 width=29) (actual time=0.123..112.077 rows=10613 loops=1)
                                                              ->  Nested Loop  (cost=0.00..143320.00 rows=24091 width=4) (actual time=0.117..46.660 rows=24091 loops=1)
                                                                    ->  Seq Scan on keyword k  (cost=0.00..134170.00 rows=10 width=4) (actual time=0.103..26.493 rows=10 loops=1)
                                                                          Filter: (keyword = ANY ('{superhero,marvel-comics,based-on-comic,tv-special,fight,violence,magnet,web,claw,laser}'::text[]))
                                                                          Rows Removed by Filter: 134160
                                                                    ->  Index Scan using keyword_id_movie_keyword on movie_keyword mk  (cost=0.00..610.00 rows=305 width=8) (actual time=0.007..1.713 rows=2409 loops=10)
                                                                          Index Cond: (keyword_id = k.id)
                                                              ->  Index Scan using title_pkey on title t  (cost=0.00..2.00 rows=1 width=25) (actual time=0.002..0.002 rows=0 loops=24091)
                                                                    Index Cond: (id = mk.movie_id)
                                                                    Filter: (production_year > 2000)
                                                                    Rows Removed by Filter: 1
                                                        ->  Index Scan using movie_id_complete_cast on complete_cast cc  (cost=0.00..4.00 rows=2 width=12) (actual time=0.001..0.001 rows=0 loops=10613)
                                                              Index Cond: (movie_id = t.id)
                                                  ->  Hash  (cost=4.00..4.00 rows=1 width=4) (actual time=0.005..0.005 rows=1 loops=1)
                                                        Buckets: 1024  Batches: 1  Memory Usage: 9kB
                                                        ->  Seq Scan on comp_cast_type cct1  (cost=0.00..4.00 rows=1 width=4) (actual time=0.003..0.004 rows=1 loops=1)
                                                              Filter: ((kind)::text = 'cast'::text)
                                                              Rows Removed by Filter: 3
                                            ->  Index Scan using movie_id_movie_info_idx on movie_info_idx mi_idx  (cost=0.00..6.00 rows=1 width=13) (actual time=0.004..0.004 rows=0 loops=1595)
                                                  Index Cond: (movie_id = t.id)
                                                  Filter: (info > '7.0'::text)
                                                  Rows Removed by Filter: 2
                                      ->  Index Scan using info_type_pkey on info_type it2  (cost=0.00..2.00 rows=1 width=4) (actual time=0.001..0.001 rows=1 loops=659)
                                            Index Cond: (id = mi_idx.info_type_id)
                                            Filter: ((info)::text = 'rating'::text)
                                            Rows Removed by Filter: 0
                                ->  Index Scan using comp_cast_type_pkey on comp_cast_type cct2  (cost=0.00..2.00 rows=1 width=4) (actual time=0.001..0.001 rows=1 loops=445)
                                      Index Cond: (id = cc.status_id)
                                      Filter: ((kind)::text ~~ '%complete%'::text)
                          ->  Index Scan using kind_type_pkey on kind_type kt  (cost=0.00..2.00 rows=1 width=4) (actual time=0.001..0.001 rows=1 loops=445)
                                Index Cond: (id = t.kind_id)
                                Filter: ((kind)::text = 'movie'::text)
                                Rows Removed by Filter: 0
                    ->  Index Scan using movie_id_cast_info on cast_info ci  (cost=0.00..72.00 rows=36 width=12) (actual time=0.006..0.144 rows=181 loops=326)
                          Index Cond: (movie_id = t.id)
              ->  Index Scan using name_pkey on name n  (cost=0.00..2.00 rows=1 width=19) (actual time=0.003..0.003 rows=1 loops=58947)
                    Index Cond: (id = ci.person_id)
        ->  Index Scan using char_name_pkey on char_name chn  (cost=0.00..2.00 rows=1 width=20) (actual time=0.001..0.001 rows=0 loops=58947)
              Index Cond: (id = ci.person_role_id)
              Filter: ((name IS NOT NULL) AND ((name ~~ '%man%'::text) OR (name ~~ '%Man%'::text)))
              Rows Removed by Filter: 0
Planning time: 41.508 ms
Execution time: 443.512 ms
