Aggregate  (cost=239258.00..239259.00 rows=1 width=128) (actual time=424.963..424.963 rows=1 loops=1)
  ->  Nested Loop  (cost=191634.00..239258.00 rows=2 width=53) (actual time=102.715..424.067 rows=1728 loops=1)
        ->  Nested Loop  (cost=191634.00..239144.00 rows=57 width=41) (actual time=102.626..350.051 rows=58947 loops=1)
              ->  Nested Loop  (cost=191634.00..239030.00 rows=57 width=30) (actual time=102.622..177.884 rows=58947 loops=1)
                    ->  Hash Join  (cost=191634.00..238598.00 rows=4 width=38) (actual time=102.613..124.505 rows=326 loops=1)
                          Hash Cond: (mi_idx.info_type_id = it2.id)
                          ->  Hash Join  (cost=191520.00..237981.00 rows=507 width=42) (actual time=102.544..124.343 rows=507 loops=1)
                                Hash Cond: (cc.status_id = cct2.id)
                                ->  Hash Join  (cost=191514.00..237595.00 rows=507 width=46) (actual time=102.538..124.193 rows=507 loops=1)
                                      Hash Cond: (cc.subject_id = cct1.id)
                                      ->  Nested Loop  (cost=191509.00..237129.00 rows=615 width=50) (actual time=102.533..124.020 rows=615 loops=1)
                                            ->  Nested Loop  (cost=191509.00..228249.00 rows=1480 width=38) (actual time=102.516..120.707 rows=1480 loops=1)
                                                  ->  Merge Join  (cost=191509.00..193025.00 rows=5032 width=25) (actual time=102.507..104.050 rows=5032 loops=1)
                                                        Merge Cond: (kt.id = t.kind_id)
                                                        ->  Sort  (cost=7.00..7.00 rows=1 width=4) (actual time=0.005..0.006 rows=1 loops=1)
                                                              Sort Key: kt.id
                                                              Sort Method: quicksort  Memory: 25kB
                                                              ->  Seq Scan on kind_type kt  (cost=0.00..7.00 rows=1 width=4) (actual time=0.002..0.002 rows=1 loops=1)
                                                                    Filter: ((kind)::text = 'movie'::text)
                                                                    Rows Removed by Filter: 6
                                                        ->  Sort  (cost=191502.00..191502.00 rows=10613 width=29) (actual time=102.499..103.062 rows=5033 loops=1)
                                                              Sort Key: t.kind_id
                                                              Sort Method: quicksort  Memory: 1275kB
                                                              ->  Nested Loop  (cost=0.00..191502.00 rows=10613 width=29) (actual time=0.118..100.273 rows=10613 loops=1)
                                                                    ->  Nested Loop  (cost=0.00..143320.00 rows=24091 width=4) (actual time=0.113..44.089 rows=24091 loops=1)
                                                                          ->  Seq Scan on keyword k  (cost=0.00..134170.00 rows=10 width=4) (actual time=0.100..26.488 rows=10 loops=1)
                                                                                Filter: (keyword = ANY ('{superhero,marvel-comics,based-on-comic,tv-special,fight,violence,magnet,web,claw,laser}'::text[]))
                                                                                Rows Removed by Filter: 134160
                                                                          ->  Index Scan using keyword_id_movie_keyword on movie_keyword mk  (cost=0.00..610.00 rows=305 width=8) (actual time=0.007..1.464 rows=2409 loops=10)
                                                                                Index Cond: (keyword_id = k.id)
                                                                    ->  Index Scan using title_pkey on title t  (cost=0.00..2.00 rows=1 width=25) (actual time=0.002..0.002 rows=0 loops=24091)
                                                                          Index Cond: (id = mk.movie_id)
                                                                          Filter: (production_year > 2000)
                                                                          Rows Removed by Filter: 1
                                                  ->  Index Scan using movie_id_movie_info_idx on movie_info_idx mi_idx  (cost=0.00..6.00 rows=1 width=13) (actual time=0.003..0.003 rows=0 loops=5032)
                                                        Index Cond: (movie_id = t.id)
                                                        Filter: (info > '7.0'::text)
                                                        Rows Removed by Filter: 2
                                            ->  Index Scan using movie_id_complete_cast on complete_cast cc  (cost=0.00..4.00 rows=2 width=12) (actual time=0.002..0.002 rows=0 loops=1480)
                                                  Index Cond: (movie_id = t.id)
                                      ->  Hash  (cost=4.00..4.00 rows=1 width=4) (actual time=0.002..0.002 rows=1 loops=1)
                                            Buckets: 1024  Batches: 1  Memory Usage: 9kB
                                            ->  Seq Scan on comp_cast_type cct1  (cost=0.00..4.00 rows=1 width=4) (actual time=0.001..0.002 rows=1 loops=1)
                                                  Filter: ((kind)::text = 'cast'::text)
                                                  Rows Removed by Filter: 3
                                ->  Hash  (cost=4.00..4.00 rows=2 width=4) (actual time=0.003..0.003 rows=2 loops=1)
                                      Buckets: 1024  Batches: 1  Memory Usage: 9kB
                                      ->  Seq Scan on comp_cast_type cct2  (cost=0.00..4.00 rows=2 width=4) (actual time=0.002..0.003 rows=2 loops=1)
                                            Filter: ((kind)::text ~~ '%complete%'::text)
                                            Rows Removed by Filter: 2
                          ->  Hash  (cost=113.00..113.00 rows=1 width=4) (actual time=0.016..0.016 rows=1 loops=1)
                                Buckets: 1024  Batches: 1  Memory Usage: 9kB
                                ->  Seq Scan on info_type it2  (cost=0.00..113.00 rows=1 width=4) (actual time=0.014..0.015 rows=1 loops=1)
                                      Filter: ((info)::text = 'rating'::text)
                                      Rows Removed by Filter: 112
                    ->  Index Scan using movie_id_cast_info on cast_info ci  (cost=0.00..72.00 rows=36 width=12) (actual time=0.006..0.137 rows=181 loops=326)
                          Index Cond: (movie_id = t.id)
              ->  Index Scan using name_pkey on name n  (cost=0.00..2.00 rows=1 width=19) (actual time=0.003..0.003 rows=1 loops=58947)
                    Index Cond: (id = ci.person_id)
        ->  Index Scan using char_name_pkey on char_name chn  (cost=0.00..2.00 rows=1 width=20) (actual time=0.001..0.001 rows=0 loops=58947)
              Index Cond: (id = ci.person_role_id)
              Filter: ((name IS NOT NULL) AND ((name ~~ '%man%'::text) OR (name ~~ '%Man%'::text)))
              Rows Removed by Filter: 0
Planning time: 41.668 ms
Execution time: 425.046 ms
