Aggregate  (cost=470513.00..470514.00 rows=1 width=128) (actual time=226.845..226.845 rows=1 loops=1)
  ->  Nested Loop  (cost=287998.00..470513.00 rows=1645 width=53) (actual time=80.337..225.961 rows=1728 loops=1)
        ->  Nested Loop  (cost=287998.00..467223.00 rows=1645 width=42) (actual time=80.332..220.305 rows=1728 loops=1)
              ->  Nested Loop  (cost=287998.00..349329.00 rows=58947 width=30) (actual time=80.318..151.880 rows=58947 loops=1)
                    ->  Hash Join  (cost=287998.00..314121.00 rows=326 width=38) (actual time=80.311..103.881 rows=326 loops=1)
                          Hash Cond: (cc.status_id = cct2.id)
                          ->  Hash Join  (cost=287992.00..313871.00 rows=326 width=42) (actual time=80.300..103.775 rows=326 loops=1)
                                Hash Cond: (mi_idx.info_type_id = it2.id)
                                ->  Nested Loop  (cost=287878.00..313254.00 rows=507 width=46) (actual time=80.286..103.654 rows=507 loops=1)
                                      ->  Hash Join  (cost=287878.00..304385.00 rows=1267 width=33) (actual time=80.280..98.842 rows=1267 loops=1)
                                            Hash Cond: (t.kind_id = kt.id)
                                            ->  Nested Loop  (cost=287870.00..303010.00 rows=1595 width=37) (actual time=80.275..98.530 rows=1595 loops=1)
                                                  ->  Merge Join  (cost=287870.00..290218.00 rows=6396 width=12) (actual time=80.269..81.707 rows=6396 loops=1)
                                                        Merge Cond: (cct1.id = cc.subject_id)
                                                        ->  Sort  (cost=4.00..4.00 rows=1 width=4) (actual time=0.005..0.006 rows=1 loops=1)
                                                              Sort Key: cct1.id
                                                              Sort Method: quicksort  Memory: 25kB
                                                              ->  Seq Scan on comp_cast_type cct1  (cost=0.00..4.00 rows=1 width=4) (actual time=0.001..0.002 rows=1 loops=1)
                                                                    Filter: ((kind)::text = 'cast'::text)
                                                                    Rows Removed by Filter: 3
                                                        ->  Sort  (cost=287866.00..287866.00 rows=9392 width=16) (actual time=80.261..80.675 rows=6397 loops=1)
                                                              Sort Key: cc.subject_id
                                                              Sort Method: quicksort  Memory: 825kB
                                                              ->  Nested Loop  (cost=0.00..287866.00 rows=9392 width=16) (actual time=0.181..78.785 rows=9392 loops=1)
                                                                    ->  Nested Loop  (cost=0.00..143320.00 rows=24091 width=4) (actual time=0.113..44.302 rows=24091 loops=1)
                                                                          ->  Seq Scan on keyword k  (cost=0.00..134170.00 rows=10 width=4) (actual time=0.099..27.246 rows=10 loops=1)
                                                                                Filter: (keyword = ANY ('{superhero,marvel-comics,based-on-comic,tv-special,fight,violence,magnet,web,claw,laser}'::text[]))
                                                                                Rows Removed by Filter: 134160
                                                                          ->  Index Scan using keyword_id_movie_keyword on movie_keyword mk  (cost=0.00..610.00 rows=305 width=8) (actual time=0.006..1.427 rows=2409 loops=10)
                                                                                Index Cond: (keyword_id = k.id)
                                                                    ->  Index Scan using movie_id_complete_cast on complete_cast cc  (cost=0.00..4.00 rows=2 width=12) (actual time=0.001..0.001 rows=0 loops=24091)
                                                                          Index Cond: (movie_id = mk.movie_id)
                                                  ->  Index Scan using title_pkey on title t  (cost=0.00..2.00 rows=1 width=25) (actual time=0.002..0.002 rows=0 loops=6396)
                                                        Index Cond: (id = mk.movie_id)
                                                        Filter: (production_year > 2000)
                                                        Rows Removed by Filter: 1
                                            ->  Hash  (cost=7.00..7.00 rows=1 width=4) (actual time=0.003..0.003 rows=1 loops=1)
                                                  Buckets: 1024  Batches: 1  Memory Usage: 9kB
                                                  ->  Seq Scan on kind_type kt  (cost=0.00..7.00 rows=1 width=4) (actual time=0.002..0.002 rows=1 loops=1)
                                                        Filter: ((kind)::text = 'movie'::text)
                                                        Rows Removed by Filter: 6
                                      ->  Index Scan using movie_id_movie_info_idx on movie_info_idx mi_idx  (cost=0.00..6.00 rows=1 width=13) (actual time=0.003..0.004 rows=0 loops=1267)
                                            Index Cond: (movie_id = t.id)
                                            Filter: (info > '7.0'::text)
                                            Rows Removed by Filter: 3
                                ->  Hash  (cost=113.00..113.00 rows=1 width=4) (actual time=0.011..0.011 rows=1 loops=1)
                                      Buckets: 1024  Batches: 1  Memory Usage: 9kB
                                      ->  Seq Scan on info_type it2  (cost=0.00..113.00 rows=1 width=4) (actual time=0.009..0.010 rows=1 loops=1)
                                            Filter: ((info)::text = 'rating'::text)
                                            Rows Removed by Filter: 112
                          ->  Hash  (cost=4.00..4.00 rows=2 width=4) (actual time=0.007..0.007 rows=2 loops=1)
                                Buckets: 1024  Batches: 1  Memory Usage: 9kB
                                ->  Seq Scan on comp_cast_type cct2  (cost=0.00..4.00 rows=2 width=4) (actual time=0.005..0.006 rows=2 loops=1)
                                      Filter: ((kind)::text ~~ '%complete%'::text)
                                      Rows Removed by Filter: 2
                    ->  Index Scan using movie_id_cast_info on cast_info ci  (cost=0.00..72.00 rows=36 width=12) (actual time=0.006..0.122 rows=181 loops=326)
                          Index Cond: (movie_id = t.id)
              ->  Index Scan using char_name_pkey on char_name chn  (cost=0.00..2.00 rows=1 width=20) (actual time=0.001..0.001 rows=0 loops=58947)
                    Index Cond: (id = ci.person_role_id)
                    Filter: ((name IS NOT NULL) AND ((name ~~ '%man%'::text) OR (name ~~ '%Man%'::text)))
                    Rows Removed by Filter: 0
        ->  Index Scan using name_pkey on name n  (cost=0.00..2.00 rows=1 width=19) (actual time=0.003..0.003 rows=1 loops=1728)
              Index Cond: (id = ci.person_id)
Planning time: 41.715 ms
Execution time: 226.926 ms
