Aggregate  (cost=144727.33..144728.33 rows=1 width=128) (actual time=385.994..385.994 rows=1 loops=1)
  ->  Nested Loop  (cost=0.00..144727.33 rows=1 width=53) (actual time=2.384..385.090 rows=1728 loops=1)
        ->  Nested Loop  (cost=0.00..144723.33 rows=1 width=57) (actual time=2.382..382.930 rows=2199 loops=1)
              ->  Nested Loop  (cost=0.00..144720.00 rows=1 width=61) (actual time=2.380..380.567 rows=2199 loops=1)
                    ->  Nested Loop  (cost=0.00..144714.00 rows=1 width=69) (actual time=1.724..374.532 rows=2929 loops=1)
                          ->  Nested Loop  (cost=0.00..144712.00 rows=1 width=58) (actual time=1.718..363.749 rows=2929 loops=1)
                                ->  Nested Loop  (cost=0.00..144684.00 rows=14 width=46) (actual time=1.680..230.480 rows=105632 loops=1)
                                      ->  Nested Loop  (cost=0.00..144576.00 rows=1 width=34) (actual time=1.671..137.374 rows=884 loops=1)
                                            ->  Nested Loop  (cost=0.00..144570.00 rows=2 width=38) (actual time=1.654..135.482 rows=1480 loops=1)
                                                  ->  Nested Loop  (cost=0.00..144388.00 rows=26 width=25) (actual time=1.624..118.186 rows=5032 loops=1)
                                                        ->  Nested Loop  (cost=0.00..143994.00 rows=184 width=29) (actual time=0.121..107.817 rows=10613 loops=1)
                                                              ->  Nested Loop  (cost=0.00..143320.00 rows=337 width=4) (actual time=0.116..45.707 rows=24091 loops=1)
                                                                    ->  Seq Scan on keyword k  (cost=0.00..134170.00 rows=10 width=4) (actual time=0.104..26.500 rows=10 loops=1)
                                                                          Filter: (keyword = ANY ('{superhero,marvel-comics,based-on-comic,tv-special,fight,violence,magnet,web,claw,laser}'::text[]))
                                                                          Rows Removed by Filter: 134160
                                                                    ->  Index Scan using keyword_id_movie_keyword on movie_keyword mk  (cost=0.00..610.00 rows=305 width=8) (actual time=0.007..1.624 rows=2409 loops=10)
                                                                          Index Cond: (keyword_id = k.id)
                                                              ->  Index Scan using title_pkey on title t  (cost=0.00..2.00 rows=1 width=25) (actual time=0.002..0.002 rows=0 loops=24091)
                                                                    Index Cond: (id = mk.movie_id)
                                                                    Filter: (production_year > 2000)
                                                                    Rows Removed by Filter: 1
                                                        ->  Index Scan using kind_type_pkey on kind_type kt  (cost=0.00..2.00 rows=1 width=4) (actual time=0.001..0.001 rows=0 loops=10613)
                                                              Index Cond: (id = t.kind_id)
                                                              Filter: ((kind)::text = 'movie'::text)
                                                              Rows Removed by Filter: 1
                                                  ->  Index Scan using movie_id_movie_info_idx on movie_info_idx mi_idx  (cost=0.00..6.00 rows=1 width=13) (actual time=0.003..0.003 rows=0 loops=5032)
                                                        Index Cond: (movie_id = t.id)
                                                        Filter: (info > '7.0'::text)
                                                        Rows Removed by Filter: 2
                                            ->  Index Scan using info_type_pkey on info_type it2  (cost=0.00..2.00 rows=1 width=4) (actual time=0.001..0.001 rows=1 loops=1480)
                                                  Index Cond: (id = mi_idx.info_type_id)
                                                  Filter: ((info)::text = 'rating'::text)
                                                  Rows Removed by Filter: 0
                                      ->  Index Scan using movie_id_cast_info on cast_info ci  (cost=0.00..72.00 rows=36 width=12) (actual time=0.005..0.087 rows=119 loops=884)
                                            Index Cond: (movie_id = t.id)
                                ->  Index Scan using char_name_pkey on char_name chn  (cost=0.00..2.00 rows=1 width=20) (actual time=0.001..0.001 rows=0 loops=105632)
                                      Index Cond: (id = ci.person_role_id)
                                      Filter: ((name IS NOT NULL) AND ((name ~~ '%man%'::text) OR (name ~~ '%Man%'::text)))
                                      Rows Removed by Filter: 0
                          ->  Index Scan using name_pkey on name n  (cost=0.00..2.00 rows=1 width=19) (actual time=0.003..0.003 rows=1 loops=2929)
                                Index Cond: (id = ci.person_id)
                    ->  Index Scan using movie_id_complete_cast on complete_cast cc  (cost=0.00..4.00 rows=2 width=12) (actual time=0.002..0.002 rows=1 loops=2929)
                          Index Cond: (movie_id = t.id)
              ->  Index Scan using comp_cast_type_pkey on comp_cast_type cct2  (cost=0.00..2.00 rows=1 width=4) (actual time=0.001..0.001 rows=1 loops=2199)
                    Index Cond: (id = cc.status_id)
                    Filter: ((kind)::text ~~ '%complete%'::text)
        ->  Index Scan using comp_cast_type_pkey on comp_cast_type cct1  (cost=0.00..2.00 rows=1 width=4) (actual time=0.001..0.001 rows=1 loops=2199)
              Index Cond: (id = cc.subject_id)
              Filter: ((kind)::text = 'cast'::text)
              Rows Removed by Filter: 0
Planning time: 42.318 ms
Execution time: 386.073 ms
