Aggregate  (cost=391500.00..391501.00 rows=1 width=128) (actual time=240.789..240.789 rows=1 loops=1)
  ->  Nested Loop  (cost=191634.00..391500.00 rows=1728 width=53) (actual time=102.516..239.926 rows=1728 loops=1)
        ->  Nested Loop  (cost=191634.00..388044.00 rows=1728 width=42) (actual time=102.511..234.098 rows=1728 loops=1)
              ->  Nested Loop  (cost=191634.00..270150.00 rows=58947 width=30) (actual time=102.460..165.145 rows=58947 loops=1)
                    ->  Hash Join  (cost=191634.00..234942.00 rows=326 width=38) (actual time=102.451..117.272 rows=326 loops=1)
                          Hash Cond: (mi_idx.info_type_id = it2.id)
                          ->  Nested Loop  (cost=191520.00..234325.00 rows=507 width=42) (actual time=102.374..117.145 rows=507 loops=1)
                                ->  Hash Join  (cost=191520.00..225456.00 rows=1267 width=29) (actual time=102.367..112.301 rows=1267 loops=1)
                                      Hash Cond: (cc.subject_id = cct1.id)
                                      ->  Hash Join  (cost=191515.00..224337.00 rows=1485 width=33) (actual time=102.357..111.980 rows=1485 loops=1)
                                            Hash Cond: (cc.status_id = cct2.id)
                                            ->  Nested Loop  (cost=191509.00..223217.00 rows=1485 width=37) (actual time=102.351..111.654 rows=1485 loops=1)
                                                  ->  Merge Join  (cost=191509.00..193025.00 rows=5032 width=25) (actual time=102.341..103.708 rows=5032 loops=1)
                                                        Merge Cond: (kt.id = t.kind_id)
                                                        ->  Sort  (cost=7.00..7.00 rows=1 width=4) (actual time=0.006..0.006 rows=1 loops=1)
                                                              Sort Key: kt.id
                                                              Sort Method: quicksort  Memory: 25kB
                                                              ->  Seq Scan on kind_type kt  (cost=0.00..7.00 rows=1 width=4) (actual time=0.002..0.002 rows=1 loops=1)
                                                                    Filter: ((kind)::text = 'movie'::text)
                                                                    Rows Removed by Filter: 6
                                                        ->  Sort  (cost=191502.00..191502.00 rows=10613 width=29) (actual time=102.333..102.783 rows=5033 loops=1)
                                                              Sort Key: t.kind_id
                                                              Sort Method: quicksort  Memory: 1275kB
                                                              ->  Nested Loop  (cost=0.00..191502.00 rows=10613 width=29) (actual time=0.117..100.124 rows=10613 loops=1)
                                                                    ->  Nested Loop  (cost=0.00..143320.00 rows=24091 width=4) (actual time=0.112..43.931 rows=24091 loops=1)
                                                                          ->  Seq Scan on keyword k  (cost=0.00..134170.00 rows=10 width=4) (actual time=0.100..26.556 rows=10 loops=1)
                                                                                Filter: (keyword = ANY ('{superhero,marvel-comics,based-on-comic,tv-special,fight,violence,magnet,web,claw,laser}'::text[]))
                                                                                Rows Removed by Filter: 134160
                                                                          ->  Index Scan using keyword_id_movie_keyword on movie_keyword mk  (cost=0.00..610.00 rows=305 width=8) (actual time=0.006..1.437 rows=2409 loops=10)
                                                                                Index Cond: (keyword_id = k.id)
                                                                    ->  Index Scan using title_pkey on title t  (cost=0.00..2.00 rows=1 width=25) (actual time=0.002..0.002 rows=0 loops=24091)
                                                                          Index Cond: (id = mk.movie_id)
                                                                          Filter: (production_year > 2000)
                                                                          Rows Removed by Filter: 1
                                                  ->  Index Scan using movie_id_complete_cast on complete_cast cc  (cost=0.00..4.00 rows=2 width=12) (actual time=0.001..0.001 rows=0 loops=5032)
                                                        Index Cond: (movie_id = t.id)
                                            ->  Hash  (cost=4.00..4.00 rows=2 width=4) (actual time=0.003..0.003 rows=2 loops=1)
                                                  Buckets: 1024  Batches: 1  Memory Usage: 9kB
                                                  ->  Seq Scan on comp_cast_type cct2  (cost=0.00..4.00 rows=2 width=4) (actual time=0.002..0.002 rows=2 loops=1)
                                                        Filter: ((kind)::text ~~ '%complete%'::text)
                                                        Rows Removed by Filter: 2
                                      ->  Hash  (cost=4.00..4.00 rows=1 width=4) (actual time=0.003..0.003 rows=1 loops=1)
                                            Buckets: 1024  Batches: 1  Memory Usage: 9kB
                                            ->  Seq Scan on comp_cast_type cct1  (cost=0.00..4.00 rows=1 width=4) (actual time=0.002..0.002 rows=1 loops=1)
                                                  Filter: ((kind)::text = 'cast'::text)
                                                  Rows Removed by Filter: 3
                                ->  Index Scan using movie_id_movie_info_idx on movie_info_idx mi_idx  (cost=0.00..6.00 rows=1 width=13) (actual time=0.003..0.004 rows=0 loops=1267)
                                      Index Cond: (movie_id = t.id)
                                      Filter: (info > '7.0'::text)
                                      Rows Removed by Filter: 3
                          ->  Hash  (cost=113.00..113.00 rows=1 width=4) (actual time=0.014..0.014 rows=1 loops=1)
                                Buckets: 1024  Batches: 1  Memory Usage: 9kB
                                ->  Seq Scan on info_type it2  (cost=0.00..113.00 rows=1 width=4) (actual time=0.012..0.013 rows=1 loops=1)
                                      Filter: ((info)::text = 'rating'::text)
                                      Rows Removed by Filter: 112
                    ->  Index Scan using movie_id_cast_info on cast_info ci  (cost=0.00..72.00 rows=36 width=12) (actual time=0.006..0.122 rows=181 loops=326)
                          Index Cond: (movie_id = t.id)
              ->  Index Scan using char_name_pkey on char_name chn  (cost=0.00..2.00 rows=1 width=20) (actual time=0.001..0.001 rows=0 loops=58947)
                    Index Cond: (id = ci.person_role_id)
                    Filter: ((name IS NOT NULL) AND ((name ~~ '%man%'::text) OR (name ~~ '%Man%'::text)))
                    Rows Removed by Filter: 0
        ->  Index Scan using name_pkey on name n  (cost=0.00..2.00 rows=1 width=19) (actual time=0.003..0.003 rows=1 loops=1728)
              Index Cond: (id = ci.person_id)
Planning time: 41.714 ms
Execution time: 240.873 ms
