Aggregate  (cost=168615.33..168616.33 rows=1 width=96) (actual time=95.821..95.821 rows=1 loops=1)
  ->  Nested Loop  (cost=157805.00..168615.33 rows=1 width=38) (actual time=45.661..95.777 rows=93 loops=1)
        ->  Nested Loop  (cost=157805.00..168613.33 rows=1 width=26) (actual time=45.433..92.934 rows=2300 loops=1)
              ->  Nested Loop  (cost=157805.00..168610.00 rows=1 width=30) (actual time=45.430..90.838 rows=2300 loops=1)
                    ->  Nested Loop  (cost=157805.00..168606.00 rows=1 width=34) (actual time=45.428..87.060 rows=4052 loops=1)
                          ->  Nested Loop  (cost=157805.00..168522.00 rows=14 width=42) (actual time=45.306..75.808 rows=7981 loops=1)
                                ->  Nested Loop  (cost=157805.00..168494.00 rows=14 width=46) (actual time=45.301..56.260 rows=7981 loops=1)
                                      ->  Nested Loop  (cost=157805.00..168386.00 rows=1 width=34) (actual time=45.295..50.100 rows=31 loops=1)
                                            ->  Nested Loop  (cost=157805.00..168324.00 rows=30 width=38) (actual time=45.231..49.961 rows=115 loops=1)
                                                  ->  Merge Join  (cost=157805.00..158237.00 rows=1441 width=25) (actual time=45.212..45.607 rows=1441 loops=1)
                                                        Merge Cond: (t.kind_id = kt.id)
                                                        ->  Sort  (cost=157798.00..157798.00 rows=3024 width=29) (actual time=45.203..45.331 rows=1442 loops=1)
                                                              Sort Key: t.kind_id
                                                              Sort Method: quicksort  Memory: 344kB
                                                              ->  Nested Loop  (cost=0.00..157798.00 rows=3024 width=29) (actual time=0.084..44.616 rows=3024 loops=1)
                                                                    ->  Nested Loop  (cost=0.00..137830.00 rows=9984 width=4) (actual time=0.074..21.878 rows=9984 loops=1)
                                                                          ->  Seq Scan on keyword k  (cost=0.00..134170.00 rows=4 width=4) (actual time=0.062..15.168 rows=4 loops=1)
                                                                                Filter: (keyword = ANY ('{superhero,marvel-comics,based-on-comic,fight}'::text[]))
                                                                                Rows Removed by Filter: 134166
                                                                          ->  Index Scan using keyword_id_movie_keyword on movie_keyword mk  (cost=0.00..610.00 rows=305 width=8) (actual time=0.007..1.381 rows=2496 loops=4)
                                                                                Index Cond: (keyword_id = k.id)
                                                                    ->  Index Scan using title_pkey on title t  (cost=0.00..2.00 rows=1 width=25) (actual time=0.002..0.002 rows=0 loops=9984)
                                                                          Index Cond: (id = mk.movie_id)
                                                                          Filter: (production_year > 2005)
                                                                          Rows Removed by Filter: 1
                                                        ->  Sort  (cost=7.00..7.00 rows=1 width=4) (actual time=0.008..0.008 rows=1 loops=1)
                                                              Sort Key: kt.id
                                                              Sort Method: quicksort  Memory: 25kB
                                                              ->  Seq Scan on kind_type kt  (cost=0.00..7.00 rows=1 width=4) (actual time=0.003..0.004 rows=1 loops=1)
                                                                    Filter: ((kind)::text = 'movie'::text)
                                                                    Rows Removed by Filter: 6
                                                  ->  Index Scan using movie_id_movie_info_idx on movie_info_idx mi_idx  (cost=0.00..6.00 rows=1 width=13) (actual time=0.003..0.003 rows=0 loops=1441)
                                                        Index Cond: (movie_id = t.id)
                                                        Filter: (info > '8.0'::text)
                                                        Rows Removed by Filter: 2
                                            ->  Index Scan using info_type_pkey on info_type it2  (cost=0.00..2.00 rows=1 width=4) (actual time=0.001..0.001 rows=0 loops=115)
                                                  Index Cond: (id = mi_idx.info_type_id)
                                                  Filter: ((info)::text = 'rating'::text)
                                                  Rows Removed by Filter: 1
                                      ->  Index Scan using movie_id_cast_info on cast_info ci  (cost=0.00..72.00 rows=36 width=12) (actual time=0.005..0.153 rows=257 loops=31)
                                            Index Cond: (movie_id = t.id)
                                ->  Index Only Scan using name_pkey on name n  (cost=0.00..2.00 rows=1 width=4) (actual time=0.002..0.002 rows=1 loops=7981)
                                      Index Cond: (id = ci.person_id)
                                      Heap Fetches: 7981
                          ->  Index Scan using movie_id_complete_cast on complete_cast cc  (cost=0.00..4.00 rows=2 width=12) (actual time=0.001..0.001 rows=1 loops=7981)
                                Index Cond: (movie_id = t.id)
                    ->  Index Scan using comp_cast_type_pkey on comp_cast_type cct1  (cost=0.00..2.00 rows=1 width=4) (actual time=0.001..0.001 rows=1 loops=4052)
                          Index Cond: (id = cc.subject_id)
                          Filter: ((kind)::text = 'cast'::text)
                          Rows Removed by Filter: 0
              ->  Index Scan using comp_cast_type_pkey on comp_cast_type cct2  (cost=0.00..2.00 rows=1 width=4) (actual time=0.001..0.001 rows=1 loops=2300)
                    Index Cond: (id = cc.status_id)
                    Filter: ((kind)::text ~~ '%complete%'::text)
        ->  Index Scan using char_name_pkey on char_name chn  (cost=0.00..2.00 rows=1 width=20) (actual time=0.001..0.001 rows=0 loops=2300)
              Index Cond: (id = ci.person_role_id)
              Filter: ((name IS NOT NULL) AND ((name ~~ '%man%'::text) OR (name ~~ '%Man%'::text)))
              Rows Removed by Filter: 0
Planning time: 42.224 ms
Execution time: 95.889 ms
