Aggregate  (cost=169351.00..169352.00 rows=1 width=96) (actual time=49.772..49.772 rows=1 loops=1)
  ->  Nested Loop  (cost=157816.00..169351.00 rows=1 width=38) (actual time=42.074..49.733 rows=93 loops=1)
        ->  Nested Loop  (cost=157816.00..169349.00 rows=1 width=42) (actual time=42.069..49.482 rows=93 loops=1)
              ->  Nested Loop  (cost=157816.00..169321.00 rows=14 width=30) (actual time=41.995..47.021 rows=2300 loops=1)
                    ->  Nested Loop  (cost=157816.00..169213.00 rows=1 width=38) (actual time=41.990..45.447 rows=6 loops=1)
                          ->  Nested Loop  (cost=157816.00..169199.00 rows=6 width=42) (actual time=41.937..45.408 rows=31 loops=1)
                                ->  Hash Join  (cost=157816.00..167316.00 rows=269 width=29) (actual time=41.923..44.553 rows=269 loops=1)
                                      Hash Cond: (cc.status_id = cct2.id)
                                      ->  Hash Join  (cost=157810.00..167108.00 rows=269 width=33) (actual time=41.913..44.483 rows=269 loops=1)
                                            Hash Cond: (cc.subject_id = cct1.id)
                                            ->  Nested Loop  (cost=157805.00..166883.00 rows=294 width=37) (actual time=41.909..44.414 rows=294 loops=1)
                                                  ->  Merge Join  (cost=157805.00..158237.00 rows=1441 width=25) (actual time=41.900..42.221 rows=1441 loops=1)
                                                        Merge Cond: (kt.id = t.kind_id)
                                                        ->  Sort  (cost=7.00..7.00 rows=1 width=4) (actual time=0.005..0.005 rows=1 loops=1)
                                                              Sort Key: kt.id
                                                              Sort Method: quicksort  Memory: 25kB
                                                              ->  Seq Scan on kind_type kt  (cost=0.00..7.00 rows=1 width=4) (actual time=0.002..0.002 rows=1 loops=1)
                                                                    Filter: ((kind)::text = 'movie'::text)
                                                                    Rows Removed by Filter: 6
                                                        ->  Sort  (cost=157798.00..157798.00 rows=3024 width=29) (actual time=41.894..41.985 rows=1442 loops=1)
                                                              Sort Key: t.kind_id
                                                              Sort Method: quicksort  Memory: 344kB
                                                              ->  Nested Loop  (cost=0.00..157798.00 rows=3024 width=29) (actual time=0.076..41.342 rows=3024 loops=1)
                                                                    ->  Nested Loop  (cost=0.00..137830.00 rows=9984 width=4) (actual time=0.068..20.790 rows=9984 loops=1)
                                                                          ->  Seq Scan on keyword k  (cost=0.00..134170.00 rows=4 width=4) (actual time=0.057..14.923 rows=4 loops=1)
                                                                                Filter: (keyword = ANY ('{superhero,marvel-comics,based-on-comic,fight}'::text[]))
                                                                                Rows Removed by Filter: 134166
                                                                          ->  Index Scan using keyword_id_movie_keyword on movie_keyword mk  (cost=0.00..610.00 rows=305 width=8) (actual time=0.006..1.186 rows=2496 loops=4)
                                                                                Index Cond: (keyword_id = k.id)
                                                                    ->  Index Scan using title_pkey on title t  (cost=0.00..2.00 rows=1 width=25) (actual time=0.002..0.002 rows=0 loops=9984)
                                                                          Index Cond: (id = mk.movie_id)
                                                                          Filter: (production_year > 2005)
                                                                          Rows Removed by Filter: 1
                                                  ->  Index Scan using movie_id_complete_cast on complete_cast cc  (cost=0.00..4.00 rows=2 width=12) (actual time=0.001..0.001 rows=0 loops=1441)
                                                        Index Cond: (movie_id = t.id)
                                            ->  Hash  (cost=4.00..4.00 rows=1 width=4) (actual time=0.002..0.002 rows=1 loops=1)
                                                  Buckets: 1024  Batches: 1  Memory Usage: 9kB
                                                  ->  Seq Scan on comp_cast_type cct1  (cost=0.00..4.00 rows=1 width=4) (actual time=0.001..0.002 rows=1 loops=1)
                                                        Filter: ((kind)::text = 'cast'::text)
                                                        Rows Removed by Filter: 3
                                      ->  Hash  (cost=4.00..4.00 rows=2 width=4) (actual time=0.007..0.007 rows=2 loops=1)
                                            Buckets: 1024  Batches: 1  Memory Usage: 9kB
                                            ->  Seq Scan on comp_cast_type cct2  (cost=0.00..4.00 rows=2 width=4) (actual time=0.005..0.005 rows=2 loops=1)
                                                  Filter: ((kind)::text ~~ '%complete%'::text)
                                                  Rows Removed by Filter: 2
                                ->  Index Scan using movie_id_movie_info_idx on movie_info_idx mi_idx  (cost=0.00..6.00 rows=1 width=13) (actual time=0.003..0.003 rows=0 loops=269)
                                      Index Cond: (movie_id = t.id)
                                      Filter: (info > '8.0'::text)
                                      Rows Removed by Filter: 3
                          ->  Index Scan using info_type_pkey on info_type it2  (cost=0.00..2.00 rows=1 width=4) (actual time=0.001..0.001 rows=0 loops=31)
                                Index Cond: (id = mi_idx.info_type_id)
                                Filter: ((info)::text = 'rating'::text)
                                Rows Removed by Filter: 1
                    ->  Index Scan using movie_id_cast_info on cast_info ci  (cost=0.00..72.00 rows=36 width=12) (actual time=0.005..0.212 rows=383 loops=6)
                          Index Cond: (movie_id = t.id)
              ->  Index Scan using char_name_pkey on char_name chn  (cost=0.00..2.00 rows=1 width=20) (actual time=0.001..0.001 rows=0 loops=2300)
                    Index Cond: (id = ci.person_role_id)
                    Filter: ((name IS NOT NULL) AND ((name ~~ '%man%'::text) OR (name ~~ '%Man%'::text)))
                    Rows Removed by Filter: 0
        ->  Index Only Scan using name_pkey on name n  (cost=0.00..2.00 rows=1 width=4) (actual time=0.002..0.002 rows=1 loops=93)
              Index Cond: (id = ci.person_id)
              Heap Fetches: 93
Planning time: 42.024 ms
Execution time: 49.839 ms
