Aggregate  (cost=138426.00..138427.00 rows=1 width=96) (actual time=73.649..73.649 rows=1 loops=1)
  ->  Nested Loop  (cost=0.00..138426.00 rows=1 width=38) (actual time=8.054..73.607 rows=93 loops=1)
        ->  Nested Loop  (cost=0.00..138422.00 rows=1 width=42) (actual time=8.052..73.436 rows=180 loops=1)
              ->  Nested Loop  (cost=0.00..138418.00 rows=1 width=46) (actual time=8.049..73.255 rows=180 loops=1)
                    ->  Nested Loop  (cost=0.00..138412.00 rows=1 width=54) (actual time=7.217..72.872 rows=191 loops=1)
                          ->  Nested Loop  (cost=0.00..138410.00 rows=1 width=58) (actual time=7.208..72.236 rows=191 loops=1)
                                ->  Nested Loop  (cost=0.00..138382.00 rows=14 width=46) (actual time=7.186..63.790 rows=7981 loops=1)
                                      ->  Nested Loop  (cost=0.00..138274.00 rows=1 width=34) (actual time=7.174..57.159 rows=31 loops=1)
                                            ->  Nested Loop  (cost=0.00..138270.00 rows=1 width=38) (actual time=1.587..57.002 rows=115 loops=1)
                                                  ->  Nested Loop  (cost=0.00..138214.00 rows=8 width=25) (actual time=1.556..52.117 rows=1441 loops=1)
                                                        ->  Nested Loop  (cost=0.00..138100.00 rows=53 width=29) (actual time=0.090..49.197 rows=3024 loops=1)
                                                              ->  Nested Loop  (cost=0.00..137830.00 rows=135 width=4) (actual time=0.078..23.353 rows=9984 loops=1)
                                                                    ->  Seq Scan on keyword k  (cost=0.00..134170.00 rows=4 width=4) (actual time=0.063..15.377 rows=4 loops=1)
                                                                          Filter: (keyword = ANY ('{superhero,marvel-comics,based-on-comic,fight}'::text[]))
                                                                          Rows Removed by Filter: 134166
                                                                    ->  Index Scan using keyword_id_movie_keyword on movie_keyword mk  (cost=0.00..610.00 rows=305 width=8) (actual time=0.008..1.691 rows=2496 loops=4)
                                                                          Index Cond: (keyword_id = k.id)
                                                              ->  Index Scan using title_pkey on title t  (cost=0.00..2.00 rows=1 width=25) (actual time=0.002..0.002 rows=0 loops=9984)
                                                                    Index Cond: (id = mk.movie_id)
                                                                    Filter: (production_year > 2005)
                                                                    Rows Removed by Filter: 1
                                                        ->  Index Scan using kind_type_pkey on kind_type kt  (cost=0.00..2.00 rows=1 width=4) (actual time=0.001..0.001 rows=0 loops=3024)
                                                              Index Cond: (id = t.kind_id)
                                                              Filter: ((kind)::text = 'movie'::text)
                                                              Rows Removed by Filter: 1
                                                  ->  Index Scan using movie_id_movie_info_idx on movie_info_idx mi_idx  (cost=0.00..6.00 rows=1 width=13) (actual time=0.003..0.003 rows=0 loops=1441)
                                                        Index Cond: (movie_id = t.id)
                                                        Filter: (info > '8.0'::text)
                                                        Rows Removed by Filter: 2
                                            ->  Index Scan using info_type_pkey on info_type it2  (cost=0.00..2.00 rows=1 width=4) (actual time=0.001..0.001 rows=0 loops=115)
                                                  Index Cond: (id = mi_idx.info_type_id)
                                                  Filter: ((info)::text = 'rating'::text)
                                                  Rows Removed by Filter: 1
                                      ->  Index Scan using movie_id_cast_info on cast_info ci  (cost=0.00..72.00 rows=36 width=12) (actual time=0.006..0.175 rows=257 loops=31)
                                            Index Cond: (movie_id = t.id)
                                ->  Index Scan using char_name_pkey on char_name chn  (cost=0.00..2.00 rows=1 width=20) (actual time=0.001..0.001 rows=0 loops=7981)
                                      Index Cond: (id = ci.person_role_id)
                                      Filter: ((name IS NOT NULL) AND ((name ~~ '%man%'::text) OR (name ~~ '%Man%'::text)))
                                      Rows Removed by Filter: 0
                          ->  Index Only Scan using name_pkey on name n  (cost=0.00..2.00 rows=1 width=4) (actual time=0.003..0.003 rows=1 loops=191)
                                Index Cond: (id = ci.person_id)
                                Heap Fetches: 191
                    ->  Index Scan using movie_id_complete_cast on complete_cast cc  (cost=0.00..4.00 rows=2 width=12) (actual time=0.001..0.002 rows=1 loops=191)
                          Index Cond: (movie_id = t.id)
              ->  Index Scan using comp_cast_type_pkey on comp_cast_type cct2  (cost=0.00..2.00 rows=1 width=4) (actual time=0.001..0.001 rows=1 loops=180)
                    Index Cond: (id = cc.status_id)
                    Filter: ((kind)::text ~~ '%complete%'::text)
        ->  Index Scan using comp_cast_type_pkey on comp_cast_type cct1  (cost=0.00..2.00 rows=1 width=4) (actual time=0.001..0.001 rows=1 loops=180)
              Index Cond: (id = cc.subject_id)
              Filter: ((kind)::text = 'cast'::text)
              Rows Removed by Filter: 0
Planning time: 42.473 ms
Execution time: 73.717 ms
