Aggregate  (cost=209210.00..209211.00 rows=1 width=96) (actual time=48.876..48.876 rows=1 loops=1)
  ->  Nested Loop  (cost=5.00..209210.00 rows=1 width=38) (actual time=4.273..48.837 rows=93 loops=1)
        ->  Nested Loop  (cost=5.00..209208.00 rows=1 width=42) (actual time=4.268..48.570 rows=93 loops=1)
              ->  Nested Loop  (cost=5.00..209122.00 rows=43 width=30) (actual time=4.250..46.060 rows=2300 loops=1)
                    ->  Nested Loop  (cost=5.00..208798.00 rows=3 width=38) (actual time=4.245..44.417 rows=6 loops=1)
                          ->  Nested Loop  (cost=5.00..208786.00 rows=6 width=42) (actual time=4.242..44.404 rows=6 loops=1)
                                ->  Nested Loop  (cost=5.00..208722.00 rows=31 width=46) (actual time=0.902..44.357 rows=31 loops=1)
                                      ->  Nested Loop  (cost=5.00..206839.00 rows=269 width=33) (actual time=0.897..43.466 rows=269 loops=1)
                                            ->  Nested Loop  (cost=5.00..206053.00 rows=367 width=37) (actual time=0.894..43.077 rows=367 loops=1)
                                                  ->  Hash Join  (cost=5.00..200719.00 rows=2667 width=12) (actual time=0.136..36.803 rows=2667 loops=1)
                                                        Hash Cond: (cc.subject_id = cct1.id)
                                                        ->  Nested Loop  (cost=0.00..197734.00 rows=3974 width=16) (actual time=0.129..36.129 rows=3974 loops=1)
                                                              ->  Nested Loop  (cost=0.00..137830.00 rows=9984 width=4) (actual time=0.071..20.974 rows=9984 loops=1)
                                                                    ->  Seq Scan on keyword k  (cost=0.00..134170.00 rows=4 width=4) (actual time=0.060..14.866 rows=4 loops=1)
                                                                          Filter: (keyword = ANY ('{superhero,marvel-comics,based-on-comic,fight}'::text[]))
                                                                          Rows Removed by Filter: 134166
                                                                    ->  Index Scan using keyword_id_movie_keyword on movie_keyword mk  (cost=0.00..610.00 rows=305 width=8) (actual time=0.006..1.230 rows=2496 loops=4)
                                                                          Index Cond: (keyword_id = k.id)
                                                              ->  Index Scan using movie_id_complete_cast on complete_cast cc  (cost=0.00..4.00 rows=2 width=12) (actual time=0.001..0.001 rows=0 loops=9984)
                                                                    Index Cond: (movie_id = mk.movie_id)
                                                        ->  Hash  (cost=4.00..4.00 rows=1 width=4) (actual time=0.004..0.004 rows=1 loops=1)
                                                              Buckets: 1024  Batches: 1  Memory Usage: 9kB
                                                              ->  Seq Scan on comp_cast_type cct1  (cost=0.00..4.00 rows=1 width=4) (actual time=0.002..0.003 rows=1 loops=1)
                                                                    Filter: ((kind)::text = 'cast'::text)
                                                                    Rows Removed by Filter: 3
                                                  ->  Index Scan using title_pkey on title t  (cost=0.00..2.00 rows=1 width=25) (actual time=0.002..0.002 rows=0 loops=2667)
                                                        Index Cond: (id = mk.movie_id)
                                                        Filter: (production_year > 2005)
                                                        Rows Removed by Filter: 1
                                            ->  Index Scan using kind_type_pkey on kind_type kt  (cost=0.00..2.00 rows=1 width=4) (actual time=0.001..0.001 rows=1 loops=367)
                                                  Index Cond: (id = t.kind_id)
                                                  Filter: ((kind)::text = 'movie'::text)
                                                  Rows Removed by Filter: 0
                                      ->  Index Scan using movie_id_movie_info_idx on movie_info_idx mi_idx  (cost=0.00..6.00 rows=1 width=13) (actual time=0.003..0.003 rows=0 loops=269)
                                            Index Cond: (movie_id = t.id)
                                            Filter: (info > '8.0'::text)
                                            Rows Removed by Filter: 3
                                ->  Index Scan using info_type_pkey on info_type it2  (cost=0.00..2.00 rows=1 width=4) (actual time=0.001..0.001 rows=0 loops=31)
                                      Index Cond: (id = mi_idx.info_type_id)
                                      Filter: ((info)::text = 'rating'::text)
                                      Rows Removed by Filter: 1
                          ->  Index Scan using comp_cast_type_pkey on comp_cast_type cct2  (cost=0.00..2.00 rows=1 width=4) (actual time=0.002..0.002 rows=1 loops=6)
                                Index Cond: (id = cc.status_id)
                                Filter: ((kind)::text ~~ '%complete%'::text)
                    ->  Index Scan using movie_id_cast_info on cast_info ci  (cost=0.00..72.00 rows=36 width=12) (actual time=0.005..0.223 rows=383 loops=6)
                          Index Cond: (movie_id = t.id)
              ->  Index Scan using char_name_pkey on char_name chn  (cost=0.00..2.00 rows=1 width=20) (actual time=0.001..0.001 rows=0 loops=2300)
                    Index Cond: (id = ci.person_role_id)
                    Filter: ((name IS NOT NULL) AND ((name ~~ '%man%'::text) OR (name ~~ '%Man%'::text)))
                    Rows Removed by Filter: 0
        ->  Index Only Scan using name_pkey on name n  (cost=0.00..2.00 rows=1 width=4) (actual time=0.002..0.002 rows=1 loops=93)
              Index Cond: (id = ci.person_id)
              Heap Fetches: 93
Planning time: 42.082 ms
Execution time: 48.942 ms
