Aggregate  (cost=185111.00..185112.00 rows=1 width=96) (actual time=54.994..54.994 rows=1 loops=1)
  ->  Nested Loop  (cost=0.00..185111.00 rows=64 width=38) (actual time=5.846..54.955 rows=93 loops=1)
        ->  Nested Loop  (cost=0.00..184983.00 rows=64 width=42) (actual time=5.841..54.685 rows=93 loops=1)
              ->  Nested Loop  (cost=0.00..180383.00 rows=2300 width=30) (actual time=5.824..52.159 rows=2300 loops=1)
                    ->  Nested Loop  (cost=0.00..179735.00 rows=6 width=38) (actual time=5.819..50.487 rows=6 loops=1)
                          ->  Nested Loop  (cost=0.00..179723.00 rows=6 width=42) (actual time=5.816..50.476 rows=6 loops=1)
                                ->  Nested Loop  (cost=0.00..179661.00 rows=29 width=46) (actual time=5.813..50.437 rows=29 loops=1)
                                      ->  Nested Loop  (cost=0.00..179546.00 rows=57 width=50) (actual time=1.353..50.356 rows=57 loops=1)
                                            ->  Nested Loop  (cost=0.00..176977.00 rows=367 width=37) (actual time=1.348..49.101 rows=367 loops=1)
                                                  ->  Nested Loop  (cost=0.00..175942.00 rows=460 width=41) (actual time=1.345..48.641 rows=460 loops=1)
                                                        ->  Nested Loop  (cost=0.00..157798.00 rows=3024 width=29) (actual time=0.081..43.741 rows=3024 loops=1)
                                                              ->  Nested Loop  (cost=0.00..137830.00 rows=9984 width=4) (actual time=0.072..21.649 rows=9984 loops=1)
                                                                    ->  Seq Scan on keyword k  (cost=0.00..134170.00 rows=4 width=4) (actual time=0.060..15.573 rows=4 loops=1)
                                                                          Filter: (keyword = ANY ('{superhero,marvel-comics,based-on-comic,fight}'::text[]))
                                                                          Rows Removed by Filter: 134166
                                                                    ->  Index Scan using keyword_id_movie_keyword on movie_keyword mk  (cost=0.00..610.00 rows=305 width=8) (actual time=0.006..1.232 rows=2496 loops=4)
                                                                          Index Cond: (keyword_id = k.id)
                                                              ->  Index Scan using title_pkey on title t  (cost=0.00..2.00 rows=1 width=25) (actual time=0.002..0.002 rows=0 loops=9984)
                                                                    Index Cond: (id = mk.movie_id)
                                                                    Filter: (production_year > 2005)
                                                                    Rows Removed by Filter: 1
                                                        ->  Index Scan using movie_id_complete_cast on complete_cast cc  (cost=0.00..4.00 rows=2 width=12) (actual time=0.001..0.001 rows=0 loops=3024)
                                                              Index Cond: (movie_id = t.id)
                                                  ->  Index Scan using comp_cast_type_pkey on comp_cast_type cct1  (cost=0.00..2.00 rows=1 width=4) (actual time=0.001..0.001 rows=1 loops=460)
                                                        Index Cond: (id = cc.subject_id)
                                                        Filter: ((kind)::text = 'cast'::text)
                                                        Rows Removed by Filter: 0
                                            ->  Index Scan using movie_id_movie_info_idx on movie_info_idx mi_idx  (cost=0.00..6.00 rows=1 width=13) (actual time=0.003..0.003 rows=0 loops=367)
                                                  Index Cond: (movie_id = t.id)
                                                  Filter: (info > '8.0'::text)
                                                  Rows Removed by Filter: 3
                                      ->  Index Scan using info_type_pkey on info_type it2  (cost=0.00..2.00 rows=1 width=4) (actual time=0.001..0.001 rows=1 loops=57)
                                            Index Cond: (id = mi_idx.info_type_id)
                                            Filter: ((info)::text = 'rating'::text)
                                            Rows Removed by Filter: 0
                                ->  Index Scan using kind_type_pkey on kind_type kt  (cost=0.00..2.00 rows=1 width=4) (actual time=0.001..0.001 rows=0 loops=29)
                                      Index Cond: (id = t.kind_id)
                                      Filter: ((kind)::text = 'movie'::text)
                                      Rows Removed by Filter: 1
                          ->  Index Scan using comp_cast_type_pkey on comp_cast_type cct2  (cost=0.00..2.00 rows=1 width=4) (actual time=0.001..0.001 rows=1 loops=6)
                                Index Cond: (id = cc.status_id)
                                Filter: ((kind)::text ~~ '%complete%'::text)
                    ->  Index Scan using movie_id_cast_info on cast_info ci  (cost=0.00..72.00 rows=36 width=12) (actual time=0.005..0.228 rows=383 loops=6)
                          Index Cond: (movie_id = t.id)
              ->  Index Scan using char_name_pkey on char_name chn  (cost=0.00..2.00 rows=1 width=20) (actual time=0.001..0.001 rows=0 loops=2300)
                    Index Cond: (id = ci.person_role_id)
                    Filter: ((name IS NOT NULL) AND ((name ~~ '%man%'::text) OR (name ~~ '%Man%'::text)))
                    Rows Removed by Filter: 0
        ->  Index Only Scan using name_pkey on name n  (cost=0.00..2.00 rows=1 width=4) (actual time=0.002..0.002 rows=1 loops=93)
              Index Cond: (id = ci.person_id)
              Heap Fetches: 93
Planning time: 41.682 ms
Execution time: 55.060 ms
