Aggregate  (cost=138420.33..138421.33 rows=1 width=96) (actual time=156.427..156.427 rows=1 loops=1)
  ->  Nested Loop  (cost=0.00..138420.33 rows=1 width=38) (actual time=13.454..156.386 rows=93 loops=1)
        ->  Nested Loop  (cost=0.00..138417.00 rows=1 width=42) (actual time=13.452..156.288 rows=93 loops=1)
              ->  Nested Loop  (cost=0.00..138413.00 rows=1 width=46) (actual time=13.448..156.021 rows=226 loops=1)
                    ->  Nested Loop  (cost=0.00..138406.00 rows=1 width=53) (actual time=1.749..152.523 rows=1262 loops=1)
                          ->  Nested Loop  (cost=0.00..138404.00 rows=1 width=57) (actual time=1.743..147.936 rows=1262 loops=1)
                                ->  Nested Loop  (cost=0.00..138376.00 rows=14 width=45) (actual time=1.420..93.350 rows=44986 loops=1)
                                      ->  Nested Loop  (cost=0.00..138268.00 rows=1 width=33) (actual time=1.413..53.808 rows=269 loops=1)
                                            ->  Nested Loop  (cost=0.00..138264.00 rows=1 width=37) (actual time=1.411..53.454 rows=294 loops=1)
                                                  ->  Nested Loop  (cost=0.00..138216.00 rows=8 width=25) (actual time=1.385..50.684 rows=1441 loops=1)
                                                        ->  Nested Loop  (cost=0.00..138100.00 rows=54 width=29) (actual time=0.082..47.684 rows=3024 loops=1)
                                                              ->  Nested Loop  (cost=0.00..137830.00 rows=135 width=4) (actual time=0.073..23.170 rows=9984 loops=1)
                                                                    ->  Seq Scan on keyword k  (cost=0.00..134170.00 rows=4 width=4) (actual time=0.061..15.801 rows=4 loops=1)
                                                                          Filter: (keyword = ANY ('{superhero,marvel-comics,based-on-comic,fight}'::text[]))
                                                                          Rows Removed by Filter: 134166
                                                                    ->  Index Scan using keyword_id_movie_keyword on movie_keyword mk  (cost=0.00..610.00 rows=305 width=8) (actual time=0.006..1.547 rows=2496 loops=4)
                                                                          Index Cond: (keyword_id = k.id)
                                                              ->  Index Scan using title_pkey on title t  (cost=0.00..2.00 rows=1 width=25) (actual time=0.002..0.002 rows=0 loops=9984)
                                                                    Index Cond: (id = mk.movie_id)
                                                                    Filter: (production_year > 2005)
                                                                    Rows Removed by Filter: 1
                                                        ->  Index Scan using kind_type_pkey on kind_type kt  (cost=0.00..2.00 rows=1 width=4) (actual time=0.001..0.001 rows=0 loops=3024)
                                                              Index Cond: (id = t.kind_id)
                                                              Filter: ((kind)::text = 'movie'::text)
                                                              Rows Removed by Filter: 1
                                                  ->  Index Scan using movie_id_complete_cast on complete_cast cc  (cost=0.00..4.00 rows=2 width=12) (actual time=0.002..0.002 rows=0 loops=1441)
                                                        Index Cond: (movie_id = t.id)
                                            ->  Index Scan using comp_cast_type_pkey on comp_cast_type cct1  (cost=0.00..2.00 rows=1 width=4) (actual time=0.001..0.001 rows=1 loops=294)
                                                  Index Cond: (id = cc.subject_id)
                                                  Filter: ((kind)::text = 'cast'::text)
                                                  Rows Removed by Filter: 0
                                      ->  Index Scan using movie_id_cast_info on cast_info ci  (cost=0.00..72.00 rows=36 width=12) (actual time=0.006..0.121 rows=167 loops=269)
                                            Index Cond: (movie_id = t.id)
                                ->  Index Scan using char_name_pkey on char_name chn  (cost=0.00..2.00 rows=1 width=20) (actual time=0.001..0.001 rows=0 loops=44986)
                                      Index Cond: (id = ci.person_role_id)
                                      Filter: ((name IS NOT NULL) AND ((name ~~ '%man%'::text) OR (name ~~ '%Man%'::text)))
                                      Rows Removed by Filter: 0
                          ->  Index Only Scan using name_pkey on name n  (cost=0.00..2.00 rows=1 width=4) (actual time=0.003..0.003 rows=1 loops=1262)
                                Index Cond: (id = ci.person_id)
                                Heap Fetches: 1262
                    ->  Index Scan using movie_id_movie_info_idx on movie_info_idx mi_idx  (cost=0.00..6.00 rows=1 width=13) (actual time=0.002..0.003 rows=0 loops=1262)
                          Index Cond: (movie_id = t.id)
                          Filter: (info > '8.0'::text)
                          Rows Removed by Filter: 3
              ->  Index Scan using info_type_pkey on info_type it2  (cost=0.00..2.00 rows=1 width=4) (actual time=0.001..0.001 rows=0 loops=226)
                    Index Cond: (id = mi_idx.info_type_id)
                    Filter: ((info)::text = 'rating'::text)
                    Rows Removed by Filter: 1
        ->  Index Scan using comp_cast_type_pkey on comp_cast_type cct2  (cost=0.00..2.00 rows=1 width=4) (actual time=0.001..0.001 rows=1 loops=93)
              Index Cond: (id = cc.status_id)
              Filter: ((kind)::text ~~ '%complete%'::text)
Planning time: 42.445 ms
Execution time: 156.503 ms
