Aggregate  (cost=275588.00..275589.00 rows=1 width=96) (actual time=642.211..642.212 rows=1 loops=1)
  ->  Nested Loop  (cost=0.00..275588.00 rows=1 width=38) (actual time=2.314..640.151 rows=5400 loops=1)
        ->  Nested Loop  (cost=0.00..275584.00 rows=1 width=42) (actual time=2.312..633.379 rows=6359 loops=1)
              ->  Nested Loop  (cost=0.00..275582.00 rows=1 width=46) (actual time=2.307..610.023 rows=6359 loops=1)
                    ->  Nested Loop  (cost=0.00..275554.00 rows=14 width=34) (actual time=1.959..344.607 rows=220668 loops=1)
                          ->  Nested Loop  (cost=0.00..275446.00 rows=1 width=42) (actual time=1.949..153.324 rows=1473 loops=1)
                                ->  Nested Loop  (cost=0.00..275440.00 rows=2 width=46) (actual time=1.062..150.995 rows=1862 loops=1)
                                      ->  Nested Loop  (cost=0.00..275054.00 rows=192 width=50) (actual time=1.057..144.449 rows=5653 loops=1)
                                            ->  Nested Loop  (cost=0.00..271886.00 rows=352 width=37) (actual time=1.052..135.824 rows=2052 loops=1)
                                                  ->  Nested Loop  (cost=0.00..270480.00 rows=703 width=41) (actual time=1.049..133.472 rows=2052 loops=1)
                                                        ->  Nested Loop  (cost=0.00..191502.00 rows=13163 width=29) (actual time=0.121..114.936 rows=10613 loops=1)
                                                              ->  Nested Loop  (cost=0.00..143320.00 rows=24091 width=4) (actual time=0.116..47.777 rows=24091 loops=1)
                                                                    ->  Seq Scan on keyword k  (cost=0.00..134170.00 rows=10 width=4) (actual time=0.103..26.993 rows=10 loops=1)
                                                                          Filter: (keyword = ANY ('{superhero,marvel-comics,based-on-comic,tv-special,fight,violence,magnet,web,claw,laser}'::text[]))
                                                                          Rows Removed by Filter: 134160
                                                                    ->  Index Scan using keyword_id_movie_keyword on movie_keyword mk  (cost=0.00..610.00 rows=305 width=8) (actual time=0.007..1.773 rows=2409 loops=10)
                                                                          Index Cond: (keyword_id = k.id)
                                                              ->  Index Scan using title_pkey on title t  (cost=0.00..2.00 rows=1 width=25) (actual time=0.003..0.003 rows=0 loops=24091)
                                                                    Index Cond: (id = mk.movie_id)
                                                                    Filter: (production_year > 2000)
                                                                    Rows Removed by Filter: 1
                                                        ->  Index Scan using movie_id_complete_cast on complete_cast cc  (cost=0.00..4.00 rows=2 width=12) (actual time=0.001..0.002 rows=0 loops=10613)
                                                              Index Cond: (movie_id = t.id)
                                                  ->  Index Scan using comp_cast_type_pkey on comp_cast_type cct2  (cost=0.00..2.00 rows=1 width=4) (actual time=0.001..0.001 rows=1 loops=2052)
                                                        Index Cond: (id = cc.status_id)
                                                        Filter: ((kind)::text ~~ '%complete%'::text)
                                            ->  Index Scan using movie_id_movie_info_idx on movie_info_idx mi_idx  (cost=0.00..6.00 rows=3 width=13) (actual time=0.003..0.004 rows=3 loops=2052)
                                                  Index Cond: (movie_id = t.id)
                                      ->  Index Scan using info_type_pkey on info_type it2  (cost=0.00..2.00 rows=1 width=4) (actual time=0.001..0.001 rows=0 loops=5653)
                                            Index Cond: (id = mi_idx.info_type_id)
                                            Filter: ((info)::text = 'rating'::text)
                                            Rows Removed by Filter: 1
                                ->  Index Scan using kind_type_pkey on kind_type kt  (cost=0.00..2.00 rows=1 width=4) (actual time=0.001..0.001 rows=1 loops=1862)
                                      Index Cond: (id = t.kind_id)
                                      Filter: ((kind)::text = 'movie'::text)
                                      Rows Removed by Filter: 0
                          ->  Index Scan using movie_id_cast_info on cast_info ci  (cost=0.00..72.00 rows=36 width=12) (actual time=0.006..0.107 rows=150 loops=1473)
                                Index Cond: (movie_id = t.id)
                    ->  Index Scan using char_name_pkey on char_name chn  (cost=0.00..2.00 rows=1 width=20) (actual time=0.001..0.001 rows=0 loops=220668)
                          Index Cond: (id = ci.person_role_id)
                          Filter: ((name IS NOT NULL) AND ((name ~~ '%man%'::text) OR (name ~~ '%Man%'::text)))
                          Rows Removed by Filter: 0
              ->  Index Only Scan using name_pkey on name n  (cost=0.00..2.00 rows=1 width=4) (actual time=0.003..0.003 rows=1 loops=6359)
                    Index Cond: (id = ci.person_id)
                    Heap Fetches: 6359
        ->  Index Scan using comp_cast_type_pkey on comp_cast_type cct1  (cost=0.00..2.00 rows=1 width=4) (actual time=0.001..0.001 rows=1 loops=6359)
              Index Cond: (id = cc.subject_id)
              Filter: ((kind)::text = 'cast'::text)
              Rows Removed by Filter: 0
Planning time: 42.058 ms
Execution time: 642.284 ms
