Aggregate  (cost=241817.33..241818.33 rows=1 width=96) (actual time=1052.678..1052.678 rows=1 loops=1)
  ->  Nested Loop  (cost=238426.00..241817.33 rows=1 width=38) (actual time=129.175..1050.542 rows=5400 loops=1)
        ->  Nested Loop  (cost=238426.00..241813.33 rows=1 width=42) (actual time=129.173..1044.546 rows=6359 loops=1)
              ->  Nested Loop  (cost=238426.00..241810.00 rows=1 width=46) (actual time=129.170..1038.380 rows=6359 loops=1)
                    ->  Nested Loop  (cost=238426.00..241750.00 rows=10 width=54) (actual time=128.424..1018.642 rows=10634 loops=1)
                          ->  Nested Loop  (cost=238426.00..241730.00 rows=10 width=58) (actual time=128.417..978.486 rows=10634 loops=1)
                                ->  Nested Loop  (cost=238426.00..241042.00 rows=344 width=46) (actual time=128.144..483.842 rows=385214 loops=1)
                                      ->  Merge Join  (cost=238426.00..238450.00 rows=24 width=34) (actual time=128.136..129.772 rows=4186 loops=1)
                                            Merge Cond: (it2.id = mi_idx.info_type_id)
                                            ->  Sort  (cost=113.00..113.00 rows=1 width=4) (actual time=0.018..0.018 rows=1 loops=1)
                                                  Sort Key: it2.id
                                                  Sort Method: quicksort  Memory: 25kB
                                                  ->  Seq Scan on info_type it2  (cost=0.00..113.00 rows=1 width=4) (actual time=0.013..0.014 rows=1 loops=1)
                                                        Filter: ((info)::text = 'rating'::text)
                                                        Rows Removed by Filter: 112
                                            ->  Sort  (cost=238313.00..238313.00 rows=2747 width=38) (actual time=127.037..128.051 rows=12559 loops=1)
                                                  Sort Key: mi_idx.info_type_id
                                                  Sort Method: quicksort  Memory: 1480kB
                                                  ->  Nested Loop  (cost=191509.00..238313.00 rows=2747 width=38) (actual time=107.135..124.233 rows=12629 loops=1)
                                                        ->  Merge Join  (cost=191509.00..193025.00 rows=5032 width=25) (actual time=107.126..108.491 rows=5032 loops=1)
                                                              Merge Cond: (t.kind_id = kt.id)
                                                              ->  Sort  (cost=191502.00..191502.00 rows=10613 width=29) (actual time=107.110..107.557 rows=5033 loops=1)
                                                                    Sort Key: t.kind_id
                                                                    Sort Method: quicksort  Memory: 1275kB
                                                                    ->  Nested Loop  (cost=0.00..191502.00 rows=10613 width=29) (actual time=0.122..104.799 rows=10613 loops=1)
                                                                          ->  Nested Loop  (cost=0.00..143320.00 rows=24091 width=4) (actual time=0.116..45.544 rows=24091 loops=1)
                                                                                ->  Seq Scan on keyword k  (cost=0.00..134170.00 rows=10 width=4) (actual time=0.101..26.870 rows=10 loops=1)
                                                                                      Filter: (keyword = ANY ('{superhero,marvel-comics,based-on-comic,tv-special,fight,violence,magnet,web,claw,laser}'::text[]))
                                                                                      Rows Removed by Filter: 134160
                                                                                ->  Index Scan using keyword_id_movie_keyword on movie_keyword mk  (cost=0.00..610.00 rows=305 width=8) (actual time=0.008..1.574 rows=2409 loops=10)
                                                                                      Index Cond: (keyword_id = k.id)
                                                                          ->  Index Scan using title_pkey on title t  (cost=0.00..2.00 rows=1 width=25) (actual time=0.002..0.002 rows=0 loops=24091)
                                                                                Index Cond: (id = mk.movie_id)
                                                                                Filter: (production_year > 2000)
                                                                                Rows Removed by Filter: 1
                                                              ->  Sort  (cost=7.00..7.00 rows=1 width=4) (actual time=0.013..0.013 rows=1 loops=1)
                                                                    Sort Key: kt.id
                                                                    Sort Method: quicksort  Memory: 25kB
                                                                    ->  Seq Scan on kind_type kt  (cost=0.00..7.00 rows=1 width=4) (actual time=0.006..0.006 rows=1 loops=1)
                                                                          Filter: ((kind)::text = 'movie'::text)
                                                                          Rows Removed by Filter: 6
                                                        ->  Index Scan using movie_id_movie_info_idx on movie_info_idx mi_idx  (cost=0.00..6.00 rows=3 width=13) (actual time=0.002..0.003 rows=3 loops=5032)
                                                              Index Cond: (movie_id = t.id)
                                      ->  Index Scan using movie_id_cast_info on cast_info ci  (cost=0.00..72.00 rows=36 width=12) (actual time=0.005..0.070 rows=92 loops=4186)
                                            Index Cond: (movie_id = t.id)
                                ->  Index Scan using char_name_pkey on char_name chn  (cost=0.00..2.00 rows=1 width=20) (actual time=0.001..0.001 rows=0 loops=385214)
                                      Index Cond: (id = ci.person_role_id)
                                      Filter: ((name IS NOT NULL) AND ((name ~~ '%man%'::text) OR (name ~~ '%Man%'::text)))
                                      Rows Removed by Filter: 0
                          ->  Index Only Scan using name_pkey on name n  (cost=0.00..2.00 rows=1 width=4) (actual time=0.003..0.003 rows=1 loops=10634)
                                Index Cond: (id = ci.person_id)
                                Heap Fetches: 10634
                    ->  Index Scan using movie_id_complete_cast on complete_cast cc  (cost=0.00..4.00 rows=2 width=12) (actual time=0.001..0.002 rows=1 loops=10634)
                          Index Cond: (movie_id = t.id)
              ->  Index Scan using comp_cast_type_pkey on comp_cast_type cct2  (cost=0.00..2.00 rows=1 width=4) (actual time=0.001..0.001 rows=1 loops=6359)
                    Index Cond: (id = cc.status_id)
                    Filter: ((kind)::text ~~ '%complete%'::text)
        ->  Index Scan using comp_cast_type_pkey on comp_cast_type cct1  (cost=0.00..2.00 rows=1 width=4) (actual time=0.001..0.001 rows=1 loops=6359)
              Index Cond: (id = cc.subject_id)
              Filter: ((kind)::text = 'cast'::text)
              Rows Removed by Filter: 0
Planning time: 42.245 ms
Execution time: 1052.775 ms
