Aggregate  (cost=251214.00..251215.00 rows=1 width=96) (actual time=584.868..584.868 rows=1 loops=1)
  ->  Nested Loop  (cost=191520.00..251214.00 rows=1 width=38) (actual time=107.321..582.844 rows=5400 loops=1)
        ->  Nested Loop  (cost=191520.00..251132.00 rows=40 width=42) (actual time=107.314..565.712 rows=16596 loops=1)
              ->  Nested Loop  (cost=191520.00..250466.00 rows=74 width=49) (actual time=107.307..549.290 rows=5406 loops=1)
                    ->  Nested Loop  (cost=191520.00..250318.00 rows=74 width=53) (actual time=107.301..528.789 rows=5406 loops=1)
                          ->  Nested Loop  (cost=191520.00..244986.00 rows=2666 width=41) (actual time=107.290..291.151 rows=189844 loops=1)
                                ->  Hash Join  (cost=191520.00..224898.00 rows=186 width=29) (actual time=107.271..119.149 rows=1267 loops=1)
                                      Hash Cond: (cc.subject_id = cct1.id)
                                      ->  Hash Join  (cost=191515.00..224337.00 rows=742 width=33) (actual time=107.255..118.768 rows=1485 loops=1)
                                            Hash Cond: (cc.status_id = cct2.id)
                                            ->  Nested Loop  (cost=191509.00..223217.00 rows=1485 width=37) (actual time=107.248..118.357 rows=1485 loops=1)
                                                  ->  Merge Join  (cost=191509.00..193025.00 rows=5032 width=25) (actual time=107.239..108.872 rows=5032 loops=1)
                                                        Merge Cond: (kt.id = t.kind_id)
                                                        ->  Sort  (cost=7.00..7.00 rows=1 width=4) (actual time=0.006..0.007 rows=1 loops=1)
                                                              Sort Key: kt.id
                                                              Sort Method: quicksort  Memory: 25kB
                                                              ->  Seq Scan on kind_type kt  (cost=0.00..7.00 rows=1 width=4) (actual time=0.002..0.002 rows=1 loops=1)
                                                                    Filter: ((kind)::text = 'movie'::text)
                                                                    Rows Removed by Filter: 6
                                                        ->  Sort  (cost=191502.00..191502.00 rows=10613 width=29) (actual time=107.230..107.818 rows=5033 loops=1)
                                                              Sort Key: t.kind_id
                                                              Sort Method: quicksort  Memory: 1275kB
                                                              ->  Nested Loop  (cost=0.00..191502.00 rows=10613 width=29) (actual time=0.119..104.947 rows=10613 loops=1)
                                                                    ->  Nested Loop  (cost=0.00..143320.00 rows=24091 width=4) (actual time=0.113..45.396 rows=24091 loops=1)
                                                                          ->  Seq Scan on keyword k  (cost=0.00..134170.00 rows=10 width=4) (actual time=0.101..26.691 rows=10 loops=1)
                                                                                Filter: (keyword = ANY ('{superhero,marvel-comics,based-on-comic,tv-special,fight,violence,magnet,web,claw,laser}'::text[]))
                                                                                Rows Removed by Filter: 134160
                                                                          ->  Index Scan using keyword_id_movie_keyword on movie_keyword mk  (cost=0.00..610.00 rows=305 width=8) (actual time=0.007..1.575 rows=2409 loops=10)
                                                                                Index Cond: (keyword_id = k.id)
                                                                    ->  Index Scan using title_pkey on title t  (cost=0.00..2.00 rows=1 width=25) (actual time=0.002..0.002 rows=0 loops=24091)
                                                                          Index Cond: (id = mk.movie_id)
                                                                          Filter: (production_year > 2000)
                                                                          Rows Removed by Filter: 1
                                                  ->  Index Scan using movie_id_complete_cast on complete_cast cc  (cost=0.00..4.00 rows=2 width=12) (actual time=0.002..0.002 rows=0 loops=5032)
                                                        Index Cond: (movie_id = t.id)
                                            ->  Hash  (cost=4.00..4.00 rows=2 width=4) (actual time=0.003..0.003 rows=2 loops=1)
                                                  Buckets: 1024  Batches: 1  Memory Usage: 9kB
                                                  ->  Seq Scan on comp_cast_type cct2  (cost=0.00..4.00 rows=2 width=4) (actual time=0.002..0.002 rows=2 loops=1)
                                                        Filter: ((kind)::text ~~ '%complete%'::text)
                                                        Rows Removed by Filter: 2
                                      ->  Hash  (cost=4.00..4.00 rows=1 width=4) (actual time=0.007..0.007 rows=1 loops=1)
                                            Buckets: 1024  Batches: 1  Memory Usage: 9kB
                                            ->  Seq Scan on comp_cast_type cct1  (cost=0.00..4.00 rows=1 width=4) (actual time=0.005..0.006 rows=1 loops=1)
                                                  Filter: ((kind)::text = 'cast'::text)
                                                  Rows Removed by Filter: 3
                                ->  Index Scan using movie_id_cast_info on cast_info ci  (cost=0.00..72.00 rows=36 width=12) (actual time=0.006..0.112 rows=150 loops=1267)
                                      Index Cond: (movie_id = t.id)
                          ->  Index Scan using char_name_pkey on char_name chn  (cost=0.00..2.00 rows=1 width=20) (actual time=0.001..0.001 rows=0 loops=189844)
                                Index Cond: (id = ci.person_role_id)
                                Filter: ((name IS NOT NULL) AND ((name ~~ '%man%'::text) OR (name ~~ '%Man%'::text)))
                                Rows Removed by Filter: 0
                    ->  Index Only Scan using name_pkey on name n  (cost=0.00..2.00 rows=1 width=4) (actual time=0.003..0.003 rows=1 loops=5406)
                          Index Cond: (id = ci.person_id)
                          Heap Fetches: 5406
              ->  Index Scan using movie_id_movie_info_idx on movie_info_idx mi_idx  (cost=0.00..6.00 rows=3 width=13) (actual time=0.002..0.002 rows=3 loops=5406)
                    Index Cond: (movie_id = t.id)
        ->  Index Scan using info_type_pkey on info_type it2  (cost=0.00..2.00 rows=1 width=4) (actual time=0.001..0.001 rows=0 loops=16596)
              Index Cond: (id = mi_idx.info_type_id)
              Filter: ((info)::text = 'rating'::text)
              Rows Removed by Filter: 1
Planning time: 41.835 ms
Execution time: 584.952 ms
