Aggregate  (cost=146006.33..146007.33 rows=1 width=96) (actual time=1580.966..1580.966 rows=1 loops=1)
  ->  Nested Loop  (cost=0.00..146006.33 rows=1 width=38) (actual time=11.107..1578.698 rows=5400 loops=1)
        ->  Nested Loop  (cost=0.00..146003.00 rows=1 width=42) (actual time=11.105..1573.308 rows=5400 loops=1)
              ->  Nested Loop  (cost=0.00..145999.00 rows=1 width=46) (actual time=11.102..1566.415 rows=6359 loops=1)
                    ->  Nested Loop  (cost=0.00..145995.00 rows=1 width=50) (actual time=6.049..1558.665 rows=6777 loops=1)
                          ->  Nested Loop  (cost=0.00..145989.00 rows=1 width=58) (actual time=0.535..1532.362 rows=13731 loops=1)
                                ->  Nested Loop  (cost=0.00..145987.00 rows=1 width=62) (actual time=0.529..1478.716 rows=13731 loops=1)
                                      ->  Nested Loop  (cost=0.00..145959.00 rows=14 width=50) (actual time=0.136..713.810 rows=564782 loops=1)
                                            ->  Nested Loop  (cost=0.00..145851.00 rows=1 width=38) (actual time=0.130..182.160 rows=7805 loops=1)
                                                  ->  Nested Loop  (cost=0.00..145650.00 rows=100 width=42) (actual time=0.124..156.708 rows=23486 loops=1)
                                                        ->  Nested Loop  (cost=0.00..143994.00 rows=184 width=29) (actual time=0.120..119.495 rows=10613 loops=1)
                                                              ->  Nested Loop  (cost=0.00..143320.00 rows=337 width=4) (actual time=0.114..48.485 rows=24091 loops=1)
                                                                    ->  Seq Scan on keyword k  (cost=0.00..134170.00 rows=10 width=4) (actual time=0.103..26.854 rows=10 loops=1)
                                                                          Filter: (keyword = ANY ('{superhero,marvel-comics,based-on-comic,tv-special,fight,violence,magnet,web,claw,laser}'::text[]))
                                                                          Rows Removed by Filter: 134160
                                                                    ->  Index Scan using keyword_id_movie_keyword on movie_keyword mk  (cost=0.00..610.00 rows=305 width=8) (actual time=0.007..1.828 rows=2409 loops=10)
                                                                          Index Cond: (keyword_id = k.id)
                                                              ->  Index Scan using title_pkey on title t  (cost=0.00..2.00 rows=1 width=25) (actual time=0.003..0.003 rows=0 loops=24091)
                                                                    Index Cond: (id = mk.movie_id)
                                                                    Filter: (production_year > 2000)
                                                                    Rows Removed by Filter: 1
                                                        ->  Index Scan using movie_id_movie_info_idx on movie_info_idx mi_idx  (cost=0.00..6.00 rows=3 width=13) (actual time=0.003..0.003 rows=2 loops=10613)
                                                              Index Cond: (movie_id = t.id)
                                                  ->  Index Scan using info_type_pkey on info_type it2  (cost=0.00..2.00 rows=1 width=4) (actual time=0.001..0.001 rows=0 loops=23486)
                                                        Index Cond: (id = mi_idx.info_type_id)
                                                        Filter: ((info)::text = 'rating'::text)
                                                        Rows Removed by Filter: 1
                                            ->  Index Scan using movie_id_cast_info on cast_info ci  (cost=0.00..72.00 rows=36 width=12) (actual time=0.005..0.056 rows=72 loops=7805)
                                                  Index Cond: (movie_id = t.id)
                                      ->  Index Scan using char_name_pkey on char_name chn  (cost=0.00..2.00 rows=1 width=20) (actual time=0.001..0.001 rows=0 loops=564782)
                                            Index Cond: (id = ci.person_role_id)
                                            Filter: ((name IS NOT NULL) AND ((name ~~ '%man%'::text) OR (name ~~ '%Man%'::text)))
                                            Rows Removed by Filter: 0
                                ->  Index Only Scan using name_pkey on name n  (cost=0.00..2.00 rows=1 width=4) (actual time=0.003..0.003 rows=1 loops=13731)
                                      Index Cond: (id = ci.person_id)
                                      Heap Fetches: 13731
                          ->  Index Scan using movie_id_complete_cast on complete_cast cc  (cost=0.00..4.00 rows=2 width=12) (actual time=0.002..0.002 rows=0 loops=13731)
                                Index Cond: (movie_id = t.id)
                    ->  Index Scan using kind_type_pkey on kind_type kt  (cost=0.00..2.00 rows=1 width=4) (actual time=0.001..0.001 rows=1 loops=6777)
                          Index Cond: (id = t.kind_id)
                          Filter: ((kind)::text = 'movie'::text)
                          Rows Removed by Filter: 0
              ->  Index Scan using comp_cast_type_pkey on comp_cast_type cct1  (cost=0.00..2.00 rows=1 width=4) (actual time=0.001..0.001 rows=1 loops=6359)
                    Index Cond: (id = cc.subject_id)
                    Filter: ((kind)::text = 'cast'::text)
                    Rows Removed by Filter: 0
        ->  Index Scan using comp_cast_type_pkey on comp_cast_type cct2  (cost=0.00..2.00 rows=1 width=4) (actual time=0.001..0.001 rows=1 loops=5400)
              Index Cond: (id = cc.status_id)
              Filter: ((kind)::text ~~ '%complete%'::text)
Planning time: 41.928 ms
Execution time: 1581.040 ms
