Aggregate  (cost=45740.00..45741.00 rows=1 width=96) (actual time=22.147..22.147 rows=1 loops=1)
  ->  Nested Loop  (cost=33549.00..45740.00 rows=1 width=48) (actual time=9.153..22.005 rows=477 loops=1)
        ->  Nested Loop  (cost=33549.00..45655.00 rows=1 width=68) (actual time=9.139..20.644 rows=172 loops=1)
              ->  Nested Loop  (cost=33549.00..42399.00 rows=1627 width=72) (actual time=9.131..16.170 rows=3278 loops=1)
                    ->  Hash Join  (cost=33549.00..37539.00 rows=36 width=64) (actual time=9.127..14.968 rows=269 loops=1)
                          Hash Cond: (cc.subject_id = cct1.id)
                          ->  Hash Join  (cost=33543.00..37480.00 rows=71 width=68) (actual time=9.117..14.893 rows=269 loops=1)
                                Hash Cond: (cc.status_id = cct2.id)
                                ->  Nested Loop  (cost=33538.00..37261.00 rows=285 width=72) (actual time=9.113..14.820 rows=333 loops=1)
                                      ->  Nested Loop  (cost=33538.00..36175.00 rows=181 width=60) (actual time=8.958..13.892 rows=698 loops=1)
                                            ->  Merge Join  (cost=33538.00..34417.00 rows=879 width=45) (actual time=8.946..9.567 rows=2794 loops=1)
                                                  Merge Cond: (ct.id = mc.company_type_id)
                                                  ->  Sort  (cost=4.00..4.00 rows=1 width=4) (actual time=0.004..0.004 rows=1 loops=1)
                                                        Sort Key: ct.id
                                                        Sort Method: quicksort  Memory: 25kB
                                                        ->  Seq Scan on company_type ct  (cost=0.00..4.00 rows=1 width=4) (actual time=0.002..0.002 rows=1 loops=1)
                                                              Filter: ((kind)::text = 'production companies'::text)
                                                              Rows Removed by Filter: 3
                                                  ->  Sort  (cost=33534.00..33534.00 rows=3515 width=49) (actual time=8.869..9.047 rows=3313 loops=1)
                                                        Sort Key: mc.company_type_id
                                                        Sort Method: quicksort  Memory: 445kB
                                                        ->  Nested Loop  (cost=0.00..33534.00 rows=3515 width=49) (actual time=0.059..8.133 rows=3313 loops=1)
                                                              ->  Nested Loop  (cost=0.00..17934.00 rows=1200 width=37) (actual time=0.046..4.550 rows=1332 loops=1)
                                                                    ->  Nested Loop  (cost=0.00..11268.00 rows=3333 width=16) (actual time=0.012..0.712 rows=2315 loops=1)
                                                                          ->  Seq Scan on link_type lt  (cost=0.00..18.00 rows=2 width=16) (actual time=0.002..0.006 rows=2 loops=1)
                                                                                Filter: ((link)::text ~~ '%follow%'::text)
                                                                                Rows Removed by Filter: 16
                                                                          ->  Index Scan using link_type_id_movie_link on movie_link ml  (cost=0.00..3750.00 rows=1875 width=8) (actual time=0.007..0.217 rows=1158 loops=2)
                                                                                Index Cond: (link_type_id = lt.id)
                                                                    ->  Index Scan using title_pkey on title t  (cost=0.00..2.00 rows=1 width=21) (actual time=0.001..0.001 rows=1 loops=2315)
                                                                          Index Cond: (id = ml.movie_id)
                                                                          Filter: ((production_year >= 1950) AND (production_year <= 2000))
                                                                          Rows Removed by Filter: 0
                                                              ->  Index Scan using movie_id_movie_companies on movie_companies mc  (cost=0.00..10.00 rows=3 width=12) (actual time=0.002..0.002 rows=2 loops=1332)
                                                                    Index Cond: (movie_id = ml.movie_id)
                                                                    Filter: (note IS NULL)
                                                                    Rows Removed by Filter: 2
                                            ->  Index Scan using company_name_pkey on company_name cn  (cost=0.00..2.00 rows=1 width=23) (actual time=0.001..0.001 rows=0 loops=2794)
                                                  Index Cond: (id = mc.company_id)
                                                  Filter: (((country_code)::text <> '[pl]'::text) AND ((name ~~ '%Film%'::text) OR (name ~~ '%Warner%'::text)))
                                                  Rows Removed by Filter: 1
                                      ->  Index Scan using movie_id_complete_cast on complete_cast cc  (cost=0.00..4.00 rows=2 width=12) (actual time=0.001..0.001 rows=0 loops=698)
                                            Index Cond: (movie_id = ml.movie_id)
                                ->  Hash  (cost=4.00..4.00 rows=1 width=4) (actual time=0.002..0.002 rows=1 loops=1)
                                      Buckets: 1024  Batches: 1  Memory Usage: 9kB
                                      ->  Seq Scan on comp_cast_type cct2  (cost=0.00..4.00 rows=1 width=4) (actual time=0.002..0.002 rows=1 loops=1)
                                            Filter: ((kind)::text = 'complete'::text)
                                            Rows Removed by Filter: 3
                          ->  Hash  (cost=4.00..4.00 rows=2 width=4) (actual time=0.007..0.007 rows=2 loops=1)
                                Buckets: 1024  Batches: 1  Memory Usage: 9kB
                                ->  Seq Scan on comp_cast_type cct1  (cost=0.00..4.00 rows=2 width=4) (actual time=0.004..0.005 rows=2 loops=1)
                                      Filter: ((kind)::text = ANY ('{cast,crew}'::text[]))
                                      Rows Removed by Filter: 2
                    ->  Index Scan using movie_id_movie_keyword on movie_keyword mk  (cost=0.00..90.00 rows=45 width=8) (actual time=0.001..0.003 rows=12 loops=269)
                          Index Cond: (movie_id = ml.movie_id)
              ->  Index Scan using keyword_pkey on keyword k  (cost=0.00..2.00 rows=1 width=4) (actual time=0.001..0.001 rows=0 loops=3278)
                    Index Cond: (id = mk.keyword_id)
                    Filter: (keyword = 'sequel'::text)
                    Rows Removed by Filter: 1
        ->  Index Scan using movie_id_movie_info on movie_info mi  (cost=0.00..84.00 rows=1 width=4) (actual time=0.006..0.007 rows=3 loops=172)
              Index Cond: (movie_id = ml.movie_id)
              Filter: (info = ANY ('{Sweden,Germany,Swedish,German}'::text[]))
              Rows Removed by Filter: 17
Planning time: 44.893 ms
Execution time: 22.226 ms
