Aggregate  (cost=36409.00..36410.00 rows=1 width=96) (actual time=20.486..20.486 rows=1 loops=1)
  ->  Nested Loop  (cost=28514.00..36409.00 rows=1 width=48) (actual time=4.450..20.318 rows=477 loops=1)
        ->  Nested Loop  (cost=28514.00..36135.00 rows=136 width=52) (actual time=4.431..11.773 rows=6483 loops=1)
              ->  Hash Join  (cost=28514.00..35730.00 rows=3 width=68) (actual time=4.427..9.324 rows=705 loops=1)
                    Hash Cond: (mc.company_type_id = ct.id)
                    ->  Hash Join  (cost=28509.00..35716.00 rows=12 width=72) (actual time=4.419..9.166 rows=762 loops=1)
                          Hash Cond: (cc.subject_id = cct1.id)
                          ->  Nested Loop  (cost=28503.00..35693.00 rows=23 width=76) (actual time=4.413..8.994 rows=762 loops=1)
                                ->  Nested Loop  (cost=28503.00..30678.00 rows=59 width=72) (actual time=4.404..6.340 rows=290 loops=1)
                                      ->  Nested Loop  (cost=28503.00..30352.00 rows=163 width=51) (actual time=4.401..5.877 rows=294 loops=1)
                                            ->  Merge Join  (cost=28503.00..28764.00 rows=794 width=36) (actual time=4.396..4.587 rows=794 loops=1)
                                                  Merge Cond: (cc.status_id = cct2.id)
                                                  ->  Sort  (cost=28499.00..28499.00 rows=1043 width=40) (actual time=4.390..4.428 rows=795 loops=1)
                                                        Sort Key: cc.status_id
                                                        Sort Method: quicksort  Memory: 130kB
                                                        ->  Nested Loop  (cost=0.00..28499.00 rows=1043 width=40) (actual time=0.247..4.216 rows=1043 loops=1)
                                                              ->  Nested Loop  (cost=0.00..25158.00 rows=257 width=28) (actual time=0.242..3.342 rows=257 loops=1)
                                                                    ->  Nested Loop  (cost=0.00..11268.00 rows=2315 width=16) (actual time=0.012..0.676 rows=2315 loops=1)
                                                                          ->  Seq Scan on link_type lt  (cost=0.00..18.00 rows=2 width=16) (actual time=0.002..0.005 rows=2 loops=1)
                                                                                Filter: ((link)::text ~~ '%follow%'::text)
                                                                                Rows Removed by Filter: 16
                                                                          ->  Index Scan using link_type_id_movie_link on movie_link ml  (cost=0.00..3750.00 rows=1875 width=8) (actual time=0.007..0.204 rows=1158 loops=2)
                                                                                Index Cond: (link_type_id = lt.id)
                                                                    ->  Index Scan using movie_id_complete_cast on complete_cast cc  (cost=0.00..4.00 rows=2 width=12) (actual time=0.001..0.001 rows=0 loops=2315)
                                                                          Index Cond: (movie_id = ml.movie_id)
                                                              ->  Index Scan using movie_id_movie_companies on movie_companies mc  (cost=0.00..10.00 rows=3 width=12) (actual time=0.002..0.003 rows=4 loops=257)
                                                                    Index Cond: (movie_id = ml.movie_id)
                                                                    Filter: (note IS NULL)
                                                                    Rows Removed by Filter: 3
                                                  ->  Sort  (cost=4.00..4.00 rows=1 width=4) (actual time=0.005..0.005 rows=1 loops=1)
                                                        Sort Key: cct2.id
                                                        Sort Method: quicksort  Memory: 25kB
                                                        ->  Seq Scan on comp_cast_type cct2  (cost=0.00..4.00 rows=1 width=4) (actual time=0.002..0.003 rows=1 loops=1)
                                                              Filter: ((kind)::text = 'complete'::text)
                                                              Rows Removed by Filter: 3
                                            ->  Index Scan using company_name_pkey on company_name cn  (cost=0.00..2.00 rows=1 width=23) (actual time=0.001..0.001 rows=0 loops=794)
                                                  Index Cond: (id = mc.company_id)
                                                  Filter: (((country_code)::text <> '[pl]'::text) AND ((name ~~ '%Film%'::text) OR (name ~~ '%Warner%'::text)))
                                                  Rows Removed by Filter: 1
                                      ->  Index Scan using title_pkey on title t  (cost=0.00..2.00 rows=1 width=21) (actual time=0.001..0.001 rows=1 loops=294)
                                            Index Cond: (id = ml.movie_id)
                                            Filter: ((production_year >= 1950) AND (production_year <= 2000))
                                            Rows Removed by Filter: 0
                                ->  Index Scan using movie_id_movie_info on movie_info mi  (cost=0.00..84.00 rows=1 width=4) (actual time=0.007..0.009 rows=3 loops=290)
                                      Index Cond: (movie_id = ml.movie_id)
                                      Filter: (info = ANY ('{Sweden,Germany,Swedish,German}'::text[]))
                                      Rows Removed by Filter: 23
                          ->  Hash  (cost=4.00..4.00 rows=2 width=4) (actual time=0.003..0.003 rows=2 loops=1)
                                Buckets: 1024  Batches: 1  Memory Usage: 9kB
                                ->  Seq Scan on comp_cast_type cct1  (cost=0.00..4.00 rows=2 width=4) (actual time=0.002..0.003 rows=2 loops=1)
                                      Filter: ((kind)::text = ANY ('{cast,crew}'::text[]))
                                      Rows Removed by Filter: 2
                    ->  Hash  (cost=4.00..4.00 rows=1 width=4) (actual time=0.006..0.006 rows=1 loops=1)
                          Buckets: 1024  Batches: 1  Memory Usage: 9kB
                          ->  Seq Scan on company_type ct  (cost=0.00..4.00 rows=1 width=4) (actual time=0.004..0.005 rows=1 loops=1)
                                Filter: ((kind)::text = 'production companies'::text)
                                Rows Removed by Filter: 3
              ->  Index Scan using movie_id_movie_keyword on movie_keyword mk  (cost=0.00..90.00 rows=45 width=8) (actual time=0.001..0.002 rows=9 loops=705)
                    Index Cond: (movie_id = ml.movie_id)
        ->  Index Scan using keyword_pkey on keyword k  (cost=0.00..2.00 rows=1 width=4) (actual time=0.001..0.001 rows=0 loops=6483)
              Index Cond: (id = mk.keyword_id)
              Filter: (keyword = 'sequel'::text)
              Rows Removed by Filter: 1
Planning time: 44.411 ms
Execution time: 20.555 ms
