Aggregate  (cost=46752.00..46753.00 rows=1 width=96) (actual time=22.167..22.167 rows=1 loops=1)
  ->  Nested Loop  (cost=33229.00..46752.00 rows=1 width=48) (actual time=9.117..22.028 rows=477 loops=1)
        ->  Nested Loop  (cost=33229.00..46667.00 rows=1 width=68) (actual time=9.103..20.737 rows=172 loops=1)
              ->  Nested Loop  (cost=33229.00..43049.00 rows=1808 width=72) (actual time=9.095..16.201 rows=3278 loops=1)
                    ->  Hash Join  (cost=33229.00..37649.00 rows=40 width=64) (actual time=9.091..14.998 rows=269 loops=1)
                          Hash Cond: (cc.subject_id = cct1.id)
                          ->  Hash Join  (cost=33223.00..37584.00 rows=79 width=68) (actual time=9.082..14.924 rows=269 loops=1)
                                Hash Cond: (cc.status_id = cct2.id)
                                ->  Nested Loop  (cost=33218.00..37343.00 rows=315 width=72) (actual time=9.077..14.850 rows=333 loops=1)
                                      ->  Nested Loop  (cost=33218.00..36143.00 rows=200 width=60) (actual time=8.922..13.915 rows=698 loops=1)
                                            ->  Merge Join  (cost=33218.00..34193.00 rows=975 width=45) (actual time=8.910..9.528 rows=2794 loops=1)
                                                  Merge Cond: (ct.id = mc.company_type_id)
                                                  ->  Sort  (cost=4.00..4.00 rows=1 width=4) (actual time=0.004..0.005 rows=1 loops=1)
                                                        Sort Key: ct.id
                                                        Sort Method: quicksort  Memory: 25kB
                                                        ->  Seq Scan on company_type ct  (cost=0.00..4.00 rows=1 width=4) (actual time=0.002..0.002 rows=1 loops=1)
                                                              Filter: ((kind)::text = 'production companies'::text)
                                                              Rows Removed by Filter: 3
                                                  ->  Sort  (cost=33214.00..33214.00 rows=3901 width=49) (actual time=8.834..8.993 rows=3313 loops=1)
                                                        Sort Key: mc.company_type_id
                                                        Sort Method: quicksort  Memory: 445kB
                                                        ->  Nested Loop  (cost=0.00..33214.00 rows=3901 width=49) (actual time=0.059..8.090 rows=3313 loops=1)
                                                              ->  Nested Loop  (cost=0.00..15898.00 rows=1332 width=37) (actual time=0.046..4.511 rows=1332 loops=1)
                                                                    ->  Nested Loop  (cost=0.00..11268.00 rows=2315 width=16) (actual time=0.011..0.702 rows=2315 loops=1)
                                                                          ->  Seq Scan on link_type lt  (cost=0.00..18.00 rows=2 width=16) (actual time=0.002..0.005 rows=2 loops=1)
                                                                                Filter: ((link)::text ~~ '%follow%'::text)
                                                                                Rows Removed by Filter: 16
                                                                          ->  Index Scan using link_type_id_movie_link on movie_link ml  (cost=0.00..3750.00 rows=1875 width=8) (actual time=0.007..0.211 rows=1158 loops=2)
                                                                                Index Cond: (link_type_id = lt.id)
                                                                    ->  Index Scan using title_pkey on title t  (cost=0.00..2.00 rows=1 width=21) (actual time=0.001..0.001 rows=1 loops=2315)
                                                                          Index Cond: (id = ml.movie_id)
                                                                          Filter: ((production_year >= 1950) AND (production_year <= 2000))
                                                                          Rows Removed by Filter: 0
                                                              ->  Index Scan using movie_id_movie_companies on movie_companies mc  (cost=0.00..10.00 rows=3 width=12) (actual time=0.002..0.002 rows=2 loops=1332)
                                                                    Index Cond: (movie_id = ml.movie_id)
                                                                    Filter: (note IS NULL)
                                                                    Rows Removed by Filter: 2
                                            ->  Index Scan using company_name_pkey on company_name cn  (cost=0.00..2.00 rows=1 width=23) (actual time=0.001..0.001 rows=0 loops=2794)
                                                  Index Cond: (id = mc.company_id)
                                                  Filter: (((country_code)::text <> '[pl]'::text) AND ((name ~~ '%Film%'::text) OR (name ~~ '%Warner%'::text)))
                                                  Rows Removed by Filter: 1
                                      ->  Index Scan using movie_id_complete_cast on complete_cast cc  (cost=0.00..4.00 rows=2 width=12) (actual time=0.001..0.001 rows=0 loops=698)
                                            Index Cond: (movie_id = ml.movie_id)
                                ->  Hash  (cost=4.00..4.00 rows=1 width=4) (actual time=0.002..0.002 rows=1 loops=1)
                                      Buckets: 1024  Batches: 1  Memory Usage: 9kB
                                      ->  Seq Scan on comp_cast_type cct2  (cost=0.00..4.00 rows=1 width=4) (actual time=0.002..0.002 rows=1 loops=1)
                                            Filter: ((kind)::text = 'complete'::text)
                                            Rows Removed by Filter: 3
                          ->  Hash  (cost=4.00..4.00 rows=2 width=4) (actual time=0.006..0.006 rows=2 loops=1)
                                Buckets: 1024  Batches: 1  Memory Usage: 9kB
                                ->  Seq Scan on comp_cast_type cct1  (cost=0.00..4.00 rows=2 width=4) (actual time=0.004..0.005 rows=2 loops=1)
                                      Filter: ((kind)::text = ANY ('{cast,crew}'::text[]))
                                      Rows Removed by Filter: 2
                    ->  Index Scan using movie_id_movie_keyword on movie_keyword mk  (cost=0.00..90.00 rows=45 width=8) (actual time=0.001..0.003 rows=12 loops=269)
                          Index Cond: (movie_id = ml.movie_id)
              ->  Index Scan using keyword_pkey on keyword k  (cost=0.00..2.00 rows=1 width=4) (actual time=0.001..0.001 rows=0 loops=3278)
                    Index Cond: (id = mk.keyword_id)
                    Filter: (keyword = 'sequel'::text)
                    Rows Removed by Filter: 1
        ->  Index Scan using movie_id_movie_info on movie_info mi  (cost=0.00..84.00 rows=1 width=4) (actual time=0.006..0.007 rows=3 loops=172)
              Index Cond: (movie_id = ml.movie_id)
              Filter: (info = ANY ('{Sweden,Germany,Swedish,German}'::text[]))
              Rows Removed by Filter: 17
Planning time: 44.594 ms
Execution time: 22.236 ms
