Aggregate  (cost=34379.00..34380.00 rows=1 width=96) (actual time=15.095..15.095 rows=1 loops=1)
  ->  Nested Loop  (cost=11.00..34379.00 rows=1 width=48) (actual time=1.672..14.952 rows=477 loops=1)
        ->  Nested Loop  (cost=11.00..34294.00 rows=1 width=68) (actual time=1.658..13.482 rows=172 loops=1)
              ->  Nested Loop  (cost=11.00..33298.00 rows=497 width=72) (actual time=0.276..8.631 rows=3278 loops=1)
                    ->  Nested Loop  (cost=11.00..31813.00 rows=11 width=64) (actual time=0.273..7.392 rows=269 loops=1)
                          ->  Hash Join  (cost=11.00..31714.00 rows=44 width=68) (actual time=0.271..7.109 rows=290 loops=1)
                                Hash Cond: (cc.status_id = cct2.id)
                                ->  Hash Join  (cost=6.00..31575.00 rows=178 width=72) (actual time=0.263..7.024 rows=355 loops=1)
                                      Hash Cond: (cc.subject_id = cct1.id)
                                      ->  Nested Loop  (cost=0.00..31303.00 rows=355 width=76) (actual time=0.257..6.939 rows=355 loops=1)
                                            ->  Nested Loop  (cost=0.00..30585.00 rows=359 width=55) (actual time=0.254..6.317 rows=359 loops=1)
                                                  ->  Nested Loop  (cost=0.00..28499.00 rows=1043 width=40) (actual time=0.239..4.408 rows=1043 loops=1)
                                                        ->  Nested Loop  (cost=0.00..25158.00 rows=257 width=28) (actual time=0.235..3.464 rows=257 loops=1)
                                                              ->  Nested Loop  (cost=0.00..11268.00 rows=2315 width=16) (actual time=0.012..0.685 rows=2315 loops=1)
                                                                    ->  Seq Scan on link_type lt  (cost=0.00..18.00 rows=2 width=16) (actual time=0.002..0.005 rows=2 loops=1)
                                                                          Filter: ((link)::text ~~ '%follow%'::text)
                                                                          Rows Removed by Filter: 16
                                                                    ->  Index Scan using link_type_id_movie_link on movie_link ml  (cost=0.00..3750.00 rows=1875 width=8) (actual time=0.007..0.204 rows=1158 loops=2)
                                                                          Index Cond: (link_type_id = lt.id)
                                                              ->  Index Scan using movie_id_complete_cast on complete_cast cc  (cost=0.00..4.00 rows=2 width=12) (actual time=0.001..0.001 rows=0 loops=2315)
                                                                    Index Cond: (movie_id = ml.movie_id)
                                                        ->  Index Scan using movie_id_movie_companies on movie_companies mc  (cost=0.00..10.00 rows=3 width=12) (actual time=0.002..0.003 rows=4 loops=257)
                                                              Index Cond: (movie_id = ml.movie_id)
                                                              Filter: (note IS NULL)
                                                              Rows Removed by Filter: 3
                                                  ->  Index Scan using company_name_pkey on company_name cn  (cost=0.00..2.00 rows=1 width=23) (actual time=0.002..0.002 rows=0 loops=1043)
                                                        Index Cond: (id = mc.company_id)
                                                        Filter: (((country_code)::text <> '[pl]'::text) AND ((name ~~ '%Film%'::text) OR (name ~~ '%Warner%'::text)))
                                                        Rows Removed by Filter: 1
                                            ->  Index Scan using title_pkey on title t  (cost=0.00..2.00 rows=1 width=21) (actual time=0.001..0.001 rows=1 loops=359)
                                                  Index Cond: (id = ml.movie_id)
                                                  Filter: ((production_year >= 1950) AND (production_year <= 2000))
                                                  Rows Removed by Filter: 0
                                      ->  Hash  (cost=4.00..4.00 rows=2 width=4) (actual time=0.003..0.003 rows=2 loops=1)
                                            Buckets: 1024  Batches: 1  Memory Usage: 9kB
                                            ->  Seq Scan on comp_cast_type cct1  (cost=0.00..4.00 rows=2 width=4) (actual time=0.002..0.003 rows=2 loops=1)
                                                  Filter: ((kind)::text = ANY ('{cast,crew}'::text[]))
                                                  Rows Removed by Filter: 2
                                ->  Hash  (cost=4.00..4.00 rows=1 width=4) (actual time=0.006..0.006 rows=1 loops=1)
                                      Buckets: 1024  Batches: 1  Memory Usage: 9kB
                                      ->  Seq Scan on comp_cast_type cct2  (cost=0.00..4.00 rows=1 width=4) (actual time=0.004..0.005 rows=1 loops=1)
                                            Filter: ((kind)::text = 'complete'::text)
                                            Rows Removed by Filter: 3
                          ->  Index Scan using company_type_pkey on company_type ct  (cost=0.00..2.00 rows=1 width=4) (actual time=0.001..0.001 rows=1 loops=290)
                                Index Cond: (id = mc.company_type_id)
                                Filter: ((kind)::text = 'production companies'::text)
                                Rows Removed by Filter: 0
                    ->  Index Scan using movie_id_movie_keyword on movie_keyword mk  (cost=0.00..90.00 rows=45 width=8) (actual time=0.002..0.003 rows=12 loops=269)
                          Index Cond: (movie_id = ml.movie_id)
              ->  Index Scan using keyword_pkey on keyword k  (cost=0.00..2.00 rows=1 width=4) (actual time=0.001..0.001 rows=0 loops=3278)
                    Index Cond: (id = mk.keyword_id)
                    Filter: (keyword = 'sequel'::text)
                    Rows Removed by Filter: 1
        ->  Index Scan using movie_id_movie_info on movie_info mi  (cost=0.00..84.00 rows=1 width=4) (actual time=0.006..0.008 rows=3 loops=172)
              Index Cond: (movie_id = ml.movie_id)
              Filter: (info = ANY ('{Sweden,Germany,Swedish,German}'::text[]))
              Rows Removed by Filter: 17
Planning time: 44.203 ms
Execution time: 15.161 ms
