Aggregate  (cost=38333.00..38334.00 rows=1 width=96) (actual time=13.816..13.816 rows=1 loops=1)
  ->  Nested Loop  (cost=16.00..38333.00 rows=1 width=48) (actual time=1.636..13.678 rows=477 loops=1)
        ->  Nested Loop  (cost=16.00..38248.00 rows=1 width=68) (actual time=1.621..12.293 rows=172 loops=1)
              ->  Nested Loop  (cost=16.00..35534.00 rows=1356 width=72) (actual time=0.277..7.742 rows=3278 loops=1)
                    ->  Nested Loop  (cost=16.00..31484.00 rows=30 width=64) (actual time=0.273..6.565 rows=269 loops=1)
                          ->  Hash Join  (cost=16.00..31316.00 rows=84 width=43) (actual time=0.270..6.113 rows=273 loops=1)
                                Hash Cond: (cc.status_id = cct2.id)
                                ->  Hash Join  (cost=11.00..31058.00 rows=337 width=47) (actual time=0.262..6.037 rows=337 loops=1)
                                      Hash Cond: (mc.company_type_id = ct.id)
                                      ->  Nested Loop  (cost=6.00..30784.00 rows=359 width=51) (actual time=0.258..5.960 rows=359 loops=1)
                                            ->  Nested Loop  (cost=6.00..28698.00 rows=1043 width=36) (actual time=0.243..4.186 rows=1043 loops=1)
                                                  ->  Hash Join  (cost=6.00..25357.00 rows=257 width=24) (actual time=0.238..3.302 rows=257 loops=1)
                                                        Hash Cond: (cc.subject_id = cct1.id)
                                                        ->  Nested Loop  (cost=0.00..25158.00 rows=257 width=28) (actual time=0.233..3.243 rows=257 loops=1)
                                                              ->  Nested Loop  (cost=0.00..11268.00 rows=2315 width=16) (actual time=0.011..0.639 rows=2315 loops=1)
                                                                    ->  Seq Scan on link_type lt  (cost=0.00..18.00 rows=2 width=16) (actual time=0.002..0.005 rows=2 loops=1)
                                                                          Filter: ((link)::text ~~ '%follow%'::text)
                                                                          Rows Removed by Filter: 16
                                                                    ->  Index Scan using link_type_id_movie_link on movie_link ml  (cost=0.00..3750.00 rows=1875 width=8) (actual time=0.007..0.193 rows=1158 loops=2)
                                                                          Index Cond: (link_type_id = lt.id)
                                                              ->  Index Scan using movie_id_complete_cast on complete_cast cc  (cost=0.00..4.00 rows=2 width=12) (actual time=0.001..0.001 rows=0 loops=2315)
                                                                    Index Cond: (movie_id = ml.movie_id)
                                                        ->  Hash  (cost=4.00..4.00 rows=2 width=4) (actual time=0.003..0.003 rows=2 loops=1)
                                                              Buckets: 1024  Batches: 1  Memory Usage: 9kB
                                                              ->  Seq Scan on comp_cast_type cct1  (cost=0.00..4.00 rows=2 width=4) (actual time=0.002..0.002 rows=2 loops=1)
                                                                    Filter: ((kind)::text = ANY ('{cast,crew}'::text[]))
                                                                    Rows Removed by Filter: 2
                                                  ->  Index Scan using movie_id_movie_companies on movie_companies mc  (cost=0.00..10.00 rows=3 width=12) (actual time=0.002..0.003 rows=4 loops=257)
                                                        Index Cond: (movie_id = ml.movie_id)
                                                        Filter: (note IS NULL)
                                                        Rows Removed by Filter: 3
                                            ->  Index Scan using company_name_pkey on company_name cn  (cost=0.00..2.00 rows=1 width=23) (actual time=0.001..0.001 rows=0 loops=1043)
                                                  Index Cond: (id = mc.company_id)
                                                  Filter: (((country_code)::text <> '[pl]'::text) AND ((name ~~ '%Film%'::text) OR (name ~~ '%Warner%'::text)))
                                                  Rows Removed by Filter: 1
                                      ->  Hash  (cost=4.00..4.00 rows=1 width=4) (actual time=0.002..0.002 rows=1 loops=1)
                                            Buckets: 1024  Batches: 1  Memory Usage: 9kB
                                            ->  Seq Scan on company_type ct  (cost=0.00..4.00 rows=1 width=4) (actual time=0.002..0.002 rows=1 loops=1)
                                                  Filter: ((kind)::text = 'production companies'::text)
                                                  Rows Removed by Filter: 3
                                ->  Hash  (cost=4.00..4.00 rows=1 width=4) (actual time=0.006..0.006 rows=1 loops=1)
                                      Buckets: 1024  Batches: 1  Memory Usage: 9kB
                                      ->  Seq Scan on comp_cast_type cct2  (cost=0.00..4.00 rows=1 width=4) (actual time=0.004..0.005 rows=1 loops=1)
                                            Filter: ((kind)::text = 'complete'::text)
                                            Rows Removed by Filter: 3
                          ->  Index Scan using title_pkey on title t  (cost=0.00..2.00 rows=1 width=21) (actual time=0.001..0.001 rows=1 loops=273)
                                Index Cond: (id = ml.movie_id)
                                Filter: ((production_year >= 1950) AND (production_year <= 2000))
                                Rows Removed by Filter: 0
                    ->  Index Scan using movie_id_movie_keyword on movie_keyword mk  (cost=0.00..90.00 rows=45 width=8) (actual time=0.001..0.003 rows=12 loops=269)
                          Index Cond: (movie_id = ml.movie_id)
              ->  Index Scan using keyword_pkey on keyword k  (cost=0.00..2.00 rows=1 width=4) (actual time=0.001..0.001 rows=0 loops=3278)
                    Index Cond: (id = mk.keyword_id)
                    Filter: (keyword = 'sequel'::text)
                    Rows Removed by Filter: 1
        ->  Index Scan using movie_id_movie_info on movie_info mi  (cost=0.00..84.00 rows=1 width=4) (actual time=0.006..0.008 rows=3 loops=172)
              Index Cond: (movie_id = ml.movie_id)
              Filter: (info = ANY ('{Sweden,Germany,Swedish,German}'::text[]))
              Rows Removed by Filter: 17
Planning time: 44.300 ms
Execution time: 13.881 ms
