Aggregate  (cost=22720.00..22721.00 rows=1 width=96) (actual time=7.104..7.104 rows=1 loops=1)
  ->  Nested Loop  (cost=0.00..22720.00 rows=1 width=48) (actual time=1.739..7.021 rows=247 loops=1)
        ->  Nested Loop  (cost=0.00..22716.00 rows=1 width=52) (actual time=1.737..6.795 rows=247 loops=1)
              ->  Nested Loop  (cost=0.00..22710.00 rows=3 width=37) (actual time=1.733..5.876 rows=532 loops=1)
                    ->  Nested Loop  (cost=0.00..22697.00 rows=1 width=49) (actual time=1.729..5.519 rows=95 loops=1)
                          ->  Nested Loop  (cost=0.00..22612.00 rows=1 width=45) (actual time=1.720..5.242 rows=38 loops=1)
                                ->  Nested Loop  (cost=0.00..22078.00 rows=266 width=49) (actual time=1.710..4.806 rows=266 loops=1)
                                      ->  Nested Loop  (cost=0.00..16948.00 rows=38 width=41) (actual time=1.707..4.669 rows=38 loops=1)
                                            ->  Nested Loop  (cost=0.00..16872.00 rows=38 width=45) (actual time=1.705..4.630 rows=38 loops=1)
                                                  ->  Nested Loop  (cost=0.00..16744.00 rows=57 width=49) (actual time=1.702..4.571 rows=57 loops=1)
                                                        ->  Nested Loop  (cost=0.00..15898.00 rows=141 width=37) (actual time=0.328..4.361 rows=141 loops=1)
                                                              ->  Nested Loop  (cost=0.00..11268.00 rows=2315 width=16) (actual time=0.013..0.689 rows=2315 loops=1)
                                                                    ->  Seq Scan on link_type lt  (cost=0.00..18.00 rows=2 width=16) (actual time=0.004..0.007 rows=2 loops=1)
                                                                          Filter: ((link)::text ~~ '%follow%'::text)
                                                                          Rows Removed by Filter: 16
                                                                    ->  Index Scan using link_type_id_movie_link on movie_link ml  (cost=0.00..3750.00 rows=1875 width=8) (actual time=0.007..0.202 rows=1158 loops=2)
                                                                          Index Cond: (link_type_id = lt.id)
                                                              ->  Index Scan using title_pkey on title t  (cost=0.00..2.00 rows=1 width=21) (actual time=0.001..0.001 rows=0 loops=2315)
                                                                    Index Cond: (id = ml.movie_id)
                                                                    Filter: (production_year = 1998)
                                                                    Rows Removed by Filter: 1
                                                        ->  Index Scan using movie_id_complete_cast on complete_cast cc  (cost=0.00..4.00 rows=2 width=12) (actual time=0.001..0.001 rows=0 loops=141)
                                                              Index Cond: (movie_id = ml.movie_id)
                                                  ->  Index Scan using comp_cast_type_pkey on comp_cast_type cct2  (cost=0.00..2.00 rows=1 width=4) (actual time=0.001..0.001 rows=1 loops=57)
                                                        Index Cond: (id = cc.status_id)
                                                        Filter: ((kind)::text = 'complete'::text)
                                                        Rows Removed by Filter: 0
                                            ->  Index Scan using comp_cast_type_pkey on comp_cast_type cct1  (cost=0.00..2.00 rows=1 width=4) (actual time=0.001..0.001 rows=1 loops=38)
                                                  Index Cond: (id = cc.subject_id)
                                                  Filter: ((kind)::text = ANY ('{cast,crew}'::text[]))
                                      ->  Index Scan using movie_id_movie_keyword on movie_keyword mk  (cost=0.00..90.00 rows=45 width=8) (actual time=0.002..0.003 rows=7 loops=38)
                                            Index Cond: (movie_id = ml.movie_id)
                                ->  Index Scan using keyword_pkey on keyword k  (cost=0.00..2.00 rows=1 width=4) (actual time=0.001..0.001 rows=0 loops=266)
                                      Index Cond: (id = mk.keyword_id)
                                      Filter: (keyword = 'sequel'::text)
                                      Rows Removed by Filter: 1
                          ->  Index Scan using movie_id_movie_info on movie_info mi  (cost=0.00..84.00 rows=1 width=4) (actual time=0.005..0.007 rows=2 loops=38)
                                Index Cond: (movie_id = ml.movie_id)
                                Filter: (info = ANY ('{Sweden,Germany,Swedish,German}'::text[]))
                                Rows Removed by Filter: 10
                    ->  Index Scan using movie_id_movie_companies on movie_companies mc  (cost=0.00..10.00 rows=3 width=12) (actual time=0.002..0.003 rows=6 loops=95)
                          Index Cond: (movie_id = ml.movie_id)
                          Filter: (note IS NULL)
                          Rows Removed by Filter: 1
              ->  Index Scan using company_name_pkey on company_name cn  (cost=0.00..2.00 rows=1 width=23) (actual time=0.002..0.002 rows=0 loops=532)
                    Index Cond: (id = mc.company_id)
                    Filter: (((country_code)::text <> '[pl]'::text) AND ((name ~~ '%Film%'::text) OR (name ~~ '%Warner%'::text)))
                    Rows Removed by Filter: 1
        ->  Index Scan using company_type_pkey on company_type ct  (cost=0.00..2.00 rows=1 width=4) (actual time=0.001..0.001 rows=1 loops=247)
              Index Cond: (id = mc.company_type_id)
              Filter: ((kind)::text = 'production companies'::text)
Planning time: 44.465 ms
Execution time: 7.166 ms
