Aggregate  (cost=19604.00..19605.00 rows=1 width=96) (actual time=10.264..10.264 rows=1 loops=1)
  ->  Nested Loop  (cost=0.00..19604.00 rows=1 width=48) (actual time=1.711..10.181 rows=247 loops=1)
        ->  Nested Loop  (cost=0.00..19600.00 rows=1 width=52) (actual time=1.709..9.949 rows=247 loops=1)
              ->  Nested Loop  (cost=0.00..19236.00 rows=181 width=56) (actual time=1.698..7.100 rows=1919 loops=1)
                    ->  Nested Loop  (cost=0.00..18696.00 rows=4 width=72) (actual time=1.694..6.237 rows=247 loops=1)
                          ->  Nested Loop  (cost=0.00..18654.00 rows=21 width=57) (actual time=1.691..5.294 rows=532 loops=1)
                                ->  Nested Loop  (cost=0.00..18563.00 rows=7 width=45) (actual time=1.687..4.933 rows=95 loops=1)
                                      ->  Nested Loop  (cost=0.00..16948.00 rows=19 width=41) (actual time=1.679..4.677 rows=38 loops=1)
                                            ->  Nested Loop  (cost=0.00..16872.00 rows=38 width=45) (actual time=1.677..4.639 rows=38 loops=1)
                                                  ->  Nested Loop  (cost=0.00..16744.00 rows=57 width=49) (actual time=1.675..4.582 rows=57 loops=1)
                                                        ->  Nested Loop  (cost=0.00..15898.00 rows=141 width=37) (actual time=0.328..4.372 rows=141 loops=1)
                                                              ->  Nested Loop  (cost=0.00..11268.00 rows=2315 width=16) (actual time=0.013..0.691 rows=2315 loops=1)
                                                                    ->  Seq Scan on link_type lt  (cost=0.00..18.00 rows=2 width=16) (actual time=0.004..0.007 rows=2 loops=1)
                                                                          Filter: ((link)::text ~~ '%follow%'::text)
                                                                          Rows Removed by Filter: 16
                                                                    ->  Index Scan using link_type_id_movie_link on movie_link ml  (cost=0.00..3750.00 rows=1875 width=8) (actual time=0.007..0.214 rows=1158 loops=2)
                                                                          Index Cond: (link_type_id = lt.id)
                                                              ->  Index Scan using title_pkey on title t  (cost=0.00..2.00 rows=1 width=21) (actual time=0.001..0.001 rows=0 loops=2315)
                                                                    Index Cond: (id = ml.movie_id)
                                                                    Filter: (production_year = 1998)
                                                                    Rows Removed by Filter: 1
                                                        ->  Index Scan using movie_id_complete_cast on complete_cast cc  (cost=0.00..4.00 rows=2 width=12) (actual time=0.001..0.001 rows=0 loops=141)
                                                              Index Cond: (movie_id = ml.movie_id)
                                                  ->  Index Scan using comp_cast_type_pkey on comp_cast_type cct2  (cost=0.00..2.00 rows=1 width=4) (actual time=0.001..0.001 rows=1 loops=57)
                                                        Index Cond: (id = cc.status_id)
                                                        Filter: ((kind)::text = 'complete'::text)
                                                        Rows Removed by Filter: 0
                                            ->  Index Scan using comp_cast_type_pkey on comp_cast_type cct1  (cost=0.00..2.00 rows=1 width=4) (actual time=0.001..0.001 rows=1 loops=38)
                                                  Index Cond: (id = cc.subject_id)
                                                  Filter: ((kind)::text = ANY ('{cast,crew}'::text[]))
                                      ->  Index Scan using movie_id_movie_info on movie_info mi  (cost=0.00..84.00 rows=1 width=4) (actual time=0.005..0.006 rows=2 loops=38)
                                            Index Cond: (movie_id = ml.movie_id)
                                            Filter: (info = ANY ('{Sweden,Germany,Swedish,German}'::text[]))
                                            Rows Removed by Filter: 10
                                ->  Index Scan using movie_id_movie_companies on movie_companies mc  (cost=0.00..10.00 rows=3 width=12) (actual time=0.002..0.003 rows=6 loops=95)
                                      Index Cond: (movie_id = ml.movie_id)
                                      Filter: (note IS NULL)
                                      Rows Removed by Filter: 1
                          ->  Index Scan using company_name_pkey on company_name cn  (cost=0.00..2.00 rows=1 width=23) (actual time=0.002..0.002 rows=0 loops=532)
                                Index Cond: (id = mc.company_id)
                                Filter: (((country_code)::text <> '[pl]'::text) AND ((name ~~ '%Film%'::text) OR (name ~~ '%Warner%'::text)))
                                Rows Removed by Filter: 1
                    ->  Index Scan using movie_id_movie_keyword on movie_keyword mk  (cost=0.00..90.00 rows=45 width=8) (actual time=0.002..0.002 rows=8 loops=247)
                          Index Cond: (movie_id = ml.movie_id)
              ->  Index Scan using keyword_pkey on keyword k  (cost=0.00..2.00 rows=1 width=4) (actual time=0.001..0.001 rows=0 loops=1919)
                    Index Cond: (id = mk.keyword_id)
                    Filter: (keyword = 'sequel'::text)
                    Rows Removed by Filter: 1
        ->  Index Scan using company_type_pkey on company_type ct  (cost=0.00..2.00 rows=1 width=4) (actual time=0.001..0.001 rows=1 loops=247)
              Index Cond: (id = mc.company_type_id)
              Filter: ((kind)::text = 'production companies'::text)
Planning time: 44.716 ms
Execution time: 10.326 ms
