Aggregate  (cost=17354.00..17355.00 rows=1 width=96) (actual time=7.362..7.362 rows=1 loops=1)
  ->  Nested Loop  (cost=0.00..17354.00 rows=1 width=48) (actual time=1.713..7.292 rows=247 loops=1)
        ->  Nested Loop  (cost=0.00..17269.00 rows=1 width=68) (actual time=1.705..6.683 rows=95 loops=1)
              ->  Nested Loop  (cost=0.00..17177.00 rows=45 width=72) (actual time=1.694..5.620 rows=703 loops=1)
                    ->  Nested Loop  (cost=0.00..17042.00 rows=1 width=64) (actual time=1.690..5.297 rows=95 loops=1)
                          ->  Nested Loop  (cost=0.00..17033.00 rows=4 width=68) (actual time=1.688..5.202 rows=95 loops=1)
                                ->  Nested Loop  (cost=0.00..16991.00 rows=21 width=53) (actual time=1.684..4.850 rows=190 loops=1)
                                      ->  Nested Loop  (cost=0.00..16900.00 rows=7 width=41) (actual time=1.680..4.703 rows=38 loops=1)
                                            ->  Nested Loop  (cost=0.00..16872.00 rows=14 width=45) (actual time=1.678..4.667 rows=38 loops=1)
                                                  ->  Nested Loop  (cost=0.00..16744.00 rows=57 width=49) (actual time=1.675..4.610 rows=57 loops=1)
                                                        ->  Nested Loop  (cost=0.00..15898.00 rows=141 width=37) (actual time=0.330..4.403 rows=141 loops=1)
                                                              ->  Nested Loop  (cost=0.00..11268.00 rows=2315 width=16) (actual time=0.014..0.706 rows=2315 loops=1)
                                                                    ->  Seq Scan on link_type lt  (cost=0.00..18.00 rows=2 width=16) (actual time=0.004..0.008 rows=2 loops=1)
                                                                          Filter: ((link)::text ~~ '%follow%'::text)
                                                                          Rows Removed by Filter: 16
                                                                    ->  Index Scan using link_type_id_movie_link on movie_link ml  (cost=0.00..3750.00 rows=1875 width=8) (actual time=0.007..0.219 rows=1158 loops=2)
                                                                          Index Cond: (link_type_id = lt.id)
                                                              ->  Index Scan using title_pkey on title t  (cost=0.00..2.00 rows=1 width=21) (actual time=0.001..0.001 rows=0 loops=2315)
                                                                    Index Cond: (id = ml.movie_id)
                                                                    Filter: (production_year = 1998)
                                                                    Rows Removed by Filter: 1
                                                        ->  Index Scan using movie_id_complete_cast on complete_cast cc  (cost=0.00..4.00 rows=2 width=12) (actual time=0.001..0.001 rows=0 loops=141)
                                                              Index Cond: (movie_id = ml.movie_id)
                                                  ->  Index Scan using comp_cast_type_pkey on comp_cast_type cct2  (cost=0.00..2.00 rows=1 width=4) (actual time=0.001..0.001 rows=1 loops=57)
                                                        Index Cond: (id = cc.status_id)
                                                        Filter: ((kind)::text = 'complete'::text)
                                                        Rows Removed by Filter: 0
                                            ->  Index Scan using comp_cast_type_pkey on comp_cast_type cct1  (cost=0.00..2.00 rows=1 width=4) (actual time=0.001..0.001 rows=1 loops=38)
                                                  Index Cond: (id = cc.subject_id)
                                                  Filter: ((kind)::text = ANY ('{cast,crew}'::text[]))
                                      ->  Index Scan using movie_id_movie_companies on movie_companies mc  (cost=0.00..10.00 rows=3 width=12) (actual time=0.002..0.003 rows=5 loops=38)
                                            Index Cond: (movie_id = ml.movie_id)
                                            Filter: (note IS NULL)
                                            Rows Removed by Filter: 1
                                ->  Index Scan using company_name_pkey on company_name cn  (cost=0.00..2.00 rows=1 width=23) (actual time=0.002..0.002 rows=0 loops=190)
                                      Index Cond: (id = mc.company_id)
                                      Filter: (((country_code)::text <> '[pl]'::text) AND ((name ~~ '%Film%'::text) OR (name ~~ '%Warner%'::text)))
                                      Rows Removed by Filter: 0
                          ->  Index Scan using company_type_pkey on company_type ct  (cost=0.00..2.00 rows=1 width=4) (actual time=0.001..0.001 rows=1 loops=95)
                                Index Cond: (id = mc.company_type_id)
                                Filter: ((kind)::text = 'production companies'::text)
                    ->  Index Scan using movie_id_movie_keyword on movie_keyword mk  (cost=0.00..90.00 rows=45 width=8) (actual time=0.001..0.002 rows=7 loops=95)
                          Index Cond: (movie_id = ml.movie_id)
              ->  Index Scan using keyword_pkey on keyword k  (cost=0.00..2.00 rows=1 width=4) (actual time=0.001..0.001 rows=0 loops=703)
                    Index Cond: (id = mk.keyword_id)
                    Filter: (keyword = 'sequel'::text)
                    Rows Removed by Filter: 1
        ->  Index Scan using movie_id_movie_info on movie_info mi  (cost=0.00..84.00 rows=1 width=4) (actual time=0.005..0.006 rows=3 loops=95)
              Index Cond: (movie_id = ml.movie_id)
              Filter: (info = ANY ('{Sweden,Germany,Swedish,German}'::text[]))
              Rows Removed by Filter: 10
Planning time: 44.763 ms
Execution time: 7.425 ms
