Aggregate  (cost=71312.00..71313.00 rows=1 width=96) (actual time=17.106..17.107 rows=1 loops=1)
  ->  Nested Loop  (cost=5.00..71312.00 rows=64 width=48) (actual time=3.357..16.881 rows=743 loops=1)
        ->  Nested Loop  (cost=5.00..69224.00 rows=24 width=68) (actual time=3.340..15.203 rows=172 loops=1)
              ->  Nested Loop  (cost=5.00..69128.00 rows=48 width=72) (actual time=3.338..15.034 rows=172 loops=1)
                    ->  Nested Loop  (cost=5.00..68698.00 rows=191 width=76) (actual time=3.328..14.831 rows=191 loops=1)
                          ->  Nested Loop  (cost=5.00..67842.00 rows=428 width=61) (actual time=0.534..14.040 rows=428 loops=1)
                                ->  Nested Loop  (cost=5.00..66828.00 rows=78 width=49) (actual time=0.530..13.725 rows=78 loops=1)
                                      ->  Nested Loop  (cost=5.00..60364.00 rows=3231 width=53) (actual time=0.519..8.668 rows=3231 loops=1)
                                            ->  Hash Join  (cost=5.00..29584.00 rows=228 width=45) (actual time=0.515..7.390 rows=228 loops=1)
                                                  Hash Cond: (cc.subject_id = cct1.id)
                                                  ->  Nested Loop  (cost=0.00..29386.00 rows=257 width=49) (actual time=0.508..7.325 rows=257 loops=1)
                                                        ->  Nested Loop  (cost=0.00..15898.00 rows=2248 width=37) (actual time=0.017..4.614 rows=2248 loops=1)
                                                              ->  Nested Loop  (cost=0.00..11268.00 rows=2315 width=16) (actual time=0.013..0.713 rows=2315 loops=1)
                                                                    ->  Seq Scan on link_type lt  (cost=0.00..18.00 rows=2 width=16) (actual time=0.004..0.008 rows=2 loops=1)
                                                                          Filter: ((link)::text ~~ '%follow%'::text)
                                                                          Rows Removed by Filter: 16
                                                                    ->  Index Scan using link_type_id_movie_link on movie_link ml  (cost=0.00..3750.00 rows=1875 width=8) (actual time=0.007..0.213 rows=1158 loops=2)
                                                                          Index Cond: (link_type_id = lt.id)
                                                              ->  Index Scan using title_pkey on title t  (cost=0.00..2.00 rows=1 width=21) (actual time=0.001..0.001 rows=1 loops=2315)
                                                                    Index Cond: (id = ml.movie_id)
                                                                    Filter: ((production_year >= 1950) AND (production_year <= 2010))
                                                                    Rows Removed by Filter: 0
                                                        ->  Index Scan using movie_id_complete_cast on complete_cast cc  (cost=0.00..4.00 rows=2 width=12) (actual time=0.001..0.001 rows=0 loops=2248)
                                                              Index Cond: (movie_id = ml.movie_id)
                                                  ->  Hash  (cost=4.00..4.00 rows=1 width=4) (actual time=0.004..0.004 rows=1 loops=1)
                                                        Buckets: 1024  Batches: 1  Memory Usage: 9kB
                                                        ->  Seq Scan on comp_cast_type cct1  (cost=0.00..4.00 rows=1 width=4) (actual time=0.002..0.003 rows=1 loops=1)
                                                              Filter: ((kind)::text = 'cast'::text)
                                                              Rows Removed by Filter: 3
                                            ->  Index Scan using movie_id_movie_keyword on movie_keyword mk  (cost=0.00..90.00 rows=45 width=8) (actual time=0.002..0.004 rows=14 loops=228)
                                                  Index Cond: (movie_id = ml.movie_id)
                                      ->  Index Scan using keyword_pkey on keyword k  (cost=0.00..2.00 rows=1 width=4) (actual time=0.001..0.001 rows=0 loops=3231)
                                            Index Cond: (id = mk.keyword_id)
                                            Filter: (keyword = 'sequel'::text)
                                            Rows Removed by Filter: 1
                                ->  Index Scan using movie_id_movie_companies on movie_companies mc  (cost=0.00..10.00 rows=3 width=12) (actual time=0.002..0.003 rows=5 loops=78)
                                      Index Cond: (movie_id = ml.movie_id)
                                      Filter: (note IS NULL)
                                      Rows Removed by Filter: 1
                          ->  Index Scan using company_name_pkey on company_name cn  (cost=0.00..2.00 rows=1 width=23) (actual time=0.002..0.002 rows=0 loops=428)
                                Index Cond: (id = mc.company_id)
                                Filter: (((country_code)::text <> '[pl]'::text) AND ((name ~~ '%Film%'::text) OR (name ~~ '%Warner%'::text)))
                                Rows Removed by Filter: 1
                    ->  Index Scan using company_type_pkey on company_type ct  (cost=0.00..2.00 rows=1 width=4) (actual time=0.001..0.001 rows=1 loops=191)
                          Index Cond: (id = mc.company_type_id)
                          Filter: ((kind)::text = 'production companies'::text)
                          Rows Removed by Filter: 0
              ->  Index Scan using comp_cast_type_pkey on comp_cast_type cct2  (cost=0.00..2.00 rows=1 width=4) (actual time=0.001..0.001 rows=1 loops=172)
                    Index Cond: (id = cc.status_id)
                    Filter: ((kind)::text ~~ 'complete%'::text)
        ->  Index Scan using movie_id_movie_info on movie_info mi  (cost=0.00..84.00 rows=3 width=4) (actual time=0.007..0.009 rows=4 loops=172)
              Index Cond: (movie_id = ml.movie_id)
              Filter: (info = ANY ('{Sweden,Norway,Germany,Denmark,Swedish,Denish,Norwegian,German,English}'::text[]))
              Rows Removed by Filter: 15
Planning time: 44.264 ms
Execution time: 17.172 ms
