Aggregate  (cost=56202.00..56203.00 rows=1 width=96) (actual time=28.784..28.784 rows=1 loops=1)
  ->  Nested Loop  (cost=38533.00..56202.00 rows=3 width=48) (actual time=13.080..28.576 rows=743 loops=1)
        ->  Nested Loop  (cost=38533.00..56115.00 rows=1 width=68) (actual time=13.065..26.950 rows=172 loops=1)
              ->  Nested Loop  (cost=38533.00..51411.00 rows=2351 width=72) (actual time=12.084..22.442 rows=3296 loops=1)
                    ->  Hash Join  (cost=38533.00..44391.00 rows=52 width=64) (actual time=12.081..21.211 rows=277 loops=1)
                          Hash Cond: (cc.subject_id = cct1.id)
                          ->  Hash Join  (cost=38528.00..44232.00 rows=206 width=68) (actual time=12.072..21.130 rows=337 loops=1)
                                Hash Cond: (cc.status_id = cct2.id)
                                ->  Nested Loop  (cost=38522.00..43916.00 rows=413 width=72) (actual time=12.067..21.051 rows=337 loops=1)
                                      ->  Nested Loop  (cost=38522.00..42344.00 rows=262 width=60) (actual time=12.063..19.654 rows=1130 loops=1)
                                            ->  Merge Join  (cost=38522.00..39796.00 rows=1274 width=45) (actual time=11.885..12.839 rows=4339 loops=1)
                                                  Merge Cond: (ct.id = mc.company_type_id)
                                                  ->  Sort  (cost=4.00..4.00 rows=1 width=4) (actual time=0.004..0.005 rows=1 loops=1)
                                                        Sort Key: ct.id
                                                        Sort Method: quicksort  Memory: 25kB
                                                        ->  Seq Scan on company_type ct  (cost=0.00..4.00 rows=1 width=4) (actual time=0.002..0.002 rows=1 loops=1)
                                                              Filter: ((kind)::text = 'production companies'::text)
                                                              Rows Removed by Filter: 3
                                                  ->  Sort  (cost=38518.00..38518.00 rows=5096 width=49) (actual time=11.786..12.029 rows=5015 loops=1)
                                                        Sort Key: mc.company_type_id
                                                        Sort Method: quicksort  Memory: 712kB
                                                        ->  Nested Loop  (cost=0.00..38518.00 rows=5096 width=49) (actual time=0.019..10.660 rows=5015 loops=1)
                                                              ->  Nested Loop  (cost=0.00..15898.00 rows=1740 width=37) (actual time=0.015..4.671 rows=2248 loops=1)
                                                                    ->  Nested Loop  (cost=0.00..11268.00 rows=2315 width=16) (actual time=0.011..0.712 rows=2315 loops=1)
                                                                          ->  Seq Scan on link_type lt  (cost=0.00..18.00 rows=2 width=16) (actual time=0.002..0.006 rows=2 loops=1)
                                                                                Filter: ((link)::text ~~ '%follow%'::text)
                                                                                Rows Removed by Filter: 16
                                                                          ->  Index Scan using link_type_id_movie_link on movie_link ml  (cost=0.00..3750.00 rows=1875 width=8) (actual time=0.007..0.212 rows=1158 loops=2)
                                                                                Index Cond: (link_type_id = lt.id)
                                                                    ->  Index Scan using title_pkey on title t  (cost=0.00..2.00 rows=1 width=21) (actual time=0.001..0.001 rows=1 loops=2315)
                                                                          Index Cond: (id = ml.movie_id)
                                                                          Filter: ((production_year >= 1950) AND (production_year <= 2010))
                                                                          Rows Removed by Filter: 0
                                                              ->  Index Scan using movie_id_movie_companies on movie_companies mc  (cost=0.00..10.00 rows=3 width=12) (actual time=0.002..0.002 rows=2 loops=2248)
                                                                    Index Cond: (movie_id = ml.movie_id)
                                                                    Filter: (note IS NULL)
                                                                    Rows Removed by Filter: 2
                                            ->  Index Scan using company_name_pkey on company_name cn  (cost=0.00..2.00 rows=1 width=23) (actual time=0.001..0.001 rows=0 loops=4339)
                                                  Index Cond: (id = mc.company_id)
                                                  Filter: (((country_code)::text <> '[pl]'::text) AND ((name ~~ '%Film%'::text) OR (name ~~ '%Warner%'::text)))
                                                  Rows Removed by Filter: 1
                                      ->  Index Scan using movie_id_complete_cast on complete_cast cc  (cost=0.00..4.00 rows=2 width=12) (actual time=0.001..0.001 rows=0 loops=1130)
                                            Index Cond: (movie_id = ml.movie_id)
                                ->  Hash  (cost=4.00..4.00 rows=2 width=4) (actual time=0.003..0.003 rows=2 loops=1)
                                      Buckets: 1024  Batches: 1  Memory Usage: 9kB
                                      ->  Seq Scan on comp_cast_type cct2  (cost=0.00..4.00 rows=2 width=4) (actual time=0.002..0.002 rows=2 loops=1)
                                            Filter: ((kind)::text ~~ 'complete%'::text)
                                            Rows Removed by Filter: 2
                          ->  Hash  (cost=4.00..4.00 rows=1 width=4) (actual time=0.006..0.006 rows=1 loops=1)
                                Buckets: 1024  Batches: 1  Memory Usage: 9kB
                                ->  Seq Scan on comp_cast_type cct1  (cost=0.00..4.00 rows=1 width=4) (actual time=0.004..0.005 rows=1 loops=1)
                                      Filter: ((kind)::text = 'cast'::text)
                                      Rows Removed by Filter: 3
                    ->  Index Scan using movie_id_movie_keyword on movie_keyword mk  (cost=0.00..90.00 rows=45 width=8) (actual time=0.001..0.003 rows=12 loops=277)
                          Index Cond: (movie_id = ml.movie_id)
              ->  Index Scan using keyword_pkey on keyword k  (cost=0.00..2.00 rows=1 width=4) (actual time=0.001..0.001 rows=0 loops=3296)
                    Index Cond: (id = mk.keyword_id)
                    Filter: (keyword = 'sequel'::text)
                    Rows Removed by Filter: 1
        ->  Index Scan using movie_id_movie_info on movie_info mi  (cost=0.00..84.00 rows=3 width=4) (actual time=0.007..0.009 rows=4 loops=172)
              Index Cond: (movie_id = ml.movie_id)
              Filter: (info = ANY ('{Sweden,Norway,Germany,Denmark,Swedish,Denish,Norwegian,German,English}'::text[]))
              Rows Removed by Filter: 15
Planning time: 44.787 ms
Execution time: 28.853 ms
