Aggregate  (cost=241523.80..241524.80 rows=1 width=96) (actual time=135.082..135.082 rows=1 loops=1)
  ->  Nested Loop  (cost=211109.00..241523.80 rows=1 width=41) (actual time=115.371..135.024 rows=148 loops=1)
        ->  Nested Loop  (cost=211109.00..241521.00 rows=1 width=45) (actual time=115.367..134.871 rows=148 loops=1)
              ->  Nested Loop  (cost=211109.00..241519.00 rows=1 width=30) (actual time=115.362..134.487 rows=150 loops=1)
                    ->  Nested Loop  (cost=211109.00..241508.00 rows=1 width=42) (actual time=113.681..134.267 rows=13 loops=1)
                          ->  Nested Loop  (cost=211109.00..241504.00 rows=1 width=46) (actual time=113.670..134.240 rows=20 loops=1)
                                ->  Nested Loop  (cost=211109.00..241419.00 rows=1 width=38) (actual time=113.211..127.487 rows=179 loops=1)
                                      ->  Nested Loop  (cost=211109.00..241416.00 rows=1 width=42) (actual time=113.208..127.294 rows=191 loops=1)
                                            ->  Nested Loop  (cost=211109.00..241400.00 rows=7 width=46) (actual time=113.204..127.057 rows=209 loops=1)
                                                  ->  Hash Join  (cost=211109.00..241001.00 rows=57 width=33) (actual time=112.755..126.044 rows=287 loops=1)
                                                        Hash Cond: (cc.subject_id = cct1.id)
                                                        ->  Nested Loop  (cost=211104.00..240826.00 rows=227 width=37) (actual time=112.743..125.861 rows=1558 loops=1)
                                                              ->  Merge Join  (cost=211104.00..215350.00 rows=4246 width=25) (actual time=112.719..114.783 rows=8073 loops=1)
                                                                    Merge Cond: (kt.id = t.kind_id)
                                                                    ->  Sort  (cost=7.00..7.00 rows=2 width=4) (actual time=0.007..0.007 rows=2 loops=1)
                                                                          Sort Key: kt.id
                                                                          Sort Method: quicksort  Memory: 25kB
                                                                          ->  Seq Scan on kind_type kt  (cost=0.00..7.00 rows=2 width=4) (actual time=0.002..0.003 rows=2 loops=1)
                                                                                Filter: ((kind)::text = ANY ('{movie,episode}'::text[]))
                                                                                Rows Removed by Filter: 5
                                                                    ->  Sort  (cost=211097.00..211097.00 rows=14860 width=29) (actual time=112.710..113.323 rows=9739 loops=1)
                                                                          Sort Key: t.kind_id
                                                                          Sort Method: quicksort  Memory: 1168kB
                                                                          ->  Nested Loop  (cost=0.00..211097.00 rows=14860 width=29) (actual time=0.796..110.779 rows=9739 loops=1)
                                                                                ->  Nested Loop  (cost=0.00..136915.00 rows=37091 width=4) (actual time=0.792..38.375 rows=37091 loops=1)
                                                                                      ->  Seq Scan on keyword k  (cost=0.00..134170.00 rows=3 width=4) (actual time=0.786..15.623 rows=3 loops=1)
                                                                                            Filter: (keyword = ANY ('{murder,murder-in-title,blood,violence}'::text[]))
                                                                                            Rows Removed by Filter: 134167
                                                                                      ->  Index Scan using keyword_id_movie_keyword on movie_keyword mk  (cost=0.00..610.00 rows=305 width=8) (actual time=0.006..6.183 rows=12364 loops=3)
                                                                                            Index Cond: (keyword_id = k.id)
                                                                                ->  Index Scan using title_pkey on title t  (cost=0.00..2.00 rows=1 width=25) (actual time=0.002..0.002 rows=0 loops=37091)
                                                                                      Index Cond: (id = mk.movie_id)
                                                                                      Filter: (production_year > 2005)
                                                                                      Rows Removed by Filter: 1
                                                              ->  Index Scan using movie_id_complete_cast on complete_cast cc  (cost=0.00..4.00 rows=2 width=12) (actual time=0.001..0.001 rows=0 loops=8073)
                                                                    Index Cond: (movie_id = t.id)
                                                        ->  Hash  (cost=4.00..4.00 rows=1 width=4) (actual time=0.006..0.006 rows=1 loops=1)
                                                              Buckets: 1024  Batches: 1  Memory Usage: 9kB
                                                              ->  Seq Scan on comp_cast_type cct1  (cost=0.00..4.00 rows=1 width=4) (actual time=0.004..0.005 rows=1 loops=1)
                                                                    Filter: ((kind)::text = 'crew'::text)
                                                                    Rows Removed by Filter: 3
                                                  ->  Index Scan using movie_id_movie_info_idx on movie_info_idx mi_idx  (cost=0.00..6.00 rows=1 width=13) (actual time=0.003..0.003 rows=1 loops=287)
                                                        Index Cond: (movie_id = t.id)
                                                        Filter: (info > '6.5'::text)
                                                        Rows Removed by Filter: 2
                                            ->  Index Scan using info_type_pkey on info_type it2  (cost=0.00..2.00 rows=1 width=4) (actual time=0.001..0.001 rows=1 loops=209)
                                                  Index Cond: (id = mi_idx.info_type_id)
                                                  Filter: ((info)::text = 'rating'::text)
                                                  Rows Removed by Filter: 0
                                      ->  Index Scan using comp_cast_type_pkey on comp_cast_type cct2  (cost=0.00..2.00 rows=1 width=4) (actual time=0.001..0.001 rows=1 loops=191)
                                            Index Cond: (id = cc.status_id)
                                            Filter: ((kind)::text <> 'complete+verified'::text)
                                            Rows Removed by Filter: 0
                                ->  Index Scan using movie_id_movie_info on movie_info mi  (cost=0.00..84.00 rows=1 width=8) (actual time=0.036..0.037 rows=0 loops=179)
                                      Index Cond: (movie_id = t.id)
                                      Filter: (info = ANY ('{Sweden,Germany,Swedish,German}'::text[]))
                                      Rows Removed by Filter: 130
                          ->  Index Scan using info_type_pkey on info_type it1  (cost=0.00..2.00 rows=1 width=4) (actual time=0.001..0.001 rows=1 loops=20)
                                Index Cond: (id = mi.info_type_id)
                                Filter: ((info)::text = 'countries'::text)
                                Rows Removed by Filter: 0
                    ->  Index Scan using movie_id_movie_companies on movie_companies mc  (cost=0.00..10.00 rows=1 width=12) (actual time=0.005..0.015 rows=12 loops=13)
                          Index Cond: (movie_id = t.id)
                          Filter: ((note !~~ '%(USA)%'::text) AND (note ~~ '%(200%)%'::text))
                          Rows Removed by Filter: 17
              ->  Index Scan using company_name_pkey on company_name cn  (cost=0.00..2.00 rows=1 width=23) (actual time=0.002..0.002 rows=1 loops=150)
                    Index Cond: (id = mc.company_id)
                    Filter: ((country_code)::text <> '[us]'::text)
                    Rows Removed by Filter: 0
        ->  Index Only Scan using company_type_pkey on company_type ct  (cost=0.00..2.00 rows=1 width=4) (actual time=0.001..0.001 rows=1 loops=148)
              Index Cond: (id = mc.company_type_id)
              Heap Fetches: 148
Planning time: 55.057 ms
Execution time: 135.163 ms
