Aggregate  (cost=263782.80..263783.80 rows=1 width=96) (actual time=248.119..248.120 rows=1 loops=1)
  ->  Nested Loop  (cost=211116.00..263782.80 rows=1 width=41) (actual time=128.244..248.060 rows=148 loops=1)
        ->  Nested Loop  (cost=211116.00..263780.00 rows=1 width=45) (actual time=128.241..247.889 rows=148 loops=1)
              ->  Nested Loop  (cost=211116.00..263776.00 rows=1 width=49) (actual time=128.238..247.727 rows=149 loops=1)
                    ->  Nested Loop  (cost=211116.00..263691.00 rows=1 width=65) (actual time=117.826..143.514 rows=1387 loops=1)
                          ->  Nested Loop  (cost=211116.00..263687.00 rows=1 width=69) (actual time=117.823..141.766 rows=1652 loops=1)
                                ->  Nested Loop  (cost=211116.00..263652.00 rows=5 width=56) (actual time=117.360..137.168 rows=1685 loops=1)
                                      ->  Nested Loop  (cost=211116.00..263632.00 rows=10 width=41) (actual time=117.355..133.413 rows=1735 loops=1)
                                            ->  Hash Join  (cost=211116.00..262741.00 rows=81 width=29) (actual time=117.314..130.718 rows=273 loops=1)
                                                  Hash Cond: (cc.status_id = cct2.id)
                                                  ->  Hash Join  (cost=211109.00..262653.00 rows=108 width=33) (actual time=117.304..130.640 rows=287 loops=1)
                                                        Hash Cond: (cc.subject_id = cct1.id)
                                                        ->  Nested Loop  (cost=211104.00..262325.00 rows=431 width=37) (actual time=117.297..130.452 rows=1558 loops=1)
                                                              ->  Merge Join  (cost=211104.00..213887.00 rows=8073 width=25) (actual time=117.274..119.343 rows=8073 loops=1)
                                                                    Merge Cond: (t.kind_id = kt.id)
                                                                    ->  Sort  (cost=211097.00..211097.00 rows=9739 width=29) (actual time=117.263..117.818 rows=9739 loops=1)
                                                                          Sort Key: t.kind_id
                                                                          Sort Method: quicksort  Memory: 1168kB
                                                                          ->  Nested Loop  (cost=0.00..211097.00 rows=9739 width=29) (actual time=0.811..115.424 rows=9739 loops=1)
                                                                                ->  Nested Loop  (cost=0.00..136915.00 rows=37091 width=4) (actual time=0.807..40.803 rows=37091 loops=1)
                                                                                      ->  Seq Scan on keyword k  (cost=0.00..134170.00 rows=3 width=4) (actual time=0.799..15.978 rows=3 loops=1)
                                                                                            Filter: (keyword = ANY ('{murder,murder-in-title,blood,violence}'::text[]))
                                                                                            Rows Removed by Filter: 134167
                                                                                      ->  Index Scan using keyword_id_movie_keyword on movie_keyword mk  (cost=0.00..610.00 rows=305 width=8) (actual time=0.007..6.820 rows=12364 loops=3)
                                                                                            Index Cond: (keyword_id = k.id)
                                                                                ->  Index Scan using title_pkey on title t  (cost=0.00..2.00 rows=1 width=25) (actual time=0.002..0.002 rows=0 loops=37091)
                                                                                      Index Cond: (id = mk.movie_id)
                                                                                      Filter: (production_year > 2005)
                                                                                      Rows Removed by Filter: 1
                                                                    ->  Sort  (cost=7.00..7.00 rows=2 width=4) (actual time=0.009..0.009 rows=2 loops=1)
                                                                          Sort Key: kt.id
                                                                          Sort Method: quicksort  Memory: 25kB
                                                                          ->  Seq Scan on kind_type kt  (cost=0.00..7.00 rows=2 width=4) (actual time=0.004..0.005 rows=2 loops=1)
                                                                                Filter: ((kind)::text = ANY ('{movie,episode}'::text[]))
                                                                                Rows Removed by Filter: 5
                                                              ->  Index Scan using movie_id_complete_cast on complete_cast cc  (cost=0.00..4.00 rows=2 width=12) (actual time=0.001..0.001 rows=0 loops=8073)
                                                                    Index Cond: (movie_id = t.id)
                                                        ->  Hash  (cost=4.00..4.00 rows=1 width=4) (actual time=0.002..0.002 rows=1 loops=1)
                                                              Buckets: 1024  Batches: 1  Memory Usage: 9kB
                                                              ->  Seq Scan on comp_cast_type cct1  (cost=0.00..4.00 rows=1 width=4) (actual time=0.002..0.002 rows=1 loops=1)
                                                                    Filter: ((kind)::text = 'crew'::text)
                                                                    Rows Removed by Filter: 3
                                                  ->  Hash  (cost=4.00..4.00 rows=3 width=4) (actual time=0.007..0.007 rows=3 loops=1)
                                                        Buckets: 1024  Batches: 1  Memory Usage: 9kB
                                                        ->  Seq Scan on comp_cast_type cct2  (cost=0.00..4.00 rows=3 width=4) (actual time=0.004..0.005 rows=3 loops=1)
                                                              Filter: ((kind)::text <> 'complete+verified'::text)
                                                              Rows Removed by Filter: 1
                                            ->  Index Scan using movie_id_movie_companies on movie_companies mc  (cost=0.00..10.00 rows=1 width=12) (actual time=0.004..0.009 rows=6 loops=273)
                                                  Index Cond: (movie_id = t.id)
                                                  Filter: ((note !~~ '%(USA)%'::text) AND (note ~~ '%(200%)%'::text))
                                                  Rows Removed by Filter: 10
                                      ->  Index Scan using company_name_pkey on company_name cn  (cost=0.00..2.00 rows=1 width=23) (actual time=0.002..0.002 rows=1 loops=1735)
                                            Index Cond: (id = mc.company_id)
                                            Filter: ((country_code)::text <> '[us]'::text)
                                            Rows Removed by Filter: 0
                                ->  Index Scan using movie_id_movie_info_idx on movie_info_idx mi_idx  (cost=0.00..6.00 rows=1 width=13) (actual time=0.002..0.002 rows=1 loops=1685)
                                      Index Cond: (movie_id = t.id)
                                      Filter: (info > '6.5'::text)
                                      Rows Removed by Filter: 2
                          ->  Index Scan using info_type_pkey on info_type it2  (cost=0.00..2.00 rows=1 width=4) (actual time=0.001..0.001 rows=1 loops=1652)
                                Index Cond: (id = mi_idx.info_type_id)
                                Filter: ((info)::text = 'rating'::text)
                                Rows Removed by Filter: 0
                    ->  Index Scan using movie_id_movie_info on movie_info mi  (cost=0.00..84.00 rows=1 width=8) (actual time=0.075..0.075 rows=0 loops=1387)
                          Index Cond: (movie_id = t.id)
                          Filter: (info = ANY ('{Sweden,Germany,Swedish,German}'::text[]))
                          Rows Removed by Filter: 336
              ->  Index Scan using info_type_pkey on info_type it1  (cost=0.00..2.00 rows=1 width=4) (actual time=0.001..0.001 rows=1 loops=149)
                    Index Cond: (id = mi.info_type_id)
                    Filter: ((info)::text = 'countries'::text)
                    Rows Removed by Filter: 0
        ->  Index Only Scan using company_type_pkey on company_type ct  (cost=0.00..2.00 rows=1 width=4) (actual time=0.001..0.001 rows=1 loops=148)
              Index Cond: (id = mc.company_type_id)
              Heap Fetches: 148
Planning time: 55.139 ms
Execution time: 248.200 ms
