Aggregate  (cost=138418.80..138419.80 rows=1 width=96) (actual time=211.545..211.546 rows=1 loops=1)
  ->  Nested Loop  (cost=0.00..138418.80 rows=1 width=41) (actual time=1.502..211.484 rows=148 loops=1)
        ->  Nested Loop  (cost=0.00..138416.00 rows=1 width=45) (actual time=1.499..211.326 rows=148 loops=1)
              ->  Nested Loop  (cost=0.00..138414.00 rows=1 width=30) (actual time=1.493..210.865 rows=150 loops=1)
                    ->  Nested Loop  (cost=0.00..138403.00 rows=1 width=42) (actual time=1.487..210.617 rows=13 loops=1)
                          ->  Nested Loop  (cost=0.00..138399.00 rows=1 width=46) (actual time=1.485..210.589 rows=20 loops=1)
                                ->  Nested Loop  (cost=0.00..138395.00 rows=1 width=50) (actual time=1.482..210.546 rows=22 loops=1)
                                      ->  Nested Loop  (cost=0.00..138388.00 rows=1 width=37) (actual time=1.476..210.355 rows=34 loops=1)
                                            ->  Nested Loop  (cost=0.00..138384.00 rows=1 width=41) (actual time=1.463..210.130 rows=208 loops=1)
                                                  ->  Nested Loop  (cost=0.00..138299.00 rows=1 width=33) (actual time=1.139..159.129 rows=1195 loops=1)
                                                        ->  Nested Loop  (cost=0.00..138296.00 rows=1 width=37) (actual time=1.136..157.558 rows=1558 loops=1)
                                                              ->  Nested Loop  (cost=0.00..138206.00 rows=15 width=25) (actual time=0.817..143.933 rows=8073 loops=1)
                                                                    ->  Nested Loop  (cost=0.00..138100.00 rows=53 width=29) (actual time=0.806..134.151 rows=9739 loops=1)
                                                                          ->  Nested Loop  (cost=0.00..137830.00 rows=135 width=4) (actual time=0.800..44.822 rows=37091 loops=1)
                                                                                ->  Seq Scan on keyword k  (cost=0.00..134170.00 rows=4 width=4) (actual time=0.791..15.378 rows=3 loops=1)
                                                                                      Filter: (keyword = ANY ('{murder,murder-in-title,blood,violence}'::text[]))
                                                                                      Rows Removed by Filter: 134167
                                                                                ->  Index Scan using keyword_id_movie_keyword on movie_keyword mk  (cost=0.00..610.00 rows=305 width=8) (actual time=0.008..8.337 rows=12364 loops=3)
                                                                                      Index Cond: (keyword_id = k.id)
                                                                          ->  Index Scan using title_pkey on title t  (cost=0.00..2.00 rows=1 width=25) (actual time=0.002..0.002 rows=0 loops=37091)
                                                                                Index Cond: (id = mk.movie_id)
                                                                                Filter: (production_year > 2005)
                                                                                Rows Removed by Filter: 1
                                                                    ->  Index Scan using kind_type_pkey on kind_type kt  (cost=0.00..2.00 rows=1 width=4) (actual time=0.001..0.001 rows=1 loops=9739)
                                                                          Index Cond: (id = t.kind_id)
                                                                          Filter: ((kind)::text = ANY ('{movie,episode}'::text[]))
                                                                          Rows Removed by Filter: 0
                                                              ->  Index Scan using movie_id_complete_cast on complete_cast cc  (cost=0.00..4.00 rows=2 width=12) (actual time=0.001..0.001 rows=0 loops=8073)
                                                                    Index Cond: (movie_id = t.id)
                                                        ->  Index Scan using comp_cast_type_pkey on comp_cast_type cct2  (cost=0.00..2.00 rows=1 width=4) (actual time=0.001..0.001 rows=1 loops=1558)
                                                              Index Cond: (id = cc.status_id)
                                                              Filter: ((kind)::text <> 'complete+verified'::text)
                                                              Rows Removed by Filter: 0
                                                  ->  Index Scan using movie_id_movie_info on movie_info mi  (cost=0.00..84.00 rows=1 width=8) (actual time=0.039..0.042 rows=0 loops=1195)
                                                        Index Cond: (movie_id = t.id)
                                                        Filter: (info = ANY ('{Sweden,Germany,Swedish,German}'::text[]))
                                                        Rows Removed by Filter: 126
                                            ->  Index Scan using comp_cast_type_pkey on comp_cast_type cct1  (cost=0.00..2.00 rows=1 width=4) (actual time=0.001..0.001 rows=0 loops=208)
                                                  Index Cond: (id = cc.subject_id)
                                                  Filter: ((kind)::text = 'crew'::text)
                                                  Rows Removed by Filter: 1
                                      ->  Index Scan using movie_id_movie_info_idx on movie_info_idx mi_idx  (cost=0.00..6.00 rows=1 width=13) (actual time=0.005..0.005 rows=1 loops=34)
                                            Index Cond: (movie_id = t.id)
                                            Filter: (info > '6.5'::text)
                                            Rows Removed by Filter: 2
                                ->  Index Scan using info_type_pkey on info_type it2  (cost=0.00..2.00 rows=1 width=4) (actual time=0.001..0.001 rows=1 loops=22)
                                      Index Cond: (id = mi_idx.info_type_id)
                                      Filter: ((info)::text = 'rating'::text)
                                      Rows Removed by Filter: 0
                          ->  Index Scan using info_type_pkey on info_type it1  (cost=0.00..2.00 rows=1 width=4) (actual time=0.001..0.001 rows=1 loops=20)
                                Index Cond: (id = mi.info_type_id)
                                Filter: ((info)::text = 'countries'::text)
                                Rows Removed by Filter: 0
                    ->  Index Scan using movie_id_movie_companies on movie_companies mc  (cost=0.00..10.00 rows=1 width=12) (actual time=0.006..0.017 rows=12 loops=13)
                          Index Cond: (movie_id = t.id)
                          Filter: ((note !~~ '%(USA)%'::text) AND (note ~~ '%(200%)%'::text))
                          Rows Removed by Filter: 17
              ->  Index Scan using company_name_pkey on company_name cn  (cost=0.00..2.00 rows=1 width=23) (actual time=0.003..0.003 rows=1 loops=150)
                    Index Cond: (id = mc.company_id)
                    Filter: ((country_code)::text <> '[us]'::text)
                    Rows Removed by Filter: 0
        ->  Index Only Scan using company_type_pkey on company_type ct  (cost=0.00..2.00 rows=1 width=4) (actual time=0.001..0.001 rows=1 loops=148)
              Index Cond: (id = mc.company_type_id)
              Heap Fetches: 148
Planning time: 55.121 ms
Execution time: 211.637 ms
