Aggregate  (cost=278116.90..278117.90 rows=1 width=96) (actual time=267.075..267.075 rows=1 loops=1)
  ->  Nested Loop  (cost=0.00..278116.90 rows=1 width=41) (actual time=1.399..267.015 rows=148 loops=1)
        ->  Nested Loop  (cost=0.00..278112.90 rows=1 width=45) (actual time=1.397..266.778 rows=224 loops=1)
              ->  Nested Loop  (cost=0.00..278105.90 rows=1 width=56) (actual time=1.391..266.209 rows=210 loops=1)
                    ->  Nested Loop  (cost=0.00..278101.90 rows=1 width=60) (actual time=1.389..265.938 rows=233 loops=1)
                          ->  Nested Loop  (cost=0.00..277591.90 rows=6 width=52) (actual time=1.063..145.633 rows=1685 loops=1)
                                ->  Nested Loop  (cost=0.00..277581.50 rows=6 width=56) (actual time=1.061..143.850 rows=1685 loops=1)
                                      ->  Nested Loop  (cost=0.00..277557.50 rows=12 width=41) (actual time=1.057..139.862 rows=1735 loops=1)
                                            ->  Nested Loop  (cost=0.00..276490.50 rows=97 width=29) (actual time=1.053..137.174 rows=273 loops=1)
                                                  ->  Nested Loop  (cost=0.00..275812.50 rows=339 width=33) (actual time=1.051..136.775 rows=315 loops=1)
                                                        ->  Nested Loop  (cost=0.00..272761.50 rows=1356 width=37) (actual time=1.046..135.475 rows=1356 loops=1)
                                                              ->  Nested Loop  (cost=0.00..269531.00 rows=1723 width=41) (actual time=1.044..133.751 rows=1723 loops=1)
                                                                    ->  Nested Loop  (cost=0.00..211097.00 rows=9739 width=29) (actual time=0.787..118.916 rows=9739 loops=1)
                                                                          ->  Nested Loop  (cost=0.00..136915.00 rows=37091 width=4) (actual time=0.784..40.595 rows=37091 loops=1)
                                                                                ->  Seq Scan on keyword k  (cost=0.00..134170.00 rows=3 width=4) (actual time=0.777..15.675 rows=3 loops=1)
                                                                                      Filter: (keyword = ANY ('{murder,murder-in-title,blood,violence}'::text[]))
                                                                                      Rows Removed by Filter: 134167
                                                                                ->  Index Scan using keyword_id_movie_keyword on movie_keyword mk  (cost=0.00..610.00 rows=305 width=8) (actual time=0.006..6.882 rows=12364 loops=3)
                                                                                      Index Cond: (keyword_id = k.id)
                                                                          ->  Index Scan using title_pkey on title t  (cost=0.00..2.00 rows=1 width=25) (actual time=0.002..0.002 rows=0 loops=37091)
                                                                                Index Cond: (id = mk.movie_id)
                                                                                Filter: (production_year > 2005)
                                                                                Rows Removed by Filter: 1
                                                                    ->  Index Scan using movie_id_complete_cast on complete_cast cc  (cost=0.00..4.00 rows=2 width=12) (actual time=0.001..0.001 rows=0 loops=9739)
                                                                          Index Cond: (movie_id = t.id)
                                                              ->  Index Scan using comp_cast_type_pkey on comp_cast_type cct2  (cost=0.00..2.00 rows=1 width=4) (actual time=0.001..0.001 rows=1 loops=1723)
                                                                    Index Cond: (id = cc.status_id)
                                                                    Filter: ((kind)::text <> 'complete+verified'::text)
                                                                    Rows Removed by Filter: 0
                                                        ->  Index Scan using comp_cast_type_pkey on comp_cast_type cct1  (cost=0.00..2.00 rows=1 width=4) (actual time=0.001..0.001 rows=0 loops=1356)
                                                              Index Cond: (id = cc.subject_id)
                                                              Filter: ((kind)::text = 'crew'::text)
                                                              Rows Removed by Filter: 1
                                                  ->  Index Scan using kind_type_pkey on kind_type kt  (cost=0.00..2.00 rows=1 width=4) (actual time=0.001..0.001 rows=1 loops=315)
                                                        Index Cond: (id = t.kind_id)
                                                        Filter: ((kind)::text = ANY ('{movie,episode}'::text[]))
                                                        Rows Removed by Filter: 0
                                            ->  Index Scan using movie_id_movie_companies on movie_companies mc  (cost=0.00..10.00 rows=1 width=12) (actual time=0.004..0.009 rows=6 loops=273)
                                                  Index Cond: (movie_id = t.id)
                                                  Filter: ((note !~~ '%(USA)%'::text) AND (note ~~ '%(200%)%'::text))
                                                  Rows Removed by Filter: 10
                                      ->  Index Scan using company_name_pkey on company_name cn  (cost=0.00..2.00 rows=1 width=23) (actual time=0.002..0.002 rows=1 loops=1735)
                                            Index Cond: (id = mc.company_id)
                                            Filter: ((country_code)::text <> '[us]'::text)
                                            Rows Removed by Filter: 0
                                ->  Index Only Scan using company_type_pkey on company_type ct  (cost=0.00..2.00 rows=1 width=4) (actual time=0.001..0.001 rows=1 loops=1685)
                                      Index Cond: (id = mc.company_type_id)
                                      Heap Fetches: 1685
                          ->  Index Scan using movie_id_movie_info on movie_info mi  (cost=0.00..84.00 rows=1 width=8) (actual time=0.071..0.071 rows=0 loops=1685)
                                Index Cond: (movie_id = t.id)
                                Filter: (info = ANY ('{Sweden,Germany,Swedish,German}'::text[]))
                                Rows Removed by Filter: 315
                    ->  Index Scan using info_type_pkey on info_type it1  (cost=0.00..2.00 rows=1 width=4) (actual time=0.001..0.001 rows=1 loops=233)
                          Index Cond: (id = mi.info_type_id)
                          Filter: ((info)::text = 'countries'::text)
                          Rows Removed by Filter: 0
              ->  Index Scan using movie_id_movie_info_idx on movie_info_idx mi_idx  (cost=0.00..6.00 rows=1 width=13) (actual time=0.002..0.002 rows=1 loops=210)
                    Index Cond: (movie_id = t.id)
                    Filter: (info > '6.5'::text)
                    Rows Removed by Filter: 2
        ->  Index Scan using info_type_pkey on info_type it2  (cost=0.00..2.00 rows=1 width=4) (actual time=0.001..0.001 rows=1 loops=224)
              Index Cond: (id = mi_idx.info_type_id)
              Filter: ((info)::text = 'rating'::text)
              Rows Removed by Filter: 0
Planning time: 54.976 ms
Execution time: 267.151 ms
