Aggregate  (cost=137389.80..137390.80 rows=1 width=96) (actual time=840.531..840.531 rows=1 loops=1)
  ->  Nested Loop  (cost=0.00..137389.80 rows=1 width=41) (actual time=1.161..837.478 rows=8373 loops=1)
        ->  Nested Loop  (cost=0.00..137385.80 rows=1 width=45) (actual time=1.159..827.675 rows=9489 loops=1)
              ->  Nested Loop  (cost=0.00..137299.80 rows=1 width=61) (actual time=1.146..278.493 rows=8156 loops=1)
                    ->  Nested Loop  (cost=0.00..137295.80 rows=1 width=65) (actual time=1.140..253.229 rows=24274 loops=1)
                          ->  Nested Loop  (cost=0.00..137286.80 rows=1 width=52) (actual time=1.135..228.155 rows=8286 loops=1)
                                ->  Nested Loop  (cost=0.00..137282.80 rows=1 width=56) (actual time=1.133..214.459 rows=13954 loops=1)
                                      ->  Nested Loop  (cost=0.00..137280.00 rows=1 width=60) (actual time=1.130..199.716 rows=13954 loops=1)
                                            ->  Nested Loop  (cost=0.00..137278.00 rows=1 width=45) (actual time=1.126..168.248 rows=14573 loops=1)
                                                  ->  Nested Loop  (cost=0.00..137267.00 rows=1 width=33) (actual time=1.121..151.003 rows=1271 loops=1)
                                                        ->  Nested Loop  (cost=0.00..137263.00 rows=1 width=37) (actual time=1.118..149.257 rows=1558 loops=1)
                                                              ->  Nested Loop  (cost=0.00..137197.00 rows=11 width=25) (actual time=0.820..135.890 rows=8073 loops=1)
                                                                    ->  Nested Loop  (cost=0.00..137117.00 rows=40 width=29) (actual time=0.809..125.422 rows=9739 loops=1)
                                                                          ->  Nested Loop  (cost=0.00..136915.00 rows=101 width=4) (actual time=0.805..41.869 rows=37091 loops=1)
                                                                                ->  Seq Scan on keyword k  (cost=0.00..134170.00 rows=3 width=4) (actual time=0.797..16.117 rows=3 loops=1)
                                                                                      Filter: (keyword = ANY ('{murder,murder-in-title,blood,violence}'::text[]))
                                                                                      Rows Removed by Filter: 134167
                                                                                ->  Index Scan using keyword_id_movie_keyword on movie_keyword mk  (cost=0.00..610.00 rows=305 width=8) (actual time=0.007..7.105 rows=12364 loops=3)
                                                                                      Index Cond: (keyword_id = k.id)
                                                                          ->  Index Scan using title_pkey on title t  (cost=0.00..2.00 rows=1 width=25) (actual time=0.002..0.002 rows=0 loops=37091)
                                                                                Index Cond: (id = mk.movie_id)
                                                                                Filter: (production_year > 2005)
                                                                                Rows Removed by Filter: 1
                                                                    ->  Index Scan using kind_type_pkey on kind_type kt  (cost=0.00..2.00 rows=1 width=4) (actual time=0.001..0.001 rows=1 loops=9739)
                                                                          Index Cond: (id = t.kind_id)
                                                                          Filter: ((kind)::text = ANY ('{movie,episode}'::text[]))
                                                                          Rows Removed by Filter: 0
                                                              ->  Index Scan using movie_id_complete_cast on complete_cast cc  (cost=0.00..4.00 rows=2 width=12) (actual time=0.001..0.001 rows=0 loops=8073)
                                                                    Index Cond: (movie_id = t.id)
                                                        ->  Index Scan using comp_cast_type_pkey on comp_cast_type cct1  (cost=0.00..2.00 rows=1 width=4) (actual time=0.001..0.001 rows=1 loops=1558)
                                                              Index Cond: (id = cc.subject_id)
                                                              Filter: ((kind)::text = 'cast'::text)
                                                              Rows Removed by Filter: 0
                                                  ->  Index Scan using movie_id_movie_companies on movie_companies mc  (cost=0.00..10.00 rows=1 width=12) (actual time=0.005..0.012 rows=11 loops=1271)
                                                        Index Cond: (movie_id = t.id)
                                                        Filter: ((note !~~ '%(USA)%'::text) AND (note ~~ '%(200%)%'::text))
                                                        Rows Removed by Filter: 11
                                            ->  Index Scan using company_name_pkey on company_name cn  (cost=0.00..2.00 rows=1 width=23) (actual time=0.002..0.002 rows=1 loops=14573)
                                                  Index Cond: (id = mc.company_id)
                                                  Filter: ((country_code)::text <> '[us]'::text)
                                                  Rows Removed by Filter: 0
                                      ->  Index Only Scan using company_type_pkey on company_type ct  (cost=0.00..2.00 rows=1 width=4) (actual time=0.001..0.001 rows=1 loops=13954)
                                            Index Cond: (id = mc.company_type_id)
                                            Heap Fetches: 13954
                                ->  Index Scan using comp_cast_type_pkey on comp_cast_type cct2  (cost=0.00..2.00 rows=1 width=4) (actual time=0.001..0.001 rows=1 loops=13954)
                                      Index Cond: (id = cc.status_id)
                                      Filter: ((kind)::text = 'complete'::text)
                                      Rows Removed by Filter: 0
                          ->  Index Scan using movie_id_movie_info_idx on movie_info_idx mi_idx  (cost=0.00..6.00 rows=3 width=13) (actual time=0.002..0.002 rows=3 loops=8286)
                                Index Cond: (movie_id = t.id)
                                Filter: (info < '8.5'::text)
                                Rows Removed by Filter: 0
                    ->  Index Scan using info_type_pkey on info_type it2  (cost=0.00..2.00 rows=1 width=4) (actual time=0.001..0.001 rows=0 loops=24274)
                          Index Cond: (id = mi_idx.info_type_id)
                          Filter: ((info)::text = 'rating'::text)
                          Rows Removed by Filter: 1
              ->  Index Scan using movie_id_movie_info on movie_info mi  (cost=0.00..84.00 rows=2 width=8) (actual time=0.056..0.067 rows=1 loops=8156)
                    Index Cond: (movie_id = t.id)
                    Filter: (info = ANY ('{Sweden,Norway,Germany,Denmark,Swedish,Danish,Norwegian,German,USA,American}'::text[]))
                    Rows Removed by Filter: 206
        ->  Index Scan using info_type_pkey on info_type it1  (cost=0.00..2.00 rows=1 width=4) (actual time=0.001..0.001 rows=1 loops=9489)
              Index Cond: (id = mi.info_type_id)
              Filter: ((info)::text = 'countries'::text)
              Rows Removed by Filter: 0
Planning time: 54.655 ms
Execution time: 840.606 ms
