Aggregate  (cost=138521.00..138522.00 rows=1 width=96) (actual time=90.124..90.124 rows=1 loops=1)
  ->  Nested Loop  (cost=0.00..138521.00 rows=1 width=48) (actual time=3.160..89.772 rows=1620 loops=1)
        ->  Nested Loop  (cost=0.00..138517.00 rows=1 width=52) (actual time=3.157..88.335 rows=1620 loops=1)
              ->  Nested Loop  (cost=0.00..138432.00 rows=1 width=68) (actual time=3.141..20.292 rows=810 loops=1)
                    ->  Nested Loop  (cost=0.00..138430.00 rows=1 width=65) (actual time=3.136..18.988 rows=810 loops=1)
                          ->  Nested Loop  (cost=0.00..138428.00 rows=1 width=69) (actual time=3.133..13.644 rows=3564 loops=1)
                                ->  Nested Loop  (cost=0.00..138413.00 rows=1 width=61) (actual time=3.129..12.469 rows=162 loops=1)
                                      ->  Nested Loop  (cost=0.00..138361.00 rows=25 width=65) (actual time=3.122..12.040 rows=489 loops=1)
                                            ->  Nested Loop  (cost=0.00..138286.00 rows=1 width=57) (actual time=3.118..11.899 rows=3 loops=1)
                                                  ->  Nested Loop  (cost=0.00..138280.00 rows=2 width=45) (actual time=3.113..11.866 rows=16 loops=1)
                                                        ->  Nested Loop  (cost=0.00..138274.00 rows=1 width=41) (actual time=3.108..11.829 rows=11 loops=1)
                                                              ->  Nested Loop  (cost=0.00..138271.00 rows=1 width=20) (actual time=0.282..11.523 rows=175 loops=1)
                                                                    ->  Nested Loop  (cost=0.00..138259.00 rows=5 width=24) (actual time=0.215..10.887 rows=703 loops=1)
                                                                          ->  Nested Loop  (cost=0.00..137821.00 rows=6 width=8) (actual time=0.207..8.802 rows=23 loops=1)
                                                                                ->  Nested Loop  (cost=0.00..137771.00 rows=22 width=12) (actual time=0.082..8.735 rows=74 loops=1)
                                                                                      ->  Nested Loop  (cost=0.00..137569.00 rows=90 width=16) (actual time=0.080..8.649 rows=90 loops=1)
                                                                                            ->  Nested Loop  (cost=0.00..135085.00 rows=414 width=4) (actual time=0.036..7.962 rows=414 loops=1)
                                                                                                  ->  Seq Scan on keyword k  (cost=0.00..134170.00 rows=1 width=4) (actual time=0.028..7.709 rows=1 loops=1)
                                                                                                        Filter: (keyword = 'computer-animation'::text)
                                                                                                        Rows Removed by Filter: 134169
                                                                                                  ->  Index Scan using keyword_id_movie_keyword on movie_keyword mk  (cost=0.00..610.00 rows=305 width=8) (actual time=0.007..0.207 rows=414 loops=1)
                                                                                                        Index Cond: (keyword_id = k.id)
                                                                                            ->  Index Scan using movie_id_complete_cast on complete_cast cc  (cost=0.00..4.00 rows=2 width=12) (actual time=0.001..0.001 rows=0 loops=414)
                                                                                                  Index Cond: (movie_id = mk.movie_id)
                                                                                      ->  Index Scan using comp_cast_type_pkey on comp_cast_type cct1  (cost=0.00..2.00 rows=1 width=4) (actual time=0.001..0.001 rows=1 loops=90)
                                                                                            Index Cond: (id = cc.subject_id)
                                                                                            Filter: ((kind)::text = 'cast'::text)
                                                                                            Rows Removed by Filter: 0
                                                                                ->  Index Scan using comp_cast_type_pkey on comp_cast_type cct2  (cost=0.00..2.00 rows=1 width=4) (actual time=0.001..0.001 rows=0 loops=74)
                                                                                      Index Cond: (id = cc.status_id)
                                                                                      Filter: ((kind)::text = 'complete+verified'::text)
                                                                                      Rows Removed by Filter: 1
                                                                          ->  Index Scan using movie_id_cast_info on cast_info ci  (cost=0.00..72.00 rows=1 width=16) (actual time=0.012..0.086 rows=31 loops=23)
                                                                                Index Cond: (movie_id = mk.movie_id)
                                                                                Filter: (note = ANY ('{(voice),"(voice) (uncredited)","(voice: English version)"}'::text[]))
                                                                                Rows Removed by Filter: 116
                                                                    ->  Index Scan using role_type_pkey on role_type rt  (cost=0.00..2.00 rows=1 width=4) (actual time=0.001..0.001 rows=0 loops=703)
                                                                          Index Cond: (id = ci.role_id)
                                                                          Filter: ((role)::text = 'actress'::text)
                                                                          Rows Removed by Filter: 1
                                                              ->  Index Scan using title_pkey on title t  (cost=0.00..2.00 rows=1 width=21) (actual time=0.002..0.002 rows=0 loops=175)
                                                                    Index Cond: (id = ci.movie_id)
                                                                    Filter: ((production_year >= 2000) AND (production_year <= 2010) AND (title = 'Shrek 2'::text))
                                                                    Rows Removed by Filter: 1
                                                        ->  Index Only Scan using person_id_aka_name on aka_name an  (cost=0.00..4.00 rows=2 width=4) (actual time=0.002..0.003 rows=1 loops=11)
                                                              Index Cond: (person_id = ci.person_id)
                                                              Heap Fetches: 16
                                                  ->  Index Scan using char_name_pkey on char_name chn  (cost=0.00..2.00 rows=1 width=20) (actual time=0.002..0.002 rows=0 loops=16)
                                                        Index Cond: (id = ci.person_role_id)
                                                        Filter: (name = 'Queen'::text)
                                                        Rows Removed by Filter: 1
                                            ->  Index Scan using person_id_person_info on person_info pi  (cost=0.00..50.00 rows=25 width=8) (actual time=0.002..0.025 rows=163 loops=3)
                                                  Index Cond: (person_id = ci.person_id)
                                      ->  Index Scan using info_type_pkey on info_type it3  (cost=0.00..2.00 rows=1 width=4) (actual time=0.001..0.001 rows=0 loops=489)
                                            Index Cond: (id = pi.info_type_id)
                                            Filter: ((info)::text = 'trivia'::text)
                                            Rows Removed by Filter: 1
                                ->  Index Scan using movie_id_movie_companies on movie_companies mc  (cost=0.00..10.00 rows=5 width=8) (actual time=0.002..0.004 rows=22 loops=162)
                                      Index Cond: (movie_id = t.id)
                          ->  Index Scan using company_name_pkey on company_name cn  (cost=0.00..2.00 rows=1 width=4) (actual time=0.001..0.001 rows=0 loops=3564)
                                Index Cond: (id = mc.company_id)
                                Filter: ((country_code)::text = '[us]'::text)
                                Rows Removed by Filter: 1
                    ->  Index Scan using name_pkey on name n  (cost=0.00..2.00 rows=1 width=19) (actual time=0.001..0.001 rows=1 loops=810)
                          Index Cond: (id = ci.person_id)
                          Filter: ((name ~~ '%An%'::text) AND ((gender)::text = 'f'::text))
              ->  Index Scan using movie_id_movie_info on movie_info mi  (cost=0.00..84.00 rows=1 width=8) (actual time=0.008..0.084 rows=2 loops=810)
                    Index Cond: (movie_id = t.id)
                    Filter: ((info IS NOT NULL) AND ((info ~~ 'Japan:%200%'::text) OR (info ~~ 'USA:%200%'::text)))
                    Rows Removed by Filter: 455
        ->  Index Scan using info_type_pkey on info_type it  (cost=0.00..2.00 rows=1 width=4) (actual time=0.001..0.001 rows=1 loops=1620)
              Index Cond: (id = mi.info_type_id)
              Filter: ((info)::text = 'release dates'::text)
Planning time: 74.063 ms
Execution time: 90.211 ms
