Aggregate  (cost=135442.00..135443.00 rows=1 width=96) (actual time=86.489..86.489 rows=1 loops=1)
  ->  Nested Loop  (cost=0.00..135442.00 rows=1 width=48) (actual time=1.205..86.139 rows=1620 loops=1)
        ->  Nested Loop  (cost=0.00..135438.00 rows=1 width=52) (actual time=1.203..84.728 rows=1620 loops=1)
              ->  Nested Loop  (cost=0.00..135353.00 rows=1 width=68) (actual time=1.186..16.768 rows=810 loops=1)
                    ->  Nested Loop  (cost=0.00..135351.00 rows=1 width=72) (actual time=1.182..11.448 rows=3564 loops=1)
                          ->  Nested Loop  (cost=0.00..135336.00 rows=1 width=64) (actual time=1.178..10.256 rows=162 loops=1)
                                ->  Nested Loop  (cost=0.00..135332.00 rows=1 width=68) (actual time=1.176..10.097 rows=162 loops=1)
                                      ->  Nested Loop  (cost=0.00..135328.00 rows=1 width=72) (actual time=1.174..9.936 rows=162 loops=1)
                                            ->  Nested Loop  (cost=0.00..135322.00 rows=1 width=84) (actual time=1.168..9.775 rows=54 loops=1)
                                                  ->  Nested Loop  (cost=0.00..135318.00 rows=1 width=88) (actual time=1.166..9.723 rows=54 loops=1)
                                                        ->  Nested Loop  (cost=0.00..135314.00 rows=1 width=92) (actual time=1.157..9.580 rows=163 loops=1)
                                                              ->  Nested Loop  (cost=0.00..135239.00 rows=1 width=84) (actual time=1.153..9.526 rows=1 loops=1)
                                                                    ->  Nested Loop  (cost=0.00..135233.00 rows=1 width=72) (actual time=1.149..9.522 rows=1 loops=1)
                                                                          ->  Nested Loop  (cost=0.00..135231.00 rows=1 width=53) (actual time=1.144..9.516 rows=1 loops=1)
                                                                                ->  Nested Loop  (cost=0.00..135227.00 rows=1 width=41) (actual time=1.017..9.373 rows=38 loops=1)
                                                                                      ->  Nested Loop  (cost=0.00..135154.00 rows=1 width=25) (actual time=1.010..9.199 rows=1 loops=1)
                                                                                            ->  Nested Loop  (cost=0.00..135085.00 rows=34 width=4) (actual time=0.038..8.207 rows=414 loops=1)
                                                                                                  ->  Seq Scan on keyword k  (cost=0.00..134170.00 rows=1 width=4) (actual time=0.030..7.913 rows=1 loops=1)
                                                                                                        Filter: (keyword = 'computer-animation'::text)
                                                                                                        Rows Removed by Filter: 134169
                                                                                                  ->  Index Scan using keyword_id_movie_keyword on movie_keyword mk  (cost=0.00..610.00 rows=305 width=8) (actual time=0.008..0.245 rows=414 loops=1)
                                                                                                        Index Cond: (keyword_id = k.id)
                                                                                            ->  Index Scan using title_pkey on title t  (cost=0.00..2.00 rows=1 width=21) (actual time=0.002..0.002 rows=0 loops=414)
                                                                                                  Index Cond: (id = mk.movie_id)
                                                                                                  Filter: ((production_year >= 2000) AND (production_year <= 2010) AND (title = 'Shrek 2'::text))
                                                                                                  Rows Removed by Filter: 1
                                                                                      ->  Index Scan using movie_id_cast_info on cast_info ci  (cost=0.00..72.00 rows=1 width=16) (actual time=0.006..0.169 rows=38 loops=1)
                                                                                            Index Cond: (movie_id = t.id)
                                                                                            Filter: (note = ANY ('{(voice),"(voice) (uncredited)","(voice: English version)"}'::text[]))
                                                                                            Rows Removed by Filter: 191
                                                                                ->  Index Scan using char_name_pkey on char_name chn  (cost=0.00..2.00 rows=1 width=20) (actual time=0.004..0.004 rows=0 loops=38)
                                                                                      Index Cond: (id = ci.person_role_id)
                                                                                      Filter: (name = 'Queen'::text)
                                                                                      Rows Removed by Filter: 1
                                                                          ->  Index Scan using name_pkey on name n  (cost=0.00..2.00 rows=1 width=19) (actual time=0.004..0.004 rows=1 loops=1)
                                                                                Index Cond: (id = ci.person_id)
                                                                                Filter: ((name ~~ '%An%'::text) AND ((gender)::text = 'f'::text))
                                                                    ->  Index Scan using movie_id_complete_cast on complete_cast cc  (cost=0.00..4.00 rows=2 width=12) (actual time=0.003..0.003 rows=1 loops=1)
                                                                          Index Cond: (movie_id = t.id)
                                                              ->  Index Scan using person_id_person_info on person_info pi  (cost=0.00..50.00 rows=25 width=8) (actual time=0.004..0.030 rows=163 loops=1)
                                                                    Index Cond: (person_id = n.id)
                                                        ->  Index Scan using info_type_pkey on info_type it3  (cost=0.00..2.00 rows=1 width=4) (actual time=0.001..0.001 rows=0 loops=163)
                                                              Index Cond: (id = pi.info_type_id)
                                                              Filter: ((info)::text = 'trivia'::text)
                                                              Rows Removed by Filter: 1
                                                  ->  Index Scan using comp_cast_type_pkey on comp_cast_type cct2  (cost=0.00..2.00 rows=1 width=4) (actual time=0.001..0.001 rows=1 loops=54)
                                                        Index Cond: (id = cc.status_id)
                                                        Filter: ((kind)::text = 'complete+verified'::text)
                                            ->  Index Only Scan using person_id_aka_name on aka_name an  (cost=0.00..4.00 rows=2 width=4) (actual time=0.002..0.002 rows=3 loops=54)
                                                  Index Cond: (person_id = n.id)
                                                  Heap Fetches: 162
                                      ->  Index Scan using role_type_pkey on role_type rt  (cost=0.00..2.00 rows=1 width=4) (actual time=0.001..0.001 rows=1 loops=162)
                                            Index Cond: (id = ci.role_id)
                                            Filter: ((role)::text = 'actress'::text)
                                ->  Index Scan using comp_cast_type_pkey on comp_cast_type cct1  (cost=0.00..2.00 rows=1 width=4) (actual time=0.001..0.001 rows=1 loops=162)
                                      Index Cond: (id = cc.subject_id)
                                      Filter: ((kind)::text = 'cast'::text)
                          ->  Index Scan using movie_id_movie_companies on movie_companies mc  (cost=0.00..10.00 rows=5 width=8) (actual time=0.002..0.004 rows=22 loops=162)
                                Index Cond: (movie_id = t.id)
                    ->  Index Scan using company_name_pkey on company_name cn  (cost=0.00..2.00 rows=1 width=4) (actual time=0.001..0.001 rows=0 loops=3564)
                          Index Cond: (id = mc.company_id)
                          Filter: ((country_code)::text = '[us]'::text)
                          Rows Removed by Filter: 1
              ->  Index Scan using movie_id_movie_info on movie_info mi  (cost=0.00..84.00 rows=1 width=8) (actual time=0.008..0.084 rows=2 loops=810)
                    Index Cond: (movie_id = t.id)
                    Filter: ((info IS NOT NULL) AND ((info ~~ 'Japan:%200%'::text) OR (info ~~ 'USA:%200%'::text)))
                    Rows Removed by Filter: 455
        ->  Index Scan using info_type_pkey on info_type it  (cost=0.00..2.00 rows=1 width=4) (actual time=0.001..0.001 rows=1 loops=1620)
              Index Cond: (id = mi.info_type_id)
              Filter: ((info)::text = 'release dates'::text)
Planning time: 73.933 ms
Execution time: 86.582 ms
