Aggregate  (cost=171516.00..171517.00 rows=1 width=96) (actual time=25.858..25.858 rows=1 loops=1)
  ->  Nested Loop  (cost=0.00..171516.00 rows=1 width=48) (actual time=8.617..25.528 rows=1620 loops=1)
        ->  Nested Loop  (cost=0.00..171512.00 rows=1 width=52) (actual time=8.610..21.645 rows=4890 loops=1)
              ->  Nested Loop  (cost=0.00..171437.00 rows=1 width=60) (actual time=8.606..20.366 rows=30 loops=1)
                    ->  Nested Loop  (cost=0.00..171435.00 rows=1 width=64) (actual time=8.602..20.146 rows=132 loops=1)
                          ->  Nested Loop  (cost=0.00..171420.00 rows=1 width=80) (actual time=8.598..20.095 rows=6 loops=1)
                                ->  Nested Loop  (cost=0.00..171408.00 rows=2 width=76) (actual time=8.593..20.085 rows=2 loops=1)
                                      ->  Nested Loop  (cost=0.00..171402.00 rows=2 width=80) (actual time=8.591..20.082 rows=2 loops=1)
                                            ->  Nested Loop  (cost=0.00..171396.00 rows=2 width=68) (actual time=8.587..20.075 rows=2 loops=1)
                                                  ->  Nested Loop  (cost=0.00..171352.00 rows=22 width=49) (actual time=8.583..20.008 rows=22 loops=1)
                                                        ->  Nested Loop  (cost=0.00..171194.00 rows=76 width=53) (actual time=8.539..19.938 rows=76 loops=1)
                                                              ->  Nested Loop  (cost=0.00..171048.00 rows=2 width=37) (actual time=8.534..19.669 rows=2 loops=1)
                                                                    ->  Nested Loop  (cost=0.00..171042.00 rows=2 width=41) (actual time=8.532..19.666 rows=2 loops=1)
                                                                          ->  Nested Loop  (cost=0.00..171030.00 rows=2 width=29) (actual time=8.528..19.659 rows=2 loops=1)
                                                                                ->  Nested Loop  (cost=0.00..171024.00 rows=2 width=33) (actual time=8.525..19.655 rows=2 loops=1)
                                                                                      ->  Nested Loop  (cost=0.00..170275.00 rows=374 width=12) (actual time=0.214..18.847 rows=374 loops=1)
                                                                                            ->  Nested Loop  (cost=0.00..135085.00 rows=414 width=4) (actual time=0.036..7.962 rows=414 loops=1)
                                                                                                  ->  Seq Scan on keyword k  (cost=0.00..134170.00 rows=1 width=4) (actual time=0.029..7.701 rows=1 loops=1)
                                                                                                        Filter: (keyword = 'computer-animation'::text)
                                                                                                        Rows Removed by Filter: 134169
                                                                                                  ->  Index Scan using keyword_id_movie_keyword on movie_keyword mk  (cost=0.00..610.00 rows=305 width=8) (actual time=0.007..0.209 rows=414 loops=1)
                                                                                                        Index Cond: (keyword_id = k.id)
                                                                                            ->  Index Scan using movie_id_movie_info on movie_info mi  (cost=0.00..84.00 rows=1 width=8) (actual time=0.013..0.026 rows=1 loops=414)
                                                                                                  Index Cond: (movie_id = mk.movie_id)
                                                                                                  Filter: ((info IS NOT NULL) AND ((info ~~ 'Japan:%200%'::text) OR (info ~~ 'USA:%200%'::text)))
                                                                                                  Rows Removed by Filter: 70
                                                                                      ->  Index Scan using title_pkey on title t  (cost=0.00..2.00 rows=1 width=21) (actual time=0.002..0.002 rows=0 loops=374)
                                                                                            Index Cond: (id = mi.movie_id)
                                                                                            Filter: ((production_year >= 2000) AND (production_year <= 2010) AND (title = 'Shrek 2'::text))
                                                                                            Rows Removed by Filter: 1
                                                                                ->  Index Scan using info_type_pkey on info_type it  (cost=0.00..2.00 rows=1 width=4) (actual time=0.002..0.002 rows=1 loops=2)
                                                                                      Index Cond: (id = mi.info_type_id)
                                                                                      Filter: ((info)::text = 'release dates'::text)
                                                                          ->  Index Scan using movie_id_complete_cast on complete_cast cc  (cost=0.00..4.00 rows=2 width=12) (actual time=0.003..0.003 rows=1 loops=2)
                                                                                Index Cond: (movie_id = t.id)
                                                                    ->  Index Scan using comp_cast_type_pkey on comp_cast_type cct1  (cost=0.00..2.00 rows=1 width=4) (actual time=0.001..0.001 rows=1 loops=2)
                                                                          Index Cond: (id = cc.subject_id)
                                                                          Filter: ((kind)::text = 'cast'::text)
                                                              ->  Index Scan using movie_id_cast_info on cast_info ci  (cost=0.00..72.00 rows=1 width=16) (actual time=0.004..0.129 rows=38 loops=2)
                                                                    Index Cond: (movie_id = t.id)
                                                                    Filter: (note = ANY ('{(voice),"(voice) (uncredited)","(voice: English version)"}'::text[]))
                                                                    Rows Removed by Filter: 191
                                                        ->  Index Scan using role_type_pkey on role_type rt  (cost=0.00..2.00 rows=1 width=4) (actual time=0.001..0.001 rows=0 loops=76)
                                                              Index Cond: (id = ci.role_id)
                                                              Filter: ((role)::text = 'actress'::text)
                                                              Rows Removed by Filter: 1
                                                  ->  Index Scan using name_pkey on name n  (cost=0.00..2.00 rows=1 width=19) (actual time=0.003..0.003 rows=0 loops=22)
                                                        Index Cond: (id = ci.person_id)
                                                        Filter: ((name ~~ '%An%'::text) AND ((gender)::text = 'f'::text))
                                                        Rows Removed by Filter: 1
                                            ->  Index Scan using char_name_pkey on char_name chn  (cost=0.00..2.00 rows=1 width=20) (actual time=0.003..0.003 rows=1 loops=2)
                                                  Index Cond: (id = ci.person_role_id)
                                                  Filter: (name = 'Queen'::text)
                                      ->  Index Scan using comp_cast_type_pkey on comp_cast_type cct2  (cost=0.00..2.00 rows=1 width=4) (actual time=0.001..0.001 rows=1 loops=2)
                                            Index Cond: (id = cc.status_id)
                                            Filter: ((kind)::text = 'complete+verified'::text)
                                ->  Index Only Scan using person_id_aka_name on aka_name an  (cost=0.00..4.00 rows=2 width=4) (actual time=0.003..0.004 rows=3 loops=2)
                                      Index Cond: (person_id = n.id)
                                      Heap Fetches: 6
                          ->  Index Scan using movie_id_movie_companies on movie_companies mc  (cost=0.00..10.00 rows=5 width=8) (actual time=0.002..0.005 rows=22 loops=6)
                                Index Cond: (movie_id = t.id)
                    ->  Index Scan using company_name_pkey on company_name cn  (cost=0.00..2.00 rows=1 width=4) (actual time=0.001..0.001 rows=0 loops=132)
                          Index Cond: (id = mc.company_id)
                          Filter: ((country_code)::text = '[us]'::text)
                          Rows Removed by Filter: 1
              ->  Index Scan using person_id_person_info on person_info pi  (cost=0.00..50.00 rows=25 width=8) (actual time=0.001..0.024 rows=163 loops=30)
                    Index Cond: (person_id = n.id)
        ->  Index Scan using info_type_pkey on info_type it3  (cost=0.00..2.00 rows=1 width=4) (actual time=0.001..0.001 rows=0 loops=4890)
              Index Cond: (id = pi.info_type_id)
              Filter: ((info)::text = 'trivia'::text)
              Rows Removed by Filter: 1
Planning time: 74.451 ms
Execution time: 25.947 ms
