Aggregate  (cost=166207.00..166208.00 rows=1 width=96) (actual time=39.017..39.017 rows=1 loops=1)
  ->  Nested Loop  (cost=0.00..166207.00 rows=1 width=48) (actual time=17.501..38.648 rows=1620 loops=1)
        ->  Nested Loop  (cost=0.00..166203.00 rows=1 width=52) (actual time=17.494..34.295 rows=4890 loops=1)
              ->  Nested Loop  (cost=0.00..166128.00 rows=1 width=60) (actual time=17.490..32.902 rows=30 loops=1)
                    ->  Nested Loop  (cost=0.00..166122.00 rows=1 width=56) (actual time=17.485..32.868 rows=10 loops=1)
                          ->  Nested Loop  (cost=0.00..166118.00 rows=1 width=60) (actual time=17.483..32.857 rows=10 loops=1)
                                ->  Nested Loop  (cost=0.00..166114.00 rows=1 width=64) (actual time=17.481..32.845 rows=10 loops=1)
                                      ->  Nested Loop  (cost=0.00..166110.00 rows=1 width=68) (actual time=17.479..32.832 rows=10 loops=1)
                                            ->  Nested Loop  (cost=0.00..166106.00 rows=1 width=72) (actual time=17.476..32.819 rows=10 loops=1)
                                                  ->  Nested Loop  (cost=0.00..166104.00 rows=1 width=76) (actual time=17.472..32.730 rows=44 loops=1)
                                                        ->  Nested Loop  (cost=0.00..166089.00 rows=1 width=92) (actual time=17.467..32.708 rows=2 loops=1)
                                                              ->  Nested Loop  (cost=0.00..166086.00 rows=1 width=71) (actual time=17.463..32.694 rows=5 loops=1)
                                                                    ->  Nested Loop  (cost=0.00..166001.00 rows=1 width=63) (actual time=2.015..32.410 rows=3 loops=1)
                                                                          ->  Nested Loop  (cost=0.00..165995.00 rows=1 width=51) (actual time=2.011..32.399 rows=3 loops=1)
                                                                                ->  Nested Loop  (cost=0.00..165993.00 rows=1 width=32) (actual time=1.568..32.374 rows=5 loops=1)
                                                                                      ->  Nested Loop  (cost=0.00..165307.00 rows=342 width=20) (actual time=0.043..22.834 rows=4371 loops=1)
                                                                                            ->  Nested Loop  (cost=0.00..135085.00 rows=414 width=4) (actual time=0.037..8.036 rows=414 loops=1)
                                                                                                  ->  Seq Scan on keyword k  (cost=0.00..134170.00 rows=1 width=4) (actual time=0.029..7.741 rows=1 loops=1)
                                                                                                        Filter: (keyword = 'computer-animation'::text)
                                                                                                        Rows Removed by Filter: 134169
                                                                                                  ->  Index Scan using keyword_id_movie_keyword on movie_keyword mk  (cost=0.00..610.00 rows=305 width=8) (actual time=0.007..0.237 rows=414 loops=1)
                                                                                                        Index Cond: (keyword_id = k.id)
                                                                                            ->  Index Scan using movie_id_cast_info on cast_info ci  (cost=0.00..72.00 rows=1 width=16) (actual time=0.009..0.034 rows=11 loops=414)
                                                                                                  Index Cond: (movie_id = mk.movie_id)
                                                                                                  Filter: (note = ANY ('{(voice),"(voice) (uncredited)","(voice: English version)"}'::text[]))
                                                                                                  Rows Removed by Filter: 33
                                                                                      ->  Index Scan using char_name_pkey on char_name chn  (cost=0.00..2.00 rows=1 width=20) (actual time=0.002..0.002 rows=0 loops=4371)
                                                                                            Index Cond: (id = ci.person_role_id)
                                                                                            Filter: (name = 'Queen'::text)
                                                                                            Rows Removed by Filter: 1
                                                                                ->  Index Scan using name_pkey on name n  (cost=0.00..2.00 rows=1 width=19) (actual time=0.004..0.004 rows=1 loops=5)
                                                                                      Index Cond: (id = ci.person_id)
                                                                                      Filter: ((name ~~ '%An%'::text) AND ((gender)::text = 'f'::text))
                                                                                      Rows Removed by Filter: 0
                                                                          ->  Index Scan using movie_id_complete_cast on complete_cast cc  (cost=0.00..4.00 rows=2 width=12) (actual time=0.003..0.003 rows=1 loops=3)
                                                                                Index Cond: (movie_id = ci.movie_id)
                                                                    ->  Index Scan using movie_id_movie_info on movie_info mi  (cost=0.00..84.00 rows=1 width=8) (actual time=0.039..0.094 rows=2 loops=3)
                                                                          Index Cond: (movie_id = ci.movie_id)
                                                                          Filter: ((info IS NOT NULL) AND ((info ~~ 'Japan:%200%'::text) OR (info ~~ 'USA:%200%'::text)))
                                                                          Rows Removed by Filter: 360
                                                              ->  Index Scan using title_pkey on title t  (cost=0.00..2.00 rows=1 width=21) (actual time=0.002..0.002 rows=0 loops=5)
                                                                    Index Cond: (id = mi.movie_id)
                                                                    Filter: ((production_year >= 2000) AND (production_year <= 2010) AND (title = 'Shrek 2'::text))
                                                                    Rows Removed by Filter: 1
                                                        ->  Index Scan using movie_id_movie_companies on movie_companies mc  (cost=0.00..10.00 rows=5 width=8) (actual time=0.003..0.007 rows=22 loops=2)
                                                              Index Cond: (movie_id = t.id)
                                                  ->  Index Scan using company_name_pkey on company_name cn  (cost=0.00..2.00 rows=1 width=4) (actual time=0.002..0.002 rows=0 loops=44)
                                                        Index Cond: (id = mc.company_id)
                                                        Filter: ((country_code)::text = '[us]'::text)
                                                        Rows Removed by Filter: 1
                                            ->  Index Scan using comp_cast_type_pkey on comp_cast_type cct1  (cost=0.00..2.00 rows=1 width=4) (actual time=0.001..0.001 rows=1 loops=10)
                                                  Index Cond: (id = cc.subject_id)
                                                  Filter: ((kind)::text = 'cast'::text)
                                      ->  Index Scan using role_type_pkey on role_type rt  (cost=0.00..2.00 rows=1 width=4) (actual time=0.001..0.001 rows=1 loops=10)
                                            Index Cond: (id = ci.role_id)
                                            Filter: ((role)::text = 'actress'::text)
                                ->  Index Scan using info_type_pkey on info_type it  (cost=0.00..2.00 rows=1 width=4) (actual time=0.001..0.001 rows=1 loops=10)
                                      Index Cond: (id = mi.info_type_id)
                                      Filter: ((info)::text = 'release dates'::text)
                          ->  Index Scan using comp_cast_type_pkey on comp_cast_type cct2  (cost=0.00..2.00 rows=1 width=4) (actual time=0.001..0.001 rows=1 loops=10)
                                Index Cond: (id = cc.status_id)
                                Filter: ((kind)::text = 'complete+verified'::text)
                    ->  Index Only Scan using person_id_aka_name on aka_name an  (cost=0.00..4.00 rows=2 width=4) (actual time=0.002..0.003 rows=3 loops=10)
                          Index Cond: (person_id = n.id)
                          Heap Fetches: 30
              ->  Index Scan using person_id_person_info on person_info pi  (cost=0.00..50.00 rows=25 width=8) (actual time=0.001..0.026 rows=163 loops=30)
                    Index Cond: (person_id = n.id)
        ->  Index Scan using info_type_pkey on info_type it3  (cost=0.00..2.00 rows=1 width=4) (actual time=0.001..0.001 rows=0 loops=4890)
              Index Cond: (id = pi.info_type_id)
              Filter: ((info)::text = 'trivia'::text)
              Rows Removed by Filter: 1
Planning time: 74.442 ms
Execution time: 39.106 ms
