Aggregate  (cost=135493.50..135494.50 rows=1 width=96) (actual time=38.607..38.607 rows=1 loops=1)
  ->  Nested Loop  (cost=0.00..135493.50 rows=1 width=48) (actual time=2.691..38.230 rows=1620 loops=1)
        ->  Nested Loop  (cost=0.00..135491.50 rows=1 width=45) (actual time=2.683..35.501 rows=1620 loops=1)
              ->  Nested Loop  (cost=0.00..135487.50 rows=1 width=49) (actual time=2.681..33.911 rows=1620 loops=1)
                    ->  Nested Loop  (cost=0.00..135485.50 rows=1 width=53) (actual time=2.676..22.678 rows=7128 loops=1)
                          ->  Nested Loop  (cost=0.00..135470.50 rows=1 width=69) (actual time=2.670..20.238 rows=324 loops=1)
                                ->  Nested Loop  (cost=0.00..135466.50 rows=1 width=73) (actual time=2.667..19.936 rows=324 loops=1)
                                      ->  Nested Loop  (cost=0.00..135462.50 rows=1 width=77) (actual time=2.665..19.615 rows=324 loops=1)
                                            ->  Nested Loop  (cost=0.00..135456.50 rows=1 width=65) (actual time=2.660..19.028 rows=324 loops=1)
                                                  ->  Nested Loop  (cost=0.00..135450.50 rows=2 width=69) (actual time=2.635..18.101 rows=978 loops=1)
                                                        ->  Nested Loop  (cost=0.00..135444.50 rows=1 width=65) (actual time=2.626..17.222 rows=326 loops=1)
                                                              ->  Nested Loop  (cost=0.00..135438.50 rows=2 width=53) (actual time=2.619..15.113 rows=1416 loops=1)
                                                                    ->  Nested Loop  (cost=0.00..135386.50 rows=25 width=57) (actual time=1.259..12.359 rows=3334 loops=1)
                                                                          ->  Nested Loop  (cost=0.00..135311.50 rows=1 width=49) (actual time=1.252..10.905 rows=76 loops=1)
                                                                                ->  Nested Loop  (cost=0.00..135238.50 rows=1 width=33) (actual time=1.243..10.495 rows=2 loops=1)
                                                                                      ->  Nested Loop  (cost=0.00..135153.50 rows=1 width=25) (actual time=1.225..10.358 rows=1 loops=1)
                                                                                            ->  Nested Loop  (cost=0.00..135085.00 rows=34 width=4) (actual time=0.075..9.188 rows=414 loops=1)
                                                                                                  ->  Seq Scan on keyword k  (cost=0.00..134170.00 rows=1 width=4) (actual time=0.033..8.781 rows=1 loops=1)
                                                                                                        Filter: (keyword = 'computer-animation'::text)
                                                                                                        Rows Removed by Filter: 134169
                                                                                                  ->  Index Scan using keyword_id_movie_keyword on movie_keyword mk  (cost=0.00..610.00 rows=305 width=8) (actual time=0.041..0.349 rows=414 loops=1)
                                                                                                        Index Cond: (keyword_id = k.id)
                                                                                            ->  Index Scan using title_pkey on title t  (cost=0.00..2.00 rows=1 width=21) (actual time=0.003..0.003 rows=0 loops=414)
                                                                                                  Index Cond: (id = mk.movie_id)
                                                                                                  Filter: ((production_year >= 2000) AND (production_year <= 2010) AND (title = 'Shrek 2'::text))
                                                                                                  Rows Removed by Filter: 1
                                                                                      ->  Index Scan using movie_id_movie_info on movie_info mi  (cost=0.00..84.00 rows=1 width=8) (actual time=0.017..0.135 rows=2 loops=1)
                                                                                            Index Cond: (movie_id = t.id)
                                                                                            Filter: ((info IS NOT NULL) AND ((info ~~ 'Japan:%200%'::text) OR (info ~~ 'USA:%200%'::text)))
                                                                                            Rows Removed by Filter: 455
                                                                                ->  Index Scan using movie_id_cast_info on cast_info ci  (cost=0.00..72.00 rows=1 width=16) (actual time=0.006..0.199 rows=38 loops=2)
                                                                                      Index Cond: (movie_id = t.id)
                                                                                      Filter: (note = ANY ('{(voice),"(voice) (uncredited)","(voice: English version)"}'::text[]))
                                                                                      Rows Removed by Filter: 191
                                                                          ->  Index Scan using person_id_person_info on person_info pi  (cost=0.00..50.00 rows=25 width=8) (actual time=0.005..0.013 rows=44 loops=76)
                                                                                Index Cond: (person_id = ci.person_id)
                                                                    ->  Index Scan using role_type_pkey on role_type rt  (cost=0.00..2.00 rows=1 width=4) (actual time=0.001..0.001 rows=0 loops=3334)
                                                                          Index Cond: (id = ci.role_id)
                                                                          Filter: ((role)::text = 'actress'::text)
                                                                          Rows Removed by Filter: 1
                                                              ->  Index Scan using char_name_pkey on char_name chn  (cost=0.00..2.00 rows=1 width=20) (actual time=0.001..0.001 rows=0 loops=1416)
                                                                    Index Cond: (id = ci.person_role_id)
                                                                    Filter: (name = 'Queen'::text)
                                                                    Rows Removed by Filter: 1
                                                        ->  Index Only Scan using person_id_aka_name on aka_name an  (cost=0.00..4.00 rows=2 width=4) (actual time=0.001..0.002 rows=3 loops=326)
                                                              Index Cond: (person_id = ci.person_id)
                                                              Heap Fetches: 978
                                                  ->  Index Scan using info_type_pkey on info_type it3  (cost=0.00..2.00 rows=1 width=4) (actual time=0.001..0.001 rows=0 loops=978)
                                                        Index Cond: (id = pi.info_type_id)
                                                        Filter: ((info)::text = 'trivia'::text)
                                                        Rows Removed by Filter: 1
                                            ->  Index Scan using movie_id_complete_cast on complete_cast cc  (cost=0.00..4.00 rows=2 width=12) (actual time=0.001..0.001 rows=1 loops=324)
                                                  Index Cond: (movie_id = t.id)
                                      ->  Index Scan using comp_cast_type_pkey on comp_cast_type cct2  (cost=0.00..2.00 rows=1 width=4) (actual time=0.001..0.001 rows=1 loops=324)
                                            Index Cond: (id = cc.status_id)
                                            Filter: ((kind)::text = 'complete+verified'::text)
                                ->  Index Scan using comp_cast_type_pkey on comp_cast_type cct1  (cost=0.00..2.00 rows=1 width=4) (actual time=0.001..0.001 rows=1 loops=324)
                                      Index Cond: (id = cc.subject_id)
                                      Filter: ((kind)::text = 'cast'::text)
                          ->  Index Scan using movie_id_movie_companies on movie_companies mc  (cost=0.00..10.00 rows=5 width=8) (actual time=0.002..0.005 rows=22 loops=324)
                                Index Cond: (movie_id = t.id)
                    ->  Index Scan using company_name_pkey on company_name cn  (cost=0.00..2.00 rows=1 width=4) (actual time=0.001..0.001 rows=0 loops=7128)
                          Index Cond: (id = mc.company_id)
                          Filter: ((country_code)::text = '[us]'::text)
                          Rows Removed by Filter: 1
              ->  Index Scan using info_type_pkey on info_type it  (cost=0.00..2.00 rows=1 width=4) (actual time=0.001..0.001 rows=1 loops=1620)
                    Index Cond: (id = mi.info_type_id)
                    Filter: ((info)::text = 'release dates'::text)
        ->  Index Scan using name_pkey on name n  (cost=0.00..2.00 rows=1 width=19) (actual time=0.001..0.001 rows=1 loops=1620)
              Index Cond: (id = ci.person_id)
              Filter: ((name ~~ '%An%'::text) AND ((gender)::text = 'f'::text))
Planning time: 74.055 ms
Execution time: 38.711 ms
