Aggregate  (cost=138272.00..138273.00 rows=1 width=96) (actual time=147.814..147.815 rows=1 loops=1)
  ->  Nested Loop  (cost=138077.00..138272.00 rows=1 width=48) (actual time=11.602..147.411 rows=1620 loops=1)
        ->  Nested Loop  (cost=138077.00..138270.00 rows=1 width=52) (actual time=11.599..136.432 rows=7128 loops=1)
              ->  Nested Loop  (cost=138077.00..138264.00 rows=1 width=64) (actual time=11.595..130.145 rows=2376 loops=1)
                    ->  Nested Loop  (cost=138077.00..138260.00 rows=1 width=68) (actual time=11.592..127.614 rows=2376 loops=1)
                          ->  Nested Loop  (cost=138077.00..138175.00 rows=1 width=84) (actual time=11.580..14.151 rows=1188 loops=1)
                                ->  Merge Join  (cost=138077.00..138109.00 rows=32 width=72) (actual time=11.574..11.964 rows=1188 loops=1)
                                      Merge Cond: (it3.id = pi.info_type_id)
                                      ->  Sort  (cost=113.00..113.00 rows=1 width=4) (actual time=0.017..0.017 rows=1 loops=1)
                                            Sort Key: it3.id
                                            Sort Method: quicksort  Memory: 25kB
                                            ->  Seq Scan on info_type it3  (cost=0.00..113.00 rows=1 width=4) (actual time=0.008..0.014 rows=1 loops=1)
                                                  Filter: ((info)::text = 'trivia'::text)
                                                  Rows Removed by Filter: 112
                                      ->  Sort  (cost=137964.00..137964.00 rows=3586 width=76) (actual time=11.496..11.600 rows=1607 loops=1)
                                            Sort Key: pi.info_type_id
                                            Sort Method: quicksort  Memory: 601kB
                                            ->  Nested Loop  (cost=0.00..137964.00 rows=3586 width=76) (actual time=1.281..10.616 rows=3586 loops=1)
                                                  ->  Nested Loop  (cost=0.00..136314.00 rows=22 width=68) (actual time=1.278..9.693 rows=22 loops=1)
                                                        ->  Nested Loop  (cost=0.00..136264.00 rows=22 width=72) (actual time=1.276..9.675 rows=22 loops=1)
                                                              ->  Nested Loop  (cost=0.00..136214.00 rows=22 width=76) (actual time=1.274..9.655 rows=22 loops=1)
                                                                    ->  Nested Loop  (cost=0.00..136082.00 rows=22 width=64) (actual time=1.270..9.617 rows=22 loops=1)
                                                                          ->  Nested Loop  (cost=0.00..136067.00 rows=1 width=56) (actual time=1.266..9.606 rows=1 loops=1)
                                                                                ->  Nested Loop  (cost=0.00..136063.00 rows=1 width=60) (actual time=1.264..9.604 rows=1 loops=1)
                                                                                      ->  Nested Loop  (cost=0.00..135987.00 rows=38 width=41) (actual time=1.172..9.494 rows=38 loops=1)
                                                                                            ->  Nested Loop  (cost=0.00..135914.00 rows=1 width=25) (actual time=1.166..9.339 rows=1 loops=1)
                                                                                                  ->  Nested Loop  (cost=0.00..135085.00 rows=414 width=4) (actual time=0.034..8.086 rows=414 loops=1)
                                                                                                        ->  Seq Scan on keyword k  (cost=0.00..134170.00 rows=1 width=4) (actual time=0.026..7.836 rows=1 loops=1)
                                                                                                              Filter: (keyword = 'computer-animation'::text)
                                                                                                              Rows Removed by Filter: 134169
                                                                                                        ->  Index Scan using keyword_id_movie_keyword on movie_keyword mk  (cost=0.00..610.00 rows=305 width=8) (actual time=0.007..0.206 rows=414 loops=1)
                                                                                                              Index Cond: (keyword_id = k.id)
                                                                                                  ->  Index Scan using title_pkey on title t  (cost=0.00..2.00 rows=1 width=21) (actual time=0.003..0.003 rows=0 loops=414)
                                                                                                        Index Cond: (id = mk.movie_id)
                                                                                                        Filter: ((production_year >= 2000) AND (production_year <= 2010) AND (title = 'Shrek 2'::text))
                                                                                                        Rows Removed by Filter: 1
                                                                                            ->  Index Scan using movie_id_cast_info on cast_info ci  (cost=0.00..72.00 rows=1 width=16) (actual time=0.005..0.150 rows=38 loops=1)
                                                                                                  Index Cond: (movie_id = t.id)
                                                                                                  Filter: (note = ANY ('{(voice),"(voice) (uncredited)","(voice: English version)"}'::text[]))
                                                                                                  Rows Removed by Filter: 191
                                                                                      ->  Index Scan using name_pkey on name n  (cost=0.00..2.00 rows=1 width=19) (actual time=0.003..0.003 rows=0 loops=38)
                                                                                            Index Cond: (id = ci.person_id)
                                                                                            Filter: ((name ~~ '%An%'::text) AND ((gender)::text = 'f'::text))
                                                                                            Rows Removed by Filter: 1
                                                                                ->  Index Scan using role_type_pkey on role_type rt  (cost=0.00..2.00 rows=1 width=4) (actual time=0.001..0.001 rows=1 loops=1)
                                                                                      Index Cond: (id = ci.role_id)
                                                                                      Filter: ((role)::text = 'actress'::text)
                                                                          ->  Index Scan using movie_id_movie_companies on movie_companies mc  (cost=0.00..10.00 rows=5 width=8) (actual time=0.004..0.007 rows=22 loops=1)
                                                                                Index Cond: (movie_id = t.id)
                                                                    ->  Index Scan using movie_id_complete_cast on complete_cast cc  (cost=0.00..4.00 rows=2 width=12) (actual time=0.001..0.001 rows=1 loops=22)
                                                                          Index Cond: (movie_id = t.id)
                                                              ->  Index Scan using comp_cast_type_pkey on comp_cast_type cct2  (cost=0.00..2.00 rows=1 width=4) (actual time=0.001..0.001 rows=1 loops=22)
                                                                    Index Cond: (id = cc.status_id)
                                                                    Filter: ((kind)::text = 'complete+verified'::text)
                                                        ->  Index Scan using comp_cast_type_pkey on comp_cast_type cct1  (cost=0.00..2.00 rows=1 width=4) (actual time=0.001..0.001 rows=1 loops=22)
                                                              Index Cond: (id = cc.subject_id)
                                                              Filter: ((kind)::text = 'cast'::text)
                                                  ->  Index Scan using person_id_person_info on person_info pi  (cost=0.00..50.00 rows=25 width=8) (actual time=0.001..0.022 rows=163 loops=22)
                                                        Index Cond: (person_id = n.id)
                                ->  Index Scan using char_name_pkey on char_name chn  (cost=0.00..2.00 rows=1 width=20) (actual time=0.001..0.001 rows=1 loops=1188)
                                      Index Cond: (id = ci.person_role_id)
                                      Filter: (name = 'Queen'::text)
                          ->  Index Scan using movie_id_movie_info on movie_info mi  (cost=0.00..84.00 rows=1 width=8) (actual time=0.009..0.095 rows=2 loops=1188)
                                Index Cond: (movie_id = t.id)
                                Filter: ((info IS NOT NULL) AND ((info ~~ 'Japan:%200%'::text) OR (info ~~ 'USA:%200%'::text)))
                                Rows Removed by Filter: 455
                    ->  Index Scan using info_type_pkey on info_type it  (cost=0.00..2.00 rows=1 width=4) (actual time=0.001..0.001 rows=1 loops=2376)
                          Index Cond: (id = mi.info_type_id)
                          Filter: ((info)::text = 'release dates'::text)
              ->  Index Only Scan using person_id_aka_name on aka_name an  (cost=0.00..4.00 rows=2 width=4) (actual time=0.001..0.002 rows=3 loops=2376)
                    Index Cond: (person_id = n.id)
                    Heap Fetches: 7128
        ->  Index Scan using company_name_pkey on company_name cn  (cost=0.00..2.00 rows=1 width=4) (actual time=0.001..0.001 rows=0 loops=7128)
              Index Cond: (id = mc.company_id)
              Filter: ((country_code)::text = '[us]'::text)
              Rows Removed by Filter: 1
Planning time: 74.449 ms
Execution time: 147.909 ms
