Aggregate  (cost=143501.00..143502.00 rows=1 width=96) (actual time=102.175..102.175 rows=1 loops=1)
  ->  Nested Loop  (cost=0.00..143501.00 rows=1 width=48) (actual time=7.235..101.787 rows=1620 loops=1)
        ->  Nested Loop  (cost=0.00..143497.00 rows=1 width=52) (actual time=7.232..100.185 rows=1620 loops=1)
              ->  Nested Loop  (cost=0.00..143412.00 rows=1 width=68) (actual time=7.218..22.200 rows=810 loops=1)
                    ->  Nested Loop  (cost=0.00..143406.00 rows=1 width=80) (actual time=7.213..21.409 rows=270 loops=1)
                          ->  Nested Loop  (cost=0.00..143402.00 rows=1 width=84) (actual time=7.211..21.123 rows=270 loops=1)
                                ->  Nested Loop  (cost=0.00..143400.00 rows=1 width=88) (actual time=7.208..19.050 rows=1188 loops=1)
                                      ->  Nested Loop  (cost=0.00..143385.00 rows=1 width=80) (actual time=7.204..18.586 rows=54 loops=1)
                                            ->  Nested Loop  (cost=0.00..143381.00 rows=1 width=84) (actual time=7.196..18.422 rows=163 loops=1)
                                                  ->  Nested Loop  (cost=0.00..143306.00 rows=1 width=76) (actual time=7.191..18.363 rows=1 loops=1)
                                                        ->  Nested Loop  (cost=0.00..143303.00 rows=1 width=55) (actual time=0.582..18.356 rows=2 loops=1)
                                                              ->  Nested Loop  (cost=0.00..143301.00 rows=1 width=36) (actual time=0.380..18.343 rows=3 loops=1)
                                                                    ->  Nested Loop  (cost=0.00..143297.00 rows=1 width=40) (actual time=0.378..18.336 rows=5 loops=1)
                                                                          ->  Nested Loop  (cost=0.00..143173.00 rows=61 width=28) (actual time=0.087..14.518 rows=2067 loops=1)
                                                                                ->  Nested Loop  (cost=0.00..137771.00 rows=74 width=12) (actual time=0.082..8.735 rows=74 loops=1)
                                                                                      ->  Nested Loop  (cost=0.00..137569.00 rows=90 width=16) (actual time=0.080..8.643 rows=90 loops=1)
                                                                                            ->  Nested Loop  (cost=0.00..135085.00 rows=414 width=4) (actual time=0.036..7.974 rows=414 loops=1)
                                                                                                  ->  Seq Scan on keyword k  (cost=0.00..134170.00 rows=1 width=4) (actual time=0.028..7.709 rows=1 loops=1)
                                                                                                        Filter: (keyword = 'computer-animation'::text)
                                                                                                        Rows Removed by Filter: 134169
                                                                                                  ->  Index Scan using keyword_id_movie_keyword on movie_keyword mk  (cost=0.00..610.00 rows=305 width=8) (actual time=0.007..0.214 rows=414 loops=1)
                                                                                                        Index Cond: (keyword_id = k.id)
                                                                                            ->  Index Scan using movie_id_complete_cast on complete_cast cc  (cost=0.00..4.00 rows=2 width=12) (actual time=0.001..0.001 rows=0 loops=414)
                                                                                                  Index Cond: (movie_id = mk.movie_id)
                                                                                      ->  Index Scan using comp_cast_type_pkey on comp_cast_type cct1  (cost=0.00..2.00 rows=1 width=4) (actual time=0.001..0.001 rows=1 loops=90)
                                                                                            Index Cond: (id = cc.subject_id)
                                                                                            Filter: ((kind)::text = 'cast'::text)
                                                                                            Rows Removed by Filter: 0
                                                                                ->  Index Scan using movie_id_cast_info on cast_info ci  (cost=0.00..72.00 rows=1 width=16) (actual time=0.009..0.074 rows=28 loops=74)
                                                                                      Index Cond: (movie_id = mk.movie_id)
                                                                                      Filter: (note = ANY ('{(voice),"(voice) (uncredited)","(voice: English version)"}'::text[]))
                                                                                      Rows Removed by Filter: 94
                                                                          ->  Index Scan using char_name_pkey on char_name chn  (cost=0.00..2.00 rows=1 width=20) (actual time=0.002..0.002 rows=0 loops=2067)
                                                                                Index Cond: (id = ci.person_role_id)
                                                                                Filter: (name = 'Queen'::text)
                                                                                Rows Removed by Filter: 1
                                                                    ->  Index Scan using comp_cast_type_pkey on comp_cast_type cct2  (cost=0.00..2.00 rows=1 width=4) (actual time=0.001..0.001 rows=1 loops=5)
                                                                          Index Cond: (id = cc.status_id)
                                                                          Filter: ((kind)::text = 'complete+verified'::text)
                                                                          Rows Removed by Filter: 0
                                                              ->  Index Scan using name_pkey on name n  (cost=0.00..2.00 rows=1 width=19) (actual time=0.004..0.004 rows=1 loops=3)
                                                                    Index Cond: (id = ci.person_id)
                                                                    Filter: ((name ~~ '%An%'::text) AND ((gender)::text = 'f'::text))
                                                                    Rows Removed by Filter: 0
                                                        ->  Index Scan using title_pkey on title t  (cost=0.00..2.00 rows=1 width=21) (actual time=0.003..0.003 rows=0 loops=2)
                                                              Index Cond: (id = ci.movie_id)
                                                              Filter: ((production_year >= 2000) AND (production_year <= 2010) AND (title = 'Shrek 2'::text))
                                                              Rows Removed by Filter: 0
                                                  ->  Index Scan using person_id_person_info on person_info pi  (cost=0.00..50.00 rows=25 width=8) (actual time=0.004..0.032 rows=163 loops=1)
                                                        Index Cond: (person_id = n.id)
                                            ->  Index Scan using info_type_pkey on info_type it3  (cost=0.00..2.00 rows=1 width=4) (actual time=0.001..0.001 rows=0 loops=163)
                                                  Index Cond: (id = pi.info_type_id)
                                                  Filter: ((info)::text = 'trivia'::text)
                                                  Rows Removed by Filter: 1
                                      ->  Index Scan using movie_id_movie_companies on movie_companies mc  (cost=0.00..10.00 rows=5 width=8) (actual time=0.002..0.005 rows=22 loops=54)
                                            Index Cond: (movie_id = t.id)
                                ->  Index Scan using company_name_pkey on company_name cn  (cost=0.00..2.00 rows=1 width=4) (actual time=0.002..0.002 rows=0 loops=1188)
                                      Index Cond: (id = mc.company_id)
                                      Filter: ((country_code)::text = '[us]'::text)
                                      Rows Removed by Filter: 1
                          ->  Index Scan using role_type_pkey on role_type rt  (cost=0.00..2.00 rows=1 width=4) (actual time=0.001..0.001 rows=1 loops=270)
                                Index Cond: (id = ci.role_id)
                                Filter: ((role)::text = 'actress'::text)
                    ->  Index Only Scan using person_id_aka_name on aka_name an  (cost=0.00..4.00 rows=2 width=4) (actual time=0.002..0.002 rows=3 loops=270)
                          Index Cond: (person_id = n.id)
                          Heap Fetches: 810
              ->  Index Scan using movie_id_movie_info on movie_info mi  (cost=0.00..84.00 rows=1 width=8) (actual time=0.009..0.096 rows=2 loops=810)
                    Index Cond: (movie_id = t.id)
                    Filter: ((info IS NOT NULL) AND ((info ~~ 'Japan:%200%'::text) OR (info ~~ 'USA:%200%'::text)))
                    Rows Removed by Filter: 455
        ->  Index Scan using info_type_pkey on info_type it  (cost=0.00..2.00 rows=1 width=4) (actual time=0.001..0.001 rows=1 loops=1620)
              Index Cond: (id = mi.info_type_id)
              Filter: ((info)::text = 'release dates'::text)
Planning time: 74.649 ms
Execution time: 102.264 ms
