Aggregate  (cost=173736.00..173737.00 rows=1 width=96) (actual time=476.038..476.038 rows=1 loops=1)
  ->  Nested Loop  (cost=0.00..173736.00 rows=1 width=48) (actual time=298.406..475.623 rows=1620 loops=1)
        ->  Nested Loop  (cost=0.00..173732.00 rows=1 width=52) (actual time=298.403..473.971 rows=1620 loops=1)
              ->  Nested Loop  (cost=0.00..173728.00 rows=1 width=56) (actual time=298.400..472.432 rows=1620 loops=1)
                    ->  Nested Loop  (cost=0.00..173724.00 rows=1 width=60) (actual time=298.182..467.426 rows=4890 loops=1)
                          ->  Nested Loop  (cost=0.00..173720.00 rows=1 width=48) (actual time=298.176..458.755 rows=4890 loops=1)
                                ->  Nested Loop  (cost=0.00..173718.00 rows=1 width=52) (actual time=298.172..422.837 rows=21516 loops=1)
                                      ->  Nested Loop  (cost=0.00..173703.00 rows=1 width=68) (actual time=298.155..414.897 rows=978 loops=1)
                                            ->  Nested Loop  (cost=0.00..173700.00 rows=1 width=47) (actual time=2.622..379.635 rows=24130 loops=1)
                                                  ->  Nested Loop  (cost=0.00..173680.00 rows=9 width=51) (actual time=2.619..358.079 rows=24130 loops=1)
                                                        ->  Nested Loop  (cost=0.00..173428.00 rows=42 width=63) (actual time=2.612..340.966 rows=5941 loops=1)
                                                              ->  Nested Loop  (cost=0.00..166454.00 rows=3487 width=44) (actual time=0.667..98.539 rows=156316 loops=1)
                                                                    ->  Nested Loop  (cost=0.00..156179.00 rows=137 width=36) (actual time=0.656..31.714 rows=5362 loops=1)
                                                                          ->  Nested Loop  (cost=0.00..144061.00 rows=166 width=20) (actual time=0.370..15.351 rows=166 loops=1)
                                                                                ->  Nested Loop  (cost=0.00..137771.00 rows=74 width=12) (actual time=0.081..9.528 rows=74 loops=1)
                                                                                      ->  Nested Loop  (cost=0.00..137569.00 rows=90 width=16) (actual time=0.079..9.404 rows=90 loops=1)
                                                                                            ->  Nested Loop  (cost=0.00..135085.00 rows=414 width=4) (actual time=0.036..8.643 rows=414 loops=1)
                                                                                                  ->  Seq Scan on keyword k  (cost=0.00..134170.00 rows=1 width=4) (actual time=0.028..8.325 rows=1 loops=1)
                                                                                                        Filter: (keyword = 'computer-animation'::text)
                                                                                                        Rows Removed by Filter: 134169
                                                                                                  ->  Index Scan using keyword_id_movie_keyword on movie_keyword mk  (cost=0.00..610.00 rows=305 width=8) (actual time=0.007..0.264 rows=414 loops=1)
                                                                                                        Index Cond: (keyword_id = k.id)
                                                                                            ->  Index Scan using movie_id_complete_cast on complete_cast cc  (cost=0.00..4.00 rows=2 width=12) (actual time=0.002..0.002 rows=0 loops=414)
                                                                                                  Index Cond: (movie_id = mk.movie_id)
                                                                                      ->  Index Scan using comp_cast_type_pkey on comp_cast_type cct1  (cost=0.00..2.00 rows=1 width=4) (actual time=0.001..0.001 rows=1 loops=90)
                                                                                            Index Cond: (id = cc.subject_id)
                                                                                            Filter: ((kind)::text = 'cast'::text)
                                                                                            Rows Removed by Filter: 0
                                                                                ->  Index Scan using movie_id_movie_info on movie_info mi  (cost=0.00..84.00 rows=1 width=8) (actual time=0.019..0.078 rows=2 loops=74)
                                                                                      Index Cond: (movie_id = mk.movie_id)
                                                                                      Filter: ((info IS NOT NULL) AND ((info ~~ 'Japan:%200%'::text) OR (info ~~ 'USA:%200%'::text)))
                                                                                      Rows Removed by Filter: 234
                                                                          ->  Index Scan using movie_id_cast_info on cast_info ci  (cost=0.00..72.00 rows=1 width=16) (actual time=0.008..0.094 rows=32 loops=166)
                                                                                Index Cond: (movie_id = mi.movie_id)
                                                                                Filter: (note = ANY ('{(voice),"(voice) (uncredited)","(voice: English version)"}'::text[]))
                                                                                Rows Removed by Filter: 130
                                                                    ->  Index Scan using person_id_person_info on person_info pi  (cost=0.00..50.00 rows=25 width=8) (actual time=0.004..0.008 rows=29 loops=5362)
                                                                          Index Cond: (person_id = ci.person_id)
                                                              ->  Index Scan using name_pkey on name n  (cost=0.00..2.00 rows=1 width=19) (actual time=0.001..0.001 rows=0 loops=156316)
                                                                    Index Cond: (id = ci.person_id)
                                                                    Filter: ((name ~~ '%An%'::text) AND ((gender)::text = 'f'::text))
                                                                    Rows Removed by Filter: 1
                                                        ->  Index Only Scan using person_id_aka_name on aka_name an  (cost=0.00..4.00 rows=2 width=4) (actual time=0.001..0.002 rows=4 loops=5941)
                                                              Index Cond: (person_id = n.id)
                                                              Heap Fetches: 24130
                                                  ->  Index Scan using info_type_pkey on info_type it  (cost=0.00..2.00 rows=1 width=4) (actual time=0.001..0.001 rows=1 loops=24130)
                                                        Index Cond: (id = mi.info_type_id)
                                                        Filter: ((info)::text = 'release dates'::text)
                                            ->  Index Scan using title_pkey on title t  (cost=0.00..2.00 rows=1 width=21) (actual time=0.001..0.001 rows=0 loops=24130)
                                                  Index Cond: (id = mi.movie_id)
                                                  Filter: ((production_year >= 2000) AND (production_year <= 2010) AND (title = 'Shrek 2'::text))
                                                  Rows Removed by Filter: 1
                                      ->  Index Scan using movie_id_movie_companies on movie_companies mc  (cost=0.00..10.00 rows=5 width=8) (actual time=0.002..0.005 rows=22 loops=978)
                                            Index Cond: (movie_id = t.id)
                                ->  Index Scan using company_name_pkey on company_name cn  (cost=0.00..2.00 rows=1 width=4) (actual time=0.001..0.001 rows=0 loops=21516)
                                      Index Cond: (id = mc.company_id)
                                      Filter: ((country_code)::text = '[us]'::text)
                                      Rows Removed by Filter: 1
                          ->  Index Scan using char_name_pkey on char_name chn  (cost=0.00..2.00 rows=1 width=20) (actual time=0.001..0.001 rows=1 loops=4890)
                                Index Cond: (id = ci.person_role_id)
                                Filter: (name = 'Queen'::text)
                    ->  Index Scan using info_type_pkey on info_type it3  (cost=0.00..2.00 rows=1 width=4) (actual time=0.001..0.001 rows=0 loops=4890)
                          Index Cond: (id = pi.info_type_id)
                          Filter: ((info)::text = 'trivia'::text)
                          Rows Removed by Filter: 1
              ->  Index Scan using comp_cast_type_pkey on comp_cast_type cct2  (cost=0.00..2.00 rows=1 width=4) (actual time=0.001..0.001 rows=1 loops=1620)
                    Index Cond: (id = cc.status_id)
                    Filter: ((kind)::text = 'complete+verified'::text)
        ->  Index Scan using role_type_pkey on role_type rt  (cost=0.00..2.00 rows=1 width=4) (actual time=0.001..0.001 rows=1 loops=1620)
              Index Cond: (id = ci.role_id)
              Filter: ((role)::text = 'actress'::text)
Planning time: 74.404 ms
Execution time: 476.128 ms
