Aggregate  (cost=205336.00..205337.00 rows=1 width=96) (actual time=50.712..50.712 rows=1 loops=1)
  ->  Nested Loop  (cost=187344.00..205336.00 rows=1 width=48) (actual time=43.856..50.388 rows=1620 loops=1)
        ->  Nested Loop  (cost=187344.00..205292.00 rows=21 width=52) (actual time=43.848..46.525 rows=4890 loops=1)
              ->  Nested Loop  (cost=187344.00..203042.00 rows=30 width=60) (actual time=43.843..45.270 rows=30 loops=1)
                    ->  Nested Loop  (cost=187344.00..202778.00 rows=132 width=64) (actual time=43.840..45.051 rows=132 loops=1)
                          ->  Hash Join  (cost=187344.00..202688.00 rows=6 width=80) (actual time=43.835..45.002 rows=6 loops=1)
                                Hash Cond: (cc.status_id = cct2.id)
                                ->  Nested Loop  (cost=187339.00..202679.00 rows=6 width=84) (actual time=43.825..44.990 rows=6 loops=1)
                                      ->  Nested Loop  (cost=187339.00..202665.00 rows=6 width=72) (actual time=43.821..44.976 rows=6 loops=1)
                                            ->  Nested Loop  (cost=187339.00..202440.00 rows=112 width=51) (actual time=35.935..44.764 rows=112 loops=1)
                                                  ->  Nested Loop  (cost=187339.00..202215.00 rows=112 width=55) (actual time=35.933..44.647 rows=112 loops=1)
                                                        ->  Nested Loop  (cost=187339.00..196531.00 rows=2842 width=36) (actual time=35.855..39.665 rows=2842 loops=1)
                                                              ->  Merge Join  (cost=187339.00..187741.00 rows=1465 width=32) (actual time=35.849..36.226 rows=1465 loops=1)
                                                                    Merge Cond: (cc.subject_id = cct1.id)
                                                                    ->  Sort  (cost=187335.00..187335.00 rows=1606 width=36) (actual time=35.841..35.921 rows=1466 loops=1)
                                                                          Sort Key: cc.subject_id
                                                                          Sort Method: quicksort  Memory: 174kB
                                                                          ->  Merge Join  (cost=186839.00..187335.00 rows=1606 width=36) (actual time=35.321..35.643 rows=1606 loops=1)
                                                                                Merge Cond: (rt.id = ci.role_id)
                                                                                ->  Sort  (cost=12.00..12.00 rows=1 width=4) (actual time=0.004..0.004 rows=1 loops=1)
                                                                                      Sort Key: rt.id
                                                                                      Sort Method: quicksort  Memory: 25kB
                                                                                      ->  Seq Scan on role_type rt  (cost=0.00..12.00 rows=1 width=4) (actual time=0.002..0.003 rows=1 loops=1)
                                                                                            Filter: ((role)::text = 'actress'::text)
                                                                                            Rows Removed by Filter: 11
                                                                                ->  Sort  (cost=186827.00..186827.00 rows=5953 width=40) (actual time=34.792..35.048 rows=5937 loops=1)
                                                                                      Sort Key: ci.role_id
                                                                                      Sort Method: quicksort  Memory: 658kB
                                                                                      ->  Nested Loop  (cost=0.00..186827.00 rows=5953 width=40) (actual time=1.540..33.828 rows=5953 loops=1)
                                                                                            ->  Nested Loop  (cost=0.00..172519.00 rows=196 width=24) (actual time=0.940..18.170 rows=196 loops=1)
                                                                                                  ->  Nested Loop  (cost=0.00..170275.00 rows=374 width=12) (actual time=0.184..17.468 rows=374 loops=1)
                                                                                                        ->  Nested Loop  (cost=0.00..135085.00 rows=414 width=4) (actual time=0.034..8.414 rows=414 loops=1)
                                                                                                              ->  Seq Scan on keyword k  (cost=0.00..134170.00 rows=1 width=4) (actual time=0.026..8.138 rows=1 loops=1)
                                                                                                                    Filter: (keyword = 'computer-animation'::text)
                                                                                                                    Rows Removed by Filter: 134169
                                                                                                              ->  Index Scan using keyword_id_movie_keyword on movie_keyword mk  (cost=0.00..610.00 rows=305 width=8) (actual time=0.007..0.223 rows=414 loops=1)
                                                                                                                    Index Cond: (keyword_id = k.id)
                                                                                                        ->  Index Scan using movie_id_movie_info on movie_info mi  (cost=0.00..84.00 rows=1 width=8) (actual time=0.010..0.022 rows=1 loops=414)
                                                                                                              Index Cond: (movie_id = mk.movie_id)
                                                                                                              Filter: ((info IS NOT NULL) AND ((info ~~ 'Japan:%200%'::text) OR (info ~~ 'USA:%200%'::text)))
                                                                                                              Rows Removed by Filter: 70
                                                                                                  ->  Index Scan using movie_id_complete_cast on complete_cast cc  (cost=0.00..4.00 rows=2 width=12) (actual time=0.002..0.002 rows=1 loops=374)
                                                                                                        Index Cond: (movie_id = mi.movie_id)
                                                                                            ->  Index Scan using movie_id_cast_info on cast_info ci  (cost=0.00..72.00 rows=1 width=16) (actual time=0.008..0.076 rows=30 loops=196)
                                                                                                  Index Cond: (movie_id = mi.movie_id)
                                                                                                  Filter: (note = ANY ('{(voice),"(voice) (uncredited)","(voice: English version)"}'::text[]))
                                                                                                  Rows Removed by Filter: 133
                                                                    ->  Sort  (cost=4.00..4.00 rows=1 width=4) (actual time=0.007..0.007 rows=1 loops=1)
                                                                          Sort Key: cct1.id
                                                                          Sort Method: quicksort  Memory: 25kB
                                                                          ->  Seq Scan on comp_cast_type cct1  (cost=0.00..4.00 rows=1 width=4) (actual time=0.003..0.004 rows=1 loops=1)
                                                                                Filter: ((kind)::text = 'cast'::text)
                                                                                Rows Removed by Filter: 3
                                                              ->  Index Only Scan using person_id_aka_name on aka_name an  (cost=0.00..4.00 rows=2 width=4) (actual time=0.002..0.002 rows=2 loops=1465)
                                                                    Index Cond: (person_id = ci.person_id)
                                                                    Heap Fetches: 2842
                                                        ->  Index Scan using name_pkey on name n  (cost=0.00..2.00 rows=1 width=19) (actual time=0.002..0.002 rows=0 loops=2842)
                                                              Index Cond: (id = ci.person_id)
                                                              Filter: ((name ~~ '%An%'::text) AND ((gender)::text = 'f'::text))
                                                              Rows Removed by Filter: 1
                                                  ->  Index Scan using info_type_pkey on info_type it  (cost=0.00..2.00 rows=1 width=4) (actual time=0.001..0.001 rows=1 loops=112)
                                                        Index Cond: (id = mi.info_type_id)
                                                        Filter: ((info)::text = 'release dates'::text)
                                            ->  Index Scan using title_pkey on title t  (cost=0.00..2.00 rows=1 width=21) (actual time=0.002..0.002 rows=0 loops=112)
                                                  Index Cond: (id = mi.movie_id)
                                                  Filter: ((production_year >= 2000) AND (production_year <= 2010) AND (title = 'Shrek 2'::text))
                                                  Rows Removed by Filter: 1
                                      ->  Index Scan using char_name_pkey on char_name chn  (cost=0.00..2.00 rows=1 width=20) (actual time=0.002..0.002 rows=1 loops=6)
                                            Index Cond: (id = ci.person_role_id)
                                            Filter: (name = 'Queen'::text)
                                ->  Hash  (cost=4.00..4.00 rows=1 width=4) (actual time=0.006..0.006 rows=1 loops=1)
                                      Buckets: 1024  Batches: 1  Memory Usage: 9kB
                                      ->  Seq Scan on comp_cast_type cct2  (cost=0.00..4.00 rows=1 width=4) (actual time=0.005..0.005 rows=1 loops=1)
                                            Filter: ((kind)::text = 'complete+verified'::text)
                                            Rows Removed by Filter: 3
                          ->  Index Scan using movie_id_movie_companies on movie_companies mc  (cost=0.00..10.00 rows=5 width=8) (actual time=0.002..0.005 rows=22 loops=6)
                                Index Cond: (movie_id = t.id)
                    ->  Index Scan using company_name_pkey on company_name cn  (cost=0.00..2.00 rows=1 width=4) (actual time=0.001..0.001 rows=0 loops=132)
                          Index Cond: (id = mc.company_id)
                          Filter: ((country_code)::text = '[us]'::text)
                          Rows Removed by Filter: 1
              ->  Index Scan using person_id_person_info on person_info pi  (cost=0.00..50.00 rows=25 width=8) (actual time=0.001..0.023 rows=163 loops=30)
                    Index Cond: (person_id = n.id)
        ->  Index Scan using info_type_pkey on info_type it3  (cost=0.00..2.00 rows=1 width=4) (actual time=0.001..0.001 rows=0 loops=4890)
              Index Cond: (id = pi.info_type_id)
              Filter: ((info)::text = 'trivia'::text)
              Rows Removed by Filter: 1
Planning time: 74.384 ms
Execution time: 50.808 ms
