Aggregate  (cost=175458.00..175459.00 rows=1 width=96) (actual time=37.146..37.146 rows=1 loops=1)
  ->  Nested Loop  (cost=0.00..175458.00 rows=1 width=48) (actual time=15.445..36.810 rows=1620 loops=1)
        ->  Nested Loop  (cost=0.00..175454.00 rows=1 width=52) (actual time=15.437..32.865 rows=4890 loops=1)
              ->  Nested Loop  (cost=0.00..175379.00 rows=1 width=60) (actual time=15.433..31.608 rows=30 loops=1)
                    ->  Nested Loop  (cost=0.00..175375.00 rows=1 width=64) (actual time=15.431..31.576 rows=30 loops=1)
                          ->  Nested Loop  (cost=0.00..175290.00 rows=1 width=80) (actual time=15.416..30.245 rows=15 loops=1)
                                ->  Nested Loop  (cost=0.00..175288.00 rows=1 width=61) (actual time=15.411..30.214 rows=15 loops=1)
                                      ->  Nested Loop  (cost=0.00..175279.00 rows=4 width=65) (actual time=15.409..30.200 rows=15 loops=1)
                                            ->  Nested Loop  (cost=0.00..175245.00 rows=15 width=69) (actual time=15.407..30.183 rows=15 loops=1)
                                                  ->  Nested Loop  (cost=0.00..175155.00 rows=15 width=57) (actual time=15.404..30.153 rows=15 loops=1)
                                                        ->  Nested Loop  (cost=0.00..175023.00 rows=66 width=61) (actual time=15.399..30.030 rows=66 loops=1)
                                                              ->  Nested Loop  (cost=0.00..174318.00 rows=352 width=40) (actual time=1.223..29.478 rows=352 loops=1)
                                                                    ->  Nested Loop  (cost=0.00..174093.00 rows=15 width=32) (actual time=1.218..29.332 rows=15 loops=1)
                                                                          ->  Nested Loop  (cost=0.00..174063.00 rows=5 width=28) (actual time=1.213..29.304 rows=5 loops=1)
                                                                                ->  Nested Loop  (cost=0.00..174051.00 rows=5 width=32) (actual time=1.211..29.294 rows=5 loops=1)
                                                                                      ->  Nested Loop  (cost=0.00..165307.00 rows=4371 width=20) (actual time=0.042..20.399 rows=4371 loops=1)
                                                                                            ->  Nested Loop  (cost=0.00..135085.00 rows=414 width=4) (actual time=0.037..8.078 rows=414 loops=1)
                                                                                                  ->  Seq Scan on keyword k  (cost=0.00..134170.00 rows=1 width=4) (actual time=0.029..7.782 rows=1 loops=1)
                                                                                                        Filter: (keyword = 'computer-animation'::text)
                                                                                                        Rows Removed by Filter: 134169
                                                                                                  ->  Index Scan using keyword_id_movie_keyword on movie_keyword mk  (cost=0.00..610.00 rows=305 width=8) (actual time=0.007..0.240 rows=414 loops=1)
                                                                                                        Index Cond: (keyword_id = k.id)
                                                                                            ->  Index Scan using movie_id_cast_info on cast_info ci  (cost=0.00..72.00 rows=1 width=16) (actual time=0.007..0.028 rows=11 loops=414)
                                                                                                  Index Cond: (movie_id = mk.movie_id)
                                                                                                  Filter: (note = ANY ('{(voice),"(voice) (uncredited)","(voice: English version)"}'::text[]))
                                                                                                  Rows Removed by Filter: 33
                                                                                      ->  Index Scan using char_name_pkey on char_name chn  (cost=0.00..2.00 rows=1 width=20) (actual time=0.002..0.002 rows=0 loops=4371)
                                                                                            Index Cond: (id = ci.person_role_id)
                                                                                            Filter: (name = 'Queen'::text)
                                                                                            Rows Removed by Filter: 1
                                                                                ->  Index Scan using role_type_pkey on role_type rt  (cost=0.00..2.00 rows=1 width=4) (actual time=0.001..0.001 rows=1 loops=5)
                                                                                      Index Cond: (id = ci.role_id)
                                                                                      Filter: ((role)::text = 'actress'::text)
                                                                          ->  Index Only Scan using person_id_aka_name on aka_name an  (cost=0.00..4.00 rows=2 width=4) (actual time=0.003..0.005 rows=3 loops=5)
                                                                                Index Cond: (person_id = ci.person_id)
                                                                                Heap Fetches: 15
                                                                    ->  Index Scan using movie_id_movie_companies on movie_companies mc  (cost=0.00..10.00 rows=5 width=8) (actual time=0.002..0.006 rows=23 loops=15)
                                                                          Index Cond: (movie_id = ci.movie_id)
                                                              ->  Index Scan using title_pkey on title t  (cost=0.00..2.00 rows=1 width=21) (actual time=0.001..0.001 rows=0 loops=352)
                                                                    Index Cond: (id = mc.movie_id)
                                                                    Filter: ((production_year >= 2000) AND (production_year <= 2010) AND (title = 'Shrek 2'::text))
                                                                    Rows Removed by Filter: 1
                                                        ->  Index Scan using company_name_pkey on company_name cn  (cost=0.00..2.00 rows=1 width=4) (actual time=0.002..0.002 rows=0 loops=66)
                                                              Index Cond: (id = mc.company_id)
                                                              Filter: ((country_code)::text = '[us]'::text)
                                                              Rows Removed by Filter: 1
                                                  ->  Index Scan using movie_id_complete_cast on complete_cast cc  (cost=0.00..4.00 rows=2 width=12) (actual time=0.001..0.002 rows=1 loops=15)
                                                        Index Cond: (movie_id = t.id)
                                            ->  Index Scan using comp_cast_type_pkey on comp_cast_type cct1  (cost=0.00..2.00 rows=1 width=4) (actual time=0.001..0.001 rows=1 loops=15)
                                                  Index Cond: (id = cc.subject_id)
                                                  Filter: ((kind)::text = 'cast'::text)
                                      ->  Index Scan using comp_cast_type_pkey on comp_cast_type cct2  (cost=0.00..2.00 rows=1 width=4) (actual time=0.001..0.001 rows=1 loops=15)
                                            Index Cond: (id = cc.status_id)
                                            Filter: ((kind)::text = 'complete+verified'::text)
                                ->  Index Scan using name_pkey on name n  (cost=0.00..2.00 rows=1 width=19) (actual time=0.002..0.002 rows=1 loops=15)
                                      Index Cond: (id = ci.person_id)
                                      Filter: ((name ~~ '%An%'::text) AND ((gender)::text = 'f'::text))
                          ->  Index Scan using movie_id_movie_info on movie_info mi  (cost=0.00..84.00 rows=1 width=8) (actual time=0.009..0.088 rows=2 loops=15)
                                Index Cond: (movie_id = t.id)
                                Filter: ((info IS NOT NULL) AND ((info ~~ 'Japan:%200%'::text) OR (info ~~ 'USA:%200%'::text)))
                                Rows Removed by Filter: 455
                    ->  Index Scan using info_type_pkey on info_type it  (cost=0.00..2.00 rows=1 width=4) (actual time=0.001..0.001 rows=1 loops=30)
                          Index Cond: (id = mi.info_type_id)
                          Filter: ((info)::text = 'release dates'::text)
              ->  Index Scan using person_id_person_info on person_info pi  (cost=0.00..50.00 rows=25 width=8) (actual time=0.001..0.024 rows=163 loops=30)
                    Index Cond: (person_id = n.id)
        ->  Index Scan using info_type_pkey on info_type it3  (cost=0.00..2.00 rows=1 width=4) (actual time=0.001..0.001 rows=0 loops=4890)
              Index Cond: (id = pi.info_type_id)
              Filter: ((info)::text = 'trivia'::text)
              Rows Removed by Filter: 1
Planning time: 74.857 ms
Execution time: 37.235 ms
