Aggregate  (cost=175381.00..175382.00 rows=1 width=96) (actual time=64.183..64.183 rows=1 loops=1)
  ->  Nested Loop  (cost=0.00..175381.00 rows=1 width=48) (actual time=14.921..63.785 rows=1620 loops=1)
        ->  Nested Loop  (cost=0.00..175377.00 rows=2 width=45) (actual time=14.917..60.995 rows=1620 loops=1)
              ->  Nested Loop  (cost=0.00..175371.00 rows=1 width=41) (actual time=14.912..59.452 rows=540 loops=1)
                    ->  Nested Loop  (cost=0.00..175367.00 rows=1 width=45) (actual time=14.910..58.817 rows=540 loops=1)
                          ->  Nested Loop  (cost=0.00..175282.00 rows=1 width=61) (actual time=14.894..32.661 rows=270 loops=1)
                                ->  Nested Loop  (cost=0.00..175270.00 rows=5 width=65) (actual time=14.892..32.356 rows=270 loops=1)
                                      ->  Nested Loop  (cost=0.00..175242.00 rows=14 width=69) (actual time=14.888..30.243 rows=1188 loops=1)
                                            ->  Nested Loop  (cost=0.00..175032.00 rows=14 width=61) (actual time=14.884..29.773 rows=54 loops=1)
                                                  ->  Nested Loop  (cost=0.00..174910.00 rows=54 width=65) (actual time=14.882..29.717 rows=54 loops=1)
                                                        ->  Nested Loop  (cost=0.00..174788.00 rows=54 width=69) (actual time=14.880..29.653 rows=54 loops=1)
                                                              ->  Nested Loop  (cost=0.00..174464.00 rows=54 width=57) (actual time=14.876..29.539 rows=54 loops=1)
                                                                    ->  Nested Loop  (cost=0.00..174137.00 rows=163 width=61) (actual time=14.868..29.374 rows=163 loops=1)
                                                                          ->  Nested Loop  (cost=0.00..174062.00 rows=1 width=53) (actual time=14.864..29.317 rows=1 loops=1)
                                                                                ->  Nested Loop  (cost=0.00..174051.00 rows=5 width=32) (actual time=1.235..29.294 rows=5 loops=1)
                                                                                      ->  Nested Loop  (cost=0.00..165307.00 rows=4371 width=20) (actual time=0.051..20.241 rows=4371 loops=1)
                                                                                            ->  Nested Loop  (cost=0.00..135085.00 rows=414 width=4) (actual time=0.037..8.091 rows=414 loops=1)
                                                                                                  ->  Seq Scan on keyword k  (cost=0.00..134170.00 rows=1 width=4) (actual time=0.028..7.799 rows=1 loops=1)
                                                                                                        Filter: (keyword = 'computer-animation'::text)
                                                                                                        Rows Removed by Filter: 134169
                                                                                                  ->  Index Scan using keyword_id_movie_keyword on movie_keyword mk  (cost=0.00..610.00 rows=305 width=8) (actual time=0.007..0.236 rows=414 loops=1)
                                                                                                        Index Cond: (keyword_id = k.id)
                                                                                            ->  Index Scan using movie_id_cast_info on cast_info ci  (cost=0.00..72.00 rows=1 width=16) (actual time=0.007..0.028 rows=11 loops=414)
                                                                                                  Index Cond: (movie_id = mk.movie_id)
                                                                                                  Filter: (note = ANY ('{(voice),"(voice) (uncredited)","(voice: English version)"}'::text[]))
                                                                                                  Rows Removed by Filter: 33
                                                                                      ->  Index Scan using char_name_pkey on char_name chn  (cost=0.00..2.00 rows=1 width=20) (actual time=0.002..0.002 rows=0 loops=4371)
                                                                                            Index Cond: (id = ci.person_role_id)
                                                                                            Filter: (name = 'Queen'::text)
                                                                                            Rows Removed by Filter: 1
                                                                                ->  Index Scan using title_pkey on title t  (cost=0.00..2.00 rows=1 width=21) (actual time=0.004..0.004 rows=0 loops=5)
                                                                                      Index Cond: (id = ci.movie_id)
                                                                                      Filter: ((production_year >= 2000) AND (production_year <= 2010) AND (title = 'Shrek 2'::text))
                                                                                      Rows Removed by Filter: 1
                                                                          ->  Index Scan using person_id_person_info on person_info pi  (cost=0.00..50.00 rows=25 width=8) (actual time=0.003..0.032 rows=163 loops=1)
                                                                                Index Cond: (person_id = ci.person_id)
                                                                    ->  Index Scan using info_type_pkey on info_type it3  (cost=0.00..2.00 rows=1 width=4) (actual time=0.001..0.001 rows=0 loops=163)
                                                                          Index Cond: (id = pi.info_type_id)
                                                                          Filter: ((info)::text = 'trivia'::text)
                                                                          Rows Removed by Filter: 1
                                                              ->  Index Scan using movie_id_complete_cast on complete_cast cc  (cost=0.00..4.00 rows=2 width=12) (actual time=0.001..0.002 rows=1 loops=54)
                                                                    Index Cond: (movie_id = t.id)
                                                        ->  Index Scan using comp_cast_type_pkey on comp_cast_type cct2  (cost=0.00..2.00 rows=1 width=4) (actual time=0.001..0.001 rows=1 loops=54)
                                                              Index Cond: (id = cc.status_id)
                                                              Filter: ((kind)::text = 'complete+verified'::text)
                                                  ->  Index Scan using comp_cast_type_pkey on comp_cast_type cct1  (cost=0.00..2.00 rows=1 width=4) (actual time=0.001..0.001 rows=1 loops=54)
                                                        Index Cond: (id = cc.subject_id)
                                                        Filter: ((kind)::text = 'cast'::text)
                                            ->  Index Scan using movie_id_movie_companies on movie_companies mc  (cost=0.00..10.00 rows=5 width=8) (actual time=0.002..0.005 rows=22 loops=54)
                                                  Index Cond: (movie_id = t.id)
                                      ->  Index Scan using company_name_pkey on company_name cn  (cost=0.00..2.00 rows=1 width=4) (actual time=0.002..0.002 rows=0 loops=1188)
                                            Index Cond: (id = mc.company_id)
                                            Filter: ((country_code)::text = '[us]'::text)
                                            Rows Removed by Filter: 1
                                ->  Index Scan using role_type_pkey on role_type rt  (cost=0.00..2.00 rows=1 width=4) (actual time=0.001..0.001 rows=1 loops=270)
                                      Index Cond: (id = ci.role_id)
                                      Filter: ((role)::text = 'actress'::text)
                          ->  Index Scan using movie_id_movie_info on movie_info mi  (cost=0.00..84.00 rows=1 width=8) (actual time=0.010..0.096 rows=2 loops=270)
                                Index Cond: (movie_id = t.id)
                                Filter: ((info IS NOT NULL) AND ((info ~~ 'Japan:%200%'::text) OR (info ~~ 'USA:%200%'::text)))
                                Rows Removed by Filter: 455
                    ->  Index Scan using info_type_pkey on info_type it  (cost=0.00..2.00 rows=1 width=4) (actual time=0.001..0.001 rows=1 loops=540)
                          Index Cond: (id = mi.info_type_id)
                          Filter: ((info)::text = 'release dates'::text)
              ->  Index Only Scan using person_id_aka_name on aka_name an  (cost=0.00..4.00 rows=2 width=4) (actual time=0.002..0.002 rows=3 loops=540)
                    Index Cond: (person_id = ci.person_id)
                    Heap Fetches: 1620
        ->  Index Scan using name_pkey on name n  (cost=0.00..2.00 rows=1 width=19) (actual time=0.001..0.001 rows=1 loops=1620)
              Index Cond: (id = ci.person_id)
              Filter: ((name ~~ '%An%'::text) AND ((gender)::text = 'f'::text))
Planning time: 74.521 ms
Execution time: 64.273 ms
