Aggregate  (cost=178906.00..178907.00 rows=1 width=96) (actual time=44.707..44.707 rows=1 loops=1)
  ->  Nested Loop  (cost=165329.00..178906.00 rows=1 width=48) (actual time=25.188..44.366 rows=1620 loops=1)
        ->  Nested Loop  (cost=165329.00..178904.00 rows=1 width=52) (actual time=25.184..33.885 rows=7128 loops=1)
              ->  Nested Loop  (cost=165329.00..178889.00 rows=1 width=68) (actual time=25.179..31.634 rows=324 loops=1)
                    ->  Nested Loop  (cost=165329.00..178886.00 rows=1 width=47) (actual time=25.174..31.102 rows=324 loops=1)
                          ->  Nested Loop  (cost=165329.00..178884.00 rows=1 width=44) (actual time=25.170..30.552 rows=324 loops=1)
                                ->  Nested Loop  (cost=165329.00..178832.00 rows=25 width=48) (actual time=25.163..29.687 rows=978 loops=1)
                                      ->  Nested Loop  (cost=165329.00..178757.00 rows=1 width=40) (actual time=25.159..29.406 rows=6 loops=1)
                                            ->  Nested Loop  (cost=165329.00..178751.00 rows=2 width=44) (actual time=25.156..29.398 rows=6 loops=1)
                                                  ->  Hash Join  (cost=165329.00..178411.00 rows=4 width=36) (actual time=21.540..28.608 rows=11 loops=1)
                                                        Hash Cond: (cc.status_id = cct2.id)
                                                        ->  Hash Join  (cost=165324.00..178395.00 rows=15 width=40) (actual time=21.531..28.596 rows=15 loops=1)
                                                              Hash Cond: (cc.subject_id = cct1.id)
                                                              ->  Nested Loop  (cost=165319.00..178379.00 rows=15 width=44) (actual time=21.526..28.588 rows=15 loops=1)
                                                                    ->  Nested Loop  (cost=165319.00..178289.00 rows=15 width=32) (actual time=21.522..28.553 rows=15 loops=1)
                                                                          ->  Nested Loop  (cost=165319.00..173453.00 rows=2417 width=20) (actual time=21.097..24.756 rows=2417 loops=1)
                                                                                ->  Merge Join  (cost=165319.00..165683.00 rows=1295 width=16) (actual time=21.072..21.359 rows=1295 loops=1)
                                                                                      Merge Cond: (rt.id = ci.role_id)
                                                                                      ->  Sort  (cost=12.00..12.00 rows=1 width=4) (actual time=0.005..0.005 rows=1 loops=1)
                                                                                            Sort Key: rt.id
                                                                                            Sort Method: quicksort  Memory: 25kB
                                                                                            ->  Seq Scan on role_type rt  (cost=0.00..12.00 rows=1 width=4) (actual time=0.002..0.003 rows=1 loops=1)
                                                                                                  Filter: ((role)::text = 'actress'::text)
                                                                                                  Rows Removed by Filter: 11
                                                                                      ->  Sort  (cost=165307.00..165307.00 rows=4371 width=20) (actual time=20.730..20.939 rows=4368 loops=1)
                                                                                            Sort Key: ci.role_id
                                                                                            Sort Method: quicksort  Memory: 516kB
                                                                                            ->  Nested Loop  (cost=0.00..165307.00 rows=4371 width=20) (actual time=0.040..20.130 rows=4371 loops=1)
                                                                                                  ->  Nested Loop  (cost=0.00..135085.00 rows=414 width=4) (actual time=0.034..8.006 rows=414 loops=1)
                                                                                                        ->  Seq Scan on keyword k  (cost=0.00..134170.00 rows=1 width=4) (actual time=0.026..7.725 rows=1 loops=1)
                                                                                                              Filter: (keyword = 'computer-animation'::text)
                                                                                                              Rows Removed by Filter: 134169
                                                                                                        ->  Index Scan using keyword_id_movie_keyword on movie_keyword mk  (cost=0.00..610.00 rows=305 width=8) (actual time=0.007..0.227 rows=414 loops=1)
                                                                                                              Index Cond: (keyword_id = k.id)
                                                                                                  ->  Index Scan using movie_id_cast_info on cast_info ci  (cost=0.00..72.00 rows=1 width=16) (actual time=0.008..0.028 rows=11 loops=414)
                                                                                                        Index Cond: (movie_id = mk.movie_id)
                                                                                                        Filter: (note = ANY ('{(voice),"(voice) (uncredited)","(voice: English version)"}'::text[]))
                                                                                                        Rows Removed by Filter: 33
                                                                                ->  Index Only Scan using person_id_aka_name on aka_name an  (cost=0.00..4.00 rows=2 width=4) (actual time=0.002..0.002 rows=2 loops=1295)
                                                                                      Index Cond: (person_id = ci.person_id)
                                                                                      Heap Fetches: 2417
                                                                          ->  Index Scan using char_name_pkey on char_name chn  (cost=0.00..2.00 rows=1 width=20) (actual time=0.001..0.001 rows=0 loops=2417)
                                                                                Index Cond: (id = ci.person_role_id)
                                                                                Filter: (name = 'Queen'::text)
                                                                                Rows Removed by Filter: 1
                                                                    ->  Index Scan using movie_id_complete_cast on complete_cast cc  (cost=0.00..4.00 rows=2 width=12) (actual time=0.002..0.002 rows=1 loops=15)
                                                                          Index Cond: (movie_id = ci.movie_id)
                                                              ->  Hash  (cost=4.00..4.00 rows=1 width=4) (actual time=0.002..0.002 rows=1 loops=1)
                                                                    Buckets: 1024  Batches: 1  Memory Usage: 9kB
                                                                    ->  Seq Scan on comp_cast_type cct1  (cost=0.00..4.00 rows=1 width=4) (actual time=0.001..0.002 rows=1 loops=1)
                                                                          Filter: ((kind)::text = 'cast'::text)
                                                                          Rows Removed by Filter: 3
                                                        ->  Hash  (cost=4.00..4.00 rows=1 width=4) (actual time=0.006..0.006 rows=1 loops=1)
                                                              Buckets: 1024  Batches: 1  Memory Usage: 9kB
                                                              ->  Seq Scan on comp_cast_type cct2  (cost=0.00..4.00 rows=1 width=4) (actual time=0.005..0.005 rows=1 loops=1)
                                                                    Filter: ((kind)::text = 'complete+verified'::text)
                                                                    Rows Removed by Filter: 3
                                                  ->  Index Scan using movie_id_movie_info on movie_info mi  (cost=0.00..84.00 rows=1 width=8) (actual time=0.046..0.071 rows=1 loops=11)
                                                        Index Cond: (movie_id = ci.movie_id)
                                                        Filter: ((info IS NOT NULL) AND ((info ~~ 'Japan:%200%'::text) OR (info ~~ 'USA:%200%'::text)))
                                                        Rows Removed by Filter: 342
                                            ->  Index Scan using info_type_pkey on info_type it  (cost=0.00..2.00 rows=1 width=4) (actual time=0.001..0.001 rows=1 loops=6)
                                                  Index Cond: (id = mi.info_type_id)
                                                  Filter: ((info)::text = 'release dates'::text)
                                      ->  Index Scan using person_id_person_info on person_info pi  (cost=0.00..50.00 rows=25 width=8) (actual time=0.002..0.025 rows=163 loops=6)
                                            Index Cond: (person_id = ci.person_id)
                                ->  Index Scan using info_type_pkey on info_type it3  (cost=0.00..2.00 rows=1 width=4) (actual time=0.001..0.001 rows=0 loops=978)
                                      Index Cond: (id = pi.info_type_id)
                                      Filter: ((info)::text = 'trivia'::text)
                                      Rows Removed by Filter: 1
                          ->  Index Scan using name_pkey on name n  (cost=0.00..2.00 rows=1 width=19) (actual time=0.001..0.001 rows=1 loops=324)
                                Index Cond: (id = ci.person_id)
                                Filter: ((name ~~ '%An%'::text) AND ((gender)::text = 'f'::text))
                    ->  Index Scan using title_pkey on title t  (cost=0.00..2.00 rows=1 width=21) (actual time=0.001..0.001 rows=1 loops=324)
                          Index Cond: (id = mi.movie_id)
                          Filter: ((production_year >= 2000) AND (production_year <= 2010) AND (title = 'Shrek 2'::text))
              ->  Index Scan using movie_id_movie_companies on movie_companies mc  (cost=0.00..10.00 rows=5 width=8) (actual time=0.002..0.004 rows=22 loops=324)
                    Index Cond: (movie_id = t.id)
        ->  Index Scan using company_name_pkey on company_name cn  (cost=0.00..2.00 rows=1 width=4) (actual time=0.001..0.001 rows=0 loops=7128)
              Index Cond: (id = mc.company_id)
              Filter: ((country_code)::text = '[us]'::text)
              Rows Removed by Filter: 1
Planning time: 74.472 ms
Execution time: 44.798 ms
