Aggregate  (cost=174145.00..174146.00 rows=1 width=96) (actual time=162.512..162.512 rows=1 loops=1)
  ->  Nested Loop  (cost=5.00..174145.00 rows=1 width=48) (actual time=66.575..162.185 rows=1620 loops=1)
        ->  Nested Loop  (cost=5.00..174139.00 rows=1 width=60) (actual time=66.570..160.930 rows=540 loops=1)
              ->  Nested Loop  (cost=5.00..174135.00 rows=1 width=64) (actual time=66.568..160.452 rows=540 loops=1)
                    ->  Nested Loop  (cost=5.00..174131.00 rows=1 width=68) (actual time=66.450..159.029 rows=1630 loops=1)
                          ->  Nested Loop  (cost=5.00..174128.00 rows=1 width=71) (actual time=66.446..156.541 rows=1630 loops=1)
                                ->  Nested Loop  (cost=5.00..174124.00 rows=1 width=75) (actual time=66.443..155.011 rows=1630 loops=1)
                                      ->  Nested Loop  (cost=5.00..174039.00 rows=1 width=67) (actual time=2.770..39.007 rows=1559 loops=1)
                                            ->  Nested Loop  (cost=5.00..173989.00 rows=25 width=48) (actual time=1.050..35.775 rows=1944 loops=1)
                                                  ->  Nested Loop  (cost=5.00..173914.00 rows=1 width=40) (actual time=1.013..35.125 rows=18 loops=1)
                                                        ->  Nested Loop  (cost=5.00..173700.00 rows=106 width=28) (actual time=0.902..28.344 rows=4128 loops=1)
                                                              ->  Nested Loop  (cost=5.00..164283.00 rows=129 width=12) (actual time=0.893..18.266 rows=129 loops=1)
                                                                    ->  Nested Loop  (cost=5.00..163203.00 rows=540 width=16) (actual time=0.890..16.893 rows=540 loops=1)
                                                                          ->  Hash Join  (cost=5.00..161934.00 rows=564 width=20) (actual time=0.888..16.358 rows=564 loops=1)
                                                                                Hash Cond: (cc.status_id = cct2.id)
                                                                                ->  Nested Loop  (cost=0.00..160603.00 rows=1768 width=24) (actual time=0.247..16.123 rows=1768 loops=1)
                                                                                      ->  Nested Loop  (cost=0.00..141295.00 rows=3218 width=12) (actual time=0.043..11.435 rows=3218 loops=1)
                                                                                            ->  Nested Loop  (cost=0.00..135085.00 rows=414 width=4) (actual time=0.038..8.894 rows=414 loops=1)
                                                                                                  ->  Seq Scan on keyword k  (cost=0.00..134170.00 rows=1 width=4) (actual time=0.029..8.600 rows=1 loops=1)
                                                                                                        Filter: (keyword = 'computer-animation'::text)
                                                                                                        Rows Removed by Filter: 134169
                                                                                                  ->  Index Scan using keyword_id_movie_keyword on movie_keyword mk  (cost=0.00..610.00 rows=305 width=8) (actual time=0.008..0.241 rows=414 loops=1)
                                                                                                        Index Cond: (keyword_id = k.id)
                                                                                            ->  Index Scan using movie_id_movie_companies on movie_companies mc  (cost=0.00..10.00 rows=5 width=8) (actual time=0.003..0.005 rows=8 loops=414)
                                                                                                  Index Cond: (movie_id = mk.movie_id)
                                                                                      ->  Index Scan using movie_id_complete_cast on complete_cast cc  (cost=0.00..4.00 rows=2 width=12) (actual time=0.001..0.001 rows=1 loops=3218)
                                                                                            Index Cond: (movie_id = mc.movie_id)
                                                                                ->  Hash  (cost=4.00..4.00 rows=1 width=4) (actual time=0.004..0.004 rows=1 loops=1)
                                                                                      Buckets: 1024  Batches: 1  Memory Usage: 9kB
                                                                                      ->  Seq Scan on comp_cast_type cct2  (cost=0.00..4.00 rows=1 width=4) (actual time=0.002..0.003 rows=1 loops=1)
                                                                                            Filter: ((kind)::text = 'complete+verified'::text)
                                                                                            Rows Removed by Filter: 3
                                                                          ->  Index Scan using comp_cast_type_pkey on comp_cast_type cct1  (cost=0.00..2.00 rows=1 width=4) (actual time=0.001..0.001 rows=1 loops=564)
                                                                                Index Cond: (id = cc.subject_id)
                                                                                Filter: ((kind)::text = 'cast'::text)
                                                                                Rows Removed by Filter: 0
                                                                    ->  Index Scan using company_name_pkey on company_name cn  (cost=0.00..2.00 rows=1 width=4) (actual time=0.002..0.002 rows=0 loops=540)
                                                                          Index Cond: (id = mc.company_id)
                                                                          Filter: ((country_code)::text = '[us]'::text)
                                                                          Rows Removed by Filter: 1
                                                              ->  Index Scan using movie_id_cast_info on cast_info ci  (cost=0.00..72.00 rows=1 width=16) (actual time=0.009..0.074 rows=32 loops=129)
                                                                    Index Cond: (movie_id = mc.movie_id)
                                                                    Filter: (note = ANY ('{(voice),"(voice) (uncredited)","(voice: English version)"}'::text[]))
                                                                    Rows Removed by Filter: 121
                                                        ->  Index Scan using char_name_pkey on char_name chn  (cost=0.00..2.00 rows=1 width=20) (actual time=0.001..0.001 rows=0 loops=4128)
                                                              Index Cond: (id = ci.person_role_id)
                                                              Filter: (name = 'Queen'::text)
                                                              Rows Removed by Filter: 1
                                                  ->  Index Scan using person_id_person_info on person_info pi  (cost=0.00..50.00 rows=25 width=8) (actual time=0.005..0.021 rows=108 loops=18)
                                                        Index Cond: (person_id = ci.person_id)
                                            ->  Index Scan using name_pkey on name n  (cost=0.00..2.00 rows=1 width=19) (actual time=0.001..0.001 rows=1 loops=1944)
                                                  Index Cond: (id = ci.person_id)
                                                  Filter: ((name ~~ '%An%'::text) AND ((gender)::text = 'f'::text))
                                                  Rows Removed by Filter: 0
                                      ->  Index Scan using movie_id_movie_info on movie_info mi  (cost=0.00..84.00 rows=1 width=8) (actual time=0.034..0.074 rows=1 loops=1559)
                                            Index Cond: (movie_id = mc.movie_id)
                                            Filter: ((info IS NOT NULL) AND ((info ~~ 'Japan:%200%'::text) OR (info ~~ 'USA:%200%'::text)))
                                            Rows Removed by Filter: 383
                                ->  Index Scan using info_type_pkey on info_type it  (cost=0.00..2.00 rows=1 width=4) (actual time=0.001..0.001 rows=1 loops=1630)
                                      Index Cond: (id = mi.info_type_id)
                                      Filter: ((info)::text = 'release dates'::text)
                          ->  Index Scan using title_pkey on title t  (cost=0.00..2.00 rows=1 width=21) (actual time=0.001..0.001 rows=1 loops=1630)
                                Index Cond: (id = mi.movie_id)
                                Filter: ((production_year >= 2000) AND (production_year <= 2010) AND (title = 'Shrek 2'::text))
                    ->  Index Scan using info_type_pkey on info_type it3  (cost=0.00..2.00 rows=1 width=4) (actual time=0.001..0.001 rows=0 loops=1630)
                          Index Cond: (id = pi.info_type_id)
                          Filter: ((info)::text = 'trivia'::text)
                          Rows Removed by Filter: 1
              ->  Index Scan using role_type_pkey on role_type rt  (cost=0.00..2.00 rows=1 width=4) (actual time=0.001..0.001 rows=1 loops=540)
                    Index Cond: (id = ci.role_id)
                    Filter: ((role)::text = 'actress'::text)
        ->  Index Only Scan using person_id_aka_name on aka_name an  (cost=0.00..4.00 rows=2 width=4) (actual time=0.001..0.002 rows=3 loops=540)
              Index Cond: (person_id = n.id)
              Heap Fetches: 1620
Planning time: 74.423 ms
Execution time: 162.602 ms
