Aggregate  (cost=136276.33..136277.33 rows=1 width=96) (actual time=10.355..10.355 rows=1 loops=1)
  ->  Nested Loop  (cost=0.00..136276.33 rows=1 width=48) (actual time=1.261..10.348 rows=15 loops=1)
        ->  Nested Loop  (cost=0.00..136270.33 rows=1 width=60) (actual time=1.255..10.329 rows=5 loops=1)
              ->  Nested Loop  (cost=0.00..136266.33 rows=1 width=64) (actual time=1.129..9.613 rows=815 loops=1)
                    ->  Nested Loop  (cost=0.00..136191.33 rows=1 width=56) (actual time=1.126..9.372 rows=5 loops=1)
                          ->  Nested Loop  (cost=0.00..136189.33 rows=1 width=60) (actual time=1.122..9.323 rows=22 loops=1)
                                ->  Nested Loop  (cost=0.00..136174.33 rows=1 width=76) (actual time=1.118..9.312 rows=1 loops=1)
                                      ->  Nested Loop  (cost=0.00..136170.33 rows=1 width=80) (actual time=1.117..9.311 rows=1 loops=1)
                                            ->  Nested Loop  (cost=0.00..136166.33 rows=1 width=68) (actual time=1.113..9.306 rows=1 loops=1)
                                                  ->  Nested Loop  (cost=0.00..136162.33 rows=1 width=72) (actual time=1.111..9.304 rows=1 loops=1)
                                                        ->  Nested Loop  (cost=0.00..136158.33 rows=1 width=76) (actual time=1.108..9.301 rows=1 loops=1)
                                                              ->  Nested Loop  (cost=0.00..136152.33 rows=1 width=64) (actual time=1.104..9.297 rows=1 loops=1)
                                                                    ->  Nested Loop  (cost=0.00..136148.33 rows=1 width=68) (actual time=1.102..9.295 rows=1 loops=1)
                                                                          ->  Nested Loop  (cost=0.00..136072.33 rows=38 width=49) (actual time=1.020..9.204 rows=38 loops=1)
                                                                                ->  Nested Loop  (cost=0.00..135999.33 rows=1 width=33) (actual time=1.014..9.057 rows=1 loops=1)
                                                                                      ->  Nested Loop  (cost=0.00..135914.33 rows=1 width=25) (actual time=1.001..8.964 rows=1 loops=1)
                                                                                            ->  Nested Loop  (cost=0.00..135085.00 rows=414 width=4) (actual time=0.036..7.926 rows=414 loops=1)
                                                                                                  ->  Seq Scan on keyword k  (cost=0.00..134170.00 rows=1 width=4) (actual time=0.028..7.675 rows=1 loops=1)
                                                                                                        Filter: (keyword = 'computer-animation'::text)
                                                                                                        Rows Removed by Filter: 134169
                                                                                                  ->  Index Scan using keyword_id_movie_keyword on movie_keyword mk  (cost=0.00..610.00 rows=305 width=8) (actual time=0.007..0.204 rows=414 loops=1)
                                                                                                        Index Cond: (keyword_id = k.id)
                                                                                            ->  Index Scan using title_pkey on title t  (cost=0.00..2.00 rows=1 width=21) (actual time=0.002..0.002 rows=0 loops=414)
                                                                                                  Index Cond: (id = mk.movie_id)
                                                                                                  Filter: ((production_year >= 2000) AND (production_year <= 2005) AND (title = 'Shrek 2'::text))
                                                                                                  Rows Removed by Filter: 1
                                                                                      ->  Index Scan using movie_id_movie_info on movie_info mi  (cost=0.00..84.00 rows=1 width=8) (actual time=0.013..0.092 rows=1 loops=1)
                                                                                            Index Cond: (movie_id = t.id)
                                                                                            Filter: (info ~~ 'USA:%200%'::text)
                                                                                            Rows Removed by Filter: 456
                                                                                ->  Index Scan using movie_id_cast_info on cast_info ci  (cost=0.00..72.00 rows=1 width=16) (actual time=0.005..0.141 rows=38 loops=1)
                                                                                      Index Cond: (movie_id = t.id)
                                                                                      Filter: (note = ANY ('{(voice),"(voice) (uncredited)","(voice: English version)"}'::text[]))
                                                                                      Rows Removed by Filter: 191
                                                                          ->  Index Scan using name_pkey on name n  (cost=0.00..2.00 rows=1 width=19) (actual time=0.002..0.002 rows=0 loops=38)
                                                                                Index Cond: (id = ci.person_id)
                                                                                Filter: ((name ~~ '%An%'::text) AND ((gender)::text = 'f'::text))
                                                                                Rows Removed by Filter: 1
                                                                    ->  Index Scan using info_type_pkey on info_type it  (cost=0.00..2.00 rows=1 width=4) (actual time=0.002..0.002 rows=1 loops=1)
                                                                          Index Cond: (id = mi.info_type_id)
                                                                          Filter: ((info)::text = 'release dates'::text)
                                                              ->  Index Scan using movie_id_complete_cast on complete_cast cc  (cost=0.00..4.00 rows=2 width=12) (actual time=0.003..0.004 rows=1 loops=1)
                                                                    Index Cond: (movie_id = t.id)
                                                        ->  Index Scan using comp_cast_type_pkey on comp_cast_type cct2  (cost=0.00..2.00 rows=1 width=4) (actual time=0.002..0.002 rows=1 loops=1)
                                                              Index Cond: (id = cc.status_id)
                                                              Filter: ((kind)::text = 'complete+verified'::text)
                                                  ->  Index Scan using role_type_pkey on role_type rt  (cost=0.00..2.00 rows=1 width=4) (actual time=0.002..0.002 rows=1 loops=1)
                                                        Index Cond: (id = ci.role_id)
                                                        Filter: ((role)::text = 'actress'::text)
                                            ->  Index Scan using char_name_pkey on char_name chn  (cost=0.00..2.00 rows=1 width=20) (actual time=0.004..0.004 rows=1 loops=1)
                                                  Index Cond: (id = ci.person_role_id)
                                                  Filter: (name = 'Queen'::text)
                                      ->  Index Scan using comp_cast_type_pkey on comp_cast_type cct1  (cost=0.00..2.00 rows=1 width=4) (actual time=0.001..0.001 rows=1 loops=1)
                                            Index Cond: (id = cc.subject_id)
                                            Filter: ((kind)::text = 'cast'::text)
                                ->  Index Scan using movie_id_movie_companies on movie_companies mc  (cost=0.00..10.00 rows=5 width=8) (actual time=0.003..0.007 rows=22 loops=1)
                                      Index Cond: (movie_id = t.id)
                          ->  Index Scan using company_name_pkey on company_name cn  (cost=0.00..2.00 rows=1 width=4) (actual time=0.002..0.002 rows=0 loops=22)
                                Index Cond: (id = mc.company_id)
                                Filter: ((country_code)::text = '[us]'::text)
                                Rows Removed by Filter: 1
                    ->  Index Scan using person_id_person_info on person_info pi  (cost=0.00..50.00 rows=25 width=8) (actual time=0.002..0.027 rows=163 loops=5)
                          Index Cond: (person_id = n.id)
              ->  Index Scan using info_type_pkey on info_type it3  (cost=0.00..2.00 rows=1 width=4) (actual time=0.001..0.001 rows=0 loops=815)
                    Index Cond: (id = pi.info_type_id)
                    Filter: ((info)::text = 'height'::text)
                    Rows Removed by Filter: 1
        ->  Index Only Scan using person_id_aka_name on aka_name an  (cost=0.00..4.00 rows=2 width=4) (actual time=0.002..0.003 rows=3 loops=5)
              Index Cond: (person_id = n.id)
              Heap Fetches: 15
Planning time: 74.743 ms
Execution time: 10.444 ms
