Aggregate  (cost=146446.33..146447.33 rows=1 width=96) (actual time=24.057..24.057 rows=1 loops=1)
  ->  Nested Loop  (cost=144151.00..146446.33 rows=1 width=48) (actual time=17.207..24.048 rows=15 loops=1)
        ->  Nested Loop  (cost=144151.00..146442.33 rows=1 width=52) (actual time=17.205..24.031 rows=15 loops=1)
              ->  Nested Loop  (cost=144151.00..146357.33 rows=1 width=68) (actual time=17.192..22.832 rows=15 loops=1)
                    ->  Nested Loop  (cost=144151.00..146353.33 rows=1 width=72) (actual time=17.191..22.816 rows=15 loops=1)
                          ->  Nested Loop  (cost=144151.00..146349.33 rows=1 width=60) (actual time=17.186..22.785 rows=15 loops=1)
                                ->  Nested Loop  (cost=144151.00..146343.33 rows=1 width=72) (actual time=17.181..22.765 rows=5 loops=1)
                                      ->  Nested Loop  (cost=144151.00..146339.33 rows=1 width=76) (actual time=17.179..22.759 rows=5 loops=1)
                                            ->  Nested Loop  (cost=144151.00..146337.33 rows=1 width=80) (actual time=17.176..22.712 rows=22 loops=1)
                                                  ->  Nested Loop  (cost=144151.00..146333.33 rows=1 width=84) (actual time=17.064..19.769 rows=3586 loops=1)
                                                        ->  Nested Loop  (cost=144151.00..146258.33 rows=1 width=76) (actual time=17.060..18.797 rows=22 loops=1)
                                                              ->  Nested Loop  (cost=144151.00..146097.00 rows=80 width=55) (actual time=15.358..17.650 rows=808 loops=1)
                                                                    ->  Nested Loop  (cost=144151.00..145632.00 rows=31 width=47) (actual time=15.351..17.294 rows=31 loops=1)
                                                                          ->  Merge Join  (cost=144151.00..144340.00 rows=646 width=28) (actual time=15.339..15.488 rows=646 loops=1)
                                                                                Merge Cond: (rt.id = ci.role_id)
                                                                                ->  Sort  (cost=12.00..12.00 rows=1 width=4) (actual time=0.010..0.010 rows=1 loops=1)
                                                                                      Sort Key: rt.id
                                                                                      Sort Method: quicksort  Memory: 25kB
                                                                                      ->  Seq Scan on role_type rt  (cost=0.00..12.00 rows=1 width=4) (actual time=0.005..0.006 rows=1 loops=1)
                                                                                            Filter: ((role)::text = 'actress'::text)
                                                                                            Rows Removed by Filter: 11
                                                                                ->  Sort  (cost=144139.00..144139.00 rows=2266 width=32) (actual time=15.138..15.241 rows=2263 loops=1)
                                                                                      Sort Key: ci.role_id
                                                                                      Sort Method: quicksort  Memory: 274kB
                                                                                      ->  Nested Loop  (cost=0.00..144139.00 rows=2266 width=32) (actual time=0.085..14.774 rows=2266 loops=1)
                                                                                            ->  Nested Loop  (cost=0.00..137569.00 rows=90 width=16) (actual time=0.079..8.560 rows=90 loops=1)
                                                                                                  ->  Nested Loop  (cost=0.00..135085.00 rows=414 width=4) (actual time=0.033..7.884 rows=414 loops=1)
                                                                                                        ->  Seq Scan on keyword k  (cost=0.00..134170.00 rows=1 width=4) (actual time=0.025..7.639 rows=1 loops=1)
                                                                                                              Filter: (keyword = 'computer-animation'::text)
                                                                                                              Rows Removed by Filter: 134169
                                                                                                        ->  Index Scan using keyword_id_movie_keyword on movie_keyword mk  (cost=0.00..610.00 rows=305 width=8) (actual time=0.007..0.197 rows=414 loops=1)
                                                                                                              Index Cond: (keyword_id = k.id)
                                                                                                  ->  Index Scan using movie_id_complete_cast on complete_cast cc  (cost=0.00..4.00 rows=2 width=12) (actual time=0.001..0.001 rows=0 loops=414)
                                                                                                        Index Cond: (movie_id = mk.movie_id)
                                                                                            ->  Index Scan using movie_id_cast_info on cast_info ci  (cost=0.00..72.00 rows=1 width=16) (actual time=0.008..0.065 rows=25 loops=90)
                                                                                                  Index Cond: (movie_id = mk.movie_id)
                                                                                                  Filter: (note = ANY ('{(voice),"(voice) (uncredited)","(voice: English version)"}'::text[]))
                                                                                                  Rows Removed by Filter: 90
                                                                          ->  Index Scan using name_pkey on name n  (cost=0.00..2.00 rows=1 width=19) (actual time=0.003..0.003 rows=0 loops=646)
                                                                                Index Cond: (id = ci.person_id)
                                                                                Filter: ((name ~~ '%An%'::text) AND ((gender)::text = 'f'::text))
                                                                                Rows Removed by Filter: 1
                                                                    ->  Index Scan using movie_id_movie_companies on movie_companies mc  (cost=0.00..10.00 rows=5 width=8) (actual time=0.003..0.008 rows=26 loops=31)
                                                                          Index Cond: (movie_id = ci.movie_id)
                                                              ->  Index Scan using title_pkey on title t  (cost=0.00..2.00 rows=1 width=21) (actual time=0.001..0.001 rows=0 loops=808)
                                                                    Index Cond: (id = mc.movie_id)
                                                                    Filter: ((production_year >= 2000) AND (production_year <= 2005) AND (title = 'Shrek 2'::text))
                                                                    Rows Removed by Filter: 1
                                                        ->  Index Scan using person_id_person_info on person_info pi  (cost=0.00..50.00 rows=25 width=8) (actual time=0.001..0.023 rows=163 loops=22)
                                                              Index Cond: (person_id = n.id)
                                                  ->  Index Scan using info_type_pkey on info_type it3  (cost=0.00..2.00 rows=1 width=4) (actual time=0.001..0.001 rows=0 loops=3586)
                                                        Index Cond: (id = pi.info_type_id)
                                                        Filter: ((info)::text = 'height'::text)
                                                        Rows Removed by Filter: 1
                                            ->  Index Scan using company_name_pkey on company_name cn  (cost=0.00..2.00 rows=1 width=4) (actual time=0.002..0.002 rows=0 loops=22)
                                                  Index Cond: (id = mc.company_id)
                                                  Filter: ((country_code)::text = '[us]'::text)
                                                  Rows Removed by Filter: 1
                                      ->  Index Scan using comp_cast_type_pkey on comp_cast_type cct2  (cost=0.00..2.00 rows=1 width=4) (actual time=0.001..0.001 rows=1 loops=5)
                                            Index Cond: (id = cc.status_id)
                                            Filter: ((kind)::text = 'complete+verified'::text)
                                ->  Index Only Scan using person_id_aka_name on aka_name an  (cost=0.00..4.00 rows=2 width=4) (actual time=0.002..0.003 rows=3 loops=5)
                                      Index Cond: (person_id = n.id)
                                      Heap Fetches: 15
                          ->  Index Scan using char_name_pkey on char_name chn  (cost=0.00..2.00 rows=1 width=20) (actual time=0.002..0.002 rows=1 loops=15)
                                Index Cond: (id = ci.person_role_id)
                                Filter: (name = 'Queen'::text)
                    ->  Index Scan using comp_cast_type_pkey on comp_cast_type cct1  (cost=0.00..2.00 rows=1 width=4) (actual time=0.001..0.001 rows=1 loops=15)
                          Index Cond: (id = cc.subject_id)
                          Filter: ((kind)::text = 'cast'::text)
              ->  Index Scan using movie_id_movie_info on movie_info mi  (cost=0.00..84.00 rows=1 width=8) (actual time=0.009..0.080 rows=1 loops=15)
                    Index Cond: (movie_id = t.id)
                    Filter: (info ~~ 'USA:%200%'::text)
                    Rows Removed by Filter: 456
        ->  Index Scan using info_type_pkey on info_type it  (cost=0.00..2.00 rows=1 width=4) (actual time=0.001..0.001 rows=1 loops=15)
              Index Cond: (id = mi.info_type_id)
              Filter: ((info)::text = 'release dates'::text)
Planning time: 74.503 ms
Execution time: 24.150 ms
