Aggregate  (cost=168867.33..168868.33 rows=1 width=96) (actual time=25.781..25.782 rows=1 loops=1)
  ->  Nested Loop  (cost=165329.00..168867.33 rows=1 width=48) (actual time=22.077..25.773 rows=15 loops=1)
        ->  Nested Loop  (cost=165329.00..168863.33 rows=1 width=52) (actual time=22.075..25.757 rows=15 loops=1)
              ->  Nested Loop  (cost=165329.00..168778.33 rows=1 width=68) (actual time=22.062..24.590 rows=15 loops=1)
                    ->  Nested Loop  (cost=165329.00..168772.33 rows=1 width=80) (actual time=22.057..24.571 rows=5 loops=1)
                          ->  Nested Loop  (cost=165329.00..168768.33 rows=1 width=84) (actual time=21.943..23.919 rows=815 loops=1)
                                ->  Nested Loop  (cost=165329.00..168693.33 rows=1 width=76) (actual time=21.940..23.691 rows=5 loops=1)
                                      ->  Hash Join  (cost=165329.00..168683.33 rows=5 width=57) (actual time=21.935..23.678 rows=5 loops=1)
                                            Hash Cond: (cc.subject_id = cct1.id)
                                            ->  Hash Join  (cost=165324.00..168674.33 rows=5 width=61) (actual time=21.925..23.667 rows=5 loops=1)
                                                  Hash Cond: (cc.status_id = cct2.id)
                                                  ->  Nested Loop  (cost=165319.00..168665.33 rows=5 width=65) (actual time=21.921..23.661 rows=5 loops=1)
                                                        ->  Nested Loop  (cost=165319.00..168635.33 rows=5 width=53) (actual time=21.917..23.650 rows=5 loops=1)
                                                              ->  Nested Loop  (cost=165319.00..168578.00 rows=28 width=32) (actual time=20.842..23.597 rows=28 loops=1)
                                                                    ->  Nested Loop  (cost=165319.00..168350.00 rows=114 width=36) (actual time=20.838..23.347 rows=114 loops=1)
                                                                          ->  Nested Loop  (cost=165319.00..168275.00 rows=5 width=28) (actual time=20.833..23.290 rows=5 loops=1)
                                                                                ->  Merge Join  (cost=165319.00..165683.00 rows=1295 width=16) (actual time=20.596..20.861 rows=1295 loops=1)
                                                                                      Merge Cond: (rt.id = ci.role_id)
                                                                                      ->  Sort  (cost=12.00..12.00 rows=1 width=4) (actual time=0.006..0.006 rows=1 loops=1)
                                                                                            Sort Key: rt.id
                                                                                            Sort Method: quicksort  Memory: 25kB
                                                                                            ->  Seq Scan on role_type rt  (cost=0.00..12.00 rows=1 width=4) (actual time=0.002..0.003 rows=1 loops=1)
                                                                                                  Filter: ((role)::text = 'actress'::text)
                                                                                                  Rows Removed by Filter: 11
                                                                                      ->  Sort  (cost=165307.00..165307.00 rows=4371 width=20) (actual time=20.256..20.455 rows=4368 loops=1)
                                                                                            Sort Key: ci.role_id
                                                                                            Sort Method: quicksort  Memory: 516kB
                                                                                            ->  Nested Loop  (cost=0.00..165307.00 rows=4371 width=20) (actual time=0.039..19.644 rows=4371 loops=1)
                                                                                                  ->  Nested Loop  (cost=0.00..135085.00 rows=414 width=4) (actual time=0.033..7.948 rows=414 loops=1)
                                                                                                        ->  Seq Scan on keyword k  (cost=0.00..134170.00 rows=1 width=4) (actual time=0.025..7.683 rows=1 loops=1)
                                                                                                              Filter: (keyword = 'computer-animation'::text)
                                                                                                              Rows Removed by Filter: 134169
                                                                                                        ->  Index Scan using keyword_id_movie_keyword on movie_keyword mk  (cost=0.00..610.00 rows=305 width=8) (actual time=0.007..0.211 rows=414 loops=1)
                                                                                                              Index Cond: (keyword_id = k.id)
                                                                                                  ->  Index Scan using movie_id_cast_info on cast_info ci  (cost=0.00..72.00 rows=1 width=16) (actual time=0.007..0.027 rows=11 loops=414)
                                                                                                        Index Cond: (movie_id = mk.movie_id)
                                                                                                        Filter: (note = ANY ('{(voice),"(voice) (uncredited)","(voice: English version)"}'::text[]))
                                                                                                        Rows Removed by Filter: 33
                                                                                ->  Index Scan using char_name_pkey on char_name chn  (cost=0.00..2.00 rows=1 width=20) (actual time=0.002..0.002 rows=0 loops=1295)
                                                                                      Index Cond: (id = ci.person_role_id)
                                                                                      Filter: (name = 'Queen'::text)
                                                                                      Rows Removed by Filter: 1
                                                                          ->  Index Scan using movie_id_movie_companies on movie_companies mc  (cost=0.00..10.00 rows=5 width=8) (actual time=0.004..0.008 rows=23 loops=5)
                                                                                Index Cond: (movie_id = ci.movie_id)
                                                                    ->  Index Scan using company_name_pkey on company_name cn  (cost=0.00..2.00 rows=1 width=4) (actual time=0.002..0.002 rows=0 loops=114)
                                                                          Index Cond: (id = mc.company_id)
                                                                          Filter: ((country_code)::text = '[us]'::text)
                                                                          Rows Removed by Filter: 1
                                                              ->  Index Scan using title_pkey on title t  (cost=0.00..2.00 rows=1 width=21) (actual time=0.002..0.002 rows=0 loops=28)
                                                                    Index Cond: (id = mc.movie_id)
                                                                    Filter: ((production_year >= 2000) AND (production_year <= 2005) AND (title = 'Shrek 2'::text))
                                                                    Rows Removed by Filter: 1
                                                        ->  Index Scan using movie_id_complete_cast on complete_cast cc  (cost=0.00..4.00 rows=2 width=12) (actual time=0.002..0.002 rows=1 loops=5)
                                                              Index Cond: (movie_id = t.id)
                                                  ->  Hash  (cost=4.00..4.00 rows=1 width=4) (actual time=0.002..0.002 rows=1 loops=1)
                                                        Buckets: 1024  Batches: 1  Memory Usage: 9kB
                                                        ->  Seq Scan on comp_cast_type cct2  (cost=0.00..4.00 rows=1 width=4) (actual time=0.002..0.002 rows=1 loops=1)
                                                              Filter: ((kind)::text = 'complete+verified'::text)
                                                              Rows Removed by Filter: 3
                                            ->  Hash  (cost=4.00..4.00 rows=1 width=4) (actual time=0.007..0.007 rows=1 loops=1)
                                                  Buckets: 1024  Batches: 1  Memory Usage: 9kB
                                                  ->  Seq Scan on comp_cast_type cct1  (cost=0.00..4.00 rows=1 width=4) (actual time=0.005..0.005 rows=1 loops=1)
                                                        Filter: ((kind)::text = 'cast'::text)
                                                        Rows Removed by Filter: 3
                                      ->  Index Scan using name_pkey on name n  (cost=0.00..2.00 rows=1 width=19) (actual time=0.002..0.002 rows=1 loops=5)
                                            Index Cond: (id = ci.person_id)
                                            Filter: ((name ~~ '%An%'::text) AND ((gender)::text = 'f'::text))
                                ->  Index Scan using person_id_person_info on person_info pi  (cost=0.00..50.00 rows=25 width=8) (actual time=0.002..0.024 rows=163 loops=5)
                                      Index Cond: (person_id = n.id)
                          ->  Index Scan using info_type_pkey on info_type it3  (cost=0.00..2.00 rows=1 width=4) (actual time=0.001..0.001 rows=0 loops=815)
                                Index Cond: (id = pi.info_type_id)
                                Filter: ((info)::text = 'height'::text)
                                Rows Removed by Filter: 1
                    ->  Index Only Scan using person_id_aka_name on aka_name an  (cost=0.00..4.00 rows=2 width=4) (actual time=0.002..0.003 rows=3 loops=5)
                          Index Cond: (person_id = n.id)
                          Heap Fetches: 15
              ->  Index Scan using movie_id_movie_info on movie_info mi  (cost=0.00..84.00 rows=1 width=8) (actual time=0.009..0.077 rows=1 loops=15)
                    Index Cond: (movie_id = t.id)
                    Filter: (info ~~ 'USA:%200%'::text)
                    Rows Removed by Filter: 456
        ->  Index Scan using info_type_pkey on info_type it  (cost=0.00..2.00 rows=1 width=4) (actual time=0.001..0.001 rows=1 loops=15)
              Index Cond: (id = mi.info_type_id)
              Filter: ((info)::text = 'release dates'::text)
Planning time: 74.685 ms
Execution time: 25.873 ms
