Aggregate  (cost=136599.33..136600.33 rows=1 width=96) (actual time=9.560..9.560 rows=1 loops=1)
  ->  Nested Loop  (cost=0.00..136599.33 rows=1 width=48) (actual time=1.164..9.553 rows=15 loops=1)
        ->  Nested Loop  (cost=0.00..136595.33 rows=1 width=52) (actual time=1.162..9.537 rows=15 loops=1)
              ->  Nested Loop  (cost=0.00..136593.33 rows=1 width=56) (actual time=1.158..9.417 rows=66 loops=1)
                    ->  Nested Loop  (cost=0.00..136578.33 rows=1 width=72) (actual time=1.154..9.390 rows=3 loops=1)
                          ->  Nested Loop  (cost=0.00..136574.33 rows=1 width=76) (actual time=1.152..9.386 rows=3 loops=1)
                                ->  Nested Loop  (cost=0.00..136568.33 rows=1 width=64) (actual time=1.149..9.378 rows=3 loops=1)
                                      ->  Nested Loop  (cost=0.00..136562.33 rows=1 width=76) (actual time=1.144..9.371 rows=1 loops=1)
                                            ->  Nested Loop  (cost=0.00..136558.33 rows=1 width=80) (actual time=1.142..9.369 rows=1 loops=1)
                                                  ->  Nested Loop  (cost=0.00..136473.33 rows=1 width=72) (actual time=1.129..9.278 rows=1 loops=1)
                                                        ->  Nested Loop  (cost=0.00..136469.33 rows=1 width=76) (actual time=1.127..9.275 rows=1 loops=1)
                                                              ->  Nested Loop  (cost=0.00..136142.33 rows=163 width=80) (actual time=0.997..9.128 rows=163 loops=1)
                                                                    ->  Nested Loop  (cost=0.00..136067.33 rows=1 width=72) (actual time=0.994..9.074 rows=1 loops=1)
                                                                          ->  Nested Loop  (cost=0.00..136065.33 rows=1 width=53) (actual time=0.989..9.070 rows=1 loops=1)
                                                                                ->  Nested Loop  (cost=0.00..135987.33 rows=38 width=41) (actual time=0.888..8.950 rows=38 loops=1)
                                                                                      ->  Nested Loop  (cost=0.00..135914.33 rows=1 width=25) (actual time=0.883..8.806 rows=1 loops=1)
                                                                                            ->  Nested Loop  (cost=0.00..135085.00 rows=414 width=4) (actual time=0.036..7.882 rows=414 loops=1)
                                                                                                  ->  Seq Scan on keyword k  (cost=0.00..134170.00 rows=1 width=4) (actual time=0.028..7.640 rows=1 loops=1)
                                                                                                        Filter: (keyword = 'computer-animation'::text)
                                                                                                        Rows Removed by Filter: 134169
                                                                                                  ->  Index Scan using keyword_id_movie_keyword on movie_keyword mk  (cost=0.00..610.00 rows=305 width=8) (actual time=0.007..0.194 rows=414 loops=1)
                                                                                                        Index Cond: (keyword_id = k.id)
                                                                                            ->  Index Scan using title_pkey on title t  (cost=0.00..2.00 rows=1 width=21) (actual time=0.002..0.002 rows=0 loops=414)
                                                                                                  Index Cond: (id = mk.movie_id)
                                                                                                  Filter: ((production_year >= 2000) AND (production_year <= 2005) AND (title = 'Shrek 2'::text))
                                                                                                  Rows Removed by Filter: 1
                                                                                      ->  Index Scan using movie_id_cast_info on cast_info ci  (cost=0.00..72.00 rows=1 width=16) (actual time=0.005..0.138 rows=38 loops=1)
                                                                                            Index Cond: (movie_id = t.id)
                                                                                            Filter: (note = ANY ('{(voice),"(voice) (uncredited)","(voice: English version)"}'::text[]))
                                                                                            Rows Removed by Filter: 191
                                                                                ->  Index Scan using char_name_pkey on char_name chn  (cost=0.00..2.00 rows=1 width=20) (actual time=0.003..0.003 rows=0 loops=38)
                                                                                      Index Cond: (id = ci.person_role_id)
                                                                                      Filter: (name = 'Queen'::text)
                                                                                      Rows Removed by Filter: 1
                                                                          ->  Index Scan using name_pkey on name n  (cost=0.00..2.00 rows=1 width=19) (actual time=0.004..0.004 rows=1 loops=1)
                                                                                Index Cond: (id = ci.person_id)
                                                                                Filter: ((name ~~ '%An%'::text) AND ((gender)::text = 'f'::text))
                                                                    ->  Index Scan using person_id_person_info on person_info pi  (cost=0.00..50.00 rows=25 width=8) (actual time=0.003..0.030 rows=163 loops=1)
                                                                          Index Cond: (person_id = n.id)
                                                              ->  Index Scan using info_type_pkey on info_type it3  (cost=0.00..2.00 rows=1 width=4) (actual time=0.001..0.001 rows=0 loops=163)
                                                                    Index Cond: (id = pi.info_type_id)
                                                                    Filter: ((info)::text = 'height'::text)
                                                                    Rows Removed by Filter: 1
                                                        ->  Index Scan using role_type_pkey on role_type rt  (cost=0.00..2.00 rows=1 width=4) (actual time=0.002..0.002 rows=1 loops=1)
                                                              Index Cond: (id = ci.role_id)
                                                              Filter: ((role)::text = 'actress'::text)
                                                  ->  Index Scan using movie_id_movie_info on movie_info mi  (cost=0.00..84.00 rows=1 width=8) (actual time=0.013..0.091 rows=1 loops=1)
                                                        Index Cond: (movie_id = t.id)
                                                        Filter: (info ~~ 'USA:%200%'::text)
                                                        Rows Removed by Filter: 456
                                            ->  Index Scan using info_type_pkey on info_type it  (cost=0.00..2.00 rows=1 width=4) (actual time=0.001..0.001 rows=1 loops=1)
                                                  Index Cond: (id = mi.info_type_id)
                                                  Filter: ((info)::text = 'release dates'::text)
                                      ->  Index Only Scan using person_id_aka_name on aka_name an  (cost=0.00..4.00 rows=2 width=4) (actual time=0.004..0.005 rows=3 loops=1)
                                            Index Cond: (person_id = n.id)
                                            Heap Fetches: 3
                                ->  Index Scan using movie_id_complete_cast on complete_cast cc  (cost=0.00..4.00 rows=2 width=12) (actual time=0.002..0.002 rows=1 loops=3)
                                      Index Cond: (movie_id = t.id)
                          ->  Index Scan using comp_cast_type_pkey on comp_cast_type cct2  (cost=0.00..2.00 rows=1 width=4) (actual time=0.001..0.001 rows=1 loops=3)
                                Index Cond: (id = cc.status_id)
                                Filter: ((kind)::text = 'complete+verified'::text)
                    ->  Index Scan using movie_id_movie_companies on movie_companies mc  (cost=0.00..10.00 rows=5 width=8) (actual time=0.002..0.006 rows=22 loops=3)
                          Index Cond: (movie_id = t.id)
              ->  Index Scan using company_name_pkey on company_name cn  (cost=0.00..2.00 rows=1 width=4) (actual time=0.002..0.002 rows=0 loops=66)
                    Index Cond: (id = mc.company_id)
                    Filter: ((country_code)::text = '[us]'::text)
                    Rows Removed by Filter: 1
        ->  Index Scan using comp_cast_type_pkey on comp_cast_type cct1  (cost=0.00..2.00 rows=1 width=4) (actual time=0.001..0.001 rows=1 loops=15)
              Index Cond: (id = cc.subject_id)
              Filter: ((kind)::text = 'cast'::text)
Planning time: 74.472 ms
Execution time: 9.648 ms
