Aggregate  (cost=137895.00..137896.00 rows=1 width=96) (actual time=39.660..39.660 rows=1 loops=1)
  ->  Nested Loop  (cost=0.00..137895.00 rows=1 width=48) (actual time=16.633..39.652 rows=15 loops=1)
        ->  Nested Loop  (cost=0.00..137891.00 rows=1 width=52) (actual time=16.631..39.636 rows=15 loops=1)
              ->  Nested Loop  (cost=0.00..137889.00 rows=1 width=49) (actual time=16.627..39.605 rows=15 loops=1)
                    ->  Nested Loop  (cost=0.00..137837.00 rows=25 width=53) (actual time=16.494..37.587 rows=2445 loops=1)
                          ->  Nested Loop  (cost=0.00..137762.00 rows=1 width=45) (actual time=16.490..36.936 rows=15 loops=1)
                                ->  Nested Loop  (cost=0.00..137760.00 rows=1 width=49) (actual time=16.486..36.807 rows=66 loops=1)
                                      ->  Nested Loop  (cost=0.00..137756.00 rows=1 width=53) (actual time=16.485..36.748 rows=66 loops=1)
                                            ->  Nested Loop  (cost=0.00..137671.00 rows=1 width=69) (actual time=16.470..31.783 rows=66 loops=1)
                                                  ->  Nested Loop  (cost=0.00..137667.00 rows=1 width=73) (actual time=16.468..31.725 rows=66 loops=1)
                                                        ->  Nested Loop  (cost=0.00..137661.00 rows=1 width=61) (actual time=16.464..31.612 rows=66 loops=1)
                                                              ->  Nested Loop  (cost=0.00..137657.00 rows=1 width=65) (actual time=16.461..31.547 rows=66 loops=1)
                                                                    ->  Nested Loop  (cost=0.00..137642.00 rows=1 width=57) (actual time=16.456..31.517 rows=3 loops=1)
                                                                          ->  Nested Loop  (cost=0.00..137637.00 rows=2 width=36) (actual time=1.456..31.481 rows=15 loops=1)
                                                                                ->  Nested Loop  (cost=0.00..137631.00 rows=1 width=32) (actual time=1.450..31.452 rows=5 loops=1)
                                                                                      ->  Nested Loop  (cost=0.00..137567.00 rows=31 width=20) (actual time=0.043..21.864 rows=4371 loops=1)
                                                                                            ->  Nested Loop  (cost=0.00..135085.00 rows=34 width=4) (actual time=0.036..8.211 rows=414 loops=1)
                                                                                                  ->  Seq Scan on keyword k  (cost=0.00..134170.00 rows=1 width=4) (actual time=0.028..7.922 rows=1 loops=1)
                                                                                                        Filter: (keyword = 'computer-animation'::text)
                                                                                                        Rows Removed by Filter: 134169
                                                                                                  ->  Index Scan using keyword_id_movie_keyword on movie_keyword mk  (cost=0.00..610.00 rows=305 width=8) (actual time=0.007..0.231 rows=414 loops=1)
                                                                                                        Index Cond: (keyword_id = k.id)
                                                                                            ->  Index Scan using movie_id_cast_info on cast_info ci  (cost=0.00..72.00 rows=1 width=16) (actual time=0.009..0.031 rows=11 loops=414)
                                                                                                  Index Cond: (movie_id = mk.movie_id)
                                                                                                  Filter: (note = ANY ('{(voice),"(voice) (uncredited)","(voice: English version)"}'::text[]))
                                                                                                  Rows Removed by Filter: 33
                                                                                      ->  Index Scan using char_name_pkey on char_name chn  (cost=0.00..2.00 rows=1 width=20) (actual time=0.002..0.002 rows=0 loops=4371)
                                                                                            Index Cond: (id = ci.person_role_id)
                                                                                            Filter: (name = 'Queen'::text)
                                                                                            Rows Removed by Filter: 1
                                                                                ->  Index Only Scan using person_id_aka_name on aka_name an  (cost=0.00..4.00 rows=2 width=4) (actual time=0.004..0.005 rows=3 loops=5)
                                                                                      Index Cond: (person_id = ci.person_id)
                                                                                      Heap Fetches: 15
                                                                          ->  Index Scan using title_pkey on title t  (cost=0.00..2.00 rows=1 width=21) (actual time=0.002..0.002 rows=0 loops=15)
                                                                                Index Cond: (id = ci.movie_id)
                                                                                Filter: ((production_year >= 2000) AND (production_year <= 2005) AND (title = 'Shrek 2'::text))
                                                                                Rows Removed by Filter: 1
                                                                    ->  Index Scan using movie_id_movie_companies on movie_companies mc  (cost=0.00..10.00 rows=5 width=8) (actual time=0.003..0.006 rows=22 loops=3)
                                                                          Index Cond: (movie_id = t.id)
                                                              ->  Index Scan using role_type_pkey on role_type rt  (cost=0.00..2.00 rows=1 width=4) (actual time=0.001..0.001 rows=1 loops=66)
                                                                    Index Cond: (id = ci.role_id)
                                                                    Filter: ((role)::text = 'actress'::text)
                                                        ->  Index Scan using movie_id_complete_cast on complete_cast cc  (cost=0.00..4.00 rows=2 width=12) (actual time=0.001..0.001 rows=1 loops=66)
                                                              Index Cond: (movie_id = t.id)
                                                  ->  Index Scan using comp_cast_type_pkey on comp_cast_type cct2  (cost=0.00..2.00 rows=1 width=4) (actual time=0.001..0.001 rows=1 loops=66)
                                                        Index Cond: (id = cc.status_id)
                                                        Filter: ((kind)::text = 'complete+verified'::text)
                                            ->  Index Scan using movie_id_movie_info on movie_info mi  (cost=0.00..84.00 rows=1 width=8) (actual time=0.008..0.075 rows=1 loops=66)
                                                  Index Cond: (movie_id = t.id)
                                                  Filter: (info ~~ 'USA:%200%'::text)
                                                  Rows Removed by Filter: 456
                                      ->  Index Scan using comp_cast_type_pkey on comp_cast_type cct1  (cost=0.00..2.00 rows=1 width=4) (actual time=0.001..0.001 rows=1 loops=66)
                                            Index Cond: (id = cc.subject_id)
                                            Filter: ((kind)::text = 'cast'::text)
                                ->  Index Scan using company_name_pkey on company_name cn  (cost=0.00..2.00 rows=1 width=4) (actual time=0.002..0.002 rows=0 loops=66)
                                      Index Cond: (id = mc.company_id)
                                      Filter: ((country_code)::text = '[us]'::text)
                                      Rows Removed by Filter: 1
                          ->  Index Scan using person_id_person_info on person_info pi  (cost=0.00..50.00 rows=25 width=8) (actual time=0.002..0.024 rows=163 loops=15)
                                Index Cond: (person_id = ci.person_id)
                    ->  Index Scan using info_type_pkey on info_type it3  (cost=0.00..2.00 rows=1 width=4) (actual time=0.001..0.001 rows=0 loops=2445)
                          Index Cond: (id = pi.info_type_id)
                          Filter: ((info)::text = 'height'::text)
                          Rows Removed by Filter: 1
              ->  Index Scan using name_pkey on name n  (cost=0.00..2.00 rows=1 width=19) (actual time=0.002..0.002 rows=1 loops=15)
                    Index Cond: (id = ci.person_id)
                    Filter: ((name ~~ '%An%'::text) AND ((gender)::text = 'f'::text))
        ->  Index Scan using info_type_pkey on info_type it  (cost=0.00..2.00 rows=1 width=4) (actual time=0.001..0.001 rows=1 loops=15)
              Index Cond: (id = mi.info_type_id)
              Filter: ((info)::text = 'release dates'::text)
Planning time: 73.664 ms
Execution time: 39.748 ms
