Aggregate  (cost=174914.33..174915.33 rows=1 width=96) (actual time=33.232..33.233 rows=1 loops=1)
  ->  Nested Loop  (cost=0.00..174914.33 rows=1 width=48) (actual time=15.592..33.224 rows=15 loops=1)
        ->  Nested Loop  (cost=0.00..174910.33 rows=1 width=52) (actual time=15.590..33.208 rows=15 loops=1)
              ->  Nested Loop  (cost=0.00..174906.33 rows=1 width=56) (actual time=15.588..33.194 rows=15 loops=1)
                    ->  Nested Loop  (cost=0.00..174902.33 rows=1 width=60) (actual time=15.460..31.180 rows=2445 loops=1)
                          ->  Nested Loop  (cost=0.00..174827.33 rows=1 width=68) (actual time=15.457..30.515 rows=15 loops=1)
                                ->  Nested Loop  (cost=0.00..174823.33 rows=1 width=72) (actual time=15.454..30.498 rows=15 loops=1)
                                      ->  Nested Loop  (cost=0.00..174817.33 rows=1 width=84) (actual time=15.451..30.468 rows=15 loops=1)
                                            ->  Nested Loop  (cost=0.00..174811.33 rows=1 width=80) (actual time=15.446..30.449 rows=5 loops=1)
                                                  ->  Nested Loop  (cost=0.00..174807.33 rows=1 width=84) (actual time=15.443..30.442 rows=5 loops=1)
                                                        ->  Nested Loop  (cost=0.00..174127.33 rows=8 width=76) (actual time=15.429..30.036 rows=5 loops=1)
                                                              ->  Nested Loop  (cost=0.00..174083.33 rows=22 width=80) (actual time=15.425..29.976 rows=22 loops=1)
                                                                    ->  Nested Loop  (cost=0.00..174068.33 rows=1 width=72) (actual time=15.421..29.965 rows=1 loops=1)
                                                                          ->  Nested Loop  (cost=0.00..174061.00 rows=3 width=51) (actual time=1.668..29.954 rows=3 loops=1)
                                                                                ->  Nested Loop  (cost=0.00..174051.00 rows=5 width=32) (actual time=1.313..29.933 rows=5 loops=1)
                                                                                      ->  Nested Loop  (cost=0.00..165307.00 rows=4371 width=20) (actual time=0.042..20.534 rows=4371 loops=1)
                                                                                            ->  Nested Loop  (cost=0.00..135085.00 rows=414 width=4) (actual time=0.036..8.003 rows=414 loops=1)
                                                                                                  ->  Seq Scan on keyword k  (cost=0.00..134170.00 rows=1 width=4) (actual time=0.028..7.722 rows=1 loops=1)
                                                                                                        Filter: (keyword = 'computer-animation'::text)
                                                                                                        Rows Removed by Filter: 134169
                                                                                                  ->  Index Scan using keyword_id_movie_keyword on movie_keyword mk  (cost=0.00..610.00 rows=305 width=8) (actual time=0.007..0.225 rows=414 loops=1)
                                                                                                        Index Cond: (keyword_id = k.id)
                                                                                            ->  Index Scan using movie_id_cast_info on cast_info ci  (cost=0.00..72.00 rows=1 width=16) (actual time=0.008..0.029 rows=11 loops=414)
                                                                                                  Index Cond: (movie_id = mk.movie_id)
                                                                                                  Filter: (note = ANY ('{(voice),"(voice) (uncredited)","(voice: English version)"}'::text[]))
                                                                                                  Rows Removed by Filter: 33
                                                                                      ->  Index Scan using char_name_pkey on char_name chn  (cost=0.00..2.00 rows=1 width=20) (actual time=0.002..0.002 rows=0 loops=4371)
                                                                                            Index Cond: (id = ci.person_role_id)
                                                                                            Filter: (name = 'Queen'::text)
                                                                                            Rows Removed by Filter: 1
                                                                                ->  Index Scan using name_pkey on name n  (cost=0.00..2.00 rows=1 width=19) (actual time=0.004..0.004 rows=1 loops=5)
                                                                                      Index Cond: (id = ci.person_id)
                                                                                      Filter: ((name ~~ '%An%'::text) AND ((gender)::text = 'f'::text))
                                                                                      Rows Removed by Filter: 0
                                                                          ->  Index Scan using title_pkey on title t  (cost=0.00..2.00 rows=1 width=21) (actual time=0.003..0.003 rows=0 loops=3)
                                                                                Index Cond: (id = ci.movie_id)
                                                                                Filter: ((production_year >= 2000) AND (production_year <= 2005) AND (title = 'Shrek 2'::text))
                                                                                Rows Removed by Filter: 1
                                                                    ->  Index Scan using movie_id_movie_companies on movie_companies mc  (cost=0.00..10.00 rows=5 width=8) (actual time=0.004..0.007 rows=22 loops=1)
                                                                          Index Cond: (movie_id = t.id)
                                                              ->  Index Scan using company_name_pkey on company_name cn  (cost=0.00..2.00 rows=1 width=4) (actual time=0.002..0.002 rows=0 loops=22)
                                                                    Index Cond: (id = mc.company_id)
                                                                    Filter: ((country_code)::text = '[us]'::text)
                                                                    Rows Removed by Filter: 1
                                                        ->  Index Scan using movie_id_movie_info on movie_info mi  (cost=0.00..84.00 rows=1 width=8) (actual time=0.009..0.081 rows=1 loops=5)
                                                              Index Cond: (movie_id = t.id)
                                                              Filter: (info ~~ 'USA:%200%'::text)
                                                              Rows Removed by Filter: 456
                                                  ->  Index Scan using info_type_pkey on info_type it  (cost=0.00..2.00 rows=1 width=4) (actual time=0.001..0.001 rows=1 loops=5)
                                                        Index Cond: (id = mi.info_type_id)
                                                        Filter: ((info)::text = 'release dates'::text)
                                            ->  Index Only Scan using person_id_aka_name on aka_name an  (cost=0.00..4.00 rows=2 width=4) (actual time=0.002..0.003 rows=3 loops=5)
                                                  Index Cond: (person_id = n.id)
                                                  Heap Fetches: 15
                                      ->  Index Scan using movie_id_complete_cast on complete_cast cc  (cost=0.00..4.00 rows=2 width=12) (actual time=0.001..0.002 rows=1 loops=15)
                                            Index Cond: (movie_id = t.id)
                                ->  Index Scan using comp_cast_type_pkey on comp_cast_type cct1  (cost=0.00..2.00 rows=1 width=4) (actual time=0.001..0.001 rows=1 loops=15)
                                      Index Cond: (id = cc.subject_id)
                                      Filter: ((kind)::text = 'cast'::text)
                          ->  Index Scan using person_id_person_info on person_info pi  (cost=0.00..50.00 rows=25 width=8) (actual time=0.001..0.025 rows=163 loops=15)
                                Index Cond: (person_id = n.id)
                    ->  Index Scan using info_type_pkey on info_type it3  (cost=0.00..2.00 rows=1 width=4) (actual time=0.001..0.001 rows=0 loops=2445)
                          Index Cond: (id = pi.info_type_id)
                          Filter: ((info)::text = 'height'::text)
                          Rows Removed by Filter: 1
              ->  Index Scan using comp_cast_type_pkey on comp_cast_type cct2  (cost=0.00..2.00 rows=1 width=4) (actual time=0.001..0.001 rows=1 loops=15)
                    Index Cond: (id = cc.status_id)
                    Filter: ((kind)::text = 'complete+verified'::text)
        ->  Index Scan using role_type_pkey on role_type rt  (cost=0.00..2.00 rows=1 width=4) (actual time=0.001..0.001 rows=1 loops=15)
              Index Cond: (id = ci.role_id)
              Filter: ((role)::text = 'actress'::text)
Planning time: 74.628 ms
Execution time: 33.321 ms
