Aggregate  (cost=139850.33..139851.33 rows=1 width=96) (actual time=15.882..15.882 rows=1 loops=1)
  ->  Nested Loop  (cost=0.00..139850.33 rows=1 width=48) (actual time=1.173..15.874 rows=15 loops=1)
        ->  Nested Loop  (cost=0.00..139846.33 rows=1 width=52) (actual time=1.171..15.859 rows=15 loops=1)
              ->  Nested Loop  (cost=0.00..139842.33 rows=1 width=56) (actual time=1.056..13.859 rows=2445 loops=1)
                    ->  Nested Loop  (cost=0.00..139767.33 rows=1 width=64) (actual time=1.053..13.200 rows=15 loops=1)
                          ->  Nested Loop  (cost=0.00..139758.33 rows=4 width=68) (actual time=1.052..13.186 rows=15 loops=1)
                                ->  Nested Loop  (cost=0.00..139724.33 rows=15 width=72) (actual time=1.050..13.169 rows=15 loops=1)
                                      ->  Nested Loop  (cost=0.00..139634.33 rows=15 width=84) (actual time=1.046..13.138 rows=15 loops=1)
                                            ->  Nested Loop  (cost=0.00..139604.33 rows=15 width=65) (actual time=1.043..13.105 rows=15 loops=1)
                                                  ->  Nested Loop  (cost=0.00..139472.33 rows=66 width=69) (actual time=1.039..12.978 rows=66 loops=1)
                                                        ->  Nested Loop  (cost=0.00..139340.33 rows=22 width=65) (actual time=1.034..12.902 rows=22 loops=1)
                                                              ->  Nested Loop  (cost=0.00..139294.33 rows=22 width=69) (actual time=1.032..12.876 rows=22 loops=1)
                                                                    ->  Nested Loop  (cost=0.00..137620.33 rows=836 width=57) (actual time=0.950..11.339 rows=836 loops=1)
                                                                          ->  Nested Loop  (cost=0.00..136014.33 rows=22 width=41) (actual time=0.945..8.980 rows=22 loops=1)
                                                                                ->  Nested Loop  (cost=0.00..135999.33 rows=1 width=33) (actual time=0.941..8.968 rows=1 loops=1)
                                                                                      ->  Nested Loop  (cost=0.00..135914.33 rows=1 width=25) (actual time=0.929..8.887 rows=1 loops=1)
                                                                                            ->  Nested Loop  (cost=0.00..135085.00 rows=414 width=4) (actual time=0.036..7.921 rows=414 loops=1)
                                                                                                  ->  Seq Scan on keyword k  (cost=0.00..134170.00 rows=1 width=4) (actual time=0.028..7.681 rows=1 loops=1)
                                                                                                        Filter: (keyword = 'computer-animation'::text)
                                                                                                        Rows Removed by Filter: 134169
                                                                                                  ->  Index Scan using keyword_id_movie_keyword on movie_keyword mk  (cost=0.00..610.00 rows=305 width=8) (actual time=0.007..0.196 rows=414 loops=1)
                                                                                                        Index Cond: (keyword_id = k.id)
                                                                                            ->  Index Scan using title_pkey on title t  (cost=0.00..2.00 rows=1 width=21) (actual time=0.002..0.002 rows=0 loops=414)
                                                                                                  Index Cond: (id = mk.movie_id)
                                                                                                  Filter: ((production_year >= 2000) AND (production_year <= 2005) AND (title = 'Shrek 2'::text))
                                                                                                  Rows Removed by Filter: 1
                                                                                      ->  Index Scan using movie_id_movie_info on movie_info mi  (cost=0.00..84.00 rows=1 width=8) (actual time=0.012..0.080 rows=1 loops=1)
                                                                                            Index Cond: (movie_id = t.id)
                                                                                            Filter: (info ~~ 'USA:%200%'::text)
                                                                                            Rows Removed by Filter: 456
                                                                                ->  Index Scan using movie_id_movie_companies on movie_companies mc  (cost=0.00..10.00 rows=5 width=8) (actual time=0.003..0.008 rows=22 loops=1)
                                                                                      Index Cond: (movie_id = t.id)
                                                                          ->  Index Scan using movie_id_cast_info on cast_info ci  (cost=0.00..72.00 rows=1 width=16) (actual time=0.002..0.102 rows=38 loops=22)
                                                                                Index Cond: (movie_id = t.id)
                                                                                Filter: (note = ANY ('{(voice),"(voice) (uncredited)","(voice: English version)"}'::text[]))
                                                                                Rows Removed by Filter: 191
                                                                    ->  Index Scan using char_name_pkey on char_name chn  (cost=0.00..2.00 rows=1 width=20) (actual time=0.002..0.002 rows=0 loops=836)
                                                                          Index Cond: (id = ci.person_role_id)
                                                                          Filter: (name = 'Queen'::text)
                                                                          Rows Removed by Filter: 1
                                                              ->  Index Scan using role_type_pkey on role_type rt  (cost=0.00..2.00 rows=1 width=4) (actual time=0.001..0.001 rows=1 loops=22)
                                                                    Index Cond: (id = ci.role_id)
                                                                    Filter: ((role)::text = 'actress'::text)
                                                        ->  Index Only Scan using person_id_aka_name on aka_name an  (cost=0.00..4.00 rows=2 width=4) (actual time=0.002..0.003 rows=3 loops=22)
                                                              Index Cond: (person_id = ci.person_id)
                                                              Heap Fetches: 66
                                                  ->  Index Scan using company_name_pkey on company_name cn  (cost=0.00..2.00 rows=1 width=4) (actual time=0.002..0.002 rows=0 loops=66)
                                                        Index Cond: (id = mc.company_id)
                                                        Filter: ((country_code)::text = '[us]'::text)
                                                        Rows Removed by Filter: 1
                                            ->  Index Scan using name_pkey on name n  (cost=0.00..2.00 rows=1 width=19) (actual time=0.002..0.002 rows=1 loops=15)
                                                  Index Cond: (id = ci.person_id)
                                                  Filter: ((name ~~ '%An%'::text) AND ((gender)::text = 'f'::text))
                                      ->  Index Scan using movie_id_complete_cast on complete_cast cc  (cost=0.00..4.00 rows=2 width=12) (actual time=0.002..0.002 rows=1 loops=15)
                                            Index Cond: (movie_id = t.id)
                                ->  Index Scan using comp_cast_type_pkey on comp_cast_type cct1  (cost=0.00..2.00 rows=1 width=4) (actual time=0.001..0.001 rows=1 loops=15)
                                      Index Cond: (id = cc.subject_id)
                                      Filter: ((kind)::text = 'cast'::text)
                          ->  Index Scan using comp_cast_type_pkey on comp_cast_type cct2  (cost=0.00..2.00 rows=1 width=4) (actual time=0.001..0.001 rows=1 loops=15)
                                Index Cond: (id = cc.status_id)
                                Filter: ((kind)::text = 'complete+verified'::text)
                    ->  Index Scan using person_id_person_info on person_info pi  (cost=0.00..50.00 rows=25 width=8) (actual time=0.002..0.025 rows=163 loops=15)
                          Index Cond: (person_id = n.id)
              ->  Index Scan using info_type_pkey on info_type it3  (cost=0.00..2.00 rows=1 width=4) (actual time=0.001..0.001 rows=0 loops=2445)
                    Index Cond: (id = pi.info_type_id)
                    Filter: ((info)::text = 'height'::text)
                    Rows Removed by Filter: 1
        ->  Index Scan using info_type_pkey on info_type it  (cost=0.00..2.00 rows=1 width=4) (actual time=0.001..0.001 rows=1 loops=15)
              Index Cond: (id = mi.info_type_id)
              Filter: ((info)::text = 'release dates'::text)
Planning time: 73.970 ms
Execution time: 15.970 ms
