Aggregate  (cost=166461.00..166462.00 rows=1 width=96) (actual time=38.185..38.185 rows=1 loops=1)
  ->  Nested Loop  (cost=0.00..166461.00 rows=1 width=48) (actual time=16.560..38.177 rows=15 loops=1)
        ->  Nested Loop  (cost=0.00..166457.00 rows=1 width=52) (actual time=16.434..36.149 rows=2445 loops=1)
              ->  Nested Loop  (cost=0.00..166382.00 rows=1 width=60) (actual time=16.430..35.499 rows=15 loops=1)
                    ->  Nested Loop  (cost=0.00..166380.00 rows=1 width=64) (actual time=16.426..35.369 rows=66 loops=1)
                          ->  Nested Loop  (cost=0.00..166378.00 rows=1 width=45) (actual time=16.422..35.246 rows=66 loops=1)
                                ->  Nested Loop  (cost=0.00..166372.00 rows=2 width=49) (actual time=16.420..35.179 rows=66 loops=1)
                                      ->  Nested Loop  (cost=0.00..166366.00 rows=1 width=45) (actual time=16.415..35.110 rows=22 loops=1)
                                            Join Filter: (mi.movie_id = t.id)
                                            ->  Nested Loop  (cost=0.00..166363.00 rows=1 width=48) (actual time=16.411..34.888 rows=120 loops=1)
                                                  ->  Nested Loop  (cost=0.00..166359.00 rows=1 width=52) (actual time=16.408..34.771 rows=120 loops=1)
                                                        ->  Nested Loop  (cost=0.00..166353.00 rows=1 width=40) (actual time=16.404..34.553 rows=120 loops=1)
                                                              ->  Nested Loop  (cost=0.00..166347.00 rows=2 width=44) (actual time=16.401..34.426 rows=120 loops=1)
                                                                    ->  Nested Loop  (cost=0.00..166092.00 rows=3 width=36) (actual time=1.292..27.661 rows=114 loops=1)
                                                                          ->  Nested Loop  (cost=0.00..166077.00 rows=1 width=28) (actual time=1.285..27.595 rows=5 loops=1)
                                                                                ->  Nested Loop  (cost=0.00..166019.00 rows=28 width=16) (actual time=0.068..24.866 rows=1295 loops=1)
                                                                                      ->  Nested Loop  (cost=0.00..165307.00 rows=342 width=20) (actual time=0.042..21.033 rows=4371 loops=1)
                                                                                            ->  Nested Loop  (cost=0.00..135085.00 rows=414 width=4) (actual time=0.036..8.040 rows=414 loops=1)
                                                                                                  ->  Seq Scan on keyword k  (cost=0.00..134170.00 rows=1 width=4) (actual time=0.028..7.756 rows=1 loops=1)
                                                                                                        Filter: (keyword = 'computer-animation'::text)
                                                                                                        Rows Removed by Filter: 134169
                                                                                                  ->  Index Scan using keyword_id_movie_keyword on movie_keyword mk  (cost=0.00..610.00 rows=305 width=8) (actual time=0.007..0.227 rows=414 loops=1)
                                                                                                        Index Cond: (keyword_id = k.id)
                                                                                            ->  Index Scan using movie_id_cast_info on cast_info ci  (cost=0.00..72.00 rows=1 width=16) (actual time=0.008..0.030 rows=11 loops=414)
                                                                                                  Index Cond: (movie_id = mk.movie_id)
                                                                                                  Filter: (note = ANY ('{(voice),"(voice) (uncredited)","(voice: English version)"}'::text[]))
                                                                                                  Rows Removed by Filter: 33
                                                                                      ->  Index Scan using role_type_pkey on role_type rt  (cost=0.00..2.00 rows=1 width=4) (actual time=0.001..0.001 rows=0 loops=4371)
                                                                                            Index Cond: (id = ci.role_id)
                                                                                            Filter: ((role)::text = 'actress'::text)
                                                                                            Rows Removed by Filter: 1
                                                                                ->  Index Scan using char_name_pkey on char_name chn  (cost=0.00..2.00 rows=1 width=20) (actual time=0.002..0.002 rows=0 loops=1295)
                                                                                      Index Cond: (id = ci.person_role_id)
                                                                                      Filter: (name = 'Queen'::text)
                                                                                      Rows Removed by Filter: 1
                                                                          ->  Index Scan using movie_id_movie_companies on movie_companies mc  (cost=0.00..10.00 rows=5 width=8) (actual time=0.004..0.009 rows=23 loops=5)
                                                                                Index Cond: (movie_id = ci.movie_id)
                                                                    ->  Index Scan using movie_id_movie_info on movie_info mi  (cost=0.00..84.00 rows=1 width=8) (actual time=0.027..0.059 rows=1 loops=114)
                                                                          Index Cond: (movie_id = mc.movie_id)
                                                                          Filter: (info ~~ 'USA:%200%'::text)
                                                                          Rows Removed by Filter: 317
                                                              ->  Index Scan using info_type_pkey on info_type it  (cost=0.00..2.00 rows=1 width=4) (actual time=0.001..0.001 rows=1 loops=120)
                                                                    Index Cond: (id = mi.info_type_id)
                                                                    Filter: ((info)::text = 'release dates'::text)
                                                        ->  Index Scan using movie_id_complete_cast on complete_cast cc  (cost=0.00..4.00 rows=2 width=12) (actual time=0.001..0.001 rows=1 loops=120)
                                                              Index Cond: (movie_id = mi.movie_id)
                                                  ->  Index Scan using comp_cast_type_pkey on comp_cast_type cct1  (cost=0.00..2.00 rows=1 width=4) (actual time=0.001..0.001 rows=1 loops=120)
                                                        Index Cond: (id = cc.subject_id)
                                                        Filter: ((kind)::text = 'cast'::text)
                                            ->  Index Scan using title_pkey on title t  (cost=0.00..2.00 rows=1 width=21) (actual time=0.002..0.002 rows=0 loops=120)
                                                  Index Cond: (id = mc.movie_id)
                                                  Filter: ((production_year >= 2000) AND (production_year <= 2005) AND (title = 'Shrek 2'::text))
                                                  Rows Removed by Filter: 1
                                      ->  Index Only Scan using person_id_aka_name on aka_name an  (cost=0.00..4.00 rows=2 width=4) (actual time=0.002..0.003 rows=3 loops=22)
                                            Index Cond: (person_id = ci.person_id)
                                            Heap Fetches: 66
                                ->  Index Scan using comp_cast_type_pkey on comp_cast_type cct2  (cost=0.00..2.00 rows=1 width=4) (actual time=0.001..0.001 rows=1 loops=66)
                                      Index Cond: (id = cc.status_id)
                                      Filter: ((kind)::text = 'complete+verified'::text)
                          ->  Index Scan using name_pkey on name n  (cost=0.00..2.00 rows=1 width=19) (actual time=0.002..0.002 rows=1 loops=66)
                                Index Cond: (id = ci.person_id)
                                Filter: ((name ~~ '%An%'::text) AND ((gender)::text = 'f'::text))
                    ->  Index Scan using company_name_pkey on company_name cn  (cost=0.00..2.00 rows=1 width=4) (actual time=0.002..0.002 rows=0 loops=66)
                          Index Cond: (id = mc.company_id)
                          Filter: ((country_code)::text = '[us]'::text)
                          Rows Removed by Filter: 1
              ->  Index Scan using person_id_person_info on person_info pi  (cost=0.00..50.00 rows=25 width=8) (actual time=0.002..0.024 rows=163 loops=15)
                    Index Cond: (person_id = n.id)
        ->  Index Scan using info_type_pkey on info_type it3  (cost=0.00..2.00 rows=1 width=4) (actual time=0.001..0.001 rows=0 loops=2445)
              Index Cond: (id = pi.info_type_id)
              Filter: ((info)::text = 'height'::text)
              Rows Removed by Filter: 1
Planning time: 74.136 ms
Execution time: 38.272 ms
