Aggregate  (cost=135617.33..135618.33 rows=1 width=96) (actual time=13.315..13.315 rows=1 loops=1)
  ->  Nested Loop  (cost=0.00..135617.33 rows=1 width=48) (actual time=1.306..13.308 rows=15 loops=1)
        ->  Nested Loop  (cost=0.00..135615.33 rows=1 width=45) (actual time=1.301..13.274 rows=15 loops=1)
              ->  Nested Loop  (cost=0.00..135511.33 rows=51 width=49) (actual time=1.175..11.224 rows=2445 loops=1)
                    ->  Nested Loop  (cost=0.00..135361.33 rows=2 width=41) (actual time=1.171..10.535 rows=15 loops=1)
                          ->  Nested Loop  (cost=0.00..135355.33 rows=1 width=37) (actual time=1.166..10.513 rows=5 loops=1)
                                ->  Nested Loop  (cost=0.00..135351.33 rows=1 width=41) (actual time=1.164..10.505 rows=5 loops=1)
                                      ->  Nested Loop  (cost=0.00..135347.33 rows=1 width=29) (actual time=1.072..10.099 rows=190 loops=1)
                                            ->  Nested Loop  (cost=0.00..135274.33 rows=1 width=37) (actual time=1.067..9.510 rows=5 loops=1)
                                                  ->  Nested Loop  (cost=0.00..135270.33 rows=1 width=41) (actual time=1.064..9.502 rows=5 loops=1)
                                                        ->  Nested Loop  (cost=0.00..135185.33 rows=1 width=33) (actual time=1.050..9.080 rows=5 loops=1)
                                                              ->  Nested Loop  (cost=0.00..135183.33 rows=1 width=37) (actual time=1.046..9.027 rows=22 loops=1)
                                                                    ->  Nested Loop  (cost=0.00..135179.33 rows=1 width=41) (actual time=1.045..9.007 rows=22 loops=1)
                                                                          ->  Nested Loop  (cost=0.00..135175.33 rows=1 width=45) (actual time=1.043..8.983 rows=22 loops=1)
                                                                                ->  Nested Loop  (cost=0.00..135169.33 rows=1 width=33) (actual time=1.039..8.940 rows=22 loops=1)
                                                                                      ->  Nested Loop  (cost=0.00..135154.33 rows=1 width=25) (actual time=1.035..8.928 rows=1 loops=1)
                                                                                            ->  Nested Loop  (cost=0.00..135085.00 rows=34 width=4) (actual time=0.036..7.854 rows=414 loops=1)
                                                                                                  ->  Seq Scan on keyword k  (cost=0.00..134170.00 rows=1 width=4) (actual time=0.028..7.612 rows=1 loops=1)
                                                                                                        Filter: (keyword = 'computer-animation'::text)
                                                                                                        Rows Removed by Filter: 134169
                                                                                                  ->  Index Scan using keyword_id_movie_keyword on movie_keyword mk  (cost=0.00..610.00 rows=305 width=8) (actual time=0.007..0.199 rows=414 loops=1)
                                                                                                        Index Cond: (keyword_id = k.id)
                                                                                            ->  Index Scan using title_pkey on title t  (cost=0.00..2.00 rows=1 width=21) (actual time=0.002..0.002 rows=0 loops=414)
                                                                                                  Index Cond: (id = mk.movie_id)
                                                                                                  Filter: ((production_year >= 2000) AND (production_year <= 2005) AND (title = 'Shrek 2'::text))
                                                                                                  Rows Removed by Filter: 1
                                                                                      ->  Index Scan using movie_id_movie_companies on movie_companies mc  (cost=0.00..10.00 rows=5 width=8) (actual time=0.003..0.008 rows=22 loops=1)
                                                                                            Index Cond: (movie_id = t.id)
                                                                                ->  Index Scan using movie_id_complete_cast on complete_cast cc  (cost=0.00..4.00 rows=2 width=12) (actual time=0.001..0.002 rows=1 loops=22)
                                                                                      Index Cond: (movie_id = t.id)
                                                                          ->  Index Scan using comp_cast_type_pkey on comp_cast_type cct1  (cost=0.00..2.00 rows=1 width=4) (actual time=0.001..0.001 rows=1 loops=22)
                                                                                Index Cond: (id = cc.subject_id)
                                                                                Filter: ((kind)::text = 'cast'::text)
                                                                    ->  Index Scan using comp_cast_type_pkey on comp_cast_type cct2  (cost=0.00..2.00 rows=1 width=4) (actual time=0.001..0.001 rows=1 loops=22)
                                                                          Index Cond: (id = cc.status_id)
                                                                          Filter: ((kind)::text = 'complete+verified'::text)
                                                              ->  Index Scan using company_name_pkey on company_name cn  (cost=0.00..2.00 rows=1 width=4) (actual time=0.002..0.002 rows=0 loops=22)
                                                                    Index Cond: (id = mc.company_id)
                                                                    Filter: ((country_code)::text = '[us]'::text)
                                                                    Rows Removed by Filter: 1
                                                        ->  Index Scan using movie_id_movie_info on movie_info mi  (cost=0.00..84.00 rows=1 width=8) (actual time=0.011..0.084 rows=1 loops=5)
                                                              Index Cond: (movie_id = t.id)
                                                              Filter: (info ~~ 'USA:%200%'::text)
                                                              Rows Removed by Filter: 456
                                                  ->  Index Scan using info_type_pkey on info_type it  (cost=0.00..2.00 rows=1 width=4) (actual time=0.001..0.001 rows=1 loops=5)
                                                        Index Cond: (id = mi.info_type_id)
                                                        Filter: ((info)::text = 'release dates'::text)
                                            ->  Index Scan using movie_id_cast_info on cast_info ci  (cost=0.00..72.00 rows=1 width=16) (actual time=0.003..0.113 rows=38 loops=5)
                                                  Index Cond: (movie_id = t.id)
                                                  Filter: (note = ANY ('{(voice),"(voice) (uncredited)","(voice: English version)"}'::text[]))
                                                  Rows Removed by Filter: 191
                                      ->  Index Scan using char_name_pkey on char_name chn  (cost=0.00..2.00 rows=1 width=20) (actual time=0.002..0.002 rows=0 loops=190)
                                            Index Cond: (id = ci.person_role_id)
                                            Filter: (name = 'Queen'::text)
                                            Rows Removed by Filter: 1
                                ->  Index Scan using role_type_pkey on role_type rt  (cost=0.00..2.00 rows=1 width=4) (actual time=0.001..0.001 rows=1 loops=5)
                                      Index Cond: (id = ci.role_id)
                                      Filter: ((role)::text = 'actress'::text)
                          ->  Index Only Scan using person_id_aka_name on aka_name an  (cost=0.00..4.00 rows=2 width=4) (actual time=0.003..0.004 rows=3 loops=5)
                                Index Cond: (person_id = ci.person_id)
                                Heap Fetches: 15
                    ->  Index Scan using person_id_person_info on person_info pi  (cost=0.00..50.00 rows=25 width=8) (actual time=0.002..0.026 rows=163 loops=15)
                          Index Cond: (person_id = ci.person_id)
              ->  Index Scan using info_type_pkey on info_type it3  (cost=0.00..2.00 rows=1 width=4) (actual time=0.001..0.001 rows=0 loops=2445)
                    Index Cond: (id = pi.info_type_id)
                    Filter: ((info)::text = 'height'::text)
                    Rows Removed by Filter: 1
        ->  Index Scan using name_pkey on name n  (cost=0.00..2.00 rows=1 width=19) (actual time=0.002..0.002 rows=1 loops=15)
              Index Cond: (id = ci.person_id)
              Filter: ((name ~~ '%An%'::text) AND ((gender)::text = 'f'::text))
Planning time: 73.859 ms
Execution time: 13.400 ms
