Aggregate  (cost=145697.33..145698.33 rows=1 width=96) (actual time=15.552..15.552 rows=1 loops=1)
  ->  Nested Loop  (cost=13.00..145697.33 rows=1 width=48) (actual time=5.774..15.544 rows=15 loops=1)
        ->  Nested Loop  (cost=13.00..145684.00 rows=6 width=51) (actual time=5.771..15.515 rows=15 loops=1)
              ->  Nested Loop  (cost=13.00..145652.00 rows=16 width=55) (actual time=5.767..15.394 rows=66 loops=1)
                    ->  Nested Loop  (cost=13.00..145607.00 rows=3 width=47) (actual time=5.763..15.367 rows=3 loops=1)
                          ->  Nested Loop  (cost=13.00..144625.00 rows=489 width=51) (actual time=5.635..14.926 rows=489 loops=1)
                                ->  Nested Loop  (cost=13.00..144400.00 rows=3 width=59) (actual time=5.631..14.779 rows=3 loops=1)
                                      ->  Nested Loop  (cost=13.00..144394.00 rows=1 width=55) (actual time=5.626..14.772 rows=1 loops=1)
                                            ->  Nested Loop  (cost=13.00..144392.00 rows=1 width=36) (actual time=5.621..14.767 rows=1 loops=1)
                                                  ->  Hash Join  (cost=13.00..143856.00 rows=267 width=24) (actual time=0.521..14.301 rows=267 loops=1)
                                                        Hash Cond: (ci.role_id = rt.id)
                                                        ->  Nested Loop  (cost=0.00..142784.00 rows=1155 width=28) (actual time=0.487..14.170 rows=1155 loops=1)
                                                              ->  Nested Loop  (cost=0.00..139864.00 rows=40 width=12) (actual time=0.476..10.838 rows=40 loops=1)
                                                                    ->  Nested Loop  (cost=0.00..139782.00 rows=40 width=16) (actual time=0.474..10.793 rows=40 loops=1)
                                                                          ->  Nested Loop  (cost=0.00..137827.00 rows=23 width=8) (actual time=0.221..8.860 rows=23 loops=1)
                                                                                ->  Nested Loop  (cost=0.00..137771.00 rows=25 width=12) (actual time=0.219..8.835 rows=25 loops=1)
                                                                                      ->  Nested Loop  (cost=0.00..137569.00 rows=90 width=16) (actual time=0.086..8.748 rows=90 loops=1)
                                                                                            ->  Nested Loop  (cost=0.00..135085.00 rows=414 width=4) (actual time=0.036..7.967 rows=414 loops=1)
                                                                                                  ->  Seq Scan on keyword k  (cost=0.00..134170.00 rows=1 width=4) (actual time=0.029..7.722 rows=1 loops=1)
                                                                                                        Filter: (keyword = 'computer-animation'::text)
                                                                                                        Rows Removed by Filter: 134169
                                                                                                  ->  Index Scan using keyword_id_movie_keyword on movie_keyword mk  (cost=0.00..610.00 rows=305 width=8) (actual time=0.007..0.198 rows=414 loops=1)
                                                                                                        Index Cond: (keyword_id = k.id)
                                                                                            ->  Index Scan using movie_id_complete_cast on complete_cast cc  (cost=0.00..4.00 rows=2 width=12) (actual time=0.002..0.002 rows=0 loops=414)
                                                                                                  Index Cond: (movie_id = mk.movie_id)
                                                                                      ->  Index Scan using comp_cast_type_pkey on comp_cast_type cct2  (cost=0.00..2.00 rows=1 width=4) (actual time=0.001..0.001 rows=0 loops=90)
                                                                                            Index Cond: (id = cc.status_id)
                                                                                            Filter: ((kind)::text = 'complete+verified'::text)
                                                                                            Rows Removed by Filter: 1
                                                                                ->  Index Scan using comp_cast_type_pkey on comp_cast_type cct1  (cost=0.00..2.00 rows=1 width=4) (actual time=0.001..0.001 rows=1 loops=25)
                                                                                      Index Cond: (id = cc.subject_id)
                                                                                      Filter: ((kind)::text = 'cast'::text)
                                                                                      Rows Removed by Filter: 0
                                                                          ->  Index Scan using movie_id_movie_info on movie_info mi  (cost=0.00..84.00 rows=1 width=8) (actual time=0.022..0.084 rows=2 loops=23)
                                                                                Index Cond: (movie_id = mk.movie_id)
                                                                                Filter: (info ~~ 'USA:%200%'::text)
                                                                                Rows Removed by Filter: 319
                                                                    ->  Index Scan using info_type_pkey on info_type it  (cost=0.00..2.00 rows=1 width=4) (actual time=0.001..0.001 rows=1 loops=40)
                                                                          Index Cond: (id = mi.info_type_id)
                                                                          Filter: ((info)::text = 'release dates'::text)
                                                              ->  Index Scan using movie_id_cast_info on cast_info ci  (cost=0.00..72.00 rows=1 width=16) (actual time=0.011..0.079 rows=29 loops=40)
                                                                    Index Cond: (movie_id = mi.movie_id)
                                                                    Filter: (note = ANY ('{(voice),"(voice) (uncredited)","(voice: English version)"}'::text[]))
                                                                    Rows Removed by Filter: 122
                                                        ->  Hash  (cost=12.00..12.00 rows=1 width=4) (actual time=0.005..0.005 rows=1 loops=1)
                                                              Buckets: 1024  Batches: 1  Memory Usage: 9kB
                                                              ->  Seq Scan on role_type rt  (cost=0.00..12.00 rows=1 width=4) (actual time=0.003..0.004 rows=1 loops=1)
                                                                    Filter: ((role)::text = 'actress'::text)
                                                                    Rows Removed by Filter: 11
                                                  ->  Index Scan using char_name_pkey on char_name chn  (cost=0.00..2.00 rows=1 width=20) (actual time=0.002..0.002 rows=0 loops=267)
                                                        Index Cond: (id = ci.person_role_id)
                                                        Filter: (name = 'Queen'::text)
                                                        Rows Removed by Filter: 1
                                            ->  Index Scan using name_pkey on name n  (cost=0.00..2.00 rows=1 width=19) (actual time=0.004..0.004 rows=1 loops=1)
                                                  Index Cond: (id = ci.person_id)
                                                  Filter: ((name ~~ '%An%'::text) AND ((gender)::text = 'f'::text))
                                      ->  Index Only Scan using person_id_aka_name on aka_name an  (cost=0.00..4.00 rows=2 width=4) (actual time=0.004..0.006 rows=3 loops=1)
                                            Index Cond: (person_id = n.id)
                                            Heap Fetches: 3
                                ->  Index Scan using person_id_person_info on person_info pi  (cost=0.00..50.00 rows=25 width=8) (actual time=0.002..0.027 rows=163 loops=3)
                                      Index Cond: (person_id = n.id)
                          ->  Index Scan using info_type_pkey on info_type it3  (cost=0.00..2.00 rows=1 width=4) (actual time=0.001..0.001 rows=0 loops=489)
                                Index Cond: (id = pi.info_type_id)
                                Filter: ((info)::text = 'height'::text)
                                Rows Removed by Filter: 1
                    ->  Index Scan using movie_id_movie_companies on movie_companies mc  (cost=0.00..10.00 rows=5 width=8) (actual time=0.002..0.006 rows=22 loops=3)
                          Index Cond: (movie_id = mi.movie_id)
              ->  Index Scan using company_name_pkey on company_name cn  (cost=0.00..2.00 rows=1 width=4) (actual time=0.002..0.002 rows=0 loops=66)
                    Index Cond: (id = mc.company_id)
                    Filter: ((country_code)::text = '[us]'::text)
                    Rows Removed by Filter: 1
        ->  Index Scan using title_pkey on title t  (cost=0.00..2.00 rows=1 width=21) (actual time=0.002..0.002 rows=1 loops=15)
              Index Cond: (id = mi.movie_id)
              Filter: ((production_year >= 2000) AND (production_year <= 2005) AND (title = 'Shrek 2'::text))
Planning time: 74.229 ms
Execution time: 15.639 ms
