Aggregate  (cost=139989.33..139990.33 rows=1 width=96) (actual time=127.766..127.766 rows=1 loops=1)
  ->  Nested Loop  (cost=0.00..139989.33 rows=1 width=48) (actual time=92.279..127.758 rows=15 loops=1)
        ->  Nested Loop  (cost=0.00..139985.33 rows=1 width=52) (actual time=92.277..127.742 rows=15 loops=1)
              ->  Nested Loop  (cost=0.00..139981.33 rows=1 width=56) (actual time=43.901..125.173 rows=2445 loops=1)
                    ->  Nested Loop  (cost=0.00..139979.33 rows=1 width=53) (actual time=43.897..120.691 rows=2445 loops=1)
                          ->  Nested Loop  (cost=0.00..139974.00 rows=2 width=56) (actual time=43.893..116.335 rows=2445 loops=1)
                                ->  Nested Loop  (cost=0.00..139964.00 rows=5 width=60) (actual time=43.889..98.218 rows=10758 loops=1)
                                      ->  Nested Loop  (cost=0.00..139949.00 rows=1 width=52) (actual time=43.885..94.117 rows=489 loops=1)
                                            ->  Nested Loop  (cost=0.00..139779.00 rows=2 width=44) (actual time=0.356..14.674 rows=1185 loops=1)
                                                  ->  Nested Loop  (cost=0.00..139773.00 rows=1 width=40) (actual time=0.350..13.631 rows=333 loops=1)
                                                        ->  Nested Loop  (cost=0.00..139767.00 rows=2 width=44) (actual time=0.348..13.278 rows=333 loops=1)
                                                              ->  Nested Loop  (cost=0.00..139715.00 rows=25 width=48) (actual time=0.347..12.903 rows=333 loops=1)
                                                                    ->  Nested Loop  (cost=0.00..139640.00 rows=1 width=40) (actual time=0.339..12.764 rows=3 loops=1)
                                                                          ->  Nested Loop  (cost=0.00..139596.00 rows=21 width=28) (actual time=0.237..11.215 rows=732 loops=1)
                                                                                ->  Nested Loop  (cost=0.00..137771.00 rows=25 width=12) (actual time=0.229..8.844 rows=25 loops=1)
                                                                                      ->  Nested Loop  (cost=0.00..137569.00 rows=90 width=16) (actual time=0.087..8.757 rows=90 loops=1)
                                                                                            ->  Nested Loop  (cost=0.00..135085.00 rows=414 width=4) (actual time=0.036..7.940 rows=414 loops=1)
                                                                                                  ->  Seq Scan on keyword k  (cost=0.00..134170.00 rows=1 width=4) (actual time=0.028..7.681 rows=1 loops=1)
                                                                                                        Filter: (keyword = 'computer-animation'::text)
                                                                                                        Rows Removed by Filter: 134169
                                                                                                  ->  Index Scan using keyword_id_movie_keyword on movie_keyword mk  (cost=0.00..610.00 rows=305 width=8) (actual time=0.007..0.210 rows=414 loops=1)
                                                                                                        Index Cond: (keyword_id = k.id)
                                                                                            ->  Index Scan using movie_id_complete_cast on complete_cast cc  (cost=0.00..4.00 rows=2 width=12) (actual time=0.002..0.002 rows=0 loops=414)
                                                                                                  Index Cond: (movie_id = mk.movie_id)
                                                                                      ->  Index Scan using comp_cast_type_pkey on comp_cast_type cct2  (cost=0.00..2.00 rows=1 width=4) (actual time=0.001..0.001 rows=0 loops=90)
                                                                                            Index Cond: (id = cc.status_id)
                                                                                            Filter: ((kind)::text = 'complete+verified'::text)
                                                                                            Rows Removed by Filter: 1
                                                                                ->  Index Scan using movie_id_cast_info on cast_info ci  (cost=0.00..72.00 rows=1 width=16) (actual time=0.011..0.091 rows=29 loops=25)
                                                                                      Index Cond: (movie_id = mk.movie_id)
                                                                                      Filter: (note = ANY ('{(voice),"(voice) (uncredited)","(voice: English version)"}'::text[]))
                                                                                      Rows Removed by Filter: 116
                                                                          ->  Index Scan using char_name_pkey on char_name chn  (cost=0.00..2.00 rows=1 width=20) (actual time=0.002..0.002 rows=0 loops=732)
                                                                                Index Cond: (id = ci.person_role_id)
                                                                                Filter: (name = 'Queen'::text)
                                                                                Rows Removed by Filter: 1
                                                                    ->  Index Scan using person_id_person_info on person_info pi  (cost=0.00..50.00 rows=25 width=8) (actual time=0.005..0.027 rows=111 loops=3)
                                                                          Index Cond: (person_id = ci.person_id)
                                                              ->  Index Scan using role_type_pkey on role_type rt  (cost=0.00..2.00 rows=1 width=4) (actual time=0.001..0.001 rows=1 loops=333)
                                                                    Index Cond: (id = ci.role_id)
                                                                    Filter: ((role)::text = 'actress'::text)
                                                        ->  Index Scan using comp_cast_type_pkey on comp_cast_type cct1  (cost=0.00..2.00 rows=1 width=4) (actual time=0.001..0.001 rows=1 loops=333)
                                                              Index Cond: (id = cc.subject_id)
                                                              Filter: ((kind)::text = 'cast'::text)
                                                  ->  Index Only Scan using person_id_aka_name on aka_name an  (cost=0.00..4.00 rows=2 width=4) (actual time=0.002..0.002 rows=4 loops=333)
                                                        Index Cond: (person_id = ci.person_id)
                                                        Heap Fetches: 1185
                                            ->  Index Scan using movie_id_movie_info on movie_info mi  (cost=0.00..84.00 rows=1 width=8) (actual time=0.037..0.067 rows=0 loops=1185)
                                                  Index Cond: (movie_id = ci.movie_id)
                                                  Filter: (info ~~ 'USA:%200%'::text)
                                                  Rows Removed by Filter: 365
                                      ->  Index Scan using movie_id_movie_companies on movie_companies mc  (cost=0.00..10.00 rows=5 width=8) (actual time=0.002..0.005 rows=22 loops=489)
                                            Index Cond: (movie_id = mi.movie_id)
                                ->  Index Scan using company_name_pkey on company_name cn  (cost=0.00..2.00 rows=1 width=4) (actual time=0.001..0.001 rows=0 loops=10758)
                                      Index Cond: (id = mc.company_id)
                                      Filter: ((country_code)::text = '[us]'::text)
                                      Rows Removed by Filter: 1
                          ->  Index Scan using title_pkey on title t  (cost=0.00..2.00 rows=1 width=21) (actual time=0.001..0.001 rows=1 loops=2445)
                                Index Cond: (id = mi.movie_id)
                                Filter: ((production_year >= 2000) AND (production_year <= 2005) AND (title = 'Shrek 2'::text))
                    ->  Index Scan using name_pkey on name n  (cost=0.00..2.00 rows=1 width=19) (actual time=0.002..0.002 rows=1 loops=2445)
                          Index Cond: (id = ci.person_id)
                          Filter: ((name ~~ '%An%'::text) AND ((gender)::text = 'f'::text))
              ->  Index Scan using info_type_pkey on info_type it3  (cost=0.00..2.00 rows=1 width=4) (actual time=0.001..0.001 rows=0 loops=2445)
                    Index Cond: (id = pi.info_type_id)
                    Filter: ((info)::text = 'height'::text)
                    Rows Removed by Filter: 1
        ->  Index Scan using info_type_pkey on info_type it  (cost=0.00..2.00 rows=1 width=4) (actual time=0.001..0.001 rows=1 loops=15)
              Index Cond: (id = mi.info_type_id)
              Filter: ((info)::text = 'release dates'::text)
Planning time: 74.264 ms
Execution time: 127.853 ms
