Aggregate  (cost=136314.33..136315.33 rows=1 width=96) (actual time=13.372..13.372 rows=1 loops=1)
  ->  Nested Loop  (cost=0.00..136314.33 rows=1 width=48) (actual time=1.063..13.364 rows=15 loops=1)
        ->  Nested Loop  (cost=0.00..136310.33 rows=1 width=52) (actual time=1.062..13.350 rows=15 loops=1)
              ->  Nested Loop  (cost=0.00..136306.33 rows=1 width=56) (actual time=1.060..13.332 rows=15 loops=1)
                    ->  Nested Loop  (cost=0.00..136300.33 rows=1 width=68) (actual time=1.057..13.301 rows=15 loops=1)
                          ->  Nested Loop  (cost=0.00..136296.33 rows=1 width=72) (actual time=0.945..11.169 rows=2445 loops=1)
                                ->  Nested Loop  (cost=0.00..136221.33 rows=1 width=80) (actual time=0.942..10.473 rows=15 loops=1)
                                      ->  Nested Loop  (cost=0.00..136217.33 rows=1 width=84) (actual time=0.940..10.455 rows=15 loops=1)
                                            ->  Nested Loop  (cost=0.00..136132.33 rows=1 width=76) (actual time=0.928..9.230 rows=15 loops=1)
                                                  ->  Nested Loop  (cost=0.00..136130.33 rows=1 width=80) (actual time=0.925..9.105 rows=66 loops=1)
                                                        ->  Nested Loop  (cost=0.00..136126.33 rows=2 width=61) (actual time=0.921..8.983 rows=66 loops=1)
                                                              ->  Nested Loop  (cost=0.00..136096.33 rows=2 width=53) (actual time=0.917..8.954 rows=3 loops=1)
                                                                    ->  Nested Loop  (cost=0.00..136090.33 rows=1 width=49) (actual time=0.913..8.948 rows=1 loops=1)
                                                                          ->  Nested Loop  (cost=0.00..136066.33 rows=11 width=37) (actual time=0.910..8.916 rows=11 loops=1)
                                                                                ->  Nested Loop  (cost=0.00..135987.33 rows=38 width=41) (actual time=0.873..8.884 rows=38 loops=1)
                                                                                      ->  Nested Loop  (cost=0.00..135914.33 rows=1 width=25) (actual time=0.868..8.743 rows=1 loops=1)
                                                                                            ->  Nested Loop  (cost=0.00..135085.00 rows=414 width=4) (actual time=0.035..7.843 rows=414 loops=1)
                                                                                                  ->  Seq Scan on keyword k  (cost=0.00..134170.00 rows=1 width=4) (actual time=0.028..7.599 rows=1 loops=1)
                                                                                                        Filter: (keyword = 'computer-animation'::text)
                                                                                                        Rows Removed by Filter: 134169
                                                                                                  ->  Index Scan using keyword_id_movie_keyword on movie_keyword mk  (cost=0.00..610.00 rows=305 width=8) (actual time=0.007..0.197 rows=414 loops=1)
                                                                                                        Index Cond: (keyword_id = k.id)
                                                                                            ->  Index Scan using title_pkey on title t  (cost=0.00..2.00 rows=1 width=21) (actual time=0.002..0.002 rows=0 loops=414)
                                                                                                  Index Cond: (id = mk.movie_id)
                                                                                                  Filter: ((production_year >= 2000) AND (production_year <= 2005) AND (title = 'Shrek 2'::text))
                                                                                                  Rows Removed by Filter: 1
                                                                                      ->  Index Scan using movie_id_cast_info on cast_info ci  (cost=0.00..72.00 rows=1 width=16) (actual time=0.005..0.136 rows=38 loops=1)
                                                                                            Index Cond: (movie_id = t.id)
                                                                                            Filter: (note = ANY ('{(voice),"(voice) (uncredited)","(voice: English version)"}'::text[]))
                                                                                            Rows Removed by Filter: 191
                                                                                ->  Index Scan using role_type_pkey on role_type rt  (cost=0.00..2.00 rows=1 width=4) (actual time=0.001..0.001 rows=0 loops=38)
                                                                                      Index Cond: (id = ci.role_id)
                                                                                      Filter: ((role)::text = 'actress'::text)
                                                                                      Rows Removed by Filter: 1
                                                                          ->  Index Scan using char_name_pkey on char_name chn  (cost=0.00..2.00 rows=1 width=20) (actual time=0.003..0.003 rows=0 loops=11)
                                                                                Index Cond: (id = ci.person_role_id)
                                                                                Filter: (name = 'Queen'::text)
                                                                                Rows Removed by Filter: 1
                                                                    ->  Index Only Scan using person_id_aka_name on aka_name an  (cost=0.00..4.00 rows=2 width=4) (actual time=0.003..0.005 rows=3 loops=1)
                                                                          Index Cond: (person_id = ci.person_id)
                                                                          Heap Fetches: 3
                                                              ->  Index Scan using movie_id_movie_companies on movie_companies mc  (cost=0.00..10.00 rows=5 width=8) (actual time=0.003..0.006 rows=22 loops=3)
                                                                    Index Cond: (movie_id = t.id)
                                                        ->  Index Scan using name_pkey on name n  (cost=0.00..2.00 rows=1 width=19) (actual time=0.002..0.002 rows=1 loops=66)
                                                              Index Cond: (id = ci.person_id)
                                                              Filter: ((name ~~ '%An%'::text) AND ((gender)::text = 'f'::text))
                                                  ->  Index Scan using company_name_pkey on company_name cn  (cost=0.00..2.00 rows=1 width=4) (actual time=0.002..0.002 rows=0 loops=66)
                                                        Index Cond: (id = mc.company_id)
                                                        Filter: ((country_code)::text = '[us]'::text)
                                                        Rows Removed by Filter: 1
                                            ->  Index Scan using movie_id_movie_info on movie_info mi  (cost=0.00..84.00 rows=1 width=8) (actual time=0.009..0.081 rows=1 loops=15)
                                                  Index Cond: (movie_id = t.id)
                                                  Filter: (info ~~ 'USA:%200%'::text)
                                                  Rows Removed by Filter: 456
                                      ->  Index Scan using info_type_pkey on info_type it  (cost=0.00..2.00 rows=1 width=4) (actual time=0.001..0.001 rows=1 loops=15)
                                            Index Cond: (id = mi.info_type_id)
                                            Filter: ((info)::text = 'release dates'::text)
                                ->  Index Scan using person_id_person_info on person_info pi  (cost=0.00..50.00 rows=25 width=8) (actual time=0.002..0.025 rows=163 loops=15)
                                      Index Cond: (person_id = n.id)
                          ->  Index Scan using info_type_pkey on info_type it3  (cost=0.00..2.00 rows=1 width=4) (actual time=0.001..0.001 rows=0 loops=2445)
                                Index Cond: (id = pi.info_type_id)
                                Filter: ((info)::text = 'height'::text)
                                Rows Removed by Filter: 1
                    ->  Index Scan using movie_id_complete_cast on complete_cast cc  (cost=0.00..4.00 rows=2 width=12) (actual time=0.002..0.002 rows=1 loops=15)
                          Index Cond: (movie_id = t.id)
              ->  Index Scan using comp_cast_type_pkey on comp_cast_type cct1  (cost=0.00..2.00 rows=1 width=4) (actual time=0.001..0.001 rows=1 loops=15)
                    Index Cond: (id = cc.subject_id)
                    Filter: ((kind)::text = 'cast'::text)
        ->  Index Scan using comp_cast_type_pkey on comp_cast_type cct2  (cost=0.00..2.00 rows=1 width=4) (actual time=0.001..0.001 rows=1 loops=15)
              Index Cond: (id = cc.status_id)
              Filter: ((kind)::text = 'complete+verified'::text)
Planning time: 74.415 ms
Execution time: 13.460 ms
