Aggregate  (cost=154551.00..154552.00 rows=1 width=96) (actual time=8349.748..8349.748 rows=1 loops=1)
  ->  Nested Loop  (cost=0.00..154551.00 rows=1 width=48) (actual time=139.749..8345.112 rows=16308 loops=1)
        ->  Nested Loop  (cost=0.00..154547.00 rows=1 width=52) (actual time=133.511..8287.464 rows=67827 loops=1)
              ->  Nested Loop  (cost=0.00..154545.00 rows=1 width=56) (actual time=62.102..7824.460 rows=321774 loops=1)
                    ->  Nested Loop  (cost=0.00..154541.00 rows=1 width=60) (actual time=62.100..7533.968 rows=321774 loops=1)
                          ->  Nested Loop  (cost=0.00..154456.00 rows=1 width=76) (actual time=62.085..889.146 rows=110844 loops=1)
                                ->  Nested Loop  (cost=0.00..154452.00 rows=1 width=80) (actual time=62.083..790.068 rows=110844 loops=1)
                                      ->  Nested Loop  (cost=0.00..154448.00 rows=1 width=84) (actual time=62.081..684.989 rows=110844 loops=1)
                                            ->  Nested Loop  (cost=0.00..154444.00 rows=1 width=88) (actual time=9.895..503.389 rows=229421 loops=1)
                                                  ->  Nested Loop  (cost=0.00..154438.00 rows=1 width=76) (actual time=2.845..111.067 rows=271964 loops=1)
                                                        ->  Nested Loop  (cost=0.00..154363.00 rows=1 width=84) (actual time=2.839..38.573 rows=1304 loops=1)
                                                              ->  Nested Loop  (cost=0.00..154348.00 rows=1 width=76) (actual time=2.834..37.987 rows=62 loops=1)
                                                                    ->  Nested Loop  (cost=0.00..154342.00 rows=1 width=72) (actual time=2.828..37.811 rows=34 loops=1)
                                                                          ->  Nested Loop  (cost=0.00..154260.00 rows=41 width=53) (actual time=0.052..29.409 rows=2964 loops=1)
                                                                                ->  Nested Loop  (cost=0.00..154090.00 rows=85 width=41) (actual time=0.047..20.366 rows=3429 loops=1)
                                                                                      ->  Nested Loop  (cost=0.00..135913.00 rows=249 width=25) (actual time=0.041..9.443 rows=249 loops=1)
                                                                                            ->  Nested Loop  (cost=0.00..135085.00 rows=414 width=4) (actual time=0.037..8.298 rows=414 loops=1)
                                                                                                  ->  Seq Scan on keyword k  (cost=0.00..134170.00 rows=1 width=4) (actual time=0.029..7.963 rows=1 loops=1)
                                                                                                        Filter: (keyword = 'computer-animation'::text)
                                                                                                        Rows Removed by Filter: 134169
                                                                                                  ->  Index Scan using keyword_id_movie_keyword on movie_keyword mk  (cost=0.00..610.00 rows=305 width=8) (actual time=0.008..0.275 rows=414 loops=1)
                                                                                                        Index Cond: (keyword_id = k.id)
                                                                                            ->  Index Scan using title_pkey on title t  (cost=0.00..2.00 rows=1 width=21) (actual time=0.003..0.003 rows=1 loops=414)
                                                                                                  Index Cond: (id = mk.movie_id)
                                                                                                  Filter: ((production_year >= 2000) AND (production_year <= 2010))
                                                                                                  Rows Removed by Filter: 0
                                                                                      ->  Index Scan using movie_id_cast_info on cast_info ci  (cost=0.00..72.00 rows=1 width=16) (actual time=0.009..0.042 rows=14 loops=249)
                                                                                            Index Cond: (movie_id = t.id)
                                                                                            Filter: (note = ANY ('{(voice),"(voice: Japanese version)","(voice) (uncredited)","(voice: English version)"}'::text[]))
                                                                                            Rows Removed by Filter: 41
                                                                                ->  Index Scan using char_name_pkey on char_name chn  (cost=0.00..2.00 rows=1 width=20) (actual time=0.002..0.002 rows=1 loops=3429)
                                                                                      Index Cond: (id = ci.person_role_id)
                                                                          ->  Index Scan using name_pkey on name n  (cost=0.00..2.00 rows=1 width=19) (actual time=0.003..0.003 rows=0 loops=2964)
                                                                                Index Cond: (id = ci.person_id)
                                                                                Filter: ((name ~~ '%An%'::text) AND ((gender)::text = 'f'::text))
                                                                                Rows Removed by Filter: 1
                                                                    ->  Index Only Scan using person_id_aka_name on aka_name an  (cost=0.00..4.00 rows=2 width=4) (actual time=0.004..0.005 rows=2 loops=34)
                                                                          Index Cond: (person_id = n.id)
                                                                          Heap Fetches: 62
                                                              ->  Index Scan using movie_id_movie_companies on movie_companies mc  (cost=0.00..10.00 rows=5 width=8) (actual time=0.002..0.006 rows=21 loops=62)
                                                                    Index Cond: (movie_id = t.id)
                                                        ->  Index Scan using person_id_person_info on person_info pi  (cost=0.00..50.00 rows=25 width=8) (actual time=0.002..0.028 rows=209 loops=1304)
                                                              Index Cond: (person_id = n.id)
                                                  ->  Index Scan using movie_id_complete_cast on complete_cast cc  (cost=0.00..4.00 rows=2 width=12) (actual time=0.001..0.001 rows=1 loops=271964)
                                                        Index Cond: (movie_id = t.id)
                                            ->  Index Scan using comp_cast_type_pkey on comp_cast_type cct2  (cost=0.00..2.00 rows=1 width=4) (actual time=0.001..0.001 rows=0 loops=229421)
                                                  Index Cond: (id = cc.status_id)
                                                  Filter: ((kind)::text = 'complete+verified'::text)
                                                  Rows Removed by Filter: 1
                                      ->  Index Scan using role_type_pkey on role_type rt  (cost=0.00..2.00 rows=1 width=4) (actual time=0.001..0.001 rows=1 loops=110844)
                                            Index Cond: (id = ci.role_id)
                                            Filter: ((role)::text = 'actress'::text)
                                ->  Index Scan using comp_cast_type_pkey on comp_cast_type cct1  (cost=0.00..2.00 rows=1 width=4) (actual time=0.001..0.001 rows=1 loops=110844)
                                      Index Cond: (id = cc.subject_id)
                                      Filter: ((kind)::text = 'cast'::text)
                          ->  Index Scan using movie_id_movie_info on movie_info mi  (cost=0.00..84.00 rows=1 width=8) (actual time=0.008..0.059 rows=3 loops=110844)
                                Index Cond: (movie_id = t.id)
                                Filter: ((info IS NOT NULL) AND ((info ~~ 'Japan:%200%'::text) OR (info ~~ 'USA:%200%'::text)))
                                Rows Removed by Filter: 298
                    ->  Index Scan using info_type_pkey on info_type it  (cost=0.00..2.00 rows=1 width=4) (actual time=0.001..0.001 rows=1 loops=321774)
                          Index Cond: (id = mi.info_type_id)
                          Filter: ((info)::text = 'release dates'::text)
              ->  Index Scan using company_name_pkey on company_name cn  (cost=0.00..2.00 rows=1 width=4) (actual time=0.001..0.001 rows=0 loops=321774)
                    Index Cond: (id = mc.company_id)
                    Filter: ((country_code)::text = '[us]'::text)
                    Rows Removed by Filter: 1
        ->  Index Scan using info_type_pkey on info_type it3  (cost=0.00..2.00 rows=1 width=4) (actual time=0.001..0.001 rows=0 loops=67827)
              Index Cond: (id = pi.info_type_id)
              Filter: ((info)::text = 'trivia'::text)
              Rows Removed by Filter: 1
Planning time: 74.249 ms
Execution time: 8349.838 ms
