Aggregate  (cost=136470.00..136471.00 rows=1 width=96) (actual time=739.806..739.807 rows=1 loops=1)
  ->  Nested Loop  (cost=0.00..136470.00 rows=1 width=48) (actual time=97.565..735.155 rows=16308 loops=1)
        ->  Nested Loop  (cost=0.00..136466.00 rows=1 width=52) (actual time=97.563..720.166 rows=16308 loops=1)
              ->  Nested Loop  (cost=0.00..136462.00 rows=1 width=56) (actual time=97.560..704.867 rows=16308 loops=1)
                    ->  Nested Loop  (cost=0.00..136377.00 rows=1 width=72) (actual time=97.546..353.456 rows=5706 loops=1)
                          ->  Nested Loop  (cost=0.00..136373.00 rows=1 width=76) (actual time=97.543..348.495 rows=5706 loops=1)
                                ->  Nested Loop  (cost=0.00..136369.00 rows=1 width=80) (actual time=21.726..340.394 rows=9864 loops=1)
                                      ->  Nested Loop  (cost=0.00..136363.00 rows=1 width=68) (actual time=14.812..320.629 rows=13513 loops=1)
                                            ->  Nested Loop  (cost=0.00..136359.00 rows=1 width=72) (actual time=14.809..275.830 rows=52546 loops=1)
                                                  ->  Nested Loop  (cost=0.00..136284.00 rows=1 width=80) (actual time=14.774..261.573 rows=296 loops=1)
                                                        ->  Nested Loop  (cost=0.00..136282.00 rows=1 width=84) (actual time=14.759..259.001 rows=1304 loops=1)
                                                              ->  Nested Loop  (cost=0.00..136272.00 rows=5 width=65) (actual time=0.363..81.067 rows=109496 loops=1)
                                                                    ->  Nested Loop  (cost=0.00..136197.00 rows=5 width=57) (actual time=0.358..40.309 rows=5781 loops=1)
                                                                          ->  Nested Loop  (cost=0.00..136185.00 rows=2 width=53) (actual time=0.049..29.887 rows=2964 loops=1)
                                                                                ->  Nested Loop  (cost=0.00..136175.00 rows=5 width=41) (actual time=0.045..20.853 rows=3429 loops=1)
                                                                                      ->  Nested Loop  (cost=0.00..135153.00 rows=14 width=25) (actual time=0.040..9.608 rows=249 loops=1)
                                                                                            ->  Nested Loop  (cost=0.00..135085.00 rows=34 width=4) (actual time=0.036..8.497 rows=414 loops=1)
                                                                                                  ->  Seq Scan on keyword k  (cost=0.00..134170.00 rows=1 width=4) (actual time=0.028..8.192 rows=1 loops=1)
                                                                                                        Filter: (keyword = 'computer-animation'::text)
                                                                                                        Rows Removed by Filter: 134169
                                                                                                  ->  Index Scan using keyword_id_movie_keyword on movie_keyword mk  (cost=0.00..610.00 rows=305 width=8) (actual time=0.007..0.246 rows=414 loops=1)
                                                                                                        Index Cond: (keyword_id = k.id)
                                                                                            ->  Index Scan using title_pkey on title t  (cost=0.00..2.00 rows=1 width=21) (actual time=0.002..0.002 rows=1 loops=414)
                                                                                                  Index Cond: (id = mk.movie_id)
                                                                                                  Filter: ((production_year >= 2000) AND (production_year <= 2010))
                                                                                                  Rows Removed by Filter: 0
                                                                                      ->  Index Scan using movie_id_cast_info on cast_info ci  (cost=0.00..72.00 rows=1 width=16) (actual time=0.009..0.043 rows=14 loops=249)
                                                                                            Index Cond: (movie_id = t.id)
                                                                                            Filter: (note = ANY ('{(voice),"(voice: Japanese version)","(voice) (uncredited)","(voice: English version)"}'::text[]))
                                                                                            Rows Removed by Filter: 41
                                                                                ->  Index Scan using char_name_pkey on char_name chn  (cost=0.00..2.00 rows=1 width=20) (actual time=0.002..0.002 rows=1 loops=3429)
                                                                                      Index Cond: (id = ci.person_role_id)
                                                                          ->  Index Only Scan using person_id_aka_name on aka_name an  (cost=0.00..4.00 rows=2 width=4) (actual time=0.003..0.003 rows=2 loops=2964)
                                                                                Index Cond: (person_id = ci.person_id)
                                                                                Heap Fetches: 5781
                                                                    ->  Index Scan using movie_id_movie_companies on movie_companies mc  (cost=0.00..10.00 rows=5 width=8) (actual time=0.002..0.004 rows=19 loops=5781)
                                                                          Index Cond: (movie_id = t.id)
                                                              ->  Index Scan using name_pkey on name n  (cost=0.00..2.00 rows=1 width=19) (actual time=0.001..0.001 rows=0 loops=109496)
                                                                    Index Cond: (id = ci.person_id)
                                                                    Filter: ((name ~~ '%An%'::text) AND ((gender)::text = 'f'::text))
                                                                    Rows Removed by Filter: 1
                                                        ->  Index Scan using company_name_pkey on company_name cn  (cost=0.00..2.00 rows=1 width=4) (actual time=0.002..0.002 rows=0 loops=1304)
                                                              Index Cond: (id = mc.company_id)
                                                              Filter: ((country_code)::text = '[us]'::text)
                                                              Rows Removed by Filter: 1
                                                  ->  Index Scan using person_id_person_info on person_info pi  (cost=0.00..50.00 rows=25 width=8) (actual time=0.003..0.026 rows=178 loops=296)
                                                        Index Cond: (person_id = n.id)
                                            ->  Index Scan using info_type_pkey on info_type it3  (cost=0.00..2.00 rows=1 width=4) (actual time=0.001..0.001 rows=0 loops=52546)
                                                  Index Cond: (id = pi.info_type_id)
                                                  Filter: ((info)::text = 'trivia'::text)
                                                  Rows Removed by Filter: 1
                                      ->  Index Scan using movie_id_complete_cast on complete_cast cc  (cost=0.00..4.00 rows=2 width=12) (actual time=0.001..0.001 rows=1 loops=13513)
                                            Index Cond: (movie_id = t.id)
                                ->  Index Scan using comp_cast_type_pkey on comp_cast_type cct2  (cost=0.00..2.00 rows=1 width=4) (actual time=0.001..0.001 rows=1 loops=9864)
                                      Index Cond: (id = cc.status_id)
                                      Filter: ((kind)::text = 'complete+verified'::text)
                                      Rows Removed by Filter: 0
                          ->  Index Scan using comp_cast_type_pkey on comp_cast_type cct1  (cost=0.00..2.00 rows=1 width=4) (actual time=0.001..0.001 rows=1 loops=5706)
                                Index Cond: (id = cc.subject_id)
                                Filter: ((kind)::text = 'cast'::text)
                    ->  Index Scan using movie_id_movie_info on movie_info mi  (cost=0.00..84.00 rows=1 width=8) (actual time=0.008..0.061 rows=3 loops=5706)
                          Index Cond: (movie_id = t.id)
                          Filter: ((info IS NOT NULL) AND ((info ~~ 'Japan:%200%'::text) OR (info ~~ 'USA:%200%'::text)))
                          Rows Removed by Filter: 302
              ->  Index Scan using role_type_pkey on role_type rt  (cost=0.00..2.00 rows=1 width=4) (actual time=0.001..0.001 rows=1 loops=16308)
                    Index Cond: (id = ci.role_id)
                    Filter: ((role)::text = 'actress'::text)
        ->  Index Scan using info_type_pkey on info_type it  (cost=0.00..2.00 rows=1 width=4) (actual time=0.001..0.001 rows=1 loops=16308)
              Index Cond: (id = mi.info_type_id)
              Filter: ((info)::text = 'release dates'::text)
Planning time: 74.155 ms
Execution time: 739.895 ms
