Aggregate  (cost=170896.00..170897.00 rows=1 width=96) (actual time=449.224..449.224 rows=1 loops=1)
  ->  Nested Loop  (cost=160960.00..170896.00 rows=1 width=48) (actual time=28.955..445.087 rows=16308 loops=1)
        ->  Nested Loop  (cost=160960.00..170892.00 rows=1 width=52) (actual time=28.953..431.254 rows=16308 loops=1)
              ->  Nested Loop  (cost=160960.00..170807.00 rows=1 width=68) (actual time=28.939..98.607 rows=5706 loops=1)
                    ->  Nested Loop  (cost=160960.00..170805.00 rows=1 width=72) (actual time=28.924..59.096 rows=26268 loops=1)
                          ->  Nested Loop  (cost=160960.00..170790.00 rows=1 width=64) (actual time=28.919..50.822 rows=1010 loops=1)
                                ->  Nested Loop  (cost=160960.00..170786.00 rows=1 width=68) (actual time=28.917..49.955 rows=1010 loops=1)
                                      ->  Nested Loop  (cost=160960.00..170782.00 rows=1 width=72) (actual time=28.914..48.467 rows=1828 loops=1)
                                            ->  Nested Loop  (cost=160960.00..170776.00 rows=1 width=60) (actual time=27.472..44.471 rows=2704 loops=1)
                                                  ->  Nested Loop  (cost=160960.00..170746.00 rows=14 width=64) (actual time=27.470..35.750 rows=10361 loops=1)
                                                        ->  Nested Loop  (cost=160960.00..169321.00 rows=19 width=72) (actual time=27.465..32.882 rows=62 loops=1)
                                                              ->  Nested Loop  (cost=160960.00..166229.00 rows=1546 width=53) (actual time=27.312..29.941 rows=1546 loops=1)
                                                                    ->  Merge Join  (cost=160960.00..161207.00 rows=837 width=49) (actual time=27.306..27.505 rows=837 loops=1)
                                                                          Merge Cond: (rt.id = ci.role_id)
                                                                          ->  Sort  (cost=12.00..12.00 rows=1 width=4) (actual time=0.009..0.009 rows=1 loops=1)
                                                                                Sort Key: rt.id
                                                                                Sort Method: quicksort  Memory: 25kB
                                                                                ->  Seq Scan on role_type rt  (cost=0.00..12.00 rows=1 width=4) (actual time=0.005..0.006 rows=1 loops=1)
                                                                                      Filter: ((role)::text = 'actress'::text)
                                                                                      Rows Removed by Filter: 11
                                                                          ->  Sort  (cost=160948.00..160948.00 rows=2964 width=53) (actual time=27.031..27.171 rows=2964 loops=1)
                                                                                Sort Key: ci.role_id
                                                                                Sort Method: quicksort  Memory: 420kB
                                                                                ->  Nested Loop  (cost=0.00..160948.00 rows=2964 width=53) (actual time=0.049..26.322 rows=2964 loops=1)
                                                                                      ->  Nested Loop  (cost=0.00..154090.00 rows=3429 width=41) (actual time=0.045..19.003 rows=3429 loops=1)
                                                                                            ->  Nested Loop  (cost=0.00..135913.00 rows=249 width=25) (actual time=0.040..9.418 rows=249 loops=1)
                                                                                                  ->  Nested Loop  (cost=0.00..135085.00 rows=414 width=4) (actual time=0.035..8.137 rows=414 loops=1)
                                                                                                        ->  Seq Scan on keyword k  (cost=0.00..134170.00 rows=1 width=4) (actual time=0.026..7.829 rows=1 loops=1)
                                                                                                              Filter: (keyword = 'computer-animation'::text)
                                                                                                              Rows Removed by Filter: 134169
                                                                                                        ->  Index Scan using keyword_id_movie_keyword on movie_keyword mk  (cost=0.00..610.00 rows=305 width=8) (actual time=0.008..0.250 rows=414 loops=1)
                                                                                                              Index Cond: (keyword_id = k.id)
                                                                                                  ->  Index Scan using title_pkey on title t  (cost=0.00..2.00 rows=1 width=21) (actual time=0.003..0.003 rows=1 loops=414)
                                                                                                        Index Cond: (id = mk.movie_id)
                                                                                                        Filter: ((production_year >= 2000) AND (production_year <= 2010))
                                                                                                        Rows Removed by Filter: 0
                                                                                            ->  Index Scan using movie_id_cast_info on cast_info ci  (cost=0.00..72.00 rows=1 width=16) (actual time=0.008..0.036 rows=14 loops=249)
                                                                                                  Index Cond: (movie_id = t.id)
                                                                                                  Filter: (note = ANY ('{(voice),"(voice: Japanese version)","(voice) (uncredited)","(voice: English version)"}'::text[]))
                                                                                                  Rows Removed by Filter: 41
                                                                                      ->  Index Scan using char_name_pkey on char_name chn  (cost=0.00..2.00 rows=1 width=20) (actual time=0.002..0.002 rows=1 loops=3429)
                                                                                            Index Cond: (id = ci.person_role_id)
                                                                    ->  Index Only Scan using person_id_aka_name on aka_name an  (cost=0.00..4.00 rows=2 width=4) (actual time=0.002..0.003 rows=2 loops=837)
                                                                          Index Cond: (person_id = ci.person_id)
                                                                          Heap Fetches: 1546
                                                              ->  Index Scan using name_pkey on name n  (cost=0.00..2.00 rows=1 width=19) (actual time=0.002..0.002 rows=0 loops=1546)
                                                                    Index Cond: (id = ci.person_id)
                                                                    Filter: ((name ~~ '%An%'::text) AND ((gender)::text = 'f'::text))
                                                                    Rows Removed by Filter: 1
                                                        ->  Index Scan using person_id_person_info on person_info pi  (cost=0.00..50.00 rows=25 width=8) (actual time=0.003..0.025 rows=167 loops=62)
                                                              Index Cond: (person_id = n.id)
                                                  ->  Index Scan using info_type_pkey on info_type it3  (cost=0.00..2.00 rows=1 width=4) (actual time=0.001..0.001 rows=0 loops=10361)
                                                        Index Cond: (id = pi.info_type_id)
                                                        Filter: ((info)::text = 'trivia'::text)
                                                        Rows Removed by Filter: 1
                                            ->  Index Scan using movie_id_complete_cast on complete_cast cc  (cost=0.00..4.00 rows=2 width=12) (actual time=0.001..0.001 rows=1 loops=2704)
                                                  Index Cond: (movie_id = t.id)
                                      ->  Index Scan using comp_cast_type_pkey on comp_cast_type cct2  (cost=0.00..2.00 rows=1 width=4) (actual time=0.001..0.001 rows=1 loops=1828)
                                            Index Cond: (id = cc.status_id)
                                            Filter: ((kind)::text = 'complete+verified'::text)
                                            Rows Removed by Filter: 0
                                ->  Index Scan using comp_cast_type_pkey on comp_cast_type cct1  (cost=0.00..2.00 rows=1 width=4) (actual time=0.001..0.001 rows=1 loops=1010)
                                      Index Cond: (id = cc.subject_id)
                                      Filter: ((kind)::text = 'cast'::text)
                          ->  Index Scan using movie_id_movie_companies on movie_companies mc  (cost=0.00..10.00 rows=5 width=8) (actual time=0.002..0.005 rows=26 loops=1010)
                                Index Cond: (movie_id = t.id)
                    ->  Index Scan using company_name_pkey on company_name cn  (cost=0.00..2.00 rows=1 width=4) (actual time=0.001..0.001 rows=0 loops=26268)
                          Index Cond: (id = mc.company_id)
                          Filter: ((country_code)::text = '[us]'::text)
                          Rows Removed by Filter: 1
              ->  Index Scan using movie_id_movie_info on movie_info mi  (cost=0.00..84.00 rows=1 width=8) (actual time=0.008..0.058 rows=3 loops=5706)
                    Index Cond: (movie_id = t.id)
                    Filter: ((info IS NOT NULL) AND ((info ~~ 'Japan:%200%'::text) OR (info ~~ 'USA:%200%'::text)))
                    Rows Removed by Filter: 302
        ->  Index Scan using info_type_pkey on info_type it  (cost=0.00..2.00 rows=1 width=4) (actual time=0.001..0.001 rows=1 loops=16308)
              Index Cond: (id = mi.info_type_id)
              Filter: ((info)::text = 'release dates'::text)
Planning time: 74.038 ms
Execution time: 449.314 ms
