Aggregate  (cost=219586.00..219587.00 rows=1 width=96) (actual time=73.498..73.498 rows=1 loops=1)
  ->  Hash Join  (cost=187458.00..219586.00 rows=1 width=48) (actual time=36.996..69.913 rows=16308 loops=1)
        Hash Cond: (pi.info_type_id = it3.id)
        ->  Nested Loop  (cost=187344.00..219339.00 rows=134 width=52) (actual time=36.904..64.043 rows=67827 loops=1)
              ->  Nested Loop  (cost=187344.00..205164.00 rows=189 width=60) (actual time=36.896..47.801 rows=189 loops=1)
                    ->  Nested Loop  (cost=187344.00..203448.00 rows=858 width=64) (actual time=36.892..46.402 rows=858 loops=1)
                          ->  Hash Join  (cost=187344.00..202953.00 rows=33 width=80) (actual time=36.888..46.104 rows=33 loops=1)
                                Hash Cond: (cc.status_id = cct2.id)
                                ->  Nested Loop  (cost=187339.00..202880.00 rows=90 width=84) (actual time=36.674..46.084 rows=90 loops=1)
                                      ->  Nested Loop  (cost=187339.00..202664.00 rows=108 width=72) (actual time=36.670..45.899 rows=108 loops=1)
                                            ->  Nested Loop  (cost=187339.00..202440.00 rows=112 width=51) (actual time=36.666..45.665 rows=112 loops=1)
                                                  ->  Nested Loop  (cost=187339.00..202215.00 rows=112 width=55) (actual time=36.663..45.542 rows=112 loops=1)
                                                        ->  Nested Loop  (cost=187339.00..196531.00 rows=2842 width=36) (actual time=36.570..40.516 rows=2842 loops=1)
                                                              ->  Merge Join  (cost=187339.00..187741.00 rows=1465 width=32) (actual time=36.564..36.945 rows=1465 loops=1)
                                                                    Merge Cond: (cc.subject_id = cct1.id)
                                                                    ->  Sort  (cost=187335.00..187335.00 rows=1606 width=36) (actual time=36.556..36.638 rows=1466 loops=1)
                                                                          Sort Key: cc.subject_id
                                                                          Sort Method: quicksort  Memory: 174kB
                                                                          ->  Merge Join  (cost=186839.00..187335.00 rows=1606 width=36) (actual time=36.035..36.358 rows=1606 loops=1)
                                                                                Merge Cond: (rt.id = ci.role_id)
                                                                                ->  Sort  (cost=12.00..12.00 rows=1 width=4) (actual time=0.004..0.004 rows=1 loops=1)
                                                                                      Sort Key: rt.id
                                                                                      Sort Method: quicksort  Memory: 25kB
                                                                                      ->  Seq Scan on role_type rt  (cost=0.00..12.00 rows=1 width=4) (actual time=0.002..0.002 rows=1 loops=1)
                                                                                            Filter: ((role)::text = 'actress'::text)
                                                                                            Rows Removed by Filter: 11
                                                                                ->  Sort  (cost=186827.00..186827.00 rows=5953 width=40) (actual time=35.505..35.763 rows=5937 loops=1)
                                                                                      Sort Key: ci.role_id
                                                                                      Sort Method: quicksort  Memory: 658kB
                                                                                      ->  Nested Loop  (cost=0.00..186827.00 rows=5953 width=40) (actual time=1.746..34.537 rows=5953 loops=1)
                                                                                            ->  Nested Loop  (cost=0.00..172519.00 rows=196 width=24) (actual time=1.072..18.630 rows=196 loops=1)
                                                                                                  ->  Nested Loop  (cost=0.00..170275.00 rows=374 width=12) (actual time=0.206..17.946 rows=374 loops=1)
                                                                                                        ->  Nested Loop  (cost=0.00..135085.00 rows=414 width=4) (actual time=0.034..8.074 rows=414 loops=1)
                                                                                                              ->  Seq Scan on keyword k  (cost=0.00..134170.00 rows=1 width=4) (actual time=0.026..7.787 rows=1 loops=1)
                                                                                                                    Filter: (keyword = 'computer-animation'::text)
                                                                                                                    Rows Removed by Filter: 134169
                                                                                                              ->  Index Scan using keyword_id_movie_keyword on movie_keyword mk  (cost=0.00..610.00 rows=305 width=8) (actual time=0.007..0.234 rows=414 loops=1)
                                                                                                                    Index Cond: (keyword_id = k.id)
                                                                                                        ->  Index Scan using movie_id_movie_info on movie_info mi  (cost=0.00..84.00 rows=1 width=8) (actual time=0.011..0.024 rows=1 loops=414)
                                                                                                              Index Cond: (movie_id = mk.movie_id)
                                                                                                              Filter: ((info IS NOT NULL) AND ((info ~~ 'Japan:%200%'::text) OR (info ~~ 'USA:%200%'::text)))
                                                                                                              Rows Removed by Filter: 70
                                                                                                  ->  Index Scan using movie_id_complete_cast on complete_cast cc  (cost=0.00..4.00 rows=2 width=12) (actual time=0.001..0.002 rows=1 loops=374)
                                                                                                        Index Cond: (movie_id = mi.movie_id)
                                                                                            ->  Index Scan using movie_id_cast_info on cast_info ci  (cost=0.00..72.00 rows=1 width=16) (actual time=0.007..0.077 rows=30 loops=196)
                                                                                                  Index Cond: (movie_id = mi.movie_id)
                                                                                                  Filter: (note = ANY ('{(voice),"(voice: Japanese version)","(voice) (uncredited)","(voice: English version)"}'::text[]))
                                                                                                  Rows Removed by Filter: 133
                                                                    ->  Sort  (cost=4.00..4.00 rows=1 width=4) (actual time=0.007..0.007 rows=1 loops=1)
                                                                          Sort Key: cct1.id
                                                                          Sort Method: quicksort  Memory: 25kB
                                                                          ->  Seq Scan on comp_cast_type cct1  (cost=0.00..4.00 rows=1 width=4) (actual time=0.003..0.004 rows=1 loops=1)
                                                                                Filter: ((kind)::text = 'cast'::text)
                                                                                Rows Removed by Filter: 3
                                                              ->  Index Only Scan using person_id_aka_name on aka_name an  (cost=0.00..4.00 rows=2 width=4) (actual time=0.002..0.002 rows=2 loops=1465)
                                                                    Index Cond: (person_id = ci.person_id)
                                                                    Heap Fetches: 2842
                                                        ->  Index Scan using name_pkey on name n  (cost=0.00..2.00 rows=1 width=19) (actual time=0.002..0.002 rows=0 loops=2842)
                                                              Index Cond: (id = ci.person_id)
                                                              Filter: ((name ~~ '%An%'::text) AND ((gender)::text = 'f'::text))
                                                              Rows Removed by Filter: 1
                                                  ->  Index Scan using info_type_pkey on info_type it  (cost=0.00..2.00 rows=1 width=4) (actual time=0.001..0.001 rows=1 loops=112)
                                                        Index Cond: (id = mi.info_type_id)
                                                        Filter: ((info)::text = 'release dates'::text)
                                            ->  Index Scan using title_pkey on title t  (cost=0.00..2.00 rows=1 width=21) (actual time=0.002..0.002 rows=1 loops=112)
                                                  Index Cond: (id = mi.movie_id)
                                                  Filter: ((production_year >= 2000) AND (production_year <= 2010))
                                                  Rows Removed by Filter: 0
                                      ->  Index Scan using char_name_pkey on char_name chn  (cost=0.00..2.00 rows=1 width=20) (actual time=0.001..0.001 rows=1 loops=108)
                                            Index Cond: (id = ci.person_role_id)
                                ->  Hash  (cost=4.00..4.00 rows=1 width=4) (actual time=0.003..0.003 rows=1 loops=1)
                                      Buckets: 1024  Batches: 1  Memory Usage: 9kB
                                      ->  Seq Scan on comp_cast_type cct2  (cost=0.00..4.00 rows=1 width=4) (actual time=0.002..0.002 rows=1 loops=1)
                                            Filter: ((kind)::text = 'complete+verified'::text)
                                            Rows Removed by Filter: 3
                          ->  Index Scan using movie_id_movie_companies on movie_companies mc  (cost=0.00..10.00 rows=5 width=8) (actual time=0.002..0.005 rows=26 loops=33)
                                Index Cond: (movie_id = t.id)
                    ->  Index Scan using company_name_pkey on company_name cn  (cost=0.00..2.00 rows=1 width=4) (actual time=0.001..0.001 rows=0 loops=858)
                          Index Cond: (id = mc.company_id)
                          Filter: ((country_code)::text = '[us]'::text)
                          Rows Removed by Filter: 1
              ->  Index Scan using person_id_person_info on person_info pi  (cost=0.00..50.00 rows=25 width=8) (actual time=0.003..0.047 rows=359 loops=189)
                    Index Cond: (person_id = n.id)
        ->  Hash  (cost=113.00..113.00 rows=1 width=4) (actual time=0.014..0.014 rows=1 loops=1)
              Buckets: 1024  Batches: 1  Memory Usage: 9kB
              ->  Seq Scan on info_type it3  (cost=0.00..113.00 rows=1 width=4) (actual time=0.007..0.013 rows=1 loops=1)
                    Filter: ((info)::text = 'trivia'::text)
                    Rows Removed by Filter: 112
Planning time: 73.051 ms
Execution time: 73.593 ms
