Aggregate  (cost=173584.00..173585.00 rows=1 width=96) (actual time=471.187..471.188 rows=1 loops=1)
  ->  Nested Loop  (cost=165319.00..173584.00 rows=1 width=48) (actual time=24.852..466.739 rows=16308 loops=1)
        ->  Nested Loop  (cost=165319.00..173580.00 rows=1 width=52) (actual time=24.850..451.721 rows=16308 loops=1)
              ->  Nested Loop  (cost=165319.00..173495.00 rows=1 width=68) (actual time=24.836..98.881 rows=5706 loops=1)
                    ->  Nested Loop  (cost=165319.00..173493.00 rows=1 width=72) (actual time=24.821..55.877 rows=26268 loops=1)
                          ->  Nested Loop  (cost=165319.00..173478.00 rows=1 width=64) (actual time=24.817..46.865 rows=1010 loops=1)
                                ->  Nested Loop  (cost=165319.00..173474.00 rows=1 width=68) (actual time=24.814..45.945 rows=1010 loops=1)
                                      ->  Nested Loop  (cost=165319.00..173470.00 rows=1 width=72) (actual time=24.812..44.247 rows=1828 loops=1)
                                            ->  Nested Loop  (cost=165319.00..173464.00 rows=1 width=60) (actual time=23.396..39.888 rows=2704 loops=1)
                                                  ->  Nested Loop  (cost=165319.00..173462.00 rows=1 width=39) (actual time=23.391..35.008 rows=2892 loops=1)
                                                        ->  Nested Loop  (cost=165319.00..173456.00 rows=1 width=51) (actual time=23.386..32.614 rows=772 loops=1)
                                                              ->  Nested Loop  (cost=165319.00..173398.00 rows=28 width=55) (actual time=23.381..29.953 rows=2838 loops=1)
                                                                    ->  Nested Loop  (cost=165319.00..170473.00 rows=39 width=47) (actual time=23.222..28.963 rows=39 loops=1)
                                                                          ->  Nested Loop  (cost=165319.00..168291.00 rows=1091 width=28) (actual time=22.795..25.929 rows=1091 loops=1)
                                                                                ->  Merge Join  (cost=165319.00..165685.00 rows=1303 width=16) (actual time=22.789..23.084 rows=1303 loops=1)
                                                                                      Merge Cond: (rt.id = ci.role_id)
                                                                                      ->  Sort  (cost=12.00..12.00 rows=1 width=4) (actual time=0.009..0.009 rows=1 loops=1)
                                                                                            Sort Key: rt.id
                                                                                            Sort Method: quicksort  Memory: 25kB
                                                                                            ->  Seq Scan on role_type rt  (cost=0.00..12.00 rows=1 width=4) (actual time=0.005..0.006 rows=1 loops=1)
                                                                                                  Filter: ((role)::text = 'actress'::text)
                                                                                                  Rows Removed by Filter: 11
                                                                                      ->  Sort  (cost=165307.00..165307.00 rows=4395 width=20) (actual time=22.441..22.651 rows=4392 loops=1)
                                                                                            Sort Key: ci.role_id
                                                                                            Sort Method: quicksort  Memory: 518kB
                                                                                            ->  Nested Loop  (cost=0.00..165307.00 rows=4395 width=20) (actual time=0.041..21.835 rows=4395 loops=1)
                                                                                                  ->  Nested Loop  (cost=0.00..135085.00 rows=414 width=4) (actual time=0.035..8.283 rows=414 loops=1)
                                                                                                        ->  Seq Scan on keyword k  (cost=0.00..134170.00 rows=1 width=4) (actual time=0.027..7.970 rows=1 loops=1)
                                                                                                              Filter: (keyword = 'computer-animation'::text)
                                                                                                              Rows Removed by Filter: 134169
                                                                                                        ->  Index Scan using keyword_id_movie_keyword on movie_keyword mk  (cost=0.00..610.00 rows=305 width=8) (actual time=0.008..0.256 rows=414 loops=1)
                                                                                                              Index Cond: (keyword_id = k.id)
                                                                                                  ->  Index Scan using movie_id_cast_info on cast_info ci  (cost=0.00..72.00 rows=1 width=16) (actual time=0.009..0.031 rows=11 loops=414)
                                                                                                        Index Cond: (movie_id = mk.movie_id)
                                                                                                        Filter: (note = ANY ('{(voice),"(voice: Japanese version)","(voice) (uncredited)","(voice: English version)"}'::text[]))
                                                                                                        Rows Removed by Filter: 33
                                                                                ->  Index Scan using char_name_pkey on char_name chn  (cost=0.00..2.00 rows=1 width=20) (actual time=0.002..0.002 rows=1 loops=1303)
                                                                                      Index Cond: (id = ci.person_role_id)
                                                                          ->  Index Scan using name_pkey on name n  (cost=0.00..2.00 rows=1 width=19) (actual time=0.003..0.003 rows=0 loops=1091)
                                                                                Index Cond: (id = ci.person_id)
                                                                                Filter: ((name ~~ '%An%'::text) AND ((gender)::text = 'f'::text))
                                                                                Rows Removed by Filter: 1
                                                                    ->  Index Scan using person_id_person_info on person_info pi  (cost=0.00..50.00 rows=25 width=8) (actual time=0.003..0.015 rows=73 loops=39)
                                                                          Index Cond: (person_id = n.id)
                                                              ->  Index Scan using info_type_pkey on info_type it3  (cost=0.00..2.00 rows=1 width=4) (actual time=0.001..0.001 rows=0 loops=2838)
                                                                    Index Cond: (id = pi.info_type_id)
                                                                    Filter: ((info)::text = 'trivia'::text)
                                                                    Rows Removed by Filter: 1
                                                        ->  Index Only Scan using person_id_aka_name on aka_name an  (cost=0.00..4.00 rows=2 width=4) (actual time=0.002..0.002 rows=4 loops=772)
                                                              Index Cond: (person_id = n.id)
                                                              Heap Fetches: 2892
                                                  ->  Index Scan using title_pkey on title t  (cost=0.00..2.00 rows=1 width=21) (actual time=0.001..0.001 rows=1 loops=2892)
                                                        Index Cond: (id = ci.movie_id)
                                                        Filter: ((production_year >= 2000) AND (production_year <= 2010))
                                                        Rows Removed by Filter: 0
                                            ->  Index Scan using movie_id_complete_cast on complete_cast cc  (cost=0.00..4.00 rows=2 width=12) (actual time=0.001..0.001 rows=1 loops=2704)
                                                  Index Cond: (movie_id = t.id)
                                      ->  Index Scan using comp_cast_type_pkey on comp_cast_type cct2  (cost=0.00..2.00 rows=1 width=4) (actual time=0.001..0.001 rows=1 loops=1828)
                                            Index Cond: (id = cc.status_id)
                                            Filter: ((kind)::text = 'complete+verified'::text)
                                            Rows Removed by Filter: 0
                                ->  Index Scan using comp_cast_type_pkey on comp_cast_type cct1  (cost=0.00..2.00 rows=1 width=4) (actual time=0.001..0.001 rows=1 loops=1010)
                                      Index Cond: (id = cc.subject_id)
                                      Filter: ((kind)::text = 'cast'::text)
                          ->  Index Scan using movie_id_movie_companies on movie_companies mc  (cost=0.00..10.00 rows=5 width=8) (actual time=0.002..0.005 rows=26 loops=1010)
                                Index Cond: (movie_id = t.id)
                    ->  Index Scan using company_name_pkey on company_name cn  (cost=0.00..2.00 rows=1 width=4) (actual time=0.001..0.001 rows=0 loops=26268)
                          Index Cond: (id = mc.company_id)
                          Filter: ((country_code)::text = '[us]'::text)
                          Rows Removed by Filter: 1
              ->  Index Scan using movie_id_movie_info on movie_info mi  (cost=0.00..84.00 rows=1 width=8) (actual time=0.009..0.061 rows=3 loops=5706)
                    Index Cond: (movie_id = t.id)
                    Filter: ((info IS NOT NULL) AND ((info ~~ 'Japan:%200%'::text) OR (info ~~ 'USA:%200%'::text)))
                    Rows Removed by Filter: 302
        ->  Index Scan using info_type_pkey on info_type it  (cost=0.00..2.00 rows=1 width=4) (actual time=0.001..0.001 rows=1 loops=16308)
              Index Cond: (id = mi.info_type_id)
              Filter: ((info)::text = 'release dates'::text)
Planning time: 74.158 ms
Execution time: 471.276 ms
