Aggregate  (cost=186662.00..186663.00 rows=1 width=96) (actual time=416.928..416.928 rows=1 loops=1)
  ->  Nested Loop  (cost=168784.00..186662.00 rows=1 width=48) (actual time=36.523..412.194 rows=16308 loops=1)
        ->  Nested Loop  (cost=168784.00..186586.00 rows=37 width=52) (actual time=36.520..396.947 rows=16308 loops=1)
              ->  Merge Join  (cost=168784.00..168991.00 rows=207 width=68) (actual time=36.505..38.025 rows=5706 loops=1)
                    Merge Cond: (it3.id = pi.info_type_id)
                    ->  Sort  (cost=113.00..113.00 rows=1 width=4) (actual time=0.016..0.016 rows=1 loops=1)
                          Sort Key: it3.id
                          Sort Method: quicksort  Memory: 25kB
                          ->  Seq Scan on info_type it3  (cost=0.00..113.00 rows=1 width=4) (actual time=0.007..0.013 rows=1 loops=1)
                                Filter: ((info)::text = 'trivia'::text)
                                Rows Removed by Filter: 112
                    ->  Sort  (cost=168671.00..168671.00 rows=23424 width=72) (actual time=36.175..36.705 rows=7872 loops=1)
                          Sort Key: pi.info_type_id
                          Sort Method: quicksort  Memory: 4063kB
                          ->  Nested Loop  (cost=154112.00..168671.00 rows=23424 width=72) (actual time=20.810..30.451 rows=23424 loops=1)
                                ->  Nested Loop  (cost=154112.00..163571.00 rows=68 width=80) (actual time=20.804..23.947 rows=68 loops=1)
                                      ->  Nested Loop  (cost=154112.00..162955.00 rows=308 width=84) (actual time=20.789..23.364 rows=308 loops=1)
                                            ->  Nested Loop  (cost=154112.00..162775.00 rows=12 width=76) (actual time=20.785..23.240 rows=12 loops=1)
                                                  ->  Nested Loop  (cost=154112.00..162357.00 rows=209 width=57) (actual time=20.066..22.794 rows=209 loops=1)
                                                        ->  Nested Loop  (cost=154112.00..161779.00 rows=289 width=45) (actual time=20.042..22.305 rows=289 loops=1)
                                                              ->  Hash Join  (cost=154112.00..160993.00 rows=131 width=41) (actual time=20.038..21.876 rows=131 loops=1)
                                                                    Hash Cond: (cc.subject_id = cct1.id)
                                                                    ->  Hash Join  (cost=154107.00..160887.00 rows=135 width=45) (actual time=20.032..21.837 rows=135 loops=1)
                                                                          Hash Cond: (cc.status_id = cct2.id)
                                                                          ->  Nested Loop  (cost=154102.00..160478.00 rows=539 width=49) (actual time=20.014..21.767 rows=539 loops=1)
                                                                                ->  Merge Join  (cost=154102.00..154388.00 rows=1015 width=37) (actual time=20.009..20.254 rows=1015 loops=1)
                                                                                      Merge Cond: (rt.id = ci.role_id)
                                                                                      ->  Sort  (cost=12.00..12.00 rows=1 width=4) (actual time=0.004..0.004 rows=1 loops=1)
                                                                                            Sort Key: rt.id
                                                                                            Sort Method: quicksort  Memory: 25kB
                                                                                            ->  Seq Scan on role_type rt  (cost=0.00..12.00 rows=1 width=4) (actual time=0.002..0.003 rows=1 loops=1)
                                                                                                  Filter: ((role)::text = 'actress'::text)
                                                                                                  Rows Removed by Filter: 11
                                                                                      ->  Sort  (cost=154090.00..154090.00 rows=3429 width=41) (actual time=19.717..19.876 rows=3426 loops=1)
                                                                                            Sort Key: ci.role_id
                                                                                            Sort Method: quicksort  Memory: 417kB
                                                                                            ->  Nested Loop  (cost=0.00..154090.00 rows=3429 width=41) (actual time=0.044..19.048 rows=3429 loops=1)
                                                                                                  ->  Nested Loop  (cost=0.00..135913.00 rows=249 width=25) (actual time=0.038..9.338 rows=249 loops=1)
                                                                                                        ->  Nested Loop  (cost=0.00..135085.00 rows=414 width=4) (actual time=0.033..8.070 rows=414 loops=1)
                                                                                                              ->  Seq Scan on keyword k  (cost=0.00..134170.00 rows=1 width=4) (actual time=0.026..7.786 rows=1 loops=1)
                                                                                                                    Filter: (keyword = 'computer-animation'::text)
                                                                                                                    Rows Removed by Filter: 134169
                                                                                                              ->  Index Scan using keyword_id_movie_keyword on movie_keyword mk  (cost=0.00..610.00 rows=305 width=8) (actual time=0.007..0.229 rows=414 loops=1)
                                                                                                                    Index Cond: (keyword_id = k.id)
                                                                                                        ->  Index Scan using title_pkey on title t  (cost=0.00..2.00 rows=1 width=21) (actual time=0.003..0.003 rows=1 loops=414)
                                                                                                              Index Cond: (id = mk.movie_id)
                                                                                                              Filter: ((production_year >= 2000) AND (production_year <= 2010))
                                                                                                              Rows Removed by Filter: 0
                                                                                                  ->  Index Scan using movie_id_cast_info on cast_info ci  (cost=0.00..72.00 rows=1 width=16) (actual time=0.009..0.037 rows=14 loops=249)
                                                                                                        Index Cond: (movie_id = t.id)
                                                                                                        Filter: (note = ANY ('{(voice),"(voice: Japanese version)","(voice) (uncredited)","(voice: English version)"}'::text[]))
                                                                                                        Rows Removed by Filter: 41
                                                                                ->  Index Scan using movie_id_complete_cast on complete_cast cc  (cost=0.00..4.00 rows=2 width=12) (actual time=0.001..0.001 rows=1 loops=1015)
                                                                                      Index Cond: (movie_id = t.id)
                                                                          ->  Hash  (cost=4.00..4.00 rows=1 width=4) (actual time=0.002..0.002 rows=1 loops=1)
                                                                                Buckets: 1024  Batches: 1  Memory Usage: 9kB
                                                                                ->  Seq Scan on comp_cast_type cct2  (cost=0.00..4.00 rows=1 width=4) (actual time=0.001..0.002 rows=1 loops=1)
                                                                                      Filter: ((kind)::text = 'complete+verified'::text)
                                                                                      Rows Removed by Filter: 3
                                                                    ->  Hash  (cost=4.00..4.00 rows=1 width=4) (actual time=0.003..0.003 rows=1 loops=1)
                                                                          Buckets: 1024  Batches: 1  Memory Usage: 9kB
                                                                          ->  Seq Scan on comp_cast_type cct1  (cost=0.00..4.00 rows=1 width=4) (actual time=0.002..0.002 rows=1 loops=1)
                                                                                Filter: ((kind)::text = 'cast'::text)
                                                                                Rows Removed by Filter: 3
                                                              ->  Index Only Scan using person_id_aka_name on aka_name an  (cost=0.00..4.00 rows=2 width=4) (actual time=0.002..0.003 rows=2 loops=131)
                                                                    Index Cond: (person_id = ci.person_id)
                                                                    Heap Fetches: 289
                                                        ->  Index Scan using char_name_pkey on char_name chn  (cost=0.00..2.00 rows=1 width=20) (actual time=0.001..0.001 rows=1 loops=289)
                                                              Index Cond: (id = ci.person_role_id)
                                                  ->  Index Scan using name_pkey on name n  (cost=0.00..2.00 rows=1 width=19) (actual time=0.002..0.002 rows=0 loops=209)
                                                        Index Cond: (id = ci.person_id)
                                                        Filter: ((name ~~ '%An%'::text) AND ((gender)::text = 'f'::text))
                                                        Rows Removed by Filter: 1
                                            ->  Index Scan using movie_id_movie_companies on movie_companies mc  (cost=0.00..10.00 rows=5 width=8) (actual time=0.002..0.006 rows=26 loops=12)
                                                  Index Cond: (movie_id = t.id)
                                      ->  Index Scan using company_name_pkey on company_name cn  (cost=0.00..2.00 rows=1 width=4) (actual time=0.002..0.002 rows=0 loops=308)
                                            Index Cond: (id = mc.company_id)
                                            Filter: ((country_code)::text = '[us]'::text)
                                            Rows Removed by Filter: 1
                                ->  Index Scan using person_id_person_info on person_info pi  (cost=0.00..50.00 rows=25 width=8) (actual time=0.003..0.050 rows=344 loops=68)
                                      Index Cond: (person_id = n.id)
              ->  Index Scan using movie_id_movie_info on movie_info mi  (cost=0.00..84.00 rows=1 width=8) (actual time=0.008..0.062 rows=3 loops=5706)
                    Index Cond: (movie_id = t.id)
                    Filter: ((info IS NOT NULL) AND ((info ~~ 'Japan:%200%'::text) OR (info ~~ 'USA:%200%'::text)))
                    Rows Removed by Filter: 302
        ->  Index Scan using info_type_pkey on info_type it  (cost=0.00..2.00 rows=1 width=4) (actual time=0.001..0.001 rows=1 loops=16308)
              Index Cond: (id = mi.info_type_id)
              Filter: ((info)::text = 'release dates'::text)
Planning time: 73.279 ms
Execution time: 417.024 ms
