Aggregate  (cost=195062.00..195063.00 rows=1 width=96) (actual time=153.040..153.040 rows=1 loops=1)
  ->  Nested Loop  (cost=150309.00..195062.00 rows=1 width=48) (actual time=22.694..148.603 rows=16308 loops=1)
        ->  Nested Loop  (cost=150309.00..195056.00 rows=1 width=60) (actual time=22.689..137.604 rows=3822 loops=1)
              ->  Nested Loop  (cost=150309.00..194958.00 rows=48 width=64) (actual time=22.686..133.642 rows=3822 loops=1)
                    ->  Nested Loop  (cost=150309.00..172178.00 rows=268 width=80) (actual time=22.660..41.119 rows=1364 loops=1)
                          ->  Hash Join  (cost=150309.00..170878.00 rows=650 width=59) (actual time=22.655..38.111 rows=1712 loops=1)
                                Hash Cond: (cc.subject_id = cct1.id)
                                ->  Nested Loop  (cost=150304.00..168922.00 rows=2601 width=63) (actual time=22.644..37.676 rows=1712 loops=1)
                                      ->  Nested Loop  (cost=150304.00..154514.00 rows=7204 width=67) (actual time=22.641..25.370 rows=7204 loops=1)
                                            ->  Merge Join  (cost=150304.00..150314.00 rows=280 width=59) (actual time=22.636..22.720 rows=280 loops=1)
                                                  Merge Cond: (it3.id = pi.info_type_id)
                                                  ->  Sort  (cost=113.00..113.00 rows=1 width=4) (actual time=0.013..0.013 rows=1 loops=1)
                                                        Sort Key: it3.id
                                                        Sort Method: quicksort  Memory: 25kB
                                                        ->  Seq Scan on info_type it3  (cost=0.00..113.00 rows=1 width=4) (actual time=0.004..0.009 rows=1 loops=1)
                                                              Filter: ((info)::text = 'trivia'::text)
                                                              Rows Removed by Filter: 112
                                                  ->  Sort  (cost=150191.00..150191.00 rows=1090 width=63) (actual time=22.607..22.629 rows=381 loops=1)
                                                        Sort Key: pi.info_type_id
                                                        Sort Method: quicksort  Memory: 202kB
                                                        ->  Nested Loop  (cost=149810.00..150191.00 rows=1090 width=63) (actual time=22.020..22.350 rows=1090 loops=1)
                                                              ->  Merge Join  (cost=149810.00..149816.00 rows=5 width=55) (actual time=22.013..22.014 rows=5 loops=1)
                                                                    Merge Cond: (cc.status_id = cct2.id)
                                                                    ->  Sort  (cost=149806.00..149806.00 rows=25 width=59) (actual time=22.001..22.002 rows=25 loops=1)
                                                                          Sort Key: cc.status_id
                                                                          Sort Method: quicksort  Memory: 28kB
                                                                          ->  Nested Loop  (cost=148683.00..149806.00 rows=25 width=59) (actual time=20.809..21.992 rows=25 loops=1)
                                                                                ->  Merge Join  (cost=148683.00..148836.00 rows=485 width=40) (actual time=20.752..20.862 rows=485 loops=1)
                                                                                      Merge Cond: (rt.id = ci.role_id)
                                                                                      ->  Sort  (cost=12.00..12.00 rows=1 width=4) (actual time=0.004..0.004 rows=1 loops=1)
                                                                                            Sort Key: rt.id
                                                                                            Sort Method: quicksort  Memory: 25kB
                                                                                            ->  Seq Scan on role_type rt  (cost=0.00..12.00 rows=1 width=4) (actual time=0.002..0.002 rows=1 loops=1)
                                                                                                  Filter: ((role)::text = 'actress'::text)
                                                                                                  Rows Removed by Filter: 11
                                                                                      ->  Sort  (cost=148671.00..148671.00 rows=1831 width=44) (actual time=20.579..20.664 rows=1831 loops=1)
                                                                                            Sort Key: ci.role_id
                                                                                            Sort Method: quicksort  Memory: 198kB
                                                                                            ->  Nested Loop  (cost=0.00..148671.00 rows=1831 width=44) (actual time=0.097..20.131 rows=1831 loops=1)
                                                                                                  ->  Nested Loop  (cost=0.00..144139.00 rows=2266 width=32) (actual time=0.093..15.833 rows=2266 loops=1)
                                                                                                        ->  Nested Loop  (cost=0.00..137569.00 rows=90 width=16) (actual time=0.086..9.117 rows=90 loops=1)
                                                                                                              ->  Nested Loop  (cost=0.00..135085.00 rows=414 width=4) (actual time=0.035..8.318 rows=414 loops=1)
                                                                                                                    ->  Seq Scan on keyword k  (cost=0.00..134170.00 rows=1 width=4) (actual time=0.026..8.033 rows=1 loops=1)
                                                                                                                          Filter: (keyword = 'computer-animation'::text)
                                                                                                                          Rows Removed by Filter: 134169
                                                                                                                    ->  Index Scan using keyword_id_movie_keyword on movie_keyword mk  (cost=0.00..610.00 rows=305 width=8) (actual time=0.008..0.233 rows=414 loops=1)
                                                                                                                          Index Cond: (keyword_id = k.id)
                                                                                                              ->  Index Scan using movie_id_complete_cast on complete_cast cc  (cost=0.00..4.00 rows=2 width=12) (actual time=0.002..0.002 rows=0 loops=414)
                                                                                                                    Index Cond: (movie_id = mk.movie_id)
                                                                                                        ->  Index Scan using movie_id_cast_info on cast_info ci  (cost=0.00..72.00 rows=1 width=16) (actual time=0.009..0.071 rows=25 loops=90)
                                                                                                              Index Cond: (movie_id = mk.movie_id)
                                                                                                              Filter: (note = ANY ('{(voice),"(voice: Japanese version)","(voice) (uncredited)","(voice: English version)"}'::text[]))
                                                                                                              Rows Removed by Filter: 90
                                                                                                  ->  Index Scan using char_name_pkey on char_name chn  (cost=0.00..2.00 rows=1 width=20) (actual time=0.002..0.002 rows=1 loops=2266)
                                                                                                        Index Cond: (id = ci.person_role_id)
                                                                                ->  Index Scan using name_pkey on name n  (cost=0.00..2.00 rows=1 width=19) (actual time=0.002..0.002 rows=0 loops=485)
                                                                                      Index Cond: (id = ci.person_id)
                                                                                      Filter: ((name ~~ '%An%'::text) AND ((gender)::text = 'f'::text))
                                                                                      Rows Removed by Filter: 1
                                                                    ->  Sort  (cost=4.00..4.00 rows=1 width=4) (actual time=0.008..0.008 rows=1 loops=1)
                                                                          Sort Key: cct2.id
                                                                          Sort Method: quicksort  Memory: 25kB
                                                                          ->  Seq Scan on comp_cast_type cct2  (cost=0.00..4.00 rows=1 width=4) (actual time=0.004..0.004 rows=1 loops=1)
                                                                                Filter: ((kind)::text = 'complete+verified'::text)
                                                                                Rows Removed by Filter: 3
                                                              ->  Index Scan using person_id_person_info on person_info pi  (cost=0.00..50.00 rows=25 width=8) (actual time=0.005..0.038 rows=218 loops=5)
                                                                    Index Cond: (person_id = n.id)
                                            ->  Index Scan using movie_id_movie_companies on movie_companies mc  (cost=0.00..10.00 rows=5 width=8) (actual time=0.002..0.006 rows=26 loops=280)
                                                  Index Cond: (movie_id = ci.movie_id)
                                      ->  Index Scan using company_name_pkey on company_name cn  (cost=0.00..2.00 rows=1 width=4) (actual time=0.001..0.001 rows=0 loops=7204)
                                            Index Cond: (id = mc.company_id)
                                            Filter: ((country_code)::text = '[us]'::text)
                                            Rows Removed by Filter: 1
                                ->  Hash  (cost=4.00..4.00 rows=1 width=4) (actual time=0.006..0.006 rows=1 loops=1)
                                      Buckets: 1024  Batches: 1  Memory Usage: 9kB
                                      ->  Seq Scan on comp_cast_type cct1  (cost=0.00..4.00 rows=1 width=4) (actual time=0.004..0.005 rows=1 loops=1)
                                            Filter: ((kind)::text = 'cast'::text)
                                            Rows Removed by Filter: 3
                          ->  Index Scan using title_pkey on title t  (cost=0.00..2.00 rows=1 width=21) (actual time=0.001..0.001 rows=1 loops=1712)
                                Index Cond: (id = mc.movie_id)
                                Filter: ((production_year >= 2000) AND (production_year <= 2010))
                                Rows Removed by Filter: 0
                    ->  Index Scan using movie_id_movie_info on movie_info mi  (cost=0.00..84.00 rows=1 width=8) (actual time=0.009..0.067 rows=3 loops=1364)
                          Index Cond: (movie_id = t.id)
                          Filter: ((info IS NOT NULL) AND ((info ~~ 'Japan:%200%'::text) OR (info ~~ 'USA:%200%'::text)))
                          Rows Removed by Filter: 311
              ->  Index Scan using info_type_pkey on info_type it  (cost=0.00..2.00 rows=1 width=4) (actual time=0.001..0.001 rows=1 loops=3822)
                    Index Cond: (id = mi.info_type_id)
                    Filter: ((info)::text = 'release dates'::text)
        ->  Index Only Scan using person_id_aka_name on aka_name an  (cost=0.00..4.00 rows=2 width=4) (actual time=0.001..0.002 rows=4 loops=3822)
              Index Cond: (person_id = n.id)
              Heap Fetches: 16308
Planning time: 73.759 ms
Execution time: 153.138 ms
