Aggregate  (cost=176314.00..176315.00 rows=1 width=96) (actual time=126.327..126.327 rows=1 loops=1)
  ->  Nested Loop  (cost=0.00..176314.00 rows=1 width=48) (actual time=12.991..122.085 rows=16308 loops=1)
        ->  Nested Loop  (cost=0.00..176310.00 rows=1 width=52) (actual time=12.888..62.933 rows=67827 loops=1)
              ->  Nested Loop  (cost=0.00..176235.00 rows=1 width=60) (actual time=12.882..44.950 rows=189 loops=1)
                    ->  Nested Loop  (cost=0.00..176231.00 rows=1 width=64) (actual time=12.879..44.747 rows=189 loops=1)
                          ->  Nested Loop  (cost=0.00..176227.00 rows=1 width=68) (actual time=3.385..44.313 rows=494 loops=1)
                                ->  Nested Loop  (cost=0.00..176218.00 rows=4 width=72) (actual time=3.383..43.828 rows=494 loops=1)
                                      ->  Nested Loop  (cost=0.00..175768.00 rows=75 width=84) (actual time=2.663..42.715 rows=665 loops=1)
                                            ->  Nested Loop  (cost=0.00..173698.00 rows=345 width=80) (actual time=2.658..41.848 rows=345 loops=1)
                                                  ->  Nested Loop  (cost=0.00..170812.00 rows=1443 width=84) (actual time=2.649..39.077 rows=1443 loops=1)
                                                        ->  Nested Loop  (cost=0.00..169837.00 rows=65 width=76) (actual time=2.644..38.429 rows=65 loops=1)
                                                              ->  Nested Loop  (cost=0.00..166947.00 rows=34 width=68) (actual time=2.633..36.403 rows=34 loops=1)
                                                                    ->  Nested Loop  (cost=0.00..166876.00 rows=34 width=72) (actual time=2.630..36.348 rows=34 loops=1)
                                                                          ->  Nested Loop  (cost=0.00..160948.00 rows=2964 width=53) (actual time=0.052..28.146 rows=2964 loops=1)
                                                                                ->  Nested Loop  (cost=0.00..154090.00 rows=3429 width=41) (actual time=0.047..20.117 rows=3429 loops=1)
                                                                                      ->  Nested Loop  (cost=0.00..135913.00 rows=249 width=25) (actual time=0.042..9.642 rows=249 loops=1)
                                                                                            ->  Nested Loop  (cost=0.00..135085.00 rows=414 width=4) (actual time=0.037..8.402 rows=414 loops=1)
                                                                                                  ->  Seq Scan on keyword k  (cost=0.00..134170.00 rows=1 width=4) (actual time=0.029..8.079 rows=1 loops=1)
                                                                                                        Filter: (keyword = 'computer-animation'::text)
                                                                                                        Rows Removed by Filter: 134169
                                                                                                  ->  Index Scan using keyword_id_movie_keyword on movie_keyword mk  (cost=0.00..610.00 rows=305 width=8) (actual time=0.007..0.263 rows=414 loops=1)
                                                                                                        Index Cond: (keyword_id = k.id)
                                                                                            ->  Index Scan using title_pkey on title t  (cost=0.00..2.00 rows=1 width=21) (actual time=0.003..0.003 rows=1 loops=414)
                                                                                                  Index Cond: (id = mk.movie_id)
                                                                                                  Filter: ((production_year >= 2000) AND (production_year <= 2010))
                                                                                                  Rows Removed by Filter: 0
                                                                                      ->  Index Scan using movie_id_cast_info on cast_info ci  (cost=0.00..72.00 rows=1 width=16) (actual time=0.008..0.040 rows=14 loops=249)
                                                                                            Index Cond: (movie_id = t.id)
                                                                                            Filter: (note = ANY ('{(voice),"(voice: Japanese version)","(voice) (uncredited)","(voice: English version)"}'::text[]))
                                                                                            Rows Removed by Filter: 41
                                                                                ->  Index Scan using char_name_pkey on char_name chn  (cost=0.00..2.00 rows=1 width=20) (actual time=0.002..0.002 rows=1 loops=3429)
                                                                                      Index Cond: (id = ci.person_role_id)
                                                                          ->  Index Scan using name_pkey on name n  (cost=0.00..2.00 rows=1 width=19) (actual time=0.003..0.003 rows=0 loops=2964)
                                                                                Index Cond: (id = ci.person_id)
                                                                                Filter: ((name ~~ '%An%'::text) AND ((gender)::text = 'f'::text))
                                                                                Rows Removed by Filter: 1
                                                                    ->  Index Scan using role_type_pkey on role_type rt  (cost=0.00..2.00 rows=1 width=4) (actual time=0.001..0.001 rows=1 loops=34)
                                                                          Index Cond: (id = ci.role_id)
                                                                          Filter: ((role)::text = 'actress'::text)
                                                              ->  Index Scan using movie_id_movie_info on movie_info mi  (cost=0.00..84.00 rows=1 width=8) (actual time=0.017..0.059 rows=2 loops=34)
                                                                    Index Cond: (movie_id = t.id)
                                                                    Filter: ((info IS NOT NULL) AND ((info ~~ 'Japan:%200%'::text) OR (info ~~ 'USA:%200%'::text)))
                                                                    Rows Removed by Filter: 202
                                                        ->  Index Scan using movie_id_movie_companies on movie_companies mc  (cost=0.00..10.00 rows=5 width=8) (actual time=0.003..0.006 rows=22 loops=65)
                                                              Index Cond: (movie_id = t.id)
                                                  ->  Index Scan using company_name_pkey on company_name cn  (cost=0.00..2.00 rows=1 width=4) (actual time=0.002..0.002 rows=0 loops=1443)
                                                        Index Cond: (id = mc.company_id)
                                                        Filter: ((country_code)::text = '[us]'::text)
                                                        Rows Removed by Filter: 1
                                            ->  Index Only Scan using person_id_aka_name on aka_name an  (cost=0.00..4.00 rows=2 width=4) (actual time=0.002..0.002 rows=2 loops=345)
                                                  Index Cond: (person_id = n.id)
                                                  Heap Fetches: 665
                                      ->  Index Scan using movie_id_complete_cast on complete_cast cc  (cost=0.00..4.00 rows=2 width=12) (actual time=0.001..0.001 rows=1 loops=665)
                                            Index Cond: (movie_id = t.id)
                                ->  Index Scan using comp_cast_type_pkey on comp_cast_type cct1  (cost=0.00..2.00 rows=1 width=4) (actual time=0.001..0.001 rows=1 loops=494)
                                      Index Cond: (id = cc.subject_id)
                                      Filter: ((kind)::text = 'cast'::text)
                          ->  Index Scan using comp_cast_type_pkey on comp_cast_type cct2  (cost=0.00..2.00 rows=1 width=4) (actual time=0.001..0.001 rows=0 loops=494)
                                Index Cond: (id = cc.status_id)
                                Filter: ((kind)::text = 'complete+verified'::text)
                                Rows Removed by Filter: 1
                    ->  Index Scan using info_type_pkey on info_type it  (cost=0.00..2.00 rows=1 width=4) (actual time=0.001..0.001 rows=1 loops=189)
                          Index Cond: (id = mi.info_type_id)
                          Filter: ((info)::text = 'release dates'::text)
              ->  Index Scan using person_id_person_info on person_info pi  (cost=0.00..50.00 rows=25 width=8) (actual time=0.003..0.052 rows=359 loops=189)
                    Index Cond: (person_id = n.id)
        ->  Index Scan using info_type_pkey on info_type it3  (cost=0.00..2.00 rows=1 width=4) (actual time=0.001..0.001 rows=0 loops=67827)
              Index Cond: (id = pi.info_type_id)
              Filter: ((info)::text = 'trivia'::text)
              Rows Removed by Filter: 1
Planning time: 73.768 ms
Execution time: 126.416 ms
