Aggregate  (cost=155834.00..155835.00 rows=1 width=96) (actual time=1054.125..1054.125 rows=1 loops=1)
  ->  Nested Loop  (cost=0.00..155834.00 rows=1 width=48) (actual time=333.199..1049.690 rows=16308 loops=1)
        ->  Nested Loop  (cost=0.00..155832.00 rows=1 width=36) (actual time=181.880..1025.413 rows=16740 loops=1)
              ->  Nested Loop  (cost=0.00..155826.00 rows=1 width=48) (actual time=181.875..1013.528 rows=3966 loops=1)
                    ->  Nested Loop  (cost=0.00..155822.00 rows=1 width=52) (actual time=181.873..1009.693 rows=3966 loops=1)
                          ->  Nested Loop  (cost=0.00..155818.00 rows=1 width=56) (actual time=181.865..994.313 rows=15982 loops=1)
                                ->  Nested Loop  (cost=0.00..155814.00 rows=1 width=60) (actual time=181.863..980.435 rows=15982 loops=1)
                                      ->  Nested Loop  (cost=0.00..155810.00 rows=1 width=64) (actual time=45.596..955.105 rows=30660 loops=1)
                                            ->  Nested Loop  (cost=0.00..155804.00 rows=1 width=76) (actual time=40.708..901.885 rows=34405 loops=1)
                                                  ->  Nested Loop  (cost=0.00..155729.00 rows=1 width=68) (actual time=40.702..890.805 rows=391 loops=1)
                                                        ->  Nested Loop  (cost=0.00..155727.00 rows=1 width=72) (actual time=40.415..887.175 rows=1692 loops=1)
                                                              ->  Nested Loop  (cost=0.00..155723.00 rows=1 width=76) (actual time=40.413..885.174 rows=1692 loops=1)
                                                                    ->  Nested Loop  (cost=0.00..155701.00 rows=11 width=57) (actual time=1.084..552.781 rows=172110 loops=1)
                                                                          ->  Nested Loop  (cost=0.00..153438.00 rows=31 width=41) (actual time=0.306..130.062 rows=5738 loops=1)
                                                                                ->  Nested Loop  (cost=0.00..138478.00 rows=176 width=33) (actual time=0.045..11.696 rows=2435 loops=1)
                                                                                      ->  Nested Loop  (cost=0.00..135913.00 rows=171 width=25) (actual time=0.041..9.989 rows=249 loops=1)
                                                                                            ->  Nested Loop  (cost=0.00..135085.00 rows=414 width=4) (actual time=0.037..8.842 rows=414 loops=1)
                                                                                                  ->  Seq Scan on keyword k  (cost=0.00..134170.00 rows=1 width=4) (actual time=0.029..8.518 rows=1 loops=1)
                                                                                                        Filter: (keyword = 'computer-animation'::text)
                                                                                                        Rows Removed by Filter: 134169
                                                                                                  ->  Index Scan using keyword_id_movie_keyword on movie_keyword mk  (cost=0.00..610.00 rows=305 width=8) (actual time=0.008..0.266 rows=414 loops=1)
                                                                                                        Index Cond: (keyword_id = k.id)
                                                                                            ->  Index Scan using title_pkey on title t  (cost=0.00..2.00 rows=1 width=21) (actual time=0.002..0.002 rows=1 loops=414)
                                                                                                  Index Cond: (id = mk.movie_id)
                                                                                                  Filter: ((production_year >= 2000) AND (production_year <= 2010))
                                                                                                  Rows Removed by Filter: 0
                                                                                      ->  Index Scan using movie_id_movie_companies on movie_companies mc  (cost=0.00..10.00 rows=5 width=8) (actual time=0.003..0.005 rows=10 loops=249)
                                                                                            Index Cond: (movie_id = t.id)
                                                                                ->  Index Scan using movie_id_movie_info on movie_info mi  (cost=0.00..84.00 rows=1 width=8) (actual time=0.011..0.048 rows=2 loops=2435)
                                                                                      Index Cond: (movie_id = t.id)
                                                                                      Filter: ((info IS NOT NULL) AND ((info ~~ 'Japan:%200%'::text) OR (info ~~ 'USA:%200%'::text)))
                                                                                      Rows Removed by Filter: 208
                                                                          ->  Index Scan using movie_id_cast_info on cast_info ci  (cost=0.00..72.00 rows=1 width=16) (actual time=0.006..0.069 rows=30 loops=5738)
                                                                                Index Cond: (movie_id = t.id)
                                                                                Filter: (note = ANY ('{(voice),"(voice: Japanese version)","(voice) (uncredited)","(voice: English version)"}'::text[]))
                                                                                Rows Removed by Filter: 116
                                                                    ->  Index Scan using name_pkey on name n  (cost=0.00..2.00 rows=1 width=19) (actual time=0.002..0.002 rows=0 loops=172110)
                                                                          Index Cond: (id = ci.person_id)
                                                                          Filter: ((name ~~ '%An%'::text) AND ((gender)::text = 'f'::text))
                                                                          Rows Removed by Filter: 1
                                                              ->  Index Scan using info_type_pkey on info_type it  (cost=0.00..2.00 rows=1 width=4) (actual time=0.001..0.001 rows=1 loops=1692)
                                                                    Index Cond: (id = mi.info_type_id)
                                                                    Filter: ((info)::text = 'release dates'::text)
                                                        ->  Index Scan using company_name_pkey on company_name cn  (cost=0.00..2.00 rows=1 width=4) (actual time=0.002..0.002 rows=0 loops=1692)
                                                              Index Cond: (id = mc.company_id)
                                                              Filter: ((country_code)::text = '[us]'::text)
                                                              Rows Removed by Filter: 1
                                                  ->  Index Scan using person_id_person_info on person_info pi  (cost=0.00..50.00 rows=25 width=8) (actual time=0.002..0.015 rows=88 loops=391)
                                                        Index Cond: (person_id = n.id)
                                            ->  Index Scan using movie_id_complete_cast on complete_cast cc  (cost=0.00..4.00 rows=2 width=12) (actual time=0.001..0.001 rows=1 loops=34405)
                                                  Index Cond: (movie_id = t.id)
                                      ->  Index Scan using comp_cast_type_pkey on comp_cast_type cct2  (cost=0.00..2.00 rows=1 width=4) (actual time=0.001..0.001 rows=1 loops=30660)
                                            Index Cond: (id = cc.status_id)
                                            Filter: ((kind)::text = 'complete+verified'::text)
                                            Rows Removed by Filter: 0
                                ->  Index Scan using comp_cast_type_pkey on comp_cast_type cct1  (cost=0.00..2.00 rows=1 width=4) (actual time=0.001..0.001 rows=1 loops=15982)
                                      Index Cond: (id = cc.subject_id)
                                      Filter: ((kind)::text = 'cast'::text)
                          ->  Index Scan using info_type_pkey on info_type it3  (cost=0.00..2.00 rows=1 width=4) (actual time=0.001..0.001 rows=0 loops=15982)
                                Index Cond: (id = pi.info_type_id)
                                Filter: ((info)::text = 'trivia'::text)
                                Rows Removed by Filter: 1
                    ->  Index Scan using role_type_pkey on role_type rt  (cost=0.00..2.00 rows=1 width=4) (actual time=0.001..0.001 rows=1 loops=3966)
                          Index Cond: (id = ci.role_id)
                          Filter: ((role)::text = 'actress'::text)
              ->  Index Only Scan using person_id_aka_name on aka_name an  (cost=0.00..4.00 rows=2 width=4) (actual time=0.001..0.002 rows=4 loops=3966)
                    Index Cond: (person_id = n.id)
                    Heap Fetches: 16740
        ->  Index Scan using char_name_pkey on char_name chn  (cost=0.00..2.00 rows=1 width=20) (actual time=0.001..0.001 rows=1 loops=16740)
              Index Cond: (id = ci.person_role_id)
Planning time: 74.400 ms
Execution time: 1054.215 ms
