Aggregate  (cost=151364.00..151365.00 rows=1 width=96) (actual time=1136.240..1136.240 rows=1 loops=1)
  ->  Nested Loop  (cost=150890.00..151364.00 rows=1 width=48) (actual time=29.675..1131.269 rows=16308 loops=1)
        ->  Nested Loop  (cost=150890.00..151362.00 rows=1 width=51) (actual time=29.671..1103.824 rows=16368 loops=1)
              ->  Nested Loop  (cost=150890.00..151358.00 rows=1 width=55) (actual time=29.668..1087.046 rows=16368 loops=1)
                    ->  Nested Loop  (cost=150890.00..151338.00 rows=10 width=52) (actual time=29.664..958.577 rows=75114 loops=1)
                          ->  Nested Loop  (cost=150890.00..151314.00 rows=4 width=48) (actual time=29.659..894.739 rows=23818 loops=1)
                                ->  Nested Loop  (cost=150890.00..150974.00 rows=4 width=40) (actual time=29.053..120.237 rows=10365 loops=1)
                                      ->  Nested Loop  (cost=150890.00..150954.00 rows=10 width=44) (actual time=29.040..45.496 rows=43926 loops=1)
                                            ->  Merge Join  (cost=150890.00..150894.00 rows=4 width=36) (actual time=29.034..29.516 rows=1723 loops=1)
                                                  Merge Cond: (cc.status_id = cct2.id)
                                                  ->  Sort  (cost=150886.00..150886.00 rows=18 width=40) (actual time=28.684..28.935 rows=4590 loops=1)
                                                        Sort Key: cc.status_id
                                                        Sort Method: quicksort  Memory: 553kB
                                                        ->  Merge Join  (cost=150868.00..150886.00 rows=18 width=40) (actual time=27.049..28.033 rows=4590 loops=1)
                                                              Merge Cond: (it3.id = pi.info_type_id)
                                                              ->  Sort  (cost=113.00..113.00 rows=1 width=4) (actual time=0.014..0.015 rows=1 loops=1)
                                                                    Sort Key: it3.id
                                                                    Sort Method: quicksort  Memory: 25kB
                                                                    ->  Seq Scan on info_type it3  (cost=0.00..113.00 rows=1 width=4) (actual time=0.007..0.013 rows=1 loops=1)
                                                                          Filter: ((info)::text = 'trivia'::text)
                                                                          Rows Removed by Filter: 112
                                                              ->  Sort  (cost=150755.00..150755.00 rows=2011 width=44) (actual time=26.816..27.136 rows=6146 loops=1)
                                                                    Sort Key: pi.info_type_id
                                                                    Sort Method: quicksort  Memory: 2152kB
                                                                    ->  Nested Loop  (cost=144344.00..150755.00 rows=2011 width=44) (actual time=16.542..23.512 rows=17560 loops=1)
                                                                          ->  Nested Loop  (cost=144344.00..144830.00 rows=79 width=36) (actual time=16.536..17.738 rows=439 loops=1)
                                                                                ->  Merge Join  (cost=144344.00..144506.00 rows=162 width=24) (actual time=16.530..16.672 rows=593 loops=1)
                                                                                      Merge Cond: (cc.subject_id = cct1.id)
                                                                                      ->  Sort  (cost=144340.00..144340.00 rows=646 width=28) (actual time=16.523..16.554 rows=594 loops=1)
                                                                                            Sort Key: cc.subject_id
                                                                                            Sort Method: quicksort  Memory: 75kB
                                                                                            ->  Merge Join  (cost=144151.00..144340.00 rows=646 width=28) (actual time=16.314..16.448 rows=646 loops=1)
                                                                                                  Merge Cond: (rt.id = ci.role_id)
                                                                                                  ->  Sort  (cost=12.00..12.00 rows=1 width=4) (actual time=0.004..0.004 rows=1 loops=1)
                                                                                                        Sort Key: rt.id
                                                                                                        Sort Method: quicksort  Memory: 25kB
                                                                                                        ->  Seq Scan on role_type rt  (cost=0.00..12.00 rows=1 width=4) (actual time=0.002..0.003 rows=1 loops=1)
                                                                                                              Filter: ((role)::text = 'actress'::text)
                                                                                                              Rows Removed by Filter: 11
                                                                                                  ->  Sort  (cost=144139.00..144139.00 rows=2266 width=32) (actual time=16.119..16.225 rows=2263 loops=1)
                                                                                                        Sort Key: ci.role_id
                                                                                                        Sort Method: quicksort  Memory: 274kB
                                                                                                        ->  Nested Loop  (cost=0.00..144139.00 rows=2266 width=32) (actual time=0.096..15.740 rows=2266 loops=1)
                                                                                                              ->  Nested Loop  (cost=0.00..137569.00 rows=90 width=16) (actual time=0.089..8.969 rows=90 loops=1)
                                                                                                                    ->  Nested Loop  (cost=0.00..135085.00 rows=414 width=4) (actual time=0.035..8.191 rows=414 loops=1)
                                                                                                                          ->  Seq Scan on keyword k  (cost=0.00..134170.00 rows=1 width=4) (actual time=0.027..7.880 rows=1 loops=1)
                                                                                                                                Filter: (keyword = 'computer-animation'::text)
                                                                                                                                Rows Removed by Filter: 134169
                                                                                                                          ->  Index Scan using keyword_id_movie_keyword on movie_keyword mk  (cost=0.00..610.00 rows=305 width=8) (actual time=0.008..0.262 rows=414 loops=1)
                                                                                                                                Index Cond: (keyword_id = k.id)
                                                                                                                    ->  Index Scan using movie_id_complete_cast on complete_cast cc  (cost=0.00..4.00 rows=2 width=12) (actual time=0.002..0.002 rows=0 loops=414)
                                                                                                                          Index Cond: (movie_id = mk.movie_id)
                                                                                                              ->  Index Scan using movie_id_cast_info on cast_info ci  (cost=0.00..72.00 rows=1 width=16) (actual time=0.009..0.072 rows=25 loops=90)
                                                                                                                    Index Cond: (movie_id = mk.movie_id)
                                                                                                                    Filter: (note = ANY ('{(voice),"(voice: Japanese version)","(voice) (uncredited)","(voice: English version)"}'::text[]))
                                                                                                                    Rows Removed by Filter: 90
                                                                                      ->  Sort  (cost=4.00..4.00 rows=1 width=4) (actual time=0.006..0.006 rows=1 loops=1)
                                                                                            Sort Key: cct1.id
                                                                                            Sort Method: quicksort  Memory: 25kB
                                                                                            ->  Seq Scan on comp_cast_type cct1  (cost=0.00..4.00 rows=1 width=4) (actual time=0.003..0.003 rows=1 loops=1)
                                                                                                  Filter: ((kind)::text = 'cast'::text)
                                                                                                  Rows Removed by Filter: 3
                                                                                ->  Index Scan using char_name_pkey on char_name chn  (cost=0.00..2.00 rows=1 width=20) (actual time=0.002..0.002 rows=1 loops=593)
                                                                                      Index Cond: (id = ci.person_role_id)
                                                                          ->  Index Scan using person_id_person_info on person_info pi  (cost=0.00..50.00 rows=25 width=8) (actual time=0.002..0.008 rows=40 loops=439)
                                                                                Index Cond: (person_id = ci.person_id)
                                                  ->  Sort  (cost=4.00..4.00 rows=1 width=4) (actual time=0.007..0.007 rows=1 loops=1)
                                                        Sort Key: cct2.id
                                                        Sort Method: quicksort  Memory: 25kB
                                                        ->  Seq Scan on comp_cast_type cct2  (cost=0.00..4.00 rows=1 width=4) (actual time=0.003..0.004 rows=1 loops=1)
                                                              Filter: ((kind)::text = 'complete+verified'::text)
                                                              Rows Removed by Filter: 3
                                            ->  Index Scan using movie_id_movie_companies on movie_companies mc  (cost=0.00..10.00 rows=5 width=8) (actual time=0.002..0.006 rows=25 loops=1723)
                                                  Index Cond: (movie_id = ci.movie_id)
                                      ->  Index Scan using company_name_pkey on company_name cn  (cost=0.00..2.00 rows=1 width=4) (actual time=0.001..0.001 rows=0 loops=43926)
                                            Index Cond: (id = mc.company_id)
                                            Filter: ((country_code)::text = '[us]'::text)
                                            Rows Removed by Filter: 1
                                ->  Index Scan using movie_id_movie_info on movie_info mi  (cost=0.00..84.00 rows=1 width=8) (actual time=0.021..0.074 rows=2 loops=10365)
                                      Index Cond: (movie_id = mc.movie_id)
                                      Filter: ((info IS NOT NULL) AND ((info ~~ 'Japan:%200%'::text) OR (info ~~ 'USA:%200%'::text)))
                                      Rows Removed by Filter: 354
                          ->  Index Only Scan using person_id_aka_name on aka_name an  (cost=0.00..4.00 rows=2 width=4) (actual time=0.001..0.002 rows=3 loops=23818)
                                Index Cond: (person_id = ci.person_id)
                                Heap Fetches: 75114
                    ->  Index Scan using name_pkey on name n  (cost=0.00..2.00 rows=1 width=19) (actual time=0.001..0.001 rows=0 loops=75114)
                          Index Cond: (id = ci.person_id)
                          Filter: ((name ~~ '%An%'::text) AND ((gender)::text = 'f'::text))
                          Rows Removed by Filter: 1
              ->  Index Scan using info_type_pkey on info_type it  (cost=0.00..2.00 rows=1 width=4) (actual time=0.001..0.001 rows=1 loops=16368)
                    Index Cond: (id = mi.info_type_id)
                    Filter: ((info)::text = 'release dates'::text)
        ->  Index Scan using title_pkey on title t  (cost=0.00..2.00 rows=1 width=21) (actual time=0.001..0.001 rows=1 loops=16368)
              Index Cond: (id = mi.movie_id)
              Filter: ((production_year >= 2000) AND (production_year <= 2010))
              Rows Removed by Filter: 0
Planning time: 74.075 ms
Execution time: 1136.336 ms
