Aggregate  (cost=158186.00..158187.00 rows=1 width=96) (actual time=369.140..369.141 rows=1 loops=1)
  ->  Nested Loop  (cost=0.00..158186.00 rows=1 width=48) (actual time=68.176..364.858 rows=16308 loops=1)
        ->  Nested Loop  (cost=0.00..158184.00 rows=1 width=52) (actual time=68.153..246.077 rows=75240 loops=1)
              ->  Nested Loop  (cost=0.00..158169.00 rows=1 width=68) (actual time=68.147..221.983 rows=2868 loops=1)
                    ->  Nested Loop  (cost=0.00..158165.00 rows=1 width=72) (actual time=67.016..210.829 rows=12279 loops=1)
                          ->  Nested Loop  (cost=0.00..158159.00 rows=1 width=84) (actual time=67.008..202.567 rows=2747 loops=1)
                                ->  Nested Loop  (cost=0.00..158155.00 rows=1 width=88) (actual time=14.253..198.039 rows=5405 loops=1)
                                      ->  Nested Loop  (cost=0.00..158151.00 rows=1 width=92) (actual time=14.249..193.097 rows=5405 loops=1)
                                            ->  Nested Loop  (cost=0.00..158145.00 rows=1 width=80) (actual time=12.048..182.787 rows=6394 loops=1)
                                                  ->  Nested Loop  (cost=0.00..158095.00 rows=25 width=61) (actual time=1.534..88.845 rows=59617 loops=1)
                                                        ->  Nested Loop  (cost=0.00..158020.00 rows=1 width=53) (actual time=1.484..65.833 rows=1723 loops=1)
                                                              ->  Nested Loop  (cost=0.00..158016.00 rows=1 width=57) (actual time=0.861..59.705 rows=6420 loops=1)
                                                                    ->  Nested Loop  (cost=0.00..158014.00 rows=1 width=45) (actual time=0.579..43.456 rows=7505 loops=1)
                                                                          ->  Nested Loop  (cost=0.00..157795.00 rows=3 width=29) (actual time=0.176..20.015 rows=357 loops=1)
                                                                                ->  Nested Loop  (cost=0.00..157078.00 rows=357 width=33) (actual time=0.174..19.584 rows=357 loops=1)
                                                                                      ->  Nested Loop  (cost=0.00..135913.00 rows=249 width=25) (actual time=0.050..10.617 rows=249 loops=1)
                                                                                            ->  Nested Loop  (cost=0.00..135085.00 rows=414 width=4) (actual time=0.043..9.041 rows=414 loops=1)
                                                                                                  ->  Seq Scan on keyword k  (cost=0.00..134170.00 rows=1 width=4) (actual time=0.033..8.572 rows=1 loops=1)
                                                                                                        Filter: (keyword = 'computer-animation'::text)
                                                                                                        Rows Removed by Filter: 134169
                                                                                                  ->  Index Scan using keyword_id_movie_keyword on movie_keyword mk  (cost=0.00..610.00 rows=305 width=8) (actual time=0.010..0.406 rows=414 loops=1)
                                                                                                        Index Cond: (keyword_id = k.id)
                                                                                            ->  Index Scan using title_pkey on title t  (cost=0.00..2.00 rows=1 width=21) (actual time=0.004..0.004 rows=1 loops=414)
                                                                                                  Index Cond: (id = mk.movie_id)
                                                                                                  Filter: ((production_year >= 2000) AND (production_year <= 2010))
                                                                                                  Rows Removed by Filter: 0
                                                                                      ->  Index Scan using movie_id_movie_info on movie_info mi  (cost=0.00..84.00 rows=1 width=8) (actual time=0.013..0.036 rows=1 loops=249)
                                                                                            Index Cond: (movie_id = t.id)
                                                                                            Filter: ((info IS NOT NULL) AND ((info ~~ 'Japan:%200%'::text) OR (info ~~ 'USA:%200%'::text)))
                                                                                            Rows Removed by Filter: 88
                                                                                ->  Index Scan using info_type_pkey on info_type it  (cost=0.00..2.00 rows=1 width=4) (actual time=0.001..0.001 rows=1 loops=357)
                                                                                      Index Cond: (id = mi.info_type_id)
                                                                                      Filter: ((info)::text = 'release dates'::text)
                                                                          ->  Index Scan using movie_id_cast_info on cast_info ci  (cost=0.00..72.00 rows=1 width=16) (actual time=0.009..0.063 rows=21 loops=357)
                                                                                Index Cond: (movie_id = t.id)
                                                                                Filter: (note = ANY ('{(voice),"(voice: Japanese version)","(voice) (uncredited)","(voice: English version)"}'::text[]))
                                                                                Rows Removed by Filter: 72
                                                                    ->  Index Scan using char_name_pkey on char_name chn  (cost=0.00..2.00 rows=1 width=20) (actual time=0.002..0.002 rows=1 loops=7505)
                                                                          Index Cond: (id = ci.person_role_id)
                                                              ->  Index Scan using role_type_pkey on role_type rt  (cost=0.00..2.00 rows=1 width=4) (actual time=0.001..0.001 rows=0 loops=6420)
                                                                    Index Cond: (id = ci.role_id)
                                                                    Filter: ((role)::text = 'actress'::text)
                                                                    Rows Removed by Filter: 1
                                                        ->  Index Scan using person_id_person_info on person_info pi  (cost=0.00..50.00 rows=25 width=8) (actual time=0.003..0.009 rows=35 loops=1723)
                                                              Index Cond: (person_id = ci.person_id)
                                                  ->  Index Scan using name_pkey on name n  (cost=0.00..2.00 rows=1 width=19) (actual time=0.001..0.001 rows=0 loops=59617)
                                                        Index Cond: (id = ci.person_id)
                                                        Filter: ((name ~~ '%An%'::text) AND ((gender)::text = 'f'::text))
                                                        Rows Removed by Filter: 1
                                            ->  Index Scan using movie_id_complete_cast on complete_cast cc  (cost=0.00..4.00 rows=2 width=12) (actual time=0.001..0.001 rows=1 loops=6394)
                                                  Index Cond: (movie_id = t.id)
                                      ->  Index Scan using comp_cast_type_pkey on comp_cast_type cct1  (cost=0.00..2.00 rows=1 width=4) (actual time=0.001..0.001 rows=1 loops=5405)
                                            Index Cond: (id = cc.subject_id)
                                            Filter: ((kind)::text = 'cast'::text)
                                ->  Index Scan using comp_cast_type_pkey on comp_cast_type cct2  (cost=0.00..2.00 rows=1 width=4) (actual time=0.001..0.001 rows=1 loops=5405)
                                      Index Cond: (id = cc.status_id)
                                      Filter: ((kind)::text = 'complete+verified'::text)
                                      Rows Removed by Filter: 0
                          ->  Index Only Scan using person_id_aka_name on aka_name an  (cost=0.00..4.00 rows=2 width=4) (actual time=0.001..0.002 rows=4 loops=2747)
                                Index Cond: (person_id = n.id)
                                Heap Fetches: 12279
                    ->  Index Scan using info_type_pkey on info_type it3  (cost=0.00..2.00 rows=1 width=4) (actual time=0.001..0.001 rows=0 loops=12279)
                          Index Cond: (id = pi.info_type_id)
                          Filter: ((info)::text = 'trivia'::text)
                          Rows Removed by Filter: 1
              ->  Index Scan using movie_id_movie_companies on movie_companies mc  (cost=0.00..10.00 rows=5 width=8) (actual time=0.002..0.005 rows=26 loops=2868)
                    Index Cond: (movie_id = t.id)
        ->  Index Scan using company_name_pkey on company_name cn  (cost=0.00..2.00 rows=1 width=4) (actual time=0.001..0.001 rows=0 loops=75240)
              Index Cond: (id = mc.company_id)
              Filter: ((country_code)::text = '[us]'::text)
              Rows Removed by Filter: 1
Planning time: 74.615 ms
Execution time: 369.239 ms
