Aggregate  (cost=165069.00..165070.00 rows=1 width=96) (actual time=188.992..188.992 rows=1 loops=1)
  ->  Nested Loop  (cost=0.00..165069.00 rows=1 width=48) (actual time=9.004..184.716 rows=16308 loops=1)
        ->  Nested Loop  (cost=0.00..165067.00 rows=1 width=52) (actual time=8.990..63.989 rows=75240 loops=1)
              ->  Nested Loop  (cost=0.00..165052.00 rows=1 width=68) (actual time=8.985..39.486 rows=2868 loops=1)
                    ->  Nested Loop  (cost=0.00..165048.00 rows=1 width=72) (actual time=8.983..36.602 rows=2868 loops=1)
                          ->  Nested Loop  (cost=0.00..165042.00 rows=1 width=84) (actual time=8.978..34.355 rows=666 loops=1)
                                ->  Nested Loop  (cost=0.00..165038.00 rows=1 width=88) (actual time=8.872..31.817 rows=2747 loops=1)
                                      ->  Nested Loop  (cost=0.00..164963.00 rows=1 width=80) (actual time=8.865..30.992 rows=8 loops=1)
                                            ->  Nested Loop  (cost=0.00..164961.00 rows=1 width=68) (actual time=4.492..30.967 rows=11 loops=1)
                                                  ->  Nested Loop  (cost=0.00..164953.00 rows=3 width=72) (actual time=4.490..30.950 rows=11 loops=1)
                                                        ->  Nested Loop  (cost=0.00..164928.00 rows=11 width=76) (actual time=4.487..30.936 rows=11 loops=1)
                                                              ->  Nested Loop  (cost=0.00..164798.00 rows=58 width=80) (actual time=2.364..30.868 rows=58 loops=1)
                                                                    ->  Nested Loop  (cost=0.00..164348.00 rows=75 width=68) (actual time=2.024..30.695 rows=75 loops=1)
                                                                          ->  Nested Loop  (cost=0.00..160948.00 rows=40 width=60) (actual time=2.013..28.324 rows=40 loops=1)
                                                                                ->  Nested Loop  (cost=0.00..154090.00 rows=3429 width=41) (actual time=0.046..19.138 rows=3429 loops=1)
                                                                                      ->  Nested Loop  (cost=0.00..135913.00 rows=249 width=25) (actual time=0.041..9.362 rows=249 loops=1)
                                                                                            ->  Nested Loop  (cost=0.00..135085.00 rows=414 width=4) (actual time=0.037..8.190 rows=414 loops=1)
                                                                                                  ->  Seq Scan on keyword k  (cost=0.00..134170.00 rows=1 width=4) (actual time=0.028..7.877 rows=1 loops=1)
                                                                                                        Filter: (keyword = 'computer-animation'::text)
                                                                                                        Rows Removed by Filter: 134169
                                                                                                  ->  Index Scan using keyword_id_movie_keyword on movie_keyword mk  (cost=0.00..610.00 rows=305 width=8) (actual time=0.007..0.258 rows=414 loops=1)
                                                                                                        Index Cond: (keyword_id = k.id)
                                                                                            ->  Index Scan using title_pkey on title t  (cost=0.00..2.00 rows=1 width=21) (actual time=0.003..0.003 rows=1 loops=414)
                                                                                                  Index Cond: (id = mk.movie_id)
                                                                                                  Filter: ((production_year >= 2000) AND (production_year <= 2010))
                                                                                                  Rows Removed by Filter: 0
                                                                                      ->  Index Scan using movie_id_cast_info on cast_info ci  (cost=0.00..72.00 rows=1 width=16) (actual time=0.008..0.037 rows=14 loops=249)
                                                                                            Index Cond: (movie_id = t.id)
                                                                                            Filter: (note = ANY ('{(voice),"(voice: Japanese version)","(voice) (uncredited)","(voice: English version)"}'::text[]))
                                                                                            Rows Removed by Filter: 41
                                                                                ->  Index Scan using name_pkey on name n  (cost=0.00..2.00 rows=1 width=19) (actual time=0.003..0.003 rows=0 loops=3429)
                                                                                      Index Cond: (id = ci.person_id)
                                                                                      Filter: ((name ~~ '%An%'::text) AND ((gender)::text = 'f'::text))
                                                                                      Rows Removed by Filter: 1
                                                                          ->  Index Scan using movie_id_movie_info on movie_info mi  (cost=0.00..84.00 rows=1 width=8) (actual time=0.016..0.059 rows=2 loops=40)
                                                                                Index Cond: (movie_id = t.id)
                                                                                Filter: ((info IS NOT NULL) AND ((info ~~ 'Japan:%200%'::text) OR (info ~~ 'USA:%200%'::text)))
                                                                                Rows Removed by Filter: 203
                                                                    ->  Index Scan using movie_id_complete_cast on complete_cast cc  (cost=0.00..4.00 rows=2 width=12) (actual time=0.002..0.002 rows=1 loops=75)
                                                                          Index Cond: (movie_id = t.id)
                                                              ->  Index Scan using comp_cast_type_pkey on comp_cast_type cct2  (cost=0.00..2.00 rows=1 width=4) (actual time=0.001..0.001 rows=0 loops=58)
                                                                    Index Cond: (id = cc.status_id)
                                                                    Filter: ((kind)::text = 'complete+verified'::text)
                                                                    Rows Removed by Filter: 1
                                                        ->  Index Scan using comp_cast_type_pkey on comp_cast_type cct1  (cost=0.00..2.00 rows=1 width=4) (actual time=0.001..0.001 rows=1 loops=11)
                                                              Index Cond: (id = cc.subject_id)
                                                              Filter: ((kind)::text = 'cast'::text)
                                                  ->  Index Scan using info_type_pkey on info_type it  (cost=0.00..2.00 rows=1 width=4) (actual time=0.001..0.001 rows=1 loops=11)
                                                        Index Cond: (id = mi.info_type_id)
                                                        Filter: ((info)::text = 'release dates'::text)
                                            ->  Index Scan using char_name_pkey on char_name chn  (cost=0.00..2.00 rows=1 width=20) (actual time=0.002..0.002 rows=1 loops=11)
                                                  Index Cond: (id = ci.person_role_id)
                                      ->  Index Scan using person_id_person_info on person_info pi  (cost=0.00..50.00 rows=25 width=8) (actual time=0.004..0.052 rows=343 loops=8)
                                            Index Cond: (person_id = n.id)
                                ->  Index Scan using info_type_pkey on info_type it3  (cost=0.00..2.00 rows=1 width=4) (actual time=0.001..0.001 rows=0 loops=2747)
                                      Index Cond: (id = pi.info_type_id)
                                      Filter: ((info)::text = 'trivia'::text)
                                      Rows Removed by Filter: 1
                          ->  Index Only Scan using person_id_aka_name on aka_name an  (cost=0.00..4.00 rows=2 width=4) (actual time=0.002..0.003 rows=4 loops=666)
                                Index Cond: (person_id = n.id)
                                Heap Fetches: 2868
                    ->  Index Scan using role_type_pkey on role_type rt  (cost=0.00..2.00 rows=1 width=4) (actual time=0.001..0.001 rows=1 loops=2868)
                          Index Cond: (id = ci.role_id)
                          Filter: ((role)::text = 'actress'::text)
              ->  Index Scan using movie_id_movie_companies on movie_companies mc  (cost=0.00..10.00 rows=5 width=8) (actual time=0.002..0.005 rows=26 loops=2868)
                    Index Cond: (movie_id = t.id)
        ->  Index Scan using company_name_pkey on company_name cn  (cost=0.00..2.00 rows=1 width=4) (actual time=0.001..0.001 rows=0 loops=75240)
              Index Cond: (id = mc.company_id)
              Filter: ((country_code)::text = '[us]'::text)
              Rows Removed by Filter: 1
Planning time: 73.940 ms
Execution time: 189.083 ms
