Aggregate  (cost=175646.00..175647.00 rows=1 width=96) (actual time=858.546..858.546 rows=1 loops=1)
  ->  Nested Loop  (cost=0.00..175646.00 rows=1 width=48) (actual time=109.186..853.777 rows=16308 loops=1)
        ->  Nested Loop  (cost=0.00..175640.00 rows=3 width=45) (actual time=0.702..729.233 rows=71850 loops=1)
              ->  Nested Loop  (cost=0.00..175626.00 rows=7 width=48) (actual time=0.698..606.632 rows=75114 loops=1)
                    ->  Nested Loop  (cost=0.00..174105.00 rows=757 width=52) (actual time=0.639..342.557 rows=278086 loops=1)
                          ->  Nested Loop  (cost=0.00..172275.00 rows=305 width=48) (actual time=0.634..106.820 rows=95512 loops=1)
                                ->  Nested Loop  (cost=0.00..171375.00 rows=12 width=40) (actual time=0.629..72.976 rows=1810 loops=1)
                                      ->  Nested Loop  (cost=0.00..171063.00 rows=150 width=44) (actual time=0.586..64.629 rows=8318 loops=1)
                                            ->  Nested Loop  (cost=0.00..170445.00 rows=309 width=32) (actual time=0.581..46.224 rows=10004 loops=1)
                                                  ->  Nested Loop  (cost=0.00..144092.00 rows=361 width=16) (actual time=0.568..15.538 rows=361 loops=1)
                                                        ->  Nested Loop  (cost=0.00..140964.00 rows=1564 width=20) (actual time=0.550..12.193 rows=1564 loops=1)
                                                              ->  Nested Loop  (cost=0.00..140019.00 rows=63 width=12) (actual time=0.543..11.442 rows=63 loops=1)
                                                                    ->  Nested Loop  (cost=0.00..139892.00 rows=63 width=16) (actual time=0.541..11.357 rows=63 loops=1)
                                                                          ->  Nested Loop  (cost=0.00..137937.00 rows=23 width=8) (actual time=0.255..9.176 rows=23 loops=1)
                                                                                ->  Nested Loop  (cost=0.00..137771.00 rows=74 width=12) (actual time=0.103..9.101 rows=74 loops=1)
                                                                                      ->  Nested Loop  (cost=0.00..137569.00 rows=90 width=16) (actual time=0.101..9.000 rows=90 loops=1)
                                                                                            ->  Nested Loop  (cost=0.00..135085.00 rows=414 width=4) (actual time=0.037..8.128 rows=414 loops=1)
                                                                                                  ->  Seq Scan on keyword k  (cost=0.00..134170.00 rows=1 width=4) (actual time=0.029..7.830 rows=1 loops=1)
                                                                                                        Filter: (keyword = 'computer-animation'::text)
                                                                                                        Rows Removed by Filter: 134169
                                                                                                  ->  Index Scan using keyword_id_movie_keyword on movie_keyword mk  (cost=0.00..610.00 rows=305 width=8) (actual time=0.008..0.246 rows=414 loops=1)
                                                                                                        Index Cond: (keyword_id = k.id)
                                                                                            ->  Index Scan using movie_id_complete_cast on complete_cast cc  (cost=0.00..4.00 rows=2 width=12) (actual time=0.002..0.002 rows=0 loops=414)
                                                                                                  Index Cond: (movie_id = mk.movie_id)
                                                                                      ->  Index Scan using comp_cast_type_pkey on comp_cast_type cct1  (cost=0.00..2.00 rows=1 width=4) (actual time=0.001..0.001 rows=1 loops=90)
                                                                                            Index Cond: (id = cc.subject_id)
                                                                                            Filter: ((kind)::text = 'cast'::text)
                                                                                            Rows Removed by Filter: 0
                                                                                ->  Index Scan using comp_cast_type_pkey on comp_cast_type cct2  (cost=0.00..2.00 rows=1 width=4) (actual time=0.001..0.001 rows=0 loops=74)
                                                                                      Index Cond: (id = cc.status_id)
                                                                                      Filter: ((kind)::text = 'complete+verified'::text)
                                                                                      Rows Removed by Filter: 1
                                                                          ->  Index Scan using movie_id_movie_info on movie_info mi  (cost=0.00..84.00 rows=1 width=8) (actual time=0.021..0.094 rows=3 loops=23)
                                                                                Index Cond: (movie_id = mk.movie_id)
                                                                                Filter: ((info IS NOT NULL) AND ((info ~~ 'Japan:%200%'::text) OR (info ~~ 'USA:%200%'::text)))
                                                                                Rows Removed by Filter: 318
                                                                    ->  Index Scan using info_type_pkey on info_type it  (cost=0.00..2.00 rows=1 width=4) (actual time=0.001..0.001 rows=1 loops=63)
                                                                          Index Cond: (id = mi.info_type_id)
                                                                          Filter: ((info)::text = 'release dates'::text)
                                                              ->  Index Scan using movie_id_movie_companies on movie_companies mc  (cost=0.00..10.00 rows=5 width=8) (actual time=0.003..0.008 rows=25 loops=63)
                                                                    Index Cond: (movie_id = mi.movie_id)
                                                        ->  Index Scan using company_name_pkey on company_name cn  (cost=0.00..2.00 rows=1 width=4) (actual time=0.002..0.002 rows=0 loops=1564)
                                                              Index Cond: (id = mc.company_id)
                                                              Filter: ((country_code)::text = '[us]'::text)
                                                              Rows Removed by Filter: 1
                                                  ->  Index Scan using movie_id_cast_info on cast_info ci  (cost=0.00..72.00 rows=1 width=16) (actual time=0.011..0.081 rows=28 loops=361)
                                                        Index Cond: (movie_id = mi.movie_id)
                                                        Filter: (note = ANY ('{(voice),"(voice: Japanese version)","(voice) (uncredited)","(voice: English version)"}'::text[]))
                                                        Rows Removed by Filter: 134
                                            ->  Index Scan using char_name_pkey on char_name chn  (cost=0.00..2.00 rows=1 width=20) (actual time=0.002..0.002 rows=1 loops=10004)
                                                  Index Cond: (id = ci.person_role_id)
                                      ->  Index Scan using role_type_pkey on role_type rt  (cost=0.00..2.00 rows=1 width=4) (actual time=0.001..0.001 rows=0 loops=8318)
                                            Index Cond: (id = ci.role_id)
                                            Filter: ((role)::text = 'actress'::text)
                                            Rows Removed by Filter: 1
                                ->  Index Scan using person_id_person_info on person_info pi  (cost=0.00..50.00 rows=25 width=8) (actual time=0.002..0.011 rows=53 loops=1810)
                                      Index Cond: (person_id = ci.person_id)
                          ->  Index Only Scan using person_id_aka_name on aka_name an  (cost=0.00..4.00 rows=2 width=4) (actual time=0.001..0.002 rows=3 loops=95512)
                                Index Cond: (person_id = ci.person_id)
                                Heap Fetches: 278086
                    ->  Index Scan using info_type_pkey on info_type it3  (cost=0.00..2.00 rows=1 width=4) (actual time=0.001..0.001 rows=0 loops=278086)
                          Index Cond: (id = pi.info_type_id)
                          Filter: ((info)::text = 'trivia'::text)
                          Rows Removed by Filter: 1
              ->  Index Scan using title_pkey on title t  (cost=0.00..2.00 rows=1 width=21) (actual time=0.001..0.001 rows=1 loops=75114)
                    Index Cond: (id = mi.movie_id)
                    Filter: ((production_year >= 2000) AND (production_year <= 2010))
                    Rows Removed by Filter: 0
        ->  Index Scan using name_pkey on name n  (cost=0.00..2.00 rows=1 width=19) (actual time=0.002..0.002 rows=0 loops=71850)
              Index Cond: (id = ci.person_id)
              Filter: ((name ~~ '%An%'::text) AND ((gender)::text = 'f'::text))
              Rows Removed by Filter: 1
Planning time: 73.802 ms
Execution time: 858.632 ms
