Aggregate  (cost=154551.00..154552.00 rows=1 width=96) (actual time=8505.849..8505.849 rows=1 loops=1)
  ->  Nested Loop  (cost=0.00..154551.00 rows=1 width=48) (actual time=134.661..8501.181 rows=16308 loops=1)
        ->  Nested Loop  (cost=0.00..154547.00 rows=1 width=52) (actual time=128.871..8442.556 rows=67827 loops=1)
              ->  Nested Loop  (cost=0.00..154545.00 rows=1 width=56) (actual time=62.176..7970.697 rows=321774 loops=1)
                    ->  Nested Loop  (cost=0.00..154541.00 rows=1 width=60) (actual time=62.173..7673.829 rows=321774 loops=1)
                          ->  Nested Loop  (cost=0.00..154456.00 rows=1 width=76) (actual time=62.159..900.954 rows=110844 loops=1)
                                ->  Nested Loop  (cost=0.00..154452.00 rows=1 width=80) (actual time=62.158..799.835 rows=110844 loops=1)
                                      ->  Nested Loop  (cost=0.00..154448.00 rows=1 width=84) (actual time=62.155..693.376 rows=110844 loops=1)
                                            ->  Nested Loop  (cost=0.00..154444.00 rows=1 width=88) (actual time=9.801..510.803 rows=229421 loops=1)
                                                  ->  Nested Loop  (cost=0.00..154438.00 rows=1 width=76) (actual time=2.816..114.713 rows=271964 loops=1)
                                                        ->  Nested Loop  (cost=0.00..154363.00 rows=1 width=84) (actual time=2.810..41.493 rows=1304 loops=1)
                                                              ->  Nested Loop  (cost=0.00..154348.00 rows=1 width=76) (actual time=2.805..40.892 rows=62 loops=1)
                                                                    ->  Nested Loop  (cost=0.00..154342.00 rows=1 width=72) (actual time=2.800..40.712 rows=34 loops=1)
                                                                          ->  Nested Loop  (cost=0.00..154260.00 rows=41 width=53) (actual time=0.053..31.633 rows=2964 loops=1)
                                                                                ->  Nested Loop  (cost=0.00..154090.00 rows=85 width=41) (actual time=0.049..22.497 rows=3429 loops=1)
                                                                                      ->  Nested Loop  (cost=0.00..135913.00 rows=249 width=25) (actual time=0.042..10.108 rows=249 loops=1)
                                                                                            ->  Nested Loop  (cost=0.00..135085.00 rows=414 width=4) (actual time=0.038..8.788 rows=414 loops=1)
                                                                                                  ->  Seq Scan on keyword k  (cost=0.00..134170.00 rows=1 width=4) (actual time=0.030..8.406 rows=1 loops=1)
                                                                                                        Filter: (keyword = 'computer-animation'::text)
                                                                                                        Rows Removed by Filter: 134169
                                                                                                  ->  Index Scan using keyword_id_movie_keyword on movie_keyword mk  (cost=0.00..610.00 rows=305 width=8) (actual time=0.008..0.320 rows=414 loops=1)
                                                                                                        Index Cond: (keyword_id = k.id)
                                                                                            ->  Index Scan using title_pkey on title t  (cost=0.00..2.00 rows=1 width=21) (actual time=0.003..0.003 rows=1 loops=414)
                                                                                                  Index Cond: (id = mk.movie_id)
                                                                                                  Filter: ((production_year >= 2000) AND (production_year <= 2010))
                                                                                                  Rows Removed by Filter: 0
                                                                                      ->  Index Scan using movie_id_cast_info on cast_info ci  (cost=0.00..72.00 rows=1 width=16) (actual time=0.010..0.048 rows=14 loops=249)
                                                                                            Index Cond: (movie_id = t.id)
                                                                                            Filter: (note = ANY ('{(voice),"(voice: Japanese version)","(voice) (uncredited)","(voice: English version)"}'::text[]))
                                                                                            Rows Removed by Filter: 41
                                                                                ->  Index Scan using char_name_pkey on char_name chn  (cost=0.00..2.00 rows=1 width=20) (actual time=0.002..0.002 rows=1 loops=3429)
                                                                                      Index Cond: (id = ci.person_role_id)
                                                                          ->  Index Scan using name_pkey on name n  (cost=0.00..2.00 rows=1 width=19) (actual time=0.003..0.003 rows=0 loops=2964)
                                                                                Index Cond: (id = ci.person_id)
                                                                                Filter: ((name ~~ '%An%'::text) AND ((gender)::text = 'f'::text))
                                                                                Rows Removed by Filter: 1
                                                                    ->  Index Only Scan using person_id_aka_name on aka_name an  (cost=0.00..4.00 rows=2 width=4) (actual time=0.004..0.005 rows=2 loops=34)
                                                                          Index Cond: (person_id = n.id)
                                                                          Heap Fetches: 62
                                                              ->  Index Scan using movie_id_movie_companies on movie_companies mc  (cost=0.00..10.00 rows=5 width=8) (actual time=0.003..0.006 rows=21 loops=62)
                                                                    Index Cond: (movie_id = t.id)
                                                        ->  Index Scan using person_id_person_info on person_info pi  (cost=0.00..50.00 rows=25 width=8) (actual time=0.002..0.029 rows=209 loops=1304)
                                                              Index Cond: (person_id = n.id)
                                                  ->  Index Scan using movie_id_complete_cast on complete_cast cc  (cost=0.00..4.00 rows=2 width=12) (actual time=0.001..0.001 rows=1 loops=271964)
                                                        Index Cond: (movie_id = t.id)
                                            ->  Index Scan using comp_cast_type_pkey on comp_cast_type cct2  (cost=0.00..2.00 rows=1 width=4) (actual time=0.001..0.001 rows=0 loops=229421)
                                                  Index Cond: (id = cc.status_id)
                                                  Filter: ((kind)::text = 'complete+verified'::text)
                                                  Rows Removed by Filter: 1
                                      ->  Index Scan using role_type_pkey on role_type rt  (cost=0.00..2.00 rows=1 width=4) (actual time=0.001..0.001 rows=1 loops=110844)
                                            Index Cond: (id = ci.role_id)
                                            Filter: ((role)::text = 'actress'::text)
                                ->  Index Scan using comp_cast_type_pkey on comp_cast_type cct1  (cost=0.00..2.00 rows=1 width=4) (actual time=0.001..0.001 rows=1 loops=110844)
                                      Index Cond: (id = cc.subject_id)
                                      Filter: ((kind)::text = 'cast'::text)
                          ->  Index Scan using movie_id_movie_info on movie_info mi  (cost=0.00..84.00 rows=1 width=8) (actual time=0.009..0.061 rows=3 loops=110844)
                                Index Cond: (movie_id = t.id)
                                Filter: ((info IS NOT NULL) AND ((info ~~ 'Japan:%200%'::text) OR (info ~~ 'USA:%200%'::text)))
                                Rows Removed by Filter: 298
                    ->  Index Scan using info_type_pkey on info_type it  (cost=0.00..2.00 rows=1 width=4) (actual time=0.001..0.001 rows=1 loops=321774)
                          Index Cond: (id = mi.info_type_id)
                          Filter: ((info)::text = 'release dates'::text)
              ->  Index Scan using company_name_pkey on company_name cn  (cost=0.00..2.00 rows=1 width=4) (actual time=0.001..0.001 rows=0 loops=321774)
                    Index Cond: (id = mc.company_id)
                    Filter: ((country_code)::text = '[us]'::text)
                    Rows Removed by Filter: 1
        ->  Index Scan using info_type_pkey on info_type it3  (cost=0.00..2.00 rows=1 width=4) (actual time=0.001..0.001 rows=0 loops=67827)
              Index Cond: (id = pi.info_type_id)
              Filter: ((info)::text = 'trivia'::text)
              Rows Removed by Filter: 1
Planning time: 74.116 ms
Execution time: 8505.947 ms
