Aggregate  (cost=1006886.00..1006887.00 rows=1 width=32) (actual time=266.736..266.736 rows=1 loops=1)
  ->  Nested Loop  (cost=997682.00..1006886.00 rows=10 width=17) (actual time=215.380..265.411 rows=7834 loops=1)
        ->  Merge Join  (cost=997682.00..1006866.00 rows=10 width=8) (actual time=215.366..244.353 rows=7834 loops=1)
              Merge Cond: (mc.company_id = cn.id)
              ->  Sort  (cost=762685.00..762685.00 rows=220786 width=12) (actual time=187.502..203.446 rows=148552 loops=1)
                    Sort Key: mc.company_id
                    Sort Method: quicksort  Memory: 13108kB
                    ->  Nested Loop  (cost=0.00..762685.00 rows=220786 width=12) (actual time=0.426..153.788 rows=148552 loops=1)
                          ->  Nested Loop  (cost=0.00..135085.00 rows=41840 width=4) (actual time=0.413..29.927 rows=41840 loops=1)
                                ->  Seq Scan on keyword k  (cost=0.00..134170.00 rows=1 width=4) (actual time=0.402..8.459 rows=1 loops=1)
                                      Filter: (keyword = 'character-name-in-title'::text)
                                      Rows Removed by Filter: 134169
                                ->  Index Scan using keyword_id_movie_keyword on movie_keyword mk  (cost=0.00..610.00 rows=305 width=8) (actual time=0.009..16.257 rows=41840 loops=1)
                                      Index Cond: (keyword_id = k.id)
                          ->  Index Scan using movie_id_movie_companies on movie_companies mc  (cost=0.00..10.00 rows=5 width=8) (actual time=0.002..0.002 rows=4 loops=41840)
                                Index Cond: (movie_id = mk.movie_id)
              ->  Sort  (cost=234997.00..234997.00 rows=9775 width=4) (actual time=26.484..27.439 rows=9766 loops=1)
                    Sort Key: cn.id
                    Sort Method: quicksort  Memory: 843kB
                    ->  Seq Scan on company_name cn  (cost=0.00..234997.00 rows=9775 width=4) (actual time=0.009..24.174 rows=9775 loops=1)
                          Filter: ((country_code)::text = '[de]'::text)
                          Rows Removed by Filter: 225222
        ->  Index Scan using title_pkey on title t  (cost=0.00..2.00 rows=1 width=21) (actual time=0.002..0.002 rows=1 loops=7834)
              Index Cond: (id = mc.movie_id)
Planning time: 0.781 ms
Execution time: 267.265 ms
