Aggregate  (cost=1019529.00..1019530.00 rows=1 width=32) (actual time=268.783..268.783 rows=1 loops=1)
  ->  Nested Loop  (cost=997682.00..1019529.00 rows=7834 width=17) (actual time=217.482..267.450 rows=7834 loops=1)
        ->  Merge Join  (cost=997682.00..1003861.00 rows=7834 width=8) (actual time=217.470..246.369 rows=7834 loops=1)
              Merge Cond: (mc.company_id = cn.id)
              ->  Sort  (cost=762685.00..762685.00 rows=148552 width=12) (actual time=191.115..206.762 rows=148552 loops=1)
                    Sort Key: mc.company_id
                    Sort Method: quicksort  Memory: 13108kB
                    ->  Nested Loop  (cost=0.00..762685.00 rows=148552 width=12) (actual time=0.423..154.764 rows=148552 loops=1)
                          ->  Nested Loop  (cost=0.00..135085.00 rows=41840 width=4) (actual time=0.415..30.612 rows=41840 loops=1)
                                ->  Seq Scan on keyword k  (cost=0.00..134170.00 rows=1 width=4) (actual time=0.403..9.082 rows=1 loops=1)
                                      Filter: (keyword = 'character-name-in-title'::text)
                                      Rows Removed by Filter: 134169
                                ->  Index Scan using keyword_id_movie_keyword on movie_keyword mk  (cost=0.00..610.00 rows=305 width=8) (actual time=0.011..16.307 rows=41840 loops=1)
                                      Index Cond: (keyword_id = k.id)
                          ->  Index Scan using movie_id_movie_companies on movie_companies mc  (cost=0.00..10.00 rows=5 width=8) (actual time=0.002..0.002 rows=4 loops=41840)
                                Index Cond: (movie_id = mk.movie_id)
              ->  Sort  (cost=234997.00..234997.00 rows=9775 width=4) (actual time=24.985..26.006 rows=9766 loops=1)
                    Sort Key: cn.id
                    Sort Method: quicksort  Memory: 843kB
                    ->  Seq Scan on company_name cn  (cost=0.00..234997.00 rows=9775 width=4) (actual time=0.009..23.108 rows=9775 loops=1)
                          Filter: ((country_code)::text = '[de]'::text)
                          Rows Removed by Filter: 225222
        ->  Index Scan using title_pkey on title t  (cost=0.00..2.00 rows=1 width=21) (actual time=0.002..0.002 rows=1 loops=7834)
              Index Cond: (id = mc.movie_id)
Planning time: 0.781 ms
Execution time: 269.358 ms
