Aggregate  (cost=999193.00..999194.00 rows=1 width=32) (actual time=255.419..255.419 rows=1 loops=1)
  ->  Nested Loop  (cost=997682.00..999193.00 rows=16 width=17) (actual time=213.855..254.552 rows=5228 loops=1)
        ->  Merge Join  (cost=997682.00..999161.00 rows=16 width=8) (actual time=213.843..240.725 rows=5228 loops=1)
              Merge Cond: (mc.company_id = cn.id)
              ->  Sort  (cost=762685.00..762685.00 rows=148552 width=12) (actual time=190.229..205.150 rows=148547 loops=1)
                    Sort Key: mc.company_id
                    Sort Method: quicksort  Memory: 13108kB
                    ->  Nested Loop  (cost=0.00..762685.00 rows=148552 width=12) (actual time=0.421..154.158 rows=148552 loops=1)
                          ->  Nested Loop  (cost=0.00..135085.00 rows=41840 width=4) (actual time=0.413..30.129 rows=41840 loops=1)
                                ->  Seq Scan on keyword k  (cost=0.00..134170.00 rows=1 width=4) (actual time=0.402..8.642 rows=1 loops=1)
                                      Filter: (keyword = 'character-name-in-title'::text)
                                      Rows Removed by Filter: 134169
                                ->  Index Scan using keyword_id_movie_keyword on movie_keyword mk  (cost=0.00..610.00 rows=305 width=8) (actual time=0.010..16.258 rows=41840 loops=1)
                                      Index Cond: (keyword_id = k.id)
                          ->  Index Scan using movie_id_movie_companies on movie_companies mc  (cost=0.00..10.00 rows=5 width=8) (actual time=0.002..0.002 rows=4 loops=41840)
                                Index Cond: (movie_id = mk.movie_id)
              ->  Sort  (cost=234997.00..234997.00 rows=2340 width=4) (actual time=23.071..23.310 rows=2340 loops=1)
                    Sort Key: cn.id
                    Sort Method: quicksort  Memory: 206kB
                    ->  Seq Scan on company_name cn  (cost=0.00..234997.00 rows=2340 width=4) (actual time=0.014..22.639 rows=2340 loops=1)
                          Filter: ((country_code)::text = '[nl]'::text)
                          Rows Removed by Filter: 232657
        ->  Index Scan using title_pkey on title t  (cost=0.00..2.00 rows=1 width=21) (actual time=0.002..0.002 rows=1 loops=5228)
              Index Cond: (id = mc.movie_id)
Planning time: 0.776 ms
Execution time: 255.983 ms
