Aggregate  (cost=135957.00..135958.00 rows=1 width=32) (actual time=421.839..421.839 rows=1 loops=1)
  ->  Nested Loop  (cost=0.00..135957.00 rows=1 width=17) (actual time=421.836..421.836 rows=0 loops=1)
        ->  Nested Loop  (cost=0.00..135955.00 rows=1 width=8) (actual time=421.836..421.836 rows=0 loops=1)
              ->  Nested Loop  (cost=0.00..135595.00 rows=179 width=12) (actual time=0.421..163.366 rows=148552 loops=1)
                    ->  Nested Loop  (cost=0.00..135085.00 rows=34 width=4) (actual time=0.413..31.142 rows=41840 loops=1)
                          ->  Seq Scan on keyword k  (cost=0.00..134170.00 rows=1 width=4) (actual time=0.402..8.728 rows=1 loops=1)
                                Filter: (keyword = 'character-name-in-title'::text)
                                Rows Removed by Filter: 134169
                          ->  Index Scan using keyword_id_movie_keyword on movie_keyword mk  (cost=0.00..610.00 rows=305 width=8) (actual time=0.010..16.791 rows=41840 loops=1)
                                Index Cond: (keyword_id = k.id)
                    ->  Index Scan using movie_id_movie_companies on movie_companies mc  (cost=0.00..10.00 rows=5 width=8) (actual time=0.002..0.003 rows=4 loops=41840)
                          Index Cond: (movie_id = mk.movie_id)
              ->  Index Scan using company_name_pkey on company_name cn  (cost=0.00..2.00 rows=1 width=4) (actual time=0.002..0.002 rows=0 loops=148552)
                    Index Cond: (id = mc.company_id)
                    Filter: ((country_code)::text = '[sm]'::text)
                    Rows Removed by Filter: 1
        ->  Index Scan using title_pkey on title t  (cost=0.00..2.00 rows=1 width=21) (never executed)
              Index Cond: (id = mc.movie_id)
Planning time: 0.849 ms
Execution time: 421.879 ms
