Aggregate  (cost=235674.00..235675.00 rows=1 width=32) (actual time=21.849..21.849 rows=1 loops=1)
  ->  Nested Loop  (cost=0.00..235674.00 rows=1 width=17) (actual time=21.847..21.847 rows=0 loops=1)
        ->  Nested Loop  (cost=0.00..235672.00 rows=0 width=8) (actual time=21.847..21.847 rows=0 loops=1)
              ->  Nested Loop  (cost=0.00..235666.00 rows=2 width=12) (actual time=4.200..21.840 rows=2 loops=1)
                    ->  Nested Loop  (cost=0.00..235396.00 rows=2 width=4) (actual time=4.189..21.829 rows=2 loops=1)
                          ->  Seq Scan on company_name cn  (cost=0.00..234997.00 rows=1 width=4) (actual time=4.180..21.819 rows=1 loops=1)
                                Filter: ((country_code)::text = '[sm]'::text)
                                Rows Removed by Filter: 234996
                          ->  Index Scan using company_id_movie_companies on movie_companies mc  (cost=0.00..266.00 rows=133 width=8) (actual time=0.007..0.008 rows=2 loops=1)
                                Index Cond: (company_id = cn.id)
                    ->  Index Scan using movie_id_movie_keyword on movie_keyword mk  (cost=0.00..90.00 rows=45 width=8) (actual time=0.004..0.004 rows=1 loops=2)
                          Index Cond: (movie_id = mc.movie_id)
              ->  Index Scan using keyword_pkey on keyword k  (cost=0.00..2.00 rows=1 width=4) (actual time=0.003..0.003 rows=0 loops=2)
                    Index Cond: (id = mk.keyword_id)
                    Filter: (keyword = 'character-name-in-title'::text)
                    Rows Removed by Filter: 1
        ->  Index Scan using title_pkey on title t  (cost=0.00..2.00 rows=1 width=21) (never executed)
              Index Cond: (id = mc.movie_id)
Planning time: 0.744 ms
Execution time: 21.879 ms
