Aggregate  (cost=136021.00..136022.00 rows=1 width=32) (actual time=563.564..563.564 rows=1 loops=1)
  ->  Nested Loop  (cost=0.00..136021.00 rows=64 width=17) (actual time=0.454..552.344 rows=68316 loops=1)
        ->  Nested Loop  (cost=0.00..135663.00 rows=179 width=21) (actual time=0.441..272.723 rows=148552 loops=1)
              ->  Nested Loop  (cost=0.00..135153.00 rows=34 width=25) (actual time=0.430..132.934 rows=41840 loops=1)
                    ->  Nested Loop  (cost=0.00..135085.00 rows=34 width=4) (actual time=0.425..32.310 rows=41840 loops=1)
                          ->  Seq Scan on keyword k  (cost=0.00..134170.00 rows=1 width=4) (actual time=0.414..9.028 rows=1 loops=1)
                                Filter: (keyword = 'character-name-in-title'::text)
                                Rows Removed by Filter: 134169
                          ->  Index Scan using keyword_id_movie_keyword on movie_keyword mk  (cost=0.00..610.00 rows=305 width=8) (actual time=0.010..17.220 rows=41840 loops=1)
                                Index Cond: (keyword_id = k.id)
                    ->  Index Scan using title_pkey on title t  (cost=0.00..2.00 rows=1 width=21) (actual time=0.002..0.002 rows=1 loops=41840)
                          Index Cond: (id = mk.movie_id)
              ->  Index Scan using movie_id_movie_companies on movie_companies mc  (cost=0.00..10.00 rows=5 width=8) (actual time=0.002..0.003 rows=4 loops=41840)
                    Index Cond: (movie_id = t.id)
        ->  Index Scan using company_name_pkey on company_name cn  (cost=0.00..2.00 rows=1 width=4) (actual time=0.002..0.002 rows=0 loops=148552)
              Index Cond: (id = mc.company_id)
              Filter: ((country_code)::text = '[us]'::text)
              Rows Removed by Filter: 1
Planning time: 0.871 ms
Execution time: 563.604 ms
