Aggregate  (cost=1077552.00..1077553.00 rows=1 width=32) (actual time=467.169..467.169 rows=1 loops=1)
  ->  Nested Loop  (cost=997682.00..1077552.00 rows=79 width=17) (actual time=238.754..455.805 rows=68316 loops=1)
        ->  Merge Join  (cost=997682.00..1077394.00 rows=79 width=8) (actual time=238.741..295.913 rows=68316 loops=1)
              Merge Cond: (mc.company_id = cn.id)
              ->  Sort  (cost=762685.00..762685.00 rows=220786 width=12) (actual time=190.849..210.291 rows=148552 loops=1)
                    Sort Key: mc.company_id
                    Sort Method: quicksort  Memory: 13108kB
                    ->  Nested Loop  (cost=0.00..762685.00 rows=220786 width=12) (actual time=0.423..154.444 rows=148552 loops=1)
                          ->  Nested Loop  (cost=0.00..135085.00 rows=41840 width=4) (actual time=0.415..30.388 rows=41840 loops=1)
                                ->  Seq Scan on keyword k  (cost=0.00..134170.00 rows=1 width=4) (actual time=0.404..8.919 rows=1 loops=1)
                                      Filter: (keyword = 'character-name-in-title'::text)
                                      Rows Removed by Filter: 134169
                                ->  Index Scan using keyword_id_movie_keyword on movie_keyword mk  (cost=0.00..610.00 rows=305 width=8) (actual time=0.011..16.217 rows=41840 loops=1)
                                      Index Cond: (keyword_id = k.id)
                          ->  Index Scan using movie_id_movie_companies on movie_companies mc  (cost=0.00..10.00 rows=5 width=8) (actual time=0.002..0.002 rows=4 loops=41840)
                                Index Cond: (movie_id = mk.movie_id)
              ->  Sort  (cost=234997.00..234997.00 rows=84843 width=4) (actual time=47.887..57.576 rows=84843 loops=1)
                    Sort Key: cn.id
                    Sort Method: quicksort  Memory: 7050kB
                    ->  Seq Scan on company_name cn  (cost=0.00..234997.00 rows=84843 width=4) (actual time=0.008..28.588 rows=84843 loops=1)
                          Filter: ((country_code)::text = '[us]'::text)
                          Rows Removed by Filter: 150154
        ->  Index Scan using title_pkey on title t  (cost=0.00..2.00 rows=1 width=21) (actual time=0.002..0.002 rows=1 loops=68316)
              Index Cond: (id = mc.movie_id)
Planning time: 0.870 ms
Execution time: 467.903 ms
