Aggregate  (cost=1059969.00..1059970.00 rows=1 width=32) (actual time=598.563..598.564 rows=1 loops=1)
  ->  Nested Loop  (cost=0.00..1059969.00 rows=91 width=17) (actual time=0.439..587.423 rows=68316 loops=1)
        ->  Nested Loop  (cost=0.00..1059787.00 rows=91 width=8) (actual time=0.434..457.322 rows=68316 loops=1)
              ->  Nested Loop  (cost=0.00..762685.00 rows=148552 width=12) (actual time=0.423..171.852 rows=148552 loops=1)
                    ->  Nested Loop  (cost=0.00..135085.00 rows=41840 width=4) (actual time=0.415..31.721 rows=41840 loops=1)
                          ->  Seq Scan on keyword k  (cost=0.00..134170.00 rows=1 width=4) (actual time=0.403..8.920 rows=1 loops=1)
                                Filter: (keyword = 'character-name-in-title'::text)
                                Rows Removed by Filter: 134169
                          ->  Index Scan using keyword_id_movie_keyword on movie_keyword mk  (cost=0.00..610.00 rows=305 width=8) (actual time=0.011..17.069 rows=41840 loops=1)
                                Index Cond: (keyword_id = k.id)
                    ->  Index Scan using movie_id_movie_companies on movie_companies mc  (cost=0.00..10.00 rows=5 width=8) (actual time=0.002..0.003 rows=4 loops=41840)
                          Index Cond: (movie_id = mk.movie_id)
              ->  Index Scan using company_name_pkey on company_name cn  (cost=0.00..2.00 rows=1 width=4) (actual time=0.002..0.002 rows=0 loops=148552)
                    Index Cond: (id = mc.company_id)
                    Filter: ((country_code)::text = '[us]'::text)
                    Rows Removed by Filter: 1
        ->  Index Scan using title_pkey on title t  (cost=0.00..2.00 rows=1 width=21) (actual time=0.002..0.002 rows=1 loops=68316)
              Index Cond: (id = mc.movie_id)
Planning time: 0.776 ms
Execution time: 598.600 ms
