Aggregate  (cost=299090.50..299091.50 rows=1 width=128) (actual time=535.015..535.015 rows=1 loops=1)
  ->  Nested Loop  (cost=135210.00..299090.50 rows=1 width=79) (actual time=43.187..534.595 rows=757 loops=1)
        ->  Nested Loop  (cost=135210.00..299086.50 rows=1 width=83) (actual time=43.184..533.657 rows=757 loops=1)
              ->  Nested Loop  (cost=135210.00..299001.50 rows=1 width=57) (actual time=40.647..463.986 rows=1235 loops=1)
                    ->  Nested Loop  (cost=135210.00..298997.00 rows=2 width=61) (actual time=40.586..303.908 rows=85244 loops=1)
                          ->  Hash Join  (cost=135210.00..298862.00 rows=1 width=53) (actual time=40.577..273.696 rows=1256 loops=1)
                                Hash Cond: (mi_idx.info_type_id = it2.id)
                                ->  Nested Loop  (cost=135096.00..298632.00 rows=117 width=57) (actual time=40.559..273.117 rows=3782 loops=1)
                                      ->  Nested Loop  (cost=135096.00..296706.00 rows=214 width=44) (actual time=40.553..268.189 rows=1329 loops=1)
                                            ->  Nested Loop  (cost=135096.00..295680.00 rows=513 width=33) (actual time=40.547..261.063 rows=2057 loops=1)
                                                  ->  Hash Join  (cost=135096.00..219614.00 rows=1042 width=25) (actual time=40.479..108.644 rows=2083 loops=1)
                                                        Hash Cond: (cc.subject_id = cct1.id)
                                                        ->  Nested Loop  (cost=135090.00..218046.00 rows=2083 width=29) (actual time=40.472..108.144 rows=2083 loops=1)
                                                              ->  Merge Join  (cost=135090.00..168862.00 rows=24592 width=8) (actual time=40.453..47.142 rows=24592 loops=1)
                                                                    Merge Cond: (cct2.id = cc.status_id)
                                                                    ->  Sort  (cost=4.00..4.00 rows=1 width=4) (actual time=0.005..0.005 rows=1 loops=1)
                                                                          Sort Key: cct2.id
                                                                          Sort Method: quicksort  Memory: 25kB
                                                                          ->  Seq Scan on comp_cast_type cct2  (cost=0.00..4.00 rows=1 width=4) (actual time=0.002..0.002 rows=1 loops=1)
                                                                                Filter: ((kind)::text = 'complete+verified'::text)
                                                                                Rows Removed by Filter: 3
                                                                    ->  Sort  (cost=135086.00..135086.00 rows=135086 width=12) (actual time=28.406..36.020 rows=135086 loops=1)
                                                                          Sort Key: cc.status_id
                                                                          Sort Method: quicksort  Memory: 12477kB
                                                                          ->  Seq Scan on complete_cast cc  (cost=0.00..135086.00 rows=135086 width=12) (actual time=0.005..13.739 rows=135086 loops=1)
                                                              ->  Index Scan using title_pkey on title t  (cost=0.00..2.00 rows=1 width=21) (actual time=0.002..0.002 rows=0 loops=24592)
                                                                    Index Cond: (id = cc.movie_id)
                                                                    Filter: (production_year > 2000)
                                                                    Rows Removed by Filter: 1
                                                        ->  Hash  (cost=4.00..4.00 rows=2 width=4) (actual time=0.004..0.004 rows=2 loops=1)
                                                              Buckets: 1024  Batches: 1  Memory Usage: 9kB
                                                              ->  Seq Scan on comp_cast_type cct1  (cost=0.00..4.00 rows=2 width=4) (actual time=0.002..0.003 rows=2 loops=1)
                                                                    Filter: ((kind)::text = ANY ('{cast,crew}'::text[]))
                                                                    Rows Removed by Filter: 2
                                                  ->  Index Scan using movie_id_cast_info on cast_info ci  (cost=0.00..72.00 rows=1 width=8) (actual time=0.052..0.073 rows=1 loops=2083)
                                                        Index Cond: (movie_id = t.id)
                                                        Filter: (note = ANY ('{(writer),"(head writer)","(written by)",(story),"(story editor)"}'::text[]))
                                                        Rows Removed by Filter: 88
                                            ->  Index Scan using name_pkey on name n  (cost=0.00..2.00 rows=1 width=19) (actual time=0.003..0.003 rows=1 loops=2057)
                                                  Index Cond: (id = ci.person_id)
                                                  Filter: ((gender)::text = 'm'::text)
                                                  Rows Removed by Filter: 0
                                      ->  Index Scan using movie_id_movie_info_idx on movie_info_idx mi_idx  (cost=0.00..6.00 rows=3 width=13) (actual time=0.003..0.003 rows=3 loops=1329)
                                            Index Cond: (movie_id = t.id)
                                ->  Hash  (cost=113.00..113.00 rows=1 width=4) (actual time=0.014..0.014 rows=1 loops=1)
                                      Buckets: 1024  Batches: 1  Memory Usage: 9kB
                                      ->  Seq Scan on info_type it2  (cost=0.00..113.00 rows=1 width=4) (actual time=0.011..0.013 rows=1 loops=1)
                                            Filter: ((info)::text = 'votes'::text)
                                            Rows Removed by Filter: 112
                          ->  Index Scan using movie_id_movie_keyword on movie_keyword mk  (cost=0.00..90.00 rows=45 width=8) (actual time=0.003..0.015 rows=68 loops=1256)
                                Index Cond: (movie_id = t.id)
                    ->  Index Scan using keyword_pkey on keyword k  (cost=0.00..2.00 rows=1 width=4) (actual time=0.002..0.002 rows=0 loops=85244)
                          Index Cond: (id = mk.keyword_id)
                          Filter: (keyword = ANY ('{murder,violence,blood,gore,death,female-nudity,hospital}'::text[]))
                          Rows Removed by Filter: 1
              ->  Index Scan using movie_id_movie_info on movie_info mi  (cost=0.00..84.00 rows=1 width=50) (actual time=0.056..0.056 rows=1 loops=1235)
                    Index Cond: (movie_id = t.id)
                    Filter: (info = ANY ('{Horror,Thriller}'::text[]))
                    Rows Removed by Filter: 238
        ->  Index Scan using info_type_pkey on info_type it1  (cost=0.00..2.00 rows=1 width=4) (actual time=0.001..0.001 rows=1 loops=757)
              Index Cond: (id = mi.info_type_id)
              Filter: ((info)::text = 'genres'::text)
Planning time: 45.009 ms
Execution time: 535.093 ms
