Aggregate  (cost=143499.00..143500.00 rows=1 width=128) (actual time=543.236..543.236 rows=1 loops=1)
  ->  Nested Loop  (cost=0.00..143499.00 rows=1 width=79) (actual time=3.445..542.758 rows=757 loops=1)
        ->  Nested Loop  (cost=0.00..143497.00 rows=1 width=68) (actual time=3.441..539.204 rows=1021 loops=1)
              ->  Nested Loop  (cost=0.00..143424.00 rows=1 width=84) (actual time=3.355..430.813 rows=1161 loops=1)
                    ->  Nested Loop  (cost=0.00..143420.00 rows=1 width=88) (actual time=3.352..429.395 rows=1161 loops=1)
                          ->  Nested Loop  (cost=0.00..143335.00 rows=1 width=38) (actual time=0.889..305.850 rows=2023 loops=1)
                                ->  Nested Loop  (cost=0.00..143309.00 rows=12 width=42) (actual time=0.885..299.094 rows=6166 loops=1)
                                      ->  Nested Loop  (cost=0.00..143111.00 rows=22 width=29) (actual time=0.881..290.590 rows=2027 loops=1)
                                            ->  Nested Loop  (cost=0.00..143023.00 rows=44 width=33) (actual time=0.879..288.414 rows=2027 loops=1)
                                                  ->  Nested Loop  (cost=0.00..142631.00 rows=174 width=37) (actual time=0.833..281.277 rows=7185 loops=1)
                                                        ->  Nested Loop  (cost=0.00..141991.00 rows=320 width=16) (actual time=0.662..196.566 rows=36010 loops=1)
                                                              ->  Nested Loop  (cost=0.00..140575.00 rows=236 width=4) (actual time=0.639..77.955 rows=76714 loops=1)
                                                                    ->  Seq Scan on keyword k  (cost=0.00..134170.00 rows=7 width=4) (actual time=0.630..20.541 rows=7 loops=1)
                                                                          Filter: (keyword = ANY ('{murder,violence,blood,gore,death,female-nudity,hospital}'::text[]))
                                                                          Rows Removed by Filter: 134163
                                                                    ->  Index Scan using keyword_id_movie_keyword on movie_keyword mk  (cost=0.00..610.00 rows=305 width=8) (actual time=0.007..6.872 rows=10959 loops=7)
                                                                          Index Cond: (keyword_id = k.id)
                                                              ->  Index Scan using movie_id_complete_cast on complete_cast cc  (cost=0.00..4.00 rows=2 width=12) (actual time=0.001..0.001 rows=0 loops=76714)
                                                                    Index Cond: (movie_id = mk.movie_id)
                                                        ->  Index Scan using title_pkey on title t  (cost=0.00..2.00 rows=1 width=21) (actual time=0.002..0.002 rows=0 loops=36010)
                                                              Index Cond: (id = mk.movie_id)
                                                              Filter: (production_year > 2000)
                                                              Rows Removed by Filter: 1
                                                  ->  Index Scan using comp_cast_type_pkey on comp_cast_type cct2  (cost=0.00..2.00 rows=1 width=4) (actual time=0.001..0.001 rows=0 loops=7185)
                                                        Index Cond: (id = cc.status_id)
                                                        Filter: ((kind)::text = 'complete+verified'::text)
                                                        Rows Removed by Filter: 1
                                            ->  Index Scan using comp_cast_type_pkey on comp_cast_type cct1  (cost=0.00..2.00 rows=1 width=4) (actual time=0.001..0.001 rows=1 loops=2027)
                                                  Index Cond: (id = cc.subject_id)
                                                  Filter: ((kind)::text = ANY ('{cast,crew}'::text[]))
                                      ->  Index Scan using movie_id_movie_info_idx on movie_info_idx mi_idx  (cost=0.00..6.00 rows=3 width=13) (actual time=0.003..0.003 rows=3 loops=2027)
                                            Index Cond: (movie_id = t.id)
                                ->  Index Scan using info_type_pkey on info_type it2  (cost=0.00..2.00 rows=1 width=4) (actual time=0.001..0.001 rows=0 loops=6166)
                                      Index Cond: (id = mi_idx.info_type_id)
                                      Filter: ((info)::text = 'votes'::text)
                                      Rows Removed by Filter: 1
                          ->  Index Scan using movie_id_movie_info on movie_info mi  (cost=0.00..84.00 rows=1 width=50) (actual time=0.061..0.061 rows=1 loops=2023)
                                Index Cond: (movie_id = t.id)
                                Filter: (info = ANY ('{Horror,Thriller}'::text[]))
                                Rows Removed by Filter: 224
                    ->  Index Scan using info_type_pkey on info_type it1  (cost=0.00..2.00 rows=1 width=4) (actual time=0.001..0.001 rows=1 loops=1161)
                          Index Cond: (id = mi.info_type_id)
                          Filter: ((info)::text = 'genres'::text)
              ->  Index Scan using movie_id_cast_info on cast_info ci  (cost=0.00..72.00 rows=1 width=8) (actual time=0.060..0.093 rows=1 loops=1161)
                    Index Cond: (movie_id = t.id)
                    Filter: (note = ANY ('{(writer),"(head writer)","(written by)",(story),"(story editor)"}'::text[]))
                    Rows Removed by Filter: 126
        ->  Index Scan using name_pkey on name n  (cost=0.00..2.00 rows=1 width=19) (actual time=0.003..0.003 rows=1 loops=1021)
              Index Cond: (id = ci.person_id)
              Filter: ((gender)::text = 'm'::text)
              Rows Removed by Filter: 0
Planning time: 44.989 ms
Execution time: 543.315 ms
