Aggregate  (cost=389502.50..389503.50 rows=1 width=128) (actual time=528.759..528.759 rows=1 loops=1)
  ->  Nested Loop  (cost=135210.00..389502.50 rows=1 width=79) (actual time=43.942..528.340 rows=757 loops=1)
        ->  Nested Loop  (cost=135210.00..389498.50 rows=1 width=83) (actual time=43.939..527.415 rows=757 loops=1)
              ->  Nested Loop  (cost=135210.00..389413.50 rows=1 width=57) (actual time=41.411..457.573 rows=1235 loops=1)
                    ->  Nested Loop  (cost=135210.00..389391.00 rows=11 width=61) (actual time=41.351..298.545 rows=85244 loops=1)
                          ->  Hash Join  (cost=135210.00..388581.00 rows=6 width=53) (actual time=41.343..268.541 rows=1256 loops=1)
                                Hash Cond: (mi_idx.info_type_id = it2.id)
                                ->  Nested Loop  (cost=135096.00..387748.00 rows=725 width=57) (actual time=41.325..267.957 rows=3782 loops=1)
                                      ->  Nested Loop  (cost=135096.00..375787.00 rows=1329 width=44) (actual time=41.319..263.096 rows=1329 loops=1)
                                            ->  Nested Loop  (cost=135096.00..371673.00 rows=2057 width=33) (actual time=41.314..256.172 rows=2057 loops=1)
                                                  ->  Hash Join  (cost=135096.00..219614.00 rows=2083 width=25) (actual time=41.251..110.047 rows=2083 loops=1)
                                                        Hash Cond: (cc.subject_id = cct1.id)
                                                        ->  Nested Loop  (cost=135090.00..218046.00 rows=2083 width=29) (actual time=41.245..109.540 rows=2083 loops=1)
                                                              ->  Merge Join  (cost=135090.00..168862.00 rows=24592 width=8) (actual time=41.226..47.598 rows=24592 loops=1)
                                                                    Merge Cond: (cct2.id = cc.status_id)
                                                                    ->  Sort  (cost=4.00..4.00 rows=1 width=4) (actual time=0.006..0.006 rows=1 loops=1)
                                                                          Sort Key: cct2.id
                                                                          Sort Method: quicksort  Memory: 25kB
                                                                          ->  Seq Scan on comp_cast_type cct2  (cost=0.00..4.00 rows=1 width=4) (actual time=0.001..0.002 rows=1 loops=1)
                                                                                Filter: ((kind)::text = 'complete+verified'::text)
                                                                                Rows Removed by Filter: 3
                                                                    ->  Sort  (cost=135086.00..135086.00 rows=135086 width=12) (actual time=29.266..36.664 rows=135086 loops=1)
                                                                          Sort Key: cc.status_id
                                                                          Sort Method: quicksort  Memory: 12477kB
                                                                          ->  Seq Scan on complete_cast cc  (cost=0.00..135086.00 rows=135086 width=12) (actual time=0.005..14.170 rows=135086 loops=1)
                                                              ->  Index Scan using title_pkey on title t  (cost=0.00..2.00 rows=1 width=21) (actual time=0.002..0.002 rows=0 loops=24592)
                                                                    Index Cond: (id = cc.movie_id)
                                                                    Filter: (production_year > 2000)
                                                                    Rows Removed by Filter: 1
                                                        ->  Hash  (cost=4.00..4.00 rows=2 width=4) (actual time=0.004..0.004 rows=2 loops=1)
                                                              Buckets: 1024  Batches: 1  Memory Usage: 9kB
                                                              ->  Seq Scan on comp_cast_type cct1  (cost=0.00..4.00 rows=2 width=4) (actual time=0.002..0.003 rows=2 loops=1)
                                                                    Filter: ((kind)::text = ANY ('{cast,crew}'::text[]))
                                                                    Rows Removed by Filter: 2
                                                  ->  Index Scan using movie_id_cast_info on cast_info ci  (cost=0.00..72.00 rows=1 width=8) (actual time=0.049..0.070 rows=1 loops=2083)
                                                        Index Cond: (movie_id = t.id)
                                                        Filter: (note = ANY ('{(writer),"(head writer)","(written by)",(story),"(story editor)"}'::text[]))
                                                        Rows Removed by Filter: 88
                                            ->  Index Scan using name_pkey on name n  (cost=0.00..2.00 rows=1 width=19) (actual time=0.003..0.003 rows=1 loops=2057)
                                                  Index Cond: (id = ci.person_id)
                                                  Filter: ((gender)::text = 'm'::text)
                                                  Rows Removed by Filter: 0
                                      ->  Index Scan using movie_id_movie_info_idx on movie_info_idx mi_idx  (cost=0.00..6.00 rows=3 width=13) (actual time=0.003..0.003 rows=3 loops=1329)
                                            Index Cond: (movie_id = t.id)
                                ->  Hash  (cost=113.00..113.00 rows=1 width=4) (actual time=0.014..0.014 rows=1 loops=1)
                                      Buckets: 1024  Batches: 1  Memory Usage: 9kB
                                      ->  Seq Scan on info_type it2  (cost=0.00..113.00 rows=1 width=4) (actual time=0.012..0.013 rows=1 loops=1)
                                            Filter: ((info)::text = 'votes'::text)
                                            Rows Removed by Filter: 112
                          ->  Index Scan using movie_id_movie_keyword on movie_keyword mk  (cost=0.00..90.00 rows=45 width=8) (actual time=0.003..0.015 rows=68 loops=1256)
                                Index Cond: (movie_id = t.id)
                    ->  Index Scan using keyword_pkey on keyword k  (cost=0.00..2.00 rows=1 width=4) (actual time=0.002..0.002 rows=0 loops=85244)
                          Index Cond: (id = mk.keyword_id)
                          Filter: (keyword = ANY ('{murder,violence,blood,gore,death,female-nudity,hospital}'::text[]))
                          Rows Removed by Filter: 1
              ->  Index Scan using movie_id_movie_info on movie_info mi  (cost=0.00..84.00 rows=1 width=50) (actual time=0.056..0.056 rows=1 loops=1235)
                    Index Cond: (movie_id = t.id)
                    Filter: (info = ANY ('{Horror,Thriller}'::text[]))
                    Rows Removed by Filter: 238
        ->  Index Scan using info_type_pkey on info_type it1  (cost=0.00..2.00 rows=1 width=4) (actual time=0.001..0.001 rows=1 loops=757)
              Index Cond: (id = mi.info_type_id)
              Filter: ((info)::text = 'genres'::text)
Planning time: 44.814 ms
Execution time: 528.839 ms
