Aggregate  (cost=451679.50..451680.50 rows=1 width=128) (actual time=303.181..303.182 rows=1 loops=1)
  ->  Nested Loop  (cost=237026.00..451679.50 rows=1 width=79) (actual time=108.211..302.796 rows=757 loops=1)
        ->  Nested Loop  (cost=237026.00..451107.00 rows=286 width=83) (actual time=107.735..239.335 rows=34335 loops=1)
              ->  Nested Loop  (cost=237026.00..429507.00 rows=160 width=99) (actual time=107.727..228.037 rows=274 loops=1)
                    ->  Nested Loop  (cost=237026.00..428739.00 rows=384 width=88) (actual time=107.721..226.508 rows=384 loops=1)
                          ->  Hash Join  (cost=237026.00..397203.00 rows=432 width=80) (actual time=107.681..183.311 rows=432 loops=1)
                                Hash Cond: (mi.info_type_id = it1.id)
                                ->  Hash Join  (cost=236912.00..396661.00 rows=432 width=84) (actual time=107.663..183.176 rows=432 loops=1)
                                      Hash Cond: (cc.subject_id = cct1.id)
                                      ->  Nested Loop  (cost=236906.00..396331.00 rows=432 width=88) (actual time=107.657..183.049 rows=432 loops=1)
                                            ->  Merge Join  (cost=236906.00..236956.00 rows=1875 width=38) (actual time=107.608..108.206 rows=1875 loops=1)
                                                  Merge Cond: (it2.id = mi_idx.info_type_id)
                                                  ->  Sort  (cost=113.00..113.00 rows=1 width=4) (actual time=0.012..0.012 rows=1 loops=1)
                                                        Sort Key: it2.id
                                                        Sort Method: quicksort  Memory: 25kB
                                                        ->  Seq Scan on info_type it2  (cost=0.00..113.00 rows=1 width=4) (actual time=0.008..0.008 rows=1 loops=1)
                                                              Filter: ((info)::text = 'votes'::text)
                                                              Rows Removed by Filter: 112
                                                  ->  Sort  (cost=236793.00..236793.00 rows=5654 width=42) (actual time=107.335..107.630 rows=3751 loops=1)
                                                        Sort Key: mi_idx.info_type_id
                                                        Sort Method: quicksort  Memory: 718kB
                                                        ->  Nested Loop  (cost=135090.00..236793.00 rows=5654 width=42) (actual time=38.506..105.967 rows=5654 loops=1)
                                                              ->  Nested Loop  (cost=135090.00..218046.00 rows=2083 width=29) (actual time=38.500..98.899 rows=2083 loops=1)
                                                                    ->  Merge Join  (cost=135090.00..168862.00 rows=24592 width=8) (actual time=38.481..44.307 rows=24592 loops=1)
                                                                          Merge Cond: (cc.status_id = cct2.id)
                                                                          ->  Sort  (cost=135086.00..135086.00 rows=135086 width=12) (actual time=26.779..33.465 rows=135086 loops=1)
                                                                                Sort Key: cc.status_id
                                                                                Sort Method: quicksort  Memory: 12477kB
                                                                                ->  Seq Scan on complete_cast cc  (cost=0.00..135086.00 rows=135086 width=12) (actual time=0.004..13.012 rows=135086 loops=1)
                                                                          ->  Sort  (cost=4.00..4.00 rows=1 width=4) (actual time=0.007..0.007 rows=1 loops=1)
                                                                                Sort Key: cct2.id
                                                                                Sort Method: quicksort  Memory: 25kB
                                                                                ->  Seq Scan on comp_cast_type cct2  (cost=0.00..4.00 rows=1 width=4) (actual time=0.003..0.003 rows=1 loops=1)
                                                                                      Filter: ((kind)::text = 'complete+verified'::text)
                                                                                      Rows Removed by Filter: 3
                                                                    ->  Index Scan using title_pkey on title t  (cost=0.00..2.00 rows=1 width=21) (actual time=0.002..0.002 rows=0 loops=24592)
                                                                          Index Cond: (id = cc.movie_id)
                                                                          Filter: (production_year > 2000)
                                                                          Rows Removed by Filter: 1
                                                              ->  Index Scan using movie_id_movie_info_idx on movie_info_idx mi_idx  (cost=0.00..6.00 rows=3 width=13) (actual time=0.002..0.003 rows=3 loops=2083)
                                                                    Index Cond: (movie_id = t.id)
                                            ->  Index Scan using movie_id_movie_info on movie_info mi  (cost=0.00..84.00 rows=1 width=50) (actual time=0.040..0.040 rows=0 loops=1875)
                                                  Index Cond: (movie_id = t.id)
                                                  Filter: (info = ANY ('{Horror,Thriller}'::text[]))
                                                  Rows Removed by Filter: 126
                                      ->  Hash  (cost=4.00..4.00 rows=2 width=4) (actual time=0.003..0.003 rows=2 loops=1)
                                            Buckets: 1024  Batches: 1  Memory Usage: 9kB
                                            ->  Seq Scan on comp_cast_type cct1  (cost=0.00..4.00 rows=2 width=4) (actual time=0.002..0.003 rows=2 loops=1)
                                                  Filter: ((kind)::text = ANY ('{cast,crew}'::text[]))
                                                  Rows Removed by Filter: 2
                                ->  Hash  (cost=113.00..113.00 rows=1 width=4) (actual time=0.014..0.014 rows=1 loops=1)
                                      Buckets: 1024  Batches: 1  Memory Usage: 9kB
                                      ->  Seq Scan on info_type it1  (cost=0.00..113.00 rows=1 width=4) (actual time=0.007..0.013 rows=1 loops=1)
                                            Filter: ((info)::text = 'genres'::text)
                                            Rows Removed by Filter: 112
                          ->  Index Scan using movie_id_cast_info on cast_info ci  (cost=0.00..72.00 rows=1 width=8) (actual time=0.065..0.100 rows=1 loops=432)
                                Index Cond: (movie_id = t.id)
                                Filter: (note = ANY ('{(writer),"(head writer)","(written by)",(story),"(story editor)"}'::text[]))
                                Rows Removed by Filter: 121
                    ->  Index Scan using name_pkey on name n  (cost=0.00..2.00 rows=1 width=19) (actual time=0.004..0.004 rows=1 loops=384)
                          Index Cond: (id = ci.person_id)
                          Filter: ((gender)::text = 'm'::text)
                          Rows Removed by Filter: 0
              ->  Index Scan using movie_id_movie_keyword on movie_keyword mk  (cost=0.00..90.00 rows=45 width=8) (actual time=0.005..0.025 rows=125 loops=274)
                    Index Cond: (movie_id = t.id)
        ->  Index Scan using keyword_pkey on keyword k  (cost=0.00..2.00 rows=1 width=4) (actual time=0.002..0.002 rows=0 loops=34335)
              Index Cond: (id = mk.keyword_id)
              Filter: (keyword = ANY ('{murder,violence,blood,gore,death,female-nudity,hospital}'::text[]))
              Rows Removed by Filter: 1
Planning time: 44.382 ms
Execution time: 303.263 ms
