Aggregate  (cost=141237.34..141238.34 rows=1 width=128) (actual time=235.603..235.603 rows=1 loops=1)
  ->  Nested Loop  (cost=0.00..141237.34 rows=1 width=79) (actual time=92.431..235.576 rows=28 loops=1)
        ->  Nested Loop  (cost=0.00..141233.34 rows=1 width=83) (actual time=20.544..235.470 rows=108 loops=1)
              ->  Nested Loop  (cost=0.00..141230.01 rows=1 width=87) (actual time=20.541..235.343 rows=108 loops=1)
                    ->  Nested Loop  (cost=0.00..141226.01 rows=1 width=91) (actual time=20.537..235.001 rows=324 loops=1)
                          ->  Nested Loop  (cost=0.00..141217.01 rows=1 width=102) (actual time=20.532..234.687 rows=108 loops=1)
                                ->  Nested Loop  (cost=0.00..141213.01 rows=1 width=106) (actual time=20.530..234.555 rows=108 loops=1)
                                      ->  Nested Loop  (cost=0.00..141128.01 rows=1 width=56) (actual time=20.480..229.974 rows=69 loops=1)
                                            ->  Nested Loop  (cost=0.00..141126.01 rows=1 width=45) (actual time=20.475..229.747 rows=69 loops=1)
                                                  ->  Nested Loop  (cost=0.00..141120.01 rows=1 width=33) (actual time=11.869..229.559 rows=77 loops=1)
                                                        ->  Nested Loop  (cost=0.00..141047.01 rows=1 width=25) (actual time=11.790..226.804 rows=49 loops=1)
                                                              ->  Nested Loop  (cost=0.00..140575.00 rows=236 width=4) (actual time=0.638..70.137 rows=76714 loops=1)
                                                                    ->  Seq Scan on keyword k  (cost=0.00..134170.00 rows=7 width=4) (actual time=0.629..20.885 rows=7 loops=1)
                                                                          Filter: (keyword = ANY ('{murder,violence,blood,gore,death,female-nudity,hospital}'::text[]))
                                                                          Rows Removed by Filter: 134163
                                                                    ->  Index Scan using keyword_id_movie_keyword on movie_keyword mk  (cost=0.00..610.00 rows=305 width=8) (actual time=0.006..5.756 rows=10959 loops=7)
                                                                          Index Cond: (keyword_id = k.id)
                                                              ->  Index Scan using title_pkey on title t  (cost=0.00..2.00 rows=1 width=21) (actual time=0.002..0.002 rows=0 loops=76714)
                                                                    Index Cond: (id = mk.movie_id)
                                                                    Filter: ((production_year > 2000) AND ((title ~~ '%Freddy%'::text) OR (title ~~ '%Jason%'::text) OR (title ~~ 'Saw%'::text)))
                                                                    Rows Removed by Filter: 1
                                                        ->  Index Scan using movie_id_cast_info on cast_info ci  (cost=0.00..72.00 rows=1 width=8) (actual time=0.037..0.056 rows=2 loops=49)
                                                              Index Cond: (movie_id = t.id)
                                                              Filter: (note = ANY ('{(writer),"(head writer)","(written by)",(story),"(story editor)"}'::text[]))
                                                              Rows Removed by Filter: 82
                                                  ->  Index Scan using movie_id_complete_cast on complete_cast cc  (cost=0.00..4.00 rows=2 width=12) (actual time=0.002..0.002 rows=1 loops=77)
                                                        Index Cond: (movie_id = t.id)
                                            ->  Index Scan using name_pkey on name n  (cost=0.00..2.00 rows=1 width=19) (actual time=0.003..0.003 rows=1 loops=69)
                                                  Index Cond: (id = ci.person_id)
                                                  Filter: ((gender)::text = 'm'::text)
                                      ->  Index Scan using movie_id_movie_info on movie_info mi  (cost=0.00..84.00 rows=1 width=50) (actual time=0.065..0.066 rows=2 loops=69)
                                            Index Cond: (movie_id = t.id)
                                            Filter: (info = ANY ('{Horror,Thriller}'::text[]))
                                            Rows Removed by Filter: 308
                                ->  Index Scan using info_type_pkey on info_type it1  (cost=0.00..2.00 rows=1 width=4) (actual time=0.001..0.001 rows=1 loops=108)
                                      Index Cond: (id = mi.info_type_id)
                                      Filter: ((info)::text = 'genres'::text)
                          ->  Index Scan using movie_id_movie_info_idx on movie_info_idx mi_idx  (cost=0.00..6.00 rows=3 width=13) (actual time=0.002..0.002 rows=3 loops=108)
                                Index Cond: (movie_id = t.id)
                    ->  Index Scan using info_type_pkey on info_type it2  (cost=0.00..2.00 rows=1 width=4) (actual time=0.001..0.001 rows=0 loops=324)
                          Index Cond: (id = mi_idx.info_type_id)
                          Filter: ((info)::text = 'votes'::text)
                          Rows Removed by Filter: 1
              ->  Index Scan using comp_cast_type_pkey on comp_cast_type cct1  (cost=0.00..2.00 rows=1 width=4) (actual time=0.001..0.001 rows=1 loops=108)
                    Index Cond: (id = cc.subject_id)
                    Filter: ((kind)::text = ANY ('{cast,crew}'::text[]))
        ->  Index Scan using comp_cast_type_pkey on comp_cast_type cct2  (cost=0.00..2.00 rows=1 width=4) (actual time=0.001..0.001 rows=0 loops=108)
              Index Cond: (id = cc.status_id)
              Filter: ((kind)::text = 'complete+verified'::text)
              Rows Removed by Filter: 1
Planning time: 44.502 ms
Execution time: 235.679 ms
