Aggregate  (cost=218381.51..218382.51 rows=1 width=128) (actual time=101.930..101.930 rows=1 loops=1)
  ->  Nested Loop  (cost=135090.00..218381.51 rows=1 width=79) (actual time=47.379..101.912 rows=28 loops=1)
        ->  Nested Loop  (cost=135090.00..218377.51 rows=1 width=83) (actual time=47.377..101.880 rows=28 loops=1)
              ->  Nested Loop  (cost=135090.00..218292.51 rows=1 width=57) (actual time=47.271..100.047 rows=20 loops=1)
                    ->  Nested Loop  (cost=135090.00..218288.01 rows=2 width=61) (actual time=47.259..98.595 rows=686 loops=1)
                          ->  Nested Loop  (cost=135090.00..218153.01 rows=1 width=53) (actual time=47.250..98.368 rows=5 loops=1)
                                ->  Nested Loop  (cost=135090.00..218151.01 rows=1 width=42) (actual time=47.246..98.346 rows=5 loops=1)
                                      ->  Nested Loop  (cost=135090.00..218078.01 rows=1 width=34) (actual time=47.200..98.182 rows=2 loops=1)
                                            ->  Nested Loop  (cost=135090.00..218074.01 rows=1 width=38) (actual time=47.195..98.172 rows=6 loops=1)
                                                  ->  Nested Loop  (cost=135090.00..218056.01 rows=2 width=25) (actual time=47.190..98.160 rows=2 loops=1)
                                                        ->  Nested Loop  (cost=135090.00..218046.01 rows=5 width=29) (actual time=47.187..98.153 rows=2 loops=1)
                                                              ->  Merge Join  (cost=135090.00..168862.00 rows=24592 width=8) (actual time=39.533..45.308 rows=24592 loops=1)
                                                                    Merge Cond: (cc.status_id = cct2.id)
                                                                    ->  Sort  (cost=135086.00..135086.00 rows=135086 width=12) (actual time=27.924..34.589 rows=135086 loops=1)
                                                                          Sort Key: cc.status_id
                                                                          Sort Method: quicksort  Memory: 12477kB
                                                                          ->  Seq Scan on complete_cast cc  (cost=0.00..135086.00 rows=135086 width=12) (actual time=0.007..13.876 rows=135086 loops=1)
                                                                    ->  Sort  (cost=4.00..4.00 rows=1 width=4) (actual time=0.007..0.007 rows=1 loops=1)
                                                                          Sort Key: cct2.id
                                                                          Sort Method: quicksort  Memory: 25kB
                                                                          ->  Seq Scan on comp_cast_type cct2  (cost=0.00..4.00 rows=1 width=4) (actual time=0.004..0.004 rows=1 loops=1)
                                                                                Filter: ((kind)::text = 'complete+verified'::text)
                                                                                Rows Removed by Filter: 3
                                                              ->  Index Scan using title_pkey on title t  (cost=0.00..2.00 rows=1 width=21) (actual time=0.002..0.002 rows=0 loops=24592)
                                                                    Index Cond: (id = cc.movie_id)
                                                                    Filter: ((production_year > 2000) AND ((title ~~ '%Freddy%'::text) OR (title ~~ '%Jason%'::text) OR (title ~~ 'Saw%'::text)))
                                                                    Rows Removed by Filter: 1
                                                        ->  Index Scan using comp_cast_type_pkey on comp_cast_type cct1  (cost=0.00..2.00 rows=1 width=4) (actual time=0.003..0.003 rows=1 loops=2)
                                                              Index Cond: (id = cc.subject_id)
                                                              Filter: ((kind)::text = ANY ('{cast,crew}'::text[]))
                                                  ->  Index Scan using movie_id_movie_info_idx on movie_info_idx mi_idx  (cost=0.00..6.00 rows=3 width=13) (actual time=0.004..0.005 rows=3 loops=2)
                                                        Index Cond: (movie_id = t.id)
                                            ->  Index Scan using info_type_pkey on info_type it2  (cost=0.00..2.00 rows=1 width=4) (actual time=0.001..0.001 rows=0 loops=6)
                                                  Index Cond: (id = mi_idx.info_type_id)
                                                  Filter: ((info)::text = 'votes'::text)
                                                  Rows Removed by Filter: 1
                                      ->  Index Scan using movie_id_cast_info on cast_info ci  (cost=0.00..72.00 rows=1 width=8) (actual time=0.038..0.081 rows=2 loops=2)
                                            Index Cond: (movie_id = t.id)
                                            Filter: (note = ANY ('{(writer),"(head writer)","(written by)",(story),"(story editor)"}'::text[]))
                                            Rows Removed by Filter: 95
                                ->  Index Scan using name_pkey on name n  (cost=0.00..2.00 rows=1 width=19) (actual time=0.004..0.004 rows=1 loops=5)
                                      Index Cond: (id = ci.person_id)
                                      Filter: ((gender)::text = 'm'::text)
                          ->  Index Scan using movie_id_movie_keyword on movie_keyword mk  (cost=0.00..90.00 rows=45 width=8) (actual time=0.005..0.027 rows=137 loops=5)
                                Index Cond: (movie_id = t.id)
                    ->  Index Scan using keyword_pkey on keyword k  (cost=0.00..2.00 rows=1 width=4) (actual time=0.002..0.002 rows=0 loops=686)
                          Index Cond: (id = mk.keyword_id)
                          Filter: (keyword = ANY ('{murder,violence,blood,gore,death,female-nudity,hospital}'::text[]))
                          Rows Removed by Filter: 1
              ->  Index Scan using movie_id_movie_info on movie_info mi  (cost=0.00..84.00 rows=1 width=50) (actual time=0.091..0.091 rows=1 loops=20)
                    Index Cond: (movie_id = t.id)
                    Filter: (info = ANY ('{Horror,Thriller}'::text[]))
                    Rows Removed by Filter: 451
        ->  Index Scan using info_type_pkey on info_type it1  (cost=0.00..2.00 rows=1 width=4) (actual time=0.001..0.001 rows=1 loops=28)
              Index Cond: (id = mi.info_type_id)
              Filter: ((info)::text = 'genres'::text)
Planning time: 44.555 ms
Execution time: 102.007 ms
