Aggregate  (cost=141237.34..141238.34 rows=1 width=128) (actual time=237.698..237.699 rows=1 loops=1)
  ->  Nested Loop  (cost=0.00..141237.34 rows=1 width=79) (actual time=94.328..237.674 rows=28 loops=1)
        ->  Nested Loop  (cost=0.00..141234.01 rows=1 width=83) (actual time=94.324..237.641 rows=28 loops=1)
              ->  Nested Loop  (cost=0.00..141230.01 rows=1 width=87) (actual time=21.203..237.522 rows=108 loops=1)
                    ->  Nested Loop  (cost=0.00..141224.01 rows=1 width=99) (actual time=21.198..237.286 rows=108 loops=1)
                          ->  Nested Loop  (cost=0.00..141222.01 rows=1 width=88) (actual time=21.194..236.996 rows=108 loops=1)
                                ->  Nested Loop  (cost=0.00..141149.01 rows=1 width=80) (actual time=21.140..233.793 rows=65 loops=1)
                                      ->  Nested Loop  (cost=0.00..141145.01 rows=1 width=84) (actual time=21.138..233.710 rows=65 loops=1)
                                            ->  Nested Loop  (cost=0.00..141060.01 rows=1 width=34) (actual time=12.306..231.073 rows=47 loops=1)
                                                  ->  Nested Loop  (cost=0.00..141056.01 rows=1 width=38) (actual time=12.302..230.884 rows=141 loops=1)
                                                        ->  Nested Loop  (cost=0.00..141047.01 rows=1 width=25) (actual time=12.297..230.702 rows=49 loops=1)
                                                              ->  Nested Loop  (cost=0.00..140575.00 rows=236 width=4) (actual time=0.638..71.213 rows=76714 loops=1)
                                                                    ->  Seq Scan on keyword k  (cost=0.00..134170.00 rows=7 width=4) (actual time=0.629..20.414 rows=7 loops=1)
                                                                          Filter: (keyword = ANY ('{murder,violence,blood,gore,death,female-nudity,hospital}'::text[]))
                                                                          Rows Removed by Filter: 134163
                                                                    ->  Index Scan using keyword_id_movie_keyword on movie_keyword mk  (cost=0.00..610.00 rows=305 width=8) (actual time=0.006..5.960 rows=10959 loops=7)
                                                                          Index Cond: (keyword_id = k.id)
                                                              ->  Index Scan using title_pkey on title t  (cost=0.00..2.00 rows=1 width=21) (actual time=0.002..0.002 rows=0 loops=76714)
                                                                    Index Cond: (id = mk.movie_id)
                                                                    Filter: ((production_year > 2000) AND ((title ~~ '%Freddy%'::text) OR (title ~~ '%Jason%'::text) OR (title ~~ 'Saw%'::text)))
                                                                    Rows Removed by Filter: 1
                                                        ->  Index Scan using movie_id_movie_info_idx on movie_info_idx mi_idx  (cost=0.00..6.00 rows=3 width=13) (actual time=0.002..0.003 rows=3 loops=49)
                                                              Index Cond: (movie_id = t.id)
                                                  ->  Index Scan using info_type_pkey on info_type it2  (cost=0.00..2.00 rows=1 width=4) (actual time=0.001..0.001 rows=0 loops=141)
                                                        Index Cond: (id = mi_idx.info_type_id)
                                                        Filter: ((info)::text = 'votes'::text)
                                                        Rows Removed by Filter: 1
                                            ->  Index Scan using movie_id_movie_info on movie_info mi  (cost=0.00..84.00 rows=1 width=50) (actual time=0.055..0.056 rows=1 loops=47)
                                                  Index Cond: (movie_id = t.id)
                                                  Filter: (info = ANY ('{Horror,Thriller}'::text[]))
                                                  Rows Removed by Filter: 240
                                      ->  Index Scan using info_type_pkey on info_type it1  (cost=0.00..2.00 rows=1 width=4) (actual time=0.001..0.001 rows=1 loops=65)
                                            Index Cond: (id = mi.info_type_id)
                                            Filter: ((info)::text = 'genres'::text)
                                ->  Index Scan using movie_id_cast_info on cast_info ci  (cost=0.00..72.00 rows=1 width=8) (actual time=0.032..0.049 rows=2 loops=65)
                                      Index Cond: (movie_id = t.id)
                                      Filter: (note = ANY ('{(writer),"(head writer)","(written by)",(story),"(story editor)"}'::text[]))
                                      Rows Removed by Filter: 85
                          ->  Index Scan using name_pkey on name n  (cost=0.00..2.00 rows=1 width=19) (actual time=0.002..0.002 rows=1 loops=108)
                                Index Cond: (id = ci.person_id)
                                Filter: ((gender)::text = 'm'::text)
                    ->  Index Scan using movie_id_complete_cast on complete_cast cc  (cost=0.00..4.00 rows=2 width=12) (actual time=0.002..0.002 rows=1 loops=108)
                          Index Cond: (movie_id = t.id)
              ->  Index Scan using comp_cast_type_pkey on comp_cast_type cct2  (cost=0.00..2.00 rows=1 width=4) (actual time=0.001..0.001 rows=0 loops=108)
                    Index Cond: (id = cc.status_id)
                    Filter: ((kind)::text = 'complete+verified'::text)
                    Rows Removed by Filter: 1
        ->  Index Scan using comp_cast_type_pkey on comp_cast_type cct1  (cost=0.00..2.00 rows=1 width=4) (actual time=0.001..0.001 rows=1 loops=28)
              Index Cond: (id = cc.subject_id)
              Filter: ((kind)::text = ANY ('{cast,crew}'::text[]))
Planning time: 44.556 ms
Execution time: 237.775 ms
