Aggregate  (cost=218637.51..218638.51 rows=1 width=128) (actual time=99.745..99.746 rows=1 loops=1)
  ->  Nested Loop  (cost=135090.00..218637.51 rows=1 width=79) (actual time=47.270..99.727 rows=28 loops=1)
        ->  Nested Loop  (cost=135090.00..218633.01 rows=2 width=83) (actual time=47.257..97.656 rows=1060 loops=1)
              ->  Nested Loop  (cost=135090.00..218498.01 rows=1 width=99) (actual time=47.248..97.341 rows=7 loops=1)
                    ->  Nested Loop  (cost=135090.00..218496.01 rows=1 width=88) (actual time=47.243..97.313 rows=7 loops=1)
                          ->  Nested Loop  (cost=135090.00..218277.01 rows=3 width=80) (actual time=47.192..97.055 rows=3 loops=1)
                                ->  Nested Loop  (cost=135090.00..218269.01 rows=3 width=84) (actual time=47.189..97.049 rows=3 loops=1)
                                      ->  Nested Loop  (cost=135090.00..218249.01 rows=9 width=88) (actual time=47.184..97.034 rows=9 loops=1)
                                            ->  Nested Loop  (cost=135090.00..218222.01 rows=3 width=75) (actual time=47.179..97.016 rows=3 loops=1)
                                                  ->  Nested Loop  (cost=135090.00..218216.01 rows=3 width=79) (actual time=47.176..97.009 rows=3 loops=1)
                                                        ->  Nested Loop  (cost=135090.00..218046.01 rows=2 width=29) (actual time=47.068..96.789 rows=2 loops=1)
                                                              ->  Merge Join  (cost=135090.00..168862.00 rows=24592 width=8) (actual time=39.555..44.713 rows=24592 loops=1)
                                                                    Merge Cond: (cct2.id = cc.status_id)
                                                                    ->  Sort  (cost=4.00..4.00 rows=1 width=4) (actual time=0.008..0.008 rows=1 loops=1)
                                                                          Sort Key: cct2.id
                                                                          Sort Method: quicksort  Memory: 25kB
                                                                          ->  Seq Scan on comp_cast_type cct2  (cost=0.00..4.00 rows=1 width=4) (actual time=0.004..0.005 rows=1 loops=1)
                                                                                Filter: ((kind)::text = 'complete+verified'::text)
                                                                                Rows Removed by Filter: 3
                                                                    ->  Sort  (cost=135086.00..135086.00 rows=135086 width=12) (actual time=27.941..34.429 rows=135086 loops=1)
                                                                          Sort Key: cc.status_id
                                                                          Sort Method: quicksort  Memory: 12477kB
                                                                          ->  Seq Scan on complete_cast cc  (cost=0.00..135086.00 rows=135086 width=12) (actual time=0.004..13.851 rows=135086 loops=1)
                                                              ->  Index Scan using title_pkey on title t  (cost=0.00..2.00 rows=1 width=21) (actual time=0.002..0.002 rows=0 loops=24592)
                                                                    Index Cond: (id = cc.movie_id)
                                                                    Filter: ((production_year > 2000) AND ((title ~~ '%Freddy%'::text) OR (title ~~ '%Jason%'::text) OR (title ~~ 'Saw%'::text)))
                                                                    Rows Removed by Filter: 1
                                                        ->  Index Scan using movie_id_movie_info on movie_info mi  (cost=0.00..84.00 rows=1 width=50) (actual time=0.108..0.109 rows=2 loops=2)
                                                              Index Cond: (movie_id = t.id)
                                                              Filter: (info = ANY ('{Horror,Thriller}'::text[]))
                                                              Rows Removed by Filter: 452
                                                  ->  Index Scan using comp_cast_type_pkey on comp_cast_type cct1  (cost=0.00..2.00 rows=1 width=4) (actual time=0.002..0.002 rows=1 loops=3)
                                                        Index Cond: (id = cc.subject_id)
                                                        Filter: ((kind)::text = ANY ('{cast,crew}'::text[]))
                                            ->  Index Scan using movie_id_movie_info_idx on movie_info_idx mi_idx  (cost=0.00..6.00 rows=3 width=13) (actual time=0.004..0.005 rows=3 loops=3)
                                                  Index Cond: (movie_id = t.id)
                                      ->  Index Scan using info_type_pkey on info_type it2  (cost=0.00..2.00 rows=1 width=4) (actual time=0.001..0.001 rows=0 loops=9)
                                            Index Cond: (id = mi_idx.info_type_id)
                                            Filter: ((info)::text = 'votes'::text)
                                            Rows Removed by Filter: 1
                                ->  Index Scan using info_type_pkey on info_type it1  (cost=0.00..2.00 rows=1 width=4) (actual time=0.001..0.001 rows=1 loops=3)
                                      Index Cond: (id = mi.info_type_id)
                                      Filter: ((info)::text = 'genres'::text)
                          ->  Index Scan using movie_id_cast_info on cast_info ci  (cost=0.00..72.00 rows=1 width=8) (actual time=0.037..0.085 rows=2 loops=3)
                                Index Cond: (movie_id = t.id)
                                Filter: (note = ANY ('{(writer),"(head writer)","(written by)",(story),"(story editor)"}'::text[]))
                                Rows Removed by Filter: 107
                    ->  Index Scan using name_pkey on name n  (cost=0.00..2.00 rows=1 width=19) (actual time=0.004..0.004 rows=1 loops=7)
                          Index Cond: (id = ci.person_id)
                          Filter: ((gender)::text = 'm'::text)
              ->  Index Scan using movie_id_movie_keyword on movie_keyword mk  (cost=0.00..90.00 rows=45 width=8) (actual time=0.005..0.025 rows=151 loops=7)
                    Index Cond: (movie_id = t.id)
        ->  Index Scan using keyword_pkey on keyword k  (cost=0.00..2.00 rows=1 width=4) (actual time=0.002..0.002 rows=0 loops=1060)
              Index Cond: (id = mk.keyword_id)
              Filter: (keyword = ANY ('{murder,violence,blood,gore,death,female-nudity,hospital}'::text[]))
              Rows Removed by Filter: 1
Planning time: 44.539 ms
Execution time: 99.819 ms
