Aggregate  (cost=218512.84..218513.84 rows=1 width=128) (actual time=100.927..100.927 rows=1 loops=1)
  ->  Nested Loop  (cost=135090.00..218512.84 rows=1 width=79) (actual time=47.822..100.908 rows=28 loops=1)
        ->  Nested Loop  (cost=135090.00..218508.84 rows=1 width=83) (actual time=47.819..100.876 rows=28 loops=1)
              ->  Nested Loop  (cost=135090.00..218423.84 rows=1 width=57) (actual time=47.711..99.047 rows=20 loops=1)
                    ->  Nested Loop  (cost=135090.00..218419.34 rows=2 width=61) (actual time=47.699..97.623 rows=686 loops=1)
                          ->  Nested Loop  (cost=135090.00..218284.34 rows=1 width=53) (actual time=47.692..97.411 rows=5 loops=1)
                                ->  Nested Loop  (cost=135090.00..218252.34 rows=15 width=57) (actual time=47.688..97.390 rows=15 loops=1)
                                      ->  Nested Loop  (cost=135090.00..218207.34 rows=5 width=44) (actual time=47.682..97.367 rows=5 loops=1)
                                            ->  Nested Loop  (cost=135090.00..218197.34 rows=5 width=33) (actual time=47.678..97.344 rows=5 loops=1)
                                                  ->  Nested Loop  (cost=135090.00..218051.34 rows=2 width=25) (actual time=47.629..97.161 rows=2 loops=1)
                                                        ->  Nested Loop  (cost=135090.00..218046.01 rows=2 width=29) (actual time=47.625..97.154 rows=2 loops=1)
                                                              ->  Merge Join  (cost=135090.00..168862.00 rows=24592 width=8) (actual time=40.130..45.335 rows=24592 loops=1)
                                                                    Merge Cond: (cct2.id = cc.status_id)
                                                                    ->  Sort  (cost=4.00..4.00 rows=1 width=4) (actual time=0.008..0.008 rows=1 loops=1)
                                                                          Sort Key: cct2.id
                                                                          Sort Method: quicksort  Memory: 25kB
                                                                          ->  Seq Scan on comp_cast_type cct2  (cost=0.00..4.00 rows=1 width=4) (actual time=0.004..0.005 rows=1 loops=1)
                                                                                Filter: ((kind)::text = 'complete+verified'::text)
                                                                                Rows Removed by Filter: 3
                                                                    ->  Sort  (cost=135086.00..135086.00 rows=135086 width=12) (actual time=28.168..34.785 rows=135086 loops=1)
                                                                          Sort Key: cc.status_id
                                                                          Sort Method: quicksort  Memory: 12477kB
                                                                          ->  Seq Scan on complete_cast cc  (cost=0.00..135086.00 rows=135086 width=12) (actual time=0.005..13.883 rows=135086 loops=1)
                                                              ->  Index Scan using title_pkey on title t  (cost=0.00..2.00 rows=1 width=21) (actual time=0.002..0.002 rows=0 loops=24592)
                                                                    Index Cond: (id = cc.movie_id)
                                                                    Filter: ((production_year > 2000) AND ((title ~~ '%Freddy%'::text) OR (title ~~ '%Jason%'::text) OR (title ~~ 'Saw%'::text)))
                                                                    Rows Removed by Filter: 1
                                                        ->  Index Scan using comp_cast_type_pkey on comp_cast_type cct1  (cost=0.00..2.00 rows=1 width=4) (actual time=0.002..0.002 rows=1 loops=2)
                                                              Index Cond: (id = cc.subject_id)
                                                              Filter: ((kind)::text = ANY ('{cast,crew}'::text[]))
                                                  ->  Index Scan using movie_id_cast_info on cast_info ci  (cost=0.00..72.00 rows=1 width=8) (actual time=0.040..0.091 rows=2 loops=2)
                                                        Index Cond: (movie_id = t.id)
                                                        Filter: (note = ANY ('{(writer),"(head writer)","(written by)",(story),"(story editor)"}'::text[]))
                                                        Rows Removed by Filter: 95
                                            ->  Index Scan using name_pkey on name n  (cost=0.00..2.00 rows=1 width=19) (actual time=0.004..0.004 rows=1 loops=5)
                                                  Index Cond: (id = ci.person_id)
                                                  Filter: ((gender)::text = 'm'::text)
                                      ->  Index Scan using movie_id_movie_info_idx on movie_info_idx mi_idx  (cost=0.00..6.00 rows=3 width=13) (actual time=0.003..0.004 rows=3 loops=5)
                                            Index Cond: (movie_id = t.id)
                                ->  Index Scan using info_type_pkey on info_type it2  (cost=0.00..2.00 rows=1 width=4) (actual time=0.001..0.001 rows=0 loops=15)
                                      Index Cond: (id = mi_idx.info_type_id)
                                      Filter: ((info)::text = 'votes'::text)
                                      Rows Removed by Filter: 1
                          ->  Index Scan using movie_id_movie_keyword on movie_keyword mk  (cost=0.00..90.00 rows=45 width=8) (actual time=0.005..0.024 rows=137 loops=5)
                                Index Cond: (movie_id = t.id)
                    ->  Index Scan using keyword_pkey on keyword k  (cost=0.00..2.00 rows=1 width=4) (actual time=0.002..0.002 rows=0 loops=686)
                          Index Cond: (id = mk.keyword_id)
                          Filter: (keyword = ANY ('{murder,violence,blood,gore,death,female-nudity,hospital}'::text[]))
                          Rows Removed by Filter: 1
              ->  Index Scan using movie_id_movie_info on movie_info mi  (cost=0.00..84.00 rows=1 width=50) (actual time=0.091..0.091 rows=1 loops=20)
                    Index Cond: (movie_id = t.id)
                    Filter: (info = ANY ('{Horror,Thriller}'::text[]))
                    Rows Removed by Filter: 451
        ->  Index Scan using info_type_pkey on info_type it1  (cost=0.00..2.00 rows=1 width=4) (actual time=0.001..0.001 rows=1 loops=28)
              Index Cond: (id = mi.info_type_id)
              Filter: ((info)::text = 'genres'::text)
Planning time: 44.519 ms
Execution time: 101.004 ms
