Aggregate  (cost=218367.84..218368.84 rows=1 width=128) (actual time=99.204..99.204 rows=1 loops=1)
  ->  Nested Loop  (cost=135090.00..218367.84 rows=1 width=79) (actual time=47.014..99.185 rows=28 loops=1)
        ->  Nested Loop  (cost=135090.00..218363.84 rows=1 width=83) (actual time=47.010..99.096 rows=84 loops=1)
              ->  Nested Loop  (cost=135090.00..218354.84 rows=1 width=94) (actual time=47.004..99.013 rows=28 loops=1)
                    ->  Nested Loop  (cost=135090.00..218352.84 rows=1 width=83) (actual time=46.999..98.942 rows=28 loops=1)
                          ->  Nested Loop  (cost=135090.00..218279.84 rows=1 width=75) (actual time=46.952..98.240 rows=12 loops=1)
                                ->  Nested Loop  (cost=135090.00..218275.84 rows=1 width=79) (actual time=46.949..98.223 rows=12 loops=1)
                                      ->  Nested Loop  (cost=135090.00..218190.84 rows=1 width=29) (actual time=46.846..97.464 rows=8 loops=1)
                                            ->  Nested Loop  (cost=135090.00..218186.34 rows=2 width=33) (actual time=46.834..96.765 rows=291 loops=1)
                                                  ->  Nested Loop  (cost=135090.00..218051.34 rows=1 width=25) (actual time=46.826..96.666 rows=2 loops=1)
                                                        ->  Nested Loop  (cost=135090.00..218046.01 rows=2 width=29) (actual time=46.822..96.659 rows=2 loops=1)
                                                              ->  Merge Join  (cost=135090.00..168862.00 rows=24592 width=8) (actual time=39.307..44.848 rows=24592 loops=1)
                                                                    Merge Cond: (cc.status_id = cct2.id)
                                                                    ->  Sort  (cost=135086.00..135086.00 rows=135086 width=12) (actual time=27.702..34.188 rows=135086 loops=1)
                                                                          Sort Key: cc.status_id
                                                                          Sort Method: quicksort  Memory: 12477kB
                                                                          ->  Seq Scan on complete_cast cc  (cost=0.00..135086.00 rows=135086 width=12) (actual time=0.006..13.742 rows=135086 loops=1)
                                                                    ->  Sort  (cost=4.00..4.00 rows=1 width=4) (actual time=0.007..0.007 rows=1 loops=1)
                                                                          Sort Key: cct2.id
                                                                          Sort Method: quicksort  Memory: 25kB
                                                                          ->  Seq Scan on comp_cast_type cct2  (cost=0.00..4.00 rows=1 width=4) (actual time=0.004..0.004 rows=1 loops=1)
                                                                                Filter: ((kind)::text = 'complete+verified'::text)
                                                                                Rows Removed by Filter: 3
                                                              ->  Index Scan using title_pkey on title t  (cost=0.00..2.00 rows=1 width=21) (actual time=0.002..0.002 rows=0 loops=24592)
                                                                    Index Cond: (id = cc.movie_id)
                                                                    Filter: ((production_year > 2000) AND ((title ~~ '%Freddy%'::text) OR (title ~~ '%Jason%'::text) OR (title ~~ 'Saw%'::text)))
                                                                    Rows Removed by Filter: 1
                                                        ->  Index Scan using comp_cast_type_pkey on comp_cast_type cct1  (cost=0.00..2.00 rows=1 width=4) (actual time=0.003..0.003 rows=1 loops=2)
                                                              Index Cond: (id = cc.subject_id)
                                                              Filter: ((kind)::text = ANY ('{cast,crew}'::text[]))
                                                  ->  Index Scan using movie_id_movie_keyword on movie_keyword mk  (cost=0.00..90.00 rows=45 width=8) (actual time=0.006..0.031 rows=146 loops=2)
                                                        Index Cond: (movie_id = t.id)
                                            ->  Index Scan using keyword_pkey on keyword k  (cost=0.00..2.00 rows=1 width=4) (actual time=0.002..0.002 rows=0 loops=291)
                                                  Index Cond: (id = mk.keyword_id)
                                                  Filter: (keyword = ANY ('{murder,violence,blood,gore,death,female-nudity,hospital}'::text[]))
                                                  Rows Removed by Filter: 1
                                      ->  Index Scan using movie_id_movie_info on movie_info mi  (cost=0.00..84.00 rows=1 width=50) (actual time=0.094..0.094 rows=2 loops=8)
                                            Index Cond: (movie_id = t.id)
                                            Filter: (info = ANY ('{Horror,Thriller}'::text[]))
                                            Rows Removed by Filter: 452
                                ->  Index Scan using info_type_pkey on info_type it1  (cost=0.00..2.00 rows=1 width=4) (actual time=0.001..0.001 rows=1 loops=12)
                                      Index Cond: (id = mi.info_type_id)
                                      Filter: ((info)::text = 'genres'::text)
                          ->  Index Scan using movie_id_cast_info on cast_info ci  (cost=0.00..72.00 rows=1 width=8) (actual time=0.025..0.058 rows=2 loops=12)
                                Index Cond: (movie_id = t.id)
                                Filter: (note = ANY ('{(writer),"(head writer)","(written by)",(story),"(story editor)"}'::text[]))
                                Rows Removed by Filter: 107
                    ->  Index Scan using name_pkey on name n  (cost=0.00..2.00 rows=1 width=19) (actual time=0.002..0.002 rows=1 loops=28)
                          Index Cond: (id = ci.person_id)
                          Filter: ((gender)::text = 'm'::text)
              ->  Index Scan using movie_id_movie_info_idx on movie_info_idx mi_idx  (cost=0.00..6.00 rows=3 width=13) (actual time=0.002..0.002 rows=3 loops=28)
                    Index Cond: (movie_id = t.id)
        ->  Index Scan using info_type_pkey on info_type it2  (cost=0.00..2.00 rows=1 width=4) (actual time=0.001..0.001 rows=0 loops=84)
              Index Cond: (id = mi_idx.info_type_id)
              Filter: ((info)::text = 'votes'::text)
              Rows Removed by Filter: 1
Planning time: 44.717 ms
Execution time: 99.276 ms
