Aggregate  (cost=218637.51..218638.51 rows=1 width=128) (actual time=96.135..96.135 rows=1 loops=1)
  ->  Nested Loop  (cost=135090.00..218637.51 rows=1 width=79) (actual time=45.628..96.116 rows=28 loops=1)
        ->  Nested Loop  (cost=135090.00..218633.01 rows=2 width=83) (actual time=45.616..94.051 rows=1060 loops=1)
              ->  Nested Loop  (cost=135090.00..218498.01 rows=1 width=99) (actual time=45.608..93.740 rows=7 loops=1)
                    ->  Nested Loop  (cost=135090.00..218496.01 rows=1 width=88) (actual time=45.603..93.711 rows=7 loops=1)
                          ->  Nested Loop  (cost=135090.00..218277.01 rows=3 width=80) (actual time=45.552..93.454 rows=3 loops=1)
                                ->  Nested Loop  (cost=135090.00..218269.01 rows=3 width=84) (actual time=45.550..93.449 rows=3 loops=1)
                                      ->  Nested Loop  (cost=135090.00..218249.01 rows=9 width=88) (actual time=45.546..93.435 rows=9 loops=1)
                                            ->  Nested Loop  (cost=135090.00..218222.01 rows=3 width=75) (actual time=45.541..93.418 rows=3 loops=1)
                                                  ->  Nested Loop  (cost=135090.00..218216.01 rows=3 width=79) (actual time=45.538..93.412 rows=3 loops=1)
                                                        ->  Nested Loop  (cost=135090.00..218046.01 rows=2 width=29) (actual time=45.431..93.193 rows=2 loops=1)
                                                              ->  Merge Join  (cost=135090.00..168862.00 rows=24592 width=8) (actual time=37.939..43.068 rows=24592 loops=1)
                                                                    Merge Cond: (cct2.id = cc.status_id)
                                                                    ->  Sort  (cost=4.00..4.00 rows=1 width=4) (actual time=0.008..0.008 rows=1 loops=1)
                                                                          Sort Key: cct2.id
                                                                          Sort Method: quicksort  Memory: 25kB
                                                                          ->  Seq Scan on comp_cast_type cct2  (cost=0.00..4.00 rows=1 width=4) (actual time=0.004..0.005 rows=1 loops=1)
                                                                                Filter: ((kind)::text = 'complete+verified'::text)
                                                                                Rows Removed by Filter: 3
                                                                    ->  Sort  (cost=135086.00..135086.00 rows=135086 width=12) (actual time=26.374..32.832 rows=135086 loops=1)
                                                                          Sort Key: cc.status_id
                                                                          Sort Method: quicksort  Memory: 12477kB
                                                                          ->  Seq Scan on complete_cast cc  (cost=0.00..135086.00 rows=135086 width=12) (actual time=0.004..13.025 rows=135086 loops=1)
                                                              ->  Index Scan using title_pkey on title t  (cost=0.00..2.00 rows=1 width=21) (actual time=0.002..0.002 rows=0 loops=24592)
                                                                    Index Cond: (id = cc.movie_id)
                                                                    Filter: ((production_year > 2000) AND ((title ~~ '%Freddy%'::text) OR (title ~~ '%Jason%'::text) OR (title ~~ 'Saw%'::text)))
                                                                    Rows Removed by Filter: 1
                                                        ->  Index Scan using movie_id_movie_info on movie_info mi  (cost=0.00..84.00 rows=1 width=50) (actual time=0.108..0.108 rows=2 loops=2)
                                                              Index Cond: (movie_id = t.id)
                                                              Filter: (info = ANY ('{Horror,Thriller}'::text[]))
                                                              Rows Removed by Filter: 452
                                                  ->  Index Scan using comp_cast_type_pkey on comp_cast_type cct1  (cost=0.00..2.00 rows=1 width=4) (actual time=0.002..0.002 rows=1 loops=3)
                                                        Index Cond: (id = cc.subject_id)
                                                        Filter: ((kind)::text = ANY ('{cast,crew}'::text[]))
                                            ->  Index Scan using movie_id_movie_info_idx on movie_info_idx mi_idx  (cost=0.00..6.00 rows=3 width=13) (actual time=0.004..0.005 rows=3 loops=3)
                                                  Index Cond: (movie_id = t.id)
                                      ->  Index Scan using info_type_pkey on info_type it2  (cost=0.00..2.00 rows=1 width=4) (actual time=0.001..0.001 rows=0 loops=9)
                                            Index Cond: (id = mi_idx.info_type_id)
                                            Filter: ((info)::text = 'votes'::text)
                                            Rows Removed by Filter: 1
                                ->  Index Scan using info_type_pkey on info_type it1  (cost=0.00..2.00 rows=1 width=4) (actual time=0.001..0.001 rows=1 loops=3)
                                      Index Cond: (id = mi.info_type_id)
                                      Filter: ((info)::text = 'genres'::text)
                          ->  Index Scan using movie_id_cast_info on cast_info ci  (cost=0.00..72.00 rows=1 width=8) (actual time=0.038..0.085 rows=2 loops=3)
                                Index Cond: (movie_id = t.id)
                                Filter: (note = ANY ('{(writer),"(head writer)","(written by)",(story),"(story editor)"}'::text[]))
                                Rows Removed by Filter: 107
                    ->  Index Scan using name_pkey on name n  (cost=0.00..2.00 rows=1 width=19) (actual time=0.004..0.004 rows=1 loops=7)
                          Index Cond: (id = ci.person_id)
                          Filter: ((gender)::text = 'm'::text)
              ->  Index Scan using movie_id_movie_keyword on movie_keyword mk  (cost=0.00..90.00 rows=45 width=8) (actual time=0.004..0.025 rows=151 loops=7)
                    Index Cond: (movie_id = t.id)
        ->  Index Scan using keyword_pkey on keyword k  (cost=0.00..2.00 rows=1 width=4) (actual time=0.002..0.002 rows=0 loops=1060)
              Index Cond: (id = mk.keyword_id)
              Filter: (keyword = ANY ('{murder,violence,blood,gore,death,female-nudity,hospital}'::text[]))
              Rows Removed by Filter: 1
Planning time: 44.663 ms
Execution time: 96.212 ms
