Aggregate  (cost=536606.00..536607.00 rows=1 width=128) (actual time=1469.070..1469.070 rows=1 loops=1)
  ->  Nested Loop  (cost=507842.00..536606.00 rows=1 width=79) (actual time=214.511..1465.161 rows=8024 loops=1)
        ->  Nested Loop  (cost=507842.00..536604.00 rows=1 width=68) (actual time=214.502..1437.537 rows=11863 loops=1)
              ->  Nested Loop  (cost=507842.00..536531.00 rows=1 width=84) (actual time=214.242..784.489 rows=14655 loops=1)
                    ->  Hash Join  (cost=507842.00..536529.00 rows=1 width=63) (actual time=214.234..752.563 rows=14655 loops=1)
                          Hash Cond: (mi.info_type_id = it1.id)
                          ->  Nested Loop  (cost=507728.00..536280.00 rows=136 width=67) (actual time=214.214..748.687 rows=18333 loops=1)
                                ->  Merge Join  (cost=507728.00..508060.00 rows=332 width=17) (actual time=214.047..218.172 rows=12476 loops=1)
                                      Merge Cond: (it2.id = mi_idx.info_type_id)
                                      ->  Sort  (cost=113.00..113.00 rows=1 width=4) (actual time=0.012..0.012 rows=1 loops=1)
                                            Sort Key: it2.id
                                            Sort Method: quicksort  Memory: 25kB
                                            ->  Seq Scan on info_type it2  (cost=0.00..113.00 rows=1 width=4) (actual time=0.008..0.009 rows=1 loops=1)
                                                  Filter: ((info)::text = 'votes'::text)
                                                  Rows Removed by Filter: 112
                                      ->  Sort  (cost=507615.00..507615.00 rows=37556 width=21) (actual time=212.537..214.740 rows=24953 loops=1)
                                            Sort Key: mi_idx.info_type_id
                                            Sort Method: quicksort  Memory: 4498kB
                                            ->  Nested Loop  (cost=388593.00..507615.00 rows=37556 width=21) (actual time=168.737..204.637 rows=37903 loops=1)
                                                  ->  Merge Join  (cost=388593.00..394926.00 rows=12521 width=8) (actual time=168.727..171.433 rows=12521 loops=1)
                                                        Merge Cond: (cc.status_id = cct2.id)
                                                        ->  Sort  (cost=388589.00..388589.00 rows=25331 width=12) (actual time=167.266..168.664 rows=25331 loops=1)
                                                              Sort Key: cc.status_id
                                                              Sort Method: quicksort  Memory: 1956kB
                                                              ->  Merge Join  (cost=379587.00..388589.00 rows=25331 width=12) (actual time=159.691..164.250 rows=25331 loops=1)
                                                                    Merge Cond: (cct1.id = cc.subject_id)
                                                                    ->  Sort  (cost=4.00..4.00 rows=1 width=4) (actual time=0.003..0.003 rows=1 loops=1)
                                                                          Sort Key: cct1.id
                                                                          Sort Method: quicksort  Memory: 25kB
                                                                          ->  Seq Scan on comp_cast_type cct1  (cost=0.00..4.00 rows=1 width=4) (actual time=0.002..0.002 rows=1 loops=1)
                                                                                Filter: ((kind)::text = 'cast'::text)
                                                                                Rows Removed by Filter: 3
                                                                    ->  Sort  (cost=379583.00..379583.00 rows=36010 width=16) (actual time=159.687..160.884 rows=25332 loops=1)
                                                                          Sort Key: cc.subject_id
                                                                          Sort Method: quicksort  Memory: 3224kB
                                                                          ->  Merge Join  (cost=275661.00..379583.00 rows=36010 width=16) (actual time=127.505..155.408 rows=36010 loops=1)
                                                                                Merge Cond: (mk.movie_id = cc.movie_id)
                                                                                ->  Sort  (cost=140575.00..140575.00 rows=76714 width=4) (actual time=88.920..92.349 rows=76714 loops=1)
                                                                                      Sort Key: mk.movie_id
                                                                                      Sort Method: quicksort  Memory: 6668kB
                                                                                      ->  Nested Loop  (cost=0.00..140575.00 rows=76714 width=4) (actual time=0.629..74.174 rows=76714 loops=1)
                                                                                            ->  Seq Scan on keyword k  (cost=0.00..134170.00 rows=7 width=4) (actual time=0.617..20.778 rows=7 loops=1)
                                                                                                  Filter: (keyword = ANY ('{murder,violence,blood,gore,death,female-nudity,hospital}'::text[]))
                                                                                                  Rows Removed by Filter: 134163
                                                                                            ->  Index Scan using keyword_id_movie_keyword on movie_keyword mk  (cost=0.00..610.00 rows=305 width=8) (actual time=0.008..6.397 rows=10959 loops=7)
                                                                                                  Index Cond: (keyword_id = k.id)
                                                                                ->  Sort  (cost=135086.00..135086.00 rows=135086 width=12) (actual time=38.521..45.429 rows=147297 loops=1)
                                                                                      Sort Key: cc.movie_id
                                                                                      Sort Method: quicksort  Memory: 12477kB
                                                                                      ->  Seq Scan on complete_cast cc  (cost=0.00..135086.00 rows=135086 width=12) (actual time=0.007..13.335 rows=135086 loops=1)
                                                        ->  Sort  (cost=4.00..4.00 rows=1 width=4) (actual time=0.010..0.010 rows=1 loops=1)
                                                              Sort Key: cct2.id
                                                              Sort Method: quicksort  Memory: 25kB
                                                              ->  Seq Scan on comp_cast_type cct2  (cost=0.00..4.00 rows=1 width=4) (actual time=0.005..0.005 rows=1 loops=1)
                                                                    Filter: ((kind)::text = 'complete+verified'::text)
                                                                    Rows Removed by Filter: 3
                                                  ->  Index Scan using movie_id_movie_info_idx on movie_info_idx mi_idx  (cost=0.00..6.00 rows=3 width=13) (actual time=0.002..0.002 rows=3 loops=12521)
                                                        Index Cond: (movie_id = mk.movie_id)
                                ->  Index Scan using movie_id_movie_info on movie_info mi  (cost=0.00..84.00 rows=1 width=50) (actual time=0.039..0.042 rows=1 loops=12476)
                                      Index Cond: (movie_id = mi_idx.movie_id)
                                      Filter: (info = ANY ('{Horror,Action,Sci-Fi,Thriller,Crime,War}'::text[]))
                                      Rows Removed by Filter: 130
                          ->  Hash  (cost=113.00..113.00 rows=1 width=4) (actual time=0.014..0.014 rows=1 loops=1)
                                Buckets: 1024  Batches: 1  Memory Usage: 9kB
                                ->  Seq Scan on info_type it1  (cost=0.00..113.00 rows=1 width=4) (actual time=0.006..0.013 rows=1 loops=1)
                                      Filter: ((info)::text = 'genres'::text)
                                      Rows Removed by Filter: 112
                    ->  Index Scan using title_pkey on title t  (cost=0.00..2.00 rows=1 width=21) (actual time=0.002..0.002 rows=1 loops=14655)
                          Index Cond: (id = mi.movie_id)
              ->  Index Scan using movie_id_cast_info on cast_info ci  (cost=0.00..72.00 rows=1 width=8) (actual time=0.033..0.044 rows=1 loops=14655)
                    Index Cond: (movie_id = t.id)
                    Filter: (note = ANY ('{(writer),"(head writer)","(written by)",(story),"(story editor)"}'::text[]))
                    Rows Removed by Filter: 83
        ->  Index Scan using name_pkey on name n  (cost=0.00..2.00 rows=1 width=19) (actual time=0.002..0.002 rows=1 loops=11863)
              Index Cond: (id = ci.person_id)
              Filter: ((gender)::text = 'm'::text)
              Rows Removed by Filter: 0
Planning time: 44.664 ms
Execution time: 1469.163 ms
