Aggregate  (cost=142693.00..142694.00 rows=1 width=128) (actual time=2311.520..2311.520 rows=1 loops=1)
  ->  Nested Loop  (cost=0.00..142693.00 rows=1 width=79) (actual time=3.439..2307.239 rows=8024 loops=1)
        ->  Nested Loop  (cost=0.00..142691.00 rows=1 width=68) (actual time=1.683..2270.633 rows=11863 loops=1)
              ->  Nested Loop  (cost=0.00..142618.00 rows=1 width=84) (actual time=1.352..1420.317 rows=14655 loops=1)
                    ->  Nested Loop  (cost=0.00..142614.00 rows=1 width=88) (actual time=1.350..1400.396 rows=18543 loops=1)
                          ->  Nested Loop  (cost=0.00..142610.00 rows=1 width=92) (actual time=1.348..1374.039 rows=23704 loops=1)
                                ->  Nested Loop  (cost=0.00..142525.00 rows=1 width=42) (actual time=0.821..573.970 rows=16283 loops=1)
                                      ->  Nested Loop  (cost=0.00..142519.00 rows=2 width=46) (actual time=0.817..521.154 rows=49655 loops=1)
                                            ->  Nested Loop  (cost=0.00..142492.00 rows=3 width=33) (actual time=0.812..458.898 rows=16336 loops=1)
                                                  ->  Nested Loop  (cost=0.00..142463.00 rows=13 width=37) (actual time=0.703..423.025 rows=36010 loops=1)
                                                        ->  Nested Loop  (cost=0.00..141047.00 rows=236 width=25) (actual time=0.649..290.600 rows=76714 loops=1)
                                                              ->  Nested Loop  (cost=0.00..140575.00 rows=236 width=4) (actual time=0.644..87.071 rows=76714 loops=1)
                                                                    ->  Seq Scan on keyword k  (cost=0.00..134170.00 rows=7 width=4) (actual time=0.633..20.883 rows=7 loops=1)
                                                                          Filter: (keyword = ANY ('{murder,violence,blood,gore,death,female-nudity,hospital}'::text[]))
                                                                          Rows Removed by Filter: 134163
                                                                    ->  Index Scan using keyword_id_movie_keyword on movie_keyword mk  (cost=0.00..610.00 rows=305 width=8) (actual time=0.008..7.945 rows=10959 loops=7)
                                                                          Index Cond: (keyword_id = k.id)
                                                              ->  Index Scan using title_pkey on title t  (cost=0.00..2.00 rows=1 width=21) (actual time=0.002..0.002 rows=1 loops=76714)
                                                                    Index Cond: (id = mk.movie_id)
                                                        ->  Index Scan using movie_id_complete_cast on complete_cast cc  (cost=0.00..4.00 rows=2 width=12) (actual time=0.001..0.001 rows=0 loops=76714)
                                                              Index Cond: (movie_id = t.id)
                                                  ->  Index Scan using comp_cast_type_pkey on comp_cast_type cct2  (cost=0.00..2.00 rows=1 width=4) (actual time=0.001..0.001 rows=0 loops=36010)
                                                        Index Cond: (id = cc.status_id)
                                                        Filter: ((kind)::text = 'complete+verified'::text)
                                                        Rows Removed by Filter: 1
                                            ->  Index Scan using movie_id_movie_info_idx on movie_info_idx mi_idx  (cost=0.00..6.00 rows=3 width=13) (actual time=0.003..0.003 rows=3 loops=16336)
                                                  Index Cond: (movie_id = t.id)
                                      ->  Index Scan using info_type_pkey on info_type it2  (cost=0.00..2.00 rows=1 width=4) (actual time=0.001..0.001 rows=0 loops=49655)
                                            Index Cond: (id = mi_idx.info_type_id)
                                            Filter: ((info)::text = 'votes'::text)
                                            Rows Removed by Filter: 1
                                ->  Index Scan using movie_id_movie_info on movie_info mi  (cost=0.00..84.00 rows=1 width=50) (actual time=0.045..0.049 rows=1 loops=16283)
                                      Index Cond: (movie_id = t.id)
                                      Filter: (info = ANY ('{Horror,Action,Sci-Fi,Thriller,Crime,War}'::text[]))
                                      Rows Removed by Filter: 134
                          ->  Index Scan using info_type_pkey on info_type it1  (cost=0.00..2.00 rows=1 width=4) (actual time=0.001..0.001 rows=1 loops=23704)
                                Index Cond: (id = mi.info_type_id)
                                Filter: ((info)::text = 'genres'::text)
                                Rows Removed by Filter: 0
                    ->  Index Scan using comp_cast_type_pkey on comp_cast_type cct1  (cost=0.00..2.00 rows=1 width=4) (actual time=0.001..0.001 rows=1 loops=18543)
                          Index Cond: (id = cc.subject_id)
                          Filter: ((kind)::text = 'cast'::text)
                          Rows Removed by Filter: 0
              ->  Index Scan using movie_id_cast_info on cast_info ci  (cost=0.00..72.00 rows=1 width=8) (actual time=0.043..0.058 rows=1 loops=14655)
                    Index Cond: (movie_id = t.id)
                    Filter: (note = ANY ('{(writer),"(head writer)","(written by)",(story),"(story editor)"}'::text[]))
                    Rows Removed by Filter: 83
        ->  Index Scan using name_pkey on name n  (cost=0.00..2.00 rows=1 width=19) (actual time=0.003..0.003 rows=1 loops=11863)
              Index Cond: (id = ci.person_id)
              Filter: ((gender)::text = 'm'::text)
              Rows Removed by Filter: 0
Planning time: 44.878 ms
Execution time: 2311.594 ms
