Aggregate  (cost=282514.50..282515.50 rows=1 width=128) (actual time=25860.879..25860.879 rows=1 loops=1)
  ->  Nested Loop  (cost=279643.00..282514.50 rows=1 width=79) (actual time=182.080..25856.091 rows=8024 loops=1)
        ->  Nested Loop  (cost=279643.00..282512.00 rows=1 width=83) (actual time=177.274..25187.452 rows=338545 loops=1)
              ->  Nested Loop  (cost=279643.00..282510.00 rows=1 width=72) (actual time=177.267..24359.784 rows=493406 loops=1)
                    ->  Nested Loop  (cost=279643.00..282364.00 rows=2 width=88) (actual time=175.964..951.975 rows=643428 loops=1)
                          ->  Nested Loop  (cost=279643.00..282229.00 rows=1 width=80) (actual time=175.956..714.927 rows=10291 loops=1)
                                ->  Nested Loop  (cost=279643.00..282223.00 rows=2 width=84) (actual time=175.953..701.377 rows=12194 loops=1)
                                      ->  Merge Join  (cost=279643.00..279673.00 rows=30 width=34) (actual time=175.885..182.602 rows=17018 loops=1)
                                            Merge Cond: (it2.id = mi_idx.info_type_id)
                                            ->  Sort  (cost=113.00..113.00 rows=1 width=4) (actual time=0.017..0.017 rows=1 loops=1)
                                                  Sort Key: it2.id
                                                  Sort Method: quicksort  Memory: 25kB
                                                  ->  Seq Scan on info_type it2  (cost=0.00..113.00 rows=1 width=4) (actual time=0.012..0.013 rows=1 loops=1)
                                                        Filter: ((info)::text = 'votes'::text)
                                                        Rows Removed by Filter: 112
                                            ->  Sort  (cost=279530.00..279530.00 rows=3356 width=38) (actual time=173.697..177.110 rows=34037 loops=1)
                                                  Sort Key: mi_idx.info_type_id
                                                  Sort Method: quicksort  Memory: 6007kB
                                                  ->  Nested Loop  (cost=218050.00..279530.00 rows=3356 width=38) (actual time=108.817..162.714 rows=51249 loops=1)
                                                        ->  Merge Join  (cost=218050.00..224198.00 rows=6148 width=25) (actual time=108.810..112.934 rows=17879 loops=1)
                                                              Merge Cond: (cc.subject_id = cct1.id)
                                                              ->  Sort  (cost=218046.00..218046.00 rows=24592 width=29) (actual time=108.797..109.830 rows=17880 loops=1)
                                                                    Sort Key: cc.subject_id
                                                                    Sort Method: quicksort  Memory: 2721kB
                                                                    ->  Nested Loop  (cost=135090.00..218046.00 rows=24592 width=29) (actual time=39.880..103.757 rows=24592 loops=1)
                                                                          ->  Merge Join  (cost=135090.00..168862.00 rows=24592 width=8) (actual time=39.870..46.448 rows=24592 loops=1)
                                                                                Merge Cond: (cc.status_id = cct2.id)
                                                                                ->  Sort  (cost=135086.00..135086.00 rows=135086 width=12) (actual time=28.274..35.312 rows=135086 loops=1)
                                                                                      Sort Key: cc.status_id
                                                                                      Sort Method: quicksort  Memory: 12477kB
                                                                                      ->  Seq Scan on complete_cast cc  (cost=0.00..135086.00 rows=135086 width=12) (actual time=0.005..13.733 rows=135086 loops=1)
                                                                                ->  Sort  (cost=4.00..4.00 rows=1 width=4) (actual time=0.007..0.007 rows=1 loops=1)
                                                                                      Sort Key: cct2.id
                                                                                      Sort Method: quicksort  Memory: 25kB
                                                                                      ->  Seq Scan on comp_cast_type cct2  (cost=0.00..4.00 rows=1 width=4) (actual time=0.004..0.004 rows=1 loops=1)
                                                                                            Filter: ((kind)::text = 'complete+verified'::text)
                                                                                            Rows Removed by Filter: 3
                                                                          ->  Index Scan using title_pkey on title t  (cost=0.00..2.00 rows=1 width=21) (actual time=0.002..0.002 rows=1 loops=24592)
                                                                                Index Cond: (id = cc.movie_id)
                                                              ->  Sort  (cost=4.00..4.00 rows=1 width=4) (actual time=0.011..0.011 rows=1 loops=1)
                                                                    Sort Key: cct1.id
                                                                    Sort Method: quicksort  Memory: 25kB
                                                                    ->  Seq Scan on comp_cast_type cct1  (cost=0.00..4.00 rows=1 width=4) (actual time=0.005..0.005 rows=1 loops=1)
                                                                          Filter: ((kind)::text = 'cast'::text)
                                                                          Rows Removed by Filter: 3
                                                        ->  Index Scan using movie_id_movie_info_idx on movie_info_idx mi_idx  (cost=0.00..6.00 rows=3 width=13) (actual time=0.002..0.002 rows=3 loops=17879)
                                                              Index Cond: (movie_id = t.id)
                                      ->  Index Scan using movie_id_movie_info on movie_info mi  (cost=0.00..84.00 rows=1 width=50) (actual time=0.029..0.030 rows=1 loops=17018)
                                            Index Cond: (movie_id = t.id)
                                            Filter: (info = ANY ('{Horror,Action,Sci-Fi,Thriller,Crime,War}'::text[]))
                                            Rows Removed by Filter: 71
                                ->  Index Scan using info_type_pkey on info_type it1  (cost=0.00..2.00 rows=1 width=4) (actual time=0.001..0.001 rows=1 loops=12194)
                                      Index Cond: (id = mi.info_type_id)
                                      Filter: ((info)::text = 'genres'::text)
                                      Rows Removed by Filter: 0
                          ->  Index Scan using movie_id_movie_keyword on movie_keyword mk  (cost=0.00..90.00 rows=45 width=8) (actual time=0.003..0.013 rows=63 loops=10291)
                                Index Cond: (movie_id = t.id)
                    ->  Index Scan using movie_id_cast_info on cast_info ci  (cost=0.00..72.00 rows=1 width=8) (actual time=0.026..0.036 rows=1 loops=643428)
                          Index Cond: (movie_id = t.id)
                          Filter: (note = ANY ('{(writer),"(head writer)","(written by)",(story),"(story editor)"}'::text[]))
                          Rows Removed by Filter: 88
              ->  Index Scan using name_pkey on name n  (cost=0.00..2.00 rows=1 width=19) (actual time=0.001..0.001 rows=1 loops=493406)
                    Index Cond: (id = ci.person_id)
                    Filter: ((gender)::text = 'm'::text)
                    Rows Removed by Filter: 0
        ->  Index Scan using keyword_pkey on keyword k  (cost=0.00..2.00 rows=1 width=4) (actual time=0.002..0.002 rows=0 loops=338545)
              Index Cond: (id = mk.keyword_id)
              Filter: (keyword = ANY ('{murder,violence,blood,gore,death,female-nudity,hospital}'::text[]))
              Rows Removed by Filter: 1
Planning time: 44.861 ms
Execution time: 25860.965 ms
