Aggregate  (cost=143608.00..143609.00 rows=1 width=128) (actual time=5179.471..5179.471 rows=1 loops=1)
  ->  Nested Loop  (cost=0.00..143608.00 rows=1 width=79) (actual time=14.821..5174.603 rows=8024 loops=1)
        ->  Nested Loop  (cost=0.00..143604.00 rows=1 width=83) (actual time=5.584..5160.589 rows=14123 loops=1)
              ->  Nested Loop  (cost=0.00..143600.00 rows=1 width=87) (actual time=5.581..5138.856 rows=18841 loops=1)
                    ->  Nested Loop  (cost=0.00..143594.00 rows=1 width=99) (actual time=0.745..5080.938 rows=26153 loops=1)
                          ->  Nested Loop  (cost=0.00..143592.00 rows=1 width=88) (actual time=0.740..4946.868 rows=42900 loops=1)
                                ->  Nested Loop  (cost=0.00..143588.00 rows=1 width=92) (actual time=0.739..4895.653 rows=46694 loops=1)
                                      ->  Nested Loop  (cost=0.00..143503.00 rows=1 width=42) (actual time=0.723..3738.774 rows=38991 loops=1)
                                            ->  Nested Loop  (cost=0.00..143430.00 rows=1 width=34) (actual time=0.659..741.529 rows=63701 loops=1)
                                                  ->  Nested Loop  (cost=0.00..143171.00 rows=129 width=38) (actual time=0.655..549.569 rows=191689 loops=1)
                                                        ->  Nested Loop  (cost=0.00..141047.00 rows=236 width=25) (actual time=0.650..310.713 rows=76714 loops=1)
                                                              ->  Nested Loop  (cost=0.00..140575.00 rows=236 width=4) (actual time=0.644..91.183 rows=76714 loops=1)
                                                                    ->  Seq Scan on keyword k  (cost=0.00..134170.00 rows=7 width=4) (actual time=0.634..21.170 rows=7 loops=1)
                                                                          Filter: (keyword = ANY ('{murder,violence,blood,gore,death,female-nudity,hospital}'::text[]))
                                                                          Rows Removed by Filter: 134163
                                                                    ->  Index Scan using keyword_id_movie_keyword on movie_keyword mk  (cost=0.00..610.00 rows=305 width=8) (actual time=0.008..8.282 rows=10959 loops=7)
                                                                          Index Cond: (keyword_id = k.id)
                                                              ->  Index Scan using title_pkey on title t  (cost=0.00..2.00 rows=1 width=21) (actual time=0.003..0.003 rows=1 loops=76714)
                                                                    Index Cond: (id = mk.movie_id)
                                                        ->  Index Scan using movie_id_movie_info_idx on movie_info_idx mi_idx  (cost=0.00..6.00 rows=3 width=13) (actual time=0.002..0.003 rows=2 loops=76714)
                                                              Index Cond: (movie_id = t.id)
                                                  ->  Index Scan using info_type_pkey on info_type it2  (cost=0.00..2.00 rows=1 width=4) (actual time=0.001..0.001 rows=0 loops=191689)
                                                        Index Cond: (id = mi_idx.info_type_id)
                                                        Filter: ((info)::text = 'votes'::text)
                                                        Rows Removed by Filter: 1
                                            ->  Index Scan using movie_id_cast_info on cast_info ci  (cost=0.00..72.00 rows=1 width=8) (actual time=0.038..0.047 rows=1 loops=63701)
                                                  Index Cond: (movie_id = t.id)
                                                  Filter: (note = ANY ('{(writer),"(head writer)","(written by)",(story),"(story editor)"}'::text[]))
                                                  Rows Removed by Filter: 54
                                      ->  Index Scan using movie_id_movie_info on movie_info mi  (cost=0.00..84.00 rows=1 width=50) (actual time=0.028..0.029 rows=1 loops=38991)
                                            Index Cond: (movie_id = t.id)
                                            Filter: (info = ANY ('{Horror,Action,Sci-Fi,Thriller,Crime,War}'::text[]))
                                            Rows Removed by Filter: 73
                                ->  Index Scan using info_type_pkey on info_type it1  (cost=0.00..2.00 rows=1 width=4) (actual time=0.001..0.001 rows=1 loops=46694)
                                      Index Cond: (id = mi.info_type_id)
                                      Filter: ((info)::text = 'genres'::text)
                                      Rows Removed by Filter: 0
                          ->  Index Scan using name_pkey on name n  (cost=0.00..2.00 rows=1 width=19) (actual time=0.003..0.003 rows=1 loops=42900)
                                Index Cond: (id = ci.person_id)
                                Filter: ((gender)::text = 'm'::text)
                                Rows Removed by Filter: 0
                    ->  Index Scan using movie_id_complete_cast on complete_cast cc  (cost=0.00..4.00 rows=2 width=12) (actual time=0.002..0.002 rows=1 loops=26153)
                          Index Cond: (movie_id = t.id)
              ->  Index Scan using comp_cast_type_pkey on comp_cast_type cct1  (cost=0.00..2.00 rows=1 width=4) (actual time=0.001..0.001 rows=1 loops=18841)
                    Index Cond: (id = cc.subject_id)
                    Filter: ((kind)::text = 'cast'::text)
                    Rows Removed by Filter: 0
        ->  Index Scan using comp_cast_type_pkey on comp_cast_type cct2  (cost=0.00..2.00 rows=1 width=4) (actual time=0.001..0.001 rows=1 loops=14123)
              Index Cond: (id = cc.status_id)
              Filter: ((kind)::text = 'complete+verified'::text)
              Rows Removed by Filter: 0
Planning time: 44.968 ms
Execution time: 5179.555 ms
