Aggregate  (cost=282443.50..282444.50 rows=1 width=128) (actual time=2803.211..2803.212 rows=1 loops=1)
  ->  Nested Loop  (cost=279643.00..282443.50 rows=1 width=79) (actual time=178.604..2799.058 rows=8024 loops=1)
        ->  Nested Loop  (cost=279643.00..282441.50 rows=1 width=68) (actual time=178.596..2770.026 rows=11863 loops=1)
              ->  Nested Loop  (cost=279643.00..282368.50 rows=1 width=84) (actual time=177.634..2090.249 rows=14655 loops=1)
                    ->  Nested Loop  (cost=279643.00..282364.00 rows=2 width=88) (actual time=177.608..938.023 rows=643428 loops=1)
                          ->  Nested Loop  (cost=279643.00..282229.00 rows=1 width=80) (actual time=177.601..711.828 rows=10291 loops=1)
                                ->  Nested Loop  (cost=279643.00..282223.00 rows=2 width=84) (actual time=177.597..698.169 rows=12194 loops=1)
                                      ->  Merge Join  (cost=279643.00..279673.00 rows=30 width=34) (actual time=177.530..184.055 rows=17018 loops=1)
                                            Merge Cond: (it2.id = mi_idx.info_type_id)
                                            ->  Sort  (cost=113.00..113.00 rows=1 width=4) (actual time=0.016..0.017 rows=1 loops=1)
                                                  Sort Key: it2.id
                                                  Sort Method: quicksort  Memory: 25kB
                                                  ->  Seq Scan on info_type it2  (cost=0.00..113.00 rows=1 width=4) (actual time=0.012..0.013 rows=1 loops=1)
                                                        Filter: ((info)::text = 'votes'::text)
                                                        Rows Removed by Filter: 112
                                            ->  Sort  (cost=279530.00..279530.00 rows=3356 width=38) (actual time=175.341..178.591 rows=34037 loops=1)
                                                  Sort Key: mi_idx.info_type_id
                                                  Sort Method: quicksort  Memory: 6007kB
                                                  ->  Nested Loop  (cost=218050.00..279530.00 rows=3356 width=38) (actual time=110.503..164.342 rows=51249 loops=1)
                                                        ->  Merge Join  (cost=218050.00..224198.00 rows=6148 width=25) (actual time=110.494..114.339 rows=17879 loops=1)
                                                              Merge Cond: (cct1.id = cc.subject_id)
                                                              ->  Sort  (cost=4.00..4.00 rows=1 width=4) (actual time=0.003..0.003 rows=1 loops=1)
                                                                    Sort Key: cct1.id
                                                                    Sort Method: quicksort  Memory: 25kB
                                                                    ->  Seq Scan on comp_cast_type cct1  (cost=0.00..4.00 rows=1 width=4) (actual time=0.002..0.002 rows=1 loops=1)
                                                                          Filter: ((kind)::text = 'cast'::text)
                                                                          Rows Removed by Filter: 3
                                                              ->  Sort  (cost=218046.00..218046.00 rows=24592 width=29) (actual time=110.490..111.544 rows=17880 loops=1)
                                                                    Sort Key: cc.subject_id
                                                                    Sort Method: quicksort  Memory: 2721kB
                                                                    ->  Nested Loop  (cost=135090.00..218046.00 rows=24592 width=29) (actual time=40.472..105.030 rows=24592 loops=1)
                                                                          ->  Merge Join  (cost=135090.00..168862.00 rows=24592 width=8) (actual time=40.461..46.503 rows=24592 loops=1)
                                                                                Merge Cond: (cct2.id = cc.status_id)
                                                                                ->  Sort  (cost=4.00..4.00 rows=1 width=4) (actual time=0.003..0.003 rows=1 loops=1)
                                                                                      Sort Key: cct2.id
                                                                                      Sort Method: quicksort  Memory: 25kB
                                                                                      ->  Seq Scan on comp_cast_type cct2  (cost=0.00..4.00 rows=1 width=4) (actual time=0.001..0.002 rows=1 loops=1)
                                                                                            Filter: ((kind)::text = 'complete+verified'::text)
                                                                                            Rows Removed by Filter: 3
                                                                                ->  Sort  (cost=135086.00..135086.00 rows=135086 width=12) (actual time=27.983..35.167 rows=135086 loops=1)
                                                                                      Sort Key: cc.status_id
                                                                                      Sort Method: quicksort  Memory: 12477kB
                                                                                      ->  Seq Scan on complete_cast cc  (cost=0.00..135086.00 rows=135086 width=12) (actual time=0.005..13.732 rows=135086 loops=1)
                                                                          ->  Index Scan using title_pkey on title t  (cost=0.00..2.00 rows=1 width=21) (actual time=0.002..0.002 rows=1 loops=24592)
                                                                                Index Cond: (id = cc.movie_id)
                                                        ->  Index Scan using movie_id_movie_info_idx on movie_info_idx mi_idx  (cost=0.00..6.00 rows=3 width=13) (actual time=0.002..0.002 rows=3 loops=17879)
                                                              Index Cond: (movie_id = t.id)
                                      ->  Index Scan using movie_id_movie_info on movie_info mi  (cost=0.00..84.00 rows=1 width=50) (actual time=0.028..0.030 rows=1 loops=17018)
                                            Index Cond: (movie_id = t.id)
                                            Filter: (info = ANY ('{Horror,Action,Sci-Fi,Thriller,Crime,War}'::text[]))
                                            Rows Removed by Filter: 71
                                ->  Index Scan using info_type_pkey on info_type it1  (cost=0.00..2.00 rows=1 width=4) (actual time=0.001..0.001 rows=1 loops=12194)
                                      Index Cond: (id = mi.info_type_id)
                                      Filter: ((info)::text = 'genres'::text)
                                      Rows Removed by Filter: 0
                          ->  Index Scan using movie_id_movie_keyword on movie_keyword mk  (cost=0.00..90.00 rows=45 width=8) (actual time=0.003..0.013 rows=63 loops=10291)
                                Index Cond: (movie_id = t.id)
                    ->  Index Scan using keyword_pkey on keyword k  (cost=0.00..2.00 rows=1 width=4) (actual time=0.002..0.002 rows=0 loops=643428)
                          Index Cond: (id = mk.keyword_id)
                          Filter: (keyword = ANY ('{murder,violence,blood,gore,death,female-nudity,hospital}'::text[]))
                          Rows Removed by Filter: 1
              ->  Index Scan using movie_id_cast_info on cast_info ci  (cost=0.00..72.00 rows=1 width=8) (actual time=0.034..0.046 rows=1 loops=14655)
                    Index Cond: (movie_id = t.id)
                    Filter: (note = ANY ('{(writer),"(head writer)","(written by)",(story),"(story editor)"}'::text[]))
                    Rows Removed by Filter: 83
        ->  Index Scan using name_pkey on name n  (cost=0.00..2.00 rows=1 width=19) (actual time=0.002..0.002 rows=1 loops=11863)
              Index Cond: (id = ci.person_id)
              Filter: ((gender)::text = 'm'::text)
              Rows Removed by Filter: 0
Planning time: 44.555 ms
Execution time: 2803.300 ms
