Aggregate  (cost=1934173.00..1934174.00 rows=1 width=128) (actual time=1321.866..1321.867 rows=1 loops=1)
  ->  Hash Join  (cost=1432580.00..1934173.00 rows=8024 width=79) (actual time=1020.044..1318.567 rows=8024 loops=1)
        Hash Cond: (mi.info_type_id = it1.id)
        ->  Nested Loop  (cost=1432466.00..1923667.00 rows=10485 width=83) (actual time=1020.024..1316.713 rows=10485 loops=1)
              ->  Merge Join  (cost=1432466.00..1432622.00 rows=5777 width=57) (actual time=1019.888..1021.942 rows=5777 loops=1)
                    Merge Cond: (it2.id = mi_idx.info_type_id)
                    ->  Sort  (cost=113.00..113.00 rows=1 width=4) (actual time=0.012..0.012 rows=1 loops=1)
                          Sort Key: it2.id
                          Sort Method: quicksort  Memory: 25kB
                          ->  Seq Scan on info_type it2  (cost=0.00..113.00 rows=1 width=4) (actual time=0.008..0.009 rows=1 loops=1)
                                Filter: ((info)::text = 'votes'::text)
                                Rows Removed by Filter: 112
                    ->  Sort  (cost=1432353.00..1432353.00 rows=17610 width=61) (actual time=1018.925..1019.948 rows=11555 loops=1)
                          Sort Key: mi_idx.info_type_id
                          Sort Method: quicksort  Memory: 3229kB
                          ->  Nested Loop  (cost=442198.00..1432353.00 rows=17610 width=61) (actual time=356.665..1013.846 rows=17610 loops=1)
                                ->  Nested Loop  (cost=442198.00..1380324.00 rows=5781 width=48) (actual time=356.658..995.664 rows=5781 loops=1)
                                      ->  Nested Loop  (cost=442198.00..1362564.00 rows=8880 width=37) (actual time=356.648..970.530 rows=8880 loops=1)
                                            ->  Merge Join  (cost=442198.00..448531.00 rows=12521 width=29) (actual time=356.511..360.239 rows=12521 loops=1)
                                                  Merge Cond: (cct2.id = cc.status_id)
                                                  ->  Sort  (cost=4.00..4.00 rows=1 width=4) (actual time=0.003..0.003 rows=1 loops=1)
                                                        Sort Key: cct2.id
                                                        Sort Method: quicksort  Memory: 25kB
                                                        ->  Seq Scan on comp_cast_type cct2  (cost=0.00..4.00 rows=1 width=4) (actual time=0.002..0.002 rows=1 loops=1)
                                                              Filter: ((kind)::text = 'complete+verified'::text)
                                                              Rows Removed by Filter: 3
                                                  ->  Sort  (cost=442194.00..442194.00 rows=25331 width=33) (actual time=354.961..356.907 rows=25331 loops=1)
                                                        Sort Key: cc.status_id
                                                        Sort Method: quicksort  Memory: 2824kB
                                                        ->  Merge Join  (cost=433192.00..442194.00 rows=25331 width=33) (actual time=345.092..350.535 rows=25331 loops=1)
                                                              Merge Cond: (cct1.id = cc.subject_id)
                                                              ->  Sort  (cost=4.00..4.00 rows=1 width=4) (actual time=0.004..0.004 rows=1 loops=1)
                                                                    Sort Key: cct1.id
                                                                    Sort Method: quicksort  Memory: 25kB
                                                                    ->  Seq Scan on comp_cast_type cct1  (cost=0.00..4.00 rows=1 width=4) (actual time=0.002..0.002 rows=1 loops=1)
                                                                          Filter: ((kind)::text = 'cast'::text)
                                                                          Rows Removed by Filter: 3
                                                              ->  Sort  (cost=433188.00..433188.00 rows=36010 width=37) (actual time=345.087..346.392 rows=25332 loops=1)
                                                                    Sort Key: cc.subject_id
                                                                    Sort Method: quicksort  Memory: 4528kB
                                                                    ->  Merge Join  (cost=429089.00..433188.00 rows=36010 width=37) (actual time=305.408..338.313 rows=36010 loops=1)
                                                                          Merge Cond: (t.id = cc.movie_id)
                                                                          ->  Sort  (cost=294003.00..294003.00 rows=76714 width=25) (actual time=265.916..269.874 rows=76714 loops=1)
                                                                                Sort Key: t.id
                                                                                Sort Method: quicksort  Memory: 8950kB
                                                                                ->  Nested Loop  (cost=0.00..294003.00 rows=76714 width=25) (actual time=0.659..243.355 rows=76714 loops=1)
                                                                                      ->  Nested Loop  (cost=0.00..140575.00 rows=76714 width=4) (actual time=0.654..77.637 rows=76714 loops=1)
                                                                                            ->  Seq Scan on keyword k  (cost=0.00..134170.00 rows=7 width=4) (actual time=0.641..20.796 rows=7 loops=1)
                                                                                                  Filter: (keyword = ANY ('{murder,violence,blood,gore,death,female-nudity,hospital}'::text[]))
                                                                                                  Rows Removed by Filter: 134163
                                                                                            ->  Index Scan using keyword_id_movie_keyword on movie_keyword mk  (cost=0.00..610.00 rows=305 width=8) (actual time=0.007..6.712 rows=10959 loops=7)
                                                                                                  Index Cond: (keyword_id = k.id)
                                                                                      ->  Index Scan using title_pkey on title t  (cost=0.00..2.00 rows=1 width=21) (actual time=0.002..0.002 rows=1 loops=76714)
                                                                                            Index Cond: (id = mk.movie_id)
                                                                          ->  Sort  (cost=135086.00..135086.00 rows=135086 width=12) (actual time=39.429..47.316 rows=147297 loops=1)
                                                                                Sort Key: cc.movie_id
                                                                                Sort Method: quicksort  Memory: 12477kB
                                                                                ->  Seq Scan on complete_cast cc  (cost=0.00..135086.00 rows=135086 width=12) (actual time=0.008..13.676 rows=135086 loops=1)
                                            ->  Index Scan using movie_id_cast_info on cast_info ci  (cost=0.00..72.00 rows=1 width=8) (actual time=0.038..0.048 rows=1 loops=12521)
                                                  Index Cond: (movie_id = t.id)
                                                  Filter: (note = ANY ('{(writer),"(head writer)","(written by)",(story),"(story editor)"}'::text[]))
                                                  Rows Removed by Filter: 78
                                      ->  Index Scan using name_pkey on name n  (cost=0.00..2.00 rows=1 width=19) (actual time=0.003..0.003 rows=1 loops=8880)
                                            Index Cond: (id = ci.person_id)
                                            Filter: ((gender)::text = 'm'::text)
                                            Rows Removed by Filter: 0
                                ->  Index Scan using movie_id_movie_info_idx on movie_info_idx mi_idx  (cost=0.00..6.00 rows=3 width=13) (actual time=0.002..0.002 rows=3 loops=5781)
                                      Index Cond: (movie_id = t.id)
              ->  Index Scan using movie_id_movie_info on movie_info mi  (cost=0.00..84.00 rows=1 width=50) (actual time=0.046..0.051 rows=2 loops=5777)
                    Index Cond: (movie_id = t.id)
                    Filter: (info = ANY ('{Horror,Action,Sci-Fi,Thriller,Crime,War}'::text[]))
                    Rows Removed by Filter: 172
        ->  Hash  (cost=113.00..113.00 rows=1 width=4) (actual time=0.014..0.014 rows=1 loops=1)
              Buckets: 1024  Batches: 1  Memory Usage: 9kB
              ->  Seq Scan on info_type it1  (cost=0.00..113.00 rows=1 width=4) (actual time=0.007..0.013 rows=1 loops=1)
                    Filter: ((info)::text = 'genres'::text)
                    Rows Removed by Filter: 112
Planning time: 44.174 ms
Execution time: 1321.963 ms
