Aggregate  (cost=536590.50..536591.50 rows=1 width=128) (actual time=234.718..234.718 rows=1 loops=1)
  ->  Nested Loop  (cost=255540.00..536590.50 rows=1 width=79) (actual time=28.901..234.107 rows=1273 loops=1)
        ->  Nested Loop  (cost=255540.00..536588.50 rows=1 width=82) (actual time=28.895..231.687 rows=1273 loops=1)
              ->  Nested Loop  (cost=255540.00..487922.00 rows=24333 width=86) (actual time=28.874..148.003 rows=47262 loops=1)
                    ->  Hash Join  (cost=255540.00..428657.00 rows=439 width=78) (actual time=28.867..133.561 rows=439 loops=1)
                          Hash Cond: (mi.info_type_id = it1.id)
                          ->  Nested Loop  (cost=255426.00..428094.00 rows=453 width=82) (actual time=28.847..133.414 rows=453 loops=1)
                                ->  Nested Loop  (cost=255426.00..364004.00 rows=754 width=32) (actual time=28.080..112.617 rows=754 loops=1)
                                      ->  Nested Loop  (cost=255426.00..361242.00 rows=1381 width=21) (actual time=28.075..108.568 rows=1381 loops=1)
                                            ->  Merge Join  (cost=255426.00..255465.00 rows=1449 width=13) (actual time=27.998..28.422 rows=1449 loops=1)
                                                  Merge Cond: (mi_idx.info_type_id = it2.id)
                                                  ->  Sort  (cost=255313.00..255313.00 rows=4370 width=17) (actual time=27.772..27.992 rows=2899 loops=1)
                                                        Sort Key: mi_idx.info_type_id
                                                        Sort Method: quicksort  Memory: 465kB
                                                        ->  Nested Loop  (cost=0.00..255313.00 rows=4370 width=17) (actual time=0.474..27.056 rows=4370 loops=1)
                                                              ->  Nested Loop  (cost=0.00..238987.00 rows=1814 width=4) (actual time=0.467..22.037 rows=1814 loops=1)
                                                                    ->  Seq Scan on company_name cn  (cost=0.00..234997.00 rows=10 width=4) (actual time=0.457..20.752 rows=10 loops=1)
                                                                          Filter: (name ~~ 'Lionsgate%'::text)
                                                                          Rows Removed by Filter: 234987
                                                                    ->  Index Scan using company_id_movie_companies on movie_companies mc  (cost=0.00..266.00 rows=133 width=8) (actual time=0.006..0.107 rows=181 loops=10)
                                                                          Index Cond: (company_id = cn.id)
                                                              ->  Index Scan using movie_id_movie_info_idx on movie_info_idx mi_idx  (cost=0.00..6.00 rows=3 width=13) (actual time=0.002..0.002 rows=2 loops=1814)
                                                                    Index Cond: (movie_id = mc.movie_id)
                                                  ->  Sort  (cost=113.00..113.00 rows=1 width=4) (actual time=0.015..0.015 rows=1 loops=1)
                                                        Sort Key: it2.id
                                                        Sort Method: quicksort  Memory: 25kB
                                                        ->  Seq Scan on info_type it2  (cost=0.00..113.00 rows=1 width=4) (actual time=0.010..0.011 rows=1 loops=1)
                                                              Filter: ((info)::text = 'votes'::text)
                                                              Rows Removed by Filter: 112
                                            ->  Index Scan using movie_id_cast_info on cast_info ci  (cost=0.00..72.00 rows=1 width=8) (actual time=0.041..0.055 rows=1 loops=1449)
                                                  Index Cond: (movie_id = mi_idx.movie_id)
                                                  Filter: (note = ANY ('{(writer),"(head writer)","(written by)",(story),"(story editor)"}'::text[]))
                                                  Rows Removed by Filter: 80
                                      ->  Index Scan using name_pkey on name n  (cost=0.00..2.00 rows=1 width=19) (actual time=0.003..0.003 rows=1 loops=1381)
                                            Index Cond: (id = ci.person_id)
                                            Filter: ((gender)::text = 'm'::text)
                                            Rows Removed by Filter: 0
                                ->  Index Scan using movie_id_movie_info on movie_info mi  (cost=0.00..84.00 rows=1 width=50) (actual time=0.027..0.027 rows=1 loops=754)
                                      Index Cond: (movie_id = mi_idx.movie_id)
                                      Filter: (info = ANY ('{Horror,Thriller}'::text[]))
                                      Rows Removed by Filter: 98
                          ->  Hash  (cost=113.00..113.00 rows=1 width=4) (actual time=0.016..0.016 rows=1 loops=1)
                                Buckets: 1024  Batches: 1  Memory Usage: 9kB
                                ->  Seq Scan on info_type it1  (cost=0.00..113.00 rows=1 width=4) (actual time=0.008..0.014 rows=1 loops=1)
                                      Filter: ((info)::text = 'genres'::text)
                                      Rows Removed by Filter: 112
                    ->  Index Scan using movie_id_movie_keyword on movie_keyword mk  (cost=0.00..90.00 rows=45 width=8) (actual time=0.003..0.019 rows=108 loops=439)
                          Index Cond: (movie_id = mi.movie_id)
              ->  Index Scan using keyword_pkey on keyword k  (cost=0.00..2.00 rows=1 width=4) (actual time=0.002..0.002 rows=0 loops=47262)
                    Index Cond: (id = mk.keyword_id)
                    Filter: (keyword = ANY ('{murder,violence,blood,gore,death,female-nudity,hospital}'::text[]))
                    Rows Removed by Filter: 1
        ->  Index Scan using title_pkey on title t  (cost=0.00..2.00 rows=1 width=21) (actual time=0.002..0.002 rows=1 loops=1273)
              Index Cond: (id = mi.movie_id)
Planning time: 27.192 ms
Execution time: 234.793 ms
