Aggregate  (cost=144443.36..144444.36 rows=1 width=128) (actual time=2122.905..2122.905 rows=1 loops=1)
  ->  Nested Loop  (cost=0.00..144443.36 rows=1 width=79) (actual time=15.300..2122.135 rows=1273 loops=1)
        ->  Nested Loop  (cost=0.00..144441.36 rows=1 width=82) (actual time=15.294..2119.018 rows=1273 loops=1)
              ->  Nested Loop  (cost=0.00..144439.36 rows=1 width=71) (actual time=15.288..2114.448 rows=1556 loops=1)
                    ->  Nested Loop  (cost=0.00..144435.36 rows=1 width=75) (actual time=15.286..2112.516 rows=1616 loops=1)
                          ->  Nested Loop  (cost=0.00..144350.36 rows=1 width=25) (actual time=4.643..2048.666 rows=1471 loops=1)
                                ->  Nested Loop  (cost=0.00..144277.36 rows=1 width=17) (actual time=4.617..1923.781 rows=1547 loops=1)
                                      ->  Nested Loop  (cost=0.00..144211.00 rows=33 width=21) (actual time=0.661..851.116 rows=598256 loops=1)
                                            ->  Nested Loop  (cost=0.00..144121.00 rows=6 width=13) (actual time=0.657..480.692 rows=63701 loops=1)
                                                  ->  Nested Loop  (cost=0.00..142699.00 rows=708 width=17) (actual time=0.652..300.571 rows=191689 loops=1)
                                                        ->  Nested Loop  (cost=0.00..140575.00 rows=236 width=4) (actual time=0.647..81.582 rows=76714 loops=1)
                                                              ->  Seq Scan on keyword k  (cost=0.00..134170.00 rows=7 width=4) (actual time=0.636..20.877 rows=7 loops=1)
                                                                    Filter: (keyword = ANY ('{murder,violence,blood,gore,death,female-nudity,hospital}'::text[]))
                                                                    Rows Removed by Filter: 134163
                                                              ->  Index Scan using keyword_id_movie_keyword on movie_keyword mk  (cost=0.00..610.00 rows=305 width=8) (actual time=0.007..6.985 rows=10959 loops=7)
                                                                    Index Cond: (keyword_id = k.id)
                                                        ->  Index Scan using movie_id_movie_info_idx on movie_info_idx mi_idx  (cost=0.00..6.00 rows=3 width=13) (actual time=0.002..0.002 rows=2 loops=76714)
                                                              Index Cond: (movie_id = mk.movie_id)
                                                  ->  Index Scan using info_type_pkey on info_type it2  (cost=0.00..2.00 rows=1 width=4) (actual time=0.001..0.001 rows=0 loops=191689)
                                                        Index Cond: (id = mi_idx.info_type_id)
                                                        Filter: ((info)::text = 'votes'::text)
                                                        Rows Removed by Filter: 1
                                            ->  Index Scan using movie_id_movie_companies on movie_companies mc  (cost=0.00..10.00 rows=5 width=8) (actual time=0.002..0.004 rows=9 loops=63701)
                                                  Index Cond: (movie_id = mi_idx.movie_id)
                                      ->  Index Scan using company_name_pkey on company_name cn  (cost=0.00..2.00 rows=1 width=4) (actual time=0.002..0.002 rows=0 loops=598256)
                                            Index Cond: (id = mc.company_id)
                                            Filter: (name ~~ 'Lionsgate%'::text)
                                            Rows Removed by Filter: 1
                                ->  Index Scan using movie_id_cast_info on cast_info ci  (cost=0.00..72.00 rows=1 width=8) (actual time=0.057..0.080 rows=1 loops=1547)
                                      Index Cond: (movie_id = mi_idx.movie_id)
                                      Filter: (note = ANY ('{(writer),"(head writer)","(written by)",(story),"(story editor)"}'::text[]))
                                      Rows Removed by Filter: 119
                          ->  Index Scan using movie_id_movie_info on movie_info mi  (cost=0.00..84.00 rows=1 width=50) (actual time=0.042..0.043 rows=1 loops=1471)
                                Index Cond: (movie_id = mi_idx.movie_id)
                                Filter: (info = ANY ('{Horror,Thriller}'::text[]))
                                Rows Removed by Filter: 173
                    ->  Index Scan using info_type_pkey on info_type it1  (cost=0.00..2.00 rows=1 width=4) (actual time=0.001..0.001 rows=1 loops=1616)
                          Index Cond: (id = mi.info_type_id)
                          Filter: ((info)::text = 'genres'::text)
                          Rows Removed by Filter: 0
              ->  Index Scan using name_pkey on name n  (cost=0.00..2.00 rows=1 width=19) (actual time=0.003..0.003 rows=1 loops=1556)
                    Index Cond: (id = ci.person_id)
                    Filter: ((gender)::text = 'm'::text)
                    Rows Removed by Filter: 0
        ->  Index Scan using title_pkey on title t  (cost=0.00..2.00 rows=1 width=21) (actual time=0.002..0.002 rows=1 loops=1273)
              Index Cond: (id = mi.movie_id)
Planning time: 27.623 ms
Execution time: 2122.987 ms
