Aggregate  (cost=144443.17..144444.17 rows=1 width=128) (actual time=2150.467..2150.467 rows=1 loops=1)
  ->  Nested Loop  (cost=0.00..144443.17 rows=1 width=79) (actual time=14.363..2148.989 rows=2825 loops=1)
        ->  Nested Loop  (cost=0.00..144441.17 rows=1 width=82) (actual time=14.358..2143.102 rows=2825 loops=1)
              ->  Nested Loop  (cost=0.00..144439.17 rows=1 width=71) (actual time=14.353..2136.212 rows=2825 loops=1)
                    ->  Nested Loop  (cost=0.00..144435.17 rows=1 width=75) (actual time=14.350..2132.697 rows=3007 loops=1)
                          ->  Nested Loop  (cost=0.00..144350.17 rows=1 width=25) (actual time=4.647..2055.039 rows=1471 loops=1)
                                ->  Nested Loop  (cost=0.00..144277.17 rows=1 width=17) (actual time=4.619..1928.598 rows=1547 loops=1)
                                      ->  Nested Loop  (cost=0.00..144211.00 rows=33 width=21) (actual time=0.669..856.959 rows=598256 loops=1)
                                            ->  Nested Loop  (cost=0.00..144121.00 rows=6 width=13) (actual time=0.664..483.292 rows=63701 loops=1)
                                                  ->  Nested Loop  (cost=0.00..142699.00 rows=708 width=17) (actual time=0.660..302.426 rows=191689 loops=1)
                                                        ->  Nested Loop  (cost=0.00..140575.00 rows=236 width=4) (actual time=0.655..82.005 rows=76714 loops=1)
                                                              ->  Seq Scan on keyword k  (cost=0.00..134170.00 rows=7 width=4) (actual time=0.643..21.387 rows=7 loops=1)
                                                                    Filter: (keyword = ANY ('{murder,violence,blood,gore,death,female-nudity,hospital}'::text[]))
                                                                    Rows Removed by Filter: 134163
                                                              ->  Index Scan using keyword_id_movie_keyword on movie_keyword mk  (cost=0.00..610.00 rows=305 width=8) (actual time=0.008..7.008 rows=10959 loops=7)
                                                                    Index Cond: (keyword_id = k.id)
                                                        ->  Index Scan using movie_id_movie_info_idx on movie_info_idx mi_idx  (cost=0.00..6.00 rows=3 width=13) (actual time=0.002..0.002 rows=2 loops=76714)
                                                              Index Cond: (movie_id = mk.movie_id)
                                                  ->  Index Scan using info_type_pkey on info_type it2  (cost=0.00..2.00 rows=1 width=4) (actual time=0.001..0.001 rows=0 loops=191689)
                                                        Index Cond: (id = mi_idx.info_type_id)
                                                        Filter: ((info)::text = 'votes'::text)
                                                        Rows Removed by Filter: 1
                                            ->  Index Scan using movie_id_movie_companies on movie_companies mc  (cost=0.00..10.00 rows=5 width=8) (actual time=0.002..0.004 rows=9 loops=63701)
                                                  Index Cond: (movie_id = mi_idx.movie_id)
                                      ->  Index Scan using company_name_pkey on company_name cn  (cost=0.00..2.00 rows=1 width=4) (actual time=0.002..0.002 rows=0 loops=598256)
                                            Index Cond: (id = mc.company_id)
                                            Filter: (name ~~ 'Lionsgate%'::text)
                                            Rows Removed by Filter: 1
                                ->  Index Scan using movie_id_cast_info on cast_info ci  (cost=0.00..72.00 rows=1 width=8) (actual time=0.058..0.081 rows=1 loops=1547)
                                      Index Cond: (movie_id = mi_idx.movie_id)
                                      Filter: (note = ANY ('{(writer),"(head writer)","(written by)",(story),"(story editor)"}'::text[]))
                                      Rows Removed by Filter: 119
                          ->  Index Scan using movie_id_movie_info on movie_info mi  (cost=0.00..84.00 rows=1 width=50) (actual time=0.050..0.052 rows=2 loops=1471)
                                Index Cond: (movie_id = mi_idx.movie_id)
                                Filter: (info = ANY ('{Horror,Action,Sci-Fi,Thriller,Crime,War}'::text[]))
                                Rows Removed by Filter: 172
                    ->  Index Scan using info_type_pkey on info_type it1  (cost=0.00..2.00 rows=1 width=4) (actual time=0.001..0.001 rows=1 loops=3007)
                          Index Cond: (id = mi.info_type_id)
                          Filter: ((info)::text = 'genres'::text)
                          Rows Removed by Filter: 0
              ->  Index Scan using name_pkey on name n  (cost=0.00..2.00 rows=1 width=19) (actual time=0.002..0.002 rows=1 loops=2825)
                    Index Cond: (id = ci.person_id)
        ->  Index Scan using title_pkey on title t  (cost=0.00..2.00 rows=1 width=21) (actual time=0.002..0.002 rows=1 loops=2825)
              Index Cond: (id = mi.movie_id)
Planning time: 27.873 ms
Execution time: 2150.549 ms
