Aggregate  (cost=259004.50..259005.50 rows=1 width=128) (actual time=346.739..346.739 rows=1 loops=1)
  ->  Nested Loop  (cost=255426.00..259004.50 rows=1 width=79) (actual time=27.953..345.456 rows=2825 loops=1)
        ->  Nested Loop  (cost=255426.00..259002.50 rows=1 width=82) (actual time=27.947..340.385 rows=2825 loops=1)
              ->  Nested Loop  (cost=255426.00..259000.50 rows=1 width=71) (actual time=27.942..334.837 rows=2825 loops=1)
                    ->  Nested Loop  (cost=255426.00..258996.50 rows=1 width=75) (actual time=27.939..331.526 rows=3007 loops=1)
                          ->  Nested Loop  (cost=255426.00..258911.50 rows=1 width=25) (actual time=27.679..259.940 rows=1471 loops=1)
                                ->  Nested Loop  (cost=255426.00..258891.00 rows=10 width=29) (actual time=27.286..138.124 rows=67186 loops=1)
                                      ->  Nested Loop  (cost=255426.00..258756.00 rows=1 width=21) (actual time=27.277..115.472 rows=1381 loops=1)
                                            ->  Merge Join  (cost=255426.00..255471.00 rows=45 width=13) (actual time=27.181..27.695 rows=1449 loops=1)
                                                  Merge Cond: (mi_idx.info_type_id = it2.id)
                                                  ->  Sort  (cost=255313.00..255313.00 rows=5063 width=17) (actual time=26.974..27.245 rows=2899 loops=1)
                                                        Sort Key: mi_idx.info_type_id
                                                        Sort Method: quicksort  Memory: 465kB
                                                        ->  Nested Loop  (cost=0.00..255313.00 rows=5063 width=17) (actual time=0.467..26.220 rows=4370 loops=1)
                                                              ->  Nested Loop  (cost=0.00..238987.00 rows=1814 width=4) (actual time=0.460..21.369 rows=1814 loops=1)
                                                                    ->  Seq Scan on company_name cn  (cost=0.00..234997.00 rows=10 width=4) (actual time=0.448..20.116 rows=10 loops=1)
                                                                          Filter: (name ~~ 'Lionsgate%'::text)
                                                                          Rows Removed by Filter: 234987
                                                                    ->  Index Scan using company_id_movie_companies on movie_companies mc  (cost=0.00..266.00 rows=133 width=8) (actual time=0.006..0.104 rows=181 loops=10)
                                                                          Index Cond: (company_id = cn.id)
                                                              ->  Index Scan using movie_id_movie_info_idx on movie_info_idx mi_idx  (cost=0.00..6.00 rows=3 width=13) (actual time=0.002..0.002 rows=2 loops=1814)
                                                                    Index Cond: (movie_id = mc.movie_id)
                                                  ->  Sort  (cost=113.00..113.00 rows=1 width=4) (actual time=0.015..0.016 rows=1 loops=1)
                                                        Sort Key: it2.id
                                                        Sort Method: quicksort  Memory: 25kB
                                                        ->  Seq Scan on info_type it2  (cost=0.00..113.00 rows=1 width=4) (actual time=0.010..0.011 rows=1 loops=1)
                                                              Filter: ((info)::text = 'votes'::text)
                                                              Rows Removed by Filter: 112
                                            ->  Index Scan using movie_id_cast_info on cast_info ci  (cost=0.00..72.00 rows=1 width=8) (actual time=0.045..0.060 rows=1 loops=1449)
                                                  Index Cond: (movie_id = mi_idx.movie_id)
                                                  Filter: (note = ANY ('{(writer),"(head writer)","(written by)",(story),"(story editor)"}'::text[]))
                                                  Rows Removed by Filter: 80
                                      ->  Index Scan using movie_id_movie_keyword on movie_keyword mk  (cost=0.00..90.00 rows=45 width=8) (actual time=0.003..0.010 rows=49 loops=1381)
                                            Index Cond: (movie_id = mi_idx.movie_id)
                                ->  Index Scan using keyword_pkey on keyword k  (cost=0.00..2.00 rows=1 width=4) (actual time=0.002..0.002 rows=0 loops=67186)
                                      Index Cond: (id = mk.keyword_id)
                                      Filter: (keyword = ANY ('{murder,violence,blood,gore,death,female-nudity,hospital}'::text[]))
                                      Rows Removed by Filter: 1
                          ->  Index Scan using movie_id_movie_info on movie_info mi  (cost=0.00..84.00 rows=1 width=50) (actual time=0.046..0.048 rows=2 loops=1471)
                                Index Cond: (movie_id = mi_idx.movie_id)
                                Filter: (info = ANY ('{Horror,Action,Sci-Fi,Thriller,Crime,War}'::text[]))
                                Rows Removed by Filter: 172
                    ->  Index Scan using info_type_pkey on info_type it1  (cost=0.00..2.00 rows=1 width=4) (actual time=0.001..0.001 rows=1 loops=3007)
                          Index Cond: (id = mi.info_type_id)
                          Filter: ((info)::text = 'genres'::text)
                          Rows Removed by Filter: 0
              ->  Index Scan using name_pkey on name n  (cost=0.00..2.00 rows=1 width=19) (actual time=0.002..0.002 rows=1 loops=2825)
                    Index Cond: (id = ci.person_id)
        ->  Index Scan using title_pkey on title t  (cost=0.00..2.00 rows=1 width=21) (actual time=0.001..0.001 rows=1 loops=2825)
              Index Cond: (id = mi.movie_id)
Planning time: 27.500 ms
Execution time: 346.819 ms
