Aggregate  (cost=223463.00..223464.00 rows=1 width=96) (actual time=8.202..8.202 rows=1 loops=1)
  ->  Nested Loop  (cost=36.00..223463.00 rows=29997 width=46) (actual time=8.200..8.200 rows=0 loops=1)
        ->  Hash Join  (cost=36.00..163469.00 rows=29997 width=33) (actual time=8.200..8.200 rows=0 loops=1)
              Hash Cond: (ml.link_type_id = lt.id)
              ->  Nested Loop  (cost=0.00..135102.00 rows=29997 width=25) (actual time=8.200..8.200 rows=0 loops=1)
                    ->  Nested Loop  (cost=0.00..135087.00 rows=1 width=25) (actual time=7.998..8.197 rows=1 loops=1)
                          ->  Nested Loop  (cost=0.00..135085.00 rows=1 width=4) (actual time=7.993..8.191 rows=1 loops=1)
                                ->  Seq Scan on keyword k  (cost=0.00..134170.00 rows=1 width=4) (actual time=7.985..8.184 rows=1 loops=1)
                                      Filter: (keyword = '10,000-mile-club'::text)
                                      Rows Removed by Filter: 134169
                                ->  Index Scan using keyword_id_movie_keyword on movie_keyword mk  (cost=0.00..610.00 rows=305 width=8) (actual time=0.006..0.006 rows=1 loops=1)
                                      Index Cond: (keyword_id = k.id)
                          ->  Index Scan using title_pkey on title t1  (cost=0.00..2.00 rows=1 width=21) (actual time=0.005..0.005 rows=1 loops=1)
                                Index Cond: (id = mk.movie_id)
                    ->  Index Scan using movie_id_movie_link on movie_link ml  (cost=0.00..10.00 rows=5 width=12) (actual time=0.002..0.002 rows=0 loops=1)
                          Index Cond: (movie_id = t1.id)
              ->  Hash  (cost=18.00..18.00 rows=18 width=16) (never executed)
                    ->  Seq Scan on link_type lt  (cost=0.00..18.00 rows=18 width=16) (never executed)
        ->  Index Scan using title_pkey on title t2  (cost=0.00..2.00 rows=1 width=21) (never executed)
              Index Cond: (id = ml.linked_movie_id)
Planning time: 1.005 ms
Execution time: 8.237 ms
