Aggregate  (cost=135653.32..135654.32 rows=1 width=96) (actual time=8.333..8.333 rows=1 loops=1)
  ->  Nested Loop  (cost=0.00..135653.32 rows=10 width=46) (actual time=8.331..8.331 rows=0 loops=1)
        ->  Nested Loop  (cost=0.00..135633.32 rows=10 width=33) (actual time=8.331..8.331 rows=0 loops=1)
              ->  Nested Loop  (cost=0.00..135613.32 rows=10 width=24) (actual time=8.331..8.331 rows=0 loops=1)
                    ->  Nested Loop  (cost=0.00..135595.00 rows=10 width=16) (actual time=8.331..8.331 rows=0 loops=1)
                          ->  Nested Loop  (cost=0.00..135085.00 rows=34 width=4) (actual time=8.127..8.328 rows=1 loops=1)
                                ->  Seq Scan on keyword k  (cost=0.00..134170.00 rows=1 width=4) (actual time=8.120..8.320 rows=1 loops=1)
                                      Filter: (keyword = '10,000-mile-club'::text)
                                      Rows Removed by Filter: 134169
                                ->  Index Scan using keyword_id_movie_keyword on movie_keyword mk  (cost=0.00..610.00 rows=305 width=8) (actual time=0.006..0.006 rows=1 loops=1)
                                      Index Cond: (keyword_id = k.id)
                          ->  Index Scan using movie_id_movie_link on movie_link ml  (cost=0.00..10.00 rows=5 width=12) (actual time=0.002..0.002 rows=0 loops=1)
                                Index Cond: (movie_id = mk.movie_id)
                    ->  Index Scan using link_type_pkey on link_type lt  (cost=0.00..2.00 rows=1 width=16) (never executed)
                          Index Cond: (id = ml.link_type_id)
              ->  Index Scan using title_pkey on title t1  (cost=0.00..2.00 rows=1 width=21) (never executed)
                    Index Cond: (id = mk.movie_id)
        ->  Index Scan using title_pkey on title t2  (cost=0.00..2.00 rows=1 width=21) (never executed)
              Index Cond: (id = ml.linked_movie_id)
Planning time: 1.009 ms
Execution time: 8.367 ms
