Aggregate  (cost=135106.21..135107.21 rows=1 width=96) (actual time=8.086..8.086 rows=1 loops=1)
  ->  Nested Loop  (cost=0.00..135106.21 rows=29997 width=46) (actual time=8.085..8.085 rows=0 loops=1)
        ->  Nested Loop  (cost=0.00..135104.00 rows=1 width=38) (actual time=8.084..8.084 rows=0 loops=1)
              ->  Nested Loop  (cost=0.00..135102.00 rows=0 width=25) (actual time=8.084..8.084 rows=0 loops=1)
                    ->  Nested Loop  (cost=0.00..135087.00 rows=1 width=25) (actual time=7.895..8.082 rows=1 loops=1)
                          ->  Nested Loop  (cost=0.00..135085.00 rows=1 width=4) (actual time=7.891..8.077 rows=1 loops=1)
                                ->  Seq Scan on keyword k  (cost=0.00..134170.00 rows=1 width=4) (actual time=7.884..8.070 rows=1 loops=1)
                                      Filter: (keyword = '10,000-mile-club'::text)
                                      Rows Removed by Filter: 134169
                                ->  Index Scan using keyword_id_movie_keyword on movie_keyword mk  (cost=0.00..610.00 rows=305 width=8) (actual time=0.006..0.006 rows=1 loops=1)
                                      Index Cond: (keyword_id = k.id)
                          ->  Index Scan using title_pkey on title t1  (cost=0.00..2.00 rows=1 width=21) (actual time=0.003..0.003 rows=1 loops=1)
                                Index Cond: (id = mk.movie_id)
                    ->  Index Scan using movie_id_movie_link on movie_link ml  (cost=0.00..10.00 rows=5 width=12) (actual time=0.002..0.002 rows=0 loops=1)
                          Index Cond: (movie_id = t1.id)
              ->  Index Scan using title_pkey on title t2  (cost=0.00..2.00 rows=1 width=21) (never executed)
                    Index Cond: (id = ml.linked_movie_id)
        ->  Index Scan using link_type_pkey on link_type lt  (cost=0.00..2.00 rows=1 width=16) (never executed)
              Index Cond: (id = ml.link_type_id)
Planning time: 1.017 ms
Execution time: 8.120 ms
