Aggregate  (cost=135653.32..135654.32 rows=1 width=96) (actual time=89.353..89.354 rows=1 loops=1)
  ->  Nested Loop  (cost=0.00..135653.32 rows=10 width=46) (actual time=0.423..87.788 rows=4388 loops=1)
        ->  Nested Loop  (cost=0.00..135633.32 rows=10 width=33) (actual time=0.418..74.921 rows=4388 loops=1)
              ->  Nested Loop  (cost=0.00..135613.32 rows=10 width=24) (actual time=0.414..67.715 rows=4388 loops=1)
                    ->  Nested Loop  (cost=0.00..135595.00 rows=10 width=16) (actual time=0.412..63.601 rows=4388 loops=1)
                          ->  Nested Loop  (cost=0.00..135085.00 rows=34 width=4) (actual time=0.381..27.395 rows=41840 loops=1)
                                ->  Seq Scan on keyword k  (cost=0.00..134170.00 rows=1 width=4) (actual time=0.369..7.632 rows=1 loops=1)
                                      Filter: (keyword = 'character-name-in-title'::text)
                                      Rows Removed by Filter: 134169
                                ->  Index Scan using keyword_id_movie_keyword on movie_keyword mk  (cost=0.00..610.00 rows=305 width=8) (actual time=0.011..15.139 rows=41840 loops=1)
                                      Index Cond: (keyword_id = k.id)
                          ->  Index Scan using movie_id_movie_link on movie_link ml  (cost=0.00..10.00 rows=5 width=12) (actual time=0.001..0.001 rows=0 loops=41840)
                                Index Cond: (movie_id = mk.movie_id)
                    ->  Index Scan using link_type_pkey on link_type lt  (cost=0.00..2.00 rows=1 width=16) (actual time=0.001..0.001 rows=1 loops=4388)
                          Index Cond: (id = ml.link_type_id)
              ->  Index Scan using title_pkey on title t1  (cost=0.00..2.00 rows=1 width=21) (actual time=0.001..0.001 rows=1 loops=4388)
                    Index Cond: (id = mk.movie_id)
        ->  Index Scan using title_pkey on title t2  (cost=0.00..2.00 rows=1 width=21) (actual time=0.003..0.003 rows=1 loops=4388)
              Index Cond: (id = ml.linked_movie_id)
Planning time: 1.006 ms
Execution time: 89.389 ms
