Aggregate  (cost=239667.00..239668.00 rows=1 width=96) (actual time=61.668..61.668 rows=1 loops=1)
  ->  Nested Loop  (cost=165118.00..239667.00 rows=12541 width=46) (actual time=37.671..60.139 rows=4388 loops=1)
        ->  Nested Loop  (cost=165118.00..214585.00 rows=12541 width=33) (actual time=37.667..49.855 rows=4388 loops=1)
              ->  Hash Join  (cost=165118.00..189503.00 rows=12541 width=24) (actual time=37.661..42.961 rows=4388 loops=1)
                    Hash Cond: (ml.link_type_id = lt.id)
                    ->  Merge Join  (cost=165082.00..177623.00 rows=12541 width=16) (actual time=37.647..42.003 rows=4388 loops=1)
                          Merge Cond: (mk.movie_id = ml.movie_id)
                          ->  Sort  (cost=135085.00..135085.00 rows=41840 width=4) (actual time=30.780..30.915 rows=2234 loops=1)
                                Sort Key: mk.movie_id
                                Sort Method: quicksort  Memory: 3498kB
                                ->  Nested Loop  (cost=0.00..135085.00 rows=41840 width=4) (actual time=0.397..23.871 rows=41840 loops=1)
                                      ->  Seq Scan on keyword k  (cost=0.00..134170.00 rows=1 width=4) (actual time=0.387..7.761 rows=1 loops=1)
                                            Filter: (keyword = 'character-name-in-title'::text)
                                            Rows Removed by Filter: 134169
                                      ->  Index Scan using keyword_id_movie_keyword on movie_keyword mk  (cost=0.00..610.00 rows=305 width=8) (actual time=0.009..11.761 rows=41840 loops=1)
                                            Index Cond: (keyword_id = k.id)
                          ->  Sort  (cost=29997.00..29997.00 rows=29997 width=12) (actual time=6.816..8.432 rows=29997 loops=1)
                                Sort Key: ml.movie_id
                                Sort Method: quicksort  Memory: 2175kB
                                ->  Seq Scan on movie_link ml  (cost=0.00..29997.00 rows=29997 width=12) (actual time=0.006..2.853 rows=29997 loops=1)
                    ->  Hash  (cost=18.00..18.00 rows=18 width=16) (actual time=0.009..0.009 rows=18 loops=1)
                          Buckets: 1024  Batches: 1  Memory Usage: 9kB
                          ->  Seq Scan on link_type lt  (cost=0.00..18.00 rows=18 width=16) (actual time=0.003..0.005 rows=18 loops=1)
              ->  Index Scan using title_pkey on title t1  (cost=0.00..2.00 rows=1 width=21) (actual time=0.001..0.001 rows=1 loops=4388)
                    Index Cond: (id = mk.movie_id)
        ->  Index Scan using title_pkey on title t2  (cost=0.00..2.00 rows=1 width=21) (actual time=0.002..0.002 rows=1 loops=4388)
              Index Cond: (id = ml.linked_movie_id)
Planning time: 1.056 ms
Execution time: 61.713 ms
