Aggregate  (cost=313933.00..313934.00 rows=1 width=96) (actual time=174.858..174.858 rows=1 loops=1)
  ->  Merge Join  (cost=313437.00..313933.00 rows=1255074480 width=46) (actual time=169.672..173.782 rows=4388 loops=1)
        Merge Cond: (mk.movie_id = t1.id)
        ->  Sort  (cost=135085.00..135085.00 rows=41840 width=4) (actual time=30.765..30.865 rows=2234 loops=1)
              Sort Key: mk.movie_id
              Sort Method: quicksort  Memory: 3498kB
              ->  Nested Loop  (cost=0.00..135085.00 rows=41840 width=4) (actual time=0.385..23.911 rows=41840 loops=1)
                    ->  Seq Scan on keyword k  (cost=0.00..134170.00 rows=1 width=4) (actual time=0.376..7.786 rows=1 loops=1)
                          Filter: (keyword = 'character-name-in-title'::text)
                          Rows Removed by Filter: 134169
                    ->  Index Scan using keyword_id_movie_keyword on movie_keyword mk  (cost=0.00..610.00 rows=305 width=8) (actual time=0.009..11.784 rows=41840 loops=1)
                          Index Cond: (keyword_id = k.id)
        ->  Sort  (cost=178352.00..178352.00 rows=29997 width=54) (actual time=138.849..140.246 rows=29997 loops=1)
              Sort Key: ml.movie_id
              Sort Method: quicksort  Memory: 4612kB
              ->  Nested Loop  (cost=36.00..178352.00 rows=29997 width=54) (actual time=0.027..129.539 rows=29997 loops=1)
                    ->  Nested Loop  (cost=36.00..118358.00 rows=29997 width=41) (actual time=0.023..57.567 rows=29997 loops=1)
                          ->  Hash Join  (cost=36.00..58364.00 rows=29997 width=20) (actual time=0.017..9.405 rows=29997 loops=1)
                                Hash Cond: (ml.link_type_id = lt.id)
                                ->  Seq Scan on movie_link ml  (cost=0.00..29997.00 rows=29997 width=12) (actual time=0.005..2.459 rows=29997 loops=1)
                                ->  Hash  (cost=18.00..18.00 rows=18 width=16) (actual time=0.007..0.007 rows=18 loops=1)
                                      Buckets: 1024  Batches: 1  Memory Usage: 9kB
                                      ->  Seq Scan on link_type lt  (cost=0.00..18.00 rows=18 width=16) (actual time=0.002..0.004 rows=18 loops=1)
                          ->  Index Scan using title_pkey on title t1  (cost=0.00..2.00 rows=1 width=21) (actual time=0.001..0.001 rows=1 loops=29997)
                                Index Cond: (id = ml.movie_id)
                    ->  Index Scan using title_pkey on title t2  (cost=0.00..2.00 rows=1 width=21) (actual time=0.002..0.002 rows=1 loops=29997)
                          Index Cond: (id = ml.linked_movie_id)
Planning time: 1.031 ms
Execution time: 174.904 ms
