Aggregate  (cost=313933.00..313934.00 rows=1 width=96) (actual time=157.003..157.003 rows=1 loops=1)
  ->  Merge Join  (cost=313437.00..313933.00 rows=1255074480 width=46) (actual time=151.959..155.934 rows=4388 loops=1)
        Merge Cond: (mk.movie_id = t1.id)
        ->  Sort  (cost=135085.00..135085.00 rows=41840 width=4) (actual time=33.081..33.179 rows=2234 loops=1)
              Sort Key: mk.movie_id
              Sort Method: quicksort  Memory: 3498kB
              ->  Nested Loop  (cost=0.00..135085.00 rows=41840 width=4) (actual time=0.402..26.141 rows=41840 loops=1)
                    ->  Seq Scan on keyword k  (cost=0.00..134170.00 rows=1 width=4) (actual time=0.391..8.089 rows=1 loops=1)
                          Filter: (keyword = 'character-name-in-title'::text)
                          Rows Removed by Filter: 134169
                    ->  Index Scan using keyword_id_movie_keyword on movie_keyword mk  (cost=0.00..610.00 rows=305 width=8) (actual time=0.010..13.678 rows=41840 loops=1)
                          Index Cond: (keyword_id = k.id)
        ->  Sort  (cost=178352.00..178352.00 rows=29997 width=54) (actual time=118.821..120.169 rows=29997 loops=1)
              Sort Key: ml.movie_id
              Sort Method: quicksort  Memory: 4612kB
              ->  Nested Loop  (cost=36.00..178352.00 rows=29997 width=54) (actual time=0.027..110.651 rows=29997 loops=1)
                    ->  Nested Loop  (cost=36.00..118358.00 rows=29997 width=41) (actual time=0.024..49.920 rows=29997 loops=1)
                          ->  Hash Join  (cost=36.00..58364.00 rows=29997 width=20) (actual time=0.019..8.205 rows=29997 loops=1)
                                Hash Cond: (ml.link_type_id = lt.id)
                                ->  Seq Scan on movie_link ml  (cost=0.00..29997.00 rows=29997 width=12) (actual time=0.005..2.155 rows=29997 loops=1)
                                ->  Hash  (cost=18.00..18.00 rows=18 width=16) (actual time=0.009..0.009 rows=18 loops=1)
                                      Buckets: 1024  Batches: 1  Memory Usage: 9kB
                                      ->  Seq Scan on link_type lt  (cost=0.00..18.00 rows=18 width=16) (actual time=0.003..0.005 rows=18 loops=1)
                          ->  Index Scan using title_pkey on title t1  (cost=0.00..2.00 rows=1 width=21) (actual time=0.001..0.001 rows=1 loops=29997)
                                Index Cond: (id = ml.movie_id)
                    ->  Index Scan using title_pkey on title t2  (cost=0.00..2.00 rows=1 width=21) (actual time=0.002..0.002 rows=1 loops=29997)
                          Index Cond: (id = ml.linked_movie_id)
Planning time: 1.102 ms
Execution time: 157.050 ms
