Aggregate  (cost=45017.00..45018.00 rows=1 width=192) (actual time=17.794..17.794 rows=1 loops=1)
  ->  Nested Loop  (cost=44991.00..45017.00 rows=1 width=82) (actual time=17.679..17.786 rows=8 loops=1)
        ->  Nested Loop  (cost=44991.00..45013.00 rows=1 width=86) (actual time=17.677..17.760 rows=24 loops=1)
              ->  Nested Loop  (cost=44991.00..45009.00 rows=1 width=90) (actual time=17.674..17.735 rows=24 loops=1)
                    ->  Nested Loop  (cost=44991.00..45007.00 rows=1 width=75) (actual time=17.672..17.692 rows=24 loops=1)
                          ->  Merge Join  (cost=44991.00..44992.00 rows=1 width=83) (actual time=17.668..17.671 rows=6 loops=1)
                                Merge Cond: (mi_idx2.info_type_id = it2.id)
                                ->  Sort  (cost=44878.00..44878.00 rows=102 width=87) (actual time=17.573..17.604 rows=633 loops=1)
                                      Sort Key: mi_idx2.info_type_id
                                      Sort Method: quicksort  Memory: 134kB
                                      ->  Merge Join  (cost=44776.00..44878.00 rows=102 width=87) (actual time=17.246..17.407 rows=633 loops=1)
                                            Merge Cond: (kt1.id = t1.kind_id)
                                            ->  Sort  (cost=7.00..7.00 rows=1 width=4) (actual time=0.007..0.007 rows=1 loops=1)
                                                  Sort Key: kt1.id
                                                  Sort Method: quicksort  Memory: 25kB
                                                  ->  Seq Scan on kind_type kt1  (cost=0.00..7.00 rows=1 width=4) (actual time=0.004..0.005 rows=1 loops=1)
                                                        Filter: ((kind)::text = 'tv series'::text)
                                                        Rows Removed by Filter: 6
                                            ->  Sort  (cost=44769.00..44769.00 rows=713 width=91) (actual time=17.237..17.269 rows=634 loops=1)
                                                  Sort Key: t1.kind_id
                                                  Sort Method: quicksort  Memory: 149kB
                                                  ->  Nested Loop  (cost=0.00..44769.00 rows=713 width=91) (actual time=0.587..16.995 rows=693 loops=1)
                                                        ->  Nested Loop  (cost=0.00..43343.00 rows=713 width=82) (actual time=0.585..15.923 rows=693 loops=1)
                                                              ->  Nested Loop  (cost=0.00..41201.00 rows=238 width=69) (actual time=0.583..15.315 rows=238 loops=1)
                                                                    ->  Nested Loop  (cost=0.00..37981.00 rows=1610 width=54) (actual time=0.098..12.588 rows=1610 loops=1)
                                                                          ->  Nested Loop  (cost=0.00..33361.00 rows=308 width=46) (actual time=0.095..11.519 rows=308 loops=1)
                                                                                ->  Nested Loop  (cost=0.00..27473.00 rows=2944 width=21) (actual time=0.017..6.345 rows=2944 loops=1)
                                                                                      ->  Nested Loop  (cost=0.00..11268.00 rows=2315 width=8) (actual time=0.012..0.722 rows=2315 loops=1)
                                                                                            ->  Seq Scan on link_type lt  (cost=0.00..18.00 rows=2 width=4) (actual time=0.002..0.006 rows=2 loops=1)
                                                                                                  Filter: ((link)::text = ANY ('{sequel,follows,"followed by"}'::text[]))
                                                                                                  Rows Removed by Filter: 16
                                                                                            ->  Index Scan using link_type_id_movie_link on movie_link ml  (cost=0.00..3750.00 rows=1875 width=12) (actual time=0.007..0.213 rows=1158 loops=2)
                                                                                                  Index Cond: (link_type_id = lt.id)
                                                                                      ->  Index Scan using movie_id_movie_info_idx on movie_info_idx mi_idx2  (cost=0.00..6.00 rows=1 width=13) (actual time=0.002..0.002 rows=1 loops=2315)
                                                                                            Index Cond: (movie_id = ml.linked_movie_id)
                                                                                            Filter: (info < '3.0'::text)
                                                                                            Rows Removed by Filter: 1
                                                                                ->  Index Scan using title_pkey on title t2  (cost=0.00..2.00 rows=1 width=25) (actual time=0.002..0.002 rows=0 loops=2944)
                                                                                      Index Cond: (id = ml.linked_movie_id)
                                                                                      Filter: ((production_year >= 2005) AND (production_year <= 2008))
                                                                                      Rows Removed by Filter: 1
                                                                          ->  Index Scan using movie_id_movie_companies on movie_companies mc1  (cost=0.00..10.00 rows=5 width=8) (actual time=0.002..0.003 rows=5 loops=308)
                                                                                Index Cond: (movie_id = ml.movie_id)
                                                                    ->  Index Scan using company_name_pkey on company_name cn1  (cost=0.00..2.00 rows=1 width=23) (actual time=0.002..0.002 rows=0 loops=1610)
                                                                          Index Cond: (id = mc1.company_id)
                                                                          Filter: ((country_code)::text = '[us]'::text)
                                                                          Rows Removed by Filter: 1
                                                              ->  Index Scan using movie_id_movie_info_idx on movie_info_idx mi_idx1  (cost=0.00..6.00 rows=3 width=13) (actual time=0.001..0.002 rows=3 loops=238)
                                                                    Index Cond: (movie_id = ml.movie_id)
                                                        ->  Index Scan using title_pkey on title t1  (cost=0.00..2.00 rows=1 width=25) (actual time=0.001..0.001 rows=1 loops=693)
                                                              Index Cond: (id = ml.movie_id)
                                ->  Sort  (cost=113.00..113.00 rows=1 width=4) (actual time=0.014..0.014 rows=1 loops=1)
                                      Sort Key: it2.id
                                      Sort Method: quicksort  Memory: 25kB
                                      ->  Seq Scan on info_type it2  (cost=0.00..113.00 rows=1 width=4) (actual time=0.010..0.011 rows=1 loops=1)
                                            Filter: ((info)::text = 'rating'::text)
                                            Rows Removed by Filter: 112
                          ->  Index Scan using movie_id_movie_companies on movie_companies mc2  (cost=0.00..10.00 rows=5 width=8) (actual time=0.002..0.003 rows=4 loops=6)
                                Index Cond: (movie_id = t2.id)
                    ->  Index Scan using company_name_pkey on company_name cn2  (cost=0.00..2.00 rows=1 width=23) (actual time=0.001..0.001 rows=1 loops=24)
                          Index Cond: (id = mc2.company_id)
              ->  Index Scan using kind_type_pkey on kind_type kt2  (cost=0.00..2.00 rows=1 width=4) (actual time=0.001..0.001 rows=1 loops=24)
                    Index Cond: (id = t2.kind_id)
                    Filter: ((kind)::text = 'tv series'::text)
        ->  Index Scan using info_type_pkey on info_type it1  (cost=0.00..2.00 rows=1 width=4) (actual time=0.001..0.001 rows=0 loops=24)
              Index Cond: (id = mi_idx1.info_type_id)
              Filter: ((info)::text = 'rating'::text)
              Rows Removed by Filter: 1
Planning time: 60.191 ms
Execution time: 17.876 ms
