Aggregate  (cost=23614.00..23615.00 rows=1 width=192) (actual time=16.066..16.066 rows=1 loops=1)
  ->  Nested Loop  (cost=8.00..23614.00 rows=1 width=82) (actual time=0.949..16.058 rows=8 loops=1)
        ->  Nested Loop  (cost=8.00..23610.00 rows=1 width=86) (actual time=0.348..15.386 rows=815 loops=1)
              ->  Nested Loop  (cost=8.00..23608.00 rows=1 width=71) (actual time=0.346..14.125 rows=815 loops=1)
                    ->  Nested Loop  (cost=8.00..23593.00 rows=1 width=79) (actual time=0.344..13.717 rows=96 loops=1)
                          ->  Nested Loop  (cost=8.00..23589.00 rows=1 width=83) (actual time=0.342..13.499 rows=211 loops=1)
                                ->  Nested Loop  (cost=8.00..23587.00 rows=1 width=68) (actual time=0.068..12.011 rows=837 loops=1)
                                      ->  Nested Loop  (cost=8.00..23535.00 rows=25 width=72) (actual time=0.064..9.711 rows=2511 loops=1)
                                            ->  Hash Join  (cost=8.00..23130.00 rows=45 width=75) (actual time=0.061..7.665 rows=879 loops=1)
                                                  Hash Cond: (t1.kind_id = kt1.id)
                                                  ->  Nested Loop  (cost=0.00..22849.00 rows=318 width=79) (actual time=0.054..7.404 rows=1610 loops=1)
                                                        ->  Nested Loop  (cost=0.00..18229.00 rows=308 width=71) (actual time=0.051..6.322 rows=308 loops=1)
                                                              ->  Nested Loop  (cost=0.00..17613.00 rows=308 width=46) (actual time=0.049..5.743 rows=308 loops=1)
                                                                    ->  Nested Loop  (cost=0.00..15898.00 rows=245 width=33) (actual time=0.045..5.065 rows=245 loops=1)
                                                                          ->  Nested Loop  (cost=0.00..11268.00 rows=2315 width=8) (actual time=0.014..0.707 rows=2315 loops=1)
                                                                                ->  Seq Scan on link_type lt  (cost=0.00..18.00 rows=2 width=4) (actual time=0.004..0.007 rows=2 loops=1)
                                                                                      Filter: ((link)::text = ANY ('{sequel,follows,"followed by"}'::text[]))
                                                                                      Rows Removed by Filter: 16
                                                                                ->  Index Scan using link_type_id_movie_link on movie_link ml  (cost=0.00..3750.00 rows=1875 width=12) (actual time=0.007..0.213 rows=1158 loops=2)
                                                                                      Index Cond: (link_type_id = lt.id)
                                                                          ->  Index Scan using title_pkey on title t2  (cost=0.00..2.00 rows=1 width=25) (actual time=0.002..0.002 rows=0 loops=2315)
                                                                                Index Cond: (id = ml.linked_movie_id)
                                                                                Filter: ((production_year >= 2005) AND (production_year <= 2008))
                                                                                Rows Removed by Filter: 1
                                                                    ->  Index Scan using movie_id_movie_info_idx on movie_info_idx mi_idx2  (cost=0.00..6.00 rows=1 width=13) (actual time=0.002..0.002 rows=1 loops=245)
                                                                          Index Cond: (movie_id = t2.id)
                                                                          Filter: (info < '3.0'::text)
                                                                          Rows Removed by Filter: 1
                                                              ->  Index Scan using title_pkey on title t1  (cost=0.00..2.00 rows=1 width=25) (actual time=0.002..0.002 rows=1 loops=308)
                                                                    Index Cond: (id = ml.movie_id)
                                                        ->  Index Scan using movie_id_movie_companies on movie_companies mc1  (cost=0.00..10.00 rows=5 width=8) (actual time=0.002..0.003 rows=5 loops=308)
                                                              Index Cond: (movie_id = t1.id)
                                                  ->  Hash  (cost=7.00..7.00 rows=1 width=4) (actual time=0.004..0.004 rows=1 loops=1)
                                                        Buckets: 1024  Batches: 1  Memory Usage: 9kB
                                                        ->  Seq Scan on kind_type kt1  (cost=0.00..7.00 rows=1 width=4) (actual time=0.002..0.003 rows=1 loops=1)
                                                              Filter: ((kind)::text = 'tv series'::text)
                                                              Rows Removed by Filter: 6
                                            ->  Index Scan using movie_id_movie_info_idx on movie_info_idx mi_idx1  (cost=0.00..6.00 rows=3 width=13) (actual time=0.001..0.002 rows=3 loops=879)
                                                  Index Cond: (movie_id = t1.id)
                                      ->  Index Scan using info_type_pkey on info_type it1  (cost=0.00..2.00 rows=1 width=4) (actual time=0.001..0.001 rows=0 loops=2511)
                                            Index Cond: (id = mi_idx1.info_type_id)
                                            Filter: ((info)::text = 'rating'::text)
                                            Rows Removed by Filter: 1
                                ->  Index Scan using company_name_pkey on company_name cn1  (cost=0.00..2.00 rows=1 width=23) (actual time=0.002..0.002 rows=0 loops=837)
                                      Index Cond: (id = mc1.company_id)
                                      Filter: ((country_code)::text = '[us]'::text)
                                      Rows Removed by Filter: 1
                          ->  Index Scan using kind_type_pkey on kind_type kt2  (cost=0.00..2.00 rows=1 width=4) (actual time=0.001..0.001 rows=0 loops=211)
                                Index Cond: (id = t2.kind_id)
                                Filter: ((kind)::text = 'tv series'::text)
                                Rows Removed by Filter: 1
                    ->  Index Scan using movie_id_movie_companies on movie_companies mc2  (cost=0.00..10.00 rows=5 width=8) (actual time=0.002..0.003 rows=8 loops=96)
                          Index Cond: (movie_id = t2.id)
              ->  Index Scan using company_name_pkey on company_name cn2  (cost=0.00..2.00 rows=1 width=23) (actual time=0.001..0.001 rows=1 loops=815)
                    Index Cond: (id = mc2.company_id)
        ->  Index Scan using info_type_pkey on info_type it2  (cost=0.00..2.00 rows=1 width=4) (actual time=0.001..0.001 rows=0 loops=815)
              Index Cond: (id = mi_idx2.info_type_id)
              Filter: ((info)::text = 'rating'::text)
              Rows Removed by Filter: 1
Planning time: 60.369 ms
Execution time: 16.144 ms
