Aggregate  (cost=69560.00..69561.00 rows=1 width=192) (actual time=18.235..18.235 rows=1 loops=1)
  ->  Nested Loop  (cost=69538.00..69560.00 rows=1 width=82) (actual time=18.111..18.227 rows=8 loops=1)
        ->  Nested Loop  (cost=69538.00..69558.00 rows=1 width=67) (actual time=18.108..18.211 rows=8 loops=1)
              ->  Nested Loop  (cost=69538.00..69543.00 rows=1 width=75) (actual time=18.105..18.203 rows=2 loops=1)
                    ->  Merge Join  (cost=69538.00..69539.00 rows=1 width=79) (actual time=18.092..18.118 rows=96 loops=1)
                          Merge Cond: (t2.kind_id = kt2.id)
                          ->  Sort  (cost=69531.00..69531.00 rows=5 width=83) (actual time=18.083..18.089 rows=121 loops=1)
                                Sort Key: t2.kind_id
                                Sort Method: quicksort  Memory: 58kB
                                ->  Merge Join  (cost=69526.00..69531.00 rows=5 width=83) (actual time=17.968..18.023 rows=211 loops=1)
                                      Merge Cond: (mi_idx1.info_type_id = it1.id)
                                      ->  Sort  (cost=69413.00..69413.00 rows=542 width=87) (actual time=17.891..17.923 rows=633 loops=1)
                                            Sort Key: mi_idx1.info_type_id
                                            Sort Method: quicksort  Memory: 133kB
                                            ->  Merge Join  (cost=68871.00..69413.00 rows=542 width=87) (actual time=17.552..17.711 rows=633 loops=1)
                                                  Merge Cond: (kt1.id = t1.kind_id)
                                                  ->  Sort  (cost=7.00..7.00 rows=1 width=4) (actual time=0.007..0.007 rows=1 loops=1)
                                                        Sort Key: kt1.id
                                                        Sort Method: quicksort  Memory: 25kB
                                                        ->  Seq Scan on kind_type kt1  (cost=0.00..7.00 rows=1 width=4) (actual time=0.005..0.005 rows=1 loops=1)
                                                              Filter: ((kind)::text = 'tv series'::text)
                                                              Rows Removed by Filter: 6
                                                  ->  Sort  (cost=68864.00..68864.00 rows=3794 width=91) (actual time=17.543..17.575 rows=634 loops=1)
                                                        Sort Key: t1.kind_id
                                                        Sort Method: quicksort  Memory: 147kB
                                                        ->  Nested Loop  (cost=0.00..68864.00 rows=3794 width=91) (actual time=0.600..17.301 rows=693 loops=1)
                                                              ->  Nested Loop  (cost=0.00..61276.00 rows=3794 width=82) (actual time=0.597..16.217 rows=693 loops=1)
                                                                    ->  Nested Loop  (cost=0.00..49873.00 rows=1267 width=69) (actual time=0.595..15.608 rows=238 loops=1)
                                                                          ->  Nested Loop  (cost=0.00..42855.00 rows=3509 width=54) (actual time=0.098..12.816 rows=1610 loops=1)
                                                                                ->  Nested Loop  (cost=0.00..34095.00 rows=584 width=46) (actual time=0.095..11.706 rows=308 loops=1)
                                                                                      ->  Nested Loop  (cost=0.00..27473.00 rows=3311 width=21) (actual time=0.018..6.463 rows=2944 loops=1)
                                                                                            ->  Nested Loop  (cost=0.00..11268.00 rows=2315 width=8) (actual time=0.012..0.750 rows=2315 loops=1)
                                                                                                  ->  Seq Scan on link_type lt  (cost=0.00..18.00 rows=2 width=4) (actual time=0.002..0.006 rows=2 loops=1)
                                                                                                        Filter: ((link)::text = ANY ('{sequel,follows,"followed by"}'::text[]))
                                                                                                        Rows Removed by Filter: 16
                                                                                                  ->  Index Scan using link_type_id_movie_link on movie_link ml  (cost=0.00..3750.00 rows=1875 width=12) (actual time=0.008..0.225 rows=1158 loops=2)
                                                                                                        Index Cond: (link_type_id = lt.id)
                                                                                            ->  Index Scan using movie_id_movie_info_idx on movie_info_idx mi_idx2  (cost=0.00..6.00 rows=1 width=13) (actual time=0.002..0.002 rows=1 loops=2315)
                                                                                                  Index Cond: (movie_id = ml.linked_movie_id)
                                                                                                  Filter: (info < '3.0'::text)
                                                                                                  Rows Removed by Filter: 1
                                                                                      ->  Index Scan using title_pkey on title t2  (cost=0.00..2.00 rows=1 width=25) (actual time=0.002..0.002 rows=0 loops=2944)
                                                                                            Index Cond: (id = ml.linked_movie_id)
                                                                                            Filter: ((production_year >= 2005) AND (production_year <= 2008))
                                                                                            Rows Removed by Filter: 1
                                                                                ->  Index Scan using movie_id_movie_companies on movie_companies mc1  (cost=0.00..10.00 rows=5 width=8) (actual time=0.002..0.003 rows=5 loops=308)
                                                                                      Index Cond: (movie_id = ml.movie_id)
                                                                          ->  Index Scan using company_name_pkey on company_name cn1  (cost=0.00..2.00 rows=1 width=23) (actual time=0.002..0.002 rows=0 loops=1610)
                                                                                Index Cond: (id = mc1.company_id)
                                                                                Filter: ((country_code)::text = '[us]'::text)
                                                                                Rows Removed by Filter: 1
                                                                    ->  Index Scan using movie_id_movie_info_idx on movie_info_idx mi_idx1  (cost=0.00..6.00 rows=3 width=13) (actual time=0.001..0.002 rows=3 loops=238)
                                                                          Index Cond: (movie_id = ml.movie_id)
                                                              ->  Index Scan using title_pkey on title t1  (cost=0.00..2.00 rows=1 width=25) (actual time=0.001..0.001 rows=1 loops=693)
                                                                    Index Cond: (id = ml.movie_id)
                                      ->  Sort  (cost=113.00..113.00 rows=1 width=4) (actual time=0.014..0.014 rows=1 loops=1)
                                            Sort Key: it1.id
                                            Sort Method: quicksort  Memory: 25kB
                                            ->  Seq Scan on info_type it1  (cost=0.00..113.00 rows=1 width=4) (actual time=0.010..0.011 rows=1 loops=1)
                                                  Filter: ((info)::text = 'rating'::text)
                                                  Rows Removed by Filter: 112
                          ->  Sort  (cost=7.00..7.00 rows=1 width=4) (actual time=0.004..0.004 rows=1 loops=1)
                                Sort Key: kt2.id
                                Sort Method: quicksort  Memory: 25kB
                                ->  Seq Scan on kind_type kt2  (cost=0.00..7.00 rows=1 width=4) (actual time=0.002..0.003 rows=1 loops=1)
                                      Filter: ((kind)::text = 'tv series'::text)
                                      Rows Removed by Filter: 6
                    ->  Index Scan using info_type_pkey on info_type it2  (cost=0.00..2.00 rows=1 width=4) (actual time=0.001..0.001 rows=0 loops=96)
                          Index Cond: (id = mi_idx2.info_type_id)
                          Filter: ((info)::text = 'rating'::text)
                          Rows Removed by Filter: 1
              ->  Index Scan using movie_id_movie_companies on movie_companies mc2  (cost=0.00..10.00 rows=5 width=8) (actual time=0.002..0.003 rows=4 loops=2)
                    Index Cond: (movie_id = t2.id)
        ->  Index Scan using company_name_pkey on company_name cn2  (cost=0.00..2.00 rows=1 width=23) (actual time=0.002..0.002 rows=1 loops=8)
              Index Cond: (id = mc2.company_id)
Planning time: 60.547 ms
Execution time: 18.319 ms
