Aggregate  (cost=50325.00..50326.00 rows=1 width=192) (actual time=17.976..17.976 rows=1 loops=1)
  ->  Nested Loop  (cost=50279.00..50325.00 rows=1 width=82) (actual time=17.862..17.968 rows=8 loops=1)
        ->  Nested Loop  (cost=50279.00..50321.00 rows=1 width=86) (actual time=17.860..17.942 rows=24 loops=1)
              ->  Nested Loop  (cost=50279.00..50315.00 rows=2 width=90) (actual time=17.858..17.918 rows=24 loops=1)
                    ->  Nested Loop  (cost=50279.00..50311.00 rows=2 width=75) (actual time=17.856..17.875 rows=24 loops=1)
                          ->  Merge Join  (cost=50279.00..50281.00 rows=2 width=83) (actual time=17.852..17.854 rows=6 loops=1)
                                Merge Cond: (mi_idx2.info_type_id = it2.id)
                                ->  Sort  (cost=50166.00..50166.00 rows=249 width=87) (actual time=17.758..17.789 rows=633 loops=1)
                                      Sort Key: mi_idx2.info_type_id
                                      Sort Method: quicksort  Memory: 134kB
                                      ->  Merge Join  (cost=49917.00..50166.00 rows=249 width=87) (actual time=17.431..17.592 rows=633 loops=1)
                                            Merge Cond: (kt1.id = t1.kind_id)
                                            ->  Sort  (cost=7.00..7.00 rows=1 width=4) (actual time=0.007..0.007 rows=1 loops=1)
                                                  Sort Key: kt1.id
                                                  Sort Method: quicksort  Memory: 25kB
                                                  ->  Seq Scan on kind_type kt1  (cost=0.00..7.00 rows=1 width=4) (actual time=0.004..0.005 rows=1 loops=1)
                                                        Filter: ((kind)::text = 'tv series'::text)
                                                        Rows Removed by Filter: 6
                                            ->  Sort  (cost=49910.00..49910.00 rows=1740 width=91) (actual time=17.422..17.454 rows=634 loops=1)
                                                  Sort Key: t1.kind_id
                                                  Sort Method: quicksort  Memory: 149kB
                                                  ->  Nested Loop  (cost=0.00..49910.00 rows=1740 width=91) (actual time=0.588..17.180 rows=693 loops=1)
                                                        ->  Nested Loop  (cost=0.00..46430.00 rows=1740 width=82) (actual time=0.586..16.120 rows=693 loops=1)
                                                              ->  Nested Loop  (cost=0.00..41201.00 rows=581 width=69) (actual time=0.583..15.528 rows=238 loops=1)
                                                                    ->  Nested Loop  (cost=0.00..37981.00 rows=1610 width=54) (actual time=0.098..12.826 rows=1610 loops=1)
                                                                          ->  Nested Loop  (cost=0.00..33361.00 rows=308 width=46) (actual time=0.095..11.755 rows=308 loops=1)
                                                                                ->  Nested Loop  (cost=0.00..27473.00 rows=2944 width=21) (actual time=0.017..6.485 rows=2944 loops=1)
                                                                                      ->  Nested Loop  (cost=0.00..11268.00 rows=2315 width=8) (actual time=0.012..0.714 rows=2315 loops=1)
                                                                                            ->  Seq Scan on link_type lt  (cost=0.00..18.00 rows=2 width=4) (actual time=0.002..0.006 rows=2 loops=1)
                                                                                                  Filter: ((link)::text = ANY ('{sequel,follows,"followed by"}'::text[]))
                                                                                                  Rows Removed by Filter: 16
                                                                                            ->  Index Scan using link_type_id_movie_link on movie_link ml  (cost=0.00..3750.00 rows=1875 width=12) (actual time=0.007..0.213 rows=1158 loops=2)
                                                                                                  Index Cond: (link_type_id = lt.id)
                                                                                      ->  Index Scan using movie_id_movie_info_idx on movie_info_idx mi_idx2  (cost=0.00..6.00 rows=1 width=13) (actual time=0.002..0.002 rows=1 loops=2315)
                                                                                            Index Cond: (movie_id = ml.linked_movie_id)
                                                                                            Filter: (info < '3.0'::text)
                                                                                            Rows Removed by Filter: 1
                                                                                ->  Index Scan using title_pkey on title t2  (cost=0.00..2.00 rows=1 width=25) (actual time=0.002..0.002 rows=0 loops=2944)
                                                                                      Index Cond: (id = ml.linked_movie_id)
                                                                                      Filter: ((production_year >= 2005) AND (production_year <= 2008))
                                                                                      Rows Removed by Filter: 1
                                                                          ->  Index Scan using movie_id_movie_companies on movie_companies mc1  (cost=0.00..10.00 rows=5 width=8) (actual time=0.002..0.003 rows=5 loops=308)
                                                                                Index Cond: (movie_id = ml.movie_id)
                                                                    ->  Index Scan using company_name_pkey on company_name cn1  (cost=0.00..2.00 rows=1 width=23) (actual time=0.001..0.001 rows=0 loops=1610)
                                                                          Index Cond: (id = mc1.company_id)
                                                                          Filter: ((country_code)::text = '[us]'::text)
                                                                          Rows Removed by Filter: 1
                                                              ->  Index Scan using movie_id_movie_info_idx on movie_info_idx mi_idx1  (cost=0.00..6.00 rows=3 width=13) (actual time=0.001..0.002 rows=3 loops=238)
                                                                    Index Cond: (movie_id = ml.movie_id)
                                                        ->  Index Scan using title_pkey on title t1  (cost=0.00..2.00 rows=1 width=25) (actual time=0.001..0.001 rows=1 loops=693)
                                                              Index Cond: (id = ml.movie_id)
                                ->  Sort  (cost=113.00..113.00 rows=1 width=4) (actual time=0.013..0.013 rows=1 loops=1)
                                      Sort Key: it2.id
                                      Sort Method: quicksort  Memory: 25kB
                                      ->  Seq Scan on info_type it2  (cost=0.00..113.00 rows=1 width=4) (actual time=0.010..0.011 rows=1 loops=1)
                                            Filter: ((info)::text = 'rating'::text)
                                            Rows Removed by Filter: 112
                          ->  Index Scan using movie_id_movie_companies on movie_companies mc2  (cost=0.00..10.00 rows=5 width=8) (actual time=0.002..0.003 rows=4 loops=6)
                                Index Cond: (movie_id = t2.id)
                    ->  Index Scan using company_name_pkey on company_name cn2  (cost=0.00..2.00 rows=1 width=23) (actual time=0.001..0.001 rows=1 loops=24)
                          Index Cond: (id = mc2.company_id)
              ->  Index Scan using kind_type_pkey on kind_type kt2  (cost=0.00..2.00 rows=1 width=4) (actual time=0.001..0.001 rows=1 loops=24)
                    Index Cond: (id = t2.kind_id)
                    Filter: ((kind)::text = 'tv series'::text)
        ->  Index Scan using info_type_pkey on info_type it1  (cost=0.00..2.00 rows=1 width=4) (actual time=0.001..0.001 rows=0 loops=24)
              Index Cond: (id = mi_idx1.info_type_id)
              Filter: ((info)::text = 'rating'::text)
              Rows Removed by Filter: 1
Planning time: 60.185 ms
Execution time: 18.057 ms
