Aggregate  (cost=11529.00..11530.00 rows=1 width=192) (actual time=5.898..5.898 rows=1 loops=1)
  ->  Nested Loop  (cost=0.00..11529.00 rows=1 width=82) (actual time=0.500..5.892 rows=4 loops=1)
        ->  Nested Loop  (cost=0.00..11527.00 rows=1 width=67) (actual time=0.498..5.882 rows=4 loops=1)
              ->  Nested Loop  (cost=0.00..11512.00 rows=1 width=75) (actual time=0.495..5.877 rows=1 loops=1)
                    ->  Nested Loop  (cost=0.00..11508.00 rows=1 width=79) (actual time=0.494..5.876 rows=1 loops=1)
                          ->  Nested Loop  (cost=0.00..11506.00 rows=1 width=64) (actual time=0.490..5.865 rows=4 loops=1)
                                ->  Nested Loop  (cost=0.00..11491.00 rows=1 width=72) (actual time=0.487..5.856 rows=2 loops=1)
                                      ->  Nested Loop  (cost=0.00..11487.00 rows=1 width=76) (actual time=0.460..5.849 rows=6 loops=1)
                                            ->  Nested Loop  (cost=0.00..11469.00 rows=8 width=80) (actual time=0.354..5.723 rows=123 loops=1)
                                                  ->  Nested Loop  (cost=0.00..11343.00 rows=59 width=84) (actual time=0.352..5.598 rows=123 loops=1)
                                                        ->  Nested Loop  (cost=0.00..11225.00 rows=59 width=59) (actual time=0.349..5.375 rows=123 loops=1)
                                                              ->  Nested Loop  (cost=0.00..9650.00 rows=225 width=46) (actual time=0.346..5.149 rows=75 loops=1)
                                                                    ->  Nested Loop  (cost=0.00..8975.00 rows=75 width=33) (actual time=0.066..5.037 rows=37 loops=1)
                                                                          ->  Nested Loop  (cost=0.00..5643.00 rows=1666 width=8) (actual time=0.014..0.718 rows=2315 loops=1)
                                                                                ->  Seq Scan on link_type lt  (cost=0.00..18.00 rows=1 width=4) (actual time=0.004..0.008 rows=2 loops=1)
                                                                                      Filter: ((link)::text ~~ '%follow%'::text)
                                                                                      Rows Removed by Filter: 16
                                                                                ->  Index Scan using link_type_id_movie_link on movie_link ml  (cost=0.00..3750.00 rows=1875 width=12) (actual time=0.008..0.211 rows=1158 loops=2)
                                                                                      Index Cond: (link_type_id = lt.id)
                                                                          ->  Index Scan using title_pkey on title t2  (cost=0.00..2.00 rows=1 width=25) (actual time=0.002..0.002 rows=0 loops=2315)
                                                                                Index Cond: (id = ml.linked_movie_id)
                                                                                Filter: (production_year = 2007)
                                                                                Rows Removed by Filter: 1
                                                                    ->  Index Scan using movie_id_movie_info_idx on movie_info_idx mi_idx1  (cost=0.00..6.00 rows=3 width=13) (actual time=0.002..0.002 rows=2 loops=37)
                                                                          Index Cond: (movie_id = ml.movie_id)
                                                              ->  Index Scan using movie_id_movie_info_idx on movie_info_idx mi_idx2  (cost=0.00..6.00 rows=1 width=13) (actual time=0.002..0.003 rows=2 loops=75)
                                                                    Index Cond: (movie_id = t2.id)
                                                                    Filter: (info < '3.0'::text)
                                                                    Rows Removed by Filter: 1
                                                        ->  Index Scan using title_pkey on title t1  (cost=0.00..2.00 rows=1 width=25) (actual time=0.001..0.001 rows=1 loops=123)
                                                              Index Cond: (id = ml.movie_id)
                                                  ->  Index Scan using kind_type_pkey on kind_type kt1  (cost=0.00..2.00 rows=1 width=4) (actual time=0.001..0.001 rows=1 loops=123)
                                                        Index Cond: (id = t1.kind_id)
                                                        Filter: ((kind)::text = 'tv series'::text)
                                            ->  Index Scan using info_type_pkey on info_type it2  (cost=0.00..2.00 rows=1 width=4) (actual time=0.001..0.001 rows=0 loops=123)
                                                  Index Cond: (id = mi_idx2.info_type_id)
                                                  Filter: ((info)::text = 'rating'::text)
                                                  Rows Removed by Filter: 1
                                      ->  Index Scan using info_type_pkey on info_type it1  (cost=0.00..2.00 rows=1 width=4) (actual time=0.001..0.001 rows=0 loops=6)
                                            Index Cond: (id = mi_idx1.info_type_id)
                                            Filter: ((info)::text = 'rating'::text)
                                            Rows Removed by Filter: 1
                                ->  Index Scan using movie_id_movie_companies on movie_companies mc1  (cost=0.00..10.00 rows=5 width=8) (actual time=0.003..0.003 rows=2 loops=2)
                                      Index Cond: (movie_id = t1.id)
                          ->  Index Scan using company_name_pkey on company_name cn1  (cost=0.00..2.00 rows=1 width=23) (actual time=0.002..0.002 rows=0 loops=4)
                                Index Cond: (id = mc1.company_id)
                                Filter: ((country_code)::text = '[nl]'::text)
                                Rows Removed by Filter: 1
                    ->  Index Scan using kind_type_pkey on kind_type kt2  (cost=0.00..2.00 rows=1 width=4) (actual time=0.001..0.001 rows=1 loops=1)
                          Index Cond: (id = t2.kind_id)
                          Filter: ((kind)::text = 'tv series'::text)
              ->  Index Scan using movie_id_movie_companies on movie_companies mc2  (cost=0.00..10.00 rows=5 width=8) (actual time=0.002..0.004 rows=4 loops=1)
                    Index Cond: (movie_id = t2.id)
        ->  Index Scan using company_name_pkey on company_name cn2  (cost=0.00..2.00 rows=1 width=23) (actual time=0.002..0.002 rows=1 loops=4)
              Index Cond: (id = mc2.company_id)
Planning time: 60.591 ms
Execution time: 5.975 ms
