Aggregate  (cost=16443.00..16444.00 rows=1 width=192) (actual time=5.442..5.442 rows=1 loops=1)
  ->  Nested Loop  (cost=0.00..16443.00 rows=1 width=82) (actual time=0.491..5.436 rows=4 loops=1)
        ->  Nested Loop  (cost=0.00..16441.00 rows=1 width=67) (actual time=0.489..5.427 rows=4 loops=1)
              ->  Nested Loop  (cost=0.00..16426.00 rows=1 width=75) (actual time=0.486..5.422 rows=1 loops=1)
                    ->  Nested Loop  (cost=0.00..16424.00 rows=1 width=60) (actual time=0.483..5.411 rows=4 loops=1)
                          ->  Nested Loop  (cost=0.00..16409.00 rows=1 width=68) (actual time=0.479..5.402 rows=2 loops=1)
                                ->  Nested Loop  (cost=0.00..16405.00 rows=1 width=72) (actual time=0.455..5.395 rows=6 loops=1)
                                      ->  Nested Loop  (cost=0.00..16401.00 rows=1 width=76) (actual time=0.453..5.388 rows=6 loops=1)
                                            ->  Nested Loop  (cost=0.00..16383.00 rows=8 width=80) (actual time=0.354..5.336 rows=48 loops=1)
                                                  ->  Nested Loop  (cost=0.00..16367.00 rows=8 width=55) (actual time=0.352..5.247 rows=48 loops=1)
                                                        ->  Nested Loop  (cost=0.00..16157.00 rows=30 width=42) (actual time=0.349..5.158 rows=30 loops=1)
                                                              ->  Nested Loop  (cost=0.00..15977.00 rows=20 width=29) (actual time=0.068..5.104 rows=20 loops=1)
                                                                    ->  Nested Loop  (cost=0.00..15898.00 rows=37 width=33) (actual time=0.066..5.063 rows=37 loops=1)
                                                                          ->  Nested Loop  (cost=0.00..11268.00 rows=2315 width=8) (actual time=0.014..0.707 rows=2315 loops=1)
                                                                                ->  Seq Scan on link_type lt  (cost=0.00..18.00 rows=2 width=4) (actual time=0.004..0.008 rows=2 loops=1)
                                                                                      Filter: ((link)::text ~~ '%follow%'::text)
                                                                                      Rows Removed by Filter: 16
                                                                                ->  Index Scan using link_type_id_movie_link on movie_link ml  (cost=0.00..3750.00 rows=1875 width=12) (actual time=0.008..0.212 rows=1158 loops=2)
                                                                                      Index Cond: (link_type_id = lt.id)
                                                                          ->  Index Scan using title_pkey on title t2  (cost=0.00..2.00 rows=1 width=25) (actual time=0.002..0.002 rows=0 loops=2315)
                                                                                Index Cond: (id = ml.linked_movie_id)
                                                                                Filter: (production_year = 2007)
                                                                                Rows Removed by Filter: 1
                                                                    ->  Index Scan using kind_type_pkey on kind_type kt2  (cost=0.00..2.00 rows=1 width=4) (actual time=0.001..0.001 rows=1 loops=37)
                                                                          Index Cond: (id = t2.kind_id)
                                                                          Filter: ((kind)::text = 'tv series'::text)
                                                                          Rows Removed by Filter: 0
                                                              ->  Index Scan using movie_id_movie_info_idx on movie_info_idx mi_idx1  (cost=0.00..6.00 rows=3 width=13) (actual time=0.002..0.002 rows=2 loops=20)
                                                                    Index Cond: (movie_id = ml.movie_id)
                                                        ->  Index Scan using movie_id_movie_info_idx on movie_info_idx mi_idx2  (cost=0.00..6.00 rows=1 width=13) (actual time=0.002..0.003 rows=2 loops=30)
                                                              Index Cond: (movie_id = t2.id)
                                                              Filter: (info < '3.0'::text)
                                                              Rows Removed by Filter: 1
                                                  ->  Index Scan using title_pkey on title t1  (cost=0.00..2.00 rows=1 width=25) (actual time=0.001..0.001 rows=1 loops=48)
                                                        Index Cond: (id = ml.movie_id)
                                            ->  Index Scan using info_type_pkey on info_type it2  (cost=0.00..2.00 rows=1 width=4) (actual time=0.001..0.001 rows=0 loops=48)
                                                  Index Cond: (id = mi_idx2.info_type_id)
                                                  Filter: ((info)::text = 'rating'::text)
                                                  Rows Removed by Filter: 1
                                      ->  Index Scan using kind_type_pkey on kind_type kt1  (cost=0.00..2.00 rows=1 width=4) (actual time=0.001..0.001 rows=1 loops=6)
                                            Index Cond: (id = t1.kind_id)
                                            Filter: ((kind)::text = 'tv series'::text)
                                ->  Index Scan using info_type_pkey on info_type it1  (cost=0.00..2.00 rows=1 width=4) (actual time=0.001..0.001 rows=0 loops=6)
                                      Index Cond: (id = mi_idx1.info_type_id)
                                      Filter: ((info)::text = 'rating'::text)
                                      Rows Removed by Filter: 1
                          ->  Index Scan using movie_id_movie_companies on movie_companies mc1  (cost=0.00..10.00 rows=5 width=8) (actual time=0.003..0.003 rows=2 loops=2)
                                Index Cond: (movie_id = t1.id)
                    ->  Index Scan using company_name_pkey on company_name cn1  (cost=0.00..2.00 rows=1 width=23) (actual time=0.002..0.002 rows=0 loops=4)
                          Index Cond: (id = mc1.company_id)
                          Filter: ((country_code)::text = '[nl]'::text)
                          Rows Removed by Filter: 1
              ->  Index Scan using movie_id_movie_companies on movie_companies mc2  (cost=0.00..10.00 rows=5 width=8) (actual time=0.002..0.004 rows=4 loops=1)
                    Index Cond: (movie_id = t2.id)
        ->  Index Scan using company_name_pkey on company_name cn2  (cost=0.00..2.00 rows=1 width=23) (actual time=0.002..0.002 rows=1 loops=4)
              Index Cond: (id = mc2.company_id)
Planning time: 60.594 ms
Execution time: 5.518 ms
