Aggregate  (cost=38564.00..38565.00 rows=1 width=192) (actual time=11.942..11.942 rows=1 loops=1)
  ->  Nested Loop  (cost=0.00..38564.00 rows=1 width=82) (actual time=0.984..11.936 rows=4 loops=1)
        ->  Nested Loop  (cost=0.00..38560.00 rows=1 width=86) (actual time=0.935..11.923 rows=12 loops=1)
              ->  Nested Loop  (cost=0.00..38556.00 rows=1 width=90) (actual time=0.934..11.911 rows=12 loops=1)
                    ->  Nested Loop  (cost=0.00..38554.00 rows=1 width=75) (actual time=0.932..11.887 rows=12 loops=1)
                          ->  Nested Loop  (cost=0.00..38539.00 rows=1 width=83) (actual time=0.929..11.876 rows=3 loops=1)
                                ->  Nested Loop  (cost=0.00..38529.00 rows=4 width=87) (actual time=0.889..11.839 rows=36 loops=1)
                                      ->  Nested Loop  (cost=0.00..38471.00 rows=27 width=91) (actual time=0.887..11.802 rows=36 loops=1)
                                            ->  Nested Loop  (cost=0.00..38417.00 rows=27 width=82) (actual time=0.885..11.741 rows=36 loops=1)
                                                  ->  Nested Loop  (cost=0.00..38336.00 rows=9 width=69) (actual time=0.882..11.708 rows=12 loops=1)
                                                        ->  Nested Loop  (cost=0.00..36450.00 rows=943 width=54) (actual time=0.717..11.217 rows=284 loops=1)
                                                              ->  Nested Loop  (cost=0.00..34095.00 rows=157 width=46) (actual time=0.714..11.033 rows=50 loops=1)
                                                                    ->  Nested Loop  (cost=0.00..27473.00 rows=3311 width=21) (actual time=0.019..6.095 rows=2944 loops=1)
                                                                          ->  Nested Loop  (cost=0.00..11268.00 rows=2315 width=8) (actual time=0.014..0.668 rows=2315 loops=1)
                                                                                ->  Seq Scan on link_type lt  (cost=0.00..18.00 rows=2 width=4) (actual time=0.004..0.008 rows=2 loops=1)
                                                                                      Filter: ((link)::text ~~ '%follow%'::text)
                                                                                      Rows Removed by Filter: 16
                                                                                ->  Index Scan using link_type_id_movie_link on movie_link ml  (cost=0.00..3750.00 rows=1875 width=12) (actual time=0.007..0.200 rows=1158 loops=2)
                                                                                      Index Cond: (link_type_id = lt.id)
                                                                          ->  Index Scan using movie_id_movie_info_idx on movie_info_idx mi_idx2  (cost=0.00..6.00 rows=1 width=13) (actual time=0.002..0.002 rows=1 loops=2315)
                                                                                Index Cond: (movie_id = ml.linked_movie_id)
                                                                                Filter: (info < '3.0'::text)
                                                                                Rows Removed by Filter: 1
                                                                    ->  Index Scan using title_pkey on title t2  (cost=0.00..2.00 rows=1 width=25) (actual time=0.002..0.002 rows=0 loops=2944)
                                                                          Index Cond: (id = ml.linked_movie_id)
                                                                          Filter: (production_year = 2007)
                                                                          Rows Removed by Filter: 1
                                                              ->  Index Scan using movie_id_movie_companies on movie_companies mc1  (cost=0.00..10.00 rows=5 width=8) (actual time=0.002..0.003 rows=6 loops=50)
                                                                    Index Cond: (movie_id = ml.movie_id)
                                                        ->  Index Scan using company_name_pkey on company_name cn1  (cost=0.00..2.00 rows=1 width=23) (actual time=0.002..0.002 rows=0 loops=284)
                                                              Index Cond: (id = mc1.company_id)
                                                              Filter: ((country_code)::text = '[nl]'::text)
                                                              Rows Removed by Filter: 1
                                                  ->  Index Scan using movie_id_movie_info_idx on movie_info_idx mi_idx1  (cost=0.00..6.00 rows=3 width=13) (actual time=0.002..0.002 rows=3 loops=12)
                                                        Index Cond: (movie_id = ml.movie_id)
                                            ->  Index Scan using title_pkey on title t1  (cost=0.00..2.00 rows=1 width=25) (actual time=0.001..0.001 rows=1 loops=36)
                                                  Index Cond: (id = ml.movie_id)
                                      ->  Index Scan using kind_type_pkey on kind_type kt1  (cost=0.00..2.00 rows=1 width=4) (actual time=0.001..0.001 rows=1 loops=36)
                                            Index Cond: (id = t1.kind_id)
                                            Filter: ((kind)::text = 'tv series'::text)
                                ->  Index Scan using info_type_pkey on info_type it2  (cost=0.00..2.00 rows=1 width=4) (actual time=0.001..0.001 rows=0 loops=36)
                                      Index Cond: (id = mi_idx2.info_type_id)
                                      Filter: ((info)::text = 'rating'::text)
                                      Rows Removed by Filter: 1
                          ->  Index Scan using movie_id_movie_companies on movie_companies mc2  (cost=0.00..10.00 rows=5 width=8) (actual time=0.002..0.003 rows=4 loops=3)
                                Index Cond: (movie_id = t2.id)
                    ->  Index Scan using company_name_pkey on company_name cn2  (cost=0.00..2.00 rows=1 width=23) (actual time=0.002..0.002 rows=1 loops=12)
                          Index Cond: (id = mc2.company_id)
              ->  Index Scan using kind_type_pkey on kind_type kt2  (cost=0.00..2.00 rows=1 width=4) (actual time=0.001..0.001 rows=1 loops=12)
                    Index Cond: (id = t2.kind_id)
                    Filter: ((kind)::text = 'tv series'::text)
        ->  Index Scan using info_type_pkey on info_type it1  (cost=0.00..2.00 rows=1 width=4) (actual time=0.001..0.001 rows=0 loops=12)
              Index Cond: (id = mi_idx1.info_type_id)
              Filter: ((info)::text = 'rating'::text)
              Rows Removed by Filter: 1
Planning time: 60.473 ms
Execution time: 12.019 ms
