Aggregate  (cost=16489.00..16490.00 rows=1 width=192) (actual time=5.406..5.407 rows=1 loops=1)
  ->  Nested Loop  (cost=0.00..16489.00 rows=1 width=82) (actual time=0.461..5.400 rows=4 loops=1)
        ->  Nested Loop  (cost=0.00..16487.00 rows=1 width=67) (actual time=0.458..5.372 rows=14 loops=1)
              ->  Nested Loop  (cost=0.00..16483.00 rows=1 width=71) (actual time=0.457..5.357 rows=14 loops=1)
                    ->  Nested Loop  (cost=0.00..16475.00 rows=3 width=75) (actual time=0.437..5.314 rows=42 loops=1)
                          ->  Nested Loop  (cost=0.00..16430.00 rows=3 width=83) (actual time=0.434..5.265 rows=18 loops=1)
                                ->  Nested Loop  (cost=0.00..16391.00 rows=18 width=87) (actual time=0.432..5.245 rows=18 loops=1)
                                      ->  Nested Loop  (cost=0.00..16355.00 rows=18 width=62) (actual time=0.429..5.211 rows=18 loops=1)
                                            ->  Nested Loop  (cost=0.00..16301.00 rows=6 width=49) (actual time=0.426..5.192 rows=6 loops=1)
                                                  ->  Nested Loop  (cost=0.00..16289.00 rows=6 width=34) (actual time=0.423..5.176 rows=6 loops=1)
                                                        ->  Nested Loop  (cost=0.00..16259.00 rows=2 width=42) (actual time=0.419..5.165 rows=2 loops=1)
                                                              ->  Nested Loop  (cost=0.00..16157.00 rows=50 width=46) (actual time=0.346..5.113 rows=50 loops=1)
                                                                    ->  Nested Loop  (cost=0.00..15898.00 rows=37 width=33) (actual time=0.066..4.998 rows=37 loops=1)
                                                                          ->  Nested Loop  (cost=0.00..11268.00 rows=2315 width=8) (actual time=0.015..0.706 rows=2315 loops=1)
                                                                                ->  Seq Scan on link_type lt  (cost=0.00..18.00 rows=2 width=4) (actual time=0.004..0.008 rows=2 loops=1)
                                                                                      Filter: ((link)::text ~~ '%follow%'::text)
                                                                                      Rows Removed by Filter: 16
                                                                                ->  Index Scan using link_type_id_movie_link on movie_link ml  (cost=0.00..3750.00 rows=1875 width=12) (actual time=0.008..0.212 rows=1158 loops=2)
                                                                                      Index Cond: (link_type_id = lt.id)
                                                                          ->  Index Scan using title_pkey on title t2  (cost=0.00..2.00 rows=1 width=25) (actual time=0.002..0.002 rows=0 loops=2315)
                                                                                Index Cond: (id = ml.linked_movie_id)
                                                                                Filter: (production_year = 2007)
                                                                                Rows Removed by Filter: 1
                                                                    ->  Index Scan using movie_id_movie_info_idx on movie_info_idx mi_idx2  (cost=0.00..6.00 rows=1 width=13) (actual time=0.002..0.003 rows=1 loops=37)
                                                                          Index Cond: (movie_id = t2.id)
                                                                          Filter: (info < '3.0'::text)
                                                                          Rows Removed by Filter: 1
                                                              ->  Index Scan using info_type_pkey on info_type it2  (cost=0.00..2.00 rows=1 width=4) (actual time=0.001..0.001 rows=0 loops=50)
                                                                    Index Cond: (id = mi_idx2.info_type_id)
                                                                    Filter: ((info)::text = 'rating'::text)
                                                                    Rows Removed by Filter: 1
                                                        ->  Index Scan using movie_id_movie_companies on movie_companies mc2  (cost=0.00..10.00 rows=5 width=8) (actual time=0.003..0.004 rows=3 loops=2)
                                                              Index Cond: (movie_id = t2.id)
                                                  ->  Index Scan using company_name_pkey on company_name cn2  (cost=0.00..2.00 rows=1 width=23) (actual time=0.002..0.002 rows=1 loops=6)
                                                        Index Cond: (id = mc2.company_id)
                                            ->  Index Scan using movie_id_movie_info_idx on movie_info_idx mi_idx1  (cost=0.00..6.00 rows=3 width=13) (actual time=0.002..0.002 rows=3 loops=6)
                                                  Index Cond: (movie_id = ml.movie_id)
                                      ->  Index Scan using title_pkey on title t1  (cost=0.00..2.00 rows=1 width=25) (actual time=0.002..0.002 rows=1 loops=18)
                                            Index Cond: (id = ml.movie_id)
                                ->  Index Scan using kind_type_pkey on kind_type kt1  (cost=0.00..2.00 rows=1 width=4) (actual time=0.001..0.001 rows=1 loops=18)
                                      Index Cond: (id = t1.kind_id)
                                      Filter: ((kind)::text = 'tv series'::text)
                          ->  Index Scan using movie_id_movie_companies on movie_companies mc1  (cost=0.00..10.00 rows=5 width=8) (actual time=0.002..0.002 rows=2 loops=18)
                                Index Cond: (movie_id = t1.id)
                    ->  Index Scan using info_type_pkey on info_type it1  (cost=0.00..2.00 rows=1 width=4) (actual time=0.001..0.001 rows=0 loops=42)
                          Index Cond: (id = mi_idx1.info_type_id)
                          Filter: ((info)::text = 'rating'::text)
                          Rows Removed by Filter: 1
              ->  Index Scan using kind_type_pkey on kind_type kt2  (cost=0.00..2.00 rows=1 width=4) (actual time=0.001..0.001 rows=1 loops=14)
                    Index Cond: (id = t2.kind_id)
                    Filter: ((kind)::text = 'tv series'::text)
        ->  Index Scan using company_name_pkey on company_name cn1  (cost=0.00..2.00 rows=1 width=23) (actual time=0.002..0.002 rows=0 loops=14)
              Index Cond: (id = mc1.company_id)
              Filter: ((country_code)::text = '[nl]'::text)
              Rows Removed by Filter: 1
Planning time: 60.620 ms
Execution time: 5.481 ms
