Aggregate  (cost=85162.33..85163.33 rows=1 width=192) (actual time=24.800..24.800 rows=1 loops=1)
  ->  Nested Loop  (cost=81875.00..85162.33 rows=1 width=82) (actual time=23.084..24.723 rows=114 loops=1)
        ->  Nested Loop  (cost=81875.00..85160.33 rows=1 width=67) (actual time=23.082..24.534 rows=114 loops=1)
              ->  Nested Loop  (cost=81875.00..85145.33 rows=1 width=75) (actual time=23.079..24.412 rows=46 loops=1)
                    ->  Nested Loop  (cost=81875.00..85142.00 rows=1 width=79) (actual time=23.076..24.362 rows=46 loops=1)
                          ->  Hash Join  (cost=81875.00..85140.00 rows=1 width=70) (actual time=23.073..24.277 rows=46 loops=1)
                                Hash Cond: (mi_idx1.info_type_id = it1.id)
                                ->  Nested Loop  (cost=81761.00..84889.00 rows=138 width=74) (actual time=22.917..24.241 rows=138 loops=1)
                                      ->  Hash Join  (cost=81761.00..84583.00 rows=153 width=59) (actual time=22.914..23.969 rows=153 loops=1)
                                            Hash Cond: (t2.kind_id = kt2.id)
                                            ->  Nested Loop  (cost=81752.00..84376.00 rows=231 width=63) (actual time=22.908..23.920 rows=231 loops=1)
                                                  ->  Nested Loop  (cost=81752.00..83674.00 rows=351 width=38) (actual time=22.904..23.290 rows=351 loops=1)
                                                        ->  Merge Join  (cost=81752.00..81829.00 rows=123 width=30) (actual time=22.900..22.952 rows=123 loops=1)
                                                              Merge Cond: (mi_idx2.info_type_id = it2.id)
                                                              ->  Sort  (cost=81639.00..81639.00 rows=8712 width=34) (actual time=21.789..22.200 rows=8712 loops=1)
                                                                    Sort Key: mi_idx2.info_type_id
                                                                    Sort Method: quicksort  Memory: 1065kB
                                                                    ->  Nested Loop  (cost=0.00..81639.00 rows=8712 width=34) (actual time=0.019..19.742 rows=8712 loops=1)
                                                                          ->  Nested Loop  (cost=0.00..32103.00 rows=6192 width=21) (actual time=0.015..5.755 rows=6192 loops=1)
                                                                                ->  Nested Loop  (cost=0.00..11268.00 rows=2315 width=8) (actual time=0.011..0.728 rows=2315 loops=1)
                                                                                      ->  Seq Scan on link_type lt  (cost=0.00..18.00 rows=2 width=4) (actual time=0.002..0.005 rows=2 loops=1)
                                                                                            Filter: ((link)::text = ANY ('{sequel,follows,"followed by"}'::text[]))
                                                                                            Rows Removed by Filter: 16
                                                                                      ->  Index Scan using link_type_id_movie_link on movie_link ml  (cost=0.00..3750.00 rows=1875 width=12) (actual time=0.007..0.207 rows=1158 loops=2)
                                                                                            Index Cond: (link_type_id = lt.id)
                                                                                ->  Index Scan using movie_id_movie_info_idx on movie_info_idx mi_idx1  (cost=0.00..6.00 rows=3 width=13) (actual time=0.001..0.002 rows=3 loops=2315)
                                                                                      Index Cond: (movie_id = ml.movie_id)
                                                                          ->  Index Scan using movie_id_movie_info_idx on movie_info_idx mi_idx2  (cost=0.00..6.00 rows=2 width=13) (actual time=0.001..0.002 rows=1 loops=6192)
                                                                                Index Cond: (movie_id = ml.linked_movie_id)
                                                                                Filter: (info < '3.5'::text)
                                                                                Rows Removed by Filter: 1
                                                              ->  Sort  (cost=113.00..113.00 rows=1 width=4) (actual time=0.013..0.013 rows=1 loops=1)
                                                                    Sort Key: it2.id
                                                                    Sort Method: quicksort  Memory: 25kB
                                                                    ->  Seq Scan on info_type it2  (cost=0.00..113.00 rows=1 width=4) (actual time=0.009..0.010 rows=1 loops=1)
                                                                          Filter: ((info)::text = 'rating'::text)
                                                                          Rows Removed by Filter: 112
                                                        ->  Index Scan using movie_id_movie_companies on movie_companies mc1  (cost=0.00..10.00 rows=5 width=8) (actual time=0.002..0.002 rows=3 loops=123)
                                                              Index Cond: (movie_id = ml.movie_id)
                                                  ->  Index Scan using title_pkey on title t2  (cost=0.00..2.00 rows=1 width=25) (actual time=0.002..0.002 rows=1 loops=351)
                                                        Index Cond: (id = ml.linked_movie_id)
                                                        Filter: ((production_year >= 2000) AND (production_year <= 2010))
                                                        Rows Removed by Filter: 0
                                            ->  Hash  (cost=7.00..7.00 rows=2 width=4) (actual time=0.003..0.003 rows=2 loops=1)
                                                  Buckets: 1024  Batches: 1  Memory Usage: 9kB
                                                  ->  Seq Scan on kind_type kt2  (cost=0.00..7.00 rows=2 width=4) (actual time=0.002..0.003 rows=2 loops=1)
                                                        Filter: ((kind)::text = ANY ('{"tv series",episode}'::text[]))
                                                        Rows Removed by Filter: 5
                                      ->  Index Scan using company_name_pkey on company_name cn1  (cost=0.00..2.00 rows=1 width=23) (actual time=0.001..0.001 rows=1 loops=153)
                                            Index Cond: (id = mc1.company_id)
                                            Filter: ((country_code)::text <> '[us]'::text)
                                            Rows Removed by Filter: 0
                                ->  Hash  (cost=113.00..113.00 rows=1 width=4) (actual time=0.013..0.013 rows=1 loops=1)
                                      Buckets: 1024  Batches: 1  Memory Usage: 9kB
                                      ->  Seq Scan on info_type it1  (cost=0.00..113.00 rows=1 width=4) (actual time=0.011..0.012 rows=1 loops=1)
                                            Filter: ((info)::text = 'rating'::text)
                                            Rows Removed by Filter: 112
                          ->  Index Scan using title_pkey on title t1  (cost=0.00..2.00 rows=1 width=25) (actual time=0.001..0.001 rows=1 loops=46)
                                Index Cond: (id = ml.movie_id)
                    ->  Index Scan using kind_type_pkey on kind_type kt1  (cost=0.00..2.00 rows=1 width=4) (actual time=0.001..0.001 rows=1 loops=46)
                          Index Cond: (id = t1.kind_id)
                          Filter: ((kind)::text = ANY ('{"tv series",episode}'::text[]))
              ->  Index Scan using movie_id_movie_companies on movie_companies mc2  (cost=0.00..10.00 rows=5 width=8) (actual time=0.001..0.002 rows=2 loops=46)
                    Index Cond: (movie_id = t2.id)
        ->  Index Scan using company_name_pkey on company_name cn2  (cost=0.00..2.00 rows=1 width=23) (actual time=0.001..0.001 rows=1 loops=114)
              Index Cond: (id = mc2.company_id)
Planning time: 57.616 ms
Execution time: 24.881 ms
