Aggregate  (cost=76353.00..76354.00 rows=1 width=192) (actual time=25.951..25.952 rows=1 loops=1)
  ->  Hash Join  (cost=74855.00..76353.00 rows=3 width=82) (actual time=24.814..25.874 rows=114 loops=1)
        Hash Cond: (t2.kind_id = kt2.id)
        ->  Nested Loop  (cost=74846.00..76335.00 rows=11 width=86) (actual time=24.804..25.826 rows=133 loops=1)
              ->  Hash Join  (cost=74846.00..76295.00 rows=20 width=71) (actual time=24.801..25.575 rows=150 loops=1)
                    Hash Cond: (t1.kind_id = kt1.id)
                    ->  Nested Loop  (cost=74837.00..76225.00 rows=71 width=75) (actual time=24.796..25.536 rows=150 loops=1)
                          ->  Nested Loop  (cost=74837.00..76083.00 rows=71 width=66) (actual time=24.793..25.271 rows=150 loops=1)
                                ->  Nested Loop  (cost=74837.00..75941.00 rows=71 width=51) (actual time=24.790..25.010 rows=150 loops=1)
                                      ->  Merge Join  (cost=74837.00..74906.00 rows=69 width=59) (actual time=24.787..24.810 rows=77 loops=1)
                                            Merge Cond: (mi_idx2.info_type_id = it2.id)
                                            ->  Sort  (cost=74724.00..74724.00 rows=7852 width=63) (actual time=24.020..24.318 rows=5763 loops=1)
                                                  Sort Key: mi_idx2.info_type_id
                                                  Sort Method: quicksort  Memory: 1007kB
                                                  ->  Nested Loop  (cost=32216.00..74724.00 rows=7852 width=63) (actual time=7.045..22.563 rows=5763 loops=1)
                                                        ->  Nested Loop  (cost=32216.00..55119.00 rows=1307 width=55) (actual time=7.041..18.595 rows=1238 loops=1)
                                                              ->  Nested Loop  (cost=32216.00..48783.00 rows=3168 width=30) (actual time=7.037..12.945 rows=2904 loops=1)
                                                                    ->  Merge Join  (cost=32216.00..32271.00 rows=2064 width=17) (actual time=7.033..7.536 rows=2064 loops=1)
                                                                          Merge Cond: (it1.id = mi_idx1.info_type_id)
                                                                          ->  Sort  (cost=113.00..113.00 rows=1 width=4) (actual time=0.011..0.011 rows=1 loops=1)
                                                                                Sort Key: it1.id
                                                                                Sort Method: quicksort  Memory: 25kB
                                                                                ->  Seq Scan on info_type it1  (cost=0.00..113.00 rows=1 width=4) (actual time=0.008..0.009 rows=1 loops=1)
                                                                                      Filter: ((info)::text = 'rating'::text)
                                                                                      Rows Removed by Filter: 112
                                                                          ->  Sort  (cost=32103.00..32103.00 rows=6192 width=21) (actual time=6.491..6.851 rows=6192 loops=1)
                                                                                Sort Key: mi_idx1.info_type_id
                                                                                Sort Method: quicksort  Memory: 676kB
                                                                                ->  Nested Loop  (cost=0.00..32103.00 rows=6192 width=21) (actual time=0.015..5.446 rows=6192 loops=1)
                                                                                      ->  Nested Loop  (cost=0.00..11268.00 rows=2315 width=8) (actual time=0.012..0.698 rows=2315 loops=1)
                                                                                            ->  Seq Scan on link_type lt  (cost=0.00..18.00 rows=2 width=4) (actual time=0.002..0.005 rows=2 loops=1)
                                                                                                  Filter: ((link)::text = ANY ('{sequel,follows,"followed by"}'::text[]))
                                                                                                  Rows Removed by Filter: 16
                                                                                            ->  Index Scan using link_type_id_movie_link on movie_link ml  (cost=0.00..3750.00 rows=1875 width=12) (actual time=0.007..0.204 rows=1158 loops=2)
                                                                                                  Index Cond: (link_type_id = lt.id)
                                                                                      ->  Index Scan using movie_id_movie_info_idx on movie_info_idx mi_idx1  (cost=0.00..6.00 rows=3 width=13) (actual time=0.001..0.002 rows=3 loops=2315)
                                                                                            Index Cond: (movie_id = ml.movie_id)
                                                                    ->  Index Scan using movie_id_movie_info_idx on movie_info_idx mi_idx2  (cost=0.00..6.00 rows=2 width=13) (actual time=0.002..0.002 rows=1 loops=2064)
                                                                          Index Cond: (movie_id = ml.linked_movie_id)
                                                                          Filter: (info < '3.5'::text)
                                                                          Rows Removed by Filter: 1
                                                              ->  Index Scan using title_pkey on title t2  (cost=0.00..2.00 rows=1 width=25) (actual time=0.002..0.002 rows=0 loops=2904)
                                                                    Index Cond: (id = ml.linked_movie_id)
                                                                    Filter: ((production_year >= 2000) AND (production_year <= 2010))
                                                                    Rows Removed by Filter: 1
                                                        ->  Index Scan using movie_id_movie_companies on movie_companies mc1  (cost=0.00..10.00 rows=5 width=8) (actual time=0.002..0.002 rows=5 loops=1238)
                                                              Index Cond: (movie_id = ml.movie_id)
                                            ->  Sort  (cost=113.00..113.00 rows=1 width=4) (actual time=0.015..0.015 rows=1 loops=1)
                                                  Sort Key: it2.id
                                                  Sort Method: quicksort  Memory: 25kB
                                                  ->  Seq Scan on info_type it2  (cost=0.00..113.00 rows=1 width=4) (actual time=0.010..0.011 rows=1 loops=1)
                                                        Filter: ((info)::text = 'rating'::text)
                                                        Rows Removed by Filter: 112
                                      ->  Index Scan using movie_id_movie_companies on movie_companies mc2  (cost=0.00..10.00 rows=5 width=8) (actual time=0.002..0.002 rows=2 loops=77)
                                            Index Cond: (movie_id = t2.id)
                                ->  Index Scan using company_name_pkey on company_name cn2  (cost=0.00..2.00 rows=1 width=23) (actual time=0.001..0.001 rows=1 loops=150)
                                      Index Cond: (id = mc2.company_id)
                          ->  Index Scan using title_pkey on title t1  (cost=0.00..2.00 rows=1 width=25) (actual time=0.001..0.001 rows=1 loops=150)
                                Index Cond: (id = ml.movie_id)
                    ->  Hash  (cost=7.00..7.00 rows=2 width=4) (actual time=0.003..0.003 rows=2 loops=1)
                          Buckets: 1024  Batches: 1  Memory Usage: 9kB
                          ->  Seq Scan on kind_type kt1  (cost=0.00..7.00 rows=2 width=4) (actual time=0.002..0.002 rows=2 loops=1)
                                Filter: ((kind)::text = ANY ('{"tv series",episode}'::text[]))
                                Rows Removed by Filter: 5
              ->  Index Scan using company_name_pkey on company_name cn1  (cost=0.00..2.00 rows=1 width=23) (actual time=0.001..0.001 rows=1 loops=150)
                    Index Cond: (id = mc1.company_id)
                    Filter: ((country_code)::text <> '[us]'::text)
                    Rows Removed by Filter: 0
        ->  Hash  (cost=7.00..7.00 rows=2 width=4) (actual time=0.007..0.007 rows=2 loops=1)
              Buckets: 1024  Batches: 1  Memory Usage: 9kB
              ->  Seq Scan on kind_type kt2  (cost=0.00..7.00 rows=2 width=4) (actual time=0.005..0.006 rows=2 loops=1)
                    Filter: ((kind)::text = ANY ('{"tv series",episode}'::text[]))
                    Rows Removed by Filter: 5
Planning time: 57.863 ms
Execution time: 26.035 ms
