Aggregate  (cost=161646.00..161647.00 rows=1 width=32) (actual time=107.443..107.444 rows=1 loops=1)
  ->  Nested Loop  (cost=0.00..161646.00 rows=75 width=17) (actual time=1.568..107.385 rows=206 loops=1)
        ->  Nested Loop  (cost=0.00..146941.00 rows=173 width=25) (actual time=1.225..58.538 rows=2235 loops=1)
              ->  Nested Loop  (cost=0.00..146065.00 rows=438 width=4) (actual time=0.900..25.671 rows=12951 loops=1)
                    ->  Seq Scan on keyword k  (cost=0.00..134170.00 rows=13 width=4) (actual time=0.890..16.017 rows=30 loops=1)
                          Filter: (keyword ~~ '%sequel%'::text)
                          Rows Removed by Filter: 134140
                    ->  Index Scan using keyword_id_movie_keyword on movie_keyword mk  (cost=0.00..610.00 rows=305 width=8) (actual time=0.004..0.269 rows=432 loops=30)
                          Index Cond: (keyword_id = k.id)
              ->  Index Scan using title_pkey on title t  (cost=0.00..2.00 rows=1 width=21) (actual time=0.002..0.002 rows=0 loops=12951)
                    Index Cond: (id = mk.movie_id)
                    Filter: (production_year > 2005)
                    Rows Removed by Filter: 1
        ->  Index Scan using movie_id_movie_info on movie_info mi  (cost=0.00..84.00 rows=1 width=4) (actual time=0.020..0.022 rows=0 loops=2235)
              Index Cond: (movie_id = t.id)
              Filter: (info = ANY ('{Sweden,Norway,Germany,Denmark,Swedish,Denish,Norwegian,German}'::text[]))
              Rows Removed by Filter: 45
Planning time: 0.749 ms
Execution time: 107.480 ms
