Aggregate  (cost=377497.00..377498.00 rows=1 width=32) (actual time=109.201..109.201 rows=1 loops=1)
  ->  Nested Loop  (cost=0.00..377497.00 rows=206 width=17) (actual time=1.660..109.141 rows=206 loops=1)
        ->  Nested Loop  (cost=0.00..187522.00 rows=2235 width=25) (actual time=1.283..59.952 rows=2235 loops=1)
              ->  Nested Loop  (cost=0.00..161620.00 rows=12951 width=4) (actual time=0.923..26.769 rows=12951 loops=1)
                    ->  Seq Scan on keyword k  (cost=0.00..134170.00 rows=30 width=4) (actual time=0.913..17.021 rows=30 loops=1)
                          Filter: (keyword ~~ '%sequel%'::text)
                          Rows Removed by Filter: 134140
                    ->  Index Scan using keyword_id_movie_keyword on movie_keyword mk  (cost=0.00..610.00 rows=305 width=8) (actual time=0.005..0.272 rows=432 loops=30)
                          Index Cond: (keyword_id = k.id)
              ->  Index Scan using title_pkey on title t  (cost=0.00..2.00 rows=1 width=21) (actual time=0.002..0.002 rows=0 loops=12951)
                    Index Cond: (id = mk.movie_id)
                    Filter: (production_year > 2005)
                    Rows Removed by Filter: 1
        ->  Index Scan using movie_id_movie_info on movie_info mi  (cost=0.00..84.00 rows=1 width=4) (actual time=0.021..0.022 rows=0 loops=2235)
              Index Cond: (movie_id = t.id)
              Filter: (info = ANY ('{Sweden,Norway,Germany,Denmark,Swedish,Denish,Norwegian,German}'::text[]))
              Rows Removed by Filter: 45
Planning time: 0.659 ms
Execution time: 109.231 ms
