Aggregate  (cost=152551.00..152552.00 rows=1 width=32) (actual time=65.585..65.585 rows=1 loops=1)
  ->  Nested Loop  (cost=0.00..152551.00 rows=1 width=17) (actual time=2.517..65.572 rows=5 loops=1)
        ->  Nested Loop  (cost=0.00..146941.00 rows=66 width=25) (actual time=1.288..56.697 rows=405 loops=1)
              ->  Nested Loop  (cost=0.00..146065.00 rows=438 width=4) (actual time=0.942..25.642 rows=12951 loops=1)
                    ->  Seq Scan on keyword k  (cost=0.00..134170.00 rows=13 width=4) (actual time=0.932..16.222 rows=30 loops=1)
                          Filter: (keyword ~~ '%sequel%'::text)
                          Rows Removed by Filter: 134140
                    ->  Index Scan using keyword_id_movie_keyword on movie_keyword mk  (cost=0.00..610.00 rows=305 width=8) (actual time=0.004..0.262 rows=432 loops=30)
                          Index Cond: (keyword_id = k.id)
              ->  Index Scan using title_pkey on title t  (cost=0.00..2.00 rows=1 width=21) (actual time=0.002..0.002 rows=0 loops=12951)
                    Index Cond: (id = mk.movie_id)
                    Filter: (production_year > 2010)
                    Rows Removed by Filter: 1
        ->  Index Scan using movie_id_movie_info on movie_info mi  (cost=0.00..84.00 rows=1 width=4) (actual time=0.021..0.022 rows=0 loops=405)
              Index Cond: (movie_id = t.id)
              Filter: (info = 'Bulgaria'::text)
              Rows Removed by Filter: 63
Planning time: 0.619 ms
Execution time: 65.617 ms
