Aggregate  (cost=176989.00..176990.00 rows=1 width=32) (actual time=64.641..64.641 rows=1 loops=1)
  ->  Nested Loop  (cost=0.00..176989.00 rows=1 width=17) (actual time=2.549..64.628 rows=5 loops=1)
        ->  Nested Loop  (cost=0.00..163644.00 rows=157 width=25) (actual time=1.277..55.938 rows=405 loops=1)
              ->  Nested Loop  (cost=0.00..161620.00 rows=1012 width=4) (actual time=0.925..25.374 rows=12951 loops=1)
                    ->  Seq Scan on keyword k  (cost=0.00..134170.00 rows=30 width=4) (actual time=0.915..16.138 rows=30 loops=1)
                          Filter: (keyword ~~ '%sequel%'::text)
                          Rows Removed by Filter: 134140
                    ->  Index Scan using keyword_id_movie_keyword on movie_keyword mk  (cost=0.00..610.00 rows=305 width=8) (actual time=0.004..0.257 rows=432 loops=30)
                          Index Cond: (keyword_id = k.id)
              ->  Index Scan using title_pkey on title t  (cost=0.00..2.00 rows=1 width=21) (actual time=0.002..0.002 rows=0 loops=12951)
                    Index Cond: (id = mk.movie_id)
                    Filter: (production_year > 2010)
                    Rows Removed by Filter: 1
        ->  Index Scan using movie_id_movie_info on movie_info mi  (cost=0.00..84.00 rows=1 width=4) (actual time=0.021..0.021 rows=0 loops=405)
              Index Cond: (movie_id = t.id)
              Filter: (info = 'Bulgaria'::text)
              Rows Removed by Filter: 63
Planning time: 0.699 ms
Execution time: 64.694 ms
