Aggregate  (cost=221947.00..221948.00 rows=1 width=32) (actual time=65.510..65.510 rows=1 loops=1)
  ->  Nested Loop  (cost=0.00..221947.00 rows=5 width=17) (actual time=2.599..65.495 rows=5 loops=1)
        ->  Nested Loop  (cost=0.00..187522.00 rows=405 width=25) (actual time=1.300..56.494 rows=405 loops=1)
              ->  Nested Loop  (cost=0.00..161620.00 rows=12951 width=4) (actual time=0.920..25.122 rows=12951 loops=1)
                    ->  Seq Scan on keyword k  (cost=0.00..134170.00 rows=30 width=4) (actual time=0.909..15.654 rows=30 loops=1)
                          Filter: (keyword ~~ '%sequel%'::text)
                          Rows Removed by Filter: 134140
                    ->  Index Scan using keyword_id_movie_keyword on movie_keyword mk  (cost=0.00..610.00 rows=305 width=8) (actual time=0.004..0.264 rows=432 loops=30)
                          Index Cond: (keyword_id = k.id)
              ->  Index Scan using title_pkey on title t  (cost=0.00..2.00 rows=1 width=21) (actual time=0.002..0.002 rows=0 loops=12951)
                    Index Cond: (id = mk.movie_id)
                    Filter: (production_year > 2010)
                    Rows Removed by Filter: 1
        ->  Index Scan using movie_id_movie_info on movie_info mi  (cost=0.00..84.00 rows=1 width=4) (actual time=0.022..0.022 rows=0 loops=405)
              Index Cond: (movie_id = t.id)
              Filter: (info = 'Bulgaria'::text)
              Rows Removed by Filter: 63
Planning time: 0.614 ms
Execution time: 65.542 ms
