Aggregate  (cost=223844.00..223845.00 rows=1 width=32) (actual time=214.853..214.853 rows=1 loops=1)
  ->  Nested Loop  (cost=0.00..223844.00 rows=1417 width=17) (actual time=1.001..213.655 rows=7250 loops=1)
        ->  Nested Loop  (cost=0.00..163644.00 rows=700 width=25) (actual time=0.953..63.212 rows=7874 loops=1)
              ->  Nested Loop  (cost=0.00..161620.00 rows=1012 width=4) (actual time=0.948..27.651 rows=12951 loops=1)
                    ->  Seq Scan on keyword k  (cost=0.00..134170.00 rows=30 width=4) (actual time=0.937..17.561 rows=30 loops=1)
                          Filter: (keyword ~~ '%sequel%'::text)
                          Rows Removed by Filter: 134140
                    ->  Index Scan using keyword_id_movie_keyword on movie_keyword mk  (cost=0.00..610.00 rows=305 width=8) (actual time=0.005..0.281 rows=432 loops=30)
                          Index Cond: (keyword_id = k.id)
              ->  Index Scan using title_pkey on title t  (cost=0.00..2.00 rows=1 width=21) (actual time=0.002..0.002 rows=1 loops=12951)
                    Index Cond: (id = mk.movie_id)
                    Filter: (production_year > 1990)
                    Rows Removed by Filter: 0
        ->  Index Scan using movie_id_movie_info on movie_info mi  (cost=0.00..84.00 rows=2 width=4) (actual time=0.016..0.019 rows=1 loops=7874)
              Index Cond: (movie_id = t.id)
              Filter: (info = ANY ('{Sweden,Norway,Germany,Denmark,Swedish,Denish,Norwegian,German,USA,American}'::text[]))
              Rows Removed by Filter: 35
Planning time: 0.754 ms
Execution time: 214.887 ms
