Aggregate  (cost=148546.00..148547.00 rows=1 width=64) (actual time=67.014..67.014 rows=1 loops=1)
  ->  Nested Loop  (cost=0.00..148546.00 rows=2 width=22) (actual time=1.262..66.781 rows=740 loops=1)
        ->  Nested Loop  (cost=0.00..148152.00 rows=196 width=26) (actual time=1.259..65.601 rows=1145 loops=1)
              ->  Nested Loop  (cost=0.00..146941.00 rows=173 width=25) (actual time=1.252..59.054 rows=2235 loops=1)
                    ->  Nested Loop  (cost=0.00..146065.00 rows=438 width=4) (actual time=0.928..26.333 rows=12951 loops=1)
                          ->  Seq Scan on keyword k  (cost=0.00..134170.00 rows=13 width=4) (actual time=0.917..16.733 rows=30 loops=1)
                                Filter: (keyword ~~ '%sequel%'::text)
                                Rows Removed by Filter: 134140
                          ->  Index Scan using keyword_id_movie_keyword on movie_keyword mk  (cost=0.00..610.00 rows=305 width=8) (actual time=0.004..0.266 rows=432 loops=30)
                                Index Cond: (keyword_id = k.id)
                    ->  Index Scan using title_pkey on title t  (cost=0.00..2.00 rows=1 width=21) (actual time=0.002..0.002 rows=0 loops=12951)
                          Index Cond: (id = mk.movie_id)
                          Filter: (production_year > 2005)
                          Rows Removed by Filter: 1
              ->  Index Scan using movie_id_movie_info_idx on movie_info_idx mi_idx  (cost=0.00..6.00 rows=1 width=13) (actual time=0.003..0.003 rows=1 loops=2235)
                    Index Cond: (movie_id = t.id)
                    Filter: (info > '5.0'::text)
                    Rows Removed by Filter: 1
        ->  Index Scan using info_type_pkey on info_type it  (cost=0.00..2.00 rows=1 width=4) (actual time=0.001..0.001 rows=1 loops=1145)
              Index Cond: (id = mi_idx.info_type_id)
              Filter: ((info)::text = 'rating'::text)
              Rows Removed by Filter: 0
Planning time: 0.923 ms
Execution time: 67.056 ms
