Aggregate  (cost=167403.00..167404.00 rows=1 width=64) (actual time=66.398..66.398 rows=1 loops=1)
  ->  Nested Loop  (cost=0.00..167403.00 rows=4 width=22) (actual time=1.210..66.177 rows=740 loops=1)
        ->  Nested Loop  (cost=0.00..166479.00 rows=460 width=26) (actual time=1.208..64.992 rows=1145 loops=1)
              ->  Nested Loop  (cost=0.00..163644.00 rows=405 width=25) (actual time=1.201..58.442 rows=2235 loops=1)
                    ->  Nested Loop  (cost=0.00..161620.00 rows=1012 width=4) (actual time=0.877..25.900 rows=12951 loops=1)
                          ->  Seq Scan on keyword k  (cost=0.00..134170.00 rows=30 width=4) (actual time=0.867..16.324 rows=30 loops=1)
                                Filter: (keyword ~~ '%sequel%'::text)
                                Rows Removed by Filter: 134140
                          ->  Index Scan using keyword_id_movie_keyword on movie_keyword mk  (cost=0.00..610.00 rows=305 width=8) (actual time=0.004..0.266 rows=432 loops=30)
                                Index Cond: (keyword_id = k.id)
                    ->  Index Scan using title_pkey on title t  (cost=0.00..2.00 rows=1 width=21) (actual time=0.002..0.002 rows=0 loops=12951)
                          Index Cond: (id = mk.movie_id)
                          Filter: (production_year > 2005)
                          Rows Removed by Filter: 1
              ->  Index Scan using movie_id_movie_info_idx on movie_info_idx mi_idx  (cost=0.00..6.00 rows=1 width=13) (actual time=0.003..0.003 rows=1 loops=2235)
                    Index Cond: (movie_id = t.id)
                    Filter: (info > '5.0'::text)
                    Rows Removed by Filter: 1
        ->  Index Scan using info_type_pkey on info_type it  (cost=0.00..2.00 rows=1 width=4) (actual time=0.001..0.001 rows=1 loops=1145)
              Index Cond: (id = mi_idx.info_type_id)
              Filter: ((info)::text = 'rating'::text)
              Rows Removed by Filter: 0
Planning time: 0.813 ms
Execution time: 66.435 ms
