Aggregate  (cost=203310.00..203311.00 rows=1 width=64) (actual time=66.022..66.022 rows=1 loops=1)
  ->  Merge Join  (cost=203280.00..203310.00 rows=258 width=22) (actual time=65.690..65.847 rows=740 loops=1)
        Merge Cond: (mi_idx.info_type_id = it.id)
        ->  Sort  (cost=203167.00..203167.00 rows=3377 width=26) (actual time=65.587..65.669 rows=1141 loops=1)
              Sort Key: mi_idx.info_type_id
              Sort Method: quicksort  Memory: 145kB
              ->  Nested Loop  (cost=0.00..203167.00 rows=3377 width=26) (actual time=1.277..65.311 rows=1145 loops=1)
                    ->  Nested Loop  (cost=0.00..187522.00 rows=2235 width=25) (actual time=1.269..58.759 rows=2235 loops=1)
                          ->  Nested Loop  (cost=0.00..161620.00 rows=12951 width=4) (actual time=0.944..26.683 rows=12951 loops=1)
                                ->  Seq Scan on keyword k  (cost=0.00..134170.00 rows=30 width=4) (actual time=0.934..17.126 rows=30 loops=1)
                                      Filter: (keyword ~~ '%sequel%'::text)
                                      Rows Removed by Filter: 134140
                                ->  Index Scan using keyword_id_movie_keyword on movie_keyword mk  (cost=0.00..610.00 rows=305 width=8) (actual time=0.004..0.266 rows=432 loops=30)
                                      Index Cond: (keyword_id = k.id)
                          ->  Index Scan using title_pkey on title t  (cost=0.00..2.00 rows=1 width=21) (actual time=0.002..0.002 rows=0 loops=12951)
                                Index Cond: (id = mk.movie_id)
                                Filter: (production_year > 2005)
                                Rows Removed by Filter: 1
                    ->  Index Scan using movie_id_movie_info_idx on movie_info_idx mi_idx  (cost=0.00..6.00 rows=1 width=13) (actual time=0.003..0.003 rows=1 loops=2235)
                          Index Cond: (movie_id = t.id)
                          Filter: (info > '5.0'::text)
                          Rows Removed by Filter: 1
        ->  Sort  (cost=113.00..113.00 rows=1 width=4) (actual time=0.023..0.023 rows=1 loops=1)
              Sort Key: it.id
              Sort Method: quicksort  Memory: 25kB
              ->  Seq Scan on info_type it  (cost=0.00..113.00 rows=1 width=4) (actual time=0.014..0.014 rows=1 loops=1)
                    Filter: ((info)::text = 'rating'::text)
                    Rows Removed by Filter: 112
Planning time: 0.913 ms
Execution time: 66.068 ms
