Aggregate  (cost=204416.00..204417.00 rows=1 width=64) (actual time=63.559..63.559 rows=1 loops=1)
  ->  Hash Join  (cost=114.00..204416.00 rows=740 width=22) (actual time=1.306..63.350 rows=740 loops=1)
        Hash Cond: (mi_idx.info_type_id = it.id)
        ->  Nested Loop  (cost=0.00..203167.00 rows=1145 width=26) (actual time=1.288..63.106 rows=1145 loops=1)
              ->  Nested Loop  (cost=0.00..187522.00 rows=2235 width=25) (actual time=1.280..56.764 rows=2235 loops=1)
                    ->  Nested Loop  (cost=0.00..161620.00 rows=12951 width=4) (actual time=0.940..25.461 rows=12951 loops=1)
                          ->  Seq Scan on keyword k  (cost=0.00..134170.00 rows=30 width=4) (actual time=0.930..16.040 rows=30 loops=1)
                                Filter: (keyword ~~ '%sequel%'::text)
                                Rows Removed by Filter: 134140
                          ->  Index Scan using keyword_id_movie_keyword on movie_keyword mk  (cost=0.00..610.00 rows=305 width=8) (actual time=0.004..0.260 rows=432 loops=30)
                                Index Cond: (keyword_id = k.id)
                    ->  Index Scan using title_pkey on title t  (cost=0.00..2.00 rows=1 width=21) (actual time=0.002..0.002 rows=0 loops=12951)
                          Index Cond: (id = mk.movie_id)
                          Filter: (production_year > 2005)
                          Rows Removed by Filter: 1
              ->  Index Scan using movie_id_movie_info_idx on movie_info_idx mi_idx  (cost=0.00..6.00 rows=1 width=13) (actual time=0.002..0.003 rows=1 loops=2235)
                    Index Cond: (movie_id = t.id)
                    Filter: (info > '5.0'::text)
                    Rows Removed by Filter: 1
        ->  Hash  (cost=113.00..113.00 rows=1 width=4) (actual time=0.012..0.012 rows=1 loops=1)
              Buckets: 1024  Batches: 1  Memory Usage: 9kB
              ->  Seq Scan on info_type it  (cost=0.00..113.00 rows=1 width=4) (actual time=0.010..0.011 rows=1 loops=1)
                    Filter: ((info)::text = 'rating'::text)
                    Rows Removed by Filter: 112
Planning time: 0.907 ms
Execution time: 63.604 ms
