Aggregate  (cost=147407.00..147408.00 rows=1 width=64) (actual time=60.011..60.011 rows=1 loops=1)
  ->  Nested Loop  (cost=0.00..147407.00 rows=1 width=22) (actual time=5.259..59.999 rows=6 loops=1)
        ->  Nested Loop  (cost=0.00..147403.00 rows=1 width=26) (actual time=2.466..59.958 rows=20 loops=1)
              ->  Nested Loop  (cost=0.00..146941.00 rows=66 width=25) (actual time=1.278..58.424 rows=405 loops=1)
                    ->  Nested Loop  (cost=0.00..146065.00 rows=438 width=4) (actual time=0.927..26.368 rows=12951 loops=1)
                          ->  Seq Scan on keyword k  (cost=0.00..134170.00 rows=13 width=4) (actual time=0.916..16.839 rows=30 loops=1)
                                Filter: (keyword ~~ '%sequel%'::text)
                                Rows Removed by Filter: 134140
                          ->  Index Scan using keyword_id_movie_keyword on movie_keyword mk  (cost=0.00..610.00 rows=305 width=8) (actual time=0.004..0.264 rows=432 loops=30)
                                Index Cond: (keyword_id = k.id)
                    ->  Index Scan using title_pkey on title t  (cost=0.00..2.00 rows=1 width=21) (actual time=0.002..0.002 rows=0 loops=12951)
                          Index Cond: (id = mk.movie_id)
                          Filter: (production_year > 2010)
                          Rows Removed by Filter: 1
              ->  Index Scan using movie_id_movie_info_idx on movie_info_idx mi_idx  (cost=0.00..6.00 rows=1 width=13) (actual time=0.004..0.004 rows=0 loops=405)
                    Index Cond: (movie_id = t.id)
                    Filter: (info > '9.0'::text)
                    Rows Removed by Filter: 2
        ->  Index Scan using info_type_pkey on info_type it  (cost=0.00..2.00 rows=1 width=4) (actual time=0.001..0.001 rows=0 loops=20)
              Index Cond: (id = mi_idx.info_type_id)
              Filter: ((info)::text = 'rating'::text)
              Rows Removed by Filter: 1
Planning time: 0.811 ms
Execution time: 60.047 ms
