Aggregate  (cost=170648.00..170649.00 rows=1 width=64) (actual time=83.349..83.349 rows=1 loops=1)
  ->  Hash Join  (cost=114.00..170648.00 rows=12 width=22) (actual time=0.974..82.249 rows=4700 loops=1)
        Hash Cond: (mi_idx.info_type_id = it.id)
        ->  Nested Loop  (cost=0.00..169244.00 rows=1302 width=26) (actual time=0.957..80.838 rows=8797 loops=1)
              ->  Nested Loop  (cost=0.00..163644.00 rows=700 width=25) (actual time=0.951..59.714 rows=7874 loops=1)
                    ->  Nested Loop  (cost=0.00..161620.00 rows=1012 width=4) (actual time=0.946..26.331 rows=12951 loops=1)
                          ->  Seq Scan on keyword k  (cost=0.00..134170.00 rows=30 width=4) (actual time=0.935..16.561 rows=30 loops=1)
                                Filter: (keyword ~~ '%sequel%'::text)
                                Rows Removed by Filter: 134140
                          ->  Index Scan using keyword_id_movie_keyword on movie_keyword mk  (cost=0.00..610.00 rows=305 width=8) (actual time=0.005..0.270 rows=432 loops=30)
                                Index Cond: (keyword_id = k.id)
                    ->  Index Scan using title_pkey on title t  (cost=0.00..2.00 rows=1 width=21) (actual time=0.002..0.002 rows=1 loops=12951)
                          Index Cond: (id = mk.movie_id)
                          Filter: (production_year > 1990)
                          Rows Removed by Filter: 0
              ->  Index Scan using movie_id_movie_info_idx on movie_info_idx mi_idx  (cost=0.00..6.00 rows=2 width=13) (actual time=0.002..0.002 rows=1 loops=7874)
                    Index Cond: (movie_id = t.id)
                    Filter: (info > '2.0'::text)
                    Rows Removed by Filter: 1
        ->  Hash  (cost=113.00..113.00 rows=1 width=4) (actual time=0.011..0.011 rows=1 loops=1)
              Buckets: 1024  Batches: 1  Memory Usage: 9kB
              ->  Seq Scan on info_type it  (cost=0.00..113.00 rows=1 width=4) (actual time=0.009..0.010 rows=1 loops=1)
                    Filter: ((info)::text = 'rating'::text)
                    Rows Removed by Filter: 112
Planning time: 0.915 ms
Execution time: 83.404 ms
