Aggregate  (cost=259454.00..259455.00 rows=1 width=64) (actual time=85.307..85.307 rows=1 loops=1)
  ->  Merge Join  (cost=259307.00..259454.00 rows=683 width=22) (actual time=83.581..84.443 rows=4700 loops=1)
        Merge Cond: (mi_idx.info_type_id = it.id)
        ->  Sort  (cost=259194.00..259194.00 rows=16657 width=26) (actual time=82.825..83.433 rows=8784 loops=1)
              Sort Key: mi_idx.info_type_id
              Sort Method: quicksort  Memory: 1139kB
              ->  Nested Loop  (cost=0.00..259194.00 rows=16657 width=26) (actual time=0.894..80.884 rows=8797 loops=1)
                    ->  Nested Loop  (cost=0.00..187522.00 rows=8959 width=25) (actual time=0.888..59.615 rows=7874 loops=1)
                          ->  Nested Loop  (cost=0.00..161620.00 rows=12951 width=4) (actual time=0.883..26.203 rows=12951 loops=1)
                                ->  Seq Scan on keyword k  (cost=0.00..134170.00 rows=30 width=4) (actual time=0.873..16.439 rows=30 loops=1)
                                      Filter: (keyword ~~ '%sequel%'::text)
                                      Rows Removed by Filter: 134140
                                ->  Index Scan using keyword_id_movie_keyword on movie_keyword mk  (cost=0.00..610.00 rows=305 width=8) (actual time=0.005..0.271 rows=432 loops=30)
                                      Index Cond: (keyword_id = k.id)
                          ->  Index Scan using title_pkey on title t  (cost=0.00..2.00 rows=1 width=21) (actual time=0.002..0.002 rows=1 loops=12951)
                                Index Cond: (id = mk.movie_id)
                                Filter: (production_year > 1990)
                                Rows Removed by Filter: 0
                    ->  Index Scan using movie_id_movie_info_idx on movie_info_idx mi_idx  (cost=0.00..6.00 rows=2 width=13) (actual time=0.002..0.002 rows=1 loops=7874)
                          Index Cond: (movie_id = t.id)
                          Filter: (info > '2.0'::text)
                          Rows Removed by Filter: 1
        ->  Sort  (cost=113.00..113.00 rows=1 width=4) (actual time=0.025..0.025 rows=1 loops=1)
              Sort Key: it.id
              Sort Method: quicksort  Memory: 25kB
              ->  Seq Scan on info_type it  (cost=0.00..113.00 rows=1 width=4) (actual time=0.015..0.016 rows=1 loops=1)
                    Filter: ((info)::text = 'rating'::text)
                    Rows Removed by Filter: 112
Planning time: 0.907 ms
Execution time: 85.354 ms
