Aggregate  (cost=250718.00..250719.00 rows=1 width=64) (actual time=85.861..85.861 rows=1 loops=1)
  ->  Merge Join  (cost=250627.00..250718.00 rows=531 width=22) (actual time=84.037..84.945 rows=4700 loops=1)
        Merge Cond: (mi_idx.info_type_id = it.id)
        ->  Sort  (cost=250514.00..250514.00 rows=10308 width=26) (actual time=83.286..83.893 rows=8784 loops=1)
              Sort Key: mi_idx.info_type_id
              Sort Method: quicksort  Memory: 1139kB
              ->  Nested Loop  (cost=0.00..250514.00 rows=10308 width=26) (actual time=0.938..81.369 rows=8797 loops=1)
                    ->  Nested Loop  (cost=0.00..187522.00 rows=7874 width=25) (actual time=0.932..60.053 rows=7874 loops=1)
                          ->  Nested Loop  (cost=0.00..161620.00 rows=12951 width=4) (actual time=0.926..26.650 rows=12951 loops=1)
                                ->  Seq Scan on keyword k  (cost=0.00..134170.00 rows=30 width=4) (actual time=0.916..16.860 rows=30 loops=1)
                                      Filter: (keyword ~~ '%sequel%'::text)
                                      Rows Removed by Filter: 134140
                                ->  Index Scan using keyword_id_movie_keyword on movie_keyword mk  (cost=0.00..610.00 rows=305 width=8) (actual time=0.004..0.272 rows=432 loops=30)
                                      Index Cond: (keyword_id = k.id)
                          ->  Index Scan using title_pkey on title t  (cost=0.00..2.00 rows=1 width=21) (actual time=0.002..0.002 rows=1 loops=12951)
                                Index Cond: (id = mk.movie_id)
                                Filter: (production_year > 1990)
                                Rows Removed by Filter: 0
                    ->  Index Scan using movie_id_movie_info_idx on movie_info_idx mi_idx  (cost=0.00..6.00 rows=2 width=13) (actual time=0.002..0.002 rows=1 loops=7874)
                          Index Cond: (movie_id = t.id)
                          Filter: (info > '2.0'::text)
                          Rows Removed by Filter: 1
        ->  Sort  (cost=113.00..113.00 rows=1 width=4) (actual time=0.021..0.021 rows=1 loops=1)
              Sort Key: it.id
              Sort Method: quicksort  Memory: 25kB
              ->  Seq Scan on info_type it  (cost=0.00..113.00 rows=1 width=4) (actual time=0.012..0.013 rows=1 loops=1)
                    Filter: ((info)::text = 'rating'::text)
                    Rows Removed by Filter: 112
Planning time: 0.929 ms
Execution time: 85.905 ms
