Aggregate  (cost=250705.00..250706.00 rows=1 width=64) (actual time=86.520..86.520 rows=1 loops=1)
  ->  Merge Join  (cost=250627.00..250705.00 rows=5598 width=22) (actual time=84.687..85.605 rows=4700 loops=1)
        Merge Cond: (mi_idx.info_type_id = it.id)
        ->  Sort  (cost=250514.00..250514.00 rows=8797 width=26) (actual time=83.932..84.545 rows=8784 loops=1)
              Sort Key: mi_idx.info_type_id
              Sort Method: quicksort  Memory: 1139kB
              ->  Nested Loop  (cost=0.00..250514.00 rows=8797 width=26) (actual time=0.937..81.980 rows=8797 loops=1)
                    ->  Nested Loop  (cost=0.00..187522.00 rows=7874 width=25) (actual time=0.931..60.594 rows=7874 loops=1)
                          ->  Nested Loop  (cost=0.00..161620.00 rows=12951 width=4) (actual time=0.925..26.955 rows=12951 loops=1)
                                ->  Seq Scan on keyword k  (cost=0.00..134170.00 rows=30 width=4) (actual time=0.915..17.143 rows=30 loops=1)
                                      Filter: (keyword ~~ '%sequel%'::text)
                                      Rows Removed by Filter: 134140
                                ->  Index Scan using keyword_id_movie_keyword on movie_keyword mk  (cost=0.00..610.00 rows=305 width=8) (actual time=0.004..0.272 rows=432 loops=30)
                                      Index Cond: (keyword_id = k.id)
                          ->  Index Scan using title_pkey on title t  (cost=0.00..2.00 rows=1 width=21) (actual time=0.002..0.002 rows=1 loops=12951)
                                Index Cond: (id = mk.movie_id)
                                Filter: (production_year > 1990)
                                Rows Removed by Filter: 0
                    ->  Index Scan using movie_id_movie_info_idx on movie_info_idx mi_idx  (cost=0.00..6.00 rows=2 width=13) (actual time=0.002..0.002 rows=1 loops=7874)
                          Index Cond: (movie_id = t.id)
                          Filter: (info > '2.0'::text)
                          Rows Removed by Filter: 1
        ->  Sort  (cost=113.00..113.00 rows=1 width=4) (actual time=0.023..0.023 rows=1 loops=1)
              Sort Key: it.id
              Sort Method: quicksort  Memory: 25kB
              ->  Seq Scan on info_type it  (cost=0.00..113.00 rows=1 width=4) (actual time=0.013..0.014 rows=1 loops=1)
                    Filter: ((info)::text = 'rating'::text)
                    Rows Removed by Filter: 112
Planning time: 0.827 ms
Execution time: 86.561 ms
