Aggregate  (cost=2679867.11..2679868.11 rows=1 width=32) (actual time=192.352..192.352 rows=1 loops=1)
  ->  Nested Loop  (cost=0.00..2679867.11 rows=228 width=17) (actual time=192.350..192.350 rows=0 loops=1)
        ->  Nested Loop  (cost=0.00..2679415.00 rows=228 width=21) (actual time=192.349..192.349 rows=0 loops=1)
              ->  Nested Loop  (cost=0.00..2616600.00 rows=739 width=25) (actual time=192.349..192.349 rows=0 loops=1)
                    ->  Nested Loop  (cost=0.00..2612866.00 rows=1867 width=4) (actual time=192.349..192.349 rows=0 loops=1)
                          ->  Seq Scan on company_type ct  (cost=0.00..4.00 rows=1 width=4) (actual time=0.004..0.006 rows=1 loops=1)
                                Filter: ((kind)::text = 'production companies'::text)
                                Rows Removed by Filter: 3
                          ->  Index Scan using company_type_id_movie_companies on movie_companies mc  (cost=0.00..2609128.00 rows=3734 width=8) (actual time=192.341..192.341 rows=0 loops=1)
                                Index Cond: (company_type_id = ct.id)
                                Filter: ((note ~~ '%(theatrical)%'::text) AND (note ~~ '%(France)%'::text))
                                Rows Removed by Filter: 1334883
                    ->  Index Scan using title_pkey on title t  (cost=0.00..2.00 rows=1 width=21) (never executed)
                          Index Cond: (id = mc.movie_id)
                          Filter: (production_year > 2005)
              ->  Index Scan using movie_id_movie_info on movie_info mi  (cost=0.00..84.00 rows=1 width=8) (never executed)
                    Index Cond: (movie_id = t.id)
                    Filter: (info = ANY ('{Sweden,Norway,Germany,Denmark,Swedish,Denish,Norwegian,German}'::text[]))
        ->  Index Only Scan using info_type_pkey on info_type it  (cost=0.00..2.00 rows=1 width=4) (never executed)
              Index Cond: (id = mi.info_type_id)
              Heap Fetches: 0
Planning time: 0.945 ms
Execution time: 192.394 ms
