Aggregate  (cost=2612955.04..2612956.04 rows=1 width=32) (actual time=193.375..193.375 rows=1 loops=1)
  ->  Nested Loop  (cost=0.00..2612955.04 rows=0 width=17) (actual time=193.372..193.372 rows=0 loops=1)
        ->  Nested Loop  (cost=0.00..2612953.04 rows=0 width=8) (actual time=193.372..193.372 rows=0 loops=1)
              ->  Nested Loop  (cost=0.00..2612951.00 rows=0 width=12) (actual time=193.372..193.372 rows=0 loops=1)
                    ->  Nested Loop  (cost=0.00..2612866.00 rows=0 width=4) (actual time=193.371..193.371 rows=0 loops=1)
                          ->  Seq Scan on company_type ct  (cost=0.00..4.00 rows=1 width=4) (actual time=0.004..0.006 rows=1 loops=1)
                                Filter: ((kind)::text = 'production companies'::text)
                                Rows Removed by Filter: 3
                          ->  Index Scan using company_type_id_movie_companies on movie_companies mc  (cost=0.00..2609128.00 rows=3734 width=8) (actual time=193.364..193.364 rows=0 loops=1)
                                Index Cond: (company_type_id = ct.id)
                                Filter: ((note ~~ '%(theatrical)%'::text) AND (note ~~ '%(France)%'::text))
                                Rows Removed by Filter: 1334883
                    ->  Index Scan using movie_id_movie_info on movie_info mi  (cost=0.00..84.00 rows=1 width=8) (never executed)
                          Index Cond: (movie_id = mc.movie_id)
                          Filter: (info = ANY ('{Sweden,Norway,Germany,Denmark,Swedish,Denish,Norwegian,German}'::text[]))
              ->  Index Only Scan using info_type_pkey on info_type it  (cost=0.00..2.00 rows=1 width=4) (never executed)
                    Index Cond: (id = mi.info_type_id)
                    Heap Fetches: 0
        ->  Index Scan using title_pkey on title t  (cost=0.00..2.00 rows=1 width=21) (never executed)
              Index Cond: (id = mi.movie_id)
              Filter: (production_year > 2005)
Planning time: 0.867 ms
Execution time: 193.412 ms
