Aggregate  (cost=2743853.37..2743854.37 rows=1 width=32) (actual time=219.467..219.467 rows=1 loops=1)
  ->  Nested Loop  (cost=0.00..2743853.37 rows=796 width=17) (actual time=2.658..219.310 rows=669 loops=1)
        ->  Nested Loop  (cost=0.00..2742275.00 rows=796 width=21) (actual time=2.655..218.594 rows=669 loops=1)
              ->  Nested Loop  (cost=0.00..2694803.00 rows=552 width=25) (actual time=2.648..209.265 rows=767 loops=1)
                    ->  Nested Loop  (cost=0.00..2693207.00 rows=798 width=4) (actual time=2.640..206.336 rows=798 loops=1)
                          ->  Seq Scan on company_type ct  (cost=0.00..4.00 rows=1 width=4) (actual time=0.004..0.006 rows=1 loops=1)
                                Filter: ((kind)::text = 'production companies'::text)
                                Rows Removed by Filter: 3
                          ->  Index Scan using company_type_id_movie_companies on movie_companies mc  (cost=0.00..2609128.00 rows=84075 width=8) (actual time=2.635..206.224 rows=798 loops=1)
                                Index Cond: (company_type_id = ct.id)
                                Filter: ((note !~~ '%(TV)%'::text) AND (note ~~ '%(USA)%'::text))
                                Rows Removed by Filter: 1334085
                    ->  Index Scan using title_pkey on title t  (cost=0.00..2.00 rows=1 width=21) (actual time=0.003..0.003 rows=1 loops=798)
                          Index Cond: (id = mc.movie_id)
                          Filter: (production_year > 1990)
                          Rows Removed by Filter: 0
              ->  Index Scan using movie_id_movie_info on movie_info mi  (cost=0.00..84.00 rows=2 width=8) (actual time=0.010..0.012 rows=1 loops=767)
                    Index Cond: (movie_id = t.id)
                    Filter: (info = ANY ('{Sweden,Norway,Germany,Denmark,Swedish,Denish,Norwegian,German,USA,American}'::text[]))
                    Rows Removed by Filter: 10
        ->  Index Only Scan using info_type_pkey on info_type it  (cost=0.00..2.00 rows=1 width=4) (actual time=0.001..0.001 rows=1 loops=669)
              Index Cond: (id = mi.info_type_id)
              Heap Fetches: 669
Planning time: 0.858 ms
Execution time: 219.504 ms
