Aggregate  (cost=136068.33..136069.33 rows=1 width=96) (actual time=13.079..13.079 rows=1 loops=1)
  ->  Nested Loop  (cost=0.00..136068.33 rows=1 width=48) (actual time=1.022..13.071 rows=6 loops=1)
        ->  Nested Loop  (cost=0.00..135693.00 rows=187 width=37) (actual time=0.256..9.702 rows=1224 loops=1)
              ->  Nested Loop  (cost=0.00..135153.00 rows=5 width=41) (actual time=0.250..8.740 rows=11 loops=1)
                    ->  Nested Loop  (cost=0.00..135085.00 rows=34 width=20) (actual time=0.245..8.680 rows=14 loops=1)
                          ->  Seq Scan on keyword k  (cost=0.00..134170.00 rows=1 width=20) (actual time=0.238..8.658 rows=1 loops=1)
                                Filter: (keyword = 'marvel-cinematic-universe'::text)
                                Rows Removed by Filter: 134169
                          ->  Index Scan using keyword_id_movie_keyword on movie_keyword mk  (cost=0.00..610.00 rows=305 width=8) (actual time=0.006..0.019 rows=14 loops=1)
                                Index Cond: (keyword_id = k.id)
                    ->  Index Scan using title_pkey on title t  (cost=0.00..2.00 rows=1 width=21) (actual time=0.004..0.004 rows=1 loops=14)
                          Index Cond: (id = mk.movie_id)
                          Filter: (production_year > 2010)
                          Rows Removed by Filter: 0
              ->  Index Scan using movie_id_cast_info on cast_info ci  (cost=0.00..72.00 rows=36 width=8) (actual time=0.005..0.072 rows=111 loops=11)
                    Index Cond: (movie_id = t.id)
        ->  Index Scan using name_pkey on name n  (cost=0.00..2.00 rows=1 width=19) (actual time=0.003..0.003 rows=0 loops=1224)
              Index Cond: (id = ci.person_id)
              Filter: (name ~~ '%Downey%Robert%'::text)
              Rows Removed by Filter: 1
Planning time: 0.824 ms
Execution time: 13.118 ms
