Aggregate  (cost=135828.33..135829.33 rows=1 width=96) (actual time=12.991..12.991 rows=1 loops=1)
  ->  Nested Loop  (cost=0.00..135828.33 rows=1 width=48) (actual time=0.998..12.983 rows=6 loops=1)
        ->  Nested Loop  (cost=0.00..135329.00 rows=249 width=37) (actual time=0.252..9.619 rows=1224 loops=1)
              ->  Nested Loop  (cost=0.00..135113.00 rows=2 width=41) (actual time=0.246..8.671 rows=11 loops=1)
                    ->  Nested Loop  (cost=0.00..135085.00 rows=14 width=20) (actual time=0.241..8.612 rows=14 loops=1)
                          ->  Seq Scan on keyword k  (cost=0.00..134170.00 rows=1 width=20) (actual time=0.235..8.591 rows=1 loops=1)
                                Filter: (keyword = 'marvel-cinematic-universe'::text)
                                Rows Removed by Filter: 134169
                          ->  Index Scan using keyword_id_movie_keyword on movie_keyword mk  (cost=0.00..610.00 rows=305 width=8) (actual time=0.005..0.018 rows=14 loops=1)
                                Index Cond: (keyword_id = k.id)
                    ->  Index Scan using title_pkey on title t  (cost=0.00..2.00 rows=1 width=21) (actual time=0.004..0.004 rows=1 loops=14)
                          Index Cond: (id = mk.movie_id)
                          Filter: (production_year > 2010)
                          Rows Removed by Filter: 0
              ->  Index Scan using movie_id_cast_info on cast_info ci  (cost=0.00..72.00 rows=36 width=8) (actual time=0.005..0.071 rows=111 loops=11)
                    Index Cond: (movie_id = t.id)
        ->  Index Scan using name_pkey on name n  (cost=0.00..2.00 rows=1 width=19) (actual time=0.003..0.003 rows=0 loops=1224)
              Index Cond: (id = ci.person_id)
              Filter: (name ~~ '%Downey%Robert%'::text)
              Rows Removed by Filter: 1
Planning time: 0.801 ms
Execution time: 13.027 ms
