Aggregate  (cost=142143.34..142144.34 rows=1 width=96) (actual time=142.337..142.337 rows=1 loops=1)
  ->  Nested Loop  (cost=0.00..142143.34 rows=1 width=48) (actual time=6.685..142.315 rows=12 loops=1)
        ->  Nested Loop  (cost=0.00..142138.01 rows=2 width=37) (actual time=1.962..140.928 rows=383 loops=1)
              ->  Nested Loop  (cost=0.00..142030.01 rows=1 width=41) (actual time=1.956..140.409 rows=36 loops=1)
                    ->  Nested Loop  (cost=0.00..141490.00 rows=270 width=20) (actual time=0.103..51.768 rows=35548 loops=1)
                          ->  Seq Scan on keyword k  (cost=0.00..134170.00 rows=8 width=20) (actual time=0.091..23.799 rows=8 loops=1)
                                Filter: (keyword = ANY ('{superhero,sequel,second-part,marvel-comics,based-on-comic,tv-special,fight,violence}'::text[]))
                                Rows Removed by Filter: 134162
                          ->  Index Scan using keyword_id_movie_keyword on movie_keyword mk  (cost=0.00..610.00 rows=305 width=8) (actual time=0.009..2.931 rows=4444 loops=8)
                                Index Cond: (keyword_id = k.id)
                    ->  Index Scan using title_pkey on title t  (cost=0.00..2.00 rows=1 width=21) (actual time=0.002..0.002 rows=0 loops=35548)
                          Index Cond: (id = mk.movie_id)
                          Filter: (production_year > 2014)
                          Rows Removed by Filter: 1
              ->  Index Scan using movie_id_cast_info on cast_info ci  (cost=0.00..72.00 rows=36 width=8) (actual time=0.005..0.012 rows=11 loops=36)
                    Index Cond: (movie_id = t.id)
        ->  Index Scan using name_pkey on name n  (cost=0.00..2.00 rows=1 width=19) (actual time=0.003..0.003 rows=0 loops=383)
              Index Cond: (id = ci.person_id)
              Filter: (name ~~ '%Downey%Robert%'::text)
              Rows Removed by Filter: 1
Planning time: 0.875 ms
Execution time: 142.385 ms
