Aggregate  (cost=213239.34..213240.34 rows=1 width=96) (actual time=145.508..145.508 rows=1 loops=1)
  ->  Nested Loop  (cost=0.00..213239.34 rows=1 width=48) (actual time=7.337..145.483 rows=12 loops=1)
        ->  Nested Loop  (cost=0.00..213234.01 rows=2 width=37) (actual time=2.079..144.041 rows=383 loops=1)
              ->  Nested Loop  (cost=0.00..212586.01 rows=6 width=41) (actual time=2.072..143.493 rows=36 loops=1)
                    ->  Nested Loop  (cost=0.00..141490.00 rows=35548 width=20) (actual time=0.103..52.573 rows=35548 loops=1)
                          ->  Seq Scan on keyword k  (cost=0.00..134170.00 rows=8 width=20) (actual time=0.089..24.370 rows=8 loops=1)
                                Filter: (keyword = ANY ('{superhero,sequel,second-part,marvel-comics,based-on-comic,tv-special,fight,violence}'::text[]))
                                Rows Removed by Filter: 134162
                          ->  Index Scan using keyword_id_movie_keyword on movie_keyword mk  (cost=0.00..610.00 rows=305 width=8) (actual time=0.008..2.959 rows=4444 loops=8)
                                Index Cond: (keyword_id = k.id)
                    ->  Index Scan using title_pkey on title t  (cost=0.00..2.00 rows=1 width=21) (actual time=0.002..0.002 rows=0 loops=35548)
                          Index Cond: (id = mk.movie_id)
                          Filter: (production_year > 2014)
                          Rows Removed by Filter: 1
              ->  Index Scan using movie_id_cast_info on cast_info ci  (cost=0.00..72.00 rows=36 width=8) (actual time=0.006..0.013 rows=11 loops=36)
                    Index Cond: (movie_id = t.id)
        ->  Index Scan using name_pkey on name n  (cost=0.00..2.00 rows=1 width=19) (actual time=0.004..0.004 rows=0 loops=383)
              Index Cond: (id = ci.person_id)
              Filter: (name ~~ '%Downey%Robert%'::text)
              Rows Removed by Filter: 1
Planning time: 0.787 ms
Execution time: 145.551 ms
