Aggregate  (cost=135264.34..135265.34 rows=1 width=96) (actual time=8.992..8.992 rows=1 loops=1)
  ->  Nested Loop  (cost=0.00..135264.34 rows=1 width=48) (actual time=0.378..8.987 rows=2 loops=1)
        ->  Nested Loop  (cost=0.00..135261.01 rows=1 width=37) (actual time=0.266..8.879 rows=33 loops=1)
              ->  Nested Loop  (cost=0.00..135153.01 rows=1 width=41) (actual time=0.260..8.836 rows=2 loops=1)
                    ->  Nested Loop  (cost=0.00..135085.00 rows=34 width=20) (actual time=0.246..8.774 rows=14 loops=1)
                          ->  Seq Scan on keyword k  (cost=0.00..134170.00 rows=1 width=20) (actual time=0.239..8.752 rows=1 loops=1)
                                Filter: (keyword = 'marvel-cinematic-universe'::text)
                                Rows Removed by Filter: 134169
                          ->  Index Scan using keyword_id_movie_keyword on movie_keyword mk  (cost=0.00..610.00 rows=305 width=8) (actual time=0.006..0.019 rows=14 loops=1)
                                Index Cond: (keyword_id = k.id)
                    ->  Index Scan using title_pkey on title t  (cost=0.00..2.00 rows=1 width=21) (actual time=0.004..0.004 rows=0 loops=14)
                          Index Cond: (id = mk.movie_id)
                          Filter: (production_year > 2014)
                          Rows Removed by Filter: 1
              ->  Index Scan using movie_id_cast_info on cast_info ci  (cost=0.00..72.00 rows=36 width=8) (actual time=0.007..0.019 rows=16 loops=2)
                    Index Cond: (movie_id = t.id)
        ->  Index Scan using name_pkey on name n  (cost=0.00..2.00 rows=1 width=19) (actual time=0.003..0.003 rows=0 loops=33)
              Index Cond: (id = ci.person_id)
              Filter: (name ~~ '%Downey%Robert%'::text)
              Rows Removed by Filter: 1
Planning time: 0.790 ms
Execution time: 9.031 ms
