Aggregate  (cost=138405.01..138406.01 rows=1 width=96) (actual time=12.187..12.187 rows=1 loops=1)
  ->  Nested Loop  (cost=0.00..138405.01 rows=1 width=48) (actual time=0.903..12.179 rows=6 loops=1)
        ->  Nested Loop  (cost=0.00..137097.00 rows=654 width=37) (actual time=0.258..9.302 rows=1224 loops=1)
              ->  Nested Loop  (cost=0.00..135153.00 rows=18 width=41) (actual time=0.252..8.448 rows=11 loops=1)
                    ->  Nested Loop  (cost=0.00..135085.00 rows=34 width=20) (actual time=0.247..8.395 rows=14 loops=1)
                          ->  Seq Scan on keyword k  (cost=0.00..134170.00 rows=1 width=20) (actual time=0.240..8.375 rows=1 loops=1)
                                Filter: (keyword = 'marvel-cinematic-universe'::text)
                                Rows Removed by Filter: 134169
                          ->  Index Scan using keyword_id_movie_keyword on movie_keyword mk  (cost=0.00..610.00 rows=305 width=8) (actual time=0.006..0.016 rows=14 loops=1)
                                Index Cond: (keyword_id = k.id)
                    ->  Index Scan using title_pkey on title t  (cost=0.00..2.00 rows=1 width=21) (actual time=0.003..0.003 rows=1 loops=14)
                          Index Cond: (id = mk.movie_id)
                          Filter: (production_year > 2000)
                          Rows Removed by Filter: 0
              ->  Index Scan using movie_id_cast_info on cast_info ci  (cost=0.00..72.00 rows=36 width=8) (actual time=0.005..0.063 rows=111 loops=11)
                    Index Cond: (movie_id = t.id)
        ->  Index Scan using name_pkey on name n  (cost=0.00..2.00 rows=1 width=19) (actual time=0.002..0.002 rows=0 loops=1224)
              Index Cond: (id = ci.person_id)
              Filter: (name ~~ '%Downey%Robert%'::text)
              Rows Removed by Filter: 1
Planning time: 0.791 ms
Execution time: 12.223 ms
