Aggregate  (cost=138750.33..138751.33 rows=1 width=96) (actual time=11.132..11.132 rows=1 loops=1)
  ->  Nested Loop  (cost=0.00..138750.33 rows=3 width=48) (actual time=0.816..11.124 rows=6 loops=1)
        ->  Nested Loop  (cost=0.00..136301.00 rows=1224 width=37) (actual time=0.230..8.438 rows=1224 loops=1)
              ->  Nested Loop  (cost=0.00..135113.00 rows=11 width=41) (actual time=0.227..7.697 rows=11 loops=1)
                    ->  Nested Loop  (cost=0.00..135085.00 rows=14 width=20) (actual time=0.223..7.656 rows=14 loops=1)
                          ->  Seq Scan on keyword k  (cost=0.00..134170.00 rows=1 width=20) (actual time=0.218..7.640 rows=1 loops=1)
                                Filter: (keyword = 'marvel-cinematic-universe'::text)
                                Rows Removed by Filter: 134169
                          ->  Index Scan using keyword_id_movie_keyword on movie_keyword mk  (cost=0.00..610.00 rows=305 width=8) (actual time=0.004..0.012 rows=14 loops=1)
                                Index Cond: (keyword_id = k.id)
                    ->  Index Scan using title_pkey on title t  (cost=0.00..2.00 rows=1 width=21) (actual time=0.003..0.003 rows=1 loops=14)
                          Index Cond: (id = mk.movie_id)
                          Filter: (production_year > 2000)
                          Rows Removed by Filter: 0
              ->  Index Scan using movie_id_cast_info on cast_info ci  (cost=0.00..72.00 rows=36 width=8) (actual time=0.004..0.053 rows=111 loops=11)
                    Index Cond: (movie_id = t.id)
        ->  Index Scan using name_pkey on name n  (cost=0.00..2.00 rows=1 width=19) (actual time=0.002..0.002 rows=0 loops=1224)
              Index Cond: (id = ci.person_id)
              Filter: (name ~~ '%Downey%Robert%'::text)
              Rows Removed by Filter: 1
Planning time: 0.773 ms
Execution time: 11.166 ms
