Aggregate  (cost=102498.00..102499.00 rows=1 width=64) (actual time=653.807..653.808 rows=1 loops=1)
  ->  Nested Loop  (cost=0.00..102498.00 rows=1 width=32) (actual time=17.524..653.776 rows=32 loops=1)
        ->  Nested Loop  (cost=0.00..102494.00 rows=1 width=36) (actual time=17.519..653.684 rows=32 loops=1)
              ->  Nested Loop  (cost=0.00..102488.00 rows=1 width=48) (actual time=17.509..653.549 rows=14 loops=1)
                    ->  Nested Loop  (cost=0.00..49193.00 rows=1045 width=40) (actual time=0.038..534.816 rows=17559 loops=1)
                          ->  Nested Loop  (cost=0.00..33167.00 rows=8013 width=21) (actual time=0.031..142.624 rows=105262 loops=1)
                                ->  Nested Loop  (cost=0.00..8975.00 rows=224 width=25) (actual time=0.023..23.340 rows=1467 loops=1)
                                      ->  Nested Loop  (cost=0.00..5643.00 rows=1666 width=4) (actual time=0.016..2.168 rows=5186 loops=1)
                                            ->  Seq Scan on link_type lt  (cost=0.00..18.00 rows=1 width=4) (actual time=0.007..0.010 rows=1 loops=1)
                                                  Filter: ((link)::text = 'features'::text)
                                                  Rows Removed by Filter: 17
                                            ->  Index Scan using link_type_id_movie_link on movie_link ml  (cost=0.00..3750.00 rows=1875 width=8) (actual time=0.009..1.427 rows=5186 loops=1)
                                                  Index Cond: (link_type_id = lt.id)
                                      ->  Index Scan using title_pkey on title t  (cost=0.00..2.00 rows=1 width=21) (actual time=0.004..0.004 rows=0 loops=5186)
                                            Index Cond: (id = ml.linked_movie_id)
                                            Filter: ((production_year >= 1980) AND (production_year <= 1995))
                                            Rows Removed by Filter: 1
                                ->  Index Scan using movie_id_cast_info on cast_info ci  (cost=0.00..72.00 rows=36 width=8) (actual time=0.006..0.071 rows=72 loops=1467)
                                      Index Cond: (movie_id = t.id)
                          ->  Index Scan using name_pkey on name n  (cost=0.00..2.00 rows=1 width=19) (actual time=0.004..0.004 rows=0 loops=105262)
                                Index Cond: (id = ci.person_id)
                                Filter: (((name_pcode_cf)::text >= 'A'::text) AND ((name_pcode_cf)::text <= 'F'::text) AND (((gender)::text = 'm'::text) OR (((gender)::text = 'f'::text) AND (name ~~ 'B%'::text))))
                                Rows Removed by Filter: 1
                    ->  Index Scan using person_id_person_info on person_info pi  (cost=0.00..50.00 rows=1 width=8) (actual time=0.007..0.007 rows=0 loops=17559)
                          Index Cond: (person_id = n.id)
                          Filter: (note = 'Volker Boehm'::text)
                          Rows Removed by Filter: 20
              ->  Index Scan using person_id_aka_name on aka_name an  (cost=0.00..4.00 rows=2 width=4) (actual time=0.006..0.007 rows=2 loops=14)
                    Index Cond: (person_id = n.id)
                    Filter: (name ~~ '%a%'::text)
                    Rows Removed by Filter: 1
        ->  Index Scan using info_type_pkey on info_type it  (cost=0.00..2.00 rows=1 width=4) (actual time=0.002..0.002 rows=1 loops=32)
              Index Cond: (id = pi.info_type_id)
              Filter: ((info)::text = 'mini biography'::text)
Planning time: 3.498 ms
Execution time: 653.874 ms
