Aggregate  (cost=271279.00..271280.00 rows=1 width=64) (actual time=75.750..75.750 rows=1 loops=1)
  ->  Nested Loop  (cost=0.00..271279.00 rows=1 width=32) (actual time=2.258..75.732 rows=32 loops=1)
        ->  Nested Loop  (cost=0.00..271277.00 rows=1 width=23) (actual time=2.250..75.344 rows=151 loops=1)
              ->  Nested Loop  (cost=0.00..271273.00 rows=1 width=27) (actual time=2.247..74.857 rows=510 loops=1)
                    ->  Nested Loop  (cost=0.00..271267.00 rows=1 width=19) (actual time=2.213..71.006 rows=3354 loops=1)
                          ->  Nested Loop  (cost=0.00..269776.00 rows=1 width=27) (actual time=2.203..69.939 rows=20 loops=1)
                                ->  Nested Loop  (cost=0.00..269674.00 rows=17 width=23) (actual time=2.024..69.847 rows=17 loops=1)
                                      ->  Nested Loop  (cost=0.00..269546.00 rows=64 width=4) (actual time=0.738..69.420 rows=64 loops=1)
                                            ->  Seq Scan on info_type it  (cost=0.00..113.00 rows=1 width=4) (actual time=0.009..0.016 rows=1 loops=1)
                                                  Filter: ((info)::text = 'mini biography'::text)
                                                  Rows Removed by Filter: 112
                                            ->  Index Scan using info_type_id_person_info on person_info pi  (cost=0.00..269424.00 rows=9 width=8) (actual time=0.728..69.389 rows=64 loops=1)
                                                  Index Cond: (info_type_id = it.id)
                                                  Filter: (note = 'Volker Boehm'::text)
                                                  Rows Removed by Filter: 84120
                                      ->  Index Scan using name_pkey on name n  (cost=0.00..2.00 rows=1 width=19) (actual time=0.006..0.006 rows=0 loops=64)
                                            Index Cond: (id = pi.person_id)
                                            Filter: (((name_pcode_cf)::text >= 'A'::text) AND ((name_pcode_cf)::text <= 'F'::text) AND (((gender)::text = 'm'::text) OR (((gender)::text = 'f'::text) AND (name ~~ 'B%'::text))))
                                            Rows Removed by Filter: 1
                                ->  Index Scan using person_id_aka_name on aka_name an  (cost=0.00..4.00 rows=2 width=4) (actual time=0.004..0.005 rows=1 loops=17)
                                      Index Cond: (person_id = n.id)
                                      Filter: (name ~~ '%a%'::text)
                                      Rows Removed by Filter: 1
                          ->  Index Scan using person_id_cast_info on cast_info ci  (cost=0.00..994.00 rows=497 width=8) (actual time=0.006..0.033 rows=168 loops=20)
                                Index Cond: (person_id = n.id)
                    ->  Index Scan using linked_movie_id_movie_link on movie_link ml  (cost=0.00..4.00 rows=2 width=8) (actual time=0.001..0.001 rows=0 loops=3354)
                          Index Cond: (linked_movie_id = ci.movie_id)
              ->  Index Scan using link_type_pkey on link_type lt  (cost=0.00..2.00 rows=1 width=4) (actual time=0.001..0.001 rows=0 loops=510)
                    Index Cond: (id = ml.link_type_id)
                    Filter: ((link)::text = 'features'::text)
                    Rows Removed by Filter: 1
        ->  Index Scan using title_pkey on title t  (cost=0.00..2.00 rows=1 width=21) (actual time=0.002..0.002 rows=0 loops=151)
              Index Cond: (id = ci.movie_id)
              Filter: ((production_year >= 1980) AND (production_year <= 1995))
              Rows Removed by Filter: 1
Planning time: 3.507 ms
Execution time: 75.817 ms
