Aggregate  (cost=299684.00..299685.00 rows=1 width=64) (actual time=64.358..64.359 rows=1 loops=1)
  ->  Nested Loop  (cost=0.00..299684.00 rows=1 width=32) (actual time=1.706..64.340 rows=32 loops=1)
        ->  Nested Loop  (cost=0.00..299680.00 rows=1 width=36) (actual time=1.703..64.217 rows=110 loops=1)
              ->  Nested Loop  (cost=0.00..299656.00 rows=4 width=40) (actual time=1.651..63.360 rows=552 loops=1)
                    ->  Nested Loop  (cost=0.00..299596.00 rows=30 width=19) (actual time=1.623..53.498 rows=3354 loops=1)
                          ->  Nested Loop  (cost=0.00..269776.00 rows=20 width=27) (actual time=1.612..52.279 rows=20 loops=1)
                                ->  Nested Loop  (cost=0.00..269674.00 rows=17 width=23) (actual time=1.488..52.181 rows=17 loops=1)
                                      ->  Nested Loop  (cost=0.00..269546.00 rows=64 width=4) (actual time=0.504..51.775 rows=64 loops=1)
                                            ->  Seq Scan on info_type it  (cost=0.00..113.00 rows=1 width=4) (actual time=0.008..0.017 rows=1 loops=1)
                                                  Filter: ((info)::text = 'mini biography'::text)
                                                  Rows Removed by Filter: 112
                                            ->  Index Scan using info_type_id_person_info on person_info pi  (cost=0.00..269424.00 rows=9 width=8) (actual time=0.495..51.743 rows=64 loops=1)
                                                  Index Cond: (info_type_id = it.id)
                                                  Filter: (note = 'Volker Boehm'::text)
                                                  Rows Removed by Filter: 84120
                                      ->  Index Scan using name_pkey on name n  (cost=0.00..2.00 rows=1 width=19) (actual time=0.006..0.006 rows=0 loops=64)
                                            Index Cond: (id = pi.person_id)
                                            Filter: (((name_pcode_cf)::text >= 'A'::text) AND ((name_pcode_cf)::text <= 'F'::text) AND (((gender)::text = 'm'::text) OR (((gender)::text = 'f'::text) AND (name ~~ 'B%'::text))))
                                            Rows Removed by Filter: 1
                                ->  Index Scan using person_id_aka_name on aka_name an  (cost=0.00..4.00 rows=2 width=4) (actual time=0.004..0.005 rows=1 loops=17)
                                      Index Cond: (person_id = n.id)
                                      Filter: (name ~~ '%a%'::text)
                                      Rows Removed by Filter: 1
                          ->  Index Scan using person_id_cast_info on cast_info ci  (cost=0.00..994.00 rows=497 width=8) (actual time=0.006..0.038 rows=168 loops=20)
                                Index Cond: (person_id = n.id)
                    ->  Index Scan using title_pkey on title t  (cost=0.00..2.00 rows=1 width=21) (actual time=0.003..0.003 rows=0 loops=3354)
                          Index Cond: (id = ci.movie_id)
                          Filter: ((production_year >= 1980) AND (production_year <= 1995))
                          Rows Removed by Filter: 1
              ->  Index Scan using linked_movie_id_movie_link on movie_link ml  (cost=0.00..4.00 rows=2 width=8) (actual time=0.001..0.001 rows=0 loops=552)
                    Index Cond: (linked_movie_id = t.id)
        ->  Index Scan using link_type_pkey on link_type lt  (cost=0.00..2.00 rows=1 width=4) (actual time=0.001..0.001 rows=0 loops=110)
              Index Cond: (id = ml.link_type_id)
              Filter: ((link)::text = 'features'::text)
              Rows Removed by Filter: 1
Planning time: 3.533 ms
Execution time: 64.424 ms
