Aggregate  (cost=302802.00..302803.00 rows=1 width=64) (actual time=61.182..61.182 rows=1 loops=1)
  ->  Nested Loop  (cost=0.00..302802.00 rows=1 width=32) (actual time=2.031..61.165 rows=32 loops=1)
        ->  Nested Loop  (cost=0.00..302796.00 rows=1 width=44) (actual time=2.024..61.105 rows=14 loops=1)
              ->  Nested Loop  (cost=0.00..302701.00 rows=46 width=48) (actual time=2.020..61.036 rows=54 loops=1)
                    ->  Nested Loop  (cost=0.00..300361.00 rows=390 width=52) (actual time=1.514..60.382 rows=390 loops=1)
                          ->  Nested Loop  (cost=0.00..295021.00 rows=2670 width=31) (actual time=1.484..52.252 rows=2670 loops=1)
                                ->  Nested Loop  (cost=0.00..269674.00 rows=17 width=23) (actual time=1.474..51.149 rows=17 loops=1)
                                      ->  Nested Loop  (cost=0.00..269546.00 rows=64 width=4) (actual time=0.493..50.758 rows=64 loops=1)
                                            ->  Seq Scan on info_type it  (cost=0.00..113.00 rows=1 width=4) (actual time=0.009..0.017 rows=1 loops=1)
                                                  Filter: ((info)::text = 'mini biography'::text)
                                                  Rows Removed by Filter: 112
                                            ->  Index Scan using info_type_id_person_info on person_info pi  (cost=0.00..269424.00 rows=9 width=8) (actual time=0.483..50.727 rows=64 loops=1)
                                                  Index Cond: (info_type_id = it.id)
                                                  Filter: (note = 'Volker Boehm'::text)
                                                  Rows Removed by Filter: 84120
                                      ->  Index Scan using name_pkey on name n  (cost=0.00..2.00 rows=1 width=19) (actual time=0.006..0.006 rows=0 loops=64)
                                            Index Cond: (id = pi.person_id)
                                            Filter: (((name_pcode_cf)::text >= 'A'::text) AND ((name_pcode_cf)::text <= 'F'::text) AND (((gender)::text = 'm'::text) OR (((gender)::text = 'f'::text) AND (name ~~ 'B%'::text))))
                                            Rows Removed by Filter: 1
                                ->  Index Scan using person_id_cast_info on cast_info ci  (cost=0.00..994.00 rows=497 width=8) (actual time=0.007..0.043 rows=157 loops=17)
                                      Index Cond: (person_id = n.id)
                          ->  Index Scan using title_pkey on title t  (cost=0.00..2.00 rows=1 width=21) (actual time=0.003..0.003 rows=0 loops=2670)
                                Index Cond: (id = ci.movie_id)
                                Filter: ((production_year >= 1980) AND (production_year <= 1995))
                                Rows Removed by Filter: 1
                    ->  Index Scan using linked_movie_id_movie_link on movie_link ml  (cost=0.00..4.00 rows=2 width=8) (actual time=0.001..0.001 rows=0 loops=390)
                          Index Cond: (linked_movie_id = t.id)
              ->  Index Scan using link_type_pkey on link_type lt  (cost=0.00..2.00 rows=1 width=4) (actual time=0.001..0.001 rows=0 loops=54)
                    Index Cond: (id = ml.link_type_id)
                    Filter: ((link)::text = 'features'::text)
                    Rows Removed by Filter: 1
        ->  Index Scan using person_id_aka_name on aka_name an  (cost=0.00..4.00 rows=2 width=4) (actual time=0.002..0.004 rows=2 loops=14)
              Index Cond: (person_id = n.id)
              Filter: (name ~~ '%a%'::text)
              Rows Removed by Filter: 1
Planning time: 3.591 ms
Execution time: 61.255 ms
