Aggregate  (cost=18267.00..18268.00 rows=1 width=64) (actual time=166.997..166.997 rows=1 loops=1)
  ->  Nested Loop  (cost=0.00..18267.00 rows=1 width=32) (actual time=3.445..166.977 rows=16 loops=1)
        ->  Nested Loop  (cost=0.00..18263.00 rows=1 width=36) (actual time=3.440..166.932 rows=16 loops=1)
              ->  Nested Loop  (cost=0.00..18257.00 rows=1 width=48) (actual time=3.433..166.866 rows=8 loops=1)
                    ->  Nested Loop  (cost=0.00..16727.00 rows=30 width=40) (actual time=0.071..160.570 rows=1076 loops=1)
                          ->  Nested Loop  (cost=0.00..13619.00 rows=1554 width=21) (actual time=0.029..53.709 rows=33415 loops=1)
                                ->  Nested Loop  (cost=0.00..8975.00 rows=43 width=25) (actual time=0.021..19.754 rows=435 loops=1)
                                      ->  Nested Loop  (cost=0.00..5643.00 rows=1666 width=4) (actual time=0.016..1.909 rows=5186 loops=1)
                                            ->  Seq Scan on link_type lt  (cost=0.00..18.00 rows=1 width=4) (actual time=0.007..0.011 rows=1 loops=1)
                                                  Filter: ((link)::text = 'features'::text)
                                                  Rows Removed by Filter: 17
                                            ->  Index Scan using link_type_id_movie_link on movie_link ml  (cost=0.00..3750.00 rows=1875 width=8) (actual time=0.008..1.257 rows=5186 loops=1)
                                                  Index Cond: (link_type_id = lt.id)
                                      ->  Index Scan using title_pkey on title t  (cost=0.00..2.00 rows=1 width=21) (actual time=0.003..0.003 rows=0 loops=5186)
                                            Index Cond: (id = ml.linked_movie_id)
                                            Filter: ((production_year >= 1980) AND (production_year <= 1984))
                                            Rows Removed by Filter: 1
                                ->  Index Scan using movie_id_cast_info on cast_info ci  (cost=0.00..72.00 rows=36 width=8) (actual time=0.006..0.068 rows=77 loops=435)
                                      Index Cond: (movie_id = t.id)
                          ->  Index Scan using name_pkey on name n  (cost=0.00..2.00 rows=1 width=19) (actual time=0.003..0.003 rows=0 loops=33415)
                                Index Cond: (id = ci.person_id)
                                Filter: (((name_pcode_cf)::text ~~ 'D%'::text) AND ((gender)::text = 'm'::text))
                                Rows Removed by Filter: 1
                    ->  Index Scan using person_id_person_info on person_info pi  (cost=0.00..50.00 rows=1 width=8) (actual time=0.006..0.006 rows=0 loops=1076)
                          Index Cond: (person_id = n.id)
                          Filter: (note = 'Volker Boehm'::text)
                          Rows Removed by Filter: 16
              ->  Index Scan using person_id_aka_name on aka_name an  (cost=0.00..4.00 rows=2 width=4) (actual time=0.005..0.007 rows=2 loops=8)
                    Index Cond: (person_id = n.id)
                    Filter: (name ~~ '%a%'::text)
                    Rows Removed by Filter: 1
        ->  Index Scan using info_type_pkey on info_type it  (cost=0.00..2.00 rows=1 width=4) (actual time=0.002..0.002 rows=1 loops=16)
              Index Cond: (id = pi.info_type_id)
              Filter: ((info)::text = 'mini biography'::text)
Planning time: 3.534 ms
Execution time: 167.066 ms
