Aggregate  (cost=40975.00..40976.00 rows=1 width=64) (actual time=171.545..171.545 rows=1 loops=1)
  ->  Nested Loop  (cost=0.00..40975.00 rows=1 width=32) (actual time=3.420..171.526 rows=16 loops=1)
        ->  Nested Loop  (cost=0.00..40971.00 rows=1 width=36) (actual time=3.416..171.486 rows=16 loops=1)
              ->  Nested Loop  (cost=0.00..39441.00 rows=30 width=44) (actual time=0.513..164.702 rows=992 loops=1)
                    ->  Nested Loop  (cost=0.00..39033.00 rows=68 width=40) (actual time=0.069..161.058 rows=1076 loops=1)
                          ->  Nested Loop  (cost=0.00..32863.00 rows=3085 width=21) (actual time=0.028..54.123 rows=33415 loops=1)
                                ->  Nested Loop  (cost=0.00..16015.00 rows=156 width=25) (actual time=0.022..19.891 rows=435 loops=1)
                                      ->  Nested Loop  (cost=0.00..5643.00 rows=5186 width=4) (actual time=0.016..1.910 rows=5186 loops=1)
                                            ->  Seq Scan on link_type lt  (cost=0.00..18.00 rows=1 width=4) (actual time=0.007..0.010 rows=1 loops=1)
                                                  Filter: ((link)::text = 'features'::text)
                                                  Rows Removed by Filter: 17
                                            ->  Index Scan using link_type_id_movie_link on movie_link ml  (cost=0.00..3750.00 rows=1875 width=8) (actual time=0.008..1.254 rows=5186 loops=1)
                                                  Index Cond: (link_type_id = lt.id)
                                      ->  Index Scan using title_pkey on title t  (cost=0.00..2.00 rows=1 width=21) (actual time=0.003..0.003 rows=0 loops=5186)
                                            Index Cond: (id = ml.linked_movie_id)
                                            Filter: ((production_year >= 1980) AND (production_year <= 1984))
                                            Rows Removed by Filter: 1
                                ->  Index Scan using movie_id_cast_info on cast_info ci  (cost=0.00..72.00 rows=36 width=8) (actual time=0.006..0.068 rows=77 loops=435)
                                      Index Cond: (movie_id = t.id)
                          ->  Index Scan using name_pkey on name n  (cost=0.00..2.00 rows=1 width=19) (actual time=0.003..0.003 rows=0 loops=33415)
                                Index Cond: (id = ci.person_id)
                                Filter: (((name_pcode_cf)::text ~~ 'D%'::text) AND ((gender)::text = 'm'::text))
                                Rows Removed by Filter: 1
                    ->  Index Scan using person_id_aka_name on aka_name an  (cost=0.00..4.00 rows=2 width=4) (actual time=0.003..0.003 rows=1 loops=1076)
                          Index Cond: (person_id = n.id)
                          Filter: (name ~~ '%a%'::text)
                          Rows Removed by Filter: 1
              ->  Index Scan using person_id_person_info on person_info pi  (cost=0.00..50.00 rows=1 width=8) (actual time=0.007..0.007 rows=0 loops=992)
                    Index Cond: (person_id = n.id)
                    Filter: (note = 'Volker Boehm'::text)
                    Rows Removed by Filter: 26
        ->  Index Scan using info_type_pkey on info_type it  (cost=0.00..2.00 rows=1 width=4) (actual time=0.002..0.002 rows=1 loops=16)
              Index Cond: (id = pi.info_type_id)
              Filter: ((info)::text = 'mini biography'::text)
Planning time: 3.542 ms
Execution time: 171.612 ms
