Aggregate  (cost=306406.40..306407.40 rows=1 width=64) (actual time=6186.445..6186.446 rows=1 loops=1)
  ->  Nested Loop  (cost=0.00..306406.40 rows=6 width=112) (actual time=0.153..5884.084 rows=68185 loops=1)
        ->  Nested Loop  (cost=0.00..306354.00 rows=27 width=116) (actual time=0.150..5798.643 rows=77651 loops=1)
              ->  Nested Loop  (cost=0.00..300852.00 rows=917 width=120) (actual time=0.094..4720.546 rows=934459 loops=1)
                    ->  Nested Loop  (cost=0.00..297872.00 rows=1490 width=116) (actual time=0.087..908.998 rows=1618304 loops=1)
                          ->  Nested Loop  (cost=0.00..275507.00 rows=15 width=124) (actual time=0.078..348.283 rows=12595 loops=1)
                                ->  Nested Loop  (cost=0.00..274961.00 rows=91 width=120) (actual time=0.074..310.205 rows=13063 loops=1)
                                      ->  Nested Loop  (cost=0.00..273471.00 rows=745 width=101) (actual time=0.024..71.282 rows=84183 loops=1)
                                            ->  Seq Scan on info_type it  (cost=0.00..113.00 rows=1 width=4) (actual time=0.009..0.018 rows=1 loops=1)
                                                  Filter: ((info)::text = 'mini biography'::text)
                                                  Rows Removed by Filter: 112
                                            ->  Index Scan using info_type_id_person_info on person_info pi  (cost=0.00..269424.00 rows=3934 width=105) (actual time=0.014..62.199 rows=84183 loops=1)
                                                  Index Cond: (info_type_id = it.id)
                                                  Filter: (note IS NOT NULL)
                                                  Rows Removed by Filter: 1
                                      ->  Index Scan using name_pkey on name n  (cost=0.00..2.00 rows=1 width=19) (actual time=0.003..0.003 rows=0 loops=84183)
                                            Index Cond: (id = pi.person_id)
                                            Filter: (((name_pcode_cf)::text >= 'A'::text) AND ((name_pcode_cf)::text <= 'F'::text) AND (((gender)::text = 'm'::text) OR (((gender)::text = 'f'::text) AND (name ~~ 'A%'::text))))
                                            Rows Removed by Filter: 1
                                ->  Index Scan using person_id_aka_name on aka_name an  (cost=0.00..4.00 rows=2 width=4) (actual time=0.002..0.003 rows=1 loops=13063)
                                      Index Cond: (person_id = n.id)
                                      Filter: ((name IS NOT NULL) AND ((name ~~ '%a%'::text) OR (name ~~ 'A%'::text)))
                                      Rows Removed by Filter: 0
                          ->  Index Scan using person_id_cast_info on cast_info ci  (cost=0.00..994.00 rows=497 width=8) (actual time=0.004..0.027 rows=128 loops=12595)
                                Index Cond: (person_id = n.id)
                    ->  Index Scan using title_pkey on title t  (cost=0.00..2.00 rows=1 width=4) (actual time=0.002..0.002 rows=1 loops=1618304)
                          Index Cond: (id = ci.movie_id)
                          Filter: ((production_year >= 1980) AND (production_year <= 2010))
                          Rows Removed by Filter: 0
              ->  Index Scan using linked_movie_id_movie_link on movie_link ml  (cost=0.00..4.00 rows=2 width=8) (actual time=0.001..0.001 rows=0 loops=934459)
                    Index Cond: (linked_movie_id = t.id)
        ->  Index Scan using link_type_pkey on link_type lt  (cost=0.00..2.00 rows=1 width=4) (actual time=0.001..0.001 rows=1 loops=77651)
              Index Cond: (id = ml.link_type_id)
              Filter: ((link)::text = ANY ('{references,"referenced in",features,"featured in"}'::text[]))
              Rows Removed by Filter: 0
Planning time: 3.461 ms
Execution time: 6186.515 ms
