Aggregate  (cost=690903.20..690904.20 rows=1 width=64) (actual time=6106.910..6106.910 rows=1 loops=1)
  ->  Nested Loop  (cost=0.00..690903.20 rows=5 width=112) (actual time=0.154..5805.415 rows=68185 loops=1)
        ->  Nested Loop  (cost=0.00..690860.00 rows=22 width=116) (actual time=0.151..5720.320 rows=77651 loops=1)
              ->  Nested Loop  (cost=0.00..687524.00 rows=556 width=120) (actual time=0.097..4657.732 rows=934459 loops=1)
                    ->  Nested Loop  (cost=0.00..685716.00 rows=904 width=116) (actual time=0.090..900.821 rows=1618304 loops=1)
                          ->  Nested Loop  (cost=0.00..520215.00 rows=111 width=124) (actual time=0.081..344.449 rows=12595 loops=1)
                                ->  Nested Loop  (cost=0.00..441837.00 rows=13063 width=120) (actual time=0.075..306.751 rows=13063 loops=1)
                                      ->  Nested Loop  (cost=0.00..273471.00 rows=84183 width=101) (actual time=0.025..70.392 rows=84183 loops=1)
                                            ->  Seq Scan on info_type it  (cost=0.00..113.00 rows=1 width=4) (actual time=0.009..0.017 rows=1 loops=1)
                                                  Filter: ((info)::text = 'mini biography'::text)
                                                  Rows Removed by Filter: 112
                                            ->  Index Scan using info_type_id_person_info on person_info pi  (cost=0.00..269424.00 rows=3934 width=105) (actual time=0.015..61.341 rows=84183 loops=1)
                                                  Index Cond: (info_type_id = it.id)
                                                  Filter: (note IS NOT NULL)
                                                  Rows Removed by Filter: 1
                                      ->  Index Scan using name_pkey on name n  (cost=0.00..2.00 rows=1 width=19) (actual time=0.003..0.003 rows=0 loops=84183)
                                            Index Cond: (id = pi.person_id)
                                            Filter: (((name_pcode_cf)::text >= 'A'::text) AND ((name_pcode_cf)::text <= 'F'::text) AND (((gender)::text = 'm'::text) OR (((gender)::text = 'f'::text) AND (name ~~ 'A%'::text))))
                                            Rows Removed by Filter: 1
                                ->  Index Scan using person_id_aka_name on aka_name an  (cost=0.00..4.00 rows=2 width=4) (actual time=0.002..0.003 rows=1 loops=13063)
                                      Index Cond: (person_id = n.id)
                                      Filter: ((name IS NOT NULL) AND ((name ~~ '%a%'::text) OR (name ~~ 'A%'::text)))
                                      Rows Removed by Filter: 0
                          ->  Index Scan using person_id_cast_info on cast_info ci  (cost=0.00..994.00 rows=497 width=8) (actual time=0.004..0.026 rows=128 loops=12595)
                                Index Cond: (person_id = n.id)
                    ->  Index Scan using title_pkey on title t  (cost=0.00..2.00 rows=1 width=4) (actual time=0.002..0.002 rows=1 loops=1618304)
                          Index Cond: (id = ci.movie_id)
                          Filter: ((production_year >= 1980) AND (production_year <= 2010))
                          Rows Removed by Filter: 0
              ->  Index Scan using linked_movie_id_movie_link on movie_link ml  (cost=0.00..4.00 rows=2 width=8) (actual time=0.001..0.001 rows=0 loops=934459)
                    Index Cond: (linked_movie_id = t.id)
        ->  Index Scan using link_type_pkey on link_type lt  (cost=0.00..2.00 rows=1 width=4) (actual time=0.001..0.001 rows=1 loops=77651)
              Index Cond: (id = ml.link_type_id)
              Filter: ((link)::text = ANY ('{references,"referenced in",features,"featured in"}'::text[]))
              Rows Removed by Filter: 0
Planning time: 3.550 ms
Execution time: 6106.989 ms
