Aggregate  (cost=2056969.00..2056970.00 rows=1 width=64) (actual time=2264.061..2264.061 rows=1 loops=1)
  ->  Nested Loop  (cost=454900.00..2056969.00 rows=18 width=112) (actual time=295.728..1876.109 rows=68185 loops=1)
        ->  Hash Join  (cost=454900.00..2056819.00 rows=25 width=124) (actual time=295.712..1722.517 rows=40157 loops=1)
              Hash Cond: (ci.person_id = n.id)
              ->  Nested Loop  (cost=0.00..1598480.00 rows=1097209 width=4) (actual time=0.068..1228.934 rows=1097209 loops=1)
                    ->  Nested Loop  (cost=0.00..65528.00 rows=14194 width=8) (actual time=0.060..95.553 rows=14194 loops=1)
                          ->  Nested Loop  (cost=0.00..22518.00 rows=21505 width=4) (actual time=0.052..9.386 rows=21505 loops=1)
                                ->  Seq Scan on link_type lt  (cost=0.00..18.00 rows=4 width=4) (actual time=0.007..0.021 rows=4 loops=1)
                                      Filter: ((link)::text = ANY ('{references,"referenced in",features,"featured in"}'::text[]))
                                      Rows Removed by Filter: 14
                                ->  Index Scan using link_type_id_movie_link on movie_link ml  (cost=0.00..3750.00 rows=1875 width=8) (actual time=0.016..1.616 rows=5376 loops=4)
                                      Index Cond: (link_type_id = lt.id)
                          ->  Index Scan using title_pkey on title t  (cost=0.00..2.00 rows=1 width=4) (actual time=0.004..0.004 rows=1 loops=21505)
                                Index Cond: (id = ml.linked_movie_id)
                                Filter: ((production_year >= 1980) AND (production_year <= 2010))
                                Rows Removed by Filter: 0
                    ->  Index Scan using movie_id_cast_info on cast_info ci  (cost=0.00..72.00 rows=36 width=8) (actual time=0.006..0.070 rows=77 loops=14194)
                          Index Cond: (movie_id = t.id)
              ->  Hash  (cost=441837.00..441837.00 rows=13063 width=120) (actual time=295.517..295.517 rows=13063 loops=1)
                    Buckets: 16384  Batches: 1  Memory Usage: 10993kB
                    ->  Nested Loop  (cost=0.00..441837.00 rows=13063 width=120) (actual time=0.096..283.270 rows=13063 loops=1)
                          ->  Nested Loop  (cost=0.00..273471.00 rows=84183 width=101) (actual time=0.026..67.771 rows=84183 loops=1)
                                ->  Seq Scan on info_type it  (cost=0.00..113.00 rows=1 width=4) (actual time=0.006..0.014 rows=1 loops=1)
                                      Filter: ((info)::text = 'mini biography'::text)
                                      Rows Removed by Filter: 112
                                ->  Index Scan using info_type_id_person_info on person_info pi  (cost=0.00..269424.00 rows=3934 width=105) (actual time=0.020..58.685 rows=84183 loops=1)
                                      Index Cond: (info_type_id = it.id)
                                      Filter: (note IS NOT NULL)
                                      Rows Removed by Filter: 1
                          ->  Index Scan using name_pkey on name n  (cost=0.00..2.00 rows=1 width=19) (actual time=0.002..0.002 rows=0 loops=84183)
                                Index Cond: (id = pi.person_id)
                                Filter: (((name_pcode_cf)::text >= 'A'::text) AND ((name_pcode_cf)::text <= 'F'::text) AND (((gender)::text = 'm'::text) OR (((gender)::text = 'f'::text) AND (name ~~ 'A%'::text))))
                                Rows Removed by Filter: 1
        ->  Index Scan using person_id_aka_name on aka_name an  (cost=0.00..4.00 rows=2 width=4) (actual time=0.003..0.003 rows=2 loops=40157)
              Index Cond: (person_id = n.id)
              Filter: ((name IS NOT NULL) AND ((name ~~ '%a%'::text) OR (name ~~ 'A%'::text)))
              Rows Removed by Filter: 1
Planning time: 3.437 ms
Execution time: 2264.168 ms
