Aggregate  (cost=2020806.01..2020807.01 rows=1 width=64) (actual time=1459.416..1459.416 rows=1 loops=1)
  ->  Nested Loop  (cost=0.00..2020806.01 rows=1 width=33) (actual time=109.697..1459.321 rows=62 loops=1)
        ->  Nested Loop  (cost=0.00..2020804.01 rows=1 width=24) (actual time=109.686..1459.000 rows=62 loops=1)
              ->  Nested Loop  (cost=0.00..2020800.01 rows=1 width=28) (actual time=14.901..1458.200 rows=658 loops=1)
                    ->  Nested Loop  (cost=0.00..2020794.01 rows=1 width=20) (actual time=14.893..1457.250 rows=190 loops=1)
                          ->  Nested Loop  (cost=0.00..2020708.00 rows=43 width=16) (actual time=0.070..1399.531 rows=19600 loops=1)
                                ->  Nested Loop  (cost=0.00..1985449.00 rows=483 width=4) (actual time=0.047..136.175 rows=48328 loops=1)
                                      ->  Seq Scan on company_name cn  (cost=0.00..234997.00 rows=6556 width=4) (actual time=0.009..26.850 rows=6752 loops=1)
                                            Filter: ((country_code)::text = '[jp]'::text)
                                            Rows Removed by Filter: 228245
                                      ->  Index Scan using company_id_movie_companies on movie_companies mc  (cost=0.00..266.00 rows=1 width=8) (actual time=0.006..0.015 rows=7 loops=6752)
                                            Index Cond: (company_id = cn.id)
                                            Filter: ((note ~~ '%(Japan)%'::text) AND (note !~~ '%(USA)%'::text))
                                            Rows Removed by Filter: 8
                                ->  Index Scan using movie_id_cast_info on cast_info ci  (cost=0.00..72.00 rows=1 width=12) (actual time=0.025..0.026 rows=0 loops=48328)
                                      Index Cond: (movie_id = mc.movie_id)
                                      Filter: (note = '(voice: English version)'::text)
                                      Rows Removed by Filter: 32
                          ->  Index Scan using name_pkey on name n1  (cost=0.00..2.00 rows=1 width=4) (actual time=0.003..0.003 rows=0 loops=19600)
                                Index Cond: (id = ci.person_id)
                                Filter: ((name ~~ '%Yo%'::text) AND (name !~~ '%Yu%'::text))
                                Rows Removed by Filter: 1
                    ->  Index Scan using person_id_aka_name on aka_name an1  (cost=0.00..4.00 rows=2 width=20) (actual time=0.003..0.004 rows=3 loops=190)
                          Index Cond: (person_id = n1.id)
              ->  Index Scan using role_type_pkey on role_type rt  (cost=0.00..2.00 rows=1 width=4) (actual time=0.001..0.001 rows=0 loops=658)
                    Index Cond: (id = ci.role_id)
                    Filter: ((role)::text = 'actress'::text)
                    Rows Removed by Filter: 1
        ->  Index Scan using title_pkey on title t  (cost=0.00..2.00 rows=1 width=21) (actual time=0.004..0.004 rows=1 loops=62)
              Index Cond: (id = ci.movie_id)
Planning time: 1.988 ms
Execution time: 1459.475 ms
