Aggregate  (cost=5605179.00..5605180.00 rows=1 width=64) (actual time=1432.067..1432.067 rows=1 loops=1)
  ->  Nested Loop  (cost=0.00..5605179.00 rows=1 width=33) (actual time=102.294..1431.974 rows=62 loops=1)
        ->  Nested Loop  (cost=0.00..5605177.00 rows=1 width=24) (actual time=102.284..1431.647 rows=62 loops=1)
              ->  Nested Loop  (cost=0.00..5605129.00 rows=8 width=16) (actual time=102.275..1431.371 rows=38 loops=1)
                    ->  Nested Loop  (cost=0.00..5604925.00 rows=98 width=20) (actual time=12.760..1431.020 rows=190 loops=1)
                          ->  Nested Loop  (cost=0.00..5565725.00 rows=19600 width=16) (actual time=0.042..1373.754 rows=19600 loops=1)
                                ->  Nested Loop  (cost=0.00..2037781.00 rows=48328 width=4) (actual time=0.019..122.219 rows=48328 loops=1)
                                      ->  Seq Scan on company_name cn  (cost=0.00..234997.00 rows=6752 width=4) (actual time=0.010..25.190 rows=6752 loops=1)
                                            Filter: ((country_code)::text = '[jp]'::text)
                                            Rows Removed by Filter: 228245
                                      ->  Index Scan using company_id_movie_companies on movie_companies mc  (cost=0.00..266.00 rows=1 width=8) (actual time=0.004..0.013 rows=7 loops=6752)
                                            Index Cond: (company_id = cn.id)
                                            Filter: ((note ~~ '%(Japan)%'::text) AND (note !~~ '%(USA)%'::text))
                                            Rows Removed by Filter: 8
                                ->  Index Scan using movie_id_cast_info on cast_info ci  (cost=0.00..72.00 rows=1 width=12) (actual time=0.025..0.026 rows=0 loops=48328)
                                      Index Cond: (movie_id = mc.movie_id)
                                      Filter: (note = '(voice: English version)'::text)
                                      Rows Removed by Filter: 32
                          ->  Index Scan using name_pkey on name n1  (cost=0.00..2.00 rows=1 width=4) (actual time=0.003..0.003 rows=0 loops=19600)
                                Index Cond: (id = ci.person_id)
                                Filter: ((name ~~ '%Yo%'::text) AND (name !~~ '%Yu%'::text))
                                Rows Removed by Filter: 1
                    ->  Index Scan using role_type_pkey on role_type rt  (cost=0.00..2.00 rows=1 width=4) (actual time=0.001..0.001 rows=0 loops=190)
                          Index Cond: (id = ci.role_id)
                          Filter: ((role)::text = 'actress'::text)
                          Rows Removed by Filter: 1
              ->  Index Scan using person_id_aka_name on aka_name an1  (cost=0.00..4.00 rows=2 width=20) (actual time=0.005..0.005 rows=2 loops=38)
                    Index Cond: (person_id = n1.id)
        ->  Index Scan using title_pkey on title t  (cost=0.00..2.00 rows=1 width=21) (actual time=0.004..0.004 rows=1 loops=62)
              Index Cond: (id = ci.movie_id)
Planning time: 2.094 ms
Execution time: 1432.132 ms
