Aggregate  (cost=23722307.00..23722308.00 rows=1 width=64) (actual time=12870.403..12870.403 rows=1 loops=1)
  ->  Merge Join  (cost=23120025.00..23722307.00 rows=6908649 width=33) (actual time=11508.693..12414.830 rows=2487611 loops=1)
        Merge Cond: (n1.id = a1.person_id)
        ->  Sort  (cost=22218682.00..22218682.00 rows=2784738 width=25) (actual time=11127.969..11342.636 rows=1970658 loops=1)
              Sort Key: ci.person_id
              Sort Method: quicksort  Memory: 201610kB
              ->  Nested Loop  (cost=15532731.00..22218682.00 rows=2784738 width=25) (actual time=5947.446..10600.469 rows=1970658 loops=1)
                    ->  Merge Join  (cost=15532731.00..16649208.00 rows=2784738 width=21) (actual time=5947.402..7029.920 rows=1970658 loops=1)
                          Merge Cond: (ci.movie_id = t.id)
                          ->  Sort  (cost=9884832.00..9884832.00 rows=3020362 width=8) (actual time=1342.092..1610.163 rows=2728734 loops=1)
                                Sort Key: ci.movie_id
                                Sort Method: quicksort  Memory: 226224kB
                                ->  Nested Loop  (cost=0.00..9884832.00 rows=3020362 width=8) (actual time=0.039..693.459 rows=2728943 loops=1)
                                      ->  Seq Scan on role_type rt  (cost=0.00..12.00 rows=1 width=4) (actual time=0.005..0.008 rows=1 loops=1)
                                            Filter: ((role)::text = 'writer'::text)
                                            Rows Removed by Filter: 11
                                      ->  Index Scan using role_id_cast_info on cast_info ci  (cost=0.00..6589880.00 rows=3294940 width=12) (actual time=0.033..397.226 rows=2728943 loops=1)
                                            Index Cond: (role_id = rt.id)
                          ->  Sort  (cost=5647899.00..5647899.00 rows=934591 width=25) (actual time=4605.302..4803.106 rows=2311206 loops=1)
                                Sort Key: mc.movie_id
                                Sort Method: quicksort  Memory: 139536kB
                                ->  Nested Loop  (cost=2844126.00..5647899.00 rows=934591 width=25) (actual time=847.269..4186.800 rows=1153798 loops=1)
                                      ->  Merge Join  (cost=2844126.00..3778717.00 rows=934591 width=4) (actual time=847.249..1511.054 rows=1153798 loops=1)
                                            Merge Cond: (cn.id = mc.company_id)
                                            ->  Sort  (cost=234997.00..234997.00 rows=84176 width=4) (actual time=45.754..58.528 rows=84843 loops=1)
                                                  Sort Key: cn.id
                                                  Sort Method: quicksort  Memory: 7050kB
                                                  ->  Seq Scan on company_name cn  (cost=0.00..234997.00 rows=84176 width=4) (actual time=0.013..28.546 rows=84843 loops=1)
                                                        Filter: ((country_code)::text = '[us]'::text)
                                                        Rows Removed by Filter: 150154
                                            ->  Sort  (cost=2609129.00..2609129.00 rows=2609129 width=8) (actual time=801.488..1139.789 rows=2609129 loops=1)
                                                  Sort Key: mc.company_id
                                                  Sort Method: quicksort  Memory: 220607kB
                                                  ->  Seq Scan on movie_companies mc  (cost=0.00..2609129.00 rows=2609129 width=8) (actual time=0.008..281.621 rows=2609129 loops=1)
                                      ->  Index Scan using title_pkey on title t  (cost=0.00..2.00 rows=1 width=21) (actual time=0.002..0.002 rows=1 loops=1153798)
                                            Index Cond: (id = mc.movie_id)
                    ->  Index Only Scan using name_pkey on name n1  (cost=0.00..2.00 rows=1 width=4) (actual time=0.002..0.002 rows=1 loops=1970658)
                          Index Cond: (id = ci.person_id)
                          Heap Fetches: 1970658
        ->  Sort  (cost=901343.00..901343.00 rows=901343 width=20) (actual time=380.715..539.559 rows=3063953 loops=1)
              Sort Key: a1.person_id
              Sort Method: quicksort  Memory: 89764kB
              ->  Seq Scan on aka_name a1  (cost=0.00..901343.00 rows=901343 width=20) (actual time=0.014..119.443 rows=901343 loops=1)
Planning time: 1.928 ms
Execution time: 12881.164 ms
