Aggregate  (cost=23477950.00..23477951.00 rows=1 width=64) (actual time=13362.353..13362.353 rows=1 loops=1)
  ->  Merge Join  (cost=22955597.00..23477950.00 rows=2820213 width=33) (actual time=11993.186..12906.345 rows=2487611 loops=1)
        Merge Cond: (n1.id = a1.person_id)
        ->  Sort  (cost=22054254.00..22054254.00 rows=2415175 width=25) (actual time=11615.406..11834.382 rows=1970658 loops=1)
              Sort Key: ci.person_id
              Sort Method: quicksort  Memory: 201610kB
              ->  Nested Loop  (cost=15978550.00..22054254.00 rows=2415175 width=25) (actual time=6258.423..11078.985 rows=1970658 loops=1)
                    ->  Merge Join  (cost=15978550.00..17223906.00 rows=2415175 width=21) (actual time=6258.401..7357.263 rows=1970658 loops=1)
                          Merge Cond: (ci.movie_id = t.id)
                          ->  Sort  (cost=9884832.00..9884832.00 rows=2728943 width=8) (actual time=1331.047..1608.453 rows=2728734 loops=1)
                                Sort Key: ci.movie_id
                                Sort Method: quicksort  Memory: 226224kB
                                ->  Nested Loop  (cost=0.00..9884832.00 rows=2728943 width=8) (actual time=0.022..672.407 rows=2728943 loops=1)
                                      ->  Seq Scan on role_type rt  (cost=0.00..12.00 rows=1 width=4) (actual time=0.006..0.009 rows=1 loops=1)
                                            Filter: ((role)::text = 'writer'::text)
                                            Rows Removed by Filter: 11
                                      ->  Index Scan using role_id_cast_info on cast_info ci  (cost=0.00..6589880.00 rows=3294940 width=12) (actual time=0.015..378.889 rows=2728943 loops=1)
                                            Index Cond: (role_id = rt.id)
                          ->  Sort  (cost=6093718.00..6093718.00 rows=1153798 width=25) (actual time=4927.346..5128.049 rows=2311206 loops=1)
                                Sort Key: mc.movie_id
                                Sort Method: quicksort  Memory: 139536kB
                                ->  Nested Loop  (cost=2844126.00..6093718.00 rows=1153798 width=25) (actual time=854.441..4491.642 rows=1153798 loops=1)
                                      ->  Merge Join  (cost=2844126.00..3786122.00 rows=1153798 width=4) (actual time=854.416..1543.936 rows=1153798 loops=1)
                                            Merge Cond: (cn.id = mc.company_id)
                                            ->  Sort  (cost=234997.00..234997.00 rows=84843 width=4) (actual time=45.344..59.664 rows=84843 loops=1)
                                                  Sort Key: cn.id
                                                  Sort Method: quicksort  Memory: 7050kB
                                                  ->  Seq Scan on company_name cn  (cost=0.00..234997.00 rows=84843 width=4) (actual time=0.013..28.282 rows=84843 loops=1)
                                                        Filter: ((country_code)::text = '[us]'::text)
                                                        Rows Removed by Filter: 150154
                                            ->  Sort  (cost=2609129.00..2609129.00 rows=2609129 width=8) (actual time=809.066..1165.183 rows=2609129 loops=1)
                                                  Sort Key: mc.company_id
                                                  Sort Method: quicksort  Memory: 220607kB
                                                  ->  Seq Scan on movie_companies mc  (cost=0.00..2609129.00 rows=2609129 width=8) (actual time=0.010..281.890 rows=2609129 loops=1)
                                      ->  Index Scan using title_pkey on title t  (cost=0.00..2.00 rows=1 width=21) (actual time=0.002..0.002 rows=1 loops=1153798)
                                            Index Cond: (id = mc.movie_id)
                    ->  Index Only Scan using name_pkey on name n1  (cost=0.00..2.00 rows=1 width=4) (actual time=0.002..0.002 rows=1 loops=1970658)
                          Index Cond: (id = ci.person_id)
                          Heap Fetches: 1970658
        ->  Sort  (cost=901343.00..901343.00 rows=901343 width=20) (actual time=377.771..537.392 rows=3063953 loops=1)
              Sort Key: a1.person_id
              Sort Method: quicksort  Memory: 89764kB
              ->  Seq Scan on aka_name a1  (cost=0.00..901343.00 rows=901343 width=20) (actual time=0.013..116.048 rows=901343 loops=1)
Planning time: 1.918 ms
Execution time: 13370.484 ms
