Aggregate  (cost=23477950.00..23477951.00 rows=1 width=64) (actual time=13315.069..13315.069 rows=1 loops=1)
  ->  Merge Join  (cost=22955597.00..23477950.00 rows=2820213 width=33) (actual time=11948.619..12859.175 rows=2487611 loops=1)
        Merge Cond: (n1.id = a1.person_id)
        ->  Sort  (cost=22054254.00..22054254.00 rows=2415175 width=25) (actual time=11572.443..11789.868 rows=1970658 loops=1)
              Sort Key: ci.person_id
              Sort Method: quicksort  Memory: 201610kB
              ->  Nested Loop  (cost=15978550.00..22054254.00 rows=2415175 width=25) (actual time=6247.766..11037.937 rows=1970658 loops=1)
                    ->  Merge Join  (cost=15978550.00..17223906.00 rows=2415175 width=21) (actual time=6247.743..7342.305 rows=1970658 loops=1)
                          Merge Cond: (ci.movie_id = t.id)
                          ->  Sort  (cost=9884832.00..9884832.00 rows=2728943 width=8) (actual time=1334.040..1611.233 rows=2728734 loops=1)
                                Sort Key: ci.movie_id
                                Sort Method: quicksort  Memory: 226224kB
                                ->  Nested Loop  (cost=0.00..9884832.00 rows=2728943 width=8) (actual time=0.024..675.882 rows=2728943 loops=1)
                                      ->  Seq Scan on role_type rt  (cost=0.00..12.00 rows=1 width=4) (actual time=0.006..0.011 rows=1 loops=1)
                                            Filter: ((role)::text = 'writer'::text)
                                            Rows Removed by Filter: 11
                                      ->  Index Scan using role_id_cast_info on cast_info ci  (cost=0.00..6589880.00 rows=3294940 width=12) (actual time=0.016..379.939 rows=2728943 loops=1)
                                            Index Cond: (role_id = rt.id)
                          ->  Sort  (cost=6093718.00..6093718.00 rows=1153798 width=25) (actual time=4913.693..5114.236 rows=2311206 loops=1)
                                Sort Key: mc.movie_id
                                Sort Method: quicksort  Memory: 139536kB
                                ->  Nested Loop  (cost=2844126.00..6093718.00 rows=1153798 width=25) (actual time=857.865..4478.659 rows=1153798 loops=1)
                                      ->  Merge Join  (cost=2844126.00..3786122.00 rows=1153798 width=4) (actual time=857.843..1544.279 rows=1153798 loops=1)
                                            Merge Cond: (cn.id = mc.company_id)
                                            ->  Sort  (cost=234997.00..234997.00 rows=84843 width=4) (actual time=45.147..59.291 rows=84843 loops=1)
                                                  Sort Key: cn.id
                                                  Sort Method: quicksort  Memory: 7050kB
                                                  ->  Seq Scan on company_name cn  (cost=0.00..234997.00 rows=84843 width=4) (actual time=0.014..28.069 rows=84843 loops=1)
                                                        Filter: ((country_code)::text = '[us]'::text)
                                                        Rows Removed by Filter: 150154
                                            ->  Sort  (cost=2609129.00..2609129.00 rows=2609129 width=8) (actual time=812.687..1166.066 rows=2609129 loops=1)
                                                  Sort Key: mc.company_id
                                                  Sort Method: quicksort  Memory: 220607kB
                                                  ->  Seq Scan on movie_companies mc  (cost=0.00..2609129.00 rows=2609129 width=8) (actual time=0.010..283.785 rows=2609129 loops=1)
                                      ->  Index Scan using title_pkey on title t  (cost=0.00..2.00 rows=1 width=21) (actual time=0.002..0.002 rows=1 loops=1153798)
                                            Index Cond: (id = mc.movie_id)
                    ->  Index Only Scan using name_pkey on name n1  (cost=0.00..2.00 rows=1 width=4) (actual time=0.002..0.002 rows=1 loops=1970658)
                          Index Cond: (id = ci.person_id)
                          Heap Fetches: 1970658
        ->  Sort  (cost=901343.00..901343.00 rows=901343 width=20) (actual time=376.166..535.468 rows=3063953 loops=1)
              Sort Key: a1.person_id
              Sort Method: quicksort  Memory: 89764kB
              ->  Seq Scan on aka_name a1  (cost=0.00..901343.00 rows=901343 width=20) (actual time=0.013..115.136 rows=901343 loops=1)
Planning time: 2.065 ms
Execution time: 13323.695 ms
