Aggregate  (cost=24312922.00..24312923.00 rows=1 width=64) (actual time=13538.573..13538.573 rows=1 loops=1)
  ->  Merge Join  (cost=22927992.00..24312922.00 rows=2624747 width=33) (actual time=12140.594..13093.938 rows=2487611 loops=1)
        Merge Cond: (t.id = ci.movie_id)
        ->  Sort  (cost=6093718.00..6093718.00 rows=1153798 width=25) (actual time=4817.019..4945.448 rows=1153798 loops=1)
              Sort Key: mc.movie_id
              Sort Method: quicksort  Memory: 139536kB
              ->  Nested Loop  (cost=2844126.00..6093718.00 rows=1153798 width=25) (actual time=852.259..4384.457 rows=1153798 loops=1)
                    ->  Merge Join  (cost=2844126.00..3786122.00 rows=1153798 width=4) (actual time=852.236..1528.348 rows=1153798 loops=1)
                          Merge Cond: (cn.id = mc.company_id)
                          ->  Sort  (cost=234997.00..234997.00 rows=84843 width=4) (actual time=48.422..61.208 rows=84843 loops=1)
                                Sort Key: cn.id
                                Sort Method: quicksort  Memory: 7050kB
                                ->  Seq Scan on company_name cn  (cost=0.00..234997.00 rows=84843 width=4) (actual time=0.008..29.361 rows=84843 loops=1)
                                      Filter: ((country_code)::text = '[us]'::text)
                                      Rows Removed by Filter: 150154
                          ->  Sort  (cost=2609129.00..2609129.00 rows=2609129 width=8) (actual time=803.807..1153.868 rows=2609129 loops=1)
                                Sort Key: mc.company_id
                                Sort Method: quicksort  Memory: 220607kB
                                ->  Seq Scan on movie_companies mc  (cost=0.00..2609129.00 rows=2609129 width=8) (actual time=0.011..279.350 rows=2609129 loops=1)
                    ->  Index Scan using title_pkey on title t  (cost=0.00..2.00 rows=1 width=21) (actual time=0.002..0.002 rows=1 loops=1153798)
                          Index Cond: (id = mc.movie_id)
        ->  Sort  (cost=16834274.00..16834274.00 rows=3034791 width=20) (actual time=7323.561..7584.739 rows=3851236 loops=1)
              Sort Key: ci.movie_id
              Sort Method: quicksort  Memory: 269551kB
              ->  Merge Join  (cost=16244059.00..16834274.00 rows=3034791 width=20) (actual time=5929.080..6728.050 rows=2343724 loops=1)
                    Merge Cond: (n1.id = a1.person_id)
                    ->  Sort  (cost=15342716.00..15342716.00 rows=2728943 width=12) (actual time=5553.162..5693.651 rows=2728943 loops=1)
                          Sort Key: ci.person_id
                          Sort Method: quicksort  Memory: 226224kB
                          ->  Nested Loop  (cost=0.00..15342716.00 rows=2728943 width=12) (actual time=0.042..4964.541 rows=2728943 loops=1)
                                ->  Nested Loop  (cost=0.00..9884832.00 rows=2728943 width=8) (actual time=0.031..769.899 rows=2728943 loops=1)
                                      ->  Seq Scan on role_type rt  (cost=0.00..12.00 rows=1 width=4) (actual time=0.013..0.017 rows=1 loops=1)
                                            Filter: ((role)::text = 'writer'::text)
                                            Rows Removed by Filter: 11
                                      ->  Index Scan using role_id_cast_info on cast_info ci  (cost=0.00..6589880.00 rows=3294940 width=12) (actual time=0.016..445.498 rows=2728943 loops=1)
                                            Index Cond: (role_id = rt.id)
                                ->  Index Only Scan using name_pkey on name n1  (cost=0.00..2.00 rows=1 width=4) (actual time=0.001..0.001 rows=1 loops=2728943)
                                      Index Cond: (id = ci.person_id)
                                      Heap Fetches: 2728943
                    ->  Sort  (cost=901343.00..901343.00 rows=901343 width=20) (actual time=375.907..516.946 rows=2866608 loops=1)
                          Sort Key: a1.person_id
                          Sort Method: quicksort  Memory: 89764kB
                          ->  Seq Scan on aka_name a1  (cost=0.00..901343.00 rows=901343 width=20) (actual time=0.013..113.733 rows=901343 loops=1)
Planning time: 2.037 ms
Execution time: 13548.518 ms
