Aggregate  (cost=22492778.00..22492779.00 rows=1 width=64) (actual time=13219.851..13219.851 rows=1 loops=1)
  ->  Merge Join  (cost=22066565.00..22492778.00 rows=2487611 width=33) (actual time=11853.448..12763.842 rows=2487611 loops=1)
        Merge Cond: (n1.id = a1.person_id)
        ->  Sort  (cost=21165222.00..21165222.00 rows=1970658 width=25) (actual time=11477.086..11694.419 rows=1970658 loops=1)
              Sort Key: ci.person_id
              Sort Method: quicksort  Memory: 201610kB
              ->  Nested Loop  (cost=15978550.00..21165222.00 rows=1970658 width=25) (actual time=6182.927..10943.102 rows=1970658 loops=1)
                    ->  Merge Join  (cost=15978550.00..17223906.00 rows=1970658 width=21) (actual time=6182.907..7277.262 rows=1970658 loops=1)
                          Merge Cond: (ci.movie_id = t.id)
                          ->  Sort  (cost=9884832.00..9884832.00 rows=2728943 width=8) (actual time=1339.005..1612.013 rows=2728734 loops=1)
                                Sort Key: ci.movie_id
                                Sort Method: quicksort  Memory: 226224kB
                                ->  Nested Loop  (cost=0.00..9884832.00 rows=2728943 width=8) (actual time=0.022..679.789 rows=2728943 loops=1)
                                      ->  Seq Scan on role_type rt  (cost=0.00..12.00 rows=1 width=4) (actual time=0.006..0.010 rows=1 loops=1)
                                            Filter: ((role)::text = 'writer'::text)
                                            Rows Removed by Filter: 11
                                      ->  Index Scan using role_id_cast_info on cast_info ci  (cost=0.00..6589880.00 rows=3294940 width=12) (actual time=0.015..382.300 rows=2728943 loops=1)
                                            Index Cond: (role_id = rt.id)
                          ->  Sort  (cost=6093718.00..6093718.00 rows=1153798 width=25) (actual time=4843.892..5043.770 rows=2311206 loops=1)
                                Sort Key: mc.movie_id
                                Sort Method: quicksort  Memory: 139536kB
                                ->  Nested Loop  (cost=2844126.00..6093718.00 rows=1153798 width=25) (actual time=849.019..4410.057 rows=1153798 loops=1)
                                      ->  Merge Join  (cost=2844126.00..3786122.00 rows=1153798 width=4) (actual time=848.997..1533.940 rows=1153798 loops=1)
                                            Merge Cond: (cn.id = mc.company_id)
                                            ->  Sort  (cost=234997.00..234997.00 rows=84843 width=4) (actual time=44.814..58.812 rows=84843 loops=1)
                                                  Sort Key: cn.id
                                                  Sort Method: quicksort  Memory: 7050kB
                                                  ->  Seq Scan on company_name cn  (cost=0.00..234997.00 rows=84843 width=4) (actual time=0.013..27.871 rows=84843 loops=1)
                                                        Filter: ((country_code)::text = '[us]'::text)
                                                        Rows Removed by Filter: 150154
                                            ->  Sort  (cost=2609129.00..2609129.00 rows=2609129 width=8) (actual time=804.176..1155.322 rows=2609129 loops=1)
                                                  Sort Key: mc.company_id
                                                  Sort Method: quicksort  Memory: 220607kB
                                                  ->  Seq Scan on movie_companies mc  (cost=0.00..2609129.00 rows=2609129 width=8) (actual time=0.009..279.642 rows=2609129 loops=1)
                                      ->  Index Scan using title_pkey on title t  (cost=0.00..2.00 rows=1 width=21) (actual time=0.002..0.002 rows=1 loops=1153798)
                                            Index Cond: (id = mc.movie_id)
                    ->  Index Only Scan using name_pkey on name n1  (cost=0.00..2.00 rows=1 width=4) (actual time=0.002..0.002 rows=1 loops=1970658)
                          Index Cond: (id = ci.person_id)
                          Heap Fetches: 1970658
        ->  Sort  (cost=901343.00..901343.00 rows=901343 width=20) (actual time=376.353..535.530 rows=3063953 loops=1)
              Sort Key: a1.person_id
              Sort Method: quicksort  Memory: 89764kB
              ->  Seq Scan on aka_name a1  (cost=0.00..901343.00 rows=901343 width=20) (actual time=0.013..115.312 rows=901343 loops=1)
Planning time: 1.909 ms
Execution time: 13228.125 ms
