Aggregate  (cost=23722307.00..23722308.00 rows=1 width=64) (actual time=6401.853..6401.853 rows=1 loops=1)
  ->  Merge Join  (cost=23120025.00..23722307.00 rows=6908649 width=33) (actual time=6141.443..6343.642 rows=323005 loops=1)
        Merge Cond: (n1.id = an1.person_id)
        ->  Sort  (cost=22218682.00..22218682.00 rows=2784738 width=25) (actual time=5767.690..5793.778 rows=285538 loops=1)
              Sort Key: ci.person_id
              Sort Method: quicksort  Memory: 33955kB
              ->  Nested Loop  (cost=15532731.00..22218682.00 rows=2784738 width=25) (actual time=4892.188..5695.978 rows=285538 loops=1)
                    ->  Merge Join  (cost=15532731.00..16649208.00 rows=2784738 width=21) (actual time=4892.167..5224.888 rows=285538 loops=1)
                          Merge Cond: (ci.movie_id = t.id)
                          ->  Sort  (cost=9884832.00..9884832.00 rows=3020362 width=8) (actual time=122.906..150.941 rows=276395 loops=1)
                                Sort Key: ci.movie_id
                                Sort Method: quicksort  Memory: 25245kB
                                ->  Nested Loop  (cost=0.00..9884832.00 rows=3020362 width=8) (actual time=0.023..65.149 rows=276403 loops=1)
                                      ->  Seq Scan on role_type rt  (cost=0.00..12.00 rows=1 width=4) (actual time=0.007..0.009 rows=1 loops=1)
                                            Filter: ((role)::text = 'costume designer'::text)
                                            Rows Removed by Filter: 11
                                      ->  Index Scan using role_id_cast_info on cast_info ci  (cost=0.00..6589880.00 rows=3294940 width=12) (actual time=0.015..36.136 rows=276403 loops=1)
                                            Index Cond: (role_id = rt.id)
                          ->  Sort  (cost=5647899.00..5647899.00 rows=934591 width=25) (actual time=4769.253..4898.674 rows=1172443 loops=1)
                                Sort Key: mc.movie_id
                                Sort Method: quicksort  Memory: 139536kB
                                ->  Nested Loop  (cost=2844126.00..5647899.00 rows=934591 width=25) (actual time=847.977..4339.771 rows=1153798 loops=1)
                                      ->  Merge Join  (cost=2844126.00..3778717.00 rows=934591 width=4) (actual time=847.955..1528.625 rows=1153798 loops=1)
                                            Merge Cond: (cn.id = mc.company_id)
                                            ->  Sort  (cost=234997.00..234997.00 rows=84176 width=4) (actual time=46.198..60.297 rows=84843 loops=1)
                                                  Sort Key: cn.id
                                                  Sort Method: quicksort  Memory: 7050kB
                                                  ->  Seq Scan on company_name cn  (cost=0.00..234997.00 rows=84176 width=4) (actual time=0.012..28.902 rows=84843 loops=1)
                                                        Filter: ((country_code)::text = '[us]'::text)
                                                        Rows Removed by Filter: 150154
                                            ->  Sort  (cost=2609129.00..2609129.00 rows=2609129 width=8) (actual time=801.750..1149.423 rows=2609129 loops=1)
                                                  Sort Key: mc.company_id
                                                  Sort Method: quicksort  Memory: 220607kB
                                                  ->  Seq Scan on movie_companies mc  (cost=0.00..2609129.00 rows=2609129 width=8) (actual time=0.009..279.289 rows=2609129 loops=1)
                                      ->  Index Scan using title_pkey on title t  (cost=0.00..2.00 rows=1 width=21) (actual time=0.002..0.002 rows=1 loops=1153798)
                                            Index Cond: (id = mc.movie_id)
                    ->  Index Only Scan using name_pkey on name n1  (cost=0.00..2.00 rows=1 width=4) (actual time=0.001..0.001 rows=1 loops=285538)
                          Index Cond: (id = ci.person_id)
                          Heap Fetches: 285538
        ->  Sort  (cost=901343.00..901343.00 rows=901343 width=20) (actual time=373.741..436.616 rows=1003872 loops=1)
              Sort Key: an1.person_id
              Sort Method: quicksort  Memory: 89764kB
              ->  Seq Scan on aka_name an1  (cost=0.00..901343.00 rows=901343 width=20) (actual time=0.013..115.268 rows=901343 loops=1)
Planning time: 2.061 ms
Execution time: 6406.140 ms
