Aggregate  (cost=23802273.00..23802274.00 rows=1 width=64) (actual time=6313.509..6313.509 rows=1 loops=1)
  ->  Merge Join  (cost=23195219.00..23802273.00 rows=6963393 width=33) (actual time=6054.676..6255.308 rows=323005 loops=1)
        Merge Cond: (n1.id = an1.person_id)
        ->  Sort  (cost=22293876.00..22293876.00 rows=2806804 width=25) (actual time=5682.204..5707.912 rows=285538 loops=1)
              Sort Key: ci.person_id
              Sort Method: quicksort  Memory: 33955kB
              ->  Nested Loop  (cost=15554946.00..22293876.00 rows=2806804 width=25) (actual time=4819.593..5610.896 rows=285538 loops=1)
                    ->  Merge Join  (cost=15554946.00..16680270.00 rows=2806804 width=21) (actual time=4819.572..5148.164 rows=285538 loops=1)
                          Merge Cond: (ci.movie_id = t.id)
                          ->  Sort  (cost=9884832.00..9884832.00 rows=3020362 width=8) (actual time=125.478..152.763 rows=276395 loops=1)
                                Sort Key: ci.movie_id
                                Sort Method: quicksort  Memory: 25245kB
                                ->  Nested Loop  (cost=0.00..9884832.00 rows=3020362 width=8) (actual time=0.024..67.054 rows=276403 loops=1)
                                      ->  Seq Scan on role_type rt  (cost=0.00..12.00 rows=1 width=4) (actual time=0.007..0.010 rows=1 loops=1)
                                            Filter: ((role)::text = 'costume designer'::text)
                                            Rows Removed by Filter: 11
                                      ->  Index Scan using role_id_cast_info on cast_info ci  (cost=0.00..6589880.00 rows=3294940 width=12) (actual time=0.015..37.120 rows=276403 loops=1)
                                            Index Cond: (role_id = rt.id)
                          ->  Sort  (cost=5670114.00..5670114.00 rows=941996 width=25) (actual time=4694.088..4821.708 rows=1172443 loops=1)
                                Sort Key: mc.movie_id
                                Sort Method: quicksort  Memory: 139536kB
                                ->  Nested Loop  (cost=2844126.00..5670114.00 rows=941996 width=25) (actual time=847.924..4266.007 rows=1153798 loops=1)
                                      ->  Merge Join  (cost=2844126.00..3786122.00 rows=941996 width=4) (actual time=847.901..1524.047 rows=1153798 loops=1)
                                            Merge Cond: (cn.id = mc.company_id)
                                            ->  Sort  (cost=234997.00..234997.00 rows=84843 width=4) (actual time=45.960..59.878 rows=84843 loops=1)
                                                  Sort Key: cn.id
                                                  Sort Method: quicksort  Memory: 7050kB
                                                  ->  Seq Scan on company_name cn  (cost=0.00..234997.00 rows=84843 width=4) (actual time=0.012..28.688 rows=84843 loops=1)
                                                        Filter: ((country_code)::text = '[us]'::text)
                                                        Rows Removed by Filter: 150154
                                            ->  Sort  (cost=2609129.00..2609129.00 rows=2609129 width=8) (actual time=801.933..1146.396 rows=2609129 loops=1)
                                                  Sort Key: mc.company_id
                                                  Sort Method: quicksort  Memory: 220607kB
                                                  ->  Seq Scan on movie_companies mc  (cost=0.00..2609129.00 rows=2609129 width=8) (actual time=0.010..279.215 rows=2609129 loops=1)
                                      ->  Index Scan using title_pkey on title t  (cost=0.00..2.00 rows=1 width=21) (actual time=0.002..0.002 rows=1 loops=1153798)
                                            Index Cond: (id = mc.movie_id)
                    ->  Index Only Scan using name_pkey on name n1  (cost=0.00..2.00 rows=1 width=4) (actual time=0.001..0.001 rows=1 loops=285538)
                          Index Cond: (id = ci.person_id)
                          Heap Fetches: 285538
        ->  Sort  (cost=901343.00..901343.00 rows=901343 width=20) (actual time=372.462..434.668 rows=1003872 loops=1)
              Sort Key: an1.person_id
              Sort Method: quicksort  Memory: 89764kB
              ->  Seq Scan on aka_name an1  (cost=0.00..901343.00 rows=901343 width=20) (actual time=0.013..114.455 rows=901343 loops=1)
Planning time: 2.037 ms
Execution time: 6317.804 ms
