Aggregate  (cost=19470871.00..19470872.00 rows=1 width=64) (actual time=6225.954..6225.955 rows=1 loops=1)
  ->  Merge Join  (cost=18085941.00..19470871.00 rows=2820213 width=33) (actual time=5847.540..6165.957 rows=323005 loops=1)
        Merge Cond: (t.id = ci.movie_id)
        ->  Sort  (cost=6093718.00..6093718.00 rows=1153798 width=25) (actual time=4689.038..4808.659 rows=1153798 loops=1)
              Sort Key: mc.movie_id
              Sort Method: quicksort  Memory: 139536kB
              ->  Nested Loop  (cost=2844126.00..6093718.00 rows=1153798 width=25) (actual time=849.975..4259.057 rows=1153798 loops=1)
                    ->  Merge Join  (cost=2844126.00..3786122.00 rows=1153798 width=4) (actual time=849.952..1526.985 rows=1153798 loops=1)
                          Merge Cond: (cn.id = mc.company_id)
                          ->  Sort  (cost=234997.00..234997.00 rows=84843 width=4) (actual time=48.733..63.102 rows=84843 loops=1)
                                Sort Key: cn.id
                                Sort Method: quicksort  Memory: 7050kB
                                ->  Seq Scan on company_name cn  (cost=0.00..234997.00 rows=84843 width=4) (actual time=0.009..29.613 rows=84843 loops=1)
                                      Filter: ((country_code)::text = '[us]'::text)
                                      Rows Removed by Filter: 150154
                          ->  Sort  (cost=2609129.00..2609129.00 rows=2609129 width=8) (actual time=801.211..1149.258 rows=2609129 loops=1)
                                Sort Key: mc.company_id
                                Sort Method: quicksort  Memory: 220607kB
                                ->  Seq Scan on movie_companies mc  (cost=0.00..2609129.00 rows=2609129 width=8) (actual time=0.008..278.342 rows=2609129 loops=1)
                    ->  Index Scan using title_pkey on title t  (cost=0.00..2.00 rows=1 width=21) (actual time=0.002..0.002 rows=1 loops=1153798)
                          Index Cond: (id = mc.movie_id)
        ->  Sort  (cost=11992223.00..11992223.00 rows=3034791 width=20) (actual time=1158.489..1186.225 rows=435423 loops=1)
              Sort Key: ci.movie_id
              Sort Method: quicksort  Memory: 22226kB
              ->  Merge Join  (cost=11338981.00..11992223.00 rows=3034791 width=20) (actual time=943.461..1106.464 rows=218966 loops=1)
                    Merge Cond: (n1.id = an1.person_id)
                    ->  Sort  (cost=10437638.00..10437638.00 rows=3020362 width=12) (actual time=569.379..583.174 rows=276403 loops=1)
                          Sort Key: ci.person_id
                          Sort Method: quicksort  Memory: 25245kB
                          ->  Nested Loop  (cost=0.00..10437638.00 rows=3020362 width=12) (actual time=0.043..516.996 rows=276403 loops=1)
                                ->  Nested Loop  (cost=0.00..9884832.00 rows=276403 width=8) (actual time=0.032..80.552 rows=276403 loops=1)
                                      ->  Seq Scan on role_type rt  (cost=0.00..12.00 rows=1 width=4) (actual time=0.011..0.014 rows=1 loops=1)
                                            Filter: ((role)::text = 'costume designer'::text)
                                            Rows Removed by Filter: 11
                                      ->  Index Scan using role_id_cast_info on cast_info ci  (cost=0.00..6589880.00 rows=3294940 width=12) (actual time=0.018..45.287 rows=276403 loops=1)
                                            Index Cond: (role_id = rt.id)
                                ->  Index Only Scan using name_pkey on name n1  (cost=0.00..2.00 rows=1 width=4) (actual time=0.001..0.001 rows=1 loops=276403)
                                      Index Cond: (id = ci.person_id)
                                      Heap Fetches: 276403
                    ->  Sort  (cost=901343.00..901343.00 rows=901343 width=20) (actual time=374.070..429.744 rows=895704 loops=1)
                          Sort Key: an1.person_id
                          Sort Method: quicksort  Memory: 89764kB
                          ->  Seq Scan on aka_name an1  (cost=0.00..901343.00 rows=901343 width=20) (actual time=0.012..113.416 rows=901343 loops=1)
Planning time: 2.075 ms
Execution time: 6230.705 ms
