Aggregate  (cost=19470871.00..19470872.00 rows=1 width=64) (actual time=6222.944..6222.944 rows=1 loops=1)
  ->  Merge Join  (cost=18085941.00..19470871.00 rows=2820213 width=33) (actual time=5839.016..6162.932 rows=323005 loops=1)
        Merge Cond: (t.id = ci.movie_id)
        ->  Sort  (cost=6093718.00..6093718.00 rows=1153798 width=25) (actual time=4677.323..4800.020 rows=1153798 loops=1)
              Sort Key: mc.movie_id
              Sort Method: quicksort  Memory: 139536kB
              ->  Nested Loop  (cost=2844126.00..6093718.00 rows=1153798 width=25) (actual time=832.520..4247.430 rows=1153798 loops=1)
                    ->  Merge Join  (cost=2844126.00..3786122.00 rows=1153798 width=4) (actual time=832.497..1509.808 rows=1153798 loops=1)
                          Merge Cond: (cn.id = mc.company_id)
                          ->  Sort  (cost=234997.00..234997.00 rows=84843 width=4) (actual time=45.160..59.518 rows=84843 loops=1)
                                Sort Key: cn.id
                                Sort Method: quicksort  Memory: 7050kB
                                ->  Seq Scan on company_name cn  (cost=0.00..234997.00 rows=84843 width=4) (actual time=0.008..27.996 rows=84843 loops=1)
                                      Filter: ((country_code)::text = '[us]'::text)
                                      Rows Removed by Filter: 150154
                          ->  Sort  (cost=2609129.00..2609129.00 rows=2609129 width=8) (actual time=787.331..1136.240 rows=2609129 loops=1)
                                Sort Key: mc.company_id
                                Sort Method: quicksort  Memory: 220607kB
                                ->  Seq Scan on movie_companies mc  (cost=0.00..2609129.00 rows=2609129 width=8) (actual time=0.008..275.473 rows=2609129 loops=1)
                    ->  Index Scan using title_pkey on title t  (cost=0.00..2.00 rows=1 width=21) (actual time=0.002..0.002 rows=1 loops=1153798)
                          Index Cond: (id = mc.movie_id)
        ->  Sort  (cost=11992223.00..11992223.00 rows=3034791 width=20) (actual time=1161.679..1190.003 rows=435423 loops=1)
              Sort Key: ci.movie_id
              Sort Method: quicksort  Memory: 22226kB
              ->  Merge Join  (cost=11338981.00..11992223.00 rows=3034791 width=20) (actual time=945.914..1109.598 rows=218966 loops=1)
                    Merge Cond: (n1.id = an1.person_id)
                    ->  Sort  (cost=10437638.00..10437638.00 rows=3020362 width=12) (actual time=572.221..586.027 rows=276403 loops=1)
                          Sort Key: ci.person_id
                          Sort Method: quicksort  Memory: 25245kB
                          ->  Nested Loop  (cost=0.00..10437638.00 rows=3020362 width=12) (actual time=0.045..519.779 rows=276403 loops=1)
                                ->  Nested Loop  (cost=0.00..9884832.00 rows=276403 width=8) (actual time=0.033..80.400 rows=276403 loops=1)
                                      ->  Seq Scan on role_type rt  (cost=0.00..12.00 rows=1 width=4) (actual time=0.013..0.016 rows=1 loops=1)
                                            Filter: ((role)::text = 'costume designer'::text)
                                            Rows Removed by Filter: 11
                                      ->  Index Scan using role_id_cast_info on cast_info ci  (cost=0.00..6589880.00 rows=3294940 width=12) (actual time=0.019..45.124 rows=276403 loops=1)
                                            Index Cond: (role_id = rt.id)
                                ->  Index Only Scan using name_pkey on name n1  (cost=0.00..2.00 rows=1 width=4) (actual time=0.001..0.001 rows=1 loops=276403)
                                      Index Cond: (id = ci.person_id)
                                      Heap Fetches: 276403
                    ->  Sort  (cost=901343.00..901343.00 rows=901343 width=20) (actual time=373.679..429.882 rows=895704 loops=1)
                          Sort Key: an1.person_id
                          Sort Method: quicksort  Memory: 89764kB
                          ->  Seq Scan on aka_name an1  (cost=0.00..901343.00 rows=901343 width=20) (actual time=0.010..113.447 rows=901343 loops=1)
Planning time: 1.927 ms
Execution time: 6227.448 ms
