Aggregate  (cost=16574480.00..16574481.00 rows=1 width=64) (actual time=4122.265..4122.265 rows=1 loops=1)
  ->  Merge Join  (cost=15992522.00..16574480.00 rows=2624747 width=33) (actual time=3860.588..4063.979 rows=323005 loops=1)
        Merge Cond: (n1.id = an1.person_id)
        ->  Sort  (cost=15091179.00..15091179.00 rows=2690769 width=25) (actual time=3485.761..3512.014 rows=285538 loops=1)
              Sort Key: ci.person_id
              Sort Method: quicksort  Memory: 33955kB
              ->  Merge Join  (cost=14776566.00..15091179.00 rows=2690769 width=25) (actual time=3109.159..3421.181 rows=285538 loops=1)
                    Merge Cond: (mc.movie_id = ci.movie_id)
                    ->  Sort  (cost=3786122.00..3786122.00 rows=1153798 width=4) (actual time=1696.399..1817.557 rows=1153798 loops=1)
                          Sort Key: mc.movie_id
                          Sort Method: quicksort  Memory: 103237kB
                          ->  Merge Join  (cost=2844126.00..3786122.00 rows=1153798 width=4) (actual time=854.044..1415.641 rows=1153798 loops=1)
                                Merge Cond: (cn.id = mc.company_id)
                                ->  Sort  (cost=234997.00..234997.00 rows=84843 width=4) (actual time=48.713..59.972 rows=84843 loops=1)
                                      Sort Key: cn.id
                                      Sort Method: quicksort  Memory: 7050kB
                                      ->  Seq Scan on company_name cn  (cost=0.00..234997.00 rows=84843 width=4) (actual time=0.008..29.731 rows=84843 loops=1)
                                            Filter: ((country_code)::text = '[us]'::text)
                                            Rows Removed by Filter: 150154
                                ->  Sort  (cost=2609129.00..2609129.00 rows=2609129 width=8) (actual time=805.323..1093.812 rows=2609129 loops=1)
                                      Sort Key: mc.company_id
                                      Sort Method: quicksort  Memory: 220607kB
                                      ->  Seq Scan on movie_companies mc  (cost=0.00..2609129.00 rows=2609129 width=8) (actual time=0.009..280.293 rows=2609129 loops=1)
                    ->  Sort  (cost=10990444.00..10990444.00 rows=276403 width=33) (actual time=1412.753..1448.940 rows=461760 loops=1)
                          Sort Key: ci.movie_id
                          Sort Method: quicksort  Memory: 34824kB
                          ->  Nested Loop  (cost=0.00..10990444.00 rows=276403 width=33) (actual time=0.071..1317.115 rows=276403 loops=1)
                                ->  Nested Loop  (cost=0.00..10437638.00 rows=276403 width=12) (actual time=0.049..548.364 rows=276403 loops=1)
                                      ->  Nested Loop  (cost=0.00..9884832.00 rows=276403 width=8) (actual time=0.037..93.164 rows=276403 loops=1)
                                            ->  Seq Scan on role_type rt  (cost=0.00..12.00 rows=1 width=4) (actual time=0.013..0.017 rows=1 loops=1)
                                                  Filter: ((role)::text = 'costume designer'::text)
                                                  Rows Removed by Filter: 11
                                            ->  Index Scan using role_id_cast_info on cast_info ci  (cost=0.00..6589880.00 rows=3294940 width=12) (actual time=0.021..57.238 rows=276403 loops=1)
                                                  Index Cond: (role_id = rt.id)
                                      ->  Index Only Scan using name_pkey on name n1  (cost=0.00..2.00 rows=1 width=4) (actual time=0.001..0.001 rows=1 loops=276403)
                                            Index Cond: (id = ci.person_id)
                                            Heap Fetches: 276403
                                ->  Index Scan using title_pkey on title t  (cost=0.00..2.00 rows=1 width=21) (actual time=0.002..0.002 rows=1 loops=276403)
                                      Index Cond: (id = ci.movie_id)
        ->  Sort  (cost=901343.00..901343.00 rows=901343 width=20) (actual time=374.815..437.487 rows=1003872 loops=1)
              Sort Key: an1.person_id
              Sort Method: quicksort  Memory: 89764kB
              ->  Seq Scan on aka_name an1  (cost=0.00..901343.00 rows=901343 width=20) (actual time=0.014..114.715 rows=901343 loops=1)
Planning time: 1.929 ms
Execution time: 4127.545 ms
