Aggregate  (cost=15872051.00..15872052.00 rows=1 width=64) (actual time=3728.174..3728.174 rows=1 loops=1)
  ->  Merge Join  (cost=15622815.00..15872051.00 rows=3442300 width=33) (actual time=3380.838..3667.545 rows=323005 loops=1)
        Merge Cond: (mc.movie_id = ci.movie_id)
        ->  Sort  (cost=3786122.00..3786122.00 rows=1153798 width=4) (actual time=1711.508..1827.215 rows=1153798 loops=1)
              Sort Key: mc.movie_id
              Sort Method: quicksort  Memory: 103237kB
              ->  Merge Join  (cost=2844126.00..3786122.00 rows=1153798 width=4) (actual time=864.010..1429.423 rows=1153798 loops=1)
                    Merge Cond: (cn.id = mc.company_id)
                    ->  Sort  (cost=234997.00..234997.00 rows=84843 width=4) (actual time=52.812..64.301 rows=84843 loops=1)
                          Sort Key: cn.id
                          Sort Method: quicksort  Memory: 7050kB
                          ->  Seq Scan on company_name cn  (cost=0.00..234997.00 rows=84843 width=4) (actual time=0.009..30.565 rows=84843 loops=1)
                                Filter: ((country_code)::text = '[us]'::text)
                                Rows Removed by Filter: 150154
                    ->  Sort  (cost=2609129.00..2609129.00 rows=2609129 width=8) (actual time=811.191..1104.463 rows=2609129 loops=1)
                          Sort Key: mc.company_id
                          Sort Method: quicksort  Memory: 220607kB
                          ->  Seq Scan on movie_companies mc  (cost=0.00..2609129.00 rows=2609129 width=8) (actual time=0.009..279.373 rows=2609129 loops=1)
        ->  Sort  (cost=11836693.00..11836693.00 rows=218966 width=41) (actual time=1669.319..1697.215 rows=435423 loops=1)
              Sort Key: ci.movie_id
              Sort Method: quicksort  Memory: 26826kB
              ->  Nested Loop  (cost=11338981.00..11836693.00 rows=218966 width=41) (actual time=934.849..1597.639 rows=218966 loops=1)
                    ->  Merge Join  (cost=11338981.00..11398761.00 rows=218966 width=20) (actual time=934.828..1143.760 rows=218966 loops=1)
                          Merge Cond: (n1.id = an1.person_id)
                          ->  Sort  (cost=10437638.00..10437638.00 rows=276403 width=12) (actual time=561.912..583.581 rows=276403 loops=1)
                                Sort Key: ci.person_id
                                Sort Method: quicksort  Memory: 25245kB
                                ->  Nested Loop  (cost=0.00..10437638.00 rows=276403 width=12) (actual time=0.048..508.970 rows=276403 loops=1)
                                      ->  Nested Loop  (cost=0.00..9884832.00 rows=276403 width=8) (actual time=0.037..79.355 rows=276403 loops=1)
                                            ->  Seq Scan on role_type rt  (cost=0.00..12.00 rows=1 width=4) (actual time=0.013..0.016 rows=1 loops=1)
                                                  Filter: ((role)::text = 'costume designer'::text)
                                                  Rows Removed by Filter: 11
                                            ->  Index Scan using role_id_cast_info on cast_info ci  (cost=0.00..6589880.00 rows=3294940 width=12) (actual time=0.020..45.783 rows=276403 loops=1)
                                                  Index Cond: (role_id = rt.id)
                                      ->  Index Only Scan using name_pkey on name n1  (cost=0.00..2.00 rows=1 width=4) (actual time=0.001..0.001 rows=1 loops=276403)
                                            Index Cond: (id = ci.person_id)
                                            Heap Fetches: 276403
                          ->  Sort  (cost=901343.00..901343.00 rows=901343 width=20) (actual time=372.902..441.354 rows=895704 loops=1)
                                Sort Key: an1.person_id
                                Sort Method: quicksort  Memory: 89764kB
                                ->  Seq Scan on aka_name an1  (cost=0.00..901343.00 rows=901343 width=20) (actual time=0.009..113.459 rows=901343 loops=1)
                    ->  Index Scan using title_pkey on title t  (cost=0.00..2.00 rows=1 width=21) (actual time=0.002..0.002 rows=1 loops=218966)
                          Index Cond: (id = ci.movie_id)
Planning time: 2.054 ms
Execution time: 3732.169 ms
