Aggregate  (cost=15872051.00..15872052.00 rows=1 width=64) (actual time=3723.196..3723.196 rows=1 loops=1)
  ->  Merge Join  (cost=15622815.00..15872051.00 rows=3442300 width=33) (actual time=3376.621..3662.206 rows=323005 loops=1)
        Merge Cond: (mc.movie_id = ci.movie_id)
        ->  Sort  (cost=3786122.00..3786122.00 rows=1153798 width=4) (actual time=1706.871..1821.974 rows=1153798 loops=1)
              Sort Key: mc.movie_id
              Sort Method: quicksort  Memory: 103237kB
              ->  Merge Join  (cost=2844126.00..3786122.00 rows=1153798 width=4) (actual time=858.568..1424.743 rows=1153798 loops=1)
                    Merge Cond: (cn.id = mc.company_id)
                    ->  Sort  (cost=234997.00..234997.00 rows=84843 width=4) (actual time=48.674..60.156 rows=84843 loops=1)
                          Sort Key: cn.id
                          Sort Method: quicksort  Memory: 7050kB
                          ->  Seq Scan on company_name cn  (cost=0.00..234997.00 rows=84843 width=4) (actual time=0.008..29.468 rows=84843 loops=1)
                                Filter: ((country_code)::text = '[us]'::text)
                                Rows Removed by Filter: 150154
                    ->  Sort  (cost=2609129.00..2609129.00 rows=2609129 width=8) (actual time=809.888..1103.767 rows=2609129 loops=1)
                          Sort Key: mc.company_id
                          Sort Method: quicksort  Memory: 220607kB
                          ->  Seq Scan on movie_companies mc  (cost=0.00..2609129.00 rows=2609129 width=8) (actual time=0.009..278.724 rows=2609129 loops=1)
        ->  Sort  (cost=11836693.00..11836693.00 rows=218966 width=41) (actual time=1669.737..1697.329 rows=435423 loops=1)
              Sort Key: ci.movie_id
              Sort Method: quicksort  Memory: 26826kB
              ->  Nested Loop  (cost=11338981.00..11836693.00 rows=218966 width=41) (actual time=935.964..1598.319 rows=218966 loops=1)
                    ->  Merge Join  (cost=11338981.00..11398761.00 rows=218966 width=20) (actual time=935.944..1144.431 rows=218966 loops=1)
                          Merge Cond: (n1.id = an1.person_id)
                          ->  Sort  (cost=10437638.00..10437638.00 rows=276403 width=12) (actual time=562.712..584.066 rows=276403 loops=1)
                                Sort Key: ci.person_id
                                Sort Method: quicksort  Memory: 25245kB
                                ->  Nested Loop  (cost=0.00..10437638.00 rows=276403 width=12) (actual time=0.048..510.126 rows=276403 loops=1)
                                      ->  Nested Loop  (cost=0.00..9884832.00 rows=276403 width=8) (actual time=0.036..79.423 rows=276403 loops=1)
                                            ->  Seq Scan on role_type rt  (cost=0.00..12.00 rows=1 width=4) (actual time=0.013..0.016 rows=1 loops=1)
                                                  Filter: ((role)::text = 'costume designer'::text)
                                                  Rows Removed by Filter: 11
                                            ->  Index Scan using role_id_cast_info on cast_info ci  (cost=0.00..6589880.00 rows=3294940 width=12) (actual time=0.020..45.846 rows=276403 loops=1)
                                                  Index Cond: (role_id = rt.id)
                                      ->  Index Only Scan using name_pkey on name n1  (cost=0.00..2.00 rows=1 width=4) (actual time=0.001..0.001 rows=1 loops=276403)
                                            Index Cond: (id = ci.person_id)
                                            Heap Fetches: 276403
                          ->  Sort  (cost=901343.00..901343.00 rows=901343 width=20) (actual time=373.217..441.687 rows=895704 loops=1)
                                Sort Key: an1.person_id
                                Sort Method: quicksort  Memory: 89764kB
                                ->  Seq Scan on aka_name an1  (cost=0.00..901343.00 rows=901343 width=20) (actual time=0.009..113.527 rows=901343 loops=1)
                    ->  Index Scan using title_pkey on title t  (cost=0.00..2.00 rows=1 width=21) (actual time=0.002..0.002 rows=1 loops=218966)
                          Index Cond: (id = ci.movie_id)
Planning time: 1.912 ms
Execution time: 3727.292 ms
