Aggregate  (cost=15627977.00..15627978.00 rows=1 width=64) (actual time=2843.719..2843.719 rows=1 loops=1)
  ->  Merge Join  (cost=15356180.00..15627977.00 rows=3442300 width=33) (actual time=2578.246..2781.766 rows=323005 loops=1)
        Merge Cond: (mc.company_id = cn.id)
        ->  Sort  (cost=15121183.00..15121183.00 rows=752819 width=37) (actual time=2532.504..2620.668 rows=752819 loops=1)
              Sort Key: mc.company_id
              Sort Method: quicksort  Memory: 91641kB
              ->  Nested Loop  (cost=11338981.00..15121183.00 rows=752819 width=37) (actual time=944.555..2316.199 rows=752819 loops=1)
                    ->  Nested Loop  (cost=11338981.00..11836693.00 rows=218966 width=41) (actual time=944.534..1647.594 rows=218966 loops=1)
                          ->  Merge Join  (cost=11338981.00..11398761.00 rows=218966 width=20) (actual time=944.514..1157.512 rows=218966 loops=1)
                                Merge Cond: (n1.id = an1.person_id)
                                ->  Sort  (cost=10437638.00..10437638.00 rows=276403 width=12) (actual time=568.088..590.496 rows=276403 loops=1)
                                      Sort Key: ci.person_id
                                      Sort Method: quicksort  Memory: 25245kB
                                      ->  Nested Loop  (cost=0.00..10437638.00 rows=276403 width=12) (actual time=0.029..506.658 rows=276403 loops=1)
                                            ->  Nested Loop  (cost=0.00..9884832.00 rows=276403 width=8) (actual time=0.021..77.313 rows=276403 loops=1)
                                                  ->  Seq Scan on role_type rt  (cost=0.00..12.00 rows=1 width=4) (actual time=0.006..0.009 rows=1 loops=1)
                                                        Filter: ((role)::text = 'costume designer'::text)
                                                        Rows Removed by Filter: 11
                                                  ->  Index Scan using role_id_cast_info on cast_info ci  (cost=0.00..6589880.00 rows=3294940 width=12) (actual time=0.014..44.240 rows=276403 loops=1)
                                                        Index Cond: (role_id = rt.id)
                                            ->  Index Only Scan using name_pkey on name n1  (cost=0.00..2.00 rows=1 width=4) (actual time=0.001..0.001 rows=1 loops=276403)
                                                  Index Cond: (id = ci.person_id)
                                                  Heap Fetches: 276403
                                ->  Sort  (cost=901343.00..901343.00 rows=901343 width=20) (actual time=376.413..447.000 rows=895704 loops=1)
                                      Sort Key: an1.person_id
                                      Sort Method: quicksort  Memory: 89764kB
                                      ->  Seq Scan on aka_name an1  (cost=0.00..901343.00 rows=901343 width=20) (actual time=0.010..114.556 rows=901343 loops=1)
                          ->  Index Scan using title_pkey on title t  (cost=0.00..2.00 rows=1 width=21) (actual time=0.002..0.002 rows=1 loops=218966)
                                Index Cond: (id = ci.movie_id)
                    ->  Index Scan using movie_id_movie_companies on movie_companies mc  (cost=0.00..10.00 rows=5 width=8) (actual time=0.002..0.002 rows=3 loops=218966)
                          Index Cond: (movie_id = ci.movie_id)
        ->  Sort  (cost=234997.00..234997.00 rows=84843 width=4) (actual time=45.737..55.179 rows=84843 loops=1)
              Sort Key: cn.id
              Sort Method: quicksort  Memory: 7050kB
              ->  Seq Scan on company_name cn  (cost=0.00..234997.00 rows=84843 width=4) (actual time=0.014..28.578 rows=84843 loops=1)
                    Filter: ((country_code)::text = '[us]'::text)
                    Rows Removed by Filter: 150154
Planning time: 1.909 ms
Execution time: 2845.470 ms
