Aggregate  (cost=15627977.00..15627978.00 rows=1 width=64) (actual time=2829.713..2829.713 rows=1 loops=1)
  ->  Merge Join  (cost=15356180.00..15627977.00 rows=3442300 width=33) (actual time=2564.144..2767.725 rows=323005 loops=1)
        Merge Cond: (mc.company_id = cn.id)
        ->  Sort  (cost=15121183.00..15121183.00 rows=752819 width=37) (actual time=2518.717..2606.980 rows=752819 loops=1)
              Sort Key: mc.company_id
              Sort Method: quicksort  Memory: 91641kB
              ->  Nested Loop  (cost=11338981.00..15121183.00 rows=752819 width=37) (actual time=934.991..2302.811 rows=752819 loops=1)
                    ->  Nested Loop  (cost=11338981.00..11836693.00 rows=218966 width=41) (actual time=934.980..1638.633 rows=218966 loops=1)
                          ->  Merge Join  (cost=11338981.00..11398761.00 rows=218966 width=20) (actual time=934.961..1148.053 rows=218966 loops=1)
                                Merge Cond: (n1.id = an1.person_id)
                                ->  Sort  (cost=10437638.00..10437638.00 rows=276403 width=12) (actual time=558.916..581.201 rows=276403 loops=1)
                                      Sort Key: ci.person_id
                                      Sort Method: quicksort  Memory: 25245kB
                                      ->  Nested Loop  (cost=0.00..10437638.00 rows=276403 width=12) (actual time=0.048..507.442 rows=276403 loops=1)
                                            ->  Nested Loop  (cost=0.00..9884832.00 rows=276403 width=8) (actual time=0.040..78.232 rows=276403 loops=1)
                                                  ->  Seq Scan on role_type rt  (cost=0.00..12.00 rows=1 width=4) (actual time=0.006..0.009 rows=1 loops=1)
                                                        Filter: ((role)::text = 'costume designer'::text)
                                                        Rows Removed by Filter: 11
                                                  ->  Index Scan using role_id_cast_info on cast_info ci  (cost=0.00..6589880.00 rows=3294940 width=12) (actual time=0.033..44.339 rows=276403 loops=1)
                                                        Index Cond: (role_id = rt.id)
                                            ->  Index Only Scan using name_pkey on name n1  (cost=0.00..2.00 rows=1 width=4) (actual time=0.001..0.001 rows=1 loops=276403)
                                                  Index Cond: (id = ci.person_id)
                                                  Heap Fetches: 276403
                                ->  Sort  (cost=901343.00..901343.00 rows=901343 width=20) (actual time=376.034..446.918 rows=895704 loops=1)
                                      Sort Key: an1.person_id
                                      Sort Method: quicksort  Memory: 89764kB
                                      ->  Seq Scan on aka_name an1  (cost=0.00..901343.00 rows=901343 width=20) (actual time=0.009..114.656 rows=901343 loops=1)
                          ->  Index Scan using title_pkey on title t  (cost=0.00..2.00 rows=1 width=21) (actual time=0.002..0.002 rows=1 loops=218966)
                                Index Cond: (id = ci.movie_id)
                    ->  Index Scan using movie_id_movie_companies on movie_companies mc  (cost=0.00..10.00 rows=5 width=8) (actual time=0.002..0.002 rows=3 loops=218966)
                          Index Cond: (movie_id = ci.movie_id)
        ->  Sort  (cost=234997.00..234997.00 rows=84843 width=4) (actual time=45.420..54.926 rows=84843 loops=1)
              Sort Key: cn.id
              Sort Method: quicksort  Memory: 7050kB
              ->  Seq Scan on company_name cn  (cost=0.00..234997.00 rows=84843 width=4) (actual time=0.013..28.230 rows=84843 loops=1)
                    Filter: ((country_code)::text = '[us]'::text)
                    Rows Removed by Filter: 150154
Planning time: 2.045 ms
Execution time: 2831.418 ms
