Aggregate  (cost=4187150.00..4187151.00 rows=1 width=96) (actual time=1608.504..1608.504 rows=1 loops=1)
  ->  Nested Loop  (cost=0.00..4187150.00 rows=13 width=49) (actual time=32.281..1608.408 rows=121 loops=1)
        ->  Nested Loop  (cost=0.00..4187078.00 rows=36 width=53) (actual time=32.274..1607.998 rows=123 loops=1)
              ->  Nested Loop  (cost=0.00..4186396.00 rows=62 width=57) (actual time=32.212..1607.159 rows=139 loops=1)
                    ->  Nested Loop  (cost=0.00..4186140.00 rows=128 width=45) (actual time=32.205..1606.685 rows=155 loops=1)
                          ->  Nested Loop  (cost=0.00..4185558.00 rows=291 width=24) (actual time=32.187..1605.167 rows=425 loops=1)
                                ->  Nested Loop  (cost=0.00..4178277.00 rows=3495 width=28) (actual time=32.183..1604.681 rows=425 loops=1)
                                      ->  Nested Loop  (cost=0.00..2704029.00 rows=1464 width=24) (actual time=6.268..1588.090 rows=1558 loops=1)
                                            ->  Seq Scan on aka_name an  (cost=0.00..901343.00 rows=901343 width=20) (actual time=0.007..77.723 rows=901343 loops=1)
                                            ->  Index Scan using name_pkey on name n  (cost=0.00..2.00 rows=1 width=4) (actual time=0.002..0.002 rows=0 loops=901343)
                                                  Index Cond: (id = an.person_id)
                                                  Filter: ((name ~~ '%Ang%'::text) AND ((gender)::text = 'f'::text))
                                                  Rows Removed by Filter: 1
                                      ->  Index Scan using person_id_cast_info on cast_info ci  (cost=0.00..994.00 rows=13 width=16) (actual time=0.009..0.010 rows=0 loops=1558)
                                            Index Cond: (person_id = n.id)
                                            Filter: (note = ANY ('{(voice),"(voice: Japanese version)","(voice) (uncredited)","(voice: English version)"}'::text[]))
                                            Rows Removed by Filter: 44
                                ->  Index Scan using role_type_pkey on role_type rt  (cost=0.00..2.00 rows=1 width=4) (actual time=0.001..0.001 rows=1 loops=425)
                                      Index Cond: (id = ci.role_id)
                                      Filter: ((role)::text = 'actress'::text)
                          ->  Index Scan using title_pkey on title t  (cost=0.00..2.00 rows=1 width=21) (actual time=0.003..0.003 rows=0 loops=425)
                                Index Cond: (id = ci.movie_id)
                                Filter: ((production_year >= 2005) AND (production_year <= 2015))
                                Rows Removed by Filter: 1
                    ->  Index Scan using char_name_pkey on char_name chn  (cost=0.00..2.00 rows=1 width=20) (actual time=0.002..0.002 rows=1 loops=155)
                          Index Cond: (id = ci.person_role_id)
              ->  Index Scan using movie_id_movie_companies on movie_companies mc  (cost=0.00..10.00 rows=1 width=8) (actual time=0.004..0.005 rows=1 loops=139)
                    Index Cond: (movie_id = ci.movie_id)
                    Filter: ((note IS NOT NULL) AND ((note ~~ '%(USA)%'::text) OR (note ~~ '%(worldwide)%'::text)))
                    Rows Removed by Filter: 5
        ->  Index Scan using company_name_pkey on company_name cn  (cost=0.00..2.00 rows=1 width=4) (actual time=0.003..0.003 rows=1 loops=123)
              Index Cond: (id = mc.company_id)
              Filter: ((country_code)::text = '[us]'::text)
              Rows Removed by Filter: 0
Planning time: 3.322 ms
Execution time: 1608.570 ms
