Aggregate  (cost=4274177.00..4274178.00 rows=1 width=96) (actual time=1607.239..1607.239 rows=1 loops=1)
  ->  Nested Loop  (cost=0.00..4274177.00 rows=21 width=49) (actual time=32.566..1607.139 rows=121 loops=1)
        ->  Nested Loop  (cost=0.00..4274145.00 rows=16 width=37) (actual time=32.559..1606.793 rows=127 loops=1)
              ->  Nested Loop  (cost=0.00..4274055.00 rows=45 width=41) (actual time=32.551..1606.332 rows=130 loops=1)
                    ->  Nested Loop  (cost=0.00..4273890.00 rows=15 width=45) (actual time=32.503..1605.450 rows=155 loops=1)
                          ->  Nested Loop  (cost=0.00..4273820.00 rows=35 width=24) (actual time=32.486..1603.916 rows=425 loops=1)
                                ->  Nested Loop  (cost=0.00..4272935.00 rows=425 width=28) (actual time=32.482..1603.424 rows=425 loops=1)
                                      ->  Nested Loop  (cost=0.00..2704029.00 rows=1558 width=24) (actual time=6.349..1587.071 rows=1558 loops=1)
                                            ->  Seq Scan on aka_name an  (cost=0.00..901343.00 rows=901343 width=20) (actual time=0.006..81.185 rows=901343 loops=1)
                                            ->  Index Scan using name_pkey on name n  (cost=0.00..2.00 rows=1 width=4) (actual time=0.002..0.002 rows=0 loops=901343)
                                                  Index Cond: (id = an.person_id)
                                                  Filter: ((name ~~ '%Ang%'::text) AND ((gender)::text = 'f'::text))
                                                  Rows Removed by Filter: 1
                                      ->  Index Scan using person_id_cast_info on cast_info ci  (cost=0.00..994.00 rows=13 width=16) (actual time=0.009..0.010 rows=0 loops=1558)
                                            Index Cond: (person_id = n.id)
                                            Filter: (note = ANY ('{(voice),"(voice: Japanese version)","(voice) (uncredited)","(voice: English version)"}'::text[]))
                                            Rows Removed by Filter: 44
                                ->  Index Scan using role_type_pkey on role_type rt  (cost=0.00..2.00 rows=1 width=4) (actual time=0.001..0.001 rows=1 loops=425)
                                      Index Cond: (id = ci.role_id)
                                      Filter: ((role)::text = 'actress'::text)
                          ->  Index Scan using title_pkey on title t  (cost=0.00..2.00 rows=1 width=21) (actual time=0.003..0.003 rows=0 loops=425)
                                Index Cond: (id = ci.movie_id)
                                Filter: ((production_year >= 2005) AND (production_year <= 2015))
                                Rows Removed by Filter: 1
                    ->  Index Scan using movie_id_movie_companies on movie_companies mc  (cost=0.00..10.00 rows=1 width=8) (actual time=0.004..0.005 rows=1 loops=155)
                          Index Cond: (movie_id = ci.movie_id)
                          Filter: ((note IS NOT NULL) AND ((note ~~ '%(USA)%'::text) OR (note ~~ '%(worldwide)%'::text)))
                          Rows Removed by Filter: 5
              ->  Index Scan using company_name_pkey on company_name cn  (cost=0.00..2.00 rows=1 width=4) (actual time=0.003..0.003 rows=1 loops=130)
                    Index Cond: (id = mc.company_id)
                    Filter: ((country_code)::text = '[us]'::text)
                    Rows Removed by Filter: 0
        ->  Index Scan using char_name_pkey on char_name chn  (cost=0.00..2.00 rows=1 width=20) (actual time=0.002..0.002 rows=1 loops=127)
              Index Cond: (id = ci.person_role_id)
Planning time: 3.339 ms
Execution time: 1607.305 ms
