Aggregate  (cost=3885348.00..3885349.00 rows=1 width=128) (actual time=1596.490..1596.490 rows=1 loops=1)
  ->  Nested Loop  (cost=0.00..3885348.00 rows=1 width=64) (actual time=390.506..1596.441 rows=40 loops=1)
        ->  Nested Loop  (cost=0.00..3885340.00 rows=4 width=68) (actual time=390.495..1596.278 rows=40 loops=1)
              ->  Nested Loop  (cost=0.00..3885131.00 rows=19 width=72) (actual time=83.437..1595.904 rows=60 loops=1)
                    ->  Nested Loop  (cost=0.00..3885053.00 rows=39 width=60) (actual time=83.427..1595.717 rows=65 loops=1)
                          ->  Nested Loop  (cost=0.00..3884669.00 rows=192 width=39) (actual time=32.088..1594.762 rows=265 loops=1)
                                ->  Nested Loop  (cost=0.00..3879879.00 rows=2299 width=43) (actual time=32.083..1594.429 rows=265 loops=1)
                                      ->  Nested Loop  (cost=0.00..2704029.00 rows=1170 width=39) (actual time=6.316..1582.133 rows=1296 loops=1)
                                            ->  Seq Scan on aka_name an  (cost=0.00..901343.00 rows=901343 width=20) (actual time=0.008..78.009 rows=901343 loops=1)
                                            ->  Index Scan using name_pkey on name n  (cost=0.00..2.00 rows=1 width=19) (actual time=0.002..0.002 rows=0 loops=901343)
                                                  Index Cond: (id = an.person_id)
                                                  Filter: ((name ~~ '%Angel%'::text) AND ((gender)::text = 'f'::text))
                                                  Rows Removed by Filter: 1
                                      ->  Index Scan using person_id_cast_info on cast_info ci  (cost=0.00..994.00 rows=11 width=16) (actual time=0.008..0.009 rows=0 loops=1296)
                                            Index Cond: (person_id = n.id)
                                            Filter: (note = '(voice)'::text)
                                            Rows Removed by Filter: 43
                                ->  Index Scan using role_type_pkey on role_type rt  (cost=0.00..2.00 rows=1 width=4) (actual time=0.001..0.001 rows=1 loops=265)
                                      Index Cond: (id = ci.role_id)
                                      Filter: ((role)::text = 'actress'::text)
                          ->  Index Scan using title_pkey on title t  (cost=0.00..2.00 rows=1 width=21) (actual time=0.003..0.003 rows=0 loops=265)
                                Index Cond: (id = ci.movie_id)
                                Filter: ((production_year >= 2007) AND (production_year <= 2010))
                                Rows Removed by Filter: 1
                    ->  Index Scan using char_name_pkey on char_name chn  (cost=0.00..2.00 rows=1 width=20) (actual time=0.002..0.002 rows=1 loops=65)
                          Index Cond: (id = ci.person_role_id)
              ->  Index Scan using movie_id_movie_companies on movie_companies mc  (cost=0.00..10.00 rows=1 width=8) (actual time=0.004..0.006 rows=1 loops=60)
                    Index Cond: (movie_id = ci.movie_id)
                    Filter: ((note ~~ '%(200%)%'::text) AND ((note ~~ '%(USA)%'::text) OR (note ~~ '%(worldwide)%'::text)))
                    Rows Removed by Filter: 7
        ->  Index Scan using company_name_pkey on company_name cn  (cost=0.00..2.00 rows=1 width=4) (actual time=0.003..0.003 rows=1 loops=40)
              Index Cond: (id = mc.company_id)
              Filter: ((country_code)::text = '[us]'::text)
Planning time: 3.379 ms
Execution time: 1596.570 ms
