Aggregate  (cost=4007949.00..4007950.00 rows=1 width=128) (actual time=1593.840..1593.840 rows=1 loops=1)
  ->  Nested Loop  (cost=0.00..4007949.00 rows=2 width=64) (actual time=390.309..1593.792 rows=40 loops=1)
        ->  Nested Loop  (cost=0.00..4007909.00 rows=19 width=68) (actual time=390.305..1593.720 rows=40 loops=1)
              ->  Nested Loop  (cost=0.00..4007829.00 rows=40 width=72) (actual time=390.294..1593.565 rows=40 loops=1)
                    ->  Nested Loop  (cost=0.00..4007169.00 rows=60 width=76) (actual time=84.310..1593.201 rows=60 loops=1)
                          ->  Nested Loop  (cost=0.00..4007039.00 rows=65 width=64) (actual time=84.302..1593.013 rows=65 loops=1)
                                ->  Nested Loop  (cost=0.00..4006509.00 rows=265 width=43) (actual time=32.207..1592.048 rows=265 loops=1)
                                      ->  Nested Loop  (cost=0.00..2704029.00 rows=1296 width=39) (actual time=6.346..1579.784 rows=1296 loops=1)
                                            ->  Seq Scan on aka_name an  (cost=0.00..901343.00 rows=901343 width=20) (actual time=0.006..77.721 rows=901343 loops=1)
                                            ->  Index Scan using name_pkey on name n  (cost=0.00..2.00 rows=1 width=19) (actual time=0.002..0.002 rows=0 loops=901343)
                                                  Index Cond: (id = an.person_id)
                                                  Filter: ((name ~~ '%Angel%'::text) AND ((gender)::text = 'f'::text))
                                                  Rows Removed by Filter: 1
                                      ->  Index Scan using person_id_cast_info on cast_info ci  (cost=0.00..994.00 rows=11 width=16) (actual time=0.008..0.009 rows=0 loops=1296)
                                            Index Cond: (person_id = n.id)
                                            Filter: (note = '(voice)'::text)
                                            Rows Removed by Filter: 43
                                ->  Index Scan using title_pkey on title t  (cost=0.00..2.00 rows=1 width=21) (actual time=0.003..0.003 rows=0 loops=265)
                                      Index Cond: (id = ci.movie_id)
                                      Filter: ((production_year >= 2007) AND (production_year <= 2010))
                                      Rows Removed by Filter: 1
                          ->  Index Scan using char_name_pkey on char_name chn  (cost=0.00..2.00 rows=1 width=20) (actual time=0.002..0.002 rows=1 loops=65)
                                Index Cond: (id = ci.person_role_id)
                    ->  Index Scan using movie_id_movie_companies on movie_companies mc  (cost=0.00..10.00 rows=1 width=8) (actual time=0.004..0.006 rows=1 loops=60)
                          Index Cond: (movie_id = ci.movie_id)
                          Filter: ((note ~~ '%(200%)%'::text) AND ((note ~~ '%(USA)%'::text) OR (note ~~ '%(worldwide)%'::text)))
                          Rows Removed by Filter: 7
              ->  Index Scan using company_name_pkey on company_name cn  (cost=0.00..2.00 rows=1 width=4) (actual time=0.003..0.003 rows=1 loops=40)
                    Index Cond: (id = mc.company_id)
                    Filter: ((country_code)::text = '[us]'::text)
        ->  Index Scan using role_type_pkey on role_type rt  (cost=0.00..2.00 rows=1 width=4) (actual time=0.001..0.001 rows=1 loops=40)
              Index Cond: (id = ci.role_id)
              Filter: ((role)::text = 'actress'::text)
Planning time: 3.263 ms
Execution time: 1593.910 ms
