Aggregate  (cost=6854234.00..6854235.00 rows=1 width=128) (actual time=1781.434..1781.434 rows=1 loops=1)
  ->  Nested Loop  (cost=0.00..6854234.00 rows=1630 width=64) (actual time=17.814..1778.087 rows=8144 loops=1)
        ->  Nested Loop  (cost=0.00..6850292.00 rows=657 width=56) (actual time=4.632..1767.447 rows=4503 loops=1)
              ->  Nested Loop  (cost=0.00..6848978.00 rows=657 width=47) (actual time=4.625..1755.423 rows=4503 loops=1)
                    ->  Nested Loop  (cost=0.00..6845310.00 rows=1834 width=51) (actual time=4.616..1721.781 rows=12383 loops=1)
                          ->  Nested Loop  (cost=0.00..6834615.00 rows=713 width=43) (actual time=4.608..1700.912 rows=5686 loops=1)
                                ->  Nested Loop  (cost=0.00..6831685.00 rows=1465 width=31) (actual time=4.600..1684.086 rows=6552 loops=1)
                                      ->  Nested Loop  (cost=0.00..6675231.00 rows=78227 width=12) (actual time=0.113..1229.999 rows=276166 loops=1)
                                            ->  Seq Scan on role_type rt  (cost=0.00..12.00 rows=1 width=4) (actual time=0.006..0.009 rows=1 loops=1)
                                                  Filter: ((role)::text = 'actress'::text)
                                                  Rows Removed by Filter: 11
                                            ->  Index Scan using role_id_cast_info on cast_info ci  (cost=0.00..6589880.00 rows=85339 width=16) (actual time=0.107..1198.954 rows=276166 loops=1)
                                                  Index Cond: (role_id = rt.id)
                                                  Filter: (note = ANY ('{(voice),"(voice: Japanese version)","(voice) (uncredited)","(voice: English version)"}'::text[]))
                                                  Rows Removed by Filter: 7175807
                                      ->  Index Scan using name_pkey on name n  (cost=0.00..2.00 rows=1 width=19) (actual time=0.001..0.001 rows=0 loops=276166)
                                            Index Cond: (id = ci.person_id)
                                            Filter: ((name ~~ '%An%'::text) AND ((gender)::text = 'f'::text))
                                            Rows Removed by Filter: 1
                                ->  Index Scan using char_name_pkey on char_name chn  (cost=0.00..2.00 rows=1 width=20) (actual time=0.002..0.002 rows=1 loops=6552)
                                      Index Cond: (id = ci.person_role_id)
                          ->  Index Scan using movie_id_movie_companies on movie_companies mc  (cost=0.00..10.00 rows=5 width=8) (actual time=0.002..0.003 rows=2 loops=5686)
                                Index Cond: (movie_id = ci.movie_id)
                    ->  Index Scan using company_name_pkey on company_name cn  (cost=0.00..2.00 rows=1 width=4) (actual time=0.002..0.002 rows=0 loops=12383)
                          Index Cond: (id = mc.company_id)
                          Filter: ((country_code)::text = '[us]'::text)
                          Rows Removed by Filter: 1
              ->  Index Scan using title_pkey on title t  (cost=0.00..2.00 rows=1 width=21) (actual time=0.002..0.002 rows=1 loops=4503)
                    Index Cond: (id = ci.movie_id)
        ->  Index Scan using person_id_aka_name on aka_name an  (cost=0.00..4.00 rows=2 width=20) (actual time=0.002..0.002 rows=2 loops=4503)
              Index Cond: (person_id = n.id)
Planning time: 3.282 ms
Execution time: 1781.501 ms
