Aggregate  (cost=7245529.00..7245530.00 rows=1 width=128) (actual time=1780.024..1780.024 rows=1 loops=1)
  ->  Nested Loop  (cost=0.00..7245529.00 rows=817 width=64) (actual time=17.630..1776.642 rows=8144 loops=1)
        ->  Nested Loop  (cost=0.00..7241059.00 rows=745 width=56) (actual time=4.557..1765.943 rows=4503 loops=1)
              ->  Nested Loop  (cost=0.00..7239941.00 rows=559 width=44) (actual time=4.551..1754.628 rows=4938 loops=1)
                    ->  Nested Loop  (cost=0.00..7236845.00 rows=1548 width=48) (actual time=4.545..1715.599 rows=14547 loops=1)
                          ->  Nested Loop  (cost=0.00..7228655.00 rows=546 width=52) (actual time=4.537..1691.361 rows=6552 loops=1)
                                ->  Nested Loop  (cost=0.00..7227563.00 rows=546 width=31) (actual time=4.530..1668.502 rows=6552 loops=1)
                                      ->  Nested Loop  (cost=0.00..6675231.00 rows=276166 width=12) (actual time=0.111..1214.006 rows=276166 loops=1)
                                            ->  Seq Scan on role_type rt  (cost=0.00..12.00 rows=1 width=4) (actual time=0.006..0.010 rows=1 loops=1)
                                                  Filter: ((role)::text = 'actress'::text)
                                                  Rows Removed by Filter: 11
                                            ->  Index Scan using role_id_cast_info on cast_info ci  (cost=0.00..6589880.00 rows=85339 width=16) (actual time=0.104..1183.111 rows=276166 loops=1)
                                                  Index Cond: (role_id = rt.id)
                                                  Filter: (note = ANY ('{(voice),"(voice: Japanese version)","(voice) (uncredited)","(voice: English version)"}'::text[]))
                                                  Rows Removed by Filter: 7175807
                                      ->  Index Scan using name_pkey on name n  (cost=0.00..2.00 rows=1 width=19) (actual time=0.001..0.001 rows=0 loops=276166)
                                            Index Cond: (id = ci.person_id)
                                            Filter: ((name ~~ '%An%'::text) AND ((gender)::text = 'f'::text))
                                            Rows Removed by Filter: 1
                                ->  Index Scan using title_pkey on title t  (cost=0.00..2.00 rows=1 width=21) (actual time=0.003..0.003 rows=1 loops=6552)
                                      Index Cond: (id = ci.movie_id)
                          ->  Index Scan using movie_id_movie_companies on movie_companies mc  (cost=0.00..10.00 rows=5 width=8) (actual time=0.003..0.003 rows=2 loops=6552)
                                Index Cond: (movie_id = ci.movie_id)
                    ->  Index Scan using company_name_pkey on company_name cn  (cost=0.00..2.00 rows=1 width=4) (actual time=0.002..0.002 rows=0 loops=14547)
                          Index Cond: (id = mc.company_id)
                          Filter: ((country_code)::text = '[us]'::text)
                          Rows Removed by Filter: 1
              ->  Index Scan using char_name_pkey on char_name chn  (cost=0.00..2.00 rows=1 width=20) (actual time=0.002..0.002 rows=1 loops=4938)
                    Index Cond: (id = ci.person_role_id)
        ->  Index Scan using person_id_aka_name on aka_name an  (cost=0.00..4.00 rows=2 width=20) (actual time=0.002..0.002 rows=2 loops=4503)
              Index Cond: (person_id = n.id)
Planning time: 3.406 ms
Execution time: 1780.098 ms
