Aggregate  (cost=7292541.00..7292542.00 rows=1 width=128) (actual time=1773.420..1773.420 rows=1 loops=1)
  ->  Nested Loop  (cost=0.00..7292541.00 rows=1230 width=64) (actual time=17.847..1769.899 rows=8144 loops=1)
        ->  Nested Loop  (cost=0.00..7285731.00 rows=3405 width=68) (actual time=13.060..1732.763 rows=18345 loops=1)
              ->  Nested Loop  (cost=0.00..7276071.00 rows=644 width=72) (actual time=13.053..1711.512 rows=7726 loops=1)
                    ->  Nested Loop  (cost=0.00..7274783.00 rows=644 width=51) (actual time=13.044..1693.278 rows=7726 loops=1)
                          ->  Nested Loop  (cost=0.00..7240667.00 rows=5686 width=43) (actual time=4.568..1680.347 rows=5686 loops=1)
                                ->  Nested Loop  (cost=0.00..7227563.00 rows=6552 width=31) (actual time=4.562..1664.817 rows=6552 loops=1)
                                      ->  Nested Loop  (cost=0.00..6675231.00 rows=276166 width=12) (actual time=0.112..1212.695 rows=276166 loops=1)
                                            ->  Seq Scan on role_type rt  (cost=0.00..12.00 rows=1 width=4) (actual time=0.005..0.009 rows=1 loops=1)
                                                  Filter: ((role)::text = 'actress'::text)
                                                  Rows Removed by Filter: 11
                                            ->  Index Scan using role_id_cast_info on cast_info ci  (cost=0.00..6589880.00 rows=85339 width=16) (actual time=0.106..1181.680 rows=276166 loops=1)
                                                  Index Cond: (role_id = rt.id)
                                                  Filter: (note = ANY ('{(voice),"(voice: Japanese version)","(voice) (uncredited)","(voice: English version)"}'::text[]))
                                                  Rows Removed by Filter: 7175807
                                      ->  Index Scan using name_pkey on name n  (cost=0.00..2.00 rows=1 width=19) (actual time=0.001..0.001 rows=0 loops=276166)
                                            Index Cond: (id = ci.person_id)
                                            Filter: ((name ~~ '%An%'::text) AND ((gender)::text = 'f'::text))
                                            Rows Removed by Filter: 1
                                ->  Index Scan using char_name_pkey on char_name chn  (cost=0.00..2.00 rows=1 width=20) (actual time=0.002..0.002 rows=1 loops=6552)
                                      Index Cond: (id = ci.person_role_id)
                          ->  Index Scan using person_id_aka_name on aka_name an  (cost=0.00..4.00 rows=2 width=20) (actual time=0.002..0.002 rows=1 loops=5686)
                                Index Cond: (person_id = n.id)
                    ->  Index Scan using title_pkey on title t  (cost=0.00..2.00 rows=1 width=21) (actual time=0.002..0.002 rows=1 loops=7726)
                          Index Cond: (id = ci.movie_id)
              ->  Index Scan using movie_id_movie_companies on movie_companies mc  (cost=0.00..10.00 rows=5 width=8) (actual time=0.002..0.002 rows=2 loops=7726)
                    Index Cond: (movie_id = ci.movie_id)
        ->  Index Scan using company_name_pkey on company_name cn  (cost=0.00..2.00 rows=1 width=4) (actual time=0.002..0.002 rows=0 loops=18345)
              Index Cond: (id = mc.company_id)
              Filter: ((country_code)::text = '[us]'::text)
              Rows Removed by Filter: 1
Planning time: 3.278 ms
Execution time: 1773.484 ms
