Aggregate  (cost=7110932.00..7110933.00 rows=1 width=128) (actual time=4771.665..4771.665 rows=1 loops=1)
  ->  Nested Loop  (cost=0.00..7110932.00 rows=20190 width=64) (actual time=0.406..4606.698 rows=483082 loops=1)
        ->  Nested Loop  (cost=0.00..7062104.00 rows=8138 width=56) (actual time=0.399..4207.685 rows=173567 loops=1)
              ->  Nested Loop  (cost=0.00..7045828.00 rows=8138 width=47) (actual time=0.394..3819.591 rows=173567 loops=1)
                    ->  Nested Loop  (cost=0.00..7000388.00 rows=22720 width=51) (actual time=0.131..2950.224 rows=426400 loops=1)
                          ->  Nested Loop  (cost=0.00..6867983.00 rows=8827 width=43) (actual time=0.125..2286.387 rows=255493 loops=1)
                                ->  Nested Loop  (cost=0.00..6831685.00 rows=18149 width=31) (actual time=0.119..1721.130 rows=276005 loops=1)
                                      ->  Nested Loop  (cost=0.00..6675231.00 rows=78227 width=12) (actual time=0.112..1234.544 rows=276166 loops=1)
                                            ->  Seq Scan on role_type rt  (cost=0.00..12.00 rows=1 width=4) (actual time=0.005..0.008 rows=1 loops=1)
                                                  Filter: ((role)::text = 'actress'::text)
                                                  Rows Removed by Filter: 11
                                            ->  Index Scan using role_id_cast_info on cast_info ci  (cost=0.00..6589880.00 rows=85339 width=16) (actual time=0.106..1201.237 rows=276166 loops=1)
                                                  Index Cond: (role_id = rt.id)
                                                  Filter: (note = ANY ('{(voice),"(voice: Japanese version)","(voice) (uncredited)","(voice: English version)"}'::text[]))
                                                  Rows Removed by Filter: 7175807
                                      ->  Index Scan using name_pkey on name n  (cost=0.00..2.00 rows=1 width=19) (actual time=0.001..0.001 rows=1 loops=276166)
                                            Index Cond: (id = ci.person_id)
                                            Filter: ((gender)::text = 'f'::text)
                                            Rows Removed by Filter: 0
                                ->  Index Scan using char_name_pkey on char_name chn  (cost=0.00..2.00 rows=1 width=20) (actual time=0.002..0.002 rows=1 loops=276005)
                                      Index Cond: (id = ci.person_role_id)
                          ->  Index Scan using movie_id_movie_companies on movie_companies mc  (cost=0.00..10.00 rows=5 width=8) (actual time=0.002..0.002 rows=2 loops=255493)
                                Index Cond: (movie_id = ci.movie_id)
                    ->  Index Scan using company_name_pkey on company_name cn  (cost=0.00..2.00 rows=1 width=4) (actual time=0.002..0.002 rows=0 loops=426400)
                          Index Cond: (id = mc.company_id)
                          Filter: ((country_code)::text = '[us]'::text)
                          Rows Removed by Filter: 1
              ->  Index Scan using title_pkey on title t  (cost=0.00..2.00 rows=1 width=21) (actual time=0.002..0.002 rows=1 loops=173567)
                    Index Cond: (id = ci.movie_id)
        ->  Index Scan using person_id_aka_name on aka_name an  (cost=0.00..4.00 rows=2 width=20) (actual time=0.001..0.002 rows=3 loops=173567)
              Index Cond: (person_id = n.id)
Planning time: 3.298 ms
Execution time: 4771.725 ms
