Aggregate  (cost=7076921.00..7076922.00 rows=1 width=128) (actual time=4871.290..4871.290 rows=1 loops=1)
  ->  Nested Loop  (cost=0.00..7076921.00 rows=18703 width=64) (actual time=0.394..4705.975 rows=483082 loops=1)
        ->  Nested Loop  (cost=0.00..7031687.00 rows=7539 width=56) (actual time=0.387..4306.991 rows=173567 loops=1)
              ->  Nested Loop  (cost=0.00..7016609.00 rows=7539 width=47) (actual time=0.382..3905.228 rows=173567 loops=1)
                    ->  Nested Loop  (cost=0.00..6974849.00 rows=20880 width=51) (actual time=0.130..2984.774 rows=426400 loops=1)
                          ->  Nested Loop  (cost=0.00..6853169.00 rows=8112 width=43) (actual time=0.125..2297.917 rows=255493 loops=1)
                                ->  Nested Loop  (cost=0.00..6819811.00 rows=16679 width=31) (actual time=0.119..1725.842 rows=276005 loops=1)
                                      ->  Nested Loop  (cost=0.00..6675231.00 rows=72290 width=12) (actual time=0.112..1239.834 rows=276166 loops=1)
                                            ->  Seq Scan on role_type rt  (cost=0.00..12.00 rows=1 width=4) (actual time=0.007..0.010 rows=1 loops=1)
                                                  Filter: ((role)::text = 'actress'::text)
                                                  Rows Removed by Filter: 11
                                            ->  Index Scan using role_id_cast_info on cast_info ci  (cost=0.00..6589880.00 rows=85339 width=16) (actual time=0.105..1206.650 rows=276166 loops=1)
                                                  Index Cond: (role_id = rt.id)
                                                  Filter: (note = ANY ('{(voice),"(voice: Japanese version)","(voice) (uncredited)","(voice: English version)"}'::text[]))
                                                  Rows Removed by Filter: 7175807
                                      ->  Index Scan using name_pkey on name n  (cost=0.00..2.00 rows=1 width=19) (actual time=0.001..0.001 rows=1 loops=276166)
                                            Index Cond: (id = ci.person_id)
                                            Filter: ((gender)::text = 'f'::text)
                                            Rows Removed by Filter: 0
                                ->  Index Scan using char_name_pkey on char_name chn  (cost=0.00..2.00 rows=1 width=20) (actual time=0.002..0.002 rows=1 loops=276005)
                                      Index Cond: (id = ci.person_role_id)
                          ->  Index Scan using movie_id_movie_companies on movie_companies mc  (cost=0.00..10.00 rows=5 width=8) (actual time=0.002..0.002 rows=2 loops=255493)
                                Index Cond: (movie_id = ci.movie_id)
                    ->  Index Scan using company_name_pkey on company_name cn  (cost=0.00..2.00 rows=1 width=4) (actual time=0.002..0.002 rows=0 loops=426400)
                          Index Cond: (id = mc.company_id)
                          Filter: ((country_code)::text = '[us]'::text)
                          Rows Removed by Filter: 1
              ->  Index Scan using title_pkey on title t  (cost=0.00..2.00 rows=1 width=21) (actual time=0.002..0.002 rows=1 loops=173567)
                    Index Cond: (id = ci.movie_id)
        ->  Index Scan using person_id_aka_name on aka_name an  (cost=0.00..4.00 rows=2 width=20) (actual time=0.001..0.002 rows=3 loops=173567)
              Index Cond: (person_id = n.id)
Planning time: 3.405 ms
Execution time: 4871.365 ms
