Aggregate  (cost=7698513.00..7698514.00 rows=1 width=128) (actual time=4872.713..4872.713 rows=1 loops=1)
  ->  Nested Loop  (cost=0.00..7698513.00 rows=15700 width=64) (actual time=0.407..4707.449 rows=483082 loops=1)
        ->  Nested Loop  (cost=0.00..7612611.00 rows=14317 width=56) (actual time=0.401..4307.924 rows=173567 loops=1)
              ->  Nested Loop  (cost=0.00..7583977.00 rows=14317 width=47) (actual time=0.395..3906.002 rows=173567 loops=1)
                    ->  Nested Loop  (cost=0.00..7504669.00 rows=39654 width=51) (actual time=0.133..2986.685 rows=426400 loops=1)
                          ->  Nested Loop  (cost=0.00..7273579.00 rows=15406 width=43) (actual time=0.127..2299.317 rows=255493 loops=1)
                                ->  Nested Loop  (cost=0.00..7227563.00 rows=23008 width=31) (actual time=0.121..1728.110 rows=276005 loops=1)
                                      ->  Nested Loop  (cost=0.00..6675231.00 rows=276166 width=12) (actual time=0.114..1239.449 rows=276166 loops=1)
                                            ->  Seq Scan on role_type rt  (cost=0.00..12.00 rows=1 width=4) (actual time=0.006..0.009 rows=1 loops=1)
                                                  Filter: ((role)::text = 'actress'::text)
                                                  Rows Removed by Filter: 11
                                            ->  Index Scan using role_id_cast_info on cast_info ci  (cost=0.00..6589880.00 rows=85339 width=16) (actual time=0.107..1206.533 rows=276166 loops=1)
                                                  Index Cond: (role_id = rt.id)
                                                  Filter: (note = ANY ('{(voice),"(voice: Japanese version)","(voice) (uncredited)","(voice: English version)"}'::text[]))
                                                  Rows Removed by Filter: 7175807
                                      ->  Index Scan using name_pkey on name n  (cost=0.00..2.00 rows=1 width=19) (actual time=0.001..0.001 rows=1 loops=276166)
                                            Index Cond: (id = ci.person_id)
                                            Filter: ((gender)::text = 'f'::text)
                                            Rows Removed by Filter: 0
                                ->  Index Scan using char_name_pkey on char_name chn  (cost=0.00..2.00 rows=1 width=20) (actual time=0.002..0.002 rows=1 loops=276005)
                                      Index Cond: (id = ci.person_role_id)
                          ->  Index Scan using movie_id_movie_companies on movie_companies mc  (cost=0.00..10.00 rows=5 width=8) (actual time=0.002..0.002 rows=2 loops=255493)
                                Index Cond: (movie_id = ci.movie_id)
                    ->  Index Scan using company_name_pkey on company_name cn  (cost=0.00..2.00 rows=1 width=4) (actual time=0.002..0.002 rows=0 loops=426400)
                          Index Cond: (id = mc.company_id)
                          Filter: ((country_code)::text = '[us]'::text)
                          Rows Removed by Filter: 1
              ->  Index Scan using title_pkey on title t  (cost=0.00..2.00 rows=1 width=21) (actual time=0.002..0.002 rows=1 loops=173567)
                    Index Cond: (id = ci.movie_id)
        ->  Index Scan using person_id_aka_name on aka_name an  (cost=0.00..4.00 rows=2 width=20) (actual time=0.001..0.002 rows=3 loops=173567)
              Index Cond: (person_id = n.id)
Planning time: 3.323 ms
Execution time: 4872.776 ms
