Aggregate  (cost=8190320.00..8190321.00 rows=1 width=128) (actual time=4816.867..4816.868 rows=1 loops=1)
  ->  Nested Loop  (cost=0.00..8190320.00 rows=30952 width=64) (actual time=0.395..4651.814 rows=483082 loops=1)
        ->  Nested Loop  (cost=0.00..8131784.00 rows=9756 width=56) (actual time=0.389..4253.421 rows=173567 loops=1)
              ->  Nested Loop  (cost=0.00..8112272.00 rows=9756 width=47) (actual time=0.383..3854.665 rows=173567 loops=1)
                    ->  Nested Loop  (cost=0.00..8058230.00 rows=27021 width=51) (actual time=0.130..2939.116 rows=426400 loops=1)
                          ->  Nested Loop  (cost=0.00..7738865.00 rows=21291 width=43) (actual time=0.125..2255.529 rows=255493 loops=1)
                                ->  Nested Loop  (cost=0.00..7227563.00 rows=255651 width=24) (actual time=0.117..1803.931 rows=255651 loops=1)
                                      ->  Nested Loop  (cost=0.00..6675231.00 rows=276166 width=12) (actual time=0.111..1238.763 rows=276166 loops=1)
                                            ->  Seq Scan on role_type rt  (cost=0.00..12.00 rows=1 width=4) (actual time=0.006..0.010 rows=1 loops=1)
                                                  Filter: ((role)::text = 'actress'::text)
                                                  Rows Removed by Filter: 11
                                            ->  Index Scan using role_id_cast_info on cast_info ci  (cost=0.00..6589880.00 rows=85339 width=16) (actual time=0.104..1206.978 rows=276166 loops=1)
                                                  Index Cond: (role_id = rt.id)
                                                  Filter: (note = ANY ('{(voice),"(voice: Japanese version)","(voice) (uncredited)","(voice: English version)"}'::text[]))
                                                  Rows Removed by Filter: 7175807
                                      ->  Index Scan using char_name_pkey on char_name chn  (cost=0.00..2.00 rows=1 width=20) (actual time=0.002..0.002 rows=1 loops=276166)
                                            Index Cond: (id = ci.person_role_id)
                                ->  Index Scan using name_pkey on name n  (cost=0.00..2.00 rows=1 width=19) (actual time=0.001..0.001 rows=1 loops=255651)
                                      Index Cond: (id = ci.person_id)
                                      Filter: ((gender)::text = 'f'::text)
                                      Rows Removed by Filter: 0
                          ->  Index Scan using movie_id_movie_companies on movie_companies mc  (cost=0.00..10.00 rows=5 width=8) (actual time=0.002..0.002 rows=2 loops=255493)
                                Index Cond: (movie_id = ci.movie_id)
                    ->  Index Scan using company_name_pkey on company_name cn  (cost=0.00..2.00 rows=1 width=4) (actual time=0.002..0.002 rows=0 loops=426400)
                          Index Cond: (id = mc.company_id)
                          Filter: ((country_code)::text = '[us]'::text)
                          Rows Removed by Filter: 1
              ->  Index Scan using title_pkey on title t  (cost=0.00..2.00 rows=1 width=21) (actual time=0.002..0.002 rows=1 loops=173567)
                    Index Cond: (id = ci.movie_id)
        ->  Index Scan using person_id_aka_name on aka_name an  (cost=0.00..4.00 rows=2 width=20) (actual time=0.001..0.002 rows=3 loops=173567)
              Index Cond: (person_id = n.id)
Planning time: 3.400 ms
Execution time: 4816.939 ms
