Aggregate  (cost=9477251.00..9477252.00 rows=1 width=128) (actual time=6143.746..6143.747 rows=1 loops=1)
  ->  Nested Loop  (cost=8640208.00..9477251.00 rows=23639 width=64) (actual time=2616.862..5958.351 rows=483082 loops=1)
        ->  Nested Loop  (cost=8640208.00..9429973.00 rows=23639 width=55) (actual time=2616.853..5201.308 rows=483082 loops=1)
              ->  Nested Loop  (cost=8640208.00..9299021.00 rows=65476 width=59) (actual time=2616.842..3741.505 rows=909946 loops=1)
                    ->  Merge Join  (cost=8640208.00..8695466.00 rows=40237 width=51) (actual time=2616.813..2792.397 rows=482841 loops=1)
                          Merge Cond: (n.id = an.person_id)
                          ->  Sort  (cost=7738865.00..7738865.00 rows=255493 width=43) (actual time=2201.490..2218.070 rows=255493 loops=1)
                                Sort Key: ci.person_id
                                Sort Method: quicksort  Memory: 27380kB
                                ->  Nested Loop  (cost=0.00..7738865.00 rows=255493 width=43) (actual time=0.129..2136.544 rows=255493 loops=1)
                                      ->  Nested Loop  (cost=0.00..7227563.00 rows=255651 width=24) (actual time=0.121..1724.464 rows=255651 loops=1)
                                            ->  Nested Loop  (cost=0.00..6675231.00 rows=276166 width=12) (actual time=0.114..1217.142 rows=276166 loops=1)
                                                  ->  Seq Scan on role_type rt  (cost=0.00..12.00 rows=1 width=4) (actual time=0.006..0.009 rows=1 loops=1)
                                                        Filter: ((role)::text = 'actress'::text)
                                                        Rows Removed by Filter: 11
                                                  ->  Index Scan using role_id_cast_info on cast_info ci  (cost=0.00..6589880.00 rows=85339 width=16) (actual time=0.106..1184.567 rows=276166 loops=1)
                                                        Index Cond: (role_id = rt.id)
                                                        Filter: (note = ANY ('{(voice),"(voice: Japanese version)","(voice) (uncredited)","(voice: English version)"}'::text[]))
                                                        Rows Removed by Filter: 7175807
                                            ->  Index Scan using char_name_pkey on char_name chn  (cost=0.00..2.00 rows=1 width=20) (actual time=0.002..0.002 rows=1 loops=276166)
                                                  Index Cond: (id = ci.person_role_id)
                                      ->  Index Scan using name_pkey on name n  (cost=0.00..2.00 rows=1 width=19) (actual time=0.001..0.001 rows=1 loops=255651)
                                            Index Cond: (id = ci.person_id)
                                            Filter: ((gender)::text = 'f'::text)
                                            Rows Removed by Filter: 0
                          ->  Sort  (cost=901343.00..901343.00 rows=901343 width=20) (actual time=371.024..435.442 rows=1046787 loops=1)
                                Sort Key: an.person_id
                                Sort Method: quicksort  Memory: 89764kB
                                ->  Seq Scan on aka_name an  (cost=0.00..901343.00 rows=901343 width=20) (actual time=0.016..113.674 rows=901343 loops=1)
                    ->  Index Scan using movie_id_movie_companies on movie_companies mc  (cost=0.00..10.00 rows=5 width=8) (actual time=0.001..0.002 rows=2 loops=482841)
                          Index Cond: (movie_id = ci.movie_id)
              ->  Index Scan using company_name_pkey on company_name cn  (cost=0.00..2.00 rows=1 width=4) (actual time=0.001..0.001 rows=1 loops=909946)
                    Index Cond: (id = mc.company_id)
                    Filter: ((country_code)::text = '[us]'::text)
                    Rows Removed by Filter: 0
        ->  Index Scan using title_pkey on title t  (cost=0.00..2.00 rows=1 width=21) (actual time=0.001..0.001 rows=1 loops=483082)
              Index Cond: (id = ci.movie_id)
Planning time: 3.429 ms
Execution time: 6144.245 ms
