Aggregate  (cost=12516292.00..12516293.00 rows=1 width=128) (actual time=4551.718..4551.718 rows=1 loops=1)
  ->  Nested Loop  (cost=10230193.00..12516292.00 rows=483082 width=64) (actual time=2605.207..4377.341 rows=483082 loops=1)
        ->  Nested Loop  (cost=10230193.00..11474890.00 rows=173567 width=56) (actual time=2605.138..3924.051 rows=173567 loops=1)
              ->  Nested Loop  (cost=10230193.00..11127756.00 rows=173567 width=47) (actual time=2605.127..3576.722 rows=173567 loops=1)
                    ->  Nested Loop  (cost=10230193.00..10780442.00 rows=173657 width=28) (actual time=2605.117..3169.830 rows=173657 loops=1)
                          ->  Merge Join  (cost=10230193.00..10401334.00 rows=189554 width=16) (actual time=2605.099..2749.830 rows=189554 loops=1)
                                Merge Cond: (mc.company_id = cn.id)
                                ->  Sort  (cost=9995196.00..9995196.00 rows=474025 width=20) (actual time=2559.155..2614.929 rows=474025 loops=1)
                                      Sort Key: mc.company_id
                                      Sort Method: quicksort  Memory: 47843kB
                                      ->  Merge Join  (cost=9284360.00..9995196.00 rows=474025 width=20) (actual time=2075.391..2466.415 rows=474025 loops=1)
                                            Merge Cond: (ci.movie_id = mc.movie_id)
                                            ->  Sort  (cost=6675231.00..6675231.00 rows=276166 width=12) (actual time=1270.385..1289.792 rows=276166 loops=1)
                                                  Sort Key: ci.movie_id
                                                  Sort Method: quicksort  Memory: 25234kB
                                                  ->  Nested Loop  (cost=0.00..6675231.00 rows=276166 width=12) (actual time=0.113..1200.637 rows=276166 loops=1)
                                                        ->  Seq Scan on role_type rt  (cost=0.00..12.00 rows=1 width=4) (actual time=0.006..0.008 rows=1 loops=1)
                                                              Filter: ((role)::text = 'actress'::text)
                                                              Rows Removed by Filter: 11
                                                        ->  Index Scan using role_id_cast_info on cast_info ci  (cost=0.00..6589880.00 rows=85339 width=16) (actual time=0.107..1173.676 rows=276166 loops=1)
                                                              Index Cond: (role_id = rt.id)
                                                              Filter: (note = ANY ('{(voice),"(voice: Japanese version)","(voice) (uncredited)","(voice: English version)"}'::text[]))
                                                              Rows Removed by Filter: 7175807
                                            ->  Sort  (cost=2609129.00..2609129.00 rows=2609129 width=8) (actual time=804.992..940.413 rows=2958839 loops=1)
                                                  Sort Key: mc.movie_id
                                                  Sort Method: quicksort  Memory: 220607kB
                                                  ->  Seq Scan on movie_companies mc  (cost=0.00..2609129.00 rows=2609129 width=8) (actual time=0.010..277.551 rows=2609129 loops=1)
                                ->  Sort  (cost=234997.00..234997.00 rows=84843 width=4) (actual time=45.941..56.950 rows=84843 loops=1)
                                      Sort Key: cn.id
                                      Sort Method: quicksort  Memory: 7050kB
                                      ->  Seq Scan on company_name cn  (cost=0.00..234997.00 rows=84843 width=4) (actual time=0.016..28.253 rows=84843 loops=1)
                                            Filter: ((country_code)::text = '[us]'::text)
                                            Rows Removed by Filter: 150154
                          ->  Index Scan using char_name_pkey on char_name chn  (cost=0.00..2.00 rows=1 width=20) (actual time=0.002..0.002 rows=1 loops=189554)
                                Index Cond: (id = ci.person_role_id)
                    ->  Index Scan using name_pkey on name n  (cost=0.00..2.00 rows=1 width=19) (actual time=0.002..0.002 rows=1 loops=173657)
                          Index Cond: (id = ci.person_id)
                          Filter: ((gender)::text = 'f'::text)
                          Rows Removed by Filter: 0
              ->  Index Scan using title_pkey on title t  (cost=0.00..2.00 rows=1 width=21) (actual time=0.002..0.002 rows=1 loops=173567)
                    Index Cond: (id = ci.movie_id)
        ->  Index Scan using person_id_aka_name on aka_name an  (cost=0.00..4.00 rows=2 width=20) (actual time=0.002..0.002 rows=3 loops=173567)
              Index Cond: (person_id = n.id)
Planning time: 3.299 ms
Execution time: 4555.606 ms
