Aggregate  (cost=92498.23..92498.24 rows=1 width=64) (actual time=4116.333..4116.334 rows=1 loops=1)
  ->  Nested Loop  (cost=1.85..92498.21 rows=4 width=33) (actual time=181.031..4115.939 rows=104 loops=1)
        Join Filter: (mc.company_type_id = ct.id)
        Rows Removed by Join Filter: 18
        ->  Nested Loop  (cost=1.85..92496.96 rows=4 width=37) (actual time=181.017..4115.721 rows=104 loops=1)
              ->  Nested Loop  (cost=1.42..92458.42 rows=9 width=25) (actual time=181.001..3848.588 rows=112 loops=1)
                    ->  Nested Loop  (cost=0.99..92448.56 rows=19 width=16) (actual time=72.332..3845.671 rows=275 loops=1)
                          Join Filter: (ci.role_id = rt.id)
                          Rows Removed by Join Filter: 102
                          ->  Seq Scan on role_type rt  (cost=0.00..1.15 rows=1 width=4) (actual time=0.006..0.018 rows=1 loops=1)
                                Filter: ((role)::text = 'actor'::text)
                                Rows Removed by Filter: 11
                          ->  Nested Loop  (cost=0.99..92444.76 rows=212 width=20) (actual time=72.324..3845.480 rows=377 loops=1)
                                ->  Nested Loop  (cost=0.43..66807.28 rows=13166 width=8) (actual time=32.960..1265.485 rows=8790 loops=1)
                                      ->  Seq Scan on company_name cn  (cost=0.00..5932.46 rows=1330 width=4) (actual time=0.013..43.903 rows=1361 loops=1)
                                            Filter: ((country_code)::text = '[ru]'::text)
                                            Rows Removed by Filter: 233636
                                      ->  Index Scan using company_id_movie_companies on movie_companies mc  (cost=0.43..44.45 rows=132 width=12) (actual time=0.836..0.894 rows=6 loops=1361)
                                            Index Cond: (company_id = cn.id)
                                ->  Index Scan using movie_id_cast_info on cast_info ci  (cost=0.56..1.94 rows=1 width=12) (actual time=0.285..0.293 rows=0 loops=8790)
                                      Index Cond: (movie_id = mc.movie_id)
                                      Filter: ((note ~~ '%(voice)%'::text) AND (note ~~ '%(uncredited)%'::text))
                                      Rows Removed by Filter: 46
                    ->  Index Scan using title_pkey on title t  (cost=0.43..0.52 rows=1 width=21) (actual time=0.010..0.010 rows=0 loops=275)
                          Index Cond: (id = mc.movie_id)
                          Filter: (production_year > 2005)
                          Rows Removed by Filter: 1
              ->  Index Scan using char_name_pkey on char_name chn  (cost=0.43..4.28 rows=1 width=20) (actual time=2.383..2.383 rows=1 loops=112)
                    Index Cond: (id = ci.person_role_id)
        ->  Materialize  (cost=0.00..1.06 rows=4 width=4) (actual time=0.001..0.001 rows=1 loops=104)
              ->  Seq Scan on company_type ct  (cost=0.00..1.04 rows=4 width=4) (actual time=0.008..0.010 rows=2 loops=1)
Planning time: 2.588 ms
Execution time: 4116.414 ms
