Aggregate  (cost=3758.30..3758.31 rows=1 width=96) (actual time=40.322..40.322 rows=1 loops=1)
  ->  Nested Loop  (cost=8.33..3758.29 rows=1 width=48) (actual time=4.855..40.303 rows=14 loops=1)
        Join Filter: (ml.movie_id = t.id)
        ->  Nested Loop  (cost=7.90..3757.78 rows=1 width=43) (actual time=3.045..40.003 rows=102 loops=1)
              Join Filter: (mc.company_type_id = ct.id)
              Rows Removed by Join Filter: 1
              ->  Nested Loop  (cost=7.90..3756.72 rows=1 width=47) (actual time=3.043..39.843 rows=103 loops=1)
                    ->  Nested Loop  (cost=7.48..3756.26 rows=1 width=32) (actual time=2.848..39.009 rows=288 loops=1)
                          Join Filter: (ml.movie_id = mc.movie_id)
                          ->  Nested Loop  (cost=7.05..3755.69 rows=1 width=20) (actual time=2.840..38.586 rows=64 loops=1)
                                Join Filter: (ml.link_type_id = lt.id)
                                Rows Removed by Join Filter: 187
                                ->  Nested Loop  (cost=7.05..3754.44 rows=1 width=12) (actual time=2.816..37.727 rows=251 loops=1)
                                      ->  Nested Loop  (cost=6.77..3739.98 rows=34 width=4) (actual time=2.809..24.581 rows=10544 loops=1)
                                            ->  Seq Scan on keyword k  (cost=0.00..2626.12 rows=1 width=4) (actual time=0.781..13.619 rows=1 loops=1)
                                                  Filter: (keyword = 'sequel'::text)
                                                  Rows Removed by Filter: 134169
                                            ->  Bitmap Heap Scan on movie_keyword mk  (cost=6.77..1110.84 rows=301 width=8) (actual time=2.025..9.010 rows=10544 loops=1)
                                                  Recheck Cond: (keyword_id = k.id)
                                                  Heap Blocks: exact=5570
                                                  ->  Bitmap Index Scan on keyword_id_movie_keyword  (cost=0.00..6.69 rows=301 width=0) (actual time=1.081..1.081 rows=10544 loops=1)
                                                        Index Cond: (keyword_id = k.id)
                                      ->  Index Scan using movie_id_movie_link on movie_link ml  (cost=0.29..0.38 rows=5 width=8) (actual time=0.001..0.001 rows=0 loops=10544)
                                            Index Cond: (movie_id = mk.movie_id)
                                ->  Seq Scan on link_type lt  (cost=0.00..1.23 rows=2 width=16) (actual time=0.001..0.003 rows=1 loops=251)
                                      Filter: ((link)::text ~~ '%follows%'::text)
                                      Rows Removed by Filter: 13
                          ->  Index Scan using movie_id_movie_companies on movie_companies mc  (cost=0.43..0.54 rows=3 width=12) (actual time=0.004..0.005 rows=4 loops=64)
                                Index Cond: (movie_id = mk.movie_id)
                                Filter: (note IS NULL)
                                Rows Removed by Filter: 2
                    ->  Index Scan using company_name_pkey on company_name cn  (cost=0.42..0.46 rows=1 width=23) (actual time=0.003..0.003 rows=0 loops=288)
                          Index Cond: (id = mc.company_id)
                          Filter: (((country_code)::text <> '[pl]'::text) AND ((name ~~ '%Film%'::text) OR (name ~~ '%Warner%'::text)))
                          Rows Removed by Filter: 1
              ->  Seq Scan on company_type ct  (cost=0.00..1.05 rows=1 width=4) (actual time=0.001..0.001 rows=1 loops=103)
                    Filter: ((kind)::text = 'production companies'::text)
                    Rows Removed by Filter: 1
        ->  Index Scan using title_pkey on title t  (cost=0.43..0.49 rows=1 width=21) (actual time=0.003..0.003 rows=0 loops=102)
              Index Cond: (id = mk.movie_id)
              Filter: ((title ~~ '%Money%'::text) AND (production_year = 1998))
              Rows Removed by Filter: 1
Planning time: 5.180 ms
Execution time: 40.398 ms
