Aggregate  (cost=153531.10..153531.11 rows=1 width=96) (actual time=6072.038..6072.038 rows=1 loops=1)
  ->  Nested Loop  (cost=72090.26..153519.89 rows=1495 width=42) (actual time=737.548..5659.851 rows=670390 loops=1)
        Join Filter: (mi.info_type_id = it2.id)
        Rows Removed by Join Filter: 3646194
        ->  Seq Scan on info_type it2  (cost=0.00..2.41 rows=1 width=4) (actual time=0.010..0.019 rows=1 loops=1)
              Filter: ((info)::text = 'release dates'::text)
              Rows Removed by Filter: 112
        ->  Nested Loop  (cost=72090.26..152190.71 rows=106141 width=46) (actual time=737.510..5254.053 rows=4316584 loops=1)
              ->  Hash Join  (cost=72089.83..118981.44 rows=17635 width=54) (actual time=737.482..2365.835 rows=87293 loops=1)
                    Hash Cond: (mc.company_type_id = ct.id)
                    ->  Hash Join  (cost=72088.76..118613.35 rows=35270 width=58) (actual time=737.465..2310.270 rows=265239 loops=1)
                          Hash Cond: (mc.company_id = cn.id)
                          ->  Nested Loop  (cost=65101.40..110235.25 rows=110158 width=43) (actual time=665.679..1980.013 rows=773084 loops=1)
                                ->  Hash Join  (cost=65100.97..82296.09 rows=45911 width=31) (actual time=665.634..989.665 rows=209880 loops=1)
                                      Hash Cond: (miidx.movie_id = t.id)
                                      ->  Nested Loop  (cost=6462.25..22162.36 rows=276007 width=10) (actual time=30.687..239.246 rows=459925 loops=1)
                                            ->  Seq Scan on info_type it  (cost=0.00..2.41 rows=1 width=4) (actual time=0.017..0.021 rows=1 loops=1)
                                                  Filter: ((info)::text = 'rating'::text)
                                                  Rows Removed by Filter: 112
                                            ->  Bitmap Heap Scan on movie_info_idx miidx  (cost=6462.25..18709.86 rows=345009 width=14) (actual time=30.663..154.893 rows=459925 loops=1)
                                                  Recheck Cond: (info_type_id = it.id)
                                                  Heap Blocks: exact=7934
                                                  ->  Bitmap Index Scan on info_type_id_movie_info_idx  (cost=0.00..6375.99 rows=345009 width=0) (actual time=29.186..29.186 rows=459925 loops=1)
                                                        Index Cond: (info_type_id = it.id)
                                      ->  Hash  (cost=53371.41..53371.41 rows=421385 width=21) (actual time=523.176..523.176 rows=662825 loops=1)
                                            Buckets: 1048576 (originally 524288)  Batches: 1 (originally 1)  Memory Usage: 44421kB
                                            ->  Nested Loop  (cost=7890.42..53371.41 rows=421385 width=21) (actual time=44.412..325.811 rows=662825 loops=1)
                                                  ->  Seq Scan on kind_type kt  (cost=0.00..1.09 rows=1 width=4) (actual time=0.008..0.012 rows=1 loops=1)
                                                        Filter: ((kind)::text = 'movie'::text)
                                                        Rows Removed by Filter: 6
                                                  ->  Bitmap Heap Scan on title t  (cost=7890.42..49156.14 rows=421418 width=25) (actual time=44.398..211.675 rows=662825 loops=1)
                                                        Recheck Cond: (kind_id = kt.id)
                                                        Heap Blocks: exact=12863
                                                        ->  Bitmap Index Scan on kind_id_title  (cost=0.00..7785.07 rows=421418 width=0) (actual time=42.020..42.020 rows=662825 loops=1)
                                                              Index Cond: (kind_id = kt.id)
                                ->  Index Scan using movie_id_movie_companies on movie_companies mc  (cost=0.43..0.56 rows=5 width=12) (actual time=0.002..0.004 rows=4 loops=209880)
                                      Index Cond: (movie_id = t.id)
                          ->  Hash  (cost=5932.46..5932.46 rows=84392 width=23) (actual time=71.642..71.642 rows=84843 loops=1)
                                Buckets: 131072  Batches: 1  Memory Usage: 5810kB
                                ->  Seq Scan on company_name cn  (cost=0.00..5932.46 rows=84392 width=23) (actual time=0.013..53.491 rows=84843 loops=1)
                                      Filter: ((country_code)::text = '[us]'::text)
                                      Rows Removed by Filter: 150154
                    ->  Hash  (cost=1.05..1.05 rows=1 width=4) (actual time=0.005..0.005 rows=1 loops=1)
                          Buckets: 1024  Batches: 1  Memory Usage: 9kB
                          ->  Seq Scan on company_type ct  (cost=0.00..1.05 rows=1 width=4) (actual time=0.002..0.003 rows=1 loops=1)
                                Filter: ((kind)::text = 'production companies'::text)
                                Rows Removed by Filter: 3
              ->  Index Scan using movie_id_movie_info on movie_info mi  (cost=0.43..1.47 rows=41 width=8) (actual time=0.004..0.024 rows=49 loops=87293)
                    Index Cond: (movie_id = t.id)
Planning time: 8.607 ms
Execution time: 6074.181 ms
