Aggregate  (cost=95103.16..95103.17 rows=1 width=64) (actual time=968.840..968.841 rows=1 loops=1)
  ->  Nested Loop  (cost=21314.47..95103.16 rows=1 width=61) (actual time=197.622..968.547 rows=328 loops=1)
        ->  Nested Loop  (cost=21314.05..95102.72 rows=1 width=65) (actual time=197.611..967.407 rows=328 loops=1)
              ->  Nested Loop  (cost=21313.62..95100.92 rows=1 width=77) (actual time=193.972..966.985 rows=57 loops=1)
                    ->  Nested Loop  (cost=21313.49..95100.76 rows=1 width=81) (actual time=193.964..966.845 rows=57 loops=1)
                          ->  Nested Loop  (cost=21313.35..95100.39 rows=2 width=85) (actual time=193.956..966.700 rows=57 loops=1)
                                ->  Nested Loop  (cost=21312.91..88088.47 rows=3611 width=33) (actual time=186.313..827.390 rows=5134 loops=1)
                                      ->  Hash Join  (cost=21312.48..81954.91 rows=6471 width=12) (actual time=186.288..780.133 rows=13699 loops=1)
                                            Hash Cond: (mc.movie_id = at.movie_id)
                                            ->  Hash Join  (cost=6987.36..65681.91 rows=19467 width=8) (actual time=57.848..633.306 rows=43837 loops=1)
                                                  Hash Cond: (mc.company_id = cn.id)
                                                  ->  Seq Scan on movie_companies mc  (cost=0.00..57926.93 rows=60801 width=12) (actual time=0.011..555.826 rows=61664 loops=1)
                                                        Filter: ((note ~~ '%(200%)%'::text) AND (note ~~ '%(worldwide)%'::text))
                                                        Rows Removed by Filter: 2547465
                                                  ->  Hash  (cost=5932.46..5932.46 rows=84392 width=4) (actual time=57.688..57.688 rows=84843 loops=1)
                                                        Buckets: 131072  Batches: 1  Memory Usage: 4007kB
                                                        ->  Seq Scan on company_name cn  (cost=0.00..5932.46 rows=84392 width=4) (actual time=0.007..44.153 rows=84843 loops=1)
                                                              Filter: ((country_code)::text = '[us]'::text)
                                                              Rows Removed by Filter: 150154
                                            ->  Hash  (cost=9806.72..9806.72 rows=361472 width=4) (actual time=127.507..127.507 rows=361472 loops=1)
                                                  Buckets: 524288  Batches: 1  Memory Usage: 16804kB
                                                  ->  Seq Scan on aka_title at  (cost=0.00..9806.72 rows=361472 width=4) (actual time=0.009..65.566 rows=361472 loops=1)
                                      ->  Index Scan using title_pkey on title t  (cost=0.43..0.95 rows=1 width=21) (actual time=0.003..0.003 rows=0 loops=13699)
                                            Index Cond: (id = at.movie_id)
                                            Filter: (production_year > 2000)
                                            Rows Removed by Filter: 1
                                ->  Index Scan using movie_id_movie_info on movie_info mi  (cost=0.43..1.93 rows=1 width=52) (actual time=0.027..0.027 rows=0 loops=5134)
                                      Index Cond: (movie_id = t.id)
                                      Filter: ((note ~~ '%internet%'::text) AND (info ~~ 'USA:% 200%'::text))
                                      Rows Removed by Filter: 72
                          ->  Index Scan using info_type_pkey on info_type it1  (cost=0.14..0.17 rows=1 width=4) (actual time=0.002..0.002 rows=1 loops=57)
                                Index Cond: (id = mi.info_type_id)
                                Filter: ((info)::text = 'release dates'::text)
                    ->  Index Only Scan using company_type_pkey on company_type ct  (cost=0.13..0.15 rows=1 width=4) (actual time=0.002..0.002 rows=1 loops=57)
                          Index Cond: (id = mc.company_type_id)
                          Heap Fetches: 57
              ->  Index Scan using movie_id_movie_keyword on movie_keyword mk  (cost=0.43..1.34 rows=46 width=8) (actual time=0.004..0.006 rows=6 loops=57)
                    Index Cond: (movie_id = t.id)
        ->  Index Only Scan using keyword_pkey on keyword k  (cost=0.42..0.44 rows=1 width=4) (actual time=0.003..0.003 rows=1 loops=328)
              Index Cond: (id = mk.keyword_id)
              Heap Fetches: 328
Planning time: 12.663 ms
Execution time: 969.033 ms
