Aggregate  (cost=6880.96..6880.97 rows=1 width=64) (actual time=308.846..308.846 rows=1 loops=1)
  ->  Nested Loop  (cost=2.57..6880.95 rows=1 width=61) (actual time=243.610..308.810 rows=37 loops=1)
        ->  Nested Loop  (cost=2.15..6880.51 rows=1 width=65) (actual time=243.598..308.628 rows=37 loops=1)
              Join Filter: (mi.info_type_id = it1.id)
              ->  Nested Loop  (cost=2.15..6878.09 rows=1 width=69) (actual time=243.589..308.445 rows=37 loops=1)
                    Join Filter: (t.id = mi.movie_id)
                    ->  Nested Loop  (cost=1.71..6876.54 rows=1 width=37) (actual time=20.049..304.355 rows=292 loops=1)
                          ->  Nested Loop  (cost=1.28..6874.64 rows=1 width=29) (actual time=6.344..133.554 rows=26 loops=1)
                                ->  Nested Loop  (cost=0.85..6873.69 rows=1 width=8) (actual time=6.333..133.334 rows=27 loops=1)
                                      Join Filter: (mc.company_type_id = ct.id)
                                      ->  Nested Loop  (cost=0.85..6872.60 rows=1 width=12) (actual time=6.330..133.235 rows=27 loops=1)
                                            ->  Nested Loop  (cost=0.43..6871.62 rows=1 width=8) (actual time=5.789..44.712 rows=278 loops=1)
                                                  ->  Seq Scan on company_name cn  (cost=0.00..6519.95 rows=1 width=4) (actual time=5.738..38.420 rows=1 loops=1)
                                                        Filter: (((country_code)::text = '[us]'::text) AND (name = 'YouTube'::text))
                                                        Rows Removed by Filter: 234996
                                                  ->  Index Scan using company_id_movie_companies on movie_companies mc  (cost=0.43..351.66 rows=1 width=12) (actual time=0.049..6.204 rows=278 loops=1)
                                                        Index Cond: (company_id = cn.id)
                                                        Filter: ((note ~~ '%(200%)%'::text) AND (note ~~ '%(worldwide)%'::text))
                                                        Rows Removed by Filter: 1180
                                            ->  Index Only Scan using movie_id_aka_title on aka_title at  (cost=0.42..0.95 rows=3 width=4) (actual time=0.318..0.318 rows=0 loops=278)
                                                  Index Cond: (movie_id = mc.movie_id)
                                                  Heap Fetches: 27
                                      ->  Seq Scan on company_type ct  (cost=0.00..1.04 rows=4 width=4) (actual time=0.001..0.001 rows=1 loops=27)
                                ->  Index Scan using title_pkey on title t  (cost=0.43..0.95 rows=1 width=21) (actual time=0.007..0.007 rows=1 loops=27)
                                      Index Cond: (id = at.movie_id)
                                      Filter: ((production_year >= 2005) AND (production_year <= 2010))
                                      Rows Removed by Filter: 0
                          ->  Index Scan using movie_id_movie_keyword on movie_keyword mk  (cost=0.43..1.44 rows=46 width=8) (actual time=6.563..6.566 rows=11 loops=26)
                                Index Cond: (movie_id = t.id)
                    ->  Index Scan using movie_id_movie_info on movie_info mi  (cost=0.43..1.54 rows=1 width=52) (actual time=0.013..0.014 rows=0 loops=292)
                          Index Cond: (movie_id = mk.movie_id)
                          Filter: ((note ~~ '%internet%'::text) AND (info ~~ 'USA:% 200%'::text))
                          Rows Removed by Filter: 29
              ->  Seq Scan on info_type it1  (cost=0.00..2.41 rows=1 width=4) (actual time=0.004..0.004 rows=1 loops=37)
                    Filter: ((info)::text = 'release dates'::text)
                    Rows Removed by Filter: 15
        ->  Index Only Scan using keyword_pkey on keyword k  (cost=0.42..0.44 rows=1 width=4) (actual time=0.004..0.004 rows=1 loops=37)
              Index Cond: (id = mk.keyword_id)
              Heap Fetches: 37
Planning time: 12.276 ms
Execution time: 308.933 ms
