Aggregate  (cost=179004.43..179004.44 rows=1 width=64) (actual time=1574.775..1574.776 rows=1 loops=1)
  ->  Nested Loop  (cost=3921.26..179004.35 rows=17 width=61) (actual time=306.869..1572.692 rows=2271 loops=1)
        ->  Nested Loop  (cost=3920.84..178996.89 rows=17 width=65) (actual time=306.857..1475.690 rows=2271 loops=1)
              ->  Nested Loop  (cost=3920.41..178993.33 rows=2 width=77) (actual time=306.836..1053.830 rows=284 loops=1)
                    ->  Nested Loop  (cost=3920.28..178993.03 rows=2 width=81) (actual time=306.828..1053.167 rows=284 loops=1)
                          ->  Nested Loop  (cost=3919.86..178990.35 rows=6 width=85) (actual time=306.816..1050.595 rows=400 loops=1)
                                ->  Nested Loop  (cost=3919.43..178989.10 rows=2 width=73) (actual time=306.801..1048.656 rows=120 loops=1)
                                      ->  Nested Loop  (cost=3919.00..178986.26 rows=3 width=52) (actual time=306.778..1047.500 rows=120 loops=1)
                                            ->  Nested Loop  (cost=3918.58..178820.50 rows=22 width=48) (actual time=305.028..1036.936 rows=1783 loops=1)
                                                  ->  Seq Scan on info_type it1  (cost=0.00..2.41 rows=1 width=4) (actual time=0.009..0.020 rows=1 loops=1)
                                                        Filter: ((info)::text = 'release dates'::text)
                                                        Rows Removed by Filter: 112
                                                  ->  Bitmap Heap Scan on movie_info mi  (cost=3918.58..178818.05 rows=4 width=52) (actual time=305.015..1036.443 rows=1783 loops=1)
                                                        Recheck Cond: (info_type_id = it1.id)
                                                        Filter: ((info IS NOT NULL) AND (note ~~ '%internet%'::text) AND ((info ~~ 'USA:% 199%'::text) OR (info ~~ 'USA:% 200%'::text)))
                                                        Rows Removed by Filter: 3034936
                                                        Heap Blocks: exact=25448
                                                        ->  Bitmap Index Scan on info_type_id_movie_info  (cost=0.00..3918.58 rows=212019 width=0) (actual time=299.263..299.263 rows=3036719 loops=1)
                                                              Index Cond: (info_type_id = it1.id)
                                            ->  Index Only Scan using movie_id_aka_title on aka_title at  (cost=0.42..7.50 rows=3 width=4) (actual time=0.005..0.005 rows=0 loops=1783)
                                                  Index Cond: (movie_id = mi.movie_id)
                                                  Heap Fetches: 120
                                      ->  Index Scan using title_pkey on title t  (cost=0.43..0.95 rows=1 width=21) (actual time=0.008..0.008 rows=1 loops=120)
                                            Index Cond: (id = at.movie_id)
                                            Filter: (production_year > 1990)
                                ->  Index Scan using movie_id_movie_companies on movie_companies mc  (cost=0.43..0.58 rows=5 width=12) (actual time=0.010..0.014 rows=3 loops=120)
                                      Index Cond: (movie_id = t.id)
                          ->  Index Scan using company_name_pkey on company_name cn  (cost=0.42..0.45 rows=1 width=4) (actual time=0.006..0.006 rows=1 loops=400)
                                Index Cond: (id = mc.company_id)
                                Filter: ((country_code)::text = '[us]'::text)
                                Rows Removed by Filter: 0
                    ->  Index Only Scan using company_type_pkey on company_type ct  (cost=0.13..0.15 rows=1 width=4) (actual time=0.001..0.001 rows=1 loops=284)
                          Index Cond: (id = mc.company_type_id)
                          Heap Fetches: 284
              ->  Index Scan using movie_id_movie_keyword on movie_keyword mk  (cost=0.43..1.32 rows=46 width=8) (actual time=1.478..1.483 rows=8 loops=284)
                    Index Cond: (movie_id = t.id)
        ->  Index Only Scan using keyword_pkey on keyword k  (cost=0.42..0.44 rows=1 width=4) (actual time=0.042..0.042 rows=1 loops=2271)
              Index Cond: (id = mk.keyword_id)
              Heap Fetches: 2271
Planning time: 12.015 ms
Execution time: 1574.866 ms
