Aggregate  (cost=178293.86..178293.87 rows=1 width=64) (actual time=794.847..794.847 rows=1 loops=1)
  ->  Nested Loop  (cost=3922.25..178293.36 rows=99 width=38) (actual time=163.776..788.015 rows=11347 loops=1)
        ->  Nested Loop  (cost=3921.83..178249.92 rows=99 width=42) (actual time=163.763..756.243 rows=11347 loops=1)
              ->  Hash Join  (cost=3921.40..178232.12 rows=10 width=54) (actual time=163.753..747.874 rows=875 loops=1)
                    Hash Cond: (mc.company_type_id = ct.id)
                    ->  Nested Loop  (cost=3920.31..178230.92 rows=10 width=58) (actual time=163.734..747.334 rows=875 loops=1)
                          ->  Nested Loop  (cost=3919.89..178216.21 rows=33 width=62) (actual time=163.722..739.409 rows=2099 loops=1)
                                ->  Nested Loop  (cost=3919.46..178207.44 rows=14 width=50) (actual time=162.267..735.384 rows=584 loops=1)
                                      ->  Nested Loop  (cost=3919.03..178189.43 rows=19 width=29) (actual time=162.254..732.481 rows=591 loops=1)
                                            ->  Nested Loop  (cost=3918.61..177761.61 rows=128 width=4) (actual time=162.047..705.858 rows=10679 loops=1)
                                                  ->  Seq Scan on info_type it1  (cost=0.00..2.41 rows=1 width=4) (actual time=0.006..0.018 rows=1 loops=1)
                                                        Filter: ((info)::text = 'release dates'::text)
                                                        Rows Removed by Filter: 112
                                                  ->  Bitmap Heap Scan on movie_info mi  (cost=3918.61..177757.98 rows=121 width=8) (actual time=162.038..704.061 rows=10679 loops=1)
                                                        Recheck Cond: (info_type_id = it1.id)
                                                        Filter: (note ~~ '%internet%'::text)
                                                        Rows Removed by Filter: 3026040
                                                        Heap Blocks: exact=25448
                                                        ->  Bitmap Index Scan on info_type_id_movie_info  (cost=0.00..3918.58 rows=212019 width=0) (actual time=156.526..156.526 rows=3036719 loops=1)
                                                              Index Cond: (info_type_id = it1.id)
                                            ->  Index Scan using movie_id_aka_title on aka_title at  (cost=0.42..3.31 rows=3 width=25) (actual time=0.002..0.002 rows=0 loops=10679)
                                                  Index Cond: (movie_id = mi.movie_id)
                                      ->  Index Scan using title_pkey on title t  (cost=0.43..0.95 rows=1 width=21) (actual time=0.004..0.004 rows=1 loops=591)
                                            Index Cond: (id = at.movie_id)
                                            Filter: (production_year > 1990)
                                            Rows Removed by Filter: 0
                                ->  Index Scan using movie_id_movie_companies on movie_companies mc  (cost=0.43..0.58 rows=5 width=12) (actual time=0.004..0.005 rows=4 loops=584)
                                      Index Cond: (movie_id = t.id)
                          ->  Index Scan using company_name_pkey on company_name cn  (cost=0.42..0.45 rows=1 width=4) (actual time=0.003..0.003 rows=0 loops=2099)
                                Index Cond: (id = mc.company_id)
                                Filter: ((country_code)::text = '[us]'::text)
                                Rows Removed by Filter: 1
                    ->  Hash  (cost=1.04..1.04 rows=4 width=4) (actual time=0.009..0.009 rows=4 loops=1)
                          Buckets: 1024  Batches: 1  Memory Usage: 9kB
                          ->  Seq Scan on company_type ct  (cost=0.00..1.04 rows=4 width=4) (actual time=0.005..0.006 rows=4 loops=1)
              ->  Index Scan using movie_id_movie_keyword on movie_keyword mk  (cost=0.43..1.32 rows=46 width=8) (actual time=0.003..0.007 rows=13 loops=875)
                    Index Cond: (movie_id = t.id)
        ->  Index Only Scan using keyword_pkey on keyword k  (cost=0.42..0.44 rows=1 width=4) (actual time=0.002..0.002 rows=1 loops=11347)
              Index Cond: (id = mk.keyword_id)
              Heap Fetches: 11347
Planning time: 12.548 ms
Execution time: 794.947 ms
