Aggregate  (cost=4090.46..4090.47 rows=1 width=64) (actual time=33209.469..33209.469 rows=1 loops=1)
  ->  Nested Loop  (cost=9.47..4090.08 rows=77 width=33) (actual time=7.207..30842.521 rows=3710592 loops=1)
        Join Filter: (an.person_id = n.id)
        ->  Nested Loop  (cost=9.04..4054.06 rows=77 width=41) (actual time=7.194..18336.313 rows=3710592 loops=1)
              ->  Nested Loop  (cost=8.61..3860.48 rows=402 width=21) (actual time=7.188..7318.835 rows=2832555 loops=1)
                    Join Filter: (t.id = ci.movie_id)
                    ->  Nested Loop  (cost=8.05..3808.84 rows=26 width=29) (actual time=6.944..1618.981 rows=68316 loops=1)
                          ->  Nested Loop  (cost=7.62..3796.17 rows=26 width=8) (actual time=6.930..1229.038 rows=68316 loops=1)
                                ->  Nested Loop  (cost=7.20..3760.05 rows=81 width=12) (actual time=6.902..466.031 rows=148552 loops=1)
                                      ->  Nested Loop  (cost=6.77..3739.98 rows=34 width=4) (actual time=6.873..134.233 rows=41840 loops=1)
                                            ->  Seq Scan on keyword k  (cost=0.00..2626.12 rows=1 width=4) (actual time=0.751..17.321 rows=1 loops=1)
                                                  Filter: (keyword = 'character-name-in-title'::text)
                                                  Rows Removed by Filter: 134169
                                            ->  Bitmap Heap Scan on movie_keyword mk  (cost=6.77..1110.84 rows=301 width=8) (actual time=6.120..105.956 rows=41840 loops=1)
                                                  Recheck Cond: (keyword_id = k.id)
                                                  Heap Blocks: exact=11541
                                                  ->  Bitmap Index Scan on keyword_id_movie_keyword  (cost=0.00..6.69 rows=301 width=0) (actual time=3.993..3.993 rows=41840 loops=1)
                                                        Index Cond: (keyword_id = k.id)
                                      ->  Index Scan using movie_id_movie_companies on movie_companies mc  (cost=0.43..0.54 rows=5 width=8) (actual time=0.004..0.006 rows=4 loops=41840)
                                            Index Cond: (movie_id = mk.movie_id)
                                ->  Index Scan using company_name_pkey on company_name cn  (cost=0.42..0.45 rows=1 width=4) (actual time=0.005..0.005 rows=0 loops=148552)
                                      Index Cond: (id = mc.company_id)
                                      Filter: ((country_code)::text = '[us]'::text)
                                      Rows Removed by Filter: 1
                          ->  Index Scan using title_pkey on title t  (cost=0.43..0.49 rows=1 width=21) (actual time=0.005..0.005 rows=1 loops=68316)
                                Index Cond: (id = mk.movie_id)
                    ->  Index Scan using movie_id_cast_info on cast_info ci  (cost=0.56..1.52 rows=37 width=8) (actual time=0.006..0.070 rows=41 loops=68316)
                          Index Cond: (movie_id = mk.movie_id)
              ->  Index Scan using person_id_aka_name on aka_name an  (cost=0.42..0.46 rows=2 width=20) (actual time=0.003..0.003 rows=1 loops=2832555)
                    Index Cond: (person_id = ci.person_id)
        ->  Index Only Scan using name_pkey on name n  (cost=0.43..0.46 rows=1 width=4) (actual time=0.003..0.003 rows=1 loops=3710592)
              Index Cond: (id = ci.person_id)
              Heap Fetches: 3710592
Planning time: 6.552 ms
Execution time: 33209.572 ms
