Aggregate  (cost=4060.50..4060.51 rows=1 width=64) (actual time=14337.475..14337.475 rows=1 loops=1)
  ->  Nested Loop  (cost=9.04..4060.42 rows=16 width=15) (actual time=22.939..14304.168 rows=52306 loops=1)
        ->  Nested Loop  (cost=8.62..4052.44 rows=18 width=19) (actual time=22.902..14051.997 rows=52306 loops=1)
              ->  Nested Loop  (cost=8.19..4047.88 rows=8 width=27) (actual time=22.888..13958.472 rows=6642 loops=1)
                    ->  Nested Loop  (cost=7.76..4044.26 rows=8 width=23) (actual time=22.870..13895.751 rows=6642 loops=1)
                          ->  Nested Loop  (cost=7.33..3804.37 rows=524 width=12) (actual time=6.810..6520.556 rows=1038393 loops=1)
                                ->  Nested Loop  (cost=6.77..3739.98 rows=34 width=4) (actual time=6.789..127.603 rows=41840 loops=1)
                                      ->  Seq Scan on keyword k  (cost=0.00..2626.12 rows=1 width=4) (actual time=0.747..18.211 rows=1 loops=1)
                                            Filter: (keyword = 'character-name-in-title'::text)
                                            Rows Removed by Filter: 134169
                                      ->  Bitmap Heap Scan on movie_keyword mk  (cost=6.77..1110.84 rows=301 width=8) (actual time=6.039..97.440 rows=41840 loops=1)
                                            Recheck Cond: (keyword_id = k.id)
                                            Heap Blocks: exact=11541
                                            ->  Bitmap Index Scan on keyword_id_movie_keyword  (cost=0.00..6.69 rows=301 width=0) (actual time=3.889..3.889 rows=41840 loops=1)
                                                  Index Cond: (keyword_id = k.id)
                                ->  Index Scan using movie_id_cast_info on cast_info ci  (cost=0.56..1.52 rows=37 width=8) (actual time=0.052..0.145 rows=25 loops=41840)
                                      Index Cond: (movie_id = mk.movie_id)
                          ->  Index Scan using name_pkey on name n  (cost=0.43..0.46 rows=1 width=19) (actual time=0.007..0.007 rows=0 loops=1038393)
                                Index Cond: (id = ci.person_id)
                                Filter: (name ~~ 'Z%'::text)
                                Rows Removed by Filter: 1
                    ->  Index Only Scan using title_pkey on title t  (cost=0.43..0.45 rows=1 width=4) (actual time=0.008..0.008 rows=1 loops=6642)
                          Index Cond: (id = ci.movie_id)
                          Heap Fetches: 6642
              ->  Index Scan using movie_id_movie_companies on movie_companies mc  (cost=0.43..0.52 rows=5 width=8) (actual time=0.007..0.012 rows=8 loops=6642)
                    Index Cond: (movie_id = ci.movie_id)
        ->  Index Only Scan using company_name_pkey on company_name cn  (cost=0.42..0.44 rows=1 width=4) (actual time=0.004..0.004 rows=1 loops=52306)
              Index Cond: (id = mc.company_id)
              Heap Fetches: 52306
Planning time: 3.579 ms
Execution time: 14337.561 ms
