Aggregate  (cost=184418.66..184418.67 rows=1 width=96) (actual time=14629.021..14629.021 rows=1 loops=1)
  ->  Nested Loop  (cost=3921.03..184418.35 rows=41 width=67) (actual time=206.191..14587.577 rows=28073 loops=1)
        Join Filter: (mi.movie_id = t.id)
        ->  Nested Loop  (cost=3920.60..184394.14 rows=41 width=62) (actual time=206.173..14405.873 rows=28073 loops=1)
              ->  Nested Loop  (cost=3920.17..184326.14 rows=92 width=66) (actual time=201.451..13879.018 rows=54155 loops=1)
                    Join Filter: (mi.movie_id = ci.movie_id)
                    ->  Nested Loop  (cost=3919.60..180279.61 rows=167 width=58) (actual time=184.974..1552.305 rows=102516 loops=1)
                          Join Filter: (mi_idx.info_type_id = it2.id)
                          Rows Removed by Join Filter: 205269
                          ->  Seq Scan on info_type it2  (cost=0.00..2.41 rows=1 width=4) (actual time=0.015..0.017 rows=1 loops=1)
                                Filter: ((info)::text = 'votes'::text)
                                Rows Removed by Filter: 112
                          ->  Nested Loop  (cost=3919.60..180266.78 rows=834 width=62) (actual time=184.956..1494.099 rows=307785 loops=1)
                                ->  Nested Loop  (cost=3919.17..178844.88 rows=1493 width=48) (actual time=184.933..792.436 rows=186594 loops=1)
                                      ->  Seq Scan on info_type it1  (cost=0.00..2.41 rows=1 width=4) (actual time=0.004..0.017 rows=1 loops=1)
                                            Filter: ((info)::text = 'genres'::text)
                                            Rows Removed by Filter: 112
                                      ->  Bitmap Heap Scan on movie_info mi  (cost=3919.17..178818.64 rows=2382 width=52) (actual time=184.926..755.939 rows=186594 loops=1)
                                            Recheck Cond: (info_type_id = it1.id)
                                            Filter: (info = ANY ('{Horror,Action,Sci-Fi,Thriller,Crime,War}'::text[]))
                                            Rows Removed by Filter: 1347315
                                            Heap Blocks: exact=9770
                                            ->  Bitmap Index Scan on info_type_id_movie_info  (cost=0.00..3918.58 rows=212019 width=0) (actual time=183.063..183.063 rows=1533909 loops=1)
                                                  Index Cond: (info_type_id = it1.id)
                                ->  Index Scan using movie_id_movie_info_idx on movie_info_idx mi_idx  (cost=0.43..0.92 rows=3 width=14) (actual time=0.003..0.003 rows=2 loops=186594)
                                      Index Cond: (movie_id = mi.movie_id)
                    ->  Index Scan using movie_id_cast_info on cast_info ci  (cost=0.56..24.22 rows=1 width=8) (actual time=0.105..0.120 rows=1 loops=102516)
                          Index Cond: (movie_id = mi_idx.movie_id)
                          Filter: (note = ANY ('{(writer),"(head writer)","(written by)",(story),"(story editor)"}'::text[]))
                          Rows Removed by Filter: 39
              ->  Index Scan using name_pkey on name n  (cost=0.43..0.74 rows=1 width=4) (actual time=0.009..0.009 rows=1 loops=54155)
                    Index Cond: (id = ci.person_id)
                    Filter: ((gender)::text = 'm'::text)
                    Rows Removed by Filter: 0
        ->  Index Scan using title_pkey on title t  (cost=0.43..0.58 rows=1 width=21) (actual time=0.006..0.006 rows=1 loops=28073)
              Index Cond: (id = mi_idx.movie_id)
Planning time: 3.431 ms
Execution time: 14629.104 ms
