Aggregate  (cost=195234.42..195234.43 rows=1 width=64) (actual time=14430.357..14430.357 rows=1 loops=1)
  ->  Nested Loop  (cost=3924.54..195234.42 rows=1 width=32) (actual time=1608.927..14430.042 rows=184 loops=1)
        ->  Nested Loop  (cost=3924.11..195232.84 rows=1 width=25) (actual time=194.814..14207.315 rows=67025 loops=1)
              ->  Nested Loop  (cost=3923.69..195231.19 rows=1 width=21) (actual time=194.764..14043.567 rows=35604 loops=1)
                    ->  Hash Join  (cost=3923.26..195226.82 rows=3 width=25) (actual time=194.689..13289.759 rows=40272 loops=1)
                          Hash Cond: (ci.role_id = rt.id)
                          ->  Nested Loop  (cost=3922.09..195225.29 rows=30 width=29) (actual time=193.152..13259.225 rows=130077 loops=1)
                                ->  Nested Loop  (cost=3921.53..192336.81 rows=79 width=29) (actual time=189.404..4721.085 rows=116277 loops=1)
                                      ->  Nested Loop  (cost=3921.11..192043.05 rows=246 width=33) (actual time=189.392..4207.685 rows=124224 loops=1)
                                            ->  Nested Loop  (cost=3920.68..187997.90 rows=1461 width=25) (actual time=189.381..3038.754 rows=298255 loops=1)
                                                  ->  Nested Loop  (cost=3920.25..178358.94 rows=6081 width=4) (actual time=189.352..1285.860 rows=451039 loops=1)
                                                        ->  Seq Scan on info_type it  (cost=0.00..2.41 rows=1 width=4) (actual time=0.005..0.017 rows=1 loops=1)
                                                              Filter: ((info)::text = 'release dates'::text)
                                                              Rows Removed by Filter: 112
                                                        ->  Bitmap Heap Scan on movie_info mi  (cost=3920.25..178289.67 rows=6686 width=8) (actual time=189.344..1211.901 rows=451039 loops=1)
                                                              Recheck Cond: (info_type_id = it.id)
                                                              Filter: ((info IS NOT NULL) AND ((info ~~ 'Japan:%200%'::text) OR (info ~~ 'USA:%200%'::text)))
                                                              Rows Removed by Filter: 2585680
                                                              Heap Blocks: exact=25448
                                                              ->  Bitmap Index Scan on info_type_id_movie_info  (cost=0.00..3918.58 rows=212019 width=0) (actual time=183.818..183.818 rows=3036719 loops=1)
                                                                    Index Cond: (info_type_id = it.id)
                                                  ->  Index Scan using title_pkey on title t  (cost=0.43..1.59 rows=1 width=21) (actual time=0.003..0.003 rows=1 loops=451039)
                                                        Index Cond: (id = mi.movie_id)
                                                        Filter: ((production_year >= 2005) AND (production_year <= 2009))
                                                        Rows Removed by Filter: 0
                                            ->  Index Scan using movie_id_movie_companies on movie_companies mc  (cost=0.43..2.76 rows=1 width=8) (actual time=0.003..0.003 rows=0 loops=298255)
                                                  Index Cond: (movie_id = t.id)
                                                  Filter: ((note IS NOT NULL) AND ((note ~~ '%(USA)%'::text) OR (note ~~ '%(worldwide)%'::text)))
                                                  Rows Removed by Filter: 1
                                      ->  Index Scan using company_name_pkey on company_name cn  (cost=0.42..1.19 rows=1 width=4) (actual time=0.003..0.003 rows=1 loops=124224)
                                            Index Cond: (id = mc.company_id)
                                            Filter: ((country_code)::text = '[us]'::text)
                                            Rows Removed by Filter: 0
                                ->  Index Scan using movie_id_cast_info on cast_info ci  (cost=0.56..36.55 rows=1 width=16) (actual time=0.062..0.073 rows=1 loops=116277)
                                      Index Cond: (movie_id = t.id)
                                      Filter: (note = ANY ('{(voice),"(voice: Japanese version)","(voice) (uncredited)","(voice: English version)"}'::text[]))
                                      Rows Removed by Filter: 46
                          ->  Hash  (cost=1.15..1.15 rows=1 width=4) (actual time=0.011..0.011 rows=1 loops=1)
                                Buckets: 1024  Batches: 1  Memory Usage: 9kB
                                ->  Seq Scan on role_type rt  (cost=0.00..1.15 rows=1 width=4) (actual time=0.007..0.008 rows=1 loops=1)
                                      Filter: ((role)::text = 'actress'::text)
                                      Rows Removed by Filter: 11
                    ->  Index Only Scan using char_name_pkey on char_name chn  (cost=0.43..1.46 rows=1 width=4) (actual time=0.018..0.018 rows=1 loops=40272)
                          Index Cond: (id = ci.person_role_id)
                          Heap Fetches: 35604
              ->  Index Only Scan using person_id_aka_name on aka_name an  (cost=0.42..1.63 rows=2 width=4) (actual time=0.003..0.004 rows=2 loops=35604)
                    Index Cond: (person_id = ci.person_id)
                    Heap Fetches: 67025
        ->  Index Scan using name_pkey on name n  (cost=0.43..1.58 rows=1 width=19) (actual time=0.003..0.003 rows=0 loops=67025)
              Index Cond: (id = ci.person_id)
              Filter: ((name ~~ '%Ang%'::text) AND ((gender)::text = 'f'::text))
              Rows Removed by Filter: 1
Planning time: 19.296 ms
Execution time: 14430.469 ms
