Aggregate  (cost=227779.02..227779.03 rows=1 width=64) (actual time=18202.350..18202.350 rows=1 loops=1)
  ->  Nested Loop  (cost=31679.36..227778.88 rows=29 width=32) (actual time=367.995..17412.563 rows=1760645 loops=1)
        Join Filter: (mi.info_type_id = it.id)
        Rows Removed by Join Filter: 8581046
        ->  Seq Scan on info_type it  (cost=0.00..2.41 rows=1 width=4) (actual time=0.010..0.020 rows=1 loops=1)
              Filter: ((info)::text = 'release dates'::text)
              Rows Removed by Filter: 112
        ->  Nested Loop  (cost=31679.36..227750.33 rows=2091 width=36) (actual time=367.969..16437.137 rows=10341691 loops=1)
              Join Filter: (t.id = mi.movie_id)
              ->  Nested Loop  (cost=31678.92..218445.37 rows=348 width=44) (actual time=367.938..10127.208 rows=265983 loops=1)
                    ->  Nested Loop  (cost=31678.50..217173.01 rows=1087 width=48) (actual time=367.919..8495.388 rows=549214 loops=1)
                          ->  Nested Loop  (cost=31678.07..214544.87 rows=970 width=40) (actual time=367.893..7408.018 rows=290297 loops=1)
                                ->  Nested Loop  (cost=31677.64..212252.60 rows=1607 width=19) (actual time=367.831..5609.295 rows=482841 loops=1)
                                      ->  Nested Loop  (cost=31677.21..207419.78 rows=3315 width=23) (actual time=367.799..4093.012 rows=503022 loops=1)
                                            ->  Hash Join  (cost=31676.78..183000.26 rows=15472 width=16) (actual time=367.761..2629.438 rows=503508 loops=1)
                                                  Hash Cond: (ci.person_id = an.person_id)
                                                  ->  Nested Loop  (cost=0.56..134050.03 rows=80881 width=12) (actual time=0.203..2071.983 rows=276166 loops=1)
                                                        ->  Seq Scan on role_type rt  (cost=0.00..1.15 rows=1 width=4) (actual time=0.002..0.006 rows=1 loops=1)
                                                              Filter: ((role)::text = 'actress'::text)
                                                              Rows Removed by Filter: 11
                                                        ->  Index Scan using role_id_cast_info on cast_info ci  (cost=0.56..133252.59 rows=79629 width=16) (actual time=0.200..2020.881 rows=276166 loops=1)
                                                              Index Cond: (role_id = rt.id)
                                                              Filter: (note = ANY ('{(voice),"(voice: Japanese version)","(voice) (uncredited)","(voice: English version)"}'::text[]))
                                                              Rows Removed by Filter: 7175807
                                                  ->  Hash  (cost=20409.43..20409.43 rows=901343 width=4) (actual time=364.602..364.602 rows=901343 loops=1)
                                                        Buckets: 1048576  Batches: 1  Memory Usage: 39880kB
                                                        ->  Seq Scan on aka_name an  (cost=0.00..20409.43 rows=901343 width=4) (actual time=0.006..176.193 rows=901343 loops=1)
                                            ->  Index Scan using name_pkey on name n  (cost=0.43..1.58 rows=1 width=19) (actual time=0.002..0.002 rows=1 loops=503508)
                                                  Index Cond: (id = ci.person_id)
                                                  Filter: ((gender)::text = 'f'::text)
                                                  Rows Removed by Filter: 0
                                      ->  Index Only Scan using char_name_pkey on char_name chn  (cost=0.43..1.46 rows=1 width=4) (actual time=0.002..0.002 rows=1 loops=503022)
                                            Index Cond: (id = ci.person_role_id)
                                            Heap Fetches: 482841
                                ->  Index Scan using title_pkey on title t  (cost=0.43..1.43 rows=1 width=21) (actual time=0.003..0.003 rows=1 loops=482841)
                                      Index Cond: (id = ci.movie_id)
                                      Filter: (production_year > 2000)
                                      Rows Removed by Filter: 0
                          ->  Index Scan using movie_id_movie_companies on movie_companies mc  (cost=0.43..2.66 rows=5 width=8) (actual time=0.002..0.003 rows=2 loops=290297)
                                Index Cond: (movie_id = t.id)
                    ->  Index Scan using company_name_pkey on company_name cn  (cost=0.42..1.17 rows=1 width=4) (actual time=0.003..0.003 rows=0 loops=549214)
                          Index Cond: (id = mc.company_id)
                          Filter: ((country_code)::text = '[us]'::text)
                          Rows Removed by Filter: 1
              ->  Index Scan using movie_id_movie_info on movie_info mi  (cost=0.43..26.23 rows=41 width=8) (actual time=0.003..0.014 rows=39 loops=265983)
                    Index Cond: (movie_id = mc.movie_id)
Planning time: 20.467 ms
Execution time: 18202.635 ms
