Aggregate  (cost=84872.54..84872.55 rows=1 width=68) (actual time=323.319..323.319 rows=1 loops=1)
  ->  Nested Loop  (cost=25613.31..84844.68 rows=3715 width=45) (actual time=119.258..323.130 rows=142 loops=1)
        Join Filter: (mc.movie_id = t.id)
        ->  Hash Join  (cost=25612.88..82646.61 rows=3723 width=32) (actual time=119.231..322.436 rows=142 loops=1)
              Hash Cond: (mc.movie_id = mi_idx.movie_id)
              ->  Nested Loop  (cost=0.43..56399.47 rows=14667 width=28) (actual time=0.135..316.132 rows=28657 loops=1)
                    ->  Seq Scan on company_type ct  (cost=0.00..1.05 rows=1 width=4) (actual time=0.006..0.008 rows=1 loops=1)
                          Filter: ((kind)::text = 'production companies'::text)
                          Rows Removed by Filter: 3
                    ->  Index Scan using company_type_id_movie_companies on movie_companies mc  (cost=0.43..56328.53 rows=6989 width=32) (actual time=0.127..311.902 rows=28657 loops=1)
                          Index Cond: (company_type_id = ct.id)
                          Filter: ((note !~~ '%(as Metro-Goldwyn-Mayer Pictures)%'::text) AND ((note ~~ '%(co-production)%'::text) OR (note ~~ '%(presents)%'::text)))
                          Rows Removed by Filter: 1306226
              ->  Hash  (cost=22162.36..22162.36 rows=276007 width=4) (actual time=0.184..0.184 rows=250 loops=1)
                    Buckets: 524288  Batches: 1  Memory Usage: 4105kB
                    ->  Nested Loop  (cost=6462.25..22162.36 rows=276007 width=4) (actual time=0.059..0.131 rows=250 loops=1)
                          ->  Seq Scan on info_type it  (cost=0.00..2.41 rows=1 width=4) (actual time=0.016..0.017 rows=1 loops=1)
                                Filter: ((info)::text = 'top 250 rank'::text)
                                Rows Removed by Filter: 112
                          ->  Bitmap Heap Scan on movie_info_idx mi_idx  (cost=6462.25..18709.86 rows=345009 width=8) (actual time=0.040..0.070 rows=250 loops=1)
                                Recheck Cond: (info_type_id = it.id)
                                Heap Blocks: exact=2
                                ->  Bitmap Index Scan on info_type_id_movie_info_idx  (cost=0.00..6375.99 rows=345009 width=0) (actual time=0.027..0.027 rows=250 loops=1)
                                      Index Cond: (info_type_id = it.id)
        ->  Index Scan using title_pkey on title t  (cost=0.43..0.58 rows=1 width=25) (actual time=0.004..0.004 rows=1 loops=142)
              Index Cond: (id = mi_idx.movie_id)
Planning time: 1.461 ms
Execution time: 323.398 ms
