Aggregate  (cost=163267.72..163267.73 rows=1 width=68) (actual time=742.431..742.431 rows=1 loops=1)
  ->  Hash Join  (cost=89549.53..162415.03 rows=113692 width=45) (actual time=742.407..742.412 rows=3 loops=1)
        Hash Cond: (mc.company_type_id = ct.id)
        ->  Nested Loop  (cost=89548.47..160047.74 rows=227385 width=49) (actual time=742.299..742.375 rows=66 loops=1)
              Join Filter: (t.id = mc.movie_id)
              ->  Hash Join  (cost=89548.04..108732.74 rows=79842 width=29) (actual time=742.266..742.272 rows=4 loops=1)
                    Hash Cond: (mi_idx.movie_id = t.id)
                    ->  Nested Loop  (cost=6462.25..22162.36 rows=276007 width=4) (actual time=0.044..0.051 rows=10 loops=1)
                          ->  Seq Scan on info_type it  (cost=0.00..2.41 rows=1 width=4) (actual time=0.025..0.025 rows=1 loops=1)
                                Filter: ((info)::text = 'bottom 10 rank'::text)
                                Rows Removed by Filter: 112
                          ->  Bitmap Heap Scan on movie_info_idx mi_idx  (cost=6462.25..18709.86 rows=345009 width=8) (actual time=0.016..0.020 rows=10 loops=1)
                                Recheck Cond: (info_type_id = it.id)
                                Heap Blocks: exact=1
                                ->  Bitmap Index Scan on info_type_id_movie_info_idx  (cost=0.00..6375.99 rows=345009 width=0) (actual time=0.011..0.011 rows=10 loops=1)
                                      Index Cond: (info_type_id = it.id)
                    ->  Hash  (cost=73925.59..73925.59 rows=732816 width=25) (actual time=739.397..739.397 rows=716259 loops=1)
                          Buckets: 1048576  Batches: 1  Memory Usage: 49244kB
                          ->  Seq Scan on title t  (cost=0.00..73925.59 rows=732816 width=25) (actual time=0.022..515.743 rows=716259 loops=1)
                                Filter: ((production_year >= 2005) AND (production_year <= 2010))
                                Rows Removed by Filter: 1812053
              ->  Index Scan using movie_id_movie_companies on movie_companies mc  (cost=0.43..0.61 rows=3 width=32) (actual time=0.012..0.021 rows=16 loops=4)
                    Index Cond: (movie_id = mi_idx.movie_id)
                    Filter: (note !~~ '%(as Metro-Goldwyn-Mayer Pictures)%'::text)
                    Rows Removed by Filter: 2
        ->  Hash  (cost=1.05..1.05 rows=1 width=4) (actual time=0.013..0.013 rows=1 loops=1)
              Buckets: 1024  Batches: 1  Memory Usage: 9kB
              ->  Seq Scan on company_type ct  (cost=0.00..1.05 rows=1 width=4) (actual time=0.008..0.009 rows=1 loops=1)
                    Filter: ((kind)::text = 'production companies'::text)
                    Rows Removed by Filter: 3
Planning time: 2.987 ms
Execution time: 742.745 ms
