Aggregate  (cost=80491.88..80491.89 rows=1 width=68) (actual time=299.758..299.759 rows=1 loops=1)
  ->  Nested Loop  (cost=25613.31..80485.50 rows=850 width=45) (actual time=182.707..299.745 rows=3 loops=1)
        Join Filter: (mc.movie_id = t.id)
        ->  Hash Join  (cost=25612.88..79120.64 rows=2302 width=32) (actual time=138.186..299.644 rows=23 loops=1)
              Hash Cond: (mc.movie_id = mi_idx.movie_id)
              ->  Nested Loop  (cost=0.43..53115.83 rows=9067 width=28) (actual time=0.129..296.301 rows=17811 loops=1)
                    ->  Seq Scan on company_type ct  (cost=0.00..1.05 rows=1 width=4) (actual time=0.005..0.007 rows=1 loops=1)
                          Filter: ((kind)::text = 'production companies'::text)
                          Rows Removed by Filter: 3
                    ->  Index Scan using company_type_id_movie_companies on movie_companies mc  (cost=0.43..53067.12 rows=4766 width=32) (actual time=0.122..293.718 rows=17811 loops=1)
                          Index Cond: (company_type_id = ct.id)
                          Filter: ((note !~~ '%(as Metro-Goldwyn-Mayer Pictures)%'::text) AND (note ~~ '%(co-production)%'::text))
                          Rows Removed by Filter: 1317072
              ->  Hash  (cost=22162.36..22162.36 rows=276007 width=4) (actual time=0.172..0.172 rows=250 loops=1)
                    Buckets: 524288  Batches: 1  Memory Usage: 4105kB
                    ->  Nested Loop  (cost=6462.25..22162.36 rows=276007 width=4) (actual time=0.051..0.126 rows=250 loops=1)
                          ->  Seq Scan on info_type it  (cost=0.00..2.41 rows=1 width=4) (actual time=0.015..0.016 rows=1 loops=1)
                                Filter: ((info)::text = 'top 250 rank'::text)
                                Rows Removed by Filter: 112
                          ->  Bitmap Heap Scan on movie_info_idx mi_idx  (cost=6462.25..18709.86 rows=345009 width=8) (actual time=0.034..0.063 rows=250 loops=1)
                                Recheck Cond: (info_type_id = it.id)
                                Heap Blocks: exact=2
                                ->  Bitmap Index Scan on info_type_id_movie_info_idx  (cost=0.00..6375.99 rows=345009 width=0) (actual time=0.019..0.019 rows=250 loops=1)
                                      Index Cond: (info_type_id = it.id)
        ->  Index Scan using title_pkey on title t  (cost=0.43..0.58 rows=1 width=25) (actual time=0.004..0.004 rows=0 loops=23)
              Index Cond: (id = mi_idx.movie_id)
              Filter: (production_year > 2010)
              Rows Removed by Filter: 1
Planning time: 1.411 ms
Execution time: 299.834 ms
