Aggregate  (cost=12383.04..12383.05 rows=1 width=32) (actual time=5311.770..5311.770 rows=1 loops=1)
  ->  Nested Loop  (cost=9.04..12383.04 rows=1 width=17) (actual time=532.765..5311.655 rows=33 loops=1)
        ->  Nested Loop  (cost=8.61..12382.59 rows=1 width=21) (actual time=532.736..5311.219 rows=33 loops=1)
              Join Filter: (cc.status_id = cct2.id)
              Rows Removed by Join Filter: 8
              ->  Nested Loop  (cost=8.61..12381.51 rows=1 width=25) (actual time=532.726..5311.070 rows=33 loops=1)
                    ->  Nested Loop  (cost=8.18..12340.55 rows=89 width=29) (actual time=66.630..2599.875 rows=532809 loops=1)
                          Join Filter: (t.id = ci.movie_id)
                          ->  Nested Loop  (cost=7.62..12328.63 rows=6 width=33) (actual time=66.603..518.081 rows=6016 loops=1)
                                Join Filter: (t.kind_id = kt.id)
                                Rows Removed by Join Filter: 1347
                                ->  Seq Scan on kind_type kt  (cost=0.00..1.09 rows=1 width=4) (actual time=0.009..0.012 rows=1 loops=1)
                                      Filter: ((kind)::text = 'movie'::text)
                                      Rows Removed by Filter: 6
                                ->  Nested Loop  (cost=7.62..12327.12 rows=34 width=37) (actual time=1.774..515.343 rows=7363 loops=1)
                                      ->  Nested Loop  (cost=7.19..12309.00 rows=37 width=12) (actual time=1.752..418.810 rows=8765 loops=1)
                                            Join Filter: (cc.subject_id = cct1.id)
                                            Rows Removed by Join Filter: 4045
                                            ->  Seq Scan on comp_cast_type cct1  (cost=0.00..1.05 rows=1 width=4) (actual time=0.003..0.005 rows=1 loops=1)
                                                  Filter: ((kind)::text = 'cast'::text)
                                                  Rows Removed by Filter: 3
                                            ->  Nested Loop  (cost=7.19..12307.01 rows=75 width=16) (actual time=1.748..415.054 rows=12810 loops=1)
                                                  ->  Nested Loop  (cost=6.77..12178.50 rows=270 width=4) (actual time=0.946..202.122 rows=35548 loops=1)
                                                        ->  Seq Scan on keyword k  (cost=0.00..3632.40 rows=8 width=4) (actual time=0.250..45.199 rows=8 loops=1)
                                                              Filter: (keyword = ANY ('{superhero,sequel,second-part,marvel-comics,based-on-comic,tv-special,fight,violence}'::text[]))
                                                              Rows Removed by Filter: 134162
                                                        ->  Bitmap Heap Scan on movie_keyword mk  (cost=6.77..1065.25 rows=301 width=8) (actual time=1.171..18.535 rows=4444 loops=8)
                                                              Recheck Cond: (keyword_id = k.id)
                                                              Heap Blocks: exact=23488
                                                              ->  Bitmap Index Scan on keyword_id_movie_keyword  (cost=0.00..6.69 rows=301 width=0) (actual time=0.658..0.658 rows=4444 loops=8)
                                                                    Index Cond: (keyword_id = k.id)
                                                  ->  Index Scan using movie_id_complete_cast on complete_cast cc  (cost=0.42..0.46 rows=2 width=12) (actual time=0.004..0.005 rows=0 loops=35548)
                                                        Index Cond: (movie_id = mk.movie_id)
                                      ->  Index Scan using title_pkey on title t  (cost=0.43..0.49 rows=1 width=25) (actual time=0.010..0.010 rows=1 loops=8765)
                                            Index Cond: (id = mk.movie_id)
                                            Filter: (production_year > 1950)
                                            Rows Removed by Filter: 0
                          ->  Index Scan using movie_id_cast_info on cast_info ci  (cost=0.56..1.52 rows=37 width=12) (actual time=0.013..0.314 rows=89 loops=6016)
                                Index Cond: (movie_id = mk.movie_id)
                    ->  Index Scan using char_name_pkey on char_name chn  (cost=0.43..0.46 rows=1 width=4) (actual time=0.005..0.005 rows=0 loops=532809)
                          Index Cond: (id = ci.person_role_id)
                          Filter: ((name !~~ '%Sherlock%'::text) AND ((name ~~ '%Tony%Stark%'::text) OR (name ~~ '%Iron%Man%'::text)))
                          Rows Removed by Filter: 0
              ->  Seq Scan on comp_cast_type cct2  (cost=0.00..1.05 rows=2 width=4) (actual time=0.002..0.002 rows=1 loops=33)
                    Filter: ((kind)::text ~~ '%complete%'::text)
                    Rows Removed by Filter: 2
        ->  Index Only Scan using name_pkey on name n  (cost=0.43..0.46 rows=1 width=4) (actual time=0.012..0.012 rows=1 loops=33)
              Index Cond: (id = ci.person_id)
              Heap Fetches: 33
Planning time: 12.171 ms
Execution time: 5311.912 ms
