Aggregate  (cost=12363.13..12363.14 rows=1 width=32) (actual time=2708.113..2708.113 rows=1 loops=1)
  ->  Nested Loop  (cost=9.04..12363.13 rows=1 width=17) (actual time=45.719..2708.039 rows=17 loops=1)
        ->  Nested Loop  (cost=8.61..12362.67 rows=1 width=21) (actual time=45.705..2707.621 rows=27 loops=1)
              Join Filter: (cc.status_id = cct2.id)
              Rows Removed by Join Filter: 13
              ->  Nested Loop  (cost=8.61..12361.59 rows=1 width=25) (actual time=45.693..2707.457 rows=27 loops=1)
                    ->  Nested Loop  (cost=8.18..12336.41 rows=55 width=29) (actual time=3.618..1221.821 rows=222518 loops=1)
                          Join Filter: (t.id = ci.movie_id)
                          ->  Nested Loop  (cost=7.62..12328.47 rows=4 width=33) (actual time=3.598..386.416 rows=1472 loops=1)
                                Join Filter: (t.kind_id = kt.id)
                                Rows Removed by Join Filter: 400
                                ->  Seq Scan on kind_type kt  (cost=0.00..1.09 rows=1 width=4) (actual time=0.005..0.008 rows=1 loops=1)
                                      Filter: ((kind)::text = 'movie'::text)
                                      Rows Removed by Filter: 6
                                ->  Nested Loop  (cost=7.62..12327.12 rows=21 width=37) (actual time=2.215..385.688 rows=1872 loops=1)
                                      ->  Nested Loop  (cost=7.19..12309.00 rows=37 width=12) (actual time=0.902..298.330 rows=8765 loops=1)
                                            Join Filter: (cc.subject_id = cct1.id)
                                            Rows Removed by Join Filter: 4045
                                            ->  Seq Scan on comp_cast_type cct1  (cost=0.00..1.05 rows=1 width=4) (actual time=0.002..0.005 rows=1 loops=1)
                                                  Filter: ((kind)::text = 'cast'::text)
                                                  Rows Removed by Filter: 3
                                            ->  Nested Loop  (cost=7.19..12307.01 rows=75 width=16) (actual time=0.899..295.272 rows=12810 loops=1)
                                                  ->  Nested Loop  (cost=6.77..12178.50 rows=270 width=4) (actual time=0.688..191.088 rows=35548 loops=1)
                                                        ->  Seq Scan on keyword k  (cost=0.00..3632.40 rows=8 width=4) (actual time=0.151..45.425 rows=8 loops=1)
                                                              Filter: (keyword = ANY ('{superhero,sequel,second-part,marvel-comics,based-on-comic,tv-special,fight,violence}'::text[]))
                                                              Rows Removed by Filter: 134162
                                                        ->  Bitmap Heap Scan on movie_keyword mk  (cost=6.77..1065.25 rows=301 width=8) (actual time=1.290..17.213 rows=4444 loops=8)
                                                              Recheck Cond: (keyword_id = k.id)
                                                              Heap Blocks: exact=23488
                                                              ->  Bitmap Index Scan on keyword_id_movie_keyword  (cost=0.00..6.69 rows=301 width=0) (actual time=0.784..0.784 rows=4444 loops=8)
                                                                    Index Cond: (keyword_id = k.id)
                                                  ->  Index Scan using movie_id_complete_cast on complete_cast cc  (cost=0.42..0.46 rows=2 width=12) (actual time=0.002..0.002 rows=0 loops=35548)
                                                        Index Cond: (movie_id = mk.movie_id)
                                      ->  Index Scan using title_pkey on title t  (cost=0.43..0.49 rows=1 width=25) (actual time=0.009..0.009 rows=0 loops=8765)
                                            Index Cond: (id = mk.movie_id)
                                            Filter: (production_year > 2000)
                                            Rows Removed by Filter: 1
                          ->  Index Scan using movie_id_cast_info on cast_info ci  (cost=0.56..1.52 rows=37 width=12) (actual time=0.015..0.515 rows=151 loops=1472)
                                Index Cond: (movie_id = mk.movie_id)
                    ->  Index Scan using name_pkey on name n  (cost=0.43..0.46 rows=1 width=4) (actual time=0.006..0.006 rows=0 loops=222518)
                          Index Cond: (id = ci.person_id)
                          Filter: (name ~~ '%Downey%Robert%'::text)
                          Rows Removed by Filter: 1
              ->  Seq Scan on comp_cast_type cct2  (cost=0.00..1.05 rows=2 width=4) (actual time=0.003..0.003 rows=1 loops=27)
                    Filter: ((kind)::text ~~ '%complete%'::text)
                    Rows Removed by Filter: 2
        ->  Index Scan using char_name_pkey on char_name chn  (cost=0.43..0.46 rows=1 width=4) (actual time=0.014..0.014 rows=1 loops=27)
              Index Cond: (id = ci.person_role_id)
              Filter: ((name !~~ '%Sherlock%'::text) AND ((name ~~ '%Tony%Stark%'::text) OR (name ~~ '%Iron%Man%'::text)))
              Rows Removed by Filter: 0
Planning time: 13.005 ms
Execution time: 2708.221 ms
