Aggregate  (cost=14773.66..14773.67 rows=1 width=64) (actual time=1902.131..1902.131 rows=1 loops=1)
  ->  Nested Loop  (cost=9.04..14773.65 rows=2 width=32) (actual time=4.888..1895.809 rows=5406 loops=1)
        ->  Nested Loop  (cost=8.61..14772.74 rows=2 width=21) (actual time=4.879..1835.771 rows=5406 loops=1)
              Join Filter: (cc.status_id = cct2.id)
              Rows Removed by Join Filter: 2065
              ->  Nested Loop  (cost=8.61..14771.62 rows=2 width=25) (actual time=4.872..1831.482 rows=5406 loops=1)
                    ->  Nested Loop  (cost=8.18..14740.04 rows=69 width=29) (actual time=3.605..1261.042 rows=189844 loops=1)
                          Join Filter: (t.id = ci.movie_id)
                          ->  Nested Loop  (cost=7.62..14732.09 rows=4 width=33) (actual time=3.584..610.852 rows=1267 loops=1)
                                Join Filter: (t.kind_id = kt.id)
                                Rows Removed by Join Filter: 328
                                ->  Seq Scan on kind_type kt  (cost=0.00..1.09 rows=1 width=4) (actual time=0.005..0.008 rows=1 loops=1)
                                      Filter: ((kind)::text = 'movie'::text)
                                      Rows Removed by Filter: 6
                                ->  Nested Loop  (cost=7.62..14730.68 rows=26 width=37) (actual time=2.205..610.216 rows=1595 loops=1)
                                      ->  Nested Loop  (cost=7.19..14707.66 rows=47 width=12) (actual time=0.921..546.388 rows=6396 loops=1)
                                            Join Filter: (cc.subject_id = cct1.id)
                                            Rows Removed by Join Filter: 2996
                                            ->  Seq Scan on comp_cast_type cct1  (cost=0.00..1.05 rows=1 width=4) (actual time=0.002..0.004 rows=1 loops=1)
                                                  Filter: ((kind)::text = 'cast'::text)
                                                  Rows Removed by Filter: 3
                                            ->  Nested Loop  (cost=7.19..14705.44 rows=94 width=16) (actual time=0.919..544.072 rows=9392 loops=1)
                                                  ->  Nested Loop  (cost=6.77..14545.03 rows=337 width=4) (actual time=0.711..471.215 rows=24091 loops=1)
                                                        ->  Seq Scan on keyword k  (cost=0.00..3967.82 rows=10 width=4) (actual time=0.175..50.409 rows=10 loops=1)
                                                              Filter: (keyword = ANY ('{superhero,marvel-comics,based-on-comic,tv-special,fight,violence,magnet,web,claw,laser}'::text[]))
                                                              Rows Removed by Filter: 134160
                                                        ->  Bitmap Heap Scan on movie_keyword mk  (cost=6.77..1054.71 rows=301 width=8) (actual time=9.502..41.506 rows=2409 loops=10)
                                                              Recheck Cond: (keyword_id = k.id)
                                                              Heap Blocks: exact=17127
                                                              ->  Bitmap Index Scan on keyword_id_movie_keyword  (cost=0.00..6.69 rows=301 width=0) (actual time=8.365..8.365 rows=2409 loops=10)
                                                                    Index Cond: (keyword_id = k.id)
                                                  ->  Index Scan using movie_id_complete_cast on complete_cast cc  (cost=0.42..0.46 rows=2 width=12) (actual time=0.002..0.003 rows=0 loops=24091)
                                                        Index Cond: (movie_id = mk.movie_id)
                                      ->  Index Scan using title_pkey on title t  (cost=0.43..0.49 rows=1 width=25) (actual time=0.009..0.009 rows=0 loops=6396)
                                            Index Cond: (id = mk.movie_id)
                                            Filter: (production_year > 2000)
                                            Rows Removed by Filter: 1
                          ->  Index Scan using movie_id_cast_info on cast_info ci  (cost=0.56..1.52 rows=37 width=12) (actual time=0.014..0.462 rows=150 loops=1267)
                                Index Cond: (movie_id = mk.movie_id)
                    ->  Index Scan using char_name_pkey on char_name chn  (cost=0.43..0.46 rows=1 width=4) (actual time=0.003..0.003 rows=0 loops=189844)
                          Index Cond: (id = ci.person_role_id)
                          Filter: ((name IS NOT NULL) AND ((name ~~ '%man%'::text) OR (name ~~ '%Man%'::text)))
                          Rows Removed by Filter: 0
              ->  Materialize  (cost=0.00..1.06 rows=2 width=4) (actual time=0.000..0.000 rows=1 loops=5406)
                    ->  Seq Scan on comp_cast_type cct2  (cost=0.00..1.05 rows=2 width=4) (actual time=0.004..0.004 rows=2 loops=1)
                          Filter: ((kind)::text ~~ '%complete%'::text)
                          Rows Removed by Filter: 2
        ->  Index Scan using name_pkey on name n  (cost=0.43..0.46 rows=1 width=19) (actual time=0.010..0.010 rows=1 loops=5406)
              Index Cond: (id = ci.person_id)
Planning time: 11.925 ms
Execution time: 1902.233 ms
