Aggregate  (cost=3760.11..3760.12 rows=1 width=96) (actual time=78.702..78.702 rows=1 loops=1)
  ->  Nested Loop  (cost=8.77..3760.11 rows=1 width=48) (actual time=3.517..76.856 rows=1874 loops=1)
        Join Filter: (ml.movie_id = t.id)
        ->  Nested Loop  (cost=8.34..3759.60 rows=1 width=47) (actual time=3.509..71.173 rows=1874 loops=1)
              Join Filter: (ml.link_type_id = lt.id)
              Rows Removed by Join Filter: 1429
              ->  Nested Loop  (cost=8.34..3758.35 rows=1 width=39) (actual time=3.507..67.671 rows=1894 loops=1)
                    Join Filter: (mc.company_type_id = ct.id)
                    Rows Removed by Join Filter: 106
                    ->  Nested Loop  (cost=8.34..3757.29 rows=1 width=43) (actual time=3.503..64.363 rows=2000 loops=1)
                          ->  Nested Loop  (cost=7.92..3756.83 rows=1 width=28) (actual time=2.867..50.016 rows=4770 loops=1)
                                Join Filter: (ml.movie_id = mc.movie_id)
                                ->  Nested Loop  (cost=7.49..3756.25 rows=1 width=16) (actual time=2.839..44.050 rows=805 loops=1)
                                      Join Filter: (ml.movie_id = mi.movie_id)
                                      ->  Nested Loop  (cost=7.05..3754.44 rows=1 width=12) (actual time=2.813..39.047 rows=251 loops=1)
                                            ->  Nested Loop  (cost=6.77..3739.98 rows=34 width=4) (actual time=2.805..25.219 rows=10544 loops=1)
                                                  ->  Seq Scan on keyword k  (cost=0.00..2626.12 rows=1 width=4) (actual time=0.759..13.795 rows=1 loops=1)
                                                        Filter: (keyword = 'sequel'::text)
                                                        Rows Removed by Filter: 134169
                                                  ->  Bitmap Heap Scan on movie_keyword mk  (cost=6.77..1110.84 rows=301 width=8) (actual time=2.043..9.493 rows=10544 loops=1)
                                                        Recheck Cond: (keyword_id = k.id)
                                                        Heap Blocks: exact=5570
                                                        ->  Bitmap Index Scan on keyword_id_movie_keyword  (cost=0.00..6.69 rows=301 width=0) (actual time=1.087..1.087 rows=10544 loops=1)
                                                              Index Cond: (keyword_id = k.id)
                                            ->  Index Scan using movie_id_movie_link on movie_link ml  (cost=0.29..0.38 rows=5 width=8) (actual time=0.001..0.001 rows=0 loops=10544)
                                                  Index Cond: (movie_id = mk.movie_id)
                                      ->  Index Scan using movie_id_movie_info on movie_info mi  (cost=0.43..1.79 rows=2 width=4) (actual time=0.016..0.019 rows=3 loops=251)
                                            Index Cond: (movie_id = mk.movie_id)
                                            Filter: (info = ANY ('{Sweden,Norway,Germany,Denmark,Swedish,Denish,Norwegian,German,English}'::text[]))
                                            Rows Removed by Filter: 21
                                ->  Index Scan using movie_id_movie_companies on movie_companies mc  (cost=0.43..0.54 rows=3 width=12) (actual time=0.003..0.005 rows=6 loops=805)
                                      Index Cond: (movie_id = mk.movie_id)
                                      Filter: (note IS NULL)
                                      Rows Removed by Filter: 2
                          ->  Index Scan using company_name_pkey on company_name cn  (cost=0.42..0.46 rows=1 width=23) (actual time=0.003..0.003 rows=0 loops=4770)
                                Index Cond: (id = mc.company_id)
                                Filter: (((country_code)::text <> '[pl]'::text) AND ((name ~~ '%Film%'::text) OR (name ~~ '%Warner%'::text)))
                                Rows Removed by Filter: 1
                    ->  Seq Scan on company_type ct  (cost=0.00..1.05 rows=1 width=4) (actual time=0.001..0.001 rows=1 loops=2000)
                          Filter: ((kind)::text = 'production companies'::text)
                          Rows Removed by Filter: 1
              ->  Seq Scan on link_type lt  (cost=0.00..1.23 rows=2 width=16) (actual time=0.001..0.001 rows=2 loops=1894)
                    Filter: ((link)::text ~~ '%follow%'::text)
                    Rows Removed by Filter: 0
        ->  Index Scan using title_pkey on title t  (cost=0.43..0.49 rows=1 width=21) (actual time=0.002..0.002 rows=1 loops=1874)
              Index Cond: (id = mk.movie_id)
              Filter: ((production_year >= 1950) AND (production_year <= 2010))
Planning time: 11.445 ms
Execution time: 78.785 ms
