Aggregate  (cost=71098.31..71098.32 rows=1 width=64) (actual time=575.631..575.631 rows=1 loops=1)
  ->  Nested Loop  (cost=55427.85..71098.31 rows=1 width=27) (actual time=502.979..575.083 rows=618 loops=1)
        ->  Nested Loop  (cost=55427.43..71097.87 rows=1 width=31) (actual time=502.961..572.338 rows=618 loops=1)
              ->  Nested Loop  (cost=55427.30..71097.71 rows=1 width=35) (actual time=502.951..571.340 rows=618 loops=1)
                    ->  Nested Loop  (cost=55426.88..71097.27 rows=1 width=39) (actual time=502.939..569.716 rows=618 loops=1)
                          Join Filter: (t.id = mc.movie_id)
                          ->  Nested Loop  (cost=55426.45..71096.67 rows=1 width=47) (actual time=502.916..567.730 rows=615 loops=1)
                                ->  Nested Loop  (cost=55426.02..71094.86 rows=1 width=39) (actual time=482.578..546.990 rows=5 loops=1)
                                      ->  Nested Loop  (cost=55425.87..71094.15 rows=4 width=43) (actual time=482.565..546.957 rows=5 loops=1)
                                            ->  Hash Join  (cost=55425.44..58270.11 rows=6273 width=35) (actual time=359.454..413.217 rows=1033 loops=1)
                                                  Hash Cond: (cc.status_id = cct1.id)
                                                  ->  Hash Join  (cost=55424.38..58138.50 rows=12545 width=39) (actual time=359.433..412.146 rows=6234 loops=1)
                                                        Hash Cond: (cc.movie_id = t.id)
                                                        ->  Seq Scan on complete_cast cc  (cost=0.00..2081.86 rows=135086 width=8) (actual time=0.012..15.258 rows=135086 loops=1)
                                                        ->  Hash  (cost=52483.63..52483.63 rows=235260 width=31) (actual time=359.008..359.008 rows=274015 loops=1)
                                                              Buckets: 524288 (originally 262144)  Batches: 1 (originally 1)  Memory Usage: 20317kB
                                                              ->  Nested Loop  (cost=7843.07..52483.63 rows=235260 width=31) (actual time=45.025..270.749 rows=274015 loops=1)
                                                                    ->  Seq Scan on kind_type kt  (cost=0.00..1.09 rows=1 width=14) (actual time=0.004..0.008 rows=1 loops=1)
                                                                          Filter: ((kind)::text = 'movie'::text)
                                                                          Rows Removed by Filter: 6
                                                                    ->  Bitmap Heap Scan on title t  (cost=7843.07..50162.34 rows=232020 width=25) (actual time=45.017..227.664 rows=274015 loops=1)
                                                                          Recheck Cond: (kind_id = kt.id)
                                                                          Filter: (production_year > 2000)
                                                                          Rows Removed by Filter: 388810
                                                                          Heap Blocks: exact=12863
                                                                          ->  Bitmap Index Scan on kind_id_title  (cost=0.00..7785.07 rows=421418 width=0) (actual time=42.639..42.639 rows=662825 loops=1)
                                                                                Index Cond: (kind_id = kt.id)
                                                  ->  Hash  (cost=1.05..1.05 rows=1 width=4) (actual time=0.009..0.009 rows=1 loops=1)
                                                        Buckets: 1024  Batches: 1  Memory Usage: 9kB
                                                        ->  Seq Scan on comp_cast_type cct1  (cost=0.00..1.05 rows=1 width=4) (actual time=0.006..0.007 rows=1 loops=1)
                                                              Filter: ((kind)::text = 'complete+verified'::text)
                                                              Rows Removed by Filter: 3
                                            ->  Index Scan using movie_id_movie_info on movie_info mi  (cost=0.43..2.03 rows=1 width=8) (actual time=0.129..0.129 rows=0 loops=1033)
                                                  Index Cond: (movie_id = t.id)
                                                  Filter: ((info IS NOT NULL) AND (note ~~ '%internet%'::text) AND ((info ~~ 'USA:% 199%'::text) OR (info ~~ 'USA:% 200%'::text)))
                                                  Rows Removed by Filter: 211
                                      ->  Index Scan using info_type_pkey on info_type it1  (cost=0.14..0.17 rows=1 width=4) (actual time=0.005..0.005 rows=1 loops=5)
                                            Index Cond: (id = mi.info_type_id)
                                            Filter: ((info)::text = 'release dates'::text)
                                ->  Index Scan using movie_id_movie_keyword on movie_keyword mk  (cost=0.43..1.34 rows=46 width=8) (actual time=4.073..4.112 rows=123 loops=5)
                                      Index Cond: (movie_id = t.id)
                          ->  Index Scan using movie_id_movie_companies on movie_companies mc  (cost=0.43..0.54 rows=5 width=12) (actual time=0.002..0.002 rows=1 loops=615)
                                Index Cond: (movie_id = mk.movie_id)
                    ->  Index Scan using company_name_pkey on company_name cn  (cost=0.42..0.45 rows=1 width=4) (actual time=0.002..0.002 rows=1 loops=618)
                          Index Cond: (id = mc.company_id)
                          Filter: ((country_code)::text = '[us]'::text)
              ->  Index Only Scan using company_type_pkey on company_type ct  (cost=0.13..0.15 rows=1 width=4) (actual time=0.001..0.001 rows=1 loops=618)
                    Index Cond: (id = mc.company_type_id)
                    Heap Fetches: 618
        ->  Index Only Scan using keyword_pkey on keyword k  (cost=0.42..0.44 rows=1 width=4) (actual time=0.004..0.004 rows=1 loops=618)
              Index Cond: (id = mk.keyword_id)
              Heap Fetches: 618
Planning time: 28.945 ms
Execution time: 575.806 ms
