Aggregate  (cost=149331.89..149331.90 rows=1 width=64) (actual time=1165.376..1165.376 rows=1 loops=1)
  ->  Nested Loop  (cost=4336.37..149331.88 rows=2 width=27) (actual time=681.715..1164.997 rows=628 loops=1)
        ->  Nested Loop  (cost=4335.95..149331.00 rows=2 width=31) (actual time=681.704..1163.054 rows=628 loops=1)
              ->  Nested Loop  (cost=4335.51..149329.22 rows=1 width=43) (actual time=681.679..1162.669 rows=7 loops=1)
                    ->  Nested Loop  (cost=4335.38..149329.06 rows=1 width=47) (actual time=681.671..1162.636 rows=7 loops=1)
                          ->  Nested Loop  (cost=4334.96..149328.62 rows=1 width=51) (actual time=681.660..1162.585 rows=7 loops=1)
                                ->  Nested Loop  (cost=4334.53..149327.99 rows=1 width=39) (actual time=681.637..1162.525 rows=6 loops=1)
                                      Join Filter: (mi.info_type_id = it1.id)
                                      ->  Seq Scan on info_type it1  (cost=0.00..2.41 rows=1 width=4) (actual time=0.010..0.021 rows=1 loops=1)
                                            Filter: ((info)::text = 'release dates'::text)
                                            Rows Removed by Filter: 112
                                      ->  Nested Loop  (cost=4334.53..149325.33 rows=20 width=43) (actual time=681.624..1162.498 rows=6 loops=1)
                                            ->  Hash Join  (cost=4334.10..88495.21 rows=31578 width=35) (actual time=455.173..779.984 rows=5053 loops=1)
                                                  Hash Cond: (t.kind_id = kt.id)
                                                  ->  Hash Join  (cost=4332.94..87956.11 rows=47367 width=29) (actual time=38.919..777.270 rows=6424 loops=1)
                                                        Hash Cond: (t.id = cc.movie_id)
                                                        ->  Seq Scan on title t  (cost=0.00..67604.32 rows=1776490 width=25) (actual time=0.016..510.921 rows=1749032 loops=1)
                                                              Filter: (production_year > 1990)
                                                              Rows Removed by Filter: 779280
                                                        ->  Hash  (cost=3488.66..3488.66 rows=67543 width=4) (actual time=38.607..38.607 rows=24592 loops=1)
                                                              Buckets: 131072  Batches: 1  Memory Usage: 1889kB
                                                              ->  Hash Join  (cost=1.06..3488.66 rows=67543 width=4) (actual time=0.017..34.139 rows=24592 loops=1)
                                                                    Hash Cond: (cc.status_id = cct1.id)
                                                                    ->  Seq Scan on complete_cast cc  (cost=0.00..2081.86 rows=135086 width=8) (actual time=0.007..13.726 rows=135086 loops=1)
                                                                    ->  Hash  (cost=1.05..1.05 rows=1 width=4) (actual time=0.004..0.004 rows=1 loops=1)
                                                                          Buckets: 1024  Batches: 1  Memory Usage: 9kB
                                                                          ->  Seq Scan on comp_cast_type cct1  (cost=0.00..1.05 rows=1 width=4) (actual time=0.003..0.003 rows=1 loops=1)
                                                                                Filter: ((kind)::text = 'complete+verified'::text)
                                                                                Rows Removed by Filter: 3
                                                  ->  Hash  (cost=1.10..1.10 rows=4 width=14) (actual time=0.008..0.008 rows=4 loops=1)
                                                        Buckets: 1024  Batches: 1  Memory Usage: 9kB
                                                        ->  Seq Scan on kind_type kt  (cost=0.00..1.10 rows=4 width=14) (actual time=0.003..0.005 rows=4 loops=1)
                                                              Filter: ((kind)::text = ANY ('{movie,"tv movie","video movie","video game"}'::text[]))
                                                              Rows Removed by Filter: 3
                                            ->  Index Scan using movie_id_movie_info on movie_info mi  (cost=0.43..1.92 rows=1 width=8) (actual time=0.075..0.075 rows=0 loops=5053)
                                                  Index Cond: (movie_id = t.id)
                                                  Filter: ((info IS NOT NULL) AND (note ~~ '%internet%'::text) AND ((info ~~ 'USA:% 199%'::text) OR (info ~~ 'USA:% 200%'::text)))
                                                  Rows Removed by Filter: 123
                                ->  Index Scan using movie_id_movie_companies on movie_companies mc  (cost=0.43..0.58 rows=5 width=12) (actual time=0.007..0.008 rows=1 loops=6)
                                      Index Cond: (movie_id = t.id)
                          ->  Index Scan using company_name_pkey on company_name cn  (cost=0.42..0.45 rows=1 width=4) (actual time=0.006..0.006 rows=1 loops=7)
                                Index Cond: (id = mc.company_id)
                                Filter: ((country_code)::text = '[us]'::text)
                    ->  Index Only Scan using company_type_pkey on company_type ct  (cost=0.13..0.15 rows=1 width=4) (actual time=0.003..0.003 rows=1 loops=7)
                          Index Cond: (id = mc.company_type_id)
                          Heap Fetches: 7
              ->  Index Scan using movie_id_movie_keyword on movie_keyword mk  (cost=0.43..1.32 rows=46 width=8) (actual time=0.010..0.037 rows=90 loops=7)
                    Index Cond: (movie_id = t.id)
        ->  Index Only Scan using keyword_pkey on keyword k  (cost=0.42..0.44 rows=1 width=4) (actual time=0.003..0.003 rows=1 loops=628)
              Index Cond: (id = mk.keyword_id)
              Heap Fetches: 628
Planning time: 28.774 ms
Execution time: 1165.489 ms
