Aggregate  (cost=6974.59..6974.60 rows=1 width=96) (actual time=43.387..43.387 rows=1 loops=1)
  ->  Nested Loop  (cost=4.00..6974.58 rows=1 width=48) (actual time=10.914..43.332 rows=45 loops=1)
        ->  Nested Loop  (cost=3.57..6972.84 rows=1 width=36) (actual time=10.904..43.202 rows=45 loops=1)
              ->  Nested Loop  (cost=3.14..6971.00 rows=1 width=29) (actual time=10.893..42.821 rows=110 loops=1)
                    Join Filter: (mi.info_type_id = it.id)
                    ->  Nested Loop  (cost=3.14..6968.57 rows=1 width=33) (actual time=10.883..42.287 rows=110 loops=1)
                          Join Filter: (t.id = mi.movie_id)
                          ->  Nested Loop  (cost=2.70..6936.63 rows=1 width=45) (actual time=10.856..39.671 rows=58 loops=1)
                                ->  Nested Loop  (cost=2.28..6934.53 rows=1 width=41) (actual time=10.829..39.514 rows=30 loops=1)
                                      Join Filter: (rt.id = ci.role_id)
                                      Rows Removed by Join Filter: 78
                                      ->  Seq Scan on role_type rt  (cost=0.00..1.15 rows=1 width=4) (actual time=0.014..0.017 rows=1 loops=1)
                                            Filter: ((role)::text = 'actress'::text)
                                            Rows Removed by Filter: 11
                                      ->  Nested Loop  (cost=2.28..6933.37 rows=1 width=45) (actual time=10.775..39.481 rows=108 loops=1)
                                            Join Filter: (t.id = ci.movie_id)
                                            ->  Nested Loop  (cost=1.71..6893.55 rows=1 width=29) (actual time=10.440..38.977 rows=6 loops=1)
                                                  ->  Nested Loop  (cost=1.29..6891.66 rows=1 width=33) (actual time=10.404..38.644 rows=83 loops=1)
                                                        Join Filter: (t.id = mk.movie_id)
                                                        ->  Nested Loop  (cost=0.86..6888.63 rows=1 width=25) (actual time=10.395..38.574 rows=4 loops=1)
                                                              ->  Nested Loop  (cost=0.43..6872.27 rows=10 width=4) (actual time=10.293..38.115 rows=99 loops=1)
                                                                    ->  Seq Scan on company_name cn  (cost=0.00..6519.95 rows=1 width=4) (actual time=10.274..37.986 rows=1 loops=1)
                                                                          Filter: (((country_code)::text = '[us]'::text) AND (name = 'DreamWorks Animation'::text))
                                                                          Rows Removed by Filter: 234996
                                                                    ->  Index Scan using company_id_movie_companies on movie_companies mc  (cost=0.43..351.00 rows=132 width=8) (actual time=0.017..0.106 rows=99 loops=1)
                                                                          Index Cond: (company_id = cn.id)
                                                              ->  Index Scan using title_pkey on title t  (cost=0.43..1.62 rows=1 width=21) (actual time=0.004..0.004 rows=0 loops=99)
                                                                    Index Cond: (id = mc.movie_id)
                                                                    Filter: ((production_year > 2010) AND (title ~~ 'Kung Fu Panda%'::text))
                                                                    Rows Removed by Filter: 1
                                                        ->  Index Scan using movie_id_movie_keyword on movie_keyword mk  (cost=0.43..2.46 rows=46 width=8) (actual time=0.005..0.011 rows=21 loops=4)
                                                              Index Cond: (movie_id = mc.movie_id)
                                                  ->  Index Scan using keyword_pkey on keyword k  (cost=0.42..1.47 rows=1 width=4) (actual time=0.004..0.004 rows=0 loops=83)
                                                        Index Cond: (id = mk.keyword_id)
                                                        Filter: (keyword = ANY ('{hero,martial-arts,hand-to-hand-combat,computer-animated-movie}'::text[]))
                                                        Rows Removed by Filter: 1
                                            ->  Index Scan using movie_id_cast_info on cast_info ci  (cost=0.56..39.80 rows=1 width=16) (actual time=0.011..0.079 rows=18 loops=6)
                                                  Index Cond: (movie_id = mk.movie_id)
                                                  Filter: (note = ANY ('{(voice),"(voice: Japanese version)","(voice) (uncredited)","(voice: English version)"}'::text[]))
                                                  Rows Removed by Filter: 56
                                ->  Index Only Scan using person_id_aka_name on aka_name an  (cost=0.42..2.08 rows=2 width=4) (actual time=0.003..0.004 rows=2 loops=30)
                                      Index Cond: (person_id = ci.person_id)
                                      Heap Fetches: 58
                          ->  Index Scan using movie_id_movie_info on movie_info mi  (cost=0.43..31.93 rows=1 width=8) (actual time=0.008..0.044 rows=2 loops=58)
                                Index Cond: (movie_id = mk.movie_id)
                                Filter: ((info IS NOT NULL) AND ((info ~~ 'Japan:%201%'::text) OR (info ~~ 'USA:%201%'::text)))
                                Rows Removed by Filter: 116
                    ->  Seq Scan on info_type it  (cost=0.00..2.41 rows=1 width=4) (actual time=0.004..0.004 rows=1 loops=110)
                          Filter: ((info)::text = 'release dates'::text)
                          Rows Removed by Filter: 15
              ->  Index Scan using name_pkey on name n  (cost=0.43..1.85 rows=1 width=19) (actual time=0.003..0.003 rows=0 loops=110)
                    Index Cond: (id = ci.person_id)
                    Filter: ((name ~~ '%An%'::text) AND ((gender)::text = 'f'::text))
                    Rows Removed by Filter: 1
        ->  Index Scan using char_name_pkey on char_name chn  (cost=0.43..1.74 rows=1 width=20) (actual time=0.002..0.002 rows=1 loops=45)
              Index Cond: (id = ci.person_role_id)
Planning time: 73.537 ms
Execution time: 43.549 ms
