Aggregate  (cost=8771.26..8771.27 rows=1 width=128) (actual time=499.154..499.154 rows=1 loops=1)
  ->  Nested Loop  (cost=9.05..8771.25 rows=1 width=82) (actual time=123.474..499.120 rows=6 loops=1)
        ->  Nested Loop  (cost=8.62..8770.18 rows=1 width=71) (actual time=123.452..499.051 rows=6 loops=1)
              Join Filter: (mi_idx.info_type_id = it2.id)
              Rows Removed by Join Filter: 12
              ->  Nested Loop  (cost=8.62..8767.75 rows=1 width=75) (actual time=123.423..498.825 rows=18 loops=1)
                    Join Filter: (t.id = mi_idx.movie_id)
                    ->  Nested Loop  (cost=8.20..8766.94 rows=1 width=81) (actual time=123.412..498.771 rows=6 loops=1)
                          Join Filter: (mi.info_type_id = it1.id)
                          ->  Nested Loop  (cost=8.20..8764.52 rows=1 width=85) (actual time=123.401..498.727 rows=6 loops=1)
                                Join Filter: (t.id = mi.movie_id)
                                ->  Nested Loop  (cost=7.76..8747.07 rows=1 width=33) (actual time=123.368..498.573 rows=6 loops=1)
                                      Join Filter: (t.id = ci.movie_id)
                                      ->  Nested Loop  (cost=7.20..8718.15 rows=1 width=25) (actual time=123.263..497.946 rows=9 loops=1)
                                            ->  Nested Loop  (cost=6.77..8575.87 rows=169 width=4) (actual time=4.113..204.888 rows=62096 loops=1)
                                                  ->  Seq Scan on keyword k  (cost=0.00..3129.26 rows=5 width=4) (actual time=0.899..33.059 rows=5 loops=1)
                                                        Filter: (keyword = ANY ('{murder,blood,gore,death,female-nudity}'::text[]))
                                                        Rows Removed by Filter: 134165
                                                  ->  Bitmap Heap Scan on movie_keyword mk  (cost=6.77..1086.31 rows=301 width=8) (actual time=3.162..31.762 rows=12419 loops=5)
                                                        Recheck Cond: (keyword_id = k.id)
                                                        Heap Blocks: exact=41331
                                                        ->  Bitmap Index Scan on keyword_id_movie_keyword  (cost=0.00..6.69 rows=301 width=0) (actual time=1.672..1.672 rows=12419 loops=5)
                                                              Index Cond: (keyword_id = k.id)
                                            ->  Index Scan using title_pkey on title t  (cost=0.43..0.84 rows=1 width=21) (actual time=0.004..0.004 rows=0 loops=62096)
                                                  Index Cond: (id = mk.movie_id)
                                                  Filter: ((production_year > 2010) AND (title ~~ 'Vampire%'::text))
                                                  Rows Removed by Filter: 1
                                      ->  Index Scan using movie_id_cast_info on cast_info ci  (cost=0.56..28.91 rows=1 width=8) (actual time=0.059..0.068 rows=1 loops=9)
                                            Index Cond: (movie_id = mk.movie_id)
                                            Filter: (note = ANY ('{(writer),"(head writer)","(written by)",(story),"(story editor)"}'::text[]))
                                            Rows Removed by Filter: 21
                                ->  Index Scan using movie_id_movie_info on movie_info mi  (cost=0.43..17.43 rows=1 width=52) (actual time=0.023..0.024 rows=1 loops=6)
                                      Index Cond: (movie_id = mk.movie_id)
                                      Filter: (info = 'Horror'::text)
                                      Rows Removed by Filter: 20
                          ->  Seq Scan on info_type it1  (cost=0.00..2.41 rows=1 width=4) (actual time=0.005..0.005 rows=1 loops=6)
                                Filter: ((info)::text = 'genres'::text)
                                Rows Removed by Filter: 2
                    ->  Index Scan using movie_id_movie_info_idx on movie_info_idx mi_idx  (cost=0.43..0.77 rows=3 width=14) (actual time=0.005..0.006 rows=3 loops=6)
                          Index Cond: (movie_id = mk.movie_id)
              ->  Seq Scan on info_type it2  (cost=0.00..2.41 rows=1 width=4) (actual time=0.011..0.012 rows=1 loops=18)
                    Filter: ((info)::text = 'votes'::text)
                    Rows Removed by Filter: 108
        ->  Index Scan using name_pkey on name n  (cost=0.43..1.07 rows=1 width=19) (actual time=0.010..0.010 rows=1 loops=6)
              Index Cond: (id = ci.person_id)
              Filter: ((gender)::text = 'm'::text)
Planning time: 11.084 ms
Execution time: 499.256 ms
