Aggregate  (cost=7412.12..7412.13 rows=1 width=96) (actual time=103.794..103.794 rows=1 loops=1)
  ->  Nested Loop  (cost=9.47..7412.11 rows=1 width=39) (actual time=10.677..103.695 rows=93 loops=1)
        ->  Nested Loop  (cost=9.04..7411.65 rows=1 width=27) (actual time=10.629..99.586 rows=2300 loops=1)
              ->  Nested Loop  (cost=8.61..7411.20 rows=1 width=31) (actual time=10.621..90.771 rows=2300 loops=1)
                    Join Filter: (t.id = ci.movie_id)
                    ->  Nested Loop  (cost=8.04..7409.21 rows=1 width=39) (actual time=10.612..87.909 rows=6 loops=1)
                          Join Filter: (cct1.id = cc.subject_id)
                          Rows Removed by Join Filter: 4
                          ->  Seq Scan on comp_cast_type cct1  (cost=0.00..1.05 rows=1 width=4) (actual time=0.005..0.006 rows=1 loops=1)
                                Filter: ((kind)::text = 'cast'::text)
                                Rows Removed by Filter: 3
                          ->  Nested Loop  (cost=8.04..7408.15 rows=1 width=43) (actual time=10.606..87.898 rows=10 loops=1)
                                Join Filter: (cct2.id = cc.status_id)
                                Rows Removed by Join Filter: 2
                                ->  Nested Loop  (cost=8.04..7407.07 rows=1 width=47) (actual time=10.601..87.858 rows=10 loops=1)
                                      ->  Nested Loop  (cost=7.62..7406.60 rows=1 width=35) (actual time=10.447..87.726 rows=31 loops=1)
                                            Join Filter: (kt.id = t.kind_id)
                                            Rows Removed by Join Filter: 167
                                            ->  Seq Scan on kind_type kt  (cost=0.00..1.09 rows=1 width=4) (actual time=0.002..0.003 rows=1 loops=1)
                                                  Filter: ((kind)::text = 'movie'::text)
                                                  Rows Removed by Filter: 6
                                            ->  Nested Loop  (cost=7.62..7405.50 rows=1 width=39) (actual time=0.715..87.687 rows=198 loops=1)
                                                  ->  Nested Loop  (cost=7.19..7404.03 rows=3 width=14) (actual time=0.707..86.206 rows=313 loops=1)
                                                        Join Filter: (it2.id = mi_idx.info_type_id)
                                                        Rows Removed by Join Filter: 599
                                                        ->  Seq Scan on info_type it2  (cost=0.00..2.41 rows=1 width=4) (actual time=0.013..0.015 rows=1 loops=1)
                                                              Filter: ((info)::text = 'rating'::text)
                                                              Rows Removed by Filter: 112
                                                        ->  Nested Loop  (cost=7.19..7401.43 rows=15 width=18) (actual time=0.648..86.030 rows=912 loops=1)
                                                              ->  Nested Loop  (cost=6.77..7332.86 rows=135 width=4) (actual time=0.601..44.739 rows=9984 loops=1)
                                                                    ->  Seq Scan on keyword k  (cost=0.00..2961.55 rows=4 width=4) (actual time=0.099..28.832 rows=4 loops=1)
                                                                          Filter: (keyword = ANY ('{superhero,marvel-comics,based-on-comic,fight}'::text[]))
                                                                          Rows Removed by Filter: 134166
                                                                    ->  Bitmap Heap Scan on movie_keyword mk  (cost=6.77..1089.82 rows=301 width=8) (actual time=0.643..3.488 rows=2496 loops=4)
                                                                          Recheck Cond: (keyword_id = k.id)
                                                                          Heap Blocks: exact=7686
                                                                          ->  Bitmap Index Scan on keyword_id_movie_keyword  (cost=0.00..6.69 rows=301 width=0) (actual time=0.334..0.334 rows=2496 loops=4)
                                                                                Index Cond: (keyword_id = k.id)
                                                              ->  Index Scan using movie_id_movie_info_idx on movie_info_idx mi_idx  (cost=0.43..0.50 rows=1 width=14) (actual time=0.004..0.004 rows=0 loops=9984)
                                                                    Index Cond: (movie_id = mk.movie_id)
                                                                    Filter: (info > '8.0'::text)
                                                                    Rows Removed by Filter: 2
                                                  ->  Index Scan using title_pkey on title t  (cost=0.43..0.49 rows=1 width=25) (actual time=0.004..0.004 rows=1 loops=313)
                                                        Index Cond: (id = mk.movie_id)
                                                        Filter: (production_year > 2005)
                                                        Rows Removed by Filter: 0
                                      ->  Index Scan using movie_id_complete_cast on complete_cast cc  (cost=0.42..0.46 rows=2 width=12) (actual time=0.003..0.004 rows=0 loops=31)
                                            Index Cond: (movie_id = t.id)
                                ->  Seq Scan on comp_cast_type cct2  (cost=0.00..1.05 rows=2 width=4) (actual time=0.002..0.002 rows=1 loops=10)
                                      Filter: ((kind)::text ~~ '%complete%'::text)
                                      Rows Removed by Filter: 2
                    ->  Index Scan using movie_id_cast_info on cast_info ci  (cost=0.56..1.52 rows=37 width=12) (actual time=0.007..0.354 rows=383 loops=6)
                          Index Cond: (movie_id = mk.movie_id)
              ->  Index Only Scan using name_pkey on name n  (cost=0.43..0.46 rows=1 width=4) (actual time=0.003..0.003 rows=1 loops=2300)
                    Index Cond: (id = ci.person_id)
                    Heap Fetches: 2300
        ->  Index Scan using char_name_pkey on char_name chn  (cost=0.43..0.46 rows=1 width=20) (actual time=0.001..0.001 rows=0 loops=2300)
              Index Cond: (id = ci.person_role_id)
              Filter: ((name IS NOT NULL) AND ((name ~~ '%man%'::text) OR (name ~~ '%Man%'::text)))
              Rows Removed by Filter: 0
Planning time: 68.351 ms
Execution time: 103.912 ms
