Aggregate  (cost=3762.46..3762.47 rows=1 width=96) (actual time=71.230..71.230 rows=1 loops=1)
  ->  Nested Loop  (cost=9.19..3762.46 rows=1 width=48) (actual time=3.614..70.844 rows=477 loops=1)
        Join Filter: (mc.company_type_id = ct.id)
        Rows Removed by Join Filter: 57
        ->  Nested Loop  (cost=9.19..3761.39 rows=1 width=52) (actual time=3.611..70.050 rows=534 loops=1)
              Join Filter: (ml.movie_id = mi.movie_id)
              ->  Nested Loop  (cost=8.75..3759.84 rows=1 width=72) (actual time=3.574..66.956 rows=191 loops=1)
                    Join Filter: (ml.movie_id = t.id)
                    ->  Nested Loop  (cost=8.32..3759.34 rows=1 width=51) (actual time=3.558..66.340 rows=191 loops=1)
                          ->  Nested Loop  (cost=7.90..3758.88 rows=1 width=36) (actual time=3.424..64.722 rows=427 loops=1)
                                Join Filter: (ml.movie_id = mc.movie_id)
                                ->  Nested Loop  (cost=7.47..3758.30 rows=1 width=24) (actual time=3.399..64.037 rows=77 loops=1)
                                      Join Filter: (cc.status_id = cct2.id)
                                      Rows Removed by Join Filter: 21
                                      ->  Nested Loop  (cost=7.47..3757.24 rows=1 width=28) (actual time=3.397..63.892 rows=98 loops=1)
                                            Join Filter: (ml.link_type_id = lt.id)
                                            Rows Removed by Join Filter: 119
                                            ->  Nested Loop  (cost=7.47..3755.99 rows=1 width=20) (actual time=3.382..63.593 rows=119 loops=1)
                                                  Join Filter: (cc.subject_id = cct1.id)
                                                  Rows Removed by Join Filter: 21
                                                  ->  Nested Loop  (cost=7.47..3754.92 rows=1 width=24) (actual time=3.378..63.384 rows=119 loops=1)
                                                        Join Filter: (ml.movie_id = cc.movie_id)
                                                        ->  Nested Loop  (cost=7.05..3754.44 rows=1 width=12) (actual time=3.275..62.716 rows=251 loops=1)
                                                              ->  Nested Loop  (cost=6.77..3739.98 rows=34 width=4) (actual time=3.267..47.125 rows=10544 loops=1)
                                                                    ->  Seq Scan on keyword k  (cost=0.00..2626.12 rows=1 width=4) (actual time=0.978..15.036 rows=1 loops=1)
                                                                          Filter: (keyword = 'sequel'::text)
                                                                          Rows Removed by Filter: 134169
                                                                    ->  Bitmap Heap Scan on movie_keyword mk  (cost=6.77..1110.84 rows=301 width=8) (actual time=2.285..29.955 rows=10544 loops=1)
                                                                          Recheck Cond: (keyword_id = k.id)
                                                                          Heap Blocks: exact=5570
                                                                          ->  Bitmap Index Scan on keyword_id_movie_keyword  (cost=0.00..6.69 rows=301 width=0) (actual time=1.324..1.324 rows=10544 loops=1)
                                                                                Index Cond: (keyword_id = k.id)
                                                              ->  Index Scan using movie_id_movie_link on movie_link ml  (cost=0.29..0.38 rows=5 width=8) (actual time=0.001..0.001 rows=0 loops=10544)
                                                                    Index Cond: (movie_id = mk.movie_id)
                                                        ->  Index Scan using movie_id_complete_cast on complete_cast cc  (cost=0.42..0.46 rows=2 width=12) (actual time=0.002..0.002 rows=0 loops=251)
                                                              Index Cond: (movie_id = mk.movie_id)
                                                  ->  Seq Scan on comp_cast_type cct1  (cost=0.00..1.05 rows=2 width=4) (actual time=0.001..0.001 rows=1 loops=119)
                                                        Filter: ((kind)::text = ANY ('{cast,crew}'::text[]))
                                            ->  Seq Scan on link_type lt  (cost=0.00..1.23 rows=2 width=16) (actual time=0.001..0.002 rows=2 loops=119)
                                                  Filter: ((link)::text ~~ '%follow%'::text)
                                                  Rows Removed by Filter: 3
                                      ->  Seq Scan on comp_cast_type cct2  (cost=0.00..1.05 rows=1 width=4) (actual time=0.001..0.001 rows=1 loops=98)
                                            Filter: ((kind)::text = 'complete'::text)
                                            Rows Removed by Filter: 2
                                ->  Index Scan using movie_id_movie_companies on movie_companies mc  (cost=0.43..0.54 rows=3 width=12) (actual time=0.005..0.007 rows=6 loops=77)
                                      Index Cond: (movie_id = mk.movie_id)
                                      Filter: (note IS NULL)
                                      Rows Removed by Filter: 1
                          ->  Index Scan using company_name_pkey on company_name cn  (cost=0.42..0.46 rows=1 width=23) (actual time=0.003..0.003 rows=0 loops=427)
                                Index Cond: (id = mc.company_id)
                                Filter: (((country_code)::text <> '[pl]'::text) AND ((name ~~ '%Film%'::text) OR (name ~~ '%Warner%'::text)))
                                Rows Removed by Filter: 1
                    ->  Index Scan using title_pkey on title t  (cost=0.43..0.49 rows=1 width=21) (actual time=0.003..0.003 rows=1 loops=191)
                          Index Cond: (id = mk.movie_id)
                          Filter: ((production_year >= 1950) AND (production_year <= 2000))
              ->  Index Scan using movie_id_movie_info on movie_info mi  (cost=0.43..1.54 rows=1 width=4) (actual time=0.012..0.015 rows=3 loops=191)
                    Index Cond: (movie_id = mk.movie_id)
                    Filter: (info = ANY ('{Sweden,Germany,Swedish,German}'::text[]))
                    Rows Removed by Filter: 17
        ->  Seq Scan on company_type ct  (cost=0.00..1.05 rows=1 width=4) (actual time=0.001..0.001 rows=1 loops=534)
              Filter: ((kind)::text = 'production companies'::text)
              Rows Removed by Filter: 1
Planning time: 71.437 ms
Execution time: 71.357 ms
