Aggregate  (cost=3762.73..3762.74 rows=1 width=96) (actual time=63.463..63.463 rows=1 loops=1)
  ->  Nested Loop  (cost=9.19..3762.72 rows=1 width=48) (actual time=3.150..62.818 rows=743 loops=1)
        Join Filter: (cct1.id = cc.subject_id)
        Rows Removed by Join Filter: 285
        ->  Seq Scan on comp_cast_type cct1  (cost=0.00..1.05 rows=1 width=4) (actual time=0.005..0.006 rows=1 loops=1)
              Filter: ((kind)::text = 'cast'::text)
              Rows Removed by Filter: 3
        ->  Nested Loop  (cost=9.19..3761.66 rows=1 width=52) (actual time=3.144..62.589 rows=1028 loops=1)
              Join Filter: (cct2.id = cc.status_id)
              Rows Removed by Join Filter: 285
              ->  Nested Loop  (cost=9.19..3760.59 rows=1 width=56) (actual time=3.141..60.807 rows=1028 loops=1)
                    Join Filter: (ml.movie_id = cc.movie_id)
                    ->  Nested Loop  (cost=8.77..3760.11 rows=1 width=68) (actual time=3.094..56.263 rows=1874 loops=1)
                          Join Filter: (ml.movie_id = t.id)
                          ->  Nested Loop  (cost=8.34..3759.60 rows=1 width=47) (actual time=3.089..50.901 rows=1874 loops=1)
                                Join Filter: (ml.movie_id = mi.movie_id)
                                ->  Nested Loop  (cost=7.90..3757.78 rows=1 width=43) (actual time=3.078..43.665 rows=402 loops=1)
                                      ->  Nested Loop  (cost=7.48..3757.33 rows=1 width=28) (actual time=2.801..40.647 rows=962 loops=1)
                                            Join Filter: (ct.id = mc.company_type_id)
                                            Rows Removed by Join Filter: 59
                                            ->  Seq Scan on company_type ct  (cost=0.00..1.05 rows=1 width=4) (actual time=0.002..0.003 rows=1 loops=1)
                                                  Filter: ((kind)::text = 'production companies'::text)
                                                  Rows Removed by Filter: 3
                                            ->  Nested Loop  (cost=7.48..3756.26 rows=1 width=32) (actual time=2.798..40.421 rows=1021 loops=1)
                                                  Join Filter: (ml.movie_id = mc.movie_id)
                                                  ->  Nested Loop  (cost=7.05..3755.69 rows=1 width=20) (actual time=2.791..39.039 rows=199 loops=1)
                                                        Join Filter: (lt.id = ml.link_type_id)
                                                        Rows Removed by Join Filter: 239
                                                        ->  Nested Loop  (cost=7.05..3754.44 rows=1 width=12) (actual time=2.786..38.389 rows=251 loops=1)
                                                              ->  Nested Loop  (cost=6.77..3739.98 rows=34 width=4) (actual time=2.780..24.534 rows=10544 loops=1)
                                                                    ->  Seq Scan on keyword k  (cost=0.00..2626.12 rows=1 width=4) (actual time=0.758..13.650 rows=1 loops=1)
                                                                          Filter: (keyword = 'sequel'::text)
                                                                          Rows Removed by Filter: 134169
                                                                    ->  Bitmap Heap Scan on movie_keyword mk  (cost=6.77..1110.84 rows=301 width=8) (actual time=2.019..8.913 rows=10544 loops=1)
                                                                          Recheck Cond: (keyword_id = k.id)
                                                                          Heap Blocks: exact=5570
                                                                          ->  Bitmap Index Scan on keyword_id_movie_keyword  (cost=0.00..6.69 rows=301 width=0) (actual time=1.072..1.072 rows=10544 loops=1)
                                                                                Index Cond: (keyword_id = k.id)
                                                              ->  Index Scan using movie_id_movie_link on movie_link ml  (cost=0.29..0.38 rows=5 width=8) (actual time=0.001..0.001 rows=0 loops=10544)
                                                                    Index Cond: (movie_id = mk.movie_id)
                                                        ->  Seq Scan on link_type lt  (cost=0.00..1.23 rows=2 width=16) (actual time=0.001..0.002 rows=2 loops=251)
                                                              Filter: ((link)::text ~~ '%follow%'::text)
                                                              Rows Removed by Filter: 3
                                                  ->  Index Scan using movie_id_movie_companies on movie_companies mc  (cost=0.43..0.54 rows=3 width=12) (actual time=0.003..0.005 rows=5 loops=199)
                                                        Index Cond: (movie_id = mk.movie_id)
                                                        Filter: (note IS NULL)
                                                        Rows Removed by Filter: 2
                                      ->  Index Scan using company_name_pkey on company_name cn  (cost=0.42..0.46 rows=1 width=23) (actual time=0.003..0.003 rows=0 loops=962)
                                            Index Cond: (id = mc.company_id)
                                            Filter: (((country_code)::text <> '[pl]'::text) AND ((name ~~ '%Film%'::text) OR (name ~~ '%Warner%'::text)))
                                            Rows Removed by Filter: 1
                                ->  Index Scan using movie_id_movie_info on movie_info mi  (cost=0.43..1.79 rows=2 width=4) (actual time=0.012..0.016 rows=5 loops=402)
                                      Index Cond: (movie_id = mk.movie_id)
                                      Filter: (info = ANY ('{Sweden,Norway,Germany,Denmark,Swedish,Denish,Norwegian,German,English}'::text[]))
                                      Rows Removed by Filter: 16
                          ->  Index Scan using title_pkey on title t  (cost=0.43..0.49 rows=1 width=21) (actual time=0.002..0.002 rows=1 loops=1874)
                                Index Cond: (id = mk.movie_id)
                                Filter: ((production_year >= 1950) AND (production_year <= 2010))
                    ->  Index Scan using movie_id_complete_cast on complete_cast cc  (cost=0.42..0.46 rows=2 width=12) (actual time=0.002..0.002 rows=1 loops=1874)
                          Index Cond: (movie_id = mk.movie_id)
              ->  Seq Scan on comp_cast_type cct2  (cost=0.00..1.05 rows=2 width=4) (actual time=0.001..0.001 rows=1 loops=1028)
                    Filter: ((kind)::text ~~ 'complete%'::text)
                    Rows Removed by Filter: 2
Planning time: 70.160 ms
Execution time: 63.565 ms
