Aggregate  (cost=7421.60..7421.61 rows=1 width=96) (actual time=1422.244..1422.244 rows=1 loops=1)
  ->  Nested Loop  (cost=9.33..7421.60 rows=1 width=42) (actual time=4.659..1417.331 rows=4803 loops=1)
        Join Filter: (kt.id = t.kind_id)
        Rows Removed by Join Filter: 481
        ->  Nested Loop  (cost=9.33..7420.48 rows=1 width=46) (actual time=4.653..1408.695 rows=4979 loops=1)
              Join Filter: (mi.movie_id = t.id)
              ->  Nested Loop  (cost=8.90..7419.98 rows=1 width=45) (actual time=4.637..1378.016 rows=8121 loops=1)
                    Join Filter: (mc.company_type_id = ct.id)
                    ->  Nested Loop  (cost=8.90..7418.89 rows=1 width=49) (actual time=4.633..1365.071 rows=8121 loops=1)
                          Join Filter: (it1.id = mi.info_type_id)
                          Rows Removed by Join Filter: 7068
                          ->  Seq Scan on info_type it1  (cost=0.00..2.41 rows=1 width=4) (actual time=0.012..0.021 rows=1 loops=1)
                                Filter: ((info)::text = 'countries'::text)
                                Rows Removed by Filter: 112
                          ->  Nested Loop  (cost=8.90..7416.47 rows=1 width=53) (actual time=4.620..1361.538 rows=15189 loops=1)
                                ->  Nested Loop  (cost=8.46..7414.60 rows=1 width=45) (actual time=4.599..388.802 rows=8934 loops=1)
                                      Join Filter: (it2.id = mi_idx.info_type_id)
                                      Rows Removed by Join Filter: 18861
                                      ->  Seq Scan on info_type it2  (cost=0.00..2.41 rows=1 width=4) (actual time=0.011..0.013 rows=1 loops=1)
                                            Filter: ((info)::text = 'rating'::text)
                                            Rows Removed by Filter: 112
                                      ->  Nested Loop  (cost=8.46..7412.12 rows=6 width=49) (actual time=4.585..383.938 rows=27795 loops=1)
                                            ->  Nested Loop  (cost=8.04..7411.06 rows=2 width=35) (actual time=4.575..332.175 rows=9291 loops=1)
                                                  ->  Nested Loop  (cost=7.62..7409.10 rows=4 width=20) (actual time=4.567..292.866 rows=9908 loops=1)
                                                        ->  Nested Loop  (cost=7.19..7401.04 rows=14 width=8) (actual time=4.546..234.107 rows=3832 loops=1)
                                                              Join Filter: (cc.subject_id = cct1.id)
                                                              Rows Removed by Join Filter: 6704
                                                              ->  Seq Scan on comp_cast_type cct1  (cost=0.00..1.05 rows=1 width=4) (actual time=0.003..0.004 rows=1 loops=1)
                                                                    Filter: ((kind)::text = 'crew'::text)
                                                                    Rows Removed by Filter: 3
                                                              ->  Nested Loop  (cost=7.19..7399.64 rows=28 width=12) (actual time=4.418..232.320 rows=10536 loops=1)
                                                                    Join Filter: (cct2.id = cc.status_id)
                                                                    Rows Removed by Join Filter: 49536
                                                                    ->  Nested Loop  (cost=7.19..7397.12 rows=37 width=16) (actual time=4.397..216.232 rows=20024 loops=1)
                                                                          ->  Nested Loop  (cost=6.77..7332.86 rows=135 width=4) (actual time=4.165..117.254 rows=37091 loops=1)
                                                                                ->  Seq Scan on keyword k  (cost=0.00..2961.55 rows=4 width=4) (actual time=1.264..28.630 rows=3 loops=1)
                                                                                      Filter: (keyword = ANY ('{murder,murder-in-title,blood,violence}'::text[]))
                                                                                      Rows Removed by Filter: 134167
                                                                                ->  Bitmap Heap Scan on movie_keyword mk  (cost=6.77..1089.82 rows=301 width=8) (actual time=3.386..26.849 rows=12364 loops=3)
                                                                                      Recheck Cond: (keyword_id = k.id)
                                                                                      Heap Blocks: exact=26312
                                                                                      ->  Bitmap Index Scan on keyword_id_movie_keyword  (cost=0.00..6.69 rows=301 width=0) (actual time=1.797..1.797 rows=12364 loops=3)
                                                                                            Index Cond: (keyword_id = k.id)
                                                                          ->  Index Scan using movie_id_complete_cast on complete_cast cc  (cost=0.42..0.46 rows=2 width=12) (actual time=0.002..0.002 rows=1 loops=37091)
                                                                                Index Cond: (movie_id = mk.movie_id)
                                                                    ->  Materialize  (cost=0.00..1.06 rows=3 width=4) (actual time=0.000..0.000 rows=3 loops=20024)
                                                                          ->  Seq Scan on comp_cast_type cct2  (cost=0.00..1.05 rows=3 width=4) (actual time=0.003..0.004 rows=3 loops=1)
                                                                                Filter: ((kind)::text <> 'complete+verified'::text)
                                                                                Rows Removed by Filter: 1
                                                        ->  Index Scan using movie_id_movie_companies on movie_companies mc  (cost=0.43..0.57 rows=1 width=12) (actual time=0.009..0.014 rows=3 loops=3832)
                                                              Index Cond: (movie_id = mk.movie_id)
                                                              Filter: ((note !~~ '%(USA)%'::text) AND (note ~~ '%(200%)%'::text))
                                                              Rows Removed by Filter: 9
                                                  ->  Index Scan using company_name_pkey on company_name cn  (cost=0.42..0.49 rows=1 width=23) (actual time=0.003..0.003 rows=1 loops=9908)
                                                        Index Cond: (id = mc.company_id)
                                                        Filter: ((country_code)::text <> '[us]'::text)
                                                        Rows Removed by Filter: 0
                                            ->  Index Scan using movie_id_movie_info_idx on movie_info_idx mi_idx  (cost=0.43..0.50 rows=3 width=14) (actual time=0.003..0.005 rows=3 loops=9291)
                                                  Index Cond: (movie_id = mk.movie_id)
                                                  Filter: (info < '8.5'::text)
                                                  Rows Removed by Filter: 0
                                ->  Index Scan using movie_id_movie_info on movie_info mi  (cost=0.43..1.84 rows=2 width=8) (actual time=0.088..0.108 rows=2 loops=8934)
                                      Index Cond: (movie_id = mk.movie_id)
                                      Filter: (info = ANY ('{Sweden,Norway,Germany,Denmark,Swedish,Danish,Norwegian,German,USA,American}'::text[]))
                                      Rows Removed by Filter: 208
                    ->  Seq Scan on company_type ct  (cost=0.00..1.04 rows=4 width=4) (actual time=0.001..0.001 rows=1 loops=8121)
              ->  Index Scan using title_pkey on title t  (cost=0.43..0.49 rows=1 width=25) (actual time=0.003..0.003 rows=1 loops=8121)
                    Index Cond: (id = mk.movie_id)
                    Filter: (production_year > 2000)
                    Rows Removed by Filter: 0
        ->  Seq Scan on kind_type kt  (cost=0.00..1.09 rows=2 width=4) (actual time=0.001..0.001 rows=1 loops=4979)
              Filter: ((kind)::text = ANY ('{movie,episode}'::text[]))
              Rows Removed by Filter: 0
Planning time: 88.231 ms
Execution time: 1422.399 ms
