Aggregate  (cost=7420.84..7420.85 rows=1 width=96) (actual time=527.214..527.214 rows=1 loops=1)
  ->  Nested Loop  (cost=9.33..7420.83 rows=1 width=42) (actual time=4.908..527.041 rows=148 loops=1)
        Join Filter: (it1.id = mi.info_type_id)
        Rows Removed by Join Filter: 1
        ->  Seq Scan on info_type it1  (cost=0.00..2.41 rows=1 width=4) (actual time=0.016..0.026 rows=1 loops=1)
              Filter: ((info)::text = 'countries'::text)
              Rows Removed by Filter: 112
        ->  Nested Loop  (cost=9.33..7418.40 rows=1 width=46) (actual time=4.889..526.965 rows=149 loops=1)
              Join Filter: (t.id = mi.movie_id)
              ->  Nested Loop  (cost=8.89..7416.85 rows=1 width=62) (actual time=4.419..366.334 rows=1387 loops=1)
                    Join Filter: (kt.id = t.kind_id)
                    Rows Removed by Join Filter: 215
                    ->  Nested Loop  (cost=8.89..7415.74 rows=1 width=66) (actual time=4.411..363.714 rows=1404 loops=1)
                          ->  Nested Loop  (cost=8.46..7415.25 rows=1 width=41) (actual time=4.401..343.170 rows=6376 loops=1)
                                Join Filter: (cc.status_id = cct2.id)
                                Rows Removed by Join Filter: 31994
                                ->  Nested Loop  (cost=8.46..7414.17 rows=1 width=45) (actual time=4.396..321.583 rows=12790 loops=1)
                                      Join Filter: (ct.id = mc.company_type_id)
                                      ->  Nested Loop  (cost=8.46..7413.08 rows=1 width=49) (actual time=4.391..305.122 rows=12790 loops=1)
                                            ->  Nested Loop  (cost=8.04..7412.58 rows=1 width=34) (actual time=4.382..261.510 rows=13184 loops=1)
                                                  ->  Nested Loop  (cost=7.61..7410.86 rows=3 width=22) (actual time=4.371..215.020 rows=3041 loops=1)
                                                        Join Filter: (it2.id = mi_idx.info_type_id)
                                                        Rows Removed by Join Filter: 1120
                                                        ->  Seq Scan on info_type it2  (cost=0.00..2.41 rows=1 width=4) (actual time=0.012..0.014 rows=1 loops=1)
                                                              Filter: ((info)::text = 'rating'::text)
                                                              Rows Removed by Filter: 112
                                                        ->  Nested Loop  (cost=7.61..7408.28 rows=13 width=26) (actual time=4.359..213.996 rows=4161 loops=1)
                                                              ->  Nested Loop  (cost=7.19..7398.63 rows=19 width=12) (actual time=4.344..180.428 rows=6216 loops=1)
                                                                    Join Filter: (cc.subject_id = cct1.id)
                                                                    Rows Removed by Join Filter: 13808
                                                                    ->  Seq Scan on comp_cast_type cct1  (cost=0.00..1.05 rows=1 width=4) (actual time=0.005..0.006 rows=1 loops=1)
                                                                          Filter: ((kind)::text = 'crew'::text)
                                                                          Rows Removed by Filter: 3
                                                                    ->  Nested Loop  (cost=7.19..7397.12 rows=37 width=16) (actual time=4.252..177.295 rows=20024 loops=1)
                                                                          ->  Nested Loop  (cost=6.77..7332.86 rows=135 width=4) (actual time=4.076..85.317 rows=37091 loops=1)
                                                                                ->  Seq Scan on keyword k  (cost=0.00..2961.55 rows=4 width=4) (actual time=1.272..27.502 rows=3 loops=1)
                                                                                      Filter: (keyword = ANY ('{murder,murder-in-title,blood,violence}'::text[]))
                                                                                      Rows Removed by Filter: 134167
                                                                                ->  Bitmap Heap Scan on movie_keyword mk  (cost=6.77..1089.82 rows=301 width=8) (actual time=3.230..16.721 rows=12364 loops=3)
                                                                                      Recheck Cond: (keyword_id = k.id)
                                                                                      Heap Blocks: exact=26312
                                                                                      ->  Bitmap Index Scan on keyword_id_movie_keyword  (cost=0.00..6.69 rows=301 width=0) (actual time=1.640..1.640 rows=12364 loops=3)
                                                                                            Index Cond: (keyword_id = k.id)
                                                                          ->  Index Scan using movie_id_complete_cast on complete_cast cc  (cost=0.42..0.46 rows=2 width=12) (actual time=0.002..0.002 rows=1 loops=37091)
                                                                                Index Cond: (movie_id = mk.movie_id)
                                                              ->  Index Scan using movie_id_movie_info_idx on movie_info_idx mi_idx  (cost=0.43..0.50 rows=1 width=14) (actual time=0.005..0.005 rows=1 loops=6216)
                                                                    Index Cond: (movie_id = mk.movie_id)
                                                                    Filter: (info > '6.5'::text)
                                                                    Rows Removed by Filter: 2
                                                  ->  Index Scan using movie_id_movie_companies on movie_companies mc  (cost=0.43..0.57 rows=1 width=12) (actual time=0.007..0.014 rows=4 loops=3041)
                                                        Index Cond: (movie_id = mk.movie_id)
                                                        Filter: ((note !~~ '%(USA)%'::text) AND (note ~~ '%(200%)%'::text))
                                                        Rows Removed by Filter: 13
                                            ->  Index Scan using company_name_pkey on company_name cn  (cost=0.42..0.49 rows=1 width=23) (actual time=0.003..0.003 rows=1 loops=13184)
                                                  Index Cond: (id = mc.company_id)
                                                  Filter: ((country_code)::text <> '[us]'::text)
                                                  Rows Removed by Filter: 0
                                      ->  Seq Scan on company_type ct  (cost=0.00..1.04 rows=4 width=4) (actual time=0.001..0.001 rows=1 loops=12790)
                                ->  Seq Scan on comp_cast_type cct2  (cost=0.00..1.05 rows=3 width=4) (actual time=0.001..0.001 rows=3 loops=12790)
                                      Filter: ((kind)::text <> 'complete+verified'::text)
                                      Rows Removed by Filter: 1
                          ->  Index Scan using title_pkey on title t  (cost=0.43..0.49 rows=1 width=25) (actual time=0.003..0.003 rows=0 loops=6376)
                                Index Cond: (id = mk.movie_id)
                                Filter: (production_year > 2005)
                                Rows Removed by Filter: 1
                    ->  Seq Scan on kind_type kt  (cost=0.00..1.09 rows=2 width=4) (actual time=0.001..0.001 rows=1 loops=1404)
                          Filter: ((kind)::text = ANY ('{movie,episode}'::text[]))
                          Rows Removed by Filter: 1
              ->  Index Scan using movie_id_movie_info on movie_info mi  (cost=0.43..1.54 rows=1 width=8) (actual time=0.115..0.115 rows=0 loops=1387)
                    Index Cond: (movie_id = mk.movie_id)
                    Filter: (info = ANY ('{Sweden,Germany,Swedish,German}'::text[]))
                    Rows Removed by Filter: 336
Planning time: 88.040 ms
Execution time: 527.397 ms
