Aggregate  (cost=7423.64..7423.65 rows=1 width=96) (actual time=1493.923..1493.923 rows=1 loops=1)
  ->  Nested Loop  (cost=9.33..7423.64 rows=1 width=42) (actual time=4.790..1485.642 rows=8373 loops=1)
        Join Filter: (mc.company_type_id = ct.id)
        ->  Nested Loop  (cost=9.33..7422.55 rows=1 width=46) (actual time=4.788..1472.879 rows=8373 loops=1)
              Join Filter: (it1.id = mi.info_type_id)
              Rows Removed by Join Filter: 1116
              ->  Seq Scan on info_type it1  (cost=0.00..2.41 rows=1 width=4) (actual time=0.008..0.018 rows=1 loops=1)
                    Filter: ((info)::text = 'countries'::text)
                    Rows Removed by Filter: 112
              ->  Nested Loop  (cost=9.33..7420.12 rows=1 width=50) (actual time=4.778..1470.387 rows=9489 loops=1)
                    Join Filter: (t.id = mi.movie_id)
                    ->  Nested Loop  (cost=8.89..7418.25 rows=1 width=66) (actual time=4.760..591.520 rows=8156 loops=1)
                          Join Filter: (it2.id = mi_idx.info_type_id)
                          Rows Removed by Join Filter: 16118
                          ->  Seq Scan on info_type it2  (cost=0.00..2.41 rows=1 width=4) (actual time=0.012..0.014 rows=1 loops=1)
                                Filter: ((info)::text = 'rating'::text)
                                Rows Removed by Filter: 112
                          ->  Nested Loop  (cost=8.89..7415.83 rows=1 width=70) (actual time=4.745..586.521 rows=24274 loops=1)
                                Join Filter: (t.id = mi_idx.movie_id)
                                ->  Nested Loop  (cost=8.47..7415.29 rows=1 width=56) (actual time=4.737..539.236 rows=8286 loops=1)
                                      Join Filter: (cc.subject_id = cct1.id)
                                      Rows Removed by Join Filter: 1685
                                      ->  Nested Loop  (cost=8.47..7414.23 rows=1 width=60) (actual time=4.733..522.294 rows=9971 loops=1)
                                            ->  Nested Loop  (cost=8.05..7413.25 rows=2 width=45) (actual time=4.725..481.668 rows=10440 loops=1)
                                                  Join Filter: (kt.id = t.kind_id)
                                                  Rows Removed by Join Filter: 1432
                                                  ->  Nested Loop  (cost=8.05..7412.02 rows=5 width=49) (actual time=4.716..474.933 rows=10963 loops=1)
                                                        ->  Nested Loop  (cost=7.62..7409.57 rows=5 width=24) (actual time=4.373..359.556 rows=33990 loops=1)
                                                              ->  Nested Loop  (cost=7.19..7398.63 rows=19 width=12) (actual time=4.300..214.824 rows=10536 loops=1)
                                                                    Join Filter: (cct2.id = cc.status_id)
                                                                    Rows Removed by Join Filter: 9488
                                                                    ->  Seq Scan on comp_cast_type cct2  (cost=0.00..1.05 rows=1 width=4) (actual time=0.002..0.003 rows=1 loops=1)
                                                                          Filter: ((kind)::text = 'complete'::text)
                                                                          Rows Removed by Filter: 3
                                                                    ->  Nested Loop  (cost=7.19..7397.12 rows=37 width=16) (actual time=4.292..210.903 rows=20024 loops=1)
                                                                          ->  Nested Loop  (cost=6.77..7332.86 rows=135 width=4) (actual time=4.112..112.158 rows=37091 loops=1)
                                                                                ->  Seq Scan on keyword k  (cost=0.00..2961.55 rows=4 width=4) (actual time=1.356..27.559 rows=3 loops=1)
                                                                                      Filter: (keyword = ANY ('{murder,murder-in-title,blood,violence}'::text[]))
                                                                                      Rows Removed by Filter: 134167
                                                                                ->  Bitmap Heap Scan on movie_keyword mk  (cost=6.77..1089.82 rows=301 width=8) (actual time=3.324..25.561 rows=12364 loops=3)
                                                                                      Recheck Cond: (keyword_id = k.id)
                                                                                      Heap Blocks: exact=26312
                                                                                      ->  Bitmap Index Scan on keyword_id_movie_keyword  (cost=0.00..6.69 rows=301 width=0) (actual time=1.743..1.743 rows=12364 loops=3)
                                                                                            Index Cond: (keyword_id = k.id)
                                                                          ->  Index Scan using movie_id_complete_cast on complete_cast cc  (cost=0.42..0.46 rows=2 width=12) (actual time=0.002..0.002 rows=1 loops=37091)
                                                                                Index Cond: (movie_id = mk.movie_id)
                                                              ->  Index Scan using movie_id_movie_companies on movie_companies mc  (cost=0.43..0.57 rows=1 width=12) (actual time=0.008..0.013 rows=3 loops=10536)
                                                                    Index Cond: (movie_id = mk.movie_id)
                                                                    Filter: ((note !~~ '%(USA)%'::text) AND (note ~~ '%(200%)%'::text))
                                                                    Rows Removed by Filter: 8
                                                        ->  Index Scan using title_pkey on title t  (cost=0.43..0.49 rows=1 width=25) (actual time=0.003..0.003 rows=0 loops=33990)
                                                              Index Cond: (id = mk.movie_id)
                                                              Filter: (production_year > 2005)
                                                              Rows Removed by Filter: 1
                                                  ->  Materialize  (cost=0.00..1.10 rows=2 width=4) (actual time=0.000..0.000 rows=1 loops=10963)
                                                        ->  Seq Scan on kind_type kt  (cost=0.00..1.09 rows=2 width=4) (actual time=0.004..0.006 rows=2 loops=1)
                                                              Filter: ((kind)::text = ANY ('{movie,episode}'::text[]))
                                                              Rows Removed by Filter: 5
                                            ->  Index Scan using company_name_pkey on company_name cn  (cost=0.42..0.49 rows=1 width=23) (actual time=0.003..0.003 rows=1 loops=10440)
                                                  Index Cond: (id = mc.company_id)
                                                  Filter: ((country_code)::text <> '[us]'::text)
                                                  Rows Removed by Filter: 0
                                      ->  Seq Scan on comp_cast_type cct1  (cost=0.00..1.05 rows=1 width=4) (actual time=0.001..0.001 rows=1 loops=9971)
                                            Filter: ((kind)::text = 'cast'::text)
                                            Rows Removed by Filter: 1
                                ->  Index Scan using movie_id_movie_info_idx on movie_info_idx mi_idx  (cost=0.43..0.50 rows=3 width=14) (actual time=0.003..0.004 rows=3 loops=8286)
                                      Index Cond: (movie_id = mk.movie_id)
                                      Filter: (info < '8.5'::text)
                                      Rows Removed by Filter: 0
                    ->  Index Scan using movie_id_movie_info on movie_info mi  (cost=0.43..1.84 rows=2 width=8) (actual time=0.089..0.107 rows=1 loops=8156)
                          Index Cond: (movie_id = mk.movie_id)
                          Filter: (info = ANY ('{Sweden,Norway,Germany,Denmark,Swedish,Danish,Norwegian,German,USA,American}'::text[]))
                          Rows Removed by Filter: 206
        ->  Seq Scan on company_type ct  (cost=0.00..1.04 rows=4 width=4) (actual time=0.001..0.001 rows=1 loops=8373)
Planning time: 88.334 ms
Execution time: 1494.056 ms
