Aggregate  (cost=3949.39..3949.40 rows=1 width=96) (actual time=70.751..70.751 rows=1 loops=1)
  ->  Nested Loop  (cost=11.18..3949.38 rows=1 width=48) (actual time=2.017..69.885 rows=1620 loops=1)
        ->  Nested Loop  (cost=10.76..3947.36 rows=1 width=52) (actual time=2.011..51.090 rows=7128 loops=1)
              Join Filter: (ci.person_id = n.id)
              ->  Nested Loop  (cost=10.33..3945.12 rows=1 width=49) (actual time=2.004..32.202 rows=7128 loops=1)
                    Join Filter: (it3.id = pi.info_type_id)
                    Rows Removed by Join Filter: 14388
                    ->  Seq Scan on info_type it3  (cost=0.00..2.41 rows=1 width=4) (actual time=0.010..0.018 rows=1 loops=1)
                          Filter: ((info)::text = 'trivia'::text)
                          Rows Removed by Filter: 112
                    ->  Nested Loop  (cost=10.33..3942.70 rows=1 width=53) (actual time=1.986..29.552 rows=21516 loops=1)
                          ->  Nested Loop  (cost=9.90..3923.22 rows=1 width=45) (actual time=1.980..17.936 rows=132 loops=1)
                                Join Filter: (cct2.id = cc.status_id)
                                ->  Seq Scan on comp_cast_type cct2  (cost=0.00..1.05 rows=1 width=4) (actual time=0.002..0.002 rows=1 loops=1)
                                      Filter: ((kind)::text = 'complete+verified'::text)
                                      Rows Removed by Filter: 3
                                ->  Nested Loop  (cost=9.90..3922.16 rows=1 width=49) (actual time=1.977..17.895 rows=132 loops=1)
                                      Join Filter: (cct1.id = cc.subject_id)
                                      ->  Seq Scan on comp_cast_type cct1  (cost=0.00..1.05 rows=1 width=4) (actual time=0.001..0.002 rows=1 loops=1)
                                            Filter: ((kind)::text = 'cast'::text)
                                            Rows Removed by Filter: 3
                                      ->  Nested Loop  (cost=9.90..3921.10 rows=1 width=53) (actual time=1.975..17.855 rows=132 loops=1)
                                            Join Filter: (t.id = cc.movie_id)
                                            ->  Nested Loop  (cost=9.48..3918.30 rows=1 width=65) (actual time=1.969..17.450 rows=132 loops=1)
                                                  Join Filter: (t.id = mc.movie_id)
                                                  ->  Nested Loop  (cost=9.05..3913.44 rows=1 width=57) (actual time=1.963..17.344 rows=6 loops=1)
                                                        Join Filter: (it.id = mi.info_type_id)
                                                        ->  Seq Scan on info_type it  (cost=0.00..2.41 rows=1 width=4) (actual time=0.004..0.013 rows=1 loops=1)
                                                              Filter: ((info)::text = 'release dates'::text)
                                                              Rows Removed by Filter: 112
                                                        ->  Nested Loop  (cost=9.05..3911.01 rows=1 width=61) (actual time=1.958..17.327 rows=6 loops=1)
                                                              Join Filter: (t.id = mi.movie_id)
                                                              ->  Nested Loop  (cost=8.62..3868.96 rows=1 width=53) (actual time=1.935..16.834 rows=3 loops=1)
                                                                    ->  Nested Loop  (cost=8.19..3864.89 rows=1 width=41) (actual time=1.928..16.772 rows=16 loops=1)
                                                                          ->  Nested Loop  (cost=7.76..3861.97 rows=1 width=37) (actual time=1.919..16.712 rows=11 loops=1)
                                                                                Join Filter: (rt.id = ci.role_id)
                                                                                Rows Removed by Join Filter: 27
                                                                                ->  Seq Scan on role_type rt  (cost=0.00..1.15 rows=1 width=4) (actual time=0.002..0.004 rows=1 loops=1)
                                                                                      Filter: ((role)::text = 'actress'::text)
                                                                                      Rows Removed by Filter: 11
                                                                                ->  Nested Loop  (cost=7.76..3860.81 rows=1 width=41) (actual time=1.886..16.703 rows=38 loops=1)
                                                                                      Join Filter: (t.id = ci.movie_id)
                                                                                      ->  Nested Loop  (cost=7.20..3813.24 rows=1 width=25) (actual time=1.875..16.450 rows=1 loops=1)
                                                                                            ->  Nested Loop  (cost=6.77..3739.98 rows=34 width=4) (actual time=0.146..14.773 rows=414 loops=1)
                                                                                                  ->  Seq Scan on keyword k  (cost=0.00..2626.12 rows=1 width=4) (actual time=0.043..14.093 rows=1 loops=1)
                                                                                                        Filter: (keyword = 'computer-animation'::text)
                                                                                                        Rows Removed by Filter: 134169
                                                                                                  ->  Bitmap Heap Scan on movie_keyword mk  (cost=6.77..1110.84 rows=301 width=8) (actual time=0.102..0.594 rows=414 loops=1)
                                                                                                        Recheck Cond: (keyword_id = k.id)
                                                                                                        Heap Blocks: exact=358
                                                                                                        ->  Bitmap Index Scan on keyword_id_movie_keyword  (cost=0.00..6.69 rows=301 width=0) (actual time=0.054..0.054 rows=414 loops=1)
                                                                                                              Index Cond: (keyword_id = k.id)
                                                                                            ->  Index Scan using title_pkey on title t  (cost=0.43..2.14 rows=1 width=21) (actual time=0.004..0.004 rows=0 loops=414)
                                                                                                  Index Cond: (id = mk.movie_id)
                                                                                                  Filter: ((production_year >= 2000) AND (production_year <= 2010) AND (title = 'Shrek 2'::text))
                                                                                                  Rows Removed by Filter: 1
                                                                                      ->  Index Scan using movie_id_cast_info on cast_info ci  (cost=0.56..47.56 rows=1 width=16) (actual time=0.009..0.243 rows=38 loops=1)
                                                                                            Index Cond: (movie_id = mk.movie_id)
                                                                                            Filter: (note = ANY ('{(voice),"(voice) (uncredited)","(voice: English version)"}'::text[]))
                                                                                            Rows Removed by Filter: 191
                                                                          ->  Index Only Scan using person_id_aka_name on aka_name an  (cost=0.42..2.90 rows=2 width=4) (actual time=0.004..0.005 rows=1 loops=11)
                                                                                Index Cond: (person_id = ci.person_id)
                                                                                Heap Fetches: 16
                                                                    ->  Index Scan using char_name_pkey on char_name chn  (cost=0.43..2.25 rows=1 width=20) (actual time=0.003..0.003 rows=0 loops=16)
                                                                          Index Cond: (id = ci.person_role_id)
                                                                          Filter: (name = 'Queen'::text)
                                                                          Rows Removed by Filter: 1
                                                              ->  Index Scan using movie_id_movie_info on movie_info mi  (cost=0.43..42.04 rows=1 width=8) (actual time=0.018..0.163 rows=2 loops=3)
                                                                    Index Cond: (movie_id = mk.movie_id)
                                                                    Filter: ((info IS NOT NULL) AND ((info ~~ 'Japan:%200%'::text) OR (info ~~ 'USA:%200%'::text)))
                                                                    Rows Removed by Filter: 455
                                                  ->  Index Scan using movie_id_movie_companies on movie_companies mc  (cost=0.43..4.79 rows=5 width=8) (actual time=0.004..0.010 rows=22 loops=6)
                                                        Index Cond: (movie_id = mk.movie_id)
                                            ->  Index Scan using movie_id_complete_cast on complete_cast cc  (cost=0.42..2.78 rows=2 width=12) (actual time=0.002..0.002 rows=1 loops=132)
                                                  Index Cond: (movie_id = mk.movie_id)
                          ->  Index Scan using person_id_person_info on person_info pi  (cost=0.43..19.22 rows=25 width=8) (actual time=0.002..0.046 rows=163 loops=132)
                                Index Cond: (person_id = ci.person_id)
              ->  Index Scan using name_pkey on name n  (cost=0.43..2.22 rows=1 width=19) (actual time=0.002..0.002 rows=1 loops=7128)
                    Index Cond: (id = pi.person_id)
                    Filter: ((name ~~ '%An%'::text) AND ((gender)::text = 'f'::text))
        ->  Index Scan using company_name_pkey on company_name cn  (cost=0.42..2.03 rows=1 width=4) (actual time=0.002..0.002 rows=0 loops=7128)
              Index Cond: (id = mc.company_id)
              Filter: ((country_code)::text = '[us]'::text)
              Rows Removed by Filter: 1
Planning time: 121.714 ms
Execution time: 70.908 ms
