Aggregate  (cost=3949.48..3949.49 rows=1 width=96) (actual time=51.546..51.546 rows=1 loops=1)
  ->  Nested Loop  (cost=11.18..3949.48 rows=1 width=48) (actual time=3.896..51.522 rows=15 loops=1)
        Join Filter: (ci.person_id = n.id)
        ->  Nested Loop  (cost=10.75..3947.24 rows=1 width=45) (actual time=3.884..51.445 rows=15 loops=1)
              Join Filter: (pi.info_type_id = it3.id)
              Rows Removed by Join Filter: 2430
              ->  Nested Loop  (cost=10.75..3944.82 rows=1 width=49) (actual time=2.538..21.949 rows=2445 loops=1)
                    ->  Nested Loop  (cost=10.32..3925.34 rows=1 width=41) (actual time=2.530..20.778 rows=15 loops=1)
                          Join Filter: (it.id = mi.info_type_id)
                          ->  Seq Scan on info_type it  (cost=0.00..2.41 rows=1 width=4) (actual time=0.012..0.020 rows=1 loops=1)
                                Filter: ((info)::text = 'release dates'::text)
                                Rows Removed by Filter: 112
                          ->  Nested Loop  (cost=10.32..3922.92 rows=1 width=45) (actual time=2.516..20.751 rows=15 loops=1)
                                Join Filter: (t.id = mi.movie_id)
                                ->  Nested Loop  (cost=9.89..3880.97 rows=1 width=61) (actual time=2.490..18.839 rows=15 loops=1)
                                      Join Filter: (cc.subject_id = cct1.id)
                                      ->  Nested Loop  (cost=9.89..3879.91 rows=1 width=65) (actual time=2.488..18.817 rows=15 loops=1)
                                            Join Filter: (cc.status_id = cct2.id)
                                            ->  Nested Loop  (cost=9.89..3878.84 rows=1 width=69) (actual time=2.485..18.785 rows=15 loops=1)
                                                  Join Filter: (ci.role_id = rt.id)
                                                  ->  Nested Loop  (cost=9.89..3877.68 rows=1 width=73) (actual time=2.481..18.745 rows=15 loops=1)
                                                        Join Filter: (t.id = cc.movie_id)
                                                        ->  Nested Loop  (cost=9.47..3874.88 rows=1 width=61) (actual time=2.473..18.681 rows=15 loops=1)
                                                              ->  Nested Loop  (cost=9.05..3872.85 rows=1 width=65) (actual time=2.465..18.431 rows=66 loops=1)
                                                                    Join Filter: (t.id = mc.movie_id)
                                                                    ->  Nested Loop  (cost=8.62..3868.00 rows=1 width=57) (actual time=2.454..18.369 rows=3 loops=1)
                                                                          ->  Nested Loop  (cost=8.19..3865.08 rows=1 width=53) (actual time=2.445..18.354 rows=1 loops=1)
                                                                                ->  Nested Loop  (cost=7.76..3861.01 rows=1 width=41) (actual time=2.032..17.857 rows=38 loops=1)
                                                                                      Join Filter: (t.id = ci.movie_id)
                                                                                      ->  Nested Loop  (cost=7.20..3813.44 rows=1 width=25) (actual time=2.019..17.561 rows=1 loops=1)
                                                                                            ->  Nested Loop  (cost=6.77..3739.98 rows=34 width=4) (actual time=0.155..15.693 rows=414 loops=1)
                                                                                                  ->  Seq Scan on keyword k  (cost=0.00..2626.12 rows=1 width=4) (actual time=0.043..14.958 rows=1 loops=1)
                                                                                                        Filter: (keyword = 'computer-animation'::text)
                                                                                                        Rows Removed by Filter: 134169
                                                                                                  ->  Bitmap Heap Scan on movie_keyword mk  (cost=6.77..1110.84 rows=301 width=8) (actual time=0.109..0.651 rows=414 loops=1)
                                                                                                        Recheck Cond: (keyword_id = k.id)
                                                                                                        Heap Blocks: exact=358
                                                                                                        ->  Bitmap Index Scan on keyword_id_movie_keyword  (cost=0.00..6.69 rows=301 width=0) (actual time=0.059..0.059 rows=414 loops=1)
                                                                                                              Index Cond: (keyword_id = k.id)
                                                                                            ->  Index Scan using title_pkey on title t  (cost=0.43..2.14 rows=1 width=21) (actual time=0.004..0.004 rows=0 loops=414)
                                                                                                  Index Cond: (id = mk.movie_id)
                                                                                                  Filter: ((production_year >= 2000) AND (production_year <= 2005) AND (title = 'Shrek 2'::text))
                                                                                                  Rows Removed by Filter: 1
                                                                                      ->  Index Scan using movie_id_cast_info on cast_info ci  (cost=0.56..47.56 rows=1 width=16) (actual time=0.012..0.284 rows=38 loops=1)
                                                                                            Index Cond: (movie_id = mk.movie_id)
                                                                                            Filter: (note = ANY ('{(voice),"(voice) (uncredited)","(voice: English version)"}'::text[]))
                                                                                            Rows Removed by Filter: 191
                                                                                ->  Index Scan using char_name_pkey on char_name chn  (cost=0.43..2.25 rows=1 width=20) (actual time=0.013..0.013 rows=0 loops=38)
                                                                                      Index Cond: (id = ci.person_role_id)
                                                                                      Filter: (name = 'Queen'::text)
                                                                                      Rows Removed by Filter: 1
                                                                          ->  Index Only Scan using person_id_aka_name on aka_name an  (cost=0.42..2.90 rows=2 width=4) (actual time=0.008..0.012 rows=3 loops=1)
                                                                                Index Cond: (person_id = ci.person_id)
                                                                                Heap Fetches: 3
                                                                    ->  Index Scan using movie_id_movie_companies on movie_companies mc  (cost=0.43..4.79 rows=5 width=8) (actual time=0.006..0.012 rows=22 loops=3)
                                                                          Index Cond: (movie_id = mk.movie_id)
                                                              ->  Index Scan using company_name_pkey on company_name cn  (cost=0.42..2.03 rows=1 width=4) (actual time=0.003..0.003 rows=0 loops=66)
                                                                    Index Cond: (id = mc.company_id)
                                                                    Filter: ((country_code)::text = '[us]'::text)
                                                                    Rows Removed by Filter: 1
                                                        ->  Index Scan using movie_id_complete_cast on complete_cast cc  (cost=0.42..2.78 rows=2 width=12) (actual time=0.003..0.003 rows=1 loops=15)
                                                              Index Cond: (movie_id = mk.movie_id)
                                                  ->  Seq Scan on role_type rt  (cost=0.00..1.15 rows=1 width=4) (actual time=0.001..0.001 rows=1 loops=15)
                                                        Filter: ((role)::text = 'actress'::text)
                                                        Rows Removed by Filter: 1
                                            ->  Seq Scan on comp_cast_type cct2  (cost=0.00..1.05 rows=1 width=4) (actual time=0.001..0.001 rows=1 loops=15)
                                                  Filter: ((kind)::text = 'complete+verified'::text)
                                                  Rows Removed by Filter: 3
                                      ->  Seq Scan on comp_cast_type cct1  (cost=0.00..1.05 rows=1 width=4) (actual time=0.001..0.001 rows=1 loops=15)
                                            Filter: ((kind)::text = 'cast'::text)
                                ->  Index Scan using movie_id_movie_info on movie_info mi  (cost=0.43..41.94 rows=1 width=8) (actual time=0.016..0.127 rows=1 loops=15)
                                      Index Cond: (movie_id = mk.movie_id)
                                      Filter: (info ~~ 'USA:%200%'::text)
                                      Rows Removed by Filter: 456
                    ->  Index Scan using person_id_person_info on person_info pi  (cost=0.43..19.22 rows=25 width=8) (actual time=0.003..0.042 rows=163 loops=15)
                          Index Cond: (person_id = ci.person_id)
              ->  Seq Scan on info_type it3  (cost=0.00..2.41 rows=1 width=4) (actual time=0.005..0.012 rows=1 loops=2445)
                    Filter: ((info)::text = 'height'::text)
                    Rows Removed by Filter: 111
        ->  Index Scan using name_pkey on name n  (cost=0.43..2.22 rows=1 width=19) (actual time=0.004..0.004 rows=1 loops=15)
              Index Cond: (id = pi.person_id)
              Filter: ((name ~~ '%An%'::text) AND ((gender)::text = 'f'::text))
Planning time: 116.321 ms
Execution time: 51.709 ms
