Aggregate  (cost=3796.67..3796.68 rows=1 width=32) (actual time=1199.806..1199.806 rows=1 loops=1)
  ->  Nested Loop  (cost=8.05..3796.67 rows=1 width=17) (actual time=16.214..1196.048 rows=5228 loops=1)
        Join Filter: (mc.movie_id = t.id)
        ->  Nested Loop  (cost=7.62..3796.17 rows=1 width=8) (actual time=8.122..638.019 rows=5228 loops=1)
              ->  Nested Loop  (cost=7.20..3760.05 rows=81 width=12) (actual time=6.231..250.356 rows=148552 loops=1)
                    ->  Nested Loop  (cost=6.77..3739.98 rows=34 width=4) (actual time=6.216..55.725 rows=41840 loops=1)
                          ->  Seq Scan on keyword k  (cost=0.00..2626.12 rows=1 width=4) (actual time=0.614..14.494 rows=1 loops=1)
                                Filter: (keyword = 'character-name-in-title'::text)
                                Rows Removed by Filter: 134169
                          ->  Bitmap Heap Scan on movie_keyword mk  (cost=6.77..1110.84 rows=301 width=8) (actual time=5.599..33.046 rows=41840 loops=1)
                                Recheck Cond: (keyword_id = k.id)
                                Heap Blocks: exact=11541
                                ->  Bitmap Index Scan on keyword_id_movie_keyword  (cost=0.00..6.69 rows=301 width=0) (actual time=3.472..3.472 rows=41840 loops=1)
                                      Index Cond: (keyword_id = k.id)
                    ->  Index Scan using movie_id_movie_companies on movie_companies mc  (cost=0.43..0.54 rows=5 width=8) (actual time=0.002..0.004 rows=4 loops=41840)
                          Index Cond: (movie_id = mk.movie_id)
              ->  Index Scan using company_name_pkey on company_name cn  (cost=0.42..0.45 rows=1 width=4) (actual time=0.002..0.002 rows=0 loops=148552)
                    Index Cond: (id = mc.company_id)
                    Filter: ((country_code)::text = '[nl]'::text)
                    Rows Removed by Filter: 1
        ->  Index Scan using title_pkey on title t  (cost=0.43..0.49 rows=1 width=21) (actual time=0.106..0.106 rows=1 loops=5228)
              Index Cond: (id = mk.movie_id)
Planning time: 1.239 ms
Execution time: 1199.863 ms
