Aggregate  (cost=11250.36..11250.37 rows=1 width=128) (actual time=434.655..434.655 rows=1 loops=1)
  ->  Nested Loop  (cost=9.47..11250.35 rows=1 width=82) (actual time=187.313..434.597 rows=28 loops=1)
        Join Filter: (it1.id = mi.info_type_id)
        ->  Seq Scan on info_type it1  (cost=0.00..2.41 rows=1 width=4) (actual time=0.007..0.018 rows=1 loops=1)
              Filter: ((info)::text = 'genres'::text)
              Rows Removed by Filter: 112
        ->  Nested Loop  (cost=9.47..11247.93 rows=1 width=86) (actual time=187.304..434.568 rows=28 loops=1)
              Join Filter: (t.id = mi.movie_id)
              ->  Nested Loop  (cost=9.04..11230.30 rows=1 width=58) (actual time=187.128..431.694 rows=20 loops=1)
                    Join Filter: (it2.id = mi_idx.info_type_id)
                    Rows Removed by Join Filter: 40
                    ->  Seq Scan on info_type it2  (cost=0.00..2.41 rows=1 width=4) (actual time=0.011..0.014 rows=1 loops=1)
                          Filter: ((info)::text = 'votes'::text)
                          Rows Removed by Filter: 112
                    ->  Nested Loop  (cost=9.04..11227.87 rows=1 width=62) (actual time=187.114..431.665 rows=60 loops=1)
                          Join Filter: (t.id = mi_idx.movie_id)
                          ->  Nested Loop  (cost=8.61..11227.05 rows=1 width=48) (actual time=187.103..431.541 rows=20 loops=1)
                                ->  Nested Loop  (cost=8.18..11225.97 rows=1 width=37) (actual time=187.093..431.424 rows=20 loops=1)
                                      Join Filter: (t.id = ci.movie_id)
                                      ->  Nested Loop  (cost=7.62..11196.91 rows=1 width=29) (actual time=187.023..430.594 rows=8 loops=1)
                                            Join Filter: (cct2.id = cc.status_id)
                                            Rows Removed by Join Filter: 30
                                            ->  Seq Scan on comp_cast_type cct2  (cost=0.00..1.05 rows=1 width=4) (actual time=0.002..0.002 rows=1 loops=1)
                                                  Filter: ((kind)::text = 'complete+verified'::text)
                                                  Rows Removed by Filter: 3
                                            ->  Nested Loop  (cost=7.62..11195.85 rows=1 width=33) (actual time=44.606..430.580 rows=38 loops=1)
                                                  Join Filter: (cct1.id = cc.subject_id)
                                                  Rows Removed by Join Filter: 1
                                                  ->  Nested Loop  (cost=7.62..11194.77 rows=1 width=37) (actual time=44.597..430.466 rows=38 loops=1)
                                                        Join Filter: (t.id = cc.movie_id)
                                                        ->  Nested Loop  (cost=7.20..11193.94 rows=1 width=25) (actual time=28.025..430.228 rows=49 loops=1)
                                                              ->  Nested Loop  (cost=6.77..10991.68 rows=236 width=4) (actual time=4.377..161.482 rows=76714 loops=1)
                                                                    ->  Seq Scan on keyword k  (cost=0.00..3464.69 rows=7 width=4) (actual time=1.146..37.846 rows=7 loops=1)
                                                                          Filter: (keyword = ANY ('{murder,violence,blood,gore,death,female-nudity,hospital}'::text[]))
                                                                          Rows Removed by Filter: 134163
                                                                    ->  Bitmap Heap Scan on movie_keyword mk  (cost=6.77..1072.28 rows=301 width=8) (actual time=2.805..15.458 rows=10959 loops=7)
                                                                          Recheck Cond: (keyword_id = k.id)
                                                                          Heap Blocks: exact=53234
                                                                          ->  Bitmap Index Scan on keyword_id_movie_keyword  (cost=0.00..6.69 rows=301 width=0) (actual time=1.437..1.437 rows=10959 loops=7)
                                                                                Index Cond: (keyword_id = k.id)
                                                              ->  Index Scan using title_pkey on title t  (cost=0.43..0.86 rows=1 width=21) (actual time=0.003..0.003 rows=0 loops=76714)
                                                                    Index Cond: (id = mk.movie_id)
                                                                    Filter: ((production_year > 2000) AND ((title ~~ '%Freddy%'::text) OR (title ~~ '%Jason%'::text) OR (title ~~ 'Saw%'::text)))
                                                                    Rows Removed by Filter: 1
                                                        ->  Index Scan using movie_id_complete_cast on complete_cast cc  (cost=0.42..0.81 rows=2 width=12) (actual time=0.004..0.004 rows=1 loops=49)
                                                              Index Cond: (movie_id = mk.movie_id)
                                                  ->  Seq Scan on comp_cast_type cct1  (cost=0.00..1.05 rows=2 width=4) (actual time=0.001..0.001 rows=1 loops=38)
                                                        Filter: ((kind)::text = ANY ('{cast,crew}'::text[]))
                                      ->  Index Scan using movie_id_cast_info on cast_info ci  (cost=0.56..29.05 rows=1 width=8) (actual time=0.046..0.102 rows=2 loops=8)
                                            Index Cond: (movie_id = mk.movie_id)
                                            Filter: (note = ANY ('{(writer),"(head writer)","(written by)",(story),"(story editor)"}'::text[]))
                                            Rows Removed by Filter: 95
                                ->  Index Scan using name_pkey on name n  (cost=0.43..1.08 rows=1 width=19) (actual time=0.005..0.005 rows=1 loops=20)
                                      Index Cond: (id = ci.person_id)
                                      Filter: ((gender)::text = 'm'::text)
                          ->  Index Scan using movie_id_movie_info_idx on movie_info_idx mi_idx  (cost=0.43..0.78 rows=3 width=14) (actual time=0.004..0.004 rows=3 loops=20)
                                Index Cond: (movie_id = mk.movie_id)
              ->  Index Scan using movie_id_movie_info on movie_info mi  (cost=0.43..17.62 rows=1 width=52) (actual time=0.142..0.143 rows=1 loops=20)
                    Index Cond: (movie_id = mk.movie_id)
                    Filter: (info = ANY ('{Horror,Thriller}'::text[]))
                    Rows Removed by Filter: 451
Planning time: 71.043 ms
Execution time: 434.794 ms
