Aggregate  (cost=3781.69..3781.70 rows=1 width=96) (actual time=34.392..34.392 rows=1 loops=1)
  ->  Nested Loop  (cost=7.91..3781.67 rows=2 width=46) (actual time=34.390..34.390 rows=0 loops=1)
        ->  Nested Loop  (cost=7.48..3772.73 rows=2 width=33) (actual time=34.390..34.390 rows=0 loops=1)
              Join Filter: (ml.link_type_id = lt.id)
              ->  Seq Scan on link_type lt  (cost=0.00..1.18 rows=18 width=16) (actual time=0.004..0.006 rows=18 loops=1)
              ->  Materialize  (cost=7.48..3771.02 rows=2 width=25) (actual time=1.910..1.910 rows=0 loops=18)
                    ->  Nested Loop  (cost=7.48..3771.01 rows=2 width=25) (actual time=34.377..34.377 rows=0 loops=1)
                          ->  Nested Loop  (cost=7.20..3756.55 rows=34 width=25) (actual time=33.984..34.371 rows=1 loops=1)
                                ->  Nested Loop  (cost=6.77..3739.98 rows=34 width=4) (actual time=33.960..34.347 rows=1 loops=1)
                                      ->  Seq Scan on keyword k  (cost=0.00..2626.12 rows=1 width=4) (actual time=14.537..14.923 rows=1 loops=1)
                                            Filter: (keyword = '10,000-mile-club'::text)
                                            Rows Removed by Filter: 134169
                                      ->  Bitmap Heap Scan on movie_keyword mk  (cost=6.77..1110.84 rows=301 width=8) (actual time=19.420..19.420 rows=1 loops=1)
                                            Recheck Cond: (keyword_id = k.id)
                                            Heap Blocks: exact=1
                                            ->  Bitmap Index Scan on keyword_id_movie_keyword  (cost=0.00..6.69 rows=301 width=0) (actual time=19.404..19.404 rows=1 loops=1)
                                                  Index Cond: (keyword_id = k.id)
                                ->  Index Scan using title_pkey on title t1  (cost=0.43..0.49 rows=1 width=21) (actual time=0.022..0.022 rows=1 loops=1)
                                      Index Cond: (id = mk.movie_id)
                          ->  Index Scan using movie_id_movie_link on movie_link ml  (cost=0.29..0.38 rows=5 width=12) (actual time=0.004..0.004 rows=0 loops=1)
                                Index Cond: (movie_id = t1.id)
        ->  Index Scan using title_pkey on title t2  (cost=0.43..4.47 rows=1 width=21) (never executed)
              Index Cond: (id = ml.linked_movie_id)
Planning time: 1.670 ms
Execution time: 34.454 ms
