Aggregate  (cost=3781.69..3781.70 rows=1 width=96) (actual time=376.368..376.368 rows=1 loops=1)
  ->  Nested Loop  (cost=7.91..3781.67 rows=2 width=46) (actual time=7.157..372.956 rows=4388 loops=1)
        ->  Nested Loop  (cost=7.48..3772.73 rows=2 width=33) (actual time=7.144..354.418 rows=4388 loops=1)
              Join Filter: (ml.link_type_id = lt.id)
              Rows Removed by Join Filter: 74596
              ->  Seq Scan on link_type lt  (cost=0.00..1.18 rows=18 width=16) (actual time=0.005..0.010 rows=18 loops=1)
              ->  Materialize  (cost=7.48..3771.02 rows=2 width=25) (actual time=0.391..19.239 rows=4388 loops=18)
                    ->  Nested Loop  (cost=7.48..3771.01 rows=2 width=25) (actual time=7.030..340.683 rows=4388 loops=1)
                          ->  Nested Loop  (cost=7.20..3756.55 rows=34 width=25) (actual time=6.755..278.207 rows=41840 loops=1)
                                ->  Nested Loop  (cost=6.77..3739.98 rows=34 width=4) (actual time=6.735..82.796 rows=41840 loops=1)
                                      ->  Seq Scan on keyword k  (cost=0.00..2626.12 rows=1 width=4) (actual time=0.672..15.736 rows=1 loops=1)
                                            Filter: (keyword = 'character-name-in-title'::text)
                                            Rows Removed by Filter: 134169
                                      ->  Bitmap Heap Scan on movie_keyword mk  (cost=6.77..1110.84 rows=301 width=8) (actual time=6.060..59.468 rows=41840 loops=1)
                                            Recheck Cond: (keyword_id = k.id)
                                            Heap Blocks: exact=11541
                                            ->  Bitmap Index Scan on keyword_id_movie_keyword  (cost=0.00..6.69 rows=301 width=0) (actual time=3.933..3.933 rows=41840 loops=1)
                                                  Index Cond: (keyword_id = k.id)
                                ->  Index Scan using title_pkey on title t1  (cost=0.43..0.49 rows=1 width=21) (actual time=0.004..0.004 rows=1 loops=41840)
                                      Index Cond: (id = mk.movie_id)
                          ->  Index Scan using movie_id_movie_link on movie_link ml  (cost=0.29..0.38 rows=5 width=12) (actual time=0.001..0.001 rows=0 loops=41840)
                                Index Cond: (movie_id = t1.id)
        ->  Index Scan using title_pkey on title t2  (cost=0.43..4.47 rows=1 width=21) (actual time=0.004..0.004 rows=1 loops=4388)
              Index Cond: (id = ml.linked_movie_id)
Planning time: 1.971 ms
Execution time: 376.493 ms
