Aggregate  (cost=14357.00..14357.01 rows=1 width=192) (actual time=250.240..250.241 rows=1 loops=1)
  ->  Nested Loop  (cost=3.98..14356.62 rows=25 width=84) (actual time=33.224..250.223 rows=8 loops=1)
        ->  Nested Loop  (cost=3.56..14322.29 rows=77 width=69) (actual time=33.181..250.129 rows=28 loops=1)
              Join Filter: (t2.kind_id = kt2.id)
              ->  Seq Scan on kind_type kt2  (cost=0.00..1.09 rows=1 width=4) (actual time=0.007..0.010 rows=1 loops=1)
                    Filter: ((kind)::text = 'tv series'::text)
                    Rows Removed by Filter: 6
              ->  Nested Loop  (cost=3.56..14315.39 rows=465 width=73) (actual time=33.172..250.109 rows=28 loops=1)
                    ->  Nested Loop  (cost=3.14..14084.38 rows=521 width=58) (actual time=33.164..250.007 rows=28 loops=1)
                          Join Filter: (t2.id = mc2.movie_id)
                          ->  Nested Loop  (cost=2.71..13925.22 rows=217 width=66) (actual time=33.159..249.939 rows=14 loops=1)
                                ->  Nested Loop  (cost=2.28..13863.76 rows=101 width=74) (actual time=33.153..249.898 rows=5 loops=1)
                                      Join Filter: (ml.linked_movie_id = t2.id)
                                      ->  Nested Loop  (cost=1.85..13788.46 rows=103 width=49) (actual time=33.142..249.746 rows=28 loops=1)
                                            Join Filter: (it2.id = mi_idx2.info_type_id)
                                            Rows Removed by Join Filter: 1581
                                            ->  Nested Loop  (cost=1.42..13064.32 rows=351 width=43) (actual time=0.485..243.800 rows=1220 loops=1)
                                                  ->  Nested Loop  (cost=1.42..13057.51 rows=351 width=39) (actual time=0.471..243.056 rows=1220 loops=1)
                                                        Join Filter: (ml.link_type_id = lt.id)
                                                        Rows Removed by Join Filter: 20944
                                                        ->  Nested Loop  (cost=1.42..12973.64 rows=2806 width=43) (actual time=0.046..236.804 rows=11395 loops=1)
                                                              Join Filter: (it1.id = mi_idx1.info_type_id)
                                                              Rows Removed by Join Filter: 22790
                                                              ->  Nested Loop  (cost=1.42..12760.82 rows=14027 width=47) (actual time=0.027..222.509 rows=34185 loops=1)
                                                                    ->  Nested Loop  (cost=0.99..10289.35 rows=4676 width=33) (actual time=0.021..178.940 rows=12360 loops=1)
                                                                          Join Filter: (t1.kind_id = kt1.id)
                                                                          Rows Removed by Join Filter: 17637
                                                                          ->  Merge Join  (cost=0.99..9867.45 rows=28054 width=37) (actual time=0.016..167.772 rows=29997 loops=1)
                                                                                Merge Cond: (ml.movie_id = t1.id)
                                                                                ->  Index Scan using movie_id_movie_link on movie_link ml  (cost=0.29..959.51 rows=29997 width=12) (actual time=0.008..7.182 rows=29997 loops=1)
                                                                                ->  Index Scan using title_pkey on title t1  (cost=0.43..110309.25 rows=2528312 width=25) (actual time=0.004..127.612 rows=186175 loops=1)
                                                                          ->  Materialize  (cost=0.00..1.09 rows=1 width=4) (actual time=0.000..0.000 rows=1 loops=29997)
                                                                                ->  Seq Scan on kind_type kt1  (cost=0.00..1.09 rows=1 width=4) (actual time=0.002..0.003 rows=1 loops=1)
                                                                                      Filter: ((kind)::text = 'tv series'::text)
                                                                                      Rows Removed by Filter: 6
                                                                    ->  Index Scan using movie_id_movie_info_idx on movie_info_idx mi_idx1  (cost=0.43..0.50 rows=3 width=14) (actual time=0.002..0.003 rows=3 loops=12360)
                                                                          Index Cond: (movie_id = t1.id)
                                                              ->  Materialize  (cost=0.00..2.42 rows=1 width=4) (actual time=0.000..0.000 rows=1 loops=34185)
                                                                    ->  Seq Scan on info_type it1  (cost=0.00..2.41 rows=1 width=4) (actual time=0.013..0.015 rows=1 loops=1)
                                                                          Filter: ((info)::text = 'rating'::text)
                                                                          Rows Removed by Filter: 112
                                                        ->  Materialize  (cost=0.00..1.26 rows=2 width=4) (actual time=0.000..0.000 rows=2 loops=11395)
                                                              ->  Seq Scan on link_type lt  (cost=0.00..1.25 rows=2 width=4) (actual time=0.004..0.007 rows=2 loops=1)
                                                                    Filter: ((link)::text = ANY ('{sequel,follows,"followed by"}'::text[]))
                                                                    Rows Removed by Filter: 16
                                                  ->  Materialize  (cost=0.00..2.42 rows=1 width=4) (actual time=0.000..0.000 rows=1 loops=1220)
                                                        ->  Seq Scan on info_type it2  (cost=0.00..2.41 rows=1 width=4) (actual time=0.012..0.013 rows=1 loops=1)
                                                              Filter: ((info)::text = 'rating'::text)
                                                              Rows Removed by Filter: 112
                                            ->  Index Scan using movie_id_movie_info_idx on movie_info_idx mi_idx2  (cost=0.43..2.05 rows=1 width=14) (actual time=0.003..0.004 rows=1 loops=1220)
                                                  Index Cond: (movie_id = ml.linked_movie_id)
                                                  Filter: (info < '3.0'::text)
                                                  Rows Removed by Filter: 1
                                      ->  Index Scan using title_pkey on title t2  (cost=0.43..0.72 rows=1 width=25) (actual time=0.005..0.005 rows=0 loops=28)
                                            Index Cond: (id = mi_idx2.movie_id)
                                            Filter: ((production_year >= 2005) AND (production_year <= 2008))
                                            Rows Removed by Filter: 1
                                ->  Index Scan using movie_id_movie_companies on movie_companies mc1  (cost=0.43..0.56 rows=5 width=8) (actual time=0.005..0.007 rows=3 loops=5)
                                      Index Cond: (movie_id = t1.id)
                          ->  Index Scan using movie_id_movie_companies on movie_companies mc2  (cost=0.43..0.67 rows=5 width=8) (actual time=0.003..0.004 rows=2 loops=14)
                                Index Cond: (movie_id = mi_idx2.movie_id)
                    ->  Index Scan using company_name_pkey on company_name cn2  (cost=0.42..0.44 rows=1 width=23) (actual time=0.003..0.003 rows=1 loops=28)
                          Index Cond: (id = mc2.company_id)
        ->  Index Scan using company_name_pkey on company_name cn1  (cost=0.42..0.45 rows=1 width=23) (actual time=0.003..0.003 rows=0 loops=28)
              Index Cond: (id = mc1.company_id)
              Filter: ((country_code)::text = '[us]'::text)
              Rows Removed by Filter: 1
Planning time: 89.408 ms
Execution time: 250.383 ms
