Aggregate  (cost=11144.57..11144.58 rows=1 width=192) (actual time=14.749..14.750 rows=1 loops=1)
  ->  Nested Loop  (cost=42.38..11143.59 rows=65 width=84) (actual time=1.108..14.584 rows=114 loops=1)
        Join Filter: (it1.id = mi_idx1.info_type_id)
        Rows Removed by Join Filter: 228
        ->  Nested Loop  (cost=41.95..11085.70 rows=108 width=94) (actual time=1.103..14.149 rows=121 loops=1)
              ->  Nested Loop  (cost=41.53..10985.82 rows=224 width=79) (actual time=1.099..13.713 rows=138 loops=1)
                    ->  Nested Loop  (cost=41.10..10922.53 rows=104 width=71) (actual time=1.094..13.470 rows=48 loops=1)
                          Join Filter: (t1.kind_id = kt1.id)
                          ->  Nested Loop  (cost=41.10..10912.53 rows=312 width=75) (actual time=1.090..13.438 rows=48 loops=1)
                                ->  Index Scan using info_type_pkey on info_type it1  (cost=0.14..14.12 rows=1 width=4) (actual time=0.025..0.028 rows=1 loops=1)
                                      Filter: ((info)::text = 'rating'::text)
                                      Rows Removed by Filter: 112
                                ->  Nested Loop  (cost=40.96..10895.29 rows=312 width=71) (actual time=1.064..13.396 rows=48 loops=1)
                                      ->  Nested Loop  (cost=40.53..9406.72 rows=333 width=46) (actual time=1.059..13.208 rows=48 loops=1)
                                            ->  Nested Loop  (cost=40.11..9240.89 rows=374 width=31) (actual time=1.055..13.035 rows=48 loops=1)
                                                  ->  Nested Loop  (cost=39.68..9137.08 rows=156 width=39) (actual time=1.049..12.839 rows=21 loops=1)
                                                        Join Filter: (t2.kind_id = kt2.id)
                                                        Rows Removed by Join Filter: 16
                                                        ->  Nested Loop  (cost=39.68..9122.65 rows=467 width=43) (actual time=1.042..12.807 rows=29 loops=1)
                                                              Join Filter: (ml.linked_movie_id = t2.id)
                                                              ->  Nested Loop  (cost=39.25..8307.57 rows=1122 width=18) (actual time=1.022..12.536 rows=47 loops=1)
                                                                    Join Filter: (it2.id = mi_idx2.info_type_id)
                                                                    Rows Removed by Join Filter: 3033
                                                                    ->  Seq Scan on info_type it2  (cost=0.00..2.41 rows=1 width=4) (actual time=0.013..0.014 rows=1 loops=1)
                                                                          Filter: ((info)::text = 'rating'::text)
                                                                          Rows Removed by Filter: 112
                                                                    ->  Nested Loop  (cost=39.25..8235.01 rows=5612 width=22) (actual time=0.092..12.145 rows=3080 loops=1)
                                                                          ->  Nested Loop  (cost=38.82..470.30 rows=3750 width=8) (actual time=0.080..1.186 rows=2315 loops=1)
                                                                                ->  Seq Scan on link_type lt  (cost=0.00..1.25 rows=2 width=4) (actual time=0.003..0.008 rows=2 loops=1)
                                                                                      Filter: ((link)::text = ANY ('{sequel,follows,"followed by"}'::text[]))
                                                                                      Rows Removed by Filter: 16
                                                                                ->  Bitmap Heap Scan on movie_link ml  (cost=38.82..215.78 rows=1875 width=12) (actual time=0.074..0.385 rows=1158 loops=2)
                                                                                      Recheck Cond: (link_type_id = lt.id)
                                                                                      Heap Blocks: exact=191
                                                                                      ->  Bitmap Index Scan on link_type_id_movie_link  (cost=0.00..38.35 rows=1875 width=0) (actual time=0.059..0.059 rows=1158 loops=2)
                                                                                            Index Cond: (link_type_id = lt.id)
                                                                          ->  Index Scan using movie_id_movie_info_idx on movie_info_idx mi_idx2  (cost=0.43..2.05 rows=2 width=14) (actual time=0.003..0.004 rows=1 loops=2315)
                                                                                Index Cond: (movie_id = ml.linked_movie_id)
                                                                                Filter: (info < '3.5'::text)
                                                                                Rows Removed by Filter: 1
                                                              ->  Index Scan using title_pkey on title t2  (cost=0.43..0.71 rows=1 width=25) (actual time=0.005..0.005 rows=1 loops=47)
                                                                    Index Cond: (id = mi_idx2.movie_id)
                                                                    Filter: ((production_year >= 2000) AND (production_year <= 2010))
                                                                    Rows Removed by Filter: 0
                                                        ->  Materialize  (cost=0.00..1.10 rows=2 width=4) (actual time=0.000..0.001 rows=1 loops=29)
                                                              ->  Seq Scan on kind_type kt2  (cost=0.00..1.09 rows=2 width=4) (actual time=0.004..0.006 rows=2 loops=1)
                                                                    Filter: ((kind)::text = ANY ('{"tv series",episode}'::text[]))
                                                                    Rows Removed by Filter: 5
                                                  ->  Index Scan using movie_id_movie_companies on movie_companies mc2  (cost=0.43..0.62 rows=5 width=8) (actual time=0.006..0.008 rows=2 loops=21)
                                                        Index Cond: (movie_id = t2.id)
                                            ->  Index Scan using company_name_pkey on company_name cn2  (cost=0.42..0.44 rows=1 width=23) (actual time=0.003..0.003 rows=1 loops=48)
                                                  Index Cond: (id = mc2.company_id)
                                      ->  Index Scan using title_pkey on title t1  (cost=0.43..4.47 rows=1 width=25) (actual time=0.003..0.003 rows=1 loops=48)
                                            Index Cond: (id = ml.movie_id)
                          ->  Materialize  (cost=0.00..1.10 rows=2 width=4) (actual time=0.000..0.000 rows=1 loops=48)
                                ->  Seq Scan on kind_type kt1  (cost=0.00..1.09 rows=2 width=4) (actual time=0.003..0.003 rows=1 loops=1)
                                      Filter: ((kind)::text = ANY ('{"tv series",episode}'::text[]))
                                      Rows Removed by Filter: 1
                    ->  Index Scan using movie_id_movie_companies on movie_companies mc1  (cost=0.43..0.56 rows=5 width=8) (actual time=0.003..0.004 rows=3 loops=48)
                          Index Cond: (movie_id = t1.id)
              ->  Index Scan using company_name_pkey on company_name cn1  (cost=0.42..0.45 rows=1 width=23) (actual time=0.003..0.003 rows=1 loops=138)
                    Index Cond: (id = mc1.company_id)
                    Filter: ((country_code)::text <> '[us]'::text)
                    Rows Removed by Filter: 0
        ->  Index Scan using movie_id_movie_info_idx on movie_info_idx mi_idx1  (cost=0.43..0.50 rows=3 width=14) (actual time=0.002..0.003 rows=3 loops=121)
              Index Cond: (movie_id = t1.id)
Planning time: 86.320 ms
Execution time: 14.871 ms
