Aggregate  (cost=6061.91..6061.92 rows=1 width=32) (actual time=16859.537..16859.537 rows=1 loops=1)
  ->  Nested Loop  (cost=7.63..6061.90 rows=1 width=17) (actual time=4223.948..16859.501 rows=5 loops=1)
        Join Filter: (mi.movie_id = t.id)
        ->  Nested Loop  (cost=7.20..6061.40 rows=1 width=8) (actual time=4223.933..16859.303 rows=21 loops=1)
              ->  Nested Loop  (cost=6.77..5925.65 rows=94 width=4) (actual time=3.434..72.085 rows=12951 loops=1)
                    ->  Seq Scan on keyword k  (cost=0.00..2626.12 rows=3 width=4) (actual time=1.314..28.331 rows=30 loops=1)
                          Filter: (keyword ~~ '%sequel%'::text)
                          Rows Removed by Filter: 134140
                    ->  Bitmap Heap Scan on movie_keyword mk  (cost=6.77..1096.83 rows=301 width=8) (actual time=0.100..1.309 rows=432 loops=30)
                          Recheck Cond: (keyword_id = k.id)
                          Heap Blocks: exact=6979
                          ->  Bitmap Index Scan on keyword_id_movie_keyword  (cost=0.00..6.69 rows=301 width=0) (actual time=0.059..0.059 rows=432 loops=30)
                                Index Cond: (keyword_id = k.id)
              ->  Index Scan using movie_id_movie_info on movie_info mi  (cost=0.43..1.43 rows=1 width=4) (actual time=1.295..1.295 rows=0 loops=12951)
                    Index Cond: (movie_id = mk.movie_id)
                    Filter: (info = 'Bulgaria'::text)
                    Rows Removed by Filter: 35
        ->  Index Scan using title_pkey on title t  (cost=0.43..0.49 rows=1 width=21) (actual time=0.008..0.008 rows=0 loops=21)
              Index Cond: (id = mk.movie_id)
              Filter: (production_year > 2010)
              Rows Removed by Filter: 1
Planning time: 0.986 ms
Execution time: 16859.587 ms
