Aggregate  (cost=6095.11..6095.12 rows=1 width=32) (actual time=437.729..437.729 rows=1 loops=1)
  ->  Nested Loop  (cost=7.63..6095.05 rows=23 width=17) (actual time=3.887..433.018 rows=7250 loops=1)
        Join Filter: (t.id = mi.movie_id)
        ->  Nested Loop  (cost=7.20..5971.68 rows=66 width=25) (actual time=3.684..161.155 rows=7874 loops=1)
              ->  Nested Loop  (cost=6.77..5925.65 rows=94 width=4) (actual time=3.666..68.186 rows=12951 loops=1)
                    ->  Seq Scan on keyword k  (cost=0.00..2626.12 rows=3 width=4) (actual time=1.463..28.306 rows=30 loops=1)
                          Filter: (keyword ~~ '%sequel%'::text)
                          Rows Removed by Filter: 134140
                    ->  Bitmap Heap Scan on movie_keyword mk  (cost=6.77..1096.83 rows=301 width=8) (actual time=0.101..1.231 rows=432 loops=30)
                          Recheck Cond: (keyword_id = k.id)
                          Heap Blocks: exact=6979
                          ->  Bitmap Index Scan on keyword_id_movie_keyword  (cost=0.00..6.69 rows=301 width=0) (actual time=0.060..0.060 rows=432 loops=30)
                                Index Cond: (keyword_id = k.id)
              ->  Index Scan using title_pkey on title t  (cost=0.43..0.49 rows=1 width=21) (actual time=0.007..0.007 rows=1 loops=12951)
                    Index Cond: (id = mk.movie_id)
                    Filter: (production_year > 1990)
                    Rows Removed by Filter: 0
        ->  Index Scan using movie_id_movie_info on movie_info mi  (cost=0.43..1.84 rows=2 width=4) (actual time=0.029..0.034 rows=1 loops=7874)
              Index Cond: (movie_id = mk.movie_id)
              Filter: (info = ANY ('{Sweden,Norway,Germany,Denmark,Swedish,Denish,Norwegian,German,USA,American}'::text[]))
              Rows Removed by Filter: 35
Planning time: 1.039 ms
Execution time: 437.778 ms
