Aggregate  (cost=5976.32..5976.33 rows=1 width=64) (actual time=87.303..87.303 rows=1 loops=1)
  ->  Nested Loop  (cost=7.62..5976.31 rows=1 width=23) (actual time=9.097..87.291 rows=6 loops=1)
        Join Filter: (mi_idx.movie_id = t.id)
        ->  Nested Loop  (cost=7.19..5975.81 rows=1 width=14) (actual time=7.910..87.176 rows=21 loops=1)
              Join Filter: (mi_idx.info_type_id = it.id)
              Rows Removed by Join Filter: 277
              ->  Nested Loop  (cost=7.19..5973.38 rows=1 width=18) (actual time=3.534..83.393 rows=298 loops=1)
                    ->  Nested Loop  (cost=6.77..5925.65 rows=94 width=4) (actual time=3.417..41.383 rows=12951 loops=1)
                          ->  Seq Scan on keyword k  (cost=0.00..2626.12 rows=3 width=4) (actual time=1.354..26.002 rows=30 loops=1)
                                Filter: (keyword ~~ '%sequel%'::text)
                                Rows Removed by Filter: 134140
                          ->  Bitmap Heap Scan on movie_keyword mk  (cost=6.77..1096.83 rows=301 width=8) (actual time=0.088..0.430 rows=432 loops=30)
                                Recheck Cond: (keyword_id = k.id)
                                Heap Blocks: exact=6979
                                ->  Bitmap Index Scan on keyword_id_movie_keyword  (cost=0.00..6.69 rows=301 width=0) (actual time=0.049..0.049 rows=432 loops=30)
                                      Index Cond: (keyword_id = k.id)
                    ->  Index Scan using movie_id_movie_info_idx on movie_info_idx mi_idx  (cost=0.43..0.50 rows=1 width=14) (actual time=0.003..0.003 rows=0 loops=12951)
                          Index Cond: (movie_id = mk.movie_id)
                          Filter: (info > '9.0'::text)
                          Rows Removed by Filter: 2
              ->  Seq Scan on info_type it  (cost=0.00..2.41 rows=1 width=4) (actual time=0.011..0.012 rows=1 loops=298)
                    Filter: ((info)::text = 'rating'::text)
                    Rows Removed by Filter: 111
        ->  Index Scan using title_pkey on title t  (cost=0.43..0.49 rows=1 width=21) (actual time=0.005..0.005 rows=0 loops=21)
              Index Cond: (id = mk.movie_id)
              Filter: (production_year > 2010)
              Rows Removed by Filter: 1
Planning time: 1.364 ms
Execution time: 87.360 ms
