Aggregate  (cost=5994.90..5994.91 rows=1 width=64) (actual time=123.319..123.319 rows=1 loops=1)
  ->  Nested Loop  (cost=7.62..5994.79 rows=22 width=23) (actual time=3.407..120.363 rows=4700 loops=1)
        Join Filter: (mi_idx.movie_id = t.id)
        ->  Nested Loop  (cost=7.19..5978.71 rows=32 width=14) (actual time=3.401..92.399 rows=8092 loops=1)
              Join Filter: (mi_idx.info_type_id = it.id)
              Rows Removed by Join Filter: 6809
              ->  Seq Scan on info_type it  (cost=0.00..2.41 rows=1 width=4) (actual time=0.015..0.018 rows=1 loops=1)
                    Filter: ((info)::text = 'rating'::text)
                    Rows Removed by Filter: 112
              ->  Nested Loop  (cost=7.19..5974.32 rows=158 width=18) (actual time=3.384..89.742 rows=14901 loops=1)
                    ->  Nested Loop  (cost=6.77..5925.65 rows=94 width=4) (actual time=3.372..41.885 rows=12951 loops=1)
                          ->  Seq Scan on keyword k  (cost=0.00..2626.12 rows=3 width=4) (actual time=1.314..25.712 rows=30 loops=1)
                                Filter: (keyword ~~ '%sequel%'::text)
                                Rows Removed by Filter: 134140
                          ->  Bitmap Heap Scan on movie_keyword mk  (cost=6.77..1096.83 rows=301 width=8) (actual time=0.088..0.450 rows=432 loops=30)
                                Recheck Cond: (keyword_id = k.id)
                                Heap Blocks: exact=6979
                                ->  Bitmap Index Scan on keyword_id_movie_keyword  (cost=0.00..6.69 rows=301 width=0) (actual time=0.049..0.049 rows=432 loops=30)
                                      Index Cond: (keyword_id = k.id)
                    ->  Index Scan using movie_id_movie_info_idx on movie_info_idx mi_idx  (cost=0.43..0.50 rows=2 width=14) (actual time=0.003..0.003 rows=1 loops=12951)
                          Index Cond: (movie_id = mk.movie_id)
                          Filter: (info > '2.0'::text)
                          Rows Removed by Filter: 1
        ->  Index Scan using title_pkey on title t  (cost=0.43..0.49 rows=1 width=21) (actual time=0.003..0.003 rows=1 loops=8092)
              Index Cond: (id = mk.movie_id)
              Filter: (production_year > 1990)
              Rows Removed by Filter: 0
Planning time: 1.428 ms
Execution time: 123.378 ms
