Aggregate  (cost=4014.15..4014.16 rows=1 width=96) (actual time=12650.160..12650.160 rows=1 loops=1)
  ->  Nested Loop  (cost=8.19..4014.14 rows=1 width=48) (actual time=2865.884..12650.108 rows=6 loops=1)
        ->  Nested Loop  (cost=7.76..3812.25 rows=441 width=37) (actual time=38.288..5276.299 rows=1224 loops=1)
              Join Filter: (t.id = ci.movie_id)
              ->  Nested Loop  (cost=7.20..3756.63 rows=28 width=41) (actual time=14.947..29.540 rows=11 loops=1)
                    ->  Nested Loop  (cost=6.77..3739.98 rows=34 width=20) (actual time=14.918..29.321 rows=14 loops=1)
                          ->  Seq Scan on keyword k  (cost=0.00..2626.12 rows=1 width=20) (actual time=0.375..14.655 rows=1 loops=1)
                                Filter: (keyword = 'marvel-cinematic-universe'::text)
                                Rows Removed by Filter: 134169
                          ->  Bitmap Heap Scan on movie_keyword mk  (cost=6.77..1110.84 rows=301 width=8) (actual time=14.540..14.649 rows=14 loops=1)
                                Recheck Cond: (keyword_id = k.id)
                                Heap Blocks: exact=12
                                ->  Bitmap Index Scan on keyword_id_movie_keyword  (cost=0.00..6.69 rows=301 width=0) (actual time=14.519..14.519 rows=14 loops=1)
                                      Index Cond: (keyword_id = k.id)
                    ->  Index Scan using title_pkey on title t  (cost=0.43..0.49 rows=1 width=21) (actual time=0.013..0.013 rows=1 loops=14)
                          Index Cond: (id = mk.movie_id)
                          Filter: (production_year > 2010)
                          Rows Removed by Filter: 0
              ->  Index Scan using movie_id_cast_info on cast_info ci  (cost=0.56..1.52 rows=37 width=8) (actual time=15.720..476.806 rows=111 loops=11)
                    Index Cond: (movie_id = mk.movie_id)
        ->  Index Scan using name_pkey on name n  (cost=0.43..0.46 rows=1 width=19) (actual time=6.022..6.022 rows=0 loops=1224)
              Index Cond: (id = ci.person_id)
              Filter: (name ~~ '%Downey%Robert%'::text)
              Rows Removed by Filter: 1
Planning time: 1.191 ms
Execution time: 12650.241 ms
