Aggregate  (cost=12263.12..12263.13 rows=1 width=64) (actual time=1338.935..1338.935 rows=1 loops=1)
  ->  Nested Loop  (cost=41.24..12263.11 rows=1 width=32) (actual time=33.338..1338.882 rows=32 loops=1)
        ->  Nested Loop  (cost=41.10..12262.63 rows=1 width=36) (actual time=33.328..1338.774 rows=32 loops=1)
              Join Filter: (n.id = pi.person_id)
              ->  Nested Loop  (cost=40.67..12149.70 rows=119 width=44) (actual time=0.388..1094.693 rows=19250 loops=1)
                    Join Filter: (n.id = an.person_id)
                    ->  Nested Loop  (cost=40.24..11824.79 rows=661 width=40) (actual time=0.381..1002.008 rows=17559 loops=1)
                          ->  Nested Loop  (cost=39.81..10057.89 rows=3777 width=21) (actual time=0.373..355.060 rows=105262 loops=1)
                                ->  Nested Loop  (cost=39.25..8636.17 rows=243 width=25) (actual time=0.363..52.495 rows=1467 loops=1)
                                      ->  Nested Loop  (cost=38.82..245.23 rows=1875 width=4) (actual time=0.354..3.846 rows=5186 loops=1)
                                            ->  Seq Scan on link_type lt  (cost=0.00..1.23 rows=1 width=4) (actual time=0.007..0.011 rows=1 loops=1)
                                                  Filter: ((link)::text = 'features'::text)
                                                  Rows Removed by Filter: 17
                                            ->  Bitmap Heap Scan on movie_link ml  (cost=38.82..225.26 rows=1875 width=8) (actual time=0.345..2.592 rows=5186 loops=1)
                                                  Recheck Cond: (link_type_id = lt.id)
                                                  Heap Blocks: exact=132
                                                  ->  Bitmap Index Scan on link_type_id_movie_link  (cost=0.00..38.35 rows=1875 width=0) (actual time=0.316..0.316 rows=5186 loops=1)
                                                        Index Cond: (link_type_id = lt.id)
                                      ->  Index Scan using title_pkey on title t  (cost=0.43..4.48 rows=1 width=21) (actual time=0.009..0.009 rows=0 loops=5186)
                                            Index Cond: (id = ml.linked_movie_id)
                                            Filter: ((production_year >= 1980) AND (production_year <= 1995))
                                            Rows Removed by Filter: 1
                                ->  Index Scan using movie_id_cast_info on cast_info ci  (cost=0.56..5.48 rows=37 width=8) (actual time=0.011..0.188 rows=72 loops=1467)
                                      Index Cond: (movie_id = t.id)
                          ->  Index Scan using name_pkey on name n  (cost=0.43..0.47 rows=1 width=19) (actual time=0.006..0.006 rows=0 loops=105262)
                                Index Cond: (id = ci.person_id)
                                Filter: (((name_pcode_cf)::text >= 'A'::text) AND ((name_pcode_cf)::text <= 'F'::text) AND (((gender)::text = 'm'::text) OR (((gender)::text = 'f'::text) AND (name ~~ 'B%'::text))))
                                Rows Removed by Filter: 1
                    ->  Index Scan using person_id_aka_name on aka_name an  (cost=0.42..0.47 rows=2 width=4) (actual time=0.004..0.005 rows=1 loops=17559)
                          Index Cond: (person_id = ci.person_id)
                          Filter: (name ~~ '%a%'::text)
                          Rows Removed by Filter: 0
              ->  Index Scan using person_id_person_info on person_info pi  (cost=0.43..0.94 rows=1 width=8) (actual time=0.012..0.012 rows=0 loops=19250)
                    Index Cond: (person_id = ci.person_id)
                    Filter: (note = 'Volker Boehm'::text)
                    Rows Removed by Filter: 40
        ->  Index Scan using info_type_pkey on info_type it  (cost=0.14..0.31 rows=1 width=4) (actual time=0.002..0.002 rows=1 loops=32)
              Index Cond: (id = pi.info_type_id)
              Filter: ((info)::text = 'mini biography'::text)
Planning time: 6.218 ms
Execution time: 1339.037 ms
