Aggregate  (cost=189935.87..189935.88 rows=1 width=96) (actual time=4586.709..4586.710 rows=1 loops=1)
  ->  Nested Loop  (cost=3.13..189935.85 rows=2 width=49) (actual time=138.070..4586.437 rows=121 loops=1)
        ->  Nested Loop  (cost=2.70..189933.87 rows=3 width=37) (actual time=114.618..4248.696 rows=127 loops=1)
              ->  Nested Loop  (cost=2.27..189929.28 rows=7 width=28) (actual time=112.444..4246.537 rows=359 loops=1)
                    ->  Nested Loop  (cost=1.85..189919.27 rows=21 width=32) (actual time=112.434..4244.570 rows=373 loops=1)
                          ->  Nested Loop  (cost=1.42..189838.30 rows=121 width=24) (actual time=112.405..4239.789 rows=425 loops=1)
                                ->  Nested Loop  (cost=0.99..177916.54 rows=15472 width=32) (actual time=15.487..2918.711 rows=503508 loops=1)
                                      ->  Nested Loop  (cost=0.56..134050.03 rows=80881 width=12) (actual time=15.157..2083.225 rows=276166 loops=1)
                                            ->  Seq Scan on role_type rt  (cost=0.00..1.15 rows=1 width=4) (actual time=0.008..0.013 rows=1 loops=1)
                                                  Filter: ((role)::text = 'actress'::text)
                                                  Rows Removed by Filter: 11
                                            ->  Index Scan using role_id_cast_info on cast_info ci  (cost=0.56..133252.59 rows=79629 width=16) (actual time=15.147..2037.096 rows=276166 loops=1)
                                                  Index Cond: (role_id = rt.id)
                                                  Filter: (note = ANY ('{(voice),"(voice: Japanese version)","(voice) (uncredited)","(voice: English version)"}'::text[]))
                                                  Rows Removed by Filter: 7175807
                                      ->  Index Scan using person_id_aka_name on aka_name an  (cost=0.42..0.52 rows=2 width=20) (actual time=0.002..0.002 rows=2 loops=276166)
                                            Index Cond: (person_id = ci.person_id)
                                ->  Index Scan using name_pkey on name n  (cost=0.43..0.77 rows=1 width=4) (actual time=0.002..0.002 rows=0 loops=503508)
                                      Index Cond: (id = ci.person_id)
                                      Filter: ((name ~~ '%Ang%'::text) AND ((gender)::text = 'f'::text))
                                      Rows Removed by Filter: 1
                          ->  Index Scan using movie_id_movie_companies on movie_companies mc  (cost=0.43..0.66 rows=1 width=8) (actual time=0.008..0.011 rows=1 loops=425)
                                Index Cond: (movie_id = ci.movie_id)
                                Filter: ((note IS NOT NULL) AND ((note ~~ '%(USA)%'::text) OR (note ~~ '%(worldwide)%'::text)))
                                Rows Removed by Filter: 4
                    ->  Index Scan using company_name_pkey on company_name cn  (cost=0.42..0.48 rows=1 width=4) (actual time=0.005..0.005 rows=1 loops=373)
                          Index Cond: (id = mc.company_id)
                          Filter: ((country_code)::text = '[us]'::text)
                          Rows Removed by Filter: 0
              ->  Index Scan using title_pkey on title t  (cost=0.43..0.65 rows=1 width=21) (actual time=0.005..0.005 rows=0 loops=359)
                    Index Cond: (id = ci.movie_id)
                    Filter: ((production_year >= 2005) AND (production_year <= 2015))
                    Rows Removed by Filter: 1
        ->  Index Scan using char_name_pkey on char_name chn  (cost=0.43..0.66 rows=1 width=20) (actual time=2.658..2.658 rows=1 loops=127)
              Index Cond: (id = ci.person_role_id)
Planning time: 5.317 ms
Execution time: 4586.797 ms
