Aggregate  (cost=169589.24..169589.25 rows=1 width=128) (actual time=3612.102..3612.103 rows=1 loops=1)
  ->  Nested Loop  (cost=3.13..169589.23 rows=1 width=64) (actual time=205.512..3611.990 rows=40 loops=1)
        ->  Nested Loop  (cost=2.70..169588.51 rows=1 width=55) (actual time=88.270..3611.371 rows=94 loops=1)
              ->  Nested Loop  (cost=2.28..169587.99 rows=1 width=59) (actual time=88.246..3610.741 rows=94 loops=1)
                    ->  Nested Loop  (cost=1.85..169587.26 rows=1 width=47) (actual time=72.856..3513.770 rows=103 loops=1)
                          ->  Nested Loop  (cost=1.42..169577.22 rows=14 width=39) (actual time=72.832..3511.256 rows=265 loops=1)
                                Join Filter: (ci.person_id = n.id)
                                ->  Nested Loop  (cost=0.99..160372.63 rows=11817 width=32) (actual time=0.422..2479.336 rows=408470 loops=1)
                                      ->  Nested Loop  (cost=0.56..125677.49 rows=61774 width=12) (actual time=0.181..1818.324 rows=222686 loops=1)
                                            ->  Seq Scan on role_type rt  (cost=0.00..1.15 rows=1 width=4) (actual time=0.008..0.012 rows=1 loops=1)
                                                  Filter: ((role)::text = 'actress'::text)
                                                  Rows Removed by Filter: 11
                                            ->  Index Scan using role_id_cast_info on cast_info ci  (cost=0.56..125015.15 rows=66119 width=16) (actual time=0.172..1780.766 rows=222686 loops=1)
                                                  Index Cond: (role_id = rt.id)
                                                  Filter: (note = '(voice)'::text)
                                                  Rows Removed by Filter: 7229287
                                      ->  Index Scan using person_id_aka_name on aka_name an  (cost=0.42..0.54 rows=2 width=20) (actual time=0.002..0.002 rows=2 loops=222686)
                                            Index Cond: (person_id = ci.person_id)
                                ->  Index Scan using name_pkey on name n  (cost=0.43..0.77 rows=1 width=19) (actual time=0.002..0.002 rows=0 loops=408470)
                                      Index Cond: (id = an.person_id)
                                      Filter: ((name ~~ '%Angel%'::text) AND ((gender)::text = 'f'::text))
                                      Rows Removed by Filter: 1
                          ->  Index Scan using movie_id_movie_companies on movie_companies mc  (cost=0.43..0.71 rows=1 width=8) (actual time=0.007..0.009 rows=0 loops=265)
                                Index Cond: (movie_id = ci.movie_id)
                                Filter: ((note ~~ '%(200%)%'::text) AND ((note ~~ '%(USA)%'::text) OR (note ~~ '%(worldwide)%'::text)))
                                Rows Removed by Filter: 4
                    ->  Index Scan using char_name_pkey on char_name chn  (cost=0.43..0.73 rows=1 width=20) (actual time=0.940..0.940 rows=1 loops=103)
                          Index Cond: (id = ci.person_role_id)
              ->  Index Scan using company_name_pkey on company_name cn  (cost=0.42..0.52 rows=1 width=4) (actual time=0.006..0.006 rows=1 loops=94)
                    Index Cond: (id = mc.company_id)
                    Filter: ((country_code)::text = '[us]'::text)
        ->  Index Scan using title_pkey on title t  (cost=0.43..0.72 rows=1 width=21) (actual time=0.006..0.006 rows=0 loops=94)
              Index Cond: (id = ci.movie_id)
              Filter: ((production_year >= 2007) AND (production_year <= 2010))
              Rows Removed by Filter: 1
Planning time: 5.267 ms
Execution time: 3612.192 ms
