Aggregate  (cost=194204.90..194204.91 rows=1 width=128) (actual time=12113.281..12113.281 rows=1 loops=1)
  ->  Nested Loop  (cost=3.13..194199.15 rows=575 width=64) (actual time=0.549..11638.013 rows=483082 loops=1)
        Join Filter: (ci.movie_id = t.id)
        ->  Nested Loop  (cost=2.70..193894.46 rows=576 width=55) (actual time=0.534..10203.193 rows=483082 loops=1)
              ->  Nested Loop  (cost=2.28..193092.74 rows=1798 width=59) (actual time=0.515..7634.390 rows=909946 loops=1)
                    ->  Nested Loop  (cost=1.85..191993.30 rows=1607 width=51) (actual time=0.501..5912.535 rows=482841 loops=1)
                          ->  Nested Loop  (cost=1.42..189799.62 rows=3315 width=39) (actual time=0.489..4441.573 rows=503022 loops=1)
                                ->  Nested Loop  (cost=0.99..177916.54 rows=15472 width=32) (actual time=0.470..3023.262 rows=503508 loops=1)
                                      ->  Nested Loop  (cost=0.56..134050.03 rows=80881 width=12) (actual time=0.199..2085.346 rows=276166 loops=1)
                                            ->  Seq Scan on role_type rt  (cost=0.00..1.15 rows=1 width=4) (actual time=0.007..0.012 rows=1 loops=1)
                                                  Filter: ((role)::text = 'actress'::text)
                                                  Rows Removed by Filter: 11
                                            ->  Index Scan using role_id_cast_info on cast_info ci  (cost=0.56..133252.59 rows=79629 width=16) (actual time=0.190..2032.965 rows=276166 loops=1)
                                                  Index Cond: (role_id = rt.id)
                                                  Filter: (note = ANY ('{(voice),"(voice: Japanese version)","(voice) (uncredited)","(voice: English version)"}'::text[]))
                                                  Rows Removed by Filter: 7175807
                                      ->  Index Scan using person_id_aka_name on aka_name an  (cost=0.42..0.52 rows=2 width=20) (actual time=0.002..0.003 rows=2 loops=276166)
                                            Index Cond: (person_id = ci.person_id)
                                ->  Index Scan using name_pkey on name n  (cost=0.43..0.77 rows=1 width=19) (actual time=0.002..0.002 rows=1 loops=503508)
                                      Index Cond: (id = ci.person_id)
                                      Filter: ((gender)::text = 'f'::text)
                                      Rows Removed by Filter: 0
                          ->  Index Scan using char_name_pkey on char_name chn  (cost=0.43..0.66 rows=1 width=20) (actual time=0.002..0.002 rows=1 loops=503022)
                                Index Cond: (id = ci.person_role_id)
                    ->  Index Scan using movie_id_movie_companies on movie_companies mc  (cost=0.43..0.63 rows=5 width=8) (actual time=0.002..0.003 rows=2 loops=482841)
                          Index Cond: (movie_id = ci.movie_id)
              ->  Index Scan using company_name_pkey on company_name cn  (cost=0.42..0.45 rows=1 width=4) (actual time=0.002..0.002 rows=1 loops=909946)
                    Index Cond: (id = mc.company_id)
                    Filter: ((country_code)::text = '[us]'::text)
                    Rows Removed by Filter: 0
        ->  Index Scan using title_pkey on title t  (cost=0.43..0.52 rows=1 width=21) (actual time=0.002..0.002 rows=1 loops=483082)
              Index Cond: (id = mc.movie_id)
Planning time: 5.947 ms
Execution time: 12113.375 ms
