Aggregate  (cost=53950.91..53950.92 rows=1 width=64) (actual time=280.168..280.168 rows=1 loops=1)
  ->  Nested Loop  (cost=2.12..53950.91 rows=1 width=33) (actual time=1.952..280.080 rows=104 loops=1)
        ->  Nested Loop  (cost=1.99..53950.75 rows=1 width=37) (actual time=1.948..279.885 rows=104 loops=1)
              ->  Nested Loop  (cost=1.56..53940.91 rows=2 width=25) (actual time=1.941..279.280 rows=112 loops=1)
                    ->  Nested Loop  (cost=1.42..53937.31 rows=23 width=29) (actual time=1.936..279.018 rows=151 loops=1)
                          Join Filter: (t.id = ci.movie_id)
                          ->  Nested Loop  (cost=0.86..52046.68 rows=981 width=29) (actual time=0.075..67.821 rows=4539 loops=1)
                                ->  Nested Loop  (cost=0.43..50769.51 rows=2476 width=8) (actual time=0.021..37.515 rows=8790 loops=1)
                                      ->  Seq Scan on company_name cn  (cost=0.00..5932.46 rows=223 width=4) (actual time=0.012..24.804 rows=1361 loops=1)
                                            Filter: ((country_code)::text = '[ru]'::text)
                                            Rows Removed by Filter: 233636
                                      ->  Index Scan using company_id_movie_companies on movie_companies mc  (cost=0.43..199.73 rows=133 width=12) (actual time=0.003..0.008 rows=6 loops=1361)
                                            Index Cond: (company_id = cn.id)
                                ->  Index Scan using title_pkey on title t  (cost=0.43..0.52 rows=1 width=21) (actual time=0.003..0.003 rows=1 loops=8790)
                                      Index Cond: (id = mc.movie_id)
                                      Filter: (production_year > 2005)
                                      Rows Removed by Filter: 0
                          ->  Index Scan using movie_id_cast_info on cast_info ci  (cost=0.56..1.91 rows=1 width=12) (actual time=0.044..0.046 rows=0 loops=4539)
                                Index Cond: (movie_id = mc.movie_id)
                                Filter: ((note ~~ '%(voice)%'::text) AND (note ~~ '%(uncredited)%'::text))
                                Rows Removed by Filter: 50
                    ->  Index Scan using role_type_pkey on role_type rt  (cost=0.14..0.16 rows=1 width=4) (actual time=0.001..0.001 rows=1 loops=151)
                          Index Cond: (id = ci.role_id)
                          Filter: ((role)::text = 'actor'::text)
                          Rows Removed by Filter: 0
              ->  Index Scan using char_name_pkey on char_name chn  (cost=0.43..4.92 rows=1 width=20) (actual time=0.005..0.005 rows=1 loops=112)
                    Index Cond: (id = ci.person_role_id)
        ->  Index Only Scan using company_type_pkey on company_type ct  (cost=0.13..0.15 rows=1 width=4) (actual time=0.001..0.001 rows=1 loops=104)
              Index Cond: (id = mc.company_type_id)
              Heap Fetches: 104
Planning time: 1.728 ms
Execution time: 280.229 ms
