Aggregate  (cost=74025.89..74025.90 rows=1 width=64) (actual time=110.515..110.515 rows=1 loops=1)
  ->  Nested Loop  (cost=2.12..74025.89 rows=1 width=33) (actual time=110.513..110.513 rows=0 loops=1)
        ->  Nested Loop  (cost=1.99..74025.73 rows=0 width=37) (actual time=110.513..110.513 rows=0 loops=1)
              ->  Nested Loop  (cost=1.56..74025.16 rows=0 width=25) (actual time=110.512..110.512 rows=0 loops=1)
                    ->  Nested Loop  (cost=1.42..73617.79 rows=2614 width=29) (actual time=1.713..108.193 rows=2614 loops=1)
                          Join Filter: (t.id = ci.movie_id)
                          ->  Nested Loop  (cost=0.86..71304.69 rows=1259 width=29) (actual time=1.694..59.911 rows=1259 loops=1)
                                ->  Nested Loop  (cost=0.43..66770.64 rows=8790 width=8) (actual time=0.020..34.628 rows=8790 loops=1)
                                      ->  Seq Scan on company_name cn  (cost=0.00..5932.46 rows=1361 width=4) (actual time=0.012..23.612 rows=1361 loops=1)
                                            Filter: ((country_code)::text = '[ru]'::text)
                                            Rows Removed by Filter: 233636
                                      ->  Index Scan using company_id_movie_companies on movie_companies mc  (cost=0.43..43.37 rows=133 width=12) (actual time=0.003..0.007 rows=6 loops=1361)
                                            Index Cond: (company_id = cn.id)
                                ->  Index Scan using title_pkey on title t  (cost=0.43..0.52 rows=1 width=21) (actual time=0.003..0.003 rows=0 loops=8790)
                                      Index Cond: (id = mc.movie_id)
                                      Filter: (production_year > 2010)
                                      Rows Removed by Filter: 1
                          ->  Index Scan using movie_id_cast_info on cast_info ci  (cost=0.56..1.82 rows=1 width=12) (actual time=0.021..0.038 rows=2 loops=1259)
                                Index Cond: (movie_id = mc.movie_id)
                                Filter: (note ~~ '%(producer)%'::text)
                                Rows Removed by Filter: 44
                    ->  Index Scan using role_type_pkey on role_type rt  (cost=0.14..0.16 rows=1 width=4) (actual time=0.001..0.001 rows=0 loops=2614)
                          Index Cond: (id = ci.role_id)
                          Filter: ((role)::text = 'actor'::text)
                          Rows Removed by Filter: 1
              ->  Index Scan using char_name_pkey on char_name chn  (cost=0.43..0.57 rows=1 width=20) (never executed)
                    Index Cond: (id = ci.person_role_id)
        ->  Index Only Scan using company_type_pkey on company_type ct  (cost=0.13..0.15 rows=1 width=4) (never executed)
              Index Cond: (id = mc.company_type_id)
              Heap Fetches: 0
Planning time: 1.581 ms
Execution time: 110.563 ms
