Aggregate  (cost=1029873.63..1029873.64 rows=1 width=64) (actual time=6277.431..6277.431 rows=1 loops=1)
  ->  Hash Join  (cost=942280.71..1027629.55 rows=448816 width=33) (actual time=5910.786..6277.377 rows=10 loops=1)
        Hash Cond: (ci.role_id = rt.id)
        ->  Hash Join  (cost=942279.44..1022293.91 rows=448816 width=37) (actual time=5910.768..6277.346 rows=10 loops=1)
              Hash Cond: (mc.company_type_id = ct.id)
              ->  Hash Join  (cost=942278.35..1017622.33 rows=448816 width=41) (actual time=5910.753..6277.320 rows=10 loops=1)
                    Hash Cond: (mc.company_id = cn.id)
                    ->  Hash Join  (cost=935285.35..994934.90 rows=1243126 width=45) (actual time=5854.422..6226.384 rows=23 loops=1)
                          Hash Cond: (mc.movie_id = t.id)
                          ->  Seq Scan on movie_companies mc  (cost=0.00..44881.29 rows=2609129 width=12) (actual time=0.009..189.636 rows=2609129 loops=1)
                          ->  Hash  (cost=929248.29..929248.29 rows=482965 width=45) (actual time=5735.899..5735.899 rows=12 loops=1)
                                Buckets: 524288  Batches: 1  Memory Usage: 4097kB
                                ->  Hash Join  (cost=196570.43..929248.29 rows=482965 width=45) (actual time=2338.583..5735.869 rows=12 loops=1)
                                      Hash Cond: (ci.movie_id = t.id)
                                      ->  Hash Join  (cost=107105.63..830969.34 rows=698150 width=24) (actual time=1462.464..4859.726 rows=15 loops=1)
                                            Hash Cond: (ci.person_role_id = chn.id)
                                            ->  Seq Scan on cast_info ci  (cost=0.00..705741.30 rows=1435439 width=12) (actual time=211.654..3542.554 rows=1435439 loops=1)
                                                  Filter: (note ~~ '%(producer)%'::text)
                                                  Rows Removed by Filter: 34808905
                                            ->  Hash  (cost=67851.39..67851.39 rows=3140339 width=20) (actual time=1242.299..1242.299 rows=3140339 loops=1)
                                                  Buckets: 4194304  Batches: 1  Memory Usage: 198037kB
                                                  ->  Seq Scan on char_name chn  (cost=0.00..67851.39 rows=3140339 width=20) (actual time=0.011..419.304 rows=3140339 loops=1)
                                      ->  Hash  (cost=67601.90..67601.90 rows=1749032 width=21) (actual time=871.398..871.398 rows=1749032 loops=1)
                                            Buckets: 2097152  Batches: 1  Memory Usage: 110019kB
                                            ->  Seq Scan on title t  (cost=0.00..67601.90 rows=1749032 width=21) (actual time=0.009..407.066 rows=1749032 loops=1)
                                                  Filter: (production_year > 1990)
                                                  Rows Removed by Filter: 779280
                    ->  Hash  (cost=5932.46..5932.46 rows=84843 width=4) (actual time=50.268..50.268 rows=84843 loops=1)
                          Buckets: 131072  Batches: 1  Memory Usage: 4007kB
                          ->  Seq Scan on company_name cn  (cost=0.00..5932.46 rows=84843 width=4) (actual time=0.007..33.411 rows=84843 loops=1)
                                Filter: ((country_code)::text = '[us]'::text)
                                Rows Removed by Filter: 150154
              ->  Hash  (cost=1.04..1.04 rows=4 width=4) (actual time=0.005..0.005 rows=4 loops=1)
                    Buckets: 1024  Batches: 1  Memory Usage: 9kB
                    ->  Seq Scan on company_type ct  (cost=0.00..1.04 rows=4 width=4) (actual time=0.001..0.002 rows=4 loops=1)
        ->  Hash  (cost=1.12..1.12 rows=12 width=4) (actual time=0.013..0.013 rows=12 loops=1)
              Buckets: 1024  Batches: 1  Memory Usage: 9kB
              ->  Seq Scan on role_type rt  (cost=0.00..1.12 rows=12 width=4) (actual time=0.005..0.007 rows=12 loops=1)
Planning time: 1.567 ms
Execution time: 6278.888 ms
