Aggregate  (cost=1028137.72..1028137.73 rows=1 width=64) (actual time=7730.764..7730.764 rows=1 loops=1)
  ->  Hash Join  (cost=941457.66..1025966.66 rows=434213 width=33) (actual time=7350.869..7730.705 rows=10 loops=1)
        Hash Cond: (ci.role_id = rt.id)
        ->  Hash Join  (cost=941456.39..1020804.58 rows=434213 width=37) (actual time=7350.856..7730.678 rows=10 loops=1)
              Hash Cond: (mc.company_type_id = ct.id)
              ->  Hash Join  (cost=941455.30..1016284.96 rows=434213 width=41) (actual time=7350.850..7730.658 rows=10 loops=1)
                    Hash Cond: (mc.company_id = cn.id)
                    ->  Hash Join  (cost=934470.64..993996.23 rows=1212207 width=45) (actual time=7297.942..7683.227 rows=23 loops=1)
                          Hash Cond: (mc.movie_id = t.id)
                          ->  Seq Scan on movie_companies mc  (cost=0.00..44881.29 rows=2609129 width=12) (actual time=0.007..191.411 rows=2609129 loops=1)
                          ->  Hash  (cost=928583.72..928583.72 rows=470953 width=45) (actual time=7177.999..7177.999 rows=12 loops=1)
                                Buckets: 524288  Batches: 1  Memory Usage: 4097kB
                                ->  Hash Join  (cost=196543.71..928583.72 rows=470953 width=45) (actual time=2410.909..7177.970 rows=12 loops=1)
                                      Hash Cond: (ci.movie_id = t.id)
                                      ->  Hash Join  (cost=107105.63..830540.21 rows=681618 width=24) (actual time=1552.905..6319.941 rows=15 loops=1)
                                            Hash Cond: (ci.person_role_id = chn.id)
                                            ->  Seq Scan on cast_info ci  (cost=0.00..705741.30 rows=1401448 width=12) (actual time=321.754..5021.239 rows=1435439 loops=1)
                                                  Filter: (note ~~ '%(producer)%'::text)
                                                  Rows Removed by Filter: 34808905
                                            ->  Hash  (cost=67851.39..67851.39 rows=3140339 width=20) (actual time=1222.748..1222.748 rows=3140339 loops=1)
                                                  Buckets: 4194304  Batches: 1  Memory Usage: 198037kB
                                                  ->  Seq Scan on char_name chn  (cost=0.00..67851.39 rows=3140339 width=20) (actual time=0.010..415.100 rows=3140339 loops=1)
                                      ->  Hash  (cost=67601.90..67601.90 rows=1746895 width=21) (actual time=853.298..853.298 rows=1749032 loops=1)
                                            Buckets: 2097152  Batches: 1  Memory Usage: 110019kB
                                            ->  Seq Scan on title t  (cost=0.00..67601.90 rows=1746895 width=21) (actual time=0.008..402.021 rows=1749032 loops=1)
                                                  Filter: (production_year > 1990)
                                                  Rows Removed by Filter: 779280
                    ->  Hash  (cost=5932.46..5932.46 rows=84176 width=4) (actual time=47.047..47.047 rows=84843 loops=1)
                          Buckets: 131072  Batches: 1  Memory Usage: 4007kB
                          ->  Seq Scan on company_name cn  (cost=0.00..5932.46 rows=84176 width=4) (actual time=0.006..32.928 rows=84843 loops=1)
                                Filter: ((country_code)::text = '[us]'::text)
                                Rows Removed by Filter: 150154
              ->  Hash  (cost=1.04..1.04 rows=4 width=4) (actual time=0.003..0.003 rows=4 loops=1)
                    Buckets: 1024  Batches: 1  Memory Usage: 9kB
                    ->  Seq Scan on company_type ct  (cost=0.00..1.04 rows=4 width=4) (actual time=0.001..0.002 rows=4 loops=1)
        ->  Hash  (cost=1.12..1.12 rows=12 width=4) (actual time=0.008..0.008 rows=12 loops=1)
              Buckets: 1024  Batches: 1  Memory Usage: 9kB
              ->  Seq Scan on role_type rt  (cost=0.00..1.12 rows=12 width=4) (actual time=0.004..0.005 rows=12 loops=1)
Planning time: 1.551 ms
Execution time: 7732.245 ms
