Aggregate  (cost=830998.82..830998.83 rows=1 width=64) (actual time=4824.523..4824.523 rows=1 loops=1)
  ->  Hash Join  (cost=107109.27..830998.77 rows=10 width=33) (actual time=1454.335..4824.487 rows=10 loops=1)
        Hash Cond: (ci.role_id = rt.id)
        ->  Hash Join  (cost=107108.00..830997.39 rows=10 width=37) (actual time=1454.306..4824.452 rows=10 loops=1)
              Hash Cond: (mc.company_type_id = ct.id)
              ->  Nested Loop  (cost=107106.91..830996.19 rows=10 width=41) (actual time=1454.291..4824.431 rows=10 loops=1)
                    ->  Nested Loop  (cost=107106.49..830984.16 rows=27 width=45) (actual time=1454.275..4824.272 rows=23 loops=1)
                          ->  Nested Loop  (cost=107106.06..830977.89 rows=10 width=45) (actual time=1454.261..4824.142 rows=12 loops=1)
                                ->  Hash Join  (cost=107105.63..830969.34 rows=15 width=24) (actual time=1454.237..4823.953 rows=15 loops=1)
                                      Hash Cond: (ci.person_role_id = chn.id)
                                      ->  Seq Scan on cast_info ci  (cost=0.00..705741.30 rows=1435439 width=12) (actual time=211.934..3515.480 rows=1435439 loops=1)
                                            Filter: (note ~~ '%(producer)%'::text)
                                            Rows Removed by Filter: 34808905
                                      ->  Hash  (cost=67851.39..67851.39 rows=3140339 width=20) (actual time=1233.562..1233.562 rows=3140339 loops=1)
                                            Buckets: 4194304  Batches: 1  Memory Usage: 198037kB
                                            ->  Seq Scan on char_name chn  (cost=0.00..67851.39 rows=3140339 width=20) (actual time=0.011..417.273 rows=3140339 loops=1)
                                ->  Index Scan using title_pkey on title t  (cost=0.43..0.57 rows=1 width=21) (actual time=0.010..0.010 rows=1 loops=15)
                                      Index Cond: (id = ci.movie_id)
                                      Filter: (production_year > 1990)
                                      Rows Removed by Filter: 0
                          ->  Index Scan using movie_id_movie_companies on movie_companies mc  (cost=0.43..0.58 rows=5 width=12) (actual time=0.008..0.009 rows=2 loops=12)
                                Index Cond: (movie_id = t.id)
                    ->  Index Scan using company_name_pkey on company_name cn  (cost=0.42..0.45 rows=1 width=4) (actual time=0.006..0.006 rows=0 loops=23)
                          Index Cond: (id = mc.company_id)
                          Filter: ((country_code)::text = '[us]'::text)
                          Rows Removed by Filter: 1
              ->  Hash  (cost=1.04..1.04 rows=4 width=4) (actual time=0.005..0.005 rows=4 loops=1)
                    Buckets: 1024  Batches: 1  Memory Usage: 9kB
                    ->  Seq Scan on company_type ct  (cost=0.00..1.04 rows=4 width=4) (actual time=0.002..0.002 rows=4 loops=1)
        ->  Hash  (cost=1.12..1.12 rows=12 width=4) (actual time=0.012..0.012 rows=12 loops=1)
              Buckets: 1024  Batches: 1  Memory Usage: 9kB
              ->  Seq Scan on role_type rt  (cost=0.00..1.12 rows=12 width=4) (actual time=0.005..0.007 rows=12 loops=1)
Planning time: 1.695 ms
Execution time: 4825.567 ms
