Aggregate  (cost=8728.28..8728.29 rows=1 width=96) (actual time=41.536..41.537 rows=1 loops=1)
  ->  Nested Loop  (cost=3545.26..8728.27 rows=1 width=48) (actual time=18.151..41.401 rows=310 loops=1)
        Join Filter: (ml.movie_id = t.id)
        ->  Nested Loop  (cost=3544.83..8727.77 rows=1 width=43) (actual time=18.137..40.708 rows=402 loops=1)
              ->  Nested Loop  (cost=3544.70..8727.60 rows=1 width=47) (actual time=18.116..40.273 rows=422 loops=1)
                    ->  Nested Loop  (cost=3544.28..8727.14 rows=1 width=32) (actual time=14.453..38.436 rows=1021 loops=1)
                          Join Filter: (ml.movie_id = mc.movie_id)
                          ->  Hash Join  (cost=3543.85..8726.56 rows=1 width=20) (actual time=14.440..37.620 rows=199 loops=1)
                                Hash Cond: (mk.keyword_id = k.id)
                                ->  Merge Join  (cost=917.72..5149.67 rows=75308 width=24) (actual time=5.721..27.953 rows=17543 loops=1)
                                      Merge Cond: (mk.movie_id = ml.movie_id)
                                      ->  Index Scan using movie_id_movie_keyword on movie_keyword mk  (cost=0.43..141990.43 rows=4523930 width=8) (actual time=0.007..12.713 rows=97855 loops=1)
                                      ->  Sort  (cost=917.28..921.45 rows=1666 width=16) (actual time=5.692..6.599 rows=18063 loops=1)
                                            Sort Key: ml.movie_id
                                            Sort Method: quicksort  Memory: 205kB
                                            ->  Hash Join  (cost=1.24..828.13 rows=1666 width=16) (actual time=0.032..5.123 rows=2315 loops=1)
                                                  Hash Cond: (ml.link_type_id = lt.id)
                                                  ->  Seq Scan on movie_link ml  (cost=0.00..462.97 rows=29997 width=8) (actual time=0.006..2.211 rows=29997 loops=1)
                                                  ->  Hash  (cost=1.23..1.23 rows=1 width=16) (actual time=0.011..0.011 rows=2 loops=1)
                                                        Buckets: 1024  Batches: 1  Memory Usage: 9kB
                                                        ->  Seq Scan on link_type lt  (cost=0.00..1.23 rows=1 width=16) (actual time=0.003..0.006 rows=2 loops=1)
                                                              Filter: ((link)::text ~~ '%follow%'::text)
                                                              Rows Removed by Filter: 16
                                ->  Hash  (cost=2626.12..2626.12 rows=1 width=4) (actual time=8.444..8.444 rows=1 loops=1)
                                      Buckets: 1024  Batches: 1  Memory Usage: 9kB
                                      ->  Seq Scan on keyword k  (cost=0.00..2626.12 rows=1 width=4) (actual time=0.541..8.443 rows=1 loops=1)
                                            Filter: (keyword = 'sequel'::text)
                                            Rows Removed by Filter: 134169
                          ->  Index Scan using movie_id_movie_companies on movie_companies mc  (cost=0.43..0.54 rows=3 width=12) (actual time=0.002..0.003 rows=5 loops=199)
                                Index Cond: (movie_id = mk.movie_id)
                                Filter: (note IS NULL)
                                Rows Removed by Filter: 2
                    ->  Index Scan using company_name_pkey on company_name cn  (cost=0.42..0.46 rows=1 width=23) (actual time=0.002..0.002 rows=0 loops=1021)
                          Index Cond: (id = mc.company_id)
                          Filter: (((country_code)::text <> '[pl]'::text) AND ((name ~~ '%Film%'::text) OR (name ~~ '%Warner%'::text)))
                          Rows Removed by Filter: 1
              ->  Index Scan using company_type_pkey on company_type ct  (cost=0.13..0.15 rows=1 width=4) (actual time=0.001..0.001 rows=1 loops=422)
                    Index Cond: (id = mc.company_type_id)
                    Filter: ((kind)::text = 'production companies'::text)
                    Rows Removed by Filter: 0
        ->  Index Scan using title_pkey on title t  (cost=0.43..0.49 rows=1 width=21) (actual time=0.001..0.001 rows=1 loops=402)
              Index Cond: (id = mk.movie_id)
              Filter: ((production_year >= 1950) AND (production_year <= 2000))
              Rows Removed by Filter: 0
Planning time: 3.319 ms
Execution time: 41.630 ms
