Aggregate  (cost=5723.59..5723.60 rows=1 width=96) (actual time=6.648..6.648 rows=1 loops=1)
  ->  Nested Loop  (cost=3.50..5723.58 rows=1 width=48) (actual time=5.317..6.638 rows=14 loops=1)
        ->  Nested Loop  (cost=3.08..5723.12 rows=1 width=52) (actual time=5.303..6.555 rows=56 loops=1)
              Join Filter: (ml.movie_id = mk.movie_id)
              ->  Nested Loop  (cost=2.65..5721.22 rows=1 width=60) (actual time=5.298..6.507 rows=14 loops=1)
                    ->  Nested Loop  (cost=2.52..5721.05 rows=1 width=64) (actual time=5.295..6.492 rows=14 loops=1)
                          ->  Nested Loop  (cost=2.10..5720.60 rows=1 width=49) (actual time=5.288..6.451 rows=21 loops=1)
                                ->  Nested Loop  (cost=1.67..5692.95 rows=7 width=37) (actual time=5.281..6.426 rows=7 loops=1)
                                      ->  Hash Join  (cost=1.24..828.13 rows=1158 width=16) (actual time=0.028..4.388 rows=1158 loops=1)
                                            Hash Cond: (ml.link_type_id = lt.id)
                                            ->  Seq Scan on movie_link ml  (cost=0.00..462.97 rows=29997 width=8) (actual time=0.006..1.961 rows=29997 loops=1)
                                            ->  Hash  (cost=1.23..1.23 rows=1 width=16) (actual time=0.007..0.007 rows=1 loops=1)
                                                  Buckets: 1024  Batches: 1  Memory Usage: 9kB
                                                  ->  Seq Scan on link_type lt  (cost=0.00..1.23 rows=1 width=16) (actual time=0.003..0.006 rows=1 loops=1)
                                                        Filter: ((link)::text ~~ '%follows%'::text)
                                                        Rows Removed by Filter: 17
                                      ->  Index Scan using title_pkey on title t  (cost=0.43..4.20 rows=1 width=21) (actual time=0.002..0.002 rows=0 loops=1158)
                                            Index Cond: (id = ml.movie_id)
                                            Filter: ((title ~~ '%Money%'::text) AND (production_year = 1998))
                                            Rows Removed by Filter: 1
                                ->  Index Scan using movie_id_movie_companies on movie_companies mc  (cost=0.43..3.92 rows=3 width=12) (actual time=0.002..0.003 rows=3 loops=7)
                                      Index Cond: (movie_id = ml.movie_id)
                                      Filter: (note IS NULL)
                                      Rows Removed by Filter: 1
                          ->  Index Scan using company_name_pkey on company_name cn  (cost=0.42..0.46 rows=1 width=23) (actual time=0.002..0.002 rows=1 loops=21)
                                Index Cond: (id = mc.company_id)
                                Filter: (((country_code)::text <> '[pl]'::text) AND ((name ~~ '%Film%'::text) OR (name ~~ '%Warner%'::text)))
                                Rows Removed by Filter: 0
                    ->  Index Scan using company_type_pkey on company_type ct  (cost=0.13..0.15 rows=1 width=4) (actual time=0.001..0.001 rows=1 loops=14)
                          Index Cond: (id = mc.company_type_id)
                          Filter: ((kind)::text = 'production companies'::text)
              ->  Index Scan using movie_id_movie_keyword on movie_keyword mk  (cost=0.43..1.34 rows=45 width=8) (actual time=0.002..0.003 rows=4 loops=14)
                    Index Cond: (movie_id = mc.movie_id)
        ->  Index Scan using keyword_pkey on keyword k  (cost=0.42..0.44 rows=1 width=4) (actual time=0.001..0.001 rows=0 loops=56)
              Index Cond: (id = mk.keyword_id)
              Filter: (keyword = 'sequel'::text)
              Rows Removed by Filter: 1
Planning time: 3.361 ms
Execution time: 6.705 ms
