Aggregate  (cost=5761.83..5761.84 rows=1 width=96) (actual time=6.641..6.641 rows=1 loops=1)
  ->  Nested Loop  (cost=3.50..5761.73 rows=14 width=48) (actual time=5.378..6.630 rows=14 loops=1)
        ->  Nested Loop  (cost=3.37..5759.59 rows=14 width=52) (actual time=5.375..6.617 rows=14 loops=1)
              ->  Nested Loop  (cost=2.95..5750.00 rows=21 width=37) (actual time=5.369..6.577 rows=21 loops=1)
                    Join Filter: (ml.movie_id = mc.movie_id)
                    ->  Nested Loop  (cost=2.52..5745.96 rows=7 width=41) (actual time=5.363..6.552 rows=7 loops=1)
                          ->  Nested Loop  (cost=2.10..5733.58 rows=28 width=45) (actual time=5.348..6.505 rows=28 loops=1)
                                ->  Nested Loop  (cost=1.67..5692.95 rows=7 width=37) (actual time=5.343..6.484 rows=7 loops=1)
                                      ->  Hash Join  (cost=1.24..828.13 rows=1158 width=16) (actual time=0.029..4.453 rows=1158 loops=1)
                                            Hash Cond: (ml.link_type_id = lt.id)
                                            ->  Seq Scan on movie_link ml  (cost=0.00..462.97 rows=29997 width=8) (actual time=0.007..1.998 rows=29997 loops=1)
                                            ->  Hash  (cost=1.23..1.23 rows=1 width=16) (actual time=0.007..0.007 rows=1 loops=1)
                                                  Buckets: 1024  Batches: 1  Memory Usage: 9kB
                                                  ->  Seq Scan on link_type lt  (cost=0.00..1.23 rows=1 width=16) (actual time=0.003..0.006 rows=1 loops=1)
                                                        Filter: ((link)::text ~~ '%follows%'::text)
                                                        Rows Removed by Filter: 17
                                      ->  Index Scan using title_pkey on title t  (cost=0.43..4.20 rows=1 width=21) (actual time=0.002..0.002 rows=0 loops=1158)
                                            Index Cond: (id = ml.movie_id)
                                            Filter: ((title ~~ '%Money%'::text) AND (production_year = 1998))
                                            Rows Removed by Filter: 1
                                ->  Index Scan using movie_id_movie_keyword on movie_keyword mk  (cost=0.43..5.35 rows=45 width=8) (actual time=0.002..0.002 rows=4 loops=7)
                                      Index Cond: (movie_id = ml.movie_id)
                          ->  Index Scan using keyword_pkey on keyword k  (cost=0.42..0.44 rows=1 width=4) (actual time=0.001..0.001 rows=0 loops=28)
                                Index Cond: (id = mk.keyword_id)
                                Filter: (keyword = 'sequel'::text)
                                Rows Removed by Filter: 1
                    ->  Index Scan using movie_id_movie_companies on movie_companies mc  (cost=0.43..0.54 rows=3 width=12) (actual time=0.002..0.003 rows=3 loops=7)
                          Index Cond: (movie_id = mk.movie_id)
                          Filter: (note IS NULL)
                          Rows Removed by Filter: 1
              ->  Index Scan using company_name_pkey on company_name cn  (cost=0.42..0.46 rows=1 width=23) (actual time=0.002..0.002 rows=1 loops=21)
                    Index Cond: (id = mc.company_id)
                    Filter: (((country_code)::text <> '[pl]'::text) AND ((name ~~ '%Film%'::text) OR (name ~~ '%Warner%'::text)))
                    Rows Removed by Filter: 0
        ->  Index Scan using company_type_pkey on company_type ct  (cost=0.13..0.15 rows=1 width=4) (actual time=0.001..0.001 rows=1 loops=14)
              Index Cond: (id = mc.company_type_id)
              Filter: ((kind)::text = 'production companies'::text)
Planning time: 3.311 ms
Execution time: 6.700 ms
