Aggregate  (cost=15777.79..15777.80 rows=1 width=96) (actual time=1564.194..1564.195 rows=1 loops=1)
  ->  Nested Loop  (cost=7111.99..15777.78 rows=1 width=60) (actual time=39.425..1560.967 rows=6946 loops=1)
        ->  Nested Loop  (cost=7111.85..15777.63 rows=1 width=64) (actual time=39.419..1553.877 rows=6946 loops=1)
              ->  Nested Loop  (cost=7111.43..15360.42 rows=943 width=68) (actual time=37.125..378.234 rows=780776 loops=1)
                    Join Filter: (ml.movie_id = mk.movie_id)
                    ->  Nested Loop  (cost=7111.00..15316.09 rows=24 width=76) (actual time=37.117..137.085 rows=8393 loops=1)
                          Join Filter: (ml.movie_id = t.id)
                          ->  Hash Join  (cost=7110.57..15300.72 rows=26 width=55) (actual time=37.104..122.498 rows=8393 loops=1)
                                Hash Cond: (mc.company_type_id = ct.id)
                                ->  Hash Join  (cost=7109.48..15299.28 rows=35 width=59) (actual time=37.091..120.467 rows=8402 loops=1)
                                      Hash Cond: (mc.company_id = cn.id)
                                      ->  Merge Join  (cost=0.92..7024.71 rows=92357 width=44) (actual time=0.013..77.301 rows=105089 loops=1)
                                            Merge Cond: (ml.movie_id = mc.movie_id)
                                            ->  Index Scan using movie_id_movie_link on movie_link ml  (cost=0.29..959.51 rows=29997 width=8) (actual time=0.006..4.174 rows=29997 loops=1)
                                            ->  Index Scan using movie_id_movie_companies on movie_companies mc  (cost=0.43..131253.73 rows=1337140 width=36) (actual time=0.006..54.097 rows=148092 loops=1)
                                                  Filter: (note IS NOT NULL)
                                                  Rows Removed by Filter: 116440
                                      ->  Hash  (cost=7107.45..7107.45 rows=89 width=23) (actual time=33.972..33.972 rows=89 loops=1)
                                            Buckets: 1024  Batches: 1  Memory Usage: 14kB
                                            ->  Seq Scan on company_name cn  (cost=0.00..7107.45 rows=89 width=23) (actual time=0.168..33.952 rows=89 loops=1)
                                                  Filter: (((country_code)::text <> '[pl]'::text) AND ((name ~~ '20th Century Fox%'::text) OR (name ~~ 'Twentieth Century Fox%'::text)))
                                                  Rows Removed by Filter: 234908
                                ->  Hash  (cost=1.05..1.05 rows=3 width=4) (actual time=0.008..0.008 rows=3 loops=1)
                                      Buckets: 1024  Batches: 1  Memory Usage: 9kB
                                      ->  Seq Scan on company_type ct  (cost=0.00..1.05 rows=3 width=4) (actual time=0.005..0.006 rows=3 loops=1)
                                            Filter: ((kind IS NOT NULL) AND ((kind)::text <> 'production companies'::text))
                                            Rows Removed by Filter: 1
                          ->  Index Scan using title_pkey on title t  (cost=0.43..0.58 rows=1 width=21) (actual time=0.001..0.001 rows=1 loops=8393)
                                Index Cond: (id = mc.movie_id)
                                Filter: (production_year > 1950)
                    ->  Index Scan using movie_id_movie_keyword on movie_keyword mk  (cost=0.43..1.28 rows=45 width=8) (actual time=0.003..0.014 rows=93 loops=8393)
                          Index Cond: (movie_id = t.id)
              ->  Index Scan using keyword_pkey on keyword k  (cost=0.42..0.44 rows=1 width=4) (actual time=0.001..0.001 rows=0 loops=780776)
                    Index Cond: (id = mk.keyword_id)
                    Filter: (keyword = ANY ('{sequel,revenge,based-on-novel}'::text[]))
                    Rows Removed by Filter: 1
        ->  Index Only Scan using link_type_pkey on link_type lt  (cost=0.14..0.16 rows=1 width=4) (actual time=0.001..0.001 rows=1 loops=6946)
              Index Cond: (id = ml.link_type_id)
              Heap Fetches: 6946
Planning time: 3.275 ms
Execution time: 1564.267 ms
