Aggregate  (cost=15701.16..15701.17 rows=1 width=96) (actual time=1559.979..1559.979 rows=1 loops=1)
  ->  Nested Loop  (cost=7111.84..15701.15 rows=1 width=60) (actual time=39.008..1556.783 rows=6946 loops=1)
        ->  Nested Loop  (cost=7111.70..15700.99 rows=1 width=64) (actual time=38.981..1549.689 rows=6946 loops=1)
              ->  Nested Loop  (cost=7111.28..15342.62 rows=810 width=68) (actual time=36.585..377.475 rows=780776 loops=1)
                    Join Filter: (ml.movie_id = mk.movie_id)
                    ->  Nested Loop  (cost=7110.85..15303.84 rows=21 width=76) (actual time=36.576..138.065 rows=8393 loops=1)
                          Join Filter: (ml.movie_id = t.id)
                          ->  Hash Join  (cost=7110.42..15290.23 rows=23 width=55) (actual time=36.563..123.579 rows=8393 loops=1)
                                Hash Cond: (mc.company_type_id = ct.id)
                                ->  Hash Join  (cost=7109.33..15288.83 rows=30 width=59) (actual time=36.550..121.537 rows=8402 loops=1)
                                      Hash Cond: (mc.company_id = cn.id)
                                      ->  Merge Join  (cost=0.92..7019.85 rows=91927 width=44) (actual time=0.015..78.798 rows=105089 loops=1)
                                            Merge Cond: (ml.movie_id = mc.movie_id)
                                            ->  Index Scan using movie_id_movie_link on movie_link ml  (cost=0.29..959.51 rows=29997 width=8) (actual time=0.006..4.932 rows=29997 loops=1)
                                            ->  Index Scan using movie_id_movie_companies on movie_companies mc  (cost=0.43..131253.73 rows=1330917 width=36) (actual time=0.007..54.858 rows=148092 loops=1)
                                                  Filter: (note IS NOT NULL)
                                                  Rows Removed by Filter: 116440
                                      ->  Hash  (cost=7107.45..7107.45 rows=77 width=23) (actual time=33.494..33.494 rows=89 loops=1)
                                            Buckets: 1024  Batches: 1  Memory Usage: 14kB
                                            ->  Seq Scan on company_name cn  (cost=0.00..7107.45 rows=77 width=23) (actual time=0.168..33.474 rows=89 loops=1)
                                                  Filter: (((country_code)::text <> '[pl]'::text) AND ((name ~~ '20th Century Fox%'::text) OR (name ~~ 'Twentieth Century Fox%'::text)))
                                                  Rows Removed by Filter: 234908
                                ->  Hash  (cost=1.05..1.05 rows=3 width=4) (actual time=0.008..0.008 rows=3 loops=1)
                                      Buckets: 1024  Batches: 1  Memory Usage: 9kB
                                      ->  Seq Scan on company_type ct  (cost=0.00..1.05 rows=3 width=4) (actual time=0.005..0.006 rows=3 loops=1)
                                            Filter: ((kind IS NOT NULL) AND ((kind)::text <> 'production companies'::text))
                                            Rows Removed by Filter: 1
                          ->  Index Scan using title_pkey on title t  (cost=0.43..0.58 rows=1 width=21) (actual time=0.001..0.001 rows=1 loops=8393)
                                Index Cond: (id = mc.movie_id)
                                Filter: (production_year > 1950)
                    ->  Index Scan using movie_id_movie_keyword on movie_keyword mk  (cost=0.43..1.28 rows=45 width=8) (actual time=0.003..0.014 rows=93 loops=8393)
                          Index Cond: (movie_id = t.id)
              ->  Index Scan using keyword_pkey on keyword k  (cost=0.42..0.44 rows=1 width=4) (actual time=0.001..0.001 rows=0 loops=780776)
                    Index Cond: (id = mk.keyword_id)
                    Filter: (keyword = ANY ('{sequel,revenge,based-on-novel}'::text[]))
                    Rows Removed by Filter: 1
        ->  Index Only Scan using link_type_pkey on link_type lt  (cost=0.14..0.16 rows=1 width=4) (actual time=0.001..0.001 rows=1 loops=6946)
              Index Cond: (id = ml.link_type_id)
              Heap Fetches: 6946
Planning time: 3.248 ms
Execution time: 1560.046 ms
