Aggregate  (cost=31298.23..31298.24 rows=1 width=96) (actual time=202.330..202.330 rows=1 loops=1)
  ->  Hash Join  (cost=25112.89..31297.82 rows=54 width=60) (actual time=121.454..197.169 rows=14899 loops=1)
        Hash Cond: (ml.link_type_id = lt.id)
        ->  Nested Loop  (cost=25111.49..31295.76 rows=54 width=64) (actual time=121.438..194.221 rows=14899 loops=1)
              Join Filter: (ml.movie_id = t.id)
              ->  Nested Loop  (cost=25111.06..31265.74 rows=60 width=59) (actual time=121.429..172.355 rows=14899 loops=1)
                    ->  Hash Join  (cost=25110.64..31232.82 rows=73 width=44) (actual time=121.397..150.675 rows=14916 loops=1)
                          Hash Cond: (mc.company_type_id = ct.id)
                          ->  Merge Join  (cost=25109.55..30831.88 rows=38424 width=48) (actual time=121.388..147.660 rows=15510 loops=1)
                                Merge Cond: (mc.movie_id = ml.movie_id)
                                ->  Index Scan using movie_id_movie_companies on movie_companies mc  (cost=0.43..131253.73 rows=1337140 width=36) (actual time=0.006..20.532 rows=42219 loops=1)
                                      Filter: (note IS NOT NULL)
                                      Rows Removed by Filter: 41437
                                ->  Sort  (cost=25109.09..25144.61 rows=14208 width=12) (actual time=121.191..122.149 rows=15913 loops=1)
                                      Sort Key: mk.movie_id
                                      Sort Method: quicksort  Memory: 117kB
                                      ->  Hash Join  (cost=2794.87..24129.13 rows=14208 width=12) (actual time=14.720..121.028 rows=1460 loops=1)
                                            Hash Cond: (mk.keyword_id = k.id)
                                            ->  Merge Join  (cost=1.00..17696.85 rows=288192 width=16) (actual time=0.014..88.983 rows=288192 loops=1)
                                                  Merge Cond: (ml.movie_id = mk.movie_id)
                                                  ->  Index Scan using movie_id_movie_link on movie_link ml  (cost=0.29..959.51 rows=29997 width=8) (actual time=0.006..3.794 rows=29997 loops=1)
                                                  ->  Index Scan using movie_id_movie_keyword on movie_keyword mk  (cost=0.43..141990.43 rows=4523930 width=8) (actual time=0.006..41.684 rows=360976 loops=1)
                                            ->  Hash  (cost=2793.84..2793.84 rows=3 width=4) (actual time=14.039..14.039 rows=3 loops=1)
                                                  Buckets: 1024  Batches: 1  Memory Usage: 9kB
                                                  ->  Seq Scan on keyword k  (cost=0.00..2793.84 rows=3 width=4) (actual time=0.611..14.038 rows=3 loops=1)
                                                        Filter: (keyword = ANY ('{sequel,revenge,based-on-novel}'::text[]))
                                                        Rows Removed by Filter: 134167
                          ->  Hash  (cost=1.05..1.05 rows=3 width=4) (actual time=0.004..0.004 rows=3 loops=1)
                                Buckets: 1024  Batches: 1  Memory Usage: 9kB
                                ->  Seq Scan on company_type ct  (cost=0.00..1.05 rows=3 width=4) (actual time=0.002..0.003 rows=3 loops=1)
                                      Filter: ((kind IS NOT NULL) AND ((kind)::text <> 'production companies'::text))
                                      Rows Removed by Filter: 1
                    ->  Index Scan using company_name_pkey on company_name cn  (cost=0.42..0.45 rows=1 width=23) (actual time=0.001..0.001 rows=1 loops=14916)
                          Index Cond: (id = mc.company_id)
                          Filter: ((country_code)::text <> '[pl]'::text)
                          Rows Removed by Filter: 0
              ->  Index Scan using title_pkey on title t  (cost=0.43..0.49 rows=1 width=21) (actual time=0.001..0.001 rows=1 loops=14899)
                    Index Cond: (id = mk.movie_id)
                    Filter: (production_year > 1950)
        ->  Hash  (cost=1.18..1.18 rows=18 width=4) (actual time=0.011..0.011 rows=18 loops=1)
              Buckets: 1024  Batches: 1  Memory Usage: 9kB
              ->  Seq Scan on link_type lt  (cost=0.00..1.18 rows=18 width=4) (actual time=0.005..0.008 rows=18 loops=1)
Planning time: 3.186 ms
Execution time: 202.402 ms
