Aggregate  (cost=37668.99..37669.00 rows=1 width=96) (actual time=163.877..163.877 rows=1 loops=1)
  ->  Nested Loop  (cost=2798.64..37668.62 rows=50 width=60) (actual time=14.439..158.521 rows=14899 loops=1)
        ->  Hash Join  (cost=2798.22..37643.82 rows=55 width=45) (actual time=14.432..137.650 rows=14916 loops=1)
              Hash Cond: (mc.company_type_id = ct.id)
              ->  Nested Loop  (cost=2797.14..37641.96 rows=74 width=49) (actual time=14.417..134.865 rows=15510 loops=1)
                    Join Filter: (ml.movie_id = mc.movie_id)
                    ->  Hash Join  (cost=2796.71..37626.35 rows=27 width=29) (actual time=14.409..127.259 rows=1460 loops=1)
                          Hash Cond: (ml.link_type_id = lt.id)
                          ->  Nested Loop  (cost=2795.30..37624.62 rows=27 width=33) (actual time=14.398..126.937 rows=1460 loops=1)
                                Join Filter: (ml.movie_id = t.id)
                                ->  Hash Join  (cost=2794.87..37609.61 rows=30 width=12) (actual time=14.385..124.268 rows=1460 loops=1)
                                      Hash Cond: (mk.keyword_id = k.id)
                                      ->  Merge Join  (cost=1.00..17696.85 rows=1355958 width=16) (actual time=0.017..91.866 rows=288192 loops=1)
                                            Merge Cond: (ml.movie_id = mk.movie_id)
                                            ->  Index Scan using movie_id_movie_link on movie_link ml  (cost=0.29..959.51 rows=29997 width=8) (actual time=0.008..4.035 rows=29997 loops=1)
                                            ->  Index Scan using movie_id_movie_keyword on movie_keyword mk  (cost=0.43..141990.43 rows=4523930 width=8) (actual time=0.007..42.563 rows=360976 loops=1)
                                      ->  Hash  (cost=2793.84..2793.84 rows=3 width=4) (actual time=13.711..13.711 rows=3 loops=1)
                                            Buckets: 1024  Batches: 1  Memory Usage: 9kB
                                            ->  Seq Scan on keyword k  (cost=0.00..2793.84 rows=3 width=4) (actual time=0.617..13.709 rows=3 loops=1)
                                                  Filter: (keyword = ANY ('{sequel,revenge,based-on-novel}'::text[]))
                                                  Rows Removed by Filter: 134167
                                ->  Index Scan using title_pkey on title t  (cost=0.43..0.49 rows=1 width=21) (actual time=0.001..0.001 rows=1 loops=1460)
                                      Index Cond: (id = mk.movie_id)
                                      Filter: (production_year > 1950)
                          ->  Hash  (cost=1.18..1.18 rows=18 width=4) (actual time=0.007..0.007 rows=18 loops=1)
                                Buckets: 1024  Batches: 1  Memory Usage: 9kB
                                ->  Seq Scan on link_type lt  (cost=0.00..1.18 rows=18 width=4) (actual time=0.003..0.005 rows=18 loops=1)
                    ->  Index Scan using movie_id_movie_companies on movie_companies mc  (cost=0.43..0.54 rows=3 width=36) (actual time=0.002..0.004 rows=11 loops=1460)
                          Index Cond: (movie_id = mk.movie_id)
                          Filter: (note IS NOT NULL)
                          Rows Removed by Filter: 2
              ->  Hash  (cost=1.05..1.05 rows=3 width=4) (actual time=0.010..0.010 rows=3 loops=1)
                    Buckets: 1024  Batches: 1  Memory Usage: 9kB
                    ->  Seq Scan on company_type ct  (cost=0.00..1.05 rows=3 width=4) (actual time=0.007..0.008 rows=3 loops=1)
                          Filter: ((kind IS NOT NULL) AND ((kind)::text <> 'production companies'::text))
                          Rows Removed by Filter: 1
        ->  Index Scan using company_name_pkey on company_name cn  (cost=0.42..0.45 rows=1 width=23) (actual time=0.001..0.001 rows=1 loops=14916)
              Index Cond: (id = mc.company_id)
              Filter: ((country_code)::text <> '[pl]'::text)
              Rows Removed by Filter: 0
Planning time: 3.322 ms
Execution time: 163.955 ms
