Aggregate  (cost=25618.69..25618.70 rows=1 width=96) (actual time=188.929..188.929 rows=1 loops=1)
  ->  Hash Join  (cost=2798.64..25618.21 rows=65 width=60) (actual time=15.064..183.349 rows=14899 loops=1)
        Hash Cond: (ml.link_type_id = lt.id)
        ->  Nested Loop  (cost=2797.24..25616.02 rows=65 width=64) (actual time=15.047..180.345 rows=14899 loops=1)
              Join Filter: (ml.movie_id = t.id)
              ->  Nested Loop  (cost=2796.81..25579.98 rows=72 width=59) (actual time=15.028..158.827 rows=14899 loops=1)
                    ->  Hash Join  (cost=2796.39..25502.43 rows=172 width=44) (actual time=15.020..135.455 rows=14916 loops=1)
                          Hash Cond: (mc.company_type_id = ct.id)
                          ->  Nested Loop  (cost=2795.30..24972.93 rows=50778 width=48) (actual time=15.012..132.420 rows=15510 loops=1)
                                Join Filter: (ml.movie_id = mc.movie_id)
                                ->  Hash Join  (cost=2794.87..24129.13 rows=1460 width=12) (actual time=15.000..124.441 rows=1460 loops=1)
                                      Hash Cond: (mk.keyword_id = k.id)
                                      ->  Merge Join  (cost=1.00..17696.85 rows=288192 width=16) (actual time=0.015..91.709 rows=288192 loops=1)
                                            Merge Cond: (ml.movie_id = mk.movie_id)
                                            ->  Index Scan using movie_id_movie_link on movie_link ml  (cost=0.29..959.51 rows=29997 width=8) (actual time=0.007..4.019 rows=29997 loops=1)
                                            ->  Index Scan using movie_id_movie_keyword on movie_keyword mk  (cost=0.43..141990.43 rows=4523930 width=8) (actual time=0.006..42.206 rows=360976 loops=1)
                                      ->  Hash  (cost=2793.84..2793.84 rows=3 width=4) (actual time=14.326..14.326 rows=3 loops=1)
                                            Buckets: 1024  Batches: 1  Memory Usage: 9kB
                                            ->  Seq Scan on keyword k  (cost=0.00..2793.84 rows=3 width=4) (actual time=0.612..14.325 rows=3 loops=1)
                                                  Filter: (keyword = ANY ('{sequel,revenge,based-on-novel}'::text[]))
                                                  Rows Removed by Filter: 134167
                                ->  Index Scan using movie_id_movie_companies on movie_companies mc  (cost=0.43..0.54 rows=3 width=36) (actual time=0.002..0.004 rows=11 loops=1460)
                                      Index Cond: (movie_id = mk.movie_id)
                                      Filter: (note IS NOT NULL)
                                      Rows Removed by Filter: 2
                          ->  Hash  (cost=1.05..1.05 rows=3 width=4) (actual time=0.005..0.005 rows=3 loops=1)
                                Buckets: 1024  Batches: 1  Memory Usage: 9kB
                                ->  Seq Scan on company_type ct  (cost=0.00..1.05 rows=3 width=4) (actual time=0.003..0.004 rows=3 loops=1)
                                      Filter: ((kind IS NOT NULL) AND ((kind)::text <> 'production companies'::text))
                                      Rows Removed by Filter: 1
                    ->  Index Scan using company_name_pkey on company_name cn  (cost=0.42..0.45 rows=1 width=23) (actual time=0.001..0.001 rows=1 loops=14916)
                          Index Cond: (id = mc.company_id)
                          Filter: ((country_code)::text <> '[pl]'::text)
                          Rows Removed by Filter: 0
              ->  Index Scan using title_pkey on title t  (cost=0.43..0.49 rows=1 width=21) (actual time=0.001..0.001 rows=1 loops=14899)
                    Index Cond: (id = mk.movie_id)
                    Filter: (production_year > 1950)
        ->  Hash  (cost=1.18..1.18 rows=18 width=4) (actual time=0.012..0.012 rows=18 loops=1)
              Buckets: 1024  Batches: 1  Memory Usage: 9kB
              ->  Seq Scan on link_type lt  (cost=0.00..1.18 rows=18 width=4) (actual time=0.006..0.008 rows=18 loops=1)
Planning time: 3.231 ms
Execution time: 188.999 ms
