Aggregate  (cost=74229.70..74229.71 rows=1 width=96) (actual time=428.518..428.518 rows=1 loops=1)
  ->  Hash Join  (cost=7000.21..74229.70 rows=1 width=41) (actual time=68.257..428.301 rows=397 loops=1)
        Hash Cond: (mi.info_type_id = it1.id)
        ->  Nested Loop  (cost=6997.78..74227.03 rows=19 width=45) (actual time=68.235..428.162 rows=397 loops=1)
              Join Filter: (t.id = mi.movie_id)
              ->  Nested Loop  (cost=6997.35..74126.34 rows=63 width=53) (actual time=52.767..367.139 rows=5674 loops=1)
                    Join Filter: (mi_idx.movie_id = t.id)
                    ->  Hash Join  (cost=6996.92..73936.31 rows=358 width=32) (actual time=51.793..325.735 rows=19791 loops=1)
                          Hash Cond: (mc.company_id = cn.id)
                          ->  Hash Join  (cost=3.92..66637.37 rows=24233 width=17) (actual time=0.051..267.835 rows=24233 loops=1)
                                Hash Cond: (mc.company_type_id = ct.id)
                                ->  Nested Loop  (cost=2.86..65962.95 rows=64707 width=21) (actual time=0.038..259.926 rows=64707 loops=1)
                                      ->  Hash Join  (cost=2.43..25851.09 rows=15849 width=9) (actual time=0.031..203.764 rows=15849 loops=1)
                                            Hash Cond: (mi_idx.info_type_id = it2.id)
                                            ->  Seq Scan on movie_info_idx mi_idx  (cost=0.00..25185.44 rows=52862 width=13) (actual time=0.018..197.266 rows=52862 loops=1)
                                                  Filter: (info > '8.0'::text)
                                                  Rows Removed by Filter: 1327173
                                            ->  Hash  (cost=2.41..2.41 rows=1 width=4) (actual time=0.009..0.009 rows=1 loops=1)
                                                  Buckets: 1024  Batches: 1  Memory Usage: 9kB
                                                  ->  Seq Scan on info_type it2  (cost=0.00..2.41 rows=1 width=4) (actual time=0.008..0.009 rows=1 loops=1)
                                                        Filter: ((info)::text = 'rating'::text)
                                                        Rows Removed by Filter: 112
                                      ->  Index Scan using movie_id_movie_companies on movie_companies mc  (cost=0.43..2.48 rows=5 width=12) (actual time=0.002..0.003 rows=4 loops=15849)
                                            Index Cond: (movie_id = mi_idx.movie_id)
                                ->  Hash  (cost=1.05..1.05 rows=1 width=4) (actual time=0.003..0.003 rows=1 loops=1)
                                      Buckets: 1024  Batches: 1  Memory Usage: 9kB
                                      ->  Seq Scan on company_type ct  (cost=0.00..1.05 rows=1 width=4) (actual time=0.002..0.002 rows=1 loops=1)
                                            Filter: ((kind)::text = 'production companies'::text)
                                            Rows Removed by Filter: 3
                          ->  Hash  (cost=5932.46..5932.46 rows=84843 width=23) (actual time=51.051..51.051 rows=84843 loops=1)
                                Buckets: 131072  Batches: 1  Memory Usage: 5810kB
                                ->  Seq Scan on company_name cn  (cost=0.00..5932.46 rows=84843 width=23) (actual time=0.006..34.399 rows=84843 loops=1)
                                      Filter: ((country_code)::text = '[us]'::text)
                                      Rows Removed by Filter: 150154
                    ->  Index Scan using title_pkey on title t  (cost=0.43..0.52 rows=1 width=21) (actual time=0.002..0.002 rows=0 loops=19791)
                          Index Cond: (id = mc.movie_id)
                          Filter: ((production_year >= 2005) AND (production_year <= 2008))
                          Rows Removed by Filter: 1
              ->  Index Scan using movie_id_movie_info on movie_info mi  (cost=0.43..1.59 rows=1 width=8) (actual time=0.011..0.011 rows=0 loops=5674)
                    Index Cond: (movie_id = mc.movie_id)
                    Filter: (info = ANY ('{Drama,Horror}'::text[]))
                    Rows Removed by Filter: 28
        ->  Hash  (cost=2.41..2.41 rows=1 width=4) (actual time=0.016..0.016 rows=1 loops=1)
              Buckets: 1024  Batches: 1  Memory Usage: 9kB
              ->  Seq Scan on info_type it1  (cost=0.00..2.41 rows=1 width=4) (actual time=0.009..0.015 rows=1 loops=1)
                    Filter: ((info)::text = 'genres'::text)
                    Rows Removed by Filter: 112
Planning time: 3.407 ms
Execution time: 428.615 ms
