Aggregate  (cost=39067.52..39067.53 rows=1 width=64) (actual time=201.418..201.418 rows=1 loops=1)
  ->  Nested Loop  (cost=4.41..39067.48 rows=8 width=59) (actual time=195.872..201.406 rows=10 loops=1)
        ->  Nested Loop  (cost=4.28..39066.56 rows=6 width=63) (actual time=195.866..201.391 rows=10 loops=1)
              ->  Nested Loop  (cost=3.86..39062.11 rows=10 width=67) (actual time=195.856..201.285 rows=33 loops=1)
                    ->  Nested Loop  (cost=3.72..39061.44 rows=4 width=71) (actual time=195.778..197.378 rows=4959 loops=1)
                          Join Filter: (t.id = mi.movie_id)
                          ->  Nested Loop  (cost=3.29..39059.43 rows=1 width=37) (actual time=195.767..195.802 rows=33 loops=1)
                                Join Filter: (t.id = mc.movie_id)
                                ->  Nested Loop  (cost=2.86..39058.12 rows=2 width=25) (actual time=195.758..195.773 rows=2 loops=1)
                                      ->  Hash Join  (cost=2.43..39052.33 rows=10 width=4) (actual time=195.698..195.712 rows=10 loops=1)
                                            Hash Cond: (mi_idx.info_type_id = it2.id)
                                            ->  Seq Scan on movie_info_idx mi_idx  (cost=0.00..21735.35 rows=1380035 width=8) (actual time=0.008..90.624 rows=1380035 loops=1)
                                            ->  Hash  (cost=2.41..2.41 rows=1 width=4) (actual time=0.013..0.013 rows=1 loops=1)
                                                  Buckets: 1024  Batches: 1  Memory Usage: 9kB
                                                  ->  Seq Scan on info_type it2  (cost=0.00..2.41 rows=1 width=4) (actual time=0.011..0.012 rows=1 loops=1)
                                                        Filter: ((info)::text = 'bottom 10 rank'::text)
                                                        Rows Removed by Filter: 112
                                      ->  Index Scan using title_pkey on title t  (cost=0.43..0.58 rows=1 width=21) (actual time=0.006..0.006 rows=0 loops=10)
                                            Index Cond: (id = mi_idx.movie_id)
                                            Filter: ((production_year > 2000) AND ((title ~~ 'Birdemic%'::text) OR (title ~~ '%Movie%'::text)))
                                            Rows Removed by Filter: 1
                                ->  Index Scan using movie_id_movie_companies on movie_companies mc  (cost=0.43..0.59 rows=5 width=12) (actual time=0.006..0.010 rows=16 loops=2)
                                      Index Cond: (movie_id = mi_idx.movie_id)
                          ->  Index Scan using movie_id_movie_info on movie_info mi  (cost=0.43..1.48 rows=42 width=50) (actual time=0.002..0.025 rows=150 loops=33)
                                Index Cond: (movie_id = mc.movie_id)
                    ->  Index Scan using info_type_pkey on info_type it1  (cost=0.14..0.16 rows=1 width=4) (actual time=0.001..0.001 rows=0 loops=4959)
                          Index Cond: (id = mi.info_type_id)
                          Filter: ((info)::text = 'budget'::text)
                          Rows Removed by Filter: 1
              ->  Index Scan using company_name_pkey on company_name cn  (cost=0.42..0.45 rows=1 width=4) (actual time=0.003..0.003 rows=0 loops=33)
                    Index Cond: (id = mc.company_id)
                    Filter: ((country_code)::text = '[us]'::text)
                    Rows Removed by Filter: 1
        ->  Index Scan using company_type_pkey on company_type ct  (cost=0.13..0.15 rows=1 width=4) (actual time=0.001..0.001 rows=1 loops=10)
              Index Cond: (id = mc.company_type_id)
              Filter: ((kind IS NOT NULL) AND (((kind)::text = 'production companies'::text) OR ((kind)::text = 'distributors'::text)))
Planning time: 3.440 ms
Execution time: 201.491 ms
