Aggregate  (cost=31502.83..31502.84 rows=1 width=96) (actual time=1152.152..1152.152 rows=1 loops=1)
  ->  Nested Loop  (cost=4.41..31502.81 rows=2 width=41) (actual time=0.844..1150.114 rows=4711 loops=1)
        ->  Nested Loop  (cost=3.99..31500.58 rows=5 width=26) (actual time=0.839..1099.859 rows=15537 loops=1)
              ->  Nested Loop  (cost=3.86..31497.38 rows=21 width=30) (actual time=0.829..1058.978 rows=45006 loops=1)
                    ->  Nested Loop  (cost=3.43..31494.72 rows=4 width=34) (actual time=0.823..1017.229 rows=7964 loops=1)
                          ->  Nested Loop  (cost=3.29..31419.91 rows=460 width=38) (actual time=0.821..1008.211 rows=7964 loops=1)
                                ->  Nested Loop  (cost=2.86..29894.68 rows=704 width=30) (actual time=0.044..544.609 rows=52304 loops=1)
                                      ->  Hash Join  (cost=2.43..27604.13 rows=1704 width=9) (actual time=0.037..254.652 rows=121572 loops=1)
                                            Hash Cond: (mi_idx.info_type_id = it2.id)
                                            ->  Seq Scan on movie_info_idx mi_idx  (cost=0.00..25185.44 rows=192585 width=13) (actual time=0.020..225.839 rows=192967 loops=1)
                                                  Filter: (info > '7.0'::text)
                                                  Rows Removed by Filter: 1187068
                                            ->  Hash  (cost=2.41..2.41 rows=1 width=4) (actual time=0.011..0.011 rows=1 loops=1)
                                                  Buckets: 1024  Batches: 1  Memory Usage: 9kB
                                                  ->  Seq Scan on info_type it2  (cost=0.00..2.41 rows=1 width=4) (actual time=0.009..0.010 rows=1 loops=1)
                                                        Filter: ((info)::text = 'rating'::text)
                                                        Rows Removed by Filter: 112
                                      ->  Index Scan using title_pkey on title t  (cost=0.43..1.34 rows=1 width=21) (actual time=0.002..0.002 rows=0 loops=121572)
                                            Index Cond: (id = mi_idx.movie_id)
                                            Filter: ((production_year >= 2000) AND (production_year <= 2010))
                                            Rows Removed by Filter: 1
                                ->  Index Scan using movie_id_movie_info on movie_info mi  (cost=0.43..2.16 rows=1 width=8) (actual time=0.009..0.009 rows=0 loops=52304)
                                      Index Cond: (movie_id = t.id)
                                      Filter: (info = ANY ('{Drama,Horror,Western,Family}'::text[]))
                                      Rows Removed by Filter: 16
                          ->  Index Scan using info_type_pkey on info_type it1  (cost=0.14..0.16 rows=1 width=4) (actual time=0.001..0.001 rows=1 loops=7964)
                                Index Cond: (id = mi.info_type_id)
                                Filter: ((info)::text = 'genres'::text)
                    ->  Index Scan using movie_id_movie_companies on movie_companies mc  (cost=0.43..0.62 rows=5 width=12) (actual time=0.003..0.004 rows=6 loops=7964)
                          Index Cond: (movie_id = t.id)
              ->  Index Scan using company_type_pkey on company_type ct  (cost=0.13..0.15 rows=1 width=4) (actual time=0.001..0.001 rows=0 loops=45006)
                    Index Cond: (id = mc.company_type_id)
                    Filter: ((kind)::text = 'production companies'::text)
                    Rows Removed by Filter: 1
        ->  Index Scan using company_name_pkey on company_name cn  (cost=0.42..0.45 rows=1 width=23) (actual time=0.003..0.003 rows=0 loops=15537)
              Index Cond: (id = mc.company_id)
              Filter: ((country_code)::text = '[us]'::text)
              Rows Removed by Filter: 1
Planning time: 3.384 ms
Execution time: 1152.234 ms
