Aggregate  (cost=146081.10..146081.11 rows=1 width=96) (actual time=1086.770..1086.770 rows=1 loops=1)
  ->  Hash Join  (cost=6062.32..146076.11 rows=666 width=64) (actual time=232.048..1053.774 rows=111101 loops=1)
        Hash Cond: (mi.info_type_id = it2.id)
        ->  Nested Loop  (cost=6059.90..146041.93 rows=2531 width=68) (actual time=232.019..1003.345 rows=516327 loops=1)
              ->  Hash Join  (cost=6059.46..137442.11 rows=4501 width=34) (actual time=232.009..750.711 rows=16470 loops=1)
                    Hash Cond: (miidx.info_type_id = it.id)
                    ->  Nested Loop  (cost=6057.04..137270.19 rows=13510 width=38) (actual time=231.995..744.068 rows=49448 loops=1)
                          ->  Hash Join  (cost=6056.61..119905.89 rows=32853 width=25) (actual time=231.983..672.078 rows=32853 loops=1)
                                Hash Cond: (t.kind_id = kt.id)
                                ->  Nested Loop  (cost=6055.51..119095.10 rows=71294 width=29) (actual time=26.291..661.858 rows=71294 loops=1)
                                      ->  Hash Join  (cost=6055.08..82498.48 rows=71294 width=4) (actual time=26.280..509.743 rows=71294 loops=1)
                                            Hash Cond: (mc.company_id = cn.id)
                                            ->  Nested Loop  (cost=0.43..59590.99 rows=1334883 width=8) (actual time=0.016..346.622 rows=1334883 loops=1)
                                                  ->  Seq Scan on company_type ct  (cost=0.00..1.05 rows=1 width=4) (actual time=0.003..0.006 rows=1 loops=1)
                                                        Filter: ((kind)::text = 'production companies'::text)
                                                        Rows Removed by Filter: 3
                                                  ->  Index Scan using company_type_id_movie_companies on movie_companies mc  (cost=0.43..46544.30 rows=1304564 width=12) (actual time=0.012..196.847 rows=1334883 loops=1)
                                                        Index Cond: (company_type_id = ct.id)
                                            ->  Hash  (cost=5932.46..5932.46 rows=9775 width=4) (actual time=26.144..26.144 rows=9775 loops=1)
                                                  Buckets: 16384  Batches: 1  Memory Usage: 472kB
                                                  ->  Seq Scan on company_name cn  (cost=0.00..5932.46 rows=9775 width=4) (actual time=0.006..24.808 rows=9775 loops=1)
                                                        Filter: ((country_code)::text = '[de]'::text)
                                                        Rows Removed by Filter: 225222
                                      ->  Index Scan using title_pkey on title t  (cost=0.43..0.51 rows=1 width=25) (actual time=0.002..0.002 rows=1 loops=71294)
                                            Index Cond: (id = mc.movie_id)
                                ->  Hash  (cost=1.09..1.09 rows=1 width=4) (actual time=0.003..0.003 rows=1 loops=1)
                                      Buckets: 1024  Batches: 1  Memory Usage: 9kB
                                      ->  Seq Scan on kind_type kt  (cost=0.00..1.09 rows=1 width=4) (actual time=0.002..0.003 rows=1 loops=1)
                                            Filter: ((kind)::text = 'movie'::text)
                                            Rows Removed by Filter: 6
                          ->  Index Scan using movie_id_movie_info_idx on movie_info_idx miidx  (cost=0.43..0.50 rows=3 width=13) (actual time=0.001..0.002 rows=2 loops=32853)
                                Index Cond: (movie_id = t.id)
                    ->  Hash  (cost=2.41..2.41 rows=1 width=4) (actual time=0.010..0.010 rows=1 loops=1)
                          Buckets: 1024  Batches: 1  Memory Usage: 9kB
                          ->  Seq Scan on info_type it  (cost=0.00..2.41 rows=1 width=4) (actual time=0.008..0.009 rows=1 loops=1)
                                Filter: ((info)::text = 'rating'::text)
                                Rows Removed by Filter: 112
              ->  Index Scan using movie_id_movie_info on movie_info mi  (cost=0.43..1.49 rows=42 width=50) (actual time=0.002..0.011 rows=31 loops=16470)
                    Index Cond: (movie_id = t.id)
        ->  Hash  (cost=2.41..2.41 rows=1 width=4) (actual time=0.017..0.017 rows=1 loops=1)
              Buckets: 1024  Batches: 1  Memory Usage: 9kB
              ->  Seq Scan on info_type it2  (cost=0.00..2.41 rows=1 width=4) (actual time=0.010..0.015 rows=1 loops=1)
                    Filter: ((info)::text = 'release dates'::text)
                    Rows Removed by Filter: 112
Planning time: 4.896 ms
Execution time: 1086.852 ms
