Aggregate  (cost=49060.44..49060.45 rows=1 width=96) (actual time=3363.635..3363.635 rows=1 loops=1)
  ->  Nested Loop  (cost=6.45..49060.23 rows=28 width=64) (actual time=423.508..3330.883 rows=111101 loops=1)
        ->  Nested Loop  (cost=6.30..48547.10 rows=3156 width=68) (actual time=423.492..2882.741 rows=516327 loops=1)
              ->  Nested Loop  (cost=5.87..48361.76 rows=97 width=34) (actual time=423.483..2630.016 rows=16470 loops=1)
                    ->  Hash Join  (cost=5.45..47336.03 rows=2302 width=38) (actual time=423.167..1904.710 rows=302610 loops=1)
                          Hash Cond: (mc.company_type_id = ct.id)
                          ->  Nested Loop  (cost=4.39..47239.16 rows=9207 width=42) (actual time=423.152..1813.599 rows=773084 loops=1)
                                ->  Hash Join  (cost=3.96..46177.24 rows=1745 width=30) (actual time=423.133..1217.153 rows=209880 loops=1)
                                      Hash Cond: (t.kind_id = kt.id)
                                      ->  Nested Loop  (cost=2.86..46037.43 rows=12213 width=34) (actual time=0.027..1158.643 rows=459925 loops=1)
                                            ->  Hash Join  (cost=2.43..39052.33 rows=12213 width=9) (actual time=0.019..279.302 rows=459925 loops=1)
                                                  Hash Cond: (miidx.info_type_id = it.id)
                                                  ->  Seq Scan on movie_info_idx miidx  (cost=0.00..21735.35 rows=1380035 width=13) (actual time=0.005..104.550 rows=1380035 loops=1)
                                                  ->  Hash  (cost=2.41..2.41 rows=1 width=4) (actual time=0.011..0.011 rows=1 loops=1)
                                                        Buckets: 1024  Batches: 1  Memory Usage: 9kB
                                                        ->  Seq Scan on info_type it  (cost=0.00..2.41 rows=1 width=4) (actual time=0.009..0.010 rows=1 loops=1)
                                                              Filter: ((info)::text = 'rating'::text)
                                                              Rows Removed by Filter: 112
                                            ->  Index Scan using title_pkey on title t  (cost=0.43..0.57 rows=1 width=25) (actual time=0.002..0.002 rows=1 loops=459925)
                                                  Index Cond: (id = miidx.movie_id)
                                      ->  Hash  (cost=1.09..1.09 rows=1 width=4) (actual time=0.004..0.004 rows=1 loops=1)
                                            Buckets: 1024  Batches: 1  Memory Usage: 9kB
                                            ->  Seq Scan on kind_type kt  (cost=0.00..1.09 rows=1 width=4) (actual time=0.003..0.003 rows=1 loops=1)
                                                  Filter: ((kind)::text = 'movie'::text)
                                                  Rows Removed by Filter: 6
                                ->  Index Scan using movie_id_movie_companies on movie_companies mc  (cost=0.43..0.56 rows=5 width=12) (actual time=0.001..0.002 rows=4 loops=209880)
                                      Index Cond: (movie_id = t.id)
                          ->  Hash  (cost=1.05..1.05 rows=1 width=4) (actual time=0.009..0.009 rows=1 loops=1)
                                Buckets: 1024  Batches: 1  Memory Usage: 9kB
                                ->  Seq Scan on company_type ct  (cost=0.00..1.05 rows=1 width=4) (actual time=0.007..0.007 rows=1 loops=1)
                                      Filter: ((kind)::text = 'production companies'::text)
                                      Rows Removed by Filter: 3
                    ->  Index Scan using company_name_pkey on company_name cn  (cost=0.42..0.45 rows=1 width=4) (actual time=0.002..0.002 rows=0 loops=302610)
                          Index Cond: (id = mc.company_id)
                          Filter: ((country_code)::text = '[de]'::text)
                          Rows Removed by Filter: 1
              ->  Index Scan using movie_id_movie_info on movie_info mi  (cost=0.43..1.49 rows=42 width=50) (actual time=0.002..0.011 rows=31 loops=16470)
                    Index Cond: (movie_id = t.id)
        ->  Index Scan using info_type_pkey on info_type it2  (cost=0.14..0.16 rows=1 width=4) (actual time=0.001..0.001 rows=0 loops=516327)
              Index Cond: (id = mi.info_type_id)
              Filter: ((info)::text = 'release dates'::text)
              Rows Removed by Filter: 1
Planning time: 4.896 ms
Execution time: 3363.717 ms
