Aggregate  (cost=83536.96..83536.97 rows=1 width=96) (actual time=495.035..495.035 rows=1 loops=1)
  ->  Nested Loop  (cost=2.26..83536.95 rows=1 width=41) (actual time=302.932..494.884 rows=372 loops=1)
        ->  Nested Loop  (cost=2.12..83532.22 rows=29 width=45) (actual time=302.917..492.956 rows=2122 loops=1)
              Join Filter: (t.id = mi.movie_id)
              ->  Nested Loop  (cost=1.68..83530.21 rows=1 width=53) (actual time=302.906..491.603 rows=61 loops=1)
                    ->  Nested Loop  (cost=1.26..83528.43 rows=4 width=38) (actual time=302.404..491.092 rows=117 loops=1)
                          ->  Nested Loop  (cost=1.13..83482.07 rows=304 width=42) (actual time=302.396..490.758 rows=313 loops=1)
                                Join Filter: (t.id = mc.movie_id)
                                ->  Nested Loop  (cost=0.70..83444.07 rows=58 width=30) (actual time=302.387..490.224 rows=90 loops=1)
                                      ->  Nested Loop  (cost=0.56..83408.95 rows=216 width=34) (actual time=302.378..489.917 rows=270 loops=1)
                                            ->  Nested Loop  (cost=0.13..80596.88 rows=395 width=21) (actual time=302.087..488.842 rows=395 loops=1)
                                                  ->  Seq Scan on title t  (cost=0.00..80243.46 rows=2218 width=25) (actual time=0.045..486.744 rows=2218 loops=1)
                                                        Filter: ((title <> ''::text) AND ((title ~~ '%Champion%'::text) OR (title ~~ '%Loser%'::text)))
                                                        Rows Removed by Filter: 2526094
                                                  ->  Index Scan using kind_type_pkey on kind_type kt  (cost=0.13..0.16 rows=1 width=4) (actual time=0.001..0.001 rows=0 loops=2218)
                                                        Index Cond: (id = t.kind_id)
                                                        Filter: ((kind)::text = 'movie'::text)
                                                        Rows Removed by Filter: 1
                                            ->  Index Scan using movie_id_movie_info_idx on movie_info_idx miidx  (cost=0.43..7.09 rows=3 width=13) (actual time=0.002..0.002 rows=1 loops=395)
                                                  Index Cond: (movie_id = t.id)
                                      ->  Index Scan using info_type_pkey on info_type it  (cost=0.14..0.16 rows=1 width=4) (actual time=0.001..0.001 rows=0 loops=270)
                                            Index Cond: (id = miidx.info_type_id)
                                            Filter: ((info)::text = 'rating'::text)
                                            Rows Removed by Filter: 1
                                ->  Index Scan using movie_id_movie_companies on movie_companies mc  (cost=0.43..0.59 rows=5 width=12) (actual time=0.004..0.005 rows=3 loops=90)
                                      Index Cond: (movie_id = miidx.movie_id)
                          ->  Index Scan using company_type_pkey on company_type ct  (cost=0.13..0.15 rows=1 width=4) (actual time=0.001..0.001 rows=0 loops=313)
                                Index Cond: (id = mc.company_type_id)
                                Filter: ((kind)::text = 'production companies'::text)
                                Rows Removed by Filter: 1
                    ->  Index Scan using company_name_pkey on company_name cn  (cost=0.42..0.45 rows=1 width=23) (actual time=0.004..0.004 rows=1 loops=117)
                          Index Cond: (id = mc.company_id)
                          Filter: ((country_code)::text = '[us]'::text)
                          Rows Removed by Filter: 0
              ->  Index Scan using movie_id_movie_info on movie_info mi  (cost=0.43..1.48 rows=42 width=8) (actual time=0.004..0.016 rows=35 loops=61)
                    Index Cond: (movie_id = mc.movie_id)
        ->  Index Scan using info_type_pkey on info_type it2  (cost=0.14..0.16 rows=1 width=4) (actual time=0.001..0.001 rows=0 loops=2122)
              Index Cond: (id = mi.info_type_id)
              Filter: ((info)::text = 'release dates'::text)
              Rows Removed by Filter: 1
Planning time: 4.836 ms
Execution time: 495.105 ms
