Aggregate  (cost=81062.83..81062.84 rows=1 width=96) (actual time=331.890..331.890 rows=1 loops=1)
  ->  Nested Loop  (cost=2.26..81062.82 rows=1 width=41) (actual time=221.290..331.853 rows=53 loops=1)
        ->  Nested Loop  (cost=2.12..81062.15 rows=4 width=45) (actual time=221.269..331.635 rows=218 loops=1)
              Join Filter: (t.id = mi.movie_id)
              ->  Nested Loop  (cost=1.68..81060.14 rows=1 width=53) (actual time=221.257..331.430 rows=14 loops=1)
                    ->  Nested Loop  (cost=1.26..81059.70 rows=1 width=38) (actual time=221.248..331.274 rows=32 loops=1)
                          ->  Nested Loop  (cost=1.13..81053.60 rows=40 width=42) (actual time=221.231..331.173 rows=95 loops=1)
                                Join Filter: (t.id = mc.movie_id)
                                ->  Nested Loop  (cost=0.70..81048.36 rows=8 width=30) (actual time=221.222..331.037 rows=29 loops=1)
                                      ->  Nested Loop  (cost=0.56..81040.37 rows=49 width=34) (actual time=221.213..330.928 rows=87 loops=1)
                                            ->  Nested Loop  (cost=0.13..80300.72 rows=89 width=21) (actual time=221.006..330.740 rows=89 loops=1)
                                                  ->  Seq Scan on title t  (cost=0.00..80243.46 rows=294 width=25) (actual time=2.526..330.330 rows=294 loops=1)
                                                        Filter: ((title <> ''::text) AND ((title ~~ 'Champion%'::text) OR (title ~~ 'Loser%'::text)))
                                                        Rows Removed by Filter: 2528018
                                                  ->  Index Scan using kind_type_pkey on kind_type kt  (cost=0.13..0.19 rows=1 width=4) (actual time=0.001..0.001 rows=0 loops=294)
                                                        Index Cond: (id = t.kind_id)
                                                        Filter: ((kind)::text = 'movie'::text)
                                                        Rows Removed by Filter: 1
                                            ->  Index Scan using movie_id_movie_info_idx on movie_info_idx miidx  (cost=0.43..8.28 rows=3 width=13) (actual time=0.002..0.002 rows=1 loops=89)
                                                  Index Cond: (movie_id = t.id)
                                      ->  Index Scan using info_type_pkey on info_type it  (cost=0.14..0.16 rows=1 width=4) (actual time=0.001..0.001 rows=0 loops=87)
                                            Index Cond: (id = miidx.info_type_id)
                                            Filter: ((info)::text = 'rating'::text)
                                            Rows Removed by Filter: 1
                                ->  Index Scan using movie_id_movie_companies on movie_companies mc  (cost=0.43..0.59 rows=5 width=12) (actual time=0.003..0.004 rows=3 loops=29)
                                      Index Cond: (movie_id = miidx.movie_id)
                          ->  Index Scan using company_type_pkey on company_type ct  (cost=0.13..0.15 rows=1 width=4) (actual time=0.001..0.001 rows=0 loops=95)
                                Index Cond: (id = mc.company_type_id)
                                Filter: ((kind)::text = 'production companies'::text)
                                Rows Removed by Filter: 1
                    ->  Index Scan using company_name_pkey on company_name cn  (cost=0.42..0.45 rows=1 width=23) (actual time=0.004..0.004 rows=0 loops=32)
                          Index Cond: (id = mc.company_id)
                          Filter: ((country_code)::text = '[us]'::text)
                          Rows Removed by Filter: 1
              ->  Index Scan using movie_id_movie_info on movie_info mi  (cost=0.43..1.48 rows=42 width=8) (actual time=0.004..0.011 rows=16 loops=14)
                    Index Cond: (movie_id = mc.movie_id)
        ->  Index Scan using info_type_pkey on info_type it2  (cost=0.14..0.16 rows=1 width=4) (actual time=0.001..0.001 rows=0 loops=218)
              Index Cond: (id = mi.info_type_id)
              Filter: ((info)::text = 'release dates'::text)
              Rows Removed by Filter: 1
Planning time: 4.797 ms
Execution time: 331.967 ms
