Aggregate  (cost=81100.56..81100.57 rows=1 width=96) (actual time=333.084..333.084 rows=1 loops=1)
  ->  Nested Loop  (cost=2.26..81100.55 rows=1 width=41) (actual time=222.437..333.048 rows=53 loops=1)
        ->  Nested Loop  (cost=2.12..81100.05 rows=3 width=45) (actual time=222.415..332.830 rows=218 loops=1)
              Join Filter: (t.id = mi.movie_id)
              ->  Nested Loop  (cost=1.68..81092.02 rows=4 width=53) (actual time=222.403..332.622 rows=14 loops=1)
                    ->  Nested Loop  (cost=1.26..81088.01 rows=9 width=38) (actual time=222.393..332.462 rows=32 loops=1)
                          ->  Nested Loop  (cost=1.13..81073.52 rows=95 width=42) (actual time=222.377..332.363 rows=95 loops=1)
                                Join Filter: (t.id = mc.movie_id)
                                ->  Nested Loop  (cost=0.70..81054.52 rows=29 width=30) (actual time=222.368..332.234 rows=29 loops=1)
                                      ->  Nested Loop  (cost=0.56..81040.37 rows=87 width=34) (actual time=222.359..332.130 rows=87 loops=1)
                                            ->  Nested Loop  (cost=0.13..80300.72 rows=89 width=21) (actual time=222.140..331.936 rows=89 loops=1)
                                                  ->  Seq Scan on title t  (cost=0.00..80243.46 rows=294 width=25) (actual time=2.523..331.522 rows=294 loops=1)
                                                        Filter: ((title <> ''::text) AND ((title ~~ 'Champion%'::text) OR (title ~~ 'Loser%'::text)))
                                                        Rows Removed by Filter: 2528018
                                                  ->  Index Scan using kind_type_pkey on kind_type kt  (cost=0.13..0.19 rows=1 width=4) (actual time=0.001..0.001 rows=0 loops=294)
                                                        Index Cond: (id = t.kind_id)
                                                        Filter: ((kind)::text = 'movie'::text)
                                                        Rows Removed by Filter: 1
                                            ->  Index Scan using movie_id_movie_info_idx on movie_info_idx miidx  (cost=0.43..8.28 rows=3 width=13) (actual time=0.002..0.002 rows=1 loops=89)
                                                  Index Cond: (movie_id = t.id)
                                      ->  Index Scan using info_type_pkey on info_type it  (cost=0.14..0.16 rows=1 width=4) (actual time=0.001..0.001 rows=0 loops=87)
                                            Index Cond: (id = miidx.info_type_id)
                                            Filter: ((info)::text = 'rating'::text)
                                            Rows Removed by Filter: 1
                                ->  Index Scan using movie_id_movie_companies on movie_companies mc  (cost=0.43..0.59 rows=5 width=12) (actual time=0.002..0.003 rows=3 loops=29)
                                      Index Cond: (movie_id = miidx.movie_id)
                          ->  Index Scan using company_type_pkey on company_type ct  (cost=0.13..0.15 rows=1 width=4) (actual time=0.001..0.001 rows=0 loops=95)
                                Index Cond: (id = mc.company_type_id)
                                Filter: ((kind)::text = 'production companies'::text)
                                Rows Removed by Filter: 1
                    ->  Index Scan using company_name_pkey on company_name cn  (cost=0.42..0.45 rows=1 width=23) (actual time=0.004..0.004 rows=0 loops=32)
                          Index Cond: (id = mc.company_id)
                          Filter: ((country_code)::text = '[us]'::text)
                          Rows Removed by Filter: 1
              ->  Index Scan using movie_id_movie_info on movie_info mi  (cost=0.43..1.48 rows=42 width=8) (actual time=0.004..0.011 rows=16 loops=14)
                    Index Cond: (movie_id = mc.movie_id)
        ->  Index Scan using info_type_pkey on info_type it2  (cost=0.14..0.16 rows=1 width=4) (actual time=0.001..0.001 rows=0 loops=218)
              Index Cond: (id = mi.info_type_id)
              Filter: ((info)::text = 'release dates'::text)
              Rows Removed by Filter: 1
Planning time: 4.871 ms
Execution time: 333.170 ms
