Aggregate  (cost=178200.90..178200.91 rows=1 width=96) (actual time=4099.593..4099.593 rows=1 loops=1)
  ->  Hash Join  (cost=51799.21..178196.69 rows=561 width=41) (actual time=943.822..3904.722 rows=670390 loops=1)
        Hash Cond: (mi.info_type_id = it2.id)
        ->  Nested Loop  (cost=51796.78..177399.06 rows=63381 width=45) (actual time=943.790..3525.361 rows=4316584 loops=1)
              ->  Hash Join  (cost=51796.35..173675.21 rows=1949 width=53) (actual time=943.778..1809.102 rows=87293 loops=1)
                    Hash Cond: (t.kind_id = kt.id)
                    ->  Nested Loop  (cost=51795.25..173519.16 rows=13643 width=57) (actual time=410.316..1776.089 rows=248554 loops=1)
                          ->  Hash Join  (cost=51794.82..166515.94 rows=13643 width=32) (actual time=410.301..1262.841 rows=248554 loops=1)
                                Hash Cond: (mc.movie_id = miidx.movie_id)
                                ->  Hash Join  (cost=6993.43..83436.83 rows=552328 width=23) (actual time=49.625..727.402 rows=552328 loops=1)
                                      Hash Cond: (mc.company_id = cn.id)
                                      ->  Nested Loop  (cost=0.43..59590.99 rows=1334883 width=8) (actual time=0.014..391.359 rows=1334883 loops=1)
                                            ->  Seq Scan on company_type ct  (cost=0.00..1.05 rows=1 width=4) (actual time=0.003..0.005 rows=1 loops=1)
                                                  Filter: ((kind)::text = 'production companies'::text)
                                                  Rows Removed by Filter: 3
                                            ->  Index Scan using company_type_id_movie_companies on movie_companies mc  (cost=0.43..46544.30 rows=1304564 width=12) (actual time=0.011..231.706 rows=1334883 loops=1)
                                                  Index Cond: (company_type_id = ct.id)
                                      ->  Hash  (cost=5932.46..5932.46 rows=84843 width=23) (actual time=49.471..49.471 rows=84843 loops=1)
                                            Buckets: 131072  Batches: 1  Memory Usage: 5810kB
                                            ->  Seq Scan on company_name cn  (cost=0.00..5932.46 rows=84843 width=23) (actual time=0.006..34.428 rows=84843 loops=1)
                                                  Filter: ((country_code)::text = '[us]'::text)
                                                  Rows Removed by Filter: 150154
                                ->  Hash  (cost=39052.33..39052.33 rows=459925 width=9) (actual time=360.085..360.085 rows=459925 loops=1)
                                      Buckets: 524288  Batches: 1  Memory Usage: 22062kB
                                      ->  Hash Join  (cost=2.43..39052.33 rows=459925 width=9) (actual time=0.029..273.393 rows=459925 loops=1)
                                            Hash Cond: (miidx.info_type_id = it.id)
                                            ->  Seq Scan on movie_info_idx miidx  (cost=0.00..21735.35 rows=1380035 width=13) (actual time=0.010..101.421 rows=1380035 loops=1)
                                            ->  Hash  (cost=2.41..2.41 rows=1 width=4) (actual time=0.013..0.013 rows=1 loops=1)
                                                  Buckets: 1024  Batches: 1  Memory Usage: 9kB
                                                  ->  Seq Scan on info_type it  (cost=0.00..2.41 rows=1 width=4) (actual time=0.011..0.012 rows=1 loops=1)
                                                        Filter: ((info)::text = 'rating'::text)
                                                        Rows Removed by Filter: 112
                          ->  Index Scan using title_pkey on title t  (cost=0.43..0.51 rows=1 width=25) (actual time=0.002..0.002 rows=1 loops=248554)
                                Index Cond: (id = mc.movie_id)
                    ->  Hash  (cost=1.09..1.09 rows=1 width=4) (actual time=0.004..0.004 rows=1 loops=1)
                          Buckets: 1024  Batches: 1  Memory Usage: 9kB
                          ->  Seq Scan on kind_type kt  (cost=0.00..1.09 rows=1 width=4) (actual time=0.003..0.003 rows=1 loops=1)
                                Filter: ((kind)::text = 'movie'::text)
                                Rows Removed by Filter: 6
              ->  Index Scan using movie_id_movie_info on movie_info mi  (cost=0.43..1.49 rows=42 width=8) (actual time=0.002..0.013 rows=49 loops=87293)
                    Index Cond: (movie_id = t.id)
        ->  Hash  (cost=2.41..2.41 rows=1 width=4) (actual time=0.016..0.016 rows=1 loops=1)
              Buckets: 1024  Batches: 1  Memory Usage: 9kB
              ->  Seq Scan on info_type it2  (cost=0.00..2.41 rows=1 width=4) (actual time=0.009..0.015 rows=1 loops=1)
                    Filter: ((info)::text = 'release dates'::text)
                    Rows Removed by Filter: 112
Planning time: 4.852 ms
Execution time: 4099.762 ms
