Aggregate  (cost=49907.23..49907.24 rows=1 width=64) (actual time=1789.416..1789.416 rows=1 loops=1)
  ->  Nested Loop  (cost=4.42..49907.23 rows=1 width=22) (actual time=505.586..1789.104 rows=761 loops=1)
        ->  Nested Loop  (cost=4.00..49887.25 rows=45 width=26) (actual time=505.433..1637.727 rows=75669 loops=1)
              Join Filter: (t.id = mk.movie_id)
              ->  Nested Loop  (cost=3.57..49881.58 rows=3 width=34) (actual time=505.392..1589.052 rows=8746 loops=1)
                    ->  Nested Loop  (cost=3.42..49817.35 rows=395 width=38) (actual time=505.386..1577.855 rows=10078 loops=1)
                          Join Filter: (t.id = mi.movie_id)
                          ->  Nested Loop  (cost=2.99..49222.79 rows=256 width=30) (actual time=505.358..1334.518 rows=17272 loops=1)
                                ->  Nested Loop  (cost=2.86..48947.35 rows=1789 width=34) (actual time=0.035..1294.664 rows=42711 loops=1)
                                      ->  Hash Join  (cost=2.43..42069.49 rows=11907 width=9) (actual time=0.024..428.608 rows=454230 loops=1)
                                            Hash Cond: (mi_idx.info_type_id = it2.id)
                                            ->  Seq Scan on movie_info_idx mi_idx  (cost=0.00..25185.44 rows=1345529 width=13) (actual time=0.008..277.820 rows=1343555 loops=1)
                                                  Filter: (info < '8.5'::text)
                                                  Rows Removed by Filter: 36480
                                            ->  Hash  (cost=2.41..2.41 rows=1 width=4) (actual time=0.011..0.011 rows=1 loops=1)
                                                  Buckets: 1024  Batches: 1  Memory Usage: 9kB
                                                  ->  Seq Scan on info_type it2  (cost=0.00..2.41 rows=1 width=4) (actual time=0.009..0.010 rows=1 loops=1)
                                                        Filter: ((info)::text = 'rating'::text)
                                                        Rows Removed by Filter: 112
                                      ->  Index Scan using title_pkey on title t  (cost=0.43..0.58 rows=1 width=25) (actual time=0.002..0.002 rows=0 loops=454230)
                                            Index Cond: (id = mi_idx.movie_id)
                                            Filter: (production_year > 2010)
                                            Rows Removed by Filter: 1
                                ->  Index Scan using kind_type_pkey on kind_type kt  (cost=0.13..0.15 rows=1 width=4) (actual time=0.001..0.001 rows=0 loops=42711)
                                      Index Cond: (id = t.kind_id)
                                      Filter: ((kind)::text = 'movie'::text)
                                      Rows Removed by Filter: 1
                          ->  Index Scan using movie_id_movie_info on movie_info mi  (cost=0.43..2.30 rows=2 width=8) (actual time=0.012..0.014 rows=1 loops=17272)
                                Index Cond: (movie_id = mi_idx.movie_id)
                                Filter: (info = ANY ('{Sweden,Norway,Germany,Denmark,Swedish,Denish,Norwegian,German,USA,American}'::text[]))
                                Rows Removed by Filter: 18
                    ->  Index Scan using info_type_pkey on info_type it1  (cost=0.14..0.16 rows=1 width=4) (actual time=0.001..0.001 rows=1 loops=10078)
                          Index Cond: (id = mi.info_type_id)
                          Filter: ((info)::text = 'countries'::text)
                          Rows Removed by Filter: 0
              ->  Index Scan using movie_id_movie_keyword on movie_keyword mk  (cost=0.43..1.33 rows=45 width=8) (actual time=0.003..0.004 rows=9 loops=8746)
                    Index Cond: (movie_id = mi_idx.movie_id)
        ->  Index Scan using keyword_pkey on keyword k  (cost=0.42..0.44 rows=1 width=4) (actual time=0.002..0.002 rows=0 loops=75669)
              Index Cond: (id = mk.keyword_id)
              Filter: (keyword = ANY ('{murder,murder-in-title,blood,violence}'::text[]))
              Rows Removed by Filter: 1
Planning time: 3.024 ms
Execution time: 1789.473 ms
