Aggregate  (cost=119878.66..119878.67 rows=1 width=64) (actual time=1144.354..1144.354 rows=1 loops=1)
  ->  Nested Loop  (cost=73294.75..119878.65 rows=1 width=22) (actual time=458.879..1144.076 rows=761 loops=1)
        ->  Nested Loop  (cost=73294.33..119166.56 rows=1605 width=26) (actual time=458.761..1002.395 rows=75669 loops=1)
              Join Filter: (t.id = mk.movie_id)
              ->  Hash Join  (cost=73293.89..118931.92 rows=124 width=34) (actual time=458.714..954.025 rows=8746 loops=1)
                    Hash Cond: (mi.info_type_id = it1.id)
                    ->  Nested Loop  (cost=73291.47..118859.20 rows=5603 width=38) (actual time=458.694..951.955 rows=10078 loops=1)
                          Join Filter: (t.id = mi.movie_id)
                          ->  Hash Join  (cost=73291.03..104681.85 rows=6102 width=30) (actual time=458.658..727.205 rows=17272 loops=1)
                                Hash Cond: (mi_idx.info_type_id = it2.id)
                                ->  Hash Join  (cost=73288.61..104038.43 rows=51090 width=34) (actual time=458.643..720.802 rows=51090 loops=1)
                                      Hash Cond: (mi_idx.movie_id = t.id)
                                      ->  Seq Scan on movie_info_idx mi_idx  (cost=0.00..25185.44 rows=1343555 width=13) (actual time=0.005..253.750 rows=1343555 loops=1)
                                            Filter: (info < '8.5'::text)
                                            Rows Removed by Filter: 36480
                                      ->  Hash  (cost=72051.21..72051.21 rows=98992 width=21) (actual time=316.436..316.436 rows=98992 loops=1)
                                            Buckets: 131072  Batches: 1  Memory Usage: 6297kB
                                            ->  Hash Join  (cost=1.10..72051.21 rows=98992 width=21) (actual time=9.615..297.020 rows=98992 loops=1)
                                                  Hash Cond: (t.kind_id = kt.id)
                                                  ->  Seq Scan on title t  (cost=0.00..67601.90 rows=391666 width=25) (actual time=0.004..259.563 rows=391666 loops=1)
                                                        Filter: (production_year > 2010)
                                                        Rows Removed by Filter: 2136646
                                                  ->  Hash  (cost=1.09..1.09 rows=1 width=4) (actual time=0.004..0.004 rows=1 loops=1)
                                                        Buckets: 1024  Batches: 1  Memory Usage: 9kB
                                                        ->  Seq Scan on kind_type kt  (cost=0.00..1.09 rows=1 width=4) (actual time=0.002..0.003 rows=1 loops=1)
                                                              Filter: ((kind)::text = 'movie'::text)
                                                              Rows Removed by Filter: 6
                                ->  Hash  (cost=2.41..2.41 rows=1 width=4) (actual time=0.009..0.009 rows=1 loops=1)
                                      Buckets: 1024  Batches: 1  Memory Usage: 9kB
                                      ->  Seq Scan on info_type it2  (cost=0.00..2.41 rows=1 width=4) (actual time=0.008..0.009 rows=1 loops=1)
                                            Filter: ((info)::text = 'rating'::text)
                                            Rows Removed by Filter: 112
                          ->  Index Scan using movie_id_movie_info on movie_info mi  (cost=0.43..2.30 rows=2 width=8) (actual time=0.011..0.013 rows=1 loops=17272)
                                Index Cond: (movie_id = mi_idx.movie_id)
                                Filter: (info = ANY ('{Sweden,Norway,Germany,Denmark,Swedish,Denish,Norwegian,German,USA,American}'::text[]))
                                Rows Removed by Filter: 18
                    ->  Hash  (cost=2.41..2.41 rows=1 width=4) (actual time=0.014..0.014 rows=1 loops=1)
                          Buckets: 1024  Batches: 1  Memory Usage: 9kB
                          ->  Seq Scan on info_type it1  (cost=0.00..2.41 rows=1 width=4) (actual time=0.007..0.013 rows=1 loops=1)
                                Filter: ((info)::text = 'countries'::text)
                                Rows Removed by Filter: 112
              ->  Index Scan using movie_id_movie_keyword on movie_keyword mk  (cost=0.43..1.33 rows=45 width=8) (actual time=0.002..0.004 rows=9 loops=8746)
                    Index Cond: (movie_id = mi_idx.movie_id)
        ->  Index Scan using keyword_pkey on keyword k  (cost=0.42..0.44 rows=1 width=4) (actual time=0.002..0.002 rows=0 loops=75669)
              Index Cond: (id = mk.keyword_id)
              Filter: (keyword = ANY ('{murder,murder-in-title,blood,violence}'::text[]))
              Rows Removed by Filter: 1
Planning time: 3.123 ms
Execution time: 1144.443 ms
