Aggregate  (cost=142129.79..142129.80 rows=1 width=64) (actual time=862.250..862.250 rows=1 loops=1)
  ->  Hash Join  (cost=76255.91..142129.78 rows=1 width=22) (actual time=480.969..862.015 rows=761 loops=1)
        Hash Cond: (mi.info_type_id = it1.id)
        ->  Nested Loop  (cost=76253.49..142118.85 rows=678 width=26) (actual time=480.948..861.810 rows=878 loops=1)
              Join Filter: (t.id = mi.movie_id)
              ->  Hash Join  (cost=76253.05..141714.32 rows=213 width=34) (actual time=480.907..824.360 rows=1147 loops=1)
                    Hash Cond: (mk.keyword_id = k.id)
                    ->  Nested Loop  (cost=73291.47..137364.65 rows=109948 width=38) (actual time=465.297..800.896 rows=109948 loops=1)
                          Join Filter: (t.id = mk.movie_id)
                          ->  Hash Join  (cost=73291.03..104681.85 rows=17272 width=30) (actual time=465.273..728.099 rows=17272 loops=1)
                                Hash Cond: (mi_idx.info_type_id = it2.id)
                                ->  Hash Join  (cost=73288.61..104038.43 rows=51090 width=34) (actual time=465.254..722.585 rows=51090 loops=1)
                                      Hash Cond: (mi_idx.movie_id = t.id)
                                      ->  Seq Scan on movie_info_idx mi_idx  (cost=0.00..25185.44 rows=1343555 width=13) (actual time=0.006..241.717 rows=1343555 loops=1)
                                            Filter: (info < '8.5'::text)
                                            Rows Removed by Filter: 36480
                                      ->  Hash  (cost=72051.21..72051.21 rows=98992 width=21) (actual time=319.437..319.437 rows=98992 loops=1)
                                            Buckets: 131072  Batches: 1  Memory Usage: 6297kB
                                            ->  Hash Join  (cost=1.10..72051.21 rows=98992 width=21) (actual time=9.754..298.014 rows=98992 loops=1)
                                                  Hash Cond: (t.kind_id = kt.id)
                                                  ->  Seq Scan on title t  (cost=0.00..67601.90 rows=391666 width=25) (actual time=0.006..260.947 rows=391666 loops=1)
                                                        Filter: (production_year > 2010)
                                                        Rows Removed by Filter: 2136646
                                                  ->  Hash  (cost=1.09..1.09 rows=1 width=4) (actual time=0.005..0.005 rows=1 loops=1)
                                                        Buckets: 1024  Batches: 1  Memory Usage: 9kB
                                                        ->  Seq Scan on kind_type kt  (cost=0.00..1.09 rows=1 width=4) (actual time=0.003..0.004 rows=1 loops=1)
                                                              Filter: ((kind)::text = 'movie'::text)
                                                              Rows Removed by Filter: 6
                                ->  Hash  (cost=2.41..2.41 rows=1 width=4) (actual time=0.011..0.011 rows=1 loops=1)
                                      Buckets: 1024  Batches: 1  Memory Usage: 9kB
                                      ->  Seq Scan on info_type it2  (cost=0.00..2.41 rows=1 width=4) (actual time=0.010..0.011 rows=1 loops=1)
                                            Filter: ((info)::text = 'rating'::text)
                                            Rows Removed by Filter: 112
                          ->  Index Scan using movie_id_movie_keyword on movie_keyword mk  (cost=0.43..1.33 rows=45 width=8) (actual time=0.002..0.003 rows=6 loops=17272)
                                Index Cond: (movie_id = mi_idx.movie_id)
                    ->  Hash  (cost=2961.55..2961.55 rows=3 width=4) (actual time=15.576..15.576 rows=3 loops=1)
                          Buckets: 1024  Batches: 1  Memory Usage: 9kB
                          ->  Seq Scan on keyword k  (cost=0.00..2961.55 rows=3 width=4) (actual time=0.795..15.575 rows=3 loops=1)
                                Filter: (keyword = ANY ('{murder,murder-in-title,blood,violence}'::text[]))
                                Rows Removed by Filter: 134167
              ->  Index Scan using movie_id_movie_info on movie_info mi  (cost=0.43..1.87 rows=2 width=8) (actual time=0.027..0.032 rows=1 loops=1147)
                    Index Cond: (movie_id = mk.movie_id)
                    Filter: (info = ANY ('{Sweden,Norway,Germany,Denmark,Swedish,Denish,Norwegian,German,USA,American}'::text[]))
                    Rows Removed by Filter: 69
        ->  Hash  (cost=2.41..2.41 rows=1 width=4) (actual time=0.016..0.016 rows=1 loops=1)
              Buckets: 1024  Batches: 1  Memory Usage: 9kB
              ->  Seq Scan on info_type it1  (cost=0.00..2.41 rows=1 width=4) (actual time=0.009..0.015 rows=1 loops=1)
                    Filter: ((info)::text = 'countries'::text)
                    Rows Removed by Filter: 112
Planning time: 3.148 ms
Execution time: 862.343 ms
