Aggregate  (cost=32965.02..32965.03 rows=1 width=64) (actual time=790.557..790.557 rows=1 loops=1)
  ->  Nested Loop  (cost=4.42..32965.01 rows=1 width=22) (actual time=622.427..790.550 rows=1 loops=1)
        ->  Nested Loop  (cost=4.29..32964.62 rows=1 width=26) (actual time=16.914..790.542 rows=2 loops=1)
              ->  Nested Loop  (cost=4.14..32964.43 rows=1 width=30) (actual time=16.909..790.533 rows=2 loops=1)
                    Join Filter: (t.id = mi.movie_id)
                    ->  Nested Loop  (cost=3.71..32962.53 rows=1 width=38) (actual time=16.879..790.479 rows=2 loops=1)
                          ->  Nested Loop  (cost=3.29..32962.08 rows=1 width=42) (actual time=16.795..789.859 rows=224 loops=1)
                                Join Filter: (t.id = mk.movie_id)
                                ->  Nested Loop  (cost=2.86..32959.90 rows=1 width=34) (actual time=16.788..789.594 rows=49 loops=1)
                                      ->  Hash Join  (cost=2.43..29914.93 rows=3334 width=9) (actual time=0.027..292.277 rows=259848 loops=1)
                                            Hash Cond: (mi_idx.info_type_id = it2.id)
                                            ->  Seq Scan on movie_info_idx mi_idx  (cost=0.00..25185.44 rows=376765 width=13) (actual time=0.010..237.660 rows=375650 loops=1)
                                                  Filter: (info > '6.0'::text)
                                                  Rows Removed by Filter: 1004385
                                            ->  Hash  (cost=2.41..2.41 rows=1 width=4) (actual time=0.012..0.012 rows=1 loops=1)
                                                  Buckets: 1024  Batches: 1  Memory Usage: 9kB
                                                  ->  Seq Scan on info_type it2  (cost=0.00..2.41 rows=1 width=4) (actual time=0.010..0.011 rows=1 loops=1)
                                                        Filter: ((info)::text = 'rating'::text)
                                                        Rows Removed by Filter: 112
                                      ->  Index Scan using title_pkey on title t  (cost=0.43..0.91 rows=1 width=25) (actual time=0.002..0.002 rows=0 loops=259848)
                                            Index Cond: (id = mi_idx.movie_id)
                                            Filter: ((production_year > 2010) AND ((title ~~ '%murder%'::text) OR (title ~~ '%Murder%'::text) OR (title ~~ '%Mord%'::text)))
                                            Rows Removed by Filter: 1
                                ->  Index Scan using movie_id_movie_keyword on movie_keyword mk  (cost=0.43..1.61 rows=45 width=8) (actual time=0.003..0.004 rows=5 loops=49)
                                      Index Cond: (movie_id = mi_idx.movie_id)
                          ->  Index Scan using keyword_pkey on keyword k  (cost=0.42..0.44 rows=1 width=4) (actual time=0.003..0.003 rows=0 loops=224)
                                Index Cond: (id = mk.keyword_id)
                                Filter: (keyword = ANY ('{murder,murder-in-title}'::text[]))
                                Rows Removed by Filter: 1
                    ->  Index Scan using movie_id_movie_info on movie_info mi  (cost=0.43..1.87 rows=2 width=8) (actual time=0.023..0.025 rows=1 loops=2)
                          Index Cond: (movie_id = mk.movie_id)
                          Filter: (info = ANY ('{Sweden,Norway,Germany,Denmark,Swedish,Denish,Norwegian,German,USA,American}'::text[]))
                          Rows Removed by Filter: 18
              ->  Index Scan using info_type_pkey on info_type it1  (cost=0.14..0.16 rows=1 width=4) (actual time=0.003..0.003 rows=1 loops=2)
                    Index Cond: (id = mi.info_type_id)
                    Filter: ((info)::text = 'countries'::text)
        ->  Index Scan using kind_type_pkey on kind_type kt  (cost=0.13..0.27 rows=1 width=4) (actual time=0.003..0.003 rows=0 loops=2)
              Index Cond: (id = t.kind_id)
              Filter: ((kind)::text = 'movie'::text)
              Rows Removed by Filter: 0
Planning time: 3.166 ms
Execution time: 790.632 ms
