Aggregate  (cost=32946.22..32946.23 rows=1 width=64) (actual time=793.817..793.817 rows=1 loops=1)
  ->  Nested Loop  (cost=4.42..32946.22 rows=1 width=22) (actual time=624.540..793.811 rows=1 loops=1)
        ->  Nested Loop  (cost=4.28..32946.04 rows=1 width=26) (actual time=624.534..793.805 rows=1 loops=1)
              Join Filter: (t.id = mi.movie_id)
              ->  Nested Loop  (cost=3.84..32944.14 rows=1 width=34) (actual time=624.514..793.782 rows=1 loops=1)
                    ->  Nested Loop  (cost=3.42..32943.67 rows=1 width=38) (actual time=624.490..793.758 rows=4 loops=1)
                          Join Filter: (t.id = mk.movie_id)
                          ->  Nested Loop  (cost=2.99..32941.50 rows=1 width=30) (actual time=448.206..793.723 rows=4 loops=1)
                                ->  Nested Loop  (cost=2.86..32941.27 rows=1 width=34) (actual time=16.857..793.640 rows=49 loops=1)
                                      ->  Hash Join  (cost=2.43..29900.94 rows=3324 width=9) (actual time=0.027..290.734 rows=259848 loops=1)
                                            Hash Cond: (mi_idx.info_type_id = it2.id)
                                            ->  Seq Scan on movie_info_idx mi_idx  (cost=0.00..25185.44 rows=375650 width=13) (actual time=0.009..236.430 rows=375650 loops=1)
                                                  Filter: (info > '6.0'::text)
                                                  Rows Removed by Filter: 1004385
                                            ->  Hash  (cost=2.41..2.41 rows=1 width=4) (actual time=0.013..0.013 rows=1 loops=1)
                                                  Buckets: 1024  Batches: 1  Memory Usage: 9kB
                                                  ->  Seq Scan on info_type it2  (cost=0.00..2.41 rows=1 width=4) (actual time=0.011..0.012 rows=1 loops=1)
                                                        Filter: ((info)::text = 'rating'::text)
                                                        Rows Removed by Filter: 112
                                      ->  Index Scan using title_pkey on title t  (cost=0.43..0.91 rows=1 width=25) (actual time=0.002..0.002 rows=0 loops=259848)
                                            Index Cond: (id = mi_idx.movie_id)
                                            Filter: ((production_year > 2010) AND ((title ~~ '%murder%'::text) OR (title ~~ '%Murder%'::text) OR (title ~~ '%Mord%'::text)))
                                            Rows Removed by Filter: 1
                                ->  Index Scan using kind_type_pkey on kind_type kt  (cost=0.13..0.18 rows=1 width=4) (actual time=0.001..0.001 rows=0 loops=49)
                                      Index Cond: (id = t.kind_id)
                                      Filter: ((kind)::text = 'movie'::text)
                                      Rows Removed by Filter: 1
                          ->  Index Scan using movie_id_movie_keyword on movie_keyword mk  (cost=0.43..1.61 rows=45 width=8) (actual time=0.007..0.007 rows=1 loops=4)
                                Index Cond: (movie_id = mi_idx.movie_id)
                    ->  Index Scan using keyword_pkey on keyword k  (cost=0.42..0.44 rows=1 width=4) (actual time=0.005..0.005 rows=0 loops=4)
                          Index Cond: (id = mk.keyword_id)
                          Filter: (keyword = ANY ('{murder,murder-in-title}'::text[]))
                          Rows Removed by Filter: 1
              ->  Index Scan using movie_id_movie_info on movie_info mi  (cost=0.43..1.87 rows=2 width=8) (actual time=0.018..0.020 rows=1 loops=1)
                    Index Cond: (movie_id = mk.movie_id)
                    Filter: (info = ANY ('{Sweden,Norway,Germany,Denmark,Swedish,Denish,Norwegian,German,USA,American}'::text[]))
                    Rows Removed by Filter: 10
        ->  Index Scan using info_type_pkey on info_type it1  (cost=0.14..0.16 rows=1 width=4) (actual time=0.005..0.005 rows=1 loops=1)
              Index Cond: (id = mi.info_type_id)
              Filter: ((info)::text = 'countries'::text)
Planning time: 3.181 ms
Execution time: 793.890 ms
