Aggregate  (cost=87533.77..87533.78 rows=1 width=64) (actual time=289.721..289.721 rows=1 loops=1)
  ->  Nested Loop  (cost=2.13..87533.77 rows=1 width=22) (actual time=241.923..289.716 rows=1 loops=1)
        ->  Nested Loop  (cost=1.99..87533.59 rows=1 width=26) (actual time=241.920..289.714 rows=1 loops=1)
              ->  Nested Loop  (cost=1.85..87533.40 rows=1 width=30) (actual time=241.918..289.711 rows=1 loops=1)
                    Join Filter: (t.id = mi.movie_id)
                    ->  Nested Loop  (cost=1.41..87531.50 rows=1 width=38) (actual time=241.903..289.693 rows=1 loops=1)
                          ->  Nested Loop  (cost=0.99..87524.42 rows=16 width=42) (actual time=241.885..289.677 rows=4 loops=1)
                                Join Filter: (t.id = mk.movie_id)
                                ->  Nested Loop  (cost=0.56..87504.85 rows=9 width=34) (actual time=203.206..289.641 rows=9 loops=1)
                                      ->  Nested Loop  (cost=0.13..86646.28 rows=105 width=21) (actual time=187.928..289.317 rows=105 loops=1)
                                            ->  Seq Scan on title t  (cost=0.00..86564.24 rows=455 width=25) (actual time=0.155..288.810 rows=455 loops=1)
                                                  Filter: ((production_year > 2010) AND ((title ~~ '%murder%'::text) OR (title ~~ '%Murder%'::text) OR (title ~~ '%Mord%'::text)))
                                                  Rows Removed by Filter: 2527857
                                            ->  Index Scan using kind_type_pkey on kind_type kt  (cost=0.13..0.18 rows=1 width=4) (actual time=0.001..0.001 rows=0 loops=455)
                                                  Index Cond: (id = t.kind_id)
                                                  Filter: ((kind)::text = 'movie'::text)
                                                  Rows Removed by Filter: 1
                                      ->  Index Scan using movie_id_movie_info_idx on movie_info_idx mi_idx  (cost=0.43..8.17 rows=1 width=13) (actual time=0.003..0.003 rows=0 loops=105)
                                            Index Cond: (movie_id = t.id)
                                            Filter: (info > '6.0'::text)
                                            Rows Removed by Filter: 0
                                ->  Index Scan using movie_id_movie_keyword on movie_keyword mk  (cost=0.43..1.61 rows=45 width=8) (actual time=0.003..0.004 rows=0 loops=9)
                                      Index Cond: (movie_id = mi_idx.movie_id)
                          ->  Index Scan using keyword_pkey on keyword k  (cost=0.42..0.44 rows=1 width=4) (actual time=0.004..0.004 rows=0 loops=4)
                                Index Cond: (id = mk.keyword_id)
                                Filter: (keyword = ANY ('{murder,murder-in-title}'::text[]))
                                Rows Removed by Filter: 1
                    ->  Index Scan using movie_id_movie_info on movie_info mi  (cost=0.43..1.87 rows=2 width=8) (actual time=0.015..0.017 rows=1 loops=1)
                          Index Cond: (movie_id = mk.movie_id)
                          Filter: (info = ANY ('{Sweden,Norway,Germany,Denmark,Swedish,Denish,Norwegian,German,USA,American}'::text[]))
                          Rows Removed by Filter: 10
              ->  Index Scan using info_type_pkey on info_type it1  (cost=0.14..0.16 rows=1 width=4) (actual time=0.002..0.002 rows=1 loops=1)
                    Index Cond: (id = mi.info_type_id)
                    Filter: ((info)::text = 'countries'::text)
        ->  Index Scan using info_type_pkey on info_type it2  (cost=0.14..0.16 rows=1 width=4) (actual time=0.002..0.002 rows=1 loops=1)
              Index Cond: (id = mi_idx.info_type_id)
              Filter: ((info)::text = 'rating'::text)
Planning time: 3.048 ms
Execution time: 289.772 ms
