Aggregate  (cost=52609.56..52609.57 rows=1 width=64) (actual time=3507.819..3507.819 rows=1 loops=1)
  ->  Nested Loop  (cost=5.40..52609.55 rows=1 width=22) (actual time=11.403..3506.462 rows=4115 loops=1)
        ->  Nested Loop  (cost=4.98..52503.51 rows=239 width=26) (actual time=0.075..2689.854 rows=460150 loops=1)
              ->  Nested Loop  (cost=4.54..52468.98 rows=19 width=34) (actual time=0.071..2459.867 rows=44414 loops=1)
                    ->  Nested Loop  (cost=4.40..52130.44 rows=2082 width=38) (actual time=0.069..2406.380 rows=50884 loops=1)
                          Join Filter: (t.id = mi.movie_id)
                          ->  Hash Join  (cost=3.97..49002.02 rows=1347 width=30) (actual time=0.055..1397.340 rows=106971 loops=1)
                                Hash Cond: (t.kind_id = kt.id)
                                ->  Nested Loop  (cost=2.86..48947.35 rows=4716 width=34) (actual time=0.028..1371.520 rows=140455 loops=1)
                                      ->  Hash Join  (cost=2.43..42069.49 rows=11907 width=9) (actual time=0.020..444.862 rows=454230 loops=1)
                                            Hash Cond: (mi_idx.info_type_id = it2.id)
                                            ->  Seq Scan on movie_info_idx mi_idx  (cost=0.00..25185.44 rows=1345529 width=13) (actual time=0.006..290.704 rows=1343555 loops=1)
                                                  Filter: (info < '8.5'::text)
                                                  Rows Removed by Filter: 36480
                                            ->  Hash  (cost=2.41..2.41 rows=1 width=4) (actual time=0.011..0.011 rows=1 loops=1)
                                                  Buckets: 1024  Batches: 1  Memory Usage: 9kB
                                                  ->  Seq Scan on info_type it2  (cost=0.00..2.41 rows=1 width=4) (actual time=0.009..0.010 rows=1 loops=1)
                                                        Filter: ((info)::text = 'rating'::text)
                                                        Rows Removed by Filter: 112
                                      ->  Index Scan using title_pkey on title t  (cost=0.43..0.58 rows=1 width=25) (actual time=0.002..0.002 rows=0 loops=454230)
                                            Index Cond: (id = mi_idx.movie_id)
                                            Filter: (production_year > 2005)
                                            Rows Removed by Filter: 1
                                ->  Hash  (cost=1.09..1.09 rows=2 width=4) (actual time=0.008..0.008 rows=2 loops=1)
                                      Buckets: 1024  Batches: 1  Memory Usage: 9kB
                                      ->  Seq Scan on kind_type kt  (cost=0.00..1.09 rows=2 width=4) (actual time=0.006..0.007 rows=2 loops=1)
                                            Filter: ((kind)::text = ANY ('{movie,episode}'::text[]))
                                            Rows Removed by Filter: 5
                          ->  Index Scan using movie_id_movie_info on movie_info mi  (cost=0.43..2.30 rows=2 width=8) (actual time=0.008..0.009 rows=0 loops=106971)
                                Index Cond: (movie_id = mi_idx.movie_id)
                                Filter: (info = ANY ('{Sweden,Norway,Germany,Denmark,Swedish,Danish,Norwegian,German,USA,American}'::text[]))
                                Rows Removed by Filter: 14
                    ->  Index Scan using info_type_pkey on info_type it1  (cost=0.14..0.16 rows=1 width=4) (actual time=0.001..0.001 rows=1 loops=50884)
                          Index Cond: (id = mi.info_type_id)
                          Filter: ((info)::text = 'countries'::text)
                          Rows Removed by Filter: 0
              ->  Index Scan using movie_id_movie_keyword on movie_keyword mk  (cost=0.43..1.37 rows=45 width=8) (actual time=0.002..0.004 rows=10 loops=44414)
                    Index Cond: (movie_id = t.id)
        ->  Index Scan using keyword_pkey on keyword k  (cost=0.42..0.44 rows=1 width=4) (actual time=0.002..0.002 rows=0 loops=460150)
              Index Cond: (id = mk.keyword_id)
              Filter: ((keyword IS NOT NULL) AND (keyword = ANY ('{murder,murder-in-title,blood,violence}'::text[])))
              Rows Removed by Filter: 1
Planning time: 3.104 ms
Execution time: 3507.883 ms
