Aggregate  (cost=52619.23..52619.24 rows=1 width=64) (actual time=3154.785..3154.785 rows=1 loops=1)
  ->  Nested Loop  (cost=5.40..52619.22 rows=1 width=22) (actual time=10.492..3153.561 rows=4115 loops=1)
        ->  Nested Loop  (cost=4.98..52511.40 rows=243 width=26) (actual time=0.069..2429.393 rows=460150 loops=1)
              ->  Nested Loop  (cost=4.54..52476.91 rows=19 width=34) (actual time=0.065..2220.205 rows=44414 loops=1)
                    ->  Nested Loop  (cost=4.40..52132.34 rows=2119 width=38) (actual time=0.064..2172.906 rows=50884 loops=1)
                          Join Filter: (t.id = mi.movie_id)
                          ->  Hash Join  (cost=3.97..48970.20 rows=1361 width=30) (actual time=0.049..1254.281 rows=106971 loops=1)
                                Hash Cond: (t.kind_id = kt.id)
                                ->  Nested Loop  (cost=2.86..48914.99 rows=4764 width=34) (actual time=0.024..1231.406 rows=140455 loops=1)
                                      ->  Hash Join  (cost=2.43..42044.72 rows=11890 width=9) (actual time=0.018..393.151 rows=454230 loops=1)
                                            Hash Cond: (mi_idx.info_type_id = it2.id)
                                            ->  Seq Scan on movie_info_idx mi_idx  (cost=0.00..25185.44 rows=1343555 width=13) (actual time=0.005..257.295 rows=1343555 loops=1)
                                                  Filter: (info < '8.5'::text)
                                                  Rows Removed by Filter: 36480
                                            ->  Hash  (cost=2.41..2.41 rows=1 width=4) (actual time=0.009..0.009 rows=1 loops=1)
                                                  Buckets: 1024  Batches: 1  Memory Usage: 9kB
                                                  ->  Seq Scan on info_type it2  (cost=0.00..2.41 rows=1 width=4) (actual time=0.008..0.009 rows=1 loops=1)
                                                        Filter: ((info)::text = 'rating'::text)
                                                        Rows Removed by Filter: 112
                                      ->  Index Scan using title_pkey on title t  (cost=0.43..0.58 rows=1 width=25) (actual time=0.002..0.002 rows=0 loops=454230)
                                            Index Cond: (id = mi_idx.movie_id)
                                            Filter: (production_year > 2005)
                                            Rows Removed by Filter: 1
                                ->  Hash  (cost=1.09..1.09 rows=2 width=4) (actual time=0.008..0.008 rows=2 loops=1)
                                      Buckets: 1024  Batches: 1  Memory Usage: 9kB
                                      ->  Seq Scan on kind_type kt  (cost=0.00..1.09 rows=2 width=4) (actual time=0.005..0.006 rows=2 loops=1)
                                            Filter: ((kind)::text = ANY ('{movie,episode}'::text[]))
                                            Rows Removed by Filter: 5
                          ->  Index Scan using movie_id_movie_info on movie_info mi  (cost=0.43..2.30 rows=2 width=8) (actual time=0.008..0.008 rows=0 loops=106971)
                                Index Cond: (movie_id = mi_idx.movie_id)
                                Filter: (info = ANY ('{Sweden,Norway,Germany,Denmark,Swedish,Danish,Norwegian,German,USA,American}'::text[]))
                                Rows Removed by Filter: 14
                    ->  Index Scan using info_type_pkey on info_type it1  (cost=0.14..0.16 rows=1 width=4) (actual time=0.001..0.001 rows=1 loops=50884)
                          Index Cond: (id = mi.info_type_id)
                          Filter: ((info)::text = 'countries'::text)
                          Rows Removed by Filter: 0
              ->  Index Scan using movie_id_movie_keyword on movie_keyword mk  (cost=0.43..1.37 rows=45 width=8) (actual time=0.002..0.003 rows=10 loops=44414)
                    Index Cond: (movie_id = t.id)
        ->  Index Scan using keyword_pkey on keyword k  (cost=0.42..0.44 rows=1 width=4) (actual time=0.001..0.001 rows=0 loops=460150)
              Index Cond: (id = mk.keyword_id)
              Filter: ((keyword IS NOT NULL) AND (keyword = ANY ('{murder,murder-in-title,blood,violence}'::text[])))
              Rows Removed by Filter: 1
Planning time: 2.860 ms
Execution time: 3154.844 ms
