Aggregate  (cost=6883.92..6883.93 rows=1 width=64) (actual time=26.240..26.240 rows=1 loops=1)
  ->  Nested Loop  (cost=2.84..6883.87 rows=9 width=59) (actual time=5.600..26.227 rows=37 loops=1)
        ->  Nested Loop  (cost=2.42..6879.92 rows=9 width=63) (actual time=5.594..26.122 rows=37 loops=1)
              ->  Nested Loop  (cost=1.99..6878.05 rows=1 width=75) (actual time=4.615..26.093 rows=3 loops=1)
                    ->  Nested Loop  (cost=1.85..6877.76 rows=1 width=79) (actual time=4.612..26.085 rows=3 loops=1)
                          ->  Nested Loop  (cost=1.41..6875.25 rows=1 width=29) (actual time=3.796..25.717 rows=26 loops=1)
                                ->  Nested Loop  (cost=0.98..6874.32 rows=1 width=8) (actual time=3.789..25.599 rows=27 loops=1)
                                      ->  Nested Loop  (cost=0.85..6874.16 rows=1 width=12) (actual time=3.786..25.568 rows=27 loops=1)
                                            ->  Nested Loop  (cost=0.43..6871.64 rows=1 width=8) (actual time=3.608..24.963 rows=278 loops=1)
                                                  ->  Seq Scan on company_name cn  (cost=0.00..6519.95 rows=1 width=4) (actual time=3.591..23.675 rows=1 loops=1)
                                                        Filter: (((country_code)::text = '[us]'::text) AND (name = 'YouTube'::text))
                                                        Rows Removed by Filter: 234996
                                                  ->  Index Scan using company_id_movie_companies on movie_companies mc  (cost=0.43..351.67 rows=1 width=12) (actual time=0.014..1.258 rows=278 loops=1)
                                                        Index Cond: (company_id = cn.id)
                                                        Filter: ((note ~~ '%(200%)%'::text) AND (note ~~ '%(worldwide)%'::text))
                                                        Rows Removed by Filter: 1180
                                            ->  Index Only Scan using movie_id_aka_title on aka_title at  (cost=0.42..2.49 rows=3 width=4) (actual time=0.002..0.002 rows=0 loops=278)
                                                  Index Cond: (movie_id = mc.movie_id)
                                                  Heap Fetches: 27
                                      ->  Index Only Scan using company_type_pkey on company_type ct  (cost=0.13..0.15 rows=1 width=4) (actual time=0.001..0.001 rows=1 loops=27)
                                            Index Cond: (id = mc.company_type_id)
                                            Heap Fetches: 27
                                ->  Index Scan using title_pkey on title t  (cost=0.43..0.93 rows=1 width=21) (actual time=0.004..0.004 rows=1 loops=27)
                                      Index Cond: (id = at.movie_id)
                                      Filter: ((production_year >= 2005) AND (production_year <= 2010))
                                      Rows Removed by Filter: 0
                          ->  Index Scan using movie_id_movie_info on movie_info mi  (cost=0.43..2.51 rows=1 width=50) (actual time=0.013..0.014 rows=0 loops=26)
                                Index Cond: (movie_id = t.id)
                                Filter: ((note ~~ '%internet%'::text) AND (info ~~ 'USA:% 200%'::text))
                                Rows Removed by Filter: 19
                    ->  Index Scan using info_type_pkey on info_type it1  (cost=0.14..0.21 rows=1 width=4) (actual time=0.002..0.002 rows=1 loops=3)
                          Index Cond: (id = mi.info_type_id)
                          Filter: ((info)::text = 'release dates'::text)
              ->  Index Scan using movie_id_movie_keyword on movie_keyword mk  (cost=0.43..1.42 rows=45 width=8) (actual time=0.005..0.008 rows=12 loops=3)
                    Index Cond: (movie_id = t.id)
        ->  Index Only Scan using keyword_pkey on keyword k  (cost=0.42..0.44 rows=1 width=4) (actual time=0.003..0.003 rows=1 loops=37)
              Index Cond: (id = mk.keyword_id)
              Heap Fetches: 37
Planning time: 7.479 ms
Execution time: 26.301 ms
