Aggregate  (cost=7255.11..7255.12 rows=1 width=64) (actual time=25.336..25.336 rows=1 loops=1)
  ->  Nested Loop  (cost=2.84..7255.06 rows=10 width=59) (actual time=5.205..25.324 rows=37 loops=1)
        ->  Nested Loop  (cost=2.42..7238.83 rows=37 width=63) (actual time=5.200..25.227 rows=37 loops=1)
              ->  Nested Loop  (cost=1.99..7233.20 rows=3 width=75) (actual time=4.322..25.198 rows=3 loops=1)
                    ->  Nested Loop  (cost=1.85..7232.66 rows=3 width=79) (actual time=4.318..25.191 rows=3 loops=1)
                          ->  Nested Loop  (cost=1.72..7232.23 rows=3 width=83) (actual time=4.316..25.185 rows=3 loops=1)
                                ->  Nested Loop  (cost=1.28..7166.66 rows=26 width=33) (actual time=3.609..24.860 rows=26 loops=1)
                                      ->  Nested Loop  (cost=0.85..7141.61 rows=27 width=12) (actual time=3.603..24.756 rows=27 loops=1)
                                            ->  Nested Loop  (cost=0.43..6871.64 rows=278 width=8) (actual time=3.449..24.193 rows=278 loops=1)
                                                  ->  Seq Scan on company_name cn  (cost=0.00..6519.95 rows=1 width=4) (actual time=3.432..23.067 rows=1 loops=1)
                                                        Filter: (((country_code)::text = '[us]'::text) AND (name = 'YouTube'::text))
                                                        Rows Removed by Filter: 234996
                                                  ->  Index Scan using company_id_movie_companies on movie_companies mc  (cost=0.43..351.67 rows=1 width=12) (actual time=0.015..1.096 rows=278 loops=1)
                                                        Index Cond: (company_id = cn.id)
                                                        Filter: ((note ~~ '%(200%)%'::text) AND (note ~~ '%(worldwide)%'::text))
                                                        Rows Removed by Filter: 1180
                                            ->  Index Only Scan using movie_id_aka_title on aka_title at  (cost=0.42..0.94 rows=3 width=4) (actual time=0.002..0.002 rows=0 loops=278)
                                                  Index Cond: (movie_id = mc.movie_id)
                                                  Heap Fetches: 27
                                      ->  Index Scan using title_pkey on title t  (cost=0.43..0.93 rows=1 width=21) (actual time=0.003..0.003 rows=1 loops=27)
                                            Index Cond: (id = at.movie_id)
                                            Filter: ((production_year >= 2005) AND (production_year <= 2010))
                                            Rows Removed by Filter: 0
                                ->  Index Scan using movie_id_movie_info on movie_info mi  (cost=0.43..2.51 rows=1 width=50) (actual time=0.011..0.012 rows=0 loops=26)
                                      Index Cond: (movie_id = t.id)
                                      Filter: ((note ~~ '%internet%'::text) AND (info ~~ 'USA:% 200%'::text))
                                      Rows Removed by Filter: 19
                          ->  Index Only Scan using company_type_pkey on company_type ct  (cost=0.13..0.15 rows=1 width=4) (actual time=0.001..0.001 rows=1 loops=3)
                                Index Cond: (id = mc.company_type_id)
                                Heap Fetches: 3
                    ->  Index Scan using info_type_pkey on info_type it1  (cost=0.14..0.17 rows=1 width=4) (actual time=0.002..0.002 rows=1 loops=3)
                          Index Cond: (id = mi.info_type_id)
                          Filter: ((info)::text = 'release dates'::text)
              ->  Index Scan using movie_id_movie_keyword on movie_keyword mk  (cost=0.43..1.43 rows=45 width=8) (actual time=0.005..0.007 rows=12 loops=3)
                    Index Cond: (movie_id = t.id)
        ->  Index Only Scan using keyword_pkey on keyword k  (cost=0.42..0.44 rows=1 width=4) (actual time=0.002..0.002 rows=1 loops=37)
              Index Cond: (id = mk.keyword_id)
              Heap Fetches: 37
Planning time: 7.278 ms
Execution time: 25.404 ms
