Aggregate  (cost=380082.60..380082.61 rows=1 width=64) (actual time=2939.330..2939.330 rows=1 loops=1)
  ->  Hash Join  (cost=89470.45..380079.54 rows=611 width=59) (actual time=812.523..2938.490 rows=2271 loops=1)
        Hash Cond: (mc.company_type_id = ct.id)
        ->  Nested Loop  (cost=89469.36..380072.10 rows=611 width=63) (actual time=812.496..2937.948 rows=2271 loops=1)
              ->  Nested Loop  (cost=89468.94..380033.33 rows=87 width=67) (actual time=812.471..2932.695 rows=3123 loops=1)
                    ->  Nested Loop  (cost=89468.52..379995.17 rows=87 width=71) (actual time=812.454..2926.286 rows=3123 loops=1)
                          ->  Nested Loop  (cost=89468.09..379989.90 rows=3 width=83) (actual time=812.443..2924.345 rows=400 loops=1)
                                ->  Hash Join  (cost=89467.66..379937.88 rows=83 width=71) (actual time=812.426..2923.410 rows=120 loops=1)
                                      Hash Cond: (mi.info_type_id = it1.id)
                                      ->  Nested Loop  (cost=89465.23..379933.95 rows=120 width=75) (actual time=812.401..2923.299 rows=120 loops=1)
                                            ->  Hash Join  (cost=89464.80..103835.10 rows=140974 width=25) (actual time=808.261..972.711 rows=140974 loops=1)
                                                  Hash Cond: (at.movie_id = t.id)
                                                  ->  Seq Scan on aka_title at  (cost=0.00..9806.72 rows=361472 width=4) (actual time=0.005..35.826 rows=361472 loops=1)
                                                  ->  Hash  (cost=67601.90..67601.90 rows=1749032 width=21) (actual time=803.627..803.627 rows=1749032 loops=1)
                                                        Buckets: 2097152  Batches: 1  Memory Usage: 110019kB
                                                        ->  Seq Scan on title t  (cost=0.00..67601.90 rows=1749032 width=21) (actual time=0.006..389.641 rows=1749032 loops=1)
                                                              Filter: (production_year > 1990)
                                                              Rows Removed by Filter: 779280
                                            ->  Index Scan using movie_id_movie_info on movie_info mi  (cost=0.43..1.95 rows=1 width=50) (actual time=0.014..0.014 rows=0 loops=140974)
                                                  Index Cond: (movie_id = t.id)
                                                  Filter: ((info IS NOT NULL) AND (note ~~ '%internet%'::text) AND ((info ~~ 'USA:% 199%'::text) OR (info ~~ 'USA:% 200%'::text)))
                                                  Rows Removed by Filter: 38
                                      ->  Hash  (cost=2.41..2.41 rows=1 width=4) (actual time=0.013..0.013 rows=1 loops=1)
                                            Buckets: 1024  Batches: 1  Memory Usage: 9kB
                                            ->  Seq Scan on info_type it1  (cost=0.00..2.41 rows=1 width=4) (actual time=0.005..0.011 rows=1 loops=1)
                                                  Filter: ((info)::text = 'release dates'::text)
                                                  Rows Removed by Filter: 112
                                ->  Index Scan using movie_id_movie_companies on movie_companies mc  (cost=0.43..0.58 rows=5 width=12) (actual time=0.005..0.006 rows=3 loops=120)
                                      Index Cond: (movie_id = t.id)
                          ->  Index Scan using movie_id_movie_keyword on movie_keyword mk  (cost=0.43..1.30 rows=45 width=8) (actual time=0.002..0.003 rows=8 loops=400)
                                Index Cond: (movie_id = t.id)
                    ->  Index Only Scan using keyword_pkey on keyword k  (cost=0.42..0.44 rows=1 width=4) (actual time=0.002..0.002 rows=1 loops=3123)
                          Index Cond: (id = mk.keyword_id)
                          Heap Fetches: 3123
              ->  Index Scan using company_name_pkey on company_name cn  (cost=0.42..0.45 rows=1 width=4) (actual time=0.001..0.001 rows=1 loops=3123)
                    Index Cond: (id = mc.company_id)
                    Filter: ((country_code)::text = '[us]'::text)
                    Rows Removed by Filter: 0
        ->  Hash  (cost=1.04..1.04 rows=4 width=4) (actual time=0.013..0.013 rows=4 loops=1)
              Buckets: 1024  Batches: 1  Memory Usage: 9kB
              ->  Seq Scan on company_type ct  (cost=0.00..1.04 rows=4 width=4) (actual time=0.007..0.008 rows=4 loops=1)
Planning time: 7.615 ms
Execution time: 2939.793 ms
