Aggregate  (cost=421757.19..421757.20 rows=1 width=64) (actual time=1547.474..1547.474 rows=1 loops=1)
  ->  Nested Loop  (cost=2.83..421756.65 rows=109 width=59) (actual time=377.273..1546.714 rows=2271 loops=1)
        Join Filter: (t.id = at.movie_id)
        ->  Nested Loop  (cost=2.40..421733.30 rows=45 width=75) (actual time=376.068..1535.435 rows=7964 loops=1)
              ->  Nested Loop  (cost=1.98..421713.56 rows=45 width=79) (actual time=376.059..1518.773 rows=7964 loops=1)
                    ->  Nested Loop  (cost=1.55..421708.29 rows=3 width=71) (actual time=376.050..1510.001 rows=2647 loops=1)
                          ->  Nested Loop  (cost=1.42..421707.86 rows=3 width=75) (actual time=376.045..1507.060 rows=2647 loops=1)
                                ->  Nested Loop  (cost=1.00..421702.96 rows=11 width=79) (actual time=376.036..1498.280 rows=2884 loops=1)
                                      ->  Nested Loop  (cost=0.57..421701.70 rows=2 width=67) (actual time=376.027..1491.056 rows=1782 loops=1)
                                            ->  Nested Loop  (cost=0.14..421676.61 rows=3 width=46) (actual time=376.019..1484.426 rows=1783 loops=1)
                                                  ->  Seq Scan on movie_info mi  (cost=0.00..421618.10 rows=286 width=50) (actual time=376.002..1482.171 rows=1783 loops=1)
                                                        Filter: ((info IS NOT NULL) AND (note ~~ '%internet%'::text) AND ((info ~~ 'USA:% 199%'::text) OR (info ~~ 'USA:% 200%'::text)))
                                                        Rows Removed by Filter: 14833937
                                                  ->  Index Scan using info_type_pkey on info_type it1  (cost=0.14..0.20 rows=1 width=4) (actual time=0.001..0.001 rows=1 loops=1783)
                                                        Index Cond: (id = mi.info_type_id)
                                                        Filter: ((info)::text = 'release dates'::text)
                                            ->  Index Scan using title_pkey on title t  (cost=0.43..8.37 rows=1 width=21) (actual time=0.003..0.003 rows=1 loops=1783)
                                                  Index Cond: (id = mi.movie_id)
                                                  Filter: (production_year > 1990)
                                                  Rows Removed by Filter: 0
                                      ->  Index Scan using movie_id_movie_companies on movie_companies mc  (cost=0.43..0.58 rows=5 width=12) (actual time=0.003..0.004 rows=2 loops=1782)
                                            Index Cond: (movie_id = t.id)
                                ->  Index Scan using company_name_pkey on company_name cn  (cost=0.42..0.45 rows=1 width=4) (actual time=0.003..0.003 rows=1 loops=2884)
                                      Index Cond: (id = mc.company_id)
                                      Filter: ((country_code)::text = '[us]'::text)
                                      Rows Removed by Filter: 0
                          ->  Index Only Scan using company_type_pkey on company_type ct  (cost=0.13..0.15 rows=1 width=4) (actual time=0.001..0.001 rows=1 loops=2647)
                                Index Cond: (id = mc.company_type_id)
                                Heap Fetches: 2647
                    ->  Index Scan using movie_id_movie_keyword on movie_keyword mk  (cost=0.43..1.30 rows=45 width=8) (actual time=0.002..0.003 rows=3 loops=2647)
                          Index Cond: (movie_id = t.id)
              ->  Index Only Scan using keyword_pkey on keyword k  (cost=0.42..0.44 rows=1 width=4) (actual time=0.002..0.002 rows=1 loops=7964)
                    Index Cond: (id = mk.keyword_id)
                    Heap Fetches: 7964
        ->  Index Only Scan using movie_id_aka_title on aka_title at  (cost=0.42..0.48 rows=3 width=4) (actual time=0.001..0.001 rows=0 loops=7964)
              Index Cond: (movie_id = mk.movie_id)
              Heap Fetches: 2271
Planning time: 7.263 ms
Execution time: 1547.543 ms
