Aggregate  (cost=351841.55..351841.56 rows=1 width=64) (actual time=1466.511..1466.511 rows=1 loops=1)
  ->  Nested Loop  (cost=2.83..351820.93 rows=4124 width=38) (actual time=325.447..1463.843 rows=11347 loops=1)
        Join Filter: (t.id = at.movie_id)
        ->  Nested Loop  (cost=2.40..350965.34 rows=1649 width=33) (actual time=324.062..1426.263 rows=25564 loops=1)
              ->  Nested Loop  (cost=1.98..350241.98 rows=1649 width=37) (actual time=324.058..1378.731 rows=25564 loops=1)
                    ->  Nested Loop  (cost=1.55..350019.19 rows=127 width=29) (actual time=324.054..1350.154 rows=9857 loops=1)
                          ->  Nested Loop  (cost=1.42..350000.66 rows=127 width=33) (actual time=324.051..1339.520 rows=9857 loops=1)
                                ->  Nested Loop  (cost=1.00..349843.37 rows=353 width=37) (actual time=324.047..1304.679 rows=14377 loops=1)
                                      ->  Nested Loop  (cost=0.57..349802.00 rows=66 width=25) (actual time=324.043..1270.970 rows=10662 loops=1)
                                            ->  Nested Loop  (cost=0.14..349209.09 rows=96 width=4) (actual time=324.037..1238.251 rows=10679 loops=1)
                                                  ->  Seq Scan on movie_info mi  (cost=0.00..347439.50 rows=10810 width=8) (actual time=21.606..1226.683 rows=10810 loops=1)
                                                        Filter: (note ~~ '%internet%'::text)
                                                        Rows Removed by Filter: 14824910
                                                  ->  Index Scan using info_type_pkey on info_type it1  (cost=0.14..0.16 rows=1 width=4) (actual time=0.001..0.001 rows=1 loops=10810)
                                                        Index Cond: (id = mi.info_type_id)
                                                        Filter: ((info)::text = 'release dates'::text)
                                                        Rows Removed by Filter: 0
                                            ->  Index Scan using title_pkey on title t  (cost=0.43..6.18 rows=1 width=21) (actual time=0.003..0.003 rows=1 loops=10679)
                                                  Index Cond: (id = mi.movie_id)
                                                  Filter: (production_year > 1990)
                                                  Rows Removed by Filter: 0
                                      ->  Index Scan using movie_id_movie_companies on movie_companies mc  (cost=0.43..0.58 rows=5 width=12) (actual time=0.002..0.003 rows=1 loops=10662)
                                            Index Cond: (movie_id = t.id)
                                ->  Index Scan using company_name_pkey on company_name cn  (cost=0.42..0.45 rows=1 width=4) (actual time=0.002..0.002 rows=1 loops=14377)
                                      Index Cond: (id = mc.company_id)
                                      Filter: ((country_code)::text = '[us]'::text)
                                      Rows Removed by Filter: 0
                          ->  Index Only Scan using company_type_pkey on company_type ct  (cost=0.13..0.15 rows=1 width=4) (actual time=0.001..0.001 rows=1 loops=9857)
                                Index Cond: (id = mc.company_type_id)
                                Heap Fetches: 9857
                    ->  Index Scan using movie_id_movie_keyword on movie_keyword mk  (cost=0.43..1.30 rows=45 width=8) (actual time=0.002..0.002 rows=3 loops=9857)
                          Index Cond: (movie_id = t.id)
              ->  Index Only Scan using keyword_pkey on keyword k  (cost=0.42..0.44 rows=1 width=4) (actual time=0.002..0.002 rows=1 loops=25564)
                    Index Cond: (id = mk.keyword_id)
                    Heap Fetches: 25564
        ->  Index Scan using movie_id_aka_title on aka_title at  (cost=0.42..0.48 rows=3 width=25) (actual time=0.001..0.001 rows=0 loops=25564)
              Index Cond: (movie_id = mk.movie_id)
Planning time: 7.271 ms
Execution time: 1466.573 ms
