Aggregate  (cost=356733.82..356733.83 rows=1 width=64) (actual time=3015.504..3015.504 rows=1 loops=1)
  ->  Nested Loop  (cost=89470.45..356693.84 rows=7995 width=38) (actual time=817.462..3012.889 rows=11347 loops=1)
        ->  Nested Loop  (cost=89470.03..353186.70 rows=7995 width=42) (actual time=817.446..2991.231 rows=11347 loops=1)
              ->  Hash Join  (cost=89469.60..351651.69 rows=875 width=54) (actual time=817.434..2985.537 rows=875 loops=1)
                    Hash Cond: (mc.company_type_id = ct.id)
                    ->  Nested Loop  (cost=89468.51..351641.49 rows=875 width=58) (actual time=817.418..2985.204 rows=875 loops=1)
                          ->  Nested Loop  (cost=89468.09..350706.21 rows=2099 width=62) (actual time=817.388..2978.234 rows=2099 loops=1)
                                ->  Hash Join  (cost=89467.66..350340.14 rows=584 width=50) (actual time=817.373..2974.402 rows=584 loops=1)
                                      Hash Cond: (mi.info_type_id = it1.id)
                                      ->  Nested Loop  (cost=89465.23..350329.41 rows=662 width=54) (actual time=817.348..2974.084 rows=662 loops=1)
                                            ->  Hash Join  (cost=89464.80..103835.10 rows=140974 width=46) (actual time=817.055..987.936 rows=140974 loops=1)
                                                  Hash Cond: (at.movie_id = t.id)
                                                  ->  Seq Scan on aka_title at  (cost=0.00..9806.72 rows=361472 width=25) (actual time=0.006..36.143 rows=361472 loops=1)
                                                  ->  Hash  (cost=67601.90..67601.90 rows=1749032 width=21) (actual time=812.545..812.545 rows=1749032 loops=1)
                                                        Buckets: 2097152  Batches: 1  Memory Usage: 110019kB
                                                        ->  Seq Scan on title t  (cost=0.00..67601.90 rows=1749032 width=21) (actual time=0.006..389.221 rows=1749032 loops=1)
                                                              Filter: (production_year > 1990)
                                                              Rows Removed by Filter: 779280
                                            ->  Index Scan using movie_id_movie_info on movie_info mi  (cost=0.43..1.74 rows=1 width=8) (actual time=0.014..0.014 rows=0 loops=140974)
                                                  Index Cond: (movie_id = t.id)
                                                  Filter: (note ~~ '%internet%'::text)
                                                  Rows Removed by Filter: 38
                                      ->  Hash  (cost=2.41..2.41 rows=1 width=4) (actual time=0.016..0.016 rows=1 loops=1)
                                            Buckets: 1024  Batches: 1  Memory Usage: 9kB
                                            ->  Seq Scan on info_type it1  (cost=0.00..2.41 rows=1 width=4) (actual time=0.009..0.014 rows=1 loops=1)
                                                  Filter: ((info)::text = 'release dates'::text)
                                                  Rows Removed by Filter: 112
                                ->  Index Scan using movie_id_movie_companies on movie_companies mc  (cost=0.43..0.58 rows=5 width=12) (actual time=0.004..0.005 rows=4 loops=584)
                                      Index Cond: (movie_id = t.id)
                          ->  Index Scan using company_name_pkey on company_name cn  (cost=0.42..0.45 rows=1 width=4) (actual time=0.003..0.003 rows=0 loops=2099)
                                Index Cond: (id = mc.company_id)
                                Filter: ((country_code)::text = '[us]'::text)
                                Rows Removed by Filter: 1
                    ->  Hash  (cost=1.04..1.04 rows=4 width=4) (actual time=0.009..0.009 rows=4 loops=1)
                          Buckets: 1024  Batches: 1  Memory Usage: 9kB
                          ->  Seq Scan on company_type ct  (cost=0.00..1.04 rows=4 width=4) (actual time=0.004..0.004 rows=4 loops=1)
              ->  Index Scan using movie_id_movie_keyword on movie_keyword mk  (cost=0.43..1.30 rows=45 width=8) (actual time=0.003..0.005 rows=13 loops=875)
                    Index Cond: (movie_id = t.id)
        ->  Index Only Scan using keyword_pkey on keyword k  (cost=0.42..0.44 rows=1 width=4) (actual time=0.002..0.002 rows=1 loops=11347)
              Index Cond: (id = mk.keyword_id)
              Heap Fetches: 11347
Planning time: 7.185 ms
Execution time: 3015.958 ms
