Aggregate  (cost=351878.86..351878.87 rows=1 width=64) (actual time=1481.575..1481.575 rows=1 loops=1)
  ->  Nested Loop  (cost=2.83..351858.16 rows=4141 width=38) (actual time=323.945..1478.885 rows=11347 loops=1)
        Join Filter: (t.id = at.movie_id)
        ->  Nested Loop  (cost=2.40..350999.46 rows=1655 width=33) (actual time=322.503..1441.290 rows=25564 loops=1)
              ->  Nested Loop  (cost=1.98..350273.46 rows=1655 width=37) (actual time=322.489..1391.199 rows=25564 loops=1)
                    ->  Nested Loop  (cost=1.55..350048.90 rows=128 width=29) (actual time=322.478..1362.433 rows=9857 loops=1)
                          ->  Nested Loop  (cost=1.42..350030.22 rows=128 width=33) (actual time=322.464..1351.814 rows=9857 loops=1)
                                ->  Nested Loop  (cost=1.00..349871.15 rows=357 width=37) (actual time=322.456..1313.671 rows=14377 loops=1)
                                      ->  Nested Loop  (cost=0.57..349829.15 rows=67 width=25) (actual time=322.449..1279.562 rows=10662 loops=1)
                                            ->  Nested Loop  (cost=0.14..349231.85 rows=97 width=4) (actual time=322.439..1246.341 rows=10679 loops=1)
                                                  ->  Seq Scan on movie_info mi  (cost=0.00..347439.50 rows=10950 width=8) (actual time=21.767..1234.765 rows=10810 loops=1)
                                                        Filter: (note ~~ '%internet%'::text)
                                                        Rows Removed by Filter: 14824910
                                                  ->  Index Scan using info_type_pkey on info_type it1  (cost=0.14..0.16 rows=1 width=4) (actual time=0.001..0.001 rows=1 loops=10810)
                                                        Index Cond: (id = mi.info_type_id)
                                                        Filter: ((info)::text = 'release dates'::text)
                                                        Rows Removed by Filter: 0
                                            ->  Index Scan using title_pkey on title t  (cost=0.43..6.16 rows=1 width=21) (actual time=0.003..0.003 rows=1 loops=10679)
                                                  Index Cond: (id = mi.movie_id)
                                                  Filter: (production_year > 1990)
                                                  Rows Removed by Filter: 0
                                      ->  Index Scan using movie_id_movie_companies on movie_companies mc  (cost=0.43..0.58 rows=5 width=12) (actual time=0.002..0.003 rows=1 loops=10662)
                                            Index Cond: (movie_id = t.id)
                                ->  Index Scan using company_name_pkey on company_name cn  (cost=0.42..0.45 rows=1 width=4) (actual time=0.002..0.002 rows=1 loops=14377)
                                      Index Cond: (id = mc.company_id)
                                      Filter: ((country_code)::text = '[us]'::text)
                                      Rows Removed by Filter: 0
                          ->  Index Only Scan using company_type_pkey on company_type ct  (cost=0.13..0.15 rows=1 width=4) (actual time=0.001..0.001 rows=1 loops=9857)
                                Index Cond: (id = mc.company_type_id)
                                Heap Fetches: 9857
                    ->  Index Scan using movie_id_movie_keyword on movie_keyword mk  (cost=0.43..1.30 rows=45 width=8) (actual time=0.002..0.002 rows=3 loops=9857)
                          Index Cond: (movie_id = t.id)
              ->  Index Only Scan using keyword_pkey on keyword k  (cost=0.42..0.44 rows=1 width=4) (actual time=0.002..0.002 rows=1 loops=25564)
                    Index Cond: (id = mk.keyword_id)
                    Heap Fetches: 25564
        ->  Index Scan using movie_id_aka_title on aka_title at  (cost=0.42..0.48 rows=3 width=25) (actual time=0.001..0.001 rows=0 loops=25564)
              Index Cond: (movie_id = mk.movie_id)
Planning time: 7.342 ms
Execution time: 1481.645 ms
