Aggregate  (cost=129485.79..129485.80 rows=1 width=64) (actual time=692.653..692.653 rows=1 loops=1)
  ->  Nested Loop  (cost=2628.84..129485.41 rows=75 width=33) (actual time=17.397..692.539 rows=385 loops=1)
        Join Filter: (n.id = an.person_id)
        ->  Nested Loop  (cost=2628.41..129470.82 rows=30 width=25) (actual time=17.387..691.423 rows=323 loops=1)
              ->  Nested Loop  (cost=2627.98..129457.17 rows=30 width=21) (actual time=17.378..690.214 rows=323 loops=1)
                    Join Filter: (t.id = ci.movie_id)
                    ->  Nested Loop  (cost=2627.42..129453.26 rows=2 width=29) (actual time=17.367..689.748 rows=25 loops=1)
                          ->  Nested Loop  (cost=2627.00..129451.03 rows=5 width=33) (actual time=17.296..689.557 rows=54 loops=1)
                                Join Filter: (t.id = mc.movie_id)
                                ->  Nested Loop  (cost=2626.57..129450.43 rows=1 width=25) (actual time=14.071..689.267 rows=146 loops=1)
                                      ->  Hash Join  (cost=2626.14..129433.75 rows=34 width=4) (actual time=8.429..606.520 rows=41840 loops=1)
                                            Hash Cond: (mk.keyword_id = k.id)
                                            ->  Seq Scan on movie_keyword mk  (cost=0.00..69693.30 rows=4523930 width=8) (actual time=0.007..280.954 rows=4523930 loops=1)
                                            ->  Hash  (cost=2626.12..2626.12 rows=1 width=4) (actual time=8.400..8.400 rows=1 loops=1)
                                                  Buckets: 1024  Batches: 1  Memory Usage: 9kB
                                                  ->  Seq Scan on keyword k  (cost=0.00..2626.12 rows=1 width=4) (actual time=0.392..8.398 rows=1 loops=1)
                                                        Filter: (keyword = 'character-name-in-title'::text)
                                                        Rows Removed by Filter: 134169
                                      ->  Index Scan using title_pkey on title t  (cost=0.43..0.49 rows=1 width=21) (actual time=0.002..0.002 rows=0 loops=41840)
                                            Index Cond: (id = mk.movie_id)
                                            Filter: ((episode_nr >= 50) AND (episode_nr < 100))
                                            Rows Removed by Filter: 1
                                ->  Index Scan using movie_id_movie_companies on movie_companies mc  (cost=0.43..0.54 rows=5 width=8) (actual time=0.002..0.002 rows=0 loops=146)
                                      Index Cond: (movie_id = mk.movie_id)
                          ->  Index Scan using company_name_pkey on company_name cn  (cost=0.42..0.45 rows=1 width=4) (actual time=0.003..0.003 rows=0 loops=54)
                                Index Cond: (id = mc.company_id)
                                Filter: ((country_code)::text = '[us]'::text)
                                Rows Removed by Filter: 1
                    ->  Index Scan using movie_id_cast_info on cast_info ci  (cost=0.56..1.51 rows=36 width=8) (actual time=0.005..0.016 rows=13 loops=25)
                          Index Cond: (movie_id = mk.movie_id)
              ->  Index Only Scan using name_pkey on name n  (cost=0.43..0.45 rows=1 width=4) (actual time=0.003..0.003 rows=1 loops=323)
                    Index Cond: (id = ci.person_id)
                    Heap Fetches: 323
        ->  Index Scan using person_id_aka_name on aka_name an  (cost=0.42..0.46 rows=2 width=20) (actual time=0.003..0.003 rows=1 loops=323)
              Index Cond: (person_id = ci.person_id)
Planning time: 3.579 ms
Execution time: 692.727 ms
