Aggregate  (cost=161601.35..161601.36 rows=1 width=64) (actual time=742.996..742.996 rows=1 loops=1)
  ->  Hash Join  (cost=9621.42..161100.57 rows=100157 width=33) (actual time=60.819..742.868 rows=385 loops=1)
        Hash Cond: (mc.company_id = cn.id)
        ->  Nested Loop  (cost=2628.42..151092.41 rows=238825 width=37) (actual time=17.671..699.915 rows=898 loops=1)
              Join Filter: (an.person_id = n.id)
              ->  Nested Loop  (cost=2627.99..150672.69 rows=898 width=45) (actual time=17.662..697.745 rows=898 loops=1)
                    ->  Nested Loop  (cost=2627.56..150148.30 rows=1089 width=25) (actual time=17.655..694.996 rows=1089 loops=1)
                          Join Filter: (t.id = ci.movie_id)
                          ->  Nested Loop  (cost=2627.00..150042.66 rows=54 width=33) (actual time=17.643..693.848 rows=54 loops=1)
                                Join Filter: (t.id = mc.movie_id)
                                ->  Nested Loop  (cost=2626.57..149954.63 rows=146 width=25) (actual time=14.398..693.545 rows=146 loops=1)
                                      ->  Hash Join  (cost=2626.14..129433.75 rows=41840 width=4) (actual time=8.681..611.888 rows=41840 loops=1)
                                            Hash Cond: (mk.keyword_id = k.id)
                                            ->  Seq Scan on movie_keyword mk  (cost=0.00..69693.30 rows=4523930 width=8) (actual time=0.007..284.438 rows=4523930 loops=1)
                                            ->  Hash  (cost=2626.12..2626.12 rows=1 width=4) (actual time=8.649..8.649 rows=1 loops=1)
                                                  Buckets: 1024  Batches: 1  Memory Usage: 9kB
                                                  ->  Seq Scan on keyword k  (cost=0.00..2626.12 rows=1 width=4) (actual time=0.393..8.647 rows=1 loops=1)
                                                        Filter: (keyword = 'character-name-in-title'::text)
                                                        Rows Removed by Filter: 134169
                                      ->  Index Scan using title_pkey on title t  (cost=0.43..0.49 rows=1 width=21) (actual time=0.002..0.002 rows=0 loops=41840)
                                            Index Cond: (id = mk.movie_id)
                                            Filter: ((episode_nr >= 50) AND (episode_nr < 100))
                                            Rows Removed by Filter: 1
                                ->  Index Scan using movie_id_movie_companies on movie_companies mc  (cost=0.43..0.54 rows=5 width=8) (actual time=0.002..0.002 rows=0 loops=146)
                                      Index Cond: (movie_id = mk.movie_id)
                          ->  Index Scan using movie_id_cast_info on cast_info ci  (cost=0.56..1.51 rows=36 width=8) (actual time=0.004..0.018 rows=20 loops=54)
                                Index Cond: (movie_id = mk.movie_id)
                    ->  Index Scan using person_id_aka_name on aka_name an  (cost=0.42..0.46 rows=2 width=20) (actual time=0.002..0.002 rows=1 loops=1089)
                          Index Cond: (person_id = ci.person_id)
              ->  Index Only Scan using name_pkey on name n  (cost=0.43..0.45 rows=1 width=4) (actual time=0.002..0.002 rows=1 loops=898)
                    Index Cond: (id = ci.person_id)
                    Heap Fetches: 898
        ->  Hash  (cost=5932.46..5932.46 rows=84843 width=4) (actual time=42.647..42.647 rows=84843 loops=1)
              Buckets: 131072  Batches: 1  Memory Usage: 4007kB
              ->  Seq Scan on company_name cn  (cost=0.00..5932.46 rows=84843 width=4) (actual time=0.008..32.312 rows=84843 loops=1)
                    Filter: ((country_code)::text = '[us]'::text)
                    Rows Removed by Filter: 150154
Planning time: 3.564 ms
Execution time: 743.086 ms
