Aggregate  (cost=153780.21..153780.22 rows=1 width=64) (actual time=690.171..690.171 rows=1 loops=1)
  ->  Nested Loop  (cost=2628.84..153780.03 rows=37 width=33) (actual time=17.561..690.049 rows=385 loops=1)
        Join Filter: (an.person_id = n.id)
        ->  Nested Loop  (cost=2628.41..153762.73 rows=37 width=41) (actual time=17.552..689.110 rows=385 loops=1)
              ->  Nested Loop  (cost=2627.98..153674.13 rows=184 width=21) (actual time=17.544..688.081 rows=323 loops=1)
                    Join Filter: (t.id = ci.movie_id)
                    ->  Nested Loop  (cost=2627.42..150066.72 rows=1844 width=29) (actual time=17.534..687.630 rows=25 loops=1)
                          ->  Nested Loop  (cost=2627.00..150042.66 rows=54 width=33) (actual time=17.475..687.448 rows=54 loops=1)
                                Join Filter: (t.id = mc.movie_id)
                                ->  Nested Loop  (cost=2626.57..149954.63 rows=146 width=25) (actual time=14.238..687.160 rows=146 loops=1)
                                      ->  Hash Join  (cost=2626.14..129433.75 rows=41840 width=4) (actual time=8.749..605.887 rows=41840 loops=1)
                                            Hash Cond: (mk.keyword_id = k.id)
                                            ->  Seq Scan on movie_keyword mk  (cost=0.00..69693.30 rows=4523930 width=8) (actual time=0.006..280.194 rows=4523930 loops=1)
                                            ->  Hash  (cost=2626.12..2626.12 rows=1 width=4) (actual time=8.720..8.720 rows=1 loops=1)
                                                  Buckets: 1024  Batches: 1  Memory Usage: 9kB
                                                  ->  Seq Scan on keyword k  (cost=0.00..2626.12 rows=1 width=4) (actual time=0.393..8.719 rows=1 loops=1)
                                                        Filter: (keyword = 'character-name-in-title'::text)
                                                        Rows Removed by Filter: 134169
                                      ->  Index Scan using title_pkey on title t  (cost=0.43..0.49 rows=1 width=21) (actual time=0.002..0.002 rows=0 loops=41840)
                                            Index Cond: (id = mk.movie_id)
                                            Filter: ((episode_nr >= 50) AND (episode_nr < 100))
                                            Rows Removed by Filter: 1
                                ->  Index Scan using movie_id_movie_companies on movie_companies mc  (cost=0.43..0.54 rows=5 width=8) (actual time=0.002..0.002 rows=0 loops=146)
                                      Index Cond: (movie_id = mk.movie_id)
                          ->  Index Scan using company_name_pkey on company_name cn  (cost=0.42..0.45 rows=1 width=4) (actual time=0.003..0.003 rows=0 loops=54)
                                Index Cond: (id = mc.company_id)
                                Filter: ((country_code)::text = '[us]'::text)
                                Rows Removed by Filter: 1
                    ->  Index Scan using movie_id_cast_info on cast_info ci  (cost=0.56..1.51 rows=36 width=8) (actual time=0.005..0.015 rows=13 loops=25)
                          Index Cond: (movie_id = mk.movie_id)
              ->  Index Scan using person_id_aka_name on aka_name an  (cost=0.42..0.46 rows=2 width=20) (actual time=0.003..0.003 rows=1 loops=323)
                    Index Cond: (person_id = ci.person_id)
        ->  Index Only Scan using name_pkey on name n  (cost=0.43..0.45 rows=1 width=4) (actual time=0.002..0.002 rows=1 loops=385)
              Index Cond: (id = ci.person_id)
              Heap Fetches: 385
Planning time: 3.578 ms
Execution time: 690.248 ms
