Aggregate  (cost=546883.76..546883.77 rows=1 width=64) (actual time=12503.447..12503.447 rows=1 loops=1)
  ->  Nested Loop  (cost=511054.02..546843.72 rows=8007 width=33) (actual time=5270.159..11723.670 rows=3710592 loops=1)
        ->  Hash Join  (cost=511053.59..543222.65 rows=8007 width=28) (actual time=5270.145..6195.661 rows=3710592 loops=1)
              Hash Cond: (an.person_id = n.id)
              ->  Seq Scan on aka_name an  (cost=0.00..20409.43 rows=901343 width=20) (actual time=0.008..78.347 rows=901343 loops=1)
              ->  Hash  (cost=475646.65..475646.65 rows=2832555 width=20) (actual time=5261.546..5261.546 rows=2832555 loops=1)
                    Buckets: 4194304  Batches: 1  Memory Usage: 176609kB
                    ->  Hash Join  (cost=159001.68..475646.65 rows=2832555 width=20) (actual time=1402.870..4743.823 rows=2832555 loops=1)
                          Hash Cond: (ci.person_id = n.id)
                          ->  Nested Loop  (cost=9620.13..290504.10 rows=2832555 width=16) (actual time=54.359..2652.663 rows=2832555 loops=1)
                                ->  Hash Join  (cost=9619.57..163006.31 rows=68316 width=8) (actual time=54.198..876.837 rows=68316 loops=1)
                                      Hash Cond: (mc.company_id = cn.id)
                                      ->  Nested Loop  (cost=2626.57..154137.85 rows=148552 width=12) (actual time=8.805..788.700 rows=148552 loops=1)
                                            ->  Hash Join  (cost=2626.14..129433.75 rows=41840 width=4) (actual time=8.711..656.885 rows=41840 loops=1)
                                                  Hash Cond: (mk.keyword_id = k.id)
                                                  ->  Seq Scan on movie_keyword mk  (cost=0.00..69693.30 rows=4523930 width=8) (actual time=0.009..304.093 rows=4523930 loops=1)
                                                  ->  Hash  (cost=2626.12..2626.12 rows=1 width=4) (actual time=8.666..8.666 rows=1 loops=1)
                                                        Buckets: 1024  Batches: 1  Memory Usage: 9kB
                                                        ->  Seq Scan on keyword k  (cost=0.00..2626.12 rows=1 width=4) (actual time=0.413..8.660 rows=1 loops=1)
                                                              Filter: (keyword = 'character-name-in-title'::text)
                                                              Rows Removed by Filter: 134169
                                            ->  Index Scan using movie_id_movie_companies on movie_companies mc  (cost=0.43..0.54 rows=5 width=8) (actual time=0.002..0.002 rows=4 loops=41840)
                                                  Index Cond: (movie_id = mk.movie_id)
                                      ->  Hash  (cost=5932.46..5932.46 rows=84843 width=4) (actual time=44.752..44.752 rows=84843 loops=1)
                                            Buckets: 131072  Batches: 1  Memory Usage: 4007kB
                                            ->  Seq Scan on company_name cn  (cost=0.00..5932.46 rows=84843 width=4) (actual time=0.007..31.036 rows=84843 loops=1)
                                                  Filter: ((country_code)::text = '[us]'::text)
                                                  Rows Removed by Filter: 150154
                                ->  Index Scan using movie_id_cast_info on cast_info ci  (cost=0.56..1.51 rows=36 width=8) (actual time=0.002..0.021 rows=41 loops=68316)
                                      Index Cond: (movie_id = mk.movie_id)
                          ->  Hash  (cost=97287.91..97287.91 rows=4167491 width=4) (actual time=1339.968..1339.968 rows=4167491 loops=1)
                                Buckets: 4194304  Batches: 1  Memory Usage: 179282kB
                                ->  Seq Scan on name n  (cost=0.00..97287.91 rows=4167491 width=4) (actual time=0.009..488.600 rows=4167491 loops=1)
        ->  Index Scan using title_pkey on title t  (cost=0.43..0.45 rows=1 width=21) (actual time=0.001..0.001 rows=1 loops=3710592)
              Index Cond: (id = ci.movie_id)
Planning time: 3.636 ms
Execution time: 12505.243 ms
