Aggregate  (cost=295063.41..295063.42 rows=1 width=64) (actual time=22741.335..22741.335 rows=1 loops=1)
  ->  Nested Loop  (cost=9621.42..295056.54 rows=1374 width=33) (actual time=50.351..21875.577 rows=3710592 loops=1)
        ->  Nested Loop  (cost=9620.99..294435.16 rows=1374 width=28) (actual time=50.345..16554.527 rows=3710592 loops=1)
              Join Filter: (an.person_id = n.id)
              ->  Nested Loop  (cost=9620.56..293792.96 rows=1374 width=36) (actual time=50.340..9424.536 rows=3710592 loops=1)
                    ->  Nested Loop  (cost=9620.13..290504.10 rows=6830 width=16) (actual time=50.336..3014.675 rows=2832555 loops=1)
                          ->  Hash Join  (cost=9619.57..163006.31 rows=68316 width=8) (actual time=50.170..917.394 rows=68316 loops=1)
                                Hash Cond: (mc.company_id = cn.id)
                                ->  Nested Loop  (cost=2626.57..154137.85 rows=148552 width=12) (actual time=8.892..832.785 rows=148552 loops=1)
                                      ->  Hash Join  (cost=2626.14..129433.75 rows=41840 width=4) (actual time=8.830..686.748 rows=41840 loops=1)
                                            Hash Cond: (mk.keyword_id = k.id)
                                            ->  Seq Scan on movie_keyword mk  (cost=0.00..69693.30 rows=4523930 width=8) (actual time=0.006..316.613 rows=4523930 loops=1)
                                            ->  Hash  (cost=2626.12..2626.12 rows=1 width=4) (actual time=8.800..8.800 rows=1 loops=1)
                                                  Buckets: 1024  Batches: 1  Memory Usage: 9kB
                                                  ->  Seq Scan on keyword k  (cost=0.00..2626.12 rows=1 width=4) (actual time=0.360..8.799 rows=1 loops=1)
                                                        Filter: (keyword = 'character-name-in-title'::text)
                                                        Rows Removed by Filter: 134169
                                      ->  Index Scan using movie_id_movie_companies on movie_companies mc  (cost=0.43..0.54 rows=5 width=8) (actual time=0.002..0.003 rows=4 loops=41840)
                                            Index Cond: (movie_id = mk.movie_id)
                                ->  Hash  (cost=5932.46..5932.46 rows=84843 width=4) (actual time=41.099..41.099 rows=84843 loops=1)
                                      Buckets: 131072  Batches: 1  Memory Usage: 4007kB
                                      ->  Seq Scan on company_name cn  (cost=0.00..5932.46 rows=84843 width=4) (actual time=0.007..31.490 rows=84843 loops=1)
                                            Filter: ((country_code)::text = '[us]'::text)
                                            Rows Removed by Filter: 150154
                          ->  Index Scan using movie_id_cast_info on cast_info ci  (cost=0.56..1.51 rows=36 width=8) (actual time=0.003..0.025 rows=41 loops=68316)
                                Index Cond: (movie_id = mk.movie_id)
                    ->  Index Scan using person_id_aka_name on aka_name an  (cost=0.42..0.46 rows=2 width=20) (actual time=0.002..0.002 rows=1 loops=2832555)
                          Index Cond: (person_id = ci.person_id)
              ->  Index Only Scan using name_pkey on name n  (cost=0.43..0.45 rows=1 width=4) (actual time=0.002..0.002 rows=1 loops=3710592)
                    Index Cond: (id = ci.person_id)
                    Heap Fetches: 3710592
        ->  Index Scan using title_pkey on title t  (cost=0.43..0.45 rows=1 width=21) (actual time=0.001..0.001 rows=1 loops=3710592)
              Index Cond: (id = ci.movie_id)
Planning time: 3.497 ms
Execution time: 22741.399 ms
