Aggregate  (cost=588758.73..588758.74 rows=1 width=64) (actual time=6724.548..6724.548 rows=1 loops=1)
  ->  Hash Join  (cost=538036.71..570205.77 rows=3710592 width=33) (actual time=5257.877..6093.471 rows=3710592 loops=1)
        Hash Cond: (an.person_id = n.id)
        ->  Seq Scan on aka_name an  (cost=0.00..20409.43 rows=901343 width=20) (actual time=0.006..75.247 rows=901343 loops=1)
        ->  Hash  (cost=502629.77..502629.77 rows=2832555 width=25) (actual time=5249.349..5249.349 rows=2832555 loops=1)
              Buckets: 4194304  Batches: 1  Memory Usage: 200101kB
              ->  Hash Join  (cost=159002.11..502629.77 rows=2832555 width=25) (actual time=1349.747..4734.540 rows=2832555 loops=1)
                    Hash Cond: (ci.person_id = n.id)
                    ->  Nested Loop  (cost=9620.56..317487.22 rows=2832555 width=21) (actual time=51.731..2726.473 rows=2832555 loops=1)
                          Join Filter: (t.id = ci.movie_id)
                          ->  Hash Join  (cost=9620.00..183840.99 rows=68316 width=29) (actual time=51.537..956.554 rows=68316 loops=1)
                                Hash Cond: (mc.company_id = cn.id)
                                ->  Nested Loop  (cost=2627.00..174972.53 rows=148552 width=33) (actual time=8.522..871.498 rows=148552 loops=1)
                                      Join Filter: (t.id = mc.movie_id)
                                      ->  Nested Loop  (cost=2626.57..149745.43 rows=41840 width=25) (actual time=8.464..737.896 rows=41840 loops=1)
                                            ->  Hash Join  (cost=2626.14..129433.75 rows=41840 width=4) (actual time=8.437..638.411 rows=41840 loops=1)
                                                  Hash Cond: (mk.keyword_id = k.id)
                                                  ->  Seq Scan on movie_keyword mk  (cost=0.00..69693.30 rows=4523930 width=8) (actual time=0.008..296.875 rows=4523930 loops=1)
                                                  ->  Hash  (cost=2626.12..2626.12 rows=1 width=4) (actual time=8.395..8.395 rows=1 loops=1)
                                                        Buckets: 1024  Batches: 1  Memory Usage: 9kB
                                                        ->  Seq Scan on keyword k  (cost=0.00..2626.12 rows=1 width=4) (actual time=0.370..8.391 rows=1 loops=1)
                                                              Filter: (keyword = 'character-name-in-title'::text)
                                                              Rows Removed by Filter: 134169
                                            ->  Index Scan using title_pkey on title t  (cost=0.43..0.49 rows=1 width=21) (actual time=0.002..0.002 rows=1 loops=41840)
                                                  Index Cond: (id = mk.movie_id)
                                      ->  Index Scan using movie_id_movie_companies on movie_companies mc  (cost=0.43..0.54 rows=5 width=8) (actual time=0.002..0.002 rows=4 loops=41840)
                                            Index Cond: (movie_id = mk.movie_id)
                                ->  Hash  (cost=5932.46..5932.46 rows=84843 width=4) (actual time=42.343..42.343 rows=84843 loops=1)
                                      Buckets: 131072  Batches: 1  Memory Usage: 4007kB
                                      ->  Seq Scan on company_name cn  (cost=0.00..5932.46 rows=84843 width=4) (actual time=0.007..29.984 rows=84843 loops=1)
                                            Filter: ((country_code)::text = '[us]'::text)
                                            Rows Removed by Filter: 150154
                          ->  Index Scan using movie_id_cast_info on cast_info ci  (cost=0.56..1.51 rows=36 width=8) (actual time=0.002..0.020 rows=41 loops=68316)
                                Index Cond: (movie_id = mk.movie_id)
                    ->  Hash  (cost=97287.91..97287.91 rows=4167491 width=4) (actual time=1289.588..1289.588 rows=4167491 loops=1)
                          Buckets: 4194304  Batches: 1  Memory Usage: 179282kB
                          ->  Seq Scan on name n  (cost=0.00..97287.91 rows=4167491 width=4) (actual time=0.008..474.622 rows=4167491 loops=1)
Planning time: 3.302 ms
Execution time: 6726.368 ms
