Aggregate  (cost=316738.99..316739.00 rows=1 width=64) (actual time=2177.562..2177.562 rows=1 loops=1)
  ->  Nested Loop  (cost=41297.21..316723.99 rows=2999 width=33) (actual time=368.607..2109.713 rows=319932 loops=1)
        Join Filter: (an.person_id = n.id)
        ->  Hash Join  (cost=41296.78..315322.26 rows=2999 width=41) (actual time=368.590..1565.336 rows=319932 loops=1)
              Hash Cond: (mc.company_id = cn.id)
              ->  Hash Join  (cost=34303.78..266493.64 rows=3313722 width=45) (actual time=322.666..1455.201 rows=424483 loops=1)
                    Hash Cond: (ci.person_id = an.person_id)
                    ->  Nested Loop  (cost=2627.56..176339.51 rows=329808 width=25) (actual time=8.687..1034.976 rows=329808 loops=1)
                          Join Filter: (t.id = ci.movie_id)
                          ->  Nested Loop  (cost=2627.00..154026.01 rows=11406 width=33) (actual time=8.675..737.605 rows=11406 loops=1)
                                Join Filter: (t.id = mc.movie_id)
                                ->  Nested Loop  (cost=2626.57..149850.03 rows=6926 width=25) (actual time=8.562..720.288 rows=6926 loops=1)
                                      ->  Hash Join  (cost=2626.14..129433.75 rows=41840 width=4) (actual time=8.543..628.212 rows=41840 loops=1)
                                            Hash Cond: (mk.keyword_id = k.id)
                                            ->  Seq Scan on movie_keyword mk  (cost=0.00..69693.30 rows=4523930 width=8) (actual time=0.010..289.976 rows=4523930 loops=1)
                                            ->  Hash  (cost=2626.12..2626.12 rows=1 width=4) (actual time=8.497..8.497 rows=1 loops=1)
                                                  Buckets: 1024  Batches: 1  Memory Usage: 9kB
                                                  ->  Seq Scan on keyword k  (cost=0.00..2626.12 rows=1 width=4) (actual time=0.376..8.496 rows=1 loops=1)
                                                        Filter: (keyword = 'character-name-in-title'::text)
                                                        Rows Removed by Filter: 134169
                                      ->  Index Scan using title_pkey on title t  (cost=0.43..0.49 rows=1 width=21) (actual time=0.002..0.002 rows=0 loops=41840)
                                            Index Cond: (id = mk.movie_id)
                                            Filter: (episode_nr < 100)
                                            Rows Removed by Filter: 1
                                ->  Index Scan using movie_id_movie_companies on movie_companies mc  (cost=0.43..0.54 rows=5 width=8) (actual time=0.002..0.002 rows=2 loops=6926)
                                      Index Cond: (movie_id = mk.movie_id)
                          ->  Index Scan using movie_id_cast_info on cast_info ci  (cost=0.56..1.51 rows=36 width=8) (actual time=0.008..0.022 rows=29 loops=11406)
                                Index Cond: (movie_id = mk.movie_id)
                    ->  Hash  (cost=20409.43..20409.43 rows=901343 width=20) (actual time=311.364..311.364 rows=901343 loops=1)
                          Buckets: 1048576  Batches: 1  Memory Usage: 55917kB
                          ->  Seq Scan on aka_name an  (cost=0.00..20409.43 rows=901343 width=20) (actual time=0.008..117.319 rows=901343 loops=1)
              ->  Hash  (cost=5932.46..5932.46 rows=84843 width=4) (actual time=44.724..44.724 rows=84843 loops=1)
                    Buckets: 131072  Batches: 1  Memory Usage: 4007kB
                    ->  Seq Scan on company_name cn  (cost=0.00..5932.46 rows=84843 width=4) (actual time=0.011..31.298 rows=84843 loops=1)
                          Filter: ((country_code)::text = '[us]'::text)
                          Rows Removed by Filter: 150154
        ->  Index Only Scan using name_pkey on name n  (cost=0.43..0.45 rows=1 width=4) (actual time=0.001..0.001 rows=1 loops=319932)
              Index Cond: (id = ci.person_id)
              Heap Fetches: 319932
Planning time: 3.219 ms
Execution time: 2177.871 ms
