Aggregate  (cost=210637.15..210637.16 rows=1 width=64) (actual time=2087.256..2087.256 rows=1 loops=1)
  ->  Nested Loop  (cost=2628.84..210634.58 rows=515 width=33) (actual time=9.072..2017.277 rows=319932 loops=1)
        Join Filter: (an.person_id = n.id)
        ->  Nested Loop  (cost=2628.41..210393.87 rows=515 width=41) (actual time=9.061..1446.222 rows=319932 loops=1)
              ->  Nested Loop  (cost=2627.98..209162.11 rows=2558 width=21) (actual time=9.051..927.034 rows=221609 loops=1)
                    Join Filter: (t.id = ci.movie_id)
                    ->  Nested Loop  (cost=2627.42..159108.35 rows=25586 width=29) (actual time=9.039..748.822 rows=8538 loops=1)
                          ->  Nested Loop  (cost=2627.00..154026.01 rows=11406 width=33) (actual time=8.643..724.577 rows=11406 loops=1)
                                Join Filter: (t.id = mc.movie_id)
                                ->  Nested Loop  (cost=2626.57..149850.03 rows=6926 width=25) (actual time=8.538..706.372 rows=6926 loops=1)
                                      ->  Hash Join  (cost=2626.14..129433.75 rows=41840 width=4) (actual time=8.523..614.364 rows=41840 loops=1)
                                            Hash Cond: (mk.keyword_id = k.id)
                                            ->  Seq Scan on movie_keyword mk  (cost=0.00..69693.30 rows=4523930 width=8) (actual time=0.008..285.548 rows=4523930 loops=1)
                                            ->  Hash  (cost=2626.12..2626.12 rows=1 width=4) (actual time=8.476..8.476 rows=1 loops=1)
                                                  Buckets: 1024  Batches: 1  Memory Usage: 9kB
                                                  ->  Seq Scan on keyword k  (cost=0.00..2626.12 rows=1 width=4) (actual time=0.365..8.474 rows=1 loops=1)
                                                        Filter: (keyword = 'character-name-in-title'::text)
                                                        Rows Removed by Filter: 134169
                                      ->  Index Scan using title_pkey on title t  (cost=0.43..0.49 rows=1 width=21) (actual time=0.002..0.002 rows=0 loops=41840)
                                            Index Cond: (id = mk.movie_id)
                                            Filter: (episode_nr < 100)
                                            Rows Removed by Filter: 1
                                ->  Index Scan using movie_id_movie_companies on movie_companies mc  (cost=0.43..0.54 rows=5 width=8) (actual time=0.002..0.002 rows=2 loops=6926)
                                      Index Cond: (movie_id = mk.movie_id)
                          ->  Index Scan using company_name_pkey on company_name cn  (cost=0.42..0.45 rows=1 width=4) (actual time=0.002..0.002 rows=1 loops=11406)
                                Index Cond: (id = mc.company_id)
                                Filter: ((country_code)::text = '[us]'::text)
                                Rows Removed by Filter: 0
                    ->  Index Scan using movie_id_cast_info on cast_info ci  (cost=0.56..1.51 rows=36 width=8) (actual time=0.003..0.017 rows=26 loops=8538)
                          Index Cond: (movie_id = mk.movie_id)
              ->  Index Scan using person_id_aka_name on aka_name an  (cost=0.42..0.46 rows=2 width=20) (actual time=0.002..0.002 rows=1 loops=221609)
                    Index Cond: (person_id = ci.person_id)
        ->  Index Only Scan using name_pkey on name n  (cost=0.43..0.45 rows=1 width=4) (actual time=0.002..0.002 rows=1 loops=319932)
              Index Cond: (id = ci.person_id)
              Heap Fetches: 319932
Planning time: 3.424 ms
Execution time: 2087.329 ms
