Aggregate  (cost=129798.06..129798.07 rows=1 width=64) (actual time=1709.676..1709.677 rows=1 loops=1)
  ->  Nested Loop  (cost=2628.84..129794.32 rows=748 width=33) (actual time=9.007..1656.597 rows=249455 loops=1)
        Join Filter: (n.id = an.person_id)
        ->  Nested Loop  (cost=2628.41..129647.87 rows=301 width=25) (actual time=8.997..1254.494 rows=169273 loops=1)
              ->  Nested Loop  (cost=2627.98..129510.94 rows=301 width=21) (actual time=8.986..876.075 rows=169273 loops=1)
                    Join Filter: (t.id = ci.movie_id)
                    ->  Nested Loop  (cost=2627.42..129477.69 rows=17 width=29) (actual time=8.975..739.948 rows=6766 loops=1)
                          ->  Nested Loop  (cost=2627.00..129455.85 rows=49 width=33) (actual time=8.601..721.410 rows=8661 loops=1)
                                Join Filter: (t.id = mc.movie_id)
                                ->  Nested Loop  (cost=2626.57..129450.43 rows=9 width=25) (actual time=8.501..707.234 rows=5385 loops=1)
                                      ->  Hash Join  (cost=2626.14..129433.75 rows=34 width=4) (actual time=8.485..614.870 rows=41840 loops=1)
                                            Hash Cond: (mk.keyword_id = k.id)
                                            ->  Seq Scan on movie_keyword mk  (cost=0.00..69693.30 rows=4523930 width=8) (actual time=0.008..286.104 rows=4523930 loops=1)
                                            ->  Hash  (cost=2626.12..2626.12 rows=1 width=4) (actual time=8.448..8.448 rows=1 loops=1)
                                                  Buckets: 1024  Batches: 1  Memory Usage: 9kB
                                                  ->  Seq Scan on keyword k  (cost=0.00..2626.12 rows=1 width=4) (actual time=0.369..8.446 rows=1 loops=1)
                                                        Filter: (keyword = 'character-name-in-title'::text)
                                                        Rows Removed by Filter: 134169
                                      ->  Index Scan using title_pkey on title t  (cost=0.43..0.49 rows=1 width=21) (actual time=0.002..0.002 rows=0 loops=41840)
                                            Index Cond: (id = mk.movie_id)
                                            Filter: ((episode_nr >= 5) AND (episode_nr < 100))
                                            Rows Removed by Filter: 1
                                ->  Index Scan using movie_id_movie_companies on movie_companies mc  (cost=0.43..0.54 rows=5 width=8) (actual time=0.002..0.002 rows=2 loops=5385)
                                      Index Cond: (movie_id = mk.movie_id)
                          ->  Index Scan using company_name_pkey on company_name cn  (cost=0.42..0.45 rows=1 width=4) (actual time=0.002..0.002 rows=1 loops=8661)
                                Index Cond: (id = mc.company_id)
                                Filter: ((country_code)::text = '[us]'::text)
                                Rows Removed by Filter: 0
                    ->  Index Scan using movie_id_cast_info on cast_info ci  (cost=0.56..1.51 rows=36 width=8) (actual time=0.003..0.016 rows=25 loops=6766)
                          Index Cond: (movie_id = mk.movie_id)
              ->  Index Only Scan using name_pkey on name n  (cost=0.43..0.45 rows=1 width=4) (actual time=0.002..0.002 rows=1 loops=169273)
                    Index Cond: (id = ci.person_id)
                    Heap Fetches: 169273
        ->  Index Scan using person_id_aka_name on aka_name an  (cost=0.42..0.46 rows=2 width=20) (actual time=0.002..0.002 rows=1 loops=169273)
              Index Cond: (person_id = ci.person_id)
Planning time: 3.324 ms
Execution time: 1709.752 ms
