Aggregate  (cost=130050.30..130050.31 rows=1 width=64) (actual time=5252.927..5252.927 rows=1 loops=1)
  ->  Nested Loop  (cost=2628.41..130050.30 rows=1 width=15) (actual time=10.560..5243.015 rows=52306 loops=1)
        ->  Nested Loop  (cost=2627.98..130049.84 rows=1 width=27) (actual time=10.554..5162.760 rows=52306 loops=1)
              ->  Nested Loop  (cost=2627.56..130049.40 rows=1 width=31) (actual time=10.526..5038.866 rows=52306 loops=1)
                    ->  Nested Loop  (cost=2627.13..130048.83 rows=1 width=23) (actual time=10.519..5001.362 rows=6642 loops=1)
                          ->  Nested Loop  (cost=2626.70..129497.21 rows=1206 width=12) (actual time=8.365..1795.276 rows=1038393 loops=1)
                                ->  Hash Join  (cost=2626.14..129433.75 rows=34 width=4) (actual time=8.352..643.971 rows=41840 loops=1)
                                      Hash Cond: (mk.keyword_id = k.id)
                                      ->  Seq Scan on movie_keyword mk  (cost=0.00..69693.30 rows=4523930 width=8) (actual time=0.006..299.745 rows=4523930 loops=1)
                                      ->  Hash  (cost=2626.12..2626.12 rows=1 width=4) (actual time=8.302..8.302 rows=1 loops=1)
                                            Buckets: 1024  Batches: 1  Memory Usage: 9kB
                                            ->  Seq Scan on keyword k  (cost=0.00..2626.12 rows=1 width=4) (actual time=0.377..8.300 rows=1 loops=1)
                                                  Filter: (keyword = 'character-name-in-title'::text)
                                                  Rows Removed by Filter: 134169
                                ->  Index Scan using movie_id_cast_info on cast_info ci  (cost=0.56..1.51 rows=36 width=8) (actual time=0.003..0.024 rows=25 loops=41840)
                                      Index Cond: (movie_id = mk.movie_id)
                          ->  Index Scan using name_pkey on name n  (cost=0.43..0.46 rows=1 width=19) (actual time=0.003..0.003 rows=0 loops=1038393)
                                Index Cond: (id = ci.person_id)
                                Filter: (name ~~ 'Z%'::text)
                                Rows Removed by Filter: 1
                    ->  Index Scan using movie_id_movie_companies on movie_companies mc  (cost=0.43..0.52 rows=5 width=8) (actual time=0.003..0.004 rows=8 loops=6642)
                          Index Cond: (movie_id = ci.movie_id)
              ->  Index Only Scan using company_name_pkey on company_name cn  (cost=0.42..0.44 rows=1 width=4) (actual time=0.002..0.002 rows=1 loops=52306)
                    Index Cond: (id = mc.company_id)
                    Heap Fetches: 52306
        ->  Index Only Scan using title_pkey on title t  (cost=0.43..0.45 rows=1 width=4) (actual time=0.001..0.001 rows=1 loops=52306)
              Index Cond: (id = ci.movie_id)
              Heap Fetches: 52306
Planning time: 2.039 ms
Execution time: 5252.972 ms
