Aggregate  (cost=130050.30..130050.31 rows=1 width=64) (actual time=4171.641..4171.641 rows=1 loops=1)
  ->  Nested Loop  (cost=2628.41..130050.30 rows=1 width=15) (actual time=38.624..4171.195 rows=1918 loops=1)
        ->  Nested Loop  (cost=2627.98..130049.84 rows=1 width=27) (actual time=38.620..4167.994 rows=1918 loops=1)
              ->  Nested Loop  (cost=2627.56..130049.40 rows=1 width=31) (actual time=38.615..4162.641 rows=1918 loops=1)
                    ->  Nested Loop  (cost=2627.13..130048.83 rows=1 width=23) (actual time=38.608..4160.900 rows=250 loops=1)
                          ->  Nested Loop  (cost=2626.70..129497.21 rows=1206 width=12) (actual time=8.146..1635.222 rows=1038393 loops=1)
                                ->  Hash Join  (cost=2626.14..129433.75 rows=34 width=4) (actual time=8.136..623.130 rows=41840 loops=1)
                                      Hash Cond: (mk.keyword_id = k.id)
                                      ->  Seq Scan on movie_keyword mk  (cost=0.00..69693.30 rows=4523930 width=8) (actual time=0.006..289.837 rows=4523930 loops=1)
                                      ->  Hash  (cost=2626.12..2626.12 rows=1 width=4) (actual time=8.107..8.107 rows=1 loops=1)
                                            Buckets: 1024  Batches: 1  Memory Usage: 9kB
                                            ->  Seq Scan on keyword k  (cost=0.00..2626.12 rows=1 width=4) (actual time=0.373..8.106 rows=1 loops=1)
                                                  Filter: (keyword = 'character-name-in-title'::text)
                                                  Rows Removed by Filter: 134169
                                ->  Index Scan using movie_id_cast_info on cast_info ci  (cost=0.56..1.51 rows=36 width=8) (actual time=0.003..0.021 rows=25 loops=41840)
                                      Index Cond: (movie_id = mk.movie_id)
                          ->  Index Scan using name_pkey on name n  (cost=0.43..0.46 rows=1 width=19) (actual time=0.002..0.002 rows=0 loops=1038393)
                                Index Cond: (id = ci.person_id)
                                Filter: (name ~~ 'X%'::text)
                                Rows Removed by Filter: 1
                    ->  Index Scan using movie_id_movie_companies on movie_companies mc  (cost=0.43..0.52 rows=5 width=8) (actual time=0.003..0.005 rows=8 loops=250)
                          Index Cond: (movie_id = ci.movie_id)
              ->  Index Only Scan using company_name_pkey on company_name cn  (cost=0.42..0.44 rows=1 width=4) (actual time=0.002..0.002 rows=1 loops=1918)
                    Index Cond: (id = mc.company_id)
                    Heap Fetches: 1918
        ->  Index Only Scan using title_pkey on title t  (cost=0.43..0.45 rows=1 width=4) (actual time=0.001..0.001 rows=1 loops=1918)
              Index Cond: (id = ci.movie_id)
              Heap Fetches: 1918
Planning time: 2.131 ms
Execution time: 4171.692 ms
