Aggregate  (cost=130052.66..130052.67 rows=1 width=32) (actual time=4374.868..4374.868 rows=1 loops=1)
  ->  Nested Loop  (cost=2628.41..130052.65 rows=4 width=15) (actual time=28.089..4372.761 rows=11538 loops=1)
        ->  Nested Loop  (cost=2627.99..130050.87 rows=4 width=19) (actual time=28.086..4344.930 rows=11538 loops=1)
              ->  Nested Loop  (cost=2627.56..130049.73 rows=2 width=27) (actual time=28.080..4334.130 rows=1972 loops=1)
                    ->  Nested Loop  (cost=2627.13..130048.83 rows=2 width=23) (actual time=28.073..4326.799 rows=1972 loops=1)
                          ->  Nested Loop  (cost=2626.70..129497.21 rows=1206 width=12) (actual time=8.129..1664.840 rows=1038393 loops=1)
                                ->  Hash Join  (cost=2626.14..129433.75 rows=34 width=4) (actual time=8.118..633.023 rows=41840 loops=1)
                                      Hash Cond: (mk.keyword_id = k.id)
                                      ->  Seq Scan on movie_keyword mk  (cost=0.00..69693.30 rows=4523930 width=8) (actual time=0.006..294.315 rows=4523930 loops=1)
                                      ->  Hash  (cost=2626.12..2626.12 rows=1 width=4) (actual time=8.089..8.089 rows=1 loops=1)
                                            Buckets: 1024  Batches: 1  Memory Usage: 9kB
                                            ->  Seq Scan on keyword k  (cost=0.00..2626.12 rows=1 width=4) (actual time=0.362..8.088 rows=1 loops=1)
                                                  Filter: (keyword = 'character-name-in-title'::text)
                                                  Rows Removed by Filter: 134169
                                ->  Index Scan using movie_id_cast_info on cast_info ci  (cost=0.56..1.51 rows=36 width=8) (actual time=0.003..0.021 rows=25 loops=41840)
                                      Index Cond: (movie_id = mk.movie_id)
                          ->  Index Scan using name_pkey on name n  (cost=0.43..0.46 rows=1 width=19) (actual time=0.002..0.002 rows=0 loops=1038393)
                                Index Cond: (id = ci.person_id)
                                Filter: (name ~~ '%Bert%'::text)
                                Rows Removed by Filter: 1
                    ->  Index Only Scan using title_pkey on title t  (cost=0.43..0.45 rows=1 width=4) (actual time=0.003..0.003 rows=1 loops=1972)
                          Index Cond: (id = ci.movie_id)
                          Heap Fetches: 1972
              ->  Index Scan using movie_id_movie_companies on movie_companies mc  (cost=0.43..0.52 rows=5 width=8) (actual time=0.003..0.004 rows=6 loops=1972)
                    Index Cond: (movie_id = ci.movie_id)
        ->  Index Only Scan using company_name_pkey on company_name cn  (cost=0.42..0.44 rows=1 width=4) (actual time=0.002..0.002 rows=1 loops=11538)
              Index Cond: (id = mc.company_id)
              Heap Fetches: 11538
Planning time: 1.992 ms
Execution time: 4374.918 ms
