Aggregate  (cost=166762.51..166762.52 rows=1 width=32) (actual time=19700.606..19700.606 rows=1 loops=1)
  ->  Nested Loop  (cost=10910.43..166762.50 rows=3 width=15) (actual time=96.693..19697.791 rows=11538 loops=1)
        ->  Nested Loop  (cost=10910.00..166761.15 rows=3 width=27) (actual time=96.687..19673.010 rows=11538 loops=1)
              ->  Nested Loop  (cost=10909.57..165539.89 rows=2670 width=16) (actual time=62.777..5253.361 rows=7796926 loops=1)
                    ->  Hash Join  (cost=10909.00..165207.69 rows=178 width=8) (actual time=62.714..888.887 rows=148552 loops=1)
                          Hash Cond: (mc.company_id = cn.id)
                          ->  Nested Loop  (cost=2626.57..154137.85 rows=220786 width=12) (actual time=8.073..783.563 rows=148552 loops=1)
                                ->  Hash Join  (cost=2626.14..129433.75 rows=41840 width=4) (actual time=8.025..642.040 rows=41840 loops=1)
                                      Hash Cond: (mk.keyword_id = k.id)
                                      ->  Seq Scan on movie_keyword mk  (cost=0.00..69693.30 rows=4523930 width=8) (actual time=0.006..297.389 rows=4523930 loops=1)
                                      ->  Hash  (cost=2626.12..2626.12 rows=1 width=4) (actual time=7.998..7.998 rows=1 loops=1)
                                            Buckets: 1024  Batches: 1  Memory Usage: 9kB
                                            ->  Seq Scan on keyword k  (cost=0.00..2626.12 rows=1 width=4) (actual time=0.357..7.996 rows=1 loops=1)
                                                  Filter: (keyword = 'character-name-in-title'::text)
                                                  Rows Removed by Filter: 134169
                                ->  Index Scan using movie_id_movie_companies on movie_companies mc  (cost=0.43..0.54 rows=5 width=8) (actual time=0.002..0.003 rows=4 loops=41840)
                                      Index Cond: (movie_id = mk.movie_id)
                          ->  Hash  (cost=5344.97..5344.97 rows=234997 width=4) (actual time=54.354..54.354 rows=234997 loops=1)
                                Buckets: 262144  Batches: 1  Memory Usage: 10310kB
                                ->  Seq Scan on company_name cn  (cost=0.00..5344.97 rows=234997 width=4) (actual time=0.006..29.071 rows=234997 loops=1)
                    ->  Index Scan using movie_id_cast_info on cast_info ci  (cost=0.56..1.51 rows=36 width=8) (actual time=0.002..0.023 rows=52 loops=148552)
                          Index Cond: (movie_id = mk.movie_id)
              ->  Index Scan using name_pkey on name n  (cost=0.43..0.46 rows=1 width=19) (actual time=0.002..0.002 rows=0 loops=7796926)
                    Index Cond: (id = ci.person_id)
                    Filter: (name ~~ '%Bert%'::text)
                    Rows Removed by Filter: 1
        ->  Index Only Scan using title_pkey on title t  (cost=0.43..0.45 rows=1 width=4) (actual time=0.002..0.002 rows=1 loops=11538)
              Index Cond: (id = ci.movie_id)
              Heap Fetches: 11538
Planning time: 1.904 ms
Execution time: 19700.676 ms
