Aggregate  (cost=335558.81..335558.82 rows=1 width=32) (actual time=2424.700..2424.700 rows=1 loops=1)
  ->  Nested Loop  (cost=110399.82..335529.96 rows=11538 width=15) (actual time=537.595..2422.646 rows=11538 loops=1)
        ->  Nested Loop  (cost=110399.40..330417.65 rows=11538 width=19) (actual time=537.587..2393.656 rows=11538 loops=1)
              ->  Nested Loop  (cost=110398.97..329292.89 rows=1972 width=27) (actual time=537.579..2383.256 rows=1972 loops=1)
                    ->  Hash Join  (cost=110398.54..328401.08 rows=1972 width=23) (actual time=537.567..2376.445 rows=1972 loops=1)
                          Hash Cond: (ci.person_id = n.id)
                          ->  Nested Loop  (cost=2626.70..207519.53 rows=1038393 width=12) (actual time=8.851..1748.773 rows=1038393 loops=1)
                                ->  Hash Join  (cost=2626.14..129433.75 rows=41840 width=4) (actual time=8.840..661.165 rows=41840 loops=1)
                                      Hash Cond: (mk.keyword_id = k.id)
                                      ->  Seq Scan on movie_keyword mk  (cost=0.00..69693.30 rows=4523930 width=8) (actual time=0.006..307.901 rows=4523930 loops=1)
                                      ->  Hash  (cost=2626.12..2626.12 rows=1 width=4) (actual time=8.812..8.812 rows=1 loops=1)
                                            Buckets: 1024  Batches: 1  Memory Usage: 9kB
                                            ->  Seq Scan on keyword k  (cost=0.00..2626.12 rows=1 width=4) (actual time=0.392..8.811 rows=1 loops=1)
                                                  Filter: (keyword = 'character-name-in-title'::text)
                                                  Rows Removed by Filter: 134169
                                ->  Index Scan using movie_id_cast_info on cast_info ci  (cost=0.56..1.51 rows=36 width=8) (actual time=0.003..0.022 rows=25 loops=41840)
                                      Index Cond: (movie_id = mk.movie_id)
                          ->  Hash  (cost=107706.64..107706.64 rows=5216 width=19) (actual time=521.210..521.210 rows=5216 loops=1)
                                Buckets: 8192  Batches: 1  Memory Usage: 339kB
                                ->  Seq Scan on name n  (cost=0.00..107706.64 rows=5216 width=19) (actual time=0.479..520.106 rows=5216 loops=1)
                                      Filter: (name ~~ '%Bert%'::text)
                                      Rows Removed by Filter: 4162275
                    ->  Index Only Scan using title_pkey on title t  (cost=0.43..0.45 rows=1 width=4) (actual time=0.003..0.003 rows=1 loops=1972)
                          Index Cond: (id = ci.movie_id)
                          Heap Fetches: 1972
              ->  Index Scan using movie_id_movie_companies on movie_companies mc  (cost=0.43..0.52 rows=5 width=8) (actual time=0.003..0.004 rows=6 loops=1972)
                    Index Cond: (movie_id = ci.movie_id)
        ->  Index Only Scan using company_name_pkey on company_name cn  (cost=0.42..0.44 rows=1 width=4) (actual time=0.002..0.002 rows=1 loops=11538)
              Index Cond: (id = mc.company_id)
              Heap Fetches: 11538
Planning time: 2.147 ms
Execution time: 2424.746 ms
