Aggregate  (cost=296716.92..296716.93 rows=1 width=32) (actual time=14360.022..14360.022 rows=1 loops=1)
  ->  Nested Loop  (cost=9620.99..296699.85 rows=6830 width=15) (actual time=54.258..13909.037 rows=2832555 loops=1)
        ->  Nested Loop  (cost=9620.56..293611.06 rows=6830 width=27) (actual time=54.248..9763.286 rows=2832555 loops=1)
              ->  Nested Loop  (cost=9620.13..290504.10 rows=6830 width=16) (actual time=54.238..3073.882 rows=2832555 loops=1)
                    ->  Hash Join  (cost=9619.57..163006.31 rows=68316 width=8) (actual time=54.067..933.080 rows=68316 loops=1)
                          Hash Cond: (mc.company_id = cn.id)
                          ->  Nested Loop  (cost=2626.57..154137.85 rows=148552 width=12) (actual time=8.809..845.212 rows=148552 loops=1)
                                ->  Hash Join  (cost=2626.14..129433.75 rows=41840 width=4) (actual time=8.748..697.891 rows=41840 loops=1)
                                      Hash Cond: (mk.keyword_id = k.id)
                                      ->  Seq Scan on movie_keyword mk  (cost=0.00..69693.30 rows=4523930 width=8) (actual time=0.006..322.628 rows=4523930 loops=1)
                                      ->  Hash  (cost=2626.12..2626.12 rows=1 width=4) (actual time=8.714..8.714 rows=1 loops=1)
                                            Buckets: 1024  Batches: 1  Memory Usage: 9kB
                                            ->  Seq Scan on keyword k  (cost=0.00..2626.12 rows=1 width=4) (actual time=0.397..8.713 rows=1 loops=1)
                                                  Filter: (keyword = 'character-name-in-title'::text)
                                                  Rows Removed by Filter: 134169
                                ->  Index Scan using movie_id_movie_companies on movie_companies mc  (cost=0.43..0.54 rows=5 width=8) (actual time=0.002..0.003 rows=4 loops=41840)
                                      Index Cond: (movie_id = mk.movie_id)
                          ->  Hash  (cost=5932.46..5932.46 rows=84843 width=4) (actual time=45.058..45.058 rows=84843 loops=1)
                                Buckets: 131072  Batches: 1  Memory Usage: 4007kB
                                ->  Seq Scan on company_name cn  (cost=0.00..5932.46 rows=84843 width=4) (actual time=0.008..32.726 rows=84843 loops=1)
                                      Filter: ((country_code)::text = '[us]'::text)
                                      Rows Removed by Filter: 150154
                    ->  Index Scan using movie_id_cast_info on cast_info ci  (cost=0.56..1.51 rows=36 width=8) (actual time=0.003..0.025 rows=41 loops=68316)
                          Index Cond: (movie_id = mk.movie_id)
              ->  Index Scan using name_pkey on name n  (cost=0.43..0.45 rows=1 width=19) (actual time=0.002..0.002 rows=1 loops=2832555)
                    Index Cond: (id = ci.person_id)
        ->  Index Only Scan using title_pkey on title t  (cost=0.43..0.45 rows=1 width=4) (actual time=0.001..0.001 rows=1 loops=2832555)
              Index Cond: (id = ci.movie_id)
              Heap Fetches: 2832555
Planning time: 2.097 ms
Execution time: 14360.081 ms
