Aggregate  (cost=130335.04..130335.05 rows=1 width=32) (actual time=7262.878..7262.878 rows=1 loops=1)
  ->  Nested Loop  (cost=2628.41..130334.04 rows=400 width=15) (actual time=8.598..7108.762 rows=1113120 loops=1)
        ->  Nested Loop  (cost=2627.99..130156.80 rows=400 width=19) (actual time=8.593..5465.855 rows=1113120 loops=1)
              ->  Nested Loop  (cost=2627.56..130068.39 rows=155 width=27) (actual time=8.136..4904.611 rows=149494 loops=1)
                    ->  Nested Loop  (cost=2627.13..129516.77 rows=1206 width=16) (actual time=8.121..1907.522 rows=1038393 loops=1)
                          Join Filter: (t.id = ci.movie_id)
                          ->  Nested Loop  (cost=2626.57..129450.26 rows=34 width=8) (actual time=8.113..757.717 rows=41840 loops=1)
                                ->  Hash Join  (cost=2626.14..129433.75 rows=34 width=4) (actual time=8.103..652.351 rows=41840 loops=1)
                                      Hash Cond: (mk.keyword_id = k.id)
                                      ->  Seq Scan on movie_keyword mk  (cost=0.00..69693.30 rows=4523930 width=8) (actual time=0.007..302.820 rows=4523930 loops=1)
                                      ->  Hash  (cost=2626.12..2626.12 rows=1 width=4) (actual time=8.072..8.072 rows=1 loops=1)
                                            Buckets: 1024  Batches: 1  Memory Usage: 9kB
                                            ->  Seq Scan on keyword k  (cost=0.00..2626.12 rows=1 width=4) (actual time=0.360..8.070 rows=1 loops=1)
                                                  Filter: (keyword = 'character-name-in-title'::text)
                                                  Rows Removed by Filter: 134169
                                ->  Index Only Scan using title_pkey on title t  (cost=0.43..0.49 rows=1 width=4) (actual time=0.002..0.002 rows=1 loops=41840)
                                      Index Cond: (id = mk.movie_id)
                                      Heap Fetches: 41840
                          ->  Index Scan using movie_id_cast_info on cast_info ci  (cost=0.56..1.51 rows=36 width=8) (actual time=0.003..0.023 rows=25 loops=41840)
                                Index Cond: (movie_id = mk.movie_id)
                    ->  Index Scan using name_pkey on name n  (cost=0.43..0.46 rows=1 width=19) (actual time=0.003..0.003 rows=0 loops=1038393)
                          Index Cond: (id = ci.person_id)
                          Filter: (name ~~ '%B%'::text)
                          Rows Removed by Filter: 1
              ->  Index Scan using movie_id_movie_companies on movie_companies mc  (cost=0.43..0.52 rows=5 width=8) (actual time=0.001..0.003 rows=7 loops=149494)
                    Index Cond: (movie_id = ci.movie_id)
        ->  Index Only Scan using company_name_pkey on company_name cn  (cost=0.42..0.44 rows=1 width=4) (actual time=0.001..0.001 rows=1 loops=1113120)
              Index Cond: (id = mc.company_id)
              Heap Fetches: 1113120
Planning time: 2.164 ms
Execution time: 7262.927 ms
