Aggregate  (cost=442624.15..442624.16 rows=1 width=32) (actual time=5104.417..5104.418 rows=1 loops=1)
  ->  Nested Loop  (cost=125325.58..442616.71 rows=2977 width=15) (actual time=722.428..4962.854 rows=1113120 loops=1)
        ->  Hash Join  (cost=125325.15..441270.40 rows=2977 width=27) (actual time=722.408..3487.278 rows=1113120 loops=1)
              Hash Cond: (mc.company_id = cn.id)
              ->  Nested Loop  (cost=117042.72..420310.76 rows=1004138 width=31) (actual time=661.154..3203.737 rows=1113120 loops=1)
                    ->  Hash Join  (cost=117042.29..335044.83 rows=149494 width=23) (actual time=660.935..2673.227 rows=149494 loops=1)
                          Hash Cond: (ci.person_id = n.id)
                          ->  Nested Loop  (cost=2626.70..207519.53 rows=1038393 width=12) (actual time=8.328..1771.767 rows=1038393 loops=1)
                                ->  Hash Join  (cost=2626.14..129433.75 rows=41840 width=4) (actual time=8.310..643.427 rows=41840 loops=1)
                                      Hash Cond: (mk.keyword_id = k.id)
                                      ->  Seq Scan on movie_keyword mk  (cost=0.00..69693.30 rows=4523930 width=8) (actual time=0.010..299.075 rows=4523930 loops=1)
                                      ->  Hash  (cost=2626.12..2626.12 rows=1 width=4) (actual time=8.258..8.258 rows=1 loops=1)
                                            Buckets: 1024  Batches: 1  Memory Usage: 9kB
                                            ->  Seq Scan on keyword k  (cost=0.00..2626.12 rows=1 width=4) (actual time=0.368..8.256 rows=1 loops=1)
                                                  Filter: (keyword = 'character-name-in-title'::text)
                                                  Rows Removed by Filter: 134169
                                ->  Index Scan using movie_id_cast_info on cast_info ci  (cost=0.56..1.51 rows=36 width=8) (actual time=0.003..0.023 rows=25 loops=41840)
                                      Index Cond: (movie_id = mk.movie_id)
                          ->  Hash  (cost=107706.64..107706.64 rows=536716 width=19) (actual time=650.487..650.487 rows=536716 loops=1)
                                Buckets: 1048576  Batches: 1  Memory Usage: 36076kB
                                ->  Seq Scan on name n  (cost=0.00..107706.64 rows=536716 width=19) (actual time=0.010..523.604 rows=536716 loops=1)
                                      Filter: (name ~~ '%B%'::text)
                                      Rows Removed by Filter: 3630775
                    ->  Index Scan using movie_id_movie_companies on movie_companies mc  (cost=0.43..0.52 rows=5 width=8) (actual time=0.001..0.002 rows=7 loops=149494)
                          Index Cond: (movie_id = ci.movie_id)
              ->  Hash  (cost=5344.97..5344.97 rows=234997 width=4) (actual time=60.967..60.967 rows=234997 loops=1)
                    Buckets: 262144  Batches: 1  Memory Usage: 10310kB
                    ->  Seq Scan on company_name cn  (cost=0.00..5344.97 rows=234997 width=4) (actual time=0.007..29.171 rows=234997 loops=1)
        ->  Index Only Scan using title_pkey on title t  (cost=0.43..0.45 rows=1 width=4) (actual time=0.001..0.001 rows=1 loops=1113120)
              Index Cond: (id = ci.movie_id)
              Heap Fetches: 1113120
Planning time: 1.926 ms
Execution time: 5104.620 ms
