Aggregate  (cost=166152.71..166152.72 rows=1 width=32) (actual time=21149.339..21149.339 rows=1 loops=1)
  ->  Nested Loop  (cost=10910.43..166151.85 rows=344 width=15) (actual time=68.227..20985.764 rows=1113120 loops=1)
        ->  Nested Loop  (cost=10910.00..164930.59 rows=2670 width=4) (actual time=67.929..5811.045 rows=7796926 loops=1)
              Join Filter: (t.id = ci.movie_id)
              ->  Nested Loop  (cost=10909.43..164421.96 rows=260 width=12) (actual time=67.838..1211.960 rows=148552 loops=1)
                    ->  Hash Join  (cost=10909.00..164295.74 rows=260 width=8) (actual time=67.824..924.032 rows=148552 loops=1)
                          Hash Cond: (mc.company_id = cn.id)
                          ->  Nested Loop  (cost=2626.57..154137.85 rows=148552 width=12) (actual time=8.236..799.003 rows=148552 loops=1)
                                ->  Hash Join  (cost=2626.14..129433.75 rows=41840 width=4) (actual time=8.171..651.943 rows=41840 loops=1)
                                      Hash Cond: (mk.keyword_id = k.id)
                                      ->  Seq Scan on movie_keyword mk  (cost=0.00..69693.30 rows=4523930 width=8) (actual time=0.006..301.263 rows=4523930 loops=1)
                                      ->  Hash  (cost=2626.12..2626.12 rows=1 width=4) (actual time=8.142..8.142 rows=1 loops=1)
                                            Buckets: 1024  Batches: 1  Memory Usage: 9kB
                                            ->  Seq Scan on keyword k  (cost=0.00..2626.12 rows=1 width=4) (actual time=0.405..8.140 rows=1 loops=1)
                                                  Filter: (keyword = 'character-name-in-title'::text)
                                                  Rows Removed by Filter: 134169
                                ->  Index Scan using movie_id_movie_companies on movie_companies mc  (cost=0.43..0.54 rows=5 width=8) (actual time=0.002..0.003 rows=4 loops=41840)
                                      Index Cond: (movie_id = mk.movie_id)
                          ->  Hash  (cost=5344.97..5344.97 rows=234997 width=4) (actual time=59.290..59.290 rows=234997 loops=1)
                                Buckets: 262144  Batches: 1  Memory Usage: 10310kB
                                ->  Seq Scan on company_name cn  (cost=0.00..5344.97 rows=234997 width=4) (actual time=0.007..29.021 rows=234997 loops=1)
                    ->  Index Only Scan using title_pkey on title t  (cost=0.43..0.49 rows=1 width=4) (actual time=0.002..0.002 rows=1 loops=148552)
                          Index Cond: (id = mk.movie_id)
                          Heap Fetches: 148552
              ->  Index Scan using movie_id_cast_info on cast_info ci  (cost=0.56..1.51 rows=36 width=8) (actual time=0.002..0.024 rows=52 loops=148552)
                    Index Cond: (movie_id = mk.movie_id)
        ->  Index Scan using name_pkey on name n  (cost=0.43..0.46 rows=1 width=19) (actual time=0.002..0.002 rows=0 loops=7796926)
              Index Cond: (id = ci.person_id)
              Filter: (name ~~ '%B%'::text)
              Rows Removed by Filter: 1
Planning time: 2.050 ms
Execution time: 21149.420 ms
