Aggregate  (cost=268682.71..268682.72 rows=1 width=96) (actual time=6237.222..6237.222 rows=1 loops=1)
  ->  Nested Loop  (cost=6.71..268682.57 rows=18 width=64) (actual time=32.770..6236.246 rows=410 loops=1)
        ->  Nested Loop  (cost=6.28..268674.31 rows=18 width=59) (actual time=32.760..6233.422 rows=410 loops=1)
              ->  Nested Loop  (cost=5.85..263890.24 rows=8180 width=63) (actual time=0.063..5839.628 rows=107339 loops=1)
                    ->  Hash Join  (cost=5.29..184055.24 rows=3485 width=55) (actual time=0.050..4029.600 rows=45431 loops=1)
                          Hash Cond: (mi.info_type_id = it1.id)
                          ->  Nested Loop  (cost=2.86..179111.86 rows=393813 width=59) (actual time=0.021..3594.953 rows=6930334 loops=1)
                                ->  Hash Join  (cost=2.43..39052.33 rows=12213 width=9) (actual time=0.015..266.650 rows=459925 loops=1)
                                      Hash Cond: (mi_idx.info_type_id = it2.id)
                                      ->  Seq Scan on movie_info_idx mi_idx  (cost=0.00..21735.35 rows=1380035 width=13) (actual time=0.004..104.316 rows=1380035 loops=1)
                                      ->  Hash  (cost=2.41..2.41 rows=1 width=4) (actual time=0.008..0.008 rows=1 loops=1)
                                            Buckets: 1024  Batches: 1  Memory Usage: 9kB
                                            ->  Seq Scan on info_type it2  (cost=0.00..2.41 rows=1 width=4) (actual time=0.007..0.008 rows=1 loops=1)
                                                  Filter: ((info)::text = 'votes'::text)
                                                  Rows Removed by Filter: 112
                                ->  Index Scan using movie_id_movie_info on movie_info mi  (cost=0.43..11.05 rows=42 width=50) (actual time=0.002..0.005 rows=15 loops=459925)
                                      Index Cond: (movie_id = mi_idx.movie_id)
                          ->  Hash  (cost=2.41..2.41 rows=1 width=4) (actual time=0.013..0.013 rows=1 loops=1)
                                Buckets: 1024  Batches: 1  Memory Usage: 9kB
                                ->  Seq Scan on info_type it1  (cost=0.00..2.41 rows=1 width=4) (actual time=0.011..0.012 rows=1 loops=1)
                                      Filter: ((info)::text = 'budget'::text)
                                      Rows Removed by Filter: 112
                    ->  Index Scan using movie_id_cast_info on cast_info ci  (cost=0.56..22.89 rows=2 width=8) (actual time=0.023..0.039 rows=2 loops=45431)
                          Index Cond: (movie_id = mi.movie_id)
                          Filter: (note = ANY ('{(producer),"(executive producer)"}'::text[]))
                          Rows Removed by Filter: 38
              ->  Index Scan using name_pkey on name n  (cost=0.43..0.58 rows=1 width=4) (actual time=0.004..0.004 rows=0 loops=107339)
                    Index Cond: (id = ci.person_id)
                    Filter: ((name ~~ '%Tim%'::text) AND ((gender)::text = 'm'::text))
                    Rows Removed by Filter: 1
        ->  Index Scan using title_pkey on title t  (cost=0.43..0.46 rows=1 width=21) (actual time=0.005..0.005 rows=1 loops=410)
              Index Cond: (id = mi.movie_id)
Planning time: 2.021 ms
Execution time: 6237.283 ms
