Aggregate  (cost=897973.28..897973.29 rows=1 width=96) (actual time=3945.450..3945.450 rows=1 loops=1)
  ->  Nested Loop  (cost=118244.78..897970.21 rows=410 width=64) (actual time=2068.154..3945.094 rows=410 loops=1)
        ->  Hash Join  (cost=118244.35..897781.99 rows=410 width=59) (actual time=2068.145..3942.917 rows=410 loops=1)
              Hash Cond: (mi.info_type_id = it1.id)
              ->  Nested Loop  (cost=118241.93..896745.63 rows=82408 width=63) (actual time=2068.113..3937.541 rows=82408 loops=1)
                    Join Filter: (mi_idx.movie_id = mi.movie_id)
                    ->  Hash Join  (cost=118241.49..857709.11 rows=3435 width=13) (actual time=2068.101..3887.594 rows=3435 loops=1)
                          Hash Cond: (mi_idx.info_type_id = it2.id)
                          ->  Nested Loop  (cost=118239.07..857577.33 rows=10310 width=17) (actual time=2068.088..3886.427 rows=10310 loops=1)
                                ->  Hash Join  (cost=118238.64..854018.23 rows=6719 width=4) (actual time=2068.070..3870.103 rows=6719 loops=1)
                                      Hash Cond: (ci.person_id = n.id)
                                      ->  Seq Scan on cast_info ci  (cost=0.00..705741.30 rows=2379271 width=8) (actual time=208.923..3174.403 rows=2379271 loops=1)
                                            Filter: (note = ANY ('{(producer),"(executive producer)"}'::text[]))
                                            Rows Removed by Filter: 33865073
                                      ->  Hash  (cost=118125.36..118125.36 rows=9062 width=4) (actual time=524.519..524.519 rows=9062 loops=1)
                                            Buckets: 16384  Batches: 1  Memory Usage: 447kB
                                            ->  Seq Scan on name n  (cost=0.00..118125.36 rows=9062 width=4) (actual time=0.078..522.953 rows=9062 loops=1)
                                                  Filter: ((name ~~ '%Tim%'::text) AND ((gender)::text = 'm'::text))
                                                  Rows Removed by Filter: 4158429
                                ->  Index Scan using movie_id_movie_info_idx on movie_info_idx mi_idx  (cost=0.43..0.50 rows=3 width=13) (actual time=0.002..0.002 rows=2 loops=6719)
                                      Index Cond: (movie_id = ci.movie_id)
                          ->  Hash  (cost=2.41..2.41 rows=1 width=4) (actual time=0.008..0.008 rows=1 loops=1)
                                Buckets: 1024  Batches: 1  Memory Usage: 9kB
                                ->  Seq Scan on info_type it2  (cost=0.00..2.41 rows=1 width=4) (actual time=0.007..0.007 rows=1 loops=1)
                                      Filter: ((info)::text = 'votes'::text)
                                      Rows Removed by Filter: 112
                    ->  Index Scan using movie_id_movie_info on movie_info mi  (cost=0.43..10.84 rows=42 width=50) (actual time=0.003..0.011 rows=24 loops=3435)
                          Index Cond: (movie_id = ci.movie_id)
              ->  Hash  (cost=2.41..2.41 rows=1 width=4) (actual time=0.013..0.013 rows=1 loops=1)
                    Buckets: 1024  Batches: 1  Memory Usage: 9kB
                    ->  Seq Scan on info_type it1  (cost=0.00..2.41 rows=1 width=4) (actual time=0.011..0.012 rows=1 loops=1)
                          Filter: ((info)::text = 'budget'::text)
                          Rows Removed by Filter: 112
        ->  Index Scan using title_pkey on title t  (cost=0.43..0.46 rows=1 width=21) (actual time=0.005..0.005 rows=1 loops=410)
              Index Cond: (id = mi.movie_id)
Planning time: 1.916 ms
Execution time: 3945.506 ms
