Aggregate  (cost=29089.83..29089.84 rows=1 width=96) (actual time=295.755..295.755 rows=1 loops=1)
  ->  Nested Loop  (cost=4.43..29089.82 rows=1 width=64) (actual time=144.033..295.734 rows=11 loops=1)
        ->  Nested Loop  (cost=4.00..29089.14 rows=1 width=68) (actual time=39.693..294.526 rows=268 loops=1)
              ->  Nested Loop  (cost=3.43..29065.02 rows=1 width=76) (actual time=5.231..281.485 rows=358 loops=1)
                    ->  Nested Loop  (cost=3.29..29061.26 rows=23 width=80) (actual time=5.228..281.075 rows=358 loops=1)
                          ->  Nested Loop  (cost=2.86..27387.91 rows=145 width=30) (actual time=0.975..223.890 rows=6152 loops=1)
                                ->  Hash Join  (cost=2.43..25851.09 rows=468 width=9) (actual time=0.036..185.754 rows=15849 loops=1)
                                      Hash Cond: (mi_idx.info_type_id = it2.id)
                                      ->  Seq Scan on movie_info_idx mi_idx  (cost=0.00..25185.44 rows=52862 width=13) (actual time=0.021..180.517 rows=52862 loops=1)
                                            Filter: (info > '8.0'::text)
                                            Rows Removed by Filter: 1327173
                                      ->  Hash  (cost=2.41..2.41 rows=1 width=4) (actual time=0.011..0.011 rows=1 loops=1)
                                            Buckets: 1024  Batches: 1  Memory Usage: 9kB
                                            ->  Seq Scan on info_type it2  (cost=0.00..2.41 rows=1 width=4) (actual time=0.009..0.010 rows=1 loops=1)
                                                  Filter: ((info)::text = 'rating'::text)
                                                  Rows Removed by Filter: 112
                                ->  Index Scan using title_pkey on title t  (cost=0.43..3.28 rows=1 width=21) (actual time=0.002..0.002 rows=0 loops=15849)
                                      Index Cond: (id = mi_idx.movie_id)
                                      Filter: ((production_year >= 2008) AND (production_year <= 2014))
                                      Rows Removed by Filter: 1
                          ->  Index Scan using movie_id_movie_info on movie_info mi  (cost=0.43..11.53 rows=1 width=50) (actual time=0.009..0.009 rows=0 loops=6152)
                                Index Cond: (movie_id = t.id)
                                Filter: ((note IS NULL) AND (info = ANY ('{Horror,Thriller}'::text[])))
                                Rows Removed by Filter: 18
                    ->  Index Scan using info_type_pkey on info_type it1  (cost=0.14..0.16 rows=1 width=4) (actual time=0.001..0.001 rows=1 loops=358)
                          Index Cond: (id = mi.info_type_id)
                          Filter: ((info)::text = 'genres'::text)
              ->  Index Scan using movie_id_cast_info on cast_info ci  (cost=0.56..24.11 rows=1 width=8) (actual time=0.028..0.036 rows=1 loops=358)
                    Index Cond: (movie_id = t.id)
                    Filter: (note = ANY ('{(writer),"(head writer)","(written by)",(story),"(story editor)"}'::text[]))
                    Rows Removed by Filter: 34
        ->  Index Scan using name_pkey on name n  (cost=0.43..0.68 rows=1 width=4) (actual time=0.004..0.004 rows=0 loops=268)
              Index Cond: (id = ci.person_id)
              Filter: ((gender IS NOT NULL) AND ((gender)::text = 'f'::text))
              Rows Removed by Filter: 1
Planning time: 2.259 ms
Execution time: 295.818 ms
