Aggregate  (cost=1389980.36..1389980.37 rows=1 width=96) (actual time=6823.389..6823.390 rows=1 loops=1)
  ->  Nested Loop  (cost=542161.60..1389975.85 rows=601 width=64) (actual time=3120.968..6814.549 rows=28073 loops=1)
        ->  Hash Join  (cost=542161.17..1388991.15 rows=1439 width=68) (actual time=3120.935..6709.720 rows=54155 loops=1)
              Hash Cond: (ci.movie_id = t.id)
              ->  Seq Scan on cast_info ci  (cost=0.00..841657.59 rows=1244716 width=8) (actual time=94.255..3581.125 rows=1244716 loops=1)
                    Filter: (note = ANY ('{(writer),"(head writer)","(written by)",(story),"(story editor)"}'::text[]))
                    Rows Removed by Filter: 34999628
              ->  Hash  (cost=540879.72..540879.72 rows=102516 width=76) (actual time=2889.106..2889.106 rows=102516 loops=1)
                    Buckets: 131072  Batches: 1  Memory Usage: 8671kB
                    ->  Nested Loop  (cost=44804.24..540879.72 rows=102516 width=76) (actual time=2310.994..2859.569 rows=102516 loops=1)
                          Join Filter: (mi.movie_id = t.id)
                          ->  Hash Join  (cost=44803.81..480965.24 rows=102516 width=55) (actual time=2310.955..2669.105 rows=102516 loops=1)
                                Hash Cond: (mi.info_type_id = it1.id)
                                ->  Hash Join  (cost=44801.39..479646.79 rows=104892 width=59) (actual time=1403.572..2652.596 rows=104892 loops=1)
                                      Hash Cond: (mi.movie_id = mi_idx.movie_id)
                                      ->  Seq Scan on movie_info mi  (cost=0.00..421618.10 rows=188971 width=50) (actual time=1070.260..2263.829 rows=188971 loops=1)
                                            Filter: (info = ANY ('{Horror,Action,Sci-Fi,Thriller,Crime,War}'::text[]))
                                            Rows Removed by Filter: 14646749
                                      ->  Hash  (cost=39052.33..39052.33 rows=459925 width=9) (actual time=332.723..332.723 rows=459925 loops=1)
                                            Buckets: 524288  Batches: 1  Memory Usage: 22143kB
                                            ->  Hash Join  (cost=2.43..39052.33 rows=459925 width=9) (actual time=0.029..250.204 rows=459925 loops=1)
                                                  Hash Cond: (mi_idx.info_type_id = it2.id)
                                                  ->  Seq Scan on movie_info_idx mi_idx  (cost=0.00..21735.35 rows=1380035 width=13) (actual time=0.009..93.315 rows=1380035 loops=1)
                                                  ->  Hash  (cost=2.41..2.41 rows=1 width=4) (actual time=0.013..0.013 rows=1 loops=1)
                                                        Buckets: 1024  Batches: 1  Memory Usage: 9kB
                                                        ->  Seq Scan on info_type it2  (cost=0.00..2.41 rows=1 width=4) (actual time=0.010..0.011 rows=1 loops=1)
                                                              Filter: ((info)::text = 'votes'::text)
                                                              Rows Removed by Filter: 112
                                ->  Hash  (cost=2.41..2.41 rows=1 width=4) (actual time=0.018..0.018 rows=1 loops=1)
                                      Buckets: 1024  Batches: 1  Memory Usage: 9kB
                                      ->  Seq Scan on info_type it1  (cost=0.00..2.41 rows=1 width=4) (actual time=0.010..0.015 rows=1 loops=1)
                                            Filter: ((info)::text = 'genres'::text)
                                            Rows Removed by Filter: 112
                          ->  Index Scan using title_pkey on title t  (cost=0.43..0.57 rows=1 width=21) (actual time=0.002..0.002 rows=1 loops=102516)
                                Index Cond: (id = mi_idx.movie_id)
        ->  Index Scan using name_pkey on name n  (cost=0.43..0.68 rows=1 width=4) (actual time=0.002..0.002 rows=1 loops=54155)
              Index Cond: (id = ci.person_id)
              Filter: ((gender)::text = 'm'::text)
              Rows Removed by Filter: 0
Planning time: 1.973 ms
Execution time: 6823.543 ms
