Aggregate  (cost=179899.26..179899.27 rows=1 width=96) (actual time=7280.422..7280.422 rows=1 loops=1)
  ->  Nested Loop  (cost=4.43..179899.08 rows=24 width=64) (actual time=10.348..7268.830 rows=28073 loops=1)
        ->  Nested Loop  (cost=4.00..179860.44 rows=57 width=68) (actual time=5.279..7084.334 rows=54155 loops=1)
              ->  Nested Loop  (cost=3.43..178810.69 rows=45 width=76) (actual time=0.269..3836.401 rows=102516 loops=1)
                    Join Filter: (mi.movie_id = t.id)
                    ->  Nested Loop  (cost=3.00..178784.39 rows=45 width=55) (actual time=0.265..3605.586 rows=102516 loops=1)
                          ->  Nested Loop  (cost=2.86..177951.62 rows=5120 width=59) (actual time=0.264..3509.121 rows=104892 loops=1)
                                ->  Hash Join  (cost=2.43..39052.33 rows=12213 width=9) (actual time=0.021..271.891 rows=459925 loops=1)
                                      Hash Cond: (mi_idx.info_type_id = it2.id)
                                      ->  Seq Scan on movie_info_idx mi_idx  (cost=0.00..21735.35 rows=1380035 width=13) (actual time=0.005..99.128 rows=1380035 loops=1)
                                      ->  Hash  (cost=2.41..2.41 rows=1 width=4) (actual time=0.010..0.010 rows=1 loops=1)
                                            Buckets: 1024  Batches: 1  Memory Usage: 9kB
                                            ->  Seq Scan on info_type it2  (cost=0.00..2.41 rows=1 width=4) (actual time=0.008..0.009 rows=1 loops=1)
                                                  Filter: ((info)::text = 'votes'::text)
                                                  Rows Removed by Filter: 112
                                ->  Index Scan using movie_id_movie_info on movie_info mi  (cost=0.43..11.36 rows=1 width=50) (actual time=0.007..0.007 rows=0 loops=459925)
                                      Index Cond: (movie_id = mi_idx.movie_id)
                                      Filter: (info = ANY ('{Horror,Action,Sci-Fi,Thriller,Crime,War}'::text[]))
                                      Rows Removed by Filter: 15
                          ->  Index Scan using info_type_pkey on info_type it1  (cost=0.14..0.16 rows=1 width=4) (actual time=0.001..0.001 rows=1 loops=104892)
                                Index Cond: (id = mi.info_type_id)
                                Filter: ((info)::text = 'genres'::text)
                                Rows Removed by Filter: 0
                    ->  Index Scan using title_pkey on title t  (cost=0.43..0.57 rows=1 width=21) (actual time=0.002..0.002 rows=1 loops=102516)
                          Index Cond: (id = mi_idx.movie_id)
              ->  Index Scan using movie_id_cast_info on cast_info ci  (cost=0.56..23.32 rows=1 width=8) (actual time=0.027..0.031 rows=1 loops=102516)
                    Index Cond: (movie_id = t.id)
                    Filter: (note = ANY ('{(writer),"(head writer)","(written by)",(story),"(story editor)"}'::text[]))
                    Rows Removed by Filter: 39
        ->  Index Scan using name_pkey on name n  (cost=0.43..0.68 rows=1 width=4) (actual time=0.003..0.003 rows=1 loops=54155)
              Index Cond: (id = ci.person_id)
              Filter: ((gender)::text = 'm'::text)
              Rows Removed by Filter: 0
Planning time: 2.032 ms
Execution time: 7280.478 ms
