Aggregate  (cost=256024.17..256024.18 rows=1 width=64) (actual time=1656.967..1656.967 rows=1 loops=1)
  ->  Nested Loop  (cost=118213.24..256024.17 rows=1 width=32) (actual time=570.745..1656.876 rows=184 loops=1)
        ->  Nested Loop  (cost=118212.81..256022.75 rows=1 width=36) (actual time=570.735..1656.494 rows=189 loops=1)
              Join Filter: (n.id = an.person_id)
              ->  Nested Loop  (cost=118212.39..256021.09 rows=1 width=44) (actual time=570.171..1656.027 rows=170 loops=1)
                    ->  Nested Loop  (cost=118212.24..256020.58 rows=3 width=48) (actual time=570.165..1655.765 rows=170 loops=1)
                          Join Filter: (t.id = mi.movie_id)
                          ->  Nested Loop  (cost=118211.81..255938.28 rows=3 width=56) (actual time=570.147..1652.857 rows=73 loops=1)
                                ->  Nested Loop  (cost=118211.39..255926.49 rows=10 width=60) (actual time=570.138..1652.457 rows=80 loops=1)
                                      Join Filter: (t.id = mc.movie_id)
                                      ->  Nested Loop  (cost=118210.96..255888.30 rows=14 width=52) (actual time=570.125..1651.521 rows=133 loops=1)
                                            ->  Hash Join  (cost=118210.53..255802.82 rows=61 width=31) (actual time=565.689..1648.456 rows=727 loops=1)
                                                  Hash Cond: (ci.person_id = n.id)
                                                  ->  Nested Loop  (cost=0.56..134106.26 rows=276166 width=12) (actual time=0.110..1083.456 rows=276166 loops=1)
                                                        ->  Seq Scan on role_type rt  (cost=0.00..1.15 rows=1 width=4) (actual time=0.008..0.011 rows=1 loops=1)
                                                              Filter: ((role)::text = 'actress'::text)
                                                              Rows Removed by Filter: 11
                                                        ->  Index Scan using role_id_cast_info on cast_info ci  (cost=0.56..133251.71 rows=85339 width=16) (actual time=0.101..1059.101 rows=276166 loops=1)
                                                              Index Cond: (role_id = rt.id)
                                                              Filter: (note = ANY ('{(voice),"(voice: Japanese version)","(voice) (uncredited)","(voice: English version)"}'::text[]))
                                                              Rows Removed by Filter: 7175807
                                                  ->  Hash  (cost=118125.36..118125.36 rows=6768 width=19) (actual time=540.680..540.680 rows=6768 loops=1)
                                                        Buckets: 8192  Batches: 1  Memory Usage: 420kB
                                                        ->  Seq Scan on name n  (cost=0.00..118125.36 rows=6768 width=19) (actual time=228.464..539.416 rows=6768 loops=1)
                                                              Filter: ((name ~~ '%Ang%'::text) AND ((gender)::text = 'f'::text))
                                                              Rows Removed by Filter: 4160723
                                            ->  Index Scan using title_pkey on title t  (cost=0.43..1.40 rows=1 width=21) (actual time=0.004..0.004 rows=0 loops=727)
                                                  Index Cond: (id = ci.movie_id)
                                                  Filter: ((production_year >= 2005) AND (production_year <= 2009))
                                                  Rows Removed by Filter: 1
                                      ->  Index Scan using movie_id_movie_companies on movie_companies mc  (cost=0.43..2.72 rows=1 width=8) (actual time=0.005..0.006 rows=1 loops=133)
                                            Index Cond: (movie_id = ci.movie_id)
                                            Filter: ((note IS NOT NULL) AND ((note ~~ '%(USA)%'::text) OR (note ~~ '%(worldwide)%'::text)))
                                            Rows Removed by Filter: 4
                                ->  Index Scan using company_name_pkey on company_name cn  (cost=0.42..1.18 rows=1 width=4) (actual time=0.004..0.004 rows=1 loops=80)
                                      Index Cond: (id = mc.company_id)
                                      Filter: ((country_code)::text = '[us]'::text)
                                      Rows Removed by Filter: 0
                          ->  Index Scan using movie_id_movie_info on movie_info mi  (cost=0.43..27.42 rows=1 width=8) (actual time=0.011..0.039 rows=2 loops=73)
                                Index Cond: (movie_id = ci.movie_id)
                                Filter: ((info IS NOT NULL) AND ((info ~~ 'Japan:%200%'::text) OR (info ~~ 'USA:%200%'::text)))
                                Rows Removed by Filter: 129
                    ->  Index Scan using info_type_pkey on info_type it  (cost=0.14..0.16 rows=1 width=4) (actual time=0.001..0.001 rows=1 loops=170)
                          Index Cond: (id = mi.info_type_id)
                          Filter: ((info)::text = 'release dates'::text)
              ->  Index Only Scan using person_id_aka_name on aka_name an  (cost=0.42..1.63 rows=2 width=4) (actual time=0.002..0.002 rows=1 loops=170)
                    Index Cond: (person_id = ci.person_id)
                    Heap Fetches: 189
        ->  Index Only Scan using char_name_pkey on char_name chn  (cost=0.43..1.42 rows=1 width=4) (actual time=0.002..0.002 rows=1 loops=189)
              Index Cond: (id = ci.person_role_id)
              Heap Fetches: 184
Planning time: 10.997 ms
Execution time: 1657.064 ms
