Aggregate  (cost=241487.43..241487.44 rows=1 width=64) (actual time=1787.057..1787.058 rows=1 loops=1)
  ->  Nested Loop  (cost=81107.91..241487.43 rows=1 width=32) (actual time=489.630..1786.978 rows=184 loops=1)
        Join Filter: (n.id = an.person_id)
        ->  Nested Loop  (cost=81107.48..241485.77 rows=1 width=40) (actual time=489.099..1786.537 rows=162 loops=1)
              ->  Nested Loop  (cost=81107.34..241485.43 rows=2 width=44) (actual time=489.085..1786.284 rows=162 loops=1)
                    Join Filter: (t.id = mi.movie_id)
                    ->  Nested Loop  (cost=81106.90..241403.12 rows=3 width=52) (actual time=489.060..1783.453 rows=65 loops=1)
                          ->  Nested Loop  (cost=81106.48..241394.87 rows=7 width=56) (actual time=489.048..1783.097 rows=71 loops=1)
                                Join Filter: (t.id = mc.movie_id)
                                ->  Nested Loop  (cost=81106.05..241359.41 rows=13 width=48) (actual time=489.031..1782.219 rows=119 loops=1)
                                      ->  Nested Loop  (cost=81105.62..241320.99 rows=27 width=52) (actual time=489.008..1781.571 rows=133 loops=1)
                                            ->  Hash Join  (cost=81105.19..216123.55 rows=16428 width=33) (actual time=456.300..1656.037 rows=79362 loops=1)
                                                  Hash Cond: (ci.movie_id = t.id)
                                                  ->  Nested Loop  (cost=0.56..134106.26 rows=72290 width=12) (actual time=0.116..1124.128 rows=276166 loops=1)
                                                        ->  Seq Scan on role_type rt  (cost=0.00..1.15 rows=1 width=4) (actual time=0.008..0.011 rows=1 loops=1)
                                                              Filter: ((role)::text = 'actress'::text)
                                                              Rows Removed by Filter: 11
                                                        ->  Index Scan using role_id_cast_info on cast_info ci  (cost=0.56..133251.71 rows=85339 width=16) (actual time=0.107..1099.476 rows=276166 loops=1)
                                                              Index Cond: (role_id = rt.id)
                                                              Filter: (note = ANY ('{(voice),"(voice: Japanese version)","(voice) (uncredited)","(voice: English version)"}'::text[]))
                                                              Rows Removed by Filter: 7175807
                                                  ->  Hash  (cost=73922.68..73922.68 rows=574556 width=21) (actual time=453.346..453.346 rows=574556 loops=1)
                                                        Buckets: 1048576  Batches: 1  Memory Usage: 38813kB
                                                        ->  Seq Scan on title t  (cost=0.00..73922.68 rows=574556 width=21) (actual time=0.007..315.041 rows=574556 loops=1)
                                                              Filter: ((production_year >= 2005) AND (production_year <= 2009))
                                                              Rows Removed by Filter: 1953756
                                            ->  Index Scan using name_pkey on name n  (cost=0.43..1.53 rows=1 width=19) (actual time=0.001..0.001 rows=0 loops=79362)
                                                  Index Cond: (id = ci.person_id)
                                                  Filter: ((name ~~ '%Ang%'::text) AND ((gender)::text = 'f'::text))
                                                  Rows Removed by Filter: 1
                                      ->  Index Only Scan using char_name_pkey on char_name chn  (cost=0.43..1.42 rows=1 width=4) (actual time=0.004..0.004 rows=1 loops=133)
                                            Index Cond: (id = ci.person_role_id)
                                            Heap Fetches: 119
                                ->  Index Scan using movie_id_movie_companies on movie_companies mc  (cost=0.43..2.72 rows=1 width=8) (actual time=0.005..0.006 rows=1 loops=119)
                                      Index Cond: (movie_id = ci.movie_id)
                                      Filter: ((note IS NOT NULL) AND ((note ~~ '%(USA)%'::text) OR (note ~~ '%(worldwide)%'::text)))
                                      Rows Removed by Filter: 4
                          ->  Index Scan using company_name_pkey on company_name cn  (cost=0.42..1.18 rows=1 width=4) (actual time=0.004..0.004 rows=1 loops=71)
                                Index Cond: (id = mc.company_id)
                                Filter: ((country_code)::text = '[us]'::text)
                                Rows Removed by Filter: 0
                    ->  Index Scan using movie_id_movie_info on movie_info mi  (cost=0.43..27.42 rows=1 width=8) (actual time=0.011..0.042 rows=2 loops=65)
                          Index Cond: (movie_id = ci.movie_id)
                          Filter: ((info IS NOT NULL) AND ((info ~~ 'Japan:%200%'::text) OR (info ~~ 'USA:%200%'::text)))
                          Rows Removed by Filter: 142
              ->  Index Scan using info_type_pkey on info_type it  (cost=0.14..0.16 rows=1 width=4) (actual time=0.001..0.001 rows=1 loops=162)
                    Index Cond: (id = mi.info_type_id)
                    Filter: ((info)::text = 'release dates'::text)
        ->  Index Only Scan using person_id_aka_name on aka_name an  (cost=0.42..1.63 rows=2 width=4) (actual time=0.002..0.002 rows=1 loops=162)
              Index Cond: (person_id = ci.person_id)
              Heap Fetches: 184
Planning time: 10.865 ms
Execution time: 1787.288 ms
