Aggregate  (cost=257378.42..257378.43 rows=1 width=64) (actual time=1681.876..1681.876 rows=1 loops=1)
  ->  Nested Loop  (cost=118215.52..257378.42 rows=1 width=32) (actual time=568.670..1681.796 rows=184 loops=1)
        ->  Nested Loop  (cost=118215.10..257377.24 rows=1 width=36) (actual time=568.661..1681.369 rows=194 loops=1)
              Join Filter: (t.id = mc.movie_id)
              ->  Hash Join  (cost=118214.67..257374.51 rows=1 width=44) (actual time=568.651..1680.662 rows=89 loops=1)
                    Hash Cond: (mi.info_type_id = it.id)
                    ->  Nested Loop  (cost=118212.25..257371.75 rows=27 width=48) (actual time=568.630..1680.604 rows=89 loops=1)
                          Join Filter: (t.id = mi.movie_id)
                          ->  Nested Loop  (cost=118211.81..257179.71 rows=7 width=40) (actual time=568.460..1678.767 rows=102 loops=1)
                                ->  Nested Loop  (cost=118211.38..257041.66 rows=97 width=44) (actual time=568.089..1678.421 rows=115 loops=1)
                                      Join Filter: (n.id = an.person_id)
                                      ->  Nested Loop  (cost=118210.96..256821.65 rows=133 width=52) (actual time=568.048..1677.837 rows=133 loops=1)
                                            ->  Hash Join  (cost=118210.53..255802.82 rows=727 width=31) (actual time=563.482..1674.744 rows=727 loops=1)
                                                  Hash Cond: (ci.person_id = n.id)
                                                  ->  Nested Loop  (cost=0.56..134106.26 rows=276166 width=12) (actual time=0.107..1113.206 rows=276166 loops=1)
                                                        ->  Seq Scan on role_type rt  (cost=0.00..1.15 rows=1 width=4) (actual time=0.003..0.006 rows=1 loops=1)
                                                              Filter: ((role)::text = 'actress'::text)
                                                              Rows Removed by Filter: 11
                                                        ->  Index Scan using role_id_cast_info on cast_info ci  (cost=0.56..133251.71 rows=85339 width=16) (actual time=0.103..1088.875 rows=276166 loops=1)
                                                              Index Cond: (role_id = rt.id)
                                                              Filter: (note = ANY ('{(voice),"(voice: Japanese version)","(voice) (uncredited)","(voice: English version)"}'::text[]))
                                                              Rows Removed by Filter: 7175807
                                                  ->  Hash  (cost=118125.36..118125.36 rows=6768 width=19) (actual time=537.906..537.906 rows=6768 loops=1)
                                                        Buckets: 8192  Batches: 1  Memory Usage: 420kB
                                                        ->  Seq Scan on name n  (cost=0.00..118125.36 rows=6768 width=19) (actual time=229.322..536.612 rows=6768 loops=1)
                                                              Filter: ((name ~~ '%Ang%'::text) AND ((gender)::text = 'f'::text))
                                                              Rows Removed by Filter: 4160723
                                            ->  Index Scan using title_pkey on title t  (cost=0.43..1.40 rows=1 width=21) (actual time=0.004..0.004 rows=0 loops=727)
                                                  Index Cond: (id = ci.movie_id)
                                                  Filter: ((production_year >= 2005) AND (production_year <= 2009))
                                                  Rows Removed by Filter: 1
                                      ->  Index Only Scan using person_id_aka_name on aka_name an  (cost=0.42..1.63 rows=2 width=4) (actual time=0.003..0.004 rows=1 loops=133)
                                            Index Cond: (person_id = ci.person_id)
                                            Heap Fetches: 115
                                ->  Index Only Scan using char_name_pkey on char_name chn  (cost=0.43..1.42 rows=1 width=4) (actual time=0.002..0.002 rows=1 loops=115)
                                      Index Cond: (id = ci.person_role_id)
                                      Heap Fetches: 102
                          ->  Index Scan using movie_id_movie_info on movie_info mi  (cost=0.43..27.42 rows=1 width=8) (actual time=0.007..0.017 rows=1 loops=102)
                                Index Cond: (movie_id = ci.movie_id)
                                Filter: ((info IS NOT NULL) AND ((info ~~ 'Japan:%200%'::text) OR (info ~~ 'USA:%200%'::text)))
                                Rows Removed by Filter: 46
                    ->  Hash  (cost=2.41..2.41 rows=1 width=4) (actual time=0.016..0.016 rows=1 loops=1)
                          Buckets: 1024  Batches: 1  Memory Usage: 9kB
                          ->  Seq Scan on info_type it  (cost=0.00..2.41 rows=1 width=4) (actual time=0.010..0.014 rows=1 loops=1)
                                Filter: ((info)::text = 'release dates'::text)
                                Rows Removed by Filter: 112
              ->  Index Scan using movie_id_movie_companies on movie_companies mc  (cost=0.43..2.72 rows=1 width=8) (actual time=0.004..0.007 rows=2 loops=89)
                    Index Cond: (movie_id = ci.movie_id)
                    Filter: ((note IS NOT NULL) AND ((note ~~ '%(USA)%'::text) OR (note ~~ '%(worldwide)%'::text)))
                    Rows Removed by Filter: 11
        ->  Index Scan using company_name_pkey on company_name cn  (cost=0.42..1.18 rows=1 width=4) (actual time=0.002..0.002 rows=1 loops=194)
              Index Cond: (id = mc.company_id)
              Filter: ((country_code)::text = '[us]'::text)
              Rows Removed by Filter: 0
Planning time: 10.841 ms
Execution time: 1681.967 ms
