Aggregate  (cost=80554.48..80554.49 rows=1 width=64) (actual time=254.412..254.412 rows=1 loops=1)
  ->  Nested Loop  (cost=3.41..80554.48 rows=1 width=32) (actual time=205.228..254.401 rows=15 loops=1)
        ->  Nested Loop  (cost=3.28..80554.30 rows=1 width=36) (actual time=205.222..254.381 rows=15 loops=1)
              Join Filter: (ci.person_id = n.id)
              ->  Nested Loop  (cost=2.85..80552.76 rows=1 width=29) (actual time=204.706..253.830 rows=275 loops=1)
                    ->  Nested Loop  (cost=2.43..80551.55 rows=1 width=33) (actual time=204.698..253.423 rows=275 loops=1)
                          ->  Nested Loop  (cost=2.00..80550.09 rows=1 width=37) (actual time=204.687..252.887 rows=275 loops=1)
                                ->  Nested Loop  (cost=1.57..80548.43 rows=1 width=33) (actual time=204.677..252.511 rows=100 loops=1)
                                      Join Filter: (t.id = ci.movie_id)
                                      ->  Nested Loop  (cost=1.01..80510.55 rows=1 width=33) (actual time=204.662..252.067 rows=4 loops=1)
                                            ->  Nested Loop  (cost=0.86..80509.88 rows=4 width=37) (actual time=204.657..252.053 rows=4 loops=1)
                                                  Join Filter: (t.id = mi.movie_id)
                                                  ->  Nested Loop  (cost=0.43..80392.22 rows=4 width=29) (actual time=204.632..251.762 rows=4 loops=1)
                                                        ->  Seq Scan on title t  (cost=0.00..80243.46 rows=7 width=21) (actual time=20.540..251.667 rows=7 loops=1)
                                                              Filter: ((production_year >= 2007) AND (production_year <= 2008) AND (title ~~ '%Kung%Fu%Panda%'::text))
                                                              Rows Removed by Filter: 2528305
                                                        ->  Index Scan using movie_id_movie_companies on movie_companies mc  (cost=0.43..21.24 rows=1 width=8) (actual time=0.010..0.011 rows=1 loops=7)
                                                              Index Cond: (movie_id = t.id)
                                                              Filter: ((note ~~ '%(200%)%'::text) AND ((note ~~ '%(USA)%'::text) OR (note ~~ '%(worldwide)%'::text)))
                                                              Rows Removed by Filter: 6
                                                  ->  Index Scan using movie_id_movie_info on movie_info mi  (cost=0.43..29.40 rows=1 width=8) (actual time=0.014..0.071 rows=1 loops=4)
                                                        Index Cond: (movie_id = mc.movie_id)
                                                        Filter: ((info IS NOT NULL) AND ((info ~~ 'Japan:%2007%'::text) OR (info ~~ 'USA:%2008%'::text)))
                                                        Rows Removed by Filter: 287
                                            ->  Index Scan using info_type_pkey on info_type it  (cost=0.14..0.16 rows=1 width=4) (actual time=0.002..0.002 rows=1 loops=4)
                                                  Index Cond: (id = mi.info_type_id)
                                                  Filter: ((info)::text = 'release dates'::text)
                                      ->  Index Scan using movie_id_cast_info on cast_info ci  (cost=0.56..37.87 rows=1 width=16) (actual time=0.007..0.106 rows=25 loops=4)
                                            Index Cond: (movie_id = mc.movie_id)
                                            Filter: (note = '(voice)'::text)
                                            Rows Removed by Filter: 127
                                ->  Index Only Scan using person_id_aka_name on aka_name an  (cost=0.42..1.64 rows=2 width=4) (actual time=0.002..0.003 rows=3 loops=100)
                                      Index Cond: (person_id = ci.person_id)
                                      Heap Fetches: 275
                          ->  Index Only Scan using char_name_pkey on char_name chn  (cost=0.43..1.46 rows=1 width=4) (actual time=0.002..0.002 rows=1 loops=275)
                                Index Cond: (id = ci.person_role_id)
                                Heap Fetches: 275
                    ->  Index Scan using company_name_pkey on company_name cn  (cost=0.42..1.22 rows=1 width=4) (actual time=0.001..0.001 rows=1 loops=275)
                          Index Cond: (id = mc.company_id)
                          Filter: ((country_code)::text = '[us]'::text)
              ->  Index Scan using name_pkey on name n  (cost=0.43..1.53 rows=1 width=19) (actual time=0.002..0.002 rows=0 loops=275)
                    Index Cond: (id = an.person_id)
                    Filter: ((name ~~ '%Angel%'::text) AND ((gender)::text = 'f'::text))
                    Rows Removed by Filter: 1
        ->  Index Scan using role_type_pkey on role_type rt  (cost=0.14..0.16 rows=1 width=4) (actual time=0.001..0.001 rows=1 loops=15)
              Index Cond: (id = ci.role_id)
              Filter: ((role)::text = 'actress'::text)
Planning time: 10.944 ms
Execution time: 254.541 ms
