Aggregate  (cost=80630.10..80630.11 rows=1 width=64) (actual time=255.519..255.519 rows=1 loops=1)
  ->  Nested Loop  (cost=3.41..80630.09 rows=1 width=32) (actual time=206.028..255.507 rows=15 loops=1)
        Join Filter: (ci.person_id = n.id)
        ->  Nested Loop  (cost=2.98..80628.56 rows=1 width=25) (actual time=206.018..255.419 rows=36 loops=1)
              ->  Nested Loop  (cost=2.84..80628.37 rows=1 width=29) (actual time=206.012..255.375 rows=36 loops=1)
                    Join Filter: (t.id = mi.movie_id)
                    ->  Nested Loop  (cost=2.40..80600.81 rows=1 width=37) (actual time=205.976..253.547 rows=36 loops=1)
                          ->  Nested Loop  (cost=1.98..80599.15 rows=1 width=33) (actual time=205.935..253.445 rows=24 loops=1)
                                ->  Nested Loop  (cost=1.55..80564.21 rows=24 width=37) (actual time=205.925..253.351 rows=24 loops=1)
                                      ->  Nested Loop  (cost=1.42..80548.63 rows=100 width=41) (actual time=205.877..253.260 rows=100 loops=1)
                                            Join Filter: (t.id = ci.movie_id)
                                            ->  Nested Loop  (cost=0.85..80397.09 rows=4 width=25) (actual time=205.864..252.818 rows=4 loops=1)
                                                  ->  Nested Loop  (cost=0.43..80392.22 rows=4 width=29) (actual time=205.853..252.792 rows=4 loops=1)
                                                        ->  Seq Scan on title t  (cost=0.00..80243.46 rows=7 width=21) (actual time=20.753..252.692 rows=7 loops=1)
                                                              Filter: ((production_year >= 2007) AND (production_year <= 2008) AND (title ~~ '%Kung%Fu%Panda%'::text))
                                                              Rows Removed by Filter: 2528305
                                                        ->  Index Scan using movie_id_movie_companies on movie_companies mc  (cost=0.43..21.24 rows=1 width=8) (actual time=0.010..0.012 rows=1 loops=7)
                                                              Index Cond: (movie_id = t.id)
                                                              Filter: ((note ~~ '%(200%)%'::text) AND ((note ~~ '%(USA)%'::text) OR (note ~~ '%(worldwide)%'::text)))
                                                              Rows Removed by Filter: 6
                                                  ->  Index Scan using company_name_pkey on company_name cn  (cost=0.42..1.22 rows=1 width=4) (actual time=0.005..0.005 rows=1 loops=4)
                                                        Index Cond: (id = mc.company_id)
                                                        Filter: ((country_code)::text = '[us]'::text)
                                            ->  Index Scan using movie_id_cast_info on cast_info ci  (cost=0.56..37.87 rows=1 width=16) (actual time=0.007..0.106 rows=25 loops=4)
                                                  Index Cond: (movie_id = mc.movie_id)
                                                  Filter: (note = '(voice)'::text)
                                                  Rows Removed by Filter: 127
                                      ->  Index Scan using role_type_pkey on role_type rt  (cost=0.14..0.16 rows=1 width=4) (actual time=0.001..0.001 rows=0 loops=100)
                                            Index Cond: (id = ci.role_id)
                                            Filter: ((role)::text = 'actress'::text)
                                            Rows Removed by Filter: 1
                                ->  Index Only Scan using char_name_pkey on char_name chn  (cost=0.43..1.46 rows=1 width=4) (actual time=0.003..0.003 rows=1 loops=24)
                                      Index Cond: (id = ci.person_role_id)
                                      Heap Fetches: 24
                          ->  Index Only Scan using person_id_aka_name on aka_name an  (cost=0.42..1.64 rows=2 width=4) (actual time=0.003..0.004 rows=2 loops=24)
                                Index Cond: (person_id = ci.person_id)
                                Heap Fetches: 36
                    ->  Index Scan using movie_id_movie_info on movie_info mi  (cost=0.43..27.55 rows=1 width=8) (actual time=0.009..0.050 rows=1 loops=36)
                          Index Cond: (movie_id = ci.movie_id)
                          Filter: ((info IS NOT NULL) AND ((info ~~ 'Japan:%2007%'::text) OR (info ~~ 'USA:%2008%'::text)))
                          Rows Removed by Filter: 258
              ->  Index Scan using info_type_pkey on info_type it  (cost=0.14..0.16 rows=1 width=4) (actual time=0.001..0.001 rows=1 loops=36)
                    Index Cond: (id = mi.info_type_id)
                    Filter: ((info)::text = 'release dates'::text)
        ->  Index Scan using name_pkey on name n  (cost=0.43..1.53 rows=1 width=19) (actual time=0.002..0.002 rows=0 loops=36)
              Index Cond: (id = an.person_id)
              Filter: ((name ~~ '%Angel%'::text) AND ((gender)::text = 'f'::text))
              Rows Removed by Filter: 1
Planning time: 10.929 ms
Execution time: 255.613 ms
