Aggregate  (cost=265244.81..265244.82 rows=1 width=64) (actual time=1771.644..1771.645 rows=1 loops=1)
  ->  Nested Loop  (cost=118756.06..265244.79 rows=4 width=32) (actual time=543.710..1770.719 rows=3575 loops=1)
        Join Filter: (n.id = an.person_id)
        ->  Nested Loop  (cost=118755.64..265239.82 rows=3 width=40) (actual time=534.156..1765.336 rows=2632 loops=1)
              ->  Nested Loop  (cost=118755.21..265235.55 rows=3 width=44) (actual time=534.147..1759.694 rows=2830 loops=1)
                    ->  Nested Loop  (cost=118754.79..265227.41 rows=7 width=48) (actual time=534.138..1739.750 rows=9487 loops=1)
                          ->  Hash Join  (cost=118754.36..265221.99 rows=2 width=56) (actual time=534.129..1730.954 rows=2265 loops=1)
                                Hash Cond: (mi.info_type_id = it.id)
                                ->  Nested Loop  (cost=118751.93..265216.75 rows=224 width=60) (actual time=534.104..1730.323 rows=2265 loops=1)
                                      ->  Nested Loop  (cost=118751.50..257107.17 rows=298 width=52) (actual time=534.084..1693.973 rows=3686 loops=1)
                                            ->  Hash Join  (cost=118751.07..256343.35 rows=546 width=31) (actual time=534.068..1672.680 rows=6552 loops=1)
                                                  Hash Cond: (ci.person_id = n.id)
                                                  ->  Nested Loop  (cost=0.56..134106.26 rows=276166 width=12) (actual time=0.107..1116.748 rows=276166 loops=1)
                                                        ->  Seq Scan on role_type rt  (cost=0.00..1.15 rows=1 width=4) (actual time=0.003..0.006 rows=1 loops=1)
                                                              Filter: ((role)::text = 'actress'::text)
                                                              Rows Removed by Filter: 11
                                                        ->  Index Scan using role_id_cast_info on cast_info ci  (cost=0.56..133251.71 rows=85339 width=16) (actual time=0.104..1092.552 rows=276166 loops=1)
                                                              Index Cond: (role_id = rt.id)
                                                              Filter: (note = ANY ('{(voice),"(voice: Japanese version)","(voice) (uncredited)","(voice: English version)"}'::text[]))
                                                              Rows Removed by Filter: 7175807
                                                  ->  Hash  (cost=118125.36..118125.36 rows=50011 width=19) (actual time=530.303..530.303 rows=50011 loops=1)
                                                        Buckets: 65536  Batches: 1  Memory Usage: 3135kB
                                                        ->  Seq Scan on name n  (cost=0.00..118125.36 rows=50011 width=19) (actual time=218.120..520.958 rows=50011 loops=1)
                                                              Filter: ((name ~~ '%An%'::text) AND ((gender)::text = 'f'::text))
                                                              Rows Removed by Filter: 4117480
                                            ->  Index Scan using title_pkey on title t  (cost=0.43..1.40 rows=1 width=21) (actual time=0.003..0.003 rows=1 loops=6552)
                                                  Index Cond: (id = ci.movie_id)
                                                  Filter: (production_year > 2000)
                                                  Rows Removed by Filter: 0
                                      ->  Index Scan using movie_id_movie_info on movie_info mi  (cost=0.43..27.20 rows=1 width=8) (actual time=0.007..0.010 rows=1 loops=3686)
                                            Index Cond: (movie_id = t.id)
                                            Filter: ((info IS NOT NULL) AND ((info ~~ 'Japan:%200%'::text) OR (info ~~ 'USA:%200%'::text)))
                                            Rows Removed by Filter: 15
                                ->  Hash  (cost=2.41..2.41 rows=1 width=4) (actual time=0.018..0.018 rows=1 loops=1)
                                      Buckets: 1024  Batches: 1  Memory Usage: 9kB
                                      ->  Seq Scan on info_type it  (cost=0.00..2.41 rows=1 width=4) (actual time=0.011..0.016 rows=1 loops=1)
                                            Filter: ((info)::text = 'release dates'::text)
                                            Rows Removed by Filter: 112
                          ->  Index Scan using movie_id_movie_companies on movie_companies mc  (cost=0.43..2.66 rows=5 width=8) (actual time=0.002..0.003 rows=4 loops=2265)
                                Index Cond: (movie_id = t.id)
                    ->  Index Scan using company_name_pkey on company_name cn  (cost=0.42..1.16 rows=1 width=4) (actual time=0.002..0.002 rows=0 loops=9487)
                          Index Cond: (id = mc.company_id)
                          Filter: ((country_code)::text = '[us]'::text)
                          Rows Removed by Filter: 1
              ->  Index Only Scan using char_name_pkey on char_name chn  (cost=0.43..1.42 rows=1 width=4) (actual time=0.002..0.002 rows=1 loops=2830)
                    Index Cond: (id = ci.person_role_id)
                    Heap Fetches: 2632
        ->  Index Only Scan using person_id_aka_name on aka_name an  (cost=0.42..1.63 rows=2 width=4) (actual time=0.001..0.002 rows=1 loops=2632)
              Index Cond: (person_id = ci.person_id)
              Heap Fetches: 3575
Planning time: 10.818 ms
Execution time: 1771.744 ms
