Aggregate  (cost=253125.95..253125.96 rows=1 width=64) (actual time=1604.171..1604.171 rows=1 loops=1)
  ->  Nested Loop  (cost=3.71..253125.93 rows=4 width=32) (actual time=15.980..1603.258 rows=3575 loops=1)
        Join Filter: (n.id = an.person_id)
        ->  Nested Loop  (cost=3.28..253122.63 rows=2 width=40) (actual time=4.096..1597.661 rows=2632 loops=1)
              ->  Nested Loop  (cost=2.86..253116.81 rows=5 width=44) (actual time=4.087..1579.347 rows=8585 loops=1)
                    ->  Nested Loop  (cost=2.43..253114.10 rows=1 width=52) (actual time=4.078..1571.281 rows=2129 loops=1)
                          ->  Nested Loop  (cost=2.29..253097.35 rows=103 width=56) (actual time=4.074..1568.735 rows=2129 loops=1)
                                ->  Nested Loop  (cost=1.85..246811.06 rows=231 width=48) (actual time=4.058..1535.348 rows=3349 loops=1)
                                      ->  Nested Loop  (cost=1.42..246220.71 rows=422 width=27) (actual time=4.049..1516.196 rows=5686 loops=1)
                                            ->  Nested Loop  (cost=0.99..244985.42 rows=868 width=31) (actual time=4.042..1501.348 rows=6552 loops=1)
                                                  ->  Nested Loop  (cost=0.56..134106.26 rows=72290 width=12) (actual time=0.113..1089.422 rows=276166 loops=1)
                                                        ->  Seq Scan on role_type rt  (cost=0.00..1.15 rows=1 width=4) (actual time=0.008..0.010 rows=1 loops=1)
                                                              Filter: ((role)::text = 'actress'::text)
                                                              Rows Removed by Filter: 11
                                                        ->  Index Scan using role_id_cast_info on cast_info ci  (cost=0.56..133251.71 rows=85339 width=16) (actual time=0.104..1064.248 rows=276166 loops=1)
                                                              Index Cond: (role_id = rt.id)
                                                              Filter: (note = ANY ('{(voice),"(voice: Japanese version)","(voice) (uncredited)","(voice: English version)"}'::text[]))
                                                              Rows Removed by Filter: 7175807
                                                  ->  Index Scan using name_pkey on name n  (cost=0.43..1.53 rows=1 width=19) (actual time=0.001..0.001 rows=0 loops=276166)
                                                        Index Cond: (id = ci.person_id)
                                                        Filter: ((name ~~ '%An%'::text) AND ((gender)::text = 'f'::text))
                                                        Rows Removed by Filter: 1
                                            ->  Index Only Scan using char_name_pkey on char_name chn  (cost=0.43..1.42 rows=1 width=4) (actual time=0.002..0.002 rows=1 loops=6552)
                                                  Index Cond: (id = ci.person_role_id)
                                                  Heap Fetches: 5686
                                      ->  Index Scan using title_pkey on title t  (cost=0.43..1.40 rows=1 width=21) (actual time=0.003..0.003 rows=1 loops=5686)
                                            Index Cond: (id = ci.movie_id)
                                            Filter: (production_year > 2000)
                                            Rows Removed by Filter: 0
                                ->  Index Scan using movie_id_movie_info on movie_info mi  (cost=0.43..27.20 rows=1 width=8) (actual time=0.007..0.010 rows=1 loops=3349)
                                      Index Cond: (movie_id = t.id)
                                      Filter: ((info IS NOT NULL) AND ((info ~~ 'Japan:%200%'::text) OR (info ~~ 'USA:%200%'::text)))
                                      Rows Removed by Filter: 15
                          ->  Index Scan using info_type_pkey on info_type it  (cost=0.14..0.16 rows=1 width=4) (actual time=0.001..0.001 rows=1 loops=2129)
                                Index Cond: (id = mi.info_type_id)
                                Filter: ((info)::text = 'release dates'::text)
                    ->  Index Scan using movie_id_movie_companies on movie_companies mc  (cost=0.43..2.66 rows=5 width=8) (actual time=0.002..0.003 rows=4 loops=2129)
                          Index Cond: (movie_id = t.id)
              ->  Index Scan using company_name_pkey on company_name cn  (cost=0.42..1.16 rows=1 width=4) (actual time=0.002..0.002 rows=0 loops=8585)
                    Index Cond: (id = mc.company_id)
                    Filter: ((country_code)::text = '[us]'::text)
                    Rows Removed by Filter: 1
        ->  Index Only Scan using person_id_aka_name on aka_name an  (cost=0.42..1.63 rows=2 width=4) (actual time=0.001..0.002 rows=1 loops=2632)
              Index Cond: (person_id = ci.person_id)
              Heap Fetches: 3575
Planning time: 10.896 ms
Execution time: 1604.260 ms
