Aggregate  (cost=266409.63..266409.64 rows=1 width=64) (actual time=1603.353..1603.353 rows=1 loops=1)
  ->  Nested Loop  (cost=3.71..266409.59 rows=8 width=32) (actual time=15.990..1602.436 rows=3575 loops=1)
        Join Filter: (n.id = an.person_id)
        ->  Nested Loop  (cost=3.28..266404.64 rows=3 width=40) (actual time=4.195..1596.877 rows=2632 loops=1)
              ->  Nested Loop  (cost=2.86..266395.33 rows=8 width=44) (actual time=4.186..1578.713 rows=8585 loops=1)
                    ->  Nested Loop  (cost=2.43..266389.91 rows=2 width=52) (actual time=4.176..1570.685 rows=2129 loops=1)
                          ->  Nested Loop  (cost=2.29..266361.12 rows=177 width=56) (actual time=4.172..1568.189 rows=2129 loops=1)
                                ->  Nested Loop  (cost=1.85..255828.48 rows=387 width=48) (actual time=4.154..1534.229 rows=3349 loops=1)
                                      ->  Nested Loop  (cost=1.42..254838.92 rows=713 width=27) (actual time=4.145..1514.875 rows=5686 loops=1)
                                            ->  Nested Loop  (cost=0.99..252770.86 rows=1465 width=31) (actual time=4.137..1500.082 rows=6552 loops=1)
                                                  ->  Nested Loop  (cost=0.56..134106.26 rows=78227 width=12) (actual time=0.107..1089.400 rows=276166 loops=1)
                                                        ->  Seq Scan on role_type rt  (cost=0.00..1.15 rows=1 width=4) (actual time=0.006..0.009 rows=1 loops=1)
                                                              Filter: ((role)::text = 'actress'::text)
                                                              Rows Removed by Filter: 11
                                                        ->  Index Scan using role_id_cast_info on cast_info ci  (cost=0.56..133251.71 rows=85339 width=16) (actual time=0.099..1064.905 rows=276166 loops=1)
                                                              Index Cond: (role_id = rt.id)
                                                              Filter: (note = ANY ('{(voice),"(voice: Japanese version)","(voice) (uncredited)","(voice: English version)"}'::text[]))
                                                              Rows Removed by Filter: 7175807
                                                  ->  Index Scan using name_pkey on name n  (cost=0.43..1.52 rows=1 width=19) (actual time=0.001..0.001 rows=0 loops=276166)
                                                        Index Cond: (id = ci.person_id)
                                                        Filter: ((name ~~ '%An%'::text) AND ((gender)::text = 'f'::text))
                                                        Rows Removed by Filter: 1
                                            ->  Index Only Scan using char_name_pkey on char_name chn  (cost=0.43..1.41 rows=1 width=4) (actual time=0.002..0.002 rows=1 loops=6552)
                                                  Index Cond: (id = ci.person_role_id)
                                                  Heap Fetches: 5686
                                      ->  Index Scan using title_pkey on title t  (cost=0.43..1.39 rows=1 width=21) (actual time=0.003..0.003 rows=1 loops=5686)
                                            Index Cond: (id = ci.movie_id)
                                            Filter: (production_year > 2000)
                                            Rows Removed by Filter: 0
                                ->  Index Scan using movie_id_movie_info on movie_info mi  (cost=0.43..27.21 rows=1 width=8) (actual time=0.007..0.010 rows=1 loops=3349)
                                      Index Cond: (movie_id = t.id)
                                      Filter: ((info IS NOT NULL) AND ((info ~~ 'Japan:%200%'::text) OR (info ~~ 'USA:%200%'::text)))
                                      Rows Removed by Filter: 15
                          ->  Index Scan using info_type_pkey on info_type it  (cost=0.14..0.16 rows=1 width=4) (actual time=0.001..0.001 rows=1 loops=2129)
                                Index Cond: (id = mi.info_type_id)
                                Filter: ((info)::text = 'release dates'::text)
                    ->  Index Scan using movie_id_movie_companies on movie_companies mc  (cost=0.43..2.66 rows=5 width=8) (actual time=0.002..0.003 rows=4 loops=2129)
                          Index Cond: (movie_id = t.id)
              ->  Index Scan using company_name_pkey on company_name cn  (cost=0.42..1.16 rows=1 width=4) (actual time=0.002..0.002 rows=0 loops=8585)
                    Index Cond: (id = mc.company_id)
                    Filter: ((country_code)::text = '[us]'::text)
                    Rows Removed by Filter: 1
        ->  Index Only Scan using person_id_aka_name on aka_name an  (cost=0.42..1.63 rows=2 width=4) (actual time=0.001..0.002 rows=1 loops=2632)
              Index Cond: (person_id = ci.person_id)
              Heap Fetches: 3575
Planning time: 10.701 ms
Execution time: 1603.431 ms
