Aggregate  (cost=285510.16..285510.17 rows=1 width=64) (actual time=1797.865..1797.865 rows=1 loops=1)
  ->  Nested Loop  (cost=118756.06..285510.13 rows=5 width=32) (actual time=565.337..1796.883 rows=3575 loops=1)
        ->  Nested Loop  (cost=118755.64..285492.67 rows=15 width=36) (actual time=565.316..1776.459 rows=11692 loops=1)
              ->  Hash Join  (cost=118755.21..285481.84 rows=4 width=44) (actual time=565.296..1767.131 rows=3628 loops=1)
                    Hash Cond: (mi.info_type_id = it.id)
                    ->  Nested Loop  (cost=118752.79..285473.52 rows=470 width=48) (actual time=565.276..1766.284 rows=3628 loops=1)
                          ->  Nested Loop  (cost=118752.35..275894.41 rows=352 width=40) (actual time=561.828..1734.708 rows=4703 loops=1)
                                Join Filter: (n.id = an.person_id)
                                ->  Nested Loop  (cost=118751.93..270754.84 rows=3107 width=48) (actual time=555.690..1727.319 rows=3349 loops=1)
                                      ->  Nested Loop  (cost=118751.50..265509.12 rows=3686 width=52) (actual time=555.681..1718.102 rows=3686 loops=1)
                                            ->  Hash Join  (cost=118751.07..256343.35 rows=6552 width=31) (actual time=555.666..1696.075 rows=6552 loops=1)
                                                  Hash Cond: (ci.person_id = n.id)
                                                  ->  Nested Loop  (cost=0.56..134106.26 rows=276166 width=12) (actual time=0.107..1118.534 rows=276166 loops=1)
                                                        ->  Seq Scan on role_type rt  (cost=0.00..1.15 rows=1 width=4) (actual time=0.003..0.006 rows=1 loops=1)
                                                              Filter: ((role)::text = 'actress'::text)
                                                              Rows Removed by Filter: 11
                                                        ->  Index Scan using role_id_cast_info on cast_info ci  (cost=0.56..133251.71 rows=85339 width=16) (actual time=0.103..1094.353 rows=276166 loops=1)
                                                              Index Cond: (role_id = rt.id)
                                                              Filter: (note = ANY ('{(voice),"(voice: Japanese version)","(voice) (uncredited)","(voice: English version)"}'::text[]))
                                                              Rows Removed by Filter: 7175807
                                                  ->  Hash  (cost=118125.36..118125.36 rows=50011 width=19) (actual time=551.780..551.780 rows=50011 loops=1)
                                                        Buckets: 65536  Batches: 1  Memory Usage: 3135kB
                                                        ->  Seq Scan on name n  (cost=0.00..118125.36 rows=50011 width=19) (actual time=229.227..542.348 rows=50011 loops=1)
                                                              Filter: ((name ~~ '%An%'::text) AND ((gender)::text = 'f'::text))
                                                              Rows Removed by Filter: 4117480
                                            ->  Index Scan using title_pkey on title t  (cost=0.43..1.40 rows=1 width=21) (actual time=0.003..0.003 rows=1 loops=6552)
                                                  Index Cond: (id = ci.movie_id)
                                                  Filter: (production_year > 2000)
                                                  Rows Removed by Filter: 0
                                      ->  Index Only Scan using char_name_pkey on char_name chn  (cost=0.43..1.42 rows=1 width=4) (actual time=0.002..0.002 rows=1 loops=3686)
                                            Index Cond: (id = ci.person_role_id)
                                            Heap Fetches: 3349
                                ->  Index Only Scan using person_id_aka_name on aka_name an  (cost=0.42..1.63 rows=2 width=4) (actual time=0.002..0.002 rows=1 loops=3349)
                                      Index Cond: (person_id = ci.person_id)
                                      Heap Fetches: 4703
                          ->  Index Scan using movie_id_movie_info on movie_info mi  (cost=0.43..27.20 rows=1 width=8) (actual time=0.004..0.006 rows=1 loops=4703)
                                Index Cond: (movie_id = t.id)
                                Filter: ((info IS NOT NULL) AND ((info ~~ 'Japan:%200%'::text) OR (info ~~ 'USA:%200%'::text)))
                                Rows Removed by Filter: 14
                    ->  Hash  (cost=2.41..2.41 rows=1 width=4) (actual time=0.015..0.015 rows=1 loops=1)
                          Buckets: 1024  Batches: 1  Memory Usage: 9kB
                          ->  Seq Scan on info_type it  (cost=0.00..2.41 rows=1 width=4) (actual time=0.008..0.013 rows=1 loops=1)
                                Filter: ((info)::text = 'release dates'::text)
                                Rows Removed by Filter: 112
              ->  Index Scan using movie_id_movie_companies on movie_companies mc  (cost=0.43..2.66 rows=5 width=8) (actual time=0.001..0.002 rows=3 loops=3628)
                    Index Cond: (movie_id = t.id)
        ->  Index Scan using company_name_pkey on company_name cn  (cost=0.42..1.16 rows=1 width=4) (actual time=0.002..0.002 rows=0 loops=11692)
              Index Cond: (id = mc.company_id)
              Filter: ((country_code)::text = '[us]'::text)
              Rows Removed by Filter: 1
Planning time: 10.572 ms
Execution time: 1797.956 ms
