Aggregate  (cost=409118.72..409118.73 rows=1 width=64) (actual time=12333.131..12333.131 rows=1 loops=1)
  ->  Nested Loop  (cost=5.99..409105.03 rows=2737 width=32) (actual time=0.414..11993.747 rows=1760645 loops=1)
        ->  Nested Loop  (cost=5.56..407291.17 rows=1103 width=40) (actual time=0.407..10514.868 rows=787043 loops=1)
              ->  Nested Loop  (cost=5.14..403734.53 rows=3055 width=44) (actual time=0.402..5660.878 rows=3229056 loops=1)
                    Join Filter: (t.id = mc.movie_id)
                    ->  Hash Join  (cost=4.71..402201.88 rows=574 width=52) (actual time=0.395..4152.317 rows=341836 loops=1)
                          Hash Cond: (mi.info_type_id = it.id)
                          ->  Nested Loop  (cost=2.29..401385.57 rows=64870 width=56) (actual time=0.375..3995.126 rows=1622994 loops=1)
                                ->  Nested Loop  (cost=1.85..279889.47 rows=4432 width=48) (actual time=0.368..2861.618 rows=159307 loops=1)
                                      ->  Nested Loop  (cost=1.42..268541.37 rows=8112 width=27) (actual time=0.127..2168.268 rows=255493 loops=1)
                                            ->  Nested Loop  (cost=0.99..244804.69 rows=16679 width=31) (actual time=0.120..1622.057 rows=276005 loops=1)
                                                  ->  Nested Loop  (cost=0.56..134106.26 rows=72290 width=12) (actual time=0.112..1172.481 rows=276166 loops=1)
                                                        ->  Seq Scan on role_type rt  (cost=0.00..1.15 rows=1 width=4) (actual time=0.007..0.009 rows=1 loops=1)
                                                              Filter: ((role)::text = 'actress'::text)
                                                              Rows Removed by Filter: 11
                                                        ->  Index Scan using role_id_cast_info on cast_info ci  (cost=0.56..133251.71 rows=85339 width=16) (actual time=0.105..1145.341 rows=276166 loops=1)
                                                              Index Cond: (role_id = rt.id)
                                                              Filter: (note = ANY ('{(voice),"(voice: Japanese version)","(voice) (uncredited)","(voice: English version)"}'::text[]))
                                                              Rows Removed by Filter: 7175807
                                                  ->  Index Scan using name_pkey on name n  (cost=0.43..1.53 rows=1 width=19) (actual time=0.001..0.001 rows=1 loops=276166)
                                                        Index Cond: (id = ci.person_id)
                                                        Filter: ((gender)::text = 'f'::text)
                                                        Rows Removed by Filter: 0
                                            ->  Index Only Scan using char_name_pkey on char_name chn  (cost=0.43..1.42 rows=1 width=4) (actual time=0.002..0.002 rows=1 loops=276005)
                                                  Index Cond: (id = ci.person_role_id)
                                                  Heap Fetches: 255493
                                      ->  Index Scan using title_pkey on title t  (cost=0.43..1.40 rows=1 width=21) (actual time=0.002..0.002 rows=1 loops=255493)
                                            Index Cond: (id = ci.movie_id)
                                            Filter: (production_year > 2000)
                                            Rows Removed by Filter: 0
                                ->  Index Scan using movie_id_movie_info on movie_info mi  (cost=0.43..26.99 rows=42 width=8) (actual time=0.002..0.006 rows=10 loops=159307)
                                      Index Cond: (movie_id = t.id)
                          ->  Hash  (cost=2.41..2.41 rows=1 width=4) (actual time=0.012..0.012 rows=1 loops=1)
                                Buckets: 1024  Batches: 1  Memory Usage: 9kB
                                ->  Seq Scan on info_type it  (cost=0.00..2.41 rows=1 width=4) (actual time=0.006..0.010 rows=1 loops=1)
                                      Filter: ((info)::text = 'release dates'::text)
                                      Rows Removed by Filter: 112
                    ->  Index Scan using movie_id_movie_companies on movie_companies mc  (cost=0.43..2.61 rows=5 width=8) (actual time=0.002..0.003 rows=9 loops=341836)
                          Index Cond: (movie_id = mi.movie_id)
              ->  Index Scan using company_name_pkey on company_name cn  (cost=0.42..1.16 rows=1 width=4) (actual time=0.001..0.001 rows=0 loops=3229056)
                    Index Cond: (id = mc.company_id)
                    Filter: ((country_code)::text = '[us]'::text)
                    Rows Removed by Filter: 1
        ->  Index Only Scan using person_id_aka_name on aka_name an  (cost=0.42..1.62 rows=2 width=4) (actual time=0.001..0.001 rows=2 loops=787043)
              Index Cond: (person_id = n.id)
              Heap Fetches: 1760645
Planning time: 10.424 ms
Execution time: 12333.207 ms
