Aggregate  (cost=745679.35..745679.36 rows=1 width=64) (actual time=8053.612..8053.612 rows=1 loops=1)
  ->  Nested Loop  (cost=458395.99..745653.22 rows=5225 width=32) (actual time=3669.527..7727.457 rows=1760645 loops=1)
        ->  Hash Join  (cost=458395.56..741045.38 rows=2802 width=40) (actual time=3669.355..6343.394 rows=787043 loops=1)
              Hash Cond: (mi.info_type_id = it.id)
              ->  Nested Loop  (cost=458393.14..737070.64 rows=316609 width=44) (actual time=3669.323..5979.610 rows=4426839 loops=1)
                    Join Filter: (t.id = mi.movie_id)
                    ->  Hash Join  (cost=458392.70..520965.17 rows=7903 width=52) (actual time=3669.305..4458.304 rows=97320 loops=1)
                          Hash Cond: (ci.person_id = n.id)
                          ->  Hash Join  (cost=338666.63..400041.17 rows=94885 width=33) (actual time=3017.371..3772.844 rows=97386 loops=1)
                                Hash Cond: (ci.person_role_id = chn.id)
                                ->  Hash Join  (cost=231561.00..291617.61 rows=104391 width=37) (actual time=2008.520..2732.189 rows=104391 loops=1)
                                      Hash Cond: (mc.company_id = cn.id)
                                      ->  Hash Join  (cost=224568.00..280971.42 rows=289362 width=41) (actual time=1964.651..2644.538 rows=289362 loops=1)
                                            Hash Cond: (mc.movie_id = t.id)
                                            ->  Seq Scan on movie_companies mc  (cost=0.00..44881.29 rows=2609129 width=8) (actual time=0.008..191.756 rows=2609129 loops=1)
                                            ->  Hash  (cost=222462.91..222462.91 rows=168407 width=33) (actual time=1963.486..1963.486 rows=168407 loops=1)
                                                  Buckets: 262144  Batches: 1  Memory Usage: 14124kB
                                                  ->  Hash Join  (cost=84870.63..222462.91 rows=168407 width=33) (actual time=686.674..1917.548 rows=168407 loops=1)
                                                        Hash Cond: (ci.movie_id = t.id)
                                                        ->  Nested Loop  (cost=0.56..134106.26 rows=276166 width=12) (actual time=0.119..1133.152 rows=276166 loops=1)
                                                              ->  Seq Scan on role_type rt  (cost=0.00..1.15 rows=1 width=4) (actual time=0.005..0.008 rows=1 loops=1)
                                                                    Filter: ((role)::text = 'actress'::text)
                                                                    Rows Removed by Filter: 11
                                                              ->  Index Scan using role_id_cast_info on cast_info ci  (cost=0.56..133251.71 rows=85339 width=16) (actual time=0.111..1108.989 rows=276166 loops=1)
                                                                    Index Cond: (role_id = rt.id)
                                                                    Filter: (note = ANY ('{(voice),"(voice: Japanese version)","(voice) (uncredited)","(voice: English version)"}'::text[]))
                                                                    Rows Removed by Filter: 7175807
                                                        ->  Hash  (cost=67601.90..67601.90 rows=1381453 width=21) (actual time=681.882..681.882 rows=1381453 loops=1)
                                                              Buckets: 2097152  Batches: 1  Memory Usage: 90381kB
                                                              ->  Seq Scan on title t  (cost=0.00..67601.90 rows=1381453 width=21) (actual time=0.006..351.424 rows=1381453 loops=1)
                                                                    Filter: (production_year > 2000)
                                                                    Rows Removed by Filter: 1146859
                                      ->  Hash  (cost=5932.46..5932.46 rows=84843 width=4) (actual time=43.282..43.282 rows=84843 loops=1)
                                            Buckets: 131072  Batches: 1  Memory Usage: 4007kB
                                            ->  Seq Scan on company_name cn  (cost=0.00..5932.46 rows=84843 width=4) (actual time=0.011..30.358 rows=84843 loops=1)
                                                  Filter: ((country_code)::text = '[us]'::text)
                                                  Rows Removed by Filter: 150154
                                ->  Hash  (cost=67851.39..67851.39 rows=3140339 width=4) (actual time=1000.434..1000.434 rows=3140339 loops=1)
                                      Buckets: 4194304  Batches: 1  Memory Usage: 143171kB
                                      ->  Seq Scan on char_name chn  (cost=0.00..67851.39 rows=3140339 width=4) (actual time=0.011..356.840 rows=3140339 loops=1)
                          ->  Hash  (cost=107706.64..107706.64 rows=961555 width=19) (actual time=649.271..649.271 rows=961555 loops=1)
                                Buckets: 1048576  Batches: 1  Memory Usage: 58170kB
                                ->  Seq Scan on name n  (cost=0.00..107706.64 rows=961555 width=19) (actual time=161.859..425.853 rows=961555 loops=1)
                                      Filter: ((gender)::text = 'f'::text)
                                      Rows Removed by Filter: 3205936
                    ->  Index Scan using movie_id_movie_info on movie_info mi  (cost=0.43..26.82 rows=42 width=8) (actual time=0.002..0.009 rows=45 loops=97320)
                          Index Cond: (movie_id = mc.movie_id)
              ->  Hash  (cost=2.41..2.41 rows=1 width=4) (actual time=0.018..0.018 rows=1 loops=1)
                    Buckets: 1024  Batches: 1  Memory Usage: 9kB
                    ->  Seq Scan on info_type it  (cost=0.00..2.41 rows=1 width=4) (actual time=0.009..0.014 rows=1 loops=1)
                          Filter: ((info)::text = 'release dates'::text)
                          Rows Removed by Filter: 112
        ->  Index Only Scan using person_id_aka_name on aka_name an  (cost=0.42..1.62 rows=2 width=4) (actual time=0.001..0.001 rows=2 loops=787043)
              Index Cond: (person_id = n.id)
              Heap Fetches: 1760645
Planning time: 10.601 ms
Execution time: 8055.034 ms
