Aggregate  (cost=608548.51..608548.52 rows=1 width=64) (actual time=7326.283..7326.283 rows=1 loops=1)
  ->  Nested Loop  (cost=351290.79..608531.21 rows=3459 width=32) (actual time=2677.778..7000.771 rows=1760645 loops=1)
        ->  Hash Join  (cost=351290.37..605661.59 rows=1745 width=40) (actual time=2677.598..5586.672 rows=787043 loops=1)
              Hash Cond: (mi.info_type_id = it.id)
              ->  Nested Loop  (cost=351287.94..603184.54 rows=197237 width=44) (actual time=2677.563..5212.286 rows=4426839 loops=1)
                    Join Filter: (t.id = mi.movie_id)
                    ->  Nested Loop  (cost=351287.51..424951.54 rows=6518 width=52) (actual time=2677.547..3669.164 rows=97320 loops=1)
                          ->  Hash Join  (cost=351287.08..412651.27 rows=8643 width=56) (actual time=2677.526..3439.076 rows=104325 loops=1)
                                Hash Cond: (ci.person_id = n.id)
                                ->  Hash Join  (cost=231561.00..291617.61 rows=103571 width=37) (actual time=2017.311..2745.165 rows=104391 loops=1)
                                      Hash Cond: (mc.company_id = cn.id)
                                      ->  Hash Join  (cost=224568.00..280971.42 rows=289362 width=41) (actual time=1973.588..2656.919 rows=289362 loops=1)
                                            Hash Cond: (mc.movie_id = t.id)
                                            ->  Seq Scan on movie_companies mc  (cost=0.00..44881.29 rows=2609129 width=8) (actual time=0.008..192.421 rows=2609129 loops=1)
                                            ->  Hash  (cost=222462.91..222462.91 rows=168407 width=33) (actual time=1972.422..1972.422 rows=168407 loops=1)
                                                  Buckets: 262144  Batches: 1  Memory Usage: 14124kB
                                                  ->  Hash Join  (cost=84870.63..222462.91 rows=168407 width=33) (actual time=693.588..1926.405 rows=168407 loops=1)
                                                        Hash Cond: (ci.movie_id = t.id)
                                                        ->  Nested Loop  (cost=0.56..134106.26 rows=276166 width=12) (actual time=0.123..1134.122 rows=276166 loops=1)
                                                              ->  Seq Scan on role_type rt  (cost=0.00..1.15 rows=1 width=4) (actual time=0.005..0.008 rows=1 loops=1)
                                                                    Filter: ((role)::text = 'actress'::text)
                                                                    Rows Removed by Filter: 11
                                                              ->  Index Scan using role_id_cast_info on cast_info ci  (cost=0.56..133251.71 rows=85339 width=16) (actual time=0.112..1107.598 rows=276166 loops=1)
                                                                    Index Cond: (role_id = rt.id)
                                                                    Filter: (note = ANY ('{(voice),"(voice: Japanese version)","(voice) (uncredited)","(voice: English version)"}'::text[]))
                                                                    Rows Removed by Filter: 7175807
                                                        ->  Hash  (cost=67601.90..67601.90 rows=1381453 width=21) (actual time=688.734..688.734 rows=1381453 loops=1)
                                                              Buckets: 2097152  Batches: 1  Memory Usage: 90381kB
                                                              ->  Seq Scan on title t  (cost=0.00..67601.90 rows=1381453 width=21) (actual time=0.008..352.226 rows=1381453 loops=1)
                                                                    Filter: (production_year > 2000)
                                                                    Rows Removed by Filter: 1146859
                                      ->  Hash  (cost=5932.46..5932.46 rows=84843 width=4) (actual time=43.118..43.118 rows=84843 loops=1)
                                            Buckets: 131072  Batches: 1  Memory Usage: 4007kB
                                            ->  Seq Scan on company_name cn  (cost=0.00..5932.46 rows=84843 width=4) (actual time=0.010..30.048 rows=84843 loops=1)
                                                  Filter: ((country_code)::text = '[us]'::text)
                                                  Rows Removed by Filter: 150154
                                ->  Hash  (cost=107706.64..107706.64 rows=961555 width=19) (actual time=657.604..657.604 rows=961555 loops=1)
                                      Buckets: 1048576  Batches: 1  Memory Usage: 58170kB
                                      ->  Seq Scan on name n  (cost=0.00..107706.64 rows=961555 width=19) (actual time=164.726..433.778 rows=961555 loops=1)
                                            Filter: ((gender)::text = 'f'::text)
                                            Rows Removed by Filter: 3205936
                          ->  Index Only Scan using char_name_pkey on char_name chn  (cost=0.43..1.42 rows=1 width=4) (actual time=0.002..0.002 rows=1 loops=104325)
                                Index Cond: (id = ci.person_role_id)
                                Heap Fetches: 97320
                    ->  Index Scan using movie_id_movie_info on movie_info mi  (cost=0.43..26.82 rows=42 width=8) (actual time=0.002..0.009 rows=45 loops=97320)
                          Index Cond: (movie_id = mc.movie_id)
              ->  Hash  (cost=2.41..2.41 rows=1 width=4) (actual time=0.019..0.019 rows=1 loops=1)
                    Buckets: 1024  Batches: 1  Memory Usage: 9kB
                    ->  Seq Scan on info_type it  (cost=0.00..2.41 rows=1 width=4) (actual time=0.011..0.016 rows=1 loops=1)
                          Filter: ((info)::text = 'release dates'::text)
                          Rows Removed by Filter: 112
        ->  Index Only Scan using person_id_aka_name on aka_name an  (cost=0.42..1.62 rows=2 width=4) (actual time=0.001..0.001 rows=2 loops=787043)
              Index Cond: (person_id = n.id)
              Heap Fetches: 1760645
Planning time: 10.651 ms
Execution time: 7327.015 ms
