Aggregate  (cost=942119.45..942119.46 rows=1 width=64) (actual time=10721.423..10721.423 rows=1 loops=1)
  ->  Hash Join  (cost=549515.03..941554.66 rows=112959 width=32) (actual time=6266.737..10419.040 rows=1760645 loops=1)
        Hash Cond: (mi.info_type_id = it.id)
        ->  Hash Join  (cost=549512.61..930985.09 rows=842241 width=36) (actual time=5102.336..9644.709 rows=10341691 loops=1)
              Hash Cond: (mi.movie_id = t.id)
              ->  Seq Scan on movie_info mi  (cost=0.00..310350.20 rows=14835720 width=8) (actual time=0.005..1158.395 rows=14835720 loops=1)
              ->  Hash  (cost=546213.19..546213.19 rows=263953 width=44) (actual time=5098.871..5098.871 rows=265983 loops=1)
                    Buckets: 524288  Batches: 1  Memory Usage: 26123kB
                    ->  Hash Join  (cost=522213.25..546213.19 rows=263953 width=44) (actual time=4767.337..5036.743 rows=265983 loops=1)
                          Hash Cond: (an.person_id = n.id)
                          ->  Seq Scan on aka_name an  (cost=0.00..20409.43 rows=901343 width=4) (actual time=0.006..84.053 rows=901343 loops=1)
                          ->  Hash  (cost=520996.75..520996.75 rows=97320 width=52) (actual time=4766.537..4766.537 rows=97320 loops=1)
                                Buckets: 131072  Batches: 1  Memory Usage: 9935kB
                                ->  Hash Join  (cost=458392.70..520996.75 rows=97320 width=52) (actual time=3993.788..4740.975 rows=97320 loops=1)
                                      Hash Cond: (ci.person_id = n.id)
                                      ->  Hash Join  (cost=338666.63..400041.17 rows=97386 width=33) (actual time=3283.345..4002.684 rows=97386 loops=1)
                                            Hash Cond: (ci.person_role_id = chn.id)
                                            ->  Hash Join  (cost=231561.00..291617.61 rows=104391 width=37) (actual time=2188.591..2879.814 rows=104391 loops=1)
                                                  Hash Cond: (mc.company_id = cn.id)
                                                  ->  Hash Join  (cost=224568.00..280971.42 rows=289362 width=41) (actual time=2140.607..2793.521 rows=289362 loops=1)
                                                        Hash Cond: (mc.movie_id = t.id)
                                                        ->  Seq Scan on movie_companies mc  (cost=0.00..44881.29 rows=2609129 width=8) (actual time=0.009..200.165 rows=2609129 loops=1)
                                                        ->  Hash  (cost=222462.91..222462.91 rows=168407 width=33) (actual time=2139.316..2139.316 rows=168407 loops=1)
                                                              Buckets: 262144  Batches: 1  Memory Usage: 14124kB
                                                              ->  Hash Join  (cost=84870.63..222462.91 rows=168407 width=33) (actual time=753.893..2089.517 rows=168407 loops=1)
                                                                    Hash Cond: (ci.movie_id = t.id)
                                                                    ->  Nested Loop  (cost=0.56..134106.26 rows=276166 width=12) (actual time=0.134..1231.773 rows=276166 loops=1)
                                                                          ->  Seq Scan on role_type rt  (cost=0.00..1.15 rows=1 width=4) (actual time=0.005..0.008 rows=1 loops=1)
                                                                                Filter: ((role)::text = 'actress'::text)
                                                                                Rows Removed by Filter: 11
                                                                          ->  Index Scan using role_id_cast_info on cast_info ci  (cost=0.56..133251.71 rows=85339 width=16) (actual time=0.123..1204.811 rows=276166 loops=1)
                                                                                Index Cond: (role_id = rt.id)
                                                                                Filter: (note = ANY ('{(voice),"(voice: Japanese version)","(voice) (uncredited)","(voice: English version)"}'::text[]))
                                                                                Rows Removed by Filter: 7175807
                                                                    ->  Hash  (cost=67601.90..67601.90 rows=1381453 width=21) (actual time=748.911..748.911 rows=1381453 loops=1)
                                                                          Buckets: 2097152  Batches: 1  Memory Usage: 90381kB
                                                                          ->  Seq Scan on title t  (cost=0.00..67601.90 rows=1381453 width=21) (actual time=0.008..385.711 rows=1381453 loops=1)
                                                                                Filter: (production_year > 2000)
                                                                                Rows Removed by Filter: 1146859
                                                  ->  Hash  (cost=5932.46..5932.46 rows=84843 width=4) (actual time=47.324..47.324 rows=84843 loops=1)
                                                        Buckets: 131072  Batches: 1  Memory Usage: 4007kB
                                                        ->  Seq Scan on company_name cn  (cost=0.00..5932.46 rows=84843 width=4) (actual time=0.011..33.099 rows=84843 loops=1)
                                                              Filter: ((country_code)::text = '[us]'::text)
                                                              Rows Removed by Filter: 150154
                                            ->  Hash  (cost=67851.39..67851.39 rows=3140339 width=4) (actual time=1086.388..1086.388 rows=3140339 loops=1)
                                                  Buckets: 4194304  Batches: 1  Memory Usage: 143171kB
                                                  ->  Seq Scan on char_name chn  (cost=0.00..67851.39 rows=3140339 width=4) (actual time=0.011..396.668 rows=3140339 loops=1)
                                      ->  Hash  (cost=107706.64..107706.64 rows=961555 width=19) (actual time=707.728..707.728 rows=961555 loops=1)
                                            Buckets: 1048576  Batches: 1  Memory Usage: 58170kB
                                            ->  Seq Scan on name n  (cost=0.00..107706.64 rows=961555 width=19) (actual time=177.103..467.001 rows=961555 loops=1)
                                                  Filter: ((gender)::text = 'f'::text)
                                                  Rows Removed by Filter: 3205936
        ->  Hash  (cost=2.41..2.41 rows=1 width=4) (actual time=0.020..0.020 rows=1 loops=1)
              Buckets: 1024  Batches: 1  Memory Usage: 9kB
              ->  Seq Scan on info_type it  (cost=0.00..2.41 rows=1 width=4) (actual time=0.011..0.017 rows=1 loops=1)
                    Filter: ((info)::text = 'release dates'::text)
                    Rows Removed by Filter: 112
Planning time: 11.905 ms
Execution time: 10723.037 ms
