Aggregate  (cost=48450.55..48450.56 rows=1 width=68) (actual time=187.556..187.556 rows=1 loops=1)
  ->  Hash Join  (cost=4.35..48432.99 rows=2341 width=45) (actual time=187.538..187.540 rows=3 loops=1)
        Hash Cond: (mc.company_type_id = ct.id)
        ->  Nested Loop  (cost=3.29..48334.48 rows=9365 width=49) (actual time=187.449..187.518 rows=66 loops=1)
              Join Filter: (t.id = mc.movie_id)
              ->  Nested Loop  (cost=2.86..46098.50 rows=3479 width=29) (actual time=187.431..187.450 rows=4 loops=1)
                    ->  Hash Join  (cost=2.43..39052.33 rows=12213 width=4) (actual time=187.377..187.380 rows=10 loops=1)
                          Hash Cond: (mi_idx.info_type_id = it.id)
                          ->  Seq Scan on movie_info_idx mi_idx  (cost=0.00..21735.35 rows=1380035 width=8) (actual time=0.004..87.219 rows=1380035 loops=1)
                          ->  Hash  (cost=2.41..2.41 rows=1 width=4) (actual time=0.011..0.011 rows=1 loops=1)
                                Buckets: 1024  Batches: 1  Memory Usage: 9kB
                                ->  Seq Scan on info_type it  (cost=0.00..2.41 rows=1 width=4) (actual time=0.008..0.009 rows=1 loops=1)
                                      Filter: ((info)::text = 'bottom 10 rank'::text)
                                      Rows Removed by Filter: 112
                    ->  Index Scan using title_pkey on title t  (cost=0.43..0.58 rows=1 width=25) (actual time=0.006..0.006 rows=0 loops=10)
                          Index Cond: (id = mi_idx.movie_id)
                          Filter: ((production_year >= 2005) AND (production_year <= 2010))
                          Rows Removed by Filter: 1
              ->  Index Scan using movie_id_movie_companies on movie_companies mc  (cost=0.43..0.61 rows=3 width=32) (actual time=0.008..0.015 rows=16 loops=4)
                    Index Cond: (movie_id = mi_idx.movie_id)
                    Filter: (note !~~ '%(as Metro-Goldwyn-Mayer Pictures)%'::text)
                    Rows Removed by Filter: 2
        ->  Hash  (cost=1.05..1.05 rows=1 width=4) (actual time=0.007..0.007 rows=1 loops=1)
              Buckets: 1024  Batches: 1  Memory Usage: 9kB
              ->  Seq Scan on company_type ct  (cost=0.00..1.05 rows=1 width=4) (actual time=0.003..0.004 rows=1 loops=1)
                    Filter: ((kind)::text = 'production companies'::text)
                    Rows Removed by Filter: 3
Planning time: 0.807 ms
Execution time: 187.622 ms
