Aggregate  (cost=39073.80..39073.81 rows=1 width=68) (actual time=189.092..189.092 rows=1 loops=1)
  ->  Nested Loop  (cost=3.42..39073.78 rows=3 width=45) (actual time=189.037..189.079 rows=4 loops=1)
        ->  Nested Loop  (cost=3.29..39061.88 rows=78 width=49) (actual time=188.902..189.011 rows=78 loops=1)
              ->  Nested Loop  (cost=2.86..39058.07 rows=6 width=29) (actual time=188.886..188.933 rows=6 loops=1)
                    ->  Hash Join  (cost=2.43..39052.33 rows=10 width=4) (actual time=188.853..188.857 rows=10 loops=1)
                          Hash Cond: (mi_idx.info_type_id = it.id)
                          ->  Seq Scan on movie_info_idx mi_idx  (cost=0.00..21735.35 rows=1380035 width=8) (actual time=0.006..87.017 rows=1380035 loops=1)
                          ->  Hash  (cost=2.41..2.41 rows=1 width=4) (actual time=0.012..0.012 rows=1 loops=1)
                                Buckets: 1024  Batches: 1  Memory Usage: 9kB
                                ->  Seq Scan on info_type it  (cost=0.00..2.41 rows=1 width=4) (actual time=0.009..0.010 rows=1 loops=1)
                                      Filter: ((info)::text = 'bottom 10 rank'::text)
                                      Rows Removed by Filter: 112
                    ->  Index Scan using title_pkey on title t  (cost=0.43..0.57 rows=1 width=25) (actual time=0.007..0.007 rows=1 loops=10)
                          Index Cond: (id = mi_idx.movie_id)
                          Filter: (production_year > 2000)
                          Rows Removed by Filter: 0
              ->  Index Scan using movie_id_movie_companies on movie_companies mc  (cost=0.43..0.61 rows=3 width=32) (actual time=0.006..0.011 rows=13 loops=6)
                    Index Cond: (movie_id = t.id)
                    Filter: (note !~~ '%(as Metro-Goldwyn-Mayer Pictures)%'::text)
                    Rows Removed by Filter: 2
        ->  Index Scan using company_type_pkey on company_type ct  (cost=0.13..0.15 rows=1 width=4) (actual time=0.001..0.001 rows=0 loops=78)
              Index Cond: (id = mc.company_type_id)
              Filter: ((kind)::text = 'production companies'::text)
              Rows Removed by Filter: 1
Planning time: 0.774 ms
Execution time: 189.172 ms
