Aggregate  (cost=24617.54..24617.55 rows=1 width=32) (actual time=1882.881..1882.881 rows=1 loops=1)
  ->  Nested Loop  (cost=3638.01..24617.54 rows=1 width=17) (actual time=438.738..1882.859 rows=33 loops=1)
        ->  Nested Loop  (cost=3637.58..24617.09 rows=1 width=21) (actual time=438.727..1882.754 rows=33 loops=1)
              ->  Nested Loop  (cost=3637.15..24612.49 rows=10 width=25) (actual time=23.641..1131.758 rows=532809 loops=1)
                    Join Filter: (t.id = ci.movie_id)
                    ->  Hash Join  (cost=3636.59..24606.62 rows=3 width=29) (actual time=23.626..634.406 rows=6016 loops=1)
                          Hash Cond: (mk.keyword_id = k.id)
                          ->  Nested Loop  (cost=4.09..20350.56 rows=49391 width=33) (actual time=0.045..546.435 rows=978322 loops=1)
                                ->  Hash Join  (cost=3.66..18461.57 rows=1089 width=25) (actual time=0.039..245.575 rows=28583 loops=1)
                                      Hash Cond: (t.kind_id = kt.id)
                                      ->  Nested Loop  (cost=2.56..18373.92 rows=7621 width=29) (actual time=0.026..237.252 rows=73560 loops=1)
                                            ->  Hash Join  (cost=2.12..3841.16 rows=8443 width=4) (actual time=0.018..46.439 rows=85941 loops=1)
                                                  Hash Cond: (cc.status_id = cct2.id)
                                                  ->  Hash Join  (cost=1.06..3488.66 rows=33772 width=8) (actual time=0.011..32.604 rows=85941 loops=1)
                                                        Hash Cond: (cc.subject_id = cct1.id)
                                                        ->  Seq Scan on complete_cast cc  (cost=0.00..2081.86 rows=135086 width=12) (actual time=0.005..10.626 rows=135086 loops=1)
                                                        ->  Hash  (cost=1.05..1.05 rows=1 width=4) (actual time=0.002..0.002 rows=1 loops=1)
                                                              Buckets: 1024  Batches: 1  Memory Usage: 9kB
                                                              ->  Seq Scan on comp_cast_type cct1  (cost=0.00..1.05 rows=1 width=4) (actual time=0.001..0.002 rows=1 loops=1)
                                                                    Filter: ((kind)::text = 'cast'::text)
                                                                    Rows Removed by Filter: 3
                                                  ->  Hash  (cost=1.05..1.05 rows=1 width=4) (actual time=0.005..0.005 rows=2 loops=1)
                                                        Buckets: 1024  Batches: 1  Memory Usage: 9kB
                                                        ->  Seq Scan on comp_cast_type cct2  (cost=0.00..1.05 rows=1 width=4) (actual time=0.003..0.004 rows=2 loops=1)
                                                              Filter: ((kind)::text ~~ '%complete%'::text)
                                                              Rows Removed by Filter: 2
                                            ->  Index Scan using title_pkey on title t  (cost=0.43..1.72 rows=1 width=25) (actual time=0.002..0.002 rows=1 loops=85941)
                                                  Index Cond: (id = cc.movie_id)
                                                  Filter: (production_year > 1950)
                                                  Rows Removed by Filter: 0
                                      ->  Hash  (cost=1.09..1.09 rows=1 width=4) (actual time=0.008..0.008 rows=1 loops=1)
                                            Buckets: 1024  Batches: 1  Memory Usage: 9kB
                                            ->  Seq Scan on kind_type kt  (cost=0.00..1.09 rows=1 width=4) (actual time=0.006..0.007 rows=1 loops=1)
                                                  Filter: ((kind)::text = 'movie'::text)
                                                  Rows Removed by Filter: 6
                                ->  Index Scan using movie_id_movie_keyword on movie_keyword mk  (cost=0.43..1.28 rows=45 width=8) (actual time=0.002..0.007 rows=34 loops=28583)
                                      Index Cond: (movie_id = t.id)
                          ->  Hash  (cost=3632.40..3632.40 rows=8 width=4) (actual time=23.470..23.470 rows=8 loops=1)
                                Buckets: 1024  Batches: 1  Memory Usage: 9kB
                                ->  Seq Scan on keyword k  (cost=0.00..3632.40 rows=8 width=4) (actual time=0.090..23.468 rows=8 loops=1)
                                      Filter: (keyword = ANY ('{superhero,sequel,second-part,marvel-comics,based-on-comic,tv-special,fight,violence}'::text[]))
                                      Rows Removed by Filter: 134162
                    ->  Index Scan using movie_id_cast_info on cast_info ci  (cost=0.56..1.51 rows=36 width=12) (actual time=0.004..0.069 rows=89 loops=6016)
                          Index Cond: (movie_id = mk.movie_id)
              ->  Index Scan using char_name_pkey on char_name chn  (cost=0.43..0.46 rows=1 width=4) (actual time=0.001..0.001 rows=0 loops=532809)
                    Index Cond: (id = ci.person_role_id)
                    Filter: ((name !~~ '%Sherlock%'::text) AND ((name ~~ '%Tony%Stark%'::text) OR (name ~~ '%Iron%Man%'::text)))
                    Rows Removed by Filter: 0
        ->  Index Only Scan using name_pkey on name n  (cost=0.43..0.45 rows=1 width=4) (actual time=0.003..0.003 rows=1 loops=33)
              Index Cond: (id = ci.person_id)
              Heap Fetches: 33
Planning time: 7.505 ms
Execution time: 1882.976 ms
