Aggregate  (cost=121229.88..121229.89 rows=1 width=32) (actual time=2462.819..2462.819 rows=1 loops=1)
  ->  Nested Loop  (cost=8199.45..121229.88 rows=1 width=17) (actual time=898.222..2462.796 rows=33 loops=1)
        ->  Nested Loop  (cost=8199.02..121229.42 rows=1 width=21) (actual time=898.212..2462.685 rows=33 loops=1)
              ->  Nested Loop  (cost=8198.59..121175.60 rows=117 width=25) (actual time=445.178..1708.552 rows=532809 loops=1)
                    Join Filter: (t.id = ci.movie_id)
                    ->  Hash Join  (cost=8198.03..121154.08 rows=11 width=29) (actual time=445.162..1203.979 rows=6016 loops=1)
                          Hash Cond: (mk.keyword_id = k.id)
                          ->  Nested Loop  (cost=4565.53..115177.52 rows=185669 width=33) (actual time=419.017..1117.658 rows=978322 loops=1)
                                ->  Hash Join  (cost=4565.09..96950.05 rows=10509 width=25) (actual time=418.999..782.117 rows=28583 loops=1)
                                      Hash Cond: (cc.status_id = cct2.id)
                                      ->  Hash Join  (cost=4564.02..96651.54 rows=28583 width=29) (actual time=418.980..777.114 rows=28583 loops=1)
                                            Hash Cond: (t.kind_id = kt.id)
                                            ->  Hash Join  (cost=4562.92..95815.01 rows=73560 width=33) (actual time=41.283..769.052 rows=73560 loops=1)
                                                  Hash Cond: (t.id = cc.movie_id)
                                                  ->  Seq Scan on title t  (cost=0.00..67601.90 rows=2287271 width=25) (actual time=0.006..343.086 rows=2287271 loops=1)
                                                        Filter: (production_year > 1950)
                                                        Rows Removed by Filter: 241041
                                                  ->  Hash  (cost=3488.66..3488.66 rows=85941 width=8) (actual time=41.127..41.127 rows=85941 loops=1)
                                                        Buckets: 131072  Batches: 1  Memory Usage: 4382kB
                                                        ->  Hash Join  (cost=1.06..3488.66 rows=85941 width=8) (actual time=0.014..29.537 rows=85941 loops=1)
                                                              Hash Cond: (cc.subject_id = cct1.id)
                                                              ->  Seq Scan on complete_cast cc  (cost=0.00..2081.86 rows=135086 width=12) (actual time=0.006..9.306 rows=135086 loops=1)
                                                              ->  Hash  (cost=1.05..1.05 rows=1 width=4) (actual time=0.003..0.003 rows=1 loops=1)
                                                                    Buckets: 1024  Batches: 1  Memory Usage: 9kB
                                                                    ->  Seq Scan on comp_cast_type cct1  (cost=0.00..1.05 rows=1 width=4) (actual time=0.001..0.002 rows=1 loops=1)
                                                                          Filter: ((kind)::text = 'cast'::text)
                                                                          Rows Removed by Filter: 3
                                            ->  Hash  (cost=1.09..1.09 rows=1 width=4) (actual time=0.006..0.006 rows=1 loops=1)
                                                  Buckets: 1024  Batches: 1  Memory Usage: 9kB
                                                  ->  Seq Scan on kind_type kt  (cost=0.00..1.09 rows=1 width=4) (actual time=0.005..0.005 rows=1 loops=1)
                                                        Filter: ((kind)::text = 'movie'::text)
                                                        Rows Removed by Filter: 6
                                      ->  Hash  (cost=1.05..1.05 rows=2 width=4) (actual time=0.010..0.010 rows=2 loops=1)
                                            Buckets: 1024  Batches: 1  Memory Usage: 9kB
                                            ->  Seq Scan on comp_cast_type cct2  (cost=0.00..1.05 rows=2 width=4) (actual time=0.008..0.008 rows=2 loops=1)
                                                  Filter: ((kind)::text ~~ '%complete%'::text)
                                                  Rows Removed by Filter: 2
                                ->  Index Scan using movie_id_movie_keyword on movie_keyword mk  (cost=0.43..1.28 rows=45 width=8) (actual time=0.003..0.008 rows=34 loops=28583)
                                      Index Cond: (movie_id = t.id)
                          ->  Hash  (cost=3632.40..3632.40 rows=8 width=4) (actual time=22.995..22.995 rows=8 loops=1)
                                Buckets: 1024  Batches: 1  Memory Usage: 9kB
                                ->  Seq Scan on keyword k  (cost=0.00..3632.40 rows=8 width=4) (actual time=0.096..22.992 rows=8 loops=1)
                                      Filter: (keyword = ANY ('{superhero,sequel,second-part,marvel-comics,based-on-comic,tv-special,fight,violence}'::text[]))
                                      Rows Removed by Filter: 134162
                    ->  Index Scan using movie_id_cast_info on cast_info ci  (cost=0.56..1.51 rows=36 width=12) (actual time=0.005..0.070 rows=89 loops=6016)
                          Index Cond: (movie_id = mk.movie_id)
              ->  Index Scan using char_name_pkey on char_name chn  (cost=0.43..0.46 rows=1 width=4) (actual time=0.001..0.001 rows=0 loops=532809)
                    Index Cond: (id = ci.person_role_id)
                    Filter: ((name !~~ '%Sherlock%'::text) AND ((name ~~ '%Tony%Stark%'::text) OR (name ~~ '%Iron%Man%'::text)))
                    Rows Removed by Filter: 0
        ->  Index Only Scan using name_pkey on name n  (cost=0.43..0.45 rows=1 width=4) (actual time=0.003..0.003 rows=1 loops=33)
              Index Cond: (id = ci.person_id)
              Heap Fetches: 33
Planning time: 7.572 ms
Execution time: 2462.918 ms
