Aggregate  (cost=110065.30..110065.31 rows=1 width=32) (actual time=516.171..516.172 rows=1 loops=1)
  ->  Nested Loop  (cost=3.09..110065.30 rows=1 width=17) (actual time=54.241..516.158 rows=17 loops=1)
        ->  Nested Loop  (cost=2.67..110020.43 rows=100 width=21) (actual time=54.183..514.609 rows=698 loops=1)
              ->  Nested Loop  (cost=2.24..110013.32 rows=4 width=29) (actual time=54.170..514.382 rows=4 loops=1)
                    ->  Nested Loop  (cost=2.10..110012.70 rows=4 width=33) (actual time=54.166..514.374 rows=4 loops=1)
                          ->  Nested Loop  (cost=1.67..110010.88 rows=4 width=8) (actual time=54.157..514.351 rows=4 loops=1)
                                ->  Nested Loop  (cost=1.54..110010.28 rows=4 width=12) (actual time=54.153..514.343 rows=4 loops=1)
                                      ->  Nested Loop  (cost=1.41..110009.67 rows=4 width=16) (actual time=54.148..514.334 rows=4 loops=1)
                                            ->  Nested Loop  (cost=0.99..110002.07 rows=16 width=4) (actual time=54.139..514.288 rows=16 loops=1)
                                                  ->  Nested Loop  (cost=0.56..109778.52 rows=486 width=8) (actual time=53.825..513.364 rows=486 loops=1)
                                                        ->  Seq Scan on name n  (cost=0.00..107706.64 rows=2 width=4) (actual time=53.806..513.187 rows=2 loops=1)
                                                              Filter: (name ~~ '%Downey%Robert%'::text)
                                                              Rows Removed by Filter: 4167489
                                                        ->  Index Scan using person_id_cast_info on cast_info ci  (cost=0.56..1030.97 rows=497 width=12) (actual time=0.012..0.056 rows=243 loops=2)
                                                              Index Cond: (person_id = n.id)
                                                  ->  Index Scan using char_name_pkey on char_name chn  (cost=0.43..0.46 rows=1 width=4) (actual time=0.002..0.002 rows=0 loops=486)
                                                        Index Cond: (id = ci.person_role_id)
                                                        Filter: ((name !~~ '%Sherlock%'::text) AND ((name ~~ '%Tony%Stark%'::text) OR (name ~~ '%Iron%Man%'::text)))
                                                        Rows Removed by Filter: 1
                                            ->  Index Scan using movie_id_complete_cast on complete_cast cc  (cost=0.42..0.46 rows=2 width=12) (actual time=0.003..0.003 rows=0 loops=16)
                                                  Index Cond: (movie_id = ci.movie_id)
                                      ->  Index Scan using comp_cast_type_pkey on comp_cast_type cct1  (cost=0.13..0.15 rows=1 width=4) (actual time=0.002..0.002 rows=1 loops=4)
                                            Index Cond: (id = cc.subject_id)
                                            Filter: ((kind)::text = 'cast'::text)
                                ->  Index Scan using comp_cast_type_pkey on comp_cast_type cct2  (cost=0.13..0.15 rows=1 width=4) (actual time=0.001..0.001 rows=1 loops=4)
                                      Index Cond: (id = cc.status_id)
                                      Filter: ((kind)::text ~~ '%complete%'::text)
                          ->  Index Scan using title_pkey on title t  (cost=0.43..0.45 rows=1 width=25) (actual time=0.005..0.005 rows=1 loops=4)
                                Index Cond: (id = ci.movie_id)
                                Filter: (production_year > 2000)
                    ->  Index Scan using kind_type_pkey on kind_type kt  (cost=0.13..0.15 rows=1 width=4) (actual time=0.001..0.001 rows=1 loops=4)
                          Index Cond: (id = t.kind_id)
                          Filter: ((kind)::text = 'movie'::text)
              ->  Index Scan using movie_id_movie_keyword on movie_keyword mk  (cost=0.43..1.33 rows=45 width=8) (actual time=0.007..0.036 rows=174 loops=4)
                    Index Cond: (movie_id = t.id)
        ->  Index Scan using keyword_pkey on keyword k  (cost=0.42..0.45 rows=1 width=4) (actual time=0.002..0.002 rows=0 loops=698)
              Index Cond: (id = mk.keyword_id)
              Filter: (keyword = ANY ('{superhero,sequel,second-part,marvel-comics,based-on-comic,tv-special,fight,violence}'::text[]))
              Rows Removed by Filter: 1
Planning time: 7.599 ms
Execution time: 516.259 ms
