Aggregate  (cost=97789.78..97789.79 rows=1 width=32) (actual time=1645.340..1645.340 rows=1 loops=1)
  ->  Nested Loop  (cost=8199.45..97789.78 rows=1 width=17) (actual time=768.940..1645.317 rows=17 loops=1)
        ->  Nested Loop  (cost=8199.02..97789.32 rows=1 width=21) (actual time=486.660..1645.164 rows=27 loops=1)
              ->  Hash Join  (cost=8198.59..97760.02 rows=64 width=25) (actual time=416.668..989.778 rows=222518 loops=1)
                    Hash Cond: (cc.status_id = cct2.id)
                    ->  Nested Loop  (cost=8197.52..97758.21 rows=71 width=29) (actual time=416.652..952.102 rows=222518 loops=1)
                          Join Filter: (t.id = ci.movie_id)
                          ->  Hash Join  (cost=8196.95..97744.52 rows=7 width=33) (actual time=416.638..744.640 rows=1472 loops=1)
                                Hash Cond: (mk.keyword_id = k.id)
                                ->  Nested Loop  (cost=4564.45..92696.27 rows=112139 width=37) (actual time=392.366..700.616 rows=294672 loops=1)
                                      ->  Hash Join  (cost=4564.02..86717.57 rows=3365 width=29) (actual time=392.347..607.540 rows=4696 loops=1)
                                            Hash Cond: (t.kind_id = kt.id)
                                            ->  Hash Join  (cost=4562.92..86448.93 rows=23557 width=33) (actual time=41.752..605.304 rows=23557 loops=1)
                                                  Hash Cond: (t.id = cc.movie_id)
                                                  ->  Seq Scan on title t  (cost=0.00..67601.90 rows=1381453 width=25) (actual time=0.015..318.996 rows=1381453 loops=1)
                                                        Filter: (production_year > 2000)
                                                        Rows Removed by Filter: 1146859
                                                  ->  Hash  (cost=3488.66..3488.66 rows=85941 width=8) (actual time=41.577..41.577 rows=85941 loops=1)
                                                        Buckets: 131072  Batches: 1  Memory Usage: 4382kB
                                                        ->  Hash Join  (cost=1.06..3488.66 rows=85941 width=8) (actual time=0.018..29.783 rows=85941 loops=1)
                                                              Hash Cond: (cc.subject_id = cct1.id)
                                                              ->  Seq Scan on complete_cast cc  (cost=0.00..2081.86 rows=135086 width=12) (actual time=0.006..9.434 rows=135086 loops=1)
                                                              ->  Hash  (cost=1.05..1.05 rows=1 width=4) (actual time=0.006..0.006 rows=1 loops=1)
                                                                    Buckets: 1024  Batches: 1  Memory Usage: 9kB
                                                                    ->  Seq Scan on comp_cast_type cct1  (cost=0.00..1.05 rows=1 width=4) (actual time=0.004..0.005 rows=1 loops=1)
                                                                          Filter: ((kind)::text = 'cast'::text)
                                                                          Rows Removed by Filter: 3
                                            ->  Hash  (cost=1.09..1.09 rows=1 width=4) (actual time=0.009..0.009 rows=1 loops=1)
                                                  Buckets: 1024  Batches: 1  Memory Usage: 9kB
                                                  ->  Seq Scan on kind_type kt  (cost=0.00..1.09 rows=1 width=4) (actual time=0.007..0.008 rows=1 loops=1)
                                                        Filter: ((kind)::text = 'movie'::text)
                                                        Rows Removed by Filter: 6
                                      ->  Index Scan using movie_id_movie_keyword on movie_keyword mk  (cost=0.43..1.33 rows=45 width=8) (actual time=0.004..0.013 rows=63 loops=4696)
                                            Index Cond: (movie_id = t.id)
                                ->  Hash  (cost=3632.40..3632.40 rows=8 width=4) (actual time=24.174..24.174 rows=8 loops=1)
                                      Buckets: 1024  Batches: 1  Memory Usage: 9kB
                                      ->  Seq Scan on keyword k  (cost=0.00..3632.40 rows=8 width=4) (actual time=0.091..24.171 rows=8 loops=1)
                                            Filter: (keyword = ANY ('{superhero,sequel,second-part,marvel-comics,based-on-comic,tv-special,fight,violence}'::text[]))
                                            Rows Removed by Filter: 134162
                          ->  Index Scan using movie_id_cast_info on cast_info ci  (cost=0.56..1.51 rows=36 width=12) (actual time=0.006..0.115 rows=151 loops=1472)
                                Index Cond: (movie_id = mk.movie_id)
                    ->  Hash  (cost=1.05..1.05 rows=2 width=4) (actual time=0.011..0.011 rows=2 loops=1)
                          Buckets: 1024  Batches: 1  Memory Usage: 9kB
                          ->  Seq Scan on comp_cast_type cct2  (cost=0.00..1.05 rows=2 width=4) (actual time=0.008..0.009 rows=2 loops=1)
                                Filter: ((kind)::text ~~ '%complete%'::text)
                                Rows Removed by Filter: 2
              ->  Index Scan using name_pkey on name n  (cost=0.43..0.46 rows=1 width=4) (actual time=0.003..0.003 rows=0 loops=222518)
                    Index Cond: (id = ci.person_id)
                    Filter: (name ~~ '%Downey%Robert%'::text)
                    Rows Removed by Filter: 1
        ->  Index Scan using char_name_pkey on char_name chn  (cost=0.43..0.46 rows=1 width=4) (actual time=0.005..0.005 rows=1 loops=27)
              Index Cond: (id = ci.person_role_id)
              Filter: ((name !~~ '%Sherlock%'::text) AND ((name ~~ '%Tony%Stark%'::text) OR (name ~~ '%Iron%Man%'::text)))
              Rows Removed by Filter: 0
Planning time: 7.551 ms
Execution time: 1645.438 ms
