Aggregate  (cost=90503.62..90503.63 rows=1 width=64) (actual time=815.207..815.207 rows=1 loops=1)
  ->  Nested Loop  (cost=3973.47..90503.61 rows=1 width=32) (actual time=27.912..813.510 rows=5406 loops=1)
        ->  Nested Loop  (cost=3973.04..90503.16 rows=1 width=21) (actual time=27.903..793.380 rows=5406 loops=1)
              ->  Nested Loop  (cost=3972.61..90484.86 rows=40 width=25) (actual time=26.848..552.509 rows=189844 loops=1)
                    Join Filter: (t.id = ci.movie_id)
                    ->  Hash Join  (cost=3972.05..90463.34 rows=11 width=29) (actual time=26.830..374.374 rows=1267 loops=1)
                          Hash Cond: (mk.keyword_id = k.id)
                          ->  Nested Loop  (cost=4.10..84574.33 rows=152164 width=33) (actual time=0.069..326.752 rows=294672 loops=1)
                                ->  Hash Join  (cost=3.67..78615.17 rows=3354 width=25) (actual time=0.059..235.210 rows=4696 loops=1)
                                      Hash Cond: (t.kind_id = kt.id)
                                      ->  Nested Loop  (cost=2.57..78347.42 rows=23479 width=29) (actual time=0.047..232.839 rows=23557 loops=1)
                                            ->  Hash Join  (cost=2.14..4384.06 rows=42970 width=4) (actual time=0.018..47.308 rows=85941 loops=1)
                                                  Hash Cond: (cc.status_id = cct2.id)
                                                  ->  Hash Join  (cost=1.06..3488.66 rows=85941 width=8) (actual time=0.011..32.943 rows=85941 loops=1)
                                                        Hash Cond: (cc.subject_id = cct1.id)
                                                        ->  Seq Scan on complete_cast cc  (cost=0.00..2081.86 rows=135086 width=12) (actual time=0.005..10.779 rows=135086 loops=1)
                                                        ->  Hash  (cost=1.05..1.05 rows=1 width=4) (actual time=0.002..0.002 rows=1 loops=1)
                                                              Buckets: 1024  Batches: 1  Memory Usage: 9kB
                                                              ->  Seq Scan on comp_cast_type cct1  (cost=0.00..1.05 rows=1 width=4) (actual time=0.001..0.002 rows=1 loops=1)
                                                                    Filter: ((kind)::text = 'cast'::text)
                                                                    Rows Removed by Filter: 3
                                                  ->  Hash  (cost=1.05..1.05 rows=2 width=4) (actual time=0.004..0.004 rows=2 loops=1)
                                                        Buckets: 1024  Batches: 1  Memory Usage: 9kB
                                                        ->  Seq Scan on comp_cast_type cct2  (cost=0.00..1.05 rows=2 width=4) (actual time=0.003..0.004 rows=2 loops=1)
                                                              Filter: ((kind)::text ~~ '%complete%'::text)
                                                              Rows Removed by Filter: 2
                                            ->  Index Scan using title_pkey on title t  (cost=0.43..1.72 rows=1 width=25) (actual time=0.002..0.002 rows=0 loops=85941)
                                                  Index Cond: (id = cc.movie_id)
                                                  Filter: (production_year > 2000)
                                                  Rows Removed by Filter: 1
                                      ->  Hash  (cost=1.09..1.09 rows=1 width=4) (actual time=0.009..0.009 rows=1 loops=1)
                                            Buckets: 1024  Batches: 1  Memory Usage: 9kB
                                            ->  Seq Scan on kind_type kt  (cost=0.00..1.09 rows=1 width=4) (actual time=0.006..0.007 rows=1 loops=1)
                                                  Filter: ((kind)::text = 'movie'::text)
                                                  Rows Removed by Filter: 6
                                ->  Index Scan using movie_id_movie_keyword on movie_keyword mk  (cost=0.43..1.33 rows=45 width=8) (actual time=0.004..0.012 rows=63 loops=4696)
                                      Index Cond: (movie_id = t.id)
                          ->  Hash  (cost=3967.82..3967.82 rows=10 width=4) (actual time=26.714..26.714 rows=10 loops=1)
                                Buckets: 1024  Batches: 1  Memory Usage: 9kB
                                ->  Seq Scan on keyword k  (cost=0.00..3967.82 rows=10 width=4) (actual time=0.101..26.712 rows=10 loops=1)
                                      Filter: (keyword = ANY ('{superhero,marvel-comics,based-on-comic,tv-special,fight,violence,magnet,web,claw,laser}'::text[]))
                                      Rows Removed by Filter: 134160
                    ->  Index Scan using movie_id_cast_info on cast_info ci  (cost=0.56..1.51 rows=36 width=12) (actual time=0.005..0.115 rows=150 loops=1267)
                          Index Cond: (movie_id = mk.movie_id)
              ->  Index Scan using char_name_pkey on char_name chn  (cost=0.43..0.46 rows=1 width=4) (actual time=0.001..0.001 rows=0 loops=189844)
                    Index Cond: (id = ci.person_role_id)
                    Filter: ((name IS NOT NULL) AND ((name ~~ '%man%'::text) OR (name ~~ '%Man%'::text)))
                    Rows Removed by Filter: 0
        ->  Index Scan using name_pkey on name n  (cost=0.43..0.45 rows=1 width=19) (actual time=0.003..0.003 rows=1 loops=5406)
              Index Cond: (id = ci.person_id)
Planning time: 7.444 ms
Execution time: 815.288 ms
