Aggregate  (cost=9794.10..9794.11 rows=1 width=96) (actual time=46.919..46.920 rows=1 loops=1)
  ->  Nested Loop  (cost=3586.98..9794.09 rows=1 width=48) (actual time=18.409..46.479 rows=1410 loops=1)
        Join Filter: (ml.movie_id = t.id)
        ->  Nested Loop  (cost=3586.55..9793.59 rows=1 width=47) (actual time=18.390..43.929 rows=1816 loops=1)
              Join Filter: (ml.movie_id = mi.movie_id)
              ->  Nested Loop  (cost=3586.12..9791.81 rows=1 width=43) (actual time=18.377..40.140 rows=402 loops=1)
                    ->  Hash Join  (cost=3585.70..9790.44 rows=3 width=28) (actual time=14.666..38.498 rows=962 loops=1)
                          Hash Cond: (mc.company_type_id = ct.id)
                          ->  Nested Loop  (cost=3584.63..9779.98 rows=903 width=32) (actual time=14.654..38.297 rows=1021 loops=1)
                                Join Filter: (ml.movie_id = mc.movie_id)
                                ->  Hash Join  (cost=3584.20..9577.12 rows=351 width=20) (actual time=14.641..37.503 rows=199 loops=1)
                                      Hash Cond: (mk.keyword_id = k.id)
                                      ->  Merge Join  (cost=958.07..5629.85 rows=104645 width=24) (actual time=5.488..27.408 rows=17543 loops=1)
                                            Merge Cond: (mk.movie_id = ml.movie_id)
                                            ->  Index Scan using movie_id_movie_keyword on movie_keyword mk  (cost=0.43..141990.43 rows=4523930 width=8) (actual time=0.006..12.475 rows=97855 loops=1)
                                            ->  Sort  (cost=957.52..963.31 rows=2315 width=16) (actual time=5.460..6.307 rows=18063 loops=1)
                                                  Sort Key: ml.movie_id
                                                  Sort Method: quicksort  Memory: 205kB
                                                  ->  Hash Join  (cost=1.25..828.15 rows=2315 width=16) (actual time=0.021..5.025 rows=2315 loops=1)
                                                        Hash Cond: (ml.link_type_id = lt.id)
                                                        ->  Seq Scan on movie_link ml  (cost=0.00..462.97 rows=29997 width=8) (actual time=0.005..2.217 rows=29997 loops=1)
                                                        ->  Hash  (cost=1.23..1.23 rows=2 width=16) (actual time=0.007..0.007 rows=2 loops=1)
                                                              Buckets: 1024  Batches: 1  Memory Usage: 9kB
                                                              ->  Seq Scan on link_type lt  (cost=0.00..1.23 rows=2 width=16) (actual time=0.003..0.006 rows=2 loops=1)
                                                                    Filter: ((link)::text ~~ '%follow%'::text)
                                                                    Rows Removed by Filter: 16
                                      ->  Hash  (cost=2626.12..2626.12 rows=1 width=4) (actual time=8.882..8.882 rows=1 loops=1)
                                            Buckets: 1024  Batches: 1  Memory Usage: 9kB
                                            ->  Seq Scan on keyword k  (cost=0.00..2626.12 rows=1 width=4) (actual time=0.544..8.881 rows=1 loops=1)
                                                  Filter: (keyword = 'sequel'::text)
                                                  Rows Removed by Filter: 134169
                                ->  Index Scan using movie_id_movie_companies on movie_companies mc  (cost=0.43..0.54 rows=3 width=12) (actual time=0.002..0.003 rows=5 loops=199)
                                      Index Cond: (movie_id = mk.movie_id)
                                      Filter: (note IS NULL)
                                      Rows Removed by Filter: 2
                          ->  Hash  (cost=1.05..1.05 rows=1 width=4) (actual time=0.008..0.008 rows=1 loops=1)
                                Buckets: 1024  Batches: 1  Memory Usage: 9kB
                                ->  Seq Scan on company_type ct  (cost=0.00..1.05 rows=1 width=4) (actual time=0.006..0.006 rows=1 loops=1)
                                      Filter: ((kind)::text = 'production companies'::text)
                                      Rows Removed by Filter: 3
                    ->  Index Scan using company_name_pkey on company_name cn  (cost=0.42..0.46 rows=1 width=23) (actual time=0.001..0.001 rows=0 loops=962)
                          Index Cond: (id = mc.company_id)
                          Filter: (((country_code)::text <> '[pl]'::text) AND ((name ~~ '%Film%'::text) OR (name ~~ '%Warner%'::text)))
                          Rows Removed by Filter: 1
              ->  Index Scan using movie_id_movie_info on movie_info mi  (cost=0.43..1.77 rows=1 width=4) (actual time=0.007..0.009 rows=5 loops=402)
                    Index Cond: (movie_id = mk.movie_id)
                    Filter: (info = ANY ('{Sweden,Norway,Germany,Denmark,Swedish,Denish,Norwegian,German}'::text[]))
                    Rows Removed by Filter: 16
        ->  Index Scan using title_pkey on title t  (cost=0.43..0.49 rows=1 width=21) (actual time=0.001..0.001 rows=1 loops=1816)
              Index Cond: (id = mk.movie_id)
              Filter: ((production_year >= 1950) AND (production_year <= 2000))
              Rows Removed by Filter: 0
Planning time: 7.434 ms
Execution time: 46.997 ms
