Aggregate  (cost=7693.52..7693.53 rows=1 width=96) (actual time=91.252..91.253 rows=1 loops=1)
  ->  Nested Loop  (cost=920.91..7693.51 rows=1 width=48) (actual time=11.291..90.786 rows=1410 loops=1)
        ->  Nested Loop  (cost=920.49..7130.12 rows=1277 width=52) (actual time=9.106..59.463 rows=23862 loops=1)
              Join Filter: (ml.movie_id = mk.movie_id)
              ->  Nested Loop  (cost=920.06..7069.39 rows=32 width=64) (actual time=9.100..50.052 rows=2462 loops=1)
                    Join Filter: (ml.movie_id = mi.movie_id)
                    ->  Nested Loop  (cost=919.63..6836.76 rows=104 width=60) (actual time=9.088..43.909 rows=698 loops=1)
                          Join Filter: (ml.movie_id = t.id)
                          ->  Nested Loop  (cost=919.20..6663.55 rows=289 width=39) (actual time=6.145..42.007 rows=1152 loops=1)
                                ->  Hash Join  (cost=918.78..6104.00 rows=1226 width=24) (actual time=5.522..34.698 rows=4393 loops=1)
                                      Hash Cond: (mc.company_type_id = ct.id)
                                      ->  Merge Join  (cost=917.71..6051.92 rows=4903 width=28) (actual time=5.509..33.811 rows=5069 loops=1)
                                            Merge Cond: (mc.movie_id = ml.movie_id)
                                            ->  Index Scan using movie_id_movie_companies on movie_companies mc  (cost=0.43..131253.73 rows=1278212 width=12) (actual time=0.009..24.454 rows=49142 loops=1)
                                                  Filter: (note IS NULL)
                                                  Rows Removed by Filter: 50735
                                            ->  Sort  (cost=917.28..921.45 rows=1666 width=16) (actual time=5.445..5.723 rows=5369 loops=1)
                                                  Sort Key: ml.movie_id
                                                  Sort Method: quicksort  Memory: 205kB
                                                  ->  Hash Join  (cost=1.24..828.13 rows=1666 width=16) (actual time=0.020..5.016 rows=2315 loops=1)
                                                        Hash Cond: (ml.link_type_id = lt.id)
                                                        ->  Seq Scan on movie_link ml  (cost=0.00..462.97 rows=29997 width=8) (actual time=0.005..2.182 rows=29997 loops=1)
                                                        ->  Hash  (cost=1.23..1.23 rows=1 width=16) (actual time=0.006..0.006 rows=2 loops=1)
                                                              Buckets: 1024  Batches: 1  Memory Usage: 9kB
                                                              ->  Seq Scan on link_type lt  (cost=0.00..1.23 rows=1 width=16) (actual time=0.003..0.005 rows=2 loops=1)
                                                                    Filter: ((link)::text ~~ '%follow%'::text)
                                                                    Rows Removed by Filter: 16
                                      ->  Hash  (cost=1.05..1.05 rows=1 width=4) (actual time=0.008..0.008 rows=1 loops=1)
                                            Buckets: 1024  Batches: 1  Memory Usage: 9kB
                                            ->  Seq Scan on company_type ct  (cost=0.00..1.05 rows=1 width=4) (actual time=0.006..0.007 rows=1 loops=1)
                                                  Filter: ((kind)::text = 'production companies'::text)
                                                  Rows Removed by Filter: 3
                                ->  Index Scan using company_name_pkey on company_name cn  (cost=0.42..0.46 rows=1 width=23) (actual time=0.001..0.001 rows=0 loops=4393)
                                      Index Cond: (id = mc.company_id)
                                      Filter: (((country_code)::text <> '[pl]'::text) AND ((name ~~ '%Film%'::text) OR (name ~~ '%Warner%'::text)))
                                      Rows Removed by Filter: 1
                          ->  Index Scan using title_pkey on title t  (cost=0.43..0.59 rows=1 width=21) (actual time=0.001..0.001 rows=1 loops=1152)
                                Index Cond: (id = mc.movie_id)
                                Filter: ((production_year >= 1950) AND (production_year <= 2000))
                                Rows Removed by Filter: 0
                    ->  Index Scan using movie_id_movie_info on movie_info mi  (cost=0.43..2.22 rows=1 width=4) (actual time=0.007..0.008 rows=4 loops=698)
                          Index Cond: (movie_id = mc.movie_id)
                          Filter: (info = ANY ('{Sweden,Norway,Germany,Denmark,Swedish,Denish,Norwegian,German}'::text[]))
                          Rows Removed by Filter: 15
              ->  Index Scan using movie_id_movie_keyword on movie_keyword mk  (cost=0.43..1.34 rows=45 width=8) (actual time=0.001..0.002 rows=10 loops=2462)
                    Index Cond: (movie_id = mc.movie_id)
        ->  Index Scan using keyword_pkey on keyword k  (cost=0.42..0.44 rows=1 width=4) (actual time=0.001..0.001 rows=0 loops=23862)
              Index Cond: (id = mk.keyword_id)
              Filter: (keyword = 'sequel'::text)
              Rows Removed by Filter: 1
Planning time: 7.612 ms
Execution time: 91.332 ms
