Aggregate  (cost=8730.30..8730.31 rows=1 width=96) (actual time=44.795..44.795 rows=1 loops=1)
  ->  Nested Loop  (cost=3586.98..8730.29 rows=1 width=48) (actual time=18.529..44.373 rows=1410 loops=1)
        Join Filter: (ml.movie_id = mi.movie_id)
        ->  Nested Loop  (cost=3586.55..8682.19 rows=27 width=64) (actual time=18.515..41.688 rows=310 loops=1)
              ->  Nested Loop  (cost=3586.13..8663.02 rows=42 width=49) (actual time=15.161..40.536 rows=664 loops=1)
                    Join Filter: (ml.movie_id = t.id)
                    ->  Hash Join  (cost=3585.70..8604.17 rows=117 width=28) (actual time=14.788..39.068 rows=962 loops=1)
                          Hash Cond: (mc.company_type_id = ct.id)
                          ->  Nested Loop  (cost=3584.63..8592.48 rows=1021 width=32) (actual time=14.777..38.861 rows=1021 loops=1)
                                Join Filter: (ml.movie_id = mc.movie_id)
                                ->  Hash Join  (cost=3584.20..8477.47 rows=199 width=20) (actual time=14.765..38.050 rows=199 loops=1)
                                      Hash Cond: (mk.keyword_id = k.id)
                                      ->  Merge Join  (cost=958.07..5629.85 rows=17543 width=24) (actual time=5.457..27.829 rows=17543 loops=1)
                                            Merge Cond: (mk.movie_id = ml.movie_id)
                                            ->  Index Scan using movie_id_movie_keyword on movie_keyword mk  (cost=0.43..141990.43 rows=4523930 width=8) (actual time=0.006..12.796 rows=97855 loops=1)
                                            ->  Sort  (cost=957.52..963.31 rows=2315 width=16) (actual time=5.431..6.275 rows=18063 loops=1)
                                                  Sort Key: ml.movie_id
                                                  Sort Method: quicksort  Memory: 205kB
                                                  ->  Hash Join  (cost=1.25..828.15 rows=2315 width=16) (actual time=0.020..5.006 rows=2315 loops=1)
                                                        Hash Cond: (ml.link_type_id = lt.id)
                                                        ->  Seq Scan on movie_link ml  (cost=0.00..462.97 rows=29997 width=8) (actual time=0.005..2.177 rows=29997 loops=1)
                                                        ->  Hash  (cost=1.23..1.23 rows=2 width=16) (actual time=0.007..0.007 rows=2 loops=1)
                                                              Buckets: 1024  Batches: 1  Memory Usage: 9kB
                                                              ->  Seq Scan on link_type lt  (cost=0.00..1.23 rows=2 width=16) (actual time=0.003..0.005 rows=2 loops=1)
                                                                    Filter: ((link)::text ~~ '%follow%'::text)
                                                                    Rows Removed by Filter: 16
                                      ->  Hash  (cost=2626.12..2626.12 rows=1 width=4) (actual time=9.047..9.047 rows=1 loops=1)
                                            Buckets: 1024  Batches: 1  Memory Usage: 9kB
                                            ->  Seq Scan on keyword k  (cost=0.00..2626.12 rows=1 width=4) (actual time=0.557..9.046 rows=1 loops=1)
                                                  Filter: (keyword = 'sequel'::text)
                                                  Rows Removed by Filter: 134169
                                ->  Index Scan using movie_id_movie_companies on movie_companies mc  (cost=0.43..0.54 rows=3 width=12) (actual time=0.002..0.003 rows=5 loops=199)
                                      Index Cond: (movie_id = mk.movie_id)
                                      Filter: (note IS NULL)
                                      Rows Removed by Filter: 2
                          ->  Hash  (cost=1.05..1.05 rows=1 width=4) (actual time=0.008..0.008 rows=1 loops=1)
                                Buckets: 1024  Batches: 1  Memory Usage: 9kB
                                ->  Seq Scan on company_type ct  (cost=0.00..1.05 rows=1 width=4) (actual time=0.006..0.006 rows=1 loops=1)
                                      Filter: ((kind)::text = 'production companies'::text)
                                      Rows Removed by Filter: 3
                    ->  Index Scan using title_pkey on title t  (cost=0.43..0.49 rows=1 width=21) (actual time=0.001..0.001 rows=1 loops=962)
                          Index Cond: (id = mk.movie_id)
                          Filter: ((production_year >= 1950) AND (production_year <= 2000))
                          Rows Removed by Filter: 0
              ->  Index Scan using company_name_pkey on company_name cn  (cost=0.42..0.46 rows=1 width=23) (actual time=0.002..0.002 rows=0 loops=664)
                    Index Cond: (id = mc.company_id)
                    Filter: (((country_code)::text <> '[pl]'::text) AND ((name ~~ '%Film%'::text) OR (name ~~ '%Warner%'::text)))
                    Rows Removed by Filter: 1
        ->  Index Scan using movie_id_movie_info on movie_info mi  (cost=0.43..1.77 rows=1 width=4) (actual time=0.006..0.008 rows=5 loops=310)
              Index Cond: (movie_id = mk.movie_id)
              Filter: (info = ANY ('{Sweden,Norway,Germany,Denmark,Swedish,Denish,Norwegian,German}'::text[]))
              Rows Removed by Filter: 13
Planning time: 7.432 ms
Execution time: 44.869 ms
