Aggregate  (cost=151140.70..151140.71 rows=1 width=96) (actual time=892.441..892.441 rows=1 loops=1)
  ->  Nested Loop  (cost=2968.50..151140.70 rows=1 width=41) (actual time=36.186..891.418 rows=2851 loops=1)
        ->  Nested Loop  (cost=2968.36..151140.51 rows=1 width=45) (actual time=36.175..888.352 rows=3042 loops=1)
              Join Filter: (t.id = mi.movie_id)
              ->  Nested Loop  (cost=2967.92..151137.35 rows=2 width=57) (actual time=34.320..778.544 rows=2958 loops=1)
                    ->  Hash Join  (cost=2967.50..151132.95 rows=9 width=42) (actual time=34.305..770.049 rows=3374 loops=1)
                          Hash Cond: (mc.company_type_id = ct.id)
                          ->  Nested Loop  (cost=2966.41..151090.85 rows=3942 width=46) (actual time=34.288..769.246 rows=3374 loops=1)
                                Join Filter: (t.id = mc.movie_id)
                                ->  Hash Join  (cost=2965.98..150631.38 rows=795 width=34) (actual time=24.826..752.527 rows=2378 loops=1)
                                      Hash Cond: (mi_idx.info_type_id = it2.id)
                                      ->  Nested Loop  (cost=2963.56..150519.82 rows=8699 width=38) (actual time=17.264..751.487 rows=8699 loops=1)
                                            Join Filter: (t.id = mi_idx.movie_id)
                                            ->  Hash Join  (cost=2963.13..147932.94 rows=4832 width=25) (actual time=17.250..737.307 rows=4832 loops=1)
                                                  Hash Cond: (t.kind_id = kt.id)
                                                  ->  Nested Loop  (cost=2962.02..147868.16 rows=5606 width=29) (actual time=17.226..736.243 rows=5606 loops=1)
                                                        ->  Hash Join  (cost=2961.59..129769.20 rows=37091 width=4) (actual time=16.286..659.218 rows=37091 loops=1)
                                                              Hash Cond: (mk.keyword_id = k.id)
                                                              ->  Seq Scan on movie_keyword mk  (cost=0.00..69693.30 rows=4523930 width=8) (actual time=0.005..299.276 rows=4523930 loops=1)
                                                              ->  Hash  (cost=2961.55..2961.55 rows=3 width=4) (actual time=16.238..16.238 rows=3 loops=1)
                                                                    Buckets: 1024  Batches: 1  Memory Usage: 9kB
                                                                    ->  Seq Scan on keyword k  (cost=0.00..2961.55 rows=3 width=4) (actual time=0.794..16.235 rows=3 loops=1)
                                                                          Filter: (keyword = ANY ('{murder,murder-in-title,blood,violence}'::text[]))
                                                                          Rows Removed by Filter: 134167
                                                        ->  Index Scan using title_pkey on title t  (cost=0.43..0.49 rows=1 width=25) (actual time=0.002..0.002 rows=0 loops=37091)
                                                              Index Cond: (id = mk.movie_id)
                                                              Filter: (production_year > 2008)
                                                              Rows Removed by Filter: 1
                                                  ->  Hash  (cost=1.09..1.09 rows=2 width=4) (actual time=0.011..0.011 rows=2 loops=1)
                                                        Buckets: 1024  Batches: 1  Memory Usage: 9kB
                                                        ->  Seq Scan on kind_type kt  (cost=0.00..1.09 rows=2 width=4) (actual time=0.003..0.004 rows=2 loops=1)
                                                              Filter: ((kind)::text = ANY ('{movie,episode}'::text[]))
                                                              Rows Removed by Filter: 5
                                            ->  Index Scan using movie_id_movie_info_idx on movie_info_idx mi_idx  (cost=0.43..0.50 rows=3 width=13) (actual time=0.002..0.002 rows=2 loops=4832)
                                                  Index Cond: (movie_id = mk.movie_id)
                                                  Filter: (info < '7.0'::text)
                                                  Rows Removed by Filter: 0
                                      ->  Hash  (cost=2.41..2.41 rows=1 width=4) (actual time=0.014..0.014 rows=1 loops=1)
                                            Buckets: 1024  Batches: 1  Memory Usage: 9kB
                                            ->  Seq Scan on info_type it2  (cost=0.00..2.41 rows=1 width=4) (actual time=0.011..0.011 rows=1 loops=1)
                                                  Filter: ((info)::text = 'rating'::text)
                                                  Rows Removed by Filter: 112
                                ->  Index Scan using movie_id_movie_companies on movie_companies mc  (cost=0.43..0.57 rows=1 width=12) (actual time=0.005..0.007 rows=1 loops=2378)
                                      Index Cond: (movie_id = mk.movie_id)
                                      Filter: ((note !~~ '%(USA)%'::text) AND (note ~~ '%(200%)%'::text))
                                      Rows Removed by Filter: 10
                          ->  Hash  (cost=1.04..1.04 rows=4 width=4) (actual time=0.011..0.011 rows=4 loops=1)
                                Buckets: 1024  Batches: 1  Memory Usage: 9kB
                                ->  Seq Scan on company_type ct  (cost=0.00..1.04 rows=4 width=4) (actual time=0.008..0.009 rows=4 loops=1)
                    ->  Index Scan using company_name_pkey on company_name cn  (cost=0.42..0.49 rows=1 width=23) (actual time=0.002..0.002 rows=1 loops=3374)
                          Index Cond: (id = mc.company_id)
                          Filter: ((country_code)::text <> '[us]'::text)
                          Rows Removed by Filter: 0
              ->  Index Scan using movie_id_movie_info on movie_info mi  (cost=0.43..1.56 rows=2 width=8) (actual time=0.033..0.037 rows=1 loops=2958)
                    Index Cond: (movie_id = mk.movie_id)
                    Filter: (info = ANY ('{Germany,German,USA,American}'::text[]))
                    Rows Removed by Filter: 155
        ->  Index Scan using info_type_pkey on info_type it1  (cost=0.14..0.16 rows=1 width=4) (actual time=0.001..0.001 rows=1 loops=3042)
              Index Cond: (id = mi.info_type_id)
              Filter: ((info)::text = 'countries'::text)
              Rows Removed by Filter: 0
Planning time: 19.283 ms
Execution time: 892.550 ms
