Aggregate  (cost=47862.43..47862.44 rows=1 width=96) (actual time=2107.716..2107.716 rows=1 loops=1)
  ->  Nested Loop  (cost=5.40..47862.43 rows=1 width=41) (actual time=60.789..2106.528 rows=2851 loops=1)
        ->  Nested Loop  (cost=5.27..47862.27 rows=1 width=45) (actual time=60.782..2103.192 rows=2851 loops=1)
              ->  Nested Loop  (cost=4.85..47843.18 rows=43 width=49) (actual time=2.286..1545.127 rows=319409 loops=1)
                    ->  Nested Loop  (cost=4.42..47837.50 rows=3 width=61) (actual time=2.279..1450.508 rows=3672 loops=1)
                          ->  Nested Loop  (cost=4.27..47776.53 rows=375 width=65) (actual time=2.277..1445.368 rows=4282 loops=1)
                                Join Filter: (t.id = mi.movie_id)
                                ->  Nested Loop  (cost=3.84..47239.90 rows=256 width=57) (actual time=1.857..1274.580 rows=6816 loops=1)
                                      ->  Nested Loop  (cost=3.42..47007.58 rows=476 width=42) (actual time=1.852..1250.738 rows=7820 loops=1)
                                            Join Filter: (t.id = mc.movie_id)
                                            ->  Nested Loop  (cost=2.99..46507.59 rows=777 width=30) (actual time=0.062..1121.149 rows=40854 loops=1)
                                                  ->  Nested Loop  (cost=2.86..46093.05 rows=2718 width=34) (actual time=0.045..1065.052 rows=55098 loops=1)
                                                        ->  Hash Join  (cost=2.43..39902.75 rows=10379 width=9) (actual time=0.030..392.368 rows=324117 loops=1)
                                                              Hash Cond: (mi_idx.info_type_id = it2.id)
                                                              ->  Seq Scan on movie_info_idx mi_idx  (cost=0.00..25185.44 rows=1172832 width=13) (actual time=0.011..269.851 rows=1172832 loops=1)
                                                                    Filter: (info < '7.0'::text)
                                                                    Rows Removed by Filter: 207203
                                                              ->  Hash  (cost=2.41..2.41 rows=1 width=4) (actual time=0.013..0.013 rows=1 loops=1)
                                                                    Buckets: 1024  Batches: 1  Memory Usage: 9kB
                                                                    ->  Seq Scan on info_type it2  (cost=0.00..2.41 rows=1 width=4) (actual time=0.010..0.011 rows=1 loops=1)
                                                                          Filter: ((info)::text = 'rating'::text)
                                                                          Rows Removed by Filter: 112
                                                        ->  Index Scan using title_pkey on title t  (cost=0.43..0.60 rows=1 width=25) (actual time=0.002..0.002 rows=0 loops=324117)
                                                              Index Cond: (id = mi_idx.movie_id)
                                                              Filter: (production_year > 2008)
                                                              Rows Removed by Filter: 1
                                                  ->  Index Scan using kind_type_pkey on kind_type kt  (cost=0.13..0.15 rows=1 width=4) (actual time=0.001..0.001 rows=1 loops=55098)
                                                        Index Cond: (id = t.kind_id)
                                                        Filter: ((kind)::text = ANY ('{movie,episode}'::text[]))
                                                        Rows Removed by Filter: 0
                                            ->  Index Scan using movie_id_movie_companies on movie_companies mc  (cost=0.43..0.63 rows=1 width=12) (actual time=0.003..0.003 rows=0 loops=40854)
                                                  Index Cond: (movie_id = mi_idx.movie_id)
                                                  Filter: ((note !~~ '%(USA)%'::text) AND (note ~~ '%(200%)%'::text))
                                                  Rows Removed by Filter: 3
                                      ->  Index Scan using company_name_pkey on company_name cn  (cost=0.42..0.49 rows=1 width=23) (actual time=0.003..0.003 rows=1 loops=7820)
                                            Index Cond: (id = mc.company_id)
                                            Filter: ((country_code)::text <> '[us]'::text)
                                            Rows Removed by Filter: 0
                                ->  Index Scan using movie_id_movie_info on movie_info mi  (cost=0.43..2.07 rows=2 width=8) (actual time=0.023..0.025 rows=1 loops=6816)
                                      Index Cond: (movie_id = mi_idx.movie_id)
                                      Filter: (info = ANY ('{Germany,German,USA,American}'::text[]))
                                      Rows Removed by Filter: 81
                          ->  Index Scan using info_type_pkey on info_type it1  (cost=0.14..0.16 rows=1 width=4) (actual time=0.001..0.001 rows=1 loops=4282)
                                Index Cond: (id = mi.info_type_id)
                                Filter: ((info)::text = 'countries'::text)
                                Rows Removed by Filter: 0
                    ->  Index Scan using movie_id_movie_keyword on movie_keyword mk  (cost=0.43..1.44 rows=45 width=8) (actual time=0.003..0.015 rows=87 loops=3672)
                          Index Cond: (movie_id = t.id)
              ->  Index Scan using keyword_pkey on keyword k  (cost=0.42..0.44 rows=1 width=4) (actual time=0.002..0.002 rows=0 loops=319409)
                    Index Cond: (id = mk.keyword_id)
                    Filter: (keyword = ANY ('{murder,murder-in-title,blood,violence}'::text[]))
                    Rows Removed by Filter: 1
        ->  Index Only Scan using company_type_pkey on company_type ct  (cost=0.13..0.15 rows=1 width=4) (actual time=0.001..0.001 rows=1 loops=2851)
              Index Cond: (id = mc.company_type_id)
              Heap Fetches: 2851
Planning time: 19.533 ms
Execution time: 2107.808 ms
