Aggregate  (cost=47174.05..47174.06 rows=1 width=96) (actual time=1191.341..1191.341 rows=1 loops=1)
  ->  Nested Loop  (cost=5.40..47174.04 rows=1 width=41) (actual time=382.904..1191.306 rows=31 loops=1)
        ->  Nested Loop  (cost=4.98..47166.94 rows=16 width=45) (actual time=368.198..1185.121 rows=2606 loops=1)
              Join Filter: (t.id = mk.movie_id)
              ->  Nested Loop  (cost=4.54..47165.03 rows=1 width=57) (actual time=368.189..1183.830 rows=91 loops=1)
                    ->  Nested Loop  (cost=4.42..47164.87 rows=1 width=61) (actual time=368.182..1183.618 rows=91 loops=1)
                          ->  Nested Loop  (cost=4.27..47141.46 rows=144 width=65) (actual time=368.165..1183.351 rows=124 loops=1)
                                Join Filter: (t.id = mi.movie_id)
                                ->  Nested Loop  (cost=3.84..46938.19 rows=97 width=57) (actual time=41.313..1176.939 rows=347 loops=1)
                                      ->  Nested Loop  (cost=3.42..46841.21 rows=179 width=42) (actual time=41.305..1174.969 rows=488 loops=1)
                                            Join Filter: (t.id = mc.movie_id)
                                            ->  Nested Loop  (cost=2.99..46442.29 rows=620 width=30) (actual time=0.064..1078.806 rows=31112 loops=1)
                                                  ->  Nested Loop  (cost=2.86..46111.32 rows=2170 width=34) (actual time=0.045..1037.215 rows=41460 loops=1)
                                                        ->  Hash Join  (cost=2.43..39916.48 rows=10389 width=9) (actual time=0.031..391.726 rows=324117 loops=1)
                                                              Hash Cond: (mi_idx.info_type_id = it2.id)
                                                              ->  Seq Scan on movie_info_idx mi_idx  (cost=0.00..25185.44 rows=1173926 width=13) (actual time=0.011..271.205 rows=1172832 loops=1)
                                                                    Filter: (info < '7.0'::text)
                                                                    Rows Removed by Filter: 207203
                                                              ->  Hash  (cost=2.41..2.41 rows=1 width=4) (actual time=0.013..0.013 rows=1 loops=1)
                                                                    Buckets: 1024  Batches: 1  Memory Usage: 9kB
                                                                    ->  Seq Scan on info_type it2  (cost=0.00..2.41 rows=1 width=4) (actual time=0.010..0.011 rows=1 loops=1)
                                                                          Filter: ((info)::text = 'rating'::text)
                                                                          Rows Removed by Filter: 112
                                                        ->  Index Scan using title_pkey on title t  (cost=0.43..0.60 rows=1 width=25) (actual time=0.002..0.002 rows=0 loops=324117)
                                                              Index Cond: (id = mi_idx.movie_id)
                                                              Filter: (production_year > 2009)
                                                              Rows Removed by Filter: 1
                                                  ->  Index Scan using kind_type_pkey on kind_type kt  (cost=0.13..0.15 rows=1 width=4) (actual time=0.001..0.001 rows=1 loops=41460)
                                                        Index Cond: (id = t.kind_id)
                                                        Filter: ((kind)::text = ANY ('{movie,episode}'::text[]))
                                                        Rows Removed by Filter: 0
                                            ->  Index Scan using movie_id_movie_companies on movie_companies mc  (cost=0.43..0.63 rows=1 width=12) (actual time=0.003..0.003 rows=0 loops=31112)
                                                  Index Cond: (movie_id = mi_idx.movie_id)
                                                  Filter: ((note !~~ '%(USA)%'::text) AND (note ~~ '%(200%)%'::text))
                                                  Rows Removed by Filter: 3
                                      ->  Index Scan using company_name_pkey on company_name cn  (cost=0.42..0.54 rows=1 width=23) (actual time=0.004..0.004 rows=1 loops=488)
                                            Index Cond: (id = mc.company_id)
                                            Filter: ((country_code)::text <> '[us]'::text)
                                            Rows Removed by Filter: 0
                                ->  Index Scan using movie_id_movie_info on movie_info mi  (cost=0.43..2.07 rows=2 width=8) (actual time=0.016..0.018 rows=0 loops=347)
                                      Index Cond: (movie_id = mi_idx.movie_id)
                                      Filter: (info = ANY ('{Germany,German,USA,American}'::text[]))
                                      Rows Removed by Filter: 28
                          ->  Index Scan using info_type_pkey on info_type it1  (cost=0.14..0.16 rows=1 width=4) (actual time=0.001..0.001 rows=1 loops=124)
                                Index Cond: (id = mi.info_type_id)
                                Filter: ((info)::text = 'countries'::text)
                                Rows Removed by Filter: 0
                    ->  Index Only Scan using company_type_pkey on company_type ct  (cost=0.13..0.15 rows=1 width=4) (actual time=0.001..0.001 rows=1 loops=91)
                          Index Cond: (id = mc.company_type_id)
                          Heap Fetches: 91
              ->  Index Scan using movie_id_movie_keyword on movie_keyword mk  (cost=0.43..1.35 rows=45 width=8) (actual time=0.004..0.009 rows=29 loops=91)
                    Index Cond: (movie_id = mi_idx.movie_id)
        ->  Index Scan using keyword_pkey on keyword k  (cost=0.42..0.44 rows=1 width=4) (actual time=0.002..0.002 rows=0 loops=2606)
              Index Cond: (id = mk.keyword_id)
              Filter: (keyword = ANY ('{murder,murder-in-title,blood,violence}'::text[]))
              Rows Removed by Filter: 1
Planning time: 19.920 ms
Execution time: 1191.442 ms
