Aggregate  (cost=131428.49..131428.50 rows=1 width=96) (actual time=1200.609..1200.609 rows=1 loops=1)
  ->  Nested Loop  (cost=51470.90..131428.48 rows=1 width=41) (actual time=667.408..1200.567 rows=31 loops=1)
        ->  Nested Loop  (cost=51470.48..131416.49 rows=27 width=45) (actual time=659.892..1195.569 rows=2606 loops=1)
              Join Filter: (t.id = mk.movie_id)
              ->  Hash Join  (cost=51470.05..131412.67 rows=2 width=57) (actual time=659.874..1194.443 rows=91 loops=1)
                    Hash Cond: (mi.info_type_id = it1.id)
                    ->  Nested Loop  (cost=51467.62..131407.30 rows=235 width=61) (actual time=659.834..1194.372 rows=124 loops=1)
                          Join Filter: (t.id = mi.movie_id)
                          ->  Hash Join  (cost=51467.19..130895.82 rows=244 width=53) (actual time=526.788..1188.816 rows=347 loops=1)
                                Hash Cond: (t.kind_id = kt.id)
                                ->  Nested Loop  (cost=51466.07..130884.99 rows=855 width=57) (actual time=515.409..1188.674 rows=438 loops=1)
                                      ->  Hash Join  (cost=51465.64..128468.88 rows=4051 width=32) (actual time=510.398..996.143 rows=115293 loops=1)
                                            Hash Cond: (mc.company_type_id = ct.id)
                                            ->  Hash Join  (cost=51464.55..127268.02 rows=115293 width=36) (actual time=510.378..975.590 rows=115293 loops=1)
                                                  Hash Cond: (mc.movie_id = mi_idx.movie_id)
                                                  ->  Hash Join  (cost=7510.34..69266.06 rows=248388 width=27) (actual time=61.679..473.875 rows=248388 loops=1)
                                                        Hash Cond: (mc.company_id = cn.id)
                                                        ->  Seq Scan on movie_companies mc  (cost=0.00..57926.93 rows=303271 width=12) (actual time=0.005..347.859 rows=303271 loops=1)
                                                              Filter: ((note !~~ '%(USA)%'::text) AND (note ~~ '%(200%)%'::text))
                                                              Rows Removed by Filter: 2305858
                                                        ->  Hash  (cost=5932.46..5932.46 rows=126230 width=23) (actual time=61.022..61.022 rows=126230 loops=1)
                                                              Buckets: 131072  Batches: 1  Memory Usage: 7968kB
                                                              ->  Seq Scan on company_name cn  (cost=0.00..5932.46 rows=126230 width=23) (actual time=0.006..36.319 rows=126230 loops=1)
                                                                    Filter: ((country_code)::text <> '[us]'::text)
                                                                    Rows Removed by Filter: 108767
                                                  ->  Hash  (cost=39902.75..39902.75 rows=324117 width=9) (actual time=446.962..446.962 rows=324117 loops=1)
                                                        Buckets: 524288  Batches: 1  Memory Usage: 16757kB
                                                        ->  Hash Join  (cost=2.43..39902.75 rows=324117 width=9) (actual time=0.039..384.648 rows=324117 loops=1)
                                                              Hash Cond: (mi_idx.info_type_id = it2.id)
                                                              ->  Seq Scan on movie_info_idx mi_idx  (cost=0.00..25185.44 rows=1172832 width=13) (actual time=0.011..261.023 rows=1172832 loops=1)
                                                                    Filter: (info < '7.0'::text)
                                                                    Rows Removed by Filter: 207203
                                                              ->  Hash  (cost=2.41..2.41 rows=1 width=4) (actual time=0.016..0.016 rows=1 loops=1)
                                                                    Buckets: 1024  Batches: 1  Memory Usage: 9kB
                                                                    ->  Seq Scan on info_type it2  (cost=0.00..2.41 rows=1 width=4) (actual time=0.012..0.013 rows=1 loops=1)
                                                                          Filter: ((info)::text = 'rating'::text)
                                                                          Rows Removed by Filter: 112
                                            ->  Hash  (cost=1.04..1.04 rows=4 width=4) (actual time=0.007..0.007 rows=4 loops=1)
                                                  Buckets: 1024  Batches: 1  Memory Usage: 9kB
                                                  ->  Seq Scan on company_type ct  (cost=0.00..1.04 rows=4 width=4) (actual time=0.002..0.003 rows=4 loops=1)
                                      ->  Index Scan using title_pkey on title t  (cost=0.43..0.60 rows=1 width=25) (actual time=0.002..0.002 rows=0 loops=115293)
                                            Index Cond: (id = mi_idx.movie_id)
                                            Filter: (production_year > 2009)
                                            Rows Removed by Filter: 1
                                ->  Hash  (cost=1.09..1.09 rows=2 width=4) (actual time=0.008..0.008 rows=2 loops=1)
                                      Buckets: 1024  Batches: 1  Memory Usage: 9kB
                                      ->  Seq Scan on kind_type kt  (cost=0.00..1.09 rows=2 width=4) (actual time=0.004..0.005 rows=2 loops=1)
                                            Filter: ((kind)::text = ANY ('{movie,episode}'::text[]))
                                            Rows Removed by Filter: 5
                          ->  Index Scan using movie_id_movie_info on movie_info mi  (cost=0.43..2.07 rows=2 width=8) (actual time=0.014..0.016 rows=0 loops=347)
                                Index Cond: (movie_id = mi_idx.movie_id)
                                Filter: (info = ANY ('{Germany,German,USA,American}'::text[]))
                                Rows Removed by Filter: 28
                    ->  Hash  (cost=2.41..2.41 rows=1 width=4) (actual time=0.019..0.019 rows=1 loops=1)
                          Buckets: 1024  Batches: 1  Memory Usage: 9kB
                          ->  Seq Scan on info_type it1  (cost=0.00..2.41 rows=1 width=4) (actual time=0.010..0.016 rows=1 loops=1)
                                Filter: ((info)::text = 'countries'::text)
                                Rows Removed by Filter: 112
              ->  Index Scan using movie_id_movie_keyword on movie_keyword mk  (cost=0.43..1.35 rows=45 width=8) (actual time=0.004..0.008 rows=29 loops=91)
                    Index Cond: (movie_id = mi_idx.movie_id)
        ->  Index Scan using keyword_pkey on keyword k  (cost=0.42..0.44 rows=1 width=4) (actual time=0.002..0.002 rows=0 loops=2606)
              Index Cond: (id = mk.keyword_id)
              Filter: (keyword = ANY ('{murder,murder-in-title,blood,violence}'::text[]))
              Rows Removed by Filter: 1
Planning time: 23.314 ms
Execution time: 1200.870 ms
