Aggregate  (cost=121411.36..121411.37 rows=1 width=96) (actual time=1029.586..1029.586 rows=1 loops=1)
  ->  Nested Loop  (cost=79690.08..121411.35 rows=1 width=41) (actual time=671.081..1029.547 rows=31 loops=1)
        ->  Nested Loop  (cost=79689.66..121410.87 rows=1 width=26) (actual time=671.063..1029.389 rows=39 loops=1)
              ->  Nested Loop  (cost=79689.24..121395.77 rows=34 width=30) (actual time=664.201..1021.369 rows=3762 loops=1)
                    Join Filter: (t.id = mk.movie_id)
                    ->  Hash Join  (cost=79688.81..121390.05 rows=3 width=42) (actual time=664.180..1019.497 rows=173 loops=1)
                          Hash Cond: (mi.info_type_id = it1.id)
                          ->  Nested Loop  (cost=79686.39..121383.87 rows=299 width=46) (actual time=664.149..1019.410 rows=209 loops=1)
                                Join Filter: (t.id = mi.movie_id)
                                ->  Hash Join  (cost=79685.95..120796.93 rows=280 width=38) (actual time=507.431..1011.612 rows=488 loops=1)
                                      Hash Cond: (mc.company_type_id = ct.id)
                                      ->  Nested Loop  (cost=79684.86..120711.15 rows=8138 width=42) (actual time=507.424..1011.472 rows=488 loops=1)
                                            Join Filter: (t.id = mc.movie_id)
                                            ->  Hash Join  (cost=79684.43..113088.32 rows=11846 width=30) (actual time=488.676..920.088 rows=31112 loops=1)
                                                  Hash Cond: (mi_idx.info_type_id = it2.id)
                                                  ->  Hash Join  (cost=79682.01..111500.14 rows=126391 width=34) (actual time=488.662..907.273 rows=126391 loops=1)
                                                        Hash Cond: (mi_idx.movie_id = t.id)
                                                        ->  Seq Scan on movie_info_idx mi_idx  (cost=0.00..25185.44 rows=1172832 width=13) (actual time=0.006..243.302 rows=1172832 loops=1)
                                                              Filter: (info < '7.0'::text)
                                                              Rows Removed by Filter: 207203
                                                        ->  Hash  (cost=73660.56..73660.56 rows=481716 width=21) (actual time=488.313..488.313 rows=481716 loops=1)
                                                              Buckets: 524288  Batches: 1  Memory Usage: 29879kB
                                                              ->  Hash Join  (cost=1.11..73660.56 rows=481716 width=21) (actual time=0.023..399.329 rows=481716 loops=1)
                                                                    Hash Cond: (t.kind_id = kt.id)
                                                                    ->  Seq Scan on title t  (cost=0.00..67601.90 rows=533369 width=25) (actual time=0.005..305.764 rows=533369 loops=1)
                                                                          Filter: (production_year > 2009)
                                                                          Rows Removed by Filter: 1994943
                                                                    ->  Hash  (cost=1.09..1.09 rows=2 width=4) (actual time=0.007..0.007 rows=2 loops=1)
                                                                          Buckets: 1024  Batches: 1  Memory Usage: 9kB
                                                                          ->  Seq Scan on kind_type kt  (cost=0.00..1.09 rows=2 width=4) (actual time=0.003..0.004 rows=2 loops=1)
                                                                                Filter: ((kind)::text = ANY ('{movie,episode}'::text[]))
                                                                                Rows Removed by Filter: 5
                                                  ->  Hash  (cost=2.41..2.41 rows=1 width=4) (actual time=0.009..0.009 rows=1 loops=1)
                                                        Buckets: 1024  Batches: 1  Memory Usage: 9kB
                                                        ->  Seq Scan on info_type it2  (cost=0.00..2.41 rows=1 width=4) (actual time=0.008..0.009 rows=1 loops=1)
                                                              Filter: ((info)::text = 'rating'::text)
                                                              Rows Removed by Filter: 112
                                            ->  Index Scan using movie_id_movie_companies on movie_companies mc  (cost=0.43..0.63 rows=1 width=12) (actual time=0.003..0.003 rows=0 loops=31112)
                                                  Index Cond: (movie_id = mi_idx.movie_id)
                                                  Filter: ((note !~~ '%(USA)%'::text) AND (note ~~ '%(200%)%'::text))
                                                  Rows Removed by Filter: 3
                                      ->  Hash  (cost=1.04..1.04 rows=4 width=4) (actual time=0.003..0.003 rows=4 loops=1)
                                            Buckets: 1024  Batches: 1  Memory Usage: 9kB
                                            ->  Seq Scan on company_type ct  (cost=0.00..1.04 rows=4 width=4) (actual time=0.002..0.002 rows=4 loops=1)
                                ->  Index Scan using movie_id_movie_info on movie_info mi  (cost=0.43..2.07 rows=2 width=8) (actual time=0.014..0.016 rows=0 loops=488)
                                      Index Cond: (movie_id = mi_idx.movie_id)
                                      Filter: (info = ANY ('{Germany,German,USA,American}'::text[]))
                                      Rows Removed by Filter: 25
                          ->  Hash  (cost=2.41..2.41 rows=1 width=4) (actual time=0.016..0.016 rows=1 loops=1)
                                Buckets: 1024  Batches: 1  Memory Usage: 9kB
                                ->  Seq Scan on info_type it1  (cost=0.00..2.41 rows=1 width=4) (actual time=0.009..0.015 rows=1 loops=1)
                                      Filter: ((info)::text = 'countries'::text)
                                      Rows Removed by Filter: 112
                    ->  Index Scan using movie_id_movie_keyword on movie_keyword mk  (cost=0.43..1.35 rows=45 width=8) (actual time=0.004..0.007 rows=22 loops=173)
                          Index Cond: (movie_id = mi_idx.movie_id)
              ->  Index Scan using keyword_pkey on keyword k  (cost=0.42..0.44 rows=1 width=4) (actual time=0.002..0.002 rows=0 loops=3762)
                    Index Cond: (id = mk.keyword_id)
                    Filter: (keyword = ANY ('{murder,murder-in-title,blood,violence}'::text[]))
                    Rows Removed by Filter: 1
        ->  Index Scan using company_name_pkey on company_name cn  (cost=0.42..0.49 rows=1 width=23) (actual time=0.003..0.003 rows=1 loops=39)
              Index Cond: (id = mc.company_id)
              Filter: ((country_code)::text <> '[us]'::text)
              Rows Removed by Filter: 0
Planning time: 19.256 ms
Execution time: 1029.765 ms
