Aggregate  (cost=159981.96..159981.97 rows=1 width=96) (actual time=2279.907..2279.907 rows=1 loops=1)
  ->  Nested Loop  (cost=2968.50..159981.95 rows=1 width=41) (actual time=26.934..2272.432 rows=21489 loops=1)
        ->  Nested Loop  (cost=2968.36..159981.12 rows=5 width=45) (actual time=26.930..2247.789 rows=24612 loops=1)
              Join Filter: (t.id = mi.movie_id)
              ->  Hash Join  (cost=2967.92..159941.23 rows=21 width=57) (actual time=26.914..904.111 rows=23425 loops=1)
                    Hash Cond: (mc.company_type_id = ct.id)
                    ->  Nested Loop  (cost=2966.83..159847.93 rows=8861 width=61) (actual time=26.899..898.561 rows=23425 loops=1)
                          ->  Nested Loop  (cost=2966.41..155966.96 rows=7952 width=46) (actual time=26.892..844.402 rows=25316 loops=1)
                                Join Filter: (t.id = mc.movie_id)
                                ->  Hash Join  (cost=2965.98..152528.78 rows=5949 width=34) (actual time=17.047..797.735 rows=5949 loops=1)
                                      Hash Cond: (mi_idx.info_type_id = it2.id)
                                      ->  Nested Loop  (cost=2963.56..152301.88 rows=17892 width=38) (actual time=17.030..795.345 rows=17892 loops=1)
                                            Join Filter: (t.id = mi_idx.movie_id)
                                            ->  Hash Join  (cost=2963.13..147979.88 rows=8073 width=25) (actual time=17.021..770.474 rows=8073 loops=1)
                                                  Hash Cond: (t.kind_id = kt.id)
                                                  ->  Nested Loop  (cost=2962.02..147868.16 rows=9739 width=29) (actual time=16.108..768.551 rows=9739 loops=1)
                                                        ->  Hash Join  (cost=2961.59..129769.20 rows=37091 width=4) (actual time=16.093..687.010 rows=37091 loops=1)
                                                              Hash Cond: (mk.keyword_id = k.id)
                                                              ->  Seq Scan on movie_keyword mk  (cost=0.00..69693.30 rows=4523930 width=8) (actual time=0.005..311.158 rows=4523930 loops=1)
                                                              ->  Hash  (cost=2961.55..2961.55 rows=3 width=4) (actual time=16.059..16.059 rows=3 loops=1)
                                                                    Buckets: 1024  Batches: 1  Memory Usage: 9kB
                                                                    ->  Seq Scan on keyword k  (cost=0.00..2961.55 rows=3 width=4) (actual time=0.808..16.057 rows=3 loops=1)
                                                                          Filter: (keyword = ANY ('{murder,murder-in-title,blood,violence}'::text[]))
                                                                          Rows Removed by Filter: 134167
                                                        ->  Index Scan using title_pkey on title t  (cost=0.43..0.49 rows=1 width=25) (actual time=0.002..0.002 rows=0 loops=37091)
                                                              Index Cond: (id = mk.movie_id)
                                                              Filter: (production_year > 2005)
                                                              Rows Removed by Filter: 1
                                                  ->  Hash  (cost=1.09..1.09 rows=2 width=4) (actual time=0.005..0.005 rows=2 loops=1)
                                                        Buckets: 1024  Batches: 1  Memory Usage: 9kB
                                                        ->  Seq Scan on kind_type kt  (cost=0.00..1.09 rows=2 width=4) (actual time=0.004..0.005 rows=2 loops=1)
                                                              Filter: ((kind)::text = ANY ('{movie,episode}'::text[]))
                                                              Rows Removed by Filter: 5
                                            ->  Index Scan using movie_id_movie_info_idx on movie_info_idx mi_idx  (cost=0.43..0.50 rows=3 width=13) (actual time=0.002..0.003 rows=2 loops=8073)
                                                  Index Cond: (movie_id = mk.movie_id)
                                                  Filter: (info < '8.5'::text)
                                                  Rows Removed by Filter: 0
                                      ->  Hash  (cost=2.41..2.41 rows=1 width=4) (actual time=0.012..0.012 rows=1 loops=1)
                                            Buckets: 1024  Batches: 1  Memory Usage: 9kB
                                            ->  Seq Scan on info_type it2  (cost=0.00..2.41 rows=1 width=4) (actual time=0.010..0.011 rows=1 loops=1)
                                                  Filter: ((info)::text = 'rating'::text)
                                                  Rows Removed by Filter: 112
                                ->  Index Scan using movie_id_movie_companies on movie_companies mc  (cost=0.43..0.57 rows=1 width=12) (actual time=0.004..0.007 rows=4 loops=5949)
                                      Index Cond: (movie_id = mk.movie_id)
                                      Filter: ((note !~~ '%(USA)%'::text) AND (note ~~ '%(200%)%'::text))
                                      Rows Removed by Filter: 8
                          ->  Index Scan using company_name_pkey on company_name cn  (cost=0.42..0.49 rows=1 width=23) (actual time=0.002..0.002 rows=1 loops=25316)
                                Index Cond: (id = mc.company_id)
                                Filter: ((country_code)::text <> '[us]'::text)
                                Rows Removed by Filter: 0
                    ->  Hash  (cost=1.04..1.04 rows=4 width=4) (actual time=0.009..0.009 rows=4 loops=1)
                          Buckets: 1024  Batches: 1  Memory Usage: 9kB
                          ->  Seq Scan on company_type ct  (cost=0.00..1.04 rows=4 width=4) (actual time=0.007..0.008 rows=4 loops=1)
              ->  Index Scan using movie_id_movie_info on movie_info mi  (cost=0.43..1.87 rows=2 width=8) (actual time=0.047..0.057 rows=1 loops=23425)
                    Index Cond: (movie_id = mk.movie_id)
                    Filter: (info = ANY ('{Sweden,Norway,Germany,Denmark,Swedish,Danish,Norwegian,German,USA,American}'::text[]))
                    Rows Removed by Filter: 180
        ->  Index Scan using info_type_pkey on info_type it1  (cost=0.14..0.16 rows=1 width=4) (actual time=0.001..0.001 rows=1 loops=24612)
              Index Cond: (id = mi.info_type_id)
              Filter: ((info)::text = 'countries'::text)
              Rows Removed by Filter: 0
Planning time: 19.355 ms
Execution time: 2280.000 ms
