Aggregate  (cost=51442.45..51442.46 rows=1 width=96) (actual time=8876.402..8876.402 rows=1 loops=1)
  ->  Nested Loop  (cost=6.38..51442.44 rows=1 width=41) (actual time=74.429..8867.943 rows=21489 loops=1)
        ->  Nested Loop  (cost=6.25..51442.29 rows=1 width=45) (actual time=74.425..8843.789 rows=21489 loops=1)
              ->  Nested Loop  (cost=5.83..51406.78 rows=80 width=49) (actual time=1.157..4380.257 rows=2610972 loops=1)
                    ->  Nested Loop  (cost=5.39..51395.89 rows=6 width=61) (actual time=0.668..3599.847 rows=35930 loops=1)
                          ->  Nested Loop  (cost=5.25..51281.42 rows=704 width=65) (actual time=0.667..3552.782 rows=41903 loops=1)
                                Join Filter: (t.id = mi.movie_id)
                                ->  Nested Loop  (cost=4.82..50238.22 rows=449 width=57) (actual time=0.651..1863.799 rows=56007 loops=1)
                                      ->  Nested Loop  (cost=4.40..49830.69 rows=835 width=42) (actual time=0.648..1723.008 rows=61806 loops=1)
                                            Join Filter: (t.id = mc.movie_id)
                                            ->  Hash Join  (cost=3.97..48970.20 rows=1361 width=30) (actual time=0.066..1398.121 rows=106971 loops=1)
                                                  Hash Cond: (t.kind_id = kt.id)
                                                  ->  Nested Loop  (cost=2.86..48914.99 rows=4764 width=34) (actual time=0.037..1371.848 rows=140455 loops=1)
                                                        ->  Hash Join  (cost=2.43..42044.72 rows=11890 width=9) (actual time=0.029..435.409 rows=454230 loops=1)
                                                              Hash Cond: (mi_idx.info_type_id = it2.id)
                                                              ->  Seq Scan on movie_info_idx mi_idx  (cost=0.00..25185.44 rows=1343555 width=13) (actual time=0.006..283.049 rows=1343555 loops=1)
                                                                    Filter: (info < '8.5'::text)
                                                                    Rows Removed by Filter: 36480
                                                              ->  Hash  (cost=2.41..2.41 rows=1 width=4) (actual time=0.010..0.010 rows=1 loops=1)
                                                                    Buckets: 1024  Batches: 1  Memory Usage: 9kB
                                                                    ->  Seq Scan on info_type it2  (cost=0.00..2.41 rows=1 width=4) (actual time=0.009..0.010 rows=1 loops=1)
                                                                          Filter: ((info)::text = 'rating'::text)
                                                                          Rows Removed by Filter: 112
                                                        ->  Index Scan using title_pkey on title t  (cost=0.43..0.58 rows=1 width=25) (actual time=0.002..0.002 rows=0 loops=454230)
                                                              Index Cond: (id = mi_idx.movie_id)
                                                              Filter: (production_year > 2005)
                                                              Rows Removed by Filter: 1
                                                  ->  Hash  (cost=1.09..1.09 rows=2 width=4) (actual time=0.009..0.009 rows=2 loops=1)
                                                        Buckets: 1024  Batches: 1  Memory Usage: 9kB
                                                        ->  Seq Scan on kind_type kt  (cost=0.00..1.09 rows=2 width=4) (actual time=0.007..0.008 rows=2 loops=1)
                                                              Filter: ((kind)::text = ANY ('{movie,episode}'::text[]))
                                                              Rows Removed by Filter: 5
                                            ->  Index Scan using movie_id_movie_companies on movie_companies mc  (cost=0.43..0.62 rows=1 width=12) (actual time=0.002..0.003 rows=1 loops=106971)
                                                  Index Cond: (movie_id = mi_idx.movie_id)
                                                  Filter: ((note !~~ '%(USA)%'::text) AND (note ~~ '%(200%)%'::text))
                                                  Rows Removed by Filter: 2
                                      ->  Index Scan using company_name_pkey on company_name cn  (cost=0.42..0.49 rows=1 width=23) (actual time=0.002..0.002 rows=1 loops=61806)
                                            Index Cond: (id = mc.company_id)
                                            Filter: ((country_code)::text <> '[us]'::text)
                                            Rows Removed by Filter: 0
                                ->  Index Scan using movie_id_movie_info on movie_info mi  (cost=0.43..2.30 rows=2 width=8) (actual time=0.026..0.030 rows=1 loops=56007)
                                      Index Cond: (movie_id = mi_idx.movie_id)
                                      Filter: (info = ANY ('{Sweden,Norway,Germany,Denmark,Swedish,Danish,Norwegian,German,USA,American}'::text[]))
                                      Rows Removed by Filter: 81
                          ->  Index Scan using info_type_pkey on info_type it1  (cost=0.14..0.16 rows=1 width=4) (actual time=0.001..0.001 rows=1 loops=41903)
                                Index Cond: (id = mi.info_type_id)
                                Filter: ((info)::text = 'countries'::text)
                                Rows Removed by Filter: 0
                    ->  Index Scan using movie_id_movie_keyword on movie_keyword mk  (cost=0.43..1.37 rows=45 width=8) (actual time=0.002..0.012 rows=73 loops=35930)
                          Index Cond: (movie_id = t.id)
              ->  Index Scan using keyword_pkey on keyword k  (cost=0.42..0.44 rows=1 width=4) (actual time=0.002..0.002 rows=0 loops=2610972)
                    Index Cond: (id = mk.keyword_id)
                    Filter: (keyword = ANY ('{murder,murder-in-title,blood,violence}'::text[]))
                    Rows Removed by Filter: 1
        ->  Index Only Scan using company_type_pkey on company_type ct  (cost=0.13..0.15 rows=1 width=4) (actual time=0.001..0.001 rows=1 loops=21489)
              Index Cond: (id = mc.company_type_id)
              Heap Fetches: 21489
Planning time: 19.837 ms
Execution time: 8876.483 ms
