Aggregate  (cost=140425.09..140425.10 rows=1 width=96) (actual time=7432.225..7432.226 rows=1 loops=1)
  ->  Nested Loop  (cost=55239.28..140425.09 rows=1 width=41) (actual time=586.844..7424.262 rows=21489 loops=1)
        ->  Nested Loop  (cost=55238.86..140396.24 rows=65 width=45) (actual time=552.405..3606.250 rows=2610972 loops=1)
              ->  Hash Join  (cost=55238.43..140387.16 rows=5 width=57) (actual time=552.151..2910.387 rows=35930 loops=1)
                    Hash Cond: (mi.info_type_id = it1.id)
                    ->  Nested Loop  (cost=55236.00..140377.65 rows=565 width=61) (actual time=552.121..2901.348 rows=41903 loops=1)
                          Join Filter: (t.id = mi.movie_id)
                          ->  Hash Join  (cost=55235.57..139113.72 rows=544 width=53) (actual time=552.095..1400.578 rows=56007 loops=1)
                                Hash Cond: (t.kind_id = kt.id)
                                ->  Nested Loop  (cost=55234.45..139091.00 rows=1903 width=57) (actual time=552.031..1386.880 rows=71709 loops=1)
                                      ->  Hash Join  (cost=55234.02..136345.78 rows=4751 width=32) (actual time=551.978..1076.228 rows=178762 loops=1)
                                            Hash Cond: (mc.company_type_id = ct.id)
                                            ->  Hash Join  (cost=55232.93..134484.44 rows=178762 width=36) (actual time=551.961..1042.638 rows=178762 loops=1)
                                                  Hash Cond: (mc.movie_id = mi_idx.movie_id)
                                                  ->  Hash Join  (cost=7510.34..69266.06 rows=248388 width=27) (actual time=61.042..487.575 rows=248388 loops=1)
                                                        Hash Cond: (mc.company_id = cn.id)
                                                        ->  Seq Scan on movie_companies mc  (cost=0.00..57926.93 rows=303271 width=12) (actual time=0.006..353.882 rows=303271 loops=1)
                                                              Filter: ((note !~~ '%(USA)%'::text) AND (note ~~ '%(200%)%'::text))
                                                              Rows Removed by Filter: 2305858
                                                        ->  Hash  (cost=5932.46..5932.46 rows=126230 width=23) (actual time=60.374..60.374 rows=126230 loops=1)
                                                              Buckets: 131072  Batches: 1  Memory Usage: 7968kB
                                                              ->  Seq Scan on company_name cn  (cost=0.00..5932.46 rows=126230 width=23) (actual time=0.005..36.117 rows=126230 loops=1)
                                                                    Filter: ((country_code)::text <> '[us]'::text)
                                                                    Rows Removed by Filter: 108767
                                                  ->  Hash  (cost=42044.72..42044.72 rows=454230 width=9) (actual time=489.178..489.178 rows=454230 loops=1)
                                                        Buckets: 524288  Batches: 1  Memory Usage: 21840kB
                                                        ->  Hash Join  (cost=2.43..42044.72 rows=454230 width=9) (actual time=0.034..416.030 rows=454230 loops=1)
                                                              Hash Cond: (mi_idx.info_type_id = it2.id)
                                                              ->  Seq Scan on movie_info_idx mi_idx  (cost=0.00..25185.44 rows=1343555 width=13) (actual time=0.008..266.508 rows=1343555 loops=1)
                                                                    Filter: (info < '8.5'::text)
                                                                    Rows Removed by Filter: 36480
                                                              ->  Hash  (cost=2.41..2.41 rows=1 width=4) (actual time=0.015..0.015 rows=1 loops=1)
                                                                    Buckets: 1024  Batches: 1  Memory Usage: 9kB
                                                                    ->  Seq Scan on info_type it2  (cost=0.00..2.41 rows=1 width=4) (actual time=0.011..0.012 rows=1 loops=1)
                                                                          Filter: ((info)::text = 'rating'::text)
                                                                          Rows Removed by Filter: 112
                                            ->  Hash  (cost=1.04..1.04 rows=4 width=4) (actual time=0.007..0.007 rows=4 loops=1)
                                                  Buckets: 1024  Batches: 1  Memory Usage: 9kB
                                                  ->  Seq Scan on company_type ct  (cost=0.00..1.04 rows=4 width=4) (actual time=0.002..0.003 rows=4 loops=1)
                                      ->  Index Scan using title_pkey on title t  (cost=0.43..0.58 rows=1 width=25) (actual time=0.002..0.002 rows=0 loops=178762)
                                            Index Cond: (id = mi_idx.movie_id)
                                            Filter: (production_year > 2005)
                                            Rows Removed by Filter: 1
                                ->  Hash  (cost=1.09..1.09 rows=2 width=4) (actual time=0.007..0.007 rows=2 loops=1)
                                      Buckets: 1024  Batches: 1  Memory Usage: 9kB
                                      ->  Seq Scan on kind_type kt  (cost=0.00..1.09 rows=2 width=4) (actual time=0.003..0.004 rows=2 loops=1)
                                            Filter: ((kind)::text = ANY ('{movie,episode}'::text[]))
                                            Rows Removed by Filter: 5
                          ->  Index Scan using movie_id_movie_info on movie_info mi  (cost=0.43..2.30 rows=2 width=8) (actual time=0.023..0.026 rows=1 loops=56007)
                                Index Cond: (movie_id = mi_idx.movie_id)
                                Filter: (info = ANY ('{Sweden,Norway,Germany,Denmark,Swedish,Danish,Norwegian,German,USA,American}'::text[]))
                                Rows Removed by Filter: 81
                    ->  Hash  (cost=2.41..2.41 rows=1 width=4) (actual time=0.019..0.019 rows=1 loops=1)
                          Buckets: 1024  Batches: 1  Memory Usage: 9kB
                          ->  Seq Scan on info_type it1  (cost=0.00..2.41 rows=1 width=4) (actual time=0.008..0.014 rows=1 loops=1)
                                Filter: ((info)::text = 'countries'::text)
                                Rows Removed by Filter: 112
              ->  Index Scan using movie_id_movie_keyword on movie_keyword mk  (cost=0.43..1.37 rows=45 width=8) (actual time=0.002..0.011 rows=73 loops=35930)
                    Index Cond: (movie_id = t.id)
        ->  Index Scan using keyword_pkey on keyword k  (cost=0.42..0.44 rows=1 width=4) (actual time=0.001..0.001 rows=0 loops=2610972)
              Index Cond: (id = mk.keyword_id)
              Filter: (keyword = ANY ('{murder,murder-in-title,blood,violence}'::text[]))
              Rows Removed by Filter: 1
Planning time: 20.162 ms
Execution time: 7432.488 ms
