Aggregate  (cost=52620.43..52620.44 rows=1 width=96) (actual time=3844.388..3844.388 rows=1 loops=1)
  ->  Nested Loop  (cost=6.38..52620.43 rows=1 width=41) (actual time=27.917..3828.432 rows=46281 loops=1)
        ->  Nested Loop  (cost=6.25..52620.27 rows=1 width=45) (actual time=27.913..3781.982 rows=46281 loops=1)
              ->  Nested Loop  (cost=5.83..52619.83 rows=1 width=30) (actual time=11.558..3645.036 rows=64848 loops=1)
                    Join Filter: (t.id = mc.movie_id)
                    ->  Nested Loop  (cost=5.40..52619.22 rows=1 width=38) (actual time=11.552..3606.163 rows=4115 loops=1)
                          ->  Nested Loop  (cost=4.98..52511.40 rows=243 width=42) (actual time=0.075..2749.066 rows=460150 loops=1)
                                ->  Nested Loop  (cost=4.54..52476.91 rows=19 width=34) (actual time=0.071..2505.488 rows=44414 loops=1)
                                      ->  Nested Loop  (cost=4.40..52132.34 rows=2119 width=38) (actual time=0.070..2449.455 rows=50884 loops=1)
                                            Join Filter: (t.id = mi.movie_id)
                                            ->  Hash Join  (cost=3.97..48970.20 rows=1361 width=30) (actual time=0.055..1419.866 rows=106971 loops=1)
                                                  Hash Cond: (t.kind_id = kt.id)
                                                  ->  Nested Loop  (cost=2.86..48914.99 rows=4764 width=34) (actual time=0.027..1392.382 rows=140455 loops=1)
                                                        ->  Hash Join  (cost=2.43..42044.72 rows=11890 width=9) (actual time=0.020..442.381 rows=454230 loops=1)
                                                              Hash Cond: (mi_idx.info_type_id = it2.id)
                                                              ->  Seq Scan on movie_info_idx mi_idx  (cost=0.00..25185.44 rows=1343555 width=13) (actual time=0.005..288.033 rows=1343555 loops=1)
                                                                    Filter: (info < '8.5'::text)
                                                                    Rows Removed by Filter: 36480
                                                              ->  Hash  (cost=2.41..2.41 rows=1 width=4) (actual time=0.010..0.010 rows=1 loops=1)
                                                                    Buckets: 1024  Batches: 1  Memory Usage: 9kB
                                                                    ->  Seq Scan on info_type it2  (cost=0.00..2.41 rows=1 width=4) (actual time=0.009..0.010 rows=1 loops=1)
                                                                          Filter: ((info)::text = 'rating'::text)
                                                                          Rows Removed by Filter: 112
                                                        ->  Index Scan using title_pkey on title t  (cost=0.43..0.58 rows=1 width=25) (actual time=0.002..0.002 rows=0 loops=454230)
                                                              Index Cond: (id = mi_idx.movie_id)
                                                              Filter: (production_year > 2005)
                                                              Rows Removed by Filter: 1
                                                  ->  Hash  (cost=1.09..1.09 rows=2 width=4) (actual time=0.009..0.009 rows=2 loops=1)
                                                        Buckets: 1024  Batches: 1  Memory Usage: 9kB
                                                        ->  Seq Scan on kind_type kt  (cost=0.00..1.09 rows=2 width=4) (actual time=0.006..0.007 rows=2 loops=1)
                                                              Filter: ((kind)::text = ANY ('{movie,episode}'::text[]))
                                                              Rows Removed by Filter: 5
                                            ->  Index Scan using movie_id_movie_info on movie_info mi  (cost=0.43..2.30 rows=2 width=8) (actual time=0.008..0.009 rows=0 loops=106971)
                                                  Index Cond: (movie_id = mi_idx.movie_id)
                                                  Filter: (info = ANY ('{Sweden,Norway,Germany,Denmark,Swedish,Danish,Norwegian,German,USA,American}'::text[]))
                                                  Rows Removed by Filter: 14
                                      ->  Index Scan using info_type_pkey on info_type it1  (cost=0.14..0.16 rows=1 width=4) (actual time=0.001..0.001 rows=1 loops=50884)
                                            Index Cond: (id = mi.info_type_id)
                                            Filter: ((info)::text = 'countries'::text)
                                            Rows Removed by Filter: 0
                                ->  Index Scan using movie_id_movie_keyword on movie_keyword mk  (cost=0.43..1.37 rows=45 width=8) (actual time=0.002..0.004 rows=10 loops=44414)
                                      Index Cond: (movie_id = t.id)
                          ->  Index Scan using keyword_pkey on keyword k  (cost=0.42..0.44 rows=1 width=4) (actual time=0.002..0.002 rows=0 loops=460150)
                                Index Cond: (id = mk.keyword_id)
                                Filter: (keyword = ANY ('{murder,murder-in-title,blood,violence}'::text[]))
                                Rows Removed by Filter: 1
                    ->  Index Scan using movie_id_movie_companies on movie_companies mc  (cost=0.43..0.54 rows=5 width=12) (actual time=0.003..0.006 rows=16 loops=4115)
                          Index Cond: (movie_id = mk.movie_id)
              ->  Index Scan using company_name_pkey on company_name cn  (cost=0.42..0.45 rows=1 width=23) (actual time=0.002..0.002 rows=1 loops=64848)
                    Index Cond: (id = mc.company_id)
                    Filter: ((country_code)::text <> '[us]'::text)
                    Rows Removed by Filter: 0
        ->  Index Only Scan using company_type_pkey on company_type ct  (cost=0.13..0.15 rows=1 width=4) (actual time=0.001..0.001 rows=1 loops=46281)
              Index Cond: (id = mc.company_type_id)
              Heap Fetches: 46281
Planning time: 18.931 ms
Execution time: 3844.461 ms
