Aggregate  (cost=46763.94..46763.95 rows=1 width=64) (actual time=126.259..126.259 rows=1 loops=1)
  ->  Nested Loop  (cost=4.04..46763.93 rows=3 width=27) (actual time=72.927..126.070 rows=618 loops=1)
        ->  Nested Loop  (cost=3.62..46762.61 rows=3 width=31) (actual time=72.922..124.844 rows=618 loops=1)
              ->  Nested Loop  (cost=3.18..46760.83 rows=1 width=43) (actual time=72.916..124.631 rows=6 loops=1)
                    ->  Nested Loop  (cost=3.05..46760.68 rows=1 width=47) (actual time=72.913..124.608 rows=6 loops=1)
                          ->  Nested Loop  (cost=2.63..46760.23 rows=1 width=51) (actual time=72.908..124.587 rows=6 loops=1)
                                ->  Nested Loop  (cost=2.20..46759.59 rows=1 width=39) (actual time=72.903..124.567 rows=5 loops=1)
                                      ->  Nested Loop  (cost=2.06..46759.39 rows=1 width=43) (actual time=72.900..124.557 rows=5 loops=1)
                                            ->  Nested Loop  (cost=1.62..46139.01 rows=298 width=35) (actual time=0.033..72.648 rows=1033 loops=1)
                                                  ->  Nested Loop  (cost=1.49..45818.35 rows=2083 width=29) (actual time=0.031..70.868 rows=2083 loops=1)
                                                        ->  Hash Join  (cost=1.06..3488.66 rows=24592 width=4) (actual time=0.016..22.178 rows=24592 loops=1)
                                                              Hash Cond: (cc.status_id = cct1.id)
                                                              ->  Seq Scan on complete_cast cc  (cost=0.00..2081.86 rows=135086 width=8) (actual time=0.007..9.059 rows=135086 loops=1)
                                                              ->  Hash  (cost=1.05..1.05 rows=1 width=4) (actual time=0.004..0.004 rows=1 loops=1)
                                                                    Buckets: 1024  Batches: 1  Memory Usage: 9kB
                                                                    ->  Seq Scan on comp_cast_type cct1  (cost=0.00..1.05 rows=1 width=4) (actual time=0.003..0.003 rows=1 loops=1)
                                                                          Filter: ((kind)::text = 'complete+verified'::text)
                                                                          Rows Removed by Filter: 3
                                                        ->  Index Scan using title_pkey on title t  (cost=0.43..1.72 rows=1 width=25) (actual time=0.002..0.002 rows=0 loops=24592)
                                                              Index Cond: (id = cc.movie_id)
                                                              Filter: (production_year > 2000)
                                                              Rows Removed by Filter: 1
                                                  ->  Index Scan using kind_type_pkey on kind_type kt  (cost=0.13..0.15 rows=1 width=14) (actual time=0.001..0.001 rows=0 loops=2083)
                                                        Index Cond: (id = t.kind_id)
                                                        Filter: ((kind)::text = 'movie'::text)
                                                        Rows Removed by Filter: 1
                                            ->  Index Scan using movie_id_movie_info on movie_info mi  (cost=0.43..2.07 rows=1 width=8) (actual time=0.050..0.050 rows=0 loops=1033)
                                                  Index Cond: (movie_id = t.id)
                                                  Filter: ((info IS NOT NULL) AND (note ~~ '%internet%'::text) AND ((info ~~ 'USA:% 199%'::text) OR (info ~~ 'USA:% 200%'::text)))
                                                  Rows Removed by Filter: 211
                                      ->  Index Scan using info_type_pkey on info_type it1  (cost=0.14..0.17 rows=1 width=4) (actual time=0.001..0.001 rows=1 loops=5)
                                            Index Cond: (id = mi.info_type_id)
                                            Filter: ((info)::text = 'release dates'::text)
                                ->  Index Scan using movie_id_movie_companies on movie_companies mc  (cost=0.43..0.59 rows=5 width=12) (actual time=0.003..0.003 rows=1 loops=5)
                                      Index Cond: (movie_id = t.id)
                          ->  Index Scan using company_name_pkey on company_name cn  (cost=0.42..0.45 rows=1 width=4) (actual time=0.003..0.003 rows=1 loops=6)
                                Index Cond: (id = mc.company_id)
                                Filter: ((country_code)::text = '[us]'::text)
                    ->  Index Only Scan using company_type_pkey on company_type ct  (cost=0.13..0.15 rows=1 width=4) (actual time=0.003..0.003 rows=1 loops=6)
                          Index Cond: (id = mc.company_type_id)
                          Heap Fetches: 6
              ->  Index Scan using movie_id_movie_keyword on movie_keyword mk  (cost=0.43..1.33 rows=45 width=8) (actual time=0.004..0.019 rows=103 loops=6)
                    Index Cond: (movie_id = t.id)
        ->  Index Only Scan using keyword_pkey on keyword k  (cost=0.42..0.44 rows=1 width=4) (actual time=0.002..0.002 rows=1 loops=618)
              Index Cond: (id = mk.keyword_id)
              Heap Fetches: 618
Planning time: 18.044 ms
Execution time: 126.325 ms
