Aggregate  (cost=48184.76..48184.77 rows=1 width=64) (actual time=125.035..125.035 rows=1 loops=1)
  ->  Nested Loop  (cost=4.04..48184.75 rows=1 width=27) (actual time=74.010..125.027 rows=16 loops=1)
        ->  Nested Loop  (cost=3.91..48184.60 rows=1 width=31) (actual time=74.007..125.006 rows=16 loops=1)
              ->  Nested Loop  (cost=3.49..48184.15 rows=1 width=35) (actual time=74.001..124.970 rows=16 loops=1)
                    ->  Nested Loop  (cost=3.07..48183.70 rows=1 width=39) (actual time=72.871..123.700 rows=618 loops=1)
                          ->  Nested Loop  (cost=2.63..48181.92 rows=1 width=51) (actual time=72.866..123.508 rows=6 loops=1)
                                ->  Nested Loop  (cost=2.49..48181.72 rows=1 width=55) (actual time=72.863..123.496 rows=6 loops=1)
                                      ->  Nested Loop  (cost=2.06..48181.08 rows=1 width=43) (actual time=72.857..123.475 rows=5 loops=1)
                                            ->  Nested Loop  (cost=1.62..46139.01 rows=1033 width=35) (actual time=0.032..72.585 rows=1033 loops=1)
                                                  ->  Nested Loop  (cost=1.49..45818.35 rows=2083 width=29) (actual time=0.030..70.764 rows=2083 loops=1)
                                                        ->  Hash Join  (cost=1.06..3488.66 rows=24592 width=4) (actual time=0.015..22.235 rows=24592 loops=1)
                                                              Hash Cond: (cc.status_id = cct1.id)
                                                              ->  Seq Scan on complete_cast cc  (cost=0.00..2081.86 rows=135086 width=8) (actual time=0.006..9.039 rows=135086 loops=1)
                                                              ->  Hash  (cost=1.05..1.05 rows=1 width=4) (actual time=0.004..0.004 rows=1 loops=1)
                                                                    Buckets: 1024  Batches: 1  Memory Usage: 9kB
                                                                    ->  Seq Scan on comp_cast_type cct1  (cost=0.00..1.05 rows=1 width=4) (actual time=0.003..0.003 rows=1 loops=1)
                                                                          Filter: ((kind)::text = 'complete+verified'::text)
                                                                          Rows Removed by Filter: 3
                                                        ->  Index Scan using title_pkey on title t  (cost=0.43..1.72 rows=1 width=25) (actual time=0.002..0.002 rows=0 loops=24592)
                                                              Index Cond: (id = cc.movie_id)
                                                              Filter: (production_year > 2000)
                                                              Rows Removed by Filter: 1
                                                  ->  Index Scan using kind_type_pkey on kind_type kt  (cost=0.13..0.15 rows=1 width=14) (actual time=0.001..0.001 rows=0 loops=2083)
                                                        Index Cond: (id = t.kind_id)
                                                        Filter: ((kind)::text = 'movie'::text)
                                                        Rows Removed by Filter: 1
                                            ->  Index Scan using movie_id_movie_info on movie_info mi  (cost=0.43..1.97 rows=1 width=8) (actual time=0.049..0.049 rows=0 loops=1033)
                                                  Index Cond: (movie_id = t.id)
                                                  Filter: ((note ~~ '%internet%'::text) AND (info ~~ 'USA:% 200%'::text))
                                                  Rows Removed by Filter: 211
                                      ->  Index Scan using movie_id_movie_companies on movie_companies mc  (cost=0.43..0.59 rows=5 width=12) (actual time=0.003..0.003 rows=1 loops=5)
                                            Index Cond: (movie_id = t.id)
                                ->  Index Scan using info_type_pkey on info_type it1  (cost=0.14..0.17 rows=1 width=4) (actual time=0.001..0.001 rows=1 loops=6)
                                      Index Cond: (id = mi.info_type_id)
                                      Filter: ((info)::text = 'release dates'::text)
                          ->  Index Scan using movie_id_movie_keyword on movie_keyword mk  (cost=0.43..1.33 rows=45 width=8) (actual time=0.003..0.018 rows=103 loops=6)
                                Index Cond: (movie_id = t.id)
                    ->  Index Scan using keyword_pkey on keyword k  (cost=0.42..0.44 rows=1 width=4) (actual time=0.002..0.002 rows=0 loops=618)
                          Index Cond: (id = mk.keyword_id)
                          Filter: (keyword = ANY ('{nerd,loner,alienation,dignity}'::text[]))
                          Rows Removed by Filter: 1
              ->  Index Scan using company_name_pkey on company_name cn  (cost=0.42..0.45 rows=1 width=4) (actual time=0.002..0.002 rows=1 loops=16)
                    Index Cond: (id = mc.company_id)
                    Filter: ((country_code)::text = '[us]'::text)
        ->  Index Only Scan using company_type_pkey on company_type ct  (cost=0.13..0.15 rows=1 width=4) (actual time=0.001..0.001 rows=1 loops=16)
              Index Cond: (id = mc.company_type_id)
              Heap Fetches: 16
Planning time: 18.068 ms
Execution time: 125.099 ms
