Aggregate  (cost=49772.74..49772.75 rows=1 width=64) (actual time=122.914..122.914 rows=1 loops=1)
  ->  Nested Loop  (cost=5.00..49772.74 rows=1 width=27) (actual time=73.349..122.906 rows=16 loops=1)
        ->  Nested Loop  (cost=4.87..49772.58 rows=1 width=31) (actual time=73.345..122.885 rows=16 loops=1)
              ->  Nested Loop  (cost=4.45..49772.14 rows=1 width=35) (actual time=73.341..122.853 rows=16 loops=1)
                    Join Filter: (t.id = mc.movie_id)
                    ->  Nested Loop  (cost=4.02..49771.54 rows=1 width=43) (actual time=73.338..122.816 rows=16 loops=1)
                          ->  Nested Loop  (cost=3.60..49771.08 rows=1 width=47) (actual time=72.363..121.619 rows=615 loops=1)
                                ->  Nested Loop  (cost=3.17..49769.31 rows=1 width=39) (actual time=72.358..121.442 rows=5 loops=1)
                                      ->  Nested Loop  (cost=3.03..49767.59 rows=10 width=43) (actual time=72.355..121.432 rows=5 loops=1)
                                            ->  Hash Join  (cost=2.59..45972.05 rows=1920 width=35) (actual time=0.035..70.359 rows=1033 loops=1)
                                                  Hash Cond: (t.kind_id = kt.id)
                                                  ->  Nested Loop  (cost=1.49..45818.35 rows=13437 width=29) (actual time=0.024..70.039 rows=2083 loops=1)
                                                        ->  Hash Join  (cost=1.06..3488.66 rows=24592 width=4) (actual time=0.010..22.306 rows=24592 loops=1)
                                                              Hash Cond: (cc.status_id = cct1.id)
                                                              ->  Seq Scan on complete_cast cc  (cost=0.00..2081.86 rows=135086 width=8) (actual time=0.004..9.157 rows=135086 loops=1)
                                                              ->  Hash  (cost=1.05..1.05 rows=1 width=4) (actual time=0.003..0.003 rows=1 loops=1)
                                                                    Buckets: 1024  Batches: 1  Memory Usage: 9kB
                                                                    ->  Seq Scan on comp_cast_type cct1  (cost=0.00..1.05 rows=1 width=4) (actual time=0.002..0.002 rows=1 loops=1)
                                                                          Filter: ((kind)::text = 'complete+verified'::text)
                                                                          Rows Removed by Filter: 3
                                                        ->  Index Scan using title_pkey on title t  (cost=0.43..1.72 rows=1 width=25) (actual time=0.002..0.002 rows=0 loops=24592)
                                                              Index Cond: (id = cc.movie_id)
                                                              Filter: (production_year > 2000)
                                                              Rows Removed by Filter: 1
                                                  ->  Hash  (cost=1.09..1.09 rows=1 width=14) (actual time=0.007..0.007 rows=1 loops=1)
                                                        Buckets: 1024  Batches: 1  Memory Usage: 9kB
                                                        ->  Seq Scan on kind_type kt  (cost=0.00..1.09 rows=1 width=14) (actual time=0.005..0.006 rows=1 loops=1)
                                                              Filter: ((kind)::text = 'movie'::text)
                                                              Rows Removed by Filter: 6
                                            ->  Index Scan using movie_id_movie_info on movie_info mi  (cost=0.43..1.97 rows=1 width=8) (actual time=0.049..0.049 rows=0 loops=1033)
                                                  Index Cond: (movie_id = t.id)
                                                  Filter: ((note ~~ '%internet%'::text) AND (info ~~ 'USA:% 200%'::text))
                                                  Rows Removed by Filter: 211
                                      ->  Index Scan using info_type_pkey on info_type it1  (cost=0.14..0.17 rows=1 width=4) (actual time=0.001..0.001 rows=1 loops=5)
                                            Index Cond: (id = mi.info_type_id)
                                            Filter: ((info)::text = 'release dates'::text)
                                ->  Index Scan using movie_id_movie_keyword on movie_keyword mk  (cost=0.43..1.33 rows=45 width=8) (actual time=0.003..0.020 rows=123 loops=5)
                                      Index Cond: (movie_id = t.id)
                          ->  Index Scan using keyword_pkey on keyword k  (cost=0.42..0.44 rows=1 width=4) (actual time=0.002..0.002 rows=0 loops=615)
                                Index Cond: (id = mk.keyword_id)
                                Filter: (keyword = ANY ('{nerd,loner,alienation,dignity}'::text[]))
                                Rows Removed by Filter: 1
                    ->  Index Scan using movie_id_movie_companies on movie_companies mc  (cost=0.43..0.54 rows=5 width=12) (actual time=0.002..0.002 rows=1 loops=16)
                          Index Cond: (movie_id = mk.movie_id)
              ->  Index Scan using company_name_pkey on company_name cn  (cost=0.42..0.45 rows=1 width=4) (actual time=0.002..0.002 rows=1 loops=16)
                    Index Cond: (id = mc.company_id)
                    Filter: ((country_code)::text = '[us]'::text)
        ->  Index Only Scan using company_type_pkey on company_type ct  (cost=0.13..0.15 rows=1 width=4) (actual time=0.001..0.001 rows=1 loops=16)
              Index Cond: (id = mc.company_type_id)
              Heap Fetches: 16
Planning time: 18.196 ms
Execution time: 122.980 ms
