Aggregate  (cost=55799.03..55799.04 rows=1 width=64) (actual time=246.486..246.487 rows=1 loops=1)
  ->  Nested Loop  (cost=5.06..55798.96 rows=15 width=27) (actual time=41.653..246.334 rows=628 loops=1)
        ->  Nested Loop  (cost=4.93..55796.77 rows=15 width=31) (actual time=41.651..245.717 rows=628 loops=1)
              ->  Nested Loop  (cost=4.51..55794.54 rows=5 width=35) (actual time=41.645..244.709 rows=628 loops=1)
                    ->  Nested Loop  (cost=4.09..55792.35 rows=5 width=39) (actual time=41.640..243.376 rows=628 loops=1)
                          ->  Nested Loop  (cost=3.66..55790.60 rows=1 width=51) (actual time=41.634..243.137 rows=7 loops=1)
                                ->  Nested Loop  (cost=3.23..55789.34 rows=2 width=39) (actual time=41.629..243.103 rows=6 loops=1)
                                      ->  Nested Loop  (cost=3.08..55788.81 rows=3 width=43) (actual time=41.626..243.089 rows=6 loops=1)
                                            ->  Hash Join  (cost=2.65..45892.46 rows=5053 width=35) (actual time=0.035..76.856 rows=5053 loops=1)
                                                  Hash Cond: (t.kind_id = kt.id)
                                                  ->  Nested Loop  (cost=1.49..45818.35 rows=6424 width=29) (actual time=0.022..75.689 rows=6424 loops=1)
                                                        ->  Hash Join  (cost=1.06..3488.66 rows=24592 width=4) (actual time=0.010..22.285 rows=24592 loops=1)
                                                              Hash Cond: (cc.status_id = cct1.id)
                                                              ->  Seq Scan on complete_cast cc  (cost=0.00..2081.86 rows=135086 width=8) (actual time=0.004..9.164 rows=135086 loops=1)
                                                              ->  Hash  (cost=1.05..1.05 rows=1 width=4) (actual time=0.003..0.003 rows=1 loops=1)
                                                                    Buckets: 1024  Batches: 1  Memory Usage: 9kB
                                                                    ->  Seq Scan on comp_cast_type cct1  (cost=0.00..1.05 rows=1 width=4) (actual time=0.002..0.002 rows=1 loops=1)
                                                                          Filter: ((kind)::text = 'complete+verified'::text)
                                                                          Rows Removed by Filter: 3
                                                        ->  Index Scan using title_pkey on title t  (cost=0.43..1.72 rows=1 width=25) (actual time=0.002..0.002 rows=0 loops=24592)
                                                              Index Cond: (id = cc.movie_id)
                                                              Filter: (production_year > 1990)
                                                              Rows Removed by Filter: 1
                                                  ->  Hash  (cost=1.10..1.10 rows=4 width=14) (actual time=0.009..0.009 rows=4 loops=1)
                                                        Buckets: 1024  Batches: 1  Memory Usage: 9kB
                                                        ->  Seq Scan on kind_type kt  (cost=0.00..1.10 rows=4 width=14) (actual time=0.005..0.007 rows=4 loops=1)
                                                              Filter: ((kind)::text = ANY ('{movie,"tv movie","video movie","video game"}'::text[]))
                                                              Rows Removed by Filter: 3
                                            ->  Index Scan using movie_id_movie_info on movie_info mi  (cost=0.43..1.95 rows=1 width=8) (actual time=0.033..0.033 rows=0 loops=5053)
                                                  Index Cond: (movie_id = t.id)
                                                  Filter: ((info IS NOT NULL) AND (note ~~ '%internet%'::text) AND ((info ~~ 'USA:% 199%'::text) OR (info ~~ 'USA:% 200%'::text)))
                                                  Rows Removed by Filter: 123
                                      ->  Index Scan using info_type_pkey on info_type it1  (cost=0.14..0.17 rows=1 width=4) (actual time=0.002..0.002 rows=1 loops=6)
                                            Index Cond: (id = mi.info_type_id)
                                            Filter: ((info)::text = 'release dates'::text)
                                ->  Index Scan using movie_id_movie_companies on movie_companies mc  (cost=0.43..0.58 rows=5 width=12) (actual time=0.005..0.005 rows=1 loops=6)
                                      Index Cond: (movie_id = t.id)
                          ->  Index Scan using movie_id_movie_keyword on movie_keyword mk  (cost=0.43..1.30 rows=45 width=8) (actual time=0.004..0.019 rows=90 loops=7)
                                Index Cond: (movie_id = t.id)
                    ->  Index Only Scan using keyword_pkey on keyword k  (cost=0.42..0.44 rows=1 width=4) (actual time=0.002..0.002 rows=1 loops=628)
                          Index Cond: (id = mk.keyword_id)
                          Heap Fetches: 628
              ->  Index Scan using company_name_pkey on company_name cn  (cost=0.42..0.45 rows=1 width=4) (actual time=0.001..0.001 rows=1 loops=628)
                    Index Cond: (id = mc.company_id)
                    Filter: ((country_code)::text = '[us]'::text)
        ->  Index Only Scan using company_type_pkey on company_type ct  (cost=0.13..0.15 rows=1 width=4) (actual time=0.001..0.001 rows=1 loops=628)
              Index Cond: (id = mc.company_type_id)
              Heap Fetches: 628
Planning time: 18.039 ms
Execution time: 246.554 ms
