Aggregate  (cost=154557.82..154557.83 rows=1 width=96) (actual time=765.528..765.528 rows=1 loops=1)
  ->  Nested Loop  (cost=2798.74..154557.81 rows=1 width=48) (actual time=177.080..765.433 rows=275 loops=1)
        ->  Nested Loop  (cost=2798.60..154557.63 rows=1 width=52) (actual time=177.077..765.149 rows=275 loops=1)
              Join Filter: (t.id = mi.movie_id)
              ->  Nested Loop  (cost=2798.17..154524.96 rows=1 width=64) (actual time=177.067..761.224 rows=125 loops=1)
                    Join Filter: (n.id = an.person_id)
                    ->  Nested Loop  (cost=2797.74..154522.85 rows=1 width=72) (actual time=170.432..760.985 rows=107 loops=1)
                          ->  Nested Loop  (cost=2797.31..154521.15 rows=1 width=60) (actual time=170.426..760.754 rows=109 loops=1)
                                ->  Hash Join  (cost=2796.88..154512.12 rows=5 width=41) (actual time=26.348..757.578 rows=1608 loops=1)
                                      Hash Cond: (ci.role_id = rt.id)
                                      ->  Nested Loop  (cost=2795.72..154510.21 rows=63 width=45) (actual time=26.328..756.857 rows=7316 loops=1)
                                            Join Filter: (t.id = ci.movie_id)
                                            ->  Nested Loop  (cost=2795.15..147373.50 rows=184 width=29) (actual time=16.991..657.143 rows=1576 loops=1)
                                                  ->  Nested Loop  (cost=2794.73..146621.50 rows=511 width=33) (actual time=16.987..646.674 rows=5566 loops=1)
                                                        Join Filter: (t.id = mc.movie_id)
                                                        ->  Nested Loop  (cost=2794.30..144910.59 rows=495 width=25) (actual time=16.982..643.363 rows=495 loops=1)
                                                              ->  Hash Join  (cost=2793.88..129601.49 rows=9696 width=4) (actual time=14.652..624.062 rows=9696 loops=1)
                                                                    Hash Cond: (mk.keyword_id = k.id)
                                                                    ->  Seq Scan on movie_keyword mk  (cost=0.00..69693.30 rows=4523930 width=8) (actual time=0.004..285.823 rows=4523930 loops=1)
                                                                    ->  Hash  (cost=2793.84..2793.84 rows=3 width=4) (actual time=14.212..14.212 rows=3 loops=1)
                                                                          Buckets: 1024  Batches: 1  Memory Usage: 9kB
                                                                          ->  Seq Scan on keyword k  (cost=0.00..2793.84 rows=3 width=4) (actual time=0.009..14.211 rows=3 loops=1)
                                                                                Filter: (keyword = ANY ('{hero,martial-arts,hand-to-hand-combat}'::text[]))
                                                                                Rows Removed by Filter: 134167
                                                              ->  Index Scan using title_pkey on title t  (cost=0.43..1.58 rows=1 width=21) (actual time=0.002..0.002 rows=0 loops=9696)
                                                                    Index Cond: (id = mk.movie_id)
                                                                    Filter: (production_year > 2010)
                                                                    Rows Removed by Filter: 1
                                                        ->  Index Scan using movie_id_movie_companies on movie_companies mc  (cost=0.43..3.39 rows=5 width=8) (actual time=0.003..0.005 rows=11 loops=495)
                                                              Index Cond: (movie_id = mk.movie_id)
                                                  ->  Index Scan using company_name_pkey on company_name cn  (cost=0.42..1.47 rows=1 width=4) (actual time=0.002..0.002 rows=0 loops=5566)
                                                        Index Cond: (id = mc.company_id)
                                                        Filter: ((country_code)::text = '[us]'::text)
                                                        Rows Removed by Filter: 1
                                            ->  Index Scan using movie_id_cast_info on cast_info ci  (cost=0.56..38.77 rows=1 width=16) (actual time=0.042..0.062 rows=5 loops=1576)
                                                  Index Cond: (movie_id = mk.movie_id)
                                                  Filter: (note = ANY ('{(voice),"(voice: Japanese version)","(voice) (uncredited)","(voice: English version)"}'::text[]))
                                                  Rows Removed by Filter: 136
                                      ->  Hash  (cost=1.15..1.15 rows=1 width=4) (actual time=0.007..0.007 rows=1 loops=1)
                                            Buckets: 1024  Batches: 1  Memory Usage: 9kB
                                            ->  Seq Scan on role_type rt  (cost=0.00..1.15 rows=1 width=4) (actual time=0.005..0.006 rows=1 loops=1)
                                                  Filter: ((role)::text = 'actress'::text)
                                                  Rows Removed by Filter: 11
                                ->  Index Scan using name_pkey on name n  (cost=0.43..1.81 rows=1 width=19) (actual time=0.002..0.002 rows=0 loops=1608)
                                      Index Cond: (id = ci.person_id)
                                      Filter: ((name ~~ '%An%'::text) AND ((gender)::text = 'f'::text))
                                      Rows Removed by Filter: 1
                          ->  Index Scan using char_name_pkey on char_name chn  (cost=0.43..1.71 rows=1 width=20) (actual time=0.002..0.002 rows=1 loops=109)
                                Index Cond: (id = ci.person_role_id)
                    ->  Index Only Scan using person_id_aka_name on aka_name an  (cost=0.42..2.08 rows=2 width=4) (actual time=0.002..0.002 rows=1 loops=107)
                          Index Cond: (person_id = ci.person_id)
                          Heap Fetches: 125
              ->  Index Scan using movie_id_movie_info on movie_info mi  (cost=0.43..32.66 rows=1 width=8) (actual time=0.006..0.031 rows=2 loops=125)
                    Index Cond: (movie_id = mk.movie_id)
                    Filter: ((info IS NOT NULL) AND ((info ~~ 'Japan:%201%'::text) OR (info ~~ 'USA:%201%'::text)))
                    Rows Removed by Filter: 126
        ->  Index Scan using info_type_pkey on info_type it  (cost=0.14..0.16 rows=1 width=4) (actual time=0.001..0.001 rows=1 loops=275)
              Index Cond: (id = mi.info_type_id)
              Filter: ((info)::text = 'release dates'::text)
Planning time: 47.288 ms
Execution time: 765.596 ms
