Aggregate  (cost=130147.01..130147.02 rows=1 width=96) (actual time=1261.724..1261.724 rows=1 loops=1)
  ->  Nested Loop  (cost=2797.72..130147.01 rows=1 width=48) (actual time=203.984..1261.623 rows=275 loops=1)
        ->  Nested Loop  (cost=2797.29..130145.20 rows=1 width=41) (actual time=26.994..1249.353 rows=6518 loops=1)
              ->  Nested Loop  (cost=2797.15..130145.03 rows=1 width=45) (actual time=26.846..1213.871 rows=36578 loops=1)
                    ->  Nested Loop  (cost=2797.01..130144.84 rows=1 width=49) (actual time=26.844..1176.934 rows=36578 loops=1)
                          Join Filter: (t.id = mi.movie_id)
                          ->  Nested Loop  (cost=2796.57..130079.51 rows=2 width=61) (actual time=26.834..813.730 rows=20986 loops=1)
                                ->  Nested Loop  (cost=2796.15..130077.41 rows=1 width=57) (actual time=26.829..791.656 rows=7195 loops=1)
                                      ->  Nested Loop  (cost=2795.72..130074.00 rows=2 width=45) (actual time=26.824..774.424 rows=7316 loops=1)
                                            Join Filter: (t.id = ci.movie_id)
                                            ->  Nested Loop  (cost=2795.15..129841.28 rows=6 width=29) (actual time=17.418..667.650 rows=1576 loops=1)
                                                  ->  Nested Loop  (cost=2794.73..129816.26 rows=17 width=33) (actual time=17.414..655.950 rows=5566 loops=1)
                                                        Join Filter: (t.id = mc.movie_id)
                                                        ->  Nested Loop  (cost=2794.30..129760.96 rows=16 width=25) (actual time=17.409..652.390 rows=495 loops=1)
                                                              ->  Hash Join  (cost=2793.88..129601.49 rows=101 width=4) (actual time=15.027..632.780 rows=9696 loops=1)
                                                                    Hash Cond: (mk.keyword_id = k.id)
                                                                    ->  Seq Scan on movie_keyword mk  (cost=0.00..69693.30 rows=4523930 width=8) (actual time=0.006..288.292 rows=4523930 loops=1)
                                                                    ->  Hash  (cost=2793.84..2793.84 rows=3 width=4) (actual time=14.556..14.556 rows=3 loops=1)
                                                                          Buckets: 1024  Batches: 1  Memory Usage: 9kB
                                                                          ->  Seq Scan on keyword k  (cost=0.00..2793.84 rows=3 width=4) (actual time=0.010..14.555 rows=3 loops=1)
                                                                                Filter: (keyword = ANY ('{hero,martial-arts,hand-to-hand-combat}'::text[]))
                                                                                Rows Removed by Filter: 134167
                                                              ->  Index Scan using title_pkey on title t  (cost=0.43..1.58 rows=1 width=21) (actual time=0.002..0.002 rows=0 loops=9696)
                                                                    Index Cond: (id = mk.movie_id)
                                                                    Filter: (production_year > 2010)
                                                                    Rows Removed by Filter: 1
                                                        ->  Index Scan using movie_id_movie_companies on movie_companies mc  (cost=0.43..3.39 rows=5 width=8) (actual time=0.003..0.005 rows=11 loops=495)
                                                              Index Cond: (movie_id = mk.movie_id)
                                                  ->  Index Scan using company_name_pkey on company_name cn  (cost=0.42..1.47 rows=1 width=4) (actual time=0.002..0.002 rows=0 loops=5566)
                                                        Index Cond: (id = mc.company_id)
                                                        Filter: ((country_code)::text = '[us]'::text)
                                                        Rows Removed by Filter: 1
                                            ->  Index Scan using movie_id_cast_info on cast_info ci  (cost=0.56..38.77 rows=1 width=16) (actual time=0.043..0.067 rows=5 loops=1576)
                                                  Index Cond: (movie_id = mk.movie_id)
                                                  Filter: (note = ANY ('{(voice),"(voice: Japanese version)","(voice) (uncredited)","(voice: English version)"}'::text[]))
                                                  Rows Removed by Filter: 136
                                      ->  Index Scan using char_name_pkey on char_name chn  (cost=0.43..1.71 rows=1 width=20) (actual time=0.002..0.002 rows=1 loops=7316)
                                            Index Cond: (id = ci.person_role_id)
                                ->  Index Only Scan using person_id_aka_name on aka_name an  (cost=0.42..2.08 rows=2 width=4) (actual time=0.002..0.002 rows=3 loops=7195)
                                      Index Cond: (person_id = ci.person_id)
                                      Heap Fetches: 20986
                          ->  Index Scan using movie_id_movie_info on movie_info mi  (cost=0.43..32.66 rows=1 width=8) (actual time=0.004..0.017 rows=2 loops=20986)
                                Index Cond: (movie_id = mk.movie_id)
                                Filter: ((info IS NOT NULL) AND ((info ~~ 'Japan:%201%'::text) OR (info ~~ 'USA:%201%'::text)))
                                Rows Removed by Filter: 61
                    ->  Index Scan using info_type_pkey on info_type it  (cost=0.14..0.16 rows=1 width=4) (actual time=0.001..0.001 rows=1 loops=36578)
                          Index Cond: (id = mi.info_type_id)
                          Filter: ((info)::text = 'release dates'::text)
              ->  Index Scan using role_type_pkey on role_type rt  (cost=0.14..0.16 rows=1 width=4) (actual time=0.001..0.001 rows=0 loops=36578)
                    Index Cond: (id = ci.role_id)
                    Filter: ((role)::text = 'actress'::text)
                    Rows Removed by Filter: 1
        ->  Index Scan using name_pkey on name n  (cost=0.43..1.81 rows=1 width=19) (actual time=0.002..0.002 rows=0 loops=6518)
              Index Cond: (id = ci.person_id)
              Filter: ((name ~~ '%An%'::text) AND ((gender)::text = 'f'::text))
              Rows Removed by Filter: 1
Planning time: 47.397 ms
Execution time: 1261.793 ms
