Aggregate  (cost=193098.84..193098.85 rows=1 width=96) (actual time=751.368..751.368 rows=1 loops=1)
  ->  Hash Join  (cost=9793.61..193098.83 rows=2 width=48) (actual time=217.289..751.279 rows=275 loops=1)
        Hash Cond: (mi.info_type_id = it.id)
        ->  Nested Loop  (cost=9791.18..193092.95 rows=275 width=52) (actual time=217.272..751.204 rows=275 loops=1)
              Join Filter: (t.id = mi.movie_id)
              ->  Nested Loop  (cost=9790.75..189009.44 rows=125 width=64) (actual time=217.262..747.407 rows=125 loops=1)
                    ->  Hash Join  (cost=9790.32..181709.25 rows=4044 width=57) (actual time=69.414..740.607 rows=4044 loops=1)
                          Hash Cond: (mc.company_id = cn.id)
                          ->  Nested Loop  (cost=2797.32..174622.47 rows=7428 width=61) (actual time=26.446..696.481 rows=7428 loops=1)
                                Join Filter: (t.id = mc.movie_id)
                                ->  Nested Loop  (cost=2796.89..169852.66 rows=1380 width=53) (actual time=26.440..691.766 rows=1380 loops=1)
                                      ->  Hash Join  (cost=2796.46..168617.79 rows=588 width=49) (actual time=26.435..689.736 rows=588 loops=1)
                                            Hash Cond: (ci.role_id = rt.id)
                                            ->  Nested Loop  (cost=2795.30..168586.11 rows=2568 width=53) (actual time=26.392..689.441 rows=2568 loops=1)
                                                  ->  Nested Loop  (cost=2794.87..164109.89 rows=2625 width=41) (actual time=26.387..682.881 rows=2625 loops=1)
                                                        Join Filter: (t.id = ci.movie_id)
                                                        ->  Nested Loop  (cost=2794.30..144910.59 rows=495 width=25) (actual time=17.008..653.193 rows=495 loops=1)
                                                              ->  Hash Join  (cost=2793.88..129601.49 rows=9696 width=4) (actual time=14.601..634.170 rows=9696 loops=1)
                                                                    Hash Cond: (mk.keyword_id = k.id)
                                                                    ->  Seq Scan on movie_keyword mk  (cost=0.00..69693.30 rows=4523930 width=8) (actual time=0.004..286.691 rows=4523930 loops=1)
                                                                    ->  Hash  (cost=2793.84..2793.84 rows=3 width=4) (actual time=14.125..14.125 rows=3 loops=1)
                                                                          Buckets: 1024  Batches: 1  Memory Usage: 9kB
                                                                          ->  Seq Scan on keyword k  (cost=0.00..2793.84 rows=3 width=4) (actual time=0.010..14.124 rows=3 loops=1)
                                                                                Filter: (keyword = ANY ('{hero,martial-arts,hand-to-hand-combat}'::text[]))
                                                                                Rows Removed by Filter: 134167
                                                              ->  Index Scan using title_pkey on title t  (cost=0.43..1.58 rows=1 width=21) (actual time=0.002..0.002 rows=0 loops=9696)
                                                                    Index Cond: (id = mk.movie_id)
                                                                    Filter: (production_year > 2010)
                                                                    Rows Removed by Filter: 1
                                                        ->  Index Scan using movie_id_cast_info on cast_info ci  (cost=0.56..38.77 rows=1 width=16) (actual time=0.041..0.059 rows=5 loops=495)
                                                              Index Cond: (movie_id = mk.movie_id)
                                                              Filter: (note = ANY ('{(voice),"(voice: Japanese version)","(voice) (uncredited)","(voice: English version)"}'::text[]))
                                                              Rows Removed by Filter: 83
                                                  ->  Index Scan using char_name_pkey on char_name chn  (cost=0.43..1.71 rows=1 width=20) (actual time=0.002..0.002 rows=1 loops=2625)
                                                        Index Cond: (id = ci.person_role_id)
                                            ->  Hash  (cost=1.15..1.15 rows=1 width=4) (actual time=0.003..0.003 rows=1 loops=1)
                                                  Buckets: 1024  Batches: 1  Memory Usage: 9kB
                                                  ->  Seq Scan on role_type rt  (cost=0.00..1.15 rows=1 width=4) (actual time=0.002..0.003 rows=1 loops=1)
                                                        Filter: ((role)::text = 'actress'::text)
                                                        Rows Removed by Filter: 11
                                      ->  Index Only Scan using person_id_aka_name on aka_name an  (cost=0.42..2.08 rows=2 width=4) (actual time=0.002..0.003 rows=2 loops=588)
                                            Index Cond: (person_id = ci.person_id)
                                            Heap Fetches: 1380
                                ->  Index Scan using movie_id_movie_companies on movie_companies mc  (cost=0.43..3.39 rows=5 width=8) (actual time=0.001..0.002 rows=5 loops=1380)
                                      Index Cond: (movie_id = mk.movie_id)
                          ->  Hash  (cost=5932.46..5932.46 rows=84843 width=4) (actual time=42.907..42.907 rows=84843 loops=1)
                                Buckets: 131072  Batches: 1  Memory Usage: 4007kB
                                ->  Seq Scan on company_name cn  (cost=0.00..5932.46 rows=84843 width=4) (actual time=0.006..32.750 rows=84843 loops=1)
                                      Filter: ((country_code)::text = '[us]'::text)
                                      Rows Removed by Filter: 150154
                    ->  Index Scan using name_pkey on name n  (cost=0.43..1.81 rows=1 width=19) (actual time=0.001..0.001 rows=0 loops=4044)
                          Index Cond: (id = ci.person_id)
                          Filter: ((name ~~ '%An%'::text) AND ((gender)::text = 'f'::text))
                          Rows Removed by Filter: 1
              ->  Index Scan using movie_id_movie_info on movie_info mi  (cost=0.43..32.66 rows=1 width=8) (actual time=0.005..0.030 rows=2 loops=125)
                    Index Cond: (movie_id = mk.movie_id)
                    Filter: ((info IS NOT NULL) AND ((info ~~ 'Japan:%201%'::text) OR (info ~~ 'USA:%201%'::text)))
                    Rows Removed by Filter: 126
        ->  Hash  (cost=2.41..2.41 rows=1 width=4) (actual time=0.014..0.014 rows=1 loops=1)
              Buckets: 1024  Batches: 1  Memory Usage: 9kB
              ->  Seq Scan on info_type it  (cost=0.00..2.41 rows=1 width=4) (actual time=0.007..0.012 rows=1 loops=1)
                    Filter: ((info)::text = 'release dates'::text)
                    Rows Removed by Filter: 112
Planning time: 46.713 ms
Execution time: 751.447 ms
