Aggregate  (cost=200791.56..200791.57 rows=1 width=96) (actual time=1190.753..1190.753 rows=1 loops=1)
  ->  Nested Loop  (cost=2800.00..200791.55 rows=1 width=48) (actual time=197.834..1190.657 rows=275 loops=1)
        ->  Nested Loop  (cost=2799.57..200789.75 rows=1 width=41) (actual time=26.871..1178.773 rows=6518 loops=1)
              ->  Nested Loop  (cost=2799.14..200786.34 rows=2 width=29) (actual time=26.865..1167.292 rows=6532 loops=1)
                    ->  Nested Loop  (cost=2798.71..200784.24 rows=1 width=25) (actual time=26.860..1160.009 rows=2778 loops=1)
                          ->  Nested Loop  (cost=2798.58..200784.06 rows=1 width=29) (actual time=26.843..1147.611 rows=13758 loops=1)
                                Join Filter: (t.id = ci.movie_id)
                                ->  Nested Loop  (cost=2798.01..200745.28 rows=1 width=33) (actual time=16.998..892.894 rows=3406 loops=1)
                                      ->  Hash Join  (cost=2797.59..200742.33 rows=2 width=37) (actual time=16.994..869.350 rows=13560 loops=1)
                                            Hash Cond: (mi.info_type_id = it.id)
                                            ->  Nested Loop  (cost=2795.17..200737.59 rows=185 width=41) (actual time=16.977..866.509 rows=13560 loops=1)
                                                  Join Filter: (t.id = mi.movie_id)
                                                  ->  Nested Loop  (cost=2794.73..150102.07 rows=1550 width=33) (actual time=16.963..653.471 rows=5566 loops=1)
                                                        Join Filter: (t.id = mc.movie_id)
                                                        ->  Nested Loop  (cost=2794.30..144910.59 rows=1502 width=25) (actual time=16.958..649.934 rows=495 loops=1)
                                                              ->  Hash Join  (cost=2793.88..129601.49 rows=9696 width=4) (actual time=14.526..630.510 rows=9696 loops=1)
                                                                    Hash Cond: (mk.keyword_id = k.id)
                                                                    ->  Seq Scan on movie_keyword mk  (cost=0.00..69693.30 rows=4523930 width=8) (actual time=0.004..288.008 rows=4523930 loops=1)
                                                                    ->  Hash  (cost=2793.84..2793.84 rows=3 width=4) (actual time=14.053..14.053 rows=3 loops=1)
                                                                          Buckets: 1024  Batches: 1  Memory Usage: 9kB
                                                                          ->  Seq Scan on keyword k  (cost=0.00..2793.84 rows=3 width=4) (actual time=0.010..14.052 rows=3 loops=1)
                                                                                Filter: (keyword = ANY ('{hero,martial-arts,hand-to-hand-combat}'::text[]))
                                                                                Rows Removed by Filter: 134167
                                                              ->  Index Scan using title_pkey on title t  (cost=0.43..1.58 rows=1 width=21) (actual time=0.002..0.002 rows=0 loops=9696)
                                                                    Index Cond: (id = mk.movie_id)
                                                                    Filter: (production_year > 2010)
                                                                    Rows Removed by Filter: 1
                                                        ->  Index Scan using movie_id_movie_companies on movie_companies mc  (cost=0.43..3.39 rows=5 width=8) (actual time=0.003..0.005 rows=11 loops=495)
                                                              Index Cond: (movie_id = mk.movie_id)
                                                  ->  Index Scan using movie_id_movie_info on movie_info mi  (cost=0.43..32.66 rows=1 width=8) (actual time=0.009..0.038 rows=2 loops=5566)
                                                        Index Cond: (movie_id = mk.movie_id)
                                                        Filter: ((info IS NOT NULL) AND ((info ~~ 'Japan:%201%'::text) OR (info ~~ 'USA:%201%'::text)))
                                                        Rows Removed by Filter: 175
                                            ->  Hash  (cost=2.41..2.41 rows=1 width=4) (actual time=0.014..0.014 rows=1 loops=1)
                                                  Buckets: 1024  Batches: 1  Memory Usage: 9kB
                                                  ->  Seq Scan on info_type it  (cost=0.00..2.41 rows=1 width=4) (actual time=0.007..0.013 rows=1 loops=1)
                                                        Filter: ((info)::text = 'release dates'::text)
                                                        Rows Removed by Filter: 112
                                      ->  Index Scan using company_name_pkey on company_name cn  (cost=0.42..1.47 rows=1 width=4) (actual time=0.002..0.002 rows=0 loops=13560)
                                            Index Cond: (id = mc.company_id)
                                            Filter: ((country_code)::text = '[us]'::text)
                                            Rows Removed by Filter: 1
                                ->  Index Scan using movie_id_cast_info on cast_info ci  (cost=0.56..38.77 rows=1 width=16) (actual time=0.048..0.074 rows=4 loops=3406)
                                      Index Cond: (movie_id = mk.movie_id)
                                      Filter: (note = ANY ('{(voice),"(voice: Japanese version)","(voice) (uncredited)","(voice: English version)"}'::text[]))
                                      Rows Removed by Filter: 169
                          ->  Index Scan using role_type_pkey on role_type rt  (cost=0.14..0.16 rows=1 width=4) (actual time=0.001..0.001 rows=0 loops=13758)
                                Index Cond: (id = ci.role_id)
                                Filter: ((role)::text = 'actress'::text)
                                Rows Removed by Filter: 1
                    ->  Index Only Scan using person_id_aka_name on aka_name an  (cost=0.42..2.08 rows=2 width=4) (actual time=0.002..0.002 rows=2 loops=2778)
                          Index Cond: (person_id = ci.person_id)
                          Heap Fetches: 6532
              ->  Index Scan using char_name_pkey on char_name chn  (cost=0.43..1.71 rows=1 width=20) (actual time=0.001..0.001 rows=1 loops=6532)
                    Index Cond: (id = ci.person_role_id)
        ->  Index Scan using name_pkey on name n  (cost=0.43..1.81 rows=1 width=19) (actual time=0.002..0.002 rows=0 loops=6518)
              Index Cond: (id = ci.person_id)
              Filter: ((name ~~ '%An%'::text) AND ((gender)::text = 'f'::text))
              Rows Removed by Filter: 1
Planning time: 47.655 ms
Execution time: 1190.820 ms
