Aggregate  (cost=7340.28..7340.29 rows=1 width=96) (actual time=23.420..23.420 rows=1 loops=1)
  ->  Nested Loop  (cost=4.27..7340.27 rows=1 width=48) (actual time=6.552..23.398 rows=45 loops=1)
        ->  Nested Loop  (cost=4.13..7340.09 rows=1 width=52) (actual time=6.550..23.348 rows=45 loops=1)
              ->  Nested Loop  (cost=4.00..7339.91 rows=1 width=56) (actual time=6.547..23.299 rows=45 loops=1)
                    Join Filter: (t.id = mi.movie_id)
                    ->  Nested Loop  (cost=3.56..7307.25 rows=1 width=68) (actual time=6.532..22.651 rows=25 loops=1)
                          ->  Nested Loop  (cost=3.14..7303.79 rows=2 width=72) (actual time=6.467..21.967 rows=370 loops=1)
                                Join Filter: (t.id = mk.movie_id)
                                ->  Nested Loop  (cost=2.71..7300.79 rows=1 width=64) (actual time=6.461..21.820 rows=15 loops=1)
                                      Join Filter: (n.id = an.person_id)
                                      ->  Nested Loop  (cost=2.28..7294.48 rows=3 width=72) (actual time=6.456..21.803 rows=3 loops=1)
                                            ->  Nested Loop  (cost=1.85..7289.36 rows=3 width=60) (actual time=6.452..21.794 rows=3 loops=1)
                                                  ->  Nested Loop  (cost=1.42..7186.47 rows=57 width=41) (actual time=6.311..21.591 rows=57 loops=1)
                                                        Join Filter: (t.id = ci.movie_id)
                                                        ->  Nested Loop  (cost=0.86..7030.91 rows=4 width=25) (actual time=6.193..21.392 rows=4 loops=1)
                                                              ->  Nested Loop  (cost=0.43..6872.29 rows=99 width=4) (actual time=6.144..21.152 rows=99 loops=1)
                                                                    ->  Seq Scan on company_name cn  (cost=0.00..6519.95 rows=1 width=4) (actual time=6.135..21.082 rows=1 loops=1)
                                                                          Filter: (((country_code)::text = '[us]'::text) AND (name = 'DreamWorks Animation'::text))
                                                                          Rows Removed by Filter: 234996
                                                                    ->  Index Scan using company_id_movie_companies on movie_companies mc  (cost=0.43..351.01 rows=133 width=8) (actual time=0.008..0.057 rows=99 loops=1)
                                                                          Index Cond: (company_id = cn.id)
                                                              ->  Index Scan using title_pkey on title t  (cost=0.43..1.60 rows=1 width=21) (actual time=0.002..0.002 rows=0 loops=99)
                                                                    Index Cond: (id = mc.movie_id)
                                                                    Filter: ((production_year > 2010) AND (title ~~ 'Kung Fu Panda%'::text))
                                                                    Rows Removed by Filter: 1
                                                        ->  Index Scan using movie_id_cast_info on cast_info ci  (cost=0.56..38.88 rows=1 width=16) (actual time=0.009..0.047 rows=14 loops=4)
                                                              Index Cond: (movie_id = mc.movie_id)
                                                              Filter: (note = ANY ('{(voice),"(voice: Japanese version)","(voice) (uncredited)","(voice: English version)"}'::text[]))
                                                              Rows Removed by Filter: 45
                                                  ->  Index Scan using name_pkey on name n  (cost=0.43..1.81 rows=1 width=19) (actual time=0.003..0.003 rows=0 loops=57)
                                                        Index Cond: (id = ci.person_id)
                                                        Filter: ((name ~~ '%An%'::text) AND ((gender)::text = 'f'::text))
                                                        Rows Removed by Filter: 1
                                            ->  Index Scan using char_name_pkey on char_name chn  (cost=0.43..1.71 rows=1 width=20) (actual time=0.002..0.002 rows=1 loops=3)
                                                  Index Cond: (id = ci.person_role_id)
                                      ->  Index Only Scan using person_id_aka_name on aka_name an  (cost=0.42..2.08 rows=2 width=4) (actual time=0.003..0.004 rows=5 loops=3)
                                            Index Cond: (person_id = ci.person_id)
                                            Heap Fetches: 15
                                ->  Index Scan using movie_id_movie_keyword on movie_keyword mk  (cost=0.43..2.44 rows=45 width=8) (actual time=0.002..0.005 rows=25 loops=15)
                                      Index Cond: (movie_id = mc.movie_id)
                          ->  Index Scan using keyword_pkey on keyword k  (cost=0.42..1.46 rows=1 width=4) (actual time=0.002..0.002 rows=0 loops=370)
                                Index Cond: (id = mk.keyword_id)
                                Filter: (keyword = ANY ('{hero,martial-arts,hand-to-hand-combat,computer-animated-movie}'::text[]))
                                Rows Removed by Filter: 1
                    ->  Index Scan using movie_id_movie_info on movie_info mi  (cost=0.43..32.66 rows=1 width=8) (actual time=0.005..0.025 rows=2 loops=25)
                          Index Cond: (movie_id = mk.movie_id)
                          Filter: ((info IS NOT NULL) AND ((info ~~ 'Japan:%201%'::text) OR (info ~~ 'USA:%201%'::text)))
                          Rows Removed by Filter: 104
              ->  Index Scan using role_type_pkey on role_type rt  (cost=0.14..0.16 rows=1 width=4) (actual time=0.001..0.001 rows=1 loops=45)
                    Index Cond: (id = ci.role_id)
                    Filter: ((role)::text = 'actress'::text)
        ->  Index Scan using info_type_pkey on info_type it  (cost=0.14..0.16 rows=1 width=4) (actual time=0.001..0.001 rows=1 loops=45)
              Index Cond: (id = mi.info_type_id)
              Filter: ((info)::text = 'release dates'::text)
Planning time: 47.462 ms
Execution time: 23.490 ms
