Aggregate  (cost=7213.35..7213.36 rows=1 width=96) (actual time=27.012..27.012 rows=1 loops=1)
  ->  Nested Loop  (cost=4.28..7213.34 rows=1 width=48) (actual time=6.629..26.989 rows=45 loops=1)
        ->  Nested Loop  (cost=3.85..7211.54 rows=1 width=41) (actual time=6.624..26.766 rows=109 loops=1)
              ->  Nested Loop  (cost=3.70..7211.36 rows=1 width=45) (actual time=6.622..26.645 rows=109 loops=1)
                    ->  Nested Loop  (cost=3.28..7207.91 rows=2 width=49) (actual time=6.555..23.218 rows=1986 loops=1)
                          Join Filter: (t.id = mk.movie_id)
                          ->  Nested Loop  (cost=2.85..7204.91 rows=1 width=61) (actual time=6.549..22.524 rows=57 loops=1)
                                ->  Nested Loop  (cost=2.42..7203.20 rows=1 width=49) (actual time=6.544..22.397 rows=58 loops=1)
                                      ->  Nested Loop  (cost=2.28..7202.87 rows=2 width=53) (actual time=6.332..22.081 rows=330 loops=1)
                                            ->  Nested Loop  (cost=1.86..7200.77 rows=1 width=49) (actual time=6.323..21.678 rows=125 loops=1)
                                                  Join Filter: (t.id = ci.movie_id)
                                                  ->  Nested Loop  (cost=1.29..7161.88 rows=1 width=33) (actual time=6.313..21.328 rows=5 loops=1)
                                                        Join Filter: (t.id = mi.movie_id)
                                                        ->  Nested Loop  (cost=0.86..7030.91 rows=4 width=25) (actual time=6.188..21.226 rows=4 loops=1)
                                                              ->  Nested Loop  (cost=0.43..6872.29 rows=99 width=4) (actual time=6.143..20.988 rows=99 loops=1)
                                                                    ->  Seq Scan on company_name cn  (cost=0.00..6519.95 rows=1 width=4) (actual time=6.133..20.918 rows=1 loops=1)
                                                                          Filter: (((country_code)::text = '[us]'::text) AND (name = 'DreamWorks Animation'::text))
                                                                          Rows Removed by Filter: 234996
                                                                    ->  Index Scan using company_id_movie_companies on movie_companies mc  (cost=0.43..351.01 rows=133 width=8) (actual time=0.008..0.057 rows=99 loops=1)
                                                                          Index Cond: (company_id = cn.id)
                                                              ->  Index Scan using title_pkey on title t  (cost=0.43..1.60 rows=1 width=21) (actual time=0.002..0.002 rows=0 loops=99)
                                                                    Index Cond: (id = mc.movie_id)
                                                                    Filter: ((production_year > 2010) AND (title ~~ 'Kung Fu Panda%'::text))
                                                                    Rows Removed by Filter: 1
                                                        ->  Index Scan using movie_id_movie_info on movie_info mi  (cost=0.43..32.73 rows=1 width=8) (actual time=0.010..0.025 rows=1 loops=4)
                                                              Index Cond: (movie_id = mc.movie_id)
                                                              Filter: ((info IS NOT NULL) AND ((info ~~ 'Japan:%201%'::text) OR (info ~~ 'USA:%201%'::text)))
                                                              Rows Removed by Filter: 70
                                                  ->  Index Scan using movie_id_cast_info on cast_info ci  (cost=0.56..38.88 rows=1 width=16) (actual time=0.005..0.065 rows=25 loops=5)
                                                        Index Cond: (movie_id = mc.movie_id)
                                                        Filter: (note = ANY ('{(voice),"(voice: Japanese version)","(voice) (uncredited)","(voice: English version)"}'::text[]))
                                                        Rows Removed by Filter: 83
                                            ->  Index Only Scan using person_id_aka_name on aka_name an  (cost=0.42..2.08 rows=2 width=4) (actual time=0.002..0.003 rows=3 loops=125)
                                                  Index Cond: (person_id = ci.person_id)
                                                  Heap Fetches: 330
                                      ->  Index Scan using role_type_pkey on role_type rt  (cost=0.14..0.16 rows=1 width=4) (actual time=0.001..0.001 rows=0 loops=330)
                                            Index Cond: (id = ci.role_id)
                                            Filter: ((role)::text = 'actress'::text)
                                            Rows Removed by Filter: 1
                                ->  Index Scan using char_name_pkey on char_name chn  (cost=0.43..1.71 rows=1 width=20) (actual time=0.002..0.002 rows=1 loops=58)
                                      Index Cond: (id = ci.person_role_id)
                          ->  Index Scan using movie_id_movie_keyword on movie_keyword mk  (cost=0.43..2.44 rows=45 width=8) (actual time=0.002..0.007 rows=35 loops=57)
                                Index Cond: (movie_id = mc.movie_id)
                    ->  Index Scan using keyword_pkey on keyword k  (cost=0.42..1.46 rows=1 width=4) (actual time=0.002..0.002 rows=0 loops=1986)
                          Index Cond: (id = mk.keyword_id)
                          Filter: (keyword = ANY ('{hero,martial-arts,hand-to-hand-combat,computer-animated-movie}'::text[]))
                          Rows Removed by Filter: 1
              ->  Index Scan using info_type_pkey on info_type it  (cost=0.14..0.16 rows=1 width=4) (actual time=0.001..0.001 rows=1 loops=109)
                    Index Cond: (id = mi.info_type_id)
                    Filter: ((info)::text = 'release dates'::text)
        ->  Index Scan using name_pkey on name n  (cost=0.43..1.81 rows=1 width=19) (actual time=0.002..0.002 rows=0 loops=109)
              Index Cond: (id = ci.person_id)
              Filter: ((name ~~ '%An%'::text) AND ((gender)::text = 'f'::text))
              Rows Removed by Filter: 1
Planning time: 47.195 ms
Execution time: 27.083 ms
