Aggregate  (cost=6973.88..6973.89 rows=1 width=96) (actual time=27.953..27.953 rows=1 loops=1)
  ->  Nested Loop  (cost=4.28..6973.88 rows=1 width=48) (actual time=7.254..27.930 rows=45 loops=1)
        ->  Nested Loop  (cost=3.85..6970.53 rows=2 width=52) (actual time=7.178..26.519 rows=810 loops=1)
              Join Filter: (t.id = mk.movie_id)
              ->  Nested Loop  (cost=3.42..6967.53 rows=1 width=64) (actual time=7.170..26.232 rows=25 loops=1)
                    Join Filter: (n.id = an.person_id)
                    ->  Nested Loop  (cost=3.00..6965.43 rows=1 width=72) (actual time=7.164..26.205 rows=5 loops=1)
                          ->  Nested Loop  (cost=2.57..6963.64 rows=1 width=53) (actual time=7.133..26.119 rows=31 loops=1)
                                ->  Nested Loop  (cost=2.43..6963.46 rows=1 width=57) (actual time=6.998..25.998 rows=122 loops=1)
                                      ->  Nested Loop  (cost=2.00..6961.77 rows=1 width=45) (actual time=6.993..25.676 rows=125 loops=1)
                                            Join Filter: (t.id = ci.movie_id)
                                            ->  Nested Loop  (cost=1.44..6922.88 rows=1 width=29) (actual time=6.983..25.298 rows=5 loops=1)
                                                  ->  Nested Loop  (cost=1.29..6922.70 rows=1 width=33) (actual time=6.980..25.289 rows=5 loops=1)
                                                        Join Filter: (t.id = mi.movie_id)
                                                        ->  Nested Loop  (cost=0.86..6889.95 rows=1 width=25) (actual time=6.836..25.184 rows=4 loops=1)
                                                              ->  Nested Loop  (cost=0.43..6872.29 rows=11 width=4) (actual time=6.765..24.874 rows=99 loops=1)
                                                                    ->  Seq Scan on company_name cn  (cost=0.00..6519.95 rows=1 width=4) (actual time=6.755..24.785 rows=1 loops=1)
                                                                          Filter: (((country_code)::text = '[us]'::text) AND (name = 'DreamWorks Animation'::text))
                                                                          Rows Removed by Filter: 234996
                                                                    ->  Index Scan using company_id_movie_companies on movie_companies mc  (cost=0.43..351.01 rows=133 width=8) (actual time=0.008..0.075 rows=99 loops=1)
                                                                          Index Cond: (company_id = cn.id)
                                                              ->  Index Scan using title_pkey on title t  (cost=0.43..1.60 rows=1 width=21) (actual time=0.003..0.003 rows=0 loops=99)
                                                                    Index Cond: (id = mc.movie_id)
                                                                    Filter: ((production_year > 2010) AND (title ~~ 'Kung Fu Panda%'::text))
                                                                    Rows Removed by Filter: 1
                                                        ->  Index Scan using movie_id_movie_info on movie_info mi  (cost=0.43..32.73 rows=1 width=8) (actual time=0.009..0.026 rows=1 loops=4)
                                                              Index Cond: (movie_id = mc.movie_id)
                                                              Filter: ((info IS NOT NULL) AND ((info ~~ 'Japan:%201%'::text) OR (info ~~ 'USA:%201%'::text)))
                                                              Rows Removed by Filter: 70
                                                  ->  Index Scan using info_type_pkey on info_type it  (cost=0.14..0.16 rows=1 width=4) (actual time=0.001..0.001 rows=1 loops=5)
                                                        Index Cond: (id = mi.info_type_id)
                                                        Filter: ((info)::text = 'release dates'::text)
                                            ->  Index Scan using movie_id_cast_info on cast_info ci  (cost=0.56..38.88 rows=1 width=16) (actual time=0.005..0.071 rows=25 loops=5)
                                                  Index Cond: (movie_id = mc.movie_id)
                                                  Filter: (note = ANY ('{(voice),"(voice: Japanese version)","(voice) (uncredited)","(voice: English version)"}'::text[]))
                                                  Rows Removed by Filter: 83
                                      ->  Index Scan using char_name_pkey on char_name chn  (cost=0.43..1.70 rows=1 width=20) (actual time=0.002..0.002 rows=1 loops=125)
                                            Index Cond: (id = ci.person_role_id)
                                ->  Index Scan using role_type_pkey on role_type rt  (cost=0.14..0.16 rows=1 width=4) (actual time=0.001..0.001 rows=0 loops=122)
                                      Index Cond: (id = ci.role_id)
                                      Filter: ((role)::text = 'actress'::text)
                                      Rows Removed by Filter: 1
                          ->  Index Scan using name_pkey on name n  (cost=0.43..1.79 rows=1 width=19) (actual time=0.003..0.003 rows=0 loops=31)
                                Index Cond: (id = ci.person_id)
                                Filter: ((name ~~ '%An%'::text) AND ((gender)::text = 'f'::text))
                                Rows Removed by Filter: 1
                    ->  Index Only Scan using person_id_aka_name on aka_name an  (cost=0.42..2.08 rows=2 width=4) (actual time=0.003..0.004 rows=5 loops=5)
                          Index Cond: (person_id = ci.person_id)
                          Heap Fetches: 25
              ->  Index Scan using movie_id_movie_keyword on movie_keyword mk  (cost=0.43..2.44 rows=45 width=8) (actual time=0.002..0.006 rows=32 loops=25)
                    Index Cond: (movie_id = mc.movie_id)
        ->  Index Scan using keyword_pkey on keyword k  (cost=0.42..1.46 rows=1 width=4) (actual time=0.002..0.002 rows=0 loops=810)
              Index Cond: (id = mk.keyword_id)
              Filter: (keyword = ANY ('{hero,martial-arts,hand-to-hand-combat,computer-animated-movie}'::text[]))
              Rows Removed by Filter: 1
Planning time: 47.252 ms
Execution time: 28.024 ms
