Aggregate  (cost=6972.96..6972.97 rows=1 width=96) (actual time=26.012..26.012 rows=1 loops=1)
  ->  Nested Loop  (cost=4.28..6972.95 rows=1 width=48) (actual time=6.959..25.990 rows=45 loops=1)
        ->  Nested Loop  (cost=3.85..6971.14 rows=1 width=41) (actual time=6.954..25.772 rows=109 loops=1)
              ->  Nested Loop  (cost=3.42..6969.44 rows=1 width=29) (actual time=6.949..25.559 rows=110 loops=1)
                    ->  Nested Loop  (cost=3.28..6969.11 rows=2 width=33) (actual time=6.714..24.937 rows=643 loops=1)
                          ->  Nested Loop  (cost=2.85..6967.01 rows=1 width=29) (actual time=6.703..24.222 rows=244 loops=1)
                                Join Filter: (t.id = ci.movie_id)
                                ->  Nested Loop  (cost=2.29..6928.22 rows=1 width=33) (actual time=6.694..23.603 rows=9 loops=1)
                                      ->  Nested Loop  (cost=1.87..6926.24 rows=1 width=37) (actual time=6.603..23.261 rows=162 loops=1)
                                            ->  Nested Loop  (cost=1.73..6925.89 rows=2 width=41) (actual time=6.600..23.108 rows=162 loops=1)
                                                  Join Filter: (t.id = mk.movie_id)
                                                  ->  Nested Loop  (cost=1.29..6922.89 rows=1 width=33) (actual time=6.594..23.039 rows=5 loops=1)
                                                        Join Filter: (t.id = mi.movie_id)
                                                        ->  Nested Loop  (cost=0.86..6890.15 rows=1 width=25) (actual time=6.466..22.941 rows=4 loops=1)
                                                              ->  Nested Loop  (cost=0.43..6872.29 rows=11 width=4) (actual time=6.413..22.682 rows=99 loops=1)
                                                                    ->  Seq Scan on company_name cn  (cost=0.00..6519.95 rows=1 width=4) (actual time=6.403..22.607 rows=1 loops=1)
                                                                          Filter: (((country_code)::text = '[us]'::text) AND (name = 'DreamWorks Animation'::text))
                                                                          Rows Removed by Filter: 234996
                                                                    ->  Index Scan using company_id_movie_companies on movie_companies mc  (cost=0.43..351.01 rows=133 width=8) (actual time=0.009..0.061 rows=99 loops=1)
                                                                          Index Cond: (company_id = cn.id)
                                                              ->  Index Scan using title_pkey on title t  (cost=0.43..1.60 rows=1 width=21) (actual time=0.002..0.002 rows=0 loops=99)
                                                                    Index Cond: (id = mc.movie_id)
                                                                    Filter: ((production_year > 2010) AND (title ~~ 'Kung Fu Panda%'::text))
                                                                    Rows Removed by Filter: 1
                                                        ->  Index Scan using movie_id_movie_info on movie_info mi  (cost=0.43..32.73 rows=1 width=8) (actual time=0.008..0.024 rows=1 loops=4)
                                                              Index Cond: (movie_id = mc.movie_id)
                                                              Filter: ((info IS NOT NULL) AND ((info ~~ 'Japan:%201%'::text) OR (info ~~ 'USA:%201%'::text)))
                                                              Rows Removed by Filter: 70
                                                  ->  Index Scan using movie_id_movie_keyword on movie_keyword mk  (cost=0.43..2.44 rows=45 width=8) (actual time=0.003..0.008 rows=32 loops=5)
                                                        Index Cond: (movie_id = mc.movie_id)
                                            ->  Index Scan using info_type_pkey on info_type it  (cost=0.14..0.16 rows=1 width=4) (actual time=0.001..0.001 rows=1 loops=162)
                                                  Index Cond: (id = mi.info_type_id)
                                                  Filter: ((info)::text = 'release dates'::text)
                                      ->  Index Scan using keyword_pkey on keyword k  (cost=0.42..1.46 rows=1 width=4) (actual time=0.002..0.002 rows=0 loops=162)
                                            Index Cond: (id = mk.keyword_id)
                                            Filter: (keyword = ANY ('{hero,martial-arts,hand-to-hand-combat,computer-animated-movie}'::text[]))
                                            Rows Removed by Filter: 1
                                ->  Index Scan using movie_id_cast_info on cast_info ci  (cost=0.56..38.77 rows=1 width=16) (actual time=0.005..0.064 rows=27 loops=9)
                                      Index Cond: (movie_id = mk.movie_id)
                                      Filter: (note = ANY ('{(voice),"(voice: Japanese version)","(voice) (uncredited)","(voice: English version)"}'::text[]))
                                      Rows Removed by Filter: 91
                          ->  Index Only Scan using person_id_aka_name on aka_name an  (cost=0.42..2.08 rows=2 width=4) (actual time=0.002..0.002 rows=3 loops=244)
                                Index Cond: (person_id = ci.person_id)
                                Heap Fetches: 643
                    ->  Index Scan using role_type_pkey on role_type rt  (cost=0.14..0.16 rows=1 width=4) (actual time=0.001..0.001 rows=0 loops=643)
                          Index Cond: (id = ci.role_id)
                          Filter: ((role)::text = 'actress'::text)
                          Rows Removed by Filter: 1
              ->  Index Scan using char_name_pkey on char_name chn  (cost=0.43..1.71 rows=1 width=20) (actual time=0.002..0.002 rows=1 loops=110)
                    Index Cond: (id = ci.person_role_id)
        ->  Index Scan using name_pkey on name n  (cost=0.43..1.81 rows=1 width=19) (actual time=0.002..0.002 rows=0 loops=109)
              Index Cond: (id = ci.person_id)
              Filter: ((name ~~ '%An%'::text) AND ((gender)::text = 'f'::text))
              Rows Removed by Filter: 1
Planning time: 47.062 ms
Execution time: 26.079 ms
