Aggregate  (cost=181416.79..181416.80 rows=1 width=128) (actual time=2208.393..2208.393 rows=1 loops=1)
  ->  Nested Loop  (cost=47932.72..181416.78 rows=1 width=79) (actual time=386.992..2206.023 rows=4407 loops=1)
        Join Filter: (mi.movie_id = t.id)
        ->  Nested Loop  (cost=47932.29..181415.96 rows=1 width=78) (actual time=386.986..2195.312 rows=4407 loops=1)
              ->  Nested Loop  (cost=47931.86..181414.93 rows=1 width=67) (actual time=352.868..2174.644 rows=7112 loops=1)
                    Join Filter: (mi.movie_id = ci.movie_id)
                    ->  Nested Loop  (cost=47931.29..181386.75 rows=1 width=59) (actual time=336.406..1825.228 rows=11389 loops=1)
                          ->  Nested Loop  (cost=47931.15..181385.43 rows=8 width=63) (actual time=336.403..1812.753 rows=12260 loops=1)
                                Join Filter: (mi_idx.movie_id = mi.movie_id)
                                ->  Hash Join  (cost=47930.71..179084.82 rows=129 width=13) (actual time=336.133..1046.853 rows=50760 loops=1)
                                      Hash Cond: (mk.movie_id = mi_idx.movie_id)
                                      ->  Hash Join  (cost=3129.33..129936.94 rows=62096 width=4) (actual time=17.315..707.501 rows=62096 loops=1)
                                            Hash Cond: (mk.keyword_id = k.id)
                                            ->  Seq Scan on movie_keyword mk  (cost=0.00..69693.30 rows=4523930 width=8) (actual time=0.007..314.687 rows=4523930 loops=1)
                                            ->  Hash  (cost=3129.26..3129.26 rows=5 width=4) (actual time=17.282..17.282 rows=5 loops=1)
                                                  Buckets: 1024  Batches: 1  Memory Usage: 9kB
                                                  ->  Seq Scan on keyword k  (cost=0.00..3129.26 rows=5 width=4) (actual time=0.515..17.280 rows=5 loops=1)
                                                        Filter: (keyword = ANY ('{murder,blood,gore,death,female-nudity}'::text[]))
                                                        Rows Removed by Filter: 134165
                                      ->  Hash  (cost=39052.33..39052.33 rows=459925 width=9) (actual time=318.317..318.317 rows=459925 loops=1)
                                            Buckets: 524288  Batches: 1  Memory Usage: 22143kB
                                            ->  Hash Join  (cost=2.43..39052.33 rows=459925 width=9) (actual time=0.022..261.153 rows=459925 loops=1)
                                                  Hash Cond: (mi_idx.info_type_id = it2.id)
                                                  ->  Seq Scan on movie_info_idx mi_idx  (cost=0.00..21735.35 rows=1380035 width=13) (actual time=0.007..95.009 rows=1380035 loops=1)
                                                  ->  Hash  (cost=2.41..2.41 rows=1 width=4) (actual time=0.012..0.012 rows=1 loops=1)
                                                        Buckets: 1024  Batches: 1  Memory Usage: 9kB
                                                        ->  Seq Scan on info_type it2  (cost=0.00..2.41 rows=1 width=4) (actual time=0.010..0.011 rows=1 loops=1)
                                                              Filter: ((info)::text = 'votes'::text)
                                                              Rows Removed by Filter: 112
                                ->  Index Scan using movie_id_movie_info on movie_info mi  (cost=0.43..17.82 rows=1 width=50) (actual time=0.015..0.015 rows=0 loops=50760)
                                      Index Cond: (movie_id = mk.movie_id)
                                      Filter: (info = 'Horror'::text)
                                      Rows Removed by Filter: 56
                          ->  Index Scan using info_type_pkey on info_type it1  (cost=0.14..0.16 rows=1 width=4) (actual time=0.001..0.001 rows=1 loops=12260)
                                Index Cond: (id = mi.info_type_id)
                                Filter: ((info)::text = 'genres'::text)
                                Rows Removed by Filter: 0
                    ->  Index Scan using movie_id_cast_info on cast_info ci  (cost=0.56..28.17 rows=1 width=8) (actual time=0.025..0.030 rows=1 loops=11389)
                          Index Cond: (movie_id = mk.movie_id)
                          Filter: (note = ANY ('{(writer),"(head writer)","(written by)",(story),"(story editor)"}'::text[]))
                          Rows Removed by Filter: 46
              ->  Index Scan using name_pkey on name n  (cost=0.43..1.02 rows=1 width=19) (actual time=0.003..0.003 rows=1 loops=7112)
                    Index Cond: (id = ci.person_id)
                    Filter: ((gender)::text = 'm'::text)
                    Rows Removed by Filter: 0
        ->  Index Scan using title_pkey on title t  (cost=0.43..0.81 rows=1 width=21) (actual time=0.002..0.002 rows=1 loops=4407)
              Index Cond: (id = mk.movie_id)
Planning time: 7.094 ms
Execution time: 2208.529 ms
