Aggregate  (cost=437245.13..437245.14 rows=1 width=128) (actual time=2289.295..2289.295 rows=1 loops=1)
  ->  Nested Loop  (cost=42121.82..437245.12 rows=1 width=79) (actual time=1557.180..2287.070 rows=4407 loops=1)
        Join Filter: (mi.movie_id = t.id)
        ->  Nested Loop  (cost=42121.39..437244.30 rows=1 width=78) (actual time=1557.165..2276.414 rows=4407 loops=1)
              ->  Nested Loop  (cost=42120.96..437243.28 rows=1 width=67) (actual time=1553.898..2255.224 rows=7112 loops=1)
                    Join Filter: (mi.movie_id = ci.movie_id)
                    ->  Hash Join  (cost=42120.39..437017.84 rows=8 width=59) (actual time=1551.540..1899.141 rows=11389 loops=1)
                          Hash Cond: (mk.keyword_id = k.id)
                          ->  Nested Loop  (cost=38991.07..431193.50 rows=213468 width=63) (actual time=1534.575..1855.017 rows=319480 loops=1)
                                Join Filter: (mi.movie_id = mk.movie_id)
                                ->  Hash Join  (cost=38990.64..393591.03 rows=16480 width=55) (actual time=1534.552..1712.852 rows=16480 loops=1)
                                      Hash Cond: (mi.info_type_id = it1.id)
                                      ->  Hash Join  (cost=38988.21..393376.98 rows=16867 width=59) (actual time=1215.350..1709.538 rows=16867 loops=1)
                                            Hash Cond: (mi_idx.info_type_id = it2.id)
                                            ->  Hash Join  (cost=38985.79..392739.34 rows=50629 width=63) (actual time=1215.325..1703.098 rows=50629 loops=1)
                                                  Hash Cond: (mi.movie_id = mi_idx.movie_id)
                                                  ->  Seq Scan on movie_info mi  (cost=0.00..347439.50 rows=30801 width=50) (actual time=788.782..1259.448 rows=30801 loops=1)
                                                        Filter: (info = 'Horror'::text)
                                                        Rows Removed by Filter: 14804919
                                                  ->  Hash  (cost=21735.35..21735.35 rows=1380035 width=13) (actual time=422.089..422.089 rows=1380035 loops=1)
                                                        Buckets: 2097152  Batches: 1  Memory Usage: 79357kB
                                                        ->  Seq Scan on movie_info_idx mi_idx  (cost=0.00..21735.35 rows=1380035 width=13) (actual time=0.008..174.726 rows=1380035 loops=1)
                                            ->  Hash  (cost=2.41..2.41 rows=1 width=4) (actual time=0.013..0.013 rows=1 loops=1)
                                                  Buckets: 1024  Batches: 1  Memory Usage: 9kB
                                                  ->  Seq Scan on info_type it2  (cost=0.00..2.41 rows=1 width=4) (actual time=0.007..0.008 rows=1 loops=1)
                                                        Filter: ((info)::text = 'votes'::text)
                                                        Rows Removed by Filter: 112
                                      ->  Hash  (cost=2.41..2.41 rows=1 width=4) (actual time=0.014..0.014 rows=1 loops=1)
                                            Buckets: 1024  Batches: 1  Memory Usage: 9kB
                                            ->  Seq Scan on info_type it1  (cost=0.00..2.41 rows=1 width=4) (actual time=0.006..0.011 rows=1 loops=1)
                                                  Filter: ((info)::text = 'genres'::text)
                                                  Rows Removed by Filter: 112
                                ->  Index Scan using movie_id_movie_keyword on movie_keyword mk  (cost=0.43..1.72 rows=45 width=8) (actual time=0.002..0.005 rows=19 loops=16480)
                                      Index Cond: (movie_id = mi_idx.movie_id)
                          ->  Hash  (cost=3129.26..3129.26 rows=5 width=4) (actual time=16.920..16.920 rows=5 loops=1)
                                Buckets: 1024  Batches: 1  Memory Usage: 9kB
                                ->  Seq Scan on keyword k  (cost=0.00..3129.26 rows=5 width=4) (actual time=0.534..16.916 rows=5 loops=1)
                                      Filter: (keyword = ANY ('{murder,blood,gore,death,female-nudity}'::text[]))
                                      Rows Removed by Filter: 134165
                    ->  Index Scan using movie_id_cast_info on cast_info ci  (cost=0.56..28.17 rows=1 width=8) (actual time=0.025..0.031 rows=1 loops=11389)
                          Index Cond: (movie_id = mk.movie_id)
                          Filter: (note = ANY ('{(writer),"(head writer)","(written by)",(story),"(story editor)"}'::text[]))
                          Rows Removed by Filter: 46
              ->  Index Scan using name_pkey on name n  (cost=0.43..1.02 rows=1 width=19) (actual time=0.003..0.003 rows=1 loops=7112)
                    Index Cond: (id = ci.person_id)
                    Filter: ((gender)::text = 'm'::text)
                    Rows Removed by Filter: 0
        ->  Index Scan using title_pkey on title t  (cost=0.43..0.81 rows=1 width=21) (actual time=0.002..0.002 rows=1 loops=4407)
              Index Cond: (id = mk.movie_id)
Planning time: 7.080 ms
Execution time: 2289.652 ms
