Aggregate  (cost=770235.02..770235.03 rows=1 width=128) (actual time=2284.159..2284.159 rows=1 loops=1)
  ->  Nested Loop  (cost=42121.82..770190.95 rows=4407 width=79) (actual time=1555.040..2281.939 rows=4407 loops=1)
        Join Filter: (mi.movie_id = t.id)
        ->  Nested Loop  (cost=42121.39..766580.61 rows=4407 width=78) (actual time=1555.022..2271.295 rows=4407 loops=1)
              ->  Nested Loop  (cost=42120.96..759294.40 rows=7112 width=67) (actual time=1551.869..2250.263 rows=7112 loops=1)
                    Join Filter: (mi.movie_id = ci.movie_id)
                    ->  Hash Join  (cost=42120.39..438356.24 rows=11389 width=59) (actual time=1549.471..1896.778 rows=11389 loops=1)
                          Hash Cond: (mk.keyword_id = k.id)
                          ->  Nested Loop  (cost=38991.07..431193.50 rows=319480 width=63) (actual time=1532.020..1852.251 rows=319480 loops=1)
                                Join Filter: (mi.movie_id = mk.movie_id)
                                ->  Hash Join  (cost=38990.64..393591.03 rows=16480 width=55) (actual time=1531.997..1710.598 rows=16480 loops=1)
                                      Hash Cond: (mi.info_type_id = it1.id)
                                      ->  Hash Join  (cost=38988.21..393376.98 rows=16867 width=59) (actual time=1217.688..1707.043 rows=16867 loops=1)
                                            Hash Cond: (mi_idx.info_type_id = it2.id)
                                            ->  Hash Join  (cost=38985.79..392739.34 rows=50629 width=63) (actual time=1217.665..1700.560 rows=50629 loops=1)
                                                  Hash Cond: (mi.movie_id = mi_idx.movie_id)
                                                  ->  Seq Scan on movie_info mi  (cost=0.00..347439.50 rows=30801 width=50) (actual time=790.243..1256.109 rows=30801 loops=1)
                                                        Filter: (info = 'Horror'::text)
                                                        Rows Removed by Filter: 14804919
                                                  ->  Hash  (cost=21735.35..21735.35 rows=1380035 width=13) (actual time=422.982..422.982 rows=1380035 loops=1)
                                                        Buckets: 2097152  Batches: 1  Memory Usage: 79357kB
                                                        ->  Seq Scan on movie_info_idx mi_idx  (cost=0.00..21735.35 rows=1380035 width=13) (actual time=0.007..174.494 rows=1380035 loops=1)
                                            ->  Hash  (cost=2.41..2.41 rows=1 width=4) (actual time=0.012..0.012 rows=1 loops=1)
                                                  Buckets: 1024  Batches: 1  Memory Usage: 9kB
                                                  ->  Seq Scan on info_type it2  (cost=0.00..2.41 rows=1 width=4) (actual time=0.008..0.009 rows=1 loops=1)
                                                        Filter: ((info)::text = 'votes'::text)
                                                        Rows Removed by Filter: 112
                                      ->  Hash  (cost=2.41..2.41 rows=1 width=4) (actual time=0.025..0.025 rows=1 loops=1)
                                            Buckets: 1024  Batches: 1  Memory Usage: 9kB
                                            ->  Seq Scan on info_type it1  (cost=0.00..2.41 rows=1 width=4) (actual time=0.005..0.022 rows=1 loops=1)
                                                  Filter: ((info)::text = 'genres'::text)
                                                  Rows Removed by Filter: 112
                                ->  Index Scan using movie_id_movie_keyword on movie_keyword mk  (cost=0.43..1.72 rows=45 width=8) (actual time=0.002..0.005 rows=19 loops=16480)
                                      Index Cond: (movie_id = mi_idx.movie_id)
                          ->  Hash  (cost=3129.26..3129.26 rows=5 width=4) (actual time=17.404..17.404 rows=5 loops=1)
                                Buckets: 1024  Batches: 1  Memory Usage: 9kB
                                ->  Seq Scan on keyword k  (cost=0.00..3129.26 rows=5 width=4) (actual time=0.514..17.400 rows=5 loops=1)
                                      Filter: (keyword = ANY ('{murder,blood,gore,death,female-nudity}'::text[]))
                                      Rows Removed by Filter: 134165
                    ->  Index Scan using movie_id_cast_info on cast_info ci  (cost=0.56..28.17 rows=1 width=8) (actual time=0.025..0.031 rows=1 loops=11389)
                          Index Cond: (movie_id = mk.movie_id)
                          Filter: (note = ANY ('{(writer),"(head writer)","(written by)",(story),"(story editor)"}'::text[]))
                          Rows Removed by Filter: 46
              ->  Index Scan using name_pkey on name n  (cost=0.43..1.02 rows=1 width=19) (actual time=0.003..0.003 rows=1 loops=7112)
                    Index Cond: (id = ci.person_id)
                    Filter: ((gender)::text = 'm'::text)
                    Rows Removed by Filter: 0
        ->  Index Scan using title_pkey on title t  (cost=0.43..0.81 rows=1 width=21) (actual time=0.002..0.002 rows=1 loops=4407)
              Index Cond: (id = mk.movie_id)
Planning time: 6.945 ms
Execution time: 2284.498 ms
