Aggregate  (cost=74831.89..74831.90 rows=1 width=128) (actual time=229.433..229.433 rows=1 loops=1)
  ->  Nested Loop  (cost=3.00..74831.88 rows=1 width=79) (actual time=221.035..229.422 rows=6 loops=1)
        ->  Nested Loop  (cost=2.56..74830.85 rows=1 width=68) (actual time=221.029..229.401 rows=6 loops=1)
              Join Filter: (t.id = ci.movie_id)
              ->  Nested Loop  (cost=2.00..74802.67 rows=1 width=80) (actual time=220.486..229.220 rows=9 loops=1)
                    ->  Nested Loop  (cost=1.86..74801.18 rows=9 width=84) (actual time=220.483..229.208 rows=9 loops=1)
                          Join Filter: (t.id = mi.movie_id)
                          ->  Nested Loop  (cost=1.42..74640.68 rows=9 width=34) (actual time=220.469..229.108 rows=9 loops=1)
                                ->  Nested Loop  (cost=1.00..74588.61 rows=78 width=38) (actual time=142.622..228.883 rows=78 loops=1)
                                      Join Filter: (t.id = mk.movie_id)
                                      ->  Nested Loop  (cost=0.57..74552.10 rows=16 width=30) (actual time=11.828..228.800 rows=16 loops=1)
                                            ->  Nested Loop  (cost=0.43..74544.28 rows=48 width=34) (actual time=11.823..228.742 rows=48 loops=1)
                                                  ->  Seq Scan on title t  (cost=0.00..73922.68 rows=73 width=21) (actual time=1.475..228.518 rows=73 loops=1)
                                                        Filter: ((production_year > 2010) AND (title ~~ 'Vampire%'::text))
                                                        Rows Removed by Filter: 2528239
                                                  ->  Index Scan using movie_id_movie_info_idx on movie_info_idx mi_idx  (cost=0.43..8.49 rows=3 width=13) (actual time=0.002..0.003 rows=1 loops=73)
                                                        Index Cond: (movie_id = t.id)
                                            ->  Index Scan using info_type_pkey on info_type it2  (cost=0.14..0.16 rows=1 width=4) (actual time=0.001..0.001 rows=0 loops=48)
                                                  Index Cond: (id = mi_idx.info_type_id)
                                                  Filter: ((info)::text = 'votes'::text)
                                                  Rows Removed by Filter: 1
                                      ->  Index Scan using movie_id_movie_keyword on movie_keyword mk  (cost=0.43..1.72 rows=45 width=8) (actual time=0.003..0.004 rows=5 loops=16)
                                            Index Cond: (movie_id = mi_idx.movie_id)
                                ->  Index Scan using keyword_pkey on keyword k  (cost=0.42..0.67 rows=1 width=4) (actual time=0.003..0.003 rows=0 loops=78)
                                      Index Cond: (id = mk.keyword_id)
                                      Filter: (keyword = ANY ('{murder,blood,gore,death,female-nudity}'::text[]))
                                      Rows Removed by Filter: 1
                          ->  Index Scan using movie_id_movie_info on movie_info mi  (cost=0.43..17.82 rows=1 width=50) (actual time=0.010..0.010 rows=1 loops=9)
                                Index Cond: (movie_id = mk.movie_id)
                                Filter: (info = 'Horror'::text)
                                Rows Removed by Filter: 17
                    ->  Index Scan using info_type_pkey on info_type it1  (cost=0.14..0.16 rows=1 width=4) (actual time=0.001..0.001 rows=1 loops=9)
                          Index Cond: (id = mi.info_type_id)
                          Filter: ((info)::text = 'genres'::text)
              ->  Index Scan using movie_id_cast_info on cast_info ci  (cost=0.56..28.17 rows=1 width=8) (actual time=0.016..0.020 rows=1 loops=9)
                    Index Cond: (movie_id = mk.movie_id)
                    Filter: (note = ANY ('{(writer),"(head writer)","(written by)",(story),"(story editor)"}'::text[]))
                    Rows Removed by Filter: 21
        ->  Index Scan using name_pkey on name n  (cost=0.43..1.02 rows=1 width=19) (actual time=0.003..0.003 rows=1 loops=6)
              Index Cond: (id = ci.person_id)
              Filter: ((gender)::text = 'm'::text)
Planning time: 6.947 ms
Execution time: 229.496 ms
