Aggregate  (cost=70664.45..70664.46 rows=1 width=128) (actual time=5768.051..5768.052 rows=1 loops=1)
  ->  Nested Loop  (cost=3469.64..70664.44 rows=1 width=79) (actual time=26.023..5754.445 rows=26153 loops=1)
        Join Filter: (mi.movie_id = t.id)
        ->  Nested Loop  (cost=3469.21..70663.62 rows=1 width=78) (actual time=26.018..5700.583 rows=26153 loops=1)
              ->  Nested Loop  (cost=3468.78..70662.60 rows=1 width=67) (actual time=26.013..5595.033 rows=42900 loops=1)
                    Join Filter: (mi.movie_id = ci.movie_id)
                    ->  Nested Loop  (cost=3468.21..70634.42 rows=1 width=59) (actual time=21.445..3412.808 rows=63386 loops=1)
                          ->  Nested Loop  (cost=3468.07..70633.91 rows=3 width=63) (actual time=21.443..3342.923 rows=67732 loops=1)
                                Join Filter: (mi_idx.movie_id = mi.movie_id)
                                ->  Hash Join  (cost=3467.63..70525.64 rows=6 width=13) (actual time=21.431..2031.310 rows=63701 loops=1)
                                      Hash Cond: (mk.keyword_id = k.id)
                                      ->  Nested Loop  (cost=2.86..65544.80 rows=120085 width=17) (actual time=0.028..1761.486 rows=3461792 loops=1)
                                            ->  Hash Join  (cost=2.43..39052.33 rows=12213 width=9) (actual time=0.023..283.121 rows=459925 loops=1)
                                                  Hash Cond: (mi_idx.info_type_id = it2.id)
                                                  ->  Seq Scan on movie_info_idx mi_idx  (cost=0.00..21735.35 rows=1380035 width=13) (actual time=0.006..105.425 rows=1380035 loops=1)
                                                  ->  Hash  (cost=2.41..2.41 rows=1 width=4) (actual time=0.012..0.012 rows=1 loops=1)
                                                        Buckets: 1024  Batches: 1  Memory Usage: 9kB
                                                        ->  Seq Scan on info_type it2  (cost=0.00..2.41 rows=1 width=4) (actual time=0.010..0.011 rows=1 loops=1)
                                                              Filter: ((info)::text = 'votes'::text)
                                                              Rows Removed by Filter: 112
                                            ->  Index Scan using movie_id_movie_keyword on movie_keyword mk  (cost=0.43..1.72 rows=45 width=8) (actual time=0.001..0.002 rows=8 loops=459925)
                                                  Index Cond: (movie_id = mi_idx.movie_id)
                                      ->  Hash  (cost=3464.69..3464.69 rows=7 width=4) (actual time=21.110..21.110 rows=7 loops=1)
                                            Buckets: 1024  Batches: 1  Memory Usage: 9kB
                                            ->  Seq Scan on keyword k  (cost=0.00..3464.69 rows=7 width=4) (actual time=0.631..21.108 rows=7 loops=1)
                                                  Filter: (keyword = ANY ('{murder,violence,blood,gore,death,female-nudity,hospital}'::text[]))
                                                  Rows Removed by Filter: 134163
                                ->  Index Scan using movie_id_movie_info on movie_info mi  (cost=0.43..18.03 rows=1 width=50) (actual time=0.019..0.020 rows=1 loops=63701)
                                      Index Cond: (movie_id = mk.movie_id)
                                      Filter: (info = ANY ('{Horror,Action,Sci-Fi,Thriller,Crime,War}'::text[]))
                                      Rows Removed by Filter: 58
                          ->  Index Scan using info_type_pkey on info_type it1  (cost=0.14..0.16 rows=1 width=4) (actual time=0.001..0.001 rows=1 loops=67732)
                                Index Cond: (id = mi.info_type_id)
                                Filter: ((info)::text = 'genres'::text)
                                Rows Removed by Filter: 0
                    ->  Index Scan using movie_id_cast_info on cast_info ci  (cost=0.56..28.17 rows=1 width=8) (actual time=0.027..0.034 rows=1 loops=63386)
                          Index Cond: (movie_id = mk.movie_id)
                          Filter: (note = ANY ('{(writer),"(head writer)","(written by)",(story),"(story editor)"}'::text[]))
                          Rows Removed by Filter: 63
              ->  Index Scan using name_pkey on name n  (cost=0.43..1.02 rows=1 width=19) (actual time=0.002..0.002 rows=1 loops=42900)
                    Index Cond: (id = ci.person_id)
                    Filter: ((gender)::text = 'm'::text)
                    Rows Removed by Filter: 0
        ->  Index Scan using title_pkey on title t  (cost=0.43..0.81 rows=1 width=21) (actual time=0.002..0.002 rows=1 loops=26153)
              Index Cond: (id = mk.movie_id)
Planning time: 6.929 ms
Execution time: 5768.130 ms
