Aggregate  (cost=1498074.71..1498074.72 rows=1 width=128) (actual time=5524.244..5524.244 rows=1 loops=1)
  ->  Hash Join  (cost=131237.89..1497813.18 rows=26153 width=79) (actual time=2949.433..5513.209 rows=26153 loops=1)
        Hash Cond: (mi.info_type_id = it1.id)
        ->  Nested Loop  (cost=131235.46..1497446.72 rows=29015 width=83) (actual time=2949.413..5507.672 rows=29015 loops=1)
              Join Filter: (t.id = mi.movie_id)
              ->  Nested Loop  (cost=131235.03..1088384.88 rows=22670 width=53) (actual time=2949.362..4809.852 rows=22670 loops=1)
                    Join Filter: (mi_idx.movie_id = t.id)
                    ->  Hash Join  (cost=131234.60..1069813.00 rows=22670 width=32) (actual time=2949.353..4746.552 rows=22670 loops=1)
                          Hash Cond: (mi_idx.info_type_id = it2.id)
                          ->  Nested Loop  (cost=131232.17..1068952.87 rows=68362 width=36) (actual time=2949.339..4737.423 rows=68362 loops=1)
                                Join Filter: (ci.movie_id = mi_idx.movie_id)
                                ->  Nested Loop  (cost=131231.74..1049184.43 rows=24462 width=23) (actual time=2949.318..4653.816 rows=24462 loops=1)
                                      ->  Hash Join  (cost=131231.31..1004948.75 rows=43178 width=12) (actual time=2536.358..4562.349 rows=43178 loops=1)
                                            Hash Cond: (ci.movie_id = mk.movie_id)
                                            ->  Seq Scan on cast_info ci  (cost=0.00..841657.59 rows=1244716 width=8) (actual time=96.750..3717.298 rows=1244716 loops=1)
                                                  Filter: (note = ANY ('{(writer),"(head writer)","(written by)",(story),"(story editor)"}'::text[]))
                                                  Rows Removed by Filter: 34999628
                                            ->  Hash  (cost=130272.39..130272.39 rows=76714 width=4) (actual time=662.780..662.780 rows=76714 loops=1)
                                                  Buckets: 131072  Batches: 1  Memory Usage: 3721kB
                                                  ->  Hash Join  (cost=3464.78..130272.39 rows=76714 width=4) (actual time=21.642..651.510 rows=76714 loops=1)
                                                        Hash Cond: (mk.keyword_id = k.id)
                                                        ->  Seq Scan on movie_keyword mk  (cost=0.00..69693.30 rows=4523930 width=8) (actual time=0.008..291.565 rows=4523930 loops=1)
                                                        ->  Hash  (cost=3464.69..3464.69 rows=7 width=4) (actual time=21.596..21.596 rows=7 loops=1)
                                                              Buckets: 1024  Batches: 1  Memory Usage: 9kB
                                                              ->  Seq Scan on keyword k  (cost=0.00..3464.69 rows=7 width=4) (actual time=0.634..21.594 rows=7 loops=1)
                                                                    Filter: (keyword = ANY ('{murder,violence,blood,gore,death,female-nudity,hospital}'::text[]))
                                                                    Rows Removed by Filter: 134163
                                      ->  Index Scan using name_pkey on name n  (cost=0.43..1.02 rows=1 width=19) (actual time=0.002..0.002 rows=1 loops=43178)
                                            Index Cond: (id = ci.person_id)
                                            Filter: ((gender)::text = 'm'::text)
                                            Rows Removed by Filter: 0
                                ->  Index Scan using movie_id_movie_info_idx on movie_info_idx mi_idx  (cost=0.43..0.77 rows=3 width=13) (actual time=0.002..0.003 rows=3 loops=24462)
                                      Index Cond: (movie_id = mk.movie_id)
                          ->  Hash  (cost=2.41..2.41 rows=1 width=4) (actual time=0.009..0.009 rows=1 loops=1)
                                Buckets: 1024  Batches: 1  Memory Usage: 9kB
                                ->  Seq Scan on info_type it2  (cost=0.00..2.41 rows=1 width=4) (actual time=0.008..0.008 rows=1 loops=1)
                                      Filter: ((info)::text = 'votes'::text)
                                      Rows Removed by Filter: 112
                    ->  Index Scan using title_pkey on title t  (cost=0.43..0.81 rows=1 width=21) (actual time=0.002..0.002 rows=1 loops=22670)
                          Index Cond: (id = mk.movie_id)
              ->  Index Scan using movie_id_movie_info on movie_info mi  (cost=0.43..18.03 rows=1 width=50) (actual time=0.029..0.030 rows=1 loops=22670)
                    Index Cond: (movie_id = mk.movie_id)
                    Filter: (info = ANY ('{Horror,Action,Sci-Fi,Thriller,Crime,War}'::text[]))
                    Rows Removed by Filter: 88
        ->  Hash  (cost=2.41..2.41 rows=1 width=4) (actual time=0.015..0.015 rows=1 loops=1)
              Buckets: 1024  Batches: 1  Memory Usage: 9kB
              ->  Seq Scan on info_type it1  (cost=0.00..2.41 rows=1 width=4) (actual time=0.007..0.013 rows=1 loops=1)
                    Filter: ((info)::text = 'genres'::text)
                    Rows Removed by Filter: 112
Planning time: 7.034 ms
Execution time: 5524.326 ms
