Aggregate  (cost=611782.51..611782.52 rows=1 width=128) (actual time=5717.473..5717.473 rows=1 loops=1)
  ->  Nested Loop  (cost=176036.55..611782.36 rows=15 width=79) (actual time=3039.905..5704.400 rows=26153 loops=1)
        Join Filter: (mi.movie_id = t.id)
        ->  Nested Loop  (cost=176036.12..611770.07 rows=15 width=78) (actual time=3039.898..5652.287 rows=26153 loops=1)
              ->  Nested Loop  (cost=176035.69..611732.17 rows=37 width=67) (actual time=3039.891..5548.796 rows=42900 loops=1)
                    Join Filter: (mi.movie_id = ci.movie_id)
                    ->  Hash Join  (cost=176035.13..608463.33 rows=116 width=59) (actual time=3039.377..3437.116 rows=63386 loops=1)
                          Hash Cond: (mi.movie_id = mi_idx.movie_id)
                          ->  Hash Join  (cost=131233.74..558899.38 rows=68040 width=50) (actual time=2698.643..3073.248 rows=68040 loops=1)
                                Hash Cond: (mi.info_type_id = it1.id)
                                ->  Hash Join  (cost=131231.31..557988.77 rows=72386 width=54) (actual time=2098.707..3059.086 rows=72386 loops=1)
                                      Hash Cond: (mi.movie_id = mk.movie_id)
                                      ->  Seq Scan on movie_info mi  (cost=0.00..421618.10 rows=188971 width=50) (actual time=1112.986..2357.250 rows=188971 loops=1)
                                            Filter: (info = ANY ('{Horror,Action,Sci-Fi,Thriller,Crime,War}'::text[]))
                                            Rows Removed by Filter: 14646749
                                      ->  Hash  (cost=130272.39..130272.39 rows=76714 width=4) (actual time=656.370..656.370 rows=76714 loops=1)
                                            Buckets: 131072  Batches: 1  Memory Usage: 3721kB
                                            ->  Hash Join  (cost=3464.78..130272.39 rows=76714 width=4) (actual time=21.037..647.806 rows=76714 loops=1)
                                                  Hash Cond: (mk.keyword_id = k.id)
                                                  ->  Seq Scan on movie_keyword mk  (cost=0.00..69693.30 rows=4523930 width=8) (actual time=0.008..289.729 rows=4523930 loops=1)
                                                  ->  Hash  (cost=3464.69..3464.69 rows=7 width=4) (actual time=20.992..20.992 rows=7 loops=1)
                                                        Buckets: 1024  Batches: 1  Memory Usage: 9kB
                                                        ->  Seq Scan on keyword k  (cost=0.00..3464.69 rows=7 width=4) (actual time=0.633..20.990 rows=7 loops=1)
                                                              Filter: (keyword = ANY ('{murder,violence,blood,gore,death,female-nudity,hospital}'::text[]))
                                                              Rows Removed by Filter: 134163
                                ->  Hash  (cost=2.41..2.41 rows=1 width=4) (actual time=0.014..0.014 rows=1 loops=1)
                                      Buckets: 1024  Batches: 1  Memory Usage: 9kB
                                      ->  Seq Scan on info_type it1  (cost=0.00..2.41 rows=1 width=4) (actual time=0.007..0.013 rows=1 loops=1)
                                            Filter: ((info)::text = 'genres'::text)
                                            Rows Removed by Filter: 112
                          ->  Hash  (cost=39052.33..39052.33 rows=459925 width=9) (actual time=340.152..340.152 rows=459925 loops=1)
                                Buckets: 524288  Batches: 1  Memory Usage: 22143kB
                                ->  Hash Join  (cost=2.43..39052.33 rows=459925 width=9) (actual time=0.025..278.901 rows=459925 loops=1)
                                      Hash Cond: (mi_idx.info_type_id = it2.id)
                                      ->  Seq Scan on movie_info_idx mi_idx  (cost=0.00..21735.35 rows=1380035 width=13) (actual time=0.008..103.223 rows=1380035 loops=1)
                                      ->  Hash  (cost=2.41..2.41 rows=1 width=4) (actual time=0.013..0.013 rows=1 loops=1)
                                            Buckets: 1024  Batches: 1  Memory Usage: 9kB
                                            ->  Seq Scan on info_type it2  (cost=0.00..2.41 rows=1 width=4) (actual time=0.011..0.012 rows=1 loops=1)
                                                  Filter: ((info)::text = 'votes'::text)
                                                  Rows Removed by Filter: 112
                    ->  Index Scan using movie_id_cast_info on cast_info ci  (cost=0.56..28.17 rows=1 width=8) (actual time=0.026..0.033 rows=1 loops=63386)
                          Index Cond: (movie_id = mk.movie_id)
                          Filter: (note = ANY ('{(writer),"(head writer)","(written by)",(story),"(story editor)"}'::text[]))
                          Rows Removed by Filter: 63
              ->  Index Scan using name_pkey on name n  (cost=0.43..1.02 rows=1 width=19) (actual time=0.002..0.002 rows=1 loops=42900)
                    Index Cond: (id = ci.person_id)
                    Filter: ((gender)::text = 'm'::text)
                    Rows Removed by Filter: 0
        ->  Index Scan using title_pkey on title t  (cost=0.43..0.81 rows=1 width=21) (actual time=0.002..0.002 rows=1 loops=26153)
              Index Cond: (id = mk.movie_id)
Planning time: 7.171 ms
Execution time: 5717.628 ms
