Aggregate  (cost=32062.51..32062.52 rows=1 width=128) (actual time=1266.701..1266.701 rows=1 loops=1)
  ->  Nested Loop  (cost=5323.85..32062.50 rows=1 width=53) (actual time=191.277..1265.675 rows=1728 loops=1)
        ->  Nested Loop  (cost=5323.42..32062.05 rows=1 width=42) (actual time=191.269..1259.593 rows=1728 loops=1)
              ->  Nested Loop  (cost=5323.00..32058.88 rows=7 width=46) (actual time=187.115..648.800 rows=349357 loops=1)
                    ->  Nested Loop  (cost=5322.57..32051.78 rows=4 width=58) (actual time=187.103..550.238 rows=2047 loops=1)
                          ->  Nested Loop  (cost=5322.14..31986.36 rows=143 width=46) (actual time=186.280..438.305 rows=77466 loops=1)
                                ->  Hash Join  (cost=5321.57..31960.61 rows=10 width=34) (actual time=186.265..351.705 rows=647 loops=1)
                                      Hash Cond: (t.kind_id = kt.id)
                                      ->  Nested Loop  (cost=5320.47..31958.74 rows=68 width=38) (actual time=59.040..351.075 rows=6002 loops=1)
                                            Join Filter: (cc.movie_id = t.id)
                                            ->  Hash Join  (cost=5320.04..31789.69 rows=125 width=13) (actual time=58.771..305.398 rows=17898 loops=1)
                                                  Hash Cond: (mi_idx.info_type_id = it2.id)
                                                  ->  Hash Join  (cost=5317.62..31609.54 rows=14165 width=17) (actual time=58.756..301.376 rows=26757 loops=1)
                                                        Hash Cond: (mi_idx.movie_id = cc.movie_id)
                                                        ->  Seq Scan on movie_info_idx mi_idx  (cost=0.00..25185.44 rows=192967 width=13) (actual time=0.018..206.892 rows=192967 loops=1)
                                                              Filter: (info > '7.0'::text)
                                                              Rows Removed by Filter: 1187068
                                                        ->  Hash  (cost=4895.47..4895.47 rows=33772 width=4) (actual time=58.661..58.661 rows=85941 loops=1)
                                                              Buckets: 131072 (originally 65536)  Batches: 1 (originally 1)  Memory Usage: 4046kB
                                                              ->  Hash Join  (cost=2.14..4895.47 rows=33772 width=4) (actual time=0.017..48.527 rows=85941 loops=1)
                                                                    Hash Cond: (cc.subject_id = cct1.id)
                                                                    ->  Hash Join  (cost=1.07..3488.67 rows=135086 width=8) (actual time=0.012..32.362 rows=135086 loops=1)
                                                                          Hash Cond: (cc.status_id = cct2.id)
                                                                          ->  Seq Scan on complete_cast cc  (cost=0.00..2081.86 rows=135086 width=12) (actual time=0.005..9.891 rows=135086 loops=1)
                                                                          ->  Hash  (cost=1.05..1.05 rows=2 width=4) (actual time=0.003..0.003 rows=2 loops=1)
                                                                                Buckets: 1024  Batches: 1  Memory Usage: 9kB
                                                                                ->  Seq Scan on comp_cast_type cct2  (cost=0.00..1.05 rows=2 width=4) (actual time=0.002..0.002 rows=2 loops=1)
                                                                                      Filter: ((kind)::text ~~ '%complete%'::text)
                                                                                      Rows Removed by Filter: 2
                                                                    ->  Hash  (cost=1.05..1.05 rows=1 width=4) (actual time=0.003..0.003 rows=1 loops=1)
                                                                          Buckets: 1024  Batches: 1  Memory Usage: 9kB
                                                                          ->  Seq Scan on comp_cast_type cct1  (cost=0.00..1.05 rows=1 width=4) (actual time=0.002..0.002 rows=1 loops=1)
                                                                                Filter: ((kind)::text = 'cast'::text)
                                                                                Rows Removed by Filter: 3
                                                  ->  Hash  (cost=2.41..2.41 rows=1 width=4) (actual time=0.011..0.011 rows=1 loops=1)
                                                        Buckets: 1024  Batches: 1  Memory Usage: 9kB
                                                        ->  Seq Scan on info_type it2  (cost=0.00..2.41 rows=1 width=4) (actual time=0.010..0.011 rows=1 loops=1)
                                                              Filter: ((info)::text = 'rating'::text)
                                                              Rows Removed by Filter: 112
                                            ->  Index Scan using title_pkey on title t  (cost=0.43..1.34 rows=1 width=25) (actual time=0.002..0.002 rows=0 loops=17898)
                                                  Index Cond: (id = mi_idx.movie_id)
                                                  Filter: (production_year > 2000)
                                                  Rows Removed by Filter: 1
                                      ->  Hash  (cost=1.09..1.09 rows=1 width=4) (actual time=0.007..0.007 rows=1 loops=1)
                                            Buckets: 1024  Batches: 1  Memory Usage: 9kB
                                            ->  Seq Scan on kind_type kt  (cost=0.00..1.09 rows=1 width=4) (actual time=0.005..0.006 rows=1 loops=1)
                                                  Filter: ((kind)::text = 'movie'::text)
                                                  Rows Removed by Filter: 6
                                ->  Index Scan using movie_id_cast_info on cast_info ci  (cost=0.56..2.21 rows=36 width=12) (actual time=0.006..0.114 rows=120 loops=647)
                                      Index Cond: (movie_id = t.id)
                          ->  Index Scan using char_name_pkey on char_name chn  (cost=0.43..0.46 rows=1 width=20) (actual time=0.001..0.001 rows=0 loops=77466)
                                Index Cond: (id = ci.person_role_id)
                                Filter: ((name IS NOT NULL) AND ((name ~~ '%man%'::text) OR (name ~~ '%Man%'::text)))
                                Rows Removed by Filter: 0
                    ->  Index Scan using movie_id_movie_keyword on movie_keyword mk  (cost=0.43..1.33 rows=45 width=8) (actual time=0.004..0.028 rows=171 loops=2047)
                          Index Cond: (movie_id = t.id)
              ->  Index Scan using keyword_pkey on keyword k  (cost=0.42..0.45 rows=1 width=4) (actual time=0.002..0.002 rows=0 loops=349357)
                    Index Cond: (id = mk.keyword_id)
                    Filter: (keyword = ANY ('{superhero,marvel-comics,based-on-comic,tv-special,fight,violence,magnet,web,claw,laser}'::text[]))
                    Rows Removed by Filter: 1
        ->  Index Scan using name_pkey on name n  (cost=0.43..0.45 rows=1 width=19) (actual time=0.003..0.003 rows=1 loops=1728)
              Index Cond: (id = ci.person_id)
Planning time: 42.857 ms
Execution time: 1266.800 ms
