Aggregate  (cost=32738.94..32738.95 rows=1 width=128) (actual time=827.178..827.179 rows=1 loops=1)
  ->  Nested Loop  (cost=4570.23..32738.93 rows=1 width=53) (actual time=172.596..826.191 rows=1728 loops=1)
        ->  Nested Loop  (cost=4569.80..32732.52 rows=14 width=41) (actual time=168.919..748.112 rows=58947 loops=1)
              ->  Nested Loop  (cost=4569.37..32726.15 rows=14 width=30) (actual time=168.910..570.566 rows=58947 loops=1)
                    Join Filter: (t.id = ci.movie_id)
                    ->  Nested Loop  (cost=4568.80..32724.20 rows=1 width=38) (actual time=168.898..511.866 rows=326 loops=1)
                          ->  Nested Loop  (cost=4568.38..32716.97 rows=16 width=42) (actual time=168.526..357.255 rows=79039 loops=1)
                                ->  Hash Join  (cost=4567.95..32700.98 rows=9 width=34) (actual time=168.514..329.203 rows=647 loops=1)
                                      Hash Cond: (cc.status_id = cct2.id)
                                      ->  Hash Join  (cost=4566.87..32699.72 rows=18 width=38) (actual time=168.499..328.999 rows=647 loops=1)
                                            Hash Cond: (t.kind_id = kt.id)
                                            ->  Nested Loop  (cost=4565.77..32697.15 rows=129 width=42) (actual time=40.534..328.378 rows=6002 loops=1)
                                                  Join Filter: (cc.movie_id = t.id)
                                                  ->  Hash Join  (cost=4565.34..32376.62 rows=237 width=17) (actual time=40.238..283.443 rows=17898 loops=1)
                                                        Hash Cond: (mi_idx.info_type_id = it2.id)
                                                        ->  Hash Join  (cost=4562.92..32038.49 rows=26757 width=21) (actual time=40.224..279.439 rows=26757 loops=1)
                                                              Hash Cond: (mi_idx.movie_id = cc.movie_id)
                                                              ->  Seq Scan on movie_info_idx mi_idx  (cost=0.00..25185.44 rows=192967 width=13) (actual time=0.018..202.782 rows=192967 loops=1)
                                                                    Filter: (info > '7.0'::text)
                                                                    Rows Removed by Filter: 1187068
                                                              ->  Hash  (cost=3488.66..3488.66 rows=85941 width=8) (actual time=40.061..40.061 rows=85941 loops=1)
                                                                    Buckets: 131072  Batches: 1  Memory Usage: 4382kB
                                                                    ->  Hash Join  (cost=1.06..3488.66 rows=85941 width=8) (actual time=0.012..29.465 rows=85941 loops=1)
                                                                          Hash Cond: (cc.subject_id = cct1.id)
                                                                          ->  Seq Scan on complete_cast cc  (cost=0.00..2081.86 rows=135086 width=12) (actual time=0.006..9.312 rows=135086 loops=1)
                                                                          ->  Hash  (cost=1.05..1.05 rows=1 width=4) (actual time=0.003..0.003 rows=1 loops=1)
                                                                                Buckets: 1024  Batches: 1  Memory Usage: 9kB
                                                                                ->  Seq Scan on comp_cast_type cct1  (cost=0.00..1.05 rows=1 width=4) (actual time=0.001..0.002 rows=1 loops=1)
                                                                                      Filter: ((kind)::text = 'cast'::text)
                                                                                      Rows Removed by Filter: 3
                                                        ->  Hash  (cost=2.41..2.41 rows=1 width=4) (actual time=0.010..0.010 rows=1 loops=1)
                                                              Buckets: 1024  Batches: 1  Memory Usage: 9kB
                                                              ->  Seq Scan on info_type it2  (cost=0.00..2.41 rows=1 width=4) (actual time=0.009..0.010 rows=1 loops=1)
                                                                    Filter: ((info)::text = 'rating'::text)
                                                                    Rows Removed by Filter: 112
                                                  ->  Index Scan using title_pkey on title t  (cost=0.43..1.34 rows=1 width=25) (actual time=0.002..0.002 rows=0 loops=17898)
                                                        Index Cond: (id = mi_idx.movie_id)
                                                        Filter: (production_year > 2000)
                                                        Rows Removed by Filter: 1
                                            ->  Hash  (cost=1.09..1.09 rows=1 width=4) (actual time=0.004..0.004 rows=1 loops=1)
                                                  Buckets: 1024  Batches: 1  Memory Usage: 9kB
                                                  ->  Seq Scan on kind_type kt  (cost=0.00..1.09 rows=1 width=4) (actual time=0.003..0.003 rows=1 loops=1)
                                                        Filter: ((kind)::text = 'movie'::text)
                                                        Rows Removed by Filter: 6
                                      ->  Hash  (cost=1.05..1.05 rows=2 width=4) (actual time=0.009..0.009 rows=2 loops=1)
                                            Buckets: 1024  Batches: 1  Memory Usage: 9kB
                                            ->  Seq Scan on comp_cast_type cct2  (cost=0.00..1.05 rows=2 width=4) (actual time=0.006..0.007 rows=2 loops=1)
                                                  Filter: ((kind)::text ~~ '%complete%'::text)
                                                  Rows Removed by Filter: 2
                                ->  Index Scan using movie_id_movie_keyword on movie_keyword mk  (cost=0.43..1.33 rows=45 width=8) (actual time=0.005..0.028 rows=122 loops=647)
                                      Index Cond: (movie_id = t.id)
                          ->  Index Scan using keyword_pkey on keyword k  (cost=0.42..0.45 rows=1 width=4) (actual time=0.002..0.002 rows=0 loops=79039)
                                Index Cond: (id = mk.keyword_id)
                                Filter: (keyword = ANY ('{superhero,marvel-comics,based-on-comic,tv-special,fight,violence,magnet,web,claw,laser}'::text[]))
                                Rows Removed by Filter: 1
                    ->  Index Scan using movie_id_cast_info on cast_info ci  (cost=0.56..1.51 rows=36 width=12) (actual time=0.006..0.146 rows=181 loops=326)
                          Index Cond: (movie_id = mk.movie_id)
              ->  Index Scan using name_pkey on name n  (cost=0.43..0.45 rows=1 width=19) (actual time=0.003..0.003 rows=1 loops=58947)
                    Index Cond: (id = ci.person_id)
        ->  Index Scan using char_name_pkey on char_name chn  (cost=0.43..0.46 rows=1 width=20) (actual time=0.001..0.001 rows=0 loops=58947)
              Index Cond: (id = ci.person_role_id)
              Filter: ((name IS NOT NULL) AND ((name ~~ '%man%'::text) OR (name ~~ '%Man%'::text)))
              Rows Removed by Filter: 0
Planning time: 42.496 ms
Execution time: 827.282 ms
