Aggregate  (cost=28667.07..28667.08 rows=1 width=128) (actual time=806.267..806.267 rows=1 loops=1)
  ->  Nested Loop  (cost=5.94..28667.06 rows=1 width=53) (actual time=265.695..805.318 rows=1728 loops=1)
        ->  Nested Loop  (cost=5.51..28666.60 rows=1 width=42) (actual time=265.687..798.719 rows=1728 loops=1)
              ->  Nested Loop  (cost=5.08..28660.20 rows=14 width=30) (actual time=262.712..722.401 rows=58947 loops=1)
                    Join Filter: (t.id = ci.movie_id)
                    ->  Nested Loop  (cost=4.52..28658.24 rows=1 width=38) (actual time=262.700..666.354 rows=326 loops=1)
                          ->  Nested Loop  (cost=4.10..28654.17 rows=9 width=42) (actual time=262.329..509.864 rows=79039 loops=1)
                                ->  Nested Loop  (cost=3.67..28645.29 rows=5 width=34) (actual time=262.317..481.798 rows=647 loops=1)
                                      ->  Nested Loop  (cost=3.54..28640.05 rows=34 width=38) (actual time=0.736..476.232 rows=6002 loops=1)
                                            Join Filter: (cc.movie_id = t.id)
                                            ->  Nested Loop  (cost=3.10..28554.85 rows=63 width=13) (actual time=0.055..430.129 rows=17898 loops=1)
                                                  ->  Nested Loop  (cost=2.98..28535.94 rows=126 width=17) (actual time=0.053..414.629 rows=17898 loops=1)
                                                        ->  Nested Loop  (cost=2.85..28459.33 rows=502 width=21) (actual time=0.051..388.450 rows=29914 loops=1)
                                                              ->  Hash Join  (cost=2.43..27608.91 rows=1708 width=9) (actual time=0.039..237.367 rows=121572 loops=1)
                                                                    Hash Cond: (mi_idx.info_type_id = it2.id)
                                                                    ->  Seq Scan on movie_info_idx mi_idx  (cost=0.00..25185.44 rows=192967 width=13) (actual time=0.021..211.382 rows=192967 loops=1)
                                                                          Filter: (info > '7.0'::text)
                                                                          Rows Removed by Filter: 1187068
                                                                    ->  Hash  (cost=2.41..2.41 rows=1 width=4) (actual time=0.013..0.013 rows=1 loops=1)
                                                                          Buckets: 1024  Batches: 1  Memory Usage: 9kB
                                                                          ->  Seq Scan on info_type it2  (cost=0.00..2.41 rows=1 width=4) (actual time=0.010..0.011 rows=1 loops=1)
                                                                                Filter: ((info)::text = 'rating'::text)
                                                                                Rows Removed by Filter: 112
                                                              ->  Index Scan using movie_id_complete_cast on complete_cast cc  (cost=0.42..0.48 rows=2 width=12) (actual time=0.001..0.001 rows=0 loops=121572)
                                                                    Index Cond: (movie_id = mi_idx.movie_id)
                                                        ->  Index Scan using comp_cast_type_pkey on comp_cast_type cct1  (cost=0.13..0.15 rows=1 width=4) (actual time=0.001..0.001 rows=1 loops=29914)
                                                              Index Cond: (id = cc.subject_id)
                                                              Filter: ((kind)::text = 'cast'::text)
                                                              Rows Removed by Filter: 0
                                                  ->  Index Scan using comp_cast_type_pkey on comp_cast_type cct2  (cost=0.13..0.15 rows=1 width=4) (actual time=0.001..0.001 rows=1 loops=17898)
                                                        Index Cond: (id = cc.status_id)
                                                        Filter: ((kind)::text ~~ '%complete%'::text)
                                            ->  Index Scan using title_pkey on title t  (cost=0.43..1.34 rows=1 width=25) (actual time=0.002..0.002 rows=0 loops=17898)
                                                  Index Cond: (id = mi_idx.movie_id)
                                                  Filter: (production_year > 2000)
                                                  Rows Removed by Filter: 1
                                      ->  Index Scan using kind_type_pkey on kind_type kt  (cost=0.13..0.15 rows=1 width=4) (actual time=0.001..0.001 rows=0 loops=6002)
                                            Index Cond: (id = t.kind_id)
                                            Filter: ((kind)::text = 'movie'::text)
                                            Rows Removed by Filter: 1
                                ->  Index Scan using movie_id_movie_keyword on movie_keyword mk  (cost=0.43..1.33 rows=45 width=8) (actual time=0.005..0.027 rows=122 loops=647)
                                      Index Cond: (movie_id = t.id)
                          ->  Index Scan using keyword_pkey on keyword k  (cost=0.42..0.45 rows=1 width=4) (actual time=0.002..0.002 rows=0 loops=79039)
                                Index Cond: (id = mk.keyword_id)
                                Filter: (keyword = ANY ('{superhero,marvel-comics,based-on-comic,tv-special,fight,violence,magnet,web,claw,laser}'::text[]))
                                Rows Removed by Filter: 1
                    ->  Index Scan using movie_id_cast_info on cast_info ci  (cost=0.56..1.51 rows=36 width=12) (actual time=0.006..0.141 rows=181 loops=326)
                          Index Cond: (movie_id = mk.movie_id)
              ->  Index Scan using char_name_pkey on char_name chn  (cost=0.43..0.46 rows=1 width=20) (actual time=0.001..0.001 rows=0 loops=58947)
                    Index Cond: (id = ci.person_role_id)
                    Filter: ((name IS NOT NULL) AND ((name ~~ '%man%'::text) OR (name ~~ '%Man%'::text)))
                    Rows Removed by Filter: 0
        ->  Index Scan using name_pkey on name n  (cost=0.43..0.45 rows=1 width=19) (actual time=0.003..0.003 rows=1 loops=1728)
              Index Cond: (id = ci.person_id)
Planning time: 42.716 ms
Execution time: 806.358 ms
