Aggregate  (cost=91185.67..91185.68 rows=1 width=128) (actual time=526.089..526.090 rows=1 loops=1)
  ->  Hash Join  (cost=8537.76..91177.03 rows=864 width=53) (actual time=202.458..525.175 rows=1728 loops=1)
        Hash Cond: (cc.status_id = cct2.id)
        ->  Nested Loop  (cost=8536.68..91157.97 rows=1728 width=57) (actual time=202.441..524.751 rows=1728 loops=1)
              ->  Nested Loop  (cost=8536.25..90371.90 rows=1728 width=46) (actual time=202.433..518.421 rows=1728 loops=1)
                    ->  Nested Loop  (cost=8535.82..63405.24 rows=58947 width=34) (actual time=200.879..444.726 rows=58947 loops=1)
                          Join Filter: (t.id = ci.movie_id)
                          ->  Hash Join  (cost=8535.26..62767.48 rows=326 width=42) (actual time=200.865..390.536 rows=326 loops=1)
                                Hash Cond: (mk.keyword_id = k.id)
                                ->  Nested Loop  (cost=4567.31..57801.67 rows=79039 width=46) (actual time=174.133..358.303 rows=79039 loops=1)
                                      ->  Hash Join  (cost=4566.87..56652.13 rows=647 width=38) (actual time=174.119..333.838 rows=647 loops=1)
                                            Hash Cond: (t.kind_id = kt.id)
                                            ->  Nested Loop  (cost=4565.77..56582.86 rows=6002 width=42) (actual time=41.055..333.258 rows=6002 loops=1)
                                                  Join Filter: (cc.movie_id = t.id)
                                                  ->  Hash Join  (cost=4565.34..32376.62 rows=17898 width=17) (actual time=40.743..287.257 rows=17898 loops=1)
                                                        Hash Cond: (mi_idx.info_type_id = it2.id)
                                                        ->  Hash Join  (cost=4562.92..32038.49 rows=26757 width=21) (actual time=40.726..283.214 rows=26757 loops=1)
                                                              Hash Cond: (mi_idx.movie_id = cc.movie_id)
                                                              ->  Seq Scan on movie_info_idx mi_idx  (cost=0.00..25185.44 rows=192967 width=13) (actual time=0.019..203.382 rows=192967 loops=1)
                                                                    Filter: (info > '7.0'::text)
                                                                    Rows Removed by Filter: 1187068
                                                              ->  Hash  (cost=3488.66..3488.66 rows=85941 width=8) (actual time=40.554..40.554 rows=85941 loops=1)
                                                                    Buckets: 131072  Batches: 1  Memory Usage: 4382kB
                                                                    ->  Hash Join  (cost=1.06..3488.66 rows=85941 width=8) (actual time=0.017..29.723 rows=85941 loops=1)
                                                                          Hash Cond: (cc.subject_id = cct1.id)
                                                                          ->  Seq Scan on complete_cast cc  (cost=0.00..2081.86 rows=135086 width=12) (actual time=0.006..9.503 rows=135086 loops=1)
                                                                          ->  Hash  (cost=1.05..1.05 rows=1 width=4) (actual time=0.006..0.006 rows=1 loops=1)
                                                                                Buckets: 1024  Batches: 1  Memory Usage: 9kB
                                                                                ->  Seq Scan on comp_cast_type cct1  (cost=0.00..1.05 rows=1 width=4) (actual time=0.004..0.005 rows=1 loops=1)
                                                                                      Filter: ((kind)::text = 'cast'::text)
                                                                                      Rows Removed by Filter: 3
                                                        ->  Hash  (cost=2.41..2.41 rows=1 width=4) (actual time=0.013..0.013 rows=1 loops=1)
                                                              Buckets: 1024  Batches: 1  Memory Usage: 9kB
                                                              ->  Seq Scan on info_type it2  (cost=0.00..2.41 rows=1 width=4) (actual time=0.011..0.012 rows=1 loops=1)
                                                                    Filter: ((info)::text = 'rating'::text)
                                                                    Rows Removed by Filter: 112
                                                  ->  Index Scan using title_pkey on title t  (cost=0.43..1.34 rows=1 width=25) (actual time=0.002..0.002 rows=0 loops=17898)
                                                        Index Cond: (id = mi_idx.movie_id)
                                                        Filter: (production_year > 2000)
                                                        Rows Removed by Filter: 1
                                            ->  Hash  (cost=1.09..1.09 rows=1 width=4) (actual time=0.009..0.009 rows=1 loops=1)
                                                  Buckets: 1024  Batches: 1  Memory Usage: 9kB
                                                  ->  Seq Scan on kind_type kt  (cost=0.00..1.09 rows=1 width=4) (actual time=0.007..0.007 rows=1 loops=1)
                                                        Filter: ((kind)::text = 'movie'::text)
                                                        Rows Removed by Filter: 6
                                      ->  Index Scan using movie_id_movie_keyword on movie_keyword mk  (cost=0.43..1.33 rows=45 width=8) (actual time=0.005..0.023 rows=122 loops=647)
                                            Index Cond: (movie_id = t.id)
                                ->  Hash  (cost=3967.82..3967.82 rows=10 width=4) (actual time=26.683..26.683 rows=10 loops=1)
                                      Buckets: 1024  Batches: 1  Memory Usage: 9kB
                                      ->  Seq Scan on keyword k  (cost=0.00..3967.82 rows=10 width=4) (actual time=0.103..26.681 rows=10 loops=1)
                                            Filter: (keyword = ANY ('{superhero,marvel-comics,based-on-comic,tv-special,fight,violence,magnet,web,claw,laser}'::text[]))
                                            Rows Removed by Filter: 134160
                          ->  Index Scan using movie_id_cast_info on cast_info ci  (cost=0.56..1.51 rows=36 width=12) (actual time=0.006..0.135 rows=181 loops=326)
                                Index Cond: (movie_id = mk.movie_id)
                    ->  Index Scan using char_name_pkey on char_name chn  (cost=0.43..0.46 rows=1 width=20) (actual time=0.001..0.001 rows=0 loops=58947)
                          Index Cond: (id = ci.person_role_id)
                          Filter: ((name IS NOT NULL) AND ((name ~~ '%man%'::text) OR (name ~~ '%Man%'::text)))
                          Rows Removed by Filter: 0
              ->  Index Scan using name_pkey on name n  (cost=0.43..0.45 rows=1 width=19) (actual time=0.003..0.003 rows=1 loops=1728)
                    Index Cond: (id = ci.person_id)
        ->  Hash  (cost=1.05..1.05 rows=2 width=4) (actual time=0.010..0.010 rows=2 loops=1)
              Buckets: 1024  Batches: 1  Memory Usage: 9kB
              ->  Seq Scan on comp_cast_type cct2  (cost=0.00..1.05 rows=2 width=4) (actual time=0.008..0.009 rows=2 loops=1)
                    Filter: ((kind)::text ~~ '%complete%'::text)
                    Rows Removed by Filter: 2
Planning time: 42.430 ms
Execution time: 526.201 ms
