Aggregate  (cost=32069.77..32069.78 rows=1 width=96) (actual time=308.538..308.538 rows=1 loops=1)
  ->  Nested Loop  (cost=5974.99..32069.76 rows=1 width=38) (actual time=221.580..308.489 rows=93 loops=1)
        ->  Nested Loop  (cost=5974.86..32069.59 rows=1 width=42) (actual time=73.568..308.341 rows=111 loops=1)
              ->  Nested Loop  (cost=5974.43..32069.13 rows=1 width=46) (actual time=73.559..307.864 rows=111 loops=1)
                    ->  Nested Loop  (cost=5974.00..32062.73 rows=14 width=34) (actual time=70.372..302.764 rows=3561 loops=1)
                          Join Filter: (t.id = ci.movie_id)
                          ->  Nested Loop  (cost=5973.44..32060.77 rows=1 width=42) (actual time=70.360..299.046 rows=29 loops=1)
                                ->  Nested Loop  (cost=5973.02..32039.91 rows=47 width=46) (actual time=60.409..270.102 rows=14650 loops=1)
                                      ->  Nested Loop  (cost=5972.58..31992.71 rows=26 width=38) (actual time=60.401..263.262 rows=961 loops=1)
                                            ->  Hash Join  (cost=5972.15..31879.10 rows=66 width=13) (actual time=59.685..256.599 rows=2413 loops=1)
                                                  Hash Cond: (mi_idx.info_type_id = it2.id)
                                                  ->  Hash Join  (cost=5969.73..31782.54 rows=7503 width=17) (actual time=59.664..255.749 rows=7503 loops=1)
                                                        Hash Cond: (mi_idx.movie_id = cc.movie_id)
                                                        ->  Seq Scan on movie_info_idx mi_idx  (cost=0.00..25185.44 rows=52862 width=13) (actual time=0.018..184.541 rows=52862 loops=1)
                                                              Filter: (info > '8.0'::text)
                                                              Rows Removed by Filter: 1327173
                                                        ->  Hash  (cost=4895.47..4895.47 rows=85941 width=4) (actual time=59.495..59.495 rows=85941 loops=1)
                                                              Buckets: 131072  Batches: 1  Memory Usage: 4046kB
                                                              ->  Hash Join  (cost=2.14..4895.47 rows=85941 width=4) (actual time=0.018..49.716 rows=85941 loops=1)
                                                                    Hash Cond: (cc.subject_id = cct1.id)
                                                                    ->  Hash Join  (cost=1.07..3488.67 rows=135086 width=8) (actual time=0.012..33.081 rows=135086 loops=1)
                                                                          Hash Cond: (cc.status_id = cct2.id)
                                                                          ->  Seq Scan on complete_cast cc  (cost=0.00..2081.86 rows=135086 width=12) (actual time=0.005..10.126 rows=135086 loops=1)
                                                                          ->  Hash  (cost=1.05..1.05 rows=2 width=4) (actual time=0.003..0.003 rows=2 loops=1)
                                                                                Buckets: 1024  Batches: 1  Memory Usage: 9kB
                                                                                ->  Seq Scan on comp_cast_type cct2  (cost=0.00..1.05 rows=2 width=4) (actual time=0.002..0.003 rows=2 loops=1)
                                                                                      Filter: ((kind)::text ~~ '%complete%'::text)
                                                                                      Rows Removed by Filter: 2
                                                                    ->  Hash  (cost=1.05..1.05 rows=1 width=4) (actual time=0.003..0.003 rows=1 loops=1)
                                                                          Buckets: 1024  Batches: 1  Memory Usage: 9kB
                                                                          ->  Seq Scan on comp_cast_type cct1  (cost=0.00..1.05 rows=1 width=4) (actual time=0.002..0.003 rows=1 loops=1)
                                                                                Filter: ((kind)::text = 'cast'::text)
                                                                                Rows Removed by Filter: 3
                                                  ->  Hash  (cost=2.41..2.41 rows=1 width=4) (actual time=0.016..0.016 rows=1 loops=1)
                                                        Buckets: 1024  Batches: 1  Memory Usage: 9kB
                                                        ->  Seq Scan on info_type it2  (cost=0.00..2.41 rows=1 width=4) (actual time=0.013..0.015 rows=1 loops=1)
                                                              Filter: ((info)::text = 'rating'::text)
                                                              Rows Removed by Filter: 112
                                            ->  Index Scan using title_pkey on title t  (cost=0.43..1.72 rows=1 width=25) (actual time=0.003..0.003 rows=0 loops=2413)
                                                  Index Cond: (id = cc.movie_id)
                                                  Filter: (production_year > 2005)
                                                  Rows Removed by Filter: 1
                                      ->  Index Scan using movie_id_movie_keyword on movie_keyword mk  (cost=0.43..1.37 rows=45 width=8) (actual time=0.002..0.005 rows=15 loops=961)
                                            Index Cond: (movie_id = t.id)
                                ->  Index Scan using keyword_pkey on keyword k  (cost=0.42..0.44 rows=1 width=4) (actual time=0.002..0.002 rows=0 loops=14650)
                                      Index Cond: (id = mk.keyword_id)
                                      Filter: (keyword = ANY ('{superhero,marvel-comics,based-on-comic,fight}'::text[]))
                                      Rows Removed by Filter: 1
                          ->  Index Scan using movie_id_cast_info on cast_info ci  (cost=0.56..1.51 rows=36 width=12) (actual time=0.006..0.106 rows=123 loops=29)
                                Index Cond: (movie_id = mk.movie_id)
                    ->  Index Scan using char_name_pkey on char_name chn  (cost=0.43..0.46 rows=1 width=20) (actual time=0.001..0.001 rows=0 loops=3561)
                          Index Cond: (id = ci.person_role_id)
                          Filter: ((name IS NOT NULL) AND ((name ~~ '%man%'::text) OR (name ~~ '%Man%'::text)))
                          Rows Removed by Filter: 0
              ->  Index Only Scan using name_pkey on name n  (cost=0.43..0.45 rows=1 width=4) (actual time=0.004..0.004 rows=1 loops=111)
                    Index Cond: (id = ci.person_id)
                    Heap Fetches: 111
        ->  Index Scan using kind_type_pkey on kind_type kt  (cost=0.13..0.15 rows=1 width=4) (actual time=0.001..0.001 rows=1 loops=111)
              Index Cond: (id = t.kind_id)
              Filter: ((kind)::text = 'movie'::text)
              Rows Removed by Filter: 0
Planning time: 42.887 ms
Execution time: 308.638 ms
