Aggregate  (cost=30054.48..30054.49 rows=1 width=96) (actual time=265.147..265.147 rows=1 loops=1)
  ->  Nested Loop  (cost=3777.86..30054.48 rows=1 width=38) (actual time=169.494..265.096 rows=93 loops=1)
        ->  Nested Loop  (cost=3777.43..30048.07 rows=14 width=26) (actual time=169.407..261.601 rows=2300 loops=1)
              ->  Nested Loop  (cost=3777.00..30041.70 rows=14 width=30) (actual time=169.397..253.597 rows=2300 loops=1)
                    Join Filter: (t.id = ci.movie_id)
                    ->  Nested Loop  (cost=3776.43..30039.75 rows=1 width=38) (actual time=169.380..251.033 rows=6 loops=1)
                          ->  Nested Loop  (cost=3776.30..30039.58 rows=1 width=42) (actual time=169.373..251.006 rows=6 loops=1)
                                ->  Nested Loop  (cost=3775.88..30038.69 rows=2 width=46) (actual time=129.693..241.875 rows=3891 loops=1)
                                      ->  Hash Join  (cost=3775.45..30036.87 rows=1 width=38) (actual time=125.265..240.387 rows=32 loops=1)
                                            Hash Cond: (t.kind_id = kt.id)
                                            ->  Nested Loop  (cost=3774.35..30035.65 rows=10 width=42) (actual time=37.060..240.281 rows=961 loops=1)
                                                  ->  Hash Join  (cost=3773.92..29990.90 rows=26 width=17) (actual time=36.340..233.596 rows=2413 loops=1)
                                                        Hash Cond: (cc.subject_id = cct1.id)
                                                        ->  Hash Join  (cost=3772.86..29988.74 rows=105 width=21) (actual time=36.332..232.990 rows=3981 loops=1)
                                                              Hash Cond: (mi_idx.info_type_id = it2.id)
                                                              ->  Hash Join  (cost=3770.44..29837.93 rows=11827 width=25) (actual time=36.317..231.702 rows=11827 loops=1)
                                                                    Hash Cond: (mi_idx.movie_id = cc.movie_id)
                                                                    ->  Seq Scan on movie_info_idx mi_idx  (cost=0.00..25185.44 rows=52862 width=13) (actual time=0.019..183.526 rows=52862 loops=1)
                                                                          Filter: (info > '8.0'::text)
                                                                          Rows Removed by Filter: 1327173
                                                                    ->  Hash  (cost=2081.86..2081.86 rows=135086 width=12) (actual time=36.001..36.001 rows=135086 loops=1)
                                                                          Buckets: 262144  Batches: 1  Memory Usage: 7853kB
                                                                          ->  Seq Scan on complete_cast cc  (cost=0.00..2081.86 rows=135086 width=12) (actual time=0.006..17.238 rows=135086 loops=1)
                                                              ->  Hash  (cost=2.41..2.41 rows=1 width=4) (actual time=0.011..0.011 rows=1 loops=1)
                                                                    Buckets: 1024  Batches: 1  Memory Usage: 9kB
                                                                    ->  Seq Scan on info_type it2  (cost=0.00..2.41 rows=1 width=4) (actual time=0.009..0.010 rows=1 loops=1)
                                                                          Filter: ((info)::text = 'rating'::text)
                                                                          Rows Removed by Filter: 112
                                                        ->  Hash  (cost=1.05..1.05 rows=1 width=4) (actual time=0.003..0.003 rows=1 loops=1)
                                                              Buckets: 1024  Batches: 1  Memory Usage: 9kB
                                                              ->  Seq Scan on comp_cast_type cct1  (cost=0.00..1.05 rows=1 width=4) (actual time=0.002..0.003 rows=1 loops=1)
                                                                    Filter: ((kind)::text = 'cast'::text)
                                                                    Rows Removed by Filter: 3
                                                  ->  Index Scan using title_pkey on title t  (cost=0.43..1.72 rows=1 width=25) (actual time=0.003..0.003 rows=0 loops=2413)
                                                        Index Cond: (id = cc.movie_id)
                                                        Filter: (production_year > 2005)
                                                        Rows Removed by Filter: 1
                                            ->  Hash  (cost=1.09..1.09 rows=1 width=4) (actual time=0.009..0.009 rows=1 loops=1)
                                                  Buckets: 1024  Batches: 1  Memory Usage: 9kB
                                                  ->  Seq Scan on kind_type kt  (cost=0.00..1.09 rows=1 width=4) (actual time=0.006..0.007 rows=1 loops=1)
                                                        Filter: ((kind)::text = 'movie'::text)
                                                        Rows Removed by Filter: 6
                                      ->  Index Scan using movie_id_movie_keyword on movie_keyword mk  (cost=0.43..1.37 rows=45 width=8) (actual time=0.006..0.030 rows=122 loops=32)
                                            Index Cond: (movie_id = t.id)
                                ->  Index Scan using keyword_pkey on keyword k  (cost=0.42..0.44 rows=1 width=4) (actual time=0.002..0.002 rows=0 loops=3891)
                                      Index Cond: (id = mk.keyword_id)
                                      Filter: (keyword = ANY ('{superhero,marvel-comics,based-on-comic,fight}'::text[]))
                                      Rows Removed by Filter: 1
                          ->  Index Scan using comp_cast_type_pkey on comp_cast_type cct2  (cost=0.13..0.15 rows=1 width=4) (actual time=0.003..0.003 rows=1 loops=6)
                                Index Cond: (id = cc.status_id)
                                Filter: ((kind)::text ~~ '%complete%'::text)
                    ->  Index Scan using movie_id_cast_info on cast_info ci  (cost=0.56..1.51 rows=36 width=12) (actual time=0.008..0.355 rows=383 loops=6)
                          Index Cond: (movie_id = mk.movie_id)
              ->  Index Only Scan using name_pkey on name n  (cost=0.43..0.45 rows=1 width=4) (actual time=0.003..0.003 rows=1 loops=2300)
                    Index Cond: (id = ci.person_id)
                    Heap Fetches: 2300
        ->  Index Scan using char_name_pkey on char_name chn  (cost=0.43..0.46 rows=1 width=20) (actual time=0.001..0.001 rows=0 loops=2300)
              Index Cond: (id = ci.person_role_id)
              Filter: ((name IS NOT NULL) AND ((name ~~ '%man%'::text) OR (name ~~ '%Man%'::text)))
              Rows Removed by Filter: 0
Planning time: 42.632 ms
Execution time: 265.263 ms
