Aggregate  (cost=11022.81..11022.82 rows=1 width=96) (actual time=267.438..267.438 rows=1 loops=1)
  ->  Nested Loop  (cost=7.82..11022.81 rows=1 width=38) (actual time=91.364..267.387 rows=93 loops=1)
        ->  Nested Loop  (cost=7.39..11016.40 rows=14 width=26) (actual time=91.278..263.933 rows=2300 loops=1)
              ->  Nested Loop  (cost=6.96..11010.03 rows=14 width=30) (actual time=91.267..255.933 rows=2300 loops=1)
                    Join Filter: (t.id = ci.movie_id)
                    ->  Nested Loop  (cost=6.39..11008.08 rows=1 width=38) (actual time=91.249..253.399 rows=6 loops=1)
                          ->  Nested Loop  (cost=6.26..11007.91 rows=1 width=42) (actual time=22.931..253.336 rows=29 loops=1)
                                ->  Nested Loop  (cost=5.84..11005.68 rows=5 width=46) (actual time=0.789..225.124 rows=14650 loops=1)
                                      ->  Nested Loop  (cost=5.41..11000.23 rows=3 width=38) (actual time=0.783..218.437 rows=961 loops=1)
                                            ->  Hash Join  (cost=4.98..10986.46 rows=8 width=13) (actual time=0.251..211.735 rows=2413 loops=1)
                                                  Hash Cond: (mi_idx.info_type_id = it2.id)
                                                  ->  Nested Loop  (cost=2.55..10972.10 rows=951 width=17) (actual time=0.120..210.832 rows=7503 loops=1)
                                                        ->  Hash Join  (cost=2.12..3841.16 rows=8443 width=4) (actual time=0.019..51.354 rows=85941 loops=1)
                                                              Hash Cond: (cc.subject_id = cct1.id)
                                                              ->  Hash Join  (cost=1.06..3488.66 rows=33772 width=8) (actual time=0.012..34.473 rows=135086 loops=1)
                                                                    Hash Cond: (cc.status_id = cct2.id)
                                                                    ->  Seq Scan on complete_cast cc  (cost=0.00..2081.86 rows=135086 width=12) (actual time=0.006..10.406 rows=135086 loops=1)
                                                                    ->  Hash  (cost=1.05..1.05 rows=1 width=4) (actual time=0.003..0.003 rows=2 loops=1)
                                                                          Buckets: 1024  Batches: 1  Memory Usage: 9kB
                                                                          ->  Seq Scan on comp_cast_type cct2  (cost=0.00..1.05 rows=1 width=4) (actual time=0.002..0.003 rows=2 loops=1)
                                                                                Filter: ((kind)::text ~~ '%complete%'::text)
                                                                                Rows Removed by Filter: 2
                                                              ->  Hash  (cost=1.05..1.05 rows=1 width=4) (actual time=0.004..0.004 rows=1 loops=1)
                                                                    Buckets: 1024  Batches: 1  Memory Usage: 9kB
                                                                    ->  Seq Scan on comp_cast_type cct1  (cost=0.00..1.05 rows=1 width=4) (actual time=0.003..0.003 rows=1 loops=1)
                                                                          Filter: ((kind)::text = 'cast'::text)
                                                                          Rows Removed by Filter: 3
                                                        ->  Index Scan using movie_id_movie_info_idx on movie_info_idx mi_idx  (cost=0.43..0.83 rows=1 width=13) (actual time=0.002..0.002 rows=0 loops=85941)
                                                              Index Cond: (movie_id = cc.movie_id)
                                                              Filter: (info > '8.0'::text)
                                                              Rows Removed by Filter: 2
                                                  ->  Hash  (cost=2.41..2.41 rows=1 width=4) (actual time=0.018..0.018 rows=1 loops=1)
                                                        Buckets: 1024  Batches: 1  Memory Usage: 9kB
                                                        ->  Seq Scan on info_type it2  (cost=0.00..2.41 rows=1 width=4) (actual time=0.014..0.016 rows=1 loops=1)
                                                              Filter: ((info)::text = 'rating'::text)
                                                              Rows Removed by Filter: 112
                                            ->  Index Scan using title_pkey on title t  (cost=0.43..1.72 rows=1 width=25) (actual time=0.003..0.003 rows=0 loops=2413)
                                                  Index Cond: (id = cc.movie_id)
                                                  Filter: (production_year > 2005)
                                                  Rows Removed by Filter: 1
                                      ->  Index Scan using movie_id_movie_keyword on movie_keyword mk  (cost=0.43..1.37 rows=45 width=8) (actual time=0.002..0.005 rows=15 loops=961)
                                            Index Cond: (movie_id = t.id)
                                ->  Index Scan using keyword_pkey on keyword k  (cost=0.42..0.44 rows=1 width=4) (actual time=0.002..0.002 rows=0 loops=14650)
                                      Index Cond: (id = mk.keyword_id)
                                      Filter: (keyword = ANY ('{superhero,marvel-comics,based-on-comic,fight}'::text[]))
                                      Rows Removed by Filter: 1
                          ->  Index Scan using kind_type_pkey on kind_type kt  (cost=0.13..0.15 rows=1 width=4) (actual time=0.002..0.002 rows=0 loops=29)
                                Index Cond: (id = t.kind_id)
                                Filter: ((kind)::text = 'movie'::text)
                                Rows Removed by Filter: 1
                    ->  Index Scan using movie_id_cast_info on cast_info ci  (cost=0.56..1.51 rows=36 width=12) (actual time=0.008..0.352 rows=383 loops=6)
                          Index Cond: (movie_id = mk.movie_id)
              ->  Index Only Scan using name_pkey on name n  (cost=0.43..0.45 rows=1 width=4) (actual time=0.003..0.003 rows=1 loops=2300)
                    Index Cond: (id = ci.person_id)
                    Heap Fetches: 2300
        ->  Index Scan using char_name_pkey on char_name chn  (cost=0.43..0.46 rows=1 width=20) (actual time=0.001..0.001 rows=0 loops=2300)
              Index Cond: (id = ci.person_role_id)
              Filter: ((name IS NOT NULL) AND ((name ~~ '%man%'::text) OR (name ~~ '%Man%'::text)))
              Rows Removed by Filter: 0
Planning time: 42.787 ms
Execution time: 267.535 ms
