Aggregate  (cost=35596.62..35596.63 rows=1 width=96) (actual time=2462.653..2462.653 rows=1 loops=1)
  ->  Nested Loop  (cost=6.51..35596.61 rows=1 width=38) (actual time=4.149..2460.380 rows=5400 loops=1)
        ->  Nested Loop  (cost=6.08..35596.16 rows=1 width=42) (actual time=4.142..2440.356 rows=5400 loops=1)
              ->  Nested Loop  (cost=5.65..35589.75 rows=14 width=30) (actual time=1.357..2203.467 rows=189738 loops=1)
                    Join Filter: (t.id = ci.movie_id)
                    ->  Nested Loop  (cost=5.09..35587.79 rows=1 width=38) (actual time=1.347..2026.327 rows=1261 loops=1)
                          ->  Nested Loop  (cost=4.95..35587.61 rows=1 width=42) (actual time=0.262..2021.594 rows=3831 loops=1)
                                ->  Nested Loop  (cost=4.53..35006.95 rows=1287 width=46) (actual time=0.065..516.201 rows=888749 loops=1)
                                      ->  Nested Loop  (cost=4.09..33729.48 rows=719 width=38) (actual time=0.056..250.589 rows=12132 loops=1)
                                            ->  Hash Join  (cost=3.67..33012.57 rows=1318 width=25) (actual time=0.051..233.702 rows=4696 loops=1)
                                                  Hash Cond: (t.kind_id = kt.id)
                                                  ->  Nested Loop  (cost=2.57..32906.69 rows=9226 width=29) (actual time=0.039..231.107 rows=23557 loops=1)
                                                        ->  Hash Join  (cost=2.14..3841.17 rows=16886 width=4) (actual time=0.016..47.061 rows=85941 loops=1)
                                                              Hash Cond: (cc.status_id = cct2.id)
                                                              ->  Hash Join  (cost=1.06..3488.66 rows=33772 width=8) (actual time=0.010..32.949 rows=85941 loops=1)
                                                                    Hash Cond: (cc.subject_id = cct1.id)
                                                                    ->  Seq Scan on complete_cast cc  (cost=0.00..2081.86 rows=135086 width=12) (actual time=0.005..10.877 rows=135086 loops=1)
                                                                    ->  Hash  (cost=1.05..1.05 rows=1 width=4) (actual time=0.002..0.002 rows=1 loops=1)
                                                                          Buckets: 1024  Batches: 1  Memory Usage: 9kB
                                                                          ->  Seq Scan on comp_cast_type cct1  (cost=0.00..1.05 rows=1 width=4) (actual time=0.001..0.002 rows=1 loops=1)
                                                                                Filter: ((kind)::text = 'cast'::text)
                                                                                Rows Removed by Filter: 3
                                                              ->  Hash  (cost=1.05..1.05 rows=2 width=4) (actual time=0.004..0.004 rows=2 loops=1)
                                                                    Buckets: 1024  Batches: 1  Memory Usage: 9kB
                                                                    ->  Seq Scan on comp_cast_type cct2  (cost=0.00..1.05 rows=2 width=4) (actual time=0.002..0.003 rows=2 loops=1)
                                                                          Filter: ((kind)::text ~~ '%complete%'::text)
                                                                          Rows Removed by Filter: 2
                                                        ->  Index Scan using title_pkey on title t  (cost=0.43..1.72 rows=1 width=25) (actual time=0.002..0.002 rows=0 loops=85941)
                                                              Index Cond: (id = cc.movie_id)
                                                              Filter: (production_year > 2000)
                                                              Rows Removed by Filter: 1
                                                  ->  Hash  (cost=1.09..1.09 rows=1 width=4) (actual time=0.007..0.007 rows=1 loops=1)
                                                        Buckets: 1024  Batches: 1  Memory Usage: 9kB
                                                        ->  Seq Scan on kind_type kt  (cost=0.00..1.09 rows=1 width=4) (actual time=0.005..0.005 rows=1 loops=1)
                                                              Filter: ((kind)::text = 'movie'::text)
                                                              Rows Removed by Filter: 6
                                            ->  Index Scan using movie_id_movie_info_idx on movie_info_idx mi_idx  (cost=0.43..0.51 rows=3 width=13) (actual time=0.002..0.003 rows=3 loops=4696)
                                                  Index Cond: (movie_id = t.id)
                                      ->  Index Scan using movie_id_movie_keyword on movie_keyword mk  (cost=0.43..1.33 rows=45 width=8) (actual time=0.003..0.013 rows=73 loops=12132)
                                            Index Cond: (movie_id = t.id)
                                ->  Index Scan using keyword_pkey on keyword k  (cost=0.42..0.45 rows=1 width=4) (actual time=0.002..0.002 rows=0 loops=888749)
                                      Index Cond: (id = mk.keyword_id)
                                      Filter: (keyword = ANY ('{superhero,marvel-comics,based-on-comic,tv-special,fight,violence,magnet,web,claw,laser}'::text[]))
                                      Rows Removed by Filter: 1
                          ->  Index Scan using info_type_pkey on info_type it2  (cost=0.14..0.16 rows=1 width=4) (actual time=0.001..0.001 rows=0 loops=3831)
                                Index Cond: (id = mi_idx.info_type_id)
                                Filter: ((info)::text = 'rating'::text)
                                Rows Removed by Filter: 1
                    ->  Index Scan using movie_id_cast_info on cast_info ci  (cost=0.56..1.51 rows=36 width=12) (actual time=0.006..0.114 rows=150 loops=1261)
                          Index Cond: (movie_id = mk.movie_id)
              ->  Index Scan using char_name_pkey on char_name chn  (cost=0.43..0.46 rows=1 width=20) (actual time=0.001..0.001 rows=0 loops=189738)
                    Index Cond: (id = ci.person_role_id)
                    Filter: ((name IS NOT NULL) AND ((name ~~ '%man%'::text) OR (name ~~ '%Man%'::text)))
                    Rows Removed by Filter: 0
        ->  Index Only Scan using name_pkey on name n  (cost=0.43..0.45 rows=1 width=4) (actual time=0.003..0.003 rows=1 loops=5400)
              Index Cond: (id = ci.person_id)
              Heap Fetches: 5400
Planning time: 42.508 ms
Execution time: 2462.727 ms
