Aggregate  (cost=56556.96..56556.97 rows=1 width=96) (actual time=1672.982..1672.982 rows=1 loops=1)
  ->  Nested Loop  (cost=5184.54..56556.96 rows=1 width=38) (actual time=218.487..1670.772 rows=5400 loops=1)
        ->  Nested Loop  (cost=5184.11..56556.50 rows=1 width=42) (actual time=218.477..1650.040 rows=5400 loops=1)
              ->  Nested Loop  (cost=5183.68..56550.10 rows=14 width=30) (actual time=216.612..1399.593 rows=189738 loops=1)
                    Join Filter: (t.id = ci.movie_id)
                    ->  Nested Loop  (cost=5183.11..56548.14 rows=1 width=38) (actual time=216.599..1214.117 rows=1261 loops=1)
                          ->  Nested Loop  (cost=5182.69..56444.82 rows=229 width=42) (actual time=215.752..658.489 rows=293146 loops=1)
                                ->  Hash Join  (cost=5182.26..56217.39 rows=128 width=34) (actual time=215.741..551.868 rows=4028 loops=1)
                                      Hash Cond: (t.kind_id = kt.id)
                                      ->  Nested Loop  (cost=5181.16..56206.14 rows=894 width=38) (actual time=52.765..550.261 rows=12936 loops=1)
                                            Join Filter: (cc.movie_id = t.id)
                                            ->  Hash Join  (cost=5180.73..55245.91 rows=1636 width=13) (actual time=52.362..411.906 rows=61559 loops=1)
                                                  Hash Cond: (mi_idx.info_type_id = it2.id)
                                                  ->  Hash Join  (cost=5178.31..52923.62 rows=184902 width=17) (actual time=52.346..391.812 rows=184902 loops=1)
                                                        Hash Cond: (cc.subject_id = cct1.id)
                                                        ->  Hash Join  (cost=5177.24..49940.14 rows=286599 width=21) (actual time=52.339..353.276 rows=286599 loops=1)
                                                              Hash Cond: (mi_idx.movie_id = cc.movie_id)
                                                              ->  Seq Scan on movie_info_idx mi_idx  (cost=0.00..21735.35 rows=1380035 width=13) (actual time=0.005..98.761 rows=1380035 loops=1)
                                                              ->  Hash  (cost=3488.67..3488.67 rows=135086 width=8) (actual time=52.029..52.029 rows=135086 loops=1)
                                                                    Buckets: 262144  Batches: 1  Memory Usage: 7325kB
                                                                    ->  Hash Join  (cost=1.07..3488.67 rows=135086 width=8) (actual time=0.012..34.805 rows=135086 loops=1)
                                                                          Hash Cond: (cc.status_id = cct2.id)
                                                                          ->  Seq Scan on complete_cast cc  (cost=0.00..2081.86 rows=135086 width=12) (actual time=0.006..9.634 rows=135086 loops=1)
                                                                          ->  Hash  (cost=1.05..1.05 rows=2 width=4) (actual time=0.004..0.004 rows=2 loops=1)
                                                                                Buckets: 1024  Batches: 1  Memory Usage: 9kB
                                                                                ->  Seq Scan on comp_cast_type cct2  (cost=0.00..1.05 rows=2 width=4) (actual time=0.002..0.003 rows=2 loops=1)
                                                                                      Filter: ((kind)::text ~~ '%complete%'::text)
                                                                                      Rows Removed by Filter: 2
                                                        ->  Hash  (cost=1.05..1.05 rows=1 width=4) (actual time=0.003..0.003 rows=1 loops=1)
                                                              Buckets: 1024  Batches: 1  Memory Usage: 9kB
                                                              ->  Seq Scan on comp_cast_type cct1  (cost=0.00..1.05 rows=1 width=4) (actual time=0.002..0.002 rows=1 loops=1)
                                                                    Filter: ((kind)::text = 'cast'::text)
                                                                    Rows Removed by Filter: 3
                                                  ->  Hash  (cost=2.41..2.41 rows=1 width=4) (actual time=0.011..0.011 rows=1 loops=1)
                                                        Buckets: 1024  Batches: 1  Memory Usage: 9kB
                                                        ->  Seq Scan on info_type it2  (cost=0.00..2.41 rows=1 width=4) (actual time=0.010..0.010 rows=1 loops=1)
                                                              Filter: ((info)::text = 'rating'::text)
                                                              Rows Removed by Filter: 112
                                            ->  Index Scan using title_pkey on title t  (cost=0.43..0.57 rows=1 width=25) (actual time=0.002..0.002 rows=0 loops=61559)
                                                  Index Cond: (id = mi_idx.movie_id)
                                                  Filter: (production_year > 2000)
                                                  Rows Removed by Filter: 1
                                      ->  Hash  (cost=1.09..1.09 rows=1 width=4) (actual time=0.009..0.009 rows=1 loops=1)
                                            Buckets: 1024  Batches: 1  Memory Usage: 9kB
                                            ->  Seq Scan on kind_type kt  (cost=0.00..1.09 rows=1 width=4) (actual time=0.006..0.007 rows=1 loops=1)
                                                  Filter: ((kind)::text = 'movie'::text)
                                                  Rows Removed by Filter: 6
                                ->  Index Scan using movie_id_movie_keyword on movie_keyword mk  (cost=0.43..1.33 rows=45 width=8) (actual time=0.004..0.017 rows=73 loops=4028)
                                      Index Cond: (movie_id = t.id)
                          ->  Index Scan using keyword_pkey on keyword k  (cost=0.42..0.45 rows=1 width=4) (actual time=0.002..0.002 rows=0 loops=293146)
                                Index Cond: (id = mk.keyword_id)
                                Filter: (keyword = ANY ('{superhero,marvel-comics,based-on-comic,tv-special,fight,violence,magnet,web,claw,laser}'::text[]))
                                Rows Removed by Filter: 1
                    ->  Index Scan using movie_id_cast_info on cast_info ci  (cost=0.56..1.51 rows=36 width=12) (actual time=0.006..0.121 rows=150 loops=1261)
                          Index Cond: (movie_id = mk.movie_id)
              ->  Index Scan using char_name_pkey on char_name chn  (cost=0.43..0.46 rows=1 width=20) (actual time=0.001..0.001 rows=0 loops=189738)
                    Index Cond: (id = ci.person_role_id)
                    Filter: ((name IS NOT NULL) AND ((name ~~ '%man%'::text) OR (name ~~ '%Man%'::text)))
                    Rows Removed by Filter: 0
        ->  Index Only Scan using name_pkey on name n  (cost=0.43..0.45 rows=1 width=4) (actual time=0.003..0.003 rows=1 loops=5400)
              Index Cond: (id = ci.person_id)
              Heap Fetches: 5400
Planning time: 42.663 ms
Execution time: 1673.089 ms
