Aggregate  (cost=49143.85..49143.86 rows=1 width=96) (actual time=5400.479..5400.480 rows=1 loops=1)
  ->  Nested Loop  (cost=4570.23..49143.84 rows=1 width=38) (actual time=196.074..5397.821 rows=5400 loops=1)
        ->  Nested Loop  (cost=4569.81..49114.96 rows=64 width=42) (actual time=190.066..3254.851 rows=1145482 loops=1)
              ->  Nested Loop  (cost=4569.37..49051.00 rows=36 width=54) (actual time=190.057..2919.077 rows=10450 loops=1)
                    ->  Nested Loop  (cost=4568.94..48467.26 rows=1276 width=42) (actual time=189.905..2307.229 rows=385916 loops=1)
                          ->  Nested Loop  (cost=4568.51..47886.81 rows=1276 width=46) (actual time=189.899..979.018 rows=385916 loops=1)
                                ->  Hash Join  (cost=4567.95..47657.69 rows=89 width=34) (actual time=189.889..533.766 rows=4028 loops=1)
                                      Hash Cond: (t.kind_id = kt.id)
                                      ->  Nested Loop  (cost=4566.85..47649.51 rows=623 width=38) (actual time=38.696..531.842 rows=12936 loops=1)
                                            Join Filter: (cc.movie_id = t.id)
                                            ->  Hash Join  (cost=4566.42..46979.81 rows=1141 width=13) (actual time=38.347..386.306 rows=61559 loops=1)
                                                  Hash Cond: (mi_idx.info_type_id = it2.id)
                                                  ->  Hash Join  (cost=4563.99..45360.22 rows=128895 width=17) (actual time=38.333..365.434 rows=184902 loops=1)
                                                        Hash Cond: (cc.status_id = cct2.id)
                                                        ->  Hash Join  (cost=4562.92..42676.52 rows=257790 width=21) (actual time=38.327..333.415 rows=184902 loops=1)
                                                              Hash Cond: (mi_idx.movie_id = cc.movie_id)
                                                              ->  Seq Scan on movie_info_idx mi_idx  (cost=0.00..21735.35 rows=1380035 width=13) (actual time=0.004..101.830 rows=1380035 loops=1)
                                                              ->  Hash  (cost=3488.66..3488.66 rows=85941 width=8) (actual time=38.163..38.163 rows=85941 loops=1)
                                                                    Buckets: 131072  Batches: 1  Memory Usage: 4382kB
                                                                    ->  Hash Join  (cost=1.06..3488.66 rows=85941 width=8) (actual time=0.010..28.391 rows=85941 loops=1)
                                                                          Hash Cond: (cc.subject_id = cct1.id)
                                                                          ->  Seq Scan on complete_cast cc  (cost=0.00..2081.86 rows=135086 width=12) (actual time=0.004..8.952 rows=135086 loops=1)
                                                                          ->  Hash  (cost=1.05..1.05 rows=1 width=4) (actual time=0.002..0.002 rows=1 loops=1)
                                                                                Buckets: 1024  Batches: 1  Memory Usage: 9kB
                                                                                ->  Seq Scan on comp_cast_type cct1  (cost=0.00..1.05 rows=1 width=4) (actual time=0.001..0.002 rows=1 loops=1)
                                                                                      Filter: ((kind)::text = 'cast'::text)
                                                                                      Rows Removed by Filter: 3
                                                        ->  Hash  (cost=1.05..1.05 rows=2 width=4) (actual time=0.004..0.004 rows=2 loops=1)
                                                              Buckets: 1024  Batches: 1  Memory Usage: 9kB
                                                              ->  Seq Scan on comp_cast_type cct2  (cost=0.00..1.05 rows=2 width=4) (actual time=0.002..0.003 rows=2 loops=1)
                                                                    Filter: ((kind)::text ~~ '%complete%'::text)
                                                                    Rows Removed by Filter: 2
                                                  ->  Hash  (cost=2.41..2.41 rows=1 width=4) (actual time=0.010..0.010 rows=1 loops=1)
                                                        Buckets: 1024  Batches: 1  Memory Usage: 9kB
                                                        ->  Seq Scan on info_type it2  (cost=0.00..2.41 rows=1 width=4) (actual time=0.009..0.010 rows=1 loops=1)
                                                              Filter: ((info)::text = 'rating'::text)
                                                              Rows Removed by Filter: 112
                                            ->  Index Scan using title_pkey on title t  (cost=0.43..0.57 rows=1 width=25) (actual time=0.002..0.002 rows=0 loops=61559)
                                                  Index Cond: (id = mi_idx.movie_id)
                                                  Filter: (production_year > 2000)
                                                  Rows Removed by Filter: 1
                                      ->  Hash  (cost=1.09..1.09 rows=1 width=4) (actual time=0.007..0.007 rows=1 loops=1)
                                            Buckets: 1024  Batches: 1  Memory Usage: 9kB
                                            ->  Seq Scan on kind_type kt  (cost=0.00..1.09 rows=1 width=4) (actual time=0.005..0.005 rows=1 loops=1)
                                                  Filter: ((kind)::text = 'movie'::text)
                                                  Rows Removed by Filter: 6
                                ->  Index Scan using movie_id_cast_info on cast_info ci  (cost=0.56..2.21 rows=36 width=12) (actual time=0.005..0.094 rows=96 loops=4028)
                                      Index Cond: (movie_id = t.id)
                          ->  Index Only Scan using name_pkey on name n  (cost=0.43..0.45 rows=1 width=4) (actual time=0.003..0.003 rows=1 loops=385916)
                                Index Cond: (id = ci.person_id)
                                Heap Fetches: 385916
                    ->  Index Scan using char_name_pkey on char_name chn  (cost=0.43..0.46 rows=1 width=20) (actual time=0.001..0.001 rows=0 loops=385916)
                          Index Cond: (id = ci.person_role_id)
                          Filter: ((name IS NOT NULL) AND ((name ~~ '%man%'::text) OR (name ~~ '%Man%'::text)))
                          Rows Removed by Filter: 0
              ->  Index Scan using movie_id_movie_keyword on movie_keyword mk  (cost=0.43..1.33 rows=45 width=8) (actual time=0.003..0.019 rows=110 loops=10450)
                    Index Cond: (movie_id = t.id)
        ->  Index Scan using keyword_pkey on keyword k  (cost=0.42..0.45 rows=1 width=4) (actual time=0.002..0.002 rows=0 loops=1145482)
              Index Cond: (id = mk.keyword_id)
              Filter: (keyword = ANY ('{superhero,marvel-comics,based-on-comic,tv-special,fight,violence,magnet,web,claw,laser}'::text[]))
              Rows Removed by Filter: 1
Planning time: 42.586 ms
Execution time: 5400.570 ms
