Aggregate  (cost=6128.05..6128.06 rows=1 width=96) (actual time=83.448..83.448 rows=1 loops=1)
  ->  Nested Loop  (cost=4.01..6128.04 rows=1 width=48) (actual time=12.797..83.284 rows=477 loops=1)
        Join Filter: (ml.movie_id = t.id)
        ->  Nested Loop  (cost=3.58..6127.54 rows=1 width=51) (actual time=12.788..82.511 rows=477 loops=1)
              ->  Nested Loop  (cost=3.16..6027.81 rows=226 width=55) (actual time=12.776..73.572 rows=6483 loops=1)
                    Join Filter: (ml.movie_id = mk.movie_id)
                    ->  Nested Loop  (cost=2.73..6018.32 rows=5 width=47) (actual time=12.767..70.822 rows=705 loops=1)
                          ->  Nested Loop  (cost=2.59..6011.69 rows=42 width=39) (actual time=12.762..70.130 rows=752 loops=1)
                                ->  Merge Join  (cost=2.17..5918.12 rows=205 width=24) (actual time=7.318..67.463 rows=1789 loops=1)
                                      Merge Cond: (mc.movie_id = ml.movie_id)
                                      ->  Nested Loop  (cost=1.67..129572.67 rows=2974 width=16) (actual time=2.425..60.641 rows=1109 loops=1)
                                            ->  Nested Loop  (cost=1.54..128679.98 rows=5948 width=20) (actual time=2.423..59.657 rows=1109 loops=1)
                                                  ->  Nested Loop  (cost=1.11..84642.06 rows=21722 width=16) (actual time=0.391..25.092 rows=4943 loops=1)
                                                        ->  Nested Loop  (cost=0.98..71390.97 rows=86887 width=20) (actual time=0.389..20.573 rows=5055 loops=1)
                                                              ->  Nested Loop  (cost=0.55..26953.42 rows=33772 width=8) (actual time=0.011..7.644 rows=5765 loops=1)
                                                                    ->  Index Scan using movie_id_complete_cast on complete_cast cc  (cost=0.42..6340.80 rows=135086 width=12) (actual time=0.006..2.204 rows=6219 loops=1)
                                                                    ->  Index Scan using comp_cast_type_pkey on comp_cast_type cct2  (cost=0.13..0.15 rows=1 width=4) (actual time=0.001..0.001 rows=1 loops=6219)
                                                                          Index Cond: (id = cc.status_id)
                                                                          Filter: ((kind)::text = 'complete'::text)
                                                                          Rows Removed by Filter: 0
                                                              ->  Index Scan using movie_id_movie_companies on movie_companies mc  (cost=0.43..1.29 rows=3 width=12) (actual time=0.002..0.002 rows=1 loops=5765)
                                                                    Index Cond: (movie_id = cc.movie_id)
                                                                    Filter: (note IS NULL)
                                                                    Rows Removed by Filter: 2
                                                        ->  Index Scan using company_type_pkey on company_type ct  (cost=0.13..0.15 rows=1 width=4) (actual time=0.001..0.001 rows=1 loops=5055)
                                                              Index Cond: (id = mc.company_type_id)
                                                              Filter: ((kind)::text = 'production companies'::text)
                                                              Rows Removed by Filter: 0
                                                  ->  Index Scan using movie_id_movie_info on movie_info mi  (cost=0.43..2.02 rows=1 width=4) (actual time=0.007..0.007 rows=0 loops=4943)
                                                        Index Cond: (movie_id = mc.movie_id)
                                                        Filter: (info = ANY ('{Sweden,Germany,Swedish,German}'::text[]))
                                                        Rows Removed by Filter: 14
                                            ->  Index Scan using comp_cast_type_pkey on comp_cast_type cct1  (cost=0.13..0.15 rows=1 width=4) (actual time=0.001..0.001 rows=1 loops=1109)
                                                  Index Cond: (id = cc.subject_id)
                                                  Filter: ((kind)::text = ANY ('{cast,crew}'::text[]))
                                      ->  Index Scan using movie_id_movie_link on movie_link ml  (cost=0.29..959.51 rows=29997 width=8) (actual time=0.006..4.375 rows=31674 loops=1)
                                ->  Index Scan using company_name_pkey on company_name cn  (cost=0.42..0.46 rows=1 width=23) (actual time=0.001..0.001 rows=0 loops=1789)
                                      Index Cond: (id = mc.company_id)
                                      Filter: (((country_code)::text <> '[pl]'::text) AND ((name ~~ '%Film%'::text) OR (name ~~ '%Warner%'::text)))
                                      Rows Removed by Filter: 1
                          ->  Index Scan using link_type_pkey on link_type lt  (cost=0.14..0.16 rows=1 width=16) (actual time=0.001..0.001 rows=1 loops=752)
                                Index Cond: (id = ml.link_type_id)
                                Filter: ((link)::text ~~ '%follow%'::text)
                                Rows Removed by Filter: 0
                    ->  Index Scan using movie_id_movie_keyword on movie_keyword mk  (cost=0.43..1.34 rows=45 width=8) (actual time=0.001..0.002 rows=9 loops=705)
                          Index Cond: (movie_id = mc.movie_id)
              ->  Index Scan using keyword_pkey on keyword k  (cost=0.42..0.44 rows=1 width=4) (actual time=0.001..0.001 rows=0 loops=6483)
                    Index Cond: (id = mk.keyword_id)
                    Filter: (keyword = 'sequel'::text)
                    Rows Removed by Filter: 1
        ->  Index Scan using title_pkey on title t  (cost=0.43..0.49 rows=1 width=21) (actual time=0.001..0.001 rows=1 loops=477)
              Index Cond: (id = mk.movie_id)
              Filter: ((production_year >= 1950) AND (production_year <= 2000))
Planning time: 45.110 ms
Execution time: 83.551 ms
