Aggregate  (cost=1438.14..1438.15 rows=1 width=96) (actual time=25.854..25.855 rows=1 loops=1)
  ->  Nested Loop  (cost=962.79..1438.14 rows=1 width=48) (actual time=6.150..25.690 rows=477 loops=1)
        ->  Nested Loop  (cost=962.37..1418.26 rows=45 width=52) (actual time=6.138..16.859 rows=6483 loops=1)
              Join Filter: (ml.movie_id = mk.movie_id)
              ->  Nested Loop  (cost=961.94..1416.36 rows=1 width=68) (actual time=6.131..14.182 rows=705 loops=1)
                    ->  Nested Loop  (cost=961.81..1415.90 rows=3 width=72) (actual time=6.127..13.501 rows=762 loops=1)
                          Join Filter: (ml.movie_id = mi.movie_id)
                          ->  Nested Loop  (cost=961.37..1401.69 rows=7 width=68) (actual time=5.786..10.620 rows=290 loops=1)
                                ->  Nested Loop  (cost=960.95..1385.72 rows=35 width=53) (actual time=5.633..9.195 rows=780 loops=1)
                                      Join Filter: (ml.movie_id = mc.movie_id)
                                      ->  Nested Loop  (cost=960.52..1377.69 rows=12 width=41) (actual time=5.620..8.457 rows=179 loops=1)
                                            Join Filter: (ml.movie_id = t.id)
                                            ->  Hash Join  (cost=960.09..1322.13 rows=32 width=20) (actual time=5.608..8.031 rows=189 loops=1)
                                                  Hash Cond: (cc.subject_id = cct1.id)
                                                  ->  Hash Join  (cost=959.02..1320.39 rows=64 width=24) (actual time=5.592..7.976 rows=189 loops=1)
                                                        Hash Cond: (cc.status_id = cct2.id)
                                                        ->  Merge Join  (cost=957.96..1316.65 rows=257 width=28) (actual time=5.585..7.923 rows=257 loops=1)
                                                              Merge Cond: (cc.movie_id = ml.movie_id)
                                                              ->  Index Scan using movie_id_complete_cast on complete_cast cc  (cost=0.42..6340.80 rows=135086 width=12) (actual time=0.006..1.771 rows=5993 loops=1)
                                                              ->  Sort  (cost=957.52..963.31 rows=2315 width=16) (actual time=5.394..5.519 rows=2341 loops=1)
                                                                    Sort Key: ml.movie_id
                                                                    Sort Method: quicksort  Memory: 205kB
                                                                    ->  Hash Join  (cost=1.25..828.15 rows=2315 width=16) (actual time=0.021..5.006 rows=2315 loops=1)
                                                                          Hash Cond: (ml.link_type_id = lt.id)
                                                                          ->  Seq Scan on movie_link ml  (cost=0.00..462.97 rows=29997 width=8) (actual time=0.005..2.194 rows=29997 loops=1)
                                                                          ->  Hash  (cost=1.23..1.23 rows=2 width=16) (actual time=0.007..0.007 rows=2 loops=1)
                                                                                Buckets: 1024  Batches: 1  Memory Usage: 9kB
                                                                                ->  Seq Scan on link_type lt  (cost=0.00..1.23 rows=2 width=16) (actual time=0.003..0.006 rows=2 loops=1)
                                                                                      Filter: ((link)::text ~~ '%follow%'::text)
                                                                                      Rows Removed by Filter: 16
                                                        ->  Hash  (cost=1.05..1.05 rows=1 width=4) (actual time=0.003..0.003 rows=1 loops=1)
                                                              Buckets: 1024  Batches: 1  Memory Usage: 9kB
                                                              ->  Seq Scan on comp_cast_type cct2  (cost=0.00..1.05 rows=1 width=4) (actual time=0.002..0.002 rows=1 loops=1)
                                                                    Filter: ((kind)::text = 'complete'::text)
                                                                    Rows Removed by Filter: 3
                                                  ->  Hash  (cost=1.05..1.05 rows=2 width=4) (actual time=0.011..0.011 rows=2 loops=1)
                                                        Buckets: 1024  Batches: 1  Memory Usage: 9kB
                                                        ->  Seq Scan on comp_cast_type cct1  (cost=0.00..1.05 rows=2 width=4) (actual time=0.008..0.009 rows=2 loops=1)
                                                              Filter: ((kind)::text = ANY ('{cast,crew}'::text[]))
                                                              Rows Removed by Filter: 2
                                            ->  Index Scan using title_pkey on title t  (cost=0.43..1.72 rows=1 width=21) (actual time=0.002..0.002 rows=1 loops=189)
                                                  Index Cond: (id = cc.movie_id)
                                                  Filter: ((production_year >= 1950) AND (production_year <= 2000))
                                                  Rows Removed by Filter: 0
                                      ->  Index Scan using movie_id_movie_companies on movie_companies mc  (cost=0.43..0.63 rows=3 width=12) (actual time=0.002..0.003 rows=4 loops=179)
                                            Index Cond: (movie_id = t.id)
                                            Filter: (note IS NULL)
                                            Rows Removed by Filter: 2
                                ->  Index Scan using company_name_pkey on company_name cn  (cost=0.42..0.46 rows=1 width=23) (actual time=0.002..0.002 rows=0 loops=780)
                                      Index Cond: (id = mc.company_id)
                                      Filter: (((country_code)::text <> '[pl]'::text) AND ((name ~~ '%Film%'::text) OR (name ~~ '%Warner%'::text)))
                                      Rows Removed by Filter: 1
                          ->  Index Scan using movie_id_movie_info on movie_info mi  (cost=0.43..2.02 rows=1 width=4) (actual time=0.008..0.009 rows=3 loops=290)
                                Index Cond: (movie_id = mc.movie_id)
                                Filter: (info = ANY ('{Sweden,Germany,Swedish,German}'::text[]))
                                Rows Removed by Filter: 23
                    ->  Index Scan using company_type_pkey on company_type ct  (cost=0.13..0.15 rows=1 width=4) (actual time=0.001..0.001 rows=1 loops=762)
                          Index Cond: (id = mc.company_type_id)
                          Filter: ((kind)::text = 'production companies'::text)
                          Rows Removed by Filter: 0
              ->  Index Scan using movie_id_movie_keyword on movie_keyword mk  (cost=0.43..1.34 rows=45 width=8) (actual time=0.001..0.002 rows=9 loops=705)
                    Index Cond: (movie_id = mc.movie_id)
        ->  Index Scan using keyword_pkey on keyword k  (cost=0.42..0.44 rows=1 width=4) (actual time=0.001..0.001 rows=0 loops=6483)
              Index Cond: (id = mk.keyword_id)
              Filter: (keyword = 'sequel'::text)
              Rows Removed by Filter: 1
Planning time: 45.472 ms
Execution time: 25.955 ms
