Aggregate  (cost=2374.99..2375.00 rows=1 width=96) (actual time=20.621..20.621 rows=1 loops=1)
  ->  Nested Loop  (cost=7.36..2374.98 rows=1 width=48) (actual time=2.357..20.451 rows=477 loops=1)
        ->  Nested Loop  (cost=7.23..2374.81 rows=1 width=52) (actual time=2.353..19.966 rows=534 loops=1)
              ->  Nested Loop  (cost=6.81..2373.44 rows=3 width=37) (actual time=2.343..18.020 rows=1163 loops=1)
                    Join Filter: (ml.movie_id = mc.movie_id)
                    ->  Nested Loop  (cost=6.38..2372.86 rows=1 width=49) (actual time=2.336..17.347 rows=154 loops=1)
                          ->  Nested Loop  (cost=5.96..2193.29 rows=407 width=53) (actual time=2.325..14.592 rows=1853 loops=1)
                                Join Filter: (ml.movie_id = mk.movie_id)
                                ->  Nested Loop  (cost=5.53..2175.79 rows=9 width=45) (actual time=2.319..13.745 rows=213 loops=1)
                                      Join Filter: (ml.movie_id = mi.movie_id)
                                      ->  Nested Loop  (cost=5.10..2121.00 rows=24 width=41) (actual time=0.682..11.522 rows=179 loops=1)
                                            ->  Nested Loop  (cost=4.97..2113.64 rows=49 width=45) (actual time=0.679..11.345 rows=179 loops=1)
                                                  Join Filter: (ml.movie_id = t.id)
                                                  ->  Hash Join  (cost=4.54..1879.25 rows=135 width=24) (actual time=0.671..10.901 rows=189 loops=1)
                                                        Hash Cond: (ml.link_type_id = lt.id)
                                                        ->  Hash Join  (cost=3.29..1863.29 rows=1212 width=16) (actual time=0.037..10.611 rows=3346 loops=1)
                                                              Hash Cond: (cc.status_id = cct2.id)
                                                              ->  Merge Join  (cost=2.22..1811.77 rows=4849 width=20) (actual time=0.029..9.909 rows=4849 loops=1)
                                                                    Merge Cond: (ml.movie_id = cc.movie_id)
                                                                    ->  Index Scan using movie_id_movie_link on movie_link ml  (cost=0.29..959.51 rows=29997 width=8) (actual time=0.007..4.139 rows=29997 loops=1)
                                                                    ->  Index Scan using movie_id_complete_cast on complete_cast cc  (cost=0.42..6340.80 rows=135086 width=12) (actual time=0.005..2.422 rows=9987 loops=1)
                                                              ->  Hash  (cost=1.05..1.05 rows=1 width=4) (actual time=0.004..0.004 rows=1 loops=1)
                                                                    Buckets: 1024  Batches: 1  Memory Usage: 9kB
                                                                    ->  Seq Scan on comp_cast_type cct2  (cost=0.00..1.05 rows=1 width=4) (actual time=0.003..0.003 rows=1 loops=1)
                                                                          Filter: ((kind)::text = 'complete'::text)
                                                                          Rows Removed by Filter: 3
                                                        ->  Hash  (cost=1.23..1.23 rows=2 width=16) (actual time=0.013..0.013 rows=2 loops=1)
                                                              Buckets: 1024  Batches: 1  Memory Usage: 9kB
                                                              ->  Seq Scan on link_type lt  (cost=0.00..1.23 rows=2 width=16) (actual time=0.008..0.011 rows=2 loops=1)
                                                                    Filter: ((link)::text ~~ '%follow%'::text)
                                                                    Rows Removed by Filter: 16
                                                  ->  Index Scan using title_pkey on title t  (cost=0.43..1.72 rows=1 width=21) (actual time=0.002..0.002 rows=1 loops=189)
                                                        Index Cond: (id = cc.movie_id)
                                                        Filter: ((production_year >= 1950) AND (production_year <= 2000))
                                                        Rows Removed by Filter: 0
                                            ->  Index Scan using comp_cast_type_pkey on comp_cast_type cct1  (cost=0.13..0.15 rows=1 width=4) (actual time=0.001..0.001 rows=1 loops=179)
                                                  Index Cond: (id = cc.subject_id)
                                                  Filter: ((kind)::text = ANY ('{cast,crew}'::text[]))
                                      ->  Index Scan using movie_id_movie_info on movie_info mi  (cost=0.43..2.27 rows=1 width=4) (actual time=0.011..0.012 rows=1 loops=179)
                                            Index Cond: (movie_id = t.id)
                                            Filter: (info = ANY ('{Sweden,Germany,Swedish,German}'::text[]))
                                            Rows Removed by Filter: 27
                                ->  Index Scan using movie_id_movie_keyword on movie_keyword mk  (cost=0.43..1.38 rows=45 width=8) (actual time=0.001..0.002 rows=9 loops=213)
                                      Index Cond: (movie_id = t.id)
                          ->  Index Scan using keyword_pkey on keyword k  (cost=0.42..0.44 rows=1 width=4) (actual time=0.001..0.001 rows=0 loops=1853)
                                Index Cond: (id = mk.keyword_id)
                                Filter: (keyword = 'sequel'::text)
                                Rows Removed by Filter: 1
                    ->  Index Scan using movie_id_movie_companies on movie_companies mc  (cost=0.43..0.54 rows=3 width=12) (actual time=0.002..0.003 rows=8 loops=154)
                          Index Cond: (movie_id = mk.movie_id)
                          Filter: (note IS NULL)
                          Rows Removed by Filter: 1
              ->  Index Scan using company_name_pkey on company_name cn  (cost=0.42..0.46 rows=1 width=23) (actual time=0.001..0.001 rows=0 loops=1163)
                    Index Cond: (id = mc.company_id)
                    Filter: (((country_code)::text <> '[pl]'::text) AND ((name ~~ '%Film%'::text) OR (name ~~ '%Warner%'::text)))
                    Rows Removed by Filter: 1
        ->  Index Scan using company_type_pkey on company_type ct  (cost=0.13..0.15 rows=1 width=4) (actual time=0.001..0.001 rows=1 loops=534)
              Index Cond: (id = mc.company_type_id)
              Filter: ((kind)::text = 'production companies'::text)
              Rows Removed by Filter: 0
Planning time: 45.541 ms
Execution time: 20.720 ms
