Aggregate  (cost=3403.61..3403.62 rows=1 width=96) (actual time=13.916..13.916 rows=1 loops=1)
  ->  Hash Join  (cost=8.30..3403.14 rows=62 width=48) (actual time=8.967..13.829 rows=247 loops=1)
        Hash Cond: (mc.company_type_id = ct.id)
        ->  Nested Loop  (cost=7.23..3399.51 rows=247 width=52) (actual time=8.951..13.768 rows=247 loops=1)
              ->  Nested Loop  (cost=6.81..3156.67 rows=532 width=37) (actual time=8.941..12.867 rows=532 loops=1)
                    Join Filter: (ml.movie_id = mc.movie_id)
                    ->  Nested Loop  (cost=6.38..3101.77 rows=95 width=49) (actual time=8.930..12.527 rows=95 loops=1)
                          ->  Nested Loop  (cost=5.96..2791.61 rows=703 width=53) (actual time=8.912..11.474 rows=703 loops=1)
                                Join Filter: (ml.movie_id = mk.movie_id)
                                ->  Nested Loop  (cost=5.53..2518.58 rows=95 width=45) (actual time=8.905..11.133 rows=95 loops=1)
                                      Join Filter: (ml.movie_id = mi.movie_id)
                                      ->  Nested Loop  (cost=5.10..2238.52 rows=38 width=41) (actual time=8.890..10.878 rows=38 loops=1)
                                            ->  Nested Loop  (cost=4.97..2232.82 rows=38 width=45) (actual time=8.884..10.835 rows=38 loops=1)
                                                  Join Filter: (ml.movie_id = t.id)
                                                  ->  Hash Join  (cost=4.54..1905.13 rows=189 width=24) (actual time=0.656..10.433 rows=189 loops=1)
                                                        Hash Cond: (ml.link_type_id = lt.id)
                                                        ->  Hash Join  (cost=3.29..1863.29 rows=3346 width=16) (actual time=0.035..10.165 rows=3346 loops=1)
                                                              Hash Cond: (cc.status_id = cct2.id)
                                                              ->  Merge Join  (cost=2.22..1811.77 rows=4849 width=20) (actual time=0.028..9.499 rows=4849 loops=1)
                                                                    Merge Cond: (ml.movie_id = cc.movie_id)
                                                                    ->  Index Scan using movie_id_movie_link on movie_link ml  (cost=0.29..959.51 rows=29997 width=8) (actual time=0.006..4.023 rows=29997 loops=1)
                                                                    ->  Index Scan using movie_id_complete_cast on complete_cast cc  (cost=0.42..6340.80 rows=135086 width=12) (actual time=0.005..2.345 rows=9987 loops=1)
                                                              ->  Hash  (cost=1.05..1.05 rows=1 width=4) (actual time=0.004..0.004 rows=1 loops=1)
                                                                    Buckets: 1024  Batches: 1  Memory Usage: 9kB
                                                                    ->  Seq Scan on comp_cast_type cct2  (cost=0.00..1.05 rows=1 width=4) (actual time=0.003..0.003 rows=1 loops=1)
                                                                          Filter: ((kind)::text = 'complete'::text)
                                                                          Rows Removed by Filter: 3
                                                        ->  Hash  (cost=1.23..1.23 rows=2 width=16) (actual time=0.008..0.008 rows=2 loops=1)
                                                              Buckets: 1024  Batches: 1  Memory Usage: 9kB
                                                              ->  Seq Scan on link_type lt  (cost=0.00..1.23 rows=2 width=16) (actual time=0.004..0.007 rows=2 loops=1)
                                                                    Filter: ((link)::text ~~ '%follow%'::text)
                                                                    Rows Removed by Filter: 16
                                                  ->  Index Scan using title_pkey on title t  (cost=0.43..1.72 rows=1 width=21) (actual time=0.002..0.002 rows=0 loops=189)
                                                        Index Cond: (id = cc.movie_id)
                                                        Filter: (production_year = 1998)
                                                        Rows Removed by Filter: 1
                                            ->  Index Scan using comp_cast_type_pkey on comp_cast_type cct1  (cost=0.13..0.15 rows=1 width=4) (actual time=0.001..0.001 rows=1 loops=38)
                                                  Index Cond: (id = cc.subject_id)
                                                  Filter: ((kind)::text = ANY ('{cast,crew}'::text[]))
                                      ->  Index Scan using movie_id_movie_info on movie_info mi  (cost=0.43..7.36 rows=1 width=4) (actual time=0.005..0.006 rows=2 loops=38)
                                            Index Cond: (movie_id = cc.movie_id)
                                            Filter: (info = ANY ('{Sweden,Germany,Swedish,German}'::text[]))
                                            Rows Removed by Filter: 10
                                ->  Index Scan using movie_id_movie_keyword on movie_keyword mk  (cost=0.43..2.31 rows=45 width=8) (actual time=0.001..0.002 rows=7 loops=95)
                                      Index Cond: (movie_id = cc.movie_id)
                          ->  Index Scan using keyword_pkey on keyword k  (cost=0.42..0.44 rows=1 width=4) (actual time=0.001..0.001 rows=0 loops=703)
                                Index Cond: (id = mk.keyword_id)
                                Filter: (keyword = 'sequel'::text)
                                Rows Removed by Filter: 1
                    ->  Index Scan using movie_id_movie_companies on movie_companies mc  (cost=0.43..0.54 rows=3 width=12) (actual time=0.002..0.003 rows=6 loops=95)
                          Index Cond: (movie_id = mk.movie_id)
                          Filter: (note IS NULL)
                          Rows Removed by Filter: 1
              ->  Index Scan using company_name_pkey on company_name cn  (cost=0.42..0.46 rows=1 width=23) (actual time=0.001..0.001 rows=0 loops=532)
                    Index Cond: (id = mc.company_id)
                    Filter: (((country_code)::text <> '[pl]'::text) AND ((name ~~ '%Film%'::text) OR (name ~~ '%Warner%'::text)))
                    Rows Removed by Filter: 1
        ->  Hash  (cost=1.05..1.05 rows=1 width=4) (actual time=0.010..0.010 rows=1 loops=1)
              Buckets: 1024  Batches: 1  Memory Usage: 9kB
              ->  Seq Scan on company_type ct  (cost=0.00..1.05 rows=1 width=4) (actual time=0.008..0.008 rows=1 loops=1)
                    Filter: ((kind)::text = 'production companies'::text)
                    Rows Removed by Filter: 3
Planning time: 44.973 ms
Execution time: 14.012 ms
