Aggregate  (cost=2069.47..2069.48 rows=1 width=96) (actual time=16.525..16.525 rows=1 loops=1)
  ->  Nested Loop  (cost=8.31..2069.47 rows=1 width=48) (actual time=8.724..16.435 rows=247 loops=1)
        ->  Nested Loop  (cost=7.89..2049.59 rows=45 width=52) (actual time=8.701..13.645 rows=1919 loops=1)
              Join Filter: (ml.movie_id = mk.movie_id)
              ->  Nested Loop  (cost=7.46..2047.69 rows=1 width=68) (actual time=8.684..12.753 rows=247 loops=1)
                    ->  Nested Loop  (cost=7.04..2047.24 rows=1 width=53) (actual time=8.676..11.794 rows=532 loops=1)
                          ->  Nested Loop  (cost=6.91..2046.78 rows=3 width=57) (actual time=8.672..11.329 rows=532 loops=1)
                                Join Filter: (ml.movie_id = mc.movie_id)
                                ->  Nested Loop  (cost=6.48..2045.45 rows=1 width=45) (actual time=8.663..10.960 rows=95 loops=1)
                                      Join Filter: (ml.movie_id = mi.movie_id)
                                      ->  Nested Loop  (cost=6.04..2038.08 rows=1 width=41) (actual time=8.647..10.699 rows=38 loops=1)
                                            Join Filter: (ml.movie_id = t.id)
                                            ->  Hash Join  (cost=5.61..1927.12 rows=64 width=20) (actual time=0.665..10.323 rows=189 loops=1)
                                                  Hash Cond: (cc.status_id = cct2.id)
                                                  ->  Hash Join  (cost=4.55..1923.38 rows=257 width=24) (actual time=0.651..10.269 rows=257 loops=1)
                                                        Hash Cond: (ml.link_type_id = lt.id)
                                                        ->  Hash Join  (cost=3.30..1863.30 rows=4849 width=16) (actual time=0.035..9.916 rows=4849 loops=1)
                                                              Hash Cond: (cc.subject_id = cct1.id)
                                                              ->  Merge Join  (cost=2.22..1811.77 rows=4849 width=20) (actual time=0.028..9.139 rows=4849 loops=1)
                                                                    Merge Cond: (ml.movie_id = cc.movie_id)
                                                                    ->  Index Scan using movie_id_movie_link on movie_link ml  (cost=0.29..959.51 rows=29997 width=8) (actual time=0.006..3.862 rows=29997 loops=1)
                                                                    ->  Index Scan using movie_id_complete_cast on complete_cast cc  (cost=0.42..6340.80 rows=135086 width=12) (actual time=0.005..2.261 rows=9987 loops=1)
                                                              ->  Hash  (cost=1.05..1.05 rows=2 width=4) (actual time=0.004..0.004 rows=2 loops=1)
                                                                    Buckets: 1024  Batches: 1  Memory Usage: 9kB
                                                                    ->  Seq Scan on comp_cast_type cct1  (cost=0.00..1.05 rows=2 width=4) (actual time=0.002..0.003 rows=2 loops=1)
                                                                          Filter: ((kind)::text = ANY ('{cast,crew}'::text[]))
                                                                          Rows Removed by Filter: 2
                                                        ->  Hash  (cost=1.23..1.23 rows=2 width=16) (actual time=0.007..0.007 rows=2 loops=1)
                                                              Buckets: 1024  Batches: 1  Memory Usage: 9kB
                                                              ->  Seq Scan on link_type lt  (cost=0.00..1.23 rows=2 width=16) (actual time=0.003..0.006 rows=2 loops=1)
                                                                    Filter: ((link)::text ~~ '%follow%'::text)
                                                                    Rows Removed by Filter: 16
                                                  ->  Hash  (cost=1.05..1.05 rows=1 width=4) (actual time=0.010..0.010 rows=1 loops=1)
                                                        Buckets: 1024  Batches: 1  Memory Usage: 9kB
                                                        ->  Seq Scan on comp_cast_type cct2  (cost=0.00..1.05 rows=1 width=4) (actual time=0.007..0.008 rows=1 loops=1)
                                                              Filter: ((kind)::text = 'complete'::text)
                                                              Rows Removed by Filter: 3
                                            ->  Index Scan using title_pkey on title t  (cost=0.43..1.72 rows=1 width=21) (actual time=0.002..0.002 rows=0 loops=189)
                                                  Index Cond: (id = cc.movie_id)
                                                  Filter: (production_year = 1998)
                                                  Rows Removed by Filter: 1
                                      ->  Index Scan using movie_id_movie_info on movie_info mi  (cost=0.43..7.36 rows=1 width=4) (actual time=0.005..0.006 rows=2 loops=38)
                                            Index Cond: (movie_id = cc.movie_id)
                                            Filter: (info = ANY ('{Sweden,Germany,Swedish,German}'::text[]))
                                            Rows Removed by Filter: 10
                                ->  Index Scan using movie_id_movie_companies on movie_companies mc  (cost=0.43..1.29 rows=3 width=12) (actual time=0.002..0.003 rows=6 loops=95)
                                      Index Cond: (movie_id = cc.movie_id)
                                      Filter: (note IS NULL)
                                      Rows Removed by Filter: 1
                          ->  Index Scan using company_type_pkey on company_type ct  (cost=0.13..0.15 rows=1 width=4) (actual time=0.001..0.001 rows=1 loops=532)
                                Index Cond: (id = mc.company_type_id)
                                Filter: ((kind)::text = 'production companies'::text)
                    ->  Index Scan using company_name_pkey on company_name cn  (cost=0.42..0.46 rows=1 width=23) (actual time=0.002..0.002 rows=0 loops=532)
                          Index Cond: (id = mc.company_id)
                          Filter: (((country_code)::text <> '[pl]'::text) AND ((name ~~ '%Film%'::text) OR (name ~~ '%Warner%'::text)))
                          Rows Removed by Filter: 1
              ->  Index Scan using movie_id_movie_keyword on movie_keyword mk  (cost=0.43..1.34 rows=45 width=8) (actual time=0.001..0.002 rows=8 loops=247)
                    Index Cond: (movie_id = mc.movie_id)
        ->  Index Scan using keyword_pkey on keyword k  (cost=0.42..0.44 rows=1 width=4) (actual time=0.001..0.001 rows=0 loops=1919)
              Index Cond: (id = mk.keyword_id)
              Filter: (keyword = 'sequel'::text)
              Rows Removed by Filter: 1
Planning time: 45.498 ms
Execution time: 16.620 ms
