Aggregate  (cost=6384.85..6384.86 rows=1 width=96) (actual time=62.179..62.179 rows=1 loops=1)
  ->  Nested Loop  (cost=6.35..6384.84 rows=1 width=48) (actual time=6.770..61.914 rows=743 loops=1)
        ->  Nested Loop  (cost=5.93..6304.97 rows=181 width=52) (actual time=3.921..44.244 rows=11620 loops=1)
              Join Filter: (ml.movie_id = mk.movie_id)
              ->  Nested Loop  (cost=5.50..6297.53 rows=4 width=68) (actual time=3.915..39.229 rows=1150 loops=1)
                    ->  Merge Join  (cost=5.36..6291.53 rows=38 width=60) (actual time=2.925..37.707 rows=1516 loops=1)
                          Merge Cond: (t.id = ml.movie_id)
                          ->  Nested Loop  (cost=2.53..73483.32 rows=3203 width=52) (actual time=1.628..30.976 rows=191 loops=1)
                                ->  Nested Loop  (cost=2.10..70979.35 rows=4262 width=31) (actual time=1.623..30.433 rows=202 loops=1)
                                      ->  Nested Loop  (cost=1.66..65823.78 rows=2232 width=27) (actual time=1.540..28.543 rows=166 loops=1)
                                            ->  Nested Loop  (cost=1.24..60866.21 rows=10861 width=12) (actual time=0.357..22.440 rows=3244 loops=1)
                                                  ->  Nested Loop  (cost=1.11..54240.74 rows=43443 width=16) (actual time=0.355..19.443 rows=3375 loops=1)
                                                        ->  Nested Loop  (cost=0.68..32021.97 rows=16886 width=4) (actual time=0.014..10.631 rows=3834 loops=1)
                                                              ->  Nested Loop  (cost=0.55..26953.42 rows=33772 width=8) (actual time=0.011..7.412 rows=3834 loops=1)
                                                                    ->  Index Scan using movie_id_complete_cast on complete_cast cc  (cost=0.42..6340.80 rows=135086 width=12) (actual time=0.006..2.088 rows=6219 loops=1)
                                                                    ->  Index Scan using comp_cast_type_pkey on comp_cast_type cct1  (cost=0.13..0.15 rows=1 width=4) (actual time=0.001..0.001 rows=1 loops=6219)
                                                                          Index Cond: (id = cc.subject_id)
                                                                          Filter: ((kind)::text = 'cast'::text)
                                                                          Rows Removed by Filter: 0
                                                              ->  Index Scan using comp_cast_type_pkey on comp_cast_type cct2  (cost=0.13..0.15 rows=1 width=4) (actual time=0.001..0.001 rows=1 loops=3834)
                                                                    Index Cond: (id = cc.status_id)
                                                                    Filter: ((kind)::text ~~ 'complete%'::text)
                                                        ->  Index Scan using movie_id_movie_companies on movie_companies mc  (cost=0.43..1.29 rows=3 width=12) (actual time=0.002..0.002 rows=1 loops=3834)
                                                              Index Cond: (movie_id = cc.movie_id)
                                                              Filter: (note IS NULL)
                                                              Rows Removed by Filter: 2
                                                  ->  Index Scan using company_type_pkey on company_type ct  (cost=0.13..0.15 rows=1 width=4) (actual time=0.001..0.001 rows=1 loops=3375)
                                                        Index Cond: (id = mc.company_type_id)
                                                        Filter: ((kind)::text = 'production companies'::text)
                                                        Rows Removed by Filter: 0
                                            ->  Index Scan using company_name_pkey on company_name cn  (cost=0.42..0.46 rows=1 width=23) (actual time=0.002..0.002 rows=0 loops=3244)
                                                  Index Cond: (id = mc.company_id)
                                                  Filter: (((country_code)::text <> '[pl]'::text) AND ((name ~~ '%Film%'::text) OR (name ~~ '%Warner%'::text)))
                                                  Rows Removed by Filter: 1
                                      ->  Index Scan using movie_id_movie_info on movie_info mi  (cost=0.43..2.28 rows=3 width=4) (actual time=0.011..0.011 rows=1 loops=166)
                                            Index Cond: (movie_id = mc.movie_id)
                                            Filter: (info = ANY ('{Sweden,Norway,Germany,Denmark,Swedish,Denish,Norwegian,German,English}'::text[]))
                                            Rows Removed by Filter: 13
                                ->  Index Scan using title_pkey on title t  (cost=0.43..0.59 rows=1 width=21) (actual time=0.002..0.002 rows=1 loops=202)
                                      Index Cond: (id = mc.movie_id)
                                      Filter: ((production_year >= 1950) AND (production_year <= 2010))
                                      Rows Removed by Filter: 0
                          ->  Index Scan using movie_id_movie_link on movie_link ml  (cost=0.29..959.51 rows=29997 width=8) (actual time=0.008..4.383 rows=31188 loops=1)
                    ->  Index Scan using link_type_pkey on link_type lt  (cost=0.14..0.16 rows=1 width=16) (actual time=0.001..0.001 rows=1 loops=1516)
                          Index Cond: (id = ml.link_type_id)
                          Filter: ((link)::text ~~ '%follow%'::text)
                          Rows Removed by Filter: 0
              ->  Index Scan using movie_id_movie_keyword on movie_keyword mk  (cost=0.43..1.30 rows=45 width=8) (actual time=0.001..0.003 rows=10 loops=1150)
                    Index Cond: (movie_id = t.id)
        ->  Index Scan using keyword_pkey on keyword k  (cost=0.42..0.44 rows=1 width=4) (actual time=0.001..0.001 rows=0 loops=11620)
              Index Cond: (id = mk.keyword_id)
              Filter: (keyword = 'sequel'::text)
              Rows Removed by Filter: 1
Planning time: 45.373 ms
Execution time: 62.274 ms
