Aggregate  (cost=31098.07..31098.08 rows=1 width=96) (actual time=814.443..814.444 rows=1 loops=1)
  ->  Nested Loop  (cost=6.08..31098.06 rows=1 width=41) (actual time=91.161..814.374 rows=148 loops=1)
        ->  Nested Loop  (cost=5.66..31097.57 rows=1 width=26) (actual time=91.150..813.911 rows=150 loops=1)
              ->  Nested Loop  (cost=5.53..31097.42 rows=1 width=30) (actual time=91.144..813.736 rows=150 loops=1)
                    Join Filter: (t.id = mc.movie_id)
                    ->  Nested Loop  (cost=5.10..31096.84 rows=1 width=42) (actual time=91.132..813.465 rows=13 loops=1)
                          ->  Nested Loop  (cost=4.96..31096.66 rows=1 width=46) (actual time=91.124..813.400 rows=20 loops=1)
                                ->  Nested Loop  (cost=4.54..31092.65 rows=9 width=50) (actual time=3.982..807.270 rows=2244 loops=1)
                                      ->  Nested Loop  (cost=4.10..31083.57 rows=5 width=42) (actual time=1.659..805.996 rows=192 loops=1)
                                            ->  Nested Loop  (cost=3.97..31080.98 rows=17 width=46) (actual time=1.655..805.635 rows=222 loops=1)
                                                  Join Filter: (mi.movie_id = t.id)
                                                  ->  Nested Loop  (cost=3.54..31036.39 rows=43 width=21) (actual time=1.649..802.477 rows=950 loops=1)
                                                        ->  Nested Loop  (cost=3.10..30437.55 rows=146 width=13) (actual time=0.081..598.158 rows=14835 loops=1)
                                                              ->  Nested Loop  (cost=2.98..30348.59 rows=583 width=17) (actual time=0.075..565.582 rows=35892 loops=1)
                                                                    ->  Nested Loop  (cost=2.85..30232.95 rows=777 width=21) (actual time=0.073..523.552 rows=47053 loops=1)
                                                                          ->  Hash Join  (cost=2.43..28937.46 rows=2645 width=9) (actual time=0.036..271.501 rows=194914 loops=1)
                                                                                Hash Cond: (mi_idx.info_type_id = it2.id)
                                                                                ->  Seq Scan on movie_info_idx mi_idx  (cost=0.00..25185.44 rows=298857 width=13) (actual time=0.014..229.290 rows=298857 loops=1)
                                                                                      Filter: (info > '6.5'::text)
                                                                                      Rows Removed by Filter: 1081178
                                                                                ->  Hash  (cost=2.41..2.41 rows=1 width=4) (actual time=0.013..0.013 rows=1 loops=1)
                                                                                      Buckets: 1024  Batches: 1  Memory Usage: 9kB
                                                                                      ->  Seq Scan on info_type it2  (cost=0.00..2.41 rows=1 width=4) (actual time=0.010..0.012 rows=1 loops=1)
                                                                                            Filter: ((info)::text = 'rating'::text)
                                                                                            Rows Removed by Filter: 112
                                                                          ->  Index Scan using movie_id_complete_cast on complete_cast cc  (cost=0.42..0.47 rows=2 width=12) (actual time=0.001..0.001 rows=0 loops=194914)
                                                                                Index Cond: (movie_id = mi_idx.movie_id)
                                                                    ->  Index Scan using comp_cast_type_pkey on comp_cast_type cct2  (cost=0.13..0.15 rows=1 width=4) (actual time=0.001..0.001 rows=1 loops=47053)
                                                                          Index Cond: (id = cc.status_id)
                                                                          Filter: ((kind)::text <> 'complete+verified'::text)
                                                                          Rows Removed by Filter: 0
                                                              ->  Index Scan using comp_cast_type_pkey on comp_cast_type cct1  (cost=0.13..0.15 rows=1 width=4) (actual time=0.001..0.001 rows=0 loops=35892)
                                                                    Index Cond: (id = cc.subject_id)
                                                                    Filter: ((kind)::text = 'crew'::text)
                                                                    Rows Removed by Filter: 1
                                                        ->  Index Scan using movie_id_movie_info on movie_info mi  (cost=0.43..4.09 rows=1 width=8) (actual time=0.013..0.014 rows=0 loops=14835)
                                                              Index Cond: (movie_id = mi_idx.movie_id)
                                                              Filter: (info = ANY ('{Sweden,Germany,Swedish,German}'::text[]))
                                                              Rows Removed by Filter: 27
                                                  ->  Index Scan using title_pkey on title t  (cost=0.43..1.02 rows=1 width=25) (actual time=0.003..0.003 rows=0 loops=950)
                                                        Index Cond: (id = mi_idx.movie_id)
                                                        Filter: (production_year > 2005)
                                                        Rows Removed by Filter: 1
                                            ->  Index Scan using kind_type_pkey on kind_type kt  (cost=0.13..0.15 rows=1 width=4) (actual time=0.001..0.001 rows=1 loops=222)
                                                  Index Cond: (id = t.kind_id)
                                                  Filter: ((kind)::text = ANY ('{movie,episode}'::text[]))
                                                  Rows Removed by Filter: 0
                                      ->  Index Scan using movie_id_movie_keyword on movie_keyword mk  (cost=0.43..1.37 rows=45 width=8) (actual time=0.003..0.005 rows=12 loops=192)
                                            Index Cond: (movie_id = t.id)
                                ->  Index Scan using keyword_pkey on keyword k  (cost=0.42..0.44 rows=1 width=4) (actual time=0.003..0.003 rows=0 loops=2244)
                                      Index Cond: (id = mk.keyword_id)
                                      Filter: (keyword = ANY ('{murder,murder-in-title,blood,violence}'::text[]))
                                      Rows Removed by Filter: 1
                          ->  Index Scan using info_type_pkey on info_type it1  (cost=0.14..0.16 rows=1 width=4) (actual time=0.002..0.002 rows=1 loops=20)
                                Index Cond: (id = mi.info_type_id)
                                Filter: ((info)::text = 'countries'::text)
                                Rows Removed by Filter: 0
                    ->  Index Scan using movie_id_movie_companies on movie_companies mc  (cost=0.43..0.57 rows=1 width=12) (actual time=0.008..0.018 rows=12 loops=13)
                          Index Cond: (movie_id = mk.movie_id)
                          Filter: ((note !~~ '%(USA)%'::text) AND (note ~~ '%(200%)%'::text))
                          Rows Removed by Filter: 17
              ->  Index Only Scan using company_type_pkey on company_type ct  (cost=0.13..0.15 rows=1 width=4) (actual time=0.001..0.001 rows=1 loops=150)
                    Index Cond: (id = mc.company_type_id)
                    Heap Fetches: 150
        ->  Index Scan using company_name_pkey on company_name cn  (cost=0.42..0.49 rows=1 width=23) (actual time=0.003..0.003 rows=1 loops=150)
              Index Cond: (id = mc.company_id)
              Filter: ((country_code)::text <> '[us]'::text)
              Rows Removed by Filter: 0
Planning time: 55.435 ms
Execution time: 814.559 ms
