Aggregate  (cost=32153.55..32153.56 rows=1 width=96) (actual time=935.107..935.108 rows=1 loops=1)
  ->  Nested Loop  (cost=4111.39..32153.55 rows=1 width=41) (actual time=78.134..935.030 rows=148 loops=1)
        ->  Nested Loop  (cost=4111.25..32153.36 rows=1 width=45) (actual time=78.127..934.840 rows=149 loops=1)
              Join Filter: (t.id = mi.movie_id)
              ->  Nested Loop  (cost=4110.82..32151.79 rows=1 width=61) (actual time=45.956..830.986 rows=1387 loops=1)
                    ->  Nested Loop  (cost=4110.40..32146.90 rows=11 width=65) (actual time=31.324..495.579 rows=202484 loops=1)
                          ->  Hash Join  (cost=4109.96..32136.01 rows=6 width=57) (actual time=31.284..435.430 rows=4055 loops=1)
                                Hash Cond: (cc.status_id = cct2.id)
                                ->  Nested Loop  (cost=4108.88..32134.83 rows=8 width=61) (actual time=31.084..434.527 rows=4207 loops=1)
                                      ->  Hash Join  (cost=4108.46..32127.51 rows=15 width=46) (actual time=31.074..425.138 rows=4295 loops=1)
                                            Hash Cond: (t.kind_id = kt.id)
                                            ->  Nested Loop  (cost=4107.34..32125.79 rows=54 width=50) (actual time=31.065..424.195 rows=4386 loops=1)
                                                  ->  Hash Join  (cost=4106.91..31988.49 rows=134 width=25) (actual time=31.056..387.206 rows=18881 loops=1)
                                                        Hash Cond: (mc.company_type_id = ct.id)
                                                        ->  Nested Loop  (cost=4105.82..31986.01 rows=134 width=29) (actual time=31.048..383.675 rows=18881 loops=1)
                                                              ->  Hash Join  (cost=4105.39..31788.96 rows=219 width=17) (actual time=30.814..303.173 rows=18297 loops=1)
                                                                    Hash Cond: (mi_idx.info_type_id = it2.id)
                                                                    ->  Hash Join  (cost=4102.97..31475.50 rows=24790 width=21) (actual time=30.799..299.314 rows=24790 loops=1)
                                                                          Hash Cond: (mi_idx.movie_id = cc.movie_id)
                                                                          ->  Seq Scan on movie_info_idx mi_idx  (cost=0.00..25185.44 rows=298857 width=13) (actual time=0.009..209.835 rows=298857 loops=1)
                                                                                Filter: (info > '6.5'::text)
                                                                                Rows Removed by Filter: 1081178
                                                                          ->  Hash  (cost=3488.66..3488.66 rows=49145 width=8) (actual time=30.694..30.694 rows=49145 loops=1)
                                                                                Buckets: 65536  Batches: 1  Memory Usage: 2432kB
                                                                                ->  Hash Join  (cost=1.06..3488.66 rows=49145 width=8) (actual time=11.728..24.222 rows=49145 loops=1)
                                                                                      Hash Cond: (cc.subject_id = cct1.id)
                                                                                      ->  Seq Scan on complete_cast cc  (cost=0.00..2081.86 rows=135086 width=12) (actual time=0.006..9.029 rows=135086 loops=1)
                                                                                      ->  Hash  (cost=1.05..1.05 rows=1 width=4) (actual time=0.003..0.003 rows=1 loops=1)
                                                                                            Buckets: 1024  Batches: 1  Memory Usage: 9kB
                                                                                            ->  Seq Scan on comp_cast_type cct1  (cost=0.00..1.05 rows=1 width=4) (actual time=0.002..0.002 rows=1 loops=1)
                                                                                                  Filter: ((kind)::text = 'crew'::text)
                                                                                                  Rows Removed by Filter: 3
                                                                    ->  Hash  (cost=2.41..2.41 rows=1 width=4) (actual time=0.011..0.011 rows=1 loops=1)
                                                                          Buckets: 1024  Batches: 1  Memory Usage: 9kB
                                                                          ->  Seq Scan on info_type it2  (cost=0.00..2.41 rows=1 width=4) (actual time=0.010..0.011 rows=1 loops=1)
                                                                                Filter: ((info)::text = 'rating'::text)
                                                                                Rows Removed by Filter: 112
                                                              ->  Index Scan using movie_id_movie_companies on movie_companies mc  (cost=0.43..0.89 rows=1 width=12) (actual time=0.003..0.004 rows=1 loops=18297)
                                                                    Index Cond: (movie_id = mi_idx.movie_id)
                                                                    Filter: ((note !~~ '%(USA)%'::text) AND (note ~~ '%(200%)%'::text))
                                                                    Rows Removed by Filter: 5
                                                        ->  Hash  (cost=1.04..1.04 rows=4 width=4) (actual time=0.004..0.004 rows=4 loops=1)
                                                              Buckets: 1024  Batches: 1  Memory Usage: 9kB
                                                              ->  Seq Scan on company_type ct  (cost=0.00..1.04 rows=4 width=4) (actual time=0.003..0.003 rows=4 loops=1)
                                                  ->  Index Scan using title_pkey on title t  (cost=0.43..1.02 rows=1 width=25) (actual time=0.002..0.002 rows=0 loops=18881)
                                                        Index Cond: (id = mi_idx.movie_id)
                                                        Filter: (production_year > 2005)
                                                        Rows Removed by Filter: 1
                                            ->  Hash  (cost=1.09..1.09 rows=2 width=4) (actual time=0.005..0.005 rows=2 loops=1)
                                                  Buckets: 1024  Batches: 1  Memory Usage: 9kB
                                                  ->  Seq Scan on kind_type kt  (cost=0.00..1.09 rows=2 width=4) (actual time=0.004..0.005 rows=2 loops=1)
                                                        Filter: ((kind)::text = ANY ('{movie,episode}'::text[]))
                                                        Rows Removed by Filter: 5
                                      ->  Index Scan using company_name_pkey on company_name cn  (cost=0.42..0.49 rows=1 width=23) (actual time=0.002..0.002 rows=1 loops=4295)
                                            Index Cond: (id = mc.company_id)
                                            Filter: ((country_code)::text <> '[us]'::text)
                                            Rows Removed by Filter: 0
                                ->  Hash  (cost=1.05..1.05 rows=3 width=4) (actual time=0.011..0.011 rows=3 loops=1)
                                      Buckets: 1024  Batches: 1  Memory Usage: 9kB
                                      ->  Seq Scan on comp_cast_type cct2  (cost=0.00..1.05 rows=3 width=4) (actual time=0.007..0.008 rows=3 loops=1)
                                            Filter: ((kind)::text <> 'complete+verified'::text)
                                            Rows Removed by Filter: 1
                          ->  Index Scan using movie_id_movie_keyword on movie_keyword mk  (cost=0.43..1.37 rows=45 width=8) (actual time=0.002..0.008 rows=50 loops=4055)
                                Index Cond: (movie_id = t.id)
                    ->  Index Scan using keyword_pkey on keyword k  (cost=0.42..0.44 rows=1 width=4) (actual time=0.002..0.002 rows=0 loops=202484)
                          Index Cond: (id = mk.keyword_id)
                          Filter: (keyword = ANY ('{murder,murder-in-title,blood,violence}'::text[]))
                          Rows Removed by Filter: 1
              ->  Index Scan using movie_id_movie_info on movie_info mi  (cost=0.43..1.56 rows=1 width=8) (actual time=0.075..0.075 rows=0 loops=1387)
                    Index Cond: (movie_id = mk.movie_id)
                    Filter: (info = ANY ('{Sweden,Germany,Swedish,German}'::text[]))
                    Rows Removed by Filter: 336
        ->  Index Scan using info_type_pkey on info_type it1  (cost=0.14..0.16 rows=1 width=4) (actual time=0.001..0.001 rows=1 loops=149)
              Index Cond: (id = mi.info_type_id)
              Filter: ((info)::text = 'countries'::text)
              Rows Removed by Filter: 0
Planning time: 55.806 ms
Execution time: 935.226 ms
