Aggregate  (cost=65749.39..65749.40 rows=1 width=96) (actual time=438.299..438.299 rows=1 loops=1)
  ->  Nested Loop  (cost=4880.54..65749.38 rows=1 width=41) (actual time=90.313..438.233 rows=148 loops=1)
        ->  Hash Join  (cost=4880.12..65653.98 rows=215 width=45) (actual time=90.160..413.266 rows=15989 loops=1)
              Hash Cond: (mi_idx.info_type_id = it2.id)
              ->  Hash Join  (cost=4877.69..65346.85 rows=24286 width=49) (actual time=90.142..409.907 rows=24286 loops=1)
                    Hash Cond: (mc.company_type_id = ct.id)
                    ->  Nested Loop  (cost=4876.60..65093.04 rows=24286 width=53) (actual time=90.136..405.516 rows=24286 loops=1)
                          ->  Nested Loop  (cost=4876.17..64686.35 rows=224 width=69) (actual time=46.788..398.853 rows=224 loops=1)
                                ->  Nested Loop  (cost=4875.75..64576.54 rows=225 width=54) (actual time=46.783..398.301 rows=225 loops=1)
                                      ->  Hash Join  (cost=4875.32..64489.43 rows=133 width=42) (actual time=46.777..397.535 rows=133 loops=1)
                                            Hash Cond: (mi.info_type_id = it1.id)
                                            ->  Nested Loop  (cost=4872.90..64483.28 rows=297 width=46) (actual time=46.765..397.473 rows=297 loops=1)
                                                  ->  Hash Join  (cost=4872.46..55347.33 rows=4171 width=38) (actual time=46.520..357.526 rows=4171 loops=1)
                                                        Hash Cond: (t.kind_id = kt.id)
                                                        ->  Nested Loop  (cost=4871.35..55296.93 rows=4340 width=42) (actual time=46.515..356.621 rows=4340 loops=1)
                                                              ->  Hash Join  (cost=4870.92..34655.77 rows=20145 width=17) (actual time=46.173..309.261 rows=20145 loops=1)
                                                                    Hash Cond: (cc.subject_id = cct1.id)
                                                                    ->  Hash Join  (cost=4869.86..34135.20 rows=49923 width=21) (actual time=46.168..302.971 rows=49923 loops=1)
                                                                          Hash Cond: (mi_idx.movie_id = cc.movie_id)
                                                                          ->  Seq Scan on movie_info_idx mi_idx  (cost=0.00..25185.44 rows=298857 width=13) (actual time=0.006..213.979 rows=298857 loops=1)
                                                                                Filter: (info > '6.5'::text)
                                                                                Rows Removed by Filter: 1081178
                                                                          ->  Hash  (cost=3488.68..3488.68 rows=110494 width=8) (actual time=46.101..46.101 rows=110494 loops=1)
                                                                                Buckets: 131072  Batches: 1  Memory Usage: 5341kB
                                                                                ->  Hash Join  (cost=1.09..3488.68 rows=110494 width=8) (actual time=0.011..32.847 rows=110494 loops=1)
                                                                                      Hash Cond: (cc.status_id = cct2.id)
                                                                                      ->  Seq Scan on complete_cast cc  (cost=0.00..2081.86 rows=135086 width=12) (actual time=0.005..9.873 rows=135086 loops=1)
                                                                                      ->  Hash  (cost=1.05..1.05 rows=3 width=4) (actual time=0.003..0.003 rows=3 loops=1)
                                                                                            Buckets: 1024  Batches: 1  Memory Usage: 9kB
                                                                                            ->  Seq Scan on comp_cast_type cct2  (cost=0.00..1.05 rows=3 width=4) (actual time=0.001..0.002 rows=3 loops=1)
                                                                                                  Filter: ((kind)::text <> 'complete+verified'::text)
                                                                                                  Rows Removed by Filter: 1
                                                                    ->  Hash  (cost=1.05..1.05 rows=1 width=4) (actual time=0.003..0.003 rows=1 loops=1)
                                                                          Buckets: 1024  Batches: 1  Memory Usage: 9kB
                                                                          ->  Seq Scan on comp_cast_type cct1  (cost=0.00..1.05 rows=1 width=4) (actual time=0.002..0.002 rows=1 loops=1)
                                                                                Filter: ((kind)::text = 'crew'::text)
                                                                                Rows Removed by Filter: 3
                                                              ->  Index Scan using title_pkey on title t  (cost=0.43..1.02 rows=1 width=25) (actual time=0.002..0.002 rows=0 loops=20145)
                                                                    Index Cond: (id = mi_idx.movie_id)
                                                                    Filter: (production_year > 2005)
                                                                    Rows Removed by Filter: 1
                                                        ->  Hash  (cost=1.09..1.09 rows=2 width=4) (actual time=0.004..0.004 rows=2 loops=1)
                                                              Buckets: 1024  Batches: 1  Memory Usage: 9kB
                                                              ->  Seq Scan on kind_type kt  (cost=0.00..1.09 rows=2 width=4) (actual time=0.002..0.003 rows=2 loops=1)
                                                                    Filter: ((kind)::text = ANY ('{movie,episode}'::text[]))
                                                                    Rows Removed by Filter: 5
                                                  ->  Index Scan using movie_id_movie_info on movie_info mi  (cost=0.43..2.18 rows=1 width=8) (actual time=0.009..0.009 rows=0 loops=4171)
                                                        Index Cond: (movie_id = t.id)
                                                        Filter: (info = ANY ('{Sweden,Germany,Swedish,German}'::text[]))
                                                        Rows Removed by Filter: 19
                                            ->  Hash  (cost=2.41..2.41 rows=1 width=4) (actual time=0.009..0.009 rows=1 loops=1)
                                                  Buckets: 1024  Batches: 1  Memory Usage: 9kB
                                                  ->  Seq Scan on info_type it1  (cost=0.00..2.41 rows=1 width=4) (actual time=0.003..0.009 rows=1 loops=1)
                                                        Filter: ((info)::text = 'countries'::text)
                                                        Rows Removed by Filter: 112
                                      ->  Index Scan using movie_id_movie_companies on movie_companies mc  (cost=0.43..0.64 rows=1 width=12) (actual time=0.004..0.005 rows=2 loops=133)
                                            Index Cond: (movie_id = t.id)
                                            Filter: ((note !~~ '%(USA)%'::text) AND (note ~~ '%(200%)%'::text))
                                            Rows Removed by Filter: 5
                                ->  Index Scan using company_name_pkey on company_name cn  (cost=0.42..0.49 rows=1 width=23) (actual time=0.002..0.002 rows=1 loops=225)
                                      Index Cond: (id = mc.company_id)
                                      Filter: ((country_code)::text <> '[us]'::text)
                                      Rows Removed by Filter: 0
                          ->  Index Scan using movie_id_movie_keyword on movie_keyword mk  (cost=0.43..1.37 rows=45 width=8) (actual time=0.002..0.016 rows=108 loops=224)
                                Index Cond: (movie_id = t.id)
                    ->  Hash  (cost=1.04..1.04 rows=4 width=4) (actual time=0.003..0.003 rows=4 loops=1)
                          Buckets: 1024  Batches: 1  Memory Usage: 9kB
                          ->  Seq Scan on company_type ct  (cost=0.00..1.04 rows=4 width=4) (actual time=0.002..0.002 rows=4 loops=1)
              ->  Hash  (cost=2.41..2.41 rows=1 width=4) (actual time=0.014..0.014 rows=1 loops=1)
                    Buckets: 1024  Batches: 1  Memory Usage: 9kB
                    ->  Seq Scan on info_type it2  (cost=0.00..2.41 rows=1 width=4) (actual time=0.012..0.013 rows=1 loops=1)
                          Filter: ((info)::text = 'rating'::text)
                          Rows Removed by Filter: 112
        ->  Index Scan using keyword_pkey on keyword k  (cost=0.42..0.44 rows=1 width=4) (actual time=0.001..0.001 rows=0 loops=15989)
              Index Cond: (id = mk.keyword_id)
              Filter: (keyword = ANY ('{murder,murder-in-title,blood,violence}'::text[]))
              Rows Removed by Filter: 1
Planning time: 54.523 ms
Execution time: 438.390 ms
