Aggregate  (cost=33048.05..33048.06 rows=1 width=96) (actual time=681.544..681.544 rows=1 loops=1)
  ->  Nested Loop  (cost=4110.78..33048.05 rows=1 width=41) (actual time=83.435..681.469 rows=148 loops=1)
        ->  Nested Loop  (cost=4110.36..33047.15 rows=2 width=45) (actual time=83.259..652.451 rows=15989 loops=1)
              ->  Nested Loop  (cost=4109.93..33045.33 rows=1 width=61) (actual time=32.844..647.779 rows=165 loops=1)
                    ->  Nested Loop  (cost=4109.80..33045.18 rows=1 width=65) (actual time=32.837..647.521 rows=165 loops=1)
                          ->  Nested Loop  (cost=4109.38..33044.69 rows=1 width=50) (actual time=32.829..646.926 rows=166 loops=1)
                                ->  Nested Loop  (cost=4108.95..33044.03 rows=1 width=38) (actual time=32.816..646.239 rows=88 loops=1)
                                      ->  Nested Loop  (cost=4108.81..33043.87 rows=1 width=42) (actual time=32.811..646.020 rows=103 loops=1)
                                            ->  Nested Loop  (cost=4108.68..33043.71 rows=1 width=46) (actual time=32.806..645.794 rows=108 loops=1)
                                                  Join Filter: (mi.movie_id = t.id)
                                                  ->  Hash Join  (cost=4108.25..33042.67 rows=1 width=21) (actual time=32.797..644.061 rows=397 loops=1)
                                                        Hash Cond: (mi.info_type_id = it1.id)
                                                        ->  Nested Loop  (cost=4105.83..33039.21 rows=83 width=25) (actual time=32.774..643.829 rows=1346 loops=1)
                                                              ->  Hash Join  (cost=4105.39..31878.46 rows=283 width=17) (actual time=31.879..319.897 rows=18297 loops=1)
                                                                    Hash Cond: (mi_idx.info_type_id = it2.id)
                                                                    ->  Hash Join  (cost=4102.97..31475.50 rows=31924 width=21) (actual time=31.865..315.597 rows=24790 loops=1)
                                                                          Hash Cond: (mi_idx.movie_id = cc.movie_id)
                                                                          ->  Seq Scan on movie_info_idx mi_idx  (cost=0.00..25185.44 rows=298857 width=13) (actual time=0.008..222.647 rows=298857 loops=1)
                                                                                Filter: (info > '6.5'::text)
                                                                                Rows Removed by Filter: 1081178
                                                                          ->  Hash  (cost=3488.66..3488.66 rows=49145 width=8) (actual time=31.765..31.765 rows=49145 loops=1)
                                                                                Buckets: 65536  Batches: 1  Memory Usage: 2432kB
                                                                                ->  Hash Join  (cost=1.06..3488.66 rows=49145 width=8) (actual time=12.045..25.256 rows=49145 loops=1)
                                                                                      Hash Cond: (cc.subject_id = cct1.id)
                                                                                      ->  Seq Scan on complete_cast cc  (cost=0.00..2081.86 rows=135086 width=12) (actual time=0.006..9.229 rows=135086 loops=1)
                                                                                      ->  Hash  (cost=1.05..1.05 rows=1 width=4) (actual time=0.004..0.004 rows=1 loops=1)
                                                                                            Buckets: 1024  Batches: 1  Memory Usage: 9kB
                                                                                            ->  Seq Scan on comp_cast_type cct1  (cost=0.00..1.05 rows=1 width=4) (actual time=0.003..0.003 rows=1 loops=1)
                                                                                                  Filter: ((kind)::text = 'crew'::text)
                                                                                                  Rows Removed by Filter: 3
                                                                    ->  Hash  (cost=2.41..2.41 rows=1 width=4) (actual time=0.010..0.010 rows=1 loops=1)
                                                                          Buckets: 1024  Batches: 1  Memory Usage: 9kB
                                                                          ->  Seq Scan on info_type it2  (cost=0.00..2.41 rows=1 width=4) (actual time=0.008..0.009 rows=1 loops=1)
                                                                                Filter: ((info)::text = 'rating'::text)
                                                                                Rows Removed by Filter: 112
                                                              ->  Index Scan using movie_id_movie_info on movie_info mi  (cost=0.43..4.09 rows=1 width=8) (actual time=0.016..0.017 rows=0 loops=18297)
                                                                    Index Cond: (movie_id = mi_idx.movie_id)
                                                                    Filter: (info = ANY ('{Sweden,Germany,Swedish,German}'::text[]))
                                                                    Rows Removed by Filter: 39
                                                        ->  Hash  (cost=2.41..2.41 rows=1 width=4) (actual time=0.018..0.018 rows=1 loops=1)
                                                              Buckets: 1024  Batches: 1  Memory Usage: 9kB
                                                              ->  Seq Scan on info_type it1  (cost=0.00..2.41 rows=1 width=4) (actual time=0.010..0.016 rows=1 loops=1)
                                                                    Filter: ((info)::text = 'countries'::text)
                                                                    Rows Removed by Filter: 112
                                                  ->  Index Scan using title_pkey on title t  (cost=0.43..1.02 rows=1 width=25) (actual time=0.004..0.004 rows=0 loops=397)
                                                        Index Cond: (id = mi_idx.movie_id)
                                                        Filter: (production_year > 2005)
                                                        Rows Removed by Filter: 1
                                            ->  Index Scan using comp_cast_type_pkey on comp_cast_type cct2  (cost=0.13..0.15 rows=1 width=4) (actual time=0.001..0.001 rows=1 loops=108)
                                                  Index Cond: (id = cc.status_id)
                                                  Filter: ((kind)::text <> 'complete+verified'::text)
                                                  Rows Removed by Filter: 0
                                      ->  Index Scan using kind_type_pkey on kind_type kt  (cost=0.13..0.15 rows=1 width=4) (actual time=0.001..0.001 rows=1 loops=103)
                                            Index Cond: (id = t.kind_id)
                                            Filter: ((kind)::text = ANY ('{movie,episode}'::text[]))
                                            Rows Removed by Filter: 0
                                ->  Index Scan using movie_id_movie_companies on movie_companies mc  (cost=0.43..0.64 rows=1 width=12) (actual time=0.005..0.007 rows=2 loops=88)
                                      Index Cond: (movie_id = t.id)
                                      Filter: ((note !~~ '%(USA)%'::text) AND (note ~~ '%(200%)%'::text))
                                      Rows Removed by Filter: 6
                          ->  Index Scan using company_name_pkey on company_name cn  (cost=0.42..0.49 rows=1 width=23) (actual time=0.003..0.003 rows=1 loops=166)
                                Index Cond: (id = mc.company_id)
                                Filter: ((country_code)::text <> '[us]'::text)
                                Rows Removed by Filter: 0
                    ->  Index Only Scan using company_type_pkey on company_type ct  (cost=0.13..0.15 rows=1 width=4) (actual time=0.001..0.001 rows=1 loops=165)
                          Index Cond: (id = mc.company_type_id)
                          Heap Fetches: 165
              ->  Index Scan using movie_id_movie_keyword on movie_keyword mk  (cost=0.43..1.37 rows=45 width=8) (actual time=0.003..0.016 rows=97 loops=165)
                    Index Cond: (movie_id = t.id)
        ->  Index Scan using keyword_pkey on keyword k  (cost=0.42..0.44 rows=1 width=4) (actual time=0.002..0.002 rows=0 loops=15989)
              Index Cond: (id = mk.keyword_id)
              Filter: (keyword = ANY ('{murder,murder-in-title,blood,violence}'::text[]))
              Rows Removed by Filter: 1
Planning time: 56.117 ms
Execution time: 681.666 ms
