Aggregate  (cost=115331.99..115332.00 rows=1 width=96) (actual time=781.891..781.891 rows=1 loops=1)
  ->  Hash Join  (cost=7534.77..115269.19 rows=8373 width=41) (actual time=122.732..778.779 rows=8373 loops=1)
        Hash Cond: (mc.company_type_id = ct.id)
        ->  Hash Join  (cost=7533.68..115180.97 rows=8373 width=45) (actual time=122.715..776.945 rows=8373 loops=1)
              Hash Cond: (t.kind_id = kt.id)
              ->  Nested Loop  (cost=7532.56..115081.41 rows=8668 width=49) (actual time=122.704..775.149 rows=8668 loops=1)
                    ->  Nested Loop  (cost=7532.14..110626.49 rows=9128 width=34) (actual time=122.693..754.362 rows=9128 loops=1)
                          Join Filter: (t.id = mc.movie_id)
                          ->  Hash Join  (cost=7531.71..110123.11 rows=871 width=46) (actual time=70.813..742.535 rows=871 loops=1)
                                Hash Cond: (mi.info_type_id = it1.id)
                                ->  Nested Loop  (cost=7529.29..110108.34 rows=984 width=50) (actual time=70.798..742.207 rows=984 loops=1)
                                      Join Filter: (t.id = mi.movie_id)
                                      ->  Hash Join  (cost=7528.85..108283.21 rows=961 width=42) (actual time=70.771..690.430 rows=961 loops=1)
                                            Hash Cond: (mk.keyword_id = k.id)
                                            ->  Nested Loop  (cost=4567.27..103712.49 rows=127456 width=46) (actual time=41.533..665.350 rows=127456 loops=1)
                                                  ->  Hash Join  (cost=4566.83..91718.88 rows=6606 width=38) (actual time=41.522..611.410 rows=6606 loops=1)
                                                        Hash Cond: (cc.status_id = cct2.id)
                                                        ->  Hash Join  (cost=4565.77..91640.61 rows=7420 width=42) (actual time=41.504..609.807 rows=7420 loops=1)
                                                              Hash Cond: (mi_idx.info_type_id = it2.id)
                                                              ->  Nested Loop  (cost=4563.35..91357.34 rows=22384 width=46) (actual time=41.476..606.966 rows=22384 loops=1)
                                                                    ->  Hash Join  (cost=4562.92..82638.33 rows=15465 width=33) (actual time=41.346..564.621 rows=15465 loops=1)
                                                                          Hash Cond: (t.id = cc.movie_id)
                                                                          ->  Seq Scan on title t  (cost=0.00..67601.90 rows=1012920 width=25) (actual time=0.006..314.708 rows=1012920 loops=1)
                                                                                Filter: (production_year > 2005)
                                                                                Rows Removed by Filter: 1515392
                                                                          ->  Hash  (cost=3488.66..3488.66 rows=85941 width=8) (actual time=41.182..41.182 rows=85941 loops=1)
                                                                                Buckets: 131072  Batches: 1  Memory Usage: 4382kB
                                                                                ->  Hash Join  (cost=1.06..3488.66 rows=85941 width=8) (actual time=0.015..28.814 rows=85941 loops=1)
                                                                                      Hash Cond: (cc.subject_id = cct1.id)
                                                                                      ->  Seq Scan on complete_cast cc  (cost=0.00..2081.86 rows=135086 width=12) (actual time=0.006..9.358 rows=135086 loops=1)
                                                                                      ->  Hash  (cost=1.05..1.05 rows=1 width=4) (actual time=0.003..0.003 rows=1 loops=1)
                                                                                            Buckets: 1024  Batches: 1  Memory Usage: 9kB
                                                                                            ->  Seq Scan on comp_cast_type cct1  (cost=0.00..1.05 rows=1 width=4) (actual time=0.002..0.002 rows=1 loops=1)
                                                                                                  Filter: ((kind)::text = 'cast'::text)
                                                                                                  Rows Removed by Filter: 3
                                                                    ->  Index Scan using movie_id_movie_info_idx on movie_info_idx mi_idx  (cost=0.43..0.53 rows=3 width=13) (actual time=0.002..0.002 rows=1 loops=15465)
                                                                          Index Cond: (movie_id = t.id)
                                                                          Filter: (info < '8.5'::text)
                                                                          Rows Removed by Filter: 0
                                                              ->  Hash  (cost=2.41..2.41 rows=1 width=4) (actual time=0.013..0.013 rows=1 loops=1)
                                                                    Buckets: 1024  Batches: 1  Memory Usage: 9kB
                                                                    ->  Seq Scan on info_type it2  (cost=0.00..2.41 rows=1 width=4) (actual time=0.011..0.012 rows=1 loops=1)
                                                                          Filter: ((info)::text = 'rating'::text)
                                                                          Rows Removed by Filter: 112
                                                        ->  Hash  (cost=1.05..1.05 rows=1 width=4) (actual time=0.008..0.008 rows=1 loops=1)
                                                              Buckets: 1024  Batches: 1  Memory Usage: 9kB
                                                              ->  Seq Scan on comp_cast_type cct2  (cost=0.00..1.05 rows=1 width=4) (actual time=0.006..0.007 rows=1 loops=1)
                                                                    Filter: ((kind)::text = 'complete'::text)
                                                                    Rows Removed by Filter: 3
                                                  ->  Index Scan using movie_id_movie_keyword on movie_keyword mk  (cost=0.43..1.37 rows=45 width=8) (actual time=0.003..0.006 rows=19 loops=6606)
                                                        Index Cond: (movie_id = t.id)
                                            ->  Hash  (cost=2961.55..2961.55 rows=3 width=4) (actual time=15.616..15.616 rows=3 loops=1)
                                                  Buckets: 1024  Batches: 1  Memory Usage: 9kB
                                                  ->  Seq Scan on keyword k  (cost=0.00..2961.55 rows=3 width=4) (actual time=0.792..15.614 rows=3 loops=1)
                                                        Filter: (keyword = ANY ('{murder,murder-in-title,blood,violence}'::text[]))
                                                        Rows Removed by Filter: 134167
                                      ->  Index Scan using movie_id_movie_info on movie_info mi  (cost=0.43..1.87 rows=2 width=8) (actual time=0.045..0.053 rows=1 loops=961)
                                            Index Cond: (movie_id = mk.movie_id)
                                            Filter: (info = ANY ('{Sweden,Norway,Germany,Denmark,Swedish,Danish,Norwegian,German,USA,American}'::text[]))
                                            Rows Removed by Filter: 123
                                ->  Hash  (cost=2.41..2.41 rows=1 width=4) (actual time=0.011..0.011 rows=1 loops=1)
                                      Buckets: 1024  Batches: 1  Memory Usage: 9kB
                                      ->  Seq Scan on info_type it1  (cost=0.00..2.41 rows=1 width=4) (actual time=0.005..0.011 rows=1 loops=1)
                                            Filter: ((info)::text = 'countries'::text)
                                            Rows Removed by Filter: 112
                          ->  Index Scan using movie_id_movie_companies on movie_companies mc  (cost=0.43..0.57 rows=1 width=12) (actual time=0.006..0.012 rows=10 loops=871)
                                Index Cond: (movie_id = mk.movie_id)
                                Filter: ((note !~~ '%(USA)%'::text) AND (note ~~ '%(200%)%'::text))
                                Rows Removed by Filter: 12
                    ->  Index Scan using company_name_pkey on company_name cn  (cost=0.42..0.49 rows=1 width=23) (actual time=0.002..0.002 rows=1 loops=9128)
                          Index Cond: (id = mc.company_id)
                          Filter: ((country_code)::text <> '[us]'::text)
                          Rows Removed by Filter: 0
              ->  Hash  (cost=1.09..1.09 rows=2 width=4) (actual time=0.007..0.007 rows=2 loops=1)
                    Buckets: 1024  Batches: 1  Memory Usage: 9kB
                    ->  Seq Scan on kind_type kt  (cost=0.00..1.09 rows=2 width=4) (actual time=0.005..0.006 rows=2 loops=1)
                          Filter: ((kind)::text = ANY ('{movie,episode}'::text[]))
                          Rows Removed by Filter: 5
        ->  Hash  (cost=1.04..1.04 rows=4 width=4) (actual time=0.010..0.010 rows=4 loops=1)
              Buckets: 1024  Batches: 1  Memory Usage: 9kB
              ->  Seq Scan on company_type ct  (cost=0.00..1.04 rows=4 width=4) (actual time=0.007..0.008 rows=4 loops=1)
Planning time: 55.619 ms
Execution time: 782.021 ms
