Aggregate  (cost=33926.99..33927.00 rows=1 width=96) (actual time=2382.223..2382.223 rows=1 loops=1)
  ->  Nested Loop  (cost=7.95..33926.99 rows=1 width=41) (actual time=1.000..2379.065 rows=8373 loops=1)
        ->  Nested Loop  (cost=7.81..33926.80 rows=1 width=45) (actual time=0.998..2368.947 rows=9489 loops=1)
              Join Filter: (t.id = mi.movie_id)
              ->  Nested Loop  (cost=7.37..33924.90 rows=1 width=61) (actual time=0.926..1824.774 rows=8156 loops=1)
                    ->  Nested Loop  (cost=7.24..33924.74 rows=1 width=65) (actual time=0.922..1815.469 rows=8489 loops=1)
                          ->  Nested Loop  (cost=6.81..33924.25 rows=1 width=40) (actual time=0.834..1773.202 rows=22516 loops=1)
                                ->  Nested Loop  (cost=6.68..33924.10 rows=1 width=44) (actual time=0.831..1750.417 rows=22516 loops=1)
                                      ->  Nested Loop  (cost=6.26..33923.61 rows=1 width=29) (actual time=0.824..1694.082 rows=23844 loops=1)
                                            ->  Nested Loop  (cost=5.83..33923.03 rows=1 width=17) (actual time=0.815..1646.847 rows=6409 loops=1)
                                                  ->  Nested Loop  (cost=5.41..30808.48 rows=7020 width=21) (actual time=0.062..514.051 rows=654930 loops=1)
                                                        ->  Hash Join  (cost=4.98..29537.74 rows=714 width=13) (actual time=0.054..226.055 rows=43896 loops=1)
                                                              Hash Cond: (mi_idx.info_type_id = it2.id)
                                                              ->  Nested Loop  (cost=2.55..28523.18 rows=80671 width=17) (actual time=0.030..210.570 rows=130197 loops=1)
                                                                    ->  Hash Join  (cost=2.12..4639.54 rows=27624 width=4) (actual time=0.018..49.044 rows=68062 loops=1)
                                                                          Hash Cond: (cc.subject_id = cct1.id)
                                                                          ->  Hash Join  (cost=1.06..3488.66 rows=110494 width=8) (actual time=0.011..34.508 rows=110494 loops=1)
                                                                                Hash Cond: (cc.status_id = cct2.id)
                                                                                ->  Seq Scan on complete_cast cc  (cost=0.00..2081.86 rows=135086 width=12) (actual time=0.006..10.819 rows=135086 loops=1)
                                                                                ->  Hash  (cost=1.05..1.05 rows=1 width=4) (actual time=0.002..0.002 rows=1 loops=1)
                                                                                      Buckets: 1024  Batches: 1  Memory Usage: 9kB
                                                                                      ->  Seq Scan on comp_cast_type cct2  (cost=0.00..1.05 rows=1 width=4) (actual time=0.002..0.002 rows=1 loops=1)
                                                                                            Filter: ((kind)::text = 'complete'::text)
                                                                                            Rows Removed by Filter: 3
                                                                          ->  Hash  (cost=1.05..1.05 rows=1 width=4) (actual time=0.004..0.004 rows=1 loops=1)
                                                                                Buckets: 1024  Batches: 1  Memory Usage: 9kB
                                                                                ->  Seq Scan on comp_cast_type cct1  (cost=0.00..1.05 rows=1 width=4) (actual time=0.003..0.003 rows=1 loops=1)
                                                                                      Filter: ((kind)::text = 'cast'::text)
                                                                                      Rows Removed by Filter: 3
                                                                    ->  Index Scan using movie_id_movie_info_idx on movie_info_idx mi_idx  (cost=0.43..0.83 rows=3 width=13) (actual time=0.002..0.002 rows=2 loops=68062)
                                                                          Index Cond: (movie_id = cc.movie_id)
                                                                          Filter: (info < '8.5'::text)
                                                                          Rows Removed by Filter: 0
                                                              ->  Hash  (cost=2.41..2.41 rows=1 width=4) (actual time=0.018..0.018 rows=1 loops=1)
                                                                    Buckets: 1024  Batches: 1  Memory Usage: 9kB
                                                                    ->  Seq Scan on info_type it2  (cost=0.00..2.41 rows=1 width=4) (actual time=0.015..0.016 rows=1 loops=1)
                                                                          Filter: ((info)::text = 'rating'::text)
                                                                          Rows Removed by Filter: 112
                                                        ->  Index Scan using movie_id_movie_keyword on movie_keyword mk  (cost=0.43..1.33 rows=45 width=8) (actual time=0.002..0.005 rows=15 loops=43896)
                                                              Index Cond: (movie_id = mi_idx.movie_id)
                                                  ->  Index Scan using keyword_pkey on keyword k  (cost=0.42..0.44 rows=1 width=4) (actual time=0.002..0.002 rows=0 loops=654930)
                                                        Index Cond: (id = mk.keyword_id)
                                                        Filter: (keyword = ANY ('{murder,murder-in-title,blood,violence}'::text[]))
                                                        Rows Removed by Filter: 1
                                            ->  Index Scan using movie_id_movie_companies on movie_companies mc  (cost=0.43..0.57 rows=1 width=12) (actual time=0.004..0.007 rows=4 loops=6409)
                                                  Index Cond: (movie_id = mk.movie_id)
                                                  Filter: ((note !~~ '%(USA)%'::text) AND (note ~~ '%(200%)%'::text))
                                                  Rows Removed by Filter: 8
                                      ->  Index Scan using company_name_pkey on company_name cn  (cost=0.42..0.49 rows=1 width=23) (actual time=0.002..0.002 rows=1 loops=23844)
                                            Index Cond: (id = mc.company_id)
                                            Filter: ((country_code)::text <> '[us]'::text)
                                            Rows Removed by Filter: 0
                                ->  Index Only Scan using company_type_pkey on company_type ct  (cost=0.13..0.15 rows=1 width=4) (actual time=0.001..0.001 rows=1 loops=22516)
                                      Index Cond: (id = mc.company_type_id)
                                      Heap Fetches: 22516
                          ->  Index Scan using title_pkey on title t  (cost=0.43..0.49 rows=1 width=25) (actual time=0.002..0.002 rows=0 loops=22516)
                                Index Cond: (id = mk.movie_id)
                                Filter: (production_year > 2005)
                                Rows Removed by Filter: 1
                    ->  Index Scan using kind_type_pkey on kind_type kt  (cost=0.13..0.15 rows=1 width=4) (actual time=0.001..0.001 rows=1 loops=8489)
                          Index Cond: (id = t.kind_id)
                          Filter: ((kind)::text = ANY ('{movie,episode}'::text[]))
                          Rows Removed by Filter: 0
              ->  Index Scan using movie_id_movie_info on movie_info mi  (cost=0.43..1.87 rows=2 width=8) (actual time=0.056..0.066 rows=1 loops=8156)
                    Index Cond: (movie_id = mk.movie_id)
                    Filter: (info = ANY ('{Sweden,Norway,Germany,Denmark,Swedish,Danish,Norwegian,German,USA,American}'::text[]))
                    Rows Removed by Filter: 206
        ->  Index Scan using info_type_pkey on info_type it1  (cost=0.14..0.16 rows=1 width=4) (actual time=0.001..0.001 rows=1 loops=9489)
              Index Cond: (id = mi.info_type_id)
              Filter: ((info)::text = 'countries'::text)
              Rows Removed by Filter: 0
Planning time: 56.008 ms
Execution time: 2382.330 ms
