Aggregate  (cost=121477.93..121477.94 rows=1 width=96) (actual time=827.271..827.271 rows=1 loops=1)
  ->  Nested Loop  (cost=7534.77..121477.65 rows=37 width=41) (actual time=121.222..824.187 rows=8373 loops=1)
        ->  Hash Join  (cost=7534.35..121443.98 rows=69 width=26) (actual time=121.210..804.063 rows=8771 loops=1)
              Hash Cond: (mi_idx.info_type_id = it2.id)
              ->  Hash Join  (cost=7531.92..121344.38 rows=7745 width=30) (actual time=121.173..801.033 rows=26032 loops=1)
                    Hash Cond: (t.kind_id = kt.id)
                    ->  Hash Join  (cost=7530.81..121035.42 rows=27106 width=34) (actual time=121.163..796.096 rows=27106 loops=1)
                          Hash Cond: (mc.company_type_id = ct.id)
                          ->  Nested Loop  (cost=7529.72..120752.26 rows=27106 width=38) (actual time=121.154..791.090 rows=27106 loops=1)
                                Join Filter: (t.id = mc.movie_id)
                                ->  Nested Loop  (cost=7529.29..119216.09 rows=2658 width=50) (actual time=71.789..761.900 rows=2658 loops=1)
                                      Join Filter: (t.id = mi_idx.movie_id)
                                      ->  Hash Join  (cost=7528.86..118717.13 rows=932 width=37) (actual time=71.777..757.397 rows=932 loops=1)
                                            Hash Cond: (cc.status_id = cct2.id)
                                            ->  Hash Join  (cost=7527.80..118702.19 rows=1333 width=41) (actual time=71.769..757.013 rows=1333 loops=1)
                                                  Hash Cond: (mi.info_type_id = it1.id)
                                                  ->  Nested Loop  (cost=7525.37..118680.98 rows=1497 width=45) (actual time=71.755..756.590 rows=1497 loops=1)
                                                        Join Filter: (t.id = mi.movie_id)
                                                        ->  Hash Join  (cost=7524.94..116033.50 rows=1394 width=37) (actual time=71.726..674.060 rows=1394 loops=1)
                                                              Hash Cond: (mk.keyword_id = k.id)
                                                              ->  Nested Loop  (cost=4563.35..110716.02 rows=186606 width=41) (actual time=42.742..645.091 rows=186606 loops=1)
                                                                    ->  Hash Join  (cost=4562.92..82638.33 rows=15465 width=33) (actual time=42.722..562.440 rows=15465 loops=1)
                                                                          Hash Cond: (t.id = cc.movie_id)
                                                                          ->  Seq Scan on title t  (cost=0.00..67601.90 rows=1012920 width=25) (actual time=0.010..312.670 rows=1012920 loops=1)
                                                                                Filter: (production_year > 2005)
                                                                                Rows Removed by Filter: 1515392
                                                                          ->  Hash  (cost=3488.66..3488.66 rows=85941 width=8) (actual time=42.535..42.535 rows=85941 loops=1)
                                                                                Buckets: 131072  Batches: 1  Memory Usage: 4382kB
                                                                                ->  Hash Join  (cost=1.06..3488.66 rows=85941 width=8) (actual time=0.020..29.528 rows=85941 loops=1)
                                                                                      Hash Cond: (cc.subject_id = cct1.id)
                                                                                      ->  Seq Scan on complete_cast cc  (cost=0.00..2081.86 rows=135086 width=12) (actual time=0.008..9.336 rows=135086 loops=1)
                                                                                      ->  Hash  (cost=1.05..1.05 rows=1 width=4) (actual time=0.007..0.007 rows=1 loops=1)
                                                                                            Buckets: 1024  Batches: 1  Memory Usage: 9kB
                                                                                            ->  Seq Scan on comp_cast_type cct1  (cost=0.00..1.05 rows=1 width=4) (actual time=0.005..0.005 rows=1 loops=1)
                                                                                                  Filter: ((kind)::text = 'cast'::text)
                                                                                                  Rows Removed by Filter: 3
                                                                    ->  Index Scan using movie_id_movie_keyword on movie_keyword mk  (cost=0.43..1.37 rows=45 width=8) (actual time=0.002..0.004 rows=12 loops=15465)
                                                                          Index Cond: (movie_id = t.id)
                                                              ->  Hash  (cost=2961.55..2961.55 rows=3 width=4) (actual time=15.648..15.648 rows=3 loops=1)
                                                                    Buckets: 1024  Batches: 1  Memory Usage: 9kB
                                                                    ->  Seq Scan on keyword k  (cost=0.00..2961.55 rows=3 width=4) (actual time=0.802..15.647 rows=3 loops=1)
                                                                          Filter: (keyword = ANY ('{murder,murder-in-title,blood,violence}'::text[]))
                                                                          Rows Removed by Filter: 134167
                                                        ->  Index Scan using movie_id_movie_info on movie_info mi  (cost=0.43..1.87 rows=2 width=8) (actual time=0.049..0.059 rows=1 loops=1394)
                                                              Index Cond: (movie_id = mk.movie_id)
                                                              Filter: (info = ANY ('{Sweden,Norway,Germany,Denmark,Swedish,Danish,Norwegian,German,USA,American}'::text[]))
                                                              Rows Removed by Filter: 147
                                                  ->  Hash  (cost=2.41..2.41 rows=1 width=4) (actual time=0.009..0.009 rows=1 loops=1)
                                                        Buckets: 1024  Batches: 1  Memory Usage: 9kB
                                                        ->  Seq Scan on info_type it1  (cost=0.00..2.41 rows=1 width=4) (actual time=0.003..0.009 rows=1 loops=1)
                                                              Filter: ((info)::text = 'countries'::text)
                                                              Rows Removed by Filter: 112
                                            ->  Hash  (cost=1.05..1.05 rows=1 width=4) (actual time=0.004..0.004 rows=1 loops=1)
                                                  Buckets: 1024  Batches: 1  Memory Usage: 9kB
                                                  ->  Seq Scan on comp_cast_type cct2  (cost=0.00..1.05 rows=1 width=4) (actual time=0.003..0.003 rows=1 loops=1)
                                                        Filter: ((kind)::text = 'complete'::text)
                                                        Rows Removed by Filter: 3
                                      ->  Index Scan using movie_id_movie_info_idx on movie_info_idx mi_idx  (cost=0.43..0.50 rows=3 width=13) (actual time=0.003..0.004 rows=3 loops=932)
                                            Index Cond: (movie_id = mk.movie_id)
                                            Filter: (info < '8.5'::text)
                                            Rows Removed by Filter: 0
                                ->  Index Scan using movie_id_movie_companies on movie_companies mc  (cost=0.43..0.57 rows=1 width=12) (actual time=0.004..0.009 rows=10 loops=2658)
                                      Index Cond: (movie_id = mk.movie_id)
                                      Filter: ((note !~~ '%(USA)%'::text) AND (note ~~ '%(200%)%'::text))
                                      Rows Removed by Filter: 12
                          ->  Hash  (cost=1.04..1.04 rows=4 width=4) (actual time=0.005..0.005 rows=4 loops=1)
                                Buckets: 1024  Batches: 1  Memory Usage: 9kB
                                ->  Seq Scan on company_type ct  (cost=0.00..1.04 rows=4 width=4) (actual time=0.003..0.004 rows=4 loops=1)
                    ->  Hash  (cost=1.09..1.09 rows=2 width=4) (actual time=0.005..0.005 rows=2 loops=1)
                          Buckets: 1024  Batches: 1  Memory Usage: 9kB
                          ->  Seq Scan on kind_type kt  (cost=0.00..1.09 rows=2 width=4) (actual time=0.003..0.005 rows=2 loops=1)
                                Filter: ((kind)::text = ANY ('{movie,episode}'::text[]))
                                Rows Removed by Filter: 5
              ->  Hash  (cost=2.41..2.41 rows=1 width=4) (actual time=0.020..0.020 rows=1 loops=1)
                    Buckets: 1024  Batches: 1  Memory Usage: 9kB
                    ->  Seq Scan on info_type it2  (cost=0.00..2.41 rows=1 width=4) (actual time=0.017..0.018 rows=1 loops=1)
                          Filter: ((info)::text = 'rating'::text)
                          Rows Removed by Filter: 112
        ->  Index Scan using company_name_pkey on company_name cn  (cost=0.42..0.49 rows=1 width=23) (actual time=0.002..0.002 rows=1 loops=8771)
              Index Cond: (id = mc.company_id)
              Filter: ((country_code)::text <> '[us]'::text)
              Rows Removed by Filter: 0
Planning time: 55.378 ms
Execution time: 827.400 ms
