Aggregate  (cost=78304.17..78304.18 rows=1 width=96) (actual time=1615.578..1615.578 rows=1 loops=1)
  ->  Nested Loop  (cost=5.52..78304.16 rows=1 width=48) (actual time=15.163..1615.080 rows=1620 loops=1)
        ->  Nested Loop  (cost=5.10..78300.55 rows=1 width=52) (actual time=15.066..1341.157 rows=174960 loops=1)
              ->  Nested Loop  (cost=4.95..78300.20 rows=2 width=56) (actual time=14.658..900.043 rows=528120 loops=1)
                    Join Filter: (t.id = mk.movie_id)
                    ->  Nested Loop  (cost=4.52..78296.67 rows=1 width=72) (actual time=14.646..746.495 rows=4890 loops=1)
                          Join Filter: (mi.movie_id = t.id)
                          ->  Nested Loop  (cost=4.09..78294.52 rows=1 width=51) (actual time=14.636..737.844 rows=4890 loops=1)
                                ->  Nested Loop  (cost=3.95..78294.34 rows=1 width=55) (actual time=14.630..732.680 rows=4890 loops=1)
                                      ->  Nested Loop  (cost=3.51..78251.27 rows=1 width=47) (actual time=14.604..266.049 rows=6165 loops=1)
                                            ->  Nested Loop  (cost=3.38..78251.09 rows=1 width=51) (actual time=14.597..259.909 rows=6165 loops=1)
                                                  Join Filter: (n.id = pi.person_id)
                                                  ->  Nested Loop  (cost=2.95..78231.38 rows=1 width=59) (actual time=14.586..257.502 rows=55 loops=1)
                                                        ->  Nested Loop  (cost=2.82..78231.21 rows=1 width=63) (actual time=14.571..257.399 rows=70 loops=1)
                                                              ->  Nested Loop  (cost=2.40..78225.13 rows=3 width=67) (actual time=14.560..256.682 rows=274 loops=1)
                                                                    ->  Nested Loop  (cost=1.97..78220.24 rows=1 width=59) (actual time=14.550..256.519 rows=11 loops=1)
                                                                          Join Filter: (n.id = an.person_id)
                                                                          ->  Nested Loop  (cost=1.54..78217.32 rows=1 width=55) (actual time=14.539..256.481 rows=3 loops=1)
                                                                                ->  Nested Loop  (cost=1.41..78217.15 rows=1 width=59) (actual time=14.534..256.472 rows=3 loops=1)
                                                                                      ->  Nested Loop  (cost=0.99..78214.35 rows=1 width=47) (actual time=14.524..256.436 rows=6 loops=1)
                                                                                            ->  Nested Loop  (cost=0.56..78212.05 rows=1 width=28) (actual time=14.454..256.113 rows=76 loops=1)
                                                                                                  ->  Seq Scan on char_name chn  (cost=0.00..75702.24 rows=1 width=20) (actual time=14.425..255.600 rows=1 loops=1)
                                                                                                        Filter: (name = 'Queen'::text)
                                                                                                        Rows Removed by Filter: 3140338
                                                                                                  ->  Index Scan using person_role_id_cast_info on cast_info ci  (cost=0.56..2509.62 rows=19 width=16) (actual time=0.025..0.497 rows=76 loops=1)
                                                                                                        Index Cond: (person_role_id = chn.id)
                                                                                                        Filter: (note = ANY ('{(voice),"(voice) (uncredited)","(voice: English version)"}'::text[]))
                                                                                                        Rows Removed by Filter: 437
                                                                                            ->  Index Scan using name_pkey on name n  (cost=0.43..2.31 rows=1 width=19) (actual time=0.004..0.004 rows=0 loops=76)
                                                                                                  Index Cond: (id = ci.person_id)
                                                                                                  Filter: ((name ~~ '%An%'::text) AND ((gender)::text = 'f'::text))
                                                                                                  Rows Removed by Filter: 1
                                                                                      ->  Index Scan using movie_id_complete_cast on complete_cast cc  (cost=0.42..2.78 rows=2 width=12) (actual time=0.005..0.005 rows=0 loops=6)
                                                                                            Index Cond: (movie_id = ci.movie_id)
                                                                                ->  Index Scan using comp_cast_type_pkey on comp_cast_type cct1  (cost=0.13..0.15 rows=1 width=4) (actual time=0.002..0.002 rows=1 loops=3)
                                                                                      Index Cond: (id = cc.subject_id)
                                                                                      Filter: ((kind)::text = 'cast'::text)
                                                                          ->  Index Only Scan using person_id_aka_name on aka_name an  (cost=0.42..2.90 rows=2 width=4) (actual time=0.007..0.010 rows=4 loops=3)
                                                                                Index Cond: (person_id = ci.person_id)
                                                                                Heap Fetches: 11
                                                                    ->  Index Scan using movie_id_movie_companies on movie_companies mc  (cost=0.43..4.84 rows=5 width=8) (actual time=0.004..0.010 rows=25 loops=11)
                                                                          Index Cond: (movie_id = ci.movie_id)
                                                              ->  Index Scan using company_name_pkey on company_name cn  (cost=0.42..2.03 rows=1 width=4) (actual time=0.002..0.002 rows=0 loops=274)
                                                                    Index Cond: (id = mc.company_id)
                                                                    Filter: ((country_code)::text = '[us]'::text)
                                                                    Rows Removed by Filter: 1
                                                        ->  Index Scan using comp_cast_type_pkey on comp_cast_type cct2  (cost=0.13..0.15 rows=1 width=4) (actual time=0.001..0.001 rows=1 loops=70)
                                                              Index Cond: (id = cc.status_id)
                                                              Filter: ((kind)::text = 'complete+verified'::text)
                                                              Rows Removed by Filter: 0
                                                  ->  Index Scan using person_id_person_info on person_info pi  (cost=0.43..19.40 rows=25 width=8) (actual time=0.003..0.021 rows=112 loops=55)
                                                        Index Cond: (person_id = an.person_id)
                                            ->  Index Scan using role_type_pkey on role_type rt  (cost=0.14..0.16 rows=1 width=4) (actual time=0.001..0.001 rows=1 loops=6165)
                                                  Index Cond: (id = ci.role_id)
                                                  Filter: ((role)::text = 'actress'::text)
                                      ->  Index Scan using movie_id_movie_info on movie_info mi  (cost=0.43..43.06 rows=1 width=8) (actual time=0.043..0.075 rows=1 loops=6165)
                                            Index Cond: (movie_id = mc.movie_id)
                                            Filter: ((info IS NOT NULL) AND ((info ~~ 'Japan:%200%'::text) OR (info ~~ 'USA:%200%'::text)))
                                            Rows Removed by Filter: 364
                                ->  Index Scan using info_type_pkey on info_type it  (cost=0.14..0.16 rows=1 width=4) (actual time=0.001..0.001 rows=1 loops=4890)
                                      Index Cond: (id = mi.info_type_id)
                                      Filter: ((info)::text = 'release dates'::text)
                          ->  Index Scan using title_pkey on title t  (cost=0.43..2.13 rows=1 width=21) (actual time=0.001..0.001 rows=1 loops=4890)
                                Index Cond: (id = mc.movie_id)
                                Filter: ((production_year >= 2000) AND (production_year <= 2010) AND (title = 'Shrek 2'::text))
                    ->  Index Scan using movie_id_movie_keyword on movie_keyword mk  (cost=0.43..2.97 rows=45 width=8) (actual time=0.003..0.015 rows=108 loops=4890)
                          Index Cond: (movie_id = mc.movie_id)
              ->  Index Scan using info_type_pkey on info_type it3  (cost=0.14..0.16 rows=1 width=4) (actual time=0.001..0.001 rows=0 loops=528120)
                    Index Cond: (id = pi.info_type_id)
                    Filter: ((info)::text = 'trivia'::text)
                    Rows Removed by Filter: 1
        ->  Index Scan using keyword_pkey on keyword k  (cost=0.42..2.02 rows=1 width=4) (actual time=0.001..0.001 rows=0 loops=174960)
              Index Cond: (id = mk.keyword_id)
              Filter: (keyword = 'computer-animation'::text)
              Rows Removed by Filter: 1
Planning time: 75.413 ms
Execution time: 1615.726 ms
