Aggregate  (cost=78302.45..78302.46 rows=1 width=96) (actual time=678.910..678.910 rows=1 loops=1)
  ->  Nested Loop  (cost=5.52..78302.45 rows=1 width=48) (actual time=15.349..678.472 rows=1620 loops=1)
        ->  Nested Loop  (cost=5.38..78302.26 rows=1 width=52) (actual time=15.345..676.655 rows=1620 loops=1)
              ->  Nested Loop  (cost=4.96..78296.64 rows=2 width=56) (actual time=15.264..406.114 rows=174960 loops=1)
                    Join Filter: (t.id = mk.movie_id)
                    ->  Nested Loop  (cost=4.52..78293.10 rows=1 width=72) (actual time=15.252..352.888 rows=1620 loops=1)
                          ->  Nested Loop  (cost=4.39..78292.93 rows=1 width=76) (actual time=15.248..351.308 rows=1620 loops=1)
                                Join Filter: (t.id = mi.movie_id)
                                ->  Nested Loop  (cost=3.96..78249.86 rows=1 width=68) (actual time=15.221..275.190 rows=810 loops=1)
                                      ->  Nested Loop  (cost=3.54..78247.83 rows=1 width=72) (actual time=15.212..269.787 rows=3564 loops=1)
                                            ->  Nested Loop  (cost=3.40..78247.65 rows=1 width=76) (actual time=15.198..260.720 rows=10758 loops=1)
                                                  Join Filter: (n.id = pi.person_id)
                                                  ->  Nested Loop  (cost=2.96..78227.94 rows=1 width=84) (actual time=15.188..257.324 rows=66 loops=1)
                                                        ->  Nested Loop  (cost=2.83..78227.76 rows=1 width=88) (actual time=15.180..257.239 rows=66 loops=1)
                                                              ->  Nested Loop  (cost=2.70..78227.59 rows=1 width=92) (actual time=15.174..257.161 rows=66 loops=1)
                                                                    Join Filter: (n.id = an.person_id)
                                                                    ->  Nested Loop  (cost=2.27..78224.67 rows=1 width=88) (actual time=15.163..257.052 rows=22 loops=1)
                                                                          Join Filter: (t.id = mc.movie_id)
                                                                          ->  Nested Loop  (cost=1.84..78219.78 rows=1 width=80) (actual time=15.151..257.026 rows=1 loops=1)
                                                                                ->  Nested Loop  (cost=1.41..78217.14 rows=1 width=59) (actual time=15.140..256.999 rows=3 loops=1)
                                                                                      ->  Nested Loop  (cost=0.99..78214.34 rows=1 width=47) (actual time=15.131..256.966 rows=6 loops=1)
                                                                                            ->  Nested Loop  (cost=0.56..78212.05 rows=1 width=28) (actual time=15.058..256.646 rows=76 loops=1)
                                                                                                  ->  Seq Scan on char_name chn  (cost=0.00..75702.24 rows=1 width=20) (actual time=15.020..256.126 rows=1 loops=1)
                                                                                                        Filter: (name = 'Queen'::text)
                                                                                                        Rows Removed by Filter: 3140338
                                                                                                  ->  Index Scan using person_role_id_cast_info on cast_info ci  (cost=0.56..2509.62 rows=19 width=16) (actual time=0.034..0.504 rows=76 loops=1)
                                                                                                        Index Cond: (person_role_id = chn.id)
                                                                                                        Filter: (note = ANY ('{(voice),"(voice) (uncredited)","(voice: English version)"}'::text[]))
                                                                                                        Rows Removed by Filter: 437
                                                                                            ->  Index Scan using name_pkey on name n  (cost=0.43..2.29 rows=1 width=19) (actual time=0.004..0.004 rows=0 loops=76)
                                                                                                  Index Cond: (id = ci.person_id)
                                                                                                  Filter: ((name ~~ '%An%'::text) AND ((gender)::text = 'f'::text))
                                                                                                  Rows Removed by Filter: 1
                                                                                      ->  Index Scan using movie_id_complete_cast on complete_cast cc  (cost=0.42..2.78 rows=2 width=12) (actual time=0.004..0.005 rows=0 loops=6)
                                                                                            Index Cond: (movie_id = ci.movie_id)
                                                                                ->  Index Scan using title_pkey on title t  (cost=0.43..2.20 rows=1 width=21) (actual time=0.008..0.008 rows=0 loops=3)
                                                                                      Index Cond: (id = ci.movie_id)
                                                                                      Filter: ((production_year >= 2000) AND (production_year <= 2010) AND (title = 'Shrek 2'::text))
                                                                                      Rows Removed by Filter: 1
                                                                          ->  Index Scan using movie_id_movie_companies on movie_companies mc  (cost=0.43..4.84 rows=5 width=8) (actual time=0.009..0.016 rows=22 loops=1)
                                                                                Index Cond: (movie_id = ci.movie_id)
                                                                    ->  Index Only Scan using person_id_aka_name on aka_name an  (cost=0.42..2.89 rows=2 width=4) (actual time=0.002..0.004 rows=3 loops=22)
                                                                          Index Cond: (person_id = ci.person_id)
                                                                          Heap Fetches: 66
                                                              ->  Index Scan using comp_cast_type_pkey on comp_cast_type cct1  (cost=0.13..0.15 rows=1 width=4) (actual time=0.001..0.001 rows=1 loops=66)
                                                                    Index Cond: (id = cc.subject_id)
                                                                    Filter: ((kind)::text = 'cast'::text)
                                                        ->  Index Scan using role_type_pkey on role_type rt  (cost=0.14..0.16 rows=1 width=4) (actual time=0.001..0.001 rows=1 loops=66)
                                                              Index Cond: (id = ci.role_id)
                                                              Filter: ((role)::text = 'actress'::text)
                                                  ->  Index Scan using person_id_person_info on person_info pi  (cost=0.43..19.40 rows=25 width=8) (actual time=0.002..0.025 rows=163 loops=66)
                                                        Index Cond: (person_id = ci.person_id)
                                            ->  Index Scan using info_type_pkey on info_type it3  (cost=0.14..0.16 rows=1 width=4) (actual time=0.001..0.001 rows=0 loops=10758)
                                                  Index Cond: (id = pi.info_type_id)
                                                  Filter: ((info)::text = 'trivia'::text)
                                                  Rows Removed by Filter: 1
                                      ->  Index Scan using company_name_pkey on company_name cn  (cost=0.42..2.03 rows=1 width=4) (actual time=0.001..0.001 rows=0 loops=3564)
                                            Index Cond: (id = mc.company_id)
                                            Filter: ((country_code)::text = '[us]'::text)
                                            Rows Removed by Filter: 1
                                ->  Index Scan using movie_id_movie_info on movie_info mi  (cost=0.43..43.06 rows=1 width=8) (actual time=0.009..0.093 rows=2 loops=810)
                                      Index Cond: (movie_id = mc.movie_id)
                                      Filter: ((info IS NOT NULL) AND ((info ~~ 'Japan:%200%'::text) OR (info ~~ 'USA:%200%'::text)))
                                      Rows Removed by Filter: 455
                          ->  Index Scan using comp_cast_type_pkey on comp_cast_type cct2  (cost=0.13..0.15 rows=1 width=4) (actual time=0.001..0.001 rows=1 loops=1620)
                                Index Cond: (id = cc.status_id)
                                Filter: ((kind)::text = 'complete+verified'::text)
                    ->  Index Scan using movie_id_movie_keyword on movie_keyword mk  (cost=0.43..2.97 rows=45 width=8) (actual time=0.003..0.016 rows=108 loops=1620)
                          Index Cond: (movie_id = mc.movie_id)
              ->  Index Scan using keyword_pkey on keyword k  (cost=0.42..2.02 rows=1 width=4) (actual time=0.001..0.001 rows=0 loops=174960)
                    Index Cond: (id = mk.keyword_id)
                    Filter: (keyword = 'computer-animation'::text)
                    Rows Removed by Filter: 1
        ->  Index Scan using info_type_pkey on info_type it  (cost=0.14..0.16 rows=1 width=4) (actual time=0.001..0.001 rows=1 loops=1620)
              Index Cond: (id = mi.info_type_id)
              Filter: ((info)::text = 'release dates'::text)
Planning time: 75.494 ms
Execution time: 679.063 ms
