Aggregate  (cost=74609.95..74609.96 rows=1 width=96) (actual time=87.953..87.954 rows=1 loops=1)
  ->  Nested Loop  (cost=6.46..74597.80 rows=1620 width=48) (actual time=36.634..87.612 rows=1620 loops=1)
        ->  Nested Loop  (cost=6.32..73802.72 rows=4890 width=52) (actual time=36.623..83.554 rows=4890 loops=1)
              Join Filter: (n.id = pi.person_id)
              ->  Nested Loop  (cost=5.89..73211.28 rows=30 width=60) (actual time=36.612..82.109 rows=30 loops=1)
                    ->  Nested Loop  (cost=5.76..73206.69 rows=30 width=64) (actual time=36.607..82.073 rows=30 loops=1)
                          ->  Nested Loop  (cost=5.61..73201.80 rows=30 width=68) (actual time=36.600..82.035 rows=30 loops=1)
                                Join Filter: (t.id = mi.movie_id)
                                ->  Nested Loop  (cost=5.18..72556.59 rows=15 width=84) (actual time=36.574..80.641 rows=15 loops=1)
                                      ->  Nested Loop  (cost=4.75..72522.01 rows=15 width=65) (actual time=36.563..80.601 rows=15 loops=1)
                                            ->  Nested Loop  (cost=4.33..72388.35 rows=66 width=69) (actual time=36.554..80.444 rows=66 loops=1)
                                                  Join Filter: (t.id = mc.movie_id)
                                                  ->  Nested Loop  (cost=3.90..72373.80 rows=3 width=61) (actual time=36.544..80.404 rows=3 loops=1)
                                                        ->  Nested Loop  (cost=3.48..71719.05 rows=324 width=65) (actual time=36.460..79.736 rows=324 loops=1)
                                                              Join Filter: (t.id = mk.movie_id)
                                                              ->  Nested Loop  (cost=3.05..71708.27 rows=3 width=57) (actual time=36.449..79.621 rows=3 loops=1)
                                                                    ->  Nested Loop  (cost=2.62..71670.90 rows=16 width=45) (actual time=36.439..79.566 rows=16 loops=1)
                                                                          ->  Nested Loop  (cost=2.48..71660.61 rows=66 width=49) (actual time=36.265..79.501 rows=66 loops=1)
                                                                                ->  Nested Loop  (cost=2.06..71549.80 rows=38 width=45) (actual time=36.246..79.337 rows=38 loops=1)
                                                                                      Join Filter: (t.id = ci.movie_id)
                                                                                      ->  Nested Loop  (cost=1.49..71499.69 rows=1 width=29) (actual time=36.229..79.032 rows=1 loops=1)
                                                                                            ->  Hash Join  (cost=1.06..3488.66 rows=24592 width=8) (actual time=0.027..22.171 rows=24592 loops=1)
                                                                                                  Hash Cond: (cc.status_id = cct2.id)
                                                                                                  ->  Seq Scan on complete_cast cc  (cost=0.00..2081.86 rows=135086 width=12) (actual time=0.013..9.137 rows=135086 loops=1)
                                                                                                  ->  Hash  (cost=1.05..1.05 rows=1 width=4) (actual time=0.007..0.007 rows=1 loops=1)
                                                                                                        Buckets: 1024  Batches: 1  Memory Usage: 9kB
                                                                                                        ->  Seq Scan on comp_cast_type cct2  (cost=0.00..1.05 rows=1 width=4) (actual time=0.005..0.006 rows=1 loops=1)
                                                                                                              Filter: ((kind)::text = 'complete+verified'::text)
                                                                                                              Rows Removed by Filter: 3
                                                                                            ->  Index Scan using title_pkey on title t  (cost=0.43..2.77 rows=1 width=21) (actual time=0.002..0.002 rows=0 loops=24592)
                                                                                                  Index Cond: (id = cc.movie_id)
                                                                                                  Filter: ((production_year >= 2000) AND (production_year <= 2010) AND (title = 'Shrek 2'::text))
                                                                                                  Rows Removed by Filter: 1
                                                                                      ->  Index Scan using movie_id_cast_info on cast_info ci  (cost=0.56..50.09 rows=1 width=16) (actual time=0.014..0.295 rows=38 loops=1)
                                                                                            Index Cond: (movie_id = cc.movie_id)
                                                                                            Filter: (note = ANY ('{(voice),"(voice) (uncredited)","(voice: English version)"}'::text[]))
                                                                                            Rows Removed by Filter: 191
                                                                                ->  Index Only Scan using person_id_aka_name on aka_name an  (cost=0.42..2.90 rows=2 width=4) (actual time=0.003..0.004 rows=2 loops=38)
                                                                                      Index Cond: (person_id = ci.person_id)
                                                                                      Heap Fetches: 66
                                                                          ->  Index Scan using role_type_pkey on role_type rt  (cost=0.14..0.16 rows=1 width=4) (actual time=0.001..0.001 rows=0 loops=66)
                                                                                Index Cond: (id = ci.role_id)
                                                                                Filter: ((role)::text = 'actress'::text)
                                                                                Rows Removed by Filter: 1
                                                                    ->  Index Scan using char_name_pkey on char_name chn  (cost=0.43..2.22 rows=1 width=20) (actual time=0.003..0.003 rows=0 loops=16)
                                                                          Index Cond: (id = ci.person_role_id)
                                                                          Filter: (name = 'Queen'::text)
                                                                          Rows Removed by Filter: 1
                                                              ->  Index Scan using movie_id_movie_keyword on movie_keyword mk  (cost=0.43..3.03 rows=45 width=8) (actual time=0.006..0.020 rows=108 loops=3)
                                                                    Index Cond: (movie_id = ci.movie_id)
                                                        ->  Index Scan using keyword_pkey on keyword k  (cost=0.42..2.02 rows=1 width=4) (actual time=0.002..0.002 rows=0 loops=324)
                                                              Index Cond: (id = mk.keyword_id)
                                                              Filter: (keyword = 'computer-animation'::text)
                                                              Rows Removed by Filter: 1
                                                  ->  Index Scan using movie_id_movie_companies on movie_companies mc  (cost=0.43..4.79 rows=5 width=8) (actual time=0.004..0.008 rows=22 loops=3)
                                                        Index Cond: (movie_id = mk.movie_id)
                                            ->  Index Scan using company_name_pkey on company_name cn  (cost=0.42..2.03 rows=1 width=4) (actual time=0.002..0.002 rows=0 loops=66)
                                                  Index Cond: (id = mc.company_id)
                                                  Filter: ((country_code)::text = '[us]'::text)
                                                  Rows Removed by Filter: 1
                                      ->  Index Scan using name_pkey on name n  (cost=0.43..2.31 rows=1 width=19) (actual time=0.002..0.002 rows=1 loops=15)
                                            Index Cond: (id = ci.person_id)
                                            Filter: ((name ~~ '%An%'::text) AND ((gender)::text = 'f'::text))
                                ->  Index Scan using movie_id_movie_info on movie_info mi  (cost=0.43..43.00 rows=1 width=8) (actual time=0.011..0.092 rows=2 loops=15)
                                      Index Cond: (movie_id = mk.movie_id)
                                      Filter: ((info IS NOT NULL) AND ((info ~~ 'Japan:%200%'::text) OR (info ~~ 'USA:%200%'::text)))
                                      Rows Removed by Filter: 455
                          ->  Index Scan using info_type_pkey on info_type it  (cost=0.14..0.16 rows=1 width=4) (actual time=0.001..0.001 rows=1 loops=30)
                                Index Cond: (id = mi.info_type_id)
                                Filter: ((info)::text = 'release dates'::text)
                    ->  Index Scan using comp_cast_type_pkey on comp_cast_type cct1  (cost=0.13..0.15 rows=1 width=4) (actual time=0.001..0.001 rows=1 loops=30)
                          Index Cond: (id = cc.subject_id)
                          Filter: ((kind)::text = 'cast'::text)
              ->  Index Scan using person_id_person_info on person_info pi  (cost=0.43..19.40 rows=25 width=8) (actual time=0.002..0.025 rows=163 loops=30)
                    Index Cond: (person_id = an.person_id)
        ->  Index Scan using info_type_pkey on info_type it3  (cost=0.14..0.16 rows=1 width=4) (actual time=0.001..0.001 rows=0 loops=4890)
              Index Cond: (id = pi.info_type_id)
              Filter: ((info)::text = 'trivia'::text)
              Rows Removed by Filter: 1
Planning time: 76.222 ms
Execution time: 88.103 ms
