Aggregate  (cost=72135.02..72135.03 rows=1 width=96) (actual time=405.134..405.134 rows=1 loops=1)
  ->  Nested Loop  (cost=6.46..72135.01 rows=1 width=48) (actual time=36.123..404.669 rows=1620 loops=1)
        ->  Nested Loop  (cost=6.04..72123.34 rows=5 width=52) (actual time=36.049..145.050 rows=174960 loops=1)
              Join Filter: (t.id = mk.movie_id)
              ->  Nested Loop  (cost=5.61..72112.74 rows=3 width=68) (actual time=36.037..95.331 rows=1620 loops=1)
                    ->  Nested Loop  (cost=5.19..72094.51 rows=9 width=72) (actual time=36.027..83.435 rows=7128 loops=1)
                          Join Filter: (t.id = mc.movie_id)
                          ->  Nested Loop  (cost=4.76..72050.38 rows=9 width=64) (actual time=36.019..80.681 rows=324 loops=1)
                                ->  Nested Loop  (cost=4.62..71891.36 rows=978 width=68) (actual time=36.008..79.763 rows=978 loops=1)
                                      Join Filter: (n.id = pi.person_id)
                                      ->  Nested Loop  (cost=4.19..71773.07 rows=6 width=76) (actual time=35.997..79.372 rows=6 loops=1)
                                            ->  Nested Loop  (cost=4.04..71772.07 rows=6 width=80) (actual time=35.991..79.358 rows=6 loops=1)
                                                  Join Filter: (t.id = mi.movie_id)
                                                  ->  Nested Loop  (cost=3.61..71641.95 rows=3 width=72) (actual time=35.966..78.972 rows=3 loops=1)
                                                        ->  Nested Loop  (cost=3.48..71641.49 rows=3 width=76) (actual time=35.959..78.958 rows=3 loops=1)
                                                              Join Filter: (n.id = an.person_id)
                                                              ->  Nested Loop  (cost=3.05..71638.56 rows=1 width=72) (actual time=35.948..78.940 rows=1 loops=1)
                                                                    ->  Nested Loop  (cost=2.62..71636.26 rows=1 width=53) (actual time=35.937..78.928 rows=1 loops=1)
                                                                          ->  Nested Loop  (cost=2.49..71636.08 rows=1 width=57) (actual time=35.931..78.922 rows=1 loops=1)
                                                                                ->  Nested Loop  (cost=2.06..71549.80 rows=38 width=45) (actual time=35.788..78.746 rows=38 loops=1)
                                                                                      Join Filter: (t.id = ci.movie_id)
                                                                                      ->  Nested Loop  (cost=1.49..71499.69 rows=1 width=29) (actual time=35.772..78.444 rows=1 loops=1)
                                                                                            ->  Hash Join  (cost=1.06..3488.66 rows=24592 width=8) (actual time=0.025..22.163 rows=24592 loops=1)
                                                                                                  Hash Cond: (cc.status_id = cct2.id)
                                                                                                  ->  Seq Scan on complete_cast cc  (cost=0.00..2081.86 rows=135086 width=12) (actual time=0.011..9.148 rows=135086 loops=1)
                                                                                                  ->  Hash  (cost=1.05..1.05 rows=1 width=4) (actual time=0.007..0.007 rows=1 loops=1)
                                                                                                        Buckets: 1024  Batches: 1  Memory Usage: 9kB
                                                                                                        ->  Seq Scan on comp_cast_type cct2  (cost=0.00..1.05 rows=1 width=4) (actual time=0.005..0.005 rows=1 loops=1)
                                                                                                              Filter: ((kind)::text = 'complete+verified'::text)
                                                                                                              Rows Removed by Filter: 3
                                                                                            ->  Index Scan using title_pkey on title t  (cost=0.43..2.77 rows=1 width=21) (actual time=0.002..0.002 rows=0 loops=24592)
                                                                                                  Index Cond: (id = cc.movie_id)
                                                                                                  Filter: ((production_year >= 2000) AND (production_year <= 2010) AND (title = 'Shrek 2'::text))
                                                                                                  Rows Removed by Filter: 1
                                                                                      ->  Index Scan using movie_id_cast_info on cast_info ci  (cost=0.56..50.09 rows=1 width=16) (actual time=0.013..0.293 rows=38 loops=1)
                                                                                            Index Cond: (movie_id = cc.movie_id)
                                                                                            Filter: (note = ANY ('{(voice),"(voice) (uncredited)","(voice: English version)"}'::text[]))
                                                                                            Rows Removed by Filter: 191
                                                                                ->  Index Scan using char_name_pkey on char_name chn  (cost=0.43..2.22 rows=1 width=20) (actual time=0.004..0.004 rows=0 loops=38)
                                                                                      Index Cond: (id = ci.person_role_id)
                                                                                      Filter: (name = 'Queen'::text)
                                                                                      Rows Removed by Filter: 1
                                                                          ->  Index Scan using role_type_pkey on role_type rt  (cost=0.14..0.16 rows=1 width=4) (actual time=0.004..0.004 rows=1 loops=1)
                                                                                Index Cond: (id = ci.role_id)
                                                                                Filter: ((role)::text = 'actress'::text)
                                                                    ->  Index Scan using name_pkey on name n  (cost=0.43..2.31 rows=1 width=19) (actual time=0.010..0.010 rows=1 loops=1)
                                                                          Index Cond: (id = ci.person_id)
                                                                          Filter: ((name ~~ '%An%'::text) AND ((gender)::text = 'f'::text))
                                                              ->  Index Only Scan using person_id_aka_name on aka_name an  (cost=0.42..2.90 rows=2 width=4) (actual time=0.009..0.014 rows=3 loops=1)
                                                                    Index Cond: (person_id = ci.person_id)
                                                                    Heap Fetches: 3
                                                        ->  Index Scan using comp_cast_type_pkey on comp_cast_type cct1  (cost=0.13..0.15 rows=1 width=4) (actual time=0.003..0.003 rows=1 loops=3)
                                                              Index Cond: (id = cc.subject_id)
                                                              Filter: ((kind)::text = 'cast'::text)
                                                  ->  Index Scan using movie_id_movie_info on movie_info mi  (cost=0.43..43.36 rows=1 width=8) (actual time=0.018..0.126 rows=2 loops=3)
                                                        Index Cond: (movie_id = ci.movie_id)
                                                        Filter: ((info IS NOT NULL) AND ((info ~~ 'Japan:%200%'::text) OR (info ~~ 'USA:%200%'::text)))
                                                        Rows Removed by Filter: 455
                                            ->  Index Scan using info_type_pkey on info_type it  (cost=0.14..0.16 rows=1 width=4) (actual time=0.001..0.001 rows=1 loops=6)
                                                  Index Cond: (id = mi.info_type_id)
                                                  Filter: ((info)::text = 'release dates'::text)
                                      ->  Index Scan using person_id_person_info on person_info pi  (cost=0.43..19.40 rows=25 width=8) (actual time=0.004..0.036 rows=163 loops=6)
                                            Index Cond: (person_id = an.person_id)
                                ->  Index Scan using info_type_pkey on info_type it3  (cost=0.14..0.16 rows=1 width=4) (actual time=0.001..0.001 rows=0 loops=978)
                                      Index Cond: (id = pi.info_type_id)
                                      Filter: ((info)::text = 'trivia'::text)
                                      Rows Removed by Filter: 1
                          ->  Index Scan using movie_id_movie_companies on movie_companies mc  (cost=0.43..4.84 rows=5 width=8) (actual time=0.002..0.005 rows=22 loops=324)
                                Index Cond: (movie_id = ci.movie_id)
                    ->  Index Scan using company_name_pkey on company_name cn  (cost=0.42..2.03 rows=1 width=4) (actual time=0.001..0.001 rows=0 loops=7128)
                          Index Cond: (id = mc.company_id)
                          Filter: ((country_code)::text = '[us]'::text)
                          Rows Removed by Filter: 1
              ->  Index Scan using movie_id_movie_keyword on movie_keyword mk  (cost=0.43..2.97 rows=45 width=8) (actual time=0.003..0.015 rows=108 loops=1620)
                    Index Cond: (movie_id = mc.movie_id)
        ->  Index Scan using keyword_pkey on keyword k  (cost=0.42..2.02 rows=1 width=4) (actual time=0.001..0.001 rows=0 loops=174960)
              Index Cond: (id = mk.keyword_id)
              Filter: (keyword = 'computer-animation'::text)
              Rows Removed by Filter: 1
Planning time: 75.911 ms
Execution time: 405.289 ms
