Aggregate  (cost=78301.36..78301.37 rows=1 width=96) (actual time=837.564..837.564 rows=1 loops=1)
  ->  Nested Loop  (cost=5.52..78301.35 rows=1 width=48) (actual time=109.002..837.550 rows=15 loops=1)
        ->  Nested Loop  (cost=5.37..78301.17 rows=1 width=52) (actual time=108.699..835.275 rows=2445 loops=1)
              ->  Nested Loop  (cost=4.95..78297.55 rows=1 width=56) (actual time=14.467..482.970 rows=264060 loops=1)
                    Join Filter: (n.id = pi.person_id)
                    ->  Nested Loop  (cost=4.52..78277.84 rows=1 width=64) (actual time=14.457..403.026 rows=1620 loops=1)
                          ->  Nested Loop  (cost=4.38..78277.66 rows=1 width=68) (actual time=14.451..401.272 rows=1620 loops=1)
                                Join Filter: (t.id = mi.movie_id)
                                ->  Nested Loop  (cost=3.95..78234.75 rows=1 width=84) (actual time=14.425..276.923 rows=1620 loops=1)
                                      ->  Nested Loop  (cost=3.52..78232.44 rows=1 width=65) (actual time=14.413..273.869 rows=1620 loops=1)
                                            ->  Nested Loop  (cost=3.10..78230.42 rows=1 width=69) (actual time=14.403..262.087 rows=7128 loops=1)
                                                  Join Filter: (t.id = mc.movie_id)
                                                  ->  Nested Loop  (cost=2.67..78225.57 rows=1 width=61) (actual time=14.392..259.169 rows=324 loops=1)
                                                        ->  Nested Loop  (cost=2.54..78225.25 rows=2 width=65) (actual time=14.388..258.810 rows=324 loops=1)
                                                              ->  Nested Loop  (cost=2.11..78222.33 rows=1 width=61) (actual time=14.376..258.441 rows=108 loops=1)
                                                                    ->  Nested Loop  (cost=1.98..78222.01 rows=2 width=65) (actual time=14.371..258.316 rows=108 loops=1)
                                                                          Join Filter: (t.id = mk.movie_id)
                                                                          ->  Nested Loop  (cost=1.55..78218.42 rows=1 width=57) (actual time=14.359..258.256 rows=1 loops=1)
                                                                                ->  Nested Loop  (cost=1.41..78218.24 rows=1 width=61) (actual time=14.352..258.249 rows=1 loops=1)
                                                                                      Join Filter: (t.id = cc.movie_id)
                                                                                      ->  Nested Loop  (cost=0.99..78215.44 rows=1 width=49) (actual time=14.343..258.238 rows=1 loops=1)
                                                                                            ->  Nested Loop  (cost=0.56..78212.05 rows=1 width=28) (actual time=14.274..257.890 rows=76 loops=1)
                                                                                                  ->  Seq Scan on char_name chn  (cost=0.00..75702.24 rows=1 width=20) (actual time=14.235..257.366 rows=1 loops=1)
                                                                                                        Filter: (name = 'Queen'::text)
                                                                                                        Rows Removed by Filter: 3140338
                                                                                                  ->  Index Scan using person_role_id_cast_info on cast_info ci  (cost=0.56..2509.62 rows=19 width=16) (actual time=0.035..0.509 rows=76 loops=1)
                                                                                                        Index Cond: (person_role_id = chn.id)
                                                                                                        Filter: (note = ANY ('{(voice),"(voice) (uncredited)","(voice: English version)"}'::text[]))
                                                                                                        Rows Removed by Filter: 437
                                                                                            ->  Index Scan using title_pkey on title t  (cost=0.43..2.21 rows=1 width=21) (actual time=0.004..0.004 rows=0 loops=76)
                                                                                                  Index Cond: (id = ci.movie_id)
                                                                                                  Filter: ((production_year >= 2000) AND (production_year <= 2005) AND (title = 'Shrek 2'::text))
                                                                                                  Rows Removed by Filter: 1
                                                                                      ->  Index Scan using movie_id_complete_cast on complete_cast cc  (cost=0.42..2.78 rows=2 width=12) (actual time=0.007..0.008 rows=1 loops=1)
                                                                                            Index Cond: (movie_id = ci.movie_id)
                                                                                ->  Index Scan using role_type_pkey on role_type rt  (cost=0.14..0.16 rows=1 width=4) (actual time=0.005..0.005 rows=1 loops=1)
                                                                                      Index Cond: (id = ci.role_id)
                                                                                      Filter: ((role)::text = 'actress'::text)
                                                                          ->  Index Scan using movie_id_movie_keyword on movie_keyword mk  (cost=0.43..3.03 rows=45 width=8) (actual time=0.010..0.030 rows=108 loops=1)
                                                                                Index Cond: (movie_id = ci.movie_id)
                                                                    ->  Index Scan using comp_cast_type_pkey on comp_cast_type cct2  (cost=0.13..0.15 rows=1 width=4) (actual time=0.001..0.001 rows=1 loops=108)
                                                                          Index Cond: (id = cc.status_id)
                                                                          Filter: ((kind)::text = 'complete+verified'::text)
                                                              ->  Index Only Scan using person_id_aka_name on aka_name an  (cost=0.42..2.90 rows=2 width=4) (actual time=0.002..0.003 rows=3 loops=108)
                                                                    Index Cond: (person_id = ci.person_id)
                                                                    Heap Fetches: 324
                                                        ->  Index Scan using comp_cast_type_pkey on comp_cast_type cct1  (cost=0.13..0.15 rows=1 width=4) (actual time=0.001..0.001 rows=1 loops=324)
                                                              Index Cond: (id = cc.subject_id)
                                                              Filter: ((kind)::text = 'cast'::text)
                                                  ->  Index Scan using movie_id_movie_companies on movie_companies mc  (cost=0.43..4.79 rows=5 width=8) (actual time=0.002..0.005 rows=22 loops=324)
                                                        Index Cond: (movie_id = mk.movie_id)
                                            ->  Index Scan using company_name_pkey on company_name cn  (cost=0.42..2.03 rows=1 width=4) (actual time=0.001..0.001 rows=0 loops=7128)
                                                  Index Cond: (id = mc.company_id)
                                                  Filter: ((country_code)::text = '[us]'::text)
                                                  Rows Removed by Filter: 1
                                      ->  Index Scan using name_pkey on name n  (cost=0.43..2.31 rows=1 width=19) (actual time=0.002..0.002 rows=1 loops=1620)
                                            Index Cond: (id = ci.person_id)
                                            Filter: ((name ~~ '%An%'::text) AND ((gender)::text = 'f'::text))
                                ->  Index Scan using movie_id_movie_info on movie_info mi  (cost=0.43..42.90 rows=1 width=8) (actual time=0.009..0.076 rows=1 loops=1620)
                                      Index Cond: (movie_id = mk.movie_id)
                                      Filter: (info ~~ 'USA:%200%'::text)
                                      Rows Removed by Filter: 456
                          ->  Index Scan using info_type_pkey on info_type it  (cost=0.14..0.16 rows=1 width=4) (actual time=0.001..0.001 rows=1 loops=1620)
                                Index Cond: (id = mi.info_type_id)
                                Filter: ((info)::text = 'release dates'::text)
                    ->  Index Scan using person_id_person_info on person_info pi  (cost=0.43..19.40 rows=25 width=8) (actual time=0.001..0.024 rows=163 loops=1620)
                          Index Cond: (person_id = an.person_id)
              ->  Index Scan using keyword_pkey on keyword k  (cost=0.42..2.02 rows=1 width=4) (actual time=0.001..0.001 rows=0 loops=264060)
                    Index Cond: (id = mk.keyword_id)
                    Filter: (keyword = 'computer-animation'::text)
                    Rows Removed by Filter: 1
        ->  Index Scan using info_type_pkey on info_type it3  (cost=0.14..0.16 rows=1 width=4) (actual time=0.001..0.001 rows=0 loops=2445)
              Index Cond: (id = pi.info_type_id)
              Filter: ((info)::text = 'height'::text)
              Rows Removed by Filter: 1
Planning time: 75.672 ms
Execution time: 837.717 ms
