Aggregate  (cost=59312.59..59312.60 rows=1 width=96) (actual time=91.348..91.348 rows=1 loops=1)
  ->  Hash Join  (cost=2635.39..59312.48 rows=15 width=48) (actual time=55.577..91.332 rows=15 loops=1)
        Hash Cond: (pi.info_type_id = it3.id)
        ->  Nested Loop  (cost=2632.97..59279.38 rows=2445 width=52) (actual time=55.485..91.126 rows=2445 loops=1)
              Join Filter: (n.id = pi.person_id)
              ->  Hash Join  (cost=2632.54..58983.66 rows=15 width=60) (actual time=55.471..90.327 rows=15 loops=1)
                    Hash Cond: (mk.keyword_id = k.id)
                    ->  Nested Loop  (cost=6.40..56337.07 rows=1620 width=64) (actual time=46.248..80.985 rows=1620 loops=1)
                          Join Filter: (t.id = mk.movie_id)
                          ->  Nested Loop  (cost=5.97..56284.08 rows=15 width=80) (actual time=46.237..80.467 rows=15 loops=1)
                                ->  Nested Loop  (cost=5.82..56281.63 rows=15 width=84) (actual time=46.231..80.437 rows=15 loops=1)
                                      Join Filter: (t.id = mi.movie_id)
                                      ->  Nested Loop  (cost=5.39..55637.09 rows=15 width=76) (actual time=46.207..79.113 rows=15 loops=1)
                                            Join Filter: (n.id = an.person_id)
                                            ->  Nested Loop  (cost=4.96..55622.48 rows=5 width=72) (actual time=46.194..79.071 rows=5 loops=1)
                                                  ->  Nested Loop  (cost=4.54..55577.93 rows=22 width=76) (actual time=46.186..78.976 rows=22 loops=1)
                                                        ->  Nested Loop  (cost=4.12..55527.21 rows=22 width=57) (actual time=46.175..78.910 rows=22 loops=1)
                                                              ->  Nested Loop  (cost=3.69..54987.33 rows=242 width=45) (actual time=46.165..78.391 rows=242 loops=1)
                                                                    ->  Nested Loop  (cost=3.55..54857.04 rows=836 width=49) (actual time=46.111..77.631 rows=836 loops=1)
                                                                          Join Filter: (t.id = ci.movie_id)
                                                                          ->  Nested Loop  (cost=2.99..53835.72 rows=22 width=33) (actual time=46.097..75.058 rows=22 loops=1)
                                                                                Join Filter: (t.id = mc.movie_id)
                                                                                ->  Nested Loop  (cost=2.56..53830.48 rows=1 width=25) (actual time=46.085..75.032 rows=1 loops=1)
                                                                                      ->  Hash Join  (cost=2.12..4384.05 rows=17879 width=4) (actual time=0.021..34.546 rows=17879 loops=1)
                                                                                            Hash Cond: (cc.status_id = cct2.id)
                                                                                            ->  Hash Join  (cost=1.06..3488.66 rows=85941 width=8) (actual time=0.013..27.112 rows=85941 loops=1)
                                                                                                  Hash Cond: (cc.subject_id = cct1.id)
                                                                                                  ->  Seq Scan on complete_cast cc  (cost=0.00..2081.86 rows=135086 width=12) (actual time=0.006..9.019 rows=135086 loops=1)
                                                                                                  ->  Hash  (cost=1.05..1.05 rows=1 width=4) (actual time=0.003..0.003 rows=1 loops=1)
                                                                                                        Buckets: 1024  Batches: 1  Memory Usage: 9kB
                                                                                                        ->  Seq Scan on comp_cast_type cct1  (cost=0.00..1.05 rows=1 width=4) (actual time=0.002..0.003 rows=1 loops=1)
                                                                                                              Filter: ((kind)::text = 'cast'::text)
                                                                                                              Rows Removed by Filter: 3
                                                                                            ->  Hash  (cost=1.05..1.05 rows=1 width=4) (actual time=0.004..0.004 rows=1 loops=1)
                                                                                                  Buckets: 1024  Batches: 1  Memory Usage: 9kB
                                                                                                  ->  Seq Scan on comp_cast_type cct2  (cost=0.00..1.05 rows=1 width=4) (actual time=0.004..0.004 rows=1 loops=1)
                                                                                                        Filter: ((kind)::text = 'complete+verified'::text)
                                                                                                        Rows Removed by Filter: 3
                                                                                      ->  Index Scan using title_pkey on title t  (cost=0.43..2.77 rows=1 width=21) (actual time=0.002..0.002 rows=0 loops=17879)
                                                                                            Index Cond: (id = cc.movie_id)
                                                                                            Filter: ((production_year >= 2000) AND (production_year <= 2005) AND (title = 'Shrek 2'::text))
                                                                                            Rows Removed by Filter: 1
                                                                                ->  Index Scan using movie_id_movie_companies on movie_companies mc  (cost=0.43..5.18 rows=5 width=8) (actual time=0.009..0.018 rows=22 loops=1)
                                                                                      Index Cond: (movie_id = cc.movie_id)
                                                                          ->  Index Scan using movie_id_cast_info on cast_info ci  (cost=0.56..46.41 rows=1 width=16) (actual time=0.003..0.111 rows=38 loops=22)
                                                                                Index Cond: (movie_id = mc.movie_id)
                                                                                Filter: (note = ANY ('{(voice),"(voice) (uncredited)","(voice: English version)"}'::text[]))
                                                                                Rows Removed by Filter: 191
                                                                    ->  Index Scan using role_type_pkey on role_type rt  (cost=0.14..0.16 rows=1 width=4) (actual time=0.001..0.001 rows=0 loops=836)
                                                                          Index Cond: (id = ci.role_id)
                                                                          Filter: ((role)::text = 'actress'::text)
                                                                          Rows Removed by Filter: 1
                                                              ->  Index Scan using char_name_pkey on char_name chn  (cost=0.43..2.22 rows=1 width=20) (actual time=0.002..0.002 rows=0 loops=242)
                                                                    Index Cond: (id = ci.person_role_id)
                                                                    Filter: (name = 'Queen'::text)
                                                                    Rows Removed by Filter: 1
                                                        ->  Index Scan using name_pkey on name n  (cost=0.43..2.31 rows=1 width=19) (actual time=0.002..0.002 rows=1 loops=22)
                                                              Index Cond: (id = ci.person_id)
                                                              Filter: ((name ~~ '%An%'::text) AND ((gender)::text = 'f'::text))
                                                  ->  Index Scan using company_name_pkey on company_name cn  (cost=0.42..2.03 rows=1 width=4) (actual time=0.004..0.004 rows=0 loops=22)
                                                        Index Cond: (id = mc.company_id)
                                                        Filter: ((country_code)::text = '[us]'::text)
                                                        Rows Removed by Filter: 1
                                            ->  Index Only Scan using person_id_aka_name on aka_name an  (cost=0.42..2.90 rows=2 width=4) (actual time=0.005..0.007 rows=3 loops=5)
                                                  Index Cond: (person_id = ci.person_id)
                                                  Heap Fetches: 15
                                      ->  Index Scan using movie_id_movie_info on movie_info mi  (cost=0.43..42.96 rows=1 width=8) (actual time=0.011..0.088 rows=1 loops=15)
                                            Index Cond: (movie_id = mc.movie_id)
                                            Filter: (info ~~ 'USA:%200%'::text)
                                            Rows Removed by Filter: 456
                                ->  Index Scan using info_type_pkey on info_type it  (cost=0.14..0.16 rows=1 width=4) (actual time=0.001..0.001 rows=1 loops=15)
                                      Index Cond: (id = mi.info_type_id)
                                      Filter: ((info)::text = 'release dates'::text)
                          ->  Index Scan using movie_id_movie_keyword on movie_keyword mk  (cost=0.43..2.97 rows=45 width=8) (actual time=0.004..0.018 rows=108 loops=15)
                                Index Cond: (movie_id = mc.movie_id)
                    ->  Hash  (cost=2626.12..2626.12 rows=1 width=4) (actual time=9.201..9.201 rows=1 loops=1)
                          Buckets: 1024  Batches: 1  Memory Usage: 9kB
                          ->  Seq Scan on keyword k  (cost=0.00..2626.12 rows=1 width=4) (actual time=0.031..9.200 rows=1 loops=1)
                                Filter: (keyword = 'computer-animation'::text)
                                Rows Removed by Filter: 134169
              ->  Index Scan using person_id_person_info on person_info pi  (cost=0.43..19.40 rows=25 width=8) (actual time=0.002..0.028 rows=163 loops=15)
                    Index Cond: (person_id = an.person_id)
        ->  Hash  (cost=2.41..2.41 rows=1 width=4) (actual time=0.021..0.021 rows=1 loops=1)
              Buckets: 1024  Batches: 1  Memory Usage: 9kB
              ->  Seq Scan on info_type it3  (cost=0.00..2.41 rows=1 width=4) (actual time=0.013..0.019 rows=1 loops=1)
                    Filter: ((info)::text = 'height'::text)
                    Rows Removed by Filter: 112
Planning time: 75.786 ms
Execution time: 91.502 ms
