Aggregate  (cost=68091.25..68091.26 rows=1 width=96) (actual time=104.961..104.962 rows=1 loops=1)
  ->  Nested Loop  (cost=7.39..68091.24 rows=1 width=48) (actual time=51.316..104.947 rows=15 loops=1)
        ->  Nested Loop  (cost=6.97..68089.22 rows=1 width=52) (actual time=51.307..104.791 rows=66 loops=1)
              Join Filter: (t.id = mc.movie_id)
              ->  Nested Loop  (cost=6.54..68084.37 rows=1 width=68) (actual time=51.298..104.753 rows=3 loops=1)
                    ->  Nested Loop  (cost=6.40..68084.18 rows=1 width=72) (actual time=51.138..104.310 rows=489 loops=1)
                          Join Filter: (n.id = pi.person_id)
                          ->  Nested Loop  (cost=5.97..68064.47 rows=1 width=80) (actual time=51.128..104.110 rows=3 loops=1)
                                ->  Nested Loop  (cost=5.83..68063.96 rows=3 width=84) (actual time=51.122..104.101 rows=3 loops=1)
                                      ->  Nested Loop  (cost=5.41..67409.22 rows=324 width=88) (actual time=46.114..103.368 rows=324 loops=1)
                                            Join Filter: (n.id = an.person_id)
                                            ->  Nested Loop  (cost=4.98..67093.73 rows=108 width=84) (actual time=46.100..102.992 rows=108 loops=1)
                                                  ->  Nested Loop  (cost=4.55..66851.80 rows=108 width=72) (actual time=46.090..102.753 rows=108 loops=1)
                                                        ->  Nested Loop  (cost=4.12..64112.84 rows=1188 width=53) (actual time=46.080..100.260 rows=1188 loops=1)
                                                              ->  Nested Loop  (cost=3.99..63473.24 rows=4104 width=57) (actual time=46.012..96.564 rows=4104 loops=1)
                                                                    Join Filter: (t.id = ci.movie_id)
                                                                    ->  Nested Loop  (cost=3.42..58468.69 rows=108 width=41) (actual time=45.999..84.278 rows=108 loops=1)
                                                                          Join Filter: (t.id = mi.movie_id)
                                                                          ->  Nested Loop  (cost=2.99..53834.54 rows=108 width=33) (actual time=45.976..75.234 rows=108 loops=1)
                                                                                Join Filter: (t.id = mk.movie_id)
                                                                                ->  Nested Loop  (cost=2.56..53830.48 rows=1 width=25) (actual time=45.962..75.173 rows=1 loops=1)
                                                                                      ->  Hash Join  (cost=2.12..4384.05 rows=17879 width=4) (actual time=0.029..34.580 rows=17879 loops=1)
                                                                                            Hash Cond: (cc.status_id = cct2.id)
                                                                                            ->  Hash Join  (cost=1.06..3488.66 rows=85941 width=8) (actual time=0.012..27.390 rows=85941 loops=1)
                                                                                                  Hash Cond: (cc.subject_id = cct1.id)
                                                                                                  ->  Seq Scan on complete_cast cc  (cost=0.00..2081.86 rows=135086 width=12) (actual time=0.006..8.999 rows=135086 loops=1)
                                                                                                  ->  Hash  (cost=1.05..1.05 rows=1 width=4) (actual time=0.002..0.002 rows=1 loops=1)
                                                                                                        Buckets: 1024  Batches: 1  Memory Usage: 9kB
                                                                                                        ->  Seq Scan on comp_cast_type cct1  (cost=0.00..1.05 rows=1 width=4) (actual time=0.001..0.002 rows=1 loops=1)
                                                                                                              Filter: ((kind)::text = 'cast'::text)
                                                                                                              Rows Removed by Filter: 3
                                                                                            ->  Hash  (cost=1.05..1.05 rows=1 width=4) (actual time=0.012..0.012 rows=1 loops=1)
                                                                                                  Buckets: 1024  Batches: 1  Memory Usage: 9kB
                                                                                                  ->  Seq Scan on comp_cast_type cct2  (cost=0.00..1.05 rows=1 width=4) (actual time=0.009..0.010 rows=1 loops=1)
                                                                                                        Filter: ((kind)::text = 'complete+verified'::text)
                                                                                                        Rows Removed by Filter: 3
                                                                                      ->  Index Scan using title_pkey on title t  (cost=0.43..2.77 rows=1 width=21) (actual time=0.002..0.002 rows=0 loops=17879)
                                                                                            Index Cond: (id = cc.movie_id)
                                                                                            Filter: ((production_year >= 2000) AND (production_year <= 2005) AND (title = 'Shrek 2'::text))
                                                                                            Rows Removed by Filter: 1
                                                                                ->  Index Scan using movie_id_movie_keyword on movie_keyword mk  (cost=0.43..3.50 rows=45 width=8) (actual time=0.011..0.035 rows=108 loops=1)
                                                                                      Index Cond: (movie_id = cc.movie_id)
                                                                          ->  Index Scan using movie_id_movie_info on movie_info mi  (cost=0.43..42.90 rows=1 width=8) (actual time=0.009..0.083 rows=1 loops=108)
                                                                                Index Cond: (movie_id = mk.movie_id)
                                                                                Filter: (info ~~ 'USA:%200%'::text)
                                                                                Rows Removed by Filter: 456
                                                                    ->  Index Scan using movie_id_cast_info on cast_info ci  (cost=0.56..46.33 rows=1 width=16) (actual time=0.003..0.107 rows=38 loops=108)
                                                                          Index Cond: (movie_id = mk.movie_id)
                                                                          Filter: (note = ANY ('{(voice),"(voice) (uncredited)","(voice: English version)"}'::text[]))
                                                                          Rows Removed by Filter: 191
                                                              ->  Index Scan using role_type_pkey on role_type rt  (cost=0.14..0.16 rows=1 width=4) (actual time=0.001..0.001 rows=0 loops=4104)
                                                                    Index Cond: (id = ci.role_id)
                                                                    Filter: ((role)::text = 'actress'::text)
                                                                    Rows Removed by Filter: 1
                                                        ->  Index Scan using name_pkey on name n  (cost=0.43..2.31 rows=1 width=19) (actual time=0.002..0.002 rows=0 loops=1188)
                                                              Index Cond: (id = ci.person_id)
                                                              Filter: ((name ~~ '%An%'::text) AND ((gender)::text = 'f'::text))
                                                              Rows Removed by Filter: 1
                                                  ->  Index Scan using char_name_pkey on char_name chn  (cost=0.43..2.22 rows=1 width=20) (actual time=0.002..0.002 rows=1 loops=108)
                                                        Index Cond: (id = ci.person_role_id)
                                                        Filter: (name = 'Queen'::text)
                                            ->  Index Only Scan using person_id_aka_name on aka_name an  (cost=0.42..2.90 rows=2 width=4) (actual time=0.002..0.003 rows=3 loops=108)
                                                  Index Cond: (person_id = ci.person_id)
                                                  Heap Fetches: 324
                                      ->  Index Scan using keyword_pkey on keyword k  (cost=0.42..2.02 rows=1 width=4) (actual time=0.002..0.002 rows=0 loops=324)
                                            Index Cond: (id = mk.keyword_id)
                                            Filter: (keyword = 'computer-animation'::text)
                                            Rows Removed by Filter: 1
                                ->  Index Scan using info_type_pkey on info_type it  (cost=0.14..0.16 rows=1 width=4) (actual time=0.002..0.002 rows=1 loops=3)
                                      Index Cond: (id = mi.info_type_id)
                                      Filter: ((info)::text = 'release dates'::text)
                          ->  Index Scan using person_id_person_info on person_info pi  (cost=0.43..19.40 rows=25 width=8) (actual time=0.004..0.039 rows=163 loops=3)
                                Index Cond: (person_id = an.person_id)
                    ->  Index Scan using info_type_pkey on info_type it3  (cost=0.14..0.16 rows=1 width=4) (actual time=0.001..0.001 rows=0 loops=489)
                          Index Cond: (id = pi.info_type_id)
                          Filter: ((info)::text = 'height'::text)
                          Rows Removed by Filter: 1
              ->  Index Scan using movie_id_movie_companies on movie_companies mc  (cost=0.43..4.79 rows=5 width=8) (actual time=0.004..0.008 rows=22 loops=3)
                    Index Cond: (movie_id = mk.movie_id)
        ->  Index Scan using company_name_pkey on company_name cn  (cost=0.42..2.03 rows=1 width=4) (actual time=0.002..0.002 rows=0 loops=66)
              Index Cond: (id = mc.company_id)
              Filter: ((country_code)::text = '[us]'::text)
              Rows Removed by Filter: 1
Planning time: 76.151 ms
Execution time: 105.115 ms
