Aggregate  (cost=27326.96..27326.97 rows=1 width=96) (actual time=67.911..67.911 rows=1 loops=1)
  ->  Nested Loop  (cost=7.39..27326.96 rows=1 width=48) (actual time=39.074..67.898 rows=15 loops=1)
        ->  Nested Loop  (cost=7.25..27326.77 rows=1 width=52) (actual time=39.070..67.879 rows=15 loops=1)
              ->  Nested Loop  (cost=6.83..27324.75 rows=1 width=56) (actual time=39.061..67.722 rows=66 loops=1)
                    Join Filter: (t.id = mc.movie_id)
                    ->  Nested Loop  (cost=6.40..27319.90 rows=1 width=72) (actual time=39.050..67.684 rows=3 loops=1)
                          ->  Nested Loop  (cost=6.26..27319.71 rows=1 width=76) (actual time=38.892..67.235 rows=489 loops=1)
                                Join Filter: (n.id = pi.person_id)
                                ->  Nested Loop  (cost=5.83..27300.00 rows=1 width=84) (actual time=38.882..67.053 rows=3 loops=1)
                                      ->  Nested Loop  (cost=5.69..27299.83 rows=1 width=88) (actual time=38.877..67.045 rows=3 loops=1)
                                            Join Filter: (t.id = mi.movie_id)
                                            ->  Nested Loop  (cost=5.26..27256.92 rows=1 width=80) (actual time=38.853..66.747 rows=3 loops=1)
                                                  Join Filter: (n.id = an.person_id)
                                                  ->  Nested Loop  (cost=4.83..27254.00 rows=1 width=76) (actual time=38.841..66.733 rows=1 loops=1)
                                                        ->  Nested Loop  (cost=4.40..27250.00 rows=1 width=64) (actual time=38.832..66.723 rows=1 loops=1)
                                                              ->  Nested Loop  (cost=3.97..27247.71 rows=1 width=45) (actual time=38.704..66.580 rows=38 loops=1)
                                                                    Join Filter: (t.id = ci.movie_id)
                                                                    ->  Nested Loop  (cost=3.41..27201.37 rows=1 width=29) (actual time=38.688..66.281 rows=1 loops=1)
                                                                          ->  Nested Loop  (cost=2.99..27195.74 rows=2 width=33) (actual time=38.616..65.976 rows=108 loops=1)
                                                                                Join Filter: (t.id = mk.movie_id)
                                                                                ->  Nested Loop  (cost=2.56..27191.68 rows=1 width=25) (actual time=38.603..65.926 rows=1 loops=1)
                                                                                      ->  Hash Join  (cost=2.12..3841.16 rows=8443 width=4) (actual time=0.030..25.649 rows=17879 loops=1)
                                                                                            Hash Cond: (cc.subject_id = cct1.id)
                                                                                            ->  Hash Join  (cost=1.06..3488.66 rows=33772 width=8) (actual time=0.012..22.464 rows=24592 loops=1)
                                                                                                  Hash Cond: (cc.status_id = cct2.id)
                                                                                                  ->  Seq Scan on complete_cast cc  (cost=0.00..2081.86 rows=135086 width=12) (actual time=0.006..9.283 rows=135086 loops=1)
                                                                                                  ->  Hash  (cost=1.05..1.05 rows=1 width=4) (actual time=0.002..0.002 rows=1 loops=1)
                                                                                                        Buckets: 1024  Batches: 1  Memory Usage: 9kB
                                                                                                        ->  Seq Scan on comp_cast_type cct2  (cost=0.00..1.05 rows=1 width=4) (actual time=0.002..0.002 rows=1 loops=1)
                                                                                                              Filter: ((kind)::text = 'complete+verified'::text)
                                                                                                              Rows Removed by Filter: 3
                                                                                            ->  Hash  (cost=1.05..1.05 rows=1 width=4) (actual time=0.012..0.012 rows=1 loops=1)
                                                                                                  Buckets: 1024  Batches: 1  Memory Usage: 9kB
                                                                                                  ->  Seq Scan on comp_cast_type cct1  (cost=0.00..1.05 rows=1 width=4) (actual time=0.009..0.010 rows=1 loops=1)
                                                                                                        Filter: ((kind)::text = 'cast'::text)
                                                                                                        Rows Removed by Filter: 3
                                                                                      ->  Index Scan using title_pkey on title t  (cost=0.43..2.77 rows=1 width=21) (actual time=0.002..0.002 rows=0 loops=17879)
                                                                                            Index Cond: (id = cc.movie_id)
                                                                                            Filter: ((production_year >= 2000) AND (production_year <= 2005) AND (title = 'Shrek 2'::text))
                                                                                            Rows Removed by Filter: 1
                                                                                ->  Index Scan using movie_id_movie_keyword on movie_keyword mk  (cost=0.43..3.50 rows=45 width=8) (actual time=0.010..0.031 rows=108 loops=1)
                                                                                      Index Cond: (movie_id = cc.movie_id)
                                                                          ->  Index Scan using keyword_pkey on keyword k  (cost=0.42..2.02 rows=1 width=4) (actual time=0.003..0.003 rows=0 loops=108)
                                                                                Index Cond: (id = mk.keyword_id)
                                                                                Filter: (keyword = 'computer-animation'::text)
                                                                                Rows Removed by Filter: 1
                                                                    ->  Index Scan using movie_id_cast_info on cast_info ci  (cost=0.56..46.33 rows=1 width=16) (actual time=0.013..0.290 rows=38 loops=1)
                                                                          Index Cond: (movie_id = mk.movie_id)
                                                                          Filter: (note = ANY ('{(voice),"(voice) (uncredited)","(voice: English version)"}'::text[]))
                                                                          Rows Removed by Filter: 191
                                                              ->  Index Scan using name_pkey on name n  (cost=0.43..2.29 rows=1 width=19) (actual time=0.004..0.004 rows=0 loops=38)
                                                                    Index Cond: (id = ci.person_id)
                                                                    Filter: ((name ~~ '%An%'::text) AND ((gender)::text = 'f'::text))
                                                                    Rows Removed by Filter: 1
                                                        ->  Index Scan using char_name_pkey on char_name chn  (cost=0.43..2.21 rows=1 width=20) (actual time=0.008..0.008 rows=1 loops=1)
                                                              Index Cond: (id = ci.person_role_id)
                                                              Filter: (name = 'Queen'::text)
                                                  ->  Index Only Scan using person_id_aka_name on aka_name an  (cost=0.42..2.89 rows=2 width=4) (actual time=0.009..0.012 rows=3 loops=1)
                                                        Index Cond: (person_id = ci.person_id)
                                                        Heap Fetches: 3
                                            ->  Index Scan using movie_id_movie_info on movie_info mi  (cost=0.43..42.90 rows=1 width=8) (actual time=0.014..0.098 rows=1 loops=3)
                                                  Index Cond: (movie_id = mk.movie_id)
                                                  Filter: (info ~~ 'USA:%200%'::text)
                                                  Rows Removed by Filter: 456
                                      ->  Index Scan using role_type_pkey on role_type rt  (cost=0.14..0.16 rows=1 width=4) (actual time=0.002..0.002 rows=1 loops=3)
                                            Index Cond: (id = ci.role_id)
                                            Filter: ((role)::text = 'actress'::text)
                                ->  Index Scan using person_id_person_info on person_info pi  (cost=0.43..19.40 rows=25 width=8) (actual time=0.004..0.032 rows=163 loops=3)
                                      Index Cond: (person_id = ci.person_id)
                          ->  Index Scan using info_type_pkey on info_type it3  (cost=0.14..0.16 rows=1 width=4) (actual time=0.001..0.001 rows=0 loops=489)
                                Index Cond: (id = pi.info_type_id)
                                Filter: ((info)::text = 'height'::text)
                                Rows Removed by Filter: 1
                    ->  Index Scan using movie_id_movie_companies on movie_companies mc  (cost=0.43..4.79 rows=5 width=8) (actual time=0.004..0.008 rows=22 loops=3)
                          Index Cond: (movie_id = mk.movie_id)
              ->  Index Scan using company_name_pkey on company_name cn  (cost=0.42..2.03 rows=1 width=4) (actual time=0.002..0.002 rows=0 loops=66)
                    Index Cond: (id = mc.company_id)
                    Filter: ((country_code)::text = '[us]'::text)
                    Rows Removed by Filter: 1
        ->  Index Scan using info_type_pkey on info_type it  (cost=0.14..0.16 rows=1 width=4) (actual time=0.001..0.001 rows=1 loops=15)
              Index Cond: (id = mi.info_type_id)
              Filter: ((info)::text = 'release dates'::text)
Planning time: 75.190 ms
Execution time: 68.059 ms
