Aggregate  (cost=71694.53..71694.54 rows=1 width=96) (actual time=83.706..83.707 rows=1 loops=1)
  ->  Nested Loop  (cost=6.46..71694.52 rows=1 width=48) (actual time=36.438..83.693 rows=15 loops=1)
        ->  Nested Loop  (cost=6.04..71688.89 rows=2 width=52) (actual time=36.358..80.986 rows=1620 loops=1)
              Join Filter: (t.id = mk.movie_id)
              ->  Nested Loop  (cost=5.61..71685.36 rows=1 width=68) (actual time=36.337..80.464 rows=15 loops=1)
                    Join Filter: (ci.person_id = n.id)
                    ->  Nested Loop  (cost=5.18..71683.16 rows=1 width=65) (actual time=36.326..80.420 rows=15 loops=1)
                          ->  Nested Loop  (cost=5.03..71682.98 rows=1 width=69) (actual time=36.323..80.399 rows=15 loops=1)
                                Join Filter: (t.id = mi.movie_id)
                                ->  Nested Loop  (cost=4.60..71640.01 rows=1 width=61) (actual time=36.300..79.104 rows=15 loops=1)
                                      ->  Nested Loop  (cost=4.47..71639.84 rows=1 width=65) (actual time=36.295..79.081 rows=15 loops=1)
                                            ->  Nested Loop  (cost=4.05..71637.81 rows=1 width=69) (actual time=36.284..78.903 rows=66 loops=1)
                                                  Join Filter: (t.id = mc.movie_id)
                                                  ->  Nested Loop  (cost=3.62..71632.91 rows=1 width=61) (actual time=36.274..78.862 rows=3 loops=1)
                                                        ->  Nested Loop  (cost=3.48..71624.60 rows=51 width=65) (actual time=36.141..78.423 rows=489 loops=1)
                                                              ->  Nested Loop  (cost=3.05..71585.28 rows=2 width=57) (actual time=36.133..78.251 rows=3 loops=1)
                                                                    ->  Nested Loop  (cost=2.62..71582.36 rows=1 width=53) (actual time=36.121..78.235 rows=1 loops=1)
                                                                          ->  Nested Loop  (cost=2.19..71556.11 rows=11 width=41) (actual time=36.111..78.170 rows=11 loops=1)
                                                                                ->  Nested Loop  (cost=2.06..71550.19 rows=38 width=45) (actual time=36.056..78.131 rows=38 loops=1)
                                                                                      Join Filter: (t.id = ci.movie_id)
                                                                                      ->  Nested Loop  (cost=1.49..71500.08 rows=1 width=29) (actual time=36.041..77.837 rows=1 loops=1)
                                                                                            ->  Hash Join  (cost=1.06..3488.66 rows=24592 width=8) (actual time=0.025..22.130 rows=24592 loops=1)
                                                                                                  Hash Cond: (cc.status_id = cct2.id)
                                                                                                  ->  Seq Scan on complete_cast cc  (cost=0.00..2081.86 rows=135086 width=12) (actual time=0.011..9.155 rows=135086 loops=1)
                                                                                                  ->  Hash  (cost=1.05..1.05 rows=1 width=4) (actual time=0.007..0.007 rows=1 loops=1)
                                                                                                        Buckets: 1024  Batches: 1  Memory Usage: 9kB
                                                                                                        ->  Seq Scan on comp_cast_type cct2  (cost=0.00..1.05 rows=1 width=4) (actual time=0.005..0.006 rows=1 loops=1)
                                                                                                              Filter: ((kind)::text = 'complete+verified'::text)
                                                                                                              Rows Removed by Filter: 3
                                                                                            ->  Index Scan using title_pkey on title t  (cost=0.43..2.77 rows=1 width=21) (actual time=0.002..0.002 rows=0 loops=24592)
                                                                                                  Index Cond: (id = cc.movie_id)
                                                                                                  Filter: ((production_year >= 2000) AND (production_year <= 2005) AND (title = 'Shrek 2'::text))
                                                                                                  Rows Removed by Filter: 1
                                                                                      ->  Index Scan using movie_id_cast_info on cast_info ci  (cost=0.56..50.09 rows=1 width=16) (actual time=0.013..0.284 rows=38 loops=1)
                                                                                            Index Cond: (movie_id = cc.movie_id)
                                                                                            Filter: (note = ANY ('{(voice),"(voice) (uncredited)","(voice: English version)"}'::text[]))
                                                                                            Rows Removed by Filter: 191
                                                                                ->  Index Scan using role_type_pkey on role_type rt  (cost=0.14..0.16 rows=1 width=4) (actual time=0.001..0.001 rows=0 loops=38)
                                                                                      Index Cond: (id = ci.role_id)
                                                                                      Filter: ((role)::text = 'actress'::text)
                                                                                      Rows Removed by Filter: 1
                                                                          ->  Index Scan using char_name_pkey on char_name chn  (cost=0.43..2.22 rows=1 width=20) (actual time=0.006..0.006 rows=0 loops=11)
                                                                                Index Cond: (id = ci.person_role_id)
                                                                                Filter: (name = 'Queen'::text)
                                                                                Rows Removed by Filter: 1
                                                                    ->  Index Only Scan using person_id_aka_name on aka_name an  (cost=0.42..2.90 rows=2 width=4) (actual time=0.009..0.012 rows=3 loops=1)
                                                                          Index Cond: (person_id = ci.person_id)
                                                                          Heap Fetches: 3
                                                              ->  Index Scan using person_id_person_info on person_info pi  (cost=0.43..19.41 rows=25 width=8) (actual time=0.004..0.034 rows=163 loops=3)
                                                                    Index Cond: (person_id = ci.person_id)
                                                        ->  Index Scan using info_type_pkey on info_type it3  (cost=0.14..0.16 rows=1 width=4) (actual time=0.001..0.001 rows=0 loops=489)
                                                              Index Cond: (id = pi.info_type_id)
                                                              Filter: ((info)::text = 'height'::text)
                                                              Rows Removed by Filter: 1
                                                  ->  Index Scan using movie_id_movie_companies on movie_companies mc  (cost=0.43..4.84 rows=5 width=8) (actual time=0.005..0.009 rows=22 loops=3)
                                                        Index Cond: (movie_id = ci.movie_id)
                                            ->  Index Scan using company_name_pkey on company_name cn  (cost=0.42..2.03 rows=1 width=4) (actual time=0.002..0.002 rows=0 loops=66)
                                                  Index Cond: (id = mc.company_id)
                                                  Filter: ((country_code)::text = '[us]'::text)
                                                  Rows Removed by Filter: 1
                                      ->  Index Scan using comp_cast_type_pkey on comp_cast_type cct1  (cost=0.13..0.15 rows=1 width=4) (actual time=0.001..0.001 rows=1 loops=15)
                                            Index Cond: (id = cc.subject_id)
                                            Filter: ((kind)::text = 'cast'::text)
                                ->  Index Scan using movie_id_movie_info on movie_info mi  (cost=0.43..42.96 rows=1 width=8) (actual time=0.010..0.086 rows=1 loops=15)
                                      Index Cond: (movie_id = mc.movie_id)
                                      Filter: (info ~~ 'USA:%200%'::text)
                                      Rows Removed by Filter: 456
                          ->  Index Scan using info_type_pkey on info_type it  (cost=0.14..0.16 rows=1 width=4) (actual time=0.001..0.001 rows=1 loops=15)
                                Index Cond: (id = mi.info_type_id)
                                Filter: ((info)::text = 'release dates'::text)
                    ->  Index Scan using name_pkey on name n  (cost=0.43..2.19 rows=1 width=19) (actual time=0.002..0.002 rows=1 loops=15)
                          Index Cond: (id = pi.person_id)
                          Filter: ((name ~~ '%An%'::text) AND ((gender)::text = 'f'::text))
              ->  Index Scan using movie_id_movie_keyword on movie_keyword mk  (cost=0.43..2.97 rows=45 width=8) (actual time=0.004..0.018 rows=108 loops=15)
                    Index Cond: (movie_id = mc.movie_id)
        ->  Index Scan using keyword_pkey on keyword k  (cost=0.42..2.02 rows=1 width=4) (actual time=0.002..0.002 rows=0 loops=1620)
              Index Cond: (id = mk.keyword_id)
              Filter: (keyword = 'computer-animation'::text)
              Rows Removed by Filter: 1
Planning time: 76.095 ms
Execution time: 83.856 ms
