Aggregate  (cost=71642.89..71642.90 rows=1 width=96) (actual time=101.595..101.595 rows=1 loops=1)
  ->  Nested Loop  (cost=6.46..71642.88 rows=1 width=48) (actual time=38.463..101.582 rows=15 loops=1)
        Join Filter: (ci.person_id = n.id)
        ->  Nested Loop  (cost=6.03..71640.68 rows=1 width=45) (actual time=38.452..101.539 rows=15 loops=1)
              ->  Nested Loop  (cost=5.89..71636.60 rows=25 width=49) (actual time=38.308..99.346 rows=2445 loops=1)
                    ->  Nested Loop  (cost=5.46..71616.94 rows=1 width=41) (actual time=38.299..98.583 rows=15 loops=1)
                          ->  Nested Loop  (cost=5.31..71616.76 rows=1 width=45) (actual time=38.293..98.559 rows=15 loops=1)
                                ->  Nested Loop  (cost=4.88..71612.74 rows=1 width=33) (actual time=38.283..98.371 rows=80 loops=1)
                                      ->  Nested Loop  (cost=4.46..71607.11 rows=2 width=37) (actual time=38.204..84.802 rows=8640 loops=1)
                                            Join Filter: (t.id = mk.movie_id)
                                            ->  Nested Loop  (cost=4.03..71603.58 rows=1 width=53) (actual time=38.191..82.152 rows=80 loops=1)
                                                  ->  Nested Loop  (cost=3.90..71603.25 rows=2 width=57) (actual time=36.438..81.820 rows=330 loops=1)
                                                        ->  Nested Loop  (cost=3.47..71600.33 rows=1 width=53) (actual time=36.252..81.323 rows=190 loops=1)
                                                              ->  Nested Loop  (cost=3.05..71598.31 rows=1 width=57) (actual time=36.244..79.833 rows=836 loops=1)
                                                                    Join Filter: (t.id = mc.movie_id)
                                                                    ->  Nested Loop  (cost=2.62..71593.40 rows=1 width=49) (actual time=36.232..79.472 rows=38 loops=1)
                                                                          Join Filter: (t.id = ci.movie_id)
                                                                          ->  Nested Loop  (cost=2.06..71545.83 rows=1 width=33) (actual time=36.218..79.163 rows=1 loops=1)
                                                                                ->  Nested Loop  (cost=1.93..71545.66 rows=1 width=37) (actual time=36.213..79.158 rows=1 loops=1)
                                                                                      Join Filter: (t.id = mi.movie_id)
                                                                                      ->  Nested Loop  (cost=1.49..71500.08 rows=1 width=29) (actual time=36.188..79.019 rows=1 loops=1)
                                                                                            ->  Hash Join  (cost=1.06..3488.66 rows=24592 width=8) (actual time=0.025..22.383 rows=24592 loops=1)
                                                                                                  Hash Cond: (cc.status_id = cct2.id)
                                                                                                  ->  Seq Scan on complete_cast cc  (cost=0.00..2081.86 rows=135086 width=12) (actual time=0.012..9.260 rows=135086 loops=1)
                                                                                                  ->  Hash  (cost=1.05..1.05 rows=1 width=4) (actual time=0.007..0.007 rows=1 loops=1)
                                                                                                        Buckets: 1024  Batches: 1  Memory Usage: 9kB
                                                                                                        ->  Seq Scan on comp_cast_type cct2  (cost=0.00..1.05 rows=1 width=4) (actual time=0.005..0.006 rows=1 loops=1)
                                                                                                              Filter: ((kind)::text = 'complete+verified'::text)
                                                                                                              Rows Removed by Filter: 3
                                                                                            ->  Index Scan using title_pkey on title t  (cost=0.43..2.77 rows=1 width=21) (actual time=0.002..0.002 rows=0 loops=24592)
                                                                                                  Index Cond: (id = cc.movie_id)
                                                                                                  Filter: ((production_year >= 2000) AND (production_year <= 2005) AND (title = 'Shrek 2'::text))
                                                                                                  Rows Removed by Filter: 1
                                                                                      ->  Index Scan using movie_id_movie_info on movie_info mi  (cost=0.43..45.56 rows=1 width=8) (actual time=0.022..0.135 rows=1 loops=1)
                                                                                            Index Cond: (movie_id = cc.movie_id)
                                                                                            Filter: (info ~~ 'USA:%200%'::text)
                                                                                            Rows Removed by Filter: 456
                                                                                ->  Index Scan using comp_cast_type_pkey on comp_cast_type cct1  (cost=0.13..0.15 rows=1 width=4) (actual time=0.004..0.004 rows=1 loops=1)
                                                                                      Index Cond: (id = cc.subject_id)
                                                                                      Filter: ((kind)::text = 'cast'::text)
                                                                          ->  Index Scan using movie_id_cast_info on cast_info ci  (cost=0.56..47.56 rows=1 width=16) (actual time=0.012..0.298 rows=38 loops=1)
                                                                                Index Cond: (movie_id = mi.movie_id)
                                                                                Filter: (note = ANY ('{(voice),"(voice) (uncredited)","(voice: English version)"}'::text[]))
                                                                                Rows Removed by Filter: 191
                                                                    ->  Index Scan using movie_id_movie_companies on movie_companies mc  (cost=0.43..4.84 rows=5 width=8) (actual time=0.002..0.005 rows=22 loops=38)
                                                                          Index Cond: (movie_id = ci.movie_id)
                                                              ->  Index Scan using company_name_pkey on company_name cn  (cost=0.42..2.03 rows=1 width=4) (actual time=0.002..0.002 rows=0 loops=836)
                                                                    Index Cond: (id = mc.company_id)
                                                                    Filter: ((country_code)::text = '[us]'::text)
                                                                    Rows Removed by Filter: 1
                                                        ->  Index Only Scan using person_id_aka_name on aka_name an  (cost=0.42..2.90 rows=2 width=4) (actual time=0.002..0.002 rows=2 loops=190)
                                                              Index Cond: (person_id = ci.person_id)
                                                              Heap Fetches: 330
                                                  ->  Index Scan using role_type_pkey on role_type rt  (cost=0.14..0.16 rows=1 width=4) (actual time=0.001..0.001 rows=0 loops=330)
                                                        Index Cond: (id = ci.role_id)
                                                        Filter: ((role)::text = 'actress'::text)
                                                        Rows Removed by Filter: 1
                                            ->  Index Scan using movie_id_movie_keyword on movie_keyword mk  (cost=0.43..2.97 rows=45 width=8) (actual time=0.003..0.016 rows=108 loops=80)
                                                  Index Cond: (movie_id = mc.movie_id)
                                      ->  Index Scan using keyword_pkey on keyword k  (cost=0.42..2.02 rows=1 width=4) (actual time=0.001..0.001 rows=0 loops=8640)
                                            Index Cond: (id = mk.keyword_id)
                                            Filter: (keyword = 'computer-animation'::text)
                                            Rows Removed by Filter: 1
                                ->  Index Scan using char_name_pkey on char_name chn  (cost=0.43..2.22 rows=1 width=20) (actual time=0.002..0.002 rows=0 loops=80)
                                      Index Cond: (id = ci.person_role_id)
                                      Filter: (name = 'Queen'::text)
                                      Rows Removed by Filter: 1
                          ->  Index Scan using info_type_pkey on info_type it  (cost=0.14..0.16 rows=1 width=4) (actual time=0.001..0.001 rows=1 loops=15)
                                Index Cond: (id = mi.info_type_id)
                                Filter: ((info)::text = 'release dates'::text)
                    ->  Index Scan using person_id_person_info on person_info pi  (cost=0.43..19.41 rows=25 width=8) (actual time=0.002..0.028 rows=163 loops=15)
                          Index Cond: (person_id = ci.person_id)
              ->  Index Scan using info_type_pkey on info_type it3  (cost=0.14..0.16 rows=1 width=4) (actual time=0.001..0.001 rows=0 loops=2445)
                    Index Cond: (id = pi.info_type_id)
                    Filter: ((info)::text = 'height'::text)
                    Rows Removed by Filter: 1
        ->  Index Scan using name_pkey on name n  (cost=0.43..2.19 rows=1 width=19) (actual time=0.002..0.002 rows=1 loops=15)
              Index Cond: (id = pi.person_id)
              Filter: ((name ~~ '%An%'::text) AND ((gender)::text = 'f'::text))
Planning time: 76.557 ms
Execution time: 101.744 ms
