Aggregate  (cost=71635.72..71635.73 rows=1 width=96) (actual time=80.527..80.527 rows=1 loops=1)
  ->  Nested Loop  (cost=6.46..71635.71 rows=1 width=48) (actual time=36.559..80.514 rows=15 loops=1)
        ->  Nested Loop  (cost=6.04..71633.69 rows=1 width=52) (actual time=36.551..80.360 rows=66 loops=1)
              Join Filter: (t.id = mc.movie_id)
              ->  Nested Loop  (cost=5.61..71628.84 rows=1 width=68) (actual time=36.541..80.322 rows=3 loops=1)
                    ->  Nested Loop  (cost=5.47..71628.65 rows=1 width=72) (actual time=36.538..80.316 rows=3 loops=1)
                          Join Filter: (t.id = mi.movie_id)
                          ->  Nested Loop  (cost=5.03..71585.75 rows=1 width=64) (actual time=36.512..80.020 rows=3 loops=1)
                                ->  Nested Loop  (cost=4.89..71585.56 rows=1 width=68) (actual time=36.362..79.573 rows=489 loops=1)
                                      Join Filter: (n.id = pi.person_id)
                                      ->  Nested Loop  (cost=4.46..71565.85 rows=1 width=76) (actual time=36.352..79.391 rows=3 loops=1)
                                            ->  Nested Loop  (cost=4.03..71563.54 rows=1 width=57) (actual time=36.341..79.374 rows=3 loops=1)
                                                  ->  Nested Loop  (cost=3.90..71563.21 rows=2 width=61) (actual time=36.323..79.354 rows=3 loops=1)
                                                        ->  Nested Loop  (cost=3.47..71560.30 rows=1 width=57) (actual time=36.311..79.337 rows=1 loops=1)
                                                              ->  Nested Loop  (cost=3.04..71556.28 rows=1 width=45) (actual time=36.165..79.172 rows=38 loops=1)
                                                                    Join Filter: (t.id = ci.movie_id)
                                                                    ->  Nested Loop  (cost=2.48..71509.94 rows=1 width=29) (actual time=36.151..78.886 rows=1 loops=1)
                                                                          ->  Nested Loop  (cost=2.06..71504.31 rows=2 width=33) (actual time=36.078..78.582 rows=108 loops=1)
                                                                                Join Filter: (t.id = mk.movie_id)
                                                                                ->  Nested Loop  (cost=1.62..71500.25 rows=1 width=25) (actual time=36.067..78.532 rows=1 loops=1)
                                                                                      ->  Nested Loop  (cost=1.49..71500.08 rows=1 width=29) (actual time=36.060..78.524 rows=1 loops=1)
                                                                                            ->  Hash Join  (cost=1.06..3488.66 rows=24592 width=8) (actual time=0.026..22.212 rows=24592 loops=1)
                                                                                                  Hash Cond: (cc.status_id = cct2.id)
                                                                                                  ->  Seq Scan on complete_cast cc  (cost=0.00..2081.86 rows=135086 width=12) (actual time=0.011..9.184 rows=135086 loops=1)
                                                                                                  ->  Hash  (cost=1.05..1.05 rows=1 width=4) (actual time=0.008..0.008 rows=1 loops=1)
                                                                                                        Buckets: 1024  Batches: 1  Memory Usage: 9kB
                                                                                                        ->  Seq Scan on comp_cast_type cct2  (cost=0.00..1.05 rows=1 width=4) (actual time=0.006..0.006 rows=1 loops=1)
                                                                                                              Filter: ((kind)::text = 'complete+verified'::text)
                                                                                                              Rows Removed by Filter: 3
                                                                                            ->  Index Scan using title_pkey on title t  (cost=0.43..2.77 rows=1 width=21) (actual time=0.002..0.002 rows=0 loops=24592)
                                                                                                  Index Cond: (id = cc.movie_id)
                                                                                                  Filter: ((production_year >= 2000) AND (production_year <= 2005) AND (title = 'Shrek 2'::text))
                                                                                                  Rows Removed by Filter: 1
                                                                                      ->  Index Scan using comp_cast_type_pkey on comp_cast_type cct1  (cost=0.13..0.15 rows=1 width=4) (actual time=0.005..0.005 rows=1 loops=1)
                                                                                            Index Cond: (id = cc.subject_id)
                                                                                            Filter: ((kind)::text = 'cast'::text)
                                                                                ->  Index Scan using movie_id_movie_keyword on movie_keyword mk  (cost=0.43..3.50 rows=45 width=8) (actual time=0.010..0.030 rows=108 loops=1)
                                                                                      Index Cond: (movie_id = cc.movie_id)
                                                                          ->  Index Scan using keyword_pkey on keyword k  (cost=0.42..2.02 rows=1 width=4) (actual time=0.003..0.003 rows=0 loops=108)
                                                                                Index Cond: (id = mk.keyword_id)
                                                                                Filter: (keyword = 'computer-animation'::text)
                                                                                Rows Removed by Filter: 1
                                                                    ->  Index Scan using movie_id_cast_info on cast_info ci  (cost=0.56..46.33 rows=1 width=16) (actual time=0.012..0.278 rows=38 loops=1)
                                                                          Index Cond: (movie_id = mk.movie_id)
                                                                          Filter: (note = ANY ('{(voice),"(voice) (uncredited)","(voice: English version)"}'::text[]))
                                                                          Rows Removed by Filter: 191
                                                              ->  Index Scan using char_name_pkey on char_name chn  (cost=0.43..2.22 rows=1 width=20) (actual time=0.004..0.004 rows=0 loops=38)
                                                                    Index Cond: (id = ci.person_role_id)
                                                                    Filter: (name = 'Queen'::text)
                                                                    Rows Removed by Filter: 1
                                                        ->  Index Only Scan using person_id_aka_name on aka_name an  (cost=0.42..2.90 rows=2 width=4) (actual time=0.010..0.013 rows=3 loops=1)
                                                              Index Cond: (person_id = ci.person_id)
                                                              Heap Fetches: 3
                                                  ->  Index Scan using role_type_pkey on role_type rt  (cost=0.14..0.16 rows=1 width=4) (actual time=0.006..0.006 rows=1 loops=3)
                                                        Index Cond: (id = ci.role_id)
                                                        Filter: ((role)::text = 'actress'::text)
                                            ->  Index Scan using name_pkey on name n  (cost=0.43..2.31 rows=1 width=19) (actual time=0.005..0.005 rows=1 loops=3)
                                                  Index Cond: (id = ci.person_id)
                                                  Filter: ((name ~~ '%An%'::text) AND ((gender)::text = 'f'::text))
                                      ->  Index Scan using person_id_person_info on person_info pi  (cost=0.43..19.40 rows=25 width=8) (actual time=0.004..0.032 rows=163 loops=3)
                                            Index Cond: (person_id = an.person_id)
                                ->  Index Scan using info_type_pkey on info_type it3  (cost=0.14..0.16 rows=1 width=4) (actual time=0.001..0.001 rows=0 loops=489)
                                      Index Cond: (id = pi.info_type_id)
                                      Filter: ((info)::text = 'height'::text)
                                      Rows Removed by Filter: 1
                          ->  Index Scan using movie_id_movie_info on movie_info mi  (cost=0.43..42.90 rows=1 width=8) (actual time=0.014..0.098 rows=1 loops=3)
                                Index Cond: (movie_id = mk.movie_id)
                                Filter: (info ~~ 'USA:%200%'::text)
                                Rows Removed by Filter: 456
                    ->  Index Scan using info_type_pkey on info_type it  (cost=0.14..0.16 rows=1 width=4) (actual time=0.001..0.001 rows=1 loops=3)
                          Index Cond: (id = mi.info_type_id)
                          Filter: ((info)::text = 'release dates'::text)
              ->  Index Scan using movie_id_movie_companies on movie_companies mc  (cost=0.43..4.79 rows=5 width=8) (actual time=0.004..0.008 rows=22 loops=3)
                    Index Cond: (movie_id = mk.movie_id)
        ->  Index Scan using company_name_pkey on company_name cn  (cost=0.42..2.03 rows=1 width=4) (actual time=0.002..0.002 rows=0 loops=66)
              Index Cond: (id = mc.company_id)
              Filter: ((country_code)::text = '[us]'::text)
              Rows Removed by Filter: 1
Planning time: 75.954 ms
Execution time: 80.675 ms
