Aggregate  (cost=86908.01..86908.02 rows=1 width=96) (actual time=368.793..368.793 rows=1 loops=1)
  ->  Nested Loop  (cost=2633.20..86908.00 rows=1 width=48) (actual time=49.575..364.509 rows=16308 loops=1)
        ->  Nested Loop  (cost=2632.78..86905.97 rows=1 width=52) (actual time=49.549..246.791 rows=75240 loops=1)
              Join Filter: (t.id = mc.movie_id)
              ->  Nested Loop  (cost=2632.35..86901.12 rows=1 width=68) (actual time=49.539..220.692 rows=2868 loops=1)
                    ->  Nested Loop  (cost=2632.21..86900.94 rows=1 width=72) (actual time=49.535..217.625 rows=2868 loops=1)
                          Join Filter: (t.id = mi.movie_id)
                          ->  Nested Loop  (cost=2631.78..86857.93 rows=1 width=64) (actual time=49.513..153.424 rows=1010 loops=1)
                                ->  Nested Loop  (cost=2631.63..86857.58 rows=2 width=68) (actual time=49.396..149.578 rows=4256 loops=1)
                                      Join Filter: (n.id = pi.person_id)
                                      ->  Nested Loop  (cost=2631.20..86798.44 rows=3 width=76) (actual time=49.381..148.172 rows=12 loops=1)
                                            ->  Hash Join  (cost=2630.77..86317.80 rows=209 width=57) (actual time=19.018..147.495 rows=209 loops=1)
                                                  Hash Cond: (ci.role_id = rt.id)
                                                  ->  Nested Loop  (cost=2629.61..86307.29 rows=787 width=61) (actual time=18.907..147.367 rows=787 loops=1)
                                                        ->  Nested Loop  (cost=2629.19..85056.80 rows=429 width=57) (actual time=18.897..145.421 rows=429 loops=1)
                                                              ->  Nested Loop  (cost=2628.76..83857.39 rows=541 width=45) (actual time=18.888..143.517 rows=541 loops=1)
                                                                    Join Filter: (t.id = ci.movie_id)
                                                                    ->  Hash Join  (cost=2628.19..83022.49 rows=18 width=29) (actual time=18.865..139.934 rows=18 loops=1)
                                                                          Hash Cond: (mk.keyword_id = k.id)
                                                                          ->  Nested Loop  (cost=2.06..78693.32 rows=134895 width=33) (actual time=0.052..121.844 rows=134895 loops=1)
                                                                                ->  Nested Loop  (cost=1.62..71780.82 rows=1996 width=25) (actual time=0.041..83.171 rows=1996 loops=1)
                                                                                      ->  Nested Loop  (cost=1.49..71437.04 rows=2253 width=29) (actual time=0.039..81.231 rows=2253 loops=1)
                                                                                            ->  Hash Join  (cost=1.06..3488.66 rows=24592 width=8) (actual time=0.015..22.580 rows=24592 loops=1)
                                                                                                  Hash Cond: (cc.status_id = cct2.id)
                                                                                                  ->  Seq Scan on complete_cast cc  (cost=0.00..2081.86 rows=135086 width=12) (actual time=0.006..9.415 rows=135086 loops=1)
                                                                                                  ->  Hash  (cost=1.05..1.05 rows=1 width=4) (actual time=0.006..0.006 rows=1 loops=1)
                                                                                                        Buckets: 1024  Batches: 1  Memory Usage: 9kB
                                                                                                        ->  Seq Scan on comp_cast_type cct2  (cost=0.00..1.05 rows=1 width=4) (actual time=0.005..0.005 rows=1 loops=1)
                                                                                                              Filter: ((kind)::text = 'complete+verified'::text)
                                                                                                              Rows Removed by Filter: 3
                                                                                            ->  Index Scan using title_pkey on title t  (cost=0.43..2.76 rows=1 width=21) (actual time=0.002..0.002 rows=0 loops=24592)
                                                                                                  Index Cond: (id = cc.movie_id)
                                                                                                  Filter: ((production_year >= 2000) AND (production_year <= 2010))
                                                                                                  Rows Removed by Filter: 1
                                                                                      ->  Index Scan using comp_cast_type_pkey on comp_cast_type cct1  (cost=0.13..0.15 rows=1 width=4) (actual time=0.001..0.001 rows=1 loops=2253)
                                                                                            Index Cond: (id = cc.subject_id)
                                                                                            Filter: ((kind)::text = 'cast'::text)
                                                                                            Rows Removed by Filter: 0
                                                                                ->  Index Scan using movie_id_movie_keyword on movie_keyword mk  (cost=0.43..3.01 rows=45 width=8) (actual time=0.003..0.012 rows=68 loops=1996)
                                                                                      Index Cond: (movie_id = t.id)
                                                                          ->  Hash  (cost=2626.12..2626.12 rows=1 width=4) (actual time=9.036..9.036 rows=1 loops=1)
                                                                                Buckets: 1024  Batches: 1  Memory Usage: 9kB
                                                                                ->  Seq Scan on keyword k  (cost=0.00..2626.12 rows=1 width=4) (actual time=0.032..9.035 rows=1 loops=1)
                                                                                      Filter: (keyword = 'computer-animation'::text)
                                                                                      Rows Removed by Filter: 134169
                                                                    ->  Index Scan using movie_id_cast_info on cast_info ci  (cost=0.56..46.37 rows=1 width=16) (actual time=0.025..0.193 rows=30 loops=18)
                                                                          Index Cond: (movie_id = mk.movie_id)
                                                                          Filter: (note = ANY ('{(voice),"(voice: Japanese version)","(voice) (uncredited)","(voice: English version)"}'::text[]))
                                                                          Rows Removed by Filter: 124
                                                              ->  Index Scan using char_name_pkey on char_name chn  (cost=0.43..2.22 rows=1 width=20) (actual time=0.003..0.003 rows=1 loops=541)
                                                                    Index Cond: (id = ci.person_role_id)
                                                        ->  Index Only Scan using person_id_aka_name on aka_name an  (cost=0.42..2.89 rows=2 width=4) (actual time=0.003..0.004 rows=2 loops=429)
                                                              Index Cond: (person_id = ci.person_id)
                                                              Heap Fetches: 787
                                                  ->  Hash  (cost=1.15..1.15 rows=1 width=4) (actual time=0.013..0.013 rows=1 loops=1)
                                                        Buckets: 1024  Batches: 1  Memory Usage: 9kB
                                                        ->  Seq Scan on role_type rt  (cost=0.00..1.15 rows=1 width=4) (actual time=0.010..0.011 rows=1 loops=1)
                                                              Filter: ((role)::text = 'actress'::text)
                                                              Rows Removed by Filter: 11
                                            ->  Index Scan using name_pkey on name n  (cost=0.43..2.30 rows=1 width=19) (actual time=0.003..0.003 rows=0 loops=209)
                                                  Index Cond: (id = ci.person_id)
                                                  Filter: ((name ~~ '%An%'::text) AND ((gender)::text = 'f'::text))
                                                  Rows Removed by Filter: 1
                                      ->  Index Scan using person_id_person_info on person_info pi  (cost=0.43..19.40 rows=25 width=8) (actual time=0.005..0.057 rows=355 loops=12)
                                            Index Cond: (person_id = an.person_id)
                                ->  Index Scan using info_type_pkey on info_type it3  (cost=0.14..0.16 rows=1 width=4) (actual time=0.001..0.001 rows=0 loops=4256)
                                      Index Cond: (id = pi.info_type_id)
                                      Filter: ((info)::text = 'trivia'::text)
                                      Rows Removed by Filter: 1
                          ->  Index Scan using movie_id_movie_info on movie_info mi  (cost=0.43..43.00 rows=1 width=8) (actual time=0.009..0.063 rows=3 loops=1010)
                                Index Cond: (movie_id = mk.movie_id)
                                Filter: ((info IS NOT NULL) AND ((info ~~ 'Japan:%200%'::text) OR (info ~~ 'USA:%200%'::text)))
                                Rows Removed by Filter: 307
                    ->  Index Scan using info_type_pkey on info_type it  (cost=0.14..0.16 rows=1 width=4) (actual time=0.001..0.001 rows=1 loops=2868)
                          Index Cond: (id = mi.info_type_id)
                          Filter: ((info)::text = 'release dates'::text)
              ->  Index Scan using movie_id_movie_companies on movie_companies mc  (cost=0.43..4.79 rows=5 width=8) (actual time=0.002..0.005 rows=26 loops=2868)
                    Index Cond: (movie_id = mk.movie_id)
        ->  Index Scan using company_name_pkey on company_name cn  (cost=0.42..2.03 rows=1 width=4) (actual time=0.001..0.001 rows=0 loops=75240)
              Index Cond: (id = mc.company_id)
              Filter: ((country_code)::text = '[us]'::text)
              Rows Removed by Filter: 1
Planning time: 75.874 ms
Execution time: 368.942 ms
