Aggregate  (cost=98240.46..98240.47 rows=1 width=96) (actual time=768.060..768.060 rows=1 loops=1)
  ->  Nested Loop  (cost=6542.42..98240.45 rows=1 width=48) (actual time=419.372..763.738 rows=16308 loops=1)
        ->  Nested Loop  (cost=6542.00..98238.43 rows=1 width=52) (actual time=419.341..643.894 rows=75240 loops=1)
              Join Filter: (t.id = mc.movie_id)
              ->  Nested Loop  (cost=6541.57..98233.58 rows=1 width=68) (actual time=419.330..617.588 rows=2868 loops=1)
                    ->  Nested Loop  (cost=6541.43..98233.40 rows=1 width=72) (actual time=419.327..614.530 rows=2868 loops=1)
                          Join Filter: (t.id = mi.movie_id)
                          ->  Nested Loop  (cost=6541.00..98190.38 rows=1 width=64) (actual time=419.305..550.744 rows=1010 loops=1)
                                ->  Nested Loop  (cost=6540.85..98190.20 rows=1 width=68) (actual time=419.177..546.899 rows=4256 loops=1)
                                      Join Filter: (n.id = pi.person_id)
                                      ->  Nested Loop  (cost=6540.42..98170.49 rows=1 width=76) (actual time=419.161..545.448 rows=12 loops=1)
                                            ->  Nested Loop  (cost=6539.99..98168.20 rows=1 width=57) (actual time=352.325..544.764 rows=209 loops=1)
                                                  ->  Nested Loop  (cost=6539.86..98167.87 rows=2 width=61) (actual time=351.982..543.947 rows=787 loops=1)
                                                        ->  Nested Loop  (cost=6539.43..98164.96 rows=1 width=57) (actual time=351.972..541.804 rows=429 loops=1)
                                                              ->  Nested Loop  (cost=6539.00..98162.75 rows=1 width=45) (actual time=351.955..539.688 rows=541 loops=1)
                                                                    Join Filter: (t.id = ci.movie_id)
                                                                    ->  Hash Join  (cost=6538.44..98116.37 rows=1 width=29) (actual time=351.933..535.874 rows=18 loops=1)
                                                                          Hash Cond: (mk.keyword_id = k.id)
                                                                          ->  Nested Loop  (cost=3912.30..95411.48 rows=6238 width=33) (actual time=26.443..518.241 rows=134895 loops=1)
                                                                                ->  Hash Join  (cost=3911.87..83339.15 rows=3486 width=25) (actual time=26.195..478.680 rows=1996 loops=1)
                                                                                      Hash Cond: (cc.subject_id = cct1.id)
                                                                                      ->  Hash Join  (cost=3910.81..83192.97 rows=13945 width=29) (actual time=26.176..478.250 rows=2253 loops=1)
                                                                                            Hash Cond: (t.id = cc.movie_id)
                                                                                            ->  Seq Scan on title t  (cost=0.00..73922.68 rows=1044007 width=21) (actual time=0.016..317.666 rows=1042800 loops=1)
                                                                                                  Filter: ((production_year >= 2000) AND (production_year <= 2010))
                                                                                                  Rows Removed by Filter: 1485512
                                                                                            ->  Hash  (cost=3488.66..3488.66 rows=33772 width=8) (actual time=25.978..25.978 rows=24592 loops=1)
                                                                                                  Buckets: 65536  Batches: 1  Memory Usage: 1473kB
                                                                                                  ->  Hash Join  (cost=1.06..3488.66 rows=33772 width=8) (actual time=0.016..22.426 rows=24592 loops=1)
                                                                                                        Hash Cond: (cc.status_id = cct2.id)
                                                                                                        ->  Seq Scan on complete_cast cc  (cost=0.00..2081.86 rows=135086 width=12) (actual time=0.007..9.187 rows=135086 loops=1)
                                                                                                        ->  Hash  (cost=1.05..1.05 rows=1 width=4) (actual time=0.004..0.004 rows=1 loops=1)
                                                                                                              Buckets: 1024  Batches: 1  Memory Usage: 9kB
                                                                                                              ->  Seq Scan on comp_cast_type cct2  (cost=0.00..1.05 rows=1 width=4) (actual time=0.002..0.003 rows=1 loops=1)
                                                                                                                    Filter: ((kind)::text = 'complete+verified'::text)
                                                                                                                    Rows Removed by Filter: 3
                                                                                      ->  Hash  (cost=1.05..1.05 rows=1 width=4) (actual time=0.008..0.008 rows=1 loops=1)
                                                                                            Buckets: 1024  Batches: 1  Memory Usage: 9kB
                                                                                            ->  Seq Scan on comp_cast_type cct1  (cost=0.00..1.05 rows=1 width=4) (actual time=0.007..0.007 rows=1 loops=1)
                                                                                                  Filter: ((kind)::text = 'cast'::text)
                                                                                                  Rows Removed by Filter: 3
                                                                                ->  Index Scan using movie_id_movie_keyword on movie_keyword mk  (cost=0.43..3.01 rows=45 width=8) (actual time=0.004..0.013 rows=68 loops=1996)
                                                                                      Index Cond: (movie_id = t.id)
                                                                          ->  Hash  (cost=2626.12..2626.12 rows=1 width=4) (actual time=8.944..8.944 rows=1 loops=1)
                                                                                Buckets: 1024  Batches: 1  Memory Usage: 9kB
                                                                                ->  Seq Scan on keyword k  (cost=0.00..2626.12 rows=1 width=4) (actual time=0.039..8.941 rows=1 loops=1)
                                                                                      Filter: (keyword = 'computer-animation'::text)
                                                                                      Rows Removed by Filter: 134169
                                                                    ->  Index Scan using movie_id_cast_info on cast_info ci  (cost=0.56..46.37 rows=1 width=16) (actual time=0.029..0.205 rows=30 loops=18)
                                                                          Index Cond: (movie_id = mk.movie_id)
                                                                          Filter: (note = ANY ('{(voice),"(voice: Japanese version)","(voice) (uncredited)","(voice: English version)"}'::text[]))
                                                                          Rows Removed by Filter: 124
                                                              ->  Index Scan using char_name_pkey on char_name chn  (cost=0.43..2.21 rows=1 width=20) (actual time=0.004..0.004 rows=1 loops=541)
                                                                    Index Cond: (id = ci.person_role_id)
                                                        ->  Index Only Scan using person_id_aka_name on aka_name an  (cost=0.42..2.89 rows=2 width=4) (actual time=0.004..0.004 rows=2 loops=429)
                                                              Index Cond: (person_id = ci.person_id)
                                                              Heap Fetches: 787
                                                  ->  Index Scan using role_type_pkey on role_type rt  (cost=0.14..0.16 rows=1 width=4) (actual time=0.001..0.001 rows=0 loops=787)
                                                        Index Cond: (id = ci.role_id)
                                                        Filter: ((role)::text = 'actress'::text)
                                                        Rows Removed by Filter: 1
                                            ->  Index Scan using name_pkey on name n  (cost=0.43..2.29 rows=1 width=19) (actual time=0.003..0.003 rows=0 loops=209)
                                                  Index Cond: (id = ci.person_id)
                                                  Filter: ((name ~~ '%An%'::text) AND ((gender)::text = 'f'::text))
                                                  Rows Removed by Filter: 1
                                      ->  Index Scan using person_id_person_info on person_info pi  (cost=0.43..19.40 rows=25 width=8) (actual time=0.006..0.059 rows=355 loops=12)
                                            Index Cond: (person_id = ci.person_id)
                                ->  Index Scan using info_type_pkey on info_type it3  (cost=0.14..0.16 rows=1 width=4) (actual time=0.001..0.001 rows=0 loops=4256)
                                      Index Cond: (id = pi.info_type_id)
                                      Filter: ((info)::text = 'trivia'::text)
                                      Rows Removed by Filter: 1
                          ->  Index Scan using movie_id_movie_info on movie_info mi  (cost=0.43..43.00 rows=1 width=8) (actual time=0.009..0.062 rows=3 loops=1010)
                                Index Cond: (movie_id = mk.movie_id)
                                Filter: ((info IS NOT NULL) AND ((info ~~ 'Japan:%200%'::text) OR (info ~~ 'USA:%200%'::text)))
                                Rows Removed by Filter: 307
                    ->  Index Scan using info_type_pkey on info_type it  (cost=0.14..0.16 rows=1 width=4) (actual time=0.001..0.001 rows=1 loops=2868)
                          Index Cond: (id = mi.info_type_id)
                          Filter: ((info)::text = 'release dates'::text)
              ->  Index Scan using movie_id_movie_companies on movie_companies mc  (cost=0.43..4.79 rows=5 width=8) (actual time=0.002..0.005 rows=26 loops=2868)
                    Index Cond: (movie_id = mk.movie_id)
        ->  Index Scan using company_name_pkey on company_name cn  (cost=0.42..2.03 rows=1 width=4) (actual time=0.001..0.001 rows=0 loops=75240)
              Index Cond: (id = mc.company_id)
              Filter: ((country_code)::text = '[us]'::text)
              Rows Removed by Filter: 1
Planning time: 75.645 ms
Execution time: 768.219 ms
