Aggregate  (cost=152551.71..152551.72 rows=1 width=96) (actual time=301.076..301.077 rows=1 loops=1)
  ->  Hash Join  (cost=9630.35..152429.40 rows=16308 width=48) (actual time=96.258..296.803 rows=16308 loops=1)
        Hash Cond: (mc.company_id = cn.id)
        ->  Nested Loop  (cost=2637.35..144486.50 rows=75240 width=52) (actual time=49.170..241.541 rows=75240 loops=1)
              Join Filter: (t.id = mc.movie_id)
              ->  Hash Join  (cost=2636.92..130573.21 rows=2868 width=68) (actual time=49.160..215.543 rows=2868 loops=1)
                    Hash Cond: (mi.info_type_id = it.id)
                    ->  Nested Loop  (cost=2634.49..130534.80 rows=2868 width=72) (actual time=49.132..214.851 rows=2868 loops=1)
                          Join Filter: (t.id = mi.movie_id)
                          ->  Hash Join  (cost=2634.06..87090.83 rows=1010 width=64) (actual time=49.108..149.281 rows=1010 loops=1)
                                Hash Cond: (pi.info_type_id = it3.id)
                                ->  Nested Loop  (cost=2631.63..87035.01 rows=4256 width=68) (actual time=49.057..148.787 rows=4256 loops=1)
                                      Join Filter: (n.id = pi.person_id)
                                      ->  Nested Loop  (cost=2631.20..86798.44 rows=12 width=76) (actual time=49.043..147.345 rows=12 loops=1)
                                            ->  Hash Join  (cost=2630.77..86317.80 rows=209 width=57) (actual time=18.400..146.663 rows=209 loops=1)
                                                  Hash Cond: (ci.role_id = rt.id)
                                                  ->  Nested Loop  (cost=2629.61..86307.29 rows=787 width=61) (actual time=18.299..146.542 rows=787 loops=1)
                                                        ->  Nested Loop  (cost=2629.19..85056.80 rows=429 width=57) (actual time=18.289..144.627 rows=429 loops=1)
                                                              ->  Nested Loop  (cost=2628.76..83857.39 rows=541 width=45) (actual time=18.280..142.663 rows=541 loops=1)
                                                                    Join Filter: (t.id = ci.movie_id)
                                                                    ->  Hash Join  (cost=2628.19..83022.49 rows=18 width=29) (actual time=18.256..139.099 rows=18 loops=1)
                                                                          Hash Cond: (mk.keyword_id = k.id)
                                                                          ->  Nested Loop  (cost=2.06..78693.32 rows=134895 width=33) (actual time=0.051..122.063 rows=134895 loops=1)
                                                                                ->  Nested Loop  (cost=1.62..71780.82 rows=1996 width=25) (actual time=0.040..82.416 rows=1996 loops=1)
                                                                                      ->  Nested Loop  (cost=1.49..71437.04 rows=2253 width=29) (actual time=0.037..80.500 rows=2253 loops=1)
                                                                                            ->  Hash Join  (cost=1.06..3488.66 rows=24592 width=8) (actual time=0.014..22.456 rows=24592 loops=1)
                                                                                                  Hash Cond: (cc.status_id = cct2.id)
                                                                                                  ->  Seq Scan on complete_cast cc  (cost=0.00..2081.86 rows=135086 width=12) (actual time=0.006..9.286 rows=135086 loops=1)
                                                                                                  ->  Hash  (cost=1.05..1.05 rows=1 width=4) (actual time=0.004..0.004 rows=1 loops=1)
                                                                                                        Buckets: 1024  Batches: 1  Memory Usage: 9kB
                                                                                                        ->  Seq Scan on comp_cast_type cct2  (cost=0.00..1.05 rows=1 width=4) (actual time=0.003..0.003 rows=1 loops=1)
                                                                                                              Filter: ((kind)::text = 'complete+verified'::text)
                                                                                                              Rows Removed by Filter: 3
                                                                                            ->  Index Scan using title_pkey on title t  (cost=0.43..2.76 rows=1 width=21) (actual time=0.002..0.002 rows=0 loops=24592)
                                                                                                  Index Cond: (id = cc.movie_id)
                                                                                                  Filter: ((production_year >= 2000) AND (production_year <= 2010))
                                                                                                  Rows Removed by Filter: 1
                                                                                      ->  Index Scan using comp_cast_type_pkey on comp_cast_type cct1  (cost=0.13..0.15 rows=1 width=4) (actual time=0.001..0.001 rows=1 loops=2253)
                                                                                            Index Cond: (id = cc.subject_id)
                                                                                            Filter: ((kind)::text = 'cast'::text)
                                                                                            Rows Removed by Filter: 0
                                                                                ->  Index Scan using movie_id_movie_keyword on movie_keyword mk  (cost=0.43..3.01 rows=45 width=8) (actual time=0.003..0.012 rows=68 loops=1996)
                                                                                      Index Cond: (movie_id = t.id)
                                                                          ->  Hash  (cost=2626.12..2626.12 rows=1 width=4) (actual time=8.522..8.522 rows=1 loops=1)
                                                                                Buckets: 1024  Batches: 1  Memory Usage: 9kB
                                                                                ->  Seq Scan on keyword k  (cost=0.00..2626.12 rows=1 width=4) (actual time=0.030..8.521 rows=1 loops=1)
                                                                                      Filter: (keyword = 'computer-animation'::text)
                                                                                      Rows Removed by Filter: 134169
                                                                    ->  Index Scan using movie_id_cast_info on cast_info ci  (cost=0.56..46.37 rows=1 width=16) (actual time=0.025..0.192 rows=30 loops=18)
                                                                          Index Cond: (movie_id = mk.movie_id)
                                                                          Filter: (note = ANY ('{(voice),"(voice: Japanese version)","(voice) (uncredited)","(voice: English version)"}'::text[]))
                                                                          Rows Removed by Filter: 124
                                                              ->  Index Scan using char_name_pkey on char_name chn  (cost=0.43..2.22 rows=1 width=20) (actual time=0.003..0.003 rows=1 loops=541)
                                                                    Index Cond: (id = ci.person_role_id)
                                                        ->  Index Only Scan using person_id_aka_name on aka_name an  (cost=0.42..2.89 rows=2 width=4) (actual time=0.003..0.004 rows=2 loops=429)
                                                              Index Cond: (person_id = ci.person_id)
                                                              Heap Fetches: 787
                                                  ->  Hash  (cost=1.15..1.15 rows=1 width=4) (actual time=0.005..0.005 rows=1 loops=1)
                                                        Buckets: 1024  Batches: 1  Memory Usage: 9kB
                                                        ->  Seq Scan on role_type rt  (cost=0.00..1.15 rows=1 width=4) (actual time=0.003..0.004 rows=1 loops=1)
                                                              Filter: ((role)::text = 'actress'::text)
                                                              Rows Removed by Filter: 11
                                            ->  Index Scan using name_pkey on name n  (cost=0.43..2.30 rows=1 width=19) (actual time=0.003..0.003 rows=0 loops=209)
                                                  Index Cond: (id = ci.person_id)
                                                  Filter: ((name ~~ '%An%'::text) AND ((gender)::text = 'f'::text))
                                                  Rows Removed by Filter: 1
                                      ->  Index Scan using person_id_person_info on person_info pi  (cost=0.43..19.40 rows=25 width=8) (actual time=0.006..0.060 rows=355 loops=12)
                                            Index Cond: (person_id = an.person_id)
                                ->  Hash  (cost=2.41..2.41 rows=1 width=4) (actual time=0.009..0.009 rows=1 loops=1)
                                      Buckets: 1024  Batches: 1  Memory Usage: 9kB
                                      ->  Seq Scan on info_type it3  (cost=0.00..2.41 rows=1 width=4) (actual time=0.004..0.009 rows=1 loops=1)
                                            Filter: ((info)::text = 'trivia'::text)
                                            Rows Removed by Filter: 112
                          ->  Index Scan using movie_id_movie_info on movie_info mi  (cost=0.43..43.00 rows=1 width=8) (actual time=0.009..0.064 rows=3 loops=1010)
                                Index Cond: (movie_id = mk.movie_id)
                                Filter: ((info IS NOT NULL) AND ((info ~~ 'Japan:%200%'::text) OR (info ~~ 'USA:%200%'::text)))
                                Rows Removed by Filter: 307
                    ->  Hash  (cost=2.41..2.41 rows=1 width=4) (actual time=0.021..0.021 rows=1 loops=1)
                          Buckets: 1024  Batches: 1  Memory Usage: 9kB
                          ->  Seq Scan on info_type it  (cost=0.00..2.41 rows=1 width=4) (actual time=0.014..0.019 rows=1 loops=1)
                                Filter: ((info)::text = 'release dates'::text)
                                Rows Removed by Filter: 112
              ->  Index Scan using movie_id_movie_companies on movie_companies mc  (cost=0.43..4.79 rows=5 width=8) (actual time=0.002..0.005 rows=26 loops=2868)
                    Index Cond: (movie_id = mk.movie_id)
        ->  Hash  (cost=5932.46..5932.46 rows=84843 width=4) (actual time=46.924..46.924 rows=84843 loops=1)
              Buckets: 131072  Batches: 1  Memory Usage: 4007kB
              ->  Seq Scan on company_name cn  (cost=0.00..5932.46 rows=84843 width=4) (actual time=0.010..33.330 rows=84843 loops=1)
                    Filter: ((country_code)::text = '[us]'::text)
                    Rows Removed by Filter: 150154
Planning time: 75.158 ms
Execution time: 301.248 ms
