Aggregate  (cost=98686.10..98686.11 rows=1 width=96) (actual time=352.306..352.306 rows=1 loops=1)
  ->  Hash Join  (cost=2638.70..98686.09 rows=1 width=48) (actual time=114.014..348.504 rows=16308 loops=1)
        Hash Cond: (pi.info_type_id = it3.id)
        ->  Nested Loop  (cost=2636.28..98682.92 rows=60 width=52) (actual time=113.955..342.201 rows=67827 loops=1)
              Join Filter: (n.id = pi.person_id)
              ->  Nested Loop  (cost=2635.85..97026.87 rows=84 width=60) (actual time=113.942..323.494 rows=189 loops=1)
                    Join Filter: (mi.movie_id = t.id)
                    ->  Nested Loop  (cost=2635.42..96592.33 rows=204 width=63) (actual time=113.932..323.104 rows=204 loops=1)
                          Join Filter: (n.id = an.person_id)
                          ->  Nested Loop  (cost=2634.99..96414.22 rows=61 width=59) (actual time=113.911..322.866 rows=61 loops=1)
                                ->  Nested Loop  (cost=2634.57..95901.86 rows=253 width=63) (actual time=113.886..322.192 rows=253 loops=1)
                                      Join Filter: (mi.movie_id = mc.movie_id)
                                      ->  Nested Loop  (cost=2634.14..95858.20 rows=9 width=55) (actual time=113.874..322.045 rows=9 loops=1)
                                            ->  Hash Join  (cost=2633.71..95097.01 rows=331 width=36) (actual time=34.177..321.021 rows=331 loops=1)
                                                  Hash Cond: (ci.role_id = rt.id)
                                                  ->  Nested Loop  (cost=2632.55..95077.67 rows=1530 width=40) (actual time=34.119..320.841 rows=1530 loops=1)
                                                        ->  Nested Loop  (cost=2632.12..90911.88 rows=1879 width=28) (actual time=34.109..316.819 rows=1879 loops=1)
                                                              Join Filter: (mi.movie_id = ci.movie_id)
                                                              ->  Hash Join  (cost=2631.55..87989.73 rows=63 width=12) (actual time=34.084..309.705 rows=63 loops=1)
                                                                    Hash Cond: (mi.info_type_id = it.id)
                                                                    ->  Nested Loop  (cost=2629.13..87986.52 rows=63 width=16) (actual time=34.071..309.660 rows=63 loops=1)
                                                                          ->  Hash Join  (cost=2628.69..86997.26 rows=23 width=8) (actual time=12.387..307.245 rows=23 loops=1)
                                                                                Hash Cond: (mk.keyword_id = k.id)
                                                                                ->  Nested Loop  (cost=2.56..75000.06 rows=742266 width=12) (actual time=0.033..253.186 rows=742266 loops=1)
                                                                                      ->  Hash Join  (cost=2.12..4384.05 rows=17879 width=4) (actual time=0.021..34.661 rows=17879 loops=1)
                                                                                            Hash Cond: (cc.status_id = cct2.id)
                                                                                            ->  Hash Join  (cost=1.06..3488.66 rows=85941 width=8) (actual time=0.013..27.516 rows=85941 loops=1)
                                                                                                  Hash Cond: (cc.subject_id = cct1.id)
                                                                                                  ->  Seq Scan on complete_cast cc  (cost=0.00..2081.86 rows=135086 width=12) (actual time=0.006..9.027 rows=135086 loops=1)
                                                                                                  ->  Hash  (cost=1.05..1.05 rows=1 width=4) (actual time=0.003..0.003 rows=1 loops=1)
                                                                                                        Buckets: 1024  Batches: 1  Memory Usage: 9kB
                                                                                                        ->  Seq Scan on comp_cast_type cct1  (cost=0.00..1.05 rows=1 width=4) (actual time=0.002..0.002 rows=1 loops=1)
                                                                                                              Filter: ((kind)::text = 'cast'::text)
                                                                                                              Rows Removed by Filter: 3
                                                                                            ->  Hash  (cost=1.05..1.05 rows=1 width=4) (actual time=0.005..0.005 rows=1 loops=1)
                                                                                                  Buckets: 1024  Batches: 1  Memory Usage: 9kB
                                                                                                  ->  Seq Scan on comp_cast_type cct2  (cost=0.00..1.05 rows=1 width=4) (actual time=0.004..0.004 rows=1 loops=1)
                                                                                                        Filter: ((kind)::text = 'complete+verified'::text)
                                                                                                        Rows Removed by Filter: 3
                                                                                      ->  Index Scan using movie_id_movie_keyword on movie_keyword mk  (cost=0.43..3.50 rows=45 width=8) (actual time=0.003..0.008 rows=42 loops=17879)
                                                                                            Index Cond: (movie_id = cc.movie_id)
                                                                                ->  Hash  (cost=2626.12..2626.12 rows=1 width=4) (actual time=8.597..8.597 rows=1 loops=1)
                                                                                      Buckets: 1024  Batches: 1  Memory Usage: 9kB
                                                                                      ->  Seq Scan on keyword k  (cost=0.00..2626.12 rows=1 width=4) (actual time=0.032..8.596 rows=1 loops=1)
                                                                                            Filter: (keyword = 'computer-animation'::text)
                                                                                            Rows Removed by Filter: 134169
                                                                          ->  Index Scan using movie_id_movie_info on movie_info mi  (cost=0.43..43.00 rows=1 width=8) (actual time=0.026..0.103 rows=3 loops=23)
                                                                                Index Cond: (movie_id = mk.movie_id)
                                                                                Filter: ((info IS NOT NULL) AND ((info ~~ 'Japan:%200%'::text) OR (info ~~ 'USA:%200%'::text)))
                                                                                Rows Removed by Filter: 318
                                                                    ->  Hash  (cost=2.41..2.41 rows=1 width=4) (actual time=0.009..0.009 rows=1 loops=1)
                                                                          Buckets: 1024  Batches: 1  Memory Usage: 9kB
                                                                          ->  Seq Scan on info_type it  (cost=0.00..2.41 rows=1 width=4) (actual time=0.003..0.009 rows=1 loops=1)
                                                                                Filter: ((info)::text = 'release dates'::text)
                                                                                Rows Removed by Filter: 112
                                                              ->  Index Scan using movie_id_cast_info on cast_info ci  (cost=0.56..46.37 rows=1 width=16) (actual time=0.014..0.108 rows=30 loops=63)
                                                                    Index Cond: (movie_id = mk.movie_id)
                                                                    Filter: (note = ANY ('{(voice),"(voice: Japanese version)","(voice) (uncredited)","(voice: English version)"}'::text[]))
                                                                    Rows Removed by Filter: 133
                                                        ->  Index Scan using char_name_pkey on char_name chn  (cost=0.43..2.22 rows=1 width=20) (actual time=0.002..0.002 rows=1 loops=1879)
                                                              Index Cond: (id = ci.person_role_id)
                                                  ->  Hash  (cost=1.15..1.15 rows=1 width=4) (actual time=0.005..0.005 rows=1 loops=1)
                                                        Buckets: 1024  Batches: 1  Memory Usage: 9kB
                                                        ->  Seq Scan on role_type rt  (cost=0.00..1.15 rows=1 width=4) (actual time=0.004..0.005 rows=1 loops=1)
                                                              Filter: ((role)::text = 'actress'::text)
                                                              Rows Removed by Filter: 11
                                            ->  Index Scan using name_pkey on name n  (cost=0.43..2.30 rows=1 width=19) (actual time=0.003..0.003 rows=0 loops=331)
                                                  Index Cond: (id = ci.person_id)
                                                  Filter: ((name ~~ '%An%'::text) AND ((gender)::text = 'f'::text))
                                                  Rows Removed by Filter: 1
                                      ->  Index Scan using movie_id_movie_companies on movie_companies mc  (cost=0.43..4.79 rows=5 width=8) (actual time=0.005..0.010 rows=28 loops=9)
                                            Index Cond: (movie_id = mk.movie_id)
                                ->  Index Scan using company_name_pkey on company_name cn  (cost=0.42..2.03 rows=1 width=4) (actual time=0.002..0.002 rows=0 loops=253)
                                      Index Cond: (id = mc.company_id)
                                      Filter: ((country_code)::text = '[us]'::text)
                                      Rows Removed by Filter: 1
                          ->  Index Only Scan using person_id_aka_name on aka_name an  (cost=0.42..2.89 rows=2 width=4) (actual time=0.002..0.003 rows=3 loops=61)
                                Index Cond: (person_id = ci.person_id)
                                Heap Fetches: 204
                    ->  Index Scan using title_pkey on title t  (cost=0.43..2.12 rows=1 width=21) (actual time=0.002..0.002 rows=1 loops=204)
                          Index Cond: (id = mk.movie_id)
                          Filter: ((production_year >= 2000) AND (production_year <= 2010))
                          Rows Removed by Filter: 0
              ->  Index Scan using person_id_person_info on person_info pi  (cost=0.43..19.40 rows=25 width=8) (actual time=0.003..0.049 rows=359 loops=189)
                    Index Cond: (person_id = an.person_id)
        ->  Hash  (cost=2.41..2.41 rows=1 width=4) (actual time=0.021..0.021 rows=1 loops=1)
              Buckets: 1024  Batches: 1  Memory Usage: 9kB
              ->  Seq Scan on info_type it3  (cost=0.00..2.41 rows=1 width=4) (actual time=0.013..0.019 rows=1 loops=1)
                    Filter: ((info)::text = 'trivia'::text)
                    Rows Removed by Filter: 112
Planning time: 75.217 ms
Execution time: 352.458 ms
