Aggregate  (cost=129537.59..129537.60 rows=1 width=32) (actual time=1062.068..1062.068 rows=1 loops=1)
  ->  Nested Loop  (cost=2627.42..129537.57 rows=8 width=17) (actual time=10.044..1060.570 rows=7834 loops=1)
        Join Filter: (mc.movie_id = t.id)
        ->  Nested Loop  (cost=2626.99..129533.59 rows=8 width=8) (actual time=10.031..1041.495 rows=7834 loops=1)
              ->  Nested Loop  (cost=2626.57..129453.83 rows=179 width=12) (actual time=9.133..774.784 rows=148552 loops=1)
                    ->  Hash Join  (cost=2626.14..129433.75 rows=34 width=4) (actual time=9.073..644.276 rows=41840 loops=1)
                          Hash Cond: (mk.keyword_id = k.id)
                          ->  Seq Scan on movie_keyword mk  (cost=0.00..69693.30 rows=4523930 width=8) (actual time=0.005..304.977 rows=4523930 loops=1)
                          ->  Hash  (cost=2626.12..2626.12 rows=1 width=4) (actual time=9.036..9.036 rows=1 loops=1)
                                Buckets: 1024  Batches: 1  Memory Usage: 9kB
                                ->  Seq Scan on keyword k  (cost=0.00..2626.12 rows=1 width=4) (actual time=0.388..9.031 rows=1 loops=1)
                                      Filter: (keyword = 'character-name-in-title'::text)
                                      Rows Removed by Filter: 134169
                    ->  Index Scan using movie_id_movie_companies on movie_companies mc  (cost=0.43..0.54 rows=5 width=8) (actual time=0.002..0.003 rows=4 loops=41840)
                          Index Cond: (movie_id = mk.movie_id)
              ->  Index Scan using company_name_pkey on company_name cn  (cost=0.42..0.45 rows=1 width=4) (actual time=0.002..0.002 rows=0 loops=148552)
                    Index Cond: (id = mc.company_id)
                    Filter: ((country_code)::text = '[de]'::text)
                    Rows Removed by Filter: 1
        ->  Index Scan using title_pkey on title t  (cost=0.43..0.49 rows=1 width=21) (actual time=0.002..0.002 rows=1 loops=7834)
              Index Cond: (id = mk.movie_id)
Planning time: 0.732 ms
Execution time: 1062.127 ms
