Aggregate  (cost=165988.57..165988.58 rows=1 width=32) (actual time=788.242..788.243 rows=1 loops=1)
  ->  Nested Loop  (cost=8681.65..165968.98 rows=7834 width=17) (actual time=34.080..786.869 rows=7834 loops=1)
        Join Filter: (mc.movie_id = t.id)
        ->  Hash Join  (cost=8681.22..162067.96 rows=7834 width=8) (actual time=34.068..771.362 rows=7834 loops=1)
              Hash Cond: (mc.company_id = cn.id)
              ->  Nested Loop  (cost=2626.57..154137.85 rows=148552 width=12) (actual time=8.451..729.112 rows=148552 loops=1)
                    ->  Hash Join  (cost=2626.14..129433.75 rows=41840 width=4) (actual time=8.394..618.883 rows=41840 loops=1)
                          Hash Cond: (mk.keyword_id = k.id)
                          ->  Seq Scan on movie_keyword mk  (cost=0.00..69693.30 rows=4523930 width=8) (actual time=0.004..283.030 rows=4523930 loops=1)
                          ->  Hash  (cost=2626.12..2626.12 rows=1 width=4) (actual time=8.359..8.359 rows=1 loops=1)
                                Buckets: 1024  Batches: 1  Memory Usage: 9kB
                                ->  Seq Scan on keyword k  (cost=0.00..2626.12 rows=1 width=4) (actual time=0.392..8.355 rows=1 loops=1)
                                      Filter: (keyword = 'character-name-in-title'::text)
                                      Rows Removed by Filter: 134169
                    ->  Index Scan using movie_id_movie_companies on movie_companies mc  (cost=0.43..0.54 rows=5 width=8) (actual time=0.001..0.002 rows=4 loops=41840)
                          Index Cond: (movie_id = mk.movie_id)
              ->  Hash  (cost=5932.46..5932.46 rows=9775 width=4) (actual time=24.764..24.764 rows=9775 loops=1)
                    Buckets: 16384  Batches: 1  Memory Usage: 472kB
                    ->  Seq Scan on company_name cn  (cost=0.00..5932.46 rows=9775 width=4) (actual time=0.007..23.378 rows=9775 loops=1)
                          Filter: ((country_code)::text = '[de]'::text)
                          Rows Removed by Filter: 225222
        ->  Index Scan using title_pkey on title t  (cost=0.43..0.49 rows=1 width=21) (actual time=0.002..0.002 rows=1 loops=7834)
              Index Cond: (id = mk.movie_id)
Planning time: 0.765 ms
Execution time: 788.282 ms
