Aggregate  (cost=121363.71..121363.72 rows=1 width=32) (actual time=987.118..987.118 rows=1 loops=1)
  ->  Nested Loop  (cost=2627.43..121363.71 rows=2 width=17) (actual time=8.677..985.964 rows=5228 loops=1)
        Join Filter: (mc.movie_id = t.id)
        ->  Hash Join  (cost=2627.00..121362.71 rows=2 width=8) (actual time=8.658..959.692 rows=5228 loops=1)
              Hash Cond: (mk.keyword_id = k.id)
              ->  Nested Loop  (cost=0.86..115924.08 rows=222773 width=12) (actual time=0.075..813.732 rows=2199054 loops=1)
                    ->  Nested Loop  (cost=0.43..73887.00 rows=24348 width=4) (actual time=0.039..105.380 rows=56410 loops=1)
                          ->  Seq Scan on company_name cn  (cost=0.00..5932.46 rows=2193 width=4) (actual time=0.010..24.099 rows=2340 loops=1)
                                Filter: ((country_code)::text = '[nl]'::text)
                                Rows Removed by Filter: 232657
                          ->  Index Scan using company_id_movie_companies on movie_companies mc  (cost=0.43..29.66 rows=133 width=8) (actual time=0.008..0.032 rows=24 loops=2340)
                                Index Cond: (company_id = cn.id)
                    ->  Index Scan using movie_id_movie_keyword on movie_keyword mk  (cost=0.43..1.28 rows=45 width=8) (actual time=0.004..0.009 rows=39 loops=56410)
                          Index Cond: (movie_id = mc.movie_id)
              ->  Hash  (cost=2626.12..2626.12 rows=1 width=4) (actual time=8.410..8.410 rows=1 loops=1)
                    Buckets: 1024  Batches: 1  Memory Usage: 9kB
                    ->  Seq Scan on keyword k  (cost=0.00..2626.12 rows=1 width=4) (actual time=0.390..8.407 rows=1 loops=1)
                          Filter: (keyword = 'character-name-in-title'::text)
                          Rows Removed by Filter: 134169
        ->  Index Scan using title_pkey on title t  (cost=0.43..0.49 rows=1 width=21) (actual time=0.005..0.005 rows=1 loops=5228)
              Index Cond: (id = mk.movie_id)
Planning time: 0.742 ms
Execution time: 987.153 ms
