Aggregate  (cost=125597.50..125597.51 rows=1 width=32) (actual time=867.735..867.735 rows=1 loops=1)
  ->  Nested Loop  (cost=2627.43..125597.50 rows=2 width=17) (actual time=8.414..866.698 rows=5228 loops=1)
        Join Filter: (mc.movie_id = t.id)
        ->  Hash Join  (cost=2627.00..125596.50 rows=2 width=8) (actual time=8.403..850.269 rows=5228 loops=1)
              Hash Cond: (mk.keyword_id = k.id)
              ->  Nested Loop  (cost=0.86..119969.24 rows=237714 width=12) (actual time=0.033..704.953 rows=2199054 loops=1)
                    ->  Nested Loop  (cost=0.43..75112.76 rows=25981 width=4) (actual time=0.016..71.058 rows=56410 loops=1)
                          ->  Seq Scan on company_name cn  (cost=0.00..5932.46 rows=2340 width=4) (actual time=0.010..23.700 rows=2340 loops=1)
                                Filter: ((country_code)::text = '[nl]'::text)
                                Rows Removed by Filter: 232657
                          ->  Index Scan using company_id_movie_companies on movie_companies mc  (cost=0.43..28.23 rows=133 width=8) (actual time=0.003..0.017 rows=24 loops=2340)
                                Index Cond: (company_id = cn.id)
                    ->  Index Scan using movie_id_movie_keyword on movie_keyword mk  (cost=0.43..1.28 rows=45 width=8) (actual time=0.003..0.007 rows=39 loops=56410)
                          Index Cond: (movie_id = mc.movie_id)
              ->  Hash  (cost=2626.12..2626.12 rows=1 width=4) (actual time=8.290..8.290 rows=1 loops=1)
                    Buckets: 1024  Batches: 1  Memory Usage: 9kB
                    ->  Seq Scan on keyword k  (cost=0.00..2626.12 rows=1 width=4) (actual time=0.360..8.287 rows=1 loops=1)
                          Filter: (keyword = 'character-name-in-title'::text)
                          Rows Removed by Filter: 134169
        ->  Index Scan using title_pkey on title t  (cost=0.43..0.49 rows=1 width=21) (actual time=0.003..0.003 rows=1 loops=5228)
              Index Cond: (id = mk.movie_id)
Planning time: 0.758 ms
Execution time: 867.773 ms
