Aggregate  (cost=162888.97..162888.98 rows=1 width=32) (actual time=770.686..770.686 rows=1 loops=1)
  ->  Nested Loop  (cost=8588.71..162888.96 rows=4 width=17) (actual time=32.983..769.780 rows=5228 loops=1)
        Join Filter: (mc.movie_id = t.id)
        ->  Hash Join  (cost=8588.28..162886.97 rows=4 width=8) (actual time=32.971..759.188 rows=5228 loops=1)
              Hash Cond: (mc.company_id = cn.id)
              ->  Nested Loop  (cost=2626.57..154137.85 rows=220786 width=12) (actual time=8.155..722.828 rows=148552 loops=1)
                    ->  Hash Join  (cost=2626.14..129433.75 rows=41840 width=4) (actual time=8.097..614.594 rows=41840 loops=1)
                          Hash Cond: (mk.keyword_id = k.id)
                          ->  Seq Scan on movie_keyword mk  (cost=0.00..69693.30 rows=4523930 width=8) (actual time=0.005..280.658 rows=4523930 loops=1)
                          ->  Hash  (cost=2626.12..2626.12 rows=1 width=4) (actual time=8.063..8.063 rows=1 loops=1)
                                Buckets: 1024  Batches: 1  Memory Usage: 9kB
                                ->  Seq Scan on keyword k  (cost=0.00..2626.12 rows=1 width=4) (actual time=0.359..8.060 rows=1 loops=1)
                                      Filter: (keyword = 'character-name-in-title'::text)
                                      Rows Removed by Filter: 134169
                    ->  Index Scan using movie_id_movie_companies on movie_companies mc  (cost=0.43..0.54 rows=5 width=8) (actual time=0.001..0.002 rows=4 loops=41840)
                          Index Cond: (movie_id = mk.movie_id)
              ->  Hash  (cost=5932.46..5932.46 rows=2340 width=4) (actual time=22.644..22.644 rows=2340 loops=1)
                    Buckets: 4096  Batches: 1  Memory Usage: 115kB
                    ->  Seq Scan on company_name cn  (cost=0.00..5932.46 rows=2340 width=4) (actual time=0.011..22.307 rows=2340 loops=1)
                          Filter: ((country_code)::text = '[nl]'::text)
                          Rows Removed by Filter: 232657
        ->  Index Scan using title_pkey on title t  (cost=0.43..0.49 rows=1 width=21) (actual time=0.002..0.002 rows=1 loops=5228)
              Index Cond: (id = mk.movie_id)
Planning time: 0.779 ms
Execution time: 770.726 ms
