Aggregate  (cost=57957.00..57957.01 rows=1 width=32) (actual time=29.756..29.756 rows=1 loops=1)
  ->  Nested Loop  (cost=2627.43..57956.99 rows=1 width=17) (actual time=29.754..29.754 rows=0 loops=1)
        Join Filter: (mc.movie_id = t.id)
        ->  Hash Join  (cost=2627.00..57956.50 rows=1 width=8) (actual time=29.754..29.754 rows=0 loops=1)
              Hash Cond: (mk.keyword_id = k.id)
              ->  Nested Loop  (cost=0.86..55044.35 rows=22654 width=12) (actual time=4.036..21.387 rows=2 loops=1)
                    ->  Nested Loop  (cost=0.43..50769.51 rows=2476 width=4) (actual time=4.001..21.350 rows=2 loops=1)
                          ->  Seq Scan on company_name cn  (cost=0.00..5932.46 rows=223 width=4) (actual time=3.991..21.338 rows=1 loops=1)
                                Filter: ((country_code)::text = '[sm]'::text)
                                Rows Removed by Filter: 234996
                          ->  Index Scan using company_id_movie_companies on movie_companies mc  (cost=0.43..199.73 rows=133 width=8) (actual time=0.008..0.009 rows=2 loops=1)
                                Index Cond: (company_id = cn.id)
                    ->  Index Scan using movie_id_movie_keyword on movie_keyword mk  (cost=0.43..1.28 rows=45 width=8) (actual time=0.016..0.017 rows=1 loops=2)
                          Index Cond: (movie_id = mc.movie_id)
              ->  Hash  (cost=2626.12..2626.12 rows=1 width=4) (actual time=8.353..8.353 rows=1 loops=1)
                    Buckets: 1024  Batches: 1  Memory Usage: 9kB
                    ->  Seq Scan on keyword k  (cost=0.00..2626.12 rows=1 width=4) (actual time=0.389..8.349 rows=1 loops=1)
                          Filter: (keyword = 'character-name-in-title'::text)
                          Rows Removed by Filter: 134169
        ->  Index Scan using title_pkey on title t  (cost=0.43..0.49 rows=1 width=21) (never executed)
              Index Cond: (id = mk.movie_id)
Planning time: 0.733 ms
Execution time: 29.791 ms
