Aggregate  (cost=6348.87..6348.88 rows=1 width=32) (actual time=21.359..21.359 rows=1 loops=1)
  ->  Nested Loop  (cost=1.71..6348.87 rows=1 width=17) (actual time=21.357..21.357 rows=0 loops=1)
        Join Filter: (mc.movie_id = t.id)
        ->  Nested Loop  (cost=1.28..6348.37 rows=1 width=8) (actual time=21.357..21.357 rows=0 loops=1)
              ->  Nested Loop  (cost=0.86..6303.79 rows=101 width=12) (actual time=4.097..21.328 rows=2 loops=1)
                    ->  Nested Loop  (cost=0.43..6284.80 rows=11 width=4) (actual time=4.073..21.305 rows=2 loops=1)
                          ->  Seq Scan on company_name cn  (cost=0.00..5932.46 rows=1 width=4) (actual time=4.063..21.293 rows=1 loops=1)
                                Filter: ((country_code)::text = '[sm]'::text)
                                Rows Removed by Filter: 234996
                          ->  Index Scan using company_id_movie_companies on movie_companies mc  (cost=0.43..351.01 rows=133 width=8) (actual time=0.008..0.009 rows=2 loops=1)
                                Index Cond: (company_id = cn.id)
                    ->  Index Scan using movie_id_movie_keyword on movie_keyword mk  (cost=0.43..1.28 rows=45 width=8) (actual time=0.011..0.011 rows=1 loops=2)
                          Index Cond: (movie_id = mc.movie_id)
              ->  Index Scan using keyword_pkey on keyword k  (cost=0.42..0.44 rows=1 width=4) (actual time=0.014..0.014 rows=0 loops=2)
                    Index Cond: (id = mk.keyword_id)
                    Filter: (keyword = 'character-name-in-title'::text)
                    Rows Removed by Filter: 1
        ->  Index Scan using title_pkey on title t  (cost=0.43..0.49 rows=1 width=21) (never executed)
              Index Cond: (id = mk.movie_id)
Planning time: 0.679 ms
Execution time: 21.390 ms
