Aggregate  (cost=129550.68..129550.69 rows=1 width=32) (actual time=1140.682..1140.682 rows=1 loops=1)
  ->  Nested Loop  (cost=2627.42..129550.52 rows=64 width=17) (actual time=8.400..1129.718 rows=68316 loops=1)
        ->  Nested Loop  (cost=2627.00..129470.76 rows=179 width=21) (actual time=8.356..859.817 rows=148552 loops=1)
              Join Filter: (t.id = mc.movie_id)
              ->  Nested Loop  (cost=2626.57..129450.26 rows=34 width=25) (actual time=8.297..730.802 rows=41840 loops=1)
                    ->  Hash Join  (cost=2626.14..129433.75 rows=34 width=4) (actual time=8.282..636.531 rows=41840 loops=1)
                          Hash Cond: (mk.keyword_id = k.id)
                          ->  Seq Scan on movie_keyword mk  (cost=0.00..69693.30 rows=4523930 width=8) (actual time=0.004..295.102 rows=4523930 loops=1)
                          ->  Hash  (cost=2626.12..2626.12 rows=1 width=4) (actual time=8.245..8.245 rows=1 loops=1)
                                Buckets: 1024  Batches: 1  Memory Usage: 9kB
                                ->  Seq Scan on keyword k  (cost=0.00..2626.12 rows=1 width=4) (actual time=0.356..8.242 rows=1 loops=1)
                                      Filter: (keyword = 'character-name-in-title'::text)
                                      Rows Removed by Filter: 134169
                    ->  Index Scan using title_pkey on title t  (cost=0.43..0.49 rows=1 width=21) (actual time=0.002..0.002 rows=1 loops=41840)
                          Index Cond: (id = mk.movie_id)
              ->  Index Scan using movie_id_movie_companies on movie_companies mc  (cost=0.43..0.54 rows=5 width=8) (actual time=0.002..0.002 rows=4 loops=41840)
                    Index Cond: (movie_id = mk.movie_id)
        ->  Index Scan using company_name_pkey on company_name cn  (cost=0.42..0.45 rows=1 width=4) (actual time=0.002..0.002 rows=0 loops=148552)
              Index Cond: (id = mc.company_id)
              Filter: ((country_code)::text = '[us]'::text)
              Rows Removed by Filter: 1
Planning time: 0.691 ms
Execution time: 1140.715 ms
