Aggregate  (cost=163957.80..163957.81 rows=1 width=32) (actual time=945.335..945.335 rows=1 loops=1)
  ->  Nested Loop  (cost=9620.00..163957.60 rows=79 width=17) (actual time=51.100..934.762 rows=68316 loops=1)
        Join Filter: (mc.movie_id = t.id)
        ->  Hash Join  (cost=9619.57..163918.26 rows=79 width=8) (actual time=51.088..822.483 rows=68316 loops=1)
              Hash Cond: (mc.company_id = cn.id)
              ->  Nested Loop  (cost=2626.57..154137.85 rows=220786 width=12) (actual time=8.190..748.503 rows=148552 loops=1)
                    ->  Hash Join  (cost=2626.14..129433.75 rows=41840 width=4) (actual time=8.133..630.296 rows=41840 loops=1)
                          Hash Cond: (mk.keyword_id = k.id)
                          ->  Seq Scan on movie_keyword mk  (cost=0.00..69693.30 rows=4523930 width=8) (actual time=0.004..289.201 rows=4523930 loops=1)
                          ->  Hash  (cost=2626.12..2626.12 rows=1 width=4) (actual time=8.099..8.099 rows=1 loops=1)
                                Buckets: 1024  Batches: 1  Memory Usage: 9kB
                                ->  Seq Scan on keyword k  (cost=0.00..2626.12 rows=1 width=4) (actual time=0.357..8.096 rows=1 loops=1)
                                      Filter: (keyword = 'character-name-in-title'::text)
                                      Rows Removed by Filter: 134169
                    ->  Index Scan using movie_id_movie_companies on movie_companies mc  (cost=0.43..0.54 rows=5 width=8) (actual time=0.002..0.002 rows=4 loops=41840)
                          Index Cond: (movie_id = mk.movie_id)
              ->  Hash  (cost=5932.46..5932.46 rows=84843 width=4) (actual time=42.280..42.280 rows=84843 loops=1)
                    Buckets: 131072  Batches: 1  Memory Usage: 4007kB
                    ->  Seq Scan on company_name cn  (cost=0.00..5932.46 rows=84843 width=4) (actual time=0.006..29.957 rows=84843 loops=1)
                          Filter: ((country_code)::text = '[us]'::text)
                          Rows Removed by Filter: 150154
        ->  Index Scan using title_pkey on title t  (cost=0.43..0.49 rows=1 width=21) (actual time=0.001..0.001 rows=1 loops=68316)
              Index Cond: (id = mk.movie_id)
Planning time: 0.706 ms
Execution time: 945.437 ms
