Aggregate  (cost=184011.78..184011.79 rows=1 width=32) (actual time=924.774..924.774 rows=1 loops=1)
  ->  Hash Join  (cost=9620.00..183840.99 rows=68316 width=17) (actual time=51.574..914.902 rows=68316 loops=1)
        Hash Cond: (mc.company_id = cn.id)
        ->  Nested Loop  (cost=2627.00..174972.53 rows=148552 width=21) (actual time=8.494..841.693 rows=148552 loops=1)
              Join Filter: (t.id = mc.movie_id)
              ->  Nested Loop  (cost=2626.57..149745.43 rows=41840 width=25) (actual time=8.438..720.179 rows=41840 loops=1)
                    ->  Hash Join  (cost=2626.14..129433.75 rows=41840 width=4) (actual time=8.424..629.811 rows=41840 loops=1)
                          Hash Cond: (mk.keyword_id = k.id)
                          ->  Seq Scan on movie_keyword mk  (cost=0.00..69693.30 rows=4523930 width=8) (actual time=0.004..289.353 rows=4523930 loops=1)
                          ->  Hash  (cost=2626.12..2626.12 rows=1 width=4) (actual time=8.388..8.388 rows=1 loops=1)
                                Buckets: 1024  Batches: 1  Memory Usage: 9kB
                                ->  Seq Scan on keyword k  (cost=0.00..2626.12 rows=1 width=4) (actual time=0.361..8.385 rows=1 loops=1)
                                      Filter: (keyword = 'character-name-in-title'::text)
                                      Rows Removed by Filter: 134169
                    ->  Index Scan using title_pkey on title t  (cost=0.43..0.49 rows=1 width=21) (actual time=0.002..0.002 rows=1 loops=41840)
                          Index Cond: (id = mk.movie_id)
              ->  Index Scan using movie_id_movie_companies on movie_companies mc  (cost=0.43..0.54 rows=5 width=8) (actual time=0.002..0.002 rows=4 loops=41840)
                    Index Cond: (movie_id = mk.movie_id)
        ->  Hash  (cost=5932.46..5932.46 rows=84843 width=4) (actual time=42.450..42.450 rows=84843 loops=1)
              Buckets: 131072  Batches: 1  Memory Usage: 4007kB
              ->  Seq Scan on company_name cn  (cost=0.00..5932.46 rows=84843 width=4) (actual time=0.006..30.113 rows=84843 loops=1)
                    Filter: ((country_code)::text = '[us]'::text)
                    Rows Removed by Filter: 150154
Planning time: 0.692 ms
Execution time: 924.819 ms
