Aggregate  (cost=100719.23..100719.24 rows=1 width=128) (actual time=1154.497..1154.497 rows=1 loops=1)
  ->  Nested Loop  (cost=88341.83..100719.22 rows=1 width=79) (actual time=775.969..1154.023 rows=757 loops=1)
        ->  Nested Loop  (cost=88341.69..100719.03 rows=1 width=83) (actual time=775.958..1153.113 rows=757 loops=1)
              Join Filter: (t.id = mi.movie_id)
              ->  Nested Loop  (cost=88341.25..100701.01 rows=1 width=57) (actual time=774.507..1085.161 rows=1235 loops=1)
                    ->  Nested Loop  (cost=88340.82..100697.90 rows=3 width=46) (actual time=774.492..1079.664 rows=1736 loops=1)
                          Join Filter: (t.id = ci.movie_id)
                          ->  Hash Join  (cost=88340.26..100499.68 rows=7 width=38) (actual time=774.406..898.616 rows=2023 loops=1)
                                Hash Cond: (mk.keyword_id = k.id)
                                ->  Nested Loop  (cost=84875.49..95357.80 rows=132841 width=42) (actual time=752.510..867.099 rows=132841 loops=1)
                                      ->  Hash Join  (cost=84875.05..91271.94 rows=1875 width=34) (actual time=752.493..826.556 rows=1875 loops=1)
                                            Hash Cond: (mi_idx.info_type_id = it2.id)
                                            ->  Nested Loop  (cost=84872.63..91198.58 rows=5654 width=38) (actual time=752.452..825.797 rows=5654 loops=1)
                                                  ->  Hash Join  (cost=84872.20..89465.43 rows=2083 width=25) (actual time=752.426..818.188 rows=2083 loops=1)
                                                        Hash Cond: (cc.status_id = cct2.id)
                                                        ->  Hash Join  (cost=84871.14..89061.41 rows=38722 width=29) (actual time=752.402..815.341 rows=38722 loops=1)
                                                              Hash Cond: (cc.subject_id = cct1.id)
                                                              ->  Hash Join  (cost=84870.06..88657.38 rows=38722 width=33) (actual time=752.381..808.845 rows=38722 loops=1)
                                                                    Hash Cond: (cc.movie_id = t.id)
                                                                    ->  Seq Scan on complete_cast cc  (cost=0.00..2081.86 rows=135086 width=12) (actual time=0.008..10.279 rows=135086 loops=1)
                                                                    ->  Hash  (cost=67601.90..67601.90 rows=1381453 width=21) (actual time=747.667..747.667 rows=1381453 loops=1)
                                                                          Buckets: 2097152  Batches: 1  Memory Usage: 90381kB
                                                                          ->  Seq Scan on title t  (cost=0.00..67601.90 rows=1381453 width=21) (actual time=0.008..386.559 rows=1381453 loops=1)
                                                                                Filter: (production_year > 2000)
                                                                                Rows Removed by Filter: 1146859
                                                              ->  Hash  (cost=1.05..1.05 rows=2 width=4) (actual time=0.007..0.007 rows=2 loops=1)
                                                                    Buckets: 1024  Batches: 1  Memory Usage: 9kB
                                                                    ->  Seq Scan on comp_cast_type cct1  (cost=0.00..1.05 rows=2 width=4) (actual time=0.004..0.004 rows=2 loops=1)
                                                                          Filter: ((kind)::text = ANY ('{cast,crew}'::text[]))
                                                                          Rows Removed by Filter: 2
                                                        ->  Hash  (cost=1.05..1.05 rows=1 width=4) (actual time=0.014..0.014 rows=1 loops=1)
                                                              Buckets: 1024  Batches: 1  Memory Usage: 9kB
                                                              ->  Seq Scan on comp_cast_type cct2  (cost=0.00..1.05 rows=1 width=4) (actual time=0.005..0.005 rows=1 loops=1)
                                                                    Filter: ((kind)::text = 'complete+verified'::text)
                                                                    Rows Removed by Filter: 3
                                                  ->  Index Scan using movie_id_movie_info_idx on movie_info_idx mi_idx  (cost=0.43..0.80 rows=3 width=13) (actual time=0.003..0.003 rows=3 loops=2083)
                                                        Index Cond: (movie_id = t.id)
                                            ->  Hash  (cost=2.41..2.41 rows=1 width=4) (actual time=0.019..0.019 rows=1 loops=1)
                                                  Buckets: 1024  Batches: 1  Memory Usage: 9kB
                                                  ->  Seq Scan on info_type it2  (cost=0.00..2.41 rows=1 width=4) (actual time=0.014..0.015 rows=1 loops=1)
                                                        Filter: ((info)::text = 'votes'::text)
                                                        Rows Removed by Filter: 112
                                      ->  Index Scan using movie_id_movie_keyword on movie_keyword mk  (cost=0.43..1.73 rows=45 width=8) (actual time=0.004..0.013 rows=71 loops=1875)
                                            Index Cond: (movie_id = t.id)
                                ->  Hash  (cost=3464.69..3464.69 rows=7 width=4) (actual time=21.872..21.872 rows=7 loops=1)
                                      Buckets: 1024  Batches: 1  Memory Usage: 9kB
                                      ->  Seq Scan on keyword k  (cost=0.00..3464.69 rows=7 width=4) (actual time=0.652..21.865 rows=7 loops=1)
                                            Filter: (keyword = ANY ('{murder,violence,blood,gore,death,female-nudity,hospital}'::text[]))
                                            Rows Removed by Filter: 134163
                          ->  Index Scan using movie_id_cast_info on cast_info ci  (cost=0.56..28.31 rows=1 width=8) (actual time=0.061..0.089 rows=1 loops=2023)
                                Index Cond: (movie_id = mk.movie_id)
                                Filter: (note = ANY ('{(writer),"(head writer)","(written by)",(story),"(story editor)"}'::text[]))
                                Rows Removed by Filter: 137
                    ->  Index Scan using name_pkey on name n  (cost=0.43..1.03 rows=1 width=19) (actual time=0.003..0.003 rows=1 loops=1736)
                          Index Cond: (id = ci.person_id)
                          Filter: ((gender)::text = 'm'::text)
                          Rows Removed by Filter: 0
              ->  Index Scan using movie_id_movie_info on movie_info mi  (cost=0.43..18.02 rows=1 width=50) (actual time=0.055..0.055 rows=1 loops=1235)
                    Index Cond: (movie_id = mk.movie_id)
                    Filter: (info = ANY ('{Horror,Thriller}'::text[]))
                    Rows Removed by Filter: 238
        ->  Index Scan using info_type_pkey on info_type it1  (cost=0.14..0.16 rows=1 width=4) (actual time=0.001..0.001 rows=1 loops=757)
              Index Cond: (id = mi.info_type_id)
              Filter: ((info)::text = 'genres'::text)
Planning time: 45.364 ms
Execution time: 1154.950 ms
