Aggregate  (cost=33435.50..33435.51 rows=1 width=128) (actual time=341.711..341.711 rows=1 loops=1)
  ->  Nested Loop  (cost=7.84..33435.49 rows=1 width=79) (actual time=0.582..341.254 rows=757 loops=1)
        ->  Nested Loop  (cost=7.42..33434.45 rows=1 width=68) (actual time=0.573..338.288 rows=1021 loops=1)
              ->  Nested Loop  (cost=7.00..33433.02 rows=2 width=72) (actual time=0.499..244.347 rows=46494 loops=1)
                    ->  Nested Loop  (cost=6.56..33430.84 rows=1 width=88) (actual time=0.489..229.124 rows=384 loops=1)
                          ->  Nested Loop  (cost=6.00..33402.12 rows=1 width=80) (actual time=0.356..175.805 rows=432 loops=1)
                                ->  Nested Loop  (cost=5.86..33401.94 rows=1 width=84) (actual time=0.353..175.185 rows=432 loops=1)
                                      ->  Hash Join  (cost=5.42..32815.45 rows=32 width=34) (actual time=0.071..99.136 rows=1875 loops=1)
                                            Hash Cond: (mi_idx.info_type_id = it2.id)
                                            ->  Nested Loop  (cost=3.00..32767.02 rows=3667 width=38) (actual time=0.047..98.275 rows=5654 loops=1)
                                                  ->  Nested Loop  (cost=2.57..27177.34 rows=6718 width=25) (actual time=0.041..90.725 rows=2083 loops=1)
                                                        ->  Hash Join  (cost=2.14..3745.64 rows=12296 width=4) (actual time=0.019..28.888 rows=24592 loops=1)
                                                              Hash Cond: (cc.subject_id = cct1.id)
                                                              ->  Hash Join  (cost=1.06..3488.66 rows=24592 width=8) (actual time=0.012..24.686 rows=24592 loops=1)
                                                                    Hash Cond: (cc.status_id = cct2.id)
                                                                    ->  Seq Scan on complete_cast cc  (cost=0.00..2081.86 rows=135086 width=12) (actual time=0.006..10.089 rows=135086 loops=1)
                                                                    ->  Hash  (cost=1.05..1.05 rows=1 width=4) (actual time=0.002..0.002 rows=1 loops=1)
                                                                          Buckets: 1024  Batches: 1  Memory Usage: 9kB
                                                                          ->  Seq Scan on comp_cast_type cct2  (cost=0.00..1.05 rows=1 width=4) (actual time=0.002..0.002 rows=1 loops=1)
                                                                                Filter: ((kind)::text = 'complete+verified'::text)
                                                                                Rows Removed by Filter: 3
                                                              ->  Hash  (cost=1.05..1.05 rows=2 width=4) (actual time=0.004..0.004 rows=2 loops=1)
                                                                    Buckets: 1024  Batches: 1  Memory Usage: 9kB
                                                                    ->  Seq Scan on comp_cast_type cct1  (cost=0.00..1.05 rows=2 width=4) (actual time=0.003..0.004 rows=2 loops=1)
                                                                          Filter: ((kind)::text = ANY ('{cast,crew}'::text[]))
                                                                          Rows Removed by Filter: 2
                                                        ->  Index Scan using title_pkey on title t  (cost=0.43..1.91 rows=1 width=21) (actual time=0.002..0.002 rows=0 loops=24592)
                                                              Index Cond: (id = cc.movie_id)
                                                              Filter: (production_year > 2000)
                                                              Rows Removed by Filter: 1
                                                  ->  Index Scan using movie_id_movie_info_idx on movie_info_idx mi_idx  (cost=0.43..0.80 rows=3 width=13) (actual time=0.003..0.003 rows=3 loops=2083)
                                                        Index Cond: (movie_id = t.id)
                                            ->  Hash  (cost=2.41..2.41 rows=1 width=4) (actual time=0.017..0.017 rows=1 loops=1)
                                                  Buckets: 1024  Batches: 1  Memory Usage: 9kB
                                                  ->  Seq Scan on info_type it2  (cost=0.00..2.41 rows=1 width=4) (actual time=0.014..0.016 rows=1 loops=1)
                                                        Filter: ((info)::text = 'votes'::text)
                                                        Rows Removed by Filter: 112
                                      ->  Index Scan using movie_id_movie_info on movie_info mi  (cost=0.43..18.32 rows=1 width=50) (actual time=0.040..0.040 rows=0 loops=1875)
                                            Index Cond: (movie_id = t.id)
                                            Filter: (info = ANY ('{Horror,Thriller}'::text[]))
                                            Rows Removed by Filter: 126
                                ->  Index Scan using info_type_pkey on info_type it1  (cost=0.14..0.16 rows=1 width=4) (actual time=0.001..0.001 rows=1 loops=432)
                                      Index Cond: (id = mi.info_type_id)
                                      Filter: ((info)::text = 'genres'::text)
                          ->  Index Scan using movie_id_cast_info on cast_info ci  (cost=0.56..28.71 rows=1 width=8) (actual time=0.079..0.123 rows=1 loops=432)
                                Index Cond: (movie_id = t.id)
                                Filter: (note = ANY ('{(writer),"(head writer)","(written by)",(story),"(story editor)"}'::text[]))
                                Rows Removed by Filter: 121
                    ->  Index Scan using movie_id_movie_keyword on movie_keyword mk  (cost=0.43..1.73 rows=45 width=8) (actual time=0.005..0.025 rows=121 loops=384)
                          Index Cond: (movie_id = t.id)
              ->  Index Scan using keyword_pkey on keyword k  (cost=0.42..0.68 rows=1 width=4) (actual time=0.002..0.002 rows=0 loops=46494)
                    Index Cond: (id = mk.keyword_id)
                    Filter: (keyword = ANY ('{murder,violence,blood,gore,death,female-nudity,hospital}'::text[]))
                    Rows Removed by Filter: 1
        ->  Index Scan using name_pkey on name n  (cost=0.43..1.03 rows=1 width=19) (actual time=0.003..0.003 rows=1 loops=1021)
              Index Cond: (id = ci.person_id)
              Filter: ((gender)::text = 'm'::text)
              Rows Removed by Filter: 0
Planning time: 45.646 ms
Execution time: 341.809 ms
