Aggregate  (cost=94626.02..94626.03 rows=1 width=128) (actual time=307.221..307.221 rows=1 loops=1)
  ->  Nested Loop  (cost=3468.97..94626.01 rows=1 width=79) (actual time=21.615..306.752 rows=757 loops=1)
        ->  Nested Loop  (cost=3468.54..94624.98 rows=1 width=68) (actual time=21.601..303.809 rows=1021 loops=1)
              Join Filter: (t.id = ci.movie_id)
              ->  Hash Join  (cost=3467.98..94540.03 rows=3 width=84) (actual time=21.465..210.514 rows=1161 loops=1)
                    Hash Cond: (mk.keyword_id = k.id)
                    ->  Nested Loop  (cost=3.20..90424.29 rows=51561 width=88) (actual time=0.362..185.360 rows=51561 loops=1)
                          ->  Nested Loop  (cost=2.77..89482.91 rows=432 width=80) (actual time=0.349..169.438 rows=432 loops=1)
                                ->  Nested Loop  (cost=2.63..89271.04 rows=1303 width=84) (actual time=0.344..167.979 rows=1303 loops=1)
                                      ->  Nested Loop  (cost=2.20..88911.60 rows=432 width=71) (actual time=0.332..165.895 rows=432 loops=1)
                                            ->  Nested Loop  (cost=2.06..88841.29 rows=432 width=75) (actual time=0.324..165.343 rows=432 loops=1)
                                                  ->  Nested Loop  (cost=1.62..50664.67 rows=2083 width=25) (actual time=0.044..87.973 rows=2083 loops=1)
                                                        ->  Nested Loop  (cost=1.49..50352.05 rows=2083 width=29) (actual time=0.041..85.874 rows=2083 loops=1)
                                                              ->  Hash Join  (cost=1.06..3488.66 rows=24592 width=8) (actual time=0.021..24.433 rows=24592 loops=1)
                                                                    Hash Cond: (cc.status_id = cct2.id)
                                                                    ->  Seq Scan on complete_cast cc  (cost=0.00..2081.86 rows=135086 width=12) (actual time=0.009..9.971 rows=135086 loops=1)
                                                                    ->  Hash  (cost=1.05..1.05 rows=1 width=4) (actual time=0.006..0.006 rows=1 loops=1)
                                                                          Buckets: 1024  Batches: 1  Memory Usage: 9kB
                                                                          ->  Seq Scan on comp_cast_type cct2  (cost=0.00..1.05 rows=1 width=4) (actual time=0.004..0.005 rows=1 loops=1)
                                                                                Filter: ((kind)::text = 'complete+verified'::text)
                                                                                Rows Removed by Filter: 3
                                                              ->  Index Scan using title_pkey on title t  (cost=0.43..1.91 rows=1 width=21) (actual time=0.002..0.002 rows=0 loops=24592)
                                                                    Index Cond: (id = cc.movie_id)
                                                                    Filter: (production_year > 2000)
                                                                    Rows Removed by Filter: 1
                                                        ->  Index Scan using comp_cast_type_pkey on comp_cast_type cct1  (cost=0.13..0.15 rows=1 width=4) (actual time=0.001..0.001 rows=1 loops=2083)
                                                              Index Cond: (id = cc.subject_id)
                                                              Filter: ((kind)::text = ANY ('{cast,crew}'::text[]))
                                                  ->  Index Scan using movie_id_movie_info on movie_info mi  (cost=0.43..18.32 rows=1 width=50) (actual time=0.037..0.037 rows=0 loops=2083)
                                                        Index Cond: (movie_id = t.id)
                                                        Filter: (info = ANY ('{Horror,Thriller}'::text[]))
                                                        Rows Removed by Filter: 114
                                            ->  Index Scan using info_type_pkey on info_type it1  (cost=0.14..0.16 rows=1 width=4) (actual time=0.001..0.001 rows=1 loops=432)
                                                  Index Cond: (id = mi.info_type_id)
                                                  Filter: ((info)::text = 'genres'::text)
                                      ->  Index Scan using movie_id_movie_info_idx on movie_info_idx mi_idx  (cost=0.43..0.80 rows=3 width=13) (actual time=0.003..0.004 rows=3 loops=432)
                                            Index Cond: (movie_id = t.id)
                                ->  Index Scan using info_type_pkey on info_type it2  (cost=0.14..0.16 rows=1 width=4) (actual time=0.001..0.001 rows=0 loops=1303)
                                      Index Cond: (id = mi_idx.info_type_id)
                                      Filter: ((info)::text = 'votes'::text)
                                      Rows Removed by Filter: 1
                          ->  Index Scan using movie_id_movie_keyword on movie_keyword mk  (cost=0.43..1.73 rows=45 width=8) (actual time=0.005..0.022 rows=119 loops=432)
                                Index Cond: (movie_id = t.id)
                    ->  Hash  (cost=3464.69..3464.69 rows=7 width=4) (actual time=21.083..21.083 rows=7 loops=1)
                          Buckets: 1024  Batches: 1  Memory Usage: 9kB
                          ->  Seq Scan on keyword k  (cost=0.00..3464.69 rows=7 width=4) (actual time=0.654..21.078 rows=7 loops=1)
                                Filter: (keyword = ANY ('{murder,violence,blood,gore,death,female-nudity,hospital}'::text[]))
                                Rows Removed by Filter: 134163
              ->  Index Scan using movie_id_cast_info on cast_info ci  (cost=0.56..28.31 rows=1 width=8) (actual time=0.051..0.080 rows=1 loops=1161)
                    Index Cond: (movie_id = mk.movie_id)
                    Filter: (note = ANY ('{(writer),"(head writer)","(written by)",(story),"(story editor)"}'::text[]))
                    Rows Removed by Filter: 126
        ->  Index Scan using name_pkey on name n  (cost=0.43..1.03 rows=1 width=19) (actual time=0.003..0.003 rows=1 loops=1021)
              Index Cond: (id = ci.person_id)
              Filter: ((gender)::text = 'm'::text)
              Rows Removed by Filter: 0
Planning time: 44.956 ms
Execution time: 307.316 ms
