Aggregate  (cost=50633.91..50633.92 rows=1 width=128) (actual time=82.069..82.069 rows=1 loops=1)
  ->  Nested Loop  (cost=4.62..50633.90 rows=1 width=79) (actual time=16.252..82.044 rows=28 loops=1)
        ->  Nested Loop  (cost=4.47..50633.71 rows=1 width=83) (actual time=16.248..82.009 rows=28 loops=1)
              Join Filter: (t.id = mi.movie_id)
              ->  Nested Loop  (cost=4.04..50615.69 rows=1 width=57) (actual time=16.125..80.227 rows=20 loops=1)
                    ->  Nested Loop  (cost=3.62..50614.25 rows=2 width=61) (actual time=16.105..78.772 rows=686 loops=1)
                          Join Filter: (t.id = mk.movie_id)
                          ->  Nested Loop  (cost=3.19..50611.96 rows=1 width=53) (actual time=16.093..78.532 rows=5 loops=1)
                                ->  Nested Loop  (cost=3.04..50611.78 rows=1 width=57) (actual time=16.085..78.504 rows=15 loops=1)
                                      Join Filter: (t.id = mi_idx.movie_id)
                                      ->  Nested Loop  (cost=2.62..50610.09 rows=2 width=44) (actual time=16.076..78.472 rows=5 loops=1)
                                            ->  Nested Loop  (cost=2.19..50604.92 rows=5 width=33) (actual time=16.066..78.438 rows=5 loops=1)
                                                  Join Filter: (t.id = ci.movie_id)
                                                  ->  Nested Loop  (cost=1.62..50536.81 rows=2 width=25) (actual time=15.994..78.172 rows=2 loops=1)
                                                        ->  Nested Loop  (cost=1.49..50536.49 rows=2 width=29) (actual time=15.985..78.156 rows=2 loops=1)
                                                              ->  Hash Join  (cost=1.06..3488.66 rows=24592 width=8) (actual time=0.022..22.405 rows=24592 loops=1)
                                                                    Hash Cond: (cc.status_id = cct2.id)
                                                                    ->  Seq Scan on complete_cast cc  (cost=0.00..2081.86 rows=135086 width=12) (actual time=0.010..9.151 rows=135086 loops=1)
                                                                    ->  Hash  (cost=1.05..1.05 rows=1 width=4) (actual time=0.006..0.006 rows=1 loops=1)
                                                                          Buckets: 1024  Batches: 1  Memory Usage: 9kB
                                                                          ->  Seq Scan on comp_cast_type cct2  (cost=0.00..1.05 rows=1 width=4) (actual time=0.004..0.005 rows=1 loops=1)
                                                                                Filter: ((kind)::text = 'complete+verified'::text)
                                                                                Rows Removed by Filter: 3
                                                              ->  Index Scan using title_pkey on title t  (cost=0.43..1.91 rows=1 width=21) (actual time=0.002..0.002 rows=0 loops=24592)
                                                                    Index Cond: (id = cc.movie_id)
                                                                    Filter: ((production_year > 2000) AND ((title ~~ '%Freddy%'::text) OR (title ~~ '%Jason%'::text) OR (title ~~ 'Saw%'::text)))
                                                                    Rows Removed by Filter: 1
                                                        ->  Index Scan using comp_cast_type_pkey on comp_cast_type cct1  (cost=0.13..0.15 rows=1 width=4) (actual time=0.006..0.006 rows=1 loops=2)
                                                              Index Cond: (id = cc.subject_id)
                                                              Filter: ((kind)::text = ANY ('{cast,crew}'::text[]))
                                                  ->  Index Scan using movie_id_cast_info on cast_info ci  (cost=0.56..34.04 rows=1 width=8) (actual time=0.056..0.131 rows=2 loops=2)
                                                        Index Cond: (movie_id = cc.movie_id)
                                                        Filter: (note = ANY ('{(writer),"(head writer)","(written by)",(story),"(story editor)"}'::text[]))
                                                        Rows Removed by Filter: 95
                                            ->  Index Scan using name_pkey on name n  (cost=0.43..1.03 rows=1 width=19) (actual time=0.006..0.006 rows=1 loops=5)
                                                  Index Cond: (id = ci.person_id)
                                                  Filter: ((gender)::text = 'm'::text)
                                      ->  Index Scan using movie_id_movie_info_idx on movie_info_idx mi_idx  (cost=0.43..0.81 rows=3 width=13) (actual time=0.004..0.005 rows=3 loops=5)
                                            Index Cond: (movie_id = ci.movie_id)
                                ->  Index Scan using info_type_pkey on info_type it2  (cost=0.14..0.16 rows=1 width=4) (actual time=0.001..0.001 rows=0 loops=15)
                                      Index Cond: (id = mi_idx.info_type_id)
                                      Filter: ((info)::text = 'votes'::text)
                                      Rows Removed by Filter: 1
                          ->  Index Scan using movie_id_movie_keyword on movie_keyword mk  (cost=0.43..1.73 rows=45 width=8) (actual time=0.006..0.025 rows=137 loops=5)
                                Index Cond: (movie_id = mi_idx.movie_id)
                    ->  Index Scan using keyword_pkey on keyword k  (cost=0.42..0.68 rows=1 width=4) (actual time=0.002..0.002 rows=0 loops=686)
                          Index Cond: (id = mk.keyword_id)
                          Filter: (keyword = ANY ('{murder,violence,blood,gore,death,female-nudity,hospital}'::text[]))
                          Rows Removed by Filter: 1
              ->  Index Scan using movie_id_movie_info on movie_info mi  (cost=0.43..18.02 rows=1 width=50) (actual time=0.088..0.089 rows=1 loops=20)
                    Index Cond: (movie_id = mk.movie_id)
                    Filter: (info = ANY ('{Horror,Thriller}'::text[]))
                    Rows Removed by Filter: 451
        ->  Index Scan using info_type_pkey on info_type it1  (cost=0.14..0.16 rows=1 width=4) (actual time=0.001..0.001 rows=1 loops=28)
              Index Cond: (id = mi.info_type_id)
              Filter: ((info)::text = 'genres'::text)
Planning time: 45.457 ms
Execution time: 82.180 ms
