Aggregate  (cost=37721.49..37721.50 rows=1 width=128) (actual time=1774.618..1774.618 rows=1 loops=1)
  ->  Nested Loop  (cost=3472.19..37721.48 rows=1 width=79) (actual time=21.301..1770.419 rows=8024 loops=1)
        ->  Nested Loop  (cost=3471.76..37720.44 rows=1 width=68) (actual time=21.291..1738.527 rows=11863 loops=1)
              Join Filter: (t.id = ci.movie_id)
              ->  Nested Loop  (cost=3471.19..37692.13 rows=1 width=84) (actual time=21.214..991.981 rows=14655 loops=1)
                    Join Filter: (mi.movie_id = t.id)
                    ->  Nested Loop  (cost=3470.76..37691.30 rows=1 width=63) (actual time=21.203..958.796 rows=14655 loops=1)
                          ->  Nested Loop  (cost=3470.62..37691.11 rows=1 width=67) (actual time=21.197..938.968 rows=18333 loops=1)
                                Join Filter: (mi_idx.movie_id = mi.movie_id)
                                ->  Hash Join  (cost=3470.18..37672.88 rows=1 width=17) (actual time=21.099..403.420 rows=12476 loops=1)
                                      Hash Cond: (mi_idx.info_type_id = it2.id)
                                      ->  Nested Loop  (cost=3467.76..37669.70 rows=60 width=21) (actual time=21.073..397.925 rows=37903 loops=1)
                                            ->  Hash Join  (cost=3467.33..37653.48 rows=20 width=8) (actual time=21.062..357.422 rows=12521 loops=1)
                                                  Hash Cond: (mk.keyword_id = k.id)
                                                  ->  Nested Loop  (cost=2.56..29352.94 rows=383033 width=12) (actual time=0.029..282.687 rows=742266 loops=1)
                                                        ->  Hash Join  (cost=2.12..3841.16 rows=8443 width=4) (actual time=0.018..39.420 rows=17879 loops=1)
                                                              Hash Cond: (cc.status_id = cct2.id)
                                                              ->  Hash Join  (cost=1.06..3488.66 rows=33772 width=8) (actual time=0.011..31.250 rows=85941 loops=1)
                                                                    Hash Cond: (cc.subject_id = cct1.id)
                                                                    ->  Seq Scan on complete_cast cc  (cost=0.00..2081.86 rows=135086 width=12) (actual time=0.005..10.145 rows=135086 loops=1)
                                                                    ->  Hash  (cost=1.05..1.05 rows=1 width=4) (actual time=0.002..0.002 rows=1 loops=1)
                                                                          Buckets: 1024  Batches: 1  Memory Usage: 9kB
                                                                          ->  Seq Scan on comp_cast_type cct1  (cost=0.00..1.05 rows=1 width=4) (actual time=0.001..0.002 rows=1 loops=1)
                                                                                Filter: ((kind)::text = 'cast'::text)
                                                                                Rows Removed by Filter: 3
                                                              ->  Hash  (cost=1.05..1.05 rows=1 width=4) (actual time=0.003..0.003 rows=1 loops=1)
                                                                    Buckets: 1024  Batches: 1  Memory Usage: 9kB
                                                                    ->  Seq Scan on comp_cast_type cct2  (cost=0.00..1.05 rows=1 width=4) (actual time=0.003..0.003 rows=1 loops=1)
                                                                          Filter: ((kind)::text = 'complete+verified'::text)
                                                                          Rows Removed by Filter: 3
                                                        ->  Index Scan using movie_id_movie_keyword on movie_keyword mk  (cost=0.43..2.57 rows=45 width=8) (actual time=0.003..0.009 rows=42 loops=17879)
                                                              Index Cond: (movie_id = cc.movie_id)
                                                  ->  Hash  (cost=3464.69..3464.69 rows=7 width=4) (actual time=20.984..20.984 rows=7 loops=1)
                                                        Buckets: 1024  Batches: 1  Memory Usage: 9kB
                                                        ->  Seq Scan on keyword k  (cost=0.00..3464.69 rows=7 width=4) (actual time=0.636..20.982 rows=7 loops=1)
                                                              Filter: (keyword = ANY ('{murder,violence,blood,gore,death,female-nudity,hospital}'::text[]))
                                                              Rows Removed by Filter: 134163
                                            ->  Index Scan using movie_id_movie_info_idx on movie_info_idx mi_idx  (cost=0.43..0.78 rows=3 width=13) (actual time=0.002..0.003 rows=3 loops=12521)
                                                  Index Cond: (movie_id = mk.movie_id)
                                      ->  Hash  (cost=2.41..2.41 rows=1 width=4) (actual time=0.018..0.018 rows=1 loops=1)
                                            Buckets: 1024  Batches: 1  Memory Usage: 9kB
                                            ->  Seq Scan on info_type it2  (cost=0.00..2.41 rows=1 width=4) (actual time=0.015..0.017 rows=1 loops=1)
                                                  Filter: ((info)::text = 'votes'::text)
                                                  Rows Removed by Filter: 112
                                ->  Index Scan using movie_id_movie_info on movie_info mi  (cost=0.43..18.23 rows=1 width=50) (actual time=0.039..0.042 rows=1 loops=12476)
                                      Index Cond: (movie_id = mk.movie_id)
                                      Filter: (info = ANY ('{Horror,Action,Sci-Fi,Thriller,Crime,War}'::text[]))
                                      Rows Removed by Filter: 130
                          ->  Index Scan using info_type_pkey on info_type it1  (cost=0.14..0.16 rows=1 width=4) (actual time=0.001..0.001 rows=1 loops=18333)
                                Index Cond: (id = mi.info_type_id)
                                Filter: ((info)::text = 'genres'::text)
                                Rows Removed by Filter: 0
                    ->  Index Scan using title_pkey on title t  (cost=0.43..0.82 rows=1 width=21) (actual time=0.002..0.002 rows=1 loops=14655)
                          Index Cond: (id = mk.movie_id)
              ->  Index Scan using movie_id_cast_info on cast_info ci  (cost=0.56..28.31 rows=1 width=8) (actual time=0.037..0.051 rows=1 loops=14655)
                    Index Cond: (movie_id = mk.movie_id)
                    Filter: (note = ANY ('{(writer),"(head writer)","(written by)",(story),"(story editor)"}'::text[]))
                    Rows Removed by Filter: 83
        ->  Index Scan using name_pkey on name n  (cost=0.43..1.03 rows=1 width=19) (actual time=0.002..0.002 rows=1 loops=11863)
              Index Cond: (id = ci.person_id)
              Filter: ((gender)::text = 'm'::text)
              Rows Removed by Filter: 0
Planning time: 45.852 ms
Execution time: 1774.725 ms
