Aggregate  (cost=97698.99..97699.00 rows=1 width=128) (actual time=1699.273..1699.273 rows=1 loops=1)
  ->  Nested Loop  (cost=3474.47..97698.98 rows=1 width=79) (actual time=21.451..1695.188 rows=8024 loops=1)
        ->  Nested Loop  (cost=3474.04..97697.95 rows=1 width=68) (actual time=21.441..1665.007 rows=11863 loops=1)
              Join Filter: (t.id = ci.movie_id)
              ->  Hash Join  (cost=3473.47..97669.63 rows=1 width=84) (actual time=21.367..954.921 rows=14655 loops=1)
                    Hash Cond: (mi.info_type_id = it1.id)
                    ->  Nested Loop  (cost=3471.05..97666.89 rows=25 width=88) (actual time=21.342..951.038 rows=18333 loops=1)
                          Join Filter: (t.id = mi.movie_id)
                          ->  Hash Join  (cost=3470.61..91557.21 rows=335 width=38) (actual time=21.246..424.907 rows=12476 loops=1)
                                Hash Cond: (mi_idx.info_type_id = it2.id)
                                ->  Nested Loop  (cost=3468.19..91079.23 rows=37903 width=42) (actual time=21.232..419.623 rows=37903 loops=1)
                                      ->  Nested Loop  (cost=3467.76..80833.91 rows=12521 width=29) (actual time=21.223..381.226 rows=12521 loops=1)
                                            ->  Hash Join  (cost=3467.33..70605.53 rows=12521 width=8) (actual time=21.211..350.352 rows=12521 loops=1)
                                                  Hash Cond: (mk.keyword_id = k.id)
                                                  ->  Nested Loop  (cost=2.56..57769.70 rows=742266 width=12) (actual time=0.027..276.353 rows=742266 loops=1)
                                                        ->  Hash Join  (cost=2.12..3745.63 rows=17879 width=4) (actual time=0.017..28.987 rows=17879 loops=1)
                                                              Hash Cond: (cc.subject_id = cct1.id)
                                                              ->  Hash Join  (cost=1.06..3488.66 rows=24592 width=8) (actual time=0.011..25.266 rows=24592 loops=1)
                                                                    Hash Cond: (cc.status_id = cct2.id)
                                                                    ->  Seq Scan on complete_cast cc  (cost=0.00..2081.86 rows=135086 width=12) (actual time=0.006..10.384 rows=135086 loops=1)
                                                                    ->  Hash  (cost=1.05..1.05 rows=1 width=4) (actual time=0.002..0.002 rows=1 loops=1)
                                                                          Buckets: 1024  Batches: 1  Memory Usage: 9kB
                                                                          ->  Seq Scan on comp_cast_type cct2  (cost=0.00..1.05 rows=1 width=4) (actual time=0.002..0.002 rows=1 loops=1)
                                                                                Filter: ((kind)::text = 'complete+verified'::text)
                                                                                Rows Removed by Filter: 3
                                                              ->  Hash  (cost=1.05..1.05 rows=1 width=4) (actual time=0.004..0.004 rows=1 loops=1)
                                                                    Buckets: 1024  Batches: 1  Memory Usage: 9kB
                                                                    ->  Seq Scan on comp_cast_type cct1  (cost=0.00..1.05 rows=1 width=4) (actual time=0.003..0.003 rows=1 loops=1)
                                                                          Filter: ((kind)::text = 'cast'::text)
                                                                          Rows Removed by Filter: 3
                                                        ->  Index Scan using movie_id_movie_keyword on movie_keyword mk  (cost=0.43..2.57 rows=45 width=8) (actual time=0.003..0.009 rows=42 loops=17879)
                                                              Index Cond: (movie_id = cc.movie_id)
                                                  ->  Hash  (cost=3464.69..3464.69 rows=7 width=4) (actual time=21.126..21.126 rows=7 loops=1)
                                                        Buckets: 1024  Batches: 1  Memory Usage: 9kB
                                                        ->  Seq Scan on keyword k  (cost=0.00..3464.69 rows=7 width=4) (actual time=0.647..21.125 rows=7 loops=1)
                                                              Filter: (keyword = ANY ('{murder,violence,blood,gore,death,female-nudity,hospital}'::text[]))
                                                              Rows Removed by Filter: 134163
                                            ->  Index Scan using title_pkey on title t  (cost=0.43..0.82 rows=1 width=21) (actual time=0.002..0.002 rows=1 loops=12521)
                                                  Index Cond: (id = mk.movie_id)
                                      ->  Index Scan using movie_id_movie_info_idx on movie_info_idx mi_idx  (cost=0.43..0.79 rows=3 width=13) (actual time=0.002..0.002 rows=3 loops=12521)
                                            Index Cond: (movie_id = t.id)
                                ->  Hash  (cost=2.41..2.41 rows=1 width=4) (actual time=0.009..0.009 rows=1 loops=1)
                                      Buckets: 1024  Batches: 1  Memory Usage: 9kB
                                      ->  Seq Scan on info_type it2  (cost=0.00..2.41 rows=1 width=4) (actual time=0.008..0.009 rows=1 loops=1)
                                            Filter: ((info)::text = 'votes'::text)
                                            Rows Removed by Filter: 112
                          ->  Index Scan using movie_id_movie_info on movie_info mi  (cost=0.43..18.23 rows=1 width=50) (actual time=0.038..0.042 rows=1 loops=12476)
                                Index Cond: (movie_id = mk.movie_id)
                                Filter: (info = ANY ('{Horror,Action,Sci-Fi,Thriller,Crime,War}'::text[]))
                                Rows Removed by Filter: 130
                    ->  Hash  (cost=2.41..2.41 rows=1 width=4) (actual time=0.018..0.018 rows=1 loops=1)
                          Buckets: 1024  Batches: 1  Memory Usage: 9kB
                          ->  Seq Scan on info_type it1  (cost=0.00..2.41 rows=1 width=4) (actual time=0.010..0.016 rows=1 loops=1)
                                Filter: ((info)::text = 'genres'::text)
                                Rows Removed by Filter: 112
              ->  Index Scan using movie_id_cast_info on cast_info ci  (cost=0.56..28.31 rows=1 width=8) (actual time=0.036..0.048 rows=1 loops=14655)
                    Index Cond: (movie_id = mk.movie_id)
                    Filter: (note = ANY ('{(writer),"(head writer)","(written by)",(story),"(story editor)"}'::text[]))
                    Rows Removed by Filter: 83
        ->  Index Scan using name_pkey on name n  (cost=0.43..1.03 rows=1 width=19) (actual time=0.002..0.002 rows=1 loops=11863)
              Index Cond: (id = ci.person_id)
              Filter: ((gender)::text = 'm'::text)
              Rows Removed by Filter: 0
Planning time: 44.991 ms
Execution time: 1699.376 ms
