Aggregate  (cost=13970.85..13970.86 rows=1 width=128) (actual time=403.093..403.093 rows=1 loops=1)
  ->  Nested Loop  (cost=3.86..13970.84 rows=1 width=79) (actual time=3.171..402.414 rows=1273 loops=1)
        Join Filter: (mi.movie_id = t.id)
        ->  Nested Loop  (cost=3.43..13969.74 rows=1 width=82) (actual time=3.162..399.529 rows=1273 loops=1)
              ->  Nested Loop  (cost=3.00..13968.45 rows=1 width=71) (actual time=3.002..395.290 rows=1556 loops=1)
                    ->  Nested Loop  (cost=2.85..13968.26 rows=1 width=75) (actual time=2.999..393.358 rows=1616 loops=1)
                          Join Filter: (mi_idx.movie_id = mi.movie_id)
                          ->  Nested Loop  (cost=2.42..13944.88 rows=1 width=25) (actual time=0.726..331.712 rows=1471 loops=1)
                                Join Filter: (mi_idx.movie_id = ci.movie_id)
                                ->  Nested Loop  (cost=1.85..13912.72 rows=1 width=17) (actual time=0.678..211.285 rows=1547 loops=1)
                                      ->  Nested Loop  (cost=1.43..13855.26 rows=59 width=21) (actual time=0.525..62.349 rows=72391 loops=1)
                                            ->  Nested Loop  (cost=1.00..13840.55 rows=6 width=13) (actual time=0.517..34.721 rows=1449 loops=1)
                                                  ->  Nested Loop  (cost=0.86..13724.78 rows=712 width=17) (actual time=0.509..30.251 rows=4370 loops=1)
                                                        ->  Nested Loop  (cost=0.43..13443.37 rows=255 width=4) (actual time=0.500..23.525 rows=1814 loops=1)
                                                              ->  Seq Scan on company_name cn  (cost=0.00..5932.46 rows=23 width=4) (actual time=0.484..21.734 rows=10 loops=1)
                                                                    Filter: (name ~~ 'Lionsgate%'::text)
                                                                    Rows Removed by Filter: 234987
                                                              ->  Index Scan using company_id_movie_companies on movie_companies mc  (cost=0.43..325.23 rows=133 width=8) (actual time=0.008..0.149 rows=181 loops=10)
                                                                    Index Cond: (company_id = cn.id)
                                                        ->  Index Scan using movie_id_movie_info_idx on movie_info_idx mi_idx  (cost=0.43..1.07 rows=3 width=13) (actual time=0.003..0.003 rows=2 loops=1814)
                                                              Index Cond: (movie_id = mc.movie_id)
                                                  ->  Index Scan using info_type_pkey on info_type it2  (cost=0.14..0.16 rows=1 width=4) (actual time=0.001..0.001 rows=0 loops=4370)
                                                        Index Cond: (id = mi_idx.info_type_id)
                                                        Filter: ((info)::text = 'votes'::text)
                                                        Rows Removed by Filter: 1
                                            ->  Index Scan using movie_id_movie_keyword on movie_keyword mk  (cost=0.43..2.00 rows=45 width=8) (actual time=0.004..0.012 rows=50 loops=1449)
                                                  Index Cond: (movie_id = mi_idx.movie_id)
                                      ->  Index Scan using keyword_pkey on keyword k  (cost=0.42..0.97 rows=1 width=4) (actual time=0.002..0.002 rows=0 loops=72391)
                                            Index Cond: (id = mk.keyword_id)
                                            Filter: (keyword = ANY ('{murder,violence,blood,gore,death,female-nudity,hospital}'::text[]))
                                            Rows Removed by Filter: 1
                                ->  Index Scan using movie_id_cast_info on cast_info ci  (cost=0.56..32.15 rows=1 width=8) (actual time=0.055..0.077 rows=1 loops=1547)
                                      Index Cond: (movie_id = mk.movie_id)
                                      Filter: (note = ANY ('{(writer),"(head writer)","(written by)",(story),"(story editor)"}'::text[]))
                                      Rows Removed by Filter: 119
                          ->  Index Scan using movie_id_movie_info on movie_info mi  (cost=0.43..23.37 rows=1 width=50) (actual time=0.041..0.041 rows=1 loops=1471)
                                Index Cond: (movie_id = mk.movie_id)
                                Filter: (info = ANY ('{Horror,Thriller}'::text[]))
                                Rows Removed by Filter: 173
                    ->  Index Scan using info_type_pkey on info_type it1  (cost=0.14..0.16 rows=1 width=4) (actual time=0.001..0.001 rows=1 loops=1616)
                          Index Cond: (id = mi.info_type_id)
                          Filter: ((info)::text = 'genres'::text)
                          Rows Removed by Filter: 0
              ->  Index Scan using name_pkey on name n  (cost=0.43..1.29 rows=1 width=19) (actual time=0.002..0.002 rows=1 loops=1556)
                    Index Cond: (id = ci.person_id)
                    Filter: ((gender)::text = 'm'::text)
                    Rows Removed by Filter: 0
        ->  Index Scan using title_pkey on title t  (cost=0.43..1.10 rows=1 width=21) (actual time=0.002..0.002 rows=1 loops=1273)
              Index Cond: (id = mk.movie_id)
Planning time: 29.128 ms
Execution time: 403.204 ms
