Aggregate  (cost=13487.67..13487.68 rows=1 width=128) (actual time=155.712..155.713 rows=1 loops=1)
  ->  Nested Loop  (cost=3.85..13487.66 rows=1 width=79) (actual time=2.461..155.654 rows=84 loops=1)
        ->  Nested Loop  (cost=3.42..13486.37 rows=1 width=68) (actual time=2.451..155.429 rows=84 loops=1)
              ->  Nested Loop  (cost=3.00..13485.26 rows=1 width=72) (actual time=0.982..149.952 rows=2686 loops=1)
                    ->  Nested Loop  (cost=2.86..13485.08 rows=1 width=76) (actual time=0.979..147.336 rows=2686 loops=1)
                          Join Filter: (t.id = mi.movie_id)
                          ->  Nested Loop  (cost=2.43..13461.70 rows=1 width=50) (actual time=0.906..58.595 rows=1591 loops=1)
                                Join Filter: (t.id = ci.movie_id)
                                ->  Nested Loop  (cost=1.86..13429.53 rows=1 width=42) (actual time=0.803..25.022 rows=894 loops=1)
                                      Join Filter: (t.id = mk.movie_id)
                                      ->  Nested Loop  (cost=1.43..13426.97 rows=1 width=34) (actual time=0.791..24.645 rows=7 loops=1)
                                            ->  Nested Loop  (cost=1.00..13425.79 rows=1 width=13) (actual time=0.536..24.063 rows=134 loops=1)
                                                  ->  Nested Loop  (cost=0.86..13425.28 rows=3 width=17) (actual time=0.529..23.683 rows=412 loops=1)
                                                        ->  Nested Loop  (cost=0.43..13420.66 rows=1 width=4) (actual time=0.520..22.998 rows=135 loops=1)
                                                              ->  Seq Scan on company_name cn  (cost=0.00..5932.46 rows=23 width=4) (actual time=0.496..21.419 rows=10 loops=1)
                                                                    Filter: (name ~~ 'Lionsgate%'::text)
                                                                    Rows Removed by Filter: 234987
                                                              ->  Index Scan using company_id_movie_companies on movie_companies mc  (cost=0.43..325.56 rows=1 width=8) (actual time=0.044..0.155 rows=14 loops=10)
                                                                    Index Cond: (company_id = cn.id)
                                                                    Filter: (note ~~ '%(Blu-ray)%'::text)
                                                                    Rows Removed by Filter: 168
                                                        ->  Index Scan using movie_id_movie_info_idx on movie_info_idx mi_idx  (cost=0.43..4.59 rows=3 width=13) (actual time=0.004..0.004 rows=3 loops=135)
                                                              Index Cond: (movie_id = mc.movie_id)
                                                  ->  Index Scan using info_type_pkey on info_type it2  (cost=0.14..0.16 rows=1 width=4) (actual time=0.001..0.001 rows=0 loops=412)
                                                        Index Cond: (id = mi_idx.info_type_id)
                                                        Filter: ((info)::text = 'votes'::text)
                                                        Rows Removed by Filter: 1
                                            ->  Index Scan using title_pkey on title t  (cost=0.43..1.18 rows=1 width=21) (actual time=0.004..0.004 rows=0 loops=134)
                                                  Index Cond: (id = mi_idx.movie_id)
                                                  Filter: ((production_year > 2000) AND ((title ~~ '%Freddy%'::text) OR (title ~~ '%Jason%'::text) OR (title ~~ 'Saw%'::text)))
                                                  Rows Removed by Filter: 1
                                      ->  Index Scan using movie_id_movie_keyword on movie_keyword mk  (cost=0.43..2.00 rows=45 width=8) (actual time=0.007..0.030 rows=128 loops=7)
                                            Index Cond: (movie_id = mi_idx.movie_id)
                                ->  Index Scan using movie_id_cast_info on cast_info ci  (cost=0.56..32.15 rows=1 width=8) (actual time=0.028..0.037 rows=2 loops=894)
                                      Index Cond: (movie_id = mk.movie_id)
                                      Filter: (note = ANY ('{(writer),"(head writer)","(written by)",(story),"(story editor)"}'::text[]))
                                      Rows Removed by Filter: 86
                          ->  Index Scan using movie_id_movie_info on movie_info mi  (cost=0.43..23.37 rows=1 width=50) (actual time=0.055..0.055 rows=2 loops=1591)
                                Index Cond: (movie_id = mk.movie_id)
                                Filter: (info = ANY ('{Horror,Thriller}'::text[]))
                                Rows Removed by Filter: 275
                    ->  Index Scan using info_type_pkey on info_type it1  (cost=0.14..0.16 rows=1 width=4) (actual time=0.001..0.001 rows=1 loops=2686)
                          Index Cond: (id = mi.info_type_id)
                          Filter: ((info)::text = 'genres'::text)
              ->  Index Scan using keyword_pkey on keyword k  (cost=0.42..0.97 rows=1 width=4) (actual time=0.002..0.002 rows=0 loops=2686)
                    Index Cond: (id = mk.keyword_id)
                    Filter: (keyword = ANY ('{murder,violence,blood,gore,death,female-nudity,hospital}'::text[]))
                    Rows Removed by Filter: 1
        ->  Index Scan using name_pkey on name n  (cost=0.43..1.29 rows=1 width=19) (actual time=0.002..0.002 rows=1 loops=84)
              Index Cond: (id = ci.person_id)
              Filter: ((gender)::text = 'm'::text)
Planning time: 29.527 ms
Execution time: 155.831 ms
