Aggregate  (cost=10459.44..10459.45 rows=1 width=128) (actual time=31.667..31.667 rows=1 loops=1)
  ->  Nested Loop  (cost=3.85..10459.43 rows=1 width=79) (actual time=1.046..31.617 rows=84 loops=1)
        ->  Nested Loop  (cost=3.42..10458.14 rows=1 width=68) (actual time=1.038..31.406 rows=84 loops=1)
              Join Filter: (t.id = ci.movie_id)
              ->  Nested Loop  (cost=2.86..10425.97 rows=1 width=84) (actual time=0.929..29.140 rows=46 loops=1)
                    ->  Nested Loop  (cost=2.44..10423.89 rows=2 width=88) (actual time=0.878..25.770 rows=1504 loops=1)
                          Join Filter: (t.id = mk.movie_id)
                          ->  Nested Loop  (cost=2.01..10395.68 rows=11 width=80) (actual time=0.867..25.221 rows=11 loops=1)
                                ->  Nested Loop  (cost=1.86..10393.87 rows=11 width=84) (actual time=0.864..25.202 rows=11 loops=1)
                                      Join Filter: (t.id = mi.movie_id)
                                      ->  Nested Loop  (cost=1.43..10228.29 rows=7 width=34) (actual time=0.782..24.650 rows=7 loops=1)
                                            ->  Nested Loop  (cost=1.00..10070.77 rows=134 width=13) (actual time=0.521..24.090 rows=134 loops=1)
                                                  ->  Nested Loop  (cost=0.86..10003.77 rows=412 width=17) (actual time=0.513..23.711 rows=412 loops=1)
                                                        ->  Nested Loop  (cost=0.43..9329.97 rows=135 width=4) (actual time=0.505..23.074 rows=135 loops=1)
                                                              ->  Seq Scan on company_name cn  (cost=0.00..5932.46 rows=10 width=4) (actual time=0.481..21.565 rows=10 loops=1)
                                                                    Filter: (name ~~ 'Lionsgate%'::text)
                                                                    Rows Removed by Filter: 234987
                                                              ->  Index Scan using company_id_movie_companies on movie_companies mc  (cost=0.43..339.74 rows=1 width=8) (actual time=0.042..0.148 rows=14 loops=10)
                                                                    Index Cond: (company_id = cn.id)
                                                                    Filter: (note ~~ '%(Blu-ray)%'::text)
                                                                    Rows Removed by Filter: 168
                                                        ->  Index Scan using movie_id_movie_info_idx on movie_info_idx mi_idx  (cost=0.43..4.96 rows=3 width=13) (actual time=0.004..0.004 rows=3 loops=135)
                                                              Index Cond: (movie_id = mc.movie_id)
                                                  ->  Index Scan using info_type_pkey on info_type it2  (cost=0.14..0.16 rows=1 width=4) (actual time=0.001..0.001 rows=0 loops=412)
                                                        Index Cond: (id = mi_idx.info_type_id)
                                                        Filter: ((info)::text = 'votes'::text)
                                                        Rows Removed by Filter: 1
                                            ->  Index Scan using title_pkey on title t  (cost=0.43..1.18 rows=1 width=21) (actual time=0.004..0.004 rows=0 loops=134)
                                                  Index Cond: (id = mi_idx.movie_id)
                                                  Filter: ((production_year > 2000) AND ((title ~~ '%Freddy%'::text) OR (title ~~ '%Jason%'::text) OR (title ~~ 'Saw%'::text)))
                                                  Rows Removed by Filter: 1
                                      ->  Index Scan using movie_id_movie_info on movie_info mi  (cost=0.43..23.64 rows=1 width=50) (actual time=0.077..0.078 rows=2 loops=7)
                                            Index Cond: (movie_id = mi_idx.movie_id)
                                            Filter: (info = ANY ('{Horror,Thriller}'::text[]))
                                            Rows Removed by Filter: 265
                                ->  Index Scan using info_type_pkey on info_type it1  (cost=0.14..0.16 rows=1 width=4) (actual time=0.001..0.001 rows=1 loops=11)
                                      Index Cond: (id = mi.info_type_id)
                                      Filter: ((info)::text = 'genres'::text)
                          ->  Index Scan using movie_id_movie_keyword on movie_keyword mk  (cost=0.43..2.00 rows=45 width=8) (actual time=0.005..0.027 rows=137 loops=11)
                                Index Cond: (movie_id = mi_idx.movie_id)
                    ->  Index Scan using keyword_pkey on keyword k  (cost=0.42..0.97 rows=1 width=4) (actual time=0.002..0.002 rows=0 loops=1504)
                          Index Cond: (id = mk.keyword_id)
                          Filter: (keyword = ANY ('{murder,violence,blood,gore,death,female-nudity,hospital}'::text[]))
                          Rows Removed by Filter: 1
              ->  Index Scan using movie_id_cast_info on cast_info ci  (cost=0.56..32.15 rows=1 width=8) (actual time=0.036..0.049 rows=2 loops=46)
                    Index Cond: (movie_id = mk.movie_id)
                    Filter: (note = ANY ('{(writer),"(head writer)","(written by)",(story),"(story editor)"}'::text[]))
                    Rows Removed by Filter: 87
        ->  Index Scan using name_pkey on name n  (cost=0.43..1.29 rows=1 width=19) (actual time=0.002..0.002 rows=1 loops=84)
              Index Cond: (id = ci.person_id)
              Filter: ((gender)::text = 'm'::text)
Planning time: 28.617 ms
Execution time: 31.783 ms
