Aggregate  (cost=13301.80..13301.81 rows=1 width=128) (actual time=33.450..33.450 rows=1 loops=1)
  ->  Nested Loop  (cost=3.85..13300.96 rows=84 width=79) (actual time=1.038..33.398 rows=84 loops=1)
        ->  Nested Loop  (cost=3.71..13287.29 rows=84 width=83) (actual time=1.035..33.304 rows=84 loops=1)
              Join Filter: (t.id = mi.movie_id)
              ->  Nested Loop  (cost=3.28..12048.16 rows=53 width=57) (actual time=0.963..29.984 rows=53 loops=1)
                    ->  Nested Loop  (cost=2.86..10502.36 rows=1591 width=61) (actual time=0.910..26.615 rows=1591 loops=1)
                          Join Filter: (t.id = mk.movie_id)
                          ->  Nested Loop  (cost=2.42..10471.58 rows=12 width=53) (actual time=0.900..26.055 rows=12 loops=1)
                                ->  Nested Loop  (cost=1.99..10456.05 rows=12 width=42) (actual time=0.890..25.990 rows=12 loops=1)
                                      Join Filter: (t.id = ci.movie_id)
                                      ->  Nested Loop  (cost=1.43..10228.29 rows=7 width=34) (actual time=0.786..25.345 rows=7 loops=1)
                                            ->  Nested Loop  (cost=1.00..10070.77 rows=134 width=13) (actual time=0.515..24.789 rows=134 loops=1)
                                                  ->  Nested Loop  (cost=0.86..10003.77 rows=412 width=17) (actual time=0.508..24.412 rows=412 loops=1)
                                                        ->  Nested Loop  (cost=0.43..9329.97 rows=135 width=4) (actual time=0.499..23.755 rows=135 loops=1)
                                                              ->  Seq Scan on company_name cn  (cost=0.00..5932.46 rows=10 width=4) (actual time=0.477..22.257 rows=10 loops=1)
                                                                    Filter: (name ~~ 'Lionsgate%'::text)
                                                                    Rows Removed by Filter: 234987
                                                              ->  Index Scan using company_id_movie_companies on movie_companies mc  (cost=0.43..339.74 rows=1 width=8) (actual time=0.042..0.147 rows=14 loops=10)
                                                                    Index Cond: (company_id = cn.id)
                                                                    Filter: (note ~~ '%(Blu-ray)%'::text)
                                                                    Rows Removed by Filter: 168
                                                        ->  Index Scan using movie_id_movie_info_idx on movie_info_idx mi_idx  (cost=0.43..4.96 rows=3 width=13) (actual time=0.004..0.004 rows=3 loops=135)
                                                              Index Cond: (movie_id = mc.movie_id)
                                                  ->  Index Scan using info_type_pkey on info_type it2  (cost=0.14..0.16 rows=1 width=4) (actual time=0.001..0.001 rows=0 loops=412)
                                                        Index Cond: (id = mi_idx.info_type_id)
                                                        Filter: ((info)::text = 'votes'::text)
                                                        Rows Removed by Filter: 1
                                            ->  Index Scan using title_pkey on title t  (cost=0.43..1.18 rows=1 width=21) (actual time=0.004..0.004 rows=0 loops=134)
                                                  Index Cond: (id = mi_idx.movie_id)
                                                  Filter: ((production_year > 2000) AND ((title ~~ '%Freddy%'::text) OR (title ~~ '%Jason%'::text) OR (title ~~ 'Saw%'::text)))
                                                  Rows Removed by Filter: 1
                                      ->  Index Scan using movie_id_cast_info on cast_info ci  (cost=0.56..32.52 rows=1 width=8) (actual time=0.066..0.091 rows=2 loops=7)
                                            Index Cond: (movie_id = mi_idx.movie_id)
                                            Filter: (note = ANY ('{(writer),"(head writer)","(written by)",(story),"(story editor)"}'::text[]))
                                            Rows Removed by Filter: 84
                                ->  Index Scan using name_pkey on name n  (cost=0.43..1.29 rows=1 width=19) (actual time=0.005..0.005 rows=1 loops=12)
                                      Index Cond: (id = ci.person_id)
                                      Filter: ((gender)::text = 'm'::text)
                          ->  Index Scan using movie_id_movie_keyword on movie_keyword mk  (cost=0.43..2.00 rows=45 width=8) (actual time=0.005..0.024 rows=133 loops=12)
                                Index Cond: (movie_id = mi_idx.movie_id)
                    ->  Index Scan using keyword_pkey on keyword k  (cost=0.42..0.97 rows=1 width=4) (actual time=0.002..0.002 rows=0 loops=1591)
                          Index Cond: (id = mk.keyword_id)
                          Filter: (keyword = ANY ('{murder,violence,blood,gore,death,female-nudity,hospital}'::text[]))
                          Rows Removed by Filter: 1
              ->  Index Scan using movie_id_movie_info on movie_info mi  (cost=0.43..23.37 rows=1 width=50) (actual time=0.062..0.062 rows=2 loops=53)
                    Index Cond: (movie_id = mk.movie_id)
                    Filter: (info = ANY ('{Horror,Thriller}'::text[]))
                    Rows Removed by Filter: 292
        ->  Index Scan using info_type_pkey on info_type it1  (cost=0.14..0.16 rows=1 width=4) (actual time=0.001..0.001 rows=1 loops=84)
              Index Cond: (id = mi.info_type_id)
              Filter: ((info)::text = 'genres'::text)
Planning time: 28.806 ms
Execution time: 33.564 ms
