Aggregate  (cost=10306.33..10306.34 rows=1 width=128) (actual time=33.006..33.006 rows=1 loops=1)
  ->  Nested Loop  (cost=3.85..10306.32 rows=1 width=79) (actual time=1.048..32.954 rows=84 loops=1)
        ->  Nested Loop  (cost=3.42..10305.03 rows=1 width=68) (actual time=1.039..32.751 rows=84 loops=1)
              ->  Nested Loop  (cost=3.28..10304.84 rows=1 width=72) (actual time=1.037..32.655 rows=84 loops=1)
                    Join Filter: (t.id = mi.movie_id)
                    ->  Nested Loop  (cost=2.85..10281.46 rows=1 width=46) (actual time=0.966..29.323 rows=53 loops=1)
                          Join Filter: (t.id = ci.movie_id)
                          ->  Nested Loop  (cost=2.28..10249.30 rows=1 width=38) (actual time=0.860..27.804 rows=29 loops=1)
                                ->  Nested Loop  (cost=1.86..10246.25 rows=3 width=42) (actual time=0.811..25.527 rows=894 loops=1)
                                      Join Filter: (t.id = mk.movie_id)
                                      ->  Nested Loop  (cost=1.43..10228.29 rows=7 width=34) (actual time=0.799..25.160 rows=7 loops=1)
                                            ->  Nested Loop  (cost=1.00..10070.77 rows=134 width=13) (actual time=0.546..24.610 rows=134 loops=1)
                                                  ->  Nested Loop  (cost=0.86..10003.77 rows=412 width=17) (actual time=0.538..24.227 rows=412 loops=1)
                                                        ->  Nested Loop  (cost=0.43..9329.97 rows=135 width=4) (actual time=0.530..23.589 rows=135 loops=1)
                                                              ->  Seq Scan on company_name cn  (cost=0.00..5932.46 rows=10 width=4) (actual time=0.507..22.060 rows=10 loops=1)
                                                                    Filter: (name ~~ 'Lionsgate%'::text)
                                                                    Rows Removed by Filter: 234987
                                                              ->  Index Scan using company_id_movie_companies on movie_companies mc  (cost=0.43..339.74 rows=1 width=8) (actual time=0.042..0.150 rows=14 loops=10)
                                                                    Index Cond: (company_id = cn.id)
                                                                    Filter: (note ~~ '%(Blu-ray)%'::text)
                                                                    Rows Removed by Filter: 168
                                                        ->  Index Scan using movie_id_movie_info_idx on movie_info_idx mi_idx  (cost=0.43..4.96 rows=3 width=13) (actual time=0.004..0.004 rows=3 loops=135)
                                                              Index Cond: (movie_id = mc.movie_id)
                                                  ->  Index Scan using info_type_pkey on info_type it2  (cost=0.14..0.16 rows=1 width=4) (actual time=0.001..0.001 rows=0 loops=412)
                                                        Index Cond: (id = mi_idx.info_type_id)
                                                        Filter: ((info)::text = 'votes'::text)
                                                        Rows Removed by Filter: 1
                                            ->  Index Scan using title_pkey on title t  (cost=0.43..1.18 rows=1 width=21) (actual time=0.004..0.004 rows=0 loops=134)
                                                  Index Cond: (id = mi_idx.movie_id)
                                                  Filter: ((production_year > 2000) AND ((title ~~ '%Freddy%'::text) OR (title ~~ '%Jason%'::text) OR (title ~~ 'Saw%'::text)))
                                                  Rows Removed by Filter: 1
                                      ->  Index Scan using movie_id_movie_keyword on movie_keyword mk  (cost=0.43..2.00 rows=45 width=8) (actual time=0.006..0.029 rows=128 loops=7)
                                            Index Cond: (movie_id = mi_idx.movie_id)
                                ->  Index Scan using keyword_pkey on keyword k  (cost=0.42..0.97 rows=1 width=4) (actual time=0.002..0.002 rows=0 loops=894)
                                      Index Cond: (id = mk.keyword_id)
                                      Filter: (keyword = ANY ('{murder,violence,blood,gore,death,female-nudity,hospital}'::text[]))
                                      Rows Removed by Filter: 1
                          ->  Index Scan using movie_id_cast_info on cast_info ci  (cost=0.56..32.15 rows=1 width=8) (actual time=0.038..0.052 rows=2 loops=29)
                                Index Cond: (movie_id = mk.movie_id)
                                Filter: (note = ANY ('{(writer),"(head writer)","(written by)",(story),"(story editor)"}'::text[]))
                                Rows Removed by Filter: 84
                    ->  Index Scan using movie_id_movie_info on movie_info mi  (cost=0.43..23.37 rows=1 width=50) (actual time=0.062..0.062 rows=2 loops=53)
                          Index Cond: (movie_id = mk.movie_id)
                          Filter: (info = ANY ('{Horror,Thriller}'::text[]))
                          Rows Removed by Filter: 292
              ->  Index Scan using info_type_pkey on info_type it1  (cost=0.14..0.16 rows=1 width=4) (actual time=0.001..0.001 rows=1 loops=84)
                    Index Cond: (id = mi.info_type_id)
                    Filter: ((info)::text = 'genres'::text)
        ->  Index Scan using name_pkey on name n  (cost=0.43..1.29 rows=1 width=19) (actual time=0.002..0.002 rows=1 loops=84)
              Index Cond: (id = ci.person_id)
              Filter: ((gender)::text = 'm'::text)
Planning time: 28.926 ms
Execution time: 33.118 ms
