Aggregate  (cost=18655.00..18655.01 rows=1 width=128) (actual time=288.422..288.422 rows=1 loops=1)
  ->  Nested Loop  (cost=3470.49..18654.99 rows=1 width=79) (actual time=22.028..287.077 rows=2825 loops=1)
        Join Filter: (mi.movie_id = t.id)
        ->  Nested Loop  (cost=3470.06..18653.88 rows=1 width=82) (actual time=22.017..281.722 rows=2825 loops=1)
              ->  Nested Loop  (cost=3469.63..18652.59 rows=1 width=71) (actual time=22.008..275.389 rows=2825 loops=1)
                    ->  Nested Loop  (cost=3469.49..18652.41 rows=1 width=75) (actual time=22.002..272.043 rows=3007 loops=1)
                          Join Filter: (mi_idx.movie_id = mi.movie_id)
                          ->  Nested Loop  (cost=3469.06..18628.82 rows=1 width=25) (actual time=21.799..197.804 rows=1471 loops=1)
                                Join Filter: (mi_idx.movie_id = ci.movie_id)
                                ->  Hash Join  (cost=3468.49..18596.65 rows=1 width=17) (actual time=21.751..81.907 rows=1547 loops=1)
                                      Hash Cond: (mk.keyword_id = k.id)
                                      ->  Nested Loop  (cost=3.72..14952.01 rows=14247 width=21) (actual time=0.533..55.084 rows=72391 loops=1)
                                            ->  Hash Join  (cost=3.28..11398.96 rows=1449 width=13) (actual time=0.524..31.077 rows=1449 loops=1)
                                                  Hash Cond: (mi_idx.info_type_id = it2.id)
                                                  ->  Nested Loop  (cost=0.86..11341.71 rows=4370 width=17) (actual time=0.502..30.501 rows=4370 loops=1)
                                                        ->  Nested Loop  (cost=0.43..9339.85 rows=1814 width=4) (actual time=0.494..23.984 rows=1814 loops=1)
                                                              ->  Seq Scan on company_name cn  (cost=0.00..5932.46 rows=10 width=4) (actual time=0.478..22.239 rows=10 loops=1)
                                                                    Filter: (name ~~ 'Lionsgate%'::text)
                                                                    Rows Removed by Filter: 234987
                                                              ->  Index Scan using company_id_movie_companies on movie_companies mc  (cost=0.43..339.41 rows=133 width=8) (actual time=0.008..0.145 rows=181 loops=10)
                                                                    Index Cond: (company_id = cn.id)
                                                        ->  Index Scan using movie_id_movie_info_idx on movie_info_idx mi_idx  (cost=0.43..1.07 rows=3 width=13) (actual time=0.003..0.003 rows=2 loops=1814)
                                                              Index Cond: (movie_id = mc.movie_id)
                                                  ->  Hash  (cost=2.41..2.41 rows=1 width=4) (actual time=0.014..0.014 rows=1 loops=1)
                                                        Buckets: 1024  Batches: 1  Memory Usage: 9kB
                                                        ->  Seq Scan on info_type it2  (cost=0.00..2.41 rows=1 width=4) (actual time=0.011..0.012 rows=1 loops=1)
                                                              Filter: ((info)::text = 'votes'::text)
                                                              Rows Removed by Filter: 112
                                            ->  Index Scan using movie_id_movie_keyword on movie_keyword mk  (cost=0.43..2.00 rows=45 width=8) (actual time=0.003..0.010 rows=50 loops=1449)
                                                  Index Cond: (movie_id = mi_idx.movie_id)
                                      ->  Hash  (cost=3464.69..3464.69 rows=7 width=4) (actual time=21.172..21.172 rows=7 loops=1)
                                            Buckets: 1024  Batches: 1  Memory Usage: 9kB
                                            ->  Seq Scan on keyword k  (cost=0.00..3464.69 rows=7 width=4) (actual time=0.650..21.169 rows=7 loops=1)
                                                  Filter: (keyword = ANY ('{murder,violence,blood,gore,death,female-nudity,hospital}'::text[]))
                                                  Rows Removed by Filter: 134163
                                ->  Index Scan using movie_id_cast_info on cast_info ci  (cost=0.56..32.15 rows=1 width=8) (actual time=0.053..0.074 rows=1 loops=1547)
                                      Index Cond: (movie_id = mk.movie_id)
                                      Filter: (note = ANY ('{(writer),"(head writer)","(written by)",(story),"(story editor)"}'::text[]))
                                      Rows Removed by Filter: 119
                          ->  Index Scan using movie_id_movie_info on movie_info mi  (cost=0.43..23.58 rows=1 width=50) (actual time=0.048..0.050 rows=2 loops=1471)
                                Index Cond: (movie_id = mk.movie_id)
                                Filter: (info = ANY ('{Horror,Action,Sci-Fi,Thriller,Crime,War}'::text[]))
                                Rows Removed by Filter: 172
                    ->  Index Scan using info_type_pkey on info_type it1  (cost=0.14..0.16 rows=1 width=4) (actual time=0.001..0.001 rows=1 loops=3007)
                          Index Cond: (id = mi.info_type_id)
                          Filter: ((info)::text = 'genres'::text)
                          Rows Removed by Filter: 0
              ->  Index Scan using name_pkey on name n  (cost=0.43..1.29 rows=1 width=19) (actual time=0.002..0.002 rows=1 loops=2825)
                    Index Cond: (id = ci.person_id)
        ->  Index Scan using title_pkey on title t  (cost=0.43..1.10 rows=1 width=21) (actual time=0.002..0.002 rows=1 loops=2825)
              Index Cond: (id = mk.movie_id)
Planning time: 28.934 ms
Execution time: 288.540 ms
