Aggregate  (cost=93196.40..93196.41 rows=1 width=128) (actual time=245.728..245.729 rows=1 loops=1)
  ->  Nested Loop  (cost=3470.49..93196.34 rows=6 width=79) (actual time=21.745..244.396 rows=2825 loops=1)
        Join Filter: (mi.movie_id = t.id)
        ->  Nested Loop  (cost=3470.06..93189.68 rows=6 width=82) (actual time=21.724..239.106 rows=2825 loops=1)
              ->  Hash Join  (cost=3469.63..93181.93 rows=6 width=71) (actual time=21.712..232.889 rows=2825 loops=1)
                    Hash Cond: (mk.keyword_id = k.id)
                    ->  Nested Loop  (cost=4.86..88361.17 rows=107406 width=75) (actual time=0.722..203.409 rows=107406 loops=1)
                          Join Filter: (mi.movie_id = mk.movie_id)
                          ->  Nested Loop  (cost=4.43..85792.33 rows=1017 width=67) (actual time=0.711..168.499 rows=1017 loops=1)
                                Join Filter: (mi.movie_id = ci.movie_id)
                                ->  Nested Loop  (cost=3.86..45919.01 rows=1235 width=59) (actual time=0.563..78.799 rows=1235 loops=1)
                                      ->  Nested Loop  (cost=3.72..45708.38 rows=1295 width=63) (actual time=0.558..77.256 rows=1295 loops=1)
                                            Join Filter: (mi_idx.movie_id = mi.movie_id)
                                            ->  Hash Join  (cost=3.28..11398.96 rows=1449 width=13) (actual time=0.531..30.657 rows=1449 loops=1)
                                                  Hash Cond: (mi_idx.info_type_id = it2.id)
                                                  ->  Nested Loop  (cost=0.86..11341.71 rows=4370 width=17) (actual time=0.508..30.041 rows=4370 loops=1)
                                                        ->  Nested Loop  (cost=0.43..9339.85 rows=1814 width=4) (actual time=0.499..23.605 rows=1814 loops=1)
                                                              ->  Seq Scan on company_name cn  (cost=0.00..5932.46 rows=10 width=4) (actual time=0.483..21.855 rows=10 loops=1)
                                                                    Filter: (name ~~ 'Lionsgate%'::text)
                                                                    Rows Removed by Filter: 234987
                                                              ->  Index Scan using company_id_movie_companies on movie_companies mc  (cost=0.43..339.41 rows=133 width=8) (actual time=0.008..0.146 rows=181 loops=10)
                                                                    Index Cond: (company_id = cn.id)
                                                        ->  Index Scan using movie_id_movie_info_idx on movie_info_idx mi_idx  (cost=0.43..1.07 rows=3 width=13) (actual time=0.003..0.003 rows=2 loops=1814)
                                                              Index Cond: (movie_id = mc.movie_id)
                                                  ->  Hash  (cost=2.41..2.41 rows=1 width=4) (actual time=0.015..0.015 rows=1 loops=1)
                                                        Buckets: 1024  Batches: 1  Memory Usage: 9kB
                                                        ->  Seq Scan on info_type it2  (cost=0.00..2.41 rows=1 width=4) (actual time=0.012..0.013 rows=1 loops=1)
                                                              Filter: ((info)::text = 'votes'::text)
                                                              Rows Removed by Filter: 112
                                            ->  Index Scan using movie_id_movie_info on movie_info mi  (cost=0.43..23.67 rows=1 width=50) (actual time=0.031..0.032 rows=1 loops=1449)
                                                  Index Cond: (movie_id = mc.movie_id)
                                                  Filter: (info = ANY ('{Horror,Action,Sci-Fi,Thriller,Crime,War}'::text[]))
                                                  Rows Removed by Filter: 75
                                      ->  Index Scan using info_type_pkey on info_type it1  (cost=0.14..0.16 rows=1 width=4) (actual time=0.001..0.001 rows=1 loops=1295)
                                            Index Cond: (id = mi.info_type_id)
                                            Filter: ((info)::text = 'genres'::text)
                                            Rows Removed by Filter: 0
                                ->  Index Scan using movie_id_cast_info on cast_info ci  (cost=0.56..32.27 rows=1 width=8) (actual time=0.053..0.072 rows=1 loops=1235)
                                      Index Cond: (movie_id = mc.movie_id)
                                      Filter: (note = ANY ('{(writer),"(head writer)","(written by)",(story),"(story editor)"}'::text[]))
                                      Rows Removed by Filter: 102
                          ->  Index Scan using movie_id_movie_keyword on movie_keyword mk  (cost=0.43..1.96 rows=45 width=8) (actual time=0.003..0.018 rows=106 loops=1017)
                                Index Cond: (movie_id = mc.movie_id)
                    ->  Hash  (cost=3464.69..3464.69 rows=7 width=4) (actual time=20.980..20.980 rows=7 loops=1)
                          Buckets: 1024  Batches: 1  Memory Usage: 9kB
                          ->  Seq Scan on keyword k  (cost=0.00..3464.69 rows=7 width=4) (actual time=0.642..20.978 rows=7 loops=1)
                                Filter: (keyword = ANY ('{murder,violence,blood,gore,death,female-nudity,hospital}'::text[]))
                                Rows Removed by Filter: 134163
              ->  Index Scan using name_pkey on name n  (cost=0.43..1.29 rows=1 width=19) (actual time=0.002..0.002 rows=1 loops=2825)
                    Index Cond: (id = ci.person_id)
        ->  Index Scan using title_pkey on title t  (cost=0.43..1.10 rows=1 width=21) (actual time=0.002..0.002 rows=1 loops=2825)
              Index Cond: (id = mk.movie_id)
Planning time: 28.742 ms
Execution time: 245.840 ms
