Aggregate  (cost=11925.16..11925.17 rows=1 width=128) (actual time=415.154..415.155 rows=1 loops=1)
  ->  Nested Loop  (cost=6.14..11925.15 rows=1 width=79) (actual time=1.039..413.748 rows=2825 loops=1)
        Join Filter: (mi.movie_id = t.id)
        ->  Nested Loop  (cost=5.71..11924.04 rows=1 width=82) (actual time=1.031..408.111 rows=2825 loops=1)
              ->  Nested Loop  (cost=5.28..11922.75 rows=1 width=71) (actual time=1.022..401.548 rows=2825 loops=1)
                    ->  Nested Loop  (cost=5.14..11922.57 rows=1 width=75) (actual time=1.019..398.037 rows=3007 loops=1)
                          Join Filter: (mi_idx.movie_id = mi.movie_id)
                          ->  Nested Loop  (cost=4.70..11898.98 rows=1 width=25) (actual time=0.741..323.747 rows=1471 loops=1)
                                Join Filter: (mi_idx.movie_id = ci.movie_id)
                                ->  Nested Loop  (cost=4.14..11866.81 rows=1 width=17) (actual time=0.695..205.081 rows=1547 loops=1)
                                      ->  Nested Loop  (cost=3.72..11494.59 rows=383 width=21) (actual time=0.545..58.253 rows=72391 loops=1)
                                            ->  Hash Join  (cost=3.28..11398.96 rows=39 width=13) (actual time=0.538..30.945 rows=1449 loops=1)
                                                  Hash Cond: (mi_idx.info_type_id = it2.id)
                                                  ->  Nested Loop  (cost=0.86..11341.71 rows=4370 width=17) (actual time=0.515..30.280 rows=4370 loops=1)
                                                        ->  Nested Loop  (cost=0.43..9339.85 rows=1814 width=4) (actual time=0.506..23.673 rows=1814 loops=1)
                                                              ->  Seq Scan on company_name cn  (cost=0.00..5932.46 rows=10 width=4) (actual time=0.489..21.884 rows=10 loops=1)
                                                                    Filter: (name ~~ 'Lionsgate%'::text)
                                                                    Rows Removed by Filter: 234987
                                                              ->  Index Scan using company_id_movie_companies on movie_companies mc  (cost=0.43..339.41 rows=133 width=8) (actual time=0.008..0.148 rows=181 loops=10)
                                                                    Index Cond: (company_id = cn.id)
                                                        ->  Index Scan using movie_id_movie_info_idx on movie_info_idx mi_idx  (cost=0.43..1.07 rows=3 width=13) (actual time=0.003..0.003 rows=2 loops=1814)
                                                              Index Cond: (movie_id = mc.movie_id)
                                                  ->  Hash  (cost=2.41..2.41 rows=1 width=4) (actual time=0.014..0.014 rows=1 loops=1)
                                                        Buckets: 1024  Batches: 1  Memory Usage: 9kB
                                                        ->  Seq Scan on info_type it2  (cost=0.00..2.41 rows=1 width=4) (actual time=0.011..0.012 rows=1 loops=1)
                                                              Filter: ((info)::text = 'votes'::text)
                                                              Rows Removed by Filter: 112
                                            ->  Index Scan using movie_id_movie_keyword on movie_keyword mk  (cost=0.43..2.00 rows=45 width=8) (actual time=0.004..0.012 rows=50 loops=1449)
                                                  Index Cond: (movie_id = mi_idx.movie_id)
                                      ->  Index Scan using keyword_pkey on keyword k  (cost=0.42..0.97 rows=1 width=4) (actual time=0.002..0.002 rows=0 loops=72391)
                                            Index Cond: (id = mk.keyword_id)
                                            Filter: (keyword = ANY ('{murder,violence,blood,gore,death,female-nudity,hospital}'::text[]))
                                            Rows Removed by Filter: 1
                                ->  Index Scan using movie_id_cast_info on cast_info ci  (cost=0.56..32.15 rows=1 width=8) (actual time=0.054..0.076 rows=1 loops=1547)
                                      Index Cond: (movie_id = mk.movie_id)
                                      Filter: (note = ANY ('{(writer),"(head writer)","(written by)",(story),"(story editor)"}'::text[]))
                                      Rows Removed by Filter: 119
                          ->  Index Scan using movie_id_movie_info on movie_info mi  (cost=0.43..23.58 rows=1 width=50) (actual time=0.048..0.050 rows=2 loops=1471)
                                Index Cond: (movie_id = mk.movie_id)
                                Filter: (info = ANY ('{Horror,Action,Sci-Fi,Thriller,Crime,War}'::text[]))
                                Rows Removed by Filter: 172
                    ->  Index Scan using info_type_pkey on info_type it1  (cost=0.14..0.16 rows=1 width=4) (actual time=0.001..0.001 rows=1 loops=3007)
                          Index Cond: (id = mi.info_type_id)
                          Filter: ((info)::text = 'genres'::text)
                          Rows Removed by Filter: 0
              ->  Index Scan using name_pkey on name n  (cost=0.43..1.29 rows=1 width=19) (actual time=0.002..0.002 rows=1 loops=2825)
                    Index Cond: (id = ci.person_id)
        ->  Index Scan using title_pkey on title t  (cost=0.43..1.10 rows=1 width=21) (actual time=0.002..0.002 rows=1 loops=2825)
              Index Cond: (id = mk.movie_id)
Planning time: 28.848 ms
Execution time: 415.259 ms
