Aggregate  (cost=37490.28..37490.29 rows=1 width=96) (actual time=118.020..118.020 rows=1 loops=1)
  ->  Nested Loop  (cost=2629.40..37490.21 rows=10 width=46) (actual time=118.017..118.017 rows=0 loops=1)
        ->  Nested Loop  (cost=2628.97..37448.25 rows=10 width=33) (actual time=118.016..118.016 rows=0 loops=1)
              ->  Hash Join  (cost=2628.54..37443.39 rows=10 width=24) (actual time=118.016..118.016 rows=0 loops=1)
                    Hash Cond: (ml.link_type_id = lt.id)
                    ->  Hash Join  (cost=2627.13..37441.87 rows=10 width=16) (actual time=118.001..118.001 rows=0 loops=1)
                          Hash Cond: (mk.keyword_id = k.id)
                          ->  Merge Join  (cost=1.00..17696.85 rows=1355958 width=20) (actual time=0.009..91.027 rows=288192 loops=1)
                                Merge Cond: (ml.movie_id = mk.movie_id)
                                ->  Index Scan using movie_id_movie_link on movie_link ml  (cost=0.29..959.51 rows=29997 width=12) (actual time=0.004..3.907 rows=29997 loops=1)
                                ->  Index Scan using movie_id_movie_keyword on movie_keyword mk  (cost=0.43..141990.43 rows=4523930 width=8) (actual time=0.003..41.977 rows=360976 loops=1)
                          ->  Hash  (cost=2626.12..2626.12 rows=1 width=4) (actual time=8.636..8.636 rows=1 loops=1)
                                Buckets: 1024  Batches: 1  Memory Usage: 9kB
                                ->  Seq Scan on keyword k  (cost=0.00..2626.12 rows=1 width=4) (actual time=8.416..8.633 rows=1 loops=1)
                                      Filter: (keyword = '10,000-mile-club'::text)
                                      Rows Removed by Filter: 134169
                    ->  Hash  (cost=1.18..1.18 rows=18 width=16) (actual time=0.011..0.011 rows=18 loops=1)
                          Buckets: 1024  Batches: 1  Memory Usage: 9kB
                          ->  Seq Scan on link_type lt  (cost=0.00..1.18 rows=18 width=16) (actual time=0.004..0.006 rows=18 loops=1)
              ->  Index Scan using title_pkey on title t1  (cost=0.43..0.49 rows=1 width=21) (never executed)
                    Index Cond: (id = mk.movie_id)
        ->  Index Scan using title_pkey on title t2  (cost=0.43..4.20 rows=1 width=21) (never executed)
              Index Cond: (id = ml.linked_movie_id)
Planning time: 1.122 ms
Execution time: 118.079 ms
