Aggregate  (cost=42083.17..42083.18 rows=1 width=96) (actual time=141.254..141.254 rows=1 loops=1)
  ->  Nested Loop  (cost=2629.37..42083.16 rows=1 width=46) (actual time=141.251..141.251 rows=0 loops=1)
        ->  Nested Loop  (cost=2628.94..42078.96 rows=1 width=33) (actual time=141.251..141.251 rows=0 loops=1)
              ->  Hash Join  (cost=2628.51..42078.48 rows=1 width=24) (actual time=141.251..141.251 rows=0 loops=1)
                    Hash Cond: (mk.keyword_id = k.id)
                    ->  Merge Join  (cost=2.37..22333.46 rows=1355958 width=28) (actual time=0.013..113.995 rows=288192 loops=1)
                          Merge Cond: (ml.movie_id = mk.movie_id)
                          ->  Nested Loop  (cost=0.42..5596.12 rows=29997 width=20) (actual time=0.008..26.292 rows=29997 loops=1)
                                ->  Index Scan using movie_id_movie_link on movie_link ml  (cost=0.29..959.51 rows=29997 width=12) (actual time=0.005..3.983 rows=29997 loops=1)
                                ->  Index Scan using link_type_pkey on link_type lt  (cost=0.14..0.16 rows=1 width=16) (actual time=0.000..0.000 rows=1 loops=29997)
                                      Index Cond: (id = ml.link_type_id)
                          ->  Index Scan using movie_id_movie_keyword on movie_keyword mk  (cost=0.43..141990.43 rows=4523930 width=8) (actual time=0.004..42.552 rows=360976 loops=1)
                    ->  Hash  (cost=2626.12..2626.12 rows=1 width=4) (actual time=8.578..8.578 rows=1 loops=1)
                          Buckets: 1024  Batches: 1  Memory Usage: 9kB
                          ->  Seq Scan on keyword k  (cost=0.00..2626.12 rows=1 width=4) (actual time=8.368..8.575 rows=1 loops=1)
                                Filter: (keyword = '10,000-mile-club'::text)
                                Rows Removed by Filter: 134169
              ->  Index Scan using title_pkey on title t1  (cost=0.43..0.49 rows=1 width=21) (never executed)
                    Index Cond: (id = mk.movie_id)
        ->  Index Scan using title_pkey on title t2  (cost=0.43..4.20 rows=1 width=21) (never executed)
              Index Cond: (id = ml.linked_movie_id)
Planning time: 1.028 ms
Execution time: 141.304 ms
