Aggregate  (cost=124609.60..124609.61 rows=1 width=96) (actual time=244.692..244.693 rows=1 loops=1)
  ->  Hash Join  (cost=95523.90..124384.62 rows=29997 width=46) (actual time=244.689..244.689 rows=0 loops=1)
        Hash Cond: (ml.linked_movie_id = t2.id)
        ->  Hash Join  (cost=2638.88..31120.89 rows=29997 width=33) (actual time=244.689..244.689 rows=0 loops=1)
              Hash Cond: (ml.link_type_id = lt.id)
              ->  Hash Join  (cost=2637.47..30755.56 rows=29997 width=25) (actual time=244.672..244.672 rows=0 loops=1)
                    Hash Cond: (mk.keyword_id = k.id)
                    ->  Merge Join  (cost=11.34..24491.02 rows=288192 width=29) (actual time=0.017..214.348 rows=288192 loops=1)
                          Merge Cond: (t1.id = ml.movie_id)
                          ->  Merge Join  (cost=8.35..306814.97 rows=4523930 width=29) (actual time=0.011..146.133 rows=97855 loops=1)
                                Merge Cond: (mk.movie_id = t1.id)
                                ->  Index Scan using movie_id_movie_keyword on movie_keyword mk  (cost=0.43..141990.43 rows=4523930 width=8) (actual time=0.004..15.188 rows=97855 loops=1)
                                ->  Index Scan using title_pkey on title t1  (cost=0.43..102072.27 rows=2528312 width=21) (actual time=0.004..94.359 rows=186242 loops=1)
                          ->  Materialize  (cost=0.29..1034.50 rows=29997 width=12) (actual time=0.005..20.544 rows=301429 loops=1)
                                ->  Index Scan using movie_id_movie_link on movie_link ml  (cost=0.29..959.51 rows=29997 width=12) (actual time=0.004..4.545 rows=29997 loops=1)
                    ->  Hash  (cost=2626.12..2626.12 rows=1 width=4) (actual time=10.943..10.943 rows=1 loops=1)
                          Buckets: 1024  Batches: 1  Memory Usage: 9kB
                          ->  Seq Scan on keyword k  (cost=0.00..2626.12 rows=1 width=4) (actual time=10.714..10.938 rows=1 loops=1)
                                Filter: (keyword = '10,000-mile-club'::text)
                                Rows Removed by Filter: 134169
              ->  Hash  (cost=1.18..1.18 rows=18 width=16) (actual time=0.013..0.013 rows=18 loops=1)
                    Buckets: 1024  Batches: 1  Memory Usage: 9kB
                    ->  Seq Scan on link_type lt  (cost=0.00..1.18 rows=18 width=16) (actual time=0.005..0.008 rows=18 loops=1)
        ->  Hash  (cost=61281.12..61281.12 rows=2528312 width=21) (never executed)
              ->  Seq Scan on title t2  (cost=0.00..61281.12 rows=2528312 width=21) (never executed)
Planning time: 1.148 ms
Execution time: 244.752 ms
