Aggregate  (cost=30759.92..30759.93 rows=1 width=96) (actual time=240.925..240.925 rows=1 loops=1)
  ->  Nested Loop  (cost=2638.04..30759.91 rows=1 width=46) (actual time=240.922..240.922 rows=0 loops=1)
        ->  Nested Loop  (cost=2637.61..30755.72 rows=0 width=33) (actual time=240.922..240.922 rows=0 loops=1)
              ->  Hash Join  (cost=2637.47..30755.56 rows=0 width=25) (actual time=240.921..240.921 rows=0 loops=1)
                    Hash Cond: (mk.keyword_id = k.id)
                    ->  Merge Join  (cost=11.34..24491.02 rows=288192 width=29) (actual time=0.015..212.808 rows=288192 loops=1)
                          Merge Cond: (t1.id = ml.movie_id)
                          ->  Merge Join  (cost=8.35..306814.97 rows=4523930 width=29) (actual time=0.010..145.052 rows=97855 loops=1)
                                Merge Cond: (mk.movie_id = t1.id)
                                ->  Index Scan using movie_id_movie_keyword on movie_keyword mk  (cost=0.43..141990.43 rows=4523930 width=8) (actual time=0.004..15.685 rows=97855 loops=1)
                                ->  Index Scan using title_pkey on title t1  (cost=0.43..102072.27 rows=2528312 width=21) (actual time=0.004..93.424 rows=186242 loops=1)
                          ->  Materialize  (cost=0.29..1034.50 rows=29997 width=12) (actual time=0.004..20.406 rows=301429 loops=1)
                                ->  Index Scan using movie_id_movie_link on movie_link ml  (cost=0.29..959.51 rows=29997 width=12) (actual time=0.003..4.488 rows=29997 loops=1)
                    ->  Hash  (cost=2626.12..2626.12 rows=1 width=4) (actual time=8.914..8.914 rows=1 loops=1)
                          Buckets: 1024  Batches: 1  Memory Usage: 9kB
                          ->  Seq Scan on keyword k  (cost=0.00..2626.12 rows=1 width=4) (actual time=8.704..8.911 rows=1 loops=1)
                                Filter: (keyword = '10,000-mile-club'::text)
                                Rows Removed by Filter: 134169
              ->  Index Scan using link_type_pkey on link_type lt  (cost=0.14..0.16 rows=1 width=16) (never executed)
                    Index Cond: (id = ml.link_type_id)
        ->  Index Scan using title_pkey on title t2  (cost=0.43..4.20 rows=1 width=21) (never executed)
              Index Cond: (id = ml.linked_movie_id)
Planning time: 1.141 ms
Execution time: 240.986 ms
