Aggregate  (cost=99049.86..99049.87 rows=1 width=96) (actual time=270.384..270.384 rows=1 loops=1)
  ->  Nested Loop  (cost=5694.39..98955.80 rows=12541 width=46) (actual time=27.763..268.812 rows=4388 loops=1)
        ->  Hash Join  (cost=5693.96..46335.33 rows=12541 width=33) (actual time=27.750..254.017 rows=4388 loops=1)
              Hash Cond: (mk.keyword_id = k.id)
              ->  Merge Join  (cost=3067.83..26590.32 rows=1355958 width=37) (actual time=13.927..225.457 rows=288192 loops=1)
                    Merge Cond: (t1.id = ml.movie_id)
                    ->  Merge Join  (cost=8.35..306814.97 rows=4523930 width=29) (actual time=0.019..147.998 rows=97855 loops=1)
                          Merge Cond: (mk.movie_id = t1.id)
                          ->  Index Scan using movie_id_movie_keyword on movie_keyword mk  (cost=0.43..141990.43 rows=4523930 width=8) (actual time=0.009..14.996 rows=97855 loops=1)
                          ->  Index Scan using title_pkey on title t1  (cost=0.43..102072.27 rows=2528312 width=21) (actual time=0.006..96.924 rows=186242 loops=1)
                    ->  Sort  (cost=3058.96..3133.95 rows=29997 width=20) (actual time=13.905..29.083 rows=301429 loops=1)
                          Sort Key: ml.movie_id
                          Sort Method: quicksort  Memory: 3056kB
                          ->  Hash Join  (cost=1.41..828.30 rows=29997 width=20) (actual time=0.023..8.133 rows=29997 loops=1)
                                Hash Cond: (ml.link_type_id = lt.id)
                                ->  Seq Scan on movie_link ml  (cost=0.00..462.97 rows=29997 width=12) (actual time=0.008..2.218 rows=29997 loops=1)
                                ->  Hash  (cost=1.18..1.18 rows=18 width=16) (actual time=0.009..0.009 rows=18 loops=1)
                                      Buckets: 1024  Batches: 1  Memory Usage: 9kB
                                      ->  Seq Scan on link_type lt  (cost=0.00..1.18 rows=18 width=16) (actual time=0.003..0.005 rows=18 loops=1)
              ->  Hash  (cost=2626.12..2626.12 rows=1 width=4) (actual time=8.857..8.857 rows=1 loops=1)
                    Buckets: 1024  Batches: 1  Memory Usage: 9kB
                    ->  Seq Scan on keyword k  (cost=0.00..2626.12 rows=1 width=4) (actual time=0.407..8.856 rows=1 loops=1)
                          Filter: (keyword = 'character-name-in-title'::text)
                          Rows Removed by Filter: 134169
        ->  Index Scan using title_pkey on title t2  (cost=0.43..4.20 rows=1 width=21) (actual time=0.003..0.003 rows=1 loops=4388)
              Index Cond: (id = ml.linked_movie_id)
Planning time: 1.020 ms
Execution time: 270.439 ms
