Aggregate  (cost=9462280.30..9462280.31 rows=1 width=96) (actual time=264.137..264.137 rows=1 loops=1)
  ->  Hash Join  (cost=2639.31..49221.70 rows=1255074480 width=46) (actual time=14.222..262.536 rows=4388 loops=1)
        Hash Cond: (ml.link_type_id = lt.id)
        ->  Nested Loop  (cost=2637.90..49167.06 rows=4388 width=38) (actual time=14.205..261.530 rows=4388 loops=1)
              ->  Hash Join  (cost=2637.47..30755.56 rows=4388 width=25) (actual time=14.187..246.316 rows=4388 loops=1)
                    Hash Cond: (mk.keyword_id = k.id)
                    ->  Merge Join  (cost=11.34..24491.02 rows=288192 width=29) (actual time=0.034..217.445 rows=288192 loops=1)
                          Merge Cond: (t1.id = ml.movie_id)
                          ->  Merge Join  (cost=8.35..306814.97 rows=4523930 width=29) (actual time=0.019..149.155 rows=97855 loops=1)
                                Merge Cond: (mk.movie_id = t1.id)
                                ->  Index Scan using movie_id_movie_keyword on movie_keyword mk  (cost=0.43..141990.43 rows=4523930 width=8) (actual time=0.008..15.766 rows=97855 loops=1)
                                ->  Index Scan using title_pkey on title t1  (cost=0.43..102072.27 rows=2528312 width=21) (actual time=0.008..97.234 rows=186242 loops=1)
                          ->  Materialize  (cost=0.29..1034.50 rows=29997 width=12) (actual time=0.013..20.470 rows=301429 loops=1)
                                ->  Index Scan using movie_id_movie_link on movie_link ml  (cost=0.29..959.51 rows=29997 width=12) (actual time=0.011..4.453 rows=29997 loops=1)
                    ->  Hash  (cost=2626.12..2626.12 rows=1 width=4) (actual time=9.038..9.038 rows=1 loops=1)
                          Buckets: 1024  Batches: 1  Memory Usage: 9kB
                          ->  Seq Scan on keyword k  (cost=0.00..2626.12 rows=1 width=4) (actual time=0.408..9.032 rows=1 loops=1)
                                Filter: (keyword = 'character-name-in-title'::text)
                                Rows Removed by Filter: 134169
              ->  Index Scan using title_pkey on title t2  (cost=0.43..4.20 rows=1 width=21) (actual time=0.003..0.003 rows=1 loops=4388)
                    Index Cond: (id = ml.linked_movie_id)
        ->  Hash  (cost=1.18..1.18 rows=18 width=16) (actual time=0.014..0.014 rows=18 loops=1)
              Buckets: 1024  Batches: 1  Memory Usage: 9kB
              ->  Seq Scan on link_type lt  (cost=0.00..1.18 rows=18 width=16) (actual time=0.004..0.006 rows=18 loops=1)
Planning time: 1.051 ms
Execution time: 264.190 ms
