Aggregate  (cost=9645733.94..9645733.95 rows=1 width=96) (actual time=1810.214..1810.214 rows=1 loops=1)
  ->  Hash Join  (cost=105705.87..232675.34 rows=1255074480 width=46) (actual time=1174.287..1809.076 rows=4388 loops=1)
        Hash Cond: (mk.movie_id = t1.id)
        ->  Hash Join  (cost=2626.14..129433.75 rows=41840 width=4) (actual time=8.832..635.206 rows=41840 loops=1)
              Hash Cond: (mk.keyword_id = k.id)
              ->  Seq Scan on movie_keyword mk  (cost=0.00..69693.30 rows=4523930 width=8) (actual time=0.006..289.897 rows=4523930 loops=1)
              ->  Hash  (cost=2626.12..2626.12 rows=1 width=4) (actual time=8.782..8.782 rows=1 loops=1)
                    Buckets: 1024  Batches: 1  Memory Usage: 9kB
                    ->  Seq Scan on keyword k  (cost=0.00..2626.12 rows=1 width=4) (actual time=0.404..8.781 rows=1 loops=1)
                          Filter: (keyword = 'character-name-in-title'::text)
                          Rows Removed by Filter: 134169
        ->  Hash  (cost=102704.77..102704.77 rows=29997 width=54) (actual time=1165.145..1165.145 rows=29997 loops=1)
              Buckets: 32768  Batches: 1  Memory Usage: 2995kB
              ->  Hash Join  (cost=92889.69..102704.77 rows=29997 width=54) (actual time=1013.501..1156.501 rows=29997 loops=1)
                    Hash Cond: (ml.linked_movie_id = t2.id)
                    ->  Hash Join  (cost=4.67..9441.03 rows=29997 width=41) (actual time=0.041..129.973 rows=29997 loops=1)
                          Hash Cond: (ml.link_type_id = lt.id)
                          ->  Merge Join  (cost=3.27..9075.70 rows=29997 width=33) (actual time=0.026..123.913 rows=29997 loops=1)
                                Merge Cond: (ml.movie_id = t1.id)
                                ->  Index Scan using movie_id_movie_link on movie_link ml  (cost=0.29..959.51 rows=29997 width=12) (actual time=0.017..5.762 rows=29997 loops=1)
                                ->  Index Scan using title_pkey on title t1  (cost=0.43..102072.27 rows=2528312 width=21) (actual time=0.006..93.543 rows=186175 loops=1)
                          ->  Hash  (cost=1.18..1.18 rows=18 width=16) (actual time=0.011..0.011 rows=18 loops=1)
                                Buckets: 1024  Batches: 1  Memory Usage: 9kB
                                ->  Seq Scan on link_type lt  (cost=0.00..1.18 rows=18 width=16) (actual time=0.005..0.007 rows=18 loops=1)
                    ->  Hash  (cost=61281.12..61281.12 rows=2528312 width=21) (actual time=1004.953..1004.953 rows=2528312 loops=1)
                          Buckets: 4194304  Batches: 1  Memory Usage: 168637kB
                          ->  Seq Scan on title t2  (cost=0.00..61281.12 rows=2528312 width=21) (actual time=0.007..352.601 rows=2528312 loops=1)
Planning time: 1.030 ms
Execution time: 1811.103 ms
