Aggregate  (cost=49254.61..49254.62 rows=1 width=96) (actual time=262.945..262.945 rows=1 loops=1)
  ->  Nested Loop  (cost=2639.31..49221.70 rows=4388 width=46) (actual time=13.337..261.386 rows=4388 loops=1)
        ->  Hash Join  (cost=2638.88..30810.20 rows=4388 width=33) (actual time=13.325..246.446 rows=4388 loops=1)
              Hash Cond: (ml.link_type_id = lt.id)
              ->  Hash Join  (cost=2637.47..30755.56 rows=4388 width=25) (actual time=13.309..245.511 rows=4388 loops=1)
                    Hash Cond: (mk.keyword_id = k.id)
                    ->  Merge Join  (cost=11.34..24491.02 rows=288192 width=29) (actual time=0.015..216.696 rows=288192 loops=1)
                          Merge Cond: (t1.id = ml.movie_id)
                          ->  Merge Join  (cost=8.35..306814.97 rows=4523930 width=29) (actual time=0.010..148.338 rows=97855 loops=1)
                                Merge Cond: (mk.movie_id = t1.id)
                                ->  Index Scan using movie_id_movie_keyword on movie_keyword mk  (cost=0.43..141990.43 rows=4523930 width=8) (actual time=0.004..15.733 rows=97855 loops=1)
                                ->  Index Scan using title_pkey on title t1  (cost=0.43..102072.27 rows=2528312 width=21) (actual time=0.004..96.547 rows=186242 loops=1)
                          ->  Materialize  (cost=0.29..1034.50 rows=29997 width=12) (actual time=0.005..20.457 rows=301429 loops=1)
                                ->  Index Scan using movie_id_movie_link on movie_link ml  (cost=0.29..959.51 rows=29997 width=12) (actual time=0.004..4.415 rows=29997 loops=1)
                    ->  Hash  (cost=2626.12..2626.12 rows=1 width=4) (actual time=8.861..8.861 rows=1 loops=1)
                          Buckets: 1024  Batches: 1  Memory Usage: 9kB
                          ->  Seq Scan on keyword k  (cost=0.00..2626.12 rows=1 width=4) (actual time=0.404..8.859 rows=1 loops=1)
                                Filter: (keyword = 'character-name-in-title'::text)
                                Rows Removed by Filter: 134169
              ->  Hash  (cost=1.18..1.18 rows=18 width=16) (actual time=0.011..0.011 rows=18 loops=1)
                    Buckets: 1024  Batches: 1  Memory Usage: 9kB
                    ->  Seq Scan on link_type lt  (cost=0.00..1.18 rows=18 width=16) (actual time=0.004..0.006 rows=18 loops=1)
        ->  Index Scan using title_pkey on title t2  (cost=0.43..4.20 rows=1 width=21) (actual time=0.003..0.003 rows=1 loops=4388)
              Index Cond: (id = ml.linked_movie_id)
Planning time: 1.122 ms
Execution time: 263.005 ms
