Aggregate  (cost=12396.64..12396.65 rows=1 width=192) (actual time=187.225..187.225 rows=1 loops=1)
  ->  Nested Loop  (cost=8.08..12396.62 rows=1 width=82) (actual time=24.543..187.210 rows=8 loops=1)
        ->  Nested Loop  (cost=7.95..12396.45 rows=1 width=86) (actual time=24.540..187.200 rows=8 loops=1)
              ->  Nested Loop  (cost=7.53..12396.00 rows=1 width=71) (actual time=24.527..187.138 rows=28 loops=1)
                    ->  Nested Loop  (cost=7.40..12395.83 rows=1 width=75) (actual time=24.521..187.097 rows=28 loops=1)
                          Join Filter: (ml.linked_movie_id = t2.id)
                          ->  Nested Loop  (cost=6.97..12392.12 rows=7 width=66) (actual time=24.511..186.739 rows=179 loops=1)
                                ->  Nested Loop  (cost=6.83..12267.39 rows=767 width=70) (actual time=0.156..127.529 rows=69827 loops=1)
                                      ->  Nested Loop  (cost=6.40..11815.24 rows=743 width=78) (actual time=0.151..89.975 rows=11987 loops=1)
                                            ->  Nested Loop  (cost=5.98..11486.03 rows=743 width=63) (actual time=0.146..68.422 rows=11987 loops=1)
                                                  Join Filter: (ml.linked_movie_id = mc2.movie_id)
                                                  ->  Nested Loop  (cost=5.55..11393.08 rows=126 width=55) (actual time=0.138..57.755 rows=2786 loops=1)
                                                        ->  Hash Join  (cost=5.12..11211.75 rows=88 width=42) (actual time=0.129..51.266 rows=2064 loops=1)
                                                              Hash Cond: (mi_idx1.info_type_id = it1.id)
                                                              ->  Nested Loop  (cost=2.69..11084.10 rows=9981 width=46) (actual time=0.099..50.322 rows=6192 loops=1)
                                                                    Join Filter: (ml.movie_id = t1.id)
                                                                    ->  Hash Join  (cost=2.26..5250.80 rows=9981 width=21) (actual time=0.092..40.113 rows=6192 loops=1)
                                                                          Hash Cond: (ml.link_type_id = lt.id)
                                                                          ->  Merge Join  (cost=0.99..4159.69 rows=89832 width=25) (actual time=0.017..35.053 rows=62670 loops=1)
                                                                                Merge Cond: (ml.movie_id = mi_idx1.movie_id)
                                                                                ->  Index Scan using movie_id_movie_link on movie_link ml  (cost=0.29..959.51 rows=29997 width=12) (actual time=0.008..4.324 rows=29997 loops=1)
                                                                                ->  Index Scan using movie_id_movie_info_idx on movie_info_idx mi_idx1  (cost=0.43..43802.43 rows=1380035 width=13) (actual time=0.006..14.479 rows=114373 loops=1)
                                                                          ->  Hash  (cost=1.25..1.25 rows=2 width=4) (actual time=0.007..0.007 rows=2 loops=1)
                                                                                Buckets: 1024  Batches: 1  Memory Usage: 9kB
                                                                                ->  Seq Scan on link_type lt  (cost=0.00..1.25 rows=2 width=4) (actual time=0.004..0.006 rows=2 loops=1)
                                                                                      Filter: ((link)::text = ANY ('{sequel,follows,"followed by"}'::text[]))
                                                                                      Rows Removed by Filter: 16
                                                                    ->  Index Scan using title_pkey on title t1  (cost=0.43..0.57 rows=1 width=25) (actual time=0.001..0.001 rows=1 loops=6192)
                                                                          Index Cond: (id = mi_idx1.movie_id)
                                                              ->  Hash  (cost=2.41..2.41 rows=1 width=4) (actual time=0.019..0.019 rows=1 loops=1)
                                                                    Buckets: 1024  Batches: 1  Memory Usage: 9kB
                                                                    ->  Seq Scan on info_type it1  (cost=0.00..2.41 rows=1 width=4) (actual time=0.017..0.018 rows=1 loops=1)
                                                                          Filter: ((info)::text = 'rating'::text)
                                                                          Rows Removed by Filter: 112
                                                        ->  Index Scan using movie_id_movie_info_idx on movie_info_idx mi_idx2  (cost=0.43..2.05 rows=1 width=13) (actual time=0.002..0.003 rows=1 loops=2064)
                                                              Index Cond: (movie_id = ml.linked_movie_id)
                                                              Filter: (info < '3.0'::text)
                                                              Rows Removed by Filter: 1
                                                  ->  Index Scan using movie_id_movie_companies on movie_companies mc2  (cost=0.43..0.68 rows=5 width=8) (actual time=0.002..0.003 rows=4 loops=2786)
                                                        Index Cond: (movie_id = mi_idx2.movie_id)
                                            ->  Index Scan using company_name_pkey on company_name cn2  (cost=0.42..0.44 rows=1 width=23) (actual time=0.001..0.001 rows=1 loops=11987)
                                                  Index Cond: (id = mc2.company_id)
                                      ->  Index Scan using movie_id_movie_companies on movie_companies mc1  (cost=0.43..0.56 rows=5 width=8) (actual time=0.001..0.002 rows=6 loops=11987)
                                            Index Cond: (movie_id = t1.id)
                                ->  Index Scan using info_type_pkey on info_type it2  (cost=0.14..0.16 rows=1 width=4) (actual time=0.001..0.001 rows=0 loops=69827)
                                      Index Cond: (id = mi_idx2.info_type_id)
                                      Filter: ((info)::text = 'rating'::text)
                                      Rows Removed by Filter: 1
                          ->  Index Scan using title_pkey on title t2  (cost=0.43..0.52 rows=1 width=25) (actual time=0.002..0.002 rows=0 loops=179)
                                Index Cond: (id = mc2.movie_id)
                                Filter: ((production_year >= 2005) AND (production_year <= 2008))
                                Rows Removed by Filter: 1
                    ->  Index Scan using kind_type_pkey on kind_type kt2  (cost=0.13..0.15 rows=1 width=4) (actual time=0.001..0.001 rows=1 loops=28)
                          Index Cond: (id = t2.kind_id)
                          Filter: ((kind)::text = 'tv series'::text)
              ->  Index Scan using company_name_pkey on company_name cn1  (cost=0.42..0.45 rows=1 width=23) (actual time=0.002..0.002 rows=0 loops=28)
                    Index Cond: (id = mc1.company_id)
                    Filter: ((country_code)::text = '[us]'::text)
                    Rows Removed by Filter: 1
        ->  Index Scan using kind_type_pkey on kind_type kt1  (cost=0.13..0.15 rows=1 width=4) (actual time=0.001..0.001 rows=1 loops=8)
              Index Cond: (id = t1.kind_id)
              Filter: ((kind)::text = 'tv series'::text)
Planning time: 63.684 ms
Execution time: 187.348 ms
