Aggregate  (cost=8674.46..8674.47 rows=1 width=192) (actual time=18.046..18.046 rows=1 loops=1)
  ->  Nested Loop  (cost=5.21..8674.45 rows=1 width=82) (actual time=2.987..18.036 rows=4 loops=1)
        ->  Nested Loop  (cost=5.07..8674.27 rows=1 width=86) (actual time=2.939..18.022 rows=12 loops=1)
              ->  Nested Loop  (cost=4.94..8674.09 rows=1 width=90) (actual time=2.937..18.011 rows=12 loops=1)
                    ->  Nested Loop  (cost=4.52..8673.65 rows=1 width=75) (actual time=2.934..17.986 rows=12 loops=1)
                          Join Filter: (t2.id = mc2.movie_id)
                          ->  Nested Loop  (cost=4.09..8672.91 rows=1 width=83) (actual time=2.929..17.972 rows=3 loops=1)
                                ->  Nested Loop  (cost=3.95..8672.41 rows=3 width=87) (actual time=0.103..17.927 rows=36 loops=1)
                                      ->  Nested Loop  (cost=3.81..8668.72 rows=24 width=91) (actual time=0.101..17.885 rows=36 loops=1)
                                            Join Filter: (ml.movie_id = t1.id)
                                            ->  Nested Loop  (cost=3.38..8656.10 rows=24 width=82) (actual time=0.096..17.799 rows=36 loops=1)
                                                  Join Filter: (ml.movie_id = mi_idx1.movie_id)
                                                  ->  Nested Loop  (cost=2.96..8651.81 rows=8 width=69) (actual time=0.092..17.755 rows=12 loops=1)
                                                        ->  Nested Loop  (cost=2.54..8279.75 rows=835 width=54) (actual time=0.070..17.172 rows=284 loops=1)
                                                              ->  Nested Loop  (cost=2.11..7728.02 rows=139 width=46) (actual time=0.065..16.925 rows=50 loops=1)
                                                                    Join Filter: (ml.linked_movie_id = t2.id)
                                                                    ->  Nested Loop  (cost=1.68..5598.41 rows=2944 width=21) (actual time=0.041..10.935 rows=2944 loops=1)
                                                                          ->  Hash Join  (cost=1.25..828.15 rows=2315 width=8) (actual time=0.030..4.794 rows=2315 loops=1)
                                                                                Hash Cond: (ml.link_type_id = lt.id)
                                                                                ->  Seq Scan on movie_link ml  (cost=0.00..462.97 rows=29997 width=12) (actual time=0.009..2.099 rows=29997 loops=1)
                                                                                ->  Hash  (cost=1.23..1.23 rows=2 width=4) (actual time=0.009..0.009 rows=2 loops=1)
                                                                                      Buckets: 1024  Batches: 1  Memory Usage: 9kB
                                                                                      ->  Seq Scan on link_type lt  (cost=0.00..1.23 rows=2 width=4) (actual time=0.005..0.008 rows=2 loops=1)
                                                                                            Filter: ((link)::text ~~ '%follow%'::text)
                                                                                            Rows Removed by Filter: 16
                                                                          ->  Index Scan using movie_id_movie_info_idx on movie_info_idx mi_idx2  (cost=0.43..2.05 rows=1 width=13) (actual time=0.002..0.002 rows=1 loops=2315)
                                                                                Index Cond: (movie_id = ml.linked_movie_id)
                                                                                Filter: (info < '3.0'::text)
                                                                                Rows Removed by Filter: 1
                                                                    ->  Index Scan using title_pkey on title t2  (cost=0.43..0.71 rows=1 width=25) (actual time=0.002..0.002 rows=0 loops=2944)
                                                                          Index Cond: (id = mi_idx2.movie_id)
                                                                          Filter: (production_year = 2007)
                                                                          Rows Removed by Filter: 1
                                                              ->  Index Scan using movie_id_movie_companies on movie_companies mc1  (cost=0.43..3.92 rows=5 width=8) (actual time=0.003..0.004 rows=6 loops=50)
                                                                    Index Cond: (movie_id = ml.movie_id)
                                                        ->  Index Scan using company_name_pkey on company_name cn1  (cost=0.42..0.45 rows=1 width=23) (actual time=0.002..0.002 rows=0 loops=284)
                                                              Index Cond: (id = mc1.company_id)
                                                              Filter: ((country_code)::text = '[nl]'::text)
                                                              Rows Removed by Filter: 1
                                                  ->  Index Scan using movie_id_movie_info_idx on movie_info_idx mi_idx1  (cost=0.43..0.50 rows=3 width=13) (actual time=0.002..0.003 rows=3 loops=12)
                                                        Index Cond: (movie_id = mc1.movie_id)
                                            ->  Index Scan using title_pkey on title t1  (cost=0.43..0.51 rows=1 width=25) (actual time=0.002..0.002 rows=1 loops=36)
                                                  Index Cond: (id = mc1.movie_id)
                                      ->  Index Scan using kind_type_pkey on kind_type kt1  (cost=0.13..0.15 rows=1 width=4) (actual time=0.001..0.001 rows=1 loops=36)
                                            Index Cond: (id = t1.kind_id)
                                            Filter: ((kind)::text = 'tv series'::text)
                                ->  Index Scan using info_type_pkey on info_type it2  (cost=0.14..0.16 rows=1 width=4) (actual time=0.001..0.001 rows=0 loops=36)
                                      Index Cond: (id = mi_idx2.info_type_id)
                                      Filter: ((info)::text = 'rating'::text)
                                      Rows Removed by Filter: 1
                          ->  Index Scan using movie_id_movie_companies on movie_companies mc2  (cost=0.43..0.68 rows=5 width=8) (actual time=0.002..0.004 rows=4 loops=3)
                                Index Cond: (movie_id = mi_idx2.movie_id)
                    ->  Index Scan using company_name_pkey on company_name cn2  (cost=0.42..0.44 rows=1 width=23) (actual time=0.002..0.002 rows=1 loops=12)
                          Index Cond: (id = mc2.company_id)
              ->  Index Scan using kind_type_pkey on kind_type kt2  (cost=0.13..0.15 rows=1 width=4) (actual time=0.001..0.001 rows=1 loops=12)
                    Index Cond: (id = t2.kind_id)
                    Filter: ((kind)::text = 'tv series'::text)
        ->  Index Scan using info_type_pkey on info_type it1  (cost=0.14..0.16 rows=1 width=4) (actual time=0.001..0.001 rows=0 loops=12)
              Index Cond: (id = mi_idx1.info_type_id)
              Filter: ((info)::text = 'rating'::text)
              Rows Removed by Filter: 1
Planning time: 62.430 ms
Execution time: 18.160 ms
