Aggregate  (cost=8069.62..8069.63 rows=1 width=192) (actual time=19.071..19.072 rows=1 loops=1)
  ->  Nested Loop  (cost=5.21..8069.60 rows=1 width=82) (actual time=3.179..19.060 rows=4 loops=1)
        ->  Nested Loop  (cost=5.07..8069.42 rows=1 width=86) (actual time=3.123..19.045 rows=12 loops=1)
              ->  Nested Loop  (cost=4.94..8069.25 rows=1 width=90) (actual time=3.121..19.030 rows=12 loops=1)
                    ->  Nested Loop  (cost=4.52..8068.80 rows=1 width=75) (actual time=3.117..19.003 rows=12 loops=1)
                          Join Filter: (t2.id = mc2.movie_id)
                          ->  Nested Loop  (cost=4.09..8068.07 rows=1 width=83) (actual time=3.111..18.986 rows=3 loops=1)
                                ->  Nested Loop  (cost=3.95..8067.88 rows=1 width=87) (actual time=0.106..18.938 rows=36 loops=1)
                                      ->  Nested Loop  (cost=3.81..8066.50 rows=9 width=91) (actual time=0.103..18.895 rows=36 loops=1)
                                            Join Filter: (ml.movie_id = t1.id)
                                            ->  Nested Loop  (cost=3.38..8061.77 rows=9 width=82) (actual time=0.098..18.819 rows=36 loops=1)
                                                  Join Filter: (ml.movie_id = mi_idx1.movie_id)
                                                  ->  Nested Loop  (cost=2.96..8060.16 rows=3 width=69) (actual time=0.094..18.772 rows=12 loops=1)
                                                        ->  Nested Loop  (cost=2.54..7926.49 rows=300 width=54) (actual time=0.072..18.172 rows=284 loops=1)
                                                              ->  Nested Loop  (cost=2.11..7728.02 rows=50 width=46) (actual time=0.066..17.904 rows=50 loops=1)
                                                                    Join Filter: (ml.linked_movie_id = t2.id)
                                                                    ->  Nested Loop  (cost=1.68..5598.41 rows=2944 width=21) (actual time=0.041..11.632 rows=2944 loops=1)
                                                                          ->  Hash Join  (cost=1.25..828.15 rows=2315 width=8) (actual time=0.030..5.190 rows=2315 loops=1)
                                                                                Hash Cond: (ml.link_type_id = lt.id)
                                                                                ->  Seq Scan on movie_link ml  (cost=0.00..462.97 rows=29997 width=12) (actual time=0.008..2.248 rows=29997 loops=1)
                                                                                ->  Hash  (cost=1.23..1.23 rows=2 width=4) (actual time=0.009..0.009 rows=2 loops=1)
                                                                                      Buckets: 1024  Batches: 1  Memory Usage: 9kB
                                                                                      ->  Seq Scan on link_type lt  (cost=0.00..1.23 rows=2 width=4) (actual time=0.005..0.008 rows=2 loops=1)
                                                                                            Filter: ((link)::text ~~ '%follow%'::text)
                                                                                            Rows Removed by Filter: 16
                                                                          ->  Index Scan using movie_id_movie_info_idx on movie_info_idx mi_idx2  (cost=0.43..2.05 rows=1 width=13) (actual time=0.002..0.002 rows=1 loops=2315)
                                                                                Index Cond: (movie_id = ml.linked_movie_id)
                                                                                Filter: (info < '3.0'::text)
                                                                                Rows Removed by Filter: 1
                                                                    ->  Index Scan using title_pkey on title t2  (cost=0.43..0.71 rows=1 width=25) (actual time=0.002..0.002 rows=0 loops=2944)
                                                                          Index Cond: (id = mi_idx2.movie_id)
                                                                          Filter: (production_year = 2007)
                                                                          Rows Removed by Filter: 1
                                                              ->  Index Scan using movie_id_movie_companies on movie_companies mc1  (cost=0.43..3.92 rows=5 width=8) (actual time=0.003..0.004 rows=6 loops=50)
                                                                    Index Cond: (movie_id = ml.movie_id)
                                                        ->  Index Scan using company_name_pkey on company_name cn1  (cost=0.42..0.45 rows=1 width=23) (actual time=0.002..0.002 rows=0 loops=284)
                                                              Index Cond: (id = mc1.company_id)
                                                              Filter: ((country_code)::text = '[nl]'::text)
                                                              Rows Removed by Filter: 1
                                                  ->  Index Scan using movie_id_movie_info_idx on movie_info_idx mi_idx1  (cost=0.43..0.50 rows=3 width=13) (actual time=0.002..0.003 rows=3 loops=12)
                                                        Index Cond: (movie_id = mc1.movie_id)
                                            ->  Index Scan using title_pkey on title t1  (cost=0.43..0.51 rows=1 width=25) (actual time=0.002..0.002 rows=1 loops=36)
                                                  Index Cond: (id = mc1.movie_id)
                                      ->  Index Scan using kind_type_pkey on kind_type kt1  (cost=0.13..0.15 rows=1 width=4) (actual time=0.001..0.001 rows=1 loops=36)
                                            Index Cond: (id = t1.kind_id)
                                            Filter: ((kind)::text = 'tv series'::text)
                                ->  Index Scan using info_type_pkey on info_type it2  (cost=0.14..0.16 rows=1 width=4) (actual time=0.001..0.001 rows=0 loops=36)
                                      Index Cond: (id = mi_idx2.info_type_id)
                                      Filter: ((info)::text = 'rating'::text)
                                      Rows Removed by Filter: 1
                          ->  Index Scan using movie_id_movie_companies on movie_companies mc2  (cost=0.43..0.68 rows=5 width=8) (actual time=0.003..0.004 rows=4 loops=3)
                                Index Cond: (movie_id = mi_idx2.movie_id)
                    ->  Index Scan using company_name_pkey on company_name cn2  (cost=0.42..0.44 rows=1 width=23) (actual time=0.002..0.002 rows=1 loops=12)
                          Index Cond: (id = mc2.company_id)
              ->  Index Scan using kind_type_pkey on kind_type kt2  (cost=0.13..0.15 rows=1 width=4) (actual time=0.001..0.001 rows=1 loops=12)
                    Index Cond: (id = t2.kind_id)
                    Filter: ((kind)::text = 'tv series'::text)
        ->  Index Scan using info_type_pkey on info_type it1  (cost=0.14..0.16 rows=1 width=4) (actual time=0.001..0.001 rows=0 loops=12)
              Index Cond: (id = mi_idx1.info_type_id)
              Filter: ((info)::text = 'rating'::text)
              Rows Removed by Filter: 1
Planning time: 62.820 ms
Execution time: 19.188 ms
