Aggregate  (cost=129956.05..129956.06 rows=1 width=32) (actual time=791.188..791.188 rows=1 loops=1)
  ->  Nested Loop  (cost=2627.15..129955.86 rows=75 width=17) (actual time=66.065..791.078 rows=206 loops=1)
        Join Filter: (t.id = mi.movie_id)
        ->  Nested Loop  (cost=2626.72..129647.63 rows=173 width=25) (actual time=47.850..669.314 rows=2235 loops=1)
              ->  Hash Join  (cost=2626.29..129433.90 rows=438 width=4) (actual time=14.606..633.569 rows=12951 loops=1)
                    Hash Cond: (mk.keyword_id = k.id)
                    ->  Seq Scan on movie_keyword mk  (cost=0.00..69693.30 rows=4523930 width=8) (actual time=0.005..287.719 rows=4523930 loops=1)
                    ->  Hash  (cost=2626.12..2626.12 rows=13 width=4) (actual time=14.519..14.519 rows=30 loops=1)
                          Buckets: 1024  Batches: 1  Memory Usage: 10kB
                          ->  Seq Scan on keyword k  (cost=0.00..2626.12 rows=13 width=4) (actual time=0.787..14.504 rows=30 loops=1)
                                Filter: (keyword ~~ '%sequel%'::text)
                                Rows Removed by Filter: 134140
              ->  Index Scan using title_pkey on title t  (cost=0.43..0.49 rows=1 width=21) (actual time=0.003..0.003 rows=0 loops=12951)
                    Index Cond: (id = mk.movie_id)
                    Filter: (production_year > 2005)
                    Rows Removed by Filter: 1
        ->  Index Scan using movie_id_movie_info on movie_info mi  (cost=0.43..1.77 rows=1 width=4) (actual time=0.051..0.054 rows=0 loops=2235)
              Index Cond: (movie_id = mk.movie_id)
              Filter: (info = ANY ('{Sweden,Norway,Germany,Denmark,Swedish,Denish,Norwegian,German}'::text[]))
              Rows Removed by Filter: 45
Planning time: 0.601 ms
Execution time: 791.219 ms
