Aggregate  (cost=130649.97..130649.98 rows=1 width=32) (actual time=689.718..689.718 rows=1 loops=1)
  ->  Nested Loop  (cost=2627.36..130649.52 rows=179 width=17) (actual time=65.157..689.634 rows=206 loops=1)
        Join Filter: (t.id = mi.movie_id)
        ->  Nested Loop  (cost=2626.93..129927.93 rows=405 width=25) (actual time=48.261..650.796 rows=2235 loops=1)
              ->  Hash Join  (cost=2626.50..129434.11 rows=1012 width=4) (actual time=15.695..623.228 rows=12951 loops=1)
                    Hash Cond: (mk.keyword_id = k.id)
                    ->  Seq Scan on movie_keyword mk  (cost=0.00..69693.30 rows=4523930 width=8) (actual time=0.004..282.257 rows=4523930 loops=1)
                    ->  Hash  (cost=2626.12..2626.12 rows=30 width=4) (actual time=15.607..15.607 rows=30 loops=1)
                          Buckets: 1024  Batches: 1  Memory Usage: 10kB
                          ->  Seq Scan on keyword k  (cost=0.00..2626.12 rows=30 width=4) (actual time=0.844..15.601 rows=30 loops=1)
                                Filter: (keyword ~~ '%sequel%'::text)
                                Rows Removed by Filter: 134140
              ->  Index Scan using title_pkey on title t  (cost=0.43..0.49 rows=1 width=21) (actual time=0.002..0.002 rows=0 loops=12951)
                    Index Cond: (id = mk.movie_id)
                    Filter: (production_year > 2005)
                    Rows Removed by Filter: 1
        ->  Index Scan using movie_id_movie_info on movie_info mi  (cost=0.43..1.77 rows=1 width=4) (actual time=0.016..0.017 rows=0 loops=2235)
              Index Cond: (movie_id = mk.movie_id)
              Filter: (info = ANY ('{Sweden,Norway,Germany,Denmark,Swedish,Denish,Norwegian,German}'::text[]))
              Rows Removed by Filter: 45
Planning time: 0.612 ms
Execution time: 689.748 ms
