Aggregate  (cost=129744.43..129744.44 rows=1 width=32) (actual time=652.748..652.748 rows=1 loops=1)
  ->  Nested Loop  (cost=2627.15..129744.43 rows=1 width=17) (actual time=131.159..652.735 rows=5 loops=1)
        Join Filter: (t.id = mi.movie_id)
        ->  Nested Loop  (cost=2626.72..129647.63 rows=66 width=25) (actual time=49.541..645.461 rows=405 loops=1)
              ->  Hash Join  (cost=2626.29..129433.90 rows=438 width=4) (actual time=15.528..618.552 rows=12951 loops=1)
                    Hash Cond: (mk.keyword_id = k.id)
                    ->  Seq Scan on movie_keyword mk  (cost=0.00..69693.30 rows=4523930 width=8) (actual time=0.004..280.014 rows=4523930 loops=1)
                    ->  Hash  (cost=2626.12..2626.12 rows=13 width=4) (actual time=15.440..15.440 rows=30 loops=1)
                          Buckets: 1024  Batches: 1  Memory Usage: 10kB
                          ->  Seq Scan on keyword k  (cost=0.00..2626.12 rows=13 width=4) (actual time=0.811..15.433 rows=30 loops=1)
                                Filter: (keyword ~~ '%sequel%'::text)
                                Rows Removed by Filter: 134140
              ->  Index Scan using title_pkey on title t  (cost=0.43..0.49 rows=1 width=21) (actual time=0.002..0.002 rows=0 loops=12951)
                    Index Cond: (id = mk.movie_id)
                    Filter: (production_year > 2010)
                    Rows Removed by Filter: 1
        ->  Index Scan using movie_id_movie_info on movie_info mi  (cost=0.43..1.45 rows=1 width=4) (actual time=0.017..0.018 rows=0 loops=405)
              Index Cond: (movie_id = mk.movie_id)
              Filter: (info = 'Bulgaria'::text)
              Rows Removed by Filter: 63
Planning time: 0.574 ms
Execution time: 652.779 ms
