Aggregate  (cost=130224.63..130224.64 rows=1 width=32) (actual time=933.544..933.544 rows=1 loops=1)
  ->  Nested Loop  (cost=2627.15..130223.09 rows=616 width=17) (actual time=16.387..932.304 rows=7250 loops=1)
        Join Filter: (t.id = mi.movie_id)
        ->  Nested Loop  (cost=2626.72..129647.63 rows=303 width=25) (actual time=15.285..672.900 rows=7874 loops=1)
              ->  Hash Join  (cost=2626.29..129433.90 rows=438 width=4) (actual time=15.275..642.056 rows=12951 loops=1)
                    Hash Cond: (mk.keyword_id = k.id)
                    ->  Seq Scan on movie_keyword mk  (cost=0.00..69693.30 rows=4523930 width=8) (actual time=0.004..291.515 rows=4523930 loops=1)
                    ->  Hash  (cost=2626.12..2626.12 rows=13 width=4) (actual time=15.176..15.176 rows=30 loops=1)
                          Buckets: 1024  Batches: 1  Memory Usage: 10kB
                          ->  Seq Scan on keyword k  (cost=0.00..2626.12 rows=13 width=4) (actual time=0.785..15.168 rows=30 loops=1)
                                Filter: (keyword ~~ '%sequel%'::text)
                                Rows Removed by Filter: 134140
              ->  Index Scan using title_pkey on title t  (cost=0.43..0.49 rows=1 width=21) (actual time=0.002..0.002 rows=1 loops=12951)
                    Index Cond: (id = mk.movie_id)
                    Filter: (production_year > 1990)
                    Rows Removed by Filter: 0
        ->  Index Scan using movie_id_movie_info on movie_info mi  (cost=0.43..1.87 rows=2 width=4) (actual time=0.028..0.033 rows=1 loops=7874)
              Index Cond: (movie_id = mk.movie_id)
              Filter: (info = ANY ('{Sweden,Norway,Germany,Denmark,Swedish,Denish,Norwegian,German,USA,American}'::text[]))
              Rows Removed by Filter: 35
Planning time: 0.614 ms
Execution time: 933.574 ms
