Aggregate  (cost=152813.96..152813.97 rows=1 width=32) (actual time=795.587..795.587 rows=1 loops=1)
  ->  Nested Loop  (cost=2627.36..152768.64 rows=18128 width=17) (actual time=16.374..794.386 rows=7250 loops=1)
        Join Filter: (t.id = mi.movie_id)
        ->  Nested Loop  (cost=2626.93..135753.69 rows=8959 width=25) (actual time=15.514..670.455 rows=7874 loops=1)
              ->  Hash Join  (cost=2626.50..129434.11 rows=12951 width=4) (actual time=15.503..640.503 rows=12951 loops=1)
                    Hash Cond: (mk.keyword_id = k.id)
                    ->  Seq Scan on movie_keyword mk  (cost=0.00..69693.30 rows=4523930 width=8) (actual time=0.004..290.804 rows=4523930 loops=1)
                    ->  Hash  (cost=2626.12..2626.12 rows=30 width=4) (actual time=15.416..15.416 rows=30 loops=1)
                          Buckets: 1024  Batches: 1  Memory Usage: 10kB
                          ->  Seq Scan on keyword k  (cost=0.00..2626.12 rows=30 width=4) (actual time=0.810..15.409 rows=30 loops=1)
                                Filter: (keyword ~~ '%sequel%'::text)
                                Rows Removed by Filter: 134140
              ->  Index Scan using title_pkey on title t  (cost=0.43..0.49 rows=1 width=21) (actual time=0.002..0.002 rows=1 loops=12951)
                    Index Cond: (id = mk.movie_id)
                    Filter: (production_year > 1990)
                    Rows Removed by Filter: 0
        ->  Index Scan using movie_id_movie_info on movie_info mi  (cost=0.43..1.87 rows=2 width=4) (actual time=0.013..0.015 rows=1 loops=7874)
              Index Cond: (movie_id = mk.movie_id)
              Filter: (info = ANY ('{Sweden,Norway,Germany,Denmark,Swedish,Denish,Norwegian,German,USA,American}'::text[]))
              Rows Removed by Filter: 35
Planning time: 0.678 ms
Execution time: 795.622 ms
