Aggregate  (cost=150729.04..150729.05 rows=1 width=32) (actual time=795.824..795.824 rows=1 loops=1)
  ->  Nested Loop  (cost=2627.36..150708.00 rows=8414 width=17) (actual time=15.459..794.669 rows=7250 loops=1)
        Join Filter: (t.id = mi.movie_id)
        ->  Nested Loop  (cost=2626.93..135753.69 rows=7874 width=25) (actual time=14.559..670.124 rows=7874 loops=1)
              ->  Hash Join  (cost=2626.50..129434.11 rows=12951 width=4) (actual time=14.549..640.103 rows=12951 loops=1)
                    Hash Cond: (mk.keyword_id = k.id)
                    ->  Seq Scan on movie_keyword mk  (cost=0.00..69693.30 rows=4523930 width=8) (actual time=0.004..290.966 rows=4523930 loops=1)
                    ->  Hash  (cost=2626.12..2626.12 rows=30 width=4) (actual time=14.449..14.449 rows=30 loops=1)
                          Buckets: 1024  Batches: 1  Memory Usage: 10kB
                          ->  Seq Scan on keyword k  (cost=0.00..2626.12 rows=30 width=4) (actual time=0.781..14.443 rows=30 loops=1)
                                Filter: (keyword ~~ '%sequel%'::text)
                                Rows Removed by Filter: 134140
              ->  Index Scan using title_pkey on title t  (cost=0.43..0.49 rows=1 width=21) (actual time=0.002..0.002 rows=1 loops=12951)
                    Index Cond: (id = mk.movie_id)
                    Filter: (production_year > 1990)
                    Rows Removed by Filter: 0
        ->  Index Scan using movie_id_movie_info on movie_info mi  (cost=0.43..1.87 rows=2 width=4) (actual time=0.013..0.016 rows=1 loops=7874)
              Index Cond: (movie_id = mk.movie_id)
              Filter: (info = ANY ('{Sweden,Norway,Germany,Denmark,Swedish,Denish,Norwegian,German,USA,American}'::text[]))
              Rows Removed by Filter: 35
Planning time: 0.610 ms
Execution time: 795.854 ms
