Aggregate  (cost=41545.96..41545.97 rows=1 width=64) (actual time=1320.178..1320.178 rows=1 loops=1)
  ->  Hash Join  (cost=2629.79..41545.94 rows=4 width=22) (actual time=149.660..1319.879 rows=740 loops=1)
        Hash Cond: (mk.keyword_id = k.id)
        ->  Nested Loop  (cost=3.29..38689.83 rows=18187 width=26) (actual time=0.027..1257.647 rows=697651 loops=1)
              ->  Nested Loop  (cost=2.86..35331.04 rows=1850 width=30) (actual time=0.024..932.360 rows=106021 loops=1)
                    ->  Hash Join  (cost=2.43..31733.64 rows=4617 width=9) (actual time=0.020..296.793 rows=352990 loops=1)
                          Hash Cond: (mi_idx.info_type_id = it.id)
                          ->  Seq Scan on movie_info_idx mi_idx  (cost=0.00..25185.44 rows=521723 width=13) (actual time=0.006..226.409 rows=521723 loops=1)
                                Filter: (info > '5.0'::text)
                                Rows Removed by Filter: 858312
                          ->  Hash  (cost=2.41..2.41 rows=1 width=4) (actual time=0.010..0.010 rows=1 loops=1)
                                Buckets: 1024  Batches: 1  Memory Usage: 9kB
                                ->  Seq Scan on info_type it  (cost=0.00..2.41 rows=1 width=4) (actual time=0.008..0.009 rows=1 loops=1)
                                      Filter: ((info)::text = 'rating'::text)
                                      Rows Removed by Filter: 112
                    ->  Index Scan using title_pkey on title t  (cost=0.43..0.78 rows=1 width=21) (actual time=0.002..0.002 rows=0 loops=352990)
                          Index Cond: (id = mi_idx.movie_id)
                          Filter: (production_year > 2005)
                          Rows Removed by Filter: 1
              ->  Index Scan using movie_id_movie_keyword on movie_keyword mk  (cost=0.43..1.37 rows=45 width=8) (actual time=0.001..0.002 rows=7 loops=106021)
                    Index Cond: (movie_id = t.id)
        ->  Hash  (cost=2626.12..2626.12 rows=30 width=4) (actual time=15.544..15.544 rows=30 loops=1)
              Buckets: 1024  Batches: 1  Memory Usage: 10kB
              ->  Seq Scan on keyword k  (cost=0.00..2626.12 rows=30 width=4) (actual time=0.813..15.538 rows=30 loops=1)
                    Filter: (keyword ~~ '%sequel%'::text)
                    Rows Removed by Filter: 134140
Planning time: 0.809 ms
Execution time: 1320.221 ms
