Aggregate  (cost=136588.06..136588.07 rows=1 width=64) (actual time=714.145..714.145 rows=1 loops=1)
  ->  Nested Loop  (cost=2629.78..136586.51 rows=311 width=22) (actual time=50.124..713.895 rows=740 loops=1)
        Join Filter: (mi_idx.movie_id = t.id)
        ->  Hash Join  (cost=2629.35..136198.15 rows=776 width=13) (actual time=15.700..698.772 rows=5820 loops=1)
              Hash Cond: (mi_idx.info_type_id = it.id)
              ->  Nested Loop  (cost=2626.93..136011.47 rows=14686 width=17) (actual time=15.683..697.353 rows=8429 loops=1)
                    ->  Hash Join  (cost=2626.50..129434.11 rows=12951 width=4) (actual time=15.648..655.587 rows=12951 loops=1)
                          Hash Cond: (mk.keyword_id = k.id)
                          ->  Seq Scan on movie_keyword mk  (cost=0.00..69693.30 rows=4523930 width=8) (actual time=0.003..292.027 rows=4523930 loops=1)
                          ->  Hash  (cost=2626.12..2626.12 rows=30 width=4) (actual time=15.560..15.560 rows=30 loops=1)
                                Buckets: 1024  Batches: 1  Memory Usage: 10kB
                                ->  Seq Scan on keyword k  (cost=0.00..2626.12 rows=30 width=4) (actual time=0.844..15.545 rows=30 loops=1)
                                      Filter: (keyword ~~ '%sequel%'::text)
                                      Rows Removed by Filter: 134140
                    ->  Index Scan using movie_id_movie_info_idx on movie_info_idx mi_idx  (cost=0.43..0.50 rows=1 width=13) (actual time=0.003..0.003 rows=1 loops=12951)
                          Index Cond: (movie_id = mk.movie_id)
                          Filter: (info > '5.0'::text)
                          Rows Removed by Filter: 1
              ->  Hash  (cost=2.41..2.41 rows=1 width=4) (actual time=0.013..0.013 rows=1 loops=1)
                    Buckets: 1024  Batches: 1  Memory Usage: 9kB
                    ->  Seq Scan on info_type it  (cost=0.00..2.41 rows=1 width=4) (actual time=0.010..0.011 rows=1 loops=1)
                          Filter: ((info)::text = 'rating'::text)
                          Rows Removed by Filter: 112
        ->  Index Scan using title_pkey on title t  (cost=0.43..0.49 rows=1 width=21) (actual time=0.002..0.002 rows=0 loops=5820)
              Index Cond: (id = mk.movie_id)
              Filter: (production_year > 2005)
              Rows Removed by Filter: 1
Planning time: 0.786 ms
Execution time: 714.184 ms
