Aggregate  (cost=136922.81..136922.82 rows=1 width=64) (actual time=672.288..672.288 rows=1 loops=1)
  ->  Hash Join  (cost=2629.78..136911.15 rows=2332 width=22) (actual time=50.880..672.068 rows=740 loops=1)
        Hash Cond: (mi_idx.info_type_id = it.id)
        ->  Nested Loop  (cost=2627.36..136894.36 rows=1145 width=26) (actual time=50.864..671.827 rows=1145 loops=1)
              Join Filter: (t.id = mi_idx.movie_id)
              ->  Nested Loop  (cost=2626.93..135753.69 rows=2235 width=25) (actual time=50.852..666.555 rows=2235 loops=1)
                    ->  Hash Join  (cost=2626.50..129434.11 rows=12951 width=4) (actual time=15.586..638.849 rows=12951 loops=1)
                          Hash Cond: (mk.keyword_id = k.id)
                          ->  Seq Scan on movie_keyword mk  (cost=0.00..69693.30 rows=4523930 width=8) (actual time=0.004..284.341 rows=4523930 loops=1)
                          ->  Hash  (cost=2626.12..2626.12 rows=30 width=4) (actual time=15.500..15.500 rows=30 loops=1)
                                Buckets: 1024  Batches: 1  Memory Usage: 10kB
                                ->  Seq Scan on keyword k  (cost=0.00..2626.12 rows=30 width=4) (actual time=0.793..15.493 rows=30 loops=1)
                                      Filter: (keyword ~~ '%sequel%'::text)
                                      Rows Removed by Filter: 134140
                    ->  Index Scan using title_pkey on title t  (cost=0.43..0.49 rows=1 width=21) (actual time=0.002..0.002 rows=0 loops=12951)
                          Index Cond: (id = mk.movie_id)
                          Filter: (production_year > 2005)
                          Rows Removed by Filter: 1
              ->  Index Scan using movie_id_movie_info_idx on movie_info_idx mi_idx  (cost=0.43..0.50 rows=1 width=13) (actual time=0.002..0.002 rows=1 loops=2235)
                    Index Cond: (movie_id = mk.movie_id)
                    Filter: (info > '5.0'::text)
                    Rows Removed by Filter: 1
        ->  Hash  (cost=2.41..2.41 rows=1 width=4) (actual time=0.012..0.012 rows=1 loops=1)
              Buckets: 1024  Batches: 1  Memory Usage: 9kB
              ->  Seq Scan on info_type it  (cost=0.00..2.41 rows=1 width=4) (actual time=0.010..0.011 rows=1 loops=1)
                    Filter: ((info)::text = 'rating'::text)
                    Rows Removed by Filter: 112
Planning time: 0.815 ms
Execution time: 672.330 ms
