Aggregate  (cost=25800.91..25800.92 rows=1 width=64) (actual time=175.052..175.052 rows=1 loops=1)
  ->  Nested Loop  (cost=3.71..25800.91 rows=1 width=22) (actual time=78.766..175.039 rows=6 loops=1)
        ->  Nested Loop  (cost=3.29..25756.35 rows=101 width=26) (actual time=7.690..172.671 rows=1070 loops=1)
              ->  Nested Loop  (cost=2.86..25735.77 rows=10 width=30) (actual time=1.954..172.059 rows=72 loops=1)
                    ->  Hash Join  (cost=2.43..25284.85 rows=68 width=9) (actual time=1.946..171.049 rows=305 loops=1)
                          Hash Cond: (mi_idx.info_type_id = it.id)
                          ->  Seq Scan on movie_info_idx mi_idx  (cost=0.00..25185.44 rows=7730 width=13) (actual time=0.089..170.421 rows=7793 loops=1)
                                Filter: (info > '9.0'::text)
                                Rows Removed by Filter: 1372242
                          ->  Hash  (cost=2.41..2.41 rows=1 width=4) (actual time=0.010..0.010 rows=1 loops=1)
                                Buckets: 1024  Batches: 1  Memory Usage: 9kB
                                ->  Seq Scan on info_type it  (cost=0.00..2.41 rows=1 width=4) (actual time=0.008..0.009 rows=1 loops=1)
                                      Filter: ((info)::text = 'rating'::text)
                                      Rows Removed by Filter: 112
                    ->  Index Scan using title_pkey on title t  (cost=0.43..6.63 rows=1 width=21) (actual time=0.003..0.003 rows=0 loops=305)
                          Index Cond: (id = mi_idx.movie_id)
                          Filter: (production_year > 2010)
                          Rows Removed by Filter: 1
              ->  Index Scan using movie_id_movie_keyword on movie_keyword mk  (cost=0.43..1.61 rows=45 width=8) (actual time=0.004..0.006 rows=15 loops=72)
                    Index Cond: (movie_id = t.id)
        ->  Index Scan using keyword_pkey on keyword k  (cost=0.42..0.44 rows=1 width=4) (actual time=0.002..0.002 rows=0 loops=1070)
              Index Cond: (id = mk.keyword_id)
              Filter: (keyword ~~ '%sequel%'::text)
              Rows Removed by Filter: 1
Planning time: 0.795 ms
Execution time: 175.094 ms
