Aggregate  (cost=27606.27..27606.28 rows=1 width=64) (actual time=173.513..173.513 rows=1 loops=1)
  ->  Nested Loop  (cost=3.71..27606.27 rows=1 width=22) (actual time=77.765..173.501 rows=6 loops=1)
        ->  Nested Loop  (cost=3.29..27401.12 rows=465 width=26) (actual time=7.653..171.136 rows=1070 loops=1)
              ->  Nested Loop  (cost=2.86..27304.94 rows=47 width=30) (actual time=1.853..170.556 rows=72 loops=1)
                    ->  Hash Join  (cost=2.43..25285.64 rows=305 width=9) (actual time=1.846..169.482 rows=305 loops=1)
                          Hash Cond: (mi_idx.info_type_id = it.id)
                          ->  Seq Scan on movie_info_idx mi_idx  (cost=0.00..25185.44 rows=7793 width=13) (actual time=0.089..168.860 rows=7793 loops=1)
                                Filter: (info > '9.0'::text)
                                Rows Removed by Filter: 1372242
                          ->  Hash  (cost=2.41..2.41 rows=1 width=4) (actual time=0.010..0.010 rows=1 loops=1)
                                Buckets: 1024  Batches: 1  Memory Usage: 9kB
                                ->  Seq Scan on info_type it  (cost=0.00..2.41 rows=1 width=4) (actual time=0.008..0.009 rows=1 loops=1)
                                      Filter: ((info)::text = 'rating'::text)
                                      Rows Removed by Filter: 112
                    ->  Index Scan using title_pkey on title t  (cost=0.43..6.62 rows=1 width=21) (actual time=0.003..0.003 rows=0 loops=305)
                          Index Cond: (id = mi_idx.movie_id)
                          Filter: (production_year > 2010)
                          Rows Removed by Filter: 1
              ->  Index Scan using movie_id_movie_keyword on movie_keyword mk  (cost=0.43..1.60 rows=45 width=8) (actual time=0.004..0.006 rows=15 loops=72)
                    Index Cond: (movie_id = t.id)
        ->  Index Scan using keyword_pkey on keyword k  (cost=0.42..0.44 rows=1 width=4) (actual time=0.002..0.002 rows=0 loops=1070)
              Index Cond: (id = mk.keyword_id)
              Filter: (keyword ~~ '%sequel%'::text)
              Rows Removed by Filter: 1
Planning time: 0.715 ms
Execution time: 173.550 ms
