Aggregate  (cost=53263.26..53263.27 rows=1 width=64) (actual time=2204.614..2204.614 rows=1 loops=1)
  ->  Hash Join  (cost=2629.57..53263.23 rows=5 width=22) (actual time=16.602..2203.297 rows=4700 loops=1)
        Hash Cond: (mk.keyword_id = k.id)
        ->  Nested Loop  (cost=3.29..49988.61 rows=51353 width=26) (actual time=0.028..2056.489 rows=2012691 loops=1)
              ->  Nested Loop  (cost=2.86..40825.36 rows=5223 width=30) (actual time=0.025..1181.397 rows=294217 loops=1)
                    ->  Hash Join  (cost=2.43..35903.97 rows=7559 width=9) (actual time=0.020..357.358 rows=448969 loops=1)
                          Hash Cond: (mi_idx.info_type_id = it.id)
                          ->  Seq Scan on movie_info_idx mi_idx  (cost=0.00..25185.44 rows=854114 width=13) (actual time=0.005..248.261 rows=855412 loops=1)
                                Filter: (info > '2.0'::text)
                                Rows Removed by Filter: 524623
                          ->  Hash  (cost=2.41..2.41 rows=1 width=4) (actual time=0.010..0.010 rows=1 loops=1)
                                Buckets: 1024  Batches: 1  Memory Usage: 9kB
                                ->  Seq Scan on info_type it  (cost=0.00..2.41 rows=1 width=4) (actual time=0.008..0.009 rows=1 loops=1)
                                      Filter: ((info)::text = 'rating'::text)
                                      Rows Removed by Filter: 112
                    ->  Index Scan using title_pkey on title t  (cost=0.43..0.65 rows=1 width=21) (actual time=0.002..0.002 rows=1 loops=448969)
                          Index Cond: (id = mi_idx.movie_id)
                          Filter: (production_year > 1990)
                          Rows Removed by Filter: 0
              ->  Index Scan using movie_id_movie_keyword on movie_keyword mk  (cost=0.43..1.30 rows=45 width=8) (actual time=0.001..0.002 rows=7 loops=294217)
                    Index Cond: (movie_id = t.id)
        ->  Hash  (cost=2626.12..2626.12 rows=13 width=4) (actual time=15.432..15.432 rows=30 loops=1)
              Buckets: 1024  Batches: 1  Memory Usage: 10kB
              ->  Seq Scan on keyword k  (cost=0.00..2626.12 rows=13 width=4) (actual time=0.779..15.427 rows=30 loops=1)
                    Filter: (keyword ~~ '%sequel%'::text)
                    Rows Removed by Filter: 134140
Planning time: 0.815 ms
Execution time: 2204.654 ms
