Aggregate  (cost=140011.51..140011.52 rows=1 width=64) (actual time=687.901..687.901 rows=1 loops=1)
  ->  Hash Join  (cost=2629.78..139983.52 rows=5598 width=22) (actual time=15.435..686.828 rows=4700 loops=1)
        Hash Cond: (mi_idx.info_type_id = it.id)
        ->  Nested Loop  (cost=2627.36..139870.73 rows=8797 width=26) (actual time=15.419..685.517 rows=8797 loops=1)
              Join Filter: (t.id = mi_idx.movie_id)
              ->  Nested Loop  (cost=2626.93..135753.69 rows=7874 width=25) (actual time=15.410..667.951 rows=7874 loops=1)
                    ->  Hash Join  (cost=2626.50..129434.11 rows=12951 width=4) (actual time=15.399..638.907 rows=12951 loops=1)
                          Hash Cond: (mk.keyword_id = k.id)
                          ->  Seq Scan on movie_keyword mk  (cost=0.00..69693.30 rows=4523930 width=8) (actual time=0.003..285.027 rows=4523930 loops=1)
                          ->  Hash  (cost=2626.12..2626.12 rows=30 width=4) (actual time=15.313..15.313 rows=30 loops=1)
                                Buckets: 1024  Batches: 1  Memory Usage: 10kB
                                ->  Seq Scan on keyword k  (cost=0.00..2626.12 rows=30 width=4) (actual time=0.782..15.306 rows=30 loops=1)
                                      Filter: (keyword ~~ '%sequel%'::text)
                                      Rows Removed by Filter: 134140
                    ->  Index Scan using title_pkey on title t  (cost=0.43..0.49 rows=1 width=21) (actual time=0.002..0.002 rows=1 loops=12951)
                          Index Cond: (id = mk.movie_id)
                          Filter: (production_year > 1990)
                          Rows Removed by Filter: 0
              ->  Index Scan using movie_id_movie_info_idx on movie_info_idx mi_idx  (cost=0.43..0.50 rows=2 width=13) (actual time=0.002..0.002 rows=1 loops=7874)
                    Index Cond: (movie_id = mk.movie_id)
                    Filter: (info > '2.0'::text)
                    Rows Removed by Filter: 1
        ->  Hash  (cost=2.41..2.41 rows=1 width=4) (actual time=0.012..0.012 rows=1 loops=1)
              Buckets: 1024  Batches: 1  Memory Usage: 9kB
              ->  Seq Scan on info_type it  (cost=0.00..2.41 rows=1 width=4) (actual time=0.010..0.011 rows=1 loops=1)
                    Filter: ((info)::text = 'rating'::text)
                    Rows Removed by Filter: 112
Planning time: 0.813 ms
Execution time: 687.943 ms
