Aggregate  (cost=56400.94..56400.95 rows=1 width=32) (actual time=170.227..170.227 rows=1 loops=1)
  ->  Nested Loop  (cost=1.44..56400.94 rows=1 width=17) (actual time=170.224..170.224 rows=0 loops=1)
        ->  Nested Loop  (cost=1.29..56400.78 rows=1 width=21) (actual time=170.224..170.224 rows=0 loops=1)
              ->  Nested Loop  (cost=0.86..56397.35 rows=1 width=25) (actual time=170.224..170.224 rows=0 loops=1)
                    ->  Nested Loop  (cost=0.43..56329.75 rows=8 width=4) (actual time=170.223..170.223 rows=0 loops=1)
                          ->  Seq Scan on company_type ct  (cost=0.00..1.05 rows=1 width=4) (actual time=0.003..0.005 rows=1 loops=1)
                                Filter: ((kind)::text = 'production companies'::text)
                                Rows Removed by Filter: 3
                          ->  Index Scan using company_type_id_movie_companies on movie_companies mc  (cost=0.43..56328.53 rows=17 width=8) (actual time=170.216..170.216 rows=0 loops=1)
                                Index Cond: (company_type_id = ct.id)
                                Filter: ((note ~~ '%(VHS)%'::text) AND (note ~~ '%(USA)%'::text) AND (note ~~ '%(1994)%'::text))
                                Rows Removed by Filter: 1334883
                    ->  Index Scan using title_pkey on title t  (cost=0.43..8.45 rows=1 width=21) (never executed)
                          Index Cond: (id = mc.movie_id)
                          Filter: (production_year > 2010)
              ->  Index Scan using movie_id_movie_info on movie_info mi  (cost=0.43..3.41 rows=2 width=8) (never executed)
                    Index Cond: (movie_id = t.id)
                    Filter: (info = ANY ('{USA,America}'::text[]))
        ->  Index Only Scan using info_type_pkey on info_type it  (cost=0.14..0.16 rows=1 width=4) (never executed)
              Index Cond: (id = mi.info_type_id)
              Heap Fetches: 0
Planning time: 0.828 ms
Execution time: 170.267 ms
