Aggregate  (cost=59358.40..59358.41 rows=1 width=32) (actual time=170.437..170.437 rows=1 loops=1)
  ->  Nested Loop  (cost=1.44..59358.24 rows=62 width=17) (actual time=170.435..170.435 rows=0 loops=1)
        ->  Nested Loop  (cost=1.29..59348.34 rows=62 width=21) (actual time=170.434..170.434 rows=0 loops=1)
              ->  Nested Loop  (cost=0.86..59163.27 rows=55 width=25) (actual time=170.434..170.434 rows=0 loops=1)
                    ->  Nested Loop  (cost=0.43..56329.75 rows=354 width=4) (actual time=170.434..170.434 rows=0 loops=1)
                          ->  Seq Scan on company_type ct  (cost=0.00..1.05 rows=1 width=4) (actual time=0.003..0.005 rows=1 loops=1)
                                Filter: ((kind)::text = 'production companies'::text)
                                Rows Removed by Filter: 3
                          ->  Index Scan using company_type_id_movie_companies on movie_companies mc  (cost=0.43..56328.53 rows=17 width=8) (actual time=170.427..170.427 rows=0 loops=1)
                                Index Cond: (company_type_id = ct.id)
                                Filter: ((note ~~ '%(VHS)%'::text) AND (note ~~ '%(USA)%'::text) AND (note ~~ '%(1994)%'::text))
                                Rows Removed by Filter: 1334883
                    ->  Index Scan using title_pkey on title t  (cost=0.43..8.00 rows=1 width=21) (never executed)
                          Index Cond: (id = mc.movie_id)
                          Filter: (production_year > 2010)
              ->  Index Scan using movie_id_movie_info on movie_info mi  (cost=0.43..3.34 rows=2 width=8) (never executed)
                    Index Cond: (movie_id = t.id)
                    Filter: (info = ANY ('{USA,America}'::text[]))
        ->  Index Only Scan using info_type_pkey on info_type it  (cost=0.14..0.16 rows=1 width=4) (never executed)
              Index Cond: (id = mi.info_type_id)
              Heap Fetches: 0
Planning time: 0.830 ms
Execution time: 170.476 ms
