Aggregate  (cost=242593.14..242593.15 rows=1 width=32) (actual time=195.107..195.107 rows=1 loops=1)
  ->  Hash Join  (cost=4.84..242408.89 rows=73698 width=17) (actual time=2.349..194.953 rows=669 loops=1)
        Hash Cond: (mi.info_type_id = it.id)
        ->  Nested Loop  (cost=1.29..241480.70 rows=73698 width=21) (actual time=2.316..194.779 rows=669 loops=1)
              ->  Nested Loop  (cost=0.86..130100.07 rows=51127 width=25) (actual time=2.310..186.355 rows=767 loops=1)
                    ->  Nested Loop  (cost=0.43..53908.92 rows=73907 width=4) (actual time=2.302..183.685 rows=798 loops=1)
                          ->  Seq Scan on company_type ct  (cost=0.00..1.05 rows=1 width=4) (actual time=0.004..0.006 rows=1 loops=1)
                                Filter: ((kind)::text = 'production companies'::text)
                                Rows Removed by Filter: 3
                          ->  Index Scan using company_type_id_movie_companies on movie_companies mc  (cost=0.43..53067.12 rows=84075 width=8) (actual time=2.297..183.587 rows=798 loops=1)
                                Index Cond: (company_type_id = ct.id)
                                Filter: ((note !~~ '%(TV)%'::text) AND (note ~~ '%(USA)%'::text))
                                Rows Removed by Filter: 1334085
                    ->  Index Scan using title_pkey on title t  (cost=0.43..1.03 rows=1 width=21) (actual time=0.003..0.003 rows=1 loops=798)
                          Index Cond: (id = mc.movie_id)
                          Filter: (production_year > 1990)
                          Rows Removed by Filter: 0
              ->  Index Scan using movie_id_movie_info on movie_info mi  (cost=0.43..2.16 rows=2 width=8) (actual time=0.009..0.011 rows=1 loops=767)
                    Index Cond: (movie_id = t.id)
                    Filter: (info = ANY ('{Sweden,Norway,Germany,Denmark,Swedish,Denish,Norwegian,German,USA,American}'::text[]))
                    Rows Removed by Filter: 10
        ->  Hash  (cost=2.13..2.13 rows=113 width=4) (actual time=0.026..0.026 rows=113 loops=1)
              Buckets: 1024  Batches: 1  Memory Usage: 12kB
              ->  Seq Scan on info_type it  (cost=0.00..2.13 rows=113 width=4) (actual time=0.005..0.014 rows=113 loops=1)
Planning time: 0.839 ms
Execution time: 195.146 ms
