Aggregate  (cost=56480.11..56480.12 rows=1 width=32) (actual time=193.504..193.504 rows=1 loops=1)
  ->  Nested Loop  (cost=1.44..56478.92 rows=478 width=17) (actual time=2.315..193.373 rows=669 loops=1)
        ->  Nested Loop  (cost=1.29..56402.50 rows=478 width=21) (actual time=2.312..192.740 rows=669 loops=1)
              ->  Nested Loop  (cost=0.86..54731.58 rows=767 width=25) (actual time=2.306..184.339 rows=767 loops=1)
                    ->  Nested Loop  (cost=0.43..53908.92 rows=798 width=4) (actual time=2.298..181.673 rows=798 loops=1)
                          ->  Seq Scan on company_type ct  (cost=0.00..1.05 rows=1 width=4) (actual time=0.004..0.005 rows=1 loops=1)
                                Filter: ((kind)::text = 'production companies'::text)
                                Rows Removed by Filter: 3
                          ->  Index Scan using company_type_id_movie_companies on movie_companies mc  (cost=0.43..53067.12 rows=84075 width=8) (actual time=2.294..181.575 rows=798 loops=1)
                                Index Cond: (company_type_id = ct.id)
                                Filter: ((note !~~ '%(TV)%'::text) AND (note ~~ '%(USA)%'::text))
                                Rows Removed by Filter: 1334085
                    ->  Index Scan using title_pkey on title t  (cost=0.43..1.03 rows=1 width=21) (actual time=0.003..0.003 rows=1 loops=798)
                          Index Cond: (id = mc.movie_id)
                          Filter: (production_year > 1990)
                          Rows Removed by Filter: 0
              ->  Index Scan using movie_id_movie_info on movie_info mi  (cost=0.43..2.16 rows=2 width=8) (actual time=0.009..0.011 rows=1 loops=767)
                    Index Cond: (movie_id = t.id)
                    Filter: (info = ANY ('{Sweden,Norway,Germany,Denmark,Swedish,Denish,Norwegian,German,USA,American}'::text[]))
                    Rows Removed by Filter: 10
        ->  Index Only Scan using info_type_pkey on info_type it  (cost=0.14..0.16 rows=1 width=4) (actual time=0.001..0.001 rows=1 loops=669)
              Index Cond: (id = mi.info_type_id)
              Heap Fetches: 669
Planning time: 0.851 ms
Execution time: 193.538 ms
