Aggregate  (cost=129542.92..129542.93 rows=1 width=96) (actual time=604.722..604.722 rows=1 loops=1)
  ->  Nested Loop  (cost=2627.56..129542.91 rows=1 width=48) (actual time=303.819..604.704 rows=6 loops=1)
        ->  Nested Loop  (cost=2627.13..129460.12 rows=181 width=37) (actual time=11.742..600.681 rows=1224 loops=1)
              Join Filter: (t.id = ci.movie_id)
              ->  Nested Loop  (cost=2626.57..129450.34 rows=5 width=41) (actual time=11.732..599.517 rows=11 loops=1)
                    ->  Hash Join  (cost=2626.14..129433.75 rows=34 width=20) (actual time=11.720..599.385 rows=14 loops=1)
                          Hash Cond: (mk.keyword_id = k.id)
                          ->  Seq Scan on movie_keyword mk  (cost=0.00..69693.30 rows=4523930 width=8) (actual time=0.005..277.505 rows=4523930 loops=1)
                          ->  Hash  (cost=2626.12..2626.12 rows=1 width=20) (actual time=8.749..8.749 rows=1 loops=1)
                                Buckets: 1024  Batches: 1  Memory Usage: 9kB
                                ->  Seq Scan on keyword k  (cost=0.00..2626.12 rows=1 width=20) (actual time=0.219..8.748 rows=1 loops=1)
                                      Filter: (keyword = 'marvel-cinematic-universe'::text)
                                      Rows Removed by Filter: 134169
                    ->  Index Scan using title_pkey on title t  (cost=0.43..0.49 rows=1 width=21) (actual time=0.007..0.007 rows=1 loops=14)
                          Index Cond: (id = mk.movie_id)
                          Filter: (production_year > 2010)
                          Rows Removed by Filter: 0
              ->  Index Scan using movie_id_cast_info on cast_info ci  (cost=0.56..1.51 rows=36 width=8) (actual time=0.007..0.086 rows=111 loops=11)
                    Index Cond: (movie_id = mk.movie_id)
        ->  Index Scan using name_pkey on name n  (cost=0.43..0.46 rows=1 width=19) (actual time=0.003..0.003 rows=0 loops=1224)
              Index Cond: (id = ci.person_id)
              Filter: (name ~~ '%Downey%Robert%'::text)
              Rows Removed by Filter: 1
Planning time: 0.801 ms
Execution time: 604.770 ms
