Aggregate  (cost=110140.60..110140.61 rows=1 width=96) (actual time=481.041..481.042 rows=1 loops=1)
  ->  Nested Loop  (cost=1.85..110140.59 rows=1 width=48) (actual time=47.012..481.030 rows=6 loops=1)
        ->  Nested Loop  (cost=1.43..110133.51 rows=16 width=36) (actual time=46.051..478.935 rows=1194 loops=1)
              Join Filter: (t.id = mk.movie_id)
              ->  Nested Loop  (cost=0.99..109999.52 rows=75 width=40) (actual time=45.982..478.396 rows=61 loops=1)
                    ->  Nested Loop  (cost=0.56..109778.52 rows=486 width=19) (actual time=45.909..476.924 rows=486 loops=1)
                          ->  Seq Scan on name n  (cost=0.00..107706.64 rows=2 width=19) (actual time=45.892..476.734 rows=2 loops=1)
                                Filter: (name ~~ '%Downey%Robert%'::text)
                                Rows Removed by Filter: 4167489
                          ->  Index Scan using person_id_cast_info on cast_info ci  (cost=0.56..1030.97 rows=497 width=8) (actual time=0.011..0.066 rows=243 loops=2)
                                Index Cond: (person_id = n.id)
                    ->  Index Scan using title_pkey on title t  (cost=0.43..0.45 rows=1 width=21) (actual time=0.003..0.003 rows=0 loops=486)
                          Index Cond: (id = ci.movie_id)
                          Filter: (production_year > 2010)
                          Rows Removed by Filter: 1
              ->  Index Scan using movie_id_movie_keyword on movie_keyword mk  (cost=0.43..1.22 rows=45 width=8) (actual time=0.003..0.006 rows=20 loops=61)
                    Index Cond: (movie_id = ci.movie_id)
        ->  Index Scan using keyword_pkey on keyword k  (cost=0.42..0.44 rows=1 width=20) (actual time=0.002..0.002 rows=0 loops=1194)
              Index Cond: (id = mk.keyword_id)
              Filter: (keyword = 'marvel-cinematic-universe'::text)
              Rows Removed by Filter: 1
Planning time: 0.712 ms
Execution time: 481.100 ms
