Aggregate  (cost=110796.31..110796.32 rows=1 width=96) (actual time=493.134..493.134 rows=1 loops=1)
  ->  Nested Loop  (cost=1.85..110796.30 rows=1 width=48) (actual time=51.052..493.123 rows=6 loops=1)
        ->  Nested Loop  (cost=1.43..110108.50 rows=1559 width=36) (actual time=50.115..491.043 rows=1194 loops=1)
              Join Filter: (t.id = mk.movie_id)
              ->  Nested Loop  (cost=0.99..109999.52 rows=61 width=40) (actual time=50.049..490.509 rows=61 loops=1)
                    ->  Nested Loop  (cost=0.56..109778.52 rows=486 width=19) (actual time=49.987..489.074 rows=486 loops=1)
                          ->  Seq Scan on name n  (cost=0.00..107706.64 rows=2 width=19) (actual time=49.968..488.895 rows=2 loops=1)
                                Filter: (name ~~ '%Downey%Robert%'::text)
                                Rows Removed by Filter: 4167489
                          ->  Index Scan using person_id_cast_info on cast_info ci  (cost=0.56..1030.97 rows=497 width=8) (actual time=0.012..0.059 rows=243 loops=2)
                                Index Cond: (person_id = n.id)
                    ->  Index Scan using title_pkey on title t  (cost=0.43..0.45 rows=1 width=21) (actual time=0.003..0.003 rows=0 loops=486)
                          Index Cond: (id = ci.movie_id)
                          Filter: (production_year > 2010)
                          Rows Removed by Filter: 1
              ->  Index Scan using movie_id_movie_keyword on movie_keyword mk  (cost=0.43..1.22 rows=45 width=8) (actual time=0.003..0.006 rows=20 loops=61)
                    Index Cond: (movie_id = ci.movie_id)
        ->  Index Scan using keyword_pkey on keyword k  (cost=0.42..0.44 rows=1 width=20) (actual time=0.002..0.002 rows=0 loops=1194)
              Index Cond: (id = mk.keyword_id)
              Filter: (keyword = 'marvel-cinematic-universe'::text)
              Rows Removed by Filter: 1
Planning time: 0.703 ms
Execution time: 493.177 ms
