Aggregate  (cost=72498.85..72498.86 rows=1 width=96) (actual time=226.627..226.627 rows=1 loops=1)
  ->  Nested Loop  (cost=1.85..72498.84 rows=1 width=48) (actual time=209.456..226.615 rows=12 loops=1)
        ->  Nested Loop  (cost=1.42..72374.87 rows=271 width=37) (actual time=147.373..225.555 rows=383 loops=1)
              Join Filter: (t.id = ci.movie_id)
              ->  Nested Loop  (cost=0.85..72304.44 rows=36 width=41) (actual time=147.362..225.157 rows=36 loops=1)
                    ->  Nested Loop  (cost=0.43..71831.54 rows=1054 width=29) (actual time=82.057..222.486 rows=1054 loops=1)
                          ->  Seq Scan on title t  (cost=0.00..67601.90 rows=438 width=21) (actual time=18.769..220.748 rows=438 loops=1)
                                Filter: (production_year > 2014)
                                Rows Removed by Filter: 2527874
                          ->  Index Scan using movie_id_movie_keyword on movie_keyword mk  (cost=0.43..9.21 rows=45 width=8) (actual time=0.003..0.003 rows=2 loops=438)
                                Index Cond: (movie_id = t.id)
                    ->  Index Scan using keyword_pkey on keyword k  (cost=0.42..0.45 rows=1 width=20) (actual time=0.002..0.002 rows=0 loops=1054)
                          Index Cond: (id = mk.keyword_id)
                          Filter: (keyword = ANY ('{superhero,sequel,second-part,marvel-comics,based-on-comic,tv-special,fight,violence}'::text[]))
                          Rows Removed by Filter: 1
              ->  Index Scan using movie_id_cast_info on cast_info ci  (cost=0.56..1.51 rows=36 width=8) (actual time=0.004..0.009 rows=11 loops=36)
                    Index Cond: (movie_id = mk.movie_id)
        ->  Index Scan using name_pkey on name n  (cost=0.43..0.46 rows=1 width=19) (actual time=0.003..0.003 rows=0 loops=383)
              Index Cond: (id = ci.person_id)
              Filter: (name ~~ '%Downey%Robert%'::text)
              Rows Removed by Filter: 1
Planning time: 0.810 ms
Execution time: 226.670 ms
