Aggregate  (cost=72179.88..72179.89 rows=1 width=96) (actual time=220.842..220.842 rows=1 loops=1)
  ->  Nested Loop  (cost=1.85..72179.87 rows=1 width=48) (actual time=204.407..220.834 rows=2 loops=1)
        ->  Nested Loop  (cost=1.42..72179.39 rows=1 width=37) (actual time=145.117..220.717 rows=33 loops=1)
              Join Filter: (t.id = ci.movie_id)
              ->  Nested Loop  (cost=0.85..72177.44 rows=1 width=41) (actual time=145.105..220.669 rows=2 loops=1)
                    ->  Nested Loop  (cost=0.43..71831.54 rows=784 width=29) (actual time=80.802..218.177 rows=1054 loops=1)
                          ->  Seq Scan on title t  (cost=0.00..67601.90 rows=438 width=21) (actual time=18.406..216.453 rows=438 loops=1)
                                Filter: (production_year > 2014)
                                Rows Removed by Filter: 2527874
                          ->  Index Scan using movie_id_movie_keyword on movie_keyword mk  (cost=0.43..9.21 rows=45 width=8) (actual time=0.003..0.003 rows=2 loops=438)
                                Index Cond: (movie_id = t.id)
                    ->  Index Scan using keyword_pkey on keyword k  (cost=0.42..0.44 rows=1 width=20) (actual time=0.002..0.002 rows=0 loops=1054)
                          Index Cond: (id = mk.keyword_id)
                          Filter: (keyword = 'marvel-cinematic-universe'::text)
                          Rows Removed by Filter: 1
              ->  Index Scan using movie_id_cast_info on cast_info ci  (cost=0.56..1.51 rows=36 width=8) (actual time=0.009..0.020 rows=16 loops=2)
                    Index Cond: (movie_id = mk.movie_id)
        ->  Index Scan using name_pkey on name n  (cost=0.43..0.46 rows=1 width=19) (actual time=0.003..0.003 rows=0 loops=33)
              Index Cond: (id = ci.person_id)
              Filter: (name ~~ '%Downey%Robert%'::text)
              Rows Removed by Filter: 1
Planning time: 0.782 ms
Execution time: 220.886 ms
