Aggregate  (cost=133249.69..133249.70 rows=1 width=96) (actual time=3224.086..3224.086 rows=1 loops=1)
  ->  Nested Loop  (cost=3633.92..133249.68 rows=1 width=48) (actual time=103.793..3223.993 rows=88 loops=1)
        ->  Nested Loop  (cost=3633.49..130857.48 rows=5230 width=37) (actual time=22.696..1376.295 rows=785477 loops=1)
              Join Filter: (t.id = ci.movie_id)
              ->  Nested Loop  (cost=3632.93..130571.86 rows=146 width=41) (actual time=22.690..725.749 rows=14165 loops=1)
                    ->  Hash Join  (cost=3632.50..130440.11 rows=270 width=20) (actual time=22.680..646.415 rows=35548 loops=1)
                          Hash Cond: (mk.keyword_id = k.id)
                          ->  Seq Scan on movie_keyword mk  (cost=0.00..69693.30 rows=4523930 width=8) (actual time=0.004..291.980 rows=4523930 loops=1)
                          ->  Hash  (cost=3632.40..3632.40 rows=8 width=20) (actual time=22.581..22.581 rows=8 loops=1)
                                Buckets: 1024  Batches: 1  Memory Usage: 9kB
                                ->  Seq Scan on keyword k  (cost=0.00..3632.40 rows=8 width=20) (actual time=0.080..22.578 rows=8 loops=1)
                                      Filter: (keyword = ANY ('{superhero,sequel,second-part,marvel-comics,based-on-comic,tv-special,fight,violence}'::text[]))
                                      Rows Removed by Filter: 134162
                    ->  Index Scan using title_pkey on title t  (cost=0.43..0.49 rows=1 width=21) (actual time=0.002..0.002 rows=0 loops=35548)
                          Index Cond: (id = mk.movie_id)
                          Filter: (production_year > 2000)
                          Rows Removed by Filter: 1
              ->  Index Scan using movie_id_cast_info on cast_info ci  (cost=0.56..1.51 rows=36 width=8) (actual time=0.003..0.037 rows=55 loops=14165)
                    Index Cond: (movie_id = mk.movie_id)
        ->  Index Scan using name_pkey on name n  (cost=0.43..0.46 rows=1 width=19) (actual time=0.002..0.002 rows=0 loops=785477)
              Index Cond: (id = ci.person_id)
              Filter: (name ~~ '%Downey%Robert%'::text)
              Rows Removed by Filter: 1
Planning time: 0.836 ms
Execution time: 3224.128 ms
