Aggregate  (cost=110497.31..110497.32 rows=1 width=96) (actual time=486.754..486.754 rows=1 loops=1)
  ->  Nested Loop  (cost=1.85..110497.30 rows=1 width=48) (actual time=53.162..486.747 rows=6 loops=1)
        ->  Nested Loop  (cost=1.43..110472.13 rows=57 width=36) (actual time=48.782..479.074 rows=5202 loops=1)
              ->  Nested Loop  (cost=0.99..109999.52 rows=266 width=40) (actual time=48.777..477.227 rows=306 loops=1)
                    ->  Nested Loop  (cost=0.56..109778.52 rows=486 width=19) (actual time=48.764..476.049 rows=486 loops=1)
                          ->  Seq Scan on name n  (cost=0.00..107706.64 rows=2 width=19) (actual time=48.755..475.898 rows=2 loops=1)
                                Filter: (name ~~ '%Downey%Robert%'::text)
                                Rows Removed by Filter: 4167489
                          ->  Index Scan using person_id_cast_info on cast_info ci  (cost=0.56..1030.97 rows=497 width=8) (actual time=0.007..0.046 rows=243 loops=2)
                                Index Cond: (person_id = n.id)
                    ->  Index Scan using title_pkey on title t  (cost=0.43..0.45 rows=1 width=21) (actual time=0.002..0.002 rows=1 loops=486)
                          Index Cond: (id = ci.movie_id)
                          Filter: (production_year > 2000)
                          Rows Removed by Filter: 0
              ->  Index Scan using movie_id_movie_keyword on movie_keyword mk  (cost=0.43..1.33 rows=45 width=8) (actual time=0.002..0.004 rows=17 loops=306)
                    Index Cond: (movie_id = t.id)
        ->  Index Scan using keyword_pkey on keyword k  (cost=0.42..0.44 rows=1 width=20) (actual time=0.001..0.001 rows=0 loops=5202)
              Index Cond: (id = mk.keyword_id)
              Filter: (keyword = 'marvel-cinematic-universe'::text)
              Rows Removed by Filter: 1
Planning time: 0.706 ms
Execution time: 486.785 ms
