Aggregate  (cost=341205.70..341205.71 rows=1 width=96) (actual time=3198.227..3198.227 rows=1 loops=1)
  ->  Hash Join  (cost=153015.04..334795.26 rows=854726 width=48) (actual time=1412.544..2995.955 rows=785477 loops=1)
        Hash Cond: (ci.person_id = n.id)
        ->  Nested Loop  (cost=3633.49..175497.06 rows=785477 width=37) (actual time=22.952..1350.631 rows=785477 loops=1)
              Join Filter: (t.id = ci.movie_id)
              ->  Nested Loop  (cost=3632.93..147786.15 rows=14165 width=41) (actual time=22.929..732.717 rows=14165 loops=1)
                    ->  Hash Join  (cost=3632.50..130440.11 rows=35548 width=20) (actual time=22.915..654.511 rows=35548 loops=1)
                          Hash Cond: (mk.keyword_id = k.id)
                          ->  Seq Scan on movie_keyword mk  (cost=0.00..69693.30 rows=4523930 width=8) (actual time=0.004..297.627 rows=4523930 loops=1)
                          ->  Hash  (cost=3632.40..3632.40 rows=8 width=20) (actual time=22.820..22.820 rows=8 loops=1)
                                Buckets: 1024  Batches: 1  Memory Usage: 9kB
                                ->  Seq Scan on keyword k  (cost=0.00..3632.40 rows=8 width=20) (actual time=0.079..22.816 rows=8 loops=1)
                                      Filter: (keyword = ANY ('{superhero,sequel,second-part,marvel-comics,based-on-comic,tv-special,fight,violence}'::text[]))
                                      Rows Removed by Filter: 134162
                    ->  Index Scan using title_pkey on title t  (cost=0.43..0.49 rows=1 width=21) (actual time=0.002..0.002 rows=0 loops=35548)
                          Index Cond: (id = mk.movie_id)
                          Filter: (production_year > 2000)
                          Rows Removed by Filter: 1
              ->  Index Scan using movie_id_cast_info on cast_info ci  (cost=0.56..1.51 rows=36 width=8) (actual time=0.003..0.035 rows=55 loops=14165)
                    Index Cond: (movie_id = mk.movie_id)
        ->  Hash  (cost=97287.91..97287.91 rows=4167491 width=19) (actual time=1381.349..1381.349 rows=4167491 loops=1)
              Buckets: 4194304  Batches: 1  Memory Usage: 248744kB
              ->  Seq Scan on name n  (cost=0.00..97287.91 rows=4167491 width=19) (actual time=0.007..496.264 rows=4167491 loops=1)
Planning time: 0.773 ms
Execution time: 3199.260 ms
