Aggregate  (cost=13840.46..13840.47 rows=1 width=64) (actual time=570.908..570.908 rows=1 loops=1)
  ->  Nested Loop  (cost=3.66..13840.46 rows=1 width=32) (actual time=15.032..570.882 rows=32 loops=1)
        ->  Nested Loop  (cost=3.52..13839.90 rows=1 width=36) (actual time=15.029..570.807 rows=32 loops=1)
              Join Filter: (n.id = an.person_id)
              ->  Nested Loop  (cost=3.09..13839.41 rows=1 width=48) (actual time=15.024..570.699 rows=14 loops=1)
                    Join Filter: (n.id = pi.person_id)
                    ->  Nested Loop  (cost=2.66..12847.67 rows=1045 width=40) (actual time=0.050..465.774 rows=17559 loops=1)
                          ->  Nested Loop  (cost=2.23..9102.40 rows=8013 width=21) (actual time=0.045..129.446 rows=105262 loops=1)
                                ->  Nested Loop  (cost=1.67..7826.79 rows=224 width=25) (actual time=0.038..24.215 rows=1467 loops=1)
                                      ->  Hash Join  (cost=1.24..828.13 rows=1666 width=4) (actual time=0.031..5.749 rows=5186 loops=1)
                                            Hash Cond: (ml.link_type_id = lt.id)
                                            ->  Seq Scan on movie_link ml  (cost=0.00..462.97 rows=29997 width=8) (actual time=0.006..2.294 rows=29997 loops=1)
                                            ->  Hash  (cost=1.23..1.23 rows=1 width=4) (actual time=0.005..0.005 rows=1 loops=1)
                                                  Buckets: 1024  Batches: 1  Memory Usage: 9kB
                                                  ->  Seq Scan on link_type lt  (cost=0.00..1.23 rows=1 width=4) (actual time=0.003..0.004 rows=1 loops=1)
                                                        Filter: ((link)::text = 'features'::text)
                                                        Rows Removed by Filter: 17
                                      ->  Index Scan using title_pkey on title t  (cost=0.43..4.20 rows=1 width=21) (actual time=0.003..0.003 rows=0 loops=5186)
                                            Index Cond: (id = ml.linked_movie_id)
                                            Filter: ((production_year >= 1980) AND (production_year <= 1995))
                                            Rows Removed by Filter: 1
                                ->  Index Scan using movie_id_cast_info on cast_info ci  (cost=0.56..5.33 rows=36 width=8) (actual time=0.005..0.062 rows=72 loops=1467)
                                      Index Cond: (movie_id = t.id)
                          ->  Index Scan using name_pkey on name n  (cost=0.43..0.47 rows=1 width=19) (actual time=0.003..0.003 rows=0 loops=105262)
                                Index Cond: (id = ci.person_id)
                                Filter: (((name_pcode_cf)::text >= 'A'::text) AND ((name_pcode_cf)::text <= 'F'::text) AND (((gender)::text = 'm'::text) OR (((gender)::text = 'f'::text) AND (name ~~ 'B%'::text))))
                                Rows Removed by Filter: 1
                    ->  Index Scan using person_id_person_info on person_info pi  (cost=0.43..0.94 rows=1 width=8) (actual time=0.006..0.006 rows=0 loops=17559)
                          Index Cond: (person_id = ci.person_id)
                          Filter: (note = 'Volker Boehm'::text)
                          Rows Removed by Filter: 20
              ->  Index Scan using person_id_aka_name on aka_name an  (cost=0.42..0.47 rows=2 width=4) (actual time=0.005..0.006 rows=2 loops=14)
                    Index Cond: (person_id = ci.person_id)
                    Filter: (name ~~ '%a%'::text)
                    Rows Removed by Filter: 1
        ->  Index Scan using info_type_pkey on info_type it  (cost=0.14..0.35 rows=1 width=4) (actual time=0.002..0.002 rows=1 loops=32)
              Index Cond: (id = pi.info_type_id)
              Filter: ((info)::text = 'mini biography'::text)
Planning time: 3.374 ms
Execution time: 570.967 ms
