Aggregate  (cost=34663.01..34663.02 rows=1 width=64) (actual time=1806.851..1806.851 rows=1 loops=1)
  ->  Nested Loop  (cost=3.66..34663.00 rows=1 width=32) (actual time=260.880..1806.816 rows=32 loops=1)
        ->  Nested Loop  (cost=3.52..34662.45 rows=1 width=36) (actual time=260.872..1806.729 rows=32 loops=1)
              Join Filter: (n.id = pi.person_id)
              ->  Nested Loop  (cost=3.09..33920.30 rows=782 width=44) (actual time=1.387..1648.352 rows=19250 loops=1)
                    Join Filter: (n.id = an.person_id)
                    ->  Nested Loop  (cost=2.66..33036.53 rows=1798 width=40) (actual time=0.051..493.352 rows=17559 loops=1)
                          ->  Nested Loop  (cost=2.23..26588.76 rows=13795 width=21) (actual time=0.046..135.558 rows=105262 loops=1)
                                ->  Nested Loop  (cost=1.67..22613.87 rows=698 width=25) (actual time=0.039..25.265 rows=1467 loops=1)
                                      ->  Hash Join  (cost=1.24..828.13 rows=5186 width=4) (actual time=0.031..5.913 rows=5186 loops=1)
                                            Hash Cond: (ml.link_type_id = lt.id)
                                            ->  Seq Scan on movie_link ml  (cost=0.00..462.97 rows=29997 width=8) (actual time=0.007..2.361 rows=29997 loops=1)
                                            ->  Hash  (cost=1.23..1.23 rows=1 width=4) (actual time=0.005..0.005 rows=1 loops=1)
                                                  Buckets: 1024  Batches: 1  Memory Usage: 9kB
                                                  ->  Seq Scan on link_type lt  (cost=0.00..1.23 rows=1 width=4) (actual time=0.003..0.004 rows=1 loops=1)
                                                        Filter: ((link)::text = 'features'::text)
                                                        Rows Removed by Filter: 17
                                      ->  Index Scan using title_pkey on title t  (cost=0.43..4.20 rows=1 width=21) (actual time=0.003..0.003 rows=0 loops=5186)
                                            Index Cond: (id = ml.linked_movie_id)
                                            Filter: ((production_year >= 1980) AND (production_year <= 1995))
                                            Rows Removed by Filter: 1
                                ->  Index Scan using movie_id_cast_info on cast_info ci  (cost=0.56..5.33 rows=36 width=8) (actual time=0.005..0.065 rows=72 loops=1467)
                                      Index Cond: (movie_id = t.id)
                          ->  Index Scan using name_pkey on name n  (cost=0.43..0.47 rows=1 width=19) (actual time=0.003..0.003 rows=0 loops=105262)
                                Index Cond: (id = ci.person_id)
                                Filter: (((name_pcode_cf)::text >= 'A'::text) AND ((name_pcode_cf)::text <= 'F'::text) AND (((gender)::text = 'm'::text) OR (((gender)::text = 'f'::text) AND (name ~~ 'B%'::text))))
                                Rows Removed by Filter: 1
                    ->  Index Scan using person_id_aka_name on aka_name an  (cost=0.42..0.47 rows=2 width=4) (actual time=0.059..0.065 rows=1 loops=17559)
                          Index Cond: (person_id = ci.person_id)
                          Filter: (name ~~ '%a%'::text)
                          Rows Removed by Filter: 0
              ->  Index Scan using person_id_person_info on person_info pi  (cost=0.43..0.94 rows=1 width=8) (actual time=0.008..0.008 rows=0 loops=19250)
                    Index Cond: (person_id = ci.person_id)
                    Filter: (note = 'Volker Boehm'::text)
                    Rows Removed by Filter: 40
        ->  Index Scan using info_type_pkey on info_type it  (cost=0.14..0.35 rows=1 width=4) (actual time=0.002..0.002 rows=1 loops=32)
              Index Cond: (id = pi.info_type_id)
              Filter: ((info)::text = 'mini biography'::text)
Planning time: 3.374 ms
Execution time: 1806.908 ms
