Aggregate  (cost=61934.04..61934.05 rows=1 width=64) (actual time=682.537..682.537 rows=1 loops=1)
  ->  Nested Loop  (cost=3.66..61934.03 rows=1 width=32) (actual time=17.420..682.509 rows=32 loops=1)
        ->  Nested Loop  (cost=3.52..61933.48 rows=1 width=36) (actual time=17.416..682.431 rows=32 loops=1)
              Join Filter: (n.id = pi.person_id)
              ->  Nested Loop  (cost=3.09..60414.08 rows=1601 width=44) (actual time=0.055..526.388 rows=19250 loops=1)
                    Join Filter: (n.id = an.person_id)
                    ->  Nested Loop  (cost=2.66..56863.75 rows=7223 width=40) (actual time=0.051..475.096 rows=17559 loops=1)
                          ->  Nested Loop  (cost=2.23..30967.98 rows=55404 width=21) (actual time=0.045..131.280 rows=105262 loops=1)
                                ->  Nested Loop  (cost=1.67..22613.87 rows=1467 width=25) (actual time=0.038..24.418 rows=1467 loops=1)
                                      ->  Hash Join  (cost=1.24..828.13 rows=5186 width=4) (actual time=0.031..5.742 rows=5186 loops=1)
                                            Hash Cond: (ml.link_type_id = lt.id)
                                            ->  Seq Scan on movie_link ml  (cost=0.00..462.97 rows=29997 width=8) (actual time=0.007..2.285 rows=29997 loops=1)
                                            ->  Hash  (cost=1.23..1.23 rows=1 width=4) (actual time=0.006..0.006 rows=1 loops=1)
                                                  Buckets: 1024  Batches: 1  Memory Usage: 9kB
                                                  ->  Seq Scan on link_type lt  (cost=0.00..1.23 rows=1 width=4) (actual time=0.003..0.004 rows=1 loops=1)
                                                        Filter: ((link)::text = 'features'::text)
                                                        Rows Removed by Filter: 17
                                      ->  Index Scan using title_pkey on title t  (cost=0.43..4.20 rows=1 width=21) (actual time=0.003..0.003 rows=0 loops=5186)
                                            Index Cond: (id = ml.linked_movie_id)
                                            Filter: ((production_year >= 1980) AND (production_year <= 1995))
                                            Rows Removed by Filter: 1
                                ->  Index Scan using movie_id_cast_info on cast_info ci  (cost=0.56..5.33 rows=36 width=8) (actual time=0.005..0.063 rows=72 loops=1467)
                                      Index Cond: (movie_id = t.id)
                          ->  Index Scan using name_pkey on name n  (cost=0.43..0.47 rows=1 width=19) (actual time=0.003..0.003 rows=0 loops=105262)
                                Index Cond: (id = ci.person_id)
                                Filter: (((name_pcode_cf)::text >= 'A'::text) AND ((name_pcode_cf)::text <= 'F'::text) AND (((gender)::text = 'm'::text) OR (((gender)::text = 'f'::text) AND (name ~~ 'B%'::text))))
                                Rows Removed by Filter: 1
                    ->  Index Scan using person_id_aka_name on aka_name an  (cost=0.42..0.47 rows=2 width=4) (actual time=0.002..0.003 rows=1 loops=17559)
                          Index Cond: (person_id = ci.person_id)
                          Filter: (name ~~ '%a%'::text)
                          Rows Removed by Filter: 0
              ->  Index Scan using person_id_person_info on person_info pi  (cost=0.43..0.94 rows=1 width=8) (actual time=0.008..0.008 rows=0 loops=19250)
                    Index Cond: (person_id = ci.person_id)
                    Filter: (note = 'Volker Boehm'::text)
                    Rows Removed by Filter: 40
        ->  Index Scan using info_type_pkey on info_type it  (cost=0.14..0.35 rows=1 width=4) (actual time=0.002..0.002 rows=1 loops=32)
              Index Cond: (id = pi.info_type_id)
              Filter: ((info)::text = 'mini biography'::text)
Planning time: 3.384 ms
Execution time: 682.594 ms
