Aggregate  (cost=89001.79..89001.80 rows=1 width=64) (actual time=543.781..543.782 rows=1 loops=1)
  ->  Nested Loop  (cost=2.42..89001.78 rows=1 width=32) (actual time=15.563..543.760 rows=32 loops=1)
        ->  Nested Loop  (cost=1.99..89001.33 rows=1 width=23) (actual time=15.557..543.369 rows=151 loops=1)
              ->  Nested Loop  (cost=1.85..89001.15 rows=1 width=27) (actual time=15.554..542.898 rows=510 loops=1)
                    ->  Nested Loop  (cost=1.56..88990.87 rows=30 width=19) (actual time=15.451..538.812 rows=3354 loops=1)
                          ->  Nested Loop  (cost=1.00..88654.38 rows=20 width=27) (actual time=14.401..510.132 rows=20 loops=1)
                                ->  Nested Loop  (cost=0.57..88644.40 rows=17 width=23) (actual time=12.771..508.978 rows=17 loops=1)
                                      ->  Nested Loop  (cost=0.43..88638.24 rows=17 width=27) (actual time=12.767..508.928 rows=17 loops=1)
                                            ->  Seq Scan on person_info pi  (cost=0.00..88096.80 rows=64 width=8) (actual time=4.312..508.362 rows=64 loops=1)
                                                  Filter: (note = 'Volker Boehm'::text)
                                                  Rows Removed by Filter: 2963600
                                            ->  Index Scan using name_pkey on name n  (cost=0.43..8.46 rows=1 width=19) (actual time=0.008..0.008 rows=0 loops=64)
                                                  Index Cond: (id = pi.person_id)
                                                  Filter: (((name_pcode_cf)::text >= 'A'::text) AND ((name_pcode_cf)::text <= 'F'::text) AND (((gender)::text = 'm'::text) OR (((gender)::text = 'f'::text) AND (name ~~ 'B%'::text))))
                                                  Rows Removed by Filter: 1
                                      ->  Index Scan using info_type_pkey on info_type it  (cost=0.14..0.35 rows=1 width=4) (actual time=0.002..0.002 rows=1 loops=17)
                                            Index Cond: (id = pi.info_type_id)
                                            Filter: ((info)::text = 'mini biography'::text)
                                ->  Index Scan using person_id_aka_name on aka_name an  (cost=0.42..0.57 rows=2 width=4) (actual time=0.066..0.067 rows=1 loops=17)
                                      Index Cond: (person_id = n.id)
                                      Filter: (name ~~ '%a%'::text)
                                      Rows Removed by Filter: 1
                          ->  Index Scan using person_id_cast_info on cast_info ci  (cost=0.56..11.85 rows=497 width=8) (actual time=0.619..1.415 rows=168 loops=20)
                                Index Cond: (person_id = n.id)
                    ->  Index Scan using linked_movie_id_movie_link on movie_link ml  (cost=0.29..0.32 rows=2 width=8) (actual time=0.001..0.001 rows=0 loops=3354)
                          Index Cond: (linked_movie_id = ci.movie_id)
              ->  Index Scan using link_type_pkey on link_type lt  (cost=0.14..0.16 rows=1 width=4) (actual time=0.001..0.001 rows=0 loops=510)
                    Index Cond: (id = ml.link_type_id)
                    Filter: ((link)::text = 'features'::text)
                    Rows Removed by Filter: 1
        ->  Index Scan using title_pkey on title t  (cost=0.43..0.46 rows=1 width=21) (actual time=0.002..0.002 rows=0 loops=151)
              Index Cond: (id = ci.movie_id)
              Filter: ((production_year >= 1980) AND (production_year <= 1995))
              Rows Removed by Filter: 1
Planning time: 3.392 ms
Execution time: 543.842 ms
