Aggregate  (cost=89900.43..89900.44 rows=1 width=64) (actual time=254.443..254.444 rows=1 loops=1)
  ->  Nested Loop  (cost=2.42..89900.42 rows=1 width=32) (actual time=7.016..254.427 rows=32 loops=1)
        ->  Nested Loop  (cost=1.99..89899.96 rows=1 width=23) (actual time=7.009..254.069 rows=151 loops=1)
              Join Filter: (n.id = an.person_id)
              ->  Nested Loop  (cost=1.56..89899.47 rows=1 width=35) (actual time=7.001..253.810 rows=103 loops=1)
                    ->  Nested Loop  (cost=1.42..89844.96 rows=344 width=39) (actual time=6.998..253.483 rows=344 loops=1)
                          ->  Nested Loop  (cost=1.14..88930.42 rows=2670 width=31) (actual time=6.320..250.396 rows=2670 loops=1)
                                ->  Nested Loop  (cost=0.57..88644.40 rows=17 width=23) (actual time=6.309..249.530 rows=17 loops=1)
                                      ->  Nested Loop  (cost=0.43..88638.24 rows=17 width=27) (actual time=6.304..249.474 rows=17 loops=1)
                                            ->  Seq Scan on person_info pi  (cost=0.00..88096.80 rows=64 width=8) (actual time=2.152..249.021 rows=64 loops=1)
                                                  Filter: (note = 'Volker Boehm'::text)
                                                  Rows Removed by Filter: 2963600
                                            ->  Index Scan using name_pkey on name n  (cost=0.43..8.46 rows=1 width=19) (actual time=0.006..0.006 rows=0 loops=64)
                                                  Index Cond: (id = pi.person_id)
                                                  Filter: (((name_pcode_cf)::text >= 'A'::text) AND ((name_pcode_cf)::text <= 'F'::text) AND (((gender)::text = 'm'::text) OR (((gender)::text = 'f'::text) AND (name ~~ 'B%'::text))))
                                                  Rows Removed by Filter: 1
                                      ->  Index Scan using info_type_pkey on info_type it  (cost=0.14..0.35 rows=1 width=4) (actual time=0.002..0.002 rows=1 loops=17)
                                            Index Cond: (id = pi.info_type_id)
                                            Filter: ((info)::text = 'mini biography'::text)
                                ->  Index Scan using person_id_cast_info on cast_info ci  (cost=0.56..11.85 rows=497 width=8) (actual time=0.007..0.032 rows=157 loops=17)
                                      Index Cond: (person_id = n.id)
                          ->  Index Scan using linked_movie_id_movie_link on movie_link ml  (cost=0.29..0.32 rows=2 width=8) (actual time=0.001..0.001 rows=0 loops=2670)
                                Index Cond: (linked_movie_id = ci.movie_id)
                    ->  Index Scan using link_type_pkey on link_type lt  (cost=0.14..0.16 rows=1 width=4) (actual time=0.001..0.001 rows=0 loops=344)
                          Index Cond: (id = ml.link_type_id)
                          Filter: ((link)::text = 'features'::text)
                          Rows Removed by Filter: 1
              ->  Index Scan using person_id_aka_name on aka_name an  (cost=0.42..0.47 rows=2 width=4) (actual time=0.002..0.002 rows=1 loops=103)
                    Index Cond: (person_id = ci.person_id)
                    Filter: (name ~~ '%a%'::text)
                    Rows Removed by Filter: 0
        ->  Index Scan using title_pkey on title t  (cost=0.43..0.46 rows=1 width=21) (actual time=0.002..0.002 rows=0 loops=151)
              Index Cond: (id = ci.movie_id)
              Filter: ((production_year >= 1980) AND (production_year <= 1995))
              Rows Removed by Filter: 1
Planning time: 3.498 ms
Execution time: 254.516 ms
