Aggregate  (cost=89952.56..89952.57 rows=1 width=64) (actual time=252.861..252.861 rows=1 loops=1)
  ->  Nested Loop  (cost=2.42..89952.40 rows=32 width=32) (actual time=7.398..252.845 rows=32 loops=1)
        Join Filter: (n.id = an.person_id)
        ->  Nested Loop  (cost=1.99..89945.52 rows=14 width=44) (actual time=7.391..252.790 rows=14 loops=1)
              ->  Nested Loop  (cost=1.85..89940.41 rows=14 width=48) (actual time=7.388..252.767 rows=14 loops=1)
                    ->  Nested Loop  (cost=1.42..89893.31 rows=103 width=39) (actual time=7.381..252.439 rows=103 loops=1)
                          ->  Nested Loop  (cost=1.28..89838.81 rows=344 width=43) (actual time=7.378..252.117 rows=344 loops=1)
                                ->  Nested Loop  (cost=0.99..88924.26 rows=2670 width=35) (actual time=6.659..249.011 rows=2670 loops=1)
                                      ->  Nested Loop  (cost=0.43..88638.24 rows=17 width=27) (actual time=6.650..248.117 rows=17 loops=1)
                                            ->  Seq Scan on person_info pi  (cost=0.00..88096.80 rows=64 width=8) (actual time=2.182..247.658 rows=64 loops=1)
                                                  Filter: (note = 'Volker Boehm'::text)
                                                  Rows Removed by Filter: 2963600
                                            ->  Index Scan using name_pkey on name n  (cost=0.43..8.46 rows=1 width=19) (actual time=0.006..0.006 rows=0 loops=64)
                                                  Index Cond: (id = pi.person_id)
                                                  Filter: (((name_pcode_cf)::text >= 'A'::text) AND ((name_pcode_cf)::text <= 'F'::text) AND (((gender)::text = 'm'::text) OR (((gender)::text = 'f'::text) AND (name ~~ 'B%'::text))))
                                                  Rows Removed by Filter: 1
                                      ->  Index Scan using person_id_cast_info on cast_info ci  (cost=0.56..11.85 rows=497 width=8) (actual time=0.008..0.032 rows=157 loops=17)
                                            Index Cond: (person_id = n.id)
                                ->  Index Scan using linked_movie_id_movie_link on movie_link ml  (cost=0.29..0.32 rows=2 width=8) (actual time=0.001..0.001 rows=0 loops=2670)
                                      Index Cond: (linked_movie_id = ci.movie_id)
                          ->  Index Scan using link_type_pkey on link_type lt  (cost=0.14..0.16 rows=1 width=4) (actual time=0.001..0.001 rows=0 loops=344)
                                Index Cond: (id = ml.link_type_id)
                                Filter: ((link)::text = 'features'::text)
                                Rows Removed by Filter: 1
                    ->  Index Scan using title_pkey on title t  (cost=0.43..0.46 rows=1 width=21) (actual time=0.003..0.003 rows=0 loops=103)
                          Index Cond: (id = ci.movie_id)
                          Filter: ((production_year >= 1980) AND (production_year <= 1995))
                          Rows Removed by Filter: 1
              ->  Index Scan using info_type_pkey on info_type it  (cost=0.14..0.35 rows=1 width=4) (actual time=0.001..0.001 rows=1 loops=14)
                    Index Cond: (id = pi.info_type_id)
                    Filter: ((info)::text = 'mini biography'::text)
        ->  Index Scan using person_id_aka_name on aka_name an  (cost=0.42..0.47 rows=2 width=4) (actual time=0.002..0.003 rows=2 loops=14)
              Index Cond: (person_id = ci.person_id)
              Filter: (name ~~ '%a%'::text)
              Rows Removed by Filter: 1
Planning time: 3.403 ms
Execution time: 252.924 ms
