Aggregate  (cost=84581.76..84581.77 rows=1 width=64) (actual time=3189.377..3189.378 rows=1 loops=1)
  ->  Nested Loop  (cost=4.70..84581.73 rows=6 width=112) (actual time=0.141..2907.684 rows=68185 loops=1)
        ->  Nested Loop  (cost=4.27..84577.61 rows=9 width=120) (actual time=0.134..2687.360 rows=109842 loops=1)
              ->  Nested Loop  (cost=4.13..84571.05 rows=41 width=124) (actual time=0.132..2561.195 rows=127027 loops=1)
                    ->  Nested Loop  (cost=3.85..84098.37 rows=1380 width=116) (actual time=0.115..1086.777 rows=1618304 loops=1)
                          ->  Nested Loop  (cost=3.28..83857.02 rows=14 width=124) (actual time=0.107..630.403 rows=12595 loops=1)
                                ->  Nested Loop  (cost=2.85..82642.24 rows=1412 width=105) (actual time=0.037..463.051 rows=72979 loops=1)
                                      ->  Hash Join  (cost=2.43..81775.82 rows=766 width=101) (actual time=0.024..292.330 rows=84183 loops=1)
                                            Hash Cond: (pi.info_type_id = it.id)
                                            ->  Seq Scan on person_info pi  (cost=0.00..80687.64 rows=86539 width=105) (actual time=0.007..276.658 rows=84183 loops=1)
                                                  Filter: (note IS NOT NULL)
                                                  Rows Removed by Filter: 2879481
                                            ->  Hash  (cost=2.41..2.41 rows=1 width=4) (actual time=0.012..0.012 rows=1 loops=1)
                                                  Buckets: 1024  Batches: 1  Memory Usage: 9kB
                                                  ->  Seq Scan on info_type it  (cost=0.00..2.41 rows=1 width=4) (actual time=0.006..0.011 rows=1 loops=1)
                                                        Filter: ((info)::text = 'mini biography'::text)
                                                        Rows Removed by Filter: 112
                                      ->  Index Scan using person_id_aka_name on aka_name an  (cost=0.42..1.11 rows=2 width=4) (actual time=0.001..0.002 rows=1 loops=84183)
                                            Index Cond: (person_id = pi.person_id)
                                            Filter: ((name IS NOT NULL) AND ((name ~~ '%a%'::text) OR (name ~~ 'A%'::text)))
                                            Rows Removed by Filter: 0
                                ->  Index Scan using name_pkey on name n  (cost=0.43..0.86 rows=1 width=19) (actual time=0.002..0.002 rows=0 loops=72979)
                                      Index Cond: (id = an.person_id)
                                      Filter: (((name_pcode_cf)::text >= 'A'::text) AND ((name_pcode_cf)::text <= 'F'::text) AND (((gender)::text = 'm'::text) OR (((gender)::text = 'f'::text) AND (name ~~ 'A%'::text))))
                                      Rows Removed by Filter: 1
                          ->  Index Scan using person_id_cast_info on cast_info ci  (cost=0.56..12.27 rows=497 width=8) (actual time=0.003..0.021 rows=128 loops=12595)
                                Index Cond: (person_id = n.id)
                    ->  Index Scan using linked_movie_id_movie_link on movie_link ml  (cost=0.29..0.32 rows=2 width=8) (actual time=0.001..0.001 rows=0 loops=1618304)
                          Index Cond: (linked_movie_id = ci.movie_id)
              ->  Index Scan using link_type_pkey on link_type lt  (cost=0.14..0.16 rows=1 width=4) (actual time=0.001..0.001 rows=1 loops=127027)
                    Index Cond: (id = ml.link_type_id)
                    Filter: ((link)::text = ANY ('{references,"referenced in",features,"featured in"}'::text[]))
                    Rows Removed by Filter: 0
        ->  Index Scan using title_pkey on title t  (cost=0.43..0.46 rows=1 width=4) (actual time=0.002..0.002 rows=1 loops=109842)
              Index Cond: (id = ci.movie_id)
              Filter: ((production_year >= 1980) AND (production_year <= 2010))
              Rows Removed by Filter: 0
Planning time: 3.462 ms
Execution time: 3189.452 ms
