Aggregate  (cost=280146.34..280146.35 rows=1 width=64) (actual time=10770.246..10770.246 rows=1 loops=1)
  ->  Nested Loop  (cost=130440.66..280146.25 rows=18 width=112) (actual time=676.493..10370.380 rows=68185 loops=1)
        Join Filter: (an.person_id = n.id)
        ->  Hash Join  (cost=130440.23..279304.03 rows=1755 width=109) (actual time=674.896..9516.323 rows=345472 loops=1)
              Hash Cond: (ci.person_id = an.person_id)
              ->  Nested Loop  (cost=2.31..126089.47 rows=1097209 width=4) (actual time=0.633..8522.090 rows=1097209 loops=1)
                    ->  Nested Loop  (cost=1.75..91168.03 rows=14194 width=8) (actual time=0.041..101.091 rows=14194 loops=1)
                          ->  Hash Join  (cost=1.32..828.22 rows=21505 width=4) (actual time=0.029..11.150 rows=21505 loops=1)
                                Hash Cond: (ml.link_type_id = lt.id)
                                ->  Seq Scan on movie_link ml  (cost=0.00..462.97 rows=29997 width=8) (actual time=0.006..3.406 rows=29997 loops=1)
                                ->  Hash  (cost=1.27..1.27 rows=4 width=4) (actual time=0.013..0.013 rows=4 loops=1)
                                      Buckets: 1024  Batches: 1  Memory Usage: 9kB
                                      ->  Seq Scan on link_type lt  (cost=0.00..1.27 rows=4 width=4) (actual time=0.004..0.006 rows=4 loops=1)
                                            Filter: ((link)::text = ANY ('{references,"referenced in",features,"featured in"}'::text[]))
                                            Rows Removed by Filter: 14
                          ->  Index Scan using title_pkey on title t  (cost=0.43..4.20 rows=1 width=4) (actual time=0.004..0.004 rows=1 loops=21505)
                                Index Cond: (id = ml.linked_movie_id)
                                Filter: ((production_year >= 1980) AND (production_year <= 2010))
                                Rows Removed by Filter: 0
                    ->  Index Scan using movie_id_cast_info on cast_info ci  (cost=0.56..2.10 rows=36 width=8) (actual time=0.145..0.584 rows=77 loops=14194)
                          Index Cond: (movie_id = t.id)
              ->  Hash  (cost=129525.68..129525.68 rows=72979 width=105) (actual time=673.142..673.142 rows=72979 loops=1)
                    Buckets: 131072  Batches: 1  Memory Usage: 60638kB
                    ->  Hash Join  (cost=33494.76..129525.68 rows=72979 width=105) (actual time=289.671..618.622 rows=72979 loops=1)
                          Hash Cond: (pi.info_type_id = it.id)
                          ->  Hash Join  (cost=33492.33..128607.63 rows=72979 width=109) (actual time=289.648..605.391 rows=72979 loops=1)
                                Hash Cond: (pi.person_id = an.person_id)
                                ->  Seq Scan on person_info pi  (cost=0.00..80687.64 rows=84183 width=105) (actual time=0.004..282.067 rows=84183 loops=1)
                                      Filter: (note IS NOT NULL)
                                      Rows Removed by Filter: 2879481
                                ->  Hash  (cost=24916.14..24916.14 rows=686095 width=4) (actual time=286.959..286.959 rows=686095 loops=1)
                                      Buckets: 1048576  Batches: 1  Memory Usage: 32313kB
                                      ->  Seq Scan on aka_name an  (cost=0.00..24916.14 rows=686095 width=4) (actual time=0.005..171.679 rows=686095 loops=1)
                                            Filter: ((name IS NOT NULL) AND ((name ~~ '%a%'::text) OR (name ~~ 'A%'::text)))
                                            Rows Removed by Filter: 215248
                          ->  Hash  (cost=2.41..2.41 rows=1 width=4) (actual time=0.013..0.013 rows=1 loops=1)
                                Buckets: 1024  Batches: 1  Memory Usage: 9kB
                                ->  Seq Scan on info_type it  (cost=0.00..2.41 rows=1 width=4) (actual time=0.005..0.011 rows=1 loops=1)
                                      Filter: ((info)::text = 'mini biography'::text)
                                      Rows Removed by Filter: 112
        ->  Index Scan using name_pkey on name n  (cost=0.43..0.47 rows=1 width=19) (actual time=0.002..0.002 rows=0 loops=345472)
              Index Cond: (id = ci.person_id)
              Filter: (((name_pcode_cf)::text >= 'A'::text) AND ((name_pcode_cf)::text <= 'F'::text) AND (((gender)::text = 'm'::text) OR (((gender)::text = 'f'::text) AND (name ~~ 'A%'::text))))
              Rows Removed by Filter: 1
Planning time: 3.286 ms
Execution time: 10770.685 ms
