Aggregate  (cost=67614.35..67614.36 rows=1 width=64) (actual time=1490.755..1490.755 rows=1 loops=1)
  ->  Nested Loop  (cost=6017.42..67614.35 rows=1 width=33) (actual time=129.605..1490.687 rows=62 loops=1)
        ->  Nested Loop  (cost=6016.99..67607.59 rows=9 width=41) (actual time=24.869..1462.529 rows=17379 loops=1)
              ->  Hash Join  (cost=6016.57..67603.22 rows=4 width=21) (actual time=24.861..1442.708 rows=7438 loops=1)
                    Hash Cond: (ci.role_id = rt.id)
                    ->  Nested Loop  (cost=6015.41..67601.56 rows=43 width=25) (actual time=24.848..1440.316 rows=19600 loops=1)
                          ->  Nested Loop  (cost=6014.84..66707.04 rows=483 width=25) (actual time=24.802..428.412 rows=48328 loops=1)
                                ->  Hash Join  (cost=6014.41..64160.03 rows=483 width=4) (actual time=24.790..327.504 rows=48328 loops=1)
                                      Hash Cond: (mc.company_id = cn.id)
                                      ->  Seq Scan on movie_companies mc  (cost=0.00..57926.93 rows=17321 width=8) (actual time=0.073..290.814 rows=48897 loops=1)
                                            Filter: ((note ~~ '%(Japan)%'::text) AND (note !~~ '%(USA)%'::text))
                                            Rows Removed by Filter: 2560232
                                      ->  Hash  (cost=5932.46..5932.46 rows=6556 width=4) (actual time=24.705..24.705 rows=6752 loops=1)
                                            Buckets: 8192  Batches: 1  Memory Usage: 302kB
                                            ->  Seq Scan on company_name cn  (cost=0.00..5932.46 rows=6556 width=4) (actual time=0.007..23.865 rows=6752 loops=1)
                                                  Filter: ((country_code)::text = '[jp]'::text)
                                                  Rows Removed by Filter: 228245
                                ->  Index Scan using title_pkey on title t  (cost=0.43..5.27 rows=1 width=21) (actual time=0.002..0.002 rows=1 loops=48328)
                                      Index Cond: (id = mc.movie_id)
                          ->  Index Scan using movie_id_cast_info on cast_info ci  (cost=0.56..1.84 rows=1 width=12) (actual time=0.020..0.021 rows=0 loops=48328)
                                Index Cond: (movie_id = t.id)
                                Filter: (note = '(voice: English version)'::text)
                                Rows Removed by Filter: 32
                    ->  Hash  (cost=1.15..1.15 rows=1 width=4) (actual time=0.007..0.007 rows=1 loops=1)
                          Buckets: 1024  Batches: 1  Memory Usage: 9kB
                          ->  Seq Scan on role_type rt  (cost=0.00..1.15 rows=1 width=4) (actual time=0.005..0.006 rows=1 loops=1)
                                Filter: ((role)::text = 'actress'::text)
                                Rows Removed by Filter: 11
              ->  Index Scan using person_id_aka_name on aka_name an1  (cost=0.42..1.07 rows=2 width=20) (actual time=0.002..0.002 rows=2 loops=7438)
                    Index Cond: (person_id = ci.person_id)
        ->  Index Scan using name_pkey on name n1  (cost=0.43..0.75 rows=1 width=4) (actual time=0.001..0.001 rows=0 loops=17379)
              Index Cond: (id = an1.person_id)
              Filter: ((name ~~ '%Yo%'::text) AND (name !~~ '%Yu%'::text))
              Rows Removed by Filter: 1
Planning time: 2.064 ms
Execution time: 1490.821 ms
