Aggregate  (cost=190602.64..190602.65 rows=1 width=64) (actual time=1204.804..1204.804 rows=1 loops=1)
  ->  Nested Loop  (cost=2.70..190602.63 rows=1 width=33) (actual time=706.864..1204.772 rows=62 loops=1)
        ->  Nested Loop  (cost=2.27..190600.34 rows=1 width=24) (actual time=706.854..1204.595 rows=62 loops=1)
              ->  Nested Loop  (cost=1.84..190517.84 rows=110 width=32) (actual time=6.057..1177.059 rows=17379 loops=1)
                    ->  Nested Loop  (cost=1.41..188760.81 rows=1633 width=12) (actual time=6.050..1159.896 rows=7438 loops=1)
                          ->  Nested Loop  (cost=0.99..183202.09 rows=7532 width=16) (actual time=6.043..1142.930 rows=7532 loops=1)
                                ->  Nested Loop  (cost=0.56..125097.88 rows=34848 width=8) (actual time=0.777..1058.890 rows=34848 loops=1)
                                      ->  Seq Scan on role_type rt  (cost=0.00..1.15 rows=1 width=4) (actual time=0.005..0.007 rows=1 loops=1)
                                            Filter: ((role)::text = 'actress'::text)
                                            Rows Removed by Filter: 11
                                      ->  Index Scan using role_id_cast_info on cast_info ci  (cost=0.56..125014.37 rows=8237 width=12) (actual time=0.772..1055.340 rows=34848 loops=1)
                                            Index Cond: (role_id = rt.id)
                                            Filter: (note = '(voice: English version)'::text)
                                            Rows Removed by Filter: 7417125
                                ->  Index Scan using movie_id_movie_companies on movie_companies mc  (cost=0.43..1.66 rows=1 width=8) (actual time=0.002..0.002 rows=0 loops=34848)
                                      Index Cond: (movie_id = ci.movie_id)
                                      Filter: ((note ~~ '%(Japan)%'::text) AND (note !~~ '%(USA)%'::text))
                                      Rows Removed by Filter: 2
                          ->  Index Scan using company_name_pkey on company_name cn  (cost=0.42..0.74 rows=1 width=4) (actual time=0.002..0.002 rows=1 loops=7532)
                                Index Cond: (id = mc.company_id)
                                Filter: ((country_code)::text = '[jp]'::text)
                                Rows Removed by Filter: 0
                    ->  Index Scan using person_id_aka_name on aka_name an1  (cost=0.42..1.06 rows=2 width=20) (actual time=0.001..0.002 rows=2 loops=7438)
                          Index Cond: (person_id = ci.person_id)
              ->  Index Scan using name_pkey on name n1  (cost=0.43..0.75 rows=1 width=4) (actual time=0.001..0.001 rows=0 loops=17379)
                    Index Cond: (id = an1.person_id)
                    Filter: ((name ~~ '%Yo%'::text) AND (name !~~ '%Yu%'::text))
                    Rows Removed by Filter: 1
        ->  Index Scan using title_pkey on title t  (cost=0.43..2.29 rows=1 width=21) (actual time=0.002..0.002 rows=1 loops=62)
              Index Cond: (id = ci.movie_id)
Planning time: 1.993 ms
Execution time: 1204.855 ms
