Aggregate  (cost=86818.21..86818.22 rows=1 width=64) (actual time=261.885..261.885 rows=1 loops=1)
  ->  Nested Loop  (cost=2.41..86818.20 rows=1 width=33) (actual time=192.355..261.875 rows=6 loops=1)
        ->  Nested Loop  (cost=2.27..86818.03 rows=1 width=37) (actual time=192.352..261.864 rows=6 loops=1)
              ->  Nested Loop  (cost=1.84..86817.28 rows=1 width=45) (actual time=192.152..261.499 rows=171 loops=1)
                    ->  Nested Loop  (cost=1.42..86816.20 rows=1 width=25) (actual time=192.146..261.170 rows=104 loops=1)
                          Join Filter: (t.id = ci.movie_id)
                          ->  Nested Loop  (cost=0.85..86721.65 rows=1 width=25) (actual time=192.135..260.984 rows=4 loops=1)
                                ->  Nested Loop  (cost=0.43..86713.09 rows=4 width=29) (actual time=192.129..260.964 rows=4 loops=1)
                                      ->  Seq Scan on title t  (cost=0.00..86564.24 rows=7 width=21) (actual time=192.116..260.907 rows=7 loops=1)
                                            Filter: ((production_year >= 2006) AND (production_year <= 2007) AND ((title ~~ 'One Piece%'::text) OR (title ~~ 'Dragon Ball Z%'::text)))
                                            Rows Removed by Filter: 2528305
                                      ->  Index Scan using movie_id_movie_companies on movie_companies mc  (cost=0.43..21.25 rows=1 width=8) (actual time=0.006..0.007 rows=1 loops=7)
                                            Index Cond: (movie_id = t.id)
                                            Filter: ((note ~~ '%(Japan)%'::text) AND (note !~~ '%(USA)%'::text) AND ((note ~~ '%(2006)%'::text) OR (note ~~ '%(2007)%'::text)))
                                            Rows Removed by Filter: 2
                                ->  Index Scan using company_name_pkey on company_name cn  (cost=0.42..2.14 rows=1 width=4) (actual time=0.004..0.004 rows=1 loops=4)
                                      Index Cond: (id = mc.company_id)
                                      Filter: ((country_code)::text = '[jp]'::text)
                          ->  Index Scan using movie_id_cast_info on cast_info ci  (cost=0.56..94.53 rows=1 width=12) (actual time=0.013..0.042 rows=26 loops=4)
                                Index Cond: (movie_id = mc.movie_id)
                                Filter: (note = '(voice: English version)'::text)
                                Rows Removed by Filter: 17
                    ->  Index Scan using person_id_aka_name on aka_name an  (cost=0.42..1.06 rows=2 width=20) (actual time=0.002..0.003 rows=2 loops=104)
                          Index Cond: (person_id = ci.person_id)
              ->  Index Scan using name_pkey on name n  (cost=0.43..0.75 rows=1 width=4) (actual time=0.002..0.002 rows=0 loops=171)
                    Index Cond: (id = an.person_id)
                    Filter: ((name ~~ '%Yo%'::text) AND (name !~~ '%Yu%'::text))
                    Rows Removed by Filter: 1
        ->  Index Scan using role_type_pkey on role_type rt  (cost=0.14..0.16 rows=1 width=4) (actual time=0.001..0.001 rows=1 loops=6)
              Index Cond: (id = ci.role_id)
              Filter: ((role)::text = 'actress'::text)
Planning time: 2.068 ms
Execution time: 261.935 ms
