Aggregate  (cost=644660.91..644660.92 rows=1 width=64) (actual time=7113.288..7113.288 rows=1 loops=1)
  ->  Hash Join  (cost=574362.44..631537.18 rows=2624747 width=33) (actual time=5527.032..6670.101 rows=2487611 loops=1)
        Hash Cond: (ci.movie_id = t.id)
        ->  Hash Join  (cost=367673.80..399618.77 rows=3034791 width=20) (actual time=3188.040..3668.736 rows=2343724 loops=1)
              Hash Cond: (a1.person_id = n1.id)
              ->  Seq Scan on aka_name a1  (cost=0.00..20409.43 rows=901343 width=20) (actual time=0.009..77.972 rows=901343 loops=1)
              ->  Hash  (cost=333562.01..333562.01 rows=2728943 width=12) (actual time=3179.472..3179.472 rows=2728943 loops=1)
                    Buckets: 4194304  Batches: 1  Memory Usage: 150028kB
                    ->  Hash Join  (cost=149382.11..333562.01 rows=2728943 width=12) (actual time=1332.628..2730.997 rows=2728943 loops=1)
                          Hash Cond: (ci.person_id = n1.id)
                          ->  Nested Loop  (cost=0.56..149727.57 rows=2728943 width=8) (actual time=0.033..805.505 rows=2728943 loops=1)
                                ->  Seq Scan on role_type rt  (cost=0.00..1.15 rows=1 width=4) (actual time=0.007..0.011 rows=1 loops=1)
                                      Filter: ((role)::text = 'writer'::text)
                                      Rows Removed by Filter: 11
                                ->  Index Scan using role_id_cast_info on cast_info ci  (cost=0.56..116777.02 rows=3294940 width=12) (actual time=0.022..472.858 rows=2728943 loops=1)
                                      Index Cond: (role_id = rt.id)
                          ->  Hash  (cost=97287.91..97287.91 rows=4167491 width=4) (actual time=1324.024..1324.024 rows=4167491 loops=1)
                                Buckets: 4194304  Batches: 1  Memory Usage: 179282kB
                                ->  Seq Scan on name n1  (cost=0.00..97287.91 rows=4167491 width=4) (actual time=0.008..530.797 rows=4167491 loops=1)
        ->  Hash  (cost=192266.17..192266.17 rows=1153798 width=25) (actual time=2334.388..2334.388 rows=1153798 loops=1)
              Buckets: 2097152  Batches: 1  Memory Usage: 84892kB
              ->  Hash Join  (cost=99878.02..192266.17 rows=1153798 width=25) (actual time=1009.459..2058.385 rows=1153798 loops=1)
                    Hash Cond: (mc.movie_id = t.id)
                    ->  Hash Join  (cost=6993.00..84814.45 rows=1153798 width=4) (actual time=46.351..705.451 rows=1153798 loops=1)
                          Hash Cond: (mc.company_id = cn.id)
                          ->  Seq Scan on movie_companies mc  (cost=0.00..44881.29 rows=2609129 width=8) (actual time=0.008..222.460 rows=2609129 loops=1)
                          ->  Hash  (cost=5932.46..5932.46 rows=84843 width=4) (actual time=45.703..45.703 rows=84843 loops=1)
                                Buckets: 131072  Batches: 1  Memory Usage: 4007kB
                                ->  Seq Scan on company_name cn  (cost=0.00..5932.46 rows=84843 width=4) (actual time=0.006..32.864 rows=84843 loops=1)
                                      Filter: ((country_code)::text = '[us]'::text)
                                      Rows Removed by Filter: 150154
                    ->  Hash  (cost=61281.12..61281.12 rows=2528312 width=21) (actual time=954.534..954.534 rows=2528312 loops=1)
                          Buckets: 4194304  Batches: 1  Memory Usage: 168637kB
                          ->  Seq Scan on title t  (cost=0.00..61281.12 rows=2528312 width=21) (actual time=0.008..347.605 rows=2528312 loops=1)
Planning time: 1.874 ms
Execution time: 7115.947 ms
