Aggregate  (cost=619613.96..619613.97 rows=1 width=64) (actual time=7451.541..7451.541 rows=1 loops=1)
  ->  Hash Join  (cost=577997.63..607175.91 rows=2487611 width=33) (actual time=6493.800..7016.915 rows=2487611 loops=1)
        Hash Cond: (a1.person_id = n1.id)
        ->  Seq Scan on aka_name a1  (cost=0.00..20409.43 rows=901343 width=20) (actual time=0.006..76.586 rows=901343 loops=1)
        ->  Hash  (cost=553364.41..553364.41 rows=1970658 width=25) (actual time=6489.086..6489.086 rows=1970658 loops=1)
              Buckets: 2097152  Batches: 1  Memory Usage: 129183kB
              ->  Hash Join  (cost=356070.75..553364.41 rows=1970658 width=25) (actual time=3922.672..6116.799 rows=1970658 loops=1)
                    Hash Cond: (ci.person_id = n1.id)
                    ->  Hash Join  (cost=206689.21..379103.30 rows=1970658 width=21) (actual time=2493.666..4294.715 rows=1970658 loops=1)
                          Hash Cond: (ci.movie_id = t.id)
                          ->  Nested Loop  (cost=0.56..149727.57 rows=2728943 width=8) (actual time=0.035..826.704 rows=2728943 loops=1)
                                ->  Seq Scan on role_type rt  (cost=0.00..1.15 rows=1 width=4) (actual time=0.009..0.013 rows=1 loops=1)
                                      Filter: ((role)::text = 'writer'::text)
                                      Rows Removed by Filter: 11
                                ->  Index Scan using role_id_cast_info on cast_info ci  (cost=0.56..116777.02 rows=3294940 width=12) (actual time=0.021..495.113 rows=2728943 loops=1)
                                      Index Cond: (role_id = rt.id)
                          ->  Hash  (cost=192266.17..192266.17 rows=1153798 width=25) (actual time=2488.910..2488.910 rows=1153798 loops=1)
                                Buckets: 2097152  Batches: 1  Memory Usage: 84892kB
                                ->  Hash Join  (cost=99878.02..192266.17 rows=1153798 width=25) (actual time=1069.743..2205.200 rows=1153798 loops=1)
                                      Hash Cond: (mc.movie_id = t.id)
                                      ->  Hash Join  (cost=6993.00..84814.45 rows=1153798 width=4) (actual time=47.986..770.441 rows=1153798 loops=1)
                                            Hash Cond: (mc.company_id = cn.id)
                                            ->  Seq Scan on movie_companies mc  (cost=0.00..44881.29 rows=2609129 width=8) (actual time=0.008..226.772 rows=2609129 loops=1)
                                            ->  Hash  (cost=5932.46..5932.46 rows=84843 width=4) (actual time=47.337..47.337 rows=84843 loops=1)
                                                  Buckets: 131072  Batches: 1  Memory Usage: 4007kB
                                                  ->  Seq Scan on company_name cn  (cost=0.00..5932.46 rows=84843 width=4) (actual time=0.007..33.199 rows=84843 loops=1)
                                                        Filter: ((country_code)::text = '[us]'::text)
                                                        Rows Removed by Filter: 150154
                                      ->  Hash  (cost=61281.12..61281.12 rows=2528312 width=21) (actual time=1013.137..1013.137 rows=2528312 loops=1)
                                            Buckets: 4194304  Batches: 1  Memory Usage: 168637kB
                                            ->  Seq Scan on title t  (cost=0.00..61281.12 rows=2528312 width=21) (actual time=0.011..352.517 rows=2528312 loops=1)
                    ->  Hash  (cost=97287.91..97287.91 rows=4167491 width=4) (actual time=1420.375..1420.375 rows=4167491 loops=1)
                          Buckets: 4194304  Batches: 1  Memory Usage: 179282kB
                          ->  Seq Scan on name n1  (cost=0.00..97287.91 rows=4167491 width=4) (actual time=0.010..527.311 rows=4167491 loops=1)
Planning time: 1.992 ms
Execution time: 7454.209 ms
