Aggregate  (cost=659348.39..659348.40 rows=1 width=64) (actual time=4479.890..4479.890 rows=1 loops=1)
  ->  Hash Join  (cost=592739.50..624805.14 rows=6908649 width=33) (actual time=4189.357..4424.438 rows=323005 loops=1)
        Hash Cond: (an1.person_id = n1.id)
        ->  Seq Scan on aka_name an1  (cost=0.00..20409.43 rows=901343 width=20) (actual time=0.006..75.136 rows=901343 loops=1)
        ->  Hash  (cost=557930.28..557930.28 rows=2784738 width=25) (actual time=4180.769..4180.769 rows=285538 loops=1)
              Buckets: 4194304  Batches: 1  Memory Usage: 48720kB
              ->  Hash Join  (cost=350554.84..557930.28 rows=2784738 width=25) (actual time=3873.215..4132.256 rows=285538 loops=1)
                    Hash Cond: (ci.person_id = n1.id)
                    ->  Hash Join  (cost=201173.29..373391.42 rows=2784738 width=21) (actual time=2478.329..2679.778 rows=285538 loops=1)
                          Hash Cond: (ci.movie_id = t.id)
                          ->  Nested Loop  (cost=0.56..149727.57 rows=3020362 width=8) (actual time=1.073..93.890 rows=276403 loops=1)
                                ->  Seq Scan on role_type rt  (cost=0.00..1.15 rows=1 width=4) (actual time=0.009..0.012 rows=1 loops=1)
                                      Filter: ((role)::text = 'costume designer'::text)
                                      Rows Removed by Filter: 11
                                ->  Index Scan using role_id_cast_info on cast_info ci  (cost=0.56..116777.02 rows=3294940 width=12) (actual time=1.060..60.286 rows=276403 loops=1)
                                      Index Cond: (role_id = rt.id)
                          ->  Hash  (cost=189490.34..189490.34 rows=934591 width=25) (actual time=2474.501..2474.501 rows=1153798 loops=1)
                                Buckets: 2097152 (originally 1048576)  Batches: 1 (originally 1)  Memory Usage: 84892kB
                                ->  Hash Join  (cost=99869.68..189490.34 rows=934591 width=25) (actual time=1070.555..2160.154 rows=1153798 loops=1)
                                      Hash Cond: (mc.movie_id = t.id)
                                      ->  Hash Join  (cost=6984.66..84806.11 rows=934591 width=4) (actual time=47.169..731.042 rows=1153798 loops=1)
                                            Hash Cond: (mc.company_id = cn.id)
                                            ->  Seq Scan on movie_companies mc  (cost=0.00..44881.29 rows=2609129 width=8) (actual time=0.007..226.039 rows=2609129 loops=1)
                                            ->  Hash  (cost=5932.46..5932.46 rows=84176 width=4) (actual time=46.529..46.529 rows=84843 loops=1)
                                                  Buckets: 131072  Batches: 1  Memory Usage: 4007kB
                                                  ->  Seq Scan on company_name cn  (cost=0.00..5932.46 rows=84176 width=4) (actual time=0.008..33.477 rows=84843 loops=1)
                                                        Filter: ((country_code)::text = '[us]'::text)
                                                        Rows Removed by Filter: 150154
                                      ->  Hash  (cost=61281.12..61281.12 rows=2528312 width=21) (actual time=1014.789..1014.789 rows=2528312 loops=1)
                                            Buckets: 4194304  Batches: 1  Memory Usage: 168637kB
                                            ->  Seq Scan on title t  (cost=0.00..61281.12 rows=2528312 width=21) (actual time=0.010..354.235 rows=2528312 loops=1)
                    ->  Hash  (cost=97287.91..97287.91 rows=4167491 width=4) (actual time=1386.290..1386.290 rows=4167491 loops=1)
                          Buckets: 4194304  Batches: 1  Memory Usage: 179282kB
                          ->  Seq Scan on name n1  (cost=0.00..97287.91 rows=4167491 width=4) (actual time=0.010..523.962 rows=4167491 loops=1)
Planning time: 1.892 ms
Execution time: 4482.253 ms
