Aggregate  (cost=581691.90..581691.91 rows=1 width=64) (actual time=3441.382..3441.382 rows=1 loops=1)
  ->  Hash Join  (cost=537451.16..567590.83 rows=2820213 width=33) (actual time=3146.439..3384.833 rows=323005 loops=1)
        Hash Cond: (an1.person_id = n1.id)
        ->  Seq Scan on aka_name an1  (cost=0.00..20409.43 rows=901343 width=20) (actual time=0.007..75.371 rows=901343 loops=1)
        ->  Hash  (cost=507261.47..507261.47 rows=2415175 width=25) (actual time=3137.835..3137.835 rows=285538 loops=1)
              Buckets: 4194304  Batches: 1  Memory Usage: 48720kB
              ->  Hash Join  (cost=206689.64..507261.47 rows=2415175 width=25) (actual time=2444.456..3083.565 rows=285538 loops=1)
                    Hash Cond: (ci.movie_id = t.id)
                    ->  Nested Loop  (cost=0.99..275463.01 rows=3020362 width=12) (actual time=0.050..515.437 rows=276403 loops=1)
                          ->  Nested Loop  (cost=0.56..149727.57 rows=276403 width=8) (actual time=0.028..83.256 rows=276403 loops=1)
                                ->  Seq Scan on role_type rt  (cost=0.00..1.15 rows=1 width=4) (actual time=0.008..0.011 rows=1 loops=1)
                                      Filter: ((role)::text = 'costume designer'::text)
                                      Rows Removed by Filter: 11
                                ->  Index Scan using role_id_cast_info on cast_info ci  (cost=0.56..116777.02 rows=3294940 width=12) (actual time=0.018..50.663 rows=276403 loops=1)
                                      Index Cond: (role_id = rt.id)
                          ->  Index Only Scan using name_pkey on name n1  (cost=0.43..0.45 rows=1 width=4) (actual time=0.001..0.001 rows=1 loops=276403)
                                Index Cond: (id = ci.person_id)
                                Heap Fetches: 276403
                    ->  Hash  (cost=192266.17..192266.17 rows=1153798 width=25) (actual time=2439.682..2439.682 rows=1153798 loops=1)
                          Buckets: 2097152  Batches: 1  Memory Usage: 84892kB
                          ->  Hash Join  (cost=99878.02..192266.17 rows=1153798 width=25) (actual time=1062.508..2157.277 rows=1153798 loops=1)
                                Hash Cond: (mc.movie_id = t.id)
                                ->  Hash Join  (cost=6993.00..84814.45 rows=1153798 width=4) (actual time=47.195..739.552 rows=1153798 loops=1)
                                      Hash Cond: (mc.company_id = cn.id)
                                      ->  Seq Scan on movie_companies mc  (cost=0.00..44881.29 rows=2609129 width=8) (actual time=0.006..225.649 rows=2609129 loops=1)
                                      ->  Hash  (cost=5932.46..5932.46 rows=84843 width=4) (actual time=46.522..46.522 rows=84843 loops=1)
                                            Buckets: 131072  Batches: 1  Memory Usage: 4007kB
                                            ->  Seq Scan on company_name cn  (cost=0.00..5932.46 rows=84843 width=4) (actual time=0.007..33.206 rows=84843 loops=1)
                                                  Filter: ((country_code)::text = '[us]'::text)
                                                  Rows Removed by Filter: 150154
                                ->  Hash  (cost=61281.12..61281.12 rows=2528312 width=21) (actual time=1006.732..1006.732 rows=2528312 loops=1)
                                      Buckets: 4194304  Batches: 1  Memory Usage: 168637kB
                                      ->  Seq Scan on title t  (cost=0.00..61281.12 rows=2528312 width=21) (actual time=0.009..351.035 rows=2528312 loops=1)
Planning time: 1.973 ms
Execution time: 3442.875 ms
