Aggregate  (cost=513429.36..513429.37 rows=1 width=64) (actual time=3472.285..3472.285 rows=1 loops=1)
  ->  Hash Join  (cost=485606.69..511814.33 rows=323005 width=33) (actual time=3092.791..3412.828 rows=323005 loops=1)
        Hash Cond: (ci.movie_id = t.id)
        ->  Hash Join  (cost=278918.05..303305.32 rows=218966 width=20) (actual time=567.886..802.661 rows=218966 loops=1)
              Hash Cond: (an1.person_id = n1.id)
              ->  Seq Scan on aka_name an1  (cost=0.00..20409.43 rows=901343 width=20) (actual time=0.009..76.697 rows=901343 loops=1)
              ->  Hash  (cost=275463.01..275463.01 rows=276403 width=12) (actual time=566.067..566.067 rows=276403 loops=1)
                    Buckets: 524288  Batches: 1  Memory Usage: 15973kB
                    ->  Nested Loop  (cost=0.99..275463.01 rows=276403 width=12) (actual time=0.050..509.782 rows=276403 loops=1)
                          ->  Nested Loop  (cost=0.56..149727.57 rows=276403 width=8) (actual time=0.033..78.393 rows=276403 loops=1)
                                ->  Seq Scan on role_type rt  (cost=0.00..1.15 rows=1 width=4) (actual time=0.007..0.011 rows=1 loops=1)
                                      Filter: ((role)::text = 'costume designer'::text)
                                      Rows Removed by Filter: 11
                                ->  Index Scan using role_id_cast_info on cast_info ci  (cost=0.56..116777.02 rows=3294940 width=12) (actual time=0.022..46.035 rows=276403 loops=1)
                                      Index Cond: (role_id = rt.id)
                          ->  Index Only Scan using name_pkey on name n1  (cost=0.43..0.45 rows=1 width=4) (actual time=0.001..0.001 rows=1 loops=276403)
                                Index Cond: (id = ci.person_id)
                                Heap Fetches: 276403
        ->  Hash  (cost=192266.17..192266.17 rows=1153798 width=25) (actual time=2520.166..2520.166 rows=1153798 loops=1)
              Buckets: 2097152  Batches: 1  Memory Usage: 84892kB
              ->  Hash Join  (cost=99878.02..192266.17 rows=1153798 width=25) (actual time=1077.009..2235.766 rows=1153798 loops=1)
                    Hash Cond: (mc.movie_id = t.id)
                    ->  Hash Join  (cost=6993.00..84814.45 rows=1153798 width=4) (actual time=50.469..795.561 rows=1153798 loops=1)
                          Hash Cond: (mc.company_id = cn.id)
                          ->  Seq Scan on movie_companies mc  (cost=0.00..44881.29 rows=2609129 width=8) (actual time=0.012..226.749 rows=2609129 loops=1)
                          ->  Hash  (cost=5932.46..5932.46 rows=84843 width=4) (actual time=49.789..49.789 rows=84843 loops=1)
                                Buckets: 131072  Batches: 1  Memory Usage: 4007kB
                                ->  Seq Scan on company_name cn  (cost=0.00..5932.46 rows=84843 width=4) (actual time=0.009..33.383 rows=84843 loops=1)
                                      Filter: ((country_code)::text = '[us]'::text)
                                      Rows Removed by Filter: 150154
                    ->  Hash  (cost=61281.12..61281.12 rows=2528312 width=21) (actual time=1017.805..1017.805 rows=2528312 loops=1)
                          Buckets: 4194304  Batches: 1  Memory Usage: 168637kB
                          ->  Seq Scan on title t  (cost=0.00..61281.12 rows=2528312 width=21) (actual time=0.010..353.931 rows=2528312 loops=1)
Planning time: 1.897 ms
Execution time: 3473.608 ms
