Aggregate  (cost=172172.62..172172.63 rows=1 width=96) (actual time=920.802..920.802 rows=1 loops=1)
  ->  Nested Loop  (cost=31679.65..172172.51 rows=15 width=49) (actual time=590.436..920.718 rows=121 loops=1)
        ->  Nested Loop  (cost=31679.24..172152.53 rows=43 width=53) (actual time=590.419..920.367 rows=123 loops=1)
              Join Filter: (ci.movie_id = mc.movie_id)
              ->  Nested Loop  (cost=31678.81..172143.45 rows=14 width=57) (actual time=589.093..919.627 rows=139 loops=1)
                    ->  Hash Join  (cost=31678.38..172122.63 rows=32 width=36) (actual time=588.062..918.484 rows=387 loops=1)
                          Hash Cond: (ci.role_id = rt.id)
                          ->  Nested Loop  (cost=31677.21..172116.87 rows=387 width=40) (actual time=588.039..918.375 rows=387 loops=1)
                                ->  Nested Loop  (cost=31676.78..171838.37 rows=425 width=28) (actual time=588.023..917.489 rows=425 loops=1)
                                      Join Filter: (n.id = ci.person_id)
                                      ->  Hash Join  (cost=31676.22..150848.34 rows=1558 width=24) (actual time=583.270..902.287 rows=1558 loops=1)
                                            Hash Cond: (n.id = an.person_id)
                                            ->  Seq Scan on name n  (cost=0.00..118125.36 rows=6768 width=4) (actual time=248.401..565.596 rows=6768 loops=1)
                                                  Filter: ((name ~~ '%Ang%'::text) AND ((gender)::text = 'f'::text))
                                                  Rows Removed by Filter: 4160723
                                            ->  Hash  (cost=20409.43..20409.43 rows=901343 width=20) (actual time=331.389..331.389 rows=901343 loops=1)
                                                  Buckets: 1048576  Batches: 1  Memory Usage: 55917kB
                                                  ->  Seq Scan on aka_name an  (cost=0.00..20409.43 rows=901343 width=20) (actual time=0.010..127.293 rows=901343 loops=1)
                                      ->  Index Scan using person_id_cast_info on cast_info ci  (cost=0.56..13.31 rows=13 width=16) (actual time=0.009..0.010 rows=0 loops=1558)
                                            Index Cond: (person_id = an.person_id)
                                            Filter: (note = ANY ('{(voice),"(voice: Japanese version)","(voice) (uncredited)","(voice: English version)"}'::text[]))
                                            Rows Removed by Filter: 44
                                ->  Index Scan using char_name_pkey on char_name chn  (cost=0.43..0.66 rows=1 width=20) (actual time=0.002..0.002 rows=1 loops=425)
                                      Index Cond: (id = ci.person_role_id)
                          ->  Hash  (cost=1.15..1.15 rows=1 width=4) (actual time=0.010..0.010 rows=1 loops=1)
                                Buckets: 1024  Batches: 1  Memory Usage: 9kB
                                ->  Seq Scan on role_type rt  (cost=0.00..1.15 rows=1 width=4) (actual time=0.006..0.007 rows=1 loops=1)
                                      Filter: ((role)::text = 'actress'::text)
                                      Rows Removed by Filter: 11
                    ->  Index Scan using title_pkey on title t  (cost=0.43..0.65 rows=1 width=21) (actual time=0.003..0.003 rows=0 loops=387)
                          Index Cond: (id = ci.movie_id)
                          Filter: ((production_year >= 2005) AND (production_year <= 2015))
                          Rows Removed by Filter: 1
              ->  Index Scan using movie_id_movie_companies on movie_companies mc  (cost=0.43..0.64 rows=1 width=8) (actual time=0.004..0.005 rows=1 loops=139)
                    Index Cond: (movie_id = t.id)
                    Filter: ((note IS NOT NULL) AND ((note ~~ '%(USA)%'::text) OR (note ~~ '%(worldwide)%'::text)))
                    Rows Removed by Filter: 5
        ->  Index Scan using company_name_pkey on company_name cn  (cost=0.42..0.46 rows=1 width=4) (actual time=0.002..0.002 rows=1 loops=123)
              Index Cond: (id = mc.company_id)
              Filter: ((country_code)::text = '[us]'::text)
              Rows Removed by Filter: 0
Planning time: 3.521 ms
Execution time: 921.124 ms
