Aggregate  (cost=121486.51..121486.52 rows=1 width=128) (actual time=588.439..588.439 rows=1 loops=1)
  ->  Nested Loop  (cost=2.83..121486.50 rows=1 width=64) (actual time=256.205..588.408 rows=40 loops=1)
        ->  Nested Loop  (cost=2.40..121485.83 rows=1 width=55) (actual time=249.341..588.141 rows=94 loops=1)
              ->  Nested Loop  (cost=1.98..121485.24 rows=1 width=59) (actual time=249.336..587.896 rows=94 loops=1)
                    ->  Nested Loop  (cost=1.55..121484.56 rows=1 width=47) (actual time=249.331..587.653 rows=103 loops=1)
                          ->  Nested Loop  (cost=1.12..121478.30 rows=9 width=39) (actual time=249.325..586.545 rows=265 loops=1)
                                ->  Nested Loop  (cost=0.99..121461.78 rows=106 width=43) (actual time=249.321..586.278 rows=265 loops=1)
                                      Join Filter: (n.id = ci.person_id)
                                      ->  Nested Loop  (cost=0.42..120863.73 rows=49 width=39) (actual time=244.518..575.511 rows=1296 loops=1)
                                            ->  Seq Scan on name n  (cost=0.00..118125.36 rows=225 width=19) (actual time=243.960..567.434 rows=5409 loops=1)
                                                  Filter: ((name ~~ '%Angel%'::text) AND ((gender)::text = 'f'::text))
                                                  Rows Removed by Filter: 4162082
                                            ->  Index Scan using person_id_aka_name on aka_name an  (cost=0.42..12.15 rows=2 width=20) (actual time=0.001..0.001 rows=0 loops=5409)
                                                  Index Cond: (person_id = n.id)
                                      ->  Index Scan using person_id_cast_info on cast_info ci  (cost=0.56..12.07 rows=11 width=16) (actual time=0.007..0.008 rows=0 loops=1296)
                                            Index Cond: (person_id = an.person_id)
                                            Filter: (note = '(voice)'::text)
                                            Rows Removed by Filter: 43
                                ->  Index Scan using role_type_pkey on role_type rt  (cost=0.14..0.16 rows=1 width=4) (actual time=0.001..0.001 rows=1 loops=265)
                                      Index Cond: (id = ci.role_id)
                                      Filter: ((role)::text = 'actress'::text)
                          ->  Index Scan using movie_id_movie_companies on movie_companies mc  (cost=0.43..0.69 rows=1 width=8) (actual time=0.003..0.004 rows=0 loops=265)
                                Index Cond: (movie_id = ci.movie_id)
                                Filter: ((note ~~ '%(200%)%'::text) AND ((note ~~ '%(USA)%'::text) OR (note ~~ '%(worldwide)%'::text)))
                                Rows Removed by Filter: 4
                    ->  Index Scan using char_name_pkey on char_name chn  (cost=0.43..0.68 rows=1 width=20) (actual time=0.002..0.002 rows=1 loops=103)
                          Index Cond: (id = ci.person_role_id)
              ->  Index Scan using company_name_pkey on company_name cn  (cost=0.42..0.59 rows=1 width=4) (actual time=0.002..0.002 rows=1 loops=94)
                    Index Cond: (id = mc.company_id)
                    Filter: ((country_code)::text = '[us]'::text)
        ->  Index Scan using title_pkey on title t  (cost=0.43..0.67 rows=1 width=21) (actual time=0.002..0.002 rows=0 loops=94)
              Index Cond: (id = ci.movie_id)
              Filter: ((production_year >= 2007) AND (production_year <= 2010))
              Rows Removed by Filter: 1
Planning time: 3.369 ms
Execution time: 588.500 ms
