Aggregate  (cost=166656.59..166656.60 rows=1 width=128) (actual time=893.124..893.124 rows=1 loops=1)
  ->  Nested Loop  (cost=31679.65..166656.57 rows=2 width=64) (actual time=574.554..893.074 rows=40 loops=1)
        ->  Nested Loop  (cost=31679.24..166654.01 rows=5 width=68) (actual time=574.538..892.933 rows=40 loops=1)
              ->  Nested Loop  (cost=31678.81..166652.61 rows=2 width=56) (actual time=568.744..892.814 rows=41 loops=1)
                    ->  Hash Join  (cost=31678.38..166646.37 rows=9 width=47) (actual time=568.083..892.493 rows=103 loops=1)
                          Hash Cond: (ci.role_id = rt.id)
                          ->  Nested Loop  (cost=31677.21..166643.99 rows=103 width=51) (actual time=568.068..892.444 rows=103 loops=1)
                                ->  Nested Loop  (cost=31676.78..166455.73 rows=265 width=43) (actual time=568.051..891.286 rows=265 loops=1)
                                      Join Filter: (n.id = ci.person_id)
                                      ->  Hash Join  (cost=31676.22..150638.15 rows=1296 width=39) (actual time=563.494..880.122 rows=1296 loops=1)
                                            Hash Cond: (n.id = an.person_id)
                                            ->  Seq Scan on name n  (cost=0.00..118125.36 rows=5409 width=19) (actual time=230.777..546.010 rows=5409 loops=1)
                                                  Filter: ((name ~~ '%Angel%'::text) AND ((gender)::text = 'f'::text))
                                                  Rows Removed by Filter: 4162082
                                            ->  Hash  (cost=20409.43..20409.43 rows=901343 width=20) (actual time=329.291..329.291 rows=901343 loops=1)
                                                  Buckets: 1048576  Batches: 1  Memory Usage: 55917kB
                                                  ->  Seq Scan on aka_name an  (cost=0.00..20409.43 rows=901343 width=20) (actual time=0.010..125.742 rows=901343 loops=1)
                                      ->  Index Scan using person_id_cast_info on cast_info ci  (cost=0.56..12.07 rows=11 width=16) (actual time=0.008..0.008 rows=0 loops=1296)
                                            Index Cond: (person_id = an.person_id)
                                            Filter: (note = '(voice)'::text)
                                            Rows Removed by Filter: 43
                                ->  Index Scan using movie_id_movie_companies on movie_companies mc  (cost=0.43..0.70 rows=1 width=8) (actual time=0.003..0.004 rows=0 loops=265)
                                      Index Cond: (movie_id = ci.movie_id)
                                      Filter: ((note ~~ '%(200%)%'::text) AND ((note ~~ '%(USA)%'::text) OR (note ~~ '%(worldwide)%'::text)))
                                      Rows Removed by Filter: 4
                          ->  Hash  (cost=1.15..1.15 rows=1 width=4) (actual time=0.010..0.010 rows=1 loops=1)
                                Buckets: 1024  Batches: 1  Memory Usage: 9kB
                                ->  Seq Scan on role_type rt  (cost=0.00..1.15 rows=1 width=4) (actual time=0.008..0.009 rows=1 loops=1)
                                      Filter: ((role)::text = 'actress'::text)
                                      Rows Removed by Filter: 11
                    ->  Index Scan using title_pkey on title t  (cost=0.43..0.69 rows=1 width=21) (actual time=0.003..0.003 rows=0 loops=103)
                          Index Cond: (id = ci.movie_id)
                          Filter: ((production_year >= 2007) AND (production_year <= 2010))
                          Rows Removed by Filter: 1
              ->  Index Scan using char_name_pkey on char_name chn  (cost=0.43..0.70 rows=1 width=20) (actual time=0.002..0.002 rows=1 loops=41)
                    Index Cond: (id = ci.person_role_id)
        ->  Index Scan using company_name_pkey on company_name cn  (cost=0.42..0.51 rows=1 width=4) (actual time=0.003..0.003 rows=1 loops=40)
              Index Cond: (id = mc.company_id)
              Filter: ((country_code)::text = '[us]'::text)
Planning time: 3.411 ms
Execution time: 893.425 ms
