Aggregate  (cost=194808.31..194808.32 rows=1 width=128) (actual time=3154.029..3154.029 rows=1 loops=1)
  ->  Nested Loop  (cost=3.13..194792.01 rows=1630 width=64) (actual time=23.537..3150.450 rows=8144 loops=1)
        Join Filter: (n.id = an.person_id)
        ->  Nested Loop  (cost=2.71..194434.53 rows=657 width=56) (actual time=4.633..3138.998 rows=4503 loops=1)
              Join Filter: (ci.movie_id = t.id)
              ->  Nested Loop  (cost=2.27..194089.07 rows=657 width=47) (actual time=4.618..3126.124 rows=4503 loops=1)
                    ->  Nested Loop  (cost=1.85..193271.86 rows=1834 width=51) (actual time=4.608..3090.083 rows=12383 loops=1)
                          ->  Nested Loop  (cost=1.42..192788.41 rows=713 width=43) (actual time=4.599..3066.264 rows=5686 loops=1)
                                ->  Nested Loop  (cost=0.99..191851.52 rows=1465 width=31) (actual time=4.590..1642.418 rows=6552 loops=1)
                                      ->  Nested Loop  (cost=0.56..134106.26 rows=78227 width=12) (actual time=0.117..1196.286 rows=276166 loops=1)
                                            ->  Seq Scan on role_type rt  (cost=0.00..1.15 rows=1 width=4) (actual time=0.007..0.010 rows=1 loops=1)
                                                  Filter: ((role)::text = 'actress'::text)
                                                  Rows Removed by Filter: 11
                                            ->  Index Scan using role_id_cast_info on cast_info ci  (cost=0.56..133251.71 rows=85339 width=16) (actual time=0.109..1167.868 rows=276166 loops=1)
                                                  Index Cond: (role_id = rt.id)
                                                  Filter: (note = ANY ('{(voice),"(voice: Japanese version)","(voice) (uncredited)","(voice: English version)"}'::text[]))
                                                  Rows Removed by Filter: 7175807
                                      ->  Index Scan using name_pkey on name n  (cost=0.43..0.74 rows=1 width=19) (actual time=0.001..0.001 rows=0 loops=276166)
                                            Index Cond: (id = ci.person_id)
                                            Filter: ((name ~~ '%An%'::text) AND ((gender)::text = 'f'::text))
                                            Rows Removed by Filter: 1
                                ->  Index Scan using char_name_pkey on char_name chn  (cost=0.43..0.64 rows=1 width=20) (actual time=0.217..0.217 rows=1 loops=6552)
                                      Index Cond: (id = ci.person_role_id)
                          ->  Index Scan using movie_id_movie_companies on movie_companies mc  (cost=0.43..0.63 rows=5 width=8) (actual time=0.003..0.004 rows=2 loops=5686)
                                Index Cond: (movie_id = ci.movie_id)
                    ->  Index Scan using company_name_pkey on company_name cn  (cost=0.42..0.45 rows=1 width=4) (actual time=0.003..0.003 rows=0 loops=12383)
                          Index Cond: (id = mc.company_id)
                          Filter: ((country_code)::text = '[us]'::text)
                          Rows Removed by Filter: 1
              ->  Index Scan using title_pkey on title t  (cost=0.43..0.51 rows=1 width=21) (actual time=0.002..0.002 rows=1 loops=4503)
                    Index Cond: (id = mc.movie_id)
        ->  Index Scan using person_id_aka_name on aka_name an  (cost=0.42..0.52 rows=2 width=20) (actual time=0.002..0.002 rows=2 loops=4503)
              Index Cond: (person_id = ci.person_id)
Planning time: 3.312 ms
Execution time: 3154.104 ms
