Aggregate  (cost=258485.68..258485.69 rows=1 width=128) (actual time=1977.106..1977.107 rows=1 loops=1)
  ->  Nested Loop  (cost=118753.20..258477.51 rows=817 width=64) (actual time=619.123..1973.631 rows=8144 loops=1)
        Join Filter: (n.id = an.person_id)
        ->  Nested Loop  (cost=118752.78..258068.54 rows=745 width=56) (actual time=608.606..1962.858 rows=4503 loops=1)
              ->  Nested Loop  (cost=118752.35..257702.23 rows=559 width=44) (actual time=608.597..1951.441 rows=4938 loops=1)
                    Join Filter: (ci.movie_id = t.id)
                    ->  Nested Loop  (cost=118751.92..257408.30 rows=559 width=35) (actual time=608.587..1938.023 rows=4938 loops=1)
                          ->  Nested Loop  (cost=118751.50..256718.53 rows=1548 width=39) (actual time=608.576..1898.865 rows=14547 loops=1)
                                ->  Hash Join  (cost=118751.07..256343.35 rows=546 width=31) (actual time=608.561..1874.657 rows=6552 loops=1)
                                      Hash Cond: (ci.person_id = n.id)
                                      ->  Nested Loop  (cost=0.56..134106.26 rows=276166 width=12) (actual time=0.122..1241.564 rows=276166 loops=1)
                                            ->  Seq Scan on role_type rt  (cost=0.00..1.15 rows=1 width=4) (actual time=0.008..0.010 rows=1 loops=1)
                                                  Filter: ((role)::text = 'actress'::text)
                                                  Rows Removed by Filter: 11
                                            ->  Index Scan using role_id_cast_info on cast_info ci  (cost=0.56..133251.71 rows=85339 width=16) (actual time=0.113..1214.659 rows=276166 loops=1)
                                                  Index Cond: (role_id = rt.id)
                                                  Filter: (note = ANY ('{(voice),"(voice: Japanese version)","(voice) (uncredited)","(voice: English version)"}'::text[]))
                                                  Rows Removed by Filter: 7175807
                                      ->  Hash  (cost=118125.36..118125.36 rows=50011 width=19) (actual time=604.331..604.331 rows=50011 loops=1)
                                            Buckets: 65536  Batches: 1  Memory Usage: 3135kB
                                            ->  Seq Scan on name n  (cost=0.00..118125.36 rows=50011 width=19) (actual time=249.242..593.248 rows=50011 loops=1)
                                                  Filter: ((name ~~ '%An%'::text) AND ((gender)::text = 'f'::text))
                                                  Rows Removed by Filter: 4117480
                                ->  Index Scan using movie_id_movie_companies on movie_companies mc  (cost=0.43..0.64 rows=5 width=8) (actual time=0.003..0.003 rows=2 loops=6552)
                                      Index Cond: (movie_id = ci.movie_id)
                          ->  Index Scan using company_name_pkey on company_name cn  (cost=0.42..0.45 rows=1 width=4) (actual time=0.002..0.002 rows=0 loops=14547)
                                Index Cond: (id = mc.company_id)
                                Filter: ((country_code)::text = '[us]'::text)
                                Rows Removed by Filter: 1
                    ->  Index Scan using title_pkey on title t  (cost=0.43..0.51 rows=1 width=21) (actual time=0.002..0.002 rows=1 loops=4938)
                          Index Cond: (id = mc.movie_id)
              ->  Index Scan using char_name_pkey on char_name chn  (cost=0.43..0.66 rows=1 width=20) (actual time=0.002..0.002 rows=1 loops=4938)
                    Index Cond: (id = ci.person_role_id)
        ->  Index Scan using person_id_aka_name on aka_name an  (cost=0.42..0.52 rows=2 width=20) (actual time=0.002..0.002 rows=2 loops=4503)
              Index Cond: (person_id = ci.person_id)
Planning time: 3.424 ms
Execution time: 1977.199 ms
