Aggregate  (cost=225373.46..225373.47 rows=1 width=128) (actual time=4057.591..4057.591 rows=1 loops=1)
  ->  Nested Loop  (cost=6987.37..225171.56 rows=20190 width=64) (actual time=47.422..3888.972 rows=483082 loops=1)
        ->  Nested Loop  (cost=6986.95..220798.35 rows=8138 width=56) (actual time=47.413..3510.845 rows=173567 loops=1)
              Join Filter: (ci.movie_id = t.id)
              ->  Hash Join  (cost=6986.52..216519.23 rows=8138 width=47) (actual time=47.402..3111.235 rows=173567 loops=1)
                    Hash Cond: (mc.company_id = cn.id)
                    ->  Nested Loop  (cost=1.85..209247.73 rows=22720 width=51) (actual time=0.152..2969.232 rows=426400 loops=1)
                          ->  Nested Loop  (cost=1.42..203262.47 rows=8827 width=43) (actual time=0.146..2296.393 rows=255493 loops=1)
                                ->  Nested Loop  (cost=0.99..191655.95 rows=18149 width=31) (actual time=0.128..1744.624 rows=276005 loops=1)
                                      ->  Nested Loop  (cost=0.56..134106.26 rows=78227 width=12) (actual time=0.121..1279.632 rows=276166 loops=1)
                                            ->  Seq Scan on role_type rt  (cost=0.00..1.15 rows=1 width=4) (actual time=0.005..0.008 rows=1 loops=1)
                                                  Filter: ((role)::text = 'actress'::text)
                                                  Rows Removed by Filter: 11
                                            ->  Index Scan using role_id_cast_info on cast_info ci  (cost=0.56..133251.71 rows=85339 width=16) (actual time=0.114..1249.723 rows=276166 loops=1)
                                                  Index Cond: (role_id = rt.id)
                                                  Filter: (note = ANY ('{(voice),"(voice: Japanese version)","(voice) (uncredited)","(voice: English version)"}'::text[]))
                                                  Rows Removed by Filter: 7175807
                                      ->  Index Scan using name_pkey on name n  (cost=0.43..0.74 rows=1 width=19) (actual time=0.001..0.001 rows=1 loops=276166)
                                            Index Cond: (id = ci.person_id)
                                            Filter: ((gender)::text = 'f'::text)
                                            Rows Removed by Filter: 0
                                ->  Index Scan using char_name_pkey on char_name chn  (cost=0.43..0.64 rows=1 width=20) (actual time=0.002..0.002 rows=1 loops=276005)
                                      Index Cond: (id = ci.person_role_id)
                          ->  Index Scan using movie_id_movie_companies on movie_companies mc  (cost=0.43..0.63 rows=5 width=8) (actual time=0.002..0.002 rows=2 loops=255493)
                                Index Cond: (movie_id = ci.movie_id)
                    ->  Hash  (cost=5932.46..5932.46 rows=84176 width=4) (actual time=46.825..46.825 rows=84843 loops=1)
                          Buckets: 131072  Batches: 1  Memory Usage: 4007kB
                          ->  Seq Scan on company_name cn  (cost=0.00..5932.46 rows=84176 width=4) (actual time=0.006..32.992 rows=84843 loops=1)
                                Filter: ((country_code)::text = '[us]'::text)
                                Rows Removed by Filter: 150154
              ->  Index Scan using title_pkey on title t  (cost=0.43..0.51 rows=1 width=21) (actual time=0.002..0.002 rows=1 loops=173567)
                    Index Cond: (id = mc.movie_id)
        ->  Index Scan using person_id_aka_name on aka_name an  (cost=0.42..0.52 rows=2 width=20) (actual time=0.001..0.002 rows=3 loops=173567)
              Index Cond: (person_id = n.id)
Planning time: 3.335 ms
Execution time: 4057.675 ms
