Aggregate  (cost=222996.80..222996.81 rows=1 width=128) (actual time=4987.361..4987.361 rows=1 loops=1)
  ->  Nested Loop  (cost=3.13..222809.77 rows=18703 width=64) (actual time=0.453..4821.826 rows=483082 loops=1)
        ->  Nested Loop  (cost=2.71..218756.06 rows=7539 width=56) (actual time=0.446..4427.698 rows=173567 loops=1)
              Join Filter: (ci.movie_id = t.id)
              ->  Nested Loop  (cost=2.27..214791.91 rows=7539 width=47) (actual time=0.439..4013.388 rows=173567 loops=1)
                    ->  Nested Loop  (cost=1.85..205488.09 rows=20880 width=51) (actual time=0.140..3049.529 rows=426400 loops=1)
                          ->  Nested Loop  (cost=1.42..199913.98 rows=8112 width=43) (actual time=0.134..2348.648 rows=255493 loops=1)
                                ->  Nested Loop  (cost=0.99..188984.50 rows=16679 width=31) (actual time=0.128..1770.212 rows=276005 loops=1)
                                      ->  Nested Loop  (cost=0.56..134106.26 rows=72290 width=12) (actual time=0.121..1285.896 rows=276166 loops=1)
                                            ->  Seq Scan on role_type rt  (cost=0.00..1.15 rows=1 width=4) (actual time=0.006..0.010 rows=1 loops=1)
                                                  Filter: ((role)::text = 'actress'::text)
                                                  Rows Removed by Filter: 11
                                            ->  Index Scan using role_id_cast_info on cast_info ci  (cost=0.56..133251.71 rows=85339 width=16) (actual time=0.113..1256.560 rows=276166 loops=1)
                                                  Index Cond: (role_id = rt.id)
                                                  Filter: (note = ANY ('{(voice),"(voice: Japanese version)","(voice) (uncredited)","(voice: English version)"}'::text[]))
                                                  Rows Removed by Filter: 7175807
                                      ->  Index Scan using name_pkey on name n  (cost=0.43..0.76 rows=1 width=19) (actual time=0.001..0.001 rows=1 loops=276166)
                                            Index Cond: (id = ci.person_id)
                                            Filter: ((gender)::text = 'f'::text)
                                            Rows Removed by Filter: 0
                                ->  Index Scan using char_name_pkey on char_name chn  (cost=0.43..0.66 rows=1 width=20) (actual time=0.002..0.002 rows=1 loops=276005)
                                      Index Cond: (id = ci.person_role_id)
                          ->  Index Scan using movie_id_movie_companies on movie_companies mc  (cost=0.43..0.64 rows=5 width=8) (actual time=0.002..0.002 rows=2 loops=255493)
                                Index Cond: (movie_id = ci.movie_id)
                    ->  Index Scan using company_name_pkey on company_name cn  (cost=0.42..0.45 rows=1 width=4) (actual time=0.002..0.002 rows=0 loops=426400)
                          Index Cond: (id = mc.company_id)
                          Filter: ((country_code)::text = '[us]'::text)
                          Rows Removed by Filter: 1
              ->  Index Scan using title_pkey on title t  (cost=0.43..0.51 rows=1 width=21) (actual time=0.002..0.002 rows=1 loops=173567)
                    Index Cond: (id = mc.movie_id)
        ->  Index Scan using person_id_aka_name on aka_name an  (cost=0.42..0.52 rows=2 width=20) (actual time=0.001..0.002 rows=3 loops=173567)
              Index Cond: (person_id = n.id)
Planning time: 3.279 ms
Execution time: 4987.431 ms
