Aggregate  (cost=351979.28..351979.29 rows=1 width=128) (actual time=4004.790..4004.791 rows=1 loops=1)
  ->  Nested Loop  (cost=99239.20..351669.76 rows=30952 width=64) (actual time=981.844..3834.367 rows=483082 loops=1)
        ->  Nested Loop  (cost=99238.78..346423.98 rows=9756 width=56) (actual time=981.826..3446.297 rows=173567 loops=1)
              Join Filter: (ci.movie_id = t.id)
              ->  Nested Loop  (cost=99238.35..341294.08 rows=9756 width=47) (actual time=981.810..3045.033 rows=173567 loops=1)
                    ->  Nested Loop  (cost=99237.92..332831.09 rows=12915 width=35) (actual time=981.797..2679.605 rows=189464 loops=1)
                          ->  Hash Join  (cost=99237.49..290338.98 rows=55974 width=16) (actual time=981.776..2345.880 rows=189554 loops=1)
                                Hash Cond: (ci.movie_id = mc.movie_id)
                                ->  Nested Loop  (cost=0.56..134106.26 rows=276166 width=12) (actual time=0.118..1254.147 rows=276166 loops=1)
                                      ->  Seq Scan on role_type rt  (cost=0.00..1.15 rows=1 width=4) (actual time=0.006..0.010 rows=1 loops=1)
                                            Filter: ((role)::text = 'actress'::text)
                                            Rows Removed by Filter: 11
                                      ->  Index Scan using role_id_cast_info on cast_info ci  (cost=0.56..133251.71 rows=85339 width=16) (actual time=0.110..1225.157 rows=276166 loops=1)
                                            Index Cond: (role_id = rt.id)
                                            Filter: (note = ANY ('{(voice),"(voice: Japanese version)","(voice) (uncredited)","(voice: English version)"}'::text[]))
                                            Rows Removed by Filter: 7175807
                                ->  Hash  (cost=84814.45..84814.45 rows=1153798 width=4) (actual time=976.741..976.741 rows=1153798 loops=1)
                                      Buckets: 2097152  Batches: 1  Memory Usage: 56948kB
                                      ->  Hash Join  (cost=6993.00..84814.45 rows=1153798 width=4) (actual time=50.034..752.347 rows=1153798 loops=1)
                                            Hash Cond: (mc.company_id = cn.id)
                                            ->  Seq Scan on movie_companies mc  (cost=0.00..44881.29 rows=2609129 width=8) (actual time=0.008..216.724 rows=2609129 loops=1)
                                            ->  Hash  (cost=5932.46..5932.46 rows=84843 width=4) (actual time=49.381..49.381 rows=84843 loops=1)
                                                  Buckets: 131072  Batches: 1  Memory Usage: 4007kB
                                                  ->  Seq Scan on company_name cn  (cost=0.00..5932.46 rows=84843 width=4) (actual time=0.007..33.458 rows=84843 loops=1)
                                                        Filter: ((country_code)::text = '[us]'::text)
                                                        Rows Removed by Filter: 150154
                          ->  Index Scan using name_pkey on name n  (cost=0.43..0.76 rows=1 width=19) (actual time=0.001..0.001 rows=1 loops=189554)
                                Index Cond: (id = ci.person_id)
                                Filter: ((gender)::text = 'f'::text)
                                Rows Removed by Filter: 0
                    ->  Index Scan using char_name_pkey on char_name chn  (cost=0.43..0.66 rows=1 width=20) (actual time=0.002..0.002 rows=1 loops=189464)
                          Index Cond: (id = ci.person_role_id)
              ->  Index Scan using title_pkey on title t  (cost=0.43..0.51 rows=1 width=21) (actual time=0.002..0.002 rows=1 loops=173567)
                    Index Cond: (id = mc.movie_id)
        ->  Index Scan using person_id_aka_name on aka_name an  (cost=0.42..0.52 rows=2 width=20) (actual time=0.001..0.002 rows=3 loops=173567)
              Index Cond: (person_id = n.id)
Planning time: 3.324 ms
Execution time: 4005.072 ms
