Aggregate  (cost=435747.21..435747.22 rows=1 width=128) (actual time=4424.219..4424.219 rows=1 loops=1)
  ->  Nested Loop  (cost=218964.85..435510.82 rows=23639 width=64) (actual time=1682.994..4252.134 rows=483082 loops=1)
        ->  Nested Loop  (cost=218964.42..429096.61 rows=11929 width=56) (actual time=1682.978..3868.849 rows=173567 loops=1)
              Join Filter: (ci.movie_id = t.id)
              ->  Nested Loop  (cost=218963.99..422824.11 rows=11929 width=47) (actual time=1682.963..3474.502 rows=173567 loops=1)
                    ->  Hash Join  (cost=218963.56..412458.17 rows=15819 width=35) (actual time=1682.924..3104.099 rows=189464 loops=1)
                          Hash Cond: (ci.person_id = n.id)
                          ->  Hash Join  (cost=99237.49..290338.98 rows=189554 width=16) (actual time=972.262..2343.157 rows=189554 loops=1)
                                Hash Cond: (ci.movie_id = mc.movie_id)
                                ->  Nested Loop  (cost=0.56..134106.26 rows=276166 width=12) (actual time=0.127..1263.643 rows=276166 loops=1)
                                      ->  Seq Scan on role_type rt  (cost=0.00..1.15 rows=1 width=4) (actual time=0.007..0.010 rows=1 loops=1)
                                            Filter: ((role)::text = 'actress'::text)
                                            Rows Removed by Filter: 11
                                      ->  Index Scan using role_id_cast_info on cast_info ci  (cost=0.56..133251.71 rows=85339 width=16) (actual time=0.118..1235.374 rows=276166 loops=1)
                                            Index Cond: (role_id = rt.id)
                                            Filter: (note = ANY ('{(voice),"(voice: Japanese version)","(voice) (uncredited)","(voice: English version)"}'::text[]))
                                            Rows Removed by Filter: 7175807
                                ->  Hash  (cost=84814.45..84814.45 rows=1153798 width=4) (actual time=967.201..967.201 rows=1153798 loops=1)
                                      Buckets: 2097152  Batches: 1  Memory Usage: 56948kB
                                      ->  Hash Join  (cost=6993.00..84814.45 rows=1153798 width=4) (actual time=50.696..743.069 rows=1153798 loops=1)
                                            Hash Cond: (mc.company_id = cn.id)
                                            ->  Seq Scan on movie_companies mc  (cost=0.00..44881.29 rows=2609129 width=8) (actual time=0.009..211.147 rows=2609129 loops=1)
                                            ->  Hash  (cost=5932.46..5932.46 rows=84843 width=4) (actual time=50.038..50.038 rows=84843 loops=1)
                                                  Buckets: 131072  Batches: 1  Memory Usage: 4007kB
                                                  ->  Seq Scan on company_name cn  (cost=0.00..5932.46 rows=84843 width=4) (actual time=0.007..33.584 rows=84843 loops=1)
                                                        Filter: ((country_code)::text = '[us]'::text)
                                                        Rows Removed by Filter: 150154
                          ->  Hash  (cost=107706.64..107706.64 rows=961555 width=19) (actual time=708.442..708.442 rows=961555 loops=1)
                                Buckets: 1048576  Batches: 1  Memory Usage: 58170kB
                                ->  Seq Scan on name n  (cost=0.00..107706.64 rows=961555 width=19) (actual time=179.138..464.638 rows=961555 loops=1)
                                      Filter: ((gender)::text = 'f'::text)
                                      Rows Removed by Filter: 3205936
                    ->  Index Scan using char_name_pkey on char_name chn  (cost=0.43..0.66 rows=1 width=20) (actual time=0.002..0.002 rows=1 loops=189464)
                          Index Cond: (id = ci.person_role_id)
              ->  Index Scan using title_pkey on title t  (cost=0.43..0.51 rows=1 width=21) (actual time=0.002..0.002 rows=1 loops=173567)
                    Index Cond: (id = mc.movie_id)
        ->  Index Scan using person_id_aka_name on aka_name an  (cost=0.42..0.52 rows=2 width=20) (actual time=0.001..0.002 rows=3 loops=173567)
              Index Cond: (person_id = n.id)
Planning time: 3.412 ms
Execution time: 4424.776 ms
