Aggregate  (cost=605673.31..605673.32 rows=1 width=128) (actual time=6353.841..6353.842 rows=1 loops=1)
  ->  Hash Join  (cost=576677.64..600842.49 rows=483082 width=64) (actual time=5945.672..6216.134 rows=483082 loops=1)
        Hash Cond: (an.person_id = n.id)
        ->  Seq Scan on aka_name an  (cost=0.00..20409.43 rows=901343 width=20) (actual time=0.007..75.832 rows=901343 loops=1)
        ->  Hash  (cost=574508.05..574508.05 rows=173567 width=56) (actual time=5944.246..5944.246 rows=173567 loops=1)
              Buckets: 262144  Batches: 1  Memory Usage: 18048kB
              ->  Hash Join  (cost=433520.91..574508.05 rows=173567 width=56) (actual time=4449.441..5897.739 rows=173567 loops=1)
                    Hash Cond: (ci.person_id = n.id)
                    ->  Hash Join  (cost=313794.83..452589.55 rows=173657 width=37) (actual time=3737.017..5145.801 rows=173657 loops=1)
                          Hash Cond: (ci.person_role_id = chn.id)
                          ->  Hash Join  (cost=206689.21..343090.81 rows=189554 width=25) (actual time=2497.124..3856.793 rows=189554 loops=1)
                                Hash Cond: (ci.movie_id = t.id)
                                ->  Nested Loop  (cost=0.56..134106.26 rows=276166 width=12) (actual time=0.138..1257.982 rows=276166 loops=1)
                                      ->  Seq Scan on role_type rt  (cost=0.00..1.15 rows=1 width=4) (actual time=0.009..0.012 rows=1 loops=1)
                                            Filter: ((role)::text = 'actress'::text)
                                            Rows Removed by Filter: 11
                                      ->  Index Scan using role_id_cast_info on cast_info ci  (cost=0.56..133251.71 rows=85339 width=16) (actual time=0.125..1230.479 rows=276166 loops=1)
                                            Index Cond: (role_id = rt.id)
                                            Filter: (note = ANY ('{(voice),"(voice: Japanese version)","(voice) (uncredited)","(voice: English version)"}'::text[]))
                                            Rows Removed by Filter: 7175807
                                ->  Hash  (cost=192266.17..192266.17 rows=1153798 width=25) (actual time=2492.050..2492.050 rows=1153798 loops=1)
                                      Buckets: 2097152  Batches: 1  Memory Usage: 84892kB
                                      ->  Hash Join  (cost=99878.02..192266.17 rows=1153798 width=25) (actual time=1070.037..2208.656 rows=1153798 loops=1)
                                            Hash Cond: (mc.movie_id = t.id)
                                            ->  Hash Join  (cost=6993.00..84814.45 rows=1153798 width=4) (actual time=48.318..776.042 rows=1153798 loops=1)
                                                  Hash Cond: (mc.company_id = cn.id)
                                                  ->  Seq Scan on movie_companies mc  (cost=0.00..44881.29 rows=2609129 width=8) (actual time=0.008..226.679 rows=2609129 loops=1)
                                                  ->  Hash  (cost=5932.46..5932.46 rows=84843 width=4) (actual time=47.661..47.661 rows=84843 loops=1)
                                                        Buckets: 131072  Batches: 1  Memory Usage: 4007kB
                                                        ->  Seq Scan on company_name cn  (cost=0.00..5932.46 rows=84843 width=4) (actual time=0.007..33.254 rows=84843 loops=1)
                                                              Filter: ((country_code)::text = '[us]'::text)
                                                              Rows Removed by Filter: 150154
                                            ->  Hash  (cost=61281.12..61281.12 rows=2528312 width=21) (actual time=1013.087..1013.087 rows=2528312 loops=1)
                                                  Buckets: 4194304  Batches: 1  Memory Usage: 168637kB
                                                  ->  Seq Scan on title t  (cost=0.00..61281.12 rows=2528312 width=21) (actual time=0.010..352.959 rows=2528312 loops=1)
                          ->  Hash  (cost=67851.39..67851.39 rows=3140339 width=20) (actual time=1231.207..1231.207 rows=3140339 loops=1)
                                Buckets: 4194304  Batches: 1  Memory Usage: 198037kB
                                ->  Seq Scan on char_name chn  (cost=0.00..67851.39 rows=3140339 width=20) (actual time=0.012..415.514 rows=3140339 loops=1)
                    ->  Hash  (cost=107706.64..107706.64 rows=961555 width=19) (actual time=709.648..709.648 rows=961555 loops=1)
                          Buckets: 1048576  Batches: 1  Memory Usage: 58170kB
                          ->  Seq Scan on name n  (cost=0.00..107706.64 rows=961555 width=19) (actual time=177.234..465.049 rows=961555 loops=1)
                                Filter: ((gender)::text = 'f'::text)
                                Rows Removed by Filter: 3205936
Planning time: 3.311 ms
Execution time: 6356.334 ms
