Aggregate  (cost=605673.31..605673.32 rows=1 width=128) (actual time=6388.160..6388.160 rows=1 loops=1)
  ->  Hash Join  (cost=576677.64..600842.49 rows=483082 width=64) (actual time=5988.567..6250.988 rows=483082 loops=1)
        Hash Cond: (an.person_id = n.id)
        ->  Seq Scan on aka_name an  (cost=0.00..20409.43 rows=901343 width=20) (actual time=0.008..75.393 rows=901343 loops=1)
        ->  Hash  (cost=574508.05..574508.05 rows=173567 width=56) (actual time=5987.123..5987.123 rows=173567 loops=1)
              Buckets: 262144  Batches: 1  Memory Usage: 18048kB
              ->  Hash Join  (cost=433520.91..574508.05 rows=173567 width=56) (actual time=4495.766..5941.744 rows=173567 loops=1)
                    Hash Cond: (ci.person_id = n.id)
                    ->  Hash Join  (cost=313794.83..452589.55 rows=173657 width=37) (actual time=3774.781..5181.864 rows=173657 loops=1)
                          Hash Cond: (ci.person_role_id = chn.id)
                          ->  Hash Join  (cost=206689.21..343090.81 rows=189554 width=25) (actual time=2526.890..3885.135 rows=189554 loops=1)
                                Hash Cond: (ci.movie_id = t.id)
                                ->  Nested Loop  (cost=0.56..134106.26 rows=276166 width=12) (actual time=0.138..1256.076 rows=276166 loops=1)
                                      ->  Seq Scan on role_type rt  (cost=0.00..1.15 rows=1 width=4) (actual time=0.008..0.011 rows=1 loops=1)
                                            Filter: ((role)::text = 'actress'::text)
                                            Rows Removed by Filter: 11
                                      ->  Index Scan using role_id_cast_info on cast_info ci  (cost=0.56..133251.71 rows=85339 width=16) (actual time=0.126..1229.097 rows=276166 loops=1)
                                            Index Cond: (role_id = rt.id)
                                            Filter: (note = ANY ('{(voice),"(voice: Japanese version)","(voice) (uncredited)","(voice: English version)"}'::text[]))
                                            Rows Removed by Filter: 7175807
                                ->  Hash  (cost=192266.17..192266.17 rows=1153798 width=25) (actual time=2521.817..2521.817 rows=1153798 loops=1)
                                      Buckets: 2097152  Batches: 1  Memory Usage: 84892kB
                                      ->  Hash Join  (cost=99878.02..192266.17 rows=1153798 width=25) (actual time=1080.690..2237.155 rows=1153798 loops=1)
                                            Hash Cond: (mc.movie_id = t.id)
                                            ->  Hash Join  (cost=6993.00..84814.45 rows=1153798 width=4) (actual time=50.347..791.651 rows=1153798 loops=1)
                                                  Hash Cond: (mc.company_id = cn.id)
                                                  ->  Seq Scan on movie_companies mc  (cost=0.00..44881.29 rows=2609129 width=8) (actual time=0.008..226.882 rows=2609129 loops=1)
                                                  ->  Hash  (cost=5932.46..5932.46 rows=84843 width=4) (actual time=49.690..49.690 rows=84843 loops=1)
                                                        Buckets: 131072  Batches: 1  Memory Usage: 4007kB
                                                        ->  Seq Scan on company_name cn  (cost=0.00..5932.46 rows=84843 width=4) (actual time=0.007..33.382 rows=84843 loops=1)
                                                              Filter: ((country_code)::text = '[us]'::text)
                                                              Rows Removed by Filter: 150154
                                            ->  Hash  (cost=61281.12..61281.12 rows=2528312 width=21) (actual time=1021.649..1021.649 rows=2528312 loops=1)
                                                  Buckets: 4194304  Batches: 1  Memory Usage: 168637kB
                                                  ->  Seq Scan on title t  (cost=0.00..61281.12 rows=2528312 width=21) (actual time=0.010..355.114 rows=2528312 loops=1)
                          ->  Hash  (cost=67851.39..67851.39 rows=3140339 width=20) (actual time=1239.217..1239.217 rows=3140339 loops=1)
                                Buckets: 4194304  Batches: 1  Memory Usage: 198037kB
                                ->  Seq Scan on char_name chn  (cost=0.00..67851.39 rows=3140339 width=20) (actual time=0.013..417.525 rows=3140339 loops=1)
                    ->  Hash  (cost=107706.64..107706.64 rows=961555 width=19) (actual time=718.212..718.212 rows=961555 loops=1)
                          Buckets: 1048576  Batches: 1  Memory Usage: 58170kB
                          ->  Seq Scan on name n  (cost=0.00..107706.64 rows=961555 width=19) (actual time=178.770..470.780 rows=961555 loops=1)
                                Filter: ((gender)::text = 'f'::text)
                                Rows Removed by Filter: 3205936
Planning time: 3.451 ms
Execution time: 6390.676 ms
