Aggregate  (cost=831002.44..831002.45 rows=1 width=64) (actual time=7353.811..7353.811 rows=1 loops=1)
  ->  Hash Join  (cost=107108.84..831002.39 rows=10 width=33) (actual time=1809.096..7353.749 rows=10 loops=1)
        Hash Cond: (mc.company_type_id = ct.id)
        ->  Nested Loop  (cost=107107.75..831001.19 rows=10 width=37) (actual time=1809.062..7353.705 rows=10 loops=1)
              ->  Nested Loop  (cost=107107.33..830991.83 rows=21 width=41) (actual time=1809.041..7353.541 rows=23 loops=1)
                    ->  Hash Join  (cost=107106.90..830984.31 rows=12 width=41) (actual time=1809.019..7353.380 rows=12 loops=1)
                          Hash Cond: (ci.role_id = rt.id)
                          ->  Nested Loop  (cost=107105.63..830982.90 rows=12 width=45) (actual time=1809.001..7353.342 rows=12 loops=1)
                                ->  Hash Join  (cost=107105.20..830974.26 rows=15 width=24) (actual time=1808.959..7353.058 rows=15 loops=1)
                                      Hash Cond: (ci.person_role_id = chn.id)
                                      ->  Seq Scan on cast_info ci  (cost=0.00..705746.65 rows=1435439 width=12) (actual time=350.841..5803.572 rows=1435439 loops=1)
                                            Filter: (note ~~ '%(producer)%'::text)
                                            Rows Removed by Filter: 34808905
                                      ->  Hash  (cost=67850.96..67850.96 rows=3140339 width=20) (actual time=1447.527..1447.527 rows=3140339 loops=1)
                                            Buckets: 4194304  Batches: 1  Memory Usage: 198037kB
                                            ->  Seq Scan on char_name chn  (cost=0.00..67850.96 rows=3140339 width=20) (actual time=0.025..548.737 rows=3140339 loops=1)
                                ->  Index Scan using title_pkey on title t  (cost=0.43..0.58 rows=1 width=21) (actual time=0.014..0.014 rows=1 loops=15)
                                      Index Cond: (id = ci.movie_id)
                                      Filter: (production_year > 1990)
                                      Rows Removed by Filter: 0
                          ->  Hash  (cost=1.12..1.12 rows=12 width=4) (actual time=0.007..0.007 rows=12 loops=1)
                                Buckets: 1024  Batches: 1  Memory Usage: 9kB
                                ->  Seq Scan on role_type rt  (cost=0.00..1.12 rows=12 width=4) (actual time=0.002..0.005 rows=12 loops=1)
                    ->  Index Scan using movie_id_movie_companies on movie_companies mc  (cost=0.43..0.58 rows=5 width=12) (actual time=0.009..0.011 rows=2 loops=12)
                          Index Cond: (movie_id = t.id)
              ->  Index Scan using company_name_pkey on company_name cn  (cost=0.42..0.45 rows=1 width=4) (actual time=0.006..0.006 rows=0 loops=23)
                    Index Cond: (id = mc.company_id)
                    Filter: ((country_code)::text = '[us]'::text)
                    Rows Removed by Filter: 1
        ->  Hash  (cost=1.04..1.04 rows=4 width=4) (actual time=0.020..0.020 rows=4 loops=1)
              Buckets: 1024  Batches: 1  Memory Usage: 9kB
              ->  Seq Scan on company_type ct  (cost=0.00..1.04 rows=4 width=4) (actual time=0.006..0.007 rows=4 loops=1)
Planning time: 2.909 ms
Execution time: 7358.941 ms
