Aggregate  (cost=6208.01..6208.02 rows=1 width=96) (actual time=217.394..217.395 rows=1 loops=1)
  ->  Nested Loop  (cost=8.33..6207.61 rows=53 width=60) (actual time=3.029..203.168 rows=14899 loops=1)
        ->  Nested Loop  (cost=7.91..6180.52 rows=60 width=45) (actual time=3.023..163.706 rows=14916 loops=1)
              Join Filter: (mc.company_type_id = ct.id)
              Rows Removed by Join Filter: 1782
              ->  Nested Loop  (cost=7.91..6176.36 rows=79 width=49) (actual time=3.018..157.597 rows=15510 loops=1)
                    Join Filter: (ml.movie_id = mc.movie_id)
                    ->  Nested Loop  (cost=7.48..6160.18 rows=28 width=29) (actual time=3.012..144.503 rows=1460 loops=1)
                          Join Filter: (ml.link_type_id = lt.id)
                          Rows Removed by Join Filter: 10576
                          ->  Nested Loop  (cost=7.48..6151.88 rows=28 width=33) (actual time=3.005..142.196 rows=1460 loops=1)
                                Join Filter: (ml.movie_id = t.id)
                                ->  Nested Loop  (cost=7.05..6136.31 rows=31 width=12) (actual time=2.998..138.022 rows=1460 loops=1)
                                      ->  Nested Loop  (cost=6.77..6093.36 rows=101 width=4) (actual time=2.991..77.967 rows=47403 loops=1)
                                            ->  Seq Scan on keyword k  (cost=0.00..2793.84 rows=3 width=4) (actual time=0.977..24.855 rows=3 loops=1)
                                                  Filter: (keyword = ANY ('{sequel,revenge,based-on-novel}'::text[]))
                                                  Rows Removed by Filter: 134167
                                            ->  Bitmap Heap Scan on movie_keyword mk  (cost=6.77..1096.83 rows=301 width=8) (actual time=3.058..15.106 rows=15801 loops=3)
                                                  Recheck Cond: (keyword_id = k.id)
                                                  Heap Blocks: exact=23953
                                                  ->  Bitmap Index Scan on keyword_id_movie_keyword  (cost=0.00..6.69 rows=301 width=0) (actual time=1.633..1.633 rows=15801 loops=3)
                                                        Index Cond: (keyword_id = k.id)
                                      ->  Index Scan using movie_id_movie_link on movie_link ml  (cost=0.29..0.38 rows=5 width=8) (actual time=0.001..0.001 rows=0 loops=47403)
                                            Index Cond: (movie_id = mk.movie_id)
                                ->  Index Scan using title_pkey on title t  (cost=0.43..0.49 rows=1 width=21) (actual time=0.002..0.002 rows=1 loops=1460)
                                      Index Cond: (id = mk.movie_id)
                                      Filter: (production_year > 1950)
                          ->  Materialize  (cost=0.00..1.27 rows=18 width=4) (actual time=0.000..0.001 rows=8 loops=1460)
                                ->  Seq Scan on link_type lt  (cost=0.00..1.18 rows=18 width=4) (actual time=0.004..0.006 rows=16 loops=1)
                    ->  Index Scan using movie_id_movie_companies on movie_companies mc  (cost=0.43..0.54 rows=3 width=36) (actual time=0.002..0.006 rows=11 loops=1460)
                          Index Cond: (movie_id = mk.movie_id)
                          Filter: (note IS NOT NULL)
                          Rows Removed by Filter: 2
              ->  Materialize  (cost=0.00..1.06 rows=3 width=4) (actual time=0.000..0.000 rows=1 loops=15510)
                    ->  Seq Scan on company_type ct  (cost=0.00..1.05 rows=3 width=4) (actual time=0.004..0.005 rows=3 loops=1)
                          Filter: ((kind IS NOT NULL) AND ((kind)::text <> 'production companies'::text))
                          Rows Removed by Filter: 1
        ->  Index Scan using company_name_pkey on company_name cn  (cost=0.42..0.45 rows=1 width=23) (actual time=0.002..0.002 rows=1 loops=14916)
              Index Cond: (id = mc.company_id)
              Filter: ((country_code)::text <> '[pl]'::text)
              Rows Removed by Filter: 0
Planning time: 5.257 ms
Execution time: 217.479 ms
