Aggregate  (cost=104200.70..104200.71 rows=1 width=96) (actual time=1511.475..1511.475 rows=1 loops=1)
  ->  Nested Loop  (cost=6057.47..104200.42 rows=38 width=67) (actual time=361.020..1444.559 rows=111101 loops=1)
        Join Filter: (mi.info_type_id = it2.id)
        Rows Removed by Join Filter: 405226
        ->  Seq Scan on info_type it2  (cost=0.00..2.41 rows=1 width=4) (actual time=0.011..0.023 rows=1 loops=1)
              Filter: ((info)::text = 'release dates'::text)
              Rows Removed by Filter: 112
        ->  Nested Loop  (cost=6057.47..104144.14 rows=4309 width=71) (actual time=361.002..1393.653 rows=516327 loops=1)
              ->  Hash Join  (cost=6057.04..103889.92 rows=135 width=35) (actual time=360.987..1059.553 rows=16470 loops=1)
                    Hash Cond: (t.kind_id = kt.id)
                    ->  Nested Loop  (cost=6055.94..103878.07 rows=946 width=39) (actual time=40.217..1050.074 rows=31510 loops=1)
                          ->  Nested Loop  (cost=6055.51..103389.49 rows=946 width=14) (actual time=40.208..950.868 rows=31510 loops=1)
                                Join Filter: (miidx.info_type_id = it.id)
                                Rows Removed by Join Filter: 63058
                                ->  Seq Scan on info_type it  (cost=0.00..2.41 rows=1 width=4) (actual time=0.011..0.014 rows=1 loops=1)
                                      Filter: ((info)::text = 'rating'::text)
                                      Rows Removed by Filter: 112
                                ->  Nested Loop  (cost=6055.51..102050.83 rows=106900 width=18) (actual time=40.195..937.795 rows=94568 loops=1)
                                      ->  Hash Join  (cost=6055.08..82498.48 rows=37033 width=4) (actual time=40.015..742.683 rows=71294 loops=1)
                                            Hash Cond: (mc.company_id = cn.id)
                                            ->  Nested Loop  (cost=0.43..59590.99 rows=1334883 width=8) (actual time=0.015..535.043 rows=1334883 loops=1)
                                                  ->  Seq Scan on company_type ct  (cost=0.00..1.05 rows=1 width=4) (actual time=0.002..0.012 rows=1 loops=1)
                                                        Filter: ((kind)::text = 'production companies'::text)
                                                        Rows Removed by Filter: 3
                                                  ->  Index Scan using company_type_id_movie_companies on movie_companies mc  (cost=0.43..46544.30 rows=1304564 width=12) (actual time=0.012..318.451 rows=1334883 loops=1)
                                                        Index Cond: (company_type_id = ct.id)
                                            ->  Hash  (cost=5932.46..5932.46 rows=9775 width=4) (actual time=39.842..39.842 rows=9775 loops=1)
                                                  Buckets: 16384  Batches: 1  Memory Usage: 472kB
                                                  ->  Seq Scan on company_name cn  (cost=0.00..5932.46 rows=9775 width=4) (actual time=0.006..38.329 rows=9775 loops=1)
                                                        Filter: ((country_code)::text = '[de]'::text)
                                                        Rows Removed by Filter: 225222
                                      ->  Index Scan using movie_id_movie_info_idx on movie_info_idx miidx  (cost=0.43..0.50 rows=3 width=14) (actual time=0.002..0.002 rows=1 loops=71294)
                                            Index Cond: (movie_id = mc.movie_id)
                          ->  Index Scan using title_pkey on title t  (cost=0.43..0.52 rows=1 width=25) (actual time=0.003..0.003 rows=1 loops=31510)
                                Index Cond: (id = mc.movie_id)
                    ->  Hash  (cost=1.09..1.09 rows=1 width=4) (actual time=0.005..0.005 rows=1 loops=1)
                          Buckets: 1024  Batches: 1  Memory Usage: 9kB
                          ->  Seq Scan on kind_type kt  (cost=0.00..1.09 rows=1 width=4) (actual time=0.002..0.003 rows=1 loops=1)
                                Filter: ((kind)::text = 'movie'::text)
                                Rows Removed by Filter: 6
              ->  Index Scan using movie_id_movie_info on movie_info mi  (cost=0.43..1.47 rows=41 width=52) (actual time=0.003..0.014 rows=31 loops=16470)
                    Index Cond: (movie_id = t.id)
Planning time: 7.930 ms
Execution time: 1511.571 ms
