Aggregate  (cost=229519.85..229519.86 rows=1 width=96) (actual time=5266.781..5266.781 rows=1 loops=1)
  ->  Nested Loop  (cost=96367.45..229481.73 rows=5083 width=42) (actual time=1581.358..4882.823 rows=670390 loops=1)
        Join Filter: (mi.info_type_id = it2.id)
        Rows Removed by Join Filter: 3646194
        ->  Seq Scan on info_type it2  (cost=0.00..2.41 rows=1 width=4) (actual time=0.012..0.031 rows=1 loops=1)
              Filter: ((info)::text = 'release dates'::text)
              Rows Removed by Filter: 112
        ->  Nested Loop  (cost=96367.45..229157.93 rows=25711 width=46) (actual time=1581.332..4488.737 rows=4316584 loops=1)
              ->  Hash Join  (cost=96367.02..162296.85 rows=35505 width=54) (actual time=1581.286..2165.921 rows=87293 loops=1)
                    Hash Cond: (mc.company_id = cn.id)
                    ->  Hash Join  (cost=89374.02..154250.17 rows=83460 width=39) (actual time=1517.888..1999.635 rows=302610 loops=1)
                          Hash Cond: (mc.company_type_id = ct.id)
                          ->  Hash Join  (cost=89372.96..146204.20 rows=773084 width=43) (actual time=998.891..1866.533 rows=773084 loops=1)
                                Hash Cond: (mc.movie_id = t.id)
                                ->  Seq Scan on movie_companies mc  (cost=0.00..44881.29 rows=2609129 width=12) (actual time=0.007..287.987 rows=2609129 loops=1)
                                ->  Hash  (cost=86749.46..86749.46 rows=209880 width=31) (actual time=883.769..883.769 rows=209880 loops=1)
                                      Buckets: 262144  Batches: 1  Memory Usage: 15015kB
                                      ->  Hash Join  (cost=68118.97..86749.46 rows=209880 width=31) (actual time=593.407..823.544 rows=209880 loops=1)
                                            Hash Cond: (miidx.movie_id = t.id)
                                            ->  Nested Loop  (cost=6462.25..22162.36 rows=459925 width=10) (actual time=26.093..188.233 rows=459925 loops=1)
                                                  ->  Seq Scan on info_type it  (cost=0.00..2.41 rows=1 width=4) (actual time=0.026..0.037 rows=1 loops=1)
                                                        Filter: ((info)::text = 'rating'::text)
                                                        Rows Removed by Filter: 112
                                                  ->  Bitmap Heap Scan on movie_info_idx miidx  (cost=6462.25..18709.86 rows=345009 width=14) (actual time=26.061..111.958 rows=459925 loops=1)
                                                        Recheck Cond: (info_type_id = it.id)
                                                        Heap Blocks: exact=7934
                                                        ->  Bitmap Index Scan on info_type_id_movie_info_idx  (cost=0.00..6375.99 rows=345009 width=0) (actual time=24.568..24.568 rows=459925 loops=1)
                                                              Index Cond: (info_type_id = it.id)
                                            ->  Hash  (cost=53371.41..53371.41 rows=662825 width=21) (actual time=461.256..461.256 rows=662825 loops=1)
                                                  Buckets: 1048576  Batches: 1  Memory Usage: 44421kB
                                                  ->  Nested Loop  (cost=7890.42..53371.41 rows=662825 width=21) (actual time=38.946..281.599 rows=662825 loops=1)
                                                        ->  Seq Scan on kind_type kt  (cost=0.00..1.09 rows=1 width=4) (actual time=0.009..0.021 rows=1 loops=1)
                                                              Filter: ((kind)::text = 'movie'::text)
                                                              Rows Removed by Filter: 6
                                                        ->  Bitmap Heap Scan on title t  (cost=7890.42..49156.14 rows=421418 width=25) (actual time=38.932..175.268 rows=662825 loops=1)
                                                              Recheck Cond: (kind_id = kt.id)
                                                              Heap Blocks: exact=12863
                                                              ->  Bitmap Index Scan on kind_id_title  (cost=0.00..7785.07 rows=421418 width=0) (actual time=36.559..36.559 rows=662825 loops=1)
                                                                    Index Cond: (kind_id = kt.id)
                          ->  Hash  (cost=1.05..1.05 rows=1 width=4) (actual time=0.008..0.008 rows=1 loops=1)
                                Buckets: 1024  Batches: 1  Memory Usage: 9kB
                                ->  Seq Scan on company_type ct  (cost=0.00..1.05 rows=1 width=4) (actual time=0.006..0.007 rows=1 loops=1)
                                      Filter: ((kind)::text = 'production companies'::text)
                                      Rows Removed by Filter: 3
                    ->  Hash  (cost=5932.46..5932.46 rows=84843 width=23) (actual time=63.270..63.270 rows=84843 loops=1)
                          Buckets: 131072  Batches: 1  Memory Usage: 5810kB
                          ->  Seq Scan on company_name cn  (cost=0.00..5932.46 rows=84843 width=23) (actual time=0.008..46.303 rows=84843 loops=1)
                                Filter: ((country_code)::text = '[us]'::text)
                                Rows Removed by Filter: 150154
              ->  Index Scan using movie_id_movie_info on movie_info mi  (cost=0.43..1.47 rows=41 width=8) (actual time=0.004..0.018 rows=49 loops=87293)
                    Index Cond: (movie_id = t.id)
Planning time: 7.607 ms
Execution time: 5267.967 ms
