Aggregate  (cost=13459.23..13459.24 rows=1 width=64) (actual time=112.522..112.522 rows=1 loops=1)
  ->  Nested Loop  (cost=8.06..13459.22 rows=1 width=23) (actual time=58.308..112.514 rows=1 loops=1)
        Join Filter: (mi_idx.info_type_id = it2.id)
        ->  Nested Loop  (cost=8.06..13456.80 rows=1 width=27) (actual time=58.294..112.500 rows=1 loops=1)
              Join Filter: (t.id = mi_idx.movie_id)
              ->  Nested Loop  (cost=7.63..13456.29 rows=1 width=29) (actual time=17.837..112.456 rows=6 loops=1)
                    Join Filter: (mi.info_type_id = it1.id)
                    ->  Nested Loop  (cost=7.63..13453.86 rows=1 width=33) (actual time=17.828..112.419 rows=6 loops=1)
                          Join Filter: (t.id = mi.movie_id)
                          ->  Nested Loop  (cost=7.20..13451.99 rows=1 width=25) (actual time=17.811..112.203 rows=10 loops=1)
                                Join Filter: (t.kind_id = kt.id)
                                Rows Removed by Join Filter: 5
                                ->  Seq Scan on kind_type kt  (cost=0.00..1.09 rows=1 width=4) (actual time=0.005..0.007 rows=1 loops=1)
                                      Filter: ((kind)::text = 'movie'::text)
                                      Rows Removed by Filter: 6
                                ->  Nested Loop  (cost=7.20..13450.85 rows=4 width=29) (actual time=6.524..112.190 rows=15 loops=1)
                                      ->  Nested Loop  (cost=6.77..3739.98 rows=19528 width=4) (actual time=5.870..48.648 rows=19528 loops=1)
                                            ->  Seq Scan on keyword k  (cost=0.00..2626.12 rows=1 width=4) (actual time=1.262..21.915 rows=1 loops=1)
                                                  Filter: (keyword = ANY ('{murder,murder-in-title}'::text[]))
                                                  Rows Removed by Filter: 134169
                                            ->  Bitmap Heap Scan on movie_keyword mk  (cost=6.77..1110.84 rows=301 width=8) (actual time=4.606..23.559 rows=19528 loops=1)
                                                  Recheck Cond: (keyword_id = k.id)
                                                  Heap Blocks: exact=12389
                                                  ->  Bitmap Index Scan on keyword_id_movie_keyword  (cost=0.00..6.69 rows=301 width=0) (actual time=2.346..2.346 rows=19528 loops=1)
                                                        Index Cond: (keyword_id = k.id)
                                      ->  Index Scan using title_pkey on title t  (cost=0.43..0.50 rows=1 width=25) (actual time=0.003..0.003 rows=0 loops=19528)
                                            Index Cond: (id = mk.movie_id)
                                            Filter: ((production_year > 2010) AND ((title ~~ '%murder%'::text) OR (title ~~ '%Murder%'::text) OR (title ~~ '%Mord%'::text)))
                                            Rows Removed by Filter: 1
                          ->  Index Scan using movie_id_movie_info on movie_info mi  (cost=0.43..1.84 rows=2 width=8) (actual time=0.019..0.021 rows=1 loops=10)
                                Index Cond: (movie_id = mk.movie_id)
                                Filter: (info = ANY ('{Sweden,Norway,Germany,Denmark,Swedish,Denish,Norwegian,German,USA,American}'::text[]))
                                Rows Removed by Filter: 12
                    ->  Seq Scan on info_type it1  (cost=0.00..2.41 rows=1 width=4) (actual time=0.005..0.005 rows=1 loops=6)
                          Filter: ((info)::text = 'countries'::text)
                          Rows Removed by Filter: 7
              ->  Index Scan using movie_id_movie_info_idx on movie_info_idx mi_idx  (cost=0.43..0.50 rows=1 width=14) (actual time=0.006..0.007 rows=0 loops=6)
                    Index Cond: (movie_id = mk.movie_id)
                    Filter: (info > '6.0'::text)
                    Rows Removed by Filter: 1
        ->  Seq Scan on info_type it2  (cost=0.00..2.41 rows=1 width=4) (actual time=0.012..0.012 rows=1 loops=1)
              Filter: ((info)::text = 'rating'::text)
              Rows Removed by Filter: 100
Planning time: 5.163 ms
Execution time: 112.611 ms
