Aggregate  (cost=88038.49..88038.50 rows=1 width=64) (actual time=988.649..988.649 rows=1 loops=1)
  ->  Nested Loop  (cost=6979.64..88038.41 rows=17 width=61) (actual time=73.817..988.328 rows=328 loops=1)
        ->  Nested Loop  (cost=6979.22..88030.95 rows=17 width=65) (actual time=73.793..987.077 rows=328 loops=1)
              ->  Nested Loop  (cost=6978.78..88029.15 rows=1 width=77) (actual time=69.663..986.633 rows=57 loops=1)
                    ->  Nested Loop  (cost=6978.65..88028.99 rows=1 width=81) (actual time=69.655..986.485 rows=57 loops=1)
                          ->  Nested Loop  (cost=6978.51..88028.48 rows=2 width=85) (actual time=69.646..986.327 rows=57 loops=1)
                                ->  Nested Loop  (cost=6978.08..82966.69 rows=2596 width=33) (actual time=60.603..848.120 rows=5134 loops=1)
                                      ->  Nested Loop  (cost=6977.65..78497.56 rows=4715 width=12) (actual time=60.587..796.368 rows=13699 loops=1)
                                            ->  Hash Join  (cost=6977.22..65125.53 rows=6236 width=8) (actual time=60.178..638.895 rows=43837 loops=1)
                                                  Hash Cond: (mc.company_id = cn.id)
                                                  ->  Seq Scan on movie_companies mc  (cost=0.00..57926.93 rows=17534 width=12) (actual time=0.016..555.670 rows=61664 loops=1)
                                                        Filter: ((note ~~ '%(200%)%'::text) AND (note ~~ '%(worldwide)%'::text))
                                                        Rows Removed by Filter: 2547465
                                                  ->  Hash  (cost=5932.46..5932.46 rows=83581 width=4) (actual time=59.874..59.874 rows=84843 loops=1)
                                                        Buckets: 131072  Batches: 1  Memory Usage: 4007kB
                                                        ->  Seq Scan on company_name cn  (cost=0.00..5932.46 rows=83581 width=4) (actual time=0.009..45.524 rows=84843 loops=1)
                                                              Filter: ((country_code)::text = '[us]'::text)
                                                              Rows Removed by Filter: 150154
                                            ->  Index Only Scan using movie_id_aka_title on aka_title at  (cost=0.42..2.11 rows=3 width=4) (actual time=0.003..0.003 rows=0 loops=43837)
                                                  Index Cond: (movie_id = mc.movie_id)
                                                  Heap Fetches: 13699
                                      ->  Index Scan using title_pkey on title t  (cost=0.43..0.95 rows=1 width=21) (actual time=0.003..0.003 rows=0 loops=13699)
                                            Index Cond: (id = at.movie_id)
                                            Filter: (production_year > 2000)
                                            Rows Removed by Filter: 1
                                ->  Index Scan using movie_id_movie_info on movie_info mi  (cost=0.43..1.94 rows=1 width=52) (actual time=0.026..0.027 rows=0 loops=5134)
                                      Index Cond: (movie_id = t.id)
                                      Filter: ((note ~~ '%internet%'::text) AND (info ~~ 'USA:% 200%'::text))
                                      Rows Removed by Filter: 72
                          ->  Index Scan using info_type_pkey on info_type it1  (cost=0.14..0.22 rows=1 width=4) (actual time=0.002..0.002 rows=1 loops=57)
                                Index Cond: (id = mi.info_type_id)
                                Filter: ((info)::text = 'release dates'::text)
                    ->  Index Only Scan using company_type_pkey on company_type ct  (cost=0.13..0.15 rows=1 width=4) (actual time=0.002..0.002 rows=1 loops=57)
                          Index Cond: (id = mc.company_type_id)
                          Heap Fetches: 57
              ->  Index Scan using movie_id_movie_keyword on movie_keyword mk  (cost=0.43..1.34 rows=46 width=8) (actual time=0.004..0.006 rows=6 loops=57)
                    Index Cond: (movie_id = t.id)
        ->  Index Only Scan using keyword_pkey on keyword k  (cost=0.42..0.44 rows=1 width=4) (actual time=0.003..0.003 rows=1 loops=328)
              Index Cond: (id = mk.keyword_id)
              Heap Fetches: 328
Planning time: 12.143 ms
Execution time: 988.763 ms
