Aggregate  (cost=107440.55..107440.56 rows=1 width=64) (actual time=961.440..961.440 rows=1 loops=1)
  ->  Nested Loop  (cost=21319.97..107440.47 rows=17 width=61) (actual time=199.894..961.127 rows=328 loops=1)
        ->  Nested Loop  (cost=21319.55..107433.01 rows=17 width=65) (actual time=199.882..959.964 rows=328 loops=1)
              ->  Nested Loop  (cost=21319.12..107431.20 rows=1 width=77) (actual time=196.290..959.540 rows=57 loops=1)
                    ->  Nested Loop  (cost=21318.99..107431.05 rows=1 width=81) (actual time=196.281..959.390 rows=57 loops=1)
                          Join Filter: (mi.info_type_id = it1.id)
                          ->  Seq Scan on info_type it1  (cost=0.00..2.41 rows=1 width=4) (actual time=0.011..0.028 rows=1 loops=1)
                                Filter: ((info)::text = 'release dates'::text)
                                Rows Removed by Filter: 112
                          ->  Nested Loop  (cost=21318.99..107428.15 rows=39 width=85) (actual time=196.268..959.337 rows=57 loops=1)
                                ->  Nested Loop  (cost=21318.55..97394.57 rows=5134 width=33) (actual time=188.645..824.928 rows=5134 loops=1)
                                      ->  Hash Join  (cost=21318.12..84409.93 rows=13699 width=12) (actual time=188.619..777.912 rows=13699 loops=1)
                                            Hash Cond: (mc.movie_id = at.movie_id)
                                            ->  Hash Join  (cost=6993.00..65698.44 rows=43837 width=8) (actual time=59.212..627.623 rows=43837 loops=1)
                                                  Hash Cond: (mc.company_id = cn.id)
                                                  ->  Seq Scan on movie_companies mc  (cost=0.00..57926.93 rows=61664 width=12) (actual time=0.007..548.572 rows=61664 loops=1)
                                                        Filter: ((note ~~ '%(200%)%'::text) AND (note ~~ '%(worldwide)%'::text))
                                                        Rows Removed by Filter: 2547465
                                                  ->  Hash  (cost=5932.46..5932.46 rows=84843 width=4) (actual time=59.062..59.062 rows=84843 loops=1)
                                                        Buckets: 131072  Batches: 1  Memory Usage: 4007kB
                                                        ->  Seq Scan on company_name cn  (cost=0.00..5932.46 rows=84843 width=4) (actual time=0.009..45.385 rows=84843 loops=1)
                                                              Filter: ((country_code)::text = '[us]'::text)
                                                              Rows Removed by Filter: 150154
                                            ->  Hash  (cost=9806.72..9806.72 rows=361472 width=4) (actual time=128.494..128.494 rows=361472 loops=1)
                                                  Buckets: 524288  Batches: 1  Memory Usage: 16804kB
                                                  ->  Seq Scan on aka_title at  (cost=0.00..9806.72 rows=361472 width=4) (actual time=0.009..68.384 rows=361472 loops=1)
                                      ->  Index Scan using title_pkey on title t  (cost=0.43..0.95 rows=1 width=21) (actual time=0.003..0.003 rows=0 loops=13699)
                                            Index Cond: (id = at.movie_id)
                                            Filter: (production_year > 2000)
                                            Rows Removed by Filter: 1
                                ->  Index Scan using movie_id_movie_info on movie_info mi  (cost=0.43..1.94 rows=1 width=52) (actual time=0.026..0.026 rows=0 loops=5134)
                                      Index Cond: (movie_id = t.id)
                                      Filter: ((note ~~ '%internet%'::text) AND (info ~~ 'USA:% 200%'::text))
                                      Rows Removed by Filter: 72
                    ->  Index Only Scan using company_type_pkey on company_type ct  (cost=0.13..0.15 rows=1 width=4) (actual time=0.002..0.002 rows=1 loops=57)
                          Index Cond: (id = mc.company_type_id)
                          Heap Fetches: 57
              ->  Index Scan using movie_id_movie_keyword on movie_keyword mk  (cost=0.43..1.34 rows=46 width=8) (actual time=0.004..0.006 rows=6 loops=57)
                    Index Cond: (movie_id = t.id)
        ->  Index Only Scan using keyword_pkey on keyword k  (cost=0.42..0.44 rows=1 width=4) (actual time=0.003..0.003 rows=1 loops=328)
              Index Cond: (id = mk.keyword_id)
              Heap Fetches: 328
Planning time: 12.026 ms
Execution time: 961.674 ms
