Aggregate  (cost=178889.97..178889.98 rows=1 width=64) (actual time=827.414..827.414 rows=1 loops=1)
  ->  Nested Loop  (cost=3921.26..178889.42 rows=109 width=61) (actual time=162.714..825.687 rows=2271 loops=1)
        Join Filter: (t.id = at.movie_id)
        ->  Nested Loop  (cost=3920.84..178866.59 rows=44 width=77) (actual time=160.821..808.719 rows=7964 loops=1)
              ->  Nested Loop  (cost=3920.42..178847.29 rows=44 width=81) (actual time=160.808..785.099 rows=7964 loops=1)
                    ->  Nested Loop  (cost=3919.99..178841.94 rows=3 width=73) (actual time=160.797..771.878 rows=2647 loops=1)
                          ->  Nested Loop  (cost=3919.86..178841.51 rows=3 width=77) (actual time=160.788..766.875 rows=2647 loops=1)
                                ->  Nested Loop  (cost=3919.44..178837.94 rows=8 width=81) (actual time=160.777..754.683 rows=2884 loops=1)
                                      ->  Nested Loop  (cost=3919.01..178837.31 rows=1 width=69) (actual time=160.765..743.778 rows=1782 loops=1)
                                            ->  Nested Loop  (cost=3918.58..178820.50 rows=2 width=48) (actual time=160.742..731.707 rows=1783 loops=1)
                                                  ->  Seq Scan on info_type it1  (cost=0.00..2.41 rows=1 width=4) (actual time=0.011..0.029 rows=1 loops=1)
                                                        Filter: ((info)::text = 'release dates'::text)
                                                        Rows Removed by Filter: 112
                                                  ->  Bitmap Heap Scan on movie_info mi  (cost=3918.58..178818.05 rows=4 width=52) (actual time=160.728..731.286 rows=1783 loops=1)
                                                        Recheck Cond: (info_type_id = it1.id)
                                                        Filter: ((info IS NOT NULL) AND (note ~~ '%internet%'::text) AND ((info ~~ 'USA:% 199%'::text) OR (info ~~ 'USA:% 200%'::text)))
                                                        Rows Removed by Filter: 3034936
                                                        Heap Blocks: exact=25448
                                                        ->  Bitmap Index Scan on info_type_id_movie_info  (cost=0.00..3918.58 rows=212019 width=0) (actual time=155.170..155.170 rows=3036719 loops=1)
                                                              Index Cond: (info_type_id = it1.id)
                                            ->  Index Scan using title_pkey on title t  (cost=0.43..8.40 rows=1 width=21) (actual time=0.006..0.006 rows=1 loops=1783)
                                                  Index Cond: (id = mi.movie_id)
                                                  Filter: (production_year > 1990)
                                                  Rows Removed by Filter: 0
                                      ->  Index Scan using movie_id_movie_companies on movie_companies mc  (cost=0.43..0.58 rows=5 width=12) (actual time=0.004..0.005 rows=2 loops=1782)
                                            Index Cond: (movie_id = t.id)
                                ->  Index Scan using company_name_pkey on company_name cn  (cost=0.42..0.45 rows=1 width=4) (actual time=0.004..0.004 rows=1 loops=2884)
                                      Index Cond: (id = mc.company_id)
                                      Filter: ((country_code)::text = '[us]'::text)
                                      Rows Removed by Filter: 0
                          ->  Index Only Scan using company_type_pkey on company_type ct  (cost=0.13..0.15 rows=1 width=4) (actual time=0.001..0.001 rows=1 loops=2647)
                                Index Cond: (id = mc.company_type_id)
                                Heap Fetches: 2647
                    ->  Index Scan using movie_id_movie_keyword on movie_keyword mk  (cost=0.43..1.32 rows=46 width=8) (actual time=0.003..0.004 rows=3 loops=2647)
                          Index Cond: (movie_id = t.id)
              ->  Index Only Scan using keyword_pkey on keyword k  (cost=0.42..0.44 rows=1 width=4) (actual time=0.002..0.002 rows=1 loops=7964)
                    Index Cond: (id = mk.keyword_id)
                    Heap Fetches: 7964
        ->  Index Only Scan using movie_id_aka_title on aka_title at  (cost=0.42..0.48 rows=3 width=4) (actual time=0.002..0.002 rows=0 loops=7964)
              Index Cond: (movie_id = mk.movie_id)
              Heap Fetches: 2271
Planning time: 12.770 ms
Execution time: 827.521 ms
