Aggregate  (cost=179855.86..179855.87 rows=1 width=64) (actual time=1050.855..1050.855 rows=1 loops=1)
  ->  Nested Loop  (cost=3922.25..179839.75 rows=3222 width=38) (actual time=164.034..1044.350 rows=11347 loops=1)
        Join Filter: (t.id = at.movie_id)
        ->  Nested Loop  (cost=3921.83..179174.06 rows=1283 width=33) (actual time=161.547..985.780 rows=25564 loops=1)
              ->  Nested Loop  (cost=3921.41..178611.11 rows=1283 width=37) (actual time=161.535..911.810 rows=25564 loops=1)
                    ->  Hash Join  (cost=3920.98..178429.42 rows=102 width=29) (actual time=161.524..868.326 rows=9857 loops=1)
                          Hash Cond: (mc.company_type_id = ct.id)
                          ->  Nested Loop  (cost=3919.89..178427.27 rows=102 width=33) (actual time=161.503..863.801 rows=9857 loops=1)
                                ->  Nested Loop  (cost=3919.47..178300.19 rows=285 width=37) (actual time=161.491..811.745 rows=14377 loops=1)
                                      ->  Nested Loop  (cost=3919.04..178267.61 rows=52 width=25) (actual time=161.478..763.339 rows=10662 loops=1)
                                            ->  Nested Loop  (cost=3918.61..177761.61 rows=75 width=4) (actual time=161.455..711.266 rows=10679 loops=1)
                                                  ->  Seq Scan on info_type it1  (cost=0.00..2.41 rows=1 width=4) (actual time=0.006..0.022 rows=1 loops=1)
                                                        Filter: ((info)::text = 'release dates'::text)
                                                        Rows Removed by Filter: 112
                                                  ->  Bitmap Heap Scan on movie_info mi  (cost=3918.61..177757.98 rows=121 width=8) (actual time=161.445..709.503 rows=10679 loops=1)
                                                        Recheck Cond: (info_type_id = it1.id)
                                                        Filter: (note ~~ '%internet%'::text)
                                                        Rows Removed by Filter: 3026040
                                                        Heap Blocks: exact=25448
                                                        ->  Bitmap Index Scan on info_type_id_movie_info  (cost=0.00..3918.58 rows=212019 width=0) (actual time=156.049..156.049 rows=3036719 loops=1)
                                                              Index Cond: (info_type_id = it1.id)
                                            ->  Index Scan using title_pkey on title t  (cost=0.43..6.75 rows=1 width=21) (actual time=0.004..0.004 rows=1 loops=10679)
                                                  Index Cond: (id = mi.movie_id)
                                                  Filter: (production_year > 1990)
                                                  Rows Removed by Filter: 0
                                      ->  Index Scan using movie_id_movie_companies on movie_companies mc  (cost=0.43..0.58 rows=5 width=12) (actual time=0.003..0.004 rows=1 loops=10662)
                                            Index Cond: (movie_id = t.id)
                                ->  Index Scan using company_name_pkey on company_name cn  (cost=0.42..0.45 rows=1 width=4) (actual time=0.003..0.003 rows=1 loops=14377)
                                      Index Cond: (id = mc.company_id)
                                      Filter: ((country_code)::text = '[us]'::text)
                                      Rows Removed by Filter: 0
                          ->  Hash  (cost=1.04..1.04 rows=4 width=4) (actual time=0.013..0.013 rows=4 loops=1)
                                Buckets: 1024  Batches: 1  Memory Usage: 9kB
                                ->  Seq Scan on company_type ct  (cost=0.00..1.04 rows=4 width=4) (actual time=0.007..0.008 rows=4 loops=1)
                    ->  Index Scan using movie_id_movie_keyword on movie_keyword mk  (cost=0.43..1.32 rows=46 width=8) (actual time=0.003..0.003 rows=3 loops=9857)
                          Index Cond: (movie_id = t.id)
              ->  Index Only Scan using keyword_pkey on keyword k  (cost=0.42..0.44 rows=1 width=4) (actual time=0.002..0.002 rows=1 loops=25564)
                    Index Cond: (id = mk.keyword_id)
                    Heap Fetches: 25564
        ->  Index Scan using movie_id_aka_title on aka_title at  (cost=0.42..0.48 rows=3 width=25) (actual time=0.002..0.002 rows=0 loops=25564)
              Index Cond: (movie_id = mk.movie_id)
Planning time: 11.962 ms
Execution time: 1050.944 ms
