Aggregate  (cost=180409.45..180409.46 rows=1 width=64) (actual time=1047.786..1047.786 rows=1 loops=1)
  ->  Nested Loop  (cost=3922.25..180388.78 rows=4134 width=38) (actual time=163.948..1041.369 rows=11347 loops=1)
        Join Filter: (t.id = at.movie_id)
        ->  Nested Loop  (cost=3921.83..179536.30 rows=1643 width=33) (actual time=161.466..982.921 rows=25564 loops=1)
              ->  Nested Loop  (cost=3921.41..178815.40 rows=1643 width=37) (actual time=161.454..909.724 rows=25564 loops=1)
                    ->  Hash Join  (cost=3920.98..178583.76 rows=130 width=29) (actual time=161.445..867.149 rows=9857 loops=1)
                          Hash Cond: (mc.company_type_id = ct.id)
                          ->  Nested Loop  (cost=3919.89..178581.32 rows=130 width=33) (actual time=161.427..862.625 rows=9857 loops=1)
                                ->  Nested Loop  (cost=3919.47..178419.90 rows=362 width=37) (actual time=161.415..810.885 rows=14377 loops=1)
                                      ->  Nested Loop  (cost=3919.04..178378.53 rows=66 width=25) (actual time=161.403..762.676 rows=10662 loops=1)
                                            ->  Nested Loop  (cost=3918.61..177761.61 rows=96 width=4) (actual time=161.376..710.986 rows=10679 loops=1)
                                                  ->  Seq Scan on info_type it1  (cost=0.00..2.41 rows=1 width=4) (actual time=0.008..0.026 rows=1 loops=1)
                                                        Filter: ((info)::text = 'release dates'::text)
                                                        Rows Removed by Filter: 112
                                                  ->  Bitmap Heap Scan on movie_info mi  (cost=3918.61..177757.98 rows=121 width=8) (actual time=161.365..709.242 rows=10679 loops=1)
                                                        Recheck Cond: (info_type_id = it1.id)
                                                        Filter: (note ~~ '%internet%'::text)
                                                        Rows Removed by Filter: 3026040
                                                        Heap Blocks: exact=25448
                                                        ->  Bitmap Index Scan on info_type_id_movie_info  (cost=0.00..3918.58 rows=212019 width=0) (actual time=155.971..155.971 rows=3036719 loops=1)
                                                              Index Cond: (info_type_id = it1.id)
                                            ->  Index Scan using title_pkey on title t  (cost=0.43..6.43 rows=1 width=21) (actual time=0.004..0.004 rows=1 loops=10679)
                                                  Index Cond: (id = mi.movie_id)
                                                  Filter: (production_year > 1990)
                                                  Rows Removed by Filter: 0
                                      ->  Index Scan using movie_id_movie_companies on movie_companies mc  (cost=0.43..0.58 rows=5 width=12) (actual time=0.003..0.004 rows=1 loops=10662)
                                            Index Cond: (movie_id = t.id)
                                ->  Index Scan using company_name_pkey on company_name cn  (cost=0.42..0.45 rows=1 width=4) (actual time=0.003..0.003 rows=1 loops=14377)
                                      Index Cond: (id = mc.company_id)
                                      Filter: ((country_code)::text = '[us]'::text)
                                      Rows Removed by Filter: 0
                          ->  Hash  (cost=1.04..1.04 rows=4 width=4) (actual time=0.009..0.009 rows=4 loops=1)
                                Buckets: 1024  Batches: 1  Memory Usage: 9kB
                                ->  Seq Scan on company_type ct  (cost=0.00..1.04 rows=4 width=4) (actual time=0.005..0.006 rows=4 loops=1)
                    ->  Index Scan using movie_id_movie_keyword on movie_keyword mk  (cost=0.43..1.32 rows=46 width=8) (actual time=0.003..0.003 rows=3 loops=9857)
                          Index Cond: (movie_id = t.id)
              ->  Index Only Scan using keyword_pkey on keyword k  (cost=0.42..0.44 rows=1 width=4) (actual time=0.002..0.002 rows=1 loops=25564)
                    Index Cond: (id = mk.keyword_id)
                    Heap Fetches: 25564
        ->  Index Scan using movie_id_aka_title on aka_title at  (cost=0.42..0.48 rows=3 width=25) (actual time=0.002..0.002 rows=0 loops=25564)
              Index Cond: (movie_id = mk.movie_id)
Planning time: 11.981 ms
Execution time: 1047.875 ms
