Aggregate  (cost=35985.39..35985.40 rows=1 width=64) (actual time=250.744..250.744 rows=1 loops=1)
  ->  Hash Join  (cost=7002.05..35484.65 rows=100147 width=33) (actual time=69.865..250.457 rows=385 loops=1)
        Hash Cond: (mc.company_id = cn.id)
        ->  Nested Loop  (cost=9.05..25476.72 rows=238807 width=37) (actual time=9.894..190.667 rows=898 loops=1)
              Join Filter: (an.person_id = n.id)
              ->  Nested Loop  (cost=8.62..25056.63 rows=898 width=45) (actual time=9.883..187.558 rows=898 loops=1)
                    ->  Nested Loop  (cost=8.19..24532.24 rows=1089 width=25) (actual time=9.876..183.637 rows=1089 loops=1)
                          Join Filter: (t.id = ci.movie_id)
                          ->  Nested Loop  (cost=7.63..24424.98 rows=54 width=33) (actual time=9.864..182.025 rows=54 loops=1)
                                Join Filter: (t.id = mc.movie_id)
                                ->  Nested Loop  (cost=7.20..24336.96 rows=146 width=25) (actual time=8.812..181.561 rows=146 loops=1)
                                      ->  Nested Loop  (cost=6.77..3739.98 rows=41840 width=4) (actual time=6.215..51.125 rows=41840 loops=1)
                                            ->  Seq Scan on keyword k  (cost=0.00..2626.12 rows=1 width=4) (actual time=0.631..14.536 rows=1 loops=1)
                                                  Filter: (keyword = 'character-name-in-title'::text)
                                                  Rows Removed by Filter: 134169
                                            ->  Bitmap Heap Scan on movie_keyword mk  (cost=6.77..1110.84 rows=301 width=8) (actual time=5.582..30.137 rows=41840 loops=1)
                                                  Recheck Cond: (keyword_id = k.id)
                                                  Heap Blocks: exact=11541
                                                  ->  Bitmap Index Scan on keyword_id_movie_keyword  (cost=0.00..6.69 rows=301 width=0) (actual time=3.440..3.440 rows=41840 loops=1)
                                                        Index Cond: (keyword_id = k.id)
                                      ->  Index Scan using title_pkey on title t  (cost=0.43..0.49 rows=1 width=21) (actual time=0.003..0.003 rows=0 loops=41840)
                                            Index Cond: (id = mk.movie_id)
                                            Filter: ((episode_nr >= 50) AND (episode_nr < 100))
                                            Rows Removed by Filter: 1
                                ->  Index Scan using movie_id_movie_companies on movie_companies mc  (cost=0.43..0.54 rows=5 width=8) (actual time=0.002..0.003 rows=0 loops=146)
                                      Index Cond: (movie_id = mk.movie_id)
                          ->  Index Scan using movie_id_cast_info on cast_info ci  (cost=0.56..1.52 rows=37 width=8) (actual time=0.006..0.024 rows=20 loops=54)
                                Index Cond: (movie_id = mk.movie_id)
                    ->  Index Scan using person_id_aka_name on aka_name an  (cost=0.42..0.46 rows=2 width=20) (actual time=0.003..0.003 rows=1 loops=1089)
                          Index Cond: (person_id = ci.person_id)
              ->  Index Only Scan using name_pkey on name n  (cost=0.43..0.46 rows=1 width=4) (actual time=0.003..0.003 rows=1 loops=898)
                    Index Cond: (id = ci.person_id)
                    Heap Fetches: 898
        ->  Hash  (cost=5932.46..5932.46 rows=84843 width=4) (actual time=59.354..59.354 rows=84843 loops=1)
              Buckets: 131072  Batches: 1  Memory Usage: 4007kB
              ->  Seq Scan on company_name cn  (cost=0.00..5932.46 rows=84843 width=4) (actual time=0.008..45.704 rows=84843 loops=1)
                    Filter: ((country_code)::text = '[us]'::text)
                    Rows Removed by Filter: 150154
Planning time: 6.275 ms
Execution time: 250.863 ms
