Aggregate  (cost=26662.59..26662.60 rows=1 width=64) (actual time=192.631..192.631 rows=1 loops=1)
  ->  Nested Loop  (cost=9.47..26662.43 rows=32 width=33) (actual time=10.712..192.377 rows=385 loops=1)
        Join Filter: (n.id = an.person_id)
        ->  Nested Loop  (cost=9.04..26649.30 rows=27 width=25) (actual time=10.704..190.962 rows=323 loops=1)
              ->  Nested Loop  (cost=8.61..26637.00 rows=27 width=21) (actual time=10.695..189.428 rows=323 loops=1)
                    ->  Nested Loop  (cost=8.19..26604.01 rows=74 width=25) (actual time=10.460..186.739 rows=1089 loops=1)
                          ->  Nested Loop  (cost=7.76..26579.48 rows=43 width=33) (actual time=8.750..183.739 rows=1173 loops=1)
                                Join Filter: (t.id = ci.movie_id)
                                ->  Nested Loop  (cost=7.20..24336.96 rows=1129 width=25) (actual time=8.738..181.464 rows=146 loops=1)
                                      ->  Nested Loop  (cost=6.77..3739.98 rows=41840 width=4) (actual time=6.162..51.203 rows=41840 loops=1)
                                            ->  Seq Scan on keyword k  (cost=0.00..2626.12 rows=1 width=4) (actual time=0.616..14.540 rows=1 loops=1)
                                                  Filter: (keyword = 'character-name-in-title'::text)
                                                  Rows Removed by Filter: 134169
                                            ->  Bitmap Heap Scan on movie_keyword mk  (cost=6.77..1110.84 rows=301 width=8) (actual time=5.543..29.766 rows=41840 loops=1)
                                                  Recheck Cond: (keyword_id = k.id)
                                                  Heap Blocks: exact=11541
                                                  ->  Bitmap Index Scan on keyword_id_movie_keyword  (cost=0.00..6.69 rows=301 width=0) (actual time=3.418..3.418 rows=41840 loops=1)
                                                        Index Cond: (keyword_id = k.id)
                                      ->  Index Scan using title_pkey on title t  (cost=0.43..0.49 rows=1 width=21) (actual time=0.003..0.003 rows=0 loops=41840)
                                            Index Cond: (id = mk.movie_id)
                                            Filter: ((episode_nr >= 50) AND (episode_nr < 100))
                                            Rows Removed by Filter: 1
                                ->  Index Scan using movie_id_cast_info on cast_info ci  (cost=0.56..1.52 rows=37 width=8) (actual time=0.004..0.013 rows=8 loops=146)
                                      Index Cond: (movie_id = mk.movie_id)
                          ->  Index Scan using movie_id_movie_companies on movie_companies mc  (cost=0.43..0.52 rows=5 width=8) (actual time=0.002..0.002 rows=1 loops=1173)
                                Index Cond: (movie_id = ci.movie_id)
                    ->  Index Scan using company_name_pkey on company_name cn  (cost=0.42..0.45 rows=1 width=4) (actual time=0.002..0.002 rows=0 loops=1089)
                          Index Cond: (id = mc.company_id)
                          Filter: ((country_code)::text = '[us]'::text)
                          Rows Removed by Filter: 1
              ->  Index Only Scan using name_pkey on name n  (cost=0.43..0.46 rows=1 width=4) (actual time=0.004..0.004 rows=1 loops=323)
                    Index Cond: (id = ci.person_id)
                    Heap Fetches: 323
        ->  Index Scan using person_id_aka_name on aka_name an  (cost=0.42..0.46 rows=2 width=20) (actual time=0.003..0.004 rows=1 loops=323)
              Index Cond: (person_id = ci.person_id)
Planning time: 6.028 ms
Execution time: 192.733 ms
