Aggregate  (cost=465190.20..465190.21 rows=1 width=64) (actual time=9486.373..9486.373 rows=1 loops=1)
  ->  Hash Join  (cost=414469.79..446638.66 rows=3710307 width=33) (actual time=6831.063..8070.026 rows=3710592 loops=1)
        Hash Cond: (an.person_id = n.id)
        ->  Seq Scan on aka_name an  (cost=0.00..20409.43 rows=901343 width=20) (actual time=0.007..118.788 rows=901343 loops=1)
        ->  Hash  (cost=379062.85..379062.85 rows=2832555 width=25) (actual time=6820.694..6820.694 rows=2832555 loops=1)
              Buckets: 4194304  Batches: 1  Memory Usage: 200101kB
              ->  Hash Join  (cost=156384.02..379062.85 rows=2832555 width=25) (actual time=1746.865..6038.484 rows=2832555 loops=1)
                    Hash Cond: (ci.person_id = n.id)
                    ->  Nested Loop  (cost=7001.19..193919.03 rows=2832555 width=21) (actual time=68.989..3246.513 rows=2832555 loops=1)
                          Join Filter: (t.id = ci.movie_id)
                          ->  Hash Join  (cost=7000.63..58223.31 rows=68316 width=29) (actual time=68.853..571.111 rows=68316 loops=1)
                                Hash Cond: (mc.company_id = cn.id)
                                ->  Nested Loop  (cost=7.63..49354.85 rows=148552 width=33) (actual time=6.850..445.767 rows=148552 loops=1)
                                      Join Filter: (t.id = mc.movie_id)
                                      ->  Nested Loop  (cost=7.20..24127.76 rows=41840 width=25) (actual time=6.825..225.988 rows=41840 loops=1)
                                            ->  Nested Loop  (cost=6.77..3739.98 rows=41840 width=4) (actual time=6.809..63.989 rows=41840 loops=1)
                                                  ->  Seq Scan on keyword k  (cost=0.00..2626.12 rows=1 width=4) (actual time=0.645..14.489 rows=1 loops=1)
                                                        Filter: (keyword = 'character-name-in-title'::text)
                                                        Rows Removed by Filter: 134169
                                                  ->  Bitmap Heap Scan on movie_keyword mk  (cost=6.77..1110.84 rows=301 width=8) (actual time=6.156..41.875 rows=41840 loops=1)
                                                        Recheck Cond: (keyword_id = k.id)
                                                        Heap Blocks: exact=11541
                                                        ->  Bitmap Index Scan on keyword_id_movie_keyword  (cost=0.00..6.69 rows=301 width=0) (actual time=4.027..4.027 rows=41840 loops=1)
                                                              Index Cond: (keyword_id = k.id)
                                            ->  Index Scan using title_pkey on title t  (cost=0.43..0.49 rows=1 width=21) (actual time=0.003..0.003 rows=1 loops=41840)
                                                  Index Cond: (id = mk.movie_id)
                                      ->  Index Scan using movie_id_movie_companies on movie_companies mc  (cost=0.43..0.54 rows=5 width=8) (actual time=0.003..0.004 rows=4 loops=41840)
                                            Index Cond: (movie_id = mk.movie_id)
                                ->  Hash  (cost=5932.46..5932.46 rows=84843 width=4) (actual time=61.428..61.428 rows=84843 loops=1)
                                      Buckets: 131072  Batches: 1  Memory Usage: 4007kB
                                      ->  Seq Scan on company_name cn  (cost=0.00..5932.46 rows=84843 width=4) (actual time=0.010..46.795 rows=84843 loops=1)
                                            Filter: ((country_code)::text = '[us]'::text)
                                            Rows Removed by Filter: 150154
                          ->  Index Scan using movie_id_cast_info on cast_info ci  (cost=0.56..1.52 rows=37 width=8) (actual time=0.004..0.030 rows=41 loops=68316)
                                Index Cond: (movie_id = mk.movie_id)
                    ->  Hash  (cost=97289.19..97289.19 rows=4167491 width=4) (actual time=1667.519..1667.519 rows=4167491 loops=1)
                          Buckets: 4194304  Batches: 1  Memory Usage: 179282kB
                          ->  Seq Scan on name n  (cost=0.00..97289.19 rows=4167491 width=4) (actual time=0.018..677.999 rows=4167491 loops=1)
Planning time: 6.339 ms
Execution time: 9491.910 ms
