Aggregate  (cost=203421.71..203421.72 rows=1 width=64) (actual time=2437.722..2437.722 rows=1 loops=1)
  ->  Nested Loop  (cost=38677.84..203406.71 rows=2999 width=33) (actual time=454.387..2254.877 rows=319932 loops=1)
        Join Filter: (an.person_id = n.id)
        ->  Hash Join  (cost=38677.41..202003.76 rows=2999 width=41) (actual time=454.367..1317.741 rows=319932 loops=1)
              Hash Cond: (mc.company_id = cn.id)
              ->  Hash Join  (cost=31684.41..153178.35 rows=3313468 width=45) (actual time=391.947..1134.683 rows=424483 loops=1)
                    Hash Cond: (ci.person_id = an.person_id)
                    ->  Nested Loop  (cost=8.19..51064.01 rows=329808 width=25) (actual time=6.929..563.576 rows=329808 loops=1)
                          Join Filter: (t.id = ci.movie_id)
                          ->  Nested Loop  (cost=7.63..28408.33 rows=11406 width=33) (actual time=6.916..217.699 rows=11406 loops=1)
                                Join Filter: (t.id = mc.movie_id)
                                ->  Nested Loop  (cost=7.20..24232.36 rows=6926 width=25) (actual time=6.881..188.620 rows=6926 loops=1)
                                      ->  Nested Loop  (cost=6.77..3739.98 rows=41840 width=4) (actual time=6.860..53.974 rows=41840 loops=1)
                                            ->  Seq Scan on keyword k  (cost=0.00..2626.12 rows=1 width=4) (actual time=0.621..14.504 rows=1 loops=1)
                                                  Filter: (keyword = 'character-name-in-title'::text)
                                                  Rows Removed by Filter: 134169
                                            ->  Bitmap Heap Scan on movie_keyword mk  (cost=6.77..1110.84 rows=301 width=8) (actual time=6.234..32.466 rows=41840 loops=1)
                                                  Recheck Cond: (keyword_id = k.id)
                                                  Heap Blocks: exact=11541
                                                  ->  Bitmap Index Scan on keyword_id_movie_keyword  (cost=0.00..6.69 rows=301 width=0) (actual time=4.091..4.091 rows=41840 loops=1)
                                                        Index Cond: (keyword_id = k.id)
                                      ->  Index Scan using title_pkey on title t  (cost=0.43..0.49 rows=1 width=21) (actual time=0.003..0.003 rows=0 loops=41840)
                                            Index Cond: (id = mk.movie_id)
                                            Filter: (episode_nr < 100)
                                            Rows Removed by Filter: 1
                                ->  Index Scan using movie_id_movie_companies on movie_companies mc  (cost=0.43..0.54 rows=5 width=8) (actual time=0.002..0.003 rows=2 loops=6926)
                                      Index Cond: (movie_id = mk.movie_id)
                          ->  Index Scan using movie_id_cast_info on cast_info ci  (cost=0.56..1.52 rows=37 width=8) (actual time=0.004..0.023 rows=29 loops=11406)
                                Index Cond: (movie_id = mk.movie_id)
                    ->  Hash  (cost=20409.43..20409.43 rows=901343 width=20) (actual time=382.132..382.132 rows=901343 loops=1)
                          Buckets: 1048576  Batches: 1  Memory Usage: 55917kB
                          ->  Seq Scan on aka_name an  (cost=0.00..20409.43 rows=901343 width=20) (actual time=0.018..167.198 rows=901343 loops=1)
              ->  Hash  (cost=5932.46..5932.46 rows=84843 width=4) (actual time=60.941..60.941 rows=84843 loops=1)
                    Buckets: 131072  Batches: 1  Memory Usage: 4007kB
                    ->  Seq Scan on company_name cn  (cost=0.00..5932.46 rows=84843 width=4) (actual time=0.014..46.082 rows=84843 loops=1)
                          Filter: ((country_code)::text = '[us]'::text)
                          Rows Removed by Filter: 150154
        ->  Index Only Scan using name_pkey on name n  (cost=0.43..0.46 rows=1 width=4) (actual time=0.002..0.002 rows=1 loops=319932)
              Index Cond: (id = ci.person_id)
              Heap Fetches: 319932
Planning time: 6.304 ms
Execution time: 2438.187 ms
