Aggregate  (cost=38800.77..38800.78 rows=1 width=64) (actual time=2568.490..2568.490 rows=1 loops=1)
  ->  Nested Loop  (cost=7002.05..38798.53 rows=448 width=33) (actual time=68.361..2405.334 rows=319932 loops=1)
        Join Filter: (n.id = an.person_id)
        ->  Nested Loop  (cost=7001.62..38617.54 rows=372 width=25) (actual time=68.340..1602.583 rows=221609 loops=1)
              ->  Nested Loop  (cost=7001.19..38448.17 rows=372 width=21) (actual time=68.321..845.553 rows=221609 loops=1)
                    Join Filter: (t.id = ci.movie_id)
                    ->  Nested Loop  (cost=7000.63..38386.59 rows=31 width=29) (actual time=68.298..570.178 rows=8538 loops=1)
                          ->  Hash Join  (cost=7000.20..38346.43 rows=82 width=8) (actual time=68.120..366.471 rows=68316 loops=1)
                                Hash Cond: (mc.company_id = cn.id)
                                ->  Nested Loop  (cost=7.20..28444.07 rows=230445 width=12) (actual time=6.210..258.059 rows=148552 loops=1)
                                      ->  Nested Loop  (cost=6.77..3739.98 rows=41840 width=4) (actual time=6.188..57.064 rows=41840 loops=1)
                                            ->  Seq Scan on keyword k  (cost=0.00..2626.12 rows=1 width=4) (actual time=0.609..14.400 rows=1 loops=1)
                                                  Filter: (keyword = 'character-name-in-title'::text)
                                                  Rows Removed by Filter: 134169
                                            ->  Bitmap Heap Scan on movie_keyword mk  (cost=6.77..1110.84 rows=301 width=8) (actual time=5.576..34.501 rows=41840 loops=1)
                                                  Recheck Cond: (keyword_id = k.id)
                                                  Heap Blocks: exact=11541
                                                  ->  Bitmap Index Scan on keyword_id_movie_keyword  (cost=0.00..6.69 rows=301 width=0) (actual time=3.451..3.451 rows=41840 loops=1)
                                                        Index Cond: (keyword_id = k.id)
                                      ->  Index Scan using movie_id_movie_companies on movie_companies mc  (cost=0.43..0.54 rows=5 width=8) (actual time=0.003..0.004 rows=4 loops=41840)
                                            Index Cond: (movie_id = mk.movie_id)
                                ->  Hash  (cost=5932.46..5932.46 rows=84843 width=4) (actual time=61.315..61.315 rows=84843 loops=1)
                                      Buckets: 131072  Batches: 1  Memory Usage: 4007kB
                                      ->  Seq Scan on company_name cn  (cost=0.00..5932.46 rows=84843 width=4) (actual time=0.007..46.475 rows=84843 loops=1)
                                            Filter: ((country_code)::text = '[us]'::text)
                                            Rows Removed by Filter: 150154
                          ->  Index Scan using title_pkey on title t  (cost=0.43..0.49 rows=1 width=21) (actual time=0.003..0.003 rows=0 loops=68316)
                                Index Cond: (id = mk.movie_id)
                                Filter: (episode_nr < 100)
                                Rows Removed by Filter: 1
                    ->  Index Scan using movie_id_cast_info on cast_info ci  (cost=0.56..1.52 rows=37 width=8) (actual time=0.004..0.025 rows=26 loops=8538)
                          Index Cond: (movie_id = mk.movie_id)
              ->  Index Only Scan using name_pkey on name n  (cost=0.43..0.46 rows=1 width=4) (actual time=0.003..0.003 rows=1 loops=221609)
                    Index Cond: (id = ci.person_id)
                    Heap Fetches: 221609
        ->  Index Scan using person_id_aka_name on aka_name an  (cost=0.42..0.46 rows=2 width=20) (actual time=0.002..0.003 rows=1 loops=221609)
              Index Cond: (person_id = ci.person_id)
Planning time: 5.639 ms
Execution time: 2568.611 ms
