Aggregate  (cost=38033.29..38033.30 rows=1 width=64) (actual time=12947.059..12947.059 rows=1 loops=1)
  ->  Nested Loop  (cost=7001.62..38032.83 rows=91 width=15) (actual time=65.193..12798.133 rows=258289 loops=1)
        ->  Nested Loop  (cost=7001.19..37991.66 rows=91 width=27) (actual time=65.182..12103.574 rows=258289 loops=1)
              ->  Nested Loop  (cost=7000.76..37484.87 rows=1107 width=16) (actual time=65.161..3225.604 rows=2832555 loops=1)
                    ->  Hash Join  (cost=7000.20..37312.53 rows=91 width=8) (actual time=65.078..432.469 rows=68316 loops=1)
                          Hash Cond: (mc.company_id = cn.id)
                          ->  Nested Loop  (cost=7.20..28444.07 rows=148552 width=12) (actual time=6.210..300.255 rows=148552 loops=1)
                                ->  Nested Loop  (cost=6.77..3739.98 rows=41840 width=4) (actual time=6.192..68.280 rows=41840 loops=1)
                                      ->  Seq Scan on keyword k  (cost=0.00..2626.12 rows=1 width=4) (actual time=0.610..14.530 rows=1 loops=1)
                                            Filter: (keyword = 'character-name-in-title'::text)
                                            Rows Removed by Filter: 134169
                                      ->  Bitmap Heap Scan on movie_keyword mk  (cost=6.77..1110.84 rows=301 width=8) (actual time=5.579..45.241 rows=41840 loops=1)
                                            Recheck Cond: (keyword_id = k.id)
                                            Heap Blocks: exact=11541
                                            ->  Bitmap Index Scan on keyword_id_movie_keyword  (cost=0.00..6.69 rows=301 width=0) (actual time=3.469..3.469 rows=41840 loops=1)
                                                  Index Cond: (keyword_id = k.id)
                                ->  Index Scan using movie_id_movie_companies on movie_companies mc  (cost=0.43..0.54 rows=5 width=8) (actual time=0.003..0.004 rows=4 loops=41840)
                                      Index Cond: (movie_id = mk.movie_id)
                          ->  Hash  (cost=5932.46..5932.46 rows=84843 width=4) (actual time=58.704..58.704 rows=84843 loops=1)
                                Buckets: 131072  Batches: 1  Memory Usage: 4007kB
                                ->  Seq Scan on company_name cn  (cost=0.00..5932.46 rows=84843 width=4) (actual time=0.008..45.637 rows=84843 loops=1)
                                      Filter: ((country_code)::text = '[us]'::text)
                                      Rows Removed by Filter: 150154
                    ->  Index Scan using movie_id_cast_info on cast_info ci  (cost=0.56..1.52 rows=37 width=8) (actual time=0.004..0.032 rows=41 loops=68316)
                          Index Cond: (movie_id = mk.movie_id)
              ->  Index Scan using name_pkey on name n  (cost=0.43..0.46 rows=1 width=19) (actual time=0.003..0.003 rows=0 loops=2832555)
                    Index Cond: (id = ci.person_id)
                    Filter: (name ~~ 'B%'::text)
                    Rows Removed by Filter: 1
        ->  Index Only Scan using title_pkey on title t  (cost=0.43..0.45 rows=1 width=4) (actual time=0.002..0.002 rows=1 loops=258289)
              Index Cond: (id = ci.movie_id)
              Heap Fetches: 258289
Planning time: 3.496 ms
Execution time: 12947.157 ms
