Aggregate  (cost=4374.89..4374.90 rows=1 width=64) (actual time=5644.869..5644.869 rows=1 loops=1)
  ->  Nested Loop  (cost=9.04..4374.89 rows=1 width=15) (actual time=52.069..5643.592 rows=1918 loops=1)
        ->  Nested Loop  (cost=8.61..4374.43 rows=1 width=27) (actual time=52.060..5638.178 rows=1918 loops=1)
              ->  Nested Loop  (cost=8.19..4373.99 rows=1 width=31) (actual time=52.053..5629.637 rows=1918 loops=1)
                    ->  Nested Loop  (cost=7.76..4373.42 rows=1 width=23) (actual time=52.042..5626.511 rows=250 loops=1)
                          ->  Nested Loop  (cost=7.33..3804.37 rows=1243 width=12) (actual time=6.312..1523.563 rows=1038393 loops=1)
                                ->  Nested Loop  (cost=6.77..3739.98 rows=34 width=4) (actual time=6.300..62.341 rows=41840 loops=1)
                                      ->  Seq Scan on keyword k  (cost=0.00..2626.12 rows=1 width=4) (actual time=0.617..14.713 rows=1 loops=1)
                                            Filter: (keyword = 'character-name-in-title'::text)
                                            Rows Removed by Filter: 134169
                                      ->  Bitmap Heap Scan on movie_keyword mk  (cost=6.77..1110.84 rows=301 width=8) (actual time=5.680..38.759 rows=41840 loops=1)
                                            Recheck Cond: (keyword_id = k.id)
                                            Heap Blocks: exact=11541
                                            ->  Bitmap Index Scan on keyword_id_movie_keyword  (cost=0.00..6.69 rows=301 width=0) (actual time=3.575..3.575 rows=41840 loops=1)
                                                  Index Cond: (keyword_id = k.id)
                                ->  Index Scan using movie_id_cast_info on cast_info ci  (cost=0.56..1.52 rows=37 width=8) (actual time=0.005..0.030 rows=25 loops=41840)
                                      Index Cond: (movie_id = mk.movie_id)
                          ->  Index Scan using name_pkey on name n  (cost=0.43..0.46 rows=1 width=19) (actual time=0.004..0.004 rows=0 loops=1038393)
                                Index Cond: (id = ci.person_id)
                                Filter: (name ~~ 'X%'::text)
                                Rows Removed by Filter: 1
                    ->  Index Scan using movie_id_movie_companies on movie_companies mc  (cost=0.43..0.52 rows=5 width=8) (actual time=0.007..0.010 rows=8 loops=250)
                          Index Cond: (movie_id = ci.movie_id)
              ->  Index Only Scan using company_name_pkey on company_name cn  (cost=0.42..0.44 rows=1 width=4) (actual time=0.004..0.004 rows=1 loops=1918)
                    Index Cond: (id = mc.company_id)
                    Heap Fetches: 1918
        ->  Index Only Scan using title_pkey on title t  (cost=0.43..0.45 rows=1 width=4) (actual time=0.002..0.002 rows=1 loops=1918)
              Index Cond: (id = ci.movie_id)
              Heap Fetches: 1918
Planning time: 3.893 ms
Execution time: 5644.977 ms
