Aggregate  (cost=4377.25..4377.26 rows=1 width=32) (actual time=5802.944..5802.944 rows=1 loops=1)
  ->  Nested Loop  (cost=9.04..4377.24 rows=4 width=15) (actual time=37.886..5797.023 rows=11538 loops=1)
        ->  Nested Loop  (cost=8.62..4375.47 rows=4 width=19) (actual time=37.881..5751.922 rows=11538 loops=1)
              ->  Nested Loop  (cost=8.19..4374.33 rows=2 width=27) (actual time=37.874..5735.137 rows=1972 loops=1)
                    ->  Nested Loop  (cost=7.76..4373.42 rows=2 width=23) (actual time=37.862..5723.347 rows=1972 loops=1)
                          ->  Nested Loop  (cost=7.33..3804.37 rows=1243 width=12) (actual time=6.347..1526.772 rows=1038393 loops=1)
                                ->  Nested Loop  (cost=6.77..3739.98 rows=34 width=4) (actual time=6.335..63.656 rows=41840 loops=1)
                                      ->  Seq Scan on keyword k  (cost=0.00..2626.12 rows=1 width=4) (actual time=0.621..14.635 rows=1 loops=1)
                                            Filter: (keyword = 'character-name-in-title'::text)
                                            Rows Removed by Filter: 134169
                                      ->  Bitmap Heap Scan on movie_keyword mk  (cost=6.77..1110.84 rows=301 width=8) (actual time=5.712..39.696 rows=41840 loops=1)
                                            Recheck Cond: (keyword_id = k.id)
                                            Heap Blocks: exact=11541
                                            ->  Bitmap Index Scan on keyword_id_movie_keyword  (cost=0.00..6.69 rows=301 width=0) (actual time=3.582..3.582 rows=41840 loops=1)
                                                  Index Cond: (keyword_id = k.id)
                                ->  Index Scan using movie_id_cast_info on cast_info ci  (cost=0.56..1.52 rows=37 width=8) (actual time=0.005..0.030 rows=25 loops=41840)
                                      Index Cond: (movie_id = mk.movie_id)
                          ->  Index Scan using name_pkey on name n  (cost=0.43..0.46 rows=1 width=19) (actual time=0.004..0.004 rows=0 loops=1038393)
                                Index Cond: (id = ci.person_id)
                                Filter: (name ~~ '%Bert%'::text)
                                Rows Removed by Filter: 1
                    ->  Index Only Scan using title_pkey on title t  (cost=0.43..0.45 rows=1 width=4) (actual time=0.005..0.005 rows=1 loops=1972)
                          Index Cond: (id = ci.movie_id)
                          Heap Fetches: 1972
              ->  Index Scan using movie_id_movie_companies on movie_companies mc  (cost=0.43..0.52 rows=5 width=8) (actual time=0.004..0.007 rows=6 loops=1972)
                    Index Cond: (movie_id = ci.movie_id)
        ->  Index Only Scan using company_name_pkey on company_name cn  (cost=0.42..0.44 rows=1 width=4) (actual time=0.003..0.003 rows=1 loops=11538)
              Index Cond: (id = mc.company_id)
              Heap Fetches: 11538
Planning time: 3.908 ms
Execution time: 5803.036 ms
