Aggregate  (cost=211016.34..211016.35 rows=1 width=32) (actual time=2452.062..2452.062 rows=1 loops=1)
  ->  Nested Loop  (cost=107782.05..210991.95 rows=9757 width=15) (actual time=858.246..2446.595 rows=11538 loops=1)
        ->  Nested Loop  (cost=107781.63..205876.52 rows=11537 width=19) (actual time=858.235..2405.604 rows=11538 loops=1)
              ->  Nested Loop  (cost=107781.20..204751.76 rows=1972 width=27) (actual time=858.223..2389.640 rows=1972 loops=1)
                    ->  Hash Join  (cost=107780.77..203859.50 rows=1972 width=23) (actual time=858.206..2378.853 rows=1972 loops=1)
                          Hash Cond: (ci.person_id = n.id)
                          ->  Nested Loop  (cost=7.33..82976.35 rows=1038393 width=12) (actual time=6.268..1401.270 rows=1038393 loops=1)
                                ->  Nested Loop  (cost=6.77..3739.98 rows=41840 width=4) (actual time=6.257..56.817 rows=41840 loops=1)
                                      ->  Seq Scan on keyword k  (cost=0.00..2626.12 rows=1 width=4) (actual time=0.623..14.687 rows=1 loops=1)
                                            Filter: (keyword = 'character-name-in-title'::text)
                                            Rows Removed by Filter: 134169
                                      ->  Bitmap Heap Scan on movie_keyword mk  (cost=6.77..1110.84 rows=301 width=8) (actual time=5.630..34.848 rows=41840 loops=1)
                                            Recheck Cond: (keyword_id = k.id)
                                            Heap Blocks: exact=11541
                                            ->  Bitmap Index Scan on keyword_id_movie_keyword  (cost=0.00..6.69 rows=301 width=0) (actual time=3.507..3.507 rows=41840 loops=1)
                                                  Index Cond: (keyword_id = k.id)
                                ->  Index Scan using movie_id_cast_info on cast_info ci  (cost=0.56..1.52 rows=37 width=8) (actual time=0.004..0.027 rows=25 loops=41840)
                                      Index Cond: (movie_id = mk.movie_id)
                          ->  Hash  (cost=107708.24..107708.24 rows=5216 width=19) (actual time=843.484..843.484 rows=5216 loops=1)
                                Buckets: 8192  Batches: 1  Memory Usage: 339kB
                                ->  Seq Scan on name n  (cost=0.00..107708.24 rows=5216 width=19) (actual time=0.731..841.872 rows=5216 loops=1)
                                      Filter: (name ~~ '%Bert%'::text)
                                      Rows Removed by Filter: 4162275
                    ->  Index Only Scan using title_pkey on title t  (cost=0.43..0.45 rows=1 width=4) (actual time=0.005..0.005 rows=1 loops=1972)
                          Index Cond: (id = ci.movie_id)
                          Heap Fetches: 1972
              ->  Index Scan using movie_id_movie_companies on movie_companies mc  (cost=0.43..0.52 rows=5 width=8) (actual time=0.004..0.006 rows=6 loops=1972)
                    Index Cond: (movie_id = ci.movie_id)
        ->  Index Only Scan using company_name_pkey on company_name cn  (cost=0.42..0.44 rows=1 width=4) (actual time=0.003..0.003 rows=1 loops=11538)
              Index Cond: (id = mc.company_id)
              Heap Fetches: 11538
Planning time: 3.520 ms
Execution time: 2452.148 ms
