Aggregate  (cost=345145.28..345145.29 rows=1 width=32) (actual time=4498.819..4498.819 rows=1 loops=1)
  ->  Hash Join  (cost=122707.81..342362.69 rows=1113035 width=15) (actual time=1109.231..4208.907 rows=1113120 loops=1)
        Hash Cond: (mc.company_id = cn.id)
        ->  Nested Loop  (cost=114425.38..320027.16 rows=1113120 width=19) (actual time=1025.205..3797.381 rows=1113120 loops=1)
              ->  Hash Join  (cost=114424.95..234761.23 rows=149494 width=27) (actual time=1024.943..2949.698 rows=149494 loops=1)
                    Hash Cond: (ci.person_id = n.id)
                    ->  Nested Loop  (cost=7.76..107234.33 rows=1038393 width=16) (actual time=6.940..1637.213 rows=1038393 loops=1)
                          Join Filter: (t.id = ci.movie_id)
                          ->  Nested Loop  (cost=7.20..24127.76 rows=41840 width=8) (actual time=6.924..212.161 rows=41840 loops=1)
                                ->  Nested Loop  (cost=6.77..3739.98 rows=41840 width=4) (actual time=6.903..59.383 rows=41840 loops=1)
                                      ->  Seq Scan on keyword k  (cost=0.00..2626.12 rows=1 width=4) (actual time=0.638..14.762 rows=1 loops=1)
                                            Filter: (keyword = 'character-name-in-title'::text)
                                            Rows Removed by Filter: 134169
                                      ->  Bitmap Heap Scan on movie_keyword mk  (cost=6.77..1110.84 rows=301 width=8) (actual time=6.259..37.134 rows=41840 loops=1)
                                            Recheck Cond: (keyword_id = k.id)
                                            Heap Blocks: exact=11541
                                            ->  Bitmap Index Scan on keyword_id_movie_keyword  (cost=0.00..6.69 rows=301 width=0) (actual time=4.115..4.115 rows=41840 loops=1)
                                                  Index Cond: (keyword_id = k.id)
                                ->  Index Only Scan using title_pkey on title t  (cost=0.43..0.49 rows=1 width=4) (actual time=0.003..0.003 rows=1 loops=41840)
                                      Index Cond: (id = mk.movie_id)
                                      Heap Fetches: 41840
                          ->  Index Scan using movie_id_cast_info on cast_info ci  (cost=0.56..1.52 rows=37 width=8) (actual time=0.004..0.028 rows=25 loops=41840)
                                Index Cond: (movie_id = mk.movie_id)
                    ->  Hash  (cost=107708.24..107708.24 rows=536716 width=19) (actual time=1015.038..1015.038 rows=536716 loops=1)
                          Buckets: 1048576  Batches: 1  Memory Usage: 36076kB
                          ->  Seq Scan on name n  (cost=0.00..107708.24 rows=536716 width=19) (actual time=0.014..865.248 rows=536716 loops=1)
                                Filter: (name ~~ '%B%'::text)
                                Rows Removed by Filter: 3630775
              ->  Index Scan using movie_id_movie_companies on movie_companies mc  (cost=0.43..0.52 rows=5 width=8) (actual time=0.002..0.004 rows=7 loops=149494)
                    Index Cond: (movie_id = ci.movie_id)
        ->  Hash  (cost=5344.97..5344.97 rows=234997 width=4) (actual time=83.000..83.000 rows=234997 loops=1)
              Buckets: 262144  Batches: 1  Memory Usage: 10310kB
              ->  Seq Scan on company_name cn  (cost=0.00..5344.97 rows=234997 width=4) (actual time=0.009..40.676 rows=234997 loops=1)
Planning time: 3.514 ms
Execution time: 4499.057 ms
