Aggregate  (cost=344871.69..344871.70 rows=1 width=32) (actual time=4499.841..4499.841 rows=1 loops=1)
  ->  Hash Join  (cost=122707.81..342361.62 rows=1004030 width=15) (actual time=1109.864..4210.774 rows=1113120 loops=1)
        Hash Cond: (mc.company_id = cn.id)
        ->  Nested Loop  (cost=114425.38..320027.16 rows=1113035 width=19) (actual time=1025.833..3798.778 rows=1113120 loops=1)
              ->  Hash Join  (cost=114424.95..234761.23 rows=149494 width=27) (actual time=1025.576..2950.641 rows=149494 loops=1)
                    Hash Cond: (ci.person_id = n.id)
                    ->  Nested Loop  (cost=7.76..107234.33 rows=1038393 width=16) (actual time=6.936..1637.899 rows=1038393 loops=1)
                          Join Filter: (t.id = ci.movie_id)
                          ->  Nested Loop  (cost=7.20..24127.76 rows=41840 width=8) (actual time=6.920..212.108 rows=41840 loops=1)
                                ->  Nested Loop  (cost=6.77..3739.98 rows=41840 width=4) (actual time=6.901..59.354 rows=41840 loops=1)
                                      ->  Seq Scan on keyword k  (cost=0.00..2626.12 rows=1 width=4) (actual time=0.635..14.748 rows=1 loops=1)
                                            Filter: (keyword = 'character-name-in-title'::text)
                                            Rows Removed by Filter: 134169
                                      ->  Bitmap Heap Scan on movie_keyword mk  (cost=6.77..1110.84 rows=301 width=8) (actual time=6.261..37.093 rows=41840 loops=1)
                                            Recheck Cond: (keyword_id = k.id)
                                            Heap Blocks: exact=11541
                                            ->  Bitmap Index Scan on keyword_id_movie_keyword  (cost=0.00..6.69 rows=301 width=0) (actual time=4.127..4.127 rows=41840 loops=1)
                                                  Index Cond: (keyword_id = k.id)
                                ->  Index Only Scan using title_pkey on title t  (cost=0.43..0.49 rows=1 width=4) (actual time=0.003..0.003 rows=1 loops=41840)
                                      Index Cond: (id = mk.movie_id)
                                      Heap Fetches: 41840
                          ->  Index Scan using movie_id_cast_info on cast_info ci  (cost=0.56..1.52 rows=37 width=8) (actual time=0.004..0.028 rows=25 loops=41840)
                                Index Cond: (movie_id = mk.movie_id)
                    ->  Hash  (cost=107708.24..107708.24 rows=536716 width=19) (actual time=1015.718..1015.718 rows=536716 loops=1)
                          Buckets: 1048576  Batches: 1  Memory Usage: 36076kB
                          ->  Seq Scan on name n  (cost=0.00..107708.24 rows=536716 width=19) (actual time=0.015..865.880 rows=536716 loops=1)
                                Filter: (name ~~ '%B%'::text)
                                Rows Removed by Filter: 3630775
              ->  Index Scan using movie_id_movie_companies on movie_companies mc  (cost=0.43..0.52 rows=5 width=8) (actual time=0.002..0.004 rows=7 loops=149494)
                    Index Cond: (movie_id = ci.movie_id)
        ->  Hash  (cost=5344.97..5344.97 rows=234997 width=4) (actual time=82.983..82.983 rows=234997 loops=1)
              Buckets: 262144  Batches: 1  Memory Usage: 10310kB
              ->  Seq Scan on company_name cn  (cost=0.00..5344.97 rows=234997 width=4) (actual time=0.010..40.752 rows=234997 loops=1)
Planning time: 3.932 ms
Execution time: 4500.087 ms
