Aggregate  (cost=897143.77..897143.78 rows=1 width=96) (actual time=6865.321..6865.321 rows=1 loops=1)
  ->  Nested Loop  (cost=118241.85..897140.70 rows=410 width=67) (actual time=3604.206..6864.704 rows=410 loops=1)
        ->  Nested Loop  (cost=118241.42..896952.25 rows=410 width=62) (actual time=3604.185..6861.524 rows=410 loops=1)
              Join Filter: (mi.info_type_id = it1.id)
              Rows Removed by Join Filter: 81998
              ->  Seq Scan on info_type it1  (cost=0.00..2.41 rows=1 width=4) (actual time=0.018..0.020 rows=1 loops=1)
                    Filter: ((info)::text = 'budget'::text)
                    Rows Removed by Filter: 112
              ->  Nested Loop  (cost=118241.42..895919.73 rows=82408 width=66) (actual time=3604.144..6854.870 rows=82408 loops=1)
                    Join Filter: (mi_idx.movie_id = mi.movie_id)
                    ->  Nested Loop  (cost=118240.99..857715.89 rows=3435 width=14) (actual time=3604.122..6787.686 rows=3435 loops=1)
                          Join Filter: (mi_idx.info_type_id = it2.id)
                          Rows Removed by Join Filter: 6875
                          ->  Seq Scan on info_type it2  (cost=0.00..2.41 rows=1 width=4) (actual time=0.011..0.020 rows=1 loops=1)
                                Filter: ((info)::text = 'votes'::text)
                                Rows Removed by Filter: 112
                          ->  Nested Loop  (cost=118240.99..857584.60 rows=10310 width=18) (actual time=3604.105..6786.191 rows=10310 loops=1)
                                ->  Hash Join  (cost=118240.56..854025.50 rows=6719 width=4) (actual time=3604.045..6760.518 rows=6719 loops=1)
                                      Hash Cond: (ci.person_id = n.id)
                                      ->  Seq Scan on cast_info ci  (cost=0.00..705746.65 rows=2379271 width=8) (actual time=364.416..5616.582 rows=2379271 loops=1)
                                            Filter: (note = ANY ('{(producer),"(executive producer)"}'::text[]))
                                            Rows Removed by Filter: 33865073
                                      ->  Hash  (cost=118127.29..118127.29 rows=9062 width=4) (actual time=907.985..907.985 rows=9062 loops=1)
                                            Buckets: 16384  Batches: 1  Memory Usage: 447kB
                                            ->  Seq Scan on name n  (cost=0.00..118127.29 rows=9062 width=4) (actual time=0.137..905.791 rows=9062 loops=1)
                                                  Filter: ((name ~~ '%Tim%'::text) AND ((gender)::text = 'm'::text))
                                                  Rows Removed by Filter: 4158429
                                ->  Index Scan using movie_id_movie_info_idx on movie_info_idx mi_idx  (cost=0.43..0.50 rows=3 width=14) (actual time=0.003..0.003 rows=2 loops=6719)
                                      Index Cond: (movie_id = ci.movie_id)
                    ->  Index Scan using movie_id_movie_info on movie_info mi  (cost=0.43..10.61 rows=41 width=52) (actual time=0.004..0.013 rows=24 loops=3435)
                          Index Cond: (movie_id = ci.movie_id)
        ->  Index Scan using title_pkey on title t  (cost=0.43..0.46 rows=1 width=21) (actual time=0.007..0.007 rows=1 loops=410)
              Index Cond: (id = mi.movie_id)
Planning time: 3.908 ms
Execution time: 6865.440 ms
