Aggregate  (cost=247839.51..247839.52 rows=1 width=96) (actual time=2931.236..2931.236 rows=1 loops=1)
  ->  Nested Loop  (cost=31884.43..247839.42 rows=12 width=67) (actual time=381.073..2930.345 rows=410 loops=1)
        ->  Nested Loop  (cost=31884.00..247833.90 rows=12 width=62) (actual time=381.052..2925.857 rows=410 loops=1)
              ->  Nested Loop  (cost=31883.57..244231.03 rows=5591 width=66) (actual time=293.759..2449.168 rows=107339 loops=1)
                    ->  Hash Join  (cost=31883.01..215831.44 rows=1208 width=58) (actual time=293.689..418.892 rows=45431 loops=1)
                          Hash Cond: (mi.movie_id = mi_idx.movie_id)
                          ->  Nested Loop  (cost=3971.58..179403.51 rows=121863 width=48) (actual time=7.432..63.695 rows=121863 loops=1)
                                ->  Seq Scan on info_type it1  (cost=0.00..2.41 rows=1 width=4) (actual time=0.019..0.035 rows=1 loops=1)
                                      Filter: ((info)::text = 'budget'::text)
                                      Rows Removed by Filter: 112
                                ->  Bitmap Heap Scan on movie_info mi  (cost=3971.58..177280.91 rows=212019 width=52) (actual time=7.410..40.917 rows=121863 loops=1)
                                      Recheck Cond: (info_type_id = it1.id)
                                      Heap Blocks: exact=4741
                                      ->  Bitmap Index Scan on info_type_id_movie_info  (cost=0.00..3918.58 rows=212019 width=0) (actual time=6.589..6.589 rows=121863 loops=1)
                                            Index Cond: (info_type_id = it1.id)
                          ->  Hash  (cost=22162.36..22162.36 rows=459925 width=10) (actual time=285.735..285.735 rows=459925 loops=1)
                                Buckets: 524288  Batches: 1  Memory Usage: 22143kB
                                ->  Nested Loop  (cost=6462.25..22162.36 rows=459925 width=10) (actual time=26.241..194.894 rows=459925 loops=1)
                                      ->  Seq Scan on info_type it2  (cost=0.00..2.41 rows=1 width=4) (actual time=0.015..0.020 rows=1 loops=1)
                                            Filter: ((info)::text = 'votes'::text)
                                            Rows Removed by Filter: 112
                                      ->  Bitmap Heap Scan on movie_info_idx mi_idx  (cost=6462.25..18709.86 rows=345009 width=14) (actual time=26.223..112.209 rows=459925 loops=1)
                                            Recheck Cond: (info_type_id = it2.id)
                                            Heap Blocks: exact=7934
                                            ->  Bitmap Index Scan on info_type_id_movie_info_idx  (cost=0.00..6375.99 rows=345009 width=0) (actual time=24.751..24.751 rows=459925 loops=1)
                                                  Index Cond: (info_type_id = it2.id)
                    ->  Index Scan using movie_id_cast_info on cast_info ci  (cost=0.56..23.49 rows=2 width=8) (actual time=0.027..0.044 rows=2 loops=45431)
                          Index Cond: (movie_id = mi.movie_id)
                          Filter: (note = ANY ('{(producer),"(executive producer)"}'::text[]))
                          Rows Removed by Filter: 38
              ->  Index Scan using name_pkey on name n  (cost=0.43..0.64 rows=1 width=4) (actual time=0.004..0.004 rows=0 loops=107339)
                    Index Cond: (id = ci.person_id)
                    Filter: ((name ~~ '%Tim%'::text) AND ((gender)::text = 'm'::text))
                    Rows Removed by Filter: 1
        ->  Index Scan using title_pkey on title t  (cost=0.43..0.46 rows=1 width=21) (actual time=0.010..0.010 rows=1 loops=410)
              Index Cond: (id = mi.movie_id)
Planning time: 3.458 ms
Execution time: 2931.411 ms
