Aggregate  (cost=203346.80..203346.81 rows=1 width=64) (actual time=8400.026..8400.027 rows=1 loops=1)
  ->  Nested Loop  (cost=3924.54..203346.80 rows=1 width=32) (actual time=949.006..8399.742 rows=184 loops=1)
        ->  Nested Loop  (cost=3924.11..203345.34 rows=1 width=36) (actual time=948.991..8399.014 rows=189 loops=1)
              Join Filter: (n.id = an.person_id)
              ->  Nested Loop  (cost=3923.69..203343.68 rows=1 width=44) (actual time=948.976..8398.096 rows=170 loops=1)
                    ->  Hash Join  (cost=3923.26..203296.08 rows=30 width=25) (actual time=165.371..8260.546 rows=40272 loops=1)
                          Hash Cond: (ci.role_id = rt.id)
                          ->  Nested Loop  (cost=3922.09..203290.68 rows=357 width=29) (actual time=164.281..8235.883 rows=130077 loops=1)
                                Join Filter: (t.id = ci.movie_id)
                                ->  Nested Loop  (cost=3921.53..188479.23 rows=405 width=29) (actual time=162.161..3945.474 rows=116277 loops=1)
                                      ->  Nested Loop  (cost=3921.11..187149.98 rows=1121 width=33) (actual time=162.149..3539.359 rows=124224 loops=1)
                                            ->  Nested Loop  (cost=3920.68..184634.77 rows=907 width=25) (actual time=162.136..2533.506 rows=298255 loops=1)
                                                  ->  Nested Loop  (cost=3920.25..178358.94 rows=3992 width=4) (actual time=162.115..1160.187 rows=451039 loops=1)
                                                        ->  Seq Scan on info_type it  (cost=0.00..2.41 rows=1 width=4) (actual time=0.006..0.021 rows=1 loops=1)
                                                              Filter: ((info)::text = 'release dates'::text)
                                                              Rows Removed by Filter: 112
                                                        ->  Bitmap Heap Scan on movie_info mi  (cost=3920.25..178289.67 rows=6686 width=8) (actual time=162.106..1095.771 rows=451039 loops=1)
                                                              Recheck Cond: (info_type_id = it.id)
                                                              Filter: ((info IS NOT NULL) AND ((info ~~ 'Japan:%200%'::text) OR (info ~~ 'USA:%200%'::text)))
                                                              Rows Removed by Filter: 2585680
                                                              Heap Blocks: exact=25448
                                                              ->  Bitmap Index Scan on info_type_id_movie_info  (cost=0.00..3918.58 rows=212019 width=0) (actual time=156.590..156.590 rows=3036719 loops=1)
                                                                    Index Cond: (info_type_id = it.id)
                                                  ->  Index Scan using title_pkey on title t  (cost=0.43..1.57 rows=1 width=21) (actual time=0.003..0.003 rows=1 loops=451039)
                                                        Index Cond: (id = mi.movie_id)
                                                        Filter: ((production_year >= 2005) AND (production_year <= 2009))
                                                        Rows Removed by Filter: 0
                                            ->  Index Scan using movie_id_movie_companies on movie_companies mc  (cost=0.43..2.76 rows=1 width=8) (actual time=0.002..0.003 rows=0 loops=298255)
                                                  Index Cond: (movie_id = t.id)
                                                  Filter: ((note IS NOT NULL) AND ((note ~~ '%(USA)%'::text) OR (note ~~ '%(worldwide)%'::text)))
                                                  Rows Removed by Filter: 1
                                      ->  Index Scan using company_name_pkey on company_name cn  (cost=0.42..1.19 rows=1 width=4) (actual time=0.003..0.003 rows=1 loops=124224)
                                            Index Cond: (id = mc.company_id)
                                            Filter: ((country_code)::text = '[us]'::text)
                                            Rows Removed by Filter: 0
                                ->  Index Scan using movie_id_cast_info on cast_info ci  (cost=0.56..36.56 rows=1 width=16) (actual time=0.030..0.036 rows=1 loops=116277)
                                      Index Cond: (movie_id = mc.movie_id)
                                      Filter: (note = ANY ('{(voice),"(voice: Japanese version)","(voice) (uncredited)","(voice: English version)"}'::text[]))
                                      Rows Removed by Filter: 46
                          ->  Hash  (cost=1.15..1.15 rows=1 width=4) (actual time=0.010..0.010 rows=1 loops=1)
                                Buckets: 1024  Batches: 1  Memory Usage: 9kB
                                ->  Seq Scan on role_type rt  (cost=0.00..1.15 rows=1 width=4) (actual time=0.007..0.008 rows=1 loops=1)
                                      Filter: ((role)::text = 'actress'::text)
                                      Rows Removed by Filter: 11
                    ->  Index Scan using name_pkey on name n  (cost=0.43..1.59 rows=1 width=19) (actual time=0.003..0.003 rows=0 loops=40272)
                          Index Cond: (id = ci.person_id)
                          Filter: ((name ~~ '%Ang%'::text) AND ((gender)::text = 'f'::text))
                          Rows Removed by Filter: 1
              ->  Index Only Scan using person_id_aka_name on aka_name an  (cost=0.42..1.63 rows=2 width=4) (actual time=0.004..0.004 rows=1 loops=170)
                    Index Cond: (person_id = ci.person_id)
                    Heap Fetches: 189
        ->  Index Only Scan using char_name_pkey on char_name chn  (cost=0.43..1.46 rows=1 width=4) (actual time=0.003..0.003 rows=1 loops=189)
              Index Cond: (id = ci.person_role_id)
              Heap Fetches: 184
Planning time: 20.569 ms
Execution time: 8400.154 ms
