Aggregate  (cost=257346.44..257346.45 rows=1 width=64) (actual time=2719.098..2719.098 rows=1 loops=1)
  ->  Nested Loop  (cost=118215.02..257346.44 rows=1 width=32) (actual time=967.913..2718.909 rows=184 loops=1)
        ->  Nested Loop  (cost=118214.60..257345.25 rows=1 width=36) (actual time=967.898..2718.231 rows=194 loops=1)
              Join Filter: (t.id = mc.movie_id)
              ->  Nested Loop  (cost=118214.17..257342.52 rows=1 width=44) (actual time=967.884..2717.049 rows=89 loops=1)
                    Join Filter: (mi.info_type_id = it.id)
                    ->  Seq Scan on info_type it  (cost=0.00..2.41 rows=1 width=4) (actual time=0.016..0.028 rows=1 loops=1)
                          Filter: ((info)::text = 'release dates'::text)
                          Rows Removed by Filter: 112
                    ->  Nested Loop  (cost=118214.17..257339.77 rows=27 width=48) (actual time=967.865..2716.984 rows=89 loops=1)
                          Join Filter: (t.id = mi.movie_id)
                          ->  Nested Loop  (cost=118213.74..257151.92 rows=7 width=40) (actual time=967.651..2714.258 rows=102 loops=1)
                                ->  Nested Loop  (cost=118213.31..257010.12 rows=97 width=44) (actual time=967.056..2713.787 rows=115 loops=1)
                                      Join Filter: (n.id = an.person_id)
                                      ->  Nested Loop  (cost=118212.88..256790.09 rows=133 width=52) (actual time=966.987..2713.152 rows=133 loops=1)
                                            ->  Hash Join  (cost=118212.45..255748.51 rows=727 width=31) (actual time=959.697..2708.536 rows=727 loops=1)
                                                  Hash Cond: (ci.person_id = n.id)
                                                  ->  Nested Loop  (cost=0.56..134050.03 rows=276166 width=12) (actual time=0.157..1757.818 rows=276166 loops=1)
                                                        ->  Seq Scan on role_type rt  (cost=0.00..1.15 rows=1 width=4) (actual time=0.002..0.015 rows=1 loops=1)
                                                              Filter: ((role)::text = 'actress'::text)
                                                              Rows Removed by Filter: 11
                                                        ->  Index Scan using role_id_cast_info on cast_info ci  (cost=0.56..133252.59 rows=79629 width=16) (actual time=0.154..1719.804 rows=276166 loops=1)
                                                              Index Cond: (role_id = rt.id)
                                                              Filter: (note = ANY ('{(voice),"(voice: Japanese version)","(voice) (uncredited)","(voice: English version)"}'::text[]))
                                                              Rows Removed by Filter: 7175807
                                                  ->  Hash  (cost=118127.29..118127.29 rows=6768 width=19) (actual time=919.302..919.302 rows=6768 loops=1)
                                                        Buckets: 8192  Batches: 1  Memory Usage: 420kB
                                                        ->  Seq Scan on name n  (cost=0.00..118127.29 rows=6768 width=19) (actual time=389.536..917.716 rows=6768 loops=1)
                                                              Filter: ((name ~~ '%Ang%'::text) AND ((gender)::text = 'f'::text))
                                                              Rows Removed by Filter: 4160723
                                            ->  Index Scan using title_pkey on title t  (cost=0.43..1.43 rows=1 width=21) (actual time=0.006..0.006 rows=0 loops=727)
                                                  Index Cond: (id = ci.movie_id)
                                                  Filter: ((production_year >= 2005) AND (production_year <= 2009))
                                                  Rows Removed by Filter: 1
                                      ->  Index Only Scan using person_id_aka_name on aka_name an  (cost=0.42..1.63 rows=2 width=4) (actual time=0.004..0.004 rows=1 loops=133)
                                            Index Cond: (person_id = ci.person_id)
                                            Heap Fetches: 115
                                ->  Index Only Scan using char_name_pkey on char_name chn  (cost=0.43..1.46 rows=1 width=4) (actual time=0.003..0.003 rows=1 loops=115)
                                      Index Cond: (id = ci.person_role_id)
                                      Heap Fetches: 102
                          ->  Index Scan using movie_id_movie_info on movie_info mi  (cost=0.43..26.82 rows=1 width=8) (actual time=0.010..0.026 rows=1 loops=102)
                                Index Cond: (movie_id = ci.movie_id)
                                Filter: ((info IS NOT NULL) AND ((info ~~ 'Japan:%200%'::text) OR (info ~~ 'USA:%200%'::text)))
                                Rows Removed by Filter: 46
              ->  Index Scan using movie_id_movie_companies on movie_companies mc  (cost=0.43..2.72 rows=1 width=8) (actual time=0.007..0.012 rows=2 loops=89)
                    Index Cond: (movie_id = ci.movie_id)
                    Filter: ((note IS NOT NULL) AND ((note ~~ '%(USA)%'::text) OR (note ~~ '%(worldwide)%'::text)))
                    Rows Removed by Filter: 11
        ->  Index Scan using company_name_pkey on company_name cn  (cost=0.42..1.19 rows=1 width=4) (actual time=0.003..0.003 rows=1 loops=194)
              Index Cond: (id = mc.company_id)
              Filter: ((country_code)::text = '[us]'::text)
              Rows Removed by Filter: 0
Planning time: 18.652 ms
Execution time: 2719.212 ms
