Aggregate  (cost=80631.91..80631.92 rows=1 width=64) (actual time=416.114..416.114 rows=1 loops=1)
  ->  Nested Loop  (cost=3.13..80631.90 rows=1 width=32) (actual time=335.278..416.083 rows=15 loops=1)
        Join Filter: (mi.info_type_id = it.id)
        ->  Nested Loop  (cost=3.13..80629.48 rows=1 width=36) (actual time=335.259..415.993 rows=15 loops=1)
              Join Filter: (t.id = mi.movie_id)
              ->  Nested Loop  (cost=2.70..80602.52 rows=1 width=44) (actual time=335.224..414.104 rows=15 loops=1)
                    Join Filter: (n.id = an.person_id)
                    ->  Nested Loop  (cost=2.27..80600.85 rows=1 width=52) (actual time=335.202..414.052 rows=3 loops=1)
                          ->  Nested Loop  (cost=1.85..80597.18 rows=3 width=56) (actual time=335.190..414.026 rows=3 loops=1)
                                ->  Nested Loop  (cost=1.42..80592.69 rows=3 width=60) (actual time=335.176..413.999 rows=3 loops=1)
                                      ->  Nested Loop  (cost=0.99..80553.42 rows=24 width=41) (actual time=335.140..413.872 rows=24 loops=1)
                                            Join Filter: (ci.role_id = rt.id)
                                            Rows Removed by Join Filter: 76
                                            ->  Seq Scan on role_type rt  (cost=0.00..1.15 rows=1 width=4) (actual time=0.007..0.016 rows=1 loops=1)
                                                  Filter: ((role)::text = 'actress'::text)
                                                  Rows Removed by Filter: 11
                                            ->  Nested Loop  (cost=0.99..80551.02 rows=100 width=45) (actual time=335.095..413.838 rows=100 loops=1)
                                                  Join Filter: (t.id = ci.movie_id)
                                                  ->  Nested Loop  (cost=0.43..80395.82 rows=4 width=29) (actual time=335.070..413.245 rows=4 loops=1)
                                                        ->  Seq Scan on title t  (cost=0.00..80246.86 rows=7 width=21) (actual time=33.246..413.107 rows=7 loops=1)
                                                              Filter: ((production_year >= 2007) AND (production_year <= 2008) AND (title ~~ '%Kung%Fu%Panda%'::text))
                                                              Rows Removed by Filter: 2528305
                                                        ->  Index Scan using movie_id_movie_companies on movie_companies mc  (cost=0.43..21.27 rows=1 width=8) (actual time=0.014..0.016 rows=1 loops=7)
                                                              Index Cond: (movie_id = t.id)
                                                              Filter: ((note ~~ '%(200%)%'::text) AND ((note ~~ '%(USA)%'::text) OR (note ~~ '%(worldwide)%'::text)))
                                                              Rows Removed by Filter: 6
                                                  ->  Index Scan using movie_id_cast_info on cast_info ci  (cost=0.56..38.79 rows=1 width=16) (actual time=0.010..0.141 rows=25 loops=4)
                                                        Index Cond: (movie_id = mc.movie_id)
                                                        Filter: (note = '(voice)'::text)
                                                        Rows Removed by Filter: 127
                                      ->  Index Scan using name_pkey on name n  (cost=0.43..1.64 rows=1 width=19) (actual time=0.005..0.005 rows=0 loops=24)
                                            Index Cond: (id = ci.person_id)
                                            Filter: ((name ~~ '%Angel%'::text) AND ((gender)::text = 'f'::text))
                                            Rows Removed by Filter: 1
                                ->  Index Only Scan using char_name_pkey on char_name chn  (cost=0.43..1.50 rows=1 width=4) (actual time=0.007..0.007 rows=1 loops=3)
                                      Index Cond: (id = ci.person_role_id)
                                      Heap Fetches: 3
                          ->  Index Scan using company_name_pkey on company_name cn  (cost=0.42..1.22 rows=1 width=4) (actual time=0.007..0.007 rows=1 loops=3)
                                Index Cond: (id = mc.company_id)
                                Filter: ((country_code)::text = '[us]'::text)
                    ->  Index Only Scan using person_id_aka_name on aka_name an  (cost=0.42..1.64 rows=2 width=4) (actual time=0.011..0.014 rows=5 loops=3)
                          Index Cond: (person_id = ci.person_id)
                          Heap Fetches: 15
              ->  Index Scan using movie_id_movie_info on movie_info mi  (cost=0.43..26.95 rows=1 width=8) (actual time=0.018..0.125 rows=1 loops=15)
                    Index Cond: (movie_id = ci.movie_id)
                    Filter: ((info IS NOT NULL) AND ((info ~~ 'Japan:%2007%'::text) OR (info ~~ 'USA:%2008%'::text)))
                    Rows Removed by Filter: 372
        ->  Seq Scan on info_type it  (cost=0.00..2.41 rows=1 width=4) (actual time=0.005..0.005 rows=1 loops=15)
              Filter: ((info)::text = 'release dates'::text)
              Rows Removed by Filter: 15
Planning time: 19.325 ms
Execution time: 416.259 ms
