Aggregate  (cost=80559.48..80559.49 rows=1 width=64) (actual time=418.555..418.555 rows=1 loops=1)
  ->  Nested Loop  (cost=3.14..80559.47 rows=1 width=32) (actual time=337.363..418.534 rows=15 loops=1)
        Join Filter: (ci.role_id = rt.id)
        ->  Nested Loop  (cost=3.14..80558.31 rows=1 width=36) (actual time=337.351..418.494 rows=15 loops=1)
              Join Filter: (ci.person_id = n.id)
              ->  Nested Loop  (cost=2.71..80556.72 rows=1 width=29) (actual time=336.534..417.642 rows=275 loops=1)
                    ->  Nested Loop  (cost=2.29..80555.50 rows=1 width=33) (actual time=336.521..416.930 rows=275 loops=1)
                          ->  Nested Loop  (cost=1.85..80554.00 rows=1 width=37) (actual time=336.506..416.103 rows=275 loops=1)
                                ->  Nested Loop  (cost=1.43..80552.34 rows=1 width=33) (actual time=336.487..415.546 rows=100 loops=1)
                                      Join Filter: (t.id = ci.movie_id)
                                      ->  Nested Loop  (cost=0.86..80513.54 rows=1 width=33) (actual time=336.468..414.950 rows=4 loops=1)
                                            Join Filter: (mi.info_type_id = it.id)
                                            ->  Seq Scan on info_type it  (cost=0.00..2.41 rows=1 width=4) (actual time=0.016..0.028 rows=1 loops=1)
                                                  Filter: ((info)::text = 'release dates'::text)
                                                  Rows Removed by Filter: 112
                                            ->  Nested Loop  (cost=0.86..80511.08 rows=4 width=37) (actual time=336.449..414.917 rows=4 loops=1)
                                                  Join Filter: (t.id = mi.movie_id)
                                                  ->  Nested Loop  (cost=0.43..80395.82 rows=4 width=29) (actual time=336.414..414.470 rows=4 loops=1)
                                                        ->  Seq Scan on title t  (cost=0.00..80246.86 rows=7 width=21) (actual time=33.484..414.328 rows=7 loops=1)
                                                              Filter: ((production_year >= 2007) AND (production_year <= 2008) AND (title ~~ '%Kung%Fu%Panda%'::text))
                                                              Rows Removed by Filter: 2528305
                                                        ->  Index Scan using movie_id_movie_companies on movie_companies mc  (cost=0.43..21.27 rows=1 width=8) (actual time=0.015..0.017 rows=1 loops=7)
                                                              Index Cond: (movie_id = t.id)
                                                              Filter: ((note ~~ '%(200%)%'::text) AND ((note ~~ '%(USA)%'::text) OR (note ~~ '%(worldwide)%'::text)))
                                                              Rows Removed by Filter: 6
                                                  ->  Index Scan using movie_id_movie_info on movie_info mi  (cost=0.43..28.80 rows=1 width=8) (actual time=0.021..0.110 rows=1 loops=4)
                                                        Index Cond: (movie_id = mc.movie_id)
                                                        Filter: ((info IS NOT NULL) AND ((info ~~ 'Japan:%2007%'::text) OR (info ~~ 'USA:%2008%'::text)))
                                                        Rows Removed by Filter: 287
                                      ->  Index Scan using movie_id_cast_info on cast_info ci  (cost=0.56..38.79 rows=1 width=16) (actual time=0.009..0.141 rows=25 loops=4)
                                            Index Cond: (movie_id = mc.movie_id)
                                            Filter: (note = '(voice)'::text)
                                            Rows Removed by Filter: 127
                                ->  Index Only Scan using person_id_aka_name on aka_name an  (cost=0.42..1.64 rows=2 width=4) (actual time=0.003..0.005 rows=3 loops=100)
                                      Index Cond: (person_id = ci.person_id)
                                      Heap Fetches: 275
                          ->  Index Only Scan using char_name_pkey on char_name chn  (cost=0.43..1.50 rows=1 width=4) (actual time=0.002..0.002 rows=1 loops=275)
                                Index Cond: (id = ci.person_role_id)
                                Heap Fetches: 275
                    ->  Index Scan using company_name_pkey on company_name cn  (cost=0.42..1.22 rows=1 width=4) (actual time=0.002..0.002 rows=1 loops=275)
                          Index Cond: (id = mc.company_id)
                          Filter: ((country_code)::text = '[us]'::text)
              ->  Index Scan using name_pkey on name n  (cost=0.43..1.58 rows=1 width=19) (actual time=0.003..0.003 rows=0 loops=275)
                    Index Cond: (id = an.person_id)
                    Filter: ((name ~~ '%Angel%'::text) AND ((gender)::text = 'f'::text))
                    Rows Removed by Filter: 1
        ->  Seq Scan on role_type rt  (cost=0.00..1.15 rows=1 width=4) (actual time=0.002..0.002 rows=1 loops=15)
              Filter: ((role)::text = 'actress'::text)
              Rows Removed by Filter: 1
Planning time: 19.303 ms
Execution time: 418.668 ms
