Aggregate  (cost=273460.02..273460.03 rows=1 width=64) (actual time=2872.428..2872.428 rows=1 loops=1)
  ->  Nested Loop  (cost=118755.56..273459.98 rows=8 width=32) (actual time=953.710..2870.254 rows=3575 loops=1)
        Join Filter: (n.id = an.person_id)
        ->  Nested Loop  (cost=118755.13..273456.67 rows=2 width=40) (actual time=938.651..2861.729 rows=2632 loops=1)
              ->  Nested Loop  (cost=118754.71..273448.48 rows=7 width=44) (actual time=938.629..2835.093 rows=8585 loops=1)
                    ->  Nested Loop  (cost=118754.28..273443.06 rows=2 width=52) (actual time=938.605..2822.932 rows=2129 loops=1)
                          Join Filter: (mi.info_type_id = it.id)
                          ->  Seq Scan on info_type it  (cost=0.00..2.41 rows=1 width=4) (actual time=0.015..0.026 rows=1 loops=1)
                                Filter: ((info)::text = 'release dates'::text)
                                Rows Removed by Filter: 112
                          ->  Nested Loop  (cost=118754.28..273437.98 rows=213 width=56) (actual time=938.586..2822.213 rows=2129 loops=1)
                                ->  Nested Loop  (cost=118753.85..266544.82 rows=259 width=48) (actual time=938.552..2777.697 rows=3349 loops=1)
                                      ->  Nested Loop  (cost=118753.42..265866.90 rows=474 width=27) (actual time=938.528..2749.437 rows=5686 loops=1)
                                            ->  Hash Join  (cost=118752.99..256289.05 rows=6552 width=31) (actual time=938.490..2727.099 rows=6552 loops=1)
                                                  Hash Cond: (ci.person_id = n.id)
                                                  ->  Nested Loop  (cost=0.56..134050.03 rows=276166 width=12) (actual time=0.159..1757.325 rows=276166 loops=1)
                                                        ->  Seq Scan on role_type rt  (cost=0.00..1.15 rows=1 width=4) (actual time=0.002..0.011 rows=1 loops=1)
                                                              Filter: ((role)::text = 'actress'::text)
                                                              Rows Removed by Filter: 11
                                                        ->  Index Scan using role_id_cast_info on cast_info ci  (cost=0.56..133252.59 rows=79629 width=16) (actual time=0.155..1719.667 rows=276166 loops=1)
                                                              Index Cond: (role_id = rt.id)
                                                              Filter: (note = ANY ('{(voice),"(voice: Japanese version)","(voice) (uncredited)","(voice: English version)"}'::text[]))
                                                              Rows Removed by Filter: 7175807
                                                  ->  Hash  (cost=118127.29..118127.29 rows=50011 width=19) (actual time=932.470..932.470 rows=50011 loops=1)
                                                        Buckets: 65536  Batches: 1  Memory Usage: 3135kB
                                                        ->  Seq Scan on name n  (cost=0.00..118127.29 rows=50011 width=19) (actual time=389.178..920.503 rows=50011 loops=1)
                                                              Filter: ((name ~~ '%An%'::text) AND ((gender)::text = 'f'::text))
                                                              Rows Removed by Filter: 4117480
                                            ->  Index Only Scan using char_name_pkey on char_name chn  (cost=0.43..1.46 rows=1 width=4) (actual time=0.003..0.003 rows=1 loops=6552)
                                                  Index Cond: (id = ci.person_role_id)
                                                  Heap Fetches: 5686
                                      ->  Index Scan using title_pkey on title t  (cost=0.43..1.43 rows=1 width=21) (actual time=0.004..0.004 rows=1 loops=5686)
                                            Index Cond: (id = ci.movie_id)
                                            Filter: (production_year > 2000)
                                            Rows Removed by Filter: 0
                                ->  Index Scan using movie_id_movie_info on movie_info mi  (cost=0.43..26.60 rows=1 width=8) (actual time=0.009..0.013 rows=1 loops=3349)
                                      Index Cond: (movie_id = t.id)
                                      Filter: ((info IS NOT NULL) AND ((info ~~ 'Japan:%200%'::text) OR (info ~~ 'USA:%200%'::text)))
                                      Rows Removed by Filter: 15
                    ->  Index Scan using movie_id_movie_companies on movie_companies mc  (cost=0.43..2.66 rows=5 width=8) (actual time=0.003..0.004 rows=4 loops=2129)
                          Index Cond: (movie_id = t.id)
              ->  Index Scan using company_name_pkey on company_name cn  (cost=0.42..1.17 rows=1 width=4) (actual time=0.003..0.003 rows=0 loops=8585)
                    Index Cond: (id = mc.company_id)
                    Filter: ((country_code)::text = '[us]'::text)
                    Rows Removed by Filter: 1
        ->  Index Only Scan using person_id_aka_name on aka_name an  (cost=0.42..1.63 rows=2 width=4) (actual time=0.002..0.003 rows=1 loops=2632)
              Index Cond: (person_id = ci.person_id)
              Heap Fetches: 3575
Planning time: 18.592 ms
Execution time: 2872.548 ms
