Aggregate  (cost=496954.34..496954.35 rows=1 width=64) (actual time=10657.715..10657.715 rows=1 loops=1)
  ->  Nested Loop  (cost=231508.92..496930.40 rows=4788 width=32) (actual time=2913.140..9878.155 rows=1760645 loops=1)
        ->  Nested Loop  (cost=231508.50..494522.54 rows=1464 width=40) (actual time=2912.877..7515.939 rows=787043 loops=1)
              Join Filter: (mi.info_type_id = it.id)
              Rows Removed by Join Filter: 3639796
              ->  Seq Scan on info_type it  (cost=0.00..2.41 rows=1 width=4) (actual time=0.012..0.028 rows=1 loops=1)
                    Filter: ((info)::text = 'release dates'::text)
                    Rows Removed by Filter: 112
              ->  Nested Loop  (cost=231508.50..492452.75 rows=165390 width=44) (actual time=2912.857..7081.555 rows=4426839 loops=1)
                    Join Filter: (t.id = mi.movie_id)
                    ->  Nested Loop  (cost=231508.06..349937.09 rows=5330 width=52) (actual time=2912.836..4582.942 rows=97320 loops=1)
                          ->  Nested Loop  (cost=231507.63..339622.48 rows=7056 width=56) (actual time=2912.810..4227.076 rows=104325 loops=1)
                                ->  Hash Join  (cost=231507.20..291180.16 rows=30581 width=37) (actual time=2912.773..3818.147 rows=104391 loops=1)
                                      Hash Cond: (mc.company_id = cn.id)
                                      ->  Hash Join  (cost=224514.20..280917.50 rows=258984 width=41) (actual time=2850.005..3679.122 rows=289362 loops=1)
                                            Hash Cond: (mc.movie_id = t.id)
                                            ->  Seq Scan on movie_companies mc  (cost=0.00..44881.29 rows=2609129 width=8) (actual time=0.013..270.373 rows=2609129 loops=1)
                                            ->  Hash  (cost=222409.12..222409.12 rows=168407 width=33) (actual time=2848.814..2848.814 rows=168407 loops=1)
                                                  Buckets: 262144  Batches: 1  Memory Usage: 14124kB
                                                  ->  Hash Join  (cost=84873.05..222409.12 rows=168407 width=33) (actual time=894.128..2788.970 rows=168407 loops=1)
                                                        Hash Cond: (ci.movie_id = t.id)
                                                        ->  Nested Loop  (cost=0.56..134050.03 rows=276166 width=12) (actual time=0.178..1767.540 rows=276166 loops=1)
                                                              ->  Seq Scan on role_type rt  (cost=0.00..1.15 rows=1 width=4) (actual time=0.007..0.016 rows=1 loops=1)
                                                                    Filter: ((role)::text = 'actress'::text)
                                                                    Rows Removed by Filter: 11
                                                              ->  Index Scan using role_id_cast_info on cast_info ci  (cost=0.56..133252.59 rows=79629 width=16) (actual time=0.168..1729.435 rows=276166 loops=1)
                                                                    Index Cond: (role_id = rt.id)
                                                                    Filter: (note = ANY ('{(voice),"(voice: Japanese version)","(voice) (uncredited)","(voice: English version)"}'::text[]))
                                                                    Rows Removed by Filter: 7175807
                                                        ->  Hash  (cost=67604.32..67604.32 rows=1381453 width=21) (actual time=888.267..888.267 rows=1381453 loops=1)
                                                              Buckets: 2097152  Batches: 1  Memory Usage: 90381kB
                                                              ->  Seq Scan on title t  (cost=0.00..67604.32 rows=1381453 width=21) (actual time=0.011..496.994 rows=1381453 loops=1)
                                                                    Filter: (production_year > 2000)
                                                                    Rows Removed by Filter: 1146859
                                      ->  Hash  (cost=5932.46..5932.46 rows=84843 width=4) (actual time=62.278..62.278 rows=84843 loops=1)
                                            Buckets: 131072  Batches: 1  Memory Usage: 4007kB
                                            ->  Seq Scan on company_name cn  (cost=0.00..5932.46 rows=84843 width=4) (actual time=0.009..46.992 rows=84843 loops=1)
                                                  Filter: ((country_code)::text = '[us]'::text)
                                                  Rows Removed by Filter: 150154
                                ->  Index Scan using name_pkey on name n  (cost=0.43..1.58 rows=1 width=19) (actual time=0.003..0.003 rows=1 loops=104391)
                                      Index Cond: (id = ci.person_id)
                                      Filter: ((gender)::text = 'f'::text)
                                      Rows Removed by Filter: 0
                          ->  Index Only Scan using char_name_pkey on char_name chn  (cost=0.43..1.46 rows=1 width=4) (actual time=0.003..0.003 rows=1 loops=104325)
                                Index Cond: (id = ci.person_role_id)
                                Heap Fetches: 97320
                    ->  Index Scan using movie_id_movie_info on movie_info mi  (cost=0.43..26.23 rows=41 width=8) (actual time=0.003..0.014 rows=45 loops=97320)
                          Index Cond: (movie_id = mc.movie_id)
        ->  Index Only Scan using person_id_aka_name on aka_name an  (cost=0.42..1.62 rows=2 width=4) (actual time=0.002..0.002 rows=2 loops=787043)
              Index Cond: (person_id = n.id)
              Heap Fetches: 1760645
Planning time: 20.470 ms
Execution time: 10659.976 ms
