Aggregate  (cost=347537.41..347537.42 rows=1 width=64) (actual time=22667.450..22667.451 rows=1 loops=1)
  ->  Nested Loop  (cost=181048.38..347523.26 rows=2829 width=32) (actual time=1740.654..21840.420 rows=1760645 loops=1)
        ->  Nested Loop  (cost=181047.96..345550.27 rows=1200 width=40) (actual time=1740.632..19346.207 rows=787043 loops=1)
              ->  Nested Loop  (cost=181047.54..341600.93 rows=3374 width=44) (actual time=1740.611..11016.701 rows=3229056 loops=1)
                    Join Filter: (t.id = mc.movie_id)
                    ->  Nested Loop  (cost=181047.11..339948.99 rows=618 width=52) (actual time=1740.592..8397.741 rows=341836 loops=1)
                          ->  Nested Loop  (cost=181046.68..338116.32 rows=1255 width=56) (actual time=1740.569..7321.381 rows=371543 loops=1)
                                ->  Nested Loop  (cost=181046.25..335180.97 rows=2279 width=35) (actual time=1740.184..5542.984 rows=546726 loops=1)
                                      ->  Hash Join  (cost=181045.82..319754.87 rows=9752 width=16) (actual time=1740.131..3974.748 rows=547117 loops=1)
                                            Hash Cond: (ci.movie_id = mi.movie_id)
                                            ->  Nested Loop  (cost=0.56..134050.03 rows=72993 width=12) (actual time=0.160..1859.790 rows=276166 loops=1)
                                                  ->  Seq Scan on role_type rt  (cost=0.00..1.15 rows=1 width=4) (actual time=0.006..0.014 rows=1 loops=1)
                                                        Filter: ((role)::text = 'actress'::text)
                                                        Rows Removed by Filter: 11
                                                  ->  Index Scan using role_id_cast_info on cast_info ci  (cost=0.56..133252.59 rows=79629 width=16) (actual time=0.153..1807.593 rows=276166 loops=1)
                                                        Index Cond: (role_id = rt.id)
                                                        Filter: (note = ANY ('{(voice),"(voice: Japanese version)","(voice) (uncredited)","(voice: English version)"}'::text[]))
                                                        Rows Removed by Filter: 7175807
                                            ->  Hash  (cost=179403.51..179403.51 rows=131339 width=4) (actual time=1739.691..1739.691 rows=3036719 loops=1)
                                                  Buckets: 4194304 (originally 262144)  Batches: 1 (originally 1)  Memory Usage: 139528kB
                                                  ->  Nested Loop  (cost=3971.58..179403.51 rows=131339 width=4) (actual time=164.326..1136.346 rows=3036719 loops=1)
                                                        ->  Seq Scan on info_type it  (cost=0.00..2.41 rows=1 width=4) (actual time=0.008..0.032 rows=1 loops=1)
                                                              Filter: ((info)::text = 'release dates'::text)
                                                              Rows Removed by Filter: 112
                                                        ->  Bitmap Heap Scan on movie_info mi  (cost=3971.58..177280.91 rows=212019 width=8) (actual time=164.315..665.096 rows=3036719 loops=1)
                                                              Recheck Cond: (info_type_id = it.id)
                                                              Heap Blocks: exact=25448
                                                              ->  Bitmap Index Scan on info_type_id_movie_info  (cost=0.00..3918.58 rows=212019 width=0) (actual time=158.812..158.812 rows=3036719 loops=1)
                                                                    Index Cond: (info_type_id = it.id)
                                      ->  Index Scan using name_pkey on name n  (cost=0.43..1.58 rows=1 width=19) (actual time=0.002..0.002 rows=1 loops=547117)
                                            Index Cond: (id = ci.person_id)
                                            Filter: ((gender)::text = 'f'::text)
                                            Rows Removed by Filter: 0
                                ->  Index Scan using title_pkey on title t  (cost=0.43..1.29 rows=1 width=21) (actual time=0.003..0.003 rows=1 loops=546726)
                                      Index Cond: (id = mi.movie_id)
                                      Filter: (production_year > 2000)
                                      Rows Removed by Filter: 0
                          ->  Index Only Scan using char_name_pkey on char_name chn  (cost=0.43..1.46 rows=1 width=4) (actual time=0.002..0.002 rows=1 loops=371543)
                                Index Cond: (id = ci.person_role_id)
                                Heap Fetches: 341836
                    ->  Index Scan using movie_id_movie_companies on movie_companies mc  (cost=0.43..2.61 rows=5 width=8) (actual time=0.002..0.005 rows=9 loops=341836)
                          Index Cond: (movie_id = mi.movie_id)
              ->  Index Scan using company_name_pkey on company_name cn  (cost=0.42..1.17 rows=1 width=4) (actual time=0.002..0.002 rows=0 loops=3229056)
                    Index Cond: (id = mc.company_id)
                    Filter: ((country_code)::text = '[us]'::text)
                    Rows Removed by Filter: 1
        ->  Index Only Scan using person_id_aka_name on aka_name an  (cost=0.42..1.62 rows=2 width=4) (actual time=0.002..0.003 rows=2 loops=787043)
              Index Cond: (person_id = n.id)
              Heap Fetches: 1760645
Planning time: 18.359 ms
Execution time: 22676.311 ms
