Aggregate  (cost=30039.20..30039.21 rows=1 width=68) (actual time=19.975..19.975 rows=1 loops=1)
  ->  Nested Loop  (cost=6464.17..30038.53 rows=89 width=45) (actual time=0.315..19.770 rows=142 loops=1)
        Join Filter: (mc.movie_id = t.id)
        ->  Hash Join  (cost=6463.74..29985.99 rows=89 width=32) (actual time=0.274..16.891 rows=142 loops=1)
              Hash Cond: (mc.company_type_id = ct.id)
              ->  Nested Loop  (cost=6462.68..29981.21 rows=357 width=36) (actual time=0.229..16.748 rows=147 loops=1)
                    ->  Nested Loop  (cost=6462.25..22162.36 rows=12213 width=4) (actual time=0.121..0.262 rows=250 loops=1)
                          ->  Seq Scan on info_type it  (cost=0.00..2.41 rows=1 width=4) (actual time=0.014..0.016 rows=1 loops=1)
                                Filter: ((info)::text = 'top 250 rank'::text)
                                Rows Removed by Filter: 112
                          ->  Bitmap Heap Scan on movie_info_idx mi_idx  (cost=6462.25..18709.86 rows=345009 width=8) (actual time=0.103..0.176 rows=250 loops=1)
                                Recheck Cond: (info_type_id = it.id)
                                Heap Blocks: exact=2
                                ->  Bitmap Index Scan on info_type_id_movie_info_idx  (cost=0.00..6375.99 rows=345009 width=0) (actual time=0.078..0.078 rows=250 loops=1)
                                      Index Cond: (info_type_id = it.id)
                    ->  Index Scan using movie_id_movie_companies on movie_companies mc  (cost=0.43..0.63 rows=1 width=32) (actual time=0.064..0.065 rows=1 loops=250)
                          Index Cond: (movie_id = mi_idx.movie_id)
                          Filter: ((note !~~ '%(as Metro-Goldwyn-Mayer Pictures)%'::text) AND ((note ~~ '%(co-production)%'::text) OR (note ~~ '%(presents)%'::text)))
                          Rows Removed by Filter: 33
              ->  Hash  (cost=1.05..1.05 rows=1 width=4) (actual time=0.016..0.016 rows=1 loops=1)
                    Buckets: 1024  Batches: 1  Memory Usage: 9kB
                    ->  Seq Scan on company_type ct  (cost=0.00..1.05 rows=1 width=4) (actual time=0.009..0.010 rows=1 loops=1)
                          Filter: ((kind)::text = 'production companies'::text)
                          Rows Removed by Filter: 3
        ->  Index Scan using title_pkey on title t  (cost=0.43..0.58 rows=1 width=25) (actual time=0.019..0.019 rows=1 loops=142)
              Index Cond: (id = mi_idx.movie_id)
Planning time: 1.331 ms
Execution time: 20.073 ms
