Aggregate  (cost=40336.24..40336.25 rows=1 width=32) (actual time=1340.120..1340.120 rows=1 loops=1)
  ->  Nested Loop  (cost=3782.29..40336.24 rows=1 width=17) (actual time=71.492..1340.048 rows=17 loops=1)
        ->  Nested Loop  (cost=3781.86..40334.86 rows=3 width=21) (actual time=71.482..1339.813 rows=27 loops=1)
              ->  Nested Loop  (cost=3781.43..24319.84 rows=34982 width=25) (actual time=50.072..483.827 rows=222518 loops=1)
                    Join Filter: (t.id = ci.movie_id)
                    ->  Hash Join  (cost=3780.87..21396.01 rows=1472 width=29) (actual time=50.060..205.602 rows=1472 loops=1)
                          Hash Cond: (cc.status_id = cct2.id)
                          ->  Hash Join  (cost=3779.79..21379.62 rows=1472 width=33) (actual time=50.042..204.687 rows=1472 loops=1)
                                Hash Cond: (t.kind_id = kt.id)
                                ->  Nested Loop  (cost=3778.69..21357.25 rows=1872 width=37) (actual time=49.667..203.735 rows=1872 loops=1)
                                      ->  Hash Join  (cost=3778.26..17064.34 rows=8765 width=12) (actual time=49.347..161.822 rows=8765 loops=1)
                                            Hash Cond: (cc.subject_id = cct1.id)
                                            ->  Hash Join  (cost=3777.20..16929.97 rows=12810 width=16) (actual time=49.340..158.200 rows=12810 loops=1)
                                                  Hash Cond: (mk.movie_id = cc.movie_id)
                                                  ->  Nested Loop  (cost=6.77..12178.50 rows=35548 width=4) (actual time=0.665..95.023 rows=35548 loops=1)
                                                        ->  Seq Scan on keyword k  (cost=0.00..3632.40 rows=8 width=4) (actual time=0.148..43.429 rows=8 loops=1)
                                                              Filter: (keyword = ANY ('{superhero,sequel,second-part,marvel-comics,based-on-comic,tv-special,fight,violence}'::text[]))
                                                              Rows Removed by Filter: 134162
                                                        ->  Bitmap Heap Scan on movie_keyword mk  (cost=6.77..1065.25 rows=301 width=8) (actual time=1.098..5.751 rows=4444 loops=8)
                                                              Recheck Cond: (keyword_id = k.id)
                                                              Heap Blocks: exact=23488
                                                              ->  Bitmap Index Scan on keyword_id_movie_keyword  (cost=0.00..6.69 rows=301 width=0) (actual time=0.599..0.599 rows=4444 loops=8)
                                                                    Index Cond: (keyword_id = k.id)
                                                  ->  Hash  (cost=2081.86..2081.86 rows=135086 width=12) (actual time=48.363..48.363 rows=135086 loops=1)
                                                        Buckets: 262144  Batches: 1  Memory Usage: 7853kB
                                                        ->  Seq Scan on complete_cast cc  (cost=0.00..2081.86 rows=135086 width=12) (actual time=0.009..23.993 rows=135086 loops=1)
                                            ->  Hash  (cost=1.05..1.05 rows=1 width=4) (actual time=0.003..0.003 rows=1 loops=1)
                                                  Buckets: 1024  Batches: 1  Memory Usage: 9kB
                                                  ->  Seq Scan on comp_cast_type cct1  (cost=0.00..1.05 rows=1 width=4) (actual time=0.001..0.002 rows=1 loops=1)
                                                        Filter: ((kind)::text = 'cast'::text)
                                                        Rows Removed by Filter: 3
                                      ->  Index Scan using title_pkey on title t  (cost=0.43..0.49 rows=1 width=25) (actual time=0.004..0.004 rows=0 loops=8765)
                                            Index Cond: (id = mk.movie_id)
                                            Filter: (production_year > 2000)
                                            Rows Removed by Filter: 1
                                ->  Hash  (cost=1.09..1.09 rows=1 width=4) (actual time=0.004..0.004 rows=1 loops=1)
                                      Buckets: 1024  Batches: 1  Memory Usage: 9kB
                                      ->  Seq Scan on kind_type kt  (cost=0.00..1.09 rows=1 width=4) (actual time=0.003..0.003 rows=1 loops=1)
                                            Filter: ((kind)::text = 'movie'::text)
                                            Rows Removed by Filter: 6
                          ->  Hash  (cost=1.05..1.05 rows=2 width=4) (actual time=0.010..0.010 rows=2 loops=1)
                                Buckets: 1024  Batches: 1  Memory Usage: 9kB
                                ->  Seq Scan on comp_cast_type cct2  (cost=0.00..1.05 rows=2 width=4) (actual time=0.007..0.008 rows=2 loops=1)
                                      Filter: ((kind)::text ~~ '%complete%'::text)
                                      Rows Removed by Filter: 2
                    ->  Index Scan using movie_id_cast_info on cast_info ci  (cost=0.56..1.52 rows=37 width=12) (actual time=0.008..0.147 rows=151 loops=1472)
                          Index Cond: (movie_id = mk.movie_id)
              ->  Index Scan using name_pkey on name n  (cost=0.43..0.46 rows=1 width=4) (actual time=0.004..0.004 rows=0 loops=222518)
                    Index Cond: (id = ci.person_id)
                    Filter: (name ~~ '%Downey%Robert%'::text)
                    Rows Removed by Filter: 1
        ->  Index Scan using char_name_pkey on char_name chn  (cost=0.43..0.46 rows=1 width=4) (actual time=0.008..0.008 rows=1 loops=27)
              Index Cond: (id = ci.person_role_id)
              Filter: ((name !~~ '%Sherlock%'::text) AND ((name ~~ '%Tony%Stark%'::text) OR (name ~~ '%Iron%Man%'::text)))
              Rows Removed by Filter: 0
Planning time: 13.193 ms
Execution time: 1340.261 ms
