Aggregate  (cost=26732.36..26732.37 rows=1 width=96) (actual time=246.807..246.807 rows=1 loops=1)
  ->  Nested Loop  (cost=8.91..26732.35 rows=1 width=42) (actual time=8.688..246.762 rows=31 loops=1)
        Join Filter: (mc.company_type_id = ct.id)
        ->  Nested Loop  (cost=8.91..26731.01 rows=6 width=46) (actual time=8.683..246.739 rows=31 loops=1)
              Join Filter: (mi.info_type_id = it1.id)
              Rows Removed by Join Filter: 3
              ->  Seq Scan on info_type it1  (cost=0.00..2.41 rows=1 width=4) (actual time=0.009..0.022 rows=1 loops=1)
                    Filter: ((info)::text = 'countries'::text)
                    Rows Removed by Filter: 112
              ->  Nested Loop  (cost=8.91..26685.75 rows=3428 width=50) (actual time=8.673..246.705 rows=34 loops=1)
                    Join Filter: (t.id = mi.movie_id)
                    ->  Nested Loop  (cost=8.47..26660.76 rows=16 width=62) (actual time=8.643..244.926 rows=50 loops=1)
                          Join Filter: (mi_idx.info_type_id = it2.id)
                          Rows Removed by Join Filter: 103
                          ->  Seq Scan on info_type it2  (cost=0.00..2.41 rows=1 width=4) (actual time=0.011..0.016 rows=1 loops=1)
                                Filter: ((info)::text = 'rating'::text)
                                Rows Removed by Filter: 112
                          ->  Nested Loop  (cost=8.47..26656.44 rows=153 width=66) (actual time=8.630..244.877 rows=153 loops=1)
                                Join Filter: (t.id = mi_idx.movie_id)
                                ->  Nested Loop  (cost=8.05..26623.25 rows=62 width=52) (actual time=8.621..244.387 rows=62 loops=1)
                                      ->  Nested Loop  (cost=7.63..26576.63 rows=95 width=37) (actual time=8.614..243.904 rows=95 loops=1)
                                            Join Filter: (t.id = mc.movie_id)
                                            ->  Nested Loop  (cost=7.20..24544.01 rows=3517 width=25) (actual time=4.158..212.858 rows=3517 loops=1)
                                                  Join Filter: (t.kind_id = kt.id)
                                                  Rows Removed by Join Filter: 1618
                                                  ->  Nested Loop  (cost=7.20..24427.48 rows=4040 width=29) (actual time=4.148..210.602 rows=4040 loops=1)
                                                        ->  Nested Loop  (cost=6.77..6261.07 rows=37091 width=4) (actual time=4.115..84.321 rows=37091 loops=1)
                                                              ->  Seq Scan on keyword k  (cost=0.00..2961.55 rows=3 width=4) (actual time=1.327..28.552 rows=3 loops=1)
                                                                    Filter: (keyword = ANY ('{murder,murder-in-title,blood,violence}'::text[]))
                                                                    Rows Removed by Filter: 134167
                                                              ->  Bitmap Heap Scan on movie_keyword mk  (cost=6.77..1096.83 rows=301 width=8) (actual time=3.214..16.557 rows=12364 loops=3)
                                                                    Recheck Cond: (keyword_id = k.id)
                                                                    Heap Blocks: exact=26312
                                                                    ->  Bitmap Index Scan on keyword_id_movie_keyword  (cost=0.00..6.69 rows=301 width=0) (actual time=1.634..1.634 rows=12364 loops=3)
                                                                          Index Cond: (keyword_id = k.id)
                                                        ->  Index Scan using title_pkey on title t  (cost=0.43..0.49 rows=1 width=25) (actual time=0.003..0.003 rows=0 loops=37091)
                                                              Index Cond: (id = mk.movie_id)
                                                              Filter: (production_year > 2009)
                                                              Rows Removed by Filter: 1
                                                  ->  Materialize  (cost=0.00..1.10 rows=2 width=4) (actual time=0.000..0.000 rows=1 loops=4040)
                                                        ->  Seq Scan on kind_type kt  (cost=0.00..1.09 rows=2 width=4) (actual time=0.004..0.006 rows=2 loops=1)
                                                              Filter: ((kind)::text = ANY ('{movie,episode}'::text[]))
                                                              Rows Removed by Filter: 5
                                            ->  Index Scan using movie_id_movie_companies on movie_companies mc  (cost=0.43..0.57 rows=1 width=12) (actual time=0.008..0.009 rows=0 loops=3517)
                                                  Index Cond: (movie_id = mk.movie_id)
                                                  Filter: ((note !~~ '%(USA)%'::text) AND (note ~~ '%(200%)%'::text))
                                                  Rows Removed by Filter: 8
                                      ->  Index Scan using company_name_pkey on company_name cn  (cost=0.42..0.49 rows=1 width=23) (actual time=0.004..0.004 rows=1 loops=95)
                                            Index Cond: (id = mc.company_id)
                                            Filter: ((country_code)::text <> '[us]'::text)
                                            Rows Removed by Filter: 0
                                ->  Index Scan using movie_id_movie_info_idx on movie_info_idx mi_idx  (cost=0.43..0.50 rows=3 width=14) (actual time=0.005..0.007 rows=2 loops=62)
                                      Index Cond: (movie_id = mk.movie_id)
                                      Filter: (info < '7.0'::text)
                                      Rows Removed by Filter: 0
                    ->  Index Scan using movie_id_movie_info on movie_info mi  (cost=0.43..1.54 rows=2 width=8) (actual time=0.033..0.035 rows=1 loops=50)
                          Index Cond: (movie_id = mk.movie_id)
                          Filter: (info = ANY ('{Germany,German,USA,American}'::text[]))
                          Rows Removed by Filter: 53
        ->  Materialize  (cost=0.00..1.06 rows=4 width=4) (actual time=0.000..0.000 rows=1 loops=31)
              ->  Seq Scan on company_type ct  (cost=0.00..1.04 rows=4 width=4) (actual time=0.003..0.003 rows=1 loops=1)
Planning time: 31.559 ms
Execution time: 246.925 ms
