Aggregate  (cost=27244.68..27244.69 rows=1 width=96) (actual time=2899.817..2899.817 rows=1 loops=1)
  ->  Nested Loop  (cost=8.91..27244.68 rows=1 width=42) (actual time=4.914..2879.830 rows=21489 loops=1)
        Join Filter: (mi.info_type_id = it1.id)
        Rows Removed by Join Filter: 3123
        ->  Nested Loop  (cost=8.91..27242.25 rows=1 width=46) (actual time=4.909..2753.914 rows=24612 loops=1)
              Join Filter: (t.id = mi.movie_id)
              ->  Nested Loop  (cost=8.47..27240.38 rows=1 width=58) (actual time=4.890..629.966 rows=23425 loops=1)
                    ->  Nested Loop  (cost=8.05..27239.89 rows=1 width=43) (actual time=4.884..531.627 rows=25316 loops=1)
                          Join Filter: (mc.company_type_id = ct.id)
                          ->  Nested Loop  (cost=8.05..27238.49 rows=7 width=47) (actual time=4.880..518.797 rows=25316 loops=1)
                                Join Filter: (t.id = mc.movie_id)
                                ->  Nested Loop  (cost=7.62..27232.14 rows=11 width=35) (actual time=4.215..425.454 rows=5949 loops=1)
                                      Join Filter: (t.kind_id = kt.id)
                                      Rows Removed by Join Filter: 3227
                                      ->  Nested Loop  (cost=7.62..27229.90 rows=40 width=39) (actual time=4.168..420.663 rows=7271 loops=1)
                                            ->  Nested Loop  (cost=7.19..27181.42 rows=99 width=14) (actual time=4.157..288.285 rows=31800 loops=1)
                                                  Join Filter: (mi_idx.info_type_id = it2.id)
                                                  Rows Removed by Join Filter: 62852
                                                  ->  Seq Scan on info_type it2  (cost=0.00..2.41 rows=1 width=4) (actual time=0.016..0.018 rows=1 loops=1)
                                                        Filter: ((info)::text = 'rating'::text)
                                                        Rows Removed by Filter: 112
                                                  ->  Nested Loop  (cost=7.19..25840.09 rows=107113 width=18) (actual time=4.138..274.099 rows=94652 loops=1)
                                                        ->  Nested Loop  (cost=6.77..6261.07 rows=37091 width=4) (actual time=4.121..92.277 rows=37091 loops=1)
                                                              ->  Seq Scan on keyword k  (cost=0.00..2961.55 rows=3 width=4) (actual time=1.317..28.582 rows=3 loops=1)
                                                                    Filter: (keyword = ANY ('{murder,murder-in-title,blood,violence}'::text[]))
                                                                    Rows Removed by Filter: 134167
                                                              ->  Bitmap Heap Scan on movie_keyword mk  (cost=6.77..1096.83 rows=301 width=8) (actual time=3.290..18.819 rows=12364 loops=3)
                                                                    Recheck Cond: (keyword_id = k.id)
                                                                    Heap Blocks: exact=26312
                                                                    ->  Bitmap Index Scan on keyword_id_movie_keyword  (cost=0.00..6.69 rows=301 width=0) (actual time=1.700..1.700 rows=12364 loops=3)
                                                                          Index Cond: (keyword_id = k.id)
                                                        ->  Index Scan using movie_id_movie_info_idx on movie_info_idx mi_idx  (cost=0.43..0.50 rows=3 width=14) (actual time=0.003..0.004 rows=3 loops=37091)
                                                              Index Cond: (movie_id = mk.movie_id)
                                                              Filter: (info < '8.5'::text)
                                                              Rows Removed by Filter: 0
                                            ->  Index Scan using title_pkey on title t  (cost=0.43..0.49 rows=1 width=25) (actual time=0.004..0.004 rows=0 loops=31800)
                                                  Index Cond: (id = mk.movie_id)
                                                  Filter: (production_year > 2005)
                                                  Rows Removed by Filter: 1
                                      ->  Materialize  (cost=0.00..1.10 rows=2 width=4) (actual time=0.000..0.000 rows=1 loops=7271)
                                            ->  Seq Scan on kind_type kt  (cost=0.00..1.09 rows=2 width=4) (actual time=0.004..0.006 rows=2 loops=1)
                                                  Filter: ((kind)::text = ANY ('{movie,episode}'::text[]))
                                                  Rows Removed by Filter: 5
                                ->  Index Scan using movie_id_movie_companies on movie_companies mc  (cost=0.43..0.57 rows=1 width=12) (actual time=0.008..0.014 rows=4 loops=5949)
                                      Index Cond: (movie_id = mk.movie_id)
                                      Filter: ((note !~~ '%(USA)%'::text) AND (note ~~ '%(200%)%'::text))
                                      Rows Removed by Filter: 8
                          ->  Materialize  (cost=0.00..1.06 rows=4 width=4) (actual time=0.000..0.000 rows=1 loops=25316)
                                ->  Seq Scan on company_type ct  (cost=0.00..1.04 rows=4 width=4) (actual time=0.003..0.003 rows=1 loops=1)
                    ->  Index Scan using company_name_pkey on company_name cn  (cost=0.42..0.49 rows=1 width=23) (actual time=0.003..0.003 rows=1 loops=25316)
                          Index Cond: (id = mc.company_id)
                          Filter: ((country_code)::text <> '[us]'::text)
                          Rows Removed by Filter: 0
              ->  Index Scan using movie_id_movie_info on movie_info mi  (cost=0.43..1.84 rows=2 width=8) (actual time=0.075..0.090 rows=1 loops=23425)
                    Index Cond: (movie_id = mk.movie_id)
                    Filter: (info = ANY ('{Sweden,Norway,Germany,Denmark,Swedish,Danish,Norwegian,German,USA,American}'::text[]))
                    Rows Removed by Filter: 180
        ->  Seq Scan on info_type it1  (cost=0.00..2.41 rows=1 width=4) (actual time=0.003..0.004 rows=1 loops=24612)
              Filter: ((info)::text = 'countries'::text)
              Rows Removed by Filter: 20
Planning time: 29.372 ms
Execution time: 2899.943 ms
