Aggregate  (cost=8145.50..8145.51 rows=1 width=64) (actual time=37.909..37.909 rows=1 loops=1)
  ->  Nested Loop  (cost=8.90..8145.49 rows=1 width=27) (actual time=37.848..37.898 rows=16 loops=1)
        ->  Nested Loop  (cost=8.48..8145.05 rows=1 width=31) (actual time=37.839..37.851 rows=16 loops=1)
              Join Filter: (mc.company_type_id = ct.id)
              Rows Removed by Join Filter: 48
              ->  Seq Scan on company_type ct  (cost=0.00..1.04 rows=4 width=4) (actual time=0.004..0.005 rows=4 loops=1)
              ->  Materialize  (cost=8.48..8143.89 rows=2 width=35) (actual time=1.050..9.459 rows=16 loops=4)
                    ->  Nested Loop  (cost=8.48..8143.88 rows=2 width=35) (actual time=4.197..37.821 rows=16 loops=1)
                          Join Filter: (mi.info_type_id = it1.id)
                          ->  Seq Scan on info_type it1  (cost=0.00..2.41 rows=1 width=4) (actual time=0.006..0.014 rows=1 loops=1)
                                Filter: ((info)::text = 'release dates'::text)
                                Rows Removed by Filter: 112
                          ->  Nested Loop  (cost=8.48..8141.27 rows=16 width=39) (actual time=4.190..37.801 rows=16 loops=1)
                                Join Filter: (t.id = mc.movie_id)
                                ->  Nested Loop  (cost=8.05..8131.62 rows=16 width=47) (actual time=4.184..37.745 rows=16 loops=1)
                                      Join Filter: (t.id = mi.movie_id)
                                      ->  Nested Loop  (cost=7.62..8038.67 rows=60 width=39) (actual time=1.461..33.794 rows=60 loops=1)
                                            Join Filter: (t.kind_id = kt.id)
                                            Rows Removed by Join Filter: 1
                                            ->  Seq Scan on kind_type kt  (cost=0.00..1.09 rows=1 width=14) (actual time=0.002..0.003 rows=1 loops=1)
                                                  Filter: ((kind)::text = 'movie'::text)
                                                  Rows Removed by Filter: 6
                                            ->  Nested Loop  (cost=7.62..8036.82 rows=61 width=33) (actual time=1.459..33.771 rows=61 loops=1)
                                                  ->  Nested Loop  (cost=7.19..7881.07 rows=318 width=8) (actual time=1.440..32.537 rows=318 loops=1)
                                                        Join Filter: (cc.status_id = cct1.id)
                                                        Rows Removed by Join Filter: 312
                                                        ->  Seq Scan on comp_cast_type cct1  (cost=0.00..1.05 rows=1 width=4) (actual time=0.002..0.002 rows=1 loops=1)
                                                              Filter: ((kind)::text = 'complete+verified'::text)
                                                              Rows Removed by Filter: 3
                                                        ->  Nested Loop  (cost=7.19..7872.15 rows=630 width=12) (actual time=1.060..32.422 rows=630 loops=1)
                                                              ->  Nested Loop  (cost=6.77..7332.86 rows=1133 width=4) (actual time=0.926..29.336 rows=1133 loops=1)
                                                                    ->  Seq Scan on keyword k  (cost=0.00..2961.55 rows=4 width=4) (actual time=0.769..27.455 rows=4 loops=1)
                                                                          Filter: (keyword = ANY ('{nerd,loner,alienation,dignity}'::text[]))
                                                                          Rows Removed by Filter: 134166
                                                                    ->  Bitmap Heap Scan on movie_keyword mk  (cost=6.77..1089.82 rows=301 width=8) (actual time=0.077..0.419 rows=283 loops=4)
                                                                          Recheck Cond: (keyword_id = k.id)
                                                                          Heap Blocks: exact=1083
                                                                          ->  Bitmap Index Scan on keyword_id_movie_keyword  (cost=0.00..6.69 rows=301 width=0) (actual time=0.040..0.040 rows=283 loops=4)
                                                                                Index Cond: (keyword_id = k.id)
                                                              ->  Index Scan using movie_id_complete_cast on complete_cast cc  (cost=0.42..0.46 rows=2 width=8) (actual time=0.002..0.002 rows=1 loops=1133)
                                                                    Index Cond: (movie_id = mk.movie_id)
                                                  ->  Index Scan using title_pkey on title t  (cost=0.43..0.49 rows=1 width=25) (actual time=0.004..0.004 rows=0 loops=318)
                                                        Index Cond: (id = mk.movie_id)
                                                        Filter: (production_year > 2000)
                                                        Rows Removed by Filter: 1
                                      ->  Index Scan using movie_id_movie_info on movie_info mi  (cost=0.43..1.54 rows=1 width=8) (actual time=0.064..0.065 rows=0 loops=60)
                                            Index Cond: (movie_id = mk.movie_id)
                                            Filter: ((note ~~ '%internet%'::text) AND (info ~~ 'USA:% 200%'::text))
                                            Rows Removed by Filter: 214
                                ->  Index Scan using movie_id_movie_companies on movie_companies mc  (cost=0.43..0.54 rows=5 width=12) (actual time=0.002..0.003 rows=1 loops=16)
                                      Index Cond: (movie_id = mk.movie_id)
        ->  Index Scan using company_name_pkey on company_name cn  (cost=0.42..0.45 rows=1 width=4) (actual time=0.002..0.002 rows=1 loops=16)
              Index Cond: (id = mc.company_id)
              Filter: ((country_code)::text = '[us]'::text)
Planning time: 29.338 ms
Execution time: 38.000 ms
