Aggregate  (cost=8057.18..8057.19 rows=1 width=64) (actual time=38.033..38.033 rows=1 loops=1)
  ->  Nested Loop  (cost=8.90..8057.18 rows=1 width=27) (actual time=4.101..38.017 rows=16 loops=1)
        Join Filter: (mi.info_type_id = it1.id)
        ->  Nested Loop  (cost=8.90..8054.75 rows=1 width=31) (actual time=4.095..37.943 rows=16 loops=1)
              Join Filter: (mc.company_type_id = ct.id)
              Rows Removed by Join Filter: 16
              ->  Nested Loop  (cost=8.90..8053.66 rows=1 width=35) (actual time=4.091..37.908 rows=16 loops=1)
                    ->  Nested Loop  (cost=8.48..8053.22 rows=1 width=39) (actual time=4.083..37.851 rows=16 loops=1)
                          Join Filter: (t.id = mc.movie_id)
                          ->  Nested Loop  (cost=8.05..8052.61 rows=1 width=47) (actual time=4.078..37.788 rows=16 loops=1)
                                Join Filter: (t.id = mi.movie_id)
                                ->  Nested Loop  (cost=7.62..8038.67 rows=9 width=39) (actual time=1.473..33.864 rows=60 loops=1)
                                      Join Filter: (t.kind_id = kt.id)
                                      Rows Removed by Join Filter: 1
                                      ->  Seq Scan on kind_type kt  (cost=0.00..1.09 rows=1 width=14) (actual time=0.005..0.007 rows=1 loops=1)
                                            Filter: ((kind)::text = 'movie'::text)
                                            Rows Removed by Filter: 6
                                      ->  Nested Loop  (cost=7.62..8036.82 rows=61 width=33) (actual time=1.466..33.837 rows=61 loops=1)
                                            ->  Nested Loop  (cost=7.19..7881.07 rows=318 width=8) (actual time=1.445..32.616 rows=318 loops=1)
                                                  Join Filter: (cc.status_id = cct1.id)
                                                  Rows Removed by Join Filter: 312
                                                  ->  Seq Scan on comp_cast_type cct1  (cost=0.00..1.05 rows=1 width=4) (actual time=0.002..0.003 rows=1 loops=1)
                                                        Filter: ((kind)::text = 'complete+verified'::text)
                                                        Rows Removed by Filter: 3
                                                  ->  Nested Loop  (cost=7.19..7872.15 rows=630 width=12) (actual time=1.066..32.501 rows=630 loops=1)
                                                        ->  Nested Loop  (cost=6.77..7332.86 rows=1133 width=4) (actual time=0.934..29.432 rows=1133 loops=1)
                                                              ->  Seq Scan on keyword k  (cost=0.00..2961.55 rows=4 width=4) (actual time=0.775..27.550 rows=4 loops=1)
                                                                    Filter: (keyword = ANY ('{nerd,loner,alienation,dignity}'::text[]))
                                                                    Rows Removed by Filter: 134166
                                                              ->  Bitmap Heap Scan on movie_keyword mk  (cost=6.77..1089.82 rows=301 width=8) (actual time=0.077..0.417 rows=283 loops=4)
                                                                    Recheck Cond: (keyword_id = k.id)
                                                                    Heap Blocks: exact=1083
                                                                    ->  Bitmap Index Scan on keyword_id_movie_keyword  (cost=0.00..6.69 rows=301 width=0) (actual time=0.041..0.041 rows=283 loops=4)
                                                                          Index Cond: (keyword_id = k.id)
                                                        ->  Index Scan using movie_id_complete_cast on complete_cast cc  (cost=0.42..0.46 rows=2 width=8) (actual time=0.002..0.002 rows=1 loops=1133)
                                                              Index Cond: (movie_id = mk.movie_id)
                                            ->  Index Scan using title_pkey on title t  (cost=0.43..0.49 rows=1 width=25) (actual time=0.003..0.003 rows=0 loops=318)
                                                  Index Cond: (id = mk.movie_id)
                                                  Filter: (production_year > 2000)
                                                  Rows Removed by Filter: 1
                                ->  Index Scan using movie_id_movie_info on movie_info mi  (cost=0.43..1.54 rows=1 width=8) (actual time=0.063..0.065 rows=0 loops=60)
                                      Index Cond: (movie_id = mk.movie_id)
                                      Filter: ((note ~~ '%internet%'::text) AND (info ~~ 'USA:% 200%'::text))
                                      Rows Removed by Filter: 214
                          ->  Index Scan using movie_id_movie_companies on movie_companies mc  (cost=0.43..0.54 rows=5 width=12) (actual time=0.003..0.003 rows=1 loops=16)
                                Index Cond: (movie_id = mk.movie_id)
                    ->  Index Scan using company_name_pkey on company_name cn  (cost=0.42..0.45 rows=1 width=4) (actual time=0.003..0.003 rows=1 loops=16)
                          Index Cond: (id = mc.company_id)
                          Filter: ((country_code)::text = '[us]'::text)
              ->  Seq Scan on company_type ct  (cost=0.00..1.04 rows=4 width=4) (actual time=0.001..0.001 rows=2 loops=16)
        ->  Seq Scan on info_type it1  (cost=0.00..2.41 rows=1 width=4) (actual time=0.004..0.004 rows=1 loops=16)
              Filter: ((info)::text = 'release dates'::text)
              Rows Removed by Filter: 15
Planning time: 29.070 ms
Execution time: 38.135 ms
