Aggregate  (cost=89765.67..89765.68 rows=1 width=64) (actual time=373.244..373.244 rows=1 loops=1)
  ->  Nested Loop  (cost=4.79..89765.62 rows=10 width=27) (actual time=62.563..372.879 rows=628 loops=1)
        ->  Nested Loop  (cost=4.37..89761.23 rows=10 width=31) (actual time=62.550..370.701 rows=628 loops=1)
              ->  Nested Loop  (cost=3.93..89759.45 rows=1 width=43) (actual time=62.540..370.342 rows=7 loops=1)
                    Join Filter: (mc.company_type_id = ct.id)
                    Rows Removed by Join Filter: 5
                    ->  Nested Loop  (cost=3.93..89758.36 rows=1 width=47) (actual time=62.534..370.307 rows=7 loops=1)
                          ->  Nested Loop  (cost=3.51..89757.47 rows=2 width=51) (actual time=62.524..370.251 rows=7 loops=1)
                                ->  Nested Loop  (cost=3.08..89756.84 rows=1 width=39) (actual time=62.510..370.186 rows=6 loops=1)
                                      Join Filter: (mi.info_type_id = it1.id)
                                      ->  Seq Scan on info_type it1  (cost=0.00..2.41 rows=1 width=4) (actual time=0.010..0.021 rows=1 loops=1)
                                            Filter: ((info)::text = 'release dates'::text)
                                            Rows Removed by Filter: 112
                                      ->  Nested Loop  (cost=3.08..89753.61 rows=66 width=43) (actual time=62.498..370.159 rows=6 loops=1)
                                            ->  Hash Join  (cost=2.65..63943.19 rows=13349 width=35) (actual time=0.047..134.125 rows=5053 loops=1)
                                                  Hash Cond: (t.kind_id = kt.id)
                                                  ->  Nested Loop  (cost=1.49..63676.72 rows=23361 width=29) (actual time=0.032..131.900 rows=6424 loops=1)
                                                        ->  Hash Join  (cost=1.06..3488.66 rows=33772 width=4) (actual time=0.014..35.867 rows=24592 loops=1)
                                                              Hash Cond: (cc.status_id = cct1.id)
                                                              ->  Seq Scan on complete_cast cc  (cost=0.00..2081.86 rows=135086 width=8) (actual time=0.005..14.655 rows=135086 loops=1)
                                                              ->  Hash  (cost=1.05..1.05 rows=1 width=4) (actual time=0.003..0.003 rows=1 loops=1)
                                                                    Buckets: 1024  Batches: 1  Memory Usage: 9kB
                                                                    ->  Seq Scan on comp_cast_type cct1  (cost=0.00..1.05 rows=1 width=4) (actual time=0.002..0.002 rows=1 loops=1)
                                                                          Filter: ((kind)::text = 'complete+verified'::text)
                                                                          Rows Removed by Filter: 3
                                                        ->  Index Scan using title_pkey on title t  (cost=0.43..1.78 rows=1 width=25) (actual time=0.004..0.004 rows=0 loops=24592)
                                                              Index Cond: (id = cc.movie_id)
                                                              Filter: (production_year > 1990)
                                                              Rows Removed by Filter: 1
                                                  ->  Hash  (cost=1.10..1.10 rows=4 width=14) (actual time=0.009..0.009 rows=4 loops=1)
                                                        Buckets: 1024  Batches: 1  Memory Usage: 9kB
                                                        ->  Seq Scan on kind_type kt  (cost=0.00..1.10 rows=4 width=14) (actual time=0.003..0.006 rows=4 loops=1)
                                                              Filter: ((kind)::text = ANY ('{movie,"tv movie","video movie","video game"}'::text[]))
                                                              Rows Removed by Filter: 3
                                            ->  Index Scan using movie_id_movie_info on movie_info mi  (cost=0.43..1.92 rows=1 width=8) (actual time=0.046..0.046 rows=0 loops=5053)
                                                  Index Cond: (movie_id = t.id)
                                                  Filter: ((info IS NOT NULL) AND (note ~~ '%internet%'::text) AND ((info ~~ 'USA:% 199%'::text) OR (info ~~ 'USA:% 200%'::text)))
                                                  Rows Removed by Filter: 123
                                ->  Index Scan using movie_id_movie_companies on movie_companies mc  (cost=0.43..0.58 rows=5 width=12) (actual time=0.008..0.009 rows=1 loops=6)
                                      Index Cond: (movie_id = t.id)
                          ->  Index Scan using company_name_pkey on company_name cn  (cost=0.42..0.45 rows=1 width=4) (actual time=0.007..0.007 rows=1 loops=7)
                                Index Cond: (id = mc.company_id)
                                Filter: ((country_code)::text = '[us]'::text)
                    ->  Seq Scan on company_type ct  (cost=0.00..1.04 rows=4 width=4) (actual time=0.002..0.002 rows=2 loops=7)
              ->  Index Scan using movie_id_movie_keyword on movie_keyword mk  (cost=0.43..1.32 rows=46 width=8) (actual time=0.006..0.032 rows=90 loops=7)
                    Index Cond: (movie_id = t.id)
        ->  Index Only Scan using keyword_pkey on keyword k  (cost=0.42..0.44 rows=1 width=4) (actual time=0.003..0.003 rows=1 loops=628)
              Index Cond: (id = mk.keyword_id)
              Heap Fetches: 628
Planning time: 30.134 ms
Execution time: 373.357 ms
