Aggregate  (cost=6828.23..6828.24 rows=1 width=96) (actual time=194.712..194.712 rows=1 loops=1)
  ->  Nested Loop  (cost=10.33..6828.22 rows=1 width=48) (actual time=20.938..194.470 rows=275 loops=1)
        Join Filter: (mi.info_type_id = it.id)
        ->  Nested Loop  (cost=10.33..6825.79 rows=1 width=52) (actual time=20.930..193.222 rows=275 loops=1)
              ->  Nested Loop  (cost=9.91..6824.32 rows=1 width=56) (actual time=20.923..190.672 rows=892 loops=1)
                    Join Filter: (t.id = mc.movie_id)
                    ->  Nested Loop  (cost=9.48..6820.86 rows=1 width=68) (actual time=20.911..189.887 rows=65 loops=1)
                          ->  Nested Loop  (cost=9.05..6819.12 rows=1 width=56) (actual time=20.754..189.628 rows=66 loops=1)
                                Join Filter: (n.id = an.person_id)
                                ->  Nested Loop  (cost=8.63..6817.02 rows=1 width=64) (actual time=9.118..189.393 rows=37 loops=1)
                                      Join Filter: (ci.role_id = rt.id)
                                      ->  Nested Loop  (cost=8.63..6815.85 rows=1 width=68) (actual time=9.113..189.273 rows=37 loops=1)
                                            ->  Nested Loop  (cost=8.20..6814.00 rows=1 width=49) (actual time=1.132..173.964 rows=4439 loops=1)
                                                  Join Filter: (t.id = ci.movie_id)
                                                  ->  Nested Loop  (cost=7.63..6734.37 rows=2 width=33) (actual time=0.925..95.586 rows=738 loops=1)
                                                        Join Filter: (t.id = mi.movie_id)
                                                        ->  Nested Loop  (cost=7.20..6255.28 rows=15 width=25) (actual time=0.916..75.863 rows=495 loops=1)
                                                              ->  Nested Loop  (cost=6.77..6093.36 rows=101 width=4) (actual time=0.860..40.196 rows=9696 loops=1)
                                                                    ->  Seq Scan on keyword k  (cost=0.00..2793.84 rows=3 width=4) (actual time=0.017..25.207 rows=3 loops=1)
                                                                          Filter: (keyword = ANY ('{hero,martial-arts,hand-to-hand-combat}'::text[]))
                                                                          Rows Removed by Filter: 134167
                                                                    ->  Bitmap Heap Scan on movie_keyword mk  (cost=6.77..1096.83 rows=301 width=8) (actual time=0.830..4.430 rows=3232 loops=3)
                                                                          Recheck Cond: (keyword_id = k.id)
                                                                          Heap Blocks: exact=7446
                                                                          ->  Bitmap Index Scan on keyword_id_movie_keyword  (cost=0.00..6.69 rows=301 width=0) (actual time=0.440..0.440 rows=3232 loops=3)
                                                                                Index Cond: (keyword_id = k.id)
                                                              ->  Index Scan using title_pkey on title t  (cost=0.43..1.60 rows=1 width=21) (actual time=0.003..0.003 rows=0 loops=9696)
                                                                    Index Cond: (id = mk.movie_id)
                                                                    Filter: (production_year > 2010)
                                                                    Rows Removed by Filter: 1
                                                        ->  Index Scan using movie_id_movie_info on movie_info mi  (cost=0.43..31.93 rows=1 width=8) (actual time=0.014..0.039 rows=1 loops=495)
                                                              Index Cond: (movie_id = mk.movie_id)
                                                              Filter: ((info IS NOT NULL) AND ((info ~~ 'Japan:%201%'::text) OR (info ~~ 'USA:%201%'::text)))
                                                              Rows Removed by Filter: 70
                                                  ->  Index Scan using movie_id_cast_info on cast_info ci  (cost=0.56..39.80 rows=1 width=16) (actual time=0.068..0.104 rows=6 loops=738)
                                                        Index Cond: (movie_id = mk.movie_id)
                                                        Filter: (note = ANY ('{(voice),"(voice: Japanese version)","(voice) (uncredited)","(voice: English version)"}'::text[]))
                                                        Rows Removed by Filter: 128
                                            ->  Index Scan using name_pkey on name n  (cost=0.43..1.85 rows=1 width=19) (actual time=0.003..0.003 rows=0 loops=4439)
                                                  Index Cond: (id = ci.person_id)
                                                  Filter: ((name ~~ '%An%'::text) AND ((gender)::text = 'f'::text))
                                                  Rows Removed by Filter: 1
                                      ->  Seq Scan on role_type rt  (cost=0.00..1.15 rows=1 width=4) (actual time=0.001..0.001 rows=1 loops=37)
                                            Filter: ((role)::text = 'actress'::text)
                                            Rows Removed by Filter: 1
                                ->  Index Only Scan using person_id_aka_name on aka_name an  (cost=0.42..2.08 rows=2 width=4) (actual time=0.004..0.005 rows=2 loops=37)
                                      Index Cond: (person_id = ci.person_id)
                                      Heap Fetches: 66
                          ->  Index Scan using char_name_pkey on char_name chn  (cost=0.43..1.74 rows=1 width=20) (actual time=0.003..0.003 rows=1 loops=66)
                                Index Cond: (id = ci.person_role_id)
                    ->  Index Scan using movie_id_movie_companies on movie_companies mc  (cost=0.43..3.40 rows=5 width=8) (actual time=0.003..0.007 rows=14 loops=65)
                          Index Cond: (movie_id = mk.movie_id)
              ->  Index Scan using company_name_pkey on company_name cn  (cost=0.42..1.47 rows=1 width=4) (actual time=0.002..0.002 rows=0 loops=892)
                    Index Cond: (id = mc.company_id)
                    Filter: ((country_code)::text = '[us]'::text)
                    Rows Removed by Filter: 1
        ->  Seq Scan on info_type it  (cost=0.00..2.41 rows=1 width=4) (actual time=0.004..0.004 rows=1 loops=275)
              Filter: ((info)::text = 'release dates'::text)
              Rows Removed by Filter: 15
Planning time: 74.124 ms
Execution time: 194.842 ms
