Aggregate  (cost=7137.37..7137.38 rows=1 width=96) (actual time=41.845..41.845 rows=1 loops=1)
  ->  Nested Loop  (cost=4.00..7137.36 rows=1 width=48) (actual time=11.176..41.801 rows=45 loops=1)
        Join Filter: (n.id = an.person_id)
        ->  Nested Loop  (cost=3.57..7135.25 rows=1 width=56) (actual time=11.167..41.733 rows=9 loops=1)
              ->  Nested Loop  (cost=3.14..7133.40 rows=1 width=37) (actual time=11.128..41.514 rows=61 loops=1)
                    Join Filter: (rt.id = ci.role_id)
                    Rows Removed by Join Filter: 180
                    ->  Seq Scan on role_type rt  (cost=0.00..1.15 rows=1 width=4) (actual time=0.006..0.008 rows=1 loops=1)
                          Filter: ((role)::text = 'actress'::text)
                          Rows Removed by Filter: 11
                    ->  Nested Loop  (cost=3.14..7132.24 rows=1 width=41) (actual time=10.931..41.464 rows=241 loops=1)
                          ->  Nested Loop  (cost=2.71..7130.50 rows=1 width=29) (actual time=10.922..40.560 rows=244 loops=1)
                                Join Filter: (t.id = ci.movie_id)
                                ->  Nested Loop  (cost=2.15..7090.68 rows=1 width=33) (actual time=10.908..39.621 rows=9 loops=1)
                                      Join Filter: (it.id = mi.info_type_id)
                                      ->  Seq Scan on info_type it  (cost=0.00..2.41 rows=1 width=4) (actual time=0.005..0.015 rows=1 loops=1)
                                            Filter: ((info)::text = 'release dates'::text)
                                            Rows Removed by Filter: 112
                                      ->  Nested Loop  (cost=2.15..7088.26 rows=1 width=37) (actual time=10.902..39.596 rows=9 loops=1)
                                            Join Filter: (t.id = mi.movie_id)
                                            ->  Nested Loop  (cost=1.71..7056.32 rows=1 width=29) (actual time=10.584..39.340 rows=6 loops=1)
                                                  ->  Nested Loop  (cost=1.29..7045.50 rows=7 width=33) (actual time=10.555..39.038 rows=83 loops=1)
                                                        Join Filter: (t.id = mk.movie_id)
                                                        ->  Nested Loop  (cost=0.86..7033.37 rows=4 width=25) (actual time=10.546..38.974 rows=4 loops=1)
                                                              ->  Nested Loop  (cost=0.43..6872.27 rows=99 width=4) (actual time=10.460..38.542 rows=99 loops=1)
                                                                    ->  Seq Scan on company_name cn  (cost=0.00..6519.95 rows=1 width=4) (actual time=10.442..38.425 rows=1 loops=1)
                                                                          Filter: (((country_code)::text = '[us]'::text) AND (name = 'DreamWorks Animation'::text))
                                                                          Rows Removed by Filter: 234996
                                                                    ->  Index Scan using company_id_movie_companies on movie_companies mc  (cost=0.43..351.00 rows=132 width=8) (actual time=0.016..0.098 rows=99 loops=1)
                                                                          Index Cond: (company_id = cn.id)
                                                              ->  Index Scan using title_pkey on title t  (cost=0.43..1.62 rows=1 width=21) (actual time=0.004..0.004 rows=0 loops=99)
                                                                    Index Cond: (id = mc.movie_id)
                                                                    Filter: ((production_year > 2010) AND (title ~~ 'Kung Fu Panda%'::text))
                                                                    Rows Removed by Filter: 1
                                                        ->  Index Scan using movie_id_movie_keyword on movie_keyword mk  (cost=0.43..2.46 rows=46 width=8) (actual time=0.005..0.009 rows=21 loops=4)
                                                              Index Cond: (movie_id = mc.movie_id)
                                                  ->  Index Scan using keyword_pkey on keyword k  (cost=0.42..1.47 rows=1 width=4) (actual time=0.003..0.003 rows=0 loops=83)
                                                        Index Cond: (id = mk.keyword_id)
                                                        Filter: (keyword = ANY ('{hero,martial-arts,hand-to-hand-combat,computer-animated-movie}'::text[]))
                                                        Rows Removed by Filter: 1
                                            ->  Index Scan using movie_id_movie_info on movie_info mi  (cost=0.43..31.93 rows=1 width=8) (actual time=0.011..0.041 rows=2 loops=6)
                                                  Index Cond: (movie_id = mk.movie_id)
                                                  Filter: ((info IS NOT NULL) AND ((info ~~ 'Japan:%201%'::text) OR (info ~~ 'USA:%201%'::text)))
                                                  Rows Removed by Filter: 89
                                ->  Index Scan using movie_id_cast_info on cast_info ci  (cost=0.56..39.80 rows=1 width=16) (actual time=0.008..0.098 rows=27 loops=9)
                                      Index Cond: (movie_id = mk.movie_id)
                                      Filter: (note = ANY ('{(voice),"(voice: Japanese version)","(voice) (uncredited)","(voice: English version)"}'::text[]))
                                      Rows Removed by Filter: 91
                          ->  Index Scan using char_name_pkey on char_name chn  (cost=0.43..1.74 rows=1 width=20) (actual time=0.003..0.003 rows=1 loops=244)
                                Index Cond: (id = ci.person_role_id)
              ->  Index Scan using name_pkey on name n  (cost=0.43..1.85 rows=1 width=19) (actual time=0.003..0.003 rows=0 loops=61)
                    Index Cond: (id = ci.person_id)
                    Filter: ((name ~~ '%An%'::text) AND ((gender)::text = 'f'::text))
                    Rows Removed by Filter: 1
        ->  Index Only Scan using person_id_aka_name on aka_name an  (cost=0.42..2.08 rows=2 width=4) (actual time=0.004..0.006 rows=5 loops=9)
              Index Cond: (person_id = ci.person_id)
              Heap Fetches: 45
Planning time: 74.006 ms
Execution time: 41.960 ms
