Aggregate  (cost=61040.08..61040.09 rows=1 width=128) (actual time=310.899..310.899 rows=1 loops=1)
  ->  Nested Loop  (cost=9.05..61040.07 rows=1 width=82) (actual time=50.246..310.866 rows=6 loops=1)
        ->  Nested Loop  (cost=8.62..61038.98 rows=1 width=71) (actual time=50.235..310.820 rows=6 loops=1)
              Join Filter: (mi_idx.info_type_id = it2.id)
              Rows Removed by Join Filter: 12
              ->  Nested Loop  (cost=8.62..61036.56 rows=1 width=75) (actual time=50.181..310.598 rows=18 loops=1)
                    Join Filter: (t.id = ci.movie_id)
                    ->  Nested Loop  (cost=8.06..61007.64 rows=1 width=87) (actual time=50.141..310.025 rows=27 loops=1)
                          Join Filter: (t.id = mi_idx.movie_id)
                          ->  Nested Loop  (cost=7.63..61000.36 rows=9 width=73) (actual time=50.133..309.952 rows=9 loops=1)
                                Join Filter: (mi.info_type_id = it1.id)
                                ->  Seq Scan on info_type it1  (cost=0.00..2.41 rows=1 width=4) (actual time=0.007..0.018 rows=1 loops=1)
                                      Filter: ((info)::text = 'genres'::text)
                                      Rows Removed by Filter: 112
                                ->  Nested Loop  (cost=7.63..60997.84 rows=9 width=77) (actual time=50.124..309.928 rows=9 loops=1)
                                      Join Filter: (t.id = mi.movie_id)
                                      ->  Nested Loop  (cost=7.20..60840.86 rows=9 width=25) (actual time=50.094..309.762 rows=9 loops=1)
                                            ->  Nested Loop  (cost=6.77..8575.87 rows=62096 width=4) (actual time=4.048..115.724 rows=62096 loops=1)
                                                  ->  Seq Scan on keyword k  (cost=0.00..3129.26 rows=5 width=4) (actual time=0.868..31.525 rows=5 loops=1)
                                                        Filter: (keyword = ANY ('{murder,blood,gore,death,female-nudity}'::text[]))
                                                        Rows Removed by Filter: 134165
                                                  ->  Bitmap Heap Scan on movie_keyword mk  (cost=6.77..1086.31 rows=301 width=8) (actual time=3.040..14.890 rows=12419 loops=5)
                                                        Recheck Cond: (keyword_id = k.id)
                                                        Heap Blocks: exact=41331
                                                        ->  Bitmap Index Scan on keyword_id_movie_keyword  (cost=0.00..6.69 rows=301 width=0) (actual time=1.548..1.548 rows=12419 loops=5)
                                                              Index Cond: (keyword_id = k.id)
                                            ->  Index Scan using title_pkey on title t  (cost=0.43..0.84 rows=1 width=21) (actual time=0.003..0.003 rows=0 loops=62096)
                                                  Index Cond: (id = mk.movie_id)
                                                  Filter: ((production_year > 2010) AND (title ~~ 'Vampire%'::text))
                                                  Rows Removed by Filter: 1
                                      ->  Index Scan using movie_id_movie_info on movie_info mi  (cost=0.43..17.43 rows=1 width=52) (actual time=0.017..0.017 rows=1 loops=9)
                                            Index Cond: (movie_id = mk.movie_id)
                                            Filter: (info = 'Horror'::text)
                                            Rows Removed by Filter: 17
                          ->  Index Scan using movie_id_movie_info_idx on movie_info_idx mi_idx  (cost=0.43..0.77 rows=3 width=14) (actual time=0.005..0.006 rows=3 loops=9)
                                Index Cond: (movie_id = mk.movie_id)
                    ->  Index Scan using movie_id_cast_info on cast_info ci  (cost=0.56..28.91 rows=1 width=8) (actual time=0.017..0.021 rows=1 loops=27)
                          Index Cond: (movie_id = mk.movie_id)
                          Filter: (note = ANY ('{(writer),"(head writer)","(written by)",(story),"(story editor)"}'::text[]))
                          Rows Removed by Filter: 21
              ->  Seq Scan on info_type it2  (cost=0.00..2.41 rows=1 width=4) (actual time=0.010..0.011 rows=1 loops=18)
                    Filter: ((info)::text = 'votes'::text)
                    Rows Removed by Filter: 108
        ->  Index Scan using name_pkey on name n  (cost=0.43..1.08 rows=1 width=19) (actual time=0.006..0.006 rows=1 loops=6)
              Index Cond: (id = ci.person_id)
              Filter: ((gender)::text = 'm'::text)
Planning time: 11.601 ms
Execution time: 311.008 ms
