Aggregate  (cost=25371.04..25371.05 rows=1 width=128) (actual time=339.817..339.817 rows=1 loops=1)
  ->  Nested Loop  (cost=14851.69..25369.72 rows=132 width=54) (actual time=86.693..337.741 rows=1728 loops=1)
        ->  Nested Loop  (cost=14851.26..25309.62 rows=132 width=43) (actual time=86.684..329.773 rows=1728 loops=1)
              ->  Nested Loop  (cost=14850.83..23170.51 rows=4673 width=31) (actual time=85.778..230.396 rows=58947 loops=1)
                    Join Filter: (t.id = ci.movie_id)
                    ->  Hash Join  (cost=14850.26..22522.97 rows=326 width=39) (actual time=85.765..161.138 rows=326 loops=1)
                          Hash Cond: (cc.status_id = cct2.id)
                          ->  Nested Loop  (cost=14849.19..22518.51 rows=326 width=43) (actual time=85.748..160.907 rows=326 loops=1)
                                Join Filter: (it2.id = mi_idx.info_type_id)
                                Rows Removed by Join Filter: 181
                                ->  Seq Scan on info_type it2  (cost=0.00..2.41 rows=1 width=4) (actual time=0.015..0.022 rows=1 loops=1)
                                      Filter: ((info)::text = 'rating'::text)
                                      Rows Removed by Filter: 112
                                ->  Nested Loop  (cost=14849.19..22509.76 rows=507 width=47) (actual time=85.688..160.701 rows=507 loops=1)
                                      Join Filter: (t.id = mi_idx.movie_id)
                                      ->  Hash Join  (cost=14848.76..21863.13 rows=1267 width=33) (actual time=85.675..153.396 rows=1267 loops=1)
                                            Hash Cond: (t.kind_id = kt.id)
                                            ->  Nested Loop  (cost=14847.66..21843.92 rows=1595 width=37) (actual time=85.666..152.739 rows=1595 loops=1)
                                                  ->  Hash Join  (cost=14847.23..18711.29 rows=6396 width=12) (actual time=85.652..125.222 rows=6396 loops=1)
                                                        Hash Cond: (cc.subject_id = cct1.id)
                                                        ->  Hash Join  (cost=14846.17..18612.49 rows=9392 width=16) (actual time=85.645..123.087 rows=9392 loops=1)
                                                              Hash Cond: (cc.movie_id = mk.movie_id)
                                                              ->  Seq Scan on complete_cast cc  (cost=0.00..2081.86 rows=135086 width=12) (actual time=0.005..13.857 rows=135086 loops=1)
                                                              ->  Hash  (cost=14545.03..14545.03 rows=24091 width=4) (actual time=85.614..85.614 rows=24091 loops=1)
                                                                    Buckets: 32768  Batches: 1  Memory Usage: 1103kB
                                                                    ->  Nested Loop  (cost=6.77..14545.03 rows=24091 width=4) (actual time=0.664..81.765 rows=24091 loops=1)
                                                                          ->  Seq Scan on keyword k  (cost=0.00..3967.82 rows=10 width=4) (actual time=0.168..49.292 rows=10 loops=1)
                                                                                Filter: (keyword = ANY ('{superhero,marvel-comics,based-on-comic,tv-special,fight,violence,magnet,web,claw,laser}'::text[]))
                                                                                Rows Removed by Filter: 134160
                                                                          ->  Bitmap Heap Scan on movie_keyword mk  (cost=6.77..1054.71 rows=301 width=8) (actual time=0.611..2.877 rows=2409 loops=10)
                                                                                Recheck Cond: (keyword_id = k.id)
                                                                                Heap Blocks: exact=17127
                                                                                ->  Bitmap Index Scan on keyword_id_movie_keyword  (cost=0.00..6.69 rows=301 width=0) (actual time=0.319..0.319 rows=2409 loops=10)
                                                                                      Index Cond: (keyword_id = k.id)
                                                        ->  Hash  (cost=1.05..1.05 rows=1 width=4) (actual time=0.003..0.003 rows=1 loops=1)
                                                              Buckets: 1024  Batches: 1  Memory Usage: 9kB
                                                              ->  Seq Scan on comp_cast_type cct1  (cost=0.00..1.05 rows=1 width=4) (actual time=0.001..0.002 rows=1 loops=1)
                                                                    Filter: ((kind)::text = 'cast'::text)
                                                                    Rows Removed by Filter: 3
                                                  ->  Index Scan using title_pkey on title t  (cost=0.43..0.49 rows=1 width=25) (actual time=0.004..0.004 rows=0 loops=6396)
                                                        Index Cond: (id = mk.movie_id)
                                                        Filter: (production_year > 2000)
                                                        Rows Removed by Filter: 1
                                            ->  Hash  (cost=1.09..1.09 rows=1 width=4) (actual time=0.004..0.004 rows=1 loops=1)
                                                  Buckets: 1024  Batches: 1  Memory Usage: 9kB
                                                  ->  Seq Scan on kind_type kt  (cost=0.00..1.09 rows=1 width=4) (actual time=0.002..0.003 rows=1 loops=1)
                                                        Filter: ((kind)::text = 'movie'::text)
                                                        Rows Removed by Filter: 6
                                      ->  Index Scan using movie_id_movie_info_idx on movie_info_idx mi_idx  (cost=0.43..0.50 rows=1 width=14) (actual time=0.005..0.005 rows=0 loops=1267)
                                            Index Cond: (movie_id = mk.movie_id)
                                            Filter: (info > '7.0'::text)
                                            Rows Removed by Filter: 3
                          ->  Hash  (cost=1.05..1.05 rows=2 width=4) (actual time=0.010..0.010 rows=2 loops=1)
                                Buckets: 1024  Batches: 1  Memory Usage: 9kB
                                ->  Seq Scan on comp_cast_type cct2  (cost=0.00..1.05 rows=2 width=4) (actual time=0.007..0.008 rows=2 loops=1)
                                      Filter: ((kind)::text ~~ '%complete%'::text)
                                      Rows Removed by Filter: 2
                    ->  Index Scan using movie_id_cast_info on cast_info ci  (cost=0.56..1.52 rows=37 width=12) (actual time=0.008..0.165 rows=181 loops=326)
                          Index Cond: (movie_id = mk.movie_id)
              ->  Index Scan using char_name_pkey on char_name chn  (cost=0.43..0.46 rows=1 width=20) (actual time=0.001..0.001 rows=0 loops=58947)
                    Index Cond: (id = ci.person_role_id)
                    Filter: ((name IS NOT NULL) AND ((name ~~ '%man%'::text) OR (name ~~ '%Man%'::text)))
                    Rows Removed by Filter: 0
        ->  Index Scan using name_pkey on name n  (cost=0.43..0.46 rows=1 width=19) (actual time=0.004..0.004 rows=1 loops=1728)
              Index Cond: (id = ci.person_id)
Planning time: 66.936 ms
Execution time: 339.953 ms
