Aggregate  (cost=11992.24..11992.25 rows=1 width=96) (actual time=149.411..149.411 rows=1 loops=1)
  ->  Nested Loop  (cost=3781.75..11992.24 rows=1 width=39) (actual time=56.436..149.304 rows=93 loops=1)
        ->  Nested Loop  (cost=3781.32..11991.78 rows=1 width=43) (actual time=56.422..148.835 rows=93 loops=1)
              ->  Nested Loop  (cost=3781.19..11991.61 rows=1 width=47) (actual time=56.415..148.631 rows=111 loops=1)
                    Join Filter: (mk.movie_id = t.id)
                    ->  Nested Loop  (cost=3780.76..11991.14 rows=1 width=42) (actual time=51.815..147.312 rows=365 loops=1)
                          ->  Nested Loop  (cost=3780.33..11974.20 rows=37 width=30) (actual time=50.718..127.078 rows=10367 loops=1)
                                ->  Nested Loop  (cost=3779.77..11972.31 rows=1 width=18) (actual time=50.708..114.093 rows=84 loops=1)
                                      Join Filter: (it2.id = mi_idx.info_type_id)
                                      Rows Removed by Join Filter: 213
                                      ->  Seq Scan on info_type it2  (cost=0.00..2.41 rows=1 width=4) (actual time=0.019..0.023 rows=1 loops=1)
                                            Filter: ((info)::text = 'rating'::text)
                                            Rows Removed by Filter: 112
                                      ->  Nested Loop  (cost=3779.77..11968.48 rows=113 width=22) (actual time=50.687..113.998 rows=297 loops=1)
                                            ->  Hash Join  (cost=3779.34..11463.67 rows=994 width=8) (actual time=50.652..99.811 rows=2667 loops=1)
                                                  Hash Cond: (cc.subject_id = cct1.id)
                                                  ->  Hash Join  (cost=3778.28..11421.25 rows=3974 width=12) (actual time=50.634..98.797 rows=3974 loops=1)
                                                        Hash Cond: (cc.status_id = cct2.id)
                                                        ->  Hash Join  (cost=3777.20..11378.83 rows=3974 width=16) (actual time=50.623..97.578 rows=3974 loops=1)
                                                              Hash Cond: (mk.movie_id = cc.movie_id)
                                                              ->  Nested Loop  (cost=6.77..7332.86 rows=9984 width=4) (actual time=0.614..44.630 rows=9984 loops=1)
                                                                    ->  Seq Scan on keyword k  (cost=0.00..2961.55 rows=4 width=4) (actual time=0.098..29.041 rows=4 loops=1)
                                                                          Filter: (keyword = ANY ('{superhero,marvel-comics,based-on-comic,fight}'::text[]))
                                                                          Rows Removed by Filter: 134166
                                                                    ->  Bitmap Heap Scan on movie_keyword mk  (cost=6.77..1089.82 rows=301 width=8) (actual time=0.675..3.494 rows=2496 loops=4)
                                                                          Recheck Cond: (keyword_id = k.id)
                                                                          Heap Blocks: exact=7686
                                                                          ->  Bitmap Index Scan on keyword_id_movie_keyword  (cost=0.00..6.69 rows=301 width=0) (actual time=0.364..0.364 rows=2496 loops=4)
                                                                                Index Cond: (keyword_id = k.id)
                                                              ->  Hash  (cost=2081.86..2081.86 rows=135086 width=12) (actual time=49.411..49.411 rows=135086 loops=1)
                                                                    Buckets: 262144  Batches: 1  Memory Usage: 7853kB
                                                                    ->  Seq Scan on complete_cast cc  (cost=0.00..2081.86 rows=135086 width=12) (actual time=0.008..23.891 rows=135086 loops=1)
                                                        ->  Hash  (cost=1.05..1.05 rows=2 width=4) (actual time=0.005..0.005 rows=2 loops=1)
                                                              Buckets: 1024  Batches: 1  Memory Usage: 9kB
                                                              ->  Seq Scan on comp_cast_type cct2  (cost=0.00..1.05 rows=2 width=4) (actual time=0.002..0.003 rows=2 loops=1)
                                                                    Filter: ((kind)::text ~~ '%complete%'::text)
                                                                    Rows Removed by Filter: 2
                                                  ->  Hash  (cost=1.05..1.05 rows=1 width=4) (actual time=0.008..0.008 rows=1 loops=1)
                                                        Buckets: 1024  Batches: 1  Memory Usage: 9kB
                                                        ->  Seq Scan on comp_cast_type cct1  (cost=0.00..1.05 rows=1 width=4) (actual time=0.004..0.005 rows=1 loops=1)
                                                              Filter: ((kind)::text = 'cast'::text)
                                                              Rows Removed by Filter: 3
                                            ->  Index Scan using movie_id_movie_info_idx on movie_info_idx mi_idx  (cost=0.43..0.50 rows=1 width=14) (actual time=0.005..0.005 rows=0 loops=2667)
                                                  Index Cond: (movie_id = mk.movie_id)
                                                  Filter: (info > '8.0'::text)
                                                  Rows Removed by Filter: 3
                                ->  Index Scan using movie_id_cast_info on cast_info ci  (cost=0.56..1.52 rows=37 width=12) (actual time=0.008..0.128 rows=123 loops=84)
                                      Index Cond: (movie_id = mk.movie_id)
                          ->  Index Scan using char_name_pkey on char_name chn  (cost=0.43..0.46 rows=1 width=20) (actual time=0.002..0.002 rows=0 loops=10367)
                                Index Cond: (id = ci.person_role_id)
                                Filter: ((name IS NOT NULL) AND ((name ~~ '%man%'::text) OR (name ~~ '%Man%'::text)))
                                Rows Removed by Filter: 0
                    ->  Index Scan using title_pkey on title t  (cost=0.43..0.45 rows=1 width=25) (actual time=0.003..0.003 rows=0 loops=365)
                          Index Cond: (id = ci.movie_id)
                          Filter: (production_year > 2005)
                          Rows Removed by Filter: 1
              ->  Index Scan using kind_type_pkey on kind_type kt  (cost=0.13..0.15 rows=1 width=4) (actual time=0.001..0.001 rows=1 loops=111)
                    Index Cond: (id = t.kind_id)
                    Filter: ((kind)::text = 'movie'::text)
                    Rows Removed by Filter: 0
        ->  Index Only Scan using name_pkey on name n  (cost=0.43..0.46 rows=1 width=4) (actual time=0.004..0.004 rows=1 loops=93)
              Index Cond: (id = ci.person_id)
              Heap Fetches: 93
Planning time: 68.298 ms
Execution time: 149.600 ms
