Aggregate  (cost=12437.48..12437.49 rows=1 width=96) (actual time=108.372..108.372 rows=1 loops=1)
  ->  Nested Loop  (cost=9.47..12437.47 rows=1 width=39) (actual time=10.871..108.265 rows=93 loops=1)
        Join Filter: (cct1.id = cc.subject_id)
        Rows Removed by Join Filter: 87
        ->  Seq Scan on comp_cast_type cct1  (cost=0.00..1.05 rows=1 width=4) (actual time=0.005..0.006 rows=1 loops=1)
              Filter: ((kind)::text = 'cast'::text)
              Rows Removed by Filter: 3
        ->  Nested Loop  (cost=9.47..12436.41 rows=1 width=43) (actual time=10.865..108.220 rows=180 loops=1)
              Join Filter: (cct2.id = cc.status_id)
              Rows Removed by Join Filter: 20
              ->  Nested Loop  (cost=9.47..12435.34 rows=1 width=47) (actual time=10.860..107.887 rows=180 loops=1)
                    ->  Nested Loop  (cost=9.05..12434.86 rows=1 width=55) (actual time=9.911..107.261 rows=191 loops=1)
                          ->  Nested Loop  (cost=8.62..12434.40 rows=1 width=59) (actual time=9.906..106.407 rows=191 loops=1)
                                ->  Nested Loop  (cost=8.19..12427.99 rows=14 width=47) (actual time=9.879..94.616 rows=7981 loops=1)
                                      Join Filter: (t.id = ci.movie_id)
                                      ->  Nested Loop  (cost=7.62..12426.01 rows=1 width=35) (actual time=9.866..85.741 rows=31 loops=1)
                                            Join Filter: (kt.id = t.kind_id)
                                            Rows Removed by Join Filter: 167
                                            ->  Seq Scan on kind_type kt  (cost=0.00..1.09 rows=1 width=4) (actual time=0.002..0.003 rows=1 loops=1)
                                                  Filter: ((kind)::text = 'movie'::text)
                                                  Rows Removed by Filter: 6
                                            ->  Nested Loop  (cost=7.62..12424.87 rows=4 width=39) (actual time=0.696..85.700 rows=198 loops=1)
                                                  ->  Nested Loop  (cost=7.19..12419.97 rows=10 width=14) (actual time=0.689..83.948 rows=313 loops=1)
                                                        Join Filter: (mi_idx.info_type_id = it2.id)
                                                        Rows Removed by Join Filter: 599
                                                        ->  Seq Scan on info_type it2  (cost=0.00..2.41 rows=1 width=4) (actual time=0.013..0.019 rows=1 loops=1)
                                                              Filter: ((info)::text = 'rating'::text)
                                                              Rows Removed by Filter: 112
                                                        ->  Nested Loop  (cost=7.19..12403.38 rows=1134 width=18) (actual time=0.628..83.755 rows=912 loops=1)
                                                              ->  Nested Loop  (cost=6.77..7332.86 rows=9984 width=4) (actual time=0.583..43.994 rows=9984 loops=1)
                                                                    ->  Seq Scan on keyword k  (cost=0.00..2961.55 rows=4 width=4) (actual time=0.098..28.665 rows=4 loops=1)
                                                                          Filter: (keyword = ANY ('{superhero,marvel-comics,based-on-comic,fight}'::text[]))
                                                                          Rows Removed by Filter: 134166
                                                                    ->  Bitmap Heap Scan on movie_keyword mk  (cost=6.77..1089.82 rows=301 width=8) (actual time=0.643..3.421 rows=2496 loops=4)
                                                                          Recheck Cond: (keyword_id = k.id)
                                                                          Heap Blocks: exact=7686
                                                                          ->  Bitmap Index Scan on keyword_id_movie_keyword  (cost=0.00..6.69 rows=301 width=0) (actual time=0.331..0.331 rows=2496 loops=4)
                                                                                Index Cond: (keyword_id = k.id)
                                                              ->  Index Scan using movie_id_movie_info_idx on movie_info_idx mi_idx  (cost=0.43..0.50 rows=1 width=14) (actual time=0.004..0.004 rows=0 loops=9984)
                                                                    Index Cond: (movie_id = mk.movie_id)
                                                                    Filter: (info > '8.0'::text)
                                                                    Rows Removed by Filter: 2
                                                  ->  Index Scan using title_pkey on title t  (cost=0.43..0.49 rows=1 width=25) (actual time=0.005..0.005 rows=1 loops=313)
                                                        Index Cond: (id = mk.movie_id)
                                                        Filter: (production_year > 2005)
                                                        Rows Removed by Filter: 0
                                      ->  Index Scan using movie_id_cast_info on cast_info ci  (cost=0.56..1.52 rows=37 width=12) (actual time=0.008..0.212 rows=257 loops=31)
                                            Index Cond: (movie_id = mk.movie_id)
                                ->  Index Scan using char_name_pkey on char_name chn  (cost=0.43..0.46 rows=1 width=20) (actual time=0.001..0.001 rows=0 loops=7981)
                                      Index Cond: (id = ci.person_role_id)
                                      Filter: ((name IS NOT NULL) AND ((name ~~ '%man%'::text) OR (name ~~ '%Man%'::text)))
                                      Rows Removed by Filter: 0
                          ->  Index Only Scan using name_pkey on name n  (cost=0.43..0.46 rows=1 width=4) (actual time=0.004..0.004 rows=1 loops=191)
                                Index Cond: (id = ci.person_id)
                                Heap Fetches: 191
                    ->  Index Scan using movie_id_complete_cast on complete_cast cc  (cost=0.42..0.46 rows=2 width=12) (actual time=0.002..0.003 rows=1 loops=191)
                          Index Cond: (movie_id = t.id)
              ->  Seq Scan on comp_cast_type cct2  (cost=0.00..1.05 rows=2 width=4) (actual time=0.001..0.001 rows=1 loops=180)
                    Filter: ((kind)::text ~~ '%complete%'::text)
                    Rows Removed by Filter: 2
Planning time: 67.884 ms
Execution time: 108.485 ms
