Aggregate  (cost=22570.00..22570.01 rows=1 width=96) (actual time=751.431..751.431 rows=1 loops=1)
  ->  Nested Loop  (cost=14850.74..22570.00 rows=1 width=39) (actual time=86.499..745.991 rows=5400 loops=1)
        ->  Nested Loop  (cost=14850.31..22569.54 rows=1 width=43) (actual time=86.486..720.381 rows=5400 loops=1)
              ->  Nested Loop  (cost=14849.88..22549.86 rows=43 width=31) (actual time=85.622..398.194 rows=189738 loops=1)
                    Join Filter: (t.id = ci.movie_id)
                    ->  Nested Loop  (cost=14849.32..22543.90 rows=3 width=39) (actual time=85.606..170.975 rows=1261 loops=1)
                          ->  Nested Loop  (cost=14849.19..22543.00 rows=6 width=43) (actual time=85.601..167.834 rows=1261 loops=1)
                                Join Filter: (it2.id = mi_idx.info_type_id)
                                Rows Removed by Join Filter: 2570
                                ->  Seq Scan on info_type it2  (cost=0.00..2.41 rows=1 width=4) (actual time=0.018..0.027 rows=1 loops=1)
                                      Filter: ((info)::text = 'rating'::text)
                                      Rows Removed by Filter: 112
                                ->  Nested Loop  (cost=14849.19..22531.93 rows=692 width=47) (actual time=85.579..167.048 rows=3831 loops=1)
                                      Join Filter: (t.id = mi_idx.movie_id)
                                      ->  Hash Join  (cost=14848.76..21863.13 rows=1267 width=33) (actual time=85.571..158.676 rows=1267 loops=1)
                                            Hash Cond: (t.kind_id = kt.id)
                                            ->  Nested Loop  (cost=14847.66..21843.92 rows=1595 width=37) (actual time=85.558..157.794 rows=1595 loops=1)
                                                  ->  Hash Join  (cost=14847.23..18711.29 rows=6396 width=12) (actual time=85.543..128.652 rows=6396 loops=1)
                                                        Hash Cond: (cc.subject_id = cct1.id)
                                                        ->  Hash Join  (cost=14846.17..18612.49 rows=9392 width=16) (actual time=85.533..126.262 rows=9392 loops=1)
                                                              Hash Cond: (cc.movie_id = mk.movie_id)
                                                              ->  Seq Scan on complete_cast cc  (cost=0.00..2081.86 rows=135086 width=12) (actual time=0.007..13.710 rows=135086 loops=1)
                                                              ->  Hash  (cost=14545.03..14545.03 rows=24091 width=4) (actual time=85.502..85.502 rows=24091 loops=1)
                                                                    Buckets: 32768  Batches: 1  Memory Usage: 1103kB
                                                                    ->  Nested Loop  (cost=6.77..14545.03 rows=24091 width=4) (actual time=0.673..81.693 rows=24091 loops=1)
                                                                          ->  Seq Scan on keyword k  (cost=0.00..3967.82 rows=10 width=4) (actual time=0.171..49.497 rows=10 loops=1)
                                                                                Filter: (keyword = ANY ('{superhero,marvel-comics,based-on-comic,tv-special,fight,violence,magnet,web,claw,laser}'::text[]))
                                                                                Rows Removed by Filter: 134160
                                                                          ->  Bitmap Heap Scan on movie_keyword mk  (cost=6.77..1054.71 rows=301 width=8) (actual time=0.626..2.860 rows=2409 loops=10)
                                                                                Recheck Cond: (keyword_id = k.id)
                                                                                Heap Blocks: exact=17127
                                                                                ->  Bitmap Index Scan on keyword_id_movie_keyword  (cost=0.00..6.69 rows=301 width=0) (actual time=0.335..0.335 rows=2409 loops=10)
                                                                                      Index Cond: (keyword_id = k.id)
                                                        ->  Hash  (cost=1.05..1.05 rows=1 width=4) (actual time=0.004..0.004 rows=1 loops=1)
                                                              Buckets: 1024  Batches: 1  Memory Usage: 9kB
                                                              ->  Seq Scan on comp_cast_type cct1  (cost=0.00..1.05 rows=1 width=4) (actual time=0.002..0.003 rows=1 loops=1)
                                                                    Filter: ((kind)::text = 'cast'::text)
                                                                    Rows Removed by Filter: 3
                                                  ->  Index Scan using title_pkey on title t  (cost=0.43..0.49 rows=1 width=25) (actual time=0.004..0.004 rows=0 loops=6396)
                                                        Index Cond: (id = mk.movie_id)
                                                        Filter: (production_year > 2000)
                                                        Rows Removed by Filter: 1
                                            ->  Hash  (cost=1.09..1.09 rows=1 width=4) (actual time=0.005..0.005 rows=1 loops=1)
                                                  Buckets: 1024  Batches: 1  Memory Usage: 9kB
                                                  ->  Seq Scan on kind_type kt  (cost=0.00..1.09 rows=1 width=4) (actual time=0.003..0.004 rows=1 loops=1)
                                                        Filter: ((kind)::text = 'movie'::text)
                                                        Rows Removed by Filter: 6
                                      ->  Index Scan using movie_id_movie_info_idx on movie_info_idx mi_idx  (cost=0.43..0.49 rows=3 width=14) (actual time=0.004..0.005 rows=3 loops=1267)
                                            Index Cond: (movie_id = mk.movie_id)
                          ->  Index Scan using comp_cast_type_pkey on comp_cast_type cct2  (cost=0.13..0.15 rows=1 width=4) (actual time=0.002..0.002 rows=1 loops=1261)
                                Index Cond: (id = cc.status_id)
                                Filter: ((kind)::text ~~ '%complete%'::text)
                    ->  Index Scan using movie_id_cast_info on cast_info ci  (cost=0.56..1.52 rows=37 width=12) (actual time=0.008..0.140 rows=150 loops=1261)
                          Index Cond: (movie_id = mk.movie_id)
              ->  Index Scan using char_name_pkey on char_name chn  (cost=0.43..0.46 rows=1 width=20) (actual time=0.001..0.001 rows=0 loops=189738)
                    Index Cond: (id = ci.person_role_id)
                    Filter: ((name IS NOT NULL) AND ((name ~~ '%man%'::text) OR (name ~~ '%Man%'::text)))
                    Rows Removed by Filter: 0
        ->  Index Only Scan using name_pkey on name n  (cost=0.43..0.46 rows=1 width=4) (actual time=0.004..0.004 rows=1 loops=5400)
              Index Cond: (id = ci.person_id)
              Heap Fetches: 5400
Planning time: 67.520 ms
Execution time: 751.568 ms
