Aggregate  (cost=14739.85..14739.86 rows=1 width=96) (actual time=862.623..862.623 rows=1 loops=1)
  ->  Nested Loop  (cost=9.47..14739.84 rows=1 width=39) (actual time=3.261..856.708 rows=5400 loops=1)
        Join Filter: (it2.id = mi_idx.info_type_id)
        Rows Removed by Join Filter: 11196
        ->  Seq Scan on info_type it2  (cost=0.00..2.41 rows=1 width=4) (actual time=0.018..0.021 rows=1 loops=1)
              Filter: ((info)::text = 'rating'::text)
              Rows Removed by Filter: 112
        ->  Nested Loop  (cost=9.47..14737.41 rows=1 width=43) (actual time=3.241..853.981 rows=16596 loops=1)
              Join Filter: (t.id = mi_idx.movie_id)
              ->  Nested Loop  (cost=9.04..14736.90 rows=1 width=49) (actual time=3.235..828.536 rows=5406 loops=1)
                    ->  Nested Loop  (cost=8.61..14736.44 rows=1 width=53) (actual time=3.228..799.444 rows=5406 loops=1)
                          ->  Nested Loop  (cost=8.18..14730.03 rows=14 width=41) (actual time=2.752..460.127 rows=189844 loops=1)
                                Join Filter: (t.id = ci.movie_id)
                                ->  Nested Loop  (cost=7.62..14728.04 rows=1 width=29) (actual time=2.742..210.599 rows=1267 loops=1)
                                      Join Filter: (cc.subject_id = cct1.id)
                                      Rows Removed by Join Filter: 218
                                      ->  Nested Loop  (cost=7.62..14726.98 rows=1 width=33) (actual time=2.740..208.576 rows=1485 loops=1)
                                            Join Filter: (cct2.id = cc.status_id)
                                            Rows Removed by Join Filter: 519
                                            ->  Nested Loop  (cost=7.62..14725.91 rows=1 width=37) (actual time=2.735..203.694 rows=1485 loops=1)
                                                  ->  Nested Loop  (cost=7.20..14713.47 rows=26 width=25) (actual time=2.701..188.425 rows=5032 loops=1)
                                                        Join Filter: (t.kind_id = kt.id)
                                                        Rows Removed by Join Filter: 5581
                                                        ->  Seq Scan on kind_type kt  (cost=0.00..1.09 rows=1 width=4) (actual time=0.002..0.006 rows=1 loops=1)
                                                              Filter: ((kind)::text = 'movie'::text)
                                                              Rows Removed by Filter: 6
                                                        ->  Nested Loop  (cost=7.20..14710.09 rows=184 width=29) (actual time=0.682..186.286 rows=10613 loops=1)
                                                              ->  Nested Loop  (cost=6.77..14545.03 rows=337 width=4) (actual time=0.666..88.906 rows=24091 loops=1)
                                                                    ->  Seq Scan on keyword k  (cost=0.00..3967.82 rows=10 width=4) (actual time=0.165..49.454 rows=10 loops=1)
                                                                          Filter: (keyword = ANY ('{superhero,marvel-comics,based-on-comic,tv-special,fight,violence,magnet,web,claw,laser}'::text[]))
                                                                          Rows Removed by Filter: 134160
                                                                    ->  Bitmap Heap Scan on movie_keyword mk  (cost=6.77..1054.71 rows=301 width=8) (actual time=0.621..3.532 rows=2409 loops=10)
                                                                          Recheck Cond: (keyword_id = k.id)
                                                                          Heap Blocks: exact=17127
                                                                          ->  Bitmap Index Scan on keyword_id_movie_keyword  (cost=0.00..6.69 rows=301 width=0) (actual time=0.330..0.330 rows=2409 loops=10)
                                                                                Index Cond: (keyword_id = k.id)
                                                              ->  Index Scan using title_pkey on title t  (cost=0.43..0.49 rows=1 width=25) (actual time=0.004..0.004 rows=0 loops=24091)
                                                                    Index Cond: (id = mk.movie_id)
                                                                    Filter: (production_year > 2000)
                                                                    Rows Removed by Filter: 1
                                                  ->  Index Scan using movie_id_complete_cast on complete_cast cc  (cost=0.42..0.46 rows=2 width=12) (actual time=0.002..0.003 rows=0 loops=5032)
                                                        Index Cond: (movie_id = t.id)
                                            ->  Seq Scan on comp_cast_type cct2  (cost=0.00..1.05 rows=2 width=4) (actual time=0.001..0.002 rows=1 loops=1485)
                                                  Filter: ((kind)::text ~~ '%complete%'::text)
                                                  Rows Removed by Filter: 2
                                      ->  Seq Scan on comp_cast_type cct1  (cost=0.00..1.05 rows=1 width=4) (actual time=0.001..0.001 rows=1 loops=1485)
                                            Filter: ((kind)::text = 'cast'::text)
                                            Rows Removed by Filter: 0
                                ->  Index Scan using movie_id_cast_info on cast_info ci  (cost=0.56..1.52 rows=37 width=12) (actual time=0.009..0.156 rows=150 loops=1267)
                                      Index Cond: (movie_id = mk.movie_id)
                          ->  Index Scan using char_name_pkey on char_name chn  (cost=0.43..0.46 rows=1 width=20) (actual time=0.002..0.002 rows=0 loops=189844)
                                Index Cond: (id = ci.person_role_id)
                                Filter: ((name IS NOT NULL) AND ((name ~~ '%man%'::text) OR (name ~~ '%Man%'::text)))
                                Rows Removed by Filter: 0
                    ->  Index Only Scan using name_pkey on name n  (cost=0.43..0.46 rows=1 width=4) (actual time=0.005..0.005 rows=1 loops=5406)
                          Index Cond: (id = ci.person_id)
                          Heap Fetches: 5406
              ->  Index Scan using movie_id_movie_info_idx on movie_info_idx mi_idx  (cost=0.43..0.48 rows=3 width=14) (actual time=0.003..0.003 rows=3 loops=5406)
                    Index Cond: (movie_id = ci.movie_id)
Planning time: 67.487 ms
Execution time: 862.740 ms
