Aggregate  (cost=19410.98..19410.99 rows=1 width=96) (actual time=1488.018..1488.018 rows=1 loops=1)
  ->  Nested Loop  (cost=14851.69..19410.98 rows=1 width=39) (actual time=88.201..1482.224 rows=5400 loops=1)
        ->  Nested Loop  (cost=14851.26..19404.57 rows=14 width=27) (actual time=85.840..1131.259 rows=189738 loops=1)
              ->  Nested Loop  (cost=14850.83..19398.19 rows=14 width=31) (actual time=85.830..417.880 rows=189738 loops=1)
                    Join Filter: (t.id = ci.movie_id)
                    ->  Nested Loop  (cost=14850.26..19396.21 rows=1 width=39) (actual time=85.811..175.495 rows=1261 loops=1)
                          Join Filter: (it2.id = mi_idx.info_type_id)
                          Rows Removed by Join Filter: 2570
                          ->  Seq Scan on info_type it2  (cost=0.00..2.41 rows=1 width=4) (actual time=0.018..0.030 rows=1 loops=1)
                                Filter: ((info)::text = 'rating'::text)
                                Rows Removed by Filter: 112
                          ->  Nested Loop  (cost=14850.26..19393.17 rows=50 width=43) (actual time=85.790..174.670 rows=3831 loops=1)
                                Join Filter: (t.id = mi_idx.movie_id)
                                ->  Hash Join  (cost=14849.84..19344.61 rows=92 width=29) (actual time=85.781..166.274 rows=1267 loops=1)
                                      Hash Cond: (t.kind_id = kt.id)
                                      ->  Nested Loop  (cost=14848.74..19336.23 rows=641 width=33) (actual time=85.768..165.355 rows=1595 loops=1)
                                            ->  Hash Join  (cost=14848.31..18761.23 rows=1174 width=8) (actual time=85.755..135.326 rows=6396 loops=1)
                                                  Hash Cond: (cc.subject_id = cct1.id)
                                                  ->  Hash Join  (cost=14847.24..18711.30 rows=4696 width=12) (actual time=85.747..132.809 rows=9392 loops=1)
                                                        Hash Cond: (cc.status_id = cct2.id)
                                                        ->  Hash Join  (cost=14846.17..18612.49 rows=9392 width=16) (actual time=85.739..130.018 rows=9392 loops=1)
                                                              Hash Cond: (cc.movie_id = mk.movie_id)
                                                              ->  Seq Scan on complete_cast cc  (cost=0.00..2081.86 rows=135086 width=12) (actual time=0.006..13.597 rows=135086 loops=1)
                                                              ->  Hash  (cost=14545.03..14545.03 rows=24091 width=4) (actual time=85.701..85.701 rows=24091 loops=1)
                                                                    Buckets: 32768  Batches: 1  Memory Usage: 1103kB
                                                                    ->  Nested Loop  (cost=6.77..14545.03 rows=24091 width=4) (actual time=0.667..81.849 rows=24091 loops=1)
                                                                          ->  Seq Scan on keyword k  (cost=0.00..3967.82 rows=10 width=4) (actual time=0.168..49.446 rows=10 loops=1)
                                                                                Filter: (keyword = ANY ('{superhero,marvel-comics,based-on-comic,tv-special,fight,violence,magnet,web,claw,laser}'::text[]))
                                                                                Rows Removed by Filter: 134160
                                                                          ->  Bitmap Heap Scan on movie_keyword mk  (cost=6.77..1054.71 rows=301 width=8) (actual time=0.612..2.867 rows=2409 loops=10)
                                                                                Recheck Cond: (keyword_id = k.id)
                                                                                Heap Blocks: exact=17127
                                                                                ->  Bitmap Index Scan on keyword_id_movie_keyword  (cost=0.00..6.69 rows=301 width=0) (actual time=0.321..0.321 rows=2409 loops=10)
                                                                                      Index Cond: (keyword_id = k.id)
                                                        ->  Hash  (cost=1.05..1.05 rows=2 width=4) (actual time=0.003..0.003 rows=2 loops=1)
                                                              Buckets: 1024  Batches: 1  Memory Usage: 9kB
                                                              ->  Seq Scan on comp_cast_type cct2  (cost=0.00..1.05 rows=2 width=4) (actual time=0.002..0.003 rows=2 loops=1)
                                                                    Filter: ((kind)::text ~~ '%complete%'::text)
                                                                    Rows Removed by Filter: 2
                                                  ->  Hash  (cost=1.05..1.05 rows=1 width=4) (actual time=0.003..0.003 rows=1 loops=1)
                                                        Buckets: 1024  Batches: 1  Memory Usage: 9kB
                                                        ->  Seq Scan on comp_cast_type cct1  (cost=0.00..1.05 rows=1 width=4) (actual time=0.002..0.003 rows=1 loops=1)
                                                              Filter: ((kind)::text = 'cast'::text)
                                                              Rows Removed by Filter: 3
                                            ->  Index Scan using title_pkey on title t  (cost=0.43..0.49 rows=1 width=25) (actual time=0.004..0.004 rows=0 loops=6396)
                                                  Index Cond: (id = mk.movie_id)
                                                  Filter: (production_year > 2000)
                                                  Rows Removed by Filter: 1
                                      ->  Hash  (cost=1.09..1.09 rows=1 width=4) (actual time=0.005..0.005 rows=1 loops=1)
                                            Buckets: 1024  Batches: 1  Memory Usage: 9kB
                                            ->  Seq Scan on kind_type kt  (cost=0.00..1.09 rows=1 width=4) (actual time=0.002..0.003 rows=1 loops=1)
                                                  Filter: ((kind)::text = 'movie'::text)
                                                  Rows Removed by Filter: 6
                                ->  Index Scan using movie_id_movie_info_idx on movie_info_idx mi_idx  (cost=0.43..0.49 rows=3 width=14) (actual time=0.004..0.005 rows=3 loops=1267)
                                      Index Cond: (movie_id = mk.movie_id)
                    ->  Index Scan using movie_id_cast_info on cast_info ci  (cost=0.56..1.52 rows=37 width=12) (actual time=0.007..0.146 rows=150 loops=1261)
                          Index Cond: (movie_id = mk.movie_id)
              ->  Index Only Scan using name_pkey on name n  (cost=0.43..0.46 rows=1 width=4) (actual time=0.003..0.003 rows=1 loops=189738)
                    Index Cond: (id = ci.person_id)
                    Heap Fetches: 189738
        ->  Index Scan using char_name_pkey on char_name chn  (cost=0.43..0.46 rows=1 width=20) (actual time=0.002..0.002 rows=0 loops=189738)
              Index Cond: (id = ci.person_role_id)
              Filter: ((name IS NOT NULL) AND ((name ~~ '%man%'::text) OR (name ~~ '%Man%'::text)))
              Rows Removed by Filter: 0
Planning time: 67.609 ms
Execution time: 1488.156 ms
