Aggregate  (cost=1321.60..1321.61 rows=1 width=96) (actual time=15.673..15.673 rows=1 loops=1)
  ->  Nested Loop  (cost=602.65..1321.59 rows=1 width=48) (actual time=4.388..15.425 rows=247 loops=1)
        ->  Nested Loop  (cost=602.23..1301.27 rows=46 width=52) (actual time=4.373..10.813 rows=1919 loops=1)
              Join Filter: (ml.movie_id = mk.movie_id)
              ->  Nested Loop  (cost=601.80..1299.35 rows=1 width=68) (actual time=4.368..9.306 rows=247 loops=1)
                    ->  Nested Loop  (cost=601.38..1298.89 rows=1 width=53) (actual time=4.362..7.784 rows=532 loops=1)
                          Join Filter: (ml.movie_id = mi.movie_id)
                          ->  Nested Loop  (cost=600.95..1294.87 rows=2 width=49) (actual time=4.351..5.734 rows=190 loops=1)
                                Join Filter: (ct.id = mc.company_type_id)
                                ->  Nested Loop  (cost=600.95..1293.67 rows=10 width=53) (actual time=4.347..5.634 rows=190 loops=1)
                                      Join Filter: (ml.movie_id = mc.movie_id)
                                      ->  Nested Loop  (cost=600.52..1289.70 rows=3 width=41) (actual time=4.341..5.380 rows=38 loops=1)
                                            Join Filter: (ml.movie_id = t.id)
                                            ->  Nested Loop  (cost=600.09..950.51 rows=189 width=20) (actual time=1.792..4.846 rows=189 loops=1)
                                                  Join Filter: (cc.status_id = cct2.id)
                                                  Rows Removed by Join Filter: 68
                                                  ->  Nested Loop  (cost=600.09..945.60 rows=257 width=24) (actual time=1.789..4.745 rows=257 loops=1)
                                                        Join Filter: (cct1.id = cc.subject_id)
                                                        Rows Removed by Join Filter: 29
                                                        ->  Merge Join  (cost=600.09..937.47 rows=257 width=28) (actual time=1.782..4.622 rows=257 loops=1)
                                                              Merge Cond: (cc.movie_id = ml.movie_id)
                                                              ->  Index Scan using movie_id_complete_cast on complete_cast cc  (cost=0.42..6346.28 rows=135086 width=12) (actual time=0.009..2.006 rows=5993 loops=1)
                                                              ->  Sort  (cost=599.65..605.43 rows=2315 width=16) (actual time=1.554..1.718 rows=2341 loops=1)
                                                                    Sort Key: ml.movie_id
                                                                    Sort Method: quicksort  Memory: 205kB
                                                                    ->  Nested Loop  (cost=38.82..470.28 rows=2315 width=16) (actual time=0.080..0.986 rows=2315 loops=1)
                                                                          ->  Seq Scan on link_type lt  (cost=0.00..1.23 rows=2 width=16) (actual time=0.004..0.009 rows=2 loops=1)
                                                                                Filter: ((link)::text ~~ '%follow%'::text)
                                                                                Rows Removed by Filter: 16
                                                                          ->  Bitmap Heap Scan on movie_link ml  (cost=38.82..215.78 rows=1875 width=8) (actual time=0.073..0.312 rows=1158 loops=2)
                                                                                Recheck Cond: (link_type_id = lt.id)
                                                                                Heap Blocks: exact=191
                                                                                ->  Bitmap Index Scan on link_type_id_movie_link  (cost=0.00..38.35 rows=1875 width=0) (actual time=0.058..0.058 rows=1158 loops=2)
                                                                                      Index Cond: (link_type_id = lt.id)
                                                        ->  Materialize  (cost=0.00..1.06 rows=2 width=4) (actual time=0.000..0.000 rows=1 loops=257)
                                                              ->  Seq Scan on comp_cast_type cct1  (cost=0.00..1.05 rows=2 width=4) (actual time=0.004..0.005 rows=2 loops=1)
                                                                    Filter: ((kind)::text = ANY ('{cast,crew}'::text[]))
                                                  ->  Materialize  (cost=0.00..1.05 rows=1 width=4) (actual time=0.000..0.000 rows=1 loops=257)
                                                        ->  Seq Scan on comp_cast_type cct2  (cost=0.00..1.05 rows=1 width=4) (actual time=0.002..0.002 rows=1 loops=1)
                                                              Filter: ((kind)::text = 'complete'::text)
                                                              Rows Removed by Filter: 3
                                            ->  Index Scan using title_pkey on title t  (cost=0.43..1.78 rows=1 width=21) (actual time=0.002..0.002 rows=0 loops=189)
                                                  Index Cond: (id = cc.movie_id)
                                                  Filter: (production_year = 1998)
                                                  Rows Removed by Filter: 1
                                      ->  Index Scan using movie_id_movie_companies on movie_companies mc  (cost=0.43..1.29 rows=3 width=12) (actual time=0.003..0.005 rows=5 loops=38)
                                            Index Cond: (movie_id = cc.movie_id)
                                            Filter: (note IS NULL)
                                            Rows Removed by Filter: 1
                                ->  Materialize  (cost=0.00..1.05 rows=1 width=4) (actual time=0.000..0.000 rows=1 loops=190)
                                      ->  Seq Scan on company_type ct  (cost=0.00..1.05 rows=1 width=4) (actual time=0.003..0.003 rows=1 loops=1)
                                            Filter: ((kind)::text = 'production companies'::text)
                                            Rows Removed by Filter: 1
                          ->  Index Scan using movie_id_movie_info on movie_info mi  (cost=0.43..1.99 rows=1 width=4) (actual time=0.007..0.010 rows=3 loops=190)
                                Index Cond: (movie_id = mc.movie_id)
                                Filter: (info = ANY ('{Sweden,Germany,Swedish,German}'::text[]))
                                Rows Removed by Filter: 11
                    ->  Index Scan using company_name_pkey on company_name cn  (cost=0.42..0.46 rows=1 width=23) (actual time=0.002..0.002 rows=0 loops=532)
                          Index Cond: (id = mc.company_id)
                          Filter: (((country_code)::text <> '[pl]'::text) AND ((name ~~ '%Film%'::text) OR (name ~~ '%Warner%'::text)))
                          Rows Removed by Filter: 1
              ->  Index Scan using movie_id_movie_keyword on movie_keyword mk  (cost=0.43..1.35 rows=46 width=8) (actual time=0.002..0.004 rows=8 loops=247)
                    Index Cond: (movie_id = mc.movie_id)
        ->  Index Scan using keyword_pkey on keyword k  (cost=0.42..0.44 rows=1 width=4) (actual time=0.002..0.002 rows=0 loops=1919)
              Index Cond: (id = mk.keyword_id)
              Filter: (keyword = 'sequel'::text)
              Rows Removed by Filter: 1
Planning time: 70.279 ms
Execution time: 15.776 ms
