Aggregate  (cost=2463.83..2463.84 rows=1 width=96) (actual time=10.928..10.928 rows=1 loops=1)
  ->  Hash Join  (cost=603.72..2463.71 rows=16 width=48) (actual time=4.386..10.693 rows=247 loops=1)
        Hash Cond: (mc.company_type_id = ct.id)
        ->  Nested Loop  (cost=602.65..2462.01 rows=62 width=52) (actual time=4.373..10.567 rows=247 loops=1)
              ->  Nested Loop  (cost=602.23..2323.51 rows=303 width=37) (actual time=4.367..8.776 rows=532 loops=1)
                    Join Filter: (ml.movie_id = mc.movie_id)
                    ->  Nested Loop  (cost=601.80..2268.61 rows=95 width=49) (actual time=4.361..8.178 rows=95 loops=1)
                          ->  Nested Loop  (cost=601.38..1958.37 rows=703 width=53) (actual time=4.347..6.447 rows=703 loops=1)
                                Join Filter: (ml.movie_id = mk.movie_id)
                                ->  Nested Loop  (cost=600.95..1682.49 rows=95 width=45) (actual time=4.342..5.838 rows=95 loops=1)
                                      Join Filter: (ml.movie_id = mi.movie_id)
                                      ->  Nested Loop  (cost=600.52..1403.24 rows=38 width=41) (actual time=4.331..5.421 rows=38 loops=1)
                                            Join Filter: (cc.status_id = cct2.id)
                                            Rows Removed by Join Filter: 19
                                            ->  Nested Loop  (cost=600.52..1401.33 rows=57 width=45) (actual time=4.328..5.392 rows=57 loops=1)
                                                  Join Filter: (cc.subject_id = cct1.id)
                                                  Rows Removed by Join Filter: 19
                                                  ->  Nested Loop  (cost=600.52..1398.71 rows=57 width=49) (actual time=4.321..5.348 rows=57 loops=1)
                                                        Join Filter: (ml.movie_id = t.id)
                                                        ->  Merge Join  (cost=600.09..937.47 rows=257 width=28) (actual time=1.801..4.619 rows=257 loops=1)
                                                              Merge Cond: (cc.movie_id = ml.movie_id)
                                                              ->  Index Scan using movie_id_complete_cast on complete_cast cc  (cost=0.42..6346.28 rows=135086 width=12) (actual time=0.010..1.995 rows=5993 loops=1)
                                                              ->  Sort  (cost=599.65..605.43 rows=2315 width=16) (actual time=1.573..1.736 rows=2341 loops=1)
                                                                    Sort Key: ml.movie_id
                                                                    Sort Method: quicksort  Memory: 205kB
                                                                    ->  Nested Loop  (cost=38.82..470.28 rows=2315 width=16) (actual time=0.079..0.981 rows=2315 loops=1)
                                                                          ->  Seq Scan on link_type lt  (cost=0.00..1.23 rows=2 width=16) (actual time=0.003..0.007 rows=2 loops=1)
                                                                                Filter: ((link)::text ~~ '%follow%'::text)
                                                                                Rows Removed by Filter: 16
                                                                          ->  Bitmap Heap Scan on movie_link ml  (cost=38.82..215.78 rows=1875 width=8) (actual time=0.073..0.310 rows=1158 loops=2)
                                                                                Recheck Cond: (link_type_id = lt.id)
                                                                                Heap Blocks: exact=191
                                                                                ->  Bitmap Index Scan on link_type_id_movie_link  (cost=0.00..38.35 rows=1875 width=0) (actual time=0.058..0.058 rows=1158 loops=2)
                                                                                      Index Cond: (link_type_id = lt.id)
                                                        ->  Index Scan using title_pkey on title t  (cost=0.43..1.78 rows=1 width=21) (actual time=0.002..0.002 rows=0 loops=257)
                                                              Index Cond: (id = cc.movie_id)
                                                              Filter: (production_year = 1998)
                                                              Rows Removed by Filter: 1
                                                  ->  Materialize  (cost=0.00..1.06 rows=2 width=4) (actual time=0.000..0.000 rows=1 loops=57)
                                                        ->  Seq Scan on comp_cast_type cct1  (cost=0.00..1.05 rows=2 width=4) (actual time=0.005..0.005 rows=2 loops=1)
                                                              Filter: ((kind)::text = ANY ('{cast,crew}'::text[]))
                                            ->  Materialize  (cost=0.00..1.05 rows=1 width=4) (actual time=0.000..0.000 rows=1 loops=57)
                                                  ->  Seq Scan on comp_cast_type cct2  (cost=0.00..1.05 rows=1 width=4) (actual time=0.001..0.002 rows=1 loops=1)
                                                        Filter: ((kind)::text = 'complete'::text)
                                                        Rows Removed by Filter: 3
                                      ->  Index Scan using movie_id_movie_info on movie_info mi  (cost=0.43..7.34 rows=1 width=4) (actual time=0.007..0.010 rows=2 loops=38)
                                            Index Cond: (movie_id = cc.movie_id)
                                            Filter: (info = ANY ('{Sweden,Germany,Swedish,German}'::text[]))
                                            Rows Removed by Filter: 10
                                ->  Index Scan using movie_id_movie_keyword on movie_keyword mk  (cost=0.43..2.33 rows=46 width=8) (actual time=0.002..0.004 rows=7 loops=95)
                                      Index Cond: (movie_id = cc.movie_id)
                          ->  Index Scan using keyword_pkey on keyword k  (cost=0.42..0.44 rows=1 width=4) (actual time=0.002..0.002 rows=0 loops=703)
                                Index Cond: (id = mk.keyword_id)
                                Filter: (keyword = 'sequel'::text)
                                Rows Removed by Filter: 1
                    ->  Index Scan using movie_id_movie_companies on movie_companies mc  (cost=0.43..0.54 rows=3 width=12) (actual time=0.003..0.005 rows=6 loops=95)
                          Index Cond: (movie_id = mk.movie_id)
                          Filter: (note IS NULL)
                          Rows Removed by Filter: 1
              ->  Index Scan using company_name_pkey on company_name cn  (cost=0.42..0.46 rows=1 width=23) (actual time=0.003..0.003 rows=0 loops=532)
                    Index Cond: (id = mc.company_id)
                    Filter: (((country_code)::text <> '[pl]'::text) AND ((name ~~ '%Film%'::text) OR (name ~~ '%Warner%'::text)))
                    Rows Removed by Filter: 1
        ->  Hash  (cost=1.05..1.05 rows=1 width=4) (actual time=0.008..0.008 rows=1 loops=1)
              Buckets: 1024  Batches: 1  Memory Usage: 9kB
              ->  Seq Scan on company_type ct  (cost=0.00..1.05 rows=1 width=4) (actual time=0.005..0.006 rows=1 loops=1)
                    Filter: ((kind)::text = 'production companies'::text)
                    Rows Removed by Filter: 3
Planning time: 69.897 ms
Execution time: 11.039 ms
