Aggregate  (cost=3809.02..3809.03 rows=1 width=96) (actual time=26.401..26.401 rows=1 loops=1)
  ->  Hash Join  (cost=603.72..3808.92 rows=14 width=48) (actual time=2.791..25.759 rows=743 loops=1)
        Hash Cond: (mc.company_type_id = ct.id)
        ->  Nested Loop  (cost=602.65..3807.26 rows=57 width=52) (actual time=2.778..25.410 rows=838 loops=1)
              ->  Nested Loop  (cost=602.23..3681.56 rows=275 width=37) (actual time=1.982..19.949 rows=1913 loops=1)
                    Join Filter: (ml.movie_id = mc.movie_id)
                    ->  Nested Loop  (cost=601.80..3631.86 rows=86 width=49) (actual time=1.975..18.105 rows=251 loops=1)
                          Join Filter: (cc.subject_id = cct1.id)
                          Rows Removed by Join Filter: 95
                          ->  Nested Loop  (cost=601.80..3625.62 rows=346 width=53) (actual time=1.972..17.932 rows=346 loops=1)
                                Join Filter: (ml.movie_id = mi.movie_id)
                                ->  Nested Loop  (cost=601.37..3447.46 rows=98 width=49) (actual time=1.958..16.421 rows=98 loops=1)
                                      Join Filter: (cc.status_id = cct2.id)
                                      Rows Removed by Join Filter: 21
                                      ->  Nested Loop  (cost=601.37..3443.70 rows=98 width=53) (actual time=1.952..16.353 rows=98 loops=1)
                                            ->  Nested Loop  (cost=600.95..1885.10 rows=3532 width=57) (actual time=1.781..8.022 rows=3532 loops=1)
                                                  Join Filter: (ml.movie_id = mk.movie_id)
                                                  ->  Nested Loop  (cost=600.52..1399.35 rows=257 width=49) (actual time=1.776..5.591 rows=257 loops=1)
                                                        Join Filter: (ml.movie_id = t.id)
                                                        ->  Merge Join  (cost=600.09..937.47 rows=257 width=28) (actual time=1.769..4.749 rows=257 loops=1)
                                                              Merge Cond: (cc.movie_id = ml.movie_id)
                                                              ->  Index Scan using movie_id_complete_cast on complete_cast cc  (cost=0.42..6346.28 rows=135086 width=12) (actual time=0.007..2.121 rows=5993 loops=1)
                                                              ->  Sort  (cost=599.65..605.43 rows=2315 width=16) (actual time=1.539..1.716 rows=2341 loops=1)
                                                                    Sort Key: ml.movie_id
                                                                    Sort Method: quicksort  Memory: 205kB
                                                                    ->  Nested Loop  (cost=38.82..470.28 rows=2315 width=16) (actual time=0.079..0.971 rows=2315 loops=1)
                                                                          ->  Seq Scan on link_type lt  (cost=0.00..1.23 rows=2 width=16) (actual time=0.003..0.007 rows=2 loops=1)
                                                                                Filter: ((link)::text ~~ '%follow%'::text)
                                                                                Rows Removed by Filter: 16
                                                                          ->  Bitmap Heap Scan on movie_link ml  (cost=38.82..215.78 rows=1875 width=8) (actual time=0.072..0.307 rows=1158 loops=2)
                                                                                Recheck Cond: (link_type_id = lt.id)
                                                                                Heap Blocks: exact=191
                                                                                ->  Bitmap Index Scan on link_type_id_movie_link  (cost=0.00..38.35 rows=1875 width=0) (actual time=0.058..0.058 rows=1158 loops=2)
                                                                                      Index Cond: (link_type_id = lt.id)
                                                        ->  Index Scan using title_pkey on title t  (cost=0.43..1.78 rows=1 width=21) (actual time=0.003..0.003 rows=1 loops=257)
                                                              Index Cond: (id = cc.movie_id)
                                                              Filter: ((production_year >= 1950) AND (production_year <= 2010))
                                                  ->  Index Scan using movie_id_movie_keyword on movie_keyword mk  (cost=0.43..1.32 rows=46 width=8) (actual time=0.002..0.005 rows=14 loops=257)
                                                        Index Cond: (movie_id = t.id)
                                            ->  Index Scan using keyword_pkey on keyword k  (cost=0.42..0.44 rows=1 width=4) (actual time=0.002..0.002 rows=0 loops=3532)
                                                  Index Cond: (id = mk.keyword_id)
                                                  Filter: (keyword = 'sequel'::text)
                                                  Rows Removed by Filter: 1
                                      ->  Materialize  (cost=0.00..1.06 rows=2 width=4) (actual time=0.000..0.000 rows=1 loops=98)
                                            ->  Seq Scan on comp_cast_type cct2  (cost=0.00..1.05 rows=2 width=4) (actual time=0.004..0.004 rows=2 loops=1)
                                                  Filter: ((kind)::text ~~ 'complete%'::text)
                                                  Rows Removed by Filter: 2
                                ->  Index Scan using movie_id_movie_info on movie_info mi  (cost=0.43..1.79 rows=2 width=4) (actual time=0.011..0.014 rows=4 loops=98)
                                      Index Cond: (movie_id = mk.movie_id)
                                      Filter: (info = ANY ('{Sweden,Norway,Germany,Denmark,Swedish,Denish,Norwegian,German,English}'::text[]))
                                      Rows Removed by Filter: 15
                          ->  Materialize  (cost=0.00..1.05 rows=1 width=4) (actual time=0.000..0.000 rows=1 loops=346)
                                ->  Seq Scan on comp_cast_type cct1  (cost=0.00..1.05 rows=1 width=4) (actual time=0.002..0.003 rows=1 loops=1)
                                      Filter: ((kind)::text = 'cast'::text)
                                      Rows Removed by Filter: 3
                    ->  Index Scan using movie_id_movie_companies on movie_companies mc  (cost=0.43..0.54 rows=3 width=12) (actual time=0.003..0.005 rows=8 loops=251)
                          Index Cond: (movie_id = mk.movie_id)
                          Filter: (note IS NULL)
                          Rows Removed by Filter: 1
              ->  Index Scan using company_name_pkey on company_name cn  (cost=0.42..0.46 rows=1 width=23) (actual time=0.002..0.002 rows=0 loops=1913)
                    Index Cond: (id = mc.company_id)
                    Filter: (((country_code)::text <> '[pl]'::text) AND ((name ~~ '%Film%'::text) OR (name ~~ '%Warner%'::text)))
                    Rows Removed by Filter: 1
        ->  Hash  (cost=1.05..1.05 rows=1 width=4) (actual time=0.008..0.008 rows=1 loops=1)
              Buckets: 1024  Batches: 1  Memory Usage: 9kB
              ->  Seq Scan on company_type ct  (cost=0.00..1.05 rows=1 width=4) (actual time=0.005..0.006 rows=1 loops=1)
                    Filter: ((kind)::text = 'production companies'::text)
                    Rows Removed by Filter: 3
Planning time: 69.904 ms
Execution time: 26.510 ms
