Aggregate  (cost=17651.12..17651.13 rows=1 width=96) (actual time=780.266..780.266 rows=1 loops=1)
  ->  Nested Loop  (cost=3783.84..17651.11 rows=1 width=42) (actual time=52.130..775.849 rows=4803 loops=1)
        ->  Nested Loop  (cost=3783.70..17650.93 rows=1 width=46) (actual time=52.127..765.910 rows=5295 loops=1)
              Join Filter: (t.id = mi.movie_id)
              ->  Nested Loop  (cost=3783.26..17643.46 rows=4 width=62) (actual time=52.107..234.863 rows=4410 loops=1)
                    Join Filter: (it2.id = mi_idx.info_type_id)
                    Rows Removed by Join Filter: 9793
                    ->  Seq Scan on info_type it2  (cost=0.00..2.41 rows=1 width=4) (actual time=0.018..0.025 rows=1 loops=1)
                          Filter: ((info)::text = 'rating'::text)
                          Rows Removed by Filter: 112
                    ->  Nested Loop  (cost=3783.26..17635.92 rows=410 width=66) (actual time=52.085..232.472 rows=14203 loops=1)
                          Join Filter: (t.id = mi_idx.movie_id)
                          ->  Hash Join  (cost=3782.83..17222.62 rows=772 width=52) (actual time=52.073..208.658 rows=4729 loops=1)
                                Hash Cond: (t.kind_id = kt.id)
                                ->  Nested Loop  (cost=3781.72..17190.82 rows=2702 width=56) (actual time=52.059..206.516 rows=4881 loops=1)
                                      ->  Hash Join  (cost=3781.30..14722.59 rows=5030 width=41) (actual time=52.053..186.927 rows=5030 loops=1)
                                            Hash Cond: (mc.company_type_id = ct.id)
                                            ->  Nested Loop  (cost=3780.21..14669.16 rows=5030 width=45) (actual time=52.045..184.732 rows=5030 loops=1)
                                                  Join Filter: (t.id = mc.movie_id)
                                                  ->  Hash Join  (cost=3779.78..14317.20 rows=609 width=33) (actual time=52.037..171.742 rows=609 loops=1)
                                                        Hash Cond: (cc.status_id = cct2.id)
                                                        ->  Nested Loop  (cost=3778.69..14309.03 rows=680 width=37) (actual time=52.028..171.418 rows=680 loops=1)
                                                              ->  Hash Join  (cost=3778.26..11264.56 rows=6216 width=12) (actual time=52.014..144.294 rows=6216 loops=1)
                                                                    Hash Cond: (cc.subject_id = cct1.id)
                                                                    ->  Hash Join  (cost=3777.20..11055.13 rows=20024 width=16) (actual time=51.971..140.855 rows=20024 loops=1)
                                                                          Hash Cond: (mk.movie_id = cc.movie_id)
                                                                          ->  Nested Loop  (cost=6.77..6261.07 rows=37091 width=4) (actual time=4.081..81.216 rows=37091 loops=1)
                                                                                ->  Seq Scan on keyword k  (cost=0.00..2961.55 rows=3 width=4) (actual time=1.327..28.458 rows=3 loops=1)
                                                                                      Filter: (keyword = ANY ('{murder,murder-in-title,blood,violence}'::text[]))
                                                                                      Rows Removed by Filter: 134167
                                                                                ->  Bitmap Heap Scan on movie_keyword mk  (cost=6.77..1096.83 rows=301 width=8) (actual time=3.177..15.798 rows=12364 loops=3)
                                                                                      Recheck Cond: (keyword_id = k.id)
                                                                                      Heap Blocks: exact=26312
                                                                                      ->  Bitmap Index Scan on keyword_id_movie_keyword  (cost=0.00..6.69 rows=301 width=0) (actual time=1.626..1.626 rows=12364 loops=3)
                                                                                            Index Cond: (keyword_id = k.id)
                                                                          ->  Hash  (cost=2081.86..2081.86 rows=135086 width=12) (actual time=47.583..47.583 rows=135086 loops=1)
                                                                                Buckets: 262144  Batches: 1  Memory Usage: 7853kB
                                                                                ->  Seq Scan on complete_cast cc  (cost=0.00..2081.86 rows=135086 width=12) (actual time=0.008..24.163 rows=135086 loops=1)
                                                                    ->  Hash  (cost=1.05..1.05 rows=1 width=4) (actual time=0.003..0.003 rows=1 loops=1)
                                                                          Buckets: 1024  Batches: 1  Memory Usage: 9kB
                                                                          ->  Seq Scan on comp_cast_type cct1  (cost=0.00..1.05 rows=1 width=4) (actual time=0.002..0.002 rows=1 loops=1)
                                                                                Filter: ((kind)::text = 'crew'::text)
                                                                                Rows Removed by Filter: 3
                                                              ->  Index Scan using title_pkey on title t  (cost=0.43..0.49 rows=1 width=25) (actual time=0.004..0.004 rows=0 loops=6216)
                                                                    Index Cond: (id = mk.movie_id)
                                                                    Filter: (production_year > 2000)
                                                                    Rows Removed by Filter: 1
                                                        ->  Hash  (cost=1.05..1.05 rows=3 width=4) (actual time=0.004..0.004 rows=3 loops=1)
                                                              Buckets: 1024  Batches: 1  Memory Usage: 9kB
                                                              ->  Seq Scan on comp_cast_type cct2  (cost=0.00..1.05 rows=3 width=4) (actual time=0.002..0.003 rows=3 loops=1)
                                                                    Filter: ((kind)::text <> 'complete+verified'::text)
                                                                    Rows Removed by Filter: 1
                                                  ->  Index Scan using movie_id_movie_companies on movie_companies mc  (cost=0.43..0.57 rows=1 width=12) (actual time=0.007..0.018 rows=8 loops=609)
                                                        Index Cond: (movie_id = mk.movie_id)
                                                        Filter: ((note !~~ '%(USA)%'::text) AND (note ~~ '%(200%)%'::text))
                                                        Rows Removed by Filter: 8
                                            ->  Hash  (cost=1.04..1.04 rows=4 width=4) (actual time=0.003..0.003 rows=4 loops=1)
                                                  Buckets: 1024  Batches: 1  Memory Usage: 9kB
                                                  ->  Seq Scan on company_type ct  (cost=0.00..1.04 rows=4 width=4) (actual time=0.002..0.002 rows=4 loops=1)
                                      ->  Index Scan using company_name_pkey on company_name cn  (cost=0.42..0.49 rows=1 width=23) (actual time=0.003..0.003 rows=1 loops=5030)
                                            Index Cond: (id = mc.company_id)
                                            Filter: ((country_code)::text <> '[us]'::text)
                                            Rows Removed by Filter: 0
                                ->  Hash  (cost=1.09..1.09 rows=2 width=4) (actual time=0.007..0.007 rows=2 loops=1)
                                      Buckets: 1024  Batches: 1  Memory Usage: 9kB
                                      ->  Seq Scan on kind_type kt  (cost=0.00..1.09 rows=2 width=4) (actual time=0.003..0.005 rows=2 loops=1)
                                            Filter: ((kind)::text = ANY ('{movie,episode}'::text[]))
                                            Rows Removed by Filter: 5
                          ->  Index Scan using movie_id_movie_info_idx on movie_info_idx mi_idx  (cost=0.43..0.50 rows=3 width=14) (actual time=0.003..0.004 rows=3 loops=4729)
                                Index Cond: (movie_id = mk.movie_id)
                                Filter: (info < '8.5'::text)
                                Rows Removed by Filter: 0
              ->  Index Scan using movie_id_movie_info on movie_info mi  (cost=0.43..1.84 rows=2 width=8) (actual time=0.105..0.120 rows=1 loops=4410)
                    Index Cond: (movie_id = mk.movie_id)
                    Filter: (info = ANY ('{Sweden,Norway,Germany,Denmark,Swedish,Danish,Norwegian,German,USA,American}'::text[]))
                    Rows Removed by Filter: 247
        ->  Index Scan using info_type_pkey on info_type it1  (cost=0.14..0.16 rows=1 width=4) (actual time=0.001..0.001 rows=1 loops=5295)
              Index Cond: (id = mi.info_type_id)
              Filter: ((info)::text = 'countries'::text)
              Rows Removed by Filter: 0
Planning time: 87.558 ms
Execution time: 780.430 ms
