Aggregate  (cost=17579.91..17579.92 rows=1 width=96) (actual time=312.545..312.545 rows=1 loops=1)
  ->  Nested Loop  (cost=3783.84..17579.90 rows=1 width=42) (actual time=52.563..312.410 rows=148 loops=1)
        ->  Nested Loop  (cost=3783.70..17577.77 rows=13 width=46) (actual time=52.558..312.002 rows=224 loops=1)
              Join Filter: (t.id = mi_idx.movie_id)
              ->  Nested Loop  (cost=3783.27..17519.59 rows=114 width=56) (actual time=52.547..311.098 rows=210 loops=1)
                    ->  Hash Join  (cost=3782.85..17415.56 rows=212 width=41) (actual time=52.540..310.121 rows=212 loops=1)
                          Hash Cond: (mc.company_type_id = ct.id)
                          ->  Nested Loop  (cost=3781.76..17412.26 rows=212 width=45) (actual time=52.525..310.022 rows=212 loops=1)
                                Join Filter: (t.id = mc.movie_id)
                                ->  Hash Join  (cost=3781.33..17400.71 rows=20 width=33) (actual time=52.515..309.469 rows=20 loops=1)
                                      Hash Cond: (t.kind_id = kt.id)
                                      ->  Nested Loop  (cost=3780.22..17399.30 rows=26 width=37) (actual time=52.504..309.447 rows=26 loops=1)
                                            Join Filter: (mi.movie_id = t.id)
                                            ->  Nested Loop  (cost=3779.79..17310.90 rows=176 width=12) (actual time=52.492..308.069 rows=176 loops=1)
                                                  Join Filter: (it1.id = mi.info_type_id)
                                                  Rows Removed by Join Filter: 323
                                                  ->  Seq Scan on info_type it1  (cost=0.00..2.41 rows=1 width=4) (actual time=0.006..0.022 rows=1 loops=1)
                                                        Filter: ((info)::text = 'countries'::text)
                                                        Rows Removed by Filter: 112
                                                  ->  Nested Loop  (cost=3779.79..17302.25 rows=499 width=16) (actual time=52.484..307.925 rows=499 loops=1)
                                                        ->  Hash Join  (cost=3779.35..11375.29 rows=3832 width=8) (actual time=52.224..149.088 rows=3832 loops=1)
                                                              Hash Cond: (cc.subject_id = cct1.id)
                                                              ->  Hash Join  (cost=3778.29..11264.59 rows=10536 width=12) (actual time=52.183..147.160 rows=10536 loops=1)
                                                                    Hash Cond: (cc.status_id = cct2.id)
                                                                    ->  Hash Join  (cost=3777.20..11055.13 rows=20024 width=16) (actual time=52.174..143.113 rows=20024 loops=1)
                                                                          Hash Cond: (mk.movie_id = cc.movie_id)
                                                                          ->  Nested Loop  (cost=6.77..6261.07 rows=37091 width=4) (actual time=4.074..81.787 rows=37091 loops=1)
                                                                                ->  Seq Scan on keyword k  (cost=0.00..2961.55 rows=3 width=4) (actual time=1.319..28.514 rows=3 loops=1)
                                                                                      Filter: (keyword = ANY ('{murder,murder-in-title,blood,violence}'::text[]))
                                                                                      Rows Removed by Filter: 134167
                                                                                ->  Bitmap Heap Scan on movie_keyword mk  (cost=6.77..1096.83 rows=301 width=8) (actual time=3.185..15.974 rows=12364 loops=3)
                                                                                      Recheck Cond: (keyword_id = k.id)
                                                                                      Heap Blocks: exact=26312
                                                                                      ->  Bitmap Index Scan on keyword_id_movie_keyword  (cost=0.00..6.69 rows=301 width=0) (actual time=1.624..1.624 rows=12364 loops=3)
                                                                                            Index Cond: (keyword_id = k.id)
                                                                          ->  Hash  (cost=2081.86..2081.86 rows=135086 width=12) (actual time=47.796..47.796 rows=135086 loops=1)
                                                                                Buckets: 262144  Batches: 1  Memory Usage: 7853kB
                                                                                ->  Seq Scan on complete_cast cc  (cost=0.00..2081.86 rows=135086 width=12) (actual time=0.008..24.379 rows=135086 loops=1)
                                                                    ->  Hash  (cost=1.05..1.05 rows=3 width=4) (actual time=0.003..0.003 rows=3 loops=1)
                                                                          Buckets: 1024  Batches: 1  Memory Usage: 9kB
                                                                          ->  Seq Scan on comp_cast_type cct2  (cost=0.00..1.05 rows=3 width=4) (actual time=0.001..0.002 rows=3 loops=1)
                                                                                Filter: ((kind)::text <> 'complete+verified'::text)
                                                                                Rows Removed by Filter: 1
                                                              ->  Hash  (cost=1.05..1.05 rows=1 width=4) (actual time=0.003..0.003 rows=1 loops=1)
                                                                    Buckets: 1024  Batches: 1  Memory Usage: 9kB
                                                                    ->  Seq Scan on comp_cast_type cct1  (cost=0.00..1.05 rows=1 width=4) (actual time=0.002..0.003 rows=1 loops=1)
                                                                          Filter: ((kind)::text = 'crew'::text)
                                                                          Rows Removed by Filter: 3
                                                        ->  Index Scan using movie_id_movie_info on movie_info mi  (cost=0.43..1.54 rows=1 width=8) (actual time=0.038..0.041 rows=0 loops=3832)
                                                              Index Cond: (movie_id = mk.movie_id)
                                                              Filter: (info = ANY ('{Sweden,Germany,Swedish,German}'::text[]))
                                                              Rows Removed by Filter: 77
                                            ->  Index Scan using title_pkey on title t  (cost=0.43..0.49 rows=1 width=25) (actual time=0.007..0.007 rows=0 loops=176)
                                                  Index Cond: (id = mk.movie_id)
                                                  Filter: (production_year > 2005)
                                                  Rows Removed by Filter: 1
                                      ->  Hash  (cost=1.09..1.09 rows=2 width=4) (actual time=0.006..0.006 rows=2 loops=1)
                                            Buckets: 1024  Batches: 1  Memory Usage: 9kB
                                            ->  Seq Scan on kind_type kt  (cost=0.00..1.09 rows=2 width=4) (actual time=0.003..0.005 rows=2 loops=1)
                                                  Filter: ((kind)::text = ANY ('{movie,episode}'::text[]))
                                                  Rows Removed by Filter: 5
                                ->  Index Scan using movie_id_movie_companies on movie_companies mc  (cost=0.43..0.57 rows=1 width=12) (actual time=0.010..0.024 rows=11 loops=20)
                                      Index Cond: (movie_id = mk.movie_id)
                                      Filter: ((note !~~ '%(USA)%'::text) AND (note ~~ '%(200%)%'::text))
                                      Rows Removed by Filter: 14
                          ->  Hash  (cost=1.04..1.04 rows=4 width=4) (actual time=0.009..0.009 rows=4 loops=1)
                                Buckets: 1024  Batches: 1  Memory Usage: 9kB
                                ->  Seq Scan on company_type ct  (cost=0.00..1.04 rows=4 width=4) (actual time=0.005..0.006 rows=4 loops=1)
                    ->  Index Scan using company_name_pkey on company_name cn  (cost=0.42..0.49 rows=1 width=23) (actual time=0.004..0.004 rows=1 loops=212)
                          Index Cond: (id = mc.company_id)
                          Filter: ((country_code)::text <> '[us]'::text)
                          Rows Removed by Filter: 0
              ->  Index Scan using movie_id_movie_info_idx on movie_info_idx mi_idx  (cost=0.43..0.50 rows=1 width=14) (actual time=0.003..0.004 rows=1 loops=210)
                    Index Cond: (movie_id = mk.movie_id)
                    Filter: (info > '6.5'::text)
                    Rows Removed by Filter: 2
        ->  Index Scan using info_type_pkey on info_type it2  (cost=0.14..0.16 rows=1 width=4) (actual time=0.001..0.001 rows=1 loops=224)
              Index Cond: (id = mi_idx.info_type_id)
              Filter: ((info)::text = 'rating'::text)
              Rows Removed by Filter: 0
Planning time: 87.366 ms
Execution time: 312.702 ms
