Aggregate  (cost=20153.86..20153.87 rows=1 width=96) (actual time=394.014..394.014 rows=1 loops=1)
  ->  Nested Loop  (cost=3783.70..20153.86 rows=1 width=42) (actual time=52.172..393.861 rows=148 loops=1)
        ->  Nested Loop  (cost=3783.28..20153.36 rows=1 width=27) (actual time=52.164..393.044 rows=150 loops=1)
              Join Filter: (mi_idx.info_type_id = it2.id)
              Rows Removed by Join Filter: 76
              ->  Seq Scan on info_type it2  (cost=0.00..2.41 rows=1 width=4) (actual time=0.016..0.018 rows=1 loops=1)
                    Filter: ((info)::text = 'rating'::text)
                    Rows Removed by Filter: 112
              ->  Nested Loop  (cost=3783.28..20150.64 rows=25 width=31) (actual time=52.147..392.973 rows=226 loops=1)
                    Join Filter: (t.id = mi_idx.movie_id)
                    ->  Hash Join  (cost=3782.85..20042.44 rows=212 width=41) (actual time=52.134..391.950 rows=212 loops=1)
                          Hash Cond: (mc.company_type_id = ct.id)
                          ->  Nested Loop  (cost=3781.76..20039.15 rows=212 width=45) (actual time=52.121..391.842 rows=212 loops=1)
                                Join Filter: (it1.id = mi.info_type_id)
                                Rows Removed by Join Filter: 23
                                ->  Seq Scan on info_type it1  (cost=0.00..2.41 rows=1 width=4) (actual time=0.004..0.020 rows=1 loops=1)
                                      Filter: ((info)::text = 'countries'::text)
                                      Rows Removed by Filter: 112
                                ->  Nested Loop  (cost=3781.76..20033.80 rows=235 width=49) (actual time=52.116..391.753 rows=235 loops=1)
                                      Join Filter: (t.id = mi.movie_id)
                                      ->  Hash Join  (cost=3781.32..17345.93 rows=1735 width=41) (actual time=51.860..209.177 rows=1735 loops=1)
                                            Hash Cond: (t.kind_id = kt.id)
                                            ->  Hash Join  (cost=3780.21..17323.74 rows=1856 width=45) (actual time=51.850..208.504 rows=1856 loops=1)
                                                  Hash Cond: (cc.subject_id = cct1.id)
                                                  ->  Nested Loop  (cost=3779.15..17208.60 rows=10963 width=49) (actual time=51.843..206.891 rows=10963 loops=1)
                                                        Join Filter: (t.id = mc.movie_id)
                                                        ->  Nested Loop  (cost=3778.72..16424.91 rows=1356 width=37) (actual time=51.834..184.637 rows=1356 loops=1)
                                                              ->  Hash Join  (cost=3778.29..11264.59 rows=10536 width=12) (actual time=51.763..145.006 rows=10536 loops=1)
                                                                    Hash Cond: (cc.status_id = cct2.id)
                                                                    ->  Hash Join  (cost=3777.20..11055.13 rows=20024 width=16) (actual time=51.753..140.561 rows=20024 loops=1)
                                                                          Hash Cond: (mk.movie_id = cc.movie_id)
                                                                          ->  Nested Loop  (cost=6.77..6261.07 rows=37091 width=4) (actual time=4.089..81.160 rows=37091 loops=1)
                                                                                ->  Seq Scan on keyword k  (cost=0.00..2961.55 rows=3 width=4) (actual time=1.310..28.548 rows=3 loops=1)
                                                                                      Filter: (keyword = ANY ('{murder,murder-in-title,blood,violence}'::text[]))
                                                                                      Rows Removed by Filter: 134167
                                                                                ->  Bitmap Heap Scan on movie_keyword mk  (cost=6.77..1096.83 rows=301 width=8) (actual time=3.202..15.663 rows=12364 loops=3)
                                                                                      Recheck Cond: (keyword_id = k.id)
                                                                                      Heap Blocks: exact=26312
                                                                                      ->  Bitmap Index Scan on keyword_id_movie_keyword  (cost=0.00..6.69 rows=301 width=0) (actual time=1.627..1.627 rows=12364 loops=3)
                                                                                            Index Cond: (keyword_id = k.id)
                                                                          ->  Hash  (cost=2081.86..2081.86 rows=135086 width=12) (actual time=47.335..47.335 rows=135086 loops=1)
                                                                                Buckets: 262144  Batches: 1  Memory Usage: 7853kB
                                                                                ->  Seq Scan on complete_cast cc  (cost=0.00..2081.86 rows=135086 width=12) (actual time=0.008..23.976 rows=135086 loops=1)
                                                                    ->  Hash  (cost=1.05..1.05 rows=3 width=4) (actual time=0.003..0.003 rows=3 loops=1)
                                                                          Buckets: 1024  Batches: 1  Memory Usage: 9kB
                                                                          ->  Seq Scan on comp_cast_type cct2  (cost=0.00..1.05 rows=3 width=4) (actual time=0.002..0.002 rows=3 loops=1)
                                                                                Filter: ((kind)::text <> 'complete+verified'::text)
                                                                                Rows Removed by Filter: 1
                                                              ->  Index Scan using title_pkey on title t  (cost=0.43..0.49 rows=1 width=25) (actual time=0.003..0.003 rows=0 loops=10536)
                                                                    Index Cond: (id = mk.movie_id)
                                                                    Filter: (production_year > 2005)
                                                                    Rows Removed by Filter: 1
                                                        ->  Index Scan using movie_id_movie_companies on movie_companies mc  (cost=0.43..0.57 rows=1 width=12) (actual time=0.007..0.014 rows=8 loops=1356)
                                                              Index Cond: (movie_id = mk.movie_id)
                                                              Filter: ((note !~~ '%(USA)%'::text) AND (note ~~ '%(200%)%'::text))
                                                              Rows Removed by Filter: 10
                                                  ->  Hash  (cost=1.05..1.05 rows=1 width=4) (actual time=0.003..0.003 rows=1 loops=1)
                                                        Buckets: 1024  Batches: 1  Memory Usage: 9kB
                                                        ->  Seq Scan on comp_cast_type cct1  (cost=0.00..1.05 rows=1 width=4) (actual time=0.002..0.003 rows=1 loops=1)
                                                              Filter: ((kind)::text = 'crew'::text)
                                                              Rows Removed by Filter: 3
                                            ->  Hash  (cost=1.09..1.09 rows=2 width=4) (actual time=0.006..0.006 rows=2 loops=1)
                                                  Buckets: 1024  Batches: 1  Memory Usage: 9kB
                                                  ->  Seq Scan on kind_type kt  (cost=0.00..1.09 rows=2 width=4) (actual time=0.003..0.004 rows=2 loops=1)
                                                        Filter: ((kind)::text = ANY ('{movie,episode}'::text[]))
                                                        Rows Removed by Filter: 5
                                      ->  Index Scan using movie_id_movie_info on movie_info mi  (cost=0.43..1.54 rows=1 width=8) (actual time=0.104..0.105 rows=0 loops=1735)
                                            Index Cond: (movie_id = mk.movie_id)
                                            Filter: (info = ANY ('{Sweden,Germany,Swedish,German}'::text[]))
                                            Rows Removed by Filter: 313
                          ->  Hash  (cost=1.04..1.04 rows=4 width=4) (actual time=0.005..0.005 rows=4 loops=1)
                                Buckets: 1024  Batches: 1  Memory Usage: 9kB
                                ->  Seq Scan on company_type ct  (cost=0.00..1.04 rows=4 width=4) (actual time=0.002..0.003 rows=4 loops=1)
                    ->  Index Scan using movie_id_movie_info_idx on movie_info_idx mi_idx  (cost=0.43..0.50 rows=1 width=14) (actual time=0.004..0.004 rows=1 loops=212)
                          Index Cond: (movie_id = mk.movie_id)
                          Filter: (info > '6.5'::text)
                          Rows Removed by Filter: 2
        ->  Index Scan using company_name_pkey on company_name cn  (cost=0.42..0.49 rows=1 width=23) (actual time=0.005..0.005 rows=1 loops=150)
              Index Cond: (id = mc.company_id)
              Filter: ((country_code)::text <> '[us]'::text)
              Rows Removed by Filter: 0
Planning time: 87.400 ms
Execution time: 394.177 ms
