Aggregate  (cost=12762.66..12762.67 rows=1 width=96) (actual time=272.446..272.446 rows=1 loops=1)
  ->  Nested Loop  (cost=3781.90..12762.66 rows=1 width=42) (actual time=52.286..272.298 rows=148 loops=1)
        ->  Nested Loop  (cost=3781.77..12762.49 rows=1 width=46) (actual time=52.282..272.010 rows=161 loops=1)
              Join Filter: (mi.movie_id = t.id)
              ->  Nested Loop  (cost=3781.34..12761.99 rows=1 width=45) (actual time=52.274..268.594 rows=1233 loops=1)
                    ->  Nested Loop  (cost=3780.92..12761.50 rows=1 width=30) (actual time=52.268..263.897 rows=1269 loops=1)
                          ->  Nested Loop  (cost=3780.79..12761.34 rows=1 width=34) (actual time=52.264..261.797 rows=1269 loops=1)
                                Join Filter: (mi.movie_id = mc.movie_id)
                                ->  Nested Loop  (cost=3780.36..12760.77 rows=1 width=22) (actual time=52.256..259.059 rows=107 loops=1)
                                      ->  Nested Loop  (cost=3780.21..12759.77 rows=6 width=26) (actual time=52.251..258.400 rows=287 loops=1)
                                            ->  Nested Loop  (cost=3779.78..12736.57 rows=15 width=18) (actual time=51.997..170.834 rows=1591 loops=1)
                                                  Join Filter: (it2.id = mi_idx.info_type_id)
                                                  Rows Removed by Join Filter: 660
                                                  ->  Seq Scan on info_type it2  (cost=0.00..2.41 rows=1 width=4) (actual time=0.017..0.020 rows=1 loops=1)
                                                        Filter: ((info)::text = 'rating'::text)
                                                        Rows Removed by Filter: 112
                                                  ->  Nested Loop  (cost=3779.78..12713.01 rows=1692 width=22) (actual time=51.978..170.256 rows=2251 loops=1)
                                                        ->  Hash Join  (cost=3779.35..11375.29 rows=2634 width=8) (actual time=51.958..148.460 rows=3832 loops=1)
                                                              Hash Cond: (cc.subject_id = cct1.id)
                                                              ->  Hash Join  (cost=3778.29..11264.59 rows=10536 width=12) (actual time=51.912..146.493 rows=10536 loops=1)
                                                                    Hash Cond: (cc.status_id = cct2.id)
                                                                    ->  Hash Join  (cost=3777.20..11055.13 rows=20024 width=16) (actual time=51.903..142.437 rows=20024 loops=1)
                                                                          Hash Cond: (mk.movie_id = cc.movie_id)
                                                                          ->  Nested Loop  (cost=6.77..6261.07 rows=37091 width=4) (actual time=4.084..82.140 rows=37091 loops=1)
                                                                                ->  Seq Scan on keyword k  (cost=0.00..2961.55 rows=3 width=4) (actual time=1.320..28.490 rows=3 loops=1)
                                                                                      Filter: (keyword = ANY ('{murder,murder-in-title,blood,violence}'::text[]))
                                                                                      Rows Removed by Filter: 134167
                                                                                ->  Bitmap Heap Scan on movie_keyword mk  (cost=6.77..1096.83 rows=301 width=8) (actual time=3.180..16.080 rows=12364 loops=3)
                                                                                      Recheck Cond: (keyword_id = k.id)
                                                                                      Heap Blocks: exact=26312
                                                                                      ->  Bitmap Index Scan on keyword_id_movie_keyword  (cost=0.00..6.69 rows=301 width=0) (actual time=1.624..1.624 rows=12364 loops=3)
                                                                                            Index Cond: (keyword_id = k.id)
                                                                          ->  Hash  (cost=2081.86..2081.86 rows=135086 width=12) (actual time=47.509..47.509 rows=135086 loops=1)
                                                                                Buckets: 262144  Batches: 1  Memory Usage: 7853kB
                                                                                ->  Seq Scan on complete_cast cc  (cost=0.00..2081.86 rows=135086 width=12) (actual time=0.008..24.072 rows=135086 loops=1)
                                                                    ->  Hash  (cost=1.05..1.05 rows=3 width=4) (actual time=0.004..0.004 rows=3 loops=1)
                                                                          Buckets: 1024  Batches: 1  Memory Usage: 9kB
                                                                          ->  Seq Scan on comp_cast_type cct2  (cost=0.00..1.05 rows=3 width=4) (actual time=0.001..0.002 rows=3 loops=1)
                                                                                Filter: ((kind)::text <> 'complete+verified'::text)
                                                                                Rows Removed by Filter: 1
                                                              ->  Hash  (cost=1.05..1.05 rows=1 width=4) (actual time=0.005..0.005 rows=1 loops=1)
                                                                    Buckets: 1024  Batches: 1  Memory Usage: 9kB
                                                                    ->  Seq Scan on comp_cast_type cct1  (cost=0.00..1.05 rows=1 width=4) (actual time=0.003..0.003 rows=1 loops=1)
                                                                          Filter: ((kind)::text = 'crew'::text)
                                                                          Rows Removed by Filter: 3
                                                        ->  Index Scan using movie_id_movie_info_idx on movie_info_idx mi_idx  (cost=0.43..0.50 rows=1 width=14) (actual time=0.005..0.005 rows=1 loops=3832)
                                                              Index Cond: (movie_id = mk.movie_id)
                                                              Filter: (info > '6.5'::text)
                                                              Rows Removed by Filter: 2
                                            ->  Index Scan using movie_id_movie_info on movie_info mi  (cost=0.43..1.54 rows=1 width=8) (actual time=0.050..0.055 rows=0 loops=1591)
                                                  Index Cond: (movie_id = mk.movie_id)
                                                  Filter: (info = ANY ('{Sweden,Germany,Swedish,German}'::text[]))
                                                  Rows Removed by Filter: 110
                                      ->  Index Scan using info_type_pkey on info_type it1  (cost=0.14..0.16 rows=1 width=4) (actual time=0.002..0.002 rows=0 loops=287)
                                            Index Cond: (id = mi.info_type_id)
                                            Filter: ((info)::text = 'countries'::text)
                                            Rows Removed by Filter: 1
                                ->  Index Scan using movie_id_movie_companies on movie_companies mc  (cost=0.43..0.57 rows=1 width=12) (actual time=0.009..0.022 rows=12 loops=107)
                                      Index Cond: (movie_id = mk.movie_id)
                                      Filter: ((note !~~ '%(USA)%'::text) AND (note ~~ '%(200%)%'::text))
                                      Rows Removed by Filter: 12
                          ->  Index Only Scan using company_type_pkey on company_type ct  (cost=0.13..0.15 rows=1 width=4) (actual time=0.001..0.001 rows=1 loops=1269)
                                Index Cond: (id = mc.company_type_id)
                                Heap Fetches: 1269
                    ->  Index Scan using company_name_pkey on company_name cn  (cost=0.42..0.49 rows=1 width=23) (actual time=0.003..0.003 rows=1 loops=1269)
                          Index Cond: (id = mc.company_id)
                          Filter: ((country_code)::text <> '[us]'::text)
                          Rows Removed by Filter: 0
              ->  Index Scan using title_pkey on title t  (cost=0.43..0.49 rows=1 width=25) (actual time=0.002..0.002 rows=0 loops=1233)
                    Index Cond: (id = mk.movie_id)
                    Filter: (production_year > 2005)
                    Rows Removed by Filter: 1
        ->  Index Scan using kind_type_pkey on kind_type kt  (cost=0.13..0.15 rows=1 width=4) (actual time=0.001..0.001 rows=1 loops=161)
              Index Cond: (id = t.kind_id)
              Filter: ((kind)::text = ANY ('{movie,episode}'::text[]))
              Rows Removed by Filter: 0
Planning time: 88.472 ms
Execution time: 272.611 ms
