Aggregate  (cost=32643.06..32643.07 rows=1 width=96) (actual time=493.918..493.918 rows=1 loops=1)
  ->  Nested Loop  (cost=3783.67..32627.15 rows=2122 width=42) (actual time=52.114..487.250 rows=8373 loops=1)
        ->  Hash Join  (cost=3783.25..30688.88 rows=3950 width=27) (actual time=52.108..456.731 rows=8771 loops=1)
              Hash Cond: (cc.status_id = cct2.id)
              ->  Nested Loop  (cost=3782.19..30523.43 rows=15798 width=31) (actual time=52.092..452.306 rows=15798 loops=1)
                    Join Filter: (it2.id = mi_idx.info_type_id)
                    Rows Removed by Join Filter: 31832
                    ->  Seq Scan on info_type it2  (cost=0.00..2.41 rows=1 width=4) (actual time=0.012..0.014 rows=1 loops=1)
                          Filter: ((info)::text = 'rating'::text)
                          Rows Removed by Filter: 112
                    ->  Nested Loop  (cost=3782.19..29925.64 rows=47630 width=35) (actual time=52.077..445.137 rows=47630 loops=1)
                          Join Filter: (t.id = mi_idx.movie_id)
                          ->  Hash Join  (cost=3781.76..21319.66 rows=16075 width=45) (actual time=52.060..369.449 rows=16075 loops=1)
                                Hash Cond: (mc.company_type_id = ct.id)
                                ->  Nested Loop  (cost=3780.67..21151.29 rows=16075 width=49) (actual time=52.052..363.527 rows=16075 loops=1)
                                      Join Filter: (t.id = mc.movie_id)
                                      ->  Nested Loop  (cost=3780.24..20439.84 rows=1231 width=37) (actual time=52.042..332.206 rows=1231 loops=1)
                                            Join Filter: (it1.id = mi.info_type_id)
                                            Rows Removed by Join Filter: 152
                                            ->  Seq Scan on info_type it1  (cost=0.00..2.41 rows=1 width=4) (actual time=0.004..0.018 rows=1 loops=1)
                                                  Filter: ((info)::text = 'countries'::text)
                                                  Rows Removed by Filter: 112
                                            ->  Nested Loop  (cost=3780.24..20420.14 rows=1383 width=41) (actual time=52.037..331.768 rows=1383 loops=1)
                                                  Join Filter: (t.id = mi.movie_id)
                                                  ->  Hash Join  (cost=3779.81..18044.39 rows=1271 width=33) (actual time=52.018..209.709 rows=1271 loops=1)
                                                        Hash Cond: (t.kind_id = kt.id)
                                                        ->  Nested Loop  (cost=3778.69..18027.44 rows=1394 width=37) (actual time=52.010..209.073 rows=1394 loops=1)
                                                              ->  Hash Join  (cost=3778.26..11264.56 rows=13808 width=12) (actual time=51.930..151.306 rows=13808 loops=1)
                                                                    Hash Cond: (cc.subject_id = cct1.id)
                                                                    ->  Hash Join  (cost=3777.20..11055.13 rows=20024 width=16) (actual time=51.923..146.279 rows=20024 loops=1)
                                                                          Hash Cond: (mk.movie_id = cc.movie_id)
                                                                          ->  Nested Loop  (cost=6.77..6261.07 rows=37091 width=4) (actual time=4.075..84.431 rows=37091 loops=1)
                                                                                ->  Seq Scan on keyword k  (cost=0.00..2961.55 rows=3 width=4) (actual time=1.326..28.551 rows=3 loops=1)
                                                                                      Filter: (keyword = ANY ('{murder,murder-in-title,blood,violence}'::text[]))
                                                                                      Rows Removed by Filter: 134167
                                                                                ->  Bitmap Heap Scan on movie_keyword mk  (cost=6.77..1096.83 rows=301 width=8) (actual time=3.187..16.731 rows=12364 loops=3)
                                                                                      Recheck Cond: (keyword_id = k.id)
                                                                                      Heap Blocks: exact=26312
                                                                                      ->  Bitmap Index Scan on keyword_id_movie_keyword  (cost=0.00..6.69 rows=301 width=0) (actual time=1.634..1.634 rows=12364 loops=3)
                                                                                            Index Cond: (keyword_id = k.id)
                                                                          ->  Hash  (cost=2081.86..2081.86 rows=135086 width=12) (actual time=47.532..47.532 rows=135086 loops=1)
                                                                                Buckets: 262144  Batches: 1  Memory Usage: 7853kB
                                                                                ->  Seq Scan on complete_cast cc  (cost=0.00..2081.86 rows=135086 width=12) (actual time=0.008..24.101 rows=135086 loops=1)
                                                                    ->  Hash  (cost=1.05..1.05 rows=1 width=4) (actual time=0.003..0.003 rows=1 loops=1)
                                                                          Buckets: 1024  Batches: 1  Memory Usage: 9kB
                                                                          ->  Seq Scan on comp_cast_type cct1  (cost=0.00..1.05 rows=1 width=4) (actual time=0.001..0.002 rows=1 loops=1)
                                                                                Filter: ((kind)::text = 'cast'::text)
                                                                                Rows Removed by Filter: 3
                                                              ->  Index Scan using title_pkey on title t  (cost=0.43..0.49 rows=1 width=25) (actual time=0.004..0.004 rows=0 loops=13808)
                                                                    Index Cond: (id = mk.movie_id)
                                                                    Filter: (production_year > 2005)
                                                                    Rows Removed by Filter: 1
                                                        ->  Hash  (cost=1.09..1.09 rows=2 width=4) (actual time=0.005..0.005 rows=2 loops=1)
                                                              Buckets: 1024  Batches: 1  Memory Usage: 9kB
                                                              ->  Seq Scan on kind_type kt  (cost=0.00..1.09 rows=2 width=4) (actual time=0.003..0.004 rows=2 loops=1)
                                                                    Filter: ((kind)::text = ANY ('{movie,episode}'::text[]))
                                                                    Rows Removed by Filter: 5
                                                  ->  Index Scan using movie_id_movie_info on movie_info mi  (cost=0.43..1.84 rows=2 width=8) (actual time=0.079..0.095 rows=1 loops=1271)
                                                        Index Cond: (movie_id = mk.movie_id)
                                                        Filter: (info = ANY ('{Sweden,Norway,Germany,Denmark,Swedish,Danish,Norwegian,German,USA,American}'::text[]))
                                                        Rows Removed by Filter: 157
                                      ->  Index Scan using movie_id_movie_companies on movie_companies mc  (cost=0.43..0.57 rows=1 width=12) (actual time=0.008..0.021 rows=13 loops=1231)
                                            Index Cond: (movie_id = mk.movie_id)
                                            Filter: ((note !~~ '%(USA)%'::text) AND (note ~~ '%(200%)%'::text))
                                            Rows Removed by Filter: 12
                                ->  Hash  (cost=1.04..1.04 rows=4 width=4) (actual time=0.004..0.004 rows=4 loops=1)
                                      Buckets: 1024  Batches: 1  Memory Usage: 9kB
                                      ->  Seq Scan on company_type ct  (cost=0.00..1.04 rows=4 width=4) (actual time=0.002..0.002 rows=4 loops=1)
                          ->  Index Scan using movie_id_movie_info_idx on movie_info_idx mi_idx  (cost=0.43..0.50 rows=3 width=14) (actual time=0.003..0.004 rows=3 loops=16075)
                                Index Cond: (movie_id = mk.movie_id)
                                Filter: (info < '8.5'::text)
                                Rows Removed by Filter: 0
              ->  Hash  (cost=1.05..1.05 rows=1 width=4) (actual time=0.009..0.009 rows=1 loops=1)
                    Buckets: 1024  Batches: 1  Memory Usage: 9kB
                    ->  Seq Scan on comp_cast_type cct2  (cost=0.00..1.05 rows=1 width=4) (actual time=0.006..0.007 rows=1 loops=1)
                          Filter: ((kind)::text = 'complete'::text)
                          Rows Removed by Filter: 3
        ->  Index Scan using company_name_pkey on company_name cn  (cost=0.42..0.49 rows=1 width=23) (actual time=0.003..0.003 rows=1 loops=8771)
              Index Cond: (id = mc.company_id)
              Filter: ((country_code)::text <> '[us]'::text)
              Rows Removed by Filter: 0
Planning time: 87.106 ms
Execution time: 494.079 ms
