Aggregate  (cost=38766.78..38766.79 rows=1 width=96) (actual time=1226.143..1226.144 rows=1 loops=1)
  ->  Nested Loop  (cost=3783.67..38766.61 rows=23 width=42) (actual time=52.241..1218.858 rows=8373 loops=1)
        ->  Nested Loop  (cost=3783.25..38746.00 rows=42 width=27) (actual time=52.233..1186.077 rows=8771 loops=1)
              Join Filter: (mi_idx.info_type_id = it2.id)
              Rows Removed by Join Filter: 17261
              ->  Seq Scan on info_type it2  (cost=0.00..2.41 rows=1 width=4) (actual time=0.017..0.020 rows=1 loops=1)
                    Filter: ((info)::text = 'rating'::text)
                    Rows Removed by Filter: 112
              ->  Nested Loop  (cost=3783.25..38684.49 rows=4728 width=31) (actual time=52.213..1181.951 rows=26032 loops=1)
                    Join Filter: (t.id = mi_idx.movie_id)
                    ->  Hash Join  (cost=3782.82..33921.35 rows=8897 width=41) (actual time=52.200..1136.667 rows=8897 loops=1)
                          Hash Cond: (mc.company_type_id = ct.id)
                          ->  Nested Loop  (cost=3781.73..33827.68 rows=8897 width=45) (actual time=52.188..1132.882 rows=8897 loops=1)
                                Join Filter: (it1.id = mi.info_type_id)
                                Rows Removed by Join Filter: 1152
                                ->  Seq Scan on info_type it1  (cost=0.00..2.41 rows=1 width=4) (actual time=0.004..0.022 rows=1 loops=1)
                                      Filter: ((info)::text = 'countries'::text)
                                      Rows Removed by Filter: 112
                                ->  Nested Loop  (cost=3781.73..33699.65 rows=10049 width=49) (actual time=52.183..1130.137 rows=10049 loops=1)
                                      Join Filter: (t.id = mi.movie_id)
                                      ->  Hash Join  (cost=3781.30..17428.26 rows=8705 width=41) (actual time=52.163..225.824 rows=8705 loops=1)
                                            Hash Cond: (t.kind_id = kt.id)
                                            ->  Hash Join  (cost=3780.19..17323.71 rows=9107 width=45) (actual time=52.153..222.607 rows=9107 loops=1)
                                                  Hash Cond: (cc.subject_id = cct1.id)
                                                  ->  Nested Loop  (cost=3779.12..17208.57 rows=10963 width=49) (actual time=52.134..218.890 rows=10963 loops=1)
                                                        Join Filter: (t.id = mc.movie_id)
                                                        ->  Nested Loop  (cost=3778.69..16424.88 rows=1356 width=37) (actual time=52.125..191.600 rows=1356 loops=1)
                                                              ->  Hash Join  (cost=3778.26..11264.56 rows=10536 width=12) (actual time=52.054..148.663 rows=10536 loops=1)
                                                                    Hash Cond: (cc.status_id = cct2.id)
                                                                    ->  Hash Join  (cost=3777.20..11055.13 rows=20024 width=16) (actual time=52.045..144.268 rows=20024 loops=1)
                                                                          Hash Cond: (mk.movie_id = cc.movie_id)
                                                                          ->  Nested Loop  (cost=6.77..6261.07 rows=37091 width=4) (actual time=4.075..83.062 rows=37091 loops=1)
                                                                                ->  Seq Scan on keyword k  (cost=0.00..2961.55 rows=3 width=4) (actual time=1.311..28.524 rows=3 loops=1)
                                                                                      Filter: (keyword = ANY ('{murder,murder-in-title,blood,violence}'::text[]))
                                                                                      Rows Removed by Filter: 134167
                                                                                ->  Bitmap Heap Scan on movie_keyword mk  (cost=6.77..1096.83 rows=301 width=8) (actual time=3.181..16.333 rows=12364 loops=3)
                                                                                      Recheck Cond: (keyword_id = k.id)
                                                                                      Heap Blocks: exact=26312
                                                                                      ->  Bitmap Index Scan on keyword_id_movie_keyword  (cost=0.00..6.69 rows=301 width=0) (actual time=1.629..1.629 rows=12364 loops=3)
                                                                                            Index Cond: (keyword_id = k.id)
                                                                          ->  Hash  (cost=2081.86..2081.86 rows=135086 width=12) (actual time=47.651..47.651 rows=135086 loops=1)
                                                                                Buckets: 262144  Batches: 1  Memory Usage: 7853kB
                                                                                ->  Seq Scan on complete_cast cc  (cost=0.00..2081.86 rows=135086 width=12) (actual time=0.008..24.169 rows=135086 loops=1)
                                                                    ->  Hash  (cost=1.05..1.05 rows=1 width=4) (actual time=0.002..0.002 rows=1 loops=1)
                                                                          Buckets: 1024  Batches: 1  Memory Usage: 9kB
                                                                          ->  Seq Scan on comp_cast_type cct2  (cost=0.00..1.05 rows=1 width=4) (actual time=0.002..0.002 rows=1 loops=1)
                                                                                Filter: ((kind)::text = 'complete'::text)
                                                                                Rows Removed by Filter: 3
                                                              ->  Index Scan using title_pkey on title t  (cost=0.43..0.49 rows=1 width=25) (actual time=0.004..0.004 rows=0 loops=10536)
                                                                    Index Cond: (id = mk.movie_id)
                                                                    Filter: (production_year > 2005)
                                                                    Rows Removed by Filter: 1
                                                        ->  Index Scan using movie_id_movie_companies on movie_companies mc  (cost=0.43..0.57 rows=1 width=12) (actual time=0.007..0.017 rows=8 loops=1356)
                                                              Index Cond: (movie_id = mk.movie_id)
                                                              Filter: ((note !~~ '%(USA)%'::text) AND (note ~~ '%(200%)%'::text))
                                                              Rows Removed by Filter: 10
                                                  ->  Hash  (cost=1.05..1.05 rows=1 width=4) (actual time=0.003..0.003 rows=1 loops=1)
                                                        Buckets: 1024  Batches: 1  Memory Usage: 9kB
                                                        ->  Seq Scan on comp_cast_type cct1  (cost=0.00..1.05 rows=1 width=4) (actual time=0.002..0.003 rows=1 loops=1)
                                                              Filter: ((kind)::text = 'cast'::text)
                                                              Rows Removed by Filter: 3
                                            ->  Hash  (cost=1.09..1.09 rows=2 width=4) (actual time=0.005..0.005 rows=2 loops=1)
                                                  Buckets: 1024  Batches: 1  Memory Usage: 9kB
                                                  ->  Seq Scan on kind_type kt  (cost=0.00..1.09 rows=2 width=4) (actual time=0.003..0.004 rows=2 loops=1)
                                                        Filter: ((kind)::text = ANY ('{movie,episode}'::text[]))
                                                        Rows Removed by Filter: 5
                                      ->  Index Scan using movie_id_movie_info on movie_info mi  (cost=0.43..1.84 rows=2 width=8) (actual time=0.087..0.103 rows=1 loops=8705)
                                            Index Cond: (movie_id = mk.movie_id)
                                            Filter: (info = ANY ('{Sweden,Norway,Germany,Denmark,Swedish,Danish,Norwegian,German,USA,American}'::text[]))
                                            Rows Removed by Filter: 210
                          ->  Hash  (cost=1.04..1.04 rows=4 width=4) (actual time=0.005..0.005 rows=4 loops=1)
                                Buckets: 1024  Batches: 1  Memory Usage: 9kB
                                ->  Seq Scan on company_type ct  (cost=0.00..1.04 rows=4 width=4) (actual time=0.002..0.003 rows=4 loops=1)
                    ->  Index Scan using movie_id_movie_info_idx on movie_info_idx mi_idx  (cost=0.43..0.50 rows=3 width=14) (actual time=0.003..0.004 rows=3 loops=8897)
                          Index Cond: (movie_id = mk.movie_id)
                          Filter: (info < '8.5'::text)
                          Rows Removed by Filter: 0
        ->  Index Scan using company_name_pkey on company_name cn  (cost=0.42..0.49 rows=1 width=23) (actual time=0.003..0.003 rows=1 loops=8771)
              Index Cond: (id = mc.company_id)
              Filter: ((country_code)::text <> '[us]'::text)
              Rows Removed by Filter: 0
Planning time: 86.652 ms
Execution time: 1226.300 ms
