Aggregate  (cost=5072.93..5072.94 rows=1 width=96) (actual time=144.047..144.047 rows=1 loops=1)
  ->  Nested Loop  (cost=11.18..5072.92 rows=1 width=48) (actual time=1.579..143.122 rows=1620 loops=1)
        Join Filter: (cc.status_id = cct2.id)
        ->  Nested Loop  (cost=11.18..5071.86 rows=1 width=52) (actual time=1.577..141.049 rows=1620 loops=1)
              Join Filter: (mi.info_type_id = it.id)
              ->  Nested Loop  (cost=11.18..5069.43 rows=1 width=56) (actual time=1.573..134.400 rows=1620 loops=1)
                    Join Filter: (cc.subject_id = cct1.id)
                    ->  Nested Loop  (cost=11.18..5068.37 rows=1 width=60) (actual time=1.571..132.627 rows=1620 loops=1)
                          Join Filter: (pi.info_type_id = it3.id)
                          Rows Removed by Join Filter: 3270
                          ->  Nested Loop  (cost=11.18..5065.94 rows=1 width=64) (actual time=1.415..84.755 rows=4890 loops=1)
                                ->  Nested Loop  (cost=10.76..5057.84 rows=4 width=68) (actual time=1.410..30.313 rows=21516 loops=1)
                                      Join Filter: (t.id = mc.movie_id)
                                      ->  Nested Loop  (cost=10.33..5038.41 rows=4 width=84) (actual time=1.405..16.109 rows=978 loops=1)
                                            Join Filter: (n.id = pi.person_id)
                                            ->  Nested Loop  (cost=9.90..4921.24 rows=6 width=92) (actual time=1.401..15.453 rows=6 loops=1)
                                                  ->  Nested Loop  (cost=9.47..4907.16 rows=6 width=73) (actual time=1.396..15.426 rows=6 loops=1)
                                                        ->  Nested Loop  (cost=9.04..4833.23 rows=32 width=61) (actual time=1.390..15.324 rows=32 loops=1)
                                                              ->  Nested Loop  (cost=8.62..4769.07 rows=22 width=57) (actual time=1.384..15.235 rows=22 loops=1)
                                                                    Join Filter: (rt.id = ci.role_id)
                                                                    Rows Removed by Join Filter: 54
                                                                    ->  Seq Scan on role_type rt  (cost=0.00..1.15 rows=1 width=4) (actual time=0.006..0.007 rows=1 loops=1)
                                                                          Filter: ((role)::text = 'actress'::text)
                                                                          Rows Removed by Filter: 11
                                                                    ->  Nested Loop  (cost=8.62..4766.97 rows=76 width=61) (actual time=1.353..15.216 rows=76 loops=1)
                                                                          Join Filter: (t.id = ci.movie_id)
                                                                          ->  Nested Loop  (cost=8.05..4671.83 rows=2 width=45) (actual time=1.345..14.865 rows=2 loops=1)
                                                                                Join Filter: (t.id = mi.movie_id)
                                                                                ->  Nested Loop  (cost=7.62..4629.77 rows=1 width=37) (actual time=1.326..14.704 rows=1 loops=1)
                                                                                      Join Filter: (t.id = cc.movie_id)
                                                                                      ->  Nested Loop  (cost=7.20..4626.97 rows=1 width=25) (actual time=1.321..14.698 rows=1 loops=1)
                                                                                            ->  Nested Loop  (cost=6.77..3739.98 rows=414 width=4) (actual time=0.133..13.486 rows=414 loops=1)
                                                                                                  ->  Seq Scan on keyword k  (cost=0.00..2626.12 rows=1 width=4) (actual time=0.037..12.991 rows=1 loops=1)
                                                                                                        Filter: (keyword = 'computer-animation'::text)
                                                                                                        Rows Removed by Filter: 134169
                                                                                                  ->  Bitmap Heap Scan on movie_keyword mk  (cost=6.77..1110.84 rows=301 width=8) (actual time=0.095..0.427 rows=414 loops=1)
                                                                                                        Recheck Cond: (keyword_id = k.id)
                                                                                                        Heap Blocks: exact=358
                                                                                                        ->  Bitmap Index Scan on keyword_id_movie_keyword  (cost=0.00..6.69 rows=301 width=0) (actual time=0.048..0.048 rows=414 loops=1)
                                                                                                              Index Cond: (keyword_id = k.id)
                                                                                            ->  Index Scan using title_pkey on title t  (cost=0.43..2.14 rows=1 width=21) (actual time=0.003..0.003 rows=0 loops=414)
                                                                                                  Index Cond: (id = mk.movie_id)
                                                                                                  Filter: ((production_year >= 2000) AND (production_year <= 2010) AND (title = 'Shrek 2'::text))
                                                                                                  Rows Removed by Filter: 1
                                                                                      ->  Index Scan using movie_id_complete_cast on complete_cast cc  (cost=0.42..2.78 rows=2 width=12) (actual time=0.004..0.005 rows=1 loops=1)
                                                                                            Index Cond: (movie_id = mk.movie_id)
                                                                                ->  Index Scan using movie_id_movie_info on movie_info mi  (cost=0.43..42.04 rows=1 width=8) (actual time=0.019..0.160 rows=2 loops=1)
                                                                                      Index Cond: (movie_id = mk.movie_id)
                                                                                      Filter: ((info IS NOT NULL) AND ((info ~~ 'Japan:%200%'::text) OR (info ~~ 'USA:%200%'::text)))
                                                                                      Rows Removed by Filter: 455
                                                                          ->  Index Scan using movie_id_cast_info on cast_info ci  (cost=0.56..47.56 rows=1 width=16) (actual time=0.006..0.165 rows=38 loops=2)
                                                                                Index Cond: (movie_id = mk.movie_id)
                                                                                Filter: (note = ANY ('{(voice),"(voice) (uncredited)","(voice: English version)"}'::text[]))
                                                                                Rows Removed by Filter: 191
                                                              ->  Index Only Scan using person_id_aka_name on aka_name an  (cost=0.42..2.90 rows=2 width=4) (actual time=0.003..0.003 rows=1 loops=22)
                                                                    Index Cond: (person_id = ci.person_id)
                                                                    Heap Fetches: 32
                                                        ->  Index Scan using char_name_pkey on char_name chn  (cost=0.43..2.25 rows=1 width=20) (actual time=0.003..0.003 rows=0 loops=32)
                                                              Index Cond: (id = ci.person_role_id)
                                                              Filter: (name = 'Queen'::text)
                                                              Rows Removed by Filter: 1
                                                  ->  Index Scan using name_pkey on name n  (cost=0.43..2.35 rows=1 width=19) (actual time=0.004..0.004 rows=1 loops=6)
                                                        Index Cond: (id = ci.person_id)
                                                        Filter: ((name ~~ '%An%'::text) AND ((gender)::text = 'f'::text))
                                            ->  Index Scan using person_id_person_info on person_info pi  (cost=0.43..19.22 rows=25 width=8) (actual time=0.003..0.050 rows=163 loops=6)
                                                  Index Cond: (person_id = an.person_id)
                                      ->  Index Scan using movie_id_movie_companies on movie_companies mc  (cost=0.43..4.79 rows=5 width=8) (actual time=0.003..0.008 rows=22 loops=978)
                                            Index Cond: (movie_id = mk.movie_id)
                                ->  Index Scan using company_name_pkey on company_name cn  (cost=0.42..2.03 rows=1 width=4) (actual time=0.002..0.002 rows=0 loops=21516)
                                      Index Cond: (id = mc.company_id)
                                      Filter: ((country_code)::text = '[us]'::text)
                                      Rows Removed by Filter: 1
                          ->  Seq Scan on info_type it3  (cost=0.00..2.41 rows=1 width=4) (actual time=0.004..0.009 rows=1 loops=4890)
                                Filter: ((info)::text = 'trivia'::text)
                                Rows Removed by Filter: 80
                    ->  Seq Scan on comp_cast_type cct1  (cost=0.00..1.05 rows=1 width=4) (actual time=0.001..0.001 rows=1 loops=1620)
                          Filter: ((kind)::text = 'cast'::text)
              ->  Seq Scan on info_type it  (cost=0.00..2.41 rows=1 width=4) (actual time=0.004..0.004 rows=1 loops=1620)
                    Filter: ((info)::text = 'release dates'::text)
                    Rows Removed by Filter: 15
        ->  Seq Scan on comp_cast_type cct2  (cost=0.00..1.05 rows=1 width=4) (actual time=0.001..0.001 rows=1 loops=1620)
              Filter: ((kind)::text = 'complete+verified'::text)
              Rows Removed by Filter: 3
Planning time: 117.708 ms
Execution time: 144.185 ms
