Aggregate  (cost=22062.11..22062.12 rows=1 width=96) (actual time=144.907..144.907 rows=1 loops=1)
  ->  Nested Loop  (cost=11.18..22062.11 rows=1 width=48) (actual time=11.480..144.144 rows=1620 loops=1)
        Join Filter: (n.id = an.person_id)
        ->  Nested Loop  (cost=10.76..22059.21 rows=1 width=60) (actual time=11.473..141.835 rows=540 loops=1)
              ->  Nested Loop  (cost=10.34..22057.18 rows=1 width=64) (actual time=11.468..135.215 rows=2376 loops=1)
                    Join Filter: (pi.info_type_id = it3.id)
                    Rows Removed by Join Filter: 4796
                    ->  Nested Loop  (cost=10.34..22054.76 rows=1 width=68) (actual time=11.438..67.408 rows=7172 loops=1)
                          Join Filter: (ci.person_id = n.id)
                          ->  Nested Loop  (cost=9.91..22050.28 rows=2 width=49) (actual time=11.432..47.851 rows=7172 loops=1)
                                Join Filter: (ci.role_id = rt.id)
                                ->  Seq Scan on role_type rt  (cost=0.00..1.15 rows=1 width=4) (actual time=0.006..0.007 rows=1 loops=1)
                                      Filter: ((role)::text = 'actress'::text)
                                      Rows Removed by Filter: 11
                                ->  Nested Loop  (cost=9.91..22048.82 rows=25 width=53) (actual time=11.425..46.301 rows=7172 loops=1)
                                      ->  Nested Loop  (cost=9.48..22029.35 rows=1 width=45) (actual time=11.419..42.581 rows=44 loops=1)
                                            ->  Nested Loop  (cost=9.05..22025.27 rows=1 width=33) (actual time=11.296..37.388 rows=1672 loops=1)
                                                  Join Filter: (t.id = ci.movie_id)
                                                  ->  Nested Loop  (cost=8.48..21977.70 rows=1 width=41) (actual time=11.288..29.664 rows=44 loops=1)
                                                        Join Filter: (cc.status_id = cct2.id)
                                                        ->  Nested Loop  (cost=8.48..21976.64 rows=1 width=45) (actual time=11.284..29.534 rows=44 loops=1)
                                                              Join Filter: (cct1.id = cc.subject_id)
                                                              ->  Seq Scan on comp_cast_type cct1  (cost=0.00..1.05 rows=1 width=4) (actual time=0.002..0.003 rows=1 loops=1)
                                                                    Filter: ((kind)::text = 'cast'::text)
                                                                    Rows Removed by Filter: 3
                                                              ->  Nested Loop  (cost=8.48..21975.57 rows=1 width=49) (actual time=11.281..29.514 rows=44 loops=1)
                                                                    Join Filter: (t.id = cc.movie_id)
                                                                    ->  Nested Loop  (cost=8.06..21969.97 rows=2 width=37) (actual time=11.275..29.312 rows=44 loops=1)
                                                                          Join Filter: (t.id = mc.movie_id)
                                                                          ->  Nested Loop  (cost=7.63..21960.26 rows=2 width=29) (actual time=11.267..29.259 rows=2 loops=1)
                                                                                Join Filter: (mi.movie_id = t.id)
                                                                                ->  Nested Loop  (cost=7.20..21155.06 rows=374 width=8) (actual time=0.404..27.990 rows=374 loops=1)
                                                                                      Join Filter: (mi.info_type_id = it.id)
                                                                                      ->  Seq Scan on info_type it  (cost=0.00..2.41 rows=1 width=4) (actual time=0.005..0.014 rows=1 loops=1)
                                                                                            Filter: ((info)::text = 'release dates'::text)
                                                                                            Rows Removed by Filter: 112
                                                                                      ->  Nested Loop  (cost=7.20..21147.97 rows=374 width=12) (actual time=0.398..27.891 rows=374 loops=1)
                                                                                            ->  Nested Loop  (cost=6.77..3739.98 rows=414 width=4) (actual time=0.142..14.226 rows=414 loops=1)
                                                                                                  ->  Seq Scan on keyword k  (cost=0.00..2626.12 rows=1 width=4) (actual time=0.040..13.618 rows=1 loops=1)
                                                                                                        Filter: (keyword = 'computer-animation'::text)
                                                                                                        Rows Removed by Filter: 134169
                                                                                                  ->  Bitmap Heap Scan on movie_keyword mk  (cost=6.77..1110.84 rows=301 width=8) (actual time=0.100..0.530 rows=414 loops=1)
                                                                                                        Recheck Cond: (keyword_id = k.id)
                                                                                                        Heap Blocks: exact=358
                                                                                                        ->  Bitmap Index Scan on keyword_id_movie_keyword  (cost=0.00..6.69 rows=301 width=0) (actual time=0.051..0.051 rows=414 loops=1)
                                                                                                              Index Cond: (keyword_id = k.id)
                                                                                            ->  Index Scan using movie_id_movie_info on movie_info mi  (cost=0.43..42.04 rows=1 width=8) (actual time=0.015..0.033 rows=1 loops=414)
                                                                                                  Index Cond: (movie_id = mk.movie_id)
                                                                                                  Filter: ((info IS NOT NULL) AND ((info ~~ 'Japan:%200%'::text) OR (info ~~ 'USA:%200%'::text)))
                                                                                                  Rows Removed by Filter: 70
                                                                                ->  Index Scan using title_pkey on title t  (cost=0.43..2.14 rows=1 width=21) (actual time=0.003..0.003 rows=0 loops=374)
                                                                                      Index Cond: (id = mk.movie_id)
                                                                                      Filter: ((production_year >= 2000) AND (production_year <= 2010) AND (title = 'Shrek 2'::text))
                                                                                      Rows Removed by Filter: 1
                                                                          ->  Index Scan using movie_id_movie_companies on movie_companies mc  (cost=0.43..4.79 rows=5 width=8) (actual time=0.006..0.017 rows=22 loops=2)
                                                                                Index Cond: (movie_id = mk.movie_id)
                                                                    ->  Index Scan using movie_id_complete_cast on complete_cast cc  (cost=0.42..2.78 rows=2 width=12) (actual time=0.003..0.004 rows=1 loops=44)
                                                                          Index Cond: (movie_id = mk.movie_id)
                                                        ->  Seq Scan on comp_cast_type cct2  (cost=0.00..1.05 rows=1 width=4) (actual time=0.001..0.001 rows=1 loops=44)
                                                              Filter: ((kind)::text = 'complete+verified'::text)
                                                              Rows Removed by Filter: 3
                                                  ->  Index Scan using movie_id_cast_info on cast_info ci  (cost=0.56..47.56 rows=1 width=16) (actual time=0.005..0.166 rows=38 loops=44)
                                                        Index Cond: (movie_id = mk.movie_id)
                                                        Filter: (note = ANY ('{(voice),"(voice) (uncredited)","(voice: English version)"}'::text[]))
                                                        Rows Removed by Filter: 191
                                            ->  Index Scan using char_name_pkey on char_name chn  (cost=0.43..2.25 rows=1 width=20) (actual time=0.003..0.003 rows=0 loops=1672)
                                                  Index Cond: (id = ci.person_role_id)
                                                  Filter: (name = 'Queen'::text)
                                                  Rows Removed by Filter: 1
                                      ->  Index Scan using person_id_person_info on person_info pi  (cost=0.43..19.23 rows=25 width=8) (actual time=0.003..0.046 rows=163 loops=44)
                                            Index Cond: (person_id = ci.person_id)
                          ->  Index Scan using name_pkey on name n  (cost=0.43..2.22 rows=1 width=19) (actual time=0.002..0.002 rows=1 loops=7172)
                                Index Cond: (id = pi.person_id)
                                Filter: ((name ~~ '%An%'::text) AND ((gender)::text = 'f'::text))
                    ->  Seq Scan on info_type it3  (cost=0.00..2.41 rows=1 width=4) (actual time=0.004..0.009 rows=1 loops=7172)
                          Filter: ((info)::text = 'trivia'::text)
                          Rows Removed by Filter: 80
              ->  Index Scan using company_name_pkey on company_name cn  (cost=0.42..2.03 rows=1 width=4) (actual time=0.002..0.002 rows=0 loops=2376)
                    Index Cond: (id = mc.company_id)
                    Filter: ((country_code)::text = '[us]'::text)
                    Rows Removed by Filter: 1
        ->  Index Only Scan using person_id_aka_name on aka_name an  (cost=0.42..2.87 rows=2 width=4) (actual time=0.002..0.003 rows=3 loops=540)
              Index Cond: (person_id = pi.person_id)
              Heap Fetches: 1620
Planning time: 116.848 ms
Execution time: 145.046 ms
