Aggregate  (cost=31768.85..31768.86 rows=1 width=96) (actual time=129.035..129.035 rows=1 loops=1)
  ->  Hash Join  (cost=7003.76..31756.70 rows=1620 width=48) (actual time=74.400..128.295 rows=1620 loops=1)
        Hash Cond: (mc.company_id = cn.id)
        ->  Nested Loop  (cost=10.76..24673.71 rows=7128 width=52) (actual time=15.273..67.996 rows=7128 loops=1)
              Join Filter: (t.id = mc.movie_id)
              ->  Nested Loop  (cost=10.33..23099.98 rows=324 width=68) (actual time=15.266..63.983 rows=324 loops=1)
                    Join Filter: (ci.role_id = rt.id)
                    ->  Seq Scan on role_type rt  (cost=0.00..1.15 rows=1 width=4) (actual time=0.006..0.008 rows=1 loops=1)
                          Filter: ((role)::text = 'actress'::text)
                          Rows Removed by Filter: 11
                    ->  Nested Loop  (cost=10.33..23094.78 rows=324 width=72) (actual time=15.259..63.876 rows=324 loops=1)
                          Join Filter: (cc.subject_id = cct1.id)
                          ->  Seq Scan on comp_cast_type cct1  (cost=0.00..1.05 rows=1 width=4) (actual time=0.002..0.004 rows=1 loops=1)
                                Filter: ((kind)::text = 'cast'::text)
                                Rows Removed by Filter: 3
                          ->  Nested Loop  (cost=10.33..23089.68 rows=324 width=76) (actual time=15.257..63.765 rows=324 loops=1)
                                Join Filter: (ci.person_id = n.id)
                                ->  Nested Loop  (cost=9.90..22365.05 rows=324 width=73) (actual time=15.251..62.767 rows=324 loops=1)
                                      Join Filter: (it.id = mi.info_type_id)
                                      ->  Seq Scan on info_type it  (cost=0.00..2.41 rows=1 width=4) (actual time=0.007..0.016 rows=1 loops=1)
                                            Filter: ((info)::text = 'release dates'::text)
                                            Rows Removed by Filter: 112
                                      ->  Nested Loop  (cost=9.90..22358.59 rows=324 width=77) (actual time=15.243..62.654 rows=324 loops=1)
                                            Join Filter: (t.id = mi.movie_id)
                                            ->  Nested Loop  (cost=9.47..15546.36 rows=162 width=69) (actual time=15.222..38.364 rows=162 loops=1)
                                                  Join Filter: (ci.movie_id = t.id)
                                                  ->  Nested Loop  (cost=9.04..14629.21 rows=426 width=48) (actual time=0.811..37.168 rows=426 loops=1)
                                                        Join Filter: (cc.status_id = cct2.id)
                                                        Rows Removed by Join Filter: 258
                                                        ->  Seq Scan on comp_cast_type cct2  (cost=0.00..1.05 rows=1 width=4) (actual time=0.002..0.002 rows=1 loops=1)
                                                              Filter: ((kind)::text = 'complete+verified'::text)
                                                              Rows Removed by Filter: 3
                                                        ->  Nested Loop  (cost=9.04..14619.61 rows=684 width=52) (actual time=0.809..37.034 rows=684 loops=1)
                                                              Join Filter: (it3.id = pi.info_type_id)
                                                              Rows Removed by Join Filter: 1266
                                                              ->  Seq Scan on info_type it3  (cost=0.00..2.41 rows=1 width=4) (actual time=0.004..0.014 rows=1 loops=1)
                                                                    Filter: ((info)::text = 'trivia'::text)
                                                                    Rows Removed by Filter: 112
                                                              ->  Nested Loop  (cost=9.04..14592.82 rows=1950 width=56) (actual time=0.803..36.761 rows=1950 loops=1)
                                                                    ->  Nested Loop  (cost=8.61..14300.67 rows=15 width=48) (actual time=0.794..35.791 rows=15 loops=1)
                                                                          ->  Nested Loop  (cost=8.18..14286.09 rows=5 width=44) (actual time=0.785..35.736 rows=5 loops=1)
                                                                                ->  Nested Loop  (cost=7.75..9178.70 rows=2266 width=32) (actual time=0.252..28.441 rows=2266 loops=1)
                                                                                      ->  Nested Loop  (cost=7.19..4897.55 rows=90 width=16) (actual time=0.241..16.778 rows=90 loops=1)
                                                                                            ->  Nested Loop  (cost=6.77..3739.98 rows=414 width=4) (actual time=0.153..15.510 rows=414 loops=1)
                                                                                                  ->  Seq Scan on keyword k  (cost=0.00..2626.12 rows=1 width=4) (actual time=0.043..14.739 rows=1 loops=1)
                                                                                                        Filter: (keyword = 'computer-animation'::text)
                                                                                                        Rows Removed by Filter: 134169
                                                                                                  ->  Bitmap Heap Scan on movie_keyword mk  (cost=6.77..1110.84 rows=301 width=8) (actual time=0.109..0.691 rows=414 loops=1)
                                                                                                        Recheck Cond: (keyword_id = k.id)
                                                                                                        Heap Blocks: exact=358
                                                                                                        ->  Bitmap Index Scan on keyword_id_movie_keyword  (cost=0.00..6.69 rows=301 width=0) (actual time=0.058..0.058 rows=414 loops=1)
                                                                                                              Index Cond: (keyword_id = k.id)
                                                                                            ->  Index Scan using movie_id_complete_cast on complete_cast cc  (cost=0.42..2.78 rows=2 width=12) (actual time=0.003..0.003 rows=0 loops=414)
                                                                                                  Index Cond: (movie_id = mk.movie_id)
                                                                                      ->  Index Scan using movie_id_cast_info on cast_info ci  (cost=0.56..47.56 rows=1 width=16) (actual time=0.015..0.124 rows=25 loops=90)
                                                                                            Index Cond: (movie_id = mk.movie_id)
                                                                                            Filter: (note = ANY ('{(voice),"(voice) (uncredited)","(voice: English version)"}'::text[]))
                                                                                            Rows Removed by Filter: 90
                                                                                ->  Index Scan using char_name_pkey on char_name chn  (cost=0.43..2.25 rows=1 width=20) (actual time=0.003..0.003 rows=0 loops=2266)
                                                                                      Index Cond: (id = ci.person_role_id)
                                                                                      Filter: (name = 'Queen'::text)
                                                                                      Rows Removed by Filter: 1
                                                                          ->  Index Only Scan using person_id_aka_name on aka_name an  (cost=0.42..2.90 rows=2 width=4) (actual time=0.006..0.009 rows=3 loops=5)
                                                                                Index Cond: (person_id = ci.person_id)
                                                                                Heap Fetches: 15
                                                                    ->  Index Scan using person_id_person_info on person_info pi  (cost=0.43..19.23 rows=25 width=8) (actual time=0.005..0.036 rows=130 loops=15)
                                                                          Index Cond: (person_id = ci.person_id)
                                                  ->  Index Scan using title_pkey on title t  (cost=0.43..2.14 rows=1 width=21) (actual time=0.002..0.002 rows=0 loops=426)
                                                        Index Cond: (id = mk.movie_id)
                                                        Filter: ((production_year >= 2000) AND (production_year <= 2010) AND (title = 'Shrek 2'::text))
                                                        Rows Removed by Filter: 1
                                            ->  Index Scan using movie_id_movie_info on movie_info mi  (cost=0.43..42.04 rows=1 width=8) (actual time=0.015..0.149 rows=2 loops=162)
                                                  Index Cond: (movie_id = mk.movie_id)
                                                  Filter: ((info IS NOT NULL) AND ((info ~~ 'Japan:%200%'::text) OR (info ~~ 'USA:%200%'::text)))
                                                  Rows Removed by Filter: 455
                                ->  Index Scan using name_pkey on name n  (cost=0.43..2.22 rows=1 width=19) (actual time=0.002..0.002 rows=1 loops=324)
                                      Index Cond: (id = pi.person_id)
                                      Filter: ((name ~~ '%An%'::text) AND ((gender)::text = 'f'::text))
              ->  Index Scan using movie_id_movie_companies on movie_companies mc  (cost=0.43..4.79 rows=5 width=8) (actual time=0.003..0.007 rows=22 loops=324)
                    Index Cond: (movie_id = mk.movie_id)
        ->  Hash  (cost=5932.46..5932.46 rows=84843 width=4) (actual time=59.008..59.008 rows=84843 loops=1)
              Buckets: 131072  Batches: 1  Memory Usage: 4007kB
              ->  Seq Scan on company_name cn  (cost=0.00..5932.46 rows=84843 width=4) (actual time=0.009..45.607 rows=84843 loops=1)
                    Filter: ((country_code)::text = '[us]'::text)
                    Rows Removed by Filter: 150154
Planning time: 116.360 ms
Execution time: 129.192 ms
