Aggregate  (cost=10718.43..10718.44 rows=1 width=96) (actual time=33.575..33.575 rows=1 loops=1)
  ->  Nested Loop  (cost=11.18..10718.42 rows=1 width=48) (actual time=12.328..32.869 rows=1620 loops=1)
        Join Filter: (n.id = an.person_id)
        ->  Nested Loop  (cost=10.76..10715.53 rows=1 width=60) (actual time=12.322..30.726 rows=540 loops=1)
              ->  Nested Loop  (cost=10.33..10682.16 rows=14 width=48) (actual time=12.316..29.304 rows=540 loops=1)
                    Join Filter: (it3.id = pi.info_type_id)
                    Rows Removed by Join Filter: 1090
                    ->  Seq Scan on info_type it3  (cost=0.00..2.41 rows=1 width=4) (actual time=0.009..0.016 rows=1 loops=1)
                          Filter: ((info)::text = 'trivia'::text)
                          Rows Removed by Filter: 112
                    ->  Nested Loop  (cost=10.33..10659.37 rows=1630 width=52) (actual time=12.301..29.102 rows=1630 loops=1)
                          Join Filter: (n.id = pi.person_id)
                          ->  Nested Loop  (cost=9.90..10463.98 rows=10 width=44) (actual time=12.296..28.243 rows=10 loops=1)
                                ->  Nested Loop  (cost=9.48..10374.81 rows=44 width=48) (actual time=12.291..28.107 rows=44 loops=1)
                                      Join Filter: (t.id = mc.movie_id)
                                      ->  Nested Loop  (cost=9.05..10365.09 rows=2 width=64) (actual time=12.286..28.074 rows=2 loops=1)
                                            Join Filter: (cc.subject_id = cct1.id)
                                            ->  Seq Scan on comp_cast_type cct1  (cost=0.00..1.05 rows=1 width=4) (actual time=0.002..0.003 rows=1 loops=1)
                                                  Filter: ((kind)::text = 'cast'::text)
                                                  Rows Removed by Filter: 3
                                            ->  Nested Loop  (cost=9.05..10364.02 rows=2 width=68) (actual time=12.284..28.070 rows=2 loops=1)
                                                  ->  Nested Loop  (cost=8.62..10312.38 rows=22 width=49) (actual time=12.278..27.991 rows=22 loops=1)
                                                        Join Filter: (mi.movie_id = t.id)
                                                        ->  Nested Loop  (cost=8.19..9311.27 rows=465 width=28) (actual time=0.775..26.743 rows=465 loops=1)
                                                              Join Filter: (rt.id = ci.role_id)
                                                              Rows Removed by Join Filter: 1610
                                                              ->  Seq Scan on role_type rt  (cost=0.00..1.15 rows=1 width=4) (actual time=0.002..0.004 rows=1 loops=1)
                                                                    Filter: ((role)::text = 'actress'::text)
                                                                    Rows Removed by Filter: 11
                                                              ->  Nested Loop  (cost=8.19..9284.18 rows=2075 width=32) (actual time=0.742..26.518 rows=2075 loops=1)
                                                                    Join Filter: (mi.movie_id = ci.movie_id)
                                                                    ->  Nested Loop  (cost=7.62..5954.22 rows=70 width=16) (actual time=0.726..17.694 rows=70 loops=1)
                                                                          Join Filter: (it.id = mi.info_type_id)
                                                                          ->  Seq Scan on info_type it  (cost=0.00..2.41 rows=1 width=4) (actual time=0.004..0.012 rows=1 loops=1)
                                                                                Filter: ((info)::text = 'release dates'::text)
                                                                                Rows Removed by Filter: 112
                                                                          ->  Nested Loop  (cost=7.62..5950.93 rows=70 width=20) (actual time=0.722..17.660 rows=70 loops=1)
                                                                                ->  Nested Loop  (cost=7.19..4899.72 rows=25 width=12) (actual time=0.373..14.725 rows=25 loops=1)
                                                                                      Join Filter: (cct2.id = cc.status_id)
                                                                                      Rows Removed by Join Filter: 65
                                                                                      ->  Seq Scan on comp_cast_type cct2  (cost=0.00..1.05 rows=1 width=4) (actual time=0.001..0.002 rows=1 loops=1)
                                                                                            Filter: ((kind)::text = 'complete+verified'::text)
                                                                                            Rows Removed by Filter: 3
                                                                                      ->  Nested Loop  (cost=7.19..4897.55 rows=90 width=16) (actual time=0.204..14.706 rows=90 loops=1)
                                                                                            ->  Nested Loop  (cost=6.77..3739.98 rows=414 width=4) (actual time=0.136..13.726 rows=414 loops=1)
                                                                                                  ->  Seq Scan on keyword k  (cost=0.00..2626.12 rows=1 width=4) (actual time=0.038..13.169 rows=1 loops=1)
                                                                                                        Filter: (keyword = 'computer-animation'::text)
                                                                                                        Rows Removed by Filter: 134169
                                                                                                  ->  Bitmap Heap Scan on movie_keyword mk  (cost=6.77..1110.84 rows=301 width=8) (actual time=0.096..0.482 rows=414 loops=1)
                                                                                                        Recheck Cond: (keyword_id = k.id)
                                                                                                        Heap Blocks: exact=358
                                                                                                        ->  Bitmap Index Scan on keyword_id_movie_keyword  (cost=0.00..6.69 rows=301 width=0) (actual time=0.049..0.049 rows=414 loops=1)
                                                                                                              Index Cond: (keyword_id = k.id)
                                                                                            ->  Index Scan using movie_id_complete_cast on complete_cast cc  (cost=0.42..2.78 rows=2 width=12) (actual time=0.002..0.002 rows=0 loops=414)
                                                                                                  Index Cond: (movie_id = mk.movie_id)
                                                                                ->  Index Scan using movie_id_movie_info on movie_info mi  (cost=0.43..42.04 rows=1 width=8) (actual time=0.022..0.116 rows=3 loops=25)
                                                                                      Index Cond: (movie_id = mk.movie_id)
                                                                                      Filter: ((info IS NOT NULL) AND ((info ~~ 'Japan:%200%'::text) OR (info ~~ 'USA:%200%'::text)))
                                                                                      Rows Removed by Filter: 311
                                                                    ->  Index Scan using movie_id_cast_info on cast_info ci  (cost=0.56..47.56 rows=1 width=16) (actual time=0.014..0.119 rows=30 loops=70)
                                                                          Index Cond: (movie_id = mk.movie_id)
                                                                          Filter: (note = ANY ('{(voice),"(voice) (uncredited)","(voice: English version)"}'::text[]))
                                                                          Rows Removed by Filter: 140
                                                        ->  Index Scan using title_pkey on title t  (cost=0.43..2.14 rows=1 width=21) (actual time=0.002..0.002 rows=0 loops=465)
                                                              Index Cond: (id = mk.movie_id)
                                                              Filter: ((production_year >= 2000) AND (production_year <= 2010) AND (title = 'Shrek 2'::text))
                                                              Rows Removed by Filter: 1
                                                  ->  Index Scan using name_pkey on name n  (cost=0.43..2.35 rows=1 width=19) (actual time=0.003..0.003 rows=0 loops=22)
                                                        Index Cond: (id = ci.person_id)
                                                        Filter: ((name ~~ '%An%'::text) AND ((gender)::text = 'f'::text))
                                                        Rows Removed by Filter: 1
                                      ->  Index Scan using movie_id_movie_companies on movie_companies mc  (cost=0.43..4.79 rows=5 width=8) (actual time=0.004..0.009 rows=22 loops=2)
                                            Index Cond: (movie_id = mk.movie_id)
                                ->  Index Scan using company_name_pkey on company_name cn  (cost=0.42..2.03 rows=1 width=4) (actual time=0.003..0.003 rows=0 loops=44)
                                      Index Cond: (id = mc.company_id)
                                      Filter: ((country_code)::text = '[us]'::text)
                                      Rows Removed by Filter: 1
                          ->  Index Scan using person_id_person_info on person_info pi  (cost=0.43..19.23 rows=25 width=8) (actual time=0.003..0.040 rows=163 loops=10)
                                Index Cond: (person_id = ci.person_id)
              ->  Index Scan using char_name_pkey on char_name chn  (cost=0.43..2.25 rows=1 width=20) (actual time=0.002..0.002 rows=1 loops=540)
                    Index Cond: (id = ci.person_role_id)
                    Filter: (name = 'Queen'::text)
        ->  Index Only Scan using person_id_aka_name on aka_name an  (cost=0.42..2.87 rows=2 width=4) (actual time=0.002..0.003 rows=3 loops=540)
              Index Cond: (person_id = pi.person_id)
              Heap Fetches: 1620
Planning time: 116.977 ms
Execution time: 33.705 ms
