Aggregate  (cost=4846.83..4846.84 rows=1 width=96) (actual time=21.816..21.816 rows=1 loops=1)
  ->  Nested Loop  (cost=11.18..4846.82 rows=1 width=48) (actual time=5.611..21.802 rows=15 loops=1)
        Join Filter: (cct1.id = cc.subject_id)
        ->  Seq Scan on comp_cast_type cct1  (cost=0.00..1.05 rows=1 width=4) (actual time=0.005..0.006 rows=1 loops=1)
              Filter: ((kind)::text = 'cast'::text)
              Rows Removed by Filter: 3
        ->  Nested Loop  (cost=11.18..4845.76 rows=1 width=52) (actual time=5.605..21.792 rows=15 loops=1)
              Join Filter: (cct2.id = cc.status_id)
              ->  Seq Scan on comp_cast_type cct2  (cost=0.00..1.05 rows=1 width=4) (actual time=0.002..0.002 rows=1 loops=1)
                    Filter: ((kind)::text = 'complete+verified'::text)
                    Rows Removed by Filter: 3
              ->  Nested Loop  (cost=11.18..4844.70 rows=1 width=56) (actual time=5.602..21.785 rows=15 loops=1)
                    Join Filter: (t.id = cc.movie_id)
                    ->  Nested Loop  (cost=10.76..4841.90 rows=1 width=68) (actual time=5.597..21.740 rows=15 loops=1)
                          ->  Nested Loop  (cost=10.34..4839.87 rows=1 width=72) (actual time=5.592..21.559 rows=66 loops=1)
                                Join Filter: (t.id = mc.movie_id)
                                ->  Nested Loop  (cost=9.91..4835.01 rows=1 width=64) (actual time=5.586..21.512 rows=3 loops=1)
                                      Join Filter: (pi.info_type_id = it3.id)
                                      Rows Removed by Join Filter: 486
                                      ->  Nested Loop  (cost=9.91..4832.59 rows=1 width=68) (actual time=1.487..15.962 rows=489 loops=1)
                                            Join Filter: (n.id = an.person_id)
                                            ->  Nested Loop  (cost=9.49..4829.69 rows=1 width=80) (actual time=1.481..15.262 rows=163 loops=1)
                                                  Join Filter: (n.id = pi.person_id)
                                                  ->  Nested Loop  (cost=9.06..4810.15 rows=1 width=72) (actual time=1.476..15.162 rows=1 loops=1)
                                                        Join Filter: (ci.role_id = rt.id)
                                                        ->  Nested Loop  (cost=9.06..4808.99 rows=1 width=76) (actual time=1.472..15.158 rows=1 loops=1)
                                                              ->  Nested Loop  (cost=8.63..4806.64 rows=1 width=57) (actual time=1.467..15.153 rows=1 loops=1)
                                                                    ->  Nested Loop  (cost=8.20..4719.20 rows=38 width=45) (actual time=1.355..15.028 rows=38 loops=1)
                                                                          Join Filter: (t.id = ci.movie_id)
                                                                          ->  Nested Loop  (cost=7.63..4671.63 rows=1 width=29) (actual time=1.348..14.847 rows=1 loops=1)
                                                                                Join Filter: (it.id = mi.info_type_id)
                                                                                ->  Seq Scan on info_type it  (cost=0.00..2.41 rows=1 width=4) (actual time=0.005..0.013 rows=1 loops=1)
                                                                                      Filter: ((info)::text = 'release dates'::text)
                                                                                      Rows Removed by Filter: 112
                                                                                ->  Nested Loop  (cost=7.63..4669.21 rows=1 width=33) (actual time=1.342..14.833 rows=1 loops=1)
                                                                                      Join Filter: (t.id = mi.movie_id)
                                                                                      ->  Nested Loop  (cost=7.20..4627.26 rows=1 width=25) (actual time=1.324..14.707 rows=1 loops=1)
                                                                                            ->  Nested Loop  (cost=6.77..3739.98 rows=414 width=4) (actual time=0.134..13.486 rows=414 loops=1)
                                                                                                  ->  Seq Scan on keyword k  (cost=0.00..2626.12 rows=1 width=4) (actual time=0.037..12.994 rows=1 loops=1)
                                                                                                        Filter: (keyword = 'computer-animation'::text)
                                                                                                        Rows Removed by Filter: 134169
                                                                                                  ->  Bitmap Heap Scan on movie_keyword mk  (cost=6.77..1110.84 rows=301 width=8) (actual time=0.096..0.425 rows=414 loops=1)
                                                                                                        Recheck Cond: (keyword_id = k.id)
                                                                                                        Heap Blocks: exact=358
                                                                                                        ->  Bitmap Index Scan on keyword_id_movie_keyword  (cost=0.00..6.69 rows=301 width=0) (actual time=0.048..0.048 rows=414 loops=1)
                                                                                                              Index Cond: (keyword_id = k.id)
                                                                                            ->  Index Scan using title_pkey on title t  (cost=0.43..2.14 rows=1 width=21) (actual time=0.003..0.003 rows=0 loops=414)
                                                                                                  Index Cond: (id = mk.movie_id)
                                                                                                  Filter: ((production_year >= 2000) AND (production_year <= 2005) AND (title = 'Shrek 2'::text))
                                                                                                  Rows Removed by Filter: 1
                                                                                      ->  Index Scan using movie_id_movie_info on movie_info mi  (cost=0.43..41.94 rows=1 width=8) (actual time=0.017..0.124 rows=1 loops=1)
                                                                                            Index Cond: (movie_id = mk.movie_id)
                                                                                            Filter: (info ~~ 'USA:%200%'::text)
                                                                                            Rows Removed by Filter: 456
                                                                          ->  Index Scan using movie_id_cast_info on cast_info ci  (cost=0.56..47.56 rows=1 width=16) (actual time=0.006..0.171 rows=38 loops=1)
                                                                                Index Cond: (movie_id = mk.movie_id)
                                                                                Filter: (note = ANY ('{(voice),"(voice) (uncredited)","(voice: English version)"}'::text[]))
                                                                                Rows Removed by Filter: 191
                                                                    ->  Index Scan using char_name_pkey on char_name chn  (cost=0.43..2.25 rows=1 width=20) (actual time=0.003..0.003 rows=0 loops=38)
                                                                          Index Cond: (id = ci.person_role_id)
                                                                          Filter: (name = 'Queen'::text)
                                                                          Rows Removed by Filter: 1
                                                              ->  Index Scan using name_pkey on name n  (cost=0.43..2.35 rows=1 width=19) (actual time=0.005..0.005 rows=1 loops=1)
                                                                    Index Cond: (id = ci.person_id)
                                                                    Filter: ((name ~~ '%An%'::text) AND ((gender)::text = 'f'::text))
                                                        ->  Seq Scan on role_type rt  (cost=0.00..1.15 rows=1 width=4) (actual time=0.003..0.003 rows=1 loops=1)
                                                              Filter: ((role)::text = 'actress'::text)
                                                              Rows Removed by Filter: 1
                                                  ->  Index Scan using person_id_person_info on person_info pi  (cost=0.43..19.23 rows=25 width=8) (actual time=0.004..0.047 rows=163 loops=1)
                                                        Index Cond: (person_id = ci.person_id)
                                            ->  Index Only Scan using person_id_aka_name on aka_name an  (cost=0.42..2.87 rows=2 width=4) (actual time=0.002..0.003 rows=3 loops=163)
                                                  Index Cond: (person_id = pi.person_id)
                                                  Heap Fetches: 489
                                      ->  Seq Scan on info_type it3  (cost=0.00..2.41 rows=1 width=4) (actual time=0.004..0.011 rows=1 loops=489)
                                            Filter: ((info)::text = 'height'::text)
                                            Rows Removed by Filter: 111
                                ->  Index Scan using movie_id_movie_companies on movie_companies mc  (cost=0.43..4.79 rows=5 width=8) (actual time=0.004..0.008 rows=22 loops=3)
                                      Index Cond: (movie_id = mk.movie_id)
                          ->  Index Scan using company_name_pkey on company_name cn  (cost=0.42..2.03 rows=1 width=4) (actual time=0.002..0.002 rows=0 loops=66)
                                Index Cond: (id = mc.company_id)
                                Filter: ((country_code)::text = '[us]'::text)
                                Rows Removed by Filter: 1
                    ->  Index Scan using movie_id_complete_cast on complete_cast cc  (cost=0.42..2.78 rows=2 width=12) (actual time=0.002..0.002 rows=1 loops=15)
                          Index Cond: (movie_id = mk.movie_id)
Planning time: 116.619 ms
Execution time: 21.948 ms
