Aggregate  (cost=33878.21..33878.22 rows=1 width=96) (actual time=50.577..50.577 rows=1 loops=1)
  ->  Nested Loop  (cost=11.18..33878.20 rows=1 width=48) (actual time=24.775..50.560 rows=15 loops=1)
        Join Filter: (mi.movie_id = t.id)
        ->  Nested Loop  (cost=10.75..33876.04 rows=1 width=51) (actual time=24.766..50.506 rows=15 loops=1)
              Join Filter: (cc.subject_id = cct1.id)
              ->  Nested Loop  (cost=10.75..33874.98 rows=1 width=55) (actual time=24.761..50.478 rows=15 loops=1)
                    Join Filter: (n.id = an.person_id)
                    ->  Nested Loop  (cost=10.33..33872.09 rows=1 width=67) (actual time=24.753..50.443 rows=5 loops=1)
                          Join Filter: (it3.id = pi.info_type_id)
                          Rows Removed by Join Filter: 810
                          ->  Seq Scan on info_type it3  (cost=0.00..2.41 rows=1 width=4) (actual time=0.010..0.018 rows=1 loops=1)
                                Filter: ((info)::text = 'height'::text)
                                Rows Removed by Filter: 112
                          ->  Nested Loop  (cost=10.33..33869.66 rows=1 width=71) (actual time=24.675..50.361 rows=815 loops=1)
                                Join Filter: (n.id = pi.person_id)
                                ->  Nested Loop  (cost=9.90..33850.12 rows=1 width=63) (actual time=24.669..49.933 rows=5 loops=1)
                                      ->  Nested Loop  (cost=9.47..33836.04 rows=6 width=44) (actual time=24.661..49.911 rows=5 loops=1)
                                            Join Filter: (cct2.id = cc.status_id)
                                            Rows Removed by Join Filter: 20
                                            ->  Seq Scan on comp_cast_type cct2  (cost=0.00..1.05 rows=1 width=4) (actual time=0.002..0.002 rows=1 loops=1)
                                                  Filter: ((kind)::text = 'complete+verified'::text)
                                                  Rows Removed by Filter: 3
                                            ->  Nested Loop  (cost=9.47..33834.68 rows=25 width=48) (actual time=24.658..49.903 rows=25 loops=1)
                                                  Join Filter: (mi.movie_id = cc.movie_id)
                                                  ->  Nested Loop  (cost=9.05..33764.65 rows=25 width=36) (actual time=24.652..49.822 rows=25 loops=1)
                                                        Join Filter: (mi.info_type_id = it.id)
                                                        ->  Seq Scan on info_type it  (cost=0.00..2.41 rows=1 width=4) (actual time=0.005..0.013 rows=1 loops=1)
                                                              Filter: ((info)::text = 'release dates'::text)
                                                              Rows Removed by Filter: 112
                                                        ->  Nested Loop  (cost=9.05..33761.93 rows=25 width=40) (actual time=24.647..49.801 rows=25 loops=1)
                                                              ->  Nested Loop  (cost=8.63..33518.73 rows=120 width=44) (actual time=24.641..49.409 rows=120 loops=1)
                                                                    Join Filter: (mi.movie_id = mc.movie_id)
                                                                    ->  Nested Loop  (cost=8.20..33494.44 rows=5 width=36) (actual time=24.623..49.306 rows=5 loops=1)
                                                                          Join Filter: (ci.role_id = rt.id)
                                                                          ->  Seq Scan on role_type rt  (cost=0.00..1.15 rows=1 width=4) (actual time=0.002..0.004 rows=1 loops=1)
                                                                                Filter: ((role)::text = 'actress'::text)
                                                                                Rows Removed by Filter: 11
                                                                          ->  Nested Loop  (cost=8.20..33493.23 rows=5 width=40) (actual time=24.620..49.300 rows=5 loops=1)
                                                                                Join Filter: (ci.movie_id = mi.movie_id)
                                                                                ->  Nested Loop  (cost=7.76..33283.49 rows=5 width=32) (actual time=2.116..48.760 rows=5 loops=1)
                                                                                      ->  Nested Loop  (cost=7.33..23433.30 rows=4371 width=20) (actual time=0.156..34.756 rows=4371 loops=1)
                                                                                            ->  Nested Loop  (cost=6.77..3739.98 rows=414 width=4) (actual time=0.145..14.966 rows=414 loops=1)
                                                                                                  ->  Seq Scan on keyword k  (cost=0.00..2626.12 rows=1 width=4) (actual time=0.040..14.267 rows=1 loops=1)
                                                                                                        Filter: (keyword = 'computer-animation'::text)
                                                                                                        Rows Removed by Filter: 134169
                                                                                                  ->  Bitmap Heap Scan on movie_keyword mk  (cost=6.77..1110.84 rows=301 width=8) (actual time=0.103..0.617 rows=414 loops=1)
                                                                                                        Recheck Cond: (keyword_id = k.id)
                                                                                                        Heap Blocks: exact=358
                                                                                                        ->  Bitmap Index Scan on keyword_id_movie_keyword  (cost=0.00..6.69 rows=301 width=0) (actual time=0.053..0.053 rows=414 loops=1)
                                                                                                              Index Cond: (keyword_id = k.id)
                                                                                            ->  Index Scan using movie_id_cast_info on cast_info ci  (cost=0.56..47.56 rows=1 width=16) (actual time=0.012..0.045 rows=11 loops=414)
                                                                                                  Index Cond: (movie_id = mk.movie_id)
                                                                                                  Filter: (note = ANY ('{(voice),"(voice) (uncredited)","(voice: English version)"}'::text[]))
                                                                                                  Rows Removed by Filter: 33
                                                                                      ->  Index Scan using char_name_pkey on char_name chn  (cost=0.43..2.25 rows=1 width=20) (actual time=0.003..0.003 rows=0 loops=4371)
                                                                                            Index Cond: (id = ci.person_role_id)
                                                                                            Filter: (name = 'Queen'::text)
                                                                                            Rows Removed by Filter: 1
                                                                                ->  Index Scan using movie_id_movie_info on movie_info mi  (cost=0.43..41.94 rows=1 width=8) (actual time=0.054..0.107 rows=1 loops=5)
                                                                                      Index Cond: (movie_id = mk.movie_id)
                                                                                      Filter: (info ~~ 'USA:%200%'::text)
                                                                                      Rows Removed by Filter: 312
                                                                    ->  Index Scan using movie_id_movie_companies on movie_companies mc  (cost=0.43..4.79 rows=5 width=8) (actual time=0.007..0.013 rows=24 loops=5)
                                                                          Index Cond: (movie_id = mk.movie_id)
                                                              ->  Index Scan using company_name_pkey on company_name cn  (cost=0.42..2.03 rows=1 width=4) (actual time=0.003..0.003 rows=0 loops=120)
                                                                    Index Cond: (id = mc.company_id)
                                                                    Filter: ((country_code)::text = '[us]'::text)
                                                                    Rows Removed by Filter: 1
                                                  ->  Index Scan using movie_id_complete_cast on complete_cast cc  (cost=0.42..2.78 rows=2 width=12) (actual time=0.002..0.002 rows=1 loops=25)
                                                        Index Cond: (movie_id = mk.movie_id)
                                      ->  Index Scan using name_pkey on name n  (cost=0.43..2.35 rows=1 width=19) (actual time=0.004..0.004 rows=1 loops=5)
                                            Index Cond: (id = ci.person_id)
                                            Filter: ((name ~~ '%An%'::text) AND ((gender)::text = 'f'::text))
                                ->  Index Scan using person_id_person_info on person_info pi  (cost=0.43..19.23 rows=25 width=8) (actual time=0.003..0.040 rows=163 loops=5)
                                      Index Cond: (person_id = ci.person_id)
                    ->  Index Only Scan using person_id_aka_name on aka_name an  (cost=0.42..2.87 rows=2 width=4) (actual time=0.004..0.005 rows=3 loops=5)
                          Index Cond: (person_id = pi.person_id)
                          Heap Fetches: 15
              ->  Seq Scan on comp_cast_type cct1  (cost=0.00..1.05 rows=1 width=4) (actual time=0.001..0.001 rows=1 loops=15)
                    Filter: ((kind)::text = 'cast'::text)
        ->  Index Scan using title_pkey on title t  (cost=0.43..2.14 rows=1 width=21) (actual time=0.003..0.003 rows=1 loops=15)
              Index Cond: (id = mk.movie_id)
              Filter: ((production_year >= 2000) AND (production_year <= 2005) AND (title = 'Shrek 2'::text))
Planning time: 118.220 ms
Execution time: 50.727 ms
