Aggregate  (cost=24538.59..24538.60 rows=1 width=96) (actual time=45.860..45.860 rows=1 loops=1)
  ->  Nested Loop  (cost=11.18..24538.48 rows=15 width=48) (actual time=19.199..45.842 rows=15 loops=1)
        Join Filter: (it.id = mi.info_type_id)
        ->  Seq Scan on info_type it  (cost=0.00..2.41 rows=1 width=4) (actual time=0.009..0.017 rows=1 loops=1)
              Filter: ((info)::text = 'release dates'::text)
              Rows Removed by Filter: 112
        ->  Nested Loop  (cost=11.18..24535.88 rows=15 width=52) (actual time=19.189..45.819 rows=15 loops=1)
              Join Filter: (t.id = mi.movie_id)
              ->  Nested Loop  (cost=10.75..23906.65 rows=15 width=68) (actual time=19.170..44.023 rows=15 loops=1)
                    Join Filter: (it3.id = pi.info_type_id)
                    Rows Removed by Join Filter: 2430
                    ->  Seq Scan on info_type it3  (cost=0.00..2.41 rows=1 width=4) (actual time=0.005..0.013 rows=1 loops=1)
                          Filter: ((info)::text = 'height'::text)
                          Rows Removed by Filter: 112
                    ->  Nested Loop  (cost=10.75..23873.68 rows=2445 width=72) (actual time=19.100..43.826 rows=2445 loops=1)
                          Join Filter: (n.id = pi.person_id)
                          ->  Nested Loop  (cost=10.32..23580.75 rows=15 width=80) (actual time=19.095..42.602 rows=15 loops=1)
                                Join Filter: (ci.role_id = rt.id)
                                ->  Seq Scan on role_type rt  (cost=0.00..1.15 rows=1 width=4) (actual time=0.002..0.004 rows=1 loops=1)
                                      Filter: ((role)::text = 'actress'::text)
                                      Rows Removed by Filter: 11
                                ->  Nested Loop  (cost=10.32..23579.41 rows=15 width=84) (actual time=19.092..42.592 rows=15 loops=1)
                                      ->  Nested Loop  (cost=9.90..23445.65 rows=66 width=88) (actual time=19.086..42.382 rows=66 loops=1)
                                            Join Filter: (t.id = mc.movie_id)
                                            ->  Nested Loop  (cost=9.47..23431.08 rows=3 width=80) (actual time=19.079..42.330 rows=3 loops=1)
                                                  ->  Nested Loop  (cost=9.04..23424.04 rows=3 width=61) (actual time=19.072..42.314 rows=3 loops=1)
                                                        Join Filter: (cc.status_id = cct2.id)
                                                        ->  Seq Scan on comp_cast_type cct2  (cost=0.00..1.05 rows=1 width=4) (actual time=0.002..0.002 rows=1 loops=1)
                                                              Filter: ((kind)::text = 'complete+verified'::text)
                                                              Rows Removed by Filter: 3
                                                        ->  Nested Loop  (cost=9.04..23422.95 rows=3 width=65) (actual time=19.070..42.310 rows=3 loops=1)
                                                              Join Filter: (ci.movie_id = t.id)
                                                              ->  Nested Loop  (cost=8.61..23390.65 rows=15 width=44) (actual time=0.995..42.231 rows=15 loops=1)
                                                                    ->  Nested Loop  (cost=8.18..14448.47 rows=3968 width=32) (actual time=0.240..32.505 rows=3968 loops=1)
                                                                          ->  Nested Loop  (cost=7.75..8419.79 rows=2067 width=28) (actual time=0.233..24.204 rows=2067 loops=1)
                                                                                ->  Nested Loop  (cost=7.19..4899.72 rows=74 width=12) (actual time=0.224..15.459 rows=74 loops=1)
                                                                                      Join Filter: (cct1.id = cc.subject_id)
                                                                                      Rows Removed by Join Filter: 16
                                                                                      ->  Seq Scan on comp_cast_type cct1  (cost=0.00..1.05 rows=1 width=4) (actual time=0.001..0.002 rows=1 loops=1)
                                                                                            Filter: ((kind)::text = 'cast'::text)
                                                                                            Rows Removed by Filter: 3
                                                                                      ->  Nested Loop  (cost=7.19..4897.55 rows=90 width=16) (actual time=0.222..15.426 rows=90 loops=1)
                                                                                            ->  Nested Loop  (cost=6.77..3739.98 rows=414 width=4) (actual time=0.140..14.297 rows=414 loops=1)
                                                                                                  ->  Seq Scan on keyword k  (cost=0.00..2626.12 rows=1 width=4) (actual time=0.038..13.649 rows=1 loops=1)
                                                                                                        Filter: (keyword = 'computer-animation'::text)
                                                                                                        Rows Removed by Filter: 134169
                                                                                                  ->  Bitmap Heap Scan on movie_keyword mk  (cost=6.77..1110.84 rows=301 width=8) (actual time=0.100..0.567 rows=414 loops=1)
                                                                                                        Recheck Cond: (keyword_id = k.id)
                                                                                                        Heap Blocks: exact=358
                                                                                                        ->  Bitmap Index Scan on keyword_id_movie_keyword  (cost=0.00..6.69 rows=301 width=0) (actual time=0.049..0.049 rows=414 loops=1)
                                                                                                              Index Cond: (keyword_id = k.id)
                                                                                            ->  Index Scan using movie_id_complete_cast on complete_cast cc  (cost=0.42..2.78 rows=2 width=12) (actual time=0.002..0.002 rows=0 loops=414)
                                                                                                  Index Cond: (movie_id = mk.movie_id)
                                                                                ->  Index Scan using movie_id_cast_info on cast_info ci  (cost=0.56..47.56 rows=1 width=16) (actual time=0.013..0.112 rows=28 loops=74)
                                                                                      Index Cond: (movie_id = mk.movie_id)
                                                                                      Filter: (note = ANY ('{(voice),"(voice) (uncredited)","(voice: English version)"}'::text[]))
                                                                                      Rows Removed by Filter: 94
                                                                          ->  Index Only Scan using person_id_aka_name on aka_name an  (cost=0.42..2.90 rows=2 width=4) (actual time=0.003..0.003 rows=2 loops=2067)
                                                                                Index Cond: (person_id = ci.person_id)
                                                                                Heap Fetches: 3968
                                                                    ->  Index Scan using char_name_pkey on char_name chn  (cost=0.43..2.25 rows=1 width=20) (actual time=0.002..0.002 rows=0 loops=3968)
                                                                          Index Cond: (id = ci.person_role_id)
                                                                          Filter: (name = 'Queen'::text)
                                                                          Rows Removed by Filter: 1
                                                              ->  Index Scan using title_pkey on title t  (cost=0.43..2.14 rows=1 width=21) (actual time=0.005..0.005 rows=0 loops=15)
                                                                    Index Cond: (id = mk.movie_id)
                                                                    Filter: ((production_year >= 2000) AND (production_year <= 2005) AND (title = 'Shrek 2'::text))
                                                                    Rows Removed by Filter: 1
                                                  ->  Index Scan using name_pkey on name n  (cost=0.43..2.35 rows=1 width=19) (actual time=0.004..0.004 rows=1 loops=3)
                                                        Index Cond: (id = ci.person_id)
                                                        Filter: ((name ~~ '%An%'::text) AND ((gender)::text = 'f'::text))
                                            ->  Index Scan using movie_id_movie_companies on movie_companies mc  (cost=0.43..4.79 rows=5 width=8) (actual time=0.004..0.009 rows=22 loops=3)
                                                  Index Cond: (movie_id = mk.movie_id)
                                      ->  Index Scan using company_name_pkey on company_name cn  (cost=0.42..2.03 rows=1 width=4) (actual time=0.003..0.003 rows=0 loops=66)
                                            Index Cond: (id = mc.company_id)
                                            Filter: ((country_code)::text = '[us]'::text)
                                            Rows Removed by Filter: 1
                          ->  Index Scan using person_id_person_info on person_info pi  (cost=0.43..19.22 rows=25 width=8) (actual time=0.003..0.038 rows=163 loops=15)
                                Index Cond: (person_id = an.person_id)
              ->  Index Scan using movie_id_movie_info on movie_info mi  (cost=0.43..41.94 rows=1 width=8) (actual time=0.014..0.119 rows=1 loops=15)
                    Index Cond: (movie_id = mk.movie_id)
                    Filter: (info ~~ 'USA:%200%'::text)
                    Rows Removed by Filter: 456
Planning time: 116.228 ms
Execution time: 46.001 ms
