Aggregate  (cost=5513.80..5513.81 rows=1 width=96) (actual time=52.016..52.016 rows=1 loops=1)
  ->  Nested Loop  (cost=11.18..5513.79 rows=1 width=48) (actual time=25.181..51.997 rows=15 loops=1)
        Join Filter: (it.id = mi.info_type_id)
        ->  Seq Scan on info_type it  (cost=0.00..2.41 rows=1 width=4) (actual time=0.009..0.017 rows=1 loops=1)
              Filter: ((info)::text = 'release dates'::text)
              Rows Removed by Filter: 112
        ->  Nested Loop  (cost=11.18..5511.37 rows=1 width=52) (actual time=25.171..51.975 rows=15 loops=1)
              Join Filter: (t.id = mi.movie_id)
              ->  Nested Loop  (cost=10.75..5469.42 rows=1 width=68) (actual time=25.148..50.195 rows=15 loops=1)
                    Join Filter: (n.id = an.person_id)
                    ->  Nested Loop  (cost=10.32..5466.53 rows=1 width=80) (actual time=25.140..50.162 rows=5 loops=1)
                          Join Filter: (ci.role_id = rt.id)
                          ->  Nested Loop  (cost=10.32..5465.36 rows=1 width=84) (actual time=25.136..50.149 rows=5 loops=1)
                                ->  Nested Loop  (cost=9.90..5463.34 rows=1 width=88) (actual time=25.130..50.054 rows=22 loops=1)
                                      Join Filter: (t.id = mc.movie_id)
                                      ->  Nested Loop  (cost=9.47..5458.48 rows=1 width=80) (actual time=25.122..50.033 rows=1 loops=1)
                                            Join Filter: (ci.movie_id = t.id)
                                            ->  Nested Loop  (cost=9.04..5456.33 rows=1 width=59) (actual time=2.788..50.016 rows=2 loops=1)
                                                  Join Filter: (it3.id = pi.info_type_id)
                                                  Rows Removed by Join Filter: 254
                                                  ->  Seq Scan on info_type it3  (cost=0.00..2.41 rows=1 width=4) (actual time=0.005..0.013 rows=1 loops=1)
                                                        Filter: ((info)::text = 'height'::text)
                                                        Rows Removed by Filter: 112
                                                  ->  Nested Loop  (cost=9.04..5453.90 rows=1 width=63) (actual time=2.748..49.982 rows=256 loops=1)
                                                        Join Filter: (n.id = pi.person_id)
                                                        ->  Nested Loop  (cost=8.61..5434.36 rows=1 width=55) (actual time=2.739..49.833 rows=2 loops=1)
                                                              ->  Nested Loop  (cost=8.18..5430.29 rows=1 width=43) (actual time=2.733..49.799 rows=6 loops=1)
                                                                    Join Filter: (cc.subject_id = cct1.id)
                                                                    ->  Nested Loop  (cost=8.18..5429.22 rows=1 width=47) (actual time=2.729..49.780 rows=6 loops=1)
                                                                          Join Filter: (cct2.id = cc.status_id)
                                                                          Rows Removed by Join Filter: 25
                                                                          ->  Seq Scan on comp_cast_type cct2  (cost=0.00..1.05 rows=1 width=4) (actual time=0.002..0.003 rows=1 loops=1)
                                                                                Filter: ((kind)::text = 'complete+verified'::text)
                                                                                Rows Removed by Filter: 3
                                                                          ->  Nested Loop  (cost=8.18..5428.16 rows=1 width=51) (actual time=2.726..49.769 rows=31 loops=1)
                                                                                ->  Nested Loop  (cost=7.76..5425.36 rows=1 width=39) (actual time=2.721..49.580 rows=45 loops=1)
                                                                                      ->  Nested Loop  (cost=7.33..5357.30 rows=29 width=20) (actual time=0.156..33.845 rows=4371 loops=1)
                                                                                            ->  Nested Loop  (cost=6.77..3739.98 rows=34 width=4) (actual time=0.145..15.003 rows=414 loops=1)
                                                                                                  ->  Seq Scan on keyword k  (cost=0.00..2626.12 rows=1 width=4) (actual time=0.041..14.287 rows=1 loops=1)
                                                                                                        Filter: (keyword = 'computer-animation'::text)
                                                                                                        Rows Removed by Filter: 134169
                                                                                                  ->  Bitmap Heap Scan on movie_keyword mk  (cost=6.77..1110.84 rows=301 width=8) (actual time=0.103..0.632 rows=414 loops=1)
                                                                                                        Recheck Cond: (keyword_id = k.id)
                                                                                                        Heap Blocks: exact=358
                                                                                                        ->  Bitmap Index Scan on keyword_id_movie_keyword  (cost=0.00..6.69 rows=301 width=0) (actual time=0.053..0.053 rows=414 loops=1)
                                                                                                              Index Cond: (keyword_id = k.id)
                                                                                            ->  Index Scan using movie_id_cast_info on cast_info ci  (cost=0.56..47.56 rows=1 width=16) (actual time=0.012..0.043 rows=11 loops=414)
                                                                                                  Index Cond: (movie_id = mk.movie_id)
                                                                                                  Filter: (note = ANY ('{(voice),"(voice) (uncredited)","(voice: English version)"}'::text[]))
                                                                                                  Rows Removed by Filter: 33
                                                                                      ->  Index Scan using name_pkey on name n  (cost=0.43..2.35 rows=1 width=19) (actual time=0.003..0.003 rows=0 loops=4371)
                                                                                            Index Cond: (id = ci.person_id)
                                                                                            Filter: ((name ~~ '%An%'::text) AND ((gender)::text = 'f'::text))
                                                                                            Rows Removed by Filter: 1
                                                                                ->  Index Scan using movie_id_complete_cast on complete_cast cc  (cost=0.42..2.78 rows=2 width=12) (actual time=0.003..0.004 rows=1 loops=45)
                                                                                      Index Cond: (movie_id = ci.movie_id)
                                                                    ->  Seq Scan on comp_cast_type cct1  (cost=0.00..1.05 rows=1 width=4) (actual time=0.002..0.002 rows=1 loops=6)
                                                                          Filter: ((kind)::text = 'cast'::text)
                                                              ->  Index Scan using char_name_pkey on char_name chn  (cost=0.43..2.25 rows=1 width=20) (actual time=0.005..0.005 rows=0 loops=6)
                                                                    Index Cond: (id = ci.person_role_id)
                                                                    Filter: (name = 'Queen'::text)
                                                                    Rows Removed by Filter: 0
                                                        ->  Index Scan using person_id_person_info on person_info pi  (cost=0.43..19.23 rows=25 width=8) (actual time=0.007..0.040 rows=128 loops=2)
                                                              Index Cond: (person_id = ci.person_id)
                                            ->  Index Scan using title_pkey on title t  (cost=0.43..2.14 rows=1 width=21) (actual time=0.008..0.008 rows=0 loops=2)
                                                  Index Cond: (id = mk.movie_id)
                                                  Filter: ((production_year >= 2000) AND (production_year <= 2005) AND (title = 'Shrek 2'::text))
                                                  Rows Removed by Filter: 0
                                      ->  Index Scan using movie_id_movie_companies on movie_companies mc  (cost=0.43..4.79 rows=5 width=8) (actual time=0.007..0.013 rows=22 loops=1)
                                            Index Cond: (movie_id = mk.movie_id)
                                ->  Index Scan using company_name_pkey on company_name cn  (cost=0.42..2.03 rows=1 width=4) (actual time=0.004..0.004 rows=0 loops=22)
                                      Index Cond: (id = mc.company_id)
                                      Filter: ((country_code)::text = '[us]'::text)
                                      Rows Removed by Filter: 1
                          ->  Seq Scan on role_type rt  (cost=0.00..1.15 rows=1 width=4) (actual time=0.002..0.002 rows=1 loops=5)
                                Filter: ((role)::text = 'actress'::text)
                                Rows Removed by Filter: 1
                    ->  Index Only Scan using person_id_aka_name on aka_name an  (cost=0.42..2.87 rows=2 width=4) (actual time=0.004..0.005 rows=3 loops=5)
                          Index Cond: (person_id = pi.person_id)
                          Heap Fetches: 15
              ->  Index Scan using movie_id_movie_info on movie_info mi  (cost=0.43..41.94 rows=1 width=8) (actual time=0.014..0.118 rows=1 loops=15)
                    Index Cond: (movie_id = mk.movie_id)
                    Filter: (info ~~ 'USA:%200%'::text)
                    Rows Removed by Filter: 456
Planning time: 116.253 ms
Execution time: 52.173 ms
