Aggregate  (cost=30534.09..30534.10 rows=1 width=96) (actual time=356.088..356.088 rows=1 loops=1)
  ->  Nested Loop  (cost=26590.32..30534.08 rows=1 width=48) (actual time=57.736..345.799 rows=16308 loops=1)
        ->  Nested Loop  (cost=26589.90..30532.05 rows=1 width=52) (actual time=57.706..158.235 rows=75240 loops=1)
              Join Filter: (t.id = mc.movie_id)
              ->  Nested Loop  (cost=26589.47..30527.20 rows=1 width=68) (actual time=57.693..114.839 rows=2868 loops=1)
                    ->  Nested Loop  (cost=26589.04..30524.95 rows=1 width=56) (actual time=51.097..106.803 rows=3012 loops=1)
                          ->  Nested Loop  (cost=26588.90..30524.77 rows=1 width=60) (actual time=51.090..88.029 rows=12918 loops=1)
                                Join Filter: (n.id = pi.person_id)
                                ->  Nested Loop  (cost=26588.47..30505.24 rows=1 width=68) (actual time=51.079..81.104 rows=42 loops=1)
                                      ->  Nested Loop  (cost=26588.32..30504.73 rows=3 width=72) (actual time=51.073..81.018 rows=42 loops=1)
                                            Join Filter: (t.id = mi.movie_id)
                                            ->  Nested Loop  (cost=26587.89..29873.97 rows=15 width=64) (actual time=51.051..79.212 rows=15 loops=1)
                                                  ->  Hash Join  (cost=26587.46..29197.46 rows=289 width=45) (actual time=49.658..78.199 rows=289 loops=1)
                                                        Hash Cond: (cc.status_id = cct2.id)
                                                        ->  Hash Join  (cost=26586.40..29186.25 rows=975 width=49) (actual time=49.436..78.020 rows=975 loops=1)
                                                              Hash Cond: (cc.subject_id = cct1.id)
                                                              ->  Hash Join  (cost=26585.33..29174.76 rows=1002 width=53) (actual time=49.428..77.707 rows=1002 loops=1)
                                                                    Hash Cond: (cc.movie_id = t.id)
                                                                    ->  Seq Scan on complete_cast cc  (cost=0.00..2081.86 rows=135086 width=12) (actual time=0.007..13.981 rows=135086 loops=1)
                                                                    ->  Hash  (cost=26562.27..26562.27 rows=1845 width=41) (actual time=48.033..48.033 rows=1845 loops=1)
                                                                          Buckets: 2048  Batches: 1  Memory Usage: 153kB
                                                                          ->  Nested Loop  (cost=8.19..26562.27 rows=1845 width=41) (actual time=0.738..47.487 rows=1845 loops=1)
                                                                                Join Filter: (rt.id = ci.role_id)
                                                                                Rows Removed by Join Filter: 4757
                                                                                ->  Seq Scan on role_type rt  (cost=0.00..1.15 rows=1 width=4) (actual time=0.002..0.004 rows=1 loops=1)
                                                                                      Filter: ((role)::text = 'actress'::text)
                                                                                      Rows Removed by Filter: 11
                                                                                ->  Nested Loop  (cost=8.19..26478.60 rows=6602 width=45) (actual time=0.692..46.492 rows=6602 loops=1)
                                                                                      ->  Nested Loop  (cost=7.76..16481.75 rows=3429 width=41) (actual time=0.174..32.490 rows=3429 loops=1)
                                                                                            Join Filter: (t.id = ci.movie_id)
                                                                                            ->  Nested Loop  (cost=7.20..4625.08 rows=249 width=25) (actual time=0.163..17.126 rows=249 loops=1)
                                                                                                  ->  Nested Loop  (cost=6.77..3739.98 rows=414 width=4) (actual time=0.147..14.910 rows=414 loops=1)
                                                                                                        ->  Seq Scan on keyword k  (cost=0.00..2626.12 rows=1 width=4) (actual time=0.041..14.194 rows=1 loops=1)
                                                                                                              Filter: (keyword = 'computer-animation'::text)
                                                                                                              Rows Removed by Filter: 134169
                                                                                                        ->  Bitmap Heap Scan on movie_keyword mk  (cost=6.77..1110.84 rows=301 width=8) (actual time=0.105..0.638 rows=414 loops=1)
                                                                                                              Recheck Cond: (keyword_id = k.id)
                                                                                                              Heap Blocks: exact=358
                                                                                                              ->  Bitmap Index Scan on keyword_id_movie_keyword  (cost=0.00..6.69 rows=301 width=0) (actual time=0.054..0.054 rows=414 loops=1)
                                                                                                                    Index Cond: (keyword_id = k.id)
                                                                                                  ->  Index Scan using title_pkey on title t  (cost=0.43..2.14 rows=1 width=21) (actual time=0.005..0.005 rows=1 loops=414)
                                                                                                        Index Cond: (id = mk.movie_id)
                                                                                                        Filter: ((production_year >= 2000) AND (production_year <= 2010))
                                                                                                        Rows Removed by Filter: 0
                                                                                            ->  Index Scan using movie_id_cast_info on cast_info ci  (cost=0.56..47.60 rows=1 width=16) (actual time=0.013..0.058 rows=14 loops=249)
                                                                                                  Index Cond: (movie_id = mk.movie_id)
                                                                                                  Filter: (note = ANY ('{(voice),"(voice: Japanese version)","(voice) (uncredited)","(voice: English version)"}'::text[]))
                                                                                                  Rows Removed by Filter: 41
                                                                                      ->  Index Only Scan using person_id_aka_name on aka_name an  (cost=0.42..2.90 rows=2 width=4) (actual time=0.003..0.003 rows=2 loops=3429)
                                                                                            Index Cond: (person_id = ci.person_id)
                                                                                            Heap Fetches: 6602
                                                              ->  Hash  (cost=1.05..1.05 rows=1 width=4) (actual time=0.004..0.004 rows=1 loops=1)
                                                                    Buckets: 1024  Batches: 1  Memory Usage: 9kB
                                                                    ->  Seq Scan on comp_cast_type cct1  (cost=0.00..1.05 rows=1 width=4) (actual time=0.002..0.003 rows=1 loops=1)
                                                                          Filter: ((kind)::text = 'cast'::text)
                                                                          Rows Removed by Filter: 3
                                                        ->  Hash  (cost=1.05..1.05 rows=1 width=4) (actual time=0.009..0.009 rows=1 loops=1)
                                                              Buckets: 1024  Batches: 1  Memory Usage: 9kB
                                                              ->  Seq Scan on comp_cast_type cct2  (cost=0.00..1.05 rows=1 width=4) (actual time=0.006..0.007 rows=1 loops=1)
                                                                    Filter: ((kind)::text = 'complete+verified'::text)
                                                                    Rows Removed by Filter: 3
                                                  ->  Index Scan using name_pkey on name n  (cost=0.43..2.34 rows=1 width=19) (actual time=0.003..0.003 rows=0 loops=289)
                                                        Index Cond: (id = ci.person_id)
                                                        Filter: ((name ~~ '%An%'::text) AND ((gender)::text = 'f'::text))
                                                        Rows Removed by Filter: 1
                                            ->  Index Scan using movie_id_movie_info on movie_info mi  (cost=0.43..42.04 rows=1 width=8) (actual time=0.016..0.119 rows=3 loops=15)
                                                  Index Cond: (movie_id = mk.movie_id)
                                                  Filter: ((info IS NOT NULL) AND ((info ~~ 'Japan:%200%'::text) OR (info ~~ 'USA:%200%'::text)))
                                                  Rows Removed by Filter: 320
                                      ->  Index Scan using info_type_pkey on info_type it  (cost=0.14..0.16 rows=1 width=4) (actual time=0.001..0.001 rows=1 loops=42)
                                            Index Cond: (id = mi.info_type_id)
                                            Filter: ((info)::text = 'release dates'::text)
                                ->  Index Scan using person_id_person_info on person_info pi  (cost=0.43..19.22 rows=25 width=8) (actual time=0.006..0.074 rows=308 loops=42)
                                      Index Cond: (person_id = an.person_id)
                          ->  Index Scan using info_type_pkey on info_type it3  (cost=0.14..0.16 rows=1 width=4) (actual time=0.001..0.001 rows=0 loops=12918)
                                Index Cond: (id = pi.info_type_id)
                                Filter: ((info)::text = 'trivia'::text)
                                Rows Removed by Filter: 1
                    ->  Index Scan using char_name_pkey on char_name chn  (cost=0.43..2.25 rows=1 width=20) (actual time=0.002..0.002 rows=1 loops=3012)
                          Index Cond: (id = ci.person_role_id)
              ->  Index Scan using movie_id_movie_companies on movie_companies mc  (cost=0.43..4.79 rows=5 width=8) (actual time=0.003..0.008 rows=26 loops=2868)
                    Index Cond: (movie_id = mk.movie_id)
        ->  Index Scan using company_name_pkey on company_name cn  (cost=0.42..2.03 rows=1 width=4) (actual time=0.002..0.002 rows=0 loops=75240)
              Index Cond: (id = mc.company_id)
              Filter: ((country_code)::text = '[us]'::text)
              Rows Removed by Filter: 1
Planning time: 115.401 ms
Execution time: 356.242 ms
