Aggregate  (cost=10321.62..10321.63 rows=1 width=96) (actual time=75.143..75.143 rows=1 loops=1)
  ->  Nested Loop  (cost=11.18..10321.61 rows=1 width=48) (actual time=6.476..68.129 rows=16308 loops=1)
        Join Filter: (it3.id = pi.info_type_id)
        Rows Removed by Join Filter: 51519
        ->  Seq Scan on info_type it3  (cost=0.00..2.41 rows=1 width=4) (actual time=0.011..0.019 rows=1 loops=1)
              Filter: ((info)::text = 'trivia'::text)
              Rows Removed by Filter: 112
        ->  Nested Loop  (cost=11.18..10319.19 rows=1 width=52) (actual time=6.418..61.703 rows=67827 loops=1)
              Join Filter: (n.id = pi.person_id)
              ->  Nested Loop  (cost=10.75..10299.66 rows=1 width=60) (actual time=6.408..32.255 rows=189 loops=1)
                    Join Filter: (n.id = an.person_id)
                    ->  Nested Loop  (cost=10.33..10296.74 rows=1 width=56) (actual time=6.399..31.988 rows=46 loops=1)
                          ->  Nested Loop  (cost=9.90..10294.49 rows=1 width=44) (actual time=3.282..31.840 rows=55 loops=1)
                                ->  Nested Loop  (cost=9.48..10292.47 rows=1 width=48) (actual time=3.224..31.005 rows=269 loops=1)
                                      Join Filter: (t.id = mc.movie_id)
                                      ->  Nested Loop  (cost=9.05..10287.61 rows=1 width=64) (actual time=3.210..30.783 rows=11 loops=1)
                                            Join Filter: (cc.status_id = cct2.id)
                                            Rows Removed by Join Filter: 47
                                            ->  Nested Loop  (cost=9.05..10286.55 rows=1 width=68) (actual time=1.109..30.652 rows=58 loops=1)
                                                  Join Filter: (it.id = mi.info_type_id)
                                                  ->  Seq Scan on info_type it  (cost=0.00..2.41 rows=1 width=4) (actual time=0.004..0.012 rows=1 loops=1)
                                                        Filter: ((info)::text = 'release dates'::text)
                                                        Rows Removed by Filter: 112
                                                  ->  Nested Loop  (cost=9.05..10284.07 rows=5 width=72) (actual time=1.104..30.621 rows=58 loops=1)
                                                        Join Filter: (t.id = mi.movie_id)
                                                        ->  Nested Loop  (cost=8.61..9190.75 rows=26 width=64) (actual time=1.084..27.759 rows=26 loops=1)
                                                              ->  Nested Loop  (cost=8.18..7966.47 rows=523 width=45) (actual time=1.019..25.662 rows=523 loops=1)
                                                                    Join Filter: (rt.id = ci.role_id)
                                                                    Rows Removed by Join Filter: 1303
                                                                    ->  Seq Scan on role_type rt  (cost=0.00..1.15 rows=1 width=4) (actual time=0.002..0.004 rows=1 loops=1)
                                                                          Filter: ((role)::text = 'actress'::text)
                                                                          Rows Removed by Filter: 11
                                                                    ->  Nested Loop  (cost=8.18..7942.50 rows=1826 width=49) (actual time=0.970..25.441 rows=1826 loops=1)
                                                                          Join Filter: (t.id = ci.movie_id)
                                                                          ->  Nested Loop  (cost=7.62..5323.55 rows=55 width=33) (actual time=0.961..17.587 rows=55 loops=1)
                                                                                Join Filter: (cct1.id = cc.subject_id)
                                                                                Rows Removed by Join Filter: 6
                                                                                ->  Seq Scan on comp_cast_type cct1  (cost=0.00..1.05 rows=1 width=4) (actual time=0.002..0.003 rows=1 loops=1)
                                                                                      Filter: ((kind)::text = 'cast'::text)
                                                                                      Rows Removed by Filter: 3
                                                                                ->  Nested Loop  (cost=7.62..5321.74 rows=61 width=37) (actual time=0.958..17.562 rows=61 loops=1)
                                                                                      ->  Nested Loop  (cost=7.20..4625.08 rows=249 width=25) (actual time=0.160..16.747 rows=249 loops=1)
                                                                                            ->  Nested Loop  (cost=6.77..3739.98 rows=414 width=4) (actual time=0.147..14.552 rows=414 loops=1)
                                                                                                  ->  Seq Scan on keyword k  (cost=0.00..2626.12 rows=1 width=4) (actual time=0.041..13.866 rows=1 loops=1)
                                                                                                        Filter: (keyword = 'computer-animation'::text)
                                                                                                        Rows Removed by Filter: 134169
                                                                                                  ->  Bitmap Heap Scan on movie_keyword mk  (cost=6.77..1110.84 rows=301 width=8) (actual time=0.105..0.609 rows=414 loops=1)
                                                                                                        Recheck Cond: (keyword_id = k.id)
                                                                                                        Heap Blocks: exact=358
                                                                                                        ->  Bitmap Index Scan on keyword_id_movie_keyword  (cost=0.00..6.69 rows=301 width=0) (actual time=0.053..0.053 rows=414 loops=1)
                                                                                                              Index Cond: (keyword_id = k.id)
                                                                                            ->  Index Scan using title_pkey on title t  (cost=0.43..2.14 rows=1 width=21) (actual time=0.005..0.005 rows=1 loops=414)
                                                                                                  Index Cond: (id = mk.movie_id)
                                                                                                  Filter: ((production_year >= 2000) AND (production_year <= 2010))
                                                                                                  Rows Removed by Filter: 0
                                                                                      ->  Index Scan using movie_id_complete_cast on complete_cast cc  (cost=0.42..2.78 rows=2 width=12) (actual time=0.003..0.003 rows=0 loops=249)
                                                                                            Index Cond: (movie_id = t.id)
                                                                          ->  Index Scan using movie_id_cast_info on cast_info ci  (cost=0.56..47.60 rows=1 width=16) (actual time=0.014..0.134 rows=33 loops=55)
                                                                                Index Cond: (movie_id = mk.movie_id)
                                                                                Filter: (note = ANY ('{(voice),"(voice: Japanese version)","(voice) (uncredited)","(voice: English version)"}'::text[]))
                                                                                Rows Removed by Filter: 110
                                                              ->  Index Scan using name_pkey on name n  (cost=0.43..2.34 rows=1 width=19) (actual time=0.004..0.004 rows=0 loops=523)
                                                                    Index Cond: (id = ci.person_id)
                                                                    Filter: ((name ~~ '%An%'::text) AND ((gender)::text = 'f'::text))
                                                                    Rows Removed by Filter: 1
                                                        ->  Index Scan using movie_id_movie_info on movie_info mi  (cost=0.43..42.04 rows=1 width=8) (actual time=0.019..0.109 rows=2 loops=26)
                                                              Index Cond: (movie_id = mk.movie_id)
                                                              Filter: ((info IS NOT NULL) AND ((info ~~ 'Japan:%200%'::text) OR (info ~~ 'USA:%200%'::text)))
                                                              Rows Removed by Filter: 262
                                            ->  Seq Scan on comp_cast_type cct2  (cost=0.00..1.05 rows=1 width=4) (actual time=0.001..0.001 rows=1 loops=58)
                                                  Filter: ((kind)::text = 'complete+verified'::text)
                                                  Rows Removed by Filter: 3
                                      ->  Index Scan using movie_id_movie_companies on movie_companies mc  (cost=0.43..4.79 rows=5 width=8) (actual time=0.006..0.012 rows=24 loops=11)
                                            Index Cond: (movie_id = mk.movie_id)
                                ->  Index Scan using company_name_pkey on company_name cn  (cost=0.42..2.03 rows=1 width=4) (actual time=0.003..0.003 rows=0 loops=269)
                                      Index Cond: (id = mc.company_id)
                                      Filter: ((country_code)::text = '[us]'::text)
                                      Rows Removed by Filter: 1
                          ->  Index Scan using char_name_pkey on char_name chn  (cost=0.43..2.25 rows=1 width=20) (actual time=0.002..0.002 rows=1 loops=55)
                                Index Cond: (id = ci.person_role_id)
                    ->  Index Only Scan using person_id_aka_name on aka_name an  (cost=0.42..2.90 rows=2 width=4) (actual time=0.003..0.004 rows=4 loops=46)
                          Index Cond: (person_id = ci.person_id)
                          Heap Fetches: 189
              ->  Index Scan using person_id_person_info on person_info pi  (cost=0.43..19.22 rows=25 width=8) (actual time=0.005..0.075 rows=359 loops=189)
                    Index Cond: (person_id = an.person_id)
Planning time: 116.472 ms
Execution time: 75.281 ms
