Aggregate  (cost=33968.50..33968.51 rows=1 width=96) (actual time=659.920..659.920 rows=1 loops=1)
  ->  Nested Loop  (cost=11.18..33968.50 rows=1 width=48) (actual time=14.706..650.823 rows=16308 loops=1)
        Join Filter: (it.id = mi.info_type_id)
        ->  Seq Scan on info_type it  (cost=0.00..2.41 rows=1 width=4) (actual time=0.009..0.018 rows=1 loops=1)
              Filter: ((info)::text = 'release dates'::text)
              Rows Removed by Filter: 112
        ->  Nested Loop  (cost=11.18..33966.07 rows=1 width=52) (actual time=14.696..647.441 rows=16308 loops=1)
              Join Filter: (t.id = mi.movie_id)
              ->  Nested Loop  (cost=10.75..33924.02 rows=1 width=68) (actual time=14.674..66.212 rows=5706 loops=1)
                    Join Filter: (n.id = an.person_id)
                    ->  Nested Loop  (cost=10.32..33921.13 rows=1 width=80) (actual time=14.666..58.378 rows=1364 loops=1)
                          Join Filter: (ci.role_id = rt.id)
                          ->  Nested Loop  (cost=10.32..33919.96 rows=1 width=84) (actual time=14.661..55.806 rows=1364 loops=1)
                                Join Filter: (it3.id = pi.info_type_id)
                                Rows Removed by Join Filter: 4022
                                ->  Seq Scan on info_type it3  (cost=0.00..2.41 rows=1 width=4) (actual time=0.004..0.013 rows=1 loops=1)
                                      Filter: ((info)::text = 'trivia'::text)
                                      Rows Removed by Filter: 112
                                ->  Nested Loop  (cost=10.32..33917.54 rows=1 width=88) (actual time=14.606..55.082 rows=5386 loops=1)
                                      Join Filter: (n.id = pi.person_id)
                                      ->  Nested Loop  (cost=9.89..33898.00 rows=1 width=80) (actual time=14.596..52.120 rows=17 loops=1)
                                            ->  Nested Loop  (cost=9.46..33895.76 rows=1 width=68) (actual time=8.162..52.046 rows=20 loops=1)
                                                  ->  Nested Loop  (cost=9.04..33891.70 rows=2 width=72) (actual time=8.102..51.668 rows=97 loops=1)
                                                        Join Filter: (t.id = mc.movie_id)
                                                        ->  Nested Loop  (cost=8.61..33881.99 rows=2 width=64) (actual time=8.093..51.569 rows=4 loops=1)
                                                              Join Filter: (ci.movie_id = t.id)
                                                              ->  Nested Loop  (cost=8.18..33869.09 rows=6 width=43) (actual time=2.840..51.518 rows=6 loops=1)
                                                                    Join Filter: (cct1.id = cc.subject_id)
                                                                    ->  Seq Scan on comp_cast_type cct1  (cost=0.00..1.05 rows=1 width=4) (actual time=0.002..0.003 rows=1 loops=1)
                                                                          Filter: ((kind)::text = 'cast'::text)
                                                                          Rows Removed by Filter: 3
                                                                    ->  Nested Loop  (cost=8.18..33867.96 rows=6 width=47) (actual time=2.837..51.511 rows=6 loops=1)
                                                                          Join Filter: (cct2.id = cc.status_id)
                                                                          Rows Removed by Join Filter: 25
                                                                          ->  Seq Scan on comp_cast_type cct2  (cost=0.00..1.05 rows=1 width=4) (actual time=0.001..0.002 rows=1 loops=1)
                                                                                Filter: ((kind)::text = 'complete+verified'::text)
                                                                                Rows Removed by Filter: 3
                                                                          ->  Nested Loop  (cost=8.18..33866.52 rows=31 width=51) (actual time=2.835..51.501 rows=31 loops=1)
                                                                                ->  Nested Loop  (cost=7.76..33740.60 rows=45 width=39) (actual time=2.829..51.302 rows=45 loops=1)
                                                                                      ->  Nested Loop  (cost=7.33..23452.44 rows=4395 width=20) (actual time=0.156..34.864 rows=4395 loops=1)
                                                                                            ->  Nested Loop  (cost=6.77..3739.98 rows=414 width=4) (actual time=0.145..15.084 rows=414 loops=1)
                                                                                                  ->  Seq Scan on keyword k  (cost=0.00..2626.12 rows=1 width=4) (actual time=0.042..14.346 rows=1 loops=1)
                                                                                                        Filter: (keyword = 'computer-animation'::text)
                                                                                                        Rows Removed by Filter: 134169
                                                                                                  ->  Bitmap Heap Scan on movie_keyword mk  (cost=6.77..1110.84 rows=301 width=8) (actual time=0.102..0.655 rows=414 loops=1)
                                                                                                        Recheck Cond: (keyword_id = k.id)
                                                                                                        Heap Blocks: exact=358
                                                                                                        ->  Bitmap Index Scan on keyword_id_movie_keyword  (cost=0.00..6.69 rows=301 width=0) (actual time=0.053..0.053 rows=414 loops=1)
                                                                                                              Index Cond: (keyword_id = k.id)
                                                                                            ->  Index Scan using movie_id_cast_info on cast_info ci  (cost=0.56..47.60 rows=1 width=16) (actual time=0.012..0.045 rows=11 loops=414)
                                                                                                  Index Cond: (movie_id = mk.movie_id)
                                                                                                  Filter: (note = ANY ('{(voice),"(voice: Japanese version)","(voice) (uncredited)","(voice: English version)"}'::text[]))
                                                                                                  Rows Removed by Filter: 33
                                                                                      ->  Index Scan using name_pkey on name n  (cost=0.43..2.34 rows=1 width=19) (actual time=0.003..0.003 rows=0 loops=4395)
                                                                                            Index Cond: (id = ci.person_id)
                                                                                            Filter: ((name ~~ '%An%'::text) AND ((gender)::text = 'f'::text))
                                                                                            Rows Removed by Filter: 1
                                                                                ->  Index Scan using movie_id_complete_cast on complete_cast cc  (cost=0.42..2.78 rows=2 width=12) (actual time=0.003..0.004 rows=1 loops=45)
                                                                                      Index Cond: (movie_id = ci.movie_id)
                                                              ->  Index Scan using title_pkey on title t  (cost=0.43..2.14 rows=1 width=21) (actual time=0.008..0.008 rows=1 loops=6)
                                                                    Index Cond: (id = mk.movie_id)
                                                                    Filter: ((production_year >= 2000) AND (production_year <= 2010))
                                                                    Rows Removed by Filter: 0
                                                        ->  Index Scan using movie_id_movie_companies on movie_companies mc  (cost=0.43..4.79 rows=5 width=8) (actual time=0.007..0.016 rows=24 loops=4)
                                                              Index Cond: (movie_id = mk.movie_id)
                                                  ->  Index Scan using company_name_pkey on company_name cn  (cost=0.42..2.03 rows=1 width=4) (actual time=0.004..0.004 rows=0 loops=97)
                                                        Index Cond: (id = mc.company_id)
                                                        Filter: ((country_code)::text = '[us]'::text)
                                                        Rows Removed by Filter: 1
                                            ->  Index Scan using char_name_pkey on char_name chn  (cost=0.43..2.25 rows=1 width=20) (actual time=0.003..0.003 rows=1 loops=20)
                                                  Index Cond: (id = ci.person_role_id)
                                      ->  Index Scan using person_id_person_info on person_info pi  (cost=0.43..19.22 rows=25 width=8) (actual time=0.006..0.082 rows=317 loops=17)
                                            Index Cond: (person_id = ci.person_id)
                          ->  Seq Scan on role_type rt  (cost=0.00..1.15 rows=1 width=4) (actual time=0.001..0.001 rows=1 loops=1364)
                                Filter: ((role)::text = 'actress'::text)
                                Rows Removed by Filter: 1
                    ->  Index Only Scan using person_id_aka_name on aka_name an  (cost=0.42..2.87 rows=2 width=4) (actual time=0.003..0.004 rows=4 loops=1364)
                          Index Cond: (person_id = pi.person_id)
                          Heap Fetches: 5706
              ->  Index Scan using movie_id_movie_info on movie_info mi  (cost=0.43..42.04 rows=1 width=8) (actual time=0.014..0.101 rows=3 loops=5706)
                    Index Cond: (movie_id = mk.movie_id)
                    Filter: ((info IS NOT NULL) AND ((info ~~ 'Japan:%200%'::text) OR (info ~~ 'USA:%200%'::text)))
                    Rows Removed by Filter: 302
Planning time: 116.757 ms
Execution time: 660.073 ms
