Aggregate  (cost=7459.45..7459.46 rows=1 width=96) (actual time=495.791..495.791 rows=1 loops=1)
  ->  Nested Loop  (cost=11.18..7459.44 rows=1 width=48) (actual time=193.787..488.030 rows=16308 loops=1)
        Join Filter: (n.id = an.person_id)
        ->  Nested Loop  (cost=10.76..7456.55 rows=1 width=60) (actual time=193.779..470.971 rows=3822 loops=1)
              Join Filter: (it3.id = pi.info_type_id)
              Rows Removed by Join Filter: 11521
              ->  Seq Scan on info_type it3  (cost=0.00..2.41 rows=1 width=4) (actual time=0.009..0.017 rows=1 loops=1)
                    Filter: ((info)::text = 'trivia'::text)
                    Rows Removed by Filter: 112
              ->  Nested Loop  (cost=10.76..7454.12 rows=1 width=64) (actual time=193.721..469.367 rows=15343 loops=1)
                    Join Filter: (n.id = pi.person_id)
                    ->  Nested Loop  (cost=10.33..7434.59 rows=1 width=56) (actual time=193.709..461.732 rows=46 loops=1)
                          ->  Nested Loop  (cost=9.91..7432.56 rows=1 width=60) (actual time=192.805..460.813 rows=206 loops=1)
                                Join Filter: (rt.id = ci.role_id)
                                ->  Seq Scan on role_type rt  (cost=0.00..1.15 rows=1 width=4) (actual time=0.002..0.004 rows=1 loops=1)
                                      Filter: ((role)::text = 'actress'::text)
                                      Rows Removed by Filter: 11
                                ->  Nested Loop  (cost=9.91..7431.40 rows=1 width=64) (actual time=192.802..460.731 rows=206 loops=1)
                                      ->  Nested Loop  (cost=9.48..7429.06 rows=1 width=45) (actual time=0.882..344.145 rows=37057 loops=1)
                                            ->  Nested Loop  (cost=9.05..7426.81 rows=1 width=33) (actual time=0.874..223.178 rows=45737 loops=1)
                                                  Join Filter: (t.id = ci.movie_id)
                                                  ->  Nested Loop  (cost=8.48..7379.19 rows=1 width=41) (actual time=0.856..24.602 rows=1483 loops=1)
                                                        Join Filter: (t.id = mc.movie_id)
                                                        ->  Nested Loop  (cost=8.05..7374.34 rows=1 width=33) (actual time=0.845..22.772 rows=61 loops=1)
                                                              Join Filter: (mi.info_type_id = it.id)
                                                              ->  Seq Scan on info_type it  (cost=0.00..2.41 rows=1 width=4) (actual time=0.005..0.013 rows=1 loops=1)
                                                                    Filter: ((info)::text = 'release dates'::text)
                                                                    Rows Removed by Filter: 112
                                                              ->  Nested Loop  (cost=8.05..7371.90 rows=2 width=37) (actual time=0.840..22.737 rows=61 loops=1)
                                                                    Join Filter: (cc.status_id = cct2.id)
                                                                    Rows Removed by Join Filter: 99
                                                                    ->  Seq Scan on comp_cast_type cct2  (cost=0.00..1.05 rows=1 width=4) (actual time=0.002..0.002 rows=1 loops=1)
                                                                          Filter: ((kind)::text = 'complete+verified'::text)
                                                                          Rows Removed by Filter: 3
                                                                    ->  Nested Loop  (cost=8.05..7370.72 rows=10 width=41) (actual time=0.622..22.700 rows=160 loops=1)
                                                                          Join Filter: (t.id = mi.movie_id)
                                                                          ->  Nested Loop  (cost=7.62..5057.93 rows=55 width=33) (actual time=0.605..16.534 rows=55 loops=1)
                                                                                ->  Nested Loop  (cost=7.19..4899.72 rows=74 width=12) (actual time=0.233..15.996 rows=74 loops=1)
                                                                                      Join Filter: (cct1.id = cc.subject_id)
                                                                                      Rows Removed by Join Filter: 16
                                                                                      ->  Seq Scan on comp_cast_type cct1  (cost=0.00..1.05 rows=1 width=4) (actual time=0.001..0.003 rows=1 loops=1)
                                                                                            Filter: ((kind)::text = 'cast'::text)
                                                                                            Rows Removed by Filter: 3
                                                                                      ->  Nested Loop  (cost=7.19..4897.55 rows=90 width=16) (actual time=0.231..15.969 rows=90 loops=1)
                                                                                            ->  Nested Loop  (cost=6.77..3739.98 rows=414 width=4) (actual time=0.147..14.808 rows=414 loops=1)
                                                                                                  ->  Seq Scan on keyword k  (cost=0.00..2626.12 rows=1 width=4) (actual time=0.042..14.142 rows=1 loops=1)
                                                                                                        Filter: (keyword = 'computer-animation'::text)
                                                                                                        Rows Removed by Filter: 134169
                                                                                                  ->  Bitmap Heap Scan on movie_keyword mk  (cost=6.77..1110.84 rows=301 width=8) (actual time=0.103..0.587 rows=414 loops=1)
                                                                                                        Recheck Cond: (keyword_id = k.id)
                                                                                                        Heap Blocks: exact=358
                                                                                                        ->  Bitmap Index Scan on keyword_id_movie_keyword  (cost=0.00..6.69 rows=301 width=0) (actual time=0.053..0.053 rows=414 loops=1)
                                                                                                              Index Cond: (keyword_id = k.id)
                                                                                            ->  Index Scan using movie_id_complete_cast on complete_cast cc  (cost=0.42..2.78 rows=2 width=12) (actual time=0.002..0.002 rows=0 loops=414)
                                                                                                  Index Cond: (movie_id = mk.movie_id)
                                                                                ->  Index Scan using title_pkey on title t  (cost=0.43..2.14 rows=1 width=21) (actual time=0.007..0.007 rows=1 loops=74)
                                                                                      Index Cond: (id = mk.movie_id)
                                                                                      Filter: ((production_year >= 2000) AND (production_year <= 2010))
                                                                                      Rows Removed by Filter: 0
                                                                          ->  Index Scan using movie_id_movie_info on movie_info mi  (cost=0.43..42.04 rows=1 width=8) (actual time=0.017..0.111 rows=3 loops=55)
                                                                                Index Cond: (movie_id = mk.movie_id)
                                                                                Filter: ((info IS NOT NULL) AND ((info ~~ 'Japan:%200%'::text) OR (info ~~ 'USA:%200%'::text)))
                                                                                Rows Removed by Filter: 267
                                                        ->  Index Scan using movie_id_movie_companies on movie_companies mc  (cost=0.43..4.79 rows=5 width=8) (actual time=0.005..0.019 rows=24 loops=61)
                                                              Index Cond: (movie_id = mk.movie_id)
                                                  ->  Index Scan using movie_id_cast_info on cast_info ci  (cost=0.56..47.60 rows=1 width=16) (actual time=0.013..0.126 rows=31 loops=1483)
                                                        Index Cond: (movie_id = mk.movie_id)
                                                        Filter: (note = ANY ('{(voice),"(voice: Japanese version)","(voice) (uncredited)","(voice: English version)"}'::text[]))
                                                        Rows Removed by Filter: 143
                                            ->  Index Scan using char_name_pkey on char_name chn  (cost=0.43..2.25 rows=1 width=20) (actual time=0.002..0.002 rows=1 loops=45737)
                                                  Index Cond: (id = ci.person_role_id)
                                      ->  Index Scan using name_pkey on name n  (cost=0.43..2.34 rows=1 width=19) (actual time=0.003..0.003 rows=0 loops=37057)
                                            Index Cond: (id = ci.person_id)
                                            Filter: ((name ~~ '%An%'::text) AND ((gender)::text = 'f'::text))
                                            Rows Removed by Filter: 1
                          ->  Index Scan using company_name_pkey on company_name cn  (cost=0.42..2.03 rows=1 width=4) (actual time=0.004..0.004 rows=0 loops=206)
                                Index Cond: (id = mc.company_id)
                                Filter: ((country_code)::text = '[us]'::text)
                                Rows Removed by Filter: 1
                    ->  Index Scan using person_id_person_info on person_info pi  (cost=0.43..19.22 rows=25 width=8) (actual time=0.006..0.077 rows=334 loops=46)
                          Index Cond: (person_id = ci.person_id)
        ->  Index Only Scan using person_id_aka_name on aka_name an  (cost=0.42..2.87 rows=2 width=4) (actual time=0.002..0.003 rows=4 loops=3822)
              Index Cond: (person_id = pi.person_id)
              Heap Fetches: 16308
Planning time: 116.631 ms
Execution time: 495.924 ms
