Aggregate  (cost=10192.20..10192.21 rows=1 width=96) (actual time=4853.106..4853.106 rows=1 loops=1)
  ->  Nested Loop  (cost=11.18..10192.20 rows=1 width=48) (actual time=203.438..4840.484 rows=16308 loops=1)
        Join Filter: (cc.subject_id = cct1.id)
        ->  Nested Loop  (cost=11.18..10191.13 rows=1 width=52) (actual time=203.435..4822.275 rows=16308 loops=1)
              Join Filter: (mi.info_type_id = it.id)
              ->  Nested Loop  (cost=11.18..10188.71 rows=1 width=56) (actual time=203.430..4752.580 rows=16308 loops=1)
                    ->  Nested Loop  (cost=10.76..10186.68 rows=1 width=60) (actual time=203.231..4542.565 rows=75240 loops=1)
                          Join Filter: (pi.info_type_id = it3.id)
                          Rows Removed by Join Filter: 246534
                          ->  Nested Loop  (cost=10.76..10184.26 rows=1 width=64) (actual time=46.447..1355.773 rows=321774 loops=1)
                                ->  Nested Loop  (cost=10.33..10182.01 rows=1 width=52) (actual time=6.850..549.176 rows=335193 loops=1)
                                      Join Filter: (n.id = an.person_id)
                                      ->  Nested Loop  (cost=9.91..10179.11 rows=1 width=64) (actual time=6.842..161.288 rows=76199 loops=1)
                                            Join Filter: (t.id = mc.movie_id)
                                            ->  Nested Loop  (cost=9.48..10174.26 rows=1 width=80) (actual time=6.834..109.398 rows=2960 loops=1)
                                                  Join Filter: (mi.movie_id = t.id)
                                                  ->  Nested Loop  (cost=9.05..10172.11 rows=1 width=59) (actual time=6.822..99.657 rows=2987 loops=1)
                                                        Join Filter: (ci.person_id = n.id)
                                                        ->  Nested Loop  (cost=8.62..10058.04 rows=51 width=40) (actual time=1.338..46.530 rows=20689 loops=1)
                                                              ->  Nested Loop  (cost=8.19..10019.10 rows=2 width=32) (actual time=1.332..34.658 rows=465 loops=1)
                                                                    Join Filter: (rt.id = ci.role_id)
                                                                    Rows Removed by Join Filter: 1610
                                                                    ->  Seq Scan on role_type rt  (cost=0.00..1.15 rows=1 width=4) (actual time=0.006..0.010 rows=1 loops=1)
                                                                          Filter: ((role)::text = 'actress'::text)
                                                                          Rows Removed by Filter: 11
                                                                    ->  Nested Loop  (cost=8.19..10017.64 rows=25 width=36) (actual time=1.286..34.405 rows=2075 loops=1)
                                                                          Join Filter: (mi.movie_id = ci.movie_id)
                                                                          ->  Nested Loop  (cost=7.62..8684.36 rows=28 width=20) (actual time=1.267..24.475 rows=70 loops=1)
                                                                                Join Filter: (cc.status_id = cct2.id)
                                                                                Rows Removed by Join Filter: 126
                                                                                ->  Seq Scan on comp_cast_type cct2  (cost=0.00..1.05 rows=1 width=4) (actual time=0.002..0.003 rows=1 loops=1)
                                                                                      Filter: ((kind)::text = 'complete+verified'::text)
                                                                                      Rows Removed by Filter: 3
                                                                                ->  Nested Loop  (cost=7.62..8681.89 rows=113 width=24) (actual time=0.634..24.430 rows=196 loops=1)
                                                                                      ->  Nested Loop  (cost=7.19..4897.55 rows=90 width=16) (actual time=0.231..15.936 rows=90 loops=1)
                                                                                            ->  Nested Loop  (cost=6.77..3739.98 rows=414 width=4) (actual time=0.149..14.763 rows=414 loops=1)
                                                                                                  ->  Seq Scan on keyword k  (cost=0.00..2626.12 rows=1 width=4) (actual time=0.043..14.070 rows=1 loops=1)
                                                                                                        Filter: (keyword = 'computer-animation'::text)
                                                                                                        Rows Removed by Filter: 134169
                                                                                                  ->  Bitmap Heap Scan on movie_keyword mk  (cost=6.77..1110.84 rows=301 width=8) (actual time=0.103..0.615 rows=414 loops=1)
                                                                                                        Recheck Cond: (keyword_id = k.id)
                                                                                                        Heap Blocks: exact=358
                                                                                                        ->  Bitmap Index Scan on keyword_id_movie_keyword  (cost=0.00..6.69 rows=301 width=0) (actual time=0.055..0.055 rows=414 loops=1)
                                                                                                              Index Cond: (keyword_id = k.id)
                                                                                            ->  Index Scan using movie_id_complete_cast on complete_cast cc  (cost=0.42..2.78 rows=2 width=12) (actual time=0.002..0.002 rows=0 loops=414)
                                                                                                  Index Cond: (movie_id = mk.movie_id)
                                                                                      ->  Index Scan using movie_id_movie_info on movie_info mi  (cost=0.43..42.04 rows=1 width=8) (actual time=0.020..0.094 rows=2 loops=90)
                                                                                            Index Cond: (movie_id = mk.movie_id)
                                                                                            Filter: ((info IS NOT NULL) AND ((info ~~ 'Japan:%200%'::text) OR (info ~~ 'USA:%200%'::text)))
                                                                                            Rows Removed by Filter: 228
                                                                          ->  Index Scan using movie_id_cast_info on cast_info ci  (cost=0.56..47.60 rows=1 width=16) (actual time=0.015..0.134 rows=30 loops=70)
                                                                                Index Cond: (movie_id = mk.movie_id)
                                                                                Filter: (note = ANY ('{(voice),"(voice: Japanese version)","(voice) (uncredited)","(voice: English version)"}'::text[]))
                                                                                Rows Removed by Filter: 140
                                                              ->  Index Scan using person_id_person_info on person_info pi  (cost=0.43..19.22 rows=25 width=8) (actual time=0.003..0.014 rows=44 loops=465)
                                                                    Index Cond: (person_id = ci.person_id)
                                                        ->  Index Scan using name_pkey on name n  (cost=0.43..2.22 rows=1 width=19) (actual time=0.002..0.002 rows=0 loops=20689)
                                                              Index Cond: (id = pi.person_id)
                                                              Filter: ((name ~~ '%An%'::text) AND ((gender)::text = 'f'::text))
                                                              Rows Removed by Filter: 1
                                                  ->  Index Scan using title_pkey on title t  (cost=0.43..2.14 rows=1 width=21) (actual time=0.003..0.003 rows=1 loops=2987)
                                                        Index Cond: (id = mk.movie_id)
                                                        Filter: ((production_year >= 2000) AND (production_year <= 2010))
                                                        Rows Removed by Filter: 0
                                            ->  Index Scan using movie_id_movie_companies on movie_companies mc  (cost=0.43..4.79 rows=5 width=8) (actual time=0.003..0.009 rows=26 loops=2960)
                                                  Index Cond: (movie_id = mk.movie_id)
                                      ->  Index Only Scan using person_id_aka_name on aka_name an  (cost=0.42..2.87 rows=2 width=4) (actual time=0.002..0.004 rows=4 loops=76199)
                                            Index Cond: (person_id = pi.person_id)
                                            Heap Fetches: 335193
                                ->  Index Scan using char_name_pkey on char_name chn  (cost=0.43..2.25 rows=1 width=20) (actual time=0.002..0.002 rows=1 loops=335193)
                                      Index Cond: (id = ci.person_role_id)
                          ->  Seq Scan on info_type it3  (cost=0.00..2.41 rows=1 width=4) (actual time=0.004..0.009 rows=1 loops=321774)
                                Filter: ((info)::text = 'trivia'::text)
                                Rows Removed by Filter: 90
                    ->  Index Scan using company_name_pkey on company_name cn  (cost=0.42..2.03 rows=1 width=4) (actual time=0.002..0.002 rows=0 loops=75240)
                          Index Cond: (id = mc.company_id)
                          Filter: ((country_code)::text = '[us]'::text)
                          Rows Removed by Filter: 1
              ->  Seq Scan on info_type it  (cost=0.00..2.41 rows=1 width=4) (actual time=0.004..0.004 rows=1 loops=16308)
                    Filter: ((info)::text = 'release dates'::text)
                    Rows Removed by Filter: 15
        ->  Seq Scan on comp_cast_type cct1  (cost=0.00..1.05 rows=1 width=4) (actual time=0.001..0.001 rows=1 loops=16308)
              Filter: ((kind)::text = 'cast'::text)
Planning time: 117.904 ms
Execution time: 4853.259 ms
