Aggregate  (cost=35053.12..35053.13 rows=1 width=96) (actual time=119.818..119.818 rows=1 loops=1)
  ->  Nested Loop  (cost=11.18..35053.12 rows=1 width=48) (actual time=19.296..112.835 rows=16308 loops=1)
        Join Filter: (it3.id = pi.info_type_id)
        Rows Removed by Join Filter: 51519
        ->  Seq Scan on info_type it3  (cost=0.00..2.41 rows=1 width=4) (actual time=0.010..0.018 rows=1 loops=1)
              Filter: ((info)::text = 'trivia'::text)
              Rows Removed by Filter: 112
        ->  Nested Loop  (cost=11.18..35050.69 rows=1 width=52) (actual time=19.239..106.433 rows=67827 loops=1)
              Join Filter: (n.id = pi.person_id)
              ->  Nested Loop  (cost=10.75..35031.16 rows=1 width=60) (actual time=19.229..76.599 rows=189 loops=1)
                    ->  Nested Loop  (cost=10.33..35029.14 rows=1 width=64) (actual time=19.204..74.095 rows=858 loops=1)
                          Join Filter: (t.id = mc.movie_id)
                          ->  Nested Loop  (cost=9.90..35024.28 rows=1 width=80) (actual time=19.195..73.500 rows=33 loops=1)
                                Join Filter: (cc.status_id = cct2.id)
                                Rows Removed by Join Filter: 57
                                ->  Nested Loop  (cost=9.90..35023.22 rows=1 width=84) (actual time=2.926..73.275 rows=90 loops=1)
                                      ->  Nested Loop  (cost=9.47..35020.97 rows=1 width=72) (actual time=2.920..72.945 rows=108 loops=1)
                                            Join Filter: (mi.movie_id = t.id)
                                            ->  Nested Loop  (cost=9.04..35018.82 rows=1 width=51) (actual time=2.904..72.488 rows=112 loops=1)
                                                  Join Filter: (mi.info_type_id = it.id)
                                                  ->  Seq Scan on info_type it  (cost=0.00..2.41 rows=1 width=4) (actual time=0.004..0.013 rows=1 loops=1)
                                                        Filter: ((info)::text = 'release dates'::text)
                                                        Rows Removed by Filter: 112
                                                  ->  Nested Loop  (cost=9.04..35016.27 rows=11 width=55) (actual time=2.899..72.435 rows=112 loops=1)
                                                        ->  Nested Loop  (cost=8.61..32797.12 rows=948 width=36) (actual time=2.766..64.103 rows=2842 loops=1)
                                                              ->  Nested Loop  (cost=8.19..31625.13 rows=402 width=32) (actual time=2.753..58.134 rows=1465 loops=1)
                                                                    Join Filter: (cc.subject_id = cct1.id)
                                                                    Rows Removed by Join Filter: 141
                                                                    ->  Seq Scan on comp_cast_type cct1  (cost=0.00..1.05 rows=1 width=4) (actual time=0.002..0.003 rows=1 loops=1)
                                                                          Filter: ((kind)::text = 'cast'::text)
                                                                          Rows Removed by Filter: 3
                                                                    ->  Nested Loop  (cost=8.19..31604.01 rows=1606 width=36) (actual time=2.750..57.727 rows=1606 loops=1)
                                                                          Join Filter: (rt.id = ci.role_id)
                                                                          Rows Removed by Join Filter: 4347
                                                                          ->  Seq Scan on role_type rt  (cost=0.00..1.15 rows=1 width=4) (actual time=0.002..0.004 rows=1 loops=1)
                                                                                Filter: ((role)::text = 'actress'::text)
                                                                                Rows Removed by Filter: 11
                                                                          ->  Nested Loop  (cost=8.19..31528.45 rows=5953 width=40) (actual time=2.701..56.998 rows=5953 loops=1)
                                                                                Join Filter: (mi.movie_id = ci.movie_id)
                                                                                ->  Nested Loop  (cost=7.62..22195.48 rows=196 width=24) (actual time=1.674..31.037 rows=196 loops=1)
                                                                                      ->  Nested Loop  (cost=7.20..21147.97 rows=374 width=12) (actual time=0.407..29.797 rows=374 loops=1)
                                                                                            ->  Nested Loop  (cost=6.77..3739.98 rows=414 width=4) (actual time=0.147..14.888 rows=414 loops=1)
                                                                                                  ->  Seq Scan on keyword k  (cost=0.00..2626.12 rows=1 width=4) (actual time=0.042..14.173 rows=1 loops=1)
                                                                                                        Filter: (keyword = 'computer-animation'::text)
                                                                                                        Rows Removed by Filter: 134169
                                                                                                  ->  Bitmap Heap Scan on movie_keyword mk  (cost=6.77..1110.84 rows=301 width=8) (actual time=0.103..0.631 rows=414 loops=1)
                                                                                                        Recheck Cond: (keyword_id = k.id)
                                                                                                        Heap Blocks: exact=358
                                                                                                        ->  Bitmap Index Scan on keyword_id_movie_keyword  (cost=0.00..6.69 rows=301 width=0) (actual time=0.053..0.053 rows=414 loops=1)
                                                                                                              Index Cond: (keyword_id = k.id)
                                                                                            ->  Index Scan using movie_id_movie_info on movie_info mi  (cost=0.43..42.04 rows=1 width=8) (actual time=0.016..0.035 rows=1 loops=414)
                                                                                                  Index Cond: (movie_id = mk.movie_id)
                                                                                                  Filter: ((info IS NOT NULL) AND ((info ~~ 'Japan:%200%'::text) OR (info ~~ 'USA:%200%'::text)))
                                                                                                  Rows Removed by Filter: 70
                                                                                      ->  Index Scan using movie_id_complete_cast on complete_cast cc  (cost=0.42..2.78 rows=2 width=12) (actual time=0.003..0.003 rows=1 loops=374)
                                                                                            Index Cond: (movie_id = mi.movie_id)
                                                                                ->  Index Scan using movie_id_cast_info on cast_info ci  (cost=0.56..47.60 rows=1 width=16) (actual time=0.012..0.124 rows=30 loops=196)
                                                                                      Index Cond: (movie_id = mk.movie_id)
                                                                                      Filter: (note = ANY ('{(voice),"(voice: Japanese version)","(voice) (uncredited)","(voice: English version)"}'::text[]))
                                                                                      Rows Removed by Filter: 133
                                                              ->  Index Only Scan using person_id_aka_name on aka_name an  (cost=0.42..2.90 rows=2 width=4) (actual time=0.003..0.003 rows=2 loops=1465)
                                                                    Index Cond: (person_id = ci.person_id)
                                                                    Heap Fetches: 2842
                                                        ->  Index Scan using name_pkey on name n  (cost=0.43..2.34 rows=1 width=19) (actual time=0.003..0.003 rows=0 loops=2842)
                                                              Index Cond: (id = ci.person_id)
                                                              Filter: ((name ~~ '%An%'::text) AND ((gender)::text = 'f'::text))
                                                              Rows Removed by Filter: 1
                                            ->  Index Scan using title_pkey on title t  (cost=0.43..2.14 rows=1 width=21) (actual time=0.003..0.003 rows=1 loops=112)
                                                  Index Cond: (id = mk.movie_id)
                                                  Filter: ((production_year >= 2000) AND (production_year <= 2010))
                                                  Rows Removed by Filter: 0
                                      ->  Index Scan using char_name_pkey on char_name chn  (cost=0.43..2.25 rows=1 width=20) (actual time=0.002..0.002 rows=1 loops=108)
                                            Index Cond: (id = ci.person_role_id)
                                ->  Seq Scan on comp_cast_type cct2  (cost=0.00..1.05 rows=1 width=4) (actual time=0.001..0.001 rows=1 loops=90)
                                      Filter: ((kind)::text = 'complete+verified'::text)
                                      Rows Removed by Filter: 3
                          ->  Index Scan using movie_id_movie_companies on movie_companies mc  (cost=0.43..4.79 rows=5 width=8) (actual time=0.004..0.010 rows=26 loops=33)
                                Index Cond: (movie_id = mk.movie_id)
                    ->  Index Scan using company_name_pkey on company_name cn  (cost=0.42..2.03 rows=1 width=4) (actual time=0.003..0.003 rows=0 loops=858)
                          Index Cond: (id = mc.company_id)
                          Filter: ((country_code)::text = '[us]'::text)
                          Rows Removed by Filter: 1
              ->  Index Scan using person_id_person_info on person_info pi  (cost=0.43..19.22 rows=25 width=8) (actual time=0.005..0.076 rows=359 loops=189)
                    Index Cond: (person_id = an.person_id)
Planning time: 117.074 ms
Execution time: 119.964 ms
