Aggregate  (cost=36289.28..36289.29 rows=1 width=32) (actual time=307.155..307.155 rows=1 loops=1)
  ->  Nested Loop  (cost=5969.34..36289.24 rows=16 width=17) (actual time=44.716..304.793 rows=5228 loops=1)
        Join Filter: (mc.movie_id = t.id)
        ->  Hash Join  (cost=5968.91..36281.24 rows=16 width=8) (actual time=44.705..287.292 rows=5228 loops=1)
              Hash Cond: (mc.company_id = cn.id)
              ->  Nested Loop  (cost=7.20..28444.07 rows=148552 width=12) (actual time=6.804..230.251 rows=148552 loops=1)
                    ->  Nested Loop  (cost=6.77..3739.98 rows=41840 width=4) (actual time=6.782..51.976 rows=41840 loops=1)
                          ->  Seq Scan on keyword k  (cost=0.00..2626.12 rows=1 width=4) (actual time=0.613..14.473 rows=1 loops=1)
                                Filter: (keyword = 'character-name-in-title'::text)
                                Rows Removed by Filter: 134169
                          ->  Bitmap Heap Scan on movie_keyword mk  (cost=6.77..1110.84 rows=301 width=8) (actual time=6.165..30.681 rows=41840 loops=1)
                                Recheck Cond: (keyword_id = k.id)
                                Heap Blocks: exact=11541
                                ->  Bitmap Index Scan on keyword_id_movie_keyword  (cost=0.00..6.69 rows=301 width=0) (actual time=4.029..4.029 rows=41840 loops=1)
                                      Index Cond: (keyword_id = k.id)
                    ->  Index Scan using movie_id_movie_companies on movie_companies mc  (cost=0.43..0.54 rows=5 width=8) (actual time=0.002..0.003 rows=4 loops=41840)
                          Index Cond: (movie_id = mk.movie_id)
              ->  Hash  (cost=5932.46..5932.46 rows=2340 width=4) (actual time=36.991..36.991 rows=2340 loops=1)
                    Buckets: 4096  Batches: 1  Memory Usage: 115kB
                    ->  Seq Scan on company_name cn  (cost=0.00..5932.46 rows=2340 width=4) (actual time=0.015..36.619 rows=2340 loops=1)
                          Filter: ((country_code)::text = '[nl]'::text)
                          Rows Removed by Filter: 232657
        ->  Index Scan using title_pkey on title t  (cost=0.43..0.49 rows=1 width=21) (actual time=0.003..0.003 rows=1 loops=5228)
              Index Cond: (id = mk.movie_id)
Planning time: 1.401 ms
Execution time: 307.222 ms
