Aggregate  (cost=6289.69..6289.70 rows=1 width=32) (actual time=34.473..34.473 rows=1 loops=1)
  ->  Nested Loop  (cost=1.71..6289.69 rows=1 width=17) (actual time=34.471..34.471 rows=0 loops=1)
        Join Filter: (mc.movie_id = t.id)
        ->  Nested Loop  (cost=1.28..6289.19 rows=0 width=8) (actual time=34.471..34.471 rows=0 loops=1)
              ->  Nested Loop  (cost=0.86..6288.29 rows=2 width=12) (actual time=6.580..34.461 rows=2 loops=1)
                    ->  Nested Loop  (cost=0.43..6284.78 rows=2 width=4) (actual time=6.568..34.449 rows=2 loops=1)
                          ->  Seq Scan on company_name cn  (cost=0.00..5932.46 rows=1 width=4) (actual time=6.557..34.436 rows=1 loops=1)
                                Filter: ((country_code)::text = '[sm]'::text)
                                Rows Removed by Filter: 234996
                          ->  Index Scan using company_id_movie_companies on movie_companies mc  (cost=0.43..351.00 rows=132 width=8) (actual time=0.009..0.010 rows=2 loops=1)
                                Index Cond: (company_id = cn.id)
                    ->  Index Scan using movie_id_movie_keyword on movie_keyword mk  (cost=0.43..1.29 rows=46 width=8) (actual time=0.005..0.005 rows=1 loops=2)
                          Index Cond: (movie_id = mc.movie_id)
              ->  Index Scan using keyword_pkey on keyword k  (cost=0.42..0.44 rows=1 width=4) (actual time=0.004..0.004 rows=0 loops=2)
                    Index Cond: (id = mk.keyword_id)
                    Filter: (keyword = 'character-name-in-title'::text)
                    Rows Removed by Filter: 1
        ->  Index Scan using title_pkey on title t  (cost=0.43..0.49 rows=1 width=21) (never executed)
              Index Cond: (id = mk.movie_id)
Planning time: 1.205 ms
Execution time: 34.520 ms
