Aggregate  (cost=38387.62..38387.63 rows=1 width=32) (actual time=564.546..564.546 rows=1 loops=1)
  ->  Nested Loop  (cost=7000.63..38387.41 rows=82 width=17) (actual time=68.241..537.239 rows=68316 loops=1)
        Join Filter: (mc.movie_id = t.id)
        ->  Hash Join  (cost=7000.20..38346.43 rows=82 width=8) (actual time=68.231..349.696 rows=68316 loops=1)
              Hash Cond: (mc.company_id = cn.id)
              ->  Nested Loop  (cost=7.20..28444.07 rows=230445 width=12) (actual time=6.825..246.888 rows=148552 loops=1)
                    ->  Nested Loop  (cost=6.77..3739.98 rows=41840 width=4) (actual time=6.805..54.625 rows=41840 loops=1)
                          ->  Seq Scan on keyword k  (cost=0.00..2626.12 rows=1 width=4) (actual time=0.613..14.474 rows=1 loops=1)
                                Filter: (keyword = 'character-name-in-title'::text)
                                Rows Removed by Filter: 134169
                          ->  Bitmap Heap Scan on movie_keyword mk  (cost=6.77..1110.84 rows=301 width=8) (actual time=6.189..32.890 rows=41840 loops=1)
                                Recheck Cond: (keyword_id = k.id)
                                Heap Blocks: exact=11541
                                ->  Bitmap Index Scan on keyword_id_movie_keyword  (cost=0.00..6.69 rows=301 width=0) (actual time=4.050..4.050 rows=41840 loops=1)
                                      Index Cond: (keyword_id = k.id)
                    ->  Index Scan using movie_id_movie_companies on movie_companies mc  (cost=0.43..0.54 rows=5 width=8) (actual time=0.002..0.004 rows=4 loops=41840)
                          Index Cond: (movie_id = mk.movie_id)
              ->  Hash  (cost=5932.46..5932.46 rows=84843 width=4) (actual time=60.891..60.891 rows=84843 loops=1)
                    Buckets: 131072  Batches: 1  Memory Usage: 4007kB
                    ->  Seq Scan on company_name cn  (cost=0.00..5932.46 rows=84843 width=4) (actual time=0.008..46.200 rows=84843 loops=1)
                          Filter: ((country_code)::text = '[us]'::text)
                          Rows Removed by Filter: 150154
        ->  Index Scan using title_pkey on title t  (cost=0.43..0.49 rows=1 width=21) (actual time=0.002..0.002 rows=1 loops=68316)
              Index Cond: (id = mk.movie_id)
Planning time: 1.419 ms
Execution time: 564.623 ms
