Aggregate  (cost=47102.90..47102.91 rows=1 width=128) (actual time=1849.430..1849.430 rows=1 loops=1)
  ->  Nested Loop  (cost=3781.77..47102.89 rows=1 width=82) (actual time=55.654..1848.160 rows=757 loops=1)
        ->  Nested Loop  (cost=3781.63..47102.22 rows=4 width=86) (actual time=55.649..1846.295 rows=757 loops=1)
              Join Filter: (t.id = mi.movie_id)
              ->  Nested Loop  (cost=3781.19..44862.98 rows=127 width=58) (actual time=52.797..1734.114 rows=1235 loops=1)
                    Join Filter: (mi_idx.movie_id = t.id)
                    ->  Nested Loop  (cost=3780.76..44663.00 rows=232 width=37) (actual time=52.788..1698.256 rows=7165 loops=1)
                          ->  Nested Loop  (cost=3780.33..44056.46 rows=556 width=26) (actual time=52.638..1641.930 rows=11002 loops=1)
                                Join Filter: (mi_idx.movie_id = ci.movie_id)
                                ->  Nested Loop  (cost=3779.77..31298.03 rows=439 width=18) (actual time=52.249..358.868 rows=16283 loops=1)
                                      Join Filter: (mi_idx.info_type_id = it2.id)
                                      Rows Removed by Join Filter: 33372
                                      ->  Seq Scan on info_type it2  (cost=0.00..2.41 rows=1 width=4) (actual time=0.020..0.023 rows=1 loops=1)
                                            Filter: ((info)::text = 'votes'::text)
                                            Rows Removed by Filter: 112
                                      ->  Nested Loop  (cost=3779.77..30674.93 rows=49655 width=22) (actual time=52.225..350.979 rows=49655 loops=1)
                                            ->  Hash Join  (cost=3779.34..17426.10 rows=16336 width=8) (actual time=52.205..257.927 rows=16336 loops=1)
                                                  Hash Cond: (cc.subject_id = cct1.id)
                                                  ->  Hash Join  (cost=3778.26..17255.03 rows=16336 width=12) (actual time=52.193..251.737 rows=16336 loops=1)
                                                        Hash Cond: (cc.status_id = cct2.id)
                                                        ->  Hash Join  (cost=3777.20..16879.24 rows=36010 width=16) (actual time=52.161..243.816 rows=36010 loops=1)
                                                              Hash Cond: (mk.movie_id = cc.movie_id)
                                                              ->  Nested Loop  (cost=6.77..10991.68 rows=76714 width=4) (actual time=4.195..162.638 rows=76714 loops=1)
                                                                    ->  Seq Scan on keyword k  (cost=0.00..3464.69 rows=7 width=4) (actual time=1.086..39.289 rows=7 loops=1)
                                                                          Filter: (keyword = ANY ('{murder,violence,blood,gore,death,female-nudity,hospital}'::text[]))
                                                                          Rows Removed by Filter: 134163
                                                                    ->  Bitmap Heap Scan on movie_keyword mk  (cost=6.77..1072.28 rows=301 width=8) (actual time=2.784..15.954 rows=10959 loops=7)
                                                                          Recheck Cond: (keyword_id = k.id)
                                                                          Heap Blocks: exact=53234
                                                                          ->  Bitmap Index Scan on keyword_id_movie_keyword  (cost=0.00..6.69 rows=301 width=0) (actual time=1.438..1.438 rows=10959 loops=7)
                                                                                Index Cond: (keyword_id = k.id)
                                                              ->  Hash  (cost=2081.86..2081.86 rows=135086 width=12) (actual time=47.679..47.679 rows=135086 loops=1)
                                                                    Buckets: 262144  Batches: 1  Memory Usage: 7853kB
                                                                    ->  Seq Scan on complete_cast cc  (cost=0.00..2081.86 rows=135086 width=12) (actual time=0.008..24.150 rows=135086 loops=1)
                                                        ->  Hash  (cost=1.05..1.05 rows=1 width=4) (actual time=0.003..0.003 rows=1 loops=1)
                                                              Buckets: 1024  Batches: 1  Memory Usage: 9kB
                                                              ->  Seq Scan on comp_cast_type cct2  (cost=0.00..1.05 rows=1 width=4) (actual time=0.002..0.002 rows=1 loops=1)
                                                                    Filter: ((kind)::text = 'complete+verified'::text)
                                                                    Rows Removed by Filter: 3
                                                  ->  Hash  (cost=1.05..1.05 rows=2 width=4) (actual time=0.007..0.007 rows=2 loops=1)
                                                        Buckets: 1024  Batches: 1  Memory Usage: 9kB
                                                        ->  Seq Scan on comp_cast_type cct1  (cost=0.00..1.05 rows=2 width=4) (actual time=0.003..0.004 rows=2 loops=1)
                                                              Filter: ((kind)::text = ANY ('{cast,crew}'::text[]))
                                                              Rows Removed by Filter: 2
                                            ->  Index Scan using movie_id_movie_info_idx on movie_info_idx mi_idx  (cost=0.43..0.78 rows=3 width=14) (actual time=0.004..0.005 rows=3 loops=16336)
                                                  Index Cond: (movie_id = mk.movie_id)
                                ->  Index Scan using movie_id_cast_info on cast_info ci  (cost=0.56..29.05 rows=1 width=8) (actual time=0.061..0.078 rows=1 loops=16283)
                                      Index Cond: (movie_id = mk.movie_id)
                                      Filter: (note = ANY ('{(writer),"(head writer)","(written by)",(story),"(story editor)"}'::text[]))
                                      Rows Removed by Filter: 76
                          ->  Index Scan using name_pkey on name n  (cost=0.43..1.09 rows=1 width=19) (actual time=0.005..0.005 rows=1 loops=11002)
                                Index Cond: (id = ci.person_id)
                                Filter: ((gender)::text = 'm'::text)
                                Rows Removed by Filter: 0
                    ->  Index Scan using title_pkey on title t  (cost=0.43..0.85 rows=1 width=21) (actual time=0.005..0.005 rows=0 loops=7165)
                          Index Cond: (id = mk.movie_id)
                          Filter: (production_year > 2000)
                          Rows Removed by Filter: 1
              ->  Index Scan using movie_id_movie_info on movie_info mi  (cost=0.43..17.62 rows=1 width=52) (actual time=0.090..0.090 rows=1 loops=1235)
                    Index Cond: (movie_id = mk.movie_id)
                    Filter: (info = ANY ('{Horror,Thriller}'::text[]))
                    Rows Removed by Filter: 238
        ->  Index Scan using info_type_pkey on info_type it1  (cost=0.14..0.16 rows=1 width=4) (actual time=0.002..0.002 rows=1 loops=757)
              Index Cond: (id = mi.info_type_id)
              Filter: ((info)::text = 'genres'::text)
Planning time: 70.938 ms
Execution time: 1849.577 ms
