Aggregate  (cost=108731.70..108731.71 rows=1 width=128) (actual time=670.948..670.948 rows=1 loops=1)
  ->  Hash Join  (cost=13701.89..108731.68 rows=2 width=82) (actual time=177.985..670.151 rows=757 loops=1)
        Hash Cond: (mk.keyword_id = k.id)
        ->  Nested Loop  (cost=10237.11..104833.42 rows=34335 width=86) (actual time=138.726..627.414 rows=34335 loops=1)
              ->  Nested Loop  (cost=10236.68..104228.58 rows=274 width=102) (actual time=138.714..613.019 rows=274 loops=1)
                    ->  Nested Loop  (cost=10236.25..103809.68 rows=384 width=91) (actual time=98.235..610.859 rows=384 loops=1)
                          ->  Nested Loop  (cost=10235.68..91081.71 rows=432 width=83) (actual time=98.154..553.287 rows=432 loops=1)
                                Join Filter: (it1.id = mi.info_type_id)
                                ->  Seq Scan on info_type it1  (cost=0.00..2.41 rows=1 width=4) (actual time=0.007..0.018 rows=1 loops=1)
                                      Filter: ((info)::text = 'genres'::text)
                                      Rows Removed by Filter: 112
                                ->  Nested Loop  (cost=10235.68..91073.90 rows=432 width=87) (actual time=98.145..553.089 rows=432 loops=1)
                                      ->  Nested Loop  (cost=10235.25..57451.99 rows=1875 width=35) (actual time=73.984..455.892 rows=1875 loops=1)
                                            ->  Hash Join  (cost=10234.82..35579.87 rows=23558 width=14) (actual time=73.970..376.359 rows=23558 loops=1)
                                                  Hash Cond: (cc.status_id = cct2.id)
                                                  ->  Hash Join  (cost=10233.76..34586.06 rows=95399 width=18) (actual time=73.808..362.440 rows=95399 loops=1)
                                                        Hash Cond: (cc.subject_id = cct1.id)
                                                        ->  Hash Join  (cost=10232.68..33592.25 rows=95399 width=22) (actual time=73.799..336.096 rows=95399 loops=1)
                                                              Hash Cond: (mi_idx.movie_id = cc.movie_id)
                                                              ->  Nested Loop  (cost=6462.25..22162.36 rows=459925 width=10) (actual time=26.222..188.425 rows=459925 loops=1)
                                                                    ->  Seq Scan on info_type it2  (cost=0.00..2.41 rows=1 width=4) (actual time=0.013..0.018 rows=1 loops=1)
                                                                          Filter: ((info)::text = 'votes'::text)
                                                                          Rows Removed by Filter: 112
                                                                    ->  Bitmap Heap Scan on movie_info_idx mi_idx  (cost=6462.25..18709.86 rows=345009 width=14) (actual time=26.205..111.794 rows=459925 loops=1)
                                                                          Recheck Cond: (info_type_id = it2.id)
                                                                          Heap Blocks: exact=7934
                                                                          ->  Bitmap Index Scan on info_type_id_movie_info_idx  (cost=0.00..6375.99 rows=345009 width=0) (actual time=24.753..24.753 rows=459925 loops=1)
                                                                                Index Cond: (info_type_id = it2.id)
                                                              ->  Hash  (cost=2081.86..2081.86 rows=135086 width=12) (actual time=47.342..47.342 rows=135086 loops=1)
                                                                    Buckets: 262144  Batches: 1  Memory Usage: 7853kB
                                                                    ->  Seq Scan on complete_cast cc  (cost=0.00..2081.86 rows=135086 width=12) (actual time=0.007..23.926 rows=135086 loops=1)
                                                        ->  Hash  (cost=1.05..1.05 rows=2 width=4) (actual time=0.004..0.004 rows=2 loops=1)
                                                              Buckets: 1024  Batches: 1  Memory Usage: 9kB
                                                              ->  Seq Scan on comp_cast_type cct1  (cost=0.00..1.05 rows=2 width=4) (actual time=0.002..0.003 rows=2 loops=1)
                                                                    Filter: ((kind)::text = ANY ('{cast,crew}'::text[]))
                                                                    Rows Removed by Filter: 2
                                                  ->  Hash  (cost=1.05..1.05 rows=1 width=4) (actual time=0.004..0.004 rows=1 loops=1)
                                                        Buckets: 1024  Batches: 1  Memory Usage: 9kB
                                                        ->  Seq Scan on comp_cast_type cct2  (cost=0.00..1.05 rows=1 width=4) (actual time=0.003..0.003 rows=1 loops=1)
                                                              Filter: ((kind)::text = 'complete+verified'::text)
                                                              Rows Removed by Filter: 3
                                            ->  Index Scan using title_pkey on title t  (cost=0.43..0.93 rows=1 width=21) (actual time=0.003..0.003 rows=0 loops=23558)
                                                  Index Cond: (id = mi_idx.movie_id)
                                                  Filter: (production_year > 2000)
                                                  Rows Removed by Filter: 1
                                      ->  Index Scan using movie_id_movie_info on movie_info mi  (cost=0.43..17.92 rows=1 width=52) (actual time=0.051..0.051 rows=0 loops=1875)
                                            Index Cond: (movie_id = t.id)
                                            Filter: (info = ANY ('{Horror,Thriller}'::text[]))
                                            Rows Removed by Filter: 126
                          ->  Index Scan using movie_id_cast_info on cast_info ci  (cost=0.56..29.45 rows=1 width=8) (actual time=0.086..0.133 rows=1 loops=432)
                                Index Cond: (movie_id = t.id)
                                Filter: (note = ANY ('{(writer),"(head writer)","(written by)",(story),"(story editor)"}'::text[]))
                                Rows Removed by Filter: 121
                    ->  Index Scan using name_pkey on name n  (cost=0.43..1.09 rows=1 width=19) (actual time=0.005..0.005 rows=1 loops=384)
                          Index Cond: (id = ci.person_id)
                          Filter: ((gender)::text = 'm'::text)
                          Rows Removed by Filter: 0
              ->  Index Scan using movie_id_movie_keyword on movie_keyword mk  (cost=0.43..1.75 rows=46 width=8) (actual time=0.006..0.032 rows=125 loops=274)
                    Index Cond: (movie_id = t.id)
        ->  Hash  (cost=3464.69..3464.69 rows=7 width=4) (actual time=39.240..39.240 rows=7 loops=1)
              Buckets: 1024  Batches: 1  Memory Usage: 9kB
              ->  Seq Scan on keyword k  (cost=0.00..3464.69 rows=7 width=4) (actual time=1.092..39.235 rows=7 loops=1)
                    Filter: (keyword = ANY ('{murder,violence,blood,gore,death,female-nudity,hospital}'::text[]))
                    Rows Removed by Filter: 134163
Planning time: 70.450 ms
Execution time: 671.104 ms
