Aggregate  (cost=95266.13..95266.14 rows=1 width=128) (actual time=712.060..712.060 rows=1 loops=1)
  ->  Nested Loop  (cost=13701.89..95266.12 rows=1 width=82) (actual time=173.303..711.038 rows=757 loops=1)
        ->  Nested Loop  (cost=13701.46..95265.03 rows=1 width=71) (actual time=173.291..707.049 rows=1021 loops=1)
              Join Filter: (t.id = ci.movie_id)
              ->  Hash Join  (cost=13700.89..95177.84 rows=3 width=87) (actual time=173.232..593.839 rows=1161 loops=1)
                    Hash Cond: (mk.keyword_id = k.id)
                    ->  Nested Loop  (cost=10236.12..91062.11 rows=51561 width=91) (actual time=96.389..549.199 rows=51561 loops=1)
                          ->  Nested Loop  (cost=10235.68..90108.48 rows=432 width=83) (actual time=96.375..524.224 rows=432 loops=1)
                                Join Filter: (it1.id = mi.info_type_id)
                                ->  Seq Scan on info_type it1  (cost=0.00..2.41 rows=1 width=4) (actual time=0.008..0.019 rows=1 loops=1)
                                      Filter: ((info)::text = 'genres'::text)
                                      Rows Removed by Filter: 112
                                ->  Nested Loop  (cost=10235.68..90100.67 rows=432 width=87) (actual time=96.365..524.028 rows=432 loops=1)
                                      ->  Hash Join  (cost=10235.25..56478.76 rows=1875 width=35) (actual time=74.031..426.928 rows=1875 loops=1)
                                            Hash Cond: (cc.subject_id = cct1.id)
                                            ->  Nested Loop  (cost=10234.17..56458.17 rows=1875 width=39) (actual time=74.019..426.089 rows=1875 loops=1)
                                                  ->  Hash Join  (cost=10233.74..34586.05 rows=23558 width=18) (actual time=74.007..347.529 rows=23558 loops=1)
                                                        Hash Cond: (cc.status_id = cct2.id)
                                                        ->  Hash Join  (cost=10232.68..33592.25 rows=95399 width=22) (actual time=73.895..333.277 rows=95399 loops=1)
                                                              Hash Cond: (mi_idx.movie_id = cc.movie_id)
                                                              ->  Nested Loop  (cost=6462.25..22162.36 rows=459925 width=10) (actual time=26.268..187.599 rows=459925 loops=1)
                                                                    ->  Seq Scan on info_type it2  (cost=0.00..2.41 rows=1 width=4) (actual time=0.014..0.018 rows=1 loops=1)
                                                                          Filter: ((info)::text = 'votes'::text)
                                                                          Rows Removed by Filter: 112
                                                                    ->  Bitmap Heap Scan on movie_info_idx mi_idx  (cost=6462.25..18709.86 rows=345009 width=14) (actual time=26.250..111.337 rows=459925 loops=1)
                                                                          Recheck Cond: (info_type_id = it2.id)
                                                                          Heap Blocks: exact=7934
                                                                          ->  Bitmap Index Scan on info_type_id_movie_info_idx  (cost=0.00..6375.99 rows=345009 width=0) (actual time=24.796..24.796 rows=459925 loops=1)
                                                                                Index Cond: (info_type_id = it2.id)
                                                              ->  Hash  (cost=2081.86..2081.86 rows=135086 width=12) (actual time=47.383..47.383 rows=135086 loops=1)
                                                                    Buckets: 262144  Batches: 1  Memory Usage: 7853kB
                                                                    ->  Seq Scan on complete_cast cc  (cost=0.00..2081.86 rows=135086 width=12) (actual time=0.007..23.895 rows=135086 loops=1)
                                                        ->  Hash  (cost=1.05..1.05 rows=1 width=4) (actual time=0.003..0.003 rows=1 loops=1)
                                                              Buckets: 1024  Batches: 1  Memory Usage: 9kB
                                                              ->  Seq Scan on comp_cast_type cct2  (cost=0.00..1.05 rows=1 width=4) (actual time=0.002..0.002 rows=1 loops=1)
                                                                    Filter: ((kind)::text = 'complete+verified'::text)
                                                                    Rows Removed by Filter: 3
                                                  ->  Index Scan using title_pkey on title t  (cost=0.43..0.93 rows=1 width=21) (actual time=0.003..0.003 rows=0 loops=23558)
                                                        Index Cond: (id = mi_idx.movie_id)
                                                        Filter: (production_year > 2000)
                                                        Rows Removed by Filter: 1
                                            ->  Hash  (cost=1.05..1.05 rows=2 width=4) (actual time=0.005..0.005 rows=2 loops=1)
                                                  Buckets: 1024  Batches: 1  Memory Usage: 9kB
                                                  ->  Seq Scan on comp_cast_type cct1  (cost=0.00..1.05 rows=2 width=4) (actual time=0.003..0.004 rows=2 loops=1)
                                                        Filter: ((kind)::text = ANY ('{cast,crew}'::text[]))
                                                        Rows Removed by Filter: 2
                                      ->  Index Scan using movie_id_movie_info on movie_info mi  (cost=0.43..17.92 rows=1 width=52) (actual time=0.051..0.051 rows=0 loops=1875)
                                            Index Cond: (movie_id = t.id)
                                            Filter: (info = ANY ('{Horror,Thriller}'::text[]))
                                            Rows Removed by Filter: 126
                          ->  Index Scan using movie_id_movie_keyword on movie_keyword mk  (cost=0.43..1.75 rows=46 width=8) (actual time=0.006..0.034 rows=119 loops=432)
                                Index Cond: (movie_id = t.id)
                    ->  Hash  (cost=3464.69..3464.69 rows=7 width=4) (actual time=39.120..39.120 rows=7 loops=1)
                          Buckets: 1024  Batches: 1  Memory Usage: 9kB
                          ->  Seq Scan on keyword k  (cost=0.00..3464.69 rows=7 width=4) (actual time=1.072..39.116 rows=7 loops=1)
                                Filter: (keyword = ANY ('{murder,violence,blood,gore,death,female-nudity,hospital}'::text[]))
                                Rows Removed by Filter: 134163
              ->  Index Scan using movie_id_cast_info on cast_info ci  (cost=0.56..29.05 rows=1 width=8) (actual time=0.062..0.097 rows=1 loops=1161)
                    Index Cond: (movie_id = mk.movie_id)
                    Filter: (note = ANY ('{(writer),"(head writer)","(written by)",(story),"(story editor)"}'::text[]))
                    Rows Removed by Filter: 126
        ->  Index Scan using name_pkey on name n  (cost=0.43..1.09 rows=1 width=19) (actual time=0.003..0.003 rows=1 loops=1021)
              Index Cond: (id = ci.person_id)
              Filter: ((gender)::text = 'm'::text)
              Rows Removed by Filter: 0
Planning time: 70.201 ms
Execution time: 712.207 ms
