Aggregate  (cost=3746.77..3746.78 rows=1 width=96) (actual time=12.917..12.918 rows=1 loops=1)
  ->  Nested Loop  (cost=7.91..3746.77 rows=0 width=46) (actual time=12.916..12.916 rows=0 loops=1)
        ->  Nested Loop  (cost=7.48..3742.30 rows=0 width=33) (actual time=12.916..12.916 rows=0 loops=1)
              Join Filter: (ml.link_type_id = lt.id)
              ->  Nested Loop  (cost=7.48..3740.89 rows=0 width=25) (actual time=12.915..12.915 rows=0 loops=1)
                    ->  Nested Loop  (cost=7.20..3740.47 rows=1 width=25) (actual time=12.636..12.912 rows=1 loops=1)
                          ->  Nested Loop  (cost=6.77..3739.98 rows=1 width=4) (actual time=12.630..12.906 rows=1 loops=1)
                                ->  Seq Scan on keyword k  (cost=0.00..2626.12 rows=1 width=4) (actual time=12.619..12.894 rows=1 loops=1)
                                      Filter: (keyword = '10,000-mile-club'::text)
                                      Rows Removed by Filter: 134169
                                ->  Bitmap Heap Scan on movie_keyword mk  (cost=6.77..1110.84 rows=301 width=8) (actual time=0.008..0.009 rows=1 loops=1)
                                      Recheck Cond: (keyword_id = k.id)
                                      Heap Blocks: exact=1
                                      ->  Bitmap Index Scan on keyword_id_movie_keyword  (cost=0.00..6.69 rows=301 width=0) (actual time=0.005..0.005 rows=1 loops=1)
                                            Index Cond: (keyword_id = k.id)
                          ->  Index Scan using title_pkey on title t1  (cost=0.43..0.49 rows=1 width=21) (actual time=0.005..0.005 rows=1 loops=1)
                                Index Cond: (id = mk.movie_id)
                    ->  Index Scan using movie_id_movie_link on movie_link ml  (cost=0.29..0.38 rows=5 width=12) (actual time=0.002..0.002 rows=0 loops=1)
                          Index Cond: (movie_id = t1.id)
              ->  Seq Scan on link_type lt  (cost=0.00..1.18 rows=18 width=16) (never executed)
        ->  Index Scan using title_pkey on title t2  (cost=0.43..4.47 rows=1 width=21) (never executed)
              Index Cond: (id = ml.linked_movie_id)
Planning time: 1.629 ms
Execution time: 12.973 ms
