Aggregate  (cost=3807.77..3807.78 rows=1 width=96) (actual time=12.907..12.907 rows=1 loops=1)
  ->  Nested Loop  (cost=7.91..3807.69 rows=10 width=46) (actual time=12.905..12.905 rows=0 loops=1)
        ->  Nested Loop  (cost=7.48..3762.99 rows=10 width=33) (actual time=12.905..12.905 rows=0 loops=1)
              ->  Nested Loop  (cost=7.05..3758.12 rows=10 width=24) (actual time=12.905..12.905 rows=0 loops=1)
                    Join Filter: (ml.link_type_id = lt.id)
                    ->  Nested Loop  (cost=7.05..3754.44 rows=10 width=16) (actual time=12.905..12.905 rows=0 loops=1)
                          ->  Nested Loop  (cost=6.77..3739.98 rows=34 width=4) (actual time=12.624..12.900 rows=1 loops=1)
                                ->  Seq Scan on keyword k  (cost=0.00..2626.12 rows=1 width=4) (actual time=12.613..12.888 rows=1 loops=1)
                                      Filter: (keyword = '10,000-mile-club'::text)
                                      Rows Removed by Filter: 134169
                                ->  Bitmap Heap Scan on movie_keyword mk  (cost=6.77..1110.84 rows=301 width=8) (actual time=0.008..0.009 rows=1 loops=1)
                                      Recheck Cond: (keyword_id = k.id)
                                      Heap Blocks: exact=1
                                      ->  Bitmap Index Scan on keyword_id_movie_keyword  (cost=0.00..6.69 rows=301 width=0) (actual time=0.005..0.005 rows=1 loops=1)
                                            Index Cond: (keyword_id = k.id)
                          ->  Index Scan using movie_id_movie_link on movie_link ml  (cost=0.29..0.38 rows=5 width=12) (actual time=0.003..0.003 rows=0 loops=1)
                                Index Cond: (movie_id = mk.movie_id)
                    ->  Materialize  (cost=0.00..1.27 rows=18 width=16) (never executed)
                          ->  Seq Scan on link_type lt  (cost=0.00..1.18 rows=18 width=16) (never executed)
              ->  Index Scan using title_pkey on title t1  (cost=0.43..0.49 rows=1 width=21) (never executed)
                    Index Cond: (id = mk.movie_id)
        ->  Index Scan using title_pkey on title t2  (cost=0.43..4.47 rows=1 width=21) (never executed)
              Index Cond: (id = ml.linked_movie_id)
Planning time: 1.600 ms
Execution time: 12.963 ms
