Aggregate  (cost=3746.77..3746.78 rows=1 width=96) (actual time=12.913..12.913 rows=1 loops=1)
  ->  Nested Loop  (cost=7.91..3746.77 rows=1 width=46) (actual time=12.911..12.911 rows=0 loops=1)
        ->  Nested Loop  (cost=7.48..3742.30 rows=1 width=33) (actual time=12.911..12.911 rows=0 loops=1)
              ->  Nested Loop  (cost=7.05..3741.81 rows=1 width=24) (actual time=12.911..12.911 rows=0 loops=1)
                    Join Filter: (ml.link_type_id = lt.id)
                    ->  Nested Loop  (cost=7.05..3740.40 rows=1 width=16) (actual time=12.910..12.910 rows=0 loops=1)
                          ->  Nested Loop  (cost=6.77..3739.98 rows=1 width=4) (actual time=12.630..12.906 rows=1 loops=1)
                                ->  Seq Scan on keyword k  (cost=0.00..2626.12 rows=1 width=4) (actual time=12.618..12.894 rows=1 loops=1)
                                      Filter: (keyword = '10,000-mile-club'::text)
                                      Rows Removed by Filter: 134169
                                ->  Bitmap Heap Scan on movie_keyword mk  (cost=6.77..1110.84 rows=301 width=8) (actual time=0.009..0.009 rows=1 loops=1)
                                      Recheck Cond: (keyword_id = k.id)
                                      Heap Blocks: exact=1
                                      ->  Bitmap Index Scan on keyword_id_movie_keyword  (cost=0.00..6.69 rows=301 width=0) (actual time=0.006..0.006 rows=1 loops=1)
                                            Index Cond: (keyword_id = k.id)
                          ->  Index Scan using movie_id_movie_link on movie_link ml  (cost=0.29..0.38 rows=5 width=12) (actual time=0.003..0.003 rows=0 loops=1)
                                Index Cond: (movie_id = mk.movie_id)
                    ->  Seq Scan on link_type lt  (cost=0.00..1.18 rows=18 width=16) (never executed)
              ->  Index Scan using title_pkey on title t1  (cost=0.43..0.49 rows=1 width=21) (never executed)
                    Index Cond: (id = mk.movie_id)
        ->  Index Scan using title_pkey on title t2  (cost=0.43..4.47 rows=1 width=21) (never executed)
              Index Cond: (id = ml.linked_movie_id)
Planning time: 1.667 ms
Execution time: 12.968 ms
