Aggregate  (cost=9445428.21..9445428.22 rows=1 width=96) (actual time=228.331..228.331 rows=1 loops=1)
  ->  Hash Join  (cost=10251.01..33813.99 rows=1254881896 width=46) (actual time=154.605..225.084 rows=4388 loops=1)
        Hash Cond: (ml.link_type_id = lt.id)
        ->  Nested Loop  (cost=10249.60..33759.35 rows=4388 width=38) (actual time=154.584..223.284 rows=4388 loops=1)
              ->  Hash Join  (cost=10249.17..14144.25 rows=4388 width=25) (actual time=154.562..204.573 rows=4388 loops=1)
                    Hash Cond: (mk.movie_id = t1.id)
                    ->  Nested Loop  (cost=6.77..3739.98 rows=41840 width=4) (actual time=6.482..49.416 rows=41840 loops=1)
                          ->  Seq Scan on keyword k  (cost=0.00..2626.12 rows=1 width=4) (actual time=0.627..14.540 rows=1 loops=1)
                                Filter: (keyword = 'character-name-in-title'::text)
                                Rows Removed by Filter: 134169
                          ->  Bitmap Heap Scan on movie_keyword mk  (cost=6.77..1110.84 rows=301 width=8) (actual time=5.851..29.058 rows=41840 loops=1)
                                Recheck Cond: (keyword_id = k.id)
                                Heap Blocks: exact=11541
                                ->  Bitmap Index Scan on keyword_id_movie_keyword  (cost=0.00..6.69 rows=301 width=0) (actual time=3.706..3.706 rows=41840 loops=1)
                                      Index Cond: (keyword_id = k.id)
                    ->  Hash  (cost=9867.45..9867.45 rows=29997 width=33) (actual time=148.031..148.031 rows=29997 loops=1)
                          Buckets: 32768  Batches: 1  Memory Usage: 2307kB
                          ->  Merge Join  (cost=0.99..9867.45 rows=29997 width=33) (actual time=0.017..140.489 rows=29997 loops=1)
                                Merge Cond: (ml.movie_id = t1.id)
                                ->  Index Scan using movie_id_movie_link on movie_link ml  (cost=0.29..959.51 rows=29997 width=12) (actual time=0.009..7.268 rows=29997 loops=1)
                                ->  Index Scan using title_pkey on title t1  (cost=0.43..110309.25 rows=2528312 width=21) (actual time=0.004..106.427 rows=186175 loops=1)
              ->  Index Scan using title_pkey on title t2  (cost=0.43..4.47 rows=1 width=21) (actual time=0.004..0.004 rows=1 loops=4388)
                    Index Cond: (id = ml.linked_movie_id)
        ->  Hash  (cost=1.18..1.18 rows=18 width=16) (actual time=0.015..0.015 rows=18 loops=1)
              Buckets: 1024  Batches: 1  Memory Usage: 9kB
              ->  Seq Scan on link_type lt  (cost=0.00..1.18 rows=18 width=16) (actual time=0.006..0.009 rows=18 loops=1)
Planning time: 1.627 ms
Execution time: 228.417 ms
