Aggregate  (cost=9519830.53..9519830.54 rows=1 width=96) (actual time=1427.622..1427.622 rows=1 loops=1)
  ->  Hash Join  (cost=97152.34..108216.31 rows=1254881896 width=46) (actual time=1258.446..1424.778 rows=4388 loops=1)
        Hash Cond: (t1.id = mk.movie_id)
        ->  Hash Join  (cost=92889.36..103498.45 rows=29995 width=54) (actual time=1196.488..1362.247 rows=29997 loops=1)
              Hash Cond: (ml.linked_movie_id = t2.id)
              ->  Hash Join  (cost=2.40..10232.78 rows=29997 width=41) (actual time=0.064..151.296 rows=29997 loops=1)
                    Hash Cond: (ml.link_type_id = lt.id)
                    ->  Merge Join  (cost=0.99..9867.45 rows=29997 width=33) (actual time=0.031..143.005 rows=29997 loops=1)
                          Merge Cond: (ml.movie_id = t1.id)
                          ->  Index Scan using movie_id_movie_link on movie_link ml  (cost=0.29..959.51 rows=29997 width=12) (actual time=0.013..7.692 rows=29997 loops=1)
                          ->  Index Scan using title_pkey on title t1  (cost=0.43..110309.25 rows=2528312 width=21) (actual time=0.013..108.691 rows=186175 loops=1)
                    ->  Hash  (cost=1.18..1.18 rows=18 width=16) (actual time=0.017..0.017 rows=18 loops=1)
                          Buckets: 1024  Batches: 1  Memory Usage: 9kB
                          ->  Seq Scan on link_type lt  (cost=0.00..1.18 rows=18 width=16) (actual time=0.006..0.009 rows=18 loops=1)
              ->  Hash  (cost=61283.06..61283.06 rows=2528312 width=21) (actual time=1186.027..1186.027 rows=2528312 loops=1)
                    Buckets: 4194304  Batches: 1  Memory Usage: 168637kB
                    ->  Seq Scan on title t2  (cost=0.00..61283.06 rows=2528312 width=21) (actual time=0.016..453.966 rows=2528312 loops=1)
        ->  Hash  (cost=3739.98..3739.98 rows=41840 width=4) (actual time=57.269..57.269 rows=41840 loops=1)
              Buckets: 65536  Batches: 1  Memory Usage: 1983kB
              ->  Nested Loop  (cost=6.77..3739.98 rows=41840 width=4) (actual time=6.516..50.203 rows=41840 loops=1)
                    ->  Seq Scan on keyword k  (cost=0.00..2626.12 rows=1 width=4) (actual time=0.622..14.551 rows=1 loops=1)
                          Filter: (keyword = 'character-name-in-title'::text)
                          Rows Removed by Filter: 134169
                    ->  Bitmap Heap Scan on movie_keyword mk  (cost=6.77..1110.84 rows=301 width=8) (actual time=5.891..29.452 rows=41840 loops=1)
                          Recheck Cond: (keyword_id = k.id)
                          Heap Blocks: exact=11541
                          ->  Bitmap Index Scan on keyword_id_movie_keyword  (cost=0.00..6.69 rows=301 width=0) (actual time=3.758..3.758 rows=41840 loops=1)
                                Index Cond: (keyword_id = k.id)
Planning time: 1.921 ms
Execution time: 1428.587 ms
