Aggregate  (cost=9863.88..9863.89 rows=1 width=192) (actual time=28.051..28.051 rows=1 loops=1)
  ->  Nested Loop  (cost=42.51..9863.86 rows=1 width=84) (actual time=1.740..28.036 rows=8 loops=1)
        ->  Nested Loop  (cost=42.37..9863.68 rows=1 width=88) (actual time=1.671..27.996 rows=24 loops=1)
              ->  Nested Loop  (cost=42.23..9863.51 rows=1 width=92) (actual time=1.668..27.956 rows=24 loops=1)
                    ->  Nested Loop  (cost=41.81..9863.06 rows=1 width=77) (actual time=1.664..27.887 rows=24 loops=1)
                          Join Filter: (t2.id = mc2.movie_id)
                          ->  Nested Loop  (cost=41.38..9862.32 rows=1 width=85) (actual time=1.660..27.853 rows=6 loops=1)
                                Join Filter: (mi_idx2.info_type_id = it2.id)
                                Rows Removed by Join Filter: 627
                                ->  Seq Scan on info_type it2  (cost=0.00..2.41 rows=1 width=4) (actual time=0.015..0.016 rows=1 loops=1)
                                      Filter: ((info)::text = 'rating'::text)
                                      Rows Removed by Filter: 112
                                ->  Nested Loop  (cost=41.38..9858.67 rows=99 width=89) (actual time=0.958..27.760 rows=633 loops=1)
                                      Join Filter: (kt1.id = t1.kind_id)
                                      Rows Removed by Join Filter: 60
                                      ->  Seq Scan on kind_type kt1  (cost=0.00..1.09 rows=1 width=4) (actual time=0.002..0.003 rows=1 loops=1)
                                            Filter: ((kind)::text = 'tv series'::text)
                                            Rows Removed by Filter: 6
                                      ->  Nested Loop  (cost=41.38..9848.92 rows=693 width=93) (actual time=0.955..27.571 rows=693 loops=1)
                                            Join Filter: (ml.movie_id = t1.id)
                                            ->  Nested Loop  (cost=40.95..9482.35 rows=693 width=84) (actual time=0.952..25.864 rows=693 loops=1)
                                                  Join Filter: (ml.movie_id = mi_idx1.movie_id)
                                                  ->  Nested Loop  (cost=40.53..9354.90 rows=238 width=70) (actual time=0.947..24.894 rows=238 loops=1)
                                                        ->  Nested Loop  (cost=40.11..8637.02 rows=1610 width=55) (actual time=0.213..20.692 rows=1610 loops=1)
                                                              ->  Nested Loop  (cost=39.68..7414.33 rows=308 width=47) (actual time=0.208..19.028 rows=308 loops=1)
                                                                    Join Filter: (ml.linked_movie_id = t2.id)
                                                                    ->  Nested Loop  (cost=39.25..5240.56 rows=2944 width=22) (actual time=0.089..10.660 rows=2944 loops=1)
                                                                          ->  Nested Loop  (cost=38.82..470.30 rows=2315 width=8) (actual time=0.080..1.241 rows=2315 loops=1)
                                                                                ->  Seq Scan on link_type lt  (cost=0.00..1.25 rows=2 width=4) (actual time=0.003..0.008 rows=2 loops=1)
                                                                                      Filter: ((link)::text = ANY ('{sequel,follows,"followed by"}'::text[]))
                                                                                      Rows Removed by Filter: 16
                                                                                ->  Bitmap Heap Scan on movie_link ml  (cost=38.82..215.78 rows=1875 width=12) (actual time=0.073..0.396 rows=1158 loops=2)
                                                                                      Recheck Cond: (link_type_id = lt.id)
                                                                                      Heap Blocks: exact=191
                                                                                      ->  Bitmap Index Scan on link_type_id_movie_link  (cost=0.00..38.35 rows=1875 width=0) (actual time=0.058..0.058 rows=1158 loops=2)
                                                                                            Index Cond: (link_type_id = lt.id)
                                                                          ->  Index Scan using movie_id_movie_info_idx on movie_info_idx mi_idx2  (cost=0.43..2.05 rows=1 width=14) (actual time=0.003..0.004 rows=1 loops=2315)
                                                                                Index Cond: (movie_id = ml.linked_movie_id)
                                                                                Filter: (info < '3.0'::text)
                                                                                Rows Removed by Filter: 1
                                                                    ->  Index Scan using title_pkey on title t2  (cost=0.43..0.73 rows=1 width=25) (actual time=0.002..0.002 rows=0 loops=2944)
                                                                          Index Cond: (id = mi_idx2.movie_id)
                                                                          Filter: ((production_year >= 2005) AND (production_year <= 2008))
                                                                          Rows Removed by Filter: 1
                                                              ->  Index Scan using movie_id_movie_companies on movie_companies mc1  (cost=0.43..3.92 rows=5 width=8) (actual time=0.002..0.004 rows=5 loops=308)
                                                                    Index Cond: (movie_id = ml.movie_id)
                                                        ->  Index Scan using company_name_pkey on company_name cn1  (cost=0.42..0.45 rows=1 width=23) (actual time=0.002..0.002 rows=0 loops=1610)
                                                              Index Cond: (id = mc1.company_id)
                                                              Filter: ((country_code)::text = '[us]'::text)
                                                              Rows Removed by Filter: 1
                                                  ->  Index Scan using movie_id_movie_info_idx on movie_info_idx mi_idx1  (cost=0.43..0.50 rows=3 width=14) (actual time=0.002..0.003 rows=3 loops=238)
                                                        Index Cond: (movie_id = mc1.movie_id)
                                            ->  Index Scan using title_pkey on title t1  (cost=0.43..0.52 rows=1 width=25) (actual time=0.002..0.002 rows=1 loops=693)
                                                  Index Cond: (id = mc1.movie_id)
                          ->  Index Scan using movie_id_movie_companies on movie_companies mc2  (cost=0.43..0.68 rows=5 width=8) (actual time=0.002..0.004 rows=4 loops=6)
                                Index Cond: (movie_id = mi_idx2.movie_id)
                    ->  Index Scan using company_name_pkey on company_name cn2  (cost=0.42..0.44 rows=1 width=23) (actual time=0.002..0.002 rows=1 loops=24)
                          Index Cond: (id = mc2.company_id)
              ->  Index Scan using kind_type_pkey on kind_type kt2  (cost=0.13..0.15 rows=1 width=4) (actual time=0.001..0.001 rows=1 loops=24)
                    Index Cond: (id = t2.kind_id)
                    Filter: ((kind)::text = 'tv series'::text)
        ->  Index Scan using info_type_pkey on info_type it1  (cost=0.14..0.16 rows=1 width=4) (actual time=0.001..0.001 rows=0 loops=24)
              Index Cond: (id = mi_idx1.info_type_id)
              Filter: ((info)::text = 'rating'::text)
              Rows Removed by Filter: 1
Planning time: 89.372 ms
Execution time: 28.174 ms
