Aggregate  (cost=3892.67..3892.68 rows=1 width=192) (actual time=59.051..59.051 rows=1 loops=1)
  ->  Nested Loop  (cost=923.56..3892.65 rows=1 width=84) (actual time=11.806..59.036 rows=8 loops=1)
        ->  Nested Loop  (cost=923.42..3892.47 rows=1 width=88) (actual time=2.115..57.785 rows=815 loops=1)
              ->  Nested Loop  (cost=923.00..3892.02 rows=1 width=73) (actual time=2.107..51.291 rows=2647 loops=1)
                    ->  Nested Loop  (cost=922.57..3891.41 rows=1 width=81) (actual time=2.103..49.012 rows=407 loops=1)
                          ->  Nested Loop  (cost=922.15..3890.97 rows=1 width=66) (actual time=2.099..47.880 rows=407 loops=1)
                                Join Filter: (t2.id = mc2.movie_id)
                                ->  Nested Loop  (cost=921.72..3890.23 rows=1 width=74) (actual time=2.094..47.323 rows=95 loops=1)
                                      Join Filter: ((ml.linked_movie_id = t2.id) AND (kt2.id = t2.kind_id))
                                      Rows Removed by Join Filter: 45
                                      ->  Nested Loop  (cost=921.29..3870.29 rows=27 width=57) (actual time=1.582..42.638 rows=1609 loops=1)
                                            Join Filter: (kt1.id = t1.kind_id)
                                            Rows Removed by Join Filter: 1177
                                            ->  Nested Loop  (cost=921.29..3865.30 rows=187 width=57) (actual time=1.576..40.903 rows=2786 loops=1)
                                                  Join Filter: (ml.movie_id = t1.id)
                                                  ->  Nested Loop  (cost=920.86..3754.89 rows=187 width=32) (actual time=1.571..33.180 rows=2786 loops=1)
                                                        ->  Nested Loop  (cost=920.43..3484.96 rows=131 width=18) (actual time=1.562..23.793 rows=2064 loops=1)
                                                              Join Filter: (mi_idx1.info_type_id = it1.id)
                                                              Rows Removed by Join Filter: 4128
                                                              ->  Merge Join  (cost=920.43..3260.42 rows=14808 width=22) (actual time=1.539..21.348 rows=6192 loops=1)
                                                                    Merge Cond: (mi_idx1.movie_id = ml.movie_id)
                                                                    ->  Index Scan using movie_id_movie_info_idx on movie_info_idx mi_idx1  (cost=0.43..43810.54 rows=1380035 width=14) (actual time=0.009..10.987 rows=63901 loops=1)
                                                                    ->  Sort  (cost=919.92..932.42 rows=5000 width=8) (actual time=1.501..2.149 rows=6443 loops=1)
                                                                          Sort Key: ml.movie_id
                                                                          Sort Method: quicksort  Memory: 205kB
                                                                          ->  Nested Loop  (cost=37.49..612.73 rows=5000 width=8) (actual time=0.083..1.016 rows=2315 loops=1)
                                                                                ->  Seq Scan on link_type lt  (cost=0.00..1.25 rows=3 width=4) (actual time=0.005..0.010 rows=2 loops=1)
                                                                                      Filter: ((link)::text = ANY ('{sequel,follows,"followed by"}'::text[]))
                                                                                      Rows Removed by Filter: 16
                                                                                ->  Bitmap Heap Scan on movie_link ml  (cost=37.49..185.08 rows=1875 width=12) (actual time=0.074..0.322 rows=1158 loops=2)
                                                                                      Recheck Cond: (link_type_id = lt.id)
                                                                                      Heap Blocks: exact=191
                                                                                      ->  Bitmap Index Scan on link_type_id_movie_link  (cost=0.00..37.02 rows=1875 width=0) (actual time=0.060..0.060 rows=1158 loops=2)
                                                                                            Index Cond: (link_type_id = lt.id)
                                                              ->  Materialize  (cost=0.00..2.42 rows=1 width=4) (actual time=0.000..0.000 rows=1 loops=6192)
                                                                    ->  Seq Scan on info_type it1  (cost=0.00..2.41 rows=1 width=4) (actual time=0.013..0.015 rows=1 loops=1)
                                                                          Filter: ((info)::text = 'rating'::text)
                                                                          Rows Removed by Filter: 112
                                                        ->  Index Scan using movie_id_movie_info_idx on movie_info_idx mi_idx2  (cost=0.43..2.05 rows=1 width=14) (actual time=0.003..0.004 rows=1 loops=2064)
                                                              Index Cond: (movie_id = ml.linked_movie_id)
                                                              Filter: (info < '3.0'::text)
                                                              Rows Removed by Filter: 1
                                                  ->  Index Scan using title_pkey on title t1  (cost=0.43..0.58 rows=1 width=25) (actual time=0.002..0.002 rows=1 loops=2786)
                                                        Index Cond: (id = mi_idx1.movie_id)
                                            ->  Materialize  (cost=0.00..2.19 rows=1 width=8) (actual time=0.000..0.000 rows=1 loops=2786)
                                                  ->  Nested Loop  (cost=0.00..2.18 rows=1 width=8) (actual time=0.004..0.006 rows=1 loops=1)
                                                        ->  Seq Scan on kind_type kt2  (cost=0.00..1.09 rows=1 width=4) (actual time=0.002..0.003 rows=1 loops=1)
                                                              Filter: ((kind)::text = 'tv series'::text)
                                                              Rows Removed by Filter: 6
                                                        ->  Seq Scan on kind_type kt1  (cost=0.00..1.09 rows=1 width=4) (actual time=0.001..0.002 rows=1 loops=1)
                                                              Filter: ((kind)::text = 'tv series'::text)
                                                              Rows Removed by Filter: 6
                                      ->  Index Scan using title_pkey on title t2  (cost=0.43..0.72 rows=1 width=25) (actual time=0.003..0.003 rows=0 loops=1609)
                                            Index Cond: (id = mi_idx2.movie_id)
                                            Filter: ((production_year >= 2005) AND (production_year <= 2008))
                                            Rows Removed by Filter: 1
                                ->  Index Scan using movie_id_movie_companies on movie_companies mc2  (cost=0.43..0.67 rows=5 width=8) (actual time=0.003..0.004 rows=4 loops=95)
                                      Index Cond: (movie_id = mi_idx2.movie_id)
                          ->  Index Scan using company_name_pkey on company_name cn2  (cost=0.42..0.44 rows=1 width=23) (actual time=0.002..0.002 rows=1 loops=407)
                                Index Cond: (id = mc2.company_id)
                    ->  Index Scan using movie_id_movie_companies on movie_companies mc1  (cost=0.43..0.56 rows=5 width=8) (actual time=0.002..0.004 rows=7 loops=407)
                          Index Cond: (movie_id = t1.id)
              ->  Index Scan using company_name_pkey on company_name cn1  (cost=0.42..0.45 rows=1 width=23) (actual time=0.002..0.002 rows=0 loops=2647)
                    Index Cond: (id = mc1.company_id)
                    Filter: ((country_code)::text = '[us]'::text)
                    Rows Removed by Filter: 1
        ->  Index Scan using info_type_pkey on info_type it2  (cost=0.14..0.16 rows=1 width=4) (actual time=0.001..0.001 rows=0 loops=815)
              Index Cond: (id = mi_idx2.info_type_id)
              Filter: ((info)::text = 'rating'::text)
              Rows Removed by Filter: 1
Planning time: 89.221 ms
Execution time: 59.175 ms
