Aggregate  (cost=3486.06..3486.07 rows=1 width=192) (actual time=35.526..35.526 rows=1 loops=1)
  ->  Nested Loop  (cost=668.93..3486.05 rows=1 width=84) (actual time=6.189..35.510 rows=8 loops=1)
        Join Filter: ((ml.movie_id = t1.id) AND (kt1.id = t1.kind_id))
        ->  Nested Loop  (cost=668.50..3485.51 rows=1 width=83) (actual time=6.183..35.486 rows=8 loops=1)
              ->  Nested Loop  (cost=668.36..3485.33 rows=1 width=87) (actual time=1.896..34.273 rows=815 loops=1)
                    ->  Nested Loop  (cost=667.94..3484.89 rows=1 width=72) (actual time=1.893..32.173 rows=815 loops=1)
                          Join Filter: (t2.id = mc2.movie_id)
                          ->  Nested Loop  (cost=667.51..3484.15 rows=1 width=80) (actual time=1.888..31.443 rows=96 loops=1)
                                ->  Nested Loop  (cost=667.08..3481.14 rows=5 width=66) (actual time=1.882..31.138 rows=58 loops=1)
                                      ->  Nested Loop  (cost=666.66..3475.34 rows=13 width=51) (actual time=1.874..30.392 rows=265 loops=1)
                                            Join Filter: (ml.movie_id = mc1.movie_id)
                                            ->  Nested Loop  (cost=666.23..3474.03 rows=2 width=43) (actual time=1.868..29.991 rows=71 loops=1)
                                                  ->  Nested Loop  (cost=666.23..3472.92 rows=2 width=39) (actual time=1.864..29.939 rows=71 loops=1)
                                                        Join Filter: (t2.kind_id = kt2.id)
                                                        Rows Removed by Join Filter: 139
                                                        ->  Nested Loop  (cost=666.23..3471.60 rows=15 width=43) (actual time=1.572..29.827 rows=210 loops=1)
                                                              ->  Nested Loop  (cost=665.80..3082.26 rows=87 width=18) (actual time=1.564..23.452 rows=2064 loops=1)
                                                                    Join Filter: (it1.id = mi_idx1.info_type_id)
                                                                    Rows Removed by Join Filter: 4128
                                                                    ->  Merge Join  (cost=665.80..2931.78 rows=9871 width=22) (actual time=1.541..21.118 rows=6192 loops=1)
                                                                          Merge Cond: (mi_idx1.movie_id = ml.movie_id)
                                                                          ->  Index Scan using movie_id_movie_info_idx on movie_info_idx mi_idx1  (cost=0.43..43810.54 rows=1380035 width=14) (actual time=0.009..10.958 rows=63901 loops=1)
                                                                          ->  Sort  (cost=665.32..673.65 rows=3333 width=8) (actual time=1.503..2.131 rows=6443 loops=1)
                                                                                Sort Key: ml.movie_id
                                                                                Sort Method: quicksort  Memory: 205kB
                                                                                ->  Nested Loop  (cost=38.82..470.30 rows=3333 width=8) (actual time=0.084..1.018 rows=2315 loops=1)
                                                                                      ->  Seq Scan on link_type lt  (cost=0.00..1.25 rows=2 width=4) (actual time=0.005..0.010 rows=2 loops=1)
                                                                                            Filter: ((link)::text = ANY ('{sequel,follows,"followed by"}'::text[]))
                                                                                            Rows Removed by Filter: 16
                                                                                      ->  Bitmap Heap Scan on movie_link ml  (cost=38.82..215.78 rows=1875 width=12) (actual time=0.074..0.320 rows=1158 loops=2)
                                                                                            Recheck Cond: (link_type_id = lt.id)
                                                                                            Heap Blocks: exact=191
                                                                                            ->  Bitmap Index Scan on link_type_id_movie_link  (cost=0.00..38.35 rows=1875 width=0) (actual time=0.059..0.059 rows=1158 loops=2)
                                                                                                  Index Cond: (link_type_id = lt.id)
                                                                    ->  Materialize  (cost=0.00..2.42 rows=1 width=4) (actual time=0.000..0.000 rows=1 loops=6192)
                                                                          ->  Seq Scan on info_type it1  (cost=0.00..2.41 rows=1 width=4) (actual time=0.013..0.014 rows=1 loops=1)
                                                                                Filter: ((info)::text = 'rating'::text)
                                                                                Rows Removed by Filter: 112
                                                              ->  Index Scan using title_pkey on title t2  (cost=0.43..4.48 rows=1 width=25) (actual time=0.003..0.003 rows=0 loops=2064)
                                                                    Index Cond: (id = ml.linked_movie_id)
                                                                    Filter: ((production_year >= 2005) AND (production_year <= 2008))
                                                                    Rows Removed by Filter: 1
                                                        ->  Materialize  (cost=0.00..1.09 rows=1 width=4) (actual time=0.000..0.000 rows=1 loops=210)
                                                              ->  Seq Scan on kind_type kt2  (cost=0.00..1.09 rows=1 width=4) (actual time=0.002..0.003 rows=1 loops=1)
                                                                    Filter: ((kind)::text = 'tv series'::text)
                                                                    Rows Removed by Filter: 6
                                                  ->  Materialize  (cost=0.00..1.09 rows=1 width=4) (actual time=0.000..0.000 rows=1 loops=71)
                                                        ->  Seq Scan on kind_type kt1  (cost=0.00..1.09 rows=1 width=4) (actual time=0.002..0.003 rows=1 loops=1)
                                                              Filter: ((kind)::text = 'tv series'::text)
                                                              Rows Removed by Filter: 6
                                            ->  Index Scan using movie_id_movie_companies on movie_companies mc1  (cost=0.43..0.59 rows=5 width=8) (actual time=0.003..0.004 rows=4 loops=71)
                                                  Index Cond: (movie_id = mi_idx1.movie_id)
                                      ->  Index Scan using company_name_pkey on company_name cn1  (cost=0.42..0.45 rows=1 width=23) (actual time=0.002..0.002 rows=0 loops=265)
                                            Index Cond: (id = mc1.company_id)
                                            Filter: ((country_code)::text = '[us]'::text)
                                            Rows Removed by Filter: 1
                                ->  Index Scan using movie_id_movie_info_idx on movie_info_idx mi_idx2  (cost=0.43..0.59 rows=1 width=14) (actual time=0.003..0.004 rows=2 loops=58)
                                      Index Cond: (movie_id = t2.id)
                                      Filter: (info < '3.0'::text)
                                      Rows Removed by Filter: 1
                          ->  Index Scan using movie_id_movie_companies on movie_companies mc2  (cost=0.43..0.68 rows=5 width=8) (actual time=0.003..0.005 rows=8 loops=96)
                                Index Cond: (movie_id = mi_idx2.movie_id)
                    ->  Index Scan using company_name_pkey on company_name cn2  (cost=0.42..0.44 rows=1 width=23) (actual time=0.002..0.002 rows=1 loops=815)
                          Index Cond: (id = mc2.company_id)
              ->  Index Scan using info_type_pkey on info_type it2  (cost=0.14..0.16 rows=1 width=4) (actual time=0.001..0.001 rows=0 loops=815)
                    Index Cond: (id = mi_idx2.info_type_id)
                    Filter: ((info)::text = 'rating'::text)
                    Rows Removed by Filter: 1
        ->  Index Scan using title_pkey on title t1  (cost=0.43..0.52 rows=1 width=25) (actual time=0.002..0.002 rows=1 loops=8)
              Index Cond: (id = mc1.movie_id)
Planning time: 89.249 ms
Execution time: 35.651 ms
