Aggregate  (cost=5418.31..5418.32 rows=1 width=192) (actual time=10.703..10.703 rows=1 loops=1)
  ->  Nested Loop  (cost=42.51..5418.29 rows=1 width=84) (actual time=0.897..10.688 rows=8 loops=1)
        Join Filter: ((ml.movie_id = t1.id) AND (kt1.id = t1.kind_id))
        ->  Nested Loop  (cost=42.08..5415.64 rows=5 width=83) (actual time=0.893..10.665 rows=8 loops=1)
              ->  Nested Loop  (cost=41.66..5413.42 rows=5 width=68) (actual time=0.889..10.639 rows=8 loops=1)
                    Join Filter: (t2.id = mc2.movie_id)
                    ->  Nested Loop  (cost=41.23..5409.73 rows=5 width=76) (actual time=0.885..10.626 rows=2 loops=1)
                          ->  Nested Loop  (cost=40.81..5403.49 rows=14 width=61) (actual time=0.876..10.579 rows=14 loops=1)
                                Join Filter: (ml.movie_id = mc1.movie_id)
                                ->  Nested Loop  (cost=40.38..5400.21 rows=5 width=53) (actual time=0.872..10.550 rows=5 loops=1)
                                      Join Filter: (kt2.id = t2.kind_id)
                                      ->  Nested Loop  (cost=0.13..13.35 rows=1 width=8) (actual time=0.011..0.013 rows=1 loops=1)
                                            ->  Index Scan using kind_type_pkey on kind_type kt1  (cost=0.13..12.26 rows=1 width=4) (actual time=0.007..0.008 rows=1 loops=1)
                                                  Filter: ((kind)::text = 'tv series'::text)
                                                  Rows Removed by Filter: 6
                                            ->  Seq Scan on kind_type kt2  (cost=0.00..1.09 rows=1 width=4) (actual time=0.003..0.004 rows=1 loops=1)
                                                  Filter: ((kind)::text = 'tv series'::text)
                                                  Rows Removed by Filter: 6
                                      ->  Nested Loop  (cost=40.25..5386.80 rows=5 width=53) (actual time=0.860..10.534 rows=5 loops=1)
                                            Join Filter: (ml.linked_movie_id = t2.id)
                                            ->  Nested Loop  (cost=39.82..5364.65 rows=30 width=28) (actual time=0.855..10.427 rows=30 loops=1)
                                                  Join Filter: (it1.id = mi_idx1.info_type_id)
                                                  Rows Removed by Join Filter: 60
                                                  ->  Nested Loop  (cost=39.39..5293.91 rows=34 width=22) (actual time=0.849..10.299 rows=34 loops=1)
                                                        Join Filter: (it2.id = mi_idx2.info_type_id)
                                                        Rows Removed by Join Filter: 2910
                                                        ->  Nested Loop  (cost=0.14..16.54 rows=1 width=8) (actual time=0.032..0.037 rows=1 loops=1)
                                                              ->  Index Scan using info_type_pkey on info_type it1  (cost=0.14..14.12 rows=1 width=4) (actual time=0.020..0.023 rows=1 loops=1)
                                                                    Filter: ((info)::text = 'rating'::text)
                                                                    Rows Removed by Filter: 112
                                                              ->  Seq Scan on info_type it2  (cost=0.00..2.41 rows=1 width=4) (actual time=0.011..0.013 rows=1 loops=1)
                                                                    Filter: ((info)::text = 'rating'::text)
                                                                    Rows Removed by Filter: 112
                                                        ->  Nested Loop  (cost=39.25..5240.56 rows=2944 width=22) (actual time=0.088..9.934 rows=2944 loops=1)
                                                              ->  Nested Loop  (cost=38.82..470.30 rows=2315 width=8) (actual time=0.079..1.112 rows=2315 loops=1)
                                                                    ->  Seq Scan on link_type lt  (cost=0.00..1.25 rows=2 width=4) (actual time=0.003..0.008 rows=2 loops=1)
                                                                          Filter: ((link)::text = ANY ('{sequel,follows,"followed by"}'::text[]))
                                                                          Rows Removed by Filter: 16
                                                                    ->  Bitmap Heap Scan on movie_link ml  (cost=38.82..215.78 rows=1875 width=12) (actual time=0.073..0.353 rows=1158 loops=2)
                                                                          Recheck Cond: (link_type_id = lt.id)
                                                                          Heap Blocks: exact=191
                                                                          ->  Bitmap Index Scan on link_type_id_movie_link  (cost=0.00..38.35 rows=1875 width=0) (actual time=0.058..0.058 rows=1158 loops=2)
                                                                                Index Cond: (link_type_id = lt.id)
                                                              ->  Index Scan using movie_id_movie_info_idx on movie_info_idx mi_idx2  (cost=0.43..2.05 rows=1 width=14) (actual time=0.002..0.003 rows=1 loops=2315)
                                                                    Index Cond: (movie_id = ml.linked_movie_id)
                                                                    Filter: (info < '3.0'::text)
                                                                    Rows Removed by Filter: 1
                                                  ->  Index Scan using movie_id_movie_info_idx on movie_info_idx mi_idx1  (cost=0.43..2.04 rows=3 width=14) (actual time=0.002..0.003 rows=3 loops=34)
                                                        Index Cond: (movie_id = ml.movie_id)
                                            ->  Index Scan using title_pkey on title t2  (cost=0.43..0.73 rows=1 width=25) (actual time=0.003..0.003 rows=0 loops=30)
                                                  Index Cond: (id = mi_idx2.movie_id)
                                                  Filter: ((production_year >= 2005) AND (production_year <= 2008))
                                                  Rows Removed by Filter: 1
                                ->  Index Scan using movie_id_movie_companies on movie_companies mc1  (cost=0.43..0.59 rows=5 width=8) (actual time=0.003..0.004 rows=3 loops=5)
                                      Index Cond: (movie_id = mi_idx1.movie_id)
                          ->  Index Scan using company_name_pkey on company_name cn1  (cost=0.42..0.45 rows=1 width=23) (actual time=0.003..0.003 rows=0 loops=14)
                                Index Cond: (id = mc1.company_id)
                                Filter: ((country_code)::text = '[us]'::text)
                                Rows Removed by Filter: 1
                    ->  Index Scan using movie_id_movie_companies on movie_companies mc2  (cost=0.43..0.68 rows=5 width=8) (actual time=0.003..0.005 rows=4 loops=2)
                          Index Cond: (movie_id = mi_idx2.movie_id)
              ->  Index Scan using company_name_pkey on company_name cn2  (cost=0.42..0.44 rows=1 width=23) (actual time=0.002..0.002 rows=1 loops=8)
                    Index Cond: (id = mc2.company_id)
        ->  Index Scan using title_pkey on title t1  (cost=0.43..0.52 rows=1 width=25) (actual time=0.002..0.002 rows=1 loops=8)
              Index Cond: (id = mc1.movie_id)
Planning time: 89.203 ms
Execution time: 10.819 ms
