Aggregate  (cost=2978.99..2979.00 rows=1 width=192) (actual time=31.349..31.349 rows=1 loops=1)
  ->  Nested Loop  (cost=608.21..2978.98 rows=1 width=84) (actual time=5.309..31.337 rows=4 loops=1)
        ->  Nested Loop  (cost=607.79..2978.53 rows=1 width=69) (actual time=5.305..31.293 rows=14 loops=1)
              ->  Nested Loop  (cost=607.36..2977.92 rows=1 width=77) (actual time=5.300..31.266 rows=6 loops=1)
                    Join Filter: ((ml.movie_id = t1.id) AND (kt1.id = t1.kind_id))
                    ->  Nested Loop  (cost=606.93..2977.33 rows=1 width=60) (actual time=5.296..31.246 rows=6 loops=1)
                          ->  Nested Loop  (cost=606.51..2976.88 rows=1 width=45) (actual time=5.292..31.225 rows=6 loops=1)
                                ->  Index Scan using kind_type_pkey on kind_type kt1  (cost=0.13..12.26 rows=1 width=4) (actual time=0.007..0.009 rows=1 loops=1)
                                      Filter: ((kind)::text = 'tv series'::text)
                                      Rows Removed by Filter: 6
                                ->  Nested Loop  (cost=606.38..2964.62 rows=1 width=41) (actual time=5.284..31.213 rows=6 loops=1)
                                      ->  Nested Loop  (cost=606.25..2964.45 rows=1 width=45) (actual time=5.280..31.200 rows=6 loops=1)
                                            Join Filter: (t2.id = mc2.movie_id)
                                            ->  Nested Loop  (cost=605.82..2963.71 rows=1 width=53) (actual time=5.276..31.186 rows=2 loops=1)
                                                  Join Filter: (ml.linked_movie_id = t2.id)
                                                  ->  Nested Loop  (cost=605.39..2962.97 rows=1 width=28) (actual time=5.271..31.053 rows=30 loops=1)
                                                        Join Filter: (it2.id = mi_idx2.info_type_id)
                                                        Rows Removed by Join Filter: 2756
                                                        ->  Hash Join  (cost=604.96..2849.50 rows=55 width=22) (actual time=1.580..22.394 rows=2064 loops=1)
                                                              Hash Cond: (mi_idx1.info_type_id = it1.id)
                                                              ->  Merge Join  (cost=600.11..2820.89 rows=6192 width=22) (actual time=1.541..21.161 rows=6192 loops=1)
                                                                    Merge Cond: (mi_idx1.movie_id = ml.movie_id)
                                                                    ->  Index Scan using movie_id_movie_info_idx on movie_info_idx mi_idx1  (cost=0.43..43810.54 rows=1380035 width=14) (actual time=0.006..10.936 rows=63901 loops=1)
                                                                    ->  Sort  (cost=599.65..605.43 rows=2315 width=8) (actual time=1.506..2.123 rows=6443 loops=1)
                                                                          Sort Key: ml.movie_id
                                                                          Sort Method: quicksort  Memory: 205kB
                                                                          ->  Nested Loop  (cost=38.82..470.28 rows=2315 width=8) (actual time=0.081..1.003 rows=2315 loops=1)
                                                                                ->  Seq Scan on link_type lt  (cost=0.00..1.23 rows=2 width=4) (actual time=0.003..0.007 rows=2 loops=1)
                                                                                      Filter: ((link)::text ~~ '%follow%'::text)
                                                                                      Rows Removed by Filter: 16
                                                                                ->  Bitmap Heap Scan on movie_link ml  (cost=38.82..215.78 rows=1875 width=12) (actual time=0.074..0.317 rows=1158 loops=2)
                                                                                      Recheck Cond: (link_type_id = lt.id)
                                                                                      Heap Blocks: exact=191
                                                                                      ->  Bitmap Index Scan on link_type_id_movie_link  (cost=0.00..38.35 rows=1875 width=0) (actual time=0.060..0.060 rows=1158 loops=2)
                                                                                            Index Cond: (link_type_id = lt.id)
                                                              ->  Hash  (cost=4.83..4.83 rows=1 width=8) (actual time=0.029..0.029 rows=1 loops=1)
                                                                    Buckets: 1024  Batches: 1  Memory Usage: 9kB
                                                                    ->  Nested Loop  (cost=0.00..4.83 rows=1 width=8) (actual time=0.024..0.027 rows=1 loops=1)
                                                                          ->  Seq Scan on info_type it1  (cost=0.00..2.41 rows=1 width=4) (actual time=0.013..0.014 rows=1 loops=1)
                                                                                Filter: ((info)::text = 'rating'::text)
                                                                                Rows Removed by Filter: 112
                                                                          ->  Seq Scan on info_type it2  (cost=0.00..2.41 rows=1 width=4) (actual time=0.010..0.012 rows=1 loops=1)
                                                                                Filter: ((info)::text = 'rating'::text)
                                                                                Rows Removed by Filter: 112
                                                        ->  Index Scan using movie_id_movie_info_idx on movie_info_idx mi_idx2  (cost=0.43..2.05 rows=1 width=14) (actual time=0.003..0.004 rows=1 loops=2064)
                                                              Index Cond: (movie_id = ml.linked_movie_id)
                                                              Filter: (info < '3.0'::text)
                                                              Rows Removed by Filter: 1
                                                  ->  Index Scan using title_pkey on title t2  (cost=0.43..0.72 rows=1 width=25) (actual time=0.004..0.004 rows=0 loops=30)
                                                        Index Cond: (id = mi_idx2.movie_id)
                                                        Filter: (production_year = 2007)
                                                        Rows Removed by Filter: 1
                                            ->  Index Scan using movie_id_movie_companies on movie_companies mc2  (cost=0.43..0.68 rows=5 width=8) (actual time=0.004..0.005 rows=3 loops=2)
                                                  Index Cond: (movie_id = mi_idx2.movie_id)
                                      ->  Index Scan using kind_type_pkey on kind_type kt2  (cost=0.13..0.15 rows=1 width=4) (actual time=0.002..0.002 rows=1 loops=6)
                                            Index Cond: (id = t2.kind_id)
                                            Filter: ((kind)::text = 'tv series'::text)
                          ->  Index Scan using company_name_pkey on company_name cn2  (cost=0.42..0.44 rows=1 width=23) (actual time=0.003..0.003 rows=1 loops=6)
                                Index Cond: (id = mc2.company_id)
                    ->  Index Scan using title_pkey on title t1  (cost=0.43..0.58 rows=1 width=25) (actual time=0.002..0.002 rows=1 loops=6)
                          Index Cond: (id = mi_idx1.movie_id)
              ->  Index Scan using movie_id_movie_companies on movie_companies mc1  (cost=0.43..0.56 rows=5 width=8) (actual time=0.002..0.003 rows=2 loops=6)
                    Index Cond: (movie_id = t1.id)
        ->  Index Scan using company_name_pkey on company_name cn1  (cost=0.42..0.45 rows=1 width=23) (actual time=0.003..0.003 rows=0 loops=14)
              Index Cond: (id = mc1.company_id)
              Filter: ((country_code)::text = '[nl]'::text)
              Rows Removed by Filter: 1
Planning time: 89.664 ms
Execution time: 31.471 ms
