Aggregate  (cost=5471.18..5471.19 rows=1 width=192) (actual time=12.044..12.044 rows=1 loops=1)
  ->  Nested Loop  (cost=42.38..5471.15 rows=2 width=84) (actual time=0.910..11.885 rows=114 loops=1)
        ->  Nested Loop  (cost=41.96..5469.37 rows=4 width=69) (actual time=0.906..11.495 rows=131 loops=1)
              ->  Nested Loop  (cost=41.53..5466.93 rows=4 width=77) (actual time=0.901..11.291 rows=44 loops=1)
                    Join Filter: (kt1.id = t1.kind_id)
                    ->  Nested Loop  (cost=41.53..5465.41 rows=15 width=81) (actual time=0.898..11.264 rows=44 loops=1)
                          Join Filter: (ml.movie_id = t1.id)
                          ->  Nested Loop  (cost=41.10..5456.55 rows=15 width=56) (actual time=0.892..11.126 rows=44 loops=1)
                                Join Filter: (t2.kind_id = kt2.id)
                                Rows Removed by Join Filter: 14
                                ->  Nested Loop  (cost=41.10..5454.00 rows=51 width=60) (actual time=0.885..11.084 rows=51 loops=1)
                                      ->  Nested Loop  (cost=40.68..5431.39 rows=51 width=45) (actual time=0.881..10.919 rows=51 loops=1)
                                            ->  Nested Loop  (cost=40.25..5413.38 rows=27 width=53) (actual time=0.876..10.802 rows=27 loops=1)
                                                  Join Filter: (it1.id = mi_idx1.info_type_id)
                                                  Rows Removed by Join Filter: 54
                                                  ->  Nested Loop  (cost=39.82..5353.04 rows=29 width=47) (actual time=0.871..10.686 rows=29 loops=1)
                                                        Join Filter: (ml.linked_movie_id = t2.id)
                                                        ->  Nested Loop  (cost=39.39..5319.22 rows=47 width=22) (actual time=0.857..10.502 rows=47 loops=1)
                                                              ->  Index Scan using info_type_pkey on info_type it1  (cost=0.14..14.12 rows=1 width=4) (actual time=0.025..0.028 rows=1 loops=1)
                                                                    Filter: ((info)::text = 'rating'::text)
                                                                    Rows Removed by Filter: 112
                                                              ->  Nested Loop  (cost=39.25..5304.63 rows=47 width=18) (actual time=0.831..10.462 rows=47 loops=1)
                                                                    Join Filter: (it2.id = mi_idx2.info_type_id)
                                                                    Rows Removed by Join Filter: 3033
                                                                    ->  Seq Scan on info_type it2  (cost=0.00..2.41 rows=1 width=4) (actual time=0.012..0.014 rows=1 loops=1)
                                                                          Filter: ((info)::text = 'rating'::text)
                                                                          Rows Removed by Filter: 112
                                                                    ->  Nested Loop  (cost=39.25..5263.71 rows=3080 width=22) (actual time=0.086..10.104 rows=3080 loops=1)
                                                                          ->  Nested Loop  (cost=38.82..470.30 rows=2315 width=8) (actual time=0.079..1.120 rows=2315 loops=1)
                                                                                ->  Seq Scan on link_type lt  (cost=0.00..1.25 rows=2 width=4) (actual time=0.003..0.007 rows=2 loops=1)
                                                                                      Filter: ((link)::text = ANY ('{sequel,follows,"followed by"}'::text[]))
                                                                                      Rows Removed by Filter: 16
                                                                                ->  Bitmap Heap Scan on movie_link ml  (cost=38.82..215.78 rows=1875 width=12) (actual time=0.072..0.356 rows=1158 loops=2)
                                                                                      Recheck Cond: (link_type_id = lt.id)
                                                                                      Heap Blocks: exact=191
                                                                                      ->  Bitmap Index Scan on link_type_id_movie_link  (cost=0.00..38.35 rows=1875 width=0) (actual time=0.058..0.058 rows=1158 loops=2)
                                                                                            Index Cond: (link_type_id = lt.id)
                                                                          ->  Index Scan using movie_id_movie_info_idx on movie_info_idx mi_idx2  (cost=0.43..2.05 rows=2 width=14) (actual time=0.003..0.003 rows=1 loops=2315)
                                                                                Index Cond: (movie_id = ml.linked_movie_id)
                                                                                Filter: (info < '3.5'::text)
                                                                                Rows Removed by Filter: 1
                                                        ->  Index Scan using title_pkey on title t2  (cost=0.43..0.71 rows=1 width=25) (actual time=0.003..0.003 rows=1 loops=47)
                                                              Index Cond: (id = mi_idx2.movie_id)
                                                              Filter: ((production_year >= 2000) AND (production_year <= 2010))
                                                              Rows Removed by Filter: 0
                                                  ->  Index Scan using movie_id_movie_info_idx on movie_info_idx mi_idx1  (cost=0.43..2.04 rows=3 width=14) (actual time=0.002..0.003 rows=3 loops=29)
                                                        Index Cond: (movie_id = ml.movie_id)
                                            ->  Index Scan using movie_id_movie_companies on movie_companies mc2  (cost=0.43..0.62 rows=5 width=8) (actual time=0.003..0.003 rows=2 loops=27)
                                                  Index Cond: (movie_id = t2.id)
                                      ->  Index Scan using company_name_pkey on company_name cn2  (cost=0.42..0.44 rows=1 width=23) (actual time=0.003..0.003 rows=1 loops=51)
                                            Index Cond: (id = mc2.company_id)
                                ->  Materialize  (cost=0.00..1.10 rows=2 width=4) (actual time=0.000..0.000 rows=1 loops=51)
                                      ->  Seq Scan on kind_type kt2  (cost=0.00..1.09 rows=2 width=4) (actual time=0.005..0.007 rows=2 loops=1)
                                            Filter: ((kind)::text = ANY ('{"tv series",episode}'::text[]))
                                            Rows Removed by Filter: 5
                          ->  Index Scan using title_pkey on title t1  (cost=0.43..0.58 rows=1 width=25) (actual time=0.002..0.002 rows=1 loops=44)
                                Index Cond: (id = mi_idx1.movie_id)
                    ->  Materialize  (cost=0.00..1.10 rows=2 width=4) (actual time=0.000..0.000 rows=1 loops=44)
                          ->  Seq Scan on kind_type kt1  (cost=0.00..1.09 rows=2 width=4) (actual time=0.002..0.002 rows=1 loops=1)
                                Filter: ((kind)::text = ANY ('{"tv series",episode}'::text[]))
                                Rows Removed by Filter: 1
              ->  Index Scan using movie_id_movie_companies on movie_companies mc1  (cost=0.43..0.56 rows=5 width=8) (actual time=0.002..0.004 rows=3 loops=44)
                    Index Cond: (movie_id = t1.id)
        ->  Index Scan using company_name_pkey on company_name cn1  (cost=0.42..0.45 rows=1 width=23) (actual time=0.002..0.002 rows=1 loops=131)
              Index Cond: (id = mc1.company_id)
              Filter: ((country_code)::text <> '[us]'::text)
              Rows Removed by Filter: 0
Planning time: 86.571 ms
Execution time: 12.163 ms
