Aggregate  (cost=9011.15..9011.16 rows=1 width=192) (actual time=65.048..65.048 rows=1 loops=1)
  ->  Nested Loop  (cost=6.66..9011.00 rows=10 width=84) (actual time=8.876..64.878 rows=114 loops=1)
        Join Filter: (kt1.id = t1.kind_id)
        ->  Nested Loop  (cost=6.66..9008.91 rows=35 width=88) (actual time=8.868..64.811 rows=114 loops=1)
              Join Filter: (ml.movie_id = t1.id)
              ->  Nested Loop  (cost=6.23..8990.39 rows=35 width=79) (actual time=8.863..64.497 rows=114 loops=1)
                    ->  Nested Loop  (cost=5.81..8961.41 rows=65 width=64) (actual time=8.854..64.089 rows=131 loops=1)
                          Join Filter: (ml.movie_id = mc1.movie_id)
                          ->  Nested Loop  (cost=5.38..8954.86 rows=10 width=56) (actual time=8.847..63.862 rows=44 loops=1)
                                Join Filter: (kt2.id = t2.kind_id)
                                Rows Removed by Join Filter: 14
                                ->  Nested Loop  (cost=5.38..8952.76 rows=35 width=60) (actual time=7.067..63.821 rows=51 loops=1)
                                      Join Filter: (ml.linked_movie_id = t2.id)
                                      ->  Nested Loop  (cost=4.95..8907.91 rows=84 width=51) (actual time=7.060..63.548 rows=84 loops=1)
                                            ->  Nested Loop  (cost=4.53..8870.67 rows=84 width=36) (actual time=7.053..63.265 rows=84 loops=1)
                                                  Join Filter: (ml.linked_movie_id = mc2.movie_id)
                                                  ->  Nested Loop  (cost=4.10..8840.86 rows=41 width=28) (actual time=7.045..63.056 rows=41 loops=1)
                                                        Join Filter: (mi_idx2.info_type_id = it2.id)
                                                        Rows Removed by Join Filter: 2863
                                                        ->  Seq Scan on info_type it2  (cost=0.00..2.41 rows=1 width=4) (actual time=0.021..0.024 rows=1 loops=1)
                                                              Filter: ((info)::text = 'rating'::text)
                                                              Rows Removed by Filter: 112
                                                        ->  Nested Loop  (cost=4.10..8802.15 rows=2904 width=32) (actual time=0.151..62.672 rows=2904 loops=1)
                                                              ->  Hash Join  (cost=3.68..4528.45 rows=2064 width=18) (actual time=0.139..53.887 rows=2064 loops=1)
                                                                    Hash Cond: (ml.link_type_id = lt.id)
                                                                    ->  Merge Join  (cost=2.40..4273.75 rows=20890 width=22) (actual time=0.039..51.342 rows=20890 loops=1)
                                                                          Merge Cond: (mi_idx1.movie_id = ml.movie_id)
                                                                          ->  Nested Loop  (cost=0.43..64513.48 rows=459925 width=10) (actual time=0.029..36.982 rows=21301 loops=1)
                                                                                Join Filter: (mi_idx1.info_type_id = it1.id)
                                                                                Rows Removed by Join Filter: 42602
                                                                                ->  Index Scan using movie_id_movie_info_idx on movie_info_idx mi_idx1  (cost=0.43..43810.54 rows=1380035 width=14) (actual time=0.011..12.331 rows=63903 loops=1)
                                                                                ->  Materialize  (cost=0.00..2.42 rows=1 width=4) (actual time=0.000..0.000 rows=1 loops=63903)
                                                                                      ->  Seq Scan on info_type it1  (cost=0.00..2.41 rows=1 width=4) (actual time=0.011..0.012 rows=1 loops=1)
                                                                                            Filter: ((info)::text = 'rating'::text)
                                                                                            Rows Removed by Filter: 112
                                                                          ->  Index Scan using movie_id_movie_link on movie_link ml  (cost=0.29..959.51 rows=29997 width=12) (actual time=0.008..6.374 rows=29997 loops=1)
                                                                    ->  Hash  (cost=1.25..1.25 rows=2 width=4) (actual time=0.011..0.011 rows=2 loops=1)
                                                                          Buckets: 1024  Batches: 1  Memory Usage: 9kB
                                                                          ->  Seq Scan on link_type lt  (cost=0.00..1.25 rows=2 width=4) (actual time=0.005..0.009 rows=2 loops=1)
                                                                                Filter: ((link)::text = ANY ('{sequel,follows,"followed by"}'::text[]))
                                                                                Rows Removed by Filter: 16
                                                              ->  Index Scan using movie_id_movie_info_idx on movie_info_idx mi_idx2  (cost=0.43..2.05 rows=2 width=14) (actual time=0.003..0.004 rows=1 loops=2064)
                                                                    Index Cond: (movie_id = ml.linked_movie_id)
                                                                    Filter: (info < '3.5'::text)
                                                                    Rows Removed by Filter: 1
                                                  ->  Index Scan using movie_id_movie_companies on movie_companies mc2  (cost=0.43..0.66 rows=5 width=8) (actual time=0.003..0.004 rows=2 loops=41)
                                                        Index Cond: (movie_id = mi_idx2.movie_id)
                                            ->  Index Scan using company_name_pkey on company_name cn2  (cost=0.42..0.44 rows=1 width=23) (actual time=0.003..0.003 rows=1 loops=84)
                                                  Index Cond: (id = mc2.company_id)
                                      ->  Index Scan using title_pkey on title t2  (cost=0.43..0.52 rows=1 width=25) (actual time=0.003..0.003 rows=1 loops=84)
                                            Index Cond: (id = mc2.movie_id)
                                            Filter: ((production_year >= 2000) AND (production_year <= 2010))
                                            Rows Removed by Filter: 0
                                ->  Materialize  (cost=0.00..1.10 rows=2 width=4) (actual time=0.000..0.000 rows=1 loops=51)
                                      ->  Seq Scan on kind_type kt2  (cost=0.00..1.09 rows=2 width=4) (actual time=0.005..0.007 rows=2 loops=1)
                                            Filter: ((kind)::text = ANY ('{"tv series",episode}'::text[]))
                                            Rows Removed by Filter: 5
                          ->  Index Scan using movie_id_movie_companies on movie_companies mc1  (cost=0.43..0.59 rows=5 width=8) (actual time=0.002..0.004 rows=3 loops=44)
                                Index Cond: (movie_id = mi_idx1.movie_id)
                    ->  Index Scan using company_name_pkey on company_name cn1  (cost=0.42..0.45 rows=1 width=23) (actual time=0.003..0.003 rows=1 loops=131)
                          Index Cond: (id = mc1.company_id)
                          Filter: ((country_code)::text <> '[us]'::text)
                          Rows Removed by Filter: 0
              ->  Index Scan using title_pkey on title t1  (cost=0.43..0.52 rows=1 width=25) (actual time=0.002..0.002 rows=1 loops=114)
                    Index Cond: (id = mc1.movie_id)
        ->  Materialize  (cost=0.00..1.10 rows=2 width=4) (actual time=0.000..0.000 rows=1 loops=114)
              ->  Seq Scan on kind_type kt1  (cost=0.00..1.09 rows=2 width=4) (actual time=0.005..0.005 rows=1 loops=1)
                    Filter: ((kind)::text = ANY ('{"tv series",episode}'::text[]))
                    Rows Removed by Filter: 1
Planning time: 87.503 ms
Execution time: 65.229 ms
