Aggregate  (cost=30758.22..30758.23 rows=1 width=64) (actual time=1938.719..1938.719 rows=1 loops=1)
  ->  Hash Join  (cost=9035.95..30758.20 rows=4 width=23) (actual time=247.182..1938.114 rows=740 loops=1)
        Hash Cond: (mk.keyword_id = k.id)
        ->  Nested Loop  (cost=6409.45..27904.64 rows=17985 width=27) (actual time=26.117..1841.930 rows=697651 loops=1)
              ->  Nested Loop  (cost=6409.02..24494.97 rows=1850 width=31) (actual time=26.111..1314.934 rows=106021 loops=1)
                    ->  Nested Loop  (cost=6408.59..20824.76 rows=4617 width=10) (actual time=26.101..308.776 rows=352990 loops=1)
                          ->  Seq Scan on info_type it  (cost=0.00..2.41 rows=1 width=4) (actual time=0.016..0.022 rows=1 loops=1)
                                Filter: ((info)::text = 'rating'::text)
                                Rows Removed by Filter: 112
                          ->  Bitmap Heap Scan on movie_info_idx mi_idx  (cost=6408.59..19518.72 rows=130363 width=14) (actual time=26.082..253.906 rows=352990 loops=1)
                                Recheck Cond: (info_type_id = it.id)
                                Filter: (info > '5.0'::text)
                                Rows Removed by Filter: 106935
                                Heap Blocks: exact=7934
                                ->  Bitmap Index Scan on info_type_id_movie_info_idx  (cost=0.00..6375.99 rows=345009 width=0) (actual time=24.606..24.606 rows=459925 loops=1)
                                      Index Cond: (info_type_id = it.id)
                    ->  Index Scan using title_pkey on title t  (cost=0.43..0.79 rows=1 width=21) (actual time=0.003..0.003 rows=0 loops=352990)
                          Index Cond: (id = mi_idx.movie_id)
                          Filter: (production_year > 2005)
                          Rows Removed by Filter: 1
              ->  Index Scan using movie_id_movie_keyword on movie_keyword mk  (cost=0.43..1.38 rows=46 width=8) (actual time=0.002..0.004 rows=7 loops=106021)
                    Index Cond: (movie_id = t.id)
        ->  Hash  (cost=2626.12..2626.12 rows=30 width=4) (actual time=26.445..26.445 rows=30 loops=1)
              Buckets: 1024  Batches: 1  Memory Usage: 10kB
              ->  Seq Scan on keyword k  (cost=0.00..2626.12 rows=30 width=4) (actual time=1.358..26.433 rows=30 loops=1)
                    Filter: (keyword ~~ '%sequel%'::text)
                    Rows Removed by Filter: 134140
Planning time: 1.432 ms
Execution time: 1938.788 ms
