Aggregate  (cost=38298.57..38298.58 rows=1 width=64) (actual time=109.121..109.121 rows=1 loops=1)
  ->  Nested Loop  (cost=7.62..38297.28 rows=258 width=23) (actual time=4.254..108.592 rows=740 loops=1)
        Join Filter: (mi_idx.movie_id = t.id)
        ->  Nested Loop  (cost=7.19..37973.82 rows=644 width=14) (actual time=3.454..87.537 rows=5820 loops=1)
              Join Filter: (mi_idx.info_type_id = it.id)
              Rows Removed by Join Filter: 2609
              ->  Seq Scan on info_type it  (cost=0.00..2.41 rows=1 width=4) (actual time=0.017..0.020 rows=1 loops=1)
                    Filter: ((info)::text = 'rating'::text)
                    Rows Removed by Filter: 112
              ->  Nested Loop  (cost=7.19..37866.04 rows=8429 width=18) (actual time=3.436..85.832 rows=8429 loops=1)
                    ->  Nested Loop  (cost=6.77..31288.69 rows=12951 width=4) (actual time=3.421..41.713 rows=12951 loops=1)
                          ->  Seq Scan on keyword k  (cost=0.00..2626.12 rows=30 width=4) (actual time=1.331..26.126 rows=30 loops=1)
                                Filter: (keyword ~~ '%sequel%'::text)
                                Rows Removed by Filter: 134140
                          ->  Bitmap Heap Scan on movie_keyword mk  (cost=6.77..952.41 rows=301 width=8) (actual time=0.090..0.441 rows=432 loops=30)
                                Recheck Cond: (keyword_id = k.id)
                                Heap Blocks: exact=6979
                                ->  Bitmap Index Scan on keyword_id_movie_keyword  (cost=0.00..6.69 rows=301 width=0) (actual time=0.050..0.050 rows=432 loops=30)
                                      Index Cond: (keyword_id = k.id)
                    ->  Index Scan using movie_id_movie_info_idx on movie_info_idx mi_idx  (cost=0.43..0.50 rows=1 width=14) (actual time=0.003..0.003 rows=1 loops=12951)
                          Index Cond: (movie_id = mk.movie_id)
                          Filter: (info > '5.0'::text)
                          Rows Removed by Filter: 1
        ->  Index Scan using title_pkey on title t  (cost=0.43..0.49 rows=1 width=21) (actual time=0.003..0.003 rows=0 loops=5820)
              Index Cond: (id = mk.movie_id)
              Filter: (production_year > 2005)
              Rows Removed by Filter: 1
Planning time: 1.264 ms
Execution time: 109.174 ms
