Aggregate  (cost=16373.34..16373.35 rows=1 width=64) (actual time=82.649..82.649 rows=1 loops=1)
  ->  Nested Loop  (cost=7.62..16373.33 rows=1 width=23) (actual time=8.684..82.637 rows=6 loops=1)
        Join Filter: (mi_idx.movie_id = t.id)
        ->  Nested Loop  (cost=7.19..16372.83 rows=1 width=14) (actual time=7.555..82.535 rows=21 loops=1)
              Join Filter: (mi_idx.info_type_id = it.id)
              Rows Removed by Join Filter: 277
              ->  Seq Scan on info_type it  (cost=0.00..2.41 rows=1 width=4) (actual time=0.017..0.020 rows=1 loops=1)
                    Filter: ((info)::text = 'rating'::text)
                    Rows Removed by Filter: 112
              ->  Nested Loop  (cost=7.19..16370.32 rows=8 width=18) (actual time=3.516..82.466 rows=298 loops=1)
                    ->  Nested Loop  (cost=6.77..16147.88 rows=438 width=4) (actual time=3.393..40.780 rows=12951 loops=1)
                          ->  Seq Scan on keyword k  (cost=0.00..2626.12 rows=13 width=4) (actual time=1.321..26.000 rows=30 loops=1)
                                Filter: (keyword ~~ '%sequel%'::text)
                                Rows Removed by Filter: 134140
                          ->  Bitmap Heap Scan on movie_keyword mk  (cost=6.77..1037.12 rows=301 width=8) (actual time=0.089..0.419 rows=432 loops=30)
                                Recheck Cond: (keyword_id = k.id)
                                Heap Blocks: exact=6979
                                ->  Bitmap Index Scan on keyword_id_movie_keyword  (cost=0.00..6.69 rows=301 width=0) (actual time=0.050..0.050 rows=432 loops=30)
                                      Index Cond: (keyword_id = k.id)
                    ->  Index Scan using movie_id_movie_info_idx on movie_info_idx mi_idx  (cost=0.43..0.50 rows=1 width=14) (actual time=0.003..0.003 rows=0 loops=12951)
                          Index Cond: (movie_id = mk.movie_id)
                          Filter: (info > '9.0'::text)
                          Rows Removed by Filter: 2
        ->  Index Scan using title_pkey on title t  (cost=0.43..0.49 rows=1 width=21) (actual time=0.004..0.004 rows=0 loops=21)
              Index Cond: (id = mk.movie_id)
              Filter: (production_year > 2010)
              Rows Removed by Filter: 1
Planning time: 1.232 ms
Execution time: 82.703 ms
