Aggregate  (cost=21898.66..21898.67 rows=1 width=64) (actual time=183.522..183.522 rows=1 loops=1)
  ->  Nested Loop  (cost=6377.78..21898.65 rows=1 width=23) (actual time=96.801..183.506 rows=6 loops=1)
        ->  Nested Loop  (cost=6377.36..21696.11 rows=459 width=27) (actual time=33.047..180.273 rows=1070 loops=1)
              ->  Nested Loop  (cost=6376.93..21598.63 rows=47 width=31) (actual time=27.792..179.457 rows=72 loops=1)
                    ->  Nested Loop  (cost=6376.50..19509.35 rows=305 width=10) (actual time=27.778..177.605 rows=305 loops=1)
                          ->  Seq Scan on info_type it  (cost=0.00..2.41 rows=1 width=4) (actual time=0.019..0.023 rows=1 loops=1)
                                Filter: ((info)::text = 'rating'::text)
                                Rows Removed by Filter: 112
                          ->  Bitmap Heap Scan on movie_info_idx mi_idx  (cost=6376.50..19486.64 rows=2030 width=14) (actual time=27.757..177.516 rows=305 loops=1)
                                Recheck Cond: (info_type_id = it.id)
                                Filter: (info > '9.0'::text)
                                Rows Removed by Filter: 459620
                                Heap Blocks: exact=7934
                                ->  Bitmap Index Scan on info_type_id_movie_info_idx  (cost=0.00..6375.99 rows=345009 width=0) (actual time=24.633..24.633 rows=459925 loops=1)
                                      Index Cond: (info_type_id = it.id)
                    ->  Index Scan using title_pkey on title t  (cost=0.43..6.85 rows=1 width=21) (actual time=0.006..0.006 rows=0 loops=305)
                          Index Cond: (id = mi_idx.movie_id)
                          Filter: (production_year > 2010)
                          Rows Removed by Filter: 1
              ->  Index Scan using movie_id_movie_keyword on movie_keyword mk  (cost=0.43..1.61 rows=46 width=8) (actual time=0.004..0.008 rows=15 loops=72)
                    Index Cond: (movie_id = t.id)
        ->  Index Scan using keyword_pkey on keyword k  (cost=0.42..0.44 rows=1 width=4) (actual time=0.003..0.003 rows=0 loops=1070)
              Index Cond: (id = mk.keyword_id)
              Filter: (keyword ~~ '%sequel%'::text)
              Rows Removed by Filter: 1
Planning time: 1.223 ms
Execution time: 183.582 ms
