Aggregate  (cost=56414.72..56414.73 rows=1 width=32) (actual time=276.901..276.901 rows=1 loops=1)
  ->  Nested Loop  (cost=1.29..56414.71 rows=2 width=17) (actual time=276.895..276.895 rows=0 loops=1)
        Join Filter: (mi.info_type_id = it.id)
        ->  Seq Scan on info_type it  (cost=0.00..2.13 rows=113 width=4) (actual time=0.010..0.021 rows=113 loops=1)
        ->  Materialize  (cost=1.29..56409.20 rows=2 width=21) (actual time=2.450..2.450 rows=0 loops=113)
              ->  Nested Loop  (cost=1.29..56409.19 rows=2 width=21) (actual time=276.845..276.845 rows=0 loops=1)
                    ->  Nested Loop  (cost=0.86..56405.81 rows=1 width=25) (actual time=276.844..276.844 rows=0 loops=1)
                          ->  Nested Loop  (cost=0.43..56329.76 rows=9 width=4) (actual time=276.844..276.844 rows=0 loops=1)
                                ->  Seq Scan on company_type ct  (cost=0.00..1.05 rows=1 width=4) (actual time=0.003..0.007 rows=1 loops=1)
                                      Filter: ((kind)::text = 'production companies'::text)
                                      Rows Removed by Filter: 3
                                ->  Index Scan using company_type_id_movie_companies on movie_companies mc  (cost=0.43..56328.53 rows=18 width=8) (actual time=276.833..276.833 rows=0 loops=1)
                                      Index Cond: (company_type_id = ct.id)
                                      Filter: ((note ~~ '%(VHS)%'::text) AND (note ~~ '%(USA)%'::text) AND (note ~~ '%(1994)%'::text))
                                      Rows Removed by Filter: 1334883
                          ->  Index Scan using title_pkey on title t  (cost=0.43..8.45 rows=1 width=21) (never executed)
                                Index Cond: (id = mc.movie_id)
                                Filter: (production_year > 2010)
                    ->  Index Scan using movie_id_movie_info on movie_info mi  (cost=0.43..3.36 rows=2 width=8) (never executed)
                          Index Cond: (movie_id = t.id)
                          Filter: (info = ANY ('{USA,America}'::text[]))
Planning time: 1.573 ms
Execution time: 276.967 ms
