Aggregate  (cost=59482.90..59482.91 rows=1 width=32) (actual time=277.029..277.029 rows=1 loops=1)
  ->  Nested Loop  (cost=1.29..59482.74 rows=63 width=17) (actual time=277.025..277.025 rows=0 loops=1)
        Join Filter: (mi.info_type_id = it.id)
        ->  Nested Loop  (cost=1.29..59375.21 rows=63 width=21) (actual time=277.025..277.025 rows=0 loops=1)
              ->  Nested Loop  (cost=0.86..59191.24 rows=55 width=25) (actual time=277.024..277.024 rows=0 loops=1)
                    ->  Nested Loop  (cost=0.43..56329.76 rows=354 width=4) (actual time=277.024..277.024 rows=0 loops=1)
                          ->  Seq Scan on company_type ct  (cost=0.00..1.05 rows=1 width=4) (actual time=0.007..0.010 rows=1 loops=1)
                                Filter: ((kind)::text = 'production companies'::text)
                                Rows Removed by Filter: 3
                          ->  Index Scan using company_type_id_movie_companies on movie_companies mc  (cost=0.43..56328.53 rows=18 width=8) (actual time=277.011..277.011 rows=0 loops=1)
                                Index Cond: (company_type_id = ct.id)
                                Filter: ((note ~~ '%(VHS)%'::text) AND (note ~~ '%(USA)%'::text) AND (note ~~ '%(1994)%'::text))
                                Rows Removed by Filter: 1334883
                    ->  Index Scan using title_pkey on title t  (cost=0.43..8.08 rows=1 width=21) (never executed)
                          Index Cond: (id = mc.movie_id)
                          Filter: (production_year > 2010)
              ->  Index Scan using movie_id_movie_info on movie_info mi  (cost=0.43..3.32 rows=2 width=8) (never executed)
                    Index Cond: (movie_id = t.id)
                    Filter: (info = ANY ('{USA,America}'::text[]))
        ->  Materialize  (cost=0.00..2.69 rows=113 width=4) (never executed)
              ->  Seq Scan on info_type it  (cost=0.00..2.13 rows=113 width=4) (never executed)
Planning time: 1.558 ms
Execution time: 277.093 ms
