Aggregate  (cost=56152.31..56152.32 rows=1 width=32) (actual time=312.080..312.080 rows=1 loops=1)
  ->  Nested Loop  (cost=1.44..56150.27 rows=816 width=17) (actual time=3.777..311.587 rows=669 loops=1)
        ->  Nested Loop  (cost=1.29..56019.82 rows=816 width=21) (actual time=3.753..310.338 rows=669 loops=1)
              ->  Nested Loop  (cost=0.86..54833.84 rows=552 width=25) (actual time=3.744..298.498 rows=767 loops=1)
                    ->  Nested Loop  (cost=0.43..53988.97 rows=798 width=4) (actual time=3.733..294.095 rows=798 loops=1)
                          ->  Seq Scan on company_type ct  (cost=0.00..1.05 rows=1 width=4) (actual time=0.007..0.010 rows=1 loops=1)
                                Filter: ((kind)::text = 'production companies'::text)
                                Rows Removed by Filter: 3
                          ->  Index Scan using company_type_id_movie_companies on movie_companies mc  (cost=0.43..53067.12 rows=92080 width=8) (actual time=3.725..293.935 rows=798 loops=1)
                                Index Cond: (company_type_id = ct.id)
                                Filter: ((note !~~ '%(TV)%'::text) AND (note ~~ '%(USA)%'::text))
                                Rows Removed by Filter: 1334085
                    ->  Index Scan using title_pkey on title t  (cost=0.43..1.06 rows=1 width=21) (actual time=0.005..0.005 rows=1 loops=798)
                          Index Cond: (id = mc.movie_id)
                          Filter: (production_year > 1990)
                          Rows Removed by Filter: 0
              ->  Index Scan using movie_id_movie_info on movie_info mi  (cost=0.43..2.13 rows=2 width=8) (actual time=0.013..0.015 rows=1 loops=767)
                    Index Cond: (movie_id = t.id)
                    Filter: (info = ANY ('{Sweden,Norway,Germany,Denmark,Swedish,Denish,Norwegian,German,USA,American}'::text[]))
                    Rows Removed by Filter: 10
        ->  Index Only Scan using info_type_pkey on info_type it  (cost=0.14..0.16 rows=1 width=4) (actual time=0.001..0.001 rows=1 loops=669)
              Index Cond: (id = mi.info_type_id)
              Heap Fetches: 669
Planning time: 1.354 ms
Execution time: 312.133 ms
