Aggregate  (cost=4329.08..4329.09 rows=1 width=96) (actual time=18.349..18.349 rows=1 loops=1)
  ->  Nested Loop  (cost=8.19..4329.06 rows=3 width=48) (actual time=1.128..18.337 rows=6 loops=1)
        ->  Nested Loop  (cost=7.76..3768.68 rows=1224 width=37) (actual time=0.375..14.856 rows=1224 loops=1)
              Join Filter: (t.id = ci.movie_id)
              ->  Nested Loop  (cost=7.20..3746.84 rows=11 width=41) (actual time=0.369..13.842 rows=11 loops=1)
                    ->  Nested Loop  (cost=6.77..3739.98 rows=14 width=20) (actual time=0.363..13.779 rows=14 loops=1)
                          ->  Seq Scan on keyword k  (cost=0.00..2626.12 rows=1 width=20) (actual time=0.346..13.743 rows=1 loops=1)
                                Filter: (keyword = 'marvel-cinematic-universe'::text)
                                Rows Removed by Filter: 134169
                          ->  Bitmap Heap Scan on movie_keyword mk  (cost=6.77..1110.84 rows=301 width=8) (actual time=0.015..0.031 rows=14 loops=1)
                                Recheck Cond: (keyword_id = k.id)
                                Heap Blocks: exact=12
                                ->  Bitmap Index Scan on keyword_id_movie_keyword  (cost=0.00..6.69 rows=301 width=0) (actual time=0.010..0.010 rows=14 loops=1)
                                      Index Cond: (keyword_id = k.id)
                    ->  Index Scan using title_pkey on title t  (cost=0.43..0.49 rows=1 width=21) (actual time=0.004..0.004 rows=1 loops=14)
                          Index Cond: (id = mk.movie_id)
                          Filter: (production_year > 2000)
                          Rows Removed by Filter: 0
              ->  Index Scan using movie_id_cast_info on cast_info ci  (cost=0.56..1.52 rows=37 width=8) (actual time=0.005..0.066 rows=111 loops=11)
                    Index Cond: (movie_id = mk.movie_id)
        ->  Index Scan using name_pkey on name n  (cost=0.43..0.46 rows=1 width=19) (actual time=0.003..0.003 rows=0 loops=1224)
              Index Cond: (id = ci.person_id)
              Filter: (name ~~ '%Downey%Robert%'::text)
              Rows Removed by Filter: 1
Planning time: 1.245 ms
Execution time: 18.402 ms
