Aggregate  (cost=15119.14..15119.15 rows=1 width=96) (actual time=4821.118..4821.118 rows=1 loops=1)
  ->  Nested Loop  (cost=8.19..15078.39 rows=5433 width=48) (actual time=0.679..4268.177 rows=785477 loops=1)
        ->  Nested Loop  (cost=7.76..12604.71 rows=5433 width=37) (actual time=0.673..1273.179 rows=785477 loops=1)
              Join Filter: (t.id = ci.movie_id)
              ->  Nested Loop  (cost=7.20..12310.74 rows=148 width=41) (actual time=0.665..252.449 rows=14165 loops=1)
                    ->  Nested Loop  (cost=6.77..12178.50 rows=270 width=20) (actual time=0.651..102.933 rows=35548 loops=1)
                          ->  Seq Scan on keyword k  (cost=0.00..3632.40 rows=8 width=20) (actual time=0.148..43.245 rows=8 loops=1)
                                Filter: (keyword = ANY ('{superhero,sequel,second-part,marvel-comics,based-on-comic,tv-special,fight,violence}'::text[]))
                                Rows Removed by Filter: 134162
                          ->  Bitmap Heap Scan on movie_keyword mk  (cost=6.77..1065.25 rows=301 width=8) (actual time=1.093..6.540 rows=4444 loops=8)
                                Recheck Cond: (keyword_id = k.id)
                                Heap Blocks: exact=23488
                                ->  Bitmap Index Scan on keyword_id_movie_keyword  (cost=0.00..6.69 rows=301 width=0) (actual time=0.590..0.590 rows=4444 loops=8)
                                      Index Cond: (keyword_id = k.id)
                    ->  Index Scan using title_pkey on title t  (cost=0.43..0.49 rows=1 width=21) (actual time=0.004..0.004 rows=0 loops=35548)
                          Index Cond: (id = mk.movie_id)
                          Filter: (production_year > 2000)
                          Rows Removed by Filter: 1
              ->  Index Scan using movie_id_cast_info on cast_info ci  (cost=0.56..1.52 rows=37 width=8) (actual time=0.005..0.057 rows=55 loops=14165)
                    Index Cond: (movie_id = mk.movie_id)
        ->  Index Scan using name_pkey on name n  (cost=0.43..0.46 rows=1 width=19) (actual time=0.003..0.003 rows=1 loops=785477)
              Index Cond: (id = ci.person_id)
Planning time: 1.228 ms
Execution time: 4821.187 ms
