Aggregate  (cost=56471.35..56471.36 rows=1 width=64) (actual time=92.214..92.214 rows=1 loops=1)
  ->  Nested Loop  (cost=2492.84..56471.34 rows=1 width=32) (actual time=21.104..92.181 rows=32 loops=1)
        ->  Nested Loop  (cost=2492.41..56470.88 rows=1 width=23) (actual time=21.093..91.587 rows=151 loops=1)
              ->  Nested Loop  (cost=2492.28..56470.70 rows=1 width=27) (actual time=21.090..90.822 rows=510 loops=1)
                    ->  Nested Loop  (cost=2491.99..56460.43 rows=30 width=19) (actual time=21.052..85.249 rows=3354 loops=1)
                          ->  Nested Loop  (cost=2491.42..56115.69 rows=20 width=27) (actual time=21.043..83.585 rows=20 loops=1)
                                ->  Nested Loop  (cost=2491.00..56105.71 rows=17 width=23) (actual time=20.888..83.456 rows=17 loops=1)
                                      ->  Nested Loop  (cost=2490.57..55564.27 rows=64 width=4) (actual time=19.702..82.908 rows=64 loops=1)
                                            ->  Seq Scan on info_type it  (cost=0.00..2.41 rows=1 width=4) (actual time=0.010..0.022 rows=1 loops=1)
                                                  Filter: ((info)::text = 'mini biography'::text)
                                                  Rows Removed by Filter: 112
                                            ->  Bitmap Heap Scan on person_info pi  (cost=2490.57..55561.84 rows=1 width=8) (actual time=19.690..82.863 rows=64 loops=1)
                                                  Recheck Cond: (info_type_id = it.id)
                                                  Filter: (note = 'Volker Boehm'::text)
                                                  Rows Removed by Filter: 84120
                                                  Heap Blocks: exact=40387
                                                  ->  Bitmap Index Scan on info_type_id_person_info  (cost=0.00..2490.57 rows=134685 width=0) (actual time=10.722..10.722 rows=84184 loops=1)
                                                        Index Cond: (info_type_id = it.id)
                                      ->  Index Scan using name_pkey on name n  (cost=0.43..8.46 rows=1 width=19) (actual time=0.008..0.008 rows=0 loops=64)
                                            Index Cond: (id = pi.person_id)
                                            Filter: (((name_pcode_cf)::text >= 'A'::text) AND ((name_pcode_cf)::text <= 'F'::text) AND (((gender)::text = 'm'::text) OR (((gender)::text = 'f'::text) AND (name ~~ 'B%'::text))))
                                            Rows Removed by Filter: 1
                                ->  Index Scan using person_id_aka_name on aka_name an  (cost=0.42..0.57 rows=2 width=4) (actual time=0.006..0.007 rows=1 loops=17)
                                      Index Cond: (person_id = n.id)
                                      Filter: (name ~~ '%a%'::text)
                                      Rows Removed by Filter: 1
                          ->  Index Scan using person_id_cast_info on cast_info ci  (cost=0.56..12.12 rows=512 width=8) (actual time=0.007..0.050 rows=168 loops=20)
                                Index Cond: (person_id = n.id)
                    ->  Index Scan using linked_movie_id_movie_link on movie_link ml  (cost=0.29..0.32 rows=2 width=8) (actual time=0.001..0.001 rows=0 loops=3354)
                          Index Cond: (linked_movie_id = ci.movie_id)
              ->  Index Scan using link_type_pkey on link_type lt  (cost=0.14..0.16 rows=1 width=4) (actual time=0.001..0.001 rows=0 loops=510)
                    Index Cond: (id = ml.link_type_id)
                    Filter: ((link)::text = 'features'::text)
                    Rows Removed by Filter: 1
        ->  Index Scan using title_pkey on title t  (cost=0.43..0.46 rows=1 width=21) (actual time=0.004..0.004 rows=0 loops=151)
              Index Cond: (id = ci.movie_id)
              Filter: ((production_year >= 1980) AND (production_year <= 1995))
              Rows Removed by Filter: 1
Planning time: 5.872 ms
Execution time: 92.327 ms
