Aggregate  (cost=57372.86..57372.87 rows=1 width=64) (actual time=89.313..89.313 rows=1 loops=1)
  ->  Nested Loop  (cost=2493.94..57372.70 rows=32 width=32) (actual time=22.286..89.285 rows=32 loops=1)
        Join Filter: (n.id = an.person_id)
        ->  Nested Loop  (cost=2493.52..57365.81 rows=14 width=44) (actual time=22.275..89.207 rows=14 loops=1)
              ->  Hash Join  (cost=2493.09..57318.70 rows=103 width=35) (actual time=22.263..88.698 rows=103 loops=1)
                    Hash Cond: (ml.link_type_id = lt.id)
                    ->  Nested Loop  (cost=2491.85..57313.28 rows=344 width=39) (actual time=22.233..88.590 rows=344 loops=1)
                          ->  Nested Loop  (cost=2491.56..56398.74 rows=2670 width=31) (actual time=21.871..84.331 rows=2670 loops=1)
                                ->  Nested Loop  (cost=2491.00..56105.71 rows=17 width=23) (actual time=21.860..82.903 rows=17 loops=1)
                                      ->  Nested Loop  (cost=2490.57..55564.27 rows=64 width=4) (actual time=20.662..82.367 rows=64 loops=1)
                                            ->  Seq Scan on info_type it  (cost=0.00..2.41 rows=1 width=4) (actual time=0.009..0.022 rows=1 loops=1)
                                                  Filter: ((info)::text = 'mini biography'::text)
                                                  Rows Removed by Filter: 112
                                            ->  Bitmap Heap Scan on person_info pi  (cost=2490.57..55561.84 rows=1 width=8) (actual time=20.651..82.324 rows=64 loops=1)
                                                  Recheck Cond: (info_type_id = it.id)
                                                  Filter: (note = 'Volker Boehm'::text)
                                                  Rows Removed by Filter: 84120
                                                  Heap Blocks: exact=40387
                                                  ->  Bitmap Index Scan on info_type_id_person_info  (cost=0.00..2490.57 rows=134685 width=0) (actual time=11.322..11.322 rows=84184 loops=1)
                                                        Index Cond: (info_type_id = it.id)
                                      ->  Index Scan using name_pkey on name n  (cost=0.43..8.46 rows=1 width=19) (actual time=0.008..0.008 rows=0 loops=64)
                                            Index Cond: (id = pi.person_id)
                                            Filter: (((name_pcode_cf)::text >= 'A'::text) AND ((name_pcode_cf)::text <= 'F'::text) AND (((gender)::text = 'm'::text) OR (((gender)::text = 'f'::text) AND (name ~~ 'B%'::text))))
                                            Rows Removed by Filter: 1
                                ->  Index Scan using person_id_cast_info on cast_info ci  (cost=0.56..12.12 rows=512 width=8) (actual time=0.008..0.052 rows=157 loops=17)
                                      Index Cond: (person_id = n.id)
                          ->  Index Scan using linked_movie_id_movie_link on movie_link ml  (cost=0.29..0.32 rows=2 width=8) (actual time=0.001..0.001 rows=0 loops=2670)
                                Index Cond: (linked_movie_id = ci.movie_id)
                    ->  Hash  (cost=1.23..1.23 rows=1 width=4) (actual time=0.012..0.012 rows=1 loops=1)
                          Buckets: 1024  Batches: 1  Memory Usage: 9kB
                          ->  Seq Scan on link_type lt  (cost=0.00..1.23 rows=1 width=4) (actual time=0.007..0.009 rows=1 loops=1)
                                Filter: ((link)::text = 'features'::text)
                                Rows Removed by Filter: 17
              ->  Index Scan using title_pkey on title t  (cost=0.43..0.46 rows=1 width=21) (actual time=0.005..0.005 rows=0 loops=103)
                    Index Cond: (id = ci.movie_id)
                    Filter: ((production_year >= 1980) AND (production_year <= 1995))
                    Rows Removed by Filter: 1
        ->  Index Scan using person_id_aka_name on aka_name an  (cost=0.42..0.47 rows=2 width=4) (actual time=0.003..0.005 rows=2 loops=14)
              Index Cond: (person_id = ci.person_id)
              Filter: (name ~~ '%a%'::text)
              Rows Removed by Filter: 1
Planning time: 5.872 ms
Execution time: 89.419 ms
