Aggregate  (cost=47585.43..47585.44 rows=1 width=64) (actual time=188.810..188.810 rows=1 loops=1)
  ->  Nested Loop  (cost=41.10..47585.42 rows=1 width=32) (actual time=3.634..188.771 rows=16 loops=1)
        Join Filter: (n.id = an.person_id)
        ->  Nested Loop  (cost=40.67..47584.93 rows=1 width=44) (actual time=3.629..188.713 rows=8 loops=1)
              Join Filter: (pi.info_type_id = it.id)
              ->  Seq Scan on info_type it  (cost=0.00..2.41 rows=1 width=4) (actual time=0.012..0.022 rows=1 loops=1)
                    Filter: ((info)::text = 'mini biography'::text)
                    Rows Removed by Filter: 112
              ->  Nested Loop  (cost=40.67..47582.42 rows=8 width=48) (actual time=3.616..188.684 rows=8 loops=1)
                    Join Filter: (n.id = pi.person_id)
                    ->  Nested Loop  (cost=40.24..46561.26 rows=1076 width=40) (actual time=0.335..181.175 rows=1076 loops=1)
                          ->  Nested Loop  (cost=39.81..31180.10 rows=33415 width=21) (actual time=0.298..60.039 rows=33415 loops=1)
                                ->  Nested Loop  (cost=39.25..23453.46 rows=435 width=25) (actual time=0.291..23.860 rows=435 loops=1)
                                      ->  Nested Loop  (cost=38.82..245.23 rows=5186 width=4) (actual time=0.284..2.380 rows=5186 loops=1)
                                            ->  Seq Scan on link_type lt  (cost=0.00..1.23 rows=1 width=4) (actual time=0.003..0.006 rows=1 loops=1)
                                                  Filter: ((link)::text = 'features'::text)
                                                  Rows Removed by Filter: 17
                                            ->  Bitmap Heap Scan on movie_link ml  (cost=38.82..225.26 rows=1875 width=8) (actual time=0.280..1.462 rows=5186 loops=1)
                                                  Recheck Cond: (link_type_id = lt.id)
                                                  Heap Blocks: exact=132
                                                  ->  Bitmap Index Scan on link_type_id_movie_link  (cost=0.00..38.35 rows=1875 width=0) (actual time=0.259..0.259 rows=5186 loops=1)
                                                        Index Cond: (link_type_id = lt.id)
                                      ->  Index Scan using title_pkey on title t  (cost=0.43..4.48 rows=1 width=21) (actual time=0.004..0.004 rows=0 loops=5186)
                                            Index Cond: (id = ml.linked_movie_id)
                                            Filter: ((production_year >= 1980) AND (production_year <= 1984))
                                            Rows Removed by Filter: 1
                                ->  Index Scan using movie_id_cast_info on cast_info ci  (cost=0.56..17.39 rows=37 width=8) (actual time=0.006..0.068 rows=77 loops=435)
                                      Index Cond: (movie_id = t.id)
                          ->  Index Scan using name_pkey on name n  (cost=0.43..0.46 rows=1 width=19) (actual time=0.003..0.003 rows=0 loops=33415)
                                Index Cond: (id = ci.person_id)
                                Filter: (((name_pcode_cf)::text ~~ 'D%'::text) AND ((gender)::text = 'm'::text))
                                Rows Removed by Filter: 1
                    ->  Index Scan using person_id_person_info on person_info pi  (cost=0.43..0.94 rows=1 width=8) (actual time=0.007..0.007 rows=0 loops=1076)
                          Index Cond: (person_id = ci.person_id)
                          Filter: (note = 'Volker Boehm'::text)
                          Rows Removed by Filter: 16
        ->  Index Scan using person_id_aka_name on aka_name an  (cost=0.42..0.47 rows=2 width=4) (actual time=0.004..0.006 rows=2 loops=8)
              Index Cond: (person_id = ci.person_id)
              Filter: (name ~~ '%a%'::text)
              Rows Removed by Filter: 1
Planning time: 5.393 ms
Execution time: 188.892 ms
