Aggregate  (cost=58012.93..58012.94 rows=1 width=64) (actual time=4811.239..4811.239 rows=1 loops=1)
  ->  Nested Loop  (cost=2495.01..58012.90 rows=6 width=111) (actual time=18.294..4320.559 rows=68185 loops=1)
        ->  Hash Join  (cost=2494.58..58008.78 rows=9 width=119) (actual time=18.280..3965.383 rows=109842 loops=1)
              Hash Cond: (ml.link_type_id = lt.id)
              ->  Nested Loop  (cost=2493.26..58006.99 rows=39 width=123) (actual time=18.258..3914.685 rows=127027 loops=1)
                    ->  Nested Loop  (cost=2492.98..57565.47 rows=1289 width=115) (actual time=18.233..1475.918 rows=1618304 loops=1)
                          ->  Nested Loop  (cost=2492.41..57318.44 rows=14 width=123) (actual time=18.223..703.053 rows=12595 loops=1)
                                ->  Nested Loop  (cost=2491.98..56136.94 rows=1322 width=104) (actual time=18.163..414.486 rows=72979 loops=1)
                                      ->  Nested Loop  (cost=2491.56..55268.13 rows=771 width=100) (actual time=18.146..128.757 rows=84183 loops=1)
                                            ->  Seq Scan on info_type it  (cost=0.00..2.41 rows=1 width=4) (actual time=0.007..0.028 rows=1 loops=1)
                                                  Filter: ((info)::text = 'mini biography'::text)
                                                  Rows Removed by Filter: 112
                                            ->  Bitmap Heap Scan on person_info pi  (cost=2491.56..55226.12 rows=3960 width=104) (actual time=18.137..115.186 rows=84183 loops=1)
                                                  Recheck Cond: (info_type_id = it.id)
                                                  Filter: (note IS NOT NULL)
                                                  Rows Removed by Filter: 1
                                                  Heap Blocks: exact=40387
                                                  ->  Bitmap Index Scan on info_type_id_person_info  (cost=0.00..2490.57 rows=134685 width=0) (actual time=9.732..9.732 rows=84184 loops=1)
                                                        Index Cond: (info_type_id = it.id)
                                      ->  Index Scan using person_id_aka_name on aka_name an  (cost=0.42..1.11 rows=2 width=4) (actual time=0.002..0.003 rows=1 loops=84183)
                                            Index Cond: (person_id = pi.person_id)
                                            Filter: ((name IS NOT NULL) AND ((name ~~ '%a%'::text) OR (name ~~ 'A%'::text)))
                                            Rows Removed by Filter: 0
                                ->  Index Scan using name_pkey on name n  (cost=0.43..0.89 rows=1 width=19) (actual time=0.004..0.004 rows=0 loops=72979)
                                      Index Cond: (id = an.person_id)
                                      Filter: (((name_pcode_cf)::text >= 'A'::text) AND ((name_pcode_cf)::text <= 'F'::text) AND (((gender)::text = 'm'::text) OR (((gender)::text = 'f'::text) AND (name ~~ 'A%'::text))))
                                      Rows Removed by Filter: 1
                          ->  Index Scan using person_id_cast_info on cast_info ci  (cost=0.56..12.53 rows=512 width=8) (actual time=0.005..0.036 rows=128 loops=12595)
                                Index Cond: (person_id = n.id)
                    ->  Index Scan using linked_movie_id_movie_link on movie_link ml  (cost=0.29..0.32 rows=2 width=8) (actual time=0.001..0.001 rows=0 loops=1618304)
                          Index Cond: (linked_movie_id = ci.movie_id)
              ->  Hash  (cost=1.27..1.27 rows=4 width=4) (actual time=0.015..0.015 rows=4 loops=1)
                    Buckets: 1024  Batches: 1  Memory Usage: 9kB
                    ->  Seq Scan on link_type lt  (cost=0.00..1.27 rows=4 width=4) (actual time=0.009..0.013 rows=4 loops=1)
                          Filter: ((link)::text = ANY ('{references,"referenced in",features,"featured in"}'::text[]))
                          Rows Removed by Filter: 14
        ->  Index Scan using title_pkey on title t  (cost=0.43..0.46 rows=1 width=4) (actual time=0.003..0.003 rows=1 loops=109842)
              Index Cond: (id = ci.movie_id)
              Filter: ((production_year >= 1980) AND (production_year <= 2010))
              Rows Removed by Filter: 0
Planning time: 6.028 ms
Execution time: 4811.349 ms
