Aggregate  (cost=304263.50..304263.51 rows=1 width=64) (actual time=3689.691..3689.691 rows=1 loops=1)
  ->  Hash Join  (cost=263505.45..303922.58 rows=68185 width=111) (actual time=1757.825..3109.944 rows=68185 loops=1)
        Hash Cond: (ci.person_id = n.id)
        ->  Nested Loop  (cost=93406.94..129676.37 rows=1097209 width=4) (actual time=920.769..2092.068 rows=1097209 loops=1)
              ->  Hash Join  (cost=93406.37..94364.59 rows=14194 width=8) (actual time=920.739..944.722 rows=14194 loops=1)
                    Hash Cond: (ml.linked_movie_id = t.id)
                    ->  Nested Loop  (cost=35.82..722.54 rows=21505 width=4) (actual time=0.440..11.419 rows=21505 loops=1)
                          ->  Seq Scan on link_type lt  (cost=0.00..1.27 rows=4 width=4) (actual time=0.008..0.033 rows=4 loops=1)
                                Filter: ((link)::text = ANY ('{references,"referenced in",features,"featured in"}'::text[]))
                                Rows Removed by Filter: 14
                          ->  Bitmap Heap Scan on movie_link ml  (cost=35.82..161.57 rows=1875 width=8) (actual time=0.283..1.810 rows=5376 loops=4)
                                Recheck Cond: (link_type_id = lt.id)
                                Heap Blocks: exact=542
                                ->  Bitmap Index Scan on link_type_id_movie_link  (cost=0.00..35.35 rows=1875 width=0) (actual time=0.260..0.260 rows=5376 loops=4)
                                      Index Cond: (link_type_id = lt.id)
                    ->  Hash  (cost=73925.59..73925.59 rows=1555597 width=4) (actual time=914.918..914.918 rows=1555597 loops=1)
                          Buckets: 2097152  Batches: 1  Memory Usage: 71073kB
                          ->  Seq Scan on title t  (cost=0.00..73925.59 rows=1555597 width=4) (actual time=0.010..547.833 rows=1555597 loops=1)
                                Filter: ((production_year >= 1980) AND (production_year <= 2010))
                                Rows Removed by Filter: 972715
              ->  Index Scan using movie_id_cast_info on cast_info ci  (cost=0.56..2.12 rows=37 width=8) (actual time=0.006..0.069 rows=77 loops=14194)
                    Index Cond: (movie_id = t.id)
        ->  Hash  (cost=169941.07..169941.07 rows=12595 width=123) (actual time=836.896..836.896 rows=12595 loops=1)
              Buckets: 16384  Batches: 1  Memory Usage: 10512kB
              ->  Nested Loop  (cost=35984.32..169941.07 rows=12595 width=123) (actual time=407.129..821.998 rows=12595 loops=1)
                    ->  Hash Join  (cost=35983.89..106273.09 rows=72979 width=104) (actual time=407.061..549.081 rows=72979 loops=1)
                          Hash Cond: (pi.person_id = an.person_id)
                          ->  Nested Loop  (cost=2491.56..55268.13 rows=84183 width=100) (actual time=19.834..117.293 rows=84183 loops=1)
                                ->  Seq Scan on info_type it  (cost=0.00..2.41 rows=1 width=4) (actual time=0.017..0.033 rows=1 loops=1)
                                      Filter: ((info)::text = 'mini biography'::text)
                                      Rows Removed by Filter: 112
                                ->  Bitmap Heap Scan on person_info pi  (cost=2491.56..55226.12 rows=3960 width=104) (actual time=19.813..104.843 rows=84183 loops=1)
                                      Recheck Cond: (info_type_id = it.id)
                                      Filter: (note IS NOT NULL)
                                      Rows Removed by Filter: 1
                                      Heap Blocks: exact=40387
                                      ->  Bitmap Index Scan on info_type_id_person_info  (cost=0.00..2490.57 rows=134685 width=0) (actual time=11.406..11.406 rows=84184 loops=1)
                                            Index Cond: (info_type_id = it.id)
                          ->  Hash  (cost=24916.14..24916.14 rows=686095 width=4) (actual time=384.263..384.263 rows=686095 loops=1)
                                Buckets: 1048576  Batches: 1  Memory Usage: 32313kB
                                ->  Seq Scan on aka_name an  (cost=0.00..24916.14 rows=686095 width=4) (actual time=0.012..246.290 rows=686095 loops=1)
                                      Filter: ((name IS NOT NULL) AND ((name ~~ '%a%'::text) OR (name ~~ 'A%'::text)))
                                      Rows Removed by Filter: 215248
                    ->  Index Scan using name_pkey on name n  (cost=0.43..0.87 rows=1 width=19) (actual time=0.003..0.003 rows=0 loops=72979)
                          Index Cond: (id = an.person_id)
                          Filter: (((name_pcode_cf)::text >= 'A'::text) AND ((name_pcode_cf)::text <= 'F'::text) AND (((gender)::text = 'm'::text) OR (((gender)::text = 'f'::text) AND (name ~~ 'A%'::text))))
                          Rows Removed by Filter: 1
Planning time: 6.066 ms
Execution time: 3690.245 ms
