Aggregate  (cost=176066.96..176066.97 rows=1 width=64) (actual time=2057.771..2057.772 rows=1 loops=1)
  ->  Nested Loop  (cost=2.70..176066.95 rows=1 width=33) (actual time=1196.591..2057.694 rows=62 loops=1)
        ->  Nested Loop  (cost=2.27..176064.57 rows=1 width=24) (actual time=1196.574..2057.423 rows=62 loops=1)
              ->  Nested Loop  (cost=1.85..176061.55 rows=4 width=28) (actual time=1196.562..2057.171 rows=64 loops=1)
                    ->  Nested Loop  (cost=1.42..175916.49 rows=87 width=20) (actual time=1196.542..2055.249 rows=659 loops=1)
                          ->  Nested Loop  (cost=0.99..162586.79 rows=17392 width=28) (actual time=8.453..1884.161 rows=75365 loops=1)
                                ->  Nested Loop  (cost=0.56..125092.07 rows=34848 width=8) (actual time=1.360..1779.591 rows=34848 loops=1)
                                      ->  Seq Scan on role_type rt  (cost=0.00..1.15 rows=1 width=4) (actual time=0.008..0.013 rows=1 loops=1)
                                            Filter: ((role)::text = 'actress'::text)
                                            Rows Removed by Filter: 11
                                      ->  Index Scan using role_id_cast_info on cast_info ci  (cost=0.56..125015.15 rows=7578 width=12) (actual time=1.350..1773.755 rows=34848 loops=1)
                                            Index Cond: (role_id = rt.id)
                                            Filter: (note = '(voice: English version)'::text)
                                            Rows Removed by Filter: 7417125
                                ->  Index Scan using person_id_aka_name on aka_name an1  (cost=0.42..1.06 rows=2 width=20) (actual time=0.002..0.002 rows=2 loops=34848)
                                      Index Cond: (person_id = ci.person_id)
                          ->  Index Scan using name_pkey on name n1  (cost=0.43..0.77 rows=1 width=4) (actual time=0.002..0.002 rows=0 loops=75365)
                                Index Cond: (id = an1.person_id)
                                Filter: ((name ~~ '%Yo%'::text) AND (name !~~ '%Yu%'::text))
                                Rows Removed by Filter: 1
                    ->  Index Scan using movie_id_movie_companies on movie_companies mc  (cost=0.43..1.66 rows=1 width=8) (actual time=0.002..0.003 rows=0 loops=659)
                          Index Cond: (movie_id = ci.movie_id)
                          Filter: ((note ~~ '%(Japan)%'::text) AND (note !~~ '%(USA)%'::text))
                          Rows Removed by Filter: 1
              ->  Index Scan using company_name_pkey on company_name cn  (cost=0.42..0.75 rows=1 width=4) (actual time=0.003..0.003 rows=1 loops=64)
                    Index Cond: (id = mc.company_id)
                    Filter: ((country_code)::text = '[jp]'::text)
                    Rows Removed by Filter: 0
        ->  Index Scan using title_pkey on title t  (cost=0.43..2.38 rows=1 width=21) (actual time=0.004..0.004 rows=1 loops=62)
              Index Cond: (id = ci.movie_id)
Planning time: 3.092 ms
Execution time: 2057.846 ms
