Aggregate  (cost=190722.57..190722.58 rows=1 width=64) (actual time=1713.273..1713.273 rows=1 loops=1)
  ->  Nested Loop  (cost=2.70..190722.56 rows=1 width=33) (actual time=1005.175..1713.199 rows=62 loops=1)
        ->  Nested Loop  (cost=2.27..190720.18 rows=1 width=24) (actual time=1005.153..1712.908 rows=62 loops=1)
              ->  Nested Loop  (cost=1.84..190635.87 rows=110 width=32) (actual time=8.648..1672.034 rows=17379 loops=1)
                    ->  Nested Loop  (cost=1.41..188878.85 rows=1633 width=12) (actual time=8.640..1646.765 rows=7438 loops=1)
                          ->  Nested Loop  (cost=0.99..183196.28 rows=7532 width=16) (actual time=8.632..1623.878 rows=7532 loops=1)
                                ->  Nested Loop  (cost=0.56..125092.07 rows=34848 width=8) (actual time=1.107..1510.367 rows=34848 loops=1)
                                      ->  Seq Scan on role_type rt  (cost=0.00..1.15 rows=1 width=4) (actual time=0.007..0.013 rows=1 loops=1)
                                            Filter: ((role)::text = 'actress'::text)
                                            Rows Removed by Filter: 11
                                      ->  Index Scan using role_id_cast_info on cast_info ci  (cost=0.56..125015.15 rows=7578 width=12) (actual time=1.098..1504.755 rows=34848 loops=1)
                                            Index Cond: (role_id = rt.id)
                                            Filter: (note = '(voice: English version)'::text)
                                            Rows Removed by Filter: 7417125
                                ->  Index Scan using movie_id_movie_companies on movie_companies mc  (cost=0.43..1.66 rows=1 width=8) (actual time=0.003..0.003 rows=0 loops=34848)
                                      Index Cond: (movie_id = ci.movie_id)
                                      Filter: ((note ~~ '%(Japan)%'::text) AND (note !~~ '%(USA)%'::text))
                                      Rows Removed by Filter: 2
                          ->  Index Scan using company_name_pkey on company_name cn  (cost=0.42..0.75 rows=1 width=4) (actual time=0.003..0.003 rows=1 loops=7532)
                                Index Cond: (id = mc.company_id)
                                Filter: ((country_code)::text = '[jp]'::text)
                                Rows Removed by Filter: 0
                    ->  Index Scan using person_id_aka_name on aka_name an1  (cost=0.42..1.06 rows=2 width=20) (actual time=0.002..0.003 rows=2 loops=7438)
                          Index Cond: (person_id = ci.person_id)
              ->  Index Scan using name_pkey on name n1  (cost=0.43..0.77 rows=1 width=4) (actual time=0.002..0.002 rows=0 loops=17379)
                    Index Cond: (id = an1.person_id)
                    Filter: ((name ~~ '%Yo%'::text) AND (name !~~ '%Yu%'::text))
                    Rows Removed by Filter: 1
        ->  Index Scan using title_pkey on title t  (cost=0.43..2.38 rows=1 width=21) (actual time=0.004..0.004 rows=1 loops=62)
              Index Cond: (id = ci.movie_id)
Planning time: 3.111 ms
Execution time: 1713.352 ms
