Aggregate  (cost=619617.17..619617.18 rows=1 width=64) (actual time=9777.669..9777.669 rows=1 loops=1)
  ->  Hash Join  (cost=578000.97..607179.12 rows=2487611 width=33) (actual time=8072.908..8842.557 rows=2487611 loops=1)
        Hash Cond: (a1.person_id = n1.id)
        ->  Seq Scan on aka_name a1  (cost=0.00..20409.43 rows=901343 width=20) (actual time=0.009..108.302 rows=901343 loops=1)
        ->  Hash  (cost=553367.75..553367.75 rows=1970658 width=25) (actual time=8067.438..8067.438 rows=1970658 loops=1)
              Buckets: 2097152  Batches: 1  Memory Usage: 129183kB
              ->  Hash Join  (cost=356073.97..553367.75 rows=1970658 width=25) (actual time=4665.186..7591.267 rows=1970658 loops=1)
                    Hash Cond: (ci.person_id = n1.id)
                    ->  Hash Join  (cost=206691.15..379105.36 rows=1970658 width=21) (actual time=2986.807..5286.298 rows=1970658 loops=1)
                          Hash Cond: (ci.movie_id = t.id)
                          ->  Nested Loop  (cost=0.56..149728.64 rows=2728943 width=8) (actual time=0.044..1170.188 rows=2728943 loops=1)
                                ->  Seq Scan on role_type rt  (cost=0.00..1.15 rows=1 width=4) (actual time=0.013..0.022 rows=1 loops=1)
                                      Filter: ((role)::text = 'writer'::text)
                                      Rows Removed by Filter: 11
                                ->  Index Scan using role_id_cast_info on cast_info ci  (cost=0.56..116777.70 rows=3294979 width=12) (actual time=0.026..719.960 rows=2728943 loops=1)
                                      Index Cond: (role_id = rt.id)
                          ->  Hash  (cost=192268.11..192268.11 rows=1153798 width=25) (actual time=2981.753..2981.753 rows=1153798 loops=1)
                                Buckets: 2097152  Batches: 1  Memory Usage: 84892kB
                                ->  Hash Join  (cost=99879.96..192268.11 rows=1153798 width=25) (actual time=1256.096..2637.858 rows=1153798 loops=1)
                                      Hash Cond: (mc.movie_id = t.id)
                                      ->  Hash Join  (cost=6993.00..84814.45 rows=1153798 width=4) (actual time=62.009..922.639 rows=1153798 loops=1)
                                            Hash Cond: (mc.company_id = cn.id)
                                            ->  Seq Scan on movie_companies mc  (cost=0.00..44881.29 rows=2609129 width=8) (actual time=0.012..306.977 rows=2609129 loops=1)
                                            ->  Hash  (cost=5932.46..5932.46 rows=84843 width=4) (actual time=61.483..61.483 rows=84843 loops=1)
                                                  Buckets: 131072  Batches: 1  Memory Usage: 4007kB
                                                  ->  Seq Scan on company_name cn  (cost=0.00..5932.46 rows=84843 width=4) (actual time=0.009..46.354 rows=84843 loops=1)
                                                        Filter: ((country_code)::text = '[us]'::text)
                                                        Rows Removed by Filter: 150154
                                      ->  Hash  (cost=61283.06..61283.06 rows=2528312 width=21) (actual time=1183.702..1183.702 rows=2528312 loops=1)
                                            Buckets: 4194304  Batches: 1  Memory Usage: 168637kB
                                            ->  Seq Scan on title t  (cost=0.00..61283.06 rows=2528312 width=21) (actual time=0.016..453.698 rows=2528312 loops=1)
                    ->  Hash  (cost=97289.19..97289.19 rows=4167491 width=4) (actual time=1667.823..1667.823 rows=4167491 loops=1)
                          Buckets: 4194304  Batches: 1  Memory Usage: 179282kB
                          ->  Seq Scan on name n1  (cost=0.00..97289.19 rows=4167491 width=4) (actual time=0.018..665.813 rows=4167491 loops=1)
Planning time: 2.949 ms
Execution time: 9782.700 ms
