Aggregate  (cost=172671.30..172671.31 rows=1 width=96) (actual time=1327.664..1327.664 rows=1 loops=1)
  ->  Nested Loop  (cost=31679.65..172671.13 rows=22 width=49) (actual time=784.528..1327.508 rows=121 loops=1)
        ->  Nested Loop  (cost=31679.22..172660.46 rows=16 width=37) (actual time=784.511..1327.098 rows=127 loops=1)
              ->  Nested Loop  (cost=31678.81..172639.49 rows=45 width=41) (actual time=782.746..1326.597 rows=130 loops=1)
                    Join Filter: (ci.movie_id = mc.movie_id)
                    ->  Nested Loop  (cost=31678.38..172629.76 rows=15 width=45) (actual time=782.385..1325.412 rows=155 loops=1)
                          ->  Hash Join  (cost=31677.94..172606.66 rows=35 width=24) (actual time=780.804..1323.462 rows=425 loops=1)
                                Hash Cond: (ci.role_id = rt.id)
                                ->  Nested Loop  (cost=31676.78..172600.44 rows=425 width=28) (actual time=780.785..1323.283 rows=425 loops=1)
                                      Join Filter: (n.id = ci.person_id)
                                      ->  Hash Join  (cost=31676.22..151104.06 rows=1558 width=24) (actual time=773.044..1298.587 rows=1558 loops=1)
                                            Hash Cond: (n.id = an.person_id)
                                            ->  Seq Scan on name n  (cost=0.00..118127.29 rows=6768 width=4) (actual time=384.959..908.154 rows=6768 loops=1)
                                                  Filter: ((name ~~ '%Ang%'::text) AND ((gender)::text = 'f'::text))
                                                  Rows Removed by Filter: 4160723
                                            ->  Hash  (cost=20409.43..20409.43 rows=901343 width=20) (actual time=384.126..384.126 rows=901343 loops=1)
                                                  Buckets: 1048576  Batches: 1  Memory Usage: 55917kB
                                                  ->  Seq Scan on aka_name an  (cost=0.00..20409.43 rows=901343 width=20) (actual time=0.014..165.406 rows=901343 loops=1)
                                      ->  Index Scan using person_id_cast_info on cast_info ci  (cost=0.56..13.65 rows=12 width=16) (actual time=0.014..0.015 rows=0 loops=1558)
                                            Index Cond: (person_id = an.person_id)
                                            Filter: (note = ANY ('{(voice),"(voice: Japanese version)","(voice) (uncredited)","(voice: English version)"}'::text[]))
                                            Rows Removed by Filter: 44
                                ->  Hash  (cost=1.15..1.15 rows=1 width=4) (actual time=0.012..0.012 rows=1 loops=1)
                                      Buckets: 1024  Batches: 1  Memory Usage: 9kB
                                      ->  Seq Scan on role_type rt  (cost=0.00..1.15 rows=1 width=4) (actual time=0.008..0.009 rows=1 loops=1)
                                            Filter: ((role)::text = 'actress'::text)
                                            Rows Removed by Filter: 11
                          ->  Index Scan using title_pkey on title t  (cost=0.43..0.66 rows=1 width=21) (actual time=0.004..0.004 rows=0 loops=425)
                                Index Cond: (id = ci.movie_id)
                                Filter: ((production_year >= 2005) AND (production_year <= 2015))
                                Rows Removed by Filter: 1
                    ->  Index Scan using movie_id_movie_companies on movie_companies mc  (cost=0.43..0.64 rows=1 width=8) (actual time=0.005..0.007 rows=1 loops=155)
                          Index Cond: (movie_id = t.id)
                          Filter: ((note IS NOT NULL) AND ((note ~~ '%(USA)%'::text) OR (note ~~ '%(worldwide)%'::text)))
                          Rows Removed by Filter: 5
              ->  Index Scan using company_name_pkey on company_name cn  (cost=0.42..0.47 rows=1 width=4) (actual time=0.003..0.003 rows=1 loops=130)
                    Index Cond: (id = mc.company_id)
                    Filter: ((country_code)::text = '[us]'::text)
                    Rows Removed by Filter: 0
        ->  Index Scan using char_name_pkey on char_name chn  (cost=0.43..0.67 rows=1 width=20) (actual time=0.003..0.003 rows=1 loops=127)
              Index Cond: (id = ci.person_role_id)
Planning time: 5.704 ms
Execution time: 1328.027 ms
