Aggregate  (cost=119597.47..119597.48 rows=1 width=128) (actual time=941.048..941.048 rows=1 loops=1)
  ->  Nested Loop  (cost=2.70..119597.46 rows=1 width=64) (actual time=404.220..940.960 rows=40 loops=1)
        ->  Nested Loop  (cost=2.28..119596.88 rows=1 width=68) (actual time=404.209..940.787 rows=40 loops=1)
              ->  Nested Loop  (cost=1.85..119596.17 rows=1 width=72) (actual time=404.184..940.288 rows=60 loops=1)
                    ->  Nested Loop  (cost=1.42..119595.46 rows=1 width=60) (actual time=393.944..940.072 rows=65 loops=1)
                          ->  Nested Loop  (cost=0.99..119593.36 rows=3 width=39) (actual time=392.759..938.822 rows=265 loops=1)
                                Join Filter: (ci.role_id = rt.id)
                                ->  Seq Scan on role_type rt  (cost=0.00..1.15 rows=1 width=4) (actual time=0.008..0.011 rows=1 loops=1)
                                      Filter: ((role)::text = 'actress'::text)
                                      Rows Removed by Filter: 11
                                ->  Nested Loop  (cost=0.99..119591.71 rows=40 width=43) (actual time=392.748..938.739 rows=265 loops=1)
                                      Join Filter: (n.id = ci.person_id)
                                      ->  Nested Loop  (cost=0.42..119329.37 rows=21 width=39) (actual time=384.686..921.592 rows=1296 loops=1)
                                            ->  Seq Scan on name n  (cost=0.00..118127.29 rows=97 width=19) (actual time=383.729..906.920 rows=5409 loops=1)
                                                  Filter: ((name ~~ '%Angel%'::text) AND ((gender)::text = 'f'::text))
                                                  Rows Removed by Filter: 4162082
                                            ->  Index Scan using person_id_aka_name on aka_name an  (cost=0.42..12.37 rows=2 width=20) (actual time=0.002..0.002 rows=0 loops=5409)
                                                  Index Cond: (person_id = n.id)
                                      ->  Index Scan using person_id_cast_info on cast_info ci  (cost=0.56..12.37 rows=10 width=16) (actual time=0.012..0.013 rows=0 loops=1296)
                                            Index Cond: (person_id = an.person_id)
                                            Filter: (note = '(voice)'::text)
                                            Rows Removed by Filter: 43
                          ->  Index Scan using title_pkey on title t  (cost=0.43..0.70 rows=1 width=21) (actual time=0.004..0.004 rows=0 loops=265)
                                Index Cond: (id = ci.movie_id)
                                Filter: ((production_year >= 2007) AND (production_year <= 2010))
                                Rows Removed by Filter: 1
                    ->  Index Scan using char_name_pkey on char_name chn  (cost=0.43..0.71 rows=1 width=20) (actual time=0.003..0.003 rows=1 loops=65)
                          Index Cond: (id = ci.person_role_id)
              ->  Index Scan using movie_id_movie_companies on movie_companies mc  (cost=0.43..0.70 rows=1 width=8) (actual time=0.006..0.008 rows=1 loops=60)
                    Index Cond: (movie_id = ci.movie_id)
                    Filter: ((note ~~ '%(200%)%'::text) AND ((note ~~ '%(USA)%'::text) OR (note ~~ '%(worldwide)%'::text)))
                    Rows Removed by Filter: 7
        ->  Index Scan using company_name_pkey on company_name cn  (cost=0.42..0.59 rows=1 width=4) (actual time=0.004..0.004 rows=1 loops=40)
              Index Cond: (id = mc.company_id)
              Filter: ((country_code)::text = '[us]'::text)
Planning time: 5.302 ms
Execution time: 941.145 ms
