Aggregate  (cost=165645.92..165645.93 rows=1 width=128) (actual time=1317.697..1317.697 rows=1 loops=1)
  ->  Nested Loop  (cost=31679.65..165645.91 rows=1 width=64) (actual time=790.864..1317.602 rows=40 loops=1)
        ->  Nested Loop  (cost=31679.22..165643.76 rows=3 width=52) (actual time=790.845..1317.451 rows=40 loops=1)
              ->  Nested Loop  (cost=31678.79..165634.60 rows=13 width=43) (actual time=780.166..1317.021 rows=97 loops=1)
                    ->  Nested Loop  (cost=31678.38..165615.46 rows=37 width=47) (actual time=780.150..1316.616 rows=103 loops=1)
                          ->  Hash Join  (cost=31677.94..165486.16 rows=182 width=39) (actual time=780.128..1314.805 rows=265 loops=1)
                                Hash Cond: (ci.role_id = rt.id)
                                ->  Nested Loop  (cost=31676.78..165459.04 rows=2184 width=43) (actual time=780.109..1314.671 rows=265 loops=1)
                                      Join Filter: (n.id = ci.person_id)
                                      ->  Hash Join  (cost=31676.22..150842.91 rows=1170 width=39) (actual time=772.639..1297.180 rows=1296 loops=1)
                                            Hash Cond: (n.id = an.person_id)
                                            ->  Seq Scan on name n  (cost=0.00..118127.29 rows=5409 width=19) (actual time=384.205..906.800 rows=5409 loops=1)
                                                  Filter: ((name ~~ '%Angel%'::text) AND ((gender)::text = 'f'::text))
                                                  Rows Removed by Filter: 4162082
                                            ->  Hash  (cost=20409.43..20409.43 rows=901343 width=20) (actual time=384.453..384.453 rows=901343 loops=1)
                                                  Buckets: 1048576  Batches: 1  Memory Usage: 55917kB
                                                  ->  Seq Scan on aka_name an  (cost=0.00..20409.43 rows=901343 width=20) (actual time=0.014..165.262 rows=901343 loops=1)
                                      ->  Index Scan using person_id_cast_info on cast_info ci  (cost=0.56..12.37 rows=10 width=16) (actual time=0.012..0.013 rows=0 loops=1296)
                                            Index Cond: (person_id = an.person_id)
                                            Filter: (note = '(voice)'::text)
                                            Rows Removed by Filter: 43
                                ->  Hash  (cost=1.15..1.15 rows=1 width=4) (actual time=0.011..0.011 rows=1 loops=1)
                                      Buckets: 1024  Batches: 1  Memory Usage: 9kB
                                      ->  Seq Scan on role_type rt  (cost=0.00..1.15 rows=1 width=4) (actual time=0.008..0.009 rows=1 loops=1)
                                            Filter: ((role)::text = 'actress'::text)
                                            Rows Removed by Filter: 11
                          ->  Index Scan using movie_id_movie_companies on movie_companies mc  (cost=0.43..0.70 rows=1 width=8) (actual time=0.005..0.006 rows=0 loops=265)
                                Index Cond: (movie_id = ci.movie_id)
                                Filter: ((note ~~ '%(200%)%'::text) AND ((note ~~ '%(USA)%'::text) OR (note ~~ '%(worldwide)%'::text)))
                                Rows Removed by Filter: 4
                    ->  Index Scan using company_name_pkey on company_name cn  (cost=0.42..0.52 rows=1 width=4) (actual time=0.003..0.003 rows=1 loops=103)
                          Index Cond: (id = mc.company_id)
                          Filter: ((country_code)::text = '[us]'::text)
                          Rows Removed by Filter: 0
              ->  Index Scan using title_pkey on title t  (cost=0.43..0.70 rows=1 width=21) (actual time=0.004..0.004 rows=0 loops=97)
                    Index Cond: (id = ci.movie_id)
                    Filter: ((production_year >= 2007) AND (production_year <= 2010))
                    Rows Removed by Filter: 1
        ->  Index Scan using char_name_pkey on char_name chn  (cost=0.43..0.71 rows=1 width=20) (actual time=0.003..0.003 rows=1 loops=40)
              Index Cond: (id = ci.person_role_id)
Planning time: 5.385 ms
Execution time: 1319.159 ms
