Aggregate  (cost=192171.96..192171.97 rows=1 width=128) (actual time=2610.343..2610.343 rows=1 loops=1)
  ->  Nested Loop  (cost=3.13..192162.30 rows=966 width=64) (actual time=25.688..2603.377 rows=8144 loops=1)
        Join Filter: (n.id = an.person_id)
        ->  Nested Loop  (cost=2.71..191937.23 rows=410 width=56) (actual time=6.654..2587.346 rows=4503 loops=1)
              Join Filter: (ci.movie_id = t.id)
              ->  Nested Loop  (cost=2.27..191720.35 rows=410 width=47) (actual time=6.645..2570.362 rows=4503 loops=1)
                    ->  Nested Loop  (cost=1.85..191214.26 rows=1135 width=51) (actual time=6.639..2527.709 rows=12383 loops=1)
                          ->  Nested Loop  (cost=1.42..190920.16 rows=428 width=43) (actual time=6.626..2498.544 rows=5686 loops=1)
                                ->  Nested Loop  (cost=0.99..190341.01 rows=868 width=31) (actual time=6.621..2477.375 rows=6552 loops=1)
                                      ->  Nested Loop  (cost=0.56..134050.03 rows=72290 width=12) (actual time=0.161..1779.008 rows=276166 loops=1)
                                            ->  Seq Scan on role_type rt  (cost=0.00..1.15 rows=1 width=4) (actual time=0.007..0.016 rows=1 loops=1)
                                                  Filter: ((role)::text = 'actress'::text)
                                                  Rows Removed by Filter: 11
                                            ->  Index Scan using role_id_cast_info on cast_info ci  (cost=0.56..133252.59 rows=79629 width=16) (actual time=0.152..1736.114 rows=276166 loops=1)
                                                  Index Cond: (role_id = rt.id)
                                                  Filter: (note = ANY ('{(voice),"(voice: Japanese version)","(voice) (uncredited)","(voice: English version)"}'::text[]))
                                                  Rows Removed by Filter: 7175807
                                      ->  Index Scan using name_pkey on name n  (cost=0.43..0.78 rows=1 width=19) (actual time=0.002..0.002 rows=0 loops=276166)
                                            Index Cond: (id = ci.person_id)
                                            Filter: ((name ~~ '%An%'::text) AND ((gender)::text = 'f'::text))
                                            Rows Removed by Filter: 1
                                ->  Index Scan using char_name_pkey on char_name chn  (cost=0.43..0.67 rows=1 width=20) (actual time=0.003..0.003 rows=1 loops=6552)
                                      Index Cond: (id = ci.person_role_id)
                          ->  Index Scan using movie_id_movie_companies on movie_companies mc  (cost=0.43..0.64 rows=5 width=8) (actual time=0.003..0.004 rows=2 loops=5686)
                                Index Cond: (movie_id = ci.movie_id)
                    ->  Index Scan using company_name_pkey on company_name cn  (cost=0.42..0.45 rows=1 width=4) (actual time=0.003..0.003 rows=0 loops=12383)
                          Index Cond: (id = mc.company_id)
                          Filter: ((country_code)::text = '[us]'::text)
                          Rows Removed by Filter: 1
              ->  Index Scan using title_pkey on title t  (cost=0.43..0.52 rows=1 width=21) (actual time=0.003..0.003 rows=1 loops=4503)
                    Index Cond: (id = mc.movie_id)
        ->  Index Scan using person_id_aka_name on aka_name an  (cost=0.42..0.52 rows=2 width=20) (actual time=0.002..0.003 rows=2 loops=4503)
              Index Cond: (person_id = ci.person_id)
Planning time: 5.765 ms
Execution time: 2610.439 ms
