Aggregate  (cost=605619.72..605619.73 rows=1 width=128) (actual time=8174.154..8174.154 rows=1 loops=1)
  ->  Hash Join  (cost=576624.42..600789.27 rows=483045 width=64) (actual time=7481.730..7833.045 rows=483082 loops=1)
        Hash Cond: (an.person_id = n.id)
        ->  Seq Scan on aka_name an  (cost=0.00..20409.43 rows=901343 width=20) (actual time=0.009..108.175 rows=901343 loops=1)
        ->  Hash  (cost=574454.84..574454.84 rows=173567 width=56) (actual time=7480.460..7480.460 rows=173567 loops=1)
              Buckets: 262144  Batches: 1  Memory Usage: 18048kB
              ->  Hash Join  (cost=433524.02..574454.84 rows=173567 width=56) (actual time=5376.551..7420.791 rows=173567 loops=1)
                    Hash Cond: (ci.person_id = n.id)
                    ->  Hash Join  (cost=313796.34..452534.74 rows=173657 width=37) (actual time=4429.045..6400.923 rows=173657 loops=1)
                          Hash Cond: (ci.person_role_id = chn.id)
                          ->  Hash Join  (cost=206691.15..343036.43 rows=189554 width=25) (actual time=2975.721..4870.536 rows=189554 loops=1)
                                Hash Cond: (ci.movie_id = t.id)
                                ->  Nested Loop  (cost=0.56..134050.03 rows=276166 width=12) (actual time=0.194..1770.940 rows=276166 loops=1)
                                      ->  Seq Scan on role_type rt  (cost=0.00..1.15 rows=1 width=4) (actual time=0.016..0.025 rows=1 loops=1)
                                            Filter: ((role)::text = 'actress'::text)
                                            Rows Removed by Filter: 11
                                      ->  Index Scan using role_id_cast_info on cast_info ci  (cost=0.56..133252.59 rows=79629 width=16) (actual time=0.173..1731.902 rows=276166 loops=1)
                                            Index Cond: (role_id = rt.id)
                                            Filter: (note = ANY ('{(voice),"(voice: Japanese version)","(voice) (uncredited)","(voice: English version)"}'::text[]))
                                            Rows Removed by Filter: 7175807
                                ->  Hash  (cost=192268.11..192268.11 rows=1153798 width=25) (actual time=2969.882..2969.882 rows=1153798 loops=1)
                                      Buckets: 2097152  Batches: 1  Memory Usage: 84892kB
                                      ->  Hash Join  (cost=99879.96..192268.11 rows=1153798 width=25) (actual time=1249.528..2625.358 rows=1153798 loops=1)
                                            Hash Cond: (mc.movie_id = t.id)
                                            ->  Hash Join  (cost=6993.00..84814.45 rows=1153798 width=4) (actual time=62.298..930.682 rows=1153798 loops=1)
                                                  Hash Cond: (mc.company_id = cn.id)
                                                  ->  Seq Scan on movie_companies mc  (cost=0.00..44881.29 rows=2609129 width=8) (actual time=0.015..307.093 rows=2609129 loops=1)
                                                  ->  Hash  (cost=5932.46..5932.46 rows=84843 width=4) (actual time=61.741..61.741 rows=84843 loops=1)
                                                        Buckets: 131072  Batches: 1  Memory Usage: 4007kB
                                                        ->  Seq Scan on company_name cn  (cost=0.00..5932.46 rows=84843 width=4) (actual time=0.009..46.425 rows=84843 loops=1)
                                                              Filter: ((country_code)::text = '[us]'::text)
                                                              Rows Removed by Filter: 150154
                                            ->  Hash  (cost=61283.06..61283.06 rows=2528312 width=21) (actual time=1176.854..1176.854 rows=2528312 loops=1)
                                                  Buckets: 4194304  Batches: 1  Memory Usage: 168637kB
                                                  ->  Seq Scan on title t  (cost=0.00..61283.06 rows=2528312 width=21) (actual time=0.021..450.297 rows=2528312 loops=1)
                          ->  Hash  (cost=67850.96..67850.96 rows=3140339 width=20) (actual time=1442.764..1442.764 rows=3140339 loops=1)
                                Buckets: 4194304  Batches: 1  Memory Usage: 198037kB
                                ->  Seq Scan on char_name chn  (cost=0.00..67850.96 rows=3140339 width=20) (actual time=0.026..548.293 rows=3140339 loops=1)
                    ->  Hash  (cost=107708.24..107708.24 rows=961555 width=19) (actual time=944.574..944.574 rows=961555 loops=1)
                          Buckets: 1048576  Batches: 1  Memory Usage: 58170kB
                          ->  Seq Scan on name n  (cost=0.00..107708.24 rows=961555 width=19) (actual time=285.533..697.343 rows=961555 loops=1)
                                Filter: ((gender)::text = 'f'::text)
                                Rows Removed by Filter: 3205936
Planning time: 5.841 ms
Execution time: 8182.865 ms
