Aggregate  (cost=92490.68..92490.69 rows=1 width=64) (actual time=418.979..418.979 rows=1 loops=1)
  ->  Nested Loop  (cost=1.85..92490.66 rows=4 width=33) (actual time=5.669..418.881 rows=104 loops=1)
        Join Filter: (mc.company_type_id = ct.id)
        Rows Removed by Join Filter: 18
        ->  Nested Loop  (cost=1.85..92473.31 rows=4 width=37) (actual time=5.663..418.808 rows=104 loops=1)
              ->  Nested Loop  (cost=1.42..92434.78 rows=9 width=25) (actual time=5.655..417.997 rows=112 loops=1)
                    ->  Nested Loop  (cost=0.99..92424.92 rows=19 width=16) (actual time=0.490..416.851 rows=275 loops=1)
                          Join Filter: (ci.role_id = rt.id)
                          Rows Removed by Join Filter: 102
                          ->  Seq Scan on role_type rt  (cost=0.00..18.88 rows=1 width=4) (actual time=0.005..0.007 rows=1 loops=1)
                                Filter: ((role)::text = 'actor'::text)
                                Rows Removed by Filter: 11
                          ->  Nested Loop  (cost=0.99..92403.39 rows=212 width=20) (actual time=0.484..416.762 rows=377 loops=1)
                                ->  Nested Loop  (cost=0.43..66765.91 rows=13166 width=8) (actual time=0.052..43.450 rows=8790 loops=1)
                                      ->  Seq Scan on company_name cn  (cost=0.00..5932.46 rows=1330 width=4) (actual time=0.010..25.882 rows=1361 loops=1)
                                            Filter: ((country_code)::text = '[ru]'::text)
                                            Rows Removed by Filter: 233636
                                      ->  Index Scan using company_id_movie_companies on movie_companies mc  (cost=0.43..44.41 rows=133 width=12) (actual time=0.007..0.012 rows=6 loops=1361)
                                            Index Cond: (company_id = cn.id)
                                ->  Index Scan using movie_id_cast_info on cast_info ci  (cost=0.56..1.94 rows=1 width=12) (actual time=0.040..0.042 rows=0 loops=8790)
                                      Index Cond: (movie_id = mc.movie_id)
                                      Filter: ((note ~~ '%(voice)%'::text) AND (note ~~ '%(uncredited)%'::text))
                                      Rows Removed by Filter: 46
                    ->  Index Scan using title_pkey on title t  (cost=0.43..0.52 rows=1 width=21) (actual time=0.004..0.004 rows=0 loops=275)
                          Index Cond: (id = mc.movie_id)
                          Filter: (production_year > 2005)
                          Rows Removed by Filter: 1
              ->  Index Scan using char_name_pkey on char_name chn  (cost=0.43..4.28 rows=1 width=20) (actual time=0.007..0.007 rows=1 loops=112)
                    Index Cond: (id = ci.person_role_id)
        ->  Materialize  (cost=0.00..17.12 rows=4 width=4) (actual time=0.000..0.000 rows=1 loops=104)
              ->  Seq Scan on company_type ct  (cost=0.00..17.10 rows=4 width=4) (actual time=0.004..0.004 rows=2 loops=1)
Planning time: 1.677 ms
Execution time: 419.032 ms
