Aggregate  (cost=80571.88..80571.89 rows=1 width=64) (actual time=233.040..233.040 rows=1 loops=1)
  ->  Nested Loop  (cost=2.12..80571.36 rows=104 width=33) (actual time=1.605..232.963 rows=104 loops=1)
        ->  Nested Loop  (cost=1.99..80556.19 rows=104 width=37) (actual time=1.602..232.796 rows=104 loops=1)
              ->  Nested Loop  (cost=1.56..80076.07 rows=112 width=25) (actual time=1.597..232.350 rows=112 loops=1)
                    ->  Nested Loop  (cost=1.42..80052.48 rows=151 width=29) (actual time=1.594..232.108 rows=151 loops=1)
                          Join Filter: (t.id = ci.movie_id)
                          ->  Nested Loop  (cost=0.86..71304.69 rows=4539 width=29) (actual time=0.068..61.426 rows=4539 loops=1)
                                ->  Nested Loop  (cost=0.43..66770.64 rows=8790 width=8) (actual time=0.019..36.013 rows=8790 loops=1)
                                      ->  Seq Scan on company_name cn  (cost=0.00..5932.46 rows=1361 width=4) (actual time=0.013..24.777 rows=1361 loops=1)
                                            Filter: ((country_code)::text = '[ru]'::text)
                                            Rows Removed by Filter: 233636
                                      ->  Index Scan using company_id_movie_companies on movie_companies mc  (cost=0.43..43.37 rows=133 width=12) (actual time=0.003..0.007 rows=6 loops=1361)
                                            Index Cond: (company_id = cn.id)
                                ->  Index Scan using title_pkey on title t  (cost=0.43..0.52 rows=1 width=21) (actual time=0.003..0.003 rows=1 loops=8790)
                                      Index Cond: (id = mc.movie_id)
                                      Filter: (production_year > 2005)
                                      Rows Removed by Filter: 0
                          ->  Index Scan using movie_id_cast_info on cast_info ci  (cost=0.56..1.91 rows=1 width=12) (actual time=0.035..0.037 rows=0 loops=4539)
                                Index Cond: (movie_id = mc.movie_id)
                                Filter: ((note ~~ '%(voice)%'::text) AND (note ~~ '%(uncredited)%'::text))
                                Rows Removed by Filter: 50
                    ->  Index Scan using role_type_pkey on role_type rt  (cost=0.14..0.16 rows=1 width=4) (actual time=0.001..0.001 rows=1 loops=151)
                          Index Cond: (id = ci.role_id)
                          Filter: ((role)::text = 'actor'::text)
                          Rows Removed by Filter: 0
              ->  Index Scan using char_name_pkey on char_name chn  (cost=0.43..4.29 rows=1 width=20) (actual time=0.003..0.003 rows=1 loops=112)
                    Index Cond: (id = ci.person_role_id)
        ->  Index Only Scan using company_type_pkey on company_type ct  (cost=0.13..0.15 rows=1 width=4) (actual time=0.001..0.001 rows=1 loops=104)
              Index Cond: (id = mc.company_type_id)
              Heap Fetches: 104
Planning time: 1.698 ms
Execution time: 233.094 ms
