Aggregate  (cost=1025947.00..1025947.01 rows=1 width=64) (actual time=7420.600..7420.600 rows=1 loops=1)
  ->  Hash Join  (cost=299630.04..1024940.22 rows=201357 width=33) (actual time=3535.662..7420.566 rows=10 loops=1)
        Hash Cond: (ci.role_id = rt.id)
        ->  Hash Join  (cost=299612.79..1022383.35 rows=201357 width=37) (actual time=3535.638..7420.535 rows=10 loops=1)
              Hash Cond: (mc.company_type_id = ct.id)
              ->  Hash Join  (cost=299595.64..1019826.59 rows=201357 width=41) (actual time=3535.624..7420.515 rows=10 loops=1)
                    Hash Cond: (ci.person_role_id = chn.id)
                    ->  Hash Join  (cost=192490.01..907477.35 rows=415335 width=29) (actual time=2308.619..6154.122 rows=782104 loops=1)
                          Hash Cond: (ci.movie_id = t.id)
                          ->  Seq Scan on cast_info ci  (cost=0.00..705738.80 rows=1524260 width=12) (actual time=228.167..3619.711 rows=1435439 loops=1)
                                Filter: (note ~~ '%(producer)%'::text)
                                Rows Removed by Filter: 34808905
                          ->  Hash  (cost=185165.19..185165.19 rows=585985 width=29) (actual time=2078.243..2078.243 rows=596250 loops=1)
                                Buckets: 1048576  Batches: 1  Memory Usage: 46113kB
                                ->  Hash Join  (cost=96797.12..185165.19 rows=585985 width=29) (actual time=890.668..1929.613 rows=596250 loops=1)
                                      Hash Cond: (mc.movie_id = t.id)
                                      ->  Hash Join  (cost=6987.36..84808.81 rows=835376 width=8) (actual time=46.189..740.516 rows=1153798 loops=1)
                                            Hash Cond: (mc.company_id = cn.id)
                                            ->  Seq Scan on movie_companies mc  (cost=0.00..44881.29 rows=2609129 width=12) (actual time=0.010..222.455 rows=2609129 loops=1)
                                            ->  Hash  (cost=5932.46..5932.46 rows=84392 width=4) (actual time=45.658..45.658 rows=84843 loops=1)
                                                  Buckets: 131072  Batches: 1  Memory Usage: 4007kB
                                                  ->  Seq Scan on company_name cn  (cost=0.00..5932.46 rows=84392 width=4) (actual time=0.008..32.704 rows=84843 loops=1)
                                                        Filter: ((country_code)::text = '[us]'::text)
                                                        Rows Removed by Filter: 150154
                                      ->  Hash  (cost=67603.64..67603.64 rows=1776490 width=21) (actual time=839.899..839.899 rows=1749032 loops=1)
                                            Buckets: 2097152  Batches: 1  Memory Usage: 110019kB
                                            ->  Seq Scan on title t  (cost=0.00..67603.64 rows=1776490 width=21) (actual time=0.010..405.124 rows=1749032 loops=1)
                                                  Filter: (production_year > 1990)
                                                  Rows Removed by Filter: 779280
                    ->  Hash  (cost=67851.40..67851.40 rows=3140339 width=20) (actual time=1218.478..1218.478 rows=3140339 loops=1)
                          Buckets: 4194304  Batches: 1  Memory Usage: 198037kB
                          ->  Seq Scan on char_name chn  (cost=0.00..67851.40 rows=3140339 width=20) (actual time=0.008..424.880 rows=3140339 loops=1)
              ->  Hash  (cost=17.10..17.10 rows=4 width=4) (actual time=0.005..0.005 rows=4 loops=1)
                    Buckets: 1024  Batches: 1  Memory Usage: 9kB
                    ->  Seq Scan on company_type ct  (cost=0.00..17.10 rows=4 width=4) (actual time=0.002..0.003 rows=4 loops=1)
        ->  Hash  (cost=17.10..17.10 rows=12 width=4) (actual time=0.011..0.011 rows=12 loops=1)
              Buckets: 1024  Batches: 1  Memory Usage: 9kB
              ->  Seq Scan on role_type rt  (cost=0.00..17.10 rows=12 width=4) (actual time=0.005..0.006 rows=12 loops=1)
Planning time: 1.747 ms
Execution time: 7422.199 ms
