Aggregate  (cost=1025947.00..1025947.01 rows=1 width=64) (actual time=7538.439..7538.439 rows=1 loops=1)
  ->  Hash Join  (cost=299630.04..1024940.22 rows=201357 width=33) (actual time=3651.444..7538.408 rows=10 loops=1)
        Hash Cond: (ci.role_id = rt.id)
        ->  Hash Join  (cost=299612.79..1022383.35 rows=201357 width=37) (actual time=3651.432..7538.390 rows=10 loops=1)
              Hash Cond: (mc.company_type_id = ct.id)
              ->  Hash Join  (cost=299595.64..1019826.59 rows=201357 width=41) (actual time=3651.424..7538.376 rows=10 loops=1)
                    Hash Cond: (ci.person_role_id = chn.id)
                    ->  Hash Join  (cost=192490.01..907477.35 rows=415335 width=29) (actual time=2306.747..6154.258 rows=782104 loops=1)
                          Hash Cond: (ci.movie_id = t.id)
                          ->  Seq Scan on cast_info ci  (cost=0.00..705738.80 rows=1524260 width=12) (actual time=227.263..3621.365 rows=1435439 loops=1)
                                Filter: (note ~~ '%(producer)%'::text)
                                Rows Removed by Filter: 34808905
                          ->  Hash  (cost=185165.19..185165.19 rows=585985 width=29) (actual time=2077.269..2077.269 rows=596250 loops=1)
                                Buckets: 1048576  Batches: 1  Memory Usage: 46113kB
                                ->  Hash Join  (cost=96797.12..185165.19 rows=585985 width=29) (actual time=891.183..1928.547 rows=596250 loops=1)
                                      Hash Cond: (mc.movie_id = t.id)
                                      ->  Hash Join  (cost=6987.36..84808.81 rows=835376 width=8) (actual time=46.406..740.037 rows=1153798 loops=1)
                                            Hash Cond: (mc.company_id = cn.id)
                                            ->  Seq Scan on movie_companies mc  (cost=0.00..44881.29 rows=2609129 width=12) (actual time=0.010..222.612 rows=2609129 loops=1)
                                            ->  Hash  (cost=5932.46..5932.46 rows=84392 width=4) (actual time=45.875..45.875 rows=84843 loops=1)
                                                  Buckets: 131072  Batches: 1  Memory Usage: 4007kB
                                                  ->  Seq Scan on company_name cn  (cost=0.00..5932.46 rows=84392 width=4) (actual time=0.008..32.810 rows=84843 loops=1)
                                                        Filter: ((country_code)::text = '[us]'::text)
                                                        Rows Removed by Filter: 150154
                                      ->  Hash  (cost=67603.64..67603.64 rows=1776490 width=21) (actual time=840.182..840.182 rows=1749032 loops=1)
                                            Buckets: 2097152  Batches: 1  Memory Usage: 110019kB
                                            ->  Seq Scan on title t  (cost=0.00..67603.64 rows=1776490 width=21) (actual time=0.011..405.412 rows=1749032 loops=1)
                                                  Filter: (production_year > 1990)
                                                  Rows Removed by Filter: 779280
                    ->  Hash  (cost=67851.40..67851.40 rows=3140339 width=20) (actual time=1336.159..1336.159 rows=3140339 loops=1)
                          Buckets: 4194304  Batches: 1  Memory Usage: 198037kB
                          ->  Seq Scan on char_name chn  (cost=0.00..67851.40 rows=3140339 width=20) (actual time=0.022..539.259 rows=3140339 loops=1)
              ->  Hash  (cost=17.10..17.10 rows=4 width=4) (actual time=0.004..0.004 rows=4 loops=1)
                    Buckets: 1024  Batches: 1  Memory Usage: 9kB
                    ->  Seq Scan on company_type ct  (cost=0.00..17.10 rows=4 width=4) (actual time=0.002..0.003 rows=4 loops=1)
        ->  Hash  (cost=17.10..17.10 rows=12 width=4) (actual time=0.008..0.008 rows=12 loops=1)
              Buckets: 1024  Batches: 1  Memory Usage: 9kB
              ->  Seq Scan on role_type rt  (cost=0.00..17.10 rows=12 width=4) (actual time=0.004..0.005 rows=12 loops=1)
Planning time: 1.619 ms
Execution time: 7540.027 ms
