Aggregate  (cost=3822.00..3822.01 rows=1 width=96) (actual time=29.829..29.829 rows=1 loops=1)
  ->  Nested Loop  (cost=8.39..3821.99 rows=1 width=118) (actual time=3.552..29.816 rows=14 loops=1)
        Join Filter: (ml.movie_id = t.id)
        ->  Nested Loop  (cost=7.96..3821.49 rows=1 width=113) (actual time=2.251..29.615 rows=102 loops=1)
              Join Filter: (mc.company_type_id = ct.id)
              Rows Removed by Join Filter: 1
              ->  Nested Loop  (cost=7.96..3802.60 rows=1 width=117) (actual time=2.248..29.499 rows=103 loops=1)
                    ->  Nested Loop  (cost=7.54..3802.14 rows=1 width=102) (actual time=2.097..28.926 rows=288 loops=1)
                          Join Filter: (ml.movie_id = mc.movie_id)
                          ->  Nested Loop  (cost=7.11..3801.56 rows=1 width=90) (actual time=2.089..28.631 rows=64 loops=1)
                                Join Filter: (ml.link_type_id = lt.id)
                                Rows Removed by Join Filter: 187
                                ->  Nested Loop  (cost=7.11..3782.66 rows=1 width=12) (actual time=2.072..27.981 rows=251 loops=1)
                                      ->  Nested Loop  (cost=6.83..3768.21 rows=34 width=4) (actual time=2.066..19.569 rows=10544 loops=1)
                                            ->  Seq Scan on keyword k  (cost=0.00..2626.12 rows=1 width=4) (actual time=0.568..10.313 rows=1 loops=1)
                                                  Filter: (keyword = 'sequel'::text)
                                                  Rows Removed by Filter: 134169
                                            ->  Bitmap Heap Scan on movie_keyword mk  (cost=6.83..1138.99 rows=309 width=8) (actual time=1.497..8.160 rows=10544 loops=1)
                                                  Recheck Cond: (keyword_id = k.id)
                                                  Heap Blocks: exact=5570
                                                  ->  Bitmap Index Scan on keyword_id_movie_keyword  (cost=0.00..6.75 rows=309 width=0) (actual time=0.795..0.795 rows=10544 loops=1)
                                                        Index Cond: (keyword_id = k.id)
                                      ->  Index Scan using movie_id_movie_link on movie_link ml  (cost=0.29..0.38 rows=5 width=8) (actual time=0.001..0.001 rows=0 loops=10544)
                                            Index Cond: (movie_id = mk.movie_id)
                                ->  Seq Scan on link_type lt  (cost=0.00..18.88 rows=2 width=86) (actual time=0.001..0.002 rows=1 loops=251)
                                      Filter: ((link)::text ~~ '%follows%'::text)
                                      Rows Removed by Filter: 13
                          ->  Index Scan using movie_id_movie_companies on movie_companies mc  (cost=0.43..0.54 rows=3 width=12) (actual time=0.003..0.004 rows=4 loops=64)
                                Index Cond: (movie_id = mk.movie_id)
                                Filter: (note IS NULL)
                                Rows Removed by Filter: 2
                    ->  Index Scan using company_name_pkey on company_name cn  (cost=0.42..0.46 rows=1 width=23) (actual time=0.002..0.002 rows=0 loops=288)
                          Index Cond: (id = mc.company_id)
                          Filter: (((country_code)::text <> '[pl]'::text) AND ((name ~~ '%Film%'::text) OR (name ~~ '%Warner%'::text)))
                          Rows Removed by Filter: 1
              ->  Seq Scan on company_type ct  (cost=0.00..18.88 rows=1 width=4) (actual time=0.000..0.000 rows=1 loops=103)
                    Filter: ((kind)::text = 'production companies'::text)
                    Rows Removed by Filter: 1
        ->  Index Scan using title_pkey on title t  (cost=0.43..0.49 rows=1 width=21) (actual time=0.002..0.002 rows=0 loops=102)
              Index Cond: (id = mk.movie_id)
              Filter: ((title ~~ '%Money%'::text) AND (production_year = 1998))
              Rows Removed by Filter: 1
Planning time: 3.330 ms
Execution time: 29.899 ms
