Aggregate  (cost=3822.00..3822.01 rows=1 width=96) (actual time=30.100..30.100 rows=1 loops=1)
  ->  Nested Loop  (cost=8.39..3821.99 rows=1 width=118) (actual time=3.508..30.088 rows=14 loops=1)
        Join Filter: (ml.movie_id = t.id)
        ->  Nested Loop  (cost=7.96..3821.49 rows=1 width=113) (actual time=2.274..29.902 rows=102 loops=1)
              Join Filter: (mc.company_type_id = ct.id)
              Rows Removed by Join Filter: 1
              ->  Nested Loop  (cost=7.96..3802.60 rows=1 width=117) (actual time=2.271..29.795 rows=103 loops=1)
                    ->  Nested Loop  (cost=7.54..3802.14 rows=1 width=102) (actual time=2.108..29.241 rows=288 loops=1)
                          Join Filter: (ml.movie_id = mc.movie_id)
                          ->  Nested Loop  (cost=7.11..3801.56 rows=1 width=90) (actual time=2.101..28.969 rows=64 loops=1)
                                Join Filter: (ml.link_type_id = lt.id)
                                Rows Removed by Join Filter: 187
                                ->  Nested Loop  (cost=7.11..3782.66 rows=1 width=12) (actual time=2.084..28.351 rows=251 loops=1)
                                      ->  Nested Loop  (cost=6.83..3768.21 rows=34 width=4) (actual time=2.079..19.512 rows=10544 loops=1)
                                            ->  Seq Scan on keyword k  (cost=0.00..2626.12 rows=1 width=4) (actual time=0.585..10.144 rows=1 loops=1)
                                                  Filter: (keyword = 'sequel'::text)
                                                  Rows Removed by Filter: 134169
                                            ->  Bitmap Heap Scan on movie_keyword mk  (cost=6.83..1138.99 rows=309 width=8) (actual time=1.492..8.252 rows=10544 loops=1)
                                                  Recheck Cond: (keyword_id = k.id)
                                                  Heap Blocks: exact=5570
                                                  ->  Bitmap Index Scan on keyword_id_movie_keyword  (cost=0.00..6.75 rows=309 width=0) (actual time=0.781..0.781 rows=10544 loops=1)
                                                        Index Cond: (keyword_id = k.id)
                                      ->  Index Scan using movie_id_movie_link on movie_link ml  (cost=0.29..0.38 rows=5 width=8) (actual time=0.001..0.001 rows=0 loops=10544)
                                            Index Cond: (movie_id = mk.movie_id)
                                ->  Seq Scan on link_type lt  (cost=0.00..18.88 rows=2 width=86) (actual time=0.001..0.002 rows=1 loops=251)
                                      Filter: ((link)::text ~~ '%follows%'::text)
                                      Rows Removed by Filter: 13
                          ->  Index Scan using movie_id_movie_companies on movie_companies mc  (cost=0.43..0.54 rows=3 width=12) (actual time=0.002..0.003 rows=4 loops=64)
                                Index Cond: (movie_id = mk.movie_id)
                                Filter: (note IS NULL)
                                Rows Removed by Filter: 2
                    ->  Index Scan using company_name_pkey on company_name cn  (cost=0.42..0.46 rows=1 width=23) (actual time=0.002..0.002 rows=0 loops=288)
                          Index Cond: (id = mc.company_id)
                          Filter: (((country_code)::text <> '[pl]'::text) AND ((name ~~ '%Film%'::text) OR (name ~~ '%Warner%'::text)))
                          Rows Removed by Filter: 1
              ->  Seq Scan on company_type ct  (cost=0.00..18.88 rows=1 width=4) (actual time=0.000..0.000 rows=1 loops=103)
                    Filter: ((kind)::text = 'production companies'::text)
                    Rows Removed by Filter: 1
        ->  Index Scan using title_pkey on title t  (cost=0.43..0.49 rows=1 width=21) (actual time=0.002..0.002 rows=0 loops=102)
              Index Cond: (id = mk.movie_id)
              Filter: ((title ~~ '%Money%'::text) AND (production_year = 1998))
              Rows Removed by Filter: 1
Planning time: 3.361 ms
Execution time: 30.163 ms
