Aggregate  (cost=6263.42..6263.43 rows=1 width=96) (actual time=194.215..194.215 rows=1 loops=1)
  ->  Nested Loop  (cost=8.39..6263.40 rows=3 width=60) (actual time=2.259..189.912 rows=14899 loops=1)
        Join Filter: (ml.movie_id = t.id)
        ->  Nested Loop  (cost=7.96..6261.90 rows=3 width=55) (actual time=2.254..170.180 rows=14899 loops=1)
              Join Filter: (ml.link_type_id = lt.id)
              Rows Removed by Join Filter: 253283
              ->  Seq Scan on link_type lt  (cost=0.00..17.10 rows=18 width=4) (actual time=0.003..0.007 rows=18 loops=1)
              ->  Materialize  (cost=7.96..6243.99 rows=3 width=59) (actual time=0.120..8.267 rows=14899 loops=18)
                    ->  Nested Loop  (cost=7.96..6243.98 rows=3 width=59) (actual time=2.159..134.711 rows=14899 loops=1)
                          ->  Nested Loop  (cost=7.54..6242.62 rows=3 width=44) (actual time=2.142..109.774 rows=14916 loops=1)
                                Join Filter: (mc.company_type_id = ct.id)
                                Rows Removed by Join Filter: 1782
                                ->  Nested Loop  (cost=7.54..6223.38 rows=8 width=48) (actual time=2.137..105.554 rows=15510 loops=1)
                                      Join Filter: (ml.movie_id = mc.movie_id)
                                      ->  Nested Loop  (cost=7.11..6221.07 rows=4 width=12) (actual time=2.129..96.943 rows=1460 loops=1)
                                            ->  Nested Loop  (cost=6.83..6178.12 rows=101 width=4) (actual time=2.123..58.237 rows=47403 loops=1)
                                                  ->  Seq Scan on keyword k  (cost=0.00..2793.84 rows=3 width=4) (actual time=0.662..16.201 rows=3 loops=1)
                                                        Filter: (keyword = ANY ('{sequel,revenge,based-on-novel}'::text[]))
                                                        Rows Removed by Filter: 134167
                                                  ->  Bitmap Heap Scan on movie_keyword mk  (cost=6.83..1125.00 rows=309 width=8) (actual time=2.187..12.280 rows=15801 loops=3)
                                                        Recheck Cond: (keyword_id = k.id)
                                                        Heap Blocks: exact=23953
                                                        ->  Bitmap Index Scan on keyword_id_movie_keyword  (cost=0.00..6.75 rows=309 width=0) (actual time=1.178..1.178 rows=15801 loops=3)
                                                              Index Cond: (keyword_id = k.id)
                                            ->  Index Scan using movie_id_movie_link on movie_link ml  (cost=0.29..0.38 rows=5 width=8) (actual time=0.001..0.001 rows=0 loops=47403)
                                                  Index Cond: (movie_id = mk.movie_id)
                                      ->  Index Scan using movie_id_movie_companies on movie_companies mc  (cost=0.43..0.54 rows=3 width=36) (actual time=0.002..0.004 rows=11 loops=1460)
                                            Index Cond: (movie_id = mk.movie_id)
                                            Filter: (note IS NOT NULL)
                                            Rows Removed by Filter: 2
                                ->  Materialize  (cost=0.00..18.89 rows=3 width=4) (actual time=0.000..0.000 rows=1 loops=15510)
                                      ->  Seq Scan on company_type ct  (cost=0.00..18.88 rows=3 width=4) (actual time=0.003..0.004 rows=3 loops=1)
                                            Filter: ((kind IS NOT NULL) AND ((kind)::text <> 'production companies'::text))
                                            Rows Removed by Filter: 1
                          ->  Index Scan using company_name_pkey on company_name cn  (cost=0.42..0.45 rows=1 width=23) (actual time=0.001..0.001 rows=1 loops=14916)
                                Index Cond: (id = mc.company_id)
                                Filter: ((country_code)::text <> '[pl]'::text)
                                Rows Removed by Filter: 0
        ->  Index Scan using title_pkey on title t  (cost=0.43..0.49 rows=1 width=21) (actual time=0.001..0.001 rows=1 loops=14899)
              Index Cond: (id = mk.movie_id)
              Filter: (production_year > 1950)
Planning time: 3.407 ms
Execution time: 194.380 ms
