Aggregate  (cost=93338.67..93338.68 rows=1 width=64) (actual time=372.299..372.299 rows=1 loops=1)
  ->  Nested Loop  (cost=1.71..93338.61 rows=11 width=59) (actual time=259.214..372.285 rows=10 loops=1)
        Join Filter: (mc.company_type_id = ct.id)
        Rows Removed by Join Filter: 5
        ->  Nested Loop  (cost=1.71..93317.63 rows=11 width=63) (actual time=259.205..372.270 rows=10 loops=1)
              Join Filter: (mi.info_type_id = it1.id)
              Rows Removed by Join Filter: 1200
              ->  Seq Scan on info_type it1  (cost=0.00..2.41 rows=1 width=4) (actual time=0.013..0.015 rows=1 loops=1)
                    Filter: ((info)::text = 'budget'::text)
                    Rows Removed by Filter: 112
              ->  Nested Loop  (cost=1.71..93305.40 rows=785 width=67) (actual time=259.158..372.179 rows=1210 loops=1)
                    Join Filter: (t.id = mi.movie_id)
                    ->  Nested Loop  (cost=1.28..92720.59 rows=296 width=33) (actual time=259.141..371.671 rows=10 loops=1)
                          ->  Nested Loop  (cost=0.86..92308.14 rows=925 width=37) (actual time=259.130..371.554 rows=33 loops=1)
                                Join Filter: (t.id = mc.movie_id)
                                ->  Nested Loop  (cost=0.43..91711.25 rows=911 width=25) (actual time=259.117..371.516 rows=2 loops=1)
                                      Join Filter: (mi_idx.info_type_id = it2.id)
                                      Rows Removed by Join Filter: 2643
                                      ->  Seq Scan on info_type it2  (cost=0.00..2.41 rows=1 width=4) (actual time=0.008..0.009 rows=1 loops=1)
                                            Filter: ((info)::text = 'bottom 10 rank'::text)
                                            Rows Removed by Filter: 112
                                      ->  Nested Loop  (cost=0.43..91651.88 rows=4556 width=29) (actual time=3.684..371.323 rows=2645 loops=1)
                                            ->  Seq Scan on title t  (cost=0.00..80245.89 rows=1521 width=21) (actual time=0.110..361.233 rows=2536 loops=1)
                                                  Filter: ((production_year > 2000) AND ((title ~~ 'Birdemic%'::text) OR (title ~~ '%Movie%'::text)))
                                                  Rows Removed by Filter: 2525776
                                            ->  Index Scan using movie_id_movie_info_idx on movie_info_idx mi_idx  (cost=0.43..7.47 rows=3 width=8) (actual time=0.003..0.004 rows=1 loops=2536)
                                                  Index Cond: (movie_id = t.id)
                                ->  Index Scan using movie_id_movie_companies on movie_companies mc  (cost=0.43..0.59 rows=5 width=12) (actual time=0.009..0.014 rows=16 loops=2)
                                      Index Cond: (movie_id = mi_idx.movie_id)
                          ->  Index Scan using company_name_pkey on company_name cn  (cost=0.42..0.45 rows=1 width=4) (actual time=0.003..0.003 rows=0 loops=33)
                                Index Cond: (id = mc.company_id)
                                Filter: ((country_code)::text = '[us]'::text)
                                Rows Removed by Filter: 1
                    ->  Index Scan using movie_id_movie_info on movie_info mi  (cost=0.43..1.46 rows=41 width=50) (actual time=0.004..0.031 rows=121 loops=10)
                          Index Cond: (movie_id = mc.movie_id)
        ->  Materialize  (cost=0.00..20.66 rows=2 width=4) (actual time=0.001..0.001 rows=2 loops=10)
              ->  Seq Scan on company_type ct  (cost=0.00..20.65 rows=2 width=4) (actual time=0.005..0.005 rows=2 loops=1)
                    Filter: ((kind IS NOT NULL) AND (((kind)::text = 'production companies'::text) OR ((kind)::text = 'distributors'::text)))
Planning time: 3.473 ms
Execution time: 372.360 ms
