Aggregate  (cost=153644.13..153644.14 rows=1 width=96) (actual time=3685.545..3685.545 rows=1 loops=1)
  ->  Nested Loop  (cost=72110.56..153632.92 rows=1495 width=41) (actual time=508.962..3501.811 rows=670390 loops=1)
        Join Filter: (mi.info_type_id = it2.id)
        Rows Removed by Join Filter: 3646194
        ->  Seq Scan on info_type it2  (cost=0.00..2.41 rows=1 width=4) (actual time=0.007..0.013 rows=1 loops=1)
              Filter: ((info)::text = 'release dates'::text)
              Rows Removed by Filter: 112
        ->  Nested Loop  (cost=72110.56..152303.75 rows=106141 width=45) (actual time=508.944..3208.884 rows=4316584 loops=1)
              ->  Nested Loop  (cost=72110.12..119094.47 rows=17635 width=53) (actual time=508.897..1506.721 rows=87293 loops=1)
                    Join Filter: (mc.company_type_id = ct.id)
                    Rows Removed by Join Filter: 177946
                    ->  Seq Scan on company_type ct  (cost=0.00..18.88 rows=1 width=4) (actual time=0.002..0.004 rows=1 loops=1)
                          Filter: ((kind)::text = 'production companies'::text)
                          Rows Removed by Filter: 3
                    ->  Hash Join  (cost=72110.12..118634.72 rows=35270 width=57) (actual time=508.892..1480.555 rows=265239 loops=1)
                          Hash Cond: (mc.company_id = cn.id)
                          ->  Nested Loop  (cost=65122.76..110256.62 rows=110158 width=42) (actual time=459.360..1253.424 rows=773084 loops=1)
                                ->  Hash Join  (cost=65122.33..82317.46 rows=45911 width=30) (actual time=459.338..662.749 rows=209880 loops=1)
                                      Hash Cond: (miidx.movie_id = t.id)
                                      ->  Nested Loop  (cost=6462.25..22162.36 rows=276007 width=9) (actual time=16.517..134.510 rows=459925 loops=1)
                                            ->  Seq Scan on info_type it  (cost=0.00..2.41 rows=1 width=4) (actual time=0.013..0.017 rows=1 loops=1)
                                                  Filter: ((info)::text = 'rating'::text)
                                                  Rows Removed by Filter: 112
                                            ->  Bitmap Heap Scan on movie_info_idx miidx  (cost=6462.25..18709.86 rows=345009 width=13) (actual time=16.499..79.843 rows=459925 loops=1)
                                                  Recheck Cond: (info_type_id = it.id)
                                                  Heap Blocks: exact=7934
                                                  ->  Bitmap Index Scan on info_type_id_movie_info_idx  (cost=0.00..6375.99 rows=345009 width=0) (actual time=15.427..15.427 rows=459925 loops=1)
                                                        Index Cond: (info_type_id = it.id)
                                      ->  Hash  (cost=53392.77..53392.77 rows=421385 width=21) (actual time=365.536..365.536 rows=662825 loops=1)
                                            Buckets: 1048576 (originally 524288)  Batches: 1 (originally 1)  Memory Usage: 44421kB
                                            ->  Nested Loop  (cost=7890.34..53392.77 rows=421385 width=21) (actual time=23.523..195.768 rows=662825 loops=1)
                                                  ->  Seq Scan on kind_type kt  (cost=0.00..22.75 rows=1 width=4) (actual time=0.007..0.011 rows=1 loops=1)
                                                        Filter: ((kind)::text = 'movie'::text)
                                                        Rows Removed by Filter: 6
                                                  ->  Bitmap Heap Scan on title t  (cost=7890.34..49155.94 rows=421408 width=25) (actual time=23.512..119.567 rows=662825 loops=1)
                                                        Recheck Cond: (kind_id = kt.id)
                                                        Heap Blocks: exact=12863
                                                        ->  Bitmap Index Scan on kind_id_title  (cost=0.00..7784.99 rows=421408 width=0) (actual time=21.954..21.954 rows=662825 loops=1)
                                                              Index Cond: (kind_id = kt.id)
                                ->  Index Scan using movie_id_movie_companies on movie_companies mc  (cost=0.43..0.56 rows=5 width=12) (actual time=0.001..0.002 rows=4 loops=209880)
                                      Index Cond: (movie_id = t.id)
                          ->  Hash  (cost=5932.46..5932.46 rows=84392 width=23) (actual time=49.383..49.383 rows=84843 loops=1)
                                Buckets: 131072  Batches: 1  Memory Usage: 5810kB
                                ->  Seq Scan on company_name cn  (cost=0.00..5932.46 rows=84392 width=23) (actual time=0.005..34.702 rows=84843 loops=1)
                                      Filter: ((country_code)::text = '[us]'::text)
                                      Rows Removed by Filter: 150154
              ->  Index Scan using movie_id_movie_info on movie_info mi  (cost=0.43..1.47 rows=41 width=8) (actual time=0.003..0.013 rows=49 loops=87293)
                    Index Cond: (movie_id = t.id)
Planning time: 4.910 ms
Execution time: 3686.644 ms
