Aggregate  (cost=441004.28..441004.29 rows=1 width=96) (actual time=4232.308..4232.308 rows=1 loops=1)
  ->  Hash Join  (cost=146336.19..435976.35 rows=670390 width=41) (actual time=1606.931..4039.895 rows=670390 loops=1)
        Hash Cond: (mi.info_type_id = it2.id)
        ->  Nested Loop  (cost=146333.77..381816.08 rows=4316584 width=45) (actual time=1606.895..3657.503 rows=4316584 loops=1)
              ->  Hash Join  (cost=146333.33..215030.10 rows=87293 width=53) (actual time=1606.866..1975.416 rows=87293 loops=1)
                    Hash Cond: (mc.company_id = cn.id)
                    ->  Hash Join  (cost=139340.33..204216.65 rows=302610 width=38) (actual time=1556.915..1858.404 rows=302610 loops=1)
                          Hash Cond: (mc.company_type_id = ct.id)
                          ->  Hash Join  (cost=139339.27..196170.69 rows=773084 width=42) (actual time=1212.965..1773.844 rows=773084 loops=1)
                                Hash Cond: (mc.movie_id = t.id)
                                ->  Seq Scan on movie_companies mc  (cost=0.00..44881.29 rows=2609129 width=12) (actual time=0.005..197.833 rows=2609129 loops=1)
                                ->  Hash  (cost=136715.77..136715.77 rows=209880 width=30) (actual time=1129.772..1129.772 rows=209880 loops=1)
                                      Buckets: 262144  Batches: 1  Memory Usage: 15015kB
                                      ->  Hash Join  (cost=98284.36..136715.77 rows=209880 width=30) (actual time=743.166..1079.918 rows=209880 loops=1)
                                            Hash Cond: (miidx.info_type_id = it.id)
                                            ->  Hash Join  (cost=98281.94..128810.33 rows=629900 width=34) (actual time=743.141..1011.752 rows=629900 loops=1)
                                                  Hash Cond: (miidx.movie_id = t.id)
                                                  ->  Seq Scan on movie_info_idx miidx  (cost=0.00..21735.35 rows=1380035 width=13) (actual time=0.005..101.676 rows=1380035 loops=1)
                                                  ->  Hash  (cost=89996.62..89996.62 rows=662825 width=21) (actual time=649.979..649.979 rows=662825 loops=1)
                                                        Buckets: 1048576  Batches: 1  Memory Usage: 44421kB
                                                        ->  Hash Join  (cost=1.10..89996.62 rows=662825 width=21) (actual time=14.335..514.742 rows=662825 loops=1)
                                                              Hash Cond: (t.kind_id = kt.id)
                                                              ->  Seq Scan on title t  (cost=0.00..61281.12 rows=2528312 width=25) (actual time=0.005..222.029 rows=2528312 loops=1)
                                                              ->  Hash  (cost=1.09..1.09 rows=1 width=4) (actual time=0.007..0.007 rows=1 loops=1)
                                                                    Buckets: 1024  Batches: 1  Memory Usage: 9kB
                                                                    ->  Seq Scan on kind_type kt  (cost=0.00..1.09 rows=1 width=4) (actual time=0.004..0.004 rows=1 loops=1)
                                                                          Filter: ((kind)::text = 'movie'::text)
                                                                          Rows Removed by Filter: 6
                                            ->  Hash  (cost=2.41..2.41 rows=1 width=4) (actual time=0.015..0.015 rows=1 loops=1)
                                                  Buckets: 1024  Batches: 1  Memory Usage: 9kB
                                                  ->  Seq Scan on info_type it  (cost=0.00..2.41 rows=1 width=4) (actual time=0.011..0.012 rows=1 loops=1)
                                                        Filter: ((info)::text = 'rating'::text)
                                                        Rows Removed by Filter: 112
                          ->  Hash  (cost=1.05..1.05 rows=1 width=4) (actual time=0.010..0.010 rows=1 loops=1)
                                Buckets: 1024  Batches: 1  Memory Usage: 9kB
                                ->  Seq Scan on company_type ct  (cost=0.00..1.05 rows=1 width=4) (actual time=0.005..0.005 rows=1 loops=1)
                                      Filter: ((kind)::text = 'production companies'::text)
                                      Rows Removed by Filter: 3
                    ->  Hash  (cost=5932.46..5932.46 rows=84843 width=23) (actual time=49.385..49.385 rows=84843 loops=1)
                          Buckets: 131072  Batches: 1  Memory Usage: 5810kB
                          ->  Seq Scan on company_name cn  (cost=0.00..5932.46 rows=84843 width=23) (actual time=0.005..33.271 rows=84843 loops=1)
                                Filter: ((country_code)::text = '[us]'::text)
                                Rows Removed by Filter: 150154
              ->  Index Scan using movie_id_movie_info on movie_info mi  (cost=0.43..1.49 rows=42 width=8) (actual time=0.002..0.013 rows=49 loops=87293)
                    Index Cond: (movie_id = t.id)
        ->  Hash  (cost=2.41..2.41 rows=1 width=4) (actual time=0.018..0.018 rows=1 loops=1)
              Buckets: 1024  Batches: 1  Memory Usage: 9kB
              ->  Seq Scan on info_type it2  (cost=0.00..2.41 rows=1 width=4) (actual time=0.009..0.015 rows=1 loops=1)
                    Filter: ((info)::text = 'release dates'::text)
                    Rows Removed by Filter: 112
Planning time: 4.919 ms
Execution time: 4232.631 ms
