Aggregate  (cost=6899.05..6899.06 rows=1 width=64) (actual time=30.254..30.254 rows=1 loops=1)
  ->  Nested Loop  (cost=2.57..6899.04 rows=1 width=59) (actual time=7.937..30.240 rows=37 loops=1)
        ->  Nested Loop  (cost=2.15..6898.60 rows=1 width=63) (actual time=7.930..30.128 rows=37 loops=1)
              Join Filter: (mi.info_type_id = it1.id)
              ->  Nested Loop  (cost=2.15..6896.18 rows=1 width=67) (actual time=7.924..30.019 rows=37 loops=1)
                    Join Filter: (t.id = mi.movie_id)
                    ->  Nested Loop  (cost=1.71..6894.63 rows=1 width=37) (actual time=3.996..27.405 rows=292 loops=1)
                          ->  Nested Loop  (cost=1.28..6892.73 rows=1 width=29) (actual time=3.989..27.221 rows=26 loops=1)
                                ->  Nested Loop  (cost=0.85..6891.78 rows=1 width=8) (actual time=3.982..27.096 rows=27 loops=1)
                                      Join Filter: (mc.company_type_id = ct.id)
                                      ->  Nested Loop  (cost=0.85..6874.63 rows=1 width=12) (actual time=3.977..27.063 rows=27 loops=1)
                                            ->  Nested Loop  (cost=0.43..6873.65 rows=1 width=8) (actual time=3.805..26.519 rows=278 loops=1)
                                                  ->  Seq Scan on company_name cn  (cost=0.00..6519.95 rows=1 width=4) (actual time=3.784..25.320 rows=1 loops=1)
                                                        Filter: (((country_code)::text = '[us]'::text) AND (name = 'YouTube'::text))
                                                        Rows Removed by Filter: 234996
                                                  ->  Index Scan using company_id_movie_companies on movie_companies mc  (cost=0.43..353.69 rows=1 width=12) (actual time=0.018..1.166 rows=278 loops=1)
                                                        Index Cond: (company_id = cn.id)
                                                        Filter: ((note ~~ '%(200%)%'::text) AND (note ~~ '%(worldwide)%'::text))
                                                        Rows Removed by Filter: 1180
                                            ->  Index Only Scan using movie_id_aka_title on aka_title at  (cost=0.42..0.95 rows=3 width=4) (actual time=0.002..0.002 rows=0 loops=278)
                                                  Index Cond: (movie_id = mc.movie_id)
                                                  Heap Fetches: 27
                                      ->  Seq Scan on company_type ct  (cost=0.00..17.10 rows=4 width=4) (actual time=0.000..0.000 rows=1 loops=27)
                                ->  Index Scan using title_pkey on title t  (cost=0.43..0.95 rows=1 width=21) (actual time=0.004..0.004 rows=1 loops=27)
                                      Index Cond: (id = at.movie_id)
                                      Filter: ((production_year >= 2005) AND (production_year <= 2010))
                                      Rows Removed by Filter: 0
                          ->  Index Scan using movie_id_movie_keyword on movie_keyword mk  (cost=0.43..1.44 rows=46 width=8) (actual time=0.004..0.005 rows=11 loops=26)
                                Index Cond: (movie_id = t.id)
                    ->  Index Scan using movie_id_movie_info on movie_info mi  (cost=0.43..1.54 rows=1 width=50) (actual time=0.008..0.009 rows=0 loops=292)
                          Index Cond: (movie_id = mk.movie_id)
                          Filter: ((note ~~ '%internet%'::text) AND (info ~~ 'USA:% 200%'::text))
                          Rows Removed by Filter: 29
              ->  Seq Scan on info_type it1  (cost=0.00..2.41 rows=1 width=4) (actual time=0.002..0.002 rows=1 loops=37)
                    Filter: ((info)::text = 'release dates'::text)
                    Rows Removed by Filter: 15
        ->  Index Only Scan using keyword_pkey on keyword k  (cost=0.42..0.44 rows=1 width=4) (actual time=0.003..0.003 rows=1 loops=37)
              Index Cond: (id = mk.keyword_id)
              Heap Fetches: 37
Planning time: 8.287 ms
Execution time: 30.323 ms
