Aggregate  (cost=178294.08..178294.09 rows=1 width=64) (actual time=514.738..514.738 rows=1 loops=1)
  ->  Nested Loop  (cost=3920.73..178293.58 rows=99 width=38) (actual time=96.879..512.187 rows=11347 loops=1)
        ->  Nested Loop  (cost=3920.31..178250.14 rows=99 width=42) (actual time=96.870..490.966 rows=11347 loops=1)
              ->  Nested Loop  (cost=3919.87..178232.34 rows=10 width=54) (actual time=96.859..485.557 rows=875 loops=1)
                    ->  Nested Loop  (cost=3919.72..178230.66 rows=10 width=58) (actual time=96.853..484.420 rows=875 loops=1)
                          ->  Nested Loop  (cost=3919.30..178215.94 rows=33 width=62) (actual time=96.842..478.474 rows=2099 loops=1)
                                ->  Nested Loop  (cost=3918.87..178207.18 rows=14 width=50) (actual time=95.812..475.416 rows=584 loops=1)
                                      ->  Nested Loop  (cost=3918.44..178189.17 rows=19 width=29) (actual time=95.803..473.176 rows=591 loops=1)
                                            ->  Nested Loop  (cost=3918.02..177760.39 rows=128 width=4) (actual time=95.656..456.216 rows=10679 loops=1)
                                                  ->  Seq Scan on info_type it1  (cost=0.00..2.41 rows=1 width=4) (actual time=0.008..0.016 rows=1 loops=1)
                                                        Filter: ((info)::text = 'release dates'::text)
                                                        Rows Removed by Filter: 112
                                                  ->  Bitmap Heap Scan on movie_info mi  (cost=3918.02..177756.26 rows=171 width=8) (actual time=95.646..455.069 rows=10679 loops=1)
                                                        Recheck Cond: (info_type_id = it1.id)
                                                        Filter: (note ~~ '%internet%'::text)
                                                        Rows Removed by Filter: 3026040
                                                        Heap Blocks: exact=25448
                                                        ->  Bitmap Index Scan on info_type_id_movie_info  (cost=0.00..3917.98 rows=211939 width=0) (actual time=91.915..91.915 rows=3036719 loops=1)
                                                              Index Cond: (info_type_id = it1.id)
                                            ->  Index Scan using movie_id_aka_title on aka_title at  (cost=0.42..3.32 rows=3 width=25) (actual time=0.001..0.001 rows=0 loops=10679)
                                                  Index Cond: (movie_id = mi.movie_id)
                                      ->  Index Scan using title_pkey on title t  (cost=0.43..0.95 rows=1 width=21) (actual time=0.003..0.003 rows=1 loops=591)
                                            Index Cond: (id = at.movie_id)
                                            Filter: (production_year > 1990)
                                            Rows Removed by Filter: 0
                                ->  Index Scan using movie_id_movie_companies on movie_companies mc  (cost=0.43..0.58 rows=5 width=12) (actual time=0.003..0.004 rows=4 loops=584)
                                      Index Cond: (movie_id = t.id)
                          ->  Index Scan using company_name_pkey on company_name cn  (cost=0.42..0.45 rows=1 width=4) (actual time=0.003..0.003 rows=0 loops=2099)
                                Index Cond: (id = mc.company_id)
                                Filter: ((country_code)::text = '[us]'::text)
                                Rows Removed by Filter: 1
                    ->  Index Only Scan using company_type_pkey on company_type ct  (cost=0.15..0.17 rows=1 width=4) (actual time=0.001..0.001 rows=1 loops=875)
                          Index Cond: (id = mc.company_type_id)
                          Heap Fetches: 875
              ->  Index Scan using movie_id_movie_keyword on movie_keyword mk  (cost=0.43..1.32 rows=46 width=8) (actual time=0.002..0.004 rows=13 loops=875)
                    Index Cond: (movie_id = t.id)
        ->  Index Only Scan using keyword_pkey on keyword k  (cost=0.42..0.44 rows=1 width=4) (actual time=0.002..0.002 rows=1 loops=11347)
              Index Cond: (id = mk.keyword_id)
              Heap Fetches: 11347
Planning time: 8.032 ms
Execution time: 514.818 ms
