Aggregate  (cost=329484.25..329484.26 rows=1 width=64) (actual time=2015.916..2015.916 rows=1 loops=1)
  ->  Nested Loop  (cost=110367.92..329474.66 rows=1918 width=15) (actual time=385.700..2015.494 rows=1918 loops=1)
        ->  Nested Loop  (cost=110367.50..328624.83 rows=1918 width=19) (actual time=385.695..2010.463 rows=1918 loops=1)
              ->  Nested Loop  (cost=110367.07..328482.24 rows=250 width=27) (actual time=385.690..2008.798 rows=250 loops=1)
                    ->  Hash Join  (cost=110366.64..328369.18 rows=250 width=23) (actual time=385.682..2007.725 rows=250 loops=1)
                          Hash Cond: (ci.person_id = n.id)
                          ->  Nested Loop  (cost=2626.70..207519.53 rows=1038393 width=12) (actual time=9.090..1552.721 rows=1038393 loops=1)
                                ->  Hash Join  (cost=2626.14..129433.75 rows=41840 width=4) (actual time=9.068..648.525 rows=41840 loops=1)
                                      Hash Cond: (mk.keyword_id = k.id)
                                      ->  Seq Scan on movie_keyword mk  (cost=0.00..69693.30 rows=4523930 width=8) (actual time=0.007..303.048 rows=4523930 loops=1)
                                      ->  Hash  (cost=2626.12..2626.12 rows=1 width=4) (actual time=9.039..9.039 rows=1 loops=1)
                                            Buckets: 1024  Batches: 1  Memory Usage: 9kB
                                            ->  Seq Scan on keyword k  (cost=0.00..2626.12 rows=1 width=4) (actual time=0.405..9.038 rows=1 loops=1)
                                                  Filter: (keyword = 'character-name-in-title'::text)
                                                  Rows Removed by Filter: 134169
                                ->  Index Scan using movie_id_cast_info on cast_info ci  (cost=0.56..1.51 rows=36 width=8) (actual time=0.003..0.018 rows=25 loops=41840)
                                      Index Cond: (movie_id = mk.movie_id)
                          ->  Hash  (cost=107706.64..107706.64 rows=2664 width=19) (actual time=365.609..365.609 rows=2664 loops=1)
                                Buckets: 4096  Batches: 1  Memory Usage: 164kB
                                ->  Seq Scan on name n  (cost=0.00..107706.64 rows=2664 width=19) (actual time=149.568..365.179 rows=2664 loops=1)
                                      Filter: (name ~~ 'X%'::text)
                                      Rows Removed by Filter: 4164827
                    ->  Index Only Scan using title_pkey on title t  (cost=0.43..0.45 rows=1 width=4) (actual time=0.004..0.004 rows=1 loops=250)
                          Index Cond: (id = ci.movie_id)
                          Heap Fetches: 250
              ->  Index Scan using movie_id_movie_companies on movie_companies mc  (cost=0.43..0.52 rows=5 width=8) (actual time=0.003..0.005 rows=8 loops=250)
                    Index Cond: (movie_id = ci.movie_id)
        ->  Index Only Scan using company_name_pkey on company_name cn  (cost=0.42..0.44 rows=1 width=4) (actual time=0.002..0.002 rows=1 loops=1918)
              Index Cond: (id = mc.company_id)
              Heap Fetches: 1918
Planning time: 2.299 ms
Execution time: 2015.972 ms
