Aggregate  (cost=4074.41..4074.42 rows=1 width=64) (actual time=4295.408..4295.408 rows=1 loops=1)
  ->  Nested Loop  (cost=9.10..4074.40 rows=2 width=15) (actual time=35.771..4294.748 rows=1918 loops=1)
        ->  Nested Loop  (cost=8.68..4073.51 rows=2 width=19) (actual time=35.763..4288.634 rows=1918 loops=1)
              ->  Nested Loop  (cost=8.25..4072.94 rows=1 width=27) (actual time=35.756..4286.444 rows=250 loops=1)
                    ->  Nested Loop  (cost=7.82..4072.49 rows=1 width=23) (actual time=35.746..4284.896 rows=250 loops=1)
                          ->  Nested Loop  (cost=7.39..3832.60 rows=524 width=12) (actual time=4.365..1160.235 rows=1038393 loops=1)
                                ->  Nested Loop  (cost=6.83..3768.21 rows=34 width=4) (actual time=4.356..41.446 rows=41840 loops=1)
                                      ->  Seq Scan on keyword k  (cost=0.00..2626.12 rows=1 width=4) (actual time=0.448..10.097 rows=1 loops=1)
                                            Filter: (keyword = 'character-name-in-title'::text)
                                            Rows Removed by Filter: 134169
                                      ->  Bitmap Heap Scan on movie_keyword mk  (cost=6.83..1138.99 rows=309 width=8) (actual time=3.906..26.022 rows=41840 loops=1)
                                            Recheck Cond: (keyword_id = k.id)
                                            Heap Blocks: exact=11541
                                            ->  Bitmap Index Scan on keyword_id_movie_keyword  (cost=0.00..6.75 rows=309 width=0) (actual time=2.448..2.448 rows=41840 loops=1)
                                                  Index Cond: (keyword_id = k.id)
                                ->  Index Scan using movie_id_cast_info on cast_info ci  (cost=0.56..1.52 rows=37 width=8) (actual time=0.003..0.024 rows=25 loops=41840)
                                      Index Cond: (movie_id = mk.movie_id)
                          ->  Index Scan using name_pkey on name n  (cost=0.43..0.46 rows=1 width=19) (actual time=0.003..0.003 rows=0 loops=1038393)
                                Index Cond: (id = ci.person_id)
                                Filter: (name ~~ 'X%'::text)
                                Rows Removed by Filter: 1
                    ->  Index Only Scan using title_pkey on title t  (cost=0.43..0.45 rows=1 width=4) (actual time=0.005..0.005 rows=1 loops=250)
                          Index Cond: (id = ci.movie_id)
                          Heap Fetches: 250
              ->  Index Scan using movie_id_movie_companies on movie_companies mc  (cost=0.43..0.52 rows=5 width=8) (actual time=0.005..0.007 rows=8 loops=250)
                    Index Cond: (movie_id = ci.movie_id)
        ->  Index Only Scan using company_name_pkey on company_name cn  (cost=0.42..0.44 rows=1 width=4) (actual time=0.003..0.003 rows=1 loops=1918)
              Index Cond: (id = mc.company_id)
              Heap Fetches: 1918
Planning time: 2.213 ms
Execution time: 4295.460 ms
