Aggregate  (cost=4088.69..4088.70 rows=1 width=32) (actual time=4363.057..4363.057 rows=1 loops=1)
  ->  Nested Loop  (cost=9.10..4088.65 rows=16 width=15) (actual time=25.646..4360.980 rows=11538 loops=1)
        ->  Nested Loop  (cost=8.68..4080.67 rows=18 width=19) (actual time=25.638..4329.241 rows=11538 loops=1)
              ->  Nested Loop  (cost=8.25..4076.11 rows=8 width=27) (actual time=25.630..4317.581 rows=1972 loops=1)
                    ->  Nested Loop  (cost=7.82..4072.49 rows=8 width=23) (actual time=25.621..4309.515 rows=1972 loops=1)
                          ->  Nested Loop  (cost=7.39..3832.60 rows=524 width=12) (actual time=4.348..1153.082 rows=1038393 loops=1)
                                ->  Nested Loop  (cost=6.83..3768.21 rows=34 width=4) (actual time=4.338..41.623 rows=41840 loops=1)
                                      ->  Seq Scan on keyword k  (cost=0.00..2626.12 rows=1 width=4) (actual time=0.438..10.367 rows=1 loops=1)
                                            Filter: (keyword = 'character-name-in-title'::text)
                                            Rows Removed by Filter: 134169
                                      ->  Bitmap Heap Scan on movie_keyword mk  (cost=6.83..1138.99 rows=309 width=8) (actual time=3.898..25.991 rows=41840 loops=1)
                                            Recheck Cond: (keyword_id = k.id)
                                            Heap Blocks: exact=11541
                                            ->  Bitmap Index Scan on keyword_id_movie_keyword  (cost=0.00..6.75 rows=309 width=0) (actual time=2.445..2.445 rows=41840 loops=1)
                                                  Index Cond: (keyword_id = k.id)
                                ->  Index Scan using movie_id_cast_info on cast_info ci  (cost=0.56..1.52 rows=37 width=8) (actual time=0.003..0.024 rows=25 loops=41840)
                                      Index Cond: (movie_id = mk.movie_id)
                          ->  Index Scan using name_pkey on name n  (cost=0.43..0.46 rows=1 width=19) (actual time=0.003..0.003 rows=0 loops=1038393)
                                Index Cond: (id = ci.person_id)
                                Filter: (name ~~ '%Bert%'::text)
                                Rows Removed by Filter: 1
                    ->  Index Only Scan using title_pkey on title t  (cost=0.43..0.45 rows=1 width=4) (actual time=0.003..0.003 rows=1 loops=1972)
                          Index Cond: (id = ci.movie_id)
                          Heap Fetches: 1972
              ->  Index Scan using movie_id_movie_companies on movie_companies mc  (cost=0.43..0.52 rows=5 width=8) (actual time=0.003..0.005 rows=6 loops=1972)
                    Index Cond: (movie_id = ci.movie_id)
        ->  Index Only Scan using company_name_pkey on company_name cn  (cost=0.42..0.44 rows=1 width=4) (actual time=0.002..0.002 rows=1 loops=11538)
              Index Cond: (id = mc.company_id)
              Heap Fetches: 11538
Planning time: 2.248 ms
Execution time: 4363.109 ms
