Aggregate  (cost=195255.76..195255.77 rows=1 width=64) (actual time=6135.183..6135.184 rows=1 loops=1)
  ->  Nested Loop  (cost=3923.19..195255.75 rows=1 width=32) (actual time=674.685..6135.076 rows=184 loops=1)
        ->  Nested Loop  (cost=3922.76..195254.17 rows=1 width=25) (actual time=98.362..6012.941 rows=67025 loops=1)
              ->  Nested Loop  (cost=3922.33..195252.52 rows=1 width=21) (actual time=98.348..5924.092 rows=35604 loops=1)
                    ->  Nested Loop  (cost=3921.90..195248.15 rows=3 width=25) (actual time=98.324..5836.483 rows=40272 loops=1)
                          ->  Nested Loop  (cost=3921.75..195243.03 rows=30 width=29) (actual time=97.529..5712.828 rows=130077 loops=1)
                                ->  Nested Loop  (cost=3921.19..192354.16 rows=79 width=29) (actual time=95.942..2557.111 rows=116277 loops=1)
                                      ->  Nested Loop  (cost=3920.77..192060.40 rows=246 width=33) (actual time=95.923..2284.218 rows=124224 loops=1)
                                            ->  Nested Loop  (cost=3920.34..188006.49 rows=1461 width=25) (actual time=95.913..1635.223 rows=298255 loops=1)
                                                  ->  Nested Loop  (cost=3919.91..178367.53 rows=6081 width=4) (actual time=95.899..704.428 rows=451039 loops=1)
                                                        ->  Seq Scan on info_type it  (cost=0.00..2.41 rows=1 width=4) (actual time=0.008..0.016 rows=1 loops=1)
                                                              Filter: ((info)::text = 'release dates'::text)
                                                              Rows Removed by Filter: 112
                                                        ->  Bitmap Heap Scan on movie_info mi  (cost=3919.91..178288.00 rows=7712 width=8) (actual time=95.888..662.290 rows=451039 loops=1)
                                                              Recheck Cond: (info_type_id = it.id)
                                                              Filter: ((info IS NOT NULL) AND ((info ~~ 'Japan:%200%'::text) OR (info ~~ 'USA:%200%'::text)))
                                                              Rows Removed by Filter: 2585680
                                                              Heap Blocks: exact=25448
                                                              ->  Bitmap Index Scan on info_type_id_movie_info  (cost=0.00..3917.98 rows=211939 width=0) (actual time=92.333..92.333 rows=3036719 loops=1)
                                                                    Index Cond: (info_type_id = it.id)
                                                  ->  Index Scan using title_pkey on title t  (cost=0.43..1.59 rows=1 width=21) (actual time=0.002..0.002 rows=1 loops=451039)
                                                        Index Cond: (id = mi.movie_id)
                                                        Filter: ((production_year >= 2005) AND (production_year <= 2009))
                                                        Rows Removed by Filter: 0
                                            ->  Index Scan using movie_id_movie_companies on movie_companies mc  (cost=0.43..2.76 rows=1 width=8) (actual time=0.002..0.002 rows=0 loops=298255)
                                                  Index Cond: (movie_id = t.id)
                                                  Filter: ((note IS NOT NULL) AND ((note ~~ '%(USA)%'::text) OR (note ~~ '%(worldwide)%'::text)))
                                                  Rows Removed by Filter: 1
                                      ->  Index Scan using company_name_pkey on company_name cn  (cost=0.42..1.19 rows=1 width=4) (actual time=0.002..0.002 rows=1 loops=124224)
                                            Index Cond: (id = mc.company_id)
                                            Filter: ((country_code)::text = '[us]'::text)
                                            Rows Removed by Filter: 0
                                ->  Index Scan using movie_id_cast_info on cast_info ci  (cost=0.56..36.56 rows=1 width=16) (actual time=0.022..0.027 rows=1 loops=116277)
                                      Index Cond: (movie_id = t.id)
                                      Filter: (note = ANY ('{(voice),"(voice: Japanese version)","(voice) (uncredited)","(voice: English version)"}'::text[]))
                                      Rows Removed by Filter: 46
                          ->  Index Scan using role_type_pkey on role_type rt  (cost=0.15..0.17 rows=1 width=4) (actual time=0.001..0.001 rows=0 loops=130077)
                                Index Cond: (id = ci.role_id)
                                Filter: ((role)::text = 'actress'::text)
                                Rows Removed by Filter: 1
                    ->  Index Only Scan using char_name_pkey on char_name chn  (cost=0.43..1.46 rows=1 width=4) (actual time=0.002..0.002 rows=1 loops=40272)
                          Index Cond: (id = ci.person_role_id)
                          Heap Fetches: 35604
              ->  Index Only Scan using person_id_aka_name on aka_name an  (cost=0.42..1.63 rows=2 width=4) (actual time=0.002..0.002 rows=2 loops=35604)
                    Index Cond: (person_id = ci.person_id)
                    Heap Fetches: 67025
        ->  Index Scan using name_pkey on name n  (cost=0.43..1.58 rows=1 width=19) (actual time=0.002..0.002 rows=0 loops=67025)
              Index Cond: (id = ci.person_id)
              Filter: ((name ~~ '%Ang%'::text) AND ((gender)::text = 'f'::text))
              Rows Removed by Filter: 1
Planning time: 12.286 ms
Execution time: 6135.266 ms
