Aggregate  (cost=214871.97..214871.98 rows=1 width=64) (actual time=2497.323..2497.324 rows=1 loops=1)
  ->  Nested Loop  (cost=31679.36..214871.95 rows=3 width=32) (actual time=299.425..2496.256 rows=3575 loops=1)
        Join Filter: (mi.info_type_id = it.id)
        ->  Seq Scan on info_type it  (cost=0.00..2.41 rows=1 width=4) (actual time=0.012..0.019 rows=1 loops=1)
              Filter: ((info)::text = 'release dates'::text)
              Rows Removed by Filter: 112
        ->  Nested Loop  (cost=31679.36..214869.14 rows=32 width=36) (actual time=299.411..2495.699 rows=3575 loops=1)
              Join Filter: (t.id = mi.movie_id)
              ->  Nested Loop  (cost=31678.92..210117.37 rows=180 width=44) (actual time=299.385..2426.107 rows=4111 loops=1)
                    ->  Nested Loop  (cost=31678.50..209458.37 rows=563 width=48) (actual time=294.090..2401.533 rows=11303 loops=1)
                          ->  Nested Loop  (cost=31678.07..208092.52 rows=503 width=40) (actual time=294.076..2387.990 rows=4703 loops=1)
                                ->  Nested Loop  (cost=31677.64..206904.30 rows=833 width=19) (actual time=294.049..2368.842 rows=7726 loops=1)
                                      ->  Nested Loop  (cost=31677.21..204400.98 rows=1717 width=23) (actual time=294.030..2351.834 rows=8204 loops=1)
                                            ->  Hash Join  (cost=31676.78..179941.81 rows=15472 width=16) (actual time=278.230..1590.968 rows=503508 loops=1)
                                                  Hash Cond: (ci.person_id = an.person_id)
                                                  ->  Nested Loop  (cost=0.56..134018.14 rows=80881 width=12) (actual time=0.124..1225.370 rows=276166 loops=1)
                                                        ->  Seq Scan on role_type rt  (cost=0.00..18.88 rows=1 width=4) (actual time=0.003..0.006 rows=1 loops=1)
                                                              Filter: ((role)::text = 'actress'::text)
                                                              Rows Removed by Filter: 11
                                                        ->  Index Scan using role_id_cast_info on cast_info ci  (cost=0.56..133251.31 rows=74795 width=16) (actual time=0.121..1199.654 rows=276166 loops=1)
                                                              Index Cond: (role_id = rt.id)
                                                              Filter: (note = ANY ('{(voice),"(voice: Japanese version)","(voice) (uncredited)","(voice: English version)"}'::text[]))
                                                              Rows Removed by Filter: 7175807
                                                  ->  Hash  (cost=20409.43..20409.43 rows=901343 width=4) (actual time=275.391..275.391 rows=901343 loops=1)
                                                        Buckets: 1048576  Batches: 1  Memory Usage: 39880kB
                                                        ->  Seq Scan on aka_name an  (cost=0.00..20409.43 rows=901343 width=4) (actual time=0.005..115.737 rows=901343 loops=1)
                                            ->  Index Scan using name_pkey on name n  (cost=0.43..1.58 rows=1 width=19) (actual time=0.001..0.001 rows=0 loops=503508)
                                                  Index Cond: (id = ci.person_id)
                                                  Filter: ((name ~~ '%An%'::text) AND ((gender)::text = 'f'::text))
                                                  Rows Removed by Filter: 1
                                      ->  Index Only Scan using char_name_pkey on char_name chn  (cost=0.43..1.46 rows=1 width=4) (actual time=0.002..0.002 rows=1 loops=8204)
                                            Index Cond: (id = ci.person_role_id)
                                            Heap Fetches: 7726
                                ->  Index Scan using title_pkey on title t  (cost=0.43..1.43 rows=1 width=21) (actual time=0.002..0.002 rows=1 loops=7726)
                                      Index Cond: (id = ci.movie_id)
                                      Filter: (production_year > 2000)
                                      Rows Removed by Filter: 0
                          ->  Index Scan using movie_id_movie_companies on movie_companies mc  (cost=0.43..2.67 rows=5 width=8) (actual time=0.002..0.002 rows=2 loops=4703)
                                Index Cond: (movie_id = t.id)
                    ->  Index Scan using company_name_pkey on company_name cn  (cost=0.42..1.17 rows=1 width=4) (actual time=0.002..0.002 rows=0 loops=11303)
                          Index Cond: (id = mc.company_id)
                          Filter: ((country_code)::text = '[us]'::text)
                          Rows Removed by Filter: 1
              ->  Index Scan using movie_id_movie_info on movie_info mi  (cost=0.43..26.37 rows=2 width=8) (actual time=0.009..0.017 rows=1 loops=4111)
                    Index Cond: (movie_id = mc.movie_id)
                    Filter: ((info IS NOT NULL) AND ((info ~~ 'Japan:%200%'::text) OR (info ~~ 'USA:%200%'::text)))
                    Rows Removed by Filter: 55
Planning time: 12.547 ms
Execution time: 2497.574 ms
