Aggregate  (cost=163760.79..163760.80 rows=1 width=68) (actual time=493.957..493.957 rows=1 loops=1)
  ->  Nested Loop  (cost=89547.64..162908.10 rows=113692 width=45) (actual time=493.940..493.944 rows=3 loops=1)
        Join Filter: (mc.company_type_id = ct.id)
        Rows Removed by Join Filter: 63
        ->  Seq Scan on company_type ct  (cost=0.00..18.88 rows=1 width=4) (actual time=0.004..0.005 rows=1 loops=1)
              Filter: ((kind)::text = 'production companies'::text)
              Rows Removed by Filter: 3
        ->  Nested Loop  (cost=89547.64..160046.91 rows=227385 width=49) (actual time=493.877..493.932 rows=66 loops=1)
              Join Filter: (t.id = mc.movie_id)
              ->  Hash Join  (cost=89547.21..108731.92 rows=79842 width=29) (actual time=493.856..493.860 rows=4 loops=1)
                    Hash Cond: (mi_idx.movie_id = t.id)
                    ->  Nested Loop  (cost=6462.25..22162.36 rows=276007 width=4) (actual time=0.020..0.025 rows=10 loops=1)
                          ->  Seq Scan on info_type it  (cost=0.00..2.41 rows=1 width=4) (actual time=0.010..0.010 rows=1 loops=1)
                                Filter: ((info)::text = 'bottom 10 rank'::text)
                                Rows Removed by Filter: 112
                          ->  Bitmap Heap Scan on movie_info_idx mi_idx  (cost=6462.25..18709.86 rows=345009 width=8) (actual time=0.009..0.011 rows=10 loops=1)
                                Recheck Cond: (info_type_id = it.id)
                                Heap Blocks: exact=1
                                ->  Bitmap Index Scan on info_type_id_movie_info_idx  (cost=0.00..6375.99 rows=345009 width=0) (actual time=0.006..0.006 rows=10 loops=1)
                                      Index Cond: (info_type_id = it.id)
                    ->  Hash  (cost=73924.76..73924.76 rows=732816 width=25) (actual time=491.803..491.803 rows=716259 loops=1)
                          Buckets: 1048576  Batches: 1  Memory Usage: 49244kB
                          ->  Seq Scan on title t  (cost=0.00..73924.76 rows=732816 width=25) (actual time=0.006..343.993 rows=716259 loops=1)
                                Filter: ((production_year >= 2005) AND (production_year <= 2010))
                                Rows Removed by Filter: 1812053
              ->  Index Scan using movie_id_movie_companies on movie_companies mc  (cost=0.43..0.61 rows=3 width=32) (actual time=0.008..0.015 rows=16 loops=4)
                    Index Cond: (movie_id = mi_idx.movie_id)
                    Filter: (note !~~ '%(as Metro-Goldwyn-Mayer Pictures)%'::text)
                    Rows Removed by Filter: 2
Planning time: 0.840 ms
Execution time: 494.137 ms
