Aggregate  (cost=172948.94..172948.95 rows=1 width=68) (actual time=931.226..931.226 rows=1 loops=1)
  ->  Hash Join  (cost=112817.92..172242.63 rows=94174 width=45) (actual time=812.442..931.202 rows=4 loops=1)
        Hash Cond: (mc.movie_id = t.id)
        ->  Nested Loop  (cost=0.43..56523.07 rows=665883 width=28) (actual time=0.028..221.807 rows=140904 loops=1)
              ->  Seq Scan on company_type ct  (cost=0.00..18.88 rows=1 width=4) (actual time=0.004..0.006 rows=1 loops=1)
                    Filter: ((kind)::text = 'production companies'::text)
                    Rows Removed by Filter: 3
              ->  Index Scan using company_type_id_movie_companies on movie_companies mc  (cost=0.43..49805.71 rows=669848 width=32) (actual time=0.023..208.272 rows=140904 loops=1)
                    Index Cond: (company_type_id = ct.id)
                    Filter: (note !~~ '%(as Metro-Goldwyn-Mayer Pictures)%'::text)
                    Rows Removed by Filter: 1193979
        ->  Hash  (cost=110895.08..110895.08 rows=153793 width=29) (actual time=691.017..691.017 rows=6 loops=1)
              Buckets: 262144  Batches: 1  Memory Usage: 2049kB
              ->  Hash Join  (cost=91710.37..110895.08 rows=153793 width=29) (actual time=691.003..691.010 rows=6 loops=1)
                    Hash Cond: (mi_idx.movie_id = t.id)
                    ->  Nested Loop  (cost=6462.25..22162.36 rows=276007 width=4) (actual time=0.022..0.028 rows=10 loops=1)
                          ->  Seq Scan on info_type it  (cost=0.00..2.41 rows=1 width=4) (actual time=0.012..0.013 rows=1 loops=1)
                                Filter: ((info)::text = 'bottom 10 rank'::text)
                                Rows Removed by Filter: 112
                          ->  Bitmap Heap Scan on movie_info_idx mi_idx  (cost=6462.25..18709.86 rows=345009 width=8) (actual time=0.008..0.012 rows=10 loops=1)
                                Recheck Cond: (info_type_id = it.id)
                                Heap Blocks: exact=1
                                ->  Bitmap Index Scan on info_type_id_movie_info_idx  (cost=0.00..6375.99 rows=345009 width=0) (actual time=0.005..0.005 rows=10 loops=1)
                                      Index Cond: (info_type_id = it.id)
                    ->  Hash  (cost=67603.64..67603.64 rows=1411559 width=25) (actual time=687.270..687.270 rows=1381453 loops=1)
                          Buckets: 2097152  Batches: 1  Memory Usage: 95777kB
                          ->  Seq Scan on title t  (cost=0.00..67603.64 rows=1411559 width=25) (actual time=0.006..382.038 rows=1381453 loops=1)
                                Filter: (production_year > 2000)
                                Rows Removed by Filter: 1146859
Planning time: 0.844 ms
Execution time: 931.581 ms
