Aggregate  (cost=194576.89..194576.90 rows=1 width=64) (actual time=1066.026..1066.026 rows=1 loops=1)
  ->  Nested Loop  (cost=8534.90..194549.86 rows=5406 width=32) (actual time=367.014..1064.322 rows=5406 loops=1)
        ->  Nested Loop  (cost=8534.47..192090.68 rows=5406 width=21) (actual time=367.009..1045.882 rows=5406 loops=1)
              ->  Nested Loop  (cost=8534.04..105242.15 rows=189844 width=25) (actual time=366.949..823.544 rows=189844 loops=1)
                    Join Filter: (t.id = ci.movie_id)
                    ->  Hash Join  (cost=8533.48..102763.53 rows=1267 width=29) (actual time=366.939..659.537 rows=1267 loops=1)
                          Hash Cond: (cc.status_id = cct2.id)
                          ->  Hash Join  (cost=8532.40..102749.27 rows=1267 width=33) (actual time=366.926..659.179 rows=1267 loops=1)
                                Hash Cond: (mk.keyword_id = k.id)
                                ->  Nested Loop  (cost=4564.45..95061.10 rows=294672 width=37) (actual time=340.193..611.580 rows=294672 loops=1)
                                      ->  Hash Join  (cost=4564.02..86717.57 rows=4696 width=29) (actual time=340.180..512.671 rows=4696 loops=1)
                                            Hash Cond: (t.kind_id = kt.id)
                                            ->  Hash Join  (cost=4562.92..86448.93 rows=23557 width=33) (actual time=39.811..510.378 rows=23557 loops=1)
                                                  Hash Cond: (t.id = cc.movie_id)
                                                  ->  Seq Scan on title t  (cost=0.00..67601.90 rows=1381453 width=25) (actual time=0.005..320.244 rows=1381453 loops=1)
                                                        Filter: (production_year > 2000)
                                                        Rows Removed by Filter: 1146859
                                                  ->  Hash  (cost=3488.66..3488.66 rows=85941 width=8) (actual time=39.756..39.756 rows=85941 loops=1)
                                                        Buckets: 131072  Batches: 1  Memory Usage: 4382kB
                                                        ->  Hash Join  (cost=1.06..3488.66 rows=85941 width=8) (actual time=0.016..29.332 rows=85941 loops=1)
                                                              Hash Cond: (cc.subject_id = cct1.id)
                                                              ->  Seq Scan on complete_cast cc  (cost=0.00..2081.86 rows=135086 width=12) (actual time=0.006..9.302 rows=135086 loops=1)
                                                              ->  Hash  (cost=1.05..1.05 rows=1 width=4) (actual time=0.005..0.005 rows=1 loops=1)
                                                                    Buckets: 1024  Batches: 1  Memory Usage: 9kB
                                                                    ->  Seq Scan on comp_cast_type cct1  (cost=0.00..1.05 rows=1 width=4) (actual time=0.003..0.004 rows=1 loops=1)
                                                                          Filter: ((kind)::text = 'cast'::text)
                                                                          Rows Removed by Filter: 3
                                            ->  Hash  (cost=1.09..1.09 rows=1 width=4) (actual time=0.007..0.007 rows=1 loops=1)
                                                  Buckets: 1024  Batches: 1  Memory Usage: 9kB
                                                  ->  Seq Scan on kind_type kt  (cost=0.00..1.09 rows=1 width=4) (actual time=0.005..0.006 rows=1 loops=1)
                                                        Filter: ((kind)::text = 'movie'::text)
                                                        Rows Removed by Filter: 6
                                      ->  Index Scan using movie_id_movie_keyword on movie_keyword mk  (cost=0.43..1.33 rows=45 width=8) (actual time=0.004..0.014 rows=63 loops=4696)
                                            Index Cond: (movie_id = t.id)
                                ->  Hash  (cost=3967.82..3967.82 rows=10 width=4) (actual time=26.648..26.648 rows=10 loops=1)
                                      Buckets: 1024  Batches: 1  Memory Usage: 9kB
                                      ->  Seq Scan on keyword k  (cost=0.00..3967.82 rows=10 width=4) (actual time=0.102..26.636 rows=10 loops=1)
                                            Filter: (keyword = ANY ('{superhero,marvel-comics,based-on-comic,tv-special,fight,violence,magnet,web,claw,laser}'::text[]))
                                            Rows Removed by Filter: 134160
                          ->  Hash  (cost=1.05..1.05 rows=2 width=4) (actual time=0.008..0.008 rows=2 loops=1)
                                Buckets: 1024  Batches: 1  Memory Usage: 9kB
                                ->  Seq Scan on comp_cast_type cct2  (cost=0.00..1.05 rows=2 width=4) (actual time=0.006..0.007 rows=2 loops=1)
                                      Filter: ((kind)::text ~~ '%complete%'::text)
                                      Rows Removed by Filter: 2
                    ->  Index Scan using movie_id_cast_info on cast_info ci  (cost=0.56..1.51 rows=36 width=12) (actual time=0.005..0.104 rows=150 loops=1267)
                          Index Cond: (movie_id = mk.movie_id)
              ->  Index Scan using char_name_pkey on char_name chn  (cost=0.43..0.46 rows=1 width=4) (actual time=0.001..0.001 rows=0 loops=189844)
                    Index Cond: (id = ci.person_role_id)
                    Filter: ((name IS NOT NULL) AND ((name ~~ '%man%'::text) OR (name ~~ '%Man%'::text)))
                    Rows Removed by Filter: 0
        ->  Index Scan using name_pkey on name n  (cost=0.43..0.45 rows=1 width=19) (actual time=0.003..0.003 rows=1 loops=5406)
              Index Cond: (id = ci.person_id)
Planning time: 7.546 ms
Execution time: 1066.116 ms
