Aggregate  (cost=71148.07..71148.08 rows=1 width=64) (actual time=329.359..329.359 rows=1 loops=1)
  ->  Nested Loop  (cost=55432.47..71148.07 rows=1 width=65) (actual time=287.817..329.138 rows=618 loops=1)
        ->  Nested Loop  (cost=55432.05..71147.63 rows=1 width=69) (actual time=287.808..327.583 rows=618 loops=1)
              ->  Nested Loop  (cost=55431.90..71147.45 rows=1 width=73) (actual time=287.801..326.933 rows=618 loops=1)
                    ->  Nested Loop  (cost=55431.48..71147.01 rows=1 width=77) (actual time=287.791..325.891 rows=618 loops=1)
                          Join Filter: (t.id = mc.movie_id)
                          ->  Nested Loop  (cost=55431.05..71146.40 rows=1 width=85) (actual time=287.782..324.712 rows=615 loops=1)
                                ->  Nested Loop  (cost=55430.62..71144.60 rows=1 width=77) (actual time=287.761..324.463 rows=5 loops=1)
                                      ->  Nested Loop  (cost=55430.48..71143.89 rows=4 width=81) (actual time=287.753..324.442 rows=5 loops=1)
                                            ->  Nested Loop  (cost=55430.04..58319.85 rows=6273 width=73) (actual time=229.661..262.546 rows=1033 loops=1)
                                                  Join Filter: (cc.status_id = cct1.id)
                                                  Rows Removed by Join Filter: 5201
                                                  ->  Seq Scan on comp_cast_type cct1  (cost=0.00..18.88 rows=1 width=4) (actual time=0.005..0.006 rows=1 loops=1)
                                                        Filter: ((kind)::text = 'complete+verified'::text)
                                                        Rows Removed by Filter: 3
                                                  ->  Hash Join  (cost=55430.04..58144.16 rows=12545 width=77) (actual time=229.654..262.026 rows=6234 loops=1)
                                                        Hash Cond: (cc.movie_id = t.id)
                                                        ->  Seq Scan on complete_cast cc  (cost=0.00..2081.86 rows=135086 width=8) (actual time=0.005..10.464 rows=135086 loops=1)
                                                        ->  Hash  (cost=52489.29..52489.29 rows=235260 width=69) (actual time=229.287..229.287 rows=274015 loops=1)
                                                              Buckets: 524288 (originally 262144)  Batches: 1 (originally 1)  Memory Usage: 20317kB
                                                              ->  Nested Loop  (cost=7842.61..52489.29 rows=235260 width=69) (actual time=23.133..166.328 rows=274015 loops=1)
                                                                    ->  Seq Scan on kind_type kt  (cost=0.00..22.75 rows=1 width=52) (actual time=0.003..0.005 rows=1 loops=1)
                                                                          Filter: ((kind)::text = 'movie'::text)
                                                                          Rows Removed by Filter: 6
                                                                    ->  Bitmap Heap Scan on title t  (cost=7842.61..50161.73 rows=230481 width=25) (actual time=23.127..138.168 rows=274015 loops=1)
                                                                          Recheck Cond: (kind_id = kt.id)
                                                                          Filter: (production_year > 2000)
                                                                          Rows Removed by Filter: 388810
                                                                          Heap Blocks: exact=12863
                                                                          ->  Bitmap Index Scan on kind_id_title  (cost=0.00..7784.99 rows=421408 width=0) (actual time=21.579..21.579 rows=662825 loops=1)
                                                                                Index Cond: (kind_id = kt.id)
                                            ->  Index Scan using movie_id_movie_info on movie_info mi  (cost=0.43..2.03 rows=1 width=8) (actual time=0.060..0.060 rows=0 loops=1033)
                                                  Index Cond: (movie_id = t.id)
                                                  Filter: ((info IS NOT NULL) AND (note ~~ '%internet%'::text) AND ((info ~~ 'USA:% 199%'::text) OR (info ~~ 'USA:% 200%'::text)))
                                                  Rows Removed by Filter: 211
                                      ->  Index Scan using info_type_pkey on info_type it1  (cost=0.14..0.17 rows=1 width=4) (actual time=0.003..0.003 rows=1 loops=5)
                                            Index Cond: (id = mi.info_type_id)
                                            Filter: ((info)::text = 'release dates'::text)
                                ->  Index Scan using movie_id_movie_keyword on movie_keyword mk  (cost=0.43..1.34 rows=46 width=8) (actual time=0.008..0.029 rows=123 loops=5)
                                      Index Cond: (movie_id = t.id)
                          ->  Index Scan using movie_id_movie_companies on movie_companies mc  (cost=0.43..0.54 rows=5 width=12) (actual time=0.001..0.002 rows=1 loops=615)
                                Index Cond: (movie_id = mk.movie_id)
                    ->  Index Scan using company_name_pkey on company_name cn  (cost=0.42..0.45 rows=1 width=4) (actual time=0.001..0.001 rows=1 loops=618)
                          Index Cond: (id = mc.company_id)
                          Filter: ((country_code)::text = '[us]'::text)
              ->  Index Only Scan using company_type_pkey on company_type ct  (cost=0.15..0.17 rows=1 width=4) (actual time=0.001..0.001 rows=1 loops=618)
                    Index Cond: (id = mc.company_type_id)
                    Heap Fetches: 618
        ->  Index Only Scan using keyword_pkey on keyword k  (cost=0.42..0.44 rows=1 width=4) (actual time=0.002..0.002 rows=1 loops=618)
              Index Cond: (id = mk.keyword_id)
              Heap Fetches: 618
Planning time: 19.221 ms
Execution time: 329.497 ms
