Aggregate  (cost=9113.86..9113.87 rows=1 width=96) (actual time=544.463..544.464 rows=1 loops=1)
  ->  Nested Loop  (cost=10.39..9113.86 rows=1 width=48) (actual time=52.490..544.331 rows=275 loops=1)
        Join Filter: (mi.info_type_id = it.id)
        ->  Nested Loop  (cost=10.39..9111.43 rows=1 width=52) (actual time=52.483..543.455 rows=275 loops=1)
              Join Filter: (ci.role_id = rt.id)
              ->  Nested Loop  (cost=10.39..9092.54 rows=1 width=56) (actual time=52.477..543.049 rows=275 loops=1)
                    ->  Nested Loop  (cost=9.96..9090.70 rows=1 width=49) (actual time=0.914..479.889 rows=36578 loops=1)
                          ->  Nested Loop  (cost=9.54..9088.60 rows=1 width=45) (actual time=0.907..442.370 rows=13608 loops=1)
                                ->  Nested Loop  (cost=9.11..9086.86 rows=1 width=33) (actual time=0.901..411.762 rows=13758 loops=1)
                                      Join Filter: (t.id = ci.movie_id)
                                      ->  Nested Loop  (cost=8.54..9007.22 rows=2 width=37) (actual time=0.692..130.034 rows=3406 loops=1)
                                            Join Filter: (t.id = mi.movie_id)
                                            ->  Nested Loop  (cost=8.11..6935.72 rows=65 width=29) (actual time=0.685..74.849 rows=1576 loops=1)
                                                  ->  Nested Loop  (cost=7.69..6634.95 rows=204 width=33) (actual time=0.680..60.270 rows=5566 loops=1)
                                                        Join Filter: (t.id = mc.movie_id)
                                                        ->  Nested Loop  (cost=7.26..6340.04 rows=85 width=25) (actual time=0.673..55.915 rows=495 loops=1)
                                                              ->  Nested Loop  (cost=6.83..6178.12 rows=101 width=4) (actual time=0.632..28.081 rows=9696 loops=1)
                                                                    ->  Seq Scan on keyword k  (cost=0.00..2793.84 rows=3 width=4) (actual time=0.012..16.107 rows=3 loops=1)
                                                                          Filter: (keyword = ANY ('{hero,martial-arts,hand-to-hand-combat}'::text[]))
                                                                          Rows Removed by Filter: 134167
                                                                    ->  Bitmap Heap Scan on movie_keyword mk  (cost=6.83..1125.00 rows=309 width=8) (actual time=0.620..3.662 rows=3232 loops=3)
                                                                          Recheck Cond: (keyword_id = k.id)
                                                                          Heap Blocks: exact=7446
                                                                          ->  Bitmap Index Scan on keyword_id_movie_keyword  (cost=0.00..6.75 rows=309 width=0) (actual time=0.326..0.326 rows=3232 loops=3)
                                                                                Index Cond: (keyword_id = k.id)
                                                              ->  Index Scan using title_pkey on title t  (cost=0.43..1.60 rows=1 width=21) (actual time=0.003..0.003 rows=0 loops=9696)
                                                                    Index Cond: (id = mk.movie_id)
                                                                    Filter: (production_year > 2010)
                                                                    Rows Removed by Filter: 1
                                                        ->  Index Scan using movie_id_movie_companies on movie_companies mc  (cost=0.43..3.41 rows=5 width=8) (actual time=0.004..0.007 rows=11 loops=495)
                                                              Index Cond: (movie_id = mk.movie_id)
                                                  ->  Index Scan using company_name_pkey on company_name cn  (cost=0.42..1.47 rows=1 width=4) (actual time=0.002..0.002 rows=0 loops=5566)
                                                        Index Cond: (id = mc.company_id)
                                                        Filter: ((country_code)::text = '[us]'::text)
                                                        Rows Removed by Filter: 1
                                            ->  Index Scan using movie_id_movie_info on movie_info mi  (cost=0.43..31.86 rows=1 width=8) (actual time=0.009..0.034 rows=2 loops=1576)
                                                  Index Cond: (movie_id = mk.movie_id)
                                                  Filter: ((info IS NOT NULL) AND ((info ~~ 'Japan:%201%'::text) OR (info ~~ 'USA:%201%'::text)))
                                                  Rows Removed by Filter: 131
                                      ->  Index Scan using movie_id_cast_info on cast_info ci  (cost=0.56..39.81 rows=1 width=16) (actual time=0.053..0.082 rows=4 loops=3406)
                                            Index Cond: (movie_id = mk.movie_id)
                                            Filter: (note = ANY ('{(voice),"(voice: Japanese version)","(voice) (uncredited)","(voice: English version)"}'::text[]))
                                            Rows Removed by Filter: 169
                                ->  Index Scan using char_name_pkey on char_name chn  (cost=0.43..1.74 rows=1 width=20) (actual time=0.002..0.002 rows=1 loops=13758)
                                      Index Cond: (id = ci.person_role_id)
                          ->  Index Only Scan using person_id_aka_name on aka_name an  (cost=0.42..2.08 rows=2 width=4) (actual time=0.002..0.002 rows=3 loops=13608)
                                Index Cond: (person_id = ci.person_id)
                                Heap Fetches: 36578
                    ->  Index Scan using name_pkey on name n  (cost=0.43..1.85 rows=1 width=19) (actual time=0.002..0.002 rows=0 loops=36578)
                          Index Cond: (id = ci.person_id)
                          Filter: ((name ~~ '%An%'::text) AND ((gender)::text = 'f'::text))
                          Rows Removed by Filter: 1
              ->  Seq Scan on role_type rt  (cost=0.00..18.88 rows=1 width=4) (actual time=0.001..0.001 rows=1 loops=275)
                    Filter: ((role)::text = 'actress'::text)
                    Rows Removed by Filter: 1
        ->  Seq Scan on info_type it  (cost=0.00..2.41 rows=1 width=4) (actual time=0.002..0.002 rows=1 loops=275)
              Filter: ((info)::text = 'release dates'::text)
              Rows Removed by Filter: 15
Planning time: 49.474 ms
Execution time: 544.565 ms
