Aggregate  (cost=770235.02..770235.03 rows=1 width=128) (actual time=2270.141..2270.141 rows=1 loops=1)
  ->  Nested Loop  (cost=42121.82..770190.95 rows=4407 width=79) (actual time=1545.853..2267.969 rows=4407 loops=1)
        Join Filter: (mi.movie_id = t.id)
        ->  Nested Loop  (cost=42121.39..766580.61 rows=4407 width=78) (actual time=1545.837..2257.281 rows=4407 loops=1)
              ->  Nested Loop  (cost=42120.96..759294.40 rows=7112 width=67) (actual time=1542.587..2236.412 rows=7112 loops=1)
                    Join Filter: (mi.movie_id = ci.movie_id)
                    ->  Hash Join  (cost=42120.39..438356.24 rows=11389 width=59) (actual time=1540.401..1883.694 rows=11389 loops=1)
                          Hash Cond: (mk.keyword_id = k.id)
                          ->  Nested Loop  (cost=38991.07..431193.50 rows=319480 width=63) (actual time=1522.715..1840.565 rows=319480 loops=1)
                                Join Filter: (mi.movie_id = mk.movie_id)
                                ->  Hash Join  (cost=38990.64..393591.03 rows=16480 width=55) (actual time=1522.699..1700.325 rows=16480 loops=1)
                                      Hash Cond: (mi.info_type_id = it1.id)
                                      ->  Hash Join  (cost=38988.21..393376.98 rows=16867 width=59) (actual time=1206.705..1697.047 rows=16867 loops=1)
                                            Hash Cond: (mi_idx.info_type_id = it2.id)
                                            ->  Hash Join  (cost=38985.79..392739.34 rows=50629 width=63) (actual time=1206.692..1690.825 rows=50629 loops=1)
                                                  Hash Cond: (mi.movie_id = mi_idx.movie_id)
                                                  ->  Seq Scan on movie_info mi  (cost=0.00..347439.50 rows=30801 width=50) (actual time=788.461..1255.901 rows=30801 loops=1)
                                                        Filter: (info = 'Horror'::text)
                                                        Rows Removed by Filter: 14804919
                                                  ->  Hash  (cost=21735.35..21735.35 rows=1380035 width=13) (actual time=416.037..416.037 rows=1380035 loops=1)
                                                        Buckets: 2097152  Batches: 1  Memory Usage: 79357kB
                                                        ->  Seq Scan on movie_info_idx mi_idx  (cost=0.00..21735.35 rows=1380035 width=13) (actual time=0.008..175.193 rows=1380035 loops=1)
                                            ->  Hash  (cost=2.41..2.41 rows=1 width=4) (actual time=0.009..0.009 rows=1 loops=1)
                                                  Buckets: 1024  Batches: 1  Memory Usage: 9kB
                                                  ->  Seq Scan on info_type it2  (cost=0.00..2.41 rows=1 width=4) (actual time=0.007..0.008 rows=1 loops=1)
                                                        Filter: ((info)::text = 'votes'::text)
                                                        Rows Removed by Filter: 112
                                      ->  Hash  (cost=2.41..2.41 rows=1 width=4) (actual time=0.013..0.013 rows=1 loops=1)
                                            Buckets: 1024  Batches: 1  Memory Usage: 9kB
                                            ->  Seq Scan on info_type it1  (cost=0.00..2.41 rows=1 width=4) (actual time=0.007..0.012 rows=1 loops=1)
                                                  Filter: ((info)::text = 'genres'::text)
                                                  Rows Removed by Filter: 112
                                ->  Index Scan using movie_id_movie_keyword on movie_keyword mk  (cost=0.43..1.72 rows=45 width=8) (actual time=0.002..0.005 rows=19 loops=16480)
                                      Index Cond: (movie_id = mi_idx.movie_id)
                          ->  Hash  (cost=3129.26..3129.26 rows=5 width=4) (actual time=17.650..17.650 rows=5 loops=1)
                                Buckets: 1024  Batches: 1  Memory Usage: 9kB
                                ->  Seq Scan on keyword k  (cost=0.00..3129.26 rows=5 width=4) (actual time=0.533..17.647 rows=5 loops=1)
                                      Filter: (keyword = ANY ('{murder,blood,gore,death,female-nudity}'::text[]))
                                      Rows Removed by Filter: 134165
                    ->  Index Scan using movie_id_cast_info on cast_info ci  (cost=0.56..28.17 rows=1 width=8) (actual time=0.025..0.031 rows=1 loops=11389)
                          Index Cond: (movie_id = mk.movie_id)
                          Filter: (note = ANY ('{(writer),"(head writer)","(written by)",(story),"(story editor)"}'::text[]))
                          Rows Removed by Filter: 46
              ->  Index Scan using name_pkey on name n  (cost=0.43..1.02 rows=1 width=19) (actual time=0.003..0.003 rows=1 loops=7112)
                    Index Cond: (id = ci.person_id)
                    Filter: ((gender)::text = 'm'::text)
                    Rows Removed by Filter: 0
        ->  Index Scan using title_pkey on title t  (cost=0.43..0.81 rows=1 width=21) (actual time=0.002..0.002 rows=1 loops=4407)
              Index Cond: (id = mk.movie_id)
Planning time: 7.089 ms
Execution time: 2270.472 ms
