Aggregate  (cost=7582.50..7582.51 rows=1 width=96) (actual time=74.499..74.499 rows=1 loops=1)
  ->  Nested Loop  (cost=9.53..7582.50 rows=1 width=38) (actual time=7.770..74.453 rows=93 loops=1)
        ->  Nested Loop  (cost=9.10..7582.04 rows=1 width=26) (actual time=7.730..71.256 rows=2300 loops=1)
              ->  Nested Loop  (cost=8.67..7581.58 rows=1 width=30) (actual time=7.722..62.811 rows=2300 loops=1)
                    Join Filter: (t.id = ci.movie_id)
                    ->  Nested Loop  (cost=8.10..7579.60 rows=1 width=38) (actual time=7.713..60.325 rows=6 loops=1)
                          Join Filter: (cct2.id = cc.status_id)
                          Rows Removed by Join Filter: 2
                          ->  Nested Loop  (cost=8.10..7560.70 rows=1 width=42) (actual time=7.707..60.295 rows=6 loops=1)
                                Join Filter: (cct1.id = cc.subject_id)
                                Rows Removed by Join Filter: 4
                                ->  Seq Scan on comp_cast_type cct1  (cost=0.00..18.88 rows=1 width=4) (actual time=0.003..0.004 rows=1 loops=1)
                                      Filter: ((kind)::text = 'cast'::text)
                                      Rows Removed by Filter: 3
                                ->  Nested Loop  (cost=8.10..7541.81 rows=1 width=46) (actual time=7.701..60.285 rows=10 loops=1)
                                      ->  Nested Loop  (cost=7.68..7541.33 rows=1 width=34) (actual time=7.585..60.176 rows=31 loops=1)
                                            Join Filter: (kt.id = t.kind_id)
                                            Rows Removed by Join Filter: 167
                                            ->  Seq Scan on kind_type kt  (cost=0.00..22.75 rows=1 width=4) (actual time=0.002..0.003 rows=1 loops=1)
                                                  Filter: ((kind)::text = 'movie'::text)
                                                  Rows Removed by Filter: 6
                                            ->  Nested Loop  (cost=7.68..7518.57 rows=1 width=38) (actual time=0.522..60.149 rows=198 loops=1)
                                                  ->  Nested Loop  (cost=7.25..7517.10 rows=3 width=13) (actual time=0.516..58.943 rows=313 loops=1)
                                                        Join Filter: (mi_idx.info_type_id = it2.id)
                                                        Rows Removed by Join Filter: 599
                                                        ->  Seq Scan on info_type it2  (cost=0.00..2.41 rows=1 width=4) (actual time=0.010..0.012 rows=1 loops=1)
                                                              Filter: ((info)::text = 'rating'::text)
                                                              Rows Removed by Filter: 112
                                                        ->  Nested Loop  (cost=7.25..7514.50 rows=15 width=17) (actual time=0.468..58.844 rows=912 loops=1)
                                                              ->  Nested Loop  (cost=6.83..7445.94 rows=135 width=4) (actual time=0.431..29.729 rows=9984 loops=1)
                                                                    ->  Seq Scan on keyword k  (cost=0.00..2961.55 rows=4 width=4) (actual time=0.064..17.924 rows=4 loops=1)
                                                                          Filter: (keyword = ANY ('{superhero,marvel-comics,based-on-comic,fight}'::text[]))
                                                                          Rows Removed by Filter: 134166
                                                                    ->  Bitmap Heap Scan on movie_keyword mk  (cost=6.83..1118.01 rows=309 width=8) (actual time=0.441..2.688 rows=2496 loops=4)
                                                                          Recheck Cond: (keyword_id = k.id)
                                                                          Heap Blocks: exact=7686
                                                                          ->  Bitmap Index Scan on keyword_id_movie_keyword  (cost=0.00..6.75 rows=309 width=0) (actual time=0.225..0.225 rows=2496 loops=4)
                                                                                Index Cond: (keyword_id = k.id)
                                                              ->  Index Scan using movie_id_movie_info_idx on movie_info_idx mi_idx  (cost=0.43..0.50 rows=1 width=13) (actual time=0.003..0.003 rows=0 loops=9984)
                                                                    Index Cond: (movie_id = mk.movie_id)
                                                                    Filter: (info > '8.0'::text)
                                                                    Rows Removed by Filter: 2
                                                  ->  Index Scan using title_pkey on title t  (cost=0.43..0.49 rows=1 width=25) (actual time=0.004..0.004 rows=1 loops=313)
                                                        Index Cond: (id = mk.movie_id)
                                                        Filter: (production_year > 2005)
                                                        Rows Removed by Filter: 0
                                      ->  Index Scan using movie_id_complete_cast on complete_cast cc  (cost=0.42..0.46 rows=2 width=12) (actual time=0.003..0.003 rows=0 loops=31)
                                            Index Cond: (movie_id = t.id)
                          ->  Seq Scan on comp_cast_type cct2  (cost=0.00..18.88 rows=2 width=4) (actual time=0.002..0.002 rows=1 loops=6)
                                Filter: ((kind)::text ~~ '%complete%'::text)
                                Rows Removed by Filter: 2
                    ->  Index Scan using movie_id_cast_info on cast_info ci  (cost=0.56..1.52 rows=37 width=12) (actual time=0.007..0.347 rows=383 loops=6)
                          Index Cond: (movie_id = mk.movie_id)
              ->  Index Only Scan using name_pkey on name n  (cost=0.43..0.46 rows=1 width=4) (actual time=0.003..0.003 rows=1 loops=2300)
                    Index Cond: (id = ci.person_id)
                    Heap Fetches: 2300
        ->  Index Scan using char_name_pkey on char_name chn  (cost=0.43..0.46 rows=1 width=20) (actual time=0.001..0.001 rows=0 loops=2300)
              Index Cond: (id = ci.person_role_id)
              Filter: ((name IS NOT NULL) AND ((name ~~ '%man%'::text) OR (name ~~ '%Man%'::text)))
              Rows Removed by Filter: 0
Planning time: 45.119 ms
Execution time: 74.582 ms
