Aggregate  (cost=15068.69..15068.70 rows=1 width=96) (actual time=640.934..640.934 rows=1 loops=1)
  ->  Nested Loop  (cost=9.53..15068.68 rows=1 width=38) (actual time=2.096..638.882 rows=5400 loops=1)
        ->  Nested Loop  (cost=9.10..15068.23 rows=1 width=42) (actual time=2.089..615.018 rows=5400 loops=1)
              ->  Nested Loop  (cost=8.67..15049.46 rows=41 width=30) (actual time=1.635..344.239 rows=189738 loops=1)
                    Join Filter: (t.id = ci.movie_id)
                    ->  Nested Loop  (cost=8.10..15043.50 rows=3 width=38) (actual time=1.625..131.300 rows=1261 loops=1)
                          Join Filter: (cc.status_id = cct2.id)
                          Rows Removed by Join Filter: 488
                          ->  Nested Loop  (cost=8.10..15024.53 rows=3 width=42) (actual time=1.618..130.738 rows=1261 loops=1)
                                Join Filter: (it2.id = mi_idx.info_type_id)
                                Rows Removed by Join Filter: 2570
                                ->  Seq Scan on info_type it2  (cost=0.00..2.41 rows=1 width=4) (actual time=0.012..0.014 rows=1 loops=1)
                                      Filter: ((info)::text = 'rating'::text)
                                      Rows Removed by Filter: 112
                                ->  Nested Loop  (cost=8.10..15021.96 rows=13 width=46) (actual time=1.604..130.292 rows=3831 loops=1)
                                      Join Filter: (t.id = mi_idx.movie_id)
                                      ->  Nested Loop  (cost=7.68..15019.85 rows=4 width=33) (actual time=1.598..123.865 rows=1267 loops=1)
                                            Join Filter: (kt.id = t.kind_id)
                                            Rows Removed by Join Filter: 328
                                            ->  Seq Scan on kind_type kt  (cost=0.00..22.75 rows=1 width=4) (actual time=0.002..0.004 rows=1 loops=1)
                                                  Filter: ((kind)::text = 'movie'::text)
                                                  Rows Removed by Filter: 6
                                            ->  Nested Loop  (cost=7.68..14996.77 rows=26 width=37) (actual time=1.045..123.599 rows=1595 loops=1)
                                                  ->  Nested Loop  (cost=7.25..14973.75 rows=47 width=12) (actual time=0.548..101.343 rows=6396 loops=1)
                                                        Join Filter: (cct1.id = cc.subject_id)
                                                        Rows Removed by Join Filter: 2996
                                                        ->  Seq Scan on comp_cast_type cct1  (cost=0.00..18.88 rows=1 width=4) (actual time=0.002..0.004 rows=1 loops=1)
                                                              Filter: ((kind)::text = 'cast'::text)
                                                              Rows Removed by Filter: 3
                                                        ->  Nested Loop  (cost=7.25..14953.70 rows=94 width=16) (actual time=0.545..100.194 rows=9392 loops=1)
                                                              ->  Nested Loop  (cost=6.83..14793.30 rows=337 width=4) (actual time=0.463..59.011 rows=24091 loops=1)
                                                                    ->  Seq Scan on keyword k  (cost=0.00..3967.82 rows=10 width=4) (actual time=0.105..29.424 rows=10 loops=1)
                                                                          Filter: (keyword = ANY ('{superhero,marvel-comics,based-on-comic,tv-special,fight,violence,magnet,web,claw,laser}'::text[]))
                                                                          Rows Removed by Filter: 134160
                                                                    ->  Bitmap Heap Scan on movie_keyword mk  (cost=6.83..1079.46 rows=309 width=8) (actual time=0.457..2.688 rows=2409 loops=10)
                                                                          Recheck Cond: (keyword_id = k.id)
                                                                          Heap Blocks: exact=17127
                                                                          ->  Bitmap Index Scan on keyword_id_movie_keyword  (cost=0.00..6.75 rows=309 width=0) (actual time=0.246..0.246 rows=2409 loops=10)
                                                                                Index Cond: (keyword_id = k.id)
                                                              ->  Index Scan using movie_id_complete_cast on complete_cast cc  (cost=0.42..0.46 rows=2 width=12) (actual time=0.001..0.001 rows=0 loops=24091)
                                                                    Index Cond: (movie_id = mk.movie_id)
                                                  ->  Index Scan using title_pkey on title t  (cost=0.43..0.49 rows=1 width=25) (actual time=0.003..0.003 rows=0 loops=6396)
                                                        Index Cond: (id = mk.movie_id)
                                                        Filter: (production_year > 2000)
                                                        Rows Removed by Filter: 1
                                      ->  Index Scan using movie_id_movie_info_idx on movie_info_idx mi_idx  (cost=0.43..0.49 rows=3 width=13) (actual time=0.004..0.004 rows=3 loops=1267)
                                            Index Cond: (movie_id = mk.movie_id)
                          ->  Materialize  (cost=0.00..18.89 rows=2 width=4) (actual time=0.000..0.000 rows=1 loops=1261)
                                ->  Seq Scan on comp_cast_type cct2  (cost=0.00..18.88 rows=2 width=4) (actual time=0.004..0.004 rows=2 loops=1)
                                      Filter: ((kind)::text ~~ '%complete%'::text)
                                      Rows Removed by Filter: 2
                    ->  Index Scan using movie_id_cast_info on cast_info ci  (cost=0.56..1.52 rows=37 width=12) (actual time=0.006..0.144 rows=150 loops=1261)
                          Index Cond: (movie_id = mk.movie_id)
              ->  Index Scan using char_name_pkey on char_name chn  (cost=0.43..0.46 rows=1 width=20) (actual time=0.001..0.001 rows=0 loops=189738)
                    Index Cond: (id = ci.person_role_id)
                    Filter: ((name IS NOT NULL) AND ((name ~~ '%man%'::text) OR (name ~~ '%Man%'::text)))
                    Rows Removed by Filter: 0
        ->  Index Only Scan using name_pkey on name n  (cost=0.43..0.46 rows=1 width=4) (actual time=0.004..0.004 rows=1 loops=5400)
              Index Cond: (id = ci.person_id)
              Heap Fetches: 5400
Planning time: 44.980 ms
Execution time: 641.022 ms
