Aggregate  (cost=3861.81..3861.82 rows=1 width=96) (actual time=33.202..33.202 rows=1 loops=1)
  ->  Nested Loop  (cost=9.25..3861.81 rows=1 width=118) (actual time=2.780..33.109 rows=247 loops=1)
        ->  Nested Loop  (cost=8.83..3861.35 rows=1 width=103) (actual time=2.770..32.192 rows=532 loops=1)
              Join Filter: (ml.link_type_id = lt.id)
              Rows Removed by Join Filter: 424
              ->  Nested Loop  (cost=8.83..3842.45 rows=1 width=25) (actual time=2.764..31.519 rows=532 loops=1)
                    Join Filter: (ml.movie_id = mi.movie_id)
                    ->  Nested Loop  (cost=8.39..3840.90 rows=1 width=45) (actual time=2.746..30.200 rows=190 loops=1)
                          Join Filter: (cc.status_id = cct2.id)
                          Rows Removed by Join Filter: 152
                          ->  Nested Loop  (cost=8.39..3822.01 rows=1 width=49) (actual time=2.744..29.813 rows=342 loops=1)
                                Join Filter: (ct.id = mc.company_type_id)
                                ->  Seq Scan on company_type ct  (cost=0.00..18.88 rows=1 width=4) (actual time=0.007..0.008 rows=1 loops=1)
                                      Filter: ((kind)::text = 'production companies'::text)
                                      Rows Removed by Filter: 3
                                ->  Nested Loop  (cost=8.39..3803.12 rows=1 width=53) (actual time=2.736..29.752 rows=342 loops=1)
                                      Join Filter: (ml.movie_id = mc.movie_id)
                                      ->  Nested Loop  (cost=7.96..3802.55 rows=1 width=41) (actual time=2.724..29.496 rows=57 loops=1)
                                            Join Filter: (cct1.id = cc.subject_id)
                                            Rows Removed by Join Filter: 19
                                            ->  Nested Loop  (cost=7.96..3783.65 rows=1 width=45) (actual time=2.717..29.426 rows=57 loops=1)
                                                  Join Filter: (ml.movie_id = cc.movie_id)
                                                  ->  Nested Loop  (cost=7.54..3783.17 rows=1 width=33) (actual time=2.269..29.293 rows=77 loops=1)
                                                        Join Filter: (ml.movie_id = t.id)
                                                        ->  Nested Loop  (cost=7.11..3782.66 rows=1 width=12) (actual time=2.149..28.806 rows=251 loops=1)
                                                              ->  Nested Loop  (cost=6.83..3768.21 rows=34 width=4) (actual time=2.142..20.086 rows=10544 loops=1)
                                                                    ->  Seq Scan on keyword k  (cost=0.00..2626.12 rows=1 width=4) (actual time=0.581..10.123 rows=1 loops=1)
                                                                          Filter: (keyword = 'sequel'::text)
                                                                          Rows Removed by Filter: 134169
                                                                    ->  Bitmap Heap Scan on movie_keyword mk  (cost=6.83..1138.99 rows=309 width=8) (actual time=1.558..8.863 rows=10544 loops=1)
                                                                          Recheck Cond: (keyword_id = k.id)
                                                                          Heap Blocks: exact=5570
                                                                          ->  Bitmap Index Scan on keyword_id_movie_keyword  (cost=0.00..6.75 rows=309 width=0) (actual time=0.846..0.846 rows=10544 loops=1)
                                                                                Index Cond: (keyword_id = k.id)
                                                              ->  Index Scan using movie_id_movie_link on movie_link ml  (cost=0.29..0.38 rows=5 width=8) (actual time=0.001..0.001 rows=0 loops=10544)
                                                                    Index Cond: (movie_id = mk.movie_id)
                                                        ->  Index Scan using title_pkey on title t  (cost=0.43..0.49 rows=1 width=21) (actual time=0.002..0.002 rows=0 loops=251)
                                                              Index Cond: (id = mk.movie_id)
                                                              Filter: (production_year = 1998)
                                                              Rows Removed by Filter: 1
                                                  ->  Index Scan using movie_id_complete_cast on complete_cast cc  (cost=0.42..0.46 rows=2 width=12) (actual time=0.001..0.001 rows=1 loops=77)
                                                        Index Cond: (movie_id = mk.movie_id)
                                            ->  Seq Scan on comp_cast_type cct1  (cost=0.00..18.88 rows=2 width=4) (actual time=0.000..0.001 rows=1 loops=57)
                                                  Filter: ((kind)::text = ANY ('{cast,crew}'::text[]))
                                      ->  Index Scan using movie_id_movie_companies on movie_companies mc  (cost=0.43..0.54 rows=3 width=12) (actual time=0.002..0.003 rows=6 loops=57)
                                            Index Cond: (movie_id = mk.movie_id)
                                            Filter: (note IS NULL)
                                            Rows Removed by Filter: 1
                          ->  Seq Scan on comp_cast_type cct2  (cost=0.00..18.88 rows=1 width=4) (actual time=0.000..0.001 rows=1 loops=342)
                                Filter: ((kind)::text = 'complete'::text)
                                Rows Removed by Filter: 2
                    ->  Index Scan using movie_id_movie_info on movie_info mi  (cost=0.43..1.54 rows=1 width=4) (actual time=0.005..0.006 rows=3 loops=190)
                          Index Cond: (movie_id = mk.movie_id)
                          Filter: (info = ANY ('{Sweden,Germany,Swedish,German}'::text[]))
                          Rows Removed by Filter: 11
              ->  Seq Scan on link_type lt  (cost=0.00..18.88 rows=2 width=86) (actual time=0.001..0.001 rows=2 loops=532)
                    Filter: ((link)::text ~~ '%follow%'::text)
        ->  Index Scan using company_name_pkey on company_name cn  (cost=0.42..0.46 rows=1 width=23) (actual time=0.001..0.001 rows=0 loops=532)
              Index Cond: (id = mc.company_id)
              Filter: (((country_code)::text <> '[pl]'::text) AND ((name ~~ '%Film%'::text) OR (name ~~ '%Warner%'::text)))
              Rows Removed by Filter: 1
Planning time: 47.605 ms
Execution time: 33.306 ms
