Aggregate  (cost=3862.08..3862.09 rows=1 width=96) (actual time=37.918..37.918 rows=1 loops=1)
  ->  Nested Loop  (cost=9.25..3862.08 rows=1 width=118) (actual time=2.446..37.699 rows=743 loops=1)
        ->  Nested Loop  (cost=8.83..3861.62 rows=1 width=103) (actual time=2.297..34.896 rows=1808 loops=1)
              Join Filter: (ml.movie_id = mi.movie_id)
              ->  Nested Loop  (cost=8.39..3859.80 rows=1 width=123) (actual time=2.275..30.871 rows=399 loops=1)
                    Join Filter: (ct.id = mc.company_type_id)
                    Rows Removed by Join Filter: 29
                    ->  Seq Scan on company_type ct  (cost=0.00..18.88 rows=1 width=4) (actual time=0.006..0.007 rows=1 loops=1)
                          Filter: ((kind)::text = 'production companies'::text)
                          Rows Removed by Filter: 3
                    ->  Nested Loop  (cost=8.39..3840.91 rows=1 width=127) (actual time=2.268..30.799 rows=428 loops=1)
                          Join Filter: (ml.movie_id = mc.movie_id)
                          ->  Nested Loop  (cost=7.96..3840.34 rows=1 width=115) (actual time=2.256..30.456 rows=78 loops=1)
                                Join Filter: (ml.link_type_id = lt.id)
                                Rows Removed by Join Filter: 102
                                ->  Nested Loop  (cost=7.96..3821.44 rows=1 width=37) (actual time=2.240..30.286 rows=98 loops=1)
                                      Join Filter: (cct2.id = cc.status_id)
                                      Rows Removed by Join Filter: 21
                                      ->  Nested Loop  (cost=7.96..3802.54 rows=1 width=41) (actual time=2.237..30.160 rows=98 loops=1)
                                            Join Filter: (cct1.id = cc.subject_id)
                                            Rows Removed by Join Filter: 21
                                            ->  Seq Scan on comp_cast_type cct1  (cost=0.00..18.88 rows=1 width=4) (actual time=0.003..0.004 rows=1 loops=1)
                                                  Filter: ((kind)::text = 'cast'::text)
                                                  Rows Removed by Filter: 3
                                            ->  Nested Loop  (cost=7.96..3783.65 rows=1 width=45) (actual time=2.232..30.137 rows=119 loops=1)
                                                  Join Filter: (ml.movie_id = cc.movie_id)
                                                  ->  Nested Loop  (cost=7.54..3783.17 rows=1 width=33) (actual time=2.159..29.755 rows=251 loops=1)
                                                        Join Filter: (ml.movie_id = t.id)
                                                        ->  Nested Loop  (cost=7.11..3782.66 rows=1 width=12) (actual time=2.150..29.259 rows=251 loops=1)
                                                              ->  Nested Loop  (cost=6.83..3768.21 rows=34 width=4) (actual time=2.143..20.433 rows=10544 loops=1)
                                                                    ->  Seq Scan on keyword k  (cost=0.00..2626.12 rows=1 width=4) (actual time=0.575..10.383 rows=1 loops=1)
                                                                          Filter: (keyword = 'sequel'::text)
                                                                          Rows Removed by Filter: 134169
                                                                    ->  Bitmap Heap Scan on movie_keyword mk  (cost=6.83..1138.99 rows=309 width=8) (actual time=1.566..8.956 rows=10544 loops=1)
                                                                          Recheck Cond: (keyword_id = k.id)
                                                                          Heap Blocks: exact=5570
                                                                          ->  Bitmap Index Scan on keyword_id_movie_keyword  (cost=0.00..6.75 rows=309 width=0) (actual time=0.843..0.843 rows=10544 loops=1)
                                                                                Index Cond: (keyword_id = k.id)
                                                              ->  Index Scan using movie_id_movie_link on movie_link ml  (cost=0.29..0.38 rows=5 width=8) (actual time=0.001..0.001 rows=0 loops=10544)
                                                                    Index Cond: (movie_id = mk.movie_id)
                                                        ->  Index Scan using title_pkey on title t  (cost=0.43..0.49 rows=1 width=21) (actual time=0.002..0.002 rows=1 loops=251)
                                                              Index Cond: (id = mk.movie_id)
                                                              Filter: ((production_year >= 1950) AND (production_year <= 2010))
                                                  ->  Index Scan using movie_id_complete_cast on complete_cast cc  (cost=0.42..0.46 rows=2 width=12) (actual time=0.001..0.001 rows=0 loops=251)
                                                        Index Cond: (movie_id = mk.movie_id)
                                      ->  Seq Scan on comp_cast_type cct2  (cost=0.00..18.88 rows=2 width=4) (actual time=0.001..0.001 rows=1 loops=98)
                                            Filter: ((kind)::text ~~ 'complete%'::text)
                                            Rows Removed by Filter: 2
                                ->  Seq Scan on link_type lt  (cost=0.00..18.88 rows=2 width=86) (actual time=0.001..0.001 rows=2 loops=98)
                                      Filter: ((link)::text ~~ '%follow%'::text)
                                      Rows Removed by Filter: 3
                          ->  Index Scan using movie_id_movie_companies on movie_companies mc  (cost=0.43..0.54 rows=3 width=12) (actual time=0.002..0.003 rows=5 loops=78)
                                Index Cond: (movie_id = mk.movie_id)
                                Filter: (note IS NULL)
                                Rows Removed by Filter: 1
              ->  Index Scan using movie_id_movie_info on movie_info mi  (cost=0.43..1.79 rows=2 width=4) (actual time=0.007..0.009 rows=5 loops=399)
                    Index Cond: (movie_id = mk.movie_id)
                    Filter: (info = ANY ('{Sweden,Norway,Germany,Denmark,Swedish,Denish,Norwegian,German,English}'::text[]))
                    Rows Removed by Filter: 17
        ->  Index Scan using company_name_pkey on company_name cn  (cost=0.42..0.46 rows=1 width=23) (actual time=0.001..0.001 rows=0 loops=1808)
              Index Cond: (id = mc.company_id)
              Filter: (((country_code)::text <> '[pl]'::text) AND ((name ~~ '%Film%'::text) OR (name ~~ '%Warner%'::text)))
              Rows Removed by Filter: 1
Planning time: 47.377 ms
Execution time: 38.025 ms
