Aggregate  (cost=7613.40..7613.41 rows=1 width=96) (actual time=1226.598..1226.599 rows=1 loops=1)
  ->  Nested Loop  (cost=9.39..7613.39 rows=1 width=41) (actual time=3.513..1226.521 rows=148 loops=1)
        Join Filter: (kt.id = t.kind_id)
        Rows Removed by Join Filter: 36
        ->  Nested Loop  (cost=9.39..7590.61 rows=1 width=45) (actual time=3.507..1226.273 rows=161 loops=1)
              Join Filter: (mi.movie_id = t.id)
              ->  Nested Loop  (cost=8.96..7590.11 rows=1 width=44) (actual time=3.498..1223.795 rows=1233 loops=1)
                    ->  Nested Loop  (cost=8.54..7589.62 rows=1 width=29) (actual time=3.489..1219.540 rows=1269 loops=1)
                          Join Filter: (mc.company_type_id = ct.id)
                          ->  Nested Loop  (cost=8.54..7572.47 rows=1 width=33) (actual time=3.485..1218.290 rows=1269 loops=1)
                                Join Filter: (cc.status_id = cct2.id)
                                Rows Removed by Join Filter: 3408
                                ->  Nested Loop  (cost=8.54..7553.56 rows=1 width=37) (actual time=3.479..1215.926 rows=1559 loops=1)
                                      Join Filter: (it2.id = mi_idx.info_type_id)
                                      Rows Removed by Join Filter: 447
                                      ->  Seq Scan on info_type it2  (cost=0.00..2.41 rows=1 width=4) (actual time=0.013..0.014 rows=1 loops=1)
                                            Filter: ((info)::text = 'rating'::text)
                                            Rows Removed by Filter: 112
                                      ->  Nested Loop  (cost=8.54..7551.13 rows=1 width=41) (actual time=3.466..1215.580 rows=2006 loops=1)
                                            Join Filter: (mi.movie_id = mi_idx.movie_id)
                                            ->  Nested Loop  (cost=8.11..7550.62 rows=1 width=28) (actual time=3.456..1209.738 rows=2011 loops=1)
                                                  Join Filter: (it1.id = mi.info_type_id)
                                                  Rows Removed by Join Filter: 3574
                                                  ->  Seq Scan on info_type it1  (cost=0.00..2.41 rows=1 width=4) (actual time=0.003..0.010 rows=1 loops=1)
                                                        Filter: ((info)::text = 'countries'::text)
                                                        Rows Removed by Filter: 112
                                                  ->  Nested Loop  (cost=8.11..7548.20 rows=1 width=32) (actual time=3.452..1209.139 rows=5585 loops=1)
                                                        ->  Nested Loop  (cost=7.68..7540.46 rows=5 width=24) (actual time=3.139..175.466 rows=18311 loops=1)
                                                              ->  Nested Loop  (cost=7.25..7529.53 rows=19 width=12) (actual time=3.130..122.321 rows=6216 loops=1)
                                                                    Join Filter: (cc.subject_id = cct1.id)
                                                                    Rows Removed by Join Filter: 13808
                                                                    ->  Seq Scan on comp_cast_type cct1  (cost=0.00..18.88 rows=1 width=4) (actual time=0.002..0.004 rows=1 loops=1)
                                                                          Filter: ((kind)::text = 'crew'::text)
                                                                          Rows Removed by Filter: 3
                                                                    ->  Nested Loop  (cost=7.25..7510.19 rows=37 width=16) (actual time=3.057..120.638 rows=20024 loops=1)
                                                                          ->  Nested Loop  (cost=6.83..7445.94 rows=135 width=4) (actual time=2.921..62.326 rows=37091 loops=1)
                                                                                ->  Seq Scan on keyword k  (cost=0.00..2961.55 rows=4 width=4) (actual time=0.839..17.618 rows=3 loops=1)
                                                                                      Filter: (keyword = ANY ('{murder,murder-in-title,blood,violence}'::text[]))
                                                                                      Rows Removed by Filter: 134167
                                                                                ->  Bitmap Heap Scan on movie_keyword mk  (cost=6.83..1118.01 rows=309 width=8) (actual time=2.333..13.623 rows=12364 loops=3)
                                                                                      Recheck Cond: (keyword_id = k.id)
                                                                                      Heap Blocks: exact=26312
                                                                                      ->  Bitmap Index Scan on keyword_id_movie_keyword  (cost=0.00..6.75 rows=309 width=0) (actual time=1.225..1.225 rows=12364 loops=3)
                                                                                            Index Cond: (keyword_id = k.id)
                                                                          ->  Index Scan using movie_id_complete_cast on complete_cast cc  (cost=0.42..0.46 rows=2 width=12) (actual time=0.001..0.001 rows=1 loops=37091)
                                                                                Index Cond: (movie_id = mk.movie_id)
                                                              ->  Index Scan using movie_id_movie_companies on movie_companies mc  (cost=0.43..0.57 rows=1 width=12) (actual time=0.005..0.008 rows=3 loops=6216)
                                                                    Index Cond: (movie_id = mk.movie_id)
                                                                    Filter: ((note !~~ '%(USA)%'::text) AND (note ~~ '%(200%)%'::text))
                                                                    Rows Removed by Filter: 11
                                                        ->  Index Scan using movie_id_movie_info on movie_info mi  (cost=0.43..1.54 rows=1 width=8) (actual time=0.050..0.056 rows=0 loops=18311)
                                                              Index Cond: (movie_id = mk.movie_id)
                                                              Filter: (info = ANY ('{Sweden,Germany,Swedish,German}'::text[]))
                                                              Rows Removed by Filter: 244
                                            ->  Index Scan using movie_id_movie_info_idx on movie_info_idx mi_idx  (cost=0.43..0.50 rows=1 width=13) (actual time=0.002..0.003 rows=1 loops=2011)
                                                  Index Cond: (movie_id = mk.movie_id)
                                                  Filter: (info > '6.5'::text)
                                                  Rows Removed by Filter: 2
                                ->  Seq Scan on comp_cast_type cct2  (cost=0.00..18.88 rows=3 width=4) (actual time=0.000..0.001 rows=3 loops=1559)
                                      Filter: ((kind)::text <> 'complete+verified'::text)
                                      Rows Removed by Filter: 0
                          ->  Seq Scan on company_type ct  (cost=0.00..17.10 rows=4 width=4) (actual time=0.000..0.000 rows=1 loops=1269)
                    ->  Index Scan using company_name_pkey on company_name cn  (cost=0.42..0.49 rows=1 width=23) (actual time=0.003..0.003 rows=1 loops=1269)
                          Index Cond: (id = mc.company_id)
                          Filter: ((country_code)::text <> '[us]'::text)
                          Rows Removed by Filter: 0
              ->  Index Scan using title_pkey on title t  (cost=0.43..0.49 rows=1 width=25) (actual time=0.002..0.002 rows=0 loops=1233)
                    Index Cond: (id = mk.movie_id)
                    Filter: (production_year > 2005)
                    Rows Removed by Filter: 1
        ->  Seq Scan on kind_type kt  (cost=0.00..22.75 rows=2 width=4) (actual time=0.001..0.001 rows=1 loops=161)
              Filter: ((kind)::text = ANY ('{movie,episode}'::text[]))
              Rows Removed by Filter: 1
Planning time: 58.550 ms
Execution time: 1226.700 ms
