Aggregate  (cost=7603.11..7603.12 rows=1 width=96) (actual time=897.149..897.149 rows=1 loops=1)
  ->  Nested Loop  (cost=9.39..7603.10 rows=1 width=41) (actual time=3.418..894.457 rows=8373 loops=1)
        Join Filter: (it2.id = mi_idx.info_type_id)
        Rows Removed by Join Filter: 16479
        ->  Seq Scan on info_type it2  (cost=0.00..2.41 rows=1 width=4) (actual time=0.012..0.014 rows=1 loops=1)
              Filter: ((info)::text = 'rating'::text)
              Rows Removed by Filter: 112
        ->  Nested Loop  (cost=9.39..7600.68 rows=1 width=45) (actual time=3.403..892.144 rows=24852 loops=1)
              Join Filter: (t.id = mi_idx.movie_id)
              ->  Nested Loop  (cost=8.96..7600.14 rows=1 width=56) (actual time=3.394..867.837 rows=8493 loops=1)
                    Join Filter: (mi.info_type_id = it1.id)
                    Rows Removed by Join Filter: 1116
                    ->  Nested Loop  (cost=8.96..7597.72 rows=1 width=60) (actual time=3.388..837.317 rows=9609 loops=1)
                          Join Filter: (t.id = mi.movie_id)
                          ->  Nested Loop  (cost=8.53..7595.85 rows=1 width=52) (actual time=3.370..298.291 rows=8286 loops=1)
                                Join Filter: (t.kind_id = kt.id)
                                Rows Removed by Join Filter: 859
                                ->  Nested Loop  (cost=8.53..7573.07 rows=1 width=56) (actual time=3.363..288.416 rows=8621 loops=1)
                                      ->  Nested Loop  (cost=8.10..7572.58 rows=1 width=31) (actual time=2.988..245.967 rows=22725 loops=1)
                                            ->  Nested Loop  (cost=7.68..7571.11 rows=3 width=16) (actual time=2.979..192.785 rows=24082 loops=1)
                                                  Join Filter: (mc.company_type_id = ct.id)
                                                  Rows Removed by Join Filter: 72246
                                                  ->  Seq Scan on company_type ct  (cost=0.00..17.10 rows=4 width=4) (actual time=0.002..0.005 rows=4 loops=1)
                                                  ->  Materialize  (cost=7.68..7553.84 rows=3 width=20) (actual time=0.744..46.042 rows=24082 loops=4)
                                                        ->  Nested Loop  (cost=7.68..7553.82 rows=3 width=20) (actual time=2.973..176.696 rows=24082 loops=1)
                                                              ->  Nested Loop  (cost=7.25..7548.64 rows=9 width=8) (actual time=2.951..124.469 rows=6704 loops=1)
                                                                    Join Filter: (cc.status_id = cct2.id)
                                                                    Rows Removed by Join Filter: 7104
                                                                    ->  Seq Scan on comp_cast_type cct2  (cost=0.00..18.88 rows=1 width=4) (actual time=0.003..0.004 rows=1 loops=1)
                                                                          Filter: ((kind)::text = 'complete'::text)
                                                                          Rows Removed by Filter: 3
                                                                    ->  Nested Loop  (cost=7.25..7529.53 rows=19 width=12) (actual time=2.944..122.955 rows=13808 loops=1)
                                                                          Join Filter: (cct1.id = cc.subject_id)
                                                                          Rows Removed by Join Filter: 6216
                                                                          ->  Seq Scan on comp_cast_type cct1  (cost=0.00..18.88 rows=1 width=4) (actual time=0.001..0.003 rows=1 loops=1)
                                                                                Filter: ((kind)::text = 'cast'::text)
                                                                                Rows Removed by Filter: 3
                                                                          ->  Nested Loop  (cost=7.25..7510.19 rows=37 width=16) (actual time=2.942..120.641 rows=20024 loops=1)
                                                                                ->  Nested Loop  (cost=6.83..7445.94 rows=135 width=4) (actual time=2.805..61.924 rows=37091 loops=1)
                                                                                      ->  Seq Scan on keyword k  (cost=0.00..2961.55 rows=4 width=4) (actual time=0.863..17.874 rows=3 loops=1)
                                                                                            Filter: (keyword = ANY ('{murder,murder-in-title,blood,violence}'::text[]))
                                                                                            Rows Removed by Filter: 134167
                                                                                      ->  Bitmap Heap Scan on movie_keyword mk  (cost=6.83..1118.01 rows=309 width=8) (actual time=2.281..13.354 rows=12364 loops=3)
                                                                                            Recheck Cond: (keyword_id = k.id)
                                                                                            Heap Blocks: exact=26312
                                                                                            ->  Bitmap Index Scan on keyword_id_movie_keyword  (cost=0.00..6.75 rows=309 width=0) (actual time=1.167..1.167 rows=12364 loops=3)
                                                                                                  Index Cond: (keyword_id = k.id)
                                                                                ->  Index Scan using movie_id_complete_cast on complete_cast cc  (cost=0.42..0.46 rows=2 width=12) (actual time=0.001..0.001 rows=1 loops=37091)
                                                                                      Index Cond: (movie_id = mk.movie_id)
                                                              ->  Index Scan using movie_id_movie_companies on movie_companies mc  (cost=0.43..0.57 rows=1 width=12) (actual time=0.005..0.007 rows=4 loops=6704)
                                                                    Index Cond: (movie_id = mk.movie_id)
                                                                    Filter: ((note !~~ '%(USA)%'::text) AND (note ~~ '%(200%)%'::text))
                                                                    Rows Removed by Filter: 8
                                            ->  Index Scan using company_name_pkey on company_name cn  (cost=0.42..0.49 rows=1 width=23) (actual time=0.002..0.002 rows=1 loops=24082)
                                                  Index Cond: (id = mc.company_id)
                                                  Filter: ((country_code)::text <> '[us]'::text)
                                                  Rows Removed by Filter: 0
                                      ->  Index Scan using title_pkey on title t  (cost=0.43..0.49 rows=1 width=25) (actual time=0.002..0.002 rows=0 loops=22725)
                                            Index Cond: (id = mk.movie_id)
                                            Filter: (production_year > 2005)
                                            Rows Removed by Filter: 1
                                ->  Seq Scan on kind_type kt  (cost=0.00..22.75 rows=2 width=4) (actual time=0.000..0.000 rows=1 loops=8621)
                                      Filter: ((kind)::text = ANY ('{movie,episode}'::text[]))
                                      Rows Removed by Filter: 0
                          ->  Index Scan using movie_id_movie_info on movie_info mi  (cost=0.43..1.84 rows=2 width=8) (actual time=0.055..0.065 rows=1 loops=8286)
                                Index Cond: (movie_id = mk.movie_id)
                                Filter: (info = ANY ('{Sweden,Norway,Germany,Denmark,Swedish,Danish,Norwegian,German,USA,American}'::text[]))
                                Rows Removed by Filter: 213
                    ->  Seq Scan on info_type it1  (cost=0.00..2.41 rows=1 width=4) (actual time=0.002..0.003 rows=1 loops=9609)
                          Filter: ((info)::text = 'countries'::text)
                          Rows Removed by Filter: 19
              ->  Index Scan using movie_id_movie_info_idx on movie_info_idx mi_idx  (cost=0.43..0.50 rows=3 width=13) (actual time=0.002..0.002 rows=3 loops=8493)
                    Index Cond: (movie_id = mk.movie_id)
                    Filter: (info < '8.5'::text)
                    Rows Removed by Filter: 0
Planning time: 59.091 ms
Execution time: 897.373 ms
