Aggregate  (cost=4031.28..4031.29 rows=1 width=96) (actual time=21.974..21.974 rows=1 loops=1)
  ->  Nested Loop  (cost=11.24..4031.27 rows=1 width=48) (actual time=2.732..21.963 rows=15 loops=1)
        Join Filter: (it.id = mi.info_type_id)
        ->  Seq Scan on info_type it  (cost=0.00..2.41 rows=1 width=4) (actual time=0.009..0.015 rows=1 loops=1)
              Filter: ((info)::text = 'release dates'::text)
              Rows Removed by Filter: 112
        ->  Nested Loop  (cost=11.24..4028.85 rows=1 width=52) (actual time=2.722..21.944 rows=15 loops=1)
              Join Filter: (t.id = mi.movie_id)
              ->  Nested Loop  (cost=10.81..3986.99 rows=1 width=68) (actual time=2.700..20.745 rows=15 loops=1)
                    Join Filter: (cc.status_id = cct2.id)
                    ->  Nested Loop  (cost=10.81..3968.10 rows=1 width=72) (actual time=2.696..20.723 rows=15 loops=1)
                          Join Filter: (n.id = an.person_id)
                          ->  Nested Loop  (cost=10.38..3965.21 rows=1 width=84) (actual time=2.687..20.697 rows=5 loops=1)
                                Join Filter: (ci.person_id = n.id)
                                ->  Nested Loop  (cost=9.95..3962.97 rows=1 width=65) (actual time=2.677..20.675 rows=5 loops=1)
                                      Join Filter: (cct1.id = cc.subject_id)
                                      ->  Seq Scan on comp_cast_type cct1  (cost=0.00..18.88 rows=1 width=4) (actual time=0.003..0.004 rows=1 loops=1)
                                            Filter: ((kind)::text = 'cast'::text)
                                            Rows Removed by Filter: 3
                                      ->  Nested Loop  (cost=9.95..3944.08 rows=1 width=69) (actual time=2.674..20.669 rows=5 loops=1)
                                            Join Filter: (t.id = cc.movie_id)
                                            ->  Nested Loop  (cost=9.53..3941.29 rows=1 width=57) (actual time=2.666..20.650 rows=5 loops=1)
                                                  Join Filter: (pi.info_type_id = it3.id)
                                                  Rows Removed by Join Filter: 810
                                                  ->  Nested Loop  (cost=9.53..3938.86 rows=1 width=61) (actual time=1.750..14.586 rows=815 loops=1)
                                                        Join Filter: (ci.role_id = rt.id)
                                                        ->  Nested Loop  (cost=9.53..3919.97 rows=1 width=65) (actual time=1.743..13.739 rows=815 loops=1)
                                                              ->  Nested Loop  (cost=9.10..3900.22 rows=1 width=57) (actual time=1.735..13.475 rows=5 loops=1)
                                                                    ->  Nested Loop  (cost=8.67..3896.15 rows=1 width=45) (actual time=1.590..13.025 rows=190 loops=1)
                                                                          Join Filter: (t.id = ci.movie_id)
                                                                          ->  Nested Loop  (cost=8.11..3848.57 rows=1 width=29) (actual time=1.578..12.345 rows=5 loops=1)
                                                                                ->  Nested Loop  (cost=7.69..3846.54 rows=1 width=33) (actual time=1.572..12.270 rows=22 loops=1)
                                                                                      Join Filter: (t.id = mc.movie_id)
                                                                                      ->  Nested Loop  (cost=7.26..3841.67 rows=1 width=25) (actual time=1.563..12.252 rows=1 loops=1)
                                                                                            ->  Nested Loop  (cost=6.83..3768.21 rows=34 width=4) (actual time=0.115..10.779 rows=414 loops=1)
                                                                                                  ->  Seq Scan on keyword k  (cost=0.00..2626.12 rows=1 width=4) (actual time=0.033..10.220 rows=1 loops=1)
                                                                                                        Filter: (keyword = 'computer-animation'::text)
                                                                                                        Rows Removed by Filter: 134169
                                                                                                  ->  Bitmap Heap Scan on movie_keyword mk  (cost=6.83..1138.99 rows=309 width=8) (actual time=0.081..0.516 rows=414 loops=1)
                                                                                                        Recheck Cond: (keyword_id = k.id)
                                                                                                        Heap Blocks: exact=358
                                                                                                        ->  Bitmap Index Scan on keyword_id_movie_keyword  (cost=0.00..6.75 rows=309 width=0) (actual time=0.044..0.044 rows=414 loops=1)
                                                                                                              Index Cond: (keyword_id = k.id)
                                                                                            ->  Index Scan using title_pkey on title t  (cost=0.43..2.14 rows=1 width=21) (actual time=0.003..0.003 rows=0 loops=414)
                                                                                                  Index Cond: (id = mk.movie_id)
                                                                                                  Filter: ((production_year >= 2000) AND (production_year <= 2005) AND (title = 'Shrek 2'::text))
                                                                                                  Rows Removed by Filter: 1
                                                                                      ->  Index Scan using movie_id_movie_companies on movie_companies mc  (cost=0.43..4.81 rows=5 width=8) (actual time=0.007..0.013 rows=22 loops=1)
                                                                                            Index Cond: (movie_id = mk.movie_id)
                                                                                ->  Index Scan using company_name_pkey on company_name cn  (cost=0.42..2.03 rows=1 width=4) (actual time=0.003..0.003 rows=0 loops=22)
                                                                                      Index Cond: (id = mc.company_id)
                                                                                      Filter: ((country_code)::text = '[us]'::text)
                                                                                      Rows Removed by Filter: 1
                                                                          ->  Index Scan using movie_id_cast_info on cast_info ci  (cost=0.56..47.57 rows=1 width=16) (actual time=0.004..0.130 rows=38 loops=5)
                                                                                Index Cond: (movie_id = mk.movie_id)
                                                                                Filter: (note = ANY ('{(voice),"(voice) (uncredited)","(voice: English version)"}'::text[]))
                                                                                Rows Removed by Filter: 191
                                                                    ->  Index Scan using char_name_pkey on char_name chn  (cost=0.43..2.25 rows=1 width=20) (actual time=0.002..0.002 rows=0 loops=190)
                                                                          Index Cond: (id = ci.person_role_id)
                                                                          Filter: (name = 'Queen'::text)
                                                                          Rows Removed by Filter: 1
                                                              ->  Index Scan using person_id_person_info on person_info pi  (cost=0.43..19.50 rows=25 width=8) (actual time=0.003..0.031 rows=163 loops=5)
                                                                    Index Cond: (person_id = ci.person_id)
                                                        ->  Seq Scan on role_type rt  (cost=0.00..18.88 rows=1 width=4) (actual time=0.000..0.000 rows=1 loops=815)
                                                              Filter: ((role)::text = 'actress'::text)
                                                              Rows Removed by Filter: 1
                                                  ->  Seq Scan on info_type it3  (cost=0.00..2.41 rows=1 width=4) (actual time=0.003..0.007 rows=1 loops=815)
                                                        Filter: ((info)::text = 'height'::text)
                                                        Rows Removed by Filter: 111
                                            ->  Index Scan using movie_id_complete_cast on complete_cast cc  (cost=0.42..2.77 rows=2 width=12) (actual time=0.003..0.003 rows=1 loops=5)
                                                  Index Cond: (movie_id = mk.movie_id)
                                ->  Index Scan using name_pkey on name n  (cost=0.43..2.22 rows=1 width=19) (actual time=0.004..0.004 rows=1 loops=5)
                                      Index Cond: (id = pi.person_id)
                                      Filter: ((name ~~ '%An%'::text) AND ((gender)::text = 'f'::text))
                          ->  Index Only Scan using person_id_aka_name on aka_name an  (cost=0.42..2.87 rows=2 width=4) (actual time=0.003..0.004 rows=3 loops=5)
                                Index Cond: (person_id = pi.person_id)
                                Heap Fetches: 15
                    ->  Seq Scan on comp_cast_type cct2  (cost=0.00..18.88 rows=1 width=4) (actual time=0.001..0.001 rows=1 loops=15)
                          Filter: ((kind)::text = 'complete+verified'::text)
                          Rows Removed by Filter: 3
              ->  Index Scan using movie_id_movie_info on movie_info mi  (cost=0.43..41.84 rows=1 width=8) (actual time=0.009..0.079 rows=1 loops=15)
                    Index Cond: (movie_id = mk.movie_id)
                    Filter: (info ~~ 'USA:%200%'::text)
                    Rows Removed by Filter: 456
Planning time: 78.616 ms
Execution time: 22.109 ms
