Aggregate  (cost=4098.37..4098.38 rows=1 width=96) (actual time=59.674..59.675 rows=1 loops=1)
  ->  Nested Loop  (cost=11.24..4098.37 rows=1 width=48) (actual time=3.948..55.218 rows=16308 loops=1)
        Join Filter: (ci.role_id = rt.id)
        ->  Nested Loop  (cost=11.24..4079.48 rows=1 width=52) (actual time=3.941..37.021 rows=16308 loops=1)
              Join Filter: (n.id = an.person_id)
              ->  Nested Loop  (cost=10.82..4076.58 rows=1 width=64) (actual time=3.931..25.669 rows=3822 loops=1)
                    Join Filter: (it3.id = pi.info_type_id)
                    Rows Removed by Join Filter: 11521
                    ->  Seq Scan on info_type it3  (cost=0.00..2.41 rows=1 width=4) (actual time=0.009..0.015 rows=1 loops=1)
                          Filter: ((info)::text = 'trivia'::text)
                          Rows Removed by Filter: 112
                    ->  Nested Loop  (cost=10.82..4074.16 rows=1 width=68) (actual time=3.888..24.374 rows=15343 loops=1)
                          Join Filter: (n.id = pi.person_id)
                          ->  Nested Loop  (cost=10.39..4054.35 rows=1 width=60) (actual time=3.878..19.546 rows=46 loops=1)
                                ->  Nested Loop  (cost=9.96..4052.11 rows=1 width=48) (actual time=2.410..19.446 rows=55 loops=1)
                                      ->  Nested Loop  (cost=9.54..4050.08 rows=1 width=52) (actual time=2.361..18.846 rows=269 loops=1)
                                            Join Filter: (t.id = mc.movie_id)
                                            ->  Nested Loop  (cost=9.11..4045.21 rows=1 width=68) (actual time=2.352..18.712 rows=11 loops=1)
                                                  Join Filter: (mi.movie_id = t.id)
                                                  ->  Nested Loop  (cost=8.68..4043.06 rows=1 width=47) (actual time=2.344..18.664 rows=12 loops=1)
                                                        Join Filter: (it.id = mi.info_type_id)
                                                        ->  Seq Scan on info_type it  (cost=0.00..2.41 rows=1 width=4) (actual time=0.012..0.019 rows=1 loops=1)
                                                              Filter: ((info)::text = 'release dates'::text)
                                                              Rows Removed by Filter: 112
                                                        ->  Nested Loop  (cost=8.68..4040.63 rows=1 width=51) (actual time=2.332..18.642 rows=12 loops=1)
                                                              Join Filter: (ci.movie_id = mi.movie_id)
                                                              ->  Nested Loop  (cost=8.24..3998.66 rows=1 width=43) (actual time=1.009..17.926 rows=6 loops=1)
                                                                    ->  Nested Loop  (cost=7.81..3996.33 rows=1 width=24) (actual time=0.378..15.408 rows=703 loops=1)
                                                                          ->  Nested Loop  (cost=7.25..3901.08 rows=2 width=8) (actual time=0.364..11.841 rows=23 loops=1)
                                                                                Join Filter: (cct2.id = cc.status_id)
                                                                                Rows Removed by Join Filter: 51
                                                                                ->  Seq Scan on comp_cast_type cct2  (cost=0.00..18.88 rows=1 width=4) (actual time=0.003..0.004 rows=1 loops=1)
                                                                                      Filter: ((kind)::text = 'complete+verified'::text)
                                                                                      Rows Removed by Filter: 3
                                                                                ->  Nested Loop  (cost=7.25..3882.14 rows=5 width=12) (actual time=0.183..11.829 rows=74 loops=1)
                                                                                      Join Filter: (cct1.id = cc.subject_id)
                                                                                      Rows Removed by Join Filter: 16
                                                                                      ->  Seq Scan on comp_cast_type cct1  (cost=0.00..18.88 rows=1 width=4) (actual time=0.001..0.003 rows=1 loops=1)
                                                                                            Filter: ((kind)::text = 'cast'::text)
                                                                                            Rows Removed by Filter: 3
                                                                                      ->  Nested Loop  (cost=7.25..3863.15 rows=9 width=16) (actual time=0.181..11.814 rows=90 loops=1)
                                                                                            ->  Nested Loop  (cost=6.83..3768.21 rows=34 width=4) (actual time=0.112..10.929 rows=414 loops=1)
                                                                                                  ->  Seq Scan on keyword k  (cost=0.00..2626.12 rows=1 width=4) (actual time=0.033..10.354 rows=1 loops=1)
                                                                                                        Filter: (keyword = 'computer-animation'::text)
                                                                                                        Rows Removed by Filter: 134169
                                                                                                  ->  Bitmap Heap Scan on movie_keyword mk  (cost=6.83..1138.99 rows=309 width=8) (actual time=0.078..0.528 rows=414 loops=1)
                                                                                                        Recheck Cond: (keyword_id = k.id)
                                                                                                        Heap Blocks: exact=358
                                                                                                        ->  Bitmap Index Scan on keyword_id_movie_keyword  (cost=0.00..6.75 rows=309 width=0) (actual time=0.041..0.041 rows=414 loops=1)
                                                                                                              Index Cond: (keyword_id = k.id)
                                                                                            ->  Index Scan using movie_id_complete_cast on complete_cast cc  (cost=0.42..2.77 rows=2 width=12) (actual time=0.002..0.002 rows=0 loops=414)
                                                                                                  Index Cond: (movie_id = mk.movie_id)
                                                                          ->  Index Scan using movie_id_cast_info on cast_info ci  (cost=0.56..47.61 rows=1 width=16) (actual time=0.018..0.151 rows=31 loops=23)
                                                                                Index Cond: (movie_id = mk.movie_id)
                                                                                Filter: (note = ANY ('{(voice),"(voice: Japanese version)","(voice) (uncredited)","(voice: English version)"}'::text[]))
                                                                                Rows Removed by Filter: 116
                                                                    ->  Index Scan using name_pkey on name n  (cost=0.43..2.34 rows=1 width=19) (actual time=0.003..0.003 rows=0 loops=703)
                                                                          Index Cond: (id = ci.person_id)
                                                                          Filter: ((name ~~ '%An%'::text) AND ((gender)::text = 'f'::text))
                                                                          Rows Removed by Filter: 1
                                                              ->  Index Scan using movie_id_movie_info on movie_info mi  (cost=0.43..41.95 rows=2 width=8) (actual time=0.034..0.118 rows=2 loops=6)
                                                                    Index Cond: (movie_id = mk.movie_id)
                                                                    Filter: ((info IS NOT NULL) AND ((info ~~ 'Japan:%200%'::text) OR (info ~~ 'USA:%200%'::text)))
                                                                    Rows Removed by Filter: 384
                                                  ->  Index Scan using title_pkey on title t  (cost=0.43..2.14 rows=1 width=21) (actual time=0.003..0.003 rows=1 loops=12)
                                                        Index Cond: (id = mk.movie_id)
                                                        Filter: ((production_year >= 2000) AND (production_year <= 2010))
                                                        Rows Removed by Filter: 0
                                            ->  Index Scan using movie_id_movie_companies on movie_companies mc  (cost=0.43..4.81 rows=5 width=8) (actual time=0.003..0.008 rows=24 loops=11)
                                                  Index Cond: (movie_id = mk.movie_id)
                                      ->  Index Scan using company_name_pkey on company_name cn  (cost=0.42..2.03 rows=1 width=4) (actual time=0.002..0.002 rows=0 loops=269)
                                            Index Cond: (id = mc.company_id)
                                            Filter: ((country_code)::text = '[us]'::text)
                                            Rows Removed by Filter: 1
                                ->  Index Scan using char_name_pkey on char_name chn  (cost=0.43..2.24 rows=1 width=20) (actual time=0.001..0.001 rows=1 loops=55)
                                      Index Cond: (id = ci.person_role_id)
                          ->  Index Scan using person_id_person_info on person_info pi  (cost=0.43..19.49 rows=25 width=8) (actual time=0.004..0.051 rows=334 loops=46)
                                Index Cond: (person_id = ci.person_id)
              ->  Index Only Scan using person_id_aka_name on aka_name an  (cost=0.42..2.87 rows=2 width=4) (actual time=0.001..0.002 rows=4 loops=3822)
                    Index Cond: (person_id = pi.person_id)
                    Heap Fetches: 16308
        ->  Seq Scan on role_type rt  (cost=0.00..18.88 rows=1 width=4) (actual time=0.001..0.001 rows=1 loops=16308)
              Filter: ((role)::text = 'actress'::text)
              Rows Removed by Filter: 1
Planning time: 79.061 ms
Execution time: 59.799 ms
