Aggregate  (cost=3825.91..3825.92 rows=1 width=32) (actual time=422.077..422.077 rows=1 loops=1)
  ->  Nested Loop  (cost=8.11..3825.90 rows=3 width=17) (actual time=4.587..420.757 rows=7834 loops=1)
        Join Filter: (mc.movie_id = t.id)
        ->  Nested Loop  (cost=7.68..3824.40 rows=3 width=8) (actual time=4.581..402.492 rows=7834 loops=1)
              ->  Nested Loop  (cost=7.26..3788.28 rows=81 width=12) (actual time=4.378..161.501 rows=148552 loops=1)
                    ->  Nested Loop  (cost=6.83..3768.21 rows=34 width=4) (actual time=4.366..37.575 rows=41840 loops=1)
                          ->  Seq Scan on keyword k  (cost=0.00..2626.12 rows=1 width=4) (actual time=0.449..9.905 rows=1 loops=1)
                                Filter: (keyword = 'character-name-in-title'::text)
                                Rows Removed by Filter: 134169
                          ->  Bitmap Heap Scan on movie_keyword mk  (cost=6.83..1138.99 rows=309 width=8) (actual time=3.915..22.908 rows=41840 loops=1)
                                Recheck Cond: (keyword_id = k.id)
                                Heap Blocks: exact=11541
                                ->  Bitmap Index Scan on keyword_id_movie_keyword  (cost=0.00..6.75 rows=309 width=0) (actual time=2.370..2.370 rows=41840 loops=1)
                                      Index Cond: (keyword_id = k.id)
                    ->  Index Scan using movie_id_movie_companies on movie_companies mc  (cost=0.43..0.54 rows=5 width=8) (actual time=0.002..0.002 rows=4 loops=41840)
                          Index Cond: (movie_id = mk.movie_id)
              ->  Index Scan using company_name_pkey on company_name cn  (cost=0.42..0.45 rows=1 width=4) (actual time=0.001..0.001 rows=0 loops=148552)
                    Index Cond: (id = mc.company_id)
                    Filter: ((country_code)::text = '[de]'::text)
                    Rows Removed by Filter: 1
        ->  Index Scan using title_pkey on title t  (cost=0.43..0.49 rows=1 width=21) (actual time=0.002..0.002 rows=1 loops=7834)
              Index Cond: (id = mk.movie_id)
Planning time: 0.852 ms
Execution time: 422.118 ms
