Aggregate  (cost=3824.93..3824.94 rows=1 width=32) (actual time=424.852..424.852 rows=1 loops=1)
  ->  Nested Loop  (cost=8.11..3824.92 rows=1 width=17) (actual time=424.850..424.850 rows=0 loops=1)
        Join Filter: (mc.movie_id = t.id)
        ->  Nested Loop  (cost=7.68..3824.42 rows=1 width=8) (actual time=424.850..424.850 rows=0 loops=1)
              ->  Nested Loop  (cost=7.26..3788.28 rows=81 width=12) (actual time=4.239..169.431 rows=148552 loops=1)
                    ->  Nested Loop  (cost=6.83..3768.21 rows=34 width=4) (actual time=4.227..38.590 rows=41840 loops=1)
                          ->  Seq Scan on keyword k  (cost=0.00..2626.12 rows=1 width=4) (actual time=0.427..10.019 rows=1 loops=1)
                                Filter: (keyword = 'character-name-in-title'::text)
                                Rows Removed by Filter: 134169
                          ->  Bitmap Heap Scan on movie_keyword mk  (cost=6.83..1138.99 rows=309 width=8) (actual time=3.798..23.408 rows=41840 loops=1)
                                Recheck Cond: (keyword_id = k.id)
                                Heap Blocks: exact=11541
                                ->  Bitmap Index Scan on keyword_id_movie_keyword  (cost=0.00..6.75 rows=309 width=0) (actual time=2.309..2.309 rows=41840 loops=1)
                                      Index Cond: (keyword_id = k.id)
                    ->  Index Scan using movie_id_movie_companies on movie_companies mc  (cost=0.43..0.54 rows=5 width=8) (actual time=0.002..0.002 rows=4 loops=41840)
                          Index Cond: (movie_id = mk.movie_id)
              ->  Index Scan using company_name_pkey on company_name cn  (cost=0.42..0.45 rows=1 width=4) (actual time=0.002..0.002 rows=0 loops=148552)
                    Index Cond: (id = mc.company_id)
                    Filter: ((country_code)::text = '[sm]'::text)
                    Rows Removed by Filter: 1
        ->  Index Scan using title_pkey on title t  (cost=0.43..0.49 rows=1 width=21) (never executed)
              Index Cond: (id = mk.movie_id)
Planning time: 0.810 ms
Execution time: 424.889 ms
