Aggregate  (cost=11721.21..11721.22 rows=1 width=128) (actual time=1960.647..1960.647 rows=1 loops=1)
  ->  Nested Loop  (cost=9.53..11721.20 rows=1 width=79) (actual time=4.376..1956.471 rows=8024 loops=1)
        Join Filter: (it2.id = mi_idx.info_type_id)
        Rows Removed by Join Filter: 16368
        ->  Seq Scan on info_type it2  (cost=0.00..2.41 rows=1 width=4) (actual time=0.012..0.013 rows=1 loops=1)
              Filter: ((info)::text = 'votes'::text)
              Rows Removed by Filter: 112
        ->  Nested Loop  (cost=9.53..11718.77 rows=1 width=83) (actual time=4.363..1954.089 rows=24392 loops=1)
              ->  Nested Loop  (cost=9.11..11717.95 rows=1 width=94) (actual time=4.354..1926.434 rows=8024 loops=1)
                    ->  Nested Loop  (cost=8.68..11716.87 rows=1 width=83) (actual time=3.464..1885.327 rows=11866 loops=1)
                          Join Filter: (t.id = ci.movie_id)
                          ->  Nested Loop  (cost=8.11..11687.80 rows=1 width=75) (actual time=3.232..942.794 rows=14666 loops=1)
                                Join Filter: (mi.movie_id = t.id)
                                ->  Nested Loop  (cost=7.68..11686.94 rows=1 width=54) (actual time=3.222..899.451 rows=14666 loops=1)
                                      Join Filter: (it1.id = mi.info_type_id)
                                      Rows Removed by Join Filter: 3678
                                      ->  Seq Scan on info_type it1  (cost=0.00..2.41 rows=1 width=4) (actual time=0.002..0.010 rows=1 loops=1)
                                            Filter: ((info)::text = 'genres'::text)
                                            Rows Removed by Filter: 112
                                      ->  Nested Loop  (cost=7.68..11684.51 rows=1 width=58) (actual time=3.219..896.913 rows=18344 loops=1)
                                            ->  Nested Loop  (cost=7.25..11399.72 rows=16 width=8) (actual time=2.929..246.795 rows=12521 loops=1)
                                                  Join Filter: (cct2.id = cc.status_id)
                                                  Rows Removed by Join Filter: 12810
                                                  ->  Seq Scan on comp_cast_type cct2  (cost=0.00..18.88 rows=1 width=4) (actual time=0.003..0.004 rows=1 loops=1)
                                                        Filter: ((kind)::text = 'complete+verified'::text)
                                                        Rows Removed by Filter: 3
                                                  ->  Nested Loop  (cost=7.25..11380.43 rows=33 width=12) (actual time=2.875..243.886 rows=25331 loops=1)
                                                        Join Filter: (cct1.id = cc.subject_id)
                                                        Rows Removed by Join Filter: 10679
                                                        ->  Seq Scan on comp_cast_type cct1  (cost=0.00..18.88 rows=1 width=4) (actual time=0.001..0.003 rows=1 loops=1)
                                                              Filter: ((kind)::text = 'cast'::text)
                                                              Rows Removed by Filter: 3
                                                        ->  Nested Loop  (cost=7.25..11360.73 rows=66 width=16) (actual time=2.873..239.546 rows=36010 loops=1)
                                                              ->  Nested Loop  (cost=6.83..11165.26 rows=236 width=4) (actual time=2.832..114.039 rows=76714 loops=1)
                                                                    ->  Seq Scan on keyword k  (cost=0.00..3464.69 rows=7 width=4) (actual time=0.667..23.203 rows=7 loops=1)
                                                                          Filter: (keyword = ANY ('{murder,violence,blood,gore,death,female-nudity,hospital}'::text[]))
                                                                          Rows Removed by Filter: 134163
                                                                    ->  Bitmap Heap Scan on movie_keyword mk  (cost=6.83..1096.99 rows=309 width=8) (actual time=1.972..11.759 rows=10959 loops=7)
                                                                          Recheck Cond: (keyword_id = k.id)
                                                                          Heap Blocks: exact=53234
                                                                          ->  Bitmap Index Scan on keyword_id_movie_keyword  (cost=0.00..6.75 rows=309 width=0) (actual time=1.020..1.020 rows=10959 loops=7)
                                                                                Index Cond: (keyword_id = k.id)
                                                              ->  Index Scan using movie_id_complete_cast on complete_cast cc  (cost=0.42..0.81 rows=2 width=12) (actual time=0.001..0.001 rows=0 loops=76714)
                                                                    Index Cond: (movie_id = mk.movie_id)
                                            ->  Index Scan using movie_id_movie_info on movie_info mi  (cost=0.43..17.79 rows=1 width=50) (actual time=0.048..0.052 rows=1 loops=12521)
                                                  Index Cond: (movie_id = mk.movie_id)
                                                  Filter: (info = ANY ('{Horror,Action,Sci-Fi,Thriller,Crime,War}'::text[]))
                                                  Rows Removed by Filter: 130
                                ->  Index Scan using title_pkey on title t  (cost=0.43..0.85 rows=1 width=21) (actual time=0.003..0.003 rows=1 loops=14666)
                                      Index Cond: (id = mk.movie_id)
                          ->  Index Scan using movie_id_cast_info on cast_info ci  (cost=0.56..29.06 rows=1 width=8) (actual time=0.048..0.064 rows=1 loops=14666)
                                Index Cond: (movie_id = mk.movie_id)
                                Filter: (note = ANY ('{(writer),"(head writer)","(written by)",(story),"(story editor)"}'::text[]))
                                Rows Removed by Filter: 83
                    ->  Index Scan using name_pkey on name n  (cost=0.43..1.08 rows=1 width=19) (actual time=0.003..0.003 rows=1 loops=11866)
                          Index Cond: (id = ci.person_id)
                          Filter: ((gender)::text = 'm'::text)
                          Rows Removed by Filter: 0
              ->  Index Scan using movie_id_movie_info_idx on movie_info_idx mi_idx  (cost=0.43..0.79 rows=3 width=13) (actual time=0.002..0.003 rows=3 loops=8024)
                    Index Cond: (movie_id = t.id)
Planning time: 47.810 ms
Execution time: 1960.738 ms
