Aggregate  (cost=15770.18..15770.19 rows=1 width=192) (actual time=155.161..155.161 rows=1 loops=1)
  ->  Nested Loop  (cost=714.99..15769.20 rows=65 width=82) (actual time=19.474..155.073 rows=114 loops=1)
        ->  Nested Loop  (cost=714.57..15736.84 rows=73 width=67) (actual time=19.471..154.855 rows=114 loops=1)
              ->  Nested Loop  (cost=714.14..15716.87 rows=30 width=75) (actual time=19.463..154.692 rows=46 loops=1)
                    Join Filter: (it2.id = mi_idx2.info_type_id)
                    Rows Removed by Join Filter: 4040
                    ->  Nested Loop  (cost=713.71..15660.64 rows=101 width=70) (actual time=2.139..147.918 rows=2996 loops=1)
                          ->  Index Scan using info_type_pkey on info_type it2  (cost=0.14..14.12 rows=1 width=4) (actual time=0.020..0.022 rows=1 loops=1)
                                Filter: ((info)::text = 'rating'::text)
                                Rows Removed by Filter: 112
                          ->  Nested Loop  (cost=713.57..15645.51 rows=101 width=66) (actual time=2.118..147.570 rows=2996 loops=1)
                                Join Filter: (mi_idx1.info_type_id = it1.id)
                                Rows Removed by Join Filter: 5992
                                ->  Seq Scan on info_type it1  (cost=0.00..2.41 rows=1 width=4) (actual time=0.010..0.013 rows=1 loops=1)
                                      Filter: ((info)::text = 'rating'::text)
                                      Rows Removed by Filter: 112
                                ->  Nested Loop  (cost=713.57..15636.77 rows=506 width=70) (actual time=2.020..146.742 rows=8988 loops=1)
                                      ->  Nested Loop  (cost=713.15..15168.14 rows=1051 width=55) (actual time=2.014..130.828 rows=9900 loops=1)
                                            ->  Nested Loop  (cost=712.72..14872.38 rows=486 width=63) (actual time=2.007..124.290 rows=2211 loops=1)
                                                  Join Filter: (t2.kind_id = kt2.id)
                                                  Rows Removed by Join Filter: 2193
                                                  ->  Nested Loop  (cost=712.72..14805.87 rows=1459 width=67) (actual time=1.444..123.392 rows=2553 loops=1)
                                                        ->  Nested Loop  (cost=712.29..14548.99 rows=486 width=54) (actual time=1.438..121.000 rows=946 loops=1)
                                                              ->  Nested Loop  (cost=711.86..9317.52 rows=1169 width=29) (actual time=1.429..114.912 rows=2315 loops=1)
                                                                    Join Filter: (kt1.id = t1.kind_id)
                                                                    Rows Removed by Join Filter: 861
                                                                    ->  Merge Join  (cost=711.86..9189.59 rows=3507 width=33) (actual time=1.421..114.205 rows=2315 loops=1)
                                                                          Merge Cond: (t1.id = ml.movie_id)
                                                                          ->  Index Scan using title_pkey on title t1  (cost=0.43..110297.12 rows=2528312 width=25) (actual time=0.004..98.489 rows=186176 loops=1)
                                                                          ->  Sort  (cost=711.43..720.80 rows=3750 width=8) (actual time=1.159..1.355 rows=2315 loops=1)
                                                                                Sort Key: ml.movie_id
                                                                                Sort Method: quicksort  Memory: 205kB
                                                                                ->  Nested Loop  (cost=38.82..488.81 rows=3750 width=8) (actual time=0.066..0.808 rows=2315 loops=1)
                                                                                      ->  Seq Scan on link_type lt  (cost=0.00..19.76 rows=2 width=4) (actual time=0.004..0.007 rows=2 loops=1)
                                                                                            Filter: ((link)::text = ANY ('{sequel,follows,"followed by"}'::text[]))
                                                                                            Rows Removed by Filter: 16
                                                                                      ->  Bitmap Heap Scan on movie_link ml  (cost=38.82..215.78 rows=1875 width=12) (actual time=0.056..0.270 rows=1158 loops=2)
                                                                                            Recheck Cond: (link_type_id = lt.id)
                                                                                            Heap Blocks: exact=191
                                                                                            ->  Bitmap Index Scan on link_type_id_movie_link  (cost=0.00..38.35 rows=1875 width=0) (actual time=0.044..0.044 rows=1158 loops=2)
                                                                                                  Index Cond: (link_type_id = lt.id)
                                                                    ->  Materialize  (cost=0.00..22.76 rows=2 width=4) (actual time=0.000..0.000 rows=1 loops=2315)
                                                                          ->  Seq Scan on kind_type kt1  (cost=0.00..22.75 rows=2 width=4) (actual time=0.006..0.008 rows=2 loops=1)
                                                                                Filter: ((kind)::text = ANY ('{"tv series",episode}'::text[]))
                                                                                Rows Removed by Filter: 5
                                                              ->  Index Scan using title_pkey on title t2  (cost=0.43..4.48 rows=1 width=25) (actual time=0.002..0.002 rows=0 loops=2315)
                                                                    Index Cond: (id = ml.linked_movie_id)
                                                                    Filter: ((production_year >= 2000) AND (production_year <= 2010))
                                                                    Rows Removed by Filter: 1
                                                        ->  Index Scan using movie_id_movie_info_idx on movie_info_idx mi_idx1  (cost=0.43..0.50 rows=3 width=13) (actual time=0.002..0.002 rows=3 loops=946)
                                                              Index Cond: (movie_id = t1.id)
                                                  ->  Materialize  (cost=0.00..22.76 rows=2 width=4) (actual time=0.000..0.000 rows=2 loops=2553)
                                                        ->  Seq Scan on kind_type kt2  (cost=0.00..22.75 rows=2 width=4) (actual time=0.002..0.002 rows=2 loops=1)
                                                              Filter: ((kind)::text = ANY ('{"tv series",episode}'::text[]))
                                                              Rows Removed by Filter: 5
                                            ->  Index Scan using movie_id_movie_companies on movie_companies mc1  (cost=0.43..0.56 rows=5 width=8) (actual time=0.001..0.002 rows=4 loops=2211)
                                                  Index Cond: (movie_id = t1.id)
                                      ->  Index Scan using company_name_pkey on company_name cn1  (cost=0.42..0.45 rows=1 width=23) (actual time=0.001..0.001 rows=1 loops=9900)
                                            Index Cond: (id = mc1.company_id)
                                            Filter: ((country_code)::text <> '[us]'::text)
                                            Rows Removed by Filter: 0
                    ->  Index Scan using movie_id_movie_info_idx on movie_info_idx mi_idx2  (cost=0.43..0.53 rows=2 width=13) (actual time=0.001..0.002 rows=1 loops=2996)
                          Index Cond: (movie_id = t2.id)
                          Filter: (info < '3.5'::text)
                          Rows Removed by Filter: 2
              ->  Index Scan using movie_id_movie_companies on movie_companies mc2  (cost=0.43..0.62 rows=5 width=8) (actual time=0.002..0.003 rows=2 loops=46)
                    Index Cond: (movie_id = t2.id)
        ->  Index Scan using company_name_pkey on company_name cn2  (cost=0.42..0.44 rows=1 width=23) (actual time=0.002..0.002 rows=1 loops=114)
              Index Cond: (id = mc2.company_id)
Planning time: 58.388 ms
Execution time: 155.279 ms
