Aggregate  (cost=139736.31..139736.32 rows=1 width=32) (actual time=703.695..703.695 rows=1 loops=1)
  ->  Nested Loop  (cost=2627.36..139735.80 rows=206 width=17) (actual time=66.361..703.627 rows=206 loops=1)
        Join Filter: (t.id = mi.movie_id)
        ->  Nested Loop  (cost=2626.93..135753.69 rows=2235 width=25) (actual time=49.021..664.287 rows=2235 loops=1)
              ->  Hash Join  (cost=2626.50..129434.11 rows=12951 width=4) (actual time=15.835..637.847 rows=12951 loops=1)
                    Hash Cond: (mk.keyword_id = k.id)
                    ->  Seq Scan on movie_keyword mk  (cost=0.00..69693.30 rows=4523930 width=8) (actual time=0.005..291.832 rows=4523930 loops=1)
                    ->  Hash  (cost=2626.12..2626.12 rows=30 width=4) (actual time=15.736..15.736 rows=30 loops=1)
                          Buckets: 1024  Batches: 1  Memory Usage: 10kB
                          ->  Seq Scan on keyword k  (cost=0.00..2626.12 rows=30 width=4) (actual time=0.900..15.730 rows=30 loops=1)
                                Filter: (keyword ~~ '%sequel%'::text)
                                Rows Removed by Filter: 134140
              ->  Index Scan using title_pkey on title t  (cost=0.43..0.49 rows=1 width=21) (actual time=0.002..0.002 rows=0 loops=12951)
                    Index Cond: (id = mk.movie_id)
                    Filter: (production_year > 2005)
                    Rows Removed by Filter: 1
        ->  Index Scan using movie_id_movie_info on movie_info mi  (cost=0.43..1.77 rows=1 width=4) (actual time=0.016..0.017 rows=0 loops=2235)
              Index Cond: (movie_id = mk.movie_id)
              Filter: (info = ANY ('{Sweden,Norway,Germany,Denmark,Swedish,Denish,Norwegian,German}'::text[]))
              Rows Removed by Filter: 45
Planning time: 0.684 ms
Execution time: 703.722 ms
