Aggregate  (cost=6146.67..6146.68 rows=1 width=32) (actual time=249.740..249.740 rows=1 loops=1)
  ->  Nested Loop  (cost=7.69..6146.67 rows=1 width=17) (actual time=11.580..249.729 rows=5 loops=1)
        Join Filter: (mi.movie_id = t.id)
        ->  Nested Loop  (cost=7.26..6146.16 rows=1 width=8) (actual time=11.574..249.628 rows=21 loops=1)
              ->  Nested Loop  (cost=6.83..6010.41 rows=94 width=4) (actual time=2.437..30.885 rows=12951 loops=1)
                    ->  Seq Scan on keyword k  (cost=0.00..2626.12 rows=3 width=4) (actual time=0.948..18.013 rows=30 loops=1)
                          Filter: (keyword ~~ '%sequel%'::text)
                          Rows Removed by Filter: 134140
                    ->  Bitmap Heap Scan on movie_keyword mk  (cost=6.83..1125.00 rows=309 width=8) (actual time=0.064..0.375 rows=432 loops=30)
                          Recheck Cond: (keyword_id = k.id)
                          Heap Blocks: exact=6979
                          ->  Bitmap Index Scan on keyword_id_movie_keyword  (cost=0.00..6.75 rows=309 width=0) (actual time=0.034..0.034 rows=432 loops=30)
                                Index Cond: (keyword_id = k.id)
              ->  Index Scan using movie_id_movie_info on movie_info mi  (cost=0.43..1.43 rows=1 width=4) (actual time=0.017..0.017 rows=0 loops=12951)
                    Index Cond: (movie_id = mk.movie_id)
                    Filter: (info = 'Bulgaria'::text)
                    Rows Removed by Filter: 35
        ->  Index Scan using title_pkey on title t  (cost=0.43..0.49 rows=1 width=21) (actual time=0.004..0.004 rows=0 loops=21)
              Index Cond: (id = mk.movie_id)
              Filter: (production_year > 2010)
              Rows Removed by Filter: 1
Planning time: 0.599 ms
Execution time: 249.772 ms
