Aggregate  (cost=150726.13..150726.14 rows=1 width=32) (actual time=863.265..863.265 rows=1 loops=1)
  ->  Nested Loop  (cost=2627.36..150708.00 rows=7250 width=17) (actual time=17.475..861.998 rows=7250 loops=1)
        Join Filter: (t.id = mi.movie_id)
        ->  Nested Loop  (cost=2626.93..135753.69 rows=7874 width=25) (actual time=16.495..719.374 rows=7874 loops=1)
              ->  Hash Join  (cost=2626.50..129434.11 rows=12951 width=4) (actual time=16.487..689.575 rows=12951 loops=1)
                    Hash Cond: (mk.keyword_id = k.id)
                    ->  Seq Scan on movie_keyword mk  (cost=0.00..69693.30 rows=4523930 width=8) (actual time=0.005..315.265 rows=4523930 loops=1)
                    ->  Hash  (cost=2626.12..2626.12 rows=30 width=4) (actual time=16.389..16.389 rows=30 loops=1)
                          Buckets: 1024  Batches: 1  Memory Usage: 10kB
                          ->  Seq Scan on keyword k  (cost=0.00..2626.12 rows=30 width=4) (actual time=0.910..16.382 rows=30 loops=1)
                                Filter: (keyword ~~ '%sequel%'::text)
                                Rows Removed by Filter: 134140
              ->  Index Scan using title_pkey on title t  (cost=0.43..0.49 rows=1 width=21) (actual time=0.002..0.002 rows=1 loops=12951)
                    Index Cond: (id = mk.movie_id)
                    Filter: (production_year > 1990)
                    Rows Removed by Filter: 0
        ->  Index Scan using movie_id_movie_info on movie_info mi  (cost=0.43..1.87 rows=2 width=4) (actual time=0.015..0.018 rows=1 loops=7874)
              Index Cond: (movie_id = mk.movie_id)
              Filter: (info = ANY ('{Sweden,Norway,Germany,Denmark,Swedish,Denish,Norwegian,German,USA,American}'::text[]))
              Rows Removed by Filter: 35
Planning time: 0.662 ms
Execution time: 863.291 ms
