Aggregate  (cost=6079.66..6079.67 rows=1 width=64) (actual time=80.673..80.673 rows=1 loops=1)
  ->  Nested Loop  (cost=7.68..6079.55 rows=22 width=22) (actual time=2.430..79.586 rows=4700 loops=1)
        Join Filter: (mi_idx.movie_id = t.id)
        ->  Nested Loop  (cost=7.25..6063.48 rows=32 width=13) (actual time=2.424..58.186 rows=8092 loops=1)
              Join Filter: (mi_idx.info_type_id = it.id)
              Rows Removed by Join Filter: 6809
              ->  Seq Scan on info_type it  (cost=0.00..2.41 rows=1 width=4) (actual time=0.010..0.011 rows=1 loops=1)
                    Filter: ((info)::text = 'rating'::text)
                    Rows Removed by Filter: 112
              ->  Nested Loop  (cost=7.25..6059.09 rows=158 width=17) (actual time=2.414..56.697 rows=14901 loops=1)
                    ->  Nested Loop  (cost=6.83..6010.41 rows=94 width=4) (actual time=2.405..28.198 rows=12951 loops=1)
                          ->  Seq Scan on keyword k  (cost=0.00..2626.12 rows=3 width=4) (actual time=0.935..17.117 rows=30 loops=1)
                                Filter: (keyword ~~ '%sequel%'::text)
                                Rows Removed by Filter: 134140
                          ->  Bitmap Heap Scan on movie_keyword mk  (cost=6.83..1125.00 rows=309 width=8) (actual time=0.062..0.322 rows=432 loops=30)
                                Recheck Cond: (keyword_id = k.id)
                                Heap Blocks: exact=6979
                                ->  Bitmap Index Scan on keyword_id_movie_keyword  (cost=0.00..6.75 rows=309 width=0) (actual time=0.033..0.033 rows=432 loops=30)
                                      Index Cond: (keyword_id = k.id)
                    ->  Index Scan using movie_id_movie_info_idx on movie_info_idx mi_idx  (cost=0.43..0.50 rows=2 width=13) (actual time=0.002..0.002 rows=1 loops=12951)
                          Index Cond: (movie_id = mk.movie_id)
                          Filter: (info > '2.0'::text)
                          Rows Removed by Filter: 1
        ->  Index Scan using title_pkey on title t  (cost=0.43..0.49 rows=1 width=21) (actual time=0.002..0.002 rows=1 loops=8092)
              Index Cond: (id = mk.movie_id)
              Filter: (production_year > 1990)
              Rows Removed by Filter: 0
Planning time: 0.781 ms
Execution time: 80.708 ms
