Aggregate  (cost=142582.14..142582.15 rows=1 width=32) (actual time=191.924..191.924 rows=1 loops=1)
  ->  Nested Loop  (cost=1.29..142581.41 rows=292 width=17) (actual time=191.922..191.922 rows=0 loops=1)
        Join Filter: (mi.info_type_id = it.id)
        ->  Nested Loop  (cost=1.29..142089.05 rows=292 width=21) (actual time=191.922..191.922 rows=0 loops=1)
              ->  Nested Loop  (cost=0.86..113905.06 rows=11990 width=25) (actual time=191.922..191.922 rows=0 loops=1)
                    ->  Nested Loop  (cost=0.43..53090.55 rows=12534 width=4) (actual time=191.922..191.922 rows=0 loops=1)
                          ->  Seq Scan on company_type ct  (cost=0.00..18.88 rows=1 width=4) (actual time=0.004..0.006 rows=1 loops=1)
                                Filter: ((kind)::text = 'production companies'::text)
                                Rows Removed by Filter: 3
                          ->  Index Scan using company_type_id_movie_companies on movie_companies mc  (cost=0.43..53067.12 rows=456 width=8) (actual time=191.915..191.915 rows=0 loops=1)
                                Index Cond: (company_type_id = ct.id)
                                Filter: ((note ~~ '%(theatrical)%'::text) AND (note ~~ '%(France)%'::text))
                                Rows Removed by Filter: 1334883
                    ->  Index Scan using title_pkey on title t  (cost=0.43..4.85 rows=1 width=21) (never executed)
                          Index Cond: (id = mc.movie_id)
                          Filter: (production_year > 2005)
              ->  Index Scan using movie_id_movie_info on movie_info mi  (cost=0.43..2.34 rows=1 width=8) (never executed)
                    Index Cond: (movie_id = t.id)
                    Filter: (info = ANY ('{Sweden,Norway,Germany,Denmark,Swedish,Denish,Norwegian,German}'::text[]))
        ->  Materialize  (cost=0.00..2.69 rows=113 width=4) (never executed)
              ->  Seq Scan on info_type it  (cost=0.00..2.13 rows=113 width=4) (never executed)
Planning time: 0.837 ms
Execution time: 191.954 ms
