Aggregate  (cost=63896.68..63896.69 rows=1 width=32) (actual time=198.902..198.902 rows=1 loops=1)
  ->  Nested Loop  (cost=1.29..63896.47 rows=84 width=17) (actual time=198.901..198.901 rows=0 loops=1)
        Join Filter: (mi.info_type_id = it.id)
        ->  Nested Loop  (cost=1.29..63753.34 rows=84 width=21) (actual time=198.900..198.900 rows=0 loops=1)
              ->  Nested Loop  (cost=0.86..62779.68 rows=296 width=25) (actual time=198.900..198.900 rows=0 loops=1)
                    ->  Nested Loop  (cost=0.43..56347.67 rows=800 width=4) (actual time=198.900..198.900 rows=0 loops=1)
                          ->  Seq Scan on company_type ct  (cost=0.00..18.88 rows=1 width=4) (actual time=0.003..0.004 rows=1 loops=1)
                                Filter: ((kind)::text = 'production companies'::text)
                                Rows Removed by Filter: 3
                          ->  Index Scan using company_type_id_movie_companies on movie_companies mc  (cost=0.43..56328.53 rows=27 width=8) (actual time=198.895..198.895 rows=0 loops=1)
                                Index Cond: (company_type_id = ct.id)
                                Filter: ((note ~~ '%(VHS)%'::text) AND (note ~~ '%(USA)%'::text) AND (note ~~ '%(1994)%'::text))
                                Rows Removed by Filter: 1334883
                    ->  Index Scan using title_pkey on title t  (cost=0.43..8.04 rows=1 width=21) (never executed)
                          Index Cond: (id = mc.movie_id)
                          Filter: (production_year > 2010)
              ->  Index Scan using movie_id_movie_info on movie_info mi  (cost=0.43..3.27 rows=2 width=8) (never executed)
                    Index Cond: (movie_id = t.id)
                    Filter: (info = ANY ('{USA,America}'::text[]))
        ->  Materialize  (cost=0.00..2.69 rows=113 width=4) (never executed)
              ->  Seq Scan on info_type it  (cost=0.00..2.13 rows=113 width=4) (never executed)
Planning time: 0.842 ms
Execution time: 198.932 ms
