Aggregate  (cost=360674.53..360674.54 rows=1 width=32) (actual time=987.719..987.719 rows=1 loops=1)
  ->  Hash Join  (cost=89814.17..360587.49 rows=34814 width=17) (actual time=770.111..987.554 rows=669 loops=1)
        Hash Cond: (mi.info_type_id = it.id)
        ->  Nested Loop  (cost=89810.63..360147.15 rows=34814 width=21) (actual time=770.069..987.342 rows=669 loops=1)
              ->  Hash Join  (cost=89810.19..145445.22 rows=100265 width=25) (actual time=770.044..977.439 rows=767 loops=1)
                    Hash Cond: (mc.movie_id = t.id)
                    ->  Nested Loop  (cost=0.43..53830.87 rows=142937 width=4) (actual time=2.673..209.726 rows=798 loops=1)
                          ->  Seq Scan on company_type ct  (cost=0.00..18.88 rows=1 width=4) (actual time=0.003..0.004 rows=1 loops=1)
                                Filter: ((kind)::text = 'production companies'::text)
                                Rows Removed by Filter: 3
                          ->  Index Scan using company_type_id_movie_companies on movie_companies mc  (cost=0.43..53067.12 rows=74488 width=8) (actual time=2.669..209.619 rows=798 loops=1)
                                Index Cond: (company_type_id = ct.id)
                                Filter: ((note !~~ '%(TV)%'::text) AND (note ~~ '%(USA)%'::text))
                                Rows Removed by Filter: 1334085
                    ->  Hash  (cost=67603.64..67603.64 rows=1776490 width=21) (actual time=763.288..763.288 rows=1749032 loops=1)
                          Buckets: 2097152  Batches: 1  Memory Usage: 110019kB
                          ->  Seq Scan on title t  (cost=0.00..67603.64 rows=1776490 width=21) (actual time=0.007..397.956 rows=1749032 loops=1)
                                Filter: (production_year > 1990)
                                Rows Removed by Filter: 779280
              ->  Index Scan using movie_id_movie_info on movie_info mi  (cost=0.43..2.12 rows=2 width=8) (actual time=0.011..0.013 rows=1 loops=767)
                    Index Cond: (movie_id = t.id)
                    Filter: (info = ANY ('{Sweden,Norway,Germany,Denmark,Swedish,Denish,Norwegian,German,USA,American}'::text[]))
                    Rows Removed by Filter: 10
        ->  Hash  (cost=2.13..2.13 rows=113 width=4) (actual time=0.031..0.031 rows=113 loops=1)
              Buckets: 1024  Batches: 1  Memory Usage: 12kB
              ->  Seq Scan on info_type it  (cost=0.00..2.13 rows=113 width=4) (actual time=0.004..0.014 rows=113 loops=1)
Planning time: 0.952 ms
Execution time: 988.126 ms
