Aggregate  (cost=112877.83..112877.84 rows=1 width=96) (actual time=506.779..506.779 rows=1 loops=1)
  ->  Nested Loop  (cost=1.85..112877.17 rows=88 width=48) (actual time=49.411..506.742 rows=88 loops=1)
        ->  Nested Loop  (cost=1.43..110543.20 rows=5202 width=36) (actual time=49.064..497.013 rows=5202 loops=1)
              ->  Nested Loop  (cost=0.99..109999.52 rows=306 width=40) (actual time=49.058..494.850 rows=306 loops=1)
                    ->  Nested Loop  (cost=0.56..109778.52 rows=486 width=19) (actual time=49.034..493.527 rows=486 loops=1)
                          ->  Seq Scan on name n  (cost=0.00..107706.64 rows=2 width=19) (actual time=49.024..493.348 rows=2 loops=1)
                                Filter: (name ~~ '%Downey%Robert%'::text)
                                Rows Removed by Filter: 4167489
                          ->  Index Scan using person_id_cast_info on cast_info ci  (cost=0.56..1030.97 rows=497 width=8) (actual time=0.008..0.055 rows=243 loops=2)
                                Index Cond: (person_id = n.id)
                    ->  Index Scan using title_pkey on title t  (cost=0.43..0.45 rows=1 width=21) (actual time=0.002..0.002 rows=1 loops=486)
                          Index Cond: (id = ci.movie_id)
                          Filter: (production_year > 2000)
                          Rows Removed by Filter: 0
              ->  Index Scan using movie_id_movie_keyword on movie_keyword mk  (cost=0.43..1.33 rows=45 width=8) (actual time=0.002..0.005 rows=17 loops=306)
                    Index Cond: (movie_id = t.id)
        ->  Index Scan using keyword_pkey on keyword k  (cost=0.42..0.45 rows=1 width=20) (actual time=0.002..0.002 rows=0 loops=5202)
              Index Cond: (id = mk.keyword_id)
              Filter: (keyword = ANY ('{superhero,sequel,second-part,marvel-comics,based-on-comic,tv-special,fight,violence}'::text[]))
              Rows Removed by Filter: 1
Planning time: 0.803 ms
Execution time: 506.815 ms
