Aggregate  (cost=80713.22..80713.23 rows=1 width=64) (actual time=1702.901..1702.901 rows=1 loops=1)
  ->  Nested Loop  (cost=3329.24..80713.14 rows=16 width=111) (actual time=25.462..1398.144 rows=68185 loops=1)
        ->  Hash Join  (cost=3328.81..80702.16 rows=24 width=119) (actual time=25.455..1181.864 rows=109842 loops=1)
              Hash Cond: (ci.movie_id = ml.linked_movie_id)
              ->  Nested Loop  (cost=2493.15..79249.45 rows=7361 width=115) (actual time=16.565..1007.096 rows=1618304 loops=1)
                    ->  Nested Loop  (cost=2492.59..64506.77 rows=896 width=123) (actual time=16.550..501.874 rows=12595 loops=1)
                          ->  Nested Loop  (cost=2492.16..59946.77 rows=5308 width=104) (actual time=16.492..310.784 rows=72979 loops=1)
                                ->  Nested Loop  (cost=2491.73..55267.62 rows=4403 width=100) (actual time=16.455..106.093 rows=84183 loops=1)
                                      ->  Seq Scan on info_type it  (cost=0.00..2.41 rows=1 width=4) (actual time=0.007..0.014 rows=1 loops=1)
                                            Filter: ((info)::text = 'mini biography'::text)
                                            Rows Removed by Filter: 112
                                      ->  Bitmap Heap Scan on person_info pi  (cost=2491.73..55226.63 rows=3857 width=104) (actual time=16.447..97.020 rows=84183 loops=1)
                                            Recheck Cond: (info_type_id = it.id)
                                            Filter: (note IS NOT NULL)
                                            Rows Removed by Filter: 1
                                            Heap Blocks: exact=40387
                                            ->  Bitmap Index Scan on info_type_id_person_info  (cost=0.00..2490.77 rows=134712 width=0) (actual time=10.624..10.624 rows=84184 loops=1)
                                                  Index Cond: (info_type_id = it.id)
                                ->  Index Scan using person_id_aka_name on aka_name an  (cost=0.42..1.04 rows=2 width=4) (actual time=0.002..0.002 rows=1 loops=84183)
                                      Index Cond: (person_id = pi.person_id)
                                      Filter: ((name IS NOT NULL) AND ((name ~~ '%a%'::text) OR (name ~~ 'A%'::text)))
                                      Rows Removed by Filter: 0
                          ->  Index Scan using name_pkey on name n  (cost=0.43..0.86 rows=1 width=19) (actual time=0.002..0.002 rows=0 loops=72979)
                                Index Cond: (id = an.person_id)
                                Filter: (((name_pcode_cf)::text >= 'A'::text) AND ((name_pcode_cf)::text <= 'F'::text) AND (((gender)::text = 'm'::text) OR (((gender)::text = 'f'::text) AND (name ~~ 'A%'::text))))
                                Rows Removed by Filter: 1
                    ->  Index Scan using person_id_cast_info on cast_info ci  (cost=0.56..11.40 rows=505 width=8) (actual time=0.005..0.025 rows=128 loops=12595)
                          Index Cond: (person_id = n.id)
              ->  Hash  (cost=741.92..741.92 rows=7499 width=4) (actual time=8.871..8.871 rows=21505 loops=1)
                    Buckets: 32768 (originally 8192)  Batches: 1 (originally 1)  Memory Usage: 1013kB
                    ->  Nested Loop  (cost=35.82..741.92 rows=7499 width=4) (actual time=0.451..6.039 rows=21505 loops=1)
                          ->  Seq Scan on link_type lt  (cost=0.00..20.65 rows=4 width=4) (actual time=0.005..0.011 rows=4 loops=1)
                                Filter: ((link)::text = ANY ('{references,"referenced in",features,"featured in"}'::text[]))
                                Rows Removed by Filter: 14
                          ->  Bitmap Heap Scan on movie_link ml  (cost=35.82..161.57 rows=1875 width=8) (actual time=0.262..0.902 rows=5376 loops=4)
                                Recheck Cond: (link_type_id = lt.id)
                                Heap Blocks: exact=542
                                ->  Bitmap Index Scan on link_type_id_movie_link  (cost=0.00..35.35 rows=1875 width=0) (actual time=0.246..0.246 rows=5376 loops=4)
                                      Index Cond: (link_type_id = lt.id)
        ->  Index Scan using title_pkey on title t  (cost=0.43..0.46 rows=1 width=4) (actual time=0.002..0.002 rows=1 loops=109842)
              Index Cond: (id = ci.movie_id)
              Filter: ((production_year >= 1980) AND (production_year <= 2010))
              Rows Removed by Filter: 0
Planning time: 3.554 ms
Execution time: 1702.967 ms
