Aggregate  (cost=71782.52..71782.53 rows=1 width=64) (actual time=1648.948..1648.948 rows=1 loops=1)
  ->  Nested Loop  (cost=6018.59..71782.52 rows=1 width=33) (actual time=148.643..1648.896 rows=62 loops=1)
        ->  Nested Loop  (cost=6018.16..71781.75 rows=1 width=41) (actual time=25.142..1618.162 rows=17379 loops=1)
              ->  Nested Loop  (cost=6017.73..71775.57 rows=7 width=21) (actual time=25.136..1597.188 rows=7438 loops=1)
                    ->  Nested Loop  (cost=6017.58..71762.09 rows=79 width=25) (actual time=25.130..1578.836 rows=19600 loops=1)
                          ->  Nested Loop  (cost=6017.02..69242.38 rows=1346 width=25) (actual time=25.057..475.789 rows=48328 loops=1)
                                ->  Hash Join  (cost=6016.59..64610.14 rows=1348 width=4) (actual time=25.049..361.460 rows=48328 loops=1)
                                      Hash Cond: (mc.company_id = cn.id)
                                      ->  Seq Scan on movie_companies mc  (cost=0.00..57926.93 rows=52801 width=8) (actual time=0.074..324.737 rows=48897 loops=1)
                                            Filter: ((note ~~ '%(Japan)%'::text) AND (note !~~ '%(USA)%'::text))
                                            Rows Removed by Filter: 2560232
                                      ->  Hash  (cost=5932.46..5932.46 rows=6730 width=4) (actual time=24.963..24.963 rows=6752 loops=1)
                                            Buckets: 8192  Batches: 1  Memory Usage: 302kB
                                            ->  Seq Scan on company_name cn  (cost=0.00..5932.46 rows=6730 width=4) (actual time=0.007..24.120 rows=6752 loops=1)
                                                  Filter: ((country_code)::text = '[jp]'::text)
                                                  Rows Removed by Filter: 228245
                                ->  Index Scan using title_pkey on title t  (cost=0.43..3.44 rows=1 width=21) (actual time=0.002..0.002 rows=1 loops=48328)
                                      Index Cond: (id = mc.movie_id)
                          ->  Index Scan using movie_id_cast_info on cast_info ci  (cost=0.56..1.86 rows=1 width=12) (actual time=0.022..0.023 rows=0 loops=48328)
                                Index Cond: (movie_id = t.id)
                                Filter: (note = '(voice: English version)'::text)
                                Rows Removed by Filter: 32
                    ->  Index Scan using role_type_pkey on role_type rt  (cost=0.15..0.17 rows=1 width=4) (actual time=0.001..0.001 rows=0 loops=19600)
                          Index Cond: (id = ci.role_id)
                          Filter: ((role)::text = 'actress'::text)
                          Rows Removed by Filter: 1
              ->  Index Scan using person_id_aka_name on aka_name an1  (cost=0.42..0.86 rows=2 width=20) (actual time=0.002..0.002 rows=2 loops=7438)
                    Index Cond: (person_id = ci.person_id)
        ->  Index Scan using name_pkey on name n1  (cost=0.43..0.77 rows=1 width=4) (actual time=0.002..0.002 rows=0 loops=17379)
              Index Cond: (id = an1.person_id)
              Filter: ((name ~~ '%Yo%'::text) AND (name !~~ '%Yu%'::text))
              Rows Removed by Filter: 1
Planning time: 2.011 ms
Execution time: 1649.001 ms
