Aggregate  (cost=578087.40..578087.41 rows=1 width=64) (actual time=7143.587..7143.587 rows=1 loops=1)
  ->  Hash Join  (cost=550623.36..576960.62 rows=225356 width=33) (actual time=6186.293..6699.290 rows=2487611 loops=1)
        Hash Cond: (a1.person_id = n1.id)
        ->  Seq Scan on aka_name a1  (cost=0.00..20409.43 rows=901343 width=20) (actual time=0.005..78.269 rows=901343 loops=1)
        ->  Hash  (cost=535897.00..535897.00 rows=1178109 width=25) (actual time=6182.474..6182.474 rows=1970658 loops=1)
              Buckets: 2097152  Batches: 1  Memory Usage: 129183kB
              ->  Hash Join  (cost=348052.01..535897.00 rows=1178109 width=25) (actual time=3715.887..5824.307 rows=1970658 loops=1)
                    Hash Cond: (ci.person_id = n1.id)
                    ->  Hash Join  (cost=198667.12..371635.31 rows=1178360 width=21) (actual time=2349.858..4059.388 rows=1970658 loops=1)
                          Hash Cond: (ci.movie_id = t.id)
                          ->  Nested Loop  (cost=0.56..149744.80 rows=3294940 width=8) (actual time=0.066..835.637 rows=2728943 loops=1)
                                ->  Seq Scan on role_type rt  (cost=0.00..18.88 rows=1 width=4) (actual time=0.009..0.013 rows=1 loops=1)
                                      Filter: ((role)::text = 'writer'::text)
                                      Rows Removed by Filter: 11
                                ->  Index Scan using role_id_cast_info on cast_info ci  (cost=0.56..116776.70 rows=3294922 width=12) (actual time=0.054..513.809 rows=2728943 loops=1)
                                      Index Cond: (role_id = rt.id)
                          ->  Hash  (cost=188241.84..188241.84 rows=833977 width=25) (actual time=2347.212..2347.212 rows=1153798 loops=1)
                                Buckets: 2097152 (originally 1048576)  Batches: 1 (originally 1)  Memory Usage: 84892kB
                                ->  Hash Join  (cost=99873.77..188241.84 rows=833977 width=25) (actual time=997.578..2052.129 rows=1153798 loops=1)
                                      Hash Cond: (mc.movie_id = t.id)
                                      ->  Hash Join  (cost=6987.36..84808.81 rows=835376 width=4) (actual time=45.901..709.058 rows=1153798 loops=1)
                                            Hash Cond: (mc.company_id = cn.id)
                                            ->  Seq Scan on movie_companies mc  (cost=0.00..44881.29 rows=2609129 width=8) (actual time=0.007..229.523 rows=2609129 loops=1)
                                            ->  Hash  (cost=5932.46..5932.46 rows=84392 width=4) (actual time=45.350..45.350 rows=84843 loops=1)
                                                  Buckets: 131072  Batches: 1  Memory Usage: 4007kB
                                                  ->  Seq Scan on company_name cn  (cost=0.00..5932.46 rows=84392 width=4) (actual time=0.007..32.813 rows=84843 loops=1)
                                                        Filter: ((country_code)::text = '[us]'::text)
                                                        Rows Removed by Filter: 150154
                                      ->  Hash  (cost=61282.51..61282.51 rows=2528312 width=21) (actual time=943.244..943.244 rows=2528312 loops=1)
                                            Buckets: 4194304  Batches: 1  Memory Usage: 168637kB
                                            ->  Seq Scan on title t  (cost=0.00..61282.51 rows=2528312 width=21) (actual time=0.008..352.076 rows=2528312 loops=1)
                    ->  Hash  (cost=97291.25..97291.25 rows=4167491 width=4) (actual time=1357.629..1357.629 rows=4167491 loops=1)
                          Buckets: 4194304  Batches: 1  Memory Usage: 179282kB
                          ->  Seq Scan on name n1  (cost=0.00..97291.25 rows=4167491 width=4) (actual time=0.008..579.818 rows=4167491 loops=1)
Planning time: 1.853 ms
Execution time: 7145.979 ms
