Aggregate  (cost=513429.36..513429.37 rows=1 width=64) (actual time=3204.692..3204.692 rows=1 loops=1)
  ->  Hash Join  (cost=485606.69..511814.33 rows=323005 width=33) (actual time=2882.337..3148.249 rows=323005 loops=1)
        Hash Cond: (ci.movie_id = t.id)
        ->  Hash Join  (cost=278918.05..303305.32 rows=218966 width=20) (actual time=565.277..752.653 rows=218966 loops=1)
              Hash Cond: (an1.person_id = n1.id)
              ->  Seq Scan on aka_name an1  (cost=0.00..20409.43 rows=901343 width=20) (actual time=0.008..74.802 rows=901343 loops=1)
              ->  Hash  (cost=275463.01..275463.01 rows=276403 width=12) (actual time=563.505..563.505 rows=276403 loops=1)
                    Buckets: 524288  Batches: 1  Memory Usage: 15973kB
                    ->  Nested Loop  (cost=0.99..275463.01 rows=276403 width=12) (actual time=0.051..507.563 rows=276403 loops=1)
                          ->  Nested Loop  (cost=0.56..149727.57 rows=276403 width=8) (actual time=0.031..78.016 rows=276403 loops=1)
                                ->  Seq Scan on role_type rt  (cost=0.00..1.15 rows=1 width=4) (actual time=0.006..0.009 rows=1 loops=1)
                                      Filter: ((role)::text = 'costume designer'::text)
                                      Rows Removed by Filter: 11
                                ->  Index Scan using role_id_cast_info on cast_info ci  (cost=0.56..116777.02 rows=3294940 width=12) (actual time=0.021..45.370 rows=276403 loops=1)
                                      Index Cond: (role_id = rt.id)
                          ->  Index Only Scan using name_pkey on name n1  (cost=0.43..0.45 rows=1 width=4) (actual time=0.001..0.001 rows=1 loops=276403)
                                Index Cond: (id = ci.person_id)
                                Heap Fetches: 276403
        ->  Hash  (cost=192266.17..192266.17 rows=1153798 width=25) (actual time=2312.764..2312.764 rows=1153798 loops=1)
              Buckets: 2097152  Batches: 1  Memory Usage: 84892kB
              ->  Hash Join  (cost=99878.02..192266.17 rows=1153798 width=25) (actual time=992.002..2038.655 rows=1153798 loops=1)
                    Hash Cond: (mc.movie_id = t.id)
                    ->  Hash Join  (cost=6993.00..84814.45 rows=1153798 width=4) (actual time=46.145..701.455 rows=1153798 loops=1)
                          Hash Cond: (mc.company_id = cn.id)
                          ->  Seq Scan on movie_companies mc  (cost=0.00..44881.29 rows=2609129 width=8) (actual time=0.008..223.337 rows=2609129 loops=1)
                          ->  Hash  (cost=5932.46..5932.46 rows=84843 width=4) (actual time=45.498..45.498 rows=84843 loops=1)
                                Buckets: 131072  Batches: 1  Memory Usage: 4007kB
                                ->  Seq Scan on company_name cn  (cost=0.00..5932.46 rows=84843 width=4) (actual time=0.007..32.809 rows=84843 loops=1)
                                      Filter: ((country_code)::text = '[us]'::text)
                                      Rows Removed by Filter: 150154
                    ->  Hash  (cost=61281.12..61281.12 rows=2528312 width=21) (actual time=937.341..937.341 rows=2528312 loops=1)
                          Buckets: 4194304  Batches: 1  Memory Usage: 168637kB
                          ->  Seq Scan on title t  (cost=0.00..61281.12 rows=2528312 width=21) (actual time=0.008..346.532 rows=2528312 loops=1)
Planning time: 1.962 ms
Execution time: 3205.864 ms
