Aggregate  (cost=578087.40..578087.41 rows=1 width=64) (actual time=4248.518..4248.518 rows=1 loops=1)
  ->  Hash Join  (cost=550623.36..576960.62 rows=225356 width=33) (actual time=3954.237..4190.110 rows=323005 loops=1)
        Hash Cond: (an1.person_id = n1.id)
        ->  Seq Scan on aka_name an1  (cost=0.00..20409.43 rows=901343 width=20) (actual time=0.005..79.422 rows=901343 loops=1)
        ->  Hash  (cost=535897.00..535897.00 rows=1178109 width=25) (actual time=3950.075..3950.075 rows=285538 loops=1)
              Buckets: 2097152  Batches: 1  Memory Usage: 32336kB
              ->  Hash Join  (cost=348052.01..535897.00 rows=1178109 width=25) (actual time=3664.227..3902.500 rows=285538 loops=1)
                    Hash Cond: (ci.person_id = n1.id)
                    ->  Hash Join  (cost=198667.12..371635.31 rows=1178360 width=21) (actual time=2347.303..2528.058 rows=285538 loops=1)
                          Hash Cond: (ci.movie_id = t.id)
                          ->  Nested Loop  (cost=0.56..149744.80 rows=3294940 width=8) (actual time=0.066..83.756 rows=276403 loops=1)
                                ->  Seq Scan on role_type rt  (cost=0.00..18.88 rows=1 width=4) (actual time=0.009..0.012 rows=1 loops=1)
                                      Filter: ((role)::text = 'costume designer'::text)
                                      Rows Removed by Filter: 11
                                ->  Index Scan using role_id_cast_info on cast_info ci  (cost=0.56..116776.70 rows=3294922 width=12) (actual time=0.054..51.051 rows=276403 loops=1)
                                      Index Cond: (role_id = rt.id)
                          ->  Hash  (cost=188241.84..188241.84 rows=833977 width=25) (actual time=2344.663..2344.663 rows=1153798 loops=1)
                                Buckets: 2097152 (originally 1048576)  Batches: 1 (originally 1)  Memory Usage: 84892kB
                                ->  Hash Join  (cost=99873.77..188241.84 rows=833977 width=25) (actual time=991.688..2052.368 rows=1153798 loops=1)
                                      Hash Cond: (mc.movie_id = t.id)
                                      ->  Hash Join  (cost=6987.36..84808.81 rows=835376 width=4) (actual time=45.956..710.765 rows=1153798 loops=1)
                                            Hash Cond: (mc.company_id = cn.id)
                                            ->  Seq Scan on movie_companies mc  (cost=0.00..44881.29 rows=2609129 width=8) (actual time=0.007..230.547 rows=2609129 loops=1)
                                            ->  Hash  (cost=5932.46..5932.46 rows=84392 width=4) (actual time=45.396..45.396 rows=84843 loops=1)
                                                  Buckets: 131072  Batches: 1  Memory Usage: 4007kB
                                                  ->  Seq Scan on company_name cn  (cost=0.00..5932.46 rows=84392 width=4) (actual time=0.007..32.843 rows=84843 loops=1)
                                                        Filter: ((country_code)::text = '[us]'::text)
                                                        Rows Removed by Filter: 150154
                                      ->  Hash  (cost=61282.51..61282.51 rows=2528312 width=21) (actual time=937.310..937.310 rows=2528312 loops=1)
                                            Buckets: 4194304  Batches: 1  Memory Usage: 168637kB
                                            ->  Seq Scan on title t  (cost=0.00..61282.51 rows=2528312 width=21) (actual time=0.009..350.982 rows=2528312 loops=1)
                    ->  Hash  (cost=97291.25..97291.25 rows=4167491 width=4) (actual time=1308.617..1308.617 rows=4167491 loops=1)
                          Buckets: 4194304  Batches: 1  Memory Usage: 179282kB
                          ->  Seq Scan on name n1  (cost=0.00..97291.25 rows=4167491 width=4) (actual time=0.008..537.954 rows=4167491 loops=1)
Planning time: 1.935 ms
Execution time: 4250.518 ms
