Aggregate  (cost=189903.97..189903.98 rows=1 width=96) (actual time=2458.604..2458.604 rows=1 loops=1)
  ->  Nested Loop  (cost=3.13..189903.96 rows=2 width=49) (actual time=49.464..2458.529 rows=121 loops=1)
        ->  Nested Loop  (cost=2.70..189901.97 rows=3 width=37) (actual time=49.456..2458.190 rows=127 loops=1)
              ->  Nested Loop  (cost=2.27..189897.39 rows=7 width=28) (actual time=48.269..2457.211 rows=359 loops=1)
                    ->  Nested Loop  (cost=1.85..189887.37 rows=21 width=32) (actual time=48.264..2456.229 rows=373 loops=1)
                          ->  Nested Loop  (cost=1.42..189806.40 rows=121 width=24) (actual time=48.254..2454.257 rows=425 loops=1)
                                ->  Nested Loop  (cost=0.99..177884.64 rows=15472 width=32) (actual time=0.282..1688.849 rows=503508 loops=1)
                                      ->  Nested Loop  (cost=0.56..134018.14 rows=80881 width=12) (actual time=0.119..1185.518 rows=276166 loops=1)
                                            ->  Seq Scan on role_type rt  (cost=0.00..18.88 rows=1 width=4) (actual time=0.006..0.008 rows=1 loops=1)
                                                  Filter: ((role)::text = 'actress'::text)
                                                  Rows Removed by Filter: 11
                                            ->  Index Scan using role_id_cast_info on cast_info ci  (cost=0.56..133251.31 rows=74795 width=16) (actual time=0.113..1157.716 rows=276166 loops=1)
                                                  Index Cond: (role_id = rt.id)
                                                  Filter: (note = ANY ('{(voice),"(voice: Japanese version)","(voice) (uncredited)","(voice: English version)"}'::text[]))
                                                  Rows Removed by Filter: 7175807
                                      ->  Index Scan using person_id_aka_name on aka_name an  (cost=0.42..0.52 rows=2 width=20) (actual time=0.001..0.001 rows=2 loops=276166)
                                            Index Cond: (person_id = ci.person_id)
                                ->  Index Scan using name_pkey on name n  (cost=0.43..0.77 rows=1 width=4) (actual time=0.001..0.001 rows=0 loops=503508)
                                      Index Cond: (id = ci.person_id)
                                      Filter: ((name ~~ '%Ang%'::text) AND ((gender)::text = 'f'::text))
                                      Rows Removed by Filter: 1
                          ->  Index Scan using movie_id_movie_companies on movie_companies mc  (cost=0.43..0.66 rows=1 width=8) (actual time=0.003..0.004 rows=1 loops=425)
                                Index Cond: (movie_id = ci.movie_id)
                                Filter: ((note IS NOT NULL) AND ((note ~~ '%(USA)%'::text) OR (note ~~ '%(worldwide)%'::text)))
                                Rows Removed by Filter: 4
                    ->  Index Scan using company_name_pkey on company_name cn  (cost=0.42..0.48 rows=1 width=4) (actual time=0.002..0.002 rows=1 loops=373)
                          Index Cond: (id = mc.company_id)
                          Filter: ((country_code)::text = '[us]'::text)
                          Rows Removed by Filter: 0
              ->  Index Scan using title_pkey on title t  (cost=0.43..0.65 rows=1 width=21) (actual time=0.002..0.002 rows=0 loops=359)
                    Index Cond: (id = ci.movie_id)
                    Filter: ((production_year >= 2005) AND (production_year <= 2015))
                    Rows Removed by Filter: 1
        ->  Index Scan using char_name_pkey on char_name chn  (cost=0.43..0.66 rows=1 width=20) (actual time=0.002..0.002 rows=1 loops=127)
              Index Cond: (id = ci.person_role_id)
Planning time: 3.628 ms
Execution time: 2458.669 ms
