Aggregate  (cost=172361.22..172361.23 rows=1 width=96) (actual time=892.472..892.472 rows=1 loops=1)
  ->  Hash Join  (cost=31679.65..172360.31 rows=121 width=49) (actual time=554.356..892.394 rows=121 loops=1)
        Hash Cond: (ci.role_id = rt.id)
        ->  Nested Loop  (cost=31678.49..172357.71 rows=121 width=53) (actual time=554.342..892.330 rows=121 loops=1)
              ->  Nested Loop  (cost=31678.07..172300.55 rows=123 width=57) (actual time=554.329..891.981 rows=123 loops=1)
                    ->  Nested Loop  (cost=31677.64..172215.37 rows=130 width=45) (actual time=553.269..891.620 rows=130 loops=1)
                          Join Filter: (ci.movie_id = mc.movie_id)
                          ->  Nested Loop  (cost=31677.21..172114.82 rows=155 width=49) (actual time=553.050..890.830 rows=155 loops=1)
                                ->  Nested Loop  (cost=31676.78..171838.37 rows=425 width=28) (actual time=551.990..889.575 rows=425 loops=1)
                                      Join Filter: (n.id = ci.person_id)
                                      ->  Hash Join  (cost=31676.22..150848.34 rows=1558 width=24) (actual time=547.295..873.069 rows=1558 loops=1)
                                            Hash Cond: (n.id = an.person_id)
                                            ->  Seq Scan on name n  (cost=0.00..118125.36 rows=6768 width=4) (actual time=249.339..574.041 rows=6768 loops=1)
                                                  Filter: ((name ~~ '%Ang%'::text) AND ((gender)::text = 'f'::text))
                                                  Rows Removed by Filter: 4160723
                                            ->  Hash  (cost=20409.43..20409.43 rows=901343 width=20) (actual time=294.908..294.908 rows=901343 loops=1)
                                                  Buckets: 1048576  Batches: 1  Memory Usage: 55917kB
                                                  ->  Seq Scan on aka_name an  (cost=0.00..20409.43 rows=901343 width=20) (actual time=0.006..123.688 rows=901343 loops=1)
                                      ->  Index Scan using person_id_cast_info on cast_info ci  (cost=0.56..13.31 rows=13 width=16) (actual time=0.009..0.010 rows=0 loops=1558)
                                            Index Cond: (person_id = an.person_id)
                                            Filter: (note = ANY ('{(voice),"(voice: Japanese version)","(voice) (uncredited)","(voice: English version)"}'::text[]))
                                            Rows Removed by Filter: 44
                                ->  Index Scan using title_pkey on title t  (cost=0.43..0.65 rows=1 width=21) (actual time=0.003..0.003 rows=0 loops=425)
                                      Index Cond: (id = ci.movie_id)
                                      Filter: ((production_year >= 2005) AND (production_year <= 2015))
                                      Rows Removed by Filter: 1
                          ->  Index Scan using movie_id_movie_companies on movie_companies mc  (cost=0.43..0.64 rows=1 width=8) (actual time=0.004..0.005 rows=1 loops=155)
                                Index Cond: (movie_id = t.id)
                                Filter: ((note IS NOT NULL) AND ((note ~~ '%(USA)%'::text) OR (note ~~ '%(worldwide)%'::text)))
                                Rows Removed by Filter: 5
                    ->  Index Scan using char_name_pkey on char_name chn  (cost=0.43..0.66 rows=1 width=20) (actual time=0.002..0.002 rows=1 loops=130)
                          Index Cond: (id = ci.person_role_id)
              ->  Index Scan using company_name_pkey on company_name cn  (cost=0.42..0.46 rows=1 width=4) (actual time=0.002..0.002 rows=1 loops=123)
                    Index Cond: (id = mc.company_id)
                    Filter: ((country_code)::text = '[us]'::text)
                    Rows Removed by Filter: 0
        ->  Hash  (cost=1.15..1.15 rows=1 width=4) (actual time=0.007..0.007 rows=1 loops=1)
              Buckets: 1024  Batches: 1  Memory Usage: 9kB
              ->  Seq Scan on role_type rt  (cost=0.00..1.15 rows=1 width=4) (actual time=0.005..0.006 rows=1 loops=1)
                    Filter: ((role)::text = 'actress'::text)
                    Rows Removed by Filter: 11
Planning time: 3.374 ms
Execution time: 892.675 ms
