Aggregate  (cost=169569.57..169569.58 rows=1 width=128) (actual time=2161.411..2161.411 rows=1 loops=1)
  ->  Nested Loop  (cost=3.13..169569.56 rows=1 width=64) (actual time=108.457..2161.361 rows=40 loops=1)
        ->  Nested Loop  (cost=2.70..169568.84 rows=1 width=55) (actual time=44.217..2161.024 rows=94 loops=1)
              ->  Nested Loop  (cost=2.28..169568.33 rows=1 width=59) (actual time=44.209..2160.694 rows=94 loops=1)
                    ->  Nested Loop  (cost=1.85..169567.60 rows=1 width=47) (actual time=44.201..2160.356 rows=103 loops=1)
                          ->  Nested Loop  (cost=1.42..169557.55 rows=14 width=39) (actual time=44.191..2158.984 rows=265 loops=1)
                                Join Filter: (ci.person_id = n.id)
                                ->  Nested Loop  (cost=0.99..160352.97 rows=11817 width=32) (actual time=0.251..1525.217 rows=408470 loops=1)
                                      ->  Nested Loop  (cost=0.56..125657.82 rows=61774 width=12) (actual time=0.101..1102.381 rows=222686 loops=1)
                                            ->  Seq Scan on role_type rt  (cost=0.00..18.88 rows=1 width=4) (actual time=0.006..0.010 rows=1 loops=1)
                                                  Filter: ((role)::text = 'actress'::text)
                                                  Rows Removed by Filter: 11
                                            ->  Index Scan using role_id_cast_info on cast_info ci  (cost=0.56..125014.01 rows=62494 width=16) (actual time=0.094..1080.011 rows=222686 loops=1)
                                                  Index Cond: (role_id = rt.id)
                                                  Filter: (note = '(voice)'::text)
                                                  Rows Removed by Filter: 7229287
                                      ->  Index Scan using person_id_aka_name on aka_name an  (cost=0.42..0.54 rows=2 width=20) (actual time=0.001..0.001 rows=2 loops=222686)
                                            Index Cond: (person_id = ci.person_id)
                                ->  Index Scan using name_pkey on name n  (cost=0.43..0.77 rows=1 width=19) (actual time=0.001..0.001 rows=0 loops=408470)
                                      Index Cond: (id = an.person_id)
                                      Filter: ((name ~~ '%Angel%'::text) AND ((gender)::text = 'f'::text))
                                      Rows Removed by Filter: 1
                          ->  Index Scan using movie_id_movie_companies on movie_companies mc  (cost=0.43..0.71 rows=1 width=8) (actual time=0.004..0.005 rows=0 loops=265)
                                Index Cond: (movie_id = ci.movie_id)
                                Filter: ((note ~~ '%(200%)%'::text) AND ((note ~~ '%(USA)%'::text) OR (note ~~ '%(worldwide)%'::text)))
                                Rows Removed by Filter: 4
                    ->  Index Scan using char_name_pkey on char_name chn  (cost=0.43..0.73 rows=1 width=20) (actual time=0.003..0.003 rows=1 loops=103)
                          Index Cond: (id = ci.person_role_id)
              ->  Index Scan using company_name_pkey on company_name cn  (cost=0.42..0.52 rows=1 width=4) (actual time=0.003..0.003 rows=1 loops=94)
                    Index Cond: (id = mc.company_id)
                    Filter: ((country_code)::text = '[us]'::text)
        ->  Index Scan using title_pkey on title t  (cost=0.43..0.72 rows=1 width=21) (actual time=0.003..0.003 rows=0 loops=94)
              Index Cond: (id = ci.movie_id)
              Filter: ((production_year >= 2007) AND (production_year <= 2010))
              Rows Removed by Filter: 1
Planning time: 3.648 ms
Execution time: 2161.490 ms
