Aggregate  (cost=192088.70..192088.71 rows=1 width=128) (actual time=2595.531..2595.531 rows=1 loops=1)
  ->  Nested Loop  (cost=3.13..192085.72 rows=298 width=64) (actual time=24.838..2591.958 rows=8144 loops=1)
        Join Filter: (ci.movie_id = t.id)
        ->  Nested Loop  (cost=2.70..191928.09 rows=298 width=55) (actual time=24.828..2576.103 rows=8144 loops=1)
              ->  Nested Loop  (cost=2.28..191512.52 rows=932 width=59) (actual time=18.652..2538.567 rows=18345 loops=1)
                    ->  Nested Loop  (cost=1.85..190942.62 rows=833 width=51) (actual time=18.643..2516.688 rows=7726 loops=1)
                          ->  Nested Loop  (cost=1.42..189806.40 rows=1717 width=39) (actual time=18.590..2491.292 rows=8204 loops=1)
                                ->  Nested Loop  (cost=0.99..177884.64 rows=15472 width=32) (actual time=0.289..1728.070 rows=503508 loops=1)
                                      ->  Nested Loop  (cost=0.56..134018.14 rows=80881 width=12) (actual time=0.122..1223.568 rows=276166 loops=1)
                                            ->  Seq Scan on role_type rt  (cost=0.00..18.88 rows=1 width=4) (actual time=0.006..0.009 rows=1 loops=1)
                                                  Filter: ((role)::text = 'actress'::text)
                                                  Rows Removed by Filter: 11
                                            ->  Index Scan using role_id_cast_info on cast_info ci  (cost=0.56..133251.31 rows=74795 width=16) (actual time=0.115..1196.195 rows=276166 loops=1)
                                                  Index Cond: (role_id = rt.id)
                                                  Filter: (note = ANY ('{(voice),"(voice: Japanese version)","(voice) (uncredited)","(voice: English version)"}'::text[]))
                                                  Rows Removed by Filter: 7175807
                                      ->  Index Scan using person_id_aka_name on aka_name an  (cost=0.42..0.52 rows=2 width=20) (actual time=0.001..0.001 rows=2 loops=276166)
                                            Index Cond: (person_id = ci.person_id)
                                ->  Index Scan using name_pkey on name n  (cost=0.43..0.77 rows=1 width=19) (actual time=0.001..0.001 rows=0 loops=503508)
                                      Index Cond: (id = ci.person_id)
                                      Filter: ((name ~~ '%An%'::text) AND ((gender)::text = 'f'::text))
                                      Rows Removed by Filter: 1
                          ->  Index Scan using char_name_pkey on char_name chn  (cost=0.43..0.66 rows=1 width=20) (actual time=0.003..0.003 rows=1 loops=8204)
                                Index Cond: (id = ci.person_role_id)
                    ->  Index Scan using movie_id_movie_companies on movie_companies mc  (cost=0.43..0.63 rows=5 width=8) (actual time=0.002..0.002 rows=2 loops=7726)
                          Index Cond: (movie_id = ci.movie_id)
              ->  Index Scan using company_name_pkey on company_name cn  (cost=0.42..0.45 rows=1 width=4) (actual time=0.002..0.002 rows=0 loops=18345)
                    Index Cond: (id = mc.company_id)
                    Filter: ((country_code)::text = '[us]'::text)
                    Rows Removed by Filter: 1
        ->  Index Scan using title_pkey on title t  (cost=0.43..0.52 rows=1 width=21) (actual time=0.002..0.002 rows=1 loops=8144)
              Index Cond: (id = mc.movie_id)
Planning time: 3.413 ms
Execution time: 2595.597 ms
