Aggregate  (cost=78154.84..78154.85 rows=1 width=64) (actual time=266.355..266.355 rows=1 loops=1)
  ->  Nested Loop  (cost=1.85..78154.73 rows=21 width=33) (actual time=1.850..266.257 rows=104 loops=1)
        ->  Nested Loop  (cost=1.42..78099.44 rows=12 width=21) (actual time=1.843..265.668 rows=112 loops=1)
              Join Filter: (ci.role_id = rt.id)
              Rows Removed by Join Filter: 39
              ->  Seq Scan on role_type rt  (cost=0.00..1.15 rows=1 width=4) (actual time=0.004..0.006 rows=1 loops=1)
                    Filter: ((role)::text = 'actor'::text)
                    Rows Removed by Filter: 11
              ->  Nested Loop  (cost=1.42..78096.40 rows=151 width=25) (actual time=1.838..265.624 rows=151 loops=1)
                    Join Filter: (t.id = ci.movie_id)
                    ->  Nested Loop  (cost=0.86..71308.63 rows=3522 width=25) (actual time=0.078..69.565 rows=4539 loops=1)
                          Join Filter: (mc.company_type_id = ct.id)
                          Rows Removed by Join Filter: 2030
                          ->  Nested Loop  (cost=0.86..71076.10 rows=4539 width=29) (actual time=0.075..67.637 rows=4539 loops=1)
                                ->  Nested Loop  (cost=0.43..66514.32 rows=8790 width=8) (actual time=0.018..37.391 rows=8790 loops=1)
                                      ->  Seq Scan on company_name cn  (cost=0.00..5932.46 rows=1361 width=4) (actual time=0.010..24.651 rows=1361 loops=1)
                                            Filter: ((country_code)::text = '[ru]'::text)
                                            Rows Removed by Filter: 233636
                                      ->  Index Scan using company_id_movie_companies on movie_companies mc  (cost=0.43..43.19 rows=132 width=12) (actual time=0.003..0.008 rows=6 loops=1361)
                                            Index Cond: (company_id = cn.id)
                                ->  Index Scan using title_pkey on title t  (cost=0.43..0.52 rows=1 width=21) (actual time=0.003..0.003 rows=1 loops=8790)
                                      Index Cond: (id = mc.movie_id)
                                      Filter: (production_year > 2005)
                                      Rows Removed by Filter: 0
                          ->  Materialize  (cost=0.00..1.06 rows=4 width=4) (actual time=0.000..0.000 rows=1 loops=4539)
                                ->  Seq Scan on company_type ct  (cost=0.00..1.04 rows=4 width=4) (actual time=0.001..0.001 rows=2 loops=1)
                    ->  Index Scan using movie_id_cast_info on cast_info ci  (cost=0.56..1.91 rows=1 width=12) (actual time=0.041..0.043 rows=0 loops=4539)
                          Index Cond: (movie_id = mc.movie_id)
                          Filter: ((note ~~ '%(voice)%'::text) AND (note ~~ '%(uncredited)%'::text))
                          Rows Removed by Filter: 50
        ->  Index Scan using char_name_pkey on char_name chn  (cost=0.43..4.61 rows=1 width=20) (actual time=0.005..0.005 rows=1 loops=112)
              Index Cond: (id = ci.person_role_id)
Planning time: 1.666 ms
Execution time: 266.409 ms
