Aggregate  (cost=13752.07..13752.08 rows=1 width=96) (actual time=161.448..161.448 rows=1 loops=1)
  ->  Nested Loop  (cost=9757.11..13752.07 rows=1 width=60) (actual time=74.886..158.674 rows=6946 loops=1)
        Join Filter: (ml.movie_id = t.id)
        ->  Nested Loop  (cost=9756.68..13751.57 rows=1 width=55) (actual time=74.876..146.869 rows=6946 loops=1)
              ->  Nested Loop  (cost=9756.54..13751.41 rows=1 width=59) (actual time=74.846..140.626 rows=6946 loops=1)
                    ->  Merge Join  (cost=9756.12..13717.63 rows=74 width=44) (actual time=72.505..116.126 rows=14916 loops=1)
                          Merge Cond: (mk.movie_id = ml.movie_id)
                          ->  Nested Loop  (cost=9753.73..151499.93 rows=242 width=36) (actual time=72.455..102.951 rows=944 loops=1)
                                Join Filter: (mc.company_type_id = ct.id)
                                Rows Removed by Join Filter: 336
                                ->  Merge Join  (cost=9753.73..146515.10 rows=126572 width=40) (actual time=72.443..102.516 rows=1056 loops=1)
                                      Merge Cond: (mc.movie_id = mk.movie_id)
                                      ->  Index Scan using movie_id_movie_companies on movie_companies mc  (cost=0.43..131530.78 rows=1337140 width=36) (actual time=0.008..25.678 rows=50865 loops=1)
                                            Filter: (note IS NOT NULL)
                                            Rows Removed by Filter: 49323
                                      ->  Sort  (cost=9743.01..9861.52 rows=47403 width=4) (actual time=72.223..72.338 rows=1249 loops=1)
                                            Sort Key: mk.movie_id
                                            Sort Method: quicksort  Memory: 3759kB
                                            ->  Nested Loop  (cost=6.74..6061.53 rows=47403 width=4) (actual time=2.101..61.033 rows=47403 loops=1)
                                                  ->  Seq Scan on keyword k  (cost=0.00..2793.84 rows=3 width=4) (actual time=0.614..14.163 rows=3 loops=1)
                                                        Filter: (keyword = ANY ('{sequel,revenge,based-on-novel}'::text[]))
                                                        Rows Removed by Filter: 134167
                                                  ->  Bitmap Heap Scan on movie_keyword mk  (cost=6.74..1086.25 rows=298 width=8) (actual time=2.265..13.228 rows=15801 loops=3)
                                                        Recheck Cond: (keyword_id = k.id)
                                                        Heap Blocks: exact=23953
                                                        ->  Bitmap Index Scan on keyword_id_movie_keyword  (cost=0.00..6.67 rows=298 width=0) (actual time=1.281..1.281 rows=15801 loops=3)
                                                              Index Cond: (keyword_id = k.id)
                                ->  Materialize  (cost=0.00..1.06 rows=3 width=4) (actual time=0.000..0.000 rows=1 loops=1056)
                                      ->  Seq Scan on company_type ct  (cost=0.00..1.05 rows=3 width=4) (actual time=0.006..0.008 rows=3 loops=1)
                                            Filter: ((kind IS NOT NULL) AND ((kind)::text <> 'production companies'::text))
                                            Rows Removed by Filter: 1
                          ->  Index Scan using movie_id_movie_link on movie_link ml  (cost=0.29..959.51 rows=29997 width=8) (actual time=0.011..7.166 rows=43899 loops=1)
                    ->  Index Scan using company_name_pkey on company_name cn  (cost=0.42..0.46 rows=1 width=23) (actual time=0.001..0.001 rows=0 loops=14916)
                          Index Cond: (id = mc.company_id)
                          Filter: (((country_code)::text <> '[pl]'::text) AND ((name ~~ '20th Century Fox%'::text) OR (name ~~ 'Twentieth Century Fox%'::text)))
                          Rows Removed by Filter: 1
              ->  Index Only Scan using link_type_pkey on link_type lt  (cost=0.14..0.16 rows=1 width=4) (actual time=0.000..0.000 rows=1 loops=6946)
                    Index Cond: (id = ml.link_type_id)
                    Heap Fetches: 0
        ->  Index Scan using title_pkey on title t  (cost=0.43..0.49 rows=1 width=21) (actual time=0.001..0.001 rows=1 loops=6946)
              Index Cond: (id = mk.movie_id)
              Filter: (production_year > 1950)
Planning time: 3.292 ms
Execution time: 161.523 ms
