Aggregate  (cost=26475.10..26475.11 rows=1 width=64) (actual time=0.377..0.377 rows=1 loops=1)
  ->  Nested Loop  (cost=5173.33..26475.09 rows=1 width=59) (actual time=0.109..0.369 rows=10 loops=1)
        ->  Nested Loop  (cost=5172.91..26474.65 rows=1 width=63) (actual time=0.104..0.281 rows=33 loops=1)
              ->  Nested Loop  (cost=5172.78..26474.33 rows=2 width=67) (actual time=0.102..0.244 rows=33 loops=1)
                    Join Filter: (t.id = mc.movie_id)
                    ->  Nested Loop  (cost=5172.35..26473.74 rows=1 width=71) (actual time=0.097..0.219 rows=2 loops=1)
                          Join Filter: (mi.info_type_id = it1.id)
                          Rows Removed by Join Filter: 219
                          ->  Seq Scan on info_type it1  (cost=0.00..2.41 rows=1 width=4) (actual time=0.010..0.011 rows=1 loops=1)
                                Filter: ((info)::text = 'budget'::text)
                                Rows Removed by Filter: 112
                          ->  Nested Loop  (cost=5172.35..26470.83 rows=40 width=75) (actual time=0.054..0.188 rows=221 loops=1)
                                Join Filter: (t.id = mi.movie_id)
                                ->  Nested Loop  (cost=5171.91..26468.57 rows=1 width=25) (actual time=0.048..0.063 rows=2 loops=1)
                                      ->  Nested Loop  (cost=5171.48..19319.05 rows=12213 width=4) (actual time=0.015..0.019 rows=10 loops=1)
                                            ->  Seq Scan on info_type it2  (cost=0.00..2.41 rows=1 width=4) (actual time=0.007..0.008 rows=1 loops=1)
                                                  Filter: ((info)::text = 'bottom 10 rank'::text)
                                                  Rows Removed by Filter: 112
                                            ->  Bitmap Heap Scan on movie_info_idx mi_idx  (cost=5171.48..16556.57 rows=276007 width=8) (actual time=0.007..0.008 rows=10 loops=1)
                                                  Recheck Cond: (info_type_id = it2.id)
                                                  Heap Blocks: exact=1
                                                  ->  Bitmap Index Scan on info_type_id_movie_info_idx  (cost=0.00..5102.48 rows=276007 width=0) (actual time=0.004..0.004 rows=10 loops=1)
                                                        Index Cond: (info_type_id = it2.id)
                                      ->  Index Scan using title_pkey on title t  (cost=0.43..0.59 rows=1 width=21) (actual time=0.004..0.004 rows=0 loops=10)
                                            Index Cond: (id = mi_idx.movie_id)
                                            Filter: ((production_year > 2000) AND ((title ~~ 'Birdemic%'::text) OR (title ~~ '%Movie%'::text)))
                                            Rows Removed by Filter: 1
                                ->  Index Scan using movie_id_movie_info on movie_info mi  (cost=0.43..1.74 rows=41 width=50) (actual time=0.005..0.038 rows=110 loops=2)
                                      Index Cond: (movie_id = mi_idx.movie_id)
                    ->  Index Scan using movie_id_movie_companies on movie_companies mc  (cost=0.43..0.52 rows=5 width=12) (actual time=0.004..0.008 rows=16 loops=2)
                          Index Cond: (movie_id = mi.movie_id)
              ->  Index Scan using company_type_pkey on company_type ct  (cost=0.13..0.15 rows=1 width=4) (actual time=0.001..0.001 rows=1 loops=33)
                    Index Cond: (id = mc.company_type_id)
                    Filter: ((kind IS NOT NULL) AND (((kind)::text = 'production companies'::text) OR ((kind)::text = 'distributors'::text)))
        ->  Index Scan using company_name_pkey on company_name cn  (cost=0.42..0.45 rows=1 width=4) (actual time=0.002..0.002 rows=0 loops=33)
              Index Cond: (id = mc.company_id)
              Filter: ((country_code)::text = '[us]'::text)
              Rows Removed by Filter: 1
Planning time: 3.402 ms
Execution time: 0.430 ms
