Aggregate  (cost=114123.45..114123.46 rows=1 width=96) (actual time=1762.517..1762.517 rows=1 loops=1)
  ->  Nested Loop  (cost=92155.28..114123.44 rows=2 width=42) (actual time=973.459..1760.637 rows=4711 loops=1)
        Join Filter: (mi.info_type_id = it1.id)
        ->  Seq Scan on info_type it1  (cost=0.00..2.41 rows=1 width=4) (actual time=0.005..0.013 rows=1 loops=1)
              Filter: ((info)::text = 'genres'::text)
              Rows Removed by Filter: 112
        ->  Nested Loop  (cost=92155.28..114117.44 rows=287 width=46) (actual time=973.451..1759.733 rows=4711 loops=1)
              Join Filter: (t.id = mi.movie_id)
              ->  Nested Loop  (cost=92154.85..113435.07 rows=406 width=54) (actual time=972.983..1320.388 rows=42332 loops=1)
                    Join Filter: (mi_idx.movie_id = t.id)
                    ->  Hash Join  (cost=92154.42..112909.64 rows=984 width=33) (actual time=972.962..1139.251 rows=91314 loops=1)
                          Hash Cond: (mi_idx.movie_id = mc.movie_id)
                          ->  Nested Loop  (cost=5111.96..17568.63 rows=121572 width=10) (actual time=16.264..131.824 rows=121572 loops=1)
                                ->  Seq Scan on info_type it2  (cost=0.00..2.41 rows=1 width=4) (actual time=0.007..0.010 rows=1 loops=1)
                                      Filter: ((info)::text = 'rating'::text)
                                      Rows Removed by Filter: 112
                                ->  Bitmap Heap Scan on movie_info_idx mi_idx  (cost=5111.96..17187.06 rows=37915 width=14) (actual time=16.255..115.178 rows=121572 loops=1)
                                      Recheck Cond: (info_type_id = it2.id)
                                      Filter: (info > '7.0'::text)
                                      Rows Removed by Filter: 338353
                                      Heap Blocks: exact=7934
                                      ->  Bitmap Index Scan on info_type_id_movie_info_idx  (cost=0.00..5102.48 rows=276007 width=0) (actual time=15.173..15.173 rows=459925 loops=1)
                                            Index Cond: (info_type_id = it2.id)
                          ->  Hash  (cost=83436.83..83436.83 rows=288450 width=23) (actual time=956.082..956.082 rows=552328 loops=1)
                                Buckets: 1048576 (originally 524288)  Batches: 1 (originally 1)  Memory Usage: 40120kB
                                ->  Hash Join  (cost=6993.43..83436.83 rows=288450 width=23) (actual time=55.735..800.211 rows=552328 loops=1)
                                      Hash Cond: (mc.company_id = cn.id)
                                      ->  Nested Loop  (cost=0.43..59590.99 rows=1334883 width=8) (actual time=0.023..456.415 rows=1334883 loops=1)
                                            ->  Seq Scan on company_type ct  (cost=0.00..1.05 rows=1 width=4) (actual time=0.006..0.009 rows=1 loops=1)
                                                  Filter: ((kind)::text = 'production companies'::text)
                                                  Rows Removed by Filter: 3
                                            ->  Index Scan using company_type_id_movie_companies on movie_companies mc  (cost=0.43..46544.30 rows=1304564 width=12) (actual time=0.014..244.082 rows=1334883 loops=1)
                                                  Index Cond: (company_type_id = ct.id)
                                      ->  Hash  (cost=5932.46..5932.46 rows=84843 width=23) (actual time=55.559..55.559 rows=84843 loops=1)
                                            Buckets: 131072  Batches: 1  Memory Usage: 5810kB
                                            ->  Seq Scan on company_name cn  (cost=0.00..5932.46 rows=84843 width=23) (actual time=0.004..35.326 rows=84843 loops=1)
                                                  Filter: ((country_code)::text = '[us]'::text)
                                                  Rows Removed by Filter: 150154
                    ->  Index Scan using title_pkey on title t  (cost=0.43..0.52 rows=1 width=21) (actual time=0.002..0.002 rows=0 loops=91314)
                          Index Cond: (id = mc.movie_id)
                          Filter: ((production_year >= 2000) AND (production_year <= 2010))
                          Rows Removed by Filter: 1
              ->  Index Scan using movie_id_movie_info on movie_info mi  (cost=0.43..1.67 rows=1 width=8) (actual time=0.010..0.010 rows=0 loops=42332)
                    Index Cond: (movie_id = mc.movie_id)
                    Filter: (info = ANY ('{Drama,Horror,Western,Family}'::text[]))
                    Rows Removed by Filter: 29
Planning time: 3.341 ms
Execution time: 1763.612 ms
