Aggregate  (cost=28907.31..28907.32 rows=1 width=96) (actual time=2952.039..2952.039 rows=1 loops=1)
  ->  Nested Loop  (cost=5175.36..28907.11 rows=27 width=65) (actual time=415.070..2919.024 rows=111101 loops=1)
        Join Filter: (mi.info_type_id = it2.id)
        Rows Removed by Join Filter: 405226
        ->  Seq Scan on info_type it2  (cost=0.00..2.41 rows=1 width=4) (actual time=0.007..0.013 rows=1 loops=1)
              Filter: ((info)::text = 'release dates'::text)
              Rows Removed by Filter: 112
        ->  Nested Loop  (cost=5175.36..28866.77 rows=3034 width=69) (actual time=415.057..2870.156 rows=516327 loops=1)
              ->  Nested Loop  (cost=5174.92..28687.88 rows=95 width=35) (actual time=415.048..2600.678 rows=16470 loops=1)
                    ->  Hash Join  (cost=5174.50..27674.36 rows=2273 width=39) (actual time=414.722..1889.736 rows=302610 loops=1)
                          Hash Cond: (mc.company_type_id = ct.id)
                          ->  Nested Loop  (cost=5173.44..27578.70 rows=9091 width=43) (actual time=414.712..1777.256 rows=773084 loops=1)
                                ->  Hash Join  (cost=5173.01..26516.78 rows=1745 width=31) (actual time=414.692..1138.622 rows=209880 loops=1)
                                      Hash Cond: (t.kind_id = kt.id)
                                      ->  Nested Loop  (cost=5171.91..26376.97 rows=12213 width=35) (actual time=16.167..1062.972 rows=459925 loops=1)
                                            ->  Nested Loop  (cost=5171.48..19319.05 rows=12213 width=10) (actual time=16.155..165.653 rows=459925 loops=1)
                                                  ->  Seq Scan on info_type it  (cost=0.00..2.41 rows=1 width=4) (actual time=0.007..0.011 rows=1 loops=1)
                                                        Filter: ((info)::text = 'rating'::text)
                                                        Rows Removed by Filter: 112
                                                  ->  Bitmap Heap Scan on movie_info_idx miidx  (cost=5171.48..16556.57 rows=276007 width=14) (actual time=16.145..89.818 rows=459925 loops=1)
                                                        Recheck Cond: (info_type_id = it.id)
                                                        Heap Blocks: exact=7934
                                                        ->  Bitmap Index Scan on info_type_id_movie_info_idx  (cost=0.00..5102.48 rows=276007 width=0) (actual time=15.070..15.070 rows=459925 loops=1)
                                                              Index Cond: (info_type_id = it.id)
                                            ->  Index Scan using title_pkey on title t  (cost=0.43..0.58 rows=1 width=25) (actual time=0.002..0.002 rows=1 loops=459925)
                                                  Index Cond: (id = miidx.movie_id)
                                      ->  Hash  (cost=1.09..1.09 rows=1 width=4) (actual time=0.003..0.003 rows=1 loops=1)
                                            Buckets: 1024  Batches: 1  Memory Usage: 9kB
                                            ->  Seq Scan on kind_type kt  (cost=0.00..1.09 rows=1 width=4) (actual time=0.002..0.002 rows=1 loops=1)
                                                  Filter: ((kind)::text = 'movie'::text)
                                                  Rows Removed by Filter: 6
                                ->  Index Scan using movie_id_movie_companies on movie_companies mc  (cost=0.43..0.56 rows=5 width=12) (actual time=0.001..0.002 rows=4 loops=209880)
                                      Index Cond: (movie_id = t.id)
                          ->  Hash  (cost=1.05..1.05 rows=1 width=4) (actual time=0.004..0.004 rows=1 loops=1)
                                Buckets: 1024  Batches: 1  Memory Usage: 9kB
                                ->  Seq Scan on company_type ct  (cost=0.00..1.05 rows=1 width=4) (actual time=0.001..0.002 rows=1 loops=1)
                                      Filter: ((kind)::text = 'production companies'::text)
                                      Rows Removed by Filter: 3
                    ->  Index Scan using company_name_pkey on company_name cn  (cost=0.42..0.45 rows=1 width=4) (actual time=0.002..0.002 rows=0 loops=302610)
                          Index Cond: (id = mc.company_id)
                          Filter: ((country_code)::text = '[de]'::text)
                          Rows Removed by Filter: 1
              ->  Index Scan using movie_id_movie_info on movie_info mi  (cost=0.43..1.47 rows=41 width=50) (actual time=0.002..0.011 rows=31 loops=16470)
                    Index Cond: (movie_id = t.id)
Planning time: 4.972 ms
Execution time: 2952.124 ms
