Aggregate  (cost=26472.59..26472.60 rows=1 width=96) (actual time=1010.806..1010.806 rows=1 loops=1)
  ->  Nested Loop  (cost=5173.60..26472.58 rows=1 width=42) (actual time=500.215..1010.771 rows=53 loops=1)
        ->  Nested Loop  (cost=5173.46..26472.07 rows=3 width=46) (actual time=500.190..1010.518 rows=218 loops=1)
              Join Filter: (t.id = mi.movie_id)
              ->  Nested Loop  (cost=5173.02..26470.10 rows=1 width=54) (actual time=500.178..1010.309 rows=14 loops=1)
                    ->  Nested Loop  (cost=5172.89..26469.93 rows=1 width=58) (actual time=500.116..1010.247 rows=47 loops=1)
                          ->  Nested Loop  (cost=5172.47..26469.48 rows=1 width=43) (actual time=500.107..1009.903 rows=95 loops=1)
                                Join Filter: (t.id = mc.movie_id)
                                ->  Nested Loop  (cost=5172.04..26468.83 rows=1 width=31) (actual time=500.096..1009.776 rows=29 loops=1)
                                      ->  Nested Loop  (cost=5171.91..26468.57 rows=1 width=35) (actual time=21.397..1009.639 rows=66 loops=1)
                                            ->  Nested Loop  (cost=5171.48..19319.05 rows=12213 width=10) (actual time=16.122..160.321 rows=459925 loops=1)
                                                  ->  Seq Scan on info_type it  (cost=0.00..2.41 rows=1 width=4) (actual time=0.012..0.015 rows=1 loops=1)
                                                        Filter: ((info)::text = 'rating'::text)
                                                        Rows Removed by Filter: 112
                                                  ->  Bitmap Heap Scan on movie_info_idx miidx  (cost=5171.48..16556.57 rows=276007 width=14) (actual time=16.107..86.030 rows=459925 loops=1)
                                                        Recheck Cond: (info_type_id = it.id)
                                                        Heap Blocks: exact=7934
                                                        ->  Bitmap Index Scan on info_type_id_movie_info_idx  (cost=0.00..5102.48 rows=276007 width=0) (actual time=15.027..15.027 rows=459925 loops=1)
                                                              Index Cond: (info_type_id = it.id)
                                            ->  Index Scan using title_pkey on title t  (cost=0.43..0.59 rows=1 width=25) (actual time=0.002..0.002 rows=0 loops=459925)
                                                  Index Cond: (id = miidx.movie_id)
                                                  Filter: ((title <> ''::text) AND ((title ~~ 'Champion%'::text) OR (title ~~ 'Loser%'::text)))
                                                  Rows Removed by Filter: 1
                                      ->  Index Scan using kind_type_pkey on kind_type kt  (cost=0.13..0.19 rows=1 width=4) (actual time=0.001..0.001 rows=0 loops=66)
                                            Index Cond: (id = t.kind_id)
                                            Filter: ((kind)::text = 'movie'::text)
                                            Rows Removed by Filter: 1
                                ->  Index Scan using movie_id_movie_companies on movie_companies mc  (cost=0.43..0.59 rows=5 width=12) (actual time=0.002..0.003 rows=3 loops=29)
                                      Index Cond: (movie_id = miidx.movie_id)
                          ->  Index Scan using company_name_pkey on company_name cn  (cost=0.42..0.45 rows=1 width=23) (actual time=0.003..0.003 rows=0 loops=95)
                                Index Cond: (id = mc.company_id)
                                Filter: ((country_code)::text = '[us]'::text)
                                Rows Removed by Filter: 1
                    ->  Index Scan using company_type_pkey on company_type ct  (cost=0.13..0.15 rows=1 width=4) (actual time=0.001..0.001 rows=0 loops=47)
                          Index Cond: (id = mc.company_type_id)
                          Filter: ((kind)::text = 'production companies'::text)
                          Rows Removed by Filter: 1
              ->  Index Scan using movie_id_movie_info on movie_info mi  (cost=0.43..1.46 rows=41 width=8) (actual time=0.003..0.011 rows=16 loops=14)
                    Index Cond: (movie_id = mc.movie_id)
        ->  Index Scan using info_type_pkey on info_type it2  (cost=0.14..0.16 rows=1 width=4) (actual time=0.001..0.001 rows=0 loops=218)
              Index Cond: (id = mi.info_type_id)
              Filter: ((info)::text = 'release dates'::text)
              Rows Removed by Filter: 1
Planning time: 5.190 ms
Execution time: 1010.896 ms
