Aggregate  (cost=103167.78..103167.79 rows=1 width=64) (actual time=591.494..591.494 rows=1 loops=1)
  ->  Hash Join  (cost=69084.55..103161.40 rows=1277 width=59) (actual time=376.165..591.354 rows=328 loops=1)
        Hash Cond: (mc.company_type_id = ct.id)
        ->  Nested Loop  (cost=69083.46..103157.57 rows=263 width=63) (actual time=376.150..591.252 rows=328 loops=1)
              ->  Nested Loop  (cost=69083.04..103042.40 rows=263 width=67) (actual time=376.140..590.555 rows=328 loops=1)
                    ->  Nested Loop  (cost=69082.61..102939.56 rows=57 width=79) (actual time=375.778..590.198 rows=57 loops=1)
                          Join Filter: (mi.info_type_id = it1.id)
                          ->  Nested Loop  (cost=69082.61..102936.29 rows=57 width=83) (actual time=375.765..590.142 rows=57 loops=1)
                                ->  Nested Loop  (cost=69082.18..92902.70 rows=5134 width=33) (actual time=374.589..489.719 rows=5134 loops=1)
                                      ->  Merge Join  (cost=69081.75..79918.06 rows=13699 width=12) (actual time=374.574..458.784 rows=13699 loops=1)
                                            Merge Cond: (mc.movie_id = at.movie_id)
                                            ->  Sort  (cost=69078.25..69187.84 rows=43837 width=8) (actual time=374.528..378.017 rows=43837 loops=1)
                                                  Sort Key: mc.movie_id
                                                  Sort Method: quicksort  Memory: 3591kB
                                                  ->  Hash Join  (cost=6993.00..65698.44 rows=43837 width=8) (actual time=46.280..365.759 rows=43837 loops=1)
                                                        Hash Cond: (mc.company_id = cn.id)
                                                        ->  Seq Scan on movie_companies mc  (cost=0.00..57926.93 rows=61664 width=12) (actual time=0.005..303.822 rows=61664 loops=1)
                                                              Filter: ((note ~~ '%(200%)%'::text) AND (note ~~ '%(worldwide)%'::text))
                                                              Rows Removed by Filter: 2547465
                                                        ->  Hash  (cost=5932.46..5932.46 rows=84843 width=4) (actual time=46.124..46.124 rows=84843 loops=1)
                                                              Buckets: 131072  Batches: 1  Memory Usage: 4007kB
                                                              ->  Seq Scan on company_name cn  (cost=0.00..5932.46 rows=84843 width=4) (actual time=0.004..32.070 rows=84843 loops=1)
                                                                    Filter: ((country_code)::text = '[us]'::text)
                                                                    Rows Removed by Filter: 150154
                                            ->  Index Only Scan using movie_id_aka_title on aka_title at  (cost=0.42..9398.50 rows=361472 width=4) (actual time=0.020..44.673 rows=365191 loops=1)
                                                  Heap Fetches: 0
                                      ->  Index Scan using title_pkey on title t  (cost=0.43..0.95 rows=1 width=21) (actual time=0.002..0.002 rows=0 loops=13699)
                                            Index Cond: (id = at.movie_id)
                                            Filter: (production_year > 2000)
                                            Rows Removed by Filter: 1
                                ->  Index Scan using movie_id_movie_info on movie_info mi  (cost=0.43..1.94 rows=1 width=50) (actual time=0.019..0.019 rows=0 loops=5134)
                                      Index Cond: (movie_id = t.id)
                                      Filter: ((note ~~ '%internet%'::text) AND (info ~~ 'USA:% 200%'::text))
                                      Rows Removed by Filter: 72
                          ->  Materialize  (cost=0.00..2.42 rows=1 width=4) (actual time=0.000..0.000 rows=1 loops=57)
                                ->  Seq Scan on info_type it1  (cost=0.00..2.41 rows=1 width=4) (actual time=0.009..0.009 rows=1 loops=1)
                                      Filter: ((info)::text = 'release dates'::text)
                                      Rows Removed by Filter: 15
                    ->  Index Scan using movie_id_movie_keyword on movie_keyword mk  (cost=0.43..1.34 rows=46 width=8) (actual time=0.003..0.005 rows=6 loops=57)
                          Index Cond: (movie_id = t.id)
              ->  Index Only Scan using keyword_pkey on keyword k  (cost=0.42..0.44 rows=1 width=4) (actual time=0.002..0.002 rows=1 loops=328)
                    Index Cond: (id = mk.keyword_id)
                    Heap Fetches: 0
        ->  Hash  (cost=1.04..1.04 rows=4 width=4) (actual time=0.009..0.009 rows=4 loops=1)
              Buckets: 1024  Batches: 1  Memory Usage: 9kB
              ->  Seq Scan on company_type ct  (cost=0.00..1.04 rows=4 width=4) (actual time=0.006..0.007 rows=4 loops=1)
Planning time: 7.743 ms
Execution time: 591.592 ms
