Aggregate  (cost=7141.96..7141.97 rows=1 width=64) (actual time=26.525..26.526 rows=1 loops=1)
  ->  Nested Loop  (cost=2.57..7141.91 rows=10 width=59) (actual time=5.865..26.508 rows=37 loops=1)
        ->  Nested Loop  (cost=2.15..7125.71 rows=37 width=63) (actual time=5.855..26.411 rows=37 loops=1)
              ->  Nested Loop  (cost=1.72..7120.00 rows=3 width=75) (actual time=4.831..26.375 rows=3 loops=1)
                    Join Filter: (mi.info_type_id = it1.id)
                    ->  Seq Scan on info_type it1  (cost=0.00..2.41 rows=1 width=4) (actual time=0.008..0.015 rows=1 loops=1)
                          Filter: ((info)::text = 'release dates'::text)
                          Rows Removed by Filter: 112
                    ->  Nested Loop  (cost=1.72..7117.55 rows=3 width=79) (actual time=4.822..26.357 rows=3 loops=1)
                          Join Filter: (mc.company_type_id = ct.id)
                          ->  Nested Loop  (cost=1.72..7116.35 rows=3 width=83) (actual time=4.814..26.348 rows=3 loops=1)
                                ->  Nested Loop  (cost=1.28..7051.37 rows=26 width=33) (actual time=3.981..25.945 rows=26 loops=1)
                                      ->  Nested Loop  (cost=0.85..7025.71 rows=27 width=12) (actual time=3.972..25.817 rows=27 loops=1)
                                            ->  Nested Loop  (cost=0.43..6867.40 rows=278 width=8) (actual time=3.769..25.190 rows=278 loops=1)
                                                  ->  Seq Scan on company_name cn  (cost=0.00..6519.95 rows=1 width=4) (actual time=3.744..23.819 rows=1 loops=1)
                                                        Filter: (((country_code)::text = '[us]'::text) AND (name = 'YouTube'::text))
                                                        Rows Removed by Filter: 234996
                                                  ->  Index Scan using company_id_movie_companies on movie_companies mc  (cost=0.43..347.43 rows=1 width=12) (actual time=0.021..1.325 rows=278 loops=1)
                                                        Index Cond: (company_id = cn.id)
                                                        Filter: ((note ~~ '%(200%)%'::text) AND (note ~~ '%(worldwide)%'::text))
                                                        Rows Removed by Filter: 1180
                                            ->  Index Only Scan using movie_id_aka_title on aka_title at  (cost=0.42..0.54 rows=3 width=4) (actual time=0.002..0.002 rows=0 loops=278)
                                                  Index Cond: (movie_id = mc.movie_id)
                                                  Heap Fetches: 0
                                      ->  Index Scan using title_pkey on title t  (cost=0.43..0.95 rows=1 width=21) (actual time=0.004..0.004 rows=1 loops=27)
                                            Index Cond: (id = at.movie_id)
                                            Filter: ((production_year >= 2005) AND (production_year <= 2010))
                                            Rows Removed by Filter: 0
                                ->  Index Scan using movie_id_movie_info on movie_info mi  (cost=0.43..2.49 rows=1 width=50) (actual time=0.014..0.015 rows=0 loops=26)
                                      Index Cond: (movie_id = t.id)
                                      Filter: ((note ~~ '%internet%'::text) AND (info ~~ 'USA:% 200%'::text))
                                      Rows Removed by Filter: 19
                          ->  Materialize  (cost=0.00..1.06 rows=4 width=4) (actual time=0.002..0.002 rows=1 loops=3)
                                ->  Seq Scan on company_type ct  (cost=0.00..1.04 rows=4 width=4) (actual time=0.003..0.003 rows=1 loops=1)
              ->  Index Scan using movie_id_movie_keyword on movie_keyword mk  (cost=0.43..1.44 rows=46 width=8) (actual time=0.007..0.009 rows=12 loops=3)
                    Index Cond: (movie_id = t.id)
        ->  Index Only Scan using keyword_pkey on keyword k  (cost=0.42..0.44 rows=1 width=4) (actual time=0.002..0.002 rows=1 loops=37)
              Index Cond: (id = mk.keyword_id)
              Heap Fetches: 0
Planning time: 7.868 ms
Execution time: 26.605 ms
