Aggregate  (cost=183784.28..183784.29 rows=1 width=64) (actual time=505.606..505.606 rows=1 loops=1)
  ->  Hash Join  (cost=3976.66..183781.20 rows=615 width=59) (actual time=97.360..504.784 rows=2271 loops=1)
        Hash Cond: (mc.company_type_id = ct.id)
        ->  Nested Loop  (cost=3975.57..183773.72 rows=615 width=63) (actual time=97.346..504.140 rows=2271 loops=1)
              ->  Nested Loop  (cost=3975.15..183733.14 rows=91 width=67) (actual time=97.336..498.299 rows=3123 loops=1)
                    ->  Nested Loop  (cost=3974.73..183693.29 rows=91 width=71) (actual time=97.326..492.497 rows=3123 loops=1)
                          ->  Nested Loop  (cost=3974.29..183687.94 rows=3 width=83) (actual time=97.316..490.287 rows=400 loops=1)
                                Join Filter: (at.movie_id = t.id)
                                ->  Nested Loop  (cost=3973.86..183685.82 rows=4 width=62) (actual time=97.306..489.135 rows=400 loops=1)
                                      ->  Nested Loop  (cost=3973.43..183583.26 rows=120 width=50) (actual time=97.295..488.292 rows=120 loops=1)
                                            ->  Nested Loop  (cost=3973.01..178922.85 rows=1783 width=46) (actual time=96.196..484.526 rows=1783 loops=1)
                                                  ->  Seq Scan on info_type it1  (cost=0.00..2.41 rows=1 width=4) (actual time=0.005..0.013 rows=1 loops=1)
                                                        Filter: ((info)::text = 'release dates'::text)
                                                        Rows Removed by Filter: 112
                                                  ->  Bitmap Heap Scan on movie_info mi  (cost=3973.01..178920.38 rows=5 width=50) (actual time=96.190..484.166 rows=1783 loops=1)
                                                        Recheck Cond: (info_type_id = it1.id)
                                                        Filter: ((info IS NOT NULL) AND (note ~~ '%internet%'::text) AND ((info ~~ 'USA:% 199%'::text) OR (info ~~ 'USA:% 200%'::text)))
                                                        Rows Removed by Filter: 3034936
                                                        Heap Blocks: exact=25448
                                                        ->  Bitmap Index Scan on info_type_id_movie_info  (cost=0.00..3973.01 rows=215010 width=0) (actual time=92.388..92.388 rows=3036719 loops=1)
                                                              Index Cond: (info_type_id = it1.id)
                                            ->  Index Only Scan using movie_id_aka_title on aka_title at  (cost=0.42..2.58 rows=3 width=4) (actual time=0.002..0.002 rows=0 loops=1783)
                                                  Index Cond: (movie_id = mi.movie_id)
                                                  Heap Fetches: 0
                                      ->  Index Scan using movie_id_movie_companies on movie_companies mc  (cost=0.43..0.80 rows=5 width=12) (actual time=0.004..0.006 rows=3 loops=120)
                                            Index Cond: (movie_id = at.movie_id)
                                ->  Index Scan using title_pkey on title t  (cost=0.43..0.52 rows=1 width=21) (actual time=0.002..0.002 rows=1 loops=400)
                                      Index Cond: (id = mc.movie_id)
                                      Filter: (production_year > 1990)
                          ->  Index Scan using movie_id_movie_keyword on movie_keyword mk  (cost=0.43..1.32 rows=46 width=8) (actual time=0.002..0.004 rows=8 loops=400)
                                Index Cond: (movie_id = t.id)
                    ->  Index Only Scan using keyword_pkey on keyword k  (cost=0.42..0.44 rows=1 width=4) (actual time=0.001..0.001 rows=1 loops=3123)
                          Index Cond: (id = mk.keyword_id)
                          Heap Fetches: 0
              ->  Index Scan using company_name_pkey on company_name cn  (cost=0.42..0.45 rows=1 width=4) (actual time=0.002..0.002 rows=1 loops=3123)
                    Index Cond: (id = mc.company_id)
                    Filter: ((country_code)::text = '[us]'::text)
                    Rows Removed by Filter: 0
        ->  Hash  (cost=1.04..1.04 rows=4 width=4) (actual time=0.007..0.007 rows=4 loops=1)
              Buckets: 1024  Batches: 1  Memory Usage: 9kB
              ->  Seq Scan on company_type ct  (cost=0.00..1.04 rows=4 width=4) (actual time=0.004..0.005 rows=4 loops=1)
Planning time: 7.956 ms
Execution time: 505.690 ms
