Aggregate  (cost=180425.04..180425.05 rows=1 width=64) (actual time=717.231..717.231 rows=1 loops=1)
  ->  Nested Loop  (cost=3976.69..180404.31 rows=4147 width=39) (actual time=98.366..714.118 rows=11347 loops=1)
        Join Filter: (t.id = at.movie_id)
        ->  Nested Loop  (cost=3976.27..179581.41 rows=1586 width=33) (actual time=96.732..673.869 rows=25564 loops=1)
              ->  Nested Loop  (cost=3975.85..178886.84 rows=1586 width=37) (actual time=96.723..627.176 rows=25564 loops=1)
                    ->  Hash Join  (cost=3975.41..178664.12 rows=125 width=29) (actual time=96.715..595.233 rows=9857 loops=1)
                          Hash Cond: (mc.company_type_id = ct.id)
                          ->  Nested Loop  (cost=3974.32..178661.73 rows=125 width=33) (actual time=96.701..592.362 rows=9857 loops=1)
                                ->  Nested Loop  (cost=3973.90..178507.45 rows=346 width=37) (actual time=96.692..550.069 rows=14377 loops=1)
                                      ->  Nested Loop  (cost=3973.47..178466.08 rows=66 width=25) (actual time=96.683..513.323 rows=10662 loops=1)
                                            ->  Nested Loop  (cost=3973.04..177849.15 rows=96 width=4) (actual time=96.668..477.491 rows=10679 loops=1)
                                                  ->  Seq Scan on info_type it1  (cost=0.00..2.41 rows=1 width=4) (actual time=0.005..0.015 rows=1 loops=1)
                                                        Filter: ((info)::text = 'release dates'::text)
                                                        Rows Removed by Filter: 112
                                                  ->  Bitmap Heap Scan on movie_info mi  (cost=3973.04..177845.37 rows=137 width=8) (actual time=96.661..475.606 rows=10679 loops=1)
                                                        Recheck Cond: (info_type_id = it1.id)
                                                        Filter: (note ~~ '%internet%'::text)
                                                        Rows Removed by Filter: 3026040
                                                        Heap Blocks: exact=25448
                                                        ->  Bitmap Index Scan on info_type_id_movie_info  (cost=0.00..3973.01 rows=215010 width=0) (actual time=92.998..92.998 rows=3036719 loops=1)
                                                              Index Cond: (info_type_id = it1.id)
                                            ->  Index Scan using title_pkey on title t  (cost=0.43..6.43 rows=1 width=21) (actual time=0.003..0.003 rows=1 loops=10679)
                                                  Index Cond: (id = mi.movie_id)
                                                  Filter: (production_year > 1990)
                                                  Rows Removed by Filter: 0
                                      ->  Index Scan using movie_id_movie_companies on movie_companies mc  (cost=0.43..0.58 rows=5 width=12) (actual time=0.002..0.003 rows=1 loops=10662)
                                            Index Cond: (movie_id = t.id)
                                ->  Index Scan using company_name_pkey on company_name cn  (cost=0.42..0.45 rows=1 width=4) (actual time=0.003..0.003 rows=1 loops=14377)
                                      Index Cond: (id = mc.company_id)
                                      Filter: ((country_code)::text = '[us]'::text)
                                      Rows Removed by Filter: 0
                          ->  Hash  (cost=1.04..1.04 rows=4 width=4) (actual time=0.007..0.007 rows=4 loops=1)
                                Buckets: 1024  Batches: 1  Memory Usage: 9kB
                                ->  Seq Scan on company_type ct  (cost=0.00..1.04 rows=4 width=4) (actual time=0.004..0.005 rows=4 loops=1)
                    ->  Index Scan using movie_id_movie_keyword on movie_keyword mk  (cost=0.43..1.32 rows=46 width=8) (actual time=0.002..0.002 rows=3 loops=9857)
                          Index Cond: (movie_id = t.id)
              ->  Index Only Scan using keyword_pkey on keyword k  (cost=0.42..0.44 rows=1 width=4) (actual time=0.001..0.001 rows=1 loops=25564)
                    Index Cond: (id = mk.keyword_id)
                    Heap Fetches: 0
        ->  Index Scan using movie_id_aka_title on aka_title at  (cost=0.42..0.48 rows=3 width=26) (actual time=0.001..0.001 rows=0 loops=25564)
              Index Cond: (movie_id = mk.movie_id)
Planning time: 7.897 ms
Execution time: 717.314 ms
