Aggregate  (cost=463130.45..463130.46 rows=1 width=64) (actual time=7379.274..7379.274 rows=1 loops=1)
  ->  Hash Join  (cost=412408.43..444577.49 rows=3710592 width=33) (actual time=5673.238..6645.689 rows=3710592 loops=1)
        Hash Cond: (an.person_id = n.id)
        ->  Seq Scan on aka_name an  (cost=0.00..20409.43 rows=901343 width=20) (actual time=0.003..78.030 rows=901343 loops=1)
        ->  Hash  (cost=377001.49..377001.49 rows=2832555 width=25) (actual time=5664.791..5664.791 rows=2832555 loops=1)
              Buckets: 4194304  Batches: 1  Memory Usage: 200101kB
              ->  Hash Join  (cost=156382.71..377001.49 rows=2832555 width=25) (actual time=1637.825..5052.357 rows=2832555 loops=1)
                    Hash Cond: (ci.person_id = n.id)
                    ->  Nested Loop  (cost=7001.17..191858.95 rows=2832555 width=21) (actual time=54.417..2573.256 rows=2832555 loops=1)
                          Join Filter: (t.id = ci.movie_id)
                          ->  Hash Join  (cost=7000.60..58212.71 rows=68316 width=29) (actual time=54.308..418.332 rows=68316 loops=1)
                                Hash Cond: (mc.company_id = cn.id)
                                ->  Nested Loop  (cost=7.60..49344.25 rows=148552 width=33) (actual time=4.528..318.672 rows=148552 loops=1)
                                      Join Filter: (t.id = mc.movie_id)
                                      ->  Nested Loop  (cost=7.17..24117.16 rows=41840 width=25) (actual time=4.510..156.983 rows=41840 loops=1)
                                            ->  Nested Loop  (cost=6.74..3729.38 rows=41840 width=4) (actual time=4.499..43.349 rows=41840 loops=1)
                                                  ->  Seq Scan on keyword k  (cost=0.00..2626.12 rows=1 width=4) (actual time=0.412..8.551 rows=1 loops=1)
                                                        Filter: (keyword = 'character-name-in-title'::text)
                                                        Rows Removed by Filter: 134169
                                                  ->  Bitmap Heap Scan on movie_keyword mk  (cost=6.74..1100.27 rows=298 width=8) (actual time=4.084..27.684 rows=41840 loops=1)
                                                        Recheck Cond: (keyword_id = k.id)
                                                        Heap Blocks: exact=11541
                                                        ->  Bitmap Index Scan on keyword_id_movie_keyword  (cost=0.00..6.67 rows=298 width=0) (actual time=2.693..2.693 rows=41840 loops=1)
                                                              Index Cond: (keyword_id = k.id)
                                            ->  Index Scan using title_pkey on title t  (cost=0.43..0.49 rows=1 width=21) (actual time=0.002..0.002 rows=1 loops=41840)
                                                  Index Cond: (id = mk.movie_id)
                                      ->  Index Scan using movie_id_movie_companies on movie_companies mc  (cost=0.43..0.54 rows=5 width=8) (actual time=0.002..0.003 rows=4 loops=41840)
                                            Index Cond: (movie_id = mk.movie_id)
                                ->  Hash  (cost=5932.46..5932.46 rows=84843 width=4) (actual time=49.250..49.250 rows=84843 loops=1)
                                      Buckets: 131072  Batches: 1  Memory Usage: 4007kB
                                      ->  Seq Scan on company_name cn  (cost=0.00..5932.46 rows=84843 width=4) (actual time=0.007..33.503 rows=84843 loops=1)
                                            Filter: ((country_code)::text = '[us]'::text)
                                            Rows Removed by Filter: 150154
                          ->  Index Scan using movie_id_cast_info on cast_info ci  (cost=0.56..1.51 rows=36 width=8) (actual time=0.003..0.023 rows=41 loops=68316)
                                Index Cond: (movie_id = mk.movie_id)
                    ->  Hash  (cost=97287.91..97287.91 rows=4167491 width=4) (actual time=1574.957..1574.957 rows=4167491 loops=1)
                          Buckets: 4194304  Batches: 1  Memory Usage: 179282kB
                          ->  Seq Scan on name n  (cost=0.00..97287.91 rows=4167491 width=4) (actual time=0.008..615.244 rows=4167491 loops=1)
Planning time: 3.621 ms
Execution time: 7381.118 ms
