Aggregate  (cost=204175.01..204175.02 rows=1 width=64) (actual time=1694.309..1694.309 rows=1 loops=1)
  ->  Nested Loop  (cost=87937.39..204160.02 rows=2999 width=33) (actual time=539.399..1610.060 rows=319932 loops=1)
        Join Filter: (an.person_id = n.id)
        ->  Hash Join  (cost=87936.96..202775.47 rows=2999 width=41) (actual time=539.384..1150.957 rows=319932 loops=1)
              Hash Cond: (mc.company_id = cn.id)
              ->  Merge Join  (cost=80943.96..153946.86 rows=3313722 width=45) (actual time=492.548..1011.822 rows=424483 loops=1)
                    Merge Cond: (an.person_id = ci.person_id)
                    ->  Index Scan using person_id_aka_name on aka_name an  (cost=0.42..68913.66 rows=901343 width=20) (actual time=0.013..258.391 rows=772499 loops=1)
                    ->  Sort  (cost=80940.22..81764.74 rows=329808 width=25) (actual time=492.520..562.048 rows=554139 loops=1)
                          Sort Key: ci.person_id
                          Sort Method: quicksort  Memory: 38993kB
                          ->  Nested Loop  (cost=8.17..50711.23 rows=329808 width=25) (actual time=4.466..392.862 rows=329808 loops=1)
                                Join Filter: (t.id = ci.movie_id)
                                ->  Nested Loop  (cost=7.60..28397.73 rows=11406 width=33) (actual time=4.454..149.311 rows=11406 loops=1)
                                      Join Filter: (t.id = mc.movie_id)
                                      ->  Nested Loop  (cost=7.17..24221.76 rows=6926 width=25) (actual time=4.417..130.481 rows=6926 loops=1)
                                            ->  Nested Loop  (cost=6.74..3729.38 rows=41840 width=4) (actual time=4.403..38.932 rows=41840 loops=1)
                                                  ->  Seq Scan on keyword k  (cost=0.00..2626.12 rows=1 width=4) (actual time=0.403..8.312 rows=1 loops=1)
                                                        Filter: (keyword = 'character-name-in-title'::text)
                                                        Rows Removed by Filter: 134169
                                                  ->  Bitmap Heap Scan on movie_keyword mk  (cost=6.74..1100.27 rows=298 width=8) (actual time=3.996..24.462 rows=41840 loops=1)
                                                        Recheck Cond: (keyword_id = k.id)
                                                        Heap Blocks: exact=11541
                                                        ->  Bitmap Index Scan on keyword_id_movie_keyword  (cost=0.00..6.67 rows=298 width=0) (actual time=2.438..2.438 rows=41840 loops=1)
                                                              Index Cond: (keyword_id = k.id)
                                            ->  Index Scan using title_pkey on title t  (cost=0.43..0.49 rows=1 width=21) (actual time=0.002..0.002 rows=0 loops=41840)
                                                  Index Cond: (id = mk.movie_id)
                                                  Filter: (episode_nr < 100)
                                                  Rows Removed by Filter: 1
                                      ->  Index Scan using movie_id_movie_companies on movie_companies mc  (cost=0.43..0.54 rows=5 width=8) (actual time=0.002..0.002 rows=2 loops=6926)
                                            Index Cond: (movie_id = mk.movie_id)
                                ->  Index Scan using movie_id_cast_info on cast_info ci  (cost=0.56..1.51 rows=36 width=8) (actual time=0.002..0.015 rows=29 loops=11406)
                                      Index Cond: (movie_id = mk.movie_id)
              ->  Hash  (cost=5932.46..5932.46 rows=84843 width=4) (actual time=46.687..46.687 rows=84843 loops=1)
                    Buckets: 131072  Batches: 1  Memory Usage: 4007kB
                    ->  Seq Scan on company_name cn  (cost=0.00..5932.46 rows=84843 width=4) (actual time=0.006..32.191 rows=84843 loops=1)
                          Filter: ((country_code)::text = '[us]'::text)
                          Rows Removed by Filter: 150154
        ->  Index Only Scan using name_pkey on name n  (cost=0.43..0.45 rows=1 width=4) (actual time=0.001..0.001 rows=1 loops=319932)
              Index Cond: (id = ci.person_id)
              Heap Fetches: 0
Planning time: 3.733 ms
Execution time: 1695.314 ms
