Aggregate  (cost=4491.74..4491.75 rows=1 width=64) (actual time=9262.202..9262.202 rows=1 loops=1)
  ->  Nested Loop  (cost=9.02..4491.27 rows=94 width=15) (actual time=4.556..9213.204 rows=258289 loops=1)
        ->  Nested Loop  (cost=8.59..3967.53 rows=1144 width=4) (actual time=4.540..2810.752 rows=2832555 loops=1)
              Join Filter: (t.id = ci.movie_id)
              ->  Nested Loop  (cost=8.02..3844.29 rows=63 width=12) (actual time=4.385..681.173 rows=68316 loops=1)
                    ->  Nested Loop  (cost=7.60..3765.36 rows=177 width=16) (actual time=4.366..284.170 rows=148552 loops=1)
                          Join Filter: (t.id = mc.movie_id)
                          ->  Nested Loop  (cost=7.17..3744.86 rows=34 width=8) (actual time=4.341..124.021 rows=41840 loops=1)
                                ->  Nested Loop  (cost=6.74..3729.38 rows=34 width=4) (actual time=4.331..42.630 rows=41840 loops=1)
                                      ->  Seq Scan on keyword k  (cost=0.00..2626.12 rows=1 width=4) (actual time=0.428..8.383 rows=1 loops=1)
                                            Filter: (keyword = 'character-name-in-title'::text)
                                            Rows Removed by Filter: 134169
                                      ->  Bitmap Heap Scan on movie_keyword mk  (cost=6.74..1100.27 rows=298 width=8) (actual time=3.900..27.454 rows=41840 loops=1)
                                            Recheck Cond: (keyword_id = k.id)
                                            Heap Blocks: exact=11541
                                            ->  Bitmap Index Scan on keyword_id_movie_keyword  (cost=0.00..6.67 rows=298 width=0) (actual time=2.416..2.416 rows=41840 loops=1)
                                                  Index Cond: (keyword_id = k.id)
                                ->  Index Only Scan using title_pkey on title t  (cost=0.43..0.46 rows=1 width=4) (actual time=0.002..0.002 rows=1 loops=41840)
                                      Index Cond: (id = mk.movie_id)
                                      Heap Fetches: 0
                          ->  Index Scan using movie_id_movie_companies on movie_companies mc  (cost=0.43..0.54 rows=5 width=8) (actual time=0.002..0.003 rows=4 loops=41840)
                                Index Cond: (movie_id = mk.movie_id)
                    ->  Index Scan using company_name_pkey on company_name cn  (cost=0.42..0.45 rows=1 width=4) (actual time=0.002..0.002 rows=0 loops=148552)
                          Index Cond: (id = mc.company_id)
                          Filter: ((country_code)::text = '[us]'::text)
                          Rows Removed by Filter: 1
              ->  Index Scan using movie_id_cast_info on cast_info ci  (cost=0.56..1.51 rows=36 width=8) (actual time=0.003..0.024 rows=41 loops=68316)
                    Index Cond: (movie_id = mk.movie_id)
        ->  Index Scan using name_pkey on name n  (cost=0.43..0.46 rows=1 width=19) (actual time=0.002..0.002 rows=0 loops=2832555)
              Index Cond: (id = ci.person_id)
              Filter: (name ~~ 'B%'::text)
              Rows Removed by Filter: 1
Planning time: 2.311 ms
Execution time: 9262.262 ms
