Aggregate  (cost=896410.57..896410.58 rows=1 width=96) (actual time=3993.122..3993.123 rows=1 loops=1)
  ->  Nested Loop  (cost=118239.93..896410.52 rows=6 width=65) (actual time=1996.580..3992.723 rows=410 loops=1)
        ->  Nested Loop  (cost=118239.50..896407.77 rows=6 width=60) (actual time=1996.570..3990.564 rows=410 loops=1)
              Join Filter: (mi.info_type_id = it1.id)
              Rows Removed by Join Filter: 81998
              ->  Seq Scan on info_type it1  (cost=0.00..2.41 rows=1 width=4) (actual time=0.010..0.011 rows=1 loops=1)
                    Filter: ((info)::text = 'budget'::text)
                    Rows Removed by Filter: 112
              ->  Nested Loop  (cost=118239.50..895953.67 rows=36135 width=64) (actual time=1996.543..3984.388 rows=82408 loops=1)
                    Join Filter: (mi_idx.movie_id = mi.movie_id)
                    ->  Nested Loop  (cost=118239.07..857708.62 rows=3435 width=14) (actual time=1996.530..3931.051 rows=3435 loops=1)
                          Join Filter: (mi_idx.info_type_id = it2.id)
                          Rows Removed by Join Filter: 6875
                          ->  Seq Scan on info_type it2  (cost=0.00..2.41 rows=1 width=4) (actual time=0.026..0.029 rows=1 loops=1)
                                Filter: ((info)::text = 'votes'::text)
                                Rows Removed by Filter: 112
                          ->  Nested Loop  (cost=118239.07..857577.33 rows=10310 width=18) (actual time=1996.502..3929.830 rows=10310 loops=1)
                                ->  Hash Join  (cost=118238.64..854018.23 rows=6719 width=4) (actual time=1996.481..3911.585 rows=6719 loops=1)
                                      Hash Cond: (ci.person_id = n.id)
                                      ->  Seq Scan on cast_info ci  (cost=0.00..705741.30 rows=2379271 width=8) (actual time=200.821..3172.590 rows=2379271 loops=1)
                                            Filter: (note = ANY ('{(producer),"(executive producer)"}'::text[]))
                                            Rows Removed by Filter: 33865073
                                      ->  Hash  (cost=118125.36..118125.36 rows=9062 width=4) (actual time=520.203..520.203 rows=9062 loops=1)
                                            Buckets: 16384  Batches: 1  Memory Usage: 447kB
                                            ->  Seq Scan on name n  (cost=0.00..118125.36 rows=9062 width=4) (actual time=0.081..518.226 rows=9062 loops=1)
                                                  Filter: ((name ~~ '%Tim%'::text) AND ((gender)::text = 'm'::text))
                                                  Rows Removed by Filter: 4158429
                                ->  Index Scan using movie_id_movie_info_idx on movie_info_idx mi_idx  (cost=0.43..0.50 rows=3 width=14) (actual time=0.002..0.002 rows=2 loops=6719)
                                      Index Cond: (movie_id = ci.movie_id)
                    ->  Index Scan using movie_id_movie_info on movie_info mi  (cost=0.43..10.62 rows=41 width=50) (actual time=0.003..0.011 rows=24 loops=3435)
                          Index Cond: (movie_id = ci.movie_id)
        ->  Index Scan using title_pkey on title t  (cost=0.43..0.46 rows=1 width=21) (actual time=0.005..0.005 rows=1 loops=410)
              Index Cond: (id = mi.movie_id)
Planning time: 2.229 ms
Execution time: 3993.182 ms
