Aggregate  (cost=206344.20..206344.21 rows=1 width=64) (actual time=5832.754..5832.754 rows=1 loops=1)
  ->  Nested Loop  (cost=3980.08..206344.19 rows=1 width=32) (actual time=662.832..5832.641 rows=184 loops=1)
        ->  Nested Loop  (cost=3979.65..206343.28 rows=1 width=36) (actual time=662.810..5832.208 rows=189 loops=1)
              Join Filter: (n.id = an.person_id)
              ->  Nested Loop  (cost=3979.22..206342.42 rows=1 width=44) (actual time=662.773..5831.624 rows=170 loops=1)
                    ->  Hash Join  (cost=3978.79..206301.37 rows=26 width=25) (actual time=100.558..5742.000 rows=40272 loops=1)
                          Hash Cond: (ci.role_id = rt.id)
                          ->  Nested Loop  (cost=3977.63..206296.46 rows=315 width=29) (actual time=99.771..5723.557 rows=130077 loops=1)
                                Join Filter: (t.id = ci.movie_id)
                                ->  Nested Loop  (cost=3977.07..193804.40 rows=353 width=29) (actual time=98.134..2640.480 rows=116277 loops=1)
                                      ->  Nested Loop  (cost=3976.65..192639.34 rows=968 width=33) (actual time=98.126..2358.762 rows=124224 loops=1)
                                            Join Filter: (t.id = mc.movie_id)
                                            ->  Nested Loop  (cost=3976.22..188353.46 rows=1560 width=25) (actual time=98.116..1694.870 rows=298255 loops=1)
                                                  ->  Nested Loop  (cost=3975.79..178499.15 rows=6784 width=4) (actual time=98.090..731.996 rows=451039 loops=1)
                                                        ->  Seq Scan on info_type it  (cost=0.00..2.41 rows=1 width=4) (actual time=0.003..0.011 rows=1 loops=1)
                                                              Filter: ((info)::text = 'release dates'::text)
                                                              Rows Removed by Filter: 112
                                                        ->  Bitmap Heap Scan on movie_info mi  (cost=3975.79..178385.63 rows=11110 width=8) (actual time=98.084..671.136 rows=451039 loops=1)
                                                              Recheck Cond: (info_type_id = it.id)
                                                              Filter: ((info IS NOT NULL) AND ((info ~~ 'Japan:%200%'::text) OR (info ~~ 'USA:%200%'::text)))
                                                              Rows Removed by Filter: 2585680
                                                              Heap Blocks: exact=25448
                                                              ->  Bitmap Index Scan on info_type_id_movie_info  (cost=0.00..3973.01 rows=215010 width=0) (actual time=94.460..94.460 rows=3036719 loops=1)
                                                                    Index Cond: (info_type_id = it.id)
                                                  ->  Index Scan using title_pkey on title t  (cost=0.43..1.45 rows=1 width=21) (actual time=0.002..0.002 rows=1 loops=451039)
                                                        Index Cond: (id = mi.movie_id)
                                                        Filter: ((production_year >= 2005) AND (production_year <= 2009))
                                                        Rows Removed by Filter: 0
                                            ->  Index Scan using movie_id_movie_companies on movie_companies mc  (cost=0.43..2.73 rows=1 width=8) (actual time=0.002..0.002 rows=0 loops=298255)
                                                  Index Cond: (movie_id = mi.movie_id)
                                                  Filter: ((note IS NOT NULL) AND ((note ~~ '%(USA)%'::text) OR (note ~~ '%(worldwide)%'::text)))
                                                  Rows Removed by Filter: 1
                                      ->  Index Scan using company_name_pkey on company_name cn  (cost=0.42..1.20 rows=1 width=4) (actual time=0.002..0.002 rows=1 loops=124224)
                                            Index Cond: (id = mc.company_id)
                                            Filter: ((country_code)::text = '[us]'::text)
                                            Rows Removed by Filter: 0
                                ->  Index Scan using movie_id_cast_info on cast_info ci  (cost=0.56..35.38 rows=1 width=16) (actual time=0.022..0.026 rows=1 loops=116277)
                                      Index Cond: (movie_id = mi.movie_id)
                                      Filter: (note = ANY ('{(voice),"(voice: Japanese version)","(voice) (uncredited)","(voice: English version)"}'::text[]))
                                      Rows Removed by Filter: 46
                          ->  Hash  (cost=1.15..1.15 rows=1 width=4) (actual time=0.009..0.009 rows=1 loops=1)
                                Buckets: 1024  Batches: 1  Memory Usage: 9kB
                                ->  Seq Scan on role_type rt  (cost=0.00..1.15 rows=1 width=4) (actual time=0.006..0.007 rows=1 loops=1)
                                      Filter: ((role)::text = 'actress'::text)
                                      Rows Removed by Filter: 11
                    ->  Index Scan using name_pkey on name n  (cost=0.43..1.58 rows=1 width=19) (actual time=0.002..0.002 rows=0 loops=40272)
                          Index Cond: (id = ci.person_id)
                          Filter: ((name ~~ '%Ang%'::text) AND ((gender)::text = 'f'::text))
                          Rows Removed by Filter: 1
              ->  Index Only Scan using person_id_aka_name on aka_name an  (cost=0.42..0.84 rows=2 width=4) (actual time=0.002..0.003 rows=1 loops=170)
                    Index Cond: (person_id = ci.person_id)
                    Heap Fetches: 0
        ->  Index Only Scan using char_name_pkey on char_name chn  (cost=0.43..0.91 rows=1 width=4) (actual time=0.002..0.002 rows=1 loops=189)
              Index Cond: (id = ci.person_role_id)
              Heap Fetches: 0
Planning time: 12.392 ms
Execution time: 5832.850 ms
