Aggregate  (cost=80554.28..80554.29 rows=1 width=64) (actual time=257.771..257.771 rows=1 loops=1)
  ->  Nested Loop  (cost=3.14..80554.27 rows=1 width=32) (actual time=207.835..257.759 rows=15 loops=1)
        Join Filter: (ci.role_id = rt.id)
        ->  Nested Loop  (cost=3.14..80553.11 rows=1 width=36) (actual time=207.827..257.736 rows=15 loops=1)
              Join Filter: (ci.person_id = n.id)
              ->  Nested Loop  (cost=2.71..80551.52 rows=1 width=29) (actual time=207.276..257.130 rows=275 loops=1)
                    ->  Nested Loop  (cost=2.29..80550.30 rows=1 width=33) (actual time=207.266..256.664 rows=275 loops=1)
                          ->  Nested Loop  (cost=1.85..80549.38 rows=1 width=37) (actual time=207.257..256.139 rows=275 loops=1)
                                ->  Nested Loop  (cost=1.43..80548.51 rows=1 width=33) (actual time=207.235..255.791 rows=100 loops=1)
                                      Join Filter: (t.id = ci.movie_id)
                                      ->  Nested Loop  (cost=0.86..80510.62 rows=1 width=33) (actual time=207.220..255.322 rows=4 loops=1)
                                            Join Filter: (mi.info_type_id = it.id)
                                            ->  Seq Scan on info_type it  (cost=0.00..2.41 rows=1 width=4) (actual time=0.009..0.017 rows=1 loops=1)
                                                  Filter: ((info)::text = 'release dates'::text)
                                                  Rows Removed by Filter: 112
                                            ->  Nested Loop  (cost=0.86..80508.16 rows=4 width=37) (actual time=207.209..255.302 rows=4 loops=1)
                                                  Join Filter: (t.id = mi.movie_id)
                                                  ->  Nested Loop  (cost=0.43..80392.77 rows=4 width=29) (actual time=207.183..254.992 rows=4 loops=1)
                                                        ->  Seq Scan on title t  (cost=0.00..80243.46 rows=7 width=21) (actual time=20.859..254.887 rows=7 loops=1)
                                                              Filter: ((production_year >= 2007) AND (production_year <= 2008) AND (title ~~ '%Kung%Fu%Panda%'::text))
                                                              Rows Removed by Filter: 2528305
                                                        ->  Index Scan using movie_id_movie_companies on movie_companies mc  (cost=0.43..21.32 rows=1 width=8) (actual time=0.011..0.012 rows=1 loops=7)
                                                              Index Cond: (movie_id = t.id)
                                                              Filter: ((note ~~ '%(200%)%'::text) AND ((note ~~ '%(USA)%'::text) OR (note ~~ '%(worldwide)%'::text)))
                                                              Rows Removed by Filter: 6
                                                  ->  Index Scan using movie_id_movie_info on movie_info mi  (cost=0.43..28.83 rows=1 width=8) (actual time=0.015..0.076 rows=1 loops=4)
                                                        Index Cond: (movie_id = mc.movie_id)
                                                        Filter: ((info IS NOT NULL) AND ((info ~~ 'Japan:%2007%'::text) OR (info ~~ 'USA:%2008%'::text)))
                                                        Rows Removed by Filter: 287
                                      ->  Index Scan using movie_id_cast_info on cast_info ci  (cost=0.56..37.88 rows=1 width=16) (actual time=0.007..0.111 rows=25 loops=4)
                                            Index Cond: (movie_id = mc.movie_id)
                                            Filter: (note = '(voice)'::text)
                                            Rows Removed by Filter: 127
                                ->  Index Only Scan using person_id_aka_name on aka_name an  (cost=0.42..0.84 rows=2 width=4) (actual time=0.002..0.003 rows=3 loops=100)
                                      Index Cond: (person_id = ci.person_id)
                                      Heap Fetches: 0
                          ->  Index Only Scan using char_name_pkey on char_name chn  (cost=0.43..0.92 rows=1 width=4) (actual time=0.002..0.002 rows=1 loops=275)
                                Index Cond: (id = ci.person_role_id)
                                Heap Fetches: 0
                    ->  Index Scan using company_name_pkey on company_name cn  (cost=0.42..1.22 rows=1 width=4) (actual time=0.001..0.001 rows=1 loops=275)
                          Index Cond: (id = mc.company_id)
                          Filter: ((country_code)::text = '[us]'::text)
              ->  Index Scan using name_pkey on name n  (cost=0.43..1.58 rows=1 width=19) (actual time=0.002..0.002 rows=0 loops=275)
                    Index Cond: (id = an.person_id)
                    Filter: ((name ~~ '%Angel%'::text) AND ((gender)::text = 'f'::text))
                    Rows Removed by Filter: 1
        ->  Seq Scan on role_type rt  (cost=0.00..1.15 rows=1 width=4) (actual time=0.001..0.001 rows=1 loops=15)
              Filter: ((role)::text = 'actress'::text)
              Rows Removed by Filter: 1
Planning time: 12.833 ms
Execution time: 257.878 ms
