Aggregate  (cost=80624.46..80624.47 rows=1 width=64) (actual time=256.398..256.398 rows=1 loops=1)
  ->  Nested Loop  (cost=3.13..80624.46 rows=1 width=32) (actual time=206.652..256.385 rows=15 loops=1)
        Join Filter: (mi.info_type_id = it.id)
        ->  Nested Loop  (cost=3.13..80622.03 rows=1 width=36) (actual time=206.643..256.341 rows=15 loops=1)
              Join Filter: (t.id = mi.movie_id)
              ->  Nested Loop  (cost=2.70..80595.04 rows=1 width=44) (actual time=206.618..255.087 rows=15 loops=1)
                    Join Filter: (n.id = an.person_id)
                    ->  Nested Loop  (cost=2.27..80592.43 rows=3 width=52) (actual time=206.607..255.066 rows=3 loops=1)
                          ->  Nested Loop  (cost=1.85..80588.76 rows=3 width=56) (actual time=206.598..255.049 rows=3 loops=1)
                                ->  Nested Loop  (cost=1.42..80585.99 rows=3 width=60) (actual time=206.588..255.033 rows=3 loops=1)
                                      ->  Nested Loop  (cost=0.99..80546.73 rows=24 width=41) (actual time=206.559..254.938 rows=24 loops=1)
                                            Join Filter: (ci.role_id = rt.id)
                                            Rows Removed by Join Filter: 76
                                            ->  Seq Scan on role_type rt  (cost=0.00..1.15 rows=1 width=4) (actual time=0.006..0.009 rows=1 loops=1)
                                                  Filter: ((role)::text = 'actress'::text)
                                                  Rows Removed by Filter: 11
                                            ->  Nested Loop  (cost=0.99..80544.33 rows=100 width=45) (actual time=206.522..254.915 rows=100 loops=1)
                                                  Join Filter: (t.id = ci.movie_id)
                                                  ->  Nested Loop  (cost=0.43..80392.77 rows=4 width=29) (actual time=206.506..254.463 rows=4 loops=1)
                                                        ->  Seq Scan on title t  (cost=0.00..80243.46 rows=7 width=21) (actual time=20.857..254.357 rows=7 loops=1)
                                                              Filter: ((production_year >= 2007) AND (production_year <= 2008) AND (title ~~ '%Kung%Fu%Panda%'::text))
                                                              Rows Removed by Filter: 2528305
                                                        ->  Index Scan using movie_id_movie_companies on movie_companies mc  (cost=0.43..21.32 rows=1 width=8) (actual time=0.011..0.012 rows=1 loops=7)
                                                              Index Cond: (movie_id = t.id)
                                                              Filter: ((note ~~ '%(200%)%'::text) AND ((note ~~ '%(USA)%'::text) OR (note ~~ '%(worldwide)%'::text)))
                                                              Rows Removed by Filter: 6
                                                  ->  Index Scan using movie_id_cast_info on cast_info ci  (cost=0.56..37.88 rows=1 width=16) (actual time=0.007..0.107 rows=25 loops=4)
                                                        Index Cond: (movie_id = mc.movie_id)
                                                        Filter: (note = '(voice)'::text)
                                                        Rows Removed by Filter: 127
                                      ->  Index Scan using name_pkey on name n  (cost=0.43..1.64 rows=1 width=19) (actual time=0.004..0.004 rows=0 loops=24)
                                            Index Cond: (id = ci.person_id)
                                            Filter: ((name ~~ '%Angel%'::text) AND ((gender)::text = 'f'::text))
                                            Rows Removed by Filter: 1
                                ->  Index Only Scan using char_name_pkey on char_name chn  (cost=0.43..0.92 rows=1 width=4) (actual time=0.004..0.004 rows=1 loops=3)
                                      Index Cond: (id = ci.person_role_id)
                                      Heap Fetches: 0
                          ->  Index Scan using company_name_pkey on company_name cn  (cost=0.42..1.22 rows=1 width=4) (actual time=0.005..0.005 rows=1 loops=3)
                                Index Cond: (id = mc.company_id)
                                Filter: ((country_code)::text = '[us]'::text)
                    ->  Index Only Scan using person_id_aka_name on aka_name an  (cost=0.42..0.84 rows=2 width=4) (actual time=0.004..0.005 rows=5 loops=3)
                          Index Cond: (person_id = ci.person_id)
                          Heap Fetches: 0
              ->  Index Scan using movie_id_movie_info on movie_info mi  (cost=0.43..26.98 rows=1 width=8) (actual time=0.013..0.083 rows=1 loops=15)
                    Index Cond: (movie_id = ci.movie_id)
                    Filter: ((info IS NOT NULL) AND ((info ~~ 'Japan:%2007%'::text) OR (info ~~ 'USA:%2008%'::text)))
                    Rows Removed by Filter: 372
        ->  Seq Scan on info_type it  (cost=0.00..2.41 rows=1 width=4) (actual time=0.002..0.002 rows=1 loops=15)
              Filter: ((info)::text = 'release dates'::text)
              Rows Removed by Filter: 15
Planning time: 12.896 ms
Execution time: 256.493 ms
