Aggregate  (cost=356282.88..356282.89 rows=1 width=64) (actual time=1932.678..1932.678 rows=1 loops=1)
  ->  Nested Loop  (cost=118753.64..356271.65 rows=2247 width=32) (actual time=571.284..1931.640 rows=3575 loops=1)
        Join Filter: (n.id = an.person_id)
        ->  Nested Loop  (cost=118753.21..353989.53 rows=2632 width=40) (actual time=561.042..1926.117 rows=2632 loops=1)
              Join Filter: (mi.info_type_id = it.id)
              ->  Seq Scan on info_type it  (cost=0.00..2.41 rows=1 width=4) (actual time=0.009..0.016 rows=1 loops=1)
                    Filter: ((info)::text = 'release dates'::text)
                    Rows Removed by Filter: 112
              ->  Nested Loop  (cost=118753.21..353954.22 rows=2632 width=44) (actual time=561.032..1925.543 rows=2632 loops=1)
                    Join Filter: (t.id = mi.movie_id)
                    ->  Nested Loop  (cost=118752.78..287044.41 rows=2526 width=52) (actual time=561.010..1872.595 rows=2526 loops=1)
                          ->  Nested Loop  (cost=118752.36..278135.58 rows=7611 width=56) (actual time=561.000..1850.582 rows=7611 loops=1)
                                ->  Nested Loop  (cost=118751.93..269041.05 rows=3349 width=48) (actual time=560.991..1837.415 rows=3349 loops=1)
                                      ->  Nested Loop  (cost=118751.50..265676.68 rows=3686 width=52) (actual time=560.979..1828.615 rows=3686 loops=1)
                                            ->  Hash Join  (cost=118751.07..256306.01 rows=6552 width=31) (actual time=560.964..1805.345 rows=6552 loops=1)
                                                  Hash Cond: (ci.person_id = n.id)
                                                  ->  Nested Loop  (cost=0.56..134068.91 rows=276166 width=12) (actual time=0.116..1215.455 rows=276166 loops=1)
                                                        ->  Seq Scan on role_type rt  (cost=0.00..1.15 rows=1 width=4) (actual time=0.003..0.006 rows=1 loops=1)
                                                              Filter: ((role)::text = 'actress'::text)
                                                              Rows Removed by Filter: 11
                                                        ->  Index Scan using role_id_cast_info on cast_info ci  (cost=0.56..133251.71 rows=81605 width=16) (actual time=0.112..1177.967 rows=276166 loops=1)
                                                              Index Cond: (role_id = rt.id)
                                                              Filter: (note = ANY ('{(voice),"(voice: Japanese version)","(voice) (uncredited)","(voice: English version)"}'::text[]))
                                                              Rows Removed by Filter: 7175807
                                                  ->  Hash  (cost=118125.36..118125.36 rows=50011 width=19) (actual time=556.977..556.977 rows=50011 loops=1)
                                                        Buckets: 65536  Batches: 1  Memory Usage: 3135kB
                                                        ->  Seq Scan on name n  (cost=0.00..118125.36 rows=50011 width=19) (actual time=221.782..545.371 rows=50011 loops=1)
                                                              Filter: ((name ~~ '%An%'::text) AND ((gender)::text = 'f'::text))
                                                              Rows Removed by Filter: 4117480
                                            ->  Index Scan using title_pkey on title t  (cost=0.43..1.43 rows=1 width=21) (actual time=0.003..0.003 rows=1 loops=6552)
                                                  Index Cond: (id = ci.movie_id)
                                                  Filter: (production_year > 2000)
                                                  Rows Removed by Filter: 0
                                      ->  Index Only Scan using char_name_pkey on char_name chn  (cost=0.43..0.91 rows=1 width=4) (actual time=0.002..0.002 rows=1 loops=3686)
                                            Index Cond: (id = ci.person_role_id)
                                            Heap Fetches: 0
                                ->  Index Scan using movie_id_movie_companies on movie_companies mc  (cost=0.43..2.67 rows=5 width=8) (actual time=0.003..0.003 rows=2 loops=3349)
                                      Index Cond: (movie_id = t.id)
                          ->  Index Scan using company_name_pkey on company_name cn  (cost=0.42..1.17 rows=1 width=4) (actual time=0.003..0.003 rows=0 loops=7611)
                                Index Cond: (id = mc.company_id)
                                Filter: ((country_code)::text = '[us]'::text)
                                Rows Removed by Filter: 1
                    ->  Index Scan using movie_id_movie_info on movie_info mi  (cost=0.43..26.46 rows=2 width=8) (actual time=0.010..0.020 rows=1 loops=2526)
                          Index Cond: (movie_id = mc.movie_id)
                          Filter: ((info IS NOT NULL) AND ((info ~~ 'Japan:%200%'::text) OR (info ~~ 'USA:%200%'::text)))
                          Rows Removed by Filter: 61
        ->  Index Only Scan using person_id_aka_name on aka_name an  (cost=0.42..0.84 rows=2 width=4) (actual time=0.001..0.002 rows=1 loops=2632)
              Index Cond: (person_id = ci.person_id)
              Heap Fetches: 0
Planning time: 12.675 ms
Execution time: 1932.772 ms
