Aggregate  (cost=344721.05..344721.06 rows=1 width=64) (actual time=16035.503..16035.503 rows=1 loops=1)
  ->  Nested Loop  (cost=181158.33..344707.28 rows=2755 width=32) (actual time=1571.007..15622.308 rows=1760645 loops=1)
        ->  Nested Loop  (cost=181157.90..343706.67 rows=1162 width=40) (actual time=1570.996..13991.396 rows=787043 loops=1)
              ->  Nested Loop  (cost=181157.48..339971.54 rows=3191 width=44) (actual time=1570.985..8103.921 rows=3229056 loops=1)
                    Join Filter: (t.id = mc.movie_id)
                    ->  Nested Loop  (cost=181157.05..338329.90 rows=613 width=52) (actual time=1570.974..6140.245 rows=341836 loops=1)
                          ->  Nested Loop  (cost=181156.62..336893.78 rows=1115 width=31) (actual time=1570.672..4942.226 rows=498048 loops=1)
                                ->  Nested Loop  (cost=181156.19..329387.38 rows=4762 width=12) (actual time=1570.649..3998.961 rows=498436 loops=1)
                                      ->  Hash Join  (cost=181155.76..320464.78 rows=9789 width=16) (actual time=1570.626..3078.695 rows=547117 loops=1)
                                            Hash Cond: (ci.movie_id = mi.movie_id)
                                            ->  Nested Loop  (cost=0.56..134068.91 rows=74804 width=12) (actual time=0.121..1315.213 rows=276166 loops=1)
                                                  ->  Seq Scan on role_type rt  (cost=0.00..1.15 rows=1 width=4) (actual time=0.006..0.009 rows=1 loops=1)
                                                        Filter: ((role)::text = 'actress'::text)
                                                        Rows Removed by Filter: 11
                                                  ->  Index Scan using role_id_cast_info on cast_info ci  (cost=0.56..133251.71 rows=81605 width=16) (actual time=0.114..1271.641 rows=276166 loops=1)
                                                        Index Cond: (role_id = rt.id)
                                                        Filter: (note = ANY ('{(voice),"(voice: Japanese version)","(voice) (uncredited)","(voice: English version)"}'::text[]))
                                                        Rows Removed by Filter: 7175807
                                            ->  Hash  (cost=179514.07..179514.07 rows=131290 width=4) (actual time=1570.207..1570.207 rows=3036719 loops=1)
                                                  Buckets: 4194304 (originally 262144)  Batches: 1 (originally 1)  Memory Usage: 139528kB
                                                  ->  Nested Loop  (cost=4026.76..179514.07 rows=131290 width=4) (actual time=98.051..971.534 rows=3036719 loops=1)
                                                        ->  Seq Scan on info_type it  (cost=0.00..2.41 rows=1 width=4) (actual time=0.004..0.013 rows=1 loops=1)
                                                              Filter: ((info)::text = 'release dates'::text)
                                                              Rows Removed by Filter: 112
                                                        ->  Bitmap Heap Scan on movie_info mi  (cost=4026.76..177361.56 rows=215010 width=8) (actual time=98.045..499.690 rows=3036719 loops=1)
                                                              Recheck Cond: (info_type_id = it.id)
                                                              Heap Blocks: exact=25448
                                                              ->  Bitmap Index Scan on info_type_id_movie_info  (cost=0.00..3973.01 rows=215010 width=0) (actual time=94.443..94.443 rows=3036719 loops=1)
                                                                    Index Cond: (info_type_id = it.id)
                                      ->  Index Only Scan using char_name_pkey on char_name chn  (cost=0.43..0.91 rows=1 width=4) (actual time=0.001..0.001 rows=1 loops=547117)
                                            Index Cond: (id = ci.person_role_id)
                                            Heap Fetches: 0
                                ->  Index Scan using name_pkey on name n  (cost=0.43..1.58 rows=1 width=19) (actual time=0.002..0.002 rows=1 loops=498436)
                                      Index Cond: (id = ci.person_id)
                                      Filter: ((gender)::text = 'f'::text)
                                      Rows Removed by Filter: 0
                          ->  Index Scan using title_pkey on title t  (cost=0.43..1.29 rows=1 width=21) (actual time=0.002..0.002 rows=1 loops=498048)
                                Index Cond: (id = mi.movie_id)
                                Filter: (production_year > 2000)
                                Rows Removed by Filter: 0
                    ->  Index Scan using movie_id_movie_companies on movie_companies mc  (cost=0.43..2.62 rows=5 width=8) (actual time=0.002..0.004 rows=9 loops=341836)
                          Index Cond: (movie_id = mi.movie_id)
              ->  Index Scan using company_name_pkey on company_name cn  (cost=0.42..1.17 rows=1 width=4) (actual time=0.002..0.002 rows=0 loops=3229056)
                    Index Cond: (id = mc.company_id)
                    Filter: ((country_code)::text = '[us]'::text)
                    Rows Removed by Filter: 1
        ->  Index Only Scan using person_id_aka_name on aka_name an  (cost=0.42..0.84 rows=2 width=4) (actual time=0.001..0.002 rows=2 loops=787043)
              Index Cond: (person_id = n.id)
              Heap Fetches: 0
Planning time: 12.241 ms
Execution time: 16038.378 ms
