Aggregate  (cost=731072.94..731072.95 rows=1 width=64) (actual time=6387.406..6387.406 rows=1 loops=1)
  ->  Hash Join  (cost=540386.04..730455.73 rows=123442 width=32) (actual time=4457.484..6039.667 rows=1760645 loops=1)
        Hash Cond: (mi.movie_id = t.id)
        ->  Nested Loop  (cost=4026.76..179514.07 rows=3036719 width=4) (actual time=98.429..931.667 rows=3036719 loops=1)
              ->  Seq Scan on info_type it  (cost=0.00..2.41 rows=1 width=4) (actual time=0.009..0.018 rows=1 loops=1)
                    Filter: ((info)::text = 'release dates'::text)
                    Rows Removed by Filter: 112
              ->  Bitmap Heap Scan on movie_info mi  (cost=4026.76..177361.56 rows=215010 width=8) (actual time=98.418..489.492 rows=3036719 loops=1)
                    Recheck Cond: (info_type_id = it.id)
                    Heap Blocks: exact=25448
                    ->  Bitmap Index Scan on info_type_id_movie_info  (cost=0.00..3973.01 rows=215010 width=0) (actual time=94.537..94.537 rows=3036719 loops=1)
                          Index Cond: (info_type_id = it.id)
        ->  Hash  (cost=533034.49..533034.49 rows=265983 width=44) (actual time=4356.998..4356.998 rows=265983 loops=1)
              Buckets: 524288  Batches: 1  Memory Usage: 26123kB
              ->  Hash Join  (cost=509034.55..533034.49 rows=265983 width=44) (actual time=4004.409..4299.108 rows=265983 loops=1)
                    Hash Cond: (an.person_id = n.id)
                    ->  Seq Scan on aka_name an  (cost=0.00..20409.43 rows=901343 width=4) (actual time=0.009..75.260 rows=901343 loops=1)
                    ->  Hash  (cost=507818.05..507818.05 rows=97320 width=52) (actual time=4004.080..4004.080 rows=97320 loops=1)
                          Buckets: 131072  Batches: 1  Memory Usage: 9935kB
                          ->  Hash Join  (cost=351250.17..507818.05 rows=97320 width=52) (actual time=2994.855..3977.333 rows=97320 loops=1)
                                Hash Cond: (ci.person_id = n.id)
                                ->  Nested Loop  (cost=231524.09..386862.47 rows=97386 width=33) (actual time=2301.855..3251.491 rows=97386 loops=1)
                                      ->  Hash Join  (cost=231523.66..291580.27 rows=104391 width=37) (actual time=2301.834..3073.823 rows=104391 loops=1)
                                            Hash Cond: (mc.company_id = cn.id)
                                            ->  Hash Join  (cost=224530.66..280934.08 rows=289362 width=41) (actual time=2248.565..2974.140 rows=289362 loops=1)
                                                  Hash Cond: (mc.movie_id = t.id)
                                                  ->  Seq Scan on movie_companies mc  (cost=0.00..44881.29 rows=2609129 width=8) (actual time=0.006..206.941 rows=2609129 loops=1)
                                                  ->  Hash  (cost=222425.57..222425.57 rows=168407 width=33) (actual time=2247.596..2247.596 rows=168407 loops=1)
                                                        Buckets: 262144  Batches: 1  Memory Usage: 14124kB
                                                        ->  Hash Join  (cost=84870.63..222425.57 rows=168407 width=33) (actual time=793.484..2195.814 rows=168407 loops=1)
                                                              Hash Cond: (ci.movie_id = t.id)
                                                              ->  Nested Loop  (cost=0.56..134068.91 rows=276166 width=12) (actual time=0.131..1289.984 rows=276166 loops=1)
                                                                    ->  Seq Scan on role_type rt  (cost=0.00..1.15 rows=1 width=4) (actual time=0.005..0.008 rows=1 loops=1)
                                                                          Filter: ((role)::text = 'actress'::text)
                                                                          Rows Removed by Filter: 11
                                                                    ->  Index Scan using role_id_cast_info on cast_info ci  (cost=0.56..133251.71 rows=81605 width=16) (actual time=0.122..1249.802 rows=276166 loops=1)
                                                                          Index Cond: (role_id = rt.id)
                                                                          Filter: (note = ANY ('{(voice),"(voice: Japanese version)","(voice) (uncredited)","(voice: English version)"}'::text[]))
                                                                          Rows Removed by Filter: 7175807
                                                              ->  Hash  (cost=67601.90..67601.90 rows=1381453 width=21) (actual time=788.720..788.720 rows=1381453 loops=1)
                                                                    Buckets: 2097152  Batches: 1  Memory Usage: 90381kB
                                                                    ->  Seq Scan on title t  (cost=0.00..67601.90 rows=1381453 width=21) (actual time=0.006..410.106 rows=1381453 loops=1)
                                                                          Filter: (production_year > 2000)
                                                                          Rows Removed by Filter: 1146859
                                            ->  Hash  (cost=5932.46..5932.46 rows=84843 width=4) (actual time=52.761..52.761 rows=84843 loops=1)
                                                  Buckets: 131072  Batches: 1  Memory Usage: 4007kB
                                                  ->  Seq Scan on company_name cn  (cost=0.00..5932.46 rows=84843 width=4) (actual time=0.008..34.916 rows=84843 loops=1)
                                                        Filter: ((country_code)::text = '[us]'::text)
                                                        Rows Removed by Filter: 150154
                                      ->  Index Only Scan using char_name_pkey on char_name chn  (cost=0.43..0.91 rows=1 width=4) (actual time=0.001..0.001 rows=1 loops=104391)
                                            Index Cond: (id = ci.person_role_id)
                                            Heap Fetches: 0
                                ->  Hash  (cost=107706.64..107706.64 rows=961555 width=19) (actual time=690.549..690.549 rows=961555 loops=1)
                                      Buckets: 1048576  Batches: 1  Memory Usage: 58170kB
                                      ->  Seq Scan on name n  (cost=0.00..107706.64 rows=961555 width=19) (actual time=170.720..460.801 rows=961555 loops=1)
                                            Filter: ((gender)::text = 'f'::text)
                                            Rows Removed by Filter: 3205936
Planning time: 12.384 ms
Execution time: 6388.305 ms
