Aggregate  (cost=510469.95..510469.96 rows=1 width=64) (actual time=9531.466..9531.466 rows=1 loops=1)
  ->  Nested Loop  (cost=296902.96..510453.02 rows=3387 width=32) (actual time=3179.596..9113.731 rows=1760645 loops=1)
        ->  Nested Loop  (cost=296902.53..508981.18 rows=1709 width=40) (actual time=3178.850..7495.331 rows=787043 loops=1)
              ->  Nested Loop  (cost=296902.10..497249.59 rows=7406 width=21) (actual time=3178.834..5961.202 rows=787890 loops=1)
                    ->  Hash Join  (cost=296901.67..485020.66 rows=13398 width=25) (actual time=3178.809..4661.888 rows=881478 loops=1)
                          Hash Cond: (mi.movie_id = t.id)
                          ->  Nested Loop  (cost=4026.76..179514.07 rows=3036719 width=4) (actual time=98.550..941.182 rows=3036719 loops=1)
                                ->  Seq Scan on info_type it  (cost=0.00..2.41 rows=1 width=4) (actual time=0.008..0.017 rows=1 loops=1)
                                      Filter: ((info)::text = 'release dates'::text)
                                      Rows Removed by Filter: 112
                                ->  Bitmap Heap Scan on movie_info mi  (cost=4026.76..177361.56 rows=215010 width=8) (actual time=98.539..497.969 rows=3036719 loops=1)
                                      Recheck Cond: (info_type_id = it.id)
                                      Heap Blocks: exact=25448
                                      ->  Bitmap Index Scan on info_type_id_movie_info  (cost=0.00..3973.01 rows=215010 width=0) (actual time=94.873..94.873 rows=3036719 loops=1)
                                            Index Cond: (info_type_id = it.id)
                          ->  Hash  (cost=291580.27..291580.27 rows=103571 width=37) (actual time=3080.046..3080.046 rows=104391 loops=1)
                                Buckets: 131072  Batches: 1  Memory Usage: 8815kB
                                ->  Hash Join  (cost=231523.66..291580.27 rows=103571 width=37) (actual time=2288.850..3057.356 rows=104391 loops=1)
                                      Hash Cond: (mc.company_id = cn.id)
                                      ->  Hash Join  (cost=224530.66..280934.08 rows=289362 width=41) (actual time=2241.704..2965.515 rows=289362 loops=1)
                                            Hash Cond: (mc.movie_id = t.id)
                                            ->  Seq Scan on movie_companies mc  (cost=0.00..44881.29 rows=2609129 width=8) (actual time=0.006..205.855 rows=2609129 loops=1)
                                            ->  Hash  (cost=222425.57..222425.57 rows=168407 width=33) (actual time=2240.803..2240.803 rows=168407 loops=1)
                                                  Buckets: 262144  Batches: 1  Memory Usage: 14124kB
                                                  ->  Hash Join  (cost=84870.63..222425.57 rows=168407 width=33) (actual time=793.565..2189.010 rows=168407 loops=1)
                                                        Hash Cond: (ci.movie_id = t.id)
                                                        ->  Nested Loop  (cost=0.56..134068.91 rows=276166 width=12) (actual time=0.116..1283.245 rows=276166 loops=1)
                                                              ->  Seq Scan on role_type rt  (cost=0.00..1.15 rows=1 width=4) (actual time=0.004..0.007 rows=1 loops=1)
                                                                    Filter: ((role)::text = 'actress'::text)
                                                                    Rows Removed by Filter: 11
                                                              ->  Index Scan using role_id_cast_info on cast_info ci  (cost=0.56..133251.71 rows=81605 width=16) (actual time=0.109..1242.870 rows=276166 loops=1)
                                                                    Index Cond: (role_id = rt.id)
                                                                    Filter: (note = ANY ('{(voice),"(voice: Japanese version)","(voice) (uncredited)","(voice: English version)"}'::text[]))
                                                                    Rows Removed by Filter: 7175807
                                                        ->  Hash  (cost=67601.90..67601.90 rows=1381453 width=21) (actual time=788.973..788.973 rows=1381453 loops=1)
                                                              Buckets: 2097152  Batches: 1  Memory Usage: 90381kB
                                                              ->  Seq Scan on title t  (cost=0.00..67601.90 rows=1381453 width=21) (actual time=0.005..410.150 rows=1381453 loops=1)
                                                                    Filter: (production_year > 2000)
                                                                    Rows Removed by Filter: 1146859
                                      ->  Hash  (cost=5932.46..5932.46 rows=84843 width=4) (actual time=47.024..47.024 rows=84843 loops=1)
                                            Buckets: 131072  Batches: 1  Memory Usage: 4007kB
                                            ->  Seq Scan on company_name cn  (cost=0.00..5932.46 rows=84843 width=4) (actual time=0.012..31.632 rows=84843 loops=1)
                                                  Filter: ((country_code)::text = '[us]'::text)
                                                  Rows Removed by Filter: 150154
                    ->  Index Only Scan using char_name_pkey on char_name chn  (cost=0.43..0.91 rows=1 width=4) (actual time=0.001..0.001 rows=1 loops=881478)
                          Index Cond: (id = ci.person_role_id)
                          Heap Fetches: 0
              ->  Index Scan using name_pkey on name n  (cost=0.43..1.58 rows=1 width=19) (actual time=0.002..0.002 rows=1 loops=787890)
                    Index Cond: (id = ci.person_id)
                    Filter: ((gender)::text = 'f'::text)
                    Rows Removed by Filter: 0
        ->  Index Only Scan using person_id_aka_name on aka_name an  (cost=0.42..0.84 rows=2 width=4) (actual time=0.001..0.001 rows=2 loops=787043)
              Index Cond: (person_id = n.id)
              Heap Fetches: 0
Planning time: 12.210 ms
Execution time: 9532.021 ms
