Aggregate  (cost=62500.52..62500.53 rows=1 width=32) (actual time=1614.410..1614.410 rows=1 loops=1)
  ->  Nested Loop  (cost=3782.27..62500.52 rows=1 width=17) (actual time=60.907..1614.368 rows=33 loops=1)
        ->  Nested Loop  (cost=3781.84..62500.07 rows=1 width=21) (actual time=60.898..1614.218 rows=33 loops=1)
              ->  Nested Loop  (cost=3781.41..23503.70 rows=84727 width=25) (actual time=41.866..751.035 rows=532809 loops=1)
                    Join Filter: (t.id = ci.movie_id)
                    ->  Hash Join  (cost=3780.84..21445.68 rows=1052 width=29) (actual time=41.852..157.665 rows=6016 loops=1)
                          Hash Cond: (cc.status_id = cct2.id)
                          ->  Hash Join  (cost=3779.77..21382.00 rows=6016 width=33) (actual time=41.838..156.132 rows=6016 loops=1)
                                Hash Cond: (t.kind_id = kt.id)
                                ->  Nested Loop  (cost=3778.67..21297.27 rows=7363 width=37) (actual time=41.181..154.301 rows=7363 loops=1)
                                      ->  Hash Join  (cost=3778.24..17004.36 rows=8765 width=12) (actual time=41.156..124.536 rows=8765 loops=1)
                                            Hash Cond: (cc.subject_id = cct1.id)
                                            ->  Hash Join  (cost=3777.18..16869.99 rows=12810 width=16) (actual time=41.151..121.972 rows=12810 loops=1)
                                                  Hash Cond: (mk.movie_id = cc.movie_id)
                                                  ->  Nested Loop  (cost=6.74..12121.56 rows=35548 width=4) (actual time=0.461..67.004 rows=35548 loops=1)
                                                        ->  Seq Scan on keyword k  (cost=0.00..3632.40 rows=8 width=4) (actual time=0.091..23.610 rows=8 loops=1)
                                                              Filter: (keyword = ANY ('{superhero,sequel,second-part,marvel-comics,based-on-comic,tv-special,fight,violence}'::text[]))
                                                              Rows Removed by Filter: 134162
                                                        ->  Bitmap Heap Scan on movie_keyword mk  (cost=6.74..1058.16 rows=298 width=8) (actual time=0.787..4.787 rows=4444 loops=8)
                                                              Recheck Cond: (keyword_id = k.id)
                                                              Heap Blocks: exact=23488
                                                              ->  Bitmap Index Scan on keyword_id_movie_keyword  (cost=0.00..6.67 rows=298 width=0) (actual time=0.423..0.423 rows=4444 loops=8)
                                                                    Index Cond: (keyword_id = k.id)
                                                  ->  Hash  (cost=2081.86..2081.86 rows=135086 width=12) (actual time=40.345..40.345 rows=135086 loops=1)
                                                        Buckets: 262144  Batches: 1  Memory Usage: 7853kB
                                                        ->  Seq Scan on complete_cast cc  (cost=0.00..2081.86 rows=135086 width=12) (actual time=0.004..17.672 rows=135086 loops=1)
                                            ->  Hash  (cost=1.05..1.05 rows=1 width=4) (actual time=0.002..0.002 rows=1 loops=1)
                                                  Buckets: 1024  Batches: 1  Memory Usage: 9kB
                                                  ->  Seq Scan on comp_cast_type cct1  (cost=0.00..1.05 rows=1 width=4) (actual time=0.001..0.001 rows=1 loops=1)
                                                        Filter: ((kind)::text = 'cast'::text)
                                                        Rows Removed by Filter: 3
                                      ->  Index Scan using title_pkey on title t  (cost=0.43..0.49 rows=1 width=25) (actual time=0.003..0.003 rows=1 loops=8765)
                                            Index Cond: (id = mk.movie_id)
                                            Filter: (production_year > 1950)
                                            Rows Removed by Filter: 0
                                ->  Hash  (cost=1.09..1.09 rows=1 width=4) (actual time=0.004..0.004 rows=1 loops=1)
                                      Buckets: 1024  Batches: 1  Memory Usage: 9kB
                                      ->  Seq Scan on kind_type kt  (cost=0.00..1.09 rows=1 width=4) (actual time=0.002..0.003 rows=1 loops=1)
                                            Filter: ((kind)::text = 'movie'::text)
                                            Rows Removed by Filter: 6
                          ->  Hash  (cost=1.05..1.05 rows=2 width=4) (actual time=0.008..0.008 rows=2 loops=1)
                                Buckets: 1024  Batches: 1  Memory Usage: 9kB
                                ->  Seq Scan on comp_cast_type cct2  (cost=0.00..1.05 rows=2 width=4) (actual time=0.006..0.006 rows=2 loops=1)
                                      Filter: ((kind)::text ~~ '%complete%'::text)
                                      Rows Removed by Filter: 2
                    ->  Index Scan using movie_id_cast_info on cast_info ci  (cost=0.56..1.51 rows=36 width=12) (actual time=0.005..0.082 rows=89 loops=6016)
                          Index Cond: (movie_id = mk.movie_id)
              ->  Index Scan using char_name_pkey on char_name chn  (cost=0.43..0.46 rows=1 width=4) (actual time=0.001..0.001 rows=0 loops=532809)
                    Index Cond: (id = ci.person_role_id)
                    Filter: ((name !~~ '%Sherlock%'::text) AND ((name ~~ '%Tony%Stark%'::text) OR (name ~~ '%Iron%Man%'::text)))
                    Rows Removed by Filter: 0
        ->  Index Only Scan using name_pkey on name n  (cost=0.43..0.45 rows=1 width=4) (actual time=0.004..0.004 rows=1 loops=33)
              Index Cond: (id = ci.person_id)
              Heap Fetches: 0
Planning time: 7.838 ms
Execution time: 1614.534 ms
