Aggregate  (cost=18995.96..18995.97 rows=1 width=64) (actual time=611.589..611.590 rows=1 loops=1)
  ->  Nested Loop  (cost=3782.27..18995.96 rows=1 width=32) (actual time=42.571..609.998 rows=5406 loops=1)
        ->  Nested Loop  (cost=3781.84..18995.50 rows=1 width=21) (actual time=42.563..587.847 rows=5406 loops=1)
              ->  Nested Loop  (cost=3781.41..18976.73 rows=41 width=25) (actual time=42.098..328.294 rows=189844 loops=1)
                    Join Filter: (t.id = ci.movie_id)
                    ->  Hash Join  (cost=3780.84..18953.26 rows=12 width=29) (actual time=42.085..130.704 rows=1267 loops=1)
                          Hash Cond: (t.kind_id = kt.id)
                          ->  Nested Loop  (cost=3779.74..18951.24 rows=81 width=33) (actual time=41.723..130.300 rows=1595 loops=1)
                                ->  Hash Join  (cost=3779.31..18878.76 rows=148 width=8) (actual time=41.399..109.845 rows=6396 loops=1)
                                      Hash Cond: (cc.status_id = cct2.id)
                                      ->  Hash Join  (cost=3778.24..18874.61 rows=295 width=12) (actual time=41.391..108.405 rows=6396 loops=1)
                                            Hash Cond: (cc.subject_id = cct1.id)
                                            ->  Hash Join  (cost=3777.18..18871.86 rows=162 width=16) (actual time=41.385..106.629 rows=9392 loops=1)
                                                  Hash Cond: (mk.movie_id = cc.movie_id)
                                                  ->  Nested Loop  (cost=6.74..14438.63 rows=24091 width=4) (actual time=0.474..56.394 rows=24091 loops=1)
                                                        ->  Seq Scan on keyword k  (cost=0.00..3967.82 rows=10 width=4) (actual time=0.102..26.417 rows=10 loops=1)
                                                              Filter: (keyword = ANY ('{superhero,marvel-comics,based-on-comic,tv-special,fight,violence,magnet,web,claw,laser}'::text[]))
                                                              Rows Removed by Filter: 134160
                                                        ->  Bitmap Heap Scan on movie_keyword mk  (cost=6.74..1044.10 rows=298 width=8) (actual time=0.449..2.653 rows=2409 loops=10)
                                                              Recheck Cond: (keyword_id = k.id)
                                                              Heap Blocks: exact=17127
                                                              ->  Bitmap Index Scan on keyword_id_movie_keyword  (cost=0.00..6.67 rows=298 width=0) (actual time=0.233..0.233 rows=2409 loops=10)
                                                                    Index Cond: (keyword_id = k.id)
                                                  ->  Hash  (cost=2081.86..2081.86 rows=135086 width=12) (actual time=40.565..40.565 rows=135086 loops=1)
                                                        Buckets: 262144  Batches: 1  Memory Usage: 7853kB
                                                        ->  Seq Scan on complete_cast cc  (cost=0.00..2081.86 rows=135086 width=12) (actual time=0.004..17.702 rows=135086 loops=1)
                                            ->  Hash  (cost=1.05..1.05 rows=1 width=4) (actual time=0.002..0.002 rows=1 loops=1)
                                                  Buckets: 1024  Batches: 1  Memory Usage: 9kB
                                                  ->  Seq Scan on comp_cast_type cct1  (cost=0.00..1.05 rows=1 width=4) (actual time=0.001..0.001 rows=1 loops=1)
                                                        Filter: ((kind)::text = 'cast'::text)
                                                        Rows Removed by Filter: 3
                                      ->  Hash  (cost=1.05..1.05 rows=2 width=4) (actual time=0.004..0.004 rows=2 loops=1)
                                            Buckets: 1024  Batches: 1  Memory Usage: 9kB
                                            ->  Seq Scan on comp_cast_type cct2  (cost=0.00..1.05 rows=2 width=4) (actual time=0.003..0.003 rows=2 loops=1)
                                                  Filter: ((kind)::text ~~ '%complete%'::text)
                                                  Rows Removed by Filter: 2
                                ->  Index Scan using title_pkey on title t  (cost=0.43..0.49 rows=1 width=25) (actual time=0.003..0.003 rows=0 loops=6396)
                                      Index Cond: (id = mk.movie_id)
                                      Filter: (production_year > 2000)
                                      Rows Removed by Filter: 1
                          ->  Hash  (cost=1.09..1.09 rows=1 width=4) (actual time=0.008..0.008 rows=1 loops=1)
                                Buckets: 1024  Batches: 1  Memory Usage: 9kB
                                ->  Seq Scan on kind_type kt  (cost=0.00..1.09 rows=1 width=4) (actual time=0.006..0.007 rows=1 loops=1)
                                      Filter: ((kind)::text = 'movie'::text)
                                      Rows Removed by Filter: 6
                    ->  Index Scan using movie_id_cast_info on cast_info ci  (cost=0.56..1.51 rows=36 width=12) (actual time=0.006..0.128 rows=150 loops=1267)
                          Index Cond: (movie_id = mk.movie_id)
              ->  Index Scan using char_name_pkey on char_name chn  (cost=0.43..0.46 rows=1 width=4) (actual time=0.001..0.001 rows=0 loops=189844)
                    Index Cond: (id = ci.person_role_id)
                    Filter: ((name IS NOT NULL) AND ((name ~~ '%man%'::text) OR (name ~~ '%Man%'::text)))
                    Rows Removed by Filter: 0
        ->  Index Scan using name_pkey on name n  (cost=0.43..0.46 rows=1 width=19) (actual time=0.004..0.004 rows=1 loops=5406)
              Index Cond: (id = ci.person_id)
Planning time: 7.732 ms
Execution time: 611.711 ms
