Aggregate  (cost=4633.15..4633.16 rows=1 width=96) (actual time=23.176..23.176 rows=1 loops=1)
  ->  Hash Join  (cost=3902.78..4633.05 rows=14 width=48) (actual time=21.295..23.155 rows=38 loops=1)
        Hash Cond: (mc.company_type_id = ct.id)
        ->  Nested Loop  (cost=3901.71..4630.58 rows=135 width=52) (actual time=21.282..23.133 rows=38 loops=1)
              ->  Nested Loop  (cost=3901.29..4569.79 rows=133 width=37) (actual time=21.261..22.856 rows=133 loops=1)
                    Join Filter: (ml.movie_id = mc.movie_id)
                    ->  Nested Loop  (cost=3900.86..4558.81 rows=19 width=45) (actual time=21.250..22.741 rows=19 loops=1)
                          Join Filter: (ml.movie_id = mi.movie_id)
                          ->  Nested Loop  (cost=3900.43..4489.37 rows=48 width=41) (actual time=20.652..22.245 rows=48 loops=1)
                                Join Filter: (ml.movie_id = t.id)
                                ->  Hash Join  (cost=3900.00..4388.92 rows=199 width=20) (actual time=20.638..21.875 rows=199 loops=1)
                                      Hash Cond: (ml.movie_id = mk.movie_id)
                                      ->  Nested Loop  (cost=38.82..470.28 rows=2315 width=16) (actual time=0.063..0.978 rows=2315 loops=1)
                                            ->  Seq Scan on link_type lt  (cost=0.00..1.23 rows=2 width=16) (actual time=0.002..0.006 rows=2 loops=1)
                                                  Filter: ((link)::text ~~ '%follow%'::text)
                                                  Rows Removed by Filter: 16
                                            ->  Bitmap Heap Scan on movie_link ml  (cost=38.82..215.78 rows=1875 width=8) (actual time=0.058..0.302 rows=1158 loops=2)
                                                  Recheck Cond: (link_type_id = lt.id)
                                                  Heap Blocks: exact=191
                                                  ->  Bitmap Index Scan on link_type_id_movie_link  (cost=0.00..38.35 rows=1875 width=0) (actual time=0.045..0.045 rows=1158 loops=2)
                                                        Index Cond: (link_type_id = lt.id)
                                      ->  Hash  (cost=3729.38..3729.38 rows=10544 width=4) (actual time=20.549..20.549 rows=10544 loops=1)
                                            Buckets: 16384  Batches: 1  Memory Usage: 499kB
                                            ->  Nested Loop  (cost=6.74..3729.38 rows=10544 width=4) (actual time=2.020..18.852 rows=10544 loops=1)
                                                  ->  Seq Scan on keyword k  (cost=0.00..2626.12 rows=1 width=4) (actual time=0.513..8.354 rows=1 loops=1)
                                                        Filter: (keyword = 'sequel'::text)
                                                        Rows Removed by Filter: 134169
                                                  ->  Bitmap Heap Scan on movie_keyword mk  (cost=6.74..1100.27 rows=298 width=8) (actual time=1.505..8.782 rows=10544 loops=1)
                                                        Recheck Cond: (keyword_id = k.id)
                                                        Heap Blocks: exact=5570
                                                        ->  Bitmap Index Scan on keyword_id_movie_keyword  (cost=0.00..6.67 rows=298 width=0) (actual time=0.822..0.822 rows=10544 loops=1)
                                                              Index Cond: (keyword_id = k.id)
                                ->  Index Scan using title_pkey on title t  (cost=0.43..0.49 rows=1 width=21) (actual time=0.002..0.002 rows=0 loops=199)
                                      Index Cond: (id = mk.movie_id)
                                      Filter: ((production_year >= 2000) AND (production_year <= 2010))
                                      Rows Removed by Filter: 1
                          ->  Index Scan using movie_id_movie_info on movie_info mi  (cost=0.43..1.43 rows=1 width=4) (actual time=0.009..0.010 rows=0 loops=48)
                                Index Cond: (movie_id = mk.movie_id)
                                Filter: (info = ANY ('{Germany,German}'::text[]))
                                Rows Removed by Filter: 29
                    ->  Index Scan using movie_id_movie_companies on movie_companies mc  (cost=0.43..0.54 rows=3 width=12) (actual time=0.003..0.004 rows=7 loops=19)
                          Index Cond: (movie_id = mk.movie_id)
                          Filter: (note IS NULL)
                          Rows Removed by Filter: 6
              ->  Index Scan using company_name_pkey on company_name cn  (cost=0.42..0.46 rows=1 width=23) (actual time=0.002..0.002 rows=0 loops=133)
                    Index Cond: (id = mc.company_id)
                    Filter: (((country_code)::text <> '[pl]'::text) AND ((name ~~ '%Film%'::text) OR (name ~~ '%Warner%'::text)))
                    Rows Removed by Filter: 1
        ->  Hash  (cost=1.05..1.05 rows=1 width=4) (actual time=0.007..0.007 rows=1 loops=1)
              Buckets: 1024  Batches: 1  Memory Usage: 9kB
              ->  Seq Scan on company_type ct  (cost=0.00..1.05 rows=1 width=4) (actual time=0.005..0.006 rows=1 loops=1)
                    Filter: ((kind)::text = 'production companies'::text)
                    Rows Removed by Filter: 3
Planning time: 7.599 ms
Execution time: 23.267 ms
