Aggregate  (cost=6296.13..6296.14 rows=1 width=96) (actual time=1710.971..1710.971 rows=1 loops=1)
  ->  Nested Loop  (cost=8.88..6296.12 rows=1 width=42) (actual time=3.231..1703.585 rows=21489 loops=1)
        Join Filter: (mi.info_type_id = it1.id)
        Rows Removed by Join Filter: 3123
        ->  Nested Loop  (cost=8.88..6293.70 rows=1 width=46) (actual time=3.226..1643.796 rows=24612 loops=1)
              Join Filter: (t.id = mi.movie_id)
              ->  Nested Loop  (cost=8.45..6291.83 rows=1 width=58) (actual time=3.206..337.298 rows=23425 loops=1)
                    Join Filter: (mc.company_type_id = ct.id)
                    ->  Nested Loop  (cost=8.45..6290.74 rows=1 width=62) (actual time=3.202..320.316 rows=23425 loops=1)
                          ->  Nested Loop  (cost=8.03..6290.25 rows=1 width=47) (actual time=3.194..254.953 rows=25316 loops=1)
                                Join Filter: (t.id = mc.movie_id)
                                ->  Nested Loop  (cost=7.60..6289.67 rows=1 width=35) (actual time=2.785..200.937 rows=5949 loops=1)
                                      Join Filter: (mi_idx.info_type_id = it2.id)
                                      Rows Removed by Join Filter: 11943
                                      ->  Seq Scan on info_type it2  (cost=0.00..2.41 rows=1 width=4) (actual time=0.014..0.016 rows=1 loops=1)
                                            Filter: ((info)::text = 'rating'::text)
                                            Rows Removed by Filter: 112
                                      ->  Nested Loop  (cost=7.60..6286.83 rows=34 width=39) (actual time=2.768..198.533 rows=17892 loops=1)
                                            Join Filter: (t.id = mi_idx.movie_id)
                                            ->  Nested Loop  (cost=7.17..6280.94 rows=11 width=25) (actual time=2.758..166.957 rows=8073 loops=1)
                                                  Join Filter: (t.kind_id = kt.id)
                                                  Rows Removed by Join Filter: 4332
                                                  ->  Nested Loop  (cost=7.17..6278.71 rows=40 width=29) (actual time=2.734..163.030 rows=9739 loops=1)
                                                        ->  Nested Loop  (cost=6.74..6229.24 rows=101 width=4) (actual time=2.723..64.167 rows=37091 loops=1)
                                                              ->  Seq Scan on keyword k  (cost=0.00..2961.55 rows=3 width=4) (actual time=0.816..15.536 rows=3 loops=1)
                                                                    Filter: (keyword = ANY ('{murder,murder-in-title,blood,violence}'::text[]))
                                                                    Rows Removed by Filter: 134167
                                                              ->  Bitmap Heap Scan on movie_keyword mk  (cost=6.74..1086.25 rows=298 width=8) (actual time=2.226..14.379 rows=12364 loops=3)
                                                                    Recheck Cond: (keyword_id = k.id)
                                                                    Heap Blocks: exact=26312
                                                                    ->  Bitmap Index Scan on keyword_id_movie_keyword  (cost=0.00..6.67 rows=298 width=0) (actual time=1.141..1.141 rows=12364 loops=3)
                                                                          Index Cond: (keyword_id = k.id)
                                                        ->  Index Scan using title_pkey on title t  (cost=0.43..0.49 rows=1 width=25) (actual time=0.002..0.002 rows=0 loops=37091)
                                                              Index Cond: (id = mk.movie_id)
                                                              Filter: (production_year > 2005)
                                                              Rows Removed by Filter: 1
                                                  ->  Materialize  (cost=0.00..1.10 rows=2 width=4) (actual time=0.000..0.000 rows=1 loops=9739)
                                                        ->  Seq Scan on kind_type kt  (cost=0.00..1.09 rows=2 width=4) (actual time=0.005..0.006 rows=2 loops=1)
                                                              Filter: ((kind)::text = ANY ('{movie,episode}'::text[]))
                                                              Rows Removed by Filter: 5
                                            ->  Index Scan using movie_id_movie_info_idx on movie_info_idx mi_idx  (cost=0.43..0.50 rows=3 width=14) (actual time=0.003..0.003 rows=2 loops=8073)
                                                  Index Cond: (movie_id = mk.movie_id)
                                                  Filter: (info < '8.5'::text)
                                                  Rows Removed by Filter: 0
                                ->  Index Scan using movie_id_movie_companies on movie_companies mc  (cost=0.43..0.57 rows=1 width=12) (actual time=0.005..0.008 rows=4 loops=5949)
                                      Index Cond: (movie_id = mk.movie_id)
                                      Filter: ((note !~~ '%(USA)%'::text) AND (note ~~ '%(200%)%'::text))
                                      Rows Removed by Filter: 8
                          ->  Index Scan using company_name_pkey on company_name cn  (cost=0.42..0.49 rows=1 width=23) (actual time=0.002..0.002 rows=1 loops=25316)
                                Index Cond: (id = mc.company_id)
                                Filter: ((country_code)::text <> '[us]'::text)
                                Rows Removed by Filter: 0
                    ->  Seq Scan on company_type ct  (cost=0.00..1.04 rows=4 width=4) (actual time=0.000..0.000 rows=1 loops=23425)
              ->  Index Scan using movie_id_movie_info on movie_info mi  (cost=0.43..1.84 rows=2 width=8) (actual time=0.046..0.055 rows=1 loops=23425)
                    Index Cond: (movie_id = mk.movie_id)
                    Filter: (info = ANY ('{Sweden,Norway,Germany,Denmark,Swedish,Danish,Norwegian,German,USA,American}'::text[]))
                    Rows Removed by Filter: 180
        ->  Seq Scan on info_type it1  (cost=0.00..2.41 rows=1 width=4) (actual time=0.001..0.002 rows=1 loops=24612)
              Filter: ((info)::text = 'countries'::text)
              Rows Removed by Filter: 20
Planning time: 20.154 ms
Execution time: 1711.080 ms
