Aggregate  (cost=8103.04..8103.05 rows=1 width=64) (actual time=24.817..24.817 rows=1 loops=1)
  ->  Nested Loop  (cost=8.88..8103.04 rows=1 width=27) (actual time=24.771..24.807 rows=16 loops=1)
        ->  Nested Loop  (cost=8.46..8102.59 rows=1 width=31) (actual time=24.748..24.761 rows=16 loops=1)
              Join Filter: (mc.company_type_id = ct.id)
              Rows Removed by Join Filter: 48
              ->  Seq Scan on company_type ct  (cost=0.00..1.04 rows=4 width=4) (actual time=0.004..0.005 rows=4 loops=1)
              ->  Materialize  (cost=8.46..8101.44 rows=2 width=35) (actual time=0.950..6.186 rows=16 loops=4)
                    ->  Nested Loop  (cost=8.46..8101.43 rows=2 width=35) (actual time=3.796..24.729 rows=16 loops=1)
                          Join Filter: (mi.info_type_id = it1.id)
                          ->  Seq Scan on info_type it1  (cost=0.00..2.41 rows=1 width=4) (actual time=0.005..0.011 rows=1 loops=1)
                                Filter: ((info)::text = 'release dates'::text)
                                Rows Removed by Filter: 112
                          ->  Nested Loop  (cost=8.46..8098.81 rows=16 width=39) (actual time=3.789..24.713 rows=16 loops=1)
                                Join Filter: (t.id = mc.movie_id)
                                ->  Nested Loop  (cost=8.03..8089.17 rows=16 width=47) (actual time=3.780..24.667 rows=16 loops=1)
                                      Join Filter: (t.id = mi.movie_id)
                                      ->  Nested Loop  (cost=7.59..7996.21 rows=60 width=39) (actual time=1.137..21.314 rows=60 loops=1)
                                            Join Filter: (t.kind_id = kt.id)
                                            Rows Removed by Join Filter: 1
                                            ->  Seq Scan on kind_type kt  (cost=0.00..1.09 rows=1 width=14) (actual time=0.002..0.004 rows=1 loops=1)
                                                  Filter: ((kind)::text = 'movie'::text)
                                                  Rows Removed by Filter: 6
                                            ->  Nested Loop  (cost=7.59..7994.36 rows=61 width=33) (actual time=1.135..21.286 rows=61 loops=1)
                                                  ->  Nested Loop  (cost=7.16..7838.61 rows=318 width=8) (actual time=1.115..20.175 rows=318 loops=1)
                                                        Join Filter: (cc.status_id = cct1.id)
                                                        Rows Removed by Join Filter: 312
                                                        ->  Seq Scan on comp_cast_type cct1  (cost=0.00..1.05 rows=1 width=4) (actual time=0.003..0.003 rows=1 loops=1)
                                                              Filter: ((kind)::text = 'complete+verified'::text)
                                                              Rows Removed by Filter: 3
                                                        ->  Nested Loop  (cost=7.16..7829.69 rows=630 width=12) (actual time=0.744..20.073 rows=630 loops=1)
                                                              ->  Nested Loop  (cost=6.74..7290.41 rows=1133 width=4) (actual time=0.617..17.215 rows=1133 loops=1)
                                                                    ->  Seq Scan on keyword k  (cost=0.00..2961.55 rows=4 width=4) (actual time=0.491..15.396 rows=4 loops=1)
                                                                          Filter: (keyword = ANY ('{nerd,loner,alienation,dignity}'::text[]))
                                                                          Rows Removed by Filter: 134166
                                                                    ->  Bitmap Heap Scan on movie_keyword mk  (cost=6.74..1079.23 rows=298 width=8) (actual time=0.059..0.407 rows=283 loops=4)
                                                                          Recheck Cond: (keyword_id = k.id)
                                                                          Heap Blocks: exact=1083
                                                                          ->  Bitmap Index Scan on keyword_id_movie_keyword  (cost=0.00..6.67 rows=298 width=0) (actual time=0.031..0.031 rows=283 loops=4)
                                                                                Index Cond: (keyword_id = k.id)
                                                              ->  Index Scan using movie_id_complete_cast on complete_cast cc  (cost=0.42..0.46 rows=2 width=8) (actual time=0.002..0.002 rows=1 loops=1133)
                                                                    Index Cond: (movie_id = mk.movie_id)
                                                  ->  Index Scan using title_pkey on title t  (cost=0.43..0.49 rows=1 width=25) (actual time=0.003..0.003 rows=0 loops=318)
                                                        Index Cond: (id = mk.movie_id)
                                                        Filter: (production_year > 2000)
                                                        Rows Removed by Filter: 1
                                      ->  Index Scan using movie_id_movie_info on movie_info mi  (cost=0.43..1.54 rows=1 width=8) (actual time=0.054..0.056 rows=0 loops=60)
                                            Index Cond: (movie_id = mk.movie_id)
                                            Filter: ((note ~~ '%internet%'::text) AND (info ~~ 'USA:% 200%'::text))
                                            Rows Removed by Filter: 214
                                ->  Index Scan using movie_id_movie_companies on movie_companies mc  (cost=0.43..0.54 rows=5 width=12) (actual time=0.002..0.002 rows=1 loops=16)
                                      Index Cond: (movie_id = mk.movie_id)
        ->  Index Scan using company_name_pkey on company_name cn  (cost=0.42..0.45 rows=1 width=4) (actual time=0.002..0.002 rows=1 loops=16)
              Index Cond: (id = mc.company_id)
              Filter: ((country_code)::text = '[us]'::text)
Planning time: 19.423 ms
Execution time: 24.910 ms
