Aggregate  (cost=55607.35..55607.36 rows=1 width=96) (actual time=120.648..120.648 rows=1 loops=1)
  ->  Nested Loop  (cost=10.31..55607.35 rows=1 width=48) (actual time=14.849..120.536 rows=275 loops=1)
        Join Filter: (it.id = mi.info_type_id)
        ->  Seq Scan on info_type it  (cost=0.00..2.41 rows=1 width=4) (actual time=0.006..0.012 rows=1 loops=1)
              Filter: ((info)::text = 'release dates'::text)
              Rows Removed by Filter: 112
        ->  Nested Loop  (cost=10.31..55604.91 rows=2 width=52) (actual time=14.841..120.468 rows=275 loops=1)
              Join Filter: (t.id = mi.movie_id)
              ->  Nested Loop  (cost=9.87..55029.28 rows=18 width=64) (actual time=14.829..116.504 rows=125 loops=1)
                    ->  Nested Loop  (cost=9.44..54966.62 rows=36 width=52) (actual time=14.426..116.229 rows=127 loops=1)
                          ->  Nested Loop  (cost=9.01..49394.49 rows=3006 width=45) (actual time=0.909..108.948 rows=4058 loops=1)
                                ->  Nested Loop  (cost=8.59..48109.91 rows=1268 width=41) (actual time=0.899..104.889 rows=1608 loops=1)
                                      ->  Nested Loop  (cost=8.17..42930.46 rows=3513 width=45) (actual time=0.882..97.890 rows=3513 loops=1)
                                            Join Filter: (t.id = mc.movie_id)
                                            ->  Nested Loop  (cost=7.74..40839.70 rows=603 width=37) (actual time=0.876..95.088 rows=603 loops=1)
                                                  Join Filter: (rt.id = ci.role_id)
                                                  Rows Removed by Join Filter: 2022
                                                  ->  Seq Scan on role_type rt  (cost=0.00..1.15 rows=1 width=4) (actual time=0.002..0.004 rows=1 loops=1)
                                                        Filter: ((role)::text = 'actress'::text)
                                                        Rows Removed by Filter: 11
                                                  ->  Nested Loop  (cost=7.74..40805.74 rows=2625 width=41) (actual time=0.869..94.800 rows=2625 loops=1)
                                                        Join Filter: (t.id = ci.movie_id)
                                                        ->  Nested Loop  (cost=7.17..21605.69 rows=495 width=25) (actual time=0.675..53.468 rows=495 loops=1)
                                                              ->  Nested Loop  (cost=6.74..6061.53 rows=9696 width=4) (actual time=0.634..25.862 rows=9696 loops=1)
                                                                    ->  Seq Scan on keyword k  (cost=0.00..2793.84 rows=3 width=4) (actual time=0.008..13.488 rows=3 loops=1)
                                                                          Filter: (keyword = ANY ('{hero,martial-arts,hand-to-hand-combat}'::text[]))
                                                                          Rows Removed by Filter: 134167
                                                                    ->  Bitmap Heap Scan on movie_keyword mk  (cost=6.74..1086.25 rows=298 width=8) (actual time=0.601..3.659 rows=3232 loops=3)
                                                                          Recheck Cond: (keyword_id = k.id)
                                                                          Heap Blocks: exact=7446
                                                                          ->  Bitmap Index Scan on keyword_id_movie_keyword  (cost=0.00..6.67 rows=298 width=0) (actual time=0.316..0.316 rows=3232 loops=3)
                                                                                Index Cond: (keyword_id = k.id)
                                                              ->  Index Scan using title_pkey on title t  (cost=0.43..1.60 rows=1 width=21) (actual time=0.003..0.003 rows=0 loops=9696)
                                                                    Index Cond: (id = mk.movie_id)
                                                                    Filter: (production_year > 2010)
                                                                    Rows Removed by Filter: 1
                                                        ->  Index Scan using movie_id_cast_info on cast_info ci  (cost=0.56..38.78 rows=1 width=16) (actual time=0.056..0.082 rows=5 loops=495)
                                                              Index Cond: (movie_id = mk.movie_id)
                                                              Filter: (note = ANY ('{(voice),"(voice: Japanese version)","(voice) (uncredited)","(voice: English version)"}'::text[]))
                                                              Rows Removed by Filter: 83
                                            ->  Index Scan using movie_id_movie_companies on movie_companies mc  (cost=0.43..3.40 rows=5 width=8) (actual time=0.002..0.003 rows=6 loops=603)
                                                  Index Cond: (movie_id = mk.movie_id)
                                      ->  Index Scan using company_name_pkey on company_name cn  (cost=0.42..1.47 rows=1 width=4) (actual time=0.002..0.002 rows=0 loops=3513)
                                            Index Cond: (id = mc.company_id)
                                            Filter: ((country_code)::text = '[us]'::text)
                                            Rows Removed by Filter: 1
                                ->  Index Only Scan using person_id_aka_name on aka_name an  (cost=0.42..0.99 rows=2 width=4) (actual time=0.002..0.002 rows=3 loops=1608)
                                      Index Cond: (person_id = ci.person_id)
                                      Heap Fetches: 0
                          ->  Index Scan using name_pkey on name n  (cost=0.43..1.85 rows=1 width=19) (actual time=0.002..0.002 rows=0 loops=4058)
                                Index Cond: (id = ci.person_id)
                                Filter: ((name ~~ '%An%'::text) AND ((gender)::text = 'f'::text))
                                Rows Removed by Filter: 1
                    ->  Index Scan using char_name_pkey on char_name chn  (cost=0.43..1.74 rows=1 width=20) (actual time=0.002..0.002 rows=1 loops=127)
                          Index Cond: (id = ci.person_role_id)
              ->  Index Scan using movie_id_movie_info on movie_info mi  (cost=0.43..31.97 rows=1 width=8) (actual time=0.006..0.031 rows=2 loops=125)
                    Index Cond: (movie_id = mk.movie_id)
                    Filter: ((info IS NOT NULL) AND ((info ~~ 'Japan:%201%'::text) OR (info ~~ 'USA:%201%'::text)))
                    Rows Removed by Filter: 126
Planning time: 49.628 ms
Execution time: 120.743 ms
