Aggregate  (cost=6476.65..6476.66 rows=1 width=96) (actual time=59.375..59.375 rows=1 loops=1)
  ->  Nested Loop  (cost=10.31..6476.64 rows=1 width=48) (actual time=23.603..59.344 rows=45 loops=1)
        Join Filter: (it.id = mi.info_type_id)
        ->  Seq Scan on info_type it  (cost=0.00..2.41 rows=1 width=4) (actual time=0.006..0.012 rows=1 loops=1)
              Filter: ((info)::text = 'release dates'::text)
              Rows Removed by Filter: 112
        ->  Nested Loop  (cost=10.31..6474.22 rows=1 width=52) (actual time=23.595..59.321 rows=45 loops=1)
              Join Filter: (t.id = mi.movie_id)
              ->  Nested Loop  (cost=9.87..6442.24 rows=1 width=64) (actual time=23.577..58.652 rows=25 loops=1)
                    ->  Nested Loop  (cost=9.45..6439.70 rows=1 width=68) (actual time=20.695..58.103 rows=275 loops=1)
                          Join Filter: (n.id = an.person_id)
                          ->  Nested Loop  (cost=9.03..6438.69 rows=1 width=76) (actual time=20.684..57.907 rows=55 loops=1)
                                ->  Nested Loop  (cost=8.60..6436.95 rows=1 width=64) (actual time=20.675..57.790 rows=55 loops=1)
                                      ->  Nested Loop  (cost=8.17..6435.09 rows=1 width=45) (actual time=20.648..56.931 rows=421 loops=1)
                                            Join Filter: (rt.id = ci.role_id)
                                            Rows Removed by Join Filter: 1358
                                            ->  Seq Scan on role_type rt  (cost=0.00..1.15 rows=1 width=4) (actual time=0.002..0.004 rows=1 loops=1)
                                                  Filter: ((role)::text = 'actress'::text)
                                                  Rows Removed by Filter: 11
                                            ->  Nested Loop  (cost=8.17..6433.93 rows=1 width=49) (actual time=20.607..56.734 rows=1779 loops=1)
                                                  Join Filter: (t.id = ci.movie_id)
                                                  ->  Nested Loop  (cost=7.60..6395.14 rows=1 width=33) (actual time=13.456..52.612 rows=62 loops=1)
                                                        Join Filter: (t.id = mc.movie_id)
                                                        ->  Nested Loop  (cost=7.17..6391.67 rows=1 width=25) (actual time=13.447..52.547 rows=7 loops=1)
                                                              ->  Nested Loop  (cost=6.74..6229.24 rows=101 width=4) (actual time=0.638..26.641 rows=9696 loops=1)
                                                                    ->  Seq Scan on keyword k  (cost=0.00..2961.55 rows=3 width=4) (actual time=0.009..14.859 rows=3 loops=1)
                                                                          Filter: (keyword = ANY ('{hero,martial-arts,hand-to-hand-combat,computer-animated-movie}'::text[]))
                                                                          Rows Removed by Filter: 134167
                                                                    ->  Bitmap Heap Scan on movie_keyword mk  (cost=6.74..1086.25 rows=298 width=8) (actual time=0.612..3.462 rows=3232 loops=3)
                                                                          Recheck Cond: (keyword_id = k.id)
                                                                          Heap Blocks: exact=7446
                                                                          ->  Bitmap Index Scan on keyword_id_movie_keyword  (cost=0.00..6.67 rows=298 width=0) (actual time=0.311..0.311 rows=3232 loops=3)
                                                                                Index Cond: (keyword_id = k.id)
                                                              ->  Index Scan using title_pkey on title t  (cost=0.43..1.61 rows=1 width=21) (actual time=0.002..0.002 rows=0 loops=9696)
                                                                    Index Cond: (id = mk.movie_id)
                                                                    Filter: ((production_year > 2010) AND (title ~~ 'Kung Fu Panda%'::text))
                                                                    Rows Removed by Filter: 1
                                                        ->  Index Scan using movie_id_movie_companies on movie_companies mc  (cost=0.43..3.40 rows=5 width=8) (actual time=0.004..0.006 rows=9 loops=7)
                                                              Index Cond: (movie_id = mk.movie_id)
                                                  ->  Index Scan using movie_id_cast_info on cast_info ci  (cost=0.56..38.78 rows=1 width=16) (actual time=0.005..0.061 rows=29 loops=62)
                                                        Index Cond: (movie_id = mk.movie_id)
                                                        Filter: (note = ANY ('{(voice),"(voice: Japanese version)","(voice) (uncredited)","(voice: English version)"}'::text[]))
                                                        Rows Removed by Filter: 104
                                      ->  Index Scan using name_pkey on name n  (cost=0.43..1.85 rows=1 width=19) (actual time=0.002..0.002 rows=0 loops=421)
                                            Index Cond: (id = ci.person_id)
                                            Filter: ((name ~~ '%An%'::text) AND ((gender)::text = 'f'::text))
                                            Rows Removed by Filter: 1
                                ->  Index Scan using char_name_pkey on char_name chn  (cost=0.43..1.74 rows=1 width=20) (actual time=0.002..0.002 rows=1 loops=55)
                                      Index Cond: (id = ci.person_role_id)
                          ->  Index Only Scan using person_id_aka_name on aka_name an  (cost=0.42..0.99 rows=2 width=4) (actual time=0.002..0.002 rows=5 loops=55)
                                Index Cond: (person_id = ci.person_id)
                                Heap Fetches: 0
                    ->  Index Scan using company_name_pkey on company_name cn  (cost=0.42..1.48 rows=1 width=4) (actual time=0.002..0.002 rows=0 loops=275)
                          Index Cond: (id = mc.company_id)
                          Filter: (((country_code)::text = '[us]'::text) AND (name = 'DreamWorks Animation'::text))
                          Rows Removed by Filter: 1
              ->  Index Scan using movie_id_movie_info on movie_info mi  (cost=0.43..31.97 rows=1 width=8) (actual time=0.005..0.026 rows=2 loops=25)
                    Index Cond: (movie_id = mk.movie_id)
                    Filter: ((info IS NOT NULL) AND ((info ~~ 'Japan:%201%'::text) OR (info ~~ 'USA:%201%'::text)))
                    Rows Removed by Filter: 104
Planning time: 49.894 ms
Execution time: 59.474 ms
