Aggregate  (cost=8692.98..8692.99 rows=1 width=96) (actual time=26.361..26.362 rows=1 loops=1)
  ->  Nested Loop  (cost=4.00..8692.64 rows=45 width=48) (actual time=7.108..26.335 rows=45 loops=1)
        Join Filter: (it.id = mi.info_type_id)
        ->  Seq Scan on info_type it  (cost=0.00..2.41 rows=1 width=4) (actual time=0.008..0.014 rows=1 loops=1)
              Filter: ((info)::text = 'release dates'::text)
              Rows Removed by Filter: 112
        ->  Nested Loop  (cost=4.00..8689.67 rows=45 width=52) (actual time=7.098..26.311 rows=45 loops=1)
              Join Filter: (t.id = mi.movie_id)
              ->  Nested Loop  (cost=3.56..7890.18 rows=25 width=64) (actual time=7.080..25.652 rows=25 loops=1)
                    ->  Nested Loop  (cost=3.14..7345.45 rows=370 width=68) (actual time=6.989..24.940 rows=370 loops=1)
                          Join Filter: (t.id = mk.movie_id)
                          ->  Nested Loop  (cost=2.71..7299.97 rows=15 width=60) (actual time=6.978..24.771 rows=15 loops=1)
                                Join Filter: (ci.role_id = rt.id)
                                ->  Seq Scan on role_type rt  (cost=0.00..1.15 rows=1 width=4) (actual time=0.001..0.004 rows=1 loops=1)
                                      Filter: ((role)::text = 'actress'::text)
                                      Rows Removed by Filter: 11
                                ->  Nested Loop  (cost=2.71..7298.64 rows=15 width=64) (actual time=6.975..24.763 rows=15 loops=1)
                                      Join Filter: (n.id = an.person_id)
                                      ->  Nested Loop  (cost=2.28..7295.58 rows=3 width=72) (actual time=6.964..24.742 rows=3 loops=1)
                                            ->  Nested Loop  (cost=1.85..7290.36 rows=3 width=60) (actual time=6.957..24.730 rows=3 loops=1)
                                                  ->  Nested Loop  (cost=1.42..7184.70 rows=57 width=41) (actual time=6.787..24.506 rows=57 loops=1)
                                                        Join Filter: (t.id = ci.movie_id)
                                                        ->  Nested Loop  (cost=0.86..7029.14 rows=4 width=25) (actual time=6.608..24.225 rows=4 loops=1)
                                                              ->  Nested Loop  (cost=0.43..6868.05 rows=99 width=4) (actual time=6.524..23.872 rows=99 loops=1)
                                                                    ->  Seq Scan on company_name cn  (cost=0.00..6519.95 rows=1 width=4) (actual time=6.506..23.757 rows=1 loops=1)
                                                                          Filter: (((country_code)::text = '[us]'::text) AND (name = 'DreamWorks Animation'::text))
                                                                          Rows Removed by Filter: 234996
                                                                    ->  Index Scan using company_id_movie_companies on movie_companies mc  (cost=0.43..346.77 rows=132 width=8) (actual time=0.015..0.097 rows=99 loops=1)
                                                                          Index Cond: (company_id = cn.id)
                                                              ->  Index Scan using title_pkey on title t  (cost=0.43..1.62 rows=1 width=21) (actual time=0.003..0.003 rows=0 loops=99)
                                                                    Index Cond: (id = mc.movie_id)
                                                                    Filter: ((production_year > 2010) AND (title ~~ 'Kung Fu Panda%'::text))
                                                                    Rows Removed by Filter: 1
                                                        ->  Index Scan using movie_id_cast_info on cast_info ci  (cost=0.56..38.88 rows=1 width=16) (actual time=0.013..0.067 rows=14 loops=4)
                                                              Index Cond: (movie_id = mc.movie_id)
                                                              Filter: (note = ANY ('{(voice),"(voice: Japanese version)","(voice) (uncredited)","(voice: English version)"}'::text[]))
                                                              Rows Removed by Filter: 45
                                                  ->  Index Scan using name_pkey on name n  (cost=0.43..1.85 rows=1 width=19) (actual time=0.004..0.004 rows=0 loops=57)
                                                        Index Cond: (id = ci.person_id)
                                                        Filter: ((name ~~ '%An%'::text) AND ((gender)::text = 'f'::text))
                                                        Rows Removed by Filter: 1
                                            ->  Index Scan using char_name_pkey on char_name chn  (cost=0.43..1.74 rows=1 width=20) (actual time=0.003..0.003 rows=1 loops=3)
                                                  Index Cond: (id = ci.person_role_id)
                                      ->  Index Only Scan using person_id_aka_name on aka_name an  (cost=0.42..0.99 rows=2 width=4) (actual time=0.004..0.005 rows=5 loops=3)
                                            Index Cond: (person_id = ci.person_id)
                                            Heap Fetches: 0
                          ->  Index Scan using movie_id_movie_keyword on movie_keyword mk  (cost=0.43..2.46 rows=46 width=8) (actual time=0.002..0.006 rows=25 loops=15)
                                Index Cond: (movie_id = mc.movie_id)
                    ->  Index Scan using keyword_pkey on keyword k  (cost=0.42..1.47 rows=1 width=4) (actual time=0.002..0.002 rows=0 loops=370)
                          Index Cond: (id = mk.keyword_id)
                          Filter: (keyword = ANY ('{hero,martial-arts,hand-to-hand-combat,computer-animated-movie}'::text[]))
                          Rows Removed by Filter: 1
              ->  Index Scan using movie_id_movie_info on movie_info mi  (cost=0.43..31.97 rows=1 width=8) (actual time=0.005..0.026 rows=2 loops=25)
                    Index Cond: (movie_id = mk.movie_id)
                    Filter: ((info IS NOT NULL) AND ((info ~~ 'Japan:%201%'::text) OR (info ~~ 'USA:%201%'::text)))
                    Rows Removed by Filter: 104
Planning time: 49.037 ms
Execution time: 26.453 ms
