Aggregate  (cost=60986.44..60986.45 rows=1 width=128) (actual time=233.830..233.830 rows=1 loops=1)
  ->  Nested Loop  (cost=9.03..60986.43 rows=1 width=80) (actual time=37.952..233.809 rows=6 loops=1)
        ->  Nested Loop  (cost=8.60..60985.35 rows=1 width=69) (actual time=37.941..233.770 rows=6 loops=1)
              Join Filter: (mi_idx.info_type_id = it2.id)
              Rows Removed by Join Filter: 12
              ->  Nested Loop  (cost=8.60..60982.92 rows=1 width=73) (actual time=37.902..233.616 rows=18 loops=1)
                    Join Filter: (t.id = ci.movie_id)
                    ->  Nested Loop  (cost=8.03..60954.74 rows=1 width=85) (actual time=37.864..233.164 rows=27 loops=1)
                          Join Filter: (t.id = mi_idx.movie_id)
                          ->  Nested Loop  (cost=7.61..60947.47 rows=9 width=71) (actual time=37.855..233.108 rows=9 loops=1)
                                Join Filter: (mi.info_type_id = it1.id)
                                ->  Seq Scan on info_type it1  (cost=0.00..2.41 rows=1 width=4) (actual time=0.007..0.014 rows=1 loops=1)
                                      Filter: ((info)::text = 'genres'::text)
                                      Rows Removed by Filter: 112
                                ->  Nested Loop  (cost=7.61..60944.94 rows=9 width=75) (actual time=37.847..233.087 rows=9 loops=1)
                                      Join Filter: (t.id = mi.movie_id)
                                      ->  Nested Loop  (cost=7.17..60787.77 rows=9 width=25) (actual time=37.820..232.938 rows=9 loops=1)
                                            ->  Nested Loop  (cost=6.74..8522.79 rows=62096 width=4) (actual time=2.845..87.325 rows=62096 loops=1)
                                                  ->  Seq Scan on keyword k  (cost=0.00..3129.26 rows=5 width=4) (actual time=0.536..17.109 rows=5 loops=1)
                                                        Filter: (keyword = ANY ('{murder,blood,gore,death,female-nudity}'::text[]))
                                                        Rows Removed by Filter: 134165
                                                  ->  Bitmap Heap Scan on movie_keyword mk  (cost=6.74..1075.72 rows=298 width=8) (actual time=2.042..12.322 rows=12419 loops=5)
                                                        Recheck Cond: (keyword_id = k.id)
                                                        Heap Blocks: exact=41331
                                                        ->  Bitmap Index Scan on keyword_id_movie_keyword  (cost=0.00..6.67 rows=298 width=0) (actual time=1.043..1.043 rows=12419 loops=5)
                                                              Index Cond: (keyword_id = k.id)
                                            ->  Index Scan using title_pkey on title t  (cost=0.43..0.84 rows=1 width=21) (actual time=0.002..0.002 rows=0 loops=62096)
                                                  Index Cond: (id = mk.movie_id)
                                                  Filter: ((production_year > 2010) AND (title ~~ 'Vampire%'::text))
                                                  Rows Removed by Filter: 1
                                      ->  Index Scan using movie_id_movie_info on movie_info mi  (cost=0.43..17.45 rows=1 width=50) (actual time=0.015..0.015 rows=1 loops=9)
                                            Index Cond: (movie_id = mk.movie_id)
                                            Filter: (info = 'Horror'::text)
                                            Rows Removed by Filter: 17
                          ->  Index Scan using movie_id_movie_info_idx on movie_info_idx mi_idx  (cost=0.43..0.77 rows=3 width=14) (actual time=0.004..0.005 rows=3 loops=9)
                                Index Cond: (movie_id = mk.movie_id)
                    ->  Index Scan using movie_id_cast_info on cast_info ci  (cost=0.56..28.17 rows=1 width=8) (actual time=0.014..0.016 rows=1 loops=27)
                          Index Cond: (movie_id = mk.movie_id)
                          Filter: (note = ANY ('{(writer),"(head writer)","(written by)",(story),"(story editor)"}'::text[]))
                          Rows Removed by Filter: 21
              ->  Seq Scan on info_type it2  (cost=0.00..2.41 rows=1 width=4) (actual time=0.006..0.007 rows=1 loops=18)
                    Filter: ((info)::text = 'votes'::text)
                    Rows Removed by Filter: 108
        ->  Index Scan using name_pkey on name n  (cost=0.43..1.08 rows=1 width=19) (actual time=0.005..0.005 rows=1 loops=6)
              Index Cond: (id = ci.person_id)
              Filter: ((gender)::text = 'm'::text)
Planning time: 7.274 ms
Execution time: 233.924 ms
