Aggregate  (cost=11256.06..11256.07 rows=1 width=128) (actual time=5358.424..5358.424 rows=1 loops=1)
  ->  Nested Loop  (cost=9.03..11256.05 rows=1 width=80) (actual time=3.145..5344.036 rows=26153 loops=1)
        Join Filter: (mi.movie_id = t.id)
        ->  Nested Loop  (cost=8.60..11255.20 rows=1 width=79) (actual time=3.137..5273.283 rows=26153 loops=1)
              ->  Nested Loop  (cost=8.17..11254.12 rows=1 width=68) (actual time=3.130..5122.889 rows=42900 loops=1)
                    Join Filter: (mi.movie_id = ci.movie_id)
                    ->  Nested Loop  (cost=7.60..11225.93 rows=1 width=60) (actual time=3.023..2046.746 rows=63386 loops=1)
                          Join Filter: (mi.info_type_id = it1.id)
                          Rows Removed by Join Filter: 4346
                          ->  Seq Scan on info_type it1  (cost=0.00..2.41 rows=1 width=4) (actual time=0.005..0.013 rows=1 loops=1)
                                Filter: ((info)::text = 'genres'::text)
                                Rows Removed by Filter: 112
                          ->  Nested Loop  (cost=7.60..11223.48 rows=3 width=64) (actual time=3.016..2033.657 rows=67732 loops=1)
                                Join Filter: (mi_idx.movie_id = mi.movie_id)
                                ->  Nested Loop  (cost=7.17..11117.47 rows=6 width=14) (actual time=2.997..398.543 rows=63701 loops=1)
                                      Join Filter: (mi_idx.info_type_id = it2.id)
                                      Rows Removed by Join Filter: 127988
                                      ->  Seq Scan on info_type it2  (cost=0.00..2.41 rows=1 width=4) (actual time=0.008..0.011 rows=1 loops=1)
                                            Filter: ((info)::text = 'votes'::text)
                                            Rows Removed by Filter: 112
                                      ->  Nested Loop  (cost=7.17..11106.25 rows=705 width=18) (actual time=2.987..374.620 rows=191689 loops=1)
                                            ->  Nested Loop  (cost=6.74..10917.30 rows=236 width=4) (actual time=2.976..126.951 rows=76714 loops=1)
                                                  ->  Seq Scan on keyword k  (cost=0.00..3464.69 rows=7 width=4) (actual time=0.640..20.904 rows=7 loops=1)
                                                        Filter: (keyword = ANY ('{murder,violence,blood,gore,death,female-nudity,hospital}'::text[]))
                                                        Rows Removed by Filter: 134163
                                                  ->  Bitmap Heap Scan on movie_keyword mk  (cost=6.74..1061.68 rows=298 width=8) (actual time=2.040..13.274 rows=10959 loops=7)
                                                        Recheck Cond: (keyword_id = k.id)
                                                        Heap Blocks: exact=53234
                                                        ->  Bitmap Index Scan on keyword_id_movie_keyword  (cost=0.00..6.67 rows=298 width=0) (actual time=1.082..1.082 rows=10959 loops=7)
                                                              Index Cond: (keyword_id = k.id)
                                            ->  Index Scan using movie_id_movie_info_idx on movie_info_idx mi_idx  (cost=0.43..0.77 rows=3 width=14) (actual time=0.002..0.003 rows=2 loops=76714)
                                                  Index Cond: (movie_id = mk.movie_id)
                                ->  Index Scan using movie_id_movie_info on movie_info mi  (cost=0.43..17.66 rows=1 width=50) (actual time=0.024..0.025 rows=1 loops=63701)
                                      Index Cond: (movie_id = mk.movie_id)
                                      Filter: (info = ANY ('{Horror,Action,Sci-Fi,Thriller,Crime,War}'::text[]))
                                      Rows Removed by Filter: 58
                    ->  Index Scan using movie_id_cast_info on cast_info ci  (cost=0.56..28.17 rows=1 width=8) (actual time=0.038..0.048 rows=1 loops=63386)
                          Index Cond: (movie_id = mk.movie_id)
                          Filter: (note = ANY ('{(writer),"(head writer)","(written by)",(story),"(story editor)"}'::text[]))
                          Rows Removed by Filter: 63
              ->  Index Scan using name_pkey on name n  (cost=0.43..1.08 rows=1 width=19) (actual time=0.003..0.003 rows=1 loops=42900)
                    Index Cond: (id = ci.person_id)
                    Filter: ((gender)::text = 'm'::text)
                    Rows Removed by Filter: 0
        ->  Index Scan using title_pkey on title t  (cost=0.43..0.84 rows=1 width=21) (actual time=0.002..0.002 rows=1 loops=26153)
              Index Cond: (id = mk.movie_id)
Planning time: 7.044 ms
Execution time: 5358.512 ms
