Aggregate  (cost=12395.09..12395.10 rows=1 width=96) (actual time=78.277..78.278 rows=1 loops=1)
  ->  Nested Loop  (cost=9.44..12395.08 rows=1 width=39) (actual time=8.500..78.229 rows=93 loops=1)
        Join Filter: (cct1.id = cc.subject_id)
        Rows Removed by Join Filter: 87
        ->  Seq Scan on comp_cast_type cct1  (cost=0.00..1.05 rows=1 width=4) (actual time=0.004..0.005 rows=1 loops=1)
              Filter: ((kind)::text = 'cast'::text)
              Rows Removed by Filter: 3
        ->  Nested Loop  (cost=9.44..12394.02 rows=1 width=43) (actual time=8.494..78.196 rows=180 loops=1)
              Join Filter: (cct2.id = cc.status_id)
              Rows Removed by Join Filter: 20
              ->  Nested Loop  (cost=9.44..12392.94 rows=1 width=47) (actual time=8.488..78.002 rows=180 loops=1)
                    ->  Nested Loop  (cost=9.02..12392.46 rows=1 width=55) (actual time=7.550..77.596 rows=191 loops=1)
                          ->  Nested Loop  (cost=8.59..12392.01 rows=1 width=59) (actual time=7.542..76.864 rows=191 loops=1)
                                ->  Nested Loop  (cost=8.16..12385.61 rows=14 width=47) (actual time=7.511..66.391 rows=7981 loops=1)
                                      Join Filter: (t.id = ci.movie_id)
                                      ->  Nested Loop  (cost=7.60..12383.65 rows=1 width=35) (actual time=7.498..57.854 rows=31 loops=1)
                                            Join Filter: (kt.id = t.kind_id)
                                            Rows Removed by Join Filter: 167
                                            ->  Seq Scan on kind_type kt  (cost=0.00..1.09 rows=1 width=4) (actual time=0.002..0.003 rows=1 loops=1)
                                                  Filter: ((kind)::text = 'movie'::text)
                                                  Rows Removed by Filter: 6
                                            ->  Nested Loop  (cost=7.60..12382.51 rows=4 width=39) (actual time=0.520..57.825 rows=198 loops=1)
                                                  ->  Nested Loop  (cost=7.17..12377.61 rows=10 width=14) (actual time=0.513..56.648 rows=313 loops=1)
                                                        Join Filter: (mi_idx.info_type_id = it2.id)
                                                        Rows Removed by Join Filter: 599
                                                        ->  Seq Scan on info_type it2  (cost=0.00..2.41 rows=1 width=4) (actual time=0.010..0.012 rows=1 loops=1)
                                                              Filter: ((info)::text = 'rating'::text)
                                                              Rows Removed by Filter: 112
                                                        ->  Nested Loop  (cost=7.17..12360.93 rows=1142 width=18) (actual time=0.466..56.524 rows=912 loops=1)
                                                              ->  Nested Loop  (cost=6.74..7290.41 rows=9984 width=4) (actual time=0.428..28.101 rows=9984 loops=1)
                                                                    ->  Seq Scan on keyword k  (cost=0.00..2961.55 rows=4 width=4) (actual time=0.061..15.700 rows=4 loops=1)
                                                                          Filter: (keyword = ANY ('{superhero,marvel-comics,based-on-comic,fight}'::text[]))
                                                                          Rows Removed by Filter: 134166
                                                                    ->  Bitmap Heap Scan on movie_keyword mk  (cost=6.74..1079.23 rows=298 width=8) (actual time=0.445..2.743 rows=2496 loops=4)
                                                                          Recheck Cond: (keyword_id = k.id)
                                                                          Heap Blocks: exact=7686
                                                                          ->  Bitmap Index Scan on keyword_id_movie_keyword  (cost=0.00..6.67 rows=298 width=0) (actual time=0.232..0.232 rows=2496 loops=4)
                                                                                Index Cond: (keyword_id = k.id)
                                                              ->  Index Scan using movie_id_movie_info_idx on movie_info_idx mi_idx  (cost=0.43..0.50 rows=1 width=14) (actual time=0.003..0.003 rows=0 loops=9984)
                                                                    Index Cond: (movie_id = mk.movie_id)
                                                                    Filter: (info > '8.0'::text)
                                                                    Rows Removed by Filter: 2
                                                  ->  Index Scan using title_pkey on title t  (cost=0.43..0.49 rows=1 width=25) (actual time=0.003..0.003 rows=1 loops=313)
                                                        Index Cond: (id = mk.movie_id)
                                                        Filter: (production_year > 2005)
                                                        Rows Removed by Filter: 0
                                      ->  Index Scan using movie_id_cast_info on cast_info ci  (cost=0.56..1.51 rows=36 width=12) (actual time=0.007..0.223 rows=257 loops=31)
                                            Index Cond: (movie_id = mk.movie_id)
                                ->  Index Scan using char_name_pkey on char_name chn  (cost=0.43..0.46 rows=1 width=20) (actual time=0.001..0.001 rows=0 loops=7981)
                                      Index Cond: (id = ci.person_role_id)
                                      Filter: ((name IS NOT NULL) AND ((name ~~ '%man%'::text) OR (name ~~ '%Man%'::text)))
                                      Rows Removed by Filter: 0
                          ->  Index Only Scan using name_pkey on name n  (cost=0.43..0.45 rows=1 width=4) (actual time=0.003..0.003 rows=1 loops=191)
                                Index Cond: (id = ci.person_id)
                                Heap Fetches: 0
                    ->  Index Scan using movie_id_complete_cast on complete_cast cc  (cost=0.42..0.46 rows=2 width=12) (actual time=0.001..0.002 rows=1 loops=191)
                          Index Cond: (movie_id = t.id)
              ->  Seq Scan on comp_cast_type cct2  (cost=0.00..1.05 rows=2 width=4) (actual time=0.001..0.001 rows=1 loops=180)
                    Filter: ((kind)::text ~~ '%complete%'::text)
                    Rows Removed by Filter: 2
Planning time: 45.569 ms
Execution time: 78.365 ms
