Aggregate  (cost=11979.95..11979.96 rows=1 width=96) (actual time=71.991..71.991 rows=1 loops=1)
  ->  Nested Loop  (cost=7419.92..11979.94 rows=1 width=39) (actual time=40.517..71.944 rows=93 loops=1)
        ->  Nested Loop  (cost=7419.49..11979.49 rows=1 width=43) (actual time=40.506..71.639 rows=93 loops=1)
              ->  Nested Loop  (cost=7419.06..11973.09 rows=14 width=31) (actual time=40.457..68.492 rows=2300 loops=1)
                    Join Filter: (t.id = ci.movie_id)
                    ->  Nested Loop  (cost=7418.50..11971.13 rows=1 width=39) (actual time=40.440..66.209 rows=6 loops=1)
                          ->  Nested Loop  (cost=7418.37..11970.97 rows=1 width=43) (actual time=40.433..66.189 rows=6 loops=1)
                                ->  Nested Loop  (cost=7418.23..11969.97 rows=6 width=47) (actual time=29.856..66.137 rows=31 loops=1)
                                      Join Filter: (t.id = mi_idx.movie_id)
                                      ->  Hash Join  (cost=7417.80..11832.68 rows=269 width=33) (actual time=29.773..65.028 rows=269 loops=1)
                                            Hash Cond: (t.kind_id = kt.id)
                                            ->  Nested Loop  (cost=7416.70..11827.41 rows=367 width=37) (actual time=29.761..64.942 rows=367 loops=1)
                                                  ->  Hash Join  (cost=7416.27..10521.17 rows=2667 width=12) (actual time=29.746..57.029 rows=2667 loops=1)
                                                        Hash Cond: (cc.subject_id = cct1.id)
                                                        ->  Hash Join  (cost=7415.21..10478.75 rows=3974 width=16) (actual time=29.740..56.393 rows=3974 loops=1)
                                                              Hash Cond: (cc.movie_id = mk.movie_id)
                                                              ->  Seq Scan on complete_cast cc  (cost=0.00..2081.86 rows=135086 width=12) (actual time=0.002..10.792 rows=135086 loops=1)
                                                              ->  Hash  (cost=7290.41..7290.41 rows=9984 width=4) (actual time=29.721..29.721 rows=9984 loops=1)
                                                                    Buckets: 16384  Batches: 1  Memory Usage: 479kB
                                                                    ->  Nested Loop  (cost=6.74..7290.41 rows=9984 width=4) (actual time=0.423..28.226 rows=9984 loops=1)
                                                                          ->  Seq Scan on keyword k  (cost=0.00..2961.55 rows=4 width=4) (actual time=0.061..15.923 rows=4 loops=1)
                                                                                Filter: (keyword = ANY ('{superhero,marvel-comics,based-on-comic,fight}'::text[]))
                                                                                Rows Removed by Filter: 134166
                                                                          ->  Bitmap Heap Scan on movie_keyword mk  (cost=6.74..1079.23 rows=298 width=8) (actual time=0.477..2.689 rows=2496 loops=4)
                                                                                Recheck Cond: (keyword_id = k.id)
                                                                                Heap Blocks: exact=7686
                                                                                ->  Bitmap Index Scan on keyword_id_movie_keyword  (cost=0.00..6.67 rows=298 width=0) (actual time=0.240..0.240 rows=2496 loops=4)
                                                                                      Index Cond: (keyword_id = k.id)
                                                        ->  Hash  (cost=1.05..1.05 rows=1 width=4) (actual time=0.003..0.003 rows=1 loops=1)
                                                              Buckets: 1024  Batches: 1  Memory Usage: 9kB
                                                              ->  Seq Scan on comp_cast_type cct1  (cost=0.00..1.05 rows=1 width=4) (actual time=0.001..0.002 rows=1 loops=1)
                                                                    Filter: ((kind)::text = 'cast'::text)
                                                                    Rows Removed by Filter: 3
                                                  ->  Index Scan using title_pkey on title t  (cost=0.43..0.49 rows=1 width=25) (actual time=0.003..0.003 rows=0 loops=2667)
                                                        Index Cond: (id = mk.movie_id)
                                                        Filter: (production_year > 2005)
                                                        Rows Removed by Filter: 1
                                            ->  Hash  (cost=1.09..1.09 rows=1 width=4) (actual time=0.007..0.007 rows=1 loops=1)
                                                  Buckets: 1024  Batches: 1  Memory Usage: 9kB
                                                  ->  Seq Scan on kind_type kt  (cost=0.00..1.09 rows=1 width=4) (actual time=0.004..0.005 rows=1 loops=1)
                                                        Filter: ((kind)::text = 'movie'::text)
                                                        Rows Removed by Filter: 6
                                      ->  Index Scan using movie_id_movie_info_idx on movie_info_idx mi_idx  (cost=0.43..0.50 rows=1 width=14) (actual time=0.004..0.004 rows=0 loops=269)
                                            Index Cond: (movie_id = mk.movie_id)
                                            Filter: (info > '8.0'::text)
                                            Rows Removed by Filter: 3
                                ->  Index Scan using info_type_pkey on info_type it2  (cost=0.14..0.16 rows=1 width=4) (actual time=0.001..0.001 rows=0 loops=31)
                                      Index Cond: (id = mi_idx.info_type_id)
                                      Filter: ((info)::text = 'rating'::text)
                                      Rows Removed by Filter: 1
                          ->  Index Scan using comp_cast_type_pkey on comp_cast_type cct2  (cost=0.13..0.15 rows=1 width=4) (actual time=0.002..0.002 rows=1 loops=6)
                                Index Cond: (id = cc.status_id)
                                Filter: ((kind)::text ~~ '%complete%'::text)
                    ->  Index Scan using movie_id_cast_info on cast_info ci  (cost=0.56..1.51 rows=36 width=12) (actual time=0.007..0.302 rows=383 loops=6)
                          Index Cond: (movie_id = mk.movie_id)
              ->  Index Scan using char_name_pkey on char_name chn  (cost=0.43..0.46 rows=1 width=20) (actual time=0.001..0.001 rows=0 loops=2300)
                    Index Cond: (id = ci.person_role_id)
                    Filter: ((name IS NOT NULL) AND ((name ~~ '%man%'::text) OR (name ~~ '%Man%'::text)))
                    Rows Removed by Filter: 0
        ->  Index Only Scan using name_pkey on name n  (cost=0.43..0.45 rows=1 width=4) (actual time=0.003..0.003 rows=1 loops=93)
              Index Cond: (id = ci.person_id)
              Heap Fetches: 0
Planning time: 45.262 ms
Execution time: 72.090 ms
