Aggregate  (cost=14633.42..14633.43 rows=1 width=96) (actual time=738.516..738.516 rows=1 loops=1)
  ->  Nested Loop  (cost=9.44..14633.41 rows=1 width=39) (actual time=2.707..736.342 rows=5400 loops=1)
        Join Filter: (cc.subject_id = cct1.id)
        Rows Removed by Join Filter: 959
        ->  Nested Loop  (cost=9.44..14632.35 rows=1 width=43) (actual time=2.706..730.630 rows=6359 loops=1)
              ->  Nested Loop  (cost=9.01..14631.90 rows=1 width=47) (actual time=2.698..708.390 rows=6359 loops=1)
                    ->  Nested Loop  (cost=8.58..14625.49 rows=14 width=35) (actual time=2.226..389.942 rows=220668 loops=1)
                          Join Filter: (t.id = ci.movie_id)
                          ->  Nested Loop  (cost=8.02..14623.54 rows=1 width=43) (actual time=2.216..152.561 rows=1473 loops=1)
                                Join Filter: (cc.status_id = cct2.id)
                                Rows Removed by Join Filter: 519
                                ->  Nested Loop  (cost=8.02..14622.46 rows=1 width=47) (actual time=2.211..150.412 rows=1473 loops=1)
                                      Join Filter: (it2.id = mi_idx.info_type_id)
                                      Rows Removed by Join Filter: 3013
                                      ->  Seq Scan on info_type it2  (cost=0.00..2.41 rows=1 width=4) (actual time=0.010..0.012 rows=1 loops=1)
                                            Filter: ((info)::text = 'rating'::text)
                                            Rows Removed by Filter: 112
                                      ->  Nested Loop  (cost=8.02..14620.04 rows=1 width=51) (actual time=2.199..149.758 rows=4486 loops=1)
                                            Join Filter: (t.id = mi_idx.movie_id)
                                            ->  Nested Loop  (cost=7.59..14619.51 rows=1 width=37) (actual time=2.192..142.173 rows=1485 loops=1)
                                                  ->  Nested Loop  (cost=7.17..14607.08 rows=26 width=25) (actual time=2.160..131.372 rows=5032 loops=1)
                                                        Join Filter: (t.kind_id = kt.id)
                                                        Rows Removed by Join Filter: 5581
                                                        ->  Seq Scan on kind_type kt  (cost=0.00..1.09 rows=1 width=4) (actual time=0.002..0.004 rows=1 loops=1)
                                                              Filter: ((kind)::text = 'movie'::text)
                                                              Rows Removed by Filter: 6
                                                        ->  Nested Loop  (cost=7.17..14603.69 rows=184 width=29) (actual time=0.472..129.839 rows=10613 loops=1)
                                                              ->  Nested Loop  (cost=6.74..14438.63 rows=337 width=4) (actual time=0.466..58.333 rows=24091 loops=1)
                                                                    ->  Seq Scan on keyword k  (cost=0.00..3967.82 rows=10 width=4) (actual time=0.102..26.603 rows=10 loops=1)
                                                                          Filter: (keyword = ANY ('{superhero,marvel-comics,based-on-comic,tv-special,fight,violence,magnet,web,claw,laser}'::text[]))
                                                                          Rows Removed by Filter: 134160
                                                                    ->  Bitmap Heap Scan on movie_keyword mk  (cost=6.74..1044.10 rows=298 width=8) (actual time=0.457..2.810 rows=2409 loops=10)
                                                                          Recheck Cond: (keyword_id = k.id)
                                                                          Heap Blocks: exact=17127
                                                                          ->  Bitmap Index Scan on keyword_id_movie_keyword  (cost=0.00..6.67 rows=298 width=0) (actual time=0.244..0.244 rows=2409 loops=10)
                                                                                Index Cond: (keyword_id = k.id)
                                                              ->  Index Scan using title_pkey on title t  (cost=0.43..0.49 rows=1 width=25) (actual time=0.003..0.003 rows=0 loops=24091)
                                                                    Index Cond: (id = mk.movie_id)
                                                                    Filter: (production_year > 2000)
                                                                    Rows Removed by Filter: 1
                                                  ->  Index Scan using movie_id_complete_cast on complete_cast cc  (cost=0.42..0.46 rows=2 width=12) (actual time=0.002..0.002 rows=0 loops=5032)
                                                        Index Cond: (movie_id = t.id)
                                            ->  Index Scan using movie_id_movie_info_idx on movie_info_idx mi_idx  (cost=0.43..0.49 rows=3 width=14) (actual time=0.003..0.004 rows=3 loops=1485)
                                                  Index Cond: (movie_id = mk.movie_id)
                                ->  Seq Scan on comp_cast_type cct2  (cost=0.00..1.05 rows=2 width=4) (actual time=0.001..0.001 rows=1 loops=1473)
                                      Filter: ((kind)::text ~~ '%complete%'::text)
                                      Rows Removed by Filter: 2
                          ->  Index Scan using movie_id_cast_info on cast_info ci  (cost=0.56..1.51 rows=36 width=12) (actual time=0.006..0.130 rows=150 loops=1473)
                                Index Cond: (movie_id = mk.movie_id)
                    ->  Index Scan using char_name_pkey on char_name chn  (cost=0.43..0.46 rows=1 width=20) (actual time=0.001..0.001 rows=0 loops=220668)
                          Index Cond: (id = ci.person_role_id)
                          Filter: ((name IS NOT NULL) AND ((name ~~ '%man%'::text) OR (name ~~ '%Man%'::text)))
                          Rows Removed by Filter: 0
              ->  Index Only Scan using name_pkey on name n  (cost=0.43..0.45 rows=1 width=4) (actual time=0.003..0.003 rows=1 loops=6359)
                    Index Cond: (id = ci.person_id)
                    Heap Fetches: 0
        ->  Seq Scan on comp_cast_type cct1  (cost=0.00..1.05 rows=1 width=4) (actual time=0.000..0.000 rows=1 loops=6359)
              Filter: ((kind)::text = 'cast'::text)
              Rows Removed by Filter: 0
Planning time: 45.420 ms
Execution time: 738.609 ms
