Aggregate  (cost=21470.78..21470.79 rows=1 width=96) (actual time=603.407..603.407 rows=1 loops=1)
  ->  Nested Loop  (cost=14745.29..21470.75 rows=4 width=39) (actual time=59.175..601.266 rows=5400 loops=1)
        ->  Nested Loop  (cost=14744.86..21468.95 rows=4 width=43) (actual time=59.164..584.340 rows=5400 loops=1)
              ->  Nested Loop  (cost=14744.43..21409.90 rows=129 width=31) (actual time=58.361..330.430 rows=189738 loops=1)
                    Join Filter: (t.id = ci.movie_id)
                    ->  Hash Join  (cost=14743.87..21392.29 rows=9 width=39) (actual time=58.345..144.956 rows=1261 loops=1)
                          Hash Cond: (t.kind_id = kt.id)
                          ->  Nested Loop  (cost=14742.77..21390.51 rows=60 width=43) (actual time=58.333..144.527 rows=1495 loops=1)
                                ->  Nested Loop  (cost=14742.34..21337.13 rows=109 width=18) (actual time=58.324..126.080 rows=6238 loops=1)
                                      Join Filter: (it2.id = mi_idx.info_type_id)
                                      Rows Removed by Join Filter: 12624
                                      ->  Seq Scan on info_type it2  (cost=0.00..2.41 rows=1 width=4) (actual time=0.009..0.012 rows=1 loops=1)
                                            Filter: ((info)::text = 'rating'::text)
                                            Rows Removed by Filter: 112
                                      ->  Nested Loop  (cost=14742.34..21180.08 rows=12371 width=22) (actual time=58.312..123.705 rows=18862 loops=1)
                                            ->  Hash Join  (cost=14741.91..19023.69 rows=4144 width=8) (actual time=58.287..100.856 rows=6396 loops=1)
                                                  Hash Cond: (cc.subject_id = cct1.id)
                                                  ->  Hash Join  (cost=14740.85..18850.12 rows=16577 width=12) (actual time=58.281..99.140 rows=9392 loops=1)
                                                        Hash Cond: (cc.status_id = cct2.id)
                                                        ->  Hash Join  (cost=14739.77..18504.03 rows=33154 width=16) (actual time=58.274..96.957 rows=9392 loops=1)
                                                              Hash Cond: (cc.movie_id = mk.movie_id)
                                                              ->  Seq Scan on complete_cast cc  (cost=0.00..2081.86 rows=135086 width=12) (actual time=0.003..11.139 rows=135086 loops=1)
                                                              ->  Hash  (cost=14438.63..14438.63 rows=24091 width=4) (actual time=58.249..58.249 rows=24091 loops=1)
                                                                    Buckets: 32768  Batches: 1  Memory Usage: 1103kB
                                                                    ->  Nested Loop  (cost=6.74..14438.63 rows=24091 width=4) (actual time=0.462..54.585 rows=24091 loops=1)
                                                                          ->  Seq Scan on keyword k  (cost=0.00..3967.82 rows=10 width=4) (actual time=0.102..26.608 rows=10 loops=1)
                                                                                Filter: (keyword = ANY ('{superhero,marvel-comics,based-on-comic,tv-special,fight,violence,magnet,web,claw,laser}'::text[]))
                                                                                Rows Removed by Filter: 134160
                                                                          ->  Bitmap Heap Scan on movie_keyword mk  (cost=6.74..1044.10 rows=298 width=8) (actual time=0.422..2.423 rows=2409 loops=10)
                                                                                Recheck Cond: (keyword_id = k.id)
                                                                                Heap Blocks: exact=17127
                                                                                ->  Bitmap Index Scan on keyword_id_movie_keyword  (cost=0.00..6.67 rows=298 width=0) (actual time=0.219..0.219 rows=2409 loops=10)
                                                                                      Index Cond: (keyword_id = k.id)
                                                        ->  Hash  (cost=1.05..1.05 rows=2 width=4) (actual time=0.003..0.003 rows=2 loops=1)
                                                              Buckets: 1024  Batches: 1  Memory Usage: 9kB
                                                              ->  Seq Scan on comp_cast_type cct2  (cost=0.00..1.05 rows=2 width=4) (actual time=0.001..0.002 rows=2 loops=1)
                                                                    Filter: ((kind)::text ~~ '%complete%'::text)
                                                                    Rows Removed by Filter: 2
                                                  ->  Hash  (cost=1.05..1.05 rows=1 width=4) (actual time=0.003..0.003 rows=1 loops=1)
                                                        Buckets: 1024  Batches: 1  Memory Usage: 9kB
                                                        ->  Seq Scan on comp_cast_type cct1  (cost=0.00..1.05 rows=1 width=4) (actual time=0.001..0.002 rows=1 loops=1)
                                                              Filter: ((kind)::text = 'cast'::text)
                                                              Rows Removed by Filter: 3
                                            ->  Index Scan using movie_id_movie_info_idx on movie_info_idx mi_idx  (cost=0.43..0.49 rows=3 width=14) (actual time=0.002..0.003 rows=3 loops=6396)
                                                  Index Cond: (movie_id = mk.movie_id)
                                ->  Index Scan using title_pkey on title t  (cost=0.43..0.49 rows=1 width=25) (actual time=0.003..0.003 rows=0 loops=6238)
                                      Index Cond: (id = mk.movie_id)
                                      Filter: (production_year > 2000)
                                      Rows Removed by Filter: 1
                          ->  Hash  (cost=1.09..1.09 rows=1 width=4) (actual time=0.007..0.007 rows=1 loops=1)
                                Buckets: 1024  Batches: 1  Memory Usage: 9kB
                                ->  Seq Scan on kind_type kt  (cost=0.00..1.09 rows=1 width=4) (actual time=0.004..0.005 rows=1 loops=1)
                                      Filter: ((kind)::text = 'movie'::text)
                                      Rows Removed by Filter: 6
                    ->  Index Scan using movie_id_cast_info on cast_info ci  (cost=0.56..1.51 rows=36 width=12) (actual time=0.005..0.117 rows=150 loops=1261)
                          Index Cond: (movie_id = mk.movie_id)
              ->  Index Scan using char_name_pkey on char_name chn  (cost=0.43..0.46 rows=1 width=20) (actual time=0.001..0.001 rows=0 loops=189738)
                    Index Cond: (id = ci.person_role_id)
                    Filter: ((name IS NOT NULL) AND ((name ~~ '%man%'::text) OR (name ~~ '%Man%'::text)))
                    Rows Removed by Filter: 0
        ->  Index Only Scan using name_pkey on name n  (cost=0.43..0.45 rows=1 width=4) (actual time=0.003..0.003 rows=1 loops=5400)
              Index Cond: (id = ci.person_id)
              Heap Fetches: 0
Planning time: 45.522 ms
Execution time: 603.510 ms
