Aggregate  (cost=3331.15..3331.16 rows=1 width=96) (actual time=31.072..31.072 rows=1 loops=1)
  ->  Nested Loop  (cost=7.12..3331.14 rows=1 width=48) (actual time=2.504..30.907 rows=477 loops=1)
        ->  Nested Loop  (cost=6.70..3006.78 rows=735 width=52) (actual time=2.494..21.596 rows=6483 loops=1)
              Join Filter: (ml.movie_id = mk.movie_id)
              ->  Nested Loop  (cost=6.26..2975.93 rows=16 width=68) (actual time=2.488..18.379 rows=705 loops=1)
                    Join Filter: (ml.movie_id = mi.movie_id)
                    ->  Nested Loop  (cost=5.83..2889.61 rows=43 width=64) (actual time=1.796..15.700 rows=269 loops=1)
                          Join Filter: (mc.company_type_id = ct.id)
                          Rows Removed by Join Filter: 21
                          ->  Seq Scan on company_type ct  (cost=0.00..1.05 rows=1 width=4) (actual time=0.005..0.006 rows=1 loops=1)
                                Filter: ((kind)::text = 'production companies'::text)
                                Rows Removed by Filter: 3
                          ->  Nested Loop  (cost=5.83..2886.41 rows=172 width=68) (actual time=1.789..15.635 rows=290 loops=1)
                                ->  Nested Loop  (cost=5.41..2503.37 rows=838 width=53) (actual time=0.789..14.160 rows=780 loops=1)
                                      Join Filter: (ml.movie_id = mc.movie_id)
                                      ->  Nested Loop  (cost=4.98..2383.62 rows=179 width=41) (actual time=0.779..13.397 rows=179 loops=1)
                                            Join Filter: (cc.status_id = cct2.id)
                                            Rows Removed by Join Filter: 68
                                            ->  Seq Scan on comp_cast_type cct2  (cost=0.00..1.05 rows=1 width=4) (actual time=0.002..0.003 rows=1 loops=1)
                                                  Filter: ((kind)::text = 'complete'::text)
                                                  Rows Removed by Filter: 3
                                            ->  Nested Loop  (cost=4.98..2379.49 rows=247 width=45) (actual time=0.777..13.351 rows=247 loops=1)
                                                  Join Filter: (ml.movie_id = t.id)
                                                  ->  Hash Join  (cost=4.55..1917.61 rows=257 width=24) (actual time=0.770..12.771 rows=257 loops=1)
                                                        Hash Cond: (ml.link_type_id = lt.id)
                                                        ->  Hash Join  (cost=3.30..1857.53 rows=4849 width=16) (actual time=0.035..12.272 rows=4849 loops=1)
                                                              Hash Cond: (cc.subject_id = cct1.id)
                                                              ->  Merge Join  (cost=2.22..1805.99 rows=4849 width=20) (actual time=0.029..11.271 rows=4849 loops=1)
                                                                    Merge Cond: (ml.movie_id = cc.movie_id)
                                                                    ->  Index Scan using movie_id_movie_link on movie_link ml  (cost=0.29..959.51 rows=29997 width=8) (actual time=0.007..4.559 rows=29997 loops=1)
                                                                    ->  Index Scan using movie_id_complete_cast on complete_cast cc  (cost=0.42..6332.07 rows=135086 width=12) (actual time=0.004..2.561 rows=9987 loops=1)
                                                              ->  Hash  (cost=1.05..1.05 rows=2 width=4) (actual time=0.003..0.003 rows=2 loops=1)
                                                                    Buckets: 1024  Batches: 1  Memory Usage: 9kB
                                                                    ->  Seq Scan on comp_cast_type cct1  (cost=0.00..1.05 rows=2 width=4) (actual time=0.001..0.002 rows=2 loops=1)
                                                                          Filter: ((kind)::text = ANY ('{cast,crew}'::text[]))
                                                                          Rows Removed by Filter: 2
                                                        ->  Hash  (cost=1.23..1.23 rows=2 width=16) (actual time=0.007..0.007 rows=2 loops=1)
                                                              Buckets: 1024  Batches: 1  Memory Usage: 9kB
                                                              ->  Seq Scan on link_type lt  (cost=0.00..1.23 rows=2 width=16) (actual time=0.002..0.005 rows=2 loops=1)
                                                                    Filter: ((link)::text ~~ '%follow%'::text)
                                                                    Rows Removed by Filter: 16
                                                  ->  Index Scan using title_pkey on title t  (cost=0.43..1.78 rows=1 width=21) (actual time=0.002..0.002 rows=1 loops=257)
                                                        Index Cond: (id = cc.movie_id)
                                                        Filter: ((production_year >= 1950) AND (production_year <= 2000))
                                                        Rows Removed by Filter: 0
                                      ->  Index Scan using movie_id_movie_companies on movie_companies mc  (cost=0.43..0.63 rows=3 width=12) (actual time=0.002..0.003 rows=4 loops=179)
                                            Index Cond: (movie_id = t.id)
                                            Filter: (note IS NULL)
                                            Rows Removed by Filter: 2
                                ->  Index Scan using company_name_pkey on company_name cn  (cost=0.42..0.46 rows=1 width=23) (actual time=0.002..0.002 rows=0 loops=780)
                                      Index Cond: (id = mc.company_id)
                                      Filter: (((country_code)::text <> '[pl]'::text) AND ((name ~~ '%Film%'::text) OR (name ~~ '%Warner%'::text)))
                                      Rows Removed by Filter: 1
                    ->  Index Scan using movie_id_movie_info on movie_info mi  (cost=0.43..1.99 rows=1 width=4) (actual time=0.008..0.009 rows=3 loops=269)
                          Index Cond: (movie_id = mc.movie_id)
                          Filter: (info = ANY ('{Sweden,Germany,Swedish,German}'::text[]))
                          Rows Removed by Filter: 23
              ->  Index Scan using movie_id_movie_keyword on movie_keyword mk  (cost=0.43..1.35 rows=46 width=8) (actual time=0.001..0.003 rows=9 loops=705)
                    Index Cond: (movie_id = mc.movie_id)
        ->  Index Scan using keyword_pkey on keyword k  (cost=0.42..0.44 rows=1 width=4) (actual time=0.001..0.001 rows=0 loops=6483)
              Index Cond: (id = mk.keyword_id)
              Filter: (keyword = 'sequel'::text)
              Rows Removed by Filter: 1
Planning time: 47.041 ms
Execution time: 31.155 ms
