Aggregate  (cost=3373.20..3373.21 rows=1 width=96) (actual time=13.435..13.435 rows=1 loops=1)
  ->  Hash Join  (cost=603.72..3372.75 rows=60 width=48) (actual time=2.330..13.274 rows=477 loops=1)
        Hash Cond: (mc.company_type_id = ct.id)
        ->  Nested Loop  (cost=602.65..3369.20 rows=239 width=52) (actual time=2.320..13.144 rows=534 loops=1)
              ->  Nested Loop  (cost=602.23..2837.61 rows=1163 width=37) (actual time=2.311..11.145 rows=1163 loops=1)
                    Join Filter: (ml.movie_id = mc.movie_id)
                    ->  Nested Loop  (cost=601.80..2748.61 rows=154 width=49) (actual time=2.305..10.412 rows=154 loops=1)
                          Join Filter: (ml.movie_id = t.id)
                          ->  Nested Loop  (cost=601.37..2670.87 rows=154 width=28) (actual time=2.299..10.137 rows=154 loops=1)
                                Join Filter: (ml.movie_id = mi.movie_id)
                                ->  Nested Loop  (cost=600.94..2551.58 rows=77 width=24) (actual time=1.813..9.437 rows=77 loops=1)
                                      Join Filter: (cc.subject_id = cct1.id)
                                      Rows Removed by Join Filter: 20
                                      ->  Nested Loop  (cost=600.94..2548.41 rows=77 width=28) (actual time=1.810..9.404 rows=77 loops=1)
                                            ->  Nested Loop  (cost=600.52..1511.39 rows=2350 width=32) (actual time=1.655..5.517 rows=2350 loops=1)
                                                  Join Filter: (ml.movie_id = mk.movie_id)
                                                  ->  Nested Loop  (cost=600.09..962.54 rows=189 width=24) (actual time=1.648..4.275 rows=189 loops=1)
                                                        Join Filter: (cc.status_id = cct2.id)
                                                        Rows Removed by Join Filter: 68
                                                        ->  Merge Join  (cost=600.09..957.63 rows=257 width=28) (actual time=1.643..4.181 rows=257 loops=1)
                                                              Merge Cond: (cc.movie_id = ml.movie_id)
                                                              ->  Index Scan using movie_id_complete_cast on complete_cast cc  (cost=0.42..6332.07 rows=135086 width=12) (actual time=0.006..1.791 rows=5993 loops=1)
                                                              ->  Sort  (cost=599.65..605.43 rows=2315 width=16) (actual time=1.421..1.582 rows=2341 loops=1)
                                                                    Sort Key: ml.movie_id
                                                                    Sort Method: quicksort  Memory: 205kB
                                                                    ->  Nested Loop  (cost=38.82..470.28 rows=2315 width=16) (actual time=0.060..0.971 rows=2315 loops=1)
                                                                          ->  Seq Scan on link_type lt  (cost=0.00..1.23 rows=2 width=16) (actual time=0.002..0.005 rows=2 loops=1)
                                                                                Filter: ((link)::text ~~ '%follow%'::text)
                                                                                Rows Removed by Filter: 16
                                                                          ->  Bitmap Heap Scan on movie_link ml  (cost=38.82..215.78 rows=1875 width=8) (actual time=0.053..0.291 rows=1158 loops=2)
                                                                                Recheck Cond: (link_type_id = lt.id)
                                                                                Heap Blocks: exact=191
                                                                                ->  Bitmap Index Scan on link_type_id_movie_link  (cost=0.00..38.35 rows=1875 width=0) (actual time=0.042..0.042 rows=1158 loops=2)
                                                                                      Index Cond: (link_type_id = lt.id)
                                                        ->  Materialize  (cost=0.00..1.05 rows=1 width=4) (actual time=0.000..0.000 rows=1 loops=257)
                                                              ->  Seq Scan on comp_cast_type cct2  (cost=0.00..1.05 rows=1 width=4) (actual time=0.003..0.003 rows=1 loops=1)
                                                                    Filter: ((kind)::text = 'complete'::text)
                                                                    Rows Removed by Filter: 3
                                                  ->  Index Scan using movie_id_movie_keyword on movie_keyword mk  (cost=0.43..2.33 rows=46 width=8) (actual time=0.002..0.004 rows=12 loops=189)
                                                        Index Cond: (movie_id = cc.movie_id)
                                            ->  Index Scan using keyword_pkey on keyword k  (cost=0.42..0.44 rows=1 width=4) (actual time=0.001..0.001 rows=0 loops=2350)
                                                  Index Cond: (id = mk.keyword_id)
                                                  Filter: (keyword = 'sequel'::text)
                                                  Rows Removed by Filter: 1
                                      ->  Materialize  (cost=0.00..1.06 rows=2 width=4) (actual time=0.000..0.000 rows=1 loops=77)
                                            ->  Seq Scan on comp_cast_type cct1  (cost=0.00..1.05 rows=2 width=4) (actual time=0.002..0.003 rows=2 loops=1)
                                                  Filter: ((kind)::text = ANY ('{cast,crew}'::text[]))
                                ->  Index Scan using movie_id_movie_info on movie_info mi  (cost=0.43..1.54 rows=1 width=4) (actual time=0.007..0.008 rows=2 loops=77)
                                      Index Cond: (movie_id = mk.movie_id)
                                      Filter: (info = ANY ('{Sweden,Germany,Swedish,German}'::text[]))
                                      Rows Removed by Filter: 17
                          ->  Index Scan using title_pkey on title t  (cost=0.43..0.49 rows=1 width=21) (actual time=0.001..0.001 rows=1 loops=154)
                                Index Cond: (id = mk.movie_id)
                                Filter: ((production_year >= 1950) AND (production_year <= 2000))
                    ->  Index Scan using movie_id_movie_companies on movie_companies mc  (cost=0.43..0.54 rows=3 width=12) (actual time=0.002..0.003 rows=8 loops=154)
                          Index Cond: (movie_id = mk.movie_id)
                          Filter: (note IS NULL)
                          Rows Removed by Filter: 1
              ->  Index Scan using company_name_pkey on company_name cn  (cost=0.42..0.46 rows=1 width=23) (actual time=0.001..0.001 rows=0 loops=1163)
                    Index Cond: (id = mc.company_id)
                    Filter: (((country_code)::text <> '[pl]'::text) AND ((name ~~ '%Film%'::text) OR (name ~~ '%Warner%'::text)))
                    Rows Removed by Filter: 1
        ->  Hash  (cost=1.05..1.05 rows=1 width=4) (actual time=0.006..0.006 rows=1 loops=1)
              Buckets: 1024  Batches: 1  Memory Usage: 9kB
              ->  Seq Scan on company_type ct  (cost=0.00..1.05 rows=1 width=4) (actual time=0.004..0.005 rows=1 loops=1)
                    Filter: ((kind)::text = 'production companies'::text)
                    Rows Removed by Filter: 3
Planning time: 46.255 ms
Execution time: 13.522 ms
