Aggregate  (cost=2376.71..2376.72 rows=1 width=96) (actual time=22.170..22.170 rows=1 loops=1)
  ->  Nested Loop  (cost=7.10..2376.71 rows=1 width=48) (actual time=2.616..22.011 rows=477 loops=1)
        Join Filter: (ct.id = mc.company_type_id)
        Rows Removed by Join Filter: 57
        ->  Seq Scan on company_type ct  (cost=0.00..1.05 rows=1 width=4) (actual time=0.005..0.007 rows=1 loops=1)
              Filter: ((kind)::text = 'production companies'::text)
              Rows Removed by Filter: 3
        ->  Nested Loop  (cost=7.10..2375.64 rows=1 width=52) (actual time=2.609..21.913 rows=534 loops=1)
              ->  Nested Loop  (cost=6.68..2373.36 rows=5 width=37) (actual time=2.602..19.977 rows=1163 loops=1)
                    Join Filter: (ml.movie_id = mc.movie_id)
                    ->  Nested Loop  (cost=6.25..2372.78 rows=1 width=49) (actual time=2.595..19.259 rows=154 loops=1)
                          ->  Nested Loop  (cost=5.83..2190.51 rows=413 width=53) (actual time=2.583..16.489 rows=1853 loops=1)
                                Join Filter: (ml.movie_id = mk.movie_id)
                                ->  Nested Loop  (cost=5.40..2172.74 rows=9 width=45) (actual time=2.576..15.526 rows=213 loops=1)
                                      Join Filter: (ml.movie_id = mi.movie_id)
                                      ->  Nested Loop  (cost=4.97..2118.50 rows=24 width=41) (actual time=0.782..13.345 rows=179 loops=1)
                                            Join Filter: (cc.subject_id = cct1.id)
                                            Rows Removed by Join Filter: 28
                                            ->  Nested Loop  (cost=4.97..2116.09 rows=49 width=45) (actual time=0.779..13.270 rows=179 loops=1)
                                                  Join Filter: (ml.movie_id = t.id)
                                                  ->  Hash Join  (cost=4.54..1873.47 rows=135 width=24) (actual time=0.771..12.811 rows=189 loops=1)
                                                        Hash Cond: (ml.link_type_id = lt.id)
                                                        ->  Hash Join  (cost=3.29..1857.51 rows=1212 width=16) (actual time=0.038..12.460 rows=3346 loops=1)
                                                              Hash Cond: (cc.status_id = cct2.id)
                                                              ->  Merge Join  (cost=2.22..1805.99 rows=4849 width=20) (actual time=0.033..11.592 rows=4849 loops=1)
                                                                    Merge Cond: (ml.movie_id = cc.movie_id)
                                                                    ->  Index Scan using movie_id_movie_link on movie_link ml  (cost=0.29..959.51 rows=29997 width=8) (actual time=0.007..4.722 rows=29997 loops=1)
                                                                    ->  Index Scan using movie_id_complete_cast on complete_cast cc  (cost=0.42..6332.07 rows=135086 width=12) (actual time=0.006..2.625 rows=9987 loops=1)
                                                              ->  Hash  (cost=1.05..1.05 rows=1 width=4) (actual time=0.003..0.003 rows=1 loops=1)
                                                                    Buckets: 1024  Batches: 1  Memory Usage: 9kB
                                                                    ->  Seq Scan on comp_cast_type cct2  (cost=0.00..1.05 rows=1 width=4) (actual time=0.002..0.002 rows=1 loops=1)
                                                                          Filter: ((kind)::text = 'complete'::text)
                                                                          Rows Removed by Filter: 3
                                                        ->  Hash  (cost=1.23..1.23 rows=2 width=16) (actual time=0.007..0.007 rows=2 loops=1)
                                                              Buckets: 1024  Batches: 1  Memory Usage: 9kB
                                                              ->  Seq Scan on link_type lt  (cost=0.00..1.23 rows=2 width=16) (actual time=0.002..0.005 rows=2 loops=1)
                                                                    Filter: ((link)::text ~~ '%follow%'::text)
                                                                    Rows Removed by Filter: 16
                                                  ->  Index Scan using title_pkey on title t  (cost=0.43..1.78 rows=1 width=21) (actual time=0.002..0.002 rows=1 loops=189)
                                                        Index Cond: (id = cc.movie_id)
                                                        Filter: ((production_year >= 1950) AND (production_year <= 2000))
                                                        Rows Removed by Filter: 0
                                            ->  Materialize  (cost=0.00..1.06 rows=2 width=4) (actual time=0.000..0.000 rows=1 loops=179)
                                                  ->  Seq Scan on comp_cast_type cct1  (cost=0.00..1.05 rows=2 width=4) (actual time=0.002..0.003 rows=2 loops=1)
                                                        Filter: ((kind)::text = ANY ('{cast,crew}'::text[]))
                                      ->  Index Scan using movie_id_movie_info on movie_info mi  (cost=0.43..2.25 rows=1 width=4) (actual time=0.011..0.012 rows=1 loops=179)
                                            Index Cond: (movie_id = t.id)
                                            Filter: (info = ANY ('{Sweden,Germany,Swedish,German}'::text[]))
                                            Rows Removed by Filter: 27
                                ->  Index Scan using movie_id_movie_keyword on movie_keyword mk  (cost=0.43..1.40 rows=46 width=8) (actual time=0.002..0.003 rows=9 loops=213)
                                      Index Cond: (movie_id = t.id)
                          ->  Index Scan using keyword_pkey on keyword k  (cost=0.42..0.44 rows=1 width=4) (actual time=0.001..0.001 rows=0 loops=1853)
                                Index Cond: (id = mk.keyword_id)
                                Filter: (keyword = 'sequel'::text)
                                Rows Removed by Filter: 1
                    ->  Index Scan using movie_id_movie_companies on movie_companies mc  (cost=0.43..0.54 rows=3 width=12) (actual time=0.002..0.003 rows=8 loops=154)
                          Index Cond: (movie_id = mk.movie_id)
                          Filter: (note IS NULL)
                          Rows Removed by Filter: 1
              ->  Index Scan using company_name_pkey on company_name cn  (cost=0.42..0.46 rows=1 width=23) (actual time=0.001..0.001 rows=0 loops=1163)
                    Index Cond: (id = mc.company_id)
                    Filter: (((country_code)::text <> '[pl]'::text) AND ((name ~~ '%Film%'::text) OR (name ~~ '%Warner%'::text)))
                    Rows Removed by Filter: 1
Planning time: 47.252 ms
Execution time: 22.257 ms
