Aggregate  (cost=3752.19..3752.20 rows=1 width=96) (actual time=32.553..32.553 rows=1 loops=1)
  ->  Nested Loop  (cost=9.16..3752.19 rows=1 width=48) (actual time=4.352..32.463 rows=247 loops=1)
        ->  Nested Loop  (cost=8.74..3751.73 rows=1 width=33) (actual time=4.345..31.564 rows=532 loops=1)
              Join Filter: (ct.id = mc.company_type_id)
              ->  Seq Scan on company_type ct  (cost=0.00..1.05 rows=1 width=4) (actual time=0.004..0.005 rows=1 loops=1)
                    Filter: ((kind)::text = 'production companies'::text)
                    Rows Removed by Filter: 3
              ->  Nested Loop  (cost=8.74..3750.62 rows=5 width=37) (actual time=4.340..31.470 rows=532 loops=1)
                    Join Filter: (ml.movie_id = mc.movie_id)
                    ->  Nested Loop  (cost=8.31..3750.04 rows=1 width=49) (actual time=4.332..31.089 rows=95 loops=1)
                          Join Filter: (cct1.id = cc.subject_id)
                          Rows Removed by Join Filter: 57
                          ->  Nested Loop  (cost=8.31..3748.96 rows=1 width=53) (actual time=4.328..31.000 rows=95 loops=1)
                                Join Filter: (cct2.id = cc.status_id)
                                Rows Removed by Join Filter: 57
                                ->  Seq Scan on comp_cast_type cct2  (cost=0.00..1.05 rows=1 width=4) (actual time=0.002..0.003 rows=1 loops=1)
                                      Filter: ((kind)::text = 'complete'::text)
                                      Rows Removed by Filter: 3
                                ->  Nested Loop  (cost=8.31..3747.89 rows=2 width=57) (actual time=4.326..30.972 rows=152 loops=1)
                                      Join Filter: (ml.movie_id = cc.movie_id)
                                      ->  Nested Loop  (cost=7.89..3747.41 rows=1 width=45) (actual time=3.226..30.634 rows=209 loops=1)
                                            Join Filter: (ml.movie_id = t.id)
                                            ->  Nested Loop  (cost=7.46..3746.91 rows=1 width=24) (actual time=2.241..29.980 rows=420 loops=1)
                                                  Join Filter: (ml.movie_id = mi.movie_id)
                                                  ->  Nested Loop  (cost=7.03..3745.36 rows=1 width=20) (actual time=2.037..28.199 rows=199 loops=1)
                                                        Join Filter: (lt.id = ml.link_type_id)
                                                        Rows Removed by Join Filter: 239
                                                        ->  Nested Loop  (cost=7.03..3743.84 rows=10 width=12) (actual time=2.030..28.070 rows=251 loops=1)
                                                              ->  Nested Loop  (cost=6.74..3729.38 rows=34 width=4) (actual time=2.024..18.923 rows=10544 loops=1)
                                                                    ->  Seq Scan on keyword k  (cost=0.00..2626.12 rows=1 width=4) (actual time=0.528..8.621 rows=1 loops=1)
                                                                          Filter: (keyword = 'sequel'::text)
                                                                          Rows Removed by Filter: 134169
                                                                    ->  Bitmap Heap Scan on movie_keyword mk  (cost=6.74..1100.27 rows=298 width=8) (actual time=1.494..8.791 rows=10544 loops=1)
                                                                          Recheck Cond: (keyword_id = k.id)
                                                                          Heap Blocks: exact=5570
                                                                          ->  Bitmap Index Scan on keyword_id_movie_keyword  (cost=0.00..6.67 rows=298 width=0) (actual time=0.815..0.815 rows=10544 loops=1)
                                                                                Index Cond: (keyword_id = k.id)
                                                              ->  Index Scan using movie_id_movie_link on movie_link ml  (cost=0.29..0.38 rows=5 width=8) (actual time=0.001..0.001 rows=0 loops=10544)
                                                                    Index Cond: (movie_id = mk.movie_id)
                                                        ->  Materialize  (cost=0.00..1.24 rows=2 width=16) (actual time=0.000..0.000 rows=2 loops=251)
                                                              ->  Seq Scan on link_type lt  (cost=0.00..1.23 rows=2 width=16) (actual time=0.003..0.006 rows=2 loops=1)
                                                                    Filter: ((link)::text ~~ '%follow%'::text)
                                                                    Rows Removed by Filter: 16
                                                  ->  Index Scan using movie_id_movie_info on movie_info mi  (cost=0.43..1.54 rows=1 width=4) (actual time=0.007..0.008 rows=2 loops=199)
                                                        Index Cond: (movie_id = mk.movie_id)
                                                        Filter: (info = ANY ('{Sweden,Germany,Swedish,German}'::text[]))
                                                        Rows Removed by Filter: 18
                                            ->  Index Scan using title_pkey on title t  (cost=0.43..0.49 rows=1 width=21) (actual time=0.001..0.001 rows=0 loops=420)
                                                  Index Cond: (id = mk.movie_id)
                                                  Filter: (production_year = 1998)
                                                  Rows Removed by Filter: 1
                                      ->  Index Scan using movie_id_complete_cast on complete_cast cc  (cost=0.42..0.46 rows=2 width=12) (actual time=0.001..0.001 rows=1 loops=209)
                                            Index Cond: (movie_id = mk.movie_id)
                          ->  Seq Scan on comp_cast_type cct1  (cost=0.00..1.05 rows=2 width=4) (actual time=0.000..0.000 rows=2 loops=95)
                                Filter: ((kind)::text = ANY ('{cast,crew}'::text[]))
                    ->  Index Scan using movie_id_movie_companies on movie_companies mc  (cost=0.43..0.54 rows=3 width=12) (actual time=0.002..0.003 rows=6 loops=95)
                          Index Cond: (movie_id = mk.movie_id)
                          Filter: (note IS NULL)
                          Rows Removed by Filter: 1
        ->  Index Scan using company_name_pkey on company_name cn  (cost=0.42..0.46 rows=1 width=23) (actual time=0.001..0.001 rows=0 loops=532)
              Index Cond: (id = mc.company_id)
              Filter: (((country_code)::text <> '[pl]'::text) AND ((name ~~ '%Film%'::text) OR (name ~~ '%Warner%'::text)))
              Rows Removed by Filter: 1
Planning time: 47.883 ms
Execution time: 32.652 ms
