Aggregate  (cost=1645.30..1645.31 rows=1 width=96) (actual time=18.437..18.437 rows=1 loops=1)
  ->  Nested Loop  (cost=602.65..1645.27 rows=3 width=48) (actual time=2.529..18.193 rows=743 loops=1)
        Join Filter: (ml.movie_id = mi.movie_id)
        ->  Nested Loop  (cost=602.22..1643.44 rows=1 width=68) (actual time=2.515..16.341 rows=172 loops=1)
              ->  Nested Loop  (cost=601.80..1521.63 rows=276 width=72) (actual time=1.879..11.003 rows=3296 loops=1)
                    Join Filter: (cc.status_id = cct2.id)
                    Rows Removed by Join Filter: 532
                    ->  Nested Loop  (cost=601.80..1505.43 rows=551 width=76) (actual time=1.876..9.795 rows=3296 loops=1)
                          Join Filter: (ml.movie_id = mk.movie_id)
                          ->  Nested Loop  (cost=601.37..1482.74 rows=12 width=68) (actual time=1.869..8.064 rows=277 loops=1)
                                ->  Nested Loop  (cost=600.95..1457.15 rows=56 width=53) (actual time=1.701..6.479 rows=763 loops=1)
                                      Join Filter: (ct.id = mc.company_type_id)
                                      Rows Removed by Join Filter: 101
                                      ->  Nested Loop  (cost=600.95..1452.72 rows=225 width=57) (actual time=1.698..6.150 rows=864 loops=1)
                                            Join Filter: (ml.movie_id = mc.movie_id)
                                            ->  Nested Loop  (cost=600.52..1423.46 rows=48 width=45) (actual time=1.686..5.102 rows=228 loops=1)
                                                  Join Filter: (cc.subject_id = cct1.id)
                                                  Rows Removed by Join Filter: 29
                                                  ->  Nested Loop  (cost=600.52..1419.51 rows=193 width=49) (actual time=1.682..5.002 rows=257 loops=1)
                                                        Join Filter: (ml.movie_id = t.id)
                                                        ->  Merge Join  (cost=600.09..957.63 rows=257 width=28) (actual time=1.673..4.387 rows=257 loops=1)
                                                              Merge Cond: (cc.movie_id = ml.movie_id)
                                                              ->  Index Scan using movie_id_complete_cast on complete_cast cc  (cost=0.42..6332.07 rows=135086 width=12) (actual time=0.006..1.893 rows=5993 loops=1)
                                                              ->  Sort  (cost=599.65..605.43 rows=2315 width=16) (actual time=1.455..1.624 rows=2341 loops=1)
                                                                    Sort Key: ml.movie_id
                                                                    Sort Method: quicksort  Memory: 205kB
                                                                    ->  Nested Loop  (cost=38.82..470.28 rows=2315 width=16) (actual time=0.064..0.992 rows=2315 loops=1)
                                                                          ->  Seq Scan on link_type lt  (cost=0.00..1.23 rows=2 width=16) (actual time=0.004..0.007 rows=2 loops=1)
                                                                                Filter: ((link)::text ~~ '%follow%'::text)
                                                                                Rows Removed by Filter: 16
                                                                          ->  Bitmap Heap Scan on movie_link ml  (cost=38.82..215.78 rows=1875 width=8) (actual time=0.055..0.307 rows=1158 loops=2)
                                                                                Recheck Cond: (link_type_id = lt.id)
                                                                                Heap Blocks: exact=191
                                                                                ->  Bitmap Index Scan on link_type_id_movie_link  (cost=0.00..38.35 rows=1875 width=0) (actual time=0.043..0.043 rows=1158 loops=2)
                                                                                      Index Cond: (link_type_id = lt.id)
                                                        ->  Index Scan using title_pkey on title t  (cost=0.43..1.78 rows=1 width=21) (actual time=0.002..0.002 rows=1 loops=257)
                                                              Index Cond: (id = cc.movie_id)
                                                              Filter: ((production_year >= 1950) AND (production_year <= 2010))
                                                  ->  Materialize  (cost=0.00..1.05 rows=1 width=4) (actual time=0.000..0.000 rows=1 loops=257)
                                                        ->  Seq Scan on comp_cast_type cct1  (cost=0.00..1.05 rows=1 width=4) (actual time=0.002..0.003 rows=1 loops=1)
                                                              Filter: ((kind)::text = 'cast'::text)
                                                              Rows Removed by Filter: 3
                                            ->  Index Scan using movie_id_movie_companies on movie_companies mc  (cost=0.43..0.57 rows=3 width=12) (actual time=0.003..0.004 rows=4 loops=228)
                                                  Index Cond: (movie_id = t.id)
                                                  Filter: (note IS NULL)
                                                  Rows Removed by Filter: 3
                                      ->  Materialize  (cost=0.00..1.05 rows=1 width=4) (actual time=0.000..0.000 rows=1 loops=864)
                                            ->  Seq Scan on company_type ct  (cost=0.00..1.05 rows=1 width=4) (actual time=0.002..0.003 rows=1 loops=1)
                                                  Filter: ((kind)::text = 'production companies'::text)
                                                  Rows Removed by Filter: 3
                                ->  Index Scan using company_name_pkey on company_name cn  (cost=0.42..0.46 rows=1 width=23) (actual time=0.002..0.002 rows=0 loops=763)
                                      Index Cond: (id = mc.company_id)
                                      Filter: (((country_code)::text <> '[pl]'::text) AND ((name ~~ '%Film%'::text) OR (name ~~ '%Warner%'::text)))
                                      Rows Removed by Filter: 1
                          ->  Index Scan using movie_id_movie_keyword on movie_keyword mk  (cost=0.43..1.32 rows=46 width=8) (actual time=0.002..0.003 rows=12 loops=277)
                                Index Cond: (movie_id = t.id)
                    ->  Materialize  (cost=0.00..1.06 rows=2 width=4) (actual time=0.000..0.000 rows=1 loops=3296)
                          ->  Seq Scan on comp_cast_type cct2  (cost=0.00..1.05 rows=2 width=4) (actual time=0.001..0.002 rows=2 loops=1)
                                Filter: ((kind)::text ~~ 'complete%'::text)
                                Rows Removed by Filter: 2
              ->  Index Scan using keyword_pkey on keyword k  (cost=0.42..0.44 rows=1 width=4) (actual time=0.001..0.001 rows=0 loops=3296)
                    Index Cond: (id = mk.keyword_id)
                    Filter: (keyword = 'sequel'::text)
                    Rows Removed by Filter: 1
        ->  Index Scan using movie_id_movie_info on movie_info mi  (cost=0.43..1.79 rows=3 width=4) (actual time=0.008..0.010 rows=4 loops=172)
              Index Cond: (movie_id = mk.movie_id)
              Filter: (info = ANY ('{Sweden,Norway,Germany,Denmark,Swedish,Denish,Norwegian,German,English}'::text[]))
              Rows Removed by Filter: 15
Planning time: 47.225 ms
Execution time: 18.531 ms
