Aggregate  (cost=2304.18..2304.19 rows=1 width=96) (actual time=37.497..37.497 rows=1 loops=1)
  ->  Nested Loop  (cost=3.28..2304.17 rows=2 width=48) (actual time=5.223..37.257 rows=743 loops=1)
        Join Filter: (ml.movie_id = t.id)
        ->  Nested Loop  (cost=2.85..2302.65 rows=3 width=51) (actual time=5.217..36.142 rows=743 loops=1)
              Join Filter: (ml.movie_id = mi.movie_id)
              ->  Nested Loop  (cost=2.41..2300.82 rows=1 width=47) (actual time=5.193..34.480 rows=172 loops=1)
                    ->  Nested Loop  (cost=1.99..2179.01 rows=276 width=51) (actual time=3.149..29.501 rows=3296 loops=1)
                          Join Filter: (ml.movie_id = mk.movie_id)
                          ->  Nested Loop  (cost=1.56..2167.44 rows=6 width=43) (actual time=3.142..27.947 rows=277 loops=1)
                                Join Filter: (lt.id = ml.link_type_id)
                                Rows Removed by Join Filter: 936
                                ->  Merge Join  (cost=1.56..2164.68 rows=102 width=35) (actual time=2.244..27.632 rows=620 loops=1)
                                      Merge Cond: (mc.movie_id = ml.movie_id)
                                      ->  Nested Loop  (cost=1.27..29775.10 rows=924 width=27) (actual time=1.145..20.291 rows=166 loops=1)
                                            Join Filter: (ct.id = mc.company_type_id)
                                            Rows Removed by Join Filter: 8
                                            ->  Nested Loop  (cost=1.27..29718.64 rows=3694 width=31) (actual time=1.142..20.226 rows=174 loops=1)
                                                  ->  Nested Loop  (cost=0.85..19976.43 rows=21310 width=16) (actual time=0.267..14.004 rows=3375 loops=1)
                                                        ->  Nested Loop  (cost=0.42..8867.04 rows=8443 width=4) (actual time=0.016..5.550 rows=3834 loops=1)
                                                              Join Filter: (cc.status_id = cct2.id)
                                                              Rows Removed by Join Filter: 372
                                                              ->  Nested Loop  (cost=0.42..8359.41 rows=33772 width=8) (actual time=0.013..4.264 rows=3834 loops=1)
                                                                    Join Filter: (cct1.id = cc.subject_id)
                                                                    Rows Removed by Join Filter: 2385
                                                                    ->  Index Scan using movie_id_complete_cast on complete_cast cc  (cost=0.42..6332.07 rows=135086 width=12) (actual time=0.007..1.983 rows=6219 loops=1)
                                                                    ->  Materialize  (cost=0.00..1.05 rows=1 width=4) (actual time=0.000..0.000 rows=1 loops=6219)
                                                                          ->  Seq Scan on comp_cast_type cct1  (cost=0.00..1.05 rows=1 width=4) (actual time=0.004..0.005 rows=1 loops=1)
                                                                                Filter: ((kind)::text = 'cast'::text)
                                                                                Rows Removed by Filter: 3
                                                              ->  Materialize  (cost=0.00..1.05 rows=1 width=4) (actual time=0.000..0.000 rows=1 loops=3834)
                                                                    ->  Seq Scan on comp_cast_type cct2  (cost=0.00..1.05 rows=1 width=4) (actual time=0.001..0.002 rows=2 loops=1)
                                                                          Filter: ((kind)::text ~~ 'complete%'::text)
                                                                          Rows Removed by Filter: 2
                                                        ->  Index Scan using movie_id_movie_companies on movie_companies mc  (cost=0.43..1.29 rows=3 width=12) (actual time=0.002..0.002 rows=1 loops=3834)
                                                              Index Cond: (movie_id = cc.movie_id)
                                                              Filter: (note IS NULL)
                                                              Rows Removed by Filter: 2
                                                  ->  Index Scan using company_name_pkey on company_name cn  (cost=0.42..0.46 rows=1 width=23) (actual time=0.002..0.002 rows=0 loops=3375)
                                                        Index Cond: (id = mc.company_id)
                                                        Filter: (((country_code)::text <> '[pl]'::text) AND ((name ~~ '%Film%'::text) OR (name ~~ '%Warner%'::text)))
                                                        Rows Removed by Filter: 1
                                            ->  Materialize  (cost=0.00..1.05 rows=1 width=4) (actual time=0.000..0.000 rows=1 loops=174)
                                                  ->  Seq Scan on company_type ct  (cost=0.00..1.05 rows=1 width=4) (actual time=0.001..0.003 rows=1 loops=1)
                                                        Filter: ((kind)::text = 'production companies'::text)
                                                        Rows Removed by Filter: 3
                                      ->  Index Scan using movie_id_movie_link on movie_link ml  (cost=0.29..959.51 rows=29997 width=8) (actual time=0.005..4.575 rows=30264 loops=1)
                                ->  Materialize  (cost=0.00..1.23 rows=1 width=16) (actual time=0.000..0.000 rows=2 loops=620)
                                      ->  Seq Scan on link_type lt  (cost=0.00..1.23 rows=1 width=16) (actual time=0.002..0.004 rows=2 loops=1)
                                            Filter: ((link)::text ~~ '%follow%'::text)
                                            Rows Removed by Filter: 16
                          ->  Index Scan using movie_id_movie_keyword on movie_keyword mk  (cost=0.43..1.35 rows=46 width=8) (actual time=0.002..0.003 rows=12 loops=277)
                                Index Cond: (movie_id = mc.movie_id)
                    ->  Index Scan using keyword_pkey on keyword k  (cost=0.42..0.44 rows=1 width=4) (actual time=0.001..0.001 rows=0 loops=3296)
                          Index Cond: (id = mk.keyword_id)
                          Filter: (keyword = 'sequel'::text)
                          Rows Removed by Filter: 1
              ->  Index Scan using movie_id_movie_info on movie_info mi  (cost=0.43..1.79 rows=3 width=4) (actual time=0.007..0.009 rows=4 loops=172)
                    Index Cond: (movie_id = mk.movie_id)
                    Filter: (info = ANY ('{Sweden,Norway,Germany,Denmark,Swedish,Denish,Norwegian,German,English}'::text[]))
                    Rows Removed by Filter: 15
        ->  Index Scan using title_pkey on title t  (cost=0.43..0.49 rows=1 width=21) (actual time=0.001..0.001 rows=1 loops=743)
              Index Cond: (id = mk.movie_id)
              Filter: ((production_year >= 1950) AND (production_year <= 2010))
Planning time: 47.325 ms
Execution time: 37.580 ms
