Aggregate  (cost=20075.36..20075.37 rows=1 width=96) (actual time=313.564..313.564 rows=1 loops=1)
  ->  Nested Loop  (cost=3782.71..20075.35 rows=1 width=42) (actual time=44.234..311.838 rows=4803 loops=1)
        ->  Nested Loop  (cost=3782.58..20075.20 rows=1 width=46) (actual time=44.227..307.717 rows=4803 loops=1)
              ->  Nested Loop  (cost=3782.16..20074.71 rows=1 width=31) (actual time=44.218..294.732 rows=4955 loops=1)
                    Join Filter: (t.id = mc.movie_id)
                    ->  Nested Loop  (cost=3781.73..20074.13 rows=1 width=43) (actual time=44.208..288.318 rows=432 loops=1)
                          Join Filter: (it2.id = mi_idx.info_type_id)
                          Rows Removed by Join Filter: 940
                          ->  Seq Scan on info_type it2  (cost=0.00..2.41 rows=1 width=4) (actual time=0.011..0.012 rows=1 loops=1)
                                Filter: ((info)::text = 'rating'::text)
                                Rows Removed by Filter: 112
                          ->  Nested Loop  (cost=3781.73..20070.69 rows=82 width=47) (actual time=44.194..288.105 rows=1372 loops=1)
                                Join Filter: (t.id = mi_idx.movie_id)
                                ->  Hash Join  (cost=3781.30..19987.71 rows=155 width=33) (actual time=44.181..285.582 rows=488 loops=1)
                                      Hash Cond: (t.kind_id = kt.id)
                                      ->  Nested Loop  (cost=3780.19..19980.42 rows=544 width=37) (actual time=44.170..285.414 rows=544 loops=1)
                                            Join Filter: (mi.movie_id = t.id)
                                            ->  Nested Loop  (cost=3779.76..18501.21 rows=2945 width=12) (actual time=44.159..274.834 rows=2945 loops=1)
                                                  Join Filter: (it1.id = mi.info_type_id)
                                                  Rows Removed by Join Filter: 1843
                                                  ->  Seq Scan on info_type it1  (cost=0.00..2.41 rows=1 width=4) (actual time=0.002..0.009 rows=1 loops=1)
                                                        Filter: ((info)::text = 'countries'::text)
                                                        Rows Removed by Filter: 112
                                                  ->  Nested Loop  (cost=3779.76..18438.95 rows=4788 width=16) (actual time=44.156..274.041 rows=4788 loops=1)
                                                        ->  Hash Join  (cost=3779.33..11295.33 rows=3832 width=8) (actual time=44.129..122.123 rows=3832 loops=1)
                                                              Hash Cond: (cc.status_id = cct2.id)
                                                              ->  Hash Join  (cost=3778.24..11229.56 rows=6216 width=12) (actual time=44.122..120.905 rows=6216 loops=1)
                                                                    Hash Cond: (cc.subject_id = cct1.id)
                                                                    ->  Hash Join  (cost=3777.18..11020.12 rows=20024 width=16) (actual time=44.081..117.908 rows=20024 loops=1)
                                                                          Hash Cond: (mk.movie_id = cc.movie_id)
                                                                          ->  Nested Loop  (cost=6.74..6229.24 rows=37091 width=4) (actual time=2.749..63.036 rows=37091 loops=1)
                                                                                ->  Seq Scan on keyword k  (cost=0.00..2961.55 rows=3 width=4) (actual time=0.800..15.646 rows=3 loops=1)
                                                                                      Filter: (keyword = ANY ('{murder,murder-in-title,blood,violence}'::text[]))
                                                                                      Rows Removed by Filter: 134167
                                                                                ->  Bitmap Heap Scan on movie_keyword mk  (cost=6.74..1086.25 rows=298 width=8) (actual time=2.179..13.933 rows=12364 loops=3)
                                                                                      Recheck Cond: (keyword_id = k.id)
                                                                                      Heap Blocks: exact=26312
                                                                                      ->  Bitmap Index Scan on keyword_id_movie_keyword  (cost=0.00..6.67 rows=298 width=0) (actual time=1.106..1.106 rows=12364 loops=3)
                                                                                            Index Cond: (keyword_id = k.id)
                                                                          ->  Hash  (cost=2081.86..2081.86 rows=135086 width=12) (actual time=40.949..40.949 rows=135086 loops=1)
                                                                                Buckets: 262144  Batches: 1  Memory Usage: 7853kB
                                                                                ->  Seq Scan on complete_cast cc  (cost=0.00..2081.86 rows=135086 width=12) (actual time=0.005..17.695 rows=135086 loops=1)
                                                                    ->  Hash  (cost=1.05..1.05 rows=1 width=4) (actual time=0.002..0.002 rows=1 loops=1)
                                                                          Buckets: 1024  Batches: 1  Memory Usage: 9kB
                                                                          ->  Seq Scan on comp_cast_type cct1  (cost=0.00..1.05 rows=1 width=4) (actual time=0.001..0.001 rows=1 loops=1)
                                                                                Filter: ((kind)::text = 'crew'::text)
                                                                                Rows Removed by Filter: 3
                                                              ->  Hash  (cost=1.05..1.05 rows=3 width=4) (actual time=0.003..0.003 rows=3 loops=1)
                                                                    Buckets: 1024  Batches: 1  Memory Usage: 9kB
                                                                    ->  Seq Scan on comp_cast_type cct2  (cost=0.00..1.05 rows=3 width=4) (actual time=0.001..0.002 rows=3 loops=1)
                                                                          Filter: ((kind)::text <> 'complete+verified'::text)
                                                                          Rows Removed by Filter: 1
                                                        ->  Index Scan using movie_id_movie_info on movie_info mi  (cost=0.43..1.84 rows=2 width=8) (actual time=0.032..0.039 rows=1 loops=3832)
                                                              Index Cond: (movie_id = mk.movie_id)
                                                              Filter: (info = ANY ('{Sweden,Norway,Germany,Denmark,Swedish,Danish,Norwegian,German,USA,American}'::text[]))
                                                              Rows Removed by Filter: 76
                                            ->  Index Scan using title_pkey on title t  (cost=0.43..0.49 rows=1 width=25) (actual time=0.003..0.003 rows=0 loops=2945)
                                                  Index Cond: (id = mk.movie_id)
                                                  Filter: (production_year > 2000)
                                                  Rows Removed by Filter: 1
                                      ->  Hash  (cost=1.09..1.09 rows=2 width=4) (actual time=0.005..0.005 rows=2 loops=1)
                                            Buckets: 1024  Batches: 1  Memory Usage: 9kB
                                            ->  Seq Scan on kind_type kt  (cost=0.00..1.09 rows=2 width=4) (actual time=0.002..0.004 rows=2 loops=1)
                                                  Filter: ((kind)::text = ANY ('{movie,episode}'::text[]))
                                                  Rows Removed by Filter: 5
                                ->  Index Scan using movie_id_movie_info_idx on movie_info_idx mi_idx  (cost=0.43..0.50 rows=3 width=14) (actual time=0.004..0.004 rows=3 loops=488)
                                      Index Cond: (movie_id = mk.movie_id)
                                      Filter: (info < '8.5'::text)
                                      Rows Removed by Filter: 0
                    ->  Index Scan using movie_id_movie_companies on movie_companies mc  (cost=0.43..0.57 rows=1 width=12) (actual time=0.005..0.012 rows=11 loops=432)
                          Index Cond: (movie_id = mk.movie_id)
                          Filter: ((note !~~ '%(USA)%'::text) AND (note ~~ '%(200%)%'::text))
                          Rows Removed by Filter: 10
              ->  Index Scan using company_name_pkey on company_name cn  (cost=0.42..0.49 rows=1 width=23) (actual time=0.002..0.002 rows=1 loops=4955)
                    Index Cond: (id = mc.company_id)
                    Filter: ((country_code)::text <> '[us]'::text)
                    Rows Removed by Filter: 0
        ->  Index Only Scan using company_type_pkey on company_type ct  (cost=0.13..0.15 rows=1 width=4) (actual time=0.000..0.000 rows=1 loops=4803)
              Index Cond: (id = mc.company_type_id)
              Heap Fetches: 0
Planning time: 58.258 ms
Execution time: 313.691 ms
