Aggregate  (cost=15770.40..15770.41 rows=1 width=96) (actual time=216.414..216.414 rows=1 loops=1)
  ->  Nested Loop  (cost=3783.67..15770.39 rows=1 width=42) (actual time=44.270..214.709 rows=4803 loops=1)
        Join Filter: (it2.id = mi_idx.info_type_id)
        Rows Removed by Join Filter: 10522
        ->  Seq Scan on info_type it2  (cost=0.00..2.41 rows=1 width=4) (actual time=0.012..0.014 rows=1 loops=1)
              Filter: ((info)::text = 'rating'::text)
              Rows Removed by Filter: 112
        ->  Nested Loop  (cost=3783.67..15767.77 rows=17 width=46) (actual time=44.254..212.742 rows=15325 loops=1)
              Join Filter: (t.id = mi_idx.movie_id)
              ->  Nested Loop  (cost=3783.24..15750.64 rows=32 width=56) (actual time=44.243..196.629 rows=5113 loops=1)
                    ->  Hash Join  (cost=3782.82..15721.68 rows=59 width=41) (actual time=44.234..183.359 rows=5271 loops=1)
                          Hash Cond: (mc.company_type_id = ct.id)
                          ->  Nested Loop  (cost=3781.73..15719.98 rows=59 width=45) (actual time=44.224..181.983 rows=5271 loops=1)
                                Join Filter: (t.id = mc.movie_id)
                                ->  Hash Join  (cost=3781.30..15437.95 rows=488 width=33) (actual time=44.214..174.902 rows=488 loops=1)
                                      Hash Cond: (t.kind_id = kt.id)
                                      ->  Nested Loop  (cost=3780.19..15430.66 rows=544 width=37) (actual time=44.206..174.735 rows=544 loops=1)
                                            Join Filter: (it1.id = mi.info_type_id)
                                            Rows Removed by Join Filter: 73
                                            ->  Seq Scan on info_type it1  (cost=0.00..2.41 rows=1 width=4) (actual time=0.002..0.010 rows=1 loops=1)
                                                  Filter: ((info)::text = 'countries'::text)
                                                  Rows Removed by Filter: 112
                                            ->  Nested Loop  (cost=3780.19..15420.53 rows=617 width=41) (actual time=44.202..174.596 rows=617 loops=1)
                                                  Join Filter: (t.id = mi.movie_id)
                                                  ->  Hash Join  (cost=3779.76..14282.19 rows=609 width=33) (actual time=44.182..139.790 rows=609 loops=1)
                                                        Hash Cond: (cc.status_id = cct2.id)
                                                        ->  Nested Loop  (cost=3778.67..14274.03 rows=680 width=37) (actual time=44.176..139.605 rows=680 loops=1)
                                                              ->  Hash Join  (cost=3778.24..11229.56 rows=6216 width=12) (actual time=44.161..119.782 rows=6216 loops=1)
                                                                    Hash Cond: (cc.subject_id = cct1.id)
                                                                    ->  Hash Join  (cost=3777.18..11020.12 rows=20024 width=16) (actual time=44.121..116.962 rows=20024 loops=1)
                                                                          Hash Cond: (mk.movie_id = cc.movie_id)
                                                                          ->  Nested Loop  (cost=6.74..6229.24 rows=37091 width=4) (actual time=2.868..62.608 rows=37091 loops=1)
                                                                                ->  Seq Scan on keyword k  (cost=0.00..2961.55 rows=3 width=4) (actual time=0.799..15.534 rows=3 loops=1)
                                                                                      Filter: (keyword = ANY ('{murder,murder-in-title,blood,violence}'::text[]))
                                                                                      Rows Removed by Filter: 134167
                                                                                ->  Bitmap Heap Scan on movie_keyword mk  (cost=6.74..1086.25 rows=298 width=8) (actual time=2.287..13.871 rows=12364 loops=3)
                                                                                      Recheck Cond: (keyword_id = k.id)
                                                                                      Heap Blocks: exact=26312
                                                                                      ->  Bitmap Index Scan on keyword_id_movie_keyword  (cost=0.00..6.67 rows=298 width=0) (actual time=1.210..1.210 rows=12364 loops=3)
                                                                                            Index Cond: (keyword_id = k.id)
                                                                          ->  Hash  (cost=2081.86..2081.86 rows=135086 width=12) (actual time=40.885..40.885 rows=135086 loops=1)
                                                                                Buckets: 262144  Batches: 1  Memory Usage: 7853kB
                                                                                ->  Seq Scan on complete_cast cc  (cost=0.00..2081.86 rows=135086 width=12) (actual time=0.005..17.574 rows=135086 loops=1)
                                                                    ->  Hash  (cost=1.05..1.05 rows=1 width=4) (actual time=0.002..0.002 rows=1 loops=1)
                                                                          Buckets: 1024  Batches: 1  Memory Usage: 9kB
                                                                          ->  Seq Scan on comp_cast_type cct1  (cost=0.00..1.05 rows=1 width=4) (actual time=0.001..0.001 rows=1 loops=1)
                                                                                Filter: ((kind)::text = 'crew'::text)
                                                                                Rows Removed by Filter: 3
                                                              ->  Index Scan using title_pkey on title t  (cost=0.43..0.49 rows=1 width=25) (actual time=0.003..0.003 rows=0 loops=6216)
                                                                    Index Cond: (id = mk.movie_id)
                                                                    Filter: (production_year > 2000)
                                                                    Rows Removed by Filter: 1
                                                        ->  Hash  (cost=1.05..1.05 rows=3 width=4) (actual time=0.003..0.003 rows=3 loops=1)
                                                              Buckets: 1024  Batches: 1  Memory Usage: 9kB
                                                              ->  Seq Scan on comp_cast_type cct2  (cost=0.00..1.05 rows=3 width=4) (actual time=0.001..0.002 rows=3 loops=1)
                                                                    Filter: ((kind)::text <> 'complete+verified'::text)
                                                                    Rows Removed by Filter: 1
                                                  ->  Index Scan using movie_id_movie_info on movie_info mi  (cost=0.43..1.84 rows=2 width=8) (actual time=0.049..0.057 rows=1 loops=609)
                                                        Index Cond: (movie_id = mk.movie_id)
                                                        Filter: (info = ANY ('{Sweden,Norway,Germany,Denmark,Swedish,Danish,Norwegian,German,USA,American}'::text[]))
                                                        Rows Removed by Filter: 123
                                      ->  Hash  (cost=1.09..1.09 rows=2 width=4) (actual time=0.004..0.004 rows=2 loops=1)
                                            Buckets: 1024  Batches: 1  Memory Usage: 9kB
                                            ->  Seq Scan on kind_type kt  (cost=0.00..1.09 rows=2 width=4) (actual time=0.002..0.004 rows=2 loops=1)
                                                  Filter: ((kind)::text = ANY ('{movie,episode}'::text[]))
                                                  Rows Removed by Filter: 5
                                ->  Index Scan using movie_id_movie_companies on movie_companies mc  (cost=0.43..0.57 rows=1 width=12) (actual time=0.005..0.012 rows=11 loops=488)
                                      Index Cond: (movie_id = mk.movie_id)
                                      Filter: ((note !~~ '%(USA)%'::text) AND (note ~~ '%(200%)%'::text))
                                      Rows Removed by Filter: 10
                          ->  Hash  (cost=1.04..1.04 rows=4 width=4) (actual time=0.004..0.004 rows=4 loops=1)
                                Buckets: 1024  Batches: 1  Memory Usage: 9kB
                                ->  Seq Scan on company_type ct  (cost=0.00..1.04 rows=4 width=4) (actual time=0.001..0.002 rows=4 loops=1)
                    ->  Index Scan using company_name_pkey on company_name cn  (cost=0.42..0.49 rows=1 width=23) (actual time=0.002..0.002 rows=1 loops=5271)
                          Index Cond: (id = mc.company_id)
                          Filter: ((country_code)::text <> '[us]'::text)
                          Rows Removed by Filter: 0
              ->  Index Scan using movie_id_movie_info_idx on movie_info_idx mi_idx  (cost=0.43..0.50 rows=3 width=14) (actual time=0.002..0.002 rows=3 loops=5113)
                    Index Cond: (movie_id = mk.movie_id)
                    Filter: (info < '8.5'::text)
                    Rows Removed by Filter: 0
Planning time: 58.060 ms
Execution time: 216.537 ms
