Aggregate  (cost=14876.88..14876.89 rows=1 width=96) (actual time=586.032..586.032 rows=1 loops=1)
  ->  Nested Loop  (cost=3782.85..14876.88 rows=1 width=42) (actual time=44.062..584.231 rows=4803 loops=1)
        ->  Nested Loop  (cost=3782.72..14876.72 rows=1 width=46) (actual time=44.056..580.077 rows=4803 loops=1)
              ->  Nested Loop  (cost=3782.58..14876.38 rows=2 width=50) (actual time=44.051..573.609 rows=5295 loops=1)
                    Join Filter: (t.id = mi.movie_id)
                    ->  Hash Join  (cost=3782.15..14865.16 rows=6 width=66) (actual time=44.029..227.697 rows=4410 loops=1)
                          Hash Cond: (t.kind_id = kt.id)
                          ->  Nested Loop  (cost=3781.03..14863.81 rows=21 width=70) (actual time=44.015..226.404 rows=4558 loops=1)
                                ->  Nested Loop  (cost=3780.60..14844.71 rows=39 width=45) (actual time=44.006..207.326 rows=8934 loops=1)
                                      ->  Nested Loop  (cost=3780.18..14809.38 rows=72 width=30) (actual time=43.996..182.545 rows=9535 loops=1)
                                            ->  Hash Join  (cost=3779.75..14740.90 rows=119 width=18) (actual time=43.987..151.815 rows=3662 loops=1)
                                                  Hash Cond: (cc.status_id = cct2.id)
                                                  ->  Nested Loop  (cost=3778.67..14738.16 rows=159 width=22) (actual time=43.980..150.505 rows=5973 loops=1)
                                                        Join Filter: (it2.id = mi_idx.info_type_id)
                                                        Rows Removed by Join Filter: 12026
                                                        ->  Seq Scan on info_type it2  (cost=0.00..2.41 rows=1 width=4) (actual time=0.008..0.011 rows=1 loops=1)
                                                              Filter: ((info)::text = 'rating'::text)
                                                              Rows Removed by Filter: 112
                                                        ->  Nested Loop  (cost=3778.67..14510.76 rows=17999 width=26) (actual time=43.968..148.194 rows=17999 loops=1)
                                                              ->  Hash Join  (cost=3778.24..11229.56 rows=6216 width=12) (actual time=43.951..121.147 rows=6216 loops=1)
                                                                    Hash Cond: (cc.subject_id = cct1.id)
                                                                    ->  Hash Join  (cost=3777.18..11020.12 rows=20024 width=16) (actual time=43.912..118.272 rows=20024 loops=1)
                                                                          Hash Cond: (mk.movie_id = cc.movie_id)
                                                                          ->  Nested Loop  (cost=6.74..6229.24 rows=37091 width=4) (actual time=2.764..63.671 rows=37091 loops=1)
                                                                                ->  Seq Scan on keyword k  (cost=0.00..2961.55 rows=3 width=4) (actual time=0.802..15.572 rows=3 loops=1)
                                                                                      Filter: (keyword = ANY ('{murder,murder-in-title,blood,violence}'::text[]))
                                                                                      Rows Removed by Filter: 134167
                                                                                ->  Bitmap Heap Scan on movie_keyword mk  (cost=6.74..1086.25 rows=298 width=8) (actual time=2.302..14.176 rows=12364 loops=3)
                                                                                      Recheck Cond: (keyword_id = k.id)
                                                                                      Heap Blocks: exact=26312
                                                                                      ->  Bitmap Index Scan on keyword_id_movie_keyword  (cost=0.00..6.67 rows=298 width=0) (actual time=1.176..1.176 rows=12364 loops=3)
                                                                                            Index Cond: (keyword_id = k.id)
                                                                          ->  Hash  (cost=2081.86..2081.86 rows=135086 width=12) (actual time=40.795..40.795 rows=135086 loops=1)
                                                                                Buckets: 262144  Batches: 1  Memory Usage: 7853kB
                                                                                ->  Seq Scan on complete_cast cc  (cost=0.00..2081.86 rows=135086 width=12) (actual time=0.005..17.521 rows=135086 loops=1)
                                                                    ->  Hash  (cost=1.05..1.05 rows=1 width=4) (actual time=0.002..0.002 rows=1 loops=1)
                                                                          Buckets: 1024  Batches: 1  Memory Usage: 9kB
                                                                          ->  Seq Scan on comp_cast_type cct1  (cost=0.00..1.05 rows=1 width=4) (actual time=0.001..0.001 rows=1 loops=1)
                                                                                Filter: ((kind)::text = 'crew'::text)
                                                                                Rows Removed by Filter: 3
                                                              ->  Index Scan using movie_id_movie_info_idx on movie_info_idx mi_idx  (cost=0.43..0.50 rows=3 width=14) (actual time=0.003..0.004 rows=3 loops=6216)
                                                                    Index Cond: (movie_id = mk.movie_id)
                                                                    Filter: (info < '8.5'::text)
                                                                    Rows Removed by Filter: 0
                                                  ->  Hash  (cost=1.05..1.05 rows=3 width=4) (actual time=0.003..0.003 rows=3 loops=1)
                                                        Buckets: 1024  Batches: 1  Memory Usage: 9kB
                                                        ->  Seq Scan on comp_cast_type cct2  (cost=0.00..1.05 rows=3 width=4) (actual time=0.002..0.003 rows=3 loops=1)
                                                              Filter: ((kind)::text <> 'complete+verified'::text)
                                                              Rows Removed by Filter: 1
                                            ->  Index Scan using movie_id_movie_companies on movie_companies mc  (cost=0.43..0.57 rows=1 width=12) (actual time=0.005..0.008 rows=3 loops=3662)
                                                  Index Cond: (movie_id = mk.movie_id)
                                                  Filter: ((note !~~ '%(USA)%'::text) AND (note ~~ '%(200%)%'::text))
                                                  Rows Removed by Filter: 9
                                      ->  Index Scan using company_name_pkey on company_name cn  (cost=0.42..0.49 rows=1 width=23) (actual time=0.002..0.002 rows=1 loops=9535)
                                            Index Cond: (id = mc.company_id)
                                            Filter: ((country_code)::text <> '[us]'::text)
                                            Rows Removed by Filter: 0
                                ->  Index Scan using title_pkey on title t  (cost=0.43..0.49 rows=1 width=25) (actual time=0.002..0.002 rows=1 loops=8934)
                                      Index Cond: (id = mk.movie_id)
                                      Filter: (production_year > 2000)
                                      Rows Removed by Filter: 0
                          ->  Hash  (cost=1.09..1.09 rows=2 width=4) (actual time=0.008..0.008 rows=2 loops=1)
                                Buckets: 1024  Batches: 1  Memory Usage: 9kB
                                ->  Seq Scan on kind_type kt  (cost=0.00..1.09 rows=2 width=4) (actual time=0.005..0.006 rows=2 loops=1)
                                      Filter: ((kind)::text = ANY ('{movie,episode}'::text[]))
                                      Rows Removed by Filter: 5
                    ->  Index Scan using movie_id_movie_info on movie_info mi  (cost=0.43..1.84 rows=2 width=8) (actual time=0.068..0.078 rows=1 loops=4410)
                          Index Cond: (movie_id = mk.movie_id)
                          Filter: (info = ANY ('{Sweden,Norway,Germany,Denmark,Swedish,Danish,Norwegian,German,USA,American}'::text[]))
                          Rows Removed by Filter: 247
              ->  Index Scan using info_type_pkey on info_type it1  (cost=0.14..0.16 rows=1 width=4) (actual time=0.001..0.001 rows=1 loops=5295)
                    Index Cond: (id = mi.info_type_id)
                    Filter: ((info)::text = 'countries'::text)
                    Rows Removed by Filter: 0
        ->  Index Only Scan using company_type_pkey on company_type ct  (cost=0.13..0.15 rows=1 width=4) (actual time=0.000..0.000 rows=1 loops=4803)
              Index Cond: (id = mc.company_type_id)
              Heap Fetches: 0
Planning time: 58.633 ms
Execution time: 586.156 ms
