Aggregate  (cost=15847.75..15847.76 rows=1 width=96) (actual time=193.834..193.834 rows=1 loops=1)
  ->  Hash Join  (cost=3783.67..15847.54 rows=28 width=42) (actual time=44.101..192.219 rows=4803 loops=1)
        Hash Cond: (mc.company_type_id = ct.id)
        ->  Nested Loop  (cost=3782.58..15846.16 rows=28 width=46) (actual time=44.090..191.112 rows=4803 loops=1)
              ->  Nested Loop  (cost=3782.16..15820.65 rows=52 width=31) (actual time=44.080..179.255 rows=4955 loops=1)
                    Join Filter: (t.id = mc.movie_id)
                    ->  Nested Loop  (cost=3781.73..15570.97 rows=432 width=43) (actual time=44.069..172.979 rows=432 loops=1)
                          Join Filter: (it1.id = mi.info_type_id)
                          Rows Removed by Join Filter: 49
                          ->  Seq Scan on info_type it1  (cost=0.00..2.41 rows=1 width=4) (actual time=0.004..0.011 rows=1 loops=1)
                                Filter: ((info)::text = 'countries'::text)
                                Rows Removed by Filter: 112
                          ->  Nested Loop  (cost=3781.73..15562.55 rows=481 width=47) (actual time=44.064..172.862 rows=481 loops=1)
                                Join Filter: (t.id = mi.movie_id)
                                ->  Hash Join  (cost=3781.30..14678.42 rows=473 width=39) (actual time=44.044..142.853 rows=473 loops=1)
                                      Hash Cond: (cc.status_id = cct2.id)
                                      ->  Hash Join  (cost=3780.21..14671.67 rows=544 width=43) (actual time=44.037..142.696 rows=544 loops=1)
                                            Hash Cond: (t.kind_id = kt.id)
                                            ->  Nested Loop  (cost=3779.10..14663.79 rows=596 width=47) (actual time=44.030..142.519 rows=596 loops=1)
                                                  Join Filter: (it2.id = mi_idx.info_type_id)
                                                  Rows Removed by Join Filter: 1268
                                                  ->  Seq Scan on info_type it2  (cost=0.00..2.41 rows=1 width=4) (actual time=0.008..0.010 rows=1 loops=1)
                                                        Filter: ((info)::text = 'rating'::text)
                                                        Rows Removed by Filter: 112
                                                  ->  Nested Loop  (cost=3779.10..14638.07 rows=1864 width=51) (actual time=44.019..142.235 rows=1864 loops=1)
                                                        Join Filter: (t.id = mi_idx.movie_id)
                                                        ->  Nested Loop  (cost=3778.67..14274.03 rows=680 width=37) (actual time=44.007..138.815 rows=680 loops=1)
                                                              ->  Hash Join  (cost=3778.24..11229.56 rows=6216 width=12) (actual time=43.993..119.325 rows=6216 loops=1)
                                                                    Hash Cond: (cc.subject_id = cct1.id)
                                                                    ->  Hash Join  (cost=3777.18..11020.12 rows=20024 width=16) (actual time=43.953..116.514 rows=20024 loops=1)
                                                                          Hash Cond: (mk.movie_id = cc.movie_id)
                                                                          ->  Nested Loop  (cost=6.74..6229.24 rows=37091 width=4) (actual time=2.759..62.346 rows=37091 loops=1)
                                                                                ->  Seq Scan on keyword k  (cost=0.00..2961.55 rows=3 width=4) (actual time=0.799..15.581 rows=3 loops=1)
                                                                                      Filter: (keyword = ANY ('{murder,murder-in-title,blood,violence}'::text[]))
                                                                                      Rows Removed by Filter: 134167
                                                                                ->  Bitmap Heap Scan on movie_keyword mk  (cost=6.74..1086.25 rows=298 width=8) (actual time=2.294..13.762 rows=12364 loops=3)
                                                                                      Recheck Cond: (keyword_id = k.id)
                                                                                      Heap Blocks: exact=26312
                                                                                      ->  Bitmap Index Scan on keyword_id_movie_keyword  (cost=0.00..6.67 rows=298 width=0) (actual time=1.175..1.175 rows=12364 loops=3)
                                                                                            Index Cond: (keyword_id = k.id)
                                                                          ->  Hash  (cost=2081.86..2081.86 rows=135086 width=12) (actual time=40.826..40.826 rows=135086 loops=1)
                                                                                Buckets: 262144  Batches: 1  Memory Usage: 7853kB
                                                                                ->  Seq Scan on complete_cast cc  (cost=0.00..2081.86 rows=135086 width=12) (actual time=0.005..17.578 rows=135086 loops=1)
                                                                    ->  Hash  (cost=1.05..1.05 rows=1 width=4) (actual time=0.002..0.002 rows=1 loops=1)
                                                                          Buckets: 1024  Batches: 1  Memory Usage: 9kB
                                                                          ->  Seq Scan on comp_cast_type cct1  (cost=0.00..1.05 rows=1 width=4) (actual time=0.001..0.001 rows=1 loops=1)
                                                                                Filter: ((kind)::text = 'crew'::text)
                                                                                Rows Removed by Filter: 3
                                                              ->  Index Scan using title_pkey on title t  (cost=0.43..0.49 rows=1 width=25) (actual time=0.003..0.003 rows=0 loops=6216)
                                                                    Index Cond: (id = mk.movie_id)
                                                                    Filter: (production_year > 2000)
                                                                    Rows Removed by Filter: 1
                                                        ->  Index Scan using movie_id_movie_info_idx on movie_info_idx mi_idx  (cost=0.43..0.50 rows=3 width=14) (actual time=0.003..0.004 rows=3 loops=680)
                                                              Index Cond: (movie_id = mk.movie_id)
                                                              Filter: (info < '8.5'::text)
                                                              Rows Removed by Filter: 0
                                            ->  Hash  (cost=1.09..1.09 rows=2 width=4) (actual time=0.004..0.004 rows=2 loops=1)
                                                  Buckets: 1024  Batches: 1  Memory Usage: 9kB
                                                  ->  Seq Scan on kind_type kt  (cost=0.00..1.09 rows=2 width=4) (actual time=0.002..0.003 rows=2 loops=1)
                                                        Filter: ((kind)::text = ANY ('{movie,episode}'::text[]))
                                                        Rows Removed by Filter: 5
                                      ->  Hash  (cost=1.05..1.05 rows=3 width=4) (actual time=0.003..0.003 rows=3 loops=1)
                                            Buckets: 1024  Batches: 1  Memory Usage: 9kB
                                            ->  Seq Scan on comp_cast_type cct2  (cost=0.00..1.05 rows=3 width=4) (actual time=0.001..0.002 rows=3 loops=1)
                                                  Filter: ((kind)::text <> 'complete+verified'::text)
                                                  Rows Removed by Filter: 1
                                ->  Index Scan using movie_id_movie_info on movie_info mi  (cost=0.43..1.84 rows=2 width=8) (actual time=0.055..0.063 rows=1 loops=473)
                                      Index Cond: (movie_id = mk.movie_id)
                                      Filter: (info = ANY ('{Sweden,Norway,Germany,Denmark,Swedish,Danish,Norwegian,German,USA,American}'::text[]))
                                      Rows Removed by Filter: 139
                    ->  Index Scan using movie_id_movie_companies on movie_companies mc  (cost=0.43..0.57 rows=1 width=12) (actual time=0.005..0.012 rows=11 loops=432)
                          Index Cond: (movie_id = mk.movie_id)
                          Filter: ((note !~~ '%(USA)%'::text) AND (note ~~ '%(200%)%'::text))
                          Rows Removed by Filter: 10
              ->  Index Scan using company_name_pkey on company_name cn  (cost=0.42..0.49 rows=1 width=23) (actual time=0.002..0.002 rows=1 loops=4955)
                    Index Cond: (id = mc.company_id)
                    Filter: ((country_code)::text <> '[us]'::text)
                    Rows Removed by Filter: 0
        ->  Hash  (cost=1.04..1.04 rows=4 width=4) (actual time=0.006..0.006 rows=4 loops=1)
              Buckets: 1024  Batches: 1  Memory Usage: 9kB
              ->  Seq Scan on company_type ct  (cost=0.00..1.04 rows=4 width=4) (actual time=0.003..0.004 rows=4 loops=1)
Planning time: 57.825 ms
Execution time: 193.959 ms
