Aggregate  (cost=6294.13..6294.14 rows=1 width=96) (actual time=347.632..347.632 rows=1 loops=1)
  ->  Nested Loop  (cost=9.30..6294.12 rows=1 width=42) (actual time=3.753..347.559 rows=148 loops=1)
        Join Filter: (it1.id = mi.info_type_id)
        Rows Removed by Join Filter: 1
        ->  Seq Scan on info_type it1  (cost=0.00..2.41 rows=1 width=4) (actual time=0.005..0.012 rows=1 loops=1)
              Filter: ((info)::text = 'countries'::text)
              Rows Removed by Filter: 112
        ->  Nested Loop  (cost=9.30..6291.70 rows=1 width=46) (actual time=3.746..347.515 rows=149 loops=1)
              Join Filter: (t.id = mi.movie_id)
              ->  Nested Loop  (cost=8.87..6290.15 rows=1 width=62) (actual time=3.218..251.009 rows=1387 loops=1)
                    Join Filter: (kt.id = t.kind_id)
                    Rows Removed by Join Filter: 215
                    ->  Nested Loop  (cost=8.87..6289.03 rows=1 width=66) (actual time=3.213..249.645 rows=1404 loops=1)
                          ->  Nested Loop  (cost=8.44..6288.54 rows=1 width=41) (actual time=3.205..237.471 rows=6376 loops=1)
                                ->  Nested Loop  (cost=8.02..6288.05 rows=1 width=26) (actual time=3.197..221.041 rows=6570 loops=1)
                                      Join Filter: (ct.id = mc.company_type_id)
                                      Rows Removed by Join Filter: 1
                                      ->  Nested Loop  (cost=8.02..6286.96 rows=1 width=30) (actual time=3.194..216.506 rows=6570 loops=1)
                                            ->  Nested Loop  (cost=7.59..6286.39 rows=1 width=18) (actual time=3.186..201.371 rows=1591 loops=1)
                                                  Join Filter: (cct1.id = cc.subject_id)
                                                  Rows Removed by Join Filter: 2140
                                                  ->  Seq Scan on comp_cast_type cct1  (cost=0.00..1.05 rows=1 width=4) (actual time=0.001..0.003 rows=1 loops=1)
                                                        Filter: ((kind)::text = 'crew'::text)
                                                        Rows Removed by Filter: 3
                                                  ->  Nested Loop  (cost=7.59..6285.33 rows=1 width=22) (actual time=3.030..200.798 rows=3731 loops=1)
                                                        Join Filter: (cct2.id = cc.status_id)
                                                        Rows Removed by Join Filter: 21865
                                                        ->  Nested Loop  (cost=7.59..6284.24 rows=1 width=26) (actual time=3.016..190.762 rows=8532 loops=1)
                                                              ->  Nested Loop  (cost=7.17..6283.76 rows=1 width=14) (actual time=2.741..166.348 rows=11708 loops=1)
                                                                    Join Filter: (mi_idx.info_type_id = it2.id)
                                                                    Rows Removed by Join Filter: 5851
                                                                    ->  Seq Scan on info_type it2  (cost=0.00..2.41 rows=1 width=4) (actual time=0.008..0.010 rows=1 loops=1)
                                                                          Filter: ((info)::text = 'rating'::text)
                                                                          Rows Removed by Filter: 112
                                                                    ->  Nested Loop  (cost=7.17..6280.54 rows=65 width=18) (actual time=2.732..163.724 rows=17559 loops=1)
                                                                          ->  Nested Loop  (cost=6.74..6229.24 rows=101 width=4) (actual time=2.720..61.840 rows=37091 loops=1)
                                                                                ->  Seq Scan on keyword k  (cost=0.00..2961.55 rows=3 width=4) (actual time=0.780..15.002 rows=3 loops=1)
                                                                                      Filter: (keyword = ANY ('{murder,murder-in-title,blood,violence}'::text[]))
                                                                                      Rows Removed by Filter: 134167
                                                                                ->  Bitmap Heap Scan on movie_keyword mk  (cost=6.74..1086.25 rows=298 width=8) (actual time=2.169..13.838 rows=12364 loops=3)
                                                                                      Recheck Cond: (keyword_id = k.id)
                                                                                      Heap Blocks: exact=26312
                                                                                      ->  Bitmap Index Scan on keyword_id_movie_keyword  (cost=0.00..6.67 rows=298 width=0) (actual time=1.100..1.100 rows=12364 loops=3)
                                                                                            Index Cond: (keyword_id = k.id)
                                                                          ->  Index Scan using movie_id_movie_info_idx on movie_info_idx mi_idx  (cost=0.43..0.50 rows=1 width=14) (actual time=0.002..0.002 rows=0 loops=37091)
                                                                                Index Cond: (movie_id = mk.movie_id)
                                                                                Filter: (info > '6.5'::text)
                                                                                Rows Removed by Filter: 2
                                                              ->  Index Scan using movie_id_complete_cast on complete_cast cc  (cost=0.42..0.46 rows=2 width=12) (actual time=0.001..0.002 rows=1 loops=11708)
                                                                    Index Cond: (movie_id = mk.movie_id)
                                                        ->  Seq Scan on comp_cast_type cct2  (cost=0.00..1.05 rows=3 width=4) (actual time=0.000..0.001 rows=3 loops=8532)
                                                              Filter: ((kind)::text <> 'complete+verified'::text)
                                                              Rows Removed by Filter: 1
                                            ->  Index Scan using movie_id_movie_companies on movie_companies mc  (cost=0.43..0.57 rows=1 width=12) (actual time=0.005..0.009 rows=4 loops=1591)
                                                  Index Cond: (movie_id = mk.movie_id)
                                                  Filter: ((note !~~ '%(USA)%'::text) AND (note ~~ '%(200%)%'::text))
                                                  Rows Removed by Filter: 10
                                      ->  Seq Scan on company_type ct  (cost=0.00..1.04 rows=4 width=4) (actual time=0.000..0.000 rows=1 loops=6570)
                                ->  Index Scan using company_name_pkey on company_name cn  (cost=0.42..0.49 rows=1 width=23) (actual time=0.002..0.002 rows=1 loops=6570)
                                      Index Cond: (id = mc.company_id)
                                      Filter: ((country_code)::text <> '[us]'::text)
                                      Rows Removed by Filter: 0
                          ->  Index Scan using title_pkey on title t  (cost=0.43..0.49 rows=1 width=25) (actual time=0.002..0.002 rows=0 loops=6376)
                                Index Cond: (id = mk.movie_id)
                                Filter: (production_year > 2005)
                                Rows Removed by Filter: 1
                    ->  Seq Scan on kind_type kt  (cost=0.00..1.09 rows=2 width=4) (actual time=0.000..0.000 rows=1 loops=1404)
                          Filter: ((kind)::text = ANY ('{movie,episode}'::text[]))
                          Rows Removed by Filter: 1
              ->  Index Scan using movie_id_movie_info on movie_info mi  (cost=0.43..1.54 rows=1 width=8) (actual time=0.069..0.069 rows=0 loops=1387)
                    Index Cond: (movie_id = mk.movie_id)
                    Filter: (info = ANY ('{Sweden,Germany,Swedish,German}'::text[]))
                    Rows Removed by Filter: 336
Planning time: 58.931 ms
Execution time: 347.735 ms
