Aggregate  (cost=16058.12..16058.13 rows=1 width=96) (actual time=247.415..247.415 rows=1 loops=1)
  ->  Nested Loop  (cost=3783.67..16058.11 rows=1 width=42) (actual time=44.326..247.330 rows=148 loops=1)
        Join Filter: (it1.id = mi.info_type_id)
        Rows Removed by Join Filter: 1
        ->  Seq Scan on info_type it1  (cost=0.00..2.41 rows=1 width=4) (actual time=0.006..0.013 rows=1 loops=1)
              Filter: ((info)::text = 'countries'::text)
              Rows Removed by Filter: 112
        ->  Nested Loop  (cost=3783.67..16055.19 rows=41 width=46) (actual time=44.318..247.284 rows=149 loops=1)
              Join Filter: (t.id = mi.movie_id)
              ->  Nested Loop  (cost=3783.24..14871.60 rows=764 width=62) (actual time=44.084..147.800 rows=1387 loops=1)
                    ->  Hash Join  (cost=3782.82..14173.82 rows=1422 width=47) (actual time=44.065..143.744 rows=1422 loops=1)
                          Hash Cond: (mc.company_type_id = ct.id)
                          ->  Nested Loop  (cost=3781.73..14157.94 rows=1422 width=51) (actual time=44.055..143.353 rows=1422 loops=1)
                                Join Filter: (t.id = mc.movie_id)
                                ->  Hash Join  (cost=3781.30..14054.49 rows=179 width=39) (actual time=44.045..140.933 rows=179 loops=1)
                                      Hash Cond: (t.kind_id = kt.id)
                                      ->  Nested Loop  (cost=3780.18..14051.25 rows=187 width=43) (actual time=44.037..140.869 rows=187 loops=1)
                                            ->  Nested Loop  (cost=3779.75..13272.02 rows=1591 width=18) (actual time=44.028..135.099 rows=1591 loops=1)
                                                  Join Filter: (it2.id = mi_idx.info_type_id)
                                                  Rows Removed by Join Filter: 660
                                                  ->  Seq Scan on info_type it2  (cost=0.00..2.41 rows=1 width=4) (actual time=0.008..0.010 rows=1 loops=1)
                                                        Filter: ((info)::text = 'rating'::text)
                                                        Rows Removed by Filter: 112
                                                  ->  Nested Loop  (cost=3779.75..13241.47 rows=2251 width=22) (actual time=44.019..134.711 rows=2251 loops=1)
                                                        ->  Hash Join  (cost=3779.33..11295.33 rows=3832 width=8) (actual time=43.999..119.948 rows=3832 loops=1)
                                                              Hash Cond: (cc.status_id = cct2.id)
                                                              ->  Hash Join  (cost=3778.24..11229.56 rows=6216 width=12) (actual time=43.993..118.766 rows=6216 loops=1)
                                                                    Hash Cond: (cc.subject_id = cct1.id)
                                                                    ->  Hash Join  (cost=3777.18..11020.12 rows=20024 width=16) (actual time=43.953..115.911 rows=20024 loops=1)
                                                                          Hash Cond: (mk.movie_id = cc.movie_id)
                                                                          ->  Nested Loop  (cost=6.74..6229.24 rows=37091 width=4) (actual time=2.875..61.939 rows=37091 loops=1)
                                                                                ->  Seq Scan on keyword k  (cost=0.00..2961.55 rows=3 width=4) (actual time=0.821..15.522 rows=3 loops=1)
                                                                                      Filter: (keyword = ANY ('{murder,murder-in-title,blood,violence}'::text[]))
                                                                                      Rows Removed by Filter: 134167
                                                                                ->  Bitmap Heap Scan on movie_keyword mk  (cost=6.74..1086.25 rows=298 width=8) (actual time=2.340..13.677 rows=12364 loops=3)
                                                                                      Recheck Cond: (keyword_id = k.id)
                                                                                      Heap Blocks: exact=26312
                                                                                      ->  Bitmap Index Scan on keyword_id_movie_keyword  (cost=0.00..6.67 rows=298 width=0) (actual time=1.197..1.197 rows=12364 loops=3)
                                                                                            Index Cond: (keyword_id = k.id)
                                                                          ->  Hash  (cost=2081.86..2081.86 rows=135086 width=12) (actual time=40.714..40.714 rows=135086 loops=1)
                                                                                Buckets: 262144  Batches: 1  Memory Usage: 7853kB
                                                                                ->  Seq Scan on complete_cast cc  (cost=0.00..2081.86 rows=135086 width=12) (actual time=0.005..17.518 rows=135086 loops=1)
                                                                    ->  Hash  (cost=1.05..1.05 rows=1 width=4) (actual time=0.002..0.002 rows=1 loops=1)
                                                                          Buckets: 1024  Batches: 1  Memory Usage: 9kB
                                                                          ->  Seq Scan on comp_cast_type cct1  (cost=0.00..1.05 rows=1 width=4) (actual time=0.001..0.001 rows=1 loops=1)
                                                                                Filter: ((kind)::text = 'crew'::text)
                                                                                Rows Removed by Filter: 3
                                                              ->  Hash  (cost=1.05..1.05 rows=3 width=4) (actual time=0.003..0.003 rows=3 loops=1)
                                                                    Buckets: 1024  Batches: 1  Memory Usage: 9kB
                                                                    ->  Seq Scan on comp_cast_type cct2  (cost=0.00..1.05 rows=3 width=4) (actual time=0.001..0.002 rows=3 loops=1)
                                                                          Filter: ((kind)::text <> 'complete+verified'::text)
                                                                          Rows Removed by Filter: 1
                                                        ->  Index Scan using movie_id_movie_info_idx on movie_info_idx mi_idx  (cost=0.43..0.50 rows=1 width=14) (actual time=0.003..0.004 rows=1 loops=3832)
                                                              Index Cond: (movie_id = mk.movie_id)
                                                              Filter: (info > '6.5'::text)
                                                              Rows Removed by Filter: 2
                                            ->  Index Scan using title_pkey on title t  (cost=0.43..0.49 rows=1 width=25) (actual time=0.003..0.003 rows=0 loops=1591)
                                                  Index Cond: (id = mk.movie_id)
                                                  Filter: (production_year > 2005)
                                                  Rows Removed by Filter: 1
                                      ->  Hash  (cost=1.09..1.09 rows=2 width=4) (actual time=0.004..0.004 rows=2 loops=1)
                                            Buckets: 1024  Batches: 1  Memory Usage: 9kB
                                            ->  Seq Scan on kind_type kt  (cost=0.00..1.09 rows=2 width=4) (actual time=0.002..0.003 rows=2 loops=1)
                                                  Filter: ((kind)::text = ANY ('{movie,episode}'::text[]))
                                                  Rows Removed by Filter: 5
                                ->  Index Scan using movie_id_movie_companies on movie_companies mc  (cost=0.43..0.57 rows=1 width=12) (actual time=0.006..0.012 rows=8 loops=179)
                                      Index Cond: (movie_id = mk.movie_id)
                                      Filter: ((note !~~ '%(USA)%'::text) AND (note ~~ '%(200%)%'::text))
                                      Rows Removed by Filter: 11
                          ->  Hash  (cost=1.04..1.04 rows=4 width=4) (actual time=0.004..0.004 rows=4 loops=1)
                                Buckets: 1024  Batches: 1  Memory Usage: 9kB
                                ->  Seq Scan on company_type ct  (cost=0.00..1.04 rows=4 width=4) (actual time=0.001..0.002 rows=4 loops=1)
                    ->  Index Scan using company_name_pkey on company_name cn  (cost=0.42..0.49 rows=1 width=23) (actual time=0.002..0.002 rows=1 loops=1422)
                          Index Cond: (id = mc.company_id)
                          Filter: ((country_code)::text <> '[us]'::text)
                          Rows Removed by Filter: 0
              ->  Index Scan using movie_id_movie_info on movie_info mi  (cost=0.43..1.54 rows=1 width=8) (actual time=0.071..0.071 rows=0 loops=1387)
                    Index Cond: (movie_id = mk.movie_id)
                    Filter: (info = ANY ('{Sweden,Germany,Swedish,German}'::text[]))
                    Rows Removed by Filter: 336
Planning time: 58.246 ms
Execution time: 247.545 ms
