Aggregate  (cost=16765.56..16765.57 rows=1 width=96) (actual time=322.367..322.367 rows=1 loops=1)
  ->  Nested Loop  (cost=3780.80..16765.55 rows=1 width=42) (actual time=44.963..322.291 rows=148 loops=1)
        ->  Nested Loop  (cost=3780.67..16765.39 rows=1 width=46) (actual time=44.957..322.067 rows=161 loops=1)
              Join Filter: (mi.movie_id = t.id)
              ->  Nested Loop  (cost=3780.24..16764.89 rows=1 width=45) (actual time=44.947..319.594 rows=1233 loops=1)
                    ->  Nested Loop  (cost=3780.11..16764.72 rows=1 width=49) (actual time=44.942..316.018 rows=3317 loops=1)
                          ->  Nested Loop  (cost=3779.98..16764.56 rows=1 width=53) (actual time=44.935..313.093 rows=3317 loops=1)
                                ->  Nested Loop  (cost=3779.56..16764.07 rows=1 width=38) (actual time=44.926..303.400 rows=3402 loops=1)
                                      Join Filter: (mi.movie_id = mc.movie_id)
                                      ->  Nested Loop  (cost=3779.13..16763.49 rows=1 width=26) (actual time=44.915..298.818 rows=285 loops=1)
                                            Join Filter: (it1.id = mi.info_type_id)
                                            Rows Removed by Join Filter: 358
                                            ->  Seq Scan on info_type it1  (cost=0.00..2.41 rows=1 width=4) (actual time=0.006..0.013 rows=1 loops=1)
                                                  Filter: ((info)::text = 'countries'::text)
                                                  Rows Removed by Filter: 112
                                            ->  Nested Loop  (cost=3779.13..16760.79 rows=23 width=30) (actual time=44.908..298.679 rows=643 loops=1)
                                                  ->  Nested Loop  (cost=3778.69..16667.99 rows=60 width=22) (actual time=44.181..158.970 rows=3731 loops=1)
                                                        Join Filter: (mi_idx.info_type_id = it2.id)
                                                        Rows Removed by Join Filter: 1768
                                                        ->  Seq Scan on info_type it2  (cost=0.00..2.41 rows=1 width=4) (actual time=0.007..0.010 rows=1 loops=1)
                                                              Filter: ((info)::text = 'rating'::text)
                                                              Rows Removed by Filter: 112
                                                        ->  Nested Loop  (cost=3778.69..16580.44 rows=6811 width=26) (actual time=44.173..157.999 rows=5499 loops=1)
                                                              ->  Hash Join  (cost=3778.26..11229.58 rows=10536 width=12) (actual time=44.154..122.005 rows=10536 loops=1)
                                                                    Hash Cond: (cc.status_id = cct2.id)
                                                                    ->  Hash Join  (cost=3777.18..11020.12 rows=20024 width=16) (actual time=44.141..118.503 rows=20024 loops=1)
                                                                          Hash Cond: (mk.movie_id = cc.movie_id)
                                                                          ->  Nested Loop  (cost=6.74..6229.24 rows=37091 width=4) (actual time=2.877..63.571 rows=37091 loops=1)
                                                                                ->  Seq Scan on keyword k  (cost=0.00..2961.55 rows=3 width=4) (actual time=0.825..15.644 rows=3 loops=1)
                                                                                      Filter: (keyword = ANY ('{murder,murder-in-title,blood,violence}'::text[]))
                                                                                      Rows Removed by Filter: 134167
                                                                                ->  Bitmap Heap Scan on movie_keyword mk  (cost=6.74..1086.25 rows=298 width=8) (actual time=2.309..14.134 rows=12364 loops=3)
                                                                                      Recheck Cond: (keyword_id = k.id)
                                                                                      Heap Blocks: exact=26312
                                                                                      ->  Bitmap Index Scan on keyword_id_movie_keyword  (cost=0.00..6.67 rows=298 width=0) (actual time=1.209..1.209 rows=12364 loops=3)
                                                                                            Index Cond: (keyword_id = k.id)
                                                                          ->  Hash  (cost=2081.86..2081.86 rows=135086 width=12) (actual time=40.894..40.894 rows=135086 loops=1)
                                                                                Buckets: 262144  Batches: 1  Memory Usage: 7853kB
                                                                                ->  Seq Scan on complete_cast cc  (cost=0.00..2081.86 rows=135086 width=12) (actual time=0.005..17.670 rows=135086 loops=1)
                                                                    ->  Hash  (cost=1.05..1.05 rows=3 width=4) (actual time=0.005..0.005 rows=3 loops=1)
                                                                          Buckets: 1024  Batches: 1  Memory Usage: 9kB
                                                                          ->  Seq Scan on comp_cast_type cct2  (cost=0.00..1.05 rows=3 width=4) (actual time=0.002..0.003 rows=3 loops=1)
                                                                                Filter: ((kind)::text <> 'complete+verified'::text)
                                                                                Rows Removed by Filter: 1
                                                              ->  Index Scan using movie_id_movie_info_idx on movie_info_idx mi_idx  (cost=0.43..0.50 rows=1 width=14) (actual time=0.003..0.003 rows=1 loops=10536)
                                                                    Index Cond: (movie_id = mk.movie_id)
                                                                    Filter: (info > '6.5'::text)
                                                                    Rows Removed by Filter: 2
                                                  ->  Index Scan using movie_id_movie_info on movie_info mi  (cost=0.43..1.54 rows=1 width=8) (actual time=0.033..0.037 rows=0 loops=3731)
                                                        Index Cond: (movie_id = mk.movie_id)
                                                        Filter: (info = ANY ('{Sweden,Germany,Swedish,German}'::text[]))
                                                        Rows Removed by Filter: 100
                                      ->  Index Scan using movie_id_movie_companies on movie_companies mc  (cost=0.43..0.57 rows=1 width=12) (actual time=0.005..0.013 rows=12 loops=285)
                                            Index Cond: (movie_id = mk.movie_id)
                                            Filter: ((note !~~ '%(USA)%'::text) AND (note ~~ '%(200%)%'::text))
                                            Rows Removed by Filter: 12
                                ->  Index Scan using company_name_pkey on company_name cn  (cost=0.42..0.49 rows=1 width=23) (actual time=0.002..0.002 rows=1 loops=3402)
                                      Index Cond: (id = mc.company_id)
                                      Filter: ((country_code)::text <> '[us]'::text)
                                      Rows Removed by Filter: 0
                          ->  Index Only Scan using company_type_pkey on company_type ct  (cost=0.13..0.15 rows=1 width=4) (actual time=0.000..0.000 rows=1 loops=3317)
                                Index Cond: (id = mc.company_type_id)
                                Heap Fetches: 0
                    ->  Index Scan using comp_cast_type_pkey on comp_cast_type cct1  (cost=0.13..0.15 rows=1 width=4) (actual time=0.001..0.001 rows=0 loops=3317)
                          Index Cond: (id = cc.subject_id)
                          Filter: ((kind)::text = 'crew'::text)
                          Rows Removed by Filter: 1
              ->  Index Scan using title_pkey on title t  (cost=0.43..0.49 rows=1 width=25) (actual time=0.002..0.002 rows=0 loops=1233)
                    Index Cond: (id = mk.movie_id)
                    Filter: (production_year > 2005)
                    Rows Removed by Filter: 1
        ->  Index Scan using kind_type_pkey on kind_type kt  (cost=0.13..0.15 rows=1 width=4) (actual time=0.001..0.001 rows=1 loops=161)
              Index Cond: (id = t.kind_id)
              Filter: ((kind)::text = ANY ('{movie,episode}'::text[]))
              Rows Removed by Filter: 0
Planning time: 59.048 ms
Execution time: 322.498 ms
