Aggregate  (cost=5193.10..5193.11 rows=1 width=96) (actual time=85.539..85.539 rows=1 loops=1)
  ->  Nested Loop  (cost=11.16..5193.09 rows=1 width=48) (actual time=1.797..85.133 rows=1620 loops=1)
        Join Filter: (it.id = mi.info_type_id)
        ->  Seq Scan on info_type it  (cost=0.00..2.41 rows=1 width=4) (actual time=0.007..0.012 rows=1 loops=1)
              Filter: ((info)::text = 'release dates'::text)
              Rows Removed by Filter: 112
        ->  Nested Loop  (cost=11.16..5190.67 rows=1 width=52) (actual time=1.789..84.820 rows=1620 loops=1)
              Join Filter: (t.id = mi.movie_id)
              ->  Nested Loop  (cost=10.72..5148.55 rows=1 width=68) (actual time=1.766..12.297 rows=810 loops=1)
                    Join Filter: (it3.id = pi.info_type_id)
                    Rows Removed by Join Filter: 1635
                    ->  Seq Scan on info_type it3  (cost=0.00..2.41 rows=1 width=4) (actual time=0.002..0.009 rows=1 loops=1)
                          Filter: ((info)::text = 'trivia'::text)
                          Rows Removed by Filter: 112
                    ->  Nested Loop  (cost=10.72..5146.00 rows=11 width=72) (actual time=1.757..11.990 rows=2445 loops=1)
                          Join Filter: (n.id = pi.person_id)
                          ->  Nested Loop  (cost=10.29..4852.76 rows=15 width=80) (actual time=1.750..11.036 rows=15 loops=1)
                                Join Filter: (cc.subject_id = cct1.id)
                                ->  Seq Scan on comp_cast_type cct1  (cost=0.00..1.05 rows=1 width=4) (actual time=0.002..0.003 rows=1 loops=1)
                                      Filter: ((kind)::text = 'cast'::text)
                                      Rows Removed by Filter: 3
                                ->  Nested Loop  (cost=10.29..4851.52 rows=15 width=84) (actual time=1.746..11.028 rows=15 loops=1)
                                      ->  Nested Loop  (cost=9.87..4717.76 rows=66 width=88) (actual time=1.714..10.848 rows=66 loops=1)
                                            Join Filter: (t.id = mc.movie_id)
                                            ->  Nested Loop  (cost=9.44..4703.16 rows=3 width=80) (actual time=1.707..10.809 rows=3 loops=1)
                                                  ->  Nested Loop  (cost=9.01..4696.12 rows=3 width=61) (actual time=1.699..10.796 rows=3 loops=1)
                                                        Join Filter: (cc.status_id = cct2.id)
                                                        ->  Seq Scan on comp_cast_type cct2  (cost=0.00..1.05 rows=1 width=4) (actual time=0.001..0.001 rows=1 loops=1)
                                                              Filter: ((kind)::text = 'complete+verified'::text)
                                                              Rows Removed by Filter: 3
                                                        ->  Nested Loop  (cost=9.01..4695.03 rows=3 width=65) (actual time=1.697..10.793 rows=3 loops=1)
                                                              ->  Nested Loop  (cost=8.59..4693.74 rows=1 width=61) (actual time=1.689..10.783 rows=1 loops=1)
                                                                    Join Filter: (t.id = cc.movie_id)
                                                                    ->  Nested Loop  (cost=8.17..4690.95 rows=1 width=49) (actual time=1.682..10.775 rows=1 loops=1)
                                                                          ->  Nested Loop  (cost=7.74..4664.34 rows=11 width=37) (actual time=1.674..10.715 rows=11 loops=1)
                                                                                Join Filter: (rt.id = ci.role_id)
                                                                                Rows Removed by Join Filter: 27
                                                                                ->  Seq Scan on role_type rt  (cost=0.00..1.15 rows=1 width=4) (actual time=0.002..0.004 rows=1 loops=1)
                                                                                      Filter: ((role)::text = 'actress'::text)
                                                                                      Rows Removed by Filter: 11
                                                                                ->  Nested Loop  (cost=7.74..4662.71 rows=38 width=41) (actual time=1.644..10.706 rows=38 loops=1)
                                                                                      Join Filter: (t.id = ci.movie_id)
                                                                                      ->  Nested Loop  (cost=7.17..4616.37 rows=1 width=25) (actual time=1.634..10.438 rows=1 loops=1)
                                                                                            ->  Nested Loop  (cost=6.74..3729.38 rows=414 width=4) (actual time=0.108..8.929 rows=414 loops=1)
                                                                                                  ->  Seq Scan on keyword k  (cost=0.00..2626.12 rows=1 width=4) (actual time=0.028..8.316 rows=1 loops=1)
                                                                                                        Filter: (keyword = 'computer-animation'::text)
                                                                                                        Rows Removed by Filter: 134169
                                                                                                  ->  Bitmap Heap Scan on movie_keyword mk  (cost=6.74..1100.27 rows=298 width=8) (actual time=0.079..0.548 rows=414 loops=1)
                                                                                                        Recheck Cond: (keyword_id = k.id)
                                                                                                        Heap Blocks: exact=358
                                                                                                        ->  Bitmap Index Scan on keyword_id_movie_keyword  (cost=0.00..6.67 rows=298 width=0) (actual time=0.043..0.043 rows=414 loops=1)
                                                                                                              Index Cond: (keyword_id = k.id)
                                                                                            ->  Index Scan using title_pkey on title t  (cost=0.43..2.14 rows=1 width=21) (actual time=0.003..0.003 rows=0 loops=414)
                                                                                                  Index Cond: (id = mk.movie_id)
                                                                                                  Filter: ((production_year >= 2000) AND (production_year <= 2010) AND (title = 'Shrek 2'::text))
                                                                                                  Rows Removed by Filter: 1
                                                                                      ->  Index Scan using movie_id_cast_info on cast_info ci  (cost=0.56..46.33 rows=1 width=16) (actual time=0.009..0.260 rows=38 loops=1)
                                                                                            Index Cond: (movie_id = mk.movie_id)
                                                                                            Filter: (note = ANY ('{(voice),"(voice) (uncredited)","(voice: English version)"}'::text[]))
                                                                                            Rows Removed by Filter: 191
                                                                          ->  Index Scan using char_name_pkey on char_name chn  (cost=0.43..2.25 rows=1 width=20) (actual time=0.005..0.005 rows=0 loops=11)
                                                                                Index Cond: (id = ci.person_role_id)
                                                                                Filter: (name = 'Queen'::text)
                                                                                Rows Removed by Filter: 1
                                                                    ->  Index Scan using movie_id_complete_cast on complete_cast cc  (cost=0.42..2.77 rows=2 width=12) (actual time=0.006..0.007 rows=1 loops=1)
                                                                          Index Cond: (movie_id = mk.movie_id)
                                                              ->  Index Only Scan using person_id_aka_name on aka_name an  (cost=0.42..1.27 rows=2 width=4) (actual time=0.008..0.008 rows=3 loops=1)
                                                                    Index Cond: (person_id = ci.person_id)
                                                                    Heap Fetches: 0
                                                  ->  Index Scan using name_pkey on name n  (cost=0.43..2.35 rows=1 width=19) (actual time=0.004..0.004 rows=1 loops=3)
                                                        Index Cond: (id = ci.person_id)
                                                        Filter: ((name ~~ '%An%'::text) AND ((gender)::text = 'f'::text))
                                            ->  Index Scan using movie_id_movie_companies on movie_companies mc  (cost=0.43..4.80 rows=5 width=8) (actual time=0.003..0.007 rows=22 loops=3)
                                                  Index Cond: (movie_id = mk.movie_id)
                                      ->  Index Scan using company_name_pkey on company_name cn  (cost=0.42..2.03 rows=1 width=4) (actual time=0.002..0.002 rows=0 loops=66)
                                            Index Cond: (id = mc.company_id)
                                            Filter: ((country_code)::text = '[us]'::text)
                                            Rows Removed by Filter: 1
                          ->  Index Scan using person_id_person_info on person_info pi  (cost=0.43..19.24 rows=25 width=8) (actual time=0.002..0.029 rows=163 loops=15)
                                Index Cond: (person_id = an.person_id)
              ->  Index Scan using movie_id_movie_info on movie_info mi  (cost=0.43..42.09 rows=2 width=8) (actual time=0.009..0.089 rows=2 loops=810)
                    Index Cond: (movie_id = mk.movie_id)
                    Filter: ((info IS NOT NULL) AND ((info ~~ 'Japan:%200%'::text) OR (info ~~ 'USA:%200%'::text)))
                    Rows Removed by Filter: 455
Planning time: 78.755 ms
Execution time: 85.665 ms
