Aggregate  (cost=5319.05..5319.06 rows=1 width=96) (actual time=1034.443..1034.443 rows=1 loops=1)
  ->  Nested Loop  (cost=11.16..5319.05 rows=1 width=48) (actual time=894.105..1034.007 rows=1620 loops=1)
        ->  Nested Loop  (cost=10.73..5314.97 rows=1 width=36) (actual time=894.093..1031.161 rows=1620 loops=1)
              Join Filter: (pi.info_type_id = it3.id)
              Rows Removed by Join Filter: 3270
              ->  Nested Loop  (cost=10.73..5312.54 rows=1 width=40) (actual time=893.800..1004.482 rows=4890 loops=1)
                    Join Filter: (mi.movie_id = t.id)
                    ->  Nested Loop  (cost=10.30..5308.24 rows=2 width=43) (actual time=27.080..885.274 rows=70149 loops=1)
                          ->  Nested Loop  (cost=9.88..5298.11 rows=5 width=47) (actual time=27.027..334.425 rows=336462 loops=1)
                                Join Filter: (mi.movie_id = mc.movie_id)
                                ->  Nested Loop  (cost=9.45..5293.24 rows=1 width=39) (actual time=27.018..193.477 rows=12945 loops=1)
                                      Join Filter: (n.id = an.person_id)
                                      ->  Nested Loop  (cost=9.02..5291.95 rows=1 width=51) (actual time=27.009..184.826 rows=2987 loops=1)
                                            Join Filter: (cct1.id = cc.subject_id)
                                            ->  Seq Scan on comp_cast_type cct1  (cost=0.00..1.05 rows=1 width=4) (actual time=0.004..0.005 rows=1 loops=1)
                                                  Filter: ((kind)::text = 'cast'::text)
                                                  Rows Removed by Filter: 3
                                            ->  Nested Loop  (cost=9.02..5290.89 rows=1 width=55) (actual time=27.003..184.176 rows=2987 loops=1)
                                                  Join Filter: (cct2.id = cc.status_id)
                                                  Rows Removed by Join Filter: 3062
                                                  ->  Seq Scan on comp_cast_type cct2  (cost=0.00..1.05 rows=1 width=4) (actual time=0.001..0.002 rows=1 loops=1)
                                                        Filter: ((kind)::text = 'complete+verified'::text)
                                                        Rows Removed by Filter: 3
                                                  ->  Nested Loop  (cost=9.02..5289.83 rows=1 width=59) (actual time=12.367..183.156 rows=6049 loops=1)
                                                        ->  Nested Loop  (cost=8.60..5287.03 rows=1 width=47) (actual time=10.552..171.125 rows=6930 loops=1)
                                                              Join Filter: (ci.person_id = n.id)
                                                              ->  Nested Loop  (cost=8.17..5231.12 rows=25 width=28) (actual time=1.798..72.389 rows=64092 loops=1)
                                                                    ->  Nested Loop  (cost=7.74..5211.62 rows=1 width=20) (actual time=1.776..45.376 rows=2207 loops=1)
                                                                          Join Filter: (rt.id = ci.role_id)
                                                                          Rows Removed by Join Filter: 5573
                                                                          ->  Seq Scan on role_type rt  (cost=0.00..1.15 rows=1 width=4) (actual time=0.003..0.005 rows=1 loops=1)
                                                                                Filter: ((role)::text = 'actress'::text)
                                                                                Rows Removed by Filter: 11
                                                                          ->  Nested Loop  (cost=7.74..5210.46 rows=1 width=24) (actual time=0.739..44.538 rows=7780 loops=1)
                                                                                Join Filter: (mi.movie_id = ci.movie_id)
                                                                                ->  Nested Loop  (cost=7.18..5164.12 rows=1 width=8) (actual time=0.340..21.115 rows=374 loops=1)
                                                                                      Join Filter: (it.id = mi.info_type_id)
                                                                                      ->  Seq Scan on info_type it  (cost=0.00..2.41 rows=1 width=4) (actual time=0.003..0.010 rows=1 loops=1)
                                                                                            Filter: ((info)::text = 'release dates'::text)
                                                                                            Rows Removed by Filter: 112
                                                                                      ->  Nested Loop  (cost=7.18..5161.17 rows=43 width=12) (actual time=0.336..21.034 rows=374 loops=1)
                                                                                            ->  Nested Loop  (cost=6.74..3729.38 rows=34 width=4) (actual time=0.108..9.167 rows=414 loops=1)
                                                                                                  ->  Seq Scan on keyword k  (cost=0.00..2626.12 rows=1 width=4) (actual time=0.027..8.486 rows=1 loops=1)
                                                                                                        Filter: (keyword = 'computer-animation'::text)
                                                                                                        Rows Removed by Filter: 134169
                                                                                                  ->  Bitmap Heap Scan on movie_keyword mk  (cost=6.74..1100.27 rows=298 width=8) (actual time=0.080..0.609 rows=414 loops=1)
                                                                                                        Recheck Cond: (keyword_id = k.id)
                                                                                                        Heap Blocks: exact=358
                                                                                                        ->  Bitmap Index Scan on keyword_id_movie_keyword  (cost=0.00..6.67 rows=298 width=0) (actual time=0.043..0.043 rows=414 loops=1)
                                                                                                              Index Cond: (keyword_id = k.id)
                                                                                            ->  Index Scan using movie_id_movie_info on movie_info mi  (cost=0.43..42.09 rows=2 width=8) (actual time=0.014..0.028 rows=1 loops=414)
                                                                                                  Index Cond: (movie_id = mk.movie_id)
                                                                                                  Filter: ((info IS NOT NULL) AND ((info ~~ 'Japan:%200%'::text) OR (info ~~ 'USA:%200%'::text)))
                                                                                                  Rows Removed by Filter: 70
                                                                                ->  Index Scan using movie_id_cast_info on cast_info ci  (cost=0.56..46.33 rows=1 width=16) (actual time=0.009..0.059 rows=21 loops=374)
                                                                                      Index Cond: (movie_id = mk.movie_id)
                                                                                      Filter: (note = ANY ('{(voice),"(voice) (uncredited)","(voice: English version)"}'::text[]))
                                                                                      Rows Removed by Filter: 72
                                                                    ->  Index Scan using person_id_person_info on person_info pi  (cost=0.43..19.25 rows=25 width=8) (actual time=0.002..0.007 rows=29 loops=2207)
                                                                          Index Cond: (person_id = ci.person_id)
                                                              ->  Index Scan using name_pkey on name n  (cost=0.43..2.22 rows=1 width=19) (actual time=0.001..0.001 rows=0 loops=64092)
                                                                    Index Cond: (id = pi.person_id)
                                                                    Filter: ((name ~~ '%An%'::text) AND ((gender)::text = 'f'::text))
                                                                    Rows Removed by Filter: 1
                                                        ->  Index Scan using movie_id_complete_cast on complete_cast cc  (cost=0.42..2.78 rows=2 width=12) (actual time=0.001..0.001 rows=1 loops=6930)
                                                              Index Cond: (movie_id = mi.movie_id)
                                      ->  Index Only Scan using person_id_aka_name on aka_name an  (cost=0.42..1.26 rows=2 width=4) (actual time=0.001..0.002 rows=4 loops=2987)
                                            Index Cond: (person_id = pi.person_id)
                                            Heap Fetches: 0
                                ->  Index Scan using movie_id_movie_companies on movie_companies mc  (cost=0.43..4.80 rows=5 width=8) (actual time=0.002..0.006 rows=26 loops=12945)
                                      Index Cond: (movie_id = mk.movie_id)
                          ->  Index Scan using company_name_pkey on company_name cn  (cost=0.42..2.03 rows=1 width=4) (actual time=0.001..0.001 rows=0 loops=336462)
                                Index Cond: (id = mc.company_id)
                                Filter: ((country_code)::text = '[us]'::text)
                                Rows Removed by Filter: 1
                    ->  Index Scan using title_pkey on title t  (cost=0.43..2.14 rows=1 width=21) (actual time=0.001..0.001 rows=0 loops=70149)
                          Index Cond: (id = mk.movie_id)
                          Filter: ((production_year >= 2000) AND (production_year <= 2010) AND (title = 'Shrek 2'::text))
                          Rows Removed by Filter: 1
              ->  Seq Scan on info_type it3  (cost=0.00..2.41 rows=1 width=4) (actual time=0.002..0.005 rows=1 loops=4890)
                    Filter: ((info)::text = 'trivia'::text)
                    Rows Removed by Filter: 80
        ->  Index Scan using char_name_pkey on char_name chn  (cost=0.43..2.25 rows=1 width=20) (actual time=0.001..0.001 rows=1 loops=1620)
              Index Cond: (id = ci.person_role_id)
              Filter: (name = 'Queen'::text)
Planning time: 78.941 ms
Execution time: 1034.568 ms
