Aggregate  (cost=4755.34..4755.35 rows=1 width=96) (actual time=24.178..24.178 rows=1 loops=1)
  ->  Nested Loop  (cost=11.16..4755.34 rows=1 width=48) (actual time=1.860..23.836 rows=1620 loops=1)
        Join Filter: (it3.id = pi.info_type_id)
        Rows Removed by Join Filter: 3270
        ->  Seq Scan on info_type it3  (cost=0.00..2.41 rows=1 width=4) (actual time=0.007..0.012 rows=1 loops=1)
              Filter: ((info)::text = 'trivia'::text)
              Rows Removed by Filter: 112
        ->  Nested Loop  (cost=11.16..4752.91 rows=1 width=52) (actual time=1.847..23.346 rows=4890 loops=1)
              Join Filter: (n.id = pi.person_id)
              ->  Nested Loop  (cost=10.73..4733.36 rows=1 width=60) (actual time=1.839..21.672 rows=30 loops=1)
                    ->  Nested Loop  (cost=10.30..4729.28 rows=1 width=48) (actual time=1.832..21.612 rows=30 loops=1)
                          ->  Nested Loop  (cost=9.88..4727.26 rows=1 width=52) (actual time=1.826..21.335 rows=132 loops=1)
                                ->  Nested Loop  (cost=9.45..4724.91 rows=1 width=33) (actual time=1.818..20.082 rows=704 loops=1)
                                      Join Filter: (cct1.id = cc.subject_id)
                                      ->  Seq Scan on comp_cast_type cct1  (cost=0.00..1.05 rows=1 width=4) (actual time=0.001..0.003 rows=1 loops=1)
                                            Filter: ((kind)::text = 'cast'::text)
                                            Rows Removed by Filter: 3
                                      ->  Nested Loop  (cost=9.45..4723.85 rows=1 width=37) (actual time=1.816..19.955 rows=704 loops=1)
                                            Join Filter: (cct2.id = cc.status_id)
                                            ->  Seq Scan on comp_cast_type cct2  (cost=0.00..1.05 rows=1 width=4) (actual time=0.002..0.002 rows=1 loops=1)
                                                  Filter: ((kind)::text = 'complete+verified'::text)
                                                  Rows Removed by Filter: 3
                                            ->  Nested Loop  (cost=9.45..4722.79 rows=1 width=41) (actual time=1.813..19.824 rows=704 loops=1)
                                                  Join Filter: (t.id = cc.movie_id)
                                                  ->  Nested Loop  (cost=9.03..4719.99 rows=1 width=53) (actual time=1.807..18.622 rows=704 loops=1)
                                                        Join Filter: (ci.role_id = rt.id)
                                                        Rows Removed by Join Filter: 2200
                                                        ->  Seq Scan on role_type rt  (cost=0.00..1.15 rows=1 width=4) (actual time=0.002..0.004 rows=1 loops=1)
                                                              Filter: ((role)::text = 'actress'::text)
                                                              Rows Removed by Filter: 11
                                                        ->  Nested Loop  (cost=9.03..4718.81 rows=2 width=57) (actual time=1.699..18.306 rows=2904 loops=1)
                                                              ->  Nested Loop  (cost=8.60..4717.53 rows=1 width=53) (actual time=1.681..15.283 rows=1672 loops=1)
                                                                    Join Filter: (t.id = ci.movie_id)
                                                                    ->  Nested Loop  (cost=8.04..4671.19 rows=1 width=37) (actual time=1.670..10.784 rows=44 loops=1)
                                                                          Join Filter: (mi.info_type_id = it.id)
                                                                          ->  Seq Scan on info_type it  (cost=0.00..2.41 rows=1 width=4) (actual time=0.002..0.009 rows=1 loops=1)
                                                                                Filter: ((info)::text = 'release dates'::text)
                                                                                Rows Removed by Filter: 112
                                                                          ->  Nested Loop  (cost=8.04..4668.23 rows=44 width=41) (actual time=1.667..10.765 rows=44 loops=1)
                                                                                Join Filter: (t.id = mc.movie_id)
                                                                                ->  Nested Loop  (cost=7.61..4658.49 rows=2 width=33) (actual time=1.660..10.734 rows=2 loops=1)
                                                                                      Join Filter: (t.id = mi.movie_id)
                                                                                      ->  Nested Loop  (cost=7.17..4616.37 rows=1 width=25) (actual time=1.640..10.585 rows=1 loops=1)
                                                                                            ->  Nested Loop  (cost=6.74..3729.38 rows=414 width=4) (actual time=0.106..9.060 rows=414 loops=1)
                                                                                                  ->  Seq Scan on keyword k  (cost=0.00..2626.12 rows=1 width=4) (actual time=0.028..8.454 rows=1 loops=1)
                                                                                                        Filter: (keyword = 'computer-animation'::text)
                                                                                                        Rows Removed by Filter: 134169
                                                                                                  ->  Bitmap Heap Scan on movie_keyword mk  (cost=6.74..1100.27 rows=298 width=8) (actual time=0.077..0.543 rows=414 loops=1)
                                                                                                        Recheck Cond: (keyword_id = k.id)
                                                                                                        Heap Blocks: exact=358
                                                                                                        ->  Bitmap Index Scan on keyword_id_movie_keyword  (cost=0.00..6.67 rows=298 width=0) (actual time=0.040..0.040 rows=414 loops=1)
                                                                                                              Index Cond: (keyword_id = k.id)
                                                                                            ->  Index Scan using title_pkey on title t  (cost=0.43..2.14 rows=1 width=21) (actual time=0.003..0.003 rows=0 loops=414)
                                                                                                  Index Cond: (id = mk.movie_id)
                                                                                                  Filter: ((production_year >= 2000) AND (production_year <= 2010) AND (title = 'Shrek 2'::text))
                                                                                                  Rows Removed by Filter: 1
                                                                                      ->  Index Scan using movie_id_movie_info on movie_info mi  (cost=0.43..42.09 rows=2 width=8) (actual time=0.020..0.148 rows=2 loops=1)
                                                                                            Index Cond: (movie_id = mk.movie_id)
                                                                                            Filter: ((info IS NOT NULL) AND ((info ~~ 'Japan:%200%'::text) OR (info ~~ 'USA:%200%'::text)))
                                                                                            Rows Removed by Filter: 455
                                                                                ->  Index Scan using movie_id_movie_companies on movie_companies mc  (cost=0.43..4.80 rows=5 width=8) (actual time=0.004..0.010 rows=22 loops=2)
                                                                                      Index Cond: (movie_id = mk.movie_id)
                                                                    ->  Index Scan using movie_id_cast_info on cast_info ci  (cost=0.56..46.33 rows=1 width=16) (actual time=0.002..0.095 rows=38 loops=44)
                                                                          Index Cond: (movie_id = mk.movie_id)
                                                                          Filter: (note = ANY ('{(voice),"(voice) (uncredited)","(voice: English version)"}'::text[]))
                                                                          Rows Removed by Filter: 191
                                                              ->  Index Only Scan using person_id_aka_name on aka_name an  (cost=0.42..1.27 rows=2 width=4) (actual time=0.001..0.001 rows=2 loops=1672)
                                                                    Index Cond: (person_id = ci.person_id)
                                                                    Heap Fetches: 0
                                                  ->  Index Scan using movie_id_complete_cast on complete_cast cc  (cost=0.42..2.77 rows=2 width=12) (actual time=0.001..0.001 rows=1 loops=704)
                                                        Index Cond: (movie_id = mk.movie_id)
                                ->  Index Scan using name_pkey on name n  (cost=0.43..2.35 rows=1 width=19) (actual time=0.002..0.002 rows=0 loops=704)
                                      Index Cond: (id = ci.person_id)
                                      Filter: ((name ~~ '%An%'::text) AND ((gender)::text = 'f'::text))
                                      Rows Removed by Filter: 1
                          ->  Index Scan using company_name_pkey on company_name cn  (cost=0.42..2.03 rows=1 width=4) (actual time=0.002..0.002 rows=0 loops=132)
                                Index Cond: (id = mc.company_id)
                                Filter: ((country_code)::text = '[us]'::text)
                                Rows Removed by Filter: 1
                    ->  Index Scan using char_name_pkey on char_name chn  (cost=0.43..2.25 rows=1 width=20) (actual time=0.002..0.002 rows=1 loops=30)
                          Index Cond: (id = ci.person_role_id)
                          Filter: (name = 'Queen'::text)
              ->  Index Scan using person_id_person_info on person_info pi  (cost=0.43..19.24 rows=25 width=8) (actual time=0.002..0.027 rows=163 loops=30)
                    Index Cond: (person_id = an.person_id)
Planning time: 79.003 ms
Execution time: 24.294 ms
