Aggregate  (cost=23714.11..23714.12 rows=1 width=96) (actual time=27.610..27.610 rows=1 loops=1)
  ->  Nested Loop  (cost=11.16..23714.10 rows=1 width=48) (actual time=10.135..27.217 rows=1620 loops=1)
        Join Filter: (it3.id = pi.info_type_id)
        Rows Removed by Join Filter: 3270
        ->  Seq Scan on info_type it3  (cost=0.00..2.41 rows=1 width=4) (actual time=0.006..0.011 rows=1 loops=1)
              Filter: ((info)::text = 'trivia'::text)
              Rows Removed by Filter: 112
        ->  Nested Loop  (cost=11.16..23711.61 rows=6 width=52) (actual time=10.122..26.657 rows=4890 loops=1)
              Join Filter: (n.id = pi.person_id)
              ->  Nested Loop  (cost=10.73..23555.21 rows=8 width=60) (actual time=10.113..24.714 rows=30 loops=1)
                    Join Filter: (cct1.id = cc.subject_id)
                    ->  Seq Scan on comp_cast_type cct1  (cost=0.00..1.05 rows=1 width=4) (actual time=0.002..0.003 rows=1 loops=1)
                          Filter: ((kind)::text = 'cast'::text)
                          Rows Removed by Filter: 3
                    ->  Nested Loop  (cost=10.73..23553.79 rows=30 width=64) (actual time=10.110..24.703 rows=30 loops=1)
                          Join Filter: (cct2.id = cc.status_id)
                          ->  Seq Scan on comp_cast_type cct2  (cost=0.00..1.05 rows=1 width=4) (actual time=0.001..0.002 rows=1 loops=1)
                                Filter: ((kind)::text = 'complete+verified'::text)
                                Rows Removed by Filter: 3
                          ->  Nested Loop  (cost=10.73..23552.36 rows=30 width=68) (actual time=10.108..24.692 rows=30 loops=1)
                                Join Filter: (t.id = cc.movie_id)
                                ->  Nested Loop  (cost=10.31..23468.48 rows=30 width=80) (actual time=10.100..24.617 rows=30 loops=1)
                                      Join Filter: (n.id = an.person_id)
                                      ->  Nested Loop  (cost=9.88..23455.57 rows=10 width=76) (actual time=10.089..24.576 rows=10 loops=1)
                                            ->  Nested Loop  (cost=9.45..23431.21 rows=10 width=64) (actual time=10.081..24.544 rows=10 loops=1)
                                                  Join Filter: (ci.role_id = rt.id)
                                                  ->  Seq Scan on role_type rt  (cost=0.00..1.15 rows=1 width=4) (actual time=0.002..0.004 rows=1 loops=1)
                                                        Filter: ((role)::text = 'actress'::text)
                                                        Rows Removed by Filter: 11
                                                  ->  Nested Loop  (cost=9.45..23429.94 rows=10 width=68) (actual time=10.078..24.536 rows=10 loops=1)
                                                        ->  Nested Loop  (cost=9.02..22538.10 rows=380 width=49) (actual time=9.937..23.673 rows=380 loops=1)
                                                              Join Filter: (t.id = ci.movie_id)
                                                              ->  Nested Loop  (cost=8.46..22074.69 rows=10 width=33) (actual time=9.925..22.361 rows=10 loops=1)
                                                                    ->  Nested Loop  (cost=8.04..21985.52 rows=44 width=37) (actual time=9.916..22.232 rows=44 loops=1)
                                                                          Join Filter: (t.id = mc.movie_id)
                                                                          ->  Nested Loop  (cost=7.61..21975.79 rows=2 width=29) (actual time=9.908..22.200 rows=2 loops=1)
                                                                                Join Filter: (mi.movie_id = t.id)
                                                                                ->  Nested Loop  (cost=7.18..21170.59 rows=374 width=8) (actual time=0.338..21.099 rows=374 loops=1)
                                                                                      Join Filter: (mi.info_type_id = it.id)
                                                                                      ->  Seq Scan on info_type it  (cost=0.00..2.41 rows=1 width=4) (actual time=0.002..0.008 rows=1 loops=1)
                                                                                            Filter: ((info)::text = 'release dates'::text)
                                                                                            Rows Removed by Filter: 112
                                                                                      ->  Nested Loop  (cost=7.18..21163.50 rows=374 width=12) (actual time=0.335..21.021 rows=374 loops=1)
                                                                                            ->  Nested Loop  (cost=6.74..3729.38 rows=414 width=4) (actual time=0.107..9.129 rows=414 loops=1)
                                                                                                  ->  Seq Scan on keyword k  (cost=0.00..2626.12 rows=1 width=4) (actual time=0.028..8.492 rows=1 loops=1)
                                                                                                        Filter: (keyword = 'computer-animation'::text)
                                                                                                        Rows Removed by Filter: 134169
                                                                                                  ->  Bitmap Heap Scan on movie_keyword mk  (cost=6.74..1100.27 rows=298 width=8) (actual time=0.078..0.567 rows=414 loops=1)
                                                                                                        Recheck Cond: (keyword_id = k.id)
                                                                                                        Heap Blocks: exact=358
                                                                                                        ->  Bitmap Index Scan on keyword_id_movie_keyword  (cost=0.00..6.67 rows=298 width=0) (actual time=0.041..0.041 rows=414 loops=1)
                                                                                                              Index Cond: (keyword_id = k.id)
                                                                                            ->  Index Scan using movie_id_movie_info on movie_info mi  (cost=0.43..42.09 rows=2 width=8) (actual time=0.014..0.028 rows=1 loops=414)
                                                                                                  Index Cond: (movie_id = mk.movie_id)
                                                                                                  Filter: ((info IS NOT NULL) AND ((info ~~ 'Japan:%200%'::text) OR (info ~~ 'USA:%200%'::text)))
                                                                                                  Rows Removed by Filter: 70
                                                                                ->  Index Scan using title_pkey on title t  (cost=0.43..2.14 rows=1 width=21) (actual time=0.003..0.003 rows=0 loops=374)
                                                                                      Index Cond: (id = mk.movie_id)
                                                                                      Filter: ((production_year >= 2000) AND (production_year <= 2010) AND (title = 'Shrek 2'::text))
                                                                                      Rows Removed by Filter: 1
                                                                          ->  Index Scan using movie_id_movie_companies on movie_companies mc  (cost=0.43..4.80 rows=5 width=8) (actual time=0.005..0.010 rows=22 loops=2)
                                                                                Index Cond: (movie_id = mk.movie_id)
                                                                    ->  Index Scan using company_name_pkey on company_name cn  (cost=0.42..2.03 rows=1 width=4) (actual time=0.003..0.003 rows=0 loops=44)
                                                                          Index Cond: (id = mc.company_id)
                                                                          Filter: ((country_code)::text = '[us]'::text)
                                                                          Rows Removed by Filter: 1
                                                              ->  Index Scan using movie_id_cast_info on cast_info ci  (cost=0.56..46.33 rows=1 width=16) (actual time=0.004..0.123 rows=38 loops=10)
                                                                    Index Cond: (movie_id = mk.movie_id)
                                                                    Filter: (note = ANY ('{(voice),"(voice) (uncredited)","(voice: English version)"}'::text[]))
                                                                    Rows Removed by Filter: 191
                                                        ->  Index Scan using name_pkey on name n  (cost=0.43..2.35 rows=1 width=19) (actual time=0.002..0.002 rows=0 loops=380)
                                                              Index Cond: (id = ci.person_id)
                                                              Filter: ((name ~~ '%An%'::text) AND ((gender)::text = 'f'::text))
                                                              Rows Removed by Filter: 1
                                            ->  Index Scan using char_name_pkey on char_name chn  (cost=0.43..2.25 rows=1 width=20) (actual time=0.003..0.003 rows=1 loops=10)
                                                  Index Cond: (id = ci.person_role_id)
                                                  Filter: (name = 'Queen'::text)
                                      ->  Index Only Scan using person_id_aka_name on aka_name an  (cost=0.42..1.27 rows=2 width=4) (actual time=0.002..0.003 rows=3 loops=10)
                                            Index Cond: (person_id = ci.person_id)
                                            Heap Fetches: 0
                                ->  Index Scan using movie_id_complete_cast on complete_cast cc  (cost=0.42..2.77 rows=2 width=12) (actual time=0.002..0.002 rows=1 loops=30)
                                      Index Cond: (movie_id = mk.movie_id)
              ->  Index Scan using person_id_person_info on person_info pi  (cost=0.43..19.24 rows=25 width=8) (actual time=0.002..0.031 rows=163 loops=30)
                    Index Cond: (person_id = an.person_id)
Planning time: 78.595 ms
Execution time: 27.735 ms
