Aggregate  (cost=13003.46..13003.47 rows=1 width=96) (actual time=227.950..227.950 rows=1 loops=1)
  ->  Nested Loop  (cost=11.16..13003.45 rows=1 width=48) (actual time=175.009..227.539 rows=1620 loops=1)
        Join Filter: (mi.movie_id = t.id)
        ->  Nested Loop  (cost=10.73..13001.29 rows=1 width=51) (actual time=175.000..225.024 rows=1620 loops=1)
              Join Filter: (n.id = an.person_id)
              ->  Nested Loop  (cost=10.30..13000.01 rows=1 width=63) (actual time=174.989..223.809 rows=540 loops=1)
                    Join Filter: (ci.person_id = n.id)
                    ->  Nested Loop  (cost=9.87..12997.77 rows=1 width=44) (actual time=174.978..222.838 rows=540 loops=1)
                          Join Filter: (pi.info_type_id = it3.id)
                          Rows Removed by Join Filter: 1090
                          ->  Nested Loop  (cost=9.87..12995.35 rows=1 width=48) (actual time=174.952..214.441 rows=1630 loops=1)
                                ->  Nested Loop  (cost=9.44..12542.90 rows=200 width=36) (actual time=0.872..80.374 rows=98823 loops=1)
                                      ->  Nested Loop  (cost=9.01..12386.92 rows=8 width=28) (actual time=0.863..44.895 rows=2334 loops=1)
                                            Join Filter: (rt.id = ci.role_id)
                                            Rows Removed by Join Filter: 7670
                                            ->  Seq Scan on role_type rt  (cost=0.00..1.15 rows=1 width=4) (actual time=0.006..0.008 rows=1 loops=1)
                                                  Filter: ((role)::text = 'actress'::text)
                                                  Rows Removed by Filter: 11
                                            ->  Nested Loop  (cost=9.01..12384.54 rows=98 width=32) (actual time=0.811..43.860 rows=10004 loops=1)
                                                  Join Filter: (mi.movie_id = ci.movie_id)
                                                  ->  Nested Loop  (cost=8.45..6916.40 rows=118 width=16) (actual time=0.790..16.753 rows=361 loops=1)
                                                        ->  Nested Loop  (cost=8.03..6251.65 rows=328 width=20) (actual time=0.760..13.489 rows=1564 loops=1)
                                                              Join Filter: (mi.movie_id = mc.movie_id)
                                                              ->  Nested Loop  (cost=7.60..5945.01 rows=63 width=12) (actual time=0.753..12.679 rows=63 loops=1)
                                                                    Join Filter: (cc.subject_id = cct1.id)
                                                                    Rows Removed by Join Filter: 7
                                                                    ->  Seq Scan on comp_cast_type cct1  (cost=0.00..1.05 rows=1 width=4) (actual time=0.002..0.003 rows=1 loops=1)
                                                                          Filter: ((kind)::text = 'cast'::text)
                                                                          Rows Removed by Filter: 3
                                                                    ->  Nested Loop  (cost=7.60..5943.08 rows=70 width=16) (actual time=0.750..12.662 rows=70 loops=1)
                                                                          Join Filter: (it.id = mi.info_type_id)
                                                                          ->  Seq Scan on info_type it  (cost=0.00..2.41 rows=1 width=4) (actual time=0.004..0.011 rows=1 loops=1)
                                                                                Filter: ((info)::text = 'release dates'::text)
                                                                                Rows Removed by Filter: 112
                                                                          ->  Nested Loop  (cost=7.60..5939.79 rows=70 width=20) (actual time=0.746..12.636 rows=70 loops=1)
                                                                                ->  Nested Loop  (cost=7.16..4887.01 rows=25 width=12) (actual time=0.379..10.133 rows=25 loops=1)
                                                                                      Join Filter: (cct2.id = cc.status_id)
                                                                                      Rows Removed by Join Filter: 65
                                                                                      ->  Seq Scan on comp_cast_type cct2  (cost=0.00..1.05 rows=1 width=4) (actual time=0.001..0.002 rows=1 loops=1)
                                                                                            Filter: ((kind)::text = 'complete+verified'::text)
                                                                                            Rows Removed by Filter: 3
                                                                                      ->  Nested Loop  (cost=7.16..4884.83 rows=90 width=16) (actual time=0.184..10.117 rows=90 loops=1)
                                                                                            ->  Nested Loop  (cost=6.74..3729.38 rows=414 width=4) (actual time=0.109..9.141 rows=414 loops=1)
                                                                                                  ->  Seq Scan on keyword k  (cost=0.00..2626.12 rows=1 width=4) (actual time=0.028..8.494 rows=1 loops=1)
                                                                                                        Filter: (keyword = 'computer-animation'::text)
                                                                                                        Rows Removed by Filter: 134169
                                                                                                  ->  Bitmap Heap Scan on movie_keyword mk  (cost=6.74..1100.27 rows=298 width=8) (actual time=0.080..0.580 rows=414 loops=1)
                                                                                                        Recheck Cond: (keyword_id = k.id)
                                                                                                        Heap Blocks: exact=358
                                                                                                        ->  Bitmap Index Scan on keyword_id_movie_keyword  (cost=0.00..6.67 rows=298 width=0) (actual time=0.042..0.042 rows=414 loops=1)
                                                                                                              Index Cond: (keyword_id = k.id)
                                                                                            ->  Index Scan using movie_id_complete_cast on complete_cast cc  (cost=0.42..2.77 rows=2 width=12) (actual time=0.002..0.002 rows=0 loops=414)
                                                                                                  Index Cond: (movie_id = mk.movie_id)
                                                                                ->  Index Scan using movie_id_movie_info on movie_info mi  (cost=0.43..42.09 rows=2 width=8) (actual time=0.023..0.099 rows=3 loops=25)
                                                                                      Index Cond: (movie_id = mk.movie_id)
                                                                                      Filter: ((info IS NOT NULL) AND ((info ~~ 'Japan:%200%'::text) OR (info ~~ 'USA:%200%'::text)))
                                                                                      Rows Removed by Filter: 311
                                                              ->  Index Scan using movie_id_movie_companies on movie_companies mc  (cost=0.43..4.80 rows=5 width=8) (actual time=0.003..0.008 rows=25 loops=63)
                                                                    Index Cond: (movie_id = mk.movie_id)
                                                        ->  Index Scan using company_name_pkey on company_name cn  (cost=0.42..2.03 rows=1 width=4) (actual time=0.002..0.002 rows=0 loops=1564)
                                                              Index Cond: (id = mc.company_id)
                                                              Filter: ((country_code)::text = '[us]'::text)
                                                              Rows Removed by Filter: 1
                                                  ->  Index Scan using movie_id_cast_info on cast_info ci  (cost=0.56..46.33 rows=1 width=16) (actual time=0.010..0.070 rows=28 loops=361)
                                                        Index Cond: (movie_id = mk.movie_id)
                                                        Filter: (note = ANY ('{(voice),"(voice) (uncredited)","(voice: English version)"}'::text[]))
                                                        Rows Removed by Filter: 134
                                      ->  Index Scan using person_id_person_info on person_info pi  (cost=0.43..19.25 rows=25 width=8) (actual time=0.002..0.008 rows=42 loops=2334)
                                            Index Cond: (person_id = ci.person_id)
                                ->  Index Scan using char_name_pkey on char_name chn  (cost=0.43..2.25 rows=1 width=20) (actual time=0.001..0.001 rows=0 loops=98823)
                                      Index Cond: (id = ci.person_role_id)
                                      Filter: (name = 'Queen'::text)
                                      Rows Removed by Filter: 1
                          ->  Seq Scan on info_type it3  (cost=0.00..2.41 rows=1 width=4) (actual time=0.002..0.005 rows=1 loops=1630)
                                Filter: ((info)::text = 'trivia'::text)
                                Rows Removed by Filter: 80
                    ->  Index Scan using name_pkey on name n  (cost=0.43..2.22 rows=1 width=19) (actual time=0.001..0.001 rows=1 loops=540)
                          Index Cond: (id = pi.person_id)
                          Filter: ((name ~~ '%An%'::text) AND ((gender)::text = 'f'::text))
              ->  Index Only Scan using person_id_aka_name on aka_name an  (cost=0.42..1.26 rows=2 width=4) (actual time=0.001..0.002 rows=3 loops=540)
                    Index Cond: (person_id = pi.person_id)
                    Heap Fetches: 0
        ->  Index Scan using title_pkey on title t  (cost=0.43..2.14 rows=1 width=21) (actual time=0.001..0.001 rows=1 loops=1620)
              Index Cond: (id = mk.movie_id)
              Filter: ((production_year >= 2000) AND (production_year <= 2010) AND (title = 'Shrek 2'::text))
Planning time: 78.993 ms
Execution time: 228.072 ms
