Aggregate  (cost=5257.99..5258.00 rows=1 width=96) (actual time=88.486..88.486 rows=1 loops=1)
  ->  Nested Loop  (cost=11.16..5257.99 rows=1 width=48) (actual time=1.828..88.060 rows=1620 loops=1)
        Join Filter: (cc.status_id = cct2.id)
        ->  Nested Loop  (cost=11.16..5256.92 rows=1 width=52) (actual time=1.824..86.597 rows=1620 loops=1)
              Join Filter: (ci.person_id = n.id)
              ->  Nested Loop  (cost=10.73..5254.69 rows=1 width=49) (actual time=1.816..83.931 rows=1620 loops=1)
                    Join Filter: (it.id = mi.info_type_id)
                    ->  Seq Scan on info_type it  (cost=0.00..2.41 rows=1 width=4) (actual time=0.006..0.011 rows=1 loops=1)
                          Filter: ((info)::text = 'release dates'::text)
                          Rows Removed by Filter: 112
                    ->  Nested Loop  (cost=10.73..5252.26 rows=1 width=53) (actual time=1.809..83.616 rows=1620 loops=1)
                          Join Filter: (t.id = mi.movie_id)
                          ->  Nested Loop  (cost=10.29..5210.15 rows=1 width=69) (actual time=1.786..13.848 rows=810 loops=1)
                                Join Filter: (cct1.id = cc.subject_id)
                                ->  Seq Scan on comp_cast_type cct1  (cost=0.00..1.05 rows=1 width=4) (actual time=0.002..0.002 rows=1 loops=1)
                                      Filter: ((kind)::text = 'cast'::text)
                                      Rows Removed by Filter: 3
                                ->  Nested Loop  (cost=10.29..5209.08 rows=1 width=73) (actual time=1.784..13.678 rows=810 loops=1)
                                      Join Filter: (t.id = cc.movie_id)
                                      ->  Nested Loop  (cost=9.87..5200.70 rows=3 width=61) (actual time=1.778..12.164 rows=810 loops=1)
                                            Join Filter: (it3.id = pi.info_type_id)
                                            Rows Removed by Join Filter: 1635
                                            ->  Seq Scan on info_type it3  (cost=0.00..2.41 rows=1 width=4) (actual time=0.003..0.009 rows=1 loops=1)
                                                  Filter: ((info)::text = 'trivia'::text)
                                                  Rows Removed by Filter: 112
                                            ->  Nested Loop  (cost=9.87..5193.61 rows=374 width=65) (actual time=1.769..11.867 rows=2445 loops=1)
                                                  ->  Nested Loop  (cost=9.44..4901.14 rows=15 width=57) (actual time=1.762..11.010 rows=15 loops=1)
                                                        Join Filter: (ci.role_id = rt.id)
                                                        ->  Seq Scan on role_type rt  (cost=0.00..1.15 rows=1 width=4) (actual time=0.002..0.004 rows=1 loops=1)
                                                              Filter: ((role)::text = 'actress'::text)
                                                              Rows Removed by Filter: 11
                                                        ->  Nested Loop  (cost=9.44..4899.80 rows=15 width=61) (actual time=1.759..11.001 rows=15 loops=1)
                                                              ->  Nested Loop  (cost=9.02..4766.04 rows=66 width=65) (actual time=1.754..10.855 rows=66 loops=1)
                                                                    Join Filter: (t.id = mc.movie_id)
                                                                    ->  Nested Loop  (cost=8.59..4751.44 rows=3 width=57) (actual time=1.747..10.817 rows=3 loops=1)
                                                                          ->  Nested Loop  (cost=8.17..4750.16 rows=1 width=53) (actual time=1.737..10.806 rows=1 loops=1)
                                                                                ->  Nested Loop  (cost=7.74..4662.71 rows=38 width=41) (actual time=1.598..10.646 rows=38 loops=1)
                                                                                      Join Filter: (t.id = ci.movie_id)
                                                                                      ->  Nested Loop  (cost=7.17..4616.37 rows=1 width=25) (actual time=1.587..10.386 rows=1 loops=1)
                                                                                            ->  Nested Loop  (cost=6.74..3729.38 rows=414 width=4) (actual time=0.108..8.921 rows=414 loops=1)
                                                                                                  ->  Seq Scan on keyword k  (cost=0.00..2626.12 rows=1 width=4) (actual time=0.027..8.346 rows=1 loops=1)
                                                                                                        Filter: (keyword = 'computer-animation'::text)
                                                                                                        Rows Removed by Filter: 134169
                                                                                                  ->  Bitmap Heap Scan on movie_keyword mk  (cost=6.74..1100.27 rows=298 width=8) (actual time=0.079..0.515 rows=414 loops=1)
                                                                                                        Recheck Cond: (keyword_id = k.id)
                                                                                                        Heap Blocks: exact=358
                                                                                                        ->  Bitmap Index Scan on keyword_id_movie_keyword  (cost=0.00..6.67 rows=298 width=0) (actual time=0.042..0.042 rows=414 loops=1)
                                                                                                              Index Cond: (keyword_id = k.id)
                                                                                            ->  Index Scan using title_pkey on title t  (cost=0.43..2.14 rows=1 width=21) (actual time=0.003..0.003 rows=0 loops=414)
                                                                                                  Index Cond: (id = mk.movie_id)
                                                                                                  Filter: ((production_year >= 2000) AND (production_year <= 2010) AND (title = 'Shrek 2'::text))
                                                                                                  Rows Removed by Filter: 1
                                                                                      ->  Index Scan using movie_id_cast_info on cast_info ci  (cost=0.56..46.33 rows=1 width=16) (actual time=0.009..0.252 rows=38 loops=1)
                                                                                            Index Cond: (movie_id = mk.movie_id)
                                                                                            Filter: (note = ANY ('{(voice),"(voice) (uncredited)","(voice: English version)"}'::text[]))
                                                                                            Rows Removed by Filter: 191
                                                                                ->  Index Scan using char_name_pkey on char_name chn  (cost=0.43..2.25 rows=1 width=20) (actual time=0.004..0.004 rows=0 loops=38)
                                                                                      Index Cond: (id = ci.person_role_id)
                                                                                      Filter: (name = 'Queen'::text)
                                                                                      Rows Removed by Filter: 1
                                                                          ->  Index Only Scan using person_id_aka_name on aka_name an  (cost=0.42..1.27 rows=2 width=4) (actual time=0.008..0.009 rows=3 loops=1)
                                                                                Index Cond: (person_id = ci.person_id)
                                                                                Heap Fetches: 0
                                                                    ->  Index Scan using movie_id_movie_companies on movie_companies mc  (cost=0.43..4.80 rows=5 width=8) (actual time=0.004..0.007 rows=22 loops=3)
                                                                          Index Cond: (movie_id = mk.movie_id)
                                                              ->  Index Scan using company_name_pkey on company_name cn  (cost=0.42..2.03 rows=1 width=4) (actual time=0.002..0.002 rows=0 loops=66)
                                                                    Index Cond: (id = mc.company_id)
                                                                    Filter: ((country_code)::text = '[us]'::text)
                                                                    Rows Removed by Filter: 1
                                                  ->  Index Scan using person_id_person_info on person_info pi  (cost=0.43..19.25 rows=25 width=8) (actual time=0.002..0.029 rows=163 loops=15)
                                                        Index Cond: (person_id = ci.person_id)
                                      ->  Index Scan using movie_id_complete_cast on complete_cast cc  (cost=0.42..2.77 rows=2 width=12) (actual time=0.001..0.001 rows=1 loops=810)
                                            Index Cond: (movie_id = mk.movie_id)
                          ->  Index Scan using movie_id_movie_info on movie_info mi  (cost=0.43..42.09 rows=2 width=8) (actual time=0.008..0.086 rows=2 loops=810)
                                Index Cond: (movie_id = mk.movie_id)
                                Filter: ((info IS NOT NULL) AND ((info ~~ 'Japan:%200%'::text) OR (info ~~ 'USA:%200%'::text)))
                                Rows Removed by Filter: 455
              ->  Index Scan using name_pkey on name n  (cost=0.43..2.22 rows=1 width=19) (actual time=0.001..0.001 rows=1 loops=1620)
                    Index Cond: (id = pi.person_id)
                    Filter: ((name ~~ '%An%'::text) AND ((gender)::text = 'f'::text))
        ->  Seq Scan on comp_cast_type cct2  (cost=0.00..1.05 rows=1 width=4) (actual time=0.000..0.000 rows=1 loops=1620)
              Filter: ((kind)::text = 'complete+verified'::text)
              Rows Removed by Filter: 3
Planning time: 79.210 ms
Execution time: 88.609 ms
