Aggregate  (cost=6008.41..6008.42 rows=1 width=96) (actual time=17.135..17.135 rows=1 loops=1)
  ->  Nested Loop  (cost=11.16..6008.40 rows=1 width=48) (actual time=1.918..16.743 rows=1620 loops=1)
        Join Filter: (cc.subject_id = cct1.id)
        ->  Nested Loop  (cost=11.16..6007.34 rows=1 width=52) (actual time=1.915..15.687 rows=1620 loops=1)
              Join Filter: (it3.id = pi.info_type_id)
              Rows Removed by Join Filter: 3270
              ->  Seq Scan on info_type it3  (cost=0.00..2.41 rows=1 width=4) (actual time=0.007..0.012 rows=1 loops=1)
                    Filter: ((info)::text = 'trivia'::text)
                    Rows Removed by Filter: 112
              ->  Nested Loop  (cost=11.16..6004.92 rows=1 width=56) (actual time=1.901..15.154 rows=4890 loops=1)
                    Join Filter: (n.id = pi.person_id)
                    ->  Nested Loop  (cost=10.73..5985.37 rows=1 width=64) (actual time=1.893..13.342 rows=30 loops=1)
                          Join Filter: (cct2.id = cc.status_id)
                          ->  Seq Scan on comp_cast_type cct2  (cost=0.00..1.05 rows=1 width=4) (actual time=0.002..0.003 rows=1 loops=1)
                                Filter: ((kind)::text = 'complete+verified'::text)
                                Rows Removed by Filter: 3
                          ->  Nested Loop  (cost=10.73..5984.30 rows=1 width=68) (actual time=1.890..13.331 rows=30 loops=1)
                                Join Filter: (t.id = cc.movie_id)
                                ->  Nested Loop  (cost=10.31..5981.51 rows=1 width=80) (actual time=1.883..13.262 rows=30 loops=1)
                                      Join Filter: (mi.info_type_id = it.id)
                                      ->  Seq Scan on info_type it  (cost=0.00..2.41 rows=1 width=4) (actual time=0.002..0.009 rows=1 loops=1)
                                            Filter: ((info)::text = 'release dates'::text)
                                            Rows Removed by Filter: 112
                                      ->  Nested Loop  (cost=10.31..5978.72 rows=30 width=84) (actual time=1.880..13.246 rows=30 loops=1)
                                            Join Filter: (t.id = mi.movie_id)
                                            ->  Nested Loop  (cost=9.87..5346.97 rows=15 width=76) (actual time=1.857..11.839 rows=15 loops=1)
                                                  Join Filter: (ci.role_id = rt.id)
                                                  ->  Seq Scan on role_type rt  (cost=0.00..1.15 rows=1 width=4) (actual time=0.002..0.004 rows=1 loops=1)
                                                        Filter: ((role)::text = 'actress'::text)
                                                        Rows Removed by Filter: 11
                                                  ->  Nested Loop  (cost=9.87..5345.64 rows=15 width=80) (actual time=1.854..11.830 rows=15 loops=1)
                                                        Join Filter: (n.id = an.person_id)
                                                        ->  Nested Loop  (cost=9.45..5339.18 rows=5 width=76) (actual time=1.845..11.805 rows=5 loops=1)
                                                              ->  Nested Loop  (cost=9.02..5327.44 rows=5 width=57) (actual time=1.836..11.785 rows=5 loops=1)
                                                                    ->  Nested Loop  (cost=8.59..4897.53 rows=190 width=45) (actual time=1.677..11.311 rows=190 loops=1)
                                                                          Join Filter: (t.id = ci.movie_id)
                                                                          ->  Nested Loop  (cost=8.02..4665.83 rows=5 width=29) (actual time=1.666..10.611 rows=5 loops=1)
                                                                                ->  Nested Loop  (cost=7.60..4621.24 rows=22 width=33) (actual time=1.660..10.535 rows=22 loops=1)
                                                                                      Join Filter: (t.id = mc.movie_id)
                                                                                      ->  Nested Loop  (cost=7.17..4616.37 rows=1 width=25) (actual time=1.653..10.517 rows=1 loops=1)
                                                                                            ->  Nested Loop  (cost=6.74..3729.38 rows=414 width=4) (actual time=0.109..9.018 rows=414 loops=1)
                                                                                                  ->  Seq Scan on keyword k  (cost=0.00..2626.12 rows=1 width=4) (actual time=0.029..8.423 rows=1 loops=1)
                                                                                                        Filter: (keyword = 'computer-animation'::text)
                                                                                                        Rows Removed by Filter: 134169
                                                                                                  ->  Bitmap Heap Scan on movie_keyword mk  (cost=6.74..1100.27 rows=298 width=8) (actual time=0.080..0.533 rows=414 loops=1)
                                                                                                        Recheck Cond: (keyword_id = k.id)
                                                                                                        Heap Blocks: exact=358
                                                                                                        ->  Bitmap Index Scan on keyword_id_movie_keyword  (cost=0.00..6.67 rows=298 width=0) (actual time=0.042..0.042 rows=414 loops=1)
                                                                                                              Index Cond: (keyword_id = k.id)
                                                                                            ->  Index Scan using title_pkey on title t  (cost=0.43..2.14 rows=1 width=21) (actual time=0.003..0.003 rows=0 loops=414)
                                                                                                  Index Cond: (id = mk.movie_id)
                                                                                                  Filter: ((production_year >= 2000) AND (production_year <= 2010) AND (title = 'Shrek 2'::text))
                                                                                                  Rows Removed by Filter: 1
                                                                                      ->  Index Scan using movie_id_movie_companies on movie_companies mc  (cost=0.43..4.80 rows=5 width=8) (actual time=0.006..0.013 rows=22 loops=1)
                                                                                            Index Cond: (movie_id = mk.movie_id)
                                                                                ->  Index Scan using company_name_pkey on company_name cn  (cost=0.42..2.03 rows=1 width=4) (actual time=0.003..0.003 rows=0 loops=22)
                                                                                      Index Cond: (id = mc.company_id)
                                                                                      Filter: ((country_code)::text = '[us]'::text)
                                                                                      Rows Removed by Filter: 1
                                                                          ->  Index Scan using movie_id_cast_info on cast_info ci  (cost=0.56..46.33 rows=1 width=16) (actual time=0.004..0.132 rows=38 loops=5)
                                                                                Index Cond: (movie_id = mk.movie_id)
                                                                                Filter: (note = ANY ('{(voice),"(voice) (uncredited)","(voice: English version)"}'::text[]))
                                                                                Rows Removed by Filter: 191
                                                                    ->  Index Scan using char_name_pkey on char_name chn  (cost=0.43..2.25 rows=1 width=20) (actual time=0.002..0.002 rows=0 loops=190)
                                                                          Index Cond: (id = ci.person_role_id)
                                                                          Filter: (name = 'Queen'::text)
                                                                          Rows Removed by Filter: 1
                                                              ->  Index Scan using name_pkey on name n  (cost=0.43..2.35 rows=1 width=19) (actual time=0.003..0.003 rows=1 loops=5)
                                                                    Index Cond: (id = ci.person_id)
                                                                    Filter: ((name ~~ '%An%'::text) AND ((gender)::text = 'f'::text))
                                                        ->  Index Only Scan using person_id_aka_name on aka_name an  (cost=0.42..1.27 rows=2 width=4) (actual time=0.003..0.004 rows=3 loops=5)
                                                              Index Cond: (person_id = ci.person_id)
                                                              Heap Fetches: 0
                                            ->  Index Scan using movie_id_movie_info on movie_info mi  (cost=0.43..42.09 rows=2 width=8) (actual time=0.010..0.093 rows=2 loops=15)
                                                  Index Cond: (movie_id = mk.movie_id)
                                                  Filter: ((info IS NOT NULL) AND ((info ~~ 'Japan:%200%'::text) OR (info ~~ 'USA:%200%'::text)))
                                                  Rows Removed by Filter: 455
                                ->  Index Scan using movie_id_complete_cast on complete_cast cc  (cost=0.42..2.77 rows=2 width=12) (actual time=0.002..0.002 rows=1 loops=30)
                                      Index Cond: (movie_id = mk.movie_id)
                    ->  Index Scan using person_id_person_info on person_info pi  (cost=0.43..19.24 rows=25 width=8) (actual time=0.002..0.029 rows=163 loops=30)
                          Index Cond: (person_id = an.person_id)
        ->  Seq Scan on comp_cast_type cct1  (cost=0.00..1.05 rows=1 width=4) (actual time=0.000..0.000 rows=1 loops=1620)
              Filter: ((kind)::text = 'cast'::text)
Planning time: 79.160 ms
Execution time: 17.256 ms
