Aggregate  (cost=7968.87..7968.88 rows=1 width=96) (actual time=32.640..32.640 rows=1 loops=1)
  ->  Nested Loop  (cost=11.16..7968.86 rows=1 width=48) (actual time=5.266..32.246 rows=1620 loops=1)
        Join Filter: (cc.subject_id = cct1.id)
        ->  Nested Loop  (cost=11.16..7967.80 rows=1 width=52) (actual time=5.260..31.161 rows=1620 loops=1)
              ->  Nested Loop  (cost=10.74..7965.77 rows=1 width=56) (actual time=5.253..20.077 rows=7128 loops=1)
                    Join Filter: (t.id = mc.movie_id)
                    ->  Nested Loop  (cost=10.31..7960.90 rows=1 width=72) (actual time=5.245..17.144 rows=324 loops=1)
                          Join Filter: (it3.id = pi.info_type_id)
                          Rows Removed by Join Filter: 654
                          ->  Seq Scan on info_type it3  (cost=0.00..2.41 rows=1 width=4) (actual time=0.007..0.012 rows=1 loops=1)
                                Filter: ((info)::text = 'trivia'::text)
                                Rows Removed by Filter: 112
                          ->  Nested Loop  (cost=10.31..7958.48 rows=1 width=76) (actual time=5.231..17.022 rows=978 loops=1)
                                Join Filter: (n.id = pi.person_id)
                                ->  Nested Loop  (cost=9.88..7938.93 rows=1 width=84) (actual time=5.223..16.644 rows=6 loops=1)
                                      ->  Nested Loop  (cost=9.45..7936.58 rows=1 width=65) (actual time=5.215..16.626 rows=6 loops=1)
                                            ->  Nested Loop  (cost=9.02..7862.66 rows=32 width=53) (actual time=5.207..16.551 rows=32 loops=1)
                                                  Join Filter: (it.id = mi.info_type_id)
                                                  ->  Seq Scan on info_type it  (cost=0.00..2.41 rows=1 width=4) (actual time=0.003..0.009 rows=1 loops=1)
                                                        Filter: ((info)::text = 'release dates'::text)
                                                        Rows Removed by Filter: 112
                                                  ->  Nested Loop  (cost=9.02..7859.85 rows=32 width=57) (actual time=5.204..16.535 rows=32 loops=1)
                                                        Join Filter: (t.id = mi.movie_id)
                                                        ->  Nested Loop  (cost=8.58..7185.98 rows=16 width=49) (actual time=5.181..15.112 rows=16 loops=1)
                                                              Join Filter: (ci.movie_id = t.id)
                                                              ->  Nested Loop  (cost=8.15..6286.06 rows=418 width=28) (actual time=0.462..14.375 rows=418 loops=1)
                                                                    ->  Nested Loop  (cost=7.73..6055.75 rows=179 width=24) (actual time=0.453..13.733 rows=179 loops=1)
                                                                          Join Filter: (rt.id = ci.role_id)
                                                                          Rows Removed by Join Filter: 553
                                                                          ->  Seq Scan on role_type rt  (cost=0.00..1.15 rows=1 width=4) (actual time=0.003..0.005 rows=1 loops=1)
                                                                                Filter: ((role)::text = 'actress'::text)
                                                                                Rows Removed by Filter: 11
                                                                          ->  Nested Loop  (cost=7.73..6045.45 rows=732 width=28) (actual time=0.388..13.647 rows=732 loops=1)
                                                                                ->  Nested Loop  (cost=7.16..4887.01 rows=25 width=12) (actual time=0.374..9.970 rows=25 loops=1)
                                                                                      Join Filter: (cc.status_id = cct2.id)
                                                                                      Rows Removed by Join Filter: 65
                                                                                      ->  Seq Scan on comp_cast_type cct2  (cost=0.00..1.05 rows=1 width=4) (actual time=0.002..0.003 rows=1 loops=1)
                                                                                            Filter: ((kind)::text = 'complete+verified'::text)
                                                                                            Rows Removed by Filter: 3
                                                                                      ->  Nested Loop  (cost=7.16..4884.83 rows=90 width=16) (actual time=0.181..9.954 rows=90 loops=1)
                                                                                            ->  Nested Loop  (cost=6.74..3729.38 rows=414 width=4) (actual time=0.106..9.019 rows=414 loops=1)
                                                                                                  ->  Seq Scan on keyword k  (cost=0.00..2626.12 rows=1 width=4) (actual time=0.027..8.380 rows=1 loops=1)
                                                                                                        Filter: (keyword = 'computer-animation'::text)
                                                                                                        Rows Removed by Filter: 134169
                                                                                                  ->  Bitmap Heap Scan on movie_keyword mk  (cost=6.74..1100.27 rows=298 width=8) (actual time=0.078..0.571 rows=414 loops=1)
                                                                                                        Recheck Cond: (keyword_id = k.id)
                                                                                                        Heap Blocks: exact=358
                                                                                                        ->  Bitmap Index Scan on keyword_id_movie_keyword  (cost=0.00..6.67 rows=298 width=0) (actual time=0.041..0.041 rows=414 loops=1)
                                                                                                              Index Cond: (keyword_id = k.id)
                                                                                            ->  Index Scan using movie_id_complete_cast on complete_cast cc  (cost=0.42..2.77 rows=2 width=12) (actual time=0.002..0.002 rows=0 loops=414)
                                                                                                  Index Cond: (movie_id = mk.movie_id)
                                                                                ->  Index Scan using movie_id_cast_info on cast_info ci  (cost=0.56..46.33 rows=1 width=16) (actual time=0.017..0.142 rows=29 loops=25)
                                                                                      Index Cond: (movie_id = mk.movie_id)
                                                                                      Filter: (note = ANY ('{(voice),"(voice) (uncredited)","(voice: English version)"}'::text[]))
                                                                                      Rows Removed by Filter: 116
                                                                    ->  Index Only Scan using person_id_aka_name on aka_name an  (cost=0.42..1.27 rows=2 width=4) (actual time=0.003..0.003 rows=2 loops=179)
                                                                          Index Cond: (person_id = ci.person_id)
                                                                          Heap Fetches: 0
                                                              ->  Index Scan using title_pkey on title t  (cost=0.43..2.14 rows=1 width=21) (actual time=0.002..0.002 rows=0 loops=418)
                                                                    Index Cond: (id = mk.movie_id)
                                                                    Filter: ((production_year >= 2000) AND (production_year <= 2010) AND (title = 'Shrek 2'::text))
                                                                    Rows Removed by Filter: 1
                                                        ->  Index Scan using movie_id_movie_info on movie_info mi  (cost=0.43..42.09 rows=2 width=8) (actual time=0.009..0.088 rows=2 loops=16)
                                                              Index Cond: (movie_id = mk.movie_id)
                                                              Filter: ((info IS NOT NULL) AND ((info ~~ 'Japan:%200%'::text) OR (info ~~ 'USA:%200%'::text)))
                                                              Rows Removed by Filter: 455
                                            ->  Index Scan using char_name_pkey on char_name chn  (cost=0.43..2.25 rows=1 width=20) (actual time=0.002..0.002 rows=0 loops=32)
                                                  Index Cond: (id = ci.person_role_id)
                                                  Filter: (name = 'Queen'::text)
                                                  Rows Removed by Filter: 1
                                      ->  Index Scan using name_pkey on name n  (cost=0.43..2.35 rows=1 width=19) (actual time=0.003..0.003 rows=1 loops=6)
                                            Index Cond: (id = ci.person_id)
                                            Filter: ((name ~~ '%An%'::text) AND ((gender)::text = 'f'::text))
                                ->  Index Scan using person_id_person_info on person_info pi  (cost=0.43..19.24 rows=25 width=8) (actual time=0.002..0.030 rows=163 loops=6)
                                      Index Cond: (person_id = an.person_id)
                    ->  Index Scan using movie_id_movie_companies on movie_companies mc  (cost=0.43..4.80 rows=5 width=8) (actual time=0.002..0.005 rows=22 loops=324)
                          Index Cond: (movie_id = mk.movie_id)
              ->  Index Scan using company_name_pkey on company_name cn  (cost=0.42..2.03 rows=1 width=4) (actual time=0.001..0.001 rows=0 loops=7128)
                    Index Cond: (id = mc.company_id)
                    Filter: ((country_code)::text = '[us]'::text)
                    Rows Removed by Filter: 1
        ->  Seq Scan on comp_cast_type cct1  (cost=0.00..1.05 rows=1 width=4) (actual time=0.000..0.000 rows=1 loops=1620)
              Filter: ((kind)::text = 'cast'::text)
Planning time: 78.640 ms
Execution time: 32.758 ms
