Aggregate  (cost=25572.81..25572.82 rows=1 width=96) (actual time=26.106..26.106 rows=1 loops=1)
  ->  Nested Loop  (cost=11.16..25572.81 rows=1 width=48) (actual time=11.467..26.093 rows=15 loops=1)
        Join Filter: (ci.person_id = n.id)
        ->  Nested Loop  (cost=10.73..25570.57 rows=1 width=45) (actual time=11.458..26.051 rows=15 loops=1)
              Join Filter: (it3.id = pi.info_type_id)
              Rows Removed by Join Filter: 2430
              ->  Seq Scan on info_type it3  (cost=0.00..2.41 rows=1 width=4) (actual time=0.008..0.013 rows=1 loops=1)
                    Filter: ((info)::text = 'height'::text)
                    Rows Removed by Filter: 112
              ->  Nested Loop  (cost=10.73..25567.53 rows=50 width=49) (actual time=11.398..25.831 rows=2445 loops=1)
                    ->  Nested Loop  (cost=10.30..25528.54 rows=2 width=41) (actual time=11.390..24.938 rows=15 loops=1)
                          ->  Nested Loop  (cost=9.87..25527.25 rows=1 width=37) (actual time=11.370..24.904 rows=5 loops=1)
                                Join Filter: (rt.id = ci.role_id)
                                ->  Seq Scan on role_type rt  (cost=0.00..1.15 rows=1 width=4) (actual time=0.002..0.004 rows=1 loops=1)
                                      Filter: ((role)::text = 'actress'::text)
                                      Rows Removed by Filter: 11
                                ->  Nested Loop  (cost=9.87..25526.04 rows=5 width=41) (actual time=11.367..24.897 rows=5 loops=1)
                                      ->  Nested Loop  (cost=9.44..25096.12 rows=190 width=29) (actual time=11.221..24.411 rows=190 loops=1)
                                            Join Filter: (t.id = ci.movie_id)
                                            ->  Nested Loop  (cost=8.88..24864.42 rows=5 width=37) (actual time=11.208..23.665 rows=5 loops=1)
                                                  Join Filter: (cc.subject_id = cct1.id)
                                                  ->  Seq Scan on comp_cast_type cct1  (cost=0.00..1.05 rows=1 width=4) (actual time=0.002..0.004 rows=1 loops=1)
                                                        Filter: ((kind)::text = 'cast'::text)
                                                        Rows Removed by Filter: 3
                                                  ->  Nested Loop  (cost=8.88..24863.31 rows=5 width=41) (actual time=11.205..23.659 rows=5 loops=1)
                                                        Join Filter: (mi.movie_id = t.id)
                                                        ->  Nested Loop  (cost=8.45..24294.93 rows=264 width=20) (actual time=2.317..23.126 rows=264 loops=1)
                                                              ->  Nested Loop  (cost=8.03..22142.61 rows=1062 width=24) (actual time=2.289..20.956 rows=1062 loops=1)
                                                                    Join Filter: (mi.movie_id = mc.movie_id)
                                                                    ->  Nested Loop  (cost=7.60..21923.57 rows=45 width=16) (actual time=2.280..20.370 rows=45 loops=1)
                                                                          Join Filter: (mi.info_type_id = it.id)
                                                                          ->  Seq Scan on info_type it  (cost=0.00..2.41 rows=1 width=4) (actual time=0.002..0.009 rows=1 loops=1)
                                                                                Filter: ((info)::text = 'release dates'::text)
                                                                                Rows Removed by Filter: 112
                                                                          ->  Nested Loop  (cost=7.60..21920.60 rows=45 width=20) (actual time=2.277..20.351 rows=45 loops=1)
                                                                                Join Filter: (cct2.id = cc.status_id)
                                                                                Rows Removed by Join Filter: 86
                                                                                ->  Seq Scan on comp_cast_type cct2  (cost=0.00..1.05 rows=1 width=4) (actual time=0.001..0.002 rows=1 loops=1)
                                                                                      Filter: ((kind)::text = 'complete+verified'::text)
                                                                                      Rows Removed by Filter: 3
                                                                                ->  Nested Loop  (cost=7.60..21917.91 rows=131 width=24) (actual time=1.360..20.330 rows=131 loops=1)
                                                                                      Join Filter: (mi.movie_id = cc.movie_id)
                                                                                      ->  Nested Loop  (cost=7.18..21121.07 rows=285 width=12) (actual time=0.320..19.633 rows=285 loops=1)
                                                                                            ->  Nested Loop  (cost=6.74..3729.38 rows=414 width=4) (actual time=0.108..9.114 rows=414 loops=1)
                                                                                                  ->  Seq Scan on keyword k  (cost=0.00..2626.12 rows=1 width=4) (actual time=0.028..8.482 rows=1 loops=1)
                                                                                                        Filter: (keyword = 'computer-animation'::text)
                                                                                                        Rows Removed by Filter: 134169
                                                                                                  ->  Bitmap Heap Scan on movie_keyword mk  (cost=6.74..1100.27 rows=298 width=8) (actual time=0.079..0.566 rows=414 loops=1)
                                                                                                        Recheck Cond: (keyword_id = k.id)
                                                                                                        Heap Blocks: exact=358
                                                                                                        ->  Bitmap Index Scan on keyword_id_movie_keyword  (cost=0.00..6.67 rows=298 width=0) (actual time=0.042..0.042 rows=414 loops=1)
                                                                                                              Index Cond: (keyword_id = k.id)
                                                                                            ->  Index Scan using movie_id_movie_info on movie_info mi  (cost=0.43..41.99 rows=2 width=8) (actual time=0.013..0.025 rows=1 loops=414)
                                                                                                  Index Cond: (movie_id = mk.movie_id)
                                                                                                  Filter: (info ~~ 'USA:%200%'::text)
                                                                                                  Rows Removed by Filter: 70
                                                                                      ->  Index Scan using movie_id_complete_cast on complete_cast cc  (cost=0.42..2.77 rows=2 width=12) (actual time=0.002..0.002 rows=0 loops=285)
                                                                                            Index Cond: (movie_id = mk.movie_id)
                                                                    ->  Index Scan using movie_id_movie_companies on movie_companies mc  (cost=0.43..4.80 rows=5 width=8) (actual time=0.003..0.008 rows=24 loops=45)
                                                                          Index Cond: (movie_id = mk.movie_id)
                                                              ->  Index Scan using company_name_pkey on company_name cn  (cost=0.42..2.03 rows=1 width=4) (actual time=0.002..0.002 rows=0 loops=1062)
                                                                    Index Cond: (id = mc.company_id)
                                                                    Filter: ((country_code)::text = '[us]'::text)
                                                                    Rows Removed by Filter: 1
                                                        ->  Index Scan using title_pkey on title t  (cost=0.43..2.14 rows=1 width=21) (actual time=0.002..0.002 rows=0 loops=264)
                                                              Index Cond: (id = mk.movie_id)
                                                              Filter: ((production_year >= 2000) AND (production_year <= 2005) AND (title = 'Shrek 2'::text))
                                                              Rows Removed by Filter: 1
                                            ->  Index Scan using movie_id_cast_info on cast_info ci  (cost=0.56..46.33 rows=1 width=16) (actual time=0.005..0.141 rows=38 loops=5)
                                                  Index Cond: (movie_id = mk.movie_id)
                                                  Filter: (note = ANY ('{(voice),"(voice) (uncredited)","(voice: English version)"}'::text[]))
                                                  Rows Removed by Filter: 191
                                      ->  Index Scan using char_name_pkey on char_name chn  (cost=0.43..2.25 rows=1 width=20) (actual time=0.002..0.002 rows=0 loops=190)
                                            Index Cond: (id = ci.person_role_id)
                                            Filter: (name = 'Queen'::text)
                                            Rows Removed by Filter: 1
                          ->  Index Only Scan using person_id_aka_name on aka_name an  (cost=0.42..1.27 rows=2 width=4) (actual time=0.005..0.006 rows=3 loops=5)
                                Index Cond: (person_id = ci.person_id)
                                Heap Fetches: 0
                    ->  Index Scan using person_id_person_info on person_info pi  (cost=0.43..19.25 rows=25 width=8) (actual time=0.002..0.031 rows=163 loops=15)
                          Index Cond: (person_id = ci.person_id)
        ->  Index Scan using name_pkey on name n  (cost=0.43..2.22 rows=1 width=19) (actual time=0.002..0.002 rows=1 loops=15)
              Index Cond: (id = pi.person_id)
              Filter: ((name ~~ '%An%'::text) AND ((gender)::text = 'f'::text))
Planning time: 79.377 ms
Execution time: 26.239 ms
