Aggregate  (cost=14588.43..14588.44 rows=1 width=96) (actual time=189.480..189.480 rows=1 loops=1)
  ->  Nested Loop  (cost=5771.17..14588.42 rows=1 width=48) (actual time=133.057..189.468 rows=15 loops=1)
        Join Filter: (mi.movie_id = t.id)
        ->  Nested Loop  (cost=5770.74..14586.27 rows=1 width=51) (actual time=133.047..189.430 rows=15 loops=1)
              Join Filter: (ci.person_id = n.id)
              ->  Nested Loop  (cost=5770.31..14581.79 rows=2 width=48) (actual time=133.037..189.393 rows=15 loops=1)
                    ->  Nested Loop  (cost=5769.88..14580.51 rows=1 width=44) (actual time=133.028..189.369 rows=5 loops=1)
                          ->  Nested Loop  (cost=5769.75..14580.34 rows=1 width=48) (actual time=133.023..189.358 rows=5 loops=1)
                                Join Filter: (it3.id = pi.info_type_id)
                                Rows Removed by Join Filter: 810
                                ->  Seq Scan on info_type it3  (cost=0.00..2.41 rows=1 width=4) (actual time=0.007..0.012 rows=1 loops=1)
                                      Filter: ((info)::text = 'height'::text)
                                      Rows Removed by Filter: 112
                                ->  Nested Loop  (cost=5769.75..14577.61 rows=25 width=52) (actual time=132.962..189.283 rows=815 loops=1)
                                      ->  Nested Loop  (cost=5769.32..14558.11 rows=1 width=44) (actual time=132.952..188.989 rows=5 loops=1)
                                            ->  Nested Loop  (cost=5768.90..14556.09 rows=1 width=48) (actual time=132.942..188.906 rows=22 loops=1)
                                                  ->  Nested Loop  (cost=5768.47..14552.01 rows=1 width=36) (actual time=16.046..178.736 rows=7397 loops=1)
                                                        ->  Nested Loop  (cost=5768.34..14551.84 rows=1 width=40) (actual time=15.991..149.009 rows=33364 loops=1)
                                                              Join Filter: (mi.movie_id = ci.movie_id)
                                                              ->  Nested Loop  (cost=5767.77..14505.50 rows=1 width=24) (actual time=15.967..72.721 rows=1062 loops=1)
                                                                    Join Filter: (it.id = mi.info_type_id)
                                                                    ->  Seq Scan on info_type it  (cost=0.00..2.41 rows=1 width=4) (actual time=0.003..0.009 rows=1 loops=1)
                                                                          Filter: ((info)::text = 'release dates'::text)
                                                                          Rows Removed by Filter: 112
                                                                    ->  Nested Loop  (cost=5767.77..14501.67 rows=113 width=28) (actual time=15.963..72.504 rows=1062 loops=1)
                                                                          Join Filter: (mc.movie_id = mi.movie_id)
                                                                          ->  Hash Join  (cost=5767.34..8367.64 rows=146 width=20) (actual time=12.201..36.263 rows=564 loops=1)
                                                                                Hash Cond: (cc.status_id = cct2.id)
                                                                                ->  Hash Join  (cost=5766.27..8360.53 rows=582 width=24) (actual time=12.192..36.009 rows=1768 loops=1)
                                                                                      Hash Cond: (cc.movie_id = mc.movie_id)
                                                                                      ->  Seq Scan on complete_cast cc  (cost=0.00..2081.86 rows=135086 width=12) (actual time=0.004..10.402 rows=135086 loops=1)
                                                                                      ->  Hash  (cost=5739.31..5739.31 rows=2157 width=12) (actual time=11.990..11.990 rows=3218 loops=1)
                                                                                            Buckets: 4096  Batches: 1  Memory Usage: 171kB
                                                                                            ->  Nested Loop  (cost=7.17..5739.31 rows=2157 width=12) (actual time=0.115..11.552 rows=3218 loops=1)
                                                                                                  ->  Nested Loop  (cost=6.74..3729.38 rows=414 width=4) (actual time=0.109..8.928 rows=414 loops=1)
                                                                                                        ->  Seq Scan on keyword k  (cost=0.00..2626.12 rows=1 width=4) (actual time=0.027..8.340 rows=1 loops=1)
                                                                                                              Filter: (keyword = 'computer-animation'::text)
                                                                                                              Rows Removed by Filter: 134169
                                                                                                        ->  Bitmap Heap Scan on movie_keyword mk  (cost=6.74..1100.27 rows=298 width=8) (actual time=0.081..0.528 rows=414 loops=1)
                                                                                                              Recheck Cond: (keyword_id = k.id)
                                                                                                              Heap Blocks: exact=358
                                                                                                              ->  Bitmap Index Scan on keyword_id_movie_keyword  (cost=0.00..6.67 rows=298 width=0) (actual time=0.044..0.044 rows=414 loops=1)
                                                                                                                    Index Cond: (keyword_id = k.id)
                                                                                                  ->  Index Scan using movie_id_movie_companies on movie_companies mc  (cost=0.43..4.80 rows=5 width=8) (actual time=0.003..0.005 rows=8 loops=414)
                                                                                                        Index Cond: (movie_id = mk.movie_id)
                                                                                ->  Hash  (cost=1.05..1.05 rows=1 width=4) (actual time=0.004..0.004 rows=1 loops=1)
                                                                                      Buckets: 1024  Batches: 1  Memory Usage: 9kB
                                                                                      ->  Seq Scan on comp_cast_type cct2  (cost=0.00..1.05 rows=1 width=4) (actual time=0.002..0.003 rows=1 loops=1)
                                                                                            Filter: ((kind)::text = 'complete+verified'::text)
                                                                                            Rows Removed by Filter: 3
                                                                          ->  Index Scan using movie_id_movie_info on movie_info mi  (cost=0.43..41.99 rows=2 width=8) (actual time=0.014..0.064 rows=2 loops=564)
                                                                                Index Cond: (movie_id = mk.movie_id)
                                                                                Filter: (info ~~ 'USA:%200%'::text)
                                                                                Rows Removed by Filter: 380
                                                              ->  Index Scan using movie_id_cast_info on cast_info ci  (cost=0.56..46.33 rows=1 width=16) (actual time=0.008..0.066 rows=31 loops=1062)
                                                                    Index Cond: (movie_id = mk.movie_id)
                                                                    Filter: (note = ANY ('{(voice),"(voice) (uncredited)","(voice: English version)"}'::text[]))
                                                                    Rows Removed by Filter: 140
                                                        ->  Index Scan using role_type_pkey on role_type rt  (cost=0.14..0.16 rows=1 width=4) (actual time=0.001..0.001 rows=0 loops=33364)
                                                              Index Cond: (id = ci.role_id)
                                                              Filter: ((role)::text = 'actress'::text)
                                                              Rows Removed by Filter: 1
                                                  ->  Index Scan using char_name_pkey on char_name chn  (cost=0.43..2.25 rows=1 width=20) (actual time=0.001..0.001 rows=0 loops=7397)
                                                        Index Cond: (id = ci.person_role_id)
                                                        Filter: (name = 'Queen'::text)
                                                        Rows Removed by Filter: 1
                                            ->  Index Scan using company_name_pkey on company_name cn  (cost=0.42..2.03 rows=1 width=4) (actual time=0.003..0.003 rows=0 loops=22)
                                                  Index Cond: (id = mc.company_id)
                                                  Filter: ((country_code)::text = '[us]'::text)
                                                  Rows Removed by Filter: 1
                                      ->  Index Scan using person_id_person_info on person_info pi  (cost=0.43..19.25 rows=25 width=8) (actual time=0.003..0.032 rows=163 loops=5)
                                            Index Cond: (person_id = ci.person_id)
                          ->  Index Scan using comp_cast_type_pkey on comp_cast_type cct1  (cost=0.13..0.15 rows=1 width=4) (actual time=0.002..0.002 rows=1 loops=5)
                                Index Cond: (id = cc.subject_id)
                                Filter: ((kind)::text = 'cast'::text)
                    ->  Index Only Scan using person_id_aka_name on aka_name an  (cost=0.42..1.27 rows=2 width=4) (actual time=0.003..0.004 rows=3 loops=5)
                          Index Cond: (person_id = ci.person_id)
                          Heap Fetches: 0
              ->  Index Scan using name_pkey on name n  (cost=0.43..2.22 rows=1 width=19) (actual time=0.002..0.002 rows=1 loops=15)
                    Index Cond: (id = pi.person_id)
                    Filter: ((name ~~ '%An%'::text) AND ((gender)::text = 'f'::text))
        ->  Index Scan using title_pkey on title t  (cost=0.43..2.14 rows=1 width=21) (actual time=0.002..0.002 rows=1 loops=15)
              Index Cond: (id = mk.movie_id)
              Filter: ((production_year >= 2000) AND (production_year <= 2005) AND (title = 'Shrek 2'::text))
Planning time: 79.151 ms
Execution time: 189.607 ms
