Aggregate  (cost=4852.77..4852.78 rows=1 width=96) (actual time=11.415..11.415 rows=1 loops=1)
  ->  Nested Loop  (cost=11.16..4852.76 rows=1 width=48) (actual time=1.777..11.404 rows=15 loops=1)
        ->  Nested Loop  (cost=10.74..4850.73 rows=1 width=52) (actual time=1.770..11.265 rows=66 loops=1)
              Join Filter: (t.id = mc.movie_id)
              ->  Nested Loop  (cost=10.31..4845.87 rows=1 width=68) (actual time=1.764..11.230 rows=3 loops=1)
                    Join Filter: (cct2.id = cc.status_id)
                    ->  Seq Scan on comp_cast_type cct2  (cost=0.00..1.05 rows=1 width=4) (actual time=0.006..0.006 rows=1 loops=1)
                          Filter: ((kind)::text = 'complete+verified'::text)
                          Rows Removed by Filter: 3
                    ->  Nested Loop  (cost=10.31..4844.78 rows=3 width=72) (actual time=1.757..11.222 rows=3 loops=1)
                          Join Filter: (cct1.id = cc.subject_id)
                          ->  Seq Scan on comp_cast_type cct1  (cost=0.00..1.05 rows=1 width=4) (actual time=0.001..0.002 rows=1 loops=1)
                                Filter: ((kind)::text = 'cast'::text)
                                Rows Removed by Filter: 3
                          ->  Nested Loop  (cost=10.31..4843.69 rows=3 width=76) (actual time=1.756..11.218 rows=3 loops=1)
                                Join Filter: (t.id = cc.movie_id)
                                ->  Nested Loop  (cost=9.89..4835.30 rows=3 width=64) (actual time=1.749..11.207 rows=3 loops=1)
                                      Join Filter: (it3.id = pi.info_type_id)
                                      Rows Removed by Join Filter: 486
                                      ->  Seq Scan on info_type it3  (cost=0.00..2.41 rows=1 width=4) (actual time=0.005..0.010 rows=1 loops=1)
                                            Filter: ((info)::text = 'height'::text)
                                            Rows Removed by Filter: 112
                                      ->  Nested Loop  (cost=9.89..4826.78 rows=489 width=68) (actual time=1.691..11.161 rows=489 loops=1)
                                            Join Filter: (n.id = pi.person_id)
                                            ->  Nested Loop  (cost=9.46..4768.13 rows=3 width=76) (actual time=1.683..10.976 rows=3 loops=1)
                                                  ->  Nested Loop  (cost=9.03..4761.09 rows=3 width=57) (actual time=1.676..10.965 rows=3 loops=1)
                                                        ->  Nested Loop  (cost=8.60..4723.22 rows=16 width=45) (actual time=1.668..10.917 rows=16 loops=1)
                                                              ->  Nested Loop  (cost=8.17..4709.06 rows=11 width=41) (actual time=1.660..10.874 rows=11 loops=1)
                                                                    Join Filter: (rt.id = ci.role_id)
                                                                    Rows Removed by Join Filter: 27
                                                                    ->  Seq Scan on role_type rt  (cost=0.00..1.15 rows=1 width=4) (actual time=0.002..0.004 rows=1 loops=1)
                                                                          Filter: ((role)::text = 'actress'::text)
                                                                          Rows Removed by Filter: 11
                                                                    ->  Nested Loop  (cost=8.17..4707.44 rows=38 width=45) (actual time=1.627..10.865 rows=38 loops=1)
                                                                          Join Filter: (t.id = ci.movie_id)
                                                                          ->  Nested Loop  (cost=7.61..4661.10 rows=1 width=29) (actual time=1.617..10.602 rows=1 loops=1)
                                                                                Join Filter: (it.id = mi.info_type_id)
                                                                                ->  Seq Scan on info_type it  (cost=0.00..2.41 rows=1 width=4) (actual time=0.002..0.009 rows=1 loops=1)
                                                                                      Filter: ((info)::text = 'release dates'::text)
                                                                                      Rows Removed by Filter: 112
                                                                                ->  Nested Loop  (cost=7.61..4658.67 rows=1 width=33) (actual time=1.613..10.592 rows=1 loops=1)
                                                                                      Join Filter: (t.id = mi.movie_id)
                                                                                      ->  Nested Loop  (cost=7.17..4616.66 rows=1 width=25) (actual time=1.593..10.478 rows=1 loops=1)
                                                                                            ->  Nested Loop  (cost=6.74..3729.38 rows=414 width=4) (actual time=0.110..9.011 rows=414 loops=1)
                                                                                                  ->  Seq Scan on keyword k  (cost=0.00..2626.12 rows=1 width=4) (actual time=0.029..8.419 rows=1 loops=1)
                                                                                                        Filter: (keyword = 'computer-animation'::text)
                                                                                                        Rows Removed by Filter: 134169
                                                                                                  ->  Bitmap Heap Scan on movie_keyword mk  (cost=6.74..1100.27 rows=298 width=8) (actual time=0.080..0.523 rows=414 loops=1)
                                                                                                        Recheck Cond: (keyword_id = k.id)
                                                                                                        Heap Blocks: exact=358
                                                                                                        ->  Bitmap Index Scan on keyword_id_movie_keyword  (cost=0.00..6.67 rows=298 width=0) (actual time=0.042..0.042 rows=414 loops=1)
                                                                                                              Index Cond: (keyword_id = k.id)
                                                                                            ->  Index Scan using title_pkey on title t  (cost=0.43..2.14 rows=1 width=21) (actual time=0.003..0.003 rows=0 loops=414)
                                                                                                  Index Cond: (id = mk.movie_id)
                                                                                                  Filter: ((production_year >= 2000) AND (production_year <= 2005) AND (title = 'Shrek 2'::text))
                                                                                                  Rows Removed by Filter: 1
                                                                                      ->  Index Scan using movie_id_movie_info on movie_info mi  (cost=0.43..41.99 rows=2 width=8) (actual time=0.019..0.113 rows=1 loops=1)
                                                                                            Index Cond: (movie_id = mk.movie_id)
                                                                                            Filter: (info ~~ 'USA:%200%'::text)
                                                                                            Rows Removed by Filter: 456
                                                                          ->  Index Scan using movie_id_cast_info on cast_info ci  (cost=0.56..46.33 rows=1 width=16) (actual time=0.010..0.256 rows=38 loops=1)
                                                                                Index Cond: (movie_id = mk.movie_id)
                                                                                Filter: (note = ANY ('{(voice),"(voice) (uncredited)","(voice: English version)"}'::text[]))
                                                                                Rows Removed by Filter: 191
                                                              ->  Index Only Scan using person_id_aka_name on aka_name an  (cost=0.42..1.27 rows=2 width=4) (actual time=0.003..0.003 rows=1 loops=11)
                                                                    Index Cond: (person_id = ci.person_id)
                                                                    Heap Fetches: 0
                                                        ->  Index Scan using char_name_pkey on char_name chn  (cost=0.43..2.25 rows=1 width=20) (actual time=0.003..0.003 rows=0 loops=16)
                                                              Index Cond: (id = ci.person_role_id)
                                                              Filter: (name = 'Queen'::text)
                                                              Rows Removed by Filter: 1
                                                  ->  Index Scan using name_pkey on name n  (cost=0.43..2.35 rows=1 width=19) (actual time=0.003..0.003 rows=1 loops=3)
                                                        Index Cond: (id = ci.person_id)
                                                        Filter: ((name ~~ '%An%'::text) AND ((gender)::text = 'f'::text))
                                            ->  Index Scan using person_id_person_info on person_info pi  (cost=0.43..19.24 rows=25 width=8) (actual time=0.003..0.032 rows=163 loops=3)
                                                  Index Cond: (person_id = an.person_id)
                                ->  Index Scan using movie_id_complete_cast on complete_cast cc  (cost=0.42..2.77 rows=2 width=12) (actual time=0.003..0.003 rows=1 loops=3)
                                      Index Cond: (movie_id = mk.movie_id)
              ->  Index Scan using movie_id_movie_companies on movie_companies mc  (cost=0.43..4.80 rows=5 width=8) (actual time=0.003..0.007 rows=22 loops=3)
                    Index Cond: (movie_id = mk.movie_id)
        ->  Index Scan using company_name_pkey on company_name cn  (cost=0.42..2.03 rows=1 width=4) (actual time=0.002..0.002 rows=0 loops=66)
              Index Cond: (id = mc.company_id)
              Filter: ((country_code)::text = '[us]'::text)
              Rows Removed by Filter: 1
Planning time: 78.858 ms
Execution time: 11.534 ms
