Aggregate  (cost=21870.02..21870.03 rows=1 width=96) (actual time=41.322..41.323 rows=1 loops=1)
  ->  Nested Loop  (cost=11.16..21870.01 rows=1 width=48) (actual time=20.912..41.309 rows=15 loops=1)
        Join Filter: (it3.id = pi.info_type_id)
        Rows Removed by Join Filter: 2430
        ->  Seq Scan on info_type it3  (cost=0.00..2.41 rows=1 width=4) (actual time=0.007..0.012 rows=1 loops=1)
              Filter: ((info)::text = 'height'::text)
              Rows Removed by Filter: 112
        ->  Nested Loop  (cost=11.16..21867.59 rows=1 width=52) (actual time=20.835..41.092 rows=2445 loops=1)
              Join Filter: (n.id = pi.person_id)
              ->  Nested Loop  (cost=10.73..21848.04 rows=1 width=60) (actual time=20.825..40.135 rows=15 loops=1)
                    Join Filter: (mi.movie_id = t.id)
                    ->  Nested Loop  (cost=10.30..21845.89 rows=1 width=63) (actual time=20.816..40.097 rows=15 loops=1)
                          Join Filter: (it.id = mi.info_type_id)
                          ->  Seq Scan on info_type it  (cost=0.00..2.41 rows=1 width=4) (actual time=0.002..0.009 rows=1 loops=1)
                                Filter: ((info)::text = 'release dates'::text)
                                Rows Removed by Filter: 112
                          ->  Nested Loop  (cost=10.30..21843.46 rows=1 width=67) (actual time=20.813..40.083 rows=15 loops=1)
                                Join Filter: (mc.movie_id = mi.movie_id)
                                ->  Nested Loop  (cost=9.86..21801.45 rows=1 width=59) (actual time=1.516..36.441 rows=55 loops=1)
                                      Join Filter: (cc.status_id = cct2.id)
                                      Rows Removed by Join Filter: 15
                                      ->  Nested Loop  (cost=9.86..21800.39 rows=1 width=63) (actual time=1.514..36.362 rows=70 loops=1)
                                            ->  Nested Loop  (cost=9.44..21794.31 rows=3 width=67) (actual time=1.494..35.742 rows=274 loops=1)
                                                  Join Filter: (ci.movie_id = mc.movie_id)
                                                  ->  Nested Loop  (cost=9.01..21789.44 rows=1 width=59) (actual time=1.486..35.582 rows=11 loops=1)
                                                        ->  Nested Loop  (cost=8.58..21787.09 rows=1 width=40) (actual time=0.974..35.525 rows=15 loops=1)
                                                              Join Filter: (cc.subject_id = cct1.id)
                                                              ->  Nested Loop  (cost=8.58..21786.03 rows=1 width=44) (actual time=0.971..35.500 rows=15 loops=1)
                                                                    Join Filter: (rt.id = ci.role_id)
                                                                    ->  Seq Scan on role_type rt  (cost=0.00..1.15 rows=1 width=4) (actual time=0.003..0.005 rows=1 loops=1)
                                                                          Filter: ((role)::text = 'actress'::text)
                                                                          Rows Removed by Filter: 11
                                                                    ->  Nested Loop  (cost=8.58..21784.87 rows=1 width=48) (actual time=0.967..35.490 rows=15 loops=1)
                                                                          ->  Nested Loop  (cost=8.15..11970.73 rows=4355 width=36) (actual time=0.195..26.903 rows=4355 loops=1)
                                                                                ->  Nested Loop  (cost=7.73..9055.22 rows=2266 width=32) (actual time=0.188..20.241 rows=2266 loops=1)
                                                                                      ->  Nested Loop  (cost=7.16..4884.83 rows=90 width=16) (actual time=0.180..10.133 rows=90 loops=1)
                                                                                            ->  Nested Loop  (cost=6.74..3729.38 rows=414 width=4) (actual time=0.109..9.150 rows=414 loops=1)
                                                                                                  ->  Seq Scan on keyword k  (cost=0.00..2626.12 rows=1 width=4) (actual time=0.028..8.483 rows=1 loops=1)
                                                                                                        Filter: (keyword = 'computer-animation'::text)
                                                                                                        Rows Removed by Filter: 134169
                                                                                                  ->  Bitmap Heap Scan on movie_keyword mk  (cost=6.74..1100.27 rows=298 width=8) (actual time=0.080..0.591 rows=414 loops=1)
                                                                                                        Recheck Cond: (keyword_id = k.id)
                                                                                                        Heap Blocks: exact=358
                                                                                                        ->  Bitmap Index Scan on keyword_id_movie_keyword  (cost=0.00..6.67 rows=298 width=0) (actual time=0.042..0.042 rows=414 loops=1)
                                                                                                              Index Cond: (keyword_id = k.id)
                                                                                            ->  Index Scan using movie_id_complete_cast on complete_cast cc  (cost=0.42..2.77 rows=2 width=12) (actual time=0.002..0.002 rows=0 loops=414)
                                                                                                  Index Cond: (movie_id = mk.movie_id)
                                                                                      ->  Index Scan using movie_id_cast_info on cast_info ci  (cost=0.56..46.33 rows=1 width=16) (actual time=0.012..0.107 rows=25 loops=90)
                                                                                            Index Cond: (movie_id = mk.movie_id)
                                                                                            Filter: (note = ANY ('{(voice),"(voice) (uncredited)","(voice: English version)"}'::text[]))
                                                                                            Rows Removed by Filter: 90
                                                                                ->  Index Only Scan using person_id_aka_name on aka_name an  (cost=0.42..1.27 rows=2 width=4) (actual time=0.002..0.002 rows=2 loops=2266)
                                                                                      Index Cond: (person_id = ci.person_id)
                                                                                      Heap Fetches: 0
                                                                          ->  Index Scan using char_name_pkey on char_name chn  (cost=0.43..2.25 rows=1 width=20) (actual time=0.002..0.002 rows=0 loops=4355)
                                                                                Index Cond: (id = ci.person_role_id)
                                                                                Filter: (name = 'Queen'::text)
                                                                                Rows Removed by Filter: 1
                                                              ->  Seq Scan on comp_cast_type cct1  (cost=0.00..1.05 rows=1 width=4) (actual time=0.001..0.001 rows=1 loops=15)
                                                                    Filter: ((kind)::text = 'cast'::text)
                                                        ->  Index Scan using name_pkey on name n  (cost=0.43..2.35 rows=1 width=19) (actual time=0.003..0.003 rows=1 loops=15)
                                                              Index Cond: (id = ci.person_id)
                                                              Filter: ((name ~~ '%An%'::text) AND ((gender)::text = 'f'::text))
                                                              Rows Removed by Filter: 0
                                                  ->  Index Scan using movie_id_movie_companies on movie_companies mc  (cost=0.43..4.80 rows=5 width=8) (actual time=0.003..0.008 rows=25 loops=11)
                                                        Index Cond: (movie_id = mk.movie_id)
                                            ->  Index Scan using company_name_pkey on company_name cn  (cost=0.42..2.03 rows=1 width=4) (actual time=0.002..0.002 rows=0 loops=274)
                                                  Index Cond: (id = mc.company_id)
                                                  Filter: ((country_code)::text = '[us]'::text)
                                                  Rows Removed by Filter: 1
                                      ->  Seq Scan on comp_cast_type cct2  (cost=0.00..1.05 rows=1 width=4) (actual time=0.001..0.001 rows=1 loops=70)
                                            Filter: ((kind)::text = 'complete+verified'::text)
                                            Rows Removed by Filter: 3
                                ->  Index Scan using movie_id_movie_info on movie_info mi  (cost=0.43..41.99 rows=2 width=8) (actual time=0.045..0.066 rows=0 loops=55)
                                      Index Cond: (movie_id = mk.movie_id)
                                      Filter: (info ~~ 'USA:%200%'::text)
                                      Rows Removed by Filter: 346
                    ->  Index Scan using title_pkey on title t  (cost=0.43..2.14 rows=1 width=21) (actual time=0.002..0.002 rows=1 loops=15)
                          Index Cond: (id = mk.movie_id)
                          Filter: ((production_year >= 2000) AND (production_year <= 2005) AND (title = 'Shrek 2'::text))
              ->  Index Scan using person_id_person_info on person_info pi  (cost=0.43..19.24 rows=25 width=8) (actual time=0.002..0.032 rows=163 loops=15)
                    Index Cond: (person_id = an.person_id)
Planning time: 79.105 ms
Execution time: 41.450 ms
