Aggregate  (cost=6031.75..6031.76 rows=1 width=96) (actual time=18.061..18.061 rows=1 loops=1)
  ->  Nested Loop  (cost=11.16..6031.74 rows=1 width=48) (actual time=6.504..18.048 rows=15 loops=1)
        ->  Nested Loop  (cost=10.73..6027.67 rows=1 width=36) (actual time=6.496..18.012 rows=15 loops=1)
              Join Filter: (cc.subject_id = cct1.id)
              ->  Nested Loop  (cost=10.73..6026.60 rows=1 width=40) (actual time=6.493..17.996 rows=15 loops=1)
                    Join Filter: (it.id = mi.info_type_id)
                    ->  Seq Scan on info_type it  (cost=0.00..2.41 rows=1 width=4) (actual time=0.007..0.012 rows=1 loops=1)
                          Filter: ((info)::text = 'release dates'::text)
                          Rows Removed by Filter: 112
                    ->  Nested Loop  (cost=10.73..6024.18 rows=1 width=44) (actual time=6.485..17.979 rows=15 loops=1)
                          Join Filter: (t.id = mi.movie_id)
                          ->  Nested Loop  (cost=10.29..5982.16 rows=1 width=60) (actual time=6.464..16.670 rows=15 loops=1)
                                Join Filter: (n.id = an.person_id)
                                ->  Nested Loop  (cost=9.87..5980.88 rows=1 width=72) (actual time=6.453..16.646 rows=5 loops=1)
                                      Join Filter: (ci.role_id = rt.id)
                                      ->  Nested Loop  (cost=9.87..5979.71 rows=1 width=76) (actual time=6.447..16.635 rows=5 loops=1)
                                            ->  Nested Loop  (cost=9.45..5977.69 rows=1 width=80) (actual time=6.441..16.557 rows=22 loops=1)
                                                  Join Filter: (t.id = mc.movie_id)
                                                  ->  Nested Loop  (cost=9.02..5972.82 rows=1 width=72) (actual time=6.432..16.537 rows=1 loops=1)
                                                        Join Filter: (ci.movie_id = t.id)
                                                        ->  Nested Loop  (cost=8.59..5970.67 rows=1 width=51) (actual time=1.096..16.500 rows=6 loops=1)
                                                              Join Filter: (it3.id = pi.info_type_id)
                                                              Rows Removed by Join Filter: 1155
                                                              ->  Seq Scan on info_type it3  (cost=0.00..2.41 rows=1 width=4) (actual time=0.003..0.009 rows=1 loops=1)
                                                                    Filter: ((info)::text = 'height'::text)
                                                                    Rows Removed by Filter: 112
                                                              ->  Nested Loop  (cost=8.59..5968.24 rows=1 width=55) (actual time=1.052..16.392 rows=1161 loops=1)
                                                                    Join Filter: (n.id = pi.person_id)
                                                                    ->  Nested Loop  (cost=8.16..5948.68 rows=1 width=47) (actual time=1.043..15.899 rows=6 loops=1)
                                                                          ->  Nested Loop  (cost=7.73..5906.44 rows=18 width=28) (actual time=0.394..13.426 rows=732 loops=1)
                                                                                ->  Nested Loop  (cost=7.16..4887.01 rows=22 width=12) (actual time=0.379..9.943 rows=25 loops=1)
                                                                                      Join Filter: (cct2.id = cc.status_id)
                                                                                      Rows Removed by Join Filter: 65
                                                                                      ->  Seq Scan on comp_cast_type cct2  (cost=0.00..1.05 rows=1 width=4) (actual time=0.003..0.003 rows=1 loops=1)
                                                                                            Filter: ((kind)::text = 'complete+verified'::text)
                                                                                            Rows Removed by Filter: 3
                                                                                      ->  Nested Loop  (cost=7.16..4884.83 rows=90 width=16) (actual time=0.183..9.928 rows=90 loops=1)
                                                                                            ->  Nested Loop  (cost=6.74..3729.38 rows=414 width=4) (actual time=0.107..9.030 rows=414 loops=1)
                                                                                                  ->  Seq Scan on keyword k  (cost=0.00..2626.12 rows=1 width=4) (actual time=0.027..8.403 rows=1 loops=1)
                                                                                                        Filter: (keyword = 'computer-animation'::text)
                                                                                                        Rows Removed by Filter: 134169
                                                                                                  ->  Bitmap Heap Scan on movie_keyword mk  (cost=6.74..1100.27 rows=298 width=8) (actual time=0.079..0.561 rows=414 loops=1)
                                                                                                        Recheck Cond: (keyword_id = k.id)
                                                                                                        Heap Blocks: exact=358
                                                                                                        ->  Bitmap Index Scan on keyword_id_movie_keyword  (cost=0.00..6.67 rows=298 width=0) (actual time=0.042..0.042 rows=414 loops=1)
                                                                                                              Index Cond: (keyword_id = k.id)
                                                                                            ->  Index Scan using movie_id_complete_cast on complete_cast cc  (cost=0.42..2.77 rows=2 width=12) (actual time=0.002..0.002 rows=0 loops=414)
                                                                                                  Index Cond: (movie_id = mk.movie_id)
                                                                                ->  Index Scan using movie_id_cast_info on cast_info ci  (cost=0.56..46.33 rows=1 width=16) (actual time=0.016..0.134 rows=29 loops=25)
                                                                                      Index Cond: (movie_id = mk.movie_id)
                                                                                      Filter: (note = ANY ('{(voice),"(voice) (uncredited)","(voice: English version)"}'::text[]))
                                                                                      Rows Removed by Filter: 116
                                                                          ->  Index Scan using name_pkey on name n  (cost=0.43..2.35 rows=1 width=19) (actual time=0.003..0.003 rows=0 loops=732)
                                                                                Index Cond: (id = ci.person_id)
                                                                                Filter: ((name ~~ '%An%'::text) AND ((gender)::text = 'f'::text))
                                                                                Rows Removed by Filter: 1
                                                                    ->  Index Scan using person_id_person_info on person_info pi  (cost=0.43..19.25 rows=25 width=8) (actual time=0.007..0.044 rows=194 loops=6)
                                                                          Index Cond: (person_id = ci.person_id)
                                                        ->  Index Scan using title_pkey on title t  (cost=0.43..2.14 rows=1 width=21) (actual time=0.006..0.006 rows=0 loops=6)
                                                              Index Cond: (id = mk.movie_id)
                                                              Filter: ((production_year >= 2000) AND (production_year <= 2005) AND (title = 'Shrek 2'::text))
                                                              Rows Removed by Filter: 1
                                                  ->  Index Scan using movie_id_movie_companies on movie_companies mc  (cost=0.43..4.80 rows=5 width=8) (actual time=0.008..0.014 rows=22 loops=1)
                                                        Index Cond: (movie_id = mk.movie_id)
                                            ->  Index Scan using company_name_pkey on company_name cn  (cost=0.42..2.03 rows=1 width=4) (actual time=0.003..0.003 rows=0 loops=22)
                                                  Index Cond: (id = mc.company_id)
                                                  Filter: ((country_code)::text = '[us]'::text)
                                                  Rows Removed by Filter: 1
                                      ->  Seq Scan on role_type rt  (cost=0.00..1.15 rows=1 width=4) (actual time=0.001..0.001 rows=1 loops=5)
                                            Filter: ((role)::text = 'actress'::text)
                                            Rows Removed by Filter: 1
                                ->  Index Only Scan using person_id_aka_name on aka_name an  (cost=0.42..1.26 rows=2 width=4) (actual time=0.003..0.004 rows=3 loops=5)
                                      Index Cond: (person_id = pi.person_id)
                                      Heap Fetches: 0
                          ->  Index Scan using movie_id_movie_info on movie_info mi  (cost=0.43..41.99 rows=2 width=8) (actual time=0.010..0.087 rows=1 loops=15)
                                Index Cond: (movie_id = mk.movie_id)
                                Filter: (info ~~ 'USA:%200%'::text)
                                Rows Removed by Filter: 456
              ->  Seq Scan on comp_cast_type cct1  (cost=0.00..1.05 rows=1 width=4) (actual time=0.000..0.000 rows=1 loops=15)
                    Filter: ((kind)::text = 'cast'::text)
        ->  Index Scan using char_name_pkey on char_name chn  (cost=0.43..2.25 rows=1 width=20) (actual time=0.002..0.002 rows=1 loops=15)
              Index Cond: (id = ci.person_role_id)
              Filter: (name = 'Queen'::text)
Planning time: 79.524 ms
Execution time: 18.192 ms
