Aggregate  (cost=4903.43..4903.44 rows=1 width=96) (actual time=11.271..11.271 rows=1 loops=1)
  ->  Nested Loop  (cost=11.16..4903.32 rows=15 width=48) (actual time=1.915..11.260 rows=15 loops=1)
        Join Filter: (n.id = an.person_id)
        ->  Nested Loop  (cost=10.73..4896.88 rows=5 width=60) (actual time=1.907..11.242 rows=5 loops=1)
              Join Filter: (ci.role_id = rt.id)
              ->  Seq Scan on role_type rt  (cost=0.00..1.15 rows=1 width=4) (actual time=0.005..0.006 rows=1 loops=1)
                    Filter: ((role)::text = 'actress'::text)
                    Rows Removed by Filter: 11
              ->  Nested Loop  (cost=10.73..4895.67 rows=5 width=64) (actual time=1.901..11.233 rows=5 loops=1)
                    Join Filter: (ci.person_id = n.id)
                    ->  Nested Loop  (cost=10.30..4884.49 rows=5 width=45) (actual time=1.893..11.217 rows=5 loops=1)
                          Join Filter: (cct1.id = cc.subject_id)
                          ->  Seq Scan on comp_cast_type cct1  (cost=0.00..1.05 rows=1 width=4) (actual time=0.002..0.003 rows=1 loops=1)
                                Filter: ((kind)::text = 'cast'::text)
                                Rows Removed by Filter: 3
                          ->  Nested Loop  (cost=10.30..4883.37 rows=5 width=49) (actual time=1.891..11.213 rows=5 loops=1)
                                Join Filter: (cct2.id = cc.status_id)
                                ->  Seq Scan on comp_cast_type cct2  (cost=0.00..1.05 rows=1 width=4) (actual time=0.001..0.002 rows=1 loops=1)
                                      Filter: ((kind)::text = 'complete+verified'::text)
                                      Rows Removed by Filter: 3
                                ->  Nested Loop  (cost=10.30..4882.26 rows=5 width=53) (actual time=1.889..11.209 rows=5 loops=1)
                                      Join Filter: (t.id = cc.movie_id)
                                      ->  Nested Loop  (cost=9.88..4868.28 rows=5 width=65) (actual time=1.882..11.193 rows=5 loops=1)
                                            ->  Nested Loop  (cost=9.46..4823.69 rows=22 width=69) (actual time=1.876..11.122 rows=22 loops=1)
                                                  Join Filter: (t.id = mc.movie_id)
                                                  ->  Nested Loop  (cost=9.03..4818.83 rows=1 width=61) (actual time=1.869..11.105 rows=1 loops=1)
                                                        Join Filter: (it3.id = pi.info_type_id)
                                                        Rows Removed by Join Filter: 162
                                                        ->  Seq Scan on info_type it3  (cost=0.00..2.41 rows=1 width=4) (actual time=0.005..0.010 rows=1 loops=1)
                                                              Filter: ((info)::text = 'height'::text)
                                                              Rows Removed by Filter: 112
                                                        ->  Nested Loop  (cost=9.03..4814.38 rows=163 width=65) (actual time=1.812..11.082 rows=163 loops=1)
                                                              ->  Nested Loop  (cost=8.60..4794.88 rows=1 width=57) (actual time=1.805..11.010 rows=1 loops=1)
                                                                    ->  Nested Loop  (cost=8.17..4707.44 rows=38 width=45) (actual time=1.658..10.845 rows=38 loops=1)
                                                                          Join Filter: (t.id = ci.movie_id)
                                                                          ->  Nested Loop  (cost=7.61..4661.10 rows=1 width=29) (actual time=1.648..10.587 rows=1 loops=1)
                                                                                Join Filter: (it.id = mi.info_type_id)
                                                                                ->  Seq Scan on info_type it  (cost=0.00..2.41 rows=1 width=4) (actual time=0.002..0.008 rows=1 loops=1)
                                                                                      Filter: ((info)::text = 'release dates'::text)
                                                                                      Rows Removed by Filter: 112
                                                                                ->  Nested Loop  (cost=7.61..4658.67 rows=1 width=33) (actual time=1.645..10.578 rows=1 loops=1)
                                                                                      Join Filter: (t.id = mi.movie_id)
                                                                                      ->  Nested Loop  (cost=7.17..4616.66 rows=1 width=25) (actual time=1.625..10.465 rows=1 loops=1)
                                                                                            ->  Nested Loop  (cost=6.74..3729.38 rows=414 width=4) (actual time=0.109..8.983 rows=414 loops=1)
                                                                                                  ->  Seq Scan on keyword k  (cost=0.00..2626.12 rows=1 width=4) (actual time=0.028..8.397 rows=1 loops=1)
                                                                                                        Filter: (keyword = 'computer-animation'::text)
                                                                                                        Rows Removed by Filter: 134169
                                                                                                  ->  Bitmap Heap Scan on movie_keyword mk  (cost=6.74..1100.27 rows=298 width=8) (actual time=0.080..0.524 rows=414 loops=1)
                                                                                                        Recheck Cond: (keyword_id = k.id)
                                                                                                        Heap Blocks: exact=358
                                                                                                        ->  Bitmap Index Scan on keyword_id_movie_keyword  (cost=0.00..6.67 rows=298 width=0) (actual time=0.043..0.043 rows=414 loops=1)
                                                                                                              Index Cond: (keyword_id = k.id)
                                                                                            ->  Index Scan using title_pkey on title t  (cost=0.43..2.14 rows=1 width=21) (actual time=0.003..0.003 rows=0 loops=414)
                                                                                                  Index Cond: (id = mk.movie_id)
                                                                                                  Filter: ((production_year >= 2000) AND (production_year <= 2005) AND (title = 'Shrek 2'::text))
                                                                                                  Rows Removed by Filter: 1
                                                                                      ->  Index Scan using movie_id_movie_info on movie_info mi  (cost=0.43..41.99 rows=2 width=8) (actual time=0.019..0.112 rows=1 loops=1)
                                                                                            Index Cond: (movie_id = mk.movie_id)
                                                                                            Filter: (info ~~ 'USA:%200%'::text)
                                                                                            Rows Removed by Filter: 456
                                                                          ->  Index Scan using movie_id_cast_info on cast_info ci  (cost=0.56..46.33 rows=1 width=16) (actual time=0.009..0.250 rows=38 loops=1)
                                                                                Index Cond: (movie_id = mk.movie_id)
                                                                                Filter: (note = ANY ('{(voice),"(voice) (uncredited)","(voice: English version)"}'::text[]))
                                                                                Rows Removed by Filter: 191
                                                                    ->  Index Scan using char_name_pkey on char_name chn  (cost=0.43..2.25 rows=1 width=20) (actual time=0.004..0.004 rows=0 loops=38)
                                                                          Index Cond: (id = ci.person_role_id)
                                                                          Filter: (name = 'Queen'::text)
                                                                          Rows Removed by Filter: 1
                                                              ->  Index Scan using person_id_person_info on person_info pi  (cost=0.43..19.25 rows=25 width=8) (actual time=0.007..0.044 rows=163 loops=1)
                                                                    Index Cond: (person_id = ci.person_id)
                                                  ->  Index Scan using movie_id_movie_companies on movie_companies mc  (cost=0.43..4.80 rows=5 width=8) (actual time=0.006..0.011 rows=22 loops=1)
                                                        Index Cond: (movie_id = mk.movie_id)
                                            ->  Index Scan using company_name_pkey on company_name cn  (cost=0.42..2.03 rows=1 width=4) (actual time=0.003..0.003 rows=0 loops=22)
                                                  Index Cond: (id = mc.company_id)
                                                  Filter: ((country_code)::text = '[us]'::text)
                                                  Rows Removed by Filter: 1
                                      ->  Index Scan using movie_id_complete_cast on complete_cast cc  (cost=0.42..2.77 rows=2 width=12) (actual time=0.002..0.002 rows=1 loops=5)
                                            Index Cond: (movie_id = mk.movie_id)
                    ->  Index Scan using name_pkey on name n  (cost=0.43..2.22 rows=1 width=19) (actual time=0.003..0.003 rows=1 loops=5)
                          Index Cond: (id = pi.person_id)
                          Filter: ((name ~~ '%An%'::text) AND ((gender)::text = 'f'::text))
        ->  Index Only Scan using person_id_aka_name on aka_name an  (cost=0.42..1.26 rows=2 width=4) (actual time=0.002..0.003 rows=3 loops=5)
              Index Cond: (person_id = pi.person_id)
              Heap Fetches: 0
Planning time: 79.049 ms
Execution time: 11.395 ms
