Aggregate  (cost=9280.82..9280.83 rows=1 width=96) (actual time=14.067..14.067 rows=1 loops=1)
  ->  Nested Loop  (cost=11.16..9280.81 rows=1 width=48) (actual time=3.679..14.056 rows=15 loops=1)
        Join Filter: (mi.info_type_id = it.id)
        ->  Nested Loop  (cost=11.16..9278.39 rows=1 width=52) (actual time=3.675..14.024 rows=15 loops=1)
              Join Filter: (cc.status_id = cct2.id)
              ->  Nested Loop  (cost=11.16..9277.33 rows=1 width=56) (actual time=3.672..14.008 rows=15 loops=1)
                    Join Filter: (n.id = an.person_id)
                    ->  Nested Loop  (cost=10.73..9276.04 rows=1 width=68) (actual time=3.665..13.990 rows=5 loops=1)
                          Join Filter: (ci.role_id = rt.id)
                          ->  Nested Loop  (cost=10.73..9274.88 rows=1 width=72) (actual time=3.661..13.982 rows=5 loops=1)
                                Join Filter: (cct1.id = cc.subject_id)
                                ->  Seq Scan on comp_cast_type cct1  (cost=0.00..1.05 rows=1 width=4) (actual time=0.020..0.021 rows=1 loops=1)
                                      Filter: ((kind)::text = 'cast'::text)
                                      Rows Removed by Filter: 3
                                ->  Nested Loop  (cost=10.73..9273.81 rows=1 width=76) (actual time=3.639..13.958 rows=5 loops=1)
                                      Join Filter: (t.id = cc.movie_id)
                                      ->  Nested Loop  (cost=10.31..9259.83 rows=5 width=88) (actual time=3.633..13.943 rows=5 loops=1)
                                            ->  Nested Loop  (cost=9.89..9215.25 rows=22 width=92) (actual time=3.627..13.871 rows=22 loops=1)
                                                  Join Filter: (t.id = mc.movie_id)
                                                  ->  Nested Loop  (cost=9.46..9210.38 rows=1 width=84) (actual time=3.620..13.853 rows=1 loops=1)
                                                        Join Filter: (t.id = mi.movie_id)
                                                        ->  Nested Loop  (cost=9.03..9168.37 rows=1 width=76) (actual time=3.599..13.739 rows=1 loops=1)
                                                              Join Filter: (ci.person_id = n.id)
                                                              ->  Nested Loop  (cost=8.60..9166.13 rows=1 width=57) (actual time=3.590..13.730 rows=1 loops=1)
                                                                    Join Filter: (pi.info_type_id = it3.id)
                                                                    Rows Removed by Join Filter: 162
                                                                    ->  Seq Scan on info_type it3  (cost=0.00..2.41 rows=1 width=4) (actual time=0.004..0.010 rows=1 loops=1)
                                                                          Filter: ((info)::text = 'height'::text)
                                                                          Rows Removed by Filter: 112
                                                                    ->  Nested Loop  (cost=8.60..9161.68 rows=163 width=61) (actual time=3.383..13.706 rows=163 loops=1)
                                                                          ->  Nested Loop  (cost=8.17..5403.91 rows=1667 width=49) (actual time=1.612..11.372 rows=1667 loops=1)
                                                                                ->  Nested Loop  (cost=7.74..4663.00 rows=38 width=41) (actual time=1.604..10.630 rows=38 loops=1)
                                                                                      Join Filter: (t.id = ci.movie_id)
                                                                                      ->  Nested Loop  (cost=7.17..4616.66 rows=1 width=25) (actual time=1.594..10.373 rows=1 loops=1)
                                                                                            ->  Nested Loop  (cost=6.74..3729.38 rows=414 width=4) (actual time=0.108..8.917 rows=414 loops=1)
                                                                                                  ->  Seq Scan on keyword k  (cost=0.00..2626.12 rows=1 width=4) (actual time=0.027..8.335 rows=1 loops=1)
                                                                                                        Filter: (keyword = 'computer-animation'::text)
                                                                                                        Rows Removed by Filter: 134169
                                                                                                  ->  Bitmap Heap Scan on movie_keyword mk  (cost=6.74..1100.27 rows=298 width=8) (actual time=0.080..0.521 rows=414 loops=1)
                                                                                                        Recheck Cond: (keyword_id = k.id)
                                                                                                        Heap Blocks: exact=358
                                                                                                        ->  Bitmap Index Scan on keyword_id_movie_keyword  (cost=0.00..6.67 rows=298 width=0) (actual time=0.042..0.042 rows=414 loops=1)
                                                                                                              Index Cond: (keyword_id = k.id)
                                                                                            ->  Index Scan using title_pkey on title t  (cost=0.43..2.14 rows=1 width=21) (actual time=0.003..0.003 rows=0 loops=414)
                                                                                                  Index Cond: (id = mk.movie_id)
                                                                                                  Filter: ((production_year >= 2000) AND (production_year <= 2005) AND (title = 'Shrek 2'::text))
                                                                                                  Rows Removed by Filter: 1
                                                                                      ->  Index Scan using movie_id_cast_info on cast_info ci  (cost=0.56..46.33 rows=1 width=16) (actual time=0.010..0.248 rows=38 loops=1)
                                                                                            Index Cond: (movie_id = mk.movie_id)
                                                                                            Filter: (note = ANY ('{(voice),"(voice) (uncredited)","(voice: English version)"}'::text[]))
                                                                                            Rows Removed by Filter: 191
                                                                                ->  Index Scan using person_id_person_info on person_info pi  (cost=0.43..19.25 rows=25 width=8) (actual time=0.003..0.012 rows=44 loops=38)
                                                                                      Index Cond: (person_id = ci.person_id)
                                                                          ->  Index Scan using char_name_pkey on char_name chn  (cost=0.43..2.25 rows=1 width=20) (actual time=0.001..0.001 rows=0 loops=1667)
                                                                                Index Cond: (id = ci.person_role_id)
                                                                                Filter: (name = 'Queen'::text)
                                                                                Rows Removed by Filter: 1
                                                              ->  Index Scan using name_pkey on name n  (cost=0.43..2.22 rows=1 width=19) (actual time=0.008..0.008 rows=1 loops=1)
                                                                    Index Cond: (id = pi.person_id)
                                                                    Filter: ((name ~~ '%An%'::text) AND ((gender)::text = 'f'::text))
                                                        ->  Index Scan using movie_id_movie_info on movie_info mi  (cost=0.43..41.99 rows=2 width=8) (actual time=0.019..0.113 rows=1 loops=1)
                                                              Index Cond: (movie_id = mk.movie_id)
                                                              Filter: (info ~~ 'USA:%200%'::text)
                                                              Rows Removed by Filter: 456
                                                  ->  Index Scan using movie_id_movie_companies on movie_companies mc  (cost=0.43..4.80 rows=5 width=8) (actual time=0.006..0.012 rows=22 loops=1)
                                                        Index Cond: (movie_id = mk.movie_id)
                                            ->  Index Scan using company_name_pkey on company_name cn  (cost=0.42..2.03 rows=1 width=4) (actual time=0.003..0.003 rows=0 loops=22)
                                                  Index Cond: (id = mc.company_id)
                                                  Filter: ((country_code)::text = '[us]'::text)
                                                  Rows Removed by Filter: 1
                                      ->  Index Scan using movie_id_complete_cast on complete_cast cc  (cost=0.42..2.77 rows=2 width=12) (actual time=0.002..0.002 rows=1 loops=5)
                                            Index Cond: (movie_id = mk.movie_id)
                          ->  Seq Scan on role_type rt  (cost=0.00..1.15 rows=1 width=4) (actual time=0.001..0.001 rows=1 loops=5)
                                Filter: ((role)::text = 'actress'::text)
                                Rows Removed by Filter: 1
                    ->  Index Only Scan using person_id_aka_name on aka_name an  (cost=0.42..1.26 rows=2 width=4) (actual time=0.002..0.003 rows=3 loops=5)
                          Index Cond: (person_id = pi.person_id)
                          Heap Fetches: 0
              ->  Seq Scan on comp_cast_type cct2  (cost=0.00..1.05 rows=1 width=4) (actual time=0.001..0.001 rows=1 loops=15)
                    Filter: ((kind)::text = 'complete+verified'::text)
                    Rows Removed by Filter: 3
        ->  Seq Scan on info_type it  (cost=0.00..2.41 rows=1 width=4) (actual time=0.002..0.002 rows=1 loops=15)
              Filter: ((info)::text = 'release dates'::text)
              Rows Removed by Filter: 15
Planning time: 79.267 ms
Execution time: 14.190 ms
