Aggregate  (cost=5155.80..5155.81 rows=1 width=96) (actual time=12.055..12.055 rows=1 loops=1)
  ->  Nested Loop  (cost=11.16..5155.79 rows=1 width=48) (actual time=2.224..12.043 rows=15 loops=1)
        ->  Nested Loop  (cost=10.74..5149.71 rows=3 width=52) (actual time=2.218..11.885 rows=66 loops=1)
              Join Filter: (t.id = mc.movie_id)
              ->  Nested Loop  (cost=10.31..5135.11 rows=3 width=68) (actual time=2.210..11.845 rows=3 loops=1)
                    Join Filter: (cct2.id = cc.status_id)
                    ->  Seq Scan on comp_cast_type cct2  (cost=0.00..1.05 rows=1 width=4) (actual time=0.005..0.006 rows=1 loops=1)
                          Filter: ((kind)::text = 'complete+verified'::text)
                          Rows Removed by Filter: 3
                    ->  Nested Loop  (cost=10.31..5134.02 rows=3 width=72) (actual time=2.204..11.837 rows=3 loops=1)
                          Join Filter: (cct1.id = cc.subject_id)
                          ->  Seq Scan on comp_cast_type cct1  (cost=0.00..1.05 rows=1 width=4) (actual time=0.001..0.002 rows=1 loops=1)
                                Filter: ((kind)::text = 'cast'::text)
                                Rows Removed by Filter: 3
                          ->  Nested Loop  (cost=10.31..5132.94 rows=3 width=76) (actual time=2.203..11.833 rows=3 loops=1)
                                Join Filter: (t.id = cc.movie_id)
                                ->  Nested Loop  (cost=9.89..5124.55 rows=3 width=64) (actual time=2.195..11.821 rows=3 loops=1)
                                      Join Filter: (ci.person_id = n.id)
                                      ->  Nested Loop  (cost=9.46..5117.84 rows=3 width=61) (actual time=2.187..11.807 rows=3 loops=1)
                                            Join Filter: (it.id = mi.info_type_id)
                                            ->  Seq Scan on info_type it  (cost=0.00..2.41 rows=1 width=4) (actual time=0.004..0.009 rows=1 loops=1)
                                                  Filter: ((info)::text = 'release dates'::text)
                                                  Rows Removed by Filter: 112
                                            ->  Nested Loop  (cost=9.46..5115.39 rows=3 width=65) (actual time=2.182..11.796 rows=3 loops=1)
                                                  Join Filter: (t.id = mi.movie_id)
                                                  ->  Nested Loop  (cost=9.02..4989.35 rows=3 width=57) (actual time=2.160..11.501 rows=3 loops=1)
                                                        Join Filter: (pi.info_type_id = it3.id)
                                                        Rows Removed by Join Filter: 486
                                                        ->  Seq Scan on info_type it3  (cost=0.00..2.41 rows=1 width=4) (actual time=0.003..0.009 rows=1 loops=1)
                                                              Filter: ((info)::text = 'height'::text)
                                                              Rows Removed by Filter: 112
                                                        ->  Nested Loop  (cost=9.02..4980.82 rows=489 width=61) (actual time=1.846..11.450 rows=489 loops=1)
                                                              ->  Nested Loop  (cost=8.60..4771.10 rows=163 width=57) (actual time=1.837..11.090 rows=163 loops=1)
                                                                    ->  Nested Loop  (cost=8.17..4751.60 rows=1 width=49) (actual time=1.828..10.999 rows=1 loops=1)
                                                                          Join Filter: (rt.id = ci.role_id)
                                                                          ->  Seq Scan on role_type rt  (cost=0.00..1.15 rows=1 width=4) (actual time=0.002..0.004 rows=1 loops=1)
                                                                                Filter: ((role)::text = 'actress'::text)
                                                                                Rows Removed by Filter: 11
                                                                          ->  Nested Loop  (cost=8.17..4750.44 rows=1 width=53) (actual time=1.826..10.994 rows=1 loops=1)
                                                                                ->  Nested Loop  (cost=7.74..4663.00 rows=38 width=41) (actual time=1.670..10.818 rows=38 loops=1)
                                                                                      Join Filter: (t.id = ci.movie_id)
                                                                                      ->  Nested Loop  (cost=7.17..4616.66 rows=1 width=25) (actual time=1.659..10.542 rows=1 loops=1)
                                                                                            ->  Nested Loop  (cost=6.74..3729.38 rows=414 width=4) (actual time=0.108..9.003 rows=414 loops=1)
                                                                                                  ->  Seq Scan on keyword k  (cost=0.00..2626.12 rows=1 width=4) (actual time=0.028..8.398 rows=1 loops=1)
                                                                                                        Filter: (keyword = 'computer-animation'::text)
                                                                                                        Rows Removed by Filter: 134169
                                                                                                  ->  Bitmap Heap Scan on movie_keyword mk  (cost=6.74..1100.27 rows=298 width=8) (actual time=0.079..0.539 rows=414 loops=1)
                                                                                                        Recheck Cond: (keyword_id = k.id)
                                                                                                        Heap Blocks: exact=358
                                                                                                        ->  Bitmap Index Scan on keyword_id_movie_keyword  (cost=0.00..6.67 rows=298 width=0) (actual time=0.042..0.042 rows=414 loops=1)
                                                                                                              Index Cond: (keyword_id = k.id)
                                                                                            ->  Index Scan using title_pkey on title t  (cost=0.43..2.14 rows=1 width=21) (actual time=0.003..0.003 rows=0 loops=414)
                                                                                                  Index Cond: (id = mk.movie_id)
                                                                                                  Filter: ((production_year >= 2000) AND (production_year <= 2005) AND (title = 'Shrek 2'::text))
                                                                                                  Rows Removed by Filter: 1
                                                                                      ->  Index Scan using movie_id_cast_info on cast_info ci  (cost=0.56..46.33 rows=1 width=16) (actual time=0.009..0.266 rows=38 loops=1)
                                                                                            Index Cond: (movie_id = mk.movie_id)
                                                                                            Filter: (note = ANY ('{(voice),"(voice) (uncredited)","(voice: English version)"}'::text[]))
                                                                                            Rows Removed by Filter: 191
                                                                                ->  Index Scan using char_name_pkey on char_name chn  (cost=0.43..2.25 rows=1 width=20) (actual time=0.004..0.004 rows=0 loops=38)
                                                                                      Index Cond: (id = ci.person_role_id)
                                                                                      Filter: (name = 'Queen'::text)
                                                                                      Rows Removed by Filter: 1
                                                                    ->  Index Scan using person_id_person_info on person_info pi  (cost=0.43..19.25 rows=25 width=8) (actual time=0.008..0.055 rows=163 loops=1)
                                                                          Index Cond: (person_id = ci.person_id)
                                                              ->  Index Only Scan using person_id_aka_name on aka_name an  (cost=0.42..1.27 rows=2 width=4) (actual time=0.001..0.002 rows=3 loops=163)
                                                                    Index Cond: (person_id = ci.person_id)
                                                                    Heap Fetches: 0
                                                  ->  Index Scan using movie_id_movie_info on movie_info mi  (cost=0.43..41.99 rows=2 width=8) (actual time=0.014..0.098 rows=1 loops=3)
                                                        Index Cond: (movie_id = mk.movie_id)
                                                        Filter: (info ~~ 'USA:%200%'::text)
                                                        Rows Removed by Filter: 456
                                      ->  Index Scan using name_pkey on name n  (cost=0.43..2.22 rows=1 width=19) (actual time=0.004..0.004 rows=1 loops=3)
                                            Index Cond: (id = pi.person_id)
                                            Filter: ((name ~~ '%An%'::text) AND ((gender)::text = 'f'::text))
                                ->  Index Scan using movie_id_complete_cast on complete_cast cc  (cost=0.42..2.77 rows=2 width=12) (actual time=0.003..0.003 rows=1 loops=3)
                                      Index Cond: (movie_id = mk.movie_id)
              ->  Index Scan using movie_id_movie_companies on movie_companies mc  (cost=0.43..4.80 rows=5 width=8) (actual time=0.004..0.008 rows=22 loops=3)
                    Index Cond: (movie_id = mk.movie_id)
        ->  Index Scan using company_name_pkey on company_name cn  (cost=0.42..2.03 rows=1 width=4) (actual time=0.002..0.002 rows=0 loops=66)
              Index Cond: (id = mc.company_id)
              Filter: ((country_code)::text = '[us]'::text)
              Rows Removed by Filter: 1
Planning time: 78.592 ms
Execution time: 12.175 ms
