Aggregate  (cost=32017.10..32017.11 rows=1 width=96) (actual time=319.340..319.341 rows=1 loops=1)
  ->  Nested Loop  (cost=11.16..32017.09 rows=1 width=48) (actual time=26.036..315.239 rows=16308 loops=1)
        ->  Nested Loop  (cost=10.74..32015.06 rows=1 width=52) (actual time=25.004..210.040 rows=75240 loops=1)
              Join Filter: (it3.id = pi.info_type_id)
              Rows Removed by Join Filter: 246534
              ->  Seq Scan on info_type it3  (cost=0.00..2.41 rows=1 width=4) (actual time=0.007..0.012 rows=1 loops=1)
                    Filter: ((info)::text = 'trivia'::text)
                    Rows Removed by Filter: 112
              ->  Nested Loop  (cost=10.74..32012.64 rows=1 width=56) (actual time=24.952..180.582 rows=321774 loops=1)
                    Join Filter: (n.id = pi.person_id)
                    ->  Nested Loop  (cost=10.31..31993.09 rows=1 width=64) (actual time=24.940..74.925 rows=858 loops=1)
                          Join Filter: (t.id = mc.movie_id)
                          ->  Nested Loop  (cost=9.88..31988.22 rows=1 width=80) (actual time=24.930..74.518 rows=33 loops=1)
                                ->  Nested Loop  (cost=9.45..31985.88 rows=1 width=61) (actual time=8.151..73.074 rows=633 loops=1)
                                      Join Filter: (cct2.id = cc.status_id)
                                      Rows Removed by Join Filter: 1432
                                      ->  Seq Scan on comp_cast_type cct2  (cost=0.00..1.05 rows=1 width=4) (actual time=0.001..0.002 rows=1 loops=1)
                                            Filter: ((kind)::text = 'complete+verified'::text)
                                            Rows Removed by Filter: 3
                                      ->  Nested Loop  (cost=9.45..31984.82 rows=1 width=65) (actual time=5.693..72.817 rows=2065 loops=1)
                                            Join Filter: (cct1.id = cc.subject_id)
                                            Rows Removed by Join Filter: 132
                                            ->  Seq Scan on comp_cast_type cct1  (cost=0.00..1.05 rows=1 width=4) (actual time=0.001..0.003 rows=1 loops=1)
                                                  Filter: ((kind)::text = 'cast'::text)
                                                  Rows Removed by Filter: 3
                                            ->  Nested Loop  (cost=9.45..31983.76 rows=1 width=69) (actual time=5.690..72.395 rows=2197 loops=1)
                                                  ->  Nested Loop  (cost=9.03..31950.24 rows=12 width=57) (actual time=1.708..67.005 rows=3242 loops=1)
                                                        ->  Nested Loop  (cost=8.60..31943.81 rows=5 width=53) (actual time=1.689..62.423 rows=1723 loops=1)
                                                              Join Filter: (rt.id = ci.role_id)
                                                              Rows Removed by Join Filter: 4697
                                                              ->  Seq Scan on role_type rt  (cost=0.00..1.15 rows=1 width=4) (actual time=0.003..0.005 rows=1 loops=1)
                                                                    Filter: ((role)::text = 'actress'::text)
                                                                    Rows Removed by Filter: 11
                                                              ->  Nested Loop  (cost=8.60..31941.92 rows=59 width=57) (actual time=1.040..61.640 rows=6420 loops=1)
                                                                    ->  Nested Loop  (cost=8.17..31667.86 rows=122 width=45) (actual time=0.720..44.439 rows=7505 loops=1)
                                                                          Join Filter: (t.id = ci.movie_id)
                                                                          ->  Nested Loop  (cost=7.61..15108.34 rows=357 width=29) (actual time=0.260..20.025 rows=357 loops=1)
                                                                                Join Filter: (it.id = mi.info_type_id)
                                                                                ->  Seq Scan on info_type it  (cost=0.00..2.41 rows=1 width=4) (actual time=0.002..0.010 rows=1 loops=1)
                                                                                      Filter: ((info)::text = 'release dates'::text)
                                                                                      Rows Removed by Filter: 112
                                                                                ->  Nested Loop  (cost=7.61..15101.47 rows=357 width=33) (actual time=0.258..19.943 rows=357 loops=1)
                                                                                      Join Filter: (t.id = mi.movie_id)
                                                                                      ->  Nested Loop  (cost=7.17..4614.48 rows=249 width=25) (actual time=0.117..10.883 rows=249 loops=1)
                                                                                            ->  Nested Loop  (cost=6.74..3729.38 rows=414 width=4) (actual time=0.110..9.175 rows=414 loops=1)
                                                                                                  ->  Seq Scan on keyword k  (cost=0.00..2626.12 rows=1 width=4) (actual time=0.028..8.496 rows=1 loops=1)
                                                                                                        Filter: (keyword = 'computer-animation'::text)
                                                                                                        Rows Removed by Filter: 134169
                                                                                                  ->  Bitmap Heap Scan on movie_keyword mk  (cost=6.74..1100.27 rows=298 width=8) (actual time=0.080..0.607 rows=414 loops=1)
                                                                                                        Recheck Cond: (keyword_id = k.id)
                                                                                                        Heap Blocks: exact=358
                                                                                                        ->  Bitmap Index Scan on keyword_id_movie_keyword  (cost=0.00..6.67 rows=298 width=0) (actual time=0.043..0.043 rows=414 loops=1)
                                                                                                              Index Cond: (keyword_id = k.id)
                                                                                            ->  Index Scan using title_pkey on title t  (cost=0.43..2.14 rows=1 width=21) (actual time=0.004..0.004 rows=1 loops=414)
                                                                                                  Index Cond: (id = mk.movie_id)
                                                                                                  Filter: ((production_year >= 2000) AND (production_year <= 2010))
                                                                                                  Rows Removed by Filter: 0
                                                                                      ->  Index Scan using movie_id_movie_info on movie_info mi  (cost=0.43..42.09 rows=2 width=8) (actual time=0.013..0.036 rows=1 loops=249)
                                                                                            Index Cond: (movie_id = mk.movie_id)
                                                                                            Filter: ((info IS NOT NULL) AND ((info ~~ 'Japan:%200%'::text) OR (info ~~ 'USA:%200%'::text)))
                                                                                            Rows Removed by Filter: 88
                                                                          ->  Index Scan using movie_id_cast_info on cast_info ci  (cost=0.56..46.37 rows=1 width=16) (actual time=0.009..0.064 rows=21 loops=357)
                                                                                Index Cond: (movie_id = mk.movie_id)
                                                                                Filter: (note = ANY ('{(voice),"(voice: Japanese version)","(voice) (uncredited)","(voice: English version)"}'::text[]))
                                                                                Rows Removed by Filter: 72
                                                                    ->  Index Scan using char_name_pkey on char_name chn  (cost=0.43..2.25 rows=1 width=20) (actual time=0.002..0.002 rows=1 loops=7505)
                                                                          Index Cond: (id = ci.person_role_id)
                                                        ->  Index Only Scan using person_id_aka_name on aka_name an  (cost=0.42..1.27 rows=2 width=4) (actual time=0.002..0.002 rows=2 loops=1723)
                                                              Index Cond: (person_id = ci.person_id)
                                                              Heap Fetches: 0
                                                  ->  Index Scan using movie_id_complete_cast on complete_cast cc  (cost=0.42..2.77 rows=2 width=12) (actual time=0.001..0.001 rows=1 loops=3242)
                                                        Index Cond: (movie_id = t.id)
                                ->  Index Scan using name_pkey on name n  (cost=0.43..2.34 rows=1 width=19) (actual time=0.002..0.002 rows=0 loops=633)
                                      Index Cond: (id = ci.person_id)
                                      Filter: ((name ~~ '%An%'::text) AND ((gender)::text = 'f'::text))
                                      Rows Removed by Filter: 1
                          ->  Index Scan using movie_id_movie_companies on movie_companies mc  (cost=0.43..4.80 rows=5 width=8) (actual time=0.002..0.006 rows=26 loops=33)
                                Index Cond: (movie_id = mk.movie_id)
                    ->  Index Scan using person_id_person_info on person_info pi  (cost=0.43..19.24 rows=25 width=8) (actual time=0.003..0.057 rows=375 loops=858)
                          Index Cond: (person_id = an.person_id)
        ->  Index Scan using company_name_pkey on company_name cn  (cost=0.42..2.03 rows=1 width=4) (actual time=0.001..0.001 rows=0 loops=75240)
              Index Cond: (id = mc.company_id)
              Filter: ((country_code)::text = '[us]'::text)
              Rows Removed by Filter: 1
Planning time: 78.640 ms
Execution time: 319.462 ms
