Aggregate  (cost=12987.98..12987.99 rows=1 width=96) (actual time=186.707..186.707 rows=1 loops=1)
  ->  Nested Loop  (cost=11.16..12987.97 rows=1 width=48) (actual time=53.878..182.802 rows=16308 loops=1)
        Join Filter: (it3.id = pi.info_type_id)
        Rows Removed by Join Filter: 51519
        ->  Seq Scan on info_type it3  (cost=0.00..2.41 rows=1 width=4) (actual time=0.007..0.012 rows=1 loops=1)
              Filter: ((info)::text = 'trivia'::text)
              Rows Removed by Filter: 112
        ->  Nested Loop  (cost=11.16..12985.55 rows=1 width=52) (actual time=53.826..176.615 rows=67827 loops=1)
              Join Filter: (n.id = pi.person_id)
              ->  Nested Loop  (cost=10.73..12966.00 rows=1 width=60) (actual time=53.813..154.549 rows=189 loops=1)
                    ->  Nested Loop  (cost=10.30..12963.66 rows=1 width=41) (actual time=7.951..148.538 rows=3501 loops=1)
                          ->  Nested Loop  (cost=9.88..12961.63 rows=1 width=45) (actual time=7.923..122.852 rows=16004 loops=1)
                                Join Filter: (t.id = mc.movie_id)
                                ->  Nested Loop  (cost=9.45..12956.76 rows=1 width=61) (actual time=7.915..116.175 rows=633 loops=1)
                                      Join Filter: (ci.role_id = rt.id)
                                      Rows Removed by Join Filter: 1883
                                      ->  Nested Loop  (cost=9.45..12955.60 rows=1 width=65) (actual time=6.985..112.798 rows=2516 loops=1)
                                            Join Filter: (it.id = mi.info_type_id)
                                            ->  Seq Scan on info_type it  (cost=0.00..2.41 rows=1 width=4) (actual time=0.002..0.009 rows=1 loops=1)
                                                  Filter: ((info)::text = 'release dates'::text)
                                                  Rows Removed by Filter: 112
                                            ->  Nested Loop  (cost=9.45..12953.17 rows=1 width=69) (actual time=6.982..112.299 rows=2516 loops=1)
                                                  Join Filter: (t.id = mi.movie_id)
                                                  ->  Nested Loop  (cost=9.01..12911.06 rows=1 width=61) (actual time=6.954..54.062 rows=787 loops=1)
                                                        Join Filter: (cct2.id = cc.status_id)
                                                        Rows Removed by Join Filter: 1999
                                                        ->  Seq Scan on comp_cast_type cct2  (cost=0.00..1.05 rows=1 width=4) (actual time=0.002..0.002 rows=1 loops=1)
                                                              Filter: ((kind)::text = 'complete+verified'::text)
                                                              Rows Removed by Filter: 3
                                                        ->  Nested Loop  (cost=9.01..12910.00 rows=1 width=65) (actual time=4.960..53.737 rows=2786 loops=1)
                                                              Join Filter: (cct1.id = cc.subject_id)
                                                              Rows Removed by Join Filter: 120
                                                              ->  Seq Scan on comp_cast_type cct1  (cost=0.00..1.05 rows=1 width=4) (actual time=0.001..0.002 rows=1 loops=1)
                                                                    Filter: ((kind)::text = 'cast'::text)
                                                                    Rows Removed by Filter: 3
                                                              ->  Nested Loop  (cost=9.01..12908.90 rows=4 width=69) (actual time=4.958..53.200 rows=2906 loops=1)
                                                                    ->  Nested Loop  (cost=8.59..12716.20 rows=69 width=57) (actual time=0.626..44.841 rows=5781 loops=1)
                                                                          ->  Nested Loop  (cost=8.17..12678.89 rows=29 width=53) (actual time=0.132..36.176 rows=2964 loops=1)
                                                                                ->  Nested Loop  (cost=7.74..12546.35 rows=59 width=41) (actual time=0.125..25.849 rows=3429 loops=1)
                                                                                      Join Filter: (t.id = ci.movie_id)
                                                                                      ->  Nested Loop  (cost=7.17..4614.48 rows=171 width=25) (actual time=0.115..10.712 rows=249 loops=1)
                                                                                            ->  Nested Loop  (cost=6.74..3729.38 rows=414 width=4) (actual time=0.108..9.082 rows=414 loops=1)
                                                                                                  ->  Seq Scan on keyword k  (cost=0.00..2626.12 rows=1 width=4) (actual time=0.028..8.410 rows=1 loops=1)
                                                                                                        Filter: (keyword = 'computer-animation'::text)
                                                                                                        Rows Removed by Filter: 134169
                                                                                                  ->  Bitmap Heap Scan on movie_keyword mk  (cost=6.74..1100.27 rows=298 width=8) (actual time=0.079..0.603 rows=414 loops=1)
                                                                                                        Recheck Cond: (keyword_id = k.id)
                                                                                                        Heap Blocks: exact=358
                                                                                                        ->  Bitmap Index Scan on keyword_id_movie_keyword  (cost=0.00..6.67 rows=298 width=0) (actual time=0.042..0.042 rows=414 loops=1)
                                                                                                              Index Cond: (keyword_id = k.id)
                                                                                            ->  Index Scan using title_pkey on title t  (cost=0.43..2.14 rows=1 width=21) (actual time=0.004..0.004 rows=1 loops=414)
                                                                                                  Index Cond: (id = mk.movie_id)
                                                                                                  Filter: ((production_year >= 2000) AND (production_year <= 2010))
                                                                                                  Rows Removed by Filter: 0
                                                                                      ->  Index Scan using movie_id_cast_info on cast_info ci  (cost=0.56..46.37 rows=1 width=16) (actual time=0.012..0.058 rows=14 loops=249)
                                                                                            Index Cond: (movie_id = mk.movie_id)
                                                                                            Filter: (note = ANY ('{(voice),"(voice: Japanese version)","(voice) (uncredited)","(voice: English version)"}'::text[]))
                                                                                            Rows Removed by Filter: 41
                                                                                ->  Index Scan using char_name_pkey on char_name chn  (cost=0.43..2.25 rows=1 width=20) (actual time=0.003..0.003 rows=1 loops=3429)
                                                                                      Index Cond: (id = ci.person_role_id)
                                                                          ->  Index Only Scan using person_id_aka_name on aka_name an  (cost=0.42..1.27 rows=2 width=4) (actual time=0.002..0.002 rows=2 loops=2964)
                                                                                Index Cond: (person_id = ci.person_id)
                                                                                Heap Fetches: 0
                                                                    ->  Index Scan using movie_id_complete_cast on complete_cast cc  (cost=0.42..2.77 rows=2 width=12) (actual time=0.001..0.001 rows=1 loops=5781)
                                                                          Index Cond: (movie_id = t.id)
                                                  ->  Index Scan using movie_id_movie_info on movie_info mi  (cost=0.43..42.09 rows=2 width=8) (actual time=0.008..0.073 rows=3 loops=787)
                                                        Index Cond: (movie_id = mk.movie_id)
                                                        Filter: ((info IS NOT NULL) AND ((info ~~ 'Japan:%200%'::text) OR (info ~~ 'USA:%200%'::text)))
                                                        Rows Removed by Filter: 356
                                      ->  Seq Scan on role_type rt  (cost=0.00..1.15 rows=1 width=4) (actual time=0.000..0.001 rows=1 loops=2516)
                                            Filter: ((role)::text = 'actress'::text)
                                            Rows Removed by Filter: 8
                                ->  Index Scan using movie_id_movie_companies on movie_companies mc  (cost=0.43..4.80 rows=5 width=8) (actual time=0.002..0.006 rows=25 loops=633)
                                      Index Cond: (movie_id = mk.movie_id)
                          ->  Index Scan using company_name_pkey on company_name cn  (cost=0.42..2.03 rows=1 width=4) (actual time=0.001..0.001 rows=0 loops=16004)
                                Index Cond: (id = mc.company_id)
                                Filter: ((country_code)::text = '[us]'::text)
                                Rows Removed by Filter: 1
                    ->  Index Scan using name_pkey on name n  (cost=0.43..2.34 rows=1 width=19) (actual time=0.002..0.002 rows=0 loops=3501)
                          Index Cond: (id = ci.person_id)
                          Filter: ((name ~~ '%An%'::text) AND ((gender)::text = 'f'::text))
                          Rows Removed by Filter: 1
              ->  Index Scan using person_id_person_info on person_info pi  (cost=0.43..19.24 rows=25 width=8) (actual time=0.003..0.054 rows=359 loops=189)
                    Index Cond: (person_id = an.person_id)
Planning time: 78.874 ms
Execution time: 186.830 ms
