Aggregate  (cost=4033.40..4033.41 rows=1 width=96) (actual time=120.451..120.451 rows=1 loops=1)
  ->  Nested Loop  (cost=11.16..4033.39 rows=1 width=48) (actual time=28.373..116.305 rows=16308 loops=1)
        Join Filter: (n.id = an.person_id)
        ->  Nested Loop  (cost=10.73..4032.10 rows=1 width=60) (actual time=28.363..106.924 rows=3822 loops=1)
              Join Filter: (it3.id = pi.info_type_id)
              Rows Removed by Join Filter: 11521
              ->  Seq Scan on info_type it3  (cost=0.00..2.41 rows=1 width=4) (actual time=0.006..0.013 rows=1 loops=1)
                    Filter: ((info)::text = 'trivia'::text)
                    Rows Removed by Filter: 112
              ->  Nested Loop  (cost=10.73..4029.68 rows=1 width=64) (actual time=28.303..105.301 rows=15343 loops=1)
                    Join Filter: (n.id = pi.person_id)
                    ->  Nested Loop  (cost=10.30..4010.13 rows=1 width=56) (actual time=28.291..99.624 rows=46 loops=1)
                          Join Filter: (mi.info_type_id = it.id)
                          ->  Nested Loop  (cost=10.30..4007.70 rows=1 width=60) (actual time=28.286..99.499 rows=46 loops=1)
                                Join Filter: (rt.id = ci.role_id)
                                ->  Seq Scan on role_type rt  (cost=0.00..1.15 rows=1 width=4) (actual time=0.002..0.005 rows=1 loops=1)
                                      Filter: ((role)::text = 'actress'::text)
                                      Rows Removed by Filter: 11
                                ->  Nested Loop  (cost=10.30..4006.54 rows=1 width=64) (actual time=28.283..99.482 rows=46 loops=1)
                                      ->  Nested Loop  (cost=9.87..4004.21 rows=1 width=45) (actual time=2.434..84.013 rows=7517 loops=1)
                                            ->  Nested Loop  (cost=9.44..4001.96 rows=1 width=33) (actual time=2.428..68.074 rows=8963 loops=1)
                                                  Join Filter: (t.id = ci.movie_id)
                                                  ->  Nested Loop  (cost=8.88..3955.58 rows=1 width=41) (actual time=2.409..40.870 rows=337 loops=1)
                                                        Join Filter: (cc.status_id = cct2.id)
                                                        Rows Removed by Join Filter: 593
                                                        ->  Nested Loop  (cost=8.88..3954.52 rows=1 width=45) (actual time=1.501..39.868 rows=930 loops=1)
                                                              Join Filter: (t.id = mi.movie_id)
                                                              ->  Nested Loop  (cost=8.44..3912.40 rows=1 width=37) (actual time=1.485..20.637 rows=286 loops=1)
                                                                    ->  Nested Loop  (cost=8.02..3910.37 rows=1 width=41) (actual time=1.464..17.259 rows=1293 loops=1)
                                                                          Join Filter: (cct1.id = cc.subject_id)
                                                                          Rows Removed by Join Filter: 108
                                                                          ->  Seq Scan on comp_cast_type cct1  (cost=0.00..1.05 rows=1 width=4) (actual time=0.002..0.003 rows=1 loops=1)
                                                                                Filter: ((kind)::text = 'cast'::text)
                                                                                Rows Removed by Filter: 3
                                                                          ->  Nested Loop  (cost=8.02..3909.31 rows=1 width=45) (actual time=1.462..16.981 rows=1401 loops=1)
                                                                                ->  Nested Loop  (cost=7.60..3870.21 rows=14 width=33) (actual time=0.124..12.936 rows=2435 loops=1)
                                                                                      Join Filter: (t.id = mc.movie_id)
                                                                                      ->  Nested Loop  (cost=7.17..3802.07 rows=14 width=25) (actual time=0.118..10.812 rows=249 loops=1)
                                                                                            ->  Nested Loop  (cost=6.74..3729.38 rows=34 width=4) (actual time=0.111..9.219 rows=414 loops=1)
                                                                                                  ->  Seq Scan on keyword k  (cost=0.00..2626.12 rows=1 width=4) (actual time=0.029..8.532 rows=1 loops=1)
                                                                                                        Filter: (keyword = 'computer-animation'::text)
                                                                                                        Rows Removed by Filter: 134169
                                                                                                  ->  Bitmap Heap Scan on movie_keyword mk  (cost=6.74..1100.27 rows=298 width=8) (actual time=0.081..0.620 rows=414 loops=1)
                                                                                                        Recheck Cond: (keyword_id = k.id)
                                                                                                        Heap Blocks: exact=358
                                                                                                        ->  Bitmap Index Scan on keyword_id_movie_keyword  (cost=0.00..6.67 rows=298 width=0) (actual time=0.043..0.043 rows=414 loops=1)
                                                                                                              Index Cond: (keyword_id = k.id)
                                                                                            ->  Index Scan using title_pkey on title t  (cost=0.43..2.14 rows=1 width=21) (actual time=0.004..0.004 rows=1 loops=414)
                                                                                                  Index Cond: (id = mk.movie_id)
                                                                                                  Filter: ((production_year >= 2000) AND (production_year <= 2010))
                                                                                                  Rows Removed by Filter: 0
                                                                                      ->  Index Scan using movie_id_movie_companies on movie_companies mc  (cost=0.43..4.80 rows=5 width=8) (actual time=0.003..0.006 rows=10 loops=249)
                                                                                            Index Cond: (movie_id = mk.movie_id)
                                                                                ->  Index Scan using movie_id_complete_cast on complete_cast cc  (cost=0.42..2.77 rows=2 width=12) (actual time=0.001..0.001 rows=1 loops=2435)
                                                                                      Index Cond: (movie_id = t.id)
                                                                    ->  Index Scan using company_name_pkey on company_name cn  (cost=0.42..2.03 rows=1 width=4) (actual time=0.002..0.002 rows=0 loops=1293)
                                                                          Index Cond: (id = mc.company_id)
                                                                          Filter: ((country_code)::text = '[us]'::text)
                                                                          Rows Removed by Filter: 1
                                                              ->  Index Scan using movie_id_movie_info on movie_info mi  (cost=0.43..42.09 rows=2 width=8) (actual time=0.010..0.066 rows=3 loops=286)
                                                                    Index Cond: (movie_id = mk.movie_id)
                                                                    Filter: ((info IS NOT NULL) AND ((info ~~ 'Japan:%200%'::text) OR (info ~~ 'USA:%200%'::text)))
                                                                    Rows Removed by Filter: 288
                                                        ->  Seq Scan on comp_cast_type cct2  (cost=0.00..1.05 rows=1 width=4) (actual time=0.001..0.001 rows=1 loops=930)
                                                              Filter: ((kind)::text = 'complete+verified'::text)
                                                              Rows Removed by Filter: 3
                                                  ->  Index Scan using movie_id_cast_info on cast_info ci  (cost=0.56..46.37 rows=1 width=16) (actual time=0.011..0.076 rows=27 loops=337)
                                                        Index Cond: (movie_id = mk.movie_id)
                                                        Filter: (note = ANY ('{(voice),"(voice: Japanese version)","(voice) (uncredited)","(voice: English version)"}'::text[]))
                                                        Rows Removed by Filter: 136
                                            ->  Index Scan using char_name_pkey on char_name chn  (cost=0.43..2.24 rows=1 width=20) (actual time=0.001..0.001 rows=1 loops=8963)
                                                  Index Cond: (id = ci.person_role_id)
                                      ->  Index Scan using name_pkey on name n  (cost=0.43..2.34 rows=1 width=19) (actual time=0.002..0.002 rows=0 loops=7517)
                                            Index Cond: (id = ci.person_id)
                                            Filter: ((name ~~ '%An%'::text) AND ((gender)::text = 'f'::text))
                                            Rows Removed by Filter: 1
                          ->  Seq Scan on info_type it  (cost=0.00..2.41 rows=1 width=4) (actual time=0.002..0.002 rows=1 loops=46)
                                Filter: ((info)::text = 'release dates'::text)
                                Rows Removed by Filter: 15
                    ->  Index Scan using person_id_person_info on person_info pi  (cost=0.43..19.24 rows=25 width=8) (actual time=0.004..0.058 rows=334 loops=46)
                          Index Cond: (person_id = ci.person_id)
        ->  Index Only Scan using person_id_aka_name on aka_name an  (cost=0.42..1.26 rows=2 width=4) (actual time=0.001..0.002 rows=4 loops=3822)
              Index Cond: (person_id = pi.person_id)
              Heap Fetches: 0
Planning time: 78.519 ms
Execution time: 120.572 ms
