Aggregate  (cost=19371.73..19371.74 rows=1 width=96) (actual time=73.618..73.618 rows=1 loops=1)
  ->  Nested Loop  (cost=11.16..19371.72 rows=1 width=48) (actual time=10.210..69.736 rows=16308 loops=1)
        Join Filter: (it3.id = pi.info_type_id)
        Rows Removed by Join Filter: 51519
        ->  Seq Scan on info_type it3  (cost=0.00..2.41 rows=1 width=4) (actual time=0.006..0.013 rows=1 loops=1)
              Filter: ((info)::text = 'trivia'::text)
              Rows Removed by Filter: 112
        ->  Nested Loop  (cost=11.16..19369.30 rows=1 width=52) (actual time=10.164..63.640 rows=67827 loops=1)
              Join Filter: (n.id = pi.person_id)
              ->  Nested Loop  (cost=10.73..19349.75 rows=1 width=60) (actual time=10.152..41.580 rows=189 loops=1)
                    Join Filter: (cc.status_id = cct2.id)
                    Rows Removed by Join Filter: 305
                    ->  Nested Loop  (cost=10.73..19348.69 rows=1 width=64) (actual time=1.762..41.099 rows=494 loops=1)
                          Join Filter: (mi.info_type_id = it.id)
                          ->  Nested Loop  (cost=10.73..19346.26 rows=1 width=68) (actual time=1.758..40.054 rows=494 loops=1)
                                Join Filter: (ci.role_id = rt.id)
                                ->  Nested Loop  (cost=10.73..19345.10 rows=1 width=72) (actual time=1.755..39.623 rows=494 loops=1)
                                      Join Filter: (cc.subject_id = cct1.id)
                                      ->  Nested Loop  (cost=10.73..19344.04 rows=1 width=76) (actual time=1.751..39.231 rows=494 loops=1)
                                            ->  Nested Loop  (cost=10.31..19342.01 rows=1 width=80) (actual time=1.736..35.117 rows=2374 loops=1)
                                                  Join Filter: (t.id = mc.movie_id)
                                                  ->  Nested Loop  (cost=9.88..19337.14 rows=1 width=96) (actual time=1.729..34.043 rows=90 loops=1)
                                                        Join Filter: (n.id = an.person_id)
                                                        ->  Nested Loop  (cost=9.45..19331.98 rows=4 width=92) (actual time=1.720..33.880 rows=48 loops=1)
                                                              Join Filter: (t.id = mi.movie_id)
                                                              ->  Nested Loop  (cost=9.02..18489.65 rows=20 width=84) (actual time=1.703..32.212 rows=20 loops=1)
                                                                    Join Filter: (ci.movie_id = t.id)
                                                                    ->  Nested Loop  (cost=8.59..18435.89 rows=25 width=63) (actual time=1.234..32.095 rows=25 loops=1)
                                                                          ->  Nested Loop  (cost=8.16..14149.74 rows=1831 width=44) (actual time=0.196..26.001 rows=1831 loops=1)
                                                                                ->  Nested Loop  (cost=7.73..9059.27 rows=2266 width=32) (actual time=0.190..19.953 rows=2266 loops=1)
                                                                                      ->  Nested Loop  (cost=7.16..4884.83 rows=90 width=16) (actual time=0.182..10.095 rows=90 loops=1)
                                                                                            ->  Nested Loop  (cost=6.74..3729.38 rows=414 width=4) (actual time=0.108..9.134 rows=414 loops=1)
                                                                                                  ->  Seq Scan on keyword k  (cost=0.00..2626.12 rows=1 width=4) (actual time=0.028..8.491 rows=1 loops=1)
                                                                                                        Filter: (keyword = 'computer-animation'::text)
                                                                                                        Rows Removed by Filter: 134169
                                                                                                  ->  Bitmap Heap Scan on movie_keyword mk  (cost=6.74..1100.27 rows=298 width=8) (actual time=0.079..0.574 rows=414 loops=1)
                                                                                                        Recheck Cond: (keyword_id = k.id)
                                                                                                        Heap Blocks: exact=358
                                                                                                        ->  Bitmap Index Scan on keyword_id_movie_keyword  (cost=0.00..6.67 rows=298 width=0) (actual time=0.042..0.042 rows=414 loops=1)
                                                                                                              Index Cond: (keyword_id = k.id)
                                                                                            ->  Index Scan using movie_id_complete_cast on complete_cast cc  (cost=0.42..2.77 rows=2 width=12) (actual time=0.002..0.002 rows=0 loops=414)
                                                                                                  Index Cond: (movie_id = mk.movie_id)
                                                                                      ->  Index Scan using movie_id_cast_info on cast_info ci  (cost=0.56..46.37 rows=1 width=16) (actual time=0.012..0.105 rows=25 loops=90)
                                                                                            Index Cond: (movie_id = mk.movie_id)
                                                                                            Filter: (note = ANY ('{(voice),"(voice: Japanese version)","(voice) (uncredited)","(voice: English version)"}'::text[]))
                                                                                            Rows Removed by Filter: 90
                                                                                ->  Index Scan using char_name_pkey on char_name chn  (cost=0.43..2.25 rows=1 width=20) (actual time=0.002..0.002 rows=1 loops=2266)
                                                                                      Index Cond: (id = ci.person_role_id)
                                                                          ->  Index Scan using name_pkey on name n  (cost=0.43..2.34 rows=1 width=19) (actual time=0.003..0.003 rows=0 loops=1831)
                                                                                Index Cond: (id = ci.person_id)
                                                                                Filter: ((name ~~ '%An%'::text) AND ((gender)::text = 'f'::text))
                                                                                Rows Removed by Filter: 1
                                                                    ->  Index Scan using title_pkey on title t  (cost=0.43..2.14 rows=1 width=21) (actual time=0.004..0.004 rows=1 loops=25)
                                                                          Index Cond: (id = mk.movie_id)
                                                                          Filter: ((production_year >= 2000) AND (production_year <= 2010))
                                                                          Rows Removed by Filter: 0
                                                              ->  Index Scan using movie_id_movie_info on movie_info mi  (cost=0.43..42.09 rows=2 width=8) (actual time=0.016..0.082 rows=2 loops=20)
                                                                    Index Cond: (movie_id = mk.movie_id)
                                                                    Filter: ((info IS NOT NULL) AND ((info ~~ 'Japan:%200%'::text) OR (info ~~ 'USA:%200%'::text)))
                                                                    Rows Removed by Filter: 277
                                                        ->  Index Only Scan using person_id_aka_name on aka_name an  (cost=0.42..1.27 rows=2 width=4) (actual time=0.002..0.003 rows=2 loops=48)
                                                              Index Cond: (person_id = ci.person_id)
                                                              Heap Fetches: 0
                                                  ->  Index Scan using movie_id_movie_companies on movie_companies mc  (cost=0.43..4.80 rows=5 width=8) (actual time=0.002..0.006 rows=26 loops=90)
                                                        Index Cond: (movie_id = mk.movie_id)
                                            ->  Index Scan using company_name_pkey on company_name cn  (cost=0.42..2.03 rows=1 width=4) (actual time=0.001..0.001 rows=0 loops=2374)
                                                  Index Cond: (id = mc.company_id)
                                                  Filter: ((country_code)::text = '[us]'::text)
                                                  Rows Removed by Filter: 1
                                      ->  Seq Scan on comp_cast_type cct1  (cost=0.00..1.05 rows=1 width=4) (actual time=0.000..0.000 rows=1 loops=494)
                                            Filter: ((kind)::text = 'cast'::text)
                                ->  Seq Scan on role_type rt  (cost=0.00..1.15 rows=1 width=4) (actual time=0.000..0.000 rows=1 loops=494)
                                      Filter: ((role)::text = 'actress'::text)
                                      Rows Removed by Filter: 1
                          ->  Seq Scan on info_type it  (cost=0.00..2.41 rows=1 width=4) (actual time=0.002..0.002 rows=1 loops=494)
                                Filter: ((info)::text = 'release dates'::text)
                                Rows Removed by Filter: 15
                    ->  Seq Scan on comp_cast_type cct2  (cost=0.00..1.05 rows=1 width=4) (actual time=0.000..0.001 rows=1 loops=494)
                          Filter: ((kind)::text = 'complete+verified'::text)
                          Rows Removed by Filter: 3
              ->  Index Scan using person_id_person_info on person_info pi  (cost=0.43..19.24 rows=25 width=8) (actual time=0.003..0.054 rows=359 loops=189)
                    Index Cond: (person_id = an.person_id)
Planning time: 78.444 ms
Execution time: 73.747 ms
