Aggregate  (cost=16708.21..16708.22 rows=1 width=96) (actual time=83.732..83.732 rows=1 loops=1)
  ->  Nested Loop  (cost=11.16..16708.20 rows=1 width=48) (actual time=2.755..79.469 rows=16308 loops=1)
        Join Filter: (n.id = an.person_id)
        ->  Nested Loop  (cost=10.73..16706.91 rows=1 width=60) (actual time=2.745..69.463 rows=3822 loops=1)
              ->  Nested Loop  (cost=10.31..16702.86 rows=2 width=64) (actual time=2.721..39.663 rows=17376 loops=1)
                    Join Filter: (t.id = mc.movie_id)
                    ->  Nested Loop  (cost=9.88..16693.13 rows=2 width=80) (actual time=2.713..31.880 rows=666 loops=1)
                          Join Filter: (cc.subject_id = cct1.id)
                          ->  Seq Scan on comp_cast_type cct1  (cost=0.00..1.05 rows=1 width=4) (actual time=0.005..0.006 rows=1 loops=1)
                                Filter: ((kind)::text = 'cast'::text)
                                Rows Removed by Filter: 3
                          ->  Nested Loop  (cost=9.88..16692.00 rows=6 width=84) (actual time=2.707..31.717 rows=666 loops=1)
                                Join Filter: (it.id = mi.info_type_id)
                                ->  Seq Scan on info_type it  (cost=0.00..2.41 rows=1 width=4) (actual time=0.005..0.010 rows=1 loops=1)
                                      Filter: ((info)::text = 'release dates'::text)
                                      Rows Removed by Filter: 112
                                ->  Nested Loop  (cost=9.88..16681.26 rows=666 width=88) (actual time=2.702..31.540 rows=666 loops=1)
                                      Join Filter: (t.id = mi.movie_id)
                                      ->  Nested Loop  (cost=9.45..6573.33 rows=240 width=80) (actual time=2.683..15.013 rows=240 loops=1)
                                            Join Filter: (it3.id = pi.info_type_id)
                                            Rows Removed by Join Filter: 730
                                            ->  Seq Scan on info_type it3  (cost=0.00..2.41 rows=1 width=4) (actual time=0.003..0.009 rows=1 loops=1)
                                                  Filter: ((info)::text = 'trivia'::text)
                                                  Rows Removed by Filter: 112
                                            ->  Nested Loop  (cost=9.45..6558.79 rows=970 width=84) (actual time=2.639..14.890 rows=970 loops=1)
                                                  Join Filter: (n.id = pi.person_id)
                                                  ->  Nested Loop  (cost=9.02..6500.12 rows=3 width=76) (actual time=2.628..14.441 rows=3 loops=1)
                                                        Join Filter: (ci.movie_id = t.id)
                                                        ->  Nested Loop  (cost=8.59..6489.37 rows=5 width=55) (actual time=0.842..14.408 rows=5 loops=1)
                                                              ->  Nested Loop  (cost=8.16..6475.89 rows=6 width=43) (actual time=0.834..14.374 rows=6 loops=1)
                                                                    ->  Nested Loop  (cost=7.73..6056.88 rows=179 width=24) (actual time=0.451..13.683 rows=179 loops=1)
                                                                          Join Filter: (rt.id = ci.role_id)
                                                                          Rows Removed by Join Filter: 553
                                                                          ->  Seq Scan on role_type rt  (cost=0.00..1.15 rows=1 width=4) (actual time=0.002..0.004 rows=1 loops=1)
                                                                                Filter: ((role)::text = 'actress'::text)
                                                                                Rows Removed by Filter: 11
                                                                          ->  Nested Loop  (cost=7.73..6046.58 rows=732 width=28) (actual time=0.387..13.603 rows=732 loops=1)
                                                                                ->  Nested Loop  (cost=7.16..4887.01 rows=25 width=12) (actual time=0.373..9.957 rows=25 loops=1)
                                                                                      Join Filter: (cct2.id = cc.status_id)
                                                                                      Rows Removed by Join Filter: 65
                                                                                      ->  Seq Scan on comp_cast_type cct2  (cost=0.00..1.05 rows=1 width=4) (actual time=0.001..0.002 rows=1 loops=1)
                                                                                            Filter: ((kind)::text = 'complete+verified'::text)
                                                                                            Rows Removed by Filter: 3
                                                                                      ->  Nested Loop  (cost=7.16..4884.83 rows=90 width=16) (actual time=0.180..9.943 rows=90 loops=1)
                                                                                            ->  Nested Loop  (cost=6.74..3729.38 rows=414 width=4) (actual time=0.107..9.029 rows=414 loops=1)
                                                                                                  ->  Seq Scan on keyword k  (cost=0.00..2626.12 rows=1 width=4) (actual time=0.027..8.407 rows=1 loops=1)
                                                                                                        Filter: (keyword = 'computer-animation'::text)
                                                                                                        Rows Removed by Filter: 134169
                                                                                                  ->  Bitmap Heap Scan on movie_keyword mk  (cost=6.74..1100.27 rows=298 width=8) (actual time=0.078..0.558 rows=414 loops=1)
                                                                                                        Recheck Cond: (keyword_id = k.id)
                                                                                                        Heap Blocks: exact=358
                                                                                                        ->  Bitmap Index Scan on keyword_id_movie_keyword  (cost=0.00..6.67 rows=298 width=0) (actual time=0.041..0.041 rows=414 loops=1)
                                                                                                              Index Cond: (keyword_id = k.id)
                                                                                            ->  Index Scan using movie_id_complete_cast on complete_cast cc  (cost=0.42..2.77 rows=2 width=12) (actual time=0.002..0.002 rows=0 loops=414)
                                                                                                  Index Cond: (movie_id = mk.movie_id)
                                                                                ->  Index Scan using movie_id_cast_info on cast_info ci  (cost=0.56..46.37 rows=1 width=16) (actual time=0.017..0.141 rows=29 loops=25)
                                                                                      Index Cond: (movie_id = mk.movie_id)
                                                                                      Filter: (note = ANY ('{(voice),"(voice: Japanese version)","(voice) (uncredited)","(voice: English version)"}'::text[]))
                                                                                      Rows Removed by Filter: 116
                                                                    ->  Index Scan using name_pkey on name n  (cost=0.43..2.34 rows=1 width=19) (actual time=0.004..0.004 rows=0 loops=179)
                                                                          Index Cond: (id = ci.person_id)
                                                                          Filter: ((name ~~ '%An%'::text) AND ((gender)::text = 'f'::text))
                                                                          Rows Removed by Filter: 1
                                                              ->  Index Scan using char_name_pkey on char_name chn  (cost=0.43..2.25 rows=1 width=20) (actual time=0.005..0.005 rows=1 loops=6)
                                                                    Index Cond: (id = ci.person_role_id)
                                                        ->  Index Scan using title_pkey on title t  (cost=0.43..2.14 rows=1 width=21) (actual time=0.006..0.006 rows=1 loops=5)
                                                              Index Cond: (id = mk.movie_id)
                                                              Filter: ((production_year >= 2000) AND (production_year <= 2010))
                                                              Rows Removed by Filter: 0
                                                  ->  Index Scan using person_id_person_info on person_info pi  (cost=0.43..19.24 rows=25 width=8) (actual time=0.009..0.077 rows=323 loops=3)
                                                        Index Cond: (person_id = ci.person_id)
                                      ->  Index Scan using movie_id_movie_info on movie_info mi  (cost=0.43..42.09 rows=2 width=8) (actual time=0.009..0.068 rows=3 loops=240)
                                            Index Cond: (movie_id = mk.movie_id)
                                            Filter: ((info IS NOT NULL) AND ((info ~~ 'Japan:%200%'::text) OR (info ~~ 'USA:%200%'::text)))
                                            Rows Removed by Filter: 318
                    ->  Index Scan using movie_id_movie_companies on movie_companies mc  (cost=0.43..4.80 rows=5 width=8) (actual time=0.002..0.006 rows=26 loops=666)
                          Index Cond: (movie_id = mk.movie_id)
              ->  Index Scan using company_name_pkey on company_name cn  (cost=0.42..2.03 rows=1 width=4) (actual time=0.001..0.001 rows=0 loops=17376)
                    Index Cond: (id = mc.company_id)
                    Filter: ((country_code)::text = '[us]'::text)
                    Rows Removed by Filter: 1
        ->  Index Only Scan using person_id_aka_name on aka_name an  (cost=0.42..1.26 rows=2 width=4) (actual time=0.001..0.002 rows=4 loops=3822)
              Index Cond: (person_id = pi.person_id)
              Heap Fetches: 0
Planning time: 77.820 ms
Execution time: 83.853 ms
