Aggregate  (cost=4034.62..4034.63 rows=1 width=96) (actual time=126.971..126.971 rows=1 loops=1)
  ->  Nested Loop  (cost=11.16..4034.62 rows=1 width=48) (actual time=25.959..123.112 rows=16308 loops=1)
        Join Filter: (it3.id = pi.info_type_id)
        Rows Removed by Join Filter: 51519
        ->  Seq Scan on info_type it3  (cost=0.00..2.41 rows=1 width=4) (actual time=0.007..0.013 rows=1 loops=1)
              Filter: ((info)::text = 'trivia'::text)
              Rows Removed by Filter: 112
        ->  Nested Loop  (cost=11.16..4032.19 rows=1 width=52) (actual time=25.912..116.821 rows=67827 loops=1)
              Join Filter: (n.id = pi.person_id)
              ->  Nested Loop  (cost=10.73..4012.64 rows=1 width=60) (actual time=25.899..94.748 rows=189 loops=1)
                    Join Filter: (cc.status_id = cct2.id)
                    Rows Removed by Join Filter: 305
                    ->  Nested Loop  (cost=10.73..4011.58 rows=1 width=64) (actual time=2.536..94.245 rows=494 loops=1)
                          Join Filter: (it.id = mi.info_type_id)
                          ->  Seq Scan on info_type it  (cost=0.00..2.41 rows=1 width=4) (actual time=0.003..0.010 rows=1 loops=1)
                                Filter: ((info)::text = 'release dates'::text)
                                Rows Removed by Filter: 112
                          ->  Nested Loop  (cost=10.73..4009.15 rows=1 width=68) (actual time=2.532..94.137 rows=494 loops=1)
                                Join Filter: (t.id = mi.movie_id)
                                ->  Nested Loop  (cost=10.29..3967.04 rows=1 width=84) (actual time=2.515..83.068 rows=185 loops=1)
                                      Join Filter: (n.id = an.person_id)
                                      ->  Nested Loop  (cost=9.87..3965.75 rows=1 width=80) (actual time=2.506..82.730 rows=110 loops=1)
                                            Join Filter: (ci.role_id = rt.id)
                                            ->  Nested Loop  (cost=9.87..3964.58 rows=1 width=84) (actual time=2.500..82.569 rows=110 loops=1)
                                                  ->  Nested Loop  (cost=9.44..3962.24 rows=1 width=65) (actual time=2.111..64.428 rows=8063 loops=1)
                                                        ->  Nested Loop  (cost=9.01..3960.00 rows=1 width=53) (actual time=2.104..46.025 rows=9884 loops=1)
                                                              Join Filter: (t.id = ci.movie_id)
                                                              ->  Nested Loop  (cost=8.44..3913.61 rows=1 width=37) (actual time=2.091..20.573 rows=286 loops=1)
                                                                    Join Filter: (cct1.id = cc.subject_id)
                                                                    Rows Removed by Join Filter: 30
                                                                    ->  Seq Scan on comp_cast_type cct1  (cost=0.00..1.05 rows=1 width=4) (actual time=0.002..0.004 rows=1 loops=1)
                                                                          Filter: ((kind)::text = 'cast'::text)
                                                                          Rows Removed by Filter: 3
                                                                    ->  Nested Loop  (cost=8.44..3912.55 rows=1 width=41) (actual time=2.088..20.507 rows=316 loops=1)
                                                                          ->  Nested Loop  (cost=8.02..3898.59 rows=5 width=29) (actual time=0.136..19.128 rows=669 loops=1)
                                                                                ->  Nested Loop  (cost=7.60..3870.21 rows=14 width=33) (actual time=0.124..12.928 rows=2435 loops=1)
                                                                                      Join Filter: (t.id = mc.movie_id)
                                                                                      ->  Nested Loop  (cost=7.17..3802.07 rows=14 width=25) (actual time=0.118..10.842 rows=249 loops=1)
                                                                                            ->  Nested Loop  (cost=6.74..3729.38 rows=34 width=4) (actual time=0.111..9.236 rows=414 loops=1)
                                                                                                  ->  Seq Scan on keyword k  (cost=0.00..2626.12 rows=1 width=4) (actual time=0.028..8.572 rows=1 loops=1)
                                                                                                        Filter: (keyword = 'computer-animation'::text)
                                                                                                        Rows Removed by Filter: 134169
                                                                                                  ->  Bitmap Heap Scan on movie_keyword mk  (cost=6.74..1100.27 rows=298 width=8) (actual time=0.081..0.598 rows=414 loops=1)
                                                                                                        Recheck Cond: (keyword_id = k.id)
                                                                                                        Heap Blocks: exact=358
                                                                                                        ->  Bitmap Index Scan on keyword_id_movie_keyword  (cost=0.00..6.67 rows=298 width=0) (actual time=0.043..0.043 rows=414 loops=1)
                                                                                                              Index Cond: (keyword_id = k.id)
                                                                                            ->  Index Scan using title_pkey on title t  (cost=0.43..2.14 rows=1 width=21) (actual time=0.004..0.004 rows=1 loops=414)
                                                                                                  Index Cond: (id = mk.movie_id)
                                                                                                  Filter: ((production_year >= 2000) AND (production_year <= 2010))
                                                                                                  Rows Removed by Filter: 0
                                                                                      ->  Index Scan using movie_id_movie_companies on movie_companies mc  (cost=0.43..4.80 rows=5 width=8) (actual time=0.003..0.006 rows=10 loops=249)
                                                                                            Index Cond: (movie_id = mk.movie_id)
                                                                                ->  Index Scan using company_name_pkey on company_name cn  (cost=0.42..2.03 rows=1 width=4) (actual time=0.002..0.002 rows=0 loops=2435)
                                                                                      Index Cond: (id = mc.company_id)
                                                                                      Filter: ((country_code)::text = '[us]'::text)
                                                                                      Rows Removed by Filter: 1
                                                                          ->  Index Scan using movie_id_complete_cast on complete_cast cc  (cost=0.42..2.77 rows=2 width=12) (actual time=0.002..0.002 rows=0 loops=669)
                                                                                Index Cond: (movie_id = t.id)
                                                              ->  Index Scan using movie_id_cast_info on cast_info ci  (cost=0.56..46.37 rows=1 width=16) (actual time=0.007..0.082 rows=35 loops=286)
                                                                    Index Cond: (movie_id = mk.movie_id)
                                                                    Filter: (note = ANY ('{(voice),"(voice: Japanese version)","(voice) (uncredited)","(voice: English version)"}'::text[]))
                                                                    Rows Removed by Filter: 115
                                                        ->  Index Scan using char_name_pkey on char_name chn  (cost=0.43..2.25 rows=1 width=20) (actual time=0.002..0.002 rows=1 loops=9884)
                                                              Index Cond: (id = ci.person_role_id)
                                                  ->  Index Scan using name_pkey on name n  (cost=0.43..2.34 rows=1 width=19) (actual time=0.002..0.002 rows=0 loops=8063)
                                                        Index Cond: (id = ci.person_id)
                                                        Filter: ((name ~~ '%An%'::text) AND ((gender)::text = 'f'::text))
                                                        Rows Removed by Filter: 1
                                            ->  Seq Scan on role_type rt  (cost=0.00..1.15 rows=1 width=4) (actual time=0.001..0.001 rows=1 loops=110)
                                                  Filter: ((role)::text = 'actress'::text)
                                                  Rows Removed by Filter: 1
                                      ->  Index Only Scan using person_id_aka_name on aka_name an  (cost=0.42..1.27 rows=2 width=4) (actual time=0.002..0.002 rows=2 loops=110)
                                            Index Cond: (person_id = ci.person_id)
                                            Heap Fetches: 0
                                ->  Index Scan using movie_id_movie_info on movie_info mi  (cost=0.43..42.09 rows=2 width=8) (actual time=0.009..0.059 rows=3 loops=185)
                                      Index Cond: (movie_id = mk.movie_id)
                                      Filter: ((info IS NOT NULL) AND ((info ~~ 'Japan:%200%'::text) OR (info ~~ 'USA:%200%'::text)))
                                      Rows Removed by Filter: 278
                    ->  Seq Scan on comp_cast_type cct2  (cost=0.00..1.05 rows=1 width=4) (actual time=0.001..0.001 rows=1 loops=494)
                          Filter: ((kind)::text = 'complete+verified'::text)
                          Rows Removed by Filter: 3
              ->  Index Scan using person_id_person_info on person_info pi  (cost=0.43..19.24 rows=25 width=8) (actual time=0.003..0.054 rows=359 loops=189)
                    Index Cond: (person_id = an.person_id)
Planning time: 78.548 ms
Execution time: 127.093 ms
