Aggregate  (cost=6292.53..6292.54 rows=1 width=32) (actual time=21.894..21.894 rows=1 loops=1)
  ->  Nested Loop  (cost=1.71..6292.53 rows=1 width=17) (actual time=21.892..21.892 rows=0 loops=1)
        Join Filter: (mc.movie_id = t.id)
        ->  Nested Loop  (cost=1.28..6292.03 rows=1 width=8) (actual time=21.891..21.891 rows=0 loops=1)
              ->  Nested Loop  (cost=0.86..6284.06 rows=18 width=12) (actual time=4.298..21.865 rows=2 loops=1)
                    ->  Nested Loop  (cost=0.43..6280.55 rows=2 width=4) (actual time=4.240..21.815 rows=2 loops=1)
                          ->  Seq Scan on company_name cn  (cost=0.00..5932.46 rows=1 width=4) (actual time=4.191..21.755 rows=1 loops=1)
                                Filter: ((country_code)::text = '[sm]'::text)
                                Rows Removed by Filter: 234996
                          ->  Index Scan using company_id_movie_companies on movie_companies mc  (cost=0.43..346.77 rows=132 width=8) (actual time=0.047..0.057 rows=2 loops=1)
                                Index Cond: (company_id = cn.id)
                    ->  Index Scan using movie_id_movie_keyword on movie_keyword mk  (cost=0.43..1.29 rows=46 width=8) (actual time=0.023..0.024 rows=1 loops=2)
                          Index Cond: (movie_id = mc.movie_id)
              ->  Index Scan using keyword_pkey on keyword k  (cost=0.42..0.44 rows=1 width=4) (actual time=0.012..0.012 rows=0 loops=2)
                    Index Cond: (id = mk.keyword_id)
                    Filter: (keyword = 'character-name-in-title'::text)
                    Rows Removed by Filter: 1
        ->  Index Scan using title_pkey on title t  (cost=0.43..0.49 rows=1 width=21) (never executed)
              Index Cond: (id = mk.movie_id)
Planning time: 0.775 ms
Execution time: 21.938 ms
