Aggregate  (cost=6292.53..6292.54 rows=1 width=32) (actual time=21.882..21.882 rows=1 loops=1)
  ->  Nested Loop  (cost=1.71..6292.53 rows=1 width=17) (actual time=21.879..21.879 rows=0 loops=1)
        Join Filter: (mc.movie_id = t.id)
        ->  Nested Loop  (cost=1.28..6292.03 rows=1 width=8) (actual time=21.878..21.878 rows=0 loops=1)
              ->  Nested Loop  (cost=0.86..6284.06 rows=18 width=12) (actual time=4.280..21.867 rows=2 loops=1)
                    ->  Nested Loop  (cost=0.43..6280.55 rows=2 width=4) (actual time=4.257..21.843 rows=2 loops=1)
                          ->  Seq Scan on company_name cn  (cost=0.00..5932.46 rows=1 width=4) (actual time=4.243..21.827 rows=1 loops=1)
                                Filter: ((country_code)::text = '[sm]'::text)
                                Rows Removed by Filter: 234996
                          ->  Index Scan using company_id_movie_companies on movie_companies mc  (cost=0.43..346.77 rows=132 width=8) (actual time=0.010..0.011 rows=2 loops=1)
                                Index Cond: (company_id = cn.id)
                    ->  Index Scan using movie_id_movie_keyword on movie_keyword mk  (cost=0.43..1.29 rows=46 width=8) (actual time=0.011..0.011 rows=1 loops=2)
                          Index Cond: (movie_id = mc.movie_id)
              ->  Index Scan using keyword_pkey on keyword k  (cost=0.42..0.44 rows=1 width=4) (actual time=0.005..0.005 rows=0 loops=2)
                    Index Cond: (id = mk.keyword_id)
                    Filter: (keyword = 'character-name-in-title'::text)
                    Rows Removed by Filter: 1
        ->  Index Scan using title_pkey on title t  (cost=0.43..0.49 rows=1 width=21) (never executed)
              Index Cond: (id = mk.movie_id)
Planning time: 0.838 ms
Execution time: 21.923 ms
