Aggregate  (cost=11206.79..11206.80 rows=1 width=128) (actual time=3327.317..3327.317 rows=1 loops=1)
  ->  Nested Loop  (cost=9.45..11206.78 rows=1 width=80) (actual time=15.365..3326.323 rows=757 loops=1)
        Join Filter: (cc.status_id = cct2.id)
        Rows Removed by Join Filter: 1735
        ->  Nested Loop  (cost=9.45..11205.72 rows=1 width=84) (actual time=15.045..3323.385 rows=2492 loops=1)
              Join Filter: (mi.movie_id = t.id)
              ->  Nested Loop  (cost=9.02..11204.86 rows=1 width=87) (actual time=8.476..3297.230 rows=8682 loops=1)
                    Join Filter: (cc.subject_id = cct1.id)
                    Rows Removed by Join Filter: 2003
                    ->  Nested Loop  (cost=9.02..11203.78 rows=1 width=91) (actual time=8.472..3286.990 rows=8682 loops=1)
                          Join Filter: (it1.id = mi.info_type_id)
                          Rows Removed by Join Filter: 1258
                          ->  Seq Scan on info_type it1  (cost=0.00..2.41 rows=1 width=4) (actual time=0.006..0.013 rows=1 loops=1)
                                Filter: ((info)::text = 'genres'::text)
                                Rows Removed by Filter: 112
                          ->  Nested Loop  (cost=9.02..11201.36 rows=1 width=95) (actual time=8.465..3284.862 rows=9940 loops=1)
                                Join Filter: (mi_idx.movie_id = mi.movie_id)
                                ->  Nested Loop  (cost=8.58..11183.70 rows=1 width=45) (actual time=4.682..2689.455 rows=15057 loops=1)
                                      ->  Nested Loop  (cost=8.15..11181.52 rows=2 width=34) (actual time=3.398..2595.178 rows=24437 loops=1)
                                            Join Filter: (mi_idx.movie_id = ci.movie_id)
                                            ->  Nested Loop  (cost=7.59..11124.88 rows=2 width=26) (actual time=3.005..494.718 rows=35346 loops=1)
                                                  ->  Nested Loop  (cost=7.17..11119.90 rows=6 width=14) (actual time=2.923..379.754 rows=63701 loops=1)
                                                        Join Filter: (mi_idx.info_type_id = it2.id)
                                                        Rows Removed by Join Filter: 127988
                                                        ->  Seq Scan on info_type it2  (cost=0.00..2.41 rows=1 width=4) (actual time=0.007..0.009 rows=1 loops=1)
                                                              Filter: ((info)::text = 'votes'::text)
                                                              Rows Removed by Filter: 112
                                                        ->  Nested Loop  (cost=7.17..11108.68 rows=705 width=18) (actual time=2.914..357.041 rows=191689 loops=1)
                                                              ->  Nested Loop  (cost=6.74..10917.30 rows=236 width=4) (actual time=2.905..123.325 rows=76714 loops=1)
                                                                    ->  Seq Scan on keyword k  (cost=0.00..3464.69 rows=7 width=4) (actual time=0.638..20.864 rows=7 loops=1)
                                                                          Filter: (keyword = ANY ('{murder,violence,blood,gore,death,female-nudity,hospital}'::text[]))
                                                                          Rows Removed by Filter: 134163
                                                                    ->  Bitmap Heap Scan on movie_keyword mk  (cost=6.74..1061.68 rows=298 width=8) (actual time=1.870..12.840 rows=10959 loops=7)
                                                                          Recheck Cond: (keyword_id = k.id)
                                                                          Heap Blocks: exact=53234
                                                                          ->  Bitmap Index Scan on keyword_id_movie_keyword  (cost=0.00..6.67 rows=298 width=0) (actual time=0.969..0.969 rows=10959 loops=7)
                                                                                Index Cond: (keyword_id = k.id)
                                                              ->  Index Scan using movie_id_movie_info_idx on movie_info_idx mi_idx  (cost=0.43..0.78 rows=3 width=14) (actual time=0.002..0.002 rows=2 loops=76714)
                                                                    Index Cond: (movie_id = mk.movie_id)
                                                  ->  Index Scan using movie_id_complete_cast on complete_cast cc  (cost=0.42..0.81 rows=2 width=12) (actual time=0.001..0.001 rows=1 loops=63701)
                                                        Index Cond: (movie_id = mi_idx.movie_id)
                                            ->  Index Scan using movie_id_cast_info on cast_info ci  (cost=0.56..28.31 rows=1 width=8) (actual time=0.046..0.059 rows=1 loops=35346)
                                                  Index Cond: (movie_id = mk.movie_id)
                                                  Filter: (note = ANY ('{(writer),"(head writer)","(written by)",(story),"(story editor)"}'::text[]))
                                                  Rows Removed by Filter: 71
                                      ->  Index Scan using name_pkey on name n  (cost=0.43..1.09 rows=1 width=19) (actual time=0.004..0.004 rows=1 loops=24437)
                                            Index Cond: (id = ci.person_id)
                                            Filter: ((gender)::text = 'm'::text)
                                            Rows Removed by Filter: 0
                                ->  Index Scan using movie_id_movie_info on movie_info mi  (cost=0.43..17.64 rows=1 width=50) (actual time=0.038..0.039 rows=1 loops=15057)
                                      Index Cond: (movie_id = mk.movie_id)
                                      Filter: (info = ANY ('{Horror,Thriller}'::text[]))
                                      Rows Removed by Filter: 141
                    ->  Seq Scan on comp_cast_type cct1  (cost=0.00..1.05 rows=2 width=4) (actual time=0.000..0.000 rows=1 loops=8682)
                          Filter: ((kind)::text = ANY ('{cast,crew}'::text[]))
              ->  Index Scan using title_pkey on title t  (cost=0.43..0.85 rows=1 width=21) (actual time=0.003..0.003 rows=0 loops=8682)
                    Index Cond: (id = mk.movie_id)
                    Filter: (production_year > 2000)
                    Rows Removed by Filter: 1
        ->  Seq Scan on comp_cast_type cct2  (cost=0.00..1.05 rows=1 width=4) (actual time=0.001..0.001 rows=1 loops=2492)
              Filter: ((kind)::text = 'complete+verified'::text)
              Rows Removed by Filter: 3
Planning time: 47.590 ms
Execution time: 3327.407 ms
