Aggregate  (cost=62291.19..62291.20 rows=1 width=128) (actual time=425.910..425.910 rows=1 loops=1)
  ->  Nested Loop  (cost=3469.92..62291.18 rows=1 width=80) (actual time=22.387..425.460 rows=757 loops=1)
        ->  Nested Loop  (cost=3469.78..62290.99 rows=1 width=84) (actual time=22.381..423.001 rows=2281 loops=1)
              Join Filter: (t.id = mi_idx.movie_id)
              ->  Nested Loop  (cost=3469.35..62290.17 rows=1 width=94) (actual time=22.373..420.414 rows=757 loops=1)
                    ->  Nested Loop  (cost=3469.21..62289.99 rows=1 width=98) (actual time=22.369..419.408 rows=757 loops=1)
                          Join Filter: (t.id = mi.movie_id)
                          ->  Nested Loop  (cost=3468.77..62272.34 rows=1 width=48) (actual time=20.993..352.672 rows=1238 loops=1)
                                ->  Nested Loop  (cost=3468.34..62269.07 rows=3 width=37) (actual time=20.985..347.346 rows=1741 loops=1)
                                      Join Filter: (t.id = ci.movie_id)
                                      ->  Hash Join  (cost=3467.78..62070.83 rows=7 width=29) (actual time=20.910..177.707 rows=2027 loops=1)
                                            Hash Cond: (mk.keyword_id = k.id)
                                            ->  Nested Loop  (cost=3.00..56921.26 rows=133450 width=33) (actual time=0.049..144.332 rows=133450 loops=1)
                                                  ->  Nested Loop  (cost=2.57..52323.92 rows=2083 width=25) (actual time=0.040..96.869 rows=2083 loops=1)
                                                        ->  Hash Join  (cost=2.14..3745.64 rows=24592 width=4) (actual time=0.020..35.416 rows=24592 loops=1)
                                                              Hash Cond: (cc.subject_id = cct1.id)
                                                              ->  Hash Join  (cost=1.06..3488.66 rows=24592 width=8) (actual time=0.008..30.392 rows=24592 loops=1)
                                                                    Hash Cond: (cc.status_id = cct2.id)
                                                                    ->  Seq Scan on complete_cast cc  (cost=0.00..2081.86 rows=135086 width=12) (actual time=0.003..11.954 rows=135086 loops=1)
                                                                    ->  Hash  (cost=1.05..1.05 rows=1 width=4) (actual time=0.002..0.002 rows=1 loops=1)
                                                                          Buckets: 1024  Batches: 1  Memory Usage: 9kB
                                                                          ->  Seq Scan on comp_cast_type cct2  (cost=0.00..1.05 rows=1 width=4) (actual time=0.001..0.001 rows=1 loops=1)
                                                                                Filter: ((kind)::text = 'complete+verified'::text)
                                                                                Rows Removed by Filter: 3
                                                              ->  Hash  (cost=1.05..1.05 rows=2 width=4) (actual time=0.008..0.008 rows=2 loops=1)
                                                                    Buckets: 1024  Batches: 1  Memory Usage: 9kB
                                                                    ->  Seq Scan on comp_cast_type cct1  (cost=0.00..1.05 rows=2 width=4) (actual time=0.005..0.006 rows=2 loops=1)
                                                                          Filter: ((kind)::text = ANY ('{cast,crew}'::text[]))
                                                                          Rows Removed by Filter: 2
                                                        ->  Index Scan using title_pkey on title t  (cost=0.43..1.98 rows=1 width=21) (actual time=0.002..0.002 rows=0 loops=24592)
                                                              Index Cond: (id = cc.movie_id)
                                                              Filter: (production_year > 2000)
                                                              Rows Removed by Filter: 1
                                                  ->  Index Scan using movie_id_movie_keyword on movie_keyword mk  (cost=0.43..1.75 rows=46 width=8) (actual time=0.003..0.013 rows=64 loops=2083)
                                                        Index Cond: (movie_id = t.id)
                                            ->  Hash  (cost=3464.69..3464.69 rows=7 width=4) (actual time=20.844..20.844 rows=7 loops=1)
                                                  Buckets: 1024  Batches: 1  Memory Usage: 9kB
                                                  ->  Seq Scan on keyword k  (cost=0.00..3464.69 rows=7 width=4) (actual time=0.642..20.842 rows=7 loops=1)
                                                        Filter: (keyword = ANY ('{murder,violence,blood,gore,death,female-nudity,hospital}'::text[]))
                                                        Rows Removed by Filter: 134163
                                      ->  Index Scan using movie_id_cast_info on cast_info ci  (cost=0.56..28.31 rows=1 width=8) (actual time=0.057..0.083 rows=1 loops=2027)
                                            Index Cond: (movie_id = mk.movie_id)
                                            Filter: (note = ANY ('{(writer),"(head writer)","(written by)",(story),"(story editor)"}'::text[]))
                                            Rows Removed by Filter: 137
                                ->  Index Scan using name_pkey on name n  (cost=0.43..1.09 rows=1 width=19) (actual time=0.003..0.003 rows=1 loops=1741)
                                      Index Cond: (id = ci.person_id)
                                      Filter: ((gender)::text = 'm'::text)
                                      Rows Removed by Filter: 0
                          ->  Index Scan using movie_id_movie_info on movie_info mi  (cost=0.43..17.64 rows=1 width=50) (actual time=0.053..0.054 rows=1 loops=1238)
                                Index Cond: (movie_id = mk.movie_id)
                                Filter: (info = ANY ('{Horror,Thriller}'::text[]))
                                Rows Removed by Filter: 237
                    ->  Index Scan using info_type_pkey on info_type it1  (cost=0.14..0.16 rows=1 width=4) (actual time=0.001..0.001 rows=1 loops=757)
                          Index Cond: (id = mi.info_type_id)
                          Filter: ((info)::text = 'genres'::text)
              ->  Index Scan using movie_id_movie_info_idx on movie_info_idx mi_idx  (cost=0.43..0.78 rows=3 width=14) (actual time=0.002..0.003 rows=3 loops=757)
                    Index Cond: (movie_id = mk.movie_id)
        ->  Index Scan using info_type_pkey on info_type it2  (cost=0.14..0.16 rows=1 width=4) (actual time=0.001..0.001 rows=0 loops=2281)
              Index Cond: (id = mi_idx.info_type_id)
              Filter: ((info)::text = 'votes'::text)
              Rows Removed by Filter: 1
Planning time: 47.616 ms
Execution time: 426.000 ms
