Aggregate  (cost=31345.90..31345.91 rows=1 width=128) (actual time=225.948..225.949 rows=1 loops=1)
  ->  Nested Loop  (cost=3780.94..31345.89 rows=1 width=80) (actual time=108.873..225.908 rows=28 loops=1)
        ->  Nested Loop  (cost=3780.80..31345.71 rows=1 width=84) (actual time=108.867..225.800 rows=84 loops=1)
              Join Filter: (t.id = mi_idx.movie_id)
              ->  Nested Loop  (cost=3780.37..31344.89 rows=1 width=94) (actual time=108.855..225.650 rows=28 loops=1)
                    ->  Nested Loop  (cost=3780.24..31344.73 rows=1 width=98) (actual time=108.848..225.591 rows=28 loops=1)
                          ->  Nested Loop  (cost=3780.10..31344.54 rows=1 width=102) (actual time=108.842..225.536 rows=28 loops=1)
                                ->  Nested Loop  (cost=3779.67..31343.45 rows=1 width=91) (actual time=108.833..225.404 rows=28 loops=1)
                                      Join Filter: (t.id = ci.movie_id)
                                      ->  Nested Loop  (cost=3779.10..31315.13 rows=1 width=83) (actual time=108.764..224.274 rows=12 loops=1)
                                            Join Filter: (t.id = mi.movie_id)
                                            ->  Nested Loop  (cost=3778.67..31173.91 rows=8 width=33) (actual time=108.622..223.236 rows=8 loops=1)
                                                  ->  Hash Join  (cost=3778.24..17174.06 rows=16336 width=12) (actual time=44.151..180.342 rows=16336 loops=1)
                                                        Hash Cond: (cc.status_id = cct2.id)
                                                        ->  Hash Join  (cost=3777.18..16798.27 rows=36010 width=16) (actual time=44.104..175.036 rows=36010 loops=1)
                                                              Hash Cond: (mk.movie_id = cc.movie_id)
                                                              ->  Nested Loop  (cost=6.74..10917.30 rows=76714 width=4) (actual time=2.900..109.083 rows=76714 loops=1)
                                                                    ->  Seq Scan on keyword k  (cost=0.00..3464.69 rows=7 width=4) (actual time=0.638..20.905 rows=7 loops=1)
                                                                          Filter: (keyword = ANY ('{murder,violence,blood,gore,death,female-nudity,hospital}'::text[]))
                                                                          Rows Removed by Filter: 134163
                                                                    ->  Bitmap Heap Scan on movie_keyword mk  (cost=6.74..1061.68 rows=298 width=8) (actual time=1.943..11.091 rows=10959 loops=7)
                                                                          Recheck Cond: (keyword_id = k.id)
                                                                          Heap Blocks: exact=53234
                                                                          ->  Bitmap Index Scan on keyword_id_movie_keyword  (cost=0.00..6.67 rows=298 width=0) (actual time=0.993..0.993 rows=10959 loops=7)
                                                                                Index Cond: (keyword_id = k.id)
                                                              ->  Hash  (cost=2081.86..2081.86 rows=135086 width=12) (actual time=40.863..40.863 rows=135086 loops=1)
                                                                    Buckets: 262144  Batches: 1  Memory Usage: 7853kB
                                                                    ->  Seq Scan on complete_cast cc  (cost=0.00..2081.86 rows=135086 width=12) (actual time=0.005..17.555 rows=135086 loops=1)
                                                        ->  Hash  (cost=1.05..1.05 rows=1 width=4) (actual time=0.006..0.006 rows=1 loops=1)
                                                              Buckets: 1024  Batches: 1  Memory Usage: 9kB
                                                              ->  Seq Scan on comp_cast_type cct2  (cost=0.00..1.05 rows=1 width=4) (actual time=0.004..0.005 rows=1 loops=1)
                                                                    Filter: ((kind)::text = 'complete+verified'::text)
                                                                    Rows Removed by Filter: 3
                                                  ->  Index Scan using title_pkey on title t  (cost=0.43..0.86 rows=1 width=21) (actual time=0.002..0.002 rows=0 loops=16336)
                                                        Index Cond: (id = mk.movie_id)
                                                        Filter: ((production_year > 2000) AND ((title ~~ '%Freddy%'::text) OR (title ~~ '%Jason%'::text) OR (title ~~ 'Saw%'::text)))
                                                        Rows Removed by Filter: 1
                                            ->  Index Scan using movie_id_movie_info on movie_info mi  (cost=0.43..17.64 rows=1 width=50) (actual time=0.127..0.128 rows=2 loops=8)
                                                  Index Cond: (movie_id = mk.movie_id)
                                                  Filter: (info = ANY ('{Horror,Thriller}'::text[]))
                                                  Rows Removed by Filter: 452
                                      ->  Index Scan using movie_id_cast_info on cast_info ci  (cost=0.56..28.31 rows=1 width=8) (actual time=0.041..0.093 rows=2 loops=12)
                                            Index Cond: (movie_id = mk.movie_id)
                                            Filter: (note = ANY ('{(writer),"(head writer)","(written by)",(story),"(story editor)"}'::text[]))
                                            Rows Removed by Filter: 107
                                ->  Index Scan using name_pkey on name n  (cost=0.43..1.09 rows=1 width=19) (actual time=0.004..0.004 rows=1 loops=28)
                                      Index Cond: (id = ci.person_id)
                                      Filter: ((gender)::text = 'm'::text)
                          ->  Index Scan using info_type_pkey on info_type it1  (cost=0.14..0.16 rows=1 width=4) (actual time=0.001..0.001 rows=1 loops=28)
                                Index Cond: (id = mi.info_type_id)
                                Filter: ((info)::text = 'genres'::text)
                    ->  Index Scan using comp_cast_type_pkey on comp_cast_type cct1  (cost=0.13..0.15 rows=1 width=4) (actual time=0.001..0.001 rows=1 loops=28)
                          Index Cond: (id = cc.subject_id)
                          Filter: ((kind)::text = ANY ('{cast,crew}'::text[]))
              ->  Index Scan using movie_id_movie_info_idx on movie_info_idx mi_idx  (cost=0.43..0.78 rows=3 width=14) (actual time=0.003..0.004 rows=3 loops=28)
                    Index Cond: (movie_id = mk.movie_id)
        ->  Index Scan using info_type_pkey on info_type it2  (cost=0.14..0.16 rows=1 width=4) (actual time=0.001..0.001 rows=0 loops=84)
              Index Cond: (id = mi_idx.info_type_id)
              Filter: ((info)::text = 'votes'::text)
              Rows Removed by Filter: 1
Planning time: 47.490 ms
Execution time: 226.070 ms
