Aggregate  (cost=50014.29..50014.30 rows=1 width=128) (actual time=272.051..272.051 rows=1 loops=1)
  ->  Hash Join  (cost=3781.60..50014.02 rows=27 width=80) (actual time=125.850..272.008 rows=28 loops=1)
        Hash Cond: (cc.status_id = cct2.id)
        ->  Nested Loop  (cost=3780.54..50011.84 rows=108 width=84) (actual time=62.473..271.973 rows=108 loops=1)
              Join Filter: (it1.id = mi.info_type_id)
              ->  Seq Scan on info_type it1  (cost=0.00..2.41 rows=1 width=4) (actual time=0.002..0.009 rows=1 loops=1)
                    Filter: ((info)::text = 'genres'::text)
                    Rows Removed by Filter: 112
              ->  Nested Loop  (cost=3780.54..50008.07 rows=108 width=88) (actual time=62.469..271.936 rows=108 loops=1)
                    Join Filter: (t.id = mi.movie_id)
                    ->  Hash Join  (cost=3780.10..48790.01 rows=69 width=62) (actual time=62.384..266.864 rows=69 loops=1)
                          Hash Cond: (cc.subject_id = cct1.id)
                          ->  Nested Loop  (cost=3779.03..48788.22 rows=69 width=66) (actual time=62.377..266.827 rows=69 loops=1)
                                ->  Nested Loop  (cost=3778.60..48712.95 rows=69 width=55) (actual time=62.368..266.502 rows=69 loops=1)
                                      Join Filter: (t.id = ci.movie_id)
                                      ->  Nested Loop  (cost=3778.03..47693.46 rows=36 width=47) (actual time=62.277..263.323 rows=36 loops=1)
                                            Join Filter: (it2.id = mi_idx.info_type_id)
                                            Rows Removed by Join Filter: 72
                                            ->  Seq Scan on info_type it2  (cost=0.00..2.41 rows=1 width=4) (actual time=0.007..0.010 rows=1 loops=1)
                                                  Filter: ((info)::text = 'votes'::text)
                                                  Rows Removed by Filter: 112
                                            ->  Nested Loop  (cost=3778.03..47689.70 rows=108 width=51) (actual time=62.268..263.291 rows=108 loops=1)
                                                  Join Filter: (t.id = mi_idx.movie_id)
                                                  ->  Nested Loop  (cost=3777.61..47658.60 rows=38 width=37) (actual time=62.258..263.087 rows=38 loops=1)
                                                        ->  Hash Join  (cost=3777.18..16798.27 rows=36010 width=16) (actual time=43.949..176.675 rows=36010 loops=1)
                                                              Hash Cond: (mk.movie_id = cc.movie_id)
                                                              ->  Nested Loop  (cost=6.74..10917.30 rows=76714 width=4) (actual time=2.934..110.703 rows=76714 loops=1)
                                                                    ->  Seq Scan on keyword k  (cost=0.00..3464.69 rows=7 width=4) (actual time=0.643..21.079 rows=7 loops=1)
                                                                          Filter: (keyword = ANY ('{murder,violence,blood,gore,death,female-nudity,hospital}'::text[]))
                                                                          Rows Removed by Filter: 134163
                                                                    ->  Bitmap Heap Scan on movie_keyword mk  (cost=6.74..1061.68 rows=298 width=8) (actual time=1.964..11.315 rows=10959 loops=7)
                                                                          Recheck Cond: (keyword_id = k.id)
                                                                          Heap Blocks: exact=53234
                                                                          ->  Bitmap Index Scan on keyword_id_movie_keyword  (cost=0.00..6.67 rows=298 width=0) (actual time=1.021..1.021 rows=10959 loops=7)
                                                                                Index Cond: (keyword_id = k.id)
                                                              ->  Hash  (cost=2081.86..2081.86 rows=135086 width=12) (actual time=40.693..40.693 rows=135086 loops=1)
                                                                    Buckets: 262144  Batches: 1  Memory Usage: 7853kB
                                                                    ->  Seq Scan on complete_cast cc  (cost=0.00..2081.86 rows=135086 width=12) (actual time=0.005..17.545 rows=135086 loops=1)
                                                        ->  Index Scan using title_pkey on title t  (cost=0.43..0.86 rows=1 width=21) (actual time=0.002..0.002 rows=0 loops=36010)
                                                              Index Cond: (id = mk.movie_id)
                                                              Filter: ((production_year > 2000) AND ((title ~~ '%Freddy%'::text) OR (title ~~ '%Jason%'::text) OR (title ~~ 'Saw%'::text)))
                                                              Rows Removed by Filter: 1
                                                  ->  Index Scan using movie_id_movie_info_idx on movie_info_idx mi_idx  (cost=0.43..0.78 rows=3 width=14) (actual time=0.003..0.004 rows=3 loops=38)
                                                        Index Cond: (movie_id = mk.movie_id)
                                      ->  Index Scan using movie_id_cast_info on cast_info ci  (cost=0.56..28.31 rows=1 width=8) (actual time=0.053..0.087 rows=2 loops=36)
                                            Index Cond: (movie_id = mk.movie_id)
                                            Filter: (note = ANY ('{(writer),"(head writer)","(written by)",(story),"(story editor)"}'::text[]))
                                            Rows Removed by Filter: 88
                                ->  Index Scan using name_pkey on name n  (cost=0.43..1.09 rows=1 width=19) (actual time=0.004..0.004 rows=1 loops=69)
                                      Index Cond: (id = ci.person_id)
                                      Filter: ((gender)::text = 'm'::text)
                          ->  Hash  (cost=1.05..1.05 rows=2 width=4) (actual time=0.003..0.003 rows=2 loops=1)
                                Buckets: 1024  Batches: 1  Memory Usage: 9kB
                                ->  Seq Scan on comp_cast_type cct1  (cost=0.00..1.05 rows=2 width=4) (actual time=0.001..0.002 rows=2 loops=1)
                                      Filter: ((kind)::text = ANY ('{cast,crew}'::text[]))
                                      Rows Removed by Filter: 2
                    ->  Index Scan using movie_id_movie_info on movie_info mi  (cost=0.43..17.64 rows=1 width=50) (actual time=0.072..0.073 rows=2 loops=69)
                          Index Cond: (movie_id = mk.movie_id)
                          Filter: (info = ANY ('{Horror,Thriller}'::text[]))
                          Rows Removed by Filter: 308
        ->  Hash  (cost=1.05..1.05 rows=1 width=4) (actual time=0.006..0.006 rows=1 loops=1)
              Buckets: 1024  Batches: 1  Memory Usage: 9kB
              ->  Seq Scan on comp_cast_type cct2  (cost=0.00..1.05 rows=1 width=4) (actual time=0.004..0.004 rows=1 loops=1)
                    Filter: ((kind)::text = 'complete+verified'::text)
                    Rows Removed by Filter: 3
Planning time: 47.053 ms
Execution time: 272.175 ms
