Aggregate  (cost=11175.25..11175.26 rows=1 width=128) (actual time=307.047..307.047 rows=1 loops=1)
  ->  Nested Loop  (cost=9.45..11175.24 rows=1 width=80) (actual time=123.024..307.002 rows=28 loops=1)
        ->  Nested Loop  (cost=9.02..11174.16 rows=1 width=69) (actual time=123.014..306.866 rows=28 loops=1)
              Join Filter: (t.id = ci.movie_id)
              ->  Nested Loop  (cost=8.45..11145.84 rows=1 width=85) (actual time=122.931..305.658 rows=12 loops=1)
                    Join Filter: (it2.id = mi_idx.info_type_id)
                    Rows Removed by Join Filter: 24
                    ->  Seq Scan on info_type it2  (cost=0.00..2.41 rows=1 width=4) (actual time=0.011..0.012 rows=1 loops=1)
                          Filter: ((info)::text = 'votes'::text)
                          Rows Removed by Filter: 112
                    ->  Nested Loop  (cost=8.45..11143.41 rows=1 width=89) (actual time=122.917..305.635 rows=36 loops=1)
                          Join Filter: (t.id = mi_idx.movie_id)
                          ->  Nested Loop  (cost=8.03..11142.60 rows=1 width=75) (actual time=122.906..305.534 rows=12 loops=1)
                                Join Filter: (cc.status_id = cct2.id)
                                Rows Removed by Join Filter: 47
                                ->  Nested Loop  (cost=8.03..11141.53 rows=1 width=79) (actual time=29.989..305.451 rows=59 loops=1)
                                      Join Filter: (it1.id = mi.info_type_id)
                                      ->  Seq Scan on info_type it1  (cost=0.00..2.41 rows=1 width=4) (actual time=0.001..0.009 rows=1 loops=1)
                                            Filter: ((info)::text = 'genres'::text)
                                            Rows Removed by Filter: 112
                                      ->  Nested Loop  (cost=8.03..11139.11 rows=1 width=83) (actual time=29.986..305.422 rows=59 loops=1)
                                            Join Filter: (t.id = mi.movie_id)
                                            ->  Nested Loop  (cost=7.59..11121.46 rows=1 width=33) (actual time=29.904..302.494 rows=38 loops=1)
                                                  Join Filter: (cct1.id = cc.subject_id)
                                                  Rows Removed by Join Filter: 1
                                                  ->  Nested Loop  (cost=7.59..11120.38 rows=1 width=37) (actual time=29.895..302.394 rows=38 loops=1)
                                                        Join Filter: (t.id = cc.movie_id)
                                                        ->  Nested Loop  (cost=7.17..11119.55 rows=1 width=25) (actual time=18.339..302.171 rows=49 loops=1)
                                                              ->  Nested Loop  (cost=6.74..10917.30 rows=236 width=4) (actual time=2.964..111.681 rows=76714 loops=1)
                                                                    ->  Seq Scan on keyword k  (cost=0.00..3464.69 rows=7 width=4) (actual time=0.646..21.038 rows=7 loops=1)
                                                                          Filter: (keyword = ANY ('{murder,violence,blood,gore,death,female-nudity,hospital}'::text[]))
                                                                          Rows Removed by Filter: 134163
                                                                    ->  Bitmap Heap Scan on movie_keyword mk  (cost=6.74..1061.68 rows=298 width=8) (actual time=1.919..11.432 rows=10959 loops=7)
                                                                          Recheck Cond: (keyword_id = k.id)
                                                                          Heap Blocks: exact=53234
                                                                          ->  Bitmap Index Scan on keyword_id_movie_keyword  (cost=0.00..6.67 rows=298 width=0) (actual time=0.986..0.986 rows=10959 loops=7)
                                                                                Index Cond: (keyword_id = k.id)
                                                              ->  Index Scan using title_pkey on title t  (cost=0.43..0.86 rows=1 width=21) (actual time=0.002..0.002 rows=0 loops=76714)
                                                                    Index Cond: (id = mk.movie_id)
                                                                    Filter: ((production_year > 2000) AND ((title ~~ '%Freddy%'::text) OR (title ~~ '%Jason%'::text) OR (title ~~ 'Saw%'::text)))
                                                                    Rows Removed by Filter: 1
                                                        ->  Index Scan using movie_id_complete_cast on complete_cast cc  (cost=0.42..0.81 rows=2 width=12) (actual time=0.004..0.004 rows=1 loops=49)
                                                              Index Cond: (movie_id = mk.movie_id)
                                                  ->  Seq Scan on comp_cast_type cct1  (cost=0.00..1.05 rows=2 width=4) (actual time=0.001..0.001 rows=1 loops=38)
                                                        Filter: ((kind)::text = ANY ('{cast,crew}'::text[]))
                                            ->  Index Scan using movie_id_movie_info on movie_info mi  (cost=0.43..17.64 rows=1 width=50) (actual time=0.075..0.076 rows=2 loops=38)
                                                  Index Cond: (movie_id = mk.movie_id)
                                                  Filter: (info = ANY ('{Horror,Thriller}'::text[]))
                                                  Rows Removed by Filter: 276
                                ->  Seq Scan on comp_cast_type cct2  (cost=0.00..1.05 rows=1 width=4) (actual time=0.001..0.001 rows=1 loops=59)
                                      Filter: ((kind)::text = 'complete+verified'::text)
                                      Rows Removed by Filter: 3
                          ->  Index Scan using movie_id_movie_info_idx on movie_info_idx mi_idx  (cost=0.43..0.78 rows=3 width=14) (actual time=0.006..0.007 rows=3 loops=12)
                                Index Cond: (movie_id = mk.movie_id)
              ->  Index Scan using movie_id_cast_info on cast_info ci  (cost=0.56..28.31 rows=1 width=8) (actual time=0.045..0.099 rows=2 loops=12)
                    Index Cond: (movie_id = mk.movie_id)
                    Filter: (note = ANY ('{(writer),"(head writer)","(written by)",(story),"(story editor)"}'::text[]))
                    Rows Removed by Filter: 107
        ->  Index Scan using name_pkey on name n  (cost=0.43..1.08 rows=1 width=19) (actual time=0.004..0.004 rows=1 loops=28)
              Index Cond: (id = ci.person_id)
              Filter: ((gender)::text = 'm'::text)
Planning time: 47.438 ms
Execution time: 307.140 ms
