Aggregate  (cost=23770.54..23770.55 rows=1 width=128) (actual time=1356.088..1356.088 rows=1 loops=1)
  ->  Nested Loop  (cost=5.28..23770.53 rows=1 width=80) (actual time=285.659..1356.063 rows=28 loops=1)
        ->  Nested Loop  (cost=4.85..23769.43 rows=1 width=69) (actual time=285.650..1355.986 rows=28 loops=1)
              Join Filter: (t.id = ci.movie_id)
              ->  Nested Loop  (cost=4.28..23741.12 rows=1 width=85) (actual time=285.576..1355.293 rows=12 loops=1)
                    ->  Nested Loop  (cost=3.86..23740.36 rows=1 width=89) (actual time=285.551..1354.105 rows=478 loops=1)
                          Join Filter: (mi.movie_id = t.id)
                          ->  Nested Loop  (cost=3.43..23729.05 rows=13 width=68) (actual time=0.418..866.281 rows=331229 loops=1)
                                Join Filter: (mi.movie_id = mk.movie_id)
                                ->  Nested Loop  (cost=3.00..23726.73 rows=1 width=60) (actual time=0.411..726.868 rows=4939 loops=1)
                                      Join Filter: (it1.id = mi.info_type_id)
                                      Rows Removed by Join Filter: 861
                                      ->  Seq Scan on info_type it1  (cost=0.00..2.41 rows=1 width=4) (actual time=0.006..0.013 rows=1 loops=1)
                                            Filter: ((info)::text = 'genres'::text)
                                            Rows Removed by Filter: 112
                                      ->  Nested Loop  (cost=3.00..23723.68 rows=51 width=64) (actual time=0.404..725.713 rows=5800 loops=1)
                                            ->  Nested Loop  (cost=2.56..17888.84 rows=325 width=14) (actual time=0.036..129.223 rows=23558 loops=1)
                                                  Join Filter: (it2.id = mi_idx.info_type_id)
                                                  Rows Removed by Join Filter: 47453
                                                  ->  Seq Scan on info_type it2  (cost=0.00..2.41 rows=1 width=4) (actual time=0.008..0.011 rows=1 loops=1)
                                                        Filter: ((info)::text = 'votes'::text)
                                                        Rows Removed by Filter: 112
                                                  ->  Nested Loop  (cost=2.56..17426.69 rows=36779 width=18) (actual time=0.026..120.488 rows=71011 loops=1)
                                                        ->  Hash Join  (cost=2.14..3745.64 rows=12296 width=4) (actual time=0.017..38.999 rows=24592 loops=1)
                                                              Hash Cond: (cc.subject_id = cct1.id)
                                                              ->  Hash Join  (cost=1.06..3488.66 rows=24592 width=8) (actual time=0.008..33.213 rows=24592 loops=1)
                                                                    Hash Cond: (cc.status_id = cct2.id)
                                                                    ->  Seq Scan on complete_cast cc  (cost=0.00..2081.86 rows=135086 width=12) (actual time=0.003..12.461 rows=135086 loops=1)
                                                                    ->  Hash  (cost=1.05..1.05 rows=1 width=4) (actual time=0.002..0.002 rows=1 loops=1)
                                                                          Buckets: 1024  Batches: 1  Memory Usage: 9kB
                                                                          ->  Seq Scan on comp_cast_type cct2  (cost=0.00..1.05 rows=1 width=4) (actual time=0.001..0.001 rows=1 loops=1)
                                                                                Filter: ((kind)::text = 'complete+verified'::text)
                                                                                Rows Removed by Filter: 3
                                                              ->  Hash  (cost=1.05..1.05 rows=2 width=4) (actual time=0.005..0.005 rows=2 loops=1)
                                                                    Buckets: 1024  Batches: 1  Memory Usage: 9kB
                                                                    ->  Seq Scan on comp_cast_type cct1  (cost=0.00..1.05 rows=2 width=4) (actual time=0.002..0.004 rows=2 loops=1)
                                                                          Filter: ((kind)::text = ANY ('{cast,crew}'::text[]))
                                                                          Rows Removed by Filter: 2
                                                        ->  Index Scan using movie_id_movie_info_idx on movie_info_idx mi_idx  (cost=0.43..1.08 rows=3 width=14) (actual time=0.002..0.003 rows=3 loops=24592)
                                                              Index Cond: (movie_id = cc.movie_id)
                                            ->  Index Scan using movie_id_movie_info on movie_info mi  (cost=0.43..17.94 rows=1 width=50) (actual time=0.025..0.025 rows=0 loops=23558)
                                                  Index Cond: (movie_id = mi_idx.movie_id)
                                                  Filter: (info = ANY ('{Horror,Thriller}'::text[]))
                                                  Rows Removed by Filter: 71
                                ->  Index Scan using movie_id_movie_keyword on movie_keyword mk  (cost=0.43..1.75 rows=46 width=8) (actual time=0.004..0.015 rows=67 loops=4939)
                                      Index Cond: (movie_id = mi_idx.movie_id)
                          ->  Index Scan using title_pkey on title t  (cost=0.43..0.86 rows=1 width=21) (actual time=0.001..0.001 rows=0 loops=331229)
                                Index Cond: (id = mk.movie_id)
                                Filter: ((production_year > 2000) AND ((title ~~ '%Freddy%'::text) OR (title ~~ '%Jason%'::text) OR (title ~~ 'Saw%'::text)))
                                Rows Removed by Filter: 1
                    ->  Index Scan using keyword_pkey on keyword k  (cost=0.42..0.69 rows=1 width=4) (actual time=0.002..0.002 rows=0 loops=478)
                          Index Cond: (id = mk.keyword_id)
                          Filter: (keyword = ANY ('{murder,violence,blood,gore,death,female-nudity,hospital}'::text[]))
                          Rows Removed by Filter: 1
              ->  Index Scan using movie_id_cast_info on cast_info ci  (cost=0.56..28.31 rows=1 width=8) (actual time=0.025..0.057 rows=2 loops=12)
                    Index Cond: (movie_id = mk.movie_id)
                    Filter: (note = ANY ('{(writer),"(head writer)","(written by)",(story),"(story editor)"}'::text[]))
                    Rows Removed by Filter: 107
        ->  Index Scan using name_pkey on name n  (cost=0.43..1.09 rows=1 width=19) (actual time=0.002..0.002 rows=1 loops=28)
              Index Cond: (id = ci.person_id)
              Filter: ((gender)::text = 'm'::text)
Planning time: 47.448 ms
Execution time: 1356.181 ms
