Aggregate  (cost=11177.58..11177.59 rows=1 width=128) (actual time=2475.855..2475.855 rows=1 loops=1)
  ->  Nested Loop  (cost=9.45..11177.57 rows=1 width=80) (actual time=5.773..2471.416 rows=8024 loops=1)
        Join Filter: (cc.subject_id = cct1.id)
        Rows Removed by Join Filter: 1711
        ->  Nested Loop  (cost=9.45..11176.51 rows=1 width=84) (actual time=5.768..2461.394 rows=9735 loops=1)
              ->  Nested Loop  (cost=9.02..11175.42 rows=1 width=73) (actual time=4.035..2414.944 rows=14409 loops=1)
                    Join Filter: (mi.movie_id = t.id)
                    ->  Nested Loop  (cost=8.59..11174.56 rows=1 width=76) (actual time=4.028..2378.478 rows=14409 loops=1)
                          Join Filter: (mi.movie_id = ci.movie_id)
                          ->  Nested Loop  (cost=8.02..11146.24 rows=1 width=68) (actual time=3.708..1297.747 rows=18543 loops=1)
                                Join Filter: (it1.id = mi.info_type_id)
                                Rows Removed by Join Filter: 5161
                                ->  Seq Scan on info_type it1  (cost=0.00..2.41 rows=1 width=4) (actual time=0.005..0.013 rows=1 loops=1)
                                      Filter: ((info)::text = 'genres'::text)
                                      Rows Removed by Filter: 112
                                ->  Nested Loop  (cost=8.02..11143.82 rows=1 width=72) (actual time=3.702..1293.113 rows=23704 loops=1)
                                      Join Filter: (mi_idx.movie_id = mi.movie_id)
                                      ->  Nested Loop  (cost=7.59..11125.96 rows=1 width=22) (actual time=3.083..501.128 rows=16283 loops=1)
                                            Join Filter: (cct2.id = cc.status_id)
                                            Rows Removed by Join Filter: 19063
                                            ->  Seq Scan on comp_cast_type cct2  (cost=0.00..1.05 rows=1 width=4) (actual time=0.002..0.002 rows=1 loops=1)
                                                  Filter: ((kind)::text = 'complete+verified'::text)
                                                  Rows Removed by Filter: 3
                                            ->  Nested Loop  (cost=7.59..11124.88 rows=2 width=26) (actual time=2.994..495.541 rows=35346 loops=1)
                                                  ->  Nested Loop  (cost=7.17..11119.90 rows=6 width=14) (actual time=2.923..379.095 rows=63701 loops=1)
                                                        Join Filter: (mi_idx.info_type_id = it2.id)
                                                        Rows Removed by Join Filter: 127988
                                                        ->  Seq Scan on info_type it2  (cost=0.00..2.41 rows=1 width=4) (actual time=0.007..0.010 rows=1 loops=1)
                                                              Filter: ((info)::text = 'votes'::text)
                                                              Rows Removed by Filter: 112
                                                        ->  Nested Loop  (cost=7.17..11108.68 rows=705 width=18) (actual time=2.914..356.117 rows=191689 loops=1)
                                                              ->  Nested Loop  (cost=6.74..10917.30 rows=236 width=4) (actual time=2.904..123.581 rows=76714 loops=1)
                                                                    ->  Seq Scan on keyword k  (cost=0.00..3464.69 rows=7 width=4) (actual time=0.639..20.967 rows=7 loops=1)
                                                                          Filter: (keyword = ANY ('{murder,violence,blood,gore,death,female-nudity,hospital}'::text[]))
                                                                          Rows Removed by Filter: 134163
                                                                    ->  Bitmap Heap Scan on movie_keyword mk  (cost=6.74..1061.68 rows=298 width=8) (actual time=1.891..12.854 rows=10959 loops=7)
                                                                          Recheck Cond: (keyword_id = k.id)
                                                                          Heap Blocks: exact=53234
                                                                          ->  Bitmap Index Scan on keyword_id_movie_keyword  (cost=0.00..6.67 rows=298 width=0) (actual time=0.966..0.966 rows=10959 loops=7)
                                                                                Index Cond: (keyword_id = k.id)
                                                              ->  Index Scan using movie_id_movie_info_idx on movie_info_idx mi_idx  (cost=0.43..0.78 rows=3 width=14) (actual time=0.002..0.002 rows=2 loops=76714)
                                                                    Index Cond: (movie_id = mk.movie_id)
                                                  ->  Index Scan using movie_id_complete_cast on complete_cast cc  (cost=0.42..0.81 rows=2 width=12) (actual time=0.001..0.002 rows=1 loops=63701)
                                                        Index Cond: (movie_id = mi_idx.movie_id)
                                      ->  Index Scan using movie_id_movie_info on movie_info mi  (cost=0.43..17.85 rows=1 width=50) (actual time=0.044..0.048 rows=1 loops=16283)
                                            Index Cond: (movie_id = mk.movie_id)
                                            Filter: (info = ANY ('{Horror,Action,Sci-Fi,Thriller,Crime,War}'::text[]))
                                            Rows Removed by Filter: 134
                          ->  Index Scan using movie_id_cast_info on cast_info ci  (cost=0.56..28.31 rows=1 width=8) (actual time=0.043..0.058 rows=1 loops=18543)
                                Index Cond: (movie_id = mk.movie_id)
                                Filter: (note = ANY ('{(writer),"(head writer)","(written by)",(story),"(story editor)"}'::text[]))
                                Rows Removed by Filter: 82
                    ->  Index Scan using title_pkey on title t  (cost=0.43..0.85 rows=1 width=21) (actual time=0.002..0.002 rows=1 loops=14409)
                          Index Cond: (id = mk.movie_id)
              ->  Index Scan using name_pkey on name n  (cost=0.43..1.09 rows=1 width=19) (actual time=0.003..0.003 rows=1 loops=14409)
                    Index Cond: (id = ci.person_id)
                    Filter: ((gender)::text = 'm'::text)
                    Rows Removed by Filter: 0
        ->  Seq Scan on comp_cast_type cct1  (cost=0.00..1.05 rows=1 width=4) (actual time=0.000..0.000 rows=1 loops=9735)
              Filter: ((kind)::text = 'cast'::text)
              Rows Removed by Filter: 1
Planning time: 47.824 ms
Execution time: 2475.950 ms
