Aggregate  (cost=19458.61..19458.62 rows=1 width=128) (actual time=242.841..242.841 rows=1 loops=1)
  ->  Nested Loop  (cost=3468.07..19458.60 rows=1 width=80) (actual time=22.437..242.227 rows=1273 loops=1)
        Join Filter: (mi.movie_id = t.id)
        ->  Nested Loop  (cost=3467.64..19457.46 rows=1 width=83) (actual time=22.427..239.676 rows=1273 loops=1)
              ->  Nested Loop  (cost=3467.21..19456.11 rows=1 width=72) (actual time=22.301..235.903 rows=1556 loops=1)
                    ->  Nested Loop  (cost=3467.07..19455.93 rows=1 width=76) (actual time=22.296..234.041 rows=1616 loops=1)
                          Join Filter: (mi.movie_id = ci.movie_id)
                          ->  Nested Loop  (cost=3466.50..19423.76 rows=1 width=68) (actual time=21.854..143.711 rows=1616 loops=1)
                                Join Filter: (mi_idx.movie_id = mi.movie_id)
                                ->  Hash Join  (cost=3466.07..19332.20 rows=4 width=18) (actual time=21.477..83.538 rows=1547 loops=1)
                                      Hash Cond: (mk.keyword_id = k.id)
                                      ->  Nested Loop  (cost=1.29..14953.50 rows=72391 width=22) (actual time=0.528..55.970 rows=72391 loops=1)
                                            ->  Nested Loop  (cost=0.86..11359.49 rows=1449 width=14) (actual time=0.519..29.974 rows=1449 loops=1)
                                                  Join Filter: (mi_idx.info_type_id = it2.id)
                                                  Rows Removed by Join Filter: 2921
                                                  ->  Seq Scan on info_type it2  (cost=0.00..2.41 rows=1 width=4) (actual time=0.015..0.017 rows=1 loops=1)
                                                        Filter: ((info)::text = 'votes'::text)
                                                        Rows Removed by Filter: 112
                                                  ->  Nested Loop  (cost=0.86..11302.45 rows=4370 width=18) (actual time=0.502..29.434 rows=4370 loops=1)
                                                        ->  Nested Loop  (cost=0.43..9300.52 rows=1814 width=4) (actual time=0.494..23.181 rows=1814 loops=1)
                                                              ->  Seq Scan on company_name cn  (cost=0.00..5932.46 rows=10 width=4) (actual time=0.479..21.489 rows=10 loops=1)
                                                                    Filter: (name ~~ 'Lionsgate%'::text)
                                                                    Rows Removed by Filter: 234987
                                                              ->  Index Scan using company_id_movie_companies on movie_companies mc  (cost=0.43..335.49 rows=132 width=8) (actual time=0.008..0.138 rows=181 loops=10)
                                                                    Index Cond: (company_id = cn.id)
                                                        ->  Index Scan using movie_id_movie_info_idx on movie_info_idx mi_idx  (cost=0.43..1.07 rows=3 width=14) (actual time=0.002..0.003 rows=2 loops=1814)
                                                              Index Cond: (movie_id = mc.movie_id)
                                            ->  Index Scan using movie_id_movie_keyword on movie_keyword mk  (cost=0.43..2.02 rows=46 width=8) (actual time=0.003..0.010 rows=50 loops=1449)
                                                  Index Cond: (movie_id = mi_idx.movie_id)
                                      ->  Hash  (cost=3464.69..3464.69 rows=7 width=4) (actual time=20.897..20.897 rows=7 loops=1)
                                            Buckets: 1024  Batches: 1  Memory Usage: 9kB
                                            ->  Seq Scan on keyword k  (cost=0.00..3464.69 rows=7 width=4) (actual time=0.644..20.894 rows=7 loops=1)
                                                  Filter: (keyword = ANY ('{murder,violence,blood,gore,death,female-nudity,hospital}'::text[]))
                                                  Rows Removed by Filter: 134163
                                ->  Index Scan using movie_id_movie_info on movie_info mi  (cost=0.43..22.88 rows=1 width=50) (actual time=0.038..0.038 rows=1 loops=1547)
                                      Index Cond: (movie_id = mk.movie_id)
                                      Filter: (info = ANY ('{Horror,Thriller}'::text[]))
                                      Rows Removed by Filter: 165
                          ->  Index Scan using movie_id_cast_info on cast_info ci  (cost=0.56..32.16 rows=1 width=8) (actual time=0.038..0.055 rows=1 loops=1616)
                                Index Cond: (movie_id = mk.movie_id)
                                Filter: (note = ANY ('{(writer),"(head writer)","(written by)",(story),"(story editor)"}'::text[]))
                                Rows Removed by Filter: 109
                    ->  Index Scan using info_type_pkey on info_type it1  (cost=0.14..0.16 rows=1 width=4) (actual time=0.001..0.001 rows=1 loops=1616)
                          Index Cond: (id = mi.info_type_id)
                          Filter: ((info)::text = 'genres'::text)
                          Rows Removed by Filter: 0
              ->  Index Scan using name_pkey on name n  (cost=0.43..1.35 rows=1 width=19) (actual time=0.002..0.002 rows=1 loops=1556)
                    Index Cond: (id = ci.person_id)
                    Filter: ((gender)::text = 'm'::text)
                    Rows Removed by Filter: 0
        ->  Index Scan using title_pkey on title t  (cost=0.43..1.13 rows=1 width=21) (actual time=0.002..0.002 rows=1 loops=1273)
              Index Cond: (id = mk.movie_id)
Planning time: 28.713 ms
Execution time: 242.963 ms
