Aggregate  (cost=92281.81..92281.82 rows=1 width=128) (actual time=239.931..239.931 rows=1 loops=1)
  ->  Nested Loop  (cost=3467.93..92281.75 rows=6 width=80) (actual time=21.694..238.672 rows=2825 loops=1)
        Join Filter: (mi.movie_id = t.id)
        ->  Nested Loop  (cost=3467.50..92274.93 rows=6 width=83) (actual time=21.683..233.556 rows=2825 loops=1)
              ->  Hash Join  (cost=3467.07..92266.86 rows=6 width=72) (actual time=21.670..227.582 rows=2825 loops=1)
                    Hash Cond: (mk.keyword_id = k.id)
                    ->  Nested Loop  (cost=2.29..87446.09 rows=107406 width=76) (actual time=0.724..196.374 rows=107406 loops=1)
                          Join Filter: (mi.movie_id = mk.movie_id)
                          ->  Nested Loop  (cost=1.86..84845.97 rows=1017 width=68) (actual time=0.713..157.281 rows=1017 loops=1)
                                Join Filter: (mi.movie_id = ci.movie_id)
                                ->  Nested Loop  (cost=1.29..44971.14 rows=1235 width=60) (actual time=0.558..75.119 rows=1235 loops=1)
                                      Join Filter: (mi.info_type_id = it1.id)
                                      Rows Removed by Join Filter: 60
                                      ->  Seq Scan on info_type it1  (cost=0.00..2.41 rows=1 width=4) (actual time=0.009..0.016 rows=1 loops=1)
                                            Filter: ((info)::text = 'genres'::text)
                                            Rows Removed by Filter: 112
                                      ->  Nested Loop  (cost=1.29..44952.54 rows=1295 width=64) (actual time=0.548..74.851 rows=1295 loops=1)
                                            Join Filter: (mi_idx.movie_id = mi.movie_id)
                                            ->  Nested Loop  (cost=0.86..11359.49 rows=1449 width=14) (actual time=0.520..30.303 rows=1449 loops=1)
                                                  Join Filter: (mi_idx.info_type_id = it2.id)
                                                  Rows Removed by Join Filter: 2921
                                                  ->  Seq Scan on info_type it2  (cost=0.00..2.41 rows=1 width=4) (actual time=0.009..0.012 rows=1 loops=1)
                                                        Filter: ((info)::text = 'votes'::text)
                                                        Rows Removed by Filter: 112
                                                  ->  Nested Loop  (cost=0.86..11302.45 rows=4370 width=18) (actual time=0.510..29.759 rows=4370 loops=1)
                                                        ->  Nested Loop  (cost=0.43..9300.52 rows=1814 width=4) (actual time=0.501..23.283 rows=1814 loops=1)
                                                              ->  Seq Scan on company_name cn  (cost=0.00..5932.46 rows=10 width=4) (actual time=0.487..21.572 rows=10 loops=1)
                                                                    Filter: (name ~~ 'Lionsgate%'::text)
                                                                    Rows Removed by Filter: 234987
                                                              ->  Index Scan using company_id_movie_companies on movie_companies mc  (cost=0.43..335.49 rows=132 width=8) (actual time=0.008..0.140 rows=181 loops=10)
                                                                    Index Cond: (company_id = cn.id)
                                                        ->  Index Scan using movie_id_movie_info_idx on movie_info_idx mi_idx  (cost=0.43..1.07 rows=3 width=14) (actual time=0.002..0.003 rows=2 loops=1814)
                                                              Index Cond: (movie_id = mc.movie_id)
                                            ->  Index Scan using movie_id_movie_info on movie_info mi  (cost=0.43..23.17 rows=1 width=50) (actual time=0.030..0.030 rows=1 loops=1449)
                                                  Index Cond: (movie_id = mc.movie_id)
                                                  Filter: (info = ANY ('{Horror,Action,Sci-Fi,Thriller,Crime,War}'::text[]))
                                                  Rows Removed by Filter: 75
                                ->  Index Scan using movie_id_cast_info on cast_info ci  (cost=0.56..32.27 rows=1 width=8) (actual time=0.049..0.066 rows=1 loops=1235)
                                      Index Cond: (movie_id = mc.movie_id)
                                      Filter: (note = ANY ('{(writer),"(head writer)","(written by)",(story),"(story editor)"}'::text[]))
                                      Rows Removed by Filter: 102
                          ->  Index Scan using movie_id_movie_keyword on movie_keyword mk  (cost=0.43..1.98 rows=46 width=8) (actual time=0.003..0.019 rows=106 loops=1017)
                                Index Cond: (movie_id = mc.movie_id)
                    ->  Hash  (cost=3464.69..3464.69 rows=7 width=4) (actual time=20.932..20.932 rows=7 loops=1)
                          Buckets: 1024  Batches: 1  Memory Usage: 9kB
                          ->  Seq Scan on keyword k  (cost=0.00..3464.69 rows=7 width=4) (actual time=0.643..20.929 rows=7 loops=1)
                                Filter: (keyword = ANY ('{murder,violence,blood,gore,death,female-nudity,hospital}'::text[]))
                                Rows Removed by Filter: 134163
              ->  Index Scan using name_pkey on name n  (cost=0.43..1.34 rows=1 width=19) (actual time=0.002..0.002 rows=1 loops=2825)
                    Index Cond: (id = ci.person_id)
        ->  Index Scan using title_pkey on title t  (cost=0.43..1.13 rows=1 width=21) (actual time=0.001..0.001 rows=1 loops=2825)
              Index Cond: (id = mk.movie_id)
Planning time: 28.817 ms
Execution time: 240.034 ms
