Aggregate  (cost=3797.17..3797.18 rows=1 width=96) (actual time=9.569..9.569 rows=1 loops=1)
  ->  Nested Loop  (cost=7.89..3797.09 rows=10 width=46) (actual time=9.567..9.567 rows=0 loops=1)
        ->  Nested Loop  (cost=7.46..3752.39 rows=10 width=33) (actual time=9.566..9.566 rows=0 loops=1)
              ->  Nested Loop  (cost=7.03..3747.52 rows=10 width=24) (actual time=9.566..9.566 rows=0 loops=1)
                    Join Filter: (ml.link_type_id = lt.id)
                    ->  Nested Loop  (cost=7.03..3743.84 rows=10 width=16) (actual time=9.566..9.566 rows=0 loops=1)
                          ->  Nested Loop  (cost=6.74..3729.38 rows=34 width=4) (actual time=9.352..9.560 rows=1 loops=1)
                                ->  Seq Scan on keyword k  (cost=0.00..2626.12 rows=1 width=4) (actual time=9.299..9.506 rows=1 loops=1)
                                      Filter: (keyword = '10,000-mile-club'::text)
                                      Rows Removed by Filter: 134169
                                ->  Bitmap Heap Scan on movie_keyword mk  (cost=6.74..1100.27 rows=298 width=8) (actual time=0.048..0.048 rows=1 loops=1)
                                      Recheck Cond: (keyword_id = k.id)
                                      Heap Blocks: exact=1
                                      ->  Bitmap Index Scan on keyword_id_movie_keyword  (cost=0.00..6.67 rows=298 width=0) (actual time=0.042..0.042 rows=1 loops=1)
                                            Index Cond: (keyword_id = k.id)
                          ->  Index Scan using movie_id_movie_link on movie_link ml  (cost=0.29..0.38 rows=5 width=12) (actual time=0.005..0.005 rows=0 loops=1)
                                Index Cond: (movie_id = mk.movie_id)
                    ->  Materialize  (cost=0.00..1.27 rows=18 width=16) (never executed)
                          ->  Seq Scan on link_type lt  (cost=0.00..1.18 rows=18 width=16) (never executed)
              ->  Index Scan using title_pkey on title t1  (cost=0.43..0.49 rows=1 width=21) (never executed)
                    Index Cond: (id = mk.movie_id)
        ->  Index Scan using title_pkey on title t2  (cost=0.43..4.47 rows=1 width=21) (never executed)
              Index Cond: (id = ml.linked_movie_id)
Planning time: 1.016 ms
Execution time: 9.613 ms
