Aggregate  (cost=3961.14..3961.15 rows=1 width=96) (actual time=8.350..8.350 rows=1 loops=1)
  ->  Nested Loop  (cost=7.89..3736.17 rows=29997 width=46) (actual time=8.348..8.348 rows=0 loops=1)
        Join Filter: (ml.link_type_id = lt.id)
        ->  Nested Loop  (cost=7.89..3734.76 rows=1 width=38) (actual time=8.348..8.348 rows=0 loops=1)
              ->  Nested Loop  (cost=7.46..3730.29 rows=0 width=25) (actual time=8.348..8.348 rows=0 loops=1)
                    ->  Nested Loop  (cost=7.17..3729.87 rows=1 width=25) (actual time=8.162..8.342 rows=1 loops=1)
                          ->  Nested Loop  (cost=6.74..3729.38 rows=1 width=4) (actual time=8.153..8.333 rows=1 loops=1)
                                ->  Seq Scan on keyword k  (cost=0.00..2626.12 rows=1 width=4) (actual time=8.136..8.315 rows=1 loops=1)
                                      Filter: (keyword = '10,000-mile-club'::text)
                                      Rows Removed by Filter: 134169
                                ->  Bitmap Heap Scan on movie_keyword mk  (cost=6.74..1100.27 rows=298 width=8) (actual time=0.012..0.012 rows=1 loops=1)
                                      Recheck Cond: (keyword_id = k.id)
                                      Heap Blocks: exact=1
                                      ->  Bitmap Index Scan on keyword_id_movie_keyword  (cost=0.00..6.67 rows=298 width=0) (actual time=0.008..0.008 rows=1 loops=1)
                                            Index Cond: (keyword_id = k.id)
                          ->  Index Scan using title_pkey on title t1  (cost=0.43..0.49 rows=1 width=21) (actual time=0.008..0.008 rows=1 loops=1)
                                Index Cond: (id = mk.movie_id)
                    ->  Index Scan using movie_id_movie_link on movie_link ml  (cost=0.29..0.38 rows=5 width=12) (actual time=0.005..0.005 rows=0 loops=1)
                          Index Cond: (movie_id = t1.id)
              ->  Index Scan using title_pkey on title t2  (cost=0.43..4.47 rows=1 width=21) (never executed)
                    Index Cond: (id = ml.linked_movie_id)
        ->  Seq Scan on link_type lt  (cost=0.00..1.18 rows=18 width=16) (never executed)
Planning time: 1.018 ms
Execution time: 8.392 ms
