Aggregate  (cost=9521040.52..9521040.53 rows=1 width=96) (actual time=1328.836..1328.836 rows=1 loops=1)
  ->  Hash Join  (cost=97139.56..107981.92 rows=1255074480 width=46) (actual time=1171.289..1327.367 rows=4388 loops=1)
        Hash Cond: (t1.id = mk.movie_id)
        ->  Hash Join  (cost=92887.18..103237.13 rows=29997 width=54) (actual time=1120.412..1276.040 rows=29997 loops=1)
              Hash Cond: (ml.linked_movie_id = t2.id)
              ->  Hash Join  (cost=2.16..9973.40 rows=29997 width=41) (actual time=0.062..142.208 rows=29997 loops=1)
                    Hash Cond: (ml.link_type_id = lt.id)
                    ->  Merge Join  (cost=0.75..9608.07 rows=29997 width=33) (actual time=0.031..134.861 rows=29997 loops=1)
                          Merge Cond: (ml.movie_id = t1.id)
                          ->  Index Scan using movie_id_movie_link on movie_link ml  (cost=0.29..959.51 rows=29997 width=12) (actual time=0.013..5.674 rows=29997 loops=1)
                          ->  Index Scan using title_pkey on title t1  (cost=0.43..110298.67 rows=2528312 width=21) (actual time=0.013..102.405 rows=186175 loops=1)
                    ->  Hash  (cost=1.18..1.18 rows=18 width=16) (actual time=0.015..0.015 rows=18 loops=1)
                          Buckets: 1024  Batches: 1  Memory Usage: 9kB
                          ->  Seq Scan on link_type lt  (cost=0.00..1.18 rows=18 width=16) (actual time=0.006..0.008 rows=18 loops=1)
              ->  Hash  (cost=61281.12..61281.12 rows=2528312 width=21) (actual time=1111.792..1111.792 rows=2528312 loops=1)
                    Buckets: 4194304  Batches: 1  Memory Usage: 168637kB
                    ->  Seq Scan on title t2  (cost=0.00..61281.12 rows=2528312 width=21) (actual time=0.007..413.926 rows=2528312 loops=1)
        ->  Hash  (cost=3729.38..3729.38 rows=41840 width=4) (actual time=46.744..46.744 rows=41840 loops=1)
              Buckets: 65536  Batches: 1  Memory Usage: 1983kB
              ->  Nested Loop  (cost=6.74..3729.38 rows=41840 width=4) (actual time=4.555..39.820 rows=41840 loops=1)
                    ->  Seq Scan on keyword k  (cost=0.00..2626.12 rows=1 width=4) (actual time=0.394..9.305 rows=1 loops=1)
                          Filter: (keyword = 'character-name-in-title'::text)
                          Rows Removed by Filter: 134169
                    ->  Bitmap Heap Scan on movie_keyword mk  (cost=6.74..1100.27 rows=298 width=8) (actual time=4.159..24.165 rows=41840 loops=1)
                          Recheck Cond: (keyword_id = k.id)
                          Heap Blocks: exact=11541
                          ->  Bitmap Index Scan on keyword_id_movie_keyword  (cost=0.00..6.67 rows=298 width=0) (actual time=2.673..2.673 rows=41840 loops=1)
                                Index Cond: (keyword_id = k.id)
Planning time: 1.146 ms
Execution time: 1329.684 ms
