Aggregate  (cost=5458.28..5458.29 rows=1 width=192) (actual time=8.172..8.172 rows=1 loops=1)
  ->  Nested Loop  (cost=42.51..5458.26 rows=1 width=84) (actual time=0.807..8.159 rows=8 loops=1)
        ->  Nested Loop  (cost=42.09..5457.82 rows=1 width=69) (actual time=0.800..8.097 rows=28 loops=1)
              ->  Nested Loop  (cost=41.66..5457.21 rows=1 width=77) (actual time=0.796..8.058 rows=10 loops=1)
                    ->  Nested Loop  (cost=41.52..5456.86 rows=2 width=81) (actual time=0.730..8.020 rows=30 loops=1)
                          Join Filter: ((ml.movie_id = t1.id) AND (kt1.id = t1.kind_id))
                          ->  Nested Loop  (cost=41.09..5447.97 rows=15 width=64) (actual time=0.726..7.957 rows=30 loops=1)
                                ->  Nested Loop  (cost=40.67..5441.32 rows=15 width=49) (actual time=0.720..7.880 rows=30 loops=1)
                                      Join Filter: (t2.id = mc2.movie_id)
                                      ->  Nested Loop  (cost=40.24..5430.25 rows=15 width=57) (actual time=0.714..7.825 rows=15 loops=1)
                                            Join Filter: (kt2.id = t2.kind_id)
                                            ->  Nested Loop  (cost=0.13..13.35 rows=1 width=8) (actual time=0.007..0.010 rows=1 loops=1)
                                                  ->  Index Scan using kind_type_pkey on kind_type kt1  (cost=0.13..12.26 rows=1 width=4) (actual time=0.005..0.006 rows=1 loops=1)
                                                        Filter: ((kind)::text = 'tv series'::text)
                                                        Rows Removed by Filter: 6
                                                  ->  Seq Scan on kind_type kt2  (cost=0.00..1.09 rows=1 width=4) (actual time=0.002..0.003 rows=1 loops=1)
                                                        Filter: ((kind)::text = 'tv series'::text)
                                                        Rows Removed by Filter: 6
                                            ->  Nested Loop  (cost=40.10..5416.71 rows=15 width=57) (actual time=0.706..7.811 rows=15 loops=1)
                                                  Join Filter: (ml.linked_movie_id = t2.id)
                                                  ->  Nested Loop  (cost=39.67..5350.26 rows=90 width=32) (actual time=0.700..7.607 rows=90 loops=1)
                                                        ->  Nested Loop  (cost=39.25..5279.78 rows=34 width=18) (actual time=0.696..7.511 rows=34 loops=1)
                                                              Join Filter: (mi_idx2.info_type_id = it2.id)
                                                              Rows Removed by Join Filter: 2910
                                                              ->  Seq Scan on info_type it2  (cost=0.00..2.41 rows=1 width=4) (actual time=0.009..0.010 rows=1 loops=1)
                                                                    Filter: ((info)::text = 'rating'::text)
                                                                    Rows Removed by Filter: 112
                                                              ->  Nested Loop  (cost=39.25..5240.56 rows=2944 width=22) (actual time=0.068..7.267 rows=2944 loops=1)
                                                                    ->  Nested Loop  (cost=38.82..470.30 rows=2315 width=8) (actual time=0.059..0.985 rows=2315 loops=1)
                                                                          ->  Seq Scan on link_type lt  (cost=0.00..1.25 rows=2 width=4) (actual time=0.002..0.006 rows=2 loops=1)
                                                                                Filter: ((link)::text = ANY ('{sequel,follows,"followed by"}'::text[]))
                                                                                Rows Removed by Filter: 16
                                                                          ->  Bitmap Heap Scan on movie_link ml  (cost=38.82..215.78 rows=1875 width=12) (actual time=0.052..0.316 rows=1158 loops=2)
                                                                                Recheck Cond: (link_type_id = lt.id)
                                                                                Heap Blocks: exact=191
                                                                                ->  Bitmap Index Scan on link_type_id_movie_link  (cost=0.00..38.35 rows=1875 width=0) (actual time=0.040..0.040 rows=1158 loops=2)
                                                                                      Index Cond: (link_type_id = lt.id)
                                                                    ->  Index Scan using movie_id_movie_info_idx on movie_info_idx mi_idx2  (cost=0.43..2.05 rows=1 width=14) (actual time=0.002..0.002 rows=1 loops=2315)
                                                                          Index Cond: (movie_id = ml.linked_movie_id)
                                                                          Filter: (info < '3.0'::text)
                                                                          Rows Removed by Filter: 1
                                                        ->  Index Scan using movie_id_movie_info_idx on movie_info_idx mi_idx1  (cost=0.43..2.04 rows=3 width=14) (actual time=0.002..0.002 rows=3 loops=34)
                                                              Index Cond: (movie_id = ml.movie_id)
                                                  ->  Index Scan using title_pkey on title t2  (cost=0.43..0.73 rows=1 width=25) (actual time=0.002..0.002 rows=0 loops=90)
                                                        Index Cond: (id = mi_idx2.movie_id)
                                                        Filter: ((production_year >= 2005) AND (production_year <= 2008))
                                                        Rows Removed by Filter: 1
                                      ->  Index Scan using movie_id_movie_companies on movie_companies mc2  (cost=0.43..0.68 rows=5 width=8) (actual time=0.002..0.003 rows=2 loops=15)
                                            Index Cond: (movie_id = mi_idx2.movie_id)
                                ->  Index Scan using company_name_pkey on company_name cn2  (cost=0.42..0.44 rows=1 width=23) (actual time=0.002..0.002 rows=1 loops=30)
                                      Index Cond: (id = mc2.company_id)
                          ->  Index Scan using title_pkey on title t1  (cost=0.43..0.58 rows=1 width=25) (actual time=0.002..0.002 rows=1 loops=30)
                                Index Cond: (id = mi_idx1.movie_id)
                    ->  Index Scan using info_type_pkey on info_type it1  (cost=0.14..0.16 rows=1 width=4) (actual time=0.001..0.001 rows=0 loops=30)
                          Index Cond: (id = mi_idx1.info_type_id)
                          Filter: ((info)::text = 'rating'::text)
                          Rows Removed by Filter: 1
              ->  Index Scan using movie_id_movie_companies on movie_companies mc1  (cost=0.43..0.56 rows=5 width=8) (actual time=0.002..0.003 rows=3 loops=10)
                    Index Cond: (movie_id = t1.id)
        ->  Index Scan using company_name_pkey on company_name cn1  (cost=0.42..0.45 rows=1 width=23) (actual time=0.002..0.002 rows=0 loops=28)
              Index Cond: (id = mc1.company_id)
              Filter: ((country_code)::text = '[us]'::text)
              Rows Removed by Filter: 1
Planning time: 60.903 ms
Execution time: 8.263 ms
