Aggregate  (cost=7433.04..7433.05 rows=1 width=192) (actual time=13.616..13.616 rows=1 loops=1)
  ->  Nested Loop  (cost=42.51..7433.03 rows=1 width=84) (actual time=1.247..13.607 rows=4 loops=1)
        ->  Nested Loop  (cost=42.38..7432.86 rows=1 width=88) (actual time=1.245..13.591 rows=4 loops=1)
              Join Filter: (ml.movie_id = t1.id)
              ->  Nested Loop  (cost=41.95..7432.33 rows=1 width=79) (actual time=1.241..13.582 rows=4 loops=1)
                    ->  Nested Loop  (cost=41.80..7432.14 rows=1 width=83) (actual time=1.185..13.568 rows=12 loops=1)
                          ->  Nested Loop  (cost=41.38..7431.70 rows=1 width=68) (actual time=1.183..13.541 rows=12 loops=1)
                                Join Filter: (t2.id = mc2.movie_id)
                                ->  Nested Loop  (cost=40.95..7430.96 rows=1 width=76) (actual time=1.179..13.527 rows=3 loops=1)
                                      ->  Nested Loop  (cost=40.53..7426.50 rows=10 width=61) (actual time=1.173..13.497 rows=12 loops=1)
                                            Join Filter: (ml.movie_id = mc1.movie_id)
                                            ->  Nested Loop  (cost=40.10..7425.85 rows=1 width=53) (actual time=1.168..13.473 rows=6 loops=1)
                                                  Join Filter: (mi_idx2.info_type_id = it2.id)
                                                  Rows Removed by Join Filter: 42
                                                  ->  Seq Scan on info_type it2  (cost=0.00..2.41 rows=1 width=4) (actual time=0.011..0.012 rows=1 loops=1)
                                                        Filter: ((info)::text = 'rating'::text)
                                                        Rows Removed by Filter: 112
                                                  ->  Nested Loop  (cost=40.10..7423.17 rows=21 width=57) (actual time=0.920..13.455 rows=48 loops=1)
                                                        ->  Nested Loop  (cost=39.68..7408.66 rows=7 width=43) (actual time=0.917..13.398 rows=21 loops=1)
                                                              Join Filter: (kt2.id = t2.kind_id)
                                                              Rows Removed by Join Filter: 29
                                                              ->  Seq Scan on kind_type kt2  (cost=0.00..1.09 rows=1 width=4) (actual time=0.002..0.003 rows=1 loops=1)
                                                                    Filter: ((kind)::text = 'tv series'::text)
                                                                    Rows Removed by Filter: 6
                                                              ->  Nested Loop  (cost=39.68..7406.95 rows=50 width=47) (actual time=0.915..13.387 rows=50 loops=1)
                                                                    Join Filter: (ml.linked_movie_id = t2.id)
                                                                    ->  Nested Loop  (cost=39.25..5240.54 rows=2944 width=22) (actual time=0.069..7.422 rows=2944 loops=1)
                                                                          ->  Nested Loop  (cost=38.82..470.28 rows=2315 width=8) (actual time=0.060..1.011 rows=2315 loops=1)
                                                                                ->  Seq Scan on link_type lt  (cost=0.00..1.23 rows=2 width=4) (actual time=0.002..0.007 rows=2 loops=1)
                                                                                      Filter: ((link)::text ~~ '%follow%'::text)
                                                                                      Rows Removed by Filter: 16
                                                                                ->  Bitmap Heap Scan on movie_link ml  (cost=38.82..215.78 rows=1875 width=12) (actual time=0.053..0.324 rows=1158 loops=2)
                                                                                      Recheck Cond: (link_type_id = lt.id)
                                                                                      Heap Blocks: exact=191
                                                                                      ->  Bitmap Index Scan on link_type_id_movie_link  (cost=0.00..38.35 rows=1875 width=0) (actual time=0.041..0.041 rows=1158 loops=2)
                                                                                            Index Cond: (link_type_id = lt.id)
                                                                          ->  Index Scan using movie_id_movie_info_idx on movie_info_idx mi_idx2  (cost=0.43..2.05 rows=1 width=14) (actual time=0.002..0.002 rows=1 loops=2315)
                                                                                Index Cond: (movie_id = ml.linked_movie_id)
                                                                                Filter: (info < '3.0'::text)
                                                                                Rows Removed by Filter: 1
                                                                    ->  Index Scan using title_pkey on title t2  (cost=0.43..0.72 rows=1 width=25) (actual time=0.002..0.002 rows=0 loops=2944)
                                                                          Index Cond: (id = mi_idx2.movie_id)
                                                                          Filter: (production_year = 2007)
                                                                          Rows Removed by Filter: 1
                                                        ->  Index Scan using movie_id_movie_info_idx on movie_info_idx mi_idx1  (cost=0.43..2.04 rows=3 width=14) (actual time=0.002..0.002 rows=2 loops=21)
                                                              Index Cond: (movie_id = ml.movie_id)
                                            ->  Index Scan using movie_id_movie_companies on movie_companies mc1  (cost=0.43..0.59 rows=5 width=8) (actual time=0.003..0.003 rows=2 loops=6)
                                                  Index Cond: (movie_id = mi_idx1.movie_id)
                                      ->  Index Scan using company_name_pkey on company_name cn1  (cost=0.42..0.45 rows=1 width=23) (actual time=0.002..0.002 rows=0 loops=12)
                                            Index Cond: (id = mc1.company_id)
                                            Filter: ((country_code)::text = '[nl]'::text)
                                            Rows Removed by Filter: 1
                                ->  Index Scan using movie_id_movie_companies on movie_companies mc2  (cost=0.43..0.68 rows=5 width=8) (actual time=0.002..0.003 rows=4 loops=3)
                                      Index Cond: (movie_id = mi_idx2.movie_id)
                          ->  Index Scan using company_name_pkey on company_name cn2  (cost=0.42..0.44 rows=1 width=23) (actual time=0.002..0.002 rows=1 loops=12)
                                Index Cond: (id = mc2.company_id)
                    ->  Index Scan using info_type_pkey on info_type it1  (cost=0.14..0.16 rows=1 width=4) (actual time=0.001..0.001 rows=0 loops=12)
                          Index Cond: (id = mi_idx1.info_type_id)
                          Filter: ((info)::text = 'rating'::text)
                          Rows Removed by Filter: 1
              ->  Index Scan using title_pkey on title t1  (cost=0.43..0.52 rows=1 width=25) (actual time=0.002..0.002 rows=1 loops=4)
                    Index Cond: (id = mc1.movie_id)
        ->  Index Scan using kind_type_pkey on kind_type kt1  (cost=0.13..0.15 rows=1 width=4) (actual time=0.001..0.001 rows=1 loops=4)
              Index Cond: (id = t1.kind_id)
              Filter: ((kind)::text = 'tv series'::text)
Planning time: 61.421 ms
Execution time: 13.715 ms
