Aggregate  (cost=5368.55..5368.56 rows=1 width=192) (actual time=8.063..8.063 rows=1 loops=1)
  ->  Nested Loop  (cost=42.64..5368.53 rows=1 width=84) (actual time=0.785..8.054 rows=4 loops=1)
        ->  Nested Loop  (cost=42.51..5368.36 rows=1 width=88) (actual time=0.783..8.049 rows=4 loops=1)
              ->  Nested Loop  (cost=42.38..5368.18 rows=1 width=92) (actual time=0.781..8.044 rows=4 loops=1)
                    ->  Nested Loop  (cost=41.96..5367.74 rows=1 width=77) (actual time=0.778..8.011 rows=14 loops=1)
                          ->  Nested Loop  (cost=41.53..5367.13 rows=1 width=85) (actual time=0.773..7.989 rows=6 loops=1)
                                Join Filter: (ml.movie_id = t1.id)
                                ->  Nested Loop  (cost=41.10..5366.54 rows=1 width=60) (actual time=0.768..7.972 rows=6 loops=1)
                                      ->  Nested Loop  (cost=40.68..5366.10 rows=1 width=45) (actual time=0.763..7.950 rows=6 loops=1)
                                            Join Filter: (t2.id = mc2.movie_id)
                                            ->  Nested Loop  (cost=40.25..5365.36 rows=1 width=53) (actual time=0.758..7.935 rows=2 loops=1)
                                                  Join Filter: (ml.linked_movie_id = t2.id)
                                                  ->  Nested Loop  (cost=39.82..5364.62 rows=1 width=28) (actual time=0.752..7.818 rows=30 loops=1)
                                                        Join Filter: (it1.id = mi_idx1.info_type_id)
                                                        Rows Removed by Join Filter: 60
                                                        ->  Nested Loop  (cost=39.39..5293.88 rows=34 width=22) (actual time=0.746..7.709 rows=34 loops=1)
                                                              Join Filter: (it2.id = mi_idx2.info_type_id)
                                                              Rows Removed by Join Filter: 2910
                                                              ->  Nested Loop  (cost=0.14..16.54 rows=1 width=8) (actual time=0.027..0.032 rows=1 loops=1)
                                                                    ->  Index Scan using info_type_pkey on info_type it1  (cost=0.14..14.12 rows=1 width=4) (actual time=0.018..0.021 rows=1 loops=1)
                                                                          Filter: ((info)::text = 'rating'::text)
                                                                          Rows Removed by Filter: 112
                                                                    ->  Seq Scan on info_type it2  (cost=0.00..2.41 rows=1 width=4) (actual time=0.008..0.010 rows=1 loops=1)
                                                                          Filter: ((info)::text = 'rating'::text)
                                                                          Rows Removed by Filter: 112
                                                              ->  Nested Loop  (cost=39.25..5240.54 rows=2944 width=22) (actual time=0.070..7.420 rows=2944 loops=1)
                                                                    ->  Nested Loop  (cost=38.82..470.28 rows=2315 width=8) (actual time=0.061..1.013 rows=2315 loops=1)
                                                                          ->  Seq Scan on link_type lt  (cost=0.00..1.23 rows=2 width=4) (actual time=0.002..0.008 rows=2 loops=1)
                                                                                Filter: ((link)::text ~~ '%follow%'::text)
                                                                                Rows Removed by Filter: 16
                                                                          ->  Bitmap Heap Scan on movie_link ml  (cost=38.82..215.78 rows=1875 width=12) (actual time=0.052..0.326 rows=1158 loops=2)
                                                                                Recheck Cond: (link_type_id = lt.id)
                                                                                Heap Blocks: exact=191
                                                                                ->  Bitmap Index Scan on link_type_id_movie_link  (cost=0.00..38.35 rows=1875 width=0) (actual time=0.041..0.041 rows=1158 loops=2)
                                                                                      Index Cond: (link_type_id = lt.id)
                                                                    ->  Index Scan using movie_id_movie_info_idx on movie_info_idx mi_idx2  (cost=0.43..2.05 rows=1 width=14) (actual time=0.002..0.002 rows=1 loops=2315)
                                                                          Index Cond: (movie_id = ml.linked_movie_id)
                                                                          Filter: (info < '3.0'::text)
                                                                          Rows Removed by Filter: 1
                                                        ->  Index Scan using movie_id_movie_info_idx on movie_info_idx mi_idx1  (cost=0.43..2.04 rows=3 width=14) (actual time=0.002..0.003 rows=3 loops=34)
                                                              Index Cond: (movie_id = ml.movie_id)
                                                  ->  Index Scan using title_pkey on title t2  (cost=0.43..0.72 rows=1 width=25) (actual time=0.004..0.004 rows=0 loops=30)
                                                        Index Cond: (id = mi_idx2.movie_id)
                                                        Filter: (production_year = 2007)
                                                        Rows Removed by Filter: 1
                                            ->  Index Scan using movie_id_movie_companies on movie_companies mc2  (cost=0.43..0.68 rows=5 width=8) (actual time=0.005..0.006 rows=3 loops=2)
                                                  Index Cond: (movie_id = mi_idx2.movie_id)
                                      ->  Index Scan using company_name_pkey on company_name cn2  (cost=0.42..0.44 rows=1 width=23) (actual time=0.003..0.003 rows=1 loops=6)
                                            Index Cond: (id = mc2.company_id)
                                ->  Index Scan using title_pkey on title t1  (cost=0.43..0.58 rows=1 width=25) (actual time=0.002..0.002 rows=1 loops=6)
                                      Index Cond: (id = mi_idx1.movie_id)
                          ->  Index Scan using movie_id_movie_companies on movie_companies mc1  (cost=0.43..0.56 rows=5 width=8) (actual time=0.002..0.003 rows=2 loops=6)
                                Index Cond: (movie_id = t1.id)
                    ->  Index Scan using company_name_pkey on company_name cn1  (cost=0.42..0.45 rows=1 width=23) (actual time=0.002..0.002 rows=0 loops=14)
                          Index Cond: (id = mc1.company_id)
                          Filter: ((country_code)::text = '[nl]'::text)
                          Rows Removed by Filter: 1
              ->  Index Scan using kind_type_pkey on kind_type kt2  (cost=0.13..0.15 rows=1 width=4) (actual time=0.001..0.001 rows=1 loops=4)
                    Index Cond: (id = t2.kind_id)
                    Filter: ((kind)::text = 'tv series'::text)
        ->  Index Scan using kind_type_pkey on kind_type kt1  (cost=0.13..0.15 rows=1 width=4) (actual time=0.001..0.001 rows=1 loops=4)
              Index Cond: (id = t1.kind_id)
              Filter: ((kind)::text = 'tv series'::text)
Planning time: 61.389 ms
Execution time: 8.157 ms
