Aggregate  (cost=5530.17..5530.18 rows=1 width=192) (actual time=10.099..10.100 rows=1 loops=1)
  ->  Nested Loop  (cost=42.51..5530.15 rows=1 width=84) (actual time=0.814..10.029 rows=114 loops=1)
        ->  Nested Loop  (cost=42.37..5529.97 rows=1 width=88) (actual time=0.784..9.679 rows=342 loops=1)
              ->  Nested Loop  (cost=41.95..5529.52 rows=1 width=73) (actual time=0.781..8.995 rows=393 loops=1)
                    ->  Nested Loop  (cost=41.52..5528.91 rows=1 width=81) (actual time=0.777..8.611 rows=132 loops=1)
                          ->  Nested Loop  (cost=41.09..5528.38 rows=1 width=67) (actual time=0.771..8.472 rows=48 loops=1)
                                ->  Nested Loop  (cost=40.67..5527.94 rows=1 width=52) (actual time=0.765..8.356 rows=48 loops=1)
                                      ->  Nested Loop  (cost=40.24..5527.27 rows=1 width=60) (actual time=0.759..8.265 rows=21 loops=1)
                                            ->  Nested Loop  (cost=40.11..5526.51 rows=5 width=64) (actual time=0.757..8.228 rows=29 loops=1)
                                                  Join Filter: (ml.linked_movie_id = t2.id)
                                                  ->  Nested Loop  (cost=39.68..5517.16 rows=13 width=39) (actual time=0.738..8.052 rows=47 loops=1)
                                                        Join Filter: (kt1.id = t1.kind_id)
                                                        Rows Removed by Join Filter: 5
                                                        ->  Nested Loop  (cost=39.68..5514.72 rows=47 width=43) (actual time=0.734..8.027 rows=47 loops=1)
                                                              ->  Nested Loop  (cost=39.25..5304.63 rows=47 width=18) (actual time=0.727..7.863 rows=47 loops=1)
                                                                    Join Filter: (it2.id = mi_idx2.info_type_id)
                                                                    Rows Removed by Join Filter: 3033
                                                                    ->  Seq Scan on info_type it2  (cost=0.00..2.41 rows=1 width=4) (actual time=0.011..0.012 rows=1 loops=1)
                                                                          Filter: ((info)::text = 'rating'::text)
                                                                          Rows Removed by Filter: 112
                                                                    ->  Nested Loop  (cost=39.25..5263.71 rows=3080 width=22) (actual time=0.071..7.600 rows=3080 loops=1)
                                                                          ->  Nested Loop  (cost=38.82..470.30 rows=2315 width=8) (actual time=0.062..1.027 rows=2315 loops=1)
                                                                                ->  Seq Scan on link_type lt  (cost=0.00..1.25 rows=2 width=4) (actual time=0.002..0.006 rows=2 loops=1)
                                                                                      Filter: ((link)::text = ANY ('{sequel,follows,"followed by"}'::text[]))
                                                                                      Rows Removed by Filter: 16
                                                                                ->  Bitmap Heap Scan on movie_link ml  (cost=38.82..215.78 rows=1875 width=12) (actual time=0.054..0.336 rows=1158 loops=2)
                                                                                      Recheck Cond: (link_type_id = lt.id)
                                                                                      Heap Blocks: exact=191
                                                                                      ->  Bitmap Index Scan on link_type_id_movie_link  (cost=0.00..38.35 rows=1875 width=0) (actual time=0.042..0.042 rows=1158 loops=2)
                                                                                            Index Cond: (link_type_id = lt.id)
                                                                          ->  Index Scan using movie_id_movie_info_idx on movie_info_idx mi_idx2  (cost=0.43..2.05 rows=2 width=14) (actual time=0.002..0.002 rows=1 loops=2315)
                                                                                Index Cond: (movie_id = ml.linked_movie_id)
                                                                                Filter: (info < '3.5'::text)
                                                                                Rows Removed by Filter: 1
                                                              ->  Index Scan using title_pkey on title t1  (cost=0.43..4.47 rows=1 width=25) (actual time=0.003..0.003 rows=1 loops=47)
                                                                    Index Cond: (id = ml.movie_id)
                                                        ->  Materialize  (cost=0.00..1.10 rows=2 width=4) (actual time=0.000..0.000 rows=1 loops=47)
                                                              ->  Seq Scan on kind_type kt1  (cost=0.00..1.09 rows=2 width=4) (actual time=0.003..0.004 rows=2 loops=1)
                                                                    Filter: ((kind)::text = ANY ('{"tv series",episode}'::text[]))
                                                                    Rows Removed by Filter: 5
                                                  ->  Index Scan using title_pkey on title t2  (cost=0.43..0.71 rows=1 width=25) (actual time=0.003..0.003 rows=1 loops=47)
                                                        Index Cond: (id = mi_idx2.movie_id)
                                                        Filter: ((production_year >= 2000) AND (production_year <= 2010))
                                                        Rows Removed by Filter: 0
                                            ->  Index Scan using kind_type_pkey on kind_type kt2  (cost=0.13..0.15 rows=1 width=4) (actual time=0.001..0.001 rows=1 loops=29)
                                                  Index Cond: (id = t2.kind_id)
                                                  Filter: ((kind)::text = ANY ('{"tv series",episode}'::text[]))
                                                  Rows Removed by Filter: 0
                                      ->  Index Scan using movie_id_movie_companies on movie_companies mc2  (cost=0.43..0.62 rows=5 width=8) (actual time=0.003..0.004 rows=2 loops=21)
                                            Index Cond: (movie_id = t2.id)
                                ->  Index Scan using company_name_pkey on company_name cn2  (cost=0.42..0.44 rows=1 width=23) (actual time=0.002..0.002 rows=1 loops=48)
                                      Index Cond: (id = mc2.company_id)
                          ->  Index Scan using movie_id_movie_info_idx on movie_info_idx mi_idx1  (cost=0.43..0.50 rows=3 width=14) (actual time=0.002..0.002 rows=3 loops=48)
                                Index Cond: (movie_id = t1.id)
                    ->  Index Scan using movie_id_movie_companies on movie_companies mc1  (cost=0.43..0.56 rows=5 width=8) (actual time=0.001..0.002 rows=3 loops=132)
                          Index Cond: (movie_id = t1.id)
              ->  Index Scan using company_name_pkey on company_name cn1  (cost=0.42..0.45 rows=1 width=23) (actual time=0.001..0.001 rows=1 loops=393)
                    Index Cond: (id = mc1.company_id)
                    Filter: ((country_code)::text <> '[us]'::text)
                    Rows Removed by Filter: 0
        ->  Index Scan using info_type_pkey on info_type it1  (cost=0.14..0.16 rows=1 width=4) (actual time=0.001..0.001 rows=0 loops=342)
              Index Cond: (id = mi_idx1.info_type_id)
              Filter: ((info)::text = 'rating'::text)
              Rows Removed by Filter: 1
Planning time: 59.054 ms
Execution time: 10.192 ms
