Aggregate  (cost=11517.59..11517.60 rows=1 width=192) (actual time=10.675..10.675 rows=1 loops=1)
  ->  Nested Loop  (cost=42.51..11517.56 rows=2 width=84) (actual time=0.915..10.603 rows=114 loops=1)
        ->  Nested Loop  (cost=42.38..11516.34 rows=8 width=88) (actual time=0.912..10.462 rows=133 loops=1)
              ->  Nested Loop  (cost=41.96..11512.79 rows=8 width=73) (actual time=0.910..10.217 rows=133 loops=1)
                    ->  Nested Loop  (cost=41.54..11506.10 rows=15 width=58) (actual time=0.904..9.896 rows=150 loops=1)
                          ->  Nested Loop  (cost=41.11..11496.97 rows=15 width=66) (actual time=0.898..9.718 rows=51 loops=1)
                                Join Filter: (kt1.id = t1.kind_id)
                                ->  Nested Loop  (cost=41.11..11494.42 rows=51 width=70) (actual time=0.892..9.693 rows=51 loops=1)
                                      Join Filter: (ml.movie_id = t1.id)
                                      ->  Nested Loop  (cost=40.68..11464.31 rows=51 width=45) (actual time=0.887..9.577 rows=51 loops=1)
                                            ->  Nested Loop  (cost=40.25..11446.30 rows=27 width=53) (actual time=0.882..9.464 rows=27 loops=1)
                                                  Join Filter: (it1.id = mi_idx1.info_type_id)
                                                  Rows Removed by Join Filter: 54
                                                  ->  Nested Loop  (cost=39.82..11385.96 rows=29 width=47) (actual time=0.876..9.368 rows=29 loops=1)
                                                        Join Filter: (it2.id = mi_idx2.info_type_id)
                                                        Rows Removed by Join Filter: 1289
                                                        ->  Nested Loop  (cost=0.14..16.54 rows=1 width=8) (actual time=0.029..0.032 rows=1 loops=1)
                                                              ->  Index Scan using info_type_pkey on info_type it1  (cost=0.14..14.12 rows=1 width=4) (actual time=0.020..0.022 rows=1 loops=1)
                                                                    Filter: ((info)::text = 'rating'::text)
                                                                    Rows Removed by Filter: 112
                                                              ->  Seq Scan on info_type it2  (cost=0.00..2.41 rows=1 width=4) (actual time=0.008..0.010 rows=1 loops=1)
                                                                    Filter: ((info)::text = 'rating'::text)
                                                                    Rows Removed by Filter: 112
                                                        ->  Nested Loop  (cost=39.68..11352.94 rows=1318 width=47) (actual time=0.078..9.216 rows=1318 loops=1)
                                                              ->  Nested Loop  (cost=39.25..10830.31 rows=946 width=33) (actual time=0.070..6.524 rows=946 loops=1)
                                                                    ->  Nested Loop  (cost=38.82..470.30 rows=2315 width=8) (actual time=0.063..1.007 rows=2315 loops=1)
                                                                          ->  Seq Scan on link_type lt  (cost=0.00..1.25 rows=2 width=4) (actual time=0.002..0.006 rows=2 loops=1)
                                                                                Filter: ((link)::text = ANY ('{sequel,follows,"followed by"}'::text[]))
                                                                                Rows Removed by Filter: 16
                                                                          ->  Bitmap Heap Scan on movie_link ml  (cost=38.82..215.78 rows=1875 width=12) (actual time=0.054..0.321 rows=1158 loops=2)
                                                                                Recheck Cond: (link_type_id = lt.id)
                                                                                Heap Blocks: exact=191
                                                                                ->  Bitmap Index Scan on link_type_id_movie_link  (cost=0.00..38.35 rows=1875 width=0) (actual time=0.042..0.042 rows=1158 loops=2)
                                                                                      Index Cond: (link_type_id = lt.id)
                                                                    ->  Index Scan using title_pkey on title t2  (cost=0.43..4.48 rows=1 width=25) (actual time=0.002..0.002 rows=0 loops=2315)
                                                                          Index Cond: (id = ml.linked_movie_id)
                                                                          Filter: ((production_year >= 2000) AND (production_year <= 2010))
                                                                          Rows Removed by Filter: 1
                                                              ->  Index Scan using movie_id_movie_info_idx on movie_info_idx mi_idx2  (cost=0.43..0.53 rows=2 width=14) (actual time=0.002..0.002 rows=1 loops=946)
                                                                    Index Cond: (movie_id = t2.id)
                                                                    Filter: (info < '3.5'::text)
                                                                    Rows Removed by Filter: 1
                                                  ->  Index Scan using movie_id_movie_info_idx on movie_info_idx mi_idx1  (cost=0.43..2.04 rows=3 width=14) (actual time=0.002..0.003 rows=3 loops=29)
                                                        Index Cond: (movie_id = ml.movie_id)
                                            ->  Index Scan using movie_id_movie_companies on movie_companies mc2  (cost=0.43..0.62 rows=5 width=8) (actual time=0.003..0.004 rows=2 loops=27)
                                                  Index Cond: (movie_id = t2.id)
                                      ->  Index Scan using title_pkey on title t1  (cost=0.43..0.58 rows=1 width=25) (actual time=0.002..0.002 rows=1 loops=51)
                                            Index Cond: (id = mi_idx1.movie_id)
                                ->  Materialize  (cost=0.00..1.10 rows=2 width=4) (actual time=0.000..0.000 rows=1 loops=51)
                                      ->  Seq Scan on kind_type kt1  (cost=0.00..1.09 rows=2 width=4) (actual time=0.004..0.004 rows=1 loops=1)
                                            Filter: ((kind)::text = ANY ('{"tv series",episode}'::text[]))
                                            Rows Removed by Filter: 1
                          ->  Index Scan using movie_id_movie_companies on movie_companies mc1  (cost=0.43..0.56 rows=5 width=8) (actual time=0.002..0.003 rows=3 loops=51)
                                Index Cond: (movie_id = t1.id)
                    ->  Index Scan using company_name_pkey on company_name cn1  (cost=0.42..0.45 rows=1 width=23) (actual time=0.002..0.002 rows=1 loops=150)
                          Index Cond: (id = mc1.company_id)
                          Filter: ((country_code)::text <> '[us]'::text)
                          Rows Removed by Filter: 0
              ->  Index Scan using company_name_pkey on company_name cn2  (cost=0.42..0.44 rows=1 width=23) (actual time=0.001..0.001 rows=1 loops=133)
                    Index Cond: (id = mc2.company_id)
        ->  Index Scan using kind_type_pkey on kind_type kt2  (cost=0.13..0.15 rows=1 width=4) (actual time=0.001..0.001 rows=1 loops=133)
              Index Cond: (id = t2.kind_id)
              Filter: ((kind)::text = ANY ('{"tv series",episode}'::text[]))
              Rows Removed by Filter: 0
Planning time: 59.350 ms
Execution time: 10.776 ms
