Aggregate  (cost=5605.04..5605.05 rows=1 width=192) (actual time=9.408..9.408 rows=1 loops=1)
  ->  Nested Loop  (cost=42.38..5605.03 rows=1 width=84) (actual time=0.791..9.334 rows=114 loops=1)
        ->  Nested Loop  (cost=41.96..5604.59 rows=1 width=69) (actual time=0.788..9.108 rows=114 loops=1)
              ->  Nested Loop  (cost=41.53..5603.92 rows=1 width=77) (actual time=0.784..8.955 rows=46 loops=1)
                    Join Filter: (it1.id = mi_idx1.info_type_id)
                    Rows Removed by Join Filter: 92
                    ->  Nested Loop  (cost=41.10..5602.31 rows=3 width=87) (actual time=0.779..8.821 rows=49 loops=1)
                          Join Filter: (t2.kind_id = kt2.id)
                          Rows Removed by Join Filter: 52
                          ->  Nested Loop  (cost=41.10..5600.91 rows=11 width=91) (actual time=0.777..8.784 rows=75 loops=1)
                                Join Filter: (ml.linked_movie_id = t2.id)
                                ->  Nested Loop  (cost=40.67..5582.20 rows=26 width=66) (actual time=0.771..8.531 rows=98 loops=1)
                                      ->  Nested Loop  (cost=40.25..5560.35 rows=49 width=51) (actual time=0.748..8.219 rows=126 loops=1)
                                            ->  Nested Loop  (cost=39.82..5531.75 rows=47 width=43) (actual time=0.741..8.016 rows=47 loops=1)
                                                  ->  Index Scan using info_type_pkey on info_type it1  (cost=0.14..14.12 rows=1 width=4) (actual time=0.017..0.019 rows=1 loops=1)
                                                        Filter: ((info)::text = 'rating'::text)
                                                        Rows Removed by Filter: 112
                                                  ->  Nested Loop  (cost=39.68..5517.16 rows=47 width=39) (actual time=0.724..7.986 rows=47 loops=1)
                                                        Join Filter: (t1.kind_id = kt1.id)
                                                        Rows Removed by Join Filter: 5
                                                        ->  Nested Loop  (cost=39.68..5514.72 rows=47 width=43) (actual time=0.718..7.959 rows=47 loops=1)
                                                              ->  Nested Loop  (cost=39.25..5304.63 rows=47 width=18) (actual time=0.712..7.801 rows=47 loops=1)
                                                                    Join Filter: (mi_idx2.info_type_id = it2.id)
                                                                    Rows Removed by Join Filter: 3033
                                                                    ->  Seq Scan on info_type it2  (cost=0.00..2.41 rows=1 width=4) (actual time=0.008..0.009 rows=1 loops=1)
                                                                          Filter: ((info)::text = 'rating'::text)
                                                                          Rows Removed by Filter: 112
                                                                    ->  Nested Loop  (cost=39.25..5263.71 rows=3080 width=22) (actual time=0.069..7.539 rows=3080 loops=1)
                                                                          ->  Nested Loop  (cost=38.82..470.30 rows=2315 width=8) (actual time=0.061..1.088 rows=2315 loops=1)
                                                                                ->  Seq Scan on link_type lt  (cost=0.00..1.25 rows=2 width=4) (actual time=0.002..0.006 rows=2 loops=1)
                                                                                      Filter: ((link)::text = ANY ('{sequel,follows,"followed by"}'::text[]))
                                                                                      Rows Removed by Filter: 16
                                                                                ->  Bitmap Heap Scan on movie_link ml  (cost=38.82..215.78 rows=1875 width=12) (actual time=0.055..0.361 rows=1158 loops=2)
                                                                                      Recheck Cond: (link_type_id = lt.id)
                                                                                      Heap Blocks: exact=191
                                                                                      ->  Bitmap Index Scan on link_type_id_movie_link  (cost=0.00..38.35 rows=1875 width=0) (actual time=0.043..0.043 rows=1158 loops=2)
                                                                                            Index Cond: (link_type_id = lt.id)
                                                                          ->  Index Scan using movie_id_movie_info_idx on movie_info_idx mi_idx2  (cost=0.43..2.05 rows=2 width=14) (actual time=0.002..0.002 rows=1 loops=2315)
                                                                                Index Cond: (movie_id = ml.linked_movie_id)
                                                                                Filter: (info < '3.5'::text)
                                                                                Rows Removed by Filter: 1
                                                              ->  Index Scan using title_pkey on title t1  (cost=0.43..4.47 rows=1 width=25) (actual time=0.003..0.003 rows=1 loops=47)
                                                                    Index Cond: (id = ml.movie_id)
                                                        ->  Materialize  (cost=0.00..1.10 rows=2 width=4) (actual time=0.000..0.000 rows=1 loops=47)
                                                              ->  Seq Scan on kind_type kt1  (cost=0.00..1.09 rows=2 width=4) (actual time=0.003..0.004 rows=2 loops=1)
                                                                    Filter: ((kind)::text = ANY ('{"tv series",episode}'::text[]))
                                                                    Rows Removed by Filter: 5
                                            ->  Index Scan using movie_id_movie_companies on movie_companies mc1  (cost=0.43..0.56 rows=5 width=8) (actual time=0.003..0.004 rows=3 loops=47)
                                                  Index Cond: (movie_id = t1.id)
                                      ->  Index Scan using company_name_pkey on company_name cn1  (cost=0.42..0.45 rows=1 width=23) (actual time=0.002..0.002 rows=1 loops=126)
                                            Index Cond: (id = mc1.company_id)
                                            Filter: ((country_code)::text <> '[us]'::text)
                                            Rows Removed by Filter: 0
                                ->  Index Scan using title_pkey on title t2  (cost=0.43..0.71 rows=1 width=25) (actual time=0.002..0.002 rows=1 loops=98)
                                      Index Cond: (id = mi_idx2.movie_id)
                                      Filter: ((production_year >= 2000) AND (production_year <= 2010))
                                      Rows Removed by Filter: 0
                          ->  Materialize  (cost=0.00..1.10 rows=2 width=4) (actual time=0.000..0.000 rows=1 loops=75)
                                ->  Seq Scan on kind_type kt2  (cost=0.00..1.09 rows=2 width=4) (actual time=0.001..0.003 rows=2 loops=1)
                                      Filter: ((kind)::text = ANY ('{"tv series",episode}'::text[]))
                                      Rows Removed by Filter: 5
                    ->  Index Scan using movie_id_movie_info_idx on movie_info_idx mi_idx1  (cost=0.43..0.50 rows=3 width=14) (actual time=0.002..0.002 rows=3 loops=49)
                          Index Cond: (movie_id = t1.id)
              ->  Index Scan using movie_id_movie_companies on movie_companies mc2  (cost=0.43..0.62 rows=5 width=8) (actual time=0.002..0.003 rows=2 loops=46)
                    Index Cond: (movie_id = t2.id)
        ->  Index Scan using company_name_pkey on company_name cn2  (cost=0.42..0.44 rows=1 width=23) (actual time=0.002..0.002 rows=1 loops=114)
              Index Cond: (id = mc2.company_id)
Planning time: 59.139 ms
Execution time: 9.501 ms
