Aggregate  (cost=7099.12..7099.13 rows=1 width=192) (actual time=96.892..96.893 rows=1 loops=1)
  ->  Nested Loop  (cost=5.29..7099.08 rows=3 width=84) (actual time=13.386..96.810 rows=114 loops=1)
        Join Filter: (t2.kind_id = kt2.id)
        Rows Removed by Join Filter: 38
        ->  Nested Loop  (cost=5.29..7097.72 rows=9 width=88) (actual time=11.352..96.751 rows=133 loops=1)
              Join Filter: (ml.linked_movie_id = t2.id)
              ->  Nested Loop  (cost=4.86..7085.98 rows=22 width=79) (actual time=11.345..96.321 rows=218 loops=1)
                    ->  Nested Loop  (cost=4.44..7076.22 rows=22 width=64) (actual time=11.339..95.873 rows=218 loops=1)
                          Join Filter: (ml.linked_movie_id = mc2.movie_id)
                          ->  Nested Loop  (cost=4.01..7073.31 rows=4 width=56) (actual time=11.331..95.543 rows=91 loops=1)
                                Join Filter: (it2.id = mi_idx2.info_type_id)
                                Rows Removed by Join Filter: 9877
                                ->  Nested Loop  (cost=3.58..6394.60 rows=327 width=50) (actual time=0.144..78.641 rows=7279 loops=1)
                                      ->  Seq Scan on info_type it2  (cost=0.00..2.41 rows=1 width=4) (actual time=0.012..0.015 rows=1 loops=1)
                                            Filter: ((info)::text = 'rating'::text)
                                            Rows Removed by Filter: 112
                                      ->  Nested Loop  (cost=3.58..6388.91 rows=327 width=46) (actual time=0.131..77.420 rows=7279 loops=1)
                                            ->  Nested Loop  (cost=3.16..6117.36 rows=609 width=31) (actual time=0.126..60.364 rows=9674 loops=1)
                                                  ->  Nested Loop  (cost=2.73..5758.32 rows=590 width=39) (actual time=0.122..53.018 rows=2064 loops=1)
                                                        Join Filter: (kt1.id = t1.kind_id)
                                                        Rows Removed by Join Filter: 844
                                                        ->  Nested Loop  (cost=2.73..5698.26 rows=2064 width=43) (actual time=0.119..52.165 rows=2064 loops=1)
                                                              Join Filter: (ml.movie_id = t1.id)
                                                              ->  Hash Join  (cost=2.30..4479.67 rows=2064 width=18) (actual time=0.112..47.934 rows=2064 loops=1)
                                                                    Hash Cond: (ml.link_type_id = lt.id)
                                                                    ->  Merge Join  (cost=1.03..4224.96 rows=20890 width=22) (actual time=0.024..45.672 rows=20890 loops=1)
                                                                          Merge Cond: (mi_idx1.movie_id = ml.movie_id)
                                                                          ->  Nested Loop  (cost=0.43..64507.12 rows=459925 width=10) (actual time=0.018..34.158 rows=21301 loops=1)
                                                                                Join Filter: (it1.id = mi_idx1.info_type_id)
                                                                                Rows Removed by Join Filter: 42602
                                                                                ->  Index Scan using movie_id_movie_info_idx on movie_info_idx mi_idx1  (cost=0.43..43804.18 rows=1380035 width=14) (actual time=0.006..10.378 rows=63903 loops=1)
                                                                                ->  Materialize  (cost=0.00..2.42 rows=1 width=4) (actual time=0.000..0.000 rows=1 loops=63903)
                                                                                      ->  Seq Scan on info_type it1  (cost=0.00..2.41 rows=1 width=4) (actual time=0.007..0.008 rows=1 loops=1)
                                                                                            Filter: ((info)::text = 'rating'::text)
                                                                                            Rows Removed by Filter: 112
                                                                          ->  Index Scan using movie_id_movie_link on movie_link ml  (cost=0.29..959.51 rows=29997 width=12) (actual time=0.004..4.744 rows=29997 loops=1)
                                                                    ->  Hash  (cost=1.25..1.25 rows=2 width=4) (actual time=0.006..0.006 rows=2 loops=1)
                                                                          Buckets: 1024  Batches: 1  Memory Usage: 9kB
                                                                          ->  Seq Scan on link_type lt  (cost=0.00..1.25 rows=2 width=4) (actual time=0.002..0.005 rows=2 loops=1)
                                                                                Filter: ((link)::text = ANY ('{sequel,follows,"followed by"}'::text[]))
                                                                                Rows Removed by Filter: 16
                                                              ->  Index Scan using title_pkey on title t1  (cost=0.43..0.58 rows=1 width=25) (actual time=0.002..0.002 rows=1 loops=2064)
                                                                    Index Cond: (id = mi_idx1.movie_id)
                                                        ->  Materialize  (cost=0.00..1.10 rows=2 width=4) (actual time=0.000..0.000 rows=1 loops=2064)
                                                              ->  Seq Scan on kind_type kt1  (cost=0.00..1.09 rows=2 width=4) (actual time=0.002..0.004 rows=2 loops=1)
                                                                    Filter: ((kind)::text = ANY ('{"tv series",episode}'::text[]))
                                                                    Rows Removed by Filter: 5
                                                  ->  Index Scan using movie_id_movie_companies on movie_companies mc1  (cost=0.43..0.56 rows=5 width=8) (actual time=0.002..0.003 rows=5 loops=2064)
                                                        Index Cond: (movie_id = t1.id)
                                            ->  Index Scan using company_name_pkey on company_name cn1  (cost=0.42..0.45 rows=1 width=23) (actual time=0.001..0.001 rows=1 loops=9674)
                                                  Index Cond: (id = mc1.company_id)
                                                  Filter: ((country_code)::text <> '[us]'::text)
                                                  Rows Removed by Filter: 0
                                ->  Index Scan using movie_id_movie_info_idx on movie_info_idx mi_idx2  (cost=0.43..2.05 rows=2 width=14) (actual time=0.001..0.002 rows=1 loops=7279)
                                      Index Cond: (movie_id = ml.linked_movie_id)
                                      Filter: (info < '3.5'::text)
                                      Rows Removed by Filter: 1
                          ->  Index Scan using movie_id_movie_companies on movie_companies mc2  (cost=0.43..0.66 rows=5 width=8) (actual time=0.002..0.003 rows=2 loops=91)
                                Index Cond: (movie_id = mi_idx2.movie_id)
                    ->  Index Scan using company_name_pkey on company_name cn2  (cost=0.42..0.44 rows=1 width=23) (actual time=0.002..0.002 rows=1 loops=218)
                          Index Cond: (id = mc2.company_id)
              ->  Index Scan using title_pkey on title t2  (cost=0.43..0.52 rows=1 width=25) (actual time=0.002..0.002 rows=1 loops=218)
                    Index Cond: (id = mc2.movie_id)
                    Filter: ((production_year >= 2000) AND (production_year <= 2010))
                    Rows Removed by Filter: 0
        ->  Materialize  (cost=0.00..1.10 rows=2 width=4) (actual time=0.000..0.000 rows=1 loops=133)
              ->  Seq Scan on kind_type kt2  (cost=0.00..1.09 rows=2 width=4) (actual time=0.004..0.005 rows=2 loops=1)
                    Filter: ((kind)::text = ANY ('{"tv series",episode}'::text[]))
                    Rows Removed by Filter: 5
Planning time: 59.107 ms
Execution time: 96.990 ms
