Aggregate  (cost=5820.65..5820.66 rows=1 width=192) (actual time=9.044..9.044 rows=1 loops=1)
  ->  Nested Loop  (cost=42.38..5820.16 rows=33 width=84) (actual time=0.762..8.965 rows=114 loops=1)
        Join Filter: (t1.kind_id = kt1.id)
        ->  Nested Loop  (cost=42.38..5815.80 rows=114 width=88) (actual time=0.760..8.927 rows=114 loops=1)
              ->  Nested Loop  (cost=41.96..5765.26 rows=114 width=73) (actual time=0.758..8.696 rows=114 loops=1)
                    ->  Nested Loop  (cost=41.53..5734.57 rows=46 width=81) (actual time=0.754..8.550 rows=46 loops=1)
                          Join Filter: (kt2.id = t2.kind_id)
                          Rows Removed by Join Filter: 52
                          ->  Nested Loop  (cost=41.53..5731.42 rows=72 width=85) (actual time=0.748..8.510 rows=72 loops=1)
                                Join Filter: (ml.linked_movie_id = t2.id)
                                ->  Nested Loop  (cost=41.10..5665.93 rows=91 width=60) (actual time=0.743..8.291 rows=91 loops=1)
                                      Join Filter: (it1.id = mi_idx1.info_type_id)
                                      Rows Removed by Join Filter: 182
                                      ->  Nested Loop  (cost=40.67..5613.40 rows=98 width=70) (actual time=0.737..8.040 rows=98 loops=1)
                                            Join Filter: (ml.movie_id = t1.id)
                                            ->  Nested Loop  (cost=40.24..5561.56 rows=98 width=45) (actual time=0.732..7.815 rows=98 loops=1)
                                                  ->  Nested Loop  (cost=39.82..5505.37 rows=126 width=30) (actual time=0.705..7.518 rows=126 loops=1)
                                                        ->  Nested Loop  (cost=39.39..5318.76 rows=47 width=22) (actual time=0.700..7.316 rows=47 loops=1)
                                                              Join Filter: (it2.id = mi_idx2.info_type_id)
                                                              Rows Removed by Join Filter: 3033
                                                              ->  Nested Loop  (cost=0.14..16.54 rows=1 width=8) (actual time=0.026..0.029 rows=1 loops=1)
                                                                    ->  Index Scan using info_type_pkey on info_type it1  (cost=0.14..14.12 rows=1 width=4) (actual time=0.017..0.019 rows=1 loops=1)
                                                                          Filter: ((info)::text = 'rating'::text)
                                                                          Rows Removed by Filter: 112
                                                                    ->  Seq Scan on info_type it2  (cost=0.00..2.41 rows=1 width=4) (actual time=0.008..0.009 rows=1 loops=1)
                                                                          Filter: ((info)::text = 'rating'::text)
                                                                          Rows Removed by Filter: 112
                                                              ->  Nested Loop  (cost=39.25..5263.71 rows=3080 width=22) (actual time=0.067..7.040 rows=3080 loops=1)
                                                                    ->  Nested Loop  (cost=38.82..470.30 rows=2315 width=8) (actual time=0.060..0.960 rows=2315 loops=1)
                                                                          ->  Seq Scan on link_type lt  (cost=0.00..1.25 rows=2 width=4) (actual time=0.002..0.005 rows=2 loops=1)
                                                                                Filter: ((link)::text = ANY ('{sequel,follows,"followed by"}'::text[]))
                                                                                Rows Removed by Filter: 16
                                                                          ->  Bitmap Heap Scan on movie_link ml  (cost=38.82..215.78 rows=1875 width=12) (actual time=0.053..0.310 rows=1158 loops=2)
                                                                                Recheck Cond: (link_type_id = lt.id)
                                                                                Heap Blocks: exact=191
                                                                                ->  Bitmap Index Scan on link_type_id_movie_link  (cost=0.00..38.35 rows=1875 width=0) (actual time=0.041..0.041 rows=1158 loops=2)
                                                                                      Index Cond: (link_type_id = lt.id)
                                                                    ->  Index Scan using movie_id_movie_info_idx on movie_info_idx mi_idx2  (cost=0.43..2.05 rows=2 width=14) (actual time=0.002..0.002 rows=1 loops=2315)
                                                                          Index Cond: (movie_id = ml.linked_movie_id)
                                                                          Filter: (info < '3.5'::text)
                                                                          Rows Removed by Filter: 1
                                                        ->  Index Scan using movie_id_movie_companies on movie_companies mc1  (cost=0.43..3.92 rows=5 width=8) (actual time=0.003..0.004 rows=3 loops=47)
                                                              Index Cond: (movie_id = ml.movie_id)
                                                  ->  Index Scan using company_name_pkey on company_name cn1  (cost=0.42..0.45 rows=1 width=23) (actual time=0.002..0.002 rows=1 loops=126)
                                                        Index Cond: (id = mc1.company_id)
                                                        Filter: ((country_code)::text <> '[us]'::text)
                                                        Rows Removed by Filter: 0
                                            ->  Index Scan using title_pkey on title t1  (cost=0.43..0.52 rows=1 width=25) (actual time=0.002..0.002 rows=1 loops=98)
                                                  Index Cond: (id = mc1.movie_id)
                                      ->  Index Scan using movie_id_movie_info_idx on movie_info_idx mi_idx1  (cost=0.43..0.50 rows=3 width=14) (actual time=0.002..0.002 rows=3 loops=98)
                                            Index Cond: (movie_id = t1.id)
                                ->  Index Scan using title_pkey on title t2  (cost=0.43..0.71 rows=1 width=25) (actual time=0.002..0.002 rows=1 loops=91)
                                      Index Cond: (id = mi_idx2.movie_id)
                                      Filter: ((production_year >= 2000) AND (production_year <= 2010))
                                      Rows Removed by Filter: 0
                          ->  Materialize  (cost=0.00..1.10 rows=2 width=4) (actual time=0.000..0.000 rows=1 loops=72)
                                ->  Seq Scan on kind_type kt2  (cost=0.00..1.09 rows=2 width=4) (actual time=0.003..0.005 rows=2 loops=1)
                                      Filter: ((kind)::text = ANY ('{"tv series",episode}'::text[]))
                                      Rows Removed by Filter: 5
                    ->  Index Scan using movie_id_movie_companies on movie_companies mc2  (cost=0.43..0.62 rows=5 width=8) (actual time=0.002..0.002 rows=2 loops=46)
                          Index Cond: (movie_id = t2.id)
              ->  Index Scan using company_name_pkey on company_name cn2  (cost=0.42..0.44 rows=1 width=23) (actual time=0.002..0.002 rows=1 loops=114)
                    Index Cond: (id = mc2.company_id)
        ->  Materialize  (cost=0.00..1.10 rows=2 width=4) (actual time=0.000..0.000 rows=1 loops=114)
              ->  Seq Scan on kind_type kt1  (cost=0.00..1.09 rows=2 width=4) (actual time=0.001..0.001 rows=1 loops=1)
                    Filter: ((kind)::text = ANY ('{"tv series",episode}'::text[]))
                    Rows Removed by Filter: 1
Planning time: 58.668 ms
Execution time: 9.136 ms
