Aggregate  (cost=5855.41..5855.42 rows=1 width=192) (actual time=10.347..10.347 rows=1 loops=1)
  ->  Nested Loop  (cost=42.37..5855.39 rows=1 width=84) (actual time=0.760..10.276 rows=114 loops=1)
        ->  Nested Loop  (cost=41.95..5854.95 rows=1 width=69) (actual time=0.757..10.016 rows=131 loops=1)
              ->  Nested Loop  (cost=41.81..5854.78 rows=1 width=73) (actual time=0.754..9.857 rows=150 loops=1)
                    Join Filter: (ml.linked_movie_id = t2.id)
                    ->  Nested Loop  (cost=41.38..5854.25 rows=1 width=64) (actual time=0.719..9.328 rows=293 loops=1)
                          Join Filter: (mi_idx1.info_type_id = it1.id)
                          Rows Removed by Join Filter: 586
                          ->  Seq Scan on info_type it1  (cost=0.00..2.41 rows=1 width=4) (actual time=0.011..0.012 rows=1 loops=1)
                                Filter: ((info)::text = 'rating'::text)
                                Rows Removed by Filter: 112
                          ->  Nested Loop  (cost=41.38..5851.63 rows=16 width=68) (actual time=0.706..9.213 rows=879 loops=1)
                                ->  Nested Loop  (cost=40.96..5836.31 rows=29 width=70) (actual time=0.703..8.463 rows=316 loops=1)
                                      ->  Nested Loop  (cost=40.53..5819.27 rows=28 width=62) (actual time=0.700..8.125 rows=97 loops=1)
                                            Join Filter: (kt1.id = t1.kind_id)
                                            Rows Removed by Join Filter: 12
                                            ->  Nested Loop  (cost=40.53..5815.40 rows=97 width=66) (actual time=0.695..8.082 rows=97 loops=1)
                                                  ->  Nested Loop  (cost=40.10..5381.80 rows=97 width=41) (actual time=0.688..7.843 rows=97 loops=1)
                                                        ->  Nested Loop  (cost=39.68..5338.79 rows=97 width=26) (actual time=0.683..7.584 rows=97 loops=1)
                                                              Join Filter: (ml.linked_movie_id = mc2.movie_id)
                                                              ->  Nested Loop  (cost=39.25..5304.63 rows=47 width=18) (actual time=0.678..7.381 rows=47 loops=1)
                                                                    Join Filter: (it2.id = mi_idx2.info_type_id)
                                                                    Rows Removed by Join Filter: 3033
                                                                    ->  Seq Scan on info_type it2  (cost=0.00..2.41 rows=1 width=4) (actual time=0.007..0.008 rows=1 loops=1)
                                                                          Filter: ((info)::text = 'rating'::text)
                                                                          Rows Removed by Filter: 112
                                                                    ->  Nested Loop  (cost=39.25..5263.71 rows=3080 width=22) (actual time=0.068..7.106 rows=3080 loops=1)
                                                                          ->  Nested Loop  (cost=38.82..470.30 rows=2315 width=8) (actual time=0.061..0.972 rows=2315 loops=1)
                                                                                ->  Seq Scan on link_type lt  (cost=0.00..1.25 rows=2 width=4) (actual time=0.002..0.006 rows=2 loops=1)
                                                                                      Filter: ((link)::text = ANY ('{sequel,follows,"followed by"}'::text[]))
                                                                                      Rows Removed by Filter: 16
                                                                                ->  Bitmap Heap Scan on movie_link ml  (cost=38.82..215.78 rows=1875 width=12) (actual time=0.052..0.312 rows=1158 loops=2)
                                                                                      Recheck Cond: (link_type_id = lt.id)
                                                                                      Heap Blocks: exact=191
                                                                                      ->  Bitmap Index Scan on link_type_id_movie_link  (cost=0.00..38.35 rows=1875 width=0) (actual time=0.040..0.040 rows=1158 loops=2)
                                                                                            Index Cond: (link_type_id = lt.id)
                                                                          ->  Index Scan using movie_id_movie_info_idx on movie_info_idx mi_idx2  (cost=0.43..2.05 rows=2 width=14) (actual time=0.002..0.002 rows=1 loops=2315)
                                                                                Index Cond: (movie_id = ml.linked_movie_id)
                                                                                Filter: (info < '3.5'::text)
                                                                                Rows Removed by Filter: 1
                                                              ->  Index Scan using movie_id_movie_companies on movie_companies mc2  (cost=0.43..0.66 rows=5 width=8) (actual time=0.003..0.004 rows=2 loops=47)
                                                                    Index Cond: (movie_id = mi_idx2.movie_id)
                                                        ->  Index Scan using company_name_pkey on company_name cn2  (cost=0.42..0.44 rows=1 width=23) (actual time=0.002..0.002 rows=1 loops=97)
                                                              Index Cond: (id = mc2.company_id)
                                                  ->  Index Scan using title_pkey on title t1  (cost=0.43..4.47 rows=1 width=25) (actual time=0.002..0.002 rows=1 loops=97)
                                                        Index Cond: (id = ml.movie_id)
                                            ->  Materialize  (cost=0.00..1.10 rows=2 width=4) (actual time=0.000..0.000 rows=1 loops=97)
                                                  ->  Seq Scan on kind_type kt1  (cost=0.00..1.09 rows=2 width=4) (actual time=0.003..0.004 rows=2 loops=1)
                                                        Filter: ((kind)::text = ANY ('{"tv series",episode}'::text[]))
                                                        Rows Removed by Filter: 5
                                      ->  Index Scan using movie_id_movie_companies on movie_companies mc1  (cost=0.43..0.56 rows=5 width=8) (actual time=0.002..0.003 rows=3 loops=97)
                                            Index Cond: (movie_id = t1.id)
                                ->  Index Scan using movie_id_movie_info_idx on movie_info_idx mi_idx1  (cost=0.43..0.50 rows=3 width=14) (actual time=0.001..0.002 rows=3 loops=316)
                                      Index Cond: (movie_id = t1.id)
                    ->  Index Scan using title_pkey on title t2  (cost=0.43..0.52 rows=1 width=25) (actual time=0.002..0.002 rows=1 loops=293)
                          Index Cond: (id = mc2.movie_id)
                          Filter: ((production_year >= 2000) AND (production_year <= 2010))
                          Rows Removed by Filter: 0
              ->  Index Scan using kind_type_pkey on kind_type kt2  (cost=0.13..0.15 rows=1 width=4) (actual time=0.001..0.001 rows=1 loops=150)
                    Index Cond: (id = t2.kind_id)
                    Filter: ((kind)::text = ANY ('{"tv series",episode}'::text[]))
                    Rows Removed by Filter: 0
        ->  Index Scan using company_name_pkey on company_name cn1  (cost=0.42..0.45 rows=1 width=23) (actual time=0.002..0.002 rows=1 loops=131)
              Index Cond: (id = mc1.company_id)
              Filter: ((country_code)::text <> '[us]'::text)
              Rows Removed by Filter: 0
Planning time: 58.841 ms
Execution time: 10.439 ms
