Aggregate  (cost=16580.38..16580.39 rows=1 width=32) (actual time=108.668..108.668 rows=1 loops=1)
  ->  Nested Loop  (cost=7.61..16580.19 rows=77 width=17) (actual time=3.134..108.603 rows=206 loops=1)
        Join Filter: (t.id = mi.movie_id)
        ->  Nested Loop  (cost=7.17..16269.69 rows=177 width=25) (actual time=2.732..61.764 rows=2235 loops=1)
              ->  Nested Loop  (cost=6.74..16055.17 rows=438 width=4) (actual time=2.351..29.326 rows=12951 loops=1)
                    ->  Seq Scan on keyword k  (cost=0.00..2626.12 rows=13 width=4) (actual time=0.880..16.025 rows=30 loops=1)
                          Filter: (keyword ~~ '%sequel%'::text)
                          Rows Removed by Filter: 134140
                    ->  Bitmap Heap Scan on movie_keyword mk  (cost=6.74..1030.02 rows=298 width=8) (actual time=0.064..0.378 rows=432 loops=30)
                          Recheck Cond: (keyword_id = k.id)
                          Heap Blocks: exact=6979
                          ->  Bitmap Index Scan on keyword_id_movie_keyword  (cost=0.00..6.67 rows=298 width=0) (actual time=0.033..0.033 rows=432 loops=30)
                                Index Cond: (keyword_id = k.id)
              ->  Index Scan using title_pkey on title t  (cost=0.43..0.49 rows=1 width=21) (actual time=0.002..0.002 rows=0 loops=12951)
                    Index Cond: (id = mk.movie_id)
                    Filter: (production_year > 2005)
                    Rows Removed by Filter: 1
        ->  Index Scan using movie_id_movie_info on movie_info mi  (cost=0.43..1.74 rows=1 width=4) (actual time=0.020..0.021 rows=0 loops=2235)
              Index Cond: (movie_id = mk.movie_id)
              Filter: (info = ANY ('{Sweden,Norway,Germany,Denmark,Swedish,Denish,Norwegian,German}'::text[]))
              Rows Removed by Filter: 45
Planning time: 0.702 ms
Execution time: 108.706 ms
