Aggregate  (cost=19586.19..19586.20 rows=1 width=64) (actual time=103.016..103.016 rows=1 loops=1)
  ->  Nested Loop  (cost=5104.14..19586.18 rows=1 width=23) (actual time=55.296..103.001 rows=6 loops=1)
        ->  Nested Loop  (cost=5103.72..19382.31 rows=462 width=27) (actual time=19.619..100.199 rows=1070 loops=1)
              ->  Nested Loop  (cost=5103.29..19284.84 rows=47 width=31) (actual time=16.814..99.511 rows=72 loops=1)
                    ->  Nested Loop  (cost=5102.86..17195.56 rows=305 width=10) (actual time=16.802..98.402 rows=305 loops=1)
                          ->  Seq Scan on info_type it  (cost=0.00..2.41 rows=1 width=4) (actual time=0.009..0.012 rows=1 loops=1)
                                Filter: ((info)::text = 'rating'::text)
                                Rows Removed by Filter: 112
                          ->  Bitmap Heap Scan on movie_info_idx mi_idx  (cost=5102.86..17177.96 rows=1518 width=14) (actual time=16.791..98.329 rows=305 loops=1)
                                Recheck Cond: (info_type_id = it.id)
                                Filter: (info > '9.0'::text)
                                Rows Removed by Filter: 459620
                                Heap Blocks: exact=7934
                                ->  Bitmap Index Scan on info_type_id_movie_info_idx  (cost=0.00..5102.48 rows=276007 width=0) (actual time=14.903..14.903 rows=459925 loops=1)
                                      Index Cond: (info_type_id = it.id)
                    ->  Index Scan using title_pkey on title t  (cost=0.43..6.85 rows=1 width=21) (actual time=0.003..0.003 rows=0 loops=305)
                          Index Cond: (id = mi_idx.movie_id)
                          Filter: (production_year > 2010)
                          Rows Removed by Filter: 1
              ->  Index Scan using movie_id_movie_keyword on movie_keyword mk  (cost=0.43..1.61 rows=46 width=8) (actual time=0.004..0.007 rows=15 loops=72)
                    Index Cond: (movie_id = t.id)
        ->  Index Scan using keyword_pkey on keyword k  (cost=0.42..0.44 rows=1 width=4) (actual time=0.002..0.002 rows=0 loops=1070)
              Index Cond: (id = mk.keyword_id)
              Filter: (keyword ~~ '%sequel%'::text)
              Rows Removed by Filter: 1
Planning time: 0.786 ms
Execution time: 103.058 ms
