Aggregate  (cost=88614.11..88614.12 rows=1 width=32) (actual time=202.755..202.756 rows=1 loops=1)
  ->  Nested Loop  (cost=1.44..88612.26 rows=740 width=17) (actual time=202.753..202.753 rows=0 loops=1)
        ->  Nested Loop  (cost=1.29..88493.94 rows=740 width=21) (actual time=202.753..202.753 rows=0 loops=1)
              ->  Nested Loop  (cost=0.86..82784.86 rows=2406 width=25) (actual time=202.752..202.752 rows=0 loops=1)
                    ->  Nested Loop  (cost=0.43..53077.28 rows=6006 width=4) (actual time=202.752..202.752 rows=0 loops=1)
                          ->  Seq Scan on company_type ct  (cost=0.00..1.05 rows=1 width=4) (actual time=0.003..0.006 rows=1 loops=1)
                                Filter: ((kind)::text = 'production companies'::text)
                                Rows Removed by Filter: 3
                          ->  Index Scan using company_type_id_movie_companies on movie_companies mc  (cost=0.43..53067.12 rows=911 width=8) (actual time=202.744..202.744 rows=0 loops=1)
                                Index Cond: (company_type_id = ct.id)
                                Filter: ((note ~~ '%(theatrical)%'::text) AND (note ~~ '%(France)%'::text))
                                Rows Removed by Filter: 1334883
                    ->  Index Scan using title_pkey on title t  (cost=0.43..4.95 rows=1 width=21) (never executed)
                          Index Cond: (id = mc.movie_id)
                          Filter: (production_year > 2005)
              ->  Index Scan using movie_id_movie_info on movie_info mi  (cost=0.43..2.36 rows=1 width=8) (never executed)
                    Index Cond: (movie_id = t.id)
                    Filter: (info = ANY ('{Sweden,Norway,Germany,Denmark,Swedish,Denish,Norwegian,German}'::text[]))
        ->  Index Only Scan using info_type_pkey on info_type it  (cost=0.14..0.16 rows=1 width=4) (never executed)
              Index Cond: (id = mi.info_type_id)
              Heap Fetches: 0
Planning time: 0.926 ms
Execution time: 202.796 ms
