Aggregate  (cost=53088.14..53088.15 rows=1 width=32) (actual time=203.172..203.172 rows=1 loops=1)
  ->  Nested Loop  (cost=1.29..53088.14 rows=1 width=17) (actual time=203.170..203.170 rows=0 loops=1)
        Join Filter: (mi.info_type_id = it.id)
        ->  Nested Loop  (cost=1.29..53084.60 rows=1 width=21) (actual time=203.169..203.169 rows=0 loops=1)
              ->  Nested Loop  (cost=0.86..53082.23 rows=0 width=25) (actual time=203.169..203.169 rows=0 loops=1)
                    ->  Nested Loop  (cost=0.43..53077.28 rows=0 width=4) (actual time=203.169..203.169 rows=0 loops=1)
                          ->  Seq Scan on company_type ct  (cost=0.00..1.05 rows=1 width=4) (actual time=0.003..0.006 rows=1 loops=1)
                                Filter: ((kind)::text = 'production companies'::text)
                                Rows Removed by Filter: 3
                          ->  Index Scan using company_type_id_movie_companies on movie_companies mc  (cost=0.43..53067.12 rows=911 width=8) (actual time=203.161..203.161 rows=0 loops=1)
                                Index Cond: (company_type_id = ct.id)
                                Filter: ((note ~~ '%(theatrical)%'::text) AND (note ~~ '%(France)%'::text))
                                Rows Removed by Filter: 1334883
                    ->  Index Scan using title_pkey on title t  (cost=0.43..4.95 rows=1 width=21) (never executed)
                          Index Cond: (id = mc.movie_id)
                          Filter: (production_year > 2005)
              ->  Index Scan using movie_id_movie_info on movie_info mi  (cost=0.43..2.36 rows=1 width=8) (never executed)
                    Index Cond: (movie_id = t.id)
                    Filter: (info = ANY ('{Sweden,Norway,Germany,Denmark,Swedish,Denish,Norwegian,German}'::text[]))
        ->  Seq Scan on info_type it  (cost=0.00..2.13 rows=113 width=4) (never executed)
Planning time: 0.929 ms
Execution time: 203.212 ms
