Aggregate  (cost=243154.36..243154.37 rows=1 width=32) (actual time=232.953..232.953 rows=1 loops=1)
  ->  Hash Join  (cost=4.84..242973.98 rows=72150 width=17) (actual time=2.838..232.771 rows=669 loops=1)
        Hash Cond: (mi.info_type_id = it.id)
        ->  Nested Loop  (cost=1.29..242065.21 rows=72150 width=21) (actual time=2.798..232.538 rows=669 loops=1)
              ->  Nested Loop  (cost=0.86..132218.39 rows=51127 width=25) (actual time=2.789..223.307 rows=767 loops=1)
                    ->  Nested Loop  (cost=0.43..53970.24 rows=73907 width=4) (actual time=2.781..220.279 rows=798 loops=1)
                          ->  Seq Scan on company_type ct  (cost=0.00..1.05 rows=1 width=4) (actual time=0.003..0.005 rows=1 loops=1)
                                Filter: ((kind)::text = 'production companies'::text)
                                Rows Removed by Filter: 3
                          ->  Index Scan using company_type_id_movie_companies on movie_companies mc  (cost=0.43..53067.12 rows=90207 width=8) (actual time=2.777..220.128 rows=798 loops=1)
                                Index Cond: (company_type_id = ct.id)
                                Filter: ((note !~~ '%(TV)%'::text) AND (note ~~ '%(USA)%'::text))
                                Rows Removed by Filter: 1334085
                    ->  Index Scan using title_pkey on title t  (cost=0.43..1.06 rows=1 width=21) (actual time=0.003..0.003 rows=1 loops=798)
                          Index Cond: (id = mc.movie_id)
                          Filter: (production_year > 1990)
                          Rows Removed by Filter: 0
              ->  Index Scan using movie_id_movie_info on movie_info mi  (cost=0.43..2.13 rows=2 width=8) (actual time=0.010..0.012 rows=1 loops=767)
                    Index Cond: (movie_id = t.id)
                    Filter: (info = ANY ('{Sweden,Norway,Germany,Denmark,Swedish,Denish,Norwegian,German,USA,American}'::text[]))
                    Rows Removed by Filter: 10
        ->  Hash  (cost=2.13..2.13 rows=113 width=4) (actual time=0.033..0.033 rows=113 loops=1)
              Buckets: 1024  Batches: 1  Memory Usage: 12kB
              ->  Seq Scan on info_type it  (cost=0.00..2.13 rows=113 width=4) (actual time=0.003..0.016 rows=113 loops=1)
Planning time: 0.845 ms
Execution time: 232.993 ms
