Aggregate  (cost=12256.22..12256.23 rows=1 width=96) (actual time=171.021..171.021 rows=1 loops=1)
  ->  Nested Loop  (cost=8.17..12256.21 rows=1 width=48) (actual time=9.082..170.992 rows=12 loops=1)
        ->  Nested Loop  (cost=7.74..12255.75 rows=1 width=37) (actual time=2.678..168.209 rows=383 loops=1)
              Join Filter: (t.id = ci.movie_id)
              ->  Nested Loop  (cost=7.17..12253.80 rows=1 width=41) (actual time=2.670..166.510 rows=36 loops=1)
                    ->  Nested Loop  (cost=6.74..12121.56 rows=270 width=20) (actual time=0.532..75.334 rows=35548 loops=1)
                          ->  Seq Scan on keyword k  (cost=0.00..3632.40 rows=8 width=20) (actual time=0.089..23.479 rows=8 loops=1)
                                Filter: (keyword = ANY ('{superhero,sequel,second-part,marvel-comics,based-on-comic,tv-special,fight,violence}'::text[]))
                                Rows Removed by Filter: 134162
                          ->  Bitmap Heap Scan on movie_keyword mk  (cost=6.74..1058.16 rows=298 width=8) (actual time=0.812..5.777 rows=4444 loops=8)
                                Recheck Cond: (keyword_id = k.id)
                                Heap Blocks: exact=23488
                                ->  Bitmap Index Scan on keyword_id_movie_keyword  (cost=0.00..6.67 rows=298 width=0) (actual time=0.449..0.449 rows=4444 loops=8)
                                      Index Cond: (keyword_id = k.id)
                    ->  Index Scan using title_pkey on title t  (cost=0.43..0.49 rows=1 width=21) (actual time=0.002..0.002 rows=0 loops=35548)
                          Index Cond: (id = mk.movie_id)
                          Filter: (production_year > 2014)
                          Rows Removed by Filter: 1
              ->  Index Scan using movie_id_cast_info on cast_info ci  (cost=0.56..1.51 rows=36 width=8) (actual time=0.015..0.044 rows=11 loops=36)
                    Index Cond: (movie_id = mk.movie_id)
        ->  Index Scan using name_pkey on name n  (cost=0.43..0.46 rows=1 width=19) (actual time=0.007..0.007 rows=0 loops=383)
              Index Cond: (id = ci.person_id)
              Filter: (name ~~ '%Downey%Robert%'::text)
              Rows Removed by Filter: 1
Planning time: 0.773 ms
Execution time: 171.068 ms
