Aggregate  (cost=112969.43..112969.44 rows=1 width=96) (actual time=490.328..490.329 rows=1 loops=1)
  ->  Nested Loop  (cost=1.85..112968.77 rows=88 width=48) (actual time=48.708..490.278 rows=88 loops=1)
        ->  Nested Loop  (cost=1.43..110634.24 rows=5202 width=36) (actual time=48.245..480.475 rows=5202 loops=1)
              ->  Nested Loop  (cost=0.99..110082.15 rows=306 width=40) (actual time=48.236..477.953 rows=306 loops=1)
                    ->  Nested Loop  (cost=0.56..109861.03 rows=486 width=19) (actual time=48.213..476.384 rows=486 loops=1)
                          ->  Seq Scan on name n  (cost=0.00..107706.64 rows=2 width=19) (actual time=48.193..476.165 rows=2 loops=1)
                                Filter: (name ~~ '%Downey%Robert%'::text)
                                Rows Removed by Filter: 4167489
                          ->  Index Scan using person_id_cast_info on cast_info ci  (cost=0.56..1072.11 rows=509 width=8) (actual time=0.012..0.069 rows=243 loops=2)
                                Index Cond: (person_id = n.id)
                    ->  Index Scan using title_pkey on title t  (cost=0.43..0.45 rows=1 width=21) (actual time=0.003..0.003 rows=1 loops=486)
                          Index Cond: (id = ci.movie_id)
                          Filter: (production_year > 2000)
                          Rows Removed by Filter: 0
              ->  Index Scan using movie_id_movie_keyword on movie_keyword mk  (cost=0.43..1.34 rows=46 width=8) (actual time=0.002..0.006 rows=17 loops=306)
                    Index Cond: (movie_id = t.id)
        ->  Index Scan using keyword_pkey on keyword k  (cost=0.42..0.45 rows=1 width=20) (actual time=0.002..0.002 rows=0 loops=5202)
              Index Cond: (id = mk.keyword_id)
              Filter: (keyword = ANY ('{superhero,sequel,second-part,marvel-comics,based-on-comic,tv-special,fight,violence}'::text[]))
              Rows Removed by Filter: 1
Planning time: 0.802 ms
Execution time: 490.373 ms
