Aggregate  (cost=13766.12..13766.13 rows=1 width=64) (actual time=621.498..621.498 rows=1 loops=1)
  ->  Nested Loop  (cost=41.24..13766.12 rows=1 width=32) (actual time=17.000..621.466 rows=32 loops=1)
        ->  Nested Loop  (cost=41.10..13765.56 rows=1 width=36) (actual time=16.993..621.379 rows=32 loops=1)
              Join Filter: (n.id = an.person_id)
              ->  Nested Loop  (cost=40.67..13765.07 rows=1 width=48) (actual time=16.985..621.251 rows=14 loops=1)
                    Join Filter: (n.id = pi.person_id)
                    ->  Nested Loop  (cost=40.24..12763.84 rows=1055 width=40) (actual time=0.220..509.172 rows=17559 loops=1)
                          ->  Nested Loop  (cost=39.81..8976.48 rows=8096 width=21) (actual time=0.213..139.012 rows=105262 loops=1)
                                ->  Nested Loop  (cost=39.25..7700.86 rows=224 width=25) (actual time=0.205..22.476 rows=1467 loops=1)
                                      ->  Nested Loop  (cost=38.82..245.23 rows=1666 width=4) (actual time=0.197..2.175 rows=5186 loops=1)
                                            ->  Seq Scan on link_type lt  (cost=0.00..1.23 rows=1 width=4) (actual time=0.004..0.008 rows=1 loops=1)
                                                  Filter: ((link)::text = 'features'::text)
                                                  Rows Removed by Filter: 17
                                            ->  Bitmap Heap Scan on movie_link ml  (cost=38.82..225.26 rows=1875 width=8) (actual time=0.191..1.190 rows=5186 loops=1)
                                                  Recheck Cond: (link_type_id = lt.id)
                                                  Heap Blocks: exact=132
                                                  ->  Bitmap Index Scan on link_type_id_movie_link  (cost=0.00..38.35 rows=1875 width=0) (actual time=0.175..0.175 rows=5186 loops=1)
                                                        Index Cond: (link_type_id = lt.id)
                                      ->  Index Scan using title_pkey on title t  (cost=0.43..4.48 rows=1 width=21) (actual time=0.004..0.004 rows=0 loops=5186)
                                            Index Cond: (id = ml.linked_movie_id)
                                            Filter: ((production_year >= 1980) AND (production_year <= 1995))
                                            Rows Removed by Filter: 1
                                ->  Index Scan using movie_id_cast_info on cast_info ci  (cost=0.56..5.33 rows=36 width=8) (actual time=0.005..0.068 rows=72 loops=1467)
                                      Index Cond: (movie_id = t.id)
                          ->  Index Scan using name_pkey on name n  (cost=0.43..0.47 rows=1 width=19) (actual time=0.003..0.003 rows=0 loops=105262)
                                Index Cond: (id = ci.person_id)
                                Filter: (((name_pcode_cf)::text >= 'A'::text) AND ((name_pcode_cf)::text <= 'F'::text) AND (((gender)::text = 'm'::text) OR (((gender)::text = 'f'::text) AND (name ~~ 'B%'::text))))
                                Rows Removed by Filter: 1
                    ->  Index Scan using person_id_person_info on person_info pi  (cost=0.43..0.94 rows=1 width=8) (actual time=0.006..0.006 rows=0 loops=17559)
                          Index Cond: (person_id = ci.person_id)
                          Filter: (note = 'Volker Boehm'::text)
                          Rows Removed by Filter: 20
              ->  Index Scan using person_id_aka_name on aka_name an  (cost=0.42..0.47 rows=2 width=4) (actual time=0.006..0.007 rows=2 loops=14)
                    Index Cond: (person_id = ci.person_id)
                    Filter: (name ~~ '%a%'::text)
                    Rows Removed by Filter: 1
        ->  Index Scan using info_type_pkey on info_type it  (cost=0.14..0.35 rows=1 width=4) (actual time=0.002..0.002 rows=1 loops=32)
              Index Cond: (id = pi.info_type_id)
              Filter: ((info)::text = 'mini biography'::text)
Planning time: 3.602 ms
Execution time: 621.570 ms
