Aggregate  (cost=176078.27..176078.28 rows=1 width=64) (actual time=1256.881..1256.881 rows=1 loops=1)
  ->  Nested Loop  (cost=2.70..176078.26 rows=1 width=33) (actual time=730.717..1256.850 rows=62 loops=1)
        ->  Nested Loop  (cost=2.27..176075.88 rows=1 width=24) (actual time=730.707..1256.670 rows=62 loops=1)
              ->  Nested Loop  (cost=1.85..176072.86 rows=4 width=28) (actual time=730.698..1256.492 rows=64 loops=1)
                    ->  Nested Loop  (cost=1.42..175927.80 rows=87 width=20) (actual time=730.683..1255.301 rows=659 loops=1)
                          ->  Nested Loop  (cost=0.99..162598.10 rows=17392 width=28) (actual time=5.096..1142.993 rows=75365 loops=1)
                                ->  Nested Loop  (cost=0.56..125103.38 rows=34848 width=8) (actual time=0.803..1069.548 rows=34848 loops=1)
                                      ->  Seq Scan on role_type rt  (cost=0.00..1.15 rows=1 width=4) (actual time=0.004..0.007 rows=1 loops=1)
                                            Filter: ((role)::text = 'actress'::text)
                                            Rows Removed by Filter: 11
                                      ->  Index Scan using role_id_cast_info on cast_info ci  (cost=0.56..125014.37 rows=8787 width=12) (actual time=0.798..1064.612 rows=34848 loops=1)
                                            Index Cond: (role_id = rt.id)
                                            Filter: (note = '(voice: English version)'::text)
                                            Rows Removed by Filter: 7417125
                                ->  Index Scan using person_id_aka_name on aka_name an1  (cost=0.42..1.06 rows=2 width=20) (actual time=0.001..0.002 rows=2 loops=34848)
                                      Index Cond: (person_id = ci.person_id)
                          ->  Index Scan using name_pkey on name n1  (cost=0.43..0.77 rows=1 width=4) (actual time=0.001..0.001 rows=0 loops=75365)
                                Index Cond: (id = an1.person_id)
                                Filter: ((name ~~ '%Yo%'::text) AND (name !~~ '%Yu%'::text))
                                Rows Removed by Filter: 1
                    ->  Index Scan using movie_id_movie_companies on movie_companies mc  (cost=0.43..1.66 rows=1 width=8) (actual time=0.001..0.002 rows=0 loops=659)
                          Index Cond: (movie_id = ci.movie_id)
                          Filter: ((note ~~ '%(Japan)%'::text) AND (note !~~ '%(USA)%'::text))
                          Rows Removed by Filter: 1
              ->  Index Scan using company_name_pkey on company_name cn  (cost=0.42..0.75 rows=1 width=4) (actual time=0.002..0.002 rows=1 loops=64)
                    Index Cond: (id = mc.company_id)
                    Filter: ((country_code)::text = '[jp]'::text)
                    Rows Removed by Filter: 0
        ->  Index Scan using title_pkey on title t  (cost=0.43..2.38 rows=1 width=21) (actual time=0.002..0.002 rows=1 loops=62)
              Index Cond: (id = ci.movie_id)
Planning time: 2.112 ms
Execution time: 1256.936 ms
