Aggregate  (cost=511845.66..511845.67 rows=1 width=64) (actual time=3725.437..3725.437 rows=1 loops=1)
  ->  Hash Join  (cost=484023.00..510230.63 rows=323005 width=33) (actual time=3304.477..3662.009 rows=323005 loops=1)
        Hash Cond: (ci.movie_id = t.id)
        ->  Hash Join  (cost=277334.35..301721.62 rows=218966 width=20) (actual time=543.883..807.661 rows=218966 loops=1)
              Hash Cond: (an1.person_id = n1.id)
              ->  Seq Scan on aka_name an1  (cost=0.00..20409.43 rows=901343 width=20) (actual time=0.007..75.188 rows=901343 loops=1)
              ->  Hash  (cost=273879.32..273879.32 rows=276403 width=12) (actual time=542.375..542.375 rows=276403 loops=1)
                    Buckets: 524288  Batches: 1  Memory Usage: 15973kB
                    ->  Nested Loop  (cost=0.99..273879.32 rows=276403 width=12) (actual time=0.050..489.428 rows=276403 loops=1)
                          ->  Nested Loop  (cost=0.56..149727.57 rows=276403 width=8) (actual time=0.033..100.620 rows=276403 loops=1)
                                ->  Seq Scan on role_type rt  (cost=0.00..1.15 rows=1 width=4) (actual time=0.006..0.009 rows=1 loops=1)
                                      Filter: ((role)::text = 'costume designer'::text)
                                      Rows Removed by Filter: 11
                                ->  Index Scan using role_id_cast_info on cast_info ci  (cost=0.56..116777.02 rows=3294940 width=12) (actual time=0.024..54.376 rows=276403 loops=1)
                                      Index Cond: (role_id = rt.id)
                          ->  Index Only Scan using name_pkey on name n1  (cost=0.43..0.45 rows=1 width=4) (actual time=0.001..0.001 rows=1 loops=276403)
                                Index Cond: (id = ci.person_id)
                                Heap Fetches: 0
        ->  Hash  (cost=192266.17..192266.17 rows=1153798 width=25) (actual time=2756.121..2756.121 rows=1153798 loops=1)
              Buckets: 2097152  Batches: 1  Memory Usage: 84892kB
              ->  Hash Join  (cost=99878.02..192266.17 rows=1153798 width=25) (actual time=1160.637..2467.873 rows=1153798 loops=1)
                    Hash Cond: (mc.movie_id = t.id)
                    ->  Hash Join  (cost=6993.00..84814.45 rows=1153798 width=4) (actual time=46.192..912.041 rows=1153798 loops=1)
                          Hash Cond: (mc.company_id = cn.id)
                          ->  Seq Scan on movie_companies mc  (cost=0.00..44881.29 rows=2609129 width=8) (actual time=0.009..241.770 rows=2609129 loops=1)
                          ->  Hash  (cost=5932.46..5932.46 rows=84843 width=4) (actual time=46.030..46.030 rows=84843 loops=1)
                                Buckets: 131072  Batches: 1  Memory Usage: 4007kB
                                ->  Seq Scan on company_name cn  (cost=0.00..5932.46 rows=84843 width=4) (actual time=0.005..31.703 rows=84843 loops=1)
                                      Filter: ((country_code)::text = '[us]'::text)
                                      Rows Removed by Filter: 150154
                    ->  Hash  (cost=61281.12..61281.12 rows=2528312 width=21) (actual time=1105.964..1105.964 rows=2528312 loops=1)
                          Buckets: 4194304  Batches: 1  Memory Usage: 168637kB
                          ->  Seq Scan on title t  (cost=0.00..61281.12 rows=2528312 width=21) (actual time=0.009..408.721 rows=2528312 loops=1)
Planning time: 1.886 ms
Execution time: 3726.683 ms
