Aggregate  (cost=173322.81..173322.82 rows=1 width=128) (actual time=1686.621..1686.621 rows=1 loops=1)
  ->  Nested Loop  (cost=3.13..173322.80 rows=1 width=64) (actual time=96.948..1686.567 rows=40 loops=1)
        Join Filter: (n.id = an.person_id)
        ->  Nested Loop  (cost=2.71..173322.24 rows=1 width=56) (actual time=40.687..1686.414 rows=30 loops=1)
              ->  Nested Loop  (cost=2.27..173321.52 rows=1 width=44) (actual time=40.678..1686.269 rows=30 loops=1)
                    ->  Nested Loop  (cost=1.85..173319.76 rows=3 width=48) (actual time=40.669..1686.094 rows=31 loops=1)
                          ->  Nested Loop  (cost=1.42..173309.21 rows=15 width=39) (actual time=40.285..1685.656 rows=87 loops=1)
                                ->  Nested Loop  (cost=0.99..168047.37 rows=6209 width=20) (actual time=0.280..1627.124 rows=29100 loops=1)
                                      ->  Nested Loop  (cost=0.56..125666.82 rows=59702 width=12) (actual time=0.100..1096.943 rows=222686 loops=1)
                                            ->  Seq Scan on role_type rt  (cost=0.00..1.15 rows=1 width=4) (actual time=0.006..0.010 rows=1 loops=1)
                                                  Filter: ((role)::text = 'actress'::text)
                                                  Rows Removed by Filter: 11
                                            ->  Index Scan using role_id_cast_info on cast_info ci  (cost=0.56..125014.37 rows=65130 width=16) (actual time=0.093..1066.119 rows=222686 loops=1)
                                                  Index Cond: (role_id = rt.id)
                                                  Filter: (note = '(voice)'::text)
                                                  Rows Removed by Filter: 7229287
                                      ->  Index Scan using movie_id_movie_companies on movie_companies mc  (cost=0.43..0.70 rows=1 width=8) (actual time=0.002..0.002 rows=0 loops=222686)
                                            Index Cond: (movie_id = ci.movie_id)
                                            Filter: ((note ~~ '%(200%)%'::text) AND ((note ~~ '%(USA)%'::text) OR (note ~~ '%(worldwide)%'::text)))
                                            Rows Removed by Filter: 2
                                ->  Index Scan using name_pkey on name n  (cost=0.43..0.85 rows=1 width=19) (actual time=0.002..0.002 rows=0 loops=29100)
                                      Index Cond: (id = ci.person_id)
                                      Filter: ((name ~~ '%Angel%'::text) AND ((gender)::text = 'f'::text))
                                      Rows Removed by Filter: 1
                          ->  Index Scan using title_pkey on title t  (cost=0.43..0.70 rows=1 width=21) (actual time=0.004..0.004 rows=0 loops=87)
                                Index Cond: (id = ci.movie_id)
                                Filter: ((production_year >= 2007) AND (production_year <= 2010))
                                Rows Removed by Filter: 1
                    ->  Index Scan using company_name_pkey on company_name cn  (cost=0.42..0.59 rows=1 width=4) (actual time=0.005..0.005 rows=1 loops=31)
                          Index Cond: (id = mc.company_id)
                          Filter: ((country_code)::text = '[us]'::text)
                          Rows Removed by Filter: 0
              ->  Index Scan using char_name_pkey on char_name chn  (cost=0.43..0.71 rows=1 width=20) (actual time=0.004..0.004 rows=1 loops=30)
                    Index Cond: (id = ci.person_role_id)
        ->  Index Scan using person_id_aka_name on aka_name an  (cost=0.42..0.54 rows=2 width=20) (actual time=0.004..0.004 rows=1 loops=30)
              Index Cond: (person_id = ci.person_id)
Planning time: 3.562 ms
Execution time: 1686.696 ms
