Aggregate  (cost=165776.97..165776.98 rows=1 width=128) (actual time=904.408..904.408 rows=1 loops=1)
  ->  Nested Loop  (cost=31679.65..165776.96 rows=1 width=64) (actual time=598.871..904.354 rows=40 loops=1)
        ->  Nested Loop  (cost=31679.22..165774.81 rows=3 width=52) (actual time=598.856..904.223 rows=40 loops=1)
              ->  Nested Loop  (cost=31678.79..165765.65 rows=13 width=43) (actual time=592.137..903.914 rows=97 loops=1)
                    ->  Nested Loop  (cost=31678.38..165747.03 rows=36 width=47) (actual time=592.122..903.585 rows=103 loops=1)
                          ->  Hash Join  (cost=31677.94..165617.02 rows=183 width=39) (actual time=592.111..902.382 rows=265 loops=1)
                                Hash Cond: (ci.role_id = rt.id)
                                ->  Nested Loop  (cost=31676.78..165589.76 rows=2196 width=43) (actual time=592.098..902.296 rows=265 loops=1)
                                      Join Filter: (n.id = ci.person_id)
                                      ->  Hash Join  (cost=31676.22..151043.83 rows=1170 width=39) (actual time=587.561..890.864 rows=1296 loops=1)
                                            Hash Cond: (n.id = an.person_id)
                                            ->  Seq Scan on name n  (cost=0.00..118125.36 rows=5409 width=19) (actual time=220.966..522.633 rows=5409 loops=1)
                                                  Filter: ((name ~~ '%Angel%'::text) AND ((gender)::text = 'f'::text))
                                                  Rows Removed by Filter: 4162082
                                            ->  Hash  (cost=20409.43..20409.43 rows=901343 width=20) (actual time=363.603..363.603 rows=901343 loops=1)
                                                  Buckets: 1048576  Batches: 1  Memory Usage: 55917kB
                                                  ->  Seq Scan on aka_name an  (cost=0.00..20409.43 rows=901343 width=20) (actual time=0.009..143.231 rows=901343 loops=1)
                                      ->  Index Scan using person_id_cast_info on cast_info ci  (cost=0.56..12.31 rows=10 width=16) (actual time=0.008..0.009 rows=0 loops=1296)
                                            Index Cond: (person_id = an.person_id)
                                            Filter: (note = '(voice)'::text)
                                            Rows Removed by Filter: 43
                                ->  Hash  (cost=1.15..1.15 rows=1 width=4) (actual time=0.008..0.008 rows=1 loops=1)
                                      Buckets: 1024  Batches: 1  Memory Usage: 9kB
                                      ->  Seq Scan on role_type rt  (cost=0.00..1.15 rows=1 width=4) (actual time=0.005..0.007 rows=1 loops=1)
                                            Filter: ((role)::text = 'actress'::text)
                                            Rows Removed by Filter: 11
                          ->  Index Scan using movie_id_movie_companies on movie_companies mc  (cost=0.43..0.70 rows=1 width=8) (actual time=0.003..0.004 rows=0 loops=265)
                                Index Cond: (movie_id = ci.movie_id)
                                Filter: ((note ~~ '%(200%)%'::text) AND ((note ~~ '%(USA)%'::text) OR (note ~~ '%(worldwide)%'::text)))
                                Rows Removed by Filter: 4
                    ->  Index Scan using company_name_pkey on company_name cn  (cost=0.42..0.52 rows=1 width=4) (actual time=0.003..0.003 rows=1 loops=103)
                          Index Cond: (id = mc.company_id)
                          Filter: ((country_code)::text = '[us]'::text)
                          Rows Removed by Filter: 0
              ->  Index Scan using title_pkey on title t  (cost=0.43..0.70 rows=1 width=21) (actual time=0.003..0.003 rows=0 loops=97)
                    Index Cond: (id = ci.movie_id)
                    Filter: ((production_year >= 2007) AND (production_year <= 2010))
                    Rows Removed by Filter: 1
        ->  Index Scan using char_name_pkey on char_name chn  (cost=0.43..0.71 rows=1 width=20) (actual time=0.003..0.003 rows=1 loops=40)
              Index Cond: (id = ci.person_role_id)
Planning time: 3.501 ms
Execution time: 904.720 ms
