Aggregate  (cost=351820.25..351820.26 rows=1 width=128) (actual time=5727.161..5727.161 rows=1 loops=1)
  ->  Nested Loop  (cost=267725.94..351507.52 rows=31273 width=64) (actual time=2180.787..5532.457 rows=483082 loops=1)
        ->  Nested Loop  (cost=267725.51..334930.82 rows=24844 width=52) (actual time=2180.775..4715.452 rows=505134 loops=1)
              Join Filter: (ci.movie_id = t.id)
              ->  Hash Join  (cost=267725.08..321789.01 rows=24844 width=43) (actual time=2180.763..3819.317 rows=505134 loops=1)
                    Hash Cond: (mc.company_id = cn.id)
                    ->  Nested Loop  (cost=260732.08..313927.23 rows=68814 width=47) (actual time=2132.051..3568.962 rows=960723 loops=1)
                          ->  Hash Join  (cost=260731.65..285118.05 rows=41926 width=39) (actual time=2132.036..2463.719 rows=503022 loops=1)
                                Hash Cond: (an.person_id = n.id)
                                ->  Seq Scan on aka_name an  (cost=0.00..20409.43 rows=901343 width=20) (actual time=0.006..76.701 rows=901343 loops=1)
                                ->  Hash  (cost=257281.59..257281.59 rows=276005 width=31) (actual time=2130.765..2130.765 rows=276005 loops=1)
                                      Buckets: 524288  Batches: 1  Memory Usage: 21476kB
                                      ->  Hash Join  (cost=119726.64..257281.59 rows=276005 width=31) (actual time=712.721..2069.408 rows=276005 loops=1)
                                            Hash Cond: (ci.person_id = n.id)
                                            ->  Nested Loop  (cost=0.56..134068.91 rows=276166 width=12) (actual time=0.129..1282.316 rows=276166 loops=1)
                                                  ->  Seq Scan on role_type rt  (cost=0.00..1.15 rows=1 width=4) (actual time=0.004..0.007 rows=1 loops=1)
                                                        Filter: ((role)::text = 'actress'::text)
                                                        Rows Removed by Filter: 11
                                                  ->  Index Scan using role_id_cast_info on cast_info ci  (cost=0.56..133251.71 rows=81605 width=16) (actual time=0.122..1242.538 rows=276166 loops=1)
                                                        Index Cond: (role_id = rt.id)
                                                        Filter: (note = ANY ('{(voice),"(voice: Japanese version)","(voice) (uncredited)","(voice: English version)"}'::text[]))
                                                        Rows Removed by Filter: 7175807
                                            ->  Hash  (cost=107706.64..107706.64 rows=961555 width=19) (actual time=710.558..710.558 rows=961555 loops=1)
                                                  Buckets: 1048576  Batches: 1  Memory Usage: 58170kB
                                                  ->  Seq Scan on name n  (cost=0.00..107706.64 rows=961555 width=19) (actual time=169.946..470.557 rows=961555 loops=1)
                                                        Filter: ((gender)::text = 'f'::text)
                                                        Rows Removed by Filter: 3205936
                          ->  Index Scan using movie_id_movie_companies on movie_companies mc  (cost=0.43..0.64 rows=5 width=8) (actual time=0.001..0.002 rows=2 loops=503022)
                                Index Cond: (movie_id = ci.movie_id)
                    ->  Hash  (cost=5932.46..5932.46 rows=84843 width=4) (actual time=48.259..48.259 rows=84843 loops=1)
                          Buckets: 131072  Batches: 1  Memory Usage: 4007kB
                          ->  Seq Scan on company_name cn  (cost=0.00..5932.46 rows=84843 width=4) (actual time=0.007..32.373 rows=84843 loops=1)
                                Filter: ((country_code)::text = '[us]'::text)
                                Rows Removed by Filter: 150154
              ->  Index Scan using title_pkey on title t  (cost=0.43..0.52 rows=1 width=21) (actual time=0.001..0.001 rows=1 loops=505134)
                    Index Cond: (id = mc.movie_id)
        ->  Index Scan using char_name_pkey on char_name chn  (cost=0.43..0.67 rows=1 width=20) (actual time=0.001..0.001 rows=1 loops=505134)
              Index Cond: (id = ci.person_role_id)
Planning time: 3.507 ms
Execution time: 5727.567 ms
