Aggregate  (cost=443359.53..443359.54 rows=1 width=128) (actual time=6304.446..6304.447 rows=1 loops=1)
  ->  Nested Loop  (cost=377802.33..443123.14 rows=23639 width=64) (actual time=3733.106..6119.176 rows=483082 loops=1)
        Join Filter: (ci.movie_id = t.id)
        ->  Hash Join  (cost=377801.90..430618.74 rows=23639 width=55) (actual time=3733.096..5292.523 rows=483082 loops=1)
              Hash Cond: (mc.company_id = cn.id)
              ->  Nested Loop  (cost=370808.90..422799.11 rows=65476 width=59) (actual time=3681.972..5061.967 rows=909946 loops=1)
                    ->  Hash Join  (cost=370808.47..395150.52 rows=40237 width=51) (actual time=3681.955..4022.607 rows=482841 loops=1)
                          Hash Cond: (an.person_id = n.id)
                          ->  Seq Scan on aka_name an  (cost=0.00..20409.43 rows=901343 width=20) (actual time=0.006..78.486 rows=901343 loops=1)
                          ->  Hash  (cost=367614.81..367614.81 rows=255493 width=43) (actual time=3681.226..3681.226 rows=255493 loops=1)
                                Buckets: 262144  Batches: 1  Memory Usage: 20467kB
                                ->  Hash Join  (cost=226832.27..367614.81 rows=255493 width=43) (actual time=2172.632..3617.379 rows=255493 loops=1)
                                      Hash Cond: (ci.person_id = n.id)
                                      ->  Hash Join  (cost=107106.19..244661.14 rows=255651 width=24) (actual time=1434.772..2810.193 rows=255651 loops=1)
                                            Hash Cond: (ci.person_role_id = chn.id)
                                            ->  Nested Loop  (cost=0.56..134068.91 rows=276166 width=12) (actual time=0.128..1286.505 rows=276166 loops=1)
                                                  ->  Seq Scan on role_type rt  (cost=0.00..1.15 rows=1 width=4) (actual time=0.004..0.007 rows=1 loops=1)
                                                        Filter: ((role)::text = 'actress'::text)
                                                        Rows Removed by Filter: 11
                                                  ->  Index Scan using role_id_cast_info on cast_info ci  (cost=0.56..133251.71 rows=81605 width=16) (actual time=0.121..1242.693 rows=276166 loops=1)
                                                        Index Cond: (role_id = rt.id)
                                                        Filter: (note = ANY ('{(voice),"(voice: Japanese version)","(voice) (uncredited)","(voice: English version)"}'::text[]))
                                                        Rows Removed by Filter: 7175807
                                            ->  Hash  (cost=67851.39..67851.39 rows=3140339 width=20) (actual time=1426.195..1426.195 rows=3140339 loops=1)
                                                  Buckets: 4194304  Batches: 1  Memory Usage: 198037kB
                                                  ->  Seq Scan on char_name chn  (cost=0.00..67851.39 rows=3140339 width=20) (actual time=0.006..560.086 rows=3140339 loops=1)
                                      ->  Hash  (cost=107706.64..107706.64 rows=961555 width=19) (actual time=735.409..735.409 rows=961555 loops=1)
                                            Buckets: 1048576  Batches: 1  Memory Usage: 58170kB
                                            ->  Seq Scan on name n  (cost=0.00..107706.64 rows=961555 width=19) (actual time=171.628..483.883 rows=961555 loops=1)
                                                  Filter: ((gender)::text = 'f'::text)
                                                  Rows Removed by Filter: 3205936
                    ->  Index Scan using movie_id_movie_companies on movie_companies mc  (cost=0.43..0.64 rows=5 width=8) (actual time=0.001..0.002 rows=2 loops=482841)
                          Index Cond: (movie_id = ci.movie_id)
              ->  Hash  (cost=5932.46..5932.46 rows=84843 width=4) (actual time=50.670..50.670 rows=84843 loops=1)
                    Buckets: 131072  Batches: 1  Memory Usage: 4007kB
                    ->  Seq Scan on company_name cn  (cost=0.00..5932.46 rows=84843 width=4) (actual time=0.007..33.613 rows=84843 loops=1)
                          Filter: ((country_code)::text = '[us]'::text)
                          Rows Removed by Filter: 150154
        ->  Index Scan using title_pkey on title t  (cost=0.43..0.52 rows=1 width=21) (actual time=0.001..0.001 rows=1 loops=483082)
              Index Cond: (id = mc.movie_id)
Planning time: 3.391 ms
Execution time: 6305.757 ms
