Aggregate  (cost=578783.93..578783.94 rows=1 width=128) (actual time=5895.747..5895.747 rows=1 loops=1)
  ->  Nested Loop  (cost=532922.06..578381.36 rows=40257 width=64) (actual time=4638.943..5724.254 rows=483082 loops=1)
        Join Filter: (ci.movie_id = t.id)
        ->  Hash Join  (cost=532921.63..557086.49 rows=40257 width=55) (actual time=4638.925..4955.295 rows=483082 loops=1)
              Hash Cond: (an.person_id = n.id)
              ->  Seq Scan on aka_name an  (cost=0.00..20409.43 rows=901343 width=20) (actual time=0.004..74.460 rows=901343 loops=1)
              ->  Hash  (cost=530752.04..530752.04 rows=173567 width=47) (actual time=4637.819..4637.819 rows=173567 loops=1)
                    Buckets: 262144  Batches: 1  Memory Usage: 15418kB
                    ->  Hash Join  (cost=326069.19..530752.04 rows=173567 width=47) (actual time=3076.125..4592.632 rows=173567 loops=1)
                          Hash Cond: (ci.person_id = n.id)
                          ->  Hash Join  (cost=206343.11..408833.55 rows=173657 width=28) (actual time=2382.369..3851.542 rows=173657 loops=1)
                                Hash Cond: (ci.movie_id = mc.movie_id)
                                ->  Hash Join  (cost=107106.19..244661.14 rows=255651 width=24) (actual time=1348.394..2723.278 rows=255651 loops=1)
                                      Hash Cond: (ci.person_role_id = chn.id)
                                      ->  Nested Loop  (cost=0.56..134068.91 rows=276166 width=12) (actual time=0.135..1290.653 rows=276166 loops=1)
                                            ->  Seq Scan on role_type rt  (cost=0.00..1.15 rows=1 width=4) (actual time=0.009..0.012 rows=1 loops=1)
                                                  Filter: ((role)::text = 'actress'::text)
                                                  Rows Removed by Filter: 11
                                            ->  Index Scan using role_id_cast_info on cast_info ci  (cost=0.56..133251.71 rows=81605 width=16) (actual time=0.123..1248.509 rows=276166 loops=1)
                                                  Index Cond: (role_id = rt.id)
                                                  Filter: (note = ANY ('{(voice),"(voice: Japanese version)","(voice) (uncredited)","(voice: English version)"}'::text[]))
                                                  Rows Removed by Filter: 7175807
                                      ->  Hash  (cost=67851.39..67851.39 rows=3140339 width=20) (actual time=1339.790..1339.790 rows=3140339 loops=1)
                                            Buckets: 4194304  Batches: 1  Memory Usage: 198037kB
                                            ->  Seq Scan on char_name chn  (cost=0.00..67851.39 rows=3140339 width=20) (actual time=0.006..485.044 rows=3140339 loops=1)
                                ->  Hash  (cost=84814.45..84814.45 rows=1153798 width=4) (actual time=1029.473..1029.473 rows=1153798 loops=1)
                                      Buckets: 2097152  Batches: 1  Memory Usage: 56948kB
                                      ->  Hash Join  (cost=6993.00..84814.45 rows=1153798 width=4) (actual time=46.999..807.475 rows=1153798 loops=1)
                                            Hash Cond: (mc.company_id = cn.id)
                                            ->  Seq Scan on movie_companies mc  (cost=0.00..44881.29 rows=2609129 width=8) (actual time=0.008..211.149 rows=2609129 loops=1)
                                            ->  Hash  (cost=5932.46..5932.46 rows=84843 width=4) (actual time=46.539..46.539 rows=84843 loops=1)
                                                  Buckets: 131072  Batches: 1  Memory Usage: 4007kB
                                                  ->  Seq Scan on company_name cn  (cost=0.00..5932.46 rows=84843 width=4) (actual time=0.006..31.410 rows=84843 loops=1)
                                                        Filter: ((country_code)::text = '[us]'::text)
                                                        Rows Removed by Filter: 150154
                          ->  Hash  (cost=107706.64..107706.64 rows=961555 width=19) (actual time=691.260..691.260 rows=961555 loops=1)
                                Buckets: 1048576  Batches: 1  Memory Usage: 58170kB
                                ->  Seq Scan on name n  (cost=0.00..107706.64 rows=961555 width=19) (actual time=169.460..459.915 rows=961555 loops=1)
                                      Filter: ((gender)::text = 'f'::text)
                                      Rows Removed by Filter: 3205936
        ->  Index Scan using title_pkey on title t  (cost=0.43..0.52 rows=1 width=21) (actual time=0.001..0.001 rows=1 loops=483082)
              Index Cond: (id = mc.movie_id)
Planning time: 3.399 ms
Execution time: 5897.298 ms
