Aggregate  (cost=1030173.49..1030173.50 rows=1 width=64) (actual time=6128.604..6128.604 rows=1 loops=1)
  ->  Hash Join  (cost=942283.75..1027905.66 rows=453567 width=33) (actual time=5708.794..6128.558 rows=10 loops=1)
        Hash Cond: (ci.role_id = rt.id)
        ->  Hash Join  (cost=942282.48..1022513.55 rows=453567 width=37) (actual time=5708.769..6128.520 rows=10 loops=1)
              Hash Cond: (mc.company_type_id = ct.id)
              ->  Hash Join  (cost=942281.39..1017792.53 rows=453567 width=41) (actual time=5708.756..6128.496 rows=10 loops=1)
                    Hash Cond: (mc.company_id = cn.id)
                    ->  Hash Join  (cost=935288.39..994938.97 rows=1256286 width=45) (actual time=5649.696..6075.862 rows=23 loops=1)
                          Hash Cond: (mc.movie_id = t.id)
                          ->  Seq Scan on movie_companies mc  (cost=0.00..44881.29 rows=2609129 width=12) (actual time=0.005..205.754 rows=2609129 loops=1)
                          ->  Hash  (cost=929250.09..929250.09 rows=483064 width=45) (actual time=5514.588..5514.588 rows=12 loops=1)
                                Buckets: 524288  Batches: 1  Memory Usage: 4097kB
                                ->  Hash Join  (cost=196570.43..929250.09 rows=483064 width=45) (actual time=2469.397..5514.567 rows=12 loops=1)
                                      Hash Cond: (ci.movie_id = t.id)
                                      ->  Hash Join  (cost=107105.63..830969.34 rows=698293 width=24) (actual time=1549.263..4594.407 rows=15 loops=1)
                                            Hash Cond: (ci.person_role_id = chn.id)
                                            ->  Seq Scan on cast_info ci  (cost=0.00..705741.30 rows=1435439 width=12) (actual time=192.604..3144.394 rows=1435439 loops=1)
                                                  Filter: (note ~~ '%(producer)%'::text)
                                                  Rows Removed by Filter: 34808905
                                            ->  Hash  (cost=67851.39..67851.39 rows=3140339 width=20) (actual time=1348.122..1348.122 rows=3140339 loops=1)
                                                  Buckets: 4194304  Batches: 1  Memory Usage: 198037kB
                                                  ->  Seq Scan on char_name chn  (cost=0.00..67851.39 rows=3140339 width=20) (actual time=0.009..495.718 rows=3140339 loops=1)
                                      ->  Hash  (cost=67601.90..67601.90 rows=1749032 width=21) (actual time=915.659..915.659 rows=1749032 loops=1)
                                            Buckets: 2097152  Batches: 1  Memory Usage: 110019kB
                                            ->  Seq Scan on title t  (cost=0.00..67601.90 rows=1749032 width=21) (actual time=0.007..438.380 rows=1749032 loops=1)
                                                  Filter: (production_year > 1990)
                                                  Rows Removed by Filter: 779280
                    ->  Hash  (cost=5932.46..5932.46 rows=84843 width=4) (actual time=52.121..52.121 rows=84843 loops=1)
                          Buckets: 131072  Batches: 1  Memory Usage: 4007kB
                          ->  Seq Scan on company_name cn  (cost=0.00..5932.46 rows=84843 width=4) (actual time=0.004..35.365 rows=84843 loops=1)
                                Filter: ((country_code)::text = '[us]'::text)
                                Rows Removed by Filter: 150154
              ->  Hash  (cost=1.04..1.04 rows=4 width=4) (actual time=0.004..0.004 rows=4 loops=1)
                    Buckets: 1024  Batches: 1  Memory Usage: 9kB
                    ->  Seq Scan on company_type ct  (cost=0.00..1.04 rows=4 width=4) (actual time=0.001..0.002 rows=4 loops=1)
        ->  Hash  (cost=1.12..1.12 rows=12 width=4) (actual time=0.010..0.010 rows=12 loops=1)
              Buckets: 1024  Batches: 1  Memory Usage: 9kB
              ->  Seq Scan on role_type rt  (cost=0.00..1.12 rows=12 width=4) (actual time=0.003..0.005 rows=12 loops=1)
Planning time: 1.751 ms
Execution time: 6130.074 ms
