Aggregate  (cost=1030173.49..1030173.50 rows=1 width=64) (actual time=6135.788..6135.788 rows=1 loops=1)
  ->  Hash Join  (cost=942283.75..1027905.66 rows=453567 width=33) (actual time=5714.694..6135.745 rows=10 loops=1)
        Hash Cond: (ci.role_id = rt.id)
        ->  Hash Join  (cost=942282.48..1022513.55 rows=453567 width=37) (actual time=5714.677..6135.716 rows=10 loops=1)
              Hash Cond: (mc.company_type_id = ct.id)
              ->  Hash Join  (cost=942281.39..1017792.53 rows=453567 width=41) (actual time=5714.664..6135.691 rows=10 loops=1)
                    Hash Cond: (mc.company_id = cn.id)
                    ->  Hash Join  (cost=935288.39..994938.97 rows=1256286 width=45) (actual time=5654.948..6082.414 rows=23 loops=1)
                          Hash Cond: (mc.movie_id = t.id)
                          ->  Seq Scan on movie_companies mc  (cost=0.00..44881.29 rows=2609129 width=12) (actual time=0.006..205.398 rows=2609129 loops=1)
                          ->  Hash  (cost=929250.09..929250.09 rows=483064 width=45) (actual time=5519.761..5519.761 rows=12 loops=1)
                                Buckets: 524288  Batches: 1  Memory Usage: 4097kB
                                ->  Hash Join  (cost=196570.43..929250.09 rows=483064 width=45) (actual time=2470.386..5519.739 rows=12 loops=1)
                                      Hash Cond: (ci.movie_id = t.id)
                                      ->  Hash Join  (cost=107105.63..830969.34 rows=698293 width=24) (actual time=1549.457..4598.786 rows=15 loops=1)
                                            Hash Cond: (ci.person_role_id = chn.id)
                                            ->  Seq Scan on cast_info ci  (cost=0.00..705741.30 rows=1435439 width=12) (actual time=192.617..3148.809 rows=1435439 loops=1)
                                                  Filter: (note ~~ '%(producer)%'::text)
                                                  Rows Removed by Filter: 34808905
                                            ->  Hash  (cost=67851.39..67851.39 rows=3140339 width=20) (actual time=1348.572..1348.572 rows=3140339 loops=1)
                                                  Buckets: 4194304  Batches: 1  Memory Usage: 198037kB
                                                  ->  Seq Scan on char_name chn  (cost=0.00..67851.39 rows=3140339 width=20) (actual time=0.008..495.688 rows=3140339 loops=1)
                                      ->  Hash  (cost=67601.90..67601.90 rows=1749032 width=21) (actual time=916.452..916.452 rows=1749032 loops=1)
                                            Buckets: 2097152  Batches: 1  Memory Usage: 110019kB
                                            ->  Seq Scan on title t  (cost=0.00..67601.90 rows=1749032 width=21) (actual time=0.007..438.845 rows=1749032 loops=1)
                                                  Filter: (production_year > 1990)
                                                  Rows Removed by Filter: 779280
                    ->  Hash  (cost=5932.46..5932.46 rows=84843 width=4) (actual time=52.767..52.767 rows=84843 loops=1)
                          Buckets: 131072  Batches: 1  Memory Usage: 4007kB
                          ->  Seq Scan on company_name cn  (cost=0.00..5932.46 rows=84843 width=4) (actual time=0.004..35.305 rows=84843 loops=1)
                                Filter: ((country_code)::text = '[us]'::text)
                                Rows Removed by Filter: 150154
              ->  Hash  (cost=1.04..1.04 rows=4 width=4) (actual time=0.004..0.004 rows=4 loops=1)
                    Buckets: 1024  Batches: 1  Memory Usage: 9kB
                    ->  Seq Scan on company_type ct  (cost=0.00..1.04 rows=4 width=4) (actual time=0.001..0.002 rows=4 loops=1)
        ->  Hash  (cost=1.12..1.12 rows=12 width=4) (actual time=0.012..0.012 rows=12 loops=1)
              Buckets: 1024  Batches: 1  Memory Usage: 9kB
              ->  Seq Scan on role_type rt  (cost=0.00..1.12 rows=12 width=4) (actual time=0.003..0.005 rows=12 loops=1)
Planning time: 1.601 ms
Execution time: 6137.271 ms
