Aggregate  (cost=830996.23..830996.24 rows=1 width=64) (actual time=4641.675..4641.675 rows=1 loops=1)
  ->  Nested Loop  (cost=107108.31..830996.19 rows=8 width=33) (actual time=1541.557..4641.646 rows=10 loops=1)
        ->  Nested Loop  (cost=107108.18..830995.02 rows=8 width=37) (actual time=1541.547..4641.617 rows=10 loops=1)
              ->  Nested Loop  (cost=107107.76..830985.66 rows=21 width=41) (actual time=1541.534..4641.484 rows=23 loops=1)
                    ->  Hash Join  (cost=107107.33..830979.39 rows=10 width=41) (actual time=1541.521..4641.366 rows=12 loops=1)
                          Hash Cond: (ci.role_id = rt.id)
                          ->  Nested Loop  (cost=107106.06..830977.98 rows=12 width=45) (actual time=1541.495..4641.324 rows=12 loops=1)
                                ->  Hash Join  (cost=107105.63..830969.34 rows=15 width=24) (actual time=1541.471..4641.135 rows=15 loops=1)
                                      Hash Cond: (ci.person_role_id = chn.id)
                                      ->  Seq Scan on cast_info ci  (cost=0.00..705741.30 rows=1435439 width=12) (actual time=193.148..3199.814 rows=1435439 loops=1)
                                            Filter: (note ~~ '%(producer)%'::text)
                                            Rows Removed by Filter: 34808905
                                      ->  Hash  (cost=67851.39..67851.39 rows=3140339 width=20) (actual time=1340.041..1340.041 rows=3140339 loops=1)
                                            Buckets: 4194304  Batches: 1  Memory Usage: 198037kB
                                            ->  Seq Scan on char_name chn  (cost=0.00..67851.39 rows=3140339 width=20) (actual time=0.010..486.205 rows=3140339 loops=1)
                                ->  Index Scan using title_pkey on title t  (cost=0.43..0.58 rows=1 width=21) (actual time=0.010..0.010 rows=1 loops=15)
                                      Index Cond: (id = ci.movie_id)
                                      Filter: (production_year > 1990)
                                      Rows Removed by Filter: 0
                          ->  Hash  (cost=1.12..1.12 rows=12 width=4) (actual time=0.011..0.011 rows=12 loops=1)
                                Buckets: 1024  Batches: 1  Memory Usage: 9kB
                                ->  Seq Scan on role_type rt  (cost=0.00..1.12 rows=12 width=4) (actual time=0.004..0.006 rows=12 loops=1)
                    ->  Index Scan using movie_id_movie_companies on movie_companies mc  (cost=0.43..0.58 rows=5 width=12) (actual time=0.006..0.008 rows=2 loops=12)
                          Index Cond: (movie_id = t.id)
              ->  Index Scan using company_name_pkey on company_name cn  (cost=0.42..0.45 rows=1 width=4) (actual time=0.005..0.005 rows=0 loops=23)
                    Index Cond: (id = mc.company_id)
                    Filter: ((country_code)::text = '[us]'::text)
                    Rows Removed by Filter: 1
        ->  Index Only Scan using company_type_pkey on company_type ct  (cost=0.13..0.15 rows=1 width=4) (actual time=0.002..0.002 rows=1 loops=10)
              Index Cond: (id = mc.company_type_id)
              Heap Fetches: 0
Planning time: 1.791 ms
Execution time: 4642.696 ms
