Aggregate  (cost=3747.97..3747.98 rows=1 width=96) (actual time=30.704..30.705 rows=1 loops=1)
  ->  Nested Loop  (cost=8.31..3747.96 rows=1 width=48) (actual time=2.226..30.588 rows=310 loops=1)
        Join Filter: (mc.company_type_id = ct.id)
        Rows Removed by Join Filter: 20
        ->  Nested Loop  (cost=8.31..3746.90 rows=1 width=52) (actual time=2.223..30.318 rows=330 loops=1)
              ->  Nested Loop  (cost=7.89..3746.44 rows=1 width=37) (actual time=2.131..29.113 rows=705 loops=1)
                    Join Filter: (ml.movie_id = mc.movie_id)
                    ->  Nested Loop  (cost=7.46..3745.86 rows=1 width=41) (actual time=2.125..28.525 rows=152 loops=1)
                          Join Filter: (ml.movie_id = t.id)
                          ->  Nested Loop  (cost=7.03..3745.36 rows=1 width=20) (actual time=2.077..28.124 rows=199 loops=1)
                                Join Filter: (ml.link_type_id = lt.id)
                                Rows Removed by Join Filter: 239
                                ->  Nested Loop  (cost=7.03..3743.84 rows=10 width=12) (actual time=2.070..27.993 rows=251 loops=1)
                                      ->  Nested Loop  (cost=6.74..3729.38 rows=34 width=4) (actual time=2.062..18.771 rows=10544 loops=1)
                                            ->  Seq Scan on keyword k  (cost=0.00..2626.12 rows=1 width=4) (actual time=0.530..8.308 rows=1 loops=1)
                                                  Filter: (keyword = 'sequel'::text)
                                                  Rows Removed by Filter: 134169
                                            ->  Bitmap Heap Scan on movie_keyword mk  (cost=6.74..1100.27 rows=298 width=8) (actual time=1.530..8.877 rows=10544 loops=1)
                                                  Recheck Cond: (keyword_id = k.id)
                                                  Heap Blocks: exact=5570
                                                  ->  Bitmap Index Scan on keyword_id_movie_keyword  (cost=0.00..6.67 rows=298 width=0) (actual time=0.818..0.818 rows=10544 loops=1)
                                                        Index Cond: (keyword_id = k.id)
                                      ->  Index Scan using movie_id_movie_link on movie_link ml  (cost=0.29..0.38 rows=5 width=8) (actual time=0.001..0.001 rows=0 loops=10544)
                                            Index Cond: (movie_id = mk.movie_id)
                                ->  Materialize  (cost=0.00..1.24 rows=2 width=16) (actual time=0.000..0.000 rows=2 loops=251)
                                      ->  Seq Scan on link_type lt  (cost=0.00..1.23 rows=2 width=16) (actual time=0.003..0.006 rows=2 loops=1)
                                            Filter: ((link)::text ~~ '%follow%'::text)
                                            Rows Removed by Filter: 16
                          ->  Index Scan using title_pkey on title t  (cost=0.43..0.49 rows=1 width=21) (actual time=0.002..0.002 rows=1 loops=199)
                                Index Cond: (id = mk.movie_id)
                                Filter: ((production_year >= 1950) AND (production_year <= 2000))
                                Rows Removed by Filter: 0
                    ->  Index Scan using movie_id_movie_companies on movie_companies mc  (cost=0.43..0.54 rows=3 width=12) (actual time=0.002..0.003 rows=5 loops=152)
                          Index Cond: (movie_id = mk.movie_id)
                          Filter: (note IS NULL)
                          Rows Removed by Filter: 1
              ->  Index Scan using company_name_pkey on company_name cn  (cost=0.42..0.46 rows=1 width=23) (actual time=0.001..0.001 rows=0 loops=705)
                    Index Cond: (id = mc.company_id)
                    Filter: (((country_code)::text <> '[pl]'::text) AND ((name ~~ '%Film%'::text) OR (name ~~ '%Warner%'::text)))
                    Rows Removed by Filter: 1
        ->  Seq Scan on company_type ct  (cost=0.00..1.05 rows=1 width=4) (actual time=0.000..0.000 rows=1 loops=330)
              Filter: ((kind)::text = 'production companies'::text)
              Rows Removed by Filter: 1
Planning time: 3.350 ms
Execution time: 30.776 ms
