Aggregate  (cost=15985.10..15985.11 rows=1 width=96) (actual time=115.438..115.439 rows=1 loops=1)
  ->  Hash Join  (cost=6657.84..15985.07 rows=5 width=60) (actual time=70.961..112.774 rows=6946 loops=1)
        Hash Cond: (mc.company_type_id = ct.id)
        ->  Nested Loop  (cost=6656.75..15969.87 rows=1356 width=64) (actual time=70.949..111.300 rows=6946 loops=1)
              ->  Nested Loop  (cost=6656.33..9564.73 rows=14031 width=49) (actual time=70.049..87.762 rows=15510 loops=1)
                    Join Filter: (ml.movie_id = mc.movie_id)
                    ->  Nested Loop  (cost=6655.90..8801.27 rows=1321 width=29) (actual time=70.038..79.356 rows=1460 loops=1)
                          Join Filter: (ml.movie_id = t.id)
                          ->  Hash Join  (cost=6655.47..8067.94 rows=1460 width=8) (actual time=70.023..76.763 rows=1460 loops=1)
                                Hash Cond: (ml.link_type_id = lt.id)
                                ->  Hash Join  (cost=6654.07..8048.82 rows=1460 width=12) (actual time=70.011..76.423 rows=1460 loops=1)
                                      Hash Cond: (ml.movie_id = mk.movie_id)
                                      ->  Seq Scan on movie_link ml  (cost=0.00..462.97 rows=29997 width=8) (actual time=0.003..2.466 rows=29997 loops=1)
                                      ->  Hash  (cost=6061.53..6061.53 rows=47403 width=4) (actual time=69.898..69.898 rows=47403 loops=1)
                                            Buckets: 65536  Batches: 1  Memory Usage: 2179kB
                                            ->  Nested Loop  (cost=6.74..6061.53 rows=47403 width=4) (actual time=2.148..61.242 rows=47403 loops=1)
                                                  ->  Seq Scan on keyword k  (cost=0.00..2793.84 rows=3 width=4) (actual time=0.614..14.102 rows=3 loops=1)
                                                        Filter: (keyword = ANY ('{sequel,revenge,based-on-novel}'::text[]))
                                                        Rows Removed by Filter: 134167
                                                  ->  Bitmap Heap Scan on movie_keyword mk  (cost=6.74..1086.25 rows=298 width=8) (actual time=2.194..13.147 rows=15801 loops=3)
                                                        Recheck Cond: (keyword_id = k.id)
                                                        Heap Blocks: exact=23953
                                                        ->  Bitmap Index Scan on keyword_id_movie_keyword  (cost=0.00..6.67 rows=298 width=0) (actual time=1.197..1.197 rows=15801 loops=3)
                                                              Index Cond: (keyword_id = k.id)
                                ->  Hash  (cost=1.18..1.18 rows=18 width=4) (actual time=0.007..0.007 rows=18 loops=1)
                                      Buckets: 1024  Batches: 1  Memory Usage: 9kB
                                      ->  Seq Scan on link_type lt  (cost=0.00..1.18 rows=18 width=4) (actual time=0.001..0.004 rows=18 loops=1)
                          ->  Index Scan using title_pkey on title t  (cost=0.43..0.49 rows=1 width=21) (actual time=0.001..0.001 rows=1 loops=1460)
                                Index Cond: (id = mk.movie_id)
                                Filter: (production_year > 1950)
                    ->  Index Scan using movie_id_movie_companies on movie_companies mc  (cost=0.43..0.54 rows=3 width=36) (actual time=0.002..0.004 rows=11 loops=1460)
                          Index Cond: (movie_id = mk.movie_id)
                          Filter: (note IS NOT NULL)
                          Rows Removed by Filter: 2
              ->  Index Scan using company_name_pkey on company_name cn  (cost=0.42..0.46 rows=1 width=23) (actual time=0.001..0.001 rows=0 loops=15510)
                    Index Cond: (id = mc.company_id)
                    Filter: (((country_code)::text <> '[pl]'::text) AND ((name ~~ '20th Century Fox%'::text) OR (name ~~ 'Twentieth Century Fox%'::text)))
                    Rows Removed by Filter: 1
        ->  Hash  (cost=1.05..1.05 rows=3 width=4) (actual time=0.007..0.007 rows=3 loops=1)
              Buckets: 1024  Batches: 1  Memory Usage: 9kB
              ->  Seq Scan on company_type ct  (cost=0.00..1.05 rows=3 width=4) (actual time=0.004..0.005 rows=3 loops=1)
                    Filter: ((kind IS NOT NULL) AND ((kind)::text <> 'production companies'::text))
                    Rows Removed by Filter: 1
Planning time: 3.464 ms
Execution time: 115.519 ms
