Aggregate  (cost=19336.65..19336.66 rows=1 width=64) (actual time=6.322..6.322 rows=1 loops=1)
  ->  Hash Join  (cost=5174.42..19336.63 rows=4 width=59) (actual time=0.153..6.315 rows=10 loops=1)
        Hash Cond: (mc.company_type_id = ct.id)
        ->  Nested Loop  (cost=5173.34..19335.46 rows=8 width=63) (actual time=0.141..6.301 rows=10 loops=1)
              ->  Nested Loop  (cost=5172.92..19327.88 rows=17 width=67) (actual time=0.136..6.211 rows=33 loops=1)
                    ->  Nested Loop  (cost=5172.78..19327.54 rows=2 width=71) (actual time=0.062..1.974 rows=4959 loops=1)
                          Join Filter: (t.id = mi.movie_id)
                          ->  Nested Loop  (cost=5172.34..19325.56 rows=1 width=37) (actual time=0.055..0.091 rows=33 loops=1)
                                Join Filter: (t.id = mc.movie_id)
                                ->  Nested Loop  (cost=5171.91..19324.91 rows=1 width=25) (actual time=0.050..0.065 rows=2 loops=1)
                                      ->  Nested Loop  (cost=5171.48..19319.05 rows=10 width=4) (actual time=0.017..0.020 rows=10 loops=1)
                                            ->  Seq Scan on info_type it2  (cost=0.00..2.41 rows=1 width=4) (actual time=0.009..0.009 rows=1 loops=1)
                                                  Filter: ((info)::text = 'bottom 10 rank'::text)
                                                  Rows Removed by Filter: 112
                                            ->  Bitmap Heap Scan on movie_info_idx mi_idx  (cost=5171.48..16556.57 rows=276007 width=8) (actual time=0.007..0.008 rows=10 loops=1)
                                                  Recheck Cond: (info_type_id = it2.id)
                                                  Heap Blocks: exact=1
                                                  ->  Bitmap Index Scan on info_type_id_movie_info_idx  (cost=0.00..5102.48 rows=276007 width=0) (actual time=0.004..0.004 rows=10 loops=1)
                                                        Index Cond: (info_type_id = it2.id)
                                      ->  Index Scan using title_pkey on title t  (cost=0.43..0.59 rows=1 width=21) (actual time=0.004..0.004 rows=0 loops=10)
                                            Index Cond: (id = mi_idx.movie_id)
                                            Filter: ((production_year > 2000) AND ((title ~~ 'Birdemic%'::text) OR (title ~~ '%Movie%'::text)))
                                            Rows Removed by Filter: 1
                                ->  Index Scan using movie_id_movie_companies on movie_companies mc  (cost=0.43..0.59 rows=5 width=12) (actual time=0.005..0.009 rows=16 loops=2)
                                      Index Cond: (movie_id = mi_idx.movie_id)
                          ->  Index Scan using movie_id_movie_info on movie_info mi  (cost=0.43..1.46 rows=41 width=50) (actual time=0.002..0.028 rows=150 loops=33)
                                Index Cond: (movie_id = mc.movie_id)
                    ->  Index Scan using info_type_pkey on info_type it1  (cost=0.14..0.16 rows=1 width=4) (actual time=0.001..0.001 rows=0 loops=4959)
                          Index Cond: (id = mi.info_type_id)
                          Filter: ((info)::text = 'budget'::text)
                          Rows Removed by Filter: 1
              ->  Index Scan using company_name_pkey on company_name cn  (cost=0.42..0.45 rows=1 width=4) (actual time=0.002..0.002 rows=0 loops=33)
                    Index Cond: (id = mc.company_id)
                    Filter: ((country_code)::text = '[us]'::text)
                    Rows Removed by Filter: 1
        ->  Hash  (cost=1.06..1.06 rows=2 width=4) (actual time=0.007..0.007 rows=2 loops=1)
              Buckets: 1024  Batches: 1  Memory Usage: 9kB
              ->  Seq Scan on company_type ct  (cost=0.00..1.06 rows=2 width=4) (actual time=0.004..0.006 rows=2 loops=1)
                    Filter: ((kind IS NOT NULL) AND (((kind)::text = 'production companies'::text) OR ((kind)::text = 'distributors'::text)))
                    Rows Removed by Filter: 2
Planning time: 3.430 ms
Execution time: 6.397 ms
