Aggregate  (cost=113987.66..113987.67 rows=1 width=96) (actual time=1327.075..1327.076 rows=1 loops=1)
  ->  Nested Loop  (cost=31125.16..113987.13 rows=71 width=65) (actual time=515.373..1294.363 rows=111101 loops=1)
        Join Filter: (mi.info_type_id = it2.id)
        Rows Removed by Join Filter: 405226
        ->  Seq Scan on info_type it2  (cost=0.00..2.41 rows=1 width=4) (actual time=0.006..0.012 rows=1 loops=1)
              Filter: ((info)::text = 'release dates'::text)
              Rows Removed by Filter: 112
        ->  Nested Loop  (cost=31125.16..113885.08 rows=7971 width=69) (actual time=515.359..1243.049 rows=516327 loops=1)
              ->  Hash Join  (cost=31124.72..113418.06 rows=248 width=35) (actual time=515.347..970.164 rows=16470 loops=1)
                    Hash Cond: (t.kind_id = kt.id)
                    ->  Nested Loop  (cost=31123.62..113397.21 rows=1739 width=39) (actual time=295.634..964.034 rows=31510 loops=1)
                          ->  Hash Join  (cost=31123.19..112499.06 rows=1739 width=14) (actual time=295.619..892.942 rows=31510 loops=1)
                                Hash Cond: (mc.movie_id = miidx.movie_id)
                                ->  Hash Join  (cost=6055.08..82498.48 rows=71294 width=4) (actual time=25.514..597.470 rows=71294 loops=1)
                                      Hash Cond: (mc.company_id = cn.id)
                                      ->  Nested Loop  (cost=0.43..59590.99 rows=1334883 width=8) (actual time=0.013..412.202 rows=1334883 loops=1)
                                            ->  Seq Scan on company_type ct  (cost=0.00..1.05 rows=1 width=4) (actual time=0.001..0.004 rows=1 loops=1)
                                                  Filter: ((kind)::text = 'production companies'::text)
                                                  Rows Removed by Filter: 3
                                            ->  Index Scan using company_type_id_movie_companies on movie_companies mc  (cost=0.43..46544.30 rows=1304564 width=12) (actual time=0.011..212.022 rows=1334883 loops=1)
                                                  Index Cond: (company_type_id = ct.id)
                                      ->  Hash  (cost=5932.46..5932.46 rows=9775 width=4) (actual time=25.362..25.362 rows=9775 loops=1)
                                            Buckets: 16384  Batches: 1  Memory Usage: 472kB
                                            ->  Seq Scan on company_name cn  (cost=0.00..5932.46 rows=9775 width=4) (actual time=0.003..23.804 rows=9775 loops=1)
                                                  Filter: ((country_code)::text = '[de]'::text)
                                                  Rows Removed by Filter: 225222
                                ->  Hash  (cost=19319.05..19319.05 rows=459925 width=10) (actual time=268.476..268.476 rows=459925 loops=1)
                                      Buckets: 524288  Batches: 1  Memory Usage: 22062kB
                                      ->  Nested Loop  (cost=5171.48..19319.05 rows=459925 width=10) (actual time=16.049..165.416 rows=459925 loops=1)
                                            ->  Seq Scan on info_type it  (cost=0.00..2.41 rows=1 width=4) (actual time=0.012..0.016 rows=1 loops=1)
                                                  Filter: ((info)::text = 'rating'::text)
                                                  Rows Removed by Filter: 112
                                            ->  Bitmap Heap Scan on movie_info_idx miidx  (cost=5171.48..16556.57 rows=276007 width=14) (actual time=16.033..86.906 rows=459925 loops=1)
                                                  Recheck Cond: (info_type_id = it.id)
                                                  Heap Blocks: exact=7934
                                                  ->  Bitmap Index Scan on info_type_id_movie_info_idx  (cost=0.00..5102.48 rows=276007 width=0) (actual time=15.058..15.058 rows=459925 loops=1)
                                                        Index Cond: (info_type_id = it.id)
                          ->  Index Scan using title_pkey on title t  (cost=0.43..0.52 rows=1 width=25) (actual time=0.002..0.002 rows=1 loops=31510)
                                Index Cond: (id = mc.movie_id)
                    ->  Hash  (cost=1.09..1.09 rows=1 width=4) (actual time=0.005..0.005 rows=1 loops=1)
                          Buckets: 1024  Batches: 1  Memory Usage: 9kB
                          ->  Seq Scan on kind_type kt  (cost=0.00..1.09 rows=1 width=4) (actual time=0.002..0.003 rows=1 loops=1)
                                Filter: ((kind)::text = 'movie'::text)
                                Rows Removed by Filter: 6
              ->  Index Scan using movie_id_movie_info on movie_info mi  (cost=0.43..1.47 rows=41 width=50) (actual time=0.002..0.011 rows=31 loops=16470)
                    Index Cond: (movie_id = t.id)
Planning time: 4.955 ms
Execution time: 1327.227 ms
