Aggregate  (cost=131294.36..131294.37 rows=1 width=96) (actual time=10330.603..10330.603 rows=1 loops=1)
  ->  Nested Loop  (cost=66829.56..131290.26 rows=547 width=42) (actual time=542.493..10130.769 rows=670390 loops=1)
        ->  Nested Loop  (cost=66829.14..131000.43 rows=650 width=27) (actual time=542.481..7127.470 rows=1919495 loops=1)
              Join Filter: (mi.info_type_id = it2.id)
              Rows Removed by Join Filter: 8337075
              ->  Seq Scan on info_type it2  (cost=0.00..2.41 rows=1 width=4) (actual time=0.007..0.014 rows=1 loops=1)
                    Filter: ((info)::text = 'release dates'::text)
                    Rows Removed by Filter: 112
              ->  Nested Loop  (cost=66829.14..130079.60 rows=73473 width=31) (actual time=542.449..6170.396 rows=10256570 loops=1)
                    ->  Hash Join  (cost=66828.70..125904.67 rows=2217 width=39) (actual time=542.437..1571.877 rows=302610 loops=1)
                          Hash Cond: (mc.company_type_id = ct.id)
                          ->  Nested Loop  (cost=66827.64..123889.43 rows=193555 width=43) (actual time=542.422..1450.202 rows=773084 loops=1)
                                ->  Hash Join  (cost=66827.21..83905.24 rows=65704 width=31) (actual time=542.398..788.896 rows=209880 loops=1)
                                      Hash Cond: (miidx.movie_id = t.id)
                                      ->  Nested Loop  (cost=5171.48..19319.05 rows=459925 width=10) (actual time=16.059..168.610 rows=459925 loops=1)
                                            ->  Seq Scan on info_type it  (cost=0.00..2.41 rows=1 width=4) (actual time=0.008..0.011 rows=1 loops=1)
                                                  Filter: ((info)::text = 'rating'::text)
                                                  Rows Removed by Filter: 112
                                            ->  Bitmap Heap Scan on movie_info_idx miidx  (cost=5171.48..16556.57 rows=276007 width=14) (actual time=16.050..91.849 rows=459925 loops=1)
                                                  Recheck Cond: (info_type_id = it.id)
                                                  Heap Blocks: exact=7934
                                                  ->  Bitmap Index Scan on info_type_id_movie_info_idx  (cost=0.00..5102.48 rows=276007 width=0) (actual time=15.069..15.069 rows=459925 loops=1)
                                                        Index Cond: (info_type_id = it.id)
                                      ->  Hash  (cost=53370.41..53370.41 rows=662825 width=21) (actual time=423.605..423.605 rows=662825 loops=1)
                                            Buckets: 1048576  Batches: 1  Memory Usage: 44421kB
                                            ->  Nested Loop  (cost=7890.16..53370.41 rows=662825 width=21) (actual time=22.976..248.447 rows=662825 loops=1)
                                                  ->  Seq Scan on kind_type kt  (cost=0.00..1.09 rows=1 width=4) (actual time=0.008..0.012 rows=1 loops=1)
                                                        Filter: ((kind)::text = 'movie'::text)
                                                        Rows Removed by Filter: 6
                                                  ->  Bitmap Heap Scan on title t  (cost=7890.16..49155.48 rows=421385 width=25) (actual time=22.963..140.018 rows=662825 loops=1)
                                                        Recheck Cond: (kind_id = kt.id)
                                                        Heap Blocks: exact=12863
                                                        ->  Bitmap Index Scan on kind_id_title  (cost=0.00..7784.82 rows=421385 width=0) (actual time=21.405..21.405 rows=662825 loops=1)
                                                              Index Cond: (kind_id = kt.id)
                                ->  Index Scan using movie_id_movie_companies on movie_companies mc  (cost=0.43..0.56 rows=5 width=12) (actual time=0.001..0.002 rows=4 loops=209880)
                                      Index Cond: (movie_id = t.id)
                          ->  Hash  (cost=1.05..1.05 rows=1 width=4) (actual time=0.009..0.009 rows=1 loops=1)
                                Buckets: 1024  Batches: 1  Memory Usage: 9kB
                                ->  Seq Scan on company_type ct  (cost=0.00..1.05 rows=1 width=4) (actual time=0.002..0.002 rows=1 loops=1)
                                      Filter: ((kind)::text = 'production companies'::text)
                                      Rows Removed by Filter: 3
                    ->  Index Scan using movie_id_movie_info on movie_info mi  (cost=0.43..1.47 rows=41 width=8) (actual time=0.002..0.010 rows=34 loops=302610)
                          Index Cond: (movie_id = t.id)
        ->  Index Scan using company_name_pkey on company_name cn  (cost=0.42..0.45 rows=1 width=23) (actual time=0.001..0.001 rows=0 loops=1919495)
              Index Cond: (id = mc.company_id)
              Filter: ((country_code)::text = '[us]'::text)
              Rows Removed by Filter: 1
Planning time: 4.984 ms
Execution time: 10330.841 ms
