Aggregate  (cost=103191.65..103191.66 rows=1 width=64) (actual time=590.133..590.133 rows=1 loops=1)
  ->  Nested Loop  (cost=69083.46..103190.01 rows=328 width=59) (actual time=371.548..589.997 rows=328 loops=1)
        ->  Nested Loop  (cost=69083.04..103046.36 rows=328 width=63) (actual time=371.538..589.301 rows=328 loops=1)
              ->  Nested Loop  (cost=69082.61..102943.52 rows=57 width=75) (actual time=371.163..588.959 rows=57 loops=1)
                    Join Filter: (mi.info_type_id = it1.id)
                    ->  Nested Loop  (cost=69082.61..102940.25 rows=57 width=79) (actual time=371.156..588.922 rows=57 loops=1)
                          Join Filter: (mc.company_type_id = ct.id)
                          ->  Nested Loop  (cost=69082.61..102936.29 rows=57 width=83) (actual time=371.145..588.873 rows=57 loops=1)
                                ->  Nested Loop  (cost=69082.18..92902.70 rows=5134 width=33) (actual time=370.075..486.830 rows=5134 loops=1)
                                      ->  Merge Join  (cost=69081.75..79918.06 rows=13699 width=12) (actual time=370.061..455.395 rows=13699 loops=1)
                                            Merge Cond: (mc.movie_id = at.movie_id)
                                            ->  Sort  (cost=69078.25..69187.84 rows=43837 width=8) (actual time=370.013..373.488 rows=43837 loops=1)
                                                  Sort Key: mc.movie_id
                                                  Sort Method: quicksort  Memory: 3591kB
                                                  ->  Hash Join  (cost=6993.00..65698.44 rows=43837 width=8) (actual time=45.933..361.318 rows=43837 loops=1)
                                                        Hash Cond: (mc.company_id = cn.id)
                                                        ->  Seq Scan on movie_companies mc  (cost=0.00..57926.93 rows=61664 width=12) (actual time=0.008..300.640 rows=61664 loops=1)
                                                              Filter: ((note ~~ '%(200%)%'::text) AND (note ~~ '%(worldwide)%'::text))
                                                              Rows Removed by Filter: 2547465
                                                        ->  Hash  (cost=5932.46..5932.46 rows=84843 width=4) (actual time=45.775..45.775 rows=84843 loops=1)
                                                              Buckets: 131072  Batches: 1  Memory Usage: 4007kB
                                                              ->  Seq Scan on company_name cn  (cost=0.00..5932.46 rows=84843 width=4) (actual time=0.004..32.246 rows=84843 loops=1)
                                                                    Filter: ((country_code)::text = '[us]'::text)
                                                                    Rows Removed by Filter: 150154
                                            ->  Index Only Scan using movie_id_aka_title on aka_title at  (cost=0.42..9398.50 rows=361472 width=4) (actual time=0.020..45.896 rows=365191 loops=1)
                                                  Heap Fetches: 0
                                      ->  Index Scan using title_pkey on title t  (cost=0.43..0.95 rows=1 width=21) (actual time=0.002..0.002 rows=0 loops=13699)
                                            Index Cond: (id = at.movie_id)
                                            Filter: (production_year > 2000)
                                            Rows Removed by Filter: 1
                                ->  Index Scan using movie_id_movie_info on movie_info mi  (cost=0.43..1.94 rows=1 width=50) (actual time=0.020..0.020 rows=0 loops=5134)
                                      Index Cond: (movie_id = t.id)
                                      Filter: ((note ~~ '%internet%'::text) AND (info ~~ 'USA:% 200%'::text))
                                      Rows Removed by Filter: 72
                          ->  Materialize  (cost=0.00..1.06 rows=4 width=4) (actual time=0.000..0.000 rows=1 loops=57)
                                ->  Seq Scan on company_type ct  (cost=0.00..1.04 rows=4 width=4) (actual time=0.006..0.006 rows=1 loops=1)
                    ->  Materialize  (cost=0.00..2.42 rows=1 width=4) (actual time=0.000..0.000 rows=1 loops=57)
                          ->  Seq Scan on info_type it1  (cost=0.00..2.41 rows=1 width=4) (actual time=0.005..0.005 rows=1 loops=1)
                                Filter: ((info)::text = 'release dates'::text)
                                Rows Removed by Filter: 15
              ->  Index Scan using movie_id_movie_keyword on movie_keyword mk  (cost=0.43..1.34 rows=46 width=8) (actual time=0.003..0.004 rows=6 loops=57)
                    Index Cond: (movie_id = t.id)
        ->  Index Only Scan using keyword_pkey on keyword k  (cost=0.42..0.44 rows=1 width=4) (actual time=0.002..0.002 rows=1 loops=328)
              Index Cond: (id = mk.keyword_id)
              Heap Fetches: 0
Planning time: 7.851 ms
Execution time: 590.224 ms
