Aggregate  (cost=95188.16..95188.17 rows=1 width=64) (actual time=591.364..591.364 rows=1 loops=1)
  ->  Nested Loop  (cost=69083.59..95188.07 rows=18 width=59) (actual time=373.308..591.225 rows=328 loops=1)
        ->  Nested Loop  (cost=69083.17..95180.19 rows=18 width=63) (actual time=373.296..590.528 rows=328 loops=1)
              ->  Nested Loop  (cost=69082.74..95178.38 rows=1 width=75) (actual time=372.917..590.187 rows=57 loops=1)
                    ->  Nested Loop  (cost=69082.61..95178.23 rows=1 width=79) (actual time=372.911..590.092 rows=57 loops=1)
                          Join Filter: (mi.info_type_id = it1.id)
                          ->  Nested Loop  (cost=69082.61..95175.51 rows=20 width=83) (actual time=372.898..590.038 rows=57 loops=1)
                                ->  Nested Loop  (cost=69082.18..87092.36 rows=4136 width=33) (actual time=371.811..487.419 rows=5134 loops=1)
                                      ->  Merge Join  (cost=69081.75..79918.06 rows=7569 width=12) (actual time=371.798..455.814 rows=13699 loops=1)
                                            Merge Cond: (mc.movie_id = at.movie_id)
                                            ->  Sort  (cost=69078.25..69187.84 rows=43837 width=8) (actual time=371.750..375.218 rows=43837 loops=1)
                                                  Sort Key: mc.movie_id
                                                  Sort Method: quicksort  Memory: 3591kB
                                                  ->  Hash Join  (cost=6993.00..65698.44 rows=43837 width=8) (actual time=45.888..362.996 rows=43837 loops=1)
                                                        Hash Cond: (mc.company_id = cn.id)
                                                        ->  Seq Scan on movie_companies mc  (cost=0.00..57926.93 rows=61664 width=12) (actual time=0.009..302.323 rows=61664 loops=1)
                                                              Filter: ((note ~~ '%(200%)%'::text) AND (note ~~ '%(worldwide)%'::text))
                                                              Rows Removed by Filter: 2547465
                                                        ->  Hash  (cost=5932.46..5932.46 rows=84843 width=4) (actual time=45.730..45.730 rows=84843 loops=1)
                                                              Buckets: 131072  Batches: 1  Memory Usage: 4007kB
                                                              ->  Seq Scan on company_name cn  (cost=0.00..5932.46 rows=84843 width=4) (actual time=0.004..32.265 rows=84843 loops=1)
                                                                    Filter: ((country_code)::text = '[us]'::text)
                                                                    Rows Removed by Filter: 150154
                                            ->  Index Only Scan using movie_id_aka_title on aka_title at  (cost=0.42..9398.50 rows=361472 width=4) (actual time=0.021..44.746 rows=365191 loops=1)
                                                  Heap Fetches: 0
                                      ->  Index Scan using title_pkey on title t  (cost=0.43..0.95 rows=1 width=21) (actual time=0.002..0.002 rows=0 loops=13699)
                                            Index Cond: (id = at.movie_id)
                                            Filter: (production_year > 2000)
                                            Rows Removed by Filter: 1
                                ->  Index Scan using movie_id_movie_info on movie_info mi  (cost=0.43..1.94 rows=1 width=50) (actual time=0.020..0.020 rows=0 loops=5134)
                                      Index Cond: (movie_id = t.id)
                                      Filter: ((note ~~ '%internet%'::text) AND (info ~~ 'USA:% 200%'::text))
                                      Rows Removed by Filter: 72
                          ->  Materialize  (cost=0.00..2.42 rows=1 width=4) (actual time=0.000..0.000 rows=1 loops=57)
                                ->  Seq Scan on info_type it1  (cost=0.00..2.41 rows=1 width=4) (actual time=0.009..0.009 rows=1 loops=1)
                                      Filter: ((info)::text = 'release dates'::text)
                                      Rows Removed by Filter: 15
                    ->  Index Only Scan using company_type_pkey on company_type ct  (cost=0.13..0.15 rows=1 width=4) (actual time=0.001..0.001 rows=1 loops=57)
                          Index Cond: (id = mc.company_type_id)
                          Heap Fetches: 0
              ->  Index Scan using movie_id_movie_keyword on movie_keyword mk  (cost=0.43..1.34 rows=46 width=8) (actual time=0.003..0.004 rows=6 loops=57)
                    Index Cond: (movie_id = t.id)
        ->  Index Only Scan using keyword_pkey on keyword k  (cost=0.42..0.44 rows=1 width=4) (actual time=0.002..0.002 rows=1 loops=328)
              Index Cond: (id = mk.keyword_id)
              Heap Fetches: 0
Planning time: 7.884 ms
Execution time: 591.451 ms
