Aggregate  (cost=110990.82..110990.83 rows=1 width=64) (actual time=597.879..597.879 rows=1 loops=1)
  ->  Nested Loop  (cost=6995.27..110990.73 rows=18 width=59) (actual time=53.617..597.728 rows=328 loops=1)
        ->  Nested Loop  (cost=6994.85..110982.84 rows=18 width=63) (actual time=53.608..596.999 rows=328 loops=1)
              ->  Nested Loop  (cost=6994.42..110981.04 rows=1 width=75) (actual time=51.458..596.635 rows=57 loops=1)
                    ->  Nested Loop  (cost=6994.29..110980.88 rows=1 width=79) (actual time=51.452..596.530 rows=57 loops=1)
                          Join Filter: (mi.info_type_id = it1.id)
                          ->  Nested Loop  (cost=6994.29..110977.82 rows=43 width=83) (actual time=51.440..596.469 rows=57 loops=1)
                                ->  Nested Loop  (cost=6993.85..93707.32 rows=8837 width=33) (actual time=46.260..492.875 rows=5134 loops=1)
                                      ->  Nested Loop  (cost=6993.42..78376.74 rows=16174 width=12) (actual time=46.249..460.878 rows=13699 loops=1)
                                            ->  Hash Join  (cost=6993.00..65698.44 rows=22263 width=8) (actual time=46.032..394.800 rows=43837 loops=1)
                                                  Hash Cond: (mc.company_id = cn.id)
                                                  ->  Seq Scan on movie_companies mc  (cost=0.00..57926.93 rows=61664 width=12) (actual time=0.008..332.099 rows=61664 loops=1)
                                                        Filter: ((note ~~ '%(200%)%'::text) AND (note ~~ '%(worldwide)%'::text))
                                                        Rows Removed by Filter: 2547465
                                                  ->  Hash  (cost=5932.46..5932.46 rows=84843 width=4) (actual time=45.875..45.875 rows=84843 loops=1)
                                                        Buckets: 131072  Batches: 1  Memory Usage: 4007kB
                                                        ->  Seq Scan on company_name cn  (cost=0.00..5932.46 rows=84843 width=4) (actual time=0.004..32.400 rows=84843 loops=1)
                                                              Filter: ((country_code)::text = '[us]'::text)
                                                              Rows Removed by Filter: 150154
                                            ->  Index Only Scan using movie_id_aka_title on aka_title at  (cost=0.42..0.54 rows=3 width=4) (actual time=0.001..0.001 rows=0 loops=43837)
                                                  Index Cond: (movie_id = mc.movie_id)
                                                  Heap Fetches: 0
                                      ->  Index Scan using title_pkey on title t  (cost=0.43..0.95 rows=1 width=21) (actual time=0.002..0.002 rows=0 loops=13699)
                                            Index Cond: (id = at.movie_id)
                                            Filter: (production_year > 2000)
                                            Rows Removed by Filter: 1
                                ->  Index Scan using movie_id_movie_info on movie_info mi  (cost=0.43..1.94 rows=1 width=50) (actual time=0.020..0.020 rows=0 loops=5134)
                                      Index Cond: (movie_id = t.id)
                                      Filter: ((note ~~ '%internet%'::text) AND (info ~~ 'USA:% 200%'::text))
                                      Rows Removed by Filter: 72
                          ->  Materialize  (cost=0.00..2.42 rows=1 width=4) (actual time=0.000..0.000 rows=1 loops=57)
                                ->  Seq Scan on info_type it1  (cost=0.00..2.41 rows=1 width=4) (actual time=0.007..0.007 rows=1 loops=1)
                                      Filter: ((info)::text = 'release dates'::text)
                                      Rows Removed by Filter: 15
                    ->  Index Only Scan using company_type_pkey on company_type ct  (cost=0.13..0.15 rows=1 width=4) (actual time=0.001..0.001 rows=1 loops=57)
                          Index Cond: (id = mc.company_type_id)
                          Heap Fetches: 0
              ->  Index Scan using movie_id_movie_keyword on movie_keyword mk  (cost=0.43..1.34 rows=46 width=8) (actual time=0.004..0.005 rows=6 loops=57)
                    Index Cond: (movie_id = t.id)
        ->  Index Only Scan using keyword_pkey on keyword k  (cost=0.42..0.44 rows=1 width=4) (actual time=0.002..0.002 rows=1 loops=328)
              Index Cond: (id = mk.keyword_id)
              Heap Fetches: 0
Planning time: 8.030 ms
Execution time: 597.974 ms
