Aggregate  (cost=183782.04..183782.05 rows=1 width=64) (actual time=504.533..504.533 rows=1 loops=1)
  ->  Nested Loop  (cost=3976.66..183778.97 rows=615 width=59) (actual time=98.754..503.676 rows=2271 loops=1)
        ->  Nested Loop  (cost=3976.24..183738.39 rows=91 width=63) (actual time=98.745..497.923 rows=3123 loops=1)
              ->  Nested Loop  (cost=3975.82..183698.54 rows=91 width=67) (actual time=98.735..492.247 rows=3123 loops=1)
                    ->  Nested Loop  (cost=3975.38..183693.19 rows=3 width=79) (actual time=98.726..490.104 rows=400 loops=1)
                          Join Filter: (at.movie_id = t.id)
                          ->  Hash Join  (cost=3974.95..183691.07 rows=4 width=58) (actual time=98.716..488.977 rows=400 loops=1)
                                Hash Cond: (mc.company_type_id = ct.id)
                                ->  Nested Loop  (cost=3973.86..183685.82 rows=400 width=62) (actual time=98.700..488.802 rows=400 loops=1)
                                      ->  Nested Loop  (cost=3973.43..183583.26 rows=120 width=50) (actual time=98.690..487.976 rows=120 loops=1)
                                            ->  Nested Loop  (cost=3973.01..178922.85 rows=1783 width=46) (actual time=97.595..484.140 rows=1783 loops=1)
                                                  ->  Seq Scan on info_type it1  (cost=0.00..2.41 rows=1 width=4) (actual time=0.004..0.013 rows=1 loops=1)
                                                        Filter: ((info)::text = 'release dates'::text)
                                                        Rows Removed by Filter: 112
                                                  ->  Bitmap Heap Scan on movie_info mi  (cost=3973.01..178920.38 rows=5 width=50) (actual time=97.589..483.806 rows=1783 loops=1)
                                                        Recheck Cond: (info_type_id = it1.id)
                                                        Filter: ((info IS NOT NULL) AND (note ~~ '%internet%'::text) AND ((info ~~ 'USA:% 199%'::text) OR (info ~~ 'USA:% 200%'::text)))
                                                        Rows Removed by Filter: 3034936
                                                        Heap Blocks: exact=25448
                                                        ->  Bitmap Index Scan on info_type_id_movie_info  (cost=0.00..3973.01 rows=215010 width=0) (actual time=93.939..93.939 rows=3036719 loops=1)
                                                              Index Cond: (info_type_id = it1.id)
                                            ->  Index Only Scan using movie_id_aka_title on aka_title at  (cost=0.42..2.58 rows=3 width=4) (actual time=0.002..0.002 rows=0 loops=1783)
                                                  Index Cond: (movie_id = mi.movie_id)
                                                  Heap Fetches: 0
                                      ->  Index Scan using movie_id_movie_companies on movie_companies mc  (cost=0.43..0.80 rows=5 width=12) (actual time=0.004..0.006 rows=3 loops=120)
                                            Index Cond: (movie_id = at.movie_id)
                                ->  Hash  (cost=1.04..1.04 rows=4 width=4) (actual time=0.008..0.008 rows=4 loops=1)
                                      Buckets: 1024  Batches: 1  Memory Usage: 9kB
                                      ->  Seq Scan on company_type ct  (cost=0.00..1.04 rows=4 width=4) (actual time=0.005..0.006 rows=4 loops=1)
                          ->  Index Scan using title_pkey on title t  (cost=0.43..0.52 rows=1 width=21) (actual time=0.002..0.002 rows=1 loops=400)
                                Index Cond: (id = mc.movie_id)
                                Filter: (production_year > 1990)
                    ->  Index Scan using movie_id_movie_keyword on movie_keyword mk  (cost=0.43..1.32 rows=46 width=8) (actual time=0.002..0.004 rows=8 loops=400)
                          Index Cond: (movie_id = t.id)
              ->  Index Only Scan using keyword_pkey on keyword k  (cost=0.42..0.44 rows=1 width=4) (actual time=0.001..0.001 rows=1 loops=3123)
                    Index Cond: (id = mk.keyword_id)
                    Heap Fetches: 0
        ->  Index Scan using company_name_pkey on company_name cn  (cost=0.42..0.45 rows=1 width=4) (actual time=0.002..0.002 rows=1 loops=3123)
              Index Cond: (id = mc.company_id)
              Filter: ((country_code)::text = '[us]'::text)
              Rows Removed by Filter: 0
Planning time: 8.127 ms
Execution time: 504.615 ms
