Aggregate  (cost=183713.75..183713.76 rows=1 width=64) (actual time=1248.833..1248.833 rows=1 loops=1)
  ->  Hash Join  (cost=152496.51..176765.27 rows=1389695 width=33) (actual time=856.751..1184.482 rows=319932 loops=1)
        Hash Cond: (an.person_id = n.id)
        ->  Seq Scan on aka_name an  (cost=0.00..20409.43 rows=901343 width=20) (actual time=0.003..75.681 rows=901343 loops=1)
        ->  Hash  (cost=149726.40..149726.40 rows=221609 width=25) (actual time=856.483..856.483 rows=221609 loops=1)
              Buckets: 262144  Batches: 1  Memory Usage: 15747kB
              ->  Nested Loop  (cost=9.02..149726.40 rows=221609 width=25) (actual time=4.626..810.782 rows=221609 loops=1)
                    ->  Nested Loop  (cost=8.59..50186.44 rows=221609 width=21) (actual time=4.616..380.280 rows=221609 loops=1)
                          Join Filter: (t.id = ci.movie_id)
                          ->  Nested Loop  (cost=8.02..33483.59 rows=8538 width=29) (actual time=4.604..182.456 rows=8538 loops=1)
                                ->  Nested Loop  (cost=7.60..28397.73 rows=11406 width=33) (actual time=4.455..157.335 rows=11406 loops=1)
                                      Join Filter: (t.id = mc.movie_id)
                                      ->  Nested Loop  (cost=7.17..24221.76 rows=6926 width=25) (actual time=4.419..136.907 rows=6926 loops=1)
                                            ->  Nested Loop  (cost=6.74..3729.38 rows=41840 width=4) (actual time=4.406..39.886 rows=41840 loops=1)
                                                  ->  Seq Scan on keyword k  (cost=0.00..2626.12 rows=1 width=4) (actual time=0.400..8.431 rows=1 loops=1)
                                                        Filter: (keyword = 'character-name-in-title'::text)
                                                        Rows Removed by Filter: 134169
                                                  ->  Bitmap Heap Scan on movie_keyword mk  (cost=6.74..1100.27 rows=298 width=8) (actual time=4.005..25.134 rows=41840 loops=1)
                                                        Recheck Cond: (keyword_id = k.id)
                                                        Heap Blocks: exact=11541
                                                        ->  Bitmap Index Scan on keyword_id_movie_keyword  (cost=0.00..6.67 rows=298 width=0) (actual time=2.434..2.434 rows=41840 loops=1)
                                                              Index Cond: (keyword_id = k.id)
                                            ->  Index Scan using title_pkey on title t  (cost=0.43..0.49 rows=1 width=21) (actual time=0.002..0.002 rows=0 loops=41840)
                                                  Index Cond: (id = mk.movie_id)
                                                  Filter: (episode_nr < 100)
                                                  Rows Removed by Filter: 1
                                      ->  Index Scan using movie_id_movie_companies on movie_companies mc  (cost=0.43..0.54 rows=5 width=8) (actual time=0.002..0.002 rows=2 loops=6926)
                                            Index Cond: (movie_id = mk.movie_id)
                                ->  Index Scan using company_name_pkey on company_name cn  (cost=0.42..0.45 rows=1 width=4) (actual time=0.002..0.002 rows=1 loops=11406)
                                      Index Cond: (id = mc.company_id)
                                      Filter: ((country_code)::text = '[us]'::text)
                                      Rows Removed by Filter: 0
                          ->  Index Scan using movie_id_cast_info on cast_info ci  (cost=0.56..1.51 rows=36 width=8) (actual time=0.003..0.018 rows=26 loops=8538)
                                Index Cond: (movie_id = mk.movie_id)
                    ->  Index Only Scan using name_pkey on name n  (cost=0.43..0.45 rows=1 width=4) (actual time=0.002..0.002 rows=1 loops=221609)
                          Index Cond: (id = ci.person_id)
                          Heap Fetches: 0
Planning time: 3.825 ms
Execution time: 1248.964 ms
