Aggregate  (cost=174336.56..174336.57 rows=1 width=64) (actual time=1426.189..1426.189 rows=1 loops=1)
  ->  Nested Loop  (cost=72920.88..174325.59 rows=2193 width=33) (actual time=446.154..1362.301 rows=249455 loops=1)
        Join Filter: (an.person_id = n.id)
        ->  Hash Join  (cost=72920.45..173313.15 rows=2193 width=41) (actual time=446.139..998.200 rows=249455 loops=1)
              Hash Cond: (mc.company_id = cn.id)
              ->  Merge Join  (cost=65927.45..135722.06 rows=2423618 width=45) (actual time=399.532..878.683 rows=317940 loops=1)
                    Merge Cond: (an.person_id = ci.person_id)
                    ->  Index Scan using person_id_aka_name on aka_name an  (cost=0.42..68913.66 rows=901343 width=20) (actual time=0.013..259.376 rows=772499 loops=1)
                    ->  Sort  (cost=65923.70..66522.66 rows=239584 width=25) (actual time=399.502..454.212 rows=408137 loops=1)
                          Sort Key: ci.person_id
                          Sort Method: quicksort  Memory: 25551kB
                          ->  Nested Loop  (cost=8.17..44516.67 rows=239584 width=25) (actual time=4.435..328.098 rows=239584 loops=1)
                                Join Filter: (t.id = ci.movie_id)
                                ->  Nested Loop  (cost=7.60..27573.20 rows=8661 width=33) (actual time=4.422..147.353 rows=8661 loops=1)
                                      Join Filter: (t.id = mc.movie_id)
                                      ->  Nested Loop  (cost=7.17..24326.36 rows=5385 width=25) (actual time=4.384..132.419 rows=5385 loops=1)
                                            ->  Nested Loop  (cost=6.74..3729.38 rows=41840 width=4) (actual time=4.371..40.262 rows=41840 loops=1)
                                                  ->  Seq Scan on keyword k  (cost=0.00..2626.12 rows=1 width=4) (actual time=0.359..9.340 rows=1 loops=1)
                                                        Filter: (keyword = 'character-name-in-title'::text)
                                                        Rows Removed by Filter: 134169
                                                  ->  Bitmap Heap Scan on movie_keyword mk  (cost=6.74..1100.27 rows=298 width=8) (actual time=4.009..24.535 rows=41840 loops=1)
                                                        Recheck Cond: (keyword_id = k.id)
                                                        Heap Blocks: exact=11541
                                                        ->  Bitmap Index Scan on keyword_id_movie_keyword  (cost=0.00..6.67 rows=298 width=0) (actual time=2.455..2.455 rows=41840 loops=1)
                                                              Index Cond: (keyword_id = k.id)
                                            ->  Index Scan using title_pkey on title t  (cost=0.43..0.49 rows=1 width=21) (actual time=0.002..0.002 rows=0 loops=41840)
                                                  Index Cond: (id = mk.movie_id)
                                                  Filter: ((episode_nr >= 5) AND (episode_nr < 100))
                                                  Rows Removed by Filter: 1
                                      ->  Index Scan using movie_id_movie_companies on movie_companies mc  (cost=0.43..0.54 rows=5 width=8) (actual time=0.002..0.002 rows=2 loops=5385)
                                            Index Cond: (movie_id = mk.movie_id)
                                ->  Index Scan using movie_id_cast_info on cast_info ci  (cost=0.56..1.51 rows=36 width=8) (actual time=0.002..0.015 rows=28 loops=8661)
                                      Index Cond: (movie_id = mk.movie_id)
              ->  Hash  (cost=5932.46..5932.46 rows=84843 width=4) (actual time=46.455..46.455 rows=84843 loops=1)
                    Buckets: 131072  Batches: 1  Memory Usage: 4007kB
                    ->  Seq Scan on company_name cn  (cost=0.00..5932.46 rows=84843 width=4) (actual time=0.006..32.304 rows=84843 loops=1)
                          Filter: ((country_code)::text = '[us]'::text)
                          Rows Removed by Filter: 150154
        ->  Index Only Scan using name_pkey on name n  (cost=0.43..0.45 rows=1 width=4) (actual time=0.001..0.001 rows=1 loops=249455)
              Index Cond: (id = ci.person_id)
              Heap Fetches: 0
Planning time: 3.828 ms
Execution time: 1426.920 ms
