Aggregate  (cost=38806.38..38806.39 rows=1 width=64) (actual time=9694.364..9694.364 rows=1 loops=1)
  ->  Nested Loop  (cost=7001.60..38805.98 rows=80 width=15) (actual time=50.519..9640.241 rows=258289 loops=1)
        ->  Nested Loop  (cost=7001.17..38770.10 rows=80 width=27) (actual time=50.509..9230.056 rows=258289 loops=1)
              ->  Nested Loop  (cost=7000.74..38324.20 rows=974 width=16) (actual time=50.490..2545.060 rows=2832555 loops=1)
                    ->  Hash Join  (cost=7000.17..38178.62 rows=78 width=8) (actual time=50.418..304.091 rows=68316 loops=1)
                          Hash Cond: (mc.company_id = cn.id)
                          ->  Nested Loop  (cost=7.17..28433.47 rows=217993 width=12) (actual time=4.360..204.349 rows=148552 loops=1)
                                ->  Nested Loop  (cost=6.74..3729.38 rows=41840 width=4) (actual time=4.346..44.994 rows=41840 loops=1)
                                      ->  Seq Scan on keyword k  (cost=0.00..2626.12 rows=1 width=4) (actual time=0.399..8.488 rows=1 loops=1)
                                            Filter: (keyword = 'character-name-in-title'::text)
                                            Rows Removed by Filter: 134169
                                      ->  Bitmap Heap Scan on movie_keyword mk  (cost=6.74..1100.27 rows=298 width=8) (actual time=3.946..28.432 rows=41840 loops=1)
                                            Recheck Cond: (keyword_id = k.id)
                                            Heap Blocks: exact=11541
                                            ->  Bitmap Index Scan on keyword_id_movie_keyword  (cost=0.00..6.67 rows=298 width=0) (actual time=2.441..2.441 rows=41840 loops=1)
                                                  Index Cond: (keyword_id = k.id)
                                ->  Index Scan using movie_id_movie_companies on movie_companies mc  (cost=0.43..0.54 rows=5 width=8) (actual time=0.002..0.003 rows=4 loops=41840)
                                      Index Cond: (movie_id = mk.movie_id)
                          ->  Hash  (cost=5932.46..5932.46 rows=84843 width=4) (actual time=45.869..45.869 rows=84843 loops=1)
                                Buckets: 131072  Batches: 1  Memory Usage: 4007kB
                                ->  Seq Scan on company_name cn  (cost=0.00..5932.46 rows=84843 width=4) (actual time=0.007..31.981 rows=84843 loops=1)
                                      Filter: ((country_code)::text = '[us]'::text)
                                      Rows Removed by Filter: 150154
                    ->  Index Scan using movie_id_cast_info on cast_info ci  (cost=0.56..1.51 rows=36 width=8) (actual time=0.003..0.025 rows=41 loops=68316)
                          Index Cond: (movie_id = mk.movie_id)
              ->  Index Scan using name_pkey on name n  (cost=0.43..0.46 rows=1 width=19) (actual time=0.002..0.002 rows=0 loops=2832555)
                    Index Cond: (id = ci.person_id)
                    Filter: (name ~~ 'B%'::text)
                    Rows Removed by Filter: 1
        ->  Index Only Scan using title_pkey on title t  (cost=0.43..0.45 rows=1 width=4) (actual time=0.001..0.001 rows=1 loops=258289)
              Index Cond: (id = ci.movie_id)
              Heap Fetches: 0
Planning time: 2.370 ms
Execution time: 9694.443 ms
