Aggregate  (cost=300127.01..300127.02 rows=1 width=64) (actual time=2748.832..2748.832 rows=1 loops=1)
  ->  Hash Join  (cost=119000.29..298835.56 rows=258289 width=15) (actual time=528.706..2699.790 rows=258289 loops=1)
        Hash Cond: (mc.company_id = cn.id)
        ->  Nested Loop  (cost=112007.29..282969.12 rows=702849 width=19) (actual time=481.574..2530.544 rows=702849 loops=1)
              ->  Hash Join  (cost=112006.86..229745.64 rows=93315 width=27) (actual time=481.238..2102.006 rows=93315 loops=1)
                    Hash Cond: (ci.person_id = n.id)
                    ->  Nested Loop  (cost=7.74..104636.81 rows=1038393 width=16) (actual time=3.943..1364.354 rows=1038393 loops=1)
                          Join Filter: (t.id = ci.movie_id)
                          ->  Nested Loop  (cost=7.17..22785.43 rows=41840 width=8) (actual time=3.930..123.849 rows=41840 loops=1)
                                ->  Nested Loop  (cost=6.74..3729.38 rows=41840 width=4) (actual time=3.917..42.475 rows=41840 loops=1)
                                      ->  Seq Scan on keyword k  (cost=0.00..2626.12 rows=1 width=4) (actual time=0.359..8.403 rows=1 loops=1)
                                            Filter: (keyword = 'character-name-in-title'::text)
                                            Rows Removed by Filter: 134169
                                      ->  Bitmap Heap Scan on movie_keyword mk  (cost=6.74..1100.27 rows=298 width=8) (actual time=3.553..26.218 rows=41840 loops=1)
                                            Recheck Cond: (keyword_id = k.id)
                                            Heap Blocks: exact=11541
                                            ->  Bitmap Index Scan on keyword_id_movie_keyword  (cost=0.00..6.67 rows=298 width=0) (actual time=2.187..2.187 rows=41840 loops=1)
                                                  Index Cond: (keyword_id = k.id)
                                ->  Index Only Scan using title_pkey on title t  (cost=0.43..0.46 rows=1 width=4) (actual time=0.002..0.002 rows=1 loops=41840)
                                      Index Cond: (id = mk.movie_id)
                                      Heap Fetches: 0
                          ->  Index Scan using movie_id_cast_info on cast_info ci  (cost=0.56..1.51 rows=36 width=8) (actual time=0.003..0.025 rows=25 loops=41840)
                                Index Cond: (movie_id = mk.movie_id)
                    ->  Hash  (cost=107706.64..107706.64 rows=343399 width=19) (actual time=476.713..476.713 rows=343399 loops=1)
                          Buckets: 524288  Batches: 1  Memory Usage: 21878kB
                          ->  Seq Scan on name n  (cost=0.00..107706.64 rows=343399 width=19) (actual time=6.524..401.470 rows=343399 loops=1)
                                Filter: (name ~~ 'B%'::text)
                                Rows Removed by Filter: 3824092
              ->  Index Scan using movie_id_movie_companies on movie_companies mc  (cost=0.43..0.52 rows=5 width=8) (actual time=0.002..0.003 rows=8 loops=93315)
                    Index Cond: (movie_id = ci.movie_id)
        ->  Hash  (cost=5932.46..5932.46 rows=84843 width=4) (actual time=46.849..46.849 rows=84843 loops=1)
              Buckets: 131072  Batches: 1  Memory Usage: 4007kB
              ->  Seq Scan on company_name cn  (cost=0.00..5932.46 rows=84843 width=4) (actual time=0.004..32.189 rows=84843 loops=1)
                    Filter: ((country_code)::text = '[us]'::text)
                    Rows Removed by Filter: 150154
Planning time: 2.223 ms
Execution time: 2748.969 ms
