Aggregate  (cost=4373.63..4373.64 rows=1 width=64) (actual time=4829.669..4829.669 rows=1 loops=1)
  ->  Nested Loop  (cost=9.02..4373.50 rows=27 width=15) (actual time=6.351..4819.199 rows=52306 loops=1)
        ->  Nested Loop  (cost=8.60..4361.65 rows=27 width=19) (actual time=6.343..4717.772 rows=52306 loops=1)
              ->  Nested Loop  (cost=8.17..4355.38 rows=11 width=27) (actual time=6.336..4676.643 rows=6642 loops=1)
                    ->  Nested Loop  (cost=7.74..4350.44 rows=11 width=23) (actual time=6.328..4658.492 rows=6642 loops=1)
                          ->  Nested Loop  (cost=7.31..3792.83 rows=1218 width=12) (actual time=4.329..1265.811 rows=1038393 loops=1)
                                ->  Nested Loop  (cost=6.74..3729.38 rows=34 width=4) (actual time=4.316..43.395 rows=41840 loops=1)
                                      ->  Seq Scan on keyword k  (cost=0.00..2626.12 rows=1 width=4) (actual time=0.396..8.449 rows=1 loops=1)
                                            Filter: (keyword = 'character-name-in-title'::text)
                                            Rows Removed by Filter: 134169
                                      ->  Bitmap Heap Scan on movie_keyword mk  (cost=6.74..1100.27 rows=298 width=8) (actual time=3.918..27.504 rows=41840 loops=1)
                                            Recheck Cond: (keyword_id = k.id)
                                            Heap Blocks: exact=11541
                                            ->  Bitmap Index Scan on keyword_id_movie_keyword  (cost=0.00..6.67 rows=298 width=0) (actual time=2.460..2.460 rows=41840 loops=1)
                                                  Index Cond: (keyword_id = k.id)
                                ->  Index Scan using movie_id_cast_info on cast_info ci  (cost=0.56..1.51 rows=36 width=8) (actual time=0.003..0.025 rows=25 loops=41840)
                                      Index Cond: (movie_id = mk.movie_id)
                          ->  Index Scan using name_pkey on name n  (cost=0.43..0.46 rows=1 width=19) (actual time=0.003..0.003 rows=0 loops=1038393)
                                Index Cond: (id = ci.person_id)
                                Filter: (name ~~ 'Z%'::text)
                                Rows Removed by Filter: 1
                    ->  Index Only Scan using title_pkey on title t  (cost=0.43..0.45 rows=1 width=4) (actual time=0.002..0.002 rows=1 loops=6642)
                          Index Cond: (id = ci.movie_id)
                          Heap Fetches: 0
              ->  Index Scan using movie_id_movie_companies on movie_companies mc  (cost=0.43..0.52 rows=5 width=8) (actual time=0.003..0.005 rows=8 loops=6642)
                    Index Cond: (movie_id = ci.movie_id)
        ->  Index Only Scan using company_name_pkey on company_name cn  (cost=0.42..0.44 rows=1 width=4) (actual time=0.002..0.002 rows=1 loops=52306)
              Index Cond: (id = mc.company_id)
              Heap Fetches: 0
Planning time: 2.204 ms
Execution time: 4829.726 ms
