Aggregate  (cost=4351.90..4351.91 rows=1 width=64) (actual time=4605.234..4605.234 rows=1 loops=1)
  ->  Nested Loop  (cost=9.02..4351.90 rows=1 width=15) (actual time=37.573..4604.529 rows=1918 loops=1)
        ->  Nested Loop  (cost=8.59..4351.45 rows=1 width=27) (actual time=37.553..4601.074 rows=1918 loops=1)
              ->  Nested Loop  (cost=8.17..4351.01 rows=1 width=31) (actual time=37.543..4595.736 rows=1918 loops=1)
                    ->  Nested Loop  (cost=7.74..4350.44 rows=1 width=23) (actual time=37.534..4593.254 rows=250 loops=1)
                          ->  Nested Loop  (cost=7.31..3792.83 rows=1218 width=12) (actual time=4.224..1256.098 rows=1038393 loops=1)
                                ->  Nested Loop  (cost=6.74..3729.38 rows=34 width=4) (actual time=4.211..43.342 rows=41840 loops=1)
                                      ->  Seq Scan on keyword k  (cost=0.00..2626.12 rows=1 width=4) (actual time=0.396..8.487 rows=1 loops=1)
                                            Filter: (keyword = 'character-name-in-title'::text)
                                            Rows Removed by Filter: 134169
                                      ->  Bitmap Heap Scan on movie_keyword mk  (cost=6.74..1100.27 rows=298 width=8) (actual time=3.812..27.519 rows=41840 loops=1)
                                            Recheck Cond: (keyword_id = k.id)
                                            Heap Blocks: exact=11541
                                            ->  Bitmap Index Scan on keyword_id_movie_keyword  (cost=0.00..6.67 rows=298 width=0) (actual time=2.458..2.458 rows=41840 loops=1)
                                                  Index Cond: (keyword_id = k.id)
                                ->  Index Scan using movie_id_cast_info on cast_info ci  (cost=0.56..1.51 rows=36 width=8) (actual time=0.003..0.025 rows=25 loops=41840)
                                      Index Cond: (movie_id = mk.movie_id)
                          ->  Index Scan using name_pkey on name n  (cost=0.43..0.46 rows=1 width=19) (actual time=0.003..0.003 rows=0 loops=1038393)
                                Index Cond: (id = ci.person_id)
                                Filter: (name ~~ 'X%'::text)
                                Rows Removed by Filter: 1
                    ->  Index Scan using movie_id_movie_companies on movie_companies mc  (cost=0.43..0.52 rows=5 width=8) (actual time=0.005..0.007 rows=8 loops=250)
                          Index Cond: (movie_id = ci.movie_id)
              ->  Index Only Scan using company_name_pkey on company_name cn  (cost=0.42..0.44 rows=1 width=4) (actual time=0.002..0.002 rows=1 loops=1918)
                    Index Cond: (id = mc.company_id)
                    Heap Fetches: 0
        ->  Index Only Scan using title_pkey on title t  (cost=0.43..0.45 rows=1 width=4) (actual time=0.001..0.001 rows=1 loops=1918)
              Index Cond: (id = ci.movie_id)
              Heap Fetches: 0
Planning time: 2.202 ms
Execution time: 4605.293 ms
