Aggregate  (cost=209797.63..209797.64 rows=1 width=32) (actual time=1879.913..1879.913 rows=1 loops=1)
  ->  Nested Loop  (cost=107780.42..209768.78 rows=11538 width=15) (actual time=497.008..1877.741 rows=11538 loops=1)
        ->  Nested Loop  (cost=107780.00..204705.89 rows=11538 width=19) (actual time=496.990..1853.400 rows=11538 loops=1)
              ->  Nested Loop  (cost=107779.57..203581.13 rows=1972 width=27) (actual time=496.981..1841.949 rows=1972 loops=1)
                    ->  Hash Join  (cost=107779.14..202696.70 rows=1972 width=23) (actual time=496.970..1836.196 rows=1972 loops=1)
                          Hash Cond: (ci.person_id = n.id)
                          ->  Nested Loop  (cost=7.31..81815.15 rows=1038393 width=12) (actual time=4.361..1202.267 rows=1038393 loops=1)
                                ->  Nested Loop  (cost=6.74..3729.38 rows=41840 width=4) (actual time=4.349..43.029 rows=41840 loops=1)
                                      ->  Seq Scan on keyword k  (cost=0.00..2626.12 rows=1 width=4) (actual time=0.400..8.609 rows=1 loops=1)
                                            Filter: (keyword = 'character-name-in-title'::text)
                                            Rows Removed by Filter: 134169
                                      ->  Bitmap Heap Scan on movie_keyword mk  (cost=6.74..1100.27 rows=298 width=8) (actual time=3.946..27.484 rows=41840 loops=1)
                                            Recheck Cond: (keyword_id = k.id)
                                            Heap Blocks: exact=11541
                                            ->  Bitmap Index Scan on keyword_id_movie_keyword  (cost=0.00..6.67 rows=298 width=0) (actual time=2.455..2.455 rows=41840 loops=1)
                                                  Index Cond: (keyword_id = k.id)
                                ->  Index Scan using movie_id_cast_info on cast_info ci  (cost=0.56..1.51 rows=36 width=8) (actual time=0.003..0.024 rows=25 loops=41840)
                                      Index Cond: (movie_id = mk.movie_id)
                          ->  Hash  (cost=107706.64..107706.64 rows=5216 width=19) (actual time=485.955..485.955 rows=5216 loops=1)
                                Buckets: 8192  Batches: 1  Memory Usage: 339kB
                                ->  Seq Scan on name n  (cost=0.00..107706.64 rows=5216 width=19) (actual time=0.505..484.358 rows=5216 loops=1)
                                      Filter: (name ~~ '%Bert%'::text)
                                      Rows Removed by Filter: 4162275
                    ->  Index Only Scan using title_pkey on title t  (cost=0.43..0.45 rows=1 width=4) (actual time=0.002..0.002 rows=1 loops=1972)
                          Index Cond: (id = ci.movie_id)
                          Heap Fetches: 0
              ->  Index Scan using movie_id_movie_companies on movie_companies mc  (cost=0.43..0.52 rows=5 width=8) (actual time=0.003..0.004 rows=6 loops=1972)
                    Index Cond: (movie_id = ci.movie_id)
        ->  Index Only Scan using company_name_pkey on company_name cn  (cost=0.42..0.44 rows=1 width=4) (actual time=0.002..0.002 rows=1 loops=11538)
              Index Cond: (id = mc.company_id)
              Heap Fetches: 0
Planning time: 2.229 ms
Execution time: 1879.971 ms
