Aggregate  (cost=382751.16..382751.17 rows=1 width=32) (actual time=5355.383..5355.383 rows=1 loops=1)
  ->  Hash Join  (cost=156382.71..375669.77 rows=2832555 width=15) (actual time=1703.865..4919.864 rows=2832555 loops=1)
        Hash Cond: (ci.person_id = n.id)
        ->  Nested Loop  (cost=7001.17..190527.22 rows=2832555 width=4) (actual time=52.993..2421.771 rows=2832555 loops=1)
              Join Filter: (t.id = ci.movie_id)
              ->  Hash Join  (cost=7000.60..56880.99 rows=68316 width=12) (actual time=52.901..373.715 rows=68316 loops=1)
                    Hash Cond: (mc.company_id = cn.id)
                    ->  Nested Loop  (cost=7.60..48012.53 rows=148552 width=16) (actual time=4.819..277.257 rows=148552 loops=1)
                          Join Filter: (t.id = mc.movie_id)
                          ->  Nested Loop  (cost=7.17..22785.43 rows=41840 width=8) (actual time=4.804..121.214 rows=41840 loops=1)
                                ->  Nested Loop  (cost=6.74..3729.38 rows=41840 width=4) (actual time=4.793..42.734 rows=41840 loops=1)
                                      ->  Seq Scan on keyword k  (cost=0.00..2626.12 rows=1 width=4) (actual time=0.398..8.436 rows=1 loops=1)
                                            Filter: (keyword = 'character-name-in-title'::text)
                                            Rows Removed by Filter: 134169
                                      ->  Bitmap Heap Scan on movie_keyword mk  (cost=6.74..1100.27 rows=298 width=8) (actual time=4.393..27.223 rows=41840 loops=1)
                                            Recheck Cond: (keyword_id = k.id)
                                            Heap Blocks: exact=11541
                                            ->  Bitmap Index Scan on keyword_id_movie_keyword  (cost=0.00..6.67 rows=298 width=0) (actual time=2.998..2.998 rows=41840 loops=1)
                                                  Index Cond: (keyword_id = k.id)
                                ->  Index Only Scan using title_pkey on title t  (cost=0.43..0.46 rows=1 width=4) (actual time=0.001..0.001 rows=1 loops=41840)
                                      Index Cond: (id = mk.movie_id)
                                      Heap Fetches: 0
                          ->  Index Scan using movie_id_movie_companies on movie_companies mc  (cost=0.43..0.54 rows=5 width=8) (actual time=0.002..0.003 rows=4 loops=41840)
                                Index Cond: (movie_id = mk.movie_id)
                    ->  Hash  (cost=5932.46..5932.46 rows=84843 width=4) (actual time=47.541..47.541 rows=84843 loops=1)
                          Buckets: 131072  Batches: 1  Memory Usage: 4007kB
                          ->  Seq Scan on company_name cn  (cost=0.00..5932.46 rows=84843 width=4) (actual time=0.006..31.907 rows=84843 loops=1)
                                Filter: ((country_code)::text = '[us]'::text)
                                Rows Removed by Filter: 150154
              ->  Index Scan using movie_id_cast_info on cast_info ci  (cost=0.56..1.51 rows=36 width=8) (actual time=0.003..0.022 rows=41 loops=68316)
                    Index Cond: (movie_id = mk.movie_id)
        ->  Hash  (cost=97287.91..97287.91 rows=4167491 width=19) (actual time=1642.572..1642.572 rows=4167491 loops=1)
              Buckets: 4194304  Batches: 1  Memory Usage: 248744kB
              ->  Seq Scan on name n  (cost=0.00..97287.91 rows=4167491 width=19) (actual time=0.007..589.617 rows=4167491 loops=1)
Planning time: 2.307 ms
Execution time: 5356.621 ms
