Aggregate  (cost=342546.37..342546.38 rows=1 width=32) (actual time=3600.785..3600.785 rows=1 loops=1)
  ->  Hash Join  (cost=122706.19..339763.57 rows=1113120 width=15) (actual time=823.534..3425.594 rows=1113120 loops=1)
        Hash Cond: (mc.company_id = cn.id)
        ->  Nested Loop  (cost=114423.75..317428.04 rows=1113120 width=19) (actual time=741.174..3063.886 rows=1113120 loops=1)
              ->  Hash Join  (cost=114423.32..232162.11 rows=149494 width=27) (actual time=741.001..2401.120 rows=149494 loops=1)
                    Hash Cond: (ci.person_id = n.id)
                    ->  Nested Loop  (cost=7.74..104636.81 rows=1038393 width=16) (actual time=4.867..1380.239 rows=1038393 loops=1)
                          Join Filter: (t.id = ci.movie_id)
                          ->  Nested Loop  (cost=7.17..22785.43 rows=41840 width=8) (actual time=4.853..125.662 rows=41840 loops=1)
                                ->  Nested Loop  (cost=6.74..3729.38 rows=41840 width=4) (actual time=4.840..43.985 rows=41840 loops=1)
                                      ->  Seq Scan on keyword k  (cost=0.00..2626.12 rows=1 width=4) (actual time=0.401..8.338 rows=1 loops=1)
                                            Filter: (keyword = 'character-name-in-title'::text)
                                            Rows Removed by Filter: 134169
                                      ->  Bitmap Heap Scan on movie_keyword mk  (cost=6.74..1100.27 rows=298 width=8) (actual time=4.433..27.709 rows=41840 loops=1)
                                            Recheck Cond: (keyword_id = k.id)
                                            Heap Blocks: exact=11541
                                            ->  Bitmap Index Scan on keyword_id_movie_keyword  (cost=0.00..6.67 rows=298 width=0) (actual time=2.967..2.967 rows=41840 loops=1)
                                                  Index Cond: (keyword_id = k.id)
                                ->  Index Only Scan using title_pkey on title t  (cost=0.43..0.46 rows=1 width=4) (actual time=0.002..0.002 rows=1 loops=41840)
                                      Index Cond: (id = mk.movie_id)
                                      Heap Fetches: 0
                          ->  Index Scan using movie_id_cast_info on cast_info ci  (cost=0.56..1.51 rows=36 width=8) (actual time=0.003..0.025 rows=25 loops=41840)
                                Index Cond: (movie_id = mk.movie_id)
                    ->  Hash  (cost=107706.64..107706.64 rows=536716 width=19) (actual time=733.758..733.758 rows=536716 loops=1)
                          Buckets: 1048576  Batches: 1  Memory Usage: 36076kB
                          ->  Seq Scan on name n  (cost=0.00..107706.64 rows=536716 width=19) (actual time=0.011..587.417 rows=536716 loops=1)
                                Filter: (name ~~ '%B%'::text)
                                Rows Removed by Filter: 3630775
              ->  Index Scan using movie_id_movie_companies on movie_companies mc  (cost=0.43..0.52 rows=5 width=8) (actual time=0.002..0.003 rows=7 loops=149494)
                    Index Cond: (movie_id = ci.movie_id)
        ->  Hash  (cost=5344.97..5344.97 rows=234997 width=4) (actual time=81.383..81.383 rows=234997 loops=1)
              Buckets: 262144  Batches: 1  Memory Usage: 10310kB
              ->  Seq Scan on company_name cn  (cost=0.00..5344.97 rows=234997 width=4) (actual time=0.004..35.540 rows=234997 loops=1)
Planning time: 2.224 ms
Execution time: 3601.003 ms
