Aggregate  (cost=897177.70..897177.71 rows=1 width=96) (actual time=3952.999..3952.999 rows=1 loops=1)
  ->  Nested Loop  (cost=118239.93..897174.63 rows=410 width=65) (actual time=1999.931..3952.609 rows=410 loops=1)
        ->  Nested Loop  (cost=118239.50..896986.18 rows=410 width=60) (actual time=1999.921..3950.437 rows=410 loops=1)
              Join Filter: (mi.info_type_id = it1.id)
              Rows Removed by Join Filter: 81998
              ->  Seq Scan on info_type it1  (cost=0.00..2.41 rows=1 width=4) (actual time=0.011..0.012 rows=1 loops=1)
                    Filter: ((info)::text = 'budget'::text)
                    Rows Removed by Filter: 112
              ->  Nested Loop  (cost=118239.50..895953.67 rows=82408 width=64) (actual time=1999.893..3944.161 rows=82408 loops=1)
                    Join Filter: (mi_idx.movie_id = mi.movie_id)
                    ->  Nested Loop  (cost=118239.07..857708.62 rows=3435 width=14) (actual time=1999.880..3890.608 rows=3435 loops=1)
                          Join Filter: (mi_idx.info_type_id = it2.id)
                          Rows Removed by Join Filter: 6875
                          ->  Seq Scan on info_type it2  (cost=0.00..2.41 rows=1 width=4) (actual time=0.007..0.010 rows=1 loops=1)
                                Filter: ((info)::text = 'votes'::text)
                                Rows Removed by Filter: 112
                          ->  Nested Loop  (cost=118239.07..857577.33 rows=10310 width=18) (actual time=1999.871..3889.361 rows=10310 loops=1)
                                ->  Hash Join  (cost=118238.64..854018.23 rows=6719 width=4) (actual time=1999.852..3871.305 rows=6719 loops=1)
                                      Hash Cond: (ci.person_id = n.id)
                                      ->  Seq Scan on cast_info ci  (cost=0.00..705741.30 rows=2379271 width=8) (actual time=200.789..3132.715 rows=2379271 loops=1)
                                            Filter: (note = ANY ('{(producer),"(executive producer)"}'::text[]))
                                            Rows Removed by Filter: 33865073
                                      ->  Hash  (cost=118125.36..118125.36 rows=9062 width=4) (actual time=514.933..514.933 rows=9062 loops=1)
                                            Buckets: 16384  Batches: 1  Memory Usage: 447kB
                                            ->  Seq Scan on name n  (cost=0.00..118125.36 rows=9062 width=4) (actual time=0.100..512.847 rows=9062 loops=1)
                                                  Filter: ((name ~~ '%Tim%'::text) AND ((gender)::text = 'm'::text))
                                                  Rows Removed by Filter: 4158429
                                ->  Index Scan using movie_id_movie_info_idx on movie_info_idx mi_idx  (cost=0.43..0.50 rows=3 width=14) (actual time=0.002..0.002 rows=2 loops=6719)
                                      Index Cond: (movie_id = ci.movie_id)
                    ->  Index Scan using movie_id_movie_info on movie_info mi  (cost=0.43..10.62 rows=41 width=50) (actual time=0.003..0.011 rows=24 loops=3435)
                          Index Cond: (movie_id = ci.movie_id)
        ->  Index Scan using title_pkey on title t  (cost=0.43..0.46 rows=1 width=21) (actual time=0.005..0.005 rows=1 loops=410)
              Index Cond: (id = mi.movie_id)
Planning time: 2.247 ms
Execution time: 3953.059 ms
