Aggregate  (cost=480488.93..480488.94 rows=1 width=64) (actual time=11751.016..11751.016 rows=1 loops=1)
  ->  Hash Join  (cost=431011.00..480466.53 rows=4480 width=32) (actual time=4086.203..11322.565 rows=1760645 loops=1)
        Hash Cond: (mc.company_id = cn.id)
        ->  Nested Loop  (cost=424018.00..473316.86 rows=12409 width=36) (actual time=4033.945..10303.753 rows=6023690 loops=1)
              Join Filter: (t.id = mc.movie_id)
              ->  Nested Loop  (cost=424017.57..466940.44 rows=2381 width=44) (actual time=4033.935..6892.848 rows=702993 loops=1)
                    ->  Nested Loop  (cost=424017.14..464832.91 rows=2309 width=48) (actual time=4033.913..5709.685 rows=741427 loops=1)
                          ->  Merge Join  (cost=424016.71..448981.17 rows=10007 width=41) (actual time=3966.405..4399.522 rows=742079 loops=1)
                                Merge Cond: (an.person_id = ci.person_id)
                                ->  Index Only Scan using person_id_aka_name on aka_name an  (cost=0.42..23416.57 rows=901343 width=4) (actual time=0.025..63.846 rows=578828 loops=1)
                                      Heap Fetches: 0
                                ->  Sort  (cost=424015.09..424216.36 rows=80506 width=37) (actual time=3966.210..4076.992 rows=900672 loops=1)
                                      Sort Key: ci.person_id
                                      Sort Method: quicksort  Memory: 46821kB
                                      ->  Hash Join  (cost=228557.42..417455.14 rows=80506 width=37) (actual time=2389.835..3855.260 rows=371852 loops=1)
                                            Hash Cond: (mi.movie_id = t.id)
                                            ->  Nested Loop  (cost=4026.76..179514.07 rows=3036719 width=4) (actual time=98.091..950.720 rows=3036719 loops=1)
                                                  ->  Seq Scan on info_type it  (cost=0.00..2.41 rows=1 width=4) (actual time=0.008..0.017 rows=1 loops=1)
                                                        Filter: ((info)::text = 'release dates'::text)
                                                        Rows Removed by Filter: 112
                                                  ->  Bitmap Heap Scan on movie_info mi  (cost=4026.76..177361.56 rows=215010 width=8) (actual time=98.076..496.393 rows=3036719 loops=1)
                                                        Recheck Cond: (info_type_id = it.id)
                                                        Heap Blocks: exact=25448
                                                        ->  Bitmap Index Scan on info_type_id_movie_info  (cost=0.00..3973.01 rows=215010 width=0) (actual time=94.514..94.514 rows=3036719 loops=1)
                                                              Index Cond: (info_type_id = it.id)
                                            ->  Hash  (cost=222425.57..222425.57 rows=168407 width=33) (actual time=2291.408..2291.408 rows=168407 loops=1)
                                                  Buckets: 262144  Batches: 1  Memory Usage: 14124kB
                                                  ->  Hash Join  (cost=84870.63..222425.57 rows=168407 width=33) (actual time=803.916..2239.447 rows=168407 loops=1)
                                                        Hash Cond: (ci.movie_id = t.id)
                                                        ->  Nested Loop  (cost=0.56..134068.91 rows=276166 width=12) (actual time=0.149..1324.974 rows=276166 loops=1)
                                                              ->  Seq Scan on role_type rt  (cost=0.00..1.15 rows=1 width=4) (actual time=0.008..0.011 rows=1 loops=1)
                                                                    Filter: ((role)::text = 'actress'::text)
                                                                    Rows Removed by Filter: 11
                                                              ->  Index Scan using role_id_cast_info on cast_info ci  (cost=0.56..133251.71 rows=81605 width=16) (actual time=0.138..1284.708 rows=276166 loops=1)
                                                                    Index Cond: (role_id = rt.id)
                                                                    Filter: (note = ANY ('{(voice),"(voice: Japanese version)","(voice) (uncredited)","(voice: English version)"}'::text[]))
                                                                    Rows Removed by Filter: 7175807
                                                        ->  Hash  (cost=67601.90..67601.90 rows=1381453 width=21) (actual time=799.074..799.074 rows=1381453 loops=1)
                                                              Buckets: 2097152  Batches: 1  Memory Usage: 90381kB
                                                              ->  Seq Scan on title t  (cost=0.00..67601.90 rows=1381453 width=21) (actual time=0.007..415.690 rows=1381453 loops=1)
                                                                    Filter: (production_year > 2000)
                                                                    Rows Removed by Filter: 1146859
                          ->  Index Scan using name_pkey on name n  (cost=0.43..1.58 rows=1 width=19) (actual time=0.001..0.001 rows=1 loops=742079)
                                Index Cond: (id = ci.person_id)
                                Filter: ((gender)::text = 'f'::text)
                                Rows Removed by Filter: 0
                    ->  Index Only Scan using char_name_pkey on char_name chn  (cost=0.43..0.91 rows=1 width=4) (actual time=0.001..0.001 rows=1 loops=741427)
                          Index Cond: (id = ci.person_role_id)
                          Heap Fetches: 0
              ->  Index Scan using movie_id_movie_companies on movie_companies mc  (cost=0.43..2.62 rows=5 width=8) (actual time=0.001..0.003 rows=9 loops=702993)
                    Index Cond: (movie_id = mi.movie_id)
        ->  Hash  (cost=5932.46..5932.46 rows=84843 width=4) (actual time=51.768..51.768 rows=84843 loops=1)
              Buckets: 131072  Batches: 1  Memory Usage: 4007kB
              ->  Seq Scan on company_name cn  (cost=0.00..5932.46 rows=84843 width=4) (actual time=0.008..35.112 rows=84843 loops=1)
                    Filter: ((country_code)::text = '[us]'::text)
                    Rows Removed by Filter: 150154
Planning time: 12.681 ms
Execution time: 11752.295 ms
