Aggregate  (cost=584667.01..584667.02 rows=1 width=64) (actual time=11795.018..11795.018 rows=1 loops=1)
  ->  Nested Loop  (cost=333575.95..584641.43 rows=5115 width=32) (actual time=3528.678..11342.069 rows=1760645 loops=1)
        ->  Nested Loop  (cost=333575.52..577497.39 rows=7827 width=36) (actual time=3528.666..8588.215 rows=1909379 loops=1)
              ->  Hash Join  (cost=333575.09..523765.88 rows=33920 width=29) (actual time=3528.650..5256.830 rows=1910248 loops=1)
                    Hash Cond: (mi.movie_id = t.id)
                    ->  Nested Loop  (cost=4026.76..179514.07 rows=3036719 width=4) (actual time=99.166..940.829 rows=3036719 loops=1)
                          ->  Seq Scan on info_type it  (cost=0.00..2.41 rows=1 width=4) (actual time=0.008..0.016 rows=1 loops=1)
                                Filter: ((info)::text = 'release dates'::text)
                                Rows Removed by Filter: 112
                          ->  Bitmap Heap Scan on movie_info mi  (cost=4026.76..177361.56 rows=215010 width=8) (actual time=99.155..494.776 rows=3036719 loops=1)
                                Recheck Cond: (info_type_id = it.id)
                                Heap Blocks: exact=25448
                                ->  Bitmap Index Scan on info_type_id_movie_info  (cost=0.00..3973.01 rows=215010 width=0) (actual time=95.342..95.342 rows=3036719 loops=1)
                                      Index Cond: (info_type_id = it.id)
                    ->  Hash  (cost=326097.52..326097.52 rows=276065 width=41) (actual time=3427.350..3427.350 rows=276501 loops=1)
                          Buckets: 524288  Batches: 1  Memory Usage: 25909kB
                          ->  Merge Join  (cost=300283.74..326097.52 rows=276065 width=41) (actual time=3150.387..3364.338 rows=276501 loops=1)
                                Merge Cond: (an.person_id = ci.person_id)
                                ->  Index Only Scan using person_id_aka_name on aka_name an  (cost=0.42..23416.57 rows=901343 width=4) (actual time=0.019..69.838 rows=578755 loops=1)
                                      Heap Fetches: 0
                                ->  Sort  (cost=300282.12..300543.09 rows=104391 width=37) (actual time=3150.198..3180.830 rows=315237 loops=1)
                                      Sort Key: ci.person_id
                                      Sort Method: quicksort  Memory: 12955kB
                                      ->  Hash Join  (cost=231523.66..291580.27 rows=104391 width=37) (actual time=2358.450..3119.865 rows=104391 loops=1)
                                            Hash Cond: (mc.company_id = cn.id)
                                            ->  Hash Join  (cost=224530.66..280934.08 rows=289362 width=41) (actual time=2308.423..3025.669 rows=289362 loops=1)
                                                  Hash Cond: (mc.movie_id = t.id)
                                                  ->  Seq Scan on movie_companies mc  (cost=0.00..44881.29 rows=2609129 width=8) (actual time=0.007..207.751 rows=2609129 loops=1)
                                                  ->  Hash  (cost=222425.57..222425.57 rows=168407 width=33) (actual time=2307.438..2307.438 rows=168407 loops=1)
                                                        Buckets: 262144  Batches: 1  Memory Usage: 14124kB
                                                        ->  Hash Join  (cost=84870.63..222425.57 rows=168407 width=33) (actual time=797.769..2255.152 rows=168407 loops=1)
                                                              Hash Cond: (ci.movie_id = t.id)
                                                              ->  Nested Loop  (cost=0.56..134068.91 rows=276166 width=12) (actual time=0.135..1343.886 rows=276166 loops=1)
                                                                    ->  Seq Scan on role_type rt  (cost=0.00..1.15 rows=1 width=4) (actual time=0.004..0.009 rows=1 loops=1)
                                                                          Filter: ((role)::text = 'actress'::text)
                                                                          Rows Removed by Filter: 11
                                                                    ->  Index Scan using role_id_cast_info on cast_info ci  (cost=0.56..133251.71 rows=81605 width=16) (actual time=0.127..1303.777 rows=276166 loops=1)
                                                                          Index Cond: (role_id = rt.id)
                                                                          Filter: (note = ANY ('{(voice),"(voice: Japanese version)","(voice) (uncredited)","(voice: English version)"}'::text[]))
                                                                          Rows Removed by Filter: 7175807
                                                              ->  Hash  (cost=67601.90..67601.90 rows=1381453 width=21) (actual time=792.955..792.955 rows=1381453 loops=1)
                                                                    Buckets: 2097152  Batches: 1  Memory Usage: 90381kB
                                                                    ->  Seq Scan on title t  (cost=0.00..67601.90 rows=1381453 width=21) (actual time=0.006..414.110 rows=1381453 loops=1)
                                                                          Filter: (production_year > 2000)
                                                                          Rows Removed by Filter: 1146859
                                            ->  Hash  (cost=5932.46..5932.46 rows=84843 width=4) (actual time=49.870..49.870 rows=84843 loops=1)
                                                  Buckets: 131072  Batches: 1  Memory Usage: 4007kB
                                                  ->  Seq Scan on company_name cn  (cost=0.00..5932.46 rows=84843 width=4) (actual time=0.009..34.113 rows=84843 loops=1)
                                                        Filter: ((country_code)::text = '[us]'::text)
                                                        Rows Removed by Filter: 150154
              ->  Index Scan using name_pkey on name n  (cost=0.43..1.58 rows=1 width=19) (actual time=0.001..0.001 rows=1 loops=1910248)
                    Index Cond: (id = ci.person_id)
                    Filter: ((gender)::text = 'f'::text)
                    Rows Removed by Filter: 0
        ->  Index Only Scan using char_name_pkey on char_name chn  (cost=0.43..0.91 rows=1 width=4) (actual time=0.001..0.001 rows=1 loops=1909379)
              Index Cond: (id = ci.person_role_id)
              Heap Fetches: 0
Planning time: 12.649 ms
Execution time: 11796.381 ms
