Aggregate  (cost=110418.02..110418.03 rows=1 width=32) (actual time=479.847..479.847 rows=1 loops=1)
  ->  Nested Loop  (cost=2.70..110418.01 rows=2 width=17) (actual time=48.641..479.834 rows=17 loops=1)
        ->  Nested Loop  (cost=2.28..110104.76 rows=698 width=21) (actual time=48.579..478.318 rows=698 loops=1)
              ->  Nested Loop  (cost=1.84..110097.55 rows=4 width=29) (actual time=48.567..478.065 rows=4 loops=1)
                    Join Filter: (t.kind_id = kt.id)
                    ->  Seq Scan on kind_type kt  (cost=0.00..1.09 rows=1 width=4) (actual time=0.008..0.011 rows=1 loops=1)
                          Filter: ((kind)::text = 'movie'::text)
                          Rows Removed by Filter: 6
                    ->  Nested Loop  (cost=1.84..110096.41 rows=4 width=33) (actual time=48.557..478.052 rows=4 loops=1)
                          ->  Nested Loop  (cost=1.41..110094.59 rows=4 width=8) (actual time=48.546..478.029 rows=4 loops=1)
                                Join Filter: (cc.status_id = cct2.id)
                                Rows Removed by Join Filter: 2
                                ->  Nested Loop  (cost=1.41..110093.42 rows=4 width=12) (actual time=48.536..478.016 rows=4 loops=1)
                                      Join Filter: (cc.subject_id = cct1.id)
                                      ->  Seq Scan on comp_cast_type cct1  (cost=0.00..1.05 rows=1 width=4) (actual time=0.002..0.004 rows=1 loops=1)
                                            Filter: ((kind)::text = 'cast'::text)
                                            Rows Removed by Filter: 3
                                      ->  Nested Loop  (cost=1.41..110092.32 rows=4 width=16) (actual time=48.532..478.009 rows=4 loops=1)
                                            ->  Nested Loop  (cost=0.99..110084.72 rows=16 width=4) (actual time=48.522..477.963 rows=16 loops=1)
                                                  ->  Nested Loop  (cost=0.56..109861.03 rows=486 width=8) (actual time=48.222..477.086 rows=486 loops=1)
                                                        ->  Seq Scan on name n  (cost=0.00..107706.64 rows=2 width=4) (actual time=48.201..476.885 rows=2 loops=1)
                                                              Filter: (name ~~ '%Downey%Robert%'::text)
                                                              Rows Removed by Filter: 4167489
                                                        ->  Index Scan using person_id_cast_info on cast_info ci  (cost=0.56..1072.11 rows=509 width=12) (actual time=0.013..0.060 rows=243 loops=2)
                                                              Index Cond: (person_id = n.id)
                                                  ->  Index Scan using char_name_pkey on char_name chn  (cost=0.43..0.46 rows=1 width=4) (actual time=0.002..0.002 rows=0 loops=486)
                                                        Index Cond: (id = ci.person_role_id)
                                                        Filter: ((name !~~ '%Sherlock%'::text) AND ((name ~~ '%Tony%Stark%'::text) OR (name ~~ '%Iron%Man%'::text)))
                                                        Rows Removed by Filter: 1
                                            ->  Index Scan using movie_id_complete_cast on complete_cast cc  (cost=0.42..0.46 rows=2 width=12) (actual time=0.002..0.002 rows=0 loops=16)
                                                  Index Cond: (movie_id = ci.movie_id)
                                ->  Materialize  (cost=0.00..1.06 rows=2 width=4) (actual time=0.002..0.002 rows=2 loops=4)
                                      ->  Seq Scan on comp_cast_type cct2  (cost=0.00..1.05 rows=2 width=4) (actual time=0.005..0.006 rows=2 loops=1)
                                            Filter: ((kind)::text ~~ '%complete%'::text)
                                            Rows Removed by Filter: 2
                          ->  Index Scan using title_pkey on title t  (cost=0.43..0.45 rows=1 width=25) (actual time=0.005..0.005 rows=1 loops=4)
                                Index Cond: (id = ci.movie_id)
                                Filter: (production_year > 2000)
              ->  Index Scan using movie_id_movie_keyword on movie_keyword mk  (cost=0.43..1.34 rows=46 width=8) (actual time=0.006..0.037 rows=174 loops=4)
                    Index Cond: (movie_id = t.id)
        ->  Index Scan using keyword_pkey on keyword k  (cost=0.42..0.45 rows=1 width=4) (actual time=0.002..0.002 rows=0 loops=698)
              Index Cond: (id = mk.keyword_id)
              Filter: (keyword = ANY ('{superhero,sequel,second-part,marvel-comics,based-on-comic,tv-special,fight,violence}'::text[]))
              Rows Removed by Filter: 1
Planning time: 8.100 ms
Execution time: 479.934 ms
