Aggregate  (cost=16968.74..16968.75 rows=1 width=32) (actual time=1132.888..1132.888 rows=1 loops=1)
  ->  Nested Loop  (cost=3782.27..16968.74 rows=1 width=17) (actual time=59.412..1132.847 rows=17 loops=1)
        ->  Nested Loop  (cost=3781.84..16968.28 rows=1 width=21) (actual time=59.401..1132.617 rows=27 loops=1)
              ->  Nested Loop  (cost=3781.41..16953.15 rows=33 width=25) (actual time=41.861..395.723 rows=222518 loops=1)
                    Join Filter: (t.id = ci.movie_id)
                    ->  Hash Join  (cost=3780.84..16935.55 rows=9 width=29) (actual time=41.848..155.150 rows=1472 loops=1)
                          Hash Cond: (t.kind_id = kt.id)
                          ->  Nested Loop  (cost=3779.74..16933.72 rows=64 width=33) (actual time=41.471..154.568 rows=1872 loops=1)
                                ->  Hash Join  (cost=3779.31..16875.92 rows=118 width=8) (actual time=41.152..126.074 rows=8765 loops=1)
                                      Hash Cond: (cc.status_id = cct2.id)
                                      ->  Hash Join  (cost=3778.24..16872.39 rows=236 width=12) (actual time=41.143..124.007 rows=8765 loops=1)
                                            Hash Cond: (cc.subject_id = cct1.id)
                                            ->  Hash Join  (cost=3777.18..16869.99 rows=129 width=16) (actual time=41.136..121.308 rows=12810 loops=1)
                                                  Hash Cond: (mk.movie_id = cc.movie_id)
                                                  ->  Nested Loop  (cost=6.74..12121.56 rows=35548 width=4) (actual time=0.464..66.678 rows=35548 loops=1)
                                                        ->  Seq Scan on keyword k  (cost=0.00..3632.40 rows=8 width=4) (actual time=0.091..23.718 rows=8 loops=1)
                                                              Filter: (keyword = ANY ('{superhero,sequel,second-part,marvel-comics,based-on-comic,tv-special,fight,violence}'::text[]))
                                                              Rows Removed by Filter: 134162
                                                        ->  Bitmap Heap Scan on movie_keyword mk  (cost=6.74..1058.16 rows=298 width=8) (actual time=0.803..4.720 rows=4444 loops=8)
                                                              Recheck Cond: (keyword_id = k.id)
                                                              Heap Blocks: exact=23488
                                                              ->  Bitmap Index Scan on keyword_id_movie_keyword  (cost=0.00..6.67 rows=298 width=0) (actual time=0.427..0.427 rows=4444 loops=8)
                                                                    Index Cond: (keyword_id = k.id)
                                                  ->  Hash  (cost=2081.86..2081.86 rows=135086 width=12) (actual time=40.310..40.310 rows=135086 loops=1)
                                                        Buckets: 262144  Batches: 1  Memory Usage: 7853kB
                                                        ->  Seq Scan on complete_cast cc  (cost=0.00..2081.86 rows=135086 width=12) (actual time=0.004..17.699 rows=135086 loops=1)
                                            ->  Hash  (cost=1.05..1.05 rows=1 width=4) (actual time=0.002..0.002 rows=1 loops=1)
                                                  Buckets: 1024  Batches: 1  Memory Usage: 9kB
                                                  ->  Seq Scan on comp_cast_type cct1  (cost=0.00..1.05 rows=1 width=4) (actual time=0.001..0.001 rows=1 loops=1)
                                                        Filter: ((kind)::text = 'cast'::text)
                                                        Rows Removed by Filter: 3
                                      ->  Hash  (cost=1.05..1.05 rows=2 width=4) (actual time=0.005..0.005 rows=2 loops=1)
                                            Buckets: 1024  Batches: 1  Memory Usage: 9kB
                                            ->  Seq Scan on comp_cast_type cct2  (cost=0.00..1.05 rows=2 width=4) (actual time=0.004..0.004 rows=2 loops=1)
                                                  Filter: ((kind)::text ~~ '%complete%'::text)
                                                  Rows Removed by Filter: 2
                                ->  Index Scan using title_pkey on title t  (cost=0.43..0.49 rows=1 width=25) (actual time=0.003..0.003 rows=0 loops=8765)
                                      Index Cond: (id = mk.movie_id)
                                      Filter: (production_year > 2000)
                                      Rows Removed by Filter: 1
                          ->  Hash  (cost=1.09..1.09 rows=1 width=4) (actual time=0.008..0.008 rows=1 loops=1)
                                Buckets: 1024  Batches: 1  Memory Usage: 9kB
                                ->  Seq Scan on kind_type kt  (cost=0.00..1.09 rows=1 width=4) (actual time=0.005..0.006 rows=1 loops=1)
                                      Filter: ((kind)::text = 'movie'::text)
                                      Rows Removed by Filter: 6
                    ->  Index Scan using movie_id_cast_info on cast_info ci  (cost=0.56..1.51 rows=36 width=12) (actual time=0.006..0.133 rows=151 loops=1472)
                          Index Cond: (movie_id = mk.movie_id)
              ->  Index Scan using name_pkey on name n  (cost=0.43..0.46 rows=1 width=4) (actual time=0.003..0.003 rows=0 loops=222518)
                    Index Cond: (id = ci.person_id)
                    Filter: (name ~~ '%Downey%Robert%'::text)
                    Rows Removed by Filter: 1
        ->  Index Scan using char_name_pkey on char_name chn  (cost=0.43..0.46 rows=1 width=4) (actual time=0.007..0.007 rows=1 loops=27)
              Index Cond: (id = ci.person_role_id)
              Filter: ((name !~~ '%Sherlock%'::text) AND ((name ~~ '%Tony%Stark%'::text) OR (name ~~ '%Iron%Man%'::text)))
              Rows Removed by Filter: 0
Planning time: 8.175 ms
Execution time: 1133.014 ms
