Aggregate  (cost=14639.88..14639.89 rows=1 width=64) (actual time=641.053..641.054 rows=1 loops=1)
  ->  Nested Loop  (cost=9.02..14639.88 rows=1 width=32) (actual time=2.695..639.378 rows=5406 loops=1)
        ->  Nested Loop  (cost=8.59..14639.42 rows=1 width=21) (actual time=2.688..616.053 rows=5406 loops=1)
              ->  Nested Loop  (cost=8.16..14632.10 rows=16 width=25) (actual time=2.263..346.357 rows=189844 loops=1)
                    Join Filter: (t.id = ci.movie_id)
                    ->  Nested Loop  (cost=7.59..14622.31 rows=5 width=29) (actual time=2.252..138.993 rows=1267 loops=1)
                          Join Filter: (cc.status_id = cct2.id)
                          Rows Removed by Join Filter: 488
                          ->  Nested Loop  (cost=7.59..14621.01 rows=9 width=33) (actual time=2.245..138.352 rows=1267 loops=1)
                                Join Filter: (cc.subject_id = cct1.id)
                                Rows Removed by Join Filter: 218
                                ->  Seq Scan on comp_cast_type cct1  (cost=0.00..1.05 rows=1 width=4) (actual time=0.005..0.007 rows=1 loops=1)
                                      Filter: ((kind)::text = 'cast'::text)
                                      Rows Removed by Filter: 3
                                ->  Nested Loop  (cost=7.59..14619.51 rows=36 width=37) (actual time=2.239..138.016 rows=1485 loops=1)
                                      ->  Nested Loop  (cost=7.17..14607.08 rows=26 width=25) (actual time=2.208..127.806 rows=5032 loops=1)
                                            Join Filter: (t.kind_id = kt.id)
                                            Rows Removed by Join Filter: 5581
                                            ->  Seq Scan on kind_type kt  (cost=0.00..1.09 rows=1 width=4) (actual time=0.002..0.005 rows=1 loops=1)
                                                  Filter: ((kind)::text = 'movie'::text)
                                                  Rows Removed by Filter: 6
                                            ->  Nested Loop  (cost=7.17..14603.69 rows=184 width=29) (actual time=0.483..126.317 rows=10613 loops=1)
                                                  ->  Nested Loop  (cost=6.74..14438.63 rows=337 width=4) (actual time=0.475..57.383 rows=24091 loops=1)
                                                        ->  Seq Scan on keyword k  (cost=0.00..3967.82 rows=10 width=4) (actual time=0.103..26.516 rows=10 loops=1)
                                                              Filter: (keyword = ANY ('{superhero,marvel-comics,based-on-comic,tv-special,fight,violence,magnet,web,claw,laser}'::text[]))
                                                              Rows Removed by Filter: 134160
                                                        ->  Bitmap Heap Scan on movie_keyword mk  (cost=6.74..1044.10 rows=298 width=8) (actual time=0.427..2.724 rows=2409 loops=10)
                                                              Recheck Cond: (keyword_id = k.id)
                                                              Heap Blocks: exact=17127
                                                              ->  Bitmap Index Scan on keyword_id_movie_keyword  (cost=0.00..6.67 rows=298 width=0) (actual time=0.230..0.230 rows=2409 loops=10)
                                                                    Index Cond: (keyword_id = k.id)
                                                  ->  Index Scan using title_pkey on title t  (cost=0.43..0.49 rows=1 width=25) (actual time=0.003..0.003 rows=0 loops=24091)
                                                        Index Cond: (id = mk.movie_id)
                                                        Filter: (production_year > 2000)
                                                        Rows Removed by Filter: 1
                                      ->  Index Scan using movie_id_complete_cast on complete_cast cc  (cost=0.42..0.46 rows=2 width=12) (actual time=0.002..0.002 rows=0 loops=5032)
                                            Index Cond: (movie_id = t.id)
                          ->  Materialize  (cost=0.00..1.06 rows=2 width=4) (actual time=0.000..0.000 rows=1 loops=1267)
                                ->  Seq Scan on comp_cast_type cct2  (cost=0.00..1.05 rows=2 width=4) (actual time=0.003..0.004 rows=2 loops=1)
                                      Filter: ((kind)::text ~~ '%complete%'::text)
                                      Rows Removed by Filter: 2
                    ->  Index Scan using movie_id_cast_info on cast_info ci  (cost=0.56..1.51 rows=36 width=12) (actual time=0.006..0.135 rows=150 loops=1267)
                          Index Cond: (movie_id = mk.movie_id)
              ->  Index Scan using char_name_pkey on char_name chn  (cost=0.43..0.46 rows=1 width=4) (actual time=0.001..0.001 rows=0 loops=189844)
                    Index Cond: (id = ci.person_role_id)
                    Filter: ((name IS NOT NULL) AND ((name ~~ '%man%'::text) OR (name ~~ '%Man%'::text)))
                    Rows Removed by Filter: 0
        ->  Index Scan using name_pkey on name n  (cost=0.43..0.46 rows=1 width=19) (actual time=0.004..0.004 rows=1 loops=5406)
              Index Cond: (id = ci.person_id)
Planning time: 7.812 ms
Execution time: 641.141 ms
