Aggregate  (cost=49762.33..49762.34 rows=1 width=64) (actual time=161.017..161.017 rows=1 loops=1)
  ->  Nested Loop  (cost=3.63..49759.24 rows=618 width=27) (actual time=92.020..160.815 rows=618 loops=1)
        ->  Nested Loop  (cost=3.21..49488.60 rows=618 width=31) (actual time=92.010..159.580 rows=618 loops=1)
              ->  Nested Loop  (cost=2.78..49477.78 rows=6 width=43) (actual time=91.999..159.317 rows=6 loops=1)
                    Join Filter: (mc.company_type_id = ct.id)
                    Rows Removed by Join Filter: 5
                    ->  Nested Loop  (cost=2.78..49476.44 rows=6 width=47) (actual time=91.990..159.301 rows=6 loops=1)
                          ->  Nested Loop  (cost=2.36..49473.76 rows=6 width=51) (actual time=91.980..159.262 rows=6 loops=1)
                                ->  Nested Loop  (cost=1.93..49470.55 rows=5 width=39) (actual time=91.969..159.230 rows=5 loops=1)
                                      Join Filter: (mi.info_type_id = it1.id)
                                      ->  Seq Scan on info_type it1  (cost=0.00..2.41 rows=1 width=4) (actual time=0.010..0.018 rows=1 loops=1)
                                            Filter: ((info)::text = 'release dates'::text)
                                            Rows Removed by Filter: 112
                                      ->  Nested Loop  (cost=1.93..49468.07 rows=5 width=43) (actual time=91.957..159.208 rows=5 loops=1)
                                            ->  Nested Loop  (cost=1.49..47343.36 rows=1033 width=35) (actual time=0.041..97.280 rows=1033 loops=1)
                                                  Join Filter: (t.kind_id = kt.id)
                                                  Rows Removed by Join Filter: 1050
                                                  ->  Seq Scan on kind_type kt  (cost=0.00..1.09 rows=1 width=14) (actual time=0.002..0.004 rows=1 loops=1)
                                                        Filter: ((kind)::text = 'movie'::text)
                                                        Rows Removed by Filter: 6
                                                  ->  Nested Loop  (cost=1.49..47316.23 rows=2083 width=29) (actual time=0.039..96.961 rows=2083 loops=1)
                                                        ->  Hash Join  (cost=1.06..3488.66 rows=24592 width=4) (actual time=0.015..31.860 rows=24592 loops=1)
                                                              Hash Cond: (cc.status_id = cct1.id)
                                                              ->  Seq Scan on complete_cast cc  (cost=0.00..2081.86 rows=135086 width=8) (actual time=0.003..12.294 rows=135086 loops=1)
                                                              ->  Hash  (cost=1.05..1.05 rows=1 width=4) (actual time=0.005..0.005 rows=1 loops=1)
                                                                    Buckets: 1024  Batches: 1  Memory Usage: 9kB
                                                                    ->  Seq Scan on comp_cast_type cct1  (cost=0.00..1.05 rows=1 width=4) (actual time=0.003..0.003 rows=1 loops=1)
                                                                          Filter: ((kind)::text = 'complete+verified'::text)
                                                                          Rows Removed by Filter: 3
                                                        ->  Index Scan using title_pkey on title t  (cost=0.43..1.78 rows=1 width=25) (actual time=0.002..0.002 rows=0 loops=24592)
                                                              Index Cond: (id = cc.movie_id)
                                                              Filter: (production_year > 2000)
                                                              Rows Removed by Filter: 1
                                            ->  Index Scan using movie_id_movie_info on movie_info mi  (cost=0.43..2.05 rows=1 width=8) (actual time=0.060..0.060 rows=0 loops=1033)
                                                  Index Cond: (movie_id = t.id)
                                                  Filter: ((info IS NOT NULL) AND (note ~~ '%internet%'::text) AND ((info ~~ 'USA:% 199%'::text) OR (info ~~ 'USA:% 200%'::text)))
                                                  Rows Removed by Filter: 211
                                ->  Index Scan using movie_id_movie_companies on movie_companies mc  (cost=0.43..0.59 rows=5 width=12) (actual time=0.004..0.005 rows=1 loops=5)
                                      Index Cond: (movie_id = t.id)
                          ->  Index Scan using company_name_pkey on company_name cn  (cost=0.42..0.45 rows=1 width=4) (actual time=0.005..0.005 rows=1 loops=6)
                                Index Cond: (id = mc.company_id)
                                Filter: ((country_code)::text = '[us]'::text)
                    ->  Materialize  (cost=0.00..1.06 rows=4 width=4) (actual time=0.001..0.002 rows=2 loops=6)
                          ->  Seq Scan on company_type ct  (cost=0.00..1.04 rows=4 width=4) (actual time=0.005..0.005 rows=2 loops=1)
              ->  Index Scan using movie_id_movie_keyword on movie_keyword mk  (cost=0.43..1.34 rows=46 width=8) (actual time=0.005..0.025 rows=103 loops=6)
                    Index Cond: (movie_id = t.id)
        ->  Index Only Scan using keyword_pkey on keyword k  (cost=0.42..0.44 rows=1 width=4) (actual time=0.002..0.002 rows=1 loops=618)
              Index Cond: (id = mk.keyword_id)
              Heap Fetches: 0
Planning time: 19.770 ms
Execution time: 161.114 ms
