Aggregate  (cost=7374.30..7374.31 rows=1 width=64) (actual time=42.583..42.583 rows=1 loops=1)
  ->  Nested Loop  (cost=8.88..7374.30 rows=1 width=27) (actual time=9.034..42.567 rows=16 loops=1)
        Join Filter: (mi.info_type_id = it1.id)
        ->  Nested Loop  (cost=8.88..7371.87 rows=1 width=31) (actual time=9.029..42.523 rows=16 loops=1)
              Join Filter: (t.id = mi.movie_id)
              ->  Nested Loop  (cost=8.44..7370.32 rows=1 width=43) (actual time=1.456..27.151 rows=315 loops=1)
                    Join Filter: (mc.company_type_id = ct.id)
                    Rows Removed by Join Filter: 140
                    ->  Nested Loop  (cost=8.44..7369.23 rows=1 width=47) (actual time=1.441..26.866 rows=315 loops=1)
                          ->  Nested Loop  (cost=8.02..7367.45 rows=4 width=51) (actual time=1.417..23.748 rows=1218 loops=1)
                                Join Filter: (t.id = mc.movie_id)
                                ->  Nested Loop  (cost=7.59..7365.04 rows=4 width=39) (actual time=1.410..22.906 rows=60 loops=1)
                                      Join Filter: (cc.status_id = cct1.id)
                                      Rows Removed by Join Filter: 81
                                      ->  Seq Scan on comp_cast_type cct1  (cost=0.00..1.05 rows=1 width=4) (actual time=0.006..0.007 rows=1 loops=1)
                                            Filter: ((kind)::text = 'complete+verified'::text)
                                            Rows Removed by Filter: 3
                                      ->  Nested Loop  (cost=7.59..7363.80 rows=15 width=43) (actual time=1.401..22.877 rows=141 loops=1)
                                            ->  Nested Loop  (cost=7.17..7358.54 rows=11 width=35) (actual time=1.344..21.774 rows=401 loops=1)
                                                  Join Filter: (t.kind_id = kt.id)
                                                  Rows Removed by Join Filter: 156
                                                  ->  Seq Scan on kind_type kt  (cost=0.00..1.09 rows=1 width=14) (actual time=0.002..0.005 rows=1 loops=1)
                                                        Filter: ((kind)::text = 'movie'::text)
                                                        Rows Removed by Filter: 6
                                                  ->  Nested Loop  (cost=7.17..7356.53 rows=74 width=29) (actual time=0.641..21.680 rows=557 loops=1)
                                                        ->  Nested Loop  (cost=6.74..7290.41 rows=135 width=4) (actual time=0.632..17.345 rows=1133 loops=1)
                                                              ->  Seq Scan on keyword k  (cost=0.00..2961.55 rows=4 width=4) (actual time=0.493..15.497 rows=4 loops=1)
                                                                    Filter: (keyword = ANY ('{nerd,loner,alienation,dignity}'::text[]))
                                                                    Rows Removed by Filter: 134166
                                                              ->  Bitmap Heap Scan on movie_keyword mk  (cost=6.74..1079.23 rows=298 width=8) (actual time=0.070..0.417 rows=283 loops=4)
                                                                    Recheck Cond: (keyword_id = k.id)
                                                                    Heap Blocks: exact=1083
                                                                    ->  Bitmap Index Scan on keyword_id_movie_keyword  (cost=0.00..6.67 rows=298 width=0) (actual time=0.038..0.038 rows=283 loops=4)
                                                                          Index Cond: (keyword_id = k.id)
                                                        ->  Index Scan using title_pkey on title t  (cost=0.43..0.49 rows=1 width=25) (actual time=0.004..0.004 rows=0 loops=1133)
                                                              Index Cond: (id = mk.movie_id)
                                                              Filter: (production_year > 2000)
                                                              Rows Removed by Filter: 1
                                            ->  Index Scan using movie_id_complete_cast on complete_cast cc  (cost=0.42..0.46 rows=2 width=8) (actual time=0.002..0.002 rows=0 loops=401)
                                                  Index Cond: (movie_id = t.id)
                                ->  Index Scan using movie_id_movie_companies on movie_companies mc  (cost=0.43..0.54 rows=5 width=12) (actual time=0.004..0.009 rows=20 loops=60)
                                      Index Cond: (movie_id = mk.movie_id)
                          ->  Index Scan using company_name_pkey on company_name cn  (cost=0.42..0.45 rows=1 width=4) (actual time=0.002..0.002 rows=0 loops=1218)
                                Index Cond: (id = mc.company_id)
                                Filter: ((country_code)::text = '[us]'::text)
                                Rows Removed by Filter: 1
                    ->  Seq Scan on company_type ct  (cost=0.00..1.04 rows=4 width=4) (actual time=0.000..0.000 rows=1 loops=315)
              ->  Index Scan using movie_id_movie_info on movie_info mi  (cost=0.43..1.54 rows=1 width=8) (actual time=0.048..0.049 rows=0 loops=315)
                    Index Cond: (movie_id = mk.movie_id)
                    Filter: ((note ~~ '%internet%'::text) AND (info ~~ 'USA:% 200%'::text))
                    Rows Removed by Filter: 268
        ->  Seq Scan on info_type it1  (cost=0.00..2.41 rows=1 width=4) (actual time=0.002..0.002 rows=1 loops=16)
              Filter: ((info)::text = 'release dates'::text)
              Rows Removed by Filter: 15
Planning time: 20.138 ms
Execution time: 42.680 ms
