Aggregate  (cost=31896.82..31896.83 rows=1 width=96) (actual time=613.956..613.956 rows=1 loops=1)
  ->  Nested Loop  (cost=7003.16..31896.81 rows=1 width=48) (actual time=105.784..613.816 rows=275 loops=1)
        ->  Nested Loop  (cost=7003.03..31896.64 rows=1 width=52) (actual time=105.777..613.444 rows=275 loops=1)
              ->  Nested Loop  (cost=7002.60..31894.78 rows=1 width=45) (actual time=47.847..543.282 rows=36578 loops=1)
                    ->  Nested Loop  (cost=7002.17..31893.04 rows=1 width=33) (actual time=47.836..473.923 rows=36786 loops=1)
                          ->  Nested Loop  (cost=7001.74..31892.03 rows=1 width=29) (actual time=47.824..437.924 rows=13758 loops=1)
                                Join Filter: (t.id = ci.movie_id)
                                ->  Nested Loop  (cost=7001.18..31853.24 rows=1 width=33) (actual time=47.583..169.273 rows=3406 loops=1)
                                      ->  Nested Loop  (cost=7001.04..31851.59 rows=10 width=37) (actual time=47.576..165.087 rows=3406 loops=1)
                                            Join Filter: (t.id = mi.movie_id)
                                            ->  Hash Join  (cost=7000.60..30508.45 rows=42 width=29) (actual time=47.559..109.796 rows=1576 loops=1)
                                                  Hash Cond: (mc.company_id = cn.id)
                                                  ->  Nested Loop  (cost=7.60..23321.99 rows=15324 width=33) (actual time=0.732..61.092 rows=5566 loops=1)
                                                        Join Filter: (t.id = mc.movie_id)
                                                        ->  Nested Loop  (cost=7.17..21605.69 rows=495 width=25) (actual time=0.724..56.304 rows=495 loops=1)
                                                              ->  Nested Loop  (cost=6.74..6061.53 rows=9696 width=4) (actual time=0.674..27.486 rows=9696 loops=1)
                                                                    ->  Seq Scan on keyword k  (cost=0.00..2793.84 rows=3 width=4) (actual time=0.015..13.994 rows=3 loops=1)
                                                                          Filter: (keyword = ANY ('{hero,martial-arts,hand-to-hand-combat}'::text[]))
                                                                          Rows Removed by Filter: 134167
                                                                    ->  Bitmap Heap Scan on movie_keyword mk  (cost=6.74..1086.25 rows=298 width=8) (actual time=0.646..4.002 rows=3232 loops=3)
                                                                          Recheck Cond: (keyword_id = k.id)
                                                                          Heap Blocks: exact=7446
                                                                          ->  Bitmap Index Scan on keyword_id_movie_keyword  (cost=0.00..6.67 rows=298 width=0) (actual time=0.344..0.344 rows=3232 loops=3)
                                                                                Index Cond: (keyword_id = k.id)
                                                              ->  Index Scan using title_pkey on title t  (cost=0.43..1.60 rows=1 width=21) (actual time=0.003..0.003 rows=0 loops=9696)
                                                                    Index Cond: (id = mk.movie_id)
                                                                    Filter: (production_year > 2010)
                                                                    Rows Removed by Filter: 1
                                                        ->  Index Scan using movie_id_movie_companies on movie_companies mc  (cost=0.43..3.40 rows=5 width=8) (actual time=0.004..0.007 rows=11 loops=495)
                                                              Index Cond: (movie_id = mk.movie_id)
                                                  ->  Hash  (cost=5932.46..5932.46 rows=84843 width=4) (actual time=46.669..46.669 rows=84843 loops=1)
                                                        Buckets: 131072  Batches: 1  Memory Usage: 4007kB
                                                        ->  Seq Scan on company_name cn  (cost=0.00..5932.46 rows=84843 width=4) (actual time=0.004..32.373 rows=84843 loops=1)
                                                              Filter: ((country_code)::text = '[us]'::text)
                                                              Rows Removed by Filter: 150154
                                            ->  Index Scan using movie_id_movie_info on movie_info mi  (cost=0.43..31.97 rows=1 width=8) (actual time=0.009..0.034 rows=2 loops=1576)
                                                  Index Cond: (movie_id = mk.movie_id)
                                                  Filter: ((info IS NOT NULL) AND ((info ~~ 'Japan:%201%'::text) OR (info ~~ 'USA:%201%'::text)))
                                                  Rows Removed by Filter: 131
                                      ->  Index Scan using info_type_pkey on info_type it  (cost=0.14..0.16 rows=1 width=4) (actual time=0.001..0.001 rows=1 loops=3406)
                                            Index Cond: (id = mi.info_type_id)
                                            Filter: ((info)::text = 'release dates'::text)
                                ->  Index Scan using movie_id_cast_info on cast_info ci  (cost=0.56..38.78 rows=1 width=16) (actual time=0.050..0.078 rows=4 loops=3406)
                                      Index Cond: (movie_id = mk.movie_id)
                                      Filter: (note = ANY ('{(voice),"(voice: Japanese version)","(voice) (uncredited)","(voice: English version)"}'::text[]))
                                      Rows Removed by Filter: 169
                          ->  Index Only Scan using person_id_aka_name on aka_name an  (cost=0.42..0.99 rows=2 width=4) (actual time=0.002..0.002 rows=3 loops=13758)
                                Index Cond: (person_id = ci.person_id)
                                Heap Fetches: 0
                    ->  Index Scan using char_name_pkey on char_name chn  (cost=0.43..1.74 rows=1 width=20) (actual time=0.001..0.001 rows=1 loops=36786)
                          Index Cond: (id = ci.person_role_id)
              ->  Index Scan using name_pkey on name n  (cost=0.43..1.85 rows=1 width=19) (actual time=0.002..0.002 rows=0 loops=36578)
                    Index Cond: (id = ci.person_id)
                    Filter: ((name ~~ '%An%'::text) AND ((gender)::text = 'f'::text))
                    Rows Removed by Filter: 1
        ->  Index Scan using role_type_pkey on role_type rt  (cost=0.14..0.16 rows=1 width=4) (actual time=0.001..0.001 rows=1 loops=275)
              Index Cond: (id = ci.role_id)
              Filter: ((role)::text = 'actress'::text)
Planning time: 53.353 ms
Execution time: 614.098 ms
