Aggregate  (cost=43651.46..43651.47 rows=1 width=96) (actual time=101.509..101.509 rows=1 loops=1)
  ->  Nested Loop  (cost=10.31..43650.63 rows=110 width=48) (actual time=12.593..101.406 rows=275 loops=1)
        Join Filter: (n.id = an.person_id)
        ->  Nested Loop  (cost=9.88..43507.08 rows=141 width=56) (actual time=5.651..101.028 rows=141 loops=1)
              ->  Nested Loop  (cost=9.46..43064.77 rows=300 width=60) (actual time=5.639..100.226 rows=300 loops=1)
                    Join Filter: (t.id = mc.movie_id)
                    ->  Nested Loop  (cost=9.03..42939.95 rows=36 width=72) (actual time=5.631..99.902 rows=36 loops=1)
                          Join Filter: (mi.info_type_id = it.id)
                          ->  Seq Scan on info_type it  (cost=0.00..2.41 rows=1 width=4) (actual time=0.010..0.017 rows=1 loops=1)
                                Filter: ((info)::text = 'release dates'::text)
                                Rows Removed by Filter: 112
                          ->  Nested Loop  (cost=9.03..42937.09 rows=36 width=76) (actual time=5.619..99.869 rows=36 loops=1)
                                Join Filter: (t.id = mi.movie_id)
                                ->  Nested Loop  (cost=8.60..42009.68 rows=29 width=68) (actual time=5.603..99.067 rows=29 loops=1)
                                      ->  Nested Loop  (cost=8.17..41957.46 rows=30 width=56) (actual time=5.593..98.890 rows=30 loops=1)
                                            ->  Nested Loop  (cost=7.74..40839.70 rows=603 width=37) (actual time=0.915..96.715 rows=603 loops=1)
                                                  Join Filter: (ci.role_id = rt.id)
                                                  Rows Removed by Join Filter: 2022
                                                  ->  Seq Scan on role_type rt  (cost=0.00..1.15 rows=1 width=4) (actual time=0.003..0.006 rows=1 loops=1)
                                                        Filter: ((role)::text = 'actress'::text)
                                                        Rows Removed by Filter: 11
                                                  ->  Nested Loop  (cost=7.74..40805.74 rows=2625 width=41) (actual time=0.905..96.411 rows=2625 loops=1)
                                                        Join Filter: (t.id = ci.movie_id)
                                                        ->  Nested Loop  (cost=7.17..21605.69 rows=495 width=25) (actual time=0.697..54.865 rows=495 loops=1)
                                                              ->  Nested Loop  (cost=6.74..6061.53 rows=9696 width=4) (actual time=0.650..26.936 rows=9696 loops=1)
                                                                    ->  Seq Scan on keyword k  (cost=0.00..2793.84 rows=3 width=4) (actual time=0.010..14.056 rows=3 loops=1)
                                                                          Filter: (keyword = ANY ('{hero,martial-arts,hand-to-hand-combat}'::text[]))
                                                                          Rows Removed by Filter: 134167
                                                                    ->  Bitmap Heap Scan on movie_keyword mk  (cost=6.74..1086.25 rows=298 width=8) (actual time=0.631..3.780 rows=3232 loops=3)
                                                                          Recheck Cond: (keyword_id = k.id)
                                                                          Heap Blocks: exact=7446
                                                                          ->  Bitmap Index Scan on keyword_id_movie_keyword  (cost=0.00..6.67 rows=298 width=0) (actual time=0.335..0.335 rows=3232 loops=3)
                                                                                Index Cond: (keyword_id = k.id)
                                                              ->  Index Scan using title_pkey on title t  (cost=0.43..1.60 rows=1 width=21) (actual time=0.003..0.003 rows=0 loops=9696)
                                                                    Index Cond: (id = mk.movie_id)
                                                                    Filter: (production_year > 2010)
                                                                    Rows Removed by Filter: 1
                                                        ->  Index Scan using movie_id_cast_info on cast_info ci  (cost=0.56..38.78 rows=1 width=16) (actual time=0.056..0.082 rows=5 loops=495)
                                                              Index Cond: (movie_id = mk.movie_id)
                                                              Filter: (note = ANY ('{(voice),"(voice: Japanese version)","(voice) (uncredited)","(voice: English version)"}'::text[]))
                                                              Rows Removed by Filter: 83
                                            ->  Index Scan using name_pkey on name n  (cost=0.43..1.85 rows=1 width=19) (actual time=0.003..0.003 rows=0 loops=603)
                                                  Index Cond: (id = ci.person_id)
                                                  Filter: ((name ~~ '%An%'::text) AND ((gender)::text = 'f'::text))
                                                  Rows Removed by Filter: 1
                                      ->  Index Scan using char_name_pkey on char_name chn  (cost=0.43..1.74 rows=1 width=20) (actual time=0.005..0.005 rows=1 loops=30)
                                            Index Cond: (id = ci.person_role_id)
                                ->  Index Scan using movie_id_movie_info on movie_info mi  (cost=0.43..31.97 rows=1 width=8) (actual time=0.008..0.026 rows=1 loops=29)
                                      Index Cond: (movie_id = mk.movie_id)
                                      Filter: ((info IS NOT NULL) AND ((info ~~ 'Japan:%201%'::text) OR (info ~~ 'USA:%201%'::text)))
                                      Rows Removed by Filter: 47
                    ->  Index Scan using movie_id_movie_companies on movie_companies mc  (cost=0.43..3.40 rows=5 width=8) (actual time=0.004..0.006 rows=8 loops=36)
                          Index Cond: (movie_id = mk.movie_id)
              ->  Index Scan using company_name_pkey on company_name cn  (cost=0.42..1.47 rows=1 width=4) (actual time=0.002..0.002 rows=0 loops=300)
                    Index Cond: (id = mc.company_id)
                    Filter: ((country_code)::text = '[us]'::text)
                    Rows Removed by Filter: 1
        ->  Index Only Scan using person_id_aka_name on aka_name an  (cost=0.42..0.99 rows=2 width=4) (actual time=0.002..0.002 rows=2 loops=141)
              Index Cond: (person_id = ci.person_id)
              Heap Fetches: 0
Planning time: 53.676 ms
Execution time: 101.640 ms
