Aggregate  (cost=6476.65..6476.66 rows=1 width=96) (actual time=79.972..79.973 rows=1 loops=1)
  ->  Nested Loop  (cost=10.31..6476.64 rows=1 width=48) (actual time=31.109..79.938 rows=45 loops=1)
        Join Filter: (ci.role_id = rt.id)
        ->  Nested Loop  (cost=10.31..6475.48 rows=1 width=52) (actual time=31.105..79.885 rows=45 loops=1)
              ->  Nested Loop  (cost=9.88..6473.62 rows=1 width=45) (actual time=21.180..78.529 rows=636 loops=1)
                    Join Filter: (mi.info_type_id = it.id)
                    ->  Nested Loop  (cost=9.88..6471.20 rows=1 width=49) (actual time=21.172..77.138 rows=636 loops=1)
                          Join Filter: (t.id = mi.movie_id)
                          ->  Nested Loop  (cost=9.44..6439.22 rows=1 width=61) (actual time=21.151..66.937 rows=256 loops=1)
                                ->  Nested Loop  (cost=9.02..6436.68 rows=1 width=65) (actual time=21.047..58.587 rows=4950 loops=1)
                                      Join Filter: (t.id = mc.movie_id)
                                      ->  Nested Loop  (cost=8.59..6433.22 rows=1 width=57) (actual time=21.037..56.115 rows=294 loops=1)
                                            ->  Nested Loop  (cost=8.16..6431.48 rows=1 width=45) (actual time=21.016..55.324 rows=301 loops=1)
                                                  ->  Nested Loop  (cost=7.74..6430.46 rows=1 width=41) (actual time=21.001..54.867 rows=117 loops=1)
                                                        Join Filter: (t.id = ci.movie_id)
                                                        ->  Nested Loop  (cost=7.17..6391.67 rows=1 width=25) (actual time=13.864..54.283 rows=7 loops=1)
                                                              ->  Nested Loop  (cost=6.74..6229.24 rows=101 width=4) (actual time=0.659..27.772 rows=9696 loops=1)
                                                                    ->  Seq Scan on keyword k  (cost=0.00..2961.55 rows=3 width=4) (actual time=0.014..15.531 rows=3 loops=1)
                                                                          Filter: (keyword = ANY ('{hero,martial-arts,hand-to-hand-combat,computer-animated-movie}'::text[]))
                                                                          Rows Removed by Filter: 134167
                                                                    ->  Bitmap Heap Scan on movie_keyword mk  (cost=6.74..1086.25 rows=298 width=8) (actual time=0.610..3.594 rows=3232 loops=3)
                                                                          Recheck Cond: (keyword_id = k.id)
                                                                          Heap Blocks: exact=7446
                                                                          ->  Bitmap Index Scan on keyword_id_movie_keyword  (cost=0.00..6.67 rows=298 width=0) (actual time=0.322..0.322 rows=3232 loops=3)
                                                                                Index Cond: (keyword_id = k.id)
                                                              ->  Index Scan using title_pkey on title t  (cost=0.43..1.61 rows=1 width=21) (actual time=0.003..0.003 rows=0 loops=9696)
                                                                    Index Cond: (id = mk.movie_id)
                                                                    Filter: ((production_year > 2010) AND (title ~~ 'Kung Fu Panda%'::text))
                                                                    Rows Removed by Filter: 1
                                                        ->  Index Scan using movie_id_cast_info on cast_info ci  (cost=0.56..38.78 rows=1 width=16) (actual time=0.011..0.078 rows=17 loops=7)
                                                              Index Cond: (movie_id = mk.movie_id)
                                                              Filter: (note = ANY ('{(voice),"(voice: Japanese version)","(voice) (uncredited)","(voice: English version)"}'::text[]))
                                                              Rows Removed by Filter: 48
                                                  ->  Index Only Scan using person_id_aka_name on aka_name an  (cost=0.42..0.99 rows=2 width=4) (actual time=0.003..0.003 rows=3 loops=117)
                                                        Index Cond: (person_id = ci.person_id)
                                                        Heap Fetches: 0
                                            ->  Index Scan using char_name_pkey on char_name chn  (cost=0.43..1.74 rows=1 width=20) (actual time=0.002..0.002 rows=1 loops=301)
                                                  Index Cond: (id = ci.person_role_id)
                                      ->  Index Scan using movie_id_movie_companies on movie_companies mc  (cost=0.43..3.40 rows=5 width=8) (actual time=0.002..0.005 rows=17 loops=294)
                                            Index Cond: (movie_id = mk.movie_id)
                                ->  Index Scan using company_name_pkey on company_name cn  (cost=0.42..1.48 rows=1 width=4) (actual time=0.001..0.001 rows=0 loops=4950)
                                      Index Cond: (id = mc.company_id)
                                      Filter: (((country_code)::text = '[us]'::text) AND (name = 'DreamWorks Animation'::text))
                                      Rows Removed by Filter: 1
                          ->  Index Scan using movie_id_movie_info on movie_info mi  (cost=0.43..31.97 rows=1 width=8) (actual time=0.006..0.039 rows=2 loops=256)
                                Index Cond: (movie_id = mk.movie_id)
                                Filter: ((info IS NOT NULL) AND ((info ~~ 'Japan:%201%'::text) OR (info ~~ 'USA:%201%'::text)))
                                Rows Removed by Filter: 180
                    ->  Seq Scan on info_type it  (cost=0.00..2.41 rows=1 width=4) (actual time=0.002..0.002 rows=1 loops=636)
                          Filter: ((info)::text = 'release dates'::text)
                          Rows Removed by Filter: 15
              ->  Index Scan using name_pkey on name n  (cost=0.43..1.85 rows=1 width=19) (actual time=0.002..0.002 rows=0 loops=636)
                    Index Cond: (id = ci.person_id)
                    Filter: ((name ~~ '%An%'::text) AND ((gender)::text = 'f'::text))
                    Rows Removed by Filter: 1
        ->  Seq Scan on role_type rt  (cost=0.00..1.15 rows=1 width=4) (actual time=0.001..0.001 rows=1 loops=45)
              Filter: ((role)::text = 'actress'::text)
              Rows Removed by Filter: 1
Planning time: 54.455 ms
Execution time: 80.106 ms
