Aggregate  (cost=40900.91..40900.92 rows=1 width=128) (actual time=2068.459..2068.459 rows=1 loops=1)
  ->  Nested Loop  (cost=25076.86..40900.90 rows=1 width=80) (actual time=270.167..2065.684 rows=4407 loops=1)
        Join Filter: (mi.movie_id = t.id)
        ->  Nested Loop  (cost=25076.43..40900.05 rows=1 width=79) (actual time=270.157..2049.319 rows=4407 loops=1)
              ->  Nested Loop  (cost=25076.00..40898.97 rows=1 width=68) (actual time=268.691..2014.450 rows=7112 loops=1)
                    Join Filter: (mi.movie_id = ci.movie_id)
                    ->  Nested Loop  (cost=25075.43..40870.79 rows=1 width=60) (actual time=266.136..1431.776 rows=11389 loops=1)
                          ->  Nested Loop  (cost=25075.29..40868.33 rows=15 width=64) (actual time=266.130..1416.768 rows=12260 loops=1)
                                Join Filter: (mi_idx.movie_id = mi.movie_id)
                                ->  Hash Join  (cost=25074.86..37934.45 rows=168 width=14) (actual time=266.102..393.993 rows=50760 loops=1)
                                      Hash Cond: (mk.movie_id = mi_idx.movie_id)
                                      ->  Nested Loop  (cost=6.74..8522.79 rows=62096 width=4) (actual time=2.861..100.179 rows=62096 loops=1)
                                            ->  Seq Scan on keyword k  (cost=0.00..3129.26 rows=5 width=4) (actual time=0.544..16.989 rows=5 loops=1)
                                                  Filter: (keyword = ANY ('{murder,blood,gore,death,female-nudity}'::text[]))
                                                  Rows Removed by Filter: 134165
                                            ->  Bitmap Heap Scan on movie_keyword mk  (cost=6.74..1075.72 rows=298 width=8) (actual time=2.232..14.595 rows=12419 loops=5)
                                                  Recheck Cond: (keyword_id = k.id)
                                                  Heap Blocks: exact=41331
                                                  ->  Bitmap Index Scan on keyword_id_movie_keyword  (cost=0.00..6.67 rows=298 width=0) (actual time=1.176..1.176 rows=12419 loops=5)
                                                        Index Cond: (keyword_id = k.id)
                                      ->  Hash  (cost=19319.05..19319.05 rows=459925 width=10) (actual time=262.637..262.637 rows=459925 loops=1)
                                            Buckets: 524288  Batches: 1  Memory Usage: 22143kB
                                            ->  Nested Loop  (cost=5171.48..19319.05 rows=459925 width=10) (actual time=16.377..166.678 rows=459925 loops=1)
                                                  ->  Seq Scan on info_type it2  (cost=0.00..2.41 rows=1 width=4) (actual time=0.012..0.016 rows=1 loops=1)
                                                        Filter: ((info)::text = 'votes'::text)
                                                        Rows Removed by Filter: 112
                                                  ->  Bitmap Heap Scan on movie_info_idx mi_idx  (cost=5171.48..16556.57 rows=276007 width=14) (actual time=16.361..86.390 rows=459925 loops=1)
                                                        Recheck Cond: (info_type_id = it2.id)
                                                        Heap Blocks: exact=7934
                                                        ->  Bitmap Index Scan on info_type_id_movie_info_idx  (cost=0.00..5102.48 rows=276007 width=0) (actual time=15.311..15.311 rows=459925 loops=1)
                                                              Index Cond: (info_type_id = it2.id)
                                ->  Index Scan using movie_id_movie_info on movie_info mi  (cost=0.43..17.45 rows=1 width=50) (actual time=0.020..0.020 rows=0 loops=50760)
                                      Index Cond: (movie_id = mk.movie_id)
                                      Filter: (info = 'Horror'::text)
                                      Rows Removed by Filter: 56
                          ->  Index Scan using info_type_pkey on info_type it1  (cost=0.14..0.16 rows=1 width=4) (actual time=0.001..0.001 rows=1 loops=12260)
                                Index Cond: (id = mi.info_type_id)
                                Filter: ((info)::text = 'genres'::text)
                                Rows Removed by Filter: 0
                    ->  Index Scan using movie_id_cast_info on cast_info ci  (cost=0.56..28.17 rows=1 width=8) (actual time=0.042..0.051 rows=1 loops=11389)
                          Index Cond: (movie_id = mk.movie_id)
                          Filter: (note = ANY ('{(writer),"(head writer)","(written by)",(story),"(story editor)"}'::text[]))
                          Rows Removed by Filter: 46
              ->  Index Scan using name_pkey on name n  (cost=0.43..1.08 rows=1 width=19) (actual time=0.005..0.005 rows=1 loops=7112)
                    Index Cond: (id = ci.person_id)
                    Filter: ((gender)::text = 'm'::text)
                    Rows Removed by Filter: 0
        ->  Index Scan using title_pkey on title t  (cost=0.43..0.84 rows=1 width=21) (actual time=0.003..0.003 rows=1 loops=4407)
              Index Cond: (id = mk.movie_id)
Planning time: 7.304 ms
Execution time: 2068.614 ms
