Aggregate  (cost=40218.69..40218.70 rows=1 width=128) (actual time=2070.822..2070.822 rows=1 loops=1)
  ->  Nested Loop  (cost=25076.86..40218.68 rows=1 width=80) (actual time=271.074..2068.045 rows=4407 loops=1)
        Join Filter: (mi.movie_id = t.id)
        ->  Nested Loop  (cost=25076.43..40217.83 rows=1 width=79) (actual time=271.064..2051.858 rows=4407 loops=1)
              ->  Nested Loop  (cost=25076.00..40216.75 rows=1 width=68) (actual time=269.594..2016.941 rows=7112 loops=1)
                    Join Filter: (mi.movie_id = ci.movie_id)
                    ->  Nested Loop  (cost=25075.43..40188.57 rows=1 width=60) (actual time=267.045..1433.974 rows=11389 loops=1)
                          ->  Nested Loop  (cost=25075.29..40187.25 rows=8 width=64) (actual time=267.039..1419.178 rows=12260 loops=1)
                                Join Filter: (mi_idx.movie_id = mi.movie_id)
                                ->  Hash Join  (cost=25074.86..37934.45 rows=129 width=14) (actual time=267.012..395.319 rows=50760 loops=1)
                                      Hash Cond: (mk.movie_id = mi_idx.movie_id)
                                      ->  Nested Loop  (cost=6.74..8522.79 rows=62096 width=4) (actual time=2.831..100.474 rows=62096 loops=1)
                                            ->  Seq Scan on keyword k  (cost=0.00..3129.26 rows=5 width=4) (actual time=0.526..17.082 rows=5 loops=1)
                                                  Filter: (keyword = ANY ('{murder,blood,gore,death,female-nudity}'::text[]))
                                                  Rows Removed by Filter: 134165
                                            ->  Bitmap Heap Scan on movie_keyword mk  (cost=6.74..1075.72 rows=298 width=8) (actual time=2.228..14.598 rows=12419 loops=5)
                                                  Recheck Cond: (keyword_id = k.id)
                                                  Heap Blocks: exact=41331
                                                  ->  Bitmap Index Scan on keyword_id_movie_keyword  (cost=0.00..6.67 rows=298 width=0) (actual time=1.167..1.167 rows=12419 loops=5)
                                                        Index Cond: (keyword_id = k.id)
                                      ->  Hash  (cost=19319.05..19319.05 rows=459925 width=10) (actual time=263.577..263.577 rows=459925 loops=1)
                                            Buckets: 524288  Batches: 1  Memory Usage: 22143kB
                                            ->  Nested Loop  (cost=5171.48..19319.05 rows=459925 width=10) (actual time=16.530..167.580 rows=459925 loops=1)
                                                  ->  Seq Scan on info_type it2  (cost=0.00..2.41 rows=1 width=4) (actual time=0.011..0.015 rows=1 loops=1)
                                                        Filter: ((info)::text = 'votes'::text)
                                                        Rows Removed by Filter: 112
                                                  ->  Bitmap Heap Scan on movie_info_idx mi_idx  (cost=5171.48..16556.57 rows=276007 width=14) (actual time=16.516..86.571 rows=459925 loops=1)
                                                        Recheck Cond: (info_type_id = it2.id)
                                                        Heap Blocks: exact=7934
                                                        ->  Bitmap Index Scan on info_type_id_movie_info_idx  (cost=0.00..5102.48 rows=276007 width=0) (actual time=15.454..15.454 rows=459925 loops=1)
                                                              Index Cond: (info_type_id = it2.id)
                                ->  Index Scan using movie_id_movie_info on movie_info mi  (cost=0.43..17.45 rows=1 width=50) (actual time=0.020..0.020 rows=0 loops=50760)
                                      Index Cond: (movie_id = mk.movie_id)
                                      Filter: (info = 'Horror'::text)
                                      Rows Removed by Filter: 56
                          ->  Index Scan using info_type_pkey on info_type it1  (cost=0.14..0.16 rows=1 width=4) (actual time=0.001..0.001 rows=1 loops=12260)
                                Index Cond: (id = mi.info_type_id)
                                Filter: ((info)::text = 'genres'::text)
                                Rows Removed by Filter: 0
                    ->  Index Scan using movie_id_cast_info on cast_info ci  (cost=0.56..28.17 rows=1 width=8) (actual time=0.042..0.051 rows=1 loops=11389)
                          Index Cond: (movie_id = mk.movie_id)
                          Filter: (note = ANY ('{(writer),"(head writer)","(written by)",(story),"(story editor)"}'::text[]))
                          Rows Removed by Filter: 46
              ->  Index Scan using name_pkey on name n  (cost=0.43..1.08 rows=1 width=19) (actual time=0.005..0.005 rows=1 loops=7112)
                    Index Cond: (id = ci.person_id)
                    Filter: ((gender)::text = 'm'::text)
                    Rows Removed by Filter: 0
        ->  Index Scan using title_pkey on title t  (cost=0.43..0.84 rows=1 width=21) (actual time=0.003..0.003 rows=1 loops=4407)
              Index Cond: (id = mk.movie_id)
Planning time: 7.231 ms
Execution time: 2070.975 ms
