Aggregate  (cost=60986.76..60986.77 rows=1 width=128) (actual time=236.444..236.444 rows=1 loops=1)
  ->  Nested Loop  (cost=9.03..60986.75 rows=1 width=80) (actual time=38.483..236.421 rows=6 loops=1)
        ->  Nested Loop  (cost=8.60..60985.67 rows=1 width=69) (actual time=38.472..236.382 rows=6 loops=1)
              Join Filter: (t.id = ci.movie_id)
              ->  Nested Loop  (cost=8.03..60957.49 rows=1 width=81) (actual time=38.433..236.104 rows=9 loops=1)
                    Join Filter: (mi_idx.info_type_id = it2.id)
                    Rows Removed by Join Filter: 18
                    ->  Seq Scan on info_type it2  (cost=0.00..2.41 rows=1 width=4) (actual time=0.012..0.014 rows=1 loops=1)
                          Filter: ((info)::text = 'votes'::text)
                          Rows Removed by Filter: 112
                    ->  Nested Loop  (cost=8.03..60954.74 rows=27 width=85) (actual time=38.419..236.082 rows=27 loops=1)
                          Join Filter: (t.id = mi_idx.movie_id)
                          ->  Nested Loop  (cost=7.61..60947.47 rows=9 width=71) (actual time=38.409..236.010 rows=9 loops=1)
                                Join Filter: (mi.info_type_id = it1.id)
                                ->  Seq Scan on info_type it1  (cost=0.00..2.41 rows=1 width=4) (actual time=0.002..0.011 rows=1 loops=1)
                                      Filter: ((info)::text = 'genres'::text)
                                      Rows Removed by Filter: 112
                                ->  Nested Loop  (cost=7.61..60944.94 rows=9 width=75) (actual time=38.406..235.993 rows=9 loops=1)
                                      Join Filter: (t.id = mi.movie_id)
                                      ->  Nested Loop  (cost=7.17..60787.77 rows=9 width=25) (actual time=38.367..235.808 rows=9 loops=1)
                                            ->  Nested Loop  (cost=6.74..8522.79 rows=62096 width=4) (actual time=2.807..87.877 rows=62096 loops=1)
                                                  ->  Seq Scan on keyword k  (cost=0.00..3129.26 rows=5 width=4) (actual time=0.520..17.005 rows=5 loops=1)
                                                        Filter: (keyword = ANY ('{murder,blood,gore,death,female-nudity}'::text[]))
                                                        Rows Removed by Filter: 134165
                                                  ->  Bitmap Heap Scan on movie_keyword mk  (cost=6.74..1075.72 rows=298 width=8) (actual time=2.099..12.407 rows=12419 loops=5)
                                                        Recheck Cond: (keyword_id = k.id)
                                                        Heap Blocks: exact=41331
                                                        ->  Bitmap Index Scan on keyword_id_movie_keyword  (cost=0.00..6.67 rows=298 width=0) (actual time=1.072..1.072 rows=12419 loops=5)
                                                              Index Cond: (keyword_id = k.id)
                                            ->  Index Scan using title_pkey on title t  (cost=0.43..0.84 rows=1 width=21) (actual time=0.002..0.002 rows=0 loops=62096)
                                                  Index Cond: (id = mk.movie_id)
                                                  Filter: ((production_year > 2010) AND (title ~~ 'Vampire%'::text))
                                                  Rows Removed by Filter: 1
                                      ->  Index Scan using movie_id_movie_info on movie_info mi  (cost=0.43..17.45 rows=1 width=50) (actual time=0.019..0.019 rows=1 loops=9)
                                            Index Cond: (movie_id = mk.movie_id)
                                            Filter: (info = 'Horror'::text)
                                            Rows Removed by Filter: 17
                          ->  Index Scan using movie_id_movie_info_idx on movie_info_idx mi_idx  (cost=0.43..0.77 rows=3 width=14) (actual time=0.005..0.006 rows=3 loops=9)
                                Index Cond: (movie_id = mk.movie_id)
              ->  Index Scan using movie_id_cast_info on cast_info ci  (cost=0.56..28.17 rows=1 width=8) (actual time=0.026..0.030 rows=1 loops=9)
                    Index Cond: (movie_id = mk.movie_id)
                    Filter: (note = ANY ('{(writer),"(head writer)","(written by)",(story),"(story editor)"}'::text[]))
                    Rows Removed by Filter: 21
        ->  Index Scan using name_pkey on name n  (cost=0.43..1.08 rows=1 width=19) (actual time=0.005..0.005 rows=1 loops=6)
              Index Cond: (id = ci.person_id)
              Filter: ((gender)::text = 'm'::text)
Planning time: 7.321 ms
Execution time: 236.547 ms
