Aggregate  (cost=19032.27..19032.28 rows=1 width=128) (actual time=318.716..318.716 rows=1 loops=1)
  ->  Nested Loop  (cost=3780.78..19032.26 rows=1 width=54) (actual time=42.806..317.866 rows=1728 loops=1)
        ->  Nested Loop  (cost=3780.65..19032.08 rows=1 width=58) (actual time=42.799..315.854 rows=1844 loops=1)
              ->  Nested Loop  (cost=3780.22..19031.63 rows=1 width=47) (actual time=42.788..307.743 rows=1844 loops=1)
                    ->  Nested Loop  (cost=3779.79..19031.17 rows=1 width=35) (actual time=42.553..212.896 rows=65972 loops=1)
                          Join Filter: (t.id = ci.movie_id)
                          ->  Nested Loop  (cost=3779.23..19029.22 rows=1 width=43) (actual time=42.540..140.024 rows=445 loops=1)
                                ->  Nested Loop  (cost=3778.80..19028.73 rows=1 width=18) (actual time=41.730..134.498 rows=1423 loops=1)
                                      ->  Nested Loop  (cost=3778.67..19028.56 rows=1 width=22) (actual time=41.723..132.826 rows=1423 loops=1)
                                            Join Filter: (mi_idx.info_type_id = it2.id)
                                            Rows Removed by Join Filter: 863
                                            ->  Seq Scan on info_type it2  (cost=0.00..2.41 rows=1 width=4) (actual time=0.014..0.017 rows=1 loops=1)
                                                  Filter: ((info)::text = 'rating'::text)
                                                  Rows Removed by Filter: 112
                                            ->  Nested Loop  (cost=3778.67..19025.00 rows=92 width=26) (actual time=41.707..132.420 rows=2286 loops=1)
                                                  ->  Hash Join  (cost=3778.24..18970.66 rows=107 width=12) (actual time=41.689..109.323 rows=6396 loops=1)
                                                        Hash Cond: (cc.subject_id = cct1.id)
                                                        ->  Hash Join  (cost=3777.18..18871.86 rows=9392 width=16) (actual time=41.675..107.473 rows=9392 loops=1)
                                                              Hash Cond: (mk.movie_id = cc.movie_id)
                                                              ->  Nested Loop  (cost=6.74..14438.63 rows=24091 width=4) (actual time=0.482..57.262 rows=24091 loops=1)
                                                                    ->  Seq Scan on keyword k  (cost=0.00..3967.82 rows=10 width=4) (actual time=0.104..26.532 rows=10 loops=1)
                                                                          Filter: (keyword = ANY ('{superhero,marvel-comics,based-on-comic,tv-special,fight,violence,magnet,web,claw,laser}'::text[]))
                                                                          Rows Removed by Filter: 134160
                                                                    ->  Bitmap Heap Scan on movie_keyword mk  (cost=6.74..1044.10 rows=298 width=8) (actual time=0.445..2.708 rows=2409 loops=10)
                                                                          Recheck Cond: (keyword_id = k.id)
                                                                          Heap Blocks: exact=17127
                                                                          ->  Bitmap Index Scan on keyword_id_movie_keyword  (cost=0.00..6.67 rows=298 width=0) (actual time=0.239..0.239 rows=2409 loops=10)
                                                                                Index Cond: (keyword_id = k.id)
                                                              ->  Hash  (cost=2081.86..2081.86 rows=135086 width=12) (actual time=40.841..40.841 rows=135086 loops=1)
                                                                    Buckets: 262144  Batches: 1  Memory Usage: 7853kB
                                                                    ->  Seq Scan on complete_cast cc  (cost=0.00..2081.86 rows=135086 width=12) (actual time=0.004..17.414 rows=135086 loops=1)
                                                        ->  Hash  (cost=1.05..1.05 rows=1 width=4) (actual time=0.006..0.006 rows=1 loops=1)
                                                              Buckets: 1024  Batches: 1  Memory Usage: 9kB
                                                              ->  Seq Scan on comp_cast_type cct1  (cost=0.00..1.05 rows=1 width=4) (actual time=0.003..0.004 rows=1 loops=1)
                                                                    Filter: ((kind)::text = 'cast'::text)
                                                                    Rows Removed by Filter: 3
                                                  ->  Index Scan using movie_id_movie_info_idx on movie_info_idx mi_idx  (cost=0.43..0.50 rows=1 width=14) (actual time=0.003..0.003 rows=0 loops=6396)
                                                        Index Cond: (movie_id = mk.movie_id)
                                                        Filter: (info > '7.0'::text)
                                                        Rows Removed by Filter: 3
                                      ->  Index Scan using comp_cast_type_pkey on comp_cast_type cct2  (cost=0.13..0.15 rows=1 width=4) (actual time=0.001..0.001 rows=1 loops=1423)
                                            Index Cond: (id = cc.status_id)
                                            Filter: ((kind)::text ~~ '%complete%'::text)
                                ->  Index Scan using title_pkey on title t  (cost=0.43..0.49 rows=1 width=25) (actual time=0.004..0.004 rows=0 loops=1423)
                                      Index Cond: (id = mk.movie_id)
                                      Filter: (production_year > 2000)
                                      Rows Removed by Filter: 1
                          ->  Index Scan using movie_id_cast_info on cast_info ci  (cost=0.56..1.51 rows=36 width=12) (actual time=0.006..0.135 rows=148 loops=445)
                                Index Cond: (movie_id = mk.movie_id)
                    ->  Index Scan using char_name_pkey on char_name chn  (cost=0.43..0.46 rows=1 width=20) (actual time=0.001..0.001 rows=0 loops=65972)
                          Index Cond: (id = ci.person_role_id)
                          Filter: ((name IS NOT NULL) AND ((name ~~ '%man%'::text) OR (name ~~ '%Man%'::text)))
                          Rows Removed by Filter: 0
              ->  Index Scan using name_pkey on name n  (cost=0.43..0.46 rows=1 width=19) (actual time=0.004..0.004 rows=1 loops=1844)
                    Index Cond: (id = ci.person_id)
        ->  Index Scan using kind_type_pkey on kind_type kt  (cost=0.13..0.15 rows=1 width=4) (actual time=0.001..0.001 rows=1 loops=1844)
              Index Cond: (id = t.kind_id)
              Filter: ((kind)::text = 'movie'::text)
              Rows Removed by Filter: 0
Planning time: 34.754 ms
Execution time: 318.879 ms
