Aggregate  (cost=11093.62..11093.63 rows=1 width=128) (actual time=1252.478..1252.479 rows=1 loops=1)
  ->  Nested Loop  (cost=5.26..11093.61 rows=1 width=54) (actual time=6.172..1251.443 rows=1728 loops=1)
        ->  Nested Loop  (cost=4.83..11093.16 rows=1 width=43) (actual time=6.159..1244.750 rows=1728 loops=1)
              ->  Nested Loop  (cost=4.41..11089.99 rows=7 width=47) (actual time=1.425..622.595 rows=349357 loops=1)
                    ->  Nested Loop  (cost=3.98..11086.38 rows=2 width=59) (actual time=1.412..508.181 rows=2047 loops=1)
                          ->  Nested Loop  (cost=3.55..11068.07 rows=40 width=47) (actual time=0.323..387.516 rows=77466 loops=1)
                                ->  Nested Loop  (cost=2.98..11062.94 rows=2 width=35) (actual time=0.308..294.519 rows=647 loops=1)
                                      Join Filter: (t.kind_id = kt.id)
                                      Rows Removed by Join Filter: 5355
                                      ->  Seq Scan on kind_type kt  (cost=0.00..1.09 rows=1 width=4) (actual time=0.010..0.011 rows=1 loops=1)
                                            Filter: ((kind)::text = 'movie'::text)
                                            Rows Removed by Filter: 6
                                      ->  Nested Loop  (cost=2.98..11061.64 rows=17 width=39) (actual time=0.231..293.870 rows=6002 loops=1)
                                            Join Filter: (cc.movie_id = t.id)
                                            ->  Nested Loop  (cost=2.55..11017.87 rows=31 width=14) (actual time=0.164..246.028 rows=17898 loops=1)
                                                  Join Filter: (mi_idx.info_type_id = it2.id)
                                                  Rows Removed by Join Filter: 8859
                                                  ->  Seq Scan on info_type it2  (cost=0.00..2.41 rows=1 width=4) (actual time=0.012..0.015 rows=1 loops=1)
                                                        Filter: ((info)::text = 'rating'::text)
                                                        Rows Removed by Filter: 112
                                                  ->  Nested Loop  (cost=2.55..10972.10 rows=3469 width=18) (actual time=0.069..241.926 rows=26757 loops=1)
                                                        ->  Hash Join  (cost=2.12..3841.16 rows=8443 width=4) (actual time=0.025..60.434 rows=85941 loops=1)
                                                              Hash Cond: (cc.status_id = cct2.id)
                                                              ->  Hash Join  (cost=1.06..3488.66 rows=33772 width=8) (actual time=0.011..42.502 rows=85941 loops=1)
                                                                    Hash Cond: (cc.subject_id = cct1.id)
                                                                    ->  Seq Scan on complete_cast cc  (cost=0.00..2081.86 rows=135086 width=12) (actual time=0.004..13.567 rows=135086 loops=1)
                                                                    ->  Hash  (cost=1.05..1.05 rows=1 width=4) (actual time=0.004..0.004 rows=1 loops=1)
                                                                          Buckets: 1024  Batches: 1  Memory Usage: 9kB
                                                                          ->  Seq Scan on comp_cast_type cct1  (cost=0.00..1.05 rows=1 width=4) (actual time=0.001..0.001 rows=1 loops=1)
                                                                                Filter: ((kind)::text = 'cast'::text)
                                                                                Rows Removed by Filter: 3
                                                              ->  Hash  (cost=1.05..1.05 rows=1 width=4) (actual time=0.008..0.008 rows=2 loops=1)
                                                                    Buckets: 1024  Batches: 1  Memory Usage: 9kB
                                                                    ->  Seq Scan on comp_cast_type cct2  (cost=0.00..1.05 rows=1 width=4) (actual time=0.005..0.006 rows=2 loops=1)
                                                                          Filter: ((kind)::text ~~ '%complete%'::text)
                                                                          Rows Removed by Filter: 2
                                                        ->  Index Scan using movie_id_movie_info_idx on movie_info_idx mi_idx  (cost=0.43..0.83 rows=1 width=14) (actual time=0.002..0.002 rows=0 loops=85941)
                                                              Index Cond: (movie_id = cc.movie_id)
                                                              Filter: (info > '7.0'::text)
                                                              Rows Removed by Filter: 2
                                            ->  Index Scan using title_pkey on title t  (cost=0.43..1.40 rows=1 width=25) (actual time=0.002..0.002 rows=0 loops=17898)
                                                  Index Cond: (id = mi_idx.movie_id)
                                                  Filter: (production_year > 2000)
                                                  Rows Removed by Filter: 1
                                ->  Index Scan using movie_id_cast_info on cast_info ci  (cost=0.56..2.21 rows=36 width=12) (actual time=0.006..0.123 rows=120 loops=647)
                                      Index Cond: (movie_id = t.id)
                          ->  Index Scan using char_name_pkey on char_name chn  (cost=0.43..0.46 rows=1 width=20) (actual time=0.001..0.001 rows=0 loops=77466)
                                Index Cond: (id = ci.person_role_id)
                                Filter: ((name IS NOT NULL) AND ((name ~~ '%man%'::text) OR (name ~~ '%Man%'::text)))
                                Rows Removed by Filter: 0
                    ->  Index Scan using movie_id_movie_keyword on movie_keyword mk  (cost=0.43..1.34 rows=46 width=8) (actual time=0.003..0.030 rows=171 loops=2047)
                          Index Cond: (movie_id = t.id)
              ->  Index Scan using keyword_pkey on keyword k  (cost=0.42..0.45 rows=1 width=4) (actual time=0.002..0.002 rows=0 loops=349357)
                    Index Cond: (id = mk.keyword_id)
                    Filter: (keyword = ANY ('{superhero,marvel-comics,based-on-comic,tv-special,fight,violence,magnet,web,claw,laser}'::text[]))
                    Rows Removed by Filter: 1
        ->  Index Scan using name_pkey on name n  (cost=0.43..0.46 rows=1 width=19) (actual time=0.003..0.003 rows=1 loops=1728)
              Index Cond: (id = ci.person_id)
Planning time: 34.471 ms
Execution time: 1252.607 ms
