Aggregate  (cost=7368.53..7368.54 rows=1 width=96) (actual time=91.488..91.488 rows=1 loops=1)
  ->  Nested Loop  (cost=9.44..7368.52 rows=1 width=39) (actual time=10.108..91.437 rows=93 loops=1)
        Join Filter: (t.kind_id = kt.id)
        Rows Removed by Join Filter: 18
        ->  Nested Loop  (cost=9.44..7367.42 rows=1 width=43) (actual time=10.102..91.315 rows=111 loops=1)
              Join Filter: (mk.movie_id = t.id)
              ->  Nested Loop  (cost=9.01..7366.96 rows=1 width=38) (actual time=3.059..90.466 rows=365 loops=1)
                    ->  Nested Loop  (cost=8.58..7366.51 rows=1 width=42) (actual time=3.049..89.041 rows=365 loops=1)
                          ->  Nested Loop  (cost=8.15..7366.05 rows=1 width=30) (actual time=0.647..71.739 rows=10367 loops=1)
                                ->  Nested Loop  (cost=7.59..7364.18 rows=1 width=18) (actual time=0.637..59.934 rows=84 loops=1)
                                      Join Filter: (cc.status_id = cct2.id)
                                      Rows Removed by Join Filter: 40
                                      ->  Nested Loop  (cost=7.59..7363.11 rows=1 width=22) (actual time=0.634..59.823 rows=84 loops=1)
                                            Join Filter: (cc.subject_id = cct1.id)
                                            Rows Removed by Join Filter: 60
                                            ->  Nested Loop  (cost=7.59..7362.05 rows=1 width=26) (actual time=0.631..59.619 rows=144 loops=1)
                                                  ->  Nested Loop  (cost=7.17..7361.57 rows=1 width=14) (actual time=0.541..58.722 rows=313 loops=1)
                                                        Join Filter: (mi_idx.info_type_id = it2.id)
                                                        Rows Removed by Join Filter: 599
                                                        ->  Seq Scan on info_type it2  (cost=0.00..2.41 rows=1 width=4) (actual time=0.015..0.017 rows=1 loops=1)
                                                              Filter: ((info)::text = 'rating'::text)
                                                              Rows Removed by Filter: 112
                                                        ->  Nested Loop  (cost=7.17..7358.97 rows=15 width=18) (actual time=0.484..58.586 rows=912 loops=1)
                                                              ->  Nested Loop  (cost=6.74..7290.41 rows=135 width=4) (actual time=0.442..28.912 rows=9984 loops=1)
                                                                    ->  Seq Scan on keyword k  (cost=0.00..2961.55 rows=4 width=4) (actual time=0.063..15.652 rows=4 loops=1)
                                                                          Filter: (keyword = ANY ('{superhero,marvel-comics,based-on-comic,fight}'::text[]))
                                                                          Rows Removed by Filter: 134166
                                                                    ->  Bitmap Heap Scan on movie_keyword mk  (cost=6.74..1079.23 rows=298 width=8) (actual time=0.456..2.926 rows=2496 loops=4)
                                                                          Recheck Cond: (keyword_id = k.id)
                                                                          Heap Blocks: exact=7686
                                                                          ->  Bitmap Index Scan on keyword_id_movie_keyword  (cost=0.00..6.67 rows=298 width=0) (actual time=0.241..0.241 rows=2496 loops=4)
                                                                                Index Cond: (keyword_id = k.id)
                                                              ->  Index Scan using movie_id_movie_info_idx on movie_info_idx mi_idx  (cost=0.43..0.50 rows=1 width=14) (actual time=0.003..0.003 rows=0 loops=9984)
                                                                    Index Cond: (movie_id = mk.movie_id)
                                                                    Filter: (info > '8.0'::text)
                                                                    Rows Removed by Filter: 2
                                                  ->  Index Scan using movie_id_complete_cast on complete_cast cc  (cost=0.42..0.46 rows=2 width=12) (actual time=0.002..0.002 rows=0 loops=313)
                                                        Index Cond: (movie_id = mk.movie_id)
                                            ->  Seq Scan on comp_cast_type cct1  (cost=0.00..1.05 rows=1 width=4) (actual time=0.000..0.001 rows=1 loops=144)
                                                  Filter: ((kind)::text = 'cast'::text)
                                                  Rows Removed by Filter: 1
                                      ->  Seq Scan on comp_cast_type cct2  (cost=0.00..1.05 rows=2 width=4) (actual time=0.001..0.001 rows=1 loops=84)
                                            Filter: ((kind)::text ~~ '%complete%'::text)
                                            Rows Removed by Filter: 2
                                ->  Index Scan using movie_id_cast_info on cast_info ci  (cost=0.56..1.51 rows=36 width=12) (actual time=0.007..0.118 rows=123 loops=84)
                                      Index Cond: (movie_id = mk.movie_id)
                          ->  Index Scan using char_name_pkey on char_name chn  (cost=0.43..0.46 rows=1 width=20) (actual time=0.001..0.001 rows=0 loops=10367)
                                Index Cond: (id = ci.person_role_id)
                                Filter: ((name IS NOT NULL) AND ((name ~~ '%man%'::text) OR (name ~~ '%Man%'::text)))
                                Rows Removed by Filter: 0
                    ->  Index Only Scan using name_pkey on name n  (cost=0.43..0.45 rows=1 width=4) (actual time=0.003..0.003 rows=1 loops=365)
                          Index Cond: (id = ci.person_id)
                          Heap Fetches: 0
              ->  Index Scan using title_pkey on title t  (cost=0.43..0.45 rows=1 width=25) (actual time=0.002..0.002 rows=0 loops=365)
                    Index Cond: (id = ci.movie_id)
                    Filter: (production_year > 2005)
                    Rows Removed by Filter: 1
        ->  Seq Scan on kind_type kt  (cost=0.00..1.09 rows=1 width=4) (actual time=0.000..0.000 rows=1 loops=111)
              Filter: ((kind)::text = 'movie'::text)
              Rows Removed by Filter: 1
Planning time: 34.641 ms
Execution time: 91.606 ms
