Aggregate  (cost=12532.59..12532.60 rows=1 width=96) (actual time=69.542..69.542 rows=1 loops=1)
  ->  Nested Loop  (cost=9.44..12532.59 rows=1 width=39) (actual time=7.916..69.491 rows=93 loops=1)
        Join Filter: (t.kind_id = kt.id)
        Rows Removed by Join Filter: 18
        ->  Nested Loop  (cost=9.44..12531.49 rows=1 width=43) (actual time=7.911..69.367 rows=111 loops=1)
              ->  Nested Loop  (cost=9.01..12531.04 rows=1 width=47) (actual time=7.902..68.914 rows=111 loops=1)
                    ->  Nested Loop  (cost=8.58..12530.58 rows=1 width=35) (actual time=7.868..63.412 rows=3561 loops=1)
                          Join Filter: (t.id = ci.movie_id)
                          ->  Nested Loop  (cost=8.02..12528.62 rows=1 width=43) (actual time=7.856..59.264 rows=29 loops=1)
                                Join Filter: (cc.status_id = cct2.id)
                                Rows Removed by Join Filter: 6
                                ->  Nested Loop  (cost=8.02..12527.55 rows=1 width=47) (actual time=7.848..59.198 rows=29 loops=1)
                                      ->  Nested Loop  (cost=7.59..12526.57 rows=2 width=22) (actual time=0.657..58.802 rows=84 loops=1)
                                            Join Filter: (cc.subject_id = cct1.id)
                                            Rows Removed by Join Filter: 60
                                            ->  Seq Scan on comp_cast_type cct1  (cost=0.00..1.05 rows=1 width=4) (actual time=0.007..0.009 rows=1 loops=1)
                                                  Filter: ((kind)::text = 'cast'::text)
                                                  Rows Removed by Filter: 3
                                            ->  Nested Loop  (cost=7.59..12523.72 rows=144 width=26) (actual time=0.648..58.765 rows=144 loops=1)
                                                  ->  Nested Loop  (cost=7.17..12374.74 rows=313 width=14) (actual time=0.556..57.894 rows=313 loops=1)
                                                        Join Filter: (mi_idx.info_type_id = it2.id)
                                                        Rows Removed by Join Filter: 599
                                                        ->  Seq Scan on info_type it2  (cost=0.00..2.41 rows=1 width=4) (actual time=0.010..0.013 rows=1 loops=1)
                                                              Filter: ((info)::text = 'rating'::text)
                                                              Rows Removed by Filter: 112
                                                        ->  Nested Loop  (cost=7.17..12360.93 rows=912 width=18) (actual time=0.505..57.760 rows=912 loops=1)
                                                              ->  Nested Loop  (cost=6.74..7290.41 rows=9984 width=4) (actual time=0.462..29.011 rows=9984 loops=1)
                                                                    ->  Seq Scan on keyword k  (cost=0.00..2961.55 rows=4 width=4) (actual time=0.065..16.127 rows=4 loops=1)
                                                                          Filter: (keyword = ANY ('{superhero,marvel-comics,based-on-comic,fight}'::text[]))
                                                                          Rows Removed by Filter: 134166
                                                                    ->  Bitmap Heap Scan on movie_keyword mk  (cost=6.74..1079.23 rows=298 width=8) (actual time=0.454..2.847 rows=2496 loops=4)
                                                                          Recheck Cond: (keyword_id = k.id)
                                                                          Heap Blocks: exact=7686
                                                                          ->  Bitmap Index Scan on keyword_id_movie_keyword  (cost=0.00..6.67 rows=298 width=0) (actual time=0.230..0.230 rows=2496 loops=4)
                                                                                Index Cond: (keyword_id = k.id)
                                                              ->  Index Scan using movie_id_movie_info_idx on movie_info_idx mi_idx  (cost=0.43..0.50 rows=1 width=14) (actual time=0.003..0.003 rows=0 loops=9984)
                                                                    Index Cond: (movie_id = mk.movie_id)
                                                                    Filter: (info > '8.0'::text)
                                                                    Rows Removed by Filter: 2
                                                  ->  Index Scan using movie_id_complete_cast on complete_cast cc  (cost=0.42..0.46 rows=2 width=12) (actual time=0.002..0.002 rows=0 loops=313)
                                                        Index Cond: (movie_id = mk.movie_id)
                                      ->  Index Scan using title_pkey on title t  (cost=0.43..0.49 rows=1 width=25) (actual time=0.004..0.004 rows=0 loops=84)
                                            Index Cond: (id = mk.movie_id)
                                            Filter: (production_year > 2005)
                                            Rows Removed by Filter: 1
                                ->  Seq Scan on comp_cast_type cct2  (cost=0.00..1.05 rows=2 width=4) (actual time=0.001..0.001 rows=1 loops=29)
                                      Filter: ((kind)::text ~~ '%complete%'::text)
                                      Rows Removed by Filter: 2
                          ->  Index Scan using movie_id_cast_info on cast_info ci  (cost=0.56..1.51 rows=36 width=12) (actual time=0.006..0.115 rows=123 loops=29)
                                Index Cond: (movie_id = mk.movie_id)
                    ->  Index Scan using char_name_pkey on char_name chn  (cost=0.43..0.46 rows=1 width=20) (actual time=0.001..0.001 rows=0 loops=3561)
                          Index Cond: (id = ci.person_role_id)
                          Filter: ((name IS NOT NULL) AND ((name ~~ '%man%'::text) OR (name ~~ '%Man%'::text)))
                          Rows Removed by Filter: 0
              ->  Index Only Scan using name_pkey on name n  (cost=0.43..0.45 rows=1 width=4) (actual time=0.004..0.004 rows=1 loops=111)
                    Index Cond: (id = ci.person_id)
                    Heap Fetches: 0
        ->  Seq Scan on kind_type kt  (cost=0.00..1.09 rows=1 width=4) (actual time=0.000..0.001 rows=1 loops=111)
              Filter: ((kind)::text = 'movie'::text)
              Rows Removed by Filter: 1
Planning time: 34.516 ms
Execution time: 69.660 ms
