Aggregate  (cost=38725.81..38725.82 rows=1 width=96) (actual time=668.212..668.212 rows=1 loops=1)
  ->  Nested Loop  (cost=3782.70..38725.61 rows=27 width=39) (actual time=41.367..666.021 rows=5400 loops=1)
        ->  Hash Join  (cost=3782.27..38713.48 rows=27 width=43) (actual time=41.357..645.881 rows=5400 loops=1)
              Hash Cond: (cc.status_id = cct2.id)
              ->  Nested Loop  (cost=3781.19..38695.66 rows=1609 width=47) (actual time=41.336..644.292 rows=5400 loops=1)
                    ->  Nested Loop  (cost=3780.76..25308.49 rows=29245 width=35) (actual time=40.850..358.459 rows=189738 loops=1)
                          Join Filter: (t.id = ci.movie_id)
                          ->  Nested Loop  (cost=3780.20..22841.61 rows=1261 width=43) (actual time=40.836..138.766 rows=1261 loops=1)
                                Join Filter: (mi_idx.info_type_id = it2.id)
                                Rows Removed by Join Filter: 2570
                                ->  Seq Scan on info_type it2  (cost=0.00..2.41 rows=1 width=4) (actual time=0.011..0.014 rows=1 loops=1)
                                      Filter: ((info)::text = 'rating'::text)
                                      Rows Removed by Filter: 112
                                ->  Nested Loop  (cost=3780.20..22791.31 rows=3831 width=47) (actual time=40.822..138.169 rows=3831 loops=1)
                                      Join Filter: (t.id = mi_idx.movie_id)
                                      ->  Hash Join  (cost=3779.77..22122.50 rows=1267 width=33) (actual time=40.812..131.566 rows=1267 loops=1)
                                            Hash Cond: (t.kind_id = kt.id)
                                            ->  Nested Loop  (cost=3778.67..22103.29 rows=1595 width=37) (actual time=40.469..131.084 rows=1595 loops=1)
                                                  ->  Hash Join  (cost=3778.24..18970.66 rows=6396 width=12) (actual time=40.172..108.754 rows=6396 loops=1)
                                                        Hash Cond: (cc.subject_id = cct1.id)
                                                        ->  Hash Join  (cost=3777.18..18871.86 rows=9392 width=16) (actual time=40.165..106.756 rows=9392 loops=1)
                                                              Hash Cond: (mk.movie_id = cc.movie_id)
                                                              ->  Nested Loop  (cost=6.74..14438.63 rows=24091 width=4) (actual time=0.481..58.322 rows=24091 loops=1)
                                                                    ->  Seq Scan on keyword k  (cost=0.00..3967.82 rows=10 width=4) (actual time=0.103..26.637 rows=10 loops=1)
                                                                          Filter: (keyword = ANY ('{superhero,marvel-comics,based-on-comic,tv-special,fight,violence,magnet,web,claw,laser}'::text[]))
                                                                          Rows Removed by Filter: 134160
                                                                    ->  Bitmap Heap Scan on movie_keyword mk  (cost=6.74..1044.10 rows=298 width=8) (actual time=0.455..2.792 rows=2409 loops=10)
                                                                          Recheck Cond: (keyword_id = k.id)
                                                                          Heap Blocks: exact=17127
                                                                          ->  Bitmap Index Scan on keyword_id_movie_keyword  (cost=0.00..6.67 rows=298 width=0) (actual time=0.243..0.243 rows=2409 loops=10)
                                                                                Index Cond: (keyword_id = k.id)
                                                              ->  Hash  (cost=2081.86..2081.86 rows=135086 width=12) (actual time=39.325..39.325 rows=135086 loops=1)
                                                                    Buckets: 262144  Batches: 1  Memory Usage: 7853kB
                                                                    ->  Seq Scan on complete_cast cc  (cost=0.00..2081.86 rows=135086 width=12) (actual time=0.004..17.534 rows=135086 loops=1)
                                                        ->  Hash  (cost=1.05..1.05 rows=1 width=4) (actual time=0.002..0.002 rows=1 loops=1)
                                                              Buckets: 1024  Batches: 1  Memory Usage: 9kB
                                                              ->  Seq Scan on comp_cast_type cct1  (cost=0.00..1.05 rows=1 width=4) (actual time=0.001..0.001 rows=1 loops=1)
                                                                    Filter: ((kind)::text = 'cast'::text)
                                                                    Rows Removed by Filter: 3
                                                  ->  Index Scan using title_pkey on title t  (cost=0.43..0.49 rows=1 width=25) (actual time=0.003..0.003 rows=0 loops=6396)
                                                        Index Cond: (id = mk.movie_id)
                                                        Filter: (production_year > 2000)
                                                        Rows Removed by Filter: 1
                                            ->  Hash  (cost=1.09..1.09 rows=1 width=4) (actual time=0.005..0.005 rows=1 loops=1)
                                                  Buckets: 1024  Batches: 1  Memory Usage: 9kB
                                                  ->  Seq Scan on kind_type kt  (cost=0.00..1.09 rows=1 width=4) (actual time=0.003..0.004 rows=1 loops=1)
                                                        Filter: ((kind)::text = 'movie'::text)
                                                        Rows Removed by Filter: 6
                                      ->  Index Scan using movie_id_movie_info_idx on movie_info_idx mi_idx  (cost=0.43..0.49 rows=3 width=14) (actual time=0.004..0.004 rows=3 loops=1267)
                                            Index Cond: (movie_id = mk.movie_id)
                          ->  Index Scan using movie_id_cast_info on cast_info ci  (cost=0.56..1.51 rows=36 width=12) (actual time=0.006..0.142 rows=150 loops=1261)
                                Index Cond: (movie_id = mk.movie_id)
                    ->  Index Scan using char_name_pkey on char_name chn  (cost=0.43..0.46 rows=1 width=20) (actual time=0.001..0.001 rows=0 loops=189738)
                          Index Cond: (id = ci.person_role_id)
                          Filter: ((name IS NOT NULL) AND ((name ~~ '%man%'::text) OR (name ~~ '%Man%'::text)))
                          Rows Removed by Filter: 0
              ->  Hash  (cost=1.05..1.05 rows=2 width=4) (actual time=0.012..0.012 rows=2 loops=1)
                    Buckets: 1024  Batches: 1  Memory Usage: 9kB
                    ->  Seq Scan on comp_cast_type cct2  (cost=0.00..1.05 rows=2 width=4) (actual time=0.008..0.010 rows=2 loops=1)
                          Filter: ((kind)::text ~~ '%complete%'::text)
                          Rows Removed by Filter: 2
        ->  Index Only Scan using name_pkey on name n  (cost=0.43..0.45 rows=1 width=4) (actual time=0.003..0.003 rows=1 loops=5400)
              Index Cond: (id = ci.person_id)
              Heap Fetches: 0
Planning time: 34.917 ms
Execution time: 668.358 ms
