Aggregate  (cost=1990.78..1990.79 rows=1 width=96) (actual time=24.177..24.177 rows=1 loops=1)
  ->  Nested Loop  (cost=602.65..1990.78 rows=1 width=48) (actual time=2.388..24.007 rows=477 loops=1)
        ->  Nested Loop  (cost=602.23..1933.39 rows=130 width=52) (actual time=2.375..14.482 rows=6483 loops=1)
              Join Filter: (ml.movie_id = mk.movie_id)
              ->  Nested Loop  (cost=601.80..1923.75 rows=5 width=68) (actual time=2.367..11.343 rows=705 loops=1)
                    Join Filter: (ml.movie_id = mi.movie_id)
                    ->  Nested Loop  (cost=601.37..1885.61 rows=19 width=64) (actual time=1.946..8.632 rows=269 loops=1)
                          Join Filter: (ml.movie_id = t.id)
                          ->  Nested Loop  (cost=600.94..1852.86 rows=54 width=43) (actual time=1.937..8.128 rows=273 loops=1)
                                ->  Nested Loop  (cost=600.52..1732.64 rows=263 width=28) (actual time=1.768..6.745 rows=705 loops=1)
                                      Join Filter: (cc.status_id = cct2.id)
                                      Rows Removed by Join Filter: 229
                                      ->  Nested Loop  (cost=600.52..1715.80 rows=1053 width=32) (actual time=1.766..6.426 rows=934 loops=1)
                                            Join Filter: (cc.subject_id = cct1.id)
                                            Rows Removed by Join Filter: 171
                                            ->  Nested Loop  (cost=600.52..1701.29 rows=489 width=36) (actual time=1.762..6.080 rows=934 loops=1)
                                                  Join Filter: (mc.company_type_id = ct.id)
                                                  Rows Removed by Join Filter: 109
                                                  ->  Nested Loop  (cost=600.52..1670.90 rows=1956 width=40) (actual time=1.756..5.686 rows=1043 loops=1)
                                                        Join Filter: (ml.movie_id = mc.movie_id)
                                                        ->  Merge Join  (cost=600.09..957.63 rows=539 width=28) (actual time=1.741..4.524 rows=257 loops=1)
                                                              Merge Cond: (cc.movie_id = ml.movie_id)
                                                              ->  Index Scan using movie_id_complete_cast on complete_cast cc  (cost=0.42..6332.07 rows=135086 width=12) (actual time=0.015..1.985 rows=5993 loops=1)
                                                              ->  Sort  (cost=599.65..605.43 rows=2315 width=16) (actual time=1.511..1.684 rows=2341 loops=1)
                                                                    Sort Key: ml.movie_id
                                                                    Sort Method: quicksort  Memory: 205kB
                                                                    ->  Nested Loop  (cost=38.82..470.28 rows=2315 width=16) (actual time=0.069..1.005 rows=2315 loops=1)
                                                                          ->  Seq Scan on link_type lt  (cost=0.00..1.23 rows=2 width=16) (actual time=0.005..0.008 rows=2 loops=1)
                                                                                Filter: ((link)::text ~~ '%follow%'::text)
                                                                                Rows Removed by Filter: 16
                                                                          ->  Bitmap Heap Scan on movie_link ml  (cost=38.82..215.78 rows=1875 width=8) (actual time=0.056..0.311 rows=1158 loops=2)
                                                                                Recheck Cond: (link_type_id = lt.id)
                                                                                Heap Blocks: exact=191
                                                                                ->  Bitmap Index Scan on link_type_id_movie_link  (cost=0.00..38.35 rows=1875 width=0) (actual time=0.044..0.044 rows=1158 loops=2)
                                                                                      Index Cond: (link_type_id = lt.id)
                                                        ->  Index Scan using movie_id_movie_companies on movie_companies mc  (cost=0.43..1.29 rows=3 width=12) (actual time=0.003..0.004 rows=4 loops=257)
                                                              Index Cond: (movie_id = cc.movie_id)
                                                              Filter: (note IS NULL)
                                                              Rows Removed by Filter: 3
                                                  ->  Materialize  (cost=0.00..1.05 rows=1 width=4) (actual time=0.000..0.000 rows=1 loops=1043)
                                                        ->  Seq Scan on company_type ct  (cost=0.00..1.05 rows=1 width=4) (actual time=0.004..0.004 rows=1 loops=1)
                                                              Filter: ((kind)::text = 'production companies'::text)
                                                              Rows Removed by Filter: 3
                                            ->  Materialize  (cost=0.00..1.06 rows=2 width=4) (actual time=0.000..0.000 rows=1 loops=934)
                                                  ->  Seq Scan on comp_cast_type cct1  (cost=0.00..1.05 rows=2 width=4) (actual time=0.003..0.004 rows=2 loops=1)
                                                        Filter: ((kind)::text = ANY ('{cast,crew}'::text[]))
                                      ->  Materialize  (cost=0.00..1.05 rows=1 width=4) (actual time=0.000..0.000 rows=1 loops=934)
                                            ->  Seq Scan on comp_cast_type cct2  (cost=0.00..1.05 rows=1 width=4) (actual time=0.001..0.002 rows=1 loops=1)
                                                  Filter: ((kind)::text = 'complete'::text)
                                                  Rows Removed by Filter: 3
                                ->  Index Scan using company_name_pkey on company_name cn  (cost=0.42..0.46 rows=1 width=23) (actual time=0.002..0.002 rows=0 loops=705)
                                      Index Cond: (id = mc.company_id)
                                      Filter: (((country_code)::text <> '[pl]'::text) AND ((name ~~ '%Film%'::text) OR (name ~~ '%Warner%'::text)))
                                      Rows Removed by Filter: 1
                          ->  Index Scan using title_pkey on title t  (cost=0.43..0.59 rows=1 width=21) (actual time=0.001..0.001 rows=1 loops=273)
                                Index Cond: (id = mc.movie_id)
                                Filter: ((production_year >= 1950) AND (production_year <= 2000))
                                Rows Removed by Filter: 0
                    ->  Index Scan using movie_id_movie_info on movie_info mi  (cost=0.43..1.99 rows=1 width=4) (actual time=0.008..0.009 rows=3 loops=269)
                          Index Cond: (movie_id = mc.movie_id)
                          Filter: (info = ANY ('{Sweden,Germany,Swedish,German}'::text[]))
                          Rows Removed by Filter: 23
              ->  Index Scan using movie_id_movie_keyword on movie_keyword mk  (cost=0.43..1.35 rows=46 width=8) (actual time=0.001..0.003 rows=9 loops=705)
                    Index Cond: (movie_id = mc.movie_id)
        ->  Index Scan using keyword_pkey on keyword k  (cost=0.42..0.44 rows=1 width=4) (actual time=0.001..0.001 rows=0 loops=6483)
              Index Cond: (id = mk.keyword_id)
              Filter: (keyword = 'sequel'::text)
              Rows Removed by Filter: 1
Planning time: 55.867 ms
Execution time: 24.301 ms
