Aggregate  (cost=1690.92..1690.93 rows=1 width=96) (actual time=45.515..45.516 rows=1 loops=1)
  ->  Nested Loop  (cost=668.32..1690.92 rows=1 width=48) (actual time=7.337..45.343 rows=477 loops=1)
        Join Filter: (ml.movie_id = t.id)
        ->  Nested Loop  (cost=667.89..1690.41 rows=1 width=51) (actual time=7.328..44.549 rows=477 loops=1)
              ->  Merge Join  (cost=667.47..1610.52 rows=181 width=55) (actual time=7.312..35.590 rows=6483 loops=1)
                    Merge Cond: (mk.movie_id = ml.movie_id)
                    ->  Nested Loop  (cost=2.14..42544.65 rows=5339 width=39) (actual time=5.718..32.046 rows=417 loops=1)
                          ->  Nested Loop  (cost=1.71..41472.92 rows=591 width=31) (actual time=4.145..31.661 rows=151 loops=1)
                                ->  Nested Loop  (cost=1.27..37054.25 rows=2204 width=27) (actual time=2.076..29.688 rows=259 loops=1)
                                      ->  Nested Loop  (cost=0.85..32152.43 rows=10724 width=12) (actual time=0.435..20.869 rows=4943 loops=1)
                                            Join Filter: (mc.company_type_id = ct.id)
                                            Rows Removed by Join Filter: 112
                                            ->  Nested Loop  (cost=0.85..31507.97 rows=42894 width=16) (actual time=0.431..19.229 rows=5055 loops=1)
                                                  ->  Nested Loop  (cost=0.42..9289.19 rows=16886 width=4) (actual time=0.025..6.597 rows=5765 loops=1)
                                                        Join Filter: (cc.subject_id = cct1.id)
                                                        Rows Removed by Join Filter: 2303
                                                        ->  Nested Loop  (cost=0.42..8359.41 rows=33772 width=8) (actual time=0.023..4.378 rows=5765 loops=1)
                                                              Join Filter: (cc.status_id = cct2.id)
                                                              Rows Removed by Join Filter: 454
                                                              ->  Index Scan using movie_id_complete_cast on complete_cast cc  (cost=0.42..6332.07 rows=135086 width=12) (actual time=0.015..2.166 rows=6219 loops=1)
                                                              ->  Materialize  (cost=0.00..1.05 rows=1 width=4) (actual time=0.000..0.000 rows=1 loops=6219)
                                                                    ->  Seq Scan on comp_cast_type cct2  (cost=0.00..1.05 rows=1 width=4) (actual time=0.005..0.006 rows=1 loops=1)
                                                                          Filter: ((kind)::text = 'complete'::text)
                                                                          Rows Removed by Filter: 3
                                                        ->  Materialize  (cost=0.00..1.06 rows=2 width=4) (actual time=0.000..0.000 rows=1 loops=5765)
                                                              ->  Seq Scan on comp_cast_type cct1  (cost=0.00..1.05 rows=2 width=4) (actual time=0.001..0.002 rows=2 loops=1)
                                                                    Filter: ((kind)::text = ANY ('{cast,crew}'::text[]))
                                                  ->  Index Scan using movie_id_movie_companies on movie_companies mc  (cost=0.43..1.29 rows=3 width=12) (actual time=0.002..0.002 rows=1 loops=5765)
                                                        Index Cond: (movie_id = cc.movie_id)
                                                        Filter: (note IS NULL)
                                                        Rows Removed by Filter: 2
                                            ->  Materialize  (cost=0.00..1.05 rows=1 width=4) (actual time=0.000..0.000 rows=1 loops=5055)
                                                  ->  Seq Scan on company_type ct  (cost=0.00..1.05 rows=1 width=4) (actual time=0.003..0.003 rows=1 loops=1)
                                                        Filter: ((kind)::text = 'production companies'::text)
                                                        Rows Removed by Filter: 3
                                      ->  Index Scan using company_name_pkey on company_name cn  (cost=0.42..0.46 rows=1 width=23) (actual time=0.002..0.002 rows=0 loops=4943)
                                            Index Cond: (id = mc.company_id)
                                            Filter: (((country_code)::text <> '[pl]'::text) AND ((name ~~ '%Film%'::text) OR (name ~~ '%Warner%'::text)))
                                            Rows Removed by Filter: 1
                                ->  Index Scan using movie_id_movie_info on movie_info mi  (cost=0.43..1.99 rows=1 width=4) (actual time=0.007..0.007 rows=1 loops=259)
                                      Index Cond: (movie_id = mc.movie_id)
                                      Filter: (info = ANY ('{Sweden,Germany,Swedish,German}'::text[]))
                                      Rows Removed by Filter: 11
                          ->  Index Scan using movie_id_movie_keyword on movie_keyword mk  (cost=0.43..1.35 rows=46 width=8) (actual time=0.001..0.002 rows=3 loops=151)
                                Index Cond: (movie_id = mc.movie_id)
                    ->  Sort  (cost=665.30..673.63 rows=3333 width=16) (actual time=1.526..2.126 rows=8721 loops=1)
                          Sort Key: ml.movie_id
                          Sort Method: quicksort  Memory: 205kB
                          ->  Nested Loop  (cost=38.82..470.28 rows=3333 width=16) (actual time=0.075..1.010 rows=2315 loops=1)
                                ->  Seq Scan on link_type lt  (cost=0.00..1.23 rows=2 width=16) (actual time=0.004..0.007 rows=2 loops=1)
                                      Filter: ((link)::text ~~ '%follow%'::text)
                                      Rows Removed by Filter: 16
                                ->  Bitmap Heap Scan on movie_link ml  (cost=38.82..215.78 rows=1875 width=8) (actual time=0.060..0.314 rows=1158 loops=2)
                                      Recheck Cond: (link_type_id = lt.id)
                                      Heap Blocks: exact=191
                                      ->  Bitmap Index Scan on link_type_id_movie_link  (cost=0.00..38.35 rows=1875 width=0) (actual time=0.048..0.048 rows=1158 loops=2)
                                            Index Cond: (link_type_id = lt.id)
              ->  Index Scan using keyword_pkey on keyword k  (cost=0.42..0.44 rows=1 width=4) (actual time=0.001..0.001 rows=0 loops=6483)
                    Index Cond: (id = mk.keyword_id)
                    Filter: (keyword = 'sequel'::text)
                    Rows Removed by Filter: 1
        ->  Index Scan using title_pkey on title t  (cost=0.43..0.49 rows=1 width=21) (actual time=0.001..0.001 rows=1 loops=477)
              Index Cond: (id = mk.movie_id)
              Filter: ((production_year >= 1950) AND (production_year <= 2000))
Planning time: 55.202 ms
Execution time: 45.637 ms
