Aggregate  (cost=16650.82..16650.83 rows=1 width=96) (actual time=180.198..180.198 rows=1 loops=1)
  ->  Hash Join  (cost=4115.14..16640.15 rows=1423 width=42) (actual time=44.278..178.569 rows=4803 loops=1)
        Hash Cond: (mc.company_type_id = ct.id)
        ->  Nested Loop  (cost=4114.05..16589.08 rows=4803 width=46) (actual time=44.257..177.420 rows=4803 loops=1)
              ->  Nested Loop  (cost=4113.63..14157.66 rows=4955 width=31) (actual time=44.244..165.897 rows=4955 loops=1)
                    Join Filter: (t.id = mc.movie_id)
                    ->  Nested Loop  (cost=4113.20..13907.99 rows=432 width=43) (actual time=44.229..159.745 rows=432 loops=1)
                          Join Filter: (mi.info_type_id = it1.id)
                          Rows Removed by Join Filter: 49
                          ->  Seq Scan on info_type it1  (cost=0.00..2.41 rows=1 width=4) (actual time=0.005..0.012 rows=1 loops=1)
                                Filter: ((info)::text = 'countries'::text)
                                Rows Removed by Filter: 112
                          ->  Nested Loop  (cost=4113.20..13899.56 rows=481 width=47) (actual time=44.223..159.620 rows=481 loops=1)
                                Join Filter: (t.id = mi.movie_id)
                                ->  Nested Loop  (cost=4112.77..13015.43 rows=473 width=39) (actual time=44.196..130.695 rows=473 loops=1)
                                      Join Filter: (mi_idx.info_type_id = it2.id)
                                      Rows Removed by Join Filter: 1026
                                      ->  Seq Scan on info_type it2  (cost=0.00..2.41 rows=1 width=4) (actual time=0.007..0.010 rows=1 loops=1)
                                            Filter: ((info)::text = 'rating'::text)
                                            Rows Removed by Filter: 112
                                      ->  Nested Loop  (cost=4112.77..12994.28 rows=1499 width=43) (actual time=44.186..130.473 rows=1499 loops=1)
                                            Join Filter: (t.id = mi_idx.movie_id)
                                            ->  Hash Join  (cost=4112.34..12700.37 rows=549 width=29) (actual time=44.170..127.716 rows=549 loops=1)
                                                  Hash Cond: (t.kind_id = kt.id)
                                                  ->  Nested Loop  (cost=4111.23..12692.34 rows=609 width=33) (actual time=44.152..127.522 rows=609 loops=1)
                                                        ->  Hash Join  (cost=4110.80..10815.50 rows=3832 width=8) (actual time=44.136..114.754 rows=3832 loops=1)
                                                              Hash Cond: (cc.status_id = cct2.id)
                                                              ->  Hash Join  (cost=4109.71..10749.73 rows=6216 width=12) (actual time=44.121..113.588 rows=6216 loops=1)
                                                                    Hash Cond: (mk.movie_id = cc.movie_id)
                                                                    ->  Nested Loop  (cost=6.74..6229.24 rows=37091 width=4) (actual time=3.070..62.238 rows=37091 loops=1)
                                                                          ->  Seq Scan on keyword k  (cost=0.00..2961.55 rows=3 width=4) (actual time=0.713..15.457 rows=3 loops=1)
                                                                                Filter: (keyword = ANY ('{murder,murder-in-title,blood,violence}'::text[]))
                                                                                Rows Removed by Filter: 134167
                                                                          ->  Bitmap Heap Scan on movie_keyword mk  (cost=6.74..1086.25 rows=298 width=8) (actual time=2.527..13.782 rows=12364 loops=3)
                                                                                Recheck Cond: (keyword_id = k.id)
                                                                                Heap Blocks: exact=26312
                                                                                ->  Bitmap Index Scan on keyword_id_movie_keyword  (cost=0.00..6.67 rows=298 width=0) (actual time=1.420..1.420 rows=12364 loops=3)
                                                                                      Index Cond: (keyword_id = k.id)
                                                                    ->  Hash  (cost=3488.66..3488.66 rows=49145 width=8) (actual time=40.916..40.916 rows=49145 loops=1)
                                                                          Buckets: 65536  Batches: 1  Memory Usage: 2432kB
                                                                          ->  Hash Join  (cost=1.06..3488.66 rows=49145 width=8) (actual time=14.858..32.163 rows=49145 loops=1)
                                                                                Hash Cond: (cc.subject_id = cct1.id)
                                                                                ->  Seq Scan on complete_cast cc  (cost=0.00..2081.86 rows=135086 width=12) (actual time=0.005..11.169 rows=135086 loops=1)
                                                                                ->  Hash  (cost=1.05..1.05 rows=1 width=4) (actual time=0.005..0.005 rows=1 loops=1)
                                                                                      Buckets: 1024  Batches: 1  Memory Usage: 9kB
                                                                                      ->  Seq Scan on comp_cast_type cct1  (cost=0.00..1.05 rows=1 width=4) (actual time=0.003..0.004 rows=1 loops=1)
                                                                                            Filter: ((kind)::text = 'crew'::text)
                                                                                            Rows Removed by Filter: 3
                                                              ->  Hash  (cost=1.05..1.05 rows=3 width=4) (actual time=0.007..0.007 rows=3 loops=1)
                                                                    Buckets: 1024  Batches: 1  Memory Usage: 9kB
                                                                    ->  Seq Scan on comp_cast_type cct2  (cost=0.00..1.05 rows=3 width=4) (actual time=0.003..0.004 rows=3 loops=1)
                                                                          Filter: ((kind)::text <> 'complete+verified'::text)
                                                                          Rows Removed by Filter: 1
                                                        ->  Index Scan using title_pkey on title t  (cost=0.43..0.49 rows=1 width=25) (actual time=0.003..0.003 rows=0 loops=3832)
                                                              Index Cond: (id = mk.movie_id)
                                                              Filter: (production_year > 2000)
                                                              Rows Removed by Filter: 1
                                                  ->  Hash  (cost=1.09..1.09 rows=2 width=4) (actual time=0.007..0.007 rows=2 loops=1)
                                                        Buckets: 1024  Batches: 1  Memory Usage: 9kB
                                                        ->  Seq Scan on kind_type kt  (cost=0.00..1.09 rows=2 width=4) (actual time=0.004..0.005 rows=2 loops=1)
                                                              Filter: ((kind)::text = ANY ('{movie,episode}'::text[]))
                                                              Rows Removed by Filter: 5
                                            ->  Index Scan using movie_id_movie_info_idx on movie_info_idx mi_idx  (cost=0.43..0.50 rows=3 width=14) (actual time=0.003..0.004 rows=3 loops=549)
                                                  Index Cond: (movie_id = mk.movie_id)
                                                  Filter: (info < '8.5'::text)
                                                  Rows Removed by Filter: 0
                                ->  Index Scan using movie_id_movie_info on movie_info mi  (cost=0.43..1.84 rows=2 width=8) (actual time=0.053..0.061 rows=1 loops=473)
                                      Index Cond: (movie_id = mk.movie_id)
                                      Filter: (info = ANY ('{Sweden,Norway,Germany,Denmark,Swedish,Danish,Norwegian,German,USA,American}'::text[]))
                                      Rows Removed by Filter: 139
                    ->  Index Scan using movie_id_movie_companies on movie_companies mc  (cost=0.43..0.57 rows=1 width=12) (actual time=0.005..0.012 rows=11 loops=432)
                          Index Cond: (movie_id = mk.movie_id)
                          Filter: ((note !~~ '%(USA)%'::text) AND (note ~~ '%(200%)%'::text))
                          Rows Removed by Filter: 10
              ->  Index Scan using company_name_pkey on company_name cn  (cost=0.42..0.49 rows=1 width=23) (actual time=0.002..0.002 rows=1 loops=4955)
                    Index Cond: (id = mc.company_id)
                    Filter: ((country_code)::text <> '[us]'::text)
                    Rows Removed by Filter: 0
        ->  Hash  (cost=1.04..1.04 rows=4 width=4) (actual time=0.011..0.011 rows=4 loops=1)
              Buckets: 1024  Batches: 1  Memory Usage: 9kB
              ->  Seq Scan on company_type ct  (cost=0.00..1.04 rows=4 width=4) (actual time=0.006..0.008 rows=4 loops=1)
Planning time: 190.761 ms
Execution time: 180.409 ms
