Aggregate  (cost=13127.61..13127.62 rows=1 width=96) (actual time=134.158..134.158 rows=1 loops=1)
  ->  Nested Loop  (cost=4114.33..13127.60 rows=1 width=42) (actual time=43.700..134.084 rows=148 loops=1)
        ->  Nested Loop  (cost=4114.20..13127.45 rows=1 width=46) (actual time=43.688..133.932 rows=148 loops=1)
              ->  Nested Loop  (cost=4113.78..13126.96 rows=1 width=31) (actual time=43.675..133.401 rows=150 loops=1)
                    Join Filter: (t.id = mc.movie_id)
                    ->  Nested Loop  (cost=4113.35..13120.02 rows=12 width=43) (actual time=43.659..133.114 rows=13 loops=1)
                          ->  Nested Loop  (cost=4113.20..13118.54 rows=9 width=47) (actual time=43.649..133.052 rows=20 loops=1)
                                Join Filter: (t.id = mi.movie_id)
                                ->  Nested Loop  (cost=4112.77..12841.23 rows=179 width=39) (actual time=43.458..125.113 rows=179 loops=1)
                                      Join Filter: (mi_idx.info_type_id = it2.id)
                                      Rows Removed by Join Filter: 18
                                      ->  Seq Scan on info_type it2  (cost=0.00..2.41 rows=1 width=4) (actual time=0.015..0.017 rows=1 loops=1)
                                            Filter: ((info)::text = 'rating'::text)
                                            Rows Removed by Filter: 112
                                      ->  Nested Loop  (cost=4112.77..12836.36 rows=197 width=43) (actual time=43.441..125.049 rows=197 loops=1)
                                            Join Filter: (t.id = mi_idx.movie_id)
                                            ->  Hash Join  (cost=4112.34..12697.03 rows=273 width=29) (actual time=43.423..123.789 rows=273 loops=1)
                                                  Hash Cond: (t.kind_id = kt.id)
                                                  ->  Nested Loop  (cost=4111.23..12692.34 rows=315 width=33) (actual time=43.404..123.683 rows=315 loops=1)
                                                        ->  Hash Join  (cost=4110.80..10815.50 rows=3832 width=8) (actual time=43.387..111.354 rows=3832 loops=1)
                                                              Hash Cond: (cc.status_id = cct2.id)
                                                              ->  Hash Join  (cost=4109.71..10749.73 rows=6216 width=12) (actual time=43.374..110.182 rows=6216 loops=1)
                                                                    Hash Cond: (mk.movie_id = cc.movie_id)
                                                                    ->  Nested Loop  (cost=6.74..6229.24 rows=37091 width=4) (actual time=3.330..60.878 rows=37091 loops=1)
                                                                          ->  Seq Scan on keyword k  (cost=0.00..2961.55 rows=3 width=4) (actual time=0.703..15.282 rows=3 loops=1)
                                                                                Filter: (keyword = ANY ('{murder,murder-in-title,blood,violence}'::text[]))
                                                                                Rows Removed by Filter: 134167
                                                                          ->  Bitmap Heap Scan on movie_keyword mk  (cost=6.74..1086.25 rows=298 width=8) (actual time=2.599..13.411 rows=12364 loops=3)
                                                                                Recheck Cond: (keyword_id = k.id)
                                                                                Heap Blocks: exact=26312
                                                                                ->  Bitmap Index Scan on keyword_id_movie_keyword  (cost=0.00..6.67 rows=298 width=0) (actual time=1.461..1.461 rows=12364 loops=3)
                                                                                      Index Cond: (keyword_id = k.id)
                                                                    ->  Hash  (cost=3488.66..3488.66 rows=49145 width=8) (actual time=39.904..39.904 rows=49145 loops=1)
                                                                          Buckets: 65536  Batches: 1  Memory Usage: 2432kB
                                                                          ->  Hash Join  (cost=1.06..3488.66 rows=49145 width=8) (actual time=14.902..31.692 rows=49145 loops=1)
                                                                                Hash Cond: (cc.subject_id = cct1.id)
                                                                                ->  Seq Scan on complete_cast cc  (cost=0.00..2081.86 rows=135086 width=12) (actual time=0.008..11.004 rows=135086 loops=1)
                                                                                ->  Hash  (cost=1.05..1.05 rows=1 width=4) (actual time=0.005..0.005 rows=1 loops=1)
                                                                                      Buckets: 1024  Batches: 1  Memory Usage: 9kB
                                                                                      ->  Seq Scan on comp_cast_type cct1  (cost=0.00..1.05 rows=1 width=4) (actual time=0.003..0.004 rows=1 loops=1)
                                                                                            Filter: ((kind)::text = 'crew'::text)
                                                                                            Rows Removed by Filter: 3
                                                              ->  Hash  (cost=1.05..1.05 rows=3 width=4) (actual time=0.006..0.006 rows=3 loops=1)
                                                                    Buckets: 1024  Batches: 1  Memory Usage: 9kB
                                                                    ->  Seq Scan on comp_cast_type cct2  (cost=0.00..1.05 rows=3 width=4) (actual time=0.003..0.004 rows=3 loops=1)
                                                                          Filter: ((kind)::text <> 'complete+verified'::text)
                                                                          Rows Removed by Filter: 1
                                                        ->  Index Scan using title_pkey on title t  (cost=0.43..0.49 rows=1 width=25) (actual time=0.003..0.003 rows=0 loops=3832)
                                                              Index Cond: (id = mk.movie_id)
                                                              Filter: (production_year > 2005)
                                                              Rows Removed by Filter: 1
                                                  ->  Hash  (cost=1.09..1.09 rows=2 width=4) (actual time=0.008..0.008 rows=2 loops=1)
                                                        Buckets: 1024  Batches: 1  Memory Usage: 9kB
                                                        ->  Seq Scan on kind_type kt  (cost=0.00..1.09 rows=2 width=4) (actual time=0.004..0.005 rows=2 loops=1)
                                                              Filter: ((kind)::text = ANY ('{movie,episode}'::text[]))
                                                              Rows Removed by Filter: 5
                                            ->  Index Scan using movie_id_movie_info_idx on movie_info_idx mi_idx  (cost=0.43..0.50 rows=1 width=14) (actual time=0.004..0.004 rows=1 loops=273)
                                                  Index Cond: (movie_id = mk.movie_id)
                                                  Filter: (info > '6.5'::text)
                                                  Rows Removed by Filter: 2
                                ->  Index Scan using movie_id_movie_info on movie_info mi  (cost=0.43..1.54 rows=1 width=8) (actual time=0.042..0.044 rows=0 loops=179)
                                      Index Cond: (movie_id = mk.movie_id)
                                      Filter: (info = ANY ('{Sweden,Germany,Swedish,German}'::text[]))
                                      Rows Removed by Filter: 130
                          ->  Index Scan using info_type_pkey on info_type it1  (cost=0.14..0.16 rows=1 width=4) (actual time=0.002..0.002 rows=1 loops=20)
                                Index Cond: (id = mi.info_type_id)
                                Filter: ((info)::text = 'countries'::text)
                                Rows Removed by Filter: 0
                    ->  Index Scan using movie_id_movie_companies on movie_companies mc  (cost=0.43..0.57 rows=1 width=12) (actual time=0.008..0.019 rows=12 loops=13)
                          Index Cond: (movie_id = mk.movie_id)
                          Filter: ((note !~~ '%(USA)%'::text) AND (note ~~ '%(200%)%'::text))
                          Rows Removed by Filter: 17
              ->  Index Scan using company_name_pkey on company_name cn  (cost=0.42..0.49 rows=1 width=23) (actual time=0.003..0.003 rows=1 loops=150)
                    Index Cond: (id = mc.company_id)
                    Filter: ((country_code)::text <> '[us]'::text)
                    Rows Removed by Filter: 0
        ->  Index Only Scan using company_type_pkey on company_type ct  (cost=0.13..0.15 rows=1 width=4) (actual time=0.001..0.001 rows=1 loops=148)
              Index Cond: (id = mc.company_type_id)
              Heap Fetches: 0
Planning time: 192.661 ms
Execution time: 134.370 ms
