Aggregate  (cost=6294.13..6294.14 rows=1 width=96) (actual time=355.557..355.557 rows=1 loops=1)
  ->  Nested Loop  (cost=9.30..6294.12 rows=1 width=42) (actual time=4.340..355.477 rows=148 loops=1)
        Join Filter: (t.kind_id = kt.id)
        Rows Removed by Join Filter: 36
        ->  Nested Loop  (cost=9.30..6293.01 rows=1 width=46) (actual time=4.332..355.287 rows=161 loops=1)
              Join Filter: (mi.info_type_id = it1.id)
              Rows Removed by Join Filter: 14
              ->  Nested Loop  (cost=9.30..6290.58 rows=1 width=50) (actual time=4.327..354.855 rows=175 loops=1)
                    Join Filter: (t.id = mi.movie_id)
                    ->  Nested Loop  (cost=8.87..6289.03 rows=1 width=66) (actual time=3.779..256.603 rows=1404 loops=1)
                          ->  Nested Loop  (cost=8.44..6288.54 rows=1 width=41) (actual time=3.768..243.977 rows=6376 loops=1)
                                Join Filter: (mc.company_type_id = ct.id)
                                ->  Nested Loop  (cost=8.44..6287.45 rows=1 width=45) (actual time=3.764..239.588 rows=6376 loops=1)
                                      ->  Nested Loop  (cost=8.02..6286.96 rows=1 width=30) (actual time=3.756..222.830 rows=6570 loops=1)
                                            ->  Nested Loop  (cost=7.59..6286.39 rows=1 width=18) (actual time=3.743..207.320 rows=1591 loops=1)
                                                  Join Filter: (cc.status_id = cct2.id)
                                                  Rows Removed by Join Filter: 7532
                                                  ->  Nested Loop  (cost=7.59..6285.30 rows=1 width=22) (actual time=3.740..203.623 rows=3041 loops=1)
                                                        Join Filter: (cc.subject_id = cct1.id)
                                                        Rows Removed by Join Filter: 5491
                                                        ->  Nested Loop  (cost=7.59..6284.24 rows=1 width=26) (actual time=3.566..195.230 rows=8532 loops=1)
                                                              ->  Nested Loop  (cost=7.17..6283.76 rows=1 width=14) (actual time=3.282..170.054 rows=11708 loops=1)
                                                                    Join Filter: (mi_idx.info_type_id = it2.id)
                                                                    Rows Removed by Join Filter: 5851
                                                                    ->  Seq Scan on info_type it2  (cost=0.00..2.41 rows=1 width=4) (actual time=0.015..0.016 rows=1 loops=1)
                                                                          Filter: ((info)::text = 'rating'::text)
                                                                          Rows Removed by Filter: 112
                                                                    ->  Nested Loop  (cost=7.17..6280.54 rows=65 width=18) (actual time=3.266..167.226 rows=17559 loops=1)
                                                                          ->  Nested Loop  (cost=6.74..6229.24 rows=101 width=4) (actual time=3.249..63.718 rows=37091 loops=1)
                                                                                ->  Seq Scan on keyword k  (cost=0.00..2961.55 rows=3 width=4) (actual time=0.741..15.561 rows=3 loops=1)
                                                                                      Filter: (keyword = ANY ('{murder,murder-in-title,blood,violence}'::text[]))
                                                                                      Rows Removed by Filter: 134167
                                                                                ->  Bitmap Heap Scan on movie_keyword mk  (cost=6.74..1086.25 rows=298 width=8) (actual time=2.387..14.182 rows=12364 loops=3)
                                                                                      Recheck Cond: (keyword_id = k.id)
                                                                                      Heap Blocks: exact=26312
                                                                                      ->  Bitmap Index Scan on keyword_id_movie_keyword  (cost=0.00..6.67 rows=298 width=0) (actual time=1.279..1.279 rows=12364 loops=3)
                                                                                            Index Cond: (keyword_id = k.id)
                                                                          ->  Index Scan using movie_id_movie_info_idx on movie_info_idx mi_idx  (cost=0.43..0.50 rows=1 width=14) (actual time=0.002..0.002 rows=0 loops=37091)
                                                                                Index Cond: (movie_id = mk.movie_id)
                                                                                Filter: (info > '6.5'::text)
                                                                                Rows Removed by Filter: 2
                                                              ->  Index Scan using movie_id_complete_cast on complete_cast cc  (cost=0.42..0.46 rows=2 width=12) (actual time=0.002..0.002 rows=1 loops=11708)
                                                                    Index Cond: (movie_id = mk.movie_id)
                                                        ->  Seq Scan on comp_cast_type cct1  (cost=0.00..1.05 rows=1 width=4) (actual time=0.000..0.001 rows=1 loops=8532)
                                                              Filter: ((kind)::text = 'crew'::text)
                                                              Rows Removed by Filter: 2
                                                  ->  Seq Scan on comp_cast_type cct2  (cost=0.00..1.05 rows=3 width=4) (actual time=0.000..0.001 rows=3 loops=3041)
                                                        Filter: ((kind)::text <> 'complete+verified'::text)
                                                        Rows Removed by Filter: 0
                                            ->  Index Scan using movie_id_movie_companies on movie_companies mc  (cost=0.43..0.57 rows=1 width=12) (actual time=0.005..0.009 rows=4 loops=1591)
                                                  Index Cond: (movie_id = mk.movie_id)
                                                  Filter: ((note !~~ '%(USA)%'::text) AND (note ~~ '%(200%)%'::text))
                                                  Rows Removed by Filter: 10
                                      ->  Index Scan using company_name_pkey on company_name cn  (cost=0.42..0.49 rows=1 width=23) (actual time=0.002..0.002 rows=1 loops=6570)
                                            Index Cond: (id = mc.company_id)
                                            Filter: ((country_code)::text <> '[us]'::text)
                                            Rows Removed by Filter: 0
                                ->  Seq Scan on company_type ct  (cost=0.00..1.04 rows=4 width=4) (actual time=0.000..0.000 rows=1 loops=6376)
                          ->  Index Scan using title_pkey on title t  (cost=0.43..0.49 rows=1 width=25) (actual time=0.002..0.002 rows=0 loops=6376)
                                Index Cond: (id = mk.movie_id)
                                Filter: (production_year > 2005)
                                Rows Removed by Filter: 1
                    ->  Index Scan using movie_id_movie_info on movie_info mi  (cost=0.43..1.54 rows=1 width=8) (actual time=0.069..0.070 rows=0 loops=1404)
                          Index Cond: (movie_id = mk.movie_id)
                          Filter: (info = ANY ('{Sweden,Germany,Swedish,German}'::text[]))
                          Rows Removed by Filter: 332
              ->  Seq Scan on info_type it1  (cost=0.00..2.41 rows=1 width=4) (actual time=0.001..0.002 rows=1 loops=175)
                    Filter: ((info)::text = 'countries'::text)
                    Rows Removed by Filter: 15
        ->  Seq Scan on kind_type kt  (cost=0.00..1.09 rows=2 width=4) (actual time=0.000..0.001 rows=1 loops=161)
              Filter: ((kind)::text = ANY ('{movie,episode}'::text[]))
              Rows Removed by Filter: 1
Planning time: 194.919 ms
Execution time: 355.739 ms
