Aggregate  (cost=4749.78..4749.79 rows=1 width=96) (actual time=48.576..48.576 rows=1 loops=1)
  ->  Nested Loop  (cost=11.16..4749.77 rows=1 width=48) (actual time=2.173..48.147 rows=1620 loops=1)
        Join Filter: (ci.role_id = rt.id)
        ->  Nested Loop  (cost=11.16..4748.61 rows=1 width=52) (actual time=2.168..46.805 rows=1620 loops=1)
              Join Filter: (pi.info_type_id = it3.id)
              Rows Removed by Join Filter: 3270
              ->  Nested Loop  (cost=11.16..4746.18 rows=1 width=56) (actual time=2.147..21.829 rows=4890 loops=1)
                    Join Filter: (ci.person_id = n.id)
                    ->  Nested Loop  (cost=10.73..4743.94 rows=1 width=53) (actual time=2.132..13.994 rows=4890 loops=1)
                          ->  Nested Loop  (cost=10.30..4724.45 rows=1 width=45) (actual time=2.121..12.150 rows=30 loops=1)
                                ->  Nested Loop  (cost=9.88..4722.42 rows=1 width=49) (actual time=2.110..11.883 rows=132 loops=1)
                                      Join Filter: (t.id = mc.movie_id)
                                      ->  Nested Loop  (cost=9.45..4717.55 rows=1 width=65) (actual time=2.099..11.813 rows=6 loops=1)
                                            ->  Nested Loop  (cost=9.02..4713.48 rows=1 width=53) (actual time=1.821..11.484 rows=132 loops=1)
                                                  ->  Nested Loop  (cost=8.59..4712.19 rows=1 width=49) (actual time=1.796..11.267 rows=76 loops=1)
                                                        Join Filter: (t.id = ci.movie_id)
                                                        ->  Nested Loop  (cost=8.03..4665.85 rows=1 width=33) (actual time=1.782..10.862 rows=2 loops=1)
                                                              Join Filter: (mi.info_type_id = it.id)
                                                              ->  Seq Scan on info_type it  (cost=0.00..2.41 rows=1 width=4) (actual time=0.010..0.016 rows=1 loops=1)
                                                                    Filter: ((info)::text = 'release dates'::text)
                                                                    Rows Removed by Filter: 112
                                                              ->  Nested Loop  (cost=8.03..4663.41 rows=2 width=37) (actual time=1.770..10.843 rows=2 loops=1)
                                                                    Join Filter: (t.id = mi.movie_id)
                                                                    ->  Nested Loop  (cost=7.59..4621.29 rows=1 width=29) (actual time=1.745..10.691 rows=1 loops=1)
                                                                          Join Filter: (cc.status_id = cct2.id)
                                                                          ->  Nested Loop  (cost=7.59..4620.23 rows=1 width=33) (actual time=1.743..10.689 rows=1 loops=1)
                                                                                Join Filter: (cc.subject_id = cct1.id)
                                                                                ->  Nested Loop  (cost=7.59..4619.17 rows=1 width=37) (actual time=1.739..10.684 rows=1 loops=1)
                                                                                      Join Filter: (t.id = cc.movie_id)
                                                                                      ->  Nested Loop  (cost=7.17..4616.37 rows=1 width=25) (actual time=1.727..10.671 rows=1 loops=1)
                                                                                            ->  Nested Loop  (cost=6.74..3729.38 rows=414 width=4) (actual time=0.131..9.127 rows=414 loops=1)
                                                                                                  ->  Seq Scan on keyword k  (cost=0.00..2626.12 rows=1 width=4) (actual time=0.030..8.448 rows=1 loops=1)
                                                                                                        Filter: (keyword = 'computer-animation'::text)
                                                                                                        Rows Removed by Filter: 134169
                                                                                                  ->  Bitmap Heap Scan on movie_keyword mk  (cost=6.74..1100.27 rows=298 width=8) (actual time=0.101..0.608 rows=414 loops=1)
                                                                                                        Recheck Cond: (keyword_id = k.id)
                                                                                                        Heap Blocks: exact=358
                                                                                                        ->  Bitmap Index Scan on keyword_id_movie_keyword  (cost=0.00..6.67 rows=298 width=0) (actual time=0.058..0.058 rows=414 loops=1)
                                                                                                              Index Cond: (keyword_id = k.id)
                                                                                            ->  Index Scan using title_pkey on title t  (cost=0.43..2.14 rows=1 width=21) (actual time=0.004..0.004 rows=0 loops=414)
                                                                                                  Index Cond: (id = mk.movie_id)
                                                                                                  Filter: ((production_year >= 2000) AND (production_year <= 2010) AND (title = 'Shrek 2'::text))
                                                                                                  Rows Removed by Filter: 1
                                                                                      ->  Index Scan using movie_id_complete_cast on complete_cast cc  (cost=0.42..2.77 rows=2 width=12) (actual time=0.010..0.011 rows=1 loops=1)
                                                                                            Index Cond: (movie_id = mk.movie_id)
                                                                                ->  Seq Scan on comp_cast_type cct1  (cost=0.00..1.05 rows=1 width=4) (actual time=0.003..0.003 rows=1 loops=1)
                                                                                      Filter: ((kind)::text = 'cast'::text)
                                                                          ->  Seq Scan on comp_cast_type cct2  (cost=0.00..1.05 rows=1 width=4) (actual time=0.001..0.001 rows=1 loops=1)
                                                                                Filter: ((kind)::text = 'complete+verified'::text)
                                                                                Rows Removed by Filter: 3
                                                                    ->  Index Scan using movie_id_movie_info on movie_info mi  (cost=0.43..42.09 rows=2 width=8) (actual time=0.024..0.150 rows=2 loops=1)
                                                                          Index Cond: (movie_id = mk.movie_id)
                                                                          Filter: ((info IS NOT NULL) AND ((info ~~ 'Japan:%200%'::text) OR (info ~~ 'USA:%200%'::text)))
                                                                          Rows Removed by Filter: 455
                                                        ->  Index Scan using movie_id_cast_info on cast_info ci  (cost=0.56..46.33 rows=1 width=16) (actual time=0.008..0.194 rows=38 loops=2)
                                                              Index Cond: (movie_id = mk.movie_id)
                                                              Filter: (note = ANY ('{(voice),"(voice) (uncredited)","(voice: English version)"}'::text[]))
                                                              Rows Removed by Filter: 191
                                                  ->  Index Only Scan using person_id_aka_name on aka_name an  (cost=0.42..1.27 rows=2 width=4) (actual time=0.002..0.002 rows=2 loops=76)
                                                        Index Cond: (person_id = ci.person_id)
                                                        Heap Fetches: 0
                                            ->  Index Scan using char_name_pkey on char_name chn  (cost=0.43..2.25 rows=1 width=20) (actual time=0.002..0.002 rows=0 loops=132)
                                                  Index Cond: (id = ci.person_role_id)
                                                  Filter: (name = 'Queen'::text)
                                                  Rows Removed by Filter: 1
                                      ->  Index Scan using movie_id_movie_companies on movie_companies mc  (cost=0.43..4.80 rows=5 width=8) (actual time=0.003..0.007 rows=22 loops=6)
                                            Index Cond: (movie_id = mk.movie_id)
                                ->  Index Scan using company_name_pkey on company_name cn  (cost=0.42..2.03 rows=1 width=4) (actual time=0.002..0.002 rows=0 loops=132)
                                      Index Cond: (id = mc.company_id)
                                      Filter: ((country_code)::text = '[us]'::text)
                                      Rows Removed by Filter: 1
                          ->  Index Scan using person_id_person_info on person_info pi  (cost=0.43..19.25 rows=25 width=8) (actual time=0.002..0.032 rows=163 loops=30)
                                Index Cond: (person_id = ci.person_id)
                    ->  Index Scan using name_pkey on name n  (cost=0.43..2.22 rows=1 width=19) (actual time=0.001..0.001 rows=1 loops=4890)
                          Index Cond: (id = pi.person_id)
                          Filter: ((name ~~ '%An%'::text) AND ((gender)::text = 'f'::text))
              ->  Seq Scan on info_type it3  (cost=0.00..2.41 rows=1 width=4) (actual time=0.002..0.005 rows=1 loops=4890)
                    Filter: ((info)::text = 'trivia'::text)
                    Rows Removed by Filter: 80
        ->  Seq Scan on role_type rt  (cost=0.00..1.15 rows=1 width=4) (actual time=0.000..0.000 rows=1 loops=1620)
              Filter: ((role)::text = 'actress'::text)
              Rows Removed by Filter: 1
Planning time: 2519.021 ms
Execution time: 48.817 ms
