Aggregate  (cost=3936.58..3936.59 rows=1 width=96) (actual time=33.848..33.848 rows=1 loops=1)
  ->  Nested Loop  (cost=11.16..3936.57 rows=1 width=48) (actual time=3.135..33.827 rows=15 loops=1)
        Join Filter: (ci.role_id = rt.id)
        ->  Nested Loop  (cost=11.16..3935.41 rows=1 width=52) (actual time=3.131..33.811 rows=15 loops=1)
              Join Filter: (pi.info_type_id = it3.id)
              Rows Removed by Join Filter: 2430
              ->  Nested Loop  (cost=11.16..3932.99 rows=1 width=56) (actual time=2.225..17.708 rows=2445 loops=1)
                    Join Filter: (ci.person_id = n.id)
                    ->  Nested Loop  (cost=10.73..3930.75 rows=1 width=53) (actual time=2.213..13.757 rows=2445 loops=1)
                          ->  Nested Loop  (cost=10.30..3911.25 rows=1 width=45) (actual time=2.202..12.841 rows=15 loops=1)
                                Join Filter: (mi.info_type_id = it.id)
                                ->  Nested Loop  (cost=10.30..3908.83 rows=1 width=49) (actual time=2.198..12.796 rows=15 loops=1)
                                      Join Filter: (t.id = mi.movie_id)
                                      ->  Nested Loop  (cost=9.86..3866.81 rows=1 width=65) (actual time=2.174..11.655 rows=15 loops=1)
                                            ->  Nested Loop  (cost=9.44..3864.79 rows=1 width=69) (actual time=2.164..11.503 rows=66 loops=1)
                                                  Join Filter: (t.id = mc.movie_id)
                                                  ->  Nested Loop  (cost=9.01..3859.92 rows=1 width=61) (actual time=2.153..11.459 rows=3 loops=1)
                                                        ->  Nested Loop  (cost=8.58..3855.84 rows=1 width=49) (actual time=1.733..11.267 rows=66 loops=1)
                                                              Join Filter: (cc.status_id = cct2.id)
                                                              ->  Nested Loop  (cost=8.58..3854.78 rows=1 width=53) (actual time=1.731..11.210 rows=66 loops=1)
                                                                    Join Filter: (cc.subject_id = cct1.id)
                                                                    ->  Nested Loop  (cost=8.58..3853.72 rows=1 width=57) (actual time=1.713..11.145 rows=66 loops=1)
                                                                          Join Filter: (t.id = cc.movie_id)
                                                                          ->  Nested Loop  (cost=8.16..3850.92 rows=1 width=45) (actual time=1.701..11.017 rows=66 loops=1)
                                                                                ->  Nested Loop  (cost=7.74..3849.63 rows=1 width=41) (actual time=1.678..10.884 rows=38 loops=1)
                                                                                      Join Filter: (t.id = ci.movie_id)
                                                                                      ->  Nested Loop  (cost=7.17..3803.29 rows=1 width=25) (actual time=1.664..10.600 rows=1 loops=1)
                                                                                            ->  Nested Loop  (cost=6.74..3729.38 rows=34 width=4) (actual time=0.135..9.074 rows=414 loops=1)
                                                                                                  ->  Seq Scan on keyword k  (cost=0.00..2626.12 rows=1 width=4) (actual time=0.034..8.436 rows=1 loops=1)
                                                                                                        Filter: (keyword = 'computer-animation'::text)
                                                                                                        Rows Removed by Filter: 134169
                                                                                                  ->  Bitmap Heap Scan on movie_keyword mk  (cost=6.74..1100.27 rows=298 width=8) (actual time=0.100..0.572 rows=414 loops=1)
                                                                                                        Recheck Cond: (keyword_id = k.id)
                                                                                                        Heap Blocks: exact=358
                                                                                                        ->  Bitmap Index Scan on keyword_id_movie_keyword  (cost=0.00..6.67 rows=298 width=0) (actual time=0.059..0.059 rows=414 loops=1)
                                                                                                              Index Cond: (keyword_id = k.id)
                                                                                            ->  Index Scan using title_pkey on title t  (cost=0.43..2.14 rows=1 width=21) (actual time=0.003..0.003 rows=0 loops=414)
                                                                                                  Index Cond: (id = mk.movie_id)
                                                                                                  Filter: ((production_year >= 2000) AND (production_year <= 2005) AND (title = 'Shrek 2'::text))
                                                                                                  Rows Removed by Filter: 1
                                                                                      ->  Index Scan using movie_id_cast_info on cast_info ci  (cost=0.56..46.33 rows=1 width=16) (actual time=0.014..0.275 rows=38 loops=1)
                                                                                            Index Cond: (movie_id = mk.movie_id)
                                                                                            Filter: (note = ANY ('{(voice),"(voice) (uncredited)","(voice: English version)"}'::text[]))
                                                                                            Rows Removed by Filter: 191
                                                                                ->  Index Only Scan using person_id_aka_name on aka_name an  (cost=0.42..1.27 rows=2 width=4) (actual time=0.003..0.003 rows=2 loops=38)
                                                                                      Index Cond: (person_id = ci.person_id)
                                                                                      Heap Fetches: 0
                                                                          ->  Index Scan using movie_id_complete_cast on complete_cast cc  (cost=0.42..2.77 rows=2 width=12) (actual time=0.001..0.001 rows=1 loops=66)
                                                                                Index Cond: (movie_id = mk.movie_id)
                                                                    ->  Seq Scan on comp_cast_type cct1  (cost=0.00..1.05 rows=1 width=4) (actual time=0.001..0.001 rows=1 loops=66)
                                                                          Filter: ((kind)::text = 'cast'::text)
                                                              ->  Seq Scan on comp_cast_type cct2  (cost=0.00..1.05 rows=1 width=4) (actual time=0.000..0.000 rows=1 loops=66)
                                                                    Filter: ((kind)::text = 'complete+verified'::text)
                                                                    Rows Removed by Filter: 3
                                                        ->  Index Scan using char_name_pkey on char_name chn  (cost=0.43..2.25 rows=1 width=20) (actual time=0.003..0.003 rows=0 loops=66)
                                                              Index Cond: (id = ci.person_role_id)
                                                              Filter: (name = 'Queen'::text)
                                                              Rows Removed by Filter: 1
                                                  ->  Index Scan using movie_id_movie_companies on movie_companies mc  (cost=0.43..4.80 rows=5 width=8) (actual time=0.005..0.009 rows=22 loops=3)
                                                        Index Cond: (movie_id = mk.movie_id)
                                            ->  Index Scan using company_name_pkey on company_name cn  (cost=0.42..2.03 rows=1 width=4) (actual time=0.002..0.002 rows=0 loops=66)
                                                  Index Cond: (id = mc.company_id)
                                                  Filter: ((country_code)::text = '[us]'::text)
                                                  Rows Removed by Filter: 1
                                      ->  Index Scan using movie_id_movie_info on movie_info mi  (cost=0.43..41.99 rows=2 width=8) (actual time=0.009..0.076 rows=1 loops=15)
                                            Index Cond: (movie_id = mk.movie_id)
                                            Filter: (info ~~ 'USA:%200%'::text)
                                            Rows Removed by Filter: 456
                                ->  Seq Scan on info_type it  (cost=0.00..2.41 rows=1 width=4) (actual time=0.002..0.002 rows=1 loops=15)
                                      Filter: ((info)::text = 'release dates'::text)
                                      Rows Removed by Filter: 15
                          ->  Index Scan using person_id_person_info on person_info pi  (cost=0.43..19.25 rows=25 width=8) (actual time=0.002..0.032 rows=163 loops=15)
                                Index Cond: (person_id = ci.person_id)
                    ->  Index Scan using name_pkey on name n  (cost=0.43..2.22 rows=1 width=19) (actual time=0.001..0.001 rows=1 loops=2445)
                          Index Cond: (id = pi.person_id)
                          Filter: ((name ~~ '%An%'::text) AND ((gender)::text = 'f'::text))
              ->  Seq Scan on info_type it3  (cost=0.00..2.41 rows=1 width=4) (actual time=0.002..0.006 rows=1 loops=2445)
                    Filter: ((info)::text = 'height'::text)
                    Rows Removed by Filter: 111
        ->  Seq Scan on role_type rt  (cost=0.00..1.15 rows=1 width=4) (actual time=0.001..0.001 rows=1 loops=15)
              Filter: ((role)::text = 'actress'::text)
              Rows Removed by Filter: 1
Planning time: 2552.499 ms
Execution time: 34.087 ms
