Aggregate  (cost=4822.67..4822.68 rows=1 width=96) (actual time=11.465..11.465 rows=1 loops=1)
  ->  Nested Loop  (cost=11.16..4822.67 rows=1 width=48) (actual time=1.931..11.448 rows=15 loops=1)
        Join Filter: (n.id = an.person_id)
        ->  Nested Loop  (cost=10.73..4816.23 rows=5 width=60) (actual time=1.914..11.419 rows=5 loops=1)
              ->  Nested Loop  (cost=10.31..4771.64 rows=22 width=64) (actual time=1.902..11.334 rows=22 loops=1)
                    Join Filter: (t.id = mc.movie_id)
                    ->  Nested Loop  (cost=9.88..4766.78 rows=1 width=80) (actual time=1.891..11.311 rows=1 loops=1)
                          Join Filter: (ci.person_id = n.id)
                          ->  Nested Loop  (cost=9.45..4764.54 rows=1 width=61) (actual time=1.877..11.298 rows=1 loops=1)
                                Join Filter: (pi.info_type_id = it3.id)
                                Rows Removed by Join Filter: 162
                                ->  Seq Scan on info_type it3  (cost=0.00..2.41 rows=1 width=4) (actual time=0.010..0.016 rows=1 loops=1)
                                      Filter: ((info)::text = 'height'::text)
                                      Rows Removed by Filter: 112
                                ->  Nested Loop  (cost=9.45..4760.09 rows=163 width=65) (actual time=1.809..11.266 rows=163 loops=1)
                                      ->  Nested Loop  (cost=9.02..4740.59 rows=1 width=57) (actual time=1.797..11.184 rows=1 loops=1)
                                            Join Filter: (mi.info_type_id = it.id)
                                            ->  Nested Loop  (cost=9.02..4738.17 rows=1 width=61) (actual time=1.793..11.179 rows=1 loops=1)
                                                  Join Filter: (t.id = mi.movie_id)
                                                  ->  Nested Loop  (cost=8.59..4696.15 rows=1 width=53) (actual time=1.768..11.051 rows=1 loops=1)
                                                        ->  Nested Loop  (cost=8.16..4669.55 rows=11 width=41) (actual time=1.745..10.971 rows=11 loops=1)
                                                              Join Filter: (ci.role_id = rt.id)
                                                              Rows Removed by Join Filter: 27
                                                              ->  Seq Scan on role_type rt  (cost=0.00..1.15 rows=1 width=4) (actual time=0.005..0.008 rows=1 loops=1)
                                                                    Filter: ((role)::text = 'actress'::text)
                                                                    Rows Removed by Filter: 11
                                                              ->  Nested Loop  (cost=8.16..4667.92 rows=38 width=45) (actual time=1.707..10.957 rows=38 loops=1)
                                                                    Join Filter: (t.id = ci.movie_id)
                                                                    ->  Nested Loop  (cost=7.59..4621.58 rows=1 width=29) (actual time=1.689..10.662 rows=1 loops=1)
                                                                          Join Filter: (cc.status_id = cct2.id)
                                                                          ->  Nested Loop  (cost=7.59..4620.52 rows=1 width=33) (actual time=1.687..10.660 rows=1 loops=1)
                                                                                Join Filter: (cc.subject_id = cct1.id)
                                                                                ->  Nested Loop  (cost=7.59..4619.46 rows=1 width=37) (actual time=1.682..10.655 rows=1 loops=1)
                                                                                      Join Filter: (t.id = cc.movie_id)
                                                                                      ->  Nested Loop  (cost=7.17..4616.66 rows=1 width=25) (actual time=1.670..10.641 rows=1 loops=1)
                                                                                            ->  Nested Loop  (cost=6.74..3729.38 rows=414 width=4) (actual time=0.130..9.137 rows=414 loops=1)
                                                                                                  ->  Seq Scan on keyword k  (cost=0.00..2626.12 rows=1 width=4) (actual time=0.029..8.475 rows=1 loops=1)
                                                                                                        Filter: (keyword = 'computer-animation'::text)
                                                                                                        Rows Removed by Filter: 134169
                                                                                                  ->  Bitmap Heap Scan on movie_keyword mk  (cost=6.74..1100.27 rows=298 width=8) (actual time=0.100..0.598 rows=414 loops=1)
                                                                                                        Recheck Cond: (keyword_id = k.id)
                                                                                                        Heap Blocks: exact=358
                                                                                                        ->  Bitmap Index Scan on keyword_id_movie_keyword  (cost=0.00..6.67 rows=298 width=0) (actual time=0.060..0.060 rows=414 loops=1)
                                                                                                              Index Cond: (keyword_id = k.id)
                                                                                            ->  Index Scan using title_pkey on title t  (cost=0.43..2.14 rows=1 width=21) (actual time=0.003..0.003 rows=0 loops=414)
                                                                                                  Index Cond: (id = mk.movie_id)
                                                                                                  Filter: ((production_year >= 2000) AND (production_year <= 2005) AND (title = 'Shrek 2'::text))
                                                                                                  Rows Removed by Filter: 1
                                                                                      ->  Index Scan using movie_id_complete_cast on complete_cast cc  (cost=0.42..2.77 rows=2 width=12) (actual time=0.012..0.012 rows=1 loops=1)
                                                                                            Index Cond: (movie_id = mk.movie_id)
                                                                                ->  Seq Scan on comp_cast_type cct1  (cost=0.00..1.05 rows=1 width=4) (actual time=0.004..0.004 rows=1 loops=1)
                                                                                      Filter: ((kind)::text = 'cast'::text)
                                                                          ->  Seq Scan on comp_cast_type cct2  (cost=0.00..1.05 rows=1 width=4) (actual time=0.001..0.001 rows=1 loops=1)
                                                                                Filter: ((kind)::text = 'complete+verified'::text)
                                                                                Rows Removed by Filter: 3
                                                                    ->  Index Scan using movie_id_cast_info on cast_info ci  (cost=0.56..46.33 rows=1 width=16) (actual time=0.016..0.286 rows=38 loops=1)
                                                                          Index Cond: (movie_id = mk.movie_id)
                                                                          Filter: (note = ANY ('{(voice),"(voice) (uncredited)","(voice: English version)"}'::text[]))
                                                                          Rows Removed by Filter: 191
                                                        ->  Index Scan using char_name_pkey on char_name chn  (cost=0.43..2.25 rows=1 width=20) (actual time=0.007..0.007 rows=0 loops=11)
                                                              Index Cond: (id = ci.person_role_id)
                                                              Filter: (name = 'Queen'::text)
                                                              Rows Removed by Filter: 1
                                                  ->  Index Scan using movie_id_movie_info on movie_info mi  (cost=0.43..41.99 rows=2 width=8) (actual time=0.024..0.127 rows=1 loops=1)
                                                        Index Cond: (movie_id = mk.movie_id)
                                                        Filter: (info ~~ 'USA:%200%'::text)
                                                        Rows Removed by Filter: 456
                                            ->  Seq Scan on info_type it  (cost=0.00..2.41 rows=1 width=4) (actual time=0.003..0.003 rows=1 loops=1)
                                                  Filter: ((info)::text = 'release dates'::text)
                                                  Rows Removed by Filter: 15
                                      ->  Index Scan using person_id_person_info on person_info pi  (cost=0.43..19.25 rows=25 width=8) (actual time=0.010..0.050 rows=163 loops=1)
                                            Index Cond: (person_id = ci.person_id)
                          ->  Index Scan using name_pkey on name n  (cost=0.43..2.22 rows=1 width=19) (actual time=0.012..0.012 rows=1 loops=1)
                                Index Cond: (id = pi.person_id)
                                Filter: ((name ~~ '%An%'::text) AND ((gender)::text = 'f'::text))
                    ->  Index Scan using movie_id_movie_companies on movie_companies mc  (cost=0.43..4.80 rows=5 width=8) (actual time=0.010..0.016 rows=22 loops=1)
                          Index Cond: (movie_id = mk.movie_id)
              ->  Index Scan using company_name_pkey on company_name cn  (cost=0.42..2.03 rows=1 width=4) (actual time=0.004..0.004 rows=0 loops=22)
                    Index Cond: (id = mc.company_id)
                    Filter: ((country_code)::text = '[us]'::text)
                    Rows Removed by Filter: 1
        ->  Index Only Scan using person_id_aka_name on aka_name an  (cost=0.42..1.26 rows=2 width=4) (actual time=0.004..0.005 rows=3 loops=5)
              Index Cond: (person_id = pi.person_id)
              Heap Fetches: 0
Planning time: 2522.035 ms
Execution time: 11.699 ms
