Aggregate  (cost=6230.63..6230.64 rows=1 width=96) (actual time=462.475..462.475 rows=1 loops=1)
  ->  Nested Loop  (cost=11.16..6230.62 rows=1 width=48) (actual time=2.659..457.912 rows=16308 loops=1)
        Join Filter: (mi.info_type_id = it.id)
        ->  Nested Loop  (cost=11.16..6228.19 rows=1 width=52) (actual time=2.651..424.588 rows=16308 loops=1)
              Join Filter: (t.id = mi.movie_id)
              ->  Nested Loop  (cost=10.72..6186.08 rows=1 width=68) (actual time=2.625..71.288 rows=5706 loops=1)
                    ->  Nested Loop  (cost=10.30..6184.05 rows=1 width=72) (actual time=2.596..27.411 rows=26268 loops=1)
                          Join Filter: (t.id = mc.movie_id)
                          ->  Nested Loop  (cost=9.87..6174.32 rows=2 width=64) (actual time=2.583..15.747 rows=1010 loops=1)
                                Join Filter: (n.id = an.person_id)
                                ->  Nested Loop  (cost=9.45..6162.73 rows=9 width=76) (actual time=2.569..14.937 rows=240 loops=1)
                                      Join Filter: (pi.info_type_id = it3.id)
                                      Rows Removed by Join Filter: 730
                                      ->  Seq Scan on info_type it3  (cost=0.00..2.41 rows=1 width=4) (actual time=0.011..0.017 rows=1 loops=1)
                                            Filter: ((info)::text = 'trivia'::text)
                                            Rows Removed by Filter: 112
                                      ->  Nested Loop  (cost=9.45..6154.69 rows=450 width=80) (actual time=2.511..14.808 rows=970 loops=1)
                                            Join Filter: (n.id = pi.person_id)
                                            ->  Nested Loop  (cost=9.02..6096.03 rows=3 width=72) (actual time=2.497..14.372 rows=3 loops=1)
                                                  ->  Nested Loop  (cost=8.59..6087.04 rows=4 width=60) (actual time=1.414..14.342 rows=4 loops=1)
                                                        ->  Nested Loop  (cost=8.16..5780.39 rows=131 width=41) (actual time=0.631..13.786 rows=131 loops=1)
                                                              Join Filter: (ci.role_id = rt.id)
                                                              Rows Removed by Join Filter: 410
                                                              ->  Seq Scan on role_type rt  (cost=0.00..1.15 rows=1 width=4) (actual time=0.003..0.005 rows=1 loops=1)
                                                                    Filter: ((role)::text = 'actress'::text)
                                                                    Rows Removed by Filter: 11
                                                              ->  Nested Loop  (cost=8.16..5772.48 rows=541 width=45) (actual time=0.580..13.719 rows=541 loops=1)
                                                                    Join Filter: (t.id = ci.movie_id)
                                                                    ->  Nested Loop  (cost=7.59..4937.54 rows=18 width=29) (actual time=0.554..10.653 rows=18 loops=1)
                                                                          ->  Nested Loop  (cost=7.16..4888.37 rows=23 width=8) (actual time=0.413..10.517 rows=23 loops=1)
                                                                                Join Filter: (cc.subject_id = cct1.id)
                                                                                Rows Removed by Join Filter: 2
                                                                                ->  Seq Scan on comp_cast_type cct1  (cost=0.00..1.05 rows=1 width=4) (actual time=0.003..0.005 rows=1 loops=1)
                                                                                      Filter: ((kind)::text = 'cast'::text)
                                                                                      Rows Removed by Filter: 3
                                                                                ->  Nested Loop  (cost=7.16..4887.01 rows=25 width=12) (actual time=0.409..10.506 rows=25 loops=1)
                                                                                      Join Filter: (cc.status_id = cct2.id)
                                                                                      Rows Removed by Join Filter: 65
                                                                                      ->  Seq Scan on comp_cast_type cct2  (cost=0.00..1.05 rows=1 width=4) (actual time=0.001..0.002 rows=1 loops=1)
                                                                                            Filter: ((kind)::text = 'complete+verified'::text)
                                                                                            Rows Removed by Filter: 3
                                                                                      ->  Nested Loop  (cost=7.16..4884.83 rows=90 width=16) (actual time=0.210..10.491 rows=90 loops=1)
                                                                                            ->  Nested Loop  (cost=6.74..3729.38 rows=414 width=4) (actual time=0.129..9.548 rows=414 loops=1)
                                                                                                  ->  Seq Scan on keyword k  (cost=0.00..2626.12 rows=1 width=4) (actual time=0.031..8.862 rows=1 loops=1)
                                                                                                        Filter: (keyword = 'computer-animation'::text)
                                                                                                        Rows Removed by Filter: 134169
                                                                                                  ->  Bitmap Heap Scan on movie_keyword mk  (cost=6.74..1100.27 rows=298 width=8) (actual time=0.096..0.619 rows=414 loops=1)
                                                                                                        Recheck Cond: (keyword_id = k.id)
                                                                                                        Heap Blocks: exact=358
                                                                                                        ->  Bitmap Index Scan on keyword_id_movie_keyword  (cost=0.00..6.67 rows=298 width=0) (actual time=0.056..0.056 rows=414 loops=1)
                                                                                                              Index Cond: (keyword_id = k.id)
                                                                                            ->  Index Scan using movie_id_complete_cast on complete_cast cc  (cost=0.42..2.77 rows=2 width=12) (actual time=0.002..0.002 rows=0 loops=414)
                                                                                                  Index Cond: (movie_id = mk.movie_id)
                                                                          ->  Index Scan using title_pkey on title t  (cost=0.43..2.14 rows=1 width=21) (actual time=0.005..0.005 rows=1 loops=23)
                                                                                Index Cond: (id = mk.movie_id)
                                                                                Filter: ((production_year >= 2000) AND (production_year <= 2010))
                                                                                Rows Removed by Filter: 0
                                                                    ->  Index Scan using movie_id_cast_info on cast_info ci  (cost=0.56..46.37 rows=1 width=16) (actual time=0.022..0.164 rows=30 loops=18)
                                                                          Index Cond: (movie_id = mk.movie_id)
                                                                          Filter: (note = ANY ('{(voice),"(voice: Japanese version)","(voice) (uncredited)","(voice: English version)"}'::text[]))
                                                                          Rows Removed by Filter: 124
                                                        ->  Index Scan using name_pkey on name n  (cost=0.43..2.34 rows=1 width=19) (actual time=0.004..0.004 rows=0 loops=131)
                                                              Index Cond: (id = ci.person_id)
                                                              Filter: ((name ~~ '%An%'::text) AND ((gender)::text = 'f'::text))
                                                              Rows Removed by Filter: 1
                                                  ->  Index Scan using char_name_pkey on char_name chn  (cost=0.43..2.25 rows=1 width=20) (actual time=0.006..0.006 rows=1 loops=4)
                                                        Index Cond: (id = ci.person_role_id)
                                            ->  Index Scan using person_id_person_info on person_info pi  (cost=0.43..19.24 rows=25 width=8) (actual time=0.009..0.074 rows=323 loops=3)
                                                  Index Cond: (person_id = ci.person_id)
                                ->  Index Only Scan using person_id_aka_name on aka_name an  (cost=0.42..1.26 rows=2 width=4) (actual time=0.001..0.002 rows=4 loops=240)
                                      Index Cond: (person_id = pi.person_id)
                                      Heap Fetches: 0
                          ->  Index Scan using movie_id_movie_companies on movie_companies mc  (cost=0.43..4.80 rows=5 width=8) (actual time=0.002..0.006 rows=26 loops=1010)
                                Index Cond: (movie_id = mk.movie_id)
                    ->  Index Scan using company_name_pkey on company_name cn  (cost=0.42..2.03 rows=1 width=4) (actual time=0.001..0.001 rows=0 loops=26268)
                          Index Cond: (id = mc.company_id)
                          Filter: ((country_code)::text = '[us]'::text)
                          Rows Removed by Filter: 1
              ->  Index Scan using movie_id_movie_info on movie_info mi  (cost=0.43..42.09 rows=2 width=8) (actual time=0.008..0.061 rows=3 loops=5706)
                    Index Cond: (movie_id = mk.movie_id)
                    Filter: ((info IS NOT NULL) AND ((info ~~ 'Japan:%200%'::text) OR (info ~~ 'USA:%200%'::text)))
                    Rows Removed by Filter: 302
        ->  Seq Scan on info_type it  (cost=0.00..2.41 rows=1 width=4) (actual time=0.002..0.002 rows=1 loops=16308)
              Filter: ((info)::text = 'release dates'::text)
              Rows Removed by Filter: 15
Planning time: 2500.640 ms
Execution time: 462.715 ms
