Aggregate  (cost=38896.56..38896.57 rows=1 width=32) (actual time=221.472..221.472 rows=1 loops=1)
  ->  Nested Loop  (cost=5969.31..38883.49 rows=5228 width=17) (actual time=28.200..220.569 rows=5228 loops=1)
        Join Filter: (mc.movie_id = t.id)
        ->  Hash Join  (cost=5968.88..36270.64 rows=5228 width=8) (actual time=28.191..208.716 rows=5228 loops=1)
              Hash Cond: (mc.company_id = cn.id)
              ->  Nested Loop  (cost=7.17..28433.47 rows=148552 width=12) (actual time=4.772..168.709 rows=148552 loops=1)
                    ->  Nested Loop  (cost=6.74..3729.38 rows=41840 width=4) (actual time=4.758..39.342 rows=41840 loops=1)
                          ->  Seq Scan on keyword k  (cost=0.00..2626.12 rows=1 width=4) (actual time=0.392..8.529 rows=1 loops=1)
                                Filter: (keyword = 'character-name-in-title'::text)
                                Rows Removed by Filter: 134169
                          ->  Bitmap Heap Scan on movie_keyword mk  (cost=6.74..1100.27 rows=298 width=8) (actual time=4.364..24.444 rows=41840 loops=1)
                                Recheck Cond: (keyword_id = k.id)
                                Heap Blocks: exact=11541
                                ->  Bitmap Index Scan on keyword_id_movie_keyword  (cost=0.00..6.67 rows=298 width=0) (actual time=2.970..2.970 rows=41840 loops=1)
                                      Index Cond: (keyword_id = k.id)
                    ->  Index Scan using movie_id_movie_companies on movie_companies mc  (cost=0.43..0.54 rows=5 width=8) (actual time=0.002..0.002 rows=4 loops=41840)
                          Index Cond: (movie_id = mk.movie_id)
              ->  Hash  (cost=5932.46..5932.46 rows=2340 width=4) (actual time=22.720..22.720 rows=2340 loops=1)
                    Buckets: 4096  Batches: 1  Memory Usage: 115kB
                    ->  Seq Scan on company_name cn  (cost=0.00..5932.46 rows=2340 width=4) (actual time=0.012..22.300 rows=2340 loops=1)
                          Filter: ((country_code)::text = '[nl]'::text)
                          Rows Removed by Filter: 232657
        ->  Index Scan using title_pkey on title t  (cost=0.43..0.49 rows=1 width=21) (actual time=0.002..0.002 rows=1 loops=5228)
              Index Cond: (id = mk.movie_id)
Planning time: 0.848 ms
Execution time: 221.520 ms
