Aggregate  (cost=25809.04..25809.05 rows=1 width=128) (actual time=2064.632..2064.632 rows=1 loops=1)
  ->  Nested Loop  (cost=3806.29..25809.03 rows=1 width=80) (actual time=34.965..2060.063 rows=8024 loops=1)
        Join Filter: (mi.movie_id = t.id)
        ->  Nested Loop  (cost=3805.86..25808.17 rows=1 width=83) (actual time=34.954..2037.231 rows=8024 loops=1)
              ->  Nested Loop  (cost=3805.43..25807.08 rows=1 width=72) (actual time=34.428..1995.333 rows=11863 loops=1)
                    ->  Nested Loop  (cost=3805.29..25806.90 rows=1 width=76) (actual time=34.422..1977.300 rows=15083 loops=1)
                          Join Filter: (mi.movie_id = ci.movie_id)
                          ->  Nested Loop  (cost=3804.72..25778.58 rows=1 width=68) (actual time=34.289..884.419 rows=18333 loops=1)
                                Join Filter: (mi_idx.movie_id = mi.movie_id)
                                ->  Nested Loop  (cost=3804.29..25617.85 rows=9 width=18) (actual time=34.117..241.598 rows=12476 loops=1)
                                      Join Filter: (mi_idx.info_type_id = it2.id)
                                      Rows Removed by Join Filter: 25427
                                      ->  Seq Scan on info_type it2  (cost=0.00..2.41 rows=1 width=4) (actual time=0.014..0.016 rows=1 loops=1)
                                            Filter: ((info)::text = 'votes'::text)
                                            Rows Removed by Filter: 112
                                      ->  Nested Loop  (cost=3804.29..25613.98 rows=117 width=22) (actual time=34.100..236.487 rows=37903 loops=1)
                                            ->  Hash Join  (cost=3803.86..15460.17 rows=12521 width=8) (actual time=34.087..181.549 rows=12521 loops=1)
                                                  Hash Cond: (cc.subject_id = cct1.id)
                                                  ->  Hash Join  (cost=3802.80..15289.11 rows=16336 width=12) (actual time=34.074..177.577 rows=16336 loops=1)
                                                        Hash Cond: (mk.movie_id = cc.movie_id)
                                                        ->  Nested Loop  (cost=6.74..10917.30 rows=76714 width=4) (actual time=2.977..120.141 rows=76714 loops=1)
                                                              ->  Seq Scan on keyword k  (cost=0.00..3464.69 rows=7 width=4) (actual time=0.633..20.579 rows=7 loops=1)
                                                                    Filter: (keyword = ANY ('{murder,violence,blood,gore,death,female-nudity,hospital}'::text[]))
                                                                    Rows Removed by Filter: 134163
                                                              ->  Bitmap Heap Scan on movie_keyword mk  (cost=6.74..1061.68 rows=298 width=8) (actual time=1.945..12.544 rows=10959 loops=7)
                                                                    Recheck Cond: (keyword_id = k.id)
                                                                    Heap Blocks: exact=53234
                                                                    ->  Bitmap Index Scan on keyword_id_movie_keyword  (cost=0.00..6.67 rows=298 width=0) (actual time=1.016..1.016 rows=10959 loops=7)
                                                                          Index Cond: (keyword_id = k.id)
                                                        ->  Hash  (cost=3488.66..3488.66 rows=24592 width=8) (actual time=31.039..31.039 rows=24592 loops=1)
                                                              Buckets: 32768  Batches: 1  Memory Usage: 1217kB
                                                              ->  Hash Join  (cost=1.06..3488.66 rows=24592 width=8) (actual time=0.025..27.383 rows=24592 loops=1)
                                                                    Hash Cond: (cc.status_id = cct2.id)
                                                                    ->  Seq Scan on complete_cast cc  (cost=0.00..2081.86 rows=135086 width=12) (actual time=0.005..10.599 rows=135086 loops=1)
                                                                    ->  Hash  (cost=1.05..1.05 rows=1 width=4) (actual time=0.015..0.015 rows=1 loops=1)
                                                                          Buckets: 1024  Batches: 1  Memory Usage: 9kB
                                                                          ->  Seq Scan on comp_cast_type cct2  (cost=0.00..1.05 rows=1 width=4) (actual time=0.013..0.013 rows=1 loops=1)
                                                                                Filter: ((kind)::text = 'complete+verified'::text)
                                                                                Rows Removed by Filter: 3
                                                  ->  Hash  (cost=1.05..1.05 rows=1 width=4) (actual time=0.006..0.006 rows=1 loops=1)
                                                        Buckets: 1024  Batches: 1  Memory Usage: 9kB
                                                        ->  Seq Scan on comp_cast_type cct1  (cost=0.00..1.05 rows=1 width=4) (actual time=0.003..0.004 rows=1 loops=1)
                                                              Filter: ((kind)::text = 'cast'::text)
                                                              Rows Removed by Filter: 3
                                            ->  Index Scan using movie_id_movie_info_idx on movie_info_idx mi_idx  (cost=0.43..0.78 rows=3 width=14) (actual time=0.003..0.004 rows=3 loops=12521)
                                                  Index Cond: (movie_id = mk.movie_id)
                                ->  Index Scan using movie_id_movie_info on movie_info mi  (cost=0.43..17.85 rows=1 width=50) (actual time=0.047..0.051 rows=1 loops=12476)
                                      Index Cond: (movie_id = mk.movie_id)
                                      Filter: (info = ANY ('{Horror,Action,Sci-Fi,Thriller,Crime,War}'::text[]))
                                      Rows Removed by Filter: 130
                          ->  Index Scan using movie_id_cast_info on cast_info ci  (cost=0.56..28.31 rows=1 width=8) (actual time=0.044..0.059 rows=1 loops=18333)
                                Index Cond: (movie_id = mk.movie_id)
                                Filter: (note = ANY ('{(writer),"(head writer)","(written by)",(story),"(story editor)"}'::text[]))
                                Rows Removed by Filter: 84
                    ->  Index Scan using info_type_pkey on info_type it1  (cost=0.14..0.16 rows=1 width=4) (actual time=0.001..0.001 rows=1 loops=15083)
                          Index Cond: (id = mi.info_type_id)
                          Filter: ((info)::text = 'genres'::text)
                          Rows Removed by Filter: 0
              ->  Index Scan using name_pkey on name n  (cost=0.43..1.09 rows=1 width=19) (actual time=0.003..0.003 rows=1 loops=11863)
                    Index Cond: (id = ci.person_id)
                    Filter: ((gender)::text = 'm'::text)
                    Rows Removed by Filter: 0
        ->  Index Scan using title_pkey on title t  (cost=0.43..0.85 rows=1 width=21) (actual time=0.002..0.002 rows=1 loops=8024)
              Index Cond: (id = mk.movie_id)
Planning time: 50.349 ms
Execution time: 2064.762 ms
