Aggregate  (cost=487908.51..487908.52 rows=1 width=128) (actual time=1624.893..1624.893 rows=1 loops=1)
  ->  Nested Loop  (cost=3806.15..487908.40 rows=11 width=80) (actual time=35.156..1620.640 rows=8024 loops=1)
        Join Filter: (mi.movie_id = t.id)
        ->  Nested Loop  (cost=3805.72..487898.94 rows=11 width=83) (actual time=35.144..1598.042 rows=8024 loops=1)
              Join Filter: (mi.info_type_id = it1.id)
              Rows Removed by Join Filter: 2461
              ->  Seq Scan on info_type it1  (cost=0.00..2.41 rows=1 width=4) (actual time=0.008..0.015 rows=1 loops=1)
                    Filter: ((info)::text = 'genres'::text)
                    Rows Removed by Filter: 112
              ->  Nested Loop  (cost=3805.72..487817.83 rows=6296 width=87) (actual time=35.134..1596.009 rows=10485 loops=1)
                    Join Filter: (mi_idx.movie_id = mi.movie_id)
                    ->  Nested Loop  (cost=3805.28..384651.87 rows=5777 width=37) (actual time=34.680..1241.338 rows=5777 loops=1)
                          Join Filter: (mi_idx.info_type_id = it2.id)
                          Rows Removed by Join Filter: 11833
                          ->  Seq Scan on info_type it2  (cost=0.00..2.41 rows=1 width=4) (actual time=0.008..0.010 rows=1 loops=1)
                                Filter: ((info)::text = 'votes'::text)
                                Rows Removed by Filter: 112
                          ->  Nested Loop  (cost=3805.28..384429.33 rows=17610 width=41) (actual time=34.669..1238.816 rows=17610 loops=1)
                                Join Filter: (ci.movie_id = mi_idx.movie_id)
                                ->  Nested Loop  (cost=3804.86..379697.92 rows=5781 width=27) (actual time=34.659..1212.858 rows=5781 loops=1)
                                      ->  Nested Loop  (cost=3804.43..370010.83 rows=8880 width=16) (actual time=34.310..1171.394 rows=8880 loops=1)
                                            ->  Hash Join  (cost=3803.86..15460.17 rows=12521 width=8) (actual time=34.032..182.196 rows=12521 loops=1)
                                                  Hash Cond: (cc.subject_id = cct1.id)
                                                  ->  Hash Join  (cost=3802.80..15289.11 rows=16336 width=12) (actual time=34.019..178.384 rows=16336 loops=1)
                                                        Hash Cond: (mk.movie_id = cc.movie_id)
                                                        ->  Nested Loop  (cost=6.74..10917.30 rows=76714 width=4) (actual time=2.996..121.277 rows=76714 loops=1)
                                                              ->  Seq Scan on keyword k  (cost=0.00..3464.69 rows=7 width=4) (actual time=0.641..21.090 rows=7 loops=1)
                                                                    Filter: (keyword = ANY ('{murder,violence,blood,gore,death,female-nudity,hospital}'::text[]))
                                                                    Rows Removed by Filter: 134163
                                                              ->  Bitmap Heap Scan on movie_keyword mk  (cost=6.74..1061.68 rows=298 width=8) (actual time=2.045..12.654 rows=10959 loops=7)
                                                                    Recheck Cond: (keyword_id = k.id)
                                                                    Heap Blocks: exact=53234
                                                                    ->  Bitmap Index Scan on keyword_id_movie_keyword  (cost=0.00..6.67 rows=298 width=0) (actual time=1.055..1.055 rows=10959 loops=7)
                                                                          Index Cond: (keyword_id = k.id)
                                                        ->  Hash  (cost=3488.66..3488.66 rows=24592 width=8) (actual time=30.966..30.966 rows=24592 loops=1)
                                                              Buckets: 32768  Batches: 1  Memory Usage: 1217kB
                                                              ->  Hash Join  (cost=1.06..3488.66 rows=24592 width=8) (actual time=0.024..27.323 rows=24592 loops=1)
                                                                    Hash Cond: (cc.status_id = cct2.id)
                                                                    ->  Seq Scan on complete_cast cc  (cost=0.00..2081.86 rows=135086 width=12) (actual time=0.005..10.583 rows=135086 loops=1)
                                                                    ->  Hash  (cost=1.05..1.05 rows=1 width=4) (actual time=0.005..0.005 rows=1 loops=1)
                                                                          Buckets: 1024  Batches: 1  Memory Usage: 9kB
                                                                          ->  Seq Scan on comp_cast_type cct2  (cost=0.00..1.05 rows=1 width=4) (actual time=0.003..0.003 rows=1 loops=1)
                                                                                Filter: ((kind)::text = 'complete+verified'::text)
                                                                                Rows Removed by Filter: 3
                                                  ->  Hash  (cost=1.05..1.05 rows=1 width=4) (actual time=0.006..0.006 rows=1 loops=1)
                                                        Buckets: 1024  Batches: 1  Memory Usage: 9kB
                                                        ->  Seq Scan on comp_cast_type cct1  (cost=0.00..1.05 rows=1 width=4) (actual time=0.003..0.004 rows=1 loops=1)
                                                              Filter: ((kind)::text = 'cast'::text)
                                                              Rows Removed by Filter: 3
                                            ->  Index Scan using movie_id_cast_info on cast_info ci  (cost=0.56..28.31 rows=1 width=8) (actual time=0.061..0.079 rows=1 loops=12521)
                                                  Index Cond: (movie_id = mk.movie_id)
                                                  Filter: (note = ANY ('{(writer),"(head writer)","(written by)",(story),"(story editor)"}'::text[]))
                                                  Rows Removed by Filter: 78
                                      ->  Index Scan using name_pkey on name n  (cost=0.43..1.09 rows=1 width=19) (actual time=0.004..0.004 rows=1 loops=8880)
                                            Index Cond: (id = ci.person_id)
                                            Filter: ((gender)::text = 'm'::text)
                                            Rows Removed by Filter: 0
                                ->  Index Scan using movie_id_movie_info_idx on movie_info_idx mi_idx  (cost=0.43..0.78 rows=3 width=14) (actual time=0.003..0.004 rows=3 loops=5781)
                                      Index Cond: (movie_id = mk.movie_id)
                    ->  Index Scan using movie_id_movie_info on movie_info mi  (cost=0.43..17.85 rows=1 width=50) (actual time=0.055..0.061 rows=2 loops=5777)
                          Index Cond: (movie_id = mk.movie_id)
                          Filter: (info = ANY ('{Horror,Action,Sci-Fi,Thriller,Crime,War}'::text[]))
                          Rows Removed by Filter: 172
        ->  Index Scan using title_pkey on title t  (cost=0.43..0.85 rows=1 width=21) (actual time=0.002..0.002 rows=1 loops=8024)
              Index Cond: (id = mk.movie_id)
Planning time: 50.413 ms
Execution time: 1625.024 ms
