Aggregate  (cost=50607.74..50607.75 rows=1 width=128) (actual time=212.429..212.429 rows=1 loops=1)
  ->  Nested Loop  (cost=3467.93..50607.73 rows=1 width=80) (actual time=22.327..211.843 rows=1273 loops=1)
        Join Filter: (mi.movie_id = t.id)
        ->  Nested Loop  (cost=3467.50..50606.59 rows=1 width=83) (actual time=22.317..209.217 rows=1273 loops=1)
              ->  Nested Loop  (cost=3467.07..50605.24 rows=1 width=72) (actual time=22.181..205.402 rows=1556 loops=1)
                    Join Filter: (mi.movie_id = ci.movie_id)
                    ->  Hash Join  (cost=3466.50..50508.74 rows=3 width=64) (actual time=21.726..116.902 rows=1524 loops=1)
                          Hash Cond: (mk.keyword_id = k.id)
                          ->  Nested Loop  (cost=1.73..46356.39 rows=54461 width=68) (actual time=0.872..90.670 rows=54461 loops=1)
                                Join Filter: (mi.movie_id = mk.movie_id)
                                ->  Nested Loop  (cost=1.29..44666.44 rows=661 width=60) (actual time=0.861..68.964 rows=661 loops=1)
                                      Join Filter: (mi.info_type_id = it1.id)
                                      Rows Removed by Join Filter: 22
                                      ->  Seq Scan on info_type it1  (cost=0.00..2.41 rows=1 width=4) (actual time=0.011..0.018 rows=1 loops=1)
                                            Filter: ((info)::text = 'genres'::text)
                                            Rows Removed by Filter: 112
                                      ->  Nested Loop  (cost=1.29..44655.49 rows=683 width=64) (actual time=0.849..68.790 rows=683 loops=1)
                                            Join Filter: (mi_idx.movie_id = mi.movie_id)
                                            ->  Nested Loop  (cost=0.86..11359.49 rows=1449 width=14) (actual time=0.512..30.168 rows=1449 loops=1)
                                                  Join Filter: (mi_idx.info_type_id = it2.id)
                                                  Rows Removed by Join Filter: 2921
                                                  ->  Seq Scan on info_type it2  (cost=0.00..2.41 rows=1 width=4) (actual time=0.008..0.011 rows=1 loops=1)
                                                        Filter: ((info)::text = 'votes'::text)
                                                        Rows Removed by Filter: 112
                                                  ->  Nested Loop  (cost=0.86..11302.45 rows=4370 width=18) (actual time=0.502..29.616 rows=4370 loops=1)
                                                        ->  Nested Loop  (cost=0.43..9300.52 rows=1814 width=4) (actual time=0.494..23.185 rows=1814 loops=1)
                                                              ->  Seq Scan on company_name cn  (cost=0.00..5932.46 rows=10 width=4) (actual time=0.477..21.416 rows=10 loops=1)
                                                                    Filter: (name ~~ 'Lionsgate%'::text)
                                                                    Rows Removed by Filter: 234987
                                                              ->  Index Scan using company_id_movie_companies on movie_companies mc  (cost=0.43..335.49 rows=132 width=8) (actual time=0.008..0.142 rows=181 loops=10)
                                                                    Index Cond: (company_id = cn.id)
                                                        ->  Index Scan using movie_id_movie_info_idx on movie_info_idx mi_idx  (cost=0.43..1.07 rows=3 width=14) (actual time=0.002..0.003 rows=2 loops=1814)
                                                              Index Cond: (movie_id = mc.movie_id)
                                            ->  Index Scan using movie_id_movie_info on movie_info mi  (cost=0.43..22.97 rows=1 width=50) (actual time=0.026..0.026 rows=0 loops=1449)
                                                  Index Cond: (movie_id = mc.movie_id)
                                                  Filter: (info = ANY ('{Horror,Thriller}'::text[]))
                                                  Rows Removed by Filter: 75
                                ->  Index Scan using movie_id_movie_keyword on movie_keyword mk  (cost=0.43..1.98 rows=46 width=8) (actual time=0.004..0.017 rows=82 loops=661)
                                      Index Cond: (movie_id = mc.movie_id)
                          ->  Hash  (cost=3464.69..3464.69 rows=7 width=4) (actual time=20.836..20.836 rows=7 loops=1)
                                Buckets: 1024  Batches: 1  Memory Usage: 9kB
                                ->  Seq Scan on keyword k  (cost=0.00..3464.69 rows=7 width=4) (actual time=0.642..20.832 rows=7 loops=1)
                                      Filter: (keyword = ANY ('{murder,violence,blood,gore,death,female-nudity,hospital}'::text[]))
                                      Rows Removed by Filter: 134163
                    ->  Index Scan using movie_id_cast_info on cast_info ci  (cost=0.56..32.16 rows=1 width=8) (actual time=0.040..0.058 rows=1 loops=1524)
                          Index Cond: (movie_id = mk.movie_id)
                          Filter: (note = ANY ('{(writer),"(head writer)","(written by)",(story),"(story editor)"}'::text[]))
                          Rows Removed by Filter: 110
              ->  Index Scan using name_pkey on name n  (cost=0.43..1.35 rows=1 width=19) (actual time=0.002..0.002 rows=1 loops=1556)
                    Index Cond: (id = ci.person_id)
                    Filter: ((gender)::text = 'm'::text)
                    Rows Removed by Filter: 0
        ->  Index Scan using title_pkey on title t  (cost=0.43..1.13 rows=1 width=21) (actual time=0.002..0.002 rows=1 loops=1273)
              Index Cond: (id = mk.movie_id)
Planning time: 29.379 ms
Execution time: 212.535 ms
