Aggregate  (cost=10662.00..10662.01 rows=1 width=128) (actual time=32.001..32.001 rows=1 loops=1)
  ->  Nested Loop  (cost=3.57..10661.99 rows=1 width=80) (actual time=1.011..31.951 rows=84 loops=1)
        ->  Nested Loop  (cost=3.15..10660.88 rows=1 width=84) (actual time=0.955..26.758 rows=2686 loops=1)
              Join Filter: (t.id = mk.movie_id)
              ->  Nested Loop  (cost=2.72..10658.28 rows=1 width=100) (actual time=0.943..25.747 rows=19 loops=1)
                    Join Filter: (mi.info_type_id = it1.id)
                    ->  Seq Scan on info_type it1  (cost=0.00..2.41 rows=1 width=4) (actual time=0.010..0.018 rows=1 loops=1)
                          Filter: ((info)::text = 'genres'::text)
                          Rows Removed by Filter: 112
                    ->  Nested Loop  (cost=2.72..10655.63 rows=19 width=104) (actual time=0.932..25.722 rows=19 loops=1)
                          Join Filter: (t.id = mi.movie_id)
                          ->  Nested Loop  (cost=2.28..10377.66 rows=12 width=54) (actual time=0.857..24.897 rows=12 loops=1)
                                ->  Nested Loop  (cost=1.85..10361.49 rows=12 width=43) (actual time=0.847..24.833 rows=12 loops=1)
                                      Join Filter: (t.id = ci.movie_id)
                                      ->  Nested Loop  (cost=1.29..10133.73 rows=7 width=35) (actual time=0.747..24.233 rows=7 loops=1)
                                            ->  Nested Loop  (cost=0.86..9972.10 rows=134 width=14) (actual time=0.523..23.665 rows=134 loops=1)
                                                  Join Filter: (mi_idx.info_type_id = it2.id)
                                                  Rows Removed by Join Filter: 278
                                                  ->  Seq Scan on info_type it2  (cost=0.00..2.41 rows=1 width=4) (actual time=0.008..0.011 rows=1 loops=1)
                                                        Filter: ((info)::text = 'votes'::text)
                                                        Rows Removed by Filter: 112
                                                  ->  Nested Loop  (cost=0.86..9964.53 rows=412 width=18) (actual time=0.513..23.603 rows=412 loops=1)
                                                        ->  Nested Loop  (cost=0.43..9290.72 rows=135 width=4) (actual time=0.505..22.918 rows=135 loops=1)
                                                              ->  Seq Scan on company_name cn  (cost=0.00..5932.46 rows=10 width=4) (actual time=0.481..21.454 rows=10 loops=1)
                                                                    Filter: (name ~~ 'Lionsgate%'::text)
                                                                    Rows Removed by Filter: 234987
                                                              ->  Index Scan using company_id_movie_companies on movie_companies mc  (cost=0.43..335.82 rows=1 width=8) (actual time=0.040..0.143 rows=14 loops=10)
                                                                    Index Cond: (company_id = cn.id)
                                                                    Filter: (note ~~ '%(Blu-ray)%'::text)
                                                                    Rows Removed by Filter: 168
                                                        ->  Index Scan using movie_id_movie_info_idx on movie_info_idx mi_idx  (cost=0.43..4.96 rows=3 width=14) (actual time=0.004..0.004 rows=3 loops=135)
                                                              Index Cond: (movie_id = mc.movie_id)
                                            ->  Index Scan using title_pkey on title t  (cost=0.43..1.21 rows=1 width=21) (actual time=0.004..0.004 rows=0 loops=134)
                                                  Index Cond: (id = mi_idx.movie_id)
                                                  Filter: ((production_year > 2000) AND ((title ~~ '%Freddy%'::text) OR (title ~~ '%Jason%'::text) OR (title ~~ 'Saw%'::text)))
                                                  Rows Removed by Filter: 1
                                      ->  Index Scan using movie_id_cast_info on cast_info ci  (cost=0.56..32.53 rows=1 width=8) (actual time=0.062..0.085 rows=2 loops=7)
                                            Index Cond: (movie_id = mi_idx.movie_id)
                                            Filter: (note = ANY ('{(writer),"(head writer)","(written by)",(story),"(story editor)"}'::text[]))
                                            Rows Removed by Filter: 84
                                ->  Index Scan using name_pkey on name n  (cost=0.43..1.35 rows=1 width=19) (actual time=0.005..0.005 rows=1 loops=12)
                                      Index Cond: (id = ci.person_id)
                                      Filter: ((gender)::text = 'm'::text)
                          ->  Index Scan using movie_id_movie_info on movie_info mi  (cost=0.43..23.15 rows=1 width=50) (actual time=0.067..0.068 rows=2 loops=12)
                                Index Cond: (movie_id = mi_idx.movie_id)
                                Filter: (info = ANY ('{Horror,Thriller}'::text[]))
                                Rows Removed by Filter: 294
              ->  Index Scan using movie_id_movie_keyword on movie_keyword mk  (cost=0.43..2.02 rows=46 width=8) (actual time=0.004..0.026 rows=141 loops=19)
                    Index Cond: (movie_id = mi_idx.movie_id)
        ->  Index Scan using keyword_pkey on keyword k  (cost=0.42..0.97 rows=1 width=4) (actual time=0.002..0.002 rows=0 loops=2686)
              Index Cond: (id = mk.keyword_id)
              Filter: (keyword = ANY ('{murder,violence,blood,gore,death,female-nudity,hospital}'::text[]))
              Rows Removed by Filter: 1
Planning time: 29.204 ms
Execution time: 32.111 ms
