Aggregate  (cost=3736.17..3736.18 rows=1 width=96) (actual time=8.921..8.921 rows=1 loops=1)
  ->  Nested Loop  (cost=7.89..3736.17 rows=0 width=46) (actual time=8.919..8.919 rows=0 loops=1)
        ->  Nested Loop  (cost=7.46..3731.70 rows=0 width=33) (actual time=8.918..8.918 rows=0 loops=1)
              Join Filter: (ml.link_type_id = lt.id)
              ->  Nested Loop  (cost=7.46..3730.29 rows=0 width=25) (actual time=8.918..8.918 rows=0 loops=1)
                    ->  Nested Loop  (cost=7.17..3729.87 rows=1 width=25) (actual time=8.731..8.914 rows=1 loops=1)
                          ->  Nested Loop  (cost=6.74..3729.38 rows=1 width=4) (actual time=8.723..8.904 rows=1 loops=1)
                                ->  Seq Scan on keyword k  (cost=0.00..2626.12 rows=1 width=4) (actual time=8.704..8.886 rows=1 loops=1)
                                      Filter: (keyword = '10,000-mile-club'::text)
                                      Rows Removed by Filter: 134169
                                ->  Bitmap Heap Scan on movie_keyword mk  (cost=6.74..1100.27 rows=298 width=8) (actual time=0.013..0.013 rows=1 loops=1)
                                      Recheck Cond: (keyword_id = k.id)
                                      Heap Blocks: exact=1
                                      ->  Bitmap Index Scan on keyword_id_movie_keyword  (cost=0.00..6.67 rows=298 width=0) (actual time=0.008..0.008 rows=1 loops=1)
                                            Index Cond: (keyword_id = k.id)
                          ->  Index Scan using title_pkey on title t1  (cost=0.43..0.49 rows=1 width=21) (actual time=0.008..0.008 rows=1 loops=1)
                                Index Cond: (id = mk.movie_id)
                    ->  Index Scan using movie_id_movie_link on movie_link ml  (cost=0.29..0.38 rows=5 width=12) (actual time=0.003..0.003 rows=0 loops=1)
                          Index Cond: (movie_id = t1.id)
              ->  Seq Scan on link_type lt  (cost=0.00..1.18 rows=18 width=16) (never executed)
        ->  Index Scan using title_pkey on title t2  (cost=0.43..4.47 rows=1 width=21) (never executed)
              Index Cond: (id = ml.linked_movie_id)
Planning time: 1.089 ms
Execution time: 8.966 ms
