Aggregate  (cost=9446602.61..9446602.62 rows=1 width=96) (actual time=201.158..201.159 rows=1 loops=1)
  ->  Hash Join  (cost=9991.61..33544.01 rows=1255074480 width=46) (actual time=144.730..199.831 rows=4388 loops=1)
        Hash Cond: (ml.link_type_id = lt.id)
        ->  Nested Loop  (cost=9990.20..33489.37 rows=4388 width=38) (actual time=144.715..198.852 rows=4388 loops=1)
              ->  Hash Join  (cost=9989.77..13874.27 rows=4388 width=25) (actual time=144.701..186.345 rows=4388 loops=1)
                    Hash Cond: (mk.movie_id = t1.id)
                    ->  Nested Loop  (cost=6.74..3729.38 rows=41840 width=4) (actual time=4.339..38.195 rows=41840 loops=1)
                          ->  Seq Scan on keyword k  (cost=0.00..2626.12 rows=1 width=4) (actual time=0.397..8.433 rows=1 loops=1)
                                Filter: (keyword = 'character-name-in-title'::text)
                                Rows Removed by Filter: 134169
                          ->  Bitmap Heap Scan on movie_keyword mk  (cost=6.74..1100.27 rows=298 width=8) (actual time=3.941..23.917 rows=41840 loops=1)
                                Recheck Cond: (keyword_id = k.id)
                                Heap Blocks: exact=11541
                                ->  Bitmap Index Scan on keyword_id_movie_keyword  (cost=0.00..6.67 rows=298 width=0) (actual time=2.448..2.448 rows=41840 loops=1)
                                      Index Cond: (keyword_id = k.id)
                    ->  Hash  (cost=9608.07..9608.07 rows=29997 width=33) (actual time=140.312..140.312 rows=29997 loops=1)
                          Buckets: 32768  Batches: 1  Memory Usage: 2307kB
                          ->  Merge Join  (cost=0.75..9608.07 rows=29997 width=33) (actual time=0.029..134.115 rows=29997 loops=1)
                                Merge Cond: (ml.movie_id = t1.id)
                                ->  Index Scan using movie_id_movie_link on movie_link ml  (cost=0.29..959.51 rows=29997 width=12) (actual time=0.018..5.995 rows=29997 loops=1)
                                ->  Index Scan using title_pkey on title t1  (cost=0.43..110298.67 rows=2528312 width=21) (actual time=0.006..101.319 rows=186175 loops=1)
              ->  Index Scan using title_pkey on title t2  (cost=0.43..4.47 rows=1 width=21) (actual time=0.003..0.003 rows=1 loops=4388)
                    Index Cond: (id = ml.linked_movie_id)
        ->  Hash  (cost=1.18..1.18 rows=18 width=16) (actual time=0.009..0.009 rows=18 loops=1)
              Buckets: 1024  Batches: 1  Memory Usage: 9kB
              ->  Seq Scan on link_type lt  (cost=0.00..1.18 rows=18 width=16) (actual time=0.002..0.005 rows=18 loops=1)
Planning time: 1.142 ms
Execution time: 201.229 ms
