Aggregate  (cost=69195.12..69195.13 rows=1 width=96) (actual time=91.308..91.308 rows=1 loops=1)
  ->  Nested Loop  (cost=5.09..69099.56 rows=12742 width=46) (actual time=9.454..89.765 rows=4388 loops=1)
        ->  Hash Join  (cost=4.66..62890.64 rows=12742 width=37) (actual time=9.447..82.636 rows=4388 loops=1)
              Hash Cond: (ml.link_type_id = lt.id)
              ->  Nested Loop  (cost=3.25..62734.65 rows=12742 width=29) (actual time=9.432..81.401 rows=4388 loops=1)
                    ->  Merge Join  (cost=2.82..5775.76 rows=12742 width=16) (actual time=9.421..67.531 rows=4388 loops=1)
                          Merge Cond: (mk.movie_id = ml.movie_id)
                          ->  Nested Loop  (cost=0.43..212478.09 rows=41840 width=4) (actual time=8.546..59.240 rows=2234 loops=1)
                                Join Filter: (k.id = mk.keyword_id)
                                Rows Removed by Join Filter: 95633
                                ->  Index Scan using movie_id_movie_keyword on movie_keyword mk  (cost=0.43..141993.01 rows=4523930 width=8) (actual time=0.005..15.091 rows=97867 loops=1)
                                ->  Materialize  (cost=0.00..2626.13 rows=1 width=4) (actual time=0.000..0.000 rows=1 loops=97867)
                                      ->  Seq Scan on keyword k  (cost=0.00..2626.12 rows=1 width=4) (actual time=0.396..8.468 rows=1 loops=1)
                                            Filter: (keyword = 'character-name-in-title'::text)
                                            Rows Removed by Filter: 134169
                          ->  Index Scan using movie_id_movie_link on movie_link ml  (cost=0.29..959.51 rows=29997 width=12) (actual time=0.008..4.808 rows=29997 loops=1)
                    ->  Index Scan using title_pkey on title t2  (cost=0.43..4.47 rows=1 width=21) (actual time=0.003..0.003 rows=1 loops=4388)
                          Index Cond: (id = ml.linked_movie_id)
              ->  Hash  (cost=1.18..1.18 rows=18 width=16) (actual time=0.011..0.011 rows=18 loops=1)
                    Buckets: 1024  Batches: 1  Memory Usage: 9kB
                    ->  Seq Scan on link_type lt  (cost=0.00..1.18 rows=18 width=16) (actual time=0.003..0.006 rows=18 loops=1)
        ->  Index Scan using title_pkey on title t1  (cost=0.43..0.49 rows=1 width=21) (actual time=0.001..0.001 rows=1 loops=4388)
              Index Cond: (id = mk.movie_id)
Planning time: 1.138 ms
Execution time: 91.364 ms
