Aggregate  (cost=2900.27..2900.28 rows=1 width=192) (actual time=29.064..29.064 rows=1 loops=1)
  ->  Nested Loop  (cost=609.17..2900.25 rows=1 width=84) (actual time=5.474..29.041 rows=8 loops=1)
        ->  Nested Loop  (cost=609.04..2900.08 rows=1 width=88) (actual time=5.464..29.022 rows=8 loops=1)
              ->  Nested Loop  (cost=608.62..2899.63 rows=1 width=73) (actual time=5.458..29.000 rows=8 loops=1)
                    ->  Nested Loop  (cost=608.20..2899.19 rows=1 width=58) (actual time=5.444..28.917 rows=28 loops=1)
                          ->  Nested Loop  (cost=607.77..2898.58 rows=1 width=66) (actual time=5.438..28.870 rows=10 loops=1)
                                Join Filter: (ml.linked_movie_id = t2.id)
                                ->  Nested Loop  (cost=607.34..2898.05 rows=1 width=57) (actual time=5.432..28.726 rows=54 loops=1)
                                      Join Filter: (ml.linked_movie_id = mc2.movie_id)
                                      ->  Nested Loop  (cost=606.91..2897.31 rows=1 width=49) (actual time=5.421..28.579 rows=28 loops=1)
                                            Join Filter: (it2.id = mi_idx2.info_type_id)
                                            Rows Removed by Join Filter: 1581
                                            ->  Hash Join  (cost=606.48..2870.49 rows=13 width=43) (actual time=1.627..24.680 rows=1220 loops=1)
                                                  Hash Cond: (t1.kind_id = kt1.id)
                                                  ->  Nested Loop  (cost=605.38..2868.39 rows=88 width=47) (actual time=1.605..24.260 rows=2064 loops=1)
                                                        Join Filter: (ml.movie_id = t1.id)
                                                        ->  Hash Join  (cost=604.95..2816.44 rows=88 width=22) (actual time=1.594..20.285 rows=2064 loops=1)
                                                              Hash Cond: (mi_idx1.info_type_id = it1.id)
                                                              ->  Merge Join  (cost=600.11..2785.10 rows=6900 width=22) (actual time=1.559..19.350 rows=6192 loops=1)
                                                                    Merge Cond: (mi_idx1.movie_id = ml.movie_id)
                                                                    ->  Index Scan using movie_id_movie_info_idx on movie_info_idx mi_idx1  (cost=0.43..43804.18 rows=1380035 width=14) (actual time=0.014..10.122 rows=63901 loops=1)
                                                                    ->  Sort  (cost=599.67..605.46 rows=2315 width=8) (actual time=1.517..2.037 rows=6443 loops=1)
                                                                          Sort Key: ml.movie_id
                                                                          Sort Method: quicksort  Memory: 205kB
                                                                          ->  Nested Loop  (cost=38.82..470.30 rows=2315 width=8) (actual time=0.073..1.011 rows=2315 loops=1)
                                                                                ->  Seq Scan on link_type lt  (cost=0.00..1.25 rows=2 width=4) (actual time=0.004..0.007 rows=2 loops=1)
                                                                                      Filter: ((link)::text = ANY ('{sequel,follows,"followed by"}'::text[]))
                                                                                      Rows Removed by Filter: 16
                                                                                ->  Bitmap Heap Scan on movie_link ml  (cost=38.82..215.78 rows=1875 width=12) (actual time=0.059..0.312 rows=1158 loops=2)
                                                                                      Recheck Cond: (link_type_id = lt.id)
                                                                                      Heap Blocks: exact=191
                                                                                      ->  Bitmap Index Scan on link_type_id_movie_link  (cost=0.00..38.35 rows=1875 width=0) (actual time=0.046..0.046 rows=1158 loops=2)
                                                                                            Index Cond: (link_type_id = lt.id)
                                                              ->  Hash  (cost=4.83..4.83 rows=1 width=8) (actual time=0.022..0.022 rows=1 loops=1)
                                                                    Buckets: 1024  Batches: 1  Memory Usage: 9kB
                                                                    ->  Nested Loop  (cost=0.00..4.83 rows=1 width=8) (actual time=0.018..0.020 rows=1 loops=1)
                                                                          ->  Seq Scan on info_type it1  (cost=0.00..2.41 rows=1 width=4) (actual time=0.010..0.011 rows=1 loops=1)
                                                                                Filter: ((info)::text = 'rating'::text)
                                                                                Rows Removed by Filter: 112
                                                                          ->  Seq Scan on info_type it2  (cost=0.00..2.41 rows=1 width=4) (actual time=0.007..0.008 rows=1 loops=1)
                                                                                Filter: ((info)::text = 'rating'::text)
                                                                                Rows Removed by Filter: 112
                                                        ->  Index Scan using title_pkey on title t1  (cost=0.43..0.58 rows=1 width=25) (actual time=0.002..0.002 rows=1 loops=2064)
                                                              Index Cond: (id = mi_idx1.movie_id)
                                                  ->  Hash  (cost=1.09..1.09 rows=1 width=4) (actual time=0.013..0.013 rows=1 loops=1)
                                                        Buckets: 1024  Batches: 1  Memory Usage: 9kB
                                                        ->  Seq Scan on kind_type kt1  (cost=0.00..1.09 rows=1 width=4) (actual time=0.007..0.009 rows=1 loops=1)
                                                              Filter: ((kind)::text = 'tv series'::text)
                                                              Rows Removed by Filter: 6
                                            ->  Index Scan using movie_id_movie_info_idx on movie_info_idx mi_idx2  (cost=0.43..2.05 rows=1 width=14) (actual time=0.002..0.003 rows=1 loops=1220)
                                                  Index Cond: (movie_id = ml.linked_movie_id)
                                                  Filter: (info < '3.0'::text)
                                                  Rows Removed by Filter: 1
                                      ->  Index Scan using movie_id_movie_companies on movie_companies mc2  (cost=0.43..0.68 rows=5 width=8) (actual time=0.004..0.004 rows=2 loops=28)
                                            Index Cond: (movie_id = mi_idx2.movie_id)
                                ->  Index Scan using title_pkey on title t2  (cost=0.43..0.52 rows=1 width=25) (actual time=0.002..0.002 rows=0 loops=54)
                                      Index Cond: (id = mc2.movie_id)
                                      Filter: ((production_year >= 2005) AND (production_year <= 2008))
                                      Rows Removed by Filter: 1
                          ->  Index Scan using movie_id_movie_companies on movie_companies mc1  (cost=0.43..0.56 rows=5 width=8) (actual time=0.002..0.004 rows=3 loops=10)
                                Index Cond: (movie_id = t1.id)
                    ->  Index Scan using company_name_pkey on company_name cn1  (cost=0.42..0.45 rows=1 width=23) (actual time=0.003..0.003 rows=0 loops=28)
                          Index Cond: (id = mc1.company_id)
                          Filter: ((country_code)::text = '[us]'::text)
                          Rows Removed by Filter: 1
              ->  Index Scan using company_name_pkey on company_name cn2  (cost=0.42..0.44 rows=1 width=23) (actual time=0.002..0.002 rows=1 loops=8)
                    Index Cond: (id = mc2.company_id)
        ->  Index Scan using kind_type_pkey on kind_type kt2  (cost=0.13..0.15 rows=1 width=4) (actual time=0.002..0.002 rows=1 loops=8)
              Index Cond: (id = t2.kind_id)
              Filter: ((kind)::text = 'tv series'::text)
Planning time: 265.416 ms
Execution time: 29.284 ms
