Aggregate  (cost=5332.20..5332.21 rows=1 width=192) (actual time=8.061..8.061 rows=1 loops=1)
  ->  Nested Loop  (cost=42.64..5332.18 rows=1 width=84) (actual time=0.862..8.043 rows=8 loops=1)
        ->  Nested Loop  (cost=42.22..5331.74 rows=1 width=69) (actual time=0.857..8.019 rows=8 loops=1)
              Join Filter: (t2.id = mc2.movie_id)
              ->  Nested Loop  (cost=41.79..5331.00 rows=1 width=77) (actual time=0.849..8.005 rows=2 loops=1)
                    ->  Nested Loop  (cost=41.66..5330.68 rows=2 width=81) (actual time=0.845..8.000 rows=2 loops=1)
                          ->  Nested Loop  (cost=41.53..5330.35 rows=2 width=85) (actual time=0.838..7.991 rows=2 loops=1)
                                Join Filter: (ml.movie_id = t1.id)
                                ->  Nested Loop  (cost=41.10..5329.29 rows=2 width=76) (actual time=0.830..7.981 rows=2 loops=1)
                                      ->  Nested Loop  (cost=40.68..5323.05 rows=14 width=61) (actual time=0.813..7.925 rows=14 loops=1)
                                            Join Filter: (ml.movie_id = mc1.movie_id)
                                            ->  Nested Loop  (cost=40.25..5319.78 rows=5 width=53) (actual time=0.803..7.889 rows=5 loops=1)
                                                  ->  Nested Loop  (cost=40.10..5317.32 rows=15 width=57) (actual time=0.793..7.863 rows=15 loops=1)
                                                        ->  Nested Loop  (cost=39.68..5304.88 rows=6 width=43) (actual time=0.784..7.836 rows=6 loops=1)
                                                              Join Filter: (ml.linked_movie_id = t2.id)
                                                              ->  Nested Loop  (cost=39.25..5279.78 rows=34 width=18) (actual time=0.762..7.672 rows=34 loops=1)
                                                                    Join Filter: (mi_idx2.info_type_id = it2.id)
                                                                    Rows Removed by Join Filter: 2910
                                                                    ->  Seq Scan on info_type it2  (cost=0.00..2.41 rows=1 width=4) (actual time=0.015..0.016 rows=1 loops=1)
                                                                          Filter: ((info)::text = 'rating'::text)
                                                                          Rows Removed by Filter: 112
                                                                    ->  Nested Loop  (cost=39.25..5240.56 rows=2944 width=22) (actual time=0.093..7.420 rows=2944 loops=1)
                                                                          ->  Nested Loop  (cost=38.82..470.30 rows=2315 width=8) (actual time=0.075..1.044 rows=2315 loops=1)
                                                                                ->  Seq Scan on link_type lt  (cost=0.00..1.25 rows=2 width=4) (actual time=0.005..0.011 rows=2 loops=1)
                                                                                      Filter: ((link)::text = ANY ('{sequel,follows,"followed by"}'::text[]))
                                                                                      Rows Removed by Filter: 16
                                                                                ->  Bitmap Heap Scan on movie_link ml  (cost=38.82..215.78 rows=1875 width=12) (actual time=0.060..0.338 rows=1158 loops=2)
                                                                                      Recheck Cond: (link_type_id = lt.id)
                                                                                      Heap Blocks: exact=191
                                                                                      ->  Bitmap Index Scan on link_type_id_movie_link  (cost=0.00..38.35 rows=1875 width=0) (actual time=0.047..0.047 rows=1158 loops=2)
                                                                                            Index Cond: (link_type_id = lt.id)
                                                                          ->  Index Scan using movie_id_movie_info_idx on movie_info_idx mi_idx2  (cost=0.43..2.05 rows=1 width=14) (actual time=0.002..0.002 rows=1 loops=2315)
                                                                                Index Cond: (movie_id = ml.linked_movie_id)
                                                                                Filter: (info < '3.0'::text)
                                                                                Rows Removed by Filter: 1
                                                              ->  Index Scan using title_pkey on title t2  (cost=0.43..0.73 rows=1 width=25) (actual time=0.004..0.004 rows=0 loops=34)
                                                                    Index Cond: (id = mi_idx2.movie_id)
                                                                    Filter: ((production_year >= 2005) AND (production_year <= 2008))
                                                                    Rows Removed by Filter: 1
                                                        ->  Index Scan using movie_id_movie_info_idx on movie_info_idx mi_idx1  (cost=0.43..2.04 rows=3 width=14) (actual time=0.003..0.004 rows=2 loops=6)
                                                              Index Cond: (movie_id = ml.movie_id)
                                                  ->  Index Scan using info_type_pkey on info_type it1  (cost=0.14..0.16 rows=1 width=4) (actual time=0.001..0.001 rows=0 loops=15)
                                                        Index Cond: (id = mi_idx1.info_type_id)
                                                        Filter: ((info)::text = 'rating'::text)
                                                        Rows Removed by Filter: 1
                                            ->  Index Scan using movie_id_movie_companies on movie_companies mc1  (cost=0.43..0.59 rows=5 width=8) (actual time=0.005..0.006 rows=3 loops=5)
                                                  Index Cond: (movie_id = mi_idx1.movie_id)
                                      ->  Index Scan using company_name_pkey on company_name cn1  (cost=0.42..0.45 rows=1 width=23) (actual time=0.004..0.004 rows=0 loops=14)
                                            Index Cond: (id = mc1.company_id)
                                            Filter: ((country_code)::text = '[us]'::text)
                                            Rows Removed by Filter: 1
                                ->  Index Scan using title_pkey on title t1  (cost=0.43..0.52 rows=1 width=25) (actual time=0.004..0.004 rows=1 loops=2)
                                      Index Cond: (id = mc1.movie_id)
                          ->  Index Scan using kind_type_pkey on kind_type kt1  (cost=0.13..0.15 rows=1 width=4) (actual time=0.003..0.003 rows=1 loops=2)
                                Index Cond: (id = t1.kind_id)
                                Filter: ((kind)::text = 'tv series'::text)
                    ->  Index Scan using kind_type_pkey on kind_type kt2  (cost=0.13..0.15 rows=1 width=4) (actual time=0.002..0.002 rows=1 loops=2)
                          Index Cond: (id = t2.kind_id)
                          Filter: ((kind)::text = 'tv series'::text)
              ->  Index Scan using movie_id_movie_companies on movie_companies mc2  (cost=0.43..0.68 rows=5 width=8) (actual time=0.004..0.006 rows=4 loops=2)
                    Index Cond: (movie_id = mi_idx2.movie_id)
        ->  Index Scan using company_name_pkey on company_name cn2  (cost=0.42..0.44 rows=1 width=23) (actual time=0.002..0.002 rows=1 loops=8)
              Index Cond: (id = mc2.company_id)
Planning time: 267.745 ms
Execution time: 8.277 ms
