Aggregate  (cost=5314.60..5314.61 rows=1 width=192) (actual time=7.987..7.987 rows=1 loops=1)
  ->  Nested Loop  (cost=42.64..5314.59 rows=1 width=84) (actual time=0.853..7.969 rows=4 loops=1)
        ->  Nested Loop  (cost=42.22..5314.15 rows=1 width=69) (actual time=0.848..7.949 rows=4 loops=1)
              Join Filter: (t2.id = mc2.movie_id)
              ->  Nested Loop  (cost=41.79..5313.41 rows=1 width=77) (actual time=0.839..7.937 rows=1 loops=1)
                    ->  Nested Loop  (cost=41.37..5312.96 rows=1 width=62) (actual time=0.828..7.913 rows=4 loops=1)
                          ->  Nested Loop  (cost=40.94..5311.74 rows=2 width=70) (actual time=0.815..7.892 rows=2 loops=1)
                                ->  Nested Loop  (cost=40.81..5311.42 rows=2 width=74) (actual time=0.808..7.882 rows=2 loops=1)
                                      ->  Nested Loop  (cost=40.68..5311.09 rows=2 width=78) (actual time=0.800..7.870 rows=2 loops=1)
                                            Join Filter: (ml.movie_id = t1.id)
                                            ->  Nested Loop  (cost=40.25..5309.91 rows=2 width=53) (actual time=0.792..7.857 rows=2 loops=1)
                                                  ->  Nested Loop  (cost=40.10..5308.92 rows=6 width=57) (actual time=0.783..7.842 rows=6 loops=1)
                                                        ->  Nested Loop  (cost=39.68..5304.77 rows=2 width=43) (actual time=0.774..7.826 rows=2 loops=1)
                                                              Join Filter: (ml.linked_movie_id = t2.id)
                                                              ->  Nested Loop  (cost=39.25..5279.75 rows=34 width=18) (actual time=0.761..7.682 rows=34 loops=1)
                                                                    Join Filter: (mi_idx2.info_type_id = it2.id)
                                                                    Rows Removed by Join Filter: 2910
                                                                    ->  Seq Scan on info_type it2  (cost=0.00..2.41 rows=1 width=4) (actual time=0.015..0.017 rows=1 loops=1)
                                                                          Filter: ((info)::text = 'rating'::text)
                                                                          Rows Removed by Filter: 112
                                                                    ->  Nested Loop  (cost=39.25..5240.54 rows=2944 width=22) (actual time=0.092..7.417 rows=2944 loops=1)
                                                                          ->  Nested Loop  (cost=38.82..470.28 rows=2315 width=8) (actual time=0.074..1.030 rows=2315 loops=1)
                                                                                ->  Seq Scan on link_type lt  (cost=0.00..1.23 rows=2 width=4) (actual time=0.005..0.010 rows=2 loops=1)
                                                                                      Filter: ((link)::text ~~ '%follow%'::text)
                                                                                      Rows Removed by Filter: 16
                                                                                ->  Bitmap Heap Scan on movie_link ml  (cost=38.82..215.78 rows=1875 width=12) (actual time=0.059..0.335 rows=1158 loops=2)
                                                                                      Recheck Cond: (link_type_id = lt.id)
                                                                                      Heap Blocks: exact=191
                                                                                      ->  Bitmap Index Scan on link_type_id_movie_link  (cost=0.00..38.35 rows=1875 width=0) (actual time=0.047..0.047 rows=1158 loops=2)
                                                                                            Index Cond: (link_type_id = lt.id)
                                                                          ->  Index Scan using movie_id_movie_info_idx on movie_info_idx mi_idx2  (cost=0.43..2.05 rows=1 width=14) (actual time=0.002..0.002 rows=1 loops=2315)
                                                                                Index Cond: (movie_id = ml.linked_movie_id)
                                                                                Filter: (info < '3.0'::text)
                                                                                Rows Removed by Filter: 1
                                                              ->  Index Scan using title_pkey on title t2  (cost=0.43..0.72 rows=1 width=25) (actual time=0.004..0.004 rows=0 loops=34)
                                                                    Index Cond: (id = mi_idx2.movie_id)
                                                                    Filter: (production_year = 2007)
                                                                    Rows Removed by Filter: 1
                                                        ->  Index Scan using movie_id_movie_info_idx on movie_info_idx mi_idx1  (cost=0.43..2.04 rows=3 width=14) (actual time=0.005..0.006 rows=3 loops=2)
                                                              Index Cond: (movie_id = ml.movie_id)
                                                  ->  Index Scan using info_type_pkey on info_type it1  (cost=0.14..0.16 rows=1 width=4) (actual time=0.002..0.002 rows=0 loops=6)
                                                        Index Cond: (id = mi_idx1.info_type_id)
                                                        Filter: ((info)::text = 'rating'::text)
                                                        Rows Removed by Filter: 1
                                            ->  Index Scan using title_pkey on title t1  (cost=0.43..0.58 rows=1 width=25) (actual time=0.005..0.005 rows=1 loops=2)
                                                  Index Cond: (id = mi_idx1.movie_id)
                                      ->  Index Scan using kind_type_pkey on kind_type kt1  (cost=0.13..0.15 rows=1 width=4) (actual time=0.005..0.005 rows=1 loops=2)
                                            Index Cond: (id = t1.kind_id)
                                            Filter: ((kind)::text = 'tv series'::text)
                                ->  Index Scan using kind_type_pkey on kind_type kt2  (cost=0.13..0.15 rows=1 width=4) (actual time=0.004..0.004 rows=1 loops=2)
                                      Index Cond: (id = t2.kind_id)
                                      Filter: ((kind)::text = 'tv series'::text)
                          ->  Index Scan using movie_id_movie_companies on movie_companies mc1  (cost=0.43..0.56 rows=5 width=8) (actual time=0.008..0.009 rows=2 loops=2)
                                Index Cond: (movie_id = t1.id)
                    ->  Index Scan using company_name_pkey on company_name cn1  (cost=0.42..0.45 rows=1 width=23) (actual time=0.005..0.005 rows=0 loops=4)
                          Index Cond: (id = mc1.company_id)
                          Filter: ((country_code)::text = '[nl]'::text)
                          Rows Removed by Filter: 1
              ->  Index Scan using movie_id_movie_companies on movie_companies mc2  (cost=0.43..0.68 rows=5 width=8) (actual time=0.007..0.009 rows=4 loops=1)
                    Index Cond: (movie_id = mi_idx2.movie_id)
        ->  Index Scan using company_name_pkey on company_name cn2  (cost=0.42..0.44 rows=1 width=23) (actual time=0.004..0.004 rows=1 loops=4)
              Index Cond: (id = mc2.company_id)
Planning time: 268.958 ms
Execution time: 8.195 ms
