Aggregate  (cost=5316.45..5316.46 rows=1 width=192) (actual time=8.035..8.036 rows=1 loops=1)
  ->  Nested Loop  (cost=42.64..5316.39 rows=4 width=84) (actual time=0.846..8.022 rows=4 loops=1)
        ->  Nested Loop  (cost=42.22..5314.62 rows=4 width=69) (actual time=0.839..8.003 rows=4 loops=1)
              Join Filter: (t2.id = mc2.movie_id)
              ->  Nested Loop  (cost=41.79..5313.88 rows=1 width=77) (actual time=0.831..7.991 rows=1 loops=1)
                    ->  Nested Loop  (cost=41.66..5313.71 rows=1 width=81) (actual time=0.827..7.986 rows=1 loops=1)
                          ->  Nested Loop  (cost=41.53..5313.54 rows=1 width=85) (actual time=0.818..7.977 rows=1 loops=1)
                                Join Filter: (ml.movie_id = t1.id)
                                ->  Nested Loop  (cost=41.10..5313.01 rows=1 width=76) (actual time=0.808..7.967 rows=1 loops=1)
                                      ->  Nested Loop  (cost=40.68..5311.22 rows=4 width=61) (actual time=0.798..7.945 rows=4 loops=1)
                                            Join Filter: (ml.movie_id = mc1.movie_id)
                                            ->  Nested Loop  (cost=40.25..5309.91 rows=2 width=53) (actual time=0.788..7.926 rows=2 loops=1)
                                                  ->  Nested Loop  (cost=40.10..5308.92 rows=6 width=57) (actual time=0.778..7.911 rows=6 loops=1)
                                                        ->  Nested Loop  (cost=39.68..5304.77 rows=2 width=43) (actual time=0.769..7.896 rows=2 loops=1)
                                                              Join Filter: (ml.linked_movie_id = t2.id)
                                                              ->  Nested Loop  (cost=39.25..5279.75 rows=34 width=18) (actual time=0.757..7.751 rows=34 loops=1)
                                                                    Join Filter: (mi_idx2.info_type_id = it2.id)
                                                                    Rows Removed by Join Filter: 2910
                                                                    ->  Seq Scan on info_type it2  (cost=0.00..2.41 rows=1 width=4) (actual time=0.015..0.017 rows=1 loops=1)
                                                                          Filter: ((info)::text = 'rating'::text)
                                                                          Rows Removed by Filter: 112
                                                                    ->  Nested Loop  (cost=39.25..5240.54 rows=2944 width=22) (actual time=0.090..7.497 rows=2944 loops=1)
                                                                          ->  Nested Loop  (cost=38.82..470.28 rows=2315 width=8) (actual time=0.073..1.049 rows=2315 loops=1)
                                                                                ->  Seq Scan on link_type lt  (cost=0.00..1.23 rows=2 width=4) (actual time=0.004..0.008 rows=2 loops=1)
                                                                                      Filter: ((link)::text ~~ '%follow%'::text)
                                                                                      Rows Removed by Filter: 16
                                                                                ->  Bitmap Heap Scan on movie_link ml  (cost=38.82..215.78 rows=1875 width=12) (actual time=0.058..0.340 rows=1158 loops=2)
                                                                                      Recheck Cond: (link_type_id = lt.id)
                                                                                      Heap Blocks: exact=191
                                                                                      ->  Bitmap Index Scan on link_type_id_movie_link  (cost=0.00..38.35 rows=1875 width=0) (actual time=0.045..0.045 rows=1158 loops=2)
                                                                                            Index Cond: (link_type_id = lt.id)
                                                                          ->  Index Scan using movie_id_movie_info_idx on movie_info_idx mi_idx2  (cost=0.43..2.05 rows=1 width=14) (actual time=0.002..0.002 rows=1 loops=2315)
                                                                                Index Cond: (movie_id = ml.linked_movie_id)
                                                                                Filter: (info < '3.0'::text)
                                                                                Rows Removed by Filter: 1
                                                              ->  Index Scan using title_pkey on title t2  (cost=0.43..0.72 rows=1 width=25) (actual time=0.004..0.004 rows=0 loops=34)
                                                                    Index Cond: (id = mi_idx2.movie_id)
                                                                    Filter: (production_year = 2007)
                                                                    Rows Removed by Filter: 1
                                                        ->  Index Scan using movie_id_movie_info_idx on movie_info_idx mi_idx1  (cost=0.43..2.04 rows=3 width=14) (actual time=0.005..0.006 rows=3 loops=2)
                                                              Index Cond: (movie_id = ml.movie_id)
                                                  ->  Index Scan using info_type_pkey on info_type it1  (cost=0.14..0.16 rows=1 width=4) (actual time=0.002..0.002 rows=0 loops=6)
                                                        Index Cond: (id = mi_idx1.info_type_id)
                                                        Filter: ((info)::text = 'rating'::text)
                                                        Rows Removed by Filter: 1
                                            ->  Index Scan using movie_id_movie_companies on movie_companies mc1  (cost=0.43..0.59 rows=5 width=8) (actual time=0.007..0.008 rows=2 loops=2)
                                                  Index Cond: (movie_id = mi_idx1.movie_id)
                                      ->  Index Scan using company_name_pkey on company_name cn1  (cost=0.42..0.45 rows=1 width=23) (actual time=0.005..0.005 rows=0 loops=4)
                                            Index Cond: (id = mc1.company_id)
                                            Filter: ((country_code)::text = '[nl]'::text)
                                            Rows Removed by Filter: 1
                                ->  Index Scan using title_pkey on title t1  (cost=0.43..0.52 rows=1 width=25) (actual time=0.009..0.009 rows=1 loops=1)
                                      Index Cond: (id = mc1.movie_id)
                          ->  Index Scan using kind_type_pkey on kind_type kt1  (cost=0.13..0.15 rows=1 width=4) (actual time=0.009..0.009 rows=1 loops=1)
                                Index Cond: (id = t1.kind_id)
                                Filter: ((kind)::text = 'tv series'::text)
                    ->  Index Scan using kind_type_pkey on kind_type kt2  (cost=0.13..0.15 rows=1 width=4) (actual time=0.004..0.004 rows=1 loops=1)
                          Index Cond: (id = t2.kind_id)
                          Filter: ((kind)::text = 'tv series'::text)
              ->  Index Scan using movie_id_movie_companies on movie_companies mc2  (cost=0.43..0.68 rows=5 width=8) (actual time=0.007..0.009 rows=4 loops=1)
                    Index Cond: (movie_id = mi_idx2.movie_id)
        ->  Index Scan using company_name_pkey on company_name cn2  (cost=0.42..0.44 rows=1 width=23) (actual time=0.004..0.004 rows=1 loops=4)
              Index Cond: (id = mc2.company_id)
Planning time: 269.388 ms
Execution time: 8.242 ms
