Aggregate  (cost=5377.15..5377.16 rows=1 width=192) (actual time=9.051..9.051 rows=1 loops=1)
  ->  Nested Loop  (cost=42.23..5376.97 rows=12 width=84) (actual time=0.875..8.973 rows=114 loops=1)
        ->  Nested Loop  (cost=41.81..5371.65 rows=12 width=69) (actual time=0.869..8.740 rows=114 loops=1)
              ->  Nested Loop  (cost=41.38..5370.32 rows=2 width=77) (actual time=0.860..8.575 rows=46 loops=1)
                    ->  Nested Loop  (cost=40.96..5368.09 rows=5 width=62) (actual time=0.849..8.444 rows=51 loops=1)
                          Join Filter: (mi_idx1.info_type_id = it1.id)
                          Rows Removed by Join Filter: 102
                          ->  Seq Scan on info_type it1  (cost=0.00..2.41 rows=1 width=4) (actual time=0.017..0.018 rows=1 loops=1)
                                Filter: ((info)::text = 'rating'::text)
                                Rows Removed by Filter: 112
                          ->  Nested Loop  (cost=40.96..5365.11 rows=45 width=66) (actual time=0.815..8.405 rows=153 loops=1)
                                ->  Nested Loop  (cost=40.53..5362.07 rows=5 width=74) (actual time=0.801..8.212 rows=57 loops=1)
                                      Join Filter: (t1.kind_id = kt1.id)
                                      ->  Nested Loop  (cost=40.53..5360.49 rows=17 width=78) (actual time=0.798..8.188 rows=57 loops=1)
                                            Join Filter: (ml.movie_id = t1.id)
                                            ->  Nested Loop  (cost=40.10..5350.45 rows=17 width=53) (actual time=0.789..8.058 rows=57 loops=1)
                                                  ->  Nested Loop  (cost=39.68..5340.08 rows=5 width=39) (actual time=0.780..7.985 rows=21 loops=1)
                                                        Join Filter: (t2.kind_id = kt2.id)
                                                        Rows Removed by Join Filter: 16
                                                        ->  Nested Loop  (cost=39.68..5338.45 rows=19 width=43) (actual time=0.771..7.959 rows=29 loops=1)
                                                              Join Filter: (ml.linked_movie_id = t2.id)
                                                              ->  Nested Loop  (cost=39.25..5304.63 rows=47 width=18) (actual time=0.750..7.762 rows=47 loops=1)
                                                                    Join Filter: (mi_idx2.info_type_id = it2.id)
                                                                    Rows Removed by Join Filter: 3033
                                                                    ->  Seq Scan on info_type it2  (cost=0.00..2.41 rows=1 width=4) (actual time=0.007..0.008 rows=1 loops=1)
                                                                          Filter: ((info)::text = 'rating'::text)
                                                                          Rows Removed by Filter: 112
                                                                    ->  Nested Loop  (cost=39.25..5263.71 rows=3080 width=22) (actual time=0.091..7.503 rows=3080 loops=1)
                                                                          ->  Nested Loop  (cost=38.82..470.30 rows=2315 width=8) (actual time=0.076..1.056 rows=2315 loops=1)
                                                                                ->  Seq Scan on link_type lt  (cost=0.00..1.25 rows=2 width=4) (actual time=0.003..0.008 rows=2 loops=1)
                                                                                      Filter: ((link)::text = ANY ('{sequel,follows,"followed by"}'::text[]))
                                                                                      Rows Removed by Filter: 16
                                                                                ->  Bitmap Heap Scan on movie_link ml  (cost=38.82..215.78 rows=1875 width=12) (actual time=0.061..0.349 rows=1158 loops=2)
                                                                                      Recheck Cond: (link_type_id = lt.id)
                                                                                      Heap Blocks: exact=191
                                                                                      ->  Bitmap Index Scan on link_type_id_movie_link  (cost=0.00..38.35 rows=1875 width=0) (actual time=0.047..0.047 rows=1158 loops=2)
                                                                                            Index Cond: (link_type_id = lt.id)
                                                                          ->  Index Scan using movie_id_movie_info_idx on movie_info_idx mi_idx2  (cost=0.43..2.05 rows=2 width=14) (actual time=0.002..0.002 rows=1 loops=2315)
                                                                                Index Cond: (movie_id = ml.linked_movie_id)
                                                                                Filter: (info < '3.5'::text)
                                                                                Rows Removed by Filter: 1
                                                              ->  Index Scan using title_pkey on title t2  (cost=0.43..0.71 rows=1 width=25) (actual time=0.004..0.004 rows=1 loops=47)
                                                                    Index Cond: (id = mi_idx2.movie_id)
                                                                    Filter: ((production_year >= 2000) AND (production_year <= 2010))
                                                                    Rows Removed by Filter: 0
                                                        ->  Materialize  (cost=0.00..1.10 rows=2 width=4) (actual time=0.000..0.001 rows=1 loops=29)
                                                              ->  Seq Scan on kind_type kt2  (cost=0.00..1.09 rows=2 width=4) (actual time=0.004..0.006 rows=2 loops=1)
                                                                    Filter: ((kind)::text = ANY ('{"tv series",episode}'::text[]))
                                                                    Rows Removed by Filter: 5
                                                  ->  Index Scan using movie_id_movie_info_idx on movie_info_idx mi_idx1  (cost=0.43..2.04 rows=3 width=14) (actual time=0.002..0.003 rows=3 loops=21)
                                                        Index Cond: (movie_id = ml.movie_id)
                                            ->  Index Scan using title_pkey on title t1  (cost=0.43..0.58 rows=1 width=25) (actual time=0.002..0.002 rows=1 loops=57)
                                                  Index Cond: (id = mi_idx1.movie_id)
                                      ->  Materialize  (cost=0.00..1.10 rows=2 width=4) (actual time=0.000..0.000 rows=1 loops=57)
                                            ->  Seq Scan on kind_type kt1  (cost=0.00..1.09 rows=2 width=4) (actual time=0.001..0.001 rows=1 loops=1)
                                                  Filter: ((kind)::text = ANY ('{"tv series",episode}'::text[]))
                                                  Rows Removed by Filter: 1
                                ->  Index Scan using movie_id_movie_companies on movie_companies mc1  (cost=0.43..0.56 rows=5 width=8) (actual time=0.002..0.003 rows=3 loops=57)
                                      Index Cond: (movie_id = t1.id)
                    ->  Index Scan using company_name_pkey on company_name cn1  (cost=0.42..0.45 rows=1 width=23) (actual time=0.002..0.002 rows=1 loops=51)
                          Index Cond: (id = mc1.company_id)
                          Filter: ((country_code)::text <> '[us]'::text)
                          Rows Removed by Filter: 0
              ->  Index Scan using movie_id_movie_companies on movie_companies mc2  (cost=0.43..0.62 rows=5 width=8) (actual time=0.002..0.003 rows=2 loops=46)
                    Index Cond: (movie_id = t2.id)
        ->  Index Scan using company_name_pkey on company_name cn2  (cost=0.42..0.44 rows=1 width=23) (actual time=0.002..0.002 rows=1 loops=114)
              Index Cond: (id = mc2.company_id)
Planning time: 161.402 ms
Execution time: 9.251 ms
