Aggregate  (cost=46418.50..46418.51 rows=1 width=32) (actual time=109.959..109.959 rows=1 loops=1)
  ->  Nested Loop  (cost=7.61..46412.88 rows=2248 width=17) (actual time=3.044..109.893 rows=206 loops=1)
        Join Filter: (t.id = mi.movie_id)
        ->  Nested Loop  (cost=7.17..37310.34 rows=5189 width=25) (actual time=2.649..62.274 rows=2235 loops=1)
              ->  Nested Loop  (cost=6.74..30967.20 rows=12951 width=4) (actual time=2.271..29.362 rows=12951 loops=1)
                    ->  Seq Scan on keyword k  (cost=0.00..2626.12 rows=30 width=4) (actual time=0.892..16.181 rows=30 loops=1)
                          Filter: (keyword ~~ '%sequel%'::text)
                          Rows Removed by Filter: 134140
                    ->  Bitmap Heap Scan on movie_keyword mk  (cost=6.74..941.72 rows=298 width=8) (actual time=0.060..0.373 rows=432 loops=30)
                          Recheck Cond: (keyword_id = k.id)
                          Heap Blocks: exact=6979
                          ->  Bitmap Index Scan on keyword_id_movie_keyword  (cost=0.00..6.67 rows=298 width=0) (actual time=0.034..0.034 rows=432 loops=30)
                                Index Cond: (keyword_id = k.id)
              ->  Index Scan using title_pkey on title t  (cost=0.43..0.49 rows=1 width=21) (actual time=0.002..0.002 rows=0 loops=12951)
                    Index Cond: (id = mk.movie_id)
                    Filter: (production_year > 2005)
                    Rows Removed by Filter: 1
        ->  Index Scan using movie_id_movie_info on movie_info mi  (cost=0.43..1.74 rows=1 width=4) (actual time=0.020..0.021 rows=0 loops=2235)
              Index Cond: (movie_id = mk.movie_id)
              Filter: (info = ANY ('{Sweden,Norway,Germany,Denmark,Swedish,Denish,Norwegian,German}'::text[]))
              Rows Removed by Filter: 45
Planning time: 0.620 ms
Execution time: 109.992 ms
