Aggregate  (cost=38471.43..38471.44 rows=1 width=64) (actual time=66.612..66.612 rows=1 loops=1)
  ->  Nested Loop  (cost=7.60..38467.73 rows=740 width=23) (actual time=2.750..66.394 rows=740 loops=1)
        Join Filter: (mi_idx.info_type_id = it.id)
        Rows Removed by Join Filter: 405
        ->  Seq Scan on info_type it  (cost=0.00..2.41 rows=1 width=4) (actual time=0.009..0.011 rows=1 loops=1)
              Filter: ((info)::text = 'rating'::text)
              Rows Removed by Filter: 112
        ->  Nested Loop  (cost=7.60..38451.00 rows=1145 width=27) (actual time=2.740..66.194 rows=1145 loops=1)
              Join Filter: (t.id = mi_idx.movie_id)
              ->  Nested Loop  (cost=7.17..37310.34 rows=2235 width=25) (actual time=2.731..59.907 rows=2235 loops=1)
                    ->  Nested Loop  (cost=6.74..30967.20 rows=12951 width=4) (actual time=2.344..28.806 rows=12951 loops=1)
                          ->  Seq Scan on keyword k  (cost=0.00..2626.12 rows=30 width=4) (actual time=0.878..15.738 rows=30 loops=1)
                                Filter: (keyword ~~ '%sequel%'::text)
                                Rows Removed by Filter: 134140
                          ->  Bitmap Heap Scan on movie_keyword mk  (cost=6.74..941.72 rows=298 width=8) (actual time=0.062..0.370 rows=432 loops=30)
                                Recheck Cond: (keyword_id = k.id)
                                Heap Blocks: exact=6979
                                ->  Bitmap Index Scan on keyword_id_movie_keyword  (cost=0.00..6.67 rows=298 width=0) (actual time=0.032..0.032 rows=432 loops=30)
                                      Index Cond: (keyword_id = k.id)
                    ->  Index Scan using title_pkey on title t  (cost=0.43..0.49 rows=1 width=21) (actual time=0.002..0.002 rows=0 loops=12951)
                          Index Cond: (id = mk.movie_id)
                          Filter: (production_year > 2005)
                          Rows Removed by Filter: 1
              ->  Index Scan using movie_id_movie_info_idx on movie_info_idx mi_idx  (cost=0.43..0.50 rows=1 width=14) (actual time=0.002..0.002 rows=1 loops=2235)
                    Index Cond: (movie_id = mk.movie_id)
                    Filter: (info > '5.0'::text)
                    Rows Removed by Filter: 1
Planning time: 0.893 ms
Execution time: 66.654 ms
