Aggregate  (cost=19906.36..19906.37 rows=1 width=64) (actual time=105.469..105.470 rows=1 loops=1)
  ->  Nested Loop  (cost=5104.14..19906.33 rows=6 width=23) (actual time=56.711..105.453 rows=6 loops=1)
        ->  Nested Loop  (cost=5103.72..19434.16 rows=1070 width=27) (actual time=20.588..102.630 rows=1070 loops=1)
              ->  Nested Loop  (cost=5103.29..19284.84 rows=72 width=31) (actual time=17.674..101.919 rows=72 loops=1)
                    ->  Nested Loop  (cost=5102.86..17195.56 rows=305 width=10) (actual time=17.661..100.816 rows=305 loops=1)
                          ->  Seq Scan on info_type it  (cost=0.00..2.41 rows=1 width=4) (actual time=0.009..0.013 rows=1 loops=1)
                                Filter: ((info)::text = 'rating'::text)
                                Rows Removed by Filter: 112
                          ->  Bitmap Heap Scan on movie_info_idx mi_idx  (cost=5102.86..17177.96 rows=1518 width=14) (actual time=17.650..100.745 rows=305 loops=1)
                                Recheck Cond: (info_type_id = it.id)
                                Filter: (info > '9.0'::text)
                                Rows Removed by Filter: 459620
                                Heap Blocks: exact=7934
                                ->  Bitmap Index Scan on info_type_id_movie_info_idx  (cost=0.00..5102.48 rows=276007 width=0) (actual time=15.633..15.633 rows=459925 loops=1)
                                      Index Cond: (info_type_id = it.id)
                    ->  Index Scan using title_pkey on title t  (cost=0.43..6.85 rows=1 width=21) (actual time=0.003..0.003 rows=0 loops=305)
                          Index Cond: (id = mi_idx.movie_id)
                          Filter: (production_year > 2010)
                          Rows Removed by Filter: 1
              ->  Index Scan using movie_id_movie_keyword on movie_keyword mk  (cost=0.43..1.61 rows=46 width=8) (actual time=0.004..0.007 rows=15 loops=72)
                    Index Cond: (movie_id = t.id)
        ->  Index Scan using keyword_pkey on keyword k  (cost=0.42..0.44 rows=1 width=4) (actual time=0.002..0.002 rows=0 loops=1070)
              Index Cond: (id = mk.keyword_id)
              Filter: (keyword ~~ '%sequel%'::text)
              Rows Removed by Filter: 1
Planning time: 0.885 ms
Execution time: 105.518 ms
