Aggregate  (cost=271909.77..271909.78 rows=1 width=64) (actual time=4066.992..4066.992 rows=1 loops=1)
  ->  Nested Loop  (cost=203745.23..271909.62 rows=30 width=109) (actual time=1279.411..3668.162 rows=68185 loops=1)
        Join Filter: (an.person_id = n.id)
        ->  Hash Join  (cost=203744.80..270531.62 rows=2869 width=106) (actual time=1279.395..2819.241 rows=345472 loops=1)
              Hash Cond: (ci.person_id = an.person_id)
              ->  Nested Loop  (cost=93404.03..129283.13 rows=1097209 width=4) (actual time=791.840..1991.275 rows=1097209 loops=1)
                    ->  Hash Join  (cost=93403.46..94361.68 rows=14194 width=8) (actual time=791.817..812.356 rows=14194 loops=1)
                          Hash Cond: (ml.linked_movie_id = t.id)
                          ->  Nested Loop  (cost=35.82..722.54 rows=21505 width=4) (actual time=0.310..9.778 rows=21505 loops=1)
                                ->  Seq Scan on link_type lt  (cost=0.00..1.27 rows=4 width=4) (actual time=0.006..0.018 rows=4 loops=1)
                                      Filter: ((link)::text = ANY ('{references,"referenced in",features,"featured in"}'::text[]))
                                      Rows Removed by Filter: 14
                                ->  Bitmap Heap Scan on movie_link ml  (cost=35.82..161.57 rows=1875 width=8) (actual time=0.198..1.362 rows=5376 loops=4)
                                      Recheck Cond: (link_type_id = lt.id)
                                      Heap Blocks: exact=542
                                      ->  Bitmap Index Scan on link_type_id_movie_link  (cost=0.00..35.35 rows=1875 width=0) (actual time=0.181..0.181 rows=5376 loops=4)
                                            Index Cond: (link_type_id = lt.id)
                          ->  Hash  (cost=73922.68..73922.68 rows=1555597 width=4) (actual time=786.996..786.996 rows=1555597 loops=1)
                                Buckets: 2097152  Batches: 1  Memory Usage: 71073kB
                                ->  Seq Scan on title t  (cost=0.00..73922.68 rows=1555597 width=4) (actual time=0.006..426.906 rows=1555597 loops=1)
                                      Filter: ((production_year >= 1980) AND (production_year <= 2010))
                                      Rows Removed by Filter: 972715
                    ->  Index Scan using movie_id_cast_info on cast_info ci  (cost=0.56..2.10 rows=36 width=8) (actual time=0.005..0.071 rows=77 loops=14194)
                          Index Cond: (movie_id = t.id)
              ->  Hash  (cost=109428.54..109428.54 rows=72979 width=102) (actual time=486.989..486.989 rows=72979 loops=1)
                    Buckets: 131072  Batches: 1  Memory Usage: 60638kB
                    ->  Hash Join  (cost=35984.02..109428.54 rows=72979 width=102) (actual time=318.141..437.813 rows=72979 loops=1)
                          Hash Cond: (pi.person_id = an.person_id)
                          ->  Nested Loop  (cost=2491.68..55265.51 rows=84183 width=98) (actual time=14.104..94.414 rows=84183 loops=1)
                                ->  Seq Scan on info_type it  (cost=0.00..2.41 rows=1 width=4) (actual time=0.008..0.018 rows=1 loops=1)
                                      Filter: ((info)::text = 'mini biography'::text)
                                      Rows Removed by Filter: 112
                                ->  Bitmap Heap Scan on person_info pi  (cost=2491.68..55226.58 rows=3651 width=102) (actual time=14.092..82.271 rows=84183 loops=1)
                                      Recheck Cond: (info_type_id = it.id)
                                      Filter: (note IS NOT NULL)
                                      Rows Removed by Filter: 1
                                      Heap Blocks: exact=40387
                                      ->  Bitmap Index Scan on info_type_id_person_info  (cost=0.00..2490.77 rows=134712 width=0) (actual time=8.395..8.395 rows=84184 loops=1)
                                            Index Cond: (info_type_id = it.id)
                          ->  Hash  (cost=24916.14..24916.14 rows=686095 width=4) (actual time=301.515..301.515 rows=686095 loops=1)
                                Buckets: 1048576  Batches: 1  Memory Usage: 32313kB
                                ->  Seq Scan on aka_name an  (cost=0.00..24916.14 rows=686095 width=4) (actual time=0.010..170.166 rows=686095 loops=1)
                                      Filter: ((name IS NOT NULL) AND ((name ~~ '%a%'::text) OR (name ~~ 'A%'::text)))
                                      Rows Removed by Filter: 215248
        ->  Index Scan using name_pkey on name n  (cost=0.43..0.47 rows=1 width=19) (actual time=0.002..0.002 rows=0 loops=345472)
              Index Cond: (id = ci.person_id)
              Filter: (((name_pcode_cf)::text >= 'A'::text) AND ((name_pcode_cf)::text <= 'F'::text) AND (((gender)::text = 'm'::text) OR (((gender)::text = 'f'::text) AND (name ~~ 'A%'::text))))
              Rows Removed by Filter: 1
Planning time: 3.583 ms
Execution time: 4067.713 ms
