Aggregate  (cost=72206.82..72206.83 rows=1 width=64) (actual time=1620.856..1620.856 rows=1 loops=1)
  ->  Nested Loop  (cost=6019.87..72206.81 rows=1 width=33) (actual time=137.366..1620.780 rows=62 loops=1)
        ->  Nested Loop  (cost=6019.44..72186.89 rows=26 width=41) (actual time=24.235..1589.150 rows=17379 loops=1)
              ->  Hash Join  (cost=6019.02..72175.05 rows=11 width=21) (actual time=24.225..1565.781 rows=7438 loops=1)
                    Hash Cond: (ci.role_id = rt.id)
                    ->  Nested Loop  (cost=6017.86..72172.34 rows=130 width=25) (actual time=24.213..1562.535 rows=19600 loops=1)
                          ->  Nested Loop  (cost=6017.29..69570.28 rows=1405 width=25) (actual time=24.159..463.822 rows=48328 loops=1)
                                ->  Hash Join  (cost=6016.86..64561.12 rows=1405 width=4) (actual time=24.144..348.459 rows=48328 loops=1)
                                      Hash Cond: (mc.company_id = cn.id)
                                      ->  Seq Scan on movie_companies mc  (cost=0.00..57926.93 rows=48897 width=8) (actual time=0.074..308.292 rows=48897 loops=1)
                                            Filter: ((note ~~ '%(Japan)%'::text) AND (note !~~ '%(USA)%'::text))
                                            Rows Removed by Filter: 2560232
                                      ->  Hash  (cost=5932.46..5932.46 rows=6752 width=4) (actual time=24.057..24.057 rows=6752 loops=1)
                                            Buckets: 8192  Batches: 1  Memory Usage: 302kB
                                            ->  Seq Scan on company_name cn  (cost=0.00..5932.46 rows=6752 width=4) (actual time=0.005..23.031 rows=6752 loops=1)
                                                  Filter: ((country_code)::text = '[jp]'::text)
                                                  Rows Removed by Filter: 228245
                                ->  Index Scan using title_pkey on title t  (cost=0.43..3.57 rows=1 width=21) (actual time=0.002..0.002 rows=1 loops=48328)
                                      Index Cond: (id = mc.movie_id)
                          ->  Index Scan using movie_id_cast_info on cast_info ci  (cost=0.56..1.84 rows=1 width=12) (actual time=0.021..0.022 rows=0 loops=48328)
                                Index Cond: (movie_id = t.id)
                                Filter: (note = '(voice: English version)'::text)
                                Rows Removed by Filter: 32
                    ->  Hash  (cost=1.15..1.15 rows=1 width=4) (actual time=0.008..0.008 rows=1 loops=1)
                          Buckets: 1024  Batches: 1  Memory Usage: 9kB
                          ->  Seq Scan on role_type rt  (cost=0.00..1.15 rows=1 width=4) (actual time=0.005..0.006 rows=1 loops=1)
                                Filter: ((role)::text = 'actress'::text)
                                Rows Removed by Filter: 11
              ->  Index Scan using person_id_aka_name on aka_name an1  (cost=0.42..1.06 rows=2 width=20) (actual time=0.002..0.003 rows=2 loops=7438)
                    Index Cond: (person_id = ci.person_id)
        ->  Index Scan using name_pkey on name n1  (cost=0.43..0.77 rows=1 width=4) (actual time=0.002..0.002 rows=0 loops=17379)
              Index Cond: (id = an1.person_id)
              Filter: ((name ~~ '%Yo%'::text) AND (name !~~ '%Yu%'::text))
              Rows Removed by Filter: 1
Planning time: 2.040 ms
Execution time: 1620.917 ms
