Aggregate  (cost=190733.88..190733.89 rows=1 width=64) (actual time=1300.252..1300.253 rows=1 loops=1)
  ->  Nested Loop  (cost=2.70..190733.87 rows=1 width=33) (actual time=763.261..1300.220 rows=62 loops=1)
        ->  Nested Loop  (cost=2.27..190731.49 rows=1 width=24) (actual time=763.250..1300.034 rows=62 loops=1)
              ->  Nested Loop  (cost=1.84..190647.18 rows=110 width=32) (actual time=6.565..1271.880 rows=17379 loops=1)
                    ->  Nested Loop  (cost=1.41..188890.16 rows=1633 width=12) (actual time=6.556..1252.892 rows=7438 loops=1)
                          ->  Nested Loop  (cost=0.99..183207.59 rows=7532 width=16) (actual time=6.547..1234.269 rows=7532 loops=1)
                                ->  Nested Loop  (cost=0.56..125103.38 rows=34848 width=8) (actual time=0.854..1147.160 rows=34848 loops=1)
                                      ->  Seq Scan on role_type rt  (cost=0.00..1.15 rows=1 width=4) (actual time=0.004..0.007 rows=1 loops=1)
                                            Filter: ((role)::text = 'actress'::text)
                                            Rows Removed by Filter: 11
                                      ->  Index Scan using role_id_cast_info on cast_info ci  (cost=0.56..125014.37 rows=8787 width=12) (actual time=0.848..1141.714 rows=34848 loops=1)
                                            Index Cond: (role_id = rt.id)
                                            Filter: (note = '(voice: English version)'::text)
                                            Rows Removed by Filter: 7417125
                                ->  Index Scan using movie_id_movie_companies on movie_companies mc  (cost=0.43..1.66 rows=1 width=8) (actual time=0.002..0.002 rows=0 loops=34848)
                                      Index Cond: (movie_id = ci.movie_id)
                                      Filter: ((note ~~ '%(Japan)%'::text) AND (note !~~ '%(USA)%'::text))
                                      Rows Removed by Filter: 2
                          ->  Index Scan using company_name_pkey on company_name cn  (cost=0.42..0.75 rows=1 width=4) (actual time=0.002..0.002 rows=1 loops=7532)
                                Index Cond: (id = mc.company_id)
                                Filter: ((country_code)::text = '[jp]'::text)
                                Rows Removed by Filter: 0
                    ->  Index Scan using person_id_aka_name on aka_name an1  (cost=0.42..1.06 rows=2 width=20) (actual time=0.001..0.002 rows=2 loops=7438)
                          Index Cond: (person_id = ci.person_id)
              ->  Index Scan using name_pkey on name n1  (cost=0.43..0.77 rows=1 width=4) (actual time=0.001..0.001 rows=0 loops=17379)
                    Index Cond: (id = an1.person_id)
                    Filter: ((name ~~ '%Yo%'::text) AND (name !~~ '%Yu%'::text))
                    Rows Removed by Filter: 1
        ->  Index Scan using title_pkey on title t  (cost=0.43..2.38 rows=1 width=21) (actual time=0.003..0.003 rows=1 loops=62)
              Index Cond: (id = ci.movie_id)
Planning time: 2.136 ms
Execution time: 1300.314 ms
