Aggregate  (cost=644660.91..644660.92 rows=1 width=64) (actual time=8505.611..8505.611 rows=1 loops=1)
  ->  Hash Join  (cost=574362.44..631537.18 rows=2624747 width=33) (actual time=6628.362..8003.261 rows=2487611 loops=1)
        Hash Cond: (ci.movie_id = t.id)
        ->  Hash Join  (cost=367673.80..399618.77 rows=3034791 width=20) (actual time=3813.307..4391.935 rows=2343724 loops=1)
              Hash Cond: (a1.person_id = n1.id)
              ->  Seq Scan on aka_name a1  (cost=0.00..20409.43 rows=901343 width=20) (actual time=0.006..79.605 rows=901343 loops=1)
              ->  Hash  (cost=333562.01..333562.01 rows=2728943 width=12) (actual time=3804.794..3804.794 rows=2728943 loops=1)
                    Buckets: 4194304  Batches: 1  Memory Usage: 150028kB
                    ->  Hash Join  (cost=149382.11..333562.01 rows=2728943 width=12) (actual time=1588.037..3308.984 rows=2728943 loops=1)
                          Hash Cond: (ci.person_id = n1.id)
                          ->  Nested Loop  (cost=0.56..149727.57 rows=2728943 width=8) (actual time=0.034..1006.701 rows=2728943 loops=1)
                                ->  Seq Scan on role_type rt  (cost=0.00..1.15 rows=1 width=4) (actual time=0.008..0.012 rows=1 loops=1)
                                      Filter: ((role)::text = 'writer'::text)
                                      Rows Removed by Filter: 11
                                ->  Index Scan using role_id_cast_info on cast_info ci  (cost=0.56..116777.02 rows=3294940 width=12) (actual time=0.023..547.844 rows=2728943 loops=1)
                                      Index Cond: (role_id = rt.id)
                          ->  Hash  (cost=97287.91..97287.91 rows=4167491 width=4) (actual time=1579.518..1579.518 rows=4167491 loops=1)
                                Buckets: 4194304  Batches: 1  Memory Usage: 179282kB
                                ->  Seq Scan on name n1  (cost=0.00..97287.91 rows=4167491 width=4) (actual time=0.006..620.493 rows=4167491 loops=1)
        ->  Hash  (cost=192266.17..192266.17 rows=1153798 width=25) (actual time=2810.555..2810.555 rows=1153798 loops=1)
              Buckets: 2097152  Batches: 1  Memory Usage: 84892kB
              ->  Hash Join  (cost=99878.02..192266.17 rows=1153798 width=25) (actual time=1164.586..2516.684 rows=1153798 loops=1)
                    Hash Cond: (mc.movie_id = t.id)
                    ->  Hash Join  (cost=6993.00..84814.45 rows=1153798 width=4) (actual time=52.780..956.303 rows=1153798 loops=1)
                          Hash Cond: (mc.company_id = cn.id)
                          ->  Seq Scan on movie_companies mc  (cost=0.00..44881.29 rows=2609129 width=8) (actual time=0.009..249.436 rows=2609129 loops=1)
                          ->  Hash  (cost=5932.46..5932.46 rows=84843 width=4) (actual time=52.267..52.267 rows=84843 loops=1)
                                Buckets: 131072  Batches: 1  Memory Usage: 4007kB
                                ->  Seq Scan on company_name cn  (cost=0.00..5932.46 rows=84843 width=4) (actual time=0.006..34.858 rows=84843 loops=1)
                                      Filter: ((country_code)::text = '[us]'::text)
                                      Rows Removed by Filter: 150154
                    ->  Hash  (cost=61281.12..61281.12 rows=2528312 width=21) (actual time=1103.310..1103.310 rows=2528312 loops=1)
                          Buckets: 4194304  Batches: 1  Memory Usage: 168637kB
                          ->  Seq Scan on title t  (cost=0.00..61281.12 rows=2528312 width=21) (actual time=0.009..412.070 rows=2528312 loops=1)
Planning time: 2.066 ms
Execution time: 8508.334 ms
