Aggregate  (cost=636072.92..636072.93 rows=1 width=64) (actual time=8461.324..8461.324 rows=1 loops=1)
  ->  Hash Join  (cost=586999.02..618861.42 rows=3442300 width=33) (actual time=7384.538..7968.859 rows=2487611 loops=1)
        Hash Cond: (a1.person_id = n1.id)
        ->  Seq Scan on aka_name a1  (cost=0.00..20409.43 rows=901343 width=20) (actual time=0.004..76.779 rows=901343 loops=1)
        ->  Hash  (cost=553364.41..553364.41 rows=2690769 width=25) (actual time=7375.949..7375.949 rows=1970658 loops=1)
              Buckets: 4194304  Batches: 1  Memory Usage: 145567kB
              ->  Hash Join  (cost=356070.75..553364.41 rows=2690769 width=25) (actual time=4431.504..6971.720 rows=1970658 loops=1)
                    Hash Cond: (ci.person_id = n1.id)
                    ->  Hash Join  (cost=206689.21..379103.30 rows=1970658 width=21) (actual time=2851.405..4908.386 rows=1970658 loops=1)
                          Hash Cond: (ci.movie_id = t.id)
                          ->  Nested Loop  (cost=0.56..149727.57 rows=2728943 width=8) (actual time=0.032..999.977 rows=2728943 loops=1)
                                ->  Seq Scan on role_type rt  (cost=0.00..1.15 rows=1 width=4) (actual time=0.008..0.013 rows=1 loops=1)
                                      Filter: ((role)::text = 'writer'::text)
                                      Rows Removed by Filter: 11
                                ->  Index Scan using role_id_cast_info on cast_info ci  (cost=0.56..116777.02 rows=3294940 width=12) (actual time=0.020..544.719 rows=2728943 loops=1)
                                      Index Cond: (role_id = rt.id)
                          ->  Hash  (cost=192266.17..192266.17 rows=1153798 width=25) (actual time=2846.953..2846.953 rows=1153798 loops=1)
                                Buckets: 2097152  Batches: 1  Memory Usage: 84892kB
                                ->  Hash Join  (cost=99878.02..192266.17 rows=1153798 width=25) (actual time=1163.670..2549.402 rows=1153798 loops=1)
                                      Hash Cond: (mc.movie_id = t.id)
                                      ->  Hash Join  (cost=6993.00..84814.45 rows=1153798 width=4) (actual time=53.129..982.139 rows=1153798 loops=1)
                                            Hash Cond: (mc.company_id = cn.id)
                                            ->  Seq Scan on movie_companies mc  (cost=0.00..44881.29 rows=2609129 width=8) (actual time=0.005..254.678 rows=2609129 loops=1)
                                            ->  Hash  (cost=5932.46..5932.46 rows=84843 width=4) (actual time=52.643..52.643 rows=84843 loops=1)
                                                  Buckets: 131072  Batches: 1  Memory Usage: 4007kB
                                                  ->  Seq Scan on company_name cn  (cost=0.00..5932.46 rows=84843 width=4) (actual time=0.004..35.385 rows=84843 loops=1)
                                                        Filter: ((country_code)::text = '[us]'::text)
                                                        Rows Removed by Filter: 150154
                                      ->  Hash  (cost=61281.12..61281.12 rows=2528312 width=21) (actual time=1102.033..1102.033 rows=2528312 loops=1)
                                            Buckets: 4194304  Batches: 1  Memory Usage: 168637kB
                                            ->  Seq Scan on title t  (cost=0.00..61281.12 rows=2528312 width=21) (actual time=0.008..411.276 rows=2528312 loops=1)
                    ->  Hash  (cost=97287.91..97287.91 rows=4167491 width=4) (actual time=1571.571..1571.571 rows=4167491 loops=1)
                          Buckets: 4194304  Batches: 1  Memory Usage: 179282kB
                          ->  Seq Scan on name n1  (cost=0.00..97287.91 rows=4167491 width=4) (actual time=0.009..612.764 rows=4167491 loops=1)
Planning time: 2.051 ms
Execution time: 8464.104 ms
