Aggregate  (cost=580254.56..580254.57 rows=1 width=64) (actual time=3810.976..3810.976 rows=1 loops=1)
  ->  Hash Join  (cost=535867.46..566007.14 rows=2849484 width=33) (actual time=3471.537..3747.760 rows=323005 loops=1)
        Hash Cond: (an1.person_id = n1.id)
        ->  Seq Scan on aka_name an1  (cost=0.00..20409.43 rows=901343 width=20) (actual time=0.004..75.948 rows=901343 loops=1)
        ->  Hash  (cost=505677.78..505677.78 rows=2415175 width=25) (actual time=3462.968..3462.968 rows=285538 loops=1)
              Buckets: 4194304  Batches: 1  Memory Usage: 48720kB
              ->  Hash Join  (cost=206689.64..505677.78 rows=2415175 width=25) (actual time=2778.877..3404.626 rows=285538 loops=1)
                    Hash Cond: (ci.movie_id = t.id)
                    ->  Nested Loop  (cost=0.99..273879.32 rows=3020362 width=12) (actual time=0.050..493.943 rows=276403 loops=1)
                          ->  Nested Loop  (cost=0.56..149727.57 rows=276403 width=8) (actual time=0.031..104.358 rows=276403 loops=1)
                                ->  Seq Scan on role_type rt  (cost=0.00..1.15 rows=1 width=4) (actual time=0.008..0.012 rows=1 loops=1)
                                      Filter: ((role)::text = 'costume designer'::text)
                                      Rows Removed by Filter: 11
                                ->  Index Scan using role_id_cast_info on cast_info ci  (cost=0.56..116777.02 rows=3294940 width=12) (actual time=0.020..57.557 rows=276403 loops=1)
                                      Index Cond: (role_id = rt.id)
                          ->  Index Only Scan using name_pkey on name n1  (cost=0.43..0.45 rows=1 width=4) (actual time=0.001..0.001 rows=1 loops=276403)
                                Index Cond: (id = ci.person_id)
                                Heap Fetches: 0
                    ->  Hash  (cost=192266.17..192266.17 rows=1153798 width=25) (actual time=2774.301..2774.301 rows=1153798 loops=1)
                          Buckets: 2097152  Batches: 1  Memory Usage: 84892kB
                          ->  Hash Join  (cost=99878.02..192266.17 rows=1153798 width=25) (actual time=1164.306..2484.567 rows=1153798 loops=1)
                                Hash Cond: (mc.movie_id = t.id)
                                ->  Hash Join  (cost=6993.00..84814.45 rows=1153798 width=4) (actual time=52.326..928.410 rows=1153798 loops=1)
                                      Hash Cond: (mc.company_id = cn.id)
                                      ->  Seq Scan on movie_companies mc  (cost=0.00..44881.29 rows=2609129 width=8) (actual time=0.006..243.499 rows=2609129 loops=1)
                                      ->  Hash  (cost=5932.46..5932.46 rows=84843 width=4) (actual time=51.814..51.814 rows=84843 loops=1)
                                            Buckets: 131072  Batches: 1  Memory Usage: 4007kB
                                            ->  Seq Scan on company_name cn  (cost=0.00..5932.46 rows=84843 width=4) (actual time=0.005..34.904 rows=84843 loops=1)
                                                  Filter: ((country_code)::text = '[us]'::text)
                                                  Rows Removed by Filter: 150154
                                ->  Hash  (cost=61281.12..61281.12 rows=2528312 width=21) (actual time=1103.457..1103.457 rows=2528312 loops=1)
                                      Buckets: 4194304  Batches: 1  Memory Usage: 168637kB
                                      ->  Seq Scan on title t  (cost=0.00..61281.12 rows=2528312 width=21) (actual time=0.009..410.665 rows=2528312 loops=1)
Planning time: 2.037 ms
Execution time: 3812.447 ms
