Aggregate  (cost=222449.32..222449.33 rows=1 width=128) (actual time=4143.726..4143.726 rows=1 loops=1)
  ->  Nested Loop  (cost=6995.71..222268.72 rows=18060 width=64) (actual time=47.522..3976.319 rows=483082 loops=1)
        ->  Nested Loop  (cost=6995.28..218172.53 rows=7618 width=56) (actual time=47.512..3568.006 rows=173567 loops=1)
              Join Filter: (ci.movie_id = t.id)
              ->  Hash Join  (cost=6994.85..214142.81 rows=7618 width=47) (actual time=47.502..3174.771 rows=173567 loops=1)
                    Hash Cond: (mc.company_id = cn.id)
                    ->  Nested Loop  (cost=1.85..206883.40 rows=21102 width=51) (actual time=0.143..3020.092 rows=426400 loops=1)
                          ->  Nested Loop  (cost=1.42..201307.92 rows=8114 width=43) (actual time=0.138..2344.131 rows=255493 loops=1)
                                ->  Nested Loop  (cost=0.99..190179.16 rows=16679 width=31) (actual time=0.132..1799.256 rows=276005 loops=1)
                                      ->  Nested Loop  (cost=0.56..134068.91 rows=72290 width=12) (actual time=0.124..1323.565 rows=276166 loops=1)
                                            ->  Seq Scan on role_type rt  (cost=0.00..1.15 rows=1 width=4) (actual time=0.005..0.008 rows=1 loops=1)
                                                  Filter: ((role)::text = 'actress'::text)
                                                  Rows Removed by Filter: 11
                                            ->  Index Scan using role_id_cast_info on cast_info ci  (cost=0.56..133251.71 rows=81605 width=16) (actual time=0.118..1279.429 rows=276166 loops=1)
                                                  Index Cond: (role_id = rt.id)
                                                  Filter: (note = ANY ('{(voice),"(voice: Japanese version)","(voice) (uncredited)","(voice: English version)"}'::text[]))
                                                  Rows Removed by Filter: 7175807
                                      ->  Index Scan using name_pkey on name n  (cost=0.43..0.78 rows=1 width=19) (actual time=0.001..0.001 rows=1 loops=276166)
                                            Index Cond: (id = ci.person_id)
                                            Filter: ((gender)::text = 'f'::text)
                                            Rows Removed by Filter: 0
                                ->  Index Scan using char_name_pkey on char_name chn  (cost=0.43..0.67 rows=1 width=20) (actual time=0.002..0.002 rows=1 loops=276005)
                                      Index Cond: (id = ci.person_role_id)
                          ->  Index Scan using movie_id_movie_companies on movie_companies mc  (cost=0.43..0.64 rows=5 width=8) (actual time=0.002..0.002 rows=2 loops=255493)
                                Index Cond: (movie_id = ci.movie_id)
                    ->  Hash  (cost=5932.46..5932.46 rows=84843 width=4) (actual time=46.910..46.910 rows=84843 loops=1)
                          Buckets: 131072  Batches: 1  Memory Usage: 4007kB
                          ->  Seq Scan on company_name cn  (cost=0.00..5932.46 rows=84843 width=4) (actual time=0.003..32.150 rows=84843 loops=1)
                                Filter: ((country_code)::text = '[us]'::text)
                                Rows Removed by Filter: 150154
              ->  Index Scan using title_pkey on title t  (cost=0.43..0.52 rows=1 width=21) (actual time=0.002..0.002 rows=1 loops=173567)
                    Index Cond: (id = mc.movie_id)
        ->  Index Scan using person_id_aka_name on aka_name an  (cost=0.42..0.52 rows=2 width=20) (actual time=0.001..0.002 rows=3 loops=173567)
              Index Cond: (person_id = n.id)
Planning time: 3.564 ms
Execution time: 4143.814 ms
