Aggregate  (cost=301251.06..301251.07 rows=1 width=128) (actual time=4301.471..4301.472 rows=1 loops=1)
  ->  Nested Loop  (cost=126721.35..301092.40 rows=15866 width=64) (actual time=757.140..4133.963 rows=483082 loops=1)
        ->  Nested Loop  (cost=126720.93..293314.60 rows=14465 width=56) (actual time=757.128..3727.460 rows=173567 loops=1)
              ->  Nested Loop  (cost=126720.50..286144.53 rows=10746 width=44) (actual time=757.116..3362.381 rows=189464 loops=1)
                    Join Filter: (ci.movie_id = t.id)
                    ->  Hash Join  (cost=126720.07..280460.18 rows=10746 width=35) (actual time=757.102..2928.111 rows=189464 loops=1)
                          Hash Cond: (mc.company_id = cn.id)
                          ->  Nested Loop  (cost=119727.07..273091.38 rows=29766 width=39) (actual time=703.555..2754.205 rows=473712 loops=1)
                                ->  Hash Join  (cost=119726.64..257281.59 rows=23008 width=31) (actual time=703.527..2028.693 rows=276005 loops=1)
                                      Hash Cond: (ci.person_id = n.id)
                                      ->  Nested Loop  (cost=0.56..134068.91 rows=276166 width=12) (actual time=0.128..1248.849 rows=276166 loops=1)
                                            ->  Seq Scan on role_type rt  (cost=0.00..1.15 rows=1 width=4) (actual time=0.006..0.009 rows=1 loops=1)
                                                  Filter: ((role)::text = 'actress'::text)
                                                  Rows Removed by Filter: 11
                                            ->  Index Scan using role_id_cast_info on cast_info ci  (cost=0.56..133251.71 rows=81605 width=16) (actual time=0.120..1208.592 rows=276166 loops=1)
                                                  Index Cond: (role_id = rt.id)
                                                  Filter: (note = ANY ('{(voice),"(voice: Japanese version)","(voice) (uncredited)","(voice: English version)"}'::text[]))
                                                  Rows Removed by Filter: 7175807
                                      ->  Hash  (cost=107706.64..107706.64 rows=961555 width=19) (actual time=700.917..700.917 rows=961555 loops=1)
                                            Buckets: 1048576  Batches: 1  Memory Usage: 58170kB
                                            ->  Seq Scan on name n  (cost=0.00..107706.64 rows=961555 width=19) (actual time=169.698..464.546 rows=961555 loops=1)
                                                  Filter: ((gender)::text = 'f'::text)
                                                  Rows Removed by Filter: 3205936
                                ->  Index Scan using movie_id_movie_companies on movie_companies mc  (cost=0.43..0.64 rows=5 width=8) (actual time=0.002..0.002 rows=2 loops=276005)
                                      Index Cond: (movie_id = ci.movie_id)
                          ->  Hash  (cost=5932.46..5932.46 rows=84843 width=4) (actual time=52.880..52.880 rows=84843 loops=1)
                                Buckets: 131072  Batches: 1  Memory Usage: 4007kB
                                ->  Seq Scan on company_name cn  (cost=0.00..5932.46 rows=84843 width=4) (actual time=0.007..34.877 rows=84843 loops=1)
                                      Filter: ((country_code)::text = '[us]'::text)
                                      Rows Removed by Filter: 150154
                    ->  Index Scan using title_pkey on title t  (cost=0.43..0.52 rows=1 width=21) (actual time=0.002..0.002 rows=1 loops=189464)
                          Index Cond: (id = mc.movie_id)
              ->  Index Scan using char_name_pkey on char_name chn  (cost=0.43..0.67 rows=1 width=20) (actual time=0.002..0.002 rows=1 loops=189464)
                    Index Cond: (id = ci.person_role_id)
        ->  Index Scan using person_id_aka_name on aka_name an  (cost=0.42..0.52 rows=2 width=20) (actual time=0.001..0.002 rows=3 loops=173567)
              Index Cond: (person_id = n.id)
Planning time: 3.575 ms
Execution time: 4301.803 ms
