Aggregate  (cost=499496.18..499496.19 rows=1 width=128) (actual time=5417.106..5417.107 rows=1 loops=1)
  ->  Nested Loop  (cost=427940.51..499139.14 rows=35704 width=64) (actual time=3270.027..5238.659 rows=483082 loops=1)
        Join Filter: (ci.movie_id = t.id)
        ->  Nested Loop  (cost=427940.08..480252.68 rows=35704 width=55) (actual time=3270.000..4409.069 rows=483082 loops=1)
              ->  Hash Join  (cost=427939.65..452138.88 rows=42135 width=43) (actual time=3269.983..3606.042 rows=505134 loops=1)
                    Hash Cond: (an.person_id = n.id)
                    ->  Seq Scan on aka_name an  (cost=0.00..20409.43 rows=901343 width=20) (actual time=0.004..75.358 rows=901343 loops=1)
                    ->  Hash  (cost=425571.35..425571.35 rows=189464 width=35) (actual time=3268.869..3268.869 rows=189464 loops=1)
                          Buckets: 262144  Batches: 1  Memory Usage: 14727kB
                          ->  Hash Join  (cost=218963.56..425571.35 rows=189464 width=35) (actual time=1779.593..3224.631 rows=189464 loops=1)
                                Hash Cond: (ci.person_id = n.id)
                                ->  Hash Join  (cost=99237.49..303452.15 rows=189554 width=16) (actual time=1076.434..2471.356 rows=189554 loops=1)
                                      Hash Cond: (ci.movie_id = mc.movie_id)
                                      ->  Nested Loop  (cost=0.56..134068.91 rows=276166 width=12) (actual time=0.123..1292.715 rows=276166 loops=1)
                                            ->  Seq Scan on role_type rt  (cost=0.00..1.15 rows=1 width=4) (actual time=0.003..0.006 rows=1 loops=1)
                                                  Filter: ((role)::text = 'actress'::text)
                                                  Rows Removed by Filter: 11
                                            ->  Index Scan using role_id_cast_info on cast_info ci  (cost=0.56..133251.71 rows=81605 width=16) (actual time=0.118..1252.075 rows=276166 loops=1)
                                                  Index Cond: (role_id = rt.id)
                                                  Filter: (note = ANY ('{(voice),"(voice: Japanese version)","(voice) (uncredited)","(voice: English version)"}'::text[]))
                                                  Rows Removed by Filter: 7175807
                                      ->  Hash  (cost=84814.45..84814.45 rows=1153798 width=4) (actual time=1071.637..1071.637 rows=1153798 loops=1)
                                            Buckets: 2097152  Batches: 1  Memory Usage: 56948kB
                                            ->  Hash Join  (cost=6993.00..84814.45 rows=1153798 width=4) (actual time=53.008..842.285 rows=1153798 loops=1)
                                                  Hash Cond: (mc.company_id = cn.id)
                                                  ->  Seq Scan on movie_companies mc  (cost=0.00..44881.29 rows=2609129 width=8) (actual time=0.005..219.956 rows=2609129 loops=1)
                                                  ->  Hash  (cost=5932.46..5932.46 rows=84843 width=4) (actual time=52.491..52.491 rows=84843 loops=1)
                                                        Buckets: 131072  Batches: 1  Memory Usage: 4007kB
                                                        ->  Seq Scan on company_name cn  (cost=0.00..5932.46 rows=84843 width=4) (actual time=0.006..35.045 rows=84843 loops=1)
                                                              Filter: ((country_code)::text = '[us]'::text)
                                                              Rows Removed by Filter: 150154
                                ->  Hash  (cost=107706.64..107706.64 rows=961555 width=19) (actual time=700.771..700.771 rows=961555 loops=1)
                                      Buckets: 1048576  Batches: 1  Memory Usage: 58170kB
                                      ->  Seq Scan on name n  (cost=0.00..107706.64 rows=961555 width=19) (actual time=169.921..466.132 rows=961555 loops=1)
                                            Filter: ((gender)::text = 'f'::text)
                                            Rows Removed by Filter: 3205936
              ->  Index Scan using char_name_pkey on char_name chn  (cost=0.43..0.67 rows=1 width=20) (actual time=0.001..0.001 rows=1 loops=505134)
                    Index Cond: (id = ci.person_role_id)
        ->  Index Scan using title_pkey on title t  (cost=0.43..0.52 rows=1 width=21) (actual time=0.001..0.001 rows=1 loops=483082)
              Index Cond: (id = mc.movie_id)
Planning time: 3.465 ms
Execution time: 5417.669 ms
