Aggregate  (cost=578783.93..578783.94 rows=1 width=128) (actual time=6039.149..6039.149 rows=1 loops=1)
  ->  Nested Loop  (cost=532922.06..578381.36 rows=40257 width=64) (actual time=4774.825..5865.468 rows=483082 loops=1)
        Join Filter: (ci.movie_id = t.id)
        ->  Hash Join  (cost=532921.63..557086.49 rows=40257 width=55) (actual time=4774.804..5092.813 rows=483082 loops=1)
              Hash Cond: (an.person_id = n.id)
              ->  Seq Scan on aka_name an  (cost=0.00..20409.43 rows=901343 width=20) (actual time=0.006..76.143 rows=901343 loops=1)
              ->  Hash  (cost=530752.04..530752.04 rows=173567 width=47) (actual time=4773.651..4773.651 rows=173567 loops=1)
                    Buckets: 262144  Batches: 1  Memory Usage: 15418kB
                    ->  Hash Join  (cost=326069.19..530752.04 rows=173567 width=47) (actual time=3157.659..4725.818 rows=173567 loops=1)
                          Hash Cond: (ci.person_id = n.id)
                          ->  Hash Join  (cost=206343.11..408833.55 rows=173657 width=28) (actual time=2460.588..3981.839 rows=173657 loops=1)
                                Hash Cond: (ci.movie_id = mc.movie_id)
                                ->  Hash Join  (cost=107106.19..244661.14 rows=255651 width=24) (actual time=1348.664..2774.956 rows=255651 loops=1)
                                      Hash Cond: (ci.person_role_id = chn.id)
                                      ->  Nested Loop  (cost=0.56..134068.91 rows=276166 width=12) (actual time=0.125..1340.526 rows=276166 loops=1)
                                            ->  Seq Scan on role_type rt  (cost=0.00..1.15 rows=1 width=4) (actual time=0.008..0.011 rows=1 loops=1)
                                                  Filter: ((role)::text = 'actress'::text)
                                                  Rows Removed by Filter: 11
                                            ->  Index Scan using role_id_cast_info on cast_info ci  (cost=0.56..133251.71 rows=81605 width=16) (actual time=0.114..1298.303 rows=276166 loops=1)
                                                  Index Cond: (role_id = rt.id)
                                                  Filter: (note = ANY ('{(voice),"(voice: Japanese version)","(voice) (uncredited)","(voice: English version)"}'::text[]))
                                                  Rows Removed by Filter: 7175807
                                      ->  Hash  (cost=67851.39..67851.39 rows=3140339 width=20) (actual time=1340.004..1340.004 rows=3140339 loops=1)
                                            Buckets: 4194304  Batches: 1  Memory Usage: 198037kB
                                            ->  Seq Scan on char_name chn  (cost=0.00..67851.39 rows=3140339 width=20) (actual time=0.008..487.244 rows=3140339 loops=1)
                                ->  Hash  (cost=84814.45..84814.45 rows=1153798 width=4) (actual time=1107.388..1107.388 rows=1153798 loops=1)
                                      Buckets: 2097152  Batches: 1  Memory Usage: 56948kB
                                      ->  Hash Join  (cost=6993.00..84814.45 rows=1153798 width=4) (actual time=52.667..872.546 rows=1153798 loops=1)
                                            Hash Cond: (mc.company_id = cn.id)
                                            ->  Seq Scan on movie_companies mc  (cost=0.00..44881.29 rows=2609129 width=8) (actual time=0.009..227.836 rows=2609129 loops=1)
                                            ->  Hash  (cost=5932.46..5932.46 rows=84843 width=4) (actual time=52.150..52.150 rows=84843 loops=1)
                                                  Buckets: 131072  Batches: 1  Memory Usage: 4007kB
                                                  ->  Seq Scan on company_name cn  (cost=0.00..5932.46 rows=84843 width=4) (actual time=0.006..34.843 rows=84843 loops=1)
                                                        Filter: ((country_code)::text = '[us]'::text)
                                                        Rows Removed by Filter: 150154
                          ->  Hash  (cost=107706.64..107706.64 rows=961555 width=19) (actual time=694.571..694.571 rows=961555 loops=1)
                                Buckets: 1048576  Batches: 1  Memory Usage: 58170kB
                                ->  Seq Scan on name n  (cost=0.00..107706.64 rows=961555 width=19) (actual time=171.125..463.096 rows=961555 loops=1)
                                      Filter: ((gender)::text = 'f'::text)
                                      Rows Removed by Filter: 3205936
        ->  Index Scan using title_pkey on title t  (cost=0.43..0.52 rows=1 width=21) (actual time=0.001..0.001 rows=1 loops=483082)
              Index Cond: (id = mc.movie_id)
Planning time: 3.622 ms
Execution time: 6040.659 ms
