Aggregate  (cost=605635.97..605635.98 rows=1 width=128) (actual time=6751.205..6751.205 rows=1 loops=1)
  ->  Hash Join  (cost=576640.30..600805.15 rows=483082 width=64) (actual time=6299.048..6600.719 rows=483082 loops=1)
        Hash Cond: (an.person_id = n.id)
        ->  Seq Scan on aka_name an  (cost=0.00..20409.43 rows=901343 width=20) (actual time=0.005..75.007 rows=901343 loops=1)
        ->  Hash  (cost=574470.71..574470.71 rows=173567 width=56) (actual time=6297.906..6297.906 rows=173567 loops=1)
              Buckets: 262144  Batches: 1  Memory Usage: 18048kB
              ->  Hash Join  (cost=433520.91..574470.71 rows=173567 width=56) (actual time=4695.375..6249.328 rows=173567 loops=1)
                    Hash Cond: (ci.person_id = n.id)
                    ->  Hash Join  (cost=313794.83..452552.21 rows=173657 width=37) (actual time=3998.543..5506.801 rows=173657 loops=1)
                          Hash Cond: (ci.person_role_id = chn.id)
                          ->  Hash Join  (cost=206689.21..343053.47 rows=189554 width=25) (actual time=2774.818..4225.087 rows=189554 loops=1)
                                Hash Cond: (ci.movie_id = t.id)
                                ->  Nested Loop  (cost=0.56..134068.91 rows=276166 width=12) (actual time=0.127..1341.153 rows=276166 loops=1)
                                      ->  Seq Scan on role_type rt  (cost=0.00..1.15 rows=1 width=4) (actual time=0.007..0.011 rows=1 loops=1)
                                            Filter: ((role)::text = 'actress'::text)
                                            Rows Removed by Filter: 11
                                      ->  Index Scan using role_id_cast_info on cast_info ci  (cost=0.56..133251.71 rows=81605 width=16) (actual time=0.117..1298.004 rows=276166 loops=1)
                                            Index Cond: (role_id = rt.id)
                                            Filter: (note = ANY ('{(voice),"(voice: Japanese version)","(voice) (uncredited)","(voice: English version)"}'::text[]))
                                            Rows Removed by Filter: 7175807
                                ->  Hash  (cost=192266.17..192266.17 rows=1153798 width=25) (actual time=2770.394..2770.394 rows=1153798 loops=1)
                                      Buckets: 2097152  Batches: 1  Memory Usage: 84892kB
                                      ->  Hash Join  (cost=99878.02..192266.17 rows=1153798 width=25) (actual time=1165.561..2482.783 rows=1153798 loops=1)
                                            Hash Cond: (mc.movie_id = t.id)
                                            ->  Hash Join  (cost=6993.00..84814.45 rows=1153798 width=4) (actual time=52.487..920.161 rows=1153798 loops=1)
                                                  Hash Cond: (mc.company_id = cn.id)
                                                  ->  Seq Scan on movie_companies mc  (cost=0.00..44881.29 rows=2609129 width=8) (actual time=0.006..242.305 rows=2609129 loops=1)
                                                  ->  Hash  (cost=5932.46..5932.46 rows=84843 width=4) (actual time=52.053..52.053 rows=84843 loops=1)
                                                        Buckets: 131072  Batches: 1  Memory Usage: 4007kB
                                                        ->  Seq Scan on company_name cn  (cost=0.00..5932.46 rows=84843 width=4) (actual time=0.005..35.515 rows=84843 loops=1)
                                                              Filter: ((country_code)::text = '[us]'::text)
                                                              Rows Removed by Filter: 150154
                                            ->  Hash  (cost=61281.12..61281.12 rows=2528312 width=21) (actual time=1104.571..1104.571 rows=2528312 loops=1)
                                                  Buckets: 4194304  Batches: 1  Memory Usage: 168637kB
                                                  ->  Seq Scan on title t  (cost=0.00..61281.12 rows=2528312 width=21) (actual time=0.010..410.992 rows=2528312 loops=1)
                          ->  Hash  (cost=67851.39..67851.39 rows=3140339 width=20) (actual time=1215.445..1215.445 rows=3140339 loops=1)
                                Buckets: 4194304  Batches: 1  Memory Usage: 198037kB
                                ->  Seq Scan on char_name chn  (cost=0.00..67851.39 rows=3140339 width=20) (actual time=0.009..433.096 rows=3140339 loops=1)
                    ->  Hash  (cost=107706.64..107706.64 rows=961555 width=19) (actual time=694.353..694.353 rows=961555 loops=1)
                          Buckets: 1048576  Batches: 1  Memory Usage: 58170kB
                          ->  Seq Scan on name n  (cost=0.00..107706.64 rows=961555 width=19) (actual time=171.471..464.105 rows=961555 loops=1)
                                Filter: ((gender)::text = 'f'::text)
                                Rows Removed by Filter: 3205936
Planning time: 3.624 ms
Execution time: 6753.606 ms
