Aggregate  (cost=1711730.20..1711731.20 rows=1 width=64) (actual time=652.343..652.343 rows=1 loops=1)
  ->  Nested Loop  (cost=0.00..1711730.20 rows=4 width=33) (actual time=6.597..652.228 rows=104 loops=1)
        ->  Nested Loop  (cost=0.00..1711723.00 rows=4 width=37) (actual time=6.573..651.968 rows=104 loops=1)
              ->  Nested Loop  (cost=0.00..1711705.00 rows=9 width=25) (actual time=6.565..634.111 rows=112 loops=1)
                    ->  Nested Loop  (cost=0.00..1711507.00 rows=95 width=29) (actual time=6.559..633.806 rows=151 loops=1)
                          ->  Nested Loop  (cost=0.00..791999.00 rows=12596 width=29) (actual time=0.701..173.300 rows=4539 loops=1)
                                ->  Nested Loop  (cost=0.00..765667.00 rows=13166 width=8) (actual time=0.639..140.184 rows=8790 loops=1)
                                      ->  Seq Scan on company_name cn  (cost=0.00..234997.00 rows=1330 width=4) (actual time=0.012..26.194 rows=1361 loops=1)
                                            Filter: ((country_code)::text = '[ru]'::text)
                                            Rows Removed by Filter: 233636
                                      ->  Index Scan using company_id_movie_companies on movie_companies mc  (cost=0.00..266.00 rows=133 width=12) (actual time=0.074..0.082 rows=6 loops=1361)
                                            Index Cond: (company_id = cn.id)
                                ->  Index Scan using title_pkey on title t  (cost=0.00..2.00 rows=1 width=21) (actual time=0.003..0.003 rows=1 loops=8790)
                                      Index Cond: (id = mc.movie_id)
                                      Filter: (production_year > 2005)
                                      Rows Removed by Filter: 0
                          ->  Index Scan using movie_id_cast_info on cast_info ci  (cost=0.00..72.00 rows=1 width=12) (actual time=0.098..0.101 rows=0 loops=4539)
                                Index Cond: (movie_id = t.id)
                                Filter: ((note ~~ '%(voice)%'::text) AND (note ~~ '%(uncredited)%'::text))
                                Rows Removed by Filter: 50
                    ->  Index Scan using role_type_pkey on role_type rt  (cost=0.00..2.00 rows=1 width=4) (actual time=0.001..0.001 rows=1 loops=151)
                          Index Cond: (id = ci.role_id)
                          Filter: ((role)::text = 'actor'::text)
                          Rows Removed by Filter: 0
              ->  Index Scan using char_name_pkey on char_name chn  (cost=0.00..2.00 rows=1 width=20) (actual time=0.159..0.159 rows=1 loops=112)
                    Index Cond: (id = ci.person_role_id)
        ->  Index Only Scan using company_type_pkey on company_type ct  (cost=0.00..2.00 rows=1 width=4) (actual time=0.002..0.002 rows=1 loops=104)
              Index Cond: (id = mc.company_type_id)
              Heap Fetches: 104
Planning time: 1.598 ms
Execution time: 652.396 ms
