Aggregate  (cost=1150621.20..1150622.20 rows=1 width=64) (actual time=113.959..113.960 rows=1 loops=1)
  ->  Nested Loop  (cost=0.00..1150621.20 rows=65 width=33) (actual time=113.957..113.957 rows=0 loops=1)
        ->  Nested Loop  (cost=0.00..1150504.00 rows=65 width=37) (actual time=113.957..113.957 rows=0 loops=1)
              ->  Nested Loop  (cost=0.00..1150234.00 rows=135 width=25) (actual time=113.956..113.956 rows=0 loops=1)
                    ->  Nested Loop  (cost=0.00..1147144.00 rows=1483 width=29) (actual time=1.665..111.647 rows=2614 loops=1)
                          ->  Nested Loop  (cost=0.00..791999.00 rows=4865 width=29) (actual time=1.648..63.107 rows=1259 loops=1)
                                ->  Nested Loop  (cost=0.00..765667.00 rows=13166 width=8) (actual time=0.019..36.850 rows=8790 loops=1)
                                      ->  Seq Scan on company_name cn  (cost=0.00..234997.00 rows=1330 width=4) (actual time=0.011..25.206 rows=1361 loops=1)
                                            Filter: ((country_code)::text = '[ru]'::text)
                                            Rows Removed by Filter: 233636
                                      ->  Index Scan using company_id_movie_companies on movie_companies mc  (cost=0.00..266.00 rows=133 width=12) (actual time=0.003..0.007 rows=6 loops=1361)
                                            Index Cond: (company_id = cn.id)
                                ->  Index Scan using title_pkey on title t  (cost=0.00..2.00 rows=1 width=21) (actual time=0.003..0.003 rows=0 loops=8790)
                                      Index Cond: (id = mc.movie_id)
                                      Filter: (production_year > 2010)
                                      Rows Removed by Filter: 1
                          ->  Index Scan using movie_id_cast_info on cast_info ci  (cost=0.00..72.00 rows=1 width=12) (actual time=0.021..0.038 rows=2 loops=1259)
                                Index Cond: (movie_id = t.id)
                                Filter: (note ~~ '%(producer)%'::text)
                                Rows Removed by Filter: 44
                    ->  Index Scan using role_type_pkey on role_type rt  (cost=0.00..2.00 rows=1 width=4) (actual time=0.001..0.001 rows=0 loops=2614)
                          Index Cond: (id = ci.role_id)
                          Filter: ((role)::text = 'actor'::text)
                          Rows Removed by Filter: 1
              ->  Index Scan using char_name_pkey on char_name chn  (cost=0.00..2.00 rows=1 width=20) (never executed)
                    Index Cond: (id = ci.person_role_id)
        ->  Index Only Scan using company_type_pkey on company_type ct  (cost=0.00..2.00 rows=1 width=4) (never executed)
              Index Cond: (id = mc.company_type_id)
              Heap Fetches: 0
Planning time: 1.594 ms
Execution time: 114.011 ms
