Aggregate  (cost=138515.21..138516.21 rows=1 width=96) (actual time=192.781..192.781 rows=1 loops=1)
  ->  Nested Loop  (cost=0.00..138515.21 rows=3 width=60) (actual time=0.665..186.492 rows=14899 loops=1)
        ->  Nested Loop  (cost=0.00..138509.21 rows=3 width=55) (actual time=0.658..160.965 rows=14899 loops=1)
              ->  Nested Loop  (cost=0.00..138503.00 rows=3 width=59) (actual time=0.655..145.277 rows=14899 loops=1)
                    ->  Nested Loop  (cost=0.00..138497.00 rows=3 width=44) (actual time=0.651..118.644 rows=14916 loops=1)
                          ->  Nested Loop  (cost=0.00..138482.00 rows=8 width=48) (actual time=0.649..102.255 rows=15510 loops=1)
                                ->  Nested Loop  (cost=0.00..138430.00 rows=4 width=12) (actual time=0.643..93.858 rows=1460 loops=1)
                                      ->  Nested Loop  (cost=0.00..136915.00 rows=101 width=4) (actual time=0.640..46.556 rows=47403 loops=1)
                                            ->  Seq Scan on keyword k  (cost=0.00..134170.00 rows=3 width=4) (actual time=0.625..14.579 rows=3 loops=1)
                                                  Filter: (keyword = ANY ('{sequel,revenge,based-on-novel}'::text[]))
                                                  Rows Removed by Filter: 134167
                                            ->  Index Scan using keyword_id_movie_keyword on movie_keyword mk  (cost=0.00..610.00 rows=305 width=8) (actual time=0.010..8.886 rows=15801 loops=3)
                                                  Index Cond: (keyword_id = k.id)
                                      ->  Index Scan using movie_id_movie_link on movie_link ml  (cost=0.00..10.00 rows=5 width=8) (actual time=0.001..0.001 rows=0 loops=47403)
                                            Index Cond: (movie_id = mk.movie_id)
                                ->  Index Scan using movie_id_movie_companies on movie_companies mc  (cost=0.00..10.00 rows=3 width=36) (actual time=0.002..0.004 rows=11 loops=1460)
                                      Index Cond: (movie_id = ml.movie_id)
                                      Filter: (note IS NOT NULL)
                                      Rows Removed by Filter: 2
                          ->  Index Scan using company_type_pkey on company_type ct  (cost=0.00..2.00 rows=1 width=4) (actual time=0.001..0.001 rows=1 loops=15510)
                                Index Cond: (id = mc.company_type_id)
                                Filter: (((kind)::text <> 'production companies'::text) AND (kind IS NOT NULL))
                                Rows Removed by Filter: 0
                    ->  Index Scan using company_name_pkey on company_name cn  (cost=0.00..2.00 rows=1 width=23) (actual time=0.001..0.001 rows=1 loops=14916)
                          Index Cond: (id = mc.company_id)
                          Filter: ((country_code)::text <> '[pl]'::text)
                          Rows Removed by Filter: 0
              ->  Index Only Scan using link_type_pkey on link_type lt  (cost=0.00..2.00 rows=1 width=4) (actual time=0.001..0.001 rows=1 loops=14899)
                    Index Cond: (id = ml.link_type_id)
                    Heap Fetches: 14899
        ->  Index Scan using title_pkey on title t  (cost=0.00..2.00 rows=1 width=21) (actual time=0.001..0.001 rows=1 loops=14899)
              Index Cond: (id = ml.movie_id)
              Filter: (production_year > 1950)
Planning time: 3.153 ms
Execution time: 192.843 ms
