Aggregate  (cost=247274.58..247275.58 rows=1 width=96) (actual time=100.024..100.024 rows=1 loops=1)
  ->  Nested Loop  (cost=166919.00..247274.58 rows=14899 width=60) (actual time=51.926..94.277 rows=14899 loops=1)
        ->  Hash Join  (cost=166919.00..217442.58 rows=14916 width=45) (actual time=51.922..70.792 rows=14916 loops=1)
              Hash Cond: (mc.company_type_id = ct.id)
              ->  Nested Loop  (cost=166912.00..205803.58 rows=15510 width=49) (actual time=51.912..67.524 rows=15510 loops=1)
                    ->  Nested Loop  (cost=166912.00..186823.58 rows=1460 width=29) (actual time=51.907..59.888 rows=1460 loops=1)
                          ->  Nested Loop  (cost=166912.00..183903.58 rows=1460 width=8) (actual time=51.902..57.302 rows=1460 loops=1)
                                ->  Merge Join  (cost=166912.00..181120.00 rows=1460 width=12) (actual time=51.897..55.729 rows=1460 loops=1)
                                      Merge Cond: (mk.movie_id = ml.movie_id)
                                      ->  Sort  (cost=136915.00..136915.00 rows=47403 width=4) (actual time=45.293..45.324 rows=481 loops=1)
                                            Sort Key: mk.movie_id
                                            Sort Method: quicksort  Memory: 3759kB
                                            ->  Nested Loop  (cost=0.00..136915.00 rows=47403 width=4) (actual time=0.599..37.168 rows=47403 loops=1)
                                                  ->  Seq Scan on keyword k  (cost=0.00..134170.00 rows=3 width=4) (actual time=0.588..13.964 rows=3 loops=1)
                                                        Filter: (keyword = ANY ('{sequel,revenge,based-on-novel}'::text[]))
                                                        Rows Removed by Filter: 134167
                                                  ->  Index Scan using keyword_id_movie_keyword on movie_keyword mk  (cost=0.00..610.00 rows=305 width=8) (actual time=0.009..6.012 rows=15801 loops=3)
                                                        Index Cond: (keyword_id = k.id)
                                      ->  Sort  (cost=29997.00..29997.00 rows=29997 width=8) (actual time=6.586..8.135 rows=30043 loops=1)
                                            Sort Key: ml.movie_id
                                            Sort Method: quicksort  Memory: 2175kB
                                            ->  Seq Scan on movie_link ml  (cost=0.00..29997.00 rows=29997 width=8) (actual time=0.005..2.778 rows=29997 loops=1)
                                ->  Index Only Scan using link_type_pkey on link_type lt  (cost=0.00..2.00 rows=1 width=4) (actual time=0.001..0.001 rows=1 loops=1460)
                                      Index Cond: (id = ml.link_type_id)
                                      Heap Fetches: 1460
                          ->  Index Scan using title_pkey on title t  (cost=0.00..2.00 rows=1 width=21) (actual time=0.001..0.001 rows=1 loops=1460)
                                Index Cond: (id = ml.movie_id)
                                Filter: (production_year > 1950)
                    ->  Index Scan using movie_id_movie_companies on movie_companies mc  (cost=0.00..10.00 rows=3 width=36) (actual time=0.002..0.004 rows=11 loops=1460)
                          Index Cond: (movie_id = ml.movie_id)
                          Filter: (note IS NOT NULL)
                          Rows Removed by Filter: 2
              ->  Hash  (cost=4.00..4.00 rows=3 width=4) (actual time=0.007..0.007 rows=3 loops=1)
                    Buckets: 1024  Batches: 1  Memory Usage: 9kB
                    ->  Seq Scan on company_type ct  (cost=0.00..4.00 rows=3 width=4) (actual time=0.004..0.005 rows=3 loops=1)
                          Filter: (((kind)::text <> 'production companies'::text) AND (kind IS NOT NULL))
                          Rows Removed by Filter: 1
        ->  Index Scan using company_name_pkey on company_name cn  (cost=0.00..2.00 rows=1 width=23) (actual time=0.001..0.001 rows=1 loops=14916)
              Index Cond: (id = mc.company_id)
              Filter: ((country_code)::text <> '[pl]'::text)
              Rows Removed by Filter: 0
Planning time: 3.133 ms
Execution time: 100.077 ms
