Aggregate  (cost=1055446.00..1055447.00 rows=1 width=64) (actual time=550.999..550.999 rows=1 loops=1)
  ->  Nested Loop  (cost=0.00..1055446.00 rows=11 width=59) (actual time=280.394..550.985 rows=10 loops=1)
        ->  Nested Loop  (cost=0.00..1055424.00 rows=11 width=63) (actual time=280.389..550.968 rows=10 loops=1)
              ->  Nested Loop  (cost=0.00..1055354.00 rows=35 width=67) (actual time=280.352..550.869 rows=33 loops=1)
                    ->  Nested Loop  (cost=0.00..1055144.00 rows=14 width=71) (actual time=280.343..550.839 rows=2 loops=1)
                          ->  Nested Loop  (cost=0.00..1054999.00 rows=72 width=75) (actual time=109.058..550.086 rows=620 loops=1)
                                ->  Nested Loop  (cost=0.00..1053838.00 rows=129 width=67) (actual time=109.048..546.350 rows=433 loops=1)
                                      ->  Nested Loop  (cost=0.00..635930.00 rows=208954 width=46) (actual time=1.334..188.769 rows=121863 loops=1)
                                            ->  Seq Scan on info_type it1  (cost=0.00..113.00 rows=1 width=4) (actual time=0.013..0.016 rows=1 loops=1)
                                                  Filter: ((info)::text = 'budget'::text)
                                                  Rows Removed by Filter: 112
                                            ->  Index Scan using info_type_id_movie_info on movie_info mi  (cost=0.00..423878.00 rows=211939 width=50) (actual time=1.321..173.301 rows=121863 loops=1)
                                                  Index Cond: (info_type_id = it1.id)
                                      ->  Index Scan using title_pkey on title t  (cost=0.00..2.00 rows=1 width=21) (actual time=0.003..0.003 rows=0 loops=121863)
                                            Index Cond: (id = mi.movie_id)
                                            Filter: ((production_year > 2000) AND ((title ~~ 'Birdemic%'::text) OR (title ~~ '%Movie%'::text)))
                                            Rows Removed by Filter: 1
                                ->  Index Scan using movie_id_movie_info_idx on movie_info_idx mi_idx  (cost=0.00..6.00 rows=3 width=8) (actual time=0.008..0.008 rows=1 loops=433)
                                      Index Cond: (movie_id = t.id)
                          ->  Index Scan using info_type_pkey on info_type it2  (cost=0.00..2.00 rows=1 width=4) (actual time=0.001..0.001 rows=0 loops=620)
                                Index Cond: (id = mi_idx.info_type_id)
                                Filter: ((info)::text = 'bottom 10 rank'::text)
                                Rows Removed by Filter: 1
                    ->  Index Scan using movie_id_movie_companies on movie_companies mc  (cost=0.00..10.00 rows=5 width=12) (actual time=0.008..0.011 rows=16 loops=2)
                          Index Cond: (movie_id = t.id)
              ->  Index Scan using company_name_pkey on company_name cn  (cost=0.00..2.00 rows=1 width=4) (actual time=0.003..0.003 rows=0 loops=33)
                    Index Cond: (id = mc.company_id)
                    Filter: ((country_code)::text = '[us]'::text)
                    Rows Removed by Filter: 1
        ->  Index Scan using company_type_pkey on company_type ct  (cost=0.00..2.00 rows=1 width=4) (actual time=0.001..0.001 rows=1 loops=10)
              Index Cond: (id = mc.company_type_id)
              Filter: ((kind IS NOT NULL) AND (((kind)::text = 'production companies'::text) OR ((kind)::text = 'distributors'::text)))
Planning time: 3.285 ms
Execution time: 551.059 ms
