Aggregate  (cost=1471711.00..1471712.00 rows=1 width=96) (actual time=16474.644..16474.644 rows=1 loops=1)
  ->  Nested Loop  (cost=1396814.00..1471711.00 rows=167 width=64) (actual time=9617.117..16440.288 rows=111101 loops=1)
        ->  Hash Join  (cost=1396814.00..1462371.00 rows=4670 width=68) (actual time=9616.286..13571.779 rows=1919495 loops=1)
              Hash Cond: (mc.company_type_id = ct.id)
              ->  Nested Loop  (cost=1396809.00..1455361.00 rows=9340 width=72) (actual time=9616.260..12860.282 rows=8123586 loops=1)
                    ->  Merge Join  (cost=1396809.00..1396981.00 rows=3892 width=76) (actual time=9616.238..9883.983 rows=724731 loops=1)
                          Merge Cond: (miidx.info_type_id = it.id)
                          ->  Sort  (cost=1396696.00..1396696.00 rows=19462 width=80) (actual time=9367.477..9599.935 rows=2174194 loops=1)
                                Sort Key: miidx.info_type_id
                                Sort Method: quicksort  Memory: 400592kB
                                ->  Nested Loop  (cost=1053845.00..1396696.00 rows=19462 width=80) (actual time=6729.780..8806.289 rows=2184715 loops=1)
                                      ->  Merge Join  (cost=1053845.00..1083658.00 rows=34782 width=67) (actual time=6729.761..6967.463 rows=1083597 loops=1)
                                            Merge Cond: (t.kind_id = kt.id)
                                            ->  Sort  (cost=1053838.00..1053838.00 rows=208691 width=71) (actual time=6729.733..6786.040 rows=1083598 loops=1)
                                                  Sort Key: t.kind_id
                                                  Sort Method: quicksort  Memory: 437393kB
                                                  ->  Nested Loop  (cost=0.00..1053838.00 rows=208691 width=71) (actual time=0.025..5960.753 rows=3036719 loops=1)
                                                        ->  Nested Loop  (cost=0.00..635930.00 rows=208954 width=46) (actual time=0.020..949.632 rows=3036719 loops=1)
                                                              ->  Seq Scan on info_type it2  (cost=0.00..113.00 rows=1 width=4) (actual time=0.005..0.014 rows=1 loops=1)
                                                                    Filter: ((info)::text = 'release dates'::text)
                                                                    Rows Removed by Filter: 112
                                                              ->  Index Scan using info_type_id_movie_info on movie_info mi  (cost=0.00..423878.00 rows=211939 width=50) (actual time=0.014..551.517 rows=3036719 loops=1)
                                                                    Index Cond: (info_type_id = it2.id)
                                                        ->  Index Scan using title_pkey on title t  (cost=0.00..2.00 rows=1 width=25) (actual time=0.001..0.001 rows=1 loops=3036719)
                                                              Index Cond: (id = mi.movie_id)
                                            ->  Sort  (cost=7.00..7.00 rows=1 width=4) (actual time=0.024..0.024 rows=1 loops=1)
                                                  Sort Key: kt.id
                                                  Sort Method: quicksort  Memory: 25kB
                                                  ->  Seq Scan on kind_type kt  (cost=0.00..7.00 rows=1 width=4) (actual time=0.010..0.011 rows=1 loops=1)
                                                        Filter: ((kind)::text = 'movie'::text)
                                                        Rows Removed by Filter: 6
                                      ->  Index Scan using movie_id_movie_info_idx on movie_info_idx miidx  (cost=0.00..6.00 rows=3 width=13) (actual time=0.001..0.001 rows=2 loops=1083597)
                                            Index Cond: (movie_id = mi.movie_id)
                          ->  Sort  (cost=113.00..113.00 rows=1 width=4) (actual time=0.033..0.033 rows=1 loops=1)
                                Sort Key: it.id
                                Sort Method: quicksort  Memory: 25kB
                                ->  Seq Scan on info_type it  (cost=0.00..113.00 rows=1 width=4) (actual time=0.020..0.021 rows=1 loops=1)
                                      Filter: ((info)::text = 'rating'::text)
                                      Rows Removed by Filter: 112
                    ->  Index Scan using movie_id_movie_companies on movie_companies mc  (cost=0.00..10.00 rows=5 width=12) (actual time=0.001..0.003 rows=11 loops=724731)
                          Index Cond: (movie_id = mi.movie_id)
              ->  Hash  (cost=4.00..4.00 rows=1 width=4) (actual time=0.007..0.007 rows=1 loops=1)
                    Buckets: 1024  Batches: 1  Memory Usage: 9kB
                    ->  Seq Scan on company_type ct  (cost=0.00..4.00 rows=1 width=4) (actual time=0.006..0.006 rows=1 loops=1)
                          Filter: ((kind)::text = 'production companies'::text)
                          Rows Removed by Filter: 3
        ->  Index Scan using company_name_pkey on company_name cn  (cost=0.00..2.00 rows=1 width=4) (actual time=0.001..0.001 rows=0 loops=1919495)
              Index Cond: (id = mc.company_id)
              Filter: ((country_code)::text = '[de]'::text)
              Rows Removed by Filter: 1
Planning time: 4.817 ms
Execution time: 16483.615 ms
