Aggregate  (cost=1471711.00..1471712.00 rows=1 width=96) (actual time=16346.750..16346.750 rows=1 loops=1)
  ->  Nested Loop  (cost=1396814.00..1471711.00 rows=1495 width=41) (actual time=9272.838..16152.445 rows=670390 loops=1)
        ->  Hash Join  (cost=1396814.00..1462371.00 rows=4670 width=26) (actual time=9272.828..13214.113 rows=1919495 loops=1)
              Hash Cond: (mc.company_type_id = ct.id)
              ->  Nested Loop  (cost=1396809.00..1455361.00 rows=9340 width=30) (actual time=9272.803..12505.158 rows=8123586 loops=1)
                    ->  Merge Join  (cost=1396809.00..1396981.00 rows=3892 width=34) (actual time=9272.780..9505.334 rows=724731 loops=1)
                          Merge Cond: (miidx.info_type_id = it.id)
                          ->  Sort  (cost=1396696.00..1396696.00 rows=19462 width=38) (actual time=9058.743..9251.942 rows=2174194 loops=1)
                                Sort Key: miidx.info_type_id
                                Sort Method: quicksort  Memory: 290010kB
                                ->  Nested Loop  (cost=1053845.00..1396696.00 rows=19462 width=38) (actual time=6571.293..8586.509 rows=2184715 loops=1)
                                      ->  Merge Join  (cost=1053845.00..1083658.00 rows=34782 width=25) (actual time=6571.273..6788.772 rows=1083597 loops=1)
                                            Merge Cond: (t.kind_id = kt.id)
                                            ->  Sort  (cost=1053838.00..1053838.00 rows=208691 width=29) (actual time=6571.233..6624.143 rows=1083598 loops=1)
                                                  Sort Key: t.kind_id
                                                  Sort Method: quicksort  Memory: 344968kB
                                                  ->  Nested Loop  (cost=0.00..1053838.00 rows=208691 width=29) (actual time=0.024..5902.064 rows=3036719 loops=1)
                                                        ->  Nested Loop  (cost=0.00..635930.00 rows=208954 width=4) (actual time=0.019..935.960 rows=3036719 loops=1)
                                                              ->  Seq Scan on info_type it2  (cost=0.00..113.00 rows=1 width=4) (actual time=0.005..0.014 rows=1 loops=1)
                                                                    Filter: ((info)::text = 'release dates'::text)
                                                                    Rows Removed by Filter: 112
                                                              ->  Index Scan using info_type_id_movie_info on movie_info mi  (cost=0.00..423878.00 rows=211939 width=8) (actual time=0.013..586.299 rows=3036719 loops=1)
                                                                    Index Cond: (info_type_id = it2.id)
                                                        ->  Index Scan using title_pkey on title t  (cost=0.00..2.00 rows=1 width=25) (actual time=0.001..0.001 rows=1 loops=3036719)
                                                              Index Cond: (id = mi.movie_id)
                                            ->  Sort  (cost=7.00..7.00 rows=1 width=4) (actual time=0.036..0.036 rows=1 loops=1)
                                                  Sort Key: kt.id
                                                  Sort Method: quicksort  Memory: 25kB
                                                  ->  Seq Scan on kind_type kt  (cost=0.00..7.00 rows=1 width=4) (actual time=0.012..0.013 rows=1 loops=1)
                                                        Filter: ((kind)::text = 'movie'::text)
                                                        Rows Removed by Filter: 6
                                      ->  Index Scan using movie_id_movie_info_idx on movie_info_idx miidx  (cost=0.00..6.00 rows=3 width=13) (actual time=0.001..0.001 rows=2 loops=1083597)
                                            Index Cond: (movie_id = mi.movie_id)
                          ->  Sort  (cost=113.00..113.00 rows=1 width=4) (actual time=0.031..0.031 rows=1 loops=1)
                                Sort Key: it.id
                                Sort Method: quicksort  Memory: 25kB
                                ->  Seq Scan on info_type it  (cost=0.00..113.00 rows=1 width=4) (actual time=0.018..0.020 rows=1 loops=1)
                                      Filter: ((info)::text = 'rating'::text)
                                      Rows Removed by Filter: 112
                    ->  Index Scan using movie_id_movie_companies on movie_companies mc  (cost=0.00..10.00 rows=5 width=12) (actual time=0.001..0.003 rows=11 loops=724731)
                          Index Cond: (movie_id = mi.movie_id)
              ->  Hash  (cost=4.00..4.00 rows=1 width=4) (actual time=0.007..0.007 rows=1 loops=1)
                    Buckets: 1024  Batches: 1  Memory Usage: 9kB
                    ->  Seq Scan on company_type ct  (cost=0.00..4.00 rows=1 width=4) (actual time=0.005..0.006 rows=1 loops=1)
                          Filter: ((kind)::text = 'production companies'::text)
                          Rows Removed by Filter: 3
        ->  Index Scan using company_name_pkey on company_name cn  (cost=0.00..2.00 rows=1 width=23) (actual time=0.001..0.001 rows=0 loops=1919495)
              Index Cond: (id = mc.company_id)
              Filter: ((country_code)::text = '[us]'::text)
              Rows Removed by Filter: 1
Planning time: 4.783 ms
Execution time: 16353.731 ms
