Aggregate  (cost=139583.00..139584.00 rows=1 width=64) (actual time=194.331..194.331 rows=1 loops=1)
  ->  Nested Loop  (cost=0.00..139583.00 rows=1 width=22) (actual time=3.158..194.104 rows=761 loops=1)
        ->  Nested Loop  (cost=0.00..139573.00 rows=4 width=26) (actual time=3.156..193.154 rows=878 loops=1)
              ->  Nested Loop  (cost=0.00..138627.00 rows=11 width=34) (actual time=3.025..151.514 rows=1147 loops=1)
                    ->  Nested Loop  (cost=0.00..138515.00 rows=55 width=38) (actual time=2.947..148.085 rows=3403 loops=1)
                          ->  Nested Loop  (cost=0.00..138344.00 rows=19 width=25) (actual time=2.938..140.691 rows=1966 loops=1)
                                ->  Nested Loop  (cost=0.00..138100.00 rows=114 width=29) (actual time=0.879..138.177 rows=2582 loops=1)
                                      ->  Nested Loop  (cost=0.00..137830.00 rows=135 width=4) (actual time=0.829..46.394 rows=37091 loops=1)
                                            ->  Seq Scan on keyword k  (cost=0.00..134170.00 rows=4 width=4) (actual time=0.820..16.012 rows=3 loops=1)
                                                  Filter: (keyword = ANY ('{murder,murder-in-title,blood,violence}'::text[]))
                                                  Rows Removed by Filter: 134167
                                            ->  Index Scan using keyword_id_movie_keyword on movie_keyword mk  (cost=0.00..610.00 rows=305 width=8) (actual time=0.008..8.683 rows=12364 loops=3)
                                                  Index Cond: (keyword_id = k.id)
                                      ->  Index Scan using title_pkey on title t  (cost=0.00..2.00 rows=1 width=25) (actual time=0.002..0.002 rows=0 loops=37091)
                                            Index Cond: (id = mk.movie_id)
                                            Filter: (production_year > 2010)
                                            Rows Removed by Filter: 1
                                ->  Index Scan using kind_type_pkey on kind_type kt  (cost=0.00..2.00 rows=1 width=4) (actual time=0.001..0.001 rows=1 loops=2582)
                                      Index Cond: (id = t.kind_id)
                                      Filter: ((kind)::text = 'movie'::text)
                                      Rows Removed by Filter: 0
                          ->  Index Scan using movie_id_movie_info_idx on movie_info_idx mi_idx  (cost=0.00..6.00 rows=3 width=13) (actual time=0.003..0.003 rows=2 loops=1966)
                                Index Cond: (movie_id = t.id)
                                Filter: (info < '8.5'::text)
                                Rows Removed by Filter: 0
                    ->  Index Scan using info_type_pkey on info_type it2  (cost=0.00..2.00 rows=1 width=4) (actual time=0.001..0.001 rows=0 loops=3403)
                          Index Cond: (id = mi_idx.info_type_id)
                          Filter: ((info)::text = 'rating'::text)
                          Rows Removed by Filter: 1
              ->  Index Scan using movie_id_movie_info on movie_info mi  (cost=0.00..84.00 rows=2 width=8) (actual time=0.030..0.036 rows=1 loops=1147)
                    Index Cond: (movie_id = t.id)
                    Filter: (info = ANY ('{Sweden,Norway,Germany,Denmark,Swedish,Denish,Norwegian,German,USA,American}'::text[]))
                    Rows Removed by Filter: 69
        ->  Index Scan using info_type_pkey on info_type it1  (cost=0.00..2.00 rows=1 width=4) (actual time=0.001..0.001 rows=1 loops=878)
              Index Cond: (id = mi.info_type_id)
              Filter: ((info)::text = 'countries'::text)
              Rows Removed by Filter: 0
Planning time: 3.109 ms
Execution time: 194.402 ms
