Aggregate  (cost=136239.00..136240.00 rows=1 width=64) (actual time=118.809..118.809 rows=1 loops=1)
  ->  Nested Loop  (cost=0.00..136239.00 rows=1 width=22) (actual time=69.422..118.801 rows=1 loops=1)
        ->  Nested Loop  (cost=0.00..136235.00 rows=1 width=26) (actual time=8.872..118.793 rows=2 loops=1)
              ->  Nested Loop  (cost=0.00..136231.00 rows=1 width=30) (actual time=8.868..118.786 rows=3 loops=1)
                    ->  Nested Loop  (cost=0.00..136224.00 rows=1 width=33) (actual time=8.858..118.722 rows=8 loops=1)
                          ->  Nested Loop  (cost=0.00..136220.00 rows=1 width=37) (actual time=8.854..118.692 rows=8 loops=1)
                                ->  Nested Loop  (cost=0.00..136134.00 rows=1 width=29) (actual time=1.280..70.811 rows=15 loops=1)
                                      ->  Nested Loop  (cost=0.00..136000.00 rows=67 width=4) (actual time=0.805..27.904 rows=19528 loops=1)
                                            ->  Seq Scan on keyword k  (cost=0.00..134170.00 rows=2 width=4) (actual time=0.795..13.261 rows=1 loops=1)
                                                  Filter: (keyword = ANY ('{murder,murder-in-title}'::text[]))
                                                  Rows Removed by Filter: 134169
                                            ->  Index Scan using keyword_id_movie_keyword on movie_keyword mk  (cost=0.00..610.00 rows=305 width=8) (actual time=0.008..12.565 rows=19528 loops=1)
                                                  Index Cond: (keyword_id = k.id)
                                      ->  Index Scan using title_pkey on title t  (cost=0.00..2.00 rows=1 width=25) (actual time=0.002..0.002 rows=0 loops=19528)
                                            Index Cond: (id = mk.movie_id)
                                            Filter: ((production_year > 2010) AND ((title ~~ '%murder%'::text) OR (title ~~ '%Murder%'::text) OR (title ~~ '%Mord%'::text)))
                                            Rows Removed by Filter: 1
                                ->  Index Scan using movie_id_movie_info on movie_info mi  (cost=0.00..84.00 rows=2 width=8) (actual time=3.150..3.191 rows=1 loops=15)
                                      Index Cond: (movie_id = t.id)
                                      Filter: (info = ANY ('{Sweden,Norway,Germany,Denmark,Swedish,Denish,Norwegian,German,USA,American}'::text[]))
                                      Rows Removed by Filter: 12
                          ->  Index Scan using info_type_pkey on info_type it1  (cost=0.00..2.00 rows=1 width=4) (actual time=0.003..0.003 rows=1 loops=8)
                                Index Cond: (id = mi.info_type_id)
                                Filter: ((info)::text = 'countries'::text)
                    ->  Index Scan using movie_id_movie_info_idx on movie_info_idx mi_idx  (cost=0.00..6.00 rows=1 width=13) (actual time=0.007..0.007 rows=0 loops=8)
                          Index Cond: (movie_id = t.id)
                          Filter: (info > '6.0'::text)
                          Rows Removed by Filter: 1
              ->  Index Scan using info_type_pkey on info_type it2  (cost=0.00..2.00 rows=1 width=4) (actual time=0.002..0.002 rows=1 loops=3)
                    Index Cond: (id = mi_idx.info_type_id)
                    Filter: ((info)::text = 'rating'::text)
                    Rows Removed by Filter: 0
        ->  Index Scan using kind_type_pkey on kind_type kt  (cost=0.00..2.00 rows=1 width=4) (actual time=0.003..0.003 rows=0 loops=2)
              Index Cond: (id = t.kind_id)
              Filter: ((kind)::text = 'movie'::text)
              Rows Removed by Filter: 0
Planning time: 3.059 ms
Execution time: 118.871 ms
