Aggregate  (cost=698064.00..698065.00 rows=1 width=64) (actual time=823.556..823.556 rows=1 loops=1)
  ->  Merge Join  (cost=697954.00..698064.00 rows=4115 width=22) (actual time=821.958..822.769 rows=4115 loops=1)
        Merge Cond: (mi_idx.info_type_id = it2.id)
        ->  Sort  (cost=697841.00..697841.00 rows=12401 width=26) (actual time=820.769..821.537 rows=12339 loops=1)
              Sort Key: mi_idx.info_type_id
              Sort Method: quicksort  Memory: 1348kB
              ->  Nested Loop  (cost=648036.00..697841.00 rows=12401 width=26) (actual time=731.084..818.544 rows=12401 loops=1)
                    ->  Merge Join  (cost=648036.00..649997.00 rows=5316 width=29) (actual time=731.065..803.413 rows=5316 loops=1)
                          Merge Cond: (mi.movie_id = t.id)
                          ->  Sort  (cost=434149.00..434149.00 rows=614251 width=4) (actual time=595.404..626.327 rows=614200 loops=1)
                                Sort Key: mi.movie_id
                                Sort Method: quicksort  Memory: 53370kB
                                ->  Nested Loop  (cost=0.00..434149.00 rows=614251 width=4) (actual time=0.020..475.174 rows=614251 loops=1)
                                      ->  Seq Scan on info_type it1  (cost=0.00..113.00 rows=1 width=4) (actual time=0.006..0.013 rows=1 loops=1)
                                            Filter: ((info)::text = 'countries'::text)
                                            Rows Removed by Filter: 112
                                      ->  Index Scan using info_type_id_movie_info on movie_info mi  (cost=0.00..423878.00 rows=10158 width=8) (actual time=0.013..421.852 rows=614251 loops=1)
                                            Index Cond: (info_type_id = it1.id)
                                            Filter: (info = ANY ('{Sweden,Norway,Germany,Denmark,Swedish,Danish,Norwegian,German,USA,American}'::text[]))
                                            Rows Removed by Filter: 711110
                          ->  Sort  (cost=213887.00..213887.00 rows=8073 width=25) (actual time=135.499..136.018 rows=8466 loops=1)
                                Sort Key: mk.movie_id
                                Sort Method: quicksort  Memory: 793kB
                                ->  Merge Join  (cost=211104.00..213887.00 rows=8073 width=25) (actual time=132.266..134.021 rows=8073 loops=1)
                                      Merge Cond: (t.kind_id = kt.id)
                                      ->  Sort  (cost=211097.00..211097.00 rows=9739 width=29) (actual time=132.247..132.727 rows=9739 loops=1)
                                            Sort Key: t.kind_id
                                            Sort Method: quicksort  Memory: 1168kB
                                            ->  Nested Loop  (cost=0.00..211097.00 rows=9739 width=29) (actual time=0.752..130.078 rows=9739 loops=1)
                                                  ->  Nested Loop  (cost=0.00..136915.00 rows=37091 width=4) (actual time=0.743..44.227 rows=37091 loops=1)
                                                        ->  Seq Scan on keyword k  (cost=0.00..134170.00 rows=3 width=4) (actual time=0.731..15.713 rows=3 loops=1)
                                                              Filter: ((keyword IS NOT NULL) AND (keyword = ANY ('{murder,murder-in-title,blood,violence}'::text[])))
                                                              Rows Removed by Filter: 134167
                                                        ->  Index Scan using keyword_id_movie_keyword on movie_keyword mk  (cost=0.00..610.00 rows=305 width=8) (actual time=0.008..7.979 rows=12364 loops=3)
                                                              Index Cond: (keyword_id = k.id)
                                                  ->  Index Scan using title_pkey on title t  (cost=0.00..2.00 rows=1 width=25) (actual time=0.002..0.002 rows=0 loops=37091)
                                                        Index Cond: (id = mk.movie_id)
                                                        Filter: (production_year > 2005)
                                                        Rows Removed by Filter: 1
                                      ->  Sort  (cost=7.00..7.00 rows=2 width=4) (actual time=0.015..0.015 rows=2 loops=1)
                                            Sort Key: kt.id
                                            Sort Method: quicksort  Memory: 25kB
                                            ->  Seq Scan on kind_type kt  (cost=0.00..7.00 rows=2 width=4) (actual time=0.007..0.008 rows=2 loops=1)
                                                  Filter: ((kind)::text = ANY ('{movie,episode}'::text[]))
                                                  Rows Removed by Filter: 5
                    ->  Index Scan using movie_id_movie_info_idx on movie_info_idx mi_idx  (cost=0.00..6.00 rows=3 width=13) (actual time=0.002..0.002 rows=2 loops=5316)
                          Index Cond: (movie_id = t.id)
                          Filter: (info < '8.5'::text)
                          Rows Removed by Filter: 0
        ->  Sort  (cost=113.00..113.00 rows=1 width=4) (actual time=0.019..0.019 rows=1 loops=1)
              Sort Key: it2.id
              Sort Method: quicksort  Memory: 25kB
              ->  Seq Scan on info_type it2  (cost=0.00..113.00 rows=1 width=4) (actual time=0.013..0.014 rows=1 loops=1)
                    Filter: ((info)::text = 'rating'::text)
                    Rows Removed by Filter: 112
Planning time: 2.945 ms
Execution time: 824.419 ms
