Aggregate  (cost=424294.80..424295.80 rows=1 width=64) (actual time=526.502..526.502 rows=1 loops=1)
  ->  Nested Loop  (cost=0.00..424294.80 rows=1 width=59) (actual time=21.176..526.369 rows=328 loops=1)
        ->  Nested Loop  (cost=0.00..424292.80 rows=1 width=63) (actual time=21.166..525.500 rows=328 loops=1)
              ->  Nested Loop  (cost=0.00..424157.80 rows=1 width=75) (actual time=13.573..525.154 rows=57 loops=1)
                    ->  Nested Loop  (cost=0.00..424155.00 rows=1 width=79) (actual time=13.567..525.013 rows=57 loops=1)
                          ->  Nested Loop  (cost=0.00..424153.00 rows=1 width=83) (actual time=13.559..524.713 rows=59 loops=1)
                                ->  Nested Loop  (cost=0.00..424131.00 rows=2 width=71) (actual time=1.701..523.990 rows=111 loops=1)
                                      ->  Nested Loop  (cost=0.00..424032.00 rows=11 width=67) (actual time=0.166..520.470 rows=1749 loops=1)
                                            ->  Nested Loop  (cost=0.00..423994.00 rows=19 width=46) (actual time=0.160..513.826 rows=1771 loops=1)
                                                  ->  Seq Scan on info_type it1  (cost=0.00..113.00 rows=1 width=4) (actual time=0.009..0.016 rows=1 loops=1)
                                                        Filter: ((info)::text = 'release dates'::text)
                                                        Rows Removed by Filter: 112
                                                  ->  Index Scan using info_type_id_movie_info on movie_info mi  (cost=0.00..423878.00 rows=3 width=50) (actual time=0.150..513.563 rows=1771 loops=1)
                                                        Index Cond: (info_type_id = it1.id)
                                                        Filter: ((note ~~ '%internet%'::text) AND (info ~~ 'USA:% 200%'::text))
                                                        Rows Removed by Filter: 3034948
                                            ->  Index Scan using title_pkey on title t  (cost=0.00..2.00 rows=1 width=21) (actual time=0.003..0.003 rows=1 loops=1771)
                                                  Index Cond: (id = mi.movie_id)
                                                  Filter: (production_year > 2000)
                                                  Rows Removed by Filter: 0
                                      ->  Index Only Scan using movie_id_aka_title on aka_title at  (cost=0.00..6.00 rows=3 width=4) (actual time=0.002..0.002 rows=0 loops=1749)
                                            Index Cond: (movie_id = t.id)
                                            Heap Fetches: 111
                                ->  Index Scan using movie_id_movie_companies on movie_companies mc  (cost=0.00..10.00 rows=1 width=12) (actual time=0.005..0.006 rows=1 loops=111)
                                      Index Cond: (movie_id = t.id)
                                      Filter: ((note ~~ '%(200%)%'::text) AND (note ~~ '%(worldwide)%'::text))
                                      Rows Removed by Filter: 3
                          ->  Index Scan using company_name_pkey on company_name cn  (cost=0.00..2.00 rows=1 width=4) (actual time=0.004..0.004 rows=1 loops=59)
                                Index Cond: (id = mc.company_id)
                                Filter: ((country_code)::text = '[us]'::text)
                                Rows Removed by Filter: 0
                    ->  Index Only Scan using company_type_pkey on company_type ct  (cost=0.00..2.00 rows=1 width=4) (actual time=0.001..0.001 rows=1 loops=57)
                          Index Cond: (id = mc.company_type_id)
                          Heap Fetches: 57
              ->  Index Scan using movie_id_movie_keyword on movie_keyword mk  (cost=0.00..90.00 rows=45 width=8) (actual time=0.003..0.004 rows=6 loops=57)
                    Index Cond: (movie_id = t.id)
        ->  Index Only Scan using keyword_pkey on keyword k  (cost=0.00..2.00 rows=1 width=4) (actual time=0.002..0.002 rows=1 loops=328)
              Index Cond: (id = mk.keyword_id)
              Heap Fetches: 328
Planning time: 7.769 ms
Execution time: 526.579 ms
