Aggregate  (cost=235503.80..235504.80 rows=1 width=64) (actual time=87.754..87.754 rows=1 loops=1)
  ->  Nested Loop  (cost=0.00..235503.80 rows=1 width=59) (actual time=64.442..87.736 rows=37 loops=1)
        ->  Nested Loop  (cost=0.00..235501.80 rows=1 width=58) (actual time=64.430..87.662 rows=37 loops=1)
              ->  Nested Loop  (cost=0.00..235499.80 rows=1 width=62) (actual time=64.420..87.535 rows=37 loops=1)
                    ->  Nested Loop  (cost=0.00..235364.80 rows=1 width=54) (actual time=43.427..87.501 rows=3 loops=1)
                          ->  Nested Loop  (cost=0.00..235360.80 rows=1 width=58) (actual time=43.420..87.487 rows=3 loops=1)
                                ->  Nested Loop  (cost=0.00..235275.80 rows=1 width=8) (actual time=4.601..42.360 rows=27 loops=1)
                                      ->  Nested Loop  (cost=0.00..235273.00 rows=1 width=12) (actual time=4.597..42.320 rows=27 loops=1)
                                            ->  Nested Loop  (cost=0.00..235264.00 rows=1 width=8) (actual time=3.787..26.817 rows=278 loops=1)
                                                  ->  Seq Scan on company_name cn  (cost=0.00..234997.00 rows=1 width=4) (actual time=3.736..24.559 rows=1 loops=1)
                                                        Filter: (((country_code)::text = '[us]'::text) AND (name = 'YouTube'::text))
                                                        Rows Removed by Filter: 234996
                                                  ->  Index Scan using company_id_movie_companies on movie_companies mc  (cost=0.00..266.00 rows=1 width=12) (actual time=0.049..2.227 rows=278 loops=1)
                                                        Index Cond: (company_id = cn.id)
                                                        Filter: ((note ~~ '%(200%)%'::text) AND (note ~~ '%(worldwide)%'::text))
                                                        Rows Removed by Filter: 1180
                                            ->  Index Only Scan using movie_id_aka_title on aka_title at  (cost=0.00..6.00 rows=3 width=4) (actual time=0.045..0.056 rows=0 loops=278)
                                                  Index Cond: (movie_id = mc.movie_id)
                                                  Heap Fetches: 27
                                      ->  Index Only Scan using company_type_pkey on company_type ct  (cost=0.00..2.00 rows=1 width=4) (actual time=0.001..0.001 rows=1 loops=27)
                                            Index Cond: (id = mc.company_type_id)
                                            Heap Fetches: 27
                                ->  Index Scan using movie_id_movie_info on movie_info mi  (cost=0.00..84.00 rows=1 width=50) (actual time=1.616..1.671 rows=0 loops=27)
                                      Index Cond: (movie_id = at.movie_id)
                                      Filter: ((note ~~ '%internet%'::text) AND (info ~~ 'USA:% 200%'::text))
                                      Rows Removed by Filter: 19
                          ->  Index Scan using info_type_pkey on info_type it1  (cost=0.00..2.00 rows=1 width=4) (actual time=0.004..0.004 rows=1 loops=3)
                                Index Cond: (id = mi.info_type_id)
                                Filter: ((info)::text = 'release dates'::text)
                    ->  Index Scan using movie_id_movie_keyword on movie_keyword mk  (cost=0.00..90.00 rows=45 width=8) (actual time=0.006..0.009 rows=12 loops=3)
                          Index Cond: (movie_id = at.movie_id)
              ->  Index Only Scan using keyword_pkey on keyword k  (cost=0.00..2.00 rows=1 width=4) (actual time=0.003..0.003 rows=1 loops=37)
                    Index Cond: (id = mk.keyword_id)
                    Heap Fetches: 37
        ->  Index Scan using title_pkey on title t  (cost=0.00..2.00 rows=1 width=21) (actual time=0.002..0.002 rows=1 loops=37)
              Index Cond: (id = at.movie_id)
              Filter: ((production_year >= 2005) AND (production_year <= 2010))
Planning time: 7.680 ms
Execution time: 87.820 ms
