Aggregate  (cost=427073.40..427074.40 rows=1 width=64) (actual time=576.944..576.944 rows=1 loops=1)
  ->  Nested Loop  (cost=0.00..427073.40 rows=99 width=38) (actual time=1.828..574.491 rows=11347 loops=1)
        ->  Nested Loop  (cost=0.00..426875.40 rows=99 width=42) (actual time=1.823..554.151 rows=11347 loops=1)
              ->  Nested Loop  (cost=0.00..425525.40 rows=10 width=54) (actual time=1.816..548.958 rows=875 loops=1)
                    ->  Nested Loop  (cost=0.00..425507.00 rows=10 width=58) (actual time=1.814..547.901 rows=875 loops=1)
                          ->  Nested Loop  (cost=0.00..425441.00 rows=33 width=62) (actual time=1.808..542.183 rows=2099 loops=1)
                                ->  Nested Loop  (cost=0.00..425231.00 rows=14 width=50) (actual time=0.239..539.212 rows=584 loops=1)
                                      ->  Nested Loop  (cost=0.00..424403.00 rows=92 width=25) (actual time=0.029..523.102 rows=10662 loops=1)
                                            ->  Nested Loop  (cost=0.00..424147.00 rows=128 width=4) (actual time=0.024..491.645 rows=10679 loops=1)
                                                  ->  Seq Scan on info_type it1  (cost=0.00..113.00 rows=1 width=4) (actual time=0.008..0.017 rows=1 loops=1)
                                                        Filter: ((info)::text = 'release dates'::text)
                                                        Rows Removed by Filter: 112
                                                  ->  Index Scan using info_type_id_movie_info on movie_info mi  (cost=0.00..423878.00 rows=156 width=8) (actual time=0.015..490.541 rows=10679 loops=1)
                                                        Index Cond: (info_type_id = it1.id)
                                                        Filter: (note ~~ '%internet%'::text)
                                                        Rows Removed by Filter: 3026040
                                            ->  Index Scan using title_pkey on title t  (cost=0.00..2.00 rows=1 width=21) (actual time=0.003..0.003 rows=1 loops=10679)
                                                  Index Cond: (id = mi.movie_id)
                                                  Filter: (production_year > 1990)
                                                  Rows Removed by Filter: 0
                                      ->  Index Scan using movie_id_aka_title on aka_title at  (cost=0.00..6.00 rows=3 width=25) (actual time=0.001..0.001 rows=0 loops=10662)
                                            Index Cond: (movie_id = t.id)
                                ->  Index Scan using movie_id_movie_companies on movie_companies mc  (cost=0.00..10.00 rows=5 width=12) (actual time=0.003..0.004 rows=4 loops=584)
                                      Index Cond: (movie_id = t.id)
                          ->  Index Scan using company_name_pkey on company_name cn  (cost=0.00..2.00 rows=1 width=4) (actual time=0.002..0.002 rows=0 loops=2099)
                                Index Cond: (id = mc.company_id)
                                Filter: ((country_code)::text = '[us]'::text)
                                Rows Removed by Filter: 1
                    ->  Index Only Scan using company_type_pkey on company_type ct  (cost=0.00..2.00 rows=1 width=4) (actual time=0.001..0.001 rows=1 loops=875)
                          Index Cond: (id = mc.company_type_id)
                          Heap Fetches: 875
              ->  Index Scan using movie_id_movie_keyword on movie_keyword mk  (cost=0.00..90.00 rows=45 width=8) (actual time=0.002..0.004 rows=13 loops=875)
                    Index Cond: (movie_id = t.id)
        ->  Index Only Scan using keyword_pkey on keyword k  (cost=0.00..2.00 rows=1 width=4) (actual time=0.002..0.002 rows=1 loops=11347)
              Index Cond: (id = mk.keyword_id)
              Heap Fetches: 11347
Planning time: 7.654 ms
Execution time: 577.018 ms
