Aggregate  (cost=136046.00..136047.00 rows=1 width=64) (actual time=181.520..181.520 rows=1 loops=1)
  ->  Nested Loop  (cost=0.00..136046.00 rows=11 width=33) (actual time=4.609..181.404 rows=385 loops=1)
        ->  Nested Loop  (cost=0.00..136024.00 rows=11 width=41) (actual time=4.598..180.462 rows=385 loops=1)
              ->  Nested Loop  (cost=0.00..135682.00 rows=57 width=21) (actual time=3.960..125.862 rows=323 loops=1)
                    ->  Nested Loop  (cost=0.00..135250.00 rows=4 width=29) (actual time=3.264..117.339 rows=25 loops=1)
                          ->  Nested Loop  (cost=0.00..135228.00 rows=11 width=33) (actual time=3.212..117.167 rows=54 loops=1)
                                ->  Nested Loop  (cost=0.00..135153.00 rows=5 width=25) (actual time=2.446..116.857 rows=146 loops=1)
                                      ->  Nested Loop  (cost=0.00..135085.00 rows=34 width=4) (actual time=0.419..29.852 rows=41840 loops=1)
                                            ->  Seq Scan on keyword k  (cost=0.00..134170.00 rows=1 width=4) (actual time=0.406..8.924 rows=1 loops=1)
                                                  Filter: (keyword = 'character-name-in-title'::text)
                                                  Rows Removed by Filter: 134169
                                            ->  Index Scan using keyword_id_movie_keyword on movie_keyword mk  (cost=0.00..610.00 rows=305 width=8) (actual time=0.012..16.571 rows=41840 loops=1)
                                                  Index Cond: (keyword_id = k.id)
                                      ->  Index Scan using title_pkey on title t  (cost=0.00..2.00 rows=1 width=21) (actual time=0.002..0.002 rows=0 loops=41840)
                                            Index Cond: (id = mk.movie_id)
                                            Filter: ((episode_nr >= 50) AND (episode_nr < 100))
                                            Rows Removed by Filter: 1
                                ->  Index Scan using movie_id_movie_companies on movie_companies mc  (cost=0.00..10.00 rows=5 width=8) (actual time=0.002..0.002 rows=0 loops=146)
                                      Index Cond: (movie_id = t.id)
                          ->  Index Scan using company_name_pkey on company_name cn  (cost=0.00..2.00 rows=1 width=4) (actual time=0.003..0.003 rows=0 loops=54)
                                Index Cond: (id = mc.company_id)
                                Filter: ((country_code)::text = '[us]'::text)
                                Rows Removed by Filter: 1
                    ->  Index Scan using movie_id_cast_info on cast_info ci  (cost=0.00..72.00 rows=36 width=8) (actual time=0.327..0.338 rows=13 loops=25)
                          Index Cond: (movie_id = t.id)
              ->  Index Scan using person_id_aka_name on aka_name an  (cost=0.00..4.00 rows=2 width=20) (actual time=0.168..0.169 rows=1 loops=323)
                    Index Cond: (person_id = ci.person_id)
        ->  Index Only Scan using name_pkey on name n  (cost=0.00..2.00 rows=1 width=4) (actual time=0.002..0.002 rows=1 loops=385)
              Index Cond: (id = an.person_id)
              Heap Fetches: 385
Planning time: 3.559 ms
Execution time: 181.585 ms
