Aggregate  (cost=141183.00..141184.00 rows=1 width=64) (actual time=18214.910..18214.910 rows=1 loops=1)
  ->  Nested Loop  (cost=0.00..141183.00 rows=77 width=33) (actual time=0.602..17343.527 rows=3710592 loops=1)
        ->  Nested Loop  (cost=0.00..141029.00 rows=77 width=41) (actual time=0.596..10085.184 rows=3710592 loops=1)
              ->  Nested Loop  (cost=0.00..138617.00 rows=402 width=21) (actual time=0.591..3038.270 rows=2832555 loops=1)
                    ->  Nested Loop  (cost=0.00..135809.00 rows=26 width=29) (actual time=0.469..797.841 rows=68316 loops=1)
                          ->  Nested Loop  (cost=0.00..135757.00 rows=26 width=8) (actual time=0.463..628.371 rows=68316 loops=1)
                                ->  Nested Loop  (cost=0.00..135595.00 rows=81 width=12) (actual time=0.452..199.527 rows=148552 loops=1)
                                      ->  Nested Loop  (cost=0.00..135085.00 rows=34 width=4) (actual time=0.443..36.065 rows=41840 loops=1)
                                            ->  Seq Scan on keyword k  (cost=0.00..134170.00 rows=1 width=4) (actual time=0.430..9.052 rows=1 loops=1)
                                                  Filter: (keyword = 'character-name-in-title'::text)
                                                  Rows Removed by Filter: 134169
                                            ->  Index Scan using keyword_id_movie_keyword on movie_keyword mk  (cost=0.00..610.00 rows=305 width=8) (actual time=0.012..20.768 rows=41840 loops=1)
                                                  Index Cond: (keyword_id = k.id)
                                      ->  Index Scan using movie_id_movie_companies on movie_companies mc  (cost=0.00..10.00 rows=5 width=8) (actual time=0.002..0.003 rows=4 loops=41840)
                                            Index Cond: (movie_id = mk.movie_id)
                                ->  Index Scan using company_name_pkey on company_name cn  (cost=0.00..2.00 rows=1 width=4) (actual time=0.003..0.003 rows=0 loops=148552)
                                      Index Cond: (id = mc.company_id)
                                      Filter: ((country_code)::text = '[us]'::text)
                                      Rows Removed by Filter: 1
                          ->  Index Scan using title_pkey on title t  (cost=0.00..2.00 rows=1 width=21) (actual time=0.002..0.002 rows=1 loops=68316)
                                Index Cond: (id = mk.movie_id)
                    ->  Index Scan using movie_id_cast_info on cast_info ci  (cost=0.00..72.00 rows=36 width=8) (actual time=0.003..0.027 rows=41 loops=68316)
                          Index Cond: (movie_id = t.id)
              ->  Index Scan using person_id_aka_name on aka_name an  (cost=0.00..4.00 rows=2 width=20) (actual time=0.002..0.002 rows=1 loops=2832555)
                    Index Cond: (person_id = ci.person_id)
        ->  Index Only Scan using name_pkey on name n  (cost=0.00..2.00 rows=1 width=4) (actual time=0.002..0.002 rows=1 loops=3710592)
              Index Cond: (id = an.person_id)
              Heap Fetches: 3710592
Planning time: 3.627 ms
Execution time: 18214.975 ms
