Aggregate  (cost=136804.00..136805.00 rows=1 width=64) (actual time=1253.038..1253.038 rows=1 loops=1)
  ->  Nested Loop  (cost=0.00..136804.00 rows=21 width=33) (actual time=0.575..1192.819 rows=249455 loops=1)
        ->  Nested Loop  (cost=0.00..136762.00 rows=21 width=41) (actual time=0.567..717.517 rows=249455 loops=1)
              ->  Nested Loop  (cost=0.00..136090.00 rows=112 width=21) (actual time=0.560..293.478 rows=169273 loops=1)
                    ->  Nested Loop  (cost=0.00..135334.00 rows=7 width=29) (actual time=0.553..157.043 rows=6766 loops=1)
                          ->  Nested Loop  (cost=0.00..135288.00 rows=23 width=33) (actual time=0.440..137.539 rows=8661 loops=1)
                                ->  Nested Loop  (cost=0.00..135153.00 rows=9 width=25) (actual time=0.421..122.322 rows=5385 loops=1)
                                      ->  Nested Loop  (cost=0.00..135085.00 rows=34 width=4) (actual time=0.415..30.008 rows=41840 loops=1)
                                            ->  Seq Scan on keyword k  (cost=0.00..134170.00 rows=1 width=4) (actual time=0.404..8.245 rows=1 loops=1)
                                                  Filter: (keyword = 'character-name-in-title'::text)
                                                  Rows Removed by Filter: 134169
                                            ->  Index Scan using keyword_id_movie_keyword on movie_keyword mk  (cost=0.00..610.00 rows=305 width=8) (actual time=0.011..17.097 rows=41840 loops=1)
                                                  Index Cond: (keyword_id = k.id)
                                      ->  Index Scan using title_pkey on title t  (cost=0.00..2.00 rows=1 width=21) (actual time=0.002..0.002 rows=0 loops=41840)
                                            Index Cond: (id = mk.movie_id)
                                            Filter: ((episode_nr >= 5) AND (episode_nr < 100))
                                            Rows Removed by Filter: 1
                                ->  Index Scan using movie_id_movie_companies on movie_companies mc  (cost=0.00..10.00 rows=5 width=8) (actual time=0.002..0.002 rows=2 loops=5385)
                                      Index Cond: (movie_id = t.id)
                          ->  Index Scan using company_name_pkey on company_name cn  (cost=0.00..2.00 rows=1 width=4) (actual time=0.002..0.002 rows=1 loops=8661)
                                Index Cond: (id = mc.company_id)
                                Filter: ((country_code)::text = '[us]'::text)
                                Rows Removed by Filter: 0
                    ->  Index Scan using movie_id_cast_info on cast_info ci  (cost=0.00..72.00 rows=36 width=8) (actual time=0.003..0.016 rows=25 loops=6766)
                          Index Cond: (movie_id = t.id)
              ->  Index Scan using person_id_aka_name on aka_name an  (cost=0.00..4.00 rows=2 width=20) (actual time=0.002..0.002 rows=1 loops=169273)
                    Index Cond: (person_id = ci.person_id)
        ->  Index Only Scan using name_pkey on name n  (cost=0.00..2.00 rows=1 width=4) (actual time=0.002..0.002 rows=1 loops=249455)
              Index Cond: (id = an.person_id)
              Heap Fetches: 249455
Planning time: 3.536 ms
Execution time: 1253.102 ms
