Aggregate  (cost=139977.00..139978.00 rows=1 width=64) (actual time=4764.400..4764.400 rows=1 loops=1)
  ->  Nested Loop  (cost=0.00..139977.00 rows=16 width=15) (actual time=2.258..4754.507 rows=52306 loops=1)
        ->  Nested Loop  (cost=0.00..139941.00 rows=18 width=19) (actual time=2.254..4630.116 rows=52306 loops=1)
              ->  Nested Loop  (cost=0.00..139821.00 rows=8 width=27) (actual time=2.249..4589.742 rows=6642 loops=1)
                    ->  Nested Loop  (cost=0.00..139805.00 rows=8 width=23) (actual time=2.242..4566.996 rows=6642 loops=1)
                          ->  Nested Loop  (cost=0.00..138757.00 rows=524 width=12) (actual time=0.430..1231.392 rows=1038393 loops=1)
                                ->  Nested Loop  (cost=0.00..135085.00 rows=34 width=4) (actual time=0.423..33.997 rows=41840 loops=1)
                                      ->  Seq Scan on keyword k  (cost=0.00..134170.00 rows=1 width=4) (actual time=0.412..8.519 rows=1 loops=1)
                                            Filter: (keyword = 'character-name-in-title'::text)
                                            Rows Removed by Filter: 134169
                                      ->  Index Scan using keyword_id_movie_keyword on movie_keyword mk  (cost=0.00..610.00 rows=305 width=8) (actual time=0.011..19.424 rows=41840 loops=1)
                                            Index Cond: (keyword_id = k.id)
                                ->  Index Scan using movie_id_cast_info on cast_info ci  (cost=0.00..72.00 rows=36 width=8) (actual time=0.003..0.025 rows=25 loops=41840)
                                      Index Cond: (movie_id = mk.movie_id)
                          ->  Index Scan using name_pkey on name n  (cost=0.00..2.00 rows=1 width=19) (actual time=0.003..0.003 rows=0 loops=1038393)
                                Index Cond: (id = ci.person_id)
                                Filter: (name ~~ 'Z%'::text)
                                Rows Removed by Filter: 1
                    ->  Index Only Scan using title_pkey on title t  (cost=0.00..2.00 rows=1 width=4) (actual time=0.003..0.003 rows=1 loops=6642)
                          Index Cond: (id = ci.movie_id)
                          Heap Fetches: 6642
              ->  Index Scan using movie_id_movie_companies on movie_companies mc  (cost=0.00..10.00 rows=5 width=8) (actual time=0.003..0.005 rows=8 loops=6642)
                    Index Cond: (movie_id = ci.movie_id)
        ->  Index Only Scan using company_name_pkey on company_name cn  (cost=0.00..2.00 rows=1 width=4) (actual time=0.002..0.002 rows=1 loops=52306)
              Index Cond: (id = mc.company_id)
              Heap Fetches: 52306
Planning time: 2.271 ms
Execution time: 4764.455 ms
