Aggregate  (cost=139421.00..139422.00 rows=1 width=32) (actual time=10124.117..10124.117 rows=1 loops=1)
  ->  Nested Loop  (cost=0.00..139421.00 rows=402 width=15) (actual time=0.566..9698.576 rows=2832555 loops=1)
        ->  Nested Loop  (cost=0.00..138617.00 rows=402 width=4) (actual time=0.561..2893.521 rows=2832555 loops=1)
              ->  Nested Loop  (cost=0.00..135809.00 rows=26 width=12) (actual time=0.441..763.208 rows=68316 loops=1)
                    ->  Nested Loop  (cost=0.00..135757.00 rows=26 width=8) (actual time=0.436..602.396 rows=68316 loops=1)
                          ->  Nested Loop  (cost=0.00..135595.00 rows=81 width=12) (actual time=0.425..193.786 rows=148552 loops=1)
                                ->  Nested Loop  (cost=0.00..135085.00 rows=34 width=4) (actual time=0.417..33.778 rows=41840 loops=1)
                                      ->  Seq Scan on keyword k  (cost=0.00..134170.00 rows=1 width=4) (actual time=0.406..8.273 rows=1 loops=1)
                                            Filter: (keyword = 'character-name-in-title'::text)
                                            Rows Removed by Filter: 134169
                                      ->  Index Scan using keyword_id_movie_keyword on movie_keyword mk  (cost=0.00..610.00 rows=305 width=8) (actual time=0.010..19.338 rows=41840 loops=1)
                                            Index Cond: (keyword_id = k.id)
                                ->  Index Scan using movie_id_movie_companies on movie_companies mc  (cost=0.00..10.00 rows=5 width=8) (actual time=0.002..0.003 rows=4 loops=41840)
                                      Index Cond: (movie_id = mk.movie_id)
                          ->  Index Scan using company_name_pkey on company_name cn  (cost=0.00..2.00 rows=1 width=4) (actual time=0.002..0.002 rows=0 loops=148552)
                                Index Cond: (id = mc.company_id)
                                Filter: ((country_code)::text = '[us]'::text)
                                Rows Removed by Filter: 1
                    ->  Index Only Scan using title_pkey on title t  (cost=0.00..2.00 rows=1 width=4) (actual time=0.002..0.002 rows=1 loops=68316)
                          Index Cond: (id = mk.movie_id)
                          Heap Fetches: 68316
              ->  Index Scan using movie_id_cast_info on cast_info ci  (cost=0.00..72.00 rows=36 width=8) (actual time=0.003..0.026 rows=41 loops=68316)
                    Index Cond: (movie_id = t.id)
        ->  Index Scan using name_pkey on name n  (cost=0.00..2.00 rows=1 width=19) (actual time=0.002..0.002 rows=1 loops=2832555)
              Index Cond: (id = ci.person_id)
Planning time: 2.171 ms
Execution time: 10124.163 ms
