Aggregate  (cost=142192.00..142193.00 rows=1 width=32) (actual time=7717.798..7717.798 rows=1 loops=1)
  ->  Nested Loop  (cost=0.00..142192.00 rows=251 width=15) (actual time=0.806..7551.632 rows=1113120 loops=1)
        ->  Nested Loop  (cost=0.00..141628.00 rows=282 width=19) (actual time=0.802..5655.731 rows=1113120 loops=1)
              ->  Nested Loop  (cost=0.00..139873.00 rows=117 width=27) (actual time=0.454..5022.812 rows=149494 loops=1)
                    ->  Nested Loop  (cost=0.00..138825.00 rows=524 width=16) (actual time=0.449..1409.134 rows=1038393 loops=1)
                          ->  Nested Loop  (cost=0.00..135153.00 rows=34 width=8) (actual time=0.442..154.275 rows=41840 loops=1)
                                ->  Nested Loop  (cost=0.00..135085.00 rows=34 width=4) (actual time=0.437..36.280 rows=41840 loops=1)
                                      ->  Seq Scan on keyword k  (cost=0.00..134170.00 rows=1 width=4) (actual time=0.425..9.152 rows=1 loops=1)
                                            Filter: (keyword = 'character-name-in-title'::text)
                                            Rows Removed by Filter: 134169
                                      ->  Index Scan using keyword_id_movie_keyword on movie_keyword mk  (cost=0.00..610.00 rows=305 width=8) (actual time=0.011..20.442 rows=41840 loops=1)
                                            Index Cond: (keyword_id = k.id)
                                ->  Index Only Scan using title_pkey on title t  (cost=0.00..2.00 rows=1 width=4) (actual time=0.002..0.002 rows=1 loops=41840)
                                      Index Cond: (id = mk.movie_id)
                                      Heap Fetches: 41840
                          ->  Index Scan using movie_id_cast_info on cast_info ci  (cost=0.00..72.00 rows=36 width=8) (actual time=0.003..0.026 rows=25 loops=41840)
                                Index Cond: (movie_id = t.id)
                    ->  Index Scan using name_pkey on name n  (cost=0.00..2.00 rows=1 width=19) (actual time=0.003..0.003 rows=0 loops=1038393)
                          Index Cond: (id = ci.person_id)
                          Filter: (name ~~ '%B%'::text)
                          Rows Removed by Filter: 1
              ->  Index Scan using movie_id_movie_companies on movie_companies mc  (cost=0.00..10.00 rows=5 width=8) (actual time=0.002..0.003 rows=7 loops=149494)
                    Index Cond: (movie_id = ci.movie_id)
        ->  Index Only Scan using company_name_pkey on company_name cn  (cost=0.00..2.00 rows=1 width=4) (actual time=0.001..0.001 rows=1 loops=1113120)
              Index Cond: (id = mc.company_id)
              Heap Fetches: 1113120
Planning time: 2.264 ms
Execution time: 7717.849 ms
