Aggregate  (cost=454315.00..454316.00 rows=1 width=96) (actual time=5729.805..5729.806 rows=1 loops=1)
  ->  Nested Loop  (cost=0.00..454315.00 rows=41 width=64) (actual time=10.412..5717.224 rows=28073 loops=1)
        ->  Nested Loop  (cost=0.00..454233.00 rows=41 width=59) (actual time=10.406..5647.312 rows=28073 loops=1)
              ->  Nested Loop  (cost=0.00..454049.00 rows=92 width=63) (actual time=8.837..5459.070 rows=54155 loops=1)
                    ->  Nested Loop  (cost=0.00..441858.00 rows=167 width=55) (actual time=0.034..1098.349 rows=102516 loops=1)
                          ->  Nested Loop  (cost=0.00..440183.00 rows=834 width=59) (actual time=0.030..804.680 rows=307785 loops=1)
                                ->  Nested Loop  (cost=0.00..426746.00 rows=1493 width=46) (actual time=0.026..429.867 rows=186594 loops=1)
                                      ->  Seq Scan on info_type it1  (cost=0.00..113.00 rows=1 width=4) (actual time=0.005..0.014 rows=1 loops=1)
                                            Filter: ((info)::text = 'genres'::text)
                                            Rows Removed by Filter: 112
                                      ->  Index Scan using info_type_id_movie_info on movie_info mi  (cost=0.00..423878.00 rows=2755 width=50) (actual time=0.020..410.500 rows=186594 loops=1)
                                            Index Cond: (info_type_id = it1.id)
                                            Filter: (info = ANY ('{Horror,Action,Sci-Fi,Thriller,Crime,War}'::text[]))
                                            Rows Removed by Filter: 1347315
                                ->  Index Scan using movie_id_movie_info_idx on movie_info_idx mi_idx  (cost=0.00..6.00 rows=3 width=13) (actual time=0.001..0.002 rows=2 loops=186594)
                                      Index Cond: (movie_id = mi.movie_id)
                          ->  Index Scan using info_type_pkey on info_type it2  (cost=0.00..2.00 rows=1 width=4) (actual time=0.001..0.001 rows=0 loops=307785)
                                Index Cond: (id = mi_idx.info_type_id)
                                Filter: ((info)::text = 'votes'::text)
                                Rows Removed by Filter: 1
                    ->  Index Scan using movie_id_cast_info on cast_info ci  (cost=0.00..72.00 rows=1 width=8) (actual time=0.037..0.042 rows=1 loops=102516)
                          Index Cond: (movie_id = mi.movie_id)
                          Filter: (note = ANY ('{(writer),"(head writer)","(written by)",(story),"(story editor)"}'::text[]))
                          Rows Removed by Filter: 39
              ->  Index Scan using name_pkey on name n  (cost=0.00..2.00 rows=1 width=4) (actual time=0.003..0.003 rows=1 loops=54155)
                    Index Cond: (id = ci.person_id)
                    Filter: ((gender)::text = 'm'::text)
                    Rows Removed by Filter: 0
        ->  Index Scan using title_pkey on title t  (cost=0.00..2.00 rows=1 width=21) (actual time=0.002..0.002 rows=1 loops=28073)
              Index Cond: (id = mi.movie_id)
Planning time: 2.190 ms
Execution time: 5729.857 ms
