Aggregate  (cost=589167.00..589168.00 rows=1 width=64) (actual time=13966.921..13966.921 rows=1 loops=1)
  ->  Nested Loop  (cost=0.00..589167.00 rows=3 width=32) (actual time=137.108..13965.691 rows=3575 loops=1)
        ->  Nested Loop  (cost=0.00..589155.00 rows=2 width=40) (actual time=137.096..13958.075 rows=2632 loops=1)
              ->  Nested Loop  (cost=0.00..589145.00 rows=5 width=44) (actual time=137.082..13950.289 rows=2830 loops=1)
                    ->  Nested Loop  (cost=0.00..589041.00 rows=50 width=48) (actual time=137.076..13946.224 rows=2830 loops=1)
                          ->  Nested Loop  (cost=0.00..588143.00 rows=449 width=29) (actual time=2.538..13119.850 rows=436929 loops=1)
                                ->  Nested Loop  (cost=0.00..502222.00 rows=1177 width=29) (actual time=0.047..4022.100 rows=391371 loops=1)
                                      ->  Nested Loop  (cost=0.00..494872.00 rows=3675 width=33) (actual time=0.043..2528.377 rows=804282 loops=1)
                                            ->  Nested Loop  (cost=0.00..442777.00 rows=3473 width=25) (actual time=0.037..1676.485 rows=424568 loops=1)
                                                  ->  Nested Loop  (cost=0.00..430615.00 rows=6081 width=4) (actual time=0.031..734.527 rows=451039 loops=1)
                                                        ->  Seq Scan on info_type it  (cost=0.00..113.00 rows=1 width=4) (actual time=0.012..0.020 rows=1 loops=1)
                                                              Filter: ((info)::text = 'release dates'::text)
                                                              Rows Removed by Filter: 112
                                                        ->  Index Scan using info_type_id_movie_info on movie_info mi  (cost=0.00..423878.00 rows=6624 width=8) (actual time=0.019..690.368 rows=451039 loops=1)
                                                              Index Cond: (info_type_id = it.id)
                                                              Filter: ((info IS NOT NULL) AND ((info ~~ 'Japan:%200%'::text) OR (info ~~ 'USA:%200%'::text)))
                                                              Rows Removed by Filter: 2585680
                                                  ->  Index Scan using title_pkey on title t  (cost=0.00..2.00 rows=1 width=21) (actual time=0.002..0.002 rows=1 loops=451039)
                                                        Index Cond: (id = mi.movie_id)
                                                        Filter: (production_year > 2000)
                                                        Rows Removed by Filter: 0
                                            ->  Index Scan using movie_id_movie_companies on movie_companies mc  (cost=0.00..10.00 rows=5 width=8) (actual time=0.001..0.002 rows=2 loops=424568)
                                                  Index Cond: (movie_id = t.id)
                                      ->  Index Scan using company_name_pkey on company_name cn  (cost=0.00..2.00 rows=1 width=4) (actual time=0.002..0.002 rows=0 loops=804282)
                                            Index Cond: (id = mc.company_id)
                                            Filter: ((country_code)::text = '[us]'::text)
                                            Rows Removed by Filter: 1
                                ->  Index Scan using movie_id_cast_info on cast_info ci  (cost=0.00..72.00 rows=1 width=16) (actual time=0.019..0.023 rows=1 loops=391371)
                                      Index Cond: (movie_id = t.id)
                                      Filter: (note = ANY ('{(voice),"(voice: Japanese version)","(voice) (uncredited)","(voice: English version)"}'::text[]))
                                      Rows Removed by Filter: 48
                          ->  Index Scan using name_pkey on name n  (cost=0.00..2.00 rows=1 width=19) (actual time=0.002..0.002 rows=0 loops=436929)
                                Index Cond: (id = ci.person_id)
                                Filter: ((name ~~ '%An%'::text) AND ((gender)::text = 'f'::text))
                                Rows Removed by Filter: 1
                    ->  Index Scan using role_type_pkey on role_type rt  (cost=0.00..2.00 rows=1 width=4) (actual time=0.001..0.001 rows=1 loops=2830)
                          Index Cond: (id = ci.role_id)
                          Filter: ((role)::text = 'actress'::text)
              ->  Index Only Scan using char_name_pkey on char_name chn  (cost=0.00..2.00 rows=1 width=4) (actual time=0.002..0.002 rows=1 loops=2830)
                    Index Cond: (id = ci.person_role_id)
                    Heap Fetches: 2632
        ->  Index Only Scan using person_id_aka_name on aka_name an  (cost=0.00..4.00 rows=2 width=4) (actual time=0.002..0.002 rows=1 loops=2632)
              Index Cond: (person_id = n.id)
              Heap Fetches: 3575
Planning time: 11.847 ms
Execution time: 13967.016 ms
