Aggregate  (cost=2773214.00..2773215.00 rows=1 width=68) (actual time=1092.654..1092.654 rows=1 loops=1)
  ->  Nested Loop  (cost=114.00..2773214.00 rows=3715 width=45) (actual time=495.161..1092.463 rows=142 loops=1)
        ->  Hash Join  (cost=114.00..2765768.00 rows=3723 width=32) (actual time=492.170..950.098 rows=142 loops=1)
              Hash Cond: (mi_idx.info_type_id = it.id)
              ->  Nested Loop  (cost=0.00..2747203.00 rows=18616 width=36) (actual time=7.037..944.946 rows=62017 loops=1)
                    ->  Nested Loop  (cost=0.00..2615200.00 rows=14667 width=28) (actual time=4.605..349.877 rows=28657 loops=1)
                          ->  Seq Scan on company_type ct  (cost=0.00..4.00 rows=1 width=4) (actual time=0.004..0.007 rows=1 loops=1)
                                Filter: ((kind)::text = 'production companies'::text)
                                Rows Removed by Filter: 3
                          ->  Index Scan using company_type_id_movie_companies on movie_companies mc  (cost=0.00..2609128.00 rows=6068 width=32) (actual time=4.598..346.658 rows=28657 loops=1)
                                Index Cond: (company_type_id = ct.id)
                                Filter: ((note !~~ '%(as Metro-Goldwyn-Mayer Pictures)%'::text) AND ((note ~~ '%(co-production)%'::text) OR (note ~~ '%(presents)%'::text)))
                                Rows Removed by Filter: 1306226
                    ->  Index Scan using movie_id_movie_info_idx on movie_info_idx mi_idx  (cost=0.00..6.00 rows=3 width=8) (actual time=0.020..0.020 rows=2 loops=28657)
                          Index Cond: (movie_id = mc.movie_id)
              ->  Hash  (cost=113.00..113.00 rows=1 width=4) (actual time=0.013..0.013 rows=1 loops=1)
                    Buckets: 1024  Batches: 1  Memory Usage: 9kB
                    ->  Seq Scan on info_type it  (cost=0.00..113.00 rows=1 width=4) (actual time=0.010..0.010 rows=1 loops=1)
                          Filter: ((info)::text = 'top 250 rank'::text)
                          Rows Removed by Filter: 112
        ->  Index Scan using title_pkey on title t  (cost=0.00..2.00 rows=1 width=25) (actual time=1.002..1.002 rows=1 loops=142)
              Index Cond: (id = mc.movie_id)
Planning time: 0.912 ms
Execution time: 1092.722 ms
