Aggregate  (cost=2474944.00..2474945.00 rows=1 width=68) (actual time=0.146..0.146 rows=1 loops=1)
  ->  Merge Join  (cost=2418098.00..2474944.00 rows=113692 width=45) (actual time=0.139..0.140 rows=3 loops=1)
        Merge Cond: (mc.company_type_id = ct.id)
        ->  Sort  (cost=2418094.00..2418094.00 rows=227385 width=49) (actual time=0.122..0.125 rows=66 loops=1)
              Sort Key: mc.company_type_id
              Sort Method: quicksort  Memory: 33kB
              ->  Nested Loop  (cost=0.00..2418094.00 rows=227385 width=49) (actual time=0.045..0.101 rows=66 loops=1)
                    ->  Nested Loop  (cost=0.00..1380148.00 rows=79842 width=29) (actual time=0.040..0.055 rows=4 loops=1)
                          ->  Nested Loop  (cost=0.00..828134.00 rows=276007 width=4) (actual time=0.014..0.018 rows=10 loops=1)
                                ->  Seq Scan on info_type it  (cost=0.00..113.00 rows=1 width=4) (actual time=0.011..0.011 rows=1 loops=1)
                                      Filter: ((info)::text = 'bottom 10 rank'::text)
                                      Rows Removed by Filter: 112
                                ->  Index Scan using info_type_id_movie_info_idx on movie_info_idx mi_idx  (cost=0.00..552014.00 rows=276007 width=8) (actual time=0.003..0.005 rows=10 loops=1)
                                      Index Cond: (info_type_id = it.id)
                          ->  Index Scan using title_pkey on title t  (cost=0.00..2.00 rows=1 width=25) (actual time=0.003..0.003 rows=0 loops=10)
                                Index Cond: (id = mi_idx.movie_id)
                                Filter: ((production_year >= 2005) AND (production_year <= 2010))
                                Rows Removed by Filter: 1
                    ->  Index Scan using movie_id_movie_companies on movie_companies mc  (cost=0.00..10.00 rows=3 width=32) (actual time=0.004..0.010 rows=16 loops=4)
                          Index Cond: (movie_id = t.id)
                          Filter: (note !~~ '%(as Metro-Goldwyn-Mayer Pictures)%'::text)
                          Rows Removed by Filter: 2
        ->  Sort  (cost=4.00..4.00 rows=1 width=4) (actual time=0.008..0.008 rows=1 loops=1)
              Sort Key: ct.id
              Sort Method: quicksort  Memory: 25kB
              ->  Seq Scan on company_type ct  (cost=0.00..4.00 rows=1 width=4) (actual time=0.002..0.002 rows=1 loops=1)
                    Filter: ((kind)::text = 'production companies'::text)
                    Rows Removed by Filter: 3
Planning time: 0.844 ms
Execution time: 0.184 ms
