Aggregate  (cost=2670025.00..2670026.00 rows=1 width=68) (actual time=235.421..235.421 rows=1 loops=1)
  ->  Nested Loop  (cost=0.00..2670025.00 rows=850 width=45) (actual time=134.462..235.411 rows=3 loops=1)
        ->  Nested Loop  (cost=0.00..2661485.00 rows=4251 width=49) (actual time=4.342..229.311 rows=7374 loops=1)
              ->  Nested Loop  (cost=0.00..2631326.00 rows=3351 width=53) (actual time=0.967..220.972 rows=3876 loops=1)
                    ->  Nested Loop  (cost=0.00..2613192.00 rows=9067 width=28) (actual time=0.095..188.352 rows=17811 loops=1)
                          ->  Seq Scan on company_type ct  (cost=0.00..4.00 rows=1 width=4) (actual time=0.004..0.006 rows=1 loops=1)
                                Filter: ((kind)::text = 'production companies'::text)
                                Rows Removed by Filter: 3
                          ->  Index Scan using company_type_id_movie_companies on movie_companies mc  (cost=0.00..2609128.00 rows=4060 width=32) (actual time=0.090..186.605 rows=17811 loops=1)
                                Index Cond: (company_type_id = ct.id)
                                Filter: ((note !~~ '%(as Metro-Goldwyn-Mayer Pictures)%'::text) AND (note ~~ '%(co-production)%'::text))
                                Rows Removed by Filter: 1317072
                    ->  Index Scan using title_pkey on title t  (cost=0.00..2.00 rows=1 width=25) (actual time=0.002..0.002 rows=0 loops=17811)
                          Index Cond: (id = mc.movie_id)
                          Filter: (production_year > 2010)
                          Rows Removed by Filter: 1
              ->  Index Scan using movie_id_movie_info_idx on movie_info_idx mi_idx  (cost=0.00..6.00 rows=3 width=8) (actual time=0.002..0.002 rows=2 loops=3876)
                    Index Cond: (movie_id = t.id)
        ->  Index Scan using info_type_pkey on info_type it  (cost=0.00..2.00 rows=1 width=4) (actual time=0.001..0.001 rows=0 loops=7374)
              Index Cond: (id = mi_idx.info_type_id)
              Filter: ((info)::text = 'top 250 rank'::text)
              Rows Removed by Filter: 1
Planning time: 0.922 ms
Execution time: 235.467 ms
