Aggregate  (cost=144257.34..144258.34 rows=1 width=32) (actual time=9200.785..9200.785 rows=1 loops=1)
  ->  Nested Loop  (cost=0.00..144257.34 rows=1 width=17) (actual time=637.774..9200.736 rows=33 loops=1)
        ->  Nested Loop  (cost=0.00..144255.34 rows=1 width=21) (actual time=637.763..9200.540 rows=33 loops=1)
              ->  Nested Loop  (cost=0.00..144252.01 rows=1 width=25) (actual time=637.758..9200.478 rows=33 loops=1)
                    ->  Nested Loop  (cost=0.00..144074.00 rows=89 width=29) (actual time=28.539..981.115 rows=532809 loops=1)
                          ->  Nested Loop  (cost=0.00..143426.00 rows=6 width=33) (actual time=28.526..363.313 rows=6016 loops=1)
                                ->  Nested Loop  (cost=0.00..143353.00 rows=34 width=37) (actual time=2.491..355.401 rows=7363 loops=1)
                                      ->  Nested Loop  (cost=0.00..143279.00 rows=37 width=12) (actual time=2.485..323.956 rows=8765 loops=1)
                                            ->  Nested Loop  (cost=0.00..143110.00 rows=75 width=16) (actual time=2.481..311.190 rows=12810 loops=1)
                                                  ->  Nested Loop  (cost=0.00..141490.00 rows=270 width=4) (actual time=0.107..54.257 rows=35548 loops=1)
                                                        ->  Seq Scan on keyword k  (cost=0.00..134170.00 rows=8 width=4) (actual time=0.093..23.333 rows=8 loops=1)
                                                              Filter: (keyword = ANY ('{superhero,sequel,second-part,marvel-comics,based-on-comic,tv-special,fight,violence}'::text[]))
                                                              Rows Removed by Filter: 134162
                                                        ->  Index Scan using keyword_id_movie_keyword on movie_keyword mk  (cost=0.00..610.00 rows=305 width=8) (actual time=0.008..3.329 rows=4444 loops=8)
                                                              Index Cond: (keyword_id = k.id)
                                                  ->  Index Scan using movie_id_complete_cast on complete_cast cc  (cost=0.00..4.00 rows=2 width=12) (actual time=0.005..0.007 rows=0 loops=35548)
                                                        Index Cond: (movie_id = mk.movie_id)
                                            ->  Index Scan using comp_cast_type_pkey on comp_cast_type cct1  (cost=0.00..2.00 rows=1 width=4) (actual time=0.001..0.001 rows=1 loops=12810)
                                                  Index Cond: (id = cc.subject_id)
                                                  Filter: ((kind)::text = 'cast'::text)
                                                  Rows Removed by Filter: 0
                                      ->  Index Scan using title_pkey on title t  (cost=0.00..2.00 rows=1 width=25) (actual time=0.003..0.003 rows=1 loops=8765)
                                            Index Cond: (id = mk.movie_id)
                                            Filter: (production_year > 1950)
                                            Rows Removed by Filter: 0
                                ->  Index Scan using kind_type_pkey on kind_type kt  (cost=0.00..2.00 rows=1 width=4) (actual time=0.001..0.001 rows=1 loops=7363)
                                      Index Cond: (id = t.kind_id)
                                      Filter: ((kind)::text = 'movie'::text)
                                      Rows Removed by Filter: 0
                          ->  Index Scan using movie_id_cast_info on cast_info ci  (cost=0.00..72.00 rows=36 width=12) (actual time=0.005..0.090 rows=89 loops=6016)
                                Index Cond: (movie_id = t.id)
                    ->  Index Scan using char_name_pkey on char_name chn  (cost=0.00..2.00 rows=1 width=4) (actual time=0.015..0.015 rows=0 loops=532809)
                          Index Cond: (id = ci.person_role_id)
                          Filter: ((name !~~ '%Sherlock%'::text) AND ((name ~~ '%Tony%Stark%'::text) OR (name ~~ '%Iron%Man%'::text)))
                          Rows Removed by Filter: 0
              ->  Index Scan using comp_cast_type_pkey on comp_cast_type cct2  (cost=0.00..2.00 rows=1 width=4) (actual time=0.001..0.001 rows=1 loops=33)
                    Index Cond: (id = cc.status_id)
                    Filter: ((kind)::text ~~ '%complete%'::text)
        ->  Index Only Scan using name_pkey on name n  (cost=0.00..2.00 rows=1 width=4) (actual time=0.005..0.005 rows=1 loops=33)
              Index Cond: (id = ci.person_id)
              Heap Fetches: 33
Planning time: 7.429 ms
Execution time: 9200.858 ms
