Aggregate  (cost=50818.00..50819.00 rows=1 width=96) (actual time=79.284..79.284 rows=1 loops=1)
  ->  Nested Loop  (cost=35208.00..50818.00 rows=1 width=48) (actual time=21.598..79.261 rows=38 loops=1)
        ->  Nested Loop  (cost=35208.00..50732.00 rows=42 width=52) (actual time=21.570..77.550 rows=1215 loops=1)
              ->  Nested Loop  (cost=35208.00..49787.00 rows=7 width=64) (actual time=21.282..72.321 rows=442 loops=1)
                    ->  Nested Loop  (cost=35208.00..37547.00 rows=144 width=60) (actual time=8.826..12.267 rows=483 loops=1)
                          ->  Merge Join  (cost=35208.00..36107.00 rows=720 width=45) (actual time=8.819..9.247 rows=1762 loops=1)
                                Merge Cond: (mc.company_type_id = ct.id)
                                ->  Sort  (cost=35204.00..35204.00 rows=3596 width=49) (actual time=8.775..8.886 rows=1989 loops=1)
                                      Sort Key: mc.company_type_id
                                      Sort Method: quicksort  Memory: 250kB
                                      ->  Nested Loop  (cost=0.00..35204.00 rows=3596 width=49) (actual time=0.033..8.326 rows=1989 loops=1)
                                            ->  Nested Loop  (cost=0.00..18018.00 rows=1322 width=37) (actual time=0.026..5.367 rows=1007 loops=1)
                                                  ->  Nested Loop  (cost=0.00..11268.00 rows=3375 width=16) (actual time=0.019..0.908 rows=2315 loops=1)
                                                        ->  Seq Scan on link_type lt  (cost=0.00..18.00 rows=2 width=16) (actual time=0.006..0.010 rows=2 loops=1)
                                                              Filter: ((link)::text ~~ '%follow%'::text)
                                                              Rows Removed by Filter: 16
                                                        ->  Index Scan using link_type_id_movie_link on movie_link ml  (cost=0.00..3750.00 rows=1875 width=8) (actual time=0.009..0.301 rows=1158 loops=2)
                                                              Index Cond: (link_type_id = lt.id)
                                                  ->  Index Scan using title_pkey on title t  (cost=0.00..2.00 rows=1 width=21) (actual time=0.002..0.002 rows=0 loops=2315)
                                                        Index Cond: (id = ml.movie_id)
                                                        Filter: ((production_year >= 2000) AND (production_year <= 2010))
                                                        Rows Removed by Filter: 1
                                            ->  Index Scan using movie_id_movie_companies on movie_companies mc  (cost=0.00..10.00 rows=3 width=12) (actual time=0.002..0.003 rows=2 loops=1007)
                                                  Index Cond: (movie_id = ml.movie_id)
                                                  Filter: (note IS NULL)
                                                  Rows Removed by Filter: 3
                                ->  Sort  (cost=4.00..4.00 rows=1 width=4) (actual time=0.009..0.009 rows=1 loops=1)
                                      Sort Key: ct.id
                                      Sort Method: quicksort  Memory: 25kB
                                      ->  Seq Scan on company_type ct  (cost=0.00..4.00 rows=1 width=4) (actual time=0.004..0.005 rows=1 loops=1)
                                            Filter: ((kind)::text = 'production companies'::text)
                                            Rows Removed by Filter: 3
                          ->  Index Scan using company_name_pkey on company_name cn  (cost=0.00..2.00 rows=1 width=23) (actual time=0.002..0.002 rows=0 loops=1762)
                                Index Cond: (id = mc.company_id)
                                Filter: (((country_code)::text <> '[pl]'::text) AND ((name ~~ '%Film%'::text) OR (name ~~ '%Warner%'::text)))
                                Rows Removed by Filter: 1
                    ->  Index Scan using movie_id_movie_info on movie_info mi  (cost=0.00..84.00 rows=1 width=4) (actual time=0.120..0.124 rows=1 loops=483)
                          Index Cond: (movie_id = ml.movie_id)
                          Filter: (info = ANY ('{Germany,German}'::text[]))
                          Rows Removed by Filter: 14
              ->  Index Scan using movie_id_movie_keyword on movie_keyword mk  (cost=0.00..90.00 rows=45 width=8) (actual time=0.011..0.011 rows=3 loops=442)
                    Index Cond: (movie_id = ml.movie_id)
        ->  Index Scan using keyword_pkey on keyword k  (cost=0.00..2.00 rows=1 width=4) (actual time=0.001..0.001 rows=0 loops=1215)
              Index Cond: (id = mk.keyword_id)
              Filter: (keyword = 'sequel'::text)
              Rows Removed by Filter: 1
Planning time: 7.527 ms
Execution time: 79.364 ms
