Aggregate  (cost=88847.00..88848.00 rows=1 width=96) (actual time=92.514..92.514 rows=1 loops=1)
  ->  Nested Loop  (cost=48689.00..88847.00 rows=1 width=48) (actual time=16.075..91.947 rows=1874 loops=1)
        ->  Nested Loop  (cost=48689.00..87761.00 rows=542 width=52) (actual time=13.049..48.390 rows=33031 loops=1)
              ->  Nested Loop  (cost=48689.00..76151.00 rows=86 width=64) (actual time=13.043..30.578 rows=3966 loops=1)
                    ->  Nested Loop  (cost=48689.00..52139.00 rows=276 width=60) (actual time=13.023..21.121 rows=1130 loops=1)
                          ->  Merge Join  (cost=48689.00..49379.00 rows=1380 width=45) (actual time=12.831..13.905 rows=4339 loops=1)
                                Merge Cond: (mc.company_type_id = ct.id)
                                ->  Sort  (cost=48685.00..48685.00 rows=2759 width=49) (actual time=12.726..13.021 rows=5015 loops=1)
                                      Sort Key: mc.company_type_id
                                      Sort Method: quicksort  Memory: 712kB
                                      ->  Nested Loop  (cost=0.00..48685.00 rows=2759 width=49) (actual time=0.029..11.612 rows=5015 loops=1)
                                            ->  Nested Loop  (cost=0.00..18018.00 rows=2359 width=37) (actual time=0.024..5.239 rows=2248 loops=1)
                                                  ->  Nested Loop  (cost=0.00..11268.00 rows=3375 width=16) (actual time=0.018..0.846 rows=2315 loops=1)
                                                        ->  Seq Scan on link_type lt  (cost=0.00..18.00 rows=2 width=16) (actual time=0.005..0.009 rows=2 loops=1)
                                                              Filter: ((link)::text ~~ '%follow%'::text)
                                                              Rows Removed by Filter: 16
                                                        ->  Index Scan using link_type_id_movie_link on movie_link ml  (cost=0.00..3750.00 rows=1875 width=8) (actual time=0.009..0.267 rows=1158 loops=2)
                                                              Index Cond: (link_type_id = lt.id)
                                                  ->  Index Scan using title_pkey on title t  (cost=0.00..2.00 rows=1 width=21) (actual time=0.002..0.002 rows=1 loops=2315)
                                                        Index Cond: (id = ml.movie_id)
                                                        Filter: ((production_year >= 1950) AND (production_year <= 2010))
                                                        Rows Removed by Filter: 0
                                            ->  Index Scan using movie_id_movie_companies on movie_companies mc  (cost=0.00..10.00 rows=3 width=12) (actual time=0.002..0.002 rows=2 loops=2248)
                                                  Index Cond: (movie_id = ml.movie_id)
                                                  Filter: (note IS NULL)
                                                  Rows Removed by Filter: 2
                                ->  Sort  (cost=4.00..4.00 rows=1 width=4) (actual time=0.008..0.008 rows=1 loops=1)
                                      Sort Key: ct.id
                                      Sort Method: quicksort  Memory: 25kB
                                      ->  Seq Scan on company_type ct  (cost=0.00..4.00 rows=1 width=4) (actual time=0.004..0.004 rows=1 loops=1)
                                            Filter: ((kind)::text = 'production companies'::text)
                                            Rows Removed by Filter: 3
                          ->  Index Scan using company_name_pkey on company_name cn  (cost=0.00..2.00 rows=1 width=23) (actual time=0.001..0.001 rows=0 loops=4339)
                                Index Cond: (id = mc.company_id)
                                Filter: (((country_code)::text <> '[pl]'::text) AND ((name ~~ '%Film%'::text) OR (name ~~ '%Warner%'::text)))
                                Rows Removed by Filter: 1
                    ->  Index Scan using movie_id_movie_info on movie_info mi  (cost=0.00..84.00 rows=3 width=4) (actual time=0.006..0.008 rows=4 loops=1130)
                          Index Cond: (movie_id = ml.movie_id)
                          Filter: (info = ANY ('{Sweden,Norway,Germany,Denmark,Swedish,Denish,Norwegian,German,English}'::text[]))
                          Rows Removed by Filter: 14
              ->  Index Scan using movie_id_movie_keyword on movie_keyword mk  (cost=0.00..90.00 rows=45 width=8) (actual time=0.002..0.003 rows=8 loops=3966)
                    Index Cond: (movie_id = ml.movie_id)
        ->  Index Scan using keyword_pkey on keyword k  (cost=0.00..2.00 rows=1 width=4) (actual time=0.001..0.001 rows=0 loops=33031)
              Index Cond: (id = mk.keyword_id)
              Filter: (keyword = 'sequel'::text)
              Rows Removed by Filter: 1
Planning time: 7.438 ms
Execution time: 92.584 ms
