Aggregate  (cost=138708.80..138709.80 rows=1 width=96) (actual time=355.029..355.029 rows=1 loops=1)
  ->  Nested Loop  (cost=0.00..138708.80 rows=1 width=41) (actual time=3.965..354.010 rows=2851 loops=1)
        ->  Nested Loop  (cost=0.00..138704.80 rows=1 width=45) (actual time=3.962..350.613 rows=3042 loops=1)
              ->  Nested Loop  (cost=0.00..138618.80 rows=1 width=57) (actual time=1.407..230.417 rows=2958 loops=1)
                    ->  Nested Loop  (cost=0.00..138616.00 rows=1 width=61) (actual time=1.402..227.075 rows=2958 loops=1)
                          ->  Nested Loop  (cost=0.00..138596.00 rows=9 width=65) (actual time=1.395..215.350 rows=11112 loops=1)
                                ->  Nested Loop  (cost=0.00..138560.00 rows=4 width=52) (actual time=1.386..201.637 rows=4302 loops=1)
                                      ->  Nested Loop  (cost=0.00..138544.00 rows=8 width=37) (actual time=1.380..188.500 rows=4808 loops=1)
                                            ->  Nested Loop  (cost=0.00..138496.00 rows=24 width=41) (actual time=0.894..182.748 rows=5186 loops=1)
                                                  ->  Nested Loop  (cost=0.00..138100.00 rows=36 width=29) (actual time=0.839..144.589 rows=5606 loops=1)
                                                        ->  Nested Loop  (cost=0.00..137830.00 rows=135 width=4) (actual time=0.812..47.082 rows=37091 loops=1)
                                                              ->  Seq Scan on keyword k  (cost=0.00..134170.00 rows=4 width=4) (actual time=0.801..15.163 rows=3 loops=1)
                                                                    Filter: (keyword = ANY ('{murder,murder-in-title,blood,violence}'::text[]))
                                                                    Rows Removed by Filter: 134167
                                                              ->  Index Scan using keyword_id_movie_keyword on movie_keyword mk  (cost=0.00..610.00 rows=305 width=8) (actual time=0.009..9.154 rows=12364 loops=3)
                                                                    Index Cond: (keyword_id = k.id)
                                                        ->  Index Scan using title_pkey on title t  (cost=0.00..2.00 rows=1 width=25) (actual time=0.002..0.002 rows=0 loops=37091)
                                                              Index Cond: (id = mk.movie_id)
                                                              Filter: (production_year > 2008)
                                                              Rows Removed by Filter: 1
                                                  ->  Index Scan using movie_id_movie_companies on movie_companies mc  (cost=0.00..10.00 rows=1 width=12) (actual time=0.006..0.006 rows=1 loops=5606)
                                                        Index Cond: (movie_id = t.id)
                                                        Filter: ((note !~~ '%(USA)%'::text) AND (note ~~ '%(200%)%'::text))
                                                        Rows Removed by Filter: 8
                                            ->  Index Scan using kind_type_pkey on kind_type kt  (cost=0.00..2.00 rows=1 width=4) (actual time=0.001..0.001 rows=1 loops=5186)
                                                  Index Cond: (id = t.kind_id)
                                                  Filter: ((kind)::text = ANY ('{movie,episode}'::text[]))
                                                  Rows Removed by Filter: 0
                                      ->  Index Scan using company_name_pkey on company_name cn  (cost=0.00..2.00 rows=1 width=23) (actual time=0.002..0.002 rows=1 loops=4808)
                                            Index Cond: (id = mc.company_id)
                                            Filter: ((country_code)::text <> '[us]'::text)
                                            Rows Removed by Filter: 0
                                ->  Index Scan using movie_id_movie_info_idx on movie_info_idx mi_idx  (cost=0.00..6.00 rows=3 width=13) (actual time=0.002..0.003 rows=3 loops=4302)
                                      Index Cond: (movie_id = t.id)
                                      Filter: (info < '7.0'::text)
                                      Rows Removed by Filter: 0
                          ->  Index Scan using info_type_pkey on info_type it2  (cost=0.00..2.00 rows=1 width=4) (actual time=0.001..0.001 rows=0 loops=11112)
                                Index Cond: (id = mi_idx.info_type_id)
                                Filter: ((info)::text = 'rating'::text)
                                Rows Removed by Filter: 1
                    ->  Index Only Scan using company_type_pkey on company_type ct  (cost=0.00..2.00 rows=1 width=4) (actual time=0.001..0.001 rows=1 loops=2958)
                          Index Cond: (id = mc.company_type_id)
                          Heap Fetches: 2958
              ->  Index Scan using movie_id_movie_info on movie_info mi  (cost=0.00..84.00 rows=2 width=8) (actual time=0.037..0.040 rows=1 loops=2958)
                    Index Cond: (movie_id = t.id)
                    Filter: (info = ANY ('{Germany,German,USA,American}'::text[]))
                    Rows Removed by Filter: 155
        ->  Index Scan using info_type_pkey on info_type it1  (cost=0.00..2.00 rows=1 width=4) (actual time=0.001..0.001 rows=1 loops=3042)
              Index Cond: (id = mi.info_type_id)
              Filter: ((info)::text = 'countries'::text)
              Rows Removed by Filter: 0
Planning time: 19.332 ms
Execution time: 355.132 ms
