Aggregate  (cost=138604.80..138605.80 rows=1 width=96) (actual time=161.267..161.267 rows=1 loops=1)
  ->  Nested Loop  (cost=0.00..138604.80 rows=1 width=41) (actual time=4.073..161.238 rows=31 loops=1)
        ->  Nested Loop  (cost=0.00..138600.80 rows=1 width=45) (actual time=4.071..161.193 rows=34 loops=1)
              ->  Nested Loop  (cost=0.00..138514.80 rows=1 width=57) (actual time=4.051..159.797 rows=50 loops=1)
                    ->  Nested Loop  (cost=0.00..138512.00 rows=1 width=61) (actual time=4.047..159.710 rows=50 loops=1)
                          ->  Nested Loop  (cost=0.00..138496.00 rows=7 width=65) (actual time=4.041..159.508 rows=153 loops=1)
                                ->  Nested Loop  (cost=0.00..138469.00 rows=3 width=52) (actual time=4.034..159.153 rows=62 loops=1)
                                      ->  Nested Loop  (cost=0.00..138457.00 rows=6 width=37) (actual time=4.028..158.766 rows=95 loops=1)
                                            ->  Nested Loop  (cost=0.00..138419.00 rows=19 width=41) (actual time=0.879..158.592 rows=123 loops=1)
                                                  ->  Nested Loop  (cost=0.00..138100.00 rows=29 width=29) (actual time=0.827..134.558 rows=4040 loops=1)
                                                        ->  Nested Loop  (cost=0.00..137830.00 rows=135 width=4) (actual time=0.801..46.099 rows=37091 loops=1)
                                                              ->  Seq Scan on keyword k  (cost=0.00..134170.00 rows=4 width=4) (actual time=0.791..16.068 rows=3 loops=1)
                                                                    Filter: (keyword = ANY ('{murder,murder-in-title,blood,violence}'::text[]))
                                                                    Rows Removed by Filter: 134167
                                                              ->  Index Scan using keyword_id_movie_keyword on movie_keyword mk  (cost=0.00..610.00 rows=305 width=8) (actual time=0.008..8.629 rows=12364 loops=3)
                                                                    Index Cond: (keyword_id = k.id)
                                                        ->  Index Scan using title_pkey on title t  (cost=0.00..2.00 rows=1 width=25) (actual time=0.002..0.002 rows=0 loops=37091)
                                                              Index Cond: (id = mk.movie_id)
                                                              Filter: (production_year > 2009)
                                                              Rows Removed by Filter: 1
                                                  ->  Index Scan using movie_id_movie_companies on movie_companies mc  (cost=0.00..10.00 rows=1 width=12) (actual time=0.006..0.006 rows=0 loops=4040)
                                                        Index Cond: (movie_id = t.id)
                                                        Filter: ((note !~~ '%(USA)%'::text) AND (note ~~ '%(200%)%'::text))
                                                        Rows Removed by Filter: 8
                                            ->  Index Scan using kind_type_pkey on kind_type kt  (cost=0.00..2.00 rows=1 width=4) (actual time=0.001..0.001 rows=1 loops=123)
                                                  Index Cond: (id = t.kind_id)
                                                  Filter: ((kind)::text = ANY ('{movie,episode}'::text[]))
                                                  Rows Removed by Filter: 0
                                      ->  Index Scan using company_name_pkey on company_name cn  (cost=0.00..2.00 rows=1 width=23) (actual time=0.004..0.004 rows=1 loops=95)
                                            Index Cond: (id = mc.company_id)
                                            Filter: ((country_code)::text <> '[us]'::text)
                                            Rows Removed by Filter: 0
                                ->  Index Scan using movie_id_movie_info_idx on movie_info_idx mi_idx  (cost=0.00..6.00 rows=3 width=13) (actual time=0.004..0.005 rows=2 loops=62)
                                      Index Cond: (movie_id = t.id)
                                      Filter: (info < '7.0'::text)
                                      Rows Removed by Filter: 0
                          ->  Index Scan using info_type_pkey on info_type it2  (cost=0.00..2.00 rows=1 width=4) (actual time=0.001..0.001 rows=0 loops=153)
                                Index Cond: (id = mi_idx.info_type_id)
                                Filter: ((info)::text = 'rating'::text)
                                Rows Removed by Filter: 1
                    ->  Index Only Scan using company_type_pkey on company_type ct  (cost=0.00..2.00 rows=1 width=4) (actual time=0.001..0.001 rows=1 loops=50)
                          Index Cond: (id = mc.company_type_id)
                          Heap Fetches: 50
              ->  Index Scan using movie_id_movie_info on movie_info mi  (cost=0.00..84.00 rows=2 width=8) (actual time=0.026..0.027 rows=1 loops=50)
                    Index Cond: (movie_id = t.id)
                    Filter: (info = ANY ('{Germany,German,USA,American}'::text[]))
                    Rows Removed by Filter: 53
        ->  Index Scan using info_type_pkey on info_type it1  (cost=0.00..2.00 rows=1 width=4) (actual time=0.001..0.001 rows=1 loops=34)
              Index Cond: (id = mi.info_type_id)
              Filter: ((info)::text = 'countries'::text)
              Rows Removed by Filter: 0
Planning time: 19.284 ms
Execution time: 161.362 ms
