Aggregate  (cost=138992.80..138993.80 rows=1 width=96) (actual time=1953.732..1953.732 rows=1 loops=1)
  ->  Nested Loop  (cost=0.00..138992.80 rows=1 width=41) (actual time=1.433..1946.276 rows=21489 loops=1)
        ->  Nested Loop  (cost=0.00..138988.80 rows=1 width=45) (actual time=1.430..1919.155 rows=24612 loops=1)
              ->  Nested Loop  (cost=0.00..138902.80 rows=1 width=57) (actual time=1.413..499.753 rows=23425 loops=1)
                    ->  Nested Loop  (cost=0.00..138900.00 rows=1 width=61) (actual time=1.409..474.710 rows=23425 loops=1)
                          ->  Nested Loop  (cost=0.00..138866.00 rows=16 width=65) (actual time=1.220..401.153 rows=70200 loops=1)
                                ->  Nested Loop  (cost=0.00..138812.00 rows=6 width=52) (actual time=1.212..326.506 rows=23902 loops=1)
                                      ->  Nested Loop  (cost=0.00..138788.00 rows=12 width=37) (actual time=1.207..258.590 rows=25853 loops=1)
                                            ->  Nested Loop  (cost=0.00..138716.00 rows=36 width=41) (actual time=0.880..226.901 rows=28679 loops=1)
                                                  ->  Nested Loop  (cost=0.00..138100.00 rows=56 width=29) (actual time=0.816..154.148 rows=9739 loops=1)
                                                        ->  Nested Loop  (cost=0.00..137830.00 rows=135 width=4) (actual time=0.811..49.938 rows=37091 loops=1)
                                                              ->  Seq Scan on keyword k  (cost=0.00..134170.00 rows=4 width=4) (actual time=0.801..15.890 rows=3 loops=1)
                                                                    Filter: (keyword = ANY ('{murder,murder-in-title,blood,violence}'::text[]))
                                                                    Rows Removed by Filter: 134167
                                                              ->  Index Scan using keyword_id_movie_keyword on movie_keyword mk  (cost=0.00..610.00 rows=305 width=8) (actual time=0.008..9.797 rows=12364 loops=3)
                                                                    Index Cond: (keyword_id = k.id)
                                                        ->  Index Scan using title_pkey on title t  (cost=0.00..2.00 rows=1 width=25) (actual time=0.003..0.003 rows=0 loops=37091)
                                                              Index Cond: (id = mk.movie_id)
                                                              Filter: (production_year > 2005)
                                                              Rows Removed by Filter: 1
                                                  ->  Index Scan using movie_id_movie_companies on movie_companies mc  (cost=0.00..10.00 rows=1 width=12) (actual time=0.005..0.007 rows=3 loops=9739)
                                                        Index Cond: (movie_id = t.id)
                                                        Filter: ((note !~~ '%(USA)%'::text) AND (note ~~ '%(200%)%'::text))
                                                        Rows Removed by Filter: 6
                                            ->  Index Scan using kind_type_pkey on kind_type kt  (cost=0.00..2.00 rows=1 width=4) (actual time=0.001..0.001 rows=1 loops=28679)
                                                  Index Cond: (id = t.kind_id)
                                                  Filter: ((kind)::text = ANY ('{movie,episode}'::text[]))
                                                  Rows Removed by Filter: 0
                                      ->  Index Scan using company_name_pkey on company_name cn  (cost=0.00..2.00 rows=1 width=23) (actual time=0.002..0.002 rows=1 loops=25853)
                                            Index Cond: (id = mc.company_id)
                                            Filter: ((country_code)::text <> '[us]'::text)
                                            Rows Removed by Filter: 0
                                ->  Index Scan using movie_id_movie_info_idx on movie_info_idx mi_idx  (cost=0.00..6.00 rows=3 width=13) (actual time=0.002..0.003 rows=3 loops=23902)
                                      Index Cond: (movie_id = t.id)
                                      Filter: (info < '8.5'::text)
                                      Rows Removed by Filter: 0
                          ->  Index Scan using info_type_pkey on info_type it2  (cost=0.00..2.00 rows=1 width=4) (actual time=0.001..0.001 rows=0 loops=70200)
                                Index Cond: (id = mi_idx.info_type_id)
                                Filter: ((info)::text = 'rating'::text)
                                Rows Removed by Filter: 1
                    ->  Index Only Scan using company_type_pkey on company_type ct  (cost=0.00..2.00 rows=1 width=4) (actual time=0.001..0.001 rows=1 loops=23425)
                          Index Cond: (id = mc.company_type_id)
                          Heap Fetches: 23425
              ->  Index Scan using movie_id_movie_info on movie_info mi  (cost=0.00..84.00 rows=2 width=8) (actual time=0.050..0.060 rows=1 loops=23425)
                    Index Cond: (movie_id = t.id)
                    Filter: (info = ANY ('{Sweden,Norway,Germany,Denmark,Swedish,Danish,Norwegian,German,USA,American}'::text[]))
                    Rows Removed by Filter: 180
        ->  Index Scan using info_type_pkey on info_type it1  (cost=0.00..2.00 rows=1 width=4) (actual time=0.001..0.001 rows=1 loops=24612)
              Index Cond: (id = mi.info_type_id)
              Filter: ((info)::text = 'countries'::text)
              Rows Removed by Filter: 0
Planning time: 19.390 ms
Execution time: 1953.830 ms
