Aggregate  (cost=139868.80..139869.80 rows=1 width=96) (actual time=688.320..688.320 rows=1 loops=1)
  ->  Nested Loop  (cost=0.00..139868.80 rows=1 width=41) (actual time=1.442..673.157 rows=46281 loops=1)
        ->  Nested Loop  (cost=0.00..139866.00 rows=1 width=45) (actual time=1.437..628.015 rows=46281 loops=1)
              ->  Nested Loop  (cost=0.00..139864.00 rows=1 width=30) (actual time=0.923..481.813 rows=64848 loops=1)
                    ->  Nested Loop  (cost=0.00..139849.00 rows=1 width=38) (actual time=0.916..443.201 rows=4115 loops=1)
                          ->  Nested Loop  (cost=0.00..139839.00 rows=4 width=42) (actual time=0.914..437.684 rows=4709 loops=1)
                                ->  Nested Loop  (cost=0.00..138979.00 rows=10 width=34) (actual time=0.895..219.801 rows=5949 loops=1)
                                      ->  Nested Loop  (cost=0.00..138917.00 rows=31 width=38) (actual time=0.861..211.538 rows=7271 loops=1)
                                            ->  Nested Loop  (cost=0.00..138604.00 rows=156 width=42) (actual time=0.854..187.600 rows=21917 loops=1)
                                                  ->  Nested Loop  (cost=0.00..138100.00 rows=56 width=29) (actual time=0.837..149.916 rows=9739 loops=1)
                                                        ->  Nested Loop  (cost=0.00..137830.00 rows=135 width=4) (actual time=0.829..48.514 rows=37091 loops=1)
                                                              ->  Seq Scan on keyword k  (cost=0.00..134170.00 rows=4 width=4) (actual time=0.817..15.812 rows=3 loops=1)
                                                                    Filter: (keyword = ANY ('{murder,murder-in-title,blood,violence}'::text[]))
                                                                    Rows Removed by Filter: 134167
                                                              ->  Index Scan using keyword_id_movie_keyword on movie_keyword mk  (cost=0.00..610.00 rows=305 width=8) (actual time=0.008..9.351 rows=12364 loops=3)
                                                                    Index Cond: (keyword_id = k.id)
                                                        ->  Index Scan using title_pkey on title t  (cost=0.00..2.00 rows=1 width=25) (actual time=0.003..0.003 rows=0 loops=37091)
                                                              Index Cond: (id = mk.movie_id)
                                                              Filter: (production_year > 2005)
                                                              Rows Removed by Filter: 1
                                                  ->  Index Scan using movie_id_movie_info_idx on movie_info_idx mi_idx  (cost=0.00..6.00 rows=3 width=13) (actual time=0.003..0.003 rows=2 loops=9739)
                                                        Index Cond: (movie_id = t.id)
                                                        Filter: (info < '8.5'::text)
                                                        Rows Removed by Filter: 0
                                            ->  Index Scan using info_type_pkey on info_type it2  (cost=0.00..2.00 rows=1 width=4) (actual time=0.001..0.001 rows=0 loops=21917)
                                                  Index Cond: (id = mi_idx.info_type_id)
                                                  Filter: ((info)::text = 'rating'::text)
                                                  Rows Removed by Filter: 1
                                      ->  Index Scan using kind_type_pkey on kind_type kt  (cost=0.00..2.00 rows=1 width=4) (actual time=0.001..0.001 rows=1 loops=7271)
                                            Index Cond: (id = t.kind_id)
                                            Filter: ((kind)::text = ANY ('{movie,episode}'::text[]))
                                            Rows Removed by Filter: 0
                                ->  Index Scan using movie_id_movie_info on movie_info mi  (cost=0.00..84.00 rows=2 width=8) (actual time=0.031..0.036 rows=1 loops=5949)
                                      Index Cond: (movie_id = t.id)
                                      Filter: (info = ANY ('{Sweden,Norway,Germany,Denmark,Swedish,Danish,Norwegian,German,USA,American}'::text[]))
                                      Rows Removed by Filter: 71
                          ->  Index Scan using info_type_pkey on info_type it1  (cost=0.00..2.00 rows=1 width=4) (actual time=0.001..0.001 rows=1 loops=4709)
                                Index Cond: (id = mi.info_type_id)
                                Filter: ((info)::text = 'countries'::text)
                                Rows Removed by Filter: 0
                    ->  Index Scan using movie_id_movie_companies on movie_companies mc  (cost=0.00..10.00 rows=5 width=12) (actual time=0.003..0.007 rows=16 loops=4115)
                          Index Cond: (movie_id = t.id)
              ->  Index Scan using company_name_pkey on company_name cn  (cost=0.00..2.00 rows=1 width=23) (actual time=0.002..0.002 rows=1 loops=64848)
                    Index Cond: (id = mc.company_id)
                    Filter: ((country_code)::text <> '[us]'::text)
                    Rows Removed by Filter: 0
        ->  Index Only Scan using company_type_pkey on company_type ct  (cost=0.00..2.00 rows=1 width=4) (actual time=0.001..0.001 rows=1 loops=46281)
              Index Cond: (id = mc.company_type_id)
              Heap Fetches: 46281
Planning time: 19.131 ms
Execution time: 688.412 ms
