Aggregate  (cost=424239.80..424240.80 rows=1 width=64) (actual time=496.824..496.825 rows=1 loops=1)
  ->  Nested Loop  (cost=0.00..424239.80 rows=1 width=27) (actual time=440.997..496.642 rows=618 loops=1)
        ->  Nested Loop  (cost=0.00..424237.80 rows=1 width=31) (actual time=440.982..495.368 rows=618 loops=1)
              ->  Nested Loop  (cost=0.00..424102.80 rows=1 width=43) (actual time=440.292..494.473 rows=6 loops=1)
                    ->  Nested Loop  (cost=0.00..424100.00 rows=1 width=47) (actual time=440.284..494.455 rows=6 loops=1)
                          ->  Nested Loop  (cost=0.00..424098.00 rows=1 width=51) (actual time=440.275..494.423 rows=6 loops=1)
                                ->  Nested Loop  (cost=0.00..424083.00 rows=1 width=39) (actual time=440.265..494.395 rows=5 loops=1)
                                      ->  Nested Loop  (cost=0.00..424079.00 rows=1 width=43) (actual time=249.539..494.327 rows=32 loops=1)
                                            ->  Nested Loop  (cost=0.00..424067.00 rows=2 width=35) (actual time=247.568..492.933 rows=818 loops=1)
                                                  ->  Nested Loop  (cost=0.00..424039.00 rows=13 width=29) (actual time=0.177..491.321 rows=1749 loops=1)
                                                        ->  Nested Loop  (cost=0.00..423995.00 rows=22 width=4) (actual time=0.169..485.265 rows=1783 loops=1)
                                                              ->  Seq Scan on info_type it1  (cost=0.00..113.00 rows=1 width=4) (actual time=0.009..0.017 rows=1 loops=1)
                                                                    Filter: ((info)::text = 'release dates'::text)
                                                                    Rows Removed by Filter: 112
                                                              ->  Index Scan using info_type_id_movie_info on movie_info mi  (cost=0.00..423878.00 rows=4 width=8) (actual time=0.159..485.036 rows=1783 loops=1)
                                                                    Index Cond: (info_type_id = it1.id)
                                                                    Filter: ((note ~~ '%internet%'::text) AND (info IS NOT NULL) AND ((info ~~ 'USA:% 199%'::text) OR (info ~~ 'USA:% 200%'::text)))
                                                                    Rows Removed by Filter: 3034936
                                                        ->  Index Scan using title_pkey on title t  (cost=0.00..2.00 rows=1 width=25) (actual time=0.003..0.003 rows=1 loops=1783)
                                                              Index Cond: (id = mi.movie_id)
                                                              Filter: (production_year > 2000)
                                                              Rows Removed by Filter: 0
                                                  ->  Index Scan using kind_type_pkey on kind_type kt  (cost=0.00..2.00 rows=1 width=14) (actual time=0.001..0.001 rows=0 loops=1749)
                                                        Index Cond: (id = t.kind_id)
                                                        Filter: ((kind)::text = 'movie'::text)
                                                        Rows Removed by Filter: 1
                                            ->  Index Scan using movie_id_complete_cast on complete_cast cc  (cost=0.00..4.00 rows=2 width=8) (actual time=0.001..0.002 rows=0 loops=818)
                                                  Index Cond: (movie_id = t.id)
                                      ->  Index Scan using comp_cast_type_pkey on comp_cast_type cct1  (cost=0.00..2.00 rows=1 width=4) (actual time=0.002..0.002 rows=0 loops=32)
                                            Index Cond: (id = cc.status_id)
                                            Filter: ((kind)::text = 'complete+verified'::text)
                                            Rows Removed by Filter: 1
                                ->  Index Scan using movie_id_movie_companies on movie_companies mc  (cost=0.00..10.00 rows=5 width=12) (actual time=0.004..0.004 rows=1 loops=5)
                                      Index Cond: (movie_id = t.id)
                          ->  Index Scan using company_name_pkey on company_name cn  (cost=0.00..2.00 rows=1 width=4) (actual time=0.004..0.004 rows=1 loops=6)
                                Index Cond: (id = mc.company_id)
                                Filter: ((country_code)::text = '[us]'::text)
                    ->  Index Only Scan using company_type_pkey on company_type ct  (cost=0.00..2.00 rows=1 width=4) (actual time=0.002..0.002 rows=1 loops=6)
                          Index Cond: (id = mc.company_type_id)
                          Heap Fetches: 6
              ->  Index Scan using movie_id_movie_keyword on movie_keyword mk  (cost=0.00..90.00 rows=45 width=8) (actual time=0.118..0.134 rows=103 loops=6)
                    Index Cond: (movie_id = t.id)
        ->  Index Only Scan using keyword_pkey on keyword k  (cost=0.00..2.00 rows=1 width=4) (actual time=0.002..0.002 rows=1 loops=618)
              Index Cond: (id = mk.keyword_id)
              Heap Fetches: 618
Planning time: 18.531 ms
Execution time: 496.920 ms
