Aggregate  (cost=138733.80..138734.80 rows=1 width=64) (actual time=231.333..231.333 rows=1 loops=1)
  ->  Nested Loop  (cost=0.00..138733.80 rows=1 width=27) (actual time=78.067..231.312 rows=16 loops=1)
        ->  Nested Loop  (cost=0.00..138729.80 rows=1 width=31) (actual time=78.060..231.275 rows=16 loops=1)
              ->  Nested Loop  (cost=0.00..138644.80 rows=1 width=43) (actual time=3.578..37.977 rows=315 loops=1)
                    ->  Nested Loop  (cost=0.00..138642.00 rows=1 width=47) (actual time=3.571..37.608 rows=315 loops=1)
                          ->  Nested Loop  (cost=0.00..138634.00 rows=4 width=51) (actual time=3.538..34.116 rows=1218 loops=1)
                                ->  Nested Loop  (cost=0.00..138604.00 rows=2 width=39) (actual time=3.529..33.318 rows=60 loops=1)
                                      ->  Nested Loop  (cost=0.00..138595.00 rows=4 width=43) (actual time=3.522..33.135 rows=141 loops=1)
                                            ->  Nested Loop  (cost=0.00..138550.00 rows=21 width=37) (actual time=2.237..32.941 rows=165 loops=1)
                                                  ->  Nested Loop  (cost=0.00..138100.00 rows=75 width=29) (actual time=1.816..31.387 rows=557 loops=1)
                                                        ->  Nested Loop  (cost=0.00..137830.00 rows=135 width=4) (actual time=1.804..26.844 rows=1133 loops=1)
                                                              ->  Seq Scan on keyword k  (cost=0.00..134170.00 rows=4 width=4) (actual time=0.495..15.336 rows=4 loops=1)
                                                                    Filter: (keyword = ANY ('{nerd,loner,alienation,dignity}'::text[]))
                                                                    Rows Removed by Filter: 134166
                                                              ->  Index Scan using keyword_id_movie_keyword on movie_keyword mk  (cost=0.00..610.00 rows=305 width=8) (actual time=1.567..2.841 rows=283 loops=4)
                                                                    Index Cond: (keyword_id = k.id)
                                                        ->  Index Scan using title_pkey on title t  (cost=0.00..2.00 rows=1 width=25) (actual time=0.004..0.004 rows=0 loops=1133)
                                                              Index Cond: (id = mk.movie_id)
                                                              Filter: (production_year > 2000)
                                                              Rows Removed by Filter: 1
                                                  ->  Index Scan using movie_id_complete_cast on complete_cast cc  (cost=0.00..4.00 rows=2 width=8) (actual time=0.002..0.003 rows=0 loops=557)
                                                        Index Cond: (movie_id = t.id)
                                            ->  Index Scan using kind_type_pkey on kind_type kt  (cost=0.00..2.00 rows=1 width=14) (actual time=0.001..0.001 rows=1 loops=165)
                                                  Index Cond: (id = t.kind_id)
                                                  Filter: ((kind)::text = 'movie'::text)
                                                  Rows Removed by Filter: 0
                                      ->  Index Scan using comp_cast_type_pkey on comp_cast_type cct1  (cost=0.00..2.00 rows=1 width=4) (actual time=0.001..0.001 rows=0 loops=141)
                                            Index Cond: (id = cc.status_id)
                                            Filter: ((kind)::text = 'complete+verified'::text)
                                            Rows Removed by Filter: 1
                                ->  Index Scan using movie_id_movie_companies on movie_companies mc  (cost=0.00..10.00 rows=5 width=12) (actual time=0.005..0.010 rows=20 loops=60)
                                      Index Cond: (movie_id = t.id)
                          ->  Index Scan using company_name_pkey on company_name cn  (cost=0.00..2.00 rows=1 width=4) (actual time=0.003..0.003 rows=0 loops=1218)
                                Index Cond: (id = mc.company_id)
                                Filter: ((country_code)::text = '[us]'::text)
                                Rows Removed by Filter: 1
                    ->  Index Only Scan using company_type_pkey on company_type ct  (cost=0.00..2.00 rows=1 width=4) (actual time=0.001..0.001 rows=1 loops=315)
                          Index Cond: (id = mc.company_type_id)
                          Heap Fetches: 315
              ->  Index Scan using movie_id_movie_info on movie_info mi  (cost=0.00..84.00 rows=1 width=8) (actual time=0.610..0.613 rows=0 loops=315)
                    Index Cond: (movie_id = t.id)
                    Filter: ((note ~~ '%internet%'::text) AND (info ~~ 'USA:% 200%'::text))
                    Rows Removed by Filter: 268
        ->  Index Scan using info_type_pkey on info_type it1  (cost=0.00..2.00 rows=1 width=4) (actual time=0.002..0.002 rows=1 loops=16)
              Index Cond: (id = mi.info_type_id)
              Filter: ((info)::text = 'release dates'::text)
Planning time: 18.616 ms
Execution time: 231.431 ms
