Aggregate  (cost=138295.19..138296.19 rows=1 width=96) (actual time=54.723..54.724 rows=1 loops=1)
  ->  Nested Loop  (cost=0.00..138295.19 rows=1 width=48) (actual time=20.448..54.694 rows=45 loops=1)
        ->  Nested Loop  (cost=0.00..138291.19 rows=1 width=52) (actual time=20.443..54.641 rows=45 loops=1)
              ->  Nested Loop  (cost=0.00..138287.19 rows=1 width=56) (actual time=18.208..53.336 rows=775 loops=1)
                    ->  Nested Loop  (cost=0.00..138281.19 rows=1 width=64) (actual time=18.198..52.816 rows=155 loops=1)
                          ->  Nested Loop  (cost=0.00..138277.19 rows=1 width=68) (actual time=18.191..52.621 rows=155 loops=1)
                                ->  Nested Loop  (cost=0.00..138192.19 rows=1 width=80) (actual time=18.172..49.853 rows=55 loops=1)
                                      ->  Nested Loop  (cost=0.00..138177.19 rows=1 width=72) (actual time=18.164..49.804 rows=5 loops=1)
                                            ->  Nested Loop  (cost=0.00..138175.19 rows=1 width=60) (actual time=18.156..49.780 rows=5 loops=1)
                                                  ->  Nested Loop  (cost=0.00..138173.19 rows=1 width=41) (actual time=17.985..49.326 rows=117 loops=1)
                                                        ->  Nested Loop  (cost=0.00..138100.19 rows=1 width=25) (actual time=11.372..48.780 rows=7 loops=1)
                                                              ->  Nested Loop  (cost=0.00..137830.00 rows=135 width=4) (actual time=0.029..23.647 rows=9696 loops=1)
                                                                    ->  Seq Scan on keyword k  (cost=0.00..134170.00 rows=4 width=4) (actual time=0.016..15.142 rows=3 loops=1)
                                                                          Filter: (keyword = ANY ('{hero,martial-arts,hand-to-hand-combat,computer-animated-movie}'::text[]))
                                                                          Rows Removed by Filter: 134167
                                                                    ->  Index Scan using keyword_id_movie_keyword on movie_keyword mk  (cost=0.00..610.00 rows=305 width=8) (actual time=0.009..2.478 rows=3232 loops=3)
                                                                          Index Cond: (keyword_id = k.id)
                                                              ->  Index Scan using title_pkey on title t  (cost=0.00..2.00 rows=1 width=21) (actual time=0.002..0.002 rows=0 loops=9696)
                                                                    Index Cond: (id = mk.movie_id)
                                                                    Filter: ((production_year > 2010) AND (title ~~ 'Kung Fu Panda%'::text))
                                                                    Rows Removed by Filter: 1
                                                        ->  Index Scan using movie_id_cast_info on cast_info ci  (cost=0.00..72.00 rows=1 width=16) (actual time=0.010..0.075 rows=17 loops=7)
                                                              Index Cond: (movie_id = t.id)
                                                              Filter: (note = ANY ('{(voice),"(voice: Japanese version)","(voice) (uncredited)","(voice: English version)"}'::text[]))
                                                              Rows Removed by Filter: 48
                                                  ->  Index Scan using name_pkey on name n  (cost=0.00..2.00 rows=1 width=19) (actual time=0.004..0.004 rows=0 loops=117)
                                                        Index Cond: (id = ci.person_id)
                                                        Filter: ((name ~~ '%An%'::text) AND ((gender)::text = 'f'::text))
                                                        Rows Removed by Filter: 1
                                            ->  Index Scan using char_name_pkey on char_name chn  (cost=0.00..2.00 rows=1 width=20) (actual time=0.004..0.004 rows=1 loops=5)
                                                  Index Cond: (id = ci.person_role_id)
                                      ->  Index Scan using movie_id_movie_companies on movie_companies mc  (cost=0.00..10.00 rows=5 width=8) (actual time=0.004..0.007 rows=11 loops=5)
                                            Index Cond: (movie_id = t.id)
                                ->  Index Scan using movie_id_movie_info on movie_info mi  (cost=0.00..84.00 rows=1 width=8) (actual time=0.008..0.050 rows=3 loops=55)
                                      Index Cond: (movie_id = t.id)
                                      Filter: ((info IS NOT NULL) AND ((info ~~ 'Japan:%201%'::text) OR (info ~~ 'USA:%201%'::text)))
                                      Rows Removed by Filter: 217
                          ->  Index Scan using info_type_pkey on info_type it  (cost=0.00..2.00 rows=1 width=4) (actual time=0.001..0.001 rows=1 loops=155)
                                Index Cond: (id = mi.info_type_id)
                                Filter: ((info)::text = 'release dates'::text)
                    ->  Index Only Scan using person_id_aka_name on aka_name an  (cost=0.00..4.00 rows=2 width=4) (actual time=0.002..0.003 rows=5 loops=155)
                          Index Cond: (person_id = n.id)
                          Heap Fetches: 775
              ->  Index Scan using company_name_pkey on company_name cn  (cost=0.00..2.00 rows=1 width=4) (actual time=0.001..0.001 rows=0 loops=775)
                    Index Cond: (id = mc.company_id)
                    Filter: (((country_code)::text = '[us]'::text) AND (name = 'DreamWorks Animation'::text))
                    Rows Removed by Filter: 1
        ->  Index Scan using role_type_pkey on role_type rt  (cost=0.00..2.00 rows=1 width=4) (actual time=0.001..0.001 rows=1 loops=45)
              Index Cond: (id = ci.role_id)
              Filter: ((role)::text = 'actress'::text)
Planning time: 47.219 ms
Execution time: 54.832 ms
