Aggregate  (cost=149657.00..149658.00 rows=1 width=128) (actual time=2027.459..2027.460 rows=1 loops=1)
  ->  Nested Loop  (cost=0.00..149657.00 rows=1 width=79) (actual time=5.237..2024.782 rows=4407 loops=1)
        ->  Nested Loop  (cost=0.00..149655.00 rows=1 width=78) (actual time=5.229..2009.848 rows=4407 loops=1)
              ->  Nested Loop  (cost=0.00..149653.00 rows=1 width=67) (actual time=3.573..1978.022 rows=7112 loops=1)
                    ->  Nested Loop  (cost=0.00..149649.00 rows=1 width=71) (actual time=3.570..1969.547 rows=7740 loops=1)
                          ->  Nested Loop  (cost=0.00..149576.00 rows=1 width=63) (actual time=0.586..1370.898 rows=12260 loops=1)
                                ->  Nested Loop  (cost=0.00..141246.00 rows=98 width=13) (actual time=0.573..385.709 rows=50760 loops=1)
                                      ->  Nested Loop  (cost=0.00..140266.00 rows=488 width=17) (actual time=0.567..248.676 rows=152720 loops=1)
                                            ->  Nested Loop  (cost=0.00..138745.00 rows=169 width=4) (actual time=0.561..70.726 rows=62096 loops=1)
                                                  ->  Seq Scan on keyword k  (cost=0.00..134170.00 rows=5 width=4) (actual time=0.548..17.595 rows=5 loops=1)
                                                        Filter: (keyword = ANY ('{murder,blood,gore,death,female-nudity}'::text[]))
                                                        Rows Removed by Filter: 134165
                                                  ->  Index Scan using keyword_id_movie_keyword on movie_keyword mk  (cost=0.00..610.00 rows=305 width=8) (actual time=0.008..8.930 rows=12419 loops=5)
                                                        Index Cond: (keyword_id = k.id)
                                            ->  Index Scan using movie_id_movie_info_idx on movie_info_idx mi_idx  (cost=0.00..6.00 rows=3 width=13) (actual time=0.002..0.002 rows=2 loops=62096)
                                                  Index Cond: (movie_id = mk.movie_id)
                                      ->  Index Scan using info_type_pkey on info_type it2  (cost=0.00..2.00 rows=1 width=4) (actual time=0.001..0.001 rows=0 loops=152720)
                                            Index Cond: (id = mi_idx.info_type_id)
                                            Filter: ((info)::text = 'votes'::text)
                                            Rows Removed by Filter: 1
                                ->  Index Scan using movie_id_movie_info on movie_info mi  (cost=0.00..84.00 rows=1 width=50) (actual time=0.019..0.019 rows=0 loops=50760)
                                      Index Cond: (movie_id = mi_idx.movie_id)
                                      Filter: (info = 'Horror'::text)
                                      Rows Removed by Filter: 56
                          ->  Index Scan using movie_id_cast_info on cast_info ci  (cost=0.00..72.00 rows=1 width=8) (actual time=0.040..0.049 rows=1 loops=12260)
                                Index Cond: (movie_id = mi.movie_id)
                                Filter: (note = ANY ('{(writer),"(head writer)","(written by)",(story),"(story editor)"}'::text[]))
                                Rows Removed by Filter: 47
                    ->  Index Scan using info_type_pkey on info_type it1  (cost=0.00..2.00 rows=1 width=4) (actual time=0.001..0.001 rows=1 loops=7740)
                          Index Cond: (id = mi.info_type_id)
                          Filter: ((info)::text = 'genres'::text)
                          Rows Removed by Filter: 0
              ->  Index Scan using name_pkey on name n  (cost=0.00..2.00 rows=1 width=19) (actual time=0.004..0.004 rows=1 loops=7112)
                    Index Cond: (id = ci.person_id)
                    Filter: ((gender)::text = 'm'::text)
                    Rows Removed by Filter: 0
        ->  Index Scan using title_pkey on title t  (cost=0.00..2.00 rows=1 width=21) (actual time=0.003..0.003 rows=1 loops=4407)
              Index Cond: (id = mi.movie_id)
Planning time: 6.965 ms
Execution time: 2027.539 ms
