Aggregate  (cost=139260.19..139261.19 rows=1 width=128) (actual time=194.806..194.806 rows=1 loops=1)
  ->  Nested Loop  (cost=0.00..139260.19 rows=1 width=79) (actual time=31.353..194.789 rows=6 loops=1)
        ->  Nested Loop  (cost=0.00..139258.19 rows=1 width=68) (actual time=31.344..194.752 rows=6 loops=1)
              ->  Nested Loop  (cost=0.00..139254.19 rows=1 width=72) (actual time=31.340..194.722 rows=18 loops=1)
                    ->  Nested Loop  (cost=0.00..139245.19 rows=1 width=79) (actual time=31.333..194.687 rows=6 loops=1)
                          ->  Nested Loop  (cost=0.00..139241.19 rows=1 width=83) (actual time=31.328..194.670 rows=6 loops=1)
                                ->  Nested Loop  (cost=0.00..139156.19 rows=1 width=33) (actual time=31.305..194.565 rows=6 loops=1)
                                      ->  Nested Loop  (cost=0.00..139083.19 rows=1 width=25) (actual time=31.269..194.301 rows=9 loops=1)
                                            ->  Nested Loop  (cost=0.00..138745.00 rows=169 width=4) (actual time=0.529..62.614 rows=62096 loops=1)
                                                  ->  Seq Scan on keyword k  (cost=0.00..134170.00 rows=5 width=4) (actual time=0.517..17.059 rows=5 loops=1)
                                                        Filter: (keyword = ANY ('{murder,blood,gore,death,female-nudity}'::text[]))
                                                        Rows Removed by Filter: 134165
                                                  ->  Index Scan using keyword_id_movie_keyword on movie_keyword mk  (cost=0.00..610.00 rows=305 width=8) (actual time=0.008..7.855 rows=12419 loops=5)
                                                        Index Cond: (keyword_id = k.id)
                                            ->  Index Scan using title_pkey on title t  (cost=0.00..2.00 rows=1 width=21) (actual time=0.002..0.002 rows=0 loops=62096)
                                                  Index Cond: (id = mk.movie_id)
                                                  Filter: ((production_year > 2010) AND (title ~~ 'Vampire%'::text))
                                                  Rows Removed by Filter: 1
                                      ->  Index Scan using movie_id_cast_info on cast_info ci  (cost=0.00..72.00 rows=1 width=8) (actual time=0.025..0.029 rows=1 loops=9)
                                            Index Cond: (movie_id = t.id)
                                            Filter: (note = ANY ('{(writer),"(head writer)","(written by)",(story),"(story editor)"}'::text[]))
                                            Rows Removed by Filter: 21
                                ->  Index Scan using movie_id_movie_info on movie_info mi  (cost=0.00..84.00 rows=1 width=50) (actual time=0.016..0.016 rows=1 loops=6)
                                      Index Cond: (movie_id = t.id)
                                      Filter: (info = 'Horror'::text)
                                      Rows Removed by Filter: 20
                          ->  Index Scan using info_type_pkey on info_type it1  (cost=0.00..2.00 rows=1 width=4) (actual time=0.002..0.002 rows=1 loops=6)
                                Index Cond: (id = mi.info_type_id)
                                Filter: ((info)::text = 'genres'::text)
                    ->  Index Scan using movie_id_movie_info_idx on movie_info_idx mi_idx  (cost=0.00..6.00 rows=3 width=13) (actual time=0.004..0.005 rows=3 loops=6)
                          Index Cond: (movie_id = t.id)
              ->  Index Scan using info_type_pkey on info_type it2  (cost=0.00..2.00 rows=1 width=4) (actual time=0.001..0.001 rows=0 loops=18)
                    Index Cond: (id = mi_idx.info_type_id)
                    Filter: ((info)::text = 'votes'::text)
                    Rows Removed by Filter: 1
        ->  Index Scan using name_pkey on name n  (cost=0.00..2.00 rows=1 width=19) (actual time=0.005..0.005 rows=1 loops=6)
              Index Cond: (id = ci.person_id)
              Filter: ((gender)::text = 'm'::text)
Planning time: 6.921 ms
Execution time: 194.882 ms
