Aggregate  (cost=264222.05..264223.05 rows=1 width=128) (actual time=179.826..179.826 rows=1 loops=1)
  ->  Nested Loop  (cost=0.00..264222.05 rows=6 width=79) (actual time=27.924..179.814 rows=6 loops=1)
        ->  Nested Loop  (cost=0.00..264210.05 rows=6 width=68) (actual time=27.918..179.789 rows=6 loops=1)
              ->  Nested Loop  (cost=0.00..264172.05 rows=18 width=72) (actual time=27.914..179.763 rows=18 loops=1)
                    ->  Nested Loop  (cost=0.00..264118.05 rows=6 width=79) (actual time=27.908..179.733 rows=6 loops=1)
                          ->  Nested Loop  (cost=0.00..264104.05 rows=6 width=83) (actual time=27.905..179.722 rows=6 loops=1)
                                ->  Nested Loop  (cost=0.00..263594.05 rows=6 width=33) (actual time=27.887..179.641 rows=6 loops=1)
                                      ->  Nested Loop  (cost=0.00..262937.05 rows=9 width=25) (actual time=27.862..179.470 rows=9 loops=1)
                                            ->  Nested Loop  (cost=0.00..138745.00 rows=62096 width=4) (actual time=0.526..57.463 rows=62096 loops=1)
                                                  ->  Seq Scan on keyword k  (cost=0.00..134170.00 rows=5 width=4) (actual time=0.516..17.215 rows=5 loops=1)
                                                        Filter: (keyword = ANY ('{murder,blood,gore,death,female-nudity}'::text[]))
                                                        Rows Removed by Filter: 134165
                                                  ->  Index Scan using keyword_id_movie_keyword on movie_keyword mk  (cost=0.00..610.00 rows=305 width=8) (actual time=0.007..6.532 rows=12419 loops=5)
                                                        Index Cond: (keyword_id = k.id)
                                            ->  Index Scan using title_pkey on title t  (cost=0.00..2.00 rows=1 width=21) (actual time=0.002..0.002 rows=0 loops=62096)
                                                  Index Cond: (id = mk.movie_id)
                                                  Filter: ((production_year > 2010) AND (title ~~ 'Vampire%'::text))
                                                  Rows Removed by Filter: 1
                                      ->  Index Scan using movie_id_cast_info on cast_info ci  (cost=0.00..72.00 rows=1 width=8) (actual time=0.016..0.018 rows=1 loops=9)
                                            Index Cond: (movie_id = t.id)
                                            Filter: (note = ANY ('{(writer),"(head writer)","(written by)",(story),"(story editor)"}'::text[]))
                                            Rows Removed by Filter: 21
                                ->  Index Scan using movie_id_movie_info on movie_info mi  (cost=0.00..84.00 rows=1 width=50) (actual time=0.013..0.013 rows=1 loops=6)
                                      Index Cond: (movie_id = t.id)
                                      Filter: (info = 'Horror'::text)
                                      Rows Removed by Filter: 20
                          ->  Index Scan using info_type_pkey on info_type it1  (cost=0.00..2.00 rows=1 width=4) (actual time=0.001..0.001 rows=1 loops=6)
                                Index Cond: (id = mi.info_type_id)
                                Filter: ((info)::text = 'genres'::text)
                    ->  Index Scan using movie_id_movie_info_idx on movie_info_idx mi_idx  (cost=0.00..6.00 rows=3 width=13) (actual time=0.003..0.004 rows=3 loops=6)
                          Index Cond: (movie_id = t.id)
              ->  Index Scan using info_type_pkey on info_type it2  (cost=0.00..2.00 rows=1 width=4) (actual time=0.001..0.001 rows=0 loops=18)
                    Index Cond: (id = mi_idx.info_type_id)
                    Filter: ((info)::text = 'votes'::text)
                    Rows Removed by Filter: 1
        ->  Index Scan using name_pkey on name n  (cost=0.00..2.00 rows=1 width=19) (actual time=0.003..0.003 rows=1 loops=6)
              Index Cond: (id = ci.person_id)
              Filter: ((gender)::text = 'm'::text)
Planning time: 6.885 ms
Execution time: 179.892 ms
