Aggregate  (cost=145863.33..145864.33 rows=1 width=128) (actual time=280.873..280.873 rows=1 loops=1)
  ->  Nested Loop  (cost=0.00..145863.33 rows=1 width=53) (actual time=1.672..279.962 rows=1728 loops=1)
        ->  Nested Loop  (cost=0.00..145861.33 rows=1 width=42) (actual time=1.665..272.452 rows=1728 loops=1)
              ->  Nested Loop  (cost=0.00..145849.33 rows=6 width=30) (actual time=1.454..188.972 rows=58947 loops=1)
                    ->  Nested Loop  (cost=0.00..145741.33 rows=1 width=38) (actual time=1.441..125.692 rows=326 loops=1)
                          ->  Nested Loop  (cost=0.00..145738.00 rows=1 width=42) (actual time=1.436..125.271 rows=326 loops=1)
                                ->  Nested Loop  (cost=0.00..145732.00 rows=2 width=46) (actual time=1.338..124.513 rows=507 loops=1)
                                      ->  Nested Loop  (cost=0.00..145704.00 rows=4 width=33) (actual time=1.327..118.647 rows=1267 loops=1)
                                            ->  Nested Loop  (cost=0.00..145648.00 rows=26 width=37) (actual time=0.727..116.878 rows=1595 loops=1)
                                                  ->  Nested Loop  (cost=0.00..145554.00 rows=47 width=12) (actual time=0.210..95.584 rows=6396 loops=1)
                                                        ->  Nested Loop  (cost=0.00..145342.00 rows=94 width=16) (actual time=0.207..86.830 rows=9392 loops=1)
                                                              ->  Nested Loop  (cost=0.00..143320.00 rows=337 width=4) (actual time=0.123..47.118 rows=24091 loops=1)
                                                                    ->  Seq Scan on keyword k  (cost=0.00..134170.00 rows=10 width=4) (actual time=0.108..26.130 rows=10 loops=1)
                                                                          Filter: (keyword = ANY ('{superhero,marvel-comics,based-on-comic,tv-special,fight,violence,magnet,web,claw,laser}'::text[]))
                                                                          Rows Removed by Filter: 134160
                                                                    ->  Index Scan using keyword_id_movie_keyword on movie_keyword mk  (cost=0.00..610.00 rows=305 width=8) (actual time=0.007..1.795 rows=2409 loops=10)
                                                                          Index Cond: (keyword_id = k.id)
                                                              ->  Index Scan using movie_id_complete_cast on complete_cast cc  (cost=0.00..4.00 rows=2 width=12) (actual time=0.001..0.001 rows=0 loops=24091)
                                                                    Index Cond: (movie_id = mk.movie_id)
                                                        ->  Index Scan using comp_cast_type_pkey on comp_cast_type cct1  (cost=0.00..2.00 rows=1 width=4) (actual time=0.001..0.001 rows=1 loops=9392)
                                                              Index Cond: (id = cc.subject_id)
                                                              Filter: ((kind)::text = 'cast'::text)
                                                              Rows Removed by Filter: 0
                                                  ->  Index Scan using title_pkey on title t  (cost=0.00..2.00 rows=1 width=25) (actual time=0.003..0.003 rows=0 loops=6396)
                                                        Index Cond: (id = mk.movie_id)
                                                        Filter: (production_year > 2000)
                                                        Rows Removed by Filter: 1
                                            ->  Index Scan using kind_type_pkey on kind_type kt  (cost=0.00..2.00 rows=1 width=4) (actual time=0.001..0.001 rows=1 loops=1595)
                                                  Index Cond: (id = t.kind_id)
                                                  Filter: ((kind)::text = 'movie'::text)
                                                  Rows Removed by Filter: 0
                                      ->  Index Scan using movie_id_movie_info_idx on movie_info_idx mi_idx  (cost=0.00..6.00 rows=1 width=13) (actual time=0.004..0.004 rows=0 loops=1267)
                                            Index Cond: (movie_id = t.id)
                                            Filter: (info > '7.0'::text)
                                            Rows Removed by Filter: 3
                                ->  Index Scan using info_type_pkey on info_type it2  (cost=0.00..2.00 rows=1 width=4) (actual time=0.001..0.001 rows=1 loops=507)
                                      Index Cond: (id = mi_idx.info_type_id)
                                      Filter: ((info)::text = 'rating'::text)
                                      Rows Removed by Filter: 0
                          ->  Index Scan using comp_cast_type_pkey on comp_cast_type cct2  (cost=0.00..2.00 rows=1 width=4) (actual time=0.001..0.001 rows=1 loops=326)
                                Index Cond: (id = cc.status_id)
                                Filter: ((kind)::text ~~ '%complete%'::text)
                    ->  Index Scan using movie_id_cast_info on cast_info ci  (cost=0.00..72.00 rows=36 width=12) (actual time=0.007..0.167 rows=181 loops=326)
                          Index Cond: (movie_id = t.id)
              ->  Index Scan using char_name_pkey on char_name chn  (cost=0.00..2.00 rows=1 width=20) (actual time=0.001..0.001 rows=0 loops=58947)
                    Index Cond: (id = ci.person_role_id)
                    Filter: ((name IS NOT NULL) AND ((name ~~ '%man%'::text) OR (name ~~ '%Man%'::text)))
                    Rows Removed by Filter: 0
        ->  Index Scan using name_pkey on name n  (cost=0.00..2.00 rows=1 width=19) (actual time=0.004..0.004 rows=1 loops=1728)
              Index Cond: (id = ci.person_id)
Planning time: 42.808 ms
Execution time: 280.973 ms
