Aggregate  (cost=146027.00..146028.00 rows=1 width=96) (actual time=682.612..682.612 rows=1 loops=1)
  ->  Nested Loop  (cost=0.00..146027.00 rows=1 width=38) (actual time=2.242..680.478 rows=5400 loops=1)
        ->  Nested Loop  (cost=0.00..146013.00 rows=6 width=42) (actual time=2.236..662.549 rows=16596 loops=1)
              ->  Nested Loop  (cost=0.00..145995.00 rows=2 width=49) (actual time=2.229..645.521 rows=5406 loops=1)
                    ->  Nested Loop  (cost=0.00..145991.00 rows=2 width=53) (actual time=2.222..622.573 rows=5406 loops=1)
                          ->  Nested Loop  (cost=0.00..145853.00 rows=69 width=41) (actual time=1.831..349.386 rows=189844 loops=1)
                                ->  Nested Loop  (cost=0.00..145421.00 rows=4 width=29) (actual time=1.822..144.930 rows=1267 loops=1)
                                      ->  Nested Loop  (cost=0.00..145413.00 rows=4 width=33) (actual time=1.820..143.436 rows=1267 loops=1)
                                            ->  Nested Loop  (cost=0.00..145393.00 rows=9 width=37) (actual time=1.817..141.471 rows=1485 loops=1)
                                                  ->  Nested Loop  (cost=0.00..144397.00 rows=166 width=25) (actual time=1.788..130.434 rows=5032 loops=1)
                                                        ->  Nested Loop  (cost=0.00..143994.00 rows=188 width=29) (actual time=0.124..119.420 rows=10613 loops=1)
                                                              ->  Nested Loop  (cost=0.00..143320.00 rows=337 width=4) (actual time=0.118..48.767 rows=24091 loops=1)
                                                                    ->  Seq Scan on keyword k  (cost=0.00..134170.00 rows=10 width=4) (actual time=0.105..26.886 rows=10 loops=1)
                                                                          Filter: (keyword = ANY ('{superhero,marvel-comics,based-on-comic,tv-special,fight,violence,magnet,web,claw,laser}'::text[]))
                                                                          Rows Removed by Filter: 134160
                                                                    ->  Index Scan using keyword_id_movie_keyword on movie_keyword mk  (cost=0.00..610.00 rows=305 width=8) (actual time=0.007..1.870 rows=2409 loops=10)
                                                                          Index Cond: (keyword_id = k.id)
                                                              ->  Index Scan using title_pkey on title t  (cost=0.00..2.00 rows=1 width=25) (actual time=0.003..0.003 rows=0 loops=24091)
                                                                    Index Cond: (id = mk.movie_id)
                                                                    Filter: (production_year > 2000)
                                                                    Rows Removed by Filter: 1
                                                        ->  Index Scan using kind_type_pkey on kind_type kt  (cost=0.00..2.00 rows=1 width=4) (actual time=0.001..0.001 rows=0 loops=10613)
                                                              Index Cond: (id = t.kind_id)
                                                              Filter: ((kind)::text = 'movie'::text)
                                                              Rows Removed by Filter: 1
                                                  ->  Index Scan using movie_id_complete_cast on complete_cast cc  (cost=0.00..4.00 rows=2 width=12) (actual time=0.002..0.002 rows=0 loops=5032)
                                                        Index Cond: (movie_id = t.id)
                                            ->  Index Scan using comp_cast_type_pkey on comp_cast_type cct1  (cost=0.00..2.00 rows=1 width=4) (actual time=0.001..0.001 rows=1 loops=1485)
                                                  Index Cond: (id = cc.subject_id)
                                                  Filter: ((kind)::text = 'cast'::text)
                                                  Rows Removed by Filter: 0
                                      ->  Index Scan using comp_cast_type_pkey on comp_cast_type cct2  (cost=0.00..2.00 rows=1 width=4) (actual time=0.001..0.001 rows=1 loops=1267)
                                            Index Cond: (id = cc.status_id)
                                            Filter: ((kind)::text ~~ '%complete%'::text)
                                ->  Index Scan using movie_id_cast_info on cast_info ci  (cost=0.00..72.00 rows=36 width=12) (actual time=0.006..0.137 rows=150 loops=1267)
                                      Index Cond: (movie_id = t.id)
                          ->  Index Scan using char_name_pkey on char_name chn  (cost=0.00..2.00 rows=1 width=20) (actual time=0.001..0.001 rows=0 loops=189844)
                                Index Cond: (id = ci.person_role_id)
                                Filter: ((name IS NOT NULL) AND ((name ~~ '%man%'::text) OR (name ~~ '%Man%'::text)))
                                Rows Removed by Filter: 0
                    ->  Index Only Scan using name_pkey on name n  (cost=0.00..2.00 rows=1 width=4) (actual time=0.004..0.004 rows=1 loops=5406)
                          Index Cond: (id = ci.person_id)
                          Heap Fetches: 5406
              ->  Index Scan using movie_id_movie_info_idx on movie_info_idx mi_idx  (cost=0.00..6.00 rows=3 width=13) (actual time=0.002..0.002 rows=3 loops=5406)
                    Index Cond: (movie_id = t.id)
        ->  Index Scan using info_type_pkey on info_type it2  (cost=0.00..2.00 rows=1 width=4) (actual time=0.001..0.001 rows=0 loops=16596)
              Index Cond: (id = mi_idx.info_type_id)
              Filter: ((info)::text = 'rating'::text)
              Rows Removed by Filter: 1
Planning time: 42.014 ms
Execution time: 682.710 ms
