Aggregate  (cost=139060.63..139061.63 rows=1 width=96) (actual time=705.847..705.847 rows=1 loops=1)
  ->  Nested Loop  (cost=0.00..139060.63 rows=1 width=41) (actual time=1.069..704.130 rows=4803 loops=1)
        ->  Nested Loop  (cost=0.00..139056.63 rows=1 width=45) (actual time=1.063..687.533 rows=15325 loops=1)
              ->  Nested Loop  (cost=0.00..139047.63 rows=1 width=56) (actual time=1.054..671.185 rows=5113 loops=1)
                    ->  Nested Loop  (cost=0.00..139044.83 rows=1 width=60) (actual time=1.050..665.291 rows=5113 loops=1)
                          ->  Nested Loop  (cost=0.00..139040.83 rows=1 width=64) (actual time=1.046..658.519 rows=5684 loops=1)
                                ->  Nested Loop  (cost=0.00..138954.83 rows=1 width=56) (actual time=1.028..249.989 rows=4729 loops=1)
                                      ->  Nested Loop  (cost=0.00..138952.83 rows=1 width=41) (actual time=1.022..235.664 rows=4858 loops=1)
                                            ->  Nested Loop  (cost=0.00..138947.50 rows=2 width=45) (actual time=1.019..229.917 rows=5030 loops=1)
                                                  ->  Nested Loop  (cost=0.00..138942.00 rows=3 width=49) (actual time=1.017..223.454 rows=6266 loops=1)
                                                        ->  Nested Loop  (cost=0.00..138932.00 rows=5 width=24) (actual time=1.009..186.226 rows=18311 loops=1)
                                                              ->  Nested Loop  (cost=0.00..138723.00 rows=19 width=12) (actual time=1.001..131.101 rows=6216 loops=1)
                                                                    ->  Nested Loop  (cost=0.00..138640.00 rows=37 width=16) (actual time=0.930..112.294 rows=20024 loops=1)
                                                                          ->  Nested Loop  (cost=0.00..137830.00 rows=135 width=4) (actual time=0.811..49.569 rows=37091 loops=1)
                                                                                ->  Seq Scan on keyword k  (cost=0.00..134170.00 rows=4 width=4) (actual time=0.800..15.751 rows=3 loops=1)
                                                                                      Filter: (keyword = ANY ('{murder,murder-in-title,blood,violence}'::text[]))
                                                                                      Rows Removed by Filter: 134167
                                                                                ->  Index Scan using keyword_id_movie_keyword on movie_keyword mk  (cost=0.00..610.00 rows=305 width=8) (actual time=0.008..9.794 rows=12364 loops=3)
                                                                                      Index Cond: (keyword_id = k.id)
                                                                          ->  Index Scan using movie_id_complete_cast on complete_cast cc  (cost=0.00..4.00 rows=2 width=12) (actual time=0.001..0.001 rows=1 loops=37091)
                                                                                Index Cond: (movie_id = mk.movie_id)
                                                                    ->  Index Scan using comp_cast_type_pkey on comp_cast_type cct1  (cost=0.00..2.00 rows=1 width=4) (actual time=0.001..0.001 rows=0 loops=20024)
                                                                          Index Cond: (id = cc.subject_id)
                                                                          Filter: ((kind)::text = 'crew'::text)
                                                                          Rows Removed by Filter: 1
                                                              ->  Index Scan using movie_id_movie_companies on movie_companies mc  (cost=0.00..10.00 rows=1 width=12) (actual time=0.005..0.008 rows=3 loops=6216)
                                                                    Index Cond: (movie_id = mk.movie_id)
                                                                    Filter: ((note !~~ '%(USA)%'::text) AND (note ~~ '%(200%)%'::text))
                                                                    Rows Removed by Filter: 11
                                                        ->  Index Scan using title_pkey on title t  (cost=0.00..2.00 rows=1 width=25) (actual time=0.002..0.002 rows=0 loops=18311)
                                                              Index Cond: (id = mk.movie_id)
                                                              Filter: (production_year > 2000)
                                                              Rows Removed by Filter: 1
                                                  ->  Index Scan using comp_cast_type_pkey on comp_cast_type cct2  (cost=0.00..2.00 rows=1 width=4) (actual time=0.001..0.001 rows=1 loops=6266)
                                                        Index Cond: (id = cc.status_id)
                                                        Filter: ((kind)::text <> 'complete+verified'::text)
                                                        Rows Removed by Filter: 0
                                            ->  Index Scan using kind_type_pkey on kind_type kt  (cost=0.00..2.00 rows=1 width=4) (actual time=0.001..0.001 rows=1 loops=5030)
                                                  Index Cond: (id = t.kind_id)
                                                  Filter: ((kind)::text = ANY ('{movie,episode}'::text[]))
                                                  Rows Removed by Filter: 0
                                      ->  Index Scan using company_name_pkey on company_name cn  (cost=0.00..2.00 rows=1 width=23) (actual time=0.003..0.003 rows=1 loops=4858)
                                            Index Cond: (id = mc.company_id)
                                            Filter: ((country_code)::text <> '[us]'::text)
                                            Rows Removed by Filter: 0
                                ->  Index Scan using movie_id_movie_info on movie_info mi  (cost=0.00..84.00 rows=2 width=8) (actual time=0.075..0.086 rows=1 loops=4729)
                                      Index Cond: (movie_id = t.id)
                                      Filter: (info = ANY ('{Sweden,Norway,Germany,Denmark,Swedish,Danish,Norwegian,German,USA,American}'::text[]))
                                      Rows Removed by Filter: 270
                          ->  Index Scan using info_type_pkey on info_type it1  (cost=0.00..2.00 rows=1 width=4) (actual time=0.001..0.001 rows=1 loops=5684)
                                Index Cond: (id = mi.info_type_id)
                                Filter: ((info)::text = 'countries'::text)
                                Rows Removed by Filter: 0
                    ->  Index Only Scan using company_type_pkey on company_type ct  (cost=0.00..2.00 rows=1 width=4) (actual time=0.001..0.001 rows=1 loops=5113)
                          Index Cond: (id = mc.company_type_id)
                          Heap Fetches: 5113
              ->  Index Scan using movie_id_movie_info_idx on movie_info_idx mi_idx  (cost=0.00..6.00 rows=3 width=13) (actual time=0.002..0.003 rows=3 loops=5113)
                    Index Cond: (movie_id = t.id)
                    Filter: (info < '8.5'::text)
                    Rows Removed by Filter: 0
        ->  Index Scan using info_type_pkey on info_type it2  (cost=0.00..2.00 rows=1 width=4) (actual time=0.001..0.001 rows=0 loops=15325)
              Index Cond: (id = mi_idx.info_type_id)
              Filter: ((info)::text = 'rating'::text)
              Rows Removed by Filter: 1
Planning time: 55.754 ms
Execution time: 705.959 ms
