Aggregate  (cost=472504.40..472505.40 rows=1 width=96) (actual time=198.762..198.762 rows=1 loops=1)
  ->  Nested Loop  (cost=114.00..472504.40 rows=148 width=41) (actual time=1.690..198.701 rows=148 loops=1)
        ->  Nested Loop  (cost=114.00..472238.00 rows=148 width=45) (actual time=1.687..198.545 rows=148 loops=1)
              ->  Nested Loop  (cost=114.00..471938.00 rows=150 width=30) (actual time=1.683..198.168 rows=150 loops=1)
                    ->  Nested Loop  (cost=114.00..471795.00 rows=13 width=42) (actual time=1.678..197.942 rows=13 loops=1)
                          ->  Nested Loop  (cost=114.00..471763.00 rows=17 width=46) (actual time=1.676..197.916 rows=17 loops=1)
                                ->  Nested Loop  (cost=114.00..471705.00 rows=28 width=50) (actual time=1.673..197.866 rows=28 loops=1)
                                      ->  Nested Loop  (cost=114.00..455470.00 rows=191 width=42) (actual time=1.241..190.371 rows=191 loops=1)
                                            ->  Nested Loop  (cost=114.00..455072.00 rows=199 width=46) (actual time=1.239..190.107 rows=199 loops=1)
                                                  ->  Nested Loop  (cost=114.00..452991.00 rows=925 width=50) (actual time=1.234..189.151 rows=925 loops=1)
                                                        ->  Hash Join  (cost=114.00..435981.00 rows=2835 width=38) (actual time=0.823..183.981 rows=2835 loops=1)
                                                              Hash Cond: (mi_idx.info_type_id = it2.id)
                                                              ->  Nested Loop  (cost=0.00..431670.00 rows=4234 width=42) (actual time=0.809..183.115 rows=4234 loops=1)
                                                                    ->  Nested Loop  (cost=0.00..396552.00 rows=17559 width=17) (actual time=0.806..140.843 rows=17559 loops=1)
                                                                          ->  Nested Loop  (cost=0.00..136915.00 rows=37091 width=4) (actual time=0.800..42.046 rows=37091 loops=1)
                                                                                ->  Seq Scan on keyword k  (cost=0.00..134170.00 rows=3 width=4) (actual time=0.792..15.209 rows=3 loops=1)
                                                                                      Filter: (keyword = ANY ('{murder,murder-in-title,blood,violence}'::text[]))
                                                                                      Rows Removed by Filter: 134167
                                                                                ->  Index Scan using keyword_id_movie_keyword on movie_keyword mk  (cost=0.00..610.00 rows=305 width=8) (actual time=0.007..7.438 rows=12364 loops=3)
                                                                                      Index Cond: (keyword_id = k.id)
                                                                          ->  Index Scan using movie_id_movie_info_idx on movie_info_idx mi_idx  (cost=0.00..6.00 rows=1 width=13) (actual time=0.002..0.002 rows=0 loops=37091)
                                                                                Index Cond: (movie_id = mk.movie_id)
                                                                                Filter: (info > '6.5'::text)
                                                                                Rows Removed by Filter: 2
                                                                    ->  Index Scan using title_pkey on title t  (cost=0.00..2.00 rows=1 width=25) (actual time=0.002..0.002 rows=0 loops=17559)
                                                                          Index Cond: (id = mk.movie_id)
                                                                          Filter: (production_year > 2005)
                                                                          Rows Removed by Filter: 1
                                                              ->  Hash  (cost=113.00..113.00 rows=1 width=4) (actual time=0.010..0.010 rows=1 loops=1)
                                                                    Buckets: 1024  Batches: 1  Memory Usage: 9kB
                                                                    ->  Seq Scan on info_type it2  (cost=0.00..113.00 rows=1 width=4) (actual time=0.008..0.009 rows=1 loops=1)
                                                                          Filter: ((info)::text = 'rating'::text)
                                                                          Rows Removed by Filter: 112
                                                        ->  Index Scan using movie_id_complete_cast on complete_cast cc  (cost=0.00..4.00 rows=2 width=12) (actual time=0.001..0.002 rows=0 loops=2835)
                                                              Index Cond: (movie_id = t.id)
                                                  ->  Index Scan using comp_cast_type_pkey on comp_cast_type cct1  (cost=0.00..2.00 rows=1 width=4) (actual time=0.001..0.001 rows=0 loops=925)
                                                        Index Cond: (id = cc.subject_id)
                                                        Filter: ((kind)::text = 'crew'::text)
                                                        Rows Removed by Filter: 1
                                            ->  Index Scan using kind_type_pkey on kind_type kt  (cost=0.00..2.00 rows=1 width=4) (actual time=0.001..0.001 rows=1 loops=199)
                                                  Index Cond: (id = t.kind_id)
                                                  Filter: ((kind)::text = ANY ('{movie,episode}'::text[]))
                                                  Rows Removed by Filter: 0
                                      ->  Index Scan using movie_id_movie_info on movie_info mi  (cost=0.00..84.00 rows=1 width=8) (actual time=0.035..0.039 rows=0 loops=191)
                                            Index Cond: (movie_id = t.id)
                                            Filter: (info = ANY ('{Sweden,Germany,Swedish,German}'::text[]))
                                            Rows Removed by Filter: 134
                                ->  Index Scan using info_type_pkey on info_type it1  (cost=0.00..2.00 rows=1 width=4) (actual time=0.001..0.001 rows=1 loops=28)
                                      Index Cond: (id = mi.info_type_id)
                                      Filter: ((info)::text = 'countries'::text)
                                      Rows Removed by Filter: 0
                          ->  Index Scan using comp_cast_type_pkey on comp_cast_type cct2  (cost=0.00..2.00 rows=1 width=4) (actual time=0.001..0.001 rows=1 loops=17)
                                Index Cond: (id = cc.status_id)
                                Filter: ((kind)::text <> 'complete+verified'::text)
                                Rows Removed by Filter: 0
                    ->  Index Scan using movie_id_movie_companies on movie_companies mc  (cost=0.00..10.00 rows=1 width=12) (actual time=0.005..0.016 rows=12 loops=13)
                          Index Cond: (movie_id = t.id)
                          Filter: ((note !~~ '%(USA)%'::text) AND (note ~~ '%(200%)%'::text))
                          Rows Removed by Filter: 17
              ->  Index Scan using company_name_pkey on company_name cn  (cost=0.00..2.00 rows=1 width=23) (actual time=0.002..0.002 rows=1 loops=150)
                    Index Cond: (id = mc.company_id)
                    Filter: ((country_code)::text <> '[us]'::text)
                    Rows Removed by Filter: 0
        ->  Index Only Scan using company_type_pkey on company_type ct  (cost=0.00..2.00 rows=1 width=4) (actual time=0.001..0.001 rows=1 loops=148)
              Index Cond: (id = mc.company_type_id)
              Heap Fetches: 148
Planning time: 54.097 ms
Execution time: 198.844 ms
