Aggregate  (cost=138936.80..138937.80 rows=1 width=96) (actual time=845.826..845.827 rows=1 loops=1)
  ->  Nested Loop  (cost=0.00..138936.80 rows=1 width=41) (actual time=1.272..842.778 rows=8373 loops=1)
        ->  Nested Loop  (cost=0.00..138932.80 rows=1 width=45) (actual time=1.269..832.254 rows=9489 loops=1)
              ->  Nested Loop  (cost=0.00..138846.80 rows=1 width=61) (actual time=1.253..275.942 rows=8156 loops=1)
                    ->  Nested Loop  (cost=0.00..138842.80 rows=1 width=65) (actual time=1.244..250.294 rows=24274 loops=1)
                          ->  Nested Loop  (cost=0.00..138833.80 rows=1 width=52) (actual time=1.233..224.274 rows=8286 loops=1)
                                ->  Nested Loop  (cost=0.00..138831.00 rows=1 width=56) (actual time=1.227..215.486 rows=8286 loops=1)
                                      ->  Nested Loop  (cost=0.00..138829.00 rows=1 width=41) (actual time=1.219..191.742 rows=8705 loops=1)
                                            ->  Nested Loop  (cost=0.00..138818.00 rows=1 width=29) (actual time=1.210..178.621 rows=922 loops=1)
                                                  ->  Nested Loop  (cost=0.00..138811.00 rows=3 width=33) (actual time=1.208..177.306 rows=1195 loops=1)
                                                        ->  Nested Loop  (cost=0.00..138800.00 rows=5 width=37) (actual time=1.204..175.437 rows=1558 loops=1)
                                                              ->  Nested Loop  (cost=0.00..138212.00 rows=98 width=25) (actual time=0.848..160.292 rows=8073 loops=1)
                                                                    ->  Nested Loop  (cost=0.00..138100.00 rows=56 width=29) (actual time=0.832..149.788 rows=9739 loops=1)
                                                                          ->  Nested Loop  (cost=0.00..137830.00 rows=135 width=4) (actual time=0.825..49.554 rows=37091 loops=1)
                                                                                ->  Seq Scan on keyword k  (cost=0.00..134170.00 rows=4 width=4) (actual time=0.814..15.365 rows=3 loops=1)
                                                                                      Filter: (keyword = ANY ('{murder,murder-in-title,blood,violence}'::text[]))
                                                                                      Rows Removed by Filter: 134167
                                                                                ->  Index Scan using keyword_id_movie_keyword on movie_keyword mk  (cost=0.00..610.00 rows=305 width=8) (actual time=0.009..9.859 rows=12364 loops=3)
                                                                                      Index Cond: (keyword_id = k.id)
                                                                          ->  Index Scan using title_pkey on title t  (cost=0.00..2.00 rows=1 width=25) (actual time=0.002..0.002 rows=0 loops=37091)
                                                                                Index Cond: (id = mk.movie_id)
                                                                                Filter: (production_year > 2005)
                                                                                Rows Removed by Filter: 1
                                                                    ->  Index Scan using kind_type_pkey on kind_type kt  (cost=0.00..2.00 rows=1 width=4) (actual time=0.001..0.001 rows=1 loops=9739)
                                                                          Index Cond: (id = t.kind_id)
                                                                          Filter: ((kind)::text = ANY ('{movie,episode}'::text[]))
                                                                          Rows Removed by Filter: 0
                                                              ->  Index Scan using movie_id_complete_cast on complete_cast cc  (cost=0.00..4.00 rows=2 width=12) (actual time=0.002..0.002 rows=0 loops=8073)
                                                                    Index Cond: (movie_id = t.id)
                                                        ->  Index Scan using comp_cast_type_pkey on comp_cast_type cct2  (cost=0.00..2.00 rows=1 width=4) (actual time=0.001..0.001 rows=1 loops=1558)
                                                              Index Cond: (id = cc.status_id)
                                                              Filter: ((kind)::text = 'complete'::text)
                                                              Rows Removed by Filter: 0
                                                  ->  Index Scan using comp_cast_type_pkey on comp_cast_type cct1  (cost=0.00..2.00 rows=1 width=4) (actual time=0.001..0.001 rows=1 loops=1195)
                                                        Index Cond: (id = cc.subject_id)
                                                        Filter: ((kind)::text = 'cast'::text)
                                                        Rows Removed by Filter: 0
                                            ->  Index Scan using movie_id_movie_companies on movie_companies mc  (cost=0.00..10.00 rows=1 width=12) (actual time=0.006..0.013 rows=9 loops=922)
                                                  Index Cond: (movie_id = t.id)
                                                  Filter: ((note !~~ '%(USA)%'::text) AND (note ~~ '%(200%)%'::text))
                                                  Rows Removed by Filter: 11
                                      ->  Index Scan using company_name_pkey on company_name cn  (cost=0.00..2.00 rows=1 width=23) (actual time=0.002..0.002 rows=1 loops=8705)
                                            Index Cond: (id = mc.company_id)
                                            Filter: ((country_code)::text <> '[us]'::text)
                                            Rows Removed by Filter: 0
                                ->  Index Only Scan using company_type_pkey on company_type ct  (cost=0.00..2.00 rows=1 width=4) (actual time=0.001..0.001 rows=1 loops=8286)
                                      Index Cond: (id = mc.company_type_id)
                                      Heap Fetches: 8286
                          ->  Index Scan using movie_id_movie_info_idx on movie_info_idx mi_idx  (cost=0.00..6.00 rows=3 width=13) (actual time=0.002..0.003 rows=3 loops=8286)
                                Index Cond: (movie_id = t.id)
                                Filter: (info < '8.5'::text)
                                Rows Removed by Filter: 0
                    ->  Index Scan using info_type_pkey on info_type it2  (cost=0.00..2.00 rows=1 width=4) (actual time=0.001..0.001 rows=0 loops=24274)
                          Index Cond: (id = mi_idx.info_type_id)
                          Filter: ((info)::text = 'rating'::text)
                          Rows Removed by Filter: 1
              ->  Index Scan using movie_id_movie_info on movie_info mi  (cost=0.00..84.00 rows=2 width=8) (actual time=0.057..0.068 rows=1 loops=8156)
                    Index Cond: (movie_id = t.id)
                    Filter: (info = ANY ('{Sweden,Norway,Germany,Denmark,Swedish,Danish,Norwegian,German,USA,American}'::text[]))
                    Rows Removed by Filter: 206
        ->  Index Scan using info_type_pkey on info_type it1  (cost=0.00..2.00 rows=1 width=4) (actual time=0.001..0.001 rows=1 loops=9489)
              Index Cond: (id = mi.info_type_id)
              Filter: ((info)::text = 'countries'::text)
              Rows Removed by Filter: 0
Planning time: 55.425 ms
Execution time: 845.941 ms
