Aggregate  (cost=135441.57..135442.57 rows=1 width=96) (actual time=44.920..44.920 rows=1 loops=1)
  ->  Nested Loop  (cost=0.00..135441.57 rows=1 width=48) (actual time=1.762..44.532 rows=1620 loops=1)
        ->  Nested Loop  (cost=0.00..135439.57 rows=1 width=52) (actual time=1.754..32.715 rows=7128 loops=1)
              ->  Nested Loop  (cost=0.00..135424.57 rows=1 width=68) (actual time=1.746..30.133 rows=324 loops=1)
                    ->  Nested Loop  (cost=0.00..135420.57 rows=1 width=72) (actual time=1.744..29.760 rows=324 loops=1)
                          ->  Nested Loop  (cost=0.00..135335.57 rows=1 width=64) (actual time=1.720..13.894 rows=162 loops=1)
                                ->  Nested Loop  (cost=0.00..135329.57 rows=1 width=76) (actual time=1.710..13.709 rows=54 loops=1)
                                      ->  Nested Loop  (cost=0.00..135325.57 rows=1 width=80) (actual time=1.691..13.498 rows=163 loops=1)
                                            ->  Nested Loop  (cost=0.00..135321.57 rows=1 width=84) (actual time=1.688..13.314 rows=163 loops=1)
                                                  ->  Nested Loop  (cost=0.00..135317.57 rows=1 width=88) (actual time=1.684..13.108 rows=163 loops=1)
                                                        ->  Nested Loop  (cost=0.00..135311.57 rows=1 width=76) (actual time=1.673..12.732 rows=163 loops=1)
                                                              ->  Nested Loop  (cost=0.00..135307.57 rows=1 width=64) (actual time=1.664..12.366 rows=163 loops=1)
                                                                    ->  Nested Loop  (cost=0.00..135232.57 rows=1 width=56) (actual time=1.656..12.281 rows=1 loops=1)
                                                                          ->  Nested Loop  (cost=0.00..135230.57 rows=1 width=37) (actual time=1.646..12.201 rows=11 loops=1)
                                                                                ->  Nested Loop  (cost=0.00..135226.57 rows=1 width=41) (actual time=1.589..12.153 rows=38 loops=1)
                                                                                      ->  Nested Loop  (cost=0.00..135153.57 rows=1 width=25) (actual time=1.576..11.778 rows=1 loops=1)
                                                                                            ->  Nested Loop  (cost=0.00..135085.00 rows=34 width=4) (actual time=0.053..10.043 rows=414 loops=1)
                                                                                                  ->  Seq Scan on keyword k  (cost=0.00..134170.00 rows=1 width=4) (actual time=0.037..9.513 rows=1 loops=1)
                                                                                                        Filter: (keyword = 'computer-animation'::text)
                                                                                                        Rows Removed by Filter: 134169
                                                                                                  ->  Index Scan using keyword_id_movie_keyword on movie_keyword mk  (cost=0.00..610.00 rows=305 width=8) (actual time=0.014..0.469 rows=414 loops=1)
                                                                                                        Index Cond: (keyword_id = k.id)
                                                                                            ->  Index Scan using title_pkey on title t  (cost=0.00..2.00 rows=1 width=21) (actual time=0.004..0.004 rows=0 loops=414)
                                                                                                  Index Cond: (id = mk.movie_id)
                                                                                                  Filter: ((production_year >= 2000) AND (production_year <= 2010) AND (title = 'Shrek 2'::text))
                                                                                                  Rows Removed by Filter: 1
                                                                                      ->  Index Scan using movie_id_cast_info on cast_info ci  (cost=0.00..72.00 rows=1 width=16) (actual time=0.012..0.367 rows=38 loops=1)
                                                                                            Index Cond: (movie_id = t.id)
                                                                                            Filter: (note = ANY ('{(voice),"(voice) (uncredited)","(voice: English version)"}'::text[]))
                                                                                            Rows Removed by Filter: 191
                                                                                ->  Index Scan using role_type_pkey on role_type rt  (cost=0.00..2.00 rows=1 width=4) (actual time=0.001..0.001 rows=0 loops=38)
                                                                                      Index Cond: (id = ci.role_id)
                                                                                      Filter: ((role)::text = 'actress'::text)
                                                                                      Rows Removed by Filter: 1
                                                                          ->  Index Scan using name_pkey on name n  (cost=0.00..2.00 rows=1 width=19) (actual time=0.007..0.007 rows=0 loops=11)
                                                                                Index Cond: (id = ci.person_id)
                                                                                Filter: ((name ~~ '%An%'::text) AND ((gender)::text = 'f'::text))
                                                                                Rows Removed by Filter: 1
                                                                    ->  Index Scan using person_id_person_info on person_info pi  (cost=0.00..50.00 rows=25 width=8) (actual time=0.007..0.051 rows=163 loops=1)
                                                                          Index Cond: (person_id = n.id)
                                                              ->  Index Scan using char_name_pkey on char_name chn  (cost=0.00..2.00 rows=1 width=20) (actual time=0.002..0.002 rows=1 loops=163)
                                                                    Index Cond: (id = ci.person_role_id)
                                                                    Filter: (name = 'Queen'::text)
                                                        ->  Index Scan using movie_id_complete_cast on complete_cast cc  (cost=0.00..4.00 rows=2 width=12) (actual time=0.002..0.002 rows=1 loops=163)
                                                              Index Cond: (movie_id = t.id)
                                                  ->  Index Scan using comp_cast_type_pkey on comp_cast_type cct1  (cost=0.00..2.00 rows=1 width=4) (actual time=0.001..0.001 rows=1 loops=163)
                                                        Index Cond: (id = cc.subject_id)
                                                        Filter: ((kind)::text = 'cast'::text)
                                            ->  Index Scan using comp_cast_type_pkey on comp_cast_type cct2  (cost=0.00..2.00 rows=1 width=4) (actual time=0.001..0.001 rows=1 loops=163)
                                                  Index Cond: (id = cc.status_id)
                                                  Filter: ((kind)::text = 'complete+verified'::text)
                                      ->  Index Scan using info_type_pkey on info_type it3  (cost=0.00..2.00 rows=1 width=4) (actual time=0.001..0.001 rows=0 loops=163)
                                            Index Cond: (id = pi.info_type_id)
                                            Filter: ((info)::text = 'trivia'::text)
                                            Rows Removed by Filter: 1
                                ->  Index Only Scan using person_id_aka_name on aka_name an  (cost=0.00..4.00 rows=2 width=4) (actual time=0.002..0.003 rows=3 loops=54)
                                      Index Cond: (person_id = n.id)
                                      Heap Fetches: 162
                          ->  Index Scan using movie_id_movie_info on movie_info mi  (cost=0.00..84.00 rows=1 width=8) (actual time=0.010..0.097 rows=2 loops=162)
                                Index Cond: (movie_id = t.id)
                                Filter: ((info IS NOT NULL) AND ((info ~~ 'Japan:%200%'::text) OR (info ~~ 'USA:%200%'::text)))
                                Rows Removed by Filter: 455
                    ->  Index Scan using info_type_pkey on info_type it  (cost=0.00..2.00 rows=1 width=4) (actual time=0.001..0.001 rows=1 loops=324)
                          Index Cond: (id = mi.info_type_id)
                          Filter: ((info)::text = 'release dates'::text)
              ->  Index Scan using movie_id_movie_companies on movie_companies mc  (cost=0.00..10.00 rows=5 width=8) (actual time=0.002..0.005 rows=22 loops=324)
                    Index Cond: (movie_id = t.id)
        ->  Index Scan using company_name_pkey on company_name cn  (cost=0.00..2.00 rows=1 width=4) (actual time=0.001..0.001 rows=0 loops=7128)
              Index Cond: (id = mc.company_id)
              Filter: ((country_code)::text = '[us]'::text)
              Rows Removed by Filter: 1
Planning time: 75.354 ms
Execution time: 45.068 ms
