Aggregate  (cost=135956.80..135957.80 rows=1 width=96) (actual time=288.889..288.889 rows=1 loops=1)
  ->  Nested Loop  (cost=0.00..135956.80 rows=1 width=48) (actual time=204.368..288.876 rows=15 loops=1)
        ->  Nested Loop  (cost=0.00..135954.80 rows=1 width=52) (actual time=204.359..288.722 rows=66 loops=1)
              ->  Nested Loop  (cost=0.00..135939.80 rows=1 width=68) (actual time=204.350..288.688 rows=3 loops=1)
                    ->  Nested Loop  (cost=0.00..135935.80 rows=1 width=72) (actual time=177.962..288.196 rows=489 loops=1)
                          ->  Nested Loop  (cost=0.00..135931.80 rows=1 width=76) (actual time=177.957..287.679 rows=489 loops=1)
                                ->  Nested Loop  (cost=0.00..135846.80 rows=1 width=68) (actual time=177.934..249.985 rows=489 loops=1)
                                      ->  Nested Loop  (cost=0.00..135842.80 rows=1 width=72) (actual time=177.931..249.498 rows=489 loops=1)
                                            ->  Nested Loop  (cost=0.00..135838.80 rows=1 width=60) (actual time=177.922..248.648 rows=489 loops=1)
                                                  ->  Nested Loop  (cost=0.00..135836.00 rows=1 width=39) (actual time=10.172..234.967 rows=8969 loops=1)
                                                        ->  Nested Loop  (cost=0.00..135834.00 rows=1 width=36) (actual time=0.284..145.505 rows=57097 loops=1)
                                                              ->  Nested Loop  (cost=0.00..135828.00 rows=1 width=32) (actual time=0.275..99.340 rows=18563 loops=1)
                                                                    ->  Nested Loop  (cost=0.00..135824.00 rows=1 width=36) (actual time=0.149..47.970 rows=59748 loops=1)
                                                                          ->  Nested Loop  (cost=0.00..135674.00 rows=2 width=28) (actual time=0.141..21.086 rows=2067 loops=1)
                                                                                ->  Nested Loop  (cost=0.00..135309.00 rows=5 width=12) (actual time=0.130..10.791 rows=74 loops=1)
                                                                                      ->  Nested Loop  (cost=0.00..135289.00 rows=9 width=16) (actual time=0.127..10.671 rows=90 loops=1)
                                                                                            ->  Nested Loop  (cost=0.00..135085.00 rows=34 width=4) (actual time=0.055..9.659 rows=414 loops=1)
                                                                                                  ->  Seq Scan on keyword k  (cost=0.00..134170.00 rows=1 width=4) (actual time=0.039..9.121 rows=1 loops=1)
                                                                                                        Filter: (keyword = 'computer-animation'::text)
                                                                                                        Rows Removed by Filter: 134169
                                                                                                  ->  Index Scan using keyword_id_movie_keyword on movie_keyword mk  (cost=0.00..610.00 rows=305 width=8) (actual time=0.015..0.478 rows=414 loops=1)
                                                                                                        Index Cond: (keyword_id = k.id)
                                                                                            ->  Index Scan using movie_id_complete_cast on complete_cast cc  (cost=0.00..4.00 rows=2 width=12) (actual time=0.002..0.002 rows=0 loops=414)
                                                                                                  Index Cond: (movie_id = mk.movie_id)
                                                                                      ->  Index Scan using comp_cast_type_pkey on comp_cast_type cct1  (cost=0.00..2.00 rows=1 width=4) (actual time=0.001..0.001 rows=1 loops=90)
                                                                                            Index Cond: (id = cc.subject_id)
                                                                                            Filter: ((kind)::text = 'cast'::text)
                                                                                            Rows Removed by Filter: 0
                                                                                ->  Index Scan using movie_id_cast_info on cast_info ci  (cost=0.00..72.00 rows=1 width=16) (actual time=0.015..0.135 rows=28 loops=74)
                                                                                      Index Cond: (movie_id = mk.movie_id)
                                                                                      Filter: (note = ANY ('{(voice),"(voice) (uncredited)","(voice: English version)"}'::text[]))
                                                                                      Rows Removed by Filter: 94
                                                                          ->  Index Scan using person_id_person_info on person_info pi  (cost=0.00..50.00 rows=25 width=8) (actual time=0.003..0.009 rows=29 loops=2067)
                                                                                Index Cond: (person_id = ci.person_id)
                                                                    ->  Index Scan using role_type_pkey on role_type rt  (cost=0.00..2.00 rows=1 width=4) (actual time=0.001..0.001 rows=0 loops=59748)
                                                                          Index Cond: (id = ci.role_id)
                                                                          Filter: ((role)::text = 'actress'::text)
                                                                          Rows Removed by Filter: 1
                                                              ->  Index Only Scan using person_id_aka_name on aka_name an  (cost=0.00..4.00 rows=2 width=4) (actual time=0.001..0.002 rows=3 loops=18563)
                                                                    Index Cond: (person_id = ci.person_id)
                                                                    Heap Fetches: 57097
                                                        ->  Index Scan using name_pkey on name n  (cost=0.00..2.00 rows=1 width=19) (actual time=0.001..0.001 rows=0 loops=57097)
                                                              Index Cond: (id = ci.person_id)
                                                              Filter: ((name ~~ '%An%'::text) AND ((gender)::text = 'f'::text))
                                                              Rows Removed by Filter: 1
                                                  ->  Index Scan using title_pkey on title t  (cost=0.00..2.00 rows=1 width=21) (actual time=0.001..0.001 rows=0 loops=8969)
                                                        Index Cond: (id = ci.movie_id)
                                                        Filter: ((production_year >= 2000) AND (production_year <= 2005) AND (title = 'Shrek 2'::text))
                                                        Rows Removed by Filter: 1
                                            ->  Index Scan using char_name_pkey on char_name chn  (cost=0.00..2.00 rows=1 width=20) (actual time=0.001..0.001 rows=1 loops=489)
                                                  Index Cond: (id = ci.person_role_id)
                                                  Filter: (name = 'Queen'::text)
                                      ->  Index Scan using comp_cast_type_pkey on comp_cast_type cct2  (cost=0.00..2.00 rows=1 width=4) (actual time=0.001..0.001 rows=1 loops=489)
                                            Index Cond: (id = cc.status_id)
                                            Filter: ((kind)::text = 'complete+verified'::text)
                                ->  Index Scan using movie_id_movie_info on movie_info mi  (cost=0.00..84.00 rows=1 width=8) (actual time=0.009..0.077 rows=1 loops=489)
                                      Index Cond: (movie_id = t.id)
                                      Filter: (info ~~ 'USA:%200%'::text)
                                      Rows Removed by Filter: 456
                          ->  Index Scan using info_type_pkey on info_type it  (cost=0.00..2.00 rows=1 width=4) (actual time=0.001..0.001 rows=1 loops=489)
                                Index Cond: (id = mi.info_type_id)
                                Filter: ((info)::text = 'release dates'::text)
                    ->  Index Scan using info_type_pkey on info_type it3  (cost=0.00..2.00 rows=1 width=4) (actual time=0.001..0.001 rows=0 loops=489)
                          Index Cond: (id = pi.info_type_id)
                          Filter: ((info)::text = 'height'::text)
                          Rows Removed by Filter: 1
              ->  Index Scan using movie_id_movie_companies on movie_companies mc  (cost=0.00..10.00 rows=5 width=8) (actual time=0.004..0.008 rows=22 loops=3)
                    Index Cond: (movie_id = t.id)
        ->  Index Scan using company_name_pkey on company_name cn  (cost=0.00..2.00 rows=1 width=4) (actual time=0.002..0.002 rows=0 loops=66)
              Index Cond: (id = mc.company_id)
              Filter: ((country_code)::text = '[us]'::text)
              Rows Removed by Filter: 1
Planning time: 75.118 ms
Execution time: 289.034 ms
