Aggregate  (cost=136398.00..136399.00 rows=1 width=96) (actual time=174.634..174.634 rows=1 loops=1)
  ->  Nested Loop  (cost=0.00..136398.00 rows=1 width=48) (actual time=36.399..170.889 rows=16308 loops=1)
        ->  Nested Loop  (cost=0.00..136394.00 rows=1 width=52) (actual time=36.302..117.263 rows=67827 loops=1)
              ->  Nested Loop  (cost=0.00..136319.00 rows=1 width=60) (actual time=36.290..101.114 rows=189 loops=1)
                    ->  Nested Loop  (cost=0.00..136313.00 rows=1 width=56) (actual time=36.281..100.955 rows=46 loops=1)
                          ->  Nested Loop  (cost=0.00..136309.00 rows=1 width=60) (actual time=36.278..100.906 rows=46 loops=1)
                                ->  Nested Loop  (cost=0.00..136307.00 rows=1 width=41) (actual time=8.914..97.655 rows=1820 loops=1)
                                      ->  Nested Loop  (cost=0.00..136305.00 rows=1 width=45) (actual time=8.884..84.018 rows=8672 loops=1)
                                            ->  Nested Loop  (cost=0.00..136290.00 rows=1 width=61) (actual time=8.875..81.140 rows=343 loops=1)
                                                  ->  Nested Loop  (cost=0.00..136286.00 rows=1 width=65) (actual time=6.369..80.124 rows=1126 loops=1)
                                                        ->  Nested Loop  (cost=0.00..136280.00 rows=1 width=53) (actual time=2.842..77.351 rows=1723 loops=1)
                                                              ->  Nested Loop  (cost=0.00..136276.00 rows=1 width=57) (actual time=2.836..75.677 rows=1723 loops=1)
                                                                    ->  Nested Loop  (cost=0.00..136191.00 rows=1 width=49) (actual time=0.584..31.627 rows=837 loops=1)
                                                                          ->  Nested Loop  (cost=0.00..136189.00 rows=1 width=37) (actual time=0.575..28.494 rows=1015 loops=1)
                                                                                ->  Nested Loop  (cost=0.00..136175.00 rows=6 width=41) (actual time=0.072..25.455 rows=3429 loops=1)
                                                                                      ->  Nested Loop  (cost=0.00..135153.00 rows=14 width=25) (actual time=0.061..10.421 rows=249 loops=1)
                                                                                            ->  Nested Loop  (cost=0.00..135085.00 rows=34 width=4) (actual time=0.052..8.782 rows=414 loops=1)
                                                                                                  ->  Seq Scan on keyword k  (cost=0.00..134170.00 rows=1 width=4) (actual time=0.039..8.278 rows=1 loops=1)
                                                                                                        Filter: (keyword = 'computer-animation'::text)
                                                                                                        Rows Removed by Filter: 134169
                                                                                                  ->  Index Scan using keyword_id_movie_keyword on movie_keyword mk  (cost=0.00..610.00 rows=305 width=8) (actual time=0.012..0.442 rows=414 loops=1)
                                                                                                        Index Cond: (keyword_id = k.id)
                                                                                            ->  Index Scan using title_pkey on title t  (cost=0.00..2.00 rows=1 width=21) (actual time=0.004..0.004 rows=1 loops=414)
                                                                                                  Index Cond: (id = mk.movie_id)
                                                                                                  Filter: ((production_year >= 2000) AND (production_year <= 2010))
                                                                                                  Rows Removed by Filter: 0
                                                                                      ->  Index Scan using movie_id_cast_info on cast_info ci  (cost=0.00..72.00 rows=1 width=16) (actual time=0.012..0.058 rows=14 loops=249)
                                                                                            Index Cond: (movie_id = t.id)
                                                                                            Filter: (note = ANY ('{(voice),"(voice: Japanese version)","(voice) (uncredited)","(voice: English version)"}'::text[]))
                                                                                            Rows Removed by Filter: 41
                                                                                ->  Index Scan using role_type_pkey on role_type rt  (cost=0.00..2.00 rows=1 width=4) (actual time=0.001..0.001 rows=0 loops=3429)
                                                                                      Index Cond: (id = ci.role_id)
                                                                                      Filter: ((role)::text = 'actress'::text)
                                                                                      Rows Removed by Filter: 1
                                                                          ->  Index Scan using char_name_pkey on char_name chn  (cost=0.00..2.00 rows=1 width=20) (actual time=0.003..0.003 rows=1 loops=1015)
                                                                                Index Cond: (id = ci.person_role_id)
                                                                    ->  Index Scan using movie_id_movie_info on movie_info mi  (cost=0.00..84.00 rows=1 width=8) (actual time=0.015..0.052 rows=2 loops=837)
                                                                          Index Cond: (movie_id = t.id)
                                                                          Filter: ((info IS NOT NULL) AND ((info ~~ 'Japan:%200%'::text) OR (info ~~ 'USA:%200%'::text)))
                                                                          Rows Removed by Filter: 186
                                                              ->  Index Scan using info_type_pkey on info_type it  (cost=0.00..2.00 rows=1 width=4) (actual time=0.001..0.001 rows=1 loops=1723)
                                                                    Index Cond: (id = mi.info_type_id)
                                                                    Filter: ((info)::text = 'release dates'::text)
                                                        ->  Index Scan using movie_id_complete_cast on complete_cast cc  (cost=0.00..4.00 rows=2 width=12) (actual time=0.001..0.001 rows=1 loops=1723)
                                                              Index Cond: (movie_id = t.id)
                                                  ->  Index Scan using comp_cast_type_pkey on comp_cast_type cct2  (cost=0.00..2.00 rows=1 width=4) (actual time=0.001..0.001 rows=0 loops=1126)
                                                        Index Cond: (id = cc.status_id)
                                                        Filter: ((kind)::text = 'complete+verified'::text)
                                                        Rows Removed by Filter: 1
                                            ->  Index Scan using movie_id_movie_companies on movie_companies mc  (cost=0.00..10.00 rows=5 width=8) (actual time=0.002..0.005 rows=25 loops=343)
                                                  Index Cond: (movie_id = t.id)
                                      ->  Index Scan using company_name_pkey on company_name cn  (cost=0.00..2.00 rows=1 width=4) (actual time=0.001..0.001 rows=0 loops=8672)
                                            Index Cond: (id = mc.company_id)
                                            Filter: ((country_code)::text = '[us]'::text)
                                            Rows Removed by Filter: 1
                                ->  Index Scan using name_pkey on name n  (cost=0.00..2.00 rows=1 width=19) (actual time=0.002..0.002 rows=0 loops=1820)
                                      Index Cond: (id = ci.person_id)
                                      Filter: ((name ~~ '%An%'::text) AND ((gender)::text = 'f'::text))
                                      Rows Removed by Filter: 1
                          ->  Index Scan using comp_cast_type_pkey on comp_cast_type cct1  (cost=0.00..2.00 rows=1 width=4) (actual time=0.001..0.001 rows=1 loops=46)
                                Index Cond: (id = cc.subject_id)
                                Filter: ((kind)::text = 'cast'::text)
                    ->  Index Only Scan using person_id_aka_name on aka_name an  (cost=0.00..4.00 rows=2 width=4) (actual time=0.002..0.003 rows=4 loops=46)
                          Index Cond: (person_id = n.id)
                          Heap Fetches: 189
              ->  Index Scan using person_id_person_info on person_info pi  (cost=0.00..50.00 rows=25 width=8) (actual time=0.003..0.046 rows=359 loops=189)
                    Index Cond: (person_id = n.id)
        ->  Index Scan using info_type_pkey on info_type it3  (cost=0.00..2.00 rows=1 width=4) (actual time=0.001..0.001 rows=0 loops=67827)
              Index Cond: (id = pi.info_type_id)
              Filter: ((info)::text = 'trivia'::text)
              Rows Removed by Filter: 1
Planning time: 75.254 ms
Execution time: 174.766 ms
