Aggregate  (cost=135763.00..135764.00 rows=1 width=32) (actual time=6161.883..6161.883 rows=1 loops=1)
  ->  Nested Loop  (cost=0.00..135763.00 rows=3 width=17) (actual time=40.262..6158.192 rows=7834 loops=1)
        ->  Nested Loop  (cost=0.00..135757.00 rows=3 width=8) (actual time=38.948..4662.097 rows=7834 loops=1)
              ->  Nested Loop  (cost=0.00..135595.00 rows=81 width=12) (actual time=7.311..2895.169 rows=148552 loops=1)
                    ->  Nested Loop  (cost=0.00..135085.00 rows=34 width=4) (actual time=5.453..1998.449 rows=41840 loops=1)
                          ->  Seq Scan on keyword k  (cost=0.00..134170.00 rows=1 width=4) (actual time=3.730..56.059 rows=1 loops=1)
                                Filter: (keyword = 'character-name-in-title'::text)
                                Rows Removed by Filter: 134169
                          ->  Index Scan using keyword_id_movie_keyword on movie_keyword mk  (cost=0.00..610.00 rows=305 width=8) (actual time=1.721..1936.835 rows=41840 loops=1)
                                Index Cond: (keyword_id = k.id)
                    ->  Index Scan using movie_id_movie_companies on movie_companies mc  (cost=0.00..10.00 rows=5 width=8) (actual time=0.019..0.021 rows=4 loops=41840)
                          Index Cond: (movie_id = mk.movie_id)
              ->  Index Scan using company_name_pkey on company_name cn  (cost=0.00..2.00 rows=1 width=4) (actual time=0.012..0.012 rows=0 loops=148552)
                    Index Cond: (id = mc.company_id)
                    Filter: ((country_code)::text = '[de]'::text)
                    Rows Removed by Filter: 1
        ->  Index Scan using title_pkey on title t  (cost=0.00..2.00 rows=1 width=21) (actual time=0.191..0.191 rows=1 loops=7834)
              Index Cond: (id = mc.movie_id)
Planning time: 0.761 ms
Execution time: 6161.924 ms
