Aggregate  (cost=135809.00..135810.00 rows=1 width=32) (actual time=602.893..602.893 rows=1 loops=1)
  ->  Nested Loop  (cost=0.00..135809.00 rows=26 width=17) (actual time=0.449..591.472 rows=68316 loops=1)
        ->  Nested Loop  (cost=0.00..135757.00 rows=26 width=8) (actual time=0.444..460.823 rows=68316 loops=1)
              ->  Nested Loop  (cost=0.00..135595.00 rows=81 width=12) (actual time=0.434..172.329 rows=148552 loops=1)
                    ->  Nested Loop  (cost=0.00..135085.00 rows=34 width=4) (actual time=0.425..31.183 rows=41840 loops=1)
                          ->  Seq Scan on keyword k  (cost=0.00..134170.00 rows=1 width=4) (actual time=0.415..8.617 rows=1 loops=1)
                                Filter: (keyword = 'character-name-in-title'::text)
                                Rows Removed by Filter: 134169
                          ->  Index Scan using keyword_id_movie_keyword on movie_keyword mk  (cost=0.00..610.00 rows=305 width=8) (actual time=0.010..16.801 rows=41840 loops=1)
                                Index Cond: (keyword_id = k.id)
                    ->  Index Scan using movie_id_movie_companies on movie_companies mc  (cost=0.00..10.00 rows=5 width=8) (actual time=0.002..0.003 rows=4 loops=41840)
                          Index Cond: (movie_id = mk.movie_id)
              ->  Index Scan using company_name_pkey on company_name cn  (cost=0.00..2.00 rows=1 width=4) (actual time=0.002..0.002 rows=0 loops=148552)
                    Index Cond: (id = mc.company_id)
                    Filter: ((country_code)::text = '[us]'::text)
                    Rows Removed by Filter: 1
        ->  Index Scan using title_pkey on title t  (cost=0.00..2.00 rows=1 width=21) (actual time=0.002..0.002 rows=1 loops=68316)
              Index Cond: (id = mc.movie_id)
Planning time: 0.854 ms
Execution time: 602.933 ms
