Aggregate  (cost=1143467.00..1143468.00 rows=1 width=32) (actual time=567.560..567.560 rows=1 loops=1)
  ->  Nested Loop  (cost=0.00..1143467.00 rows=68316 width=17) (actual time=0.449..556.452 rows=68316 loops=1)
        ->  Nested Loop  (cost=0.00..846365.00 rows=148552 width=21) (actual time=0.436..279.496 rows=148552 loops=1)
              ->  Nested Loop  (cost=0.00..218765.00 rows=41840 width=25) (actual time=0.421..139.542 rows=41840 loops=1)
                    ->  Nested Loop  (cost=0.00..135085.00 rows=41840 width=4) (actual time=0.410..31.998 rows=41840 loops=1)
                          ->  Seq Scan on keyword k  (cost=0.00..134170.00 rows=1 width=4) (actual time=0.399..8.833 rows=1 loops=1)
                                Filter: (keyword = 'character-name-in-title'::text)
                                Rows Removed by Filter: 134169
                          ->  Index Scan using keyword_id_movie_keyword on movie_keyword mk  (cost=0.00..610.00 rows=305 width=8) (actual time=0.010..17.056 rows=41840 loops=1)
                                Index Cond: (keyword_id = k.id)
                    ->  Index Scan using title_pkey on title t  (cost=0.00..2.00 rows=1 width=21) (actual time=0.002..0.002 rows=1 loops=41840)
                          Index Cond: (id = mk.movie_id)
              ->  Index Scan using movie_id_movie_companies on movie_companies mc  (cost=0.00..10.00 rows=5 width=8) (actual time=0.002..0.003 rows=4 loops=41840)
                    Index Cond: (movie_id = t.id)
        ->  Index Scan using company_name_pkey on company_name cn  (cost=0.00..2.00 rows=1 width=4) (actual time=0.002..0.002 rows=0 loops=148552)
              Index Cond: (id = mc.company_id)
              Filter: ((country_code)::text = '[us]'::text)
              Rows Removed by Filter: 1
Planning time: 0.751 ms
Execution time: 567.591 ms
