Aggregate  (cost=143582.00..143583.00 rows=1 width=128) (actual time=650.169..650.169 rows=1 loops=1)
  ->  Nested Loop  (cost=0.00..143582.00 rows=1 width=79) (actual time=5.043..649.658 rows=757 loops=1)
        ->  Nested Loop  (cost=0.00..143580.00 rows=1 width=68) (actual time=5.035..645.075 rows=1021 loops=1)
              ->  Nested Loop  (cost=0.00..143507.00 rows=1 width=84) (actual time=4.867..500.486 rows=1161 loops=1)
                    ->  Nested Loop  (cost=0.00..143503.00 rows=1 width=88) (actual time=4.862..499.150 rows=1161 loops=1)
                          ->  Nested Loop  (cost=0.00..143497.00 rows=2 width=92) (actual time=4.855..494.956 rows=3513 loops=1)
                                ->  Nested Loop  (cost=0.00..143488.00 rows=1 width=79) (actual time=4.847..489.431 rows=1161 loops=1)
                                      ->  Nested Loop  (cost=0.00..141958.00 rows=18 width=29) (actual time=1.078..348.476 rows=2027 loops=1)
                                            ->  Nested Loop  (cost=0.00..141922.00 rows=18 width=33) (actual time=1.076..346.359 rows=2027 loops=1)
                                                  ->  Nested Loop  (cost=0.00..141839.00 rows=37 width=37) (actual time=0.988..339.422 rows=7185 loops=1)
                                                        ->  Nested Loop  (cost=0.00..141047.00 rows=132 width=25) (actual time=0.662..285.670 rows=32779 loops=1)
                                                              ->  Nested Loop  (cost=0.00..140575.00 rows=236 width=4) (actual time=0.656..87.603 rows=76714 loops=1)
                                                                    ->  Seq Scan on keyword k  (cost=0.00..134170.00 rows=7 width=4) (actual time=0.643..21.393 rows=7 loops=1)
                                                                          Filter: (keyword = ANY ('{murder,violence,blood,gore,death,female-nudity,hospital}'::text[]))
                                                                          Rows Removed by Filter: 134163
                                                                    ->  Index Scan using keyword_id_movie_keyword on movie_keyword mk  (cost=0.00..610.00 rows=305 width=8) (actual time=0.008..8.118 rows=10959 loops=7)
                                                                          Index Cond: (keyword_id = k.id)
                                                              ->  Index Scan using title_pkey on title t  (cost=0.00..2.00 rows=1 width=21) (actual time=0.002..0.002 rows=0 loops=76714)
                                                                    Index Cond: (id = mk.movie_id)
                                                                    Filter: (production_year > 2000)
                                                                    Rows Removed by Filter: 1
                                                        ->  Index Scan using movie_id_complete_cast on complete_cast cc  (cost=0.00..4.00 rows=2 width=12) (actual time=0.001..0.001 rows=0 loops=32779)
                                                              Index Cond: (movie_id = t.id)
                                                  ->  Index Scan using comp_cast_type_pkey on comp_cast_type cct2  (cost=0.00..2.00 rows=1 width=4) (actual time=0.001..0.001 rows=0 loops=7185)
                                                        Index Cond: (id = cc.status_id)
                                                        Filter: ((kind)::text = 'complete+verified'::text)
                                                        Rows Removed by Filter: 1
                                            ->  Index Scan using comp_cast_type_pkey on comp_cast_type cct1  (cost=0.00..2.00 rows=1 width=4) (actual time=0.001..0.001 rows=1 loops=2027)
                                                  Index Cond: (id = cc.subject_id)
                                                  Filter: ((kind)::text = ANY ('{cast,crew}'::text[]))
                                      ->  Index Scan using movie_id_movie_info on movie_info mi  (cost=0.00..84.00 rows=1 width=50) (actual time=0.069..0.069 rows=1 loops=2027)
                                            Index Cond: (movie_id = t.id)
                                            Filter: (info = ANY ('{Horror,Thriller}'::text[]))
                                            Rows Removed by Filter: 224
                                ->  Index Scan using movie_id_movie_info_idx on movie_info_idx mi_idx  (cost=0.00..6.00 rows=3 width=13) (actual time=0.003..0.004 rows=3 loops=1161)
                                      Index Cond: (movie_id = t.id)
                          ->  Index Scan using info_type_pkey on info_type it2  (cost=0.00..2.00 rows=1 width=4) (actual time=0.001..0.001 rows=0 loops=3513)
                                Index Cond: (id = mi_idx.info_type_id)
                                Filter: ((info)::text = 'votes'::text)
                                Rows Removed by Filter: 1
                    ->  Index Scan using info_type_pkey on info_type it1  (cost=0.00..2.00 rows=1 width=4) (actual time=0.001..0.001 rows=1 loops=1161)
                          Index Cond: (id = mi.info_type_id)
                          Filter: ((info)::text = 'genres'::text)
              ->  Index Scan using movie_id_cast_info on cast_info ci  (cost=0.00..72.00 rows=1 width=8) (actual time=0.079..0.124 rows=1 loops=1161)
                    Index Cond: (movie_id = t.id)
                    Filter: (note = ANY ('{(writer),"(head writer)","(written by)",(story),"(story editor)"}'::text[]))
                    Rows Removed by Filter: 126
        ->  Index Scan using name_pkey on name n  (cost=0.00..2.00 rows=1 width=19) (actual time=0.004..0.004 rows=1 loops=1021)
              Index Cond: (id = ci.person_id)
              Filter: ((gender)::text = 'm'::text)
              Rows Removed by Filter: 0
Planning time: 45.163 ms
Execution time: 650.263 ms
