Aggregate  (cost=141237.34..141238.34 rows=1 width=128) (actual time=265.998..265.998 rows=1 loops=1)
  ->  Nested Loop  (cost=0.00..141237.34 rows=1 width=79) (actual time=104.663..265.961 rows=28 loops=1)
        ->  Nested Loop  (cost=0.00..141233.34 rows=1 width=83) (actual time=24.963..265.846 rows=108 loops=1)
              ->  Nested Loop  (cost=0.00..141229.34 rows=1 width=87) (actual time=24.960..265.718 rows=108 loops=1)
                    ->  Nested Loop  (cost=0.00..141144.34 rows=1 width=61) (actual time=24.883..260.836 rows=69 loops=1)
                          ->  Nested Loop  (cost=0.00..141141.01 rows=1 width=65) (actual time=24.877..260.727 rows=69 loops=1)
                                ->  Nested Loop  (cost=0.00..141135.01 rows=1 width=53) (actual time=14.505..260.503 rows=73 loops=1)
                                      ->  Nested Loop  (cost=0.00..141131.01 rows=1 width=57) (actual time=14.498..260.241 rows=219 loops=1)
                                            ->  Nested Loop  (cost=0.00..141122.01 rows=1 width=44) (actual time=14.490..259.966 rows=73 loops=1)
                                                  ->  Nested Loop  (cost=0.00..141120.01 rows=1 width=33) (actual time=14.476..259.617 rows=77 loops=1)
                                                        ->  Nested Loop  (cost=0.00..141047.01 rows=1 width=25) (actual time=14.350..255.573 rows=49 loops=1)
                                                              ->  Nested Loop  (cost=0.00..140575.00 rows=236 width=4) (actual time=0.657..79.872 rows=76714 loops=1)
                                                                    ->  Seq Scan on keyword k  (cost=0.00..134170.00 rows=7 width=4) (actual time=0.644..20.327 rows=7 loops=1)
                                                                          Filter: (keyword = ANY ('{murder,violence,blood,gore,death,female-nudity,hospital}'::text[]))
                                                                          Rows Removed by Filter: 134163
                                                                    ->  Index Scan using keyword_id_movie_keyword on movie_keyword mk  (cost=0.00..610.00 rows=305 width=8) (actual time=0.008..7.318 rows=10959 loops=7)
                                                                          Index Cond: (keyword_id = k.id)
                                                              ->  Index Scan using title_pkey on title t  (cost=0.00..2.00 rows=1 width=21) (actual time=0.002..0.002 rows=0 loops=76714)
                                                                    Index Cond: (id = mk.movie_id)
                                                                    Filter: ((production_year > 2000) AND ((title ~~ '%Freddy%'::text) OR (title ~~ '%Jason%'::text) OR (title ~~ 'Saw%'::text)))
                                                                    Rows Removed by Filter: 1
                                                        ->  Index Scan using movie_id_cast_info on cast_info ci  (cost=0.00..72.00 rows=1 width=8) (actual time=0.054..0.082 rows=2 loops=49)
                                                              Index Cond: (movie_id = t.id)
                                                              Filter: (note = ANY ('{(writer),"(head writer)","(written by)",(story),"(story editor)"}'::text[]))
                                                              Rows Removed by Filter: 82
                                                  ->  Index Scan using name_pkey on name n  (cost=0.00..2.00 rows=1 width=19) (actual time=0.004..0.004 rows=1 loops=77)
                                                        Index Cond: (id = ci.person_id)
                                                        Filter: ((gender)::text = 'm'::text)
                                                        Rows Removed by Filter: 0
                                            ->  Index Scan using movie_id_movie_info_idx on movie_info_idx mi_idx  (cost=0.00..6.00 rows=3 width=13) (actual time=0.002..0.003 rows=3 loops=73)
                                                  Index Cond: (movie_id = t.id)
                                      ->  Index Scan using info_type_pkey on info_type it2  (cost=0.00..2.00 rows=1 width=4) (actual time=0.001..0.001 rows=0 loops=219)
                                            Index Cond: (id = mi_idx.info_type_id)
                                            Filter: ((info)::text = 'votes'::text)
                                            Rows Removed by Filter: 1
                                ->  Index Scan using movie_id_complete_cast on complete_cast cc  (cost=0.00..4.00 rows=2 width=12) (actual time=0.002..0.003 rows=1 loops=73)
                                      Index Cond: (movie_id = t.id)
                          ->  Index Scan using comp_cast_type_pkey on comp_cast_type cct1  (cost=0.00..2.00 rows=1 width=4) (actual time=0.001..0.001 rows=1 loops=69)
                                Index Cond: (id = cc.subject_id)
                                Filter: ((kind)::text = ANY ('{cast,crew}'::text[]))
                    ->  Index Scan using movie_id_movie_info on movie_info mi  (cost=0.00..84.00 rows=1 width=50) (actual time=0.070..0.070 rows=2 loops=69)
                          Index Cond: (movie_id = t.id)
                          Filter: (info = ANY ('{Horror,Thriller}'::text[]))
                          Rows Removed by Filter: 308
              ->  Index Scan using info_type_pkey on info_type it1  (cost=0.00..2.00 rows=1 width=4) (actual time=0.001..0.001 rows=1 loops=108)
                    Index Cond: (id = mi.info_type_id)
                    Filter: ((info)::text = 'genres'::text)
        ->  Index Scan using comp_cast_type_pkey on comp_cast_type cct2  (cost=0.00..2.00 rows=1 width=4) (actual time=0.001..0.001 rows=0 loops=108)
              Index Cond: (id = cc.status_id)
              Filter: ((kind)::text = 'complete+verified'::text)
              Rows Removed by Filter: 1
Planning time: 45.222 ms
Execution time: 266.107 ms
