Aggregate  (cost=143667.00..143668.00 rows=1 width=128) (actual time=2087.767..2087.767 rows=1 loops=1)
  ->  Nested Loop  (cost=0.00..143667.00 rows=1 width=79) (actual time=2.201..2083.439 rows=8024 loops=1)
        ->  Nested Loop  (cost=0.00..143663.00 rows=1 width=83) (actual time=2.196..2057.055 rows=24392 loops=1)
              ->  Nested Loop  (cost=0.00..143654.00 rows=1 width=94) (actual time=2.188..2028.420 rows=8024 loops=1)
                    ->  Nested Loop  (cost=0.00..143652.00 rows=1 width=83) (actual time=1.275..1987.448 rows=11866 loops=1)
                          ->  Nested Loop  (cost=0.00..143579.00 rows=1 width=75) (actual time=1.047..1001.029 rows=14666 loops=1)
                                ->  Nested Loop  (cost=0.00..143577.00 rows=1 width=54) (actual time=1.040..957.753 rows=14666 loops=1)
                                      ->  Nested Loop  (cost=0.00..143573.00 rows=1 width=58) (actual time=1.036..936.965 rows=18344 loops=1)
                                            ->  Nested Loop  (cost=0.00..142213.00 rows=16 width=8) (actual time=0.753..280.649 rows=12521 loops=1)
                                                  ->  Nested Loop  (cost=0.00..142139.00 rows=33 width=12) (actual time=0.701..256.609 rows=25331 loops=1)
                                                        ->  Nested Loop  (cost=0.00..141991.00 rows=66 width=16) (actual time=0.688..221.058 rows=36010 loops=1)
                                                              ->  Nested Loop  (cost=0.00..140575.00 rows=236 width=4) (actual time=0.659..90.638 rows=76714 loops=1)
                                                                    ->  Seq Scan on keyword k  (cost=0.00..134170.00 rows=7 width=4) (actual time=0.645..21.081 rows=7 loops=1)
                                                                          Filter: (keyword = ANY ('{murder,violence,blood,gore,death,female-nudity,hospital}'::text[]))
                                                                          Rows Removed by Filter: 134163
                                                                    ->  Index Scan using keyword_id_movie_keyword on movie_keyword mk  (cost=0.00..610.00 rows=305 width=8) (actual time=0.009..8.500 rows=10959 loops=7)
                                                                          Index Cond: (keyword_id = k.id)
                                                              ->  Index Scan using movie_id_complete_cast on complete_cast cc  (cost=0.00..4.00 rows=2 width=12) (actual time=0.001..0.001 rows=0 loops=76714)
                                                                    Index Cond: (movie_id = mk.movie_id)
                                                        ->  Index Scan using comp_cast_type_pkey on comp_cast_type cct1  (cost=0.00..2.00 rows=1 width=4) (actual time=0.001..0.001 rows=1 loops=36010)
                                                              Index Cond: (id = cc.subject_id)
                                                              Filter: ((kind)::text = 'cast'::text)
                                                              Rows Removed by Filter: 0
                                                  ->  Index Scan using comp_cast_type_pkey on comp_cast_type cct2  (cost=0.00..2.00 rows=1 width=4) (actual time=0.001..0.001 rows=0 loops=25331)
                                                        Index Cond: (id = cc.status_id)
                                                        Filter: ((kind)::text = 'complete+verified'::text)
                                                        Rows Removed by Filter: 1
                                            ->  Index Scan using movie_id_movie_info on movie_info mi  (cost=0.00..84.00 rows=1 width=50) (actual time=0.048..0.052 rows=1 loops=12521)
                                                  Index Cond: (movie_id = mk.movie_id)
                                                  Filter: (info = ANY ('{Horror,Action,Sci-Fi,Thriller,Crime,War}'::text[]))
                                                  Rows Removed by Filter: 130
                                      ->  Index Scan using info_type_pkey on info_type it1  (cost=0.00..2.00 rows=1 width=4) (actual time=0.001..0.001 rows=1 loops=18344)
                                            Index Cond: (id = mi.info_type_id)
                                            Filter: ((info)::text = 'genres'::text)
                                            Rows Removed by Filter: 0
                                ->  Index Scan using title_pkey on title t  (cost=0.00..2.00 rows=1 width=21) (actual time=0.003..0.003 rows=1 loops=14666)
                                      Index Cond: (id = mi.movie_id)
                          ->  Index Scan using movie_id_cast_info on cast_info ci  (cost=0.00..72.00 rows=1 width=8) (actual time=0.050..0.067 rows=1 loops=14666)
                                Index Cond: (movie_id = t.id)
                                Filter: (note = ANY ('{(writer),"(head writer)","(written by)",(story),"(story editor)"}'::text[]))
                                Rows Removed by Filter: 83
                    ->  Index Scan using name_pkey on name n  (cost=0.00..2.00 rows=1 width=19) (actual time=0.003..0.003 rows=1 loops=11866)
                          Index Cond: (id = ci.person_id)
                          Filter: ((gender)::text = 'm'::text)
                          Rows Removed by Filter: 0
              ->  Index Scan using movie_id_movie_info_idx on movie_info_idx mi_idx  (cost=0.00..6.00 rows=3 width=13) (actual time=0.002..0.003 rows=3 loops=8024)
                    Index Cond: (movie_id = t.id)
        ->  Index Scan using info_type_pkey on info_type it2  (cost=0.00..2.00 rows=1 width=4) (actual time=0.001..0.001 rows=0 loops=24392)
              Index Cond: (id = mi_idx.info_type_id)
              Filter: ((info)::text = 'votes'::text)
              Rows Removed by Filter: 1
Planning time: 45.416 ms
Execution time: 2087.863 ms
