Aggregate  (cost=145426.67..145427.67 rows=1 width=128) (actual time=1779.107..1779.107 rows=1 loops=1)
  ->  Nested Loop  (cost=0.00..145426.67 rows=1 width=79) (actual time=12.489..1778.266 rows=1273 loops=1)
        ->  Nested Loop  (cost=0.00..145424.67 rows=1 width=82) (actual time=12.476..1774.891 rows=1273 loops=1)
              ->  Nested Loop  (cost=0.00..145422.67 rows=1 width=71) (actual time=12.463..1769.702 rows=1556 loops=1)
                    ->  Nested Loop  (cost=0.00..145418.67 rows=1 width=75) (actual time=12.450..1764.611 rows=4734 loops=1)
                          ->  Nested Loop  (cost=0.00..145409.67 rows=1 width=62) (actual time=12.439..1759.368 rows=1557 loops=1)
                                ->  Nested Loop  (cost=0.00..145405.67 rows=1 width=66) (actual time=12.429..1757.225 rows=1617 loops=1)
                                      ->  Nested Loop  (cost=0.00..145320.67 rows=1 width=16) (actual time=4.277..1694.022 rows=1472 loops=1)
                                            ->  Nested Loop  (cost=0.00..145247.67 rows=1 width=8) (actual time=4.235..1555.240 rows=1551 loops=1)
                                                  ->  Nested Loop  (cost=0.00..144115.00 rows=566 width=12) (actual time=0.678..481.639 rows=619597 loops=1)
                                                        ->  Nested Loop  (cost=0.00..140575.00 rows=236 width=4) (actual time=0.666..86.485 rows=76714 loops=1)
                                                              ->  Seq Scan on keyword k  (cost=0.00..134170.00 rows=7 width=4) (actual time=0.646..21.149 rows=7 loops=1)
                                                                    Filter: (keyword = ANY ('{murder,violence,blood,gore,death,female-nudity,hospital}'::text[]))
                                                                    Rows Removed by Filter: 134163
                                                              ->  Index Scan using keyword_id_movie_keyword on movie_keyword mk  (cost=0.00..610.00 rows=305 width=8) (actual time=0.009..7.862 rows=10959 loops=7)
                                                                    Index Cond: (keyword_id = k.id)
                                                        ->  Index Scan using movie_id_movie_companies on movie_companies mc  (cost=0.00..10.00 rows=5 width=8) (actual time=0.002..0.004 rows=8 loops=76714)
                                                              Index Cond: (movie_id = mk.movie_id)
                                                  ->  Index Scan using company_name_pkey on company_name cn  (cost=0.00..2.00 rows=1 width=4) (actual time=0.002..0.002 rows=0 loops=619597)
                                                        Index Cond: (id = mc.company_id)
                                                        Filter: (name ~~ 'Lionsgate%'::text)
                                                        Rows Removed by Filter: 1
                                            ->  Index Scan using movie_id_cast_info on cast_info ci  (cost=0.00..72.00 rows=1 width=8) (actual time=0.062..0.089 rows=1 loops=1551)
                                                  Index Cond: (movie_id = mk.movie_id)
                                                  Filter: (note = ANY ('{(writer),"(head writer)","(written by)",(story),"(story editor)"}'::text[]))
                                                  Rows Removed by Filter: 119
                                      ->  Index Scan using movie_id_movie_info on movie_info mi  (cost=0.00..84.00 rows=1 width=50) (actual time=0.042..0.042 rows=1 loops=1472)
                                            Index Cond: (movie_id = ci.movie_id)
                                            Filter: (info = ANY ('{Horror,Thriller}'::text[]))
                                            Rows Removed by Filter: 173
                                ->  Index Scan using info_type_pkey on info_type it1  (cost=0.00..2.00 rows=1 width=4) (actual time=0.001..0.001 rows=1 loops=1617)
                                      Index Cond: (id = mi.info_type_id)
                                      Filter: ((info)::text = 'genres'::text)
                                      Rows Removed by Filter: 0
                          ->  Index Scan using movie_id_movie_info_idx on movie_info_idx mi_idx  (cost=0.00..6.00 rows=3 width=13) (actual time=0.002..0.003 rows=3 loops=1557)
                                Index Cond: (movie_id = mi.movie_id)
                    ->  Index Scan using info_type_pkey on info_type it2  (cost=0.00..2.00 rows=1 width=4) (actual time=0.001..0.001 rows=0 loops=4734)
                          Index Cond: (id = mi_idx.info_type_id)
                          Filter: ((info)::text = 'votes'::text)
                          Rows Removed by Filter: 1
              ->  Index Scan using name_pkey on name n  (cost=0.00..2.00 rows=1 width=19) (actual time=0.003..0.003 rows=1 loops=1556)
                    Index Cond: (id = ci.person_id)
                    Filter: ((gender)::text = 'm'::text)
                    Rows Removed by Filter: 0
        ->  Index Scan using title_pkey on title t  (cost=0.00..2.00 rows=1 width=21) (actual time=0.002..0.002 rows=1 loops=1273)
              Index Cond: (id = mi.movie_id)
Planning time: 27.850 ms
Execution time: 1779.245 ms
