Aggregate  (cost=145426.67..145427.67 rows=1 width=128) (actual time=1798.334..1798.335 rows=1 loops=1)
  ->  Nested Loop  (cost=0.00..145426.67 rows=1 width=79) (actual time=11.144..1796.818 rows=2825 loops=1)
        ->  Nested Loop  (cost=0.00..145424.67 rows=1 width=82) (actual time=11.136..1790.725 rows=2825 loops=1)
              ->  Nested Loop  (cost=0.00..145422.67 rows=1 width=71) (actual time=11.129..1783.341 rows=2825 loops=1)
                    ->  Nested Loop  (cost=0.00..145418.67 rows=1 width=75) (actual time=11.122..1774.436 rows=8607 loops=1)
                          ->  Nested Loop  (cost=0.00..145409.67 rows=1 width=62) (actual time=11.115..1766.193 rows=2827 loops=1)
                                ->  Nested Loop  (cost=0.00..145405.67 rows=1 width=66) (actual time=11.110..1762.708 rows=3009 loops=1)
                                      ->  Nested Loop  (cost=0.00..145320.67 rows=1 width=16) (actual time=3.914..1687.731 rows=1472 loops=1)
                                            ->  Nested Loop  (cost=0.00..145247.67 rows=1 width=8) (actual time=3.879..1549.503 rows=1551 loops=1)
                                                  ->  Nested Loop  (cost=0.00..144115.00 rows=566 width=12) (actual time=0.663..484.686 rows=619597 loops=1)
                                                        ->  Nested Loop  (cost=0.00..140575.00 rows=236 width=4) (actual time=0.656..85.784 rows=76714 loops=1)
                                                              ->  Seq Scan on keyword k  (cost=0.00..134170.00 rows=7 width=4) (actual time=0.643..20.887 rows=7 loops=1)
                                                                    Filter: (keyword = ANY ('{murder,violence,blood,gore,death,female-nudity,hospital}'::text[]))
                                                                    Rows Removed by Filter: 134163
                                                              ->  Index Scan using keyword_id_movie_keyword on movie_keyword mk  (cost=0.00..610.00 rows=305 width=8) (actual time=0.008..7.778 rows=10959 loops=7)
                                                                    Index Cond: (keyword_id = k.id)
                                                        ->  Index Scan using movie_id_movie_companies on movie_companies mc  (cost=0.00..10.00 rows=5 width=8) (actual time=0.002..0.004 rows=8 loops=76714)
                                                              Index Cond: (movie_id = mk.movie_id)
                                                  ->  Index Scan using company_name_pkey on company_name cn  (cost=0.00..2.00 rows=1 width=4) (actual time=0.002..0.002 rows=0 loops=619597)
                                                        Index Cond: (id = mc.company_id)
                                                        Filter: (name ~~ 'Lionsgate%'::text)
                                                        Rows Removed by Filter: 1
                                            ->  Index Scan using movie_id_cast_info on cast_info ci  (cost=0.00..72.00 rows=1 width=8) (actual time=0.062..0.089 rows=1 loops=1551)
                                                  Index Cond: (movie_id = mk.movie_id)
                                                  Filter: (note = ANY ('{(writer),"(head writer)","(written by)",(story),"(story editor)"}'::text[]))
                                                  Rows Removed by Filter: 119
                                      ->  Index Scan using movie_id_movie_info on movie_info mi  (cost=0.00..84.00 rows=1 width=50) (actual time=0.049..0.050 rows=2 loops=1472)
                                            Index Cond: (movie_id = ci.movie_id)
                                            Filter: (info = ANY ('{Horror,Action,Sci-Fi,Thriller,Crime,War}'::text[]))
                                            Rows Removed by Filter: 172
                                ->  Index Scan using info_type_pkey on info_type it1  (cost=0.00..2.00 rows=1 width=4) (actual time=0.001..0.001 rows=1 loops=3009)
                                      Index Cond: (id = mi.info_type_id)
                                      Filter: ((info)::text = 'genres'::text)
                                      Rows Removed by Filter: 0
                          ->  Index Scan using movie_id_movie_info_idx on movie_info_idx mi_idx  (cost=0.00..6.00 rows=3 width=13) (actual time=0.002..0.002 rows=3 loops=2827)
                                Index Cond: (movie_id = mi.movie_id)
                    ->  Index Scan using info_type_pkey on info_type it2  (cost=0.00..2.00 rows=1 width=4) (actual time=0.001..0.001 rows=0 loops=8607)
                          Index Cond: (id = mi_idx.info_type_id)
                          Filter: ((info)::text = 'votes'::text)
                          Rows Removed by Filter: 1
              ->  Index Scan using name_pkey on name n  (cost=0.00..2.00 rows=1 width=19) (actual time=0.002..0.002 rows=1 loops=2825)
                    Index Cond: (id = ci.person_id)
        ->  Index Scan using title_pkey on title t  (cost=0.00..2.00 rows=1 width=21) (actual time=0.002..0.002 rows=1 loops=2825)
              Index Cond: (id = mi.movie_id)
Planning time: 27.548 ms
Execution time: 1798.446 ms
