Aggregate  (cost=135671.21..135672.21 rows=1 width=96) (actual time=9.255..9.255 rows=1 loops=1)
  ->  Nested Loop  (cost=0.00..135671.21 rows=2 width=46) (actual time=9.254..9.254 rows=0 loops=1)
        ->  Nested Loop  (cost=0.00..135667.21 rows=2 width=33) (actual time=9.254..9.254 rows=0 loops=1)
              ->  Nested Loop  (cost=0.00..135663.00 rows=2 width=25) (actual time=9.253..9.253 rows=0 loops=1)
                    ->  Nested Loop  (cost=0.00..135153.00 rows=34 width=25) (actual time=9.064..9.250 rows=1 loops=1)
                          ->  Nested Loop  (cost=0.00..135085.00 rows=34 width=4) (actual time=9.054..9.240 rows=1 loops=1)
                                ->  Seq Scan on keyword k  (cost=0.00..134170.00 rows=1 width=4) (actual time=8.433..8.618 rows=1 loops=1)
                                      Filter: (keyword = '10,000-mile-club'::text)
                                      Rows Removed by Filter: 134169
                                ->  Index Scan using keyword_id_movie_keyword on movie_keyword mk  (cost=0.00..610.00 rows=305 width=8) (actual time=0.619..0.619 rows=1 loops=1)
                                      Index Cond: (keyword_id = k.id)
                          ->  Index Scan using title_pkey on title t1  (cost=0.00..2.00 rows=1 width=21) (actual time=0.008..0.008 rows=1 loops=1)
                                Index Cond: (id = mk.movie_id)
                    ->  Index Scan using movie_id_movie_link on movie_link ml  (cost=0.00..10.00 rows=5 width=12) (actual time=0.003..0.003 rows=0 loops=1)
                          Index Cond: (movie_id = t1.id)
              ->  Index Scan using link_type_pkey on link_type lt  (cost=0.00..2.00 rows=1 width=16) (never executed)
                    Index Cond: (id = ml.link_type_id)
        ->  Index Scan using title_pkey on title t2  (cost=0.00..2.00 rows=1 width=21) (never executed)
              Index Cond: (id = ml.linked_movie_id)
Planning time: 1.035 ms
Execution time: 9.295 ms
