Aggregate  (cost=238528.00..238529.00 rows=1 width=96) (actual time=99.371..99.372 rows=1 loops=1)
  ->  Nested Loop  (cost=225112.00..238528.00 rows=4388 width=46) (actual time=81.368..97.869 rows=4388 loops=1)
        ->  Hash Join  (cost=225112.00..229752.00 rows=4388 width=33) (actual time=81.363..86.805 rows=4388 loops=1)
              Hash Cond: (ml.link_type_id = lt.id)
              ->  Merge Join  (cost=225076.00..225572.00 rows=4388 width=25) (actual time=81.350..85.922 rows=4388 loops=1)
                    Merge Cond: (mk.movie_id = t1.id)
                    ->  Sort  (cost=135085.00..135085.00 rows=41840 width=4) (actual time=33.613..33.741 rows=2234 loops=1)
                          Sort Key: mk.movie_id
                          Sort Method: quicksort  Memory: 3498kB
                          ->  Nested Loop  (cost=0.00..135085.00 rows=41840 width=4) (actual time=0.380..26.778 rows=41840 loops=1)
                                ->  Seq Scan on keyword k  (cost=0.00..134170.00 rows=1 width=4) (actual time=0.370..7.748 rows=1 loops=1)
                                      Filter: (keyword = 'character-name-in-title'::text)
                                      Rows Removed by Filter: 134169
                                ->  Index Scan using keyword_id_movie_keyword on movie_keyword mk  (cost=0.00..610.00 rows=305 width=8) (actual time=0.009..14.509 rows=41840 loops=1)
                                      Index Cond: (keyword_id = k.id)
                    ->  Sort  (cost=89991.00..89991.00 rows=29997 width=33) (actual time=47.680..49.253 rows=29997 loops=1)
                          Sort Key: ml.movie_id
                          Sort Method: quicksort  Memory: 3385kB
                          ->  Nested Loop  (cost=0.00..89991.00 rows=29997 width=33) (actual time=0.011..42.204 rows=29997 loops=1)
                                ->  Seq Scan on movie_link ml  (cost=0.00..29997.00 rows=29997 width=12) (actual time=0.005..2.114 rows=29997 loops=1)
                                ->  Index Scan using title_pkey on title t1  (cost=0.00..2.00 rows=1 width=21) (actual time=0.001..0.001 rows=1 loops=29997)
                                      Index Cond: (id = ml.movie_id)
              ->  Hash  (cost=18.00..18.00 rows=18 width=16) (actual time=0.009..0.009 rows=18 loops=1)
                    Buckets: 1024  Batches: 1  Memory Usage: 9kB
                    ->  Seq Scan on link_type lt  (cost=0.00..18.00 rows=18 width=16) (actual time=0.003..0.005 rows=18 loops=1)
        ->  Index Scan using title_pkey on title t2  (cost=0.00..2.00 rows=1 width=21) (actual time=0.002..0.002 rows=1 loops=4388)
              Index Cond: (id = ml.linked_movie_id)
Planning time: 1.047 ms
Execution time: 99.415 ms
