Aggregate  (cost=140418.00..140419.00 rows=1 width=32) (actual time=106.164..106.164 rows=1 loops=1)
  ->  Nested Loop  (cost=0.00..140418.00 rows=2 width=17) (actual time=1.563..106.107 rows=206 loops=1)
        ->  Nested Loop  (cost=0.00..137103.00 rows=39 width=25) (actual time=1.212..58.396 rows=2235 loops=1)
              ->  Nested Loop  (cost=0.00..136915.00 rows=94 width=4) (actual time=0.877..25.989 rows=12951 loops=1)
                    ->  Seq Scan on keyword k  (cost=0.00..134170.00 rows=3 width=4) (actual time=0.868..16.662 rows=30 loops=1)
                          Filter: (keyword ~~ '%sequel%'::text)
                          Rows Removed by Filter: 134140
                    ->  Index Scan using keyword_id_movie_keyword on movie_keyword mk  (cost=0.00..610.00 rows=305 width=8) (actual time=0.004..0.259 rows=432 loops=30)
                          Index Cond: (keyword_id = k.id)
              ->  Index Scan using title_pkey on title t  (cost=0.00..2.00 rows=1 width=21) (actual time=0.002..0.002 rows=0 loops=12951)
                    Index Cond: (id = mk.movie_id)
                    Filter: (production_year > 2005)
                    Rows Removed by Filter: 1
        ->  Index Scan using movie_id_movie_info on movie_info mi  (cost=0.00..84.00 rows=1 width=4) (actual time=0.020..0.021 rows=0 loops=2235)
              Index Cond: (movie_id = t.id)
              Filter: (info = ANY ('{Sweden,Norway,Germany,Denmark,Swedish,Denish,Norwegian,German}'::text[]))
              Rows Removed by Filter: 45
Planning time: 0.737 ms
Execution time: 106.199 ms
