Aggregate  (cost=142779.00..142780.00 rows=1 width=32) (actual time=10409.891..10409.892 rows=1 loops=1)
  ->  Nested Loop  (cost=0.00..142779.00 rows=23 width=17) (actual time=16.618..10408.152 rows=7250 loops=1)
        ->  Nested Loop  (cost=0.00..137103.00 rows=66 width=25) (actual time=0.908..67.913 rows=7874 loops=1)
              ->  Nested Loop  (cost=0.00..136915.00 rows=94 width=4) (actual time=0.903..28.677 rows=12951 loops=1)
                    ->  Seq Scan on keyword k  (cost=0.00..134170.00 rows=3 width=4) (actual time=0.894..17.607 rows=30 loops=1)
                          Filter: (keyword ~~ '%sequel%'::text)
                          Rows Removed by Filter: 134140
                    ->  Index Scan using keyword_id_movie_keyword on movie_keyword mk  (cost=0.00..610.00 rows=305 width=8) (actual time=0.005..0.312 rows=432 loops=30)
                          Index Cond: (keyword_id = k.id)
              ->  Index Scan using title_pkey on title t  (cost=0.00..2.00 rows=1 width=21) (actual time=0.003..0.003 rows=1 loops=12951)
                    Index Cond: (id = mk.movie_id)
                    Filter: (production_year > 1990)
                    Rows Removed by Filter: 0
        ->  Index Scan using movie_id_movie_info on movie_info mi  (cost=0.00..84.00 rows=2 width=4) (actual time=1.129..1.313 rows=1 loops=7874)
              Index Cond: (movie_id = t.id)
              Filter: (info = ANY ('{Sweden,Norway,Germany,Denmark,Swedish,Denish,Norwegian,German,USA,American}'::text[]))
              Rows Removed by Filter: 35
Planning time: 0.664 ms
Execution time: 10409.923 ms
