Aggregate  (cost=864686.00..864687.00 rows=1 width=32) (actual time=190.381..190.381 rows=1 loops=1)
  ->  Nested Loop  (cost=0.00..864686.00 rows=7250 width=17) (actual time=0.990..189.185 rows=7250 loops=1)
        ->  Nested Loop  (cost=0.00..187522.00 rows=7874 width=25) (actual time=0.944..52.902 rows=7874 loops=1)
              ->  Nested Loop  (cost=0.00..161620.00 rows=12951 width=4) (actual time=0.939..24.540 rows=12951 loops=1)
                    ->  Seq Scan on keyword k  (cost=0.00..134170.00 rows=30 width=4) (actual time=0.930..17.010 rows=30 loops=1)
                          Filter: (keyword ~~ '%sequel%'::text)
                          Rows Removed by Filter: 134140
                    ->  Index Scan using keyword_id_movie_keyword on movie_keyword mk  (cost=0.00..610.00 rows=305 width=8) (actual time=0.003..0.197 rows=432 loops=30)
                          Index Cond: (keyword_id = k.id)
              ->  Index Scan using title_pkey on title t  (cost=0.00..2.00 rows=1 width=21) (actual time=0.002..0.002 rows=1 loops=12951)
                    Index Cond: (id = mk.movie_id)
                    Filter: (production_year > 1990)
                    Rows Removed by Filter: 0
        ->  Index Scan using movie_id_movie_info on movie_info mi  (cost=0.00..84.00 rows=2 width=4) (actual time=0.015..0.017 rows=1 loops=7874)
              Index Cond: (movie_id = t.id)
              Filter: (info = ANY ('{Sweden,Norway,Germany,Denmark,Swedish,Denish,Norwegian,German,USA,American}'::text[]))
              Rows Removed by Filter: 35
Planning time: 0.700 ms
Execution time: 190.407 ms
