Aggregate  (cost=137462.00..137463.00 rows=1 width=64) (actual time=66.587..66.588 rows=1 loops=1)
  ->  Nested Loop  (cost=0.00..137462.00 rows=8 width=22) (actual time=1.294..66.367 rows=740 loops=1)
        ->  Nested Loop  (cost=0.00..137376.00 rows=42 width=26) (actual time=1.291..65.167 rows=1145 loops=1)
              ->  Nested Loop  (cost=0.00..137103.00 rows=39 width=25) (actual time=1.283..58.628 rows=2235 loops=1)
                    ->  Nested Loop  (cost=0.00..136915.00 rows=94 width=4) (actual time=0.967..26.694 rows=12951 loops=1)
                          ->  Seq Scan on keyword k  (cost=0.00..134170.00 rows=3 width=4) (actual time=0.956..17.198 rows=30 loops=1)
                                Filter: (keyword ~~ '%sequel%'::text)
                                Rows Removed by Filter: 134140
                          ->  Index Scan using keyword_id_movie_keyword on movie_keyword mk  (cost=0.00..610.00 rows=305 width=8) (actual time=0.004..0.264 rows=432 loops=30)
                                Index Cond: (keyword_id = k.id)
                    ->  Index Scan using title_pkey on title t  (cost=0.00..2.00 rows=1 width=21) (actual time=0.002..0.002 rows=0 loops=12951)
                          Index Cond: (id = mk.movie_id)
                          Filter: (production_year > 2005)
                          Rows Removed by Filter: 1
              ->  Index Scan using movie_id_movie_info_idx on movie_info_idx mi_idx  (cost=0.00..6.00 rows=1 width=13) (actual time=0.003..0.003 rows=1 loops=2235)
                    Index Cond: (movie_id = t.id)
                    Filter: (info > '5.0'::text)
                    Rows Removed by Filter: 1
        ->  Index Scan using info_type_pkey on info_type it  (cost=0.00..2.00 rows=1 width=4) (actual time=0.001..0.001 rows=1 loops=1145)
              Index Cond: (id = mi_idx.info_type_id)
              Filter: ((info)::text = 'rating'::text)
              Rows Removed by Filter: 0
Planning time: 0.898 ms
Execution time: 66.631 ms
