Aggregate  (cost=137579.00..137580.00 rows=1 width=64) (actual time=145.929..145.929 rows=1 loops=1)
  ->  Nested Loop  (cost=0.00..137579.00 rows=1 width=22) (actual time=86.043..145.916 rows=6 loops=1)
        ->  Nested Loop  (cost=0.00..137577.00 rows=1 width=13) (actual time=85.191..145.798 rows=21 loops=1)
              ->  Nested Loop  (cost=0.00..137573.00 rows=1 width=17) (actual time=7.050..145.456 rows=298 loops=1)
                    ->  Nested Loop  (cost=0.00..136915.00 rows=94 width=4) (actual time=0.921..26.452 rows=12951 loops=1)
                          ->  Seq Scan on keyword k  (cost=0.00..134170.00 rows=3 width=4) (actual time=0.911..16.531 rows=30 loops=1)
                                Filter: (keyword ~~ '%sequel%'::text)
                                Rows Removed by Filter: 134140
                          ->  Index Scan using keyword_id_movie_keyword on movie_keyword mk  (cost=0.00..610.00 rows=305 width=8) (actual time=0.004..0.278 rows=432 loops=30)
                                Index Cond: (keyword_id = k.id)
                    ->  Index Scan using movie_id_movie_info_idx on movie_info_idx mi_idx  (cost=0.00..6.00 rows=1 width=13) (actual time=0.009..0.009 rows=0 loops=12951)
                          Index Cond: (movie_id = mk.movie_id)
                          Filter: (info > '9.0'::text)
                          Rows Removed by Filter: 2
              ->  Index Scan using info_type_pkey on info_type it  (cost=0.00..2.00 rows=1 width=4) (actual time=0.001..0.001 rows=0 loops=298)
                    Index Cond: (id = mi_idx.info_type_id)
                    Filter: ((info)::text = 'rating'::text)
                    Rows Removed by Filter: 1
        ->  Index Scan using title_pkey on title t  (cost=0.00..2.00 rows=1 width=21) (actual time=0.005..0.005 rows=0 loops=21)
              Index Cond: (id = mi_idx.movie_id)
              Filter: (production_year > 2010)
              Rows Removed by Filter: 1
Planning time: 0.816 ms
Execution time: 145.968 ms
