Aggregate  (cost=137854.00..137855.00 rows=1 width=64) (actual time=88.612..88.613 rows=1 loops=1)
  ->  Nested Loop  (cost=0.00..137854.00 rows=22 width=22) (actual time=0.951..87.381 rows=4700 loops=1)
        ->  Nested Loop  (cost=0.00..137631.00 rows=111 width=26) (actual time=0.949..78.827 rows=8797 loops=1)
              ->  Nested Loop  (cost=0.00..137103.00 rows=66 width=25) (actual time=0.942..58.067 rows=7874 loops=1)
                    ->  Nested Loop  (cost=0.00..136915.00 rows=94 width=4) (actual time=0.937..25.985 rows=12951 loops=1)
                          ->  Seq Scan on keyword k  (cost=0.00..134170.00 rows=3 width=4) (actual time=0.928..16.529 rows=30 loops=1)
                                Filter: (keyword ~~ '%sequel%'::text)
                                Rows Removed by Filter: 134140
                          ->  Index Scan using keyword_id_movie_keyword on movie_keyword mk  (cost=0.00..610.00 rows=305 width=8) (actual time=0.005..0.261 rows=432 loops=30)
                                Index Cond: (keyword_id = k.id)
                    ->  Index Scan using title_pkey on title t  (cost=0.00..2.00 rows=1 width=21) (actual time=0.002..0.002 rows=1 loops=12951)
                          Index Cond: (id = mk.movie_id)
                          Filter: (production_year > 1990)
                          Rows Removed by Filter: 0
              ->  Index Scan using movie_id_movie_info_idx on movie_info_idx mi_idx  (cost=0.00..6.00 rows=2 width=13) (actual time=0.002..0.002 rows=1 loops=7874)
                    Index Cond: (movie_id = t.id)
                    Filter: (info > '2.0'::text)
                    Rows Removed by Filter: 1
        ->  Index Scan using info_type_pkey on info_type it  (cost=0.00..2.00 rows=1 width=4) (actual time=0.001..0.001 rows=1 loops=8797)
              Index Cond: (id = mi_idx.info_type_id)
              Filter: ((info)::text = 'rating'::text)
              Rows Removed by Filter: 0
Planning time: 0.900 ms
Execution time: 88.654 ms
