Aggregate  (cost=3657662.16..3657663.16 rows=1 width=32) (actual time=195.060..195.060 rows=1 loops=1)
  ->  Nested Loop  (cost=0.00..3657662.16 rows=292 width=17) (actual time=195.058..195.058 rows=0 loops=1)
        ->  Nested Loop  (cost=0.00..3657084.00 rows=292 width=21) (actual time=195.057..195.057 rows=0 loops=1)
              ->  Nested Loop  (cost=0.00..2637934.00 rows=11990 width=25) (actual time=195.057..195.057 rows=0 loops=1)
                    ->  Nested Loop  (cost=0.00..2612866.00 rows=12534 width=4) (actual time=195.057..195.057 rows=0 loops=1)
                          ->  Seq Scan on company_type ct  (cost=0.00..4.00 rows=1 width=4) (actual time=0.004..0.006 rows=1 loops=1)
                                Filter: ((kind)::text = 'production companies'::text)
                                Rows Removed by Filter: 3
                          ->  Index Scan using company_type_id_movie_companies on movie_companies mc  (cost=0.00..2609128.00 rows=3734 width=8) (actual time=195.049..195.049 rows=0 loops=1)
                                Index Cond: (company_type_id = ct.id)
                                Filter: ((note ~~ '%(theatrical)%'::text) AND (note ~~ '%(France)%'::text))
                                Rows Removed by Filter: 1334883
                    ->  Index Scan using title_pkey on title t  (cost=0.00..2.00 rows=1 width=21) (never executed)
                          Index Cond: (id = mc.movie_id)
                          Filter: (production_year > 2005)
              ->  Index Scan using movie_id_movie_info on movie_info mi  (cost=0.00..84.00 rows=1 width=8) (never executed)
                    Index Cond: (movie_id = t.id)
                    Filter: (info = ANY ('{Sweden,Norway,Germany,Denmark,Swedish,Denish,Norwegian,German}'::text[]))
        ->  Index Only Scan using info_type_pkey on info_type it  (cost=0.00..2.00 rows=1 width=4) (never executed)
              Index Cond: (id = mi.info_type_id)
              Heap Fetches: 0
Planning time: 0.917 ms
Execution time: 195.100 ms
