Aggregate  (cost=11670899.21..11670900.21 rows=1 width=32) (actual time=222.772..222.772 rows=1 loops=1)
  ->  Nested Loop  (cost=0.00..11670899.21 rows=34814 width=17) (actual time=2.683..222.609 rows=669 loops=1)
        ->  Nested Loop  (cost=0.00..11601871.00 rows=34814 width=21) (actual time=2.680..221.875 rows=669 loops=1)
              ->  Nested Loop  (cost=0.00..2979081.00 rows=100265 width=25) (actual time=2.671..212.690 rows=767 loops=1)
                    ->  Nested Loop  (cost=0.00..2693207.00 rows=142937 width=4) (actual time=2.664..209.789 rows=798 loops=1)
                          ->  Seq Scan on company_type ct  (cost=0.00..4.00 rows=1 width=4) (actual time=0.003..0.006 rows=1 loops=1)
                                Filter: ((kind)::text = 'production companies'::text)
                                Rows Removed by Filter: 3
                          ->  Index Scan using company_type_id_movie_companies on movie_companies mc  (cost=0.00..2609128.00 rows=84075 width=8) (actual time=2.659..209.679 rows=798 loops=1)
                                Index Cond: (company_type_id = ct.id)
                                Filter: ((note !~~ '%(TV)%'::text) AND (note ~~ '%(USA)%'::text))
                                Rows Removed by Filter: 1334085
                    ->  Index Scan using title_pkey on title t  (cost=0.00..2.00 rows=1 width=21) (actual time=0.003..0.003 rows=1 loops=798)
                          Index Cond: (id = mc.movie_id)
                          Filter: (production_year > 1990)
                          Rows Removed by Filter: 0
              ->  Index Scan using movie_id_movie_info on movie_info mi  (cost=0.00..84.00 rows=2 width=8) (actual time=0.010..0.012 rows=1 loops=767)
                    Index Cond: (movie_id = t.id)
                    Filter: (info = ANY ('{Sweden,Norway,Germany,Denmark,Swedish,Denish,Norwegian,German,USA,American}'::text[]))
                    Rows Removed by Filter: 10
        ->  Index Only Scan using info_type_pkey on info_type it  (cost=0.00..2.00 rows=1 width=4) (actual time=0.001..0.001 rows=1 loops=669)
              Index Cond: (id = mi.info_type_id)
              Heap Fetches: 669
Planning time: 0.933 ms
Execution time: 222.813 ms
