Aggregate  (cost=139059.05..139060.05 rows=1 width=96) (actual time=2088.834..2088.834 rows=1 loops=1)
  ->  Nested Loop  (cost=0.00..139059.05 rows=1 width=48) (actual time=378.243..2088.813 rows=6 loops=1)
        ->  Nested Loop  (cost=0.00..138177.00 rows=441 width=37) (actual time=3.931..753.058 rows=1224 loops=1)
              ->  Nested Loop  (cost=0.00..135153.00 rows=28 width=41) (actual time=2.131..10.554 rows=11 loops=1)
                    ->  Nested Loop  (cost=0.00..135085.00 rows=34 width=20) (actual time=1.362..9.682 rows=14 loops=1)
                          ->  Seq Scan on keyword k  (cost=0.00..134170.00 rows=1 width=20) (actual time=0.243..8.525 rows=1 loops=1)
                                Filter: (keyword = 'marvel-cinematic-universe'::text)
                                Rows Removed by Filter: 134169
                          ->  Index Scan using keyword_id_movie_keyword on movie_keyword mk  (cost=0.00..610.00 rows=305 width=8) (actual time=1.118..1.148 rows=14 loops=1)
                                Index Cond: (keyword_id = k.id)
                    ->  Index Scan using title_pkey on title t  (cost=0.00..2.00 rows=1 width=21) (actual time=0.061..0.061 rows=1 loops=14)
                          Index Cond: (id = mk.movie_id)
                          Filter: (production_year > 2010)
                          Rows Removed by Filter: 0
              ->  Index Scan using movie_id_cast_info on cast_info ci  (cost=0.00..72.00 rows=36 width=8) (actual time=1.379..67.479 rows=111 loops=11)
                    Index Cond: (movie_id = t.id)
        ->  Index Scan using name_pkey on name n  (cost=0.00..2.00 rows=1 width=19) (actual time=1.091..1.091 rows=0 loops=1224)
              Index Cond: (id = ci.person_id)
              Filter: (name ~~ '%Downey%Robert%'::text)
              Rows Removed by Filter: 1
Planning time: 0.810 ms
Execution time: 2088.879 ms
