Aggregate  (cost=135396.34..135397.34 rows=1 width=96) (actual time=9.125..9.125 rows=1 loops=1)
  ->  Nested Loop  (cost=0.00..135396.34 rows=2 width=48) (actual time=0.315..9.121 rows=2 loops=1)
        ->  Nested Loop  (cost=0.00..135329.01 rows=33 width=37) (actual time=0.245..9.045 rows=33 loops=1)
              ->  Nested Loop  (cost=0.00..135113.01 rows=2 width=41) (actual time=0.241..9.019 rows=2 loops=1)
                    ->  Nested Loop  (cost=0.00..135085.00 rows=14 width=20) (actual time=0.233..8.982 rows=14 loops=1)
                          ->  Seq Scan on keyword k  (cost=0.00..134170.00 rows=1 width=20) (actual time=0.227..8.965 rows=1 loops=1)
                                Filter: (keyword = 'marvel-cinematic-universe'::text)
                                Rows Removed by Filter: 134169
                          ->  Index Scan using keyword_id_movie_keyword on movie_keyword mk  (cost=0.00..610.00 rows=305 width=8) (actual time=0.005..0.013 rows=14 loops=1)
                                Index Cond: (keyword_id = k.id)
                    ->  Index Scan using title_pkey on title t  (cost=0.00..2.00 rows=1 width=21) (actual time=0.002..0.002 rows=0 loops=14)
                          Index Cond: (id = mk.movie_id)
                          Filter: (production_year > 2014)
                          Rows Removed by Filter: 1
              ->  Index Scan using movie_id_cast_info on cast_info ci  (cost=0.00..72.00 rows=36 width=8) (actual time=0.003..0.011 rows=16 loops=2)
                    Index Cond: (movie_id = t.id)
        ->  Index Scan using name_pkey on name n  (cost=0.00..2.00 rows=1 width=19) (actual time=0.002..0.002 rows=0 loops=33)
              Index Cond: (id = ci.person_id)
              Filter: (name ~~ '%Downey%Robert%'::text)
              Rows Removed by Filter: 1
Planning time: 0.775 ms
Execution time: 9.159 ms
