Aggregate  (cost=162908.00..162909.00 rows=1 width=96) (actual time=3747.935..3747.935 rows=1 loops=1)
  ->  Nested Loop  (cost=0.00..162908.00 rows=2338 width=48) (actual time=0.128..3496.702 rows=785477 loops=1)
        ->  Nested Loop  (cost=0.00..158230.00 rows=2339 width=37) (actual time=0.114..965.996 rows=785477 loops=1)
              ->  Nested Loop  (cost=0.00..142030.00 rows=150 width=41) (actual time=0.108..162.076 rows=14165 loops=1)
                    ->  Nested Loop  (cost=0.00..141490.00 rows=270 width=20) (actual time=0.103..55.531 rows=35548 loops=1)
                          ->  Seq Scan on keyword k  (cost=0.00..134170.00 rows=8 width=20) (actual time=0.090..23.535 rows=8 loops=1)
                                Filter: (keyword = ANY ('{superhero,sequel,second-part,marvel-comics,based-on-comic,tv-special,fight,violence}'::text[]))
                                Rows Removed by Filter: 134162
                          ->  Index Scan using keyword_id_movie_keyword on movie_keyword mk  (cost=0.00..610.00 rows=305 width=8) (actual time=0.008..3.326 rows=4444 loops=8)
                                Index Cond: (keyword_id = k.id)
                    ->  Index Scan using title_pkey on title t  (cost=0.00..2.00 rows=1 width=21) (actual time=0.003..0.003 rows=0 loops=35548)
                          Index Cond: (id = mk.movie_id)
                          Filter: (production_year > 2000)
                          Rows Removed by Filter: 1
              ->  Index Scan using movie_id_cast_info on cast_info ci  (cost=0.00..72.00 rows=36 width=8) (actual time=0.004..0.049 rows=55 loops=14165)
                    Index Cond: (movie_id = t.id)
        ->  Index Scan using name_pkey on name n  (cost=0.00..2.00 rows=1 width=19) (actual time=0.003..0.003 rows=1 loops=785477)
              Index Cond: (id = ci.person_id)
Planning time: 0.764 ms
Execution time: 3747.977 ms
