Aggregate  (cost=53230.00..53231.00 rows=1 width=64) (actual time=759.305..759.305 rows=1 loops=1)
  ->  Nested Loop  (cost=0.00..53230.00 rows=1 width=32) (actual time=19.495..759.258 rows=32 loops=1)
        ->  Nested Loop  (cost=0.00..53226.00 rows=1 width=36) (actual time=19.482..759.156 rows=32 loops=1)
              ->  Nested Loop  (cost=0.00..47157.00 rows=119 width=44) (actual time=0.058..592.269 rows=19250 loops=1)
                    ->  Nested Loop  (cost=0.00..43191.00 rows=661 width=40) (actual time=0.051..532.436 rows=17559 loops=1)
                          ->  Nested Loop  (cost=0.00..35637.00 rows=3777 width=21) (actual time=0.039..142.918 rows=105262 loops=1)
                                ->  Nested Loop  (cost=0.00..9393.00 rows=243 width=25) (actual time=0.026..23.229 rows=1467 loops=1)
                                      ->  Nested Loop  (cost=0.00..5643.00 rows=1875 width=4) (actual time=0.017..2.177 rows=5186 loops=1)
                                            ->  Seq Scan on link_type lt  (cost=0.00..18.00 rows=1 width=4) (actual time=0.006..0.009 rows=1 loops=1)
                                                  Filter: ((link)::text = 'features'::text)
                                                  Rows Removed by Filter: 17
                                            ->  Index Scan using link_type_id_movie_link on movie_link ml  (cost=0.00..3750.00 rows=1875 width=8) (actual time=0.010..1.446 rows=5186 loops=1)
                                                  Index Cond: (link_type_id = lt.id)
                                      ->  Index Scan using title_pkey on title t  (cost=0.00..2.00 rows=1 width=21) (actual time=0.004..0.004 rows=0 loops=5186)
                                            Index Cond: (id = ml.linked_movie_id)
                                            Filter: ((production_year >= 1980) AND (production_year <= 1995))
                                            Rows Removed by Filter: 1
                                ->  Index Scan using movie_id_cast_info on cast_info ci  (cost=0.00..72.00 rows=36 width=8) (actual time=0.006..0.071 rows=72 loops=1467)
                                      Index Cond: (movie_id = t.id)
                          ->  Index Scan using name_pkey on name n  (cost=0.00..2.00 rows=1 width=19) (actual time=0.003..0.003 rows=0 loops=105262)
                                Index Cond: (id = ci.person_id)
                                Filter: (((name_pcode_cf)::text >= 'A'::text) AND ((name_pcode_cf)::text <= 'F'::text) AND (((gender)::text = 'm'::text) OR (((gender)::text = 'f'::text) AND (name ~~ 'B%'::text))))
                                Rows Removed by Filter: 1
                    ->  Index Scan using person_id_aka_name on aka_name an  (cost=0.00..4.00 rows=2 width=4) (actual time=0.003..0.003 rows=1 loops=17559)
                          Index Cond: (person_id = n.id)
                          Filter: (name ~~ '%a%'::text)
                          Rows Removed by Filter: 0
              ->  Index Scan using person_id_person_info on person_info pi  (cost=0.00..50.00 rows=1 width=8) (actual time=0.008..0.008 rows=0 loops=19250)
                    Index Cond: (person_id = n.id)
                    Filter: (note = 'Volker Boehm'::text)
                    Rows Removed by Filter: 40
        ->  Index Scan using info_type_pkey on info_type it  (cost=0.00..2.00 rows=1 width=4) (actual time=0.002..0.002 rows=1 loops=32)
              Index Cond: (id = pi.info_type_id)
              Filter: ((info)::text = 'mini biography'::text)
Planning time: 3.874 ms
Execution time: 759.421 ms
