Aggregate  (cost=815576.00..815577.00 rows=1 width=64) (actual time=2824.053..2824.053 rows=1 loops=1)
  ->  Nested Loop  (cost=277874.00..815576.00 rows=16 width=112) (actual time=132.934..2434.561 rows=68185 loops=1)
        ->  Nested Loop  (cost=277874.00..815492.00 rows=14 width=124) (actual time=132.923..2281.436 rows=40157 loops=1)
              ->  Hash Join  (cost=277874.00..815328.00 rows=82 width=105) (actual time=132.812..1616.906 rows=204549 loops=1)
                    Hash Cond: (ci.person_id = pi.person_id)
                    ->  Nested Loop  (cost=0.00..534748.00 rows=71559 width=4) (actual time=0.047..1187.865 rows=1097209 loops=1)
                          ->  Nested Loop  (cost=0.00..37516.00 rows=4604 width=8) (actual time=0.036..91.462 rows=14194 loops=1)
                                ->  Nested Loop  (cost=0.00..22518.00 rows=7499 width=4) (actual time=0.018..8.941 rows=21505 loops=1)
                                      ->  Seq Scan on link_type lt  (cost=0.00..18.00 rows=4 width=4) (actual time=0.007..0.019 rows=4 loops=1)
                                            Filter: ((link)::text = ANY ('{references,"referenced in",features,"featured in"}'::text[]))
                                            Rows Removed by Filter: 14
                                      ->  Index Scan using link_type_id_movie_link on movie_link ml  (cost=0.00..3750.00 rows=1875 width=8) (actual time=0.006..1.446 rows=5376 loops=4)
                                            Index Cond: (link_type_id = lt.id)
                                ->  Index Scan using title_pkey on title t  (cost=0.00..2.00 rows=1 width=4) (actual time=0.004..0.004 rows=1 loops=21505)
                                      Index Cond: (id = ml.linked_movie_id)
                                      Filter: ((production_year >= 1980) AND (production_year <= 2010))
                                      Rows Removed by Filter: 0
                          ->  Index Scan using movie_id_cast_info on cast_info ci  (cost=0.00..72.00 rows=36 width=8) (actual time=0.005..0.068 rows=77 loops=14194)
                                Index Cond: (movie_id = t.id)
                    ->  Hash  (cost=273471.00..273471.00 rows=4403 width=101) (actual time=132.715..132.715 rows=84183 loops=1)
                          Buckets: 131072 (originally 8192)  Batches: 1 (originally 1)  Memory Usage: 70151kB
                          ->  Nested Loop  (cost=0.00..273471.00 rows=4403 width=101) (actual time=0.020..64.708 rows=84183 loops=1)
                                ->  Seq Scan on info_type it  (cost=0.00..113.00 rows=1 width=4) (actual time=0.006..0.015 rows=1 loops=1)
                                      Filter: ((info)::text = 'mini biography'::text)
                                      Rows Removed by Filter: 112
                                ->  Index Scan using info_type_id_person_info on person_info pi  (cost=0.00..269424.00 rows=3934 width=105) (actual time=0.014..55.247 rows=84183 loops=1)
                                      Index Cond: (info_type_id = it.id)
                                      Filter: (note IS NOT NULL)
                                      Rows Removed by Filter: 1
              ->  Index Scan using name_pkey on name n  (cost=0.00..2.00 rows=1 width=19) (actual time=0.003..0.003 rows=0 loops=204549)
                    Index Cond: (id = pi.person_id)
                    Filter: (((name_pcode_cf)::text >= 'A'::text) AND ((name_pcode_cf)::text <= 'F'::text) AND (((gender)::text = 'm'::text) OR (((gender)::text = 'f'::text) AND (name ~~ 'A%'::text))))
                    Rows Removed by Filter: 1
        ->  Index Scan using person_id_aka_name on aka_name an  (cost=0.00..4.00 rows=2 width=4) (actual time=0.003..0.003 rows=2 loops=40157)
              Index Cond: (person_id = n.id)
              Filter: ((name IS NOT NULL) AND ((name ~~ '%a%'::text) OR (name ~~ 'A%'::text)))
              Rows Removed by Filter: 1
Planning time: 3.537 ms
Execution time: 2824.422 ms
