Aggregate  (cost=2130483.00..2130484.00 rows=1 width=64) (actual time=12238.596..12238.597 rows=1 loops=1)
  ->  Nested Loop  (cost=0.00..2130483.00 rows=1 width=33) (actual time=1797.424..12238.466 rows=62 loops=1)
        ->  Nested Loop  (cost=0.00..2130481.00 rows=1 width=24) (actual time=1797.414..12234.912 rows=62 loops=1)
              ->  Nested Loop  (cost=0.00..2130477.00 rows=1 width=28) (actual time=512.030..12234.107 rows=658 loops=1)
                    ->  Nested Loop  (cost=0.00..2130471.00 rows=1 width=20) (actual time=512.019..12224.368 rows=190 loops=1)
                          ->  Nested Loop  (cost=0.00..2130311.00 rows=80 width=16) (actual time=4.025..12163.530 rows=19600 loops=1)
                                ->  Nested Loop  (cost=0.00..2031907.00 rows=1348 width=4) (actual time=3.329..1362.979 rows=48328 loops=1)
                                      ->  Seq Scan on company_name cn  (cost=0.00..234997.00 rows=6730 width=4) (actual time=0.009..31.577 rows=6752 loops=1)
                                            Filter: ((country_code)::text = '[jp]'::text)
                                            Rows Removed by Filter: 228245
                                      ->  Index Scan using company_id_movie_companies on movie_companies mc  (cost=0.00..266.00 rows=1 width=8) (actual time=0.165..0.196 rows=7 loops=6752)
                                            Index Cond: (company_id = cn.id)
                                            Filter: ((note ~~ '%(Japan)%'::text) AND (note !~~ '%(USA)%'::text))
                                            Rows Removed by Filter: 8
                                ->  Index Scan using movie_id_cast_info on cast_info ci  (cost=0.00..72.00 rows=1 width=12) (actual time=0.219..0.223 rows=0 loops=48328)
                                      Index Cond: (movie_id = mc.movie_id)
                                      Filter: (note = '(voice: English version)'::text)
                                      Rows Removed by Filter: 32
                          ->  Index Scan using name_pkey on name n1  (cost=0.00..2.00 rows=1 width=4) (actual time=0.003..0.003 rows=0 loops=19600)
                                Index Cond: (id = ci.person_id)
                                Filter: ((name ~~ '%Yo%'::text) AND (name !~~ '%Yu%'::text))
                                Rows Removed by Filter: 1
                    ->  Index Scan using person_id_aka_name on aka_name an1  (cost=0.00..4.00 rows=2 width=20) (actual time=0.046..0.050 rows=3 loops=190)
                          Index Cond: (person_id = n1.id)
              ->  Index Scan using role_type_pkey on role_type rt  (cost=0.00..2.00 rows=1 width=4) (actual time=0.001..0.001 rows=0 loops=658)
                    Index Cond: (id = ci.role_id)
                    Filter: ((role)::text = 'actress'::text)
                    Rows Removed by Filter: 1
        ->  Index Scan using title_pkey on title t  (cost=0.00..2.00 rows=1 width=21) (actual time=0.056..0.056 rows=1 loops=62)
              Index Cond: (id = ci.movie_id)
Planning time: 1.916 ms
Execution time: 12238.655 ms
