Aggregate  (cost=2055305.50..2055306.50 rows=1 width=64) (actual time=109.981..109.981 rows=1 loops=1)
  ->  Nested Loop  (cost=0.00..2055305.50 rows=6 width=33) (actual time=30.395..109.973 rows=6 loops=1)
        ->  Nested Loop  (cost=0.00..2055281.50 rows=4 width=25) (actual time=30.390..109.957 rows=4 loops=1)
              ->  Nested Loop  (cost=0.00..2055271.50 rows=4 width=29) (actual time=30.387..109.950 rows=4 loops=1)
                    ->  Nested Loop  (cost=0.00..2055063.50 rows=104 width=25) (actual time=30.312..109.690 rows=104 loops=1)
                          ->  Nested Loop  (cost=0.00..2054771.50 rows=4 width=25) (actual time=30.302..109.552 rows=4 loops=1)
                                ->  Nested Loop  (cost=0.00..2037781.00 rows=8495 width=4) (actual time=0.017..90.310 rows=8495 loops=1)
                                      ->  Seq Scan on company_name cn  (cost=0.00..234997.00 rows=6752 width=4) (actual time=0.008..23.607 rows=6752 loops=1)
                                            Filter: ((country_code)::text = '[jp]'::text)
                                            Rows Removed by Filter: 228245
                                      ->  Index Scan using company_id_movie_companies on movie_companies mc  (cost=0.00..266.00 rows=1 width=8) (actual time=0.005..0.010 rows=1 loops=6752)
                                            Index Cond: (company_id = cn.id)
                                            Filter: ((note ~~ '%(Japan)%'::text) AND (note !~~ '%(USA)%'::text) AND ((note ~~ '%(2006)%'::text) OR (note ~~ '%(2007)%'::text)))
                                            Rows Removed by Filter: 14
                                ->  Index Scan using title_pkey on title t  (cost=0.00..2.00 rows=1 width=21) (actual time=0.002..0.002 rows=0 loops=8495)
                                      Index Cond: (id = mc.movie_id)
                                      Filter: ((production_year >= 2006) AND (production_year <= 2007) AND ((title ~~ 'One Piece%'::text) OR (title ~~ 'Dragon Ball Z%'::text)))
                                      Rows Removed by Filter: 1
                          ->  Index Scan using movie_id_cast_info on cast_info ci  (cost=0.00..72.00 rows=1 width=12) (actual time=0.010..0.031 rows=26 loops=4)
                                Index Cond: (movie_id = t.id)
                                Filter: (note = '(voice: English version)'::text)
                                Rows Removed by Filter: 17
                    ->  Index Scan using name_pkey on name n  (cost=0.00..2.00 rows=1 width=4) (actual time=0.002..0.002 rows=0 loops=104)
                          Index Cond: (id = ci.person_id)
                          Filter: ((name ~~ '%Yo%'::text) AND (name !~~ '%Yu%'::text))
                          Rows Removed by Filter: 1
              ->  Index Scan using role_type_pkey on role_type rt  (cost=0.00..2.00 rows=1 width=4) (actual time=0.001..0.001 rows=1 loops=4)
                    Index Cond: (id = ci.role_id)
                    Filter: ((role)::text = 'actress'::text)
        ->  Index Scan using person_id_aka_name on aka_name an  (cost=0.00..4.00 rows=2 width=20) (actual time=0.003..0.003 rows=2 loops=4)
              Index Cond: (person_id = n.id)
Planning time: 2.015 ms
Execution time: 110.030 ms
