Aggregate  (cost=15724301.00..15724302.00 rows=1 width=64) (actual time=3397.029..3397.029 rows=1 loops=1)
  ->  Nested Loop  (cost=14806494.00..15724301.00 rows=323005 width=33) (actual time=2574.414..3328.159 rows=323005 loops=1)
        ->  Merge Join  (cost=14806494.00..15078291.00 rows=323005 width=24) (actual time=2574.395..2782.564 rows=323005 loops=1)
              Merge Cond: (mc.company_id = cn.id)
              ->  Sort  (cost=14571497.00..14571497.00 rows=752819 width=28) (actual time=2528.527..2615.102 rows=752819 loops=1)
                    Sort Key: mc.company_id
                    Sort Method: quicksort  Memory: 83328kB
                    ->  Merge Join  (cost=14007890.00..14571497.00 rows=752819 width=28) (actual time=1949.828..2348.476 rows=752819 loops=1)
                          Merge Cond: (ci.movie_id = mc.movie_id)
                          ->  Sort  (cost=11398761.00..11398761.00 rows=218966 width=20) (actual time=1146.780..1161.642 rows=218957 loops=1)
                                Sort Key: ci.movie_id
                                Sort Method: quicksort  Memory: 22226kB
                                ->  Merge Join  (cost=11338981.00..11398761.00 rows=218966 width=20) (actual time=935.736..1096.594 rows=218966 loops=1)
                                      Merge Cond: (n1.id = an1.person_id)
                                      ->  Sort  (cost=10437638.00..10437638.00 rows=276403 width=12) (actual time=568.122..582.262 rows=276403 loops=1)
                                            Sort Key: ci.person_id
                                            Sort Method: quicksort  Memory: 25245kB
                                            ->  Nested Loop  (cost=0.00..10437638.00 rows=276403 width=12) (actual time=0.039..508.463 rows=276403 loops=1)
                                                  ->  Nested Loop  (cost=0.00..9884832.00 rows=276403 width=8) (actual time=0.024..77.775 rows=276403 loops=1)
                                                        ->  Seq Scan on role_type rt  (cost=0.00..12.00 rows=1 width=4) (actual time=0.005..0.008 rows=1 loops=1)
                                                              Filter: ((role)::text = 'costume designer'::text)
                                                              Rows Removed by Filter: 11
                                                        ->  Index Scan using role_id_cast_info on cast_info ci  (cost=0.00..6589880.00 rows=3294940 width=12) (actual time=0.018..44.824 rows=276403 loops=1)
                                                              Index Cond: (role_id = rt.id)
                                                  ->  Index Only Scan using name_pkey on name n1  (cost=0.00..2.00 rows=1 width=4) (actual time=0.001..0.001 rows=1 loops=276403)
                                                        Index Cond: (id = ci.person_id)
                                                        Heap Fetches: 276403
                                      ->  Sort  (cost=901343.00..901343.00 rows=901343 width=20) (actual time=367.601..421.089 rows=895704 loops=1)
                                            Sort Key: an1.person_id
                                            Sort Method: quicksort  Memory: 89764kB
                                            ->  Seq Scan on aka_name an1  (cost=0.00..901343.00 rows=901343 width=20) (actual time=0.008..113.326 rows=901343 loops=1)
                          ->  Sort  (cost=2609129.00..2609129.00 rows=2609129 width=8) (actual time=803.037..936.965 rows=2993974 loops=1)
                                Sort Key: mc.movie_id
                                Sort Method: quicksort  Memory: 220607kB
                                ->  Seq Scan on movie_companies mc  (cost=0.00..2609129.00 rows=2609129 width=8) (actual time=0.012..275.129 rows=2609129 loops=1)
              ->  Sort  (cost=234997.00..234997.00 rows=84843 width=4) (actual time=45.864..55.203 rows=84843 loops=1)
                    Sort Key: cn.id
                    Sort Method: quicksort  Memory: 7050kB
                    ->  Seq Scan on company_name cn  (cost=0.00..234997.00 rows=84843 width=4) (actual time=0.014..28.758 rows=84843 loops=1)
                          Filter: ((country_code)::text = '[us]'::text)
                          Rows Removed by Filter: 150154
        ->  Index Scan using title_pkey on title t  (cost=0.00..2.00 rows=1 width=21) (actual time=0.001..0.001 rows=1 loops=323005)
              Index Cond: (id = ci.movie_id)
Planning time: 1.940 ms
Execution time: 3400.682 ms
