Aggregate  (cost=19936416.00..19936417.00 rows=1 width=64) (actual time=5996.162..5996.162 rows=1 loops=1)
  ->  Merge Join  (cost=19681615.00..19936416.00 rows=225356 width=33) (actual time=5728.701..5937.743 rows=323005 loops=1)
        Merge Cond: (n1.id = an1.person_id)
        ->  Sort  (cost=18780272.00..18780272.00 rows=1178109 width=25) (actual time=5358.428..5385.108 rows=285538 loops=1)
              Sort Key: ci.person_id
              Sort Method: quicksort  Memory: 33955kB
              ->  Nested Loop  (cost=15336699.00..18780272.00 rows=1178109 width=25) (actual time=4534.367..5290.250 rows=285538 loops=1)
                    ->  Merge Join  (cost=15336699.00..16423552.00 rows=1178360 width=21) (actual time=4534.345..4856.501 rows=285538 loops=1)
                          Merge Cond: (ci.movie_id = t.id)
                          ->  Sort  (cost=9884832.00..9884832.00 rows=3294940 width=8) (actual time=124.684..151.511 rows=276395 loops=1)
                                Sort Key: ci.movie_id
                                Sort Method: quicksort  Memory: 25245kB
                                ->  Nested Loop  (cost=0.00..9884832.00 rows=3294940 width=8) (actual time=0.023..66.617 rows=276403 loops=1)
                                      ->  Seq Scan on role_type rt  (cost=0.00..12.00 rows=1 width=4) (actual time=0.006..0.009 rows=1 loops=1)
                                            Filter: ((role)::text = 'costume designer'::text)
                                            Rows Removed by Filter: 11
                                      ->  Index Scan using role_id_cast_info on cast_info ci  (cost=0.00..6589880.00 rows=3294940 width=12) (actual time=0.016..36.972 rows=276403 loops=1)
                                            Index Cond: (role_id = rt.id)
                          ->  Sort  (cost=5451867.00..5451867.00 rows=833977 width=25) (actual time=4409.653..4536.689 rows=1172443 loops=1)
                                Sort Key: mc.movie_id
                                Sort Method: quicksort  Memory: 139536kB
                                ->  Nested Loop  (cost=2844126.00..5451867.00 rows=833977 width=25) (actual time=838.754..3997.724 rows=1153798 loops=1)
                                      ->  Merge Join  (cost=2844126.00..3781115.00 rows=835376 width=4) (actual time=838.732..1479.435 rows=1153798 loops=1)
                                            Merge Cond: (cn.id = mc.company_id)
                                            ->  Sort  (cost=234997.00..234997.00 rows=84392 width=4) (actual time=46.803..60.339 rows=84843 loops=1)
                                                  Sort Key: cn.id
                                                  Sort Method: quicksort  Memory: 7050kB
                                                  ->  Seq Scan on company_name cn  (cost=0.00..234997.00 rows=84392 width=4) (actual time=0.012..29.253 rows=84843 loops=1)
                                                        Filter: ((country_code)::text = '[us]'::text)
                                                        Rows Removed by Filter: 150154
                                            ->  Sort  (cost=2609129.00..2609129.00 rows=2609129 width=8) (actual time=791.923..1126.495 rows=2609129 loops=1)
                                                  Sort Key: mc.company_id
                                                  Sort Method: quicksort  Memory: 220607kB
                                                  ->  Seq Scan on movie_companies mc  (cost=0.00..2609129.00 rows=2609129 width=8) (actual time=0.010..274.944 rows=2609129 loops=1)
                                      ->  Index Scan using title_pkey on title t  (cost=0.00..2.00 rows=1 width=21) (actual time=0.002..0.002 rows=1 loops=1153798)
                                            Index Cond: (id = mc.movie_id)
                    ->  Index Only Scan using name_pkey on name n1  (cost=0.00..2.00 rows=1 width=4) (actual time=0.001..0.001 rows=1 loops=285538)
                          Index Cond: (id = ci.person_id)
                          Heap Fetches: 285538
        ->  Sort  (cost=901343.00..901343.00 rows=901343 width=20) (actual time=370.261..434.074 rows=1003872 loops=1)
              Sort Key: an1.person_id
              Sort Method: quicksort  Memory: 89764kB
              ->  Seq Scan on aka_name an1  (cost=0.00..901343.00 rows=901343 width=20) (actual time=0.012..113.565 rows=901343 loops=1)
Planning time: 1.986 ms
Execution time: 6001.545 ms
