Aggregate  (cost=4276122.00..4276123.00 rows=1 width=96) (actual time=1609.954..1609.954 rows=1 loops=1)
  ->  Nested Loop  (cost=0.00..4276122.00 rows=121 width=49) (actual time=32.503..1609.884 rows=121 loops=1)
        ->  Nested Loop  (cost=0.00..4275870.00 rows=121 width=53) (actual time=32.494..1609.730 rows=121 loops=1)
              ->  Nested Loop  (cost=0.00..4275624.00 rows=123 width=57) (actual time=32.488..1609.373 rows=123 loops=1)
                    ->  Nested Loop  (cost=0.00..4274095.00 rows=139 width=61) (actual time=32.422..1608.640 rows=139 loops=1)
                          ->  Nested Loop  (cost=0.00..4273785.00 rows=155 width=49) (actual time=32.404..1608.143 rows=155 loops=1)
                                ->  Nested Loop  (cost=0.00..4272935.00 rows=425 width=28) (actual time=32.396..1606.967 rows=425 loops=1)
                                      ->  Nested Loop  (cost=0.00..2704029.00 rows=1558 width=24) (actual time=6.293..1589.714 rows=1558 loops=1)
                                            ->  Seq Scan on aka_name an  (cost=0.00..901343.00 rows=901343 width=20) (actual time=0.006..77.980 rows=901343 loops=1)
                                            ->  Index Scan using name_pkey on name n  (cost=0.00..2.00 rows=1 width=4) (actual time=0.002..0.002 rows=0 loops=901343)
                                                  Index Cond: (id = an.person_id)
                                                  Filter: ((name ~~ '%Ang%'::text) AND ((gender)::text = 'f'::text))
                                                  Rows Removed by Filter: 1
                                      ->  Index Scan using person_id_cast_info on cast_info ci  (cost=0.00..994.00 rows=13 width=16) (actual time=0.010..0.011 rows=0 loops=1558)
                                            Index Cond: (person_id = n.id)
                                            Filter: (note = ANY ('{(voice),"(voice: Japanese version)","(voice) (uncredited)","(voice: English version)"}'::text[]))
                                            Rows Removed by Filter: 44
                                ->  Index Scan using title_pkey on title t  (cost=0.00..2.00 rows=1 width=21) (actual time=0.003..0.003 rows=0 loops=425)
                                      Index Cond: (id = ci.movie_id)
                                      Filter: ((production_year >= 2005) AND (production_year <= 2015))
                                      Rows Removed by Filter: 1
                          ->  Index Scan using char_name_pkey on char_name chn  (cost=0.00..2.00 rows=1 width=20) (actual time=0.003..0.003 rows=1 loops=155)
                                Index Cond: (id = ci.person_role_id)
                    ->  Index Scan using movie_id_movie_companies on movie_companies mc  (cost=0.00..10.00 rows=1 width=8) (actual time=0.004..0.005 rows=1 loops=139)
                          Index Cond: (movie_id = ci.movie_id)
                          Filter: ((note IS NOT NULL) AND ((note ~~ '%(USA)%'::text) OR (note ~~ '%(worldwide)%'::text)))
                          Rows Removed by Filter: 5
              ->  Index Scan using company_name_pkey on company_name cn  (cost=0.00..2.00 rows=1 width=4) (actual time=0.003..0.003 rows=1 loops=123)
                    Index Cond: (id = mc.company_id)
                    Filter: ((country_code)::text = '[us]'::text)
                    Rows Removed by Filter: 0
        ->  Index Scan using role_type_pkey on role_type rt  (cost=0.00..2.00 rows=1 width=4) (actual time=0.001..0.001 rows=1 loops=121)
              Index Cond: (id = ci.role_id)
              Filter: ((role)::text = 'actress'::text)
Planning time: 3.344 ms
Execution time: 1610.026 ms
