Aggregate  (cost=6840073.00..6840074.00 rows=1 width=96) (actual time=1512.200..1512.200 rows=1 loops=1)
  ->  Nested Loop  (cost=0.00..6840073.00 rows=2 width=49) (actual time=36.698..1512.105 rows=121 loops=1)
        ->  Nested Loop  (cost=0.00..6840063.00 rows=5 width=53) (actual time=36.689..1511.736 rows=123 loops=1)
              ->  Nested Loop  (cost=0.00..6839755.00 rows=28 width=57) (actual time=35.948..1510.928 rows=139 loops=1)
                    ->  Nested Loop  (cost=0.00..6838867.00 rows=148 width=49) (actual time=35.834..1510.231 rows=249 loops=1)
                          ->  Nested Loop  (cost=0.00..6838255.00 rows=306 width=28) (actual time=30.786..1507.674 rows=630 loops=1)
                                ->  Nested Loop  (cost=0.00..6836993.00 rows=631 width=16) (actual time=30.778..1505.889 rows=727 loops=1)
                                      ->  Nested Loop  (cost=0.00..6675231.00 rows=80881 width=12) (actual time=0.116..1103.625 rows=276166 loops=1)
                                            ->  Seq Scan on role_type rt  (cost=0.00..12.00 rows=1 width=4) (actual time=0.005..0.009 rows=1 loops=1)
                                                  Filter: ((role)::text = 'actress'::text)
                                                  Rows Removed by Filter: 11
                                            ->  Index Scan using role_id_cast_info on cast_info ci  (cost=0.00..6589880.00 rows=85339 width=16) (actual time=0.110..1077.274 rows=276166 loops=1)
                                                  Index Cond: (role_id = rt.id)
                                                  Filter: (note = ANY ('{(voice),"(voice: Japanese version)","(voice) (uncredited)","(voice: English version)"}'::text[]))
                                                  Rows Removed by Filter: 7175807
                                      ->  Index Scan using name_pkey on name n  (cost=0.00..2.00 rows=1 width=4) (actual time=0.001..0.001 rows=0 loops=276166)
                                            Index Cond: (id = ci.person_id)
                                            Filter: ((name ~~ '%Ang%'::text) AND ((gender)::text = 'f'::text))
                                            Rows Removed by Filter: 1
                                ->  Index Scan using char_name_pkey on char_name chn  (cost=0.00..2.00 rows=1 width=20) (actual time=0.002..0.002 rows=1 loops=727)
                                      Index Cond: (id = ci.person_role_id)
                          ->  Index Scan using title_pkey on title t  (cost=0.00..2.00 rows=1 width=21) (actual time=0.004..0.004 rows=0 loops=630)
                                Index Cond: (id = ci.movie_id)
                                Filter: ((production_year >= 2005) AND (production_year <= 2015))
                                Rows Removed by Filter: 1
                    ->  Index Scan using person_id_aka_name on aka_name an  (cost=0.00..4.00 rows=2 width=20) (actual time=0.002..0.002 rows=1 loops=249)
                          Index Cond: (person_id = n.id)
              ->  Index Scan using movie_id_movie_companies on movie_companies mc  (cost=0.00..10.00 rows=1 width=8) (actual time=0.004..0.005 rows=1 loops=139)
                    Index Cond: (movie_id = ci.movie_id)
                    Filter: ((note IS NOT NULL) AND ((note ~~ '%(USA)%'::text) OR (note ~~ '%(worldwide)%'::text)))
                    Rows Removed by Filter: 5
        ->  Index Scan using company_name_pkey on company_name cn  (cost=0.00..2.00 rows=1 width=4) (actual time=0.002..0.002 rows=1 loops=123)
              Index Cond: (id = mc.company_id)
              Filter: ((country_code)::text = '[us]'::text)
              Rows Removed by Filter: 0
Planning time: 3.387 ms
Execution time: 1512.275 ms
