Aggregate  (cost=5301139.00..5301140.00 rows=1 width=128) (actual time=2127.072..2127.072 rows=1 loops=1)
  ->  Nested Loop  (cost=2844139.00..5301139.00 rows=1 width=64) (actual time=626.445..2126.995 rows=40 loops=1)
        ->  Nested Loop  (cost=2844139.00..5301137.00 rows=1 width=52) (actual time=626.434..2126.814 rows=40 loops=1)
              ->  Nested Loop  (cost=2844139.00..5301131.00 rows=1 width=44) (actual time=578.844..2126.600 rows=30 loops=1)
                    ->  Hash Join  (cost=2844139.00..5300369.00 rows=381 width=25) (actual time=429.912..2105.927 rows=7565 loops=1)
                          Hash Cond: (ci.role_id = rt.id)
                          ->  Nested Loop  (cost=2844126.00..5296512.00 rows=4193 width=29) (actual time=428.240..2102.954 rows=26990 loops=1)
                                ->  Nested Loop  (cost=2844126.00..3044024.00 rows=30856 width=25) (actual time=428.095..957.895 rows=47009 loops=1)
                                      ->  Merge Join  (cost=2844126.00..2915952.00 rows=64036 width=4) (actual time=428.037..489.171 rows=177065 loops=1)
                                            Merge Cond: (cn.id = mc.company_id)
                                            ->  Sort  (cost=234997.00..234997.00 rows=84392 width=4) (actual time=46.062..51.222 rows=34630 loops=1)
                                                  Sort Key: cn.id
                                                  Sort Method: quicksort  Memory: 7050kB
                                                  ->  Seq Scan on company_name cn  (cost=0.00..234997.00 rows=84392 width=4) (actual time=0.004..28.751 rows=84843 loops=1)
                                                        Filter: ((country_code)::text = '[us]'::text)
                                                        Rows Removed by Filter: 150154
                                            ->  Sort  (cost=2609129.00..2609129.00 rows=200005 width=8) (actual time=381.967..408.116 rows=198519 loops=1)
                                                  Sort Key: mc.company_id
                                                  Sort Method: quicksort  Memory: 15450kB
                                                  ->  Seq Scan on movie_companies mc  (cost=0.00..2609129.00 rows=200005 width=8) (actual time=0.011..349.939 rows=198519 loops=1)
                                                        Filter: ((note ~~ '%(200%)%'::text) AND ((note ~~ '%(USA)%'::text) OR (note ~~ '%(worldwide)%'::text)))
                                                        Rows Removed by Filter: 2410610
                                      ->  Index Scan using title_pkey on title t  (cost=0.00..2.00 rows=1 width=21) (actual time=0.002..0.002 rows=0 loops=177065)
                                            Index Cond: (id = mc.movie_id)
                                            Filter: ((production_year >= 2007) AND (production_year <= 2010))
                                            Rows Removed by Filter: 1
                                ->  Index Scan using movie_id_cast_info on cast_info ci  (cost=0.00..72.00 rows=1 width=16) (actual time=0.022..0.024 rows=1 loops=47009)
                                      Index Cond: (movie_id = t.id)
                                      Filter: (note = '(voice)'::text)
                                      Rows Removed by Filter: 31
                          ->  Hash  (cost=12.00..12.00 rows=1 width=4) (actual time=0.008..0.008 rows=1 loops=1)
                                Buckets: 1024  Batches: 1  Memory Usage: 9kB
                                ->  Seq Scan on role_type rt  (cost=0.00..12.00 rows=1 width=4) (actual time=0.005..0.007 rows=1 loops=1)
                                      Filter: ((role)::text = 'actress'::text)
                                      Rows Removed by Filter: 11
                    ->  Index Scan using name_pkey on name n  (cost=0.00..2.00 rows=1 width=19) (actual time=0.003..0.003 rows=0 loops=7565)
                          Index Cond: (id = ci.person_id)
                          Filter: ((name ~~ '%Angel%'::text) AND ((gender)::text = 'f'::text))
                          Rows Removed by Filter: 1
              ->  Index Scan using person_id_aka_name on aka_name an  (cost=0.00..4.00 rows=2 width=20) (actual time=0.005..0.005 rows=1 loops=30)
                    Index Cond: (person_id = n.id)
        ->  Index Scan using char_name_pkey on char_name chn  (cost=0.00..2.00 rows=1 width=20) (actual time=0.003..0.003 rows=1 loops=40)
              Index Cond: (id = ci.person_role_id)
Planning time: 3.373 ms
Execution time: 2127.157 ms
