Aggregate  (cost=6896022.00..6896023.00 rows=1 width=128) (actual time=3157.940..3157.940 rows=1 loops=1)
  ->  Nested Loop  (cost=0.00..6896022.00 rows=298 width=64) (actual time=25.036..3154.289 rows=8144 loops=1)
        ->  Nested Loop  (cost=0.00..6895426.00 rows=298 width=55) (actual time=25.028..3138.790 rows=8144 loops=1)
              ->  Nested Loop  (cost=0.00..6893562.00 rows=932 width=59) (actual time=14.464..3101.412 rows=18345 loops=1)
                    ->  Nested Loop  (cost=0.00..6881067.00 rows=833 width=51) (actual time=14.456..3078.727 rows=7726 loops=1)
                          ->  Nested Loop  (cost=0.00..6854949.00 rows=4353 width=43) (actual time=4.519..3055.012 rows=5686 loops=1)
                                ->  Nested Loop  (cost=0.00..6836993.00 rows=8978 width=31) (actual time=4.513..1551.986 rows=6552 loops=1)
                                      ->  Nested Loop  (cost=0.00..6675231.00 rows=80881 width=12) (actual time=0.114..1131.070 rows=276166 loops=1)
                                            ->  Seq Scan on role_type rt  (cost=0.00..12.00 rows=1 width=4) (actual time=0.005..0.008 rows=1 loops=1)
                                                  Filter: ((role)::text = 'actress'::text)
                                                  Rows Removed by Filter: 11
                                            ->  Index Scan using role_id_cast_info on cast_info ci  (cost=0.00..6589880.00 rows=85339 width=16) (actual time=0.108..1103.357 rows=276166 loops=1)
                                                  Index Cond: (role_id = rt.id)
                                                  Filter: (note = ANY ('{(voice),"(voice: Japanese version)","(voice) (uncredited)","(voice: English version)"}'::text[]))
                                                  Rows Removed by Filter: 7175807
                                      ->  Index Scan using name_pkey on name n  (cost=0.00..2.00 rows=1 width=19) (actual time=0.001..0.001 rows=0 loops=276166)
                                            Index Cond: (id = ci.person_id)
                                            Filter: ((name ~~ '%An%'::text) AND ((gender)::text = 'f'::text))
                                            Rows Removed by Filter: 1
                                ->  Index Scan using char_name_pkey on char_name chn  (cost=0.00..2.00 rows=1 width=20) (actual time=0.229..0.229 rows=1 loops=6552)
                                      Index Cond: (id = ci.person_role_id)
                          ->  Index Scan using person_id_aka_name on aka_name an  (cost=0.00..4.00 rows=2 width=20) (actual time=0.003..0.004 rows=1 loops=5686)
                                Index Cond: (person_id = n.id)
                    ->  Index Scan using movie_id_movie_companies on movie_companies mc  (cost=0.00..10.00 rows=5 width=8) (actual time=0.002..0.002 rows=2 loops=7726)
                          Index Cond: (movie_id = ci.movie_id)
              ->  Index Scan using company_name_pkey on company_name cn  (cost=0.00..2.00 rows=1 width=4) (actual time=0.002..0.002 rows=0 loops=18345)
                    Index Cond: (id = mc.company_id)
                    Filter: ((country_code)::text = '[us]'::text)
                    Rows Removed by Filter: 1
        ->  Index Scan using title_pkey on title t  (cost=0.00..2.00 rows=1 width=21) (actual time=0.002..0.002 rows=1 loops=8144)
              Index Cond: (id = ci.movie_id)
Planning time: 3.215 ms
Execution time: 3158.000 ms
