Aggregate  (cost=6950910.00..6950911.00 rows=1 width=128) (actual time=16819.470..16819.470 rows=1 loops=1)
  ->  Nested Loop  (cost=0.00..6950910.00 rows=575 width=64) (actual time=5.233..16636.034 rows=483082 loops=1)
        ->  Nested Loop  (cost=0.00..6949758.00 rows=576 width=55) (actual time=5.225..15841.382 rows=483082 loops=1)
              ->  Nested Loop  (cost=0.00..6946162.00 rows=1798 width=59) (actual time=5.208..14267.545 rows=909946 loops=1)
                    ->  Nested Loop  (cost=0.00..6922057.00 rows=1607 width=51) (actual time=5.202..13235.194 rows=482841 loops=1)
                          ->  Nested Loop  (cost=0.00..6871651.00 rows=8401 width=43) (actual time=0.835..12715.143 rows=255493 loops=1)
                                ->  Nested Loop  (cost=0.00..6836993.00 rows=17329 width=31) (actual time=0.143..1733.915 rows=276005 loops=1)
                                      ->  Nested Loop  (cost=0.00..6675231.00 rows=80881 width=12) (actual time=0.136..1258.346 rows=276166 loops=1)
                                            ->  Seq Scan on role_type rt  (cost=0.00..12.00 rows=1 width=4) (actual time=0.005..0.009 rows=1 loops=1)
                                                  Filter: ((role)::text = 'actress'::text)
                                                  Rows Removed by Filter: 11
                                            ->  Index Scan using role_id_cast_info on cast_info ci  (cost=0.00..6589880.00 rows=85339 width=16) (actual time=0.130..1226.901 rows=276166 loops=1)
                                                  Index Cond: (role_id = rt.id)
                                                  Filter: (note = ANY ('{(voice),"(voice: Japanese version)","(voice) (uncredited)","(voice: English version)"}'::text[]))
                                                  Rows Removed by Filter: 7175807
                                      ->  Index Scan using name_pkey on name n  (cost=0.00..2.00 rows=1 width=19) (actual time=0.001..0.001 rows=1 loops=276166)
                                            Index Cond: (id = ci.person_id)
                                            Filter: ((gender)::text = 'f'::text)
                                            Rows Removed by Filter: 0
                                ->  Index Scan using char_name_pkey on char_name chn  (cost=0.00..2.00 rows=1 width=20) (actual time=0.039..0.039 rows=1 loops=276005)
                                      Index Cond: (id = ci.person_role_id)
                          ->  Index Scan using person_id_aka_name on aka_name an  (cost=0.00..4.00 rows=2 width=20) (actual time=0.001..0.002 rows=2 loops=255493)
                                Index Cond: (person_id = n.id)
                    ->  Index Scan using movie_id_movie_companies on movie_companies mc  (cost=0.00..10.00 rows=5 width=8) (actual time=0.001..0.002 rows=2 loops=482841)
                          Index Cond: (movie_id = ci.movie_id)
              ->  Index Scan using company_name_pkey on company_name cn  (cost=0.00..2.00 rows=1 width=4) (actual time=0.001..0.001 rows=1 loops=909946)
                    Index Cond: (id = mc.company_id)
                    Filter: ((country_code)::text = '[us]'::text)
                    Rows Removed by Filter: 0
        ->  Index Scan using title_pkey on title t  (cost=0.00..2.00 rows=1 width=21) (actual time=0.001..0.001 rows=1 loops=483082)
              Index Cond: (id = ci.movie_id)
Planning time: 3.177 ms
Execution time: 16819.529 ms
