Aggregate  (cost=224230.73..224230.74 rows=1 width=96) (actual time=2280.012..2280.012 rows=1 loops=1)
  ->  Nested Loop  (cost=100343.59..224195.40 rows=4711 width=42) (actual time=976.391..2275.355 rows=4711 loops=1)
        Join Filter: (mi.info_type_id = it1.id)
        ->  Seq Scan on info_type it1  (cost=0.00..2.41 rows=1 width=4) (actual time=0.009..0.019 rows=1 loops=1)
              Filter: ((info)::text = 'genres'::text)
              Rows Removed by Filter: 112
        ->  Nested Loop  (cost=100343.59..224134.10 rows=4711 width=46) (actual time=976.379..2273.932 rows=4711 loops=1)
              Join Filter: (t.id = mi.movie_id)
              ->  Hash Join  (cost=100343.15..152986.13 rows=42332 width=54) (actual time=975.391..1591.117 rows=42332 loops=1)
                    Hash Cond: (mc.company_id = cn.id)
                    ->  Hash Join  (cost=93350.15..145128.74 rows=68466 width=39) (actual time=905.230..1491.131 rows=68466 loops=1)
                          Hash Cond: (mc.company_type_id = ct.id)
                          ->  Nested Loop  (cost=93349.09..143367.39 rows=169157 width=43) (actual time=905.185..1455.091 rows=169157 loops=1)
                                ->  Hash Join  (cost=93348.66..108479.15 rows=52304 width=31) (actual time=905.140..1194.995 rows=52304 loops=1)
                                      Hash Cond: (mi_idx.movie_id = t.id)
                                      ->  Nested Loop  (cost=6388.07..19983.71 rows=121572 width=10) (actual time=27.970..241.262 rows=121572 loops=1)
                                            ->  Seq Scan on info_type it2  (cost=0.00..2.41 rows=1 width=4) (actual time=0.014..0.025 rows=1 loops=1)
                                                  Filter: ((info)::text = 'rating'::text)
                                                  Rows Removed by Filter: 112
                                            ->  Bitmap Heap Scan on movie_info_idx mi_idx  (cost=6388.07..19498.21 rows=48309 width=14) (actual time=27.951..223.971 rows=121572 loops=1)
                                                  Recheck Cond: (info_type_id = it2.id)
                                                  Filter: (info > '7.0'::text)
                                                  Rows Removed by Filter: 338353
                                                  Heap Blocks: exact=7934
                                                  ->  Bitmap Index Scan on info_type_id_movie_info_idx  (cost=0.00..6375.99 rows=345009 width=0) (actual time=26.450..26.450 rows=459925 loops=1)
                                                        Index Cond: (info_type_id = it2.id)
                                      ->  Hash  (cost=73925.59..73925.59 rows=1042800 width=21) (actual time=874.087..874.087 rows=1042800 loops=1)
                                            Buckets: 1048576  Batches: 1  Memory Usage: 63852kB
                                            ->  Seq Scan on title t  (cost=0.00..73925.59 rows=1042800 width=21) (actual time=0.014..587.700 rows=1042800 loops=1)
                                                  Filter: ((production_year >= 2000) AND (production_year <= 2010))
                                                  Rows Removed by Filter: 1485512
                                ->  Index Scan using movie_id_movie_companies on movie_companies mc  (cost=0.43..0.62 rows=5 width=12) (actual time=0.003..0.004 rows=3 loops=52304)
                                      Index Cond: (movie_id = t.id)
                          ->  Hash  (cost=1.05..1.05 rows=1 width=4) (actual time=0.017..0.017 rows=1 loops=1)
                                Buckets: 1024  Batches: 1  Memory Usage: 9kB
                                ->  Seq Scan on company_type ct  (cost=0.00..1.05 rows=1 width=4) (actual time=0.007..0.008 rows=1 loops=1)
                                      Filter: ((kind)::text = 'production companies'::text)
                                      Rows Removed by Filter: 3
                    ->  Hash  (cost=5932.46..5932.46 rows=84843 width=23) (actual time=69.612..69.612 rows=84843 loops=1)
                          Buckets: 131072  Batches: 1  Memory Usage: 5810kB
                          ->  Seq Scan on company_name cn  (cost=0.00..5932.46 rows=84843 width=23) (actual time=0.009..49.969 rows=84843 loops=1)
                                Filter: ((country_code)::text = '[us]'::text)
                                Rows Removed by Filter: 150154
              ->  Index Scan using movie_id_movie_info on movie_info mi  (cost=0.43..1.67 rows=1 width=8) (actual time=0.016..0.016 rows=0 loops=42332)
                    Index Cond: (movie_id = mc.movie_id)
                    Filter: (info = ANY ('{Drama,Horror,Western,Family}'::text[]))
                    Rows Removed by Filter: 29
Planning time: 5.651 ms
Execution time: 2280.395 ms
