Aggregate  (cost=166350.25..166350.26 rows=1 width=96) (actual time=1711.729..1711.729 rows=1 loops=1)
  ->  Nested Loop  (cost=89853.87..165516.99 rows=111101 width=67) (actual time=911.675..1641.581 rows=111101 loops=1)
        Join Filter: (mi.info_type_id = it2.id)
        Rows Removed by Join Filter: 405226
        ->  Seq Scan on info_type it2  (cost=0.00..2.41 rows=1 width=4) (actual time=0.010..0.021 rows=1 loops=1)
              Filter: ((info)::text = 'release dates'::text)
              Rows Removed by Filter: 112
        ->  Nested Loop  (cost=89853.87..159060.49 rows=516327 width=71) (actual time=911.653..1589.917 rows=516327 loops=1)
              ->  Hash Join  (cost=89853.44..128045.09 rows=16470 width=35) (actual time=911.618..1179.869 rows=16470 loops=1)
                    Hash Cond: (t.kind_id = kt.id)
                    ->  Nested Loop  (cost=89852.34..127686.12 rows=31510 width=39) (actual time=788.840..1169.650 rows=31510 loops=1)
                          ->  Hash Join  (cost=89851.91..111412.05 rows=31510 width=14) (actual time=788.820..1052.949 rows=31510 loops=1)
                                Hash Cond: (miidx.movie_id = mc.movie_id)
                                ->  Nested Loop  (cost=6462.25..22162.36 rows=459925 width=10) (actual time=27.162..205.228 rows=459925 loops=1)
                                      ->  Seq Scan on info_type it  (cost=0.00..2.41 rows=1 width=4) (actual time=0.011..0.022 rows=1 loops=1)
                                            Filter: ((info)::text = 'rating'::text)
                                            Rows Removed by Filter: 112
                                      ->  Bitmap Heap Scan on movie_info_idx miidx  (cost=6462.25..18709.86 rows=345009 width=14) (actual time=27.149..128.608 rows=459925 loops=1)
                                            Recheck Cond: (info_type_id = it.id)
                                            Heap Blocks: exact=7934
                                            ->  Bitmap Index Scan on info_type_id_movie_info_idx  (cost=0.00..6375.99 rows=345009 width=0) (actual time=25.668..25.668 rows=459925 loops=1)
                                                  Index Cond: (info_type_id = it.id)
                                ->  Hash  (cost=82498.48..82498.48 rows=71294 width=4) (actual time=760.869..760.869 rows=71294 loops=1)
                                      Buckets: 131072  Batches: 1  Memory Usage: 3531kB
                                      ->  Hash Join  (cost=6055.08..82498.48 rows=71294 width=4) (actual time=40.614..742.305 rows=71294 loops=1)
                                            Hash Cond: (mc.company_id = cn.id)
                                            ->  Nested Loop  (cost=0.43..59590.99 rows=1334883 width=8) (actual time=0.023..542.164 rows=1334883 loops=1)
                                                  ->  Seq Scan on company_type ct  (cost=0.00..1.05 rows=1 width=4) (actual time=0.006..0.013 rows=1 loops=1)
                                                        Filter: ((kind)::text = 'production companies'::text)
                                                        Rows Removed by Filter: 3
                                                  ->  Index Scan using company_type_id_movie_companies on movie_companies mc  (cost=0.43..46544.30 rows=1304564 width=12) (actual time=0.015..333.547 rows=1334883 loops=1)
                                                        Index Cond: (company_type_id = ct.id)
                                            ->  Hash  (cost=5932.46..5932.46 rows=9775 width=4) (actual time=40.425..40.425 rows=9775 loops=1)
                                                  Buckets: 16384  Batches: 1  Memory Usage: 472kB
                                                  ->  Seq Scan on company_name cn  (cost=0.00..5932.46 rows=9775 width=4) (actual time=0.007..38.929 rows=9775 loops=1)
                                                        Filter: ((country_code)::text = '[de]'::text)
                                                        Rows Removed by Filter: 225222
                          ->  Index Scan using title_pkey on title t  (cost=0.43..0.52 rows=1 width=25) (actual time=0.003..0.003 rows=1 loops=31510)
                                Index Cond: (id = mc.movie_id)
                    ->  Hash  (cost=1.09..1.09 rows=1 width=4) (actual time=0.009..0.009 rows=1 loops=1)
                          Buckets: 1024  Batches: 1  Memory Usage: 9kB
                          ->  Seq Scan on kind_type kt  (cost=0.00..1.09 rows=1 width=4) (actual time=0.003..0.004 rows=1 loops=1)
                                Filter: ((kind)::text = 'movie'::text)
                                Rows Removed by Filter: 6
              ->  Index Scan using movie_id_movie_info on movie_info mi  (cost=0.43..1.47 rows=41 width=52) (actual time=0.005..0.019 rows=31 loops=16470)
                    Index Cond: (movie_id = t.id)
Planning time: 7.565 ms
Execution time: 1711.885 ms
