Aggregate  (cost=259372.11..259372.12 rows=1 width=64) (actual time=2715.703..2715.704 rows=1 loops=1)
  ->  Nested Loop  (cost=118215.02..259371.19 rows=184 width=32) (actual time=926.045..2715.511 rows=184 loops=1)
        Join Filter: (n.id = an.person_id)
        ->  Nested Loop  (cost=118214.59..259103.17 rows=162 width=40) (actual time=925.153..2714.823 rows=162 loops=1)
              Join Filter: (mi.info_type_id = it.id)
              ->  Seq Scan on info_type it  (cost=0.00..2.41 rows=1 width=4) (actual time=0.013..0.025 rows=1 loops=1)
                    Filter: ((info)::text = 'release dates'::text)
                    Rows Removed by Filter: 112
              ->  Nested Loop  (cost=118214.59..259098.74 rows=162 width=44) (actual time=925.137..2714.737 rows=162 loops=1)
                    Join Filter: (t.id = mi.movie_id)
                    ->  Nested Loop  (cost=118214.16..257354.42 rows=65 width=52) (actual time=925.105..2710.058 rows=65 loops=1)
                          ->  Nested Loop  (cost=118213.74..257270.23 rows=71 width=56) (actual time=925.092..2709.552 rows=71 loops=1)
                                ->  Nested Loop  (cost=118213.31..257153.28 rows=80 width=60) (actual time=925.077..2709.027 rows=80 loops=1)
                                      Join Filter: (t.id = mc.movie_id)
                                      ->  Nested Loop  (cost=118212.88..256790.09 rows=133 width=52) (actual time=925.059..2707.639 rows=133 loops=1)
                                            ->  Hash Join  (cost=118212.45..255748.51 rows=727 width=31) (actual time=917.764..2703.172 rows=727 loops=1)
                                                  Hash Cond: (ci.person_id = n.id)
                                                  ->  Nested Loop  (cost=0.56..134050.03 rows=276166 width=12) (actual time=0.166..1788.057 rows=276166 loops=1)
                                                        ->  Seq Scan on role_type rt  (cost=0.00..1.15 rows=1 width=4) (actual time=0.003..0.012 rows=1 loops=1)
                                                              Filter: ((role)::text = 'actress'::text)
                                                              Rows Removed by Filter: 11
                                                        ->  Index Scan using role_id_cast_info on cast_info ci  (cost=0.56..133252.59 rows=79629 width=16) (actual time=0.161..1749.818 rows=276166 loops=1)
                                                              Index Cond: (role_id = rt.id)
                                                              Filter: (note = ANY ('{(voice),"(voice: Japanese version)","(voice) (uncredited)","(voice: English version)"}'::text[]))
                                                              Rows Removed by Filter: 7175807
                                                  ->  Hash  (cost=118127.29..118127.29 rows=6768 width=19) (actual time=877.091..877.091 rows=6768 loops=1)
                                                        Buckets: 8192  Batches: 1  Memory Usage: 420kB
                                                        ->  Seq Scan on name n  (cost=0.00..118127.29 rows=6768 width=19) (actual time=369.118..875.425 rows=6768 loops=1)
                                                              Filter: ((name ~~ '%Ang%'::text) AND ((gender)::text = 'f'::text))
                                                              Rows Removed by Filter: 4160723
                                            ->  Index Scan using title_pkey on title t  (cost=0.43..1.43 rows=1 width=21) (actual time=0.006..0.006 rows=0 loops=727)
                                                  Index Cond: (id = ci.movie_id)
                                                  Filter: ((production_year >= 2005) AND (production_year <= 2009))
                                                  Rows Removed by Filter: 1
                                      ->  Index Scan using movie_id_movie_companies on movie_companies mc  (cost=0.43..2.72 rows=1 width=8) (actual time=0.007..0.009 rows=1 loops=133)
                                            Index Cond: (movie_id = ci.movie_id)
                                            Filter: ((note IS NOT NULL) AND ((note ~~ '%(USA)%'::text) OR (note ~~ '%(worldwide)%'::text)))
                                            Rows Removed by Filter: 4
                                ->  Index Only Scan using char_name_pkey on char_name chn  (cost=0.43..1.46 rows=1 width=4) (actual time=0.005..0.005 rows=1 loops=80)
                                      Index Cond: (id = ci.person_role_id)
                                      Heap Fetches: 71
                          ->  Index Scan using company_name_pkey on company_name cn  (cost=0.42..1.19 rows=1 width=4) (actual time=0.006..0.006 rows=1 loops=71)
                                Index Cond: (id = mc.company_id)
                                Filter: ((country_code)::text = '[us]'::text)
                                Rows Removed by Filter: 0
                    ->  Index Scan using movie_id_movie_info on movie_info mi  (cost=0.43..26.82 rows=1 width=8) (actual time=0.017..0.070 rows=2 loops=65)
                          Index Cond: (movie_id = ci.movie_id)
                          Filter: ((info IS NOT NULL) AND ((info ~~ 'Japan:%200%'::text) OR (info ~~ 'USA:%200%'::text)))
                          Rows Removed by Filter: 142
        ->  Index Only Scan using person_id_aka_name on aka_name an  (cost=0.42..1.63 rows=2 width=4) (actual time=0.003..0.003 rows=1 loops=162)
              Index Cond: (person_id = ci.person_id)
              Heap Fetches: 184
Planning time: 21.724 ms
Execution time: 2715.871 ms
