Aggregate  (cost=9007.84..9007.85 rows=1 width=96) (actual time=41.218..41.218 rows=1 loops=1)
  ->  Nested Loop  (cost=4.00..9007.51 rows=45 width=48) (actual time=10.736..41.164 rows=45 loops=1)
        ->  Nested Loop  (cost=3.58..7815.62 rows=810 width=52) (actual time=10.634..38.984 rows=810 loops=1)
              Join Filter: (t.id = mk.movie_id)
              ->  Nested Loop  (cost=3.14..7739.80 rows=25 width=64) (actual time=10.627..38.508 rows=25 loops=1)
                    Join Filter: (it.id = mi.info_type_id)
                    ->  Seq Scan on info_type it  (cost=0.00..2.41 rows=1 width=4) (actual time=0.010..0.019 rows=1 loops=1)
                          Filter: ((info)::text = 'release dates'::text)
                          Rows Removed by Filter: 112
                    ->  Nested Loop  (cost=3.14..7737.07 rows=25 width=68) (actual time=10.616..38.479 rows=25 loops=1)
                          Join Filter: (t.id = mi.movie_id)
                          ->  Nested Loop  (cost=2.71..7256.87 rows=15 width=60) (actual time=10.595..37.940 rows=15 loops=1)
                                Join Filter: (n.id = an.person_id)
                                ->  Nested Loop  (cost=2.28..7250.55 rows=3 width=68) (actual time=10.587..37.911 rows=3 loops=1)
                                      ->  Nested Loop  (cost=1.85..7222.74 rows=15 width=49) (actual time=10.547..37.838 rows=15 loops=1)
                                            ->  Nested Loop  (cost=1.42..7194.89 rows=16 width=37) (actual time=10.537..37.743 rows=16 loops=1)
                                                  Join Filter: (rt.id = ci.role_id)
                                                  Rows Removed by Join Filter: 41
                                                  ->  Seq Scan on role_type rt  (cost=0.00..1.15 rows=1 width=4) (actual time=0.002..0.004 rows=1 loops=1)
                                                        Filter: ((role)::text = 'actress'::text)
                                                        Rows Removed by Filter: 11
                                                  ->  Nested Loop  (cost=1.42..7193.03 rows=57 width=41) (actual time=10.500..37.731 rows=57 loops=1)
                                                        Join Filter: (t.id = ci.movie_id)
                                                        ->  Nested Loop  (cost=0.86..7033.37 rows=4 width=25) (actual time=10.308..37.430 rows=4 loops=1)
                                                              ->  Nested Loop  (cost=0.43..6872.27 rows=99 width=4) (actual time=10.229..37.037 rows=99 loops=1)
                                                                    ->  Seq Scan on company_name cn  (cost=0.00..6519.95 rows=1 width=4) (actual time=10.214..36.926 rows=1 loops=1)
                                                                          Filter: (((country_code)::text = '[us]'::text) AND (name = 'DreamWorks Animation'::text))
                                                                          Rows Removed by Filter: 234996
                                                                    ->  Index Scan using company_id_movie_companies on movie_companies mc  (cost=0.43..351.00 rows=132 width=8) (actual time=0.013..0.091 rows=99 loops=1)
                                                                          Index Cond: (company_id = cn.id)
                                                              ->  Index Scan using title_pkey on title t  (cost=0.43..1.62 rows=1 width=21) (actual time=0.004..0.004 rows=0 loops=99)
                                                                    Index Cond: (id = mc.movie_id)
                                                                    Filter: ((production_year > 2010) AND (title ~~ 'Kung Fu Panda%'::text))
                                                                    Rows Removed by Filter: 1
                                                        ->  Index Scan using movie_id_cast_info on cast_info ci  (cost=0.56..39.90 rows=1 width=16) (actual time=0.014..0.071 rows=14 loops=4)
                                                              Index Cond: (movie_id = mc.movie_id)
                                                              Filter: (note = ANY ('{(voice),"(voice: Japanese version)","(voice) (uncredited)","(voice: English version)"}'::text[]))
                                                              Rows Removed by Filter: 45
                                            ->  Index Scan using char_name_pkey on char_name chn  (cost=0.43..1.74 rows=1 width=20) (actual time=0.005..0.005 rows=1 loops=16)
                                                  Index Cond: (id = ci.person_role_id)
                                      ->  Index Scan using name_pkey on name n  (cost=0.43..1.85 rows=1 width=19) (actual time=0.004..0.004 rows=0 loops=15)
                                            Index Cond: (id = ci.person_id)
                                            Filter: ((name ~~ '%An%'::text) AND ((gender)::text = 'f'::text))
                                            Rows Removed by Filter: 1
                                ->  Index Only Scan using person_id_aka_name on aka_name an  (cost=0.42..2.08 rows=2 width=4) (actual time=0.005..0.007 rows=5 loops=3)
                                      Index Cond: (person_id = ci.person_id)
                                      Heap Fetches: 15
                          ->  Index Scan using movie_id_movie_info on movie_info mi  (cost=0.43..32.00 rows=1 width=8) (actual time=0.007..0.035 rows=2 loops=15)
                                Index Cond: (movie_id = mc.movie_id)
                                Filter: ((info IS NOT NULL) AND ((info ~~ 'Japan:%201%'::text) OR (info ~~ 'USA:%201%'::text)))
                                Rows Removed by Filter: 88
              ->  Index Scan using movie_id_movie_keyword on movie_keyword mk  (cost=0.43..2.46 rows=46 width=8) (actual time=0.003..0.010 rows=32 loops=25)
                    Index Cond: (movie_id = mc.movie_id)
        ->  Index Scan using keyword_pkey on keyword k  (cost=0.42..1.47 rows=1 width=4) (actual time=0.002..0.002 rows=0 loops=810)
              Index Cond: (id = mk.keyword_id)
              Filter: (keyword = ANY ('{hero,martial-arts,hand-to-hand-combat,computer-animated-movie}'::text[]))
              Rows Removed by Filter: 1
Planning time: 73.547 ms
Execution time: 41.343 ms
