Aggregate  (cost=1149739.19..1149739.20 rows=1 width=128) (actual time=8495.090..8495.090 rows=1 loops=1)
  ->  Nested Loop  (cost=904386.31..1149477.66 rows=26153 width=82) (actual time=7644.839..8468.516 rows=26153 loops=1)
        Join Filter: (mi.movie_id = t.id)
        ->  Nested Loop  (cost=904385.88..1127269.05 rows=26153 width=81) (actual time=7644.816..8393.599 rows=26153 loops=1)
              ->  Hash Join  (cost=904385.45..1080866.99 rows=42900 width=70) (actual time=7644.765..8233.119 rows=42900 loops=1)
                    Hash Cond: (mi.movie_id = mi_idx.movie_id)
                    ->  Nested Loop  (cost=3919.17..178844.88 rows=186594 width=48) (actual time=82.956..623.236 rows=186594 loops=1)
                          ->  Seq Scan on info_type it1  (cost=0.00..2.41 rows=1 width=4) (actual time=0.008..0.028 rows=1 loops=1)
                                Filter: ((info)::text = 'genres'::text)
                                Rows Removed by Filter: 112
                          ->  Bitmap Heap Scan on movie_info mi  (cost=3919.17..178818.64 rows=2382 width=52) (actual time=82.936..598.418 rows=186594 loops=1)
                                Recheck Cond: (info_type_id = it1.id)
                                Filter: (info = ANY ('{Horror,Action,Sci-Fi,Thriller,Crime,War}'::text[]))
                                Rows Removed by Filter: 1347315
                                Heap Blocks: exact=9770
                                ->  Bitmap Index Scan on info_type_id_movie_info  (cost=0.00..3918.58 rows=212019 width=0) (actual time=80.990..80.990 rows=1533909 loops=1)
                                      Index Cond: (info_type_id = it1.id)
                    ->  Hash  (cost=899978.89..899978.89 rows=38991 width=22) (actual time=7560.912..7560.912 rows=38991 loops=1)
                          Buckets: 65536  Batches: 1  Memory Usage: 2557kB
                          ->  Hash Join  (cost=45060.58..899978.89 rows=38991 width=22) (actual time=4222.546..7545.584 rows=38991 loops=1)
                                Hash Cond: (ci.movie_id = mi_idx.movie_id)
                                ->  Seq Scan on cast_info ci  (cost=0.00..841664.55 rows=1244716 width=8) (actual time=169.561..6807.384 rows=1244716 loops=1)
                                      Filter: (note = ANY ('{(writer),"(head writer)","(written by)",(story),"(story editor)"}'::text[]))
                                      Rows Removed by Filter: 34999628
                                ->  Hash  (cost=44264.32..44264.32 rows=63701 width=14) (actual time=519.285..519.285 rows=63701 loops=1)
                                      Buckets: 65536  Batches: 1  Memory Usage: 3335kB
                                      ->  Hash Join  (cost=27918.19..44264.32 rows=63701 width=14) (actual time=315.603..504.358 rows=63701 loops=1)
                                            Hash Cond: (mk.movie_id = mi_idx.movie_id)
                                            ->  Nested Loop  (cost=6.77..10991.68 rows=76714 width=4) (actual time=5.186..157.757 rows=76714 loops=1)
                                                  ->  Seq Scan on keyword k  (cost=0.00..3464.69 rows=7 width=4) (actual time=1.120..39.736 rows=7 loops=1)
                                                        Filter: (keyword = ANY ('{murder,violence,blood,gore,death,female-nudity,hospital}'::text[]))
                                                        Rows Removed by Filter: 134163
                                                  ->  Bitmap Heap Scan on movie_keyword mk  (cost=6.77..1072.28 rows=301 width=8) (actual time=3.119..15.257 rows=10959 loops=7)
                                                        Recheck Cond: (keyword_id = k.id)
                                                        Heap Blocks: exact=53234
                                                        ->  Bitmap Index Scan on keyword_id_movie_keyword  (cost=0.00..6.69 rows=301 width=0) (actual time=1.663..1.663 rows=10959 loops=7)
                                                              Index Cond: (keyword_id = k.id)
                                            ->  Hash  (cost=22162.36..22162.36 rows=459925 width=10) (actual time=309.189..309.189 rows=459925 loops=1)
                                                  Buckets: 524288  Batches: 1  Memory Usage: 22143kB
                                                  ->  Nested Loop  (cost=6462.25..22162.36 rows=459925 width=10) (actual time=27.381..210.495 rows=459925 loops=1)
                                                        ->  Seq Scan on info_type it2  (cost=0.00..2.41 rows=1 width=4) (actual time=0.027..0.043 rows=1 loops=1)
                                                              Filter: ((info)::text = 'votes'::text)
                                                              Rows Removed by Filter: 112
                                                        ->  Bitmap Heap Scan on movie_info_idx mi_idx  (cost=6462.25..18709.86 rows=345009 width=14) (actual time=27.344..129.290 rows=459925 loops=1)
                                                              Recheck Cond: (info_type_id = it2.id)
                                                              Heap Blocks: exact=7934
                                                              ->  Bitmap Index Scan on info_type_id_movie_info_idx  (cost=0.00..6375.99 rows=345009 width=0) (actual time=25.869..25.869 rows=459925 loops=1)
                                                                    Index Cond: (info_type_id = it2.id)
              ->  Index Scan using name_pkey on name n  (cost=0.43..1.08 rows=1 width=19) (actual time=0.003..0.003 rows=1 loops=42900)
                    Index Cond: (id = ci.person_id)
                    Filter: ((gender)::text = 'm'::text)
                    Rows Removed by Filter: 0
        ->  Index Scan using title_pkey on title t  (cost=0.43..0.84 rows=1 width=21) (actual time=0.002..0.002 rows=1 loops=26153)
              Index Cond: (id = mk.movie_id)
Planning time: 10.947 ms
Execution time: 8495.572 ms
