Aggregate  (cost=2377.36..2377.37 rows=1 width=96) (actual time=12.528..12.528 rows=1 loops=1)
  ->  Nested Loop  (cost=602.65..2375.51 rows=247 width=48) (actual time=6.703..12.327 rows=247 loops=1)
        Join Filter: (ml.movie_id = mi.movie_id)
        ->  Nested Loop  (cost=602.22..2228.33 rows=95 width=68) (actual time=6.691..11.340 rows=95 loops=1)
              ->  Nested Loop  (cost=601.80..1918.10 rows=703 width=72) (actual time=6.677..9.619 rows=703 loops=1)
                    Join Filter: (ml.movie_id = mk.movie_id)
                    ->  Nested Loop  (cost=601.37..1734.90 rows=95 width=64) (actual time=6.672..9.011 rows=95 loops=1)
                          Join Filter: (ml.movie_id = t.id)
                          ->  Nested Loop  (cost=600.94..1570.01 rows=273 width=43) (actual time=1.918..8.284 rows=273 loops=1)
                                Join Filter: (mc.company_type_id = ct.id)
                                Rows Removed by Join Filter: 21
                                ->  Nested Loop  (cost=600.94..1564.55 rows=294 width=47) (actual time=1.915..8.156 rows=294 loops=1)
                                      Join Filter: (cc.subject_id = cct1.id)
                                      Rows Removed by Join Filter: 61
                                      ->  Nested Loop  (cost=600.94..1555.41 rows=294 width=51) (actual time=1.911..7.994 rows=294 loops=1)
                                            ->  Nested Loop  (cost=600.52..1192.49 rows=794 width=36) (actual time=1.750..5.825 rows=794 loops=1)
                                                  Join Filter: (ml.movie_id = mc.movie_id)
                                                  ->  Nested Loop  (cost=600.09..942.38 rows=189 width=24) (actual time=1.739..4.724 rows=189 loops=1)
                                                        Join Filter: (cct2.id = cc.status_id)
                                                        Rows Removed by Join Filter: 68
                                                        ->  Merge Join  (cost=600.09..937.47 rows=257 width=28) (actual time=1.733..4.596 rows=257 loops=1)
                                                              Merge Cond: (cc.movie_id = ml.movie_id)
                                                              ->  Index Scan using movie_id_complete_cast on complete_cast cc  (cost=0.42..6346.28 rows=135086 width=12) (actual time=0.009..2.005 rows=5993 loops=1)
                                                              ->  Sort  (cost=599.65..605.43 rows=2315 width=16) (actual time=1.504..1.670 rows=2341 loops=1)
                                                                    Sort Key: ml.movie_id
                                                                    Sort Method: quicksort  Memory: 205kB
                                                                    ->  Nested Loop  (cost=38.82..470.28 rows=2315 width=16) (actual time=0.080..0.985 rows=2315 loops=1)
                                                                          ->  Seq Scan on link_type lt  (cost=0.00..1.23 rows=2 width=16) (actual time=0.004..0.009 rows=2 loops=1)
                                                                                Filter: ((link)::text ~~ '%follow%'::text)
                                                                                Rows Removed by Filter: 16
                                                                          ->  Bitmap Heap Scan on movie_link ml  (cost=38.82..215.78 rows=1875 width=8) (actual time=0.072..0.310 rows=1158 loops=2)
                                                                                Recheck Cond: (link_type_id = lt.id)
                                                                                Heap Blocks: exact=191
                                                                                ->  Bitmap Index Scan on link_type_id_movie_link  (cost=0.00..38.35 rows=1875 width=0) (actual time=0.058..0.058 rows=1158 loops=2)
                                                                                      Index Cond: (link_type_id = lt.id)
                                                        ->  Materialize  (cost=0.00..1.05 rows=1 width=4) (actual time=0.000..0.000 rows=1 loops=257)
                                                              ->  Seq Scan on comp_cast_type cct2  (cost=0.00..1.05 rows=1 width=4) (actual time=0.004..0.004 rows=1 loops=1)
                                                                    Filter: ((kind)::text = 'complete'::text)
                                                                    Rows Removed by Filter: 3
                                                  ->  Index Scan using movie_id_movie_companies on movie_companies mc  (cost=0.43..1.29 rows=3 width=12) (actual time=0.003..0.004 rows=4 loops=189)
                                                        Index Cond: (movie_id = cc.movie_id)
                                                        Filter: (note IS NULL)
                                                        Rows Removed by Filter: 3
                                            ->  Index Scan using company_name_pkey on company_name cn  (cost=0.42..0.46 rows=1 width=23) (actual time=0.002..0.002 rows=0 loops=794)
                                                  Index Cond: (id = mc.company_id)
                                                  Filter: (((country_code)::text <> '[pl]'::text) AND ((name ~~ '%Film%'::text) OR (name ~~ '%Warner%'::text)))
                                                  Rows Removed by Filter: 1
                                      ->  Materialize  (cost=0.00..1.06 rows=2 width=4) (actual time=0.000..0.000 rows=1 loops=294)
                                            ->  Seq Scan on comp_cast_type cct1  (cost=0.00..1.05 rows=2 width=4) (actual time=0.003..0.004 rows=2 loops=1)
                                                  Filter: ((kind)::text = ANY ('{cast,crew}'::text[]))
                                ->  Materialize  (cost=0.00..1.05 rows=1 width=4) (actual time=0.000..0.000 rows=1 loops=294)
                                      ->  Seq Scan on company_type ct  (cost=0.00..1.05 rows=1 width=4) (actual time=0.002..0.003 rows=1 loops=1)
                                            Filter: ((kind)::text = 'production companies'::text)
                                            Rows Removed by Filter: 3
                          ->  Index Scan using title_pkey on title t  (cost=0.43..0.59 rows=1 width=21) (actual time=0.002..0.002 rows=0 loops=273)
                                Index Cond: (id = mc.movie_id)
                                Filter: (production_year = 1998)
                                Rows Removed by Filter: 1
                    ->  Index Scan using movie_id_movie_keyword on movie_keyword mk  (cost=0.43..1.35 rows=46 width=8) (actual time=0.002..0.004 rows=7 loops=95)
                          Index Cond: (movie_id = mc.movie_id)
              ->  Index Scan using keyword_pkey on keyword k  (cost=0.42..0.44 rows=1 width=4) (actual time=0.002..0.002 rows=0 loops=703)
                    Index Cond: (id = mk.keyword_id)
                    Filter: (keyword = 'sequel'::text)
                    Rows Removed by Filter: 1
        ->  Index Scan using movie_id_movie_info on movie_info mi  (cost=0.43..1.54 rows=1 width=4) (actual time=0.007..0.009 rows=3 loops=95)
              Index Cond: (movie_id = mk.movie_id)
              Filter: (info = ANY ('{Sweden,Germany,Swedish,German}'::text[]))
              Rows Removed by Filter: 10
Planning time: 70.848 ms
Execution time: 12.636 ms
