Aggregate  (cost=58394.10..58394.11 rows=1 width=32) (actual time=550.699..550.699 rows=1 loops=1)
  ->  Hash Join  (cost=7000.63..58223.31 rows=68316 width=17) (actual time=66.617..526.833 rows=68316 loops=1)
        Hash Cond: (mc.company_id = cn.id)
        ->  Nested Loop  (cost=7.63..49354.85 rows=148552 width=21) (actual time=6.969..426.855 rows=148552 loops=1)
              Join Filter: (t.id = mc.movie_id)
              ->  Nested Loop  (cost=7.20..24127.76 rows=41840 width=25) (actual time=6.947..228.826 rows=41840 loops=1)
                    ->  Nested Loop  (cost=6.77..3739.98 rows=41840 width=4) (actual time=6.928..54.576 rows=41840 loops=1)
                          ->  Seq Scan on keyword k  (cost=0.00..2626.12 rows=1 width=4) (actual time=0.610..14.354 rows=1 loops=1)
                                Filter: (keyword = 'character-name-in-title'::text)
                                Rows Removed by Filter: 134169
                          ->  Bitmap Heap Scan on movie_keyword mk  (cost=6.77..1110.84 rows=301 width=8) (actual time=6.315..33.245 rows=41840 loops=1)
                                Recheck Cond: (keyword_id = k.id)
                                Heap Blocks: exact=11541
                                ->  Bitmap Index Scan on keyword_id_movie_keyword  (cost=0.00..6.69 rows=301 width=0) (actual time=4.181..4.181 rows=41840 loops=1)
                                      Index Cond: (keyword_id = k.id)
                    ->  Index Scan using title_pkey on title t  (cost=0.43..0.49 rows=1 width=21) (actual time=0.004..0.004 rows=1 loops=41840)
                          Index Cond: (id = mk.movie_id)
              ->  Index Scan using movie_id_movie_companies on movie_companies mc  (cost=0.43..0.54 rows=5 width=8) (actual time=0.002..0.004 rows=4 loops=41840)
                    Index Cond: (movie_id = mk.movie_id)
        ->  Hash  (cost=5932.46..5932.46 rows=84843 width=4) (actual time=58.979..58.979 rows=84843 loops=1)
              Buckets: 131072  Batches: 1  Memory Usage: 4007kB
              ->  Seq Scan on company_name cn  (cost=0.00..5932.46 rows=84843 width=4) (actual time=0.007..43.888 rows=84843 loops=1)
                    Filter: ((country_code)::text = '[us]'::text)
                    Rows Removed by Filter: 150154
Planning time: 1.274 ms
Execution time: 550.901 ms
