Aggregate  (cost=33846.90..33846.91 rows=1 width=96) (actual time=231.709..231.709 rows=1 loops=1)
  ->  Nested Loop  (cost=10251.01..33813.99 rows=4388 width=46) (actual time=156.455..228.412 rows=4388 loops=1)
        ->  Hash Join  (cost=10250.58..14198.88 rows=4388 width=33) (actual time=156.439..210.068 rows=4388 loops=1)
              Hash Cond: (ml.link_type_id = lt.id)
              ->  Hash Join  (cost=10249.17..14144.25 rows=4388 width=25) (actual time=156.411..208.638 rows=4388 loops=1)
                    Hash Cond: (mk.movie_id = t1.id)
                    ->  Nested Loop  (cost=6.77..3739.98 rows=41840 width=4) (actual time=6.371..50.302 rows=41840 loops=1)
                          ->  Seq Scan on keyword k  (cost=0.00..2626.12 rows=1 width=4) (actual time=0.610..14.469 rows=1 loops=1)
                                Filter: (keyword = 'character-name-in-title'::text)
                                Rows Removed by Filter: 134169
                          ->  Bitmap Heap Scan on movie_keyword mk  (cost=6.77..1110.84 rows=301 width=8) (actual time=5.757..29.996 rows=41840 loops=1)
                                Recheck Cond: (keyword_id = k.id)
                                Heap Blocks: exact=11541
                                ->  Bitmap Index Scan on keyword_id_movie_keyword  (cost=0.00..6.69 rows=301 width=0) (actual time=3.619..3.619 rows=41840 loops=1)
                                      Index Cond: (keyword_id = k.id)
                    ->  Hash  (cost=9867.45..9867.45 rows=29997 width=33) (actual time=149.993..149.993 rows=29997 loops=1)
                          Buckets: 32768  Batches: 1  Memory Usage: 2307kB
                          ->  Merge Join  (cost=0.99..9867.45 rows=29997 width=33) (actual time=0.019..142.726 rows=29997 loops=1)
                                Merge Cond: (ml.movie_id = t1.id)
                                ->  Index Scan using movie_id_movie_link on movie_link ml  (cost=0.29..959.51 rows=29997 width=12) (actual time=0.009..7.233 rows=29997 loops=1)
                                ->  Index Scan using title_pkey on title t1  (cost=0.43..110309.25 rows=2528312 width=21) (actual time=0.004..107.383 rows=186175 loops=1)
              ->  Hash  (cost=1.18..1.18 rows=18 width=16) (actual time=0.015..0.015 rows=18 loops=1)
                    Buckets: 1024  Batches: 1  Memory Usage: 9kB
                    ->  Seq Scan on link_type lt  (cost=0.00..1.18 rows=18 width=16) (actual time=0.005..0.009 rows=18 loops=1)
        ->  Index Scan using title_pkey on title t2  (cost=0.43..4.47 rows=1 width=21) (actual time=0.004..0.004 rows=1 loops=4388)
              Index Cond: (id = ml.linked_movie_id)
Planning time: 2.070 ms
Execution time: 231.827 ms
