Aggregate  (cost=53083.85..53083.86 rows=1 width=32) (actual time=289.916..289.916 rows=1 loops=1)
  ->  Nested Loop  (cost=1.29..53083.85 rows=0 width=17) (actual time=289.911..289.911 rows=0 loops=1)
        Join Filter: (mi.info_type_id = it.id)
        ->  Nested Loop  (cost=1.29..53080.31 rows=0 width=21) (actual time=289.909..289.909 rows=0 loops=1)
              ->  Nested Loop  (cost=0.86..53077.94 rows=0 width=25) (actual time=289.908..289.908 rows=0 loops=1)
                    ->  Nested Loop  (cost=0.43..53072.99 rows=0 width=4) (actual time=289.907..289.907 rows=0 loops=1)
                          ->  Seq Scan on company_type ct  (cost=0.00..1.05 rows=1 width=4) (actual time=0.006..0.013 rows=1 loops=1)
                                Filter: ((kind)::text = 'production companies'::text)
                                Rows Removed by Filter: 3
                          ->  Index Scan using company_type_id_movie_companies on movie_companies mc  (cost=0.43..53067.12 rows=482 width=8) (actual time=289.889..289.889 rows=0 loops=1)
                                Index Cond: (company_type_id = ct.id)
                                Filter: ((note ~~ '%(theatrical)%'::text) AND (note ~~ '%(France)%'::text))
                                Rows Removed by Filter: 1334883
                    ->  Index Scan using title_pkey on title t  (cost=0.43..4.95 rows=1 width=21) (never executed)
                          Index Cond: (id = mc.movie_id)
                          Filter: (production_year > 2005)
              ->  Index Scan using movie_id_movie_info on movie_info mi  (cost=0.43..2.36 rows=1 width=8) (never executed)
                    Index Cond: (movie_id = t.id)
                    Filter: (info = ANY ('{Sweden,Norway,Germany,Denmark,Swedish,Denish,Norwegian,German}'::text[]))
        ->  Seq Scan on info_type it  (cost=0.00..2.13 rows=113 width=4) (never executed)
Planning time: 1.378 ms
Execution time: 289.978 ms
