Aggregate  (cost=222915.60..222915.61 rows=1 width=96) (actual time=4370.465..4370.465 rows=1 loops=1)
  ->  Hash Join  (cost=149390.59..217024.52 rows=785477 width=48) (actual time=1901.857..3894.501 rows=785477 loops=1)
        Hash Cond: (ci.person_id = n.id)
        ->  Nested Loop  (cost=7.76..57725.05 rows=785477 width=37) (actual time=0.684..1540.749 rows=785477 loops=1)
              Join Filter: (t.id = ci.movie_id)
              ->  Nested Loop  (cost=7.20..29589.18 rows=14165 width=41) (actual time=0.667..246.115 rows=14165 loops=1)
                    ->  Nested Loop  (cost=6.77..12178.50 rows=35548 width=20) (actual time=0.657..102.425 rows=35548 loops=1)
                          ->  Seq Scan on keyword k  (cost=0.00..3632.40 rows=8 width=20) (actual time=0.137..43.066 rows=8 loops=1)
                                Filter: (keyword = ANY ('{superhero,sequel,second-part,marvel-comics,based-on-comic,tv-special,fight,violence}'::text[]))
                                Rows Removed by Filter: 134162
                          ->  Bitmap Heap Scan on movie_keyword mk  (cost=6.77..1065.25 rows=301 width=8) (actual time=1.158..6.403 rows=4444 loops=8)
                                Recheck Cond: (keyword_id = k.id)
                                Heap Blocks: exact=23488
                                ->  Bitmap Index Scan on keyword_id_movie_keyword  (cost=0.00..6.69 rows=301 width=0) (actual time=0.659..0.659 rows=4444 loops=8)
                                      Index Cond: (keyword_id = k.id)
                    ->  Index Scan using title_pkey on title t  (cost=0.43..0.49 rows=1 width=21) (actual time=0.004..0.004 rows=0 loops=35548)
                          Index Cond: (id = mk.movie_id)
                          Filter: (production_year > 2000)
                          Rows Removed by Filter: 1
              ->  Index Scan using movie_id_cast_info on cast_info ci  (cost=0.56..1.52 rows=37 width=8) (actual time=0.007..0.076 rows=55 loops=14165)
                    Index Cond: (movie_id = mk.movie_id)
        ->  Hash  (cost=97289.19..97289.19 rows=4167491 width=19) (actual time=1890.625..1890.625 rows=4167491 loops=1)
              Buckets: 4194304  Batches: 1  Memory Usage: 248744kB
              ->  Seq Scan on name n  (cost=0.00..97289.19 rows=4167491 width=19) (actual time=0.018..703.407 rows=4167491 loops=1)
Planning time: 1.259 ms
Execution time: 4390.864 ms
