Aggregate  (cost=275024.70..275024.71 rows=1 width=128) (actual time=2904.760..2904.760 rows=1 loops=1)
  ->  Nested Loop  (cost=118755.12..274943.26 rows=8144 width=64) (actual time=918.980..2897.595 rows=8144 loops=1)
        Join Filter: (n.id = an.person_id)
        ->  Nested Loop  (cost=118754.70..272471.31 rows=4503 width=56) (actual time=903.356..2881.365 rows=4503 loops=1)
              Join Filter: (ci.movie_id = t.id)
              ->  Nested Loop  (cost=118754.27..270089.34 rows=4503 width=47) (actual time=903.340..2865.273 rows=4503 loops=1)
                    ->  Nested Loop  (cost=118753.85..264567.85 rows=12383 width=51) (actual time=903.320..2822.501 rows=12383 loops=1)
                          ->  Nested Loop  (cost=118753.42..260660.75 rows=5686 width=43) (actual time=903.304..2796.701 rows=5686 loops=1)
                                ->  Hash Join  (cost=118752.99..256289.05 rows=6552 width=31) (actual time=903.269..2771.249 rows=6552 loops=1)
                                      Hash Cond: (ci.person_id = n.id)
                                      ->  Nested Loop  (cost=0.56..134050.03 rows=276166 width=12) (actual time=0.186..1836.410 rows=276166 loops=1)
                                            ->  Seq Scan on role_type rt  (cost=0.00..1.15 rows=1 width=4) (actual time=0.008..0.020 rows=1 loops=1)
                                                  Filter: ((role)::text = 'actress'::text)
                                                  Rows Removed by Filter: 11
                                            ->  Index Scan using role_id_cast_info on cast_info ci  (cost=0.56..133252.59 rows=79629 width=16) (actual time=0.175..1798.413 rows=276166 loops=1)
                                                  Index Cond: (role_id = rt.id)
                                                  Filter: (note = ANY ('{(voice),"(voice: Japanese version)","(voice) (uncredited)","(voice: English version)"}'::text[]))
                                                  Rows Removed by Filter: 7175807
                                      ->  Hash  (cost=118127.29..118127.29 rows=50011 width=19) (actual time=896.709..896.709 rows=50011 loops=1)
                                            Buckets: 65536  Batches: 1  Memory Usage: 3135kB
                                            ->  Seq Scan on name n  (cost=0.00..118127.29 rows=50011 width=19) (actual time=370.855..883.765 rows=50011 loops=1)
                                                  Filter: ((name ~~ '%An%'::text) AND ((gender)::text = 'f'::text))
                                                  Rows Removed by Filter: 4117480
                                ->  Index Scan using char_name_pkey on char_name chn  (cost=0.43..0.67 rows=1 width=20) (actual time=0.003..0.003 rows=1 loops=6552)
                                      Index Cond: (id = ci.person_role_id)
                          ->  Index Scan using movie_id_movie_companies on movie_companies mc  (cost=0.43..0.64 rows=5 width=8) (actual time=0.003..0.004 rows=2 loops=5686)
                                Index Cond: (movie_id = ci.movie_id)
                    ->  Index Scan using company_name_pkey on company_name cn  (cost=0.42..0.45 rows=1 width=4) (actual time=0.003..0.003 rows=0 loops=12383)
                          Index Cond: (id = mc.company_id)
                          Filter: ((country_code)::text = '[us]'::text)
                          Rows Removed by Filter: 1
              ->  Index Scan using title_pkey on title t  (cost=0.43..0.52 rows=1 width=21) (actual time=0.003..0.003 rows=1 loops=4503)
                    Index Cond: (id = mc.movie_id)
        ->  Index Scan using person_id_aka_name on aka_name an  (cost=0.42..0.52 rows=2 width=20) (actual time=0.002..0.003 rows=2 loops=4503)
              Index Cond: (person_id = ci.person_id)
Planning time: 5.228 ms
Execution time: 2904.865 ms
