Aggregate  (cost=55068.95..55068.96 rows=1 width=64) (actual time=2819.099..2819.099 rows=1 loops=1)
  ->  Nested Loop  (cost=1.85..55068.95 rows=1 width=33) (actual time=130.388..2818.802 rows=104 loops=1)
        Join Filter: (mc.company_type_id = ct.id)
        Rows Removed by Join Filter: 18
        ->  Nested Loop  (cost=1.85..55067.86 rows=1 width=37) (actual time=130.384..2818.449 rows=104 loops=1)
              ->  Nested Loop  (cost=1.42..55056.73 rows=2 width=25) (actual time=130.360..2769.834 rows=112 loops=1)
                    Join Filter: (ci.role_id = rt.id)
                    Rows Removed by Join Filter: 39
                    ->  Seq Scan on role_type rt  (cost=0.00..1.15 rows=1 width=4) (actual time=0.009..0.012 rows=1 loops=1)
                          Filter: ((role)::text = 'actor'::text)
                          Rows Removed by Filter: 11
                    ->  Nested Loop  (cost=1.42..55055.29 rows=23 width=29) (actual time=130.350..2769.743 rows=151 loops=1)
                          Join Filter: (t.id = ci.movie_id)
                          ->  Nested Loop  (cost=0.86..53041.20 rows=1033 width=29) (actual time=38.007..1246.293 rows=4539 loops=1)
                                ->  Nested Loop  (cost=0.43..51715.75 rows=2554 width=8) (actual time=28.310..1145.352 rows=8790 loops=1)
                                      ->  Seq Scan on company_name cn  (cost=0.00..5932.46 rows=230 width=4) (actual time=0.022..51.235 rows=1361 loops=1)
                                            Filter: ((country_code)::text = '[ru]'::text)
                                            Rows Removed by Filter: 233636
                                      ->  Index Scan using company_id_movie_companies on movie_companies mc  (cost=0.43..197.74 rows=132 width=12) (actual time=0.773..0.801 rows=6 loops=1361)
                                            Index Cond: (company_id = cn.id)
                                ->  Index Scan using title_pkey on title t  (cost=0.43..0.52 rows=1 width=21) (actual time=0.011..0.011 rows=1 loops=8790)
                                      Index Cond: (id = mc.movie_id)
                                      Filter: (production_year > 2005)
                                      Rows Removed by Filter: 0
                          ->  Index Scan using movie_id_cast_info on cast_info ci  (cost=0.56..1.94 rows=1 width=12) (actual time=0.326..0.335 rows=0 loops=4539)
                                Index Cond: (movie_id = mc.movie_id)
                                Filter: ((note ~~ '%(voice)%'::text) AND (note ~~ '%(uncredited)%'::text))
                                Rows Removed by Filter: 50
              ->  Index Scan using char_name_pkey on char_name chn  (cost=0.43..5.56 rows=1 width=20) (actual time=0.433..0.433 rows=1 loops=112)
                    Index Cond: (id = ci.person_role_id)
        ->  Seq Scan on company_type ct  (cost=0.00..1.04 rows=4 width=4) (actual time=0.001..0.001 rows=1 loops=104)
Planning time: 2.601 ms
Execution time: 2819.179 ms
