Aggregate  (cost=81015.50..81015.51 rows=1 width=64) (actual time=793.288..793.288 rows=1 loops=1)
  ->  Nested Loop  (cost=1.85..81014.97 rows=106 width=33) (actual time=4.708..793.083 rows=104 loops=1)
        Join Filter: (mc.company_type_id = ct.id)
        Rows Removed by Join Filter: 18
        ->  Nested Loop  (cost=1.85..81008.61 rows=104 width=37) (actual time=4.703..792.963 rows=104 loops=1)
              ->  Nested Loop  (cost=1.42..80492.54 rows=112 width=25) (actual time=4.684..791.507 rows=112 loops=1)
                    Join Filter: (ci.role_id = rt.id)
                    Rows Removed by Join Filter: 39
                    ->  Seq Scan on role_type rt  (cost=0.00..1.15 rows=1 width=4) (actual time=0.007..0.011 rows=1 loops=1)
                          Filter: ((role)::text = 'actor'::text)
                          Rows Removed by Filter: 11
                    ->  Nested Loop  (cost=1.42..80489.50 rows=151 width=29) (actual time=4.676..791.420 rows=151 loops=1)
                          Join Filter: (t.id = ci.movie_id)
                          ->  Nested Loop  (cost=0.86..71639.59 rows=4539 width=29) (actual time=0.166..180.166 rows=4539 loops=1)
                                ->  Nested Loop  (cost=0.43..67077.81 rows=8790 width=8) (actual time=0.034..95.327 rows=8790 loops=1)
                                      ->  Seq Scan on company_name cn  (cost=0.00..5932.46 rows=1361 width=4) (actual time=0.020..49.900 rows=1361 loops=1)
                                            Filter: ((country_code)::text = '[ru]'::text)
                                            Rows Removed by Filter: 233636
                                      ->  Index Scan using company_id_movie_companies on movie_companies mc  (cost=0.43..43.61 rows=132 width=12) (actual time=0.011..0.031 rows=6 loops=1361)
                                            Index Cond: (company_id = cn.id)
                                ->  Index Scan using title_pkey on title t  (cost=0.43..0.52 rows=1 width=21) (actual time=0.009..0.009 rows=1 loops=8790)
                                      Index Cond: (id = mc.movie_id)
                                      Filter: (production_year > 2005)
                                      Rows Removed by Filter: 0
                          ->  Index Scan using movie_id_cast_info on cast_info ci  (cost=0.56..1.94 rows=1 width=12) (actual time=0.126..0.134 rows=0 loops=4539)
                                Index Cond: (movie_id = mc.movie_id)
                                Filter: ((note ~~ '%(voice)%'::text) AND (note ~~ '%(uncredited)%'::text))
                                Rows Removed by Filter: 50
              ->  Index Scan using char_name_pkey on char_name chn  (cost=0.43..4.61 rows=1 width=20) (actual time=0.012..0.012 rows=1 loops=112)
                    Index Cond: (id = ci.person_role_id)
        ->  Materialize  (cost=0.00..1.06 rows=4 width=4) (actual time=0.000..0.000 rows=1 loops=104)
              ->  Seq Scan on company_type ct  (cost=0.00..1.04 rows=4 width=4) (actual time=0.002..0.003 rows=2 loops=1)
Planning time: 3.043 ms
Execution time: 793.372 ms
