Aggregate  (cost=53799.67..53799.68 rows=1 width=64) (actual time=252.782..252.782 rows=1 loops=1)
  ->  Nested Loop  (cost=1.85..53799.56 rows=22 width=33) (actual time=252.778..252.778 rows=0 loops=1)
        Join Filter: (mc.company_type_id = ct.id)
        ->  Nested Loop  (cost=1.85..53797.40 rows=22 width=37) (actual time=252.777..252.777 rows=0 loops=1)
              ->  Nested Loop  (cost=1.42..53771.42 rows=44 width=25) (actual time=252.777..252.777 rows=0 loops=1)
                    Join Filter: (ci.role_id = rt.id)
                    Rows Removed by Join Filter: 2614
                    ->  Seq Scan on role_type rt  (cost=0.00..1.15 rows=1 width=4) (actual time=0.007..0.012 rows=1 loops=1)
                          Filter: ((role)::text = 'actor'::text)
                          Rows Removed by Filter: 11
                    ->  Nested Loop  (cost=1.42..53763.67 rows=528 width=29) (actual time=5.156..252.419 rows=2614 loops=1)
                          Join Filter: (t.id = ci.movie_id)
                          ->  Nested Loop  (cost=0.86..53041.20 rows=389 width=29) (actual time=5.121..134.546 rows=1259 loops=1)
                                ->  Nested Loop  (cost=0.43..51715.75 rows=2554 width=8) (actual time=0.033..74.714 rows=8790 loops=1)
                                      ->  Seq Scan on company_name cn  (cost=0.00..5932.46 rows=230 width=4) (actual time=0.020..42.904 rows=1361 loops=1)
                                            Filter: ((country_code)::text = '[ru]'::text)
                                            Rows Removed by Filter: 233636
                                      ->  Index Scan using company_id_movie_companies on movie_companies mc  (cost=0.43..197.74 rows=132 width=12) (actual time=0.007..0.022 rows=6 loops=1361)
                                            Index Cond: (company_id = cn.id)
                                ->  Index Scan using title_pkey on title t  (cost=0.43..0.52 rows=1 width=21) (actual time=0.006..0.006 rows=0 loops=8790)
                                      Index Cond: (id = mc.movie_id)
                                      Filter: (production_year > 2010)
                                      Rows Removed by Filter: 1
                          ->  Index Scan using movie_id_cast_info on cast_info ci  (cost=0.56..1.84 rows=1 width=12) (actual time=0.051..0.093 rows=2 loops=1259)
                                Index Cond: (movie_id = mc.movie_id)
                                Filter: (note ~~ '%(producer)%'::text)
                                Rows Removed by Filter: 44
              ->  Index Scan using char_name_pkey on char_name chn  (cost=0.43..0.59 rows=1 width=20) (never executed)
                    Index Cond: (id = ci.person_role_id)
        ->  Materialize  (cost=0.00..1.06 rows=4 width=4) (never executed)
              ->  Seq Scan on company_type ct  (cost=0.00..1.04 rows=4 width=4) (never executed)
Planning time: 2.605 ms
Execution time: 252.851 ms
