Aggregate  (cost=1041066.32..1041066.33 rows=1 width=64) (actual time=11382.362..11382.363 rows=1 loops=1)
  ->  Hash Join  (cost=301426.97..1038721.65 rows=468935 width=33) (actual time=4765.449..11382.318 rows=10 loops=1)
        Hash Cond: (ci.role_id = rt.id)
        ->  Hash Join  (cost=301425.70..1033146.89 rows=468935 width=37) (actual time=4765.428..11382.289 rows=10 loops=1)
              Hash Cond: (mc.company_type_id = ct.id)
              ->  Hash Join  (cost=301424.61..1028265.95 rows=468935 width=41) (actual time=4765.418..11382.273 rows=10 loops=1)
                    Hash Cond: (ci.person_role_id = chn.id)
                    ->  Hash Join  (cost=194319.41..909148.12 rows=951495 width=29) (actual time=3200.735..9765.579 rows=782104 loops=1)
                          Hash Cond: (ci.movie_id = t.id)
                          ->  Seq Scan on cast_info ci  (cost=0.00..705746.65 rows=1435439 width=12) (actual time=388.211..6424.568 rows=1435439 loops=1)
                                Filter: (note ~~ '%(producer)%'::text)
                                Rows Removed by Filter: 34808905
                          ->  Hash  (cost=186174.37..186174.37 rows=651603 width=29) (actual time=2809.549..2809.549 rows=596250 loops=1)
                                Buckets: 1048576  Batches: 1  Memory Usage: 46113kB
                                ->  Hash Join  (cost=96460.23..186174.37 rows=651603 width=29) (actual time=1190.259..2610.148 rows=596250 loops=1)
                                      Hash Cond: (mc.movie_id = t.id)
                                      ->  Hash Join  (cost=6993.00..84814.45 rows=941996 width=8) (actual time=65.897..1061.277 rows=1153798 loops=1)
                                            Hash Cond: (mc.company_id = cn.id)
                                            ->  Seq Scan on movie_companies mc  (cost=0.00..44881.29 rows=2609129 width=12) (actual time=0.012..398.776 rows=2609129 loops=1)
                                            ->  Hash  (cost=5932.46..5932.46 rows=84843 width=4) (actual time=65.339..65.339 rows=84843 loops=1)
                                                  Buckets: 131072  Batches: 1  Memory Usage: 4007kB
                                                  ->  Seq Scan on company_name cn  (cost=0.00..5932.46 rows=84843 width=4) (actual time=0.013..50.180 rows=84843 loops=1)
                                                        Filter: ((country_code)::text = '[us]'::text)
                                                        Rows Removed by Filter: 150154
                                      ->  Hash  (cost=67604.32..67604.32 rows=1749032 width=21) (actual time=1119.008..1119.008 rows=1749032 loops=1)
                                            Buckets: 2097152  Batches: 1  Memory Usage: 110019kB
                                            ->  Seq Scan on title t  (cost=0.00..67604.32 rows=1749032 width=21) (actual time=0.031..622.086 rows=1749032 loops=1)
                                                  Filter: (production_year > 1990)
                                                  Rows Removed by Filter: 779280
                    ->  Hash  (cost=67850.96..67850.96 rows=3140339 width=20) (actual time=1553.706..1553.706 rows=3140339 loops=1)
                          Buckets: 4194304  Batches: 1  Memory Usage: 198037kB
                          ->  Seq Scan on char_name chn  (cost=0.00..67850.96 rows=3140339 width=20) (actual time=0.055..643.511 rows=3140339 loops=1)
              ->  Hash  (cost=1.04..1.04 rows=4 width=4) (actual time=0.004..0.004 rows=4 loops=1)
                    Buckets: 1024  Batches: 1  Memory Usage: 9kB
                    ->  Seq Scan on company_type ct  (cost=0.00..1.04 rows=4 width=4) (actual time=0.002..0.003 rows=4 loops=1)
        ->  Hash  (cost=1.12..1.12 rows=12 width=4) (actual time=0.014..0.014 rows=12 loops=1)
              Buckets: 1024  Batches: 1  Memory Usage: 9kB
              ->  Seq Scan on role_type rt  (cost=0.00..1.12 rows=12 width=4) (actual time=0.007..0.010 rows=12 loops=1)
Planning time: 2.897 ms
Execution time: 11384.285 ms
