Aggregate  (cost=831001.15..831001.16 rows=1 width=64) (actual time=7924.228..7924.228 rows=1 loops=1)
  ->  Nested Loop  (cost=107107.88..831001.11 rows=8 width=33) (actual time=1933.714..7924.177 rows=10 loops=1)
        ->  Nested Loop  (cost=107107.75..830999.94 rows=8 width=37) (actual time=1933.618..7924.053 rows=10 loops=1)
              ->  Nested Loop  (cost=107107.33..830990.58 rows=21 width=41) (actual time=1933.597..7923.857 rows=23 loops=1)
                    ->  Hash Join  (cost=107106.90..830984.31 rows=10 width=41) (actual time=1933.577..7923.686 rows=12 loops=1)
                          Hash Cond: (ci.role_id = rt.id)
                          ->  Nested Loop  (cost=107105.63..830982.90 rows=12 width=45) (actual time=1933.556..7923.646 rows=12 loops=1)
                                ->  Hash Join  (cost=107105.20..830974.26 rows=15 width=24) (actual time=1933.523..7923.385 rows=15 loops=1)
                                      Hash Cond: (ci.person_role_id = chn.id)
                                      ->  Seq Scan on cast_info ci  (cost=0.00..705746.65 rows=1435439 width=12) (actual time=386.193..6286.701 rows=1435439 loops=1)
                                            Filter: (note ~~ '%(producer)%'::text)
                                            Rows Removed by Filter: 34808905
                                      ->  Hash  (cost=67850.96..67850.96 rows=3140339 width=20) (actual time=1536.192..1536.192 rows=3140339 loops=1)
                                            Buckets: 4194304  Batches: 1  Memory Usage: 198037kB
                                            ->  Seq Scan on char_name chn  (cost=0.00..67850.96 rows=3140339 width=20) (actual time=0.035..624.963 rows=3140339 loops=1)
                                ->  Index Scan using title_pkey on title t  (cost=0.43..0.58 rows=1 width=21) (actual time=0.014..0.014 rows=1 loops=15)
                                      Index Cond: (id = ci.movie_id)
                                      Filter: (production_year > 1990)
                                      Rows Removed by Filter: 0
                          ->  Hash  (cost=1.12..1.12 rows=12 width=4) (actual time=0.014..0.014 rows=12 loops=1)
                                Buckets: 1024  Batches: 1  Memory Usage: 9kB
                                ->  Seq Scan on role_type rt  (cost=0.00..1.12 rows=12 width=4) (actual time=0.007..0.009 rows=12 loops=1)
                    ->  Index Scan using movie_id_movie_companies on movie_companies mc  (cost=0.43..0.58 rows=5 width=12) (actual time=0.010..0.012 rows=2 loops=12)
                          Index Cond: (movie_id = t.id)
              ->  Index Scan using company_name_pkey on company_name cn  (cost=0.42..0.45 rows=1 width=4) (actual time=0.007..0.007 rows=0 loops=23)
                    Index Cond: (id = mc.company_id)
                    Filter: ((country_code)::text = '[us]'::text)
                    Rows Removed by Filter: 1
        ->  Index Only Scan using company_type_pkey on company_type ct  (cost=0.13..0.15 rows=1 width=4) (actual time=0.011..0.011 rows=1 loops=10)
              Index Cond: (id = mc.company_type_id)
              Heap Fetches: 10
Planning time: 2.587 ms
Execution time: 7925.483 ms
