Aggregate  (cost=831003.31..831003.32 rows=1 width=64) (actual time=7900.456..7900.456 rows=1 loops=1)
  ->  Hash Join  (cost=107108.84..831003.26 rows=10 width=33) (actual time=1920.146..7900.398 rows=10 loops=1)
        Hash Cond: (ci.role_id = rt.id)
        ->  Hash Join  (cost=107107.57..831001.87 rows=10 width=37) (actual time=1920.125..7900.370 rows=10 loops=1)
              Hash Cond: (mc.company_type_id = ct.id)
              ->  Nested Loop  (cost=107106.48..831000.67 rows=10 width=41) (actual time=1920.115..7900.353 rows=10 loops=1)
                    ->  Nested Loop  (cost=107106.06..830990.42 rows=23 width=45) (actual time=1920.098..7900.166 rows=23 loops=1)
                          ->  Nested Loop  (cost=107105.63..830982.90 rows=12 width=45) (actual time=1920.082..7899.998 rows=12 loops=1)
                                ->  Hash Join  (cost=107105.20..830974.26 rows=15 width=24) (actual time=1920.049..7899.737 rows=15 loops=1)
                                      Hash Cond: (ci.person_role_id = chn.id)
                                      ->  Seq Scan on cast_info ci  (cost=0.00..705746.65 rows=1435439 width=12) (actual time=385.550..6275.633 rows=1435439 loops=1)
                                            Filter: (note ~~ '%(producer)%'::text)
                                            Rows Removed by Filter: 34808905
                                      ->  Hash  (cost=67850.96..67850.96 rows=3140339 width=20) (actual time=1523.341..1523.341 rows=3140339 loops=1)
                                            Buckets: 4194304  Batches: 1  Memory Usage: 198037kB
                                            ->  Seq Scan on char_name chn  (cost=0.00..67850.96 rows=3140339 width=20) (actual time=0.029..615.831 rows=3140339 loops=1)
                                ->  Index Scan using title_pkey on title t  (cost=0.43..0.58 rows=1 width=21) (actual time=0.014..0.014 rows=1 loops=15)
                                      Index Cond: (id = ci.movie_id)
                                      Filter: (production_year > 1990)
                                      Rows Removed by Filter: 0
                          ->  Index Scan using movie_id_movie_companies on movie_companies mc  (cost=0.43..0.58 rows=5 width=12) (actual time=0.010..0.012 rows=2 loops=12)
                                Index Cond: (movie_id = t.id)
                    ->  Index Scan using company_name_pkey on company_name cn  (cost=0.42..0.45 rows=1 width=4) (actual time=0.007..0.007 rows=0 loops=23)
                          Index Cond: (id = mc.company_id)
                          Filter: ((country_code)::text = '[us]'::text)
                          Rows Removed by Filter: 1
              ->  Hash  (cost=1.04..1.04 rows=4 width=4) (actual time=0.004..0.004 rows=4 loops=1)
                    Buckets: 1024  Batches: 1  Memory Usage: 9kB
                    ->  Seq Scan on company_type ct  (cost=0.00..1.04 rows=4 width=4) (actual time=0.002..0.003 rows=4 loops=1)
        ->  Hash  (cost=1.12..1.12 rows=12 width=4) (actual time=0.013..0.013 rows=12 loops=1)
              Buckets: 1024  Batches: 1  Memory Usage: 9kB
              ->  Seq Scan on role_type rt  (cost=0.00..1.12 rows=12 width=4) (actual time=0.007..0.009 rows=12 loops=1)
Planning time: 2.924 ms
Execution time: 7901.721 ms
