Aggregate  (cost=1026740.93..1026740.94 rows=1 width=64) (actual time=9817.520..9817.520 rows=1 loops=1)
  ->  Hash Join  (cost=940264.43..1024583.35 rows=431517 width=33) (actual time=9326.930..9817.449 rows=10 loops=1)
        Hash Cond: (ci.role_id = rt.id)
        ->  Hash Join  (cost=940263.16..1019453.32 rows=431517 width=37) (actual time=9326.903..9817.415 rows=10 loops=1)
              Hash Cond: (mc.company_type_id = ct.id)
              ->  Hash Join  (cost=940262.07..1014961.75 rows=431517 width=41) (actual time=9326.888..9817.391 rows=10 loops=1)
                    Hash Cond: (mc.company_id = cn.id)
                    ->  Hash Join  (cost=933284.85..992667.20 rows=1213257 width=45) (actual time=9253.874..9751.745 rows=23 loops=1)
                          Hash Cond: (mc.movie_id = t.id)
                          ->  Seq Scan on movie_companies mc  (cost=0.00..44881.29 rows=2609129 width=12) (actual time=0.011..337.745 rows=2609129 loops=1)
                          ->  Hash  (cost=927571.00..927571.00 rows=457108 width=45) (actual time=9093.454..9093.454 rows=12 loops=1)
                                Buckets: 524288  Batches: 1  Memory Usage: 4097kB
                                ->  Hash Join  (cost=196698.01..927571.00 rows=457108 width=45) (actual time=3068.588..9093.424 rows=12 loops=1)
                                      Hash Cond: (ci.movie_id = t.id)
                                      ->  Hash Join  (cost=107104.66..829682.62 rows=657032 width=24) (actual time=1939.652..7964.451 rows=15 loops=1)
                                            Hash Cond: (ci.person_role_id = chn.id)
                                            ->  Seq Scan on cast_info ci  (cost=0.00..705746.65 rows=1333173 width=12) (actual time=383.417..6318.525 rows=1435439 loops=1)
                                                  Filter: (note ~~ '%(producer)%'::text)
                                                  Rows Removed by Filter: 34808905
                                            ->  Hash  (cost=67850.96..67850.96 rows=3140296 width=20) (actual time=1545.843..1545.843 rows=3140339 loops=1)
                                                  Buckets: 4194304  Batches: 1  Memory Usage: 198037kB
                                                  ->  Seq Scan on char_name chn  (cost=0.00..67850.96 rows=3140296 width=20) (actual time=0.027..636.181 rows=3140339 loops=1)
                                      ->  Hash  (cost=67604.32..67604.32 rows=1759122 width=21) (actual time=1123.556..1123.556 rows=1749032 loops=1)
                                            Buckets: 2097152  Batches: 1  Memory Usage: 110019kB
                                            ->  Seq Scan on title t  (cost=0.00..67604.32 rows=1759122 width=21) (actual time=0.031..625.721 rows=1749032 loops=1)
                                                  Filter: (production_year > 1990)
                                                  Rows Removed by Filter: 779280
                    ->  Hash  (cost=5932.46..5932.46 rows=83581 width=4) (actual time=65.422..65.422 rows=84843 loops=1)
                          Buckets: 131072  Batches: 1  Memory Usage: 4007kB
                          ->  Seq Scan on company_name cn  (cost=0.00..5932.46 rows=83581 width=4) (actual time=0.009..50.335 rows=84843 loops=1)
                                Filter: ((country_code)::text = '[us]'::text)
                                Rows Removed by Filter: 150154
              ->  Hash  (cost=1.04..1.04 rows=4 width=4) (actual time=0.003..0.003 rows=4 loops=1)
                    Buckets: 1024  Batches: 1  Memory Usage: 9kB
                    ->  Seq Scan on company_type ct  (cost=0.00..1.04 rows=4 width=4) (actual time=0.002..0.002 rows=4 loops=1)
        ->  Hash  (cost=1.12..1.12 rows=12 width=4) (actual time=0.013..0.013 rows=12 loops=1)
              Buckets: 1024  Batches: 1  Memory Usage: 9kB
              ->  Seq Scan on role_type rt  (cost=0.00..1.12 rows=12 width=4) (actual time=0.007..0.009 rows=12 loops=1)
Planning time: 2.839 ms
Execution time: 9824.598 ms
