Aggregate  (cost=13641.72..13641.73 rows=1 width=96) (actual time=227.436..227.436 rows=1 loops=1)
  ->  Nested Loop  (cost=9789.93..13641.71 rows=1 width=60) (actual time=99.172..220.949 rows=6946 loops=1)
        Join Filter: (ml.movie_id = t.id)
        ->  Nested Loop  (cost=9789.50..13641.21 rows=1 width=55) (actual time=99.160..203.875 rows=6946 loops=1)
              ->  Nested Loop  (cost=9789.36..13641.06 rows=1 width=59) (actual time=99.114..193.404 rows=6946 loops=1)
                    ->  Merge Join  (cost=9788.94..13605.45 rows=78 width=44) (actual time=96.102..155.839 rows=14916 loops=1)
                          Merge Cond: (mk.movie_id = ml.movie_id)
                          ->  Nested Loop  (cost=9786.55..151750.15 rows=255 width=36) (actual time=96.042..138.542 rows=944 loops=1)
                                Join Filter: (mc.company_type_id = ct.id)
                                Rows Removed by Join Filter: 336
                                ->  Merge Join  (cost=9786.55..146480.63 rows=133802 width=40) (actual time=96.034..138.020 rows=1056 loops=1)
                                      Merge Cond: (mc.movie_id = mk.movie_id)
                                      ->  Index Scan using movie_id_movie_companies on movie_companies mc  (cost=0.43..131356.06 rows=1337140 width=36) (actual time=0.013..37.816 rows=50865 loops=1)
                                            Filter: (note IS NOT NULL)
                                            Rows Removed by Filter: 49323
                                      ->  Sort  (cost=9774.84..9893.35 rows=47403 width=4) (actual time=95.724..95.892 rows=1249 loops=1)
                                            Sort Key: mk.movie_id
                                            Sort Method: quicksort  Memory: 3759kB
                                            ->  Nested Loop  (cost=6.77..6093.36 rows=47403 width=4) (actual time=3.047..80.672 rows=47403 loops=1)
                                                  ->  Seq Scan on keyword k  (cost=0.00..2793.84 rows=3 width=4) (actual time=1.015..26.044 rows=3 loops=1)
                                                        Filter: (keyword = ANY ('{sequel,revenge,based-on-novel}'::text[]))
                                                        Rows Removed by Filter: 134167
                                                  ->  Bitmap Heap Scan on movie_keyword mk  (cost=6.77..1096.83 rows=301 width=8) (actual time=3.196..15.550 rows=15801 loops=3)
                                                        Recheck Cond: (keyword_id = k.id)
                                                        Heap Blocks: exact=23953
                                                        ->  Bitmap Index Scan on keyword_id_movie_keyword  (cost=0.00..6.69 rows=301 width=0) (actual time=1.774..1.774 rows=15801 loops=3)
                                                              Index Cond: (keyword_id = k.id)
                                ->  Materialize  (cost=0.00..1.06 rows=3 width=4) (actual time=0.000..0.000 rows=1 loops=1056)
                                      ->  Seq Scan on company_type ct  (cost=0.00..1.05 rows=3 width=4) (actual time=0.004..0.005 rows=3 loops=1)
                                            Filter: ((kind IS NOT NULL) AND ((kind)::text <> 'production companies'::text))
                                            Rows Removed by Filter: 1
                          ->  Index Scan using movie_id_movie_link on movie_link ml  (cost=0.29..959.51 rows=29997 width=8) (actual time=0.011..9.731 rows=43899 loops=1)
                    ->  Index Scan using company_name_pkey on company_name cn  (cost=0.42..0.46 rows=1 width=23) (actual time=0.002..0.002 rows=0 loops=14916)
                          Index Cond: (id = mc.company_id)
                          Filter: (((country_code)::text <> '[pl]'::text) AND ((name ~~ '20th Century Fox%'::text) OR (name ~~ 'Twentieth Century Fox%'::text)))
                          Rows Removed by Filter: 1
              ->  Index Only Scan using link_type_pkey on link_type lt  (cost=0.14..0.16 rows=1 width=4) (actual time=0.001..0.001 rows=1 loops=6946)
                    Index Cond: (id = ml.link_type_id)
                    Heap Fetches: 6946
        ->  Index Scan using title_pkey on title t  (cost=0.43..0.49 rows=1 width=21) (actual time=0.002..0.002 rows=1 loops=6946)
              Index Cond: (id = mk.movie_id)
              Filter: (production_year > 1950)
Planning time: 5.262 ms
Execution time: 227.526 ms
