Aggregate  (cost=13563.07..13563.08 rows=1 width=96) (actual time=213.820..213.821 rows=1 loops=1)
  ->  Hash Join  (cost=9791.20..13562.64 rows=58 width=60) (actual time=96.798..201.095 rows=14899 loops=1)
        Hash Cond: (ml.link_type_id = lt.id)
        ->  Nested Loop  (cost=9789.79..13560.52 rows=58 width=64) (actual time=96.779..195.255 rows=14899 loops=1)
              Join Filter: (ml.movie_id = t.id)
              ->  Merge Join  (cost=9789.36..13528.38 rows=64 width=59) (actual time=96.766..157.996 rows=14899 loops=1)
                    Merge Cond: (mk.movie_id = ml.movie_id)
                    ->  Nested Loop  (cost=9786.97..151865.28 rows=210 width=51) (actual time=96.710..140.464 rows=932 loops=1)
                          ->  Nested Loop  (cost=9786.55..151750.15 rows=255 width=36) (actual time=96.696..136.990 rows=944 loops=1)
                                Join Filter: (mc.company_type_id = ct.id)
                                Rows Removed by Join Filter: 336
                                ->  Merge Join  (cost=9786.55..146480.63 rows=133802 width=40) (actual time=96.686..136.454 rows=1056 loops=1)
                                      Merge Cond: (mc.movie_id = mk.movie_id)
                                      ->  Index Scan using movie_id_movie_companies on movie_companies mc  (cost=0.43..131356.06 rows=1337140 width=36) (actual time=0.009..35.562 rows=50865 loops=1)
                                            Filter: (note IS NOT NULL)
                                            Rows Removed by Filter: 49323
                                      ->  Sort  (cost=9774.84..9893.35 rows=47403 width=4) (actual time=96.389..96.582 rows=1249 loops=1)
                                            Sort Key: mk.movie_id
                                            Sort Method: quicksort  Memory: 3759kB
                                            ->  Nested Loop  (cost=6.77..6093.36 rows=47403 width=4) (actual time=3.069..82.767 rows=47403 loops=1)
                                                  ->  Seq Scan on keyword k  (cost=0.00..2793.84 rows=3 width=4) (actual time=1.028..26.340 rows=3 loops=1)
                                                        Filter: (keyword = ANY ('{sequel,revenge,based-on-novel}'::text[]))
                                                        Rows Removed by Filter: 134167
                                                  ->  Bitmap Heap Scan on movie_keyword mk  (cost=6.77..1096.83 rows=301 width=8) (actual time=3.105..16.006 rows=15801 loops=3)
                                                        Recheck Cond: (keyword_id = k.id)
                                                        Heap Blocks: exact=23953
                                                        ->  Bitmap Index Scan on keyword_id_movie_keyword  (cost=0.00..6.69 rows=301 width=0) (actual time=1.684..1.684 rows=15801 loops=3)
                                                              Index Cond: (keyword_id = k.id)
                                ->  Materialize  (cost=0.00..1.06 rows=3 width=4) (actual time=0.000..0.000 rows=1 loops=1056)
                                      ->  Seq Scan on company_type ct  (cost=0.00..1.05 rows=3 width=4) (actual time=0.005..0.006 rows=3 loops=1)
                                            Filter: ((kind IS NOT NULL) AND ((kind)::text <> 'production companies'::text))
                                            Rows Removed by Filter: 1
                          ->  Index Scan using company_name_pkey on company_name cn  (cost=0.42..0.45 rows=1 width=23) (actual time=0.003..0.003 rows=1 loops=944)
                                Index Cond: (id = mc.company_id)
                                Filter: ((country_code)::text <> '[pl]'::text)
                                Rows Removed by Filter: 0
                    ->  Index Scan using movie_id_movie_link on movie_link ml  (cost=0.29..959.51 rows=29997 width=8) (actual time=0.009..9.998 rows=43882 loops=1)
              ->  Index Scan using title_pkey on title t  (cost=0.43..0.49 rows=1 width=21) (actual time=0.002..0.002 rows=1 loops=14899)
                    Index Cond: (id = mk.movie_id)
                    Filter: (production_year > 1950)
        ->  Hash  (cost=1.18..1.18 rows=18 width=4) (actual time=0.012..0.012 rows=18 loops=1)
              Buckets: 1024  Batches: 1  Memory Usage: 9kB
              ->  Seq Scan on link_type lt  (cost=0.00..1.18 rows=18 width=4) (actual time=0.005..0.007 rows=18 loops=1)
Planning time: 5.150 ms
Execution time: 213.907 ms
