Aggregate  (cost=16300.17..16300.18 rows=1 width=96) (actual time=174.044..174.045 rows=1 loops=1)
  ->  Hash Join  (cost=6689.67..16299.00 rows=156 width=60) (actual time=88.819..160.497 rows=14899 loops=1)
        Hash Cond: (mc.company_type_id = ct.id)
        ->  Nested Loop  (cost=6688.58..15819.50 rows=45973 width=64) (actual time=88.801..155.023 rows=15493 loops=1)
              ->  Nested Loop  (cost=6688.16..9484.97 rows=14030 width=49) (actual time=88.791..115.358 rows=15510 loops=1)
                    Join Filter: (ml.movie_id = mc.movie_id)
                    ->  Nested Loop  (cost=6687.73..8721.50 rows=1321 width=29) (actual time=88.781..101.067 rows=1460 loops=1)
                          Join Filter: (ml.movie_id = t.id)
                          ->  Hash Join  (cost=6687.30..7988.18 rows=1460 width=8) (actual time=88.768..96.678 rows=1460 loops=1)
                                Hash Cond: (ml.link_type_id = lt.id)
                                ->  Hash Join  (cost=6685.90..7969.06 rows=1460 width=12) (actual time=88.754..96.199 rows=1460 loops=1)
                                      Hash Cond: (ml.movie_id = mk.movie_id)
                                      ->  Seq Scan on movie_link ml  (cost=0.00..462.97 rows=29997 width=8) (actual time=0.005..3.226 rows=29997 loops=1)
                                      ->  Hash  (cost=6093.36..6093.36 rows=47403 width=4) (actual time=88.664..88.664 rows=47403 loops=1)
                                            Buckets: 65536  Batches: 1  Memory Usage: 2179kB
                                            ->  Nested Loop  (cost=6.77..6093.36 rows=47403 width=4) (actual time=3.044..80.304 rows=47403 loops=1)
                                                  ->  Seq Scan on keyword k  (cost=0.00..2793.84 rows=3 width=4) (actual time=1.016..25.949 rows=3 loops=1)
                                                        Filter: (keyword = ANY ('{sequel,revenge,based-on-novel}'::text[]))
                                                        Rows Removed by Filter: 134167
                                                  ->  Bitmap Heap Scan on movie_keyword mk  (cost=6.77..1096.83 rows=301 width=8) (actual time=3.063..15.448 rows=15801 loops=3)
                                                        Recheck Cond: (keyword_id = k.id)
                                                        Heap Blocks: exact=23953
                                                        ->  Bitmap Index Scan on keyword_id_movie_keyword  (cost=0.00..6.69 rows=301 width=0) (actual time=1.645..1.645 rows=15801 loops=3)
                                                              Index Cond: (keyword_id = k.id)
                                ->  Hash  (cost=1.18..1.18 rows=18 width=4) (actual time=0.008..0.008 rows=18 loops=1)
                                      Buckets: 1024  Batches: 1  Memory Usage: 9kB
                                      ->  Seq Scan on link_type lt  (cost=0.00..1.18 rows=18 width=4) (actual time=0.002..0.004 rows=18 loops=1)
                          ->  Index Scan using title_pkey on title t  (cost=0.43..0.49 rows=1 width=21) (actual time=0.002..0.002 rows=1 loops=1460)
                                Index Cond: (id = mk.movie_id)
                                Filter: (production_year > 1950)
                    ->  Index Scan using movie_id_movie_companies on movie_companies mc  (cost=0.43..0.54 rows=3 width=36) (actual time=0.002..0.007 rows=11 loops=1460)
                          Index Cond: (movie_id = mk.movie_id)
                          Filter: (note IS NOT NULL)
                          Rows Removed by Filter: 2
              ->  Index Scan using company_name_pkey on company_name cn  (cost=0.42..0.45 rows=1 width=23) (actual time=0.002..0.002 rows=1 loops=15510)
                    Index Cond: (id = mc.company_id)
                    Filter: ((country_code)::text <> '[pl]'::text)
                    Rows Removed by Filter: 0
        ->  Hash  (cost=1.05..1.05 rows=3 width=4) (actual time=0.009..0.009 rows=3 loops=1)
              Buckets: 1024  Batches: 1  Memory Usage: 9kB
              ->  Seq Scan on company_type ct  (cost=0.00..1.05 rows=3 width=4) (actual time=0.005..0.007 rows=3 loops=1)
                    Filter: ((kind IS NOT NULL) AND ((kind)::text <> 'production companies'::text))
                    Rows Removed by Filter: 1
Planning time: 5.260 ms
Execution time: 174.130 ms
