Aggregate  (cost=21266.08..21266.09 rows=1 width=96) (actual time=11203.199..11203.199 rows=1 loops=1)
  ->  Nested Loop  (cost=6381.97..21266.08 rows=1 width=42) (actual time=609.119..11202.102 rows=397 loops=1)
        Join Filter: (mi.info_type_id = it1.id)
        ->  Seq Scan on info_type it1  (cost=0.00..2.41 rows=1 width=4) (actual time=0.008..0.019 rows=1 loops=1)
              Filter: ((info)::text = 'genres'::text)
              Rows Removed by Filter: 112
        ->  Nested Loop  (cost=6381.97..21263.38 rows=23 width=46) (actual time=609.109..11201.865 rows=397 loops=1)
              Join Filter: (t.id = mi.movie_id)
              ->  Nested Loop  (cost=6381.54..21201.83 rows=39 width=54) (actual time=34.223..564.788 rows=5674 loops=1)
                    ->  Nested Loop  (cost=6381.12..21152.33 rows=111 width=39) (actual time=34.214..530.702 rows=6610 loops=1)
                          Join Filter: (mi_idx.movie_id = t.id)
                          ->  Hash Join  (cost=6380.69..20822.34 rows=618 width=18) (actual time=31.882..380.023 rows=24233 loops=1)
                                Hash Cond: (mc.company_type_id = ct.id)
                                ->  Nested Loop  (cost=6379.62..20795.55 rows=2472 width=22) (actual time=31.861..362.616 rows=64707 loops=1)
                                      ->  Nested Loop  (cost=6379.19..19619.67 rows=453 width=10) (actual time=31.849..232.286 rows=15849 loops=1)
                                            ->  Seq Scan on info_type it2  (cost=0.00..2.41 rows=1 width=4) (actual time=0.011..0.020 rows=1 loops=1)
                                                  Filter: ((info)::text = 'rating'::text)
                                                  Rows Removed by Filter: 112
                                            ->  Bitmap Heap Scan on movie_info_idx mi_idx  (cost=6379.19..19489.33 rows=12793 width=14) (actual time=31.836..229.064 rows=15849 loops=1)
                                                  Recheck Cond: (info_type_id = it2.id)
                                                  Filter: (info > '8.0'::text)
                                                  Rows Removed by Filter: 444076
                                                  Heap Blocks: exact=7934
                                                  ->  Bitmap Index Scan on info_type_id_movie_info_idx  (cost=0.00..6375.99 rows=345009 width=0) (actual time=30.343..30.343 rows=459925 loops=1)
                                                        Index Cond: (info_type_id = it2.id)
                                      ->  Index Scan using movie_id_movie_companies on movie_companies mc  (cost=0.43..2.55 rows=5 width=12) (actual time=0.005..0.007 rows=4 loops=15849)
                                            Index Cond: (movie_id = mi_idx.movie_id)
                                ->  Hash  (cost=1.05..1.05 rows=1 width=4) (actual time=0.005..0.005 rows=1 loops=1)
                                      Buckets: 1024  Batches: 1  Memory Usage: 9kB
                                      ->  Seq Scan on company_type ct  (cost=0.00..1.05 rows=1 width=4) (actual time=0.003..0.003 rows=1 loops=1)
                                            Filter: ((kind)::text = 'production companies'::text)
                                            Rows Removed by Filter: 3
                          ->  Index Scan using title_pkey on title t  (cost=0.43..0.52 rows=1 width=21) (actual time=0.006..0.006 rows=0 loops=24233)
                                Index Cond: (id = mc.movie_id)
                                Filter: ((production_year >= 2005) AND (production_year <= 2008))
                                Rows Removed by Filter: 1
                    ->  Index Scan using company_name_pkey on company_name cn  (cost=0.42..0.45 rows=1 width=23) (actual time=0.004..0.004 rows=1 loops=6610)
                          Index Cond: (id = mc.company_id)
                          Filter: ((country_code)::text = '[us]'::text)
                          Rows Removed by Filter: 0
              ->  Index Scan using movie_id_movie_info on movie_info mi  (cost=0.43..1.57 rows=1 width=8) (actual time=1.872..1.874 rows=0 loops=5674)
                    Index Cond: (movie_id = mc.movie_id)
                    Filter: (info = ANY ('{Drama,Horror}'::text[]))
                    Rows Removed by Filter: 28
Planning time: 5.351 ms
Execution time: 11203.308 ms
