Aggregate  (cost=84102.51..84102.52 rows=1 width=96) (actual time=474.658..474.658 rows=1 loops=1)
  ->  Nested Loop  (cost=6381.97..84100.78 rows=231 width=42) (actual time=46.395..474.190 rows=397 loops=1)
        Join Filter: (mi.info_type_id = it1.id)
        ->  Seq Scan on info_type it1  (cost=0.00..2.41 rows=1 width=4) (actual time=0.007..0.019 rows=1 loops=1)
              Filter: ((info)::text = 'genres'::text)
              Rows Removed by Filter: 112
        ->  Nested Loop  (cost=6381.97..84093.40 rows=397 width=46) (actual time=46.386..474.039 rows=397 loops=1)
              ->  Nested Loop  (cost=6381.55..83777.71 rows=708 width=31) (actual time=44.283..470.131 rows=708 loops=1)
                    Join Filter: (t.id = mi.movie_id)
                    ->  Nested Loop  (cost=6381.12..73345.72 rows=6610 width=39) (actual time=28.193..362.990 rows=6610 loops=1)
                          Join Filter: (mi_idx.movie_id = t.id)
                          ->  Hash Join  (cost=6380.69..60405.95 rows=24233 width=18) (actual time=26.433..289.039 rows=24233 loops=1)
                                Hash Cond: (mc.company_type_id = ct.id)
                                ->  Nested Loop  (cost=6379.62..59731.53 rows=64707 width=22) (actual time=26.412..275.378 rows=64707 loops=1)
                                      ->  Nested Loop  (cost=6379.19..19619.67 rows=15849 width=10) (actual time=26.402..192.913 rows=15849 loops=1)
                                            ->  Seq Scan on info_type it2  (cost=0.00..2.41 rows=1 width=4) (actual time=0.011..0.018 rows=1 loops=1)
                                                  Filter: ((info)::text = 'rating'::text)
                                                  Rows Removed by Filter: 112
                                            ->  Bitmap Heap Scan on movie_info_idx mi_idx  (cost=6379.19..19489.33 rows=12793 width=14) (actual time=26.389..190.212 rows=15849 loops=1)
                                                  Recheck Cond: (info_type_id = it2.id)
                                                  Filter: (info > '8.0'::text)
                                                  Rows Removed by Filter: 444076
                                                  Heap Blocks: exact=7934
                                                  ->  Bitmap Index Scan on info_type_id_movie_info_idx  (cost=0.00..6375.99 rows=345009 width=0) (actual time=24.891..24.891 rows=459925 loops=1)
                                                        Index Cond: (info_type_id = it2.id)
                                      ->  Index Scan using movie_id_movie_companies on movie_companies mc  (cost=0.43..2.48 rows=5 width=12) (actual time=0.003..0.004 rows=4 loops=15849)
                                            Index Cond: (movie_id = mi_idx.movie_id)
                                ->  Hash  (cost=1.05..1.05 rows=1 width=4) (actual time=0.005..0.005 rows=1 loops=1)
                                      Buckets: 1024  Batches: 1  Memory Usage: 9kB
                                      ->  Seq Scan on company_type ct  (cost=0.00..1.05 rows=1 width=4) (actual time=0.003..0.003 rows=1 loops=1)
                                            Filter: ((kind)::text = 'production companies'::text)
                                            Rows Removed by Filter: 3
                          ->  Index Scan using title_pkey on title t  (cost=0.43..0.52 rows=1 width=21) (actual time=0.003..0.003 rows=0 loops=24233)
                                Index Cond: (id = mc.movie_id)
                                Filter: ((production_year >= 2005) AND (production_year <= 2008))
                                Rows Removed by Filter: 1
                    ->  Index Scan using movie_id_movie_info on movie_info mi  (cost=0.43..1.57 rows=1 width=8) (actual time=0.016..0.016 rows=0 loops=6610)
                          Index Cond: (movie_id = mc.movie_id)
                          Filter: (info = ANY ('{Drama,Horror}'::text[]))
                          Rows Removed by Filter: 29
              ->  Index Scan using company_name_pkey on company_name cn  (cost=0.42..0.45 rows=1 width=23) (actual time=0.005..0.005 rows=1 loops=708)
                    Index Cond: (id = mc.company_id)
                    Filter: ((country_code)::text = '[us]'::text)
                    Rows Removed by Filter: 0
Planning time: 5.323 ms
Execution time: 474.744 ms
