Aggregate  (cost=23890.04..23890.05 rows=1 width=96) (actual time=12803.022..12803.022 rows=1 loops=1)
  ->  Nested Loop  (cost=6390.85..23890.03 rows=2 width=42) (actual time=33.493..12795.121 rows=4711 loops=1)
        Join Filter: (mi.info_type_id = it1.id)
        ->  Seq Scan on info_type it1  (cost=0.00..2.41 rows=1 width=4) (actual time=0.007..0.020 rows=1 loops=1)
              Filter: ((info)::text = 'genres'::text)
              Rows Removed by Filter: 112
        ->  Nested Loop  (cost=6390.85..23884.53 rows=247 width=46) (actual time=33.485..12793.362 rows=4711 loops=1)
              Join Filter: (t.id = mi.movie_id)
              ->  Nested Loop  (cost=6390.41..23301.32 rows=347 width=54) (actual time=26.984..1667.396 rows=42332 loops=1)
                    ->  Hash Join  (cost=6389.99..22867.02 rows=974 width=39) (actual time=26.978..1371.041 rows=68466 loops=1)
                          Hash Cond: (mc.company_type_id = ct.id)
                          ->  Nested Loop  (cost=6388.93..22825.41 rows=3896 width=43) (actual time=26.963..1322.504 rows=169157 loops=1)
                                ->  Nested Loop  (cost=6388.50..22350.02 rows=714 width=31) (actual time=26.955..978.319 rows=52304 loops=1)
                                      ->  Nested Loop  (cost=6388.07..19983.71 rows=1710 width=10) (actual time=26.933..292.637 rows=121572 loops=1)
                                            ->  Seq Scan on info_type it2  (cost=0.00..2.41 rows=1 width=4) (actual time=0.011..0.023 rows=1 loops=1)
                                                  Filter: ((info)::text = 'rating'::text)
                                                  Rows Removed by Filter: 112
                                            ->  Bitmap Heap Scan on movie_info_idx mi_idx  (cost=6388.07..19498.21 rows=48309 width=14) (actual time=26.921..269.755 rows=121572 loops=1)
                                                  Recheck Cond: (info_type_id = it2.id)
                                                  Filter: (info > '7.0'::text)
                                                  Rows Removed by Filter: 338353
                                                  Heap Blocks: exact=7934
                                                  ->  Bitmap Index Scan on info_type_id_movie_info_idx  (cost=0.00..6375.99 rows=345009 width=0) (actual time=25.433..25.433 rows=459925 loops=1)
                                                        Index Cond: (info_type_id = it2.id)
                                      ->  Index Scan using title_pkey on title t  (cost=0.43..1.38 rows=1 width=21) (actual time=0.005..0.005 rows=0 loops=121572)
                                            Index Cond: (id = mi_idx.movie_id)
                                            Filter: ((production_year >= 2000) AND (production_year <= 2010))
                                            Rows Removed by Filter: 1
                                ->  Index Scan using movie_id_movie_companies on movie_companies mc  (cost=0.43..0.62 rows=5 width=12) (actual time=0.004..0.005 rows=3 loops=52304)
                                      Index Cond: (movie_id = t.id)
                          ->  Hash  (cost=1.05..1.05 rows=1 width=4) (actual time=0.004..0.004 rows=1 loops=1)
                                Buckets: 1024  Batches: 1  Memory Usage: 9kB
                                ->  Seq Scan on company_type ct  (cost=0.00..1.05 rows=1 width=4) (actual time=0.002..0.003 rows=1 loops=1)
                                      Filter: ((kind)::text = 'production companies'::text)
                                      Rows Removed by Filter: 3
                    ->  Index Scan using company_name_pkey on company_name cn  (cost=0.42..0.45 rows=1 width=23) (actual time=0.004..0.004 rows=1 loops=68466)
                          Index Cond: (id = mc.company_id)
                          Filter: ((country_code)::text = '[us]'::text)
                          Rows Removed by Filter: 0
              ->  Index Scan using movie_id_movie_info on movie_info mi  (cost=0.43..1.67 rows=1 width=8) (actual time=0.262..0.262 rows=0 loops=42332)
                    Index Cond: (movie_id = mc.movie_id)
                    Filter: (info = ANY ('{Drama,Horror,Western,Family}'::text[]))
                    Rows Removed by Filter: 29
Planning time: 5.333 ms
Execution time: 12803.115 ms
