Aggregate  (cost=113741.05..113741.06 rows=1 width=96) (actual time=2990.597..2990.597 rows=1 loops=1)
  ->  Nested Loop  (cost=93431.40..113741.03 rows=2 width=42) (actual time=1134.995..2984.795 rows=4711 loops=1)
        Join Filter: (mi.info_type_id = it1.id)
        ->  Seq Scan on info_type it1  (cost=0.00..2.41 rows=1 width=4) (actual time=0.008..0.020 rows=1 loops=1)
              Filter: ((info)::text = 'genres'::text)
              Rows Removed by Filter: 112
        ->  Nested Loop  (cost=93431.40..113734.88 rows=299 width=46) (actual time=1134.985..2983.272 rows=4711 loops=1)
              Join Filter: (t.id = mi.movie_id)
              ->  Nested Loop  (cost=93430.96..113020.58 rows=425 width=54) (actual time=1133.903..1954.157 rows=42332 loops=1)
                    Join Filter: (mi_idx.movie_id = t.id)
                    ->  Hash Join  (cost=93430.53..112470.58 rows=1030 width=33) (actual time=1133.846..1467.014 rows=91314 loops=1)
                          Hash Cond: (mi_idx.movie_id = mc.movie_id)
                          ->  Nested Loop  (cost=6388.07..19983.71 rows=121572 width=10) (actual time=32.417..274.975 rows=121572 loops=1)
                                ->  Seq Scan on info_type it2  (cost=0.00..2.41 rows=1 width=4) (actual time=0.011..0.021 rows=1 loops=1)
                                      Filter: ((info)::text = 'rating'::text)
                                      Rows Removed by Filter: 112
                                ->  Bitmap Heap Scan on movie_info_idx mi_idx  (cost=6388.07..19498.21 rows=48309 width=14) (actual time=32.403..255.007 rows=121572 loops=1)
                                      Recheck Cond: (info_type_id = it2.id)
                                      Filter: (info > '7.0'::text)
                                      Rows Removed by Filter: 338353
                                      Heap Blocks: exact=7934
                                      ->  Bitmap Index Scan on info_type_id_movie_info_idx  (cost=0.00..6375.99 rows=345009 width=0) (actual time=30.908..30.908 rows=459925 loops=1)
                                            Index Cond: (info_type_id = it2.id)
                          ->  Hash  (cost=83436.83..83436.83 rows=288450 width=23) (actual time=1100.876..1100.876 rows=552328 loops=1)
                                Buckets: 1048576 (originally 524288)  Batches: 1 (originally 1)  Memory Usage: 40120kB
                                ->  Hash Join  (cost=6993.43..83436.83 rows=288450 width=23) (actual time=75.344..923.985 rows=552328 loops=1)
                                      Hash Cond: (mc.company_id = cn.id)
                                      ->  Nested Loop  (cost=0.43..59590.99 rows=1334883 width=8) (actual time=0.051..558.106 rows=1334883 loops=1)
                                            ->  Seq Scan on company_type ct  (cost=0.00..1.05 rows=1 width=4) (actual time=0.008..0.012 rows=1 loops=1)
                                                  Filter: ((kind)::text = 'production companies'::text)
                                                  Rows Removed by Filter: 3
                                            ->  Index Scan using company_type_id_movie_companies on movie_companies mc  (cost=0.43..46544.30 rows=1304564 width=12) (actual time=0.039..350.147 rows=1334883 loops=1)
                                                  Index Cond: (company_type_id = ct.id)
                                      ->  Hash  (cost=5932.46..5932.46 rows=84843 width=23) (actual time=75.153..75.153 rows=84843 loops=1)
                                            Buckets: 131072  Batches: 1  Memory Usage: 5810kB
                                            ->  Seq Scan on company_name cn  (cost=0.00..5932.46 rows=84843 width=23) (actual time=0.014..57.353 rows=84843 loops=1)
                                                  Filter: ((country_code)::text = '[us]'::text)
                                                  Rows Removed by Filter: 150154
                    ->  Index Scan using title_pkey on title t  (cost=0.43..0.52 rows=1 width=21) (actual time=0.005..0.005 rows=0 loops=91314)
                          Index Cond: (id = mc.movie_id)
                          Filter: ((production_year >= 2000) AND (production_year <= 2010))
                          Rows Removed by Filter: 1
              ->  Index Scan using movie_id_movie_info on movie_info mi  (cost=0.43..1.67 rows=1 width=8) (actual time=0.024..0.024 rows=0 loops=42332)
                    Index Cond: (movie_id = mc.movie_id)
                    Filter: (info = ANY ('{Drama,Horror,Western,Family}'::text[]))
                    Rows Removed by Filter: 29
Planning time: 6.040 ms
Execution time: 2993.155 ms
