Aggregate  (cost=135041.91..135041.92 rows=1 width=96) (actual time=7324.541..7324.541 rows=1 loops=1)
  ->  Nested Loop  (cost=68121.32..135039.68 rows=297 width=42) (actual time=710.596..6915.507 rows=670390 loops=1)
        Join Filter: (mi.info_type_id = it2.id)
        Rows Removed by Join Filter: 3646194
        ->  Seq Scan on info_type it2  (cost=0.00..2.41 rows=1 width=4) (actual time=0.010..0.021 rows=1 loops=1)
              Filter: ((info)::text = 'release dates'::text)
              Rows Removed by Filter: 112
        ->  Nested Loop  (cost=68121.32..134617.72 rows=33564 width=46) (actual time=710.547..6518.776 rows=4316584 loops=1)
              ->  Nested Loop  (cost=68120.88..132634.77 rows=1053 width=54) (actual time=710.504..3457.446 rows=87293 loops=1)
                    ->  Hash Join  (cost=68120.46..130462.82 rows=4871 width=39) (actual time=710.453..2295.220 rows=302610 loops=1)
                          Hash Cond: (mc.company_type_id = ct.id)
                          ->  Nested Loop  (cost=68119.40..126730.60 rows=358550 width=43) (actual time=710.433..2120.039 rows=773084 loops=1)
                                ->  Hash Join  (cost=68118.97..86749.46 rows=65699 width=31) (actual time=710.361..1129.401 rows=209880 loops=1)
                                      Hash Cond: (miidx.movie_id = t.id)
                                      ->  Nested Loop  (cost=6462.25..22162.36 rows=459925 width=10) (actual time=33.982..265.689 rows=459925 loops=1)
                                            ->  Seq Scan on info_type it  (cost=0.00..2.41 rows=1 width=4) (actual time=0.011..0.020 rows=1 loops=1)
                                                  Filter: ((info)::text = 'rating'::text)
                                                  Rows Removed by Filter: 112
                                            ->  Bitmap Heap Scan on movie_info_idx miidx  (cost=6462.25..18709.86 rows=345009 width=14) (actual time=33.969..179.785 rows=459925 loops=1)
                                                  Recheck Cond: (info_type_id = it.id)
                                                  Heap Blocks: exact=7934
                                                  ->  Bitmap Index Scan on info_type_id_movie_info_idx  (cost=0.00..6375.99 rows=345009 width=0) (actual time=32.480..32.480 rows=459925 loops=1)
                                                        Index Cond: (info_type_id = it.id)
                                      ->  Hash  (cost=53371.41..53371.41 rows=662825 width=21) (actual time=544.096..544.096 rows=662825 loops=1)
                                            Buckets: 1048576  Batches: 1  Memory Usage: 44421kB
                                            ->  Nested Loop  (cost=7890.42..53371.41 rows=662825 width=21) (actual time=48.553..347.368 rows=662825 loops=1)
                                                  ->  Seq Scan on kind_type kt  (cost=0.00..1.09 rows=1 width=4) (actual time=0.011..0.024 rows=1 loops=1)
                                                        Filter: ((kind)::text = 'movie'::text)
                                                        Rows Removed by Filter: 6
                                                  ->  Bitmap Heap Scan on title t  (cost=7890.42..49156.14 rows=421418 width=25) (actual time=48.537..240.938 rows=662825 loops=1)
                                                        Recheck Cond: (kind_id = kt.id)
                                                        Heap Blocks: exact=12863
                                                        ->  Bitmap Index Scan on kind_id_title  (cost=0.00..7785.07 rows=421418 width=0) (actual time=46.156..46.156 rows=662825 loops=1)
                                                              Index Cond: (kind_id = kt.id)
                                ->  Index Scan using movie_id_movie_companies on movie_companies mc  (cost=0.43..0.56 rows=5 width=12) (actual time=0.002..0.004 rows=4 loops=209880)
                                      Index Cond: (movie_id = t.id)
                          ->  Hash  (cost=1.05..1.05 rows=1 width=4) (actual time=0.005..0.005 rows=1 loops=1)
                                Buckets: 1024  Batches: 1  Memory Usage: 9kB
                                ->  Seq Scan on company_type ct  (cost=0.00..1.05 rows=1 width=4) (actual time=0.002..0.003 rows=1 loops=1)
                                      Filter: ((kind)::text = 'production companies'::text)
                                      Rows Removed by Filter: 3
                    ->  Index Scan using company_name_pkey on company_name cn  (cost=0.42..0.45 rows=1 width=23) (actual time=0.003..0.003 rows=0 loops=302610)
                          Index Cond: (id = mc.company_id)
                          Filter: ((country_code)::text = '[us]'::text)
                          Rows Removed by Filter: 1
              ->  Index Scan using movie_id_movie_info on movie_info mi  (cost=0.43..1.47 rows=41 width=8) (actual time=0.005..0.026 rows=49 loops=87293)
                    Index Cond: (movie_id = t.id)
Planning time: 7.805 ms
Execution time: 7324.805 ms
